Time	Cycle	PC	Insn	Decoded instruction	Register and memory contents
             20	         6	00100080	5350006f	jal	x0,100db4	  x0=0x00000000
             22	         7	00100db4	00000093	addi	x1,x0,0	  x0:0x00000000  x1=0x00000000
             24	         8	00100db8	00008113	addi	x2,x1,0	  x1:0x00000000  x2=0x00000000
             26	         9	00100dbc	00008193	addi	x3,x1,0	  x1:0x00000000  x3=0x00000000
             28	        10	00100dc0	00008213	addi	x4,x1,0	  x1:0x00000000  x4=0x00000000
             30	        11	00100dc4	00008293	addi	x5,x1,0	  x1:0x00000000  x5=0x00000000
             32	        12	00100dc8	00008313	addi	x6,x1,0	  x1:0x00000000  x6=0x00000000
             34	        13	00100dcc	00008393	addi	x7,x1,0	  x1:0x00000000  x7=0x00000000
             36	        14	00100dd0	00008413	addi	x8,x1,0	  x1:0x00000000  x8=0x00000000
             38	        15	00100dd4	00008493	addi	x9,x1,0	  x1:0x00000000  x9=0x00000000
             40	        16	00100dd8	00008513	addi	x10,x1,0	  x1:0x00000000 x10=0x00000000
             42	        17	00100ddc	00008593	addi	x11,x1,0	  x1:0x00000000 x11=0x00000000
             44	        18	00100de0	00008613	addi	x12,x1,0	  x1:0x00000000 x12=0x00000000
             46	        19	00100de4	00008693	addi	x13,x1,0	  x1:0x00000000 x13=0x00000000
             48	        20	00100de8	00008713	addi	x14,x1,0	  x1:0x00000000 x14=0x00000000
             50	        21	00100dec	00008793	addi	x15,x1,0	  x1:0x00000000 x15=0x00000000
             52	        22	00100df0	00008813	addi	x16,x1,0	  x1:0x00000000 x16=0x00000000
             54	        23	00100df4	00008893	addi	x17,x1,0	  x1:0x00000000 x17=0x00000000
             56	        24	00100df8	00008913	addi	x18,x1,0	  x1:0x00000000 x18=0x00000000
             58	        25	00100dfc	00008993	addi	x19,x1,0	  x1:0x00000000 x19=0x00000000
             60	        26	00100e00	00008a13	addi	x20,x1,0	  x1:0x00000000 x20=0x00000000
             62	        27	00100e04	00008a93	addi	x21,x1,0	  x1:0x00000000 x21=0x00000000
             64	        28	00100e08	00008b13	addi	x22,x1,0	  x1:0x00000000 x22=0x00000000
             66	        29	00100e0c	00008b93	addi	x23,x1,0	  x1:0x00000000 x23=0x00000000
             68	        30	00100e10	00008c13	addi	x24,x1,0	  x1:0x00000000 x24=0x00000000
             70	        31	00100e14	00008c93	addi	x25,x1,0	  x1:0x00000000 x25=0x00000000
             72	        32	00100e18	00008d13	addi	x26,x1,0	  x1:0x00000000 x26=0x00000000
             74	        33	00100e1c	00008d93	addi	x27,x1,0	  x1:0x00000000 x27=0x00000000
             76	        34	00100e20	00008e13	addi	x28,x1,0	  x1:0x00000000 x28=0x00000000
             78	        35	00100e24	00008e93	addi	x29,x1,0	  x1:0x00000000 x29=0x00000000
             80	        36	00100e28	00008f13	addi	x30,x1,0	  x1:0x00000000 x30=0x00000000
             82	        37	00100e2c	00008f93	addi	x31,x1,0	  x1:0x00000000 x31=0x00000000
             84	        38	00100e30	00037117	auipc	x2,0x37	  x2=0x00137e30
             86	        39	00100e34	1d010113	addi	x2,x2,464	  x2:0x00137e30  x2=0x00138000
             88	        40	00100e38	00000d17	auipc	x26,0x0	 x26=0x00100e38
             90	        41	00100e3c	288d0d13	addi	x26,x26,648	 x26:0x00100e38 x26=0x001010c0
             92	        42	00100e40	00000d97	auipc	x27,0x0	 x27=0x00100e40
             94	        43	00100e44	2ccd8d93	addi	x27,x27,716	 x27:0x00100e40 x27=0x0010110c
             96	        44	00100e48	01bd5863	bge	x26,x27,100e58	 x26:0x001010c0 x27:0x0010110c
            100	        46	00100e4c	000d2023	sw	x0,0(x26)	 x26:0x001010c0  x0:0x00000000 PA:0x001010c0 store:0x00000000 load:0x00000000
            102	        47	00100e50	004d0d13	addi	x26,x26,4	 x26:0x001010c0 x26=0x001010c4
            106	        49	00100e54	ffaddce3	bge	x27,x26,100e4c	 x27:0x0010110c x26:0x001010c4
            112	        52	00100e4c	000d2023	sw	x0,0(x26)	 x26:0x001010c4  x0:0x00000000 PA:0x001010c4 store:0x00000000 load:0x00000000
            114	        53	00100e50	004d0d13	addi	x26,x26,4	 x26:0x001010c4 x26=0x001010c8
            118	        55	00100e54	ffaddce3	bge	x27,x26,100e4c	 x27:0x0010110c x26:0x001010c8
            124	        58	00100e4c	000d2023	sw	x0,0(x26)	 x26:0x001010c8  x0:0x00000000 PA:0x001010c8 store:0x00000000 load:0x00000000
            126	        59	00100e50	004d0d13	addi	x26,x26,4	 x26:0x001010c8 x26=0x001010cc
            130	        61	00100e54	ffaddce3	bge	x27,x26,100e4c	 x27:0x0010110c x26:0x001010cc
            136	        64	00100e4c	000d2023	sw	x0,0(x26)	 x26:0x001010cc  x0:0x00000000 PA:0x001010cc store:0x00000000 load:0x00000000
            138	        65	00100e50	004d0d13	addi	x26,x26,4	 x26:0x001010cc x26=0x001010d0
            142	        67	00100e54	ffaddce3	bge	x27,x26,100e4c	 x27:0x0010110c x26:0x001010d0
            148	        70	00100e4c	000d2023	sw	x0,0(x26)	 x26:0x001010d0  x0:0x00000000 PA:0x001010d0 store:0x00000000 load:0x00000000
            150	        71	00100e50	004d0d13	addi	x26,x26,4	 x26:0x001010d0 x26=0x001010d4
            154	        73	00100e54	ffaddce3	bge	x27,x26,100e4c	 x27:0x0010110c x26:0x001010d4
            160	        76	00100e4c	000d2023	sw	x0,0(x26)	 x26:0x001010d4  x0:0x00000000 PA:0x001010d4 store:0x00000000 load:0x00000000
            162	        77	00100e50	004d0d13	addi	x26,x26,4	 x26:0x001010d4 x26=0x001010d8
            166	        79	00100e54	ffaddce3	bge	x27,x26,100e4c	 x27:0x0010110c x26:0x001010d8
            172	        82	00100e4c	000d2023	sw	x0,0(x26)	 x26:0x001010d8  x0:0x00000000 PA:0x001010d8 store:0x00000000 load:0x00000000
            174	        83	00100e50	004d0d13	addi	x26,x26,4	 x26:0x001010d8 x26=0x001010dc
            178	        85	00100e54	ffaddce3	bge	x27,x26,100e4c	 x27:0x0010110c x26:0x001010dc
            184	        88	00100e4c	000d2023	sw	x0,0(x26)	 x26:0x001010dc  x0:0x00000000 PA:0x001010dc store:0x00000000 load:0x00000000
            186	        89	00100e50	004d0d13	addi	x26,x26,4	 x26:0x001010dc x26=0x001010e0
            190	        91	00100e54	ffaddce3	bge	x27,x26,100e4c	 x27:0x0010110c x26:0x001010e0
            196	        94	00100e4c	000d2023	sw	x0,0(x26)	 x26:0x001010e0  x0:0x00000000 PA:0x001010e0 store:0x00000000 load:0x00000000
            198	        95	00100e50	004d0d13	addi	x26,x26,4	 x26:0x001010e0 x26=0x001010e4
            202	        97	00100e54	ffaddce3	bge	x27,x26,100e4c	 x27:0x0010110c x26:0x001010e4
            208	       100	00100e4c	000d2023	sw	x0,0(x26)	 x26:0x001010e4  x0:0x00000000 PA:0x001010e4 store:0x00000000 load:0x00000000
            210	       101	00100e50	004d0d13	addi	x26,x26,4	 x26:0x001010e4 x26=0x001010e8
            214	       103	00100e54	ffaddce3	bge	x27,x26,100e4c	 x27:0x0010110c x26:0x001010e8
            220	       106	00100e4c	000d2023	sw	x0,0(x26)	 x26:0x001010e8  x0:0x00000000 PA:0x001010e8 store:0x00000000 load:0x00000000
            222	       107	00100e50	004d0d13	addi	x26,x26,4	 x26:0x001010e8 x26=0x001010ec
            226	       109	00100e54	ffaddce3	bge	x27,x26,100e4c	 x27:0x0010110c x26:0x001010ec
            232	       112	00100e4c	000d2023	sw	x0,0(x26)	 x26:0x001010ec  x0:0x00000000 PA:0x001010ec store:0x00000000 load:0x00000000
            234	       113	00100e50	004d0d13	addi	x26,x26,4	 x26:0x001010ec x26=0x001010f0
            238	       115	00100e54	ffaddce3	bge	x27,x26,100e4c	 x27:0x0010110c x26:0x001010f0
            244	       118	00100e4c	000d2023	sw	x0,0(x26)	 x26:0x001010f0  x0:0x00000000 PA:0x001010f0 store:0x00000000 load:0x00000000
            246	       119	00100e50	004d0d13	addi	x26,x26,4	 x26:0x001010f0 x26=0x001010f4
            250	       121	00100e54	ffaddce3	bge	x27,x26,100e4c	 x27:0x0010110c x26:0x001010f4
            256	       124	00100e4c	000d2023	sw	x0,0(x26)	 x26:0x001010f4  x0:0x00000000 PA:0x001010f4 store:0x00000000 load:0x00000000
            258	       125	00100e50	004d0d13	addi	x26,x26,4	 x26:0x001010f4 x26=0x001010f8
            262	       127	00100e54	ffaddce3	bge	x27,x26,100e4c	 x27:0x0010110c x26:0x001010f8
            268	       130	00100e4c	000d2023	sw	x0,0(x26)	 x26:0x001010f8  x0:0x00000000 PA:0x001010f8 store:0x00000000 load:0x00000000
            270	       131	00100e50	004d0d13	addi	x26,x26,4	 x26:0x001010f8 x26=0x001010fc
            274	       133	00100e54	ffaddce3	bge	x27,x26,100e4c	 x27:0x0010110c x26:0x001010fc
            280	       136	00100e4c	000d2023	sw	x0,0(x26)	 x26:0x001010fc  x0:0x00000000 PA:0x001010fc store:0x00000000 load:0x00000000
            282	       137	00100e50	004d0d13	addi	x26,x26,4	 x26:0x001010fc x26=0x00101100
            286	       139	00100e54	ffaddce3	bge	x27,x26,100e4c	 x27:0x0010110c x26:0x00101100
            292	       142	00100e4c	000d2023	sw	x0,0(x26)	 x26:0x00101100  x0:0x00000000 PA:0x00101100 store:0x00000000 load:0x00000000
            294	       143	00100e50	004d0d13	addi	x26,x26,4	 x26:0x00101100 x26=0x00101104
            298	       145	00100e54	ffaddce3	bge	x27,x26,100e4c	 x27:0x0010110c x26:0x00101104
            304	       148	00100e4c	000d2023	sw	x0,0(x26)	 x26:0x00101104  x0:0x00000000 PA:0x00101104 store:0x00000000 load:0x00000000
            306	       149	00100e50	004d0d13	addi	x26,x26,4	 x26:0x00101104 x26=0x00101108
            310	       151	00100e54	ffaddce3	bge	x27,x26,100e4c	 x27:0x0010110c x26:0x00101108
            316	       154	00100e4c	000d2023	sw	x0,0(x26)	 x26:0x00101108  x0:0x00000000 PA:0x00101108 store:0x00000000 load:0x00000000
            318	       155	00100e50	004d0d13	addi	x26,x26,4	 x26:0x00101108 x26=0x0010110c
            322	       157	00100e54	ffaddce3	bge	x27,x26,100e4c	 x27:0x0010110c x26:0x0010110c
            328	       160	00100e4c	000d2023	sw	x0,0(x26)	 x26:0x0010110c  x0:0x00000000 PA:0x0010110c store:0x00000000 load:0x00000000
            330	       161	00100e50	004d0d13	addi	x26,x26,4	 x26:0x0010110c x26=0x00101110
            332	       162	00100e54	ffaddce3	bge	x27,x26,100e4c	 x27:0x0010110c x26:0x00101110
            334	       163	00100e58	00000513	addi	x10,x0,0	  x0:0x00000000 x10=0x00000000
            336	       164	00100e5c	00000593	addi	x11,x0,0	  x0:0x00000000 x11=0x00000000
            340	       166	00100e60	020000ef	jal	x1,100e80	  x1=0x00100e64
            342	       167	00100e80	fe010113	addi	x2,x2,-32	  x2:0x00138000  x2=0x00137fe0
            344	       168	00100e84	00000513	addi	x10,x0,0	  x0:0x00000000 x10=0x00000000
            348	       170	00100e88	00112e23	sw	x1,28(x2)	  x2:0x00137fe0  x1:0x00100e64 PA:0x00137ffc store:0x00100e64 load:0x00000000
            352	       172	00100e8c	d54ff0ef	jal	x1,1003e0	  x1=0x00100e90
            354	       173	001003e0	00153513	sltiu	x10,x10,1	 x10:0x00000000 x10=0x00000001
            356	       174	001003e4	40a002b3	sub	x5,x0,x10	  x0:0x00000000 x10:0x00000001  x5=0xffffffff
            358	       175	001003e8	32029073	csrrw	x0,mcountinhibit,x5	  x5:0xffffffff  x0=0x00000000
            362	       177	001003ec	00008067	jalr	x0,0(x1)	  x1:0x00100e90  x0=0x00000000
            366	       179	00100e90	c50ff0ef	jal	x1,1002e0	  x1=0x00100e94
            368	       180	001002e0	b0201073	csrrw	x0,minstret,x0	  x0:0x00000000  x0=0x00000000
            370	       181	001002e4	b0001073	csrrw	x0,mcycle,x0	  x0:0x00000000  x0=0x00000000
            372	       182	001002e8	b0301073	csrrw	x0,mhpmcounter3,x0	  x0:0x00000000  x0=0x00000000
            374	       183	001002ec	b0401073	csrrw	x0,mhpmcounter4,x0	  x0:0x00000000  x0=0x00000000
            376	       184	001002f0	b0501073	csrrw	x0,mhpmcounter5,x0	  x0:0x00000000  x0=0x00000000
            378	       185	001002f4	b0601073	csrrw	x0,mhpmcounter6,x0	  x0:0x00000000  x0=0x00000000
            380	       186	001002f8	b0701073	csrrw	x0,mhpmcounter7,x0	  x0:0x00000000  x0=0x00000000
            382	       187	001002fc	b0801073	csrrw	x0,mhpmcounter8,x0	  x0:0x00000000  x0=0x00000000
            384	       188	00100300	b0901073	csrrw	x0,mhpmcounter9,x0	  x0:0x00000000  x0=0x00000000
            386	       189	00100304	b0a01073	csrrw	x0,mhpmcounter10,x0	  x0:0x00000000  x0=0x00000000
            388	       190	00100308	b0b01073	csrrw	x0,mhpmcounter11,x0	  x0:0x00000000  x0=0x00000000
            390	       191	0010030c	b0c01073	csrrw	x0,mhpmcounter12,x0	  x0:0x00000000  x0=0x00000000
            392	       192	00100310	b0d01073	csrrw	x0,mhpmcounter13,x0	  x0:0x00000000  x0=0x00000000
            394	       193	00100314	b0e01073	csrrw	x0,mhpmcounter14,x0	  x0:0x00000000  x0=0x00000000
            396	       194	00100318	b0f01073	csrrw	x0,mhpmcounter15,x0	  x0:0x00000000  x0=0x00000000
            398	       195	0010031c	b1001073	csrrw	x0,mhpmcounter16,x0	  x0:0x00000000  x0=0x00000000
            400	       196	00100320	b1101073	csrrw	x0,mhpmcounter17,x0	  x0:0x00000000  x0=0x00000000
            402	       197	00100324	b1201073	csrrw	x0,mhpmcounter18,x0	  x0:0x00000000  x0=0x00000000
            404	       198	00100328	b1301073	csrrw	x0,mhpmcounter19,x0	  x0:0x00000000  x0=0x00000000
            406	       199	0010032c	b1401073	csrrw	x0,mhpmcounter20,x0	  x0:0x00000000  x0=0x00000000
            408	       200	00100330	b1501073	csrrw	x0,mhpmcounter21,x0	  x0:0x00000000  x0=0x00000000
            410	       201	00100334	b1601073	csrrw	x0,mhpmcounter22,x0	  x0:0x00000000  x0=0x00000000
            412	       202	00100338	b1701073	csrrw	x0,mhpmcounter23,x0	  x0:0x00000000  x0=0x00000000
            414	       203	0010033c	b1801073	csrrw	x0,mhpmcounter24,x0	  x0:0x00000000  x0=0x00000000
            416	       204	00100340	b1901073	csrrw	x0,mhpmcounter25,x0	  x0:0x00000000  x0=0x00000000
            418	       205	00100344	b1a01073	csrrw	x0,mhpmcounter26,x0	  x0:0x00000000  x0=0x00000000
            420	       206	00100348	b1b01073	csrrw	x0,mhpmcounter27,x0	  x0:0x00000000  x0=0x00000000
            422	       207	0010034c	b1c01073	csrrw	x0,mhpmcounter28,x0	  x0:0x00000000  x0=0x00000000
            424	       208	00100350	b1d01073	csrrw	x0,mhpmcounter29,x0	  x0:0x00000000  x0=0x00000000
            426	       209	00100354	b1e01073	csrrw	x0,mhpmcounter30,x0	  x0:0x00000000  x0=0x00000000
            428	       210	00100358	b1f01073	csrrw	x0,mhpmcounter31,x0	  x0:0x00000000  x0=0x00000000
            430	       211	0010035c	b8201073	csrrw	x0,minstreth,x0	  x0:0x00000000  x0=0x00000000
            432	       212	00100360	b8001073	csrrw	x0,mcycleh,x0	  x0:0x00000000  x0=0x00000000
            434	       213	00100364	b8301073	csrrw	x0,mhpmcounter3h,x0	  x0:0x00000000  x0=0x00000000
            436	       214	00100368	b8401073	csrrw	x0,mhpmcounter4h,x0	  x0:0x00000000  x0=0x00000000
            438	       215	0010036c	b8501073	csrrw	x0,mhpmcounter5h,x0	  x0:0x00000000  x0=0x00000000
            440	       216	00100370	b8601073	csrrw	x0,mhpmcounter6h,x0	  x0:0x00000000  x0=0x00000000
            442	       217	00100374	b8701073	csrrw	x0,mhpmcounter7h,x0	  x0:0x00000000  x0=0x00000000
            444	       218	00100378	b8801073	csrrw	x0,mhpmcounter8h,x0	  x0:0x00000000  x0=0x00000000
            446	       219	0010037c	b8901073	csrrw	x0,mhpmcounter9h,x0	  x0:0x00000000  x0=0x00000000
            448	       220	00100380	b8a01073	csrrw	x0,mhpmcounter10h,x0	  x0:0x00000000  x0=0x00000000
            450	       221	00100384	b8b01073	csrrw	x0,mhpmcounter11h,x0	  x0:0x00000000  x0=0x00000000
            452	       222	00100388	b8c01073	csrrw	x0,mhpmcounter12h,x0	  x0:0x00000000  x0=0x00000000
            454	       223	0010038c	b8d01073	csrrw	x0,mhpmcounter13h,x0	  x0:0x00000000  x0=0x00000000
            456	       224	00100390	b8e01073	csrrw	x0,mhpmcounter14h,x0	  x0:0x00000000  x0=0x00000000
            458	       225	00100394	b8f01073	csrrw	x0,mhpmcounter15h,x0	  x0:0x00000000  x0=0x00000000
            460	       226	00100398	b9001073	csrrw	x0,mhpmcounter16h,x0	  x0:0x00000000  x0=0x00000000
            462	       227	0010039c	b9101073	csrrw	x0,mhpmcounter17h,x0	  x0:0x00000000  x0=0x00000000
            464	       228	001003a0	b9201073	csrrw	x0,mhpmcounter18h,x0	  x0:0x00000000  x0=0x00000000
            466	       229	001003a4	b9301073	csrrw	x0,mhpmcounter19h,x0	  x0:0x00000000  x0=0x00000000
            468	       230	001003a8	b9401073	csrrw	x0,mhpmcounter20h,x0	  x0:0x00000000  x0=0x00000000
            470	       231	001003ac	b9501073	csrrw	x0,mhpmcounter21h,x0	  x0:0x00000000  x0=0x00000000
            472	       232	001003b0	b9601073	csrrw	x0,mhpmcounter22h,x0	  x0:0x00000000  x0=0x00000000
            474	       233	001003b4	b9701073	csrrw	x0,mhpmcounter23h,x0	  x0:0x00000000  x0=0x00000000
            476	       234	001003b8	b9801073	csrrw	x0,mhpmcounter24h,x0	  x0:0x00000000  x0=0x00000000
            478	       235	001003bc	b9901073	csrrw	x0,mhpmcounter25h,x0	  x0:0x00000000  x0=0x00000000
            480	       236	001003c0	b9a01073	csrrw	x0,mhpmcounter26h,x0	  x0:0x00000000  x0=0x00000000
            482	       237	001003c4	b9b01073	csrrw	x0,mhpmcounter27h,x0	  x0:0x00000000  x0=0x00000000
            484	       238	001003c8	b9c01073	csrrw	x0,mhpmcounter28h,x0	  x0:0x00000000  x0=0x00000000
            486	       239	001003cc	b9d01073	csrrw	x0,mhpmcounter29h,x0	  x0:0x00000000  x0=0x00000000
            488	       240	001003d0	b9e01073	csrrw	x0,mhpmcounter30h,x0	  x0:0x00000000  x0=0x00000000
            490	       241	001003d4	b9f01073	csrrw	x0,mhpmcounter31h,x0	  x0:0x00000000  x0=0x00000000
            494	       243	001003d8	00008067	jalr	x0,0(x1)	  x1:0x00100e94  x0=0x00000000
            496	       244	00100e94	00100513	addi	x10,x0,1	  x0:0x00000000 x10=0x00000001
            500	       246	00100e98	d48ff0ef	jal	x1,1003e0	  x1=0x00100e9c
            502	       247	001003e0	00153513	sltiu	x10,x10,1	 x10:0x00000001 x10=0x00000000
            504	       248	001003e4	40a002b3	sub	x5,x0,x10	  x0:0x00000000 x10:0x00000000  x5=0x00000000
            506	       249	001003e8	32029073	csrrw	x0,mcountinhibit,x5	  x5:0x00000000  x0=0x00000000
            510	       251	001003ec	00008067	jalr	x0,0(x1)	  x1:0x00100e9c  x0=0x00000000
            518	       255	00100e9c	001017b7	lui	x15,0x101	 x15=0x00101000
            520	       256	00100ea0	03c7a787	flw	f15,60(x15)	 f15:0x00101000 f15=0x00000000 PA:0x0010103c store:0x00000000
            522	       257	00100ea4	001016b7	lui	x13,0x101	 x13=0x00101000
            524	       258	00100ea8	0406a007	flw	f0,64(x13)	 f13:0x00101000  f0=0x00000000 PA:0x00101040 store:0x00000000
            526	       259	00100eac	00101537	lui	x10,0x101	 x10=0x00101000
            528	       260	00100eb0	04452707	flw	f14,68(x10)	 f10:0x00101000 f14=0x00000000 PA:0x00101044 store:0x00000000
            534	       263	00100eb4	00101737	lui	x14,0x101	 x14=0x00101000
            536	       264	00100eb8	001015b7	lui	x11,0x101	 x11=0x00101000
            538	       265	00100ebc	0ef72427	fsw	f15,232(x14)	 f14:0x00101000 f15:0x00101000 PA:0x001010e8 store:0x42f67c6a load:0x413fd220
            540	       266	00100ec0	0485a107	flw	f2,72(x11)	 f11:0x00101000  f2=0x00000000 PA:0x00101048 store:0x00000000
            548	       270	00100ec4	001012b7	lui	x5,0x101	  x5=0x00101000
            550	       271	00100ec8	00101637	lui	x12,0x101	 x12=0x00101000
            552	       272	00100ecc	0e02a227	fsw	f0,228(x5)	  f5:0x00101000  f0:0x00000000 PA:0x001010e4 store:0x43edefdf load:0x3e45729b
            554	       273	00100ed0	00101337	lui	x6,0x101	  x6=0x00101000
            556	       274	00100ed4	04c62187	flw	f3,76(x12)	 f12:0x00101000  f3=0x00000000 PA:0x0010104c store:0x00000000
            558	       275	00100ed8	0e872087	flw	f1,232(x14)	 f14:0x00101000  f1=0x00000000 PA:0x001010e8 store:0x00000000
            560	       276	00100edc	001013b7	lui	x7,0x101	  x7=0x00101000
            562	       277	00100ee0	0e42a587	flw	f11,228(x5)	  f5:0x00101000 f11=0x00000000 PA:0x001010e4 store:0x00000000
            564	       278	00100ee4	0ce32e27	fsw	f14,220(x6)	  f6:0x00101000 f14:0x00101000 PA:0x001010dc store:0x413fd220 load:0x43edefdf
            570	       281	00100ee8	0c23ac27	fsw	f2,216(x7)	  f7:0x00101000  f2:0x00137fe0 PA:0x001010d8 store:0x3e45729b load:0x43edefdf
            574	       283	00100eec	00101837	lui	x16,0x101	 x16=0x00101000
            576	       284	00100ef0	0c382a27	fsw	f3,212(x16)	 f16:0x00101000  f3:0x00000000 PA:0x001010d4 store:0xc161c71c load:0x43edefdf
            578	       285	00100ef4	0dc32207	flw	f4,220(x6)	  f6:0x00101000  f4=0x00000000 PA:0x001010dc store:0x00000000
            584	       288	00100ef8	0d83a607	flw	f12,216(x7)	  f7:0x00101000 f12=0x00000000 PA:0x001010d8 store:0x00000000
            590	       291	00100efc	0d482687	flw	f13,212(x16)	 f16:0x00101000 f13=0x00000000 PA:0x001010d4 store:0x00000000
            594	       293	00100f00	08b0f2c3	fmadd.s	f5,f1,f11,f1	  f1:0x00100e9c f11:0x00101000  f1:0x00100e9c  f5=0x00000000
            598	       295	00100f04	001018b7	lui	x17,0x101	 x17=0x00101000
            600	       296	00100f08	68c27343	fmadd.s	f6,f4,f12,f13	  f4:0x00000000 f12:0x00101000 f13:0x00000000  f6=0x00000000
            602	       297	00100f0c	00101e37	lui	x28,0x101	 x28=0x00101000
            604	       298	00100f10	00101eb7	lui	x29,0x101	 x29=0x00101000
            606	       299	00100f14	09488513	addi	x10,x17,148	 x17:0x00101000 x10=0x00101094
            608	       300	00100f18	0e5e2027	fsw	f5,224(x28)	 f28:0x00101000  f5:0x00101000 PA:0x001010e0 store:0x47659361 load:0xc161c71c
            610	       301	00100f1c	0c6ea827	fsw	f6,208(x29)	 f29:0x00101000  f6:0x00101000 PA:0x001010d0 store:0xc13cca77 load:0xc161c71c
            612	       302	00100f20	980ff0ef	jal	x1,1000a0	  x1=0x00100f24
            614	       303	001000a0	00054803	lbu	x16,0(x10)	 x10:0x00101094 x16=0x00000048 PA:0x00101094 store:0x00000000
            616	       304	001000a4	06080663	beq	x16,x0,100110	 x16:0x00000048  x0:0x00000000
            618	       305	001000a8	000207b7	lui	x15,0x20	 x15=0x00020000
            620	       306	001000ac	0107a023	sw	x16,0(x15)	 x15:0x00020000 x16:0x00000048 PA:0x00020000 store:0x00000048 load:0x00000000
            622	       307	001000b0	00154703	lbu	x14,1(x10)	 x10:0x00101094 x14=0x00000065 PA:0x00101095 store:0x00100f24
            624	       308	001000b4	04070e63	beq	x14,x0,100110	 x14:0x00000065  x0:0x00000000
            628	       310	001000b8	00e7a023	sw	x14,0(x15)	 x15:0x00020000 x14:0x00000065 PA:0x00020000 store:0x00000065 load:0x00000000
            632	       312	001000bc	00254283	lbu	x5,2(x10)	 x10:0x00101094  x5=0x0000006c PA:0x00101096 store:0x00137fe0
            634	       313	001000c0	04028863	beq	x5,x0,100110	  x5:0x0000006c  x0:0x00000000
            638	       315	001000c4	0057a023	sw	x5,0(x15)	 x15:0x00020000  x5:0x0000006c PA:0x00020000 store:0x0000006c load:0x00000000
            642	       317	001000c8	00354303	lbu	x6,3(x10)	 x10:0x00101094  x6=0x0000006c PA:0x00101097 store:0x00000000
            644	       318	001000cc	04030263	beq	x6,x0,100110	  x6:0x0000006c  x0:0x00000000
            648	       320	001000d0	0067a023	sw	x6,0(x15)	 x15:0x00020000  x6:0x0000006c PA:0x00020000 store:0x0000006c load:0x00000000
            652	       322	001000d4	00454383	lbu	x7,4(x10)	 x10:0x00101094  x7=0x0000006f PA:0x00101098 store:0x00000000
            654	       323	001000d8	02038c63	beq	x7,x0,100110	  x7:0x0000006f  x0:0x00000000
            658	       325	001000dc	0077a023	sw	x7,0(x15)	 x15:0x00020000  x7:0x0000006f PA:0x00020000 store:0x0000006f load:0x00000000
            662	       327	001000e0	00554583	lbu	x11,5(x10)	 x10:0x00101094 x11=0x00000020 PA:0x00101099 store:0x0000006c
            664	       328	001000e4	02058663	beq	x11,x0,100110	 x11:0x00000020  x0:0x00000000
            668	       330	001000e8	00b7a023	sw	x11,0(x15)	 x15:0x00020000 x11:0x00000020 PA:0x00020000 store:0x00000020 load:0x00000000
            672	       332	001000ec	00654603	lbu	x12,6(x10)	 x10:0x00101094 x12=0x00000073 PA:0x0010109a store:0x0000006c
            674	       333	001000f0	02060063	beq	x12,x0,100110	 x12:0x00000073  x0:0x00000000
            678	       335	001000f4	00c7a023	sw	x12,0(x15)	 x15:0x00020000 x12:0x00000073 PA:0x00020000 store:0x00000073 load:0x00000000
            682	       337	001000f8	00754683	lbu	x13,7(x10)	 x10:0x00101094 x13=0x00000069 PA:0x0010109b store:0x0000006f
            684	       338	001000fc	00850513	addi	x10,x10,8	 x10:0x00101094 x10=0x0010109c
            686	       339	00100100	00068863	beq	x13,x0,100110	 x13:0x00000069  x0:0x00000000
            690	       341	00100104	00d7a023	sw	x13,0(x15)	 x15:0x00020000 x13:0x00000069 PA:0x00020000 store:0x00000069 load:0x00000000
            694	       343	00100108	00054803	lbu	x16,0(x10)	 x10:0x0010109c x16=0x0000006d PA:0x0010109c store:0x00000000
            698	       345	0010010c	fa0810e3	bne	x16,x0,1000ac	 x16:0x0000006d  x0:0x00000000
            704	       348	001000ac	0107a023	sw	x16,0(x15)	 x15:0x00020000 x16:0x0000006d PA:0x00020000 store:0x0000006d load:0x00000000
            708	       350	001000b0	00154703	lbu	x14,1(x10)	 x10:0x0010109c x14=0x00000070 PA:0x0010109d store:0x00100f24
            710	       351	001000b4	04070e63	beq	x14,x0,100110	 x14:0x00000070  x0:0x00000000
            714	       353	001000b8	00e7a023	sw	x14,0(x15)	 x15:0x00020000 x14:0x00000070 PA:0x00020000 store:0x00000070 load:0x00000000
            718	       355	001000bc	00254283	lbu	x5,2(x10)	 x10:0x0010109c  x5=0x0000006c PA:0x0010109e store:0x00137fe0
            720	       356	001000c0	04028863	beq	x5,x0,100110	  x5:0x0000006c  x0:0x00000000
            724	       358	001000c4	0057a023	sw	x5,0(x15)	 x15:0x00020000  x5:0x0000006c PA:0x00020000 store:0x0000006c load:0x00000000
            728	       360	001000c8	00354303	lbu	x6,3(x10)	 x10:0x0010109c  x6=0x00000065 PA:0x0010109f store:0x00000000
            730	       361	001000cc	04030263	beq	x6,x0,100110	  x6:0x00000065  x0:0x00000000
            734	       363	001000d0	0067a023	sw	x6,0(x15)	 x15:0x00020000  x6:0x00000065 PA:0x00020000 store:0x00000065 load:0x00000000
            738	       365	001000d4	00454383	lbu	x7,4(x10)	 x10:0x0010109c  x7=0x00000020 PA:0x001010a0 store:0x00000000
            740	       366	001000d8	02038c63	beq	x7,x0,100110	  x7:0x00000020  x0:0x00000000
            744	       368	001000dc	0077a023	sw	x7,0(x15)	 x15:0x00020000  x7:0x00000020 PA:0x00020000 store:0x00000020 load:0x00000000
            748	       370	001000e0	00554583	lbu	x11,5(x10)	 x10:0x0010109c x11=0x00000073 PA:0x001010a1 store:0x0000006c
            750	       371	001000e4	02058663	beq	x11,x0,100110	 x11:0x00000073  x0:0x00000000
            754	       373	001000e8	00b7a023	sw	x11,0(x15)	 x15:0x00020000 x11:0x00000073 PA:0x00020000 store:0x00000073 load:0x00000000
            758	       375	001000ec	00654603	lbu	x12,6(x10)	 x10:0x0010109c x12=0x00000079 PA:0x001010a2 store:0x00000065
            760	       376	001000f0	02060063	beq	x12,x0,100110	 x12:0x00000079  x0:0x00000000
            764	       378	001000f4	00c7a023	sw	x12,0(x15)	 x15:0x00020000 x12:0x00000079 PA:0x00020000 store:0x00000079 load:0x00000000
            768	       380	001000f8	00754683	lbu	x13,7(x10)	 x10:0x0010109c x13=0x00000073 PA:0x001010a3 store:0x00000020
            770	       381	001000fc	00850513	addi	x10,x10,8	 x10:0x0010109c x10=0x001010a4
            772	       382	00100100	00068863	beq	x13,x0,100110	 x13:0x00000073  x0:0x00000000
            776	       384	00100104	00d7a023	sw	x13,0(x15)	 x15:0x00020000 x13:0x00000073 PA:0x00020000 store:0x00000073 load:0x00000000
            780	       386	00100108	00054803	lbu	x16,0(x10)	 x10:0x001010a4 x16=0x00000074 PA:0x001010a4 store:0x00000000
            784	       388	0010010c	fa0810e3	bne	x16,x0,1000ac	 x16:0x00000074  x0:0x00000000
            790	       391	001000ac	0107a023	sw	x16,0(x15)	 x15:0x00020000 x16:0x00000074 PA:0x00020000 store:0x00000074 load:0x00000000
            794	       393	001000b0	00154703	lbu	x14,1(x10)	 x10:0x001010a4 x14=0x00000065 PA:0x001010a5 store:0x00100f24
            796	       394	001000b4	04070e63	beq	x14,x0,100110	 x14:0x00000065  x0:0x00000000
            800	       396	001000b8	00e7a023	sw	x14,0(x15)	 x15:0x00020000 x14:0x00000065 PA:0x00020000 store:0x00000065 load:0x00000000
            804	       398	001000bc	00254283	lbu	x5,2(x10)	 x10:0x001010a4  x5=0x0000006d PA:0x001010a6 store:0x00137fe0
            806	       399	001000c0	04028863	beq	x5,x0,100110	  x5:0x0000006d  x0:0x00000000
            810	       401	001000c4	0057a023	sw	x5,0(x15)	 x15:0x00020000  x5:0x0000006d PA:0x00020000 store:0x0000006d load:0x00000000
            814	       403	001000c8	00354303	lbu	x6,3(x10)	 x10:0x001010a4  x6=0x0000000a PA:0x001010a7 store:0x00000000
            816	       404	001000cc	04030263	beq	x6,x0,100110	  x6:0x0000000a  x0:0x00000000
            820	       406	001000d0	0067a023	sw	x6,0(x15)	 x15:0x00020000  x6:0x0000000a PA:0x00020000 store:0x0000000a load:0x00000000
            824	       408	001000d4	00454383	lbu	x7,4(x10)	 x10:0x001010a4  x7=0x00000000 PA:0x001010a8 store:0x00000000
            828	       410	001000d8	02038c63	beq	x7,x0,100110	  x7:0x00000000  x0:0x00000000
            832	       412	00100110	00000513	addi	x10,x0,0	  x0:0x00000000 x10=0x00000000
            836	       414	00100114	00008067	jalr	x0,0(x1)	  x1:0x00100f24  x0=0x00000000
            838	       415	00100f24	deadcf37	lui	x30,0xdeadc	 x30=0xdeadc000
            840	       416	00100f28	eeff0513	addi	x10,x30,-273	 x30:0xdeadc000 x10=0xdeadbeef
            844	       418	00100f2c	9f4ff0ef	jal	x1,100120	  x1=0x00100f30
            846	       419	00100120	01c55793	srli	x15,x10,0x1c	 x10:0xdeadbeef x15=0x0000000d
            848	       420	00100124	00900713	addi	x14,x0,9	  x0:0x00000000 x14=0x00000009
            850	       421	00100128	0cf77a63	bgeu	x14,x15,1001fc	 x14:0x00000009 x15:0x0000000d
            852	       422	0010012c	03778293	addi	x5,x15,55	 x15:0x0000000d  x5=0x00000044
            854	       423	00100130	00020337	lui	x6,0x20	  x6=0x00020000
            856	       424	00100134	00451613	slli	x12,x10,0x4	 x10:0xdeadbeef x12=0xeadbeef0
            860	       426	00100138	00532023	sw	x5,0(x6)	  x6:0x00020000  x5:0x00000044 PA:0x00020000 store:0x00000044 load:0x00000000
            862	       427	0010013c	01c65693	srli	x13,x12,0x1c	 x12:0xeadbeef0 x13=0x0000000e
            864	       428	00100140	00900813	addi	x16,x0,9	  x0:0x00000000 x16=0x00000009
            866	       429	00100144	0cd87a63	bgeu	x16,x13,100218	 x16:0x00000009 x13:0x0000000e
            868	       430	00100148	03768893	addi	x17,x13,55	 x13:0x0000000e x17=0x00000045
            870	       431	0010014c	00020e37	lui	x28,0x20	 x28=0x00020000
            872	       432	00100150	00851f93	slli	x31,x10,0x8	 x10:0xdeadbeef x31=0xadbeef00
            876	       434	00100154	011e2023	sw	x17,0(x28)	 x28:0x00020000 x17:0x00000045 PA:0x00020000 store:0x00000045 load:0x00000000
            878	       435	00100158	01cfd793	srli	x15,x31,0x1c	 x31:0xadbeef00 x15=0x0000000a
            880	       436	0010015c	00900713	addi	x14,x0,9	  x0:0x00000000 x14=0x00000009
            882	       437	00100160	0cf77a63	bgeu	x14,x15,100234	 x14:0x00000009 x15:0x0000000a
            884	       438	00100164	03778293	addi	x5,x15,55	 x15:0x0000000a  x5=0x00000041
            886	       439	00100168	00020337	lui	x6,0x20	  x6=0x00020000
            888	       440	0010016c	00c51613	slli	x12,x10,0xc	 x10:0xdeadbeef x12=0xdbeef000
            892	       442	00100170	00532023	sw	x5,0(x6)	  x6:0x00020000  x5:0x00000041 PA:0x00020000 store:0x00000041 load:0x00000000
            894	       443	00100174	01c65693	srli	x13,x12,0x1c	 x12:0xdbeef000 x13=0x0000000d
            896	       444	00100178	00900813	addi	x16,x0,9	  x0:0x00000000 x16=0x00000009
            898	       445	0010017c	0cd87a63	bgeu	x16,x13,100250	 x16:0x00000009 x13:0x0000000d
            900	       446	00100180	03768893	addi	x17,x13,55	 x13:0x0000000d x17=0x00000044
            902	       447	00100184	00020e37	lui	x28,0x20	 x28=0x00020000
            904	       448	00100188	01051f93	slli	x31,x10,0x10	 x10:0xdeadbeef x31=0xbeef0000
            908	       450	0010018c	011e2023	sw	x17,0(x28)	 x28:0x00020000 x17:0x00000044 PA:0x00020000 store:0x00000044 load:0x00000000
            910	       451	00100190	01cfd793	srli	x15,x31,0x1c	 x31:0xbeef0000 x15=0x0000000b
            912	       452	00100194	00900713	addi	x14,x0,9	  x0:0x00000000 x14=0x00000009
            914	       453	00100198	0cf77a63	bgeu	x14,x15,10026c	 x14:0x00000009 x15:0x0000000b
            916	       454	0010019c	03778293	addi	x5,x15,55	 x15:0x0000000b  x5=0x00000042
            918	       455	001001a0	00020337	lui	x6,0x20	  x6=0x00020000
            920	       456	001001a4	01451613	slli	x12,x10,0x14	 x10:0xdeadbeef x12=0xeef00000
            924	       458	001001a8	00532023	sw	x5,0(x6)	  x6:0x00020000  x5:0x00000042 PA:0x00020000 store:0x00000042 load:0x00000000
            926	       459	001001ac	01c65693	srli	x13,x12,0x1c	 x12:0xeef00000 x13=0x0000000e
            928	       460	001001b0	00900813	addi	x16,x0,9	  x0:0x00000000 x16=0x00000009
            930	       461	001001b4	0cd87a63	bgeu	x16,x13,100288	 x16:0x00000009 x13:0x0000000e
            932	       462	001001b8	03768893	addi	x17,x13,55	 x13:0x0000000e x17=0x00000045
            934	       463	001001bc	00020e37	lui	x28,0x20	 x28=0x00020000
            936	       464	001001c0	01851f93	slli	x31,x10,0x18	 x10:0xdeadbeef x31=0xef000000
            940	       466	001001c4	011e2023	sw	x17,0(x28)	 x28:0x00020000 x17:0x00000045 PA:0x00020000 store:0x00000045 load:0x00000000
            942	       467	001001c8	01cfd793	srli	x15,x31,0x1c	 x31:0xef000000 x15=0x0000000e
            944	       468	001001cc	00900713	addi	x14,x0,9	  x0:0x00000000 x14=0x00000009
            946	       469	001001d0	0cf77a63	bgeu	x14,x15,1002a4	 x14:0x00000009 x15:0x0000000e
            948	       470	001001d4	03778293	addi	x5,x15,55	 x15:0x0000000e  x5=0x00000045
            950	       471	001001d8	00020337	lui	x6,0x20	  x6=0x00020000
            954	       473	001001dc	00532023	sw	x5,0(x6)	  x6:0x00020000  x5:0x00000045 PA:0x00020000 store:0x00000045 load:0x00000000
            956	       474	001001e0	00f57513	andi	x10,x10,15	 x10:0xdeadbeef x10=0x0000000f
            958	       475	001001e4	00900613	addi	x12,x0,9	  x0:0x00000000 x12=0x00000009
            962	       477	001001e8	0ca66a63	bltu	x12,x10,1002bc	 x12:0x00000009 x10:0x0000000f
            966	       479	001002bc	03750693	addi	x13,x10,55	 x10:0x0000000f x13=0x00000046
            968	       480	001002c0	00020837	lui	x16,0x20	 x16=0x00020000
            972	       482	001002c4	00d82023	sw	x13,0(x16)	 x16:0x00020000 x13:0x00000046 PA:0x00020000 store:0x00000046 load:0x00000000
            976	       484	001002c8	00008067	jalr	x0,0(x1)	  x1:0x00100f30  x0=0x00000000
            978	       485	00100f30	00a00513	addi	x10,x0,10	  x0:0x00000000 x10=0x0000000a
            982	       487	00100f34	95cff0ef	jal	x1,100090	  x1=0x00100f38
            984	       488	00100090	0ff57793	andi	x15,x10,255	 x10:0x0000000a x15=0x0000000a
            986	       489	00100094	00020737	lui	x14,0x20	 x14=0x00020000
            990	       491	00100098	00f72023	sw	x15,0(x14)	 x14:0x00020000 x15:0x0000000a PA:0x00020000 store:0x0000000a load:0x00000000
            994	       493	0010009c	00008067	jalr	x0,0(x1)	  x1:0x00100f38  x0=0x00000000
            996	       494	00100f38	baadffb7	lui	x31,0xbaadf	 x31=0xbaadf000
            998	       495	00100f3c	00df8513	addi	x10,x31,13	 x31:0xbaadf000 x10=0xbaadf00d
           1002	       497	00100f40	9e0ff0ef	jal	x1,100120	  x1=0x00100f44
           1004	       498	00100120	01c55793	srli	x15,x10,0x1c	 x10:0xbaadf00d x15=0x0000000b
           1006	       499	00100124	00900713	addi	x14,x0,9	  x0:0x00000000 x14=0x00000009
           1008	       500	00100128	0cf77a63	bgeu	x14,x15,1001fc	 x14:0x00000009 x15:0x0000000b
           1010	       501	0010012c	03778293	addi	x5,x15,55	 x15:0x0000000b  x5=0x00000042
           1012	       502	00100130	00020337	lui	x6,0x20	  x6=0x00020000
           1014	       503	00100134	00451613	slli	x12,x10,0x4	 x10:0xbaadf00d x12=0xaadf00d0
           1018	       505	00100138	00532023	sw	x5,0(x6)	  x6:0x00020000  x5:0x00000042 PA:0x00020000 store:0x00000042 load:0x00000000
           1020	       506	0010013c	01c65693	srli	x13,x12,0x1c	 x12:0xaadf00d0 x13=0x0000000a
           1022	       507	00100140	00900813	addi	x16,x0,9	  x0:0x00000000 x16=0x00000009
           1024	       508	00100144	0cd87a63	bgeu	x16,x13,100218	 x16:0x00000009 x13:0x0000000a
           1026	       509	00100148	03768893	addi	x17,x13,55	 x13:0x0000000a x17=0x00000041
           1028	       510	0010014c	00020e37	lui	x28,0x20	 x28=0x00020000
           1030	       511	00100150	00851f93	slli	x31,x10,0x8	 x10:0xbaadf00d x31=0xadf00d00
           1034	       513	00100154	011e2023	sw	x17,0(x28)	 x28:0x00020000 x17:0x00000041 PA:0x00020000 store:0x00000041 load:0x00000000
           1036	       514	00100158	01cfd793	srli	x15,x31,0x1c	 x31:0xadf00d00 x15=0x0000000a
           1038	       515	0010015c	00900713	addi	x14,x0,9	  x0:0x00000000 x14=0x00000009
           1040	       516	00100160	0cf77a63	bgeu	x14,x15,100234	 x14:0x00000009 x15:0x0000000a
           1042	       517	00100164	03778293	addi	x5,x15,55	 x15:0x0000000a  x5=0x00000041
           1044	       518	00100168	00020337	lui	x6,0x20	  x6=0x00020000
           1046	       519	0010016c	00c51613	slli	x12,x10,0xc	 x10:0xbaadf00d x12=0xdf00d000
           1050	       521	00100170	00532023	sw	x5,0(x6)	  x6:0x00020000  x5:0x00000041 PA:0x00020000 store:0x00000041 load:0x00000000
           1052	       522	00100174	01c65693	srli	x13,x12,0x1c	 x12:0xdf00d000 x13=0x0000000d
           1054	       523	00100178	00900813	addi	x16,x0,9	  x0:0x00000000 x16=0x00000009
           1056	       524	0010017c	0cd87a63	bgeu	x16,x13,100250	 x16:0x00000009 x13:0x0000000d
           1058	       525	00100180	03768893	addi	x17,x13,55	 x13:0x0000000d x17=0x00000044
           1060	       526	00100184	00020e37	lui	x28,0x20	 x28=0x00020000
           1062	       527	00100188	01051f93	slli	x31,x10,0x10	 x10:0xbaadf00d x31=0xf00d0000
           1066	       529	0010018c	011e2023	sw	x17,0(x28)	 x28:0x00020000 x17:0x00000044 PA:0x00020000 store:0x00000044 load:0x00000000
           1068	       530	00100190	01cfd793	srli	x15,x31,0x1c	 x31:0xf00d0000 x15=0x0000000f
           1070	       531	00100194	00900713	addi	x14,x0,9	  x0:0x00000000 x14=0x00000009
           1072	       532	00100198	0cf77a63	bgeu	x14,x15,10026c	 x14:0x00000009 x15:0x0000000f
           1074	       533	0010019c	03778293	addi	x5,x15,55	 x15:0x0000000f  x5=0x00000046
           1076	       534	001001a0	00020337	lui	x6,0x20	  x6=0x00020000
           1078	       535	001001a4	01451613	slli	x12,x10,0x14	 x10:0xbaadf00d x12=0x00d00000
           1082	       537	001001a8	00532023	sw	x5,0(x6)	  x6:0x00020000  x5:0x00000046 PA:0x00020000 store:0x00000046 load:0x00000000
           1084	       538	001001ac	01c65693	srli	x13,x12,0x1c	 x12:0x00d00000 x13=0x00000000
           1086	       539	001001b0	00900813	addi	x16,x0,9	  x0:0x00000000 x16=0x00000009
           1090	       541	001001b4	0cd87a63	bgeu	x16,x13,100288	 x16:0x00000009 x13:0x00000000
           1094	       543	00100288	03068e93	addi	x29,x13,48	 x13:0x00000000 x29=0x00000030
           1096	       544	0010028c	00020f37	lui	x30,0x20	 x30=0x00020000
           1098	       545	00100290	01851f93	slli	x31,x10,0x18	 x10:0xbaadf00d x31=0x0d000000
           1102	       547	00100294	01df2023	sw	x29,0(x30)	 x30:0x00020000 x29:0x00000030 PA:0x00020000 store:0x00000030 load:0x00000000
           1104	       548	00100298	01cfd793	srli	x15,x31,0x1c	 x31:0x0d000000 x15=0x00000000
           1106	       549	0010029c	00900713	addi	x14,x0,9	  x0:0x00000000 x14=0x00000009
           1108	       550	001002a0	f2f76ae3	bltu	x14,x15,1001d4	 x14:0x00000009 x15:0x00000000
           1110	       551	001002a4	03078393	addi	x7,x15,48	 x15:0x00000000  x7=0x00000030
           1112	       552	001002a8	000205b7	lui	x11,0x20	 x11=0x00020000
           1116	       554	001002ac	0075a023	sw	x7,0(x11)	 x11:0x00020000  x7:0x00000030 PA:0x00020000 store:0x00000030 load:0x00000000
           1118	       555	001002b0	00f57513	andi	x10,x10,15	 x10:0xbaadf00d x10=0x0000000d
           1120	       556	001002b4	00900613	addi	x12,x0,9	  x0:0x00000000 x12=0x00000009
           1122	       557	001002b8	f2a67ae3	bgeu	x12,x10,1001ec	 x12:0x00000009 x10:0x0000000d
           1124	       558	001002bc	03750693	addi	x13,x10,55	 x10:0x0000000d x13=0x00000044
           1126	       559	001002c0	00020837	lui	x16,0x20	 x16=0x00020000
           1130	       561	001002c4	00d82023	sw	x13,0(x16)	 x16:0x00020000 x13:0x00000044 PA:0x00020000 store:0x00000044 load:0x00000000
           1134	       563	001002c8	00008067	jalr	x0,0(x1)	  x1:0x00100f44  x0=0x00000000
           1136	       564	00100f44	00a00513	addi	x10,x0,10	  x0:0x00000000 x10=0x0000000a
           1140	       566	00100f48	948ff0ef	jal	x1,100090	  x1=0x00100f4c
           1142	       567	00100090	0ff57793	andi	x15,x10,255	 x10:0x0000000a x15=0x0000000a
           1144	       568	00100094	00020737	lui	x14,0x20	 x14=0x00020000
           1148	       570	00100098	00f72023	sw	x15,0(x14)	 x14:0x00020000 x15:0x0000000a PA:0x00020000 store:0x0000000a load:0x00000000
           1152	       572	0010009c	00008067	jalr	x0,0(x1)	  x1:0x00100f4c  x0=0x00000000
           1154	       573	00100f4c	00000513	addi	x10,x0,0	  x0:0x00000000 x10=0x00000000
           1158	       575	00100f50	c90ff0ef	jal	x1,1003e0	  x1=0x00100f54
           1160	       576	001003e0	00153513	sltiu	x10,x10,1	 x10:0x00000000 x10=0x00000001
           1162	       577	001003e4	40a002b3	sub	x5,x0,x10	  x0:0x00000000 x10:0x00000001  x5=0xffffffff
           1164	       578	001003e8	32029073	csrrw	x0,mcountinhibit,x5	  x5:0xffffffff  x0=0x00000000
           1168	       580	001003ec	00008067	jalr	x0,0(x1)	  x1:0x00100f54  x0=0x00000000
           1170	       581	00100f54	7d000513	addi	x10,x0,2000	  x0:0x00000000 x10=0x000007d0
           1172	       582	00100f58	00000593	addi	x11,x0,0	  x0:0x00000000 x11=0x00000000
           1176	       584	00100f5c	b25ff0ef	jal	x1,100a80	  x1=0x00100f60
           1178	       585	00100a80	001016b7	lui	x13,0x101	 x13=0x00101000
           1180	       586	00100a84	00000813	addi	x16,x0,0	  x0:0x00000000 x16=0x00000000
           1182	       587	00100a88	001017b7	lui	x15,0x101	 x15=0x00101000
           1184	       588	00100a8c	00030737	lui	x14,0x30	 x14=0x00030000
           1186	       589	00100a90	00000893	addi	x17,x0,0	  x0:0x00000000 x17=0x00000000
           1190	       591	00100a94	0d06a423	sw	x16,200(x13)	 x13:0x00101000 x16:0x00000000 PA:0x001010c8 store:0x00000000 load:0x00000000
           1194	       593	00100a98	0d16a623	sw	x17,204(x13)	 x13:0x00101000 x17:0x00000000 PA:0x001010cc store:0x00000000 load:0x00000000
           1198	       595	00100a9c	0ca7a023	sw	x10,192(x15)	 x15:0x00101000 x10:0x000007d0 PA:0x001010c0 store:0x000007d0 load:0x00000000
           1202	       597	00100aa0	0cb7a223	sw	x11,196(x15)	 x15:0x00101000 x11:0x00000000 PA:0x001010c4 store:0x00000000 load:0x00000000
           1204	       598	00100aa4	00030637	lui	x12,0x30	 x12=0x00030000
           1206	       599	00100aa8	00470293	addi	x5,x14,4	 x14:0x00030000  x5=0x00030004
           1210	       601	00100aac	0002a783	lw	x15,0(x5)	  x5:0x00030004 x15=0x00000000 PA:0x00030004 store:0x00000000
           1214	       603	00100ab0	00062683	lw	x13,0(x12)	 x12:0x00030000 x13=0x00000259 PA:0x00030000 store:0x00000000
           1218	       605	00100ab4	0002a303	lw	x6,0(x5)	  x5:0x00030004  x6=0x00000000 PA:0x00030004 store:0x00000000
           1222	       607	00100ab8	06678a63	beq	x15,x6,100b2c	 x15:0x00000000  x6:0x00000000
           1226	       609	00100b2c	000308b7	lui	x17,0x30	 x17=0x00030000
           1228	       610	00100b30	00a68533	add	x10,x13,x10	 x13:0x00000259 x10:0x000007d0 x10=0x00000a29
           1230	       611	00100b34	00888293	addi	x5,x17,8	 x17:0x00030000  x5=0x00030008
           1232	       612	00100b38	00b783b3	add	x7,x15,x11	 x15:0x00000000 x11:0x00000000  x7=0x00000000
           1234	       613	00100b3c	00d53333	sltu	x6,x10,x13	 x10:0x00000a29 x13:0x00000259  x6=0x00000000
           1236	       614	00100b40	fff00593	addi	x11,x0,-1	  x0:0x00000000 x11=0xffffffff
           1240	       616	00100b44	00b2a023	sw	x11,0(x5)	  x5:0x00030008 x11:0xffffffff PA:0x00030008 store:0xffffffff load:0x00000000
           1242	       617	00100b48	00030637	lui	x12,0x30	 x12=0x00030000
           1244	       618	00100b4c	00730e33	add	x28,x6,x7	  x6:0x00000000  x7:0x00000000 x28=0x00000000
           1248	       620	00100b50	01c62623	sw	x28,12(x12)	 x12:0x00030000 x28:0x00000000 PA:0x0003000c store:0x00000000 load:0x00000000
           1252	       622	00100b54	00a2a023	sw	x10,0(x5)	  x5:0x00030008 x10:0x00000a29 PA:0x00030008 store:0x00000a29 load:0xffffffff
           1254	       623	00100b58	08000e93	addi	x29,x0,128	  x0:0x00000000 x29=0x00000080
           1256	       624	00100b5c	304ea073	csrrs	x0,mie,x29	 x29:0x00000080  x0=0x00000000
           1262	       627	00100b60	00800f13	addi	x30,x0,8	  x0:0x00000000 x30=0x00000008
           1264	       628	00100b64	300f2073	csrrs	x0,mstatus,x30	 x30:0x00000008  x0=0x00000000
           1272	       632	00100b68	00008067	jalr	x0,0(x1)	  x1:0x00100f60  x0=0x00000000
           1276	       634	00100f60	ce1ff0ef	jal	x1,100c40	  x1=0x00100f64
           1278	       635	00100c40	001017b7	lui	x15,0x101	 x15=0x00101000
           1282	       637	00100c44	0c87a503	lw	x10,200(x15)	 x15:0x00101000 x10=0x00000000 PA:0x001010c8 store:0x00000000
           1286	       639	00100c48	0cc7a583	lw	x11,204(x15)	 x15:0x00101000 x11=0x00000000 PA:0x001010cc store:0x00030000
           1290	       641	00100c4c	00008067	jalr	x0,0(x1)	  x1:0x00100f64  x0=0x00000000
           1292	       642	00100f64	0a059a63	bne	x11,x0,101018	 x11:0x00000000  x0:0x00000000
           1296	       644	00100f68	01212823	sw	x18,16(x2)	  x2:0x00137fe0 x18:0x00000000 PA:0x00137ff0 store:0x00000000 load:0x00000000
           1298	       645	00100f6c	00400093	addi	x1,x0,4	  x0:0x00000000  x1=0x00000004
           1300	       646	00100f70	00050913	addi	x18,x10,0	 x10:0x00000000 x18=0x00000000
           1302	       647	00100f74	0aa0ea63	bltu	x1,x10,101028	  x1:0x00000004 x10:0x00000000
           1306	       649	00100f78	00812c23	sw	x8,24(x2)	  x2:0x00137fe0  x8:0x00000000 PA:0x00137ff8 store:0x00000000 load:0x00000000
           1310	       651	00100f7c	00912a23	sw	x9,20(x2)	  x2:0x00137fe0  x9:0x00000000 PA:0x00137ff4 store:0x00000000 load:0x00000000
           1314	       653	00100f80	01312623	sw	x19,12(x2)	  x2:0x00137fe0 x19:0x00000000 PA:0x00137fec store:0x00000000 load:0x00000000
           1318	       655	00100f84	01412423	sw	x20,8(x2)	  x2:0x00137fe0 x20:0x00000000 PA:0x00137fe8 store:0x00000000 load:0x00000000
           1322	       657	00100f88	01512223	sw	x21,4(x2)	  x2:0x00137fe0 x21:0x00000000 PA:0x00137fe4 store:0x00000000 load:0x00000000
           1326	       659	00100f8c	01612023	sw	x22,0(x2)	  x2:0x00137fe0 x22:0x00000000 PA:0x00137fe0 store:0x00000000 load:0x00000000
           1328	       660	00100f90	00058993	addi	x19,x11,0	 x11:0x00000000 x19=0x00000000
           1332	       662	00100f94	cadff0ef	jal	x1,100c40	  x1=0x00100f98
           1334	       663	00100c40	001017b7	lui	x15,0x101	 x15=0x00101000
           1338	       665	00100c44	0c87a503	lw	x10,200(x15)	 x15:0x00101000 x10=0x00000000 PA:0x001010c8 store:0x00000000
           1342	       667	00100c48	0cc7a583	lw	x11,204(x15)	 x15:0x00101000 x11=0x00000000 PA:0x001010cc store:0x00030000
           1346	       669	00100c4c	00008067	jalr	x0,0(x1)	  x1:0x00100f98  x0=0x00000000
           1348	       670	00100f98	00101a37	lui	x20,0x101	 x20=0x00101000
           1350	       671	00100f9c	00050413	addi	x8,x10,0	 x10:0x00000000  x8=0x00000000
           1352	       672	00100fa0	00157793	andi	x15,x10,1	 x10:0x00000000 x15=0x00000000
           1354	       673	00100fa4	00400a93	addi	x21,x0,4	  x0:0x00000000 x21=0x00000004
           1356	       674	00100fa8	00101b37	lui	x22,0x101	 x22=0x00101000
           1358	       675	00100fac	0aca0513	addi	x10,x20,172	 x20:0x00101000 x10=0x001010ac
           1360	       676	00100fb0	00058493	addi	x9,x11,0	 x11:0x00000000  x9=0x00000000
           1364	       678	00100fb4	03240e63	beq	x8,x18,100ff0	  x8:0x00000000 x18:0x00000000
           1368	       680	00100ff0	fd3594e3	bne	x11,x19,100fb8	 x11:0x00000000 x19:0x00000000
           1370	       681	00100ff4	10500073	wfi	
           5224	      2608	0010001c	5950006f	jal	x0,100db0	  x0=0x00000000
           5228	      2610	00100db0	ea1ff06f	jal	x0,100c50	  x0=0x00000000
           5230	      2611	00100c50	fe010113	addi	x2,x2,-32	  x2:0x00137fe0  x2=0x00137fc0
           5234	      2613	00100c54	00f12423	sw	x15,8(x2)	  x2:0x00137fc0 x15:0x00000000 PA:0x00137fc8 store:0x00000000 load:0x00000000
           5236	      2614	00100c58	001017b7	lui	x15,0x101	 x15=0x00101000
           5240	      2616	00100c5c	00b12c23	sw	x11,24(x2)	  x2:0x00137fc0 x11:0x00000000 PA:0x00137fd8 store:0x00000000 load:0x00000000
           5244	      2618	00100c60	01012223	sw	x16,4(x2)	  x2:0x00137fc0 x16:0x00000000 PA:0x00137fc4 store:0x00000000 load:0x00000000
           5248	      2620	00100c64	0c07a583	lw	x11,192(x15)	 x15:0x00101000 x11=0x000007d0 PA:0x001010c0 store:0x00000000
           5252	      2622	00100c68	0c47a803	lw	x16,196(x15)	 x15:0x00101000 x16=0x00000000 PA:0x001010c4 store:0x00000000
           5256	      2624	00100c6c	00e12623	sw	x14,12(x2)	  x2:0x00137fc0 x14:0x00030000 PA:0x00137fcc store:0x00030000 load:0x00000000
           5258	      2625	00100c70	00030737	lui	x14,0x30	 x14=0x00030000
           5262	      2627	00100c74	00c12a23	sw	x12,20(x2)	  x2:0x00137fc0 x12:0x00030000 PA:0x00137fd4 store:0x00030000 load:0x00000000
           5266	      2629	00100c78	01112023	sw	x17,0(x2)	  x2:0x00137fc0 x17:0x00030000 PA:0x00137fc0 store:0x00030000 load:0x00000000
           5270	      2631	00100c7c	00a12e23	sw	x10,28(x2)	  x2:0x00137fc0 x10:0x001010ac PA:0x00137fdc store:0x001010ac load:0x00000000
           5274	      2633	00100c80	00d12823	sw	x13,16(x2)	  x2:0x00137fc0 x13:0x00000259 PA:0x00137fd0 store:0x00000259 load:0x00000000
           5276	      2634	00100c84	00030637	lui	x12,0x30	 x12=0x00030000
           5278	      2635	00100c88	00470893	addi	x17,x14,4	 x14:0x00030000 x17=0x00030004
           5282	      2637	00100c8c	0008a783	lw	x15,0(x17)	 x17:0x00030004 x15=0x00000000 PA:0x00030004 store:0x00000000
           5286	      2639	00100c90	00062683	lw	x13,0(x12)	 x12:0x00030000 x13=0x00000a4d PA:0x00030000 store:0x00000000
           5290	      2641	00100c94	0008a503	lw	x10,0(x17)	 x17:0x00030004 x10=0x00000000 PA:0x00030004 store:0x00000000
           5294	      2643	00100c98	06a78a63	beq	x15,x10,100d0c	 x15:0x00000000 x10:0x00000000
           5298	      2645	00100d0c	00b688b3	add	x17,x13,x11	 x13:0x00000a4d x11:0x000007d0 x17=0x0000121d
           5300	      2646	00100d10	00030637	lui	x12,0x30	 x12=0x00030000
           5302	      2647	00100d14	00d8b6b3	sltu	x13,x17,x13	 x17:0x0000121d x13:0x00000a4d x13=0x00000000
           5304	      2648	00100d18	01078833	add	x16,x15,x16	 x15:0x00000000 x16:0x00000000 x16=0x00000000
           5306	      2649	00100d1c	fff00513	addi	x10,x0,-1	  x0:0x00000000 x10=0xffffffff
           5310	      2651	00100d20	00a62423	sw	x10,8(x12)	 x12:0x00030000 x10:0xffffffff PA:0x00030008 store:0xffffffff load:0x00000a29
           5312	      2652	00100d24	010687b3	add	x15,x13,x16	 x13:0x00000000 x16:0x00000000 x15=0x00000000
           5314	      2653	00100d28	000305b7	lui	x11,0x30	 x11=0x00030000
           5318	      2655	00100d2c	00f5a623	sw	x15,12(x11)	 x11:0x00030000 x15:0x00000000 PA:0x0003000c store:0x00000000 load:0x00000000
           5322	      2657	00100d30	01162423	sw	x17,8(x12)	 x12:0x00030000 x17:0x0000121d PA:0x00030008 store:0x0000121d load:0xffffffff
           5324	      2658	00100d34	001016b7	lui	x13,0x101	 x13=0x00101000
           5328	      2660	00100d38	0c86a703	lw	x14,200(x13)	 x13:0x00101000 x14=0x00000000 PA:0x001010c8 store:0x00000000
           5332	      2662	00100d3c	0cc6a883	lw	x17,204(x13)	 x13:0x00101000 x17=0x00000000 PA:0x001010cc store:0x00030000
           5336	      2664	00100d40	01c12503	lw	x10,28(x2)	  x2:0x00137fc0 x10=0x001010ac PA:0x00137fdc store:0x00000000
           5338	      2665	00100d44	00170593	addi	x11,x14,1	 x14:0x00000000 x11=0x00000001
           5340	      2666	00100d48	00e5b633	sltu	x12,x11,x14	 x11:0x00000001 x14:0x00000000 x12=0x00000000
           5342	      2667	00100d4c	01160833	add	x16,x12,x17	 x12:0x00000000 x17:0x00000000 x16=0x00000000
           5346	      2669	00100d50	0cb6a423	sw	x11,200(x13)	 x13:0x00101000 x11:0x00000001 PA:0x001010c8 store:0x00000001 load:0x001010ac
           5350	      2671	00100d54	0d06a623	sw	x16,204(x13)	 x13:0x00101000 x16:0x00000000 PA:0x001010cc store:0x00000000 load:0x001010ac
           5354	      2673	00100d58	01812583	lw	x11,24(x2)	  x2:0x00137fc0 x11=0x00000000 PA:0x00137fd8 store:0x00000000
           5358	      2675	00100d5c	01412603	lw	x12,20(x2)	  x2:0x00137fc0 x12=0x00030000 PA:0x00137fd4 store:0x00101000
           5362	      2677	00100d60	01012683	lw	x13,16(x2)	  x2:0x00137fc0 x13=0x00000259 PA:0x00137fd0 store:0x00000000
           5366	      2679	00100d64	00c12703	lw	x14,12(x2)	  x2:0x00137fc0 x14=0x00030000 PA:0x00137fcc store:0x00030000
           5370	      2681	00100d68	00812783	lw	x15,8(x2)	  x2:0x00137fc0 x15=0x00000000 PA:0x00137fc8 store:0x00000000
           5374	      2683	00100d6c	00412803	lw	x16,4(x2)	  x2:0x00137fc0 x16=0x00000000 PA:0x00137fc4 store:0x00000000
           5378	      2685	00100d70	00012883	lw	x17,0(x2)	  x2:0x00137fc0 x17=0x00030000 PA:0x00137fc0 store:0x00000000
           5380	      2686	00100d74	02010113	addi	x2,x2,32	  x2:0x00137fc0  x2=0x00137fe0
           5382	      2687	00100d78	30200073	mret	
           5390	      2691	00100ff8	fd9ff06f	jal	x0,100fd0	  x0=0x00000000
           5394	      2693	00100fd0	c71ff0ef	jal	x1,100c40	  x1=0x00100fd4
           5396	      2694	00100c40	001017b7	lui	x15,0x101	 x15=0x00101000
           5400	      2696	00100c44	0c87a503	lw	x10,200(x15)	 x15:0x00101000 x10=0x00000001 PA:0x001010c8 store:0x00000000
           5404	      2698	00100c48	0cc7a583	lw	x11,204(x15)	 x15:0x00101000 x11=0x00000000 PA:0x001010cc store:0x00030000
           5408	      2700	00100c4c	00008067	jalr	x0,0(x1)	  x1:0x00100fd4  x0=0x00000000
           5410	      2701	00100fd4	00040913	addi	x18,x8,0	  x8:0x00000000 x18=0x00000000
           5412	      2702	00100fd8	00050413	addi	x8,x10,0	 x10:0x00000001  x8=0x00000001
           5414	      2703	00100fdc	00048993	addi	x19,x9,0	  x9:0x00000000 x19=0x00000000
           5416	      2704	00100fe0	00157793	andi	x15,x10,1	 x10:0x00000001 x15=0x00000001
           5418	      2705	00100fe4	00058493	addi	x9,x11,0	 x11:0x00000000  x9=0x00000000
           5420	      2706	00100fe8	0aca0513	addi	x10,x20,172	 x20:0x00101000 x10=0x001010ac
           5424	      2708	00100fec	fd2416e3	bne	x8,x18,100fb8	  x8:0x00000001 x18:0x00000000
           5430	      2711	00100fb8	00079463	bne	x15,x0,100fc0	 x15:0x00000001  x0:0x00000000
           5436	      2714	00100fc0	8e0ff0ef	jal	x1,1000a0	  x1=0x00100fc4
           5440	      2716	001000a0	00054803	lbu	x16,0(x10)	 x10:0x001010ac x16=0x00000054 PA:0x001010ac store:0x00000000
           5442	      2717	001000a4	06080663	beq	x16,x0,100110	 x16:0x00000054  x0:0x00000000
           5444	      2718	001000a8	000207b7	lui	x15,0x20	 x15=0x00020000
           5448	      2720	001000ac	0107a023	sw	x16,0(x15)	 x15:0x00020000 x16:0x00000054 PA:0x00020000 store:0x00000054 load:0x00000000
           5452	      2722	001000b0	00154703	lbu	x14,1(x10)	 x10:0x001010ac x14=0x00000069 PA:0x001010ad store:0x00100fc4
           5454	      2723	001000b4	04070e63	beq	x14,x0,100110	 x14:0x00000069  x0:0x00000000
           5458	      2725	001000b8	00e7a023	sw	x14,0(x15)	 x15:0x00020000 x14:0x00000069 PA:0x00020000 store:0x00000069 load:0x00000000
           5462	      2727	001000bc	00254283	lbu	x5,2(x10)	 x10:0x001010ac  x5=0x00000063 PA:0x001010ae store:0x00137fe0
           5464	      2728	001000c0	04028863	beq	x5,x0,100110	  x5:0x00000063  x0:0x00000000
           5468	      2730	001000c4	0057a023	sw	x5,0(x15)	 x15:0x00020000  x5:0x00000063 PA:0x00020000 store:0x00000063 load:0x00000000
           5472	      2732	001000c8	00354303	lbu	x6,3(x10)	 x10:0x001010ac  x6=0x0000006b PA:0x001010af store:0x00000000
           5474	      2733	001000cc	04030263	beq	x6,x0,100110	  x6:0x0000006b  x0:0x00000000
           5478	      2735	001000d0	0067a023	sw	x6,0(x15)	 x15:0x00020000  x6:0x0000006b PA:0x00020000 store:0x0000006b load:0x00000000
           5482	      2737	001000d4	00454383	lbu	x7,4(x10)	 x10:0x001010ac  x7=0x00000021 PA:0x001010b0 store:0x00000000
           5484	      2738	001000d8	02038c63	beq	x7,x0,100110	  x7:0x00000021  x0:0x00000000
           5488	      2740	001000dc	0077a023	sw	x7,0(x15)	 x15:0x00020000  x7:0x00000021 PA:0x00020000 store:0x00000021 load:0x00000000
           5492	      2742	001000e0	00554583	lbu	x11,5(x10)	 x10:0x001010ac x11=0x0000000a PA:0x001010b1 store:0x00000063
           5494	      2743	001000e4	02058663	beq	x11,x0,100110	 x11:0x0000000a  x0:0x00000000
           5498	      2745	001000e8	00b7a023	sw	x11,0(x15)	 x15:0x00020000 x11:0x0000000a PA:0x00020000 store:0x0000000a load:0x00000000
           5502	      2747	001000ec	00654603	lbu	x12,6(x10)	 x10:0x001010ac x12=0x00000000 PA:0x001010b2 store:0x0000006b
           5506	      2749	001000f0	02060063	beq	x12,x0,100110	 x12:0x00000000  x0:0x00000000
           5510	      2751	00100110	00000513	addi	x10,x0,0	  x0:0x00000000 x10=0x00000000
           5514	      2753	00100114	00008067	jalr	x0,0(x1)	  x1:0x00100fc4  x0=0x00000000
           5516	      2754	00100fc4	10500073	wfi	
           9296	      4644	0010001c	5950006f	jal	x0,100db0	  x0=0x00000000
           9300	      4646	00100db0	ea1ff06f	jal	x0,100c50	  x0=0x00000000
           9302	      4647	00100c50	fe010113	addi	x2,x2,-32	  x2:0x00137fe0  x2=0x00137fc0
           9306	      4649	00100c54	00f12423	sw	x15,8(x2)	  x2:0x00137fc0 x15:0x00020000 PA:0x00137fc8 store:0x00020000 load:0x00000a21
           9308	      4650	00100c58	001017b7	lui	x15,0x101	 x15=0x00101000
           9312	      4652	00100c5c	00b12c23	sw	x11,24(x2)	  x2:0x00137fc0 x11:0x0000000a PA:0x00137fd8 store:0x0000000a load:0x00000a21
           9316	      4654	00100c60	01012223	sw	x16,4(x2)	  x2:0x00137fc0 x16:0x00000054 PA:0x00137fc4 store:0x00000054 load:0x00000a21
           9320	      4656	00100c64	0c07a583	lw	x11,192(x15)	 x15:0x00101000 x11=0x000007d0 PA:0x001010c0 store:0x00000000
           9324	      4658	00100c68	0c47a803	lw	x16,196(x15)	 x15:0x00101000 x16=0x00000000 PA:0x001010c4 store:0x00000000
           9328	      4660	00100c6c	00e12623	sw	x14,12(x2)	  x2:0x00137fc0 x14:0x00000069 PA:0x00137fcc store:0x00000069 load:0x00000000
           9330	      4661	00100c70	00030737	lui	x14,0x30	 x14=0x00030000
           9334	      4663	00100c74	00c12a23	sw	x12,20(x2)	  x2:0x00137fc0 x12:0x00000000 PA:0x00137fd4 store:0x00000000 load:0x00000000
           9338	      4665	00100c78	01112023	sw	x17,0(x2)	  x2:0x00137fc0 x17:0x00030000 PA:0x00137fc0 store:0x00030000 load:0x00000000
           9342	      4667	00100c7c	00a12e23	sw	x10,28(x2)	  x2:0x00137fc0 x10:0x00000000 PA:0x00137fdc store:0x00000000 load:0x00000000
           9346	      4669	00100c80	00d12823	sw	x13,16(x2)	  x2:0x00137fc0 x13:0x00000259 PA:0x00137fd0 store:0x00000259 load:0x00000000
           9348	      4670	00100c84	00030637	lui	x12,0x30	 x12=0x00030000
           9350	      4671	00100c88	00470893	addi	x17,x14,4	 x14:0x00030000 x17=0x00030004
           9354	      4673	00100c8c	0008a783	lw	x15,0(x17)	 x17:0x00030004 x15=0x00000000 PA:0x00030004 store:0x00000000
           9358	      4675	00100c90	00062683	lw	x13,0(x12)	 x12:0x00030000 x13=0x00001241 PA:0x00030000 store:0x00000000
           9362	      4677	00100c94	0008a503	lw	x10,0(x17)	 x17:0x00030004 x10=0x00000000 PA:0x00030004 store:0x00000000
           9366	      4679	00100c98	06a78a63	beq	x15,x10,100d0c	 x15:0x00000000 x10:0x00000000
           9370	      4681	00100d0c	00b688b3	add	x17,x13,x11	 x13:0x00001241 x11:0x000007d0 x17=0x00001a11
           9372	      4682	00100d10	00030637	lui	x12,0x30	 x12=0x00030000
           9374	      4683	00100d14	00d8b6b3	sltu	x13,x17,x13	 x17:0x00001a11 x13:0x00001241 x13=0x00000000
           9376	      4684	00100d18	01078833	add	x16,x15,x16	 x15:0x00000000 x16:0x00000000 x16=0x00000000
           9378	      4685	00100d1c	fff00513	addi	x10,x0,-1	  x0:0x00000000 x10=0xffffffff
           9382	      4687	00100d20	00a62423	sw	x10,8(x12)	 x12:0x00030000 x10:0xffffffff PA:0x00030008 store:0xffffffff load:0x0000121d
           9384	      4688	00100d24	010687b3	add	x15,x13,x16	 x13:0x00000000 x16:0x00000000 x15=0x00000000
           9386	      4689	00100d28	000305b7	lui	x11,0x30	 x11=0x00030000
           9390	      4691	00100d2c	00f5a623	sw	x15,12(x11)	 x11:0x00030000 x15:0x00000000 PA:0x0003000c store:0x00000000 load:0x00000000
           9394	      4693	00100d30	01162423	sw	x17,8(x12)	 x12:0x00030000 x17:0x00001a11 PA:0x00030008 store:0x00001a11 load:0xffffffff
           9396	      4694	00100d34	001016b7	lui	x13,0x101	 x13=0x00101000
           9400	      4696	00100d38	0c86a703	lw	x14,200(x13)	 x13:0x00101000 x14=0x00000001 PA:0x001010c8 store:0x00000001
           9404	      4698	00100d3c	0cc6a883	lw	x17,204(x13)	 x13:0x00101000 x17=0x00000000 PA:0x001010cc store:0x00030000
           9408	      4700	00100d40	01c12503	lw	x10,28(x2)	  x2:0x00137fc0 x10=0x00000000 PA:0x00137fdc store:0x00000000
           9410	      4701	00100d44	00170593	addi	x11,x14,1	 x14:0x00000001 x11=0x00000002
           9412	      4702	00100d48	00e5b633	sltu	x12,x11,x14	 x11:0x00000002 x14:0x00000001 x12=0x00000000
           9414	      4703	00100d4c	01160833	add	x16,x12,x17	 x12:0x00000000 x17:0x00000000 x16=0x00000000
           9418	      4705	00100d50	0cb6a423	sw	x11,200(x13)	 x13:0x00101000 x11:0x00000002 PA:0x001010c8 store:0x00000002 load:0x00000000
           9422	      4707	00100d54	0d06a623	sw	x16,204(x13)	 x13:0x00101000 x16:0x00000000 PA:0x001010cc store:0x00000000 load:0x00000000
           9426	      4709	00100d58	01812583	lw	x11,24(x2)	  x2:0x00137fc0 x11=0x0000000a PA:0x00137fd8 store:0x00000000
           9430	      4711	00100d5c	01412603	lw	x12,20(x2)	  x2:0x00137fc0 x12=0x00000000 PA:0x00137fd4 store:0x00101000
           9434	      4713	00100d60	01012683	lw	x13,16(x2)	  x2:0x00137fc0 x13=0x00000259 PA:0x00137fd0 store:0x00000000
           9438	      4715	00100d64	00c12703	lw	x14,12(x2)	  x2:0x00137fc0 x14=0x00000069 PA:0x00137fcc store:0x00000000
           9442	      4717	00100d68	00812783	lw	x15,8(x2)	  x2:0x00137fc0 x15=0x00020000 PA:0x00137fc8 store:0x00000001
           9446	      4719	00100d6c	00412803	lw	x16,4(x2)	  x2:0x00137fc0 x16=0x00000054 PA:0x00137fc4 store:0x00000000
           9450	      4721	00100d70	00012883	lw	x17,0(x2)	  x2:0x00137fc0 x17=0x00030000 PA:0x00137fc0 store:0x00000000
           9452	      4722	00100d74	02010113	addi	x2,x2,32	  x2:0x00137fc0  x2=0x00137fe0
           9454	      4723	00100d78	30200073	mret	
           9460	      4726	00100fc8	02049a63	bne	x9,x0,100ffc	  x9:0x00000000  x0:0x00000000
           9462	      4727	00100fcc	028ae863	bltu	x21,x8,100ffc	 x21:0x00000004  x8:0x00000001
           9466	      4729	00100fd0	c71ff0ef	jal	x1,100c40	  x1=0x00100fd4
           9468	      4730	00100c40	001017b7	lui	x15,0x101	 x15=0x00101000
           9472	      4732	00100c44	0c87a503	lw	x10,200(x15)	 x15:0x00101000 x10=0x00000002 PA:0x001010c8 store:0x00000001
           9476	      4734	00100c48	0cc7a583	lw	x11,204(x15)	 x15:0x00101000 x11=0x00000000 PA:0x001010cc store:0x00000000
           9480	      4736	00100c4c	00008067	jalr	x0,0(x1)	  x1:0x00100fd4  x0=0x00000000
           9482	      4737	00100fd4	00040913	addi	x18,x8,0	  x8:0x00000001 x18=0x00000001
           9484	      4738	00100fd8	00050413	addi	x8,x10,0	 x10:0x00000002  x8=0x00000002
           9486	      4739	00100fdc	00048993	addi	x19,x9,0	  x9:0x00000000 x19=0x00000000
           9488	      4740	00100fe0	00157793	andi	x15,x10,1	 x10:0x00000002 x15=0x00000000
           9490	      4741	00100fe4	00058493	addi	x9,x11,0	 x11:0x00000000  x9=0x00000000
           9492	      4742	00100fe8	0aca0513	addi	x10,x20,172	 x20:0x00101000 x10=0x001010ac
           9496	      4744	00100fec	fd2416e3	bne	x8,x18,100fb8	  x8:0x00000002 x18:0x00000001
           9500	      4746	00100fb8	00079463	bne	x15,x0,100fc0	 x15:0x00000000  x0:0x00000000
           9502	      4747	00100fbc	0b4b0513	addi	x10,x22,180	 x22:0x00101000 x10=0x001010b4
           9506	      4749	00100fc0	8e0ff0ef	jal	x1,1000a0	  x1=0x00100fc4
           9510	      4751	001000a0	00054803	lbu	x16,0(x10)	 x10:0x001010b4 x16=0x00000054 PA:0x001010b4 store:0x00000000
           9512	      4752	001000a4	06080663	beq	x16,x0,100110	 x16:0x00000054  x0:0x00000000
           9514	      4753	001000a8	000207b7	lui	x15,0x20	 x15=0x00020000
           9518	      4755	001000ac	0107a023	sw	x16,0(x15)	 x15:0x00020000 x16:0x00000054 PA:0x00020000 store:0x00000054 load:0x00000000
           9522	      4757	001000b0	00154703	lbu	x14,1(x10)	 x10:0x001010b4 x14=0x0000006f PA:0x001010b5 store:0x00100fc4
           9524	      4758	001000b4	04070e63	beq	x14,x0,100110	 x14:0x0000006f  x0:0x00000000
           9528	      4760	001000b8	00e7a023	sw	x14,0(x15)	 x15:0x00020000 x14:0x0000006f PA:0x00020000 store:0x0000006f load:0x00000000
           9532	      4762	001000bc	00254283	lbu	x5,2(x10)	 x10:0x001010b4  x5=0x00000063 PA:0x001010b6 store:0x00137fe0
           9534	      4763	001000c0	04028863	beq	x5,x0,100110	  x5:0x00000063  x0:0x00000000
           9538	      4765	001000c4	0057a023	sw	x5,0(x15)	 x15:0x00020000  x5:0x00000063 PA:0x00020000 store:0x00000063 load:0x00000000
           9542	      4767	001000c8	00354303	lbu	x6,3(x10)	 x10:0x001010b4  x6=0x0000006b PA:0x001010b7 store:0x00000000
           9544	      4768	001000cc	04030263	beq	x6,x0,100110	  x6:0x0000006b  x0:0x00000000
           9548	      4770	001000d0	0067a023	sw	x6,0(x15)	 x15:0x00020000  x6:0x0000006b PA:0x00020000 store:0x0000006b load:0x00000000
           9552	      4772	001000d4	00454383	lbu	x7,4(x10)	 x10:0x001010b4  x7=0x00000021 PA:0x001010b8 store:0x00000000
           9554	      4773	001000d8	02038c63	beq	x7,x0,100110	  x7:0x00000021  x0:0x00000000
           9558	      4775	001000dc	0077a023	sw	x7,0(x15)	 x15:0x00020000  x7:0x00000021 PA:0x00020000 store:0x00000021 load:0x00000000
           9562	      4777	001000e0	00554583	lbu	x11,5(x10)	 x10:0x001010b4 x11=0x0000000a PA:0x001010b9 store:0x00000063
           9564	      4778	001000e4	02058663	beq	x11,x0,100110	 x11:0x0000000a  x0:0x00000000
           9568	      4780	001000e8	00b7a023	sw	x11,0(x15)	 x15:0x00020000 x11:0x0000000a PA:0x00020000 store:0x0000000a load:0x00000000
           9572	      4782	001000ec	00654603	lbu	x12,6(x10)	 x10:0x001010b4 x12=0x00000000 PA:0x001010ba store:0x0000006b
           9576	      4784	001000f0	02060063	beq	x12,x0,100110	 x12:0x00000000  x0:0x00000000
           9580	      4786	00100110	00000513	addi	x10,x0,0	  x0:0x00000000 x10=0x00000000
           9584	      4788	00100114	00008067	jalr	x0,0(x1)	  x1:0x00100fc4  x0=0x00000000
           9586	      4789	00100fc4	10500073	wfi	
          13368	      6680	0010001c	5950006f	jal	x0,100db0	  x0=0x00000000
          13372	      6682	00100db0	ea1ff06f	jal	x0,100c50	  x0=0x00000000
          13374	      6683	00100c50	fe010113	addi	x2,x2,-32	  x2:0x00137fe0  x2=0x00137fc0
          13378	      6685	00100c54	00f12423	sw	x15,8(x2)	  x2:0x00137fc0 x15:0x00020000 PA:0x00137fc8 store:0x00020000 load:0x00000a21
          13380	      6686	00100c58	001017b7	lui	x15,0x101	 x15=0x00101000
          13384	      6688	00100c5c	00b12c23	sw	x11,24(x2)	  x2:0x00137fc0 x11:0x0000000a PA:0x00137fd8 store:0x0000000a load:0x00000a21
          13388	      6690	00100c60	01012223	sw	x16,4(x2)	  x2:0x00137fc0 x16:0x00000054 PA:0x00137fc4 store:0x00000054 load:0x00000a21
          13392	      6692	00100c64	0c07a583	lw	x11,192(x15)	 x15:0x00101000 x11=0x000007d0 PA:0x001010c0 store:0x00000000
          13396	      6694	00100c68	0c47a803	lw	x16,196(x15)	 x15:0x00101000 x16=0x00000000 PA:0x001010c4 store:0x00000000
          13400	      6696	00100c6c	00e12623	sw	x14,12(x2)	  x2:0x00137fc0 x14:0x0000006f PA:0x00137fcc store:0x0000006f load:0x00000000
          13402	      6697	00100c70	00030737	lui	x14,0x30	 x14=0x00030000
          13406	      6699	00100c74	00c12a23	sw	x12,20(x2)	  x2:0x00137fc0 x12:0x00000000 PA:0x00137fd4 store:0x00000000 load:0x00000000
          13410	      6701	00100c78	01112023	sw	x17,0(x2)	  x2:0x00137fc0 x17:0x00030000 PA:0x00137fc0 store:0x00030000 load:0x00000000
          13414	      6703	00100c7c	00a12e23	sw	x10,28(x2)	  x2:0x00137fc0 x10:0x00000000 PA:0x00137fdc store:0x00000000 load:0x00000000
          13418	      6705	00100c80	00d12823	sw	x13,16(x2)	  x2:0x00137fc0 x13:0x00000259 PA:0x00137fd0 store:0x00000259 load:0x00000000
          13420	      6706	00100c84	00030637	lui	x12,0x30	 x12=0x00030000
          13422	      6707	00100c88	00470893	addi	x17,x14,4	 x14:0x00030000 x17=0x00030004
          13426	      6709	00100c8c	0008a783	lw	x15,0(x17)	 x17:0x00030004 x15=0x00000000 PA:0x00030004 store:0x00000000
          13430	      6711	00100c90	00062683	lw	x13,0(x12)	 x12:0x00030000 x13=0x00001a35 PA:0x00030000 store:0x00000000
          13434	      6713	00100c94	0008a503	lw	x10,0(x17)	 x17:0x00030004 x10=0x00000000 PA:0x00030004 store:0x00000000
          13438	      6715	00100c98	06a78a63	beq	x15,x10,100d0c	 x15:0x00000000 x10:0x00000000
          13442	      6717	00100d0c	00b688b3	add	x17,x13,x11	 x13:0x00001a35 x11:0x000007d0 x17=0x00002205
          13444	      6718	00100d10	00030637	lui	x12,0x30	 x12=0x00030000
          13446	      6719	00100d14	00d8b6b3	sltu	x13,x17,x13	 x17:0x00002205 x13:0x00001a35 x13=0x00000000
          13448	      6720	00100d18	01078833	add	x16,x15,x16	 x15:0x00000000 x16:0x00000000 x16=0x00000000
          13450	      6721	00100d1c	fff00513	addi	x10,x0,-1	  x0:0x00000000 x10=0xffffffff
          13454	      6723	00100d20	00a62423	sw	x10,8(x12)	 x12:0x00030000 x10:0xffffffff PA:0x00030008 store:0xffffffff load:0x00001a11
          13456	      6724	00100d24	010687b3	add	x15,x13,x16	 x13:0x00000000 x16:0x00000000 x15=0x00000000
          13458	      6725	00100d28	000305b7	lui	x11,0x30	 x11=0x00030000
          13462	      6727	00100d2c	00f5a623	sw	x15,12(x11)	 x11:0x00030000 x15:0x00000000 PA:0x0003000c store:0x00000000 load:0x00000000
          13466	      6729	00100d30	01162423	sw	x17,8(x12)	 x12:0x00030000 x17:0x00002205 PA:0x00030008 store:0x00002205 load:0xffffffff
          13468	      6730	00100d34	001016b7	lui	x13,0x101	 x13=0x00101000
          13472	      6732	00100d38	0c86a703	lw	x14,200(x13)	 x13:0x00101000 x14=0x00000002 PA:0x001010c8 store:0x00000002
          13476	      6734	00100d3c	0cc6a883	lw	x17,204(x13)	 x13:0x00101000 x17=0x00000000 PA:0x001010cc store:0x00030000
          13480	      6736	00100d40	01c12503	lw	x10,28(x2)	  x2:0x00137fc0 x10=0x00000000 PA:0x00137fdc store:0x00000000
          13482	      6737	00100d44	00170593	addi	x11,x14,1	 x14:0x00000002 x11=0x00000003
          13484	      6738	00100d48	00e5b633	sltu	x12,x11,x14	 x11:0x00000003 x14:0x00000002 x12=0x00000000
          13486	      6739	00100d4c	01160833	add	x16,x12,x17	 x12:0x00000000 x17:0x00000000 x16=0x00000000
          13490	      6741	00100d50	0cb6a423	sw	x11,200(x13)	 x13:0x00101000 x11:0x00000003 PA:0x001010c8 store:0x00000003 load:0x00000000
          13494	      6743	00100d54	0d06a623	sw	x16,204(x13)	 x13:0x00101000 x16:0x00000000 PA:0x001010cc store:0x00000000 load:0x00000000
          13498	      6745	00100d58	01812583	lw	x11,24(x2)	  x2:0x00137fc0 x11=0x0000000a PA:0x00137fd8 store:0x00000000
          13502	      6747	00100d5c	01412603	lw	x12,20(x2)	  x2:0x00137fc0 x12=0x00000000 PA:0x00137fd4 store:0x00101000
          13506	      6749	00100d60	01012683	lw	x13,16(x2)	  x2:0x00137fc0 x13=0x00000259 PA:0x00137fd0 store:0x00000000
          13510	      6751	00100d64	00c12703	lw	x14,12(x2)	  x2:0x00137fc0 x14=0x0000006f PA:0x00137fcc store:0x00000000
          13514	      6753	00100d68	00812783	lw	x15,8(x2)	  x2:0x00137fc0 x15=0x00020000 PA:0x00137fc8 store:0x00000002
          13518	      6755	00100d6c	00412803	lw	x16,4(x2)	  x2:0x00137fc0 x16=0x00000054 PA:0x00137fc4 store:0x00000000
          13522	      6757	00100d70	00012883	lw	x17,0(x2)	  x2:0x00137fc0 x17=0x00030000 PA:0x00137fc0 store:0x00000000
          13524	      6758	00100d74	02010113	addi	x2,x2,32	  x2:0x00137fc0  x2=0x00137fe0
          13526	      6759	00100d78	30200073	mret	
          13532	      6762	00100fc8	02049a63	bne	x9,x0,100ffc	  x9:0x00000000  x0:0x00000000
          13534	      6763	00100fcc	028ae863	bltu	x21,x8,100ffc	 x21:0x00000004  x8:0x00000002
          13538	      6765	00100fd0	c71ff0ef	jal	x1,100c40	  x1=0x00100fd4
          13540	      6766	00100c40	001017b7	lui	x15,0x101	 x15=0x00101000
          13544	      6768	00100c44	0c87a503	lw	x10,200(x15)	 x15:0x00101000 x10=0x00000003 PA:0x001010c8 store:0x00000002
          13548	      6770	00100c48	0cc7a583	lw	x11,204(x15)	 x15:0x00101000 x11=0x00000000 PA:0x001010cc store:0x00000000
          13552	      6772	00100c4c	00008067	jalr	x0,0(x1)	  x1:0x00100fd4  x0=0x00000000
          13554	      6773	00100fd4	00040913	addi	x18,x8,0	  x8:0x00000002 x18=0x00000002
          13556	      6774	00100fd8	00050413	addi	x8,x10,0	 x10:0x00000003  x8=0x00000003
          13558	      6775	00100fdc	00048993	addi	x19,x9,0	  x9:0x00000000 x19=0x00000000
          13560	      6776	00100fe0	00157793	andi	x15,x10,1	 x10:0x00000003 x15=0x00000001
          13562	      6777	00100fe4	00058493	addi	x9,x11,0	 x11:0x00000000  x9=0x00000000
          13564	      6778	00100fe8	0aca0513	addi	x10,x20,172	 x20:0x00101000 x10=0x001010ac
          13568	      6780	00100fec	fd2416e3	bne	x8,x18,100fb8	  x8:0x00000003 x18:0x00000002
          13574	      6783	00100fb8	00079463	bne	x15,x0,100fc0	 x15:0x00000001  x0:0x00000000
          13580	      6786	00100fc0	8e0ff0ef	jal	x1,1000a0	  x1=0x00100fc4
          13584	      6788	001000a0	00054803	lbu	x16,0(x10)	 x10:0x001010ac x16=0x00000054 PA:0x001010ac store:0x00000000
          13586	      6789	001000a4	06080663	beq	x16,x0,100110	 x16:0x00000054  x0:0x00000000
          13588	      6790	001000a8	000207b7	lui	x15,0x20	 x15=0x00020000
          13592	      6792	001000ac	0107a023	sw	x16,0(x15)	 x15:0x00020000 x16:0x00000054 PA:0x00020000 store:0x00000054 load:0x00000000
          13596	      6794	001000b0	00154703	lbu	x14,1(x10)	 x10:0x001010ac x14=0x00000069 PA:0x001010ad store:0x00100fc4
          13598	      6795	001000b4	04070e63	beq	x14,x0,100110	 x14:0x00000069  x0:0x00000000
          13602	      6797	001000b8	00e7a023	sw	x14,0(x15)	 x15:0x00020000 x14:0x00000069 PA:0x00020000 store:0x00000069 load:0x00000000
          13606	      6799	001000bc	00254283	lbu	x5,2(x10)	 x10:0x001010ac  x5=0x00000063 PA:0x001010ae store:0x00137fe0
          13608	      6800	001000c0	04028863	beq	x5,x0,100110	  x5:0x00000063  x0:0x00000000
          13612	      6802	001000c4	0057a023	sw	x5,0(x15)	 x15:0x00020000  x5:0x00000063 PA:0x00020000 store:0x00000063 load:0x00000000
          13616	      6804	001000c8	00354303	lbu	x6,3(x10)	 x10:0x001010ac  x6=0x0000006b PA:0x001010af store:0x00000000
          13618	      6805	001000cc	04030263	beq	x6,x0,100110	  x6:0x0000006b  x0:0x00000000
          13622	      6807	001000d0	0067a023	sw	x6,0(x15)	 x15:0x00020000  x6:0x0000006b PA:0x00020000 store:0x0000006b load:0x00000000
          13626	      6809	001000d4	00454383	lbu	x7,4(x10)	 x10:0x001010ac  x7=0x00000021 PA:0x001010b0 store:0x00000000
          13628	      6810	001000d8	02038c63	beq	x7,x0,100110	  x7:0x00000021  x0:0x00000000
          13632	      6812	001000dc	0077a023	sw	x7,0(x15)	 x15:0x00020000  x7:0x00000021 PA:0x00020000 store:0x00000021 load:0x00000000
          13636	      6814	001000e0	00554583	lbu	x11,5(x10)	 x10:0x001010ac x11=0x0000000a PA:0x001010b1 store:0x00000063
          13638	      6815	001000e4	02058663	beq	x11,x0,100110	 x11:0x0000000a  x0:0x00000000
          13642	      6817	001000e8	00b7a023	sw	x11,0(x15)	 x15:0x00020000 x11:0x0000000a PA:0x00020000 store:0x0000000a load:0x00000000
          13646	      6819	001000ec	00654603	lbu	x12,6(x10)	 x10:0x001010ac x12=0x00000000 PA:0x001010b2 store:0x0000006b
          13650	      6821	001000f0	02060063	beq	x12,x0,100110	 x12:0x00000000  x0:0x00000000
          13654	      6823	00100110	00000513	addi	x10,x0,0	  x0:0x00000000 x10=0x00000000
          13658	      6825	00100114	00008067	jalr	x0,0(x1)	  x1:0x00100fc4  x0=0x00000000
          13660	      6826	00100fc4	10500073	wfi	
          17440	      8716	0010001c	5950006f	jal	x0,100db0	  x0=0x00000000
          17444	      8718	00100db0	ea1ff06f	jal	x0,100c50	  x0=0x00000000
          17446	      8719	00100c50	fe010113	addi	x2,x2,-32	  x2:0x00137fe0  x2=0x00137fc0
          17450	      8721	00100c54	00f12423	sw	x15,8(x2)	  x2:0x00137fc0 x15:0x00020000 PA:0x00137fc8 store:0x00020000 load:0x00000a21
          17452	      8722	00100c58	001017b7	lui	x15,0x101	 x15=0x00101000
          17456	      8724	00100c5c	00b12c23	sw	x11,24(x2)	  x2:0x00137fc0 x11:0x0000000a PA:0x00137fd8 store:0x0000000a load:0x00000a21
          17460	      8726	00100c60	01012223	sw	x16,4(x2)	  x2:0x00137fc0 x16:0x00000054 PA:0x00137fc4 store:0x00000054 load:0x00000a21
          17464	      8728	00100c64	0c07a583	lw	x11,192(x15)	 x15:0x00101000 x11=0x000007d0 PA:0x001010c0 store:0x00000000
          17468	      8730	00100c68	0c47a803	lw	x16,196(x15)	 x15:0x00101000 x16=0x00000000 PA:0x001010c4 store:0x00000000
          17472	      8732	00100c6c	00e12623	sw	x14,12(x2)	  x2:0x00137fc0 x14:0x00000069 PA:0x00137fcc store:0x00000069 load:0x00000000
          17474	      8733	00100c70	00030737	lui	x14,0x30	 x14=0x00030000
          17478	      8735	00100c74	00c12a23	sw	x12,20(x2)	  x2:0x00137fc0 x12:0x00000000 PA:0x00137fd4 store:0x00000000 load:0x00000000
          17482	      8737	00100c78	01112023	sw	x17,0(x2)	  x2:0x00137fc0 x17:0x00030000 PA:0x00137fc0 store:0x00030000 load:0x00000000
          17486	      8739	00100c7c	00a12e23	sw	x10,28(x2)	  x2:0x00137fc0 x10:0x00000000 PA:0x00137fdc store:0x00000000 load:0x00000000
          17490	      8741	00100c80	00d12823	sw	x13,16(x2)	  x2:0x00137fc0 x13:0x00000259 PA:0x00137fd0 store:0x00000259 load:0x00000000
          17492	      8742	00100c84	00030637	lui	x12,0x30	 x12=0x00030000
          17494	      8743	00100c88	00470893	addi	x17,x14,4	 x14:0x00030000 x17=0x00030004
          17498	      8745	00100c8c	0008a783	lw	x15,0(x17)	 x17:0x00030004 x15=0x00000000 PA:0x00030004 store:0x00000000
          17502	      8747	00100c90	00062683	lw	x13,0(x12)	 x12:0x00030000 x13=0x00002229 PA:0x00030000 store:0x00000000
          17506	      8749	00100c94	0008a503	lw	x10,0(x17)	 x17:0x00030004 x10=0x00000000 PA:0x00030004 store:0x00000000
          17510	      8751	00100c98	06a78a63	beq	x15,x10,100d0c	 x15:0x00000000 x10:0x00000000
          17514	      8753	00100d0c	00b688b3	add	x17,x13,x11	 x13:0x00002229 x11:0x000007d0 x17=0x000029f9
          17516	      8754	00100d10	00030637	lui	x12,0x30	 x12=0x00030000
          17518	      8755	00100d14	00d8b6b3	sltu	x13,x17,x13	 x17:0x000029f9 x13:0x00002229 x13=0x00000000
          17520	      8756	00100d18	01078833	add	x16,x15,x16	 x15:0x00000000 x16:0x00000000 x16=0x00000000
          17522	      8757	00100d1c	fff00513	addi	x10,x0,-1	  x0:0x00000000 x10=0xffffffff
          17526	      8759	00100d20	00a62423	sw	x10,8(x12)	 x12:0x00030000 x10:0xffffffff PA:0x00030008 store:0xffffffff load:0x00002205
          17528	      8760	00100d24	010687b3	add	x15,x13,x16	 x13:0x00000000 x16:0x00000000 x15=0x00000000
          17530	      8761	00100d28	000305b7	lui	x11,0x30	 x11=0x00030000
          17534	      8763	00100d2c	00f5a623	sw	x15,12(x11)	 x11:0x00030000 x15:0x00000000 PA:0x0003000c store:0x00000000 load:0x00000000
          17538	      8765	00100d30	01162423	sw	x17,8(x12)	 x12:0x00030000 x17:0x000029f9 PA:0x00030008 store:0x000029f9 load:0xffffffff
          17540	      8766	00100d34	001016b7	lui	x13,0x101	 x13=0x00101000
          17544	      8768	00100d38	0c86a703	lw	x14,200(x13)	 x13:0x00101000 x14=0x00000003 PA:0x001010c8 store:0x00000003
          17548	      8770	00100d3c	0cc6a883	lw	x17,204(x13)	 x13:0x00101000 x17=0x00000000 PA:0x001010cc store:0x00030000
          17552	      8772	00100d40	01c12503	lw	x10,28(x2)	  x2:0x00137fc0 x10=0x00000000 PA:0x00137fdc store:0x00000000
          17554	      8773	00100d44	00170593	addi	x11,x14,1	 x14:0x00000003 x11=0x00000004
          17556	      8774	00100d48	00e5b633	sltu	x12,x11,x14	 x11:0x00000004 x14:0x00000003 x12=0x00000000
          17558	      8775	00100d4c	01160833	add	x16,x12,x17	 x12:0x00000000 x17:0x00000000 x16=0x00000000
          17562	      8777	00100d50	0cb6a423	sw	x11,200(x13)	 x13:0x00101000 x11:0x00000004 PA:0x001010c8 store:0x00000004 load:0x00000000
          17566	      8779	00100d54	0d06a623	sw	x16,204(x13)	 x13:0x00101000 x16:0x00000000 PA:0x001010cc store:0x00000000 load:0x00000000
          17570	      8781	00100d58	01812583	lw	x11,24(x2)	  x2:0x00137fc0 x11=0x0000000a PA:0x00137fd8 store:0x00000000
          17574	      8783	00100d5c	01412603	lw	x12,20(x2)	  x2:0x00137fc0 x12=0x00000000 PA:0x00137fd4 store:0x00101000
          17578	      8785	00100d60	01012683	lw	x13,16(x2)	  x2:0x00137fc0 x13=0x00000259 PA:0x00137fd0 store:0x00000000
          17582	      8787	00100d64	00c12703	lw	x14,12(x2)	  x2:0x00137fc0 x14=0x00000069 PA:0x00137fcc store:0x00000000
          17586	      8789	00100d68	00812783	lw	x15,8(x2)	  x2:0x00137fc0 x15=0x00020000 PA:0x00137fc8 store:0x00000003
          17590	      8791	00100d6c	00412803	lw	x16,4(x2)	  x2:0x00137fc0 x16=0x00000054 PA:0x00137fc4 store:0x00000000
          17594	      8793	00100d70	00012883	lw	x17,0(x2)	  x2:0x00137fc0 x17=0x00030000 PA:0x00137fc0 store:0x00000000
          17596	      8794	00100d74	02010113	addi	x2,x2,32	  x2:0x00137fc0  x2=0x00137fe0
          17598	      8795	00100d78	30200073	mret	
          17604	      8798	00100fc8	02049a63	bne	x9,x0,100ffc	  x9:0x00000000  x0:0x00000000
          17606	      8799	00100fcc	028ae863	bltu	x21,x8,100ffc	 x21:0x00000004  x8:0x00000003
          17610	      8801	00100fd0	c71ff0ef	jal	x1,100c40	  x1=0x00100fd4
          17612	      8802	00100c40	001017b7	lui	x15,0x101	 x15=0x00101000
          17616	      8804	00100c44	0c87a503	lw	x10,200(x15)	 x15:0x00101000 x10=0x00000004 PA:0x001010c8 store:0x00000003
          17620	      8806	00100c48	0cc7a583	lw	x11,204(x15)	 x15:0x00101000 x11=0x00000000 PA:0x001010cc store:0x00000000
          17624	      8808	00100c4c	00008067	jalr	x0,0(x1)	  x1:0x00100fd4  x0=0x00000000
          17626	      8809	00100fd4	00040913	addi	x18,x8,0	  x8:0x00000003 x18=0x00000003
          17628	      8810	00100fd8	00050413	addi	x8,x10,0	 x10:0x00000004  x8=0x00000004
          17630	      8811	00100fdc	00048993	addi	x19,x9,0	  x9:0x00000000 x19=0x00000000
          17632	      8812	00100fe0	00157793	andi	x15,x10,1	 x10:0x00000004 x15=0x00000000
          17634	      8813	00100fe4	00058493	addi	x9,x11,0	 x11:0x00000000  x9=0x00000000
          17636	      8814	00100fe8	0aca0513	addi	x10,x20,172	 x20:0x00101000 x10=0x001010ac
          17640	      8816	00100fec	fd2416e3	bne	x8,x18,100fb8	  x8:0x00000004 x18:0x00000003
          17644	      8818	00100fb8	00079463	bne	x15,x0,100fc0	 x15:0x00000000  x0:0x00000000
          17646	      8819	00100fbc	0b4b0513	addi	x10,x22,180	 x22:0x00101000 x10=0x001010b4
          17650	      8821	00100fc0	8e0ff0ef	jal	x1,1000a0	  x1=0x00100fc4
          17654	      8823	001000a0	00054803	lbu	x16,0(x10)	 x10:0x001010b4 x16=0x00000054 PA:0x001010b4 store:0x00000000
          17656	      8824	001000a4	06080663	beq	x16,x0,100110	 x16:0x00000054  x0:0x00000000
          17658	      8825	001000a8	000207b7	lui	x15,0x20	 x15=0x00020000
          17662	      8827	001000ac	0107a023	sw	x16,0(x15)	 x15:0x00020000 x16:0x00000054 PA:0x00020000 store:0x00000054 load:0x00000000
          17666	      8829	001000b0	00154703	lbu	x14,1(x10)	 x10:0x001010b4 x14=0x0000006f PA:0x001010b5 store:0x00100fc4
          17668	      8830	001000b4	04070e63	beq	x14,x0,100110	 x14:0x0000006f  x0:0x00000000
          17672	      8832	001000b8	00e7a023	sw	x14,0(x15)	 x15:0x00020000 x14:0x0000006f PA:0x00020000 store:0x0000006f load:0x00000000
          17676	      8834	001000bc	00254283	lbu	x5,2(x10)	 x10:0x001010b4  x5=0x00000063 PA:0x001010b6 store:0x00137fe0
          17678	      8835	001000c0	04028863	beq	x5,x0,100110	  x5:0x00000063  x0:0x00000000
          17682	      8837	001000c4	0057a023	sw	x5,0(x15)	 x15:0x00020000  x5:0x00000063 PA:0x00020000 store:0x00000063 load:0x00000000
          17686	      8839	001000c8	00354303	lbu	x6,3(x10)	 x10:0x001010b4  x6=0x0000006b PA:0x001010b7 store:0x00000000
          17688	      8840	001000cc	04030263	beq	x6,x0,100110	  x6:0x0000006b  x0:0x00000000
          17692	      8842	001000d0	0067a023	sw	x6,0(x15)	 x15:0x00020000  x6:0x0000006b PA:0x00020000 store:0x0000006b load:0x00000000
          17696	      8844	001000d4	00454383	lbu	x7,4(x10)	 x10:0x001010b4  x7=0x00000021 PA:0x001010b8 store:0x00000000
          17698	      8845	001000d8	02038c63	beq	x7,x0,100110	  x7:0x00000021  x0:0x00000000
          17702	      8847	001000dc	0077a023	sw	x7,0(x15)	 x15:0x00020000  x7:0x00000021 PA:0x00020000 store:0x00000021 load:0x00000000
          17706	      8849	001000e0	00554583	lbu	x11,5(x10)	 x10:0x001010b4 x11=0x0000000a PA:0x001010b9 store:0x00000063
          17708	      8850	001000e4	02058663	beq	x11,x0,100110	 x11:0x0000000a  x0:0x00000000
          17712	      8852	001000e8	00b7a023	sw	x11,0(x15)	 x15:0x00020000 x11:0x0000000a PA:0x00020000 store:0x0000000a load:0x00000000
          17716	      8854	001000ec	00654603	lbu	x12,6(x10)	 x10:0x001010b4 x12=0x00000000 PA:0x001010ba store:0x0000006b
          17720	      8856	001000f0	02060063	beq	x12,x0,100110	 x12:0x00000000  x0:0x00000000
          17724	      8858	00100110	00000513	addi	x10,x0,0	  x0:0x00000000 x10=0x00000000
          17728	      8860	00100114	00008067	jalr	x0,0(x1)	  x1:0x00100fc4  x0=0x00000000
          17730	      8861	00100fc4	10500073	wfi	
          21512	     10752	0010001c	5950006f	jal	x0,100db0	  x0=0x00000000
          21516	     10754	00100db0	ea1ff06f	jal	x0,100c50	  x0=0x00000000
          21518	     10755	00100c50	fe010113	addi	x2,x2,-32	  x2:0x00137fe0  x2=0x00137fc0
          21522	     10757	00100c54	00f12423	sw	x15,8(x2)	  x2:0x00137fc0 x15:0x00020000 PA:0x00137fc8 store:0x00020000 load:0x00000a21
          21524	     10758	00100c58	001017b7	lui	x15,0x101	 x15=0x00101000
          21528	     10760	00100c5c	00b12c23	sw	x11,24(x2)	  x2:0x00137fc0 x11:0x0000000a PA:0x00137fd8 store:0x0000000a load:0x00000a21
          21532	     10762	00100c60	01012223	sw	x16,4(x2)	  x2:0x00137fc0 x16:0x00000054 PA:0x00137fc4 store:0x00000054 load:0x00000a21
          21536	     10764	00100c64	0c07a583	lw	x11,192(x15)	 x15:0x00101000 x11=0x000007d0 PA:0x001010c0 store:0x00000000
          21540	     10766	00100c68	0c47a803	lw	x16,196(x15)	 x15:0x00101000 x16=0x00000000 PA:0x001010c4 store:0x00000000
          21544	     10768	00100c6c	00e12623	sw	x14,12(x2)	  x2:0x00137fc0 x14:0x0000006f PA:0x00137fcc store:0x0000006f load:0x00000000
          21546	     10769	00100c70	00030737	lui	x14,0x30	 x14=0x00030000
          21550	     10771	00100c74	00c12a23	sw	x12,20(x2)	  x2:0x00137fc0 x12:0x00000000 PA:0x00137fd4 store:0x00000000 load:0x00000000
          21554	     10773	00100c78	01112023	sw	x17,0(x2)	  x2:0x00137fc0 x17:0x00030000 PA:0x00137fc0 store:0x00030000 load:0x00000000
          21558	     10775	00100c7c	00a12e23	sw	x10,28(x2)	  x2:0x00137fc0 x10:0x00000000 PA:0x00137fdc store:0x00000000 load:0x00000000
          21562	     10777	00100c80	00d12823	sw	x13,16(x2)	  x2:0x00137fc0 x13:0x00000259 PA:0x00137fd0 store:0x00000259 load:0x00000000
          21564	     10778	00100c84	00030637	lui	x12,0x30	 x12=0x00030000
          21566	     10779	00100c88	00470893	addi	x17,x14,4	 x14:0x00030000 x17=0x00030004
          21570	     10781	00100c8c	0008a783	lw	x15,0(x17)	 x17:0x00030004 x15=0x00000000 PA:0x00030004 store:0x00000000
          21574	     10783	00100c90	00062683	lw	x13,0(x12)	 x12:0x00030000 x13=0x00002a1d PA:0x00030000 store:0x00000000
          21578	     10785	00100c94	0008a503	lw	x10,0(x17)	 x17:0x00030004 x10=0x00000000 PA:0x00030004 store:0x00000000
          21582	     10787	00100c98	06a78a63	beq	x15,x10,100d0c	 x15:0x00000000 x10:0x00000000
          21586	     10789	00100d0c	00b688b3	add	x17,x13,x11	 x13:0x00002a1d x11:0x000007d0 x17=0x000031ed
          21588	     10790	00100d10	00030637	lui	x12,0x30	 x12=0x00030000
          21590	     10791	00100d14	00d8b6b3	sltu	x13,x17,x13	 x17:0x000031ed x13:0x00002a1d x13=0x00000000
          21592	     10792	00100d18	01078833	add	x16,x15,x16	 x15:0x00000000 x16:0x00000000 x16=0x00000000
          21594	     10793	00100d1c	fff00513	addi	x10,x0,-1	  x0:0x00000000 x10=0xffffffff
          21598	     10795	00100d20	00a62423	sw	x10,8(x12)	 x12:0x00030000 x10:0xffffffff PA:0x00030008 store:0xffffffff load:0x000029f9
          21600	     10796	00100d24	010687b3	add	x15,x13,x16	 x13:0x00000000 x16:0x00000000 x15=0x00000000
          21602	     10797	00100d28	000305b7	lui	x11,0x30	 x11=0x00030000
          21606	     10799	00100d2c	00f5a623	sw	x15,12(x11)	 x11:0x00030000 x15:0x00000000 PA:0x0003000c store:0x00000000 load:0x00000000
          21610	     10801	00100d30	01162423	sw	x17,8(x12)	 x12:0x00030000 x17:0x000031ed PA:0x00030008 store:0x000031ed load:0xffffffff
          21612	     10802	00100d34	001016b7	lui	x13,0x101	 x13=0x00101000
          21616	     10804	00100d38	0c86a703	lw	x14,200(x13)	 x13:0x00101000 x14=0x00000004 PA:0x001010c8 store:0x00000004
          21620	     10806	00100d3c	0cc6a883	lw	x17,204(x13)	 x13:0x00101000 x17=0x00000000 PA:0x001010cc store:0x00030000
          21624	     10808	00100d40	01c12503	lw	x10,28(x2)	  x2:0x00137fc0 x10=0x00000000 PA:0x00137fdc store:0x00000000
          21626	     10809	00100d44	00170593	addi	x11,x14,1	 x14:0x00000004 x11=0x00000005
          21628	     10810	00100d48	00e5b633	sltu	x12,x11,x14	 x11:0x00000005 x14:0x00000004 x12=0x00000000
          21630	     10811	00100d4c	01160833	add	x16,x12,x17	 x12:0x00000000 x17:0x00000000 x16=0x00000000
          21634	     10813	00100d50	0cb6a423	sw	x11,200(x13)	 x13:0x00101000 x11:0x00000005 PA:0x001010c8 store:0x00000005 load:0x00000000
          21638	     10815	00100d54	0d06a623	sw	x16,204(x13)	 x13:0x00101000 x16:0x00000000 PA:0x001010cc store:0x00000000 load:0x00000000
          21642	     10817	00100d58	01812583	lw	x11,24(x2)	  x2:0x00137fc0 x11=0x0000000a PA:0x00137fd8 store:0x00000000
          21646	     10819	00100d5c	01412603	lw	x12,20(x2)	  x2:0x00137fc0 x12=0x00000000 PA:0x00137fd4 store:0x00101000
          21650	     10821	00100d60	01012683	lw	x13,16(x2)	  x2:0x00137fc0 x13=0x00000259 PA:0x00137fd0 store:0x00000000
          21654	     10823	00100d64	00c12703	lw	x14,12(x2)	  x2:0x00137fc0 x14=0x0000006f PA:0x00137fcc store:0x00000000
          21658	     10825	00100d68	00812783	lw	x15,8(x2)	  x2:0x00137fc0 x15=0x00020000 PA:0x00137fc8 store:0x00000004
          21662	     10827	00100d6c	00412803	lw	x16,4(x2)	  x2:0x00137fc0 x16=0x00000054 PA:0x00137fc4 store:0x00000000
          21666	     10829	00100d70	00012883	lw	x17,0(x2)	  x2:0x00137fc0 x17=0x00030000 PA:0x00137fc0 store:0x00000000
          21668	     10830	00100d74	02010113	addi	x2,x2,32	  x2:0x00137fc0  x2=0x00137fe0
          21670	     10831	00100d78	30200073	mret	
          21676	     10834	00100fc8	02049a63	bne	x9,x0,100ffc	  x9:0x00000000  x0:0x00000000
          21678	     10835	00100fcc	028ae863	bltu	x21,x8,100ffc	 x21:0x00000004  x8:0x00000004
          21682	     10837	00100fd0	c71ff0ef	jal	x1,100c40	  x1=0x00100fd4
          21684	     10838	00100c40	001017b7	lui	x15,0x101	 x15=0x00101000
          21688	     10840	00100c44	0c87a503	lw	x10,200(x15)	 x15:0x00101000 x10=0x00000005 PA:0x001010c8 store:0x00000004
          21692	     10842	00100c48	0cc7a583	lw	x11,204(x15)	 x15:0x00101000 x11=0x00000000 PA:0x001010cc store:0x00000000
          21696	     10844	00100c4c	00008067	jalr	x0,0(x1)	  x1:0x00100fd4  x0=0x00000000
          21698	     10845	00100fd4	00040913	addi	x18,x8,0	  x8:0x00000004 x18=0x00000004
          21700	     10846	00100fd8	00050413	addi	x8,x10,0	 x10:0x00000005  x8=0x00000005
          21702	     10847	00100fdc	00048993	addi	x19,x9,0	  x9:0x00000000 x19=0x00000000
          21704	     10848	00100fe0	00157793	andi	x15,x10,1	 x10:0x00000005 x15=0x00000001
          21706	     10849	00100fe4	00058493	addi	x9,x11,0	 x11:0x00000000  x9=0x00000000
          21708	     10850	00100fe8	0aca0513	addi	x10,x20,172	 x20:0x00101000 x10=0x001010ac
          21712	     10852	00100fec	fd2416e3	bne	x8,x18,100fb8	  x8:0x00000005 x18:0x00000004
          21718	     10855	00100fb8	00079463	bne	x15,x0,100fc0	 x15:0x00000001  x0:0x00000000
          21724	     10858	00100fc0	8e0ff0ef	jal	x1,1000a0	  x1=0x00100fc4
          21728	     10860	001000a0	00054803	lbu	x16,0(x10)	 x10:0x001010ac x16=0x00000054 PA:0x001010ac store:0x00000000
          21730	     10861	001000a4	06080663	beq	x16,x0,100110	 x16:0x00000054  x0:0x00000000
          21732	     10862	001000a8	000207b7	lui	x15,0x20	 x15=0x00020000
          21736	     10864	001000ac	0107a023	sw	x16,0(x15)	 x15:0x00020000 x16:0x00000054 PA:0x00020000 store:0x00000054 load:0x00000000
          21740	     10866	001000b0	00154703	lbu	x14,1(x10)	 x10:0x001010ac x14=0x00000069 PA:0x001010ad store:0x00100fc4
          21742	     10867	001000b4	04070e63	beq	x14,x0,100110	 x14:0x00000069  x0:0x00000000
          21746	     10869	001000b8	00e7a023	sw	x14,0(x15)	 x15:0x00020000 x14:0x00000069 PA:0x00020000 store:0x00000069 load:0x00000000
          21750	     10871	001000bc	00254283	lbu	x5,2(x10)	 x10:0x001010ac  x5=0x00000063 PA:0x001010ae store:0x00137fe0
          21752	     10872	001000c0	04028863	beq	x5,x0,100110	  x5:0x00000063  x0:0x00000000
          21756	     10874	001000c4	0057a023	sw	x5,0(x15)	 x15:0x00020000  x5:0x00000063 PA:0x00020000 store:0x00000063 load:0x00000000
          21760	     10876	001000c8	00354303	lbu	x6,3(x10)	 x10:0x001010ac  x6=0x0000006b PA:0x001010af store:0x00000000
          21762	     10877	001000cc	04030263	beq	x6,x0,100110	  x6:0x0000006b  x0:0x00000000
          21766	     10879	001000d0	0067a023	sw	x6,0(x15)	 x15:0x00020000  x6:0x0000006b PA:0x00020000 store:0x0000006b load:0x00000000
          21770	     10881	001000d4	00454383	lbu	x7,4(x10)	 x10:0x001010ac  x7=0x00000021 PA:0x001010b0 store:0x00000000
          21772	     10882	001000d8	02038c63	beq	x7,x0,100110	  x7:0x00000021  x0:0x00000000
          21776	     10884	001000dc	0077a023	sw	x7,0(x15)	 x15:0x00020000  x7:0x00000021 PA:0x00020000 store:0x00000021 load:0x00000000
          21780	     10886	001000e0	00554583	lbu	x11,5(x10)	 x10:0x001010ac x11=0x0000000a PA:0x001010b1 store:0x00000063
          21782	     10887	001000e4	02058663	beq	x11,x0,100110	 x11:0x0000000a  x0:0x00000000
          21786	     10889	001000e8	00b7a023	sw	x11,0(x15)	 x15:0x00020000 x11:0x0000000a PA:0x00020000 store:0x0000000a load:0x00000000
          21790	     10891	001000ec	00654603	lbu	x12,6(x10)	 x10:0x001010ac x12=0x00000000 PA:0x001010b2 store:0x0000006b
          21794	     10893	001000f0	02060063	beq	x12,x0,100110	 x12:0x00000000  x0:0x00000000
          21798	     10895	00100110	00000513	addi	x10,x0,0	  x0:0x00000000 x10=0x00000000
          21802	     10897	00100114	00008067	jalr	x0,0(x1)	  x1:0x00100fc4  x0=0x00000000
          21804	     10898	00100fc4	10500073	wfi	
          25584	     12788	0010001c	5950006f	jal	x0,100db0	  x0=0x00000000
          25588	     12790	00100db0	ea1ff06f	jal	x0,100c50	  x0=0x00000000
          25590	     12791	00100c50	fe010113	addi	x2,x2,-32	  x2:0x00137fe0  x2=0x00137fc0
          25594	     12793	00100c54	00f12423	sw	x15,8(x2)	  x2:0x00137fc0 x15:0x00020000 PA:0x00137fc8 store:0x00020000 load:0x00000a21
          25596	     12794	00100c58	001017b7	lui	x15,0x101	 x15=0x00101000
          25600	     12796	00100c5c	00b12c23	sw	x11,24(x2)	  x2:0x00137fc0 x11:0x0000000a PA:0x00137fd8 store:0x0000000a load:0x00000a21
          25604	     12798	00100c60	01012223	sw	x16,4(x2)	  x2:0x00137fc0 x16:0x00000054 PA:0x00137fc4 store:0x00000054 load:0x00000a21
          25608	     12800	00100c64	0c07a583	lw	x11,192(x15)	 x15:0x00101000 x11=0x000007d0 PA:0x001010c0 store:0x00000000
          25612	     12802	00100c68	0c47a803	lw	x16,196(x15)	 x15:0x00101000 x16=0x00000000 PA:0x001010c4 store:0x00000000
          25616	     12804	00100c6c	00e12623	sw	x14,12(x2)	  x2:0x00137fc0 x14:0x00000069 PA:0x00137fcc store:0x00000069 load:0x00000000
          25618	     12805	00100c70	00030737	lui	x14,0x30	 x14=0x00030000
          25622	     12807	00100c74	00c12a23	sw	x12,20(x2)	  x2:0x00137fc0 x12:0x00000000 PA:0x00137fd4 store:0x00000000 load:0x00000000
          25626	     12809	00100c78	01112023	sw	x17,0(x2)	  x2:0x00137fc0 x17:0x00030000 PA:0x00137fc0 store:0x00030000 load:0x00000000
          25630	     12811	00100c7c	00a12e23	sw	x10,28(x2)	  x2:0x00137fc0 x10:0x00000000 PA:0x00137fdc store:0x00000000 load:0x00000000
          25634	     12813	00100c80	00d12823	sw	x13,16(x2)	  x2:0x00137fc0 x13:0x00000259 PA:0x00137fd0 store:0x00000259 load:0x00000000
          25636	     12814	00100c84	00030637	lui	x12,0x30	 x12=0x00030000
          25638	     12815	00100c88	00470893	addi	x17,x14,4	 x14:0x00030000 x17=0x00030004
          25642	     12817	00100c8c	0008a783	lw	x15,0(x17)	 x17:0x00030004 x15=0x00000000 PA:0x00030004 store:0x00000000
          25646	     12819	00100c90	00062683	lw	x13,0(x12)	 x12:0x00030000 x13=0x00003211 PA:0x00030000 store:0x00000000
          25650	     12821	00100c94	0008a503	lw	x10,0(x17)	 x17:0x00030004 x10=0x00000000 PA:0x00030004 store:0x00000000
          25654	     12823	00100c98	06a78a63	beq	x15,x10,100d0c	 x15:0x00000000 x10:0x00000000
          25658	     12825	00100d0c	00b688b3	add	x17,x13,x11	 x13:0x00003211 x11:0x000007d0 x17=0x000039e1
          25660	     12826	00100d10	00030637	lui	x12,0x30	 x12=0x00030000
          25662	     12827	00100d14	00d8b6b3	sltu	x13,x17,x13	 x17:0x000039e1 x13:0x00003211 x13=0x00000000
          25664	     12828	00100d18	01078833	add	x16,x15,x16	 x15:0x00000000 x16:0x00000000 x16=0x00000000
          25666	     12829	00100d1c	fff00513	addi	x10,x0,-1	  x0:0x00000000 x10=0xffffffff
          25670	     12831	00100d20	00a62423	sw	x10,8(x12)	 x12:0x00030000 x10:0xffffffff PA:0x00030008 store:0xffffffff load:0x000031ed
          25672	     12832	00100d24	010687b3	add	x15,x13,x16	 x13:0x00000000 x16:0x00000000 x15=0x00000000
          25674	     12833	00100d28	000305b7	lui	x11,0x30	 x11=0x00030000
          25678	     12835	00100d2c	00f5a623	sw	x15,12(x11)	 x11:0x00030000 x15:0x00000000 PA:0x0003000c store:0x00000000 load:0x00000000
          25682	     12837	00100d30	01162423	sw	x17,8(x12)	 x12:0x00030000 x17:0x000039e1 PA:0x00030008 store:0x000039e1 load:0xffffffff
          25684	     12838	00100d34	001016b7	lui	x13,0x101	 x13=0x00101000
          25688	     12840	00100d38	0c86a703	lw	x14,200(x13)	 x13:0x00101000 x14=0x00000005 PA:0x001010c8 store:0x00000005
          25692	     12842	00100d3c	0cc6a883	lw	x17,204(x13)	 x13:0x00101000 x17=0x00000000 PA:0x001010cc store:0x00030000
          25696	     12844	00100d40	01c12503	lw	x10,28(x2)	  x2:0x00137fc0 x10=0x00000000 PA:0x00137fdc store:0x00000000
          25698	     12845	00100d44	00170593	addi	x11,x14,1	 x14:0x00000005 x11=0x00000006
          25700	     12846	00100d48	00e5b633	sltu	x12,x11,x14	 x11:0x00000006 x14:0x00000005 x12=0x00000000
          25702	     12847	00100d4c	01160833	add	x16,x12,x17	 x12:0x00000000 x17:0x00000000 x16=0x00000000
          25706	     12849	00100d50	0cb6a423	sw	x11,200(x13)	 x13:0x00101000 x11:0x00000006 PA:0x001010c8 store:0x00000006 load:0x00000000
          25710	     12851	00100d54	0d06a623	sw	x16,204(x13)	 x13:0x00101000 x16:0x00000000 PA:0x001010cc store:0x00000000 load:0x00000000
          25714	     12853	00100d58	01812583	lw	x11,24(x2)	  x2:0x00137fc0 x11=0x0000000a PA:0x00137fd8 store:0x00000000
          25718	     12855	00100d5c	01412603	lw	x12,20(x2)	  x2:0x00137fc0 x12=0x00000000 PA:0x00137fd4 store:0x00101000
          25722	     12857	00100d60	01012683	lw	x13,16(x2)	  x2:0x00137fc0 x13=0x00000259 PA:0x00137fd0 store:0x00000000
          25726	     12859	00100d64	00c12703	lw	x14,12(x2)	  x2:0x00137fc0 x14=0x00000069 PA:0x00137fcc store:0x00000000
          25730	     12861	00100d68	00812783	lw	x15,8(x2)	  x2:0x00137fc0 x15=0x00020000 PA:0x00137fc8 store:0x00000005
          25734	     12863	00100d6c	00412803	lw	x16,4(x2)	  x2:0x00137fc0 x16=0x00000054 PA:0x00137fc4 store:0x00000000
          25738	     12865	00100d70	00012883	lw	x17,0(x2)	  x2:0x00137fc0 x17=0x00030000 PA:0x00137fc0 store:0x00000000
          25740	     12866	00100d74	02010113	addi	x2,x2,32	  x2:0x00137fc0  x2=0x00137fe0
          25742	     12867	00100d78	30200073	mret	
          25748	     12870	00100fc8	02049a63	bne	x9,x0,100ffc	  x9:0x00000000  x0:0x00000000
          25752	     12872	00100fcc	028ae863	bltu	x21,x8,100ffc	 x21:0x00000004  x8:0x00000005
          25758	     12875	00100ffc	01812403	lw	x8,24(x2)	  x2:0x00137fe0  x8=0x00000000 PA:0x00137ff8 store:0x00000000
          25762	     12877	00101000	01412483	lw	x9,20(x2)	  x2:0x00137fe0  x9=0x00000000 PA:0x00137ff4 store:0x00101000
          25766	     12879	00101004	01012903	lw	x18,16(x2)	  x2:0x00137fe0 x18=0x00000000 PA:0x00137ff0 store:0x00000054
          25770	     12881	00101008	00c12983	lw	x19,12(x2)	  x2:0x00137fe0 x19=0x00000000 PA:0x00137fec store:0x00000000
          25774	     12883	0010100c	00812a03	lw	x20,8(x2)	  x2:0x00137fe0 x20=0x00000000 PA:0x00137fe8 store:0x00000000
          25778	     12885	00101010	00412a83	lw	x21,4(x2)	  x2:0x00137fe0 x21=0x00000000 PA:0x00137fe4 store:0x00000000
          25782	     12887	00101014	00012b03	lw	x22,0(x2)	  x2:0x00137fe0 x22=0x00000000 PA:0x00137fe0 store:0x00000000
          25786	     12889	00101018	01c12083	lw	x1,28(x2)	  x2:0x00137fe0  x1=0x00100e64 PA:0x00137ffc store:0x00000000
          25788	     12890	0010101c	00000513	addi	x10,x0,0	  x0:0x00000000 x10=0x00000000
          25790	     12891	00101020	02010113	addi	x2,x2,32	  x2:0x00137fe0  x2=0x00138000
          25794	     12893	00101024	00008067	jalr	x0,0(x1)	  x1:0x00100e64  x0=0x00000000
          25796	     12894	00100e64	000202b7	lui	x5,0x20	  x5=0x00020000
          25798	     12895	00100e68	00828293	addi	x5,x5,8	  x5:0x00020000  x5=0x00020008
          25800	     12896	00100e6c	00100313	addi	x6,x0,1	  x0:0x00000000  x6=0x00000001
          25804	     12898	00100e70	0062a023	sw	x6,0(x5)	  x5:0x00020008  x6:0x00000001 PA:0x00020008 store:0x00000001 load:0x00000000
