Time	Cycle	PC	Insn	Decoded instruction	Register and memory contents
             20	         6	00100080	6290006f	jal	x0,100ea8	  x0=0x00000000
             22	         7	00100ea8	00000093	addi	x1,x0,0	  x0:0x00000000  x1=0x00000000
             24	         8	00100eac	00008113	addi	x2,x1,0	  x1:0x00000000  x2=0x00000000
             26	         9	00100eb0	00008193	addi	x3,x1,0	  x1:0x00000000  x3=0x00000000
             28	        10	00100eb4	00008213	addi	x4,x1,0	  x1:0x00000000  x4=0x00000000
             30	        11	00100eb8	00008293	addi	x5,x1,0	  x1:0x00000000  x5=0x00000000
             32	        12	00100ebc	00008313	addi	x6,x1,0	  x1:0x00000000  x6=0x00000000
             34	        13	00100ec0	00008393	addi	x7,x1,0	  x1:0x00000000  x7=0x00000000
             36	        14	00100ec4	00008413	addi	x8,x1,0	  x1:0x00000000  x8=0x00000000
             38	        15	00100ec8	00008493	addi	x9,x1,0	  x1:0x00000000  x9=0x00000000
             40	        16	00100ecc	00008513	addi	x10,x1,0	  x1:0x00000000 x10=0x00000000
             42	        17	00100ed0	00008593	addi	x11,x1,0	  x1:0x00000000 x11=0x00000000
             44	        18	00100ed4	00008613	addi	x12,x1,0	  x1:0x00000000 x12=0x00000000
             46	        19	00100ed8	00008693	addi	x13,x1,0	  x1:0x00000000 x13=0x00000000
             48	        20	00100edc	00008713	addi	x14,x1,0	  x1:0x00000000 x14=0x00000000
             50	        21	00100ee0	00008793	addi	x15,x1,0	  x1:0x00000000 x15=0x00000000
             52	        22	00100ee4	00008813	addi	x16,x1,0	  x1:0x00000000 x16=0x00000000
             54	        23	00100ee8	00008893	addi	x17,x1,0	  x1:0x00000000 x17=0x00000000
             56	        24	00100eec	00008913	addi	x18,x1,0	  x1:0x00000000 x18=0x00000000
             58	        25	00100ef0	00008993	addi	x19,x1,0	  x1:0x00000000 x19=0x00000000
             60	        26	00100ef4	00008a13	addi	x20,x1,0	  x1:0x00000000 x20=0x00000000
             62	        27	00100ef8	00008a93	addi	x21,x1,0	  x1:0x00000000 x21=0x00000000
             64	        28	00100efc	00008b13	addi	x22,x1,0	  x1:0x00000000 x22=0x00000000
             66	        29	00100f00	00008b93	addi	x23,x1,0	  x1:0x00000000 x23=0x00000000
             68	        30	00100f04	00008c13	addi	x24,x1,0	  x1:0x00000000 x24=0x00000000
             70	        31	00100f08	00008c93	addi	x25,x1,0	  x1:0x00000000 x25=0x00000000
             72	        32	00100f0c	00008d13	addi	x26,x1,0	  x1:0x00000000 x26=0x00000000
             74	        33	00100f10	00008d93	addi	x27,x1,0	  x1:0x00000000 x27=0x00000000
             76	        34	00100f14	00008e13	addi	x28,x1,0	  x1:0x00000000 x28=0x00000000
             78	        35	00100f18	00008e93	addi	x29,x1,0	  x1:0x00000000 x29=0x00000000
             80	        36	00100f1c	00008f13	addi	x30,x1,0	  x1:0x00000000 x30=0x00000000
             82	        37	00100f20	00008f93	addi	x31,x1,0	  x1:0x00000000 x31=0x00000000
             84	        38	00100f24	00037117	auipc	x2,0x37	  x2=0x00137f24
             86	        39	00100f28	0dc10113	addi	x2,x2,220	  x2:0x00137f24  x2=0x00138000
             88	        40	00100f2c	00000d17	auipc	x26,0x0	 x26=0x00100f2c
             90	        41	00100f30	43cd0d13	addi	x26,x26,1084	 x26:0x00100f2c x26=0x00101368
             92	        42	00100f34	00000d97	auipc	x27,0x0	 x27=0x00100f34
             94	        43	00100f38	490d8d93	addi	x27,x27,1168	 x27:0x00100f34 x27=0x001013c4
             96	        44	00100f3c	01bd5863	bge	x26,x27,100f4c	 x26:0x00101368 x27:0x001013c4
            100	        46	00100f40	000d2023	sw	x0,0(x26)	 x26:0x00101368  x0:0x00000000 PA:0x00101368 store:0x00000000 load:0x00000000
            102	        47	00100f44	004d0d13	addi	x26,x26,4	 x26:0x00101368 x26=0x0010136c
            106	        49	00100f48	ffaddce3	bge	x27,x26,100f40	 x27:0x001013c4 x26:0x0010136c
            112	        52	00100f40	000d2023	sw	x0,0(x26)	 x26:0x0010136c  x0:0x00000000 PA:0x0010136c store:0x00000000 load:0x00000000
            114	        53	00100f44	004d0d13	addi	x26,x26,4	 x26:0x0010136c x26=0x00101370
            118	        55	00100f48	ffaddce3	bge	x27,x26,100f40	 x27:0x001013c4 x26:0x00101370
            124	        58	00100f40	000d2023	sw	x0,0(x26)	 x26:0x00101370  x0:0x00000000 PA:0x00101370 store:0x00000000 load:0x00000000
            126	        59	00100f44	004d0d13	addi	x26,x26,4	 x26:0x00101370 x26=0x00101374
            130	        61	00100f48	ffaddce3	bge	x27,x26,100f40	 x27:0x001013c4 x26:0x00101374
            136	        64	00100f40	000d2023	sw	x0,0(x26)	 x26:0x00101374  x0:0x00000000 PA:0x00101374 store:0x00000000 load:0x00000000
            138	        65	00100f44	004d0d13	addi	x26,x26,4	 x26:0x00101374 x26=0x00101378
            142	        67	00100f48	ffaddce3	bge	x27,x26,100f40	 x27:0x001013c4 x26:0x00101378
            148	        70	00100f40	000d2023	sw	x0,0(x26)	 x26:0x00101378  x0:0x00000000 PA:0x00101378 store:0x00000000 load:0x00000000
            150	        71	00100f44	004d0d13	addi	x26,x26,4	 x26:0x00101378 x26=0x0010137c
            154	        73	00100f48	ffaddce3	bge	x27,x26,100f40	 x27:0x001013c4 x26:0x0010137c
            160	        76	00100f40	000d2023	sw	x0,0(x26)	 x26:0x0010137c  x0:0x00000000 PA:0x0010137c store:0x00000000 load:0x00000000
            162	        77	00100f44	004d0d13	addi	x26,x26,4	 x26:0x0010137c x26=0x00101380
            166	        79	00100f48	ffaddce3	bge	x27,x26,100f40	 x27:0x001013c4 x26:0x00101380
            172	        82	00100f40	000d2023	sw	x0,0(x26)	 x26:0x00101380  x0:0x00000000 PA:0x00101380 store:0x00000000 load:0x00000000
            174	        83	00100f44	004d0d13	addi	x26,x26,4	 x26:0x00101380 x26=0x00101384
            178	        85	00100f48	ffaddce3	bge	x27,x26,100f40	 x27:0x001013c4 x26:0x00101384
            184	        88	00100f40	000d2023	sw	x0,0(x26)	 x26:0x00101384  x0:0x00000000 PA:0x00101384 store:0x00000000 load:0x00000000
            186	        89	00100f44	004d0d13	addi	x26,x26,4	 x26:0x00101384 x26=0x00101388
            190	        91	00100f48	ffaddce3	bge	x27,x26,100f40	 x27:0x001013c4 x26:0x00101388
            196	        94	00100f40	000d2023	sw	x0,0(x26)	 x26:0x00101388  x0:0x00000000 PA:0x00101388 store:0x00000000 load:0x00000000
            198	        95	00100f44	004d0d13	addi	x26,x26,4	 x26:0x00101388 x26=0x0010138c
            202	        97	00100f48	ffaddce3	bge	x27,x26,100f40	 x27:0x001013c4 x26:0x0010138c
            208	       100	00100f40	000d2023	sw	x0,0(x26)	 x26:0x0010138c  x0:0x00000000 PA:0x0010138c store:0x00000000 load:0x00000000
            210	       101	00100f44	004d0d13	addi	x26,x26,4	 x26:0x0010138c x26=0x00101390
            214	       103	00100f48	ffaddce3	bge	x27,x26,100f40	 x27:0x001013c4 x26:0x00101390
            220	       106	00100f40	000d2023	sw	x0,0(x26)	 x26:0x00101390  x0:0x00000000 PA:0x00101390 store:0x00000000 load:0x00000000
            222	       107	00100f44	004d0d13	addi	x26,x26,4	 x26:0x00101390 x26=0x00101394
            226	       109	00100f48	ffaddce3	bge	x27,x26,100f40	 x27:0x001013c4 x26:0x00101394
            232	       112	00100f40	000d2023	sw	x0,0(x26)	 x26:0x00101394  x0:0x00000000 PA:0x00101394 store:0x00000000 load:0x00000000
            234	       113	00100f44	004d0d13	addi	x26,x26,4	 x26:0x00101394 x26=0x00101398
            238	       115	00100f48	ffaddce3	bge	x27,x26,100f40	 x27:0x001013c4 x26:0x00101398
            244	       118	00100f40	000d2023	sw	x0,0(x26)	 x26:0x00101398  x0:0x00000000 PA:0x00101398 store:0x00000000 load:0x00000000
            246	       119	00100f44	004d0d13	addi	x26,x26,4	 x26:0x00101398 x26=0x0010139c
            250	       121	00100f48	ffaddce3	bge	x27,x26,100f40	 x27:0x001013c4 x26:0x0010139c
            256	       124	00100f40	000d2023	sw	x0,0(x26)	 x26:0x0010139c  x0:0x00000000 PA:0x0010139c store:0x00000000 load:0x00000000
            258	       125	00100f44	004d0d13	addi	x26,x26,4	 x26:0x0010139c x26=0x001013a0
            262	       127	00100f48	ffaddce3	bge	x27,x26,100f40	 x27:0x001013c4 x26:0x001013a0
            268	       130	00100f40	000d2023	sw	x0,0(x26)	 x26:0x001013a0  x0:0x00000000 PA:0x001013a0 store:0x00000000 load:0x00000000
            270	       131	00100f44	004d0d13	addi	x26,x26,4	 x26:0x001013a0 x26=0x001013a4
            274	       133	00100f48	ffaddce3	bge	x27,x26,100f40	 x27:0x001013c4 x26:0x001013a4
            280	       136	00100f40	000d2023	sw	x0,0(x26)	 x26:0x001013a4  x0:0x00000000 PA:0x001013a4 store:0x00000000 load:0x00000000
            282	       137	00100f44	004d0d13	addi	x26,x26,4	 x26:0x001013a4 x26=0x001013a8
            286	       139	00100f48	ffaddce3	bge	x27,x26,100f40	 x27:0x001013c4 x26:0x001013a8
            292	       142	00100f40	000d2023	sw	x0,0(x26)	 x26:0x001013a8  x0:0x00000000 PA:0x001013a8 store:0x00000000 load:0x00000000
            294	       143	00100f44	004d0d13	addi	x26,x26,4	 x26:0x001013a8 x26=0x001013ac
            298	       145	00100f48	ffaddce3	bge	x27,x26,100f40	 x27:0x001013c4 x26:0x001013ac
            304	       148	00100f40	000d2023	sw	x0,0(x26)	 x26:0x001013ac  x0:0x00000000 PA:0x001013ac store:0x00000000 load:0x00000000
            306	       149	00100f44	004d0d13	addi	x26,x26,4	 x26:0x001013ac x26=0x001013b0
            310	       151	00100f48	ffaddce3	bge	x27,x26,100f40	 x27:0x001013c4 x26:0x001013b0
            316	       154	00100f40	000d2023	sw	x0,0(x26)	 x26:0x001013b0  x0:0x00000000 PA:0x001013b0 store:0x00000000 load:0x00000000
            318	       155	00100f44	004d0d13	addi	x26,x26,4	 x26:0x001013b0 x26=0x001013b4
            322	       157	00100f48	ffaddce3	bge	x27,x26,100f40	 x27:0x001013c4 x26:0x001013b4
            328	       160	00100f40	000d2023	sw	x0,0(x26)	 x26:0x001013b4  x0:0x00000000 PA:0x001013b4 store:0x00000000 load:0x00000000
            330	       161	00100f44	004d0d13	addi	x26,x26,4	 x26:0x001013b4 x26=0x001013b8
            334	       163	00100f48	ffaddce3	bge	x27,x26,100f40	 x27:0x001013c4 x26:0x001013b8
            340	       166	00100f40	000d2023	sw	x0,0(x26)	 x26:0x001013b8  x0:0x00000000 PA:0x001013b8 store:0x00000000 load:0x00000000
            342	       167	00100f44	004d0d13	addi	x26,x26,4	 x26:0x001013b8 x26=0x001013bc
            346	       169	00100f48	ffaddce3	bge	x27,x26,100f40	 x27:0x001013c4 x26:0x001013bc
            352	       172	00100f40	000d2023	sw	x0,0(x26)	 x26:0x001013bc  x0:0x00000000 PA:0x001013bc store:0x00000000 load:0x00000000
            354	       173	00100f44	004d0d13	addi	x26,x26,4	 x26:0x001013bc x26=0x001013c0
            358	       175	00100f48	ffaddce3	bge	x27,x26,100f40	 x27:0x001013c4 x26:0x001013c0
            364	       178	00100f40	000d2023	sw	x0,0(x26)	 x26:0x001013c0  x0:0x00000000 PA:0x001013c0 store:0x00000000 load:0x00000000
            366	       179	00100f44	004d0d13	addi	x26,x26,4	 x26:0x001013c0 x26=0x001013c4
            370	       181	00100f48	ffaddce3	bge	x27,x26,100f40	 x27:0x001013c4 x26:0x001013c4
            376	       184	00100f40	000d2023	sw	x0,0(x26)	 x26:0x001013c4  x0:0x00000000 PA:0x001013c4 store:0x00000000 load:0x00000000
            378	       185	00100f44	004d0d13	addi	x26,x26,4	 x26:0x001013c4 x26=0x001013c8
            380	       186	00100f48	ffaddce3	bge	x27,x26,100f40	 x27:0x001013c4 x26:0x001013c8
            382	       187	00100f4c	00000513	addi	x10,x0,0	  x0:0x00000000 x10=0x00000000
            384	       188	00100f50	00000593	addi	x11,x0,0	  x0:0x00000000 x11=0x00000000
            388	       190	00100f54	01c000ef	jal	x1,100f70	  x1=0x00100f58
            390	       191	00100f70	fe010113	addi	x2,x2,-32	  x2:0x00138000  x2=0x00137fe0
            392	       192	00100f74	00000513	addi	x10,x0,0	  x0:0x00000000 x10=0x00000000
            396	       194	00100f78	00112e23	sw	x1,28(x2)	  x2:0x00137fe0  x1:0x00100f58 PA:0x00137ffc store:0x00100f58 load:0x00000000
            400	       196	00100f7c	00812c23	sw	x8,24(x2)	  x2:0x00137fe0  x8:0x00000000 PA:0x00137ff8 store:0x00000000 load:0x00000000
            404	       198	00100f80	00912a23	sw	x9,20(x2)	  x2:0x00137fe0  x9:0x00000000 PA:0x00137ff4 store:0x00000000 load:0x00000000
            408	       200	00100f84	01212823	sw	x18,16(x2)	  x2:0x00137fe0 x18:0x00000000 PA:0x00137ff0 store:0x00000000 load:0x00000000
            412	       202	00100f88	01312623	sw	x19,12(x2)	  x2:0x00137fe0 x19:0x00000000 PA:0x00137fec store:0x00000000 load:0x00000000
            416	       204	00100f8c	01412423	sw	x20,8(x2)	  x2:0x00137fe0 x20:0x00000000 PA:0x00137fe8 store:0x00000000 load:0x00000000
            420	       206	00100f90	01512223	sw	x21,4(x2)	  x2:0x00137fe0 x21:0x00000000 PA:0x00137fe4 store:0x00000000 load:0x00000000
            424	       208	00100f94	01612023	sw	x22,0(x2)	  x2:0x00137fe0 x22:0x00000000 PA:0x00137fe0 store:0x00000000 load:0x00000000
            428	       210	00100f98	cc8ff0ef	jal	x1,100460	  x1=0x00100f9c
            430	       211	00100460	00153513	sltiu	x10,x10,1	 x10:0x00000000 x10=0x00000001
            432	       212	00100464	40a002b3	sub	x5,x0,x10	  x0:0x00000000 x10:0x00000001  x5=0xffffffff
            434	       213	00100468	32029073	csrrw	x0,mcountinhibit,x5	  x5:0xffffffff  x0=0x00000000
            438	       215	0010046c	00008067	jalr	x0,0(x1)	  x1:0x00100f9c  x0=0x00000000
            442	       217	00100f9c	bc4ff0ef	jal	x1,100360	  x1=0x00100fa0
            444	       218	00100360	b0201073	csrrw	x0,minstret,x0	  x0:0x00000000  x0=0x00000000
            446	       219	00100364	b0001073	csrrw	x0,mcycle,x0	  x0:0x00000000  x0=0x00000000
            448	       220	00100368	b0301073	csrrw	x0,mhpmcounter3,x0	  x0:0x00000000  x0=0x00000000
            450	       221	0010036c	b0401073	csrrw	x0,mhpmcounter4,x0	  x0:0x00000000  x0=0x00000000
            452	       222	00100370	b0501073	csrrw	x0,mhpmcounter5,x0	  x0:0x00000000  x0=0x00000000
            454	       223	00100374	b0601073	csrrw	x0,mhpmcounter6,x0	  x0:0x00000000  x0=0x00000000
            456	       224	00100378	b0701073	csrrw	x0,mhpmcounter7,x0	  x0:0x00000000  x0=0x00000000
            458	       225	0010037c	b0801073	csrrw	x0,mhpmcounter8,x0	  x0:0x00000000  x0=0x00000000
            460	       226	00100380	b0901073	csrrw	x0,mhpmcounter9,x0	  x0:0x00000000  x0=0x00000000
            462	       227	00100384	b0a01073	csrrw	x0,mhpmcounter10,x0	  x0:0x00000000  x0=0x00000000
            464	       228	00100388	b0b01073	csrrw	x0,mhpmcounter11,x0	  x0:0x00000000  x0=0x00000000
            466	       229	0010038c	b0c01073	csrrw	x0,mhpmcounter12,x0	  x0:0x00000000  x0=0x00000000
            468	       230	00100390	b0d01073	csrrw	x0,mhpmcounter13,x0	  x0:0x00000000  x0=0x00000000
            470	       231	00100394	b0e01073	csrrw	x0,mhpmcounter14,x0	  x0:0x00000000  x0=0x00000000
            472	       232	00100398	b0f01073	csrrw	x0,mhpmcounter15,x0	  x0:0x00000000  x0=0x00000000
            474	       233	0010039c	b1001073	csrrw	x0,mhpmcounter16,x0	  x0:0x00000000  x0=0x00000000
            476	       234	001003a0	b1101073	csrrw	x0,mhpmcounter17,x0	  x0:0x00000000  x0=0x00000000
            478	       235	001003a4	b1201073	csrrw	x0,mhpmcounter18,x0	  x0:0x00000000  x0=0x00000000
            480	       236	001003a8	b1301073	csrrw	x0,mhpmcounter19,x0	  x0:0x00000000  x0=0x00000000
            482	       237	001003ac	b1401073	csrrw	x0,mhpmcounter20,x0	  x0:0x00000000  x0=0x00000000
            484	       238	001003b0	b1501073	csrrw	x0,mhpmcounter21,x0	  x0:0x00000000  x0=0x00000000
            486	       239	001003b4	b1601073	csrrw	x0,mhpmcounter22,x0	  x0:0x00000000  x0=0x00000000
            488	       240	001003b8	b1701073	csrrw	x0,mhpmcounter23,x0	  x0:0x00000000  x0=0x00000000
            490	       241	001003bc	b1801073	csrrw	x0,mhpmcounter24,x0	  x0:0x00000000  x0=0x00000000
            492	       242	001003c0	b1901073	csrrw	x0,mhpmcounter25,x0	  x0:0x00000000  x0=0x00000000
            494	       243	001003c4	b1a01073	csrrw	x0,mhpmcounter26,x0	  x0:0x00000000  x0=0x00000000
            496	       244	001003c8	b1b01073	csrrw	x0,mhpmcounter27,x0	  x0:0x00000000  x0=0x00000000
            498	       245	001003cc	b1c01073	csrrw	x0,mhpmcounter28,x0	  x0:0x00000000  x0=0x00000000
            500	       246	001003d0	b1d01073	csrrw	x0,mhpmcounter29,x0	  x0:0x00000000  x0=0x00000000
            502	       247	001003d4	b1e01073	csrrw	x0,mhpmcounter30,x0	  x0:0x00000000  x0=0x00000000
            504	       248	001003d8	b1f01073	csrrw	x0,mhpmcounter31,x0	  x0:0x00000000  x0=0x00000000
            506	       249	001003dc	b8201073	csrrw	x0,minstreth,x0	  x0:0x00000000  x0=0x00000000
            508	       250	001003e0	b8001073	csrrw	x0,mcycleh,x0	  x0:0x00000000  x0=0x00000000
            510	       251	001003e4	b8301073	csrrw	x0,mhpmcounter3h,x0	  x0:0x00000000  x0=0x00000000
            512	       252	001003e8	b8401073	csrrw	x0,mhpmcounter4h,x0	  x0:0x00000000  x0=0x00000000
            514	       253	001003ec	b8501073	csrrw	x0,mhpmcounter5h,x0	  x0:0x00000000  x0=0x00000000
            516	       254	001003f0	b8601073	csrrw	x0,mhpmcounter6h,x0	  x0:0x00000000  x0=0x00000000
            518	       255	001003f4	b8701073	csrrw	x0,mhpmcounter7h,x0	  x0:0x00000000  x0=0x00000000
            520	       256	001003f8	b8801073	csrrw	x0,mhpmcounter8h,x0	  x0:0x00000000  x0=0x00000000
            522	       257	001003fc	b8901073	csrrw	x0,mhpmcounter9h,x0	  x0:0x00000000  x0=0x00000000
            524	       258	00100400	b8a01073	csrrw	x0,mhpmcounter10h,x0	  x0:0x00000000  x0=0x00000000
            526	       259	00100404	b8b01073	csrrw	x0,mhpmcounter11h,x0	  x0:0x00000000  x0=0x00000000
            528	       260	00100408	b8c01073	csrrw	x0,mhpmcounter12h,x0	  x0:0x00000000  x0=0x00000000
            530	       261	0010040c	b8d01073	csrrw	x0,mhpmcounter13h,x0	  x0:0x00000000  x0=0x00000000
            532	       262	00100410	b8e01073	csrrw	x0,mhpmcounter14h,x0	  x0:0x00000000  x0=0x00000000
            534	       263	00100414	b8f01073	csrrw	x0,mhpmcounter15h,x0	  x0:0x00000000  x0=0x00000000
            536	       264	00100418	b9001073	csrrw	x0,mhpmcounter16h,x0	  x0:0x00000000  x0=0x00000000
            538	       265	0010041c	b9101073	csrrw	x0,mhpmcounter17h,x0	  x0:0x00000000  x0=0x00000000
            540	       266	00100420	b9201073	csrrw	x0,mhpmcounter18h,x0	  x0:0x00000000  x0=0x00000000
            542	       267	00100424	b9301073	csrrw	x0,mhpmcounter19h,x0	  x0:0x00000000  x0=0x00000000
            544	       268	00100428	b9401073	csrrw	x0,mhpmcounter20h,x0	  x0:0x00000000  x0=0x00000000
            546	       269	0010042c	b9501073	csrrw	x0,mhpmcounter21h,x0	  x0:0x00000000  x0=0x00000000
            548	       270	00100430	b9601073	csrrw	x0,mhpmcounter22h,x0	  x0:0x00000000  x0=0x00000000
            550	       271	00100434	b9701073	csrrw	x0,mhpmcounter23h,x0	  x0:0x00000000  x0=0x00000000
            552	       272	00100438	b9801073	csrrw	x0,mhpmcounter24h,x0	  x0:0x00000000  x0=0x00000000
            554	       273	0010043c	b9901073	csrrw	x0,mhpmcounter25h,x0	  x0:0x00000000  x0=0x00000000
            556	       274	00100440	b9a01073	csrrw	x0,mhpmcounter26h,x0	  x0:0x00000000  x0=0x00000000
            558	       275	00100444	b9b01073	csrrw	x0,mhpmcounter27h,x0	  x0:0x00000000  x0=0x00000000
            560	       276	00100448	b9c01073	csrrw	x0,mhpmcounter28h,x0	  x0:0x00000000  x0=0x00000000
            562	       277	0010044c	b9d01073	csrrw	x0,mhpmcounter29h,x0	  x0:0x00000000  x0=0x00000000
            564	       278	00100450	b9e01073	csrrw	x0,mhpmcounter30h,x0	  x0:0x00000000  x0=0x00000000
            566	       279	00100454	b9f01073	csrrw	x0,mhpmcounter31h,x0	  x0:0x00000000  x0=0x00000000
            570	       281	00100458	00008067	jalr	x0,0(x1)	  x1:0x00100fa0  x0=0x00000000
            572	       282	00100fa0	00100513	addi	x10,x0,1	  x0:0x00000000 x10=0x00000001
            576	       284	00100fa4	cbcff0ef	jal	x1,100460	  x1=0x00100fa8
            578	       285	00100460	00153513	sltiu	x10,x10,1	 x10:0x00000001 x10=0x00000000
            580	       286	00100464	40a002b3	sub	x5,x0,x10	  x0:0x00000000 x10:0x00000000  x5=0x00000000
            582	       287	00100468	32029073	csrrw	x0,mcountinhibit,x5	  x5:0x00000000  x0=0x00000000
            586	       289	0010046c	00008067	jalr	x0,0(x1)	  x1:0x00100fa8  x0=0x00000000
            588	       290	00100fa8	00101637	lui	x12,0x101	 x12=0x00101000
            592	       292	00100fac	2c062283	lw	x5,704(x12)	 x12:0x00101000  x5=0x42f67c6a PA:0x001012c0 store:0x00000000
            594	       293	00100fb0	001016b7	lui	x13,0x101	 x13=0x00101000
            598	       295	00100fb4	2c46a303	lw	x6,708(x13)	 x13:0x00101000  x6=0x43edefdf PA:0x001012c4 store:0x00000000
            600	       296	00100fb8	00101737	lui	x14,0x101	 x14=0x00101000
            604	       298	00100fbc	2c872383	lw	x7,712(x14)	 x14:0x00101000  x7=0x3f7d1f60 PA:0x001012c8 store:0x00000000
            606	       299	00100fc0	001017b7	lui	x15,0x101	 x15=0x00101000
            610	       301	00100fc4	3a57a023	sw	x5,928(x15)	 x15:0x00101000  x5:0x42f67c6a PA:0x001013a0 store:0x42f67c6a load:0x3f7d1f60
            612	       302	00100fc8	001019b7	lui	x19,0x101	 x19=0x00101000
            616	       304	00100fcc	3869ae23	sw	x6,924(x19)	 x19:0x00101000  x6:0x43edefdf PA:0x0010139c store:0x43edefdf load:0x3f7d1f60
            618	       305	00100fd0	001014b7	lui	x9,0x101	  x9=0x00101000
            622	       307	00100fd4	3874aa23	sw	x7,916(x9)	  x9:0x00101000  x7:0x3f7d1f60 PA:0x00101394 store:0x3f7d1f60 load:0x3f7d1f60
            626	       309	00100fd8	3a07a503	lw	x10,928(x15)	 x15:0x00101000 x10=0x42f67c6a PA:0x001013a0 store:0x00000000
            630	       311	00100fdc	39c9a583	lw	x11,924(x19)	 x19:0x00101000 x11=0x43edefdf PA:0x0010139c store:0x00000000
            632	       312	00100fe0	001018b7	lui	x17,0x101	 x17=0x00101000
            640	       316	00100fe4	00101437	lui	x8,0x101	  x8=0x00101000
            642	       317	00100fe8	00b57853	fadd.s	f16,f10,f11	 f10:0x42f67c6a f11:0x43edefdf f16=0x00000000
            644	       318	00100fec	31488513	addi	x10,x17,788	 x17:0x00101000 x10=0x00101314
            646	       319	00100ff0	00101937	lui	x18,0x101	 x18=0x00101000
            648	       320	00100ff4	39042c23	sw	x16,920(x8)	  x8:0x00101000 x16:0x00000000 PA:0x00101398 store:0x00000000 load:0x43edefdf
            650	       321	00100ff8	8a8ff0ef	jal	x1,1000a0	  x1=0x00100ffc
            652	       322	001000a0	00054803	lbu	x16,0(x10)	 x10:0x00101314 x16=0x00000052 PA:0x00101314 store:0x00000000
            654	       323	001000a4	06080663	beq	x16,x0,100110	 x16:0x00000052  x0:0x00000000
            656	       324	001000a8	000207b7	lui	x15,0x20	 x15=0x00020000
            660	       326	001000ac	0107a023	sw	x16,0(x15)	 x15:0x00020000 x16:0x00000052 PA:0x00020000 store:0x00000052 load:0x00000000
            664	       328	001000b0	00154703	lbu	x14,1(x10)	 x10:0x00101314 x14=0x00000065 PA:0x00101315 store:0x00100ffc
            666	       329	001000b4	04070e63	beq	x14,x0,100110	 x14:0x00000065  x0:0x00000000
            670	       331	001000b8	00e7a023	sw	x14,0(x15)	 x15:0x00020000 x14:0x00000065 PA:0x00020000 store:0x00000065 load:0x00000000
            674	       333	001000bc	00254283	lbu	x5,2(x10)	 x10:0x00101314  x5=0x00000073 PA:0x00101316 store:0x00137fe0
            676	       334	001000c0	04028863	beq	x5,x0,100110	  x5:0x00000073  x0:0x00000000
            680	       336	001000c4	0057a023	sw	x5,0(x15)	 x15:0x00020000  x5:0x00000073 PA:0x00020000 store:0x00000073 load:0x00000000
            684	       338	001000c8	00354303	lbu	x6,3(x10)	 x10:0x00101314  x6=0x00000075 PA:0x00101317 store:0x00000000
            686	       339	001000cc	04030263	beq	x6,x0,100110	  x6:0x00000075  x0:0x00000000
            690	       341	001000d0	0067a023	sw	x6,0(x15)	 x15:0x00020000  x6:0x00000075 PA:0x00020000 store:0x00000075 load:0x00000000
            694	       343	001000d4	00454383	lbu	x7,4(x10)	 x10:0x00101314  x7=0x0000006c PA:0x00101318 store:0x00000000
            696	       344	001000d8	02038c63	beq	x7,x0,100110	  x7:0x0000006c  x0:0x00000000
            700	       346	001000dc	0077a023	sw	x7,0(x15)	 x15:0x00020000  x7:0x0000006c PA:0x00020000 store:0x0000006c load:0x00000000
            704	       348	001000e0	00554583	lbu	x11,5(x10)	 x10:0x00101314 x11=0x00000074 PA:0x00101319 store:0x00000073
            706	       349	001000e4	02058663	beq	x11,x0,100110	 x11:0x00000074  x0:0x00000000
            710	       351	001000e8	00b7a023	sw	x11,0(x15)	 x15:0x00020000 x11:0x00000074 PA:0x00020000 store:0x00000074 load:0x00000000
            714	       353	001000ec	00654603	lbu	x12,6(x10)	 x10:0x00101314 x12=0x00000031 PA:0x0010131a store:0x00000075
            716	       354	001000f0	02060063	beq	x12,x0,100110	 x12:0x00000031  x0:0x00000000
            720	       356	001000f4	00c7a023	sw	x12,0(x15)	 x15:0x00020000 x12:0x00000031 PA:0x00020000 store:0x00000031 load:0x00000000
            724	       358	001000f8	00754683	lbu	x13,7(x10)	 x10:0x00101314 x13=0x0000003a PA:0x0010131b store:0x0000006c
            726	       359	001000fc	00850513	addi	x10,x10,8	 x10:0x00101314 x10=0x0010131c
            728	       360	00100100	00068863	beq	x13,x0,100110	 x13:0x0000003a  x0:0x00000000
            732	       362	00100104	00d7a023	sw	x13,0(x15)	 x15:0x00020000 x13:0x0000003a PA:0x00020000 store:0x0000003a load:0x00000000
            736	       364	00100108	00054803	lbu	x16,0(x10)	 x10:0x0010131c x16=0x00000020 PA:0x0010131c store:0x00000000
            740	       366	0010010c	fa0810e3	bne	x16,x0,1000ac	 x16:0x00000020  x0:0x00000000
            746	       369	001000ac	0107a023	sw	x16,0(x15)	 x15:0x00020000 x16:0x00000020 PA:0x00020000 store:0x00000020 load:0x00000000
            750	       371	001000b0	00154703	lbu	x14,1(x10)	 x10:0x0010131c x14=0x00000000 PA:0x0010131d store:0x00100ffc
            754	       373	001000b4	04070e63	beq	x14,x0,100110	 x14:0x00000000  x0:0x00000000
            758	       375	00100110	00000513	addi	x10,x0,0	  x0:0x00000000 x10=0x00000000
            762	       377	00100114	00008067	jalr	x0,0(x1)	  x1:0x00100ffc  x0=0x00000000
            766	       379	00100ffc	39842503	lw	x10,920(x8)	  x8:0x00101000 x10=0x00000000 PA:0x00101398 store:0x00000000
            770	       381	00101000	e41ff0ef	jal	x1,100e40	  x1=0x00101004
            772	       382	00100e40	ff010113	addi	x2,x2,-16	  x2:0x00137fe0  x2=0x00137fd0
            782	       387	00100e44	00912223	sw	x9,4(x2)	  x2:0x00137fd0  x9:0x00101000 PA:0x00137fd4 store:0x00101000 load:0x00000000
            784	       388	00100e48	c01514d3	fcvt.wu.s	x9,f10	 f10:0x00000000  x9=0x00000000
            786	       389	00100e4c	00812423	sw	x8,8(x2)	  x2:0x00137fd0  x8:0x00101000 PA:0x00137fd8 store:0x00101000 load:0x00000000
            788	       390	00100e50	00050413	addi	x8,x10,0	 x10:0x00000000  x8=0x00000000
            790	       391	00100e54	00048513	addi	x10,x9,0	  x9:0x00000000 x10=0x00000000
            792	       392	00100e58	00112623	sw	x1,12(x2)	  x2:0x00137fd0  x1:0x00101004 PA:0x00137fdc store:0x00101004 load:0x00000000
            796	       394	00100e5c	ac4ff0ef	jal	x1,100120	  x1=0x00100e60
            798	       395	00100120	01c55793	srli	x15,x10,0x1c	 x10:0x00000000 x15=0x00000000
            800	       396	00100124	00900713	addi	x14,x0,9	  x0:0x00000000 x14=0x00000009
            804	       398	00100128	0cf77a63	bgeu	x14,x15,1001fc	 x14:0x00000009 x15:0x00000000
            808	       400	001001fc	03078393	addi	x7,x15,48	 x15:0x00000000  x7=0x00000030
            810	       401	00100200	000205b7	lui	x11,0x20	 x11=0x00020000
            812	       402	00100204	00451613	slli	x12,x10,0x4	 x10:0x00000000 x12=0x00000000
            816	       404	00100208	0075a023	sw	x7,0(x11)	 x11:0x00020000  x7:0x00000030 PA:0x00020000 store:0x00000030 load:0x00000000
            818	       405	0010020c	01c65693	srli	x13,x12,0x1c	 x12:0x00000000 x13=0x00000000
            820	       406	00100210	00900813	addi	x16,x0,9	  x0:0x00000000 x16=0x00000009
            822	       407	00100214	f2d86ae3	bltu	x16,x13,100148	 x16:0x00000009 x13:0x00000000
            824	       408	00100218	03068e93	addi	x29,x13,48	 x13:0x00000000 x29=0x00000030
            826	       409	0010021c	00020f37	lui	x30,0x20	 x30=0x00020000
            828	       410	00100220	00851f93	slli	x31,x10,0x8	 x10:0x00000000 x31=0x00000000
            832	       412	00100224	01df2023	sw	x29,0(x30)	 x30:0x00020000 x29:0x00000030 PA:0x00020000 store:0x00000030 load:0x00000000
            834	       413	00100228	01cfd793	srli	x15,x31,0x1c	 x31:0x00000000 x15=0x00000000
            836	       414	0010022c	00900713	addi	x14,x0,9	  x0:0x00000000 x14=0x00000009
            838	       415	00100230	f2f76ae3	bltu	x14,x15,100164	 x14:0x00000009 x15:0x00000000
            840	       416	00100234	03078393	addi	x7,x15,48	 x15:0x00000000  x7=0x00000030
            842	       417	00100238	000205b7	lui	x11,0x20	 x11=0x00020000
            844	       418	0010023c	00c51613	slli	x12,x10,0xc	 x10:0x00000000 x12=0x00000000
            848	       420	00100240	0075a023	sw	x7,0(x11)	 x11:0x00020000  x7:0x00000030 PA:0x00020000 store:0x00000030 load:0x00000000
            850	       421	00100244	01c65693	srli	x13,x12,0x1c	 x12:0x00000000 x13=0x00000000
            852	       422	00100248	00900813	addi	x16,x0,9	  x0:0x00000000 x16=0x00000009
            854	       423	0010024c	f2d86ae3	bltu	x16,x13,100180	 x16:0x00000009 x13:0x00000000
            856	       424	00100250	03068e93	addi	x29,x13,48	 x13:0x00000000 x29=0x00000030
            858	       425	00100254	00020f37	lui	x30,0x20	 x30=0x00020000
            860	       426	00100258	01051f93	slli	x31,x10,0x10	 x10:0x00000000 x31=0x00000000
            864	       428	0010025c	01df2023	sw	x29,0(x30)	 x30:0x00020000 x29:0x00000030 PA:0x00020000 store:0x00000030 load:0x00000000
            866	       429	00100260	01cfd793	srli	x15,x31,0x1c	 x31:0x00000000 x15=0x00000000
            868	       430	00100264	00900713	addi	x14,x0,9	  x0:0x00000000 x14=0x00000009
            870	       431	00100268	f2f76ae3	bltu	x14,x15,10019c	 x14:0x00000009 x15:0x00000000
            872	       432	0010026c	03078393	addi	x7,x15,48	 x15:0x00000000  x7=0x00000030
            874	       433	00100270	000205b7	lui	x11,0x20	 x11=0x00020000
            876	       434	00100274	01451613	slli	x12,x10,0x14	 x10:0x00000000 x12=0x00000000
            880	       436	00100278	0075a023	sw	x7,0(x11)	 x11:0x00020000  x7:0x00000030 PA:0x00020000 store:0x00000030 load:0x00000000
            882	       437	0010027c	01c65693	srli	x13,x12,0x1c	 x12:0x00000000 x13=0x00000000
            884	       438	00100280	00900813	addi	x16,x0,9	  x0:0x00000000 x16=0x00000009
            886	       439	00100284	f2d86ae3	bltu	x16,x13,1001b8	 x16:0x00000009 x13:0x00000000
            888	       440	00100288	03068e93	addi	x29,x13,48	 x13:0x00000000 x29=0x00000030
            890	       441	0010028c	00020f37	lui	x30,0x20	 x30=0x00020000
            892	       442	00100290	01851f93	slli	x31,x10,0x18	 x10:0x00000000 x31=0x00000000
            896	       444	00100294	01df2023	sw	x29,0(x30)	 x30:0x00020000 x29:0x00000030 PA:0x00020000 store:0x00000030 load:0x00000000
            898	       445	00100298	01cfd793	srli	x15,x31,0x1c	 x31:0x00000000 x15=0x00000000
            900	       446	0010029c	00900713	addi	x14,x0,9	  x0:0x00000000 x14=0x00000009
            902	       447	001002a0	f2f76ae3	bltu	x14,x15,1001d4	 x14:0x00000009 x15:0x00000000
            904	       448	001002a4	03078393	addi	x7,x15,48	 x15:0x00000000  x7=0x00000030
            906	       449	001002a8	000205b7	lui	x11,0x20	 x11=0x00020000
            910	       451	001002ac	0075a023	sw	x7,0(x11)	 x11:0x00020000  x7:0x00000030 PA:0x00020000 store:0x00000030 load:0x00000000
            912	       452	001002b0	00f57513	andi	x10,x10,15	 x10:0x00000000 x10=0x00000000
            914	       453	001002b4	00900613	addi	x12,x0,9	  x0:0x00000000 x12=0x00000009
            918	       455	001002b8	f2a67ae3	bgeu	x12,x10,1001ec	 x12:0x00000009 x10:0x00000000
            922	       457	001001ec	03050893	addi	x17,x10,48	 x10:0x00000000 x17=0x00000030
            924	       458	001001f0	00020e37	lui	x28,0x20	 x28=0x00020000
            928	       460	001001f4	011e2023	sw	x17,0(x28)	 x28:0x00020000 x17:0x00000030 PA:0x00020000 store:0x00000030 load:0x00000000
            932	       462	001001f8	00008067	jalr	x0,0(x1)	  x1:0x00100e60  x0=0x00000000
            934	       463	00100e60	00101537	lui	x10,0x101	 x10=0x00101000
            936	       464	00100e64	31050513	addi	x10,x10,784	 x10:0x00101000 x10=0x00101310
            940	       466	00100e68	a38ff0ef	jal	x1,1000a0	  x1=0x00100e6c
            944	       468	001000a0	00054803	lbu	x16,0(x10)	 x10:0x00101310 x16=0x0000002e PA:0x00101310 store:0x00000000
            946	       469	001000a4	06080663	beq	x16,x0,100110	 x16:0x0000002e  x0:0x00000000
            948	       470	001000a8	000207b7	lui	x15,0x20	 x15=0x00020000
            952	       472	001000ac	0107a023	sw	x16,0(x15)	 x15:0x00020000 x16:0x0000002e PA:0x00020000 store:0x0000002e load:0x00000000
            956	       474	001000b0	00154703	lbu	x14,1(x10)	 x10:0x00101310 x14=0x00000000 PA:0x00101311 store:0x00100e6c
            960	       476	001000b4	04070e63	beq	x14,x0,100110	 x14:0x00000000  x0:0x00000000
            964	       478	00100110	00000513	addi	x10,x0,0	  x0:0x00000000 x10=0x00000000
            974	       483	00100114	00008067	jalr	x0,0(x1)	  x1:0x00100e6c  x0=0x00000000
            976	       484	00100e6c	d014f2d3	fcvt.s.wu	f5,x9	  x9:0x00000000  f5=0x00000000
            982	       487	00100e70	001017b7	lui	x15,0x101	 x15=0x00101000
            984	       488	00100e74	2bc7a383	lw	x7,700(x15)	 x15:0x00101000  x7=0x47c35000 PA:0x001012bc store:0x00020000
            986	       489	00100e78	08547353	fsub.s	f6,f8,f5	  f8:0x00000000  f5:0x00000073  f6=0x00000000
            988	       490	00100e7c	00812403	lw	x8,8(x2)	  x2:0x00137fd0  x8=0x00101000 PA:0x00137fd8 store:0x00000000
            996	       494	00100e80	00c12083	lw	x1,12(x2)	  x2:0x00137fd0  x1=0x00101004 PA:0x00137fdc store:0x00000009
            998	       495	00100e84	00412483	lw	x9,4(x2)	  x2:0x00137fd0  x9=0x00101000 PA:0x00137fd4 store:0x00000000
           1000	       496	00100e88	107375d3	fmul.s	f11,f6,f7	  f6:0x00000075  f7:0x47c35000 f11=0x00000000
           1002	       497	00100e8c	01010113	addi	x2,x2,16	  x2:0x00137fd0  x2=0x00137fe0
           1004	       498	00100e90	c0159553	fcvt.wu.s	x10,f11	 f11:0x00020000 x10=0x00000000
           1006	       499	00100e94	a8cff06f	jal	x0,100120	  x0=0x00000000
           1008	       500	00100120	01c55793	srli	x15,x10,0x1c	 x10:0x00000000 x15=0x00000000
           1010	       501	00100124	00900713	addi	x14,x0,9	  x0:0x00000000 x14=0x00000009
           1012	       502	00100128	0cf77a63	bgeu	x14,x15,1001fc	 x14:0x00000009 x15:0x00000000
           1014	       503	001001fc	03078393	addi	x7,x15,48	 x15:0x00000000  x7=0x00000030
           1016	       504	00100200	000205b7	lui	x11,0x20	 x11=0x00020000
           1018	       505	00100204	00451613	slli	x12,x10,0x4	 x10:0x00000000 x12=0x00000000
           1022	       507	00100208	0075a023	sw	x7,0(x11)	 x11:0x00020000  x7:0x00000030 PA:0x00020000 store:0x00000030 load:0x00000000
           1024	       508	0010020c	01c65693	srli	x13,x12,0x1c	 x12:0x00000000 x13=0x00000000
           1026	       509	00100210	00900813	addi	x16,x0,9	  x0:0x00000000 x16=0x00000009
           1028	       510	00100214	f2d86ae3	bltu	x16,x13,100148	 x16:0x00000009 x13:0x00000000
           1030	       511	00100218	03068e93	addi	x29,x13,48	 x13:0x00000000 x29=0x00000030
           1032	       512	0010021c	00020f37	lui	x30,0x20	 x30=0x00020000
           1034	       513	00100220	00851f93	slli	x31,x10,0x8	 x10:0x00000000 x31=0x00000000
           1038	       515	00100224	01df2023	sw	x29,0(x30)	 x30:0x00020000 x29:0x00000030 PA:0x00020000 store:0x00000030 load:0x00000000
           1040	       516	00100228	01cfd793	srli	x15,x31,0x1c	 x31:0x00000000 x15=0x00000000
           1042	       517	0010022c	00900713	addi	x14,x0,9	  x0:0x00000000 x14=0x00000009
           1044	       518	00100230	f2f76ae3	bltu	x14,x15,100164	 x14:0x00000009 x15:0x00000000
           1046	       519	00100234	03078393	addi	x7,x15,48	 x15:0x00000000  x7=0x00000030
           1048	       520	00100238	000205b7	lui	x11,0x20	 x11=0x00020000
           1050	       521	0010023c	00c51613	slli	x12,x10,0xc	 x10:0x00000000 x12=0x00000000
           1054	       523	00100240	0075a023	sw	x7,0(x11)	 x11:0x00020000  x7:0x00000030 PA:0x00020000 store:0x00000030 load:0x00000000
           1056	       524	00100244	01c65693	srli	x13,x12,0x1c	 x12:0x00000000 x13=0x00000000
           1058	       525	00100248	00900813	addi	x16,x0,9	  x0:0x00000000 x16=0x00000009
           1060	       526	0010024c	f2d86ae3	bltu	x16,x13,100180	 x16:0x00000009 x13:0x00000000
           1062	       527	00100250	03068e93	addi	x29,x13,48	 x13:0x00000000 x29=0x00000030
           1064	       528	00100254	00020f37	lui	x30,0x20	 x30=0x00020000
           1066	       529	00100258	01051f93	slli	x31,x10,0x10	 x10:0x00000000 x31=0x00000000
           1070	       531	0010025c	01df2023	sw	x29,0(x30)	 x30:0x00020000 x29:0x00000030 PA:0x00020000 store:0x00000030 load:0x00000000
           1072	       532	00100260	01cfd793	srli	x15,x31,0x1c	 x31:0x00000000 x15=0x00000000
           1074	       533	00100264	00900713	addi	x14,x0,9	  x0:0x00000000 x14=0x00000009
           1076	       534	00100268	f2f76ae3	bltu	x14,x15,10019c	 x14:0x00000009 x15:0x00000000
           1078	       535	0010026c	03078393	addi	x7,x15,48	 x15:0x00000000  x7=0x00000030
           1080	       536	00100270	000205b7	lui	x11,0x20	 x11=0x00020000
           1082	       537	00100274	01451613	slli	x12,x10,0x14	 x10:0x00000000 x12=0x00000000
           1086	       539	00100278	0075a023	sw	x7,0(x11)	 x11:0x00020000  x7:0x00000030 PA:0x00020000 store:0x00000030 load:0x00000000
           1088	       540	0010027c	01c65693	srli	x13,x12,0x1c	 x12:0x00000000 x13=0x00000000
           1090	       541	00100280	00900813	addi	x16,x0,9	  x0:0x00000000 x16=0x00000009
           1092	       542	00100284	f2d86ae3	bltu	x16,x13,1001b8	 x16:0x00000009 x13:0x00000000
           1094	       543	00100288	03068e93	addi	x29,x13,48	 x13:0x00000000 x29=0x00000030
           1096	       544	0010028c	00020f37	lui	x30,0x20	 x30=0x00020000
           1098	       545	00100290	01851f93	slli	x31,x10,0x18	 x10:0x00000000 x31=0x00000000
           1102	       547	00100294	01df2023	sw	x29,0(x30)	 x30:0x00020000 x29:0x00000030 PA:0x00020000 store:0x00000030 load:0x00000000
           1104	       548	00100298	01cfd793	srli	x15,x31,0x1c	 x31:0x00000000 x15=0x00000000
           1106	       549	0010029c	00900713	addi	x14,x0,9	  x0:0x00000000 x14=0x00000009
           1108	       550	001002a0	f2f76ae3	bltu	x14,x15,1001d4	 x14:0x00000009 x15:0x00000000
           1110	       551	001002a4	03078393	addi	x7,x15,48	 x15:0x00000000  x7=0x00000030
           1112	       552	001002a8	000205b7	lui	x11,0x20	 x11=0x00020000
           1116	       554	001002ac	0075a023	sw	x7,0(x11)	 x11:0x00020000  x7:0x00000030 PA:0x00020000 store:0x00000030 load:0x00000000
           1118	       555	001002b0	00f57513	andi	x10,x10,15	 x10:0x00000000 x10=0x00000000
           1120	       556	001002b4	00900613	addi	x12,x0,9	  x0:0x00000000 x12=0x00000009
           1124	       558	001002b8	f2a67ae3	bgeu	x12,x10,1001ec	 x12:0x00000009 x10:0x00000000
           1128	       560	001001ec	03050893	addi	x17,x10,48	 x10:0x00000000 x17=0x00000030
           1130	       561	001001f0	00020e37	lui	x28,0x20	 x28=0x00020000
           1134	       563	001001f4	011e2023	sw	x17,0(x28)	 x28:0x00020000 x17:0x00000030 PA:0x00020000 store:0x00000030 load:0x00000000
           1138	       565	001001f8	00008067	jalr	x0,0(x1)	  x1:0x00101004  x0=0x00000000
           1142	       567	00101004	3944aa03	lw	x20,916(x9)	  x9:0x00101000 x20=0x3f7d1f60 PA:0x00101394 store:0x00000000
           1146	       569	00101008	39092a83	lw	x21,912(x18)	 x18:0x00101000 x21=0x00000000 PA:0x00101390 store:0x00000009
           1150	       571	0010100c	39842b03	lw	x22,920(x8)	  x8:0x00101000 x22=0x00000000 PA:0x00101398 store:0x00000000
           1154	       573	00101010	3944ae03	lw	x28,916(x9)	  x9:0x00101000 x28=0x3f7d1f60 PA:0x00101394 store:0x3f7d1f60
           1162	       577	00101014	00000e93	addi	x29,x0,0	  x0:0x00000000 x29=0x00000000
           1164	       578	00101018	a94eff43	fmadd.s	f30,f29,f20,f21	 f29:0x00000000 f20:0x3f7d1f60 f21:0x00000000 f30=0x00000000
           1166	       579	0010101c	01cb7fd3	fadd.s	f31,f22,f28	 f22:0x00000000 f28:0x3f7d1f60 f31=0x00000000
           1172	       582	00101020	00100713	addi	x14,x0,1	  x0:0x00000000 x14=0x00000001
           1174	       583	00101024	3944a283	lw	x5,916(x9)	  x9:0x00101000  x5=0x3f7d1f60 PA:0x00101394 store:0x3f7d1f60
           1176	       584	00101028	d0077353	fcvt.s.w	f6,x14	 x14:0x00000001  f6=0x00000000
           1178	       585	0010102c	39e92823	sw	x30,912(x18)	 x18:0x00101000 x30:0x00020000 PA:0x00101390 store:0x00020000 load:0x3f7d1f60
           1180	       586	00101030	39f42c23	sw	x31,920(x8)	  x8:0x00101000 x31:0x00000000 PA:0x00101398 store:0x00000000 load:0x3f7d1f60
           1182	       587	00101034	39092603	lw	x12,912(x18)	 x18:0x00101000 x12=0x00020000 PA:0x00101390 store:0x00000009
           1184	       588	00101038	39842683	lw	x13,920(x8)	  x8:0x00101000 x13=0x00000000 PA:0x00101398 store:0x00000000
           1194	       593	0010103c	3944a783	lw	x15,916(x9)	  x9:0x00101000 x15=0x3f7d1f60 PA:0x00101394 store:0x3f7d1f60
           1196	       594	00101040	605373c3	fmadd.s	f7,f6,f5,f12	  f6:0x00000075  f5:0x3f7d1f60 f12:0x00000075  f7=0x00000000
           1198	       595	00101044	06400593	addi	x11,x0,100	  x0:0x00000000 x11=0x00000064
           1200	       596	00101048	00f6f553	fadd.s	f10,f13,f15	 f13:0x00000000 f15:0x3f7d1f60 f10=0x00000000
           1202	       597	0010104c	00200793	addi	x15,x0,2	  x0:0x00000000 x15=0x00000002
           1204	       598	00101050	38792823	sw	x7,912(x18)	 x18:0x00101000  x7:0x00000030 PA:0x00101390 store:0x00000030 load:0x3f7d1f60
           1206	       599	00101054	38a42c23	sw	x10,920(x8)	  x8:0x00101000 x10:0x00000000 PA:0x00101398 store:0x00000000 load:0x3f7d1f60
           1214	       603	00101058	3944a083	lw	x1,916(x9)	  x9:0x00101000  x1=0x3f7d1f60 PA:0x00101394 store:0x3f7d1f60
           1216	       604	0010105c	d007f853	fcvt.s.w	f16,x15	 x15:0x00000002 f16=0x00000000
           1218	       605	00101060	39092883	lw	x17,912(x18)	 x18:0x00101000 x17=0x00000030 PA:0x00101390 store:0x00000009
           1226	       609	00101064	00178a13	addi	x20,x15,1	 x15:0x00000002 x20=0x00000003
           1228	       610	00101068	39842a83	lw	x21,920(x8)	  x8:0x00101000 x21=0x00000000 PA:0x00101398 store:0x00000000
           1230	       611	0010106c	88187b43	fmadd.s	f22,f16,f1,f17	 f16:0x00000009  f1:0x3f7d1f60 f17:0x00000009 f22=0x00000000
           1232	       612	00101070	3944ae03	lw	x28,916(x9)	  x9:0x00101000 x28=0x3f7d1f60 PA:0x00101394 store:0x00000003
           1234	       613	00101074	d00a7ed3	fcvt.s.w	f29,x20	 x20:0x00000003 f29=0x00000000
           1238	       615	00101078	3944af03	lw	x30,916(x9)	  x9:0x00101000 x30=0x3f7d1f60 PA:0x00101394 store:0x00000003
           1240	       616	0010107c	01caffd3	fadd.s	f31,f21,f28	 f21:0x00000000 f28:0x3f7d1f60 f31=0x00000000
           1242	       617	00101080	39692823	sw	x22,912(x18)	 x18:0x00101000 x22:0x00000000 PA:0x00101390 store:0x00000000 load:0x3f7d1f60
           1250	       621	00101084	39092283	lw	x5,912(x18)	 x18:0x00101000  x5=0x00000000 PA:0x00101390 store:0x00000009
           1252	       622	00101088	00278713	addi	x14,x15,2	 x15:0x00000002 x14=0x00000004
           1254	       623	0010108c	d00776d3	fcvt.s.w	f13,x14	 x14:0x00000004 f13=0x00000000
           1256	       624	00101090	29eef643	fmadd.s	f12,f29,f30,f5	 f29:0x00000000 f30:0x3f7d1f60  f5:0x00000000 f12=0x00000000
           1258	       625	00101094	39f42c23	sw	x31,920(x8)	  x8:0x00101000 x31:0x00000000 PA:0x00101398 store:0x00000000 load:0x00000000
           1260	       626	00101098	39842303	lw	x6,920(x8)	  x8:0x00101000  x6=0x00000000 PA:0x00101398 store:0x00000000
           1262	       627	0010109c	3944a383	lw	x7,916(x9)	  x9:0x00101000  x7=0x3f7d1f60 PA:0x00101394 store:0x00000003
           1264	       628	001010a0	3944a083	lw	x1,916(x9)	  x9:0x00101000  x1=0x3f7d1f60 PA:0x00101394 store:0x00000003
           1268	       630	001010a4	38c92823	sw	x12,912(x18)	 x18:0x00101000 x12:0x00020000 PA:0x00101390 store:0x00020000 load:0x3f7d1f60
           1278	       635	001010a8	39092803	lw	x16,912(x18)	 x18:0x00101000 x16=0x00020000 PA:0x00101390 store:0x00000009
           1280	       636	001010ac	00737553	fadd.s	f10,f6,f7	  f6:0x00000000  f7:0x3f7d1f60 f10=0x00000000
           1282	       637	001010b0	00378893	addi	x17,x15,3	 x15:0x00000002 x17=0x00000005
           1284	       638	001010b4	8016fa43	fmadd.s	f20,f13,f1,f16	 f13:0x00000000  f1:0x3f7d1f60 f16:0x00000000 f20=0x00000000
           1286	       639	001010b8	d008fad3	fcvt.s.w	f21,x17	 x17:0x00000005 f21=0x00000000
           1288	       640	001010bc	00478b13	addi	x22,x15,4	 x15:0x00000002 x22=0x00000006
           1290	       641	001010c0	38a42c23	sw	x10,920(x8)	  x8:0x00101000 x10:0x00000000 PA:0x00101398 store:0x00000000 load:0x00020000
           1292	       642	001010c4	39842e03	lw	x28,920(x8)	  x8:0x00101000 x28=0x00000000 PA:0x00101398 store:0x00000000
           1294	       643	001010c8	39492823	sw	x20,912(x18)	 x18:0x00101000 x20:0x00000003 PA:0x00101390 store:0x00000003 load:0x00000000
           1298	       645	001010cc	3944ae83	lw	x29,916(x9)	  x9:0x00101000 x29=0x3f7d1f60 PA:0x00101394 store:0x00000003
           1302	       647	001010d0	3944af03	lw	x30,916(x9)	  x9:0x00101000 x30=0x3f7d1f60 PA:0x00101394 store:0x00000003
           1312	       652	001010d4	39092f83	lw	x31,912(x18)	 x18:0x00101000 x31=0x00000003 PA:0x00101390 store:0x00020000
           1314	       653	001010d8	01de72d3	fadd.s	f5,f28,f29	 f28:0x00000000 f29:0x3f7d1f60  f5=0x00000000
           1316	       654	001010dc	d00b7653	fcvt.s.w	f12,x22	 x22:0x00000006 f12=0x00000000
           1318	       655	001010e0	f9eaf743	fmadd.s	f14,f21,f30,f31	 f21:0x00000000 f30:0x3f7d1f60 f31:0x00000000 f14=0x00000000
           1320	       656	001010e4	00578693	addi	x13,x15,5	 x15:0x00000002 x13=0x00000007
           1322	       657	001010e8	d006f353	fcvt.s.w	f6,x13	 x13:0x00000007  f6=0x00000000
           1324	       658	001010ec	38542c23	sw	x5,920(x8)	  x8:0x00101000  x5:0x00000000 PA:0x00101398 store:0x00000000 load:0x00000003
           1326	       659	001010f0	39842383	lw	x7,920(x8)	  x8:0x00101000  x7=0x00000000 PA:0x00101398 store:0x00000000
           1328	       660	001010f4	38e92823	sw	x14,912(x18)	 x18:0x00101000 x14:0x00000004 PA:0x00101390 store:0x00000004 load:0x00000000
           1332	       662	001010f8	3944a083	lw	x1,916(x9)	  x9:0x00101000  x1=0x3f7d1f60 PA:0x00101394 store:0x00000003
           1336	       664	001010fc	3944a883	lw	x17,916(x9)	  x9:0x00101000 x17=0x3f7d1f60 PA:0x00101394 store:0x00000003
           1346	       669	00101100	39092803	lw	x16,912(x18)	 x18:0x00101000 x16=0x00000004 PA:0x00101390 store:0x00020000
           1348	       670	00101104	0013f553	fadd.s	f10,f7,f1	  f7:0x00000000  f1:0x3f7d1f60 f10=0x00000000
           1350	       671	00101108	00678a13	addi	x20,x15,6	 x15:0x00000002 x20=0x00000008
           1352	       672	0010110c	81167ac3	fmadd.s	f21,f12,f17,f16	 f12:0x00020000 f17:0x3f7d1f60 f16:0x00020000 f21=0x00000000
           1354	       673	00101110	d00a7b53	fcvt.s.w	f22,x20	 x20:0x00000008 f22=0x00000000
           1356	       674	00101114	00778793	addi	x15,x15,7	 x15:0x00000002 x15=0x00000009
           1358	       675	00101118	38a42c23	sw	x10,920(x8)	  x8:0x00101000 x10:0x00000000 PA:0x00101398 store:0x00000000 load:0x00000004
           1360	       676	0010111c	39842e03	lw	x28,920(x8)	  x8:0x00101000 x28=0x00000000 PA:0x00101398 store:0x00000000
           1362	       677	00101120	39592823	sw	x21,912(x18)	 x18:0x00101000 x21:0x00000000 PA:0x00101390 store:0x00000000 load:0x00000000
           1366	       679	00101124	3944ae83	lw	x29,916(x9)	  x9:0x00101000 x29=0x3f7d1f60 PA:0x00101394 store:0x00000008
           1370	       681	00101128	3944af03	lw	x30,916(x9)	  x9:0x00101000 x30=0x3f7d1f60 PA:0x00101394 store:0x00000008
           1380	       686	0010112c	39092f83	lw	x31,912(x18)	 x18:0x00101000 x31=0x00000000 PA:0x00101390 store:0x00000004
           1382	       687	00101130	01de72d3	fadd.s	f5,f28,f29	 f28:0x00000000 f29:0x3f7d1f60  f5=0x00000000
           1384	       688	00101134	f9e37643	fmadd.s	f12,f6,f30,f31	  f6:0x00000000 f30:0x3f7d1f60 f31:0x00000000 f12=0x00000000
           1386	       689	00101138	38542c23	sw	x5,920(x8)	  x8:0x00101000  x5:0x00000000 PA:0x00101398 store:0x00000000 load:0x00000000
           1388	       690	0010113c	38c92823	sw	x12,912(x18)	 x18:0x00101000 x12:0x00020000 PA:0x00101390 store:0x00020000 load:0x00000000
           1390	       691	00101140	39842703	lw	x14,920(x8)	  x8:0x00101000 x14=0x00000000 PA:0x00101398 store:0x00000000
           1394	       693	00101144	3944a683	lw	x13,916(x9)	  x9:0x00101000 x13=0x3f7d1f60 PA:0x00101394 store:0x00000008
           1398	       695	00101148	3944a303	lw	x6,916(x9)	  x9:0x00101000  x6=0x3f7d1f60 PA:0x00101394 store:0x00000008
           1408	       700	0010114c	39092383	lw	x7,912(x18)	 x18:0x00101000  x7=0x00020000 PA:0x00101390 store:0x00000004
           1410	       701	00101150	00d770d3	fadd.s	f1,f14,f13	 f14:0x00000000 f13:0x3f7d1f60  f1=0x00000000
           1412	       702	00101154	386b78c3	fmadd.s	f17,f22,f6,f7	 f22:0x00000006  f6:0x3f7d1f60  f7:0x00000006 f17=0x00000000
           1414	       703	00101158	38142c23	sw	x1,920(x8)	  x8:0x00101000  x1:0x3f7d1f60 PA:0x00101398 store:0x3f7d1f60 load:0x00020000
           1416	       704	0010115c	39842803	lw	x16,920(x8)	  x8:0x00101000 x16=0x3f7d1f60 PA:0x00101398 store:0x00000000
           1418	       705	00101160	3944a503	lw	x10,916(x9)	  x9:0x00101000 x10=0x3f7d1f60 PA:0x00101394 store:0x00000008
           1428	       710	00101164	39192823	sw	x17,912(x18)	 x18:0x00101000 x17:0x3f7d1f60 PA:0x00101390 store:0x3f7d1f60 load:0x3f7d1f60
           1430	       711	00101168	00a87a53	fadd.s	f20,f16,f10	 f16:0x3f7d1f60 f10:0x3f7d1f60 f20=0x00000000
           1432	       712	0010116c	39442c23	sw	x20,920(x8)	  x8:0x00101000 x20:0x00000008 PA:0x00101398 store:0x00000008 load:0x3f7d1f60
           1434	       713	00101170	eeb794e3	bne	x15,x11,101058	 x15:0x00000009 x11:0x00000064
           1444	       718	00101058	3944a083	lw	x1,916(x9)	  x9:0x00101000  x1=0x3f7d1f60 PA:0x00101394 store:0x00000008
           1446	       719	0010105c	d007f853	fcvt.s.w	f16,x15	 x15:0x00000009 f16=0x00000000
           1448	       720	00101060	39092883	lw	x17,912(x18)	 x18:0x00101000 x17=0x3f7d1f60 PA:0x00101390 store:0x3f7d1f60
           1456	       724	00101064	00178a13	addi	x20,x15,1	 x15:0x00000009 x20=0x0000000a
           1458	       725	00101068	39842a83	lw	x21,920(x8)	  x8:0x00101000 x21=0x00000008 PA:0x00101398 store:0x00000000
           1460	       726	0010106c	88187b43	fmadd.s	f22,f16,f1,f17	 f16:0x3f7d1f60  f1:0x3f7d1f60 f17:0x3f7d1f60 f22=0x00000000
           1462	       727	00101070	3944ae03	lw	x28,916(x9)	  x9:0x00101000 x28=0x3f7d1f60 PA:0x00101394 store:0x0000000a
           1464	       728	00101074	d00a7ed3	fcvt.s.w	f29,x20	 x20:0x0000000a f29=0x00000000
           1468	       730	00101078	3944af03	lw	x30,916(x9)	  x9:0x00101000 x30=0x3f7d1f60 PA:0x00101394 store:0x0000000a
           1470	       731	0010107c	01caffd3	fadd.s	f31,f21,f28	 f21:0x00000008 f28:0x3f7d1f60 f31=0x00000000
           1472	       732	00101080	39692823	sw	x22,912(x18)	 x18:0x00101000 x22:0x00000006 PA:0x00101390 store:0x00000006 load:0x3f7d1f60
           1480	       736	00101084	39092283	lw	x5,912(x18)	 x18:0x00101000  x5=0x00000006 PA:0x00101390 store:0x3f7d1f60
           1482	       737	00101088	00278713	addi	x14,x15,2	 x15:0x00000009 x14=0x0000000b
           1484	       738	0010108c	d00776d3	fcvt.s.w	f13,x14	 x14:0x0000000b f13=0x00000000
           1486	       739	00101090	29eef643	fmadd.s	f12,f29,f30,f5	 f29:0x3f7d1f60 f30:0x3f7d1f60  f5:0x3f7d1f60 f12=0x00000000
           1488	       740	00101094	39f42c23	sw	x31,920(x8)	  x8:0x00101000 x31:0x00000000 PA:0x00101398 store:0x00000000 load:0x00000006
           1490	       741	00101098	39842303	lw	x6,920(x8)	  x8:0x00101000  x6=0x00000000 PA:0x00101398 store:0x00000000
           1492	       742	0010109c	3944a383	lw	x7,916(x9)	  x9:0x00101000  x7=0x3f7d1f60 PA:0x00101394 store:0x0000000a
           1494	       743	001010a0	3944a083	lw	x1,916(x9)	  x9:0x00101000  x1=0x3f7d1f60 PA:0x00101394 store:0x0000000a
           1498	       745	001010a4	38c92823	sw	x12,912(x18)	 x18:0x00101000 x12:0x00020000 PA:0x00101390 store:0x00020000 load:0x3f7d1f60
           1508	       750	001010a8	39092803	lw	x16,912(x18)	 x18:0x00101000 x16=0x00020000 PA:0x00101390 store:0x3f7d1f60
           1510	       751	001010ac	00737553	fadd.s	f10,f6,f7	  f6:0x00000000  f7:0x3f7d1f60 f10=0x00000000
           1512	       752	001010b0	00378893	addi	x17,x15,3	 x15:0x00000009 x17=0x0000000c
           1514	       753	001010b4	8016fa43	fmadd.s	f20,f13,f1,f16	 f13:0x3f7d1f60  f1:0x3f7d1f60 f16:0x3f7d1f60 f20=0x00000000
           1516	       754	001010b8	d008fad3	fcvt.s.w	f21,x17	 x17:0x0000000c f21=0x00000000
           1518	       755	001010bc	00478b13	addi	x22,x15,4	 x15:0x00000009 x22=0x0000000d
           1520	       756	001010c0	38a42c23	sw	x10,920(x8)	  x8:0x00101000 x10:0x3f7d1f60 PA:0x00101398 store:0x3f7d1f60 load:0x00020000
           1522	       757	001010c4	39842e03	lw	x28,920(x8)	  x8:0x00101000 x28=0x3f7d1f60 PA:0x00101398 store:0x00000000
           1524	       758	001010c8	39492823	sw	x20,912(x18)	 x18:0x00101000 x20:0x0000000a PA:0x00101390 store:0x0000000a load:0x3f7d1f60
           1528	       760	001010cc	3944ae83	lw	x29,916(x9)	  x9:0x00101000 x29=0x3f7d1f60 PA:0x00101394 store:0x0000000a
           1532	       762	001010d0	3944af03	lw	x30,916(x9)	  x9:0x00101000 x30=0x3f7d1f60 PA:0x00101394 store:0x0000000a
           1542	       767	001010d4	39092f83	lw	x31,912(x18)	 x18:0x00101000 x31=0x0000000a PA:0x00101390 store:0x00020000
           1544	       768	001010d8	01de72d3	fadd.s	f5,f28,f29	 f28:0x3f7d1f60 f29:0x3f7d1f60  f5=0x00000000
           1546	       769	001010dc	d00b7653	fcvt.s.w	f12,x22	 x22:0x0000000d f12=0x00000000
           1548	       770	001010e0	f9eaf743	fmadd.s	f14,f21,f30,f31	 f21:0x00000008 f30:0x3f7d1f60 f31:0x00000008 f14=0x00000000
           1550	       771	001010e4	00578693	addi	x13,x15,5	 x15:0x00000009 x13=0x0000000e
           1552	       772	001010e8	d006f353	fcvt.s.w	f6,x13	 x13:0x0000000e  f6=0x00000000
           1554	       773	001010ec	38542c23	sw	x5,920(x8)	  x8:0x00101000  x5:0x00000006 PA:0x00101398 store:0x00000006 load:0x0000000a
           1556	       774	001010f0	39842383	lw	x7,920(x8)	  x8:0x00101000  x7=0x00000006 PA:0x00101398 store:0x00000000
           1558	       775	001010f4	38e92823	sw	x14,912(x18)	 x18:0x00101000 x14:0x0000000b PA:0x00101390 store:0x0000000b load:0x00000006
           1562	       777	001010f8	3944a083	lw	x1,916(x9)	  x9:0x00101000  x1=0x3f7d1f60 PA:0x00101394 store:0x0000000a
           1566	       779	001010fc	3944a883	lw	x17,916(x9)	  x9:0x00101000 x17=0x3f7d1f60 PA:0x00101394 store:0x0000000a
           1576	       784	00101100	39092803	lw	x16,912(x18)	 x18:0x00101000 x16=0x0000000b PA:0x00101390 store:0x00020000
           1578	       785	00101104	0013f553	fadd.s	f10,f7,f1	  f7:0x00000006  f1:0x3f7d1f60 f10=0x00000000
           1580	       786	00101108	00678a13	addi	x20,x15,6	 x15:0x00000009 x20=0x0000000f
           1582	       787	0010110c	81167ac3	fmadd.s	f21,f12,f17,f16	 f12:0x00020000 f17:0x3f7d1f60 f16:0x00020000 f21=0x00000000
           1584	       788	00101110	d00a7b53	fcvt.s.w	f22,x20	 x20:0x0000000f f22=0x00000000
           1586	       789	00101114	00778793	addi	x15,x15,7	 x15:0x00000009 x15=0x00000010
           1588	       790	00101118	38a42c23	sw	x10,920(x8)	  x8:0x00101000 x10:0x3f7d1f60 PA:0x00101398 store:0x3f7d1f60 load:0x0000000b
           1590	       791	0010111c	39842e03	lw	x28,920(x8)	  x8:0x00101000 x28=0x3f7d1f60 PA:0x00101398 store:0x00000000
           1592	       792	00101120	39592823	sw	x21,912(x18)	 x18:0x00101000 x21:0x00000008 PA:0x00101390 store:0x00000008 load:0x3f7d1f60
           1596	       794	00101124	3944ae83	lw	x29,916(x9)	  x9:0x00101000 x29=0x3f7d1f60 PA:0x00101394 store:0x0000000f
           1600	       796	00101128	3944af03	lw	x30,916(x9)	  x9:0x00101000 x30=0x3f7d1f60 PA:0x00101394 store:0x0000000f
           1610	       801	0010112c	39092f83	lw	x31,912(x18)	 x18:0x00101000 x31=0x00000008 PA:0x00101390 store:0x0000000b
           1612	       802	00101130	01de72d3	fadd.s	f5,f28,f29	 f28:0x3f7d1f60 f29:0x3f7d1f60  f5=0x00000000
           1614	       803	00101134	f9e37643	fmadd.s	f12,f6,f30,f31	  f6:0x00000000 f30:0x3f7d1f60 f31:0x00000000 f12=0x00000000
           1616	       804	00101138	38542c23	sw	x5,920(x8)	  x8:0x00101000  x5:0x00000006 PA:0x00101398 store:0x00000006 load:0x00000008
           1618	       805	0010113c	38c92823	sw	x12,912(x18)	 x18:0x00101000 x12:0x00020000 PA:0x00101390 store:0x00020000 load:0x00000008
           1620	       806	00101140	39842703	lw	x14,920(x8)	  x8:0x00101000 x14=0x00000006 PA:0x00101398 store:0x00000000
           1624	       808	00101144	3944a683	lw	x13,916(x9)	  x9:0x00101000 x13=0x3f7d1f60 PA:0x00101394 store:0x0000000f
           1628	       810	00101148	3944a303	lw	x6,916(x9)	  x9:0x00101000  x6=0x3f7d1f60 PA:0x00101394 store:0x0000000f
           1638	       815	0010114c	39092383	lw	x7,912(x18)	 x18:0x00101000  x7=0x00020000 PA:0x00101390 store:0x0000000b
           1640	       816	00101150	00d770d3	fadd.s	f1,f14,f13	 f14:0x00000006 f13:0x3f7d1f60  f1=0x00000000
           1642	       817	00101154	386b78c3	fmadd.s	f17,f22,f6,f7	 f22:0x0000000d  f6:0x3f7d1f60  f7:0x0000000d f17=0x00000000
           1644	       818	00101158	38142c23	sw	x1,920(x8)	  x8:0x00101000  x1:0x3f7d1f60 PA:0x00101398 store:0x3f7d1f60 load:0x00020000
           1646	       819	0010115c	39842803	lw	x16,920(x8)	  x8:0x00101000 x16=0x3f7d1f60 PA:0x00101398 store:0x00000000
           1648	       820	00101160	3944a503	lw	x10,916(x9)	  x9:0x00101000 x10=0x3f7d1f60 PA:0x00101394 store:0x0000000f
           1658	       825	00101164	39192823	sw	x17,912(x18)	 x18:0x00101000 x17:0x3f7d1f60 PA:0x00101390 store:0x3f7d1f60 load:0x3f7d1f60
           1660	       826	00101168	00a87a53	fadd.s	f20,f16,f10	 f16:0x3f7d1f60 f10:0x3f7d1f60 f20=0x00000000
           1662	       827	0010116c	39442c23	sw	x20,920(x8)	  x8:0x00101000 x20:0x0000000f PA:0x00101398 store:0x0000000f load:0x3f7d1f60
           1664	       828	00101170	eeb794e3	bne	x15,x11,101058	 x15:0x00000010 x11:0x00000064
           1674	       833	00101058	3944a083	lw	x1,916(x9)	  x9:0x00101000  x1=0x3f7d1f60 PA:0x00101394 store:0x0000000f
           1676	       834	0010105c	d007f853	fcvt.s.w	f16,x15	 x15:0x00000010 f16=0x00000000
           1678	       835	00101060	39092883	lw	x17,912(x18)	 x18:0x00101000 x17=0x3f7d1f60 PA:0x00101390 store:0x3f7d1f60
           1686	       839	00101064	00178a13	addi	x20,x15,1	 x15:0x00000010 x20=0x00000011
           1688	       840	00101068	39842a83	lw	x21,920(x8)	  x8:0x00101000 x21=0x0000000f PA:0x00101398 store:0x00000000
           1690	       841	0010106c	88187b43	fmadd.s	f22,f16,f1,f17	 f16:0x3f7d1f60  f1:0x3f7d1f60 f17:0x3f7d1f60 f22=0x00000000
           1692	       842	00101070	3944ae03	lw	x28,916(x9)	  x9:0x00101000 x28=0x3f7d1f60 PA:0x00101394 store:0x00000011
           1694	       843	00101074	d00a7ed3	fcvt.s.w	f29,x20	 x20:0x00000011 f29=0x00000000
           1698	       845	00101078	3944af03	lw	x30,916(x9)	  x9:0x00101000 x30=0x3f7d1f60 PA:0x00101394 store:0x00000011
           1700	       846	0010107c	01caffd3	fadd.s	f31,f21,f28	 f21:0x0000000f f28:0x3f7d1f60 f31=0x00000000
           1702	       847	00101080	39692823	sw	x22,912(x18)	 x18:0x00101000 x22:0x0000000d PA:0x00101390 store:0x0000000d load:0x3f7d1f60
           1710	       851	00101084	39092283	lw	x5,912(x18)	 x18:0x00101000  x5=0x0000000d PA:0x00101390 store:0x3f7d1f60
           1712	       852	00101088	00278713	addi	x14,x15,2	 x15:0x00000010 x14=0x00000012
           1714	       853	0010108c	d00776d3	fcvt.s.w	f13,x14	 x14:0x00000012 f13=0x00000000
           1716	       854	00101090	29eef643	fmadd.s	f12,f29,f30,f5	 f29:0x3f7d1f60 f30:0x3f7d1f60  f5:0x3f7d1f60 f12=0x00000000
           1718	       855	00101094	39f42c23	sw	x31,920(x8)	  x8:0x00101000 x31:0x00000008 PA:0x00101398 store:0x00000008 load:0x0000000d
           1720	       856	00101098	39842303	lw	x6,920(x8)	  x8:0x00101000  x6=0x00000008 PA:0x00101398 store:0x00000000
           1722	       857	0010109c	3944a383	lw	x7,916(x9)	  x9:0x00101000  x7=0x3f7d1f60 PA:0x00101394 store:0x00000011
           1724	       858	001010a0	3944a083	lw	x1,916(x9)	  x9:0x00101000  x1=0x3f7d1f60 PA:0x00101394 store:0x00000011
           1728	       860	001010a4	38c92823	sw	x12,912(x18)	 x18:0x00101000 x12:0x00020000 PA:0x00101390 store:0x00020000 load:0x3f7d1f60
           1738	       865	001010a8	39092803	lw	x16,912(x18)	 x18:0x00101000 x16=0x00020000 PA:0x00101390 store:0x3f7d1f60
           1740	       866	001010ac	00737553	fadd.s	f10,f6,f7	  f6:0x00000008  f7:0x3f7d1f60 f10=0x00000000
           1742	       867	001010b0	00378893	addi	x17,x15,3	 x15:0x00000010 x17=0x00000013
           1744	       868	001010b4	8016fa43	fmadd.s	f20,f13,f1,f16	 f13:0x3f7d1f60  f1:0x3f7d1f60 f16:0x3f7d1f60 f20=0x00000000
           1746	       869	001010b8	d008fad3	fcvt.s.w	f21,x17	 x17:0x00000013 f21=0x00000000
           1748	       870	001010bc	00478b13	addi	x22,x15,4	 x15:0x00000010 x22=0x00000014
           1750	       871	001010c0	38a42c23	sw	x10,920(x8)	  x8:0x00101000 x10:0x3f7d1f60 PA:0x00101398 store:0x3f7d1f60 load:0x00020000
           1752	       872	001010c4	39842e03	lw	x28,920(x8)	  x8:0x00101000 x28=0x3f7d1f60 PA:0x00101398 store:0x00000000
           1754	       873	001010c8	39492823	sw	x20,912(x18)	 x18:0x00101000 x20:0x00000011 PA:0x00101390 store:0x00000011 load:0x3f7d1f60
           1758	       875	001010cc	3944ae83	lw	x29,916(x9)	  x9:0x00101000 x29=0x3f7d1f60 PA:0x00101394 store:0x00000011
           1762	       877	001010d0	3944af03	lw	x30,916(x9)	  x9:0x00101000 x30=0x3f7d1f60 PA:0x00101394 store:0x00000011
           1772	       882	001010d4	39092f83	lw	x31,912(x18)	 x18:0x00101000 x31=0x00000011 PA:0x00101390 store:0x00020000
           1774	       883	001010d8	01de72d3	fadd.s	f5,f28,f29	 f28:0x3f7d1f60 f29:0x3f7d1f60  f5=0x00000000
           1776	       884	001010dc	d00b7653	fcvt.s.w	f12,x22	 x22:0x00000014 f12=0x00000000
           1778	       885	001010e0	f9eaf743	fmadd.s	f14,f21,f30,f31	 f21:0x0000000f f30:0x3f7d1f60 f31:0x0000000f f14=0x00000000
           1780	       886	001010e4	00578693	addi	x13,x15,5	 x15:0x00000010 x13=0x00000015
           1782	       887	001010e8	d006f353	fcvt.s.w	f6,x13	 x13:0x00000015  f6=0x00000000
           1784	       888	001010ec	38542c23	sw	x5,920(x8)	  x8:0x00101000  x5:0x0000000d PA:0x00101398 store:0x0000000d load:0x00000011
           1786	       889	001010f0	39842383	lw	x7,920(x8)	  x8:0x00101000  x7=0x0000000d PA:0x00101398 store:0x00000000
           1788	       890	001010f4	38e92823	sw	x14,912(x18)	 x18:0x00101000 x14:0x00000012 PA:0x00101390 store:0x00000012 load:0x0000000d
           1792	       892	001010f8	3944a083	lw	x1,916(x9)	  x9:0x00101000  x1=0x3f7d1f60 PA:0x00101394 store:0x00000011
           1796	       894	001010fc	3944a883	lw	x17,916(x9)	  x9:0x00101000 x17=0x3f7d1f60 PA:0x00101394 store:0x00000011
           1806	       899	00101100	39092803	lw	x16,912(x18)	 x18:0x00101000 x16=0x00000012 PA:0x00101390 store:0x00020000
           1808	       900	00101104	0013f553	fadd.s	f10,f7,f1	  f7:0x0000000d  f1:0x3f7d1f60 f10=0x00000000
           1810	       901	00101108	00678a13	addi	x20,x15,6	 x15:0x00000010 x20=0x00000016
           1812	       902	0010110c	81167ac3	fmadd.s	f21,f12,f17,f16	 f12:0x00020000 f17:0x3f7d1f60 f16:0x00020000 f21=0x00000000
           1814	       903	00101110	d00a7b53	fcvt.s.w	f22,x20	 x20:0x00000016 f22=0x00000000
           1816	       904	00101114	00778793	addi	x15,x15,7	 x15:0x00000010 x15=0x00000017
           1818	       905	00101118	38a42c23	sw	x10,920(x8)	  x8:0x00101000 x10:0x3f7d1f60 PA:0x00101398 store:0x3f7d1f60 load:0x00000012
           1820	       906	0010111c	39842e03	lw	x28,920(x8)	  x8:0x00101000 x28=0x3f7d1f60 PA:0x00101398 store:0x00000000
           1822	       907	00101120	39592823	sw	x21,912(x18)	 x18:0x00101000 x21:0x0000000f PA:0x00101390 store:0x0000000f load:0x3f7d1f60
           1826	       909	00101124	3944ae83	lw	x29,916(x9)	  x9:0x00101000 x29=0x3f7d1f60 PA:0x00101394 store:0x00000016
           1830	       911	00101128	3944af03	lw	x30,916(x9)	  x9:0x00101000 x30=0x3f7d1f60 PA:0x00101394 store:0x00000016
           1840	       916	0010112c	39092f83	lw	x31,912(x18)	 x18:0x00101000 x31=0x0000000f PA:0x00101390 store:0x00000012
           1842	       917	00101130	01de72d3	fadd.s	f5,f28,f29	 f28:0x3f7d1f60 f29:0x3f7d1f60  f5=0x00000000
           1844	       918	00101134	f9e37643	fmadd.s	f12,f6,f30,f31	  f6:0x00000008 f30:0x3f7d1f60 f31:0x00000008 f12=0x00000000
           1846	       919	00101138	38542c23	sw	x5,920(x8)	  x8:0x00101000  x5:0x0000000d PA:0x00101398 store:0x0000000d load:0x0000000f
           1848	       920	0010113c	38c92823	sw	x12,912(x18)	 x18:0x00101000 x12:0x00020000 PA:0x00101390 store:0x00020000 load:0x0000000f
           1850	       921	00101140	39842703	lw	x14,920(x8)	  x8:0x00101000 x14=0x0000000d PA:0x00101398 store:0x00000000
           1854	       923	00101144	3944a683	lw	x13,916(x9)	  x9:0x00101000 x13=0x3f7d1f60 PA:0x00101394 store:0x00000016
           1858	       925	00101148	3944a303	lw	x6,916(x9)	  x9:0x00101000  x6=0x3f7d1f60 PA:0x00101394 store:0x00000016
           1868	       930	0010114c	39092383	lw	x7,912(x18)	 x18:0x00101000  x7=0x00020000 PA:0x00101390 store:0x00000012
           1870	       931	00101150	00d770d3	fadd.s	f1,f14,f13	 f14:0x0000000d f13:0x3f7d1f60  f1=0x00000000
           1872	       932	00101154	386b78c3	fmadd.s	f17,f22,f6,f7	 f22:0x00000014  f6:0x3f7d1f60  f7:0x00000014 f17=0x00000000
           1874	       933	00101158	38142c23	sw	x1,920(x8)	  x8:0x00101000  x1:0x3f7d1f60 PA:0x00101398 store:0x3f7d1f60 load:0x00020000
           1876	       934	0010115c	39842803	lw	x16,920(x8)	  x8:0x00101000 x16=0x3f7d1f60 PA:0x00101398 store:0x00000000
           1878	       935	00101160	3944a503	lw	x10,916(x9)	  x9:0x00101000 x10=0x3f7d1f60 PA:0x00101394 store:0x00000016
           1888	       940	00101164	39192823	sw	x17,912(x18)	 x18:0x00101000 x17:0x3f7d1f60 PA:0x00101390 store:0x3f7d1f60 load:0x3f7d1f60
           1890	       941	00101168	00a87a53	fadd.s	f20,f16,f10	 f16:0x3f7d1f60 f10:0x3f7d1f60 f20=0x00000000
           1892	       942	0010116c	39442c23	sw	x20,920(x8)	  x8:0x00101000 x20:0x00000016 PA:0x00101398 store:0x00000016 load:0x3f7d1f60
           1894	       943	00101170	eeb794e3	bne	x15,x11,101058	 x15:0x00000017 x11:0x00000064
           1904	       948	00101058	3944a083	lw	x1,916(x9)	  x9:0x00101000  x1=0x3f7d1f60 PA:0x00101394 store:0x00000016
           1906	       949	0010105c	d007f853	fcvt.s.w	f16,x15	 x15:0x00000017 f16=0x00000000
           1908	       950	00101060	39092883	lw	x17,912(x18)	 x18:0x00101000 x17=0x3f7d1f60 PA:0x00101390 store:0x3f7d1f60
           1916	       954	00101064	00178a13	addi	x20,x15,1	 x15:0x00000017 x20=0x00000018
           1918	       955	00101068	39842a83	lw	x21,920(x8)	  x8:0x00101000 x21=0x00000016 PA:0x00101398 store:0x00000000
           1920	       956	0010106c	88187b43	fmadd.s	f22,f16,f1,f17	 f16:0x3f7d1f60  f1:0x3f7d1f60 f17:0x3f7d1f60 f22=0x00000000
           1922	       957	00101070	3944ae03	lw	x28,916(x9)	  x9:0x00101000 x28=0x3f7d1f60 PA:0x00101394 store:0x00000018
           1924	       958	00101074	d00a7ed3	fcvt.s.w	f29,x20	 x20:0x00000018 f29=0x00000000
           1928	       960	00101078	3944af03	lw	x30,916(x9)	  x9:0x00101000 x30=0x3f7d1f60 PA:0x00101394 store:0x00000018
           1930	       961	0010107c	01caffd3	fadd.s	f31,f21,f28	 f21:0x00000016 f28:0x3f7d1f60 f31=0x00000000
           1932	       962	00101080	39692823	sw	x22,912(x18)	 x18:0x00101000 x22:0x00000014 PA:0x00101390 store:0x00000014 load:0x3f7d1f60
           1940	       966	00101084	39092283	lw	x5,912(x18)	 x18:0x00101000  x5=0x00000014 PA:0x00101390 store:0x3f7d1f60
           1942	       967	00101088	00278713	addi	x14,x15,2	 x15:0x00000017 x14=0x00000019
           1944	       968	0010108c	d00776d3	fcvt.s.w	f13,x14	 x14:0x00000019 f13=0x00000000
           1946	       969	00101090	29eef643	fmadd.s	f12,f29,f30,f5	 f29:0x3f7d1f60 f30:0x3f7d1f60  f5:0x3f7d1f60 f12=0x00000000
           1948	       970	00101094	39f42c23	sw	x31,920(x8)	  x8:0x00101000 x31:0x0000000f PA:0x00101398 store:0x0000000f load:0x00000014
           1950	       971	00101098	39842303	lw	x6,920(x8)	  x8:0x00101000  x6=0x0000000f PA:0x00101398 store:0x00000000
           1952	       972	0010109c	3944a383	lw	x7,916(x9)	  x9:0x00101000  x7=0x3f7d1f60 PA:0x00101394 store:0x00000018
           1954	       973	001010a0	3944a083	lw	x1,916(x9)	  x9:0x00101000  x1=0x3f7d1f60 PA:0x00101394 store:0x00000018
           1958	       975	001010a4	38c92823	sw	x12,912(x18)	 x18:0x00101000 x12:0x00020000 PA:0x00101390 store:0x00020000 load:0x3f7d1f60
           1968	       980	001010a8	39092803	lw	x16,912(x18)	 x18:0x00101000 x16=0x00020000 PA:0x00101390 store:0x3f7d1f60
           1970	       981	001010ac	00737553	fadd.s	f10,f6,f7	  f6:0x0000000f  f7:0x3f7d1f60 f10=0x00000000
           1972	       982	001010b0	00378893	addi	x17,x15,3	 x15:0x00000017 x17=0x0000001a
           1974	       983	001010b4	8016fa43	fmadd.s	f20,f13,f1,f16	 f13:0x3f7d1f60  f1:0x3f7d1f60 f16:0x3f7d1f60 f20=0x00000000
           1976	       984	001010b8	d008fad3	fcvt.s.w	f21,x17	 x17:0x0000001a f21=0x00000000
           1978	       985	001010bc	00478b13	addi	x22,x15,4	 x15:0x00000017 x22=0x0000001b
           1980	       986	001010c0	38a42c23	sw	x10,920(x8)	  x8:0x00101000 x10:0x3f7d1f60 PA:0x00101398 store:0x3f7d1f60 load:0x00020000
           1982	       987	001010c4	39842e03	lw	x28,920(x8)	  x8:0x00101000 x28=0x3f7d1f60 PA:0x00101398 store:0x00000000
           1984	       988	001010c8	39492823	sw	x20,912(x18)	 x18:0x00101000 x20:0x00000018 PA:0x00101390 store:0x00000018 load:0x3f7d1f60
           1988	       990	001010cc	3944ae83	lw	x29,916(x9)	  x9:0x00101000 x29=0x3f7d1f60 PA:0x00101394 store:0x00000018
           1992	       992	001010d0	3944af03	lw	x30,916(x9)	  x9:0x00101000 x30=0x3f7d1f60 PA:0x00101394 store:0x00000018
           2002	       997	001010d4	39092f83	lw	x31,912(x18)	 x18:0x00101000 x31=0x00000018 PA:0x00101390 store:0x00020000
           2004	       998	001010d8	01de72d3	fadd.s	f5,f28,f29	 f28:0x3f7d1f60 f29:0x3f7d1f60  f5=0x00000000
           2006	       999	001010dc	d00b7653	fcvt.s.w	f12,x22	 x22:0x0000001b f12=0x00000000
           2008	      1000	001010e0	f9eaf743	fmadd.s	f14,f21,f30,f31	 f21:0x00000016 f30:0x3f7d1f60 f31:0x00000016 f14=0x00000000
           2010	      1001	001010e4	00578693	addi	x13,x15,5	 x15:0x00000017 x13=0x0000001c
           2012	      1002	001010e8	d006f353	fcvt.s.w	f6,x13	 x13:0x0000001c  f6=0x00000000
           2014	      1003	001010ec	38542c23	sw	x5,920(x8)	  x8:0x00101000  x5:0x00000014 PA:0x00101398 store:0x00000014 load:0x00000018
           2016	      1004	001010f0	39842383	lw	x7,920(x8)	  x8:0x00101000  x7=0x00000014 PA:0x00101398 store:0x00000000
           2018	      1005	001010f4	38e92823	sw	x14,912(x18)	 x18:0x00101000 x14:0x00000019 PA:0x00101390 store:0x00000019 load:0x00000014
           2022	      1007	001010f8	3944a083	lw	x1,916(x9)	  x9:0x00101000  x1=0x3f7d1f60 PA:0x00101394 store:0x00000018
           2026	      1009	001010fc	3944a883	lw	x17,916(x9)	  x9:0x00101000 x17=0x3f7d1f60 PA:0x00101394 store:0x00000018
           2036	      1014	00101100	39092803	lw	x16,912(x18)	 x18:0x00101000 x16=0x00000019 PA:0x00101390 store:0x00020000
           2038	      1015	00101104	0013f553	fadd.s	f10,f7,f1	  f7:0x00000014  f1:0x3f7d1f60 f10=0x00000000
           2040	      1016	00101108	00678a13	addi	x20,x15,6	 x15:0x00000017 x20=0x0000001d
           2042	      1017	0010110c	81167ac3	fmadd.s	f21,f12,f17,f16	 f12:0x00020000 f17:0x3f7d1f60 f16:0x00020000 f21=0x00000000
           2044	      1018	00101110	d00a7b53	fcvt.s.w	f22,x20	 x20:0x0000001d f22=0x00000000
           2046	      1019	00101114	00778793	addi	x15,x15,7	 x15:0x00000017 x15=0x0000001e
           2048	      1020	00101118	38a42c23	sw	x10,920(x8)	  x8:0x00101000 x10:0x3f7d1f60 PA:0x00101398 store:0x3f7d1f60 load:0x00000019
           2050	      1021	0010111c	39842e03	lw	x28,920(x8)	  x8:0x00101000 x28=0x3f7d1f60 PA:0x00101398 store:0x00000000
           2052	      1022	00101120	39592823	sw	x21,912(x18)	 x18:0x00101000 x21:0x00000016 PA:0x00101390 store:0x00000016 load:0x3f7d1f60
           2056	      1024	00101124	3944ae83	lw	x29,916(x9)	  x9:0x00101000 x29=0x3f7d1f60 PA:0x00101394 store:0x0000001d
           2060	      1026	00101128	3944af03	lw	x30,916(x9)	  x9:0x00101000 x30=0x3f7d1f60 PA:0x00101394 store:0x0000001d
           2070	      1031	0010112c	39092f83	lw	x31,912(x18)	 x18:0x00101000 x31=0x00000016 PA:0x00101390 store:0x00000019
           2072	      1032	00101130	01de72d3	fadd.s	f5,f28,f29	 f28:0x3f7d1f60 f29:0x3f7d1f60  f5=0x00000000
           2074	      1033	00101134	f9e37643	fmadd.s	f12,f6,f30,f31	  f6:0x0000000f f30:0x3f7d1f60 f31:0x0000000f f12=0x00000000
           2076	      1034	00101138	38542c23	sw	x5,920(x8)	  x8:0x00101000  x5:0x00000014 PA:0x00101398 store:0x00000014 load:0x00000016
           2078	      1035	0010113c	38c92823	sw	x12,912(x18)	 x18:0x00101000 x12:0x00020000 PA:0x00101390 store:0x00020000 load:0x00000016
           2080	      1036	00101140	39842703	lw	x14,920(x8)	  x8:0x00101000 x14=0x00000014 PA:0x00101398 store:0x00000000
           2084	      1038	00101144	3944a683	lw	x13,916(x9)	  x9:0x00101000 x13=0x3f7d1f60 PA:0x00101394 store:0x0000001d
           2088	      1040	00101148	3944a303	lw	x6,916(x9)	  x9:0x00101000  x6=0x3f7d1f60 PA:0x00101394 store:0x0000001d
           2098	      1045	0010114c	39092383	lw	x7,912(x18)	 x18:0x00101000  x7=0x00020000 PA:0x00101390 store:0x00000019
           2100	      1046	00101150	00d770d3	fadd.s	f1,f14,f13	 f14:0x00000014 f13:0x3f7d1f60  f1=0x00000000
           2102	      1047	00101154	386b78c3	fmadd.s	f17,f22,f6,f7	 f22:0x0000001b  f6:0x3f7d1f60  f7:0x0000001b f17=0x00000000
           2104	      1048	00101158	38142c23	sw	x1,920(x8)	  x8:0x00101000  x1:0x3f7d1f60 PA:0x00101398 store:0x3f7d1f60 load:0x00020000
           2106	      1049	0010115c	39842803	lw	x16,920(x8)	  x8:0x00101000 x16=0x3f7d1f60 PA:0x00101398 store:0x00000000
           2108	      1050	00101160	3944a503	lw	x10,916(x9)	  x9:0x00101000 x10=0x3f7d1f60 PA:0x00101394 store:0x0000001d
           2118	      1055	00101164	39192823	sw	x17,912(x18)	 x18:0x00101000 x17:0x3f7d1f60 PA:0x00101390 store:0x3f7d1f60 load:0x3f7d1f60
           2120	      1056	00101168	00a87a53	fadd.s	f20,f16,f10	 f16:0x3f7d1f60 f10:0x3f7d1f60 f20=0x00000000
           2122	      1057	0010116c	39442c23	sw	x20,920(x8)	  x8:0x00101000 x20:0x0000001d PA:0x00101398 store:0x0000001d load:0x3f7d1f60
           2124	      1058	00101170	eeb794e3	bne	x15,x11,101058	 x15:0x0000001e x11:0x00000064
           2134	      1063	00101058	3944a083	lw	x1,916(x9)	  x9:0x00101000  x1=0x3f7d1f60 PA:0x00101394 store:0x0000001d
           2136	      1064	0010105c	d007f853	fcvt.s.w	f16,x15	 x15:0x0000001e f16=0x00000000
           2138	      1065	00101060	39092883	lw	x17,912(x18)	 x18:0x00101000 x17=0x3f7d1f60 PA:0x00101390 store:0x3f7d1f60
           2146	      1069	00101064	00178a13	addi	x20,x15,1	 x15:0x0000001e x20=0x0000001f
           2148	      1070	00101068	39842a83	lw	x21,920(x8)	  x8:0x00101000 x21=0x0000001d PA:0x00101398 store:0x00000000
           2150	      1071	0010106c	88187b43	fmadd.s	f22,f16,f1,f17	 f16:0x3f7d1f60  f1:0x3f7d1f60 f17:0x3f7d1f60 f22=0x00000000
           2152	      1072	00101070	3944ae03	lw	x28,916(x9)	  x9:0x00101000 x28=0x3f7d1f60 PA:0x00101394 store:0x0000001f
           2154	      1073	00101074	d00a7ed3	fcvt.s.w	f29,x20	 x20:0x0000001f f29=0x00000000
           2158	      1075	00101078	3944af03	lw	x30,916(x9)	  x9:0x00101000 x30=0x3f7d1f60 PA:0x00101394 store:0x0000001f
           2160	      1076	0010107c	01caffd3	fadd.s	f31,f21,f28	 f21:0x0000001d f28:0x3f7d1f60 f31=0x00000000
           2162	      1077	00101080	39692823	sw	x22,912(x18)	 x18:0x00101000 x22:0x0000001b PA:0x00101390 store:0x0000001b load:0x3f7d1f60
           2170	      1081	00101084	39092283	lw	x5,912(x18)	 x18:0x00101000  x5=0x0000001b PA:0x00101390 store:0x3f7d1f60
           2172	      1082	00101088	00278713	addi	x14,x15,2	 x15:0x0000001e x14=0x00000020
           2174	      1083	0010108c	d00776d3	fcvt.s.w	f13,x14	 x14:0x00000020 f13=0x00000000
           2176	      1084	00101090	29eef643	fmadd.s	f12,f29,f30,f5	 f29:0x3f7d1f60 f30:0x3f7d1f60  f5:0x3f7d1f60 f12=0x00000000
           2178	      1085	00101094	39f42c23	sw	x31,920(x8)	  x8:0x00101000 x31:0x00000016 PA:0x00101398 store:0x00000016 load:0x0000001b
           2180	      1086	00101098	39842303	lw	x6,920(x8)	  x8:0x00101000  x6=0x00000016 PA:0x00101398 store:0x00000000
           2182	      1087	0010109c	3944a383	lw	x7,916(x9)	  x9:0x00101000  x7=0x3f7d1f60 PA:0x00101394 store:0x0000001f
           2184	      1088	001010a0	3944a083	lw	x1,916(x9)	  x9:0x00101000  x1=0x3f7d1f60 PA:0x00101394 store:0x0000001f
           2188	      1090	001010a4	38c92823	sw	x12,912(x18)	 x18:0x00101000 x12:0x00020000 PA:0x00101390 store:0x00020000 load:0x3f7d1f60
           2198	      1095	001010a8	39092803	lw	x16,912(x18)	 x18:0x00101000 x16=0x00020000 PA:0x00101390 store:0x3f7d1f60
           2200	      1096	001010ac	00737553	fadd.s	f10,f6,f7	  f6:0x00000016  f7:0x3f7d1f60 f10=0x00000000
           2202	      1097	001010b0	00378893	addi	x17,x15,3	 x15:0x0000001e x17=0x00000021
           2204	      1098	001010b4	8016fa43	fmadd.s	f20,f13,f1,f16	 f13:0x3f7d1f60  f1:0x3f7d1f60 f16:0x3f7d1f60 f20=0x00000000
           2206	      1099	001010b8	d008fad3	fcvt.s.w	f21,x17	 x17:0x00000021 f21=0x00000000
           2208	      1100	001010bc	00478b13	addi	x22,x15,4	 x15:0x0000001e x22=0x00000022
           2210	      1101	001010c0	38a42c23	sw	x10,920(x8)	  x8:0x00101000 x10:0x3f7d1f60 PA:0x00101398 store:0x3f7d1f60 load:0x00020000
           2212	      1102	001010c4	39842e03	lw	x28,920(x8)	  x8:0x00101000 x28=0x3f7d1f60 PA:0x00101398 store:0x00000000
           2214	      1103	001010c8	39492823	sw	x20,912(x18)	 x18:0x00101000 x20:0x0000001f PA:0x00101390 store:0x0000001f load:0x3f7d1f60
           2218	      1105	001010cc	3944ae83	lw	x29,916(x9)	  x9:0x00101000 x29=0x3f7d1f60 PA:0x00101394 store:0x0000001f
           2222	      1107	001010d0	3944af03	lw	x30,916(x9)	  x9:0x00101000 x30=0x3f7d1f60 PA:0x00101394 store:0x0000001f
           2232	      1112	001010d4	39092f83	lw	x31,912(x18)	 x18:0x00101000 x31=0x0000001f PA:0x00101390 store:0x00020000
           2234	      1113	001010d8	01de72d3	fadd.s	f5,f28,f29	 f28:0x3f7d1f60 f29:0x3f7d1f60  f5=0x00000000
           2236	      1114	001010dc	d00b7653	fcvt.s.w	f12,x22	 x22:0x00000022 f12=0x00000000
           2238	      1115	001010e0	f9eaf743	fmadd.s	f14,f21,f30,f31	 f21:0x0000001d f30:0x3f7d1f60 f31:0x0000001d f14=0x00000000
           2240	      1116	001010e4	00578693	addi	x13,x15,5	 x15:0x0000001e x13=0x00000023
           2242	      1117	001010e8	d006f353	fcvt.s.w	f6,x13	 x13:0x00000023  f6=0x00000000
           2244	      1118	001010ec	38542c23	sw	x5,920(x8)	  x8:0x00101000  x5:0x0000001b PA:0x00101398 store:0x0000001b load:0x0000001f
           2246	      1119	001010f0	39842383	lw	x7,920(x8)	  x8:0x00101000  x7=0x0000001b PA:0x00101398 store:0x00000000
           2248	      1120	001010f4	38e92823	sw	x14,912(x18)	 x18:0x00101000 x14:0x00000020 PA:0x00101390 store:0x00000020 load:0x0000001b
           2252	      1122	001010f8	3944a083	lw	x1,916(x9)	  x9:0x00101000  x1=0x3f7d1f60 PA:0x00101394 store:0x0000001f
           2256	      1124	001010fc	3944a883	lw	x17,916(x9)	  x9:0x00101000 x17=0x3f7d1f60 PA:0x00101394 store:0x0000001f
           2266	      1129	00101100	39092803	lw	x16,912(x18)	 x18:0x00101000 x16=0x00000020 PA:0x00101390 store:0x00020000
           2268	      1130	00101104	0013f553	fadd.s	f10,f7,f1	  f7:0x0000001b  f1:0x3f7d1f60 f10=0x00000000
           2270	      1131	00101108	00678a13	addi	x20,x15,6	 x15:0x0000001e x20=0x00000024
           2272	      1132	0010110c	81167ac3	fmadd.s	f21,f12,f17,f16	 f12:0x00020000 f17:0x3f7d1f60 f16:0x00020000 f21=0x00000000
           2274	      1133	00101110	d00a7b53	fcvt.s.w	f22,x20	 x20:0x00000024 f22=0x00000000
           2276	      1134	00101114	00778793	addi	x15,x15,7	 x15:0x0000001e x15=0x00000025
           2278	      1135	00101118	38a42c23	sw	x10,920(x8)	  x8:0x00101000 x10:0x3f7d1f60 PA:0x00101398 store:0x3f7d1f60 load:0x00000020
           2280	      1136	0010111c	39842e03	lw	x28,920(x8)	  x8:0x00101000 x28=0x3f7d1f60 PA:0x00101398 store:0x00000000
           2282	      1137	00101120	39592823	sw	x21,912(x18)	 x18:0x00101000 x21:0x0000001d PA:0x00101390 store:0x0000001d load:0x3f7d1f60
           2286	      1139	00101124	3944ae83	lw	x29,916(x9)	  x9:0x00101000 x29=0x3f7d1f60 PA:0x00101394 store:0x00000024
           2290	      1141	00101128	3944af03	lw	x30,916(x9)	  x9:0x00101000 x30=0x3f7d1f60 PA:0x00101394 store:0x00000024
           2300	      1146	0010112c	39092f83	lw	x31,912(x18)	 x18:0x00101000 x31=0x0000001d PA:0x00101390 store:0x00000020
           2302	      1147	00101130	01de72d3	fadd.s	f5,f28,f29	 f28:0x3f7d1f60 f29:0x3f7d1f60  f5=0x00000000
           2304	      1148	00101134	f9e37643	fmadd.s	f12,f6,f30,f31	  f6:0x00000016 f30:0x3f7d1f60 f31:0x00000016 f12=0x00000000
           2306	      1149	00101138	38542c23	sw	x5,920(x8)	  x8:0x00101000  x5:0x0000001b PA:0x00101398 store:0x0000001b load:0x0000001d
           2308	      1150	0010113c	38c92823	sw	x12,912(x18)	 x18:0x00101000 x12:0x00020000 PA:0x00101390 store:0x00020000 load:0x0000001d
           2310	      1151	00101140	39842703	lw	x14,920(x8)	  x8:0x00101000 x14=0x0000001b PA:0x00101398 store:0x00000000
           2314	      1153	00101144	3944a683	lw	x13,916(x9)	  x9:0x00101000 x13=0x3f7d1f60 PA:0x00101394 store:0x00000024
           2318	      1155	00101148	3944a303	lw	x6,916(x9)	  x9:0x00101000  x6=0x3f7d1f60 PA:0x00101394 store:0x00000024
           2328	      1160	0010114c	39092383	lw	x7,912(x18)	 x18:0x00101000  x7=0x00020000 PA:0x00101390 store:0x00000020
           2330	      1161	00101150	00d770d3	fadd.s	f1,f14,f13	 f14:0x0000001b f13:0x3f7d1f60  f1=0x00000000
           2332	      1162	00101154	386b78c3	fmadd.s	f17,f22,f6,f7	 f22:0x00000022  f6:0x3f7d1f60  f7:0x00000022 f17=0x00000000
           2334	      1163	00101158	38142c23	sw	x1,920(x8)	  x8:0x00101000  x1:0x3f7d1f60 PA:0x00101398 store:0x3f7d1f60 load:0x00020000
           2336	      1164	0010115c	39842803	lw	x16,920(x8)	  x8:0x00101000 x16=0x3f7d1f60 PA:0x00101398 store:0x00000000
           2338	      1165	00101160	3944a503	lw	x10,916(x9)	  x9:0x00101000 x10=0x3f7d1f60 PA:0x00101394 store:0x00000024
           2348	      1170	00101164	39192823	sw	x17,912(x18)	 x18:0x00101000 x17:0x3f7d1f60 PA:0x00101390 store:0x3f7d1f60 load:0x3f7d1f60
           2350	      1171	00101168	00a87a53	fadd.s	f20,f16,f10	 f16:0x3f7d1f60 f10:0x3f7d1f60 f20=0x00000000
           2352	      1172	0010116c	39442c23	sw	x20,920(x8)	  x8:0x00101000 x20:0x00000024 PA:0x00101398 store:0x00000024 load:0x3f7d1f60
           2354	      1173	00101170	eeb794e3	bne	x15,x11,101058	 x15:0x00000025 x11:0x00000064
           2364	      1178	00101058	3944a083	lw	x1,916(x9)	  x9:0x00101000  x1=0x3f7d1f60 PA:0x00101394 store:0x00000024
           2366	      1179	0010105c	d007f853	fcvt.s.w	f16,x15	 x15:0x00000025 f16=0x00000000
           2368	      1180	00101060	39092883	lw	x17,912(x18)	 x18:0x00101000 x17=0x3f7d1f60 PA:0x00101390 store:0x3f7d1f60
           2376	      1184	00101064	00178a13	addi	x20,x15,1	 x15:0x00000025 x20=0x00000026
           2378	      1185	00101068	39842a83	lw	x21,920(x8)	  x8:0x00101000 x21=0x00000024 PA:0x00101398 store:0x00000000
           2380	      1186	0010106c	88187b43	fmadd.s	f22,f16,f1,f17	 f16:0x3f7d1f60  f1:0x3f7d1f60 f17:0x3f7d1f60 f22=0x00000000
           2382	      1187	00101070	3944ae03	lw	x28,916(x9)	  x9:0x00101000 x28=0x3f7d1f60 PA:0x00101394 store:0x00000026
           2384	      1188	00101074	d00a7ed3	fcvt.s.w	f29,x20	 x20:0x00000026 f29=0x00000000
           2388	      1190	00101078	3944af03	lw	x30,916(x9)	  x9:0x00101000 x30=0x3f7d1f60 PA:0x00101394 store:0x00000026
           2390	      1191	0010107c	01caffd3	fadd.s	f31,f21,f28	 f21:0x00000024 f28:0x3f7d1f60 f31=0x00000000
           2392	      1192	00101080	39692823	sw	x22,912(x18)	 x18:0x00101000 x22:0x00000022 PA:0x00101390 store:0x00000022 load:0x3f7d1f60
           2400	      1196	00101084	39092283	lw	x5,912(x18)	 x18:0x00101000  x5=0x00000022 PA:0x00101390 store:0x3f7d1f60
           2402	      1197	00101088	00278713	addi	x14,x15,2	 x15:0x00000025 x14=0x00000027
           2404	      1198	0010108c	d00776d3	fcvt.s.w	f13,x14	 x14:0x00000027 f13=0x00000000
           2406	      1199	00101090	29eef643	fmadd.s	f12,f29,f30,f5	 f29:0x3f7d1f60 f30:0x3f7d1f60  f5:0x3f7d1f60 f12=0x00000000
           2408	      1200	00101094	39f42c23	sw	x31,920(x8)	  x8:0x00101000 x31:0x0000001d PA:0x00101398 store:0x0000001d load:0x00000022
           2410	      1201	00101098	39842303	lw	x6,920(x8)	  x8:0x00101000  x6=0x0000001d PA:0x00101398 store:0x00000000
           2412	      1202	0010109c	3944a383	lw	x7,916(x9)	  x9:0x00101000  x7=0x3f7d1f60 PA:0x00101394 store:0x00000026
           2414	      1203	001010a0	3944a083	lw	x1,916(x9)	  x9:0x00101000  x1=0x3f7d1f60 PA:0x00101394 store:0x00000026
           2418	      1205	001010a4	38c92823	sw	x12,912(x18)	 x18:0x00101000 x12:0x00020000 PA:0x00101390 store:0x00020000 load:0x3f7d1f60
           2428	      1210	001010a8	39092803	lw	x16,912(x18)	 x18:0x00101000 x16=0x00020000 PA:0x00101390 store:0x3f7d1f60
           2430	      1211	001010ac	00737553	fadd.s	f10,f6,f7	  f6:0x0000001d  f7:0x3f7d1f60 f10=0x00000000
           2432	      1212	001010b0	00378893	addi	x17,x15,3	 x15:0x00000025 x17=0x00000028
           2434	      1213	001010b4	8016fa43	fmadd.s	f20,f13,f1,f16	 f13:0x3f7d1f60  f1:0x3f7d1f60 f16:0x3f7d1f60 f20=0x00000000
           2436	      1214	001010b8	d008fad3	fcvt.s.w	f21,x17	 x17:0x00000028 f21=0x00000000
           2438	      1215	001010bc	00478b13	addi	x22,x15,4	 x15:0x00000025 x22=0x00000029
           2440	      1216	001010c0	38a42c23	sw	x10,920(x8)	  x8:0x00101000 x10:0x3f7d1f60 PA:0x00101398 store:0x3f7d1f60 load:0x00020000
           2442	      1217	001010c4	39842e03	lw	x28,920(x8)	  x8:0x00101000 x28=0x3f7d1f60 PA:0x00101398 store:0x00000000
           2444	      1218	001010c8	39492823	sw	x20,912(x18)	 x18:0x00101000 x20:0x00000026 PA:0x00101390 store:0x00000026 load:0x3f7d1f60
           2448	      1220	001010cc	3944ae83	lw	x29,916(x9)	  x9:0x00101000 x29=0x3f7d1f60 PA:0x00101394 store:0x00000026
           2452	      1222	001010d0	3944af03	lw	x30,916(x9)	  x9:0x00101000 x30=0x3f7d1f60 PA:0x00101394 store:0x00000026
           2462	      1227	001010d4	39092f83	lw	x31,912(x18)	 x18:0x00101000 x31=0x00000026 PA:0x00101390 store:0x00020000
           2464	      1228	001010d8	01de72d3	fadd.s	f5,f28,f29	 f28:0x3f7d1f60 f29:0x3f7d1f60  f5=0x00000000
           2466	      1229	001010dc	d00b7653	fcvt.s.w	f12,x22	 x22:0x00000029 f12=0x00000000
           2468	      1230	001010e0	f9eaf743	fmadd.s	f14,f21,f30,f31	 f21:0x00000024 f30:0x3f7d1f60 f31:0x00000024 f14=0x00000000
           2470	      1231	001010e4	00578693	addi	x13,x15,5	 x15:0x00000025 x13=0x0000002a
           2472	      1232	001010e8	d006f353	fcvt.s.w	f6,x13	 x13:0x0000002a  f6=0x00000000
           2474	      1233	001010ec	38542c23	sw	x5,920(x8)	  x8:0x00101000  x5:0x00000022 PA:0x00101398 store:0x00000022 load:0x00000026
           2476	      1234	001010f0	39842383	lw	x7,920(x8)	  x8:0x00101000  x7=0x00000022 PA:0x00101398 store:0x00000000
           2478	      1235	001010f4	38e92823	sw	x14,912(x18)	 x18:0x00101000 x14:0x00000027 PA:0x00101390 store:0x00000027 load:0x00000022
           2482	      1237	001010f8	3944a083	lw	x1,916(x9)	  x9:0x00101000  x1=0x3f7d1f60 PA:0x00101394 store:0x00000026
           2486	      1239	001010fc	3944a883	lw	x17,916(x9)	  x9:0x00101000 x17=0x3f7d1f60 PA:0x00101394 store:0x00000026
           2496	      1244	00101100	39092803	lw	x16,912(x18)	 x18:0x00101000 x16=0x00000027 PA:0x00101390 store:0x00020000
           2498	      1245	00101104	0013f553	fadd.s	f10,f7,f1	  f7:0x00000022  f1:0x3f7d1f60 f10=0x00000000
           2500	      1246	00101108	00678a13	addi	x20,x15,6	 x15:0x00000025 x20=0x0000002b
           2502	      1247	0010110c	81167ac3	fmadd.s	f21,f12,f17,f16	 f12:0x00020000 f17:0x3f7d1f60 f16:0x00020000 f21=0x00000000
           2504	      1248	00101110	d00a7b53	fcvt.s.w	f22,x20	 x20:0x0000002b f22=0x00000000
           2506	      1249	00101114	00778793	addi	x15,x15,7	 x15:0x00000025 x15=0x0000002c
           2508	      1250	00101118	38a42c23	sw	x10,920(x8)	  x8:0x00101000 x10:0x3f7d1f60 PA:0x00101398 store:0x3f7d1f60 load:0x00000027
           2510	      1251	0010111c	39842e03	lw	x28,920(x8)	  x8:0x00101000 x28=0x3f7d1f60 PA:0x00101398 store:0x00000000
           2512	      1252	00101120	39592823	sw	x21,912(x18)	 x18:0x00101000 x21:0x00000024 PA:0x00101390 store:0x00000024 load:0x3f7d1f60
           2516	      1254	00101124	3944ae83	lw	x29,916(x9)	  x9:0x00101000 x29=0x3f7d1f60 PA:0x00101394 store:0x0000002b
           2520	      1256	00101128	3944af03	lw	x30,916(x9)	  x9:0x00101000 x30=0x3f7d1f60 PA:0x00101394 store:0x0000002b
           2530	      1261	0010112c	39092f83	lw	x31,912(x18)	 x18:0x00101000 x31=0x00000024 PA:0x00101390 store:0x00000027
           2532	      1262	00101130	01de72d3	fadd.s	f5,f28,f29	 f28:0x3f7d1f60 f29:0x3f7d1f60  f5=0x00000000
           2534	      1263	00101134	f9e37643	fmadd.s	f12,f6,f30,f31	  f6:0x0000001d f30:0x3f7d1f60 f31:0x0000001d f12=0x00000000
           2536	      1264	00101138	38542c23	sw	x5,920(x8)	  x8:0x00101000  x5:0x00000022 PA:0x00101398 store:0x00000022 load:0x00000024
           2538	      1265	0010113c	38c92823	sw	x12,912(x18)	 x18:0x00101000 x12:0x00020000 PA:0x00101390 store:0x00020000 load:0x00000024
           2540	      1266	00101140	39842703	lw	x14,920(x8)	  x8:0x00101000 x14=0x00000022 PA:0x00101398 store:0x00000000
           2544	      1268	00101144	3944a683	lw	x13,916(x9)	  x9:0x00101000 x13=0x3f7d1f60 PA:0x00101394 store:0x0000002b
           2548	      1270	00101148	3944a303	lw	x6,916(x9)	  x9:0x00101000  x6=0x3f7d1f60 PA:0x00101394 store:0x0000002b
           2558	      1275	0010114c	39092383	lw	x7,912(x18)	 x18:0x00101000  x7=0x00020000 PA:0x00101390 store:0x00000027
           2560	      1276	00101150	00d770d3	fadd.s	f1,f14,f13	 f14:0x00000022 f13:0x3f7d1f60  f1=0x00000000
           2562	      1277	00101154	386b78c3	fmadd.s	f17,f22,f6,f7	 f22:0x00000029  f6:0x3f7d1f60  f7:0x00000029 f17=0x00000000
           2564	      1278	00101158	38142c23	sw	x1,920(x8)	  x8:0x00101000  x1:0x3f7d1f60 PA:0x00101398 store:0x3f7d1f60 load:0x00020000
           2566	      1279	0010115c	39842803	lw	x16,920(x8)	  x8:0x00101000 x16=0x3f7d1f60 PA:0x00101398 store:0x00000000
           2568	      1280	00101160	3944a503	lw	x10,916(x9)	  x9:0x00101000 x10=0x3f7d1f60 PA:0x00101394 store:0x0000002b
           2578	      1285	00101164	39192823	sw	x17,912(x18)	 x18:0x00101000 x17:0x3f7d1f60 PA:0x00101390 store:0x3f7d1f60 load:0x3f7d1f60
           2580	      1286	00101168	00a87a53	fadd.s	f20,f16,f10	 f16:0x3f7d1f60 f10:0x3f7d1f60 f20=0x00000000
           2582	      1287	0010116c	39442c23	sw	x20,920(x8)	  x8:0x00101000 x20:0x0000002b PA:0x00101398 store:0x0000002b load:0x3f7d1f60
           2584	      1288	00101170	eeb794e3	bne	x15,x11,101058	 x15:0x0000002c x11:0x00000064
           2594	      1293	00101058	3944a083	lw	x1,916(x9)	  x9:0x00101000  x1=0x3f7d1f60 PA:0x00101394 store:0x0000002b
           2596	      1294	0010105c	d007f853	fcvt.s.w	f16,x15	 x15:0x0000002c f16=0x00000000
           2598	      1295	00101060	39092883	lw	x17,912(x18)	 x18:0x00101000 x17=0x3f7d1f60 PA:0x00101390 store:0x3f7d1f60
           2606	      1299	00101064	00178a13	addi	x20,x15,1	 x15:0x0000002c x20=0x0000002d
           2608	      1300	00101068	39842a83	lw	x21,920(x8)	  x8:0x00101000 x21=0x0000002b PA:0x00101398 store:0x00000000
           2610	      1301	0010106c	88187b43	fmadd.s	f22,f16,f1,f17	 f16:0x3f7d1f60  f1:0x3f7d1f60 f17:0x3f7d1f60 f22=0x00000000
           2612	      1302	00101070	3944ae03	lw	x28,916(x9)	  x9:0x00101000 x28=0x3f7d1f60 PA:0x00101394 store:0x0000002d
           2614	      1303	00101074	d00a7ed3	fcvt.s.w	f29,x20	 x20:0x0000002d f29=0x00000000
           2618	      1305	00101078	3944af03	lw	x30,916(x9)	  x9:0x00101000 x30=0x3f7d1f60 PA:0x00101394 store:0x0000002d
           2620	      1306	0010107c	01caffd3	fadd.s	f31,f21,f28	 f21:0x0000002b f28:0x3f7d1f60 f31=0x00000000
           2622	      1307	00101080	39692823	sw	x22,912(x18)	 x18:0x00101000 x22:0x00000029 PA:0x00101390 store:0x00000029 load:0x3f7d1f60
           2630	      1311	00101084	39092283	lw	x5,912(x18)	 x18:0x00101000  x5=0x00000029 PA:0x00101390 store:0x3f7d1f60
           2632	      1312	00101088	00278713	addi	x14,x15,2	 x15:0x0000002c x14=0x0000002e
           2634	      1313	0010108c	d00776d3	fcvt.s.w	f13,x14	 x14:0x0000002e f13=0x00000000
           2636	      1314	00101090	29eef643	fmadd.s	f12,f29,f30,f5	 f29:0x3f7d1f60 f30:0x3f7d1f60  f5:0x3f7d1f60 f12=0x00000000
           2638	      1315	00101094	39f42c23	sw	x31,920(x8)	  x8:0x00101000 x31:0x00000024 PA:0x00101398 store:0x00000024 load:0x00000029
           2640	      1316	00101098	39842303	lw	x6,920(x8)	  x8:0x00101000  x6=0x00000024 PA:0x00101398 store:0x00000000
           2642	      1317	0010109c	3944a383	lw	x7,916(x9)	  x9:0x00101000  x7=0x3f7d1f60 PA:0x00101394 store:0x0000002d
           2644	      1318	001010a0	3944a083	lw	x1,916(x9)	  x9:0x00101000  x1=0x3f7d1f60 PA:0x00101394 store:0x0000002d
           2648	      1320	001010a4	38c92823	sw	x12,912(x18)	 x18:0x00101000 x12:0x00020000 PA:0x00101390 store:0x00020000 load:0x3f7d1f60
           2658	      1325	001010a8	39092803	lw	x16,912(x18)	 x18:0x00101000 x16=0x00020000 PA:0x00101390 store:0x3f7d1f60
           2660	      1326	001010ac	00737553	fadd.s	f10,f6,f7	  f6:0x00000024  f7:0x3f7d1f60 f10=0x00000000
           2662	      1327	001010b0	00378893	addi	x17,x15,3	 x15:0x0000002c x17=0x0000002f
           2664	      1328	001010b4	8016fa43	fmadd.s	f20,f13,f1,f16	 f13:0x3f7d1f60  f1:0x3f7d1f60 f16:0x3f7d1f60 f20=0x00000000
           2666	      1329	001010b8	d008fad3	fcvt.s.w	f21,x17	 x17:0x0000002f f21=0x00000000
           2668	      1330	001010bc	00478b13	addi	x22,x15,4	 x15:0x0000002c x22=0x00000030
           2670	      1331	001010c0	38a42c23	sw	x10,920(x8)	  x8:0x00101000 x10:0x3f7d1f60 PA:0x00101398 store:0x3f7d1f60 load:0x00020000
           2672	      1332	001010c4	39842e03	lw	x28,920(x8)	  x8:0x00101000 x28=0x3f7d1f60 PA:0x00101398 store:0x00000000
           2674	      1333	001010c8	39492823	sw	x20,912(x18)	 x18:0x00101000 x20:0x0000002d PA:0x00101390 store:0x0000002d load:0x3f7d1f60
           2678	      1335	001010cc	3944ae83	lw	x29,916(x9)	  x9:0x00101000 x29=0x3f7d1f60 PA:0x00101394 store:0x0000002d
           2682	      1337	001010d0	3944af03	lw	x30,916(x9)	  x9:0x00101000 x30=0x3f7d1f60 PA:0x00101394 store:0x0000002d
           2692	      1342	001010d4	39092f83	lw	x31,912(x18)	 x18:0x00101000 x31=0x0000002d PA:0x00101390 store:0x00020000
           2694	      1343	001010d8	01de72d3	fadd.s	f5,f28,f29	 f28:0x3f7d1f60 f29:0x3f7d1f60  f5=0x00000000
           2696	      1344	001010dc	d00b7653	fcvt.s.w	f12,x22	 x22:0x00000030 f12=0x00000000
           2698	      1345	001010e0	f9eaf743	fmadd.s	f14,f21,f30,f31	 f21:0x0000002b f30:0x3f7d1f60 f31:0x0000002b f14=0x00000000
           2700	      1346	001010e4	00578693	addi	x13,x15,5	 x15:0x0000002c x13=0x00000031
           2702	      1347	001010e8	d006f353	fcvt.s.w	f6,x13	 x13:0x00000031  f6=0x00000000
           2704	      1348	001010ec	38542c23	sw	x5,920(x8)	  x8:0x00101000  x5:0x00000029 PA:0x00101398 store:0x00000029 load:0x0000002d
           2706	      1349	001010f0	39842383	lw	x7,920(x8)	  x8:0x00101000  x7=0x00000029 PA:0x00101398 store:0x00000000
           2708	      1350	001010f4	38e92823	sw	x14,912(x18)	 x18:0x00101000 x14:0x0000002e PA:0x00101390 store:0x0000002e load:0x00000029
           2712	      1352	001010f8	3944a083	lw	x1,916(x9)	  x9:0x00101000  x1=0x3f7d1f60 PA:0x00101394 store:0x0000002d
           2716	      1354	001010fc	3944a883	lw	x17,916(x9)	  x9:0x00101000 x17=0x3f7d1f60 PA:0x00101394 store:0x0000002d
           2726	      1359	00101100	39092803	lw	x16,912(x18)	 x18:0x00101000 x16=0x0000002e PA:0x00101390 store:0x00020000
           2728	      1360	00101104	0013f553	fadd.s	f10,f7,f1	  f7:0x00000029  f1:0x3f7d1f60 f10=0x00000000
           2730	      1361	00101108	00678a13	addi	x20,x15,6	 x15:0x0000002c x20=0x00000032
           2732	      1362	0010110c	81167ac3	fmadd.s	f21,f12,f17,f16	 f12:0x00020000 f17:0x3f7d1f60 f16:0x00020000 f21=0x00000000
           2734	      1363	00101110	d00a7b53	fcvt.s.w	f22,x20	 x20:0x00000032 f22=0x00000000
           2736	      1364	00101114	00778793	addi	x15,x15,7	 x15:0x0000002c x15=0x00000033
           2738	      1365	00101118	38a42c23	sw	x10,920(x8)	  x8:0x00101000 x10:0x3f7d1f60 PA:0x00101398 store:0x3f7d1f60 load:0x0000002e
           2740	      1366	0010111c	39842e03	lw	x28,920(x8)	  x8:0x00101000 x28=0x3f7d1f60 PA:0x00101398 store:0x00000000
           2742	      1367	00101120	39592823	sw	x21,912(x18)	 x18:0x00101000 x21:0x0000002b PA:0x00101390 store:0x0000002b load:0x3f7d1f60
           2746	      1369	00101124	3944ae83	lw	x29,916(x9)	  x9:0x00101000 x29=0x3f7d1f60 PA:0x00101394 store:0x00000032
           2750	      1371	00101128	3944af03	lw	x30,916(x9)	  x9:0x00101000 x30=0x3f7d1f60 PA:0x00101394 store:0x00000032
           2760	      1376	0010112c	39092f83	lw	x31,912(x18)	 x18:0x00101000 x31=0x0000002b PA:0x00101390 store:0x0000002e
           2762	      1377	00101130	01de72d3	fadd.s	f5,f28,f29	 f28:0x3f7d1f60 f29:0x3f7d1f60  f5=0x00000000
           2764	      1378	00101134	f9e37643	fmadd.s	f12,f6,f30,f31	  f6:0x00000024 f30:0x3f7d1f60 f31:0x00000024 f12=0x00000000
           2766	      1379	00101138	38542c23	sw	x5,920(x8)	  x8:0x00101000  x5:0x00000029 PA:0x00101398 store:0x00000029 load:0x0000002b
           2768	      1380	0010113c	38c92823	sw	x12,912(x18)	 x18:0x00101000 x12:0x00020000 PA:0x00101390 store:0x00020000 load:0x0000002b
           2770	      1381	00101140	39842703	lw	x14,920(x8)	  x8:0x00101000 x14=0x00000029 PA:0x00101398 store:0x00000000
           2774	      1383	00101144	3944a683	lw	x13,916(x9)	  x9:0x00101000 x13=0x3f7d1f60 PA:0x00101394 store:0x00000032
           2778	      1385	00101148	3944a303	lw	x6,916(x9)	  x9:0x00101000  x6=0x3f7d1f60 PA:0x00101394 store:0x00000032
           2788	      1390	0010114c	39092383	lw	x7,912(x18)	 x18:0x00101000  x7=0x00020000 PA:0x00101390 store:0x0000002e
           2790	      1391	00101150	00d770d3	fadd.s	f1,f14,f13	 f14:0x00000029 f13:0x3f7d1f60  f1=0x00000000
           2792	      1392	00101154	386b78c3	fmadd.s	f17,f22,f6,f7	 f22:0x00000030  f6:0x3f7d1f60  f7:0x00000030 f17=0x00000000
           2794	      1393	00101158	38142c23	sw	x1,920(x8)	  x8:0x00101000  x1:0x3f7d1f60 PA:0x00101398 store:0x3f7d1f60 load:0x00020000
           2796	      1394	0010115c	39842803	lw	x16,920(x8)	  x8:0x00101000 x16=0x3f7d1f60 PA:0x00101398 store:0x00000000
           2798	      1395	00101160	3944a503	lw	x10,916(x9)	  x9:0x00101000 x10=0x3f7d1f60 PA:0x00101394 store:0x00000032
           2808	      1400	00101164	39192823	sw	x17,912(x18)	 x18:0x00101000 x17:0x3f7d1f60 PA:0x00101390 store:0x3f7d1f60 load:0x3f7d1f60
           2810	      1401	00101168	00a87a53	fadd.s	f20,f16,f10	 f16:0x3f7d1f60 f10:0x3f7d1f60 f20=0x00000000
           2812	      1402	0010116c	39442c23	sw	x20,920(x8)	  x8:0x00101000 x20:0x00000032 PA:0x00101398 store:0x00000032 load:0x3f7d1f60
           2814	      1403	00101170	eeb794e3	bne	x15,x11,101058	 x15:0x00000033 x11:0x00000064
           2824	      1408	00101058	3944a083	lw	x1,916(x9)	  x9:0x00101000  x1=0x3f7d1f60 PA:0x00101394 store:0x00000032
           2826	      1409	0010105c	d007f853	fcvt.s.w	f16,x15	 x15:0x00000033 f16=0x00000000
           2828	      1410	00101060	39092883	lw	x17,912(x18)	 x18:0x00101000 x17=0x3f7d1f60 PA:0x00101390 store:0x3f7d1f60
           2836	      1414	00101064	00178a13	addi	x20,x15,1	 x15:0x00000033 x20=0x00000034
           2838	      1415	00101068	39842a83	lw	x21,920(x8)	  x8:0x00101000 x21=0x00000032 PA:0x00101398 store:0x00000000
           2840	      1416	0010106c	88187b43	fmadd.s	f22,f16,f1,f17	 f16:0x3f7d1f60  f1:0x3f7d1f60 f17:0x3f7d1f60 f22=0x00000000
           2842	      1417	00101070	3944ae03	lw	x28,916(x9)	  x9:0x00101000 x28=0x3f7d1f60 PA:0x00101394 store:0x00000034
           2844	      1418	00101074	d00a7ed3	fcvt.s.w	f29,x20	 x20:0x00000034 f29=0x00000000
           2848	      1420	00101078	3944af03	lw	x30,916(x9)	  x9:0x00101000 x30=0x3f7d1f60 PA:0x00101394 store:0x00000034
           2850	      1421	0010107c	01caffd3	fadd.s	f31,f21,f28	 f21:0x00000032 f28:0x3f7d1f60 f31=0x00000000
           2852	      1422	00101080	39692823	sw	x22,912(x18)	 x18:0x00101000 x22:0x00000030 PA:0x00101390 store:0x00000030 load:0x3f7d1f60
           2860	      1426	00101084	39092283	lw	x5,912(x18)	 x18:0x00101000  x5=0x00000030 PA:0x00101390 store:0x3f7d1f60
           2862	      1427	00101088	00278713	addi	x14,x15,2	 x15:0x00000033 x14=0x00000035
           2864	      1428	0010108c	d00776d3	fcvt.s.w	f13,x14	 x14:0x00000035 f13=0x00000000
           2866	      1429	00101090	29eef643	fmadd.s	f12,f29,f30,f5	 f29:0x3f7d1f60 f30:0x3f7d1f60  f5:0x3f7d1f60 f12=0x00000000
           2868	      1430	00101094	39f42c23	sw	x31,920(x8)	  x8:0x00101000 x31:0x0000002b PA:0x00101398 store:0x0000002b load:0x00000030
           2870	      1431	00101098	39842303	lw	x6,920(x8)	  x8:0x00101000  x6=0x0000002b PA:0x00101398 store:0x00000000
           2872	      1432	0010109c	3944a383	lw	x7,916(x9)	  x9:0x00101000  x7=0x3f7d1f60 PA:0x00101394 store:0x00000034
           2874	      1433	001010a0	3944a083	lw	x1,916(x9)	  x9:0x00101000  x1=0x3f7d1f60 PA:0x00101394 store:0x00000034
           2878	      1435	001010a4	38c92823	sw	x12,912(x18)	 x18:0x00101000 x12:0x00020000 PA:0x00101390 store:0x00020000 load:0x3f7d1f60
           2888	      1440	001010a8	39092803	lw	x16,912(x18)	 x18:0x00101000 x16=0x00020000 PA:0x00101390 store:0x3f7d1f60
           2890	      1441	001010ac	00737553	fadd.s	f10,f6,f7	  f6:0x0000002b  f7:0x3f7d1f60 f10=0x00000000
           2892	      1442	001010b0	00378893	addi	x17,x15,3	 x15:0x00000033 x17=0x00000036
           2894	      1443	001010b4	8016fa43	fmadd.s	f20,f13,f1,f16	 f13:0x3f7d1f60  f1:0x3f7d1f60 f16:0x3f7d1f60 f20=0x00000000
           2896	      1444	001010b8	d008fad3	fcvt.s.w	f21,x17	 x17:0x00000036 f21=0x00000000
           2898	      1445	001010bc	00478b13	addi	x22,x15,4	 x15:0x00000033 x22=0x00000037
           2900	      1446	001010c0	38a42c23	sw	x10,920(x8)	  x8:0x00101000 x10:0x3f7d1f60 PA:0x00101398 store:0x3f7d1f60 load:0x00020000
           2902	      1447	001010c4	39842e03	lw	x28,920(x8)	  x8:0x00101000 x28=0x3f7d1f60 PA:0x00101398 store:0x00000000
           2904	      1448	001010c8	39492823	sw	x20,912(x18)	 x18:0x00101000 x20:0x00000034 PA:0x00101390 store:0x00000034 load:0x3f7d1f60
           2908	      1450	001010cc	3944ae83	lw	x29,916(x9)	  x9:0x00101000 x29=0x3f7d1f60 PA:0x00101394 store:0x00000034
           2912	      1452	001010d0	3944af03	lw	x30,916(x9)	  x9:0x00101000 x30=0x3f7d1f60 PA:0x00101394 store:0x00000034
           2922	      1457	001010d4	39092f83	lw	x31,912(x18)	 x18:0x00101000 x31=0x00000034 PA:0x00101390 store:0x00020000
           2924	      1458	001010d8	01de72d3	fadd.s	f5,f28,f29	 f28:0x3f7d1f60 f29:0x3f7d1f60  f5=0x00000000
           2926	      1459	001010dc	d00b7653	fcvt.s.w	f12,x22	 x22:0x00000037 f12=0x00000000
           2928	      1460	001010e0	f9eaf743	fmadd.s	f14,f21,f30,f31	 f21:0x00000032 f30:0x3f7d1f60 f31:0x00000032 f14=0x00000000
           2930	      1461	001010e4	00578693	addi	x13,x15,5	 x15:0x00000033 x13=0x00000038
           2932	      1462	001010e8	d006f353	fcvt.s.w	f6,x13	 x13:0x00000038  f6=0x00000000
           2934	      1463	001010ec	38542c23	sw	x5,920(x8)	  x8:0x00101000  x5:0x00000030 PA:0x00101398 store:0x00000030 load:0x00000034
           2936	      1464	001010f0	39842383	lw	x7,920(x8)	  x8:0x00101000  x7=0x00000030 PA:0x00101398 store:0x00000000
           2938	      1465	001010f4	38e92823	sw	x14,912(x18)	 x18:0x00101000 x14:0x00000035 PA:0x00101390 store:0x00000035 load:0x00000030
           2942	      1467	001010f8	3944a083	lw	x1,916(x9)	  x9:0x00101000  x1=0x3f7d1f60 PA:0x00101394 store:0x00000034
           2946	      1469	001010fc	3944a883	lw	x17,916(x9)	  x9:0x00101000 x17=0x3f7d1f60 PA:0x00101394 store:0x00000034
           2956	      1474	00101100	39092803	lw	x16,912(x18)	 x18:0x00101000 x16=0x00000035 PA:0x00101390 store:0x00020000
           2958	      1475	00101104	0013f553	fadd.s	f10,f7,f1	  f7:0x00000030  f1:0x3f7d1f60 f10=0x00000000
           2960	      1476	00101108	00678a13	addi	x20,x15,6	 x15:0x00000033 x20=0x00000039
           2962	      1477	0010110c	81167ac3	fmadd.s	f21,f12,f17,f16	 f12:0x00020000 f17:0x3f7d1f60 f16:0x00020000 f21=0x00000000
           2964	      1478	00101110	d00a7b53	fcvt.s.w	f22,x20	 x20:0x00000039 f22=0x00000000
           2966	      1479	00101114	00778793	addi	x15,x15,7	 x15:0x00000033 x15=0x0000003a
           2968	      1480	00101118	38a42c23	sw	x10,920(x8)	  x8:0x00101000 x10:0x3f7d1f60 PA:0x00101398 store:0x3f7d1f60 load:0x00000035
           2970	      1481	0010111c	39842e03	lw	x28,920(x8)	  x8:0x00101000 x28=0x3f7d1f60 PA:0x00101398 store:0x00000000
           2972	      1482	00101120	39592823	sw	x21,912(x18)	 x18:0x00101000 x21:0x00000032 PA:0x00101390 store:0x00000032 load:0x3f7d1f60
           2976	      1484	00101124	3944ae83	lw	x29,916(x9)	  x9:0x00101000 x29=0x3f7d1f60 PA:0x00101394 store:0x00000039
           2980	      1486	00101128	3944af03	lw	x30,916(x9)	  x9:0x00101000 x30=0x3f7d1f60 PA:0x00101394 store:0x00000039
           2990	      1491	0010112c	39092f83	lw	x31,912(x18)	 x18:0x00101000 x31=0x00000032 PA:0x00101390 store:0x00000035
           2992	      1492	00101130	01de72d3	fadd.s	f5,f28,f29	 f28:0x3f7d1f60 f29:0x3f7d1f60  f5=0x00000000
           2994	      1493	00101134	f9e37643	fmadd.s	f12,f6,f30,f31	  f6:0x0000002b f30:0x3f7d1f60 f31:0x0000002b f12=0x00000000
           2996	      1494	00101138	38542c23	sw	x5,920(x8)	  x8:0x00101000  x5:0x00000030 PA:0x00101398 store:0x00000030 load:0x00000032
           2998	      1495	0010113c	38c92823	sw	x12,912(x18)	 x18:0x00101000 x12:0x00020000 PA:0x00101390 store:0x00020000 load:0x00000032
           3000	      1496	00101140	39842703	lw	x14,920(x8)	  x8:0x00101000 x14=0x00000030 PA:0x00101398 store:0x00000000
           3004	      1498	00101144	3944a683	lw	x13,916(x9)	  x9:0x00101000 x13=0x3f7d1f60 PA:0x00101394 store:0x00000039
           3008	      1500	00101148	3944a303	lw	x6,916(x9)	  x9:0x00101000  x6=0x3f7d1f60 PA:0x00101394 store:0x00000039
           3018	      1505	0010114c	39092383	lw	x7,912(x18)	 x18:0x00101000  x7=0x00020000 PA:0x00101390 store:0x00000035
           3020	      1506	00101150	00d770d3	fadd.s	f1,f14,f13	 f14:0x00000030 f13:0x3f7d1f60  f1=0x00000000
           3022	      1507	00101154	386b78c3	fmadd.s	f17,f22,f6,f7	 f22:0x00000037  f6:0x3f7d1f60  f7:0x00000037 f17=0x00000000
           3024	      1508	00101158	38142c23	sw	x1,920(x8)	  x8:0x00101000  x1:0x3f7d1f60 PA:0x00101398 store:0x3f7d1f60 load:0x00020000
           3026	      1509	0010115c	39842803	lw	x16,920(x8)	  x8:0x00101000 x16=0x3f7d1f60 PA:0x00101398 store:0x00000000
           3028	      1510	00101160	3944a503	lw	x10,916(x9)	  x9:0x00101000 x10=0x3f7d1f60 PA:0x00101394 store:0x00000039
           3038	      1515	00101164	39192823	sw	x17,912(x18)	 x18:0x00101000 x17:0x3f7d1f60 PA:0x00101390 store:0x3f7d1f60 load:0x3f7d1f60
           3040	      1516	00101168	00a87a53	fadd.s	f20,f16,f10	 f16:0x3f7d1f60 f10:0x3f7d1f60 f20=0x00000000
           3042	      1517	0010116c	39442c23	sw	x20,920(x8)	  x8:0x00101000 x20:0x00000039 PA:0x00101398 store:0x00000039 load:0x3f7d1f60
           3044	      1518	00101170	eeb794e3	bne	x15,x11,101058	 x15:0x0000003a x11:0x00000064
           3054	      1523	00101058	3944a083	lw	x1,916(x9)	  x9:0x00101000  x1=0x3f7d1f60 PA:0x00101394 store:0x00000039
           3056	      1524	0010105c	d007f853	fcvt.s.w	f16,x15	 x15:0x0000003a f16=0x00000000
           3058	      1525	00101060	39092883	lw	x17,912(x18)	 x18:0x00101000 x17=0x3f7d1f60 PA:0x00101390 store:0x3f7d1f60
           3066	      1529	00101064	00178a13	addi	x20,x15,1	 x15:0x0000003a x20=0x0000003b
           3068	      1530	00101068	39842a83	lw	x21,920(x8)	  x8:0x00101000 x21=0x00000039 PA:0x00101398 store:0x00000000
           3070	      1531	0010106c	88187b43	fmadd.s	f22,f16,f1,f17	 f16:0x3f7d1f60  f1:0x3f7d1f60 f17:0x3f7d1f60 f22=0x00000000
           3072	      1532	00101070	3944ae03	lw	x28,916(x9)	  x9:0x00101000 x28=0x3f7d1f60 PA:0x00101394 store:0x0000003b
           3074	      1533	00101074	d00a7ed3	fcvt.s.w	f29,x20	 x20:0x0000003b f29=0x00000000
           3078	      1535	00101078	3944af03	lw	x30,916(x9)	  x9:0x00101000 x30=0x3f7d1f60 PA:0x00101394 store:0x0000003b
           3080	      1536	0010107c	01caffd3	fadd.s	f31,f21,f28	 f21:0x00000039 f28:0x3f7d1f60 f31=0x00000000
           3082	      1537	00101080	39692823	sw	x22,912(x18)	 x18:0x00101000 x22:0x00000037 PA:0x00101390 store:0x00000037 load:0x3f7d1f60
           3090	      1541	00101084	39092283	lw	x5,912(x18)	 x18:0x00101000  x5=0x00000037 PA:0x00101390 store:0x3f7d1f60
           3092	      1542	00101088	00278713	addi	x14,x15,2	 x15:0x0000003a x14=0x0000003c
           3094	      1543	0010108c	d00776d3	fcvt.s.w	f13,x14	 x14:0x0000003c f13=0x00000000
           3096	      1544	00101090	29eef643	fmadd.s	f12,f29,f30,f5	 f29:0x3f7d1f60 f30:0x3f7d1f60  f5:0x3f7d1f60 f12=0x00000000
           3098	      1545	00101094	39f42c23	sw	x31,920(x8)	  x8:0x00101000 x31:0x00000032 PA:0x00101398 store:0x00000032 load:0x00000037
           3100	      1546	00101098	39842303	lw	x6,920(x8)	  x8:0x00101000  x6=0x00000032 PA:0x00101398 store:0x00000000
           3102	      1547	0010109c	3944a383	lw	x7,916(x9)	  x9:0x00101000  x7=0x3f7d1f60 PA:0x00101394 store:0x0000003b
           3104	      1548	001010a0	3944a083	lw	x1,916(x9)	  x9:0x00101000  x1=0x3f7d1f60 PA:0x00101394 store:0x0000003b
           3108	      1550	001010a4	38c92823	sw	x12,912(x18)	 x18:0x00101000 x12:0x00020000 PA:0x00101390 store:0x00020000 load:0x3f7d1f60
           3118	      1555	001010a8	39092803	lw	x16,912(x18)	 x18:0x00101000 x16=0x00020000 PA:0x00101390 store:0x3f7d1f60
           3120	      1556	001010ac	00737553	fadd.s	f10,f6,f7	  f6:0x00000032  f7:0x3f7d1f60 f10=0x00000000
           3122	      1557	001010b0	00378893	addi	x17,x15,3	 x15:0x0000003a x17=0x0000003d
           3124	      1558	001010b4	8016fa43	fmadd.s	f20,f13,f1,f16	 f13:0x3f7d1f60  f1:0x3f7d1f60 f16:0x3f7d1f60 f20=0x00000000
           3126	      1559	001010b8	d008fad3	fcvt.s.w	f21,x17	 x17:0x0000003d f21=0x00000000
           3128	      1560	001010bc	00478b13	addi	x22,x15,4	 x15:0x0000003a x22=0x0000003e
           3130	      1561	001010c0	38a42c23	sw	x10,920(x8)	  x8:0x00101000 x10:0x3f7d1f60 PA:0x00101398 store:0x3f7d1f60 load:0x00020000
           3132	      1562	001010c4	39842e03	lw	x28,920(x8)	  x8:0x00101000 x28=0x3f7d1f60 PA:0x00101398 store:0x00000000
           3134	      1563	001010c8	39492823	sw	x20,912(x18)	 x18:0x00101000 x20:0x0000003b PA:0x00101390 store:0x0000003b load:0x3f7d1f60
           3138	      1565	001010cc	3944ae83	lw	x29,916(x9)	  x9:0x00101000 x29=0x3f7d1f60 PA:0x00101394 store:0x0000003b
           3142	      1567	001010d0	3944af03	lw	x30,916(x9)	  x9:0x00101000 x30=0x3f7d1f60 PA:0x00101394 store:0x0000003b
           3152	      1572	001010d4	39092f83	lw	x31,912(x18)	 x18:0x00101000 x31=0x0000003b PA:0x00101390 store:0x00020000
           3154	      1573	001010d8	01de72d3	fadd.s	f5,f28,f29	 f28:0x3f7d1f60 f29:0x3f7d1f60  f5=0x00000000
           3156	      1574	001010dc	d00b7653	fcvt.s.w	f12,x22	 x22:0x0000003e f12=0x00000000
           3158	      1575	001010e0	f9eaf743	fmadd.s	f14,f21,f30,f31	 f21:0x00000039 f30:0x3f7d1f60 f31:0x00000039 f14=0x00000000
           3160	      1576	001010e4	00578693	addi	x13,x15,5	 x15:0x0000003a x13=0x0000003f
           3162	      1577	001010e8	d006f353	fcvt.s.w	f6,x13	 x13:0x0000003f  f6=0x00000000
           3164	      1578	001010ec	38542c23	sw	x5,920(x8)	  x8:0x00101000  x5:0x00000037 PA:0x00101398 store:0x00000037 load:0x0000003b
           3166	      1579	001010f0	39842383	lw	x7,920(x8)	  x8:0x00101000  x7=0x00000037 PA:0x00101398 store:0x00000000
           3168	      1580	001010f4	38e92823	sw	x14,912(x18)	 x18:0x00101000 x14:0x0000003c PA:0x00101390 store:0x0000003c load:0x00000037
           3172	      1582	001010f8	3944a083	lw	x1,916(x9)	  x9:0x00101000  x1=0x3f7d1f60 PA:0x00101394 store:0x0000003b
           3176	      1584	001010fc	3944a883	lw	x17,916(x9)	  x9:0x00101000 x17=0x3f7d1f60 PA:0x00101394 store:0x0000003b
           3186	      1589	00101100	39092803	lw	x16,912(x18)	 x18:0x00101000 x16=0x0000003c PA:0x00101390 store:0x00020000
           3188	      1590	00101104	0013f553	fadd.s	f10,f7,f1	  f7:0x00000037  f1:0x3f7d1f60 f10=0x00000000
           3190	      1591	00101108	00678a13	addi	x20,x15,6	 x15:0x0000003a x20=0x00000040
           3192	      1592	0010110c	81167ac3	fmadd.s	f21,f12,f17,f16	 f12:0x00020000 f17:0x3f7d1f60 f16:0x00020000 f21=0x00000000
           3194	      1593	00101110	d00a7b53	fcvt.s.w	f22,x20	 x20:0x00000040 f22=0x00000000
           3196	      1594	00101114	00778793	addi	x15,x15,7	 x15:0x0000003a x15=0x00000041
           3198	      1595	00101118	38a42c23	sw	x10,920(x8)	  x8:0x00101000 x10:0x3f7d1f60 PA:0x00101398 store:0x3f7d1f60 load:0x0000003c
           3200	      1596	0010111c	39842e03	lw	x28,920(x8)	  x8:0x00101000 x28=0x3f7d1f60 PA:0x00101398 store:0x00000000
           3202	      1597	00101120	39592823	sw	x21,912(x18)	 x18:0x00101000 x21:0x00000039 PA:0x00101390 store:0x00000039 load:0x3f7d1f60
           3206	      1599	00101124	3944ae83	lw	x29,916(x9)	  x9:0x00101000 x29=0x3f7d1f60 PA:0x00101394 store:0x00000040
           3210	      1601	00101128	3944af03	lw	x30,916(x9)	  x9:0x00101000 x30=0x3f7d1f60 PA:0x00101394 store:0x00000040
           3220	      1606	0010112c	39092f83	lw	x31,912(x18)	 x18:0x00101000 x31=0x00000039 PA:0x00101390 store:0x0000003c
           3222	      1607	00101130	01de72d3	fadd.s	f5,f28,f29	 f28:0x3f7d1f60 f29:0x3f7d1f60  f5=0x00000000
           3224	      1608	00101134	f9e37643	fmadd.s	f12,f6,f30,f31	  f6:0x00000032 f30:0x3f7d1f60 f31:0x00000032 f12=0x00000000
           3226	      1609	00101138	38542c23	sw	x5,920(x8)	  x8:0x00101000  x5:0x00000037 PA:0x00101398 store:0x00000037 load:0x00000039
           3228	      1610	0010113c	38c92823	sw	x12,912(x18)	 x18:0x00101000 x12:0x00020000 PA:0x00101390 store:0x00020000 load:0x00000039
           3230	      1611	00101140	39842703	lw	x14,920(x8)	  x8:0x00101000 x14=0x00000037 PA:0x00101398 store:0x00000000
           3234	      1613	00101144	3944a683	lw	x13,916(x9)	  x9:0x00101000 x13=0x3f7d1f60 PA:0x00101394 store:0x00000040
           3238	      1615	00101148	3944a303	lw	x6,916(x9)	  x9:0x00101000  x6=0x3f7d1f60 PA:0x00101394 store:0x00000040
           3248	      1620	0010114c	39092383	lw	x7,912(x18)	 x18:0x00101000  x7=0x00020000 PA:0x00101390 store:0x0000003c
           3250	      1621	00101150	00d770d3	fadd.s	f1,f14,f13	 f14:0x00000037 f13:0x3f7d1f60  f1=0x00000000
           3252	      1622	00101154	386b78c3	fmadd.s	f17,f22,f6,f7	 f22:0x0000003e  f6:0x3f7d1f60  f7:0x0000003e f17=0x00000000
           3254	      1623	00101158	38142c23	sw	x1,920(x8)	  x8:0x00101000  x1:0x3f7d1f60 PA:0x00101398 store:0x3f7d1f60 load:0x00020000
           3256	      1624	0010115c	39842803	lw	x16,920(x8)	  x8:0x00101000 x16=0x3f7d1f60 PA:0x00101398 store:0x00000000
           3258	      1625	00101160	3944a503	lw	x10,916(x9)	  x9:0x00101000 x10=0x3f7d1f60 PA:0x00101394 store:0x00000040
           3268	      1630	00101164	39192823	sw	x17,912(x18)	 x18:0x00101000 x17:0x3f7d1f60 PA:0x00101390 store:0x3f7d1f60 load:0x3f7d1f60
           3270	      1631	00101168	00a87a53	fadd.s	f20,f16,f10	 f16:0x3f7d1f60 f10:0x3f7d1f60 f20=0x00000000
           3272	      1632	0010116c	39442c23	sw	x20,920(x8)	  x8:0x00101000 x20:0x00000040 PA:0x00101398 store:0x00000040 load:0x3f7d1f60
           3274	      1633	00101170	eeb794e3	bne	x15,x11,101058	 x15:0x00000041 x11:0x00000064
           3284	      1638	00101058	3944a083	lw	x1,916(x9)	  x9:0x00101000  x1=0x3f7d1f60 PA:0x00101394 store:0x00000040
           3286	      1639	0010105c	d007f853	fcvt.s.w	f16,x15	 x15:0x00000041 f16=0x00000000
           3288	      1640	00101060	39092883	lw	x17,912(x18)	 x18:0x00101000 x17=0x3f7d1f60 PA:0x00101390 store:0x3f7d1f60
           3296	      1644	00101064	00178a13	addi	x20,x15,1	 x15:0x00000041 x20=0x00000042
           3298	      1645	00101068	39842a83	lw	x21,920(x8)	  x8:0x00101000 x21=0x00000040 PA:0x00101398 store:0x00000000
           3300	      1646	0010106c	88187b43	fmadd.s	f22,f16,f1,f17	 f16:0x3f7d1f60  f1:0x3f7d1f60 f17:0x3f7d1f60 f22=0x00000000
           3302	      1647	00101070	3944ae03	lw	x28,916(x9)	  x9:0x00101000 x28=0x3f7d1f60 PA:0x00101394 store:0x00000042
           3304	      1648	00101074	d00a7ed3	fcvt.s.w	f29,x20	 x20:0x00000042 f29=0x00000000
           3308	      1650	00101078	3944af03	lw	x30,916(x9)	  x9:0x00101000 x30=0x3f7d1f60 PA:0x00101394 store:0x00000042
           3310	      1651	0010107c	01caffd3	fadd.s	f31,f21,f28	 f21:0x00000040 f28:0x3f7d1f60 f31=0x00000000
           3312	      1652	00101080	39692823	sw	x22,912(x18)	 x18:0x00101000 x22:0x0000003e PA:0x00101390 store:0x0000003e load:0x3f7d1f60
           3320	      1656	00101084	39092283	lw	x5,912(x18)	 x18:0x00101000  x5=0x0000003e PA:0x00101390 store:0x3f7d1f60
           3322	      1657	00101088	00278713	addi	x14,x15,2	 x15:0x00000041 x14=0x00000043
           3324	      1658	0010108c	d00776d3	fcvt.s.w	f13,x14	 x14:0x00000043 f13=0x00000000
           3326	      1659	00101090	29eef643	fmadd.s	f12,f29,f30,f5	 f29:0x3f7d1f60 f30:0x3f7d1f60  f5:0x3f7d1f60 f12=0x00000000
           3328	      1660	00101094	39f42c23	sw	x31,920(x8)	  x8:0x00101000 x31:0x00000039 PA:0x00101398 store:0x00000039 load:0x0000003e
           3330	      1661	00101098	39842303	lw	x6,920(x8)	  x8:0x00101000  x6=0x00000039 PA:0x00101398 store:0x00000000
           3332	      1662	0010109c	3944a383	lw	x7,916(x9)	  x9:0x00101000  x7=0x3f7d1f60 PA:0x00101394 store:0x00000042
           3334	      1663	001010a0	3944a083	lw	x1,916(x9)	  x9:0x00101000  x1=0x3f7d1f60 PA:0x00101394 store:0x00000042
           3338	      1665	001010a4	38c92823	sw	x12,912(x18)	 x18:0x00101000 x12:0x00020000 PA:0x00101390 store:0x00020000 load:0x3f7d1f60
           3348	      1670	001010a8	39092803	lw	x16,912(x18)	 x18:0x00101000 x16=0x00020000 PA:0x00101390 store:0x3f7d1f60
           3350	      1671	001010ac	00737553	fadd.s	f10,f6,f7	  f6:0x00000039  f7:0x3f7d1f60 f10=0x00000000
           3352	      1672	001010b0	00378893	addi	x17,x15,3	 x15:0x00000041 x17=0x00000044
           3354	      1673	001010b4	8016fa43	fmadd.s	f20,f13,f1,f16	 f13:0x3f7d1f60  f1:0x3f7d1f60 f16:0x3f7d1f60 f20=0x00000000
           3356	      1674	001010b8	d008fad3	fcvt.s.w	f21,x17	 x17:0x00000044 f21=0x00000000
           3358	      1675	001010bc	00478b13	addi	x22,x15,4	 x15:0x00000041 x22=0x00000045
           3360	      1676	001010c0	38a42c23	sw	x10,920(x8)	  x8:0x00101000 x10:0x3f7d1f60 PA:0x00101398 store:0x3f7d1f60 load:0x00020000
           3362	      1677	001010c4	39842e03	lw	x28,920(x8)	  x8:0x00101000 x28=0x3f7d1f60 PA:0x00101398 store:0x00000000
           3364	      1678	001010c8	39492823	sw	x20,912(x18)	 x18:0x00101000 x20:0x00000042 PA:0x00101390 store:0x00000042 load:0x3f7d1f60
           3368	      1680	001010cc	3944ae83	lw	x29,916(x9)	  x9:0x00101000 x29=0x3f7d1f60 PA:0x00101394 store:0x00000042
           3372	      1682	001010d0	3944af03	lw	x30,916(x9)	  x9:0x00101000 x30=0x3f7d1f60 PA:0x00101394 store:0x00000042
           3382	      1687	001010d4	39092f83	lw	x31,912(x18)	 x18:0x00101000 x31=0x00000042 PA:0x00101390 store:0x00020000
           3384	      1688	001010d8	01de72d3	fadd.s	f5,f28,f29	 f28:0x3f7d1f60 f29:0x3f7d1f60  f5=0x00000000
           3386	      1689	001010dc	d00b7653	fcvt.s.w	f12,x22	 x22:0x00000045 f12=0x00000000
           3388	      1690	001010e0	f9eaf743	fmadd.s	f14,f21,f30,f31	 f21:0x00000040 f30:0x3f7d1f60 f31:0x00000040 f14=0x00000000
           3390	      1691	001010e4	00578693	addi	x13,x15,5	 x15:0x00000041 x13=0x00000046
           3392	      1692	001010e8	d006f353	fcvt.s.w	f6,x13	 x13:0x00000046  f6=0x00000000
           3394	      1693	001010ec	38542c23	sw	x5,920(x8)	  x8:0x00101000  x5:0x0000003e PA:0x00101398 store:0x0000003e load:0x00000042
           3396	      1694	001010f0	39842383	lw	x7,920(x8)	  x8:0x00101000  x7=0x0000003e PA:0x00101398 store:0x00000000
           3398	      1695	001010f4	38e92823	sw	x14,912(x18)	 x18:0x00101000 x14:0x00000043 PA:0x00101390 store:0x00000043 load:0x0000003e
           3402	      1697	001010f8	3944a083	lw	x1,916(x9)	  x9:0x00101000  x1=0x3f7d1f60 PA:0x00101394 store:0x00000042
           3406	      1699	001010fc	3944a883	lw	x17,916(x9)	  x9:0x00101000 x17=0x3f7d1f60 PA:0x00101394 store:0x00000042
           3416	      1704	00101100	39092803	lw	x16,912(x18)	 x18:0x00101000 x16=0x00000043 PA:0x00101390 store:0x00020000
           3418	      1705	00101104	0013f553	fadd.s	f10,f7,f1	  f7:0x0000003e  f1:0x3f7d1f60 f10=0x00000000
           3420	      1706	00101108	00678a13	addi	x20,x15,6	 x15:0x00000041 x20=0x00000047
           3422	      1707	0010110c	81167ac3	fmadd.s	f21,f12,f17,f16	 f12:0x00020000 f17:0x3f7d1f60 f16:0x00020000 f21=0x00000000
           3424	      1708	00101110	d00a7b53	fcvt.s.w	f22,x20	 x20:0x00000047 f22=0x00000000
           3426	      1709	00101114	00778793	addi	x15,x15,7	 x15:0x00000041 x15=0x00000048
           3428	      1710	00101118	38a42c23	sw	x10,920(x8)	  x8:0x00101000 x10:0x3f7d1f60 PA:0x00101398 store:0x3f7d1f60 load:0x00000043
           3430	      1711	0010111c	39842e03	lw	x28,920(x8)	  x8:0x00101000 x28=0x3f7d1f60 PA:0x00101398 store:0x00000000
           3432	      1712	00101120	39592823	sw	x21,912(x18)	 x18:0x00101000 x21:0x00000040 PA:0x00101390 store:0x00000040 load:0x3f7d1f60
           3436	      1714	00101124	3944ae83	lw	x29,916(x9)	  x9:0x00101000 x29=0x3f7d1f60 PA:0x00101394 store:0x00000047
           3440	      1716	00101128	3944af03	lw	x30,916(x9)	  x9:0x00101000 x30=0x3f7d1f60 PA:0x00101394 store:0x00000047
           3450	      1721	0010112c	39092f83	lw	x31,912(x18)	 x18:0x00101000 x31=0x00000040 PA:0x00101390 store:0x00000043
           3452	      1722	00101130	01de72d3	fadd.s	f5,f28,f29	 f28:0x3f7d1f60 f29:0x3f7d1f60  f5=0x00000000
           3454	      1723	00101134	f9e37643	fmadd.s	f12,f6,f30,f31	  f6:0x00000039 f30:0x3f7d1f60 f31:0x00000039 f12=0x00000000
           3456	      1724	00101138	38542c23	sw	x5,920(x8)	  x8:0x00101000  x5:0x0000003e PA:0x00101398 store:0x0000003e load:0x00000040
           3458	      1725	0010113c	38c92823	sw	x12,912(x18)	 x18:0x00101000 x12:0x00020000 PA:0x00101390 store:0x00020000 load:0x00000040
           3460	      1726	00101140	39842703	lw	x14,920(x8)	  x8:0x00101000 x14=0x0000003e PA:0x00101398 store:0x00000000
           3464	      1728	00101144	3944a683	lw	x13,916(x9)	  x9:0x00101000 x13=0x3f7d1f60 PA:0x00101394 store:0x00000047
           3468	      1730	00101148	3944a303	lw	x6,916(x9)	  x9:0x00101000  x6=0x3f7d1f60 PA:0x00101394 store:0x00000047
           3478	      1735	0010114c	39092383	lw	x7,912(x18)	 x18:0x00101000  x7=0x00020000 PA:0x00101390 store:0x00000043
           3480	      1736	00101150	00d770d3	fadd.s	f1,f14,f13	 f14:0x0000003e f13:0x3f7d1f60  f1=0x00000000
           3482	      1737	00101154	386b78c3	fmadd.s	f17,f22,f6,f7	 f22:0x00000045  f6:0x3f7d1f60  f7:0x00000045 f17=0x00000000
           3484	      1738	00101158	38142c23	sw	x1,920(x8)	  x8:0x00101000  x1:0x3f7d1f60 PA:0x00101398 store:0x3f7d1f60 load:0x00020000
           3486	      1739	0010115c	39842803	lw	x16,920(x8)	  x8:0x00101000 x16=0x3f7d1f60 PA:0x00101398 store:0x00000000
           3488	      1740	00101160	3944a503	lw	x10,916(x9)	  x9:0x00101000 x10=0x3f7d1f60 PA:0x00101394 store:0x00000047
           3498	      1745	00101164	39192823	sw	x17,912(x18)	 x18:0x00101000 x17:0x3f7d1f60 PA:0x00101390 store:0x3f7d1f60 load:0x3f7d1f60
           3500	      1746	00101168	00a87a53	fadd.s	f20,f16,f10	 f16:0x3f7d1f60 f10:0x3f7d1f60 f20=0x00000000
           3502	      1747	0010116c	39442c23	sw	x20,920(x8)	  x8:0x00101000 x20:0x00000047 PA:0x00101398 store:0x00000047 load:0x3f7d1f60
           3504	      1748	00101170	eeb794e3	bne	x15,x11,101058	 x15:0x00000048 x11:0x00000064
           3514	      1753	00101058	3944a083	lw	x1,916(x9)	  x9:0x00101000  x1=0x3f7d1f60 PA:0x00101394 store:0x00000047
           3516	      1754	0010105c	d007f853	fcvt.s.w	f16,x15	 x15:0x00000048 f16=0x00000000
           3518	      1755	00101060	39092883	lw	x17,912(x18)	 x18:0x00101000 x17=0x3f7d1f60 PA:0x00101390 store:0x3f7d1f60
           3526	      1759	00101064	00178a13	addi	x20,x15,1	 x15:0x00000048 x20=0x00000049
           3528	      1760	00101068	39842a83	lw	x21,920(x8)	  x8:0x00101000 x21=0x00000047 PA:0x00101398 store:0x00000000
           3530	      1761	0010106c	88187b43	fmadd.s	f22,f16,f1,f17	 f16:0x3f7d1f60  f1:0x3f7d1f60 f17:0x3f7d1f60 f22=0x00000000
           3532	      1762	00101070	3944ae03	lw	x28,916(x9)	  x9:0x00101000 x28=0x3f7d1f60 PA:0x00101394 store:0x00000049
           3534	      1763	00101074	d00a7ed3	fcvt.s.w	f29,x20	 x20:0x00000049 f29=0x00000000
           3538	      1765	00101078	3944af03	lw	x30,916(x9)	  x9:0x00101000 x30=0x3f7d1f60 PA:0x00101394 store:0x00000049
           3540	      1766	0010107c	01caffd3	fadd.s	f31,f21,f28	 f21:0x00000047 f28:0x3f7d1f60 f31=0x00000000
           3542	      1767	00101080	39692823	sw	x22,912(x18)	 x18:0x00101000 x22:0x00000045 PA:0x00101390 store:0x00000045 load:0x3f7d1f60
           3550	      1771	00101084	39092283	lw	x5,912(x18)	 x18:0x00101000  x5=0x00000045 PA:0x00101390 store:0x3f7d1f60
           3552	      1772	00101088	00278713	addi	x14,x15,2	 x15:0x00000048 x14=0x0000004a
           3554	      1773	0010108c	d00776d3	fcvt.s.w	f13,x14	 x14:0x0000004a f13=0x00000000
           3556	      1774	00101090	29eef643	fmadd.s	f12,f29,f30,f5	 f29:0x3f7d1f60 f30:0x3f7d1f60  f5:0x3f7d1f60 f12=0x00000000
           3558	      1775	00101094	39f42c23	sw	x31,920(x8)	  x8:0x00101000 x31:0x00000040 PA:0x00101398 store:0x00000040 load:0x00000045
           3560	      1776	00101098	39842303	lw	x6,920(x8)	  x8:0x00101000  x6=0x00000040 PA:0x00101398 store:0x00000000
           3562	      1777	0010109c	3944a383	lw	x7,916(x9)	  x9:0x00101000  x7=0x3f7d1f60 PA:0x00101394 store:0x00000049
           3564	      1778	001010a0	3944a083	lw	x1,916(x9)	  x9:0x00101000  x1=0x3f7d1f60 PA:0x00101394 store:0x00000049
           3568	      1780	001010a4	38c92823	sw	x12,912(x18)	 x18:0x00101000 x12:0x00020000 PA:0x00101390 store:0x00020000 load:0x3f7d1f60
           3578	      1785	001010a8	39092803	lw	x16,912(x18)	 x18:0x00101000 x16=0x00020000 PA:0x00101390 store:0x3f7d1f60
           3580	      1786	001010ac	00737553	fadd.s	f10,f6,f7	  f6:0x00000040  f7:0x3f7d1f60 f10=0x00000000
           3582	      1787	001010b0	00378893	addi	x17,x15,3	 x15:0x00000048 x17=0x0000004b
           3584	      1788	001010b4	8016fa43	fmadd.s	f20,f13,f1,f16	 f13:0x3f7d1f60  f1:0x3f7d1f60 f16:0x3f7d1f60 f20=0x00000000
           3586	      1789	001010b8	d008fad3	fcvt.s.w	f21,x17	 x17:0x0000004b f21=0x00000000
           3588	      1790	001010bc	00478b13	addi	x22,x15,4	 x15:0x00000048 x22=0x0000004c
           3590	      1791	001010c0	38a42c23	sw	x10,920(x8)	  x8:0x00101000 x10:0x3f7d1f60 PA:0x00101398 store:0x3f7d1f60 load:0x00020000
           3592	      1792	001010c4	39842e03	lw	x28,920(x8)	  x8:0x00101000 x28=0x3f7d1f60 PA:0x00101398 store:0x00000000
           3594	      1793	001010c8	39492823	sw	x20,912(x18)	 x18:0x00101000 x20:0x00000049 PA:0x00101390 store:0x00000049 load:0x3f7d1f60
           3598	      1795	001010cc	3944ae83	lw	x29,916(x9)	  x9:0x00101000 x29=0x3f7d1f60 PA:0x00101394 store:0x00000049
           3602	      1797	001010d0	3944af03	lw	x30,916(x9)	  x9:0x00101000 x30=0x3f7d1f60 PA:0x00101394 store:0x00000049
           3612	      1802	001010d4	39092f83	lw	x31,912(x18)	 x18:0x00101000 x31=0x00000049 PA:0x00101390 store:0x00020000
           3614	      1803	001010d8	01de72d3	fadd.s	f5,f28,f29	 f28:0x3f7d1f60 f29:0x3f7d1f60  f5=0x00000000
           3616	      1804	001010dc	d00b7653	fcvt.s.w	f12,x22	 x22:0x0000004c f12=0x00000000
           3618	      1805	001010e0	f9eaf743	fmadd.s	f14,f21,f30,f31	 f21:0x00000047 f30:0x3f7d1f60 f31:0x00000047 f14=0x00000000
           3620	      1806	001010e4	00578693	addi	x13,x15,5	 x15:0x00000048 x13=0x0000004d
           3622	      1807	001010e8	d006f353	fcvt.s.w	f6,x13	 x13:0x0000004d  f6=0x00000000
           3624	      1808	001010ec	38542c23	sw	x5,920(x8)	  x8:0x00101000  x5:0x00000045 PA:0x00101398 store:0x00000045 load:0x00000049
           3626	      1809	001010f0	39842383	lw	x7,920(x8)	  x8:0x00101000  x7=0x00000045 PA:0x00101398 store:0x00000000
           3628	      1810	001010f4	38e92823	sw	x14,912(x18)	 x18:0x00101000 x14:0x0000004a PA:0x00101390 store:0x0000004a load:0x00000045
           3632	      1812	001010f8	3944a083	lw	x1,916(x9)	  x9:0x00101000  x1=0x3f7d1f60 PA:0x00101394 store:0x00000049
           3636	      1814	001010fc	3944a883	lw	x17,916(x9)	  x9:0x00101000 x17=0x3f7d1f60 PA:0x00101394 store:0x00000049
           3646	      1819	00101100	39092803	lw	x16,912(x18)	 x18:0x00101000 x16=0x0000004a PA:0x00101390 store:0x00020000
           3648	      1820	00101104	0013f553	fadd.s	f10,f7,f1	  f7:0x00000045  f1:0x3f7d1f60 f10=0x00000000
           3650	      1821	00101108	00678a13	addi	x20,x15,6	 x15:0x00000048 x20=0x0000004e
           3652	      1822	0010110c	81167ac3	fmadd.s	f21,f12,f17,f16	 f12:0x00020000 f17:0x3f7d1f60 f16:0x00020000 f21=0x00000000
           3654	      1823	00101110	d00a7b53	fcvt.s.w	f22,x20	 x20:0x0000004e f22=0x00000000
           3656	      1824	00101114	00778793	addi	x15,x15,7	 x15:0x00000048 x15=0x0000004f
           3658	      1825	00101118	38a42c23	sw	x10,920(x8)	  x8:0x00101000 x10:0x3f7d1f60 PA:0x00101398 store:0x3f7d1f60 load:0x0000004a
           3660	      1826	0010111c	39842e03	lw	x28,920(x8)	  x8:0x00101000 x28=0x3f7d1f60 PA:0x00101398 store:0x00000000
           3662	      1827	00101120	39592823	sw	x21,912(x18)	 x18:0x00101000 x21:0x00000047 PA:0x00101390 store:0x00000047 load:0x3f7d1f60
           3666	      1829	00101124	3944ae83	lw	x29,916(x9)	  x9:0x00101000 x29=0x3f7d1f60 PA:0x00101394 store:0x0000004e
           3670	      1831	00101128	3944af03	lw	x30,916(x9)	  x9:0x00101000 x30=0x3f7d1f60 PA:0x00101394 store:0x0000004e
           3680	      1836	0010112c	39092f83	lw	x31,912(x18)	 x18:0x00101000 x31=0x00000047 PA:0x00101390 store:0x0000004a
           3682	      1837	00101130	01de72d3	fadd.s	f5,f28,f29	 f28:0x3f7d1f60 f29:0x3f7d1f60  f5=0x00000000
           3684	      1838	00101134	f9e37643	fmadd.s	f12,f6,f30,f31	  f6:0x00000040 f30:0x3f7d1f60 f31:0x00000040 f12=0x00000000
           3686	      1839	00101138	38542c23	sw	x5,920(x8)	  x8:0x00101000  x5:0x00000045 PA:0x00101398 store:0x00000045 load:0x00000047
           3688	      1840	0010113c	38c92823	sw	x12,912(x18)	 x18:0x00101000 x12:0x00020000 PA:0x00101390 store:0x00020000 load:0x00000047
           3690	      1841	00101140	39842703	lw	x14,920(x8)	  x8:0x00101000 x14=0x00000045 PA:0x00101398 store:0x00000000
           3694	      1843	00101144	3944a683	lw	x13,916(x9)	  x9:0x00101000 x13=0x3f7d1f60 PA:0x00101394 store:0x0000004e
           3698	      1845	00101148	3944a303	lw	x6,916(x9)	  x9:0x00101000  x6=0x3f7d1f60 PA:0x00101394 store:0x0000004e
           3708	      1850	0010114c	39092383	lw	x7,912(x18)	 x18:0x00101000  x7=0x00020000 PA:0x00101390 store:0x0000004a
           3710	      1851	00101150	00d770d3	fadd.s	f1,f14,f13	 f14:0x00000045 f13:0x3f7d1f60  f1=0x00000000
           3712	      1852	00101154	386b78c3	fmadd.s	f17,f22,f6,f7	 f22:0x0000004c  f6:0x3f7d1f60  f7:0x0000004c f17=0x00000000
           3714	      1853	00101158	38142c23	sw	x1,920(x8)	  x8:0x00101000  x1:0x3f7d1f60 PA:0x00101398 store:0x3f7d1f60 load:0x00020000
           3716	      1854	0010115c	39842803	lw	x16,920(x8)	  x8:0x00101000 x16=0x3f7d1f60 PA:0x00101398 store:0x00000000
           3718	      1855	00101160	3944a503	lw	x10,916(x9)	  x9:0x00101000 x10=0x3f7d1f60 PA:0x00101394 store:0x0000004e
           3728	      1860	00101164	39192823	sw	x17,912(x18)	 x18:0x00101000 x17:0x3f7d1f60 PA:0x00101390 store:0x3f7d1f60 load:0x3f7d1f60
           3730	      1861	00101168	00a87a53	fadd.s	f20,f16,f10	 f16:0x3f7d1f60 f10:0x3f7d1f60 f20=0x00000000
           3732	      1862	0010116c	39442c23	sw	x20,920(x8)	  x8:0x00101000 x20:0x0000004e PA:0x00101398 store:0x0000004e load:0x3f7d1f60
           3734	      1863	00101170	eeb794e3	bne	x15,x11,101058	 x15:0x0000004f x11:0x00000064
           3744	      1868	00101058	3944a083	lw	x1,916(x9)	  x9:0x00101000  x1=0x3f7d1f60 PA:0x00101394 store:0x0000004e
           3746	      1869	0010105c	d007f853	fcvt.s.w	f16,x15	 x15:0x0000004f f16=0x00000000
           3748	      1870	00101060	39092883	lw	x17,912(x18)	 x18:0x00101000 x17=0x3f7d1f60 PA:0x00101390 store:0x3f7d1f60
           3756	      1874	00101064	00178a13	addi	x20,x15,1	 x15:0x0000004f x20=0x00000050
           3758	      1875	00101068	39842a83	lw	x21,920(x8)	  x8:0x00101000 x21=0x0000004e PA:0x00101398 store:0x00000000
           3760	      1876	0010106c	88187b43	fmadd.s	f22,f16,f1,f17	 f16:0x3f7d1f60  f1:0x3f7d1f60 f17:0x3f7d1f60 f22=0x00000000
           3762	      1877	00101070	3944ae03	lw	x28,916(x9)	  x9:0x00101000 x28=0x3f7d1f60 PA:0x00101394 store:0x00000050
           3764	      1878	00101074	d00a7ed3	fcvt.s.w	f29,x20	 x20:0x00000050 f29=0x00000000
           3768	      1880	00101078	3944af03	lw	x30,916(x9)	  x9:0x00101000 x30=0x3f7d1f60 PA:0x00101394 store:0x00000050
           3770	      1881	0010107c	01caffd3	fadd.s	f31,f21,f28	 f21:0x0000004e f28:0x3f7d1f60 f31=0x00000000
           3772	      1882	00101080	39692823	sw	x22,912(x18)	 x18:0x00101000 x22:0x0000004c PA:0x00101390 store:0x0000004c load:0x3f7d1f60
           3780	      1886	00101084	39092283	lw	x5,912(x18)	 x18:0x00101000  x5=0x0000004c PA:0x00101390 store:0x3f7d1f60
           3782	      1887	00101088	00278713	addi	x14,x15,2	 x15:0x0000004f x14=0x00000051
           3784	      1888	0010108c	d00776d3	fcvt.s.w	f13,x14	 x14:0x00000051 f13=0x00000000
           3786	      1889	00101090	29eef643	fmadd.s	f12,f29,f30,f5	 f29:0x3f7d1f60 f30:0x3f7d1f60  f5:0x3f7d1f60 f12=0x00000000
           3788	      1890	00101094	39f42c23	sw	x31,920(x8)	  x8:0x00101000 x31:0x00000047 PA:0x00101398 store:0x00000047 load:0x0000004c
           3790	      1891	00101098	39842303	lw	x6,920(x8)	  x8:0x00101000  x6=0x00000047 PA:0x00101398 store:0x00000000
           3792	      1892	0010109c	3944a383	lw	x7,916(x9)	  x9:0x00101000  x7=0x3f7d1f60 PA:0x00101394 store:0x00000050
           3794	      1893	001010a0	3944a083	lw	x1,916(x9)	  x9:0x00101000  x1=0x3f7d1f60 PA:0x00101394 store:0x00000050
           3798	      1895	001010a4	38c92823	sw	x12,912(x18)	 x18:0x00101000 x12:0x00020000 PA:0x00101390 store:0x00020000 load:0x3f7d1f60
           3808	      1900	001010a8	39092803	lw	x16,912(x18)	 x18:0x00101000 x16=0x00020000 PA:0x00101390 store:0x3f7d1f60
           3810	      1901	001010ac	00737553	fadd.s	f10,f6,f7	  f6:0x00000047  f7:0x3f7d1f60 f10=0x00000000
           3812	      1902	001010b0	00378893	addi	x17,x15,3	 x15:0x0000004f x17=0x00000052
           3814	      1903	001010b4	8016fa43	fmadd.s	f20,f13,f1,f16	 f13:0x3f7d1f60  f1:0x3f7d1f60 f16:0x3f7d1f60 f20=0x00000000
           3816	      1904	001010b8	d008fad3	fcvt.s.w	f21,x17	 x17:0x00000052 f21=0x00000000
           3818	      1905	001010bc	00478b13	addi	x22,x15,4	 x15:0x0000004f x22=0x00000053
           3820	      1906	001010c0	38a42c23	sw	x10,920(x8)	  x8:0x00101000 x10:0x3f7d1f60 PA:0x00101398 store:0x3f7d1f60 load:0x00020000
           3822	      1907	001010c4	39842e03	lw	x28,920(x8)	  x8:0x00101000 x28=0x3f7d1f60 PA:0x00101398 store:0x00000000
           3824	      1908	001010c8	39492823	sw	x20,912(x18)	 x18:0x00101000 x20:0x00000050 PA:0x00101390 store:0x00000050 load:0x3f7d1f60
           3828	      1910	001010cc	3944ae83	lw	x29,916(x9)	  x9:0x00101000 x29=0x3f7d1f60 PA:0x00101394 store:0x00000050
           3832	      1912	001010d0	3944af03	lw	x30,916(x9)	  x9:0x00101000 x30=0x3f7d1f60 PA:0x00101394 store:0x00000050
           3842	      1917	001010d4	39092f83	lw	x31,912(x18)	 x18:0x00101000 x31=0x00000050 PA:0x00101390 store:0x00020000
           3844	      1918	001010d8	01de72d3	fadd.s	f5,f28,f29	 f28:0x3f7d1f60 f29:0x3f7d1f60  f5=0x00000000
           3846	      1919	001010dc	d00b7653	fcvt.s.w	f12,x22	 x22:0x00000053 f12=0x00000000
           3848	      1920	001010e0	f9eaf743	fmadd.s	f14,f21,f30,f31	 f21:0x0000004e f30:0x3f7d1f60 f31:0x0000004e f14=0x00000000
           3850	      1921	001010e4	00578693	addi	x13,x15,5	 x15:0x0000004f x13=0x00000054
           3852	      1922	001010e8	d006f353	fcvt.s.w	f6,x13	 x13:0x00000054  f6=0x00000000
           3854	      1923	001010ec	38542c23	sw	x5,920(x8)	  x8:0x00101000  x5:0x0000004c PA:0x00101398 store:0x0000004c load:0x00000050
           3856	      1924	001010f0	39842383	lw	x7,920(x8)	  x8:0x00101000  x7=0x0000004c PA:0x00101398 store:0x00000000
           3858	      1925	001010f4	38e92823	sw	x14,912(x18)	 x18:0x00101000 x14:0x00000051 PA:0x00101390 store:0x00000051 load:0x0000004c
           3862	      1927	001010f8	3944a083	lw	x1,916(x9)	  x9:0x00101000  x1=0x3f7d1f60 PA:0x00101394 store:0x00000050
           3866	      1929	001010fc	3944a883	lw	x17,916(x9)	  x9:0x00101000 x17=0x3f7d1f60 PA:0x00101394 store:0x00000050
           3876	      1934	00101100	39092803	lw	x16,912(x18)	 x18:0x00101000 x16=0x00000051 PA:0x00101390 store:0x00020000
           3878	      1935	00101104	0013f553	fadd.s	f10,f7,f1	  f7:0x0000004c  f1:0x3f7d1f60 f10=0x00000000
           3880	      1936	00101108	00678a13	addi	x20,x15,6	 x15:0x0000004f x20=0x00000055
           3882	      1937	0010110c	81167ac3	fmadd.s	f21,f12,f17,f16	 f12:0x00020000 f17:0x3f7d1f60 f16:0x00020000 f21=0x00000000
           3884	      1938	00101110	d00a7b53	fcvt.s.w	f22,x20	 x20:0x00000055 f22=0x00000000
           3886	      1939	00101114	00778793	addi	x15,x15,7	 x15:0x0000004f x15=0x00000056
           3888	      1940	00101118	38a42c23	sw	x10,920(x8)	  x8:0x00101000 x10:0x3f7d1f60 PA:0x00101398 store:0x3f7d1f60 load:0x00000051
           3890	      1941	0010111c	39842e03	lw	x28,920(x8)	  x8:0x00101000 x28=0x3f7d1f60 PA:0x00101398 store:0x00000000
           3892	      1942	00101120	39592823	sw	x21,912(x18)	 x18:0x00101000 x21:0x0000004e PA:0x00101390 store:0x0000004e load:0x3f7d1f60
           3896	      1944	00101124	3944ae83	lw	x29,916(x9)	  x9:0x00101000 x29=0x3f7d1f60 PA:0x00101394 store:0x00000055
           3900	      1946	00101128	3944af03	lw	x30,916(x9)	  x9:0x00101000 x30=0x3f7d1f60 PA:0x00101394 store:0x00000055
           3910	      1951	0010112c	39092f83	lw	x31,912(x18)	 x18:0x00101000 x31=0x0000004e PA:0x00101390 store:0x00000051
           3912	      1952	00101130	01de72d3	fadd.s	f5,f28,f29	 f28:0x3f7d1f60 f29:0x3f7d1f60  f5=0x00000000
           3914	      1953	00101134	f9e37643	fmadd.s	f12,f6,f30,f31	  f6:0x00000047 f30:0x3f7d1f60 f31:0x00000047 f12=0x00000000
           3916	      1954	00101138	38542c23	sw	x5,920(x8)	  x8:0x00101000  x5:0x0000004c PA:0x00101398 store:0x0000004c load:0x0000004e
           3918	      1955	0010113c	38c92823	sw	x12,912(x18)	 x18:0x00101000 x12:0x00020000 PA:0x00101390 store:0x00020000 load:0x0000004e
           3920	      1956	00101140	39842703	lw	x14,920(x8)	  x8:0x00101000 x14=0x0000004c PA:0x00101398 store:0x00000000
           3924	      1958	00101144	3944a683	lw	x13,916(x9)	  x9:0x00101000 x13=0x3f7d1f60 PA:0x00101394 store:0x00000055
           3928	      1960	00101148	3944a303	lw	x6,916(x9)	  x9:0x00101000  x6=0x3f7d1f60 PA:0x00101394 store:0x00000055
           3938	      1965	0010114c	39092383	lw	x7,912(x18)	 x18:0x00101000  x7=0x00020000 PA:0x00101390 store:0x00000051
           3940	      1966	00101150	00d770d3	fadd.s	f1,f14,f13	 f14:0x0000004c f13:0x3f7d1f60  f1=0x00000000
           3942	      1967	00101154	386b78c3	fmadd.s	f17,f22,f6,f7	 f22:0x00000053  f6:0x3f7d1f60  f7:0x00000053 f17=0x00000000
           3944	      1968	00101158	38142c23	sw	x1,920(x8)	  x8:0x00101000  x1:0x3f7d1f60 PA:0x00101398 store:0x3f7d1f60 load:0x00020000
           3946	      1969	0010115c	39842803	lw	x16,920(x8)	  x8:0x00101000 x16=0x3f7d1f60 PA:0x00101398 store:0x00000000
           3948	      1970	00101160	3944a503	lw	x10,916(x9)	  x9:0x00101000 x10=0x3f7d1f60 PA:0x00101394 store:0x00000055
           3958	      1975	00101164	39192823	sw	x17,912(x18)	 x18:0x00101000 x17:0x3f7d1f60 PA:0x00101390 store:0x3f7d1f60 load:0x3f7d1f60
           3960	      1976	00101168	00a87a53	fadd.s	f20,f16,f10	 f16:0x3f7d1f60 f10:0x3f7d1f60 f20=0x00000000
           3962	      1977	0010116c	39442c23	sw	x20,920(x8)	  x8:0x00101000 x20:0x00000055 PA:0x00101398 store:0x00000055 load:0x3f7d1f60
           3964	      1978	00101170	eeb794e3	bne	x15,x11,101058	 x15:0x00000056 x11:0x00000064
           3974	      1983	00101058	3944a083	lw	x1,916(x9)	  x9:0x00101000  x1=0x3f7d1f60 PA:0x00101394 store:0x00000055
           3976	      1984	0010105c	d007f853	fcvt.s.w	f16,x15	 x15:0x00000056 f16=0x00000000
           3978	      1985	00101060	39092883	lw	x17,912(x18)	 x18:0x00101000 x17=0x3f7d1f60 PA:0x00101390 store:0x3f7d1f60
           3986	      1989	00101064	00178a13	addi	x20,x15,1	 x15:0x00000056 x20=0x00000057
           3988	      1990	00101068	39842a83	lw	x21,920(x8)	  x8:0x00101000 x21=0x00000055 PA:0x00101398 store:0x00000000
           3990	      1991	0010106c	88187b43	fmadd.s	f22,f16,f1,f17	 f16:0x3f7d1f60  f1:0x3f7d1f60 f17:0x3f7d1f60 f22=0x00000000
           3992	      1992	00101070	3944ae03	lw	x28,916(x9)	  x9:0x00101000 x28=0x3f7d1f60 PA:0x00101394 store:0x00000057
           3994	      1993	00101074	d00a7ed3	fcvt.s.w	f29,x20	 x20:0x00000057 f29=0x00000000
           3998	      1995	00101078	3944af03	lw	x30,916(x9)	  x9:0x00101000 x30=0x3f7d1f60 PA:0x00101394 store:0x00000057
           4000	      1996	0010107c	01caffd3	fadd.s	f31,f21,f28	 f21:0x00000055 f28:0x3f7d1f60 f31=0x00000000
           4002	      1997	00101080	39692823	sw	x22,912(x18)	 x18:0x00101000 x22:0x00000053 PA:0x00101390 store:0x00000053 load:0x3f7d1f60
           4010	      2001	00101084	39092283	lw	x5,912(x18)	 x18:0x00101000  x5=0x00000053 PA:0x00101390 store:0x3f7d1f60
           4012	      2002	00101088	00278713	addi	x14,x15,2	 x15:0x00000056 x14=0x00000058
           4014	      2003	0010108c	d00776d3	fcvt.s.w	f13,x14	 x14:0x00000058 f13=0x00000000
           4016	      2004	00101090	29eef643	fmadd.s	f12,f29,f30,f5	 f29:0x3f7d1f60 f30:0x3f7d1f60  f5:0x3f7d1f60 f12=0x00000000
           4018	      2005	00101094	39f42c23	sw	x31,920(x8)	  x8:0x00101000 x31:0x0000004e PA:0x00101398 store:0x0000004e load:0x00000053
           4020	      2006	00101098	39842303	lw	x6,920(x8)	  x8:0x00101000  x6=0x0000004e PA:0x00101398 store:0x00000000
           4022	      2007	0010109c	3944a383	lw	x7,916(x9)	  x9:0x00101000  x7=0x3f7d1f60 PA:0x00101394 store:0x00000057
           4024	      2008	001010a0	3944a083	lw	x1,916(x9)	  x9:0x00101000  x1=0x3f7d1f60 PA:0x00101394 store:0x00000057
           4028	      2010	001010a4	38c92823	sw	x12,912(x18)	 x18:0x00101000 x12:0x00020000 PA:0x00101390 store:0x00020000 load:0x3f7d1f60
           4038	      2015	001010a8	39092803	lw	x16,912(x18)	 x18:0x00101000 x16=0x00020000 PA:0x00101390 store:0x3f7d1f60
           4040	      2016	001010ac	00737553	fadd.s	f10,f6,f7	  f6:0x0000004e  f7:0x3f7d1f60 f10=0x00000000
           4042	      2017	001010b0	00378893	addi	x17,x15,3	 x15:0x00000056 x17=0x00000059
           4044	      2018	001010b4	8016fa43	fmadd.s	f20,f13,f1,f16	 f13:0x3f7d1f60  f1:0x3f7d1f60 f16:0x3f7d1f60 f20=0x00000000
           4046	      2019	001010b8	d008fad3	fcvt.s.w	f21,x17	 x17:0x00000059 f21=0x00000000
           4048	      2020	001010bc	00478b13	addi	x22,x15,4	 x15:0x00000056 x22=0x0000005a
           4050	      2021	001010c0	38a42c23	sw	x10,920(x8)	  x8:0x00101000 x10:0x3f7d1f60 PA:0x00101398 store:0x3f7d1f60 load:0x00020000
           4052	      2022	001010c4	39842e03	lw	x28,920(x8)	  x8:0x00101000 x28=0x3f7d1f60 PA:0x00101398 store:0x00000000
           4054	      2023	001010c8	39492823	sw	x20,912(x18)	 x18:0x00101000 x20:0x00000057 PA:0x00101390 store:0x00000057 load:0x3f7d1f60
           4058	      2025	001010cc	3944ae83	lw	x29,916(x9)	  x9:0x00101000 x29=0x3f7d1f60 PA:0x00101394 store:0x00000057
           4062	      2027	001010d0	3944af03	lw	x30,916(x9)	  x9:0x00101000 x30=0x3f7d1f60 PA:0x00101394 store:0x00000057
           4072	      2032	001010d4	39092f83	lw	x31,912(x18)	 x18:0x00101000 x31=0x00000057 PA:0x00101390 store:0x00020000
           4074	      2033	001010d8	01de72d3	fadd.s	f5,f28,f29	 f28:0x3f7d1f60 f29:0x3f7d1f60  f5=0x00000000
           4076	      2034	001010dc	d00b7653	fcvt.s.w	f12,x22	 x22:0x0000005a f12=0x00000000
           4078	      2035	001010e0	f9eaf743	fmadd.s	f14,f21,f30,f31	 f21:0x00000055 f30:0x3f7d1f60 f31:0x00000055 f14=0x00000000
           4080	      2036	001010e4	00578693	addi	x13,x15,5	 x15:0x00000056 x13=0x0000005b
           4082	      2037	001010e8	d006f353	fcvt.s.w	f6,x13	 x13:0x0000005b  f6=0x00000000
           4084	      2038	001010ec	38542c23	sw	x5,920(x8)	  x8:0x00101000  x5:0x00000053 PA:0x00101398 store:0x00000053 load:0x00000057
           4086	      2039	001010f0	39842383	lw	x7,920(x8)	  x8:0x00101000  x7=0x00000053 PA:0x00101398 store:0x00000000
           4088	      2040	001010f4	38e92823	sw	x14,912(x18)	 x18:0x00101000 x14:0x00000058 PA:0x00101390 store:0x00000058 load:0x00000053
           4092	      2042	001010f8	3944a083	lw	x1,916(x9)	  x9:0x00101000  x1=0x3f7d1f60 PA:0x00101394 store:0x00000057
           4096	      2044	001010fc	3944a883	lw	x17,916(x9)	  x9:0x00101000 x17=0x3f7d1f60 PA:0x00101394 store:0x00000057
           4106	      2049	00101100	39092803	lw	x16,912(x18)	 x18:0x00101000 x16=0x00000058 PA:0x00101390 store:0x00020000
           4108	      2050	00101104	0013f553	fadd.s	f10,f7,f1	  f7:0x00000053  f1:0x3f7d1f60 f10=0x00000000
           4110	      2051	00101108	00678a13	addi	x20,x15,6	 x15:0x00000056 x20=0x0000005c
           4112	      2052	0010110c	81167ac3	fmadd.s	f21,f12,f17,f16	 f12:0x00020000 f17:0x3f7d1f60 f16:0x00020000 f21=0x00000000
           4114	      2053	00101110	d00a7b53	fcvt.s.w	f22,x20	 x20:0x0000005c f22=0x00000000
           4116	      2054	00101114	00778793	addi	x15,x15,7	 x15:0x00000056 x15=0x0000005d
           4118	      2055	00101118	38a42c23	sw	x10,920(x8)	  x8:0x00101000 x10:0x3f7d1f60 PA:0x00101398 store:0x3f7d1f60 load:0x00000058
           4120	      2056	0010111c	39842e03	lw	x28,920(x8)	  x8:0x00101000 x28=0x3f7d1f60 PA:0x00101398 store:0x00000000
           4122	      2057	00101120	39592823	sw	x21,912(x18)	 x18:0x00101000 x21:0x00000055 PA:0x00101390 store:0x00000055 load:0x3f7d1f60
           4126	      2059	00101124	3944ae83	lw	x29,916(x9)	  x9:0x00101000 x29=0x3f7d1f60 PA:0x00101394 store:0x0000005c
           4130	      2061	00101128	3944af03	lw	x30,916(x9)	  x9:0x00101000 x30=0x3f7d1f60 PA:0x00101394 store:0x0000005c
           4140	      2066	0010112c	39092f83	lw	x31,912(x18)	 x18:0x00101000 x31=0x00000055 PA:0x00101390 store:0x00000058
           4142	      2067	00101130	01de72d3	fadd.s	f5,f28,f29	 f28:0x3f7d1f60 f29:0x3f7d1f60  f5=0x00000000
           4144	      2068	00101134	f9e37643	fmadd.s	f12,f6,f30,f31	  f6:0x0000004e f30:0x3f7d1f60 f31:0x0000004e f12=0x00000000
           4146	      2069	00101138	38542c23	sw	x5,920(x8)	  x8:0x00101000  x5:0x00000053 PA:0x00101398 store:0x00000053 load:0x00000055
           4148	      2070	0010113c	38c92823	sw	x12,912(x18)	 x18:0x00101000 x12:0x00020000 PA:0x00101390 store:0x00020000 load:0x00000055
           4150	      2071	00101140	39842703	lw	x14,920(x8)	  x8:0x00101000 x14=0x00000053 PA:0x00101398 store:0x00000000
           4154	      2073	00101144	3944a683	lw	x13,916(x9)	  x9:0x00101000 x13=0x3f7d1f60 PA:0x00101394 store:0x0000005c
           4158	      2075	00101148	3944a303	lw	x6,916(x9)	  x9:0x00101000  x6=0x3f7d1f60 PA:0x00101394 store:0x0000005c
           4168	      2080	0010114c	39092383	lw	x7,912(x18)	 x18:0x00101000  x7=0x00020000 PA:0x00101390 store:0x00000058
           4170	      2081	00101150	00d770d3	fadd.s	f1,f14,f13	 f14:0x00000053 f13:0x3f7d1f60  f1=0x00000000
           4172	      2082	00101154	386b78c3	fmadd.s	f17,f22,f6,f7	 f22:0x0000005a  f6:0x3f7d1f60  f7:0x0000005a f17=0x00000000
           4174	      2083	00101158	38142c23	sw	x1,920(x8)	  x8:0x00101000  x1:0x3f7d1f60 PA:0x00101398 store:0x3f7d1f60 load:0x00020000
           4176	      2084	0010115c	39842803	lw	x16,920(x8)	  x8:0x00101000 x16=0x3f7d1f60 PA:0x00101398 store:0x00000000
           4178	      2085	00101160	3944a503	lw	x10,916(x9)	  x9:0x00101000 x10=0x3f7d1f60 PA:0x00101394 store:0x0000005c
           4188	      2090	00101164	39192823	sw	x17,912(x18)	 x18:0x00101000 x17:0x3f7d1f60 PA:0x00101390 store:0x3f7d1f60 load:0x3f7d1f60
           4190	      2091	00101168	00a87a53	fadd.s	f20,f16,f10	 f16:0x3f7d1f60 f10:0x3f7d1f60 f20=0x00000000
           4192	      2092	0010116c	39442c23	sw	x20,920(x8)	  x8:0x00101000 x20:0x0000005c PA:0x00101398 store:0x0000005c load:0x3f7d1f60
           4194	      2093	00101170	eeb794e3	bne	x15,x11,101058	 x15:0x0000005d x11:0x00000064
           4204	      2098	00101058	3944a083	lw	x1,916(x9)	  x9:0x00101000  x1=0x3f7d1f60 PA:0x00101394 store:0x0000005c
           4206	      2099	0010105c	d007f853	fcvt.s.w	f16,x15	 x15:0x0000005d f16=0x00000000
           4208	      2100	00101060	39092883	lw	x17,912(x18)	 x18:0x00101000 x17=0x3f7d1f60 PA:0x00101390 store:0x3f7d1f60
           4216	      2104	00101064	00178a13	addi	x20,x15,1	 x15:0x0000005d x20=0x0000005e
           4218	      2105	00101068	39842a83	lw	x21,920(x8)	  x8:0x00101000 x21=0x0000005c PA:0x00101398 store:0x00000000
           4220	      2106	0010106c	88187b43	fmadd.s	f22,f16,f1,f17	 f16:0x3f7d1f60  f1:0x3f7d1f60 f17:0x3f7d1f60 f22=0x00000000
           4222	      2107	00101070	3944ae03	lw	x28,916(x9)	  x9:0x00101000 x28=0x3f7d1f60 PA:0x00101394 store:0x0000005e
           4224	      2108	00101074	d00a7ed3	fcvt.s.w	f29,x20	 x20:0x0000005e f29=0x00000000
           4228	      2110	00101078	3944af03	lw	x30,916(x9)	  x9:0x00101000 x30=0x3f7d1f60 PA:0x00101394 store:0x0000005e
           4230	      2111	0010107c	01caffd3	fadd.s	f31,f21,f28	 f21:0x0000005c f28:0x3f7d1f60 f31=0x00000000
           4232	      2112	00101080	39692823	sw	x22,912(x18)	 x18:0x00101000 x22:0x0000005a PA:0x00101390 store:0x0000005a load:0x3f7d1f60
           4240	      2116	00101084	39092283	lw	x5,912(x18)	 x18:0x00101000  x5=0x0000005a PA:0x00101390 store:0x3f7d1f60
           4242	      2117	00101088	00278713	addi	x14,x15,2	 x15:0x0000005d x14=0x0000005f
           4244	      2118	0010108c	d00776d3	fcvt.s.w	f13,x14	 x14:0x0000005f f13=0x00000000
           4246	      2119	00101090	29eef643	fmadd.s	f12,f29,f30,f5	 f29:0x3f7d1f60 f30:0x3f7d1f60  f5:0x3f7d1f60 f12=0x00000000
           4248	      2120	00101094	39f42c23	sw	x31,920(x8)	  x8:0x00101000 x31:0x00000055 PA:0x00101398 store:0x00000055 load:0x0000005a
           4250	      2121	00101098	39842303	lw	x6,920(x8)	  x8:0x00101000  x6=0x00000055 PA:0x00101398 store:0x00000000
           4252	      2122	0010109c	3944a383	lw	x7,916(x9)	  x9:0x00101000  x7=0x3f7d1f60 PA:0x00101394 store:0x0000005e
           4254	      2123	001010a0	3944a083	lw	x1,916(x9)	  x9:0x00101000  x1=0x3f7d1f60 PA:0x00101394 store:0x0000005e
           4258	      2125	001010a4	38c92823	sw	x12,912(x18)	 x18:0x00101000 x12:0x00020000 PA:0x00101390 store:0x00020000 load:0x3f7d1f60
           4268	      2130	001010a8	39092803	lw	x16,912(x18)	 x18:0x00101000 x16=0x00020000 PA:0x00101390 store:0x3f7d1f60
           4270	      2131	001010ac	00737553	fadd.s	f10,f6,f7	  f6:0x00000055  f7:0x3f7d1f60 f10=0x00000000
           4272	      2132	001010b0	00378893	addi	x17,x15,3	 x15:0x0000005d x17=0x00000060
           4274	      2133	001010b4	8016fa43	fmadd.s	f20,f13,f1,f16	 f13:0x3f7d1f60  f1:0x3f7d1f60 f16:0x3f7d1f60 f20=0x00000000
           4276	      2134	001010b8	d008fad3	fcvt.s.w	f21,x17	 x17:0x00000060 f21=0x00000000
           4278	      2135	001010bc	00478b13	addi	x22,x15,4	 x15:0x0000005d x22=0x00000061
           4280	      2136	001010c0	38a42c23	sw	x10,920(x8)	  x8:0x00101000 x10:0x3f7d1f60 PA:0x00101398 store:0x3f7d1f60 load:0x00020000
           4282	      2137	001010c4	39842e03	lw	x28,920(x8)	  x8:0x00101000 x28=0x3f7d1f60 PA:0x00101398 store:0x00000000
           4284	      2138	001010c8	39492823	sw	x20,912(x18)	 x18:0x00101000 x20:0x0000005e PA:0x00101390 store:0x0000005e load:0x3f7d1f60
           4288	      2140	001010cc	3944ae83	lw	x29,916(x9)	  x9:0x00101000 x29=0x3f7d1f60 PA:0x00101394 store:0x0000005e
           4292	      2142	001010d0	3944af03	lw	x30,916(x9)	  x9:0x00101000 x30=0x3f7d1f60 PA:0x00101394 store:0x0000005e
           4302	      2147	001010d4	39092f83	lw	x31,912(x18)	 x18:0x00101000 x31=0x0000005e PA:0x00101390 store:0x00020000
           4304	      2148	001010d8	01de72d3	fadd.s	f5,f28,f29	 f28:0x3f7d1f60 f29:0x3f7d1f60  f5=0x00000000
           4306	      2149	001010dc	d00b7653	fcvt.s.w	f12,x22	 x22:0x00000061 f12=0x00000000
           4308	      2150	001010e0	f9eaf743	fmadd.s	f14,f21,f30,f31	 f21:0x0000005c f30:0x3f7d1f60 f31:0x0000005c f14=0x00000000
           4310	      2151	001010e4	00578693	addi	x13,x15,5	 x15:0x0000005d x13=0x00000062
           4312	      2152	001010e8	d006f353	fcvt.s.w	f6,x13	 x13:0x00000062  f6=0x00000000
           4314	      2153	001010ec	38542c23	sw	x5,920(x8)	  x8:0x00101000  x5:0x0000005a PA:0x00101398 store:0x0000005a load:0x0000005e
           4316	      2154	001010f0	39842383	lw	x7,920(x8)	  x8:0x00101000  x7=0x0000005a PA:0x00101398 store:0x00000000
           4318	      2155	001010f4	38e92823	sw	x14,912(x18)	 x18:0x00101000 x14:0x0000005f PA:0x00101390 store:0x0000005f load:0x0000005a
           4322	      2157	001010f8	3944a083	lw	x1,916(x9)	  x9:0x00101000  x1=0x3f7d1f60 PA:0x00101394 store:0x0000005e
           4326	      2159	001010fc	3944a883	lw	x17,916(x9)	  x9:0x00101000 x17=0x3f7d1f60 PA:0x00101394 store:0x0000005e
           4336	      2164	00101100	39092803	lw	x16,912(x18)	 x18:0x00101000 x16=0x0000005f PA:0x00101390 store:0x00020000
           4338	      2165	00101104	0013f553	fadd.s	f10,f7,f1	  f7:0x0000005a  f1:0x3f7d1f60 f10=0x00000000
           4340	      2166	00101108	00678a13	addi	x20,x15,6	 x15:0x0000005d x20=0x00000063
           4342	      2167	0010110c	81167ac3	fmadd.s	f21,f12,f17,f16	 f12:0x00020000 f17:0x3f7d1f60 f16:0x00020000 f21=0x00000000
           4344	      2168	00101110	d00a7b53	fcvt.s.w	f22,x20	 x20:0x00000063 f22=0x00000000
           4346	      2169	00101114	00778793	addi	x15,x15,7	 x15:0x0000005d x15=0x00000064
           4348	      2170	00101118	38a42c23	sw	x10,920(x8)	  x8:0x00101000 x10:0x3f7d1f60 PA:0x00101398 store:0x3f7d1f60 load:0x0000005f
           4350	      2171	0010111c	39842e03	lw	x28,920(x8)	  x8:0x00101000 x28=0x3f7d1f60 PA:0x00101398 store:0x00000000
           4352	      2172	00101120	39592823	sw	x21,912(x18)	 x18:0x00101000 x21:0x0000005c PA:0x00101390 store:0x0000005c load:0x3f7d1f60
           4356	      2174	00101124	3944ae83	lw	x29,916(x9)	  x9:0x00101000 x29=0x3f7d1f60 PA:0x00101394 store:0x00000063
           4360	      2176	00101128	3944af03	lw	x30,916(x9)	  x9:0x00101000 x30=0x3f7d1f60 PA:0x00101394 store:0x00000063
           4370	      2181	0010112c	39092f83	lw	x31,912(x18)	 x18:0x00101000 x31=0x0000005c PA:0x00101390 store:0x0000005f
           4372	      2182	00101130	01de72d3	fadd.s	f5,f28,f29	 f28:0x3f7d1f60 f29:0x3f7d1f60  f5=0x00000000
           4374	      2183	00101134	f9e37643	fmadd.s	f12,f6,f30,f31	  f6:0x00000055 f30:0x3f7d1f60 f31:0x00000055 f12=0x00000000
           4376	      2184	00101138	38542c23	sw	x5,920(x8)	  x8:0x00101000  x5:0x0000005a PA:0x00101398 store:0x0000005a load:0x0000005c
           4378	      2185	0010113c	38c92823	sw	x12,912(x18)	 x18:0x00101000 x12:0x00020000 PA:0x00101390 store:0x00020000 load:0x0000005c
           4380	      2186	00101140	39842703	lw	x14,920(x8)	  x8:0x00101000 x14=0x0000005a PA:0x00101398 store:0x00000000
           4384	      2188	00101144	3944a683	lw	x13,916(x9)	  x9:0x00101000 x13=0x3f7d1f60 PA:0x00101394 store:0x00000063
           4388	      2190	00101148	3944a303	lw	x6,916(x9)	  x9:0x00101000  x6=0x3f7d1f60 PA:0x00101394 store:0x00000063
           4398	      2195	0010114c	39092383	lw	x7,912(x18)	 x18:0x00101000  x7=0x00020000 PA:0x00101390 store:0x0000005f
           4400	      2196	00101150	00d770d3	fadd.s	f1,f14,f13	 f14:0x0000005a f13:0x3f7d1f60  f1=0x00000000
           4402	      2197	00101154	386b78c3	fmadd.s	f17,f22,f6,f7	 f22:0x00000061  f6:0x3f7d1f60  f7:0x00000061 f17=0x00000000
           4404	      2198	00101158	38142c23	sw	x1,920(x8)	  x8:0x00101000  x1:0x3f7d1f60 PA:0x00101398 store:0x3f7d1f60 load:0x00020000
           4406	      2199	0010115c	39842803	lw	x16,920(x8)	  x8:0x00101000 x16=0x3f7d1f60 PA:0x00101398 store:0x00000000
           4408	      2200	00101160	3944a503	lw	x10,916(x9)	  x9:0x00101000 x10=0x3f7d1f60 PA:0x00101394 store:0x00000063
           4418	      2205	00101164	39192823	sw	x17,912(x18)	 x18:0x00101000 x17:0x3f7d1f60 PA:0x00101390 store:0x3f7d1f60 load:0x3f7d1f60
           4420	      2206	00101168	00a87a53	fadd.s	f20,f16,f10	 f16:0x3f7d1f60 f10:0x3f7d1f60 f20=0x00000000
           4422	      2207	0010116c	39442c23	sw	x20,920(x8)	  x8:0x00101000 x20:0x00000063 PA:0x00101398 store:0x00000063 load:0x3f7d1f60
           4424	      2208	00101170	eeb794e3	bne	x15,x11,101058	 x15:0x00000064 x11:0x00000064
           4426	      2209	00101174	39c9a983	lw	x19,924(x19)	 x19:0x00101000 x19=0x43edefdf PA:0x0010139c store:0x3f7d1f60
           4428	      2210	00101178	00101437	lui	x8,0x101	  x8=0x00101000
           4430	      2211	0010117c	001014b7	lui	x9,0x101	  x9=0x00101000
           4432	      2212	00101180	32040513	addi	x10,x8,800	  x8:0x00101000 x10=0x00101320
           4434	      2213	00101184	3934a223	sw	x19,900(x9)	  x9:0x00101000 x19:0x43edefdf PA:0x00101384 store:0x43edefdf load:0x43edefdf
           4438	      2215	00101188	f19fe0ef	jal	x1,1000a0	  x1=0x0010118c
           4442	      2217	001000a0	00054803	lbu	x16,0(x10)	 x10:0x00101320 x16=0x0000000a PA:0x00101320 store:0x00000000
           4444	      2218	001000a4	06080663	beq	x16,x0,100110	 x16:0x0000000a  x0:0x00000000
           4446	      2219	001000a8	000207b7	lui	x15,0x20	 x15=0x00020000
           4450	      2221	001000ac	0107a023	sw	x16,0(x15)	 x15:0x00020000 x16:0x0000000a PA:0x00020000 store:0x0000000a load:0x00000000
           4454	      2223	001000b0	00154703	lbu	x14,1(x10)	 x10:0x00101320 x14=0x00000052 PA:0x00101321 store:0x0010118c
           4456	      2224	001000b4	04070e63	beq	x14,x0,100110	 x14:0x00000052  x0:0x00000000
           4460	      2226	001000b8	00e7a023	sw	x14,0(x15)	 x15:0x00020000 x14:0x00000052 PA:0x00020000 store:0x00000052 load:0x00000000
           4464	      2228	001000bc	00254283	lbu	x5,2(x10)	 x10:0x00101320  x5=0x00000065 PA:0x00101322 store:0x00137fe0
           4466	      2229	001000c0	04028863	beq	x5,x0,100110	  x5:0x00000065  x0:0x00000000
           4470	      2231	001000c4	0057a023	sw	x5,0(x15)	 x15:0x00020000  x5:0x00000065 PA:0x00020000 store:0x00000065 load:0x00000000
           4474	      2233	001000c8	00354303	lbu	x6,3(x10)	 x10:0x00101320  x6=0x00000073 PA:0x00101323 store:0x00000000
           4476	      2234	001000cc	04030263	beq	x6,x0,100110	  x6:0x00000073  x0:0x00000000
           4480	      2236	001000d0	0067a023	sw	x6,0(x15)	 x15:0x00020000  x6:0x00000073 PA:0x00020000 store:0x00000073 load:0x00000000
           4484	      2238	001000d4	00454383	lbu	x7,4(x10)	 x10:0x00101320  x7=0x00000075 PA:0x00101324 store:0x00000000
           4486	      2239	001000d8	02038c63	beq	x7,x0,100110	  x7:0x00000075  x0:0x00000000
           4490	      2241	001000dc	0077a023	sw	x7,0(x15)	 x15:0x00020000  x7:0x00000075 PA:0x00020000 store:0x00000075 load:0x00000000
           4494	      2243	001000e0	00554583	lbu	x11,5(x10)	 x10:0x00101320 x11=0x0000006c PA:0x00101325 store:0x00000065
           4496	      2244	001000e4	02058663	beq	x11,x0,100110	 x11:0x0000006c  x0:0x00000000
           4500	      2246	001000e8	00b7a023	sw	x11,0(x15)	 x15:0x00020000 x11:0x0000006c PA:0x00020000 store:0x0000006c load:0x00000000
           4504	      2248	001000ec	00654603	lbu	x12,6(x10)	 x10:0x00101320 x12=0x00000074 PA:0x00101326 store:0x00000073
           4506	      2249	001000f0	02060063	beq	x12,x0,100110	 x12:0x00000074  x0:0x00000000
           4510	      2251	001000f4	00c7a023	sw	x12,0(x15)	 x15:0x00020000 x12:0x00000074 PA:0x00020000 store:0x00000074 load:0x00000000
           4514	      2253	001000f8	00754683	lbu	x13,7(x10)	 x10:0x00101320 x13=0x00000032 PA:0x00101327 store:0x00000075
           4516	      2254	001000fc	00850513	addi	x10,x10,8	 x10:0x00101320 x10=0x00101328
           4518	      2255	00100100	00068863	beq	x13,x0,100110	 x13:0x00000032  x0:0x00000000
           4522	      2257	00100104	00d7a023	sw	x13,0(x15)	 x15:0x00020000 x13:0x00000032 PA:0x00020000 store:0x00000032 load:0x00000000
           4526	      2259	00100108	00054803	lbu	x16,0(x10)	 x10:0x00101328 x16=0x0000003a PA:0x00101328 store:0x00000000
           4530	      2261	0010010c	fa0810e3	bne	x16,x0,1000ac	 x16:0x0000003a  x0:0x00000000
           4536	      2264	001000ac	0107a023	sw	x16,0(x15)	 x15:0x00020000 x16:0x0000003a PA:0x00020000 store:0x0000003a load:0x00000000
           4540	      2266	001000b0	00154703	lbu	x14,1(x10)	 x10:0x00101328 x14=0x00000020 PA:0x00101329 store:0x0010118c
           4542	      2267	001000b4	04070e63	beq	x14,x0,100110	 x14:0x00000020  x0:0x00000000
           4546	      2269	001000b8	00e7a023	sw	x14,0(x15)	 x15:0x00020000 x14:0x00000020 PA:0x00020000 store:0x00000020 load:0x00000000
           4550	      2271	001000bc	00254283	lbu	x5,2(x10)	 x10:0x00101328  x5=0x00000000 PA:0x0010132a store:0x00137fe0
           4554	      2273	001000c0	04028863	beq	x5,x0,100110	  x5:0x00000000  x0:0x00000000
           4558	      2275	00100110	00000513	addi	x10,x0,0	  x0:0x00000000 x10=0x00000000
           4562	      2277	00100114	00008067	jalr	x0,0(x1)	  x1:0x0010118c  x0=0x00000000
           4566	      2279	0010118c	39092503	lw	x10,912(x18)	 x18:0x00101000 x10=0x3f7d1f60 PA:0x00101390 store:0x0000003a
           4568	      2280	00101190	00101937	lui	x18,0x101	 x18=0x00101000
           4570	      2281	00101194	00101ab7	lui	x21,0x101	 x21=0x00101000
           4574	      2283	00101198	ca9ff0ef	jal	x1,100e40	  x1=0x0010119c
           4576	      2284	00100e40	ff010113	addi	x2,x2,-16	  x2:0x00137fe0  x2=0x00137fd0
           4586	      2289	00100e44	00912223	sw	x9,4(x2)	  x2:0x00137fd0  x9:0x00101000 PA:0x00137fd4 store:0x00101000 load:0x3f7d1f60
           4588	      2290	00100e48	c01514d3	fcvt.wu.s	x9,f10	 f10:0x3f7d1f60  x9=0x00079be9
           4590	      2291	00100e4c	00812423	sw	x8,8(x2)	  x2:0x00137fd0  x8:0x00101000 PA:0x00137fd8 store:0x00101000 load:0x3f7d1f60
           4592	      2292	00100e50	00050413	addi	x8,x10,0	 x10:0x3f7d1f60  x8=0x3f7d1f60
           4594	      2293	00100e54	00048513	addi	x10,x9,0	  x9:0x00079be9 x10=0x00079be9
           4596	      2294	00100e58	00112623	sw	x1,12(x2)	  x2:0x00137fd0  x1:0x0010119c PA:0x00137fdc store:0x0010119c load:0x3f7d1f60
           4600	      2296	00100e5c	ac4ff0ef	jal	x1,100120	  x1=0x00100e60
           4602	      2297	00100120	01c55793	srli	x15,x10,0x1c	 x10:0x00079be9 x15=0x00000000
           4604	      2298	00100124	00900713	addi	x14,x0,9	  x0:0x00000000 x14=0x00000009
           4608	      2300	00100128	0cf77a63	bgeu	x14,x15,1001fc	 x14:0x00000009 x15:0x00000000
           4612	      2302	001001fc	03078393	addi	x7,x15,48	 x15:0x00000000  x7=0x00000030
           4614	      2303	00100200	000205b7	lui	x11,0x20	 x11=0x00020000
           4616	      2304	00100204	00451613	slli	x12,x10,0x4	 x10:0x00079be9 x12=0x0079be90
           4620	      2306	00100208	0075a023	sw	x7,0(x11)	 x11:0x00020000  x7:0x00000030 PA:0x00020000 store:0x00000030 load:0x00000000
           4622	      2307	0010020c	01c65693	srli	x13,x12,0x1c	 x12:0x0079be90 x13=0x00000000
           4624	      2308	00100210	00900813	addi	x16,x0,9	  x0:0x00000000 x16=0x00000009
           4626	      2309	00100214	f2d86ae3	bltu	x16,x13,100148	 x16:0x00000009 x13:0x00000000
           4628	      2310	00100218	03068e93	addi	x29,x13,48	 x13:0x00000000 x29=0x00000030
           4630	      2311	0010021c	00020f37	lui	x30,0x20	 x30=0x00020000
           4632	      2312	00100220	00851f93	slli	x31,x10,0x8	 x10:0x00079be9 x31=0x079be900
           4636	      2314	00100224	01df2023	sw	x29,0(x30)	 x30:0x00020000 x29:0x00000030 PA:0x00020000 store:0x00000030 load:0x00000000
           4638	      2315	00100228	01cfd793	srli	x15,x31,0x1c	 x31:0x079be900 x15=0x00000000
           4640	      2316	0010022c	00900713	addi	x14,x0,9	  x0:0x00000000 x14=0x00000009
           4642	      2317	00100230	f2f76ae3	bltu	x14,x15,100164	 x14:0x00000009 x15:0x00000000
           4644	      2318	00100234	03078393	addi	x7,x15,48	 x15:0x00000000  x7=0x00000030
           4646	      2319	00100238	000205b7	lui	x11,0x20	 x11=0x00020000
           4648	      2320	0010023c	00c51613	slli	x12,x10,0xc	 x10:0x00079be9 x12=0x79be9000
           4652	      2322	00100240	0075a023	sw	x7,0(x11)	 x11:0x00020000  x7:0x00000030 PA:0x00020000 store:0x00000030 load:0x00000000
           4654	      2323	00100244	01c65693	srli	x13,x12,0x1c	 x12:0x79be9000 x13=0x00000007
           4656	      2324	00100248	00900813	addi	x16,x0,9	  x0:0x00000000 x16=0x00000009
           4658	      2325	0010024c	f2d86ae3	bltu	x16,x13,100180	 x16:0x00000009 x13:0x00000007
           4660	      2326	00100250	03068e93	addi	x29,x13,48	 x13:0x00000007 x29=0x00000037
           4662	      2327	00100254	00020f37	lui	x30,0x20	 x30=0x00020000
           4664	      2328	00100258	01051f93	slli	x31,x10,0x10	 x10:0x00079be9 x31=0x9be90000
           4668	      2330	0010025c	01df2023	sw	x29,0(x30)	 x30:0x00020000 x29:0x00000037 PA:0x00020000 store:0x00000037 load:0x00000000
           4670	      2331	00100260	01cfd793	srli	x15,x31,0x1c	 x31:0x9be90000 x15=0x00000009
           4672	      2332	00100264	00900713	addi	x14,x0,9	  x0:0x00000000 x14=0x00000009
           4674	      2333	00100268	f2f76ae3	bltu	x14,x15,10019c	 x14:0x00000009 x15:0x00000009
           4676	      2334	0010026c	03078393	addi	x7,x15,48	 x15:0x00000009  x7=0x00000039
           4678	      2335	00100270	000205b7	lui	x11,0x20	 x11=0x00020000
           4680	      2336	00100274	01451613	slli	x12,x10,0x14	 x10:0x00079be9 x12=0xbe900000
           4684	      2338	00100278	0075a023	sw	x7,0(x11)	 x11:0x00020000  x7:0x00000039 PA:0x00020000 store:0x00000039 load:0x00000000
           4686	      2339	0010027c	01c65693	srli	x13,x12,0x1c	 x12:0xbe900000 x13=0x0000000b
           4688	      2340	00100280	00900813	addi	x16,x0,9	  x0:0x00000000 x16=0x00000009
           4692	      2342	00100284	f2d86ae3	bltu	x16,x13,1001b8	 x16:0x00000009 x13:0x0000000b
           4696	      2344	001001b8	03768893	addi	x17,x13,55	 x13:0x0000000b x17=0x00000042
           4698	      2345	001001bc	00020e37	lui	x28,0x20	 x28=0x00020000
           4700	      2346	001001c0	01851f93	slli	x31,x10,0x18	 x10:0x00079be9 x31=0xe9000000
           4704	      2348	001001c4	011e2023	sw	x17,0(x28)	 x28:0x00020000 x17:0x00000042 PA:0x00020000 store:0x00000042 load:0x00000000
           4706	      2349	001001c8	01cfd793	srli	x15,x31,0x1c	 x31:0xe9000000 x15=0x0000000e
           4708	      2350	001001cc	00900713	addi	x14,x0,9	  x0:0x00000000 x14=0x00000009
           4710	      2351	001001d0	0cf77a63	bgeu	x14,x15,1002a4	 x14:0x00000009 x15:0x0000000e
           4712	      2352	001001d4	03778293	addi	x5,x15,55	 x15:0x0000000e  x5=0x00000045
           4714	      2353	001001d8	00020337	lui	x6,0x20	  x6=0x00020000
           4718	      2355	001001dc	00532023	sw	x5,0(x6)	  x6:0x00020000  x5:0x00000045 PA:0x00020000 store:0x00000045 load:0x00000000
           4720	      2356	001001e0	00f57513	andi	x10,x10,15	 x10:0x00079be9 x10=0x00000009
           4722	      2357	001001e4	00900613	addi	x12,x0,9	  x0:0x00000000 x12=0x00000009
           4724	      2358	001001e8	0ca66a63	bltu	x12,x10,1002bc	 x12:0x00000009 x10:0x00000009
           4726	      2359	001001ec	03050893	addi	x17,x10,48	 x10:0x00000009 x17=0x00000039
           4728	      2360	001001f0	00020e37	lui	x28,0x20	 x28=0x00020000
           4732	      2362	001001f4	011e2023	sw	x17,0(x28)	 x28:0x00020000 x17:0x00000039 PA:0x00020000 store:0x00000039 load:0x00000000
           4736	      2364	001001f8	00008067	jalr	x0,0(x1)	  x1:0x00100e60  x0=0x00000000
           4738	      2365	00100e60	00101537	lui	x10,0x101	 x10=0x00101000
           4740	      2366	00100e64	31050513	addi	x10,x10,784	 x10:0x00101000 x10=0x00101310
           4744	      2368	00100e68	a38ff0ef	jal	x1,1000a0	  x1=0x00100e6c
           4748	      2370	001000a0	00054803	lbu	x16,0(x10)	 x10:0x00101310 x16=0x0000002e PA:0x00101310 store:0x00000000
           4750	      2371	001000a4	06080663	beq	x16,x0,100110	 x16:0x0000002e  x0:0x00000000
           4752	      2372	001000a8	000207b7	lui	x15,0x20	 x15=0x00020000
           4756	      2374	001000ac	0107a023	sw	x16,0(x15)	 x15:0x00020000 x16:0x0000002e PA:0x00020000 store:0x0000002e load:0x00000000
           4760	      2376	001000b0	00154703	lbu	x14,1(x10)	 x10:0x00101310 x14=0x00000000 PA:0x00101311 store:0x00100e6c
           4764	      2378	001000b4	04070e63	beq	x14,x0,100110	 x14:0x00000000  x0:0x00000000
           4768	      2380	00100110	00000513	addi	x10,x0,0	  x0:0x00000000 x10=0x00000000
           4778	      2385	00100114	00008067	jalr	x0,0(x1)	  x1:0x00100e6c  x0=0x00000000
           4780	      2386	00100e6c	d014f2d3	fcvt.s.wu	f5,x9	  x9:0x00079be9  f5=0x00000000
           4786	      2389	00100e70	001017b7	lui	x15,0x101	 x15=0x00101000
           4788	      2390	00100e74	2bc7a383	lw	x7,700(x15)	 x15:0x00101000  x7=0x47c35000 PA:0x001012bc store:0x00020000
           4790	      2391	00100e78	08547353	fsub.s	f6,f8,f5	  f8:0x3f7d1f60  f5:0x00000045  f6=0x00000000
           4792	      2392	00100e7c	00812403	lw	x8,8(x2)	  x2:0x00137fd0  x8=0x00101000 PA:0x00137fd8 store:0x3f7d1f60
           4800	      2396	00100e80	00c12083	lw	x1,12(x2)	  x2:0x00137fd0  x1=0x0010119c PA:0x00137fdc store:0x00000009
           4802	      2397	00100e84	00412483	lw	x9,4(x2)	  x2:0x00137fd0  x9=0x00101000 PA:0x00137fd4 store:0x00000000
           4804	      2398	00100e88	107375d3	fmul.s	f11,f6,f7	  f6:0x00020000  f7:0x47c35000 f11=0x00000000
           4806	      2399	00100e8c	01010113	addi	x2,x2,16	  x2:0x00137fd0  x2=0x00137fe0
           4808	      2400	00100e90	c0159553	fcvt.wu.s	x10,f11	 f11:0x00020000 x10=0x00000000
           4810	      2401	00100e94	a8cff06f	jal	x0,100120	  x0=0x00000000
           4812	      2402	00100120	01c55793	srli	x15,x10,0x1c	 x10:0x00000000 x15=0x00000000
           4814	      2403	00100124	00900713	addi	x14,x0,9	  x0:0x00000000 x14=0x00000009
           4816	      2404	00100128	0cf77a63	bgeu	x14,x15,1001fc	 x14:0x00000009 x15:0x00000000
           4818	      2405	001001fc	03078393	addi	x7,x15,48	 x15:0x00000000  x7=0x00000030
           4820	      2406	00100200	000205b7	lui	x11,0x20	 x11=0x00020000
           4822	      2407	00100204	00451613	slli	x12,x10,0x4	 x10:0x00000000 x12=0x00000000
           4826	      2409	00100208	0075a023	sw	x7,0(x11)	 x11:0x00020000  x7:0x00000030 PA:0x00020000 store:0x00000030 load:0x00000000
           4828	      2410	0010020c	01c65693	srli	x13,x12,0x1c	 x12:0x00000000 x13=0x00000000
           4830	      2411	00100210	00900813	addi	x16,x0,9	  x0:0x00000000 x16=0x00000009
           4832	      2412	00100214	f2d86ae3	bltu	x16,x13,100148	 x16:0x00000009 x13:0x00000000
           4834	      2413	00100218	03068e93	addi	x29,x13,48	 x13:0x00000000 x29=0x00000030
           4836	      2414	0010021c	00020f37	lui	x30,0x20	 x30=0x00020000
           4838	      2415	00100220	00851f93	slli	x31,x10,0x8	 x10:0x00000000 x31=0x00000000
           4842	      2417	00100224	01df2023	sw	x29,0(x30)	 x30:0x00020000 x29:0x00000030 PA:0x00020000 store:0x00000030 load:0x00000000
           4844	      2418	00100228	01cfd793	srli	x15,x31,0x1c	 x31:0x00000000 x15=0x00000000
           4846	      2419	0010022c	00900713	addi	x14,x0,9	  x0:0x00000000 x14=0x00000009
           4848	      2420	00100230	f2f76ae3	bltu	x14,x15,100164	 x14:0x00000009 x15:0x00000000
           4850	      2421	00100234	03078393	addi	x7,x15,48	 x15:0x00000000  x7=0x00000030
           4852	      2422	00100238	000205b7	lui	x11,0x20	 x11=0x00020000
           4854	      2423	0010023c	00c51613	slli	x12,x10,0xc	 x10:0x00000000 x12=0x00000000
           4858	      2425	00100240	0075a023	sw	x7,0(x11)	 x11:0x00020000  x7:0x00000030 PA:0x00020000 store:0x00000030 load:0x00000000
           4860	      2426	00100244	01c65693	srli	x13,x12,0x1c	 x12:0x00000000 x13=0x00000000
           4862	      2427	00100248	00900813	addi	x16,x0,9	  x0:0x00000000 x16=0x00000009
           4864	      2428	0010024c	f2d86ae3	bltu	x16,x13,100180	 x16:0x00000009 x13:0x00000000
           4866	      2429	00100250	03068e93	addi	x29,x13,48	 x13:0x00000000 x29=0x00000030
           4868	      2430	00100254	00020f37	lui	x30,0x20	 x30=0x00020000
           4870	      2431	00100258	01051f93	slli	x31,x10,0x10	 x10:0x00000000 x31=0x00000000
           4874	      2433	0010025c	01df2023	sw	x29,0(x30)	 x30:0x00020000 x29:0x00000030 PA:0x00020000 store:0x00000030 load:0x00000000
           4876	      2434	00100260	01cfd793	srli	x15,x31,0x1c	 x31:0x00000000 x15=0x00000000
           4878	      2435	00100264	00900713	addi	x14,x0,9	  x0:0x00000000 x14=0x00000009
           4880	      2436	00100268	f2f76ae3	bltu	x14,x15,10019c	 x14:0x00000009 x15:0x00000000
           4882	      2437	0010026c	03078393	addi	x7,x15,48	 x15:0x00000000  x7=0x00000030
           4884	      2438	00100270	000205b7	lui	x11,0x20	 x11=0x00020000
           4886	      2439	00100274	01451613	slli	x12,x10,0x14	 x10:0x00000000 x12=0x00000000
           4890	      2441	00100278	0075a023	sw	x7,0(x11)	 x11:0x00020000  x7:0x00000030 PA:0x00020000 store:0x00000030 load:0x00000000
           4892	      2442	0010027c	01c65693	srli	x13,x12,0x1c	 x12:0x00000000 x13=0x00000000
           4894	      2443	00100280	00900813	addi	x16,x0,9	  x0:0x00000000 x16=0x00000009
           4896	      2444	00100284	f2d86ae3	bltu	x16,x13,1001b8	 x16:0x00000009 x13:0x00000000
           4898	      2445	00100288	03068e93	addi	x29,x13,48	 x13:0x00000000 x29=0x00000030
           4900	      2446	0010028c	00020f37	lui	x30,0x20	 x30=0x00020000
           4902	      2447	00100290	01851f93	slli	x31,x10,0x18	 x10:0x00000000 x31=0x00000000
           4906	      2449	00100294	01df2023	sw	x29,0(x30)	 x30:0x00020000 x29:0x00000030 PA:0x00020000 store:0x00000030 load:0x00000000
           4908	      2450	00100298	01cfd793	srli	x15,x31,0x1c	 x31:0x00000000 x15=0x00000000
           4910	      2451	0010029c	00900713	addi	x14,x0,9	  x0:0x00000000 x14=0x00000009
           4912	      2452	001002a0	f2f76ae3	bltu	x14,x15,1001d4	 x14:0x00000009 x15:0x00000000
           4914	      2453	001002a4	03078393	addi	x7,x15,48	 x15:0x00000000  x7=0x00000030
           4916	      2454	001002a8	000205b7	lui	x11,0x20	 x11=0x00020000
           4920	      2456	001002ac	0075a023	sw	x7,0(x11)	 x11:0x00020000  x7:0x00000030 PA:0x00020000 store:0x00000030 load:0x00000000
           4922	      2457	001002b0	00f57513	andi	x10,x10,15	 x10:0x00000000 x10=0x00000000
           4924	      2458	001002b4	00900613	addi	x12,x0,9	  x0:0x00000000 x12=0x00000009
           4928	      2460	001002b8	f2a67ae3	bgeu	x12,x10,1001ec	 x12:0x00000009 x10:0x00000000
           4932	      2462	001001ec	03050893	addi	x17,x10,48	 x10:0x00000000 x17=0x00000030
           4934	      2463	001001f0	00020e37	lui	x28,0x20	 x28=0x00020000
           4938	      2465	001001f4	011e2023	sw	x17,0(x28)	 x28:0x00020000 x17:0x00000030 PA:0x00020000 store:0x00000030 load:0x00000000
           4942	      2467	001001f8	00008067	jalr	x0,0(x1)	  x1:0x0010119c  x0=0x00000000
           4944	      2468	0010119c	32c90513	addi	x10,x18,812	 x18:0x00101000 x10=0x0010132c
           4948	      2470	001011a0	f01fe0ef	jal	x1,1000a0	  x1=0x001011a4
           4952	      2472	001000a0	00054803	lbu	x16,0(x10)	 x10:0x0010132c x16=0x0000000a PA:0x0010132c store:0x00000000
           4954	      2473	001000a4	06080663	beq	x16,x0,100110	 x16:0x0000000a  x0:0x00000000
           4956	      2474	001000a8	000207b7	lui	x15,0x20	 x15=0x00020000
           4960	      2476	001000ac	0107a023	sw	x16,0(x15)	 x15:0x00020000 x16:0x0000000a PA:0x00020000 store:0x0000000a load:0x00000000
           4964	      2478	001000b0	00154703	lbu	x14,1(x10)	 x10:0x0010132c x14=0x0000000a PA:0x0010132d store:0x001011a4
           4966	      2479	001000b4	04070e63	beq	x14,x0,100110	 x14:0x0000000a  x0:0x00000000
           4970	      2481	001000b8	00e7a023	sw	x14,0(x15)	 x15:0x00020000 x14:0x0000000a PA:0x00020000 store:0x0000000a load:0x00000000
           4974	      2483	001000bc	00254283	lbu	x5,2(x10)	 x10:0x0010132c  x5=0x00000000 PA:0x0010132e store:0x00137fe0
           4978	      2485	001000c0	04028863	beq	x5,x0,100110	  x5:0x00000000  x0:0x00000000
           4982	      2487	00100110	00000513	addi	x10,x0,0	  x0:0x00000000 x10=0x00000000
           4986	      2489	00100114	00008067	jalr	x0,0(x1)	  x1:0x001011a4  x0=0x00000000
           4988	      2490	001011a4	001015b7	lui	x11,0x101	 x11=0x00101000
           4990	      2491	001011a8	33058513	addi	x10,x11,816	 x11:0x00101000 x10=0x00101330
           4994	      2493	001011ac	ef5fe0ef	jal	x1,1000a0	  x1=0x001011b0
           4998	      2495	001000a0	00054803	lbu	x16,0(x10)	 x10:0x00101330 x16=0x0000000a PA:0x00101330 store:0x00000000
           5000	      2496	001000a4	06080663	beq	x16,x0,100110	 x16:0x0000000a  x0:0x00000000
           5002	      2497	001000a8	000207b7	lui	x15,0x20	 x15=0x00020000
           5006	      2499	001000ac	0107a023	sw	x16,0(x15)	 x15:0x00020000 x16:0x0000000a PA:0x00020000 store:0x0000000a load:0x00000000
           5010	      2501	001000b0	00154703	lbu	x14,1(x10)	 x10:0x00101330 x14=0x00000052 PA:0x00101331 store:0x001011b0
           5012	      2502	001000b4	04070e63	beq	x14,x0,100110	 x14:0x00000052  x0:0x00000000
           5016	      2504	001000b8	00e7a023	sw	x14,0(x15)	 x15:0x00020000 x14:0x00000052 PA:0x00020000 store:0x00000052 load:0x00000000
           5020	      2506	001000bc	00254283	lbu	x5,2(x10)	 x10:0x00101330  x5=0x00000065 PA:0x00101332 store:0x00137fe0
           5022	      2507	001000c0	04028863	beq	x5,x0,100110	  x5:0x00000065  x0:0x00000000
           5026	      2509	001000c4	0057a023	sw	x5,0(x15)	 x15:0x00020000  x5:0x00000065 PA:0x00020000 store:0x00000065 load:0x00000000
           5030	      2511	001000c8	00354303	lbu	x6,3(x10)	 x10:0x00101330  x6=0x00000073 PA:0x00101333 store:0x00000000
           5032	      2512	001000cc	04030263	beq	x6,x0,100110	  x6:0x00000073  x0:0x00000000
           5036	      2514	001000d0	0067a023	sw	x6,0(x15)	 x15:0x00020000  x6:0x00000073 PA:0x00020000 store:0x00000073 load:0x00000000
           5040	      2516	001000d4	00454383	lbu	x7,4(x10)	 x10:0x00101330  x7=0x00000075 PA:0x00101334 store:0x00000000
           5042	      2517	001000d8	02038c63	beq	x7,x0,100110	  x7:0x00000075  x0:0x00000000
           5046	      2519	001000dc	0077a023	sw	x7,0(x15)	 x15:0x00020000  x7:0x00000075 PA:0x00020000 store:0x00000075 load:0x00000000
           5050	      2521	001000e0	00554583	lbu	x11,5(x10)	 x10:0x00101330 x11=0x0000006c PA:0x00101335 store:0x00000065
           5052	      2522	001000e4	02058663	beq	x11,x0,100110	 x11:0x0000006c  x0:0x00000000
           5056	      2524	001000e8	00b7a023	sw	x11,0(x15)	 x15:0x00020000 x11:0x0000006c PA:0x00020000 store:0x0000006c load:0x00000000
           5060	      2526	001000ec	00654603	lbu	x12,6(x10)	 x10:0x00101330 x12=0x00000074 PA:0x00101336 store:0x00000073
           5062	      2527	001000f0	02060063	beq	x12,x0,100110	 x12:0x00000074  x0:0x00000000
           5066	      2529	001000f4	00c7a023	sw	x12,0(x15)	 x15:0x00020000 x12:0x00000074 PA:0x00020000 store:0x00000074 load:0x00000000
           5070	      2531	001000f8	00754683	lbu	x13,7(x10)	 x10:0x00101330 x13=0x00000033 PA:0x00101337 store:0x00000075
           5072	      2532	001000fc	00850513	addi	x10,x10,8	 x10:0x00101330 x10=0x00101338
           5074	      2533	00100100	00068863	beq	x13,x0,100110	 x13:0x00000033  x0:0x00000000
           5078	      2535	00100104	00d7a023	sw	x13,0(x15)	 x15:0x00020000 x13:0x00000033 PA:0x00020000 store:0x00000033 load:0x00000000
           5082	      2537	00100108	00054803	lbu	x16,0(x10)	 x10:0x00101338 x16=0x0000003a PA:0x00101338 store:0x00000000
           5086	      2539	0010010c	fa0810e3	bne	x16,x0,1000ac	 x16:0x0000003a  x0:0x00000000
           5092	      2542	001000ac	0107a023	sw	x16,0(x15)	 x15:0x00020000 x16:0x0000003a PA:0x00020000 store:0x0000003a load:0x00000000
           5096	      2544	001000b0	00154703	lbu	x14,1(x10)	 x10:0x00101338 x14=0x00000020 PA:0x00101339 store:0x001011b0
           5098	      2545	001000b4	04070e63	beq	x14,x0,100110	 x14:0x00000020  x0:0x00000000
           5102	      2547	001000b8	00e7a023	sw	x14,0(x15)	 x15:0x00020000 x14:0x00000020 PA:0x00020000 store:0x00000020 load:0x00000000
           5106	      2549	001000bc	00254283	lbu	x5,2(x10)	 x10:0x00101338  x5=0x00000000 PA:0x0010133a store:0x00137fe0
           5110	      2551	001000c0	04028863	beq	x5,x0,100110	  x5:0x00000000  x0:0x00000000
           5114	      2553	00100110	00000513	addi	x10,x0,0	  x0:0x00000000 x10=0x00000000
           5118	      2555	00100114	00008067	jalr	x0,0(x1)	  x1:0x001011b0  x0=0x00000000
           5122	      2557	001011b0	3844a503	lw	x10,900(x9)	  x9:0x00101000 x10=0x43edefdf PA:0x00101384 store:0x00000000
           5124	      2558	001011b4	deadcb37	lui	x22,0xdeadc	 x22=0xdeadc000
           5128	      2560	001011b8	c89ff0ef	jal	x1,100e40	  x1=0x001011bc
           5130	      2561	00100e40	ff010113	addi	x2,x2,-16	  x2:0x00137fe0  x2=0x00137fd0
           5140	      2566	00100e44	00912223	sw	x9,4(x2)	  x2:0x00137fd0  x9:0x00101000 PA:0x00137fd4 store:0x00101000 load:0x43edefdf
           5142	      2567	00100e48	c01514d3	fcvt.wu.s	x9,f10	 f10:0x43edefdf  x9=0x00079be9
           5144	      2568	00100e4c	00812423	sw	x8,8(x2)	  x2:0x00137fd0  x8:0x00101000 PA:0x00137fd8 store:0x00101000 load:0x43edefdf
           5146	      2569	00100e50	00050413	addi	x8,x10,0	 x10:0x43edefdf  x8=0x43edefdf
           5148	      2570	00100e54	00048513	addi	x10,x9,0	  x9:0x00079be9 x10=0x00079be9
           5150	      2571	00100e58	00112623	sw	x1,12(x2)	  x2:0x00137fd0  x1:0x001011bc PA:0x00137fdc store:0x001011bc load:0x43edefdf
           5154	      2573	00100e5c	ac4ff0ef	jal	x1,100120	  x1=0x00100e60
           5156	      2574	00100120	01c55793	srli	x15,x10,0x1c	 x10:0x00079be9 x15=0x00000000
           5158	      2575	00100124	00900713	addi	x14,x0,9	  x0:0x00000000 x14=0x00000009
           5162	      2577	00100128	0cf77a63	bgeu	x14,x15,1001fc	 x14:0x00000009 x15:0x00000000
           5166	      2579	001001fc	03078393	addi	x7,x15,48	 x15:0x00000000  x7=0x00000030
           5168	      2580	00100200	000205b7	lui	x11,0x20	 x11=0x00020000
           5170	      2581	00100204	00451613	slli	x12,x10,0x4	 x10:0x00079be9 x12=0x0079be90
           5174	      2583	00100208	0075a023	sw	x7,0(x11)	 x11:0x00020000  x7:0x00000030 PA:0x00020000 store:0x00000030 load:0x00000000
           5176	      2584	0010020c	01c65693	srli	x13,x12,0x1c	 x12:0x0079be90 x13=0x00000000
           5178	      2585	00100210	00900813	addi	x16,x0,9	  x0:0x00000000 x16=0x00000009
           5180	      2586	00100214	f2d86ae3	bltu	x16,x13,100148	 x16:0x00000009 x13:0x00000000
           5182	      2587	00100218	03068e93	addi	x29,x13,48	 x13:0x00000000 x29=0x00000030
           5184	      2588	0010021c	00020f37	lui	x30,0x20	 x30=0x00020000
           5186	      2589	00100220	00851f93	slli	x31,x10,0x8	 x10:0x00079be9 x31=0x079be900
           5190	      2591	00100224	01df2023	sw	x29,0(x30)	 x30:0x00020000 x29:0x00000030 PA:0x00020000 store:0x00000030 load:0x00000000
           5192	      2592	00100228	01cfd793	srli	x15,x31,0x1c	 x31:0x079be900 x15=0x00000000
           5194	      2593	0010022c	00900713	addi	x14,x0,9	  x0:0x00000000 x14=0x00000009
           5196	      2594	00100230	f2f76ae3	bltu	x14,x15,100164	 x14:0x00000009 x15:0x00000000
           5198	      2595	00100234	03078393	addi	x7,x15,48	 x15:0x00000000  x7=0x00000030
           5200	      2596	00100238	000205b7	lui	x11,0x20	 x11=0x00020000
           5202	      2597	0010023c	00c51613	slli	x12,x10,0xc	 x10:0x00079be9 x12=0x79be9000
           5206	      2599	00100240	0075a023	sw	x7,0(x11)	 x11:0x00020000  x7:0x00000030 PA:0x00020000 store:0x00000030 load:0x00000000
           5208	      2600	00100244	01c65693	srli	x13,x12,0x1c	 x12:0x79be9000 x13=0x00000007
           5210	      2601	00100248	00900813	addi	x16,x0,9	  x0:0x00000000 x16=0x00000009
           5212	      2602	0010024c	f2d86ae3	bltu	x16,x13,100180	 x16:0x00000009 x13:0x00000007
           5214	      2603	00100250	03068e93	addi	x29,x13,48	 x13:0x00000007 x29=0x00000037
           5216	      2604	00100254	00020f37	lui	x30,0x20	 x30=0x00020000
           5218	      2605	00100258	01051f93	slli	x31,x10,0x10	 x10:0x00079be9 x31=0x9be90000
           5222	      2607	0010025c	01df2023	sw	x29,0(x30)	 x30:0x00020000 x29:0x00000037 PA:0x00020000 store:0x00000037 load:0x00000000
           5224	      2608	00100260	01cfd793	srli	x15,x31,0x1c	 x31:0x9be90000 x15=0x00000009
           5226	      2609	00100264	00900713	addi	x14,x0,9	  x0:0x00000000 x14=0x00000009
           5228	      2610	00100268	f2f76ae3	bltu	x14,x15,10019c	 x14:0x00000009 x15:0x00000009
           5230	      2611	0010026c	03078393	addi	x7,x15,48	 x15:0x00000009  x7=0x00000039
           5232	      2612	00100270	000205b7	lui	x11,0x20	 x11=0x00020000
           5234	      2613	00100274	01451613	slli	x12,x10,0x14	 x10:0x00079be9 x12=0xbe900000
           5238	      2615	00100278	0075a023	sw	x7,0(x11)	 x11:0x00020000  x7:0x00000039 PA:0x00020000 store:0x00000039 load:0x00000000
           5240	      2616	0010027c	01c65693	srli	x13,x12,0x1c	 x12:0xbe900000 x13=0x0000000b
           5242	      2617	00100280	00900813	addi	x16,x0,9	  x0:0x00000000 x16=0x00000009
           5246	      2619	00100284	f2d86ae3	bltu	x16,x13,1001b8	 x16:0x00000009 x13:0x0000000b
           5250	      2621	001001b8	03768893	addi	x17,x13,55	 x13:0x0000000b x17=0x00000042
           5252	      2622	001001bc	00020e37	lui	x28,0x20	 x28=0x00020000
           5254	      2623	001001c0	01851f93	slli	x31,x10,0x18	 x10:0x00079be9 x31=0xe9000000
           5258	      2625	001001c4	011e2023	sw	x17,0(x28)	 x28:0x00020000 x17:0x00000042 PA:0x00020000 store:0x00000042 load:0x00000000
           5260	      2626	001001c8	01cfd793	srli	x15,x31,0x1c	 x31:0xe9000000 x15=0x0000000e
           5262	      2627	001001cc	00900713	addi	x14,x0,9	  x0:0x00000000 x14=0x00000009
           5264	      2628	001001d0	0cf77a63	bgeu	x14,x15,1002a4	 x14:0x00000009 x15:0x0000000e
           5266	      2629	001001d4	03778293	addi	x5,x15,55	 x15:0x0000000e  x5=0x00000045
           5268	      2630	001001d8	00020337	lui	x6,0x20	  x6=0x00020000
           5272	      2632	001001dc	00532023	sw	x5,0(x6)	  x6:0x00020000  x5:0x00000045 PA:0x00020000 store:0x00000045 load:0x00000000
           5274	      2633	001001e0	00f57513	andi	x10,x10,15	 x10:0x00079be9 x10=0x00000009
           5276	      2634	001001e4	00900613	addi	x12,x0,9	  x0:0x00000000 x12=0x00000009
           5278	      2635	001001e8	0ca66a63	bltu	x12,x10,1002bc	 x12:0x00000009 x10:0x00000009
           5280	      2636	001001ec	03050893	addi	x17,x10,48	 x10:0x00000009 x17=0x00000039
           5282	      2637	001001f0	00020e37	lui	x28,0x20	 x28=0x00020000
           5286	      2639	001001f4	011e2023	sw	x17,0(x28)	 x28:0x00020000 x17:0x00000039 PA:0x00020000 store:0x00000039 load:0x00000000
           5290	      2641	001001f8	00008067	jalr	x0,0(x1)	  x1:0x00100e60  x0=0x00000000
           5292	      2642	00100e60	00101537	lui	x10,0x101	 x10=0x00101000
           5294	      2643	00100e64	31050513	addi	x10,x10,784	 x10:0x00101000 x10=0x00101310
           5298	      2645	00100e68	a38ff0ef	jal	x1,1000a0	  x1=0x00100e6c
           5302	      2647	001000a0	00054803	lbu	x16,0(x10)	 x10:0x00101310 x16=0x0000002e PA:0x00101310 store:0x00000000
           5304	      2648	001000a4	06080663	beq	x16,x0,100110	 x16:0x0000002e  x0:0x00000000
           5306	      2649	001000a8	000207b7	lui	x15,0x20	 x15=0x00020000
           5310	      2651	001000ac	0107a023	sw	x16,0(x15)	 x15:0x00020000 x16:0x0000002e PA:0x00020000 store:0x0000002e load:0x00000000
           5314	      2653	001000b0	00154703	lbu	x14,1(x10)	 x10:0x00101310 x14=0x00000000 PA:0x00101311 store:0x00100e6c
           5318	      2655	001000b4	04070e63	beq	x14,x0,100110	 x14:0x00000000  x0:0x00000000
           5322	      2657	00100110	00000513	addi	x10,x0,0	  x0:0x00000000 x10=0x00000000
           5332	      2662	00100114	00008067	jalr	x0,0(x1)	  x1:0x00100e6c  x0=0x00000000
           5334	      2663	00100e6c	d014f2d3	fcvt.s.wu	f5,x9	  x9:0x00079be9  f5=0x00000000
           5340	      2666	00100e70	001017b7	lui	x15,0x101	 x15=0x00101000
           5342	      2667	00100e74	2bc7a383	lw	x7,700(x15)	 x15:0x00101000  x7=0x47c35000 PA:0x001012bc store:0x00020000
           5344	      2668	00100e78	08547353	fsub.s	f6,f8,f5	  f8:0x43edefdf  f5:0x00000045  f6=0x00000000
           5346	      2669	00100e7c	00812403	lw	x8,8(x2)	  x2:0x00137fd0  x8=0x00101000 PA:0x00137fd8 store:0x43edefdf
           5354	      2673	00100e80	00c12083	lw	x1,12(x2)	  x2:0x00137fd0  x1=0x001011bc PA:0x00137fdc store:0x00000009
           5356	      2674	00100e84	00412483	lw	x9,4(x2)	  x2:0x00137fd0  x9=0x00101000 PA:0x00137fd4 store:0x00000000
           5358	      2675	00100e88	107375d3	fmul.s	f11,f6,f7	  f6:0x00020000  f7:0x47c35000 f11=0x00000000
           5360	      2676	00100e8c	01010113	addi	x2,x2,16	  x2:0x00137fd0  x2=0x00137fe0
           5362	      2677	00100e90	c0159553	fcvt.wu.s	x10,f11	 f11:0x00020000 x10=0x00000000
           5364	      2678	00100e94	a8cff06f	jal	x0,100120	  x0=0x00000000
           5366	      2679	00100120	01c55793	srli	x15,x10,0x1c	 x10:0x00000000 x15=0x00000000
           5368	      2680	00100124	00900713	addi	x14,x0,9	  x0:0x00000000 x14=0x00000009
           5370	      2681	00100128	0cf77a63	bgeu	x14,x15,1001fc	 x14:0x00000009 x15:0x00000000
           5372	      2682	001001fc	03078393	addi	x7,x15,48	 x15:0x00000000  x7=0x00000030
           5374	      2683	00100200	000205b7	lui	x11,0x20	 x11=0x00020000
           5376	      2684	00100204	00451613	slli	x12,x10,0x4	 x10:0x00000000 x12=0x00000000
           5380	      2686	00100208	0075a023	sw	x7,0(x11)	 x11:0x00020000  x7:0x00000030 PA:0x00020000 store:0x00000030 load:0x00000000
           5382	      2687	0010020c	01c65693	srli	x13,x12,0x1c	 x12:0x00000000 x13=0x00000000
           5384	      2688	00100210	00900813	addi	x16,x0,9	  x0:0x00000000 x16=0x00000009
           5386	      2689	00100214	f2d86ae3	bltu	x16,x13,100148	 x16:0x00000009 x13:0x00000000
           5388	      2690	00100218	03068e93	addi	x29,x13,48	 x13:0x00000000 x29=0x00000030
           5390	      2691	0010021c	00020f37	lui	x30,0x20	 x30=0x00020000
           5392	      2692	00100220	00851f93	slli	x31,x10,0x8	 x10:0x00000000 x31=0x00000000
           5396	      2694	00100224	01df2023	sw	x29,0(x30)	 x30:0x00020000 x29:0x00000030 PA:0x00020000 store:0x00000030 load:0x00000000
           5398	      2695	00100228	01cfd793	srli	x15,x31,0x1c	 x31:0x00000000 x15=0x00000000
           5400	      2696	0010022c	00900713	addi	x14,x0,9	  x0:0x00000000 x14=0x00000009
           5402	      2697	00100230	f2f76ae3	bltu	x14,x15,100164	 x14:0x00000009 x15:0x00000000
           5404	      2698	00100234	03078393	addi	x7,x15,48	 x15:0x00000000  x7=0x00000030
           5406	      2699	00100238	000205b7	lui	x11,0x20	 x11=0x00020000
           5408	      2700	0010023c	00c51613	slli	x12,x10,0xc	 x10:0x00000000 x12=0x00000000
           5412	      2702	00100240	0075a023	sw	x7,0(x11)	 x11:0x00020000  x7:0x00000030 PA:0x00020000 store:0x00000030 load:0x00000000
           5414	      2703	00100244	01c65693	srli	x13,x12,0x1c	 x12:0x00000000 x13=0x00000000
           5416	      2704	00100248	00900813	addi	x16,x0,9	  x0:0x00000000 x16=0x00000009
           5418	      2705	0010024c	f2d86ae3	bltu	x16,x13,100180	 x16:0x00000009 x13:0x00000000
           5420	      2706	00100250	03068e93	addi	x29,x13,48	 x13:0x00000000 x29=0x00000030
           5422	      2707	00100254	00020f37	lui	x30,0x20	 x30=0x00020000
           5424	      2708	00100258	01051f93	slli	x31,x10,0x10	 x10:0x00000000 x31=0x00000000
           5428	      2710	0010025c	01df2023	sw	x29,0(x30)	 x30:0x00020000 x29:0x00000030 PA:0x00020000 store:0x00000030 load:0x00000000
           5430	      2711	00100260	01cfd793	srli	x15,x31,0x1c	 x31:0x00000000 x15=0x00000000
           5432	      2712	00100264	00900713	addi	x14,x0,9	  x0:0x00000000 x14=0x00000009
           5434	      2713	00100268	f2f76ae3	bltu	x14,x15,10019c	 x14:0x00000009 x15:0x00000000
           5436	      2714	0010026c	03078393	addi	x7,x15,48	 x15:0x00000000  x7=0x00000030
           5438	      2715	00100270	000205b7	lui	x11,0x20	 x11=0x00020000
           5440	      2716	00100274	01451613	slli	x12,x10,0x14	 x10:0x00000000 x12=0x00000000
           5444	      2718	00100278	0075a023	sw	x7,0(x11)	 x11:0x00020000  x7:0x00000030 PA:0x00020000 store:0x00000030 load:0x00000000
           5446	      2719	0010027c	01c65693	srli	x13,x12,0x1c	 x12:0x00000000 x13=0x00000000
           5448	      2720	00100280	00900813	addi	x16,x0,9	  x0:0x00000000 x16=0x00000009
           5450	      2721	00100284	f2d86ae3	bltu	x16,x13,1001b8	 x16:0x00000009 x13:0x00000000
           5452	      2722	00100288	03068e93	addi	x29,x13,48	 x13:0x00000000 x29=0x00000030
           5454	      2723	0010028c	00020f37	lui	x30,0x20	 x30=0x00020000
           5456	      2724	00100290	01851f93	slli	x31,x10,0x18	 x10:0x00000000 x31=0x00000000
           5460	      2726	00100294	01df2023	sw	x29,0(x30)	 x30:0x00020000 x29:0x00000030 PA:0x00020000 store:0x00000030 load:0x00000000
           5462	      2727	00100298	01cfd793	srli	x15,x31,0x1c	 x31:0x00000000 x15=0x00000000
           5464	      2728	0010029c	00900713	addi	x14,x0,9	  x0:0x00000000 x14=0x00000009
           5466	      2729	001002a0	f2f76ae3	bltu	x14,x15,1001d4	 x14:0x00000009 x15:0x00000000
           5468	      2730	001002a4	03078393	addi	x7,x15,48	 x15:0x00000000  x7=0x00000030
           5470	      2731	001002a8	000205b7	lui	x11,0x20	 x11=0x00020000
           5474	      2733	001002ac	0075a023	sw	x7,0(x11)	 x11:0x00020000  x7:0x00000030 PA:0x00020000 store:0x00000030 load:0x00000000
           5476	      2734	001002b0	00f57513	andi	x10,x10,15	 x10:0x00000000 x10=0x00000000
           5478	      2735	001002b4	00900613	addi	x12,x0,9	  x0:0x00000000 x12=0x00000009
           5482	      2737	001002b8	f2a67ae3	bgeu	x12,x10,1001ec	 x12:0x00000009 x10:0x00000000
           5486	      2739	001001ec	03050893	addi	x17,x10,48	 x10:0x00000000 x17=0x00000030
           5488	      2740	001001f0	00020e37	lui	x28,0x20	 x28=0x00020000
           5492	      2742	001001f4	011e2023	sw	x17,0(x28)	 x28:0x00020000 x17:0x00000030 PA:0x00020000 store:0x00000030 load:0x00000000
           5496	      2744	001001f8	00008067	jalr	x0,0(x1)	  x1:0x001011bc  x0=0x00000000
           5498	      2745	001011bc	32c90513	addi	x10,x18,812	 x18:0x00101000 x10=0x0010132c
           5502	      2747	001011c0	ee1fe0ef	jal	x1,1000a0	  x1=0x001011c4
           5506	      2749	001000a0	00054803	lbu	x16,0(x10)	 x10:0x0010132c x16=0x0000000a PA:0x0010132c store:0x00000000
           5508	      2750	001000a4	06080663	beq	x16,x0,100110	 x16:0x0000000a  x0:0x00000000
           5510	      2751	001000a8	000207b7	lui	x15,0x20	 x15=0x00020000
           5514	      2753	001000ac	0107a023	sw	x16,0(x15)	 x15:0x00020000 x16:0x0000000a PA:0x00020000 store:0x0000000a load:0x00000000
           5518	      2755	001000b0	00154703	lbu	x14,1(x10)	 x10:0x0010132c x14=0x0000000a PA:0x0010132d store:0x001011c4
           5520	      2756	001000b4	04070e63	beq	x14,x0,100110	 x14:0x0000000a  x0:0x00000000
           5524	      2758	001000b8	00e7a023	sw	x14,0(x15)	 x15:0x00020000 x14:0x0000000a PA:0x00020000 store:0x0000000a load:0x00000000
           5528	      2760	001000bc	00254283	lbu	x5,2(x10)	 x10:0x0010132c  x5=0x00000000 PA:0x0010132e store:0x00137fe0
           5532	      2762	001000c0	04028863	beq	x5,x0,100110	  x5:0x00000000  x0:0x00000000
           5536	      2764	00100110	00000513	addi	x10,x0,0	  x0:0x00000000 x10=0x00000000
           5540	      2766	00100114	00008067	jalr	x0,0(x1)	  x1:0x001011c4  x0=0x00000000
           5542	      2767	001011c4	33ca8513	addi	x10,x21,828	 x21:0x00101000 x10=0x0010133c
           5546	      2769	001011c8	ed9fe0ef	jal	x1,1000a0	  x1=0x001011cc
           5550	      2771	001000a0	00054803	lbu	x16,0(x10)	 x10:0x0010133c x16=0x00000048 PA:0x0010133c store:0x00000000
           5552	      2772	001000a4	06080663	beq	x16,x0,100110	 x16:0x00000048  x0:0x00000000
           5554	      2773	001000a8	000207b7	lui	x15,0x20	 x15=0x00020000
           5558	      2775	001000ac	0107a023	sw	x16,0(x15)	 x15:0x00020000 x16:0x00000048 PA:0x00020000 store:0x00000048 load:0x00000000
           5562	      2777	001000b0	00154703	lbu	x14,1(x10)	 x10:0x0010133c x14=0x00000065 PA:0x0010133d store:0x001011cc
           5564	      2778	001000b4	04070e63	beq	x14,x0,100110	 x14:0x00000065  x0:0x00000000
           5568	      2780	001000b8	00e7a023	sw	x14,0(x15)	 x15:0x00020000 x14:0x00000065 PA:0x00020000 store:0x00000065 load:0x00000000
           5572	      2782	001000bc	00254283	lbu	x5,2(x10)	 x10:0x0010133c  x5=0x0000006c PA:0x0010133e store:0x00137fe0
           5574	      2783	001000c0	04028863	beq	x5,x0,100110	  x5:0x0000006c  x0:0x00000000
           5578	      2785	001000c4	0057a023	sw	x5,0(x15)	 x15:0x00020000  x5:0x0000006c PA:0x00020000 store:0x0000006c load:0x00000000
           5582	      2787	001000c8	00354303	lbu	x6,3(x10)	 x10:0x0010133c  x6=0x0000006c PA:0x0010133f store:0x00000000
           5584	      2788	001000cc	04030263	beq	x6,x0,100110	  x6:0x0000006c  x0:0x00000000
           5588	      2790	001000d0	0067a023	sw	x6,0(x15)	 x15:0x00020000  x6:0x0000006c PA:0x00020000 store:0x0000006c load:0x00000000
           5592	      2792	001000d4	00454383	lbu	x7,4(x10)	 x10:0x0010133c  x7=0x0000006f PA:0x00101340 store:0x00000000
           5594	      2793	001000d8	02038c63	beq	x7,x0,100110	  x7:0x0000006f  x0:0x00000000
           5598	      2795	001000dc	0077a023	sw	x7,0(x15)	 x15:0x00020000  x7:0x0000006f PA:0x00020000 store:0x0000006f load:0x00000000
           5602	      2797	001000e0	00554583	lbu	x11,5(x10)	 x10:0x0010133c x11=0x00000020 PA:0x00101341 store:0x0000006c
           5604	      2798	001000e4	02058663	beq	x11,x0,100110	 x11:0x00000020  x0:0x00000000
           5608	      2800	001000e8	00b7a023	sw	x11,0(x15)	 x15:0x00020000 x11:0x00000020 PA:0x00020000 store:0x00000020 load:0x00000000
           5612	      2802	001000ec	00654603	lbu	x12,6(x10)	 x10:0x0010133c x12=0x00000073 PA:0x00101342 store:0x0000006c
           5614	      2803	001000f0	02060063	beq	x12,x0,100110	 x12:0x00000073  x0:0x00000000
           5618	      2805	001000f4	00c7a023	sw	x12,0(x15)	 x15:0x00020000 x12:0x00000073 PA:0x00020000 store:0x00000073 load:0x00000000
           5622	      2807	001000f8	00754683	lbu	x13,7(x10)	 x10:0x0010133c x13=0x00000069 PA:0x00101343 store:0x0000006f
           5624	      2808	001000fc	00850513	addi	x10,x10,8	 x10:0x0010133c x10=0x00101344
           5626	      2809	00100100	00068863	beq	x13,x0,100110	 x13:0x00000069  x0:0x00000000
           5630	      2811	00100104	00d7a023	sw	x13,0(x15)	 x15:0x00020000 x13:0x00000069 PA:0x00020000 store:0x00000069 load:0x00000000
           5634	      2813	00100108	00054803	lbu	x16,0(x10)	 x10:0x00101344 x16=0x0000006d PA:0x00101344 store:0x00000000
           5638	      2815	0010010c	fa0810e3	bne	x16,x0,1000ac	 x16:0x0000006d  x0:0x00000000
           5644	      2818	001000ac	0107a023	sw	x16,0(x15)	 x15:0x00020000 x16:0x0000006d PA:0x00020000 store:0x0000006d load:0x00000000
           5648	      2820	001000b0	00154703	lbu	x14,1(x10)	 x10:0x00101344 x14=0x00000070 PA:0x00101345 store:0x001011cc
           5650	      2821	001000b4	04070e63	beq	x14,x0,100110	 x14:0x00000070  x0:0x00000000
           5654	      2823	001000b8	00e7a023	sw	x14,0(x15)	 x15:0x00020000 x14:0x00000070 PA:0x00020000 store:0x00000070 load:0x00000000
           5658	      2825	001000bc	00254283	lbu	x5,2(x10)	 x10:0x00101344  x5=0x0000006c PA:0x00101346 store:0x00137fe0
           5660	      2826	001000c0	04028863	beq	x5,x0,100110	  x5:0x0000006c  x0:0x00000000
           5664	      2828	001000c4	0057a023	sw	x5,0(x15)	 x15:0x00020000  x5:0x0000006c PA:0x00020000 store:0x0000006c load:0x00000000
           5668	      2830	001000c8	00354303	lbu	x6,3(x10)	 x10:0x00101344  x6=0x00000065 PA:0x00101347 store:0x00000000
           5670	      2831	001000cc	04030263	beq	x6,x0,100110	  x6:0x00000065  x0:0x00000000
           5674	      2833	001000d0	0067a023	sw	x6,0(x15)	 x15:0x00020000  x6:0x00000065 PA:0x00020000 store:0x00000065 load:0x00000000
           5678	      2835	001000d4	00454383	lbu	x7,4(x10)	 x10:0x00101344  x7=0x00000020 PA:0x00101348 store:0x00000000
           5680	      2836	001000d8	02038c63	beq	x7,x0,100110	  x7:0x00000020  x0:0x00000000
           5684	      2838	001000dc	0077a023	sw	x7,0(x15)	 x15:0x00020000  x7:0x00000020 PA:0x00020000 store:0x00000020 load:0x00000000
           5688	      2840	001000e0	00554583	lbu	x11,5(x10)	 x10:0x00101344 x11=0x00000073 PA:0x00101349 store:0x0000006c
           5690	      2841	001000e4	02058663	beq	x11,x0,100110	 x11:0x00000073  x0:0x00000000
           5694	      2843	001000e8	00b7a023	sw	x11,0(x15)	 x15:0x00020000 x11:0x00000073 PA:0x00020000 store:0x00000073 load:0x00000000
           5698	      2845	001000ec	00654603	lbu	x12,6(x10)	 x10:0x00101344 x12=0x00000079 PA:0x0010134a store:0x00000065
           5700	      2846	001000f0	02060063	beq	x12,x0,100110	 x12:0x00000079  x0:0x00000000
           5704	      2848	001000f4	00c7a023	sw	x12,0(x15)	 x15:0x00020000 x12:0x00000079 PA:0x00020000 store:0x00000079 load:0x00000000
           5708	      2850	001000f8	00754683	lbu	x13,7(x10)	 x10:0x00101344 x13=0x00000073 PA:0x0010134b store:0x00000020
           5710	      2851	001000fc	00850513	addi	x10,x10,8	 x10:0x00101344 x10=0x0010134c
           5712	      2852	00100100	00068863	beq	x13,x0,100110	 x13:0x00000073  x0:0x00000000
           5716	      2854	00100104	00d7a023	sw	x13,0(x15)	 x15:0x00020000 x13:0x00000073 PA:0x00020000 store:0x00000073 load:0x00000000
           5720	      2856	00100108	00054803	lbu	x16,0(x10)	 x10:0x0010134c x16=0x00000074 PA:0x0010134c store:0x00000000
           5724	      2858	0010010c	fa0810e3	bne	x16,x0,1000ac	 x16:0x00000074  x0:0x00000000
           5730	      2861	001000ac	0107a023	sw	x16,0(x15)	 x15:0x00020000 x16:0x00000074 PA:0x00020000 store:0x00000074 load:0x00000000
           5734	      2863	001000b0	00154703	lbu	x14,1(x10)	 x10:0x0010134c x14=0x00000065 PA:0x0010134d store:0x001011cc
           5736	      2864	001000b4	04070e63	beq	x14,x0,100110	 x14:0x00000065  x0:0x00000000
           5740	      2866	001000b8	00e7a023	sw	x14,0(x15)	 x15:0x00020000 x14:0x00000065 PA:0x00020000 store:0x00000065 load:0x00000000
           5744	      2868	001000bc	00254283	lbu	x5,2(x10)	 x10:0x0010134c  x5=0x0000006d PA:0x0010134e store:0x00137fe0
           5746	      2869	001000c0	04028863	beq	x5,x0,100110	  x5:0x0000006d  x0:0x00000000
           5750	      2871	001000c4	0057a023	sw	x5,0(x15)	 x15:0x00020000  x5:0x0000006d PA:0x00020000 store:0x0000006d load:0x00000000
           5754	      2873	001000c8	00354303	lbu	x6,3(x10)	 x10:0x0010134c  x6=0x0000000a PA:0x0010134f store:0x00000000
           5756	      2874	001000cc	04030263	beq	x6,x0,100110	  x6:0x0000000a  x0:0x00000000
           5760	      2876	001000d0	0067a023	sw	x6,0(x15)	 x15:0x00020000  x6:0x0000000a PA:0x00020000 store:0x0000000a load:0x00000000
           5764	      2878	001000d4	00454383	lbu	x7,4(x10)	 x10:0x0010134c  x7=0x00000000 PA:0x00101350 store:0x00000000
           5768	      2880	001000d8	02038c63	beq	x7,x0,100110	  x7:0x00000000  x0:0x00000000
           5772	      2882	00100110	00000513	addi	x10,x0,0	  x0:0x00000000 x10=0x00000000
           5776	      2884	00100114	00008067	jalr	x0,0(x1)	  x1:0x001011cc  x0=0x00000000
           5778	      2885	001011cc	eefb0513	addi	x10,x22,-273	 x22:0xdeadc000 x10=0xdeadbeef
           5782	      2887	001011d0	f51fe0ef	jal	x1,100120	  x1=0x001011d4
           5784	      2888	00100120	01c55793	srli	x15,x10,0x1c	 x10:0xdeadbeef x15=0x0000000d
           5786	      2889	00100124	00900713	addi	x14,x0,9	  x0:0x00000000 x14=0x00000009
           5788	      2890	00100128	0cf77a63	bgeu	x14,x15,1001fc	 x14:0x00000009 x15:0x0000000d
           5790	      2891	0010012c	03778293	addi	x5,x15,55	 x15:0x0000000d  x5=0x00000044
           5792	      2892	00100130	00020337	lui	x6,0x20	  x6=0x00020000
           5794	      2893	00100134	00451613	slli	x12,x10,0x4	 x10:0xdeadbeef x12=0xeadbeef0
           5798	      2895	00100138	00532023	sw	x5,0(x6)	  x6:0x00020000  x5:0x00000044 PA:0x00020000 store:0x00000044 load:0x00000000
           5800	      2896	0010013c	01c65693	srli	x13,x12,0x1c	 x12:0xeadbeef0 x13=0x0000000e
           5802	      2897	00100140	00900813	addi	x16,x0,9	  x0:0x00000000 x16=0x00000009
           5804	      2898	00100144	0cd87a63	bgeu	x16,x13,100218	 x16:0x00000009 x13:0x0000000e
           5806	      2899	00100148	03768893	addi	x17,x13,55	 x13:0x0000000e x17=0x00000045
           5808	      2900	0010014c	00020e37	lui	x28,0x20	 x28=0x00020000
           5810	      2901	00100150	00851f93	slli	x31,x10,0x8	 x10:0xdeadbeef x31=0xadbeef00
           5814	      2903	00100154	011e2023	sw	x17,0(x28)	 x28:0x00020000 x17:0x00000045 PA:0x00020000 store:0x00000045 load:0x00000000
           5816	      2904	00100158	01cfd793	srli	x15,x31,0x1c	 x31:0xadbeef00 x15=0x0000000a
           5818	      2905	0010015c	00900713	addi	x14,x0,9	  x0:0x00000000 x14=0x00000009
           5820	      2906	00100160	0cf77a63	bgeu	x14,x15,100234	 x14:0x00000009 x15:0x0000000a
           5822	      2907	00100164	03778293	addi	x5,x15,55	 x15:0x0000000a  x5=0x00000041
           5824	      2908	00100168	00020337	lui	x6,0x20	  x6=0x00020000
           5826	      2909	0010016c	00c51613	slli	x12,x10,0xc	 x10:0xdeadbeef x12=0xdbeef000
           5830	      2911	00100170	00532023	sw	x5,0(x6)	  x6:0x00020000  x5:0x00000041 PA:0x00020000 store:0x00000041 load:0x00000000
           5832	      2912	00100174	01c65693	srli	x13,x12,0x1c	 x12:0xdbeef000 x13=0x0000000d
           5834	      2913	00100178	00900813	addi	x16,x0,9	  x0:0x00000000 x16=0x00000009
           5836	      2914	0010017c	0cd87a63	bgeu	x16,x13,100250	 x16:0x00000009 x13:0x0000000d
           5838	      2915	00100180	03768893	addi	x17,x13,55	 x13:0x0000000d x17=0x00000044
           5840	      2916	00100184	00020e37	lui	x28,0x20	 x28=0x00020000
           5842	      2917	00100188	01051f93	slli	x31,x10,0x10	 x10:0xdeadbeef x31=0xbeef0000
           5846	      2919	0010018c	011e2023	sw	x17,0(x28)	 x28:0x00020000 x17:0x00000044 PA:0x00020000 store:0x00000044 load:0x00000000
           5848	      2920	00100190	01cfd793	srli	x15,x31,0x1c	 x31:0xbeef0000 x15=0x0000000b
           5850	      2921	00100194	00900713	addi	x14,x0,9	  x0:0x00000000 x14=0x00000009
           5852	      2922	00100198	0cf77a63	bgeu	x14,x15,10026c	 x14:0x00000009 x15:0x0000000b
           5854	      2923	0010019c	03778293	addi	x5,x15,55	 x15:0x0000000b  x5=0x00000042
           5856	      2924	001001a0	00020337	lui	x6,0x20	  x6=0x00020000
           5858	      2925	001001a4	01451613	slli	x12,x10,0x14	 x10:0xdeadbeef x12=0xeef00000
           5862	      2927	001001a8	00532023	sw	x5,0(x6)	  x6:0x00020000  x5:0x00000042 PA:0x00020000 store:0x00000042 load:0x00000000
           5864	      2928	001001ac	01c65693	srli	x13,x12,0x1c	 x12:0xeef00000 x13=0x0000000e
           5866	      2929	001001b0	00900813	addi	x16,x0,9	  x0:0x00000000 x16=0x00000009
           5868	      2930	001001b4	0cd87a63	bgeu	x16,x13,100288	 x16:0x00000009 x13:0x0000000e
           5870	      2931	001001b8	03768893	addi	x17,x13,55	 x13:0x0000000e x17=0x00000045
           5872	      2932	001001bc	00020e37	lui	x28,0x20	 x28=0x00020000
           5874	      2933	001001c0	01851f93	slli	x31,x10,0x18	 x10:0xdeadbeef x31=0xef000000
           5878	      2935	001001c4	011e2023	sw	x17,0(x28)	 x28:0x00020000 x17:0x00000045 PA:0x00020000 store:0x00000045 load:0x00000000
           5880	      2936	001001c8	01cfd793	srli	x15,x31,0x1c	 x31:0xef000000 x15=0x0000000e
           5882	      2937	001001cc	00900713	addi	x14,x0,9	  x0:0x00000000 x14=0x00000009
           5884	      2938	001001d0	0cf77a63	bgeu	x14,x15,1002a4	 x14:0x00000009 x15:0x0000000e
           5886	      2939	001001d4	03778293	addi	x5,x15,55	 x15:0x0000000e  x5=0x00000045
           5888	      2940	001001d8	00020337	lui	x6,0x20	  x6=0x00020000
           5892	      2942	001001dc	00532023	sw	x5,0(x6)	  x6:0x00020000  x5:0x00000045 PA:0x00020000 store:0x00000045 load:0x00000000
           5894	      2943	001001e0	00f57513	andi	x10,x10,15	 x10:0xdeadbeef x10=0x0000000f
           5896	      2944	001001e4	00900613	addi	x12,x0,9	  x0:0x00000000 x12=0x00000009
           5900	      2946	001001e8	0ca66a63	bltu	x12,x10,1002bc	 x12:0x00000009 x10:0x0000000f
           5904	      2948	001002bc	03750693	addi	x13,x10,55	 x10:0x0000000f x13=0x00000046
           5906	      2949	001002c0	00020837	lui	x16,0x20	 x16=0x00020000
           5910	      2951	001002c4	00d82023	sw	x13,0(x16)	 x16:0x00020000 x13:0x00000046 PA:0x00020000 store:0x00000046 load:0x00000000
           5914	      2953	001002c8	00008067	jalr	x0,0(x1)	  x1:0x001011d4  x0=0x00000000
           5916	      2954	001011d4	00a00513	addi	x10,x0,10	  x0:0x00000000 x10=0x0000000a
           5920	      2956	001011d8	eb9fe0ef	jal	x1,100090	  x1=0x001011dc
           5922	      2957	00100090	0ff57793	andi	x15,x10,255	 x10:0x0000000a x15=0x0000000a
           5924	      2958	00100094	00020737	lui	x14,0x20	 x14=0x00020000
           5928	      2960	00100098	00f72023	sw	x15,0(x14)	 x14:0x00020000 x15:0x0000000a PA:0x00020000 store:0x0000000a load:0x00000000
           5932	      2962	0010009c	00008067	jalr	x0,0(x1)	  x1:0x001011dc  x0=0x00000000
           5934	      2963	001011dc	baadf7b7	lui	x15,0xbaadf	 x15=0xbaadf000
           5936	      2964	001011e0	00d78513	addi	x10,x15,13	 x15:0xbaadf000 x10=0xbaadf00d
           5940	      2966	001011e4	f3dfe0ef	jal	x1,100120	  x1=0x001011e8
           5942	      2967	00100120	01c55793	srli	x15,x10,0x1c	 x10:0xbaadf00d x15=0x0000000b
           5944	      2968	00100124	00900713	addi	x14,x0,9	  x0:0x00000000 x14=0x00000009
           5946	      2969	00100128	0cf77a63	bgeu	x14,x15,1001fc	 x14:0x00000009 x15:0x0000000b
           5948	      2970	0010012c	03778293	addi	x5,x15,55	 x15:0x0000000b  x5=0x00000042
           5950	      2971	00100130	00020337	lui	x6,0x20	  x6=0x00020000
           5952	      2972	00100134	00451613	slli	x12,x10,0x4	 x10:0xbaadf00d x12=0xaadf00d0
           5956	      2974	00100138	00532023	sw	x5,0(x6)	  x6:0x00020000  x5:0x00000042 PA:0x00020000 store:0x00000042 load:0x00000000
           5958	      2975	0010013c	01c65693	srli	x13,x12,0x1c	 x12:0xaadf00d0 x13=0x0000000a
           5960	      2976	00100140	00900813	addi	x16,x0,9	  x0:0x00000000 x16=0x00000009
           5962	      2977	00100144	0cd87a63	bgeu	x16,x13,100218	 x16:0x00000009 x13:0x0000000a
           5964	      2978	00100148	03768893	addi	x17,x13,55	 x13:0x0000000a x17=0x00000041
           5966	      2979	0010014c	00020e37	lui	x28,0x20	 x28=0x00020000
           5968	      2980	00100150	00851f93	slli	x31,x10,0x8	 x10:0xbaadf00d x31=0xadf00d00
           5972	      2982	00100154	011e2023	sw	x17,0(x28)	 x28:0x00020000 x17:0x00000041 PA:0x00020000 store:0x00000041 load:0x00000000
           5974	      2983	00100158	01cfd793	srli	x15,x31,0x1c	 x31:0xadf00d00 x15=0x0000000a
           5976	      2984	0010015c	00900713	addi	x14,x0,9	  x0:0x00000000 x14=0x00000009
           5978	      2985	00100160	0cf77a63	bgeu	x14,x15,100234	 x14:0x00000009 x15:0x0000000a
           5980	      2986	00100164	03778293	addi	x5,x15,55	 x15:0x0000000a  x5=0x00000041
           5982	      2987	00100168	00020337	lui	x6,0x20	  x6=0x00020000
           5984	      2988	0010016c	00c51613	slli	x12,x10,0xc	 x10:0xbaadf00d x12=0xdf00d000
           5988	      2990	00100170	00532023	sw	x5,0(x6)	  x6:0x00020000  x5:0x00000041 PA:0x00020000 store:0x00000041 load:0x00000000
           5990	      2991	00100174	01c65693	srli	x13,x12,0x1c	 x12:0xdf00d000 x13=0x0000000d
           5992	      2992	00100178	00900813	addi	x16,x0,9	  x0:0x00000000 x16=0x00000009
           5994	      2993	0010017c	0cd87a63	bgeu	x16,x13,100250	 x16:0x00000009 x13:0x0000000d
           5996	      2994	00100180	03768893	addi	x17,x13,55	 x13:0x0000000d x17=0x00000044
           5998	      2995	00100184	00020e37	lui	x28,0x20	 x28=0x00020000
           6000	      2996	00100188	01051f93	slli	x31,x10,0x10	 x10:0xbaadf00d x31=0xf00d0000
           6004	      2998	0010018c	011e2023	sw	x17,0(x28)	 x28:0x00020000 x17:0x00000044 PA:0x00020000 store:0x00000044 load:0x00000000
           6006	      2999	00100190	01cfd793	srli	x15,x31,0x1c	 x31:0xf00d0000 x15=0x0000000f
           6008	      3000	00100194	00900713	addi	x14,x0,9	  x0:0x00000000 x14=0x00000009
           6010	      3001	00100198	0cf77a63	bgeu	x14,x15,10026c	 x14:0x00000009 x15:0x0000000f
           6012	      3002	0010019c	03778293	addi	x5,x15,55	 x15:0x0000000f  x5=0x00000046
           6014	      3003	001001a0	00020337	lui	x6,0x20	  x6=0x00020000
           6016	      3004	001001a4	01451613	slli	x12,x10,0x14	 x10:0xbaadf00d x12=0x00d00000
           6020	      3006	001001a8	00532023	sw	x5,0(x6)	  x6:0x00020000  x5:0x00000046 PA:0x00020000 store:0x00000046 load:0x00000000
           6022	      3007	001001ac	01c65693	srli	x13,x12,0x1c	 x12:0x00d00000 x13=0x00000000
           6024	      3008	001001b0	00900813	addi	x16,x0,9	  x0:0x00000000 x16=0x00000009
           6028	      3010	001001b4	0cd87a63	bgeu	x16,x13,100288	 x16:0x00000009 x13:0x00000000
           6032	      3012	00100288	03068e93	addi	x29,x13,48	 x13:0x00000000 x29=0x00000030
           6034	      3013	0010028c	00020f37	lui	x30,0x20	 x30=0x00020000
           6036	      3014	00100290	01851f93	slli	x31,x10,0x18	 x10:0xbaadf00d x31=0x0d000000
           6040	      3016	00100294	01df2023	sw	x29,0(x30)	 x30:0x00020000 x29:0x00000030 PA:0x00020000 store:0x00000030 load:0x00000000
           6042	      3017	00100298	01cfd793	srli	x15,x31,0x1c	 x31:0x0d000000 x15=0x00000000
           6044	      3018	0010029c	00900713	addi	x14,x0,9	  x0:0x00000000 x14=0x00000009
           6046	      3019	001002a0	f2f76ae3	bltu	x14,x15,1001d4	 x14:0x00000009 x15:0x00000000
           6048	      3020	001002a4	03078393	addi	x7,x15,48	 x15:0x00000000  x7=0x00000030
           6050	      3021	001002a8	000205b7	lui	x11,0x20	 x11=0x00020000
           6054	      3023	001002ac	0075a023	sw	x7,0(x11)	 x11:0x00020000  x7:0x00000030 PA:0x00020000 store:0x00000030 load:0x00000000
           6056	      3024	001002b0	00f57513	andi	x10,x10,15	 x10:0xbaadf00d x10=0x0000000d
           6058	      3025	001002b4	00900613	addi	x12,x0,9	  x0:0x00000000 x12=0x00000009
           6060	      3026	001002b8	f2a67ae3	bgeu	x12,x10,1001ec	 x12:0x00000009 x10:0x0000000d
           6062	      3027	001002bc	03750693	addi	x13,x10,55	 x10:0x0000000d x13=0x00000044
           6064	      3028	001002c0	00020837	lui	x16,0x20	 x16=0x00020000
           6068	      3030	001002c4	00d82023	sw	x13,0(x16)	 x16:0x00020000 x13:0x00000044 PA:0x00020000 store:0x00000044 load:0x00000000
           6072	      3032	001002c8	00008067	jalr	x0,0(x1)	  x1:0x001011e8  x0=0x00000000
           6074	      3033	001011e8	00a00513	addi	x10,x0,10	  x0:0x00000000 x10=0x0000000a
           6078	      3035	001011ec	ea5fe0ef	jal	x1,100090	  x1=0x001011f0
           6080	      3036	00100090	0ff57793	andi	x15,x10,255	 x10:0x0000000a x15=0x0000000a
           6082	      3037	00100094	00020737	lui	x14,0x20	 x14=0x00020000
           6086	      3039	00100098	00f72023	sw	x15,0(x14)	 x14:0x00020000 x15:0x0000000a PA:0x00020000 store:0x0000000a load:0x00000000
           6090	      3041	0010009c	00008067	jalr	x0,0(x1)	  x1:0x001011f0  x0=0x00000000
           6092	      3042	001011f0	00000513	addi	x10,x0,0	  x0:0x00000000 x10=0x00000000
           6096	      3044	001011f4	a6cff0ef	jal	x1,100460	  x1=0x001011f8
           6098	      3045	00100460	00153513	sltiu	x10,x10,1	 x10:0x00000000 x10=0x00000001
           6100	      3046	00100464	40a002b3	sub	x5,x0,x10	  x0:0x00000000 x10:0x00000001  x5=0xffffffff
           6102	      3047	00100468	32029073	csrrw	x0,mcountinhibit,x5	  x5:0xffffffff  x0=0x00000000
           6106	      3049	0010046c	00008067	jalr	x0,0(x1)	  x1:0x001011f8  x0=0x00000000
           6108	      3050	001011f8	7d000513	addi	x10,x0,2000	  x0:0x00000000 x10=0x000007d0
           6110	      3051	001011fc	00000593	addi	x11,x0,0	  x0:0x00000000 x11=0x00000000
           6114	      3053	00101200	901ff0ef	jal	x1,100b00	  x1=0x00101204
           6116	      3054	00100b00	001016b7	lui	x13,0x101	 x13=0x00101000
           6118	      3055	00100b04	00000813	addi	x16,x0,0	  x0:0x00000000 x16=0x00000000
           6120	      3056	00100b08	001017b7	lui	x15,0x101	 x15=0x00101000
           6122	      3057	00100b0c	00030737	lui	x14,0x30	 x14=0x00030000
           6124	      3058	00100b10	00000893	addi	x17,x0,0	  x0:0x00000000 x17=0x00000000
           6128	      3060	00100b14	3706a823	sw	x16,880(x13)	 x13:0x00101000 x16:0x00000000 PA:0x00101370 store:0x00000000 load:0x00000000
           6132	      3062	00100b18	3716aa23	sw	x17,884(x13)	 x13:0x00101000 x17:0x00000000 PA:0x00101374 store:0x00000000 load:0x00000000
           6136	      3064	00100b1c	36a7a423	sw	x10,872(x15)	 x15:0x00101000 x10:0x000007d0 PA:0x00101368 store:0x000007d0 load:0x00000000
           6140	      3066	00100b20	36b7a623	sw	x11,876(x15)	 x15:0x00101000 x11:0x00000000 PA:0x0010136c store:0x00000000 load:0x00000000
           6142	      3067	00100b24	00030637	lui	x12,0x30	 x12=0x00030000
           6144	      3068	00100b28	00470293	addi	x5,x14,4	 x14:0x00030000  x5=0x00030004
           6148	      3070	00100b2c	0002a783	lw	x15,0(x5)	  x5:0x00030004 x15=0x00000000 PA:0x00030004 store:0x00000000
           6152	      3072	00100b30	00062683	lw	x13,0(x12)	 x12:0x00030000 x13=0x00000bfe PA:0x00030000 store:0x00000000
           6156	      3074	00100b34	0002a303	lw	x6,0(x5)	  x5:0x00030004  x6=0x00000000 PA:0x00030004 store:0x00000000
           6160	      3076	00100b38	06678a63	beq	x15,x6,100bac	 x15:0x00000000  x6:0x00000000
           6164	      3078	00100bac	000308b7	lui	x17,0x30	 x17=0x00030000
           6166	      3079	00100bb0	00a68533	add	x10,x13,x10	 x13:0x00000bfe x10:0x000007d0 x10=0x000013ce
           6168	      3080	00100bb4	00888293	addi	x5,x17,8	 x17:0x00030000  x5=0x00030008
           6170	      3081	00100bb8	00b783b3	add	x7,x15,x11	 x15:0x00000000 x11:0x00000000  x7=0x00000000
           6172	      3082	00100bbc	00d53333	sltu	x6,x10,x13	 x10:0x000013ce x13:0x00000bfe  x6=0x00000000
           6174	      3083	00100bc0	fff00593	addi	x11,x0,-1	  x0:0x00000000 x11=0xffffffff
           6178	      3085	00100bc4	00b2a023	sw	x11,0(x5)	  x5:0x00030008 x11:0xffffffff PA:0x00030008 store:0xffffffff load:0x00000000
           6180	      3086	00100bc8	00030637	lui	x12,0x30	 x12=0x00030000
           6182	      3087	00100bcc	00730e33	add	x28,x6,x7	  x6:0x00000000  x7:0x00000000 x28=0x00000000
           6186	      3089	00100bd0	01c62623	sw	x28,12(x12)	 x12:0x00030000 x28:0x00000000 PA:0x0003000c store:0x00000000 load:0x00000000
           6190	      3091	00100bd4	00a2a023	sw	x10,0(x5)	  x5:0x00030008 x10:0x000013ce PA:0x00030008 store:0x000013ce load:0xffffffff
           6192	      3092	00100bd8	08000e93	addi	x29,x0,128	  x0:0x00000000 x29=0x00000080
           6194	      3093	00100bdc	304ea073	csrrs	x0,mie,x29	 x29:0x00000080  x0=0x00000000
           6200	      3096	00100be0	00800f13	addi	x30,x0,8	  x0:0x00000000 x30=0x00000008
           6202	      3097	00100be4	300f2073	csrrs	x0,mstatus,x30	 x30:0x00000008  x0=0x00000000
           6210	      3101	00100be8	00008067	jalr	x0,0(x1)	  x1:0x00101204  x0=0x00000000
           6214	      3103	00101204	abdff0ef	jal	x1,100cc0	  x1=0x00101208
           6216	      3104	00100cc0	001017b7	lui	x15,0x101	 x15=0x00101000
           6220	      3106	00100cc4	3707a503	lw	x10,880(x15)	 x15:0x00101000 x10=0x00000000 PA:0x00101370 store:0x00000000
           6224	      3108	00100cc8	3747a583	lw	x11,884(x15)	 x15:0x00101000 x11=0x00000000 PA:0x00101374 store:0x00000063
           6228	      3110	00100ccc	00008067	jalr	x0,0(x1)	  x1:0x00101208  x0=0x00000000
           6230	      3111	00101208	00058993	addi	x19,x11,0	 x11:0x00000000 x19=0x00000000
           6232	      3112	0010120c	00050913	addi	x18,x10,0	 x10:0x00000000 x18=0x00000000
           6234	      3113	00101210	06059a63	bne	x11,x0,101284	 x11:0x00000000  x0:0x00000000
           6236	      3114	00101214	00400e13	addi	x28,x0,4	  x0:0x00000000 x28=0x00000004
           6238	      3115	00101218	06ae6663	bltu	x28,x10,101284	 x28:0x00000004 x10:0x00000000
           6242	      3117	0010121c	aa5ff0ef	jal	x1,100cc0	  x1=0x00101220
           6244	      3118	00100cc0	001017b7	lui	x15,0x101	 x15=0x00101000
           6248	      3120	00100cc4	3707a503	lw	x10,880(x15)	 x15:0x00101000 x10=0x00000000 PA:0x00101370 store:0x00000000
           6252	      3122	00100cc8	3747a583	lw	x11,884(x15)	 x15:0x00101000 x11=0x00000000 PA:0x00101374 store:0x00000063
           6256	      3124	00100ccc	00008067	jalr	x0,0(x1)	  x1:0x00101220  x0=0x00000000
           6258	      3125	00101220	00101a37	lui	x20,0x101	 x20=0x00101000
           6260	      3126	00101224	00050413	addi	x8,x10,0	 x10:0x00000000  x8=0x00000000
           6262	      3127	00101228	00157e93	andi	x29,x10,1	 x10:0x00000000 x29=0x00000000
           6264	      3128	0010122c	00400a93	addi	x21,x0,4	  x0:0x00000000 x21=0x00000004
           6266	      3129	00101230	00101b37	lui	x22,0x101	 x22=0x00101000
           6268	      3130	00101234	354a0513	addi	x10,x20,852	 x20:0x00101000 x10=0x00101354
           6270	      3131	00101238	00058493	addi	x9,x11,0	 x11:0x00000000  x9=0x00000000
           6274	      3133	0010123c	03240e63	beq	x8,x18,101278	  x8:0x00000000 x18:0x00000000
           6278	      3135	00101278	fd3594e3	bne	x11,x19,101240	 x11:0x00000000 x19:0x00000000
           6280	      3136	0010127c	10500073	wfi	
          10162	      5077	0010001c	6890006f	jal	x0,100ea4	  x0=0x00000000
          10166	      5079	00100ea4	e2dff06f	jal	x0,100cd0	  x0=0x00000000
          10168	      5080	00100cd0	fe010113	addi	x2,x2,-32	  x2:0x00137fe0  x2=0x00137fc0
          10172	      5082	00100cd4	00f12423	sw	x15,8(x2)	  x2:0x00137fc0 x15:0x00101000 PA:0x00137fc8 store:0x00101000 load:0x00000000
          10174	      5083	00100cd8	001017b7	lui	x15,0x101	 x15=0x00101000
          10178	      5085	00100cdc	00b12c23	sw	x11,24(x2)	  x2:0x00137fc0 x11:0x00000000 PA:0x00137fd8 store:0x00000000 load:0x00000000
          10182	      5087	00100ce0	01012223	sw	x16,4(x2)	  x2:0x00137fc0 x16:0x00000000 PA:0x00137fc4 store:0x00000000 load:0x00000000
          10186	      5089	00100ce4	3687a583	lw	x11,872(x15)	 x15:0x00101000 x11=0x000007d0 PA:0x00101368 store:0x00000000
          10190	      5091	00100ce8	36c7a803	lw	x16,876(x15)	 x15:0x00101000 x16=0x00000000 PA:0x0010136c store:0x00030000
          10194	      5093	00100cec	00e12623	sw	x14,12(x2)	  x2:0x00137fc0 x14:0x00030000 PA:0x00137fcc store:0x00030000 load:0x00000000
          10196	      5094	00100cf0	00030737	lui	x14,0x30	 x14=0x00030000
          10200	      5096	00100cf4	00c12a23	sw	x12,20(x2)	  x2:0x00137fc0 x12:0x00030000 PA:0x00137fd4 store:0x00030000 load:0x00000000
          10204	      5098	00100cf8	01112023	sw	x17,0(x2)	  x2:0x00137fc0 x17:0x00030000 PA:0x00137fc0 store:0x00030000 load:0x00000000
          10208	      5100	00100cfc	00a12e23	sw	x10,28(x2)	  x2:0x00137fc0 x10:0x00101354 PA:0x00137fdc store:0x00101354 load:0x00000000
          10212	      5102	00100d00	00d12823	sw	x13,16(x2)	  x2:0x00137fc0 x13:0x00000bfe PA:0x00137fd0 store:0x00000bfe load:0x00000000
          10214	      5103	00100d04	00030637	lui	x12,0x30	 x12=0x00030000
          10216	      5104	00100d08	00470893	addi	x17,x14,4	 x14:0x00030000 x17=0x00030004
          10220	      5106	00100d0c	0008a783	lw	x15,0(x17)	 x17:0x00030004 x15=0x00000000 PA:0x00030004 store:0x00000000
          10224	      5108	00100d10	00062683	lw	x13,0(x12)	 x12:0x00030000 x13=0x000013f2 PA:0x00030000 store:0x00000000
          10228	      5110	00100d14	0008a503	lw	x10,0(x17)	 x17:0x00030004 x10=0x00000000 PA:0x00030004 store:0x00000000
          10232	      5112	00100d18	06a78a63	beq	x15,x10,100d8c	 x15:0x00000000 x10:0x00000000
          10236	      5114	00100d8c	00b688b3	add	x17,x13,x11	 x13:0x000013f2 x11:0x000007d0 x17=0x00001bc2
          10238	      5115	00100d90	00030637	lui	x12,0x30	 x12=0x00030000
          10240	      5116	00100d94	00d8b6b3	sltu	x13,x17,x13	 x17:0x00001bc2 x13:0x000013f2 x13=0x00000000
          10242	      5117	00100d98	01078833	add	x16,x15,x16	 x15:0x00000000 x16:0x00000000 x16=0x00000000
          10244	      5118	00100d9c	fff00513	addi	x10,x0,-1	  x0:0x00000000 x10=0xffffffff
          10248	      5120	00100da0	00a62423	sw	x10,8(x12)	 x12:0x00030000 x10:0xffffffff PA:0x00030008 store:0xffffffff load:0x000013ce
          10250	      5121	00100da4	010687b3	add	x15,x13,x16	 x13:0x00000000 x16:0x00000000 x15=0x00000000
          10252	      5122	00100da8	000305b7	lui	x11,0x30	 x11=0x00030000
          10256	      5124	00100dac	00f5a623	sw	x15,12(x11)	 x11:0x00030000 x15:0x00000000 PA:0x0003000c store:0x00000000 load:0x00000000
          10260	      5126	00100db0	01162423	sw	x17,8(x12)	 x12:0x00030000 x17:0x00001bc2 PA:0x00030008 store:0x00001bc2 load:0xffffffff
          10262	      5127	00100db4	001016b7	lui	x13,0x101	 x13=0x00101000
          10266	      5129	00100db8	3706a703	lw	x14,880(x13)	 x13:0x00101000 x14=0x00000000 PA:0x00101370 store:0x00000000
          10270	      5131	00100dbc	3746a883	lw	x17,884(x13)	 x13:0x00101000 x17=0x00000000 PA:0x00101374 store:0x00101000
          10274	      5133	00100dc0	01c12503	lw	x10,28(x2)	  x2:0x00137fc0 x10=0x00101354 PA:0x00137fdc store:0x00000004
          10276	      5134	00100dc4	00170593	addi	x11,x14,1	 x14:0x00000000 x11=0x00000001
          10278	      5135	00100dc8	00e5b633	sltu	x12,x11,x14	 x11:0x00000001 x14:0x00000000 x12=0x00000000
          10280	      5136	00100dcc	01160833	add	x16,x12,x17	 x12:0x00000000 x17:0x00000000 x16=0x00000000
          10284	      5138	00100dd0	36b6a823	sw	x11,880(x13)	 x13:0x00101000 x11:0x00000001 PA:0x00101370 store:0x00000001 load:0x00101354
          10288	      5140	00100dd4	3706aa23	sw	x16,884(x13)	 x13:0x00101000 x16:0x00000000 PA:0x00101374 store:0x00000000 load:0x00101354
          10292	      5142	00100dd8	01812583	lw	x11,24(x2)	  x2:0x00137fc0 x11=0x00000000 PA:0x00137fd8 store:0x00000000
          10296	      5144	00100ddc	01412603	lw	x12,20(x2)	  x2:0x00137fc0 x12=0x00030000 PA:0x00137fd4 store:0x00101000
          10300	      5146	00100de0	01012683	lw	x13,16(x2)	  x2:0x00137fc0 x13=0x00000bfe PA:0x00137fd0 store:0x00000000
          10304	      5148	00100de4	00c12703	lw	x14,12(x2)	  x2:0x00137fc0 x14=0x00030000 PA:0x00137fcc store:0x00030000
          10308	      5150	00100de8	00812783	lw	x15,8(x2)	  x2:0x00137fc0 x15=0x00101000 PA:0x00137fc8 store:0x00000000
          10312	      5152	00100dec	00412803	lw	x16,4(x2)	  x2:0x00137fc0 x16=0x00000000 PA:0x00137fc4 store:0x00000000
          10316	      5154	00100df0	00012883	lw	x17,0(x2)	  x2:0x00137fc0 x17=0x00030000 PA:0x00137fc0 store:0x00000000
          10318	      5155	00100df4	02010113	addi	x2,x2,32	  x2:0x00137fc0  x2=0x00137fe0
          10320	      5156	00100df8	30200073	mret	
          10328	      5160	00101280	fd9ff06f	jal	x0,101258	  x0=0x00000000
          10332	      5162	00101258	a69ff0ef	jal	x1,100cc0	  x1=0x0010125c
          10334	      5163	00100cc0	001017b7	lui	x15,0x101	 x15=0x00101000
          10338	      5165	00100cc4	3707a503	lw	x10,880(x15)	 x15:0x00101000 x10=0x00000001 PA:0x00101370 store:0x00000000
          10342	      5167	00100cc8	3747a583	lw	x11,884(x15)	 x15:0x00101000 x11=0x00000000 PA:0x00101374 store:0x00101000
          10346	      5169	00100ccc	00008067	jalr	x0,0(x1)	  x1:0x0010125c  x0=0x00000000
          10348	      5170	0010125c	00040913	addi	x18,x8,0	  x8:0x00000000 x18=0x00000000
          10350	      5171	00101260	00050413	addi	x8,x10,0	 x10:0x00000001  x8=0x00000001
          10352	      5172	00101264	00048993	addi	x19,x9,0	  x9:0x00000000 x19=0x00000000
          10354	      5173	00101268	00157e93	andi	x29,x10,1	 x10:0x00000001 x29=0x00000001
          10356	      5174	0010126c	00058493	addi	x9,x11,0	 x11:0x00000000  x9=0x00000000
          10358	      5175	00101270	354a0513	addi	x10,x20,852	 x20:0x00101000 x10=0x00101354
          10362	      5177	00101274	fd2416e3	bne	x8,x18,101240	  x8:0x00000001 x18:0x00000000
          10368	      5180	00101240	000e9463	bne	x29,x0,101248	 x29:0x00000001  x0:0x00000000
          10374	      5183	00101248	e59fe0ef	jal	x1,1000a0	  x1=0x0010124c
          10378	      5185	001000a0	00054803	lbu	x16,0(x10)	 x10:0x00101354 x16=0x00000054 PA:0x00101354 store:0x00000000
          10380	      5186	001000a4	06080663	beq	x16,x0,100110	 x16:0x00000054  x0:0x00000000
          10382	      5187	001000a8	000207b7	lui	x15,0x20	 x15=0x00020000
          10386	      5189	001000ac	0107a023	sw	x16,0(x15)	 x15:0x00020000 x16:0x00000054 PA:0x00020000 store:0x00000054 load:0x00000000
          10390	      5191	001000b0	00154703	lbu	x14,1(x10)	 x10:0x00101354 x14=0x00000069 PA:0x00101355 store:0x0010124c
          10392	      5192	001000b4	04070e63	beq	x14,x0,100110	 x14:0x00000069  x0:0x00000000
          10396	      5194	001000b8	00e7a023	sw	x14,0(x15)	 x15:0x00020000 x14:0x00000069 PA:0x00020000 store:0x00000069 load:0x00000000
          10400	      5196	001000bc	00254283	lbu	x5,2(x10)	 x10:0x00101354  x5=0x00000063 PA:0x00101356 store:0x00137fe0
          10402	      5197	001000c0	04028863	beq	x5,x0,100110	  x5:0x00000063  x0:0x00000000
          10406	      5199	001000c4	0057a023	sw	x5,0(x15)	 x15:0x00020000  x5:0x00000063 PA:0x00020000 store:0x00000063 load:0x00000000
          10410	      5201	001000c8	00354303	lbu	x6,3(x10)	 x10:0x00101354  x6=0x0000006b PA:0x00101357 store:0x00000000
          10412	      5202	001000cc	04030263	beq	x6,x0,100110	  x6:0x0000006b  x0:0x00000000
          10416	      5204	001000d0	0067a023	sw	x6,0(x15)	 x15:0x00020000  x6:0x0000006b PA:0x00020000 store:0x0000006b load:0x00000000
          10420	      5206	001000d4	00454383	lbu	x7,4(x10)	 x10:0x00101354  x7=0x00000021 PA:0x00101358 store:0x00000000
          10422	      5207	001000d8	02038c63	beq	x7,x0,100110	  x7:0x00000021  x0:0x00000000
          10426	      5209	001000dc	0077a023	sw	x7,0(x15)	 x15:0x00020000  x7:0x00000021 PA:0x00020000 store:0x00000021 load:0x00000000
          10430	      5211	001000e0	00554583	lbu	x11,5(x10)	 x10:0x00101354 x11=0x0000000a PA:0x00101359 store:0x00000063
          10432	      5212	001000e4	02058663	beq	x11,x0,100110	 x11:0x0000000a  x0:0x00000000
          10436	      5214	001000e8	00b7a023	sw	x11,0(x15)	 x15:0x00020000 x11:0x0000000a PA:0x00020000 store:0x0000000a load:0x00000000
          10440	      5216	001000ec	00654603	lbu	x12,6(x10)	 x10:0x00101354 x12=0x00000000 PA:0x0010135a store:0x0000006b
          10444	      5218	001000f0	02060063	beq	x12,x0,100110	 x12:0x00000000  x0:0x00000000
          10448	      5220	00100110	00000513	addi	x10,x0,0	  x0:0x00000000 x10=0x00000000
          10452	      5222	00100114	00008067	jalr	x0,0(x1)	  x1:0x0010124c  x0=0x00000000
          10454	      5223	0010124c	10500073	wfi	
          14234	      7113	0010001c	6890006f	jal	x0,100ea4	  x0=0x00000000
          14238	      7115	00100ea4	e2dff06f	jal	x0,100cd0	  x0=0x00000000
          14240	      7116	00100cd0	fe010113	addi	x2,x2,-32	  x2:0x00137fe0  x2=0x00137fc0
          14244	      7118	00100cd4	00f12423	sw	x15,8(x2)	  x2:0x00137fc0 x15:0x00020000 PA:0x00137fc8 store:0x00020000 load:0x00000a21
          14246	      7119	00100cd8	001017b7	lui	x15,0x101	 x15=0x00101000
          14250	      7121	00100cdc	00b12c23	sw	x11,24(x2)	  x2:0x00137fc0 x11:0x0000000a PA:0x00137fd8 store:0x0000000a load:0x00000a21
          14254	      7123	00100ce0	01012223	sw	x16,4(x2)	  x2:0x00137fc0 x16:0x00000054 PA:0x00137fc4 store:0x00000054 load:0x00000a21
          14258	      7125	00100ce4	3687a583	lw	x11,872(x15)	 x15:0x00101000 x11=0x000007d0 PA:0x00101368 store:0x00000001
          14262	      7127	00100ce8	36c7a803	lw	x16,876(x15)	 x15:0x00101000 x16=0x00000000 PA:0x0010136c store:0x00000000
          14266	      7129	00100cec	00e12623	sw	x14,12(x2)	  x2:0x00137fc0 x14:0x00000069 PA:0x00137fcc store:0x00000069 load:0x00000000
          14268	      7130	00100cf0	00030737	lui	x14,0x30	 x14=0x00030000
          14272	      7132	00100cf4	00c12a23	sw	x12,20(x2)	  x2:0x00137fc0 x12:0x00000000 PA:0x00137fd4 store:0x00000000 load:0x00000000
          14276	      7134	00100cf8	01112023	sw	x17,0(x2)	  x2:0x00137fc0 x17:0x00030000 PA:0x00137fc0 store:0x00030000 load:0x00000000
          14280	      7136	00100cfc	00a12e23	sw	x10,28(x2)	  x2:0x00137fc0 x10:0x00000000 PA:0x00137fdc store:0x00000000 load:0x00000000
          14284	      7138	00100d00	00d12823	sw	x13,16(x2)	  x2:0x00137fc0 x13:0x00000bfe PA:0x00137fd0 store:0x00000bfe load:0x00000000
          14286	      7139	00100d04	00030637	lui	x12,0x30	 x12=0x00030000
          14288	      7140	00100d08	00470893	addi	x17,x14,4	 x14:0x00030000 x17=0x00030004
          14292	      7142	00100d0c	0008a783	lw	x15,0(x17)	 x17:0x00030004 x15=0x00000000 PA:0x00030004 store:0x00000000
          14296	      7144	00100d10	00062683	lw	x13,0(x12)	 x12:0x00030000 x13=0x00001be6 PA:0x00030000 store:0x00000000
          14300	      7146	00100d14	0008a503	lw	x10,0(x17)	 x17:0x00030004 x10=0x00000000 PA:0x00030004 store:0x00000000
          14304	      7148	00100d18	06a78a63	beq	x15,x10,100d8c	 x15:0x00000000 x10:0x00000000
          14308	      7150	00100d8c	00b688b3	add	x17,x13,x11	 x13:0x00001be6 x11:0x000007d0 x17=0x000023b6
          14310	      7151	00100d90	00030637	lui	x12,0x30	 x12=0x00030000
          14312	      7152	00100d94	00d8b6b3	sltu	x13,x17,x13	 x17:0x000023b6 x13:0x00001be6 x13=0x00000000
          14314	      7153	00100d98	01078833	add	x16,x15,x16	 x15:0x00000000 x16:0x00000000 x16=0x00000000
          14316	      7154	00100d9c	fff00513	addi	x10,x0,-1	  x0:0x00000000 x10=0xffffffff
          14320	      7156	00100da0	00a62423	sw	x10,8(x12)	 x12:0x00030000 x10:0xffffffff PA:0x00030008 store:0xffffffff load:0x00001bc2
          14322	      7157	00100da4	010687b3	add	x15,x13,x16	 x13:0x00000000 x16:0x00000000 x15=0x00000000
          14324	      7158	00100da8	000305b7	lui	x11,0x30	 x11=0x00030000
          14328	      7160	00100dac	00f5a623	sw	x15,12(x11)	 x11:0x00030000 x15:0x00000000 PA:0x0003000c store:0x00000000 load:0x00000000
          14332	      7162	00100db0	01162423	sw	x17,8(x12)	 x12:0x00030000 x17:0x000023b6 PA:0x00030008 store:0x000023b6 load:0xffffffff
          14334	      7163	00100db4	001016b7	lui	x13,0x101	 x13=0x00101000
          14338	      7165	00100db8	3706a703	lw	x14,880(x13)	 x13:0x00101000 x14=0x00000001 PA:0x00101370 store:0x00000000
          14342	      7167	00100dbc	3746a883	lw	x17,884(x13)	 x13:0x00101000 x17=0x00000000 PA:0x00101374 store:0x00101000
          14346	      7169	00100dc0	01c12503	lw	x10,28(x2)	  x2:0x00137fc0 x10=0x00000000 PA:0x00137fdc store:0x00000004
          14348	      7170	00100dc4	00170593	addi	x11,x14,1	 x14:0x00000001 x11=0x00000002
          14350	      7171	00100dc8	00e5b633	sltu	x12,x11,x14	 x11:0x00000002 x14:0x00000001 x12=0x00000000
          14352	      7172	00100dcc	01160833	add	x16,x12,x17	 x12:0x00000000 x17:0x00000000 x16=0x00000000
          14356	      7174	00100dd0	36b6a823	sw	x11,880(x13)	 x13:0x00101000 x11:0x00000002 PA:0x00101370 store:0x00000002 load:0x00000000
          14360	      7176	00100dd4	3706aa23	sw	x16,884(x13)	 x13:0x00101000 x16:0x00000000 PA:0x00101374 store:0x00000000 load:0x00000000
          14364	      7178	00100dd8	01812583	lw	x11,24(x2)	  x2:0x00137fc0 x11=0x0000000a PA:0x00137fd8 store:0x00000000
          14368	      7180	00100ddc	01412603	lw	x12,20(x2)	  x2:0x00137fc0 x12=0x00000000 PA:0x00137fd4 store:0x00101000
          14372	      7182	00100de0	01012683	lw	x13,16(x2)	  x2:0x00137fc0 x13=0x00000bfe PA:0x00137fd0 store:0x00000000
          14376	      7184	00100de4	00c12703	lw	x14,12(x2)	  x2:0x00137fc0 x14=0x00000069 PA:0x00137fcc store:0x00000000
          14380	      7186	00100de8	00812783	lw	x15,8(x2)	  x2:0x00137fc0 x15=0x00020000 PA:0x00137fc8 store:0x00000001
          14384	      7188	00100dec	00412803	lw	x16,4(x2)	  x2:0x00137fc0 x16=0x00000054 PA:0x00137fc4 store:0x00000000
          14388	      7190	00100df0	00012883	lw	x17,0(x2)	  x2:0x00137fc0 x17=0x00030000 PA:0x00137fc0 store:0x00000000
          14390	      7191	00100df4	02010113	addi	x2,x2,32	  x2:0x00137fc0  x2=0x00137fe0
          14392	      7192	00100df8	30200073	mret	
          14398	      7195	00101250	02049a63	bne	x9,x0,101284	  x9:0x00000000  x0:0x00000000
          14400	      7196	00101254	028ae863	bltu	x21,x8,101284	 x21:0x00000004  x8:0x00000001
          14404	      7198	00101258	a69ff0ef	jal	x1,100cc0	  x1=0x0010125c
          14406	      7199	00100cc0	001017b7	lui	x15,0x101	 x15=0x00101000
          14410	      7201	00100cc4	3707a503	lw	x10,880(x15)	 x15:0x00101000 x10=0x00000002 PA:0x00101370 store:0x00000054
          14414	      7203	00100cc8	3747a583	lw	x11,884(x15)	 x15:0x00101000 x11=0x00000000 PA:0x00101374 store:0x00101000
          14418	      7205	00100ccc	00008067	jalr	x0,0(x1)	  x1:0x0010125c  x0=0x00000000
          14420	      7206	0010125c	00040913	addi	x18,x8,0	  x8:0x00000001 x18=0x00000001
          14422	      7207	00101260	00050413	addi	x8,x10,0	 x10:0x00000002  x8=0x00000002
          14424	      7208	00101264	00048993	addi	x19,x9,0	  x9:0x00000000 x19=0x00000000
          14426	      7209	00101268	00157e93	andi	x29,x10,1	 x10:0x00000002 x29=0x00000000
          14428	      7210	0010126c	00058493	addi	x9,x11,0	 x11:0x00000000  x9=0x00000000
          14430	      7211	00101270	354a0513	addi	x10,x20,852	 x20:0x00101000 x10=0x00101354
          14434	      7213	00101274	fd2416e3	bne	x8,x18,101240	  x8:0x00000002 x18:0x00000001
          14438	      7215	00101240	000e9463	bne	x29,x0,101248	 x29:0x00000000  x0:0x00000000
          14440	      7216	00101244	35cb0513	addi	x10,x22,860	 x22:0x00101000 x10=0x0010135c
          14444	      7218	00101248	e59fe0ef	jal	x1,1000a0	  x1=0x0010124c
          14448	      7220	001000a0	00054803	lbu	x16,0(x10)	 x10:0x0010135c x16=0x00000054 PA:0x0010135c store:0x00000000
          14450	      7221	001000a4	06080663	beq	x16,x0,100110	 x16:0x00000054  x0:0x00000000
          14452	      7222	001000a8	000207b7	lui	x15,0x20	 x15=0x00020000
          14456	      7224	001000ac	0107a023	sw	x16,0(x15)	 x15:0x00020000 x16:0x00000054 PA:0x00020000 store:0x00000054 load:0x00000000
          14460	      7226	001000b0	00154703	lbu	x14,1(x10)	 x10:0x0010135c x14=0x0000006f PA:0x0010135d store:0x0010124c
          14462	      7227	001000b4	04070e63	beq	x14,x0,100110	 x14:0x0000006f  x0:0x00000000
          14466	      7229	001000b8	00e7a023	sw	x14,0(x15)	 x15:0x00020000 x14:0x0000006f PA:0x00020000 store:0x0000006f load:0x00000000
          14470	      7231	001000bc	00254283	lbu	x5,2(x10)	 x10:0x0010135c  x5=0x00000063 PA:0x0010135e store:0x00137fe0
          14472	      7232	001000c0	04028863	beq	x5,x0,100110	  x5:0x00000063  x0:0x00000000
          14476	      7234	001000c4	0057a023	sw	x5,0(x15)	 x15:0x00020000  x5:0x00000063 PA:0x00020000 store:0x00000063 load:0x00000000
          14480	      7236	001000c8	00354303	lbu	x6,3(x10)	 x10:0x0010135c  x6=0x0000006b PA:0x0010135f store:0x00000000
          14482	      7237	001000cc	04030263	beq	x6,x0,100110	  x6:0x0000006b  x0:0x00000000
          14486	      7239	001000d0	0067a023	sw	x6,0(x15)	 x15:0x00020000  x6:0x0000006b PA:0x00020000 store:0x0000006b load:0x00000000
          14490	      7241	001000d4	00454383	lbu	x7,4(x10)	 x10:0x0010135c  x7=0x00000021 PA:0x00101360 store:0x00000000
          14492	      7242	001000d8	02038c63	beq	x7,x0,100110	  x7:0x00000021  x0:0x00000000
          14496	      7244	001000dc	0077a023	sw	x7,0(x15)	 x15:0x00020000  x7:0x00000021 PA:0x00020000 store:0x00000021 load:0x00000000
          14500	      7246	001000e0	00554583	lbu	x11,5(x10)	 x10:0x0010135c x11=0x0000000a PA:0x00101361 store:0x00000063
          14502	      7247	001000e4	02058663	beq	x11,x0,100110	 x11:0x0000000a  x0:0x00000000
          14506	      7249	001000e8	00b7a023	sw	x11,0(x15)	 x15:0x00020000 x11:0x0000000a PA:0x00020000 store:0x0000000a load:0x00000000
          14510	      7251	001000ec	00654603	lbu	x12,6(x10)	 x10:0x0010135c x12=0x00000000 PA:0x00101362 store:0x0000006b
          14514	      7253	001000f0	02060063	beq	x12,x0,100110	 x12:0x00000000  x0:0x00000000
          14518	      7255	00100110	00000513	addi	x10,x0,0	  x0:0x00000000 x10=0x00000000
          14522	      7257	00100114	00008067	jalr	x0,0(x1)	  x1:0x0010124c  x0=0x00000000
          14524	      7258	0010124c	10500073	wfi	
          18306	      9149	0010001c	6890006f	jal	x0,100ea4	  x0=0x00000000
          18310	      9151	00100ea4	e2dff06f	jal	x0,100cd0	  x0=0x00000000
          18312	      9152	00100cd0	fe010113	addi	x2,x2,-32	  x2:0x00137fe0  x2=0x00137fc0
          18316	      9154	00100cd4	00f12423	sw	x15,8(x2)	  x2:0x00137fc0 x15:0x00020000 PA:0x00137fc8 store:0x00020000 load:0x00000a21
          18318	      9155	00100cd8	001017b7	lui	x15,0x101	 x15=0x00101000
          18322	      9157	00100cdc	00b12c23	sw	x11,24(x2)	  x2:0x00137fc0 x11:0x0000000a PA:0x00137fd8 store:0x0000000a load:0x00000a21
          18326	      9159	00100ce0	01012223	sw	x16,4(x2)	  x2:0x00137fc0 x16:0x00000054 PA:0x00137fc4 store:0x00000054 load:0x00000a21
          18330	      9161	00100ce4	3687a583	lw	x11,872(x15)	 x15:0x00101000 x11=0x000007d0 PA:0x00101368 store:0x00000002
          18334	      9163	00100ce8	36c7a803	lw	x16,876(x15)	 x15:0x00101000 x16=0x00000000 PA:0x0010136c store:0x00000000
          18338	      9165	00100cec	00e12623	sw	x14,12(x2)	  x2:0x00137fc0 x14:0x0000006f PA:0x00137fcc store:0x0000006f load:0x00000000
          18340	      9166	00100cf0	00030737	lui	x14,0x30	 x14=0x00030000
          18344	      9168	00100cf4	00c12a23	sw	x12,20(x2)	  x2:0x00137fc0 x12:0x00000000 PA:0x00137fd4 store:0x00000000 load:0x00000000
          18348	      9170	00100cf8	01112023	sw	x17,0(x2)	  x2:0x00137fc0 x17:0x00030000 PA:0x00137fc0 store:0x00030000 load:0x00000000
          18352	      9172	00100cfc	00a12e23	sw	x10,28(x2)	  x2:0x00137fc0 x10:0x00000000 PA:0x00137fdc store:0x00000000 load:0x00000000
          18356	      9174	00100d00	00d12823	sw	x13,16(x2)	  x2:0x00137fc0 x13:0x00000bfe PA:0x00137fd0 store:0x00000bfe load:0x00000000
          18358	      9175	00100d04	00030637	lui	x12,0x30	 x12=0x00030000
          18360	      9176	00100d08	00470893	addi	x17,x14,4	 x14:0x00030000 x17=0x00030004
          18364	      9178	00100d0c	0008a783	lw	x15,0(x17)	 x17:0x00030004 x15=0x00000000 PA:0x00030004 store:0x00000000
          18368	      9180	00100d10	00062683	lw	x13,0(x12)	 x12:0x00030000 x13=0x000023da PA:0x00030000 store:0x00000000
          18372	      9182	00100d14	0008a503	lw	x10,0(x17)	 x17:0x00030004 x10=0x00000000 PA:0x00030004 store:0x00000000
          18376	      9184	00100d18	06a78a63	beq	x15,x10,100d8c	 x15:0x00000000 x10:0x00000000
          18380	      9186	00100d8c	00b688b3	add	x17,x13,x11	 x13:0x000023da x11:0x000007d0 x17=0x00002baa
          18382	      9187	00100d90	00030637	lui	x12,0x30	 x12=0x00030000
          18384	      9188	00100d94	00d8b6b3	sltu	x13,x17,x13	 x17:0x00002baa x13:0x000023da x13=0x00000000
          18386	      9189	00100d98	01078833	add	x16,x15,x16	 x15:0x00000000 x16:0x00000000 x16=0x00000000
          18388	      9190	00100d9c	fff00513	addi	x10,x0,-1	  x0:0x00000000 x10=0xffffffff
          18392	      9192	00100da0	00a62423	sw	x10,8(x12)	 x12:0x00030000 x10:0xffffffff PA:0x00030008 store:0xffffffff load:0x000023b6
          18394	      9193	00100da4	010687b3	add	x15,x13,x16	 x13:0x00000000 x16:0x00000000 x15=0x00000000
          18396	      9194	00100da8	000305b7	lui	x11,0x30	 x11=0x00030000
          18400	      9196	00100dac	00f5a623	sw	x15,12(x11)	 x11:0x00030000 x15:0x00000000 PA:0x0003000c store:0x00000000 load:0x00000000
          18404	      9198	00100db0	01162423	sw	x17,8(x12)	 x12:0x00030000 x17:0x00002baa PA:0x00030008 store:0x00002baa load:0xffffffff
          18406	      9199	00100db4	001016b7	lui	x13,0x101	 x13=0x00101000
          18410	      9201	00100db8	3706a703	lw	x14,880(x13)	 x13:0x00101000 x14=0x00000002 PA:0x00101370 store:0x00000000
          18414	      9203	00100dbc	3746a883	lw	x17,884(x13)	 x13:0x00101000 x17=0x00000000 PA:0x00101374 store:0x00101000
          18418	      9205	00100dc0	01c12503	lw	x10,28(x2)	  x2:0x00137fc0 x10=0x00000000 PA:0x00137fdc store:0x00000004
          18420	      9206	00100dc4	00170593	addi	x11,x14,1	 x14:0x00000002 x11=0x00000003
          18422	      9207	00100dc8	00e5b633	sltu	x12,x11,x14	 x11:0x00000003 x14:0x00000002 x12=0x00000000
          18424	      9208	00100dcc	01160833	add	x16,x12,x17	 x12:0x00000000 x17:0x00000000 x16=0x00000000
          18428	      9210	00100dd0	36b6a823	sw	x11,880(x13)	 x13:0x00101000 x11:0x00000003 PA:0x00101370 store:0x00000003 load:0x00000000
          18432	      9212	00100dd4	3706aa23	sw	x16,884(x13)	 x13:0x00101000 x16:0x00000000 PA:0x00101374 store:0x00000000 load:0x00000000
          18436	      9214	00100dd8	01812583	lw	x11,24(x2)	  x2:0x00137fc0 x11=0x0000000a PA:0x00137fd8 store:0x00000000
          18440	      9216	00100ddc	01412603	lw	x12,20(x2)	  x2:0x00137fc0 x12=0x00000000 PA:0x00137fd4 store:0x00101000
          18444	      9218	00100de0	01012683	lw	x13,16(x2)	  x2:0x00137fc0 x13=0x00000bfe PA:0x00137fd0 store:0x00000000
          18448	      9220	00100de4	00c12703	lw	x14,12(x2)	  x2:0x00137fc0 x14=0x0000006f PA:0x00137fcc store:0x00000000
          18452	      9222	00100de8	00812783	lw	x15,8(x2)	  x2:0x00137fc0 x15=0x00020000 PA:0x00137fc8 store:0x00000002
          18456	      9224	00100dec	00412803	lw	x16,4(x2)	  x2:0x00137fc0 x16=0x00000054 PA:0x00137fc4 store:0x00000000
          18460	      9226	00100df0	00012883	lw	x17,0(x2)	  x2:0x00137fc0 x17=0x00030000 PA:0x00137fc0 store:0x00000000
          18462	      9227	00100df4	02010113	addi	x2,x2,32	  x2:0x00137fc0  x2=0x00137fe0
          18464	      9228	00100df8	30200073	mret	
          18470	      9231	00101250	02049a63	bne	x9,x0,101284	  x9:0x00000000  x0:0x00000000
          18472	      9232	00101254	028ae863	bltu	x21,x8,101284	 x21:0x00000004  x8:0x00000002
          18476	      9234	00101258	a69ff0ef	jal	x1,100cc0	  x1=0x0010125c
          18478	      9235	00100cc0	001017b7	lui	x15,0x101	 x15=0x00101000
          18482	      9237	00100cc4	3707a503	lw	x10,880(x15)	 x15:0x00101000 x10=0x00000003 PA:0x00101370 store:0x00000054
          18486	      9239	00100cc8	3747a583	lw	x11,884(x15)	 x15:0x00101000 x11=0x00000000 PA:0x00101374 store:0x00101000
          18490	      9241	00100ccc	00008067	jalr	x0,0(x1)	  x1:0x0010125c  x0=0x00000000
          18492	      9242	0010125c	00040913	addi	x18,x8,0	  x8:0x00000002 x18=0x00000002
          18494	      9243	00101260	00050413	addi	x8,x10,0	 x10:0x00000003  x8=0x00000003
          18496	      9244	00101264	00048993	addi	x19,x9,0	  x9:0x00000000 x19=0x00000000
          18498	      9245	00101268	00157e93	andi	x29,x10,1	 x10:0x00000003 x29=0x00000001
          18500	      9246	0010126c	00058493	addi	x9,x11,0	 x11:0x00000000  x9=0x00000000
          18502	      9247	00101270	354a0513	addi	x10,x20,852	 x20:0x00101000 x10=0x00101354
          18506	      9249	00101274	fd2416e3	bne	x8,x18,101240	  x8:0x00000003 x18:0x00000002
          18512	      9252	00101240	000e9463	bne	x29,x0,101248	 x29:0x00000001  x0:0x00000000
          18518	      9255	00101248	e59fe0ef	jal	x1,1000a0	  x1=0x0010124c
          18522	      9257	001000a0	00054803	lbu	x16,0(x10)	 x10:0x00101354 x16=0x00000054 PA:0x00101354 store:0x00000000
          18524	      9258	001000a4	06080663	beq	x16,x0,100110	 x16:0x00000054  x0:0x00000000
          18526	      9259	001000a8	000207b7	lui	x15,0x20	 x15=0x00020000
          18530	      9261	001000ac	0107a023	sw	x16,0(x15)	 x15:0x00020000 x16:0x00000054 PA:0x00020000 store:0x00000054 load:0x00000000
          18534	      9263	001000b0	00154703	lbu	x14,1(x10)	 x10:0x00101354 x14=0x00000069 PA:0x00101355 store:0x0010124c
          18536	      9264	001000b4	04070e63	beq	x14,x0,100110	 x14:0x00000069  x0:0x00000000
          18540	      9266	001000b8	00e7a023	sw	x14,0(x15)	 x15:0x00020000 x14:0x00000069 PA:0x00020000 store:0x00000069 load:0x00000000
          18544	      9268	001000bc	00254283	lbu	x5,2(x10)	 x10:0x00101354  x5=0x00000063 PA:0x00101356 store:0x00137fe0
          18546	      9269	001000c0	04028863	beq	x5,x0,100110	  x5:0x00000063  x0:0x00000000
          18550	      9271	001000c4	0057a023	sw	x5,0(x15)	 x15:0x00020000  x5:0x00000063 PA:0x00020000 store:0x00000063 load:0x00000000
          18554	      9273	001000c8	00354303	lbu	x6,3(x10)	 x10:0x00101354  x6=0x0000006b PA:0x00101357 store:0x00000000
          18556	      9274	001000cc	04030263	beq	x6,x0,100110	  x6:0x0000006b  x0:0x00000000
          18560	      9276	001000d0	0067a023	sw	x6,0(x15)	 x15:0x00020000  x6:0x0000006b PA:0x00020000 store:0x0000006b load:0x00000000
          18564	      9278	001000d4	00454383	lbu	x7,4(x10)	 x10:0x00101354  x7=0x00000021 PA:0x00101358 store:0x00000000
          18566	      9279	001000d8	02038c63	beq	x7,x0,100110	  x7:0x00000021  x0:0x00000000
          18570	      9281	001000dc	0077a023	sw	x7,0(x15)	 x15:0x00020000  x7:0x00000021 PA:0x00020000 store:0x00000021 load:0x00000000
          18574	      9283	001000e0	00554583	lbu	x11,5(x10)	 x10:0x00101354 x11=0x0000000a PA:0x00101359 store:0x00000063
          18576	      9284	001000e4	02058663	beq	x11,x0,100110	 x11:0x0000000a  x0:0x00000000
          18580	      9286	001000e8	00b7a023	sw	x11,0(x15)	 x15:0x00020000 x11:0x0000000a PA:0x00020000 store:0x0000000a load:0x00000000
          18584	      9288	001000ec	00654603	lbu	x12,6(x10)	 x10:0x00101354 x12=0x00000000 PA:0x0010135a store:0x0000006b
          18588	      9290	001000f0	02060063	beq	x12,x0,100110	 x12:0x00000000  x0:0x00000000
          18592	      9292	00100110	00000513	addi	x10,x0,0	  x0:0x00000000 x10=0x00000000
          18596	      9294	00100114	00008067	jalr	x0,0(x1)	  x1:0x0010124c  x0=0x00000000
          18598	      9295	0010124c	10500073	wfi	
          22378	     11185	0010001c	6890006f	jal	x0,100ea4	  x0=0x00000000
          22382	     11187	00100ea4	e2dff06f	jal	x0,100cd0	  x0=0x00000000
          22384	     11188	00100cd0	fe010113	addi	x2,x2,-32	  x2:0x00137fe0  x2=0x00137fc0
          22388	     11190	00100cd4	00f12423	sw	x15,8(x2)	  x2:0x00137fc0 x15:0x00020000 PA:0x00137fc8 store:0x00020000 load:0x00000a21
          22390	     11191	00100cd8	001017b7	lui	x15,0x101	 x15=0x00101000
          22394	     11193	00100cdc	00b12c23	sw	x11,24(x2)	  x2:0x00137fc0 x11:0x0000000a PA:0x00137fd8 store:0x0000000a load:0x00000a21
          22398	     11195	00100ce0	01012223	sw	x16,4(x2)	  x2:0x00137fc0 x16:0x00000054 PA:0x00137fc4 store:0x00000054 load:0x00000a21
          22402	     11197	00100ce4	3687a583	lw	x11,872(x15)	 x15:0x00101000 x11=0x000007d0 PA:0x00101368 store:0x00000003
          22406	     11199	00100ce8	36c7a803	lw	x16,876(x15)	 x15:0x00101000 x16=0x00000000 PA:0x0010136c store:0x00000000
          22410	     11201	00100cec	00e12623	sw	x14,12(x2)	  x2:0x00137fc0 x14:0x00000069 PA:0x00137fcc store:0x00000069 load:0x00000000
          22412	     11202	00100cf0	00030737	lui	x14,0x30	 x14=0x00030000
          22416	     11204	00100cf4	00c12a23	sw	x12,20(x2)	  x2:0x00137fc0 x12:0x00000000 PA:0x00137fd4 store:0x00000000 load:0x00000000
          22420	     11206	00100cf8	01112023	sw	x17,0(x2)	  x2:0x00137fc0 x17:0x00030000 PA:0x00137fc0 store:0x00030000 load:0x00000000
          22424	     11208	00100cfc	00a12e23	sw	x10,28(x2)	  x2:0x00137fc0 x10:0x00000000 PA:0x00137fdc store:0x00000000 load:0x00000000
          22428	     11210	00100d00	00d12823	sw	x13,16(x2)	  x2:0x00137fc0 x13:0x00000bfe PA:0x00137fd0 store:0x00000bfe load:0x00000000
          22430	     11211	00100d04	00030637	lui	x12,0x30	 x12=0x00030000
          22432	     11212	00100d08	00470893	addi	x17,x14,4	 x14:0x00030000 x17=0x00030004
          22436	     11214	00100d0c	0008a783	lw	x15,0(x17)	 x17:0x00030004 x15=0x00000000 PA:0x00030004 store:0x00000000
          22440	     11216	00100d10	00062683	lw	x13,0(x12)	 x12:0x00030000 x13=0x00002bce PA:0x00030000 store:0x00000000
          22444	     11218	00100d14	0008a503	lw	x10,0(x17)	 x17:0x00030004 x10=0x00000000 PA:0x00030004 store:0x00000000
          22448	     11220	00100d18	06a78a63	beq	x15,x10,100d8c	 x15:0x00000000 x10:0x00000000
          22452	     11222	00100d8c	00b688b3	add	x17,x13,x11	 x13:0x00002bce x11:0x000007d0 x17=0x0000339e
          22454	     11223	00100d90	00030637	lui	x12,0x30	 x12=0x00030000
          22456	     11224	00100d94	00d8b6b3	sltu	x13,x17,x13	 x17:0x0000339e x13:0x00002bce x13=0x00000000
          22458	     11225	00100d98	01078833	add	x16,x15,x16	 x15:0x00000000 x16:0x00000000 x16=0x00000000
          22460	     11226	00100d9c	fff00513	addi	x10,x0,-1	  x0:0x00000000 x10=0xffffffff
          22464	     11228	00100da0	00a62423	sw	x10,8(x12)	 x12:0x00030000 x10:0xffffffff PA:0x00030008 store:0xffffffff load:0x00002baa
          22466	     11229	00100da4	010687b3	add	x15,x13,x16	 x13:0x00000000 x16:0x00000000 x15=0x00000000
          22468	     11230	00100da8	000305b7	lui	x11,0x30	 x11=0x00030000
          22472	     11232	00100dac	00f5a623	sw	x15,12(x11)	 x11:0x00030000 x15:0x00000000 PA:0x0003000c store:0x00000000 load:0x00000000
          22476	     11234	00100db0	01162423	sw	x17,8(x12)	 x12:0x00030000 x17:0x0000339e PA:0x00030008 store:0x0000339e load:0xffffffff
          22478	     11235	00100db4	001016b7	lui	x13,0x101	 x13=0x00101000
          22482	     11237	00100db8	3706a703	lw	x14,880(x13)	 x13:0x00101000 x14=0x00000003 PA:0x00101370 store:0x00000000
          22486	     11239	00100dbc	3746a883	lw	x17,884(x13)	 x13:0x00101000 x17=0x00000000 PA:0x00101374 store:0x00101000
          22490	     11241	00100dc0	01c12503	lw	x10,28(x2)	  x2:0x00137fc0 x10=0x00000000 PA:0x00137fdc store:0x00000004
          22492	     11242	00100dc4	00170593	addi	x11,x14,1	 x14:0x00000003 x11=0x00000004
          22494	     11243	00100dc8	00e5b633	sltu	x12,x11,x14	 x11:0x00000004 x14:0x00000003 x12=0x00000000
          22496	     11244	00100dcc	01160833	add	x16,x12,x17	 x12:0x00000000 x17:0x00000000 x16=0x00000000
          22500	     11246	00100dd0	36b6a823	sw	x11,880(x13)	 x13:0x00101000 x11:0x00000004 PA:0x00101370 store:0x00000004 load:0x00000000
          22504	     11248	00100dd4	3706aa23	sw	x16,884(x13)	 x13:0x00101000 x16:0x00000000 PA:0x00101374 store:0x00000000 load:0x00000000
          22508	     11250	00100dd8	01812583	lw	x11,24(x2)	  x2:0x00137fc0 x11=0x0000000a PA:0x00137fd8 store:0x00000000
          22512	     11252	00100ddc	01412603	lw	x12,20(x2)	  x2:0x00137fc0 x12=0x00000000 PA:0x00137fd4 store:0x00101000
          22516	     11254	00100de0	01012683	lw	x13,16(x2)	  x2:0x00137fc0 x13=0x00000bfe PA:0x00137fd0 store:0x00000000
          22520	     11256	00100de4	00c12703	lw	x14,12(x2)	  x2:0x00137fc0 x14=0x00000069 PA:0x00137fcc store:0x00000000
          22524	     11258	00100de8	00812783	lw	x15,8(x2)	  x2:0x00137fc0 x15=0x00020000 PA:0x00137fc8 store:0x00000003
          22528	     11260	00100dec	00412803	lw	x16,4(x2)	  x2:0x00137fc0 x16=0x00000054 PA:0x00137fc4 store:0x00000000
          22532	     11262	00100df0	00012883	lw	x17,0(x2)	  x2:0x00137fc0 x17=0x00030000 PA:0x00137fc0 store:0x00000000
          22534	     11263	00100df4	02010113	addi	x2,x2,32	  x2:0x00137fc0  x2=0x00137fe0
          22536	     11264	00100df8	30200073	mret	
          22542	     11267	00101250	02049a63	bne	x9,x0,101284	  x9:0x00000000  x0:0x00000000
          22544	     11268	00101254	028ae863	bltu	x21,x8,101284	 x21:0x00000004  x8:0x00000003
          22548	     11270	00101258	a69ff0ef	jal	x1,100cc0	  x1=0x0010125c
          22550	     11271	00100cc0	001017b7	lui	x15,0x101	 x15=0x00101000
          22554	     11273	00100cc4	3707a503	lw	x10,880(x15)	 x15:0x00101000 x10=0x00000004 PA:0x00101370 store:0x00000054
          22558	     11275	00100cc8	3747a583	lw	x11,884(x15)	 x15:0x00101000 x11=0x00000000 PA:0x00101374 store:0x00101000
          22562	     11277	00100ccc	00008067	jalr	x0,0(x1)	  x1:0x0010125c  x0=0x00000000
          22564	     11278	0010125c	00040913	addi	x18,x8,0	  x8:0x00000003 x18=0x00000003
          22566	     11279	00101260	00050413	addi	x8,x10,0	 x10:0x00000004  x8=0x00000004
          22568	     11280	00101264	00048993	addi	x19,x9,0	  x9:0x00000000 x19=0x00000000
          22570	     11281	00101268	00157e93	andi	x29,x10,1	 x10:0x00000004 x29=0x00000000
          22572	     11282	0010126c	00058493	addi	x9,x11,0	 x11:0x00000000  x9=0x00000000
          22574	     11283	00101270	354a0513	addi	x10,x20,852	 x20:0x00101000 x10=0x00101354
          22578	     11285	00101274	fd2416e3	bne	x8,x18,101240	  x8:0x00000004 x18:0x00000003
          22582	     11287	00101240	000e9463	bne	x29,x0,101248	 x29:0x00000000  x0:0x00000000
          22584	     11288	00101244	35cb0513	addi	x10,x22,860	 x22:0x00101000 x10=0x0010135c
          22588	     11290	00101248	e59fe0ef	jal	x1,1000a0	  x1=0x0010124c
          22592	     11292	001000a0	00054803	lbu	x16,0(x10)	 x10:0x0010135c x16=0x00000054 PA:0x0010135c store:0x00000000
          22594	     11293	001000a4	06080663	beq	x16,x0,100110	 x16:0x00000054  x0:0x00000000
          22596	     11294	001000a8	000207b7	lui	x15,0x20	 x15=0x00020000
          22600	     11296	001000ac	0107a023	sw	x16,0(x15)	 x15:0x00020000 x16:0x00000054 PA:0x00020000 store:0x00000054 load:0x00000000
          22604	     11298	001000b0	00154703	lbu	x14,1(x10)	 x10:0x0010135c x14=0x0000006f PA:0x0010135d store:0x0010124c
          22606	     11299	001000b4	04070e63	beq	x14,x0,100110	 x14:0x0000006f  x0:0x00000000
          22610	     11301	001000b8	00e7a023	sw	x14,0(x15)	 x15:0x00020000 x14:0x0000006f PA:0x00020000 store:0x0000006f load:0x00000000
          22614	     11303	001000bc	00254283	lbu	x5,2(x10)	 x10:0x0010135c  x5=0x00000063 PA:0x0010135e store:0x00137fe0
          22616	     11304	001000c0	04028863	beq	x5,x0,100110	  x5:0x00000063  x0:0x00000000
          22620	     11306	001000c4	0057a023	sw	x5,0(x15)	 x15:0x00020000  x5:0x00000063 PA:0x00020000 store:0x00000063 load:0x00000000
          22624	     11308	001000c8	00354303	lbu	x6,3(x10)	 x10:0x0010135c  x6=0x0000006b PA:0x0010135f store:0x00000000
          22626	     11309	001000cc	04030263	beq	x6,x0,100110	  x6:0x0000006b  x0:0x00000000
          22630	     11311	001000d0	0067a023	sw	x6,0(x15)	 x15:0x00020000  x6:0x0000006b PA:0x00020000 store:0x0000006b load:0x00000000
          22634	     11313	001000d4	00454383	lbu	x7,4(x10)	 x10:0x0010135c  x7=0x00000021 PA:0x00101360 store:0x00000000
          22636	     11314	001000d8	02038c63	beq	x7,x0,100110	  x7:0x00000021  x0:0x00000000
          22640	     11316	001000dc	0077a023	sw	x7,0(x15)	 x15:0x00020000  x7:0x00000021 PA:0x00020000 store:0x00000021 load:0x00000000
          22644	     11318	001000e0	00554583	lbu	x11,5(x10)	 x10:0x0010135c x11=0x0000000a PA:0x00101361 store:0x00000063
          22646	     11319	001000e4	02058663	beq	x11,x0,100110	 x11:0x0000000a  x0:0x00000000
          22650	     11321	001000e8	00b7a023	sw	x11,0(x15)	 x15:0x00020000 x11:0x0000000a PA:0x00020000 store:0x0000000a load:0x00000000
          22654	     11323	001000ec	00654603	lbu	x12,6(x10)	 x10:0x0010135c x12=0x00000000 PA:0x00101362 store:0x0000006b
          22658	     11325	001000f0	02060063	beq	x12,x0,100110	 x12:0x00000000  x0:0x00000000
          22662	     11327	00100110	00000513	addi	x10,x0,0	  x0:0x00000000 x10=0x00000000
          22666	     11329	00100114	00008067	jalr	x0,0(x1)	  x1:0x0010124c  x0=0x00000000
          22668	     11330	0010124c	10500073	wfi	
          26450	     13221	0010001c	6890006f	jal	x0,100ea4	  x0=0x00000000
          26454	     13223	00100ea4	e2dff06f	jal	x0,100cd0	  x0=0x00000000
          26456	     13224	00100cd0	fe010113	addi	x2,x2,-32	  x2:0x00137fe0  x2=0x00137fc0
          26460	     13226	00100cd4	00f12423	sw	x15,8(x2)	  x2:0x00137fc0 x15:0x00020000 PA:0x00137fc8 store:0x00020000 load:0x00000a21
          26462	     13227	00100cd8	001017b7	lui	x15,0x101	 x15=0x00101000
          26466	     13229	00100cdc	00b12c23	sw	x11,24(x2)	  x2:0x00137fc0 x11:0x0000000a PA:0x00137fd8 store:0x0000000a load:0x00000a21
          26470	     13231	00100ce0	01012223	sw	x16,4(x2)	  x2:0x00137fc0 x16:0x00000054 PA:0x00137fc4 store:0x00000054 load:0x00000a21
          26474	     13233	00100ce4	3687a583	lw	x11,872(x15)	 x15:0x00101000 x11=0x000007d0 PA:0x00101368 store:0x00000004
          26478	     13235	00100ce8	36c7a803	lw	x16,876(x15)	 x15:0x00101000 x16=0x00000000 PA:0x0010136c store:0x00000000
          26482	     13237	00100cec	00e12623	sw	x14,12(x2)	  x2:0x00137fc0 x14:0x0000006f PA:0x00137fcc store:0x0000006f load:0x00000000
          26484	     13238	00100cf0	00030737	lui	x14,0x30	 x14=0x00030000
          26488	     13240	00100cf4	00c12a23	sw	x12,20(x2)	  x2:0x00137fc0 x12:0x00000000 PA:0x00137fd4 store:0x00000000 load:0x00000000
          26492	     13242	00100cf8	01112023	sw	x17,0(x2)	  x2:0x00137fc0 x17:0x00030000 PA:0x00137fc0 store:0x00030000 load:0x00000000
          26496	     13244	00100cfc	00a12e23	sw	x10,28(x2)	  x2:0x00137fc0 x10:0x00000000 PA:0x00137fdc store:0x00000000 load:0x00000000
          26500	     13246	00100d00	00d12823	sw	x13,16(x2)	  x2:0x00137fc0 x13:0x00000bfe PA:0x00137fd0 store:0x00000bfe load:0x00000000
          26502	     13247	00100d04	00030637	lui	x12,0x30	 x12=0x00030000
          26504	     13248	00100d08	00470893	addi	x17,x14,4	 x14:0x00030000 x17=0x00030004
          26508	     13250	00100d0c	0008a783	lw	x15,0(x17)	 x17:0x00030004 x15=0x00000000 PA:0x00030004 store:0x00000000
          26512	     13252	00100d10	00062683	lw	x13,0(x12)	 x12:0x00030000 x13=0x000033c2 PA:0x00030000 store:0x00000000
          26516	     13254	00100d14	0008a503	lw	x10,0(x17)	 x17:0x00030004 x10=0x00000000 PA:0x00030004 store:0x00000000
          26520	     13256	00100d18	06a78a63	beq	x15,x10,100d8c	 x15:0x00000000 x10:0x00000000
          26524	     13258	00100d8c	00b688b3	add	x17,x13,x11	 x13:0x000033c2 x11:0x000007d0 x17=0x00003b92
          26526	     13259	00100d90	00030637	lui	x12,0x30	 x12=0x00030000
          26528	     13260	00100d94	00d8b6b3	sltu	x13,x17,x13	 x17:0x00003b92 x13:0x000033c2 x13=0x00000000
          26530	     13261	00100d98	01078833	add	x16,x15,x16	 x15:0x00000000 x16:0x00000000 x16=0x00000000
          26532	     13262	00100d9c	fff00513	addi	x10,x0,-1	  x0:0x00000000 x10=0xffffffff
          26536	     13264	00100da0	00a62423	sw	x10,8(x12)	 x12:0x00030000 x10:0xffffffff PA:0x00030008 store:0xffffffff load:0x0000339e
          26538	     13265	00100da4	010687b3	add	x15,x13,x16	 x13:0x00000000 x16:0x00000000 x15=0x00000000
          26540	     13266	00100da8	000305b7	lui	x11,0x30	 x11=0x00030000
          26544	     13268	00100dac	00f5a623	sw	x15,12(x11)	 x11:0x00030000 x15:0x00000000 PA:0x0003000c store:0x00000000 load:0x00000000
          26548	     13270	00100db0	01162423	sw	x17,8(x12)	 x12:0x00030000 x17:0x00003b92 PA:0x00030008 store:0x00003b92 load:0xffffffff
          26550	     13271	00100db4	001016b7	lui	x13,0x101	 x13=0x00101000
          26554	     13273	00100db8	3706a703	lw	x14,880(x13)	 x13:0x00101000 x14=0x00000004 PA:0x00101370 store:0x00000000
          26558	     13275	00100dbc	3746a883	lw	x17,884(x13)	 x13:0x00101000 x17=0x00000000 PA:0x00101374 store:0x00101000
          26562	     13277	00100dc0	01c12503	lw	x10,28(x2)	  x2:0x00137fc0 x10=0x00000000 PA:0x00137fdc store:0x00000004
          26564	     13278	00100dc4	00170593	addi	x11,x14,1	 x14:0x00000004 x11=0x00000005
          26566	     13279	00100dc8	00e5b633	sltu	x12,x11,x14	 x11:0x00000005 x14:0x00000004 x12=0x00000000
          26568	     13280	00100dcc	01160833	add	x16,x12,x17	 x12:0x00000000 x17:0x00000000 x16=0x00000000
          26572	     13282	00100dd0	36b6a823	sw	x11,880(x13)	 x13:0x00101000 x11:0x00000005 PA:0x00101370 store:0x00000005 load:0x00000000
          26576	     13284	00100dd4	3706aa23	sw	x16,884(x13)	 x13:0x00101000 x16:0x00000000 PA:0x00101374 store:0x00000000 load:0x00000000
          26580	     13286	00100dd8	01812583	lw	x11,24(x2)	  x2:0x00137fc0 x11=0x0000000a PA:0x00137fd8 store:0x00000000
          26584	     13288	00100ddc	01412603	lw	x12,20(x2)	  x2:0x00137fc0 x12=0x00000000 PA:0x00137fd4 store:0x00101000
          26588	     13290	00100de0	01012683	lw	x13,16(x2)	  x2:0x00137fc0 x13=0x00000bfe PA:0x00137fd0 store:0x00000000
          26592	     13292	00100de4	00c12703	lw	x14,12(x2)	  x2:0x00137fc0 x14=0x0000006f PA:0x00137fcc store:0x00000000
          26596	     13294	00100de8	00812783	lw	x15,8(x2)	  x2:0x00137fc0 x15=0x00020000 PA:0x00137fc8 store:0x00000004
          26600	     13296	00100dec	00412803	lw	x16,4(x2)	  x2:0x00137fc0 x16=0x00000054 PA:0x00137fc4 store:0x00000000
          26604	     13298	00100df0	00012883	lw	x17,0(x2)	  x2:0x00137fc0 x17=0x00030000 PA:0x00137fc0 store:0x00000000
          26606	     13299	00100df4	02010113	addi	x2,x2,32	  x2:0x00137fc0  x2=0x00137fe0
          26608	     13300	00100df8	30200073	mret	
          26614	     13303	00101250	02049a63	bne	x9,x0,101284	  x9:0x00000000  x0:0x00000000
          26616	     13304	00101254	028ae863	bltu	x21,x8,101284	 x21:0x00000004  x8:0x00000004
          26620	     13306	00101258	a69ff0ef	jal	x1,100cc0	  x1=0x0010125c
          26622	     13307	00100cc0	001017b7	lui	x15,0x101	 x15=0x00101000
          26626	     13309	00100cc4	3707a503	lw	x10,880(x15)	 x15:0x00101000 x10=0x00000005 PA:0x00101370 store:0x00000054
          26630	     13311	00100cc8	3747a583	lw	x11,884(x15)	 x15:0x00101000 x11=0x00000000 PA:0x00101374 store:0x00101000
          26634	     13313	00100ccc	00008067	jalr	x0,0(x1)	  x1:0x0010125c  x0=0x00000000
          26636	     13314	0010125c	00040913	addi	x18,x8,0	  x8:0x00000004 x18=0x00000004
          26638	     13315	00101260	00050413	addi	x8,x10,0	 x10:0x00000005  x8=0x00000005
          26640	     13316	00101264	00048993	addi	x19,x9,0	  x9:0x00000000 x19=0x00000000
          26642	     13317	00101268	00157e93	andi	x29,x10,1	 x10:0x00000005 x29=0x00000001
          26644	     13318	0010126c	00058493	addi	x9,x11,0	 x11:0x00000000  x9=0x00000000
          26646	     13319	00101270	354a0513	addi	x10,x20,852	 x20:0x00101000 x10=0x00101354
          26650	     13321	00101274	fd2416e3	bne	x8,x18,101240	  x8:0x00000005 x18:0x00000004
          26656	     13324	00101240	000e9463	bne	x29,x0,101248	 x29:0x00000001  x0:0x00000000
          26662	     13327	00101248	e59fe0ef	jal	x1,1000a0	  x1=0x0010124c
          26666	     13329	001000a0	00054803	lbu	x16,0(x10)	 x10:0x00101354 x16=0x00000054 PA:0x00101354 store:0x00000000
          26668	     13330	001000a4	06080663	beq	x16,x0,100110	 x16:0x00000054  x0:0x00000000
          26670	     13331	001000a8	000207b7	lui	x15,0x20	 x15=0x00020000
          26674	     13333	001000ac	0107a023	sw	x16,0(x15)	 x15:0x00020000 x16:0x00000054 PA:0x00020000 store:0x00000054 load:0x00000000
          26678	     13335	001000b0	00154703	lbu	x14,1(x10)	 x10:0x00101354 x14=0x00000069 PA:0x00101355 store:0x0010124c
          26680	     13336	001000b4	04070e63	beq	x14,x0,100110	 x14:0x00000069  x0:0x00000000
          26684	     13338	001000b8	00e7a023	sw	x14,0(x15)	 x15:0x00020000 x14:0x00000069 PA:0x00020000 store:0x00000069 load:0x00000000
          26688	     13340	001000bc	00254283	lbu	x5,2(x10)	 x10:0x00101354  x5=0x00000063 PA:0x00101356 store:0x00137fe0
          26690	     13341	001000c0	04028863	beq	x5,x0,100110	  x5:0x00000063  x0:0x00000000
          26694	     13343	001000c4	0057a023	sw	x5,0(x15)	 x15:0x00020000  x5:0x00000063 PA:0x00020000 store:0x00000063 load:0x00000000
          26698	     13345	001000c8	00354303	lbu	x6,3(x10)	 x10:0x00101354  x6=0x0000006b PA:0x00101357 store:0x00000000
          26700	     13346	001000cc	04030263	beq	x6,x0,100110	  x6:0x0000006b  x0:0x00000000
          26704	     13348	001000d0	0067a023	sw	x6,0(x15)	 x15:0x00020000  x6:0x0000006b PA:0x00020000 store:0x0000006b load:0x00000000
          26708	     13350	001000d4	00454383	lbu	x7,4(x10)	 x10:0x00101354  x7=0x00000021 PA:0x00101358 store:0x00000000
          26710	     13351	001000d8	02038c63	beq	x7,x0,100110	  x7:0x00000021  x0:0x00000000
          26714	     13353	001000dc	0077a023	sw	x7,0(x15)	 x15:0x00020000  x7:0x00000021 PA:0x00020000 store:0x00000021 load:0x00000000
          26718	     13355	001000e0	00554583	lbu	x11,5(x10)	 x10:0x00101354 x11=0x0000000a PA:0x00101359 store:0x00000063
          26720	     13356	001000e4	02058663	beq	x11,x0,100110	 x11:0x0000000a  x0:0x00000000
          26724	     13358	001000e8	00b7a023	sw	x11,0(x15)	 x15:0x00020000 x11:0x0000000a PA:0x00020000 store:0x0000000a load:0x00000000
          26728	     13360	001000ec	00654603	lbu	x12,6(x10)	 x10:0x00101354 x12=0x00000000 PA:0x0010135a store:0x0000006b
          26732	     13362	001000f0	02060063	beq	x12,x0,100110	 x12:0x00000000  x0:0x00000000
          26736	     13364	00100110	00000513	addi	x10,x0,0	  x0:0x00000000 x10=0x00000000
          26740	     13366	00100114	00008067	jalr	x0,0(x1)	  x1:0x0010124c  x0=0x00000000
          26742	     13367	0010124c	10500073	wfi	
          30522	     15257	0010001c	6890006f	jal	x0,100ea4	  x0=0x00000000
          30526	     15259	00100ea4	e2dff06f	jal	x0,100cd0	  x0=0x00000000
          30528	     15260	00100cd0	fe010113	addi	x2,x2,-32	  x2:0x00137fe0  x2=0x00137fc0
          30532	     15262	00100cd4	00f12423	sw	x15,8(x2)	  x2:0x00137fc0 x15:0x00020000 PA:0x00137fc8 store:0x00020000 load:0x00000a21
          30534	     15263	00100cd8	001017b7	lui	x15,0x101	 x15=0x00101000
          30538	     15265	00100cdc	00b12c23	sw	x11,24(x2)	  x2:0x00137fc0 x11:0x0000000a PA:0x00137fd8 store:0x0000000a load:0x00000a21
          30542	     15267	00100ce0	01012223	sw	x16,4(x2)	  x2:0x00137fc0 x16:0x00000054 PA:0x00137fc4 store:0x00000054 load:0x00000a21
          30546	     15269	00100ce4	3687a583	lw	x11,872(x15)	 x15:0x00101000 x11=0x000007d0 PA:0x00101368 store:0x00000005
          30550	     15271	00100ce8	36c7a803	lw	x16,876(x15)	 x15:0x00101000 x16=0x00000000 PA:0x0010136c store:0x00000000
          30554	     15273	00100cec	00e12623	sw	x14,12(x2)	  x2:0x00137fc0 x14:0x00000069 PA:0x00137fcc store:0x00000069 load:0x00000000
          30556	     15274	00100cf0	00030737	lui	x14,0x30	 x14=0x00030000
          30560	     15276	00100cf4	00c12a23	sw	x12,20(x2)	  x2:0x00137fc0 x12:0x00000000 PA:0x00137fd4 store:0x00000000 load:0x00000000
          30564	     15278	00100cf8	01112023	sw	x17,0(x2)	  x2:0x00137fc0 x17:0x00030000 PA:0x00137fc0 store:0x00030000 load:0x00000000
          30568	     15280	00100cfc	00a12e23	sw	x10,28(x2)	  x2:0x00137fc0 x10:0x00000000 PA:0x00137fdc store:0x00000000 load:0x00000000
          30572	     15282	00100d00	00d12823	sw	x13,16(x2)	  x2:0x00137fc0 x13:0x00000bfe PA:0x00137fd0 store:0x00000bfe load:0x00000000
          30574	     15283	00100d04	00030637	lui	x12,0x30	 x12=0x00030000
          30576	     15284	00100d08	00470893	addi	x17,x14,4	 x14:0x00030000 x17=0x00030004
          30580	     15286	00100d0c	0008a783	lw	x15,0(x17)	 x17:0x00030004 x15=0x00000000 PA:0x00030004 store:0x00000000
          30584	     15288	00100d10	00062683	lw	x13,0(x12)	 x12:0x00030000 x13=0x00003bb6 PA:0x00030000 store:0x00000000
          30588	     15290	00100d14	0008a503	lw	x10,0(x17)	 x17:0x00030004 x10=0x00000000 PA:0x00030004 store:0x00000000
          30592	     15292	00100d18	06a78a63	beq	x15,x10,100d8c	 x15:0x00000000 x10:0x00000000
          30596	     15294	00100d8c	00b688b3	add	x17,x13,x11	 x13:0x00003bb6 x11:0x000007d0 x17=0x00004386
          30598	     15295	00100d90	00030637	lui	x12,0x30	 x12=0x00030000
          30600	     15296	00100d94	00d8b6b3	sltu	x13,x17,x13	 x17:0x00004386 x13:0x00003bb6 x13=0x00000000
          30602	     15297	00100d98	01078833	add	x16,x15,x16	 x15:0x00000000 x16:0x00000000 x16=0x00000000
          30604	     15298	00100d9c	fff00513	addi	x10,x0,-1	  x0:0x00000000 x10=0xffffffff
          30608	     15300	00100da0	00a62423	sw	x10,8(x12)	 x12:0x00030000 x10:0xffffffff PA:0x00030008 store:0xffffffff load:0x00003b92
          30610	     15301	00100da4	010687b3	add	x15,x13,x16	 x13:0x00000000 x16:0x00000000 x15=0x00000000
          30612	     15302	00100da8	000305b7	lui	x11,0x30	 x11=0x00030000
          30616	     15304	00100dac	00f5a623	sw	x15,12(x11)	 x11:0x00030000 x15:0x00000000 PA:0x0003000c store:0x00000000 load:0x00000000
          30620	     15306	00100db0	01162423	sw	x17,8(x12)	 x12:0x00030000 x17:0x00004386 PA:0x00030008 store:0x00004386 load:0xffffffff
          30622	     15307	00100db4	001016b7	lui	x13,0x101	 x13=0x00101000
          30626	     15309	00100db8	3706a703	lw	x14,880(x13)	 x13:0x00101000 x14=0x00000005 PA:0x00101370 store:0x00000000
          30630	     15311	00100dbc	3746a883	lw	x17,884(x13)	 x13:0x00101000 x17=0x00000000 PA:0x00101374 store:0x00101000
          30634	     15313	00100dc0	01c12503	lw	x10,28(x2)	  x2:0x00137fc0 x10=0x00000000 PA:0x00137fdc store:0x00000004
          30636	     15314	00100dc4	00170593	addi	x11,x14,1	 x14:0x00000005 x11=0x00000006
          30638	     15315	00100dc8	00e5b633	sltu	x12,x11,x14	 x11:0x00000006 x14:0x00000005 x12=0x00000000
          30640	     15316	00100dcc	01160833	add	x16,x12,x17	 x12:0x00000000 x17:0x00000000 x16=0x00000000
          30644	     15318	00100dd0	36b6a823	sw	x11,880(x13)	 x13:0x00101000 x11:0x00000006 PA:0x00101370 store:0x00000006 load:0x00000000
          30648	     15320	00100dd4	3706aa23	sw	x16,884(x13)	 x13:0x00101000 x16:0x00000000 PA:0x00101374 store:0x00000000 load:0x00000000
          30652	     15322	00100dd8	01812583	lw	x11,24(x2)	  x2:0x00137fc0 x11=0x0000000a PA:0x00137fd8 store:0x00000000
          30656	     15324	00100ddc	01412603	lw	x12,20(x2)	  x2:0x00137fc0 x12=0x00000000 PA:0x00137fd4 store:0x00101000
          30660	     15326	00100de0	01012683	lw	x13,16(x2)	  x2:0x00137fc0 x13=0x00000bfe PA:0x00137fd0 store:0x00000000
          30664	     15328	00100de4	00c12703	lw	x14,12(x2)	  x2:0x00137fc0 x14=0x00000069 PA:0x00137fcc store:0x00000000
          30668	     15330	00100de8	00812783	lw	x15,8(x2)	  x2:0x00137fc0 x15=0x00020000 PA:0x00137fc8 store:0x00000005
          30672	     15332	00100dec	00412803	lw	x16,4(x2)	  x2:0x00137fc0 x16=0x00000054 PA:0x00137fc4 store:0x00000000
          30676	     15334	00100df0	00012883	lw	x17,0(x2)	  x2:0x00137fc0 x17=0x00030000 PA:0x00137fc0 store:0x00000000
          30678	     15335	00100df4	02010113	addi	x2,x2,32	  x2:0x00137fc0  x2=0x00137fe0
          30680	     15336	00100df8	30200073	mret	
          30686	     15339	00101250	02049a63	bne	x9,x0,101284	  x9:0x00000000  x0:0x00000000
          30690	     15341	00101254	028ae863	bltu	x21,x8,101284	 x21:0x00000004  x8:0x00000005
          30696	     15344	00101284	01c12083	lw	x1,28(x2)	  x2:0x00137fe0  x1=0x00100f58 PA:0x00137ffc store:0x00000004
          30700	     15346	00101288	01812403	lw	x8,24(x2)	  x2:0x00137fe0  x8=0x00000000 PA:0x00137ff8 store:0x00000000
          30704	     15348	0010128c	01412483	lw	x9,20(x2)	  x2:0x00137fe0  x9=0x00000000 PA:0x00137ff4 store:0x00101000
          30708	     15350	00101290	01012903	lw	x18,16(x2)	  x2:0x00137fe0 x18=0x00000000 PA:0x00137ff0 store:0x00000054
          30712	     15352	00101294	00c12983	lw	x19,12(x2)	  x2:0x00137fe0 x19=0x00000000 PA:0x00137fec store:0x00000000
          30716	     15354	00101298	00812a03	lw	x20,8(x2)	  x2:0x00137fe0 x20=0x00000000 PA:0x00137fe8 store:0x00000000
          30720	     15356	0010129c	00412a83	lw	x21,4(x2)	  x2:0x00137fe0 x21=0x00000000 PA:0x00137fe4 store:0x00000000
          30724	     15358	001012a0	00012b03	lw	x22,0(x2)	  x2:0x00137fe0 x22=0x00000000 PA:0x00137fe0 store:0x00000000
          30726	     15359	001012a4	00000513	addi	x10,x0,0	  x0:0x00000000 x10=0x00000000
          30728	     15360	001012a8	02010113	addi	x2,x2,32	  x2:0x00137fe0  x2=0x00138000
          30732	     15362	001012ac	00008067	jalr	x0,0(x1)	  x1:0x00100f58  x0=0x00000000
          30734	     15363	00100f58	000202b7	lui	x5,0x20	  x5=0x00020000
          30736	     15364	00100f5c	00828293	addi	x5,x5,8	  x5:0x00020000  x5=0x00020008
          30738	     15365	00100f60	00100313	addi	x6,x0,1	  x0:0x00000000  x6=0x00000001
          30742	     15367	00100f64	0062a023	sw	x6,0(x5)	  x5:0x00020008  x6:0x00000001 PA:0x00020008 store:0x00000001 load:0x00000000
