Time	Cycle	PC	Insn	Decoded instruction	Register and memory contents
             20	         6	00100080	6290006f	jal	x0,100ea8	  x0=0x00000000
             22	         7	00100ea8	00000093	addi	x1,x0,0	  x0:0x00000000  x1=0x00000000
             24	         8	00100eac	00008113	addi	x2,x1,0	  x1:0x00000000  x2=0x00000000
             26	         9	00100eb0	00008193	addi	x3,x1,0	  x1:0x00000000  x3=0x00000000
             28	        10	00100eb4	00008213	addi	x4,x1,0	  x1:0x00000000  x4=0x00000000
             30	        11	00100eb8	00008293	addi	x5,x1,0	  x1:0x00000000  x5=0x00000000
             32	        12	00100ebc	00008313	addi	x6,x1,0	  x1:0x00000000  x6=0x00000000
             34	        13	00100ec0	00008393	addi	x7,x1,0	  x1:0x00000000  x7=0x00000000
             36	        14	00100ec4	00008413	addi	x8,x1,0	  x1:0x00000000  x8=0x00000000
             38	        15	00100ec8	00008493	addi	x9,x1,0	  x1:0x00000000  x9=0x00000000
             40	        16	00100ecc	00008513	addi	x10,x1,0	  x1:0x00000000 x10=0x00000000
             42	        17	00100ed0	00008593	addi	x11,x1,0	  x1:0x00000000 x11=0x00000000
             44	        18	00100ed4	00008613	addi	x12,x1,0	  x1:0x00000000 x12=0x00000000
             46	        19	00100ed8	00008693	addi	x13,x1,0	  x1:0x00000000 x13=0x00000000
             48	        20	00100edc	00008713	addi	x14,x1,0	  x1:0x00000000 x14=0x00000000
             50	        21	00100ee0	00008793	addi	x15,x1,0	  x1:0x00000000 x15=0x00000000
             52	        22	00100ee4	00008813	addi	x16,x1,0	  x1:0x00000000 x16=0x00000000
             54	        23	00100ee8	00008893	addi	x17,x1,0	  x1:0x00000000 x17=0x00000000
             56	        24	00100eec	00008913	addi	x18,x1,0	  x1:0x00000000 x18=0x00000000
             58	        25	00100ef0	00008993	addi	x19,x1,0	  x1:0x00000000 x19=0x00000000
             60	        26	00100ef4	00008a13	addi	x20,x1,0	  x1:0x00000000 x20=0x00000000
             62	        27	00100ef8	00008a93	addi	x21,x1,0	  x1:0x00000000 x21=0x00000000
             64	        28	00100efc	00008b13	addi	x22,x1,0	  x1:0x00000000 x22=0x00000000
             66	        29	00100f00	00008b93	addi	x23,x1,0	  x1:0x00000000 x23=0x00000000
             68	        30	00100f04	00008c13	addi	x24,x1,0	  x1:0x00000000 x24=0x00000000
             70	        31	00100f08	00008c93	addi	x25,x1,0	  x1:0x00000000 x25=0x00000000
             72	        32	00100f0c	00008d13	addi	x26,x1,0	  x1:0x00000000 x26=0x00000000
             74	        33	00100f10	00008d93	addi	x27,x1,0	  x1:0x00000000 x27=0x00000000
             76	        34	00100f14	00008e13	addi	x28,x1,0	  x1:0x00000000 x28=0x00000000
             78	        35	00100f18	00008e93	addi	x29,x1,0	  x1:0x00000000 x29=0x00000000
             80	        36	00100f1c	00008f13	addi	x30,x1,0	  x1:0x00000000 x30=0x00000000
             82	        37	00100f20	00008f93	addi	x31,x1,0	  x1:0x00000000 x31=0x00000000
             84	        38	00100f24	00037117	auipc	x2,0x37	  x2=0x00137f24
             86	        39	00100f28	0dc10113	addi	x2,x2,220	  x2:0x00137f24  x2=0x00138000
             88	        40	00100f2c	00000d17	auipc	x26,0x0	 x26=0x00100f2c
             90	        41	00100f30	43cd0d13	addi	x26,x26,1084	 x26:0x00100f2c x26=0x00101368
             92	        42	00100f34	00000d97	auipc	x27,0x0	 x27=0x00100f34
             94	        43	00100f38	490d8d93	addi	x27,x27,1168	 x27:0x00100f34 x27=0x001013c4
             96	        44	00100f3c	01bd5863	bge	x26,x27,100f4c	 x26:0x00101368 x27:0x001013c4
            100	        46	00100f40	000d2023	sw	x0,0(x26)	 x26:0x00101368  x0:0x00000000 PA:0x00101368 store:0x00000000 load:0x00000000
            102	        47	00100f44	004d0d13	addi	x26,x26,4	 x26:0x00101368 x26=0x0010136c
            106	        49	00100f48	ffaddce3	bge	x27,x26,100f40	 x27:0x001013c4 x26:0x0010136c
            112	        52	00100f40	000d2023	sw	x0,0(x26)	 x26:0x0010136c  x0:0x00000000 PA:0x0010136c store:0x00000000 load:0x00000000
            114	        53	00100f44	004d0d13	addi	x26,x26,4	 x26:0x0010136c x26=0x00101370
            118	        55	00100f48	ffaddce3	bge	x27,x26,100f40	 x27:0x001013c4 x26:0x00101370
            124	        58	00100f40	000d2023	sw	x0,0(x26)	 x26:0x00101370  x0:0x00000000 PA:0x00101370 store:0x00000000 load:0x00000000
            126	        59	00100f44	004d0d13	addi	x26,x26,4	 x26:0x00101370 x26=0x00101374
            130	        61	00100f48	ffaddce3	bge	x27,x26,100f40	 x27:0x001013c4 x26:0x00101374
            136	        64	00100f40	000d2023	sw	x0,0(x26)	 x26:0x00101374  x0:0x00000000 PA:0x00101374 store:0x00000000 load:0x00000000
            138	        65	00100f44	004d0d13	addi	x26,x26,4	 x26:0x00101374 x26=0x00101378
            142	        67	00100f48	ffaddce3	bge	x27,x26,100f40	 x27:0x001013c4 x26:0x00101378
            148	        70	00100f40	000d2023	sw	x0,0(x26)	 x26:0x00101378  x0:0x00000000 PA:0x00101378 store:0x00000000 load:0x00000000
            150	        71	00100f44	004d0d13	addi	x26,x26,4	 x26:0x00101378 x26=0x0010137c
            154	        73	00100f48	ffaddce3	bge	x27,x26,100f40	 x27:0x001013c4 x26:0x0010137c
            160	        76	00100f40	000d2023	sw	x0,0(x26)	 x26:0x0010137c  x0:0x00000000 PA:0x0010137c store:0x00000000 load:0x00000000
            162	        77	00100f44	004d0d13	addi	x26,x26,4	 x26:0x0010137c x26=0x00101380
            166	        79	00100f48	ffaddce3	bge	x27,x26,100f40	 x27:0x001013c4 x26:0x00101380
            172	        82	00100f40	000d2023	sw	x0,0(x26)	 x26:0x00101380  x0:0x00000000 PA:0x00101380 store:0x00000000 load:0x00000000
            174	        83	00100f44	004d0d13	addi	x26,x26,4	 x26:0x00101380 x26=0x00101384
            178	        85	00100f48	ffaddce3	bge	x27,x26,100f40	 x27:0x001013c4 x26:0x00101384
            184	        88	00100f40	000d2023	sw	x0,0(x26)	 x26:0x00101384  x0:0x00000000 PA:0x00101384 store:0x00000000 load:0x00000000
            186	        89	00100f44	004d0d13	addi	x26,x26,4	 x26:0x00101384 x26=0x00101388
            190	        91	00100f48	ffaddce3	bge	x27,x26,100f40	 x27:0x001013c4 x26:0x00101388
            196	        94	00100f40	000d2023	sw	x0,0(x26)	 x26:0x00101388  x0:0x00000000 PA:0x00101388 store:0x00000000 load:0x00000000
            198	        95	00100f44	004d0d13	addi	x26,x26,4	 x26:0x00101388 x26=0x0010138c
            202	        97	00100f48	ffaddce3	bge	x27,x26,100f40	 x27:0x001013c4 x26:0x0010138c
            208	       100	00100f40	000d2023	sw	x0,0(x26)	 x26:0x0010138c  x0:0x00000000 PA:0x0010138c store:0x00000000 load:0x00000000
            210	       101	00100f44	004d0d13	addi	x26,x26,4	 x26:0x0010138c x26=0x00101390
            214	       103	00100f48	ffaddce3	bge	x27,x26,100f40	 x27:0x001013c4 x26:0x00101390
            220	       106	00100f40	000d2023	sw	x0,0(x26)	 x26:0x00101390  x0:0x00000000 PA:0x00101390 store:0x00000000 load:0x00000000
            222	       107	00100f44	004d0d13	addi	x26,x26,4	 x26:0x00101390 x26=0x00101394
            226	       109	00100f48	ffaddce3	bge	x27,x26,100f40	 x27:0x001013c4 x26:0x00101394
            232	       112	00100f40	000d2023	sw	x0,0(x26)	 x26:0x00101394  x0:0x00000000 PA:0x00101394 store:0x00000000 load:0x00000000
            234	       113	00100f44	004d0d13	addi	x26,x26,4	 x26:0x00101394 x26=0x00101398
            238	       115	00100f48	ffaddce3	bge	x27,x26,100f40	 x27:0x001013c4 x26:0x00101398
            244	       118	00100f40	000d2023	sw	x0,0(x26)	 x26:0x00101398  x0:0x00000000 PA:0x00101398 store:0x00000000 load:0x00000000
            246	       119	00100f44	004d0d13	addi	x26,x26,4	 x26:0x00101398 x26=0x0010139c
            250	       121	00100f48	ffaddce3	bge	x27,x26,100f40	 x27:0x001013c4 x26:0x0010139c
            256	       124	00100f40	000d2023	sw	x0,0(x26)	 x26:0x0010139c  x0:0x00000000 PA:0x0010139c store:0x00000000 load:0x00000000
            258	       125	00100f44	004d0d13	addi	x26,x26,4	 x26:0x0010139c x26=0x001013a0
            262	       127	00100f48	ffaddce3	bge	x27,x26,100f40	 x27:0x001013c4 x26:0x001013a0
            268	       130	00100f40	000d2023	sw	x0,0(x26)	 x26:0x001013a0  x0:0x00000000 PA:0x001013a0 store:0x00000000 load:0x00000000
            270	       131	00100f44	004d0d13	addi	x26,x26,4	 x26:0x001013a0 x26=0x001013a4
            274	       133	00100f48	ffaddce3	bge	x27,x26,100f40	 x27:0x001013c4 x26:0x001013a4
            280	       136	00100f40	000d2023	sw	x0,0(x26)	 x26:0x001013a4  x0:0x00000000 PA:0x001013a4 store:0x00000000 load:0x00000000
            282	       137	00100f44	004d0d13	addi	x26,x26,4	 x26:0x001013a4 x26=0x001013a8
            286	       139	00100f48	ffaddce3	bge	x27,x26,100f40	 x27:0x001013c4 x26:0x001013a8
            292	       142	00100f40	000d2023	sw	x0,0(x26)	 x26:0x001013a8  x0:0x00000000 PA:0x001013a8 store:0x00000000 load:0x00000000
            294	       143	00100f44	004d0d13	addi	x26,x26,4	 x26:0x001013a8 x26=0x001013ac
            298	       145	00100f48	ffaddce3	bge	x27,x26,100f40	 x27:0x001013c4 x26:0x001013ac
            304	       148	00100f40	000d2023	sw	x0,0(x26)	 x26:0x001013ac  x0:0x00000000 PA:0x001013ac store:0x00000000 load:0x00000000
            306	       149	00100f44	004d0d13	addi	x26,x26,4	 x26:0x001013ac x26=0x001013b0
            310	       151	00100f48	ffaddce3	bge	x27,x26,100f40	 x27:0x001013c4 x26:0x001013b0
            316	       154	00100f40	000d2023	sw	x0,0(x26)	 x26:0x001013b0  x0:0x00000000 PA:0x001013b0 store:0x00000000 load:0x00000000
            318	       155	00100f44	004d0d13	addi	x26,x26,4	 x26:0x001013b0 x26=0x001013b4
            322	       157	00100f48	ffaddce3	bge	x27,x26,100f40	 x27:0x001013c4 x26:0x001013b4
            328	       160	00100f40	000d2023	sw	x0,0(x26)	 x26:0x001013b4  x0:0x00000000 PA:0x001013b4 store:0x00000000 load:0x00000000
            330	       161	00100f44	004d0d13	addi	x26,x26,4	 x26:0x001013b4 x26=0x001013b8
            334	       163	00100f48	ffaddce3	bge	x27,x26,100f40	 x27:0x001013c4 x26:0x001013b8
            340	       166	00100f40	000d2023	sw	x0,0(x26)	 x26:0x001013b8  x0:0x00000000 PA:0x001013b8 store:0x00000000 load:0x00000000
            342	       167	00100f44	004d0d13	addi	x26,x26,4	 x26:0x001013b8 x26=0x001013bc
            346	       169	00100f48	ffaddce3	bge	x27,x26,100f40	 x27:0x001013c4 x26:0x001013bc
            352	       172	00100f40	000d2023	sw	x0,0(x26)	 x26:0x001013bc  x0:0x00000000 PA:0x001013bc store:0x00000000 load:0x00000000
            354	       173	00100f44	004d0d13	addi	x26,x26,4	 x26:0x001013bc x26=0x001013c0
            358	       175	00100f48	ffaddce3	bge	x27,x26,100f40	 x27:0x001013c4 x26:0x001013c0
            364	       178	00100f40	000d2023	sw	x0,0(x26)	 x26:0x001013c0  x0:0x00000000 PA:0x001013c0 store:0x00000000 load:0x00000000
            366	       179	00100f44	004d0d13	addi	x26,x26,4	 x26:0x001013c0 x26=0x001013c4
            370	       181	00100f48	ffaddce3	bge	x27,x26,100f40	 x27:0x001013c4 x26:0x001013c4
            376	       184	00100f40	000d2023	sw	x0,0(x26)	 x26:0x001013c4  x0:0x00000000 PA:0x001013c4 store:0x00000000 load:0x00000000
            378	       185	00100f44	004d0d13	addi	x26,x26,4	 x26:0x001013c4 x26=0x001013c8
            380	       186	00100f48	ffaddce3	bge	x27,x26,100f40	 x27:0x001013c4 x26:0x001013c8
            382	       187	00100f4c	00000513	addi	x10,x0,0	  x0:0x00000000 x10=0x00000000
            384	       188	00100f50	00000593	addi	x11,x0,0	  x0:0x00000000 x11=0x00000000
            388	       190	00100f54	01c000ef	jal	x1,100f70	  x1=0x00100f58
            390	       191	00100f70	fe010113	addi	x2,x2,-32	  x2:0x00138000  x2=0x00137fe0
            392	       192	00100f74	00000513	addi	x10,x0,0	  x0:0x00000000 x10=0x00000000
            396	       194	00100f78	00112e23	sw	x1,28(x2)	  x2:0x00137fe0  x1:0x00100f58 PA:0x00137ffc store:0x00100f58 load:0x00000000
            400	       196	00100f7c	00812c23	sw	x8,24(x2)	  x2:0x00137fe0  x8:0x00000000 PA:0x00137ff8 store:0x00000000 load:0x00000000
            404	       198	00100f80	00912a23	sw	x9,20(x2)	  x2:0x00137fe0  x9:0x00000000 PA:0x00137ff4 store:0x00000000 load:0x00000000
            408	       200	00100f84	01212823	sw	x18,16(x2)	  x2:0x00137fe0 x18:0x00000000 PA:0x00137ff0 store:0x00000000 load:0x00000000
            412	       202	00100f88	01312623	sw	x19,12(x2)	  x2:0x00137fe0 x19:0x00000000 PA:0x00137fec store:0x00000000 load:0x00000000
            416	       204	00100f8c	01412423	sw	x20,8(x2)	  x2:0x00137fe0 x20:0x00000000 PA:0x00137fe8 store:0x00000000 load:0x00000000
            420	       206	00100f90	01512223	sw	x21,4(x2)	  x2:0x00137fe0 x21:0x00000000 PA:0x00137fe4 store:0x00000000 load:0x00000000
            424	       208	00100f94	01612023	sw	x22,0(x2)	  x2:0x00137fe0 x22:0x00000000 PA:0x00137fe0 store:0x00000000 load:0x00000000
            428	       210	00100f98	cc8ff0ef	jal	x1,100460	  x1=0x00100f9c
            430	       211	00100460	00153513	sltiu	x10,x10,1	 x10:0x00000000 x10=0x00000001
            432	       212	00100464	40a002b3	sub	x5,x0,x10	  x0:0x00000000 x10:0x00000001  x5=0xffffffff
            434	       213	00100468	32029073	csrrw	x0,mcountinhibit,x5	  x5:0xffffffff  x0=0x00000000
            438	       215	0010046c	00008067	jalr	x0,0(x1)	  x1:0x00100f9c  x0=0x00000000
            442	       217	00100f9c	bc4ff0ef	jal	x1,100360	  x1=0x00100fa0
            444	       218	00100360	b0201073	csrrw	x0,minstret,x0	  x0:0x00000000  x0=0x00000000
            446	       219	00100364	b0001073	csrrw	x0,mcycle,x0	  x0:0x00000000  x0=0x00000000
            448	       220	00100368	b0301073	csrrw	x0,mhpmcounter3,x0	  x0:0x00000000  x0=0x00000000
            450	       221	0010036c	b0401073	csrrw	x0,mhpmcounter4,x0	  x0:0x00000000  x0=0x00000000
            452	       222	00100370	b0501073	csrrw	x0,mhpmcounter5,x0	  x0:0x00000000  x0=0x00000000
            454	       223	00100374	b0601073	csrrw	x0,mhpmcounter6,x0	  x0:0x00000000  x0=0x00000000
            456	       224	00100378	b0701073	csrrw	x0,mhpmcounter7,x0	  x0:0x00000000  x0=0x00000000
            458	       225	0010037c	b0801073	csrrw	x0,mhpmcounter8,x0	  x0:0x00000000  x0=0x00000000
            460	       226	00100380	b0901073	csrrw	x0,mhpmcounter9,x0	  x0:0x00000000  x0=0x00000000
            462	       227	00100384	b0a01073	csrrw	x0,mhpmcounter10,x0	  x0:0x00000000  x0=0x00000000
            464	       228	00100388	b0b01073	csrrw	x0,mhpmcounter11,x0	  x0:0x00000000  x0=0x00000000
            466	       229	0010038c	b0c01073	csrrw	x0,mhpmcounter12,x0	  x0:0x00000000  x0=0x00000000
            468	       230	00100390	b0d01073	csrrw	x0,mhpmcounter13,x0	  x0:0x00000000  x0=0x00000000
            470	       231	00100394	b0e01073	csrrw	x0,mhpmcounter14,x0	  x0:0x00000000  x0=0x00000000
            472	       232	00100398	b0f01073	csrrw	x0,mhpmcounter15,x0	  x0:0x00000000  x0=0x00000000
            474	       233	0010039c	b1001073	csrrw	x0,mhpmcounter16,x0	  x0:0x00000000  x0=0x00000000
            476	       234	001003a0	b1101073	csrrw	x0,mhpmcounter17,x0	  x0:0x00000000  x0=0x00000000
            478	       235	001003a4	b1201073	csrrw	x0,mhpmcounter18,x0	  x0:0x00000000  x0=0x00000000
            480	       236	001003a8	b1301073	csrrw	x0,mhpmcounter19,x0	  x0:0x00000000  x0=0x00000000
            482	       237	001003ac	b1401073	csrrw	x0,mhpmcounter20,x0	  x0:0x00000000  x0=0x00000000
            484	       238	001003b0	b1501073	csrrw	x0,mhpmcounter21,x0	  x0:0x00000000  x0=0x00000000
            486	       239	001003b4	b1601073	csrrw	x0,mhpmcounter22,x0	  x0:0x00000000  x0=0x00000000
            488	       240	001003b8	b1701073	csrrw	x0,mhpmcounter23,x0	  x0:0x00000000  x0=0x00000000
            490	       241	001003bc	b1801073	csrrw	x0,mhpmcounter24,x0	  x0:0x00000000  x0=0x00000000
            492	       242	001003c0	b1901073	csrrw	x0,mhpmcounter25,x0	  x0:0x00000000  x0=0x00000000
            494	       243	001003c4	b1a01073	csrrw	x0,mhpmcounter26,x0	  x0:0x00000000  x0=0x00000000
            496	       244	001003c8	b1b01073	csrrw	x0,mhpmcounter27,x0	  x0:0x00000000  x0=0x00000000
            498	       245	001003cc	b1c01073	csrrw	x0,mhpmcounter28,x0	  x0:0x00000000  x0=0x00000000
            500	       246	001003d0	b1d01073	csrrw	x0,mhpmcounter29,x0	  x0:0x00000000  x0=0x00000000
            502	       247	001003d4	b1e01073	csrrw	x0,mhpmcounter30,x0	  x0:0x00000000  x0=0x00000000
            504	       248	001003d8	b1f01073	csrrw	x0,mhpmcounter31,x0	  x0:0x00000000  x0=0x00000000
            506	       249	001003dc	b8201073	csrrw	x0,minstreth,x0	  x0:0x00000000  x0=0x00000000
            508	       250	001003e0	b8001073	csrrw	x0,mcycleh,x0	  x0:0x00000000  x0=0x00000000
            510	       251	001003e4	b8301073	csrrw	x0,mhpmcounter3h,x0	  x0:0x00000000  x0=0x00000000
            512	       252	001003e8	b8401073	csrrw	x0,mhpmcounter4h,x0	  x0:0x00000000  x0=0x00000000
            514	       253	001003ec	b8501073	csrrw	x0,mhpmcounter5h,x0	  x0:0x00000000  x0=0x00000000
            516	       254	001003f0	b8601073	csrrw	x0,mhpmcounter6h,x0	  x0:0x00000000  x0=0x00000000
            518	       255	001003f4	b8701073	csrrw	x0,mhpmcounter7h,x0	  x0:0x00000000  x0=0x00000000
            520	       256	001003f8	b8801073	csrrw	x0,mhpmcounter8h,x0	  x0:0x00000000  x0=0x00000000
            522	       257	001003fc	b8901073	csrrw	x0,mhpmcounter9h,x0	  x0:0x00000000  x0=0x00000000
            524	       258	00100400	b8a01073	csrrw	x0,mhpmcounter10h,x0	  x0:0x00000000  x0=0x00000000
            526	       259	00100404	b8b01073	csrrw	x0,mhpmcounter11h,x0	  x0:0x00000000  x0=0x00000000
            528	       260	00100408	b8c01073	csrrw	x0,mhpmcounter12h,x0	  x0:0x00000000  x0=0x00000000
            530	       261	0010040c	b8d01073	csrrw	x0,mhpmcounter13h,x0	  x0:0x00000000  x0=0x00000000
            532	       262	00100410	b8e01073	csrrw	x0,mhpmcounter14h,x0	  x0:0x00000000  x0=0x00000000
            534	       263	00100414	b8f01073	csrrw	x0,mhpmcounter15h,x0	  x0:0x00000000  x0=0x00000000
            536	       264	00100418	b9001073	csrrw	x0,mhpmcounter16h,x0	  x0:0x00000000  x0=0x00000000
            538	       265	0010041c	b9101073	csrrw	x0,mhpmcounter17h,x0	  x0:0x00000000  x0=0x00000000
            540	       266	00100420	b9201073	csrrw	x0,mhpmcounter18h,x0	  x0:0x00000000  x0=0x00000000
            542	       267	00100424	b9301073	csrrw	x0,mhpmcounter19h,x0	  x0:0x00000000  x0=0x00000000
            544	       268	00100428	b9401073	csrrw	x0,mhpmcounter20h,x0	  x0:0x00000000  x0=0x00000000
            546	       269	0010042c	b9501073	csrrw	x0,mhpmcounter21h,x0	  x0:0x00000000  x0=0x00000000
            548	       270	00100430	b9601073	csrrw	x0,mhpmcounter22h,x0	  x0:0x00000000  x0=0x00000000
            550	       271	00100434	b9701073	csrrw	x0,mhpmcounter23h,x0	  x0:0x00000000  x0=0x00000000
            552	       272	00100438	b9801073	csrrw	x0,mhpmcounter24h,x0	  x0:0x00000000  x0=0x00000000
            554	       273	0010043c	b9901073	csrrw	x0,mhpmcounter25h,x0	  x0:0x00000000  x0=0x00000000
            556	       274	00100440	b9a01073	csrrw	x0,mhpmcounter26h,x0	  x0:0x00000000  x0=0x00000000
            558	       275	00100444	b9b01073	csrrw	x0,mhpmcounter27h,x0	  x0:0x00000000  x0=0x00000000
            560	       276	00100448	b9c01073	csrrw	x0,mhpmcounter28h,x0	  x0:0x00000000  x0=0x00000000
            562	       277	0010044c	b9d01073	csrrw	x0,mhpmcounter29h,x0	  x0:0x00000000  x0=0x00000000
            564	       278	00100450	b9e01073	csrrw	x0,mhpmcounter30h,x0	  x0:0x00000000  x0=0x00000000
            566	       279	00100454	b9f01073	csrrw	x0,mhpmcounter31h,x0	  x0:0x00000000  x0=0x00000000
            570	       281	00100458	00008067	jalr	x0,0(x1)	  x1:0x00100fa0  x0=0x00000000
            572	       282	00100fa0	00100513	addi	x10,x0,1	  x0:0x00000000 x10=0x00000001
            576	       284	00100fa4	cbcff0ef	jal	x1,100460	  x1=0x00100fa8
            578	       285	00100460	00153513	sltiu	x10,x10,1	 x10:0x00000001 x10=0x00000000
            580	       286	00100464	40a002b3	sub	x5,x0,x10	  x0:0x00000000 x10:0x00000000  x5=0x00000000
            582	       287	00100468	32029073	csrrw	x0,mcountinhibit,x5	  x5:0x00000000  x0=0x00000000
            586	       289	0010046c	00008067	jalr	x0,0(x1)	  x1:0x00100fa8  x0=0x00000000
            588	       290	00100fa8	00101637	lui	x12,0x101	 x12=0x00101000
            592	       292	00100fac	2c062283	lw	x5,704(x12)	 x12:0x00101000  x5=0x42f67c6a PA:0x001012c0 store:0x00000000
            594	       293	00100fb0	001016b7	lui	x13,0x101	 x13=0x00101000
            598	       295	00100fb4	2c46a303	lw	x6,708(x13)	 x13:0x00101000  x6=0x43edefdf PA:0x001012c4 store:0x00000000
            600	       296	00100fb8	00101737	lui	x14,0x101	 x14=0x00101000
            604	       298	00100fbc	2c872383	lw	x7,712(x14)	 x14:0x00101000  x7=0x3f7d1f60 PA:0x001012c8 store:0x00000000
            606	       299	00100fc0	001017b7	lui	x15,0x101	 x15=0x00101000
            610	       301	00100fc4	3a57a023	sw	x5,928(x15)	 x15:0x00101000  x5:0x42f67c6a PA:0x001013a0 store:0x42f67c6a load:0x3f7d1f60
            612	       302	00100fc8	001019b7	lui	x19,0x101	 x19=0x00101000
            616	       304	00100fcc	3869ae23	sw	x6,924(x19)	 x19:0x00101000  x6:0x43edefdf PA:0x0010139c store:0x43edefdf load:0x3f7d1f60
            618	       305	00100fd0	001014b7	lui	x9,0x101	  x9=0x00101000
            622	       307	00100fd4	3874aa23	sw	x7,916(x9)	  x9:0x00101000  x7:0x3f7d1f60 PA:0x00101394 store:0x3f7d1f60 load:0x3f7d1f60
            626	       309	00100fd8	3a07a503	lw	x10,928(x15)	 x15:0x00101000 x10=0x42f67c6a PA:0x001013a0 store:0x00000000
            630	       311	00100fdc	39c9a583	lw	x11,924(x19)	 x19:0x00101000 x11=0x43edefdf PA:0x0010139c store:0x00000000
            632	       312	00100fe0	001018b7	lui	x17,0x101	 x17=0x00101000
            640	       316	00100fe4	00101437	lui	x8,0x101	  x8=0x00101000
            642	       317	00100fe8	00b57853	fadd.s	f16,f10,f11	 f10:0x42f67c6a f11:0x43edefdf f16=0x4415c77d
            644	       318	00100fec	31488513	addi	x10,x17,788	 x17:0x00101000 x10=0x00101314
            646	       319	00100ff0	00101937	lui	x18,0x101	 x18=0x00101000
            648	       320	00100ff4	39042c23	sw	x16,920(x8)	  x8:0x00101000 x16:0x4415c77d PA:0x00101398 store:0x4415c77d load:0x43edefdf
            650	       321	00100ff8	8a8ff0ef	jal	x1,1000a0	  x1=0x00100ffc
            654	       323	001000a0	00054803	lbu	x16,0(x10)	 x10:0x00101314 x16=0x00000052 PA:0x00101314 store:0x00000000
            656	       324	001000a4	06080663	beq	x16,x0,100110	 x16:0x00000052  x0:0x00000000
            658	       325	001000a8	000207b7	lui	x15,0x20	 x15=0x00020000
            662	       327	001000ac	0107a023	sw	x16,0(x15)	 x15:0x00020000 x16:0x00000052 PA:0x00020000 store:0x00000052 load:0x00000000
            666	       329	001000b0	00154703	lbu	x14,1(x10)	 x10:0x00101314 x14=0x00000065 PA:0x00101315 store:0x00100ffc
            668	       330	001000b4	04070e63	beq	x14,x0,100110	 x14:0x00000065  x0:0x00000000
            672	       332	001000b8	00e7a023	sw	x14,0(x15)	 x15:0x00020000 x14:0x00000065 PA:0x00020000 store:0x00000065 load:0x00000000
            676	       334	001000bc	00254283	lbu	x5,2(x10)	 x10:0x00101314  x5=0x00000073 PA:0x00101316 store:0x00137fe0
            678	       335	001000c0	04028863	beq	x5,x0,100110	  x5:0x00000073  x0:0x00000000
            682	       337	001000c4	0057a023	sw	x5,0(x15)	 x15:0x00020000  x5:0x00000073 PA:0x00020000 store:0x00000073 load:0x00000000
            686	       339	001000c8	00354303	lbu	x6,3(x10)	 x10:0x00101314  x6=0x00000075 PA:0x00101317 store:0x00000000
            688	       340	001000cc	04030263	beq	x6,x0,100110	  x6:0x00000075  x0:0x00000000
            692	       342	001000d0	0067a023	sw	x6,0(x15)	 x15:0x00020000  x6:0x00000075 PA:0x00020000 store:0x00000075 load:0x00000000
            696	       344	001000d4	00454383	lbu	x7,4(x10)	 x10:0x00101314  x7=0x0000006c PA:0x00101318 store:0x00000000
            698	       345	001000d8	02038c63	beq	x7,x0,100110	  x7:0x0000006c  x0:0x00000000
            702	       347	001000dc	0077a023	sw	x7,0(x15)	 x15:0x00020000  x7:0x0000006c PA:0x00020000 store:0x0000006c load:0x00000000
            706	       349	001000e0	00554583	lbu	x11,5(x10)	 x10:0x00101314 x11=0x00000074 PA:0x00101319 store:0x00000073
            708	       350	001000e4	02058663	beq	x11,x0,100110	 x11:0x00000074  x0:0x00000000
            712	       352	001000e8	00b7a023	sw	x11,0(x15)	 x15:0x00020000 x11:0x00000074 PA:0x00020000 store:0x00000074 load:0x00000000
            716	       354	001000ec	00654603	lbu	x12,6(x10)	 x10:0x00101314 x12=0x00000031 PA:0x0010131a store:0x00000075
            718	       355	001000f0	02060063	beq	x12,x0,100110	 x12:0x00000031  x0:0x00000000
            722	       357	001000f4	00c7a023	sw	x12,0(x15)	 x15:0x00020000 x12:0x00000031 PA:0x00020000 store:0x00000031 load:0x00000000
            726	       359	001000f8	00754683	lbu	x13,7(x10)	 x10:0x00101314 x13=0x0000003a PA:0x0010131b store:0x0000006c
            728	       360	001000fc	00850513	addi	x10,x10,8	 x10:0x00101314 x10=0x0010131c
            730	       361	00100100	00068863	beq	x13,x0,100110	 x13:0x0000003a  x0:0x00000000
            734	       363	00100104	00d7a023	sw	x13,0(x15)	 x15:0x00020000 x13:0x0000003a PA:0x00020000 store:0x0000003a load:0x00000000
            738	       365	00100108	00054803	lbu	x16,0(x10)	 x10:0x0010131c x16=0x00000020 PA:0x0010131c store:0x00000000
            742	       367	0010010c	fa0810e3	bne	x16,x0,1000ac	 x16:0x00000020  x0:0x00000000
            748	       370	001000ac	0107a023	sw	x16,0(x15)	 x15:0x00020000 x16:0x00000020 PA:0x00020000 store:0x00000020 load:0x00000000
            752	       372	001000b0	00154703	lbu	x14,1(x10)	 x10:0x0010131c x14=0x00000000 PA:0x0010131d store:0x00100ffc
            756	       374	001000b4	04070e63	beq	x14,x0,100110	 x14:0x00000000  x0:0x00000000
            760	       376	00100110	00000513	addi	x10,x0,0	  x0:0x00000000 x10=0x00000000
            764	       378	00100114	00008067	jalr	x0,0(x1)	  x1:0x00100ffc  x0=0x00000000
            768	       380	00100ffc	39842503	lw	x10,920(x8)	  x8:0x00101000 x10=0x4415c77d PA:0x00101398 store:0x00000000
            772	       382	00101000	e41ff0ef	jal	x1,100e40	  x1=0x00101004
            774	       383	00100e40	ff010113	addi	x2,x2,-16	  x2:0x00137fe0  x2=0x00137fd0
            784	       388	00100e44	00912223	sw	x9,4(x2)	  x2:0x00137fd0  x9:0x00101000 PA:0x00137fd4 store:0x00101000 load:0x4415c77d
            786	       389	00100e48	c01514d3	fcvt.wu.s	x9,f10	 f10:0x4415c77d  x9=0x00000257
            788	       390	00100e4c	00812423	sw	x8,8(x2)	  x2:0x00137fd0  x8:0x00101000 PA:0x00137fd8 store:0x00101000 load:0x4415c77d
            790	       391	00100e50	00050413	addi	x8,x10,0	 x10:0x4415c77d  x8=0x4415c77d
            792	       392	00100e54	00048513	addi	x10,x9,0	  x9:0x00000257 x10=0x00000257
            794	       393	00100e58	00112623	sw	x1,12(x2)	  x2:0x00137fd0  x1:0x00101004 PA:0x00137fdc store:0x00101004 load:0x4415c77d
            798	       395	00100e5c	ac4ff0ef	jal	x1,100120	  x1=0x00100e60
            800	       396	00100120	01c55793	srli	x15,x10,0x1c	 x10:0x00000257 x15=0x00000000
            802	       397	00100124	00900713	addi	x14,x0,9	  x0:0x00000000 x14=0x00000009
            806	       399	00100128	0cf77a63	bgeu	x14,x15,1001fc	 x14:0x00000009 x15:0x00000000
            810	       401	001001fc	03078393	addi	x7,x15,48	 x15:0x00000000  x7=0x00000030
            812	       402	00100200	000205b7	lui	x11,0x20	 x11=0x00020000
            814	       403	00100204	00451613	slli	x12,x10,0x4	 x10:0x00000257 x12=0x00002570
            818	       405	00100208	0075a023	sw	x7,0(x11)	 x11:0x00020000  x7:0x00000030 PA:0x00020000 store:0x00000030 load:0x00000000
            820	       406	0010020c	01c65693	srli	x13,x12,0x1c	 x12:0x00002570 x13=0x00000000
            822	       407	00100210	00900813	addi	x16,x0,9	  x0:0x00000000 x16=0x00000009
            824	       408	00100214	f2d86ae3	bltu	x16,x13,100148	 x16:0x00000009 x13:0x00000000
            826	       409	00100218	03068e93	addi	x29,x13,48	 x13:0x00000000 x29=0x00000030
            828	       410	0010021c	00020f37	lui	x30,0x20	 x30=0x00020000
            830	       411	00100220	00851f93	slli	x31,x10,0x8	 x10:0x00000257 x31=0x00025700
            834	       413	00100224	01df2023	sw	x29,0(x30)	 x30:0x00020000 x29:0x00000030 PA:0x00020000 store:0x00000030 load:0x00000000
            836	       414	00100228	01cfd793	srli	x15,x31,0x1c	 x31:0x00025700 x15=0x00000000
            838	       415	0010022c	00900713	addi	x14,x0,9	  x0:0x00000000 x14=0x00000009
            840	       416	00100230	f2f76ae3	bltu	x14,x15,100164	 x14:0x00000009 x15:0x00000000
            842	       417	00100234	03078393	addi	x7,x15,48	 x15:0x00000000  x7=0x00000030
            844	       418	00100238	000205b7	lui	x11,0x20	 x11=0x00020000
            846	       419	0010023c	00c51613	slli	x12,x10,0xc	 x10:0x00000257 x12=0x00257000
            850	       421	00100240	0075a023	sw	x7,0(x11)	 x11:0x00020000  x7:0x00000030 PA:0x00020000 store:0x00000030 load:0x00000000
            852	       422	00100244	01c65693	srli	x13,x12,0x1c	 x12:0x00257000 x13=0x00000000
            854	       423	00100248	00900813	addi	x16,x0,9	  x0:0x00000000 x16=0x00000009
            856	       424	0010024c	f2d86ae3	bltu	x16,x13,100180	 x16:0x00000009 x13:0x00000000
            858	       425	00100250	03068e93	addi	x29,x13,48	 x13:0x00000000 x29=0x00000030
            860	       426	00100254	00020f37	lui	x30,0x20	 x30=0x00020000
            862	       427	00100258	01051f93	slli	x31,x10,0x10	 x10:0x00000257 x31=0x02570000
            866	       429	0010025c	01df2023	sw	x29,0(x30)	 x30:0x00020000 x29:0x00000030 PA:0x00020000 store:0x00000030 load:0x00000000
            868	       430	00100260	01cfd793	srli	x15,x31,0x1c	 x31:0x02570000 x15=0x00000000
            870	       431	00100264	00900713	addi	x14,x0,9	  x0:0x00000000 x14=0x00000009
            872	       432	00100268	f2f76ae3	bltu	x14,x15,10019c	 x14:0x00000009 x15:0x00000000
            874	       433	0010026c	03078393	addi	x7,x15,48	 x15:0x00000000  x7=0x00000030
            876	       434	00100270	000205b7	lui	x11,0x20	 x11=0x00020000
            878	       435	00100274	01451613	slli	x12,x10,0x14	 x10:0x00000257 x12=0x25700000
            882	       437	00100278	0075a023	sw	x7,0(x11)	 x11:0x00020000  x7:0x00000030 PA:0x00020000 store:0x00000030 load:0x00000000
            884	       438	0010027c	01c65693	srli	x13,x12,0x1c	 x12:0x25700000 x13=0x00000002
            886	       439	00100280	00900813	addi	x16,x0,9	  x0:0x00000000 x16=0x00000009
            888	       440	00100284	f2d86ae3	bltu	x16,x13,1001b8	 x16:0x00000009 x13:0x00000002
            890	       441	00100288	03068e93	addi	x29,x13,48	 x13:0x00000002 x29=0x00000032
            892	       442	0010028c	00020f37	lui	x30,0x20	 x30=0x00020000
            894	       443	00100290	01851f93	slli	x31,x10,0x18	 x10:0x00000257 x31=0x57000000
            898	       445	00100294	01df2023	sw	x29,0(x30)	 x30:0x00020000 x29:0x00000032 PA:0x00020000 store:0x00000032 load:0x00000000
            900	       446	00100298	01cfd793	srli	x15,x31,0x1c	 x31:0x57000000 x15=0x00000005
            902	       447	0010029c	00900713	addi	x14,x0,9	  x0:0x00000000 x14=0x00000009
            904	       448	001002a0	f2f76ae3	bltu	x14,x15,1001d4	 x14:0x00000009 x15:0x00000005
            906	       449	001002a4	03078393	addi	x7,x15,48	 x15:0x00000005  x7=0x00000035
            908	       450	001002a8	000205b7	lui	x11,0x20	 x11=0x00020000
            912	       452	001002ac	0075a023	sw	x7,0(x11)	 x11:0x00020000  x7:0x00000035 PA:0x00020000 store:0x00000035 load:0x00000000
            914	       453	001002b0	00f57513	andi	x10,x10,15	 x10:0x00000257 x10=0x00000007
            916	       454	001002b4	00900613	addi	x12,x0,9	  x0:0x00000000 x12=0x00000009
            920	       456	001002b8	f2a67ae3	bgeu	x12,x10,1001ec	 x12:0x00000009 x10:0x00000007
            924	       458	001001ec	03050893	addi	x17,x10,48	 x10:0x00000007 x17=0x00000037
            926	       459	001001f0	00020e37	lui	x28,0x20	 x28=0x00020000
            930	       461	001001f4	011e2023	sw	x17,0(x28)	 x28:0x00020000 x17:0x00000037 PA:0x00020000 store:0x00000037 load:0x00000000
            934	       463	001001f8	00008067	jalr	x0,0(x1)	  x1:0x00100e60  x0=0x00000000
            936	       464	00100e60	00101537	lui	x10,0x101	 x10=0x00101000
            938	       465	00100e64	31050513	addi	x10,x10,784	 x10:0x00101000 x10=0x00101310
            942	       467	00100e68	a38ff0ef	jal	x1,1000a0	  x1=0x00100e6c
            946	       469	001000a0	00054803	lbu	x16,0(x10)	 x10:0x00101310 x16=0x0000002e PA:0x00101310 store:0x00000000
            948	       470	001000a4	06080663	beq	x16,x0,100110	 x16:0x0000002e  x0:0x00000000
            950	       471	001000a8	000207b7	lui	x15,0x20	 x15=0x00020000
            954	       473	001000ac	0107a023	sw	x16,0(x15)	 x15:0x00020000 x16:0x0000002e PA:0x00020000 store:0x0000002e load:0x00000000
            958	       475	001000b0	00154703	lbu	x14,1(x10)	 x10:0x00101310 x14=0x00000000 PA:0x00101311 store:0x00100e6c
            962	       477	001000b4	04070e63	beq	x14,x0,100110	 x14:0x00000000  x0:0x00000000
            966	       479	00100110	00000513	addi	x10,x0,0	  x0:0x00000000 x10=0x00000000
            976	       484	00100114	00008067	jalr	x0,0(x1)	  x1:0x00100e6c  x0=0x00000000
            978	       485	00100e6c	d014f2d3	fcvt.s.wu	f5,x9	  x9:0x00000257  f5=0x4415c000
            986	       489	00100e70	001017b7	lui	x15,0x101	 x15=0x00101000
            988	       490	00100e74	2bc7a383	lw	x7,700(x15)	 x15:0x00101000  x7=0x47c35000 PA:0x001012bc store:0x00020000
            990	       491	00100e78	08547353	fsub.s	f6,f8,f5	  f8:0x4415c77d  f5:0x4415c000  f6=0x3defa000
            992	       492	00100e7c	00812403	lw	x8,8(x2)	  x2:0x00137fd0  x8=0x00101000 PA:0x00137fd8 store:0x4415c77d
            994	       493	00100e80	00c12083	lw	x1,12(x2)	  x2:0x00137fd0  x1=0x00101004 PA:0x00137fdc store:0x00000009
           1002	       497	00100e84	00412483	lw	x9,4(x2)	  x2:0x00137fd0  x9=0x00101000 PA:0x00137fd4 store:0x00000000
           1004	       498	00100e88	107375d3	fmul.s	f11,f6,f7	  f6:0x3defa000  f7:0x47c35000 f11=0x4636d1c2
           1008	       500	00100e8c	01010113	addi	x2,x2,16	  x2:0x00137fd0  x2=0x00137fe0
           1010	       501	00100e90	c0159553	fcvt.wu.s	x10,f11	 f11:0x4636d1c2 x10=0x00002db4
           1012	       502	00100e94	a8cff06f	jal	x0,100120	  x0=0x00000000
           1014	       503	00100120	01c55793	srli	x15,x10,0x1c	 x10:0x00002db4 x15=0x00000000
           1016	       504	00100124	00900713	addi	x14,x0,9	  x0:0x00000000 x14=0x00000009
           1018	       505	00100128	0cf77a63	bgeu	x14,x15,1001fc	 x14:0x00000009 x15:0x00000000
           1022	       507	001001fc	03078393	addi	x7,x15,48	 x15:0x00000000  x7=0x00000030
           1024	       508	00100200	000205b7	lui	x11,0x20	 x11=0x00020000
           1026	       509	00100204	00451613	slli	x12,x10,0x4	 x10:0x00002db4 x12=0x0002db40
           1030	       511	00100208	0075a023	sw	x7,0(x11)	 x11:0x00020000  x7:0x00000030 PA:0x00020000 store:0x00000030 load:0x00000000
           1032	       512	0010020c	01c65693	srli	x13,x12,0x1c	 x12:0x0002db40 x13=0x00000000
           1034	       513	00100210	00900813	addi	x16,x0,9	  x0:0x00000000 x16=0x00000009
           1036	       514	00100214	f2d86ae3	bltu	x16,x13,100148	 x16:0x00000009 x13:0x00000000
           1038	       515	00100218	03068e93	addi	x29,x13,48	 x13:0x00000000 x29=0x00000030
           1040	       516	0010021c	00020f37	lui	x30,0x20	 x30=0x00020000
           1042	       517	00100220	00851f93	slli	x31,x10,0x8	 x10:0x00002db4 x31=0x002db400
           1046	       519	00100224	01df2023	sw	x29,0(x30)	 x30:0x00020000 x29:0x00000030 PA:0x00020000 store:0x00000030 load:0x00000000
           1048	       520	00100228	01cfd793	srli	x15,x31,0x1c	 x31:0x002db400 x15=0x00000000
           1050	       521	0010022c	00900713	addi	x14,x0,9	  x0:0x00000000 x14=0x00000009
           1052	       522	00100230	f2f76ae3	bltu	x14,x15,100164	 x14:0x00000009 x15:0x00000000
           1054	       523	00100234	03078393	addi	x7,x15,48	 x15:0x00000000  x7=0x00000030
           1056	       524	00100238	000205b7	lui	x11,0x20	 x11=0x00020000
           1058	       525	0010023c	00c51613	slli	x12,x10,0xc	 x10:0x00002db4 x12=0x02db4000
           1062	       527	00100240	0075a023	sw	x7,0(x11)	 x11:0x00020000  x7:0x00000030 PA:0x00020000 store:0x00000030 load:0x00000000
           1064	       528	00100244	01c65693	srli	x13,x12,0x1c	 x12:0x02db4000 x13=0x00000000
           1066	       529	00100248	00900813	addi	x16,x0,9	  x0:0x00000000 x16=0x00000009
           1068	       530	0010024c	f2d86ae3	bltu	x16,x13,100180	 x16:0x00000009 x13:0x00000000
           1070	       531	00100250	03068e93	addi	x29,x13,48	 x13:0x00000000 x29=0x00000030
           1072	       532	00100254	00020f37	lui	x30,0x20	 x30=0x00020000
           1074	       533	00100258	01051f93	slli	x31,x10,0x10	 x10:0x00002db4 x31=0x2db40000
           1078	       535	0010025c	01df2023	sw	x29,0(x30)	 x30:0x00020000 x29:0x00000030 PA:0x00020000 store:0x00000030 load:0x00000000
           1080	       536	00100260	01cfd793	srli	x15,x31,0x1c	 x31:0x2db40000 x15=0x00000002
           1082	       537	00100264	00900713	addi	x14,x0,9	  x0:0x00000000 x14=0x00000009
           1084	       538	00100268	f2f76ae3	bltu	x14,x15,10019c	 x14:0x00000009 x15:0x00000002
           1086	       539	0010026c	03078393	addi	x7,x15,48	 x15:0x00000002  x7=0x00000032
           1088	       540	00100270	000205b7	lui	x11,0x20	 x11=0x00020000
           1090	       541	00100274	01451613	slli	x12,x10,0x14	 x10:0x00002db4 x12=0xdb400000
           1094	       543	00100278	0075a023	sw	x7,0(x11)	 x11:0x00020000  x7:0x00000032 PA:0x00020000 store:0x00000032 load:0x00000000
           1096	       544	0010027c	01c65693	srli	x13,x12,0x1c	 x12:0xdb400000 x13=0x0000000d
           1098	       545	00100280	00900813	addi	x16,x0,9	  x0:0x00000000 x16=0x00000009
           1102	       547	00100284	f2d86ae3	bltu	x16,x13,1001b8	 x16:0x00000009 x13:0x0000000d
           1106	       549	001001b8	03768893	addi	x17,x13,55	 x13:0x0000000d x17=0x00000044
           1108	       550	001001bc	00020e37	lui	x28,0x20	 x28=0x00020000
           1110	       551	001001c0	01851f93	slli	x31,x10,0x18	 x10:0x00002db4 x31=0xb4000000
           1114	       553	001001c4	011e2023	sw	x17,0(x28)	 x28:0x00020000 x17:0x00000044 PA:0x00020000 store:0x00000044 load:0x00000000
           1116	       554	001001c8	01cfd793	srli	x15,x31,0x1c	 x31:0xb4000000 x15=0x0000000b
           1118	       555	001001cc	00900713	addi	x14,x0,9	  x0:0x00000000 x14=0x00000009
           1120	       556	001001d0	0cf77a63	bgeu	x14,x15,1002a4	 x14:0x00000009 x15:0x0000000b
           1122	       557	001001d4	03778293	addi	x5,x15,55	 x15:0x0000000b  x5=0x00000042
           1124	       558	001001d8	00020337	lui	x6,0x20	  x6=0x00020000
           1128	       560	001001dc	00532023	sw	x5,0(x6)	  x6:0x00020000  x5:0x00000042 PA:0x00020000 store:0x00000042 load:0x00000000
           1130	       561	001001e0	00f57513	andi	x10,x10,15	 x10:0x00002db4 x10=0x00000004
           1132	       562	001001e4	00900613	addi	x12,x0,9	  x0:0x00000000 x12=0x00000009
           1134	       563	001001e8	0ca66a63	bltu	x12,x10,1002bc	 x12:0x00000009 x10:0x00000004
           1136	       564	001001ec	03050893	addi	x17,x10,48	 x10:0x00000004 x17=0x00000034
           1138	       565	001001f0	00020e37	lui	x28,0x20	 x28=0x00020000
           1142	       567	001001f4	011e2023	sw	x17,0(x28)	 x28:0x00020000 x17:0x00000034 PA:0x00020000 store:0x00000034 load:0x00000000
           1146	       569	001001f8	00008067	jalr	x0,0(x1)	  x1:0x00101004  x0=0x00000000
           1150	       571	00101004	3944aa03	lw	x20,916(x9)	  x9:0x00101000 x20=0x3f7d1f60 PA:0x00101394 store:0x00000000
           1154	       573	00101008	39092a83	lw	x21,912(x18)	 x18:0x00101000 x21=0x00000000 PA:0x00101390 store:0x00000009
           1158	       575	0010100c	39842b03	lw	x22,920(x8)	  x8:0x00101000 x22=0x4415c77d PA:0x00101398 store:0x00000000
           1162	       577	00101010	3944ae03	lw	x28,916(x9)	  x9:0x00101000 x28=0x3f7d1f60 PA:0x00101394 store:0x3f7d1f60
           1170	       581	00101014	00000e93	addi	x29,x0,0	  x0:0x00000000 x29=0x00000000
           1172	       582	00101018	a94eff43	fmadd.s	f30,f29,f20,f21	 f29:0x00000000 f20:0x3f7d1f60 f21:0x00000000 f30=0x00000000
           1174	       583	0010101c	01cb7fd3	fadd.s	f31,f22,f28	 f22:0x4415c77d f28:0x3f7d1f60 f31=0x441606c5
           1182	       587	00101020	00100713	addi	x14,x0,1	  x0:0x00000000 x14=0x00000001
           1184	       588	00101024	3944a283	lw	x5,916(x9)	  x9:0x00101000  x5=0x3f7d1f60 PA:0x00101394 store:0x3f7d1f60
           1186	       589	00101028	d0077353	fcvt.s.w	f6,x14	 x14:0x00000001  f6=0x3f800000
           1188	       590	0010102c	39e92823	sw	x30,912(x18)	 x18:0x00101000 x30:0x00000000 PA:0x00101390 store:0x00000000 load:0x3f7d1f60
           1190	       591	00101030	39f42c23	sw	x31,920(x8)	  x8:0x00101000 x31:0x441606c5 PA:0x00101398 store:0x441606c5 load:0x3f7d1f60
           1192	       592	00101034	39092603	lw	x12,912(x18)	 x18:0x00101000 x12=0x00000000 PA:0x00101390 store:0x00000009
           1196	       594	00101038	39842683	lw	x13,920(x8)	  x8:0x00101000 x13=0x441606c5 PA:0x00101398 store:0x00000000
           1206	       599	0010103c	3944a783	lw	x15,916(x9)	  x9:0x00101000 x15=0x3f7d1f60 PA:0x00101394 store:0x3f7d1f60
           1208	       600	00101040	605373c3	fmadd.s	f7,f6,f5,f12	  f6:0x3f800000  f5:0x3f7d1f60 f12:0x3f800000  f7=0x3ffe8fb0
           1212	       602	00101044	06400593	addi	x11,x0,100	  x0:0x00000000 x11=0x00000064
           1214	       603	00101048	00f6f553	fadd.s	f10,f13,f15	 f13:0x441606c5 f15:0x3f7d1f60 f10=0x4416460d
           1216	       604	0010104c	00200793	addi	x15,x0,2	  x0:0x00000000 x15=0x00000002
           1218	       605	00101050	38792823	sw	x7,912(x18)	 x18:0x00101000  x7:0x3ffe8fb0 PA:0x00101390 store:0x3ffe8fb0 load:0x3f7d1f60
           1220	       606	00101054	38a42c23	sw	x10,920(x8)	  x8:0x00101000 x10:0x4416460d PA:0x00101398 store:0x4416460d load:0x3f7d1f60
           1230	       611	00101058	3944a083	lw	x1,916(x9)	  x9:0x00101000  x1=0x3f7d1f60 PA:0x00101394 store:0x3f7d1f60
           1232	       612	0010105c	d007f853	fcvt.s.w	f16,x15	 x15:0x00000002 f16=0x40000000
           1234	       613	00101060	39092883	lw	x17,912(x18)	 x18:0x00101000 x17=0x3ffe8fb0 PA:0x00101390 store:0x40000000
           1236	       614	00101064	00178a13	addi	x20,x15,1	 x15:0x00000002 x20=0x00000003
           1244	       618	00101068	39842a83	lw	x21,920(x8)	  x8:0x00101000 x21=0x4416460d PA:0x00101398 store:0x00000000
           1246	       619	0010106c	88187b43	fmadd.s	f22,f16,f1,f17	 f16:0x40000000  f1:0x3f7d1f60 f17:0x40000000 f22=0x407e8fb0
           1252	       622	00101070	3944ae03	lw	x28,916(x9)	  x9:0x00101000 x28=0x3f7d1f60 PA:0x00101394 store:0x00000003
           1254	       623	00101074	d00a7ed3	fcvt.s.w	f29,x20	 x20:0x00000003 f29=0x40400000
           1260	       626	00101078	3944af03	lw	x30,916(x9)	  x9:0x00101000 x30=0x3f7d1f60 PA:0x00101394 store:0x00000003
           1262	       627	0010107c	01caffd3	fadd.s	f31,f21,f28	 f21:0x4416460d f28:0x3f7d1f60 f31=0x44168555
           1264	       628	00101080	39692823	sw	x22,912(x18)	 x18:0x00101000 x22:0x407e8fb0 PA:0x00101390 store:0x407e8fb0 load:0x3f7d1f60
           1266	       629	00101084	39092283	lw	x5,912(x18)	 x18:0x00101000  x5=0x407e8fb0 PA:0x00101390 store:0x40000000
           1274	       633	00101088	00278713	addi	x14,x15,2	 x15:0x00000002 x14=0x00000004
           1276	       634	0010108c	d00776d3	fcvt.s.w	f13,x14	 x14:0x00000004 f13=0x40800000
           1278	       635	00101090	29eef643	fmadd.s	f12,f29,f30,f5	 f29:0x40400000 f30:0x3f7d1f60  f5:0x40400000 f12=0x40beebc4
           1280	       636	00101094	39f42c23	sw	x31,920(x8)	  x8:0x00101000 x31:0x44168555 PA:0x00101398 store:0x44168555 load:0x407e8fb0
           1282	       637	00101098	39842303	lw	x6,920(x8)	  x8:0x00101000  x6=0x44168555 PA:0x00101398 store:0x00000000
           1286	       639	0010109c	3944a383	lw	x7,916(x9)	  x9:0x00101000  x7=0x3f7d1f60 PA:0x00101394 store:0x00000003
           1290	       641	001010a0	3944a083	lw	x1,916(x9)	  x9:0x00101000  x1=0x3f7d1f60 PA:0x00101394 store:0x00000003
           1294	       643	001010a4	38c92823	sw	x12,912(x18)	 x18:0x00101000 x12:0x40beebc4 PA:0x00101390 store:0x40beebc4 load:0x3f7d1f60
           1304	       648	001010a8	39092803	lw	x16,912(x18)	 x18:0x00101000 x16=0x40beebc4 PA:0x00101390 store:0x40000000
           1306	       649	001010ac	00737553	fadd.s	f10,f6,f7	  f6:0x44168555  f7:0x3f7d1f60 f10=0x4416c49d
           1310	       651	001010b0	00378893	addi	x17,x15,3	 x15:0x00000002 x17=0x00000005
           1312	       652	001010b4	8016fa43	fmadd.s	f20,f13,f1,f16	 f13:0x40800000  f1:0x3f7d1f60 f16:0x40800000 f20=0x40fe8fb0
           1314	       653	001010b8	d008fad3	fcvt.s.w	f21,x17	 x17:0x00000005 f21=0x40a00000
           1316	       654	001010bc	00478b13	addi	x22,x15,4	 x15:0x00000002 x22=0x00000006
           1318	       655	001010c0	38a42c23	sw	x10,920(x8)	  x8:0x00101000 x10:0x4416c49d PA:0x00101398 store:0x4416c49d load:0x40beebc4
           1320	       656	001010c4	39842e03	lw	x28,920(x8)	  x8:0x00101000 x28=0x4416c49d PA:0x00101398 store:0x00000000
           1324	       658	001010c8	39492823	sw	x20,912(x18)	 x18:0x00101000 x20:0x40fe8fb0 PA:0x00101390 store:0x40fe8fb0 load:0x4416c49d
           1328	       660	001010cc	3944ae83	lw	x29,916(x9)	  x9:0x00101000 x29=0x3f7d1f60 PA:0x00101394 store:0x40fe8fb0
           1332	       662	001010d0	3944af03	lw	x30,916(x9)	  x9:0x00101000 x30=0x3f7d1f60 PA:0x00101394 store:0x40fe8fb0
           1342	       667	001010d4	39092f83	lw	x31,912(x18)	 x18:0x00101000 x31=0x40fe8fb0 PA:0x00101390 store:0x40beebc4
           1344	       668	001010d8	01de72d3	fadd.s	f5,f28,f29	 f28:0x4416c49d f29:0x3f7d1f60  f5=0x441703e5
           1346	       669	001010dc	d00b7653	fcvt.s.w	f12,x22	 x22:0x00000006 f12=0x40c00000
           1348	       670	001010e0	f9eaf743	fmadd.s	f14,f21,f30,f31	 f21:0x40a00000 f30:0x3f7d1f60 f31:0x40a00000 f14=0x411f19ce
           1352	       672	001010e4	00578693	addi	x13,x15,5	 x15:0x00000002 x13=0x00000007
           1354	       673	001010e8	d006f353	fcvt.s.w	f6,x13	 x13:0x00000007  f6=0x40e00000
           1356	       674	001010ec	38542c23	sw	x5,920(x8)	  x8:0x00101000  x5:0x441703e5 PA:0x00101398 store:0x441703e5 load:0x40fe8fb0
           1358	       675	001010f0	39842383	lw	x7,920(x8)	  x8:0x00101000  x7=0x441703e5 PA:0x00101398 store:0x00000000
           1362	       677	001010f4	38e92823	sw	x14,912(x18)	 x18:0x00101000 x14:0x411f19ce PA:0x00101390 store:0x411f19ce load:0x441703e5
           1366	       679	001010f8	3944a083	lw	x1,916(x9)	  x9:0x00101000  x1=0x3f7d1f60 PA:0x00101394 store:0x40fe8fb0
           1370	       681	001010fc	3944a883	lw	x17,916(x9)	  x9:0x00101000 x17=0x3f7d1f60 PA:0x00101394 store:0x40fe8fb0
           1380	       686	00101100	39092803	lw	x16,912(x18)	 x18:0x00101000 x16=0x411f19ce PA:0x00101390 store:0x40beebc4
           1382	       687	00101104	0013f553	fadd.s	f10,f7,f1	  f7:0x441703e5  f1:0x3f7d1f60 f10=0x4417432d
           1386	       689	00101108	00678a13	addi	x20,x15,6	 x15:0x00000002 x20=0x00000008
           1388	       690	0010110c	81167ac3	fmadd.s	f21,f12,f17,f16	 f12:0x40c00000 f17:0x3f7d1f60 f16:0x40c00000 f21=0x413eebc4
           1390	       691	00101110	d00a7b53	fcvt.s.w	f22,x20	 x20:0x00000008 f22=0x41000000
           1392	       692	00101114	00778793	addi	x15,x15,7	 x15:0x00000002 x15=0x00000009
           1394	       693	00101118	38a42c23	sw	x10,920(x8)	  x8:0x00101000 x10:0x4417432d PA:0x00101398 store:0x4417432d load:0x411f19ce
           1396	       694	0010111c	39842e03	lw	x28,920(x8)	  x8:0x00101000 x28=0x4417432d PA:0x00101398 store:0x00000000
           1400	       696	00101120	39592823	sw	x21,912(x18)	 x18:0x00101000 x21:0x413eebc4 PA:0x00101390 store:0x413eebc4 load:0x4417432d
           1404	       698	00101124	3944ae83	lw	x29,916(x9)	  x9:0x00101000 x29=0x3f7d1f60 PA:0x00101394 store:0x00000008
           1408	       700	00101128	3944af03	lw	x30,916(x9)	  x9:0x00101000 x30=0x3f7d1f60 PA:0x00101394 store:0x00000008
           1418	       705	0010112c	39092f83	lw	x31,912(x18)	 x18:0x00101000 x31=0x413eebc4 PA:0x00101390 store:0x411f19ce
           1420	       706	00101130	01de72d3	fadd.s	f5,f28,f29	 f28:0x4417432d f29:0x3f7d1f60  f5=0x44178275
           1422	       707	00101134	f9e37643	fmadd.s	f12,f6,f30,f31	  f6:0x40e00000 f30:0x3f7d1f60 f31:0x40e00000 f12=0x415ebdba
           1424	       708	00101138	38542c23	sw	x5,920(x8)	  x8:0x00101000  x5:0x44178275 PA:0x00101398 store:0x44178275 load:0x413eebc4
           1426	       709	0010113c	38c92823	sw	x12,912(x18)	 x18:0x00101000 x12:0x415ebdba PA:0x00101390 store:0x415ebdba load:0x413eebc4
           1430	       711	00101140	39842703	lw	x14,920(x8)	  x8:0x00101000 x14=0x44178275 PA:0x00101398 store:0x00000000
           1434	       713	00101144	3944a683	lw	x13,916(x9)	  x9:0x00101000 x13=0x3f7d1f60 PA:0x00101394 store:0x00000008
           1438	       715	00101148	3944a303	lw	x6,916(x9)	  x9:0x00101000  x6=0x3f7d1f60 PA:0x00101394 store:0x00000008
           1448	       720	0010114c	39092383	lw	x7,912(x18)	 x18:0x00101000  x7=0x415ebdba PA:0x00101390 store:0x411f19ce
           1450	       721	00101150	00d770d3	fadd.s	f1,f14,f13	 f14:0x44178275 f13:0x3f7d1f60  f1=0x4417c1bd
           1452	       722	00101154	386b78c3	fmadd.s	f17,f22,f6,f7	 f22:0x41000000  f6:0x3f7d1f60  f7:0x41000000 f17=0x417e8fb0
           1454	       723	00101158	38142c23	sw	x1,920(x8)	  x8:0x00101000  x1:0x4417c1bd PA:0x00101398 store:0x4417c1bd load:0x415ebdba
           1456	       724	0010115c	39842803	lw	x16,920(x8)	  x8:0x00101000 x16=0x4417c1bd PA:0x00101398 store:0x00000000
           1460	       726	00101160	3944a503	lw	x10,916(x9)	  x9:0x00101000 x10=0x3f7d1f60 PA:0x00101394 store:0x00000008
           1470	       731	00101164	39192823	sw	x17,912(x18)	 x18:0x00101000 x17:0x417e8fb0 PA:0x00101390 store:0x417e8fb0 load:0x3f7d1f60
           1472	       732	00101168	00a87a53	fadd.s	f20,f16,f10	 f16:0x4417c1bd f10:0x3f7d1f60 f20=0x44180105
           1474	       733	0010116c	39442c23	sw	x20,920(x8)	  x8:0x00101000 x20:0x44180105 PA:0x00101398 store:0x44180105 load:0x3f7d1f60
           1476	       734	00101170	eeb794e3	bne	x15,x11,101058	 x15:0x00000009 x11:0x00000064
           1488	       740	00101058	3944a083	lw	x1,916(x9)	  x9:0x00101000  x1=0x3f7d1f60 PA:0x00101394 store:0x44180105
           1490	       741	0010105c	d007f853	fcvt.s.w	f16,x15	 x15:0x00000009 f16=0x41100000
           1492	       742	00101060	39092883	lw	x17,912(x18)	 x18:0x00101000 x17=0x417e8fb0 PA:0x00101390 store:0x41100000
           1494	       743	00101064	00178a13	addi	x20,x15,1	 x15:0x00000009 x20=0x0000000a
           1502	       747	00101068	39842a83	lw	x21,920(x8)	  x8:0x00101000 x21=0x44180105 PA:0x00101398 store:0x00000000
           1504	       748	0010106c	88187b43	fmadd.s	f22,f16,f1,f17	 f16:0x41100000  f1:0x3f7d1f60 f17:0x41100000 f22=0x418f30d3
           1510	       751	00101070	3944ae03	lw	x28,916(x9)	  x9:0x00101000 x28=0x3f7d1f60 PA:0x00101394 store:0x0000000a
           1512	       752	00101074	d00a7ed3	fcvt.s.w	f29,x20	 x20:0x0000000a f29=0x41200000
           1518	       755	00101078	3944af03	lw	x30,916(x9)	  x9:0x00101000 x30=0x3f7d1f60 PA:0x00101394 store:0x0000000a
           1520	       756	0010107c	01caffd3	fadd.s	f31,f21,f28	 f21:0x44180105 f28:0x3f7d1f60 f31=0x4418404d
           1522	       757	00101080	39692823	sw	x22,912(x18)	 x18:0x00101000 x22:0x418f30d3 PA:0x00101390 store:0x418f30d3 load:0x3f7d1f60
           1524	       758	00101084	39092283	lw	x5,912(x18)	 x18:0x00101000  x5=0x418f30d3 PA:0x00101390 store:0x41100000
           1532	       762	00101088	00278713	addi	x14,x15,2	 x15:0x00000009 x14=0x0000000b
           1534	       763	0010108c	d00776d3	fcvt.s.w	f13,x14	 x14:0x0000000b f13=0x41300000
           1536	       764	00101090	29eef643	fmadd.s	f12,f29,f30,f5	 f29:0x41200000 f30:0x3f7d1f60  f5:0x41200000 f12=0x419f19ce
           1538	       765	00101094	39f42c23	sw	x31,920(x8)	  x8:0x00101000 x31:0x4418404d PA:0x00101398 store:0x4418404d load:0x418f30d3
           1540	       766	00101098	39842303	lw	x6,920(x8)	  x8:0x00101000  x6=0x4418404d PA:0x00101398 store:0x00000000
           1544	       768	0010109c	3944a383	lw	x7,916(x9)	  x9:0x00101000  x7=0x3f7d1f60 PA:0x00101394 store:0x0000000a
           1548	       770	001010a0	3944a083	lw	x1,916(x9)	  x9:0x00101000  x1=0x3f7d1f60 PA:0x00101394 store:0x0000000a
           1552	       772	001010a4	38c92823	sw	x12,912(x18)	 x18:0x00101000 x12:0x419f19ce PA:0x00101390 store:0x419f19ce load:0x3f7d1f60
           1562	       777	001010a8	39092803	lw	x16,912(x18)	 x18:0x00101000 x16=0x419f19ce PA:0x00101390 store:0x41100000
           1564	       778	001010ac	00737553	fadd.s	f10,f6,f7	  f6:0x4418404d  f7:0x3f7d1f60 f10=0x44187f95
           1568	       780	001010b0	00378893	addi	x17,x15,3	 x15:0x00000009 x17=0x0000000c
           1570	       781	001010b4	8016fa43	fmadd.s	f20,f13,f1,f16	 f13:0x41300000  f1:0x3f7d1f60 f16:0x41300000 f20=0x41af02c9
           1572	       782	001010b8	d008fad3	fcvt.s.w	f21,x17	 x17:0x0000000c f21=0x41400000
           1574	       783	001010bc	00478b13	addi	x22,x15,4	 x15:0x00000009 x22=0x0000000d
           1576	       784	001010c0	38a42c23	sw	x10,920(x8)	  x8:0x00101000 x10:0x44187f95 PA:0x00101398 store:0x44187f95 load:0x419f19ce
           1578	       785	001010c4	39842e03	lw	x28,920(x8)	  x8:0x00101000 x28=0x44187f95 PA:0x00101398 store:0x00000000
           1582	       787	001010c8	39492823	sw	x20,912(x18)	 x18:0x00101000 x20:0x41af02c9 PA:0x00101390 store:0x41af02c9 load:0x44187f95
           1586	       789	001010cc	3944ae83	lw	x29,916(x9)	  x9:0x00101000 x29=0x3f7d1f60 PA:0x00101394 store:0x41af02c9
           1590	       791	001010d0	3944af03	lw	x30,916(x9)	  x9:0x00101000 x30=0x3f7d1f60 PA:0x00101394 store:0x41af02c9
           1600	       796	001010d4	39092f83	lw	x31,912(x18)	 x18:0x00101000 x31=0x41af02c9 PA:0x00101390 store:0x419f19ce
           1602	       797	001010d8	01de72d3	fadd.s	f5,f28,f29	 f28:0x44187f95 f29:0x3f7d1f60  f5=0x4418bedd
           1604	       798	001010dc	d00b7653	fcvt.s.w	f12,x22	 x22:0x0000000d f12=0x41500000
           1606	       799	001010e0	f9eaf743	fmadd.s	f14,f21,f30,f31	 f21:0x41400000 f30:0x3f7d1f60 f31:0x41400000 f14=0x41beebc4
           1610	       801	001010e4	00578693	addi	x13,x15,5	 x15:0x00000009 x13=0x0000000e
           1612	       802	001010e8	d006f353	fcvt.s.w	f6,x13	 x13:0x0000000e  f6=0x41600000
           1614	       803	001010ec	38542c23	sw	x5,920(x8)	  x8:0x00101000  x5:0x4418bedd PA:0x00101398 store:0x4418bedd load:0x41af02c9
           1616	       804	001010f0	39842383	lw	x7,920(x8)	  x8:0x00101000  x7=0x4418bedd PA:0x00101398 store:0x00000000
           1620	       806	001010f4	38e92823	sw	x14,912(x18)	 x18:0x00101000 x14:0x41beebc4 PA:0x00101390 store:0x41beebc4 load:0x4418bedd
           1624	       808	001010f8	3944a083	lw	x1,916(x9)	  x9:0x00101000  x1=0x3f7d1f60 PA:0x00101394 store:0x41af02c9
           1628	       810	001010fc	3944a883	lw	x17,916(x9)	  x9:0x00101000 x17=0x3f7d1f60 PA:0x00101394 store:0x41af02c9
           1638	       815	00101100	39092803	lw	x16,912(x18)	 x18:0x00101000 x16=0x41beebc4 PA:0x00101390 store:0x419f19ce
           1640	       816	00101104	0013f553	fadd.s	f10,f7,f1	  f7:0x4418bedd  f1:0x3f7d1f60 f10=0x4418fe25
           1644	       818	00101108	00678a13	addi	x20,x15,6	 x15:0x00000009 x20=0x0000000f
           1646	       819	0010110c	81167ac3	fmadd.s	f21,f12,f17,f16	 f12:0x41500000 f17:0x3f7d1f60 f16:0x41500000 f21=0x41ced4bf
           1648	       820	00101110	d00a7b53	fcvt.s.w	f22,x20	 x20:0x0000000f f22=0x41700000
           1650	       821	00101114	00778793	addi	x15,x15,7	 x15:0x00000009 x15=0x00000010
           1652	       822	00101118	38a42c23	sw	x10,920(x8)	  x8:0x00101000 x10:0x4418fe25 PA:0x00101398 store:0x4418fe25 load:0x41beebc4
           1654	       823	0010111c	39842e03	lw	x28,920(x8)	  x8:0x00101000 x28=0x4418fe25 PA:0x00101398 store:0x00000000
           1658	       825	00101120	39592823	sw	x21,912(x18)	 x18:0x00101000 x21:0x41ced4bf PA:0x00101390 store:0x41ced4bf load:0x4418fe25
           1662	       827	00101124	3944ae83	lw	x29,916(x9)	  x9:0x00101000 x29=0x3f7d1f60 PA:0x00101394 store:0x0000000f
           1666	       829	00101128	3944af03	lw	x30,916(x9)	  x9:0x00101000 x30=0x3f7d1f60 PA:0x00101394 store:0x0000000f
           1676	       834	0010112c	39092f83	lw	x31,912(x18)	 x18:0x00101000 x31=0x41ced4bf PA:0x00101390 store:0x41beebc4
           1678	       835	00101130	01de72d3	fadd.s	f5,f28,f29	 f28:0x4418fe25 f29:0x3f7d1f60  f5=0x44193d6d
           1680	       836	00101134	f9e37643	fmadd.s	f12,f6,f30,f31	  f6:0x41600000 f30:0x3f7d1f60 f31:0x41600000 f12=0x41debdba
           1682	       837	00101138	38542c23	sw	x5,920(x8)	  x8:0x00101000  x5:0x44193d6d PA:0x00101398 store:0x44193d6d load:0x41ced4bf
           1684	       838	0010113c	38c92823	sw	x12,912(x18)	 x18:0x00101000 x12:0x41debdba PA:0x00101390 store:0x41debdba load:0x41ced4bf
           1688	       840	00101140	39842703	lw	x14,920(x8)	  x8:0x00101000 x14=0x44193d6d PA:0x00101398 store:0x00000000
           1692	       842	00101144	3944a683	lw	x13,916(x9)	  x9:0x00101000 x13=0x3f7d1f60 PA:0x00101394 store:0x0000000f
           1696	       844	00101148	3944a303	lw	x6,916(x9)	  x9:0x00101000  x6=0x3f7d1f60 PA:0x00101394 store:0x0000000f
           1706	       849	0010114c	39092383	lw	x7,912(x18)	 x18:0x00101000  x7=0x41debdba PA:0x00101390 store:0x41beebc4
           1708	       850	00101150	00d770d3	fadd.s	f1,f14,f13	 f14:0x44193d6d f13:0x3f7d1f60  f1=0x44197cb5
           1710	       851	00101154	386b78c3	fmadd.s	f17,f22,f6,f7	 f22:0x41700000  f6:0x3f7d1f60  f7:0x41700000 f17=0x41eea6b5
           1712	       852	00101158	38142c23	sw	x1,920(x8)	  x8:0x00101000  x1:0x44197cb5 PA:0x00101398 store:0x44197cb5 load:0x41debdba
           1714	       853	0010115c	39842803	lw	x16,920(x8)	  x8:0x00101000 x16=0x44197cb5 PA:0x00101398 store:0x00000000
           1718	       855	00101160	3944a503	lw	x10,916(x9)	  x9:0x00101000 x10=0x3f7d1f60 PA:0x00101394 store:0x0000000f
           1728	       860	00101164	39192823	sw	x17,912(x18)	 x18:0x00101000 x17:0x41eea6b5 PA:0x00101390 store:0x41eea6b5 load:0x3f7d1f60
           1730	       861	00101168	00a87a53	fadd.s	f20,f16,f10	 f16:0x44197cb5 f10:0x3f7d1f60 f20=0x4419bbfd
           1732	       862	0010116c	39442c23	sw	x20,920(x8)	  x8:0x00101000 x20:0x4419bbfd PA:0x00101398 store:0x4419bbfd load:0x3f7d1f60
           1734	       863	00101170	eeb794e3	bne	x15,x11,101058	 x15:0x00000010 x11:0x00000064
           1746	       869	00101058	3944a083	lw	x1,916(x9)	  x9:0x00101000  x1=0x3f7d1f60 PA:0x00101394 store:0x4419bbfd
           1748	       870	0010105c	d007f853	fcvt.s.w	f16,x15	 x15:0x00000010 f16=0x41800000
           1750	       871	00101060	39092883	lw	x17,912(x18)	 x18:0x00101000 x17=0x41eea6b5 PA:0x00101390 store:0x41800000
           1752	       872	00101064	00178a13	addi	x20,x15,1	 x15:0x00000010 x20=0x00000011
           1760	       876	00101068	39842a83	lw	x21,920(x8)	  x8:0x00101000 x21=0x4419bbfd PA:0x00101398 store:0x00000000
           1762	       877	0010106c	88187b43	fmadd.s	f22,f16,f1,f17	 f16:0x41800000  f1:0x3f7d1f60 f17:0x41800000 f22=0x41fe8fb0
           1768	       880	00101070	3944ae03	lw	x28,916(x9)	  x9:0x00101000 x28=0x3f7d1f60 PA:0x00101394 store:0x00000011
           1770	       881	00101074	d00a7ed3	fcvt.s.w	f29,x20	 x20:0x00000011 f29=0x41880000
           1776	       884	00101078	3944af03	lw	x30,916(x9)	  x9:0x00101000 x30=0x3f7d1f60 PA:0x00101394 store:0x00000011
           1778	       885	0010107c	01caffd3	fadd.s	f31,f21,f28	 f21:0x4419bbfd f28:0x3f7d1f60 f31=0x4419fb45
           1780	       886	00101080	39692823	sw	x22,912(x18)	 x18:0x00101000 x22:0x41fe8fb0 PA:0x00101390 store:0x41fe8fb0 load:0x3f7d1f60
           1782	       887	00101084	39092283	lw	x5,912(x18)	 x18:0x00101000  x5=0x41fe8fb0 PA:0x00101390 store:0x41800000
           1790	       891	00101088	00278713	addi	x14,x15,2	 x15:0x00000010 x14=0x00000012
           1792	       892	0010108c	d00776d3	fcvt.s.w	f13,x14	 x14:0x00000012 f13=0x41900000
           1794	       893	00101090	29eef643	fmadd.s	f12,f29,f30,f5	 f29:0x41880000 f30:0x3f7d1f60  f5:0x41880000 f12=0x42073c56
           1796	       894	00101094	39f42c23	sw	x31,920(x8)	  x8:0x00101000 x31:0x4419fb45 PA:0x00101398 store:0x4419fb45 load:0x41fe8fb0
           1798	       895	00101098	39842303	lw	x6,920(x8)	  x8:0x00101000  x6=0x4419fb45 PA:0x00101398 store:0x00000000
           1802	       897	0010109c	3944a383	lw	x7,916(x9)	  x9:0x00101000  x7=0x3f7d1f60 PA:0x00101394 store:0x00000011
           1806	       899	001010a0	3944a083	lw	x1,916(x9)	  x9:0x00101000  x1=0x3f7d1f60 PA:0x00101394 store:0x00000011
           1810	       901	001010a4	38c92823	sw	x12,912(x18)	 x18:0x00101000 x12:0x42073c56 PA:0x00101390 store:0x42073c56 load:0x3f7d1f60
           1820	       906	001010a8	39092803	lw	x16,912(x18)	 x18:0x00101000 x16=0x42073c56 PA:0x00101390 store:0x41800000
           1822	       907	001010ac	00737553	fadd.s	f10,f6,f7	  f6:0x4419fb45  f7:0x3f7d1f60 f10=0x441a3a8d
           1826	       909	001010b0	00378893	addi	x17,x15,3	 x15:0x00000010 x17=0x00000013
           1828	       910	001010b4	8016fa43	fmadd.s	f20,f13,f1,f16	 f13:0x41900000  f1:0x3f7d1f60 f16:0x41900000 f20=0x420f30d3
           1830	       911	001010b8	d008fad3	fcvt.s.w	f21,x17	 x17:0x00000013 f21=0x41980000
           1832	       912	001010bc	00478b13	addi	x22,x15,4	 x15:0x00000010 x22=0x00000014
           1834	       913	001010c0	38a42c23	sw	x10,920(x8)	  x8:0x00101000 x10:0x441a3a8d PA:0x00101398 store:0x441a3a8d load:0x42073c56
           1836	       914	001010c4	39842e03	lw	x28,920(x8)	  x8:0x00101000 x28=0x441a3a8d PA:0x00101398 store:0x00000000
           1840	       916	001010c8	39492823	sw	x20,912(x18)	 x18:0x00101000 x20:0x420f30d3 PA:0x00101390 store:0x420f30d3 load:0x441a3a8d
           1844	       918	001010cc	3944ae83	lw	x29,916(x9)	  x9:0x00101000 x29=0x3f7d1f60 PA:0x00101394 store:0x420f30d3
           1848	       920	001010d0	3944af03	lw	x30,916(x9)	  x9:0x00101000 x30=0x3f7d1f60 PA:0x00101394 store:0x420f30d3
           1858	       925	001010d4	39092f83	lw	x31,912(x18)	 x18:0x00101000 x31=0x420f30d3 PA:0x00101390 store:0x42073c56
           1860	       926	001010d8	01de72d3	fadd.s	f5,f28,f29	 f28:0x441a3a8d f29:0x3f7d1f60  f5=0x441a79d5
           1862	       927	001010dc	d00b7653	fcvt.s.w	f12,x22	 x22:0x00000014 f12=0x41a00000
           1864	       928	001010e0	f9eaf743	fmadd.s	f14,f21,f30,f31	 f21:0x41980000 f30:0x3f7d1f60 f31:0x41980000 f14=0x42172550
           1868	       930	001010e4	00578693	addi	x13,x15,5	 x15:0x00000010 x13=0x00000015
           1870	       931	001010e8	d006f353	fcvt.s.w	f6,x13	 x13:0x00000015  f6=0x41a80000
           1872	       932	001010ec	38542c23	sw	x5,920(x8)	  x8:0x00101000  x5:0x441a79d5 PA:0x00101398 store:0x441a79d5 load:0x420f30d3
           1874	       933	001010f0	39842383	lw	x7,920(x8)	  x8:0x00101000  x7=0x441a79d5 PA:0x00101398 store:0x00000000
           1878	       935	001010f4	38e92823	sw	x14,912(x18)	 x18:0x00101000 x14:0x42172550 PA:0x00101390 store:0x42172550 load:0x441a79d5
           1882	       937	001010f8	3944a083	lw	x1,916(x9)	  x9:0x00101000  x1=0x3f7d1f60 PA:0x00101394 store:0x420f30d3
           1886	       939	001010fc	3944a883	lw	x17,916(x9)	  x9:0x00101000 x17=0x3f7d1f60 PA:0x00101394 store:0x420f30d3
           1896	       944	00101100	39092803	lw	x16,912(x18)	 x18:0x00101000 x16=0x42172550 PA:0x00101390 store:0x42073c56
           1898	       945	00101104	0013f553	fadd.s	f10,f7,f1	  f7:0x441a79d5  f1:0x3f7d1f60 f10=0x441ab91d
           1902	       947	00101108	00678a13	addi	x20,x15,6	 x15:0x00000010 x20=0x00000016
           1904	       948	0010110c	81167ac3	fmadd.s	f21,f12,f17,f16	 f12:0x41a00000 f17:0x3f7d1f60 f16:0x41a00000 f21=0x421f19ce
           1906	       949	00101110	d00a7b53	fcvt.s.w	f22,x20	 x20:0x00000016 f22=0x41b00000
           1908	       950	00101114	00778793	addi	x15,x15,7	 x15:0x00000010 x15=0x00000017
           1910	       951	00101118	38a42c23	sw	x10,920(x8)	  x8:0x00101000 x10:0x441ab91d PA:0x00101398 store:0x441ab91d load:0x42172550
           1912	       952	0010111c	39842e03	lw	x28,920(x8)	  x8:0x00101000 x28=0x441ab91d PA:0x00101398 store:0x00000000
           1916	       954	00101120	39592823	sw	x21,912(x18)	 x18:0x00101000 x21:0x421f19ce PA:0x00101390 store:0x421f19ce load:0x441ab91d
           1920	       956	00101124	3944ae83	lw	x29,916(x9)	  x9:0x00101000 x29=0x3f7d1f60 PA:0x00101394 store:0x00000016
           1924	       958	00101128	3944af03	lw	x30,916(x9)	  x9:0x00101000 x30=0x3f7d1f60 PA:0x00101394 store:0x00000016
           1934	       963	0010112c	39092f83	lw	x31,912(x18)	 x18:0x00101000 x31=0x421f19ce PA:0x00101390 store:0x42172550
           1936	       964	00101130	01de72d3	fadd.s	f5,f28,f29	 f28:0x441ab91d f29:0x3f7d1f60  f5=0x441af865
           1938	       965	00101134	f9e37643	fmadd.s	f12,f6,f30,f31	  f6:0x41a80000 f30:0x3f7d1f60 f31:0x41a80000 f12=0x42270e4c
           1940	       966	00101138	38542c23	sw	x5,920(x8)	  x8:0x00101000  x5:0x441af865 PA:0x00101398 store:0x441af865 load:0x421f19ce
           1942	       967	0010113c	38c92823	sw	x12,912(x18)	 x18:0x00101000 x12:0x42270e4c PA:0x00101390 store:0x42270e4c load:0x421f19ce
           1946	       969	00101140	39842703	lw	x14,920(x8)	  x8:0x00101000 x14=0x441af865 PA:0x00101398 store:0x00000000
           1950	       971	00101144	3944a683	lw	x13,916(x9)	  x9:0x00101000 x13=0x3f7d1f60 PA:0x00101394 store:0x00000016
           1954	       973	00101148	3944a303	lw	x6,916(x9)	  x9:0x00101000  x6=0x3f7d1f60 PA:0x00101394 store:0x00000016
           1964	       978	0010114c	39092383	lw	x7,912(x18)	 x18:0x00101000  x7=0x42270e4c PA:0x00101390 store:0x42172550
           1966	       979	00101150	00d770d3	fadd.s	f1,f14,f13	 f14:0x441af865 f13:0x3f7d1f60  f1=0x441b37ad
           1968	       980	00101154	386b78c3	fmadd.s	f17,f22,f6,f7	 f22:0x41b00000  f6:0x3f7d1f60  f7:0x41b00000 f17=0x422f02c9
           1970	       981	00101158	38142c23	sw	x1,920(x8)	  x8:0x00101000  x1:0x441b37ad PA:0x00101398 store:0x441b37ad load:0x42270e4c
           1972	       982	0010115c	39842803	lw	x16,920(x8)	  x8:0x00101000 x16=0x441b37ad PA:0x00101398 store:0x00000000
           1976	       984	00101160	3944a503	lw	x10,916(x9)	  x9:0x00101000 x10=0x3f7d1f60 PA:0x00101394 store:0x00000016
           1986	       989	00101164	39192823	sw	x17,912(x18)	 x18:0x00101000 x17:0x422f02c9 PA:0x00101390 store:0x422f02c9 load:0x3f7d1f60
           1988	       990	00101168	00a87a53	fadd.s	f20,f16,f10	 f16:0x441b37ad f10:0x3f7d1f60 f20=0x441b76f5
           1990	       991	0010116c	39442c23	sw	x20,920(x8)	  x8:0x00101000 x20:0x441b76f5 PA:0x00101398 store:0x441b76f5 load:0x3f7d1f60
           1992	       992	00101170	eeb794e3	bne	x15,x11,101058	 x15:0x00000017 x11:0x00000064
           2004	       998	00101058	3944a083	lw	x1,916(x9)	  x9:0x00101000  x1=0x3f7d1f60 PA:0x00101394 store:0x441b76f5
           2006	       999	0010105c	d007f853	fcvt.s.w	f16,x15	 x15:0x00000017 f16=0x41b80000
           2008	      1000	00101060	39092883	lw	x17,912(x18)	 x18:0x00101000 x17=0x422f02c9 PA:0x00101390 store:0x41b80000
           2010	      1001	00101064	00178a13	addi	x20,x15,1	 x15:0x00000017 x20=0x00000018
           2018	      1005	00101068	39842a83	lw	x21,920(x8)	  x8:0x00101000 x21=0x441b76f5 PA:0x00101398 store:0x00000000
           2020	      1006	0010106c	88187b43	fmadd.s	f22,f16,f1,f17	 f16:0x41b80000  f1:0x3f7d1f60 f17:0x41b80000 f22=0x4236f746
           2026	      1009	00101070	3944ae03	lw	x28,916(x9)	  x9:0x00101000 x28=0x3f7d1f60 PA:0x00101394 store:0x00000018
           2028	      1010	00101074	d00a7ed3	fcvt.s.w	f29,x20	 x20:0x00000018 f29=0x41c00000
           2034	      1013	00101078	3944af03	lw	x30,916(x9)	  x9:0x00101000 x30=0x3f7d1f60 PA:0x00101394 store:0x00000018
           2036	      1014	0010107c	01caffd3	fadd.s	f31,f21,f28	 f21:0x441b76f5 f28:0x3f7d1f60 f31=0x441bb63d
           2038	      1015	00101080	39692823	sw	x22,912(x18)	 x18:0x00101000 x22:0x4236f746 PA:0x00101390 store:0x4236f746 load:0x3f7d1f60
           2040	      1016	00101084	39092283	lw	x5,912(x18)	 x18:0x00101000  x5=0x4236f746 PA:0x00101390 store:0x41b80000
           2048	      1020	00101088	00278713	addi	x14,x15,2	 x15:0x00000017 x14=0x00000019
           2050	      1021	0010108c	d00776d3	fcvt.s.w	f13,x14	 x14:0x00000019 f13=0x41c80000
           2052	      1022	00101090	29eef643	fmadd.s	f12,f29,f30,f5	 f29:0x41c00000 f30:0x3f7d1f60  f5:0x41c00000 f12=0x423eebc4
           2054	      1023	00101094	39f42c23	sw	x31,920(x8)	  x8:0x00101000 x31:0x441bb63d PA:0x00101398 store:0x441bb63d load:0x4236f746
           2056	      1024	00101098	39842303	lw	x6,920(x8)	  x8:0x00101000  x6=0x441bb63d PA:0x00101398 store:0x00000000
           2060	      1026	0010109c	3944a383	lw	x7,916(x9)	  x9:0x00101000  x7=0x3f7d1f60 PA:0x00101394 store:0x00000018
           2064	      1028	001010a0	3944a083	lw	x1,916(x9)	  x9:0x00101000  x1=0x3f7d1f60 PA:0x00101394 store:0x00000018
           2068	      1030	001010a4	38c92823	sw	x12,912(x18)	 x18:0x00101000 x12:0x423eebc4 PA:0x00101390 store:0x423eebc4 load:0x3f7d1f60
           2078	      1035	001010a8	39092803	lw	x16,912(x18)	 x18:0x00101000 x16=0x423eebc4 PA:0x00101390 store:0x41b80000
           2080	      1036	001010ac	00737553	fadd.s	f10,f6,f7	  f6:0x441bb63d  f7:0x3f7d1f60 f10=0x441bf585
           2084	      1038	001010b0	00378893	addi	x17,x15,3	 x15:0x00000017 x17=0x0000001a
           2086	      1039	001010b4	8016fa43	fmadd.s	f20,f13,f1,f16	 f13:0x41c80000  f1:0x3f7d1f60 f16:0x41c80000 f20=0x4246e042
           2088	      1040	001010b8	d008fad3	fcvt.s.w	f21,x17	 x17:0x0000001a f21=0x41d00000
           2090	      1041	001010bc	00478b13	addi	x22,x15,4	 x15:0x00000017 x22=0x0000001b
           2092	      1042	001010c0	38a42c23	sw	x10,920(x8)	  x8:0x00101000 x10:0x441bf585 PA:0x00101398 store:0x441bf585 load:0x423eebc4
           2094	      1043	001010c4	39842e03	lw	x28,920(x8)	  x8:0x00101000 x28=0x441bf585 PA:0x00101398 store:0x00000000
           2098	      1045	001010c8	39492823	sw	x20,912(x18)	 x18:0x00101000 x20:0x4246e042 PA:0x00101390 store:0x4246e042 load:0x441bf585
           2102	      1047	001010cc	3944ae83	lw	x29,916(x9)	  x9:0x00101000 x29=0x3f7d1f60 PA:0x00101394 store:0x4246e042
           2106	      1049	001010d0	3944af03	lw	x30,916(x9)	  x9:0x00101000 x30=0x3f7d1f60 PA:0x00101394 store:0x4246e042
           2116	      1054	001010d4	39092f83	lw	x31,912(x18)	 x18:0x00101000 x31=0x4246e042 PA:0x00101390 store:0x423eebc4
           2118	      1055	001010d8	01de72d3	fadd.s	f5,f28,f29	 f28:0x441bf585 f29:0x3f7d1f60  f5=0x441c34cd
           2120	      1056	001010dc	d00b7653	fcvt.s.w	f12,x22	 x22:0x0000001b f12=0x41d80000
           2122	      1057	001010e0	f9eaf743	fmadd.s	f14,f21,f30,f31	 f21:0x41d00000 f30:0x3f7d1f60 f31:0x41d00000 f14=0x424ed4bf
           2126	      1059	001010e4	00578693	addi	x13,x15,5	 x15:0x00000017 x13=0x0000001c
           2128	      1060	001010e8	d006f353	fcvt.s.w	f6,x13	 x13:0x0000001c  f6=0x41e00000
           2130	      1061	001010ec	38542c23	sw	x5,920(x8)	  x8:0x00101000  x5:0x441c34cd PA:0x00101398 store:0x441c34cd load:0x4246e042
           2132	      1062	001010f0	39842383	lw	x7,920(x8)	  x8:0x00101000  x7=0x441c34cd PA:0x00101398 store:0x00000000
           2136	      1064	001010f4	38e92823	sw	x14,912(x18)	 x18:0x00101000 x14:0x424ed4bf PA:0x00101390 store:0x424ed4bf load:0x441c34cd
           2140	      1066	001010f8	3944a083	lw	x1,916(x9)	  x9:0x00101000  x1=0x3f7d1f60 PA:0x00101394 store:0x4246e042
           2144	      1068	001010fc	3944a883	lw	x17,916(x9)	  x9:0x00101000 x17=0x3f7d1f60 PA:0x00101394 store:0x4246e042
           2154	      1073	00101100	39092803	lw	x16,912(x18)	 x18:0x00101000 x16=0x424ed4bf PA:0x00101390 store:0x423eebc4
           2156	      1074	00101104	0013f553	fadd.s	f10,f7,f1	  f7:0x441c34cd  f1:0x3f7d1f60 f10=0x441c7415
           2160	      1076	00101108	00678a13	addi	x20,x15,6	 x15:0x00000017 x20=0x0000001d
           2162	      1077	0010110c	81167ac3	fmadd.s	f21,f12,f17,f16	 f12:0x41d80000 f17:0x3f7d1f60 f16:0x41d80000 f21=0x4256c93c
           2164	      1078	00101110	d00a7b53	fcvt.s.w	f22,x20	 x20:0x0000001d f22=0x41e80000
           2166	      1079	00101114	00778793	addi	x15,x15,7	 x15:0x00000017 x15=0x0000001e
           2168	      1080	00101118	38a42c23	sw	x10,920(x8)	  x8:0x00101000 x10:0x441c7415 PA:0x00101398 store:0x441c7415 load:0x424ed4bf
           2170	      1081	0010111c	39842e03	lw	x28,920(x8)	  x8:0x00101000 x28=0x441c7415 PA:0x00101398 store:0x00000000
           2174	      1083	00101120	39592823	sw	x21,912(x18)	 x18:0x00101000 x21:0x4256c93c PA:0x00101390 store:0x4256c93c load:0x441c7415
           2178	      1085	00101124	3944ae83	lw	x29,916(x9)	  x9:0x00101000 x29=0x3f7d1f60 PA:0x00101394 store:0x0000001d
           2182	      1087	00101128	3944af03	lw	x30,916(x9)	  x9:0x00101000 x30=0x3f7d1f60 PA:0x00101394 store:0x0000001d
           2192	      1092	0010112c	39092f83	lw	x31,912(x18)	 x18:0x00101000 x31=0x4256c93c PA:0x00101390 store:0x424ed4bf
           2194	      1093	00101130	01de72d3	fadd.s	f5,f28,f29	 f28:0x441c7415 f29:0x3f7d1f60  f5=0x441cb35d
           2196	      1094	00101134	f9e37643	fmadd.s	f12,f6,f30,f31	  f6:0x41e00000 f30:0x3f7d1f60 f31:0x41e00000 f12=0x425ebdba
           2198	      1095	00101138	38542c23	sw	x5,920(x8)	  x8:0x00101000  x5:0x441cb35d PA:0x00101398 store:0x441cb35d load:0x4256c93c
           2200	      1096	0010113c	38c92823	sw	x12,912(x18)	 x18:0x00101000 x12:0x425ebdba PA:0x00101390 store:0x425ebdba load:0x4256c93c
           2204	      1098	00101140	39842703	lw	x14,920(x8)	  x8:0x00101000 x14=0x441cb35d PA:0x00101398 store:0x00000000
           2208	      1100	00101144	3944a683	lw	x13,916(x9)	  x9:0x00101000 x13=0x3f7d1f60 PA:0x00101394 store:0x0000001d
           2212	      1102	00101148	3944a303	lw	x6,916(x9)	  x9:0x00101000  x6=0x3f7d1f60 PA:0x00101394 store:0x0000001d
           2222	      1107	0010114c	39092383	lw	x7,912(x18)	 x18:0x00101000  x7=0x425ebdba PA:0x00101390 store:0x424ed4bf
           2224	      1108	00101150	00d770d3	fadd.s	f1,f14,f13	 f14:0x441cb35d f13:0x3f7d1f60  f1=0x441cf2a5
           2226	      1109	00101154	386b78c3	fmadd.s	f17,f22,f6,f7	 f22:0x41e80000  f6:0x3f7d1f60  f7:0x41e80000 f17=0x4266b238
           2228	      1110	00101158	38142c23	sw	x1,920(x8)	  x8:0x00101000  x1:0x441cf2a5 PA:0x00101398 store:0x441cf2a5 load:0x425ebdba
           2230	      1111	0010115c	39842803	lw	x16,920(x8)	  x8:0x00101000 x16=0x441cf2a5 PA:0x00101398 store:0x00000000
           2234	      1113	00101160	3944a503	lw	x10,916(x9)	  x9:0x00101000 x10=0x3f7d1f60 PA:0x00101394 store:0x0000001d
           2244	      1118	00101164	39192823	sw	x17,912(x18)	 x18:0x00101000 x17:0x4266b238 PA:0x00101390 store:0x4266b238 load:0x3f7d1f60
           2246	      1119	00101168	00a87a53	fadd.s	f20,f16,f10	 f16:0x441cf2a5 f10:0x3f7d1f60 f20=0x441d31ed
           2248	      1120	0010116c	39442c23	sw	x20,920(x8)	  x8:0x00101000 x20:0x441d31ed PA:0x00101398 store:0x441d31ed load:0x3f7d1f60
           2250	      1121	00101170	eeb794e3	bne	x15,x11,101058	 x15:0x0000001e x11:0x00000064
           2262	      1127	00101058	3944a083	lw	x1,916(x9)	  x9:0x00101000  x1=0x3f7d1f60 PA:0x00101394 store:0x441d31ed
           2264	      1128	0010105c	d007f853	fcvt.s.w	f16,x15	 x15:0x0000001e f16=0x41f00000
           2266	      1129	00101060	39092883	lw	x17,912(x18)	 x18:0x00101000 x17=0x4266b238 PA:0x00101390 store:0x41f00000
           2268	      1130	00101064	00178a13	addi	x20,x15,1	 x15:0x0000001e x20=0x0000001f
           2276	      1134	00101068	39842a83	lw	x21,920(x8)	  x8:0x00101000 x21=0x441d31ed PA:0x00101398 store:0x00000000
           2278	      1135	0010106c	88187b43	fmadd.s	f22,f16,f1,f17	 f16:0x41f00000  f1:0x3f7d1f60 f17:0x41f00000 f22=0x426ea6b5
           2284	      1138	00101070	3944ae03	lw	x28,916(x9)	  x9:0x00101000 x28=0x3f7d1f60 PA:0x00101394 store:0x0000001f
           2286	      1139	00101074	d00a7ed3	fcvt.s.w	f29,x20	 x20:0x0000001f f29=0x41f80000
           2292	      1142	00101078	3944af03	lw	x30,916(x9)	  x9:0x00101000 x30=0x3f7d1f60 PA:0x00101394 store:0x0000001f
           2294	      1143	0010107c	01caffd3	fadd.s	f31,f21,f28	 f21:0x441d31ed f28:0x3f7d1f60 f31=0x441d7135
           2296	      1144	00101080	39692823	sw	x22,912(x18)	 x18:0x00101000 x22:0x426ea6b5 PA:0x00101390 store:0x426ea6b5 load:0x3f7d1f60
           2298	      1145	00101084	39092283	lw	x5,912(x18)	 x18:0x00101000  x5=0x426ea6b5 PA:0x00101390 store:0x41f00000
           2306	      1149	00101088	00278713	addi	x14,x15,2	 x15:0x0000001e x14=0x00000020
           2308	      1150	0010108c	d00776d3	fcvt.s.w	f13,x14	 x14:0x00000020 f13=0x42000000
           2310	      1151	00101090	29eef643	fmadd.s	f12,f29,f30,f5	 f29:0x41f80000 f30:0x3f7d1f60  f5:0x41f80000 f12=0x42769b32
           2312	      1152	00101094	39f42c23	sw	x31,920(x8)	  x8:0x00101000 x31:0x441d7135 PA:0x00101398 store:0x441d7135 load:0x426ea6b5
           2314	      1153	00101098	39842303	lw	x6,920(x8)	  x8:0x00101000  x6=0x441d7135 PA:0x00101398 store:0x00000000
           2318	      1155	0010109c	3944a383	lw	x7,916(x9)	  x9:0x00101000  x7=0x3f7d1f60 PA:0x00101394 store:0x0000001f
           2322	      1157	001010a0	3944a083	lw	x1,916(x9)	  x9:0x00101000  x1=0x3f7d1f60 PA:0x00101394 store:0x0000001f
           2326	      1159	001010a4	38c92823	sw	x12,912(x18)	 x18:0x00101000 x12:0x42769b32 PA:0x00101390 store:0x42769b32 load:0x3f7d1f60
           2336	      1164	001010a8	39092803	lw	x16,912(x18)	 x18:0x00101000 x16=0x42769b32 PA:0x00101390 store:0x41f00000
           2338	      1165	001010ac	00737553	fadd.s	f10,f6,f7	  f6:0x441d7135  f7:0x3f7d1f60 f10=0x441db07d
           2342	      1167	001010b0	00378893	addi	x17,x15,3	 x15:0x0000001e x17=0x00000021
           2344	      1168	001010b4	8016fa43	fmadd.s	f20,f13,f1,f16	 f13:0x42000000  f1:0x3f7d1f60 f16:0x42000000 f20=0x427e8fb0
           2346	      1169	001010b8	d008fad3	fcvt.s.w	f21,x17	 x17:0x00000021 f21=0x42040000
           2348	      1170	001010bc	00478b13	addi	x22,x15,4	 x15:0x0000001e x22=0x00000022
           2350	      1171	001010c0	38a42c23	sw	x10,920(x8)	  x8:0x00101000 x10:0x441db07d PA:0x00101398 store:0x441db07d load:0x42769b32
           2352	      1172	001010c4	39842e03	lw	x28,920(x8)	  x8:0x00101000 x28=0x441db07d PA:0x00101398 store:0x00000000
           2356	      1174	001010c8	39492823	sw	x20,912(x18)	 x18:0x00101000 x20:0x427e8fb0 PA:0x00101390 store:0x427e8fb0 load:0x441db07d
           2360	      1176	001010cc	3944ae83	lw	x29,916(x9)	  x9:0x00101000 x29=0x3f7d1f60 PA:0x00101394 store:0x427e8fb0
           2364	      1178	001010d0	3944af03	lw	x30,916(x9)	  x9:0x00101000 x30=0x3f7d1f60 PA:0x00101394 store:0x427e8fb0
           2374	      1183	001010d4	39092f83	lw	x31,912(x18)	 x18:0x00101000 x31=0x427e8fb0 PA:0x00101390 store:0x42769b32
           2376	      1184	001010d8	01de72d3	fadd.s	f5,f28,f29	 f28:0x441db07d f29:0x3f7d1f60  f5=0x441defc5
           2378	      1185	001010dc	d00b7653	fcvt.s.w	f12,x22	 x22:0x00000022 f12=0x42080000
           2380	      1186	001010e0	f9eaf743	fmadd.s	f14,f21,f30,f31	 f21:0x42040000 f30:0x3f7d1f60 f31:0x42040000 f14=0x42834217
           2384	      1188	001010e4	00578693	addi	x13,x15,5	 x15:0x0000001e x13=0x00000023
           2386	      1189	001010e8	d006f353	fcvt.s.w	f6,x13	 x13:0x00000023  f6=0x420c0000
           2388	      1190	001010ec	38542c23	sw	x5,920(x8)	  x8:0x00101000  x5:0x441defc5 PA:0x00101398 store:0x441defc5 load:0x427e8fb0
           2390	      1191	001010f0	39842383	lw	x7,920(x8)	  x8:0x00101000  x7=0x441defc5 PA:0x00101398 store:0x00000000
           2394	      1193	001010f4	38e92823	sw	x14,912(x18)	 x18:0x00101000 x14:0x42834217 PA:0x00101390 store:0x42834217 load:0x441defc5
           2398	      1195	001010f8	3944a083	lw	x1,916(x9)	  x9:0x00101000  x1=0x3f7d1f60 PA:0x00101394 store:0x427e8fb0
           2402	      1197	001010fc	3944a883	lw	x17,916(x9)	  x9:0x00101000 x17=0x3f7d1f60 PA:0x00101394 store:0x427e8fb0
           2412	      1202	00101100	39092803	lw	x16,912(x18)	 x18:0x00101000 x16=0x42834217 PA:0x00101390 store:0x42769b32
           2414	      1203	00101104	0013f553	fadd.s	f10,f7,f1	  f7:0x441defc5  f1:0x3f7d1f60 f10=0x441e2f0d
           2418	      1205	00101108	00678a13	addi	x20,x15,6	 x15:0x0000001e x20=0x00000024
           2420	      1206	0010110c	81167ac3	fmadd.s	f21,f12,f17,f16	 f12:0x42080000 f17:0x3f7d1f60 f16:0x42080000 f21=0x42873c56
           2422	      1207	00101110	d00a7b53	fcvt.s.w	f22,x20	 x20:0x00000024 f22=0x42100000
           2424	      1208	00101114	00778793	addi	x15,x15,7	 x15:0x0000001e x15=0x00000025
           2426	      1209	00101118	38a42c23	sw	x10,920(x8)	  x8:0x00101000 x10:0x441e2f0d PA:0x00101398 store:0x441e2f0d load:0x42834217
           2428	      1210	0010111c	39842e03	lw	x28,920(x8)	  x8:0x00101000 x28=0x441e2f0d PA:0x00101398 store:0x00000000
           2432	      1212	00101120	39592823	sw	x21,912(x18)	 x18:0x00101000 x21:0x42873c56 PA:0x00101390 store:0x42873c56 load:0x441e2f0d
           2436	      1214	00101124	3944ae83	lw	x29,916(x9)	  x9:0x00101000 x29=0x3f7d1f60 PA:0x00101394 store:0x00000024
           2440	      1216	00101128	3944af03	lw	x30,916(x9)	  x9:0x00101000 x30=0x3f7d1f60 PA:0x00101394 store:0x00000024
           2450	      1221	0010112c	39092f83	lw	x31,912(x18)	 x18:0x00101000 x31=0x42873c56 PA:0x00101390 store:0x42834217
           2452	      1222	00101130	01de72d3	fadd.s	f5,f28,f29	 f28:0x441e2f0d f29:0x3f7d1f60  f5=0x441e6e55
           2454	      1223	00101134	f9e37643	fmadd.s	f12,f6,f30,f31	  f6:0x420c0000 f30:0x3f7d1f60 f31:0x420c0000 f12=0x428b3694
           2456	      1224	00101138	38542c23	sw	x5,920(x8)	  x8:0x00101000  x5:0x441e6e55 PA:0x00101398 store:0x441e6e55 load:0x42873c56
           2458	      1225	0010113c	38c92823	sw	x12,912(x18)	 x18:0x00101000 x12:0x428b3694 PA:0x00101390 store:0x428b3694 load:0x42873c56
           2462	      1227	00101140	39842703	lw	x14,920(x8)	  x8:0x00101000 x14=0x441e6e55 PA:0x00101398 store:0x00000000
           2466	      1229	00101144	3944a683	lw	x13,916(x9)	  x9:0x00101000 x13=0x3f7d1f60 PA:0x00101394 store:0x00000024
           2470	      1231	00101148	3944a303	lw	x6,916(x9)	  x9:0x00101000  x6=0x3f7d1f60 PA:0x00101394 store:0x00000024
           2480	      1236	0010114c	39092383	lw	x7,912(x18)	 x18:0x00101000  x7=0x428b3694 PA:0x00101390 store:0x42834217
           2482	      1237	00101150	00d770d3	fadd.s	f1,f14,f13	 f14:0x441e6e55 f13:0x3f7d1f60  f1=0x441ead9d
           2484	      1238	00101154	386b78c3	fmadd.s	f17,f22,f6,f7	 f22:0x42100000  f6:0x3f7d1f60  f7:0x42100000 f17=0x428f30d3
           2486	      1239	00101158	38142c23	sw	x1,920(x8)	  x8:0x00101000  x1:0x441ead9d PA:0x00101398 store:0x441ead9d load:0x428b3694
           2488	      1240	0010115c	39842803	lw	x16,920(x8)	  x8:0x00101000 x16=0x441ead9d PA:0x00101398 store:0x00000000
           2492	      1242	00101160	3944a503	lw	x10,916(x9)	  x9:0x00101000 x10=0x3f7d1f60 PA:0x00101394 store:0x00000024
           2502	      1247	00101164	39192823	sw	x17,912(x18)	 x18:0x00101000 x17:0x428f30d3 PA:0x00101390 store:0x428f30d3 load:0x3f7d1f60
           2504	      1248	00101168	00a87a53	fadd.s	f20,f16,f10	 f16:0x441ead9d f10:0x3f7d1f60 f20=0x441eece5
           2506	      1249	0010116c	39442c23	sw	x20,920(x8)	  x8:0x00101000 x20:0x441eece5 PA:0x00101398 store:0x441eece5 load:0x3f7d1f60
           2508	      1250	00101170	eeb794e3	bne	x15,x11,101058	 x15:0x00000025 x11:0x00000064
           2520	      1256	00101058	3944a083	lw	x1,916(x9)	  x9:0x00101000  x1=0x3f7d1f60 PA:0x00101394 store:0x441eece5
           2522	      1257	0010105c	d007f853	fcvt.s.w	f16,x15	 x15:0x00000025 f16=0x42140000
           2524	      1258	00101060	39092883	lw	x17,912(x18)	 x18:0x00101000 x17=0x428f30d3 PA:0x00101390 store:0x42140000
           2526	      1259	00101064	00178a13	addi	x20,x15,1	 x15:0x00000025 x20=0x00000026
           2534	      1263	00101068	39842a83	lw	x21,920(x8)	  x8:0x00101000 x21=0x441eece5 PA:0x00101398 store:0x00000000
           2536	      1264	0010106c	88187b43	fmadd.s	f22,f16,f1,f17	 f16:0x42140000  f1:0x3f7d1f60 f17:0x42140000 f22=0x42932b12
           2542	      1267	00101070	3944ae03	lw	x28,916(x9)	  x9:0x00101000 x28=0x3f7d1f60 PA:0x00101394 store:0x00000026
           2544	      1268	00101074	d00a7ed3	fcvt.s.w	f29,x20	 x20:0x00000026 f29=0x42180000
           2550	      1271	00101078	3944af03	lw	x30,916(x9)	  x9:0x00101000 x30=0x3f7d1f60 PA:0x00101394 store:0x00000026
           2552	      1272	0010107c	01caffd3	fadd.s	f31,f21,f28	 f21:0x441eece5 f28:0x3f7d1f60 f31=0x441f2c2d
           2554	      1273	00101080	39692823	sw	x22,912(x18)	 x18:0x00101000 x22:0x42932b12 PA:0x00101390 store:0x42932b12 load:0x3f7d1f60
           2556	      1274	00101084	39092283	lw	x5,912(x18)	 x18:0x00101000  x5=0x42932b12 PA:0x00101390 store:0x42140000
           2564	      1278	00101088	00278713	addi	x14,x15,2	 x15:0x00000025 x14=0x00000027
           2566	      1279	0010108c	d00776d3	fcvt.s.w	f13,x14	 x14:0x00000027 f13=0x421c0000
           2568	      1280	00101090	29eef643	fmadd.s	f12,f29,f30,f5	 f29:0x42180000 f30:0x3f7d1f60  f5:0x42180000 f12=0x42972550
           2570	      1281	00101094	39f42c23	sw	x31,920(x8)	  x8:0x00101000 x31:0x441f2c2d PA:0x00101398 store:0x441f2c2d load:0x42932b12
           2572	      1282	00101098	39842303	lw	x6,920(x8)	  x8:0x00101000  x6=0x441f2c2d PA:0x00101398 store:0x00000000
           2576	      1284	0010109c	3944a383	lw	x7,916(x9)	  x9:0x00101000  x7=0x3f7d1f60 PA:0x00101394 store:0x00000026
           2580	      1286	001010a0	3944a083	lw	x1,916(x9)	  x9:0x00101000  x1=0x3f7d1f60 PA:0x00101394 store:0x00000026
           2584	      1288	001010a4	38c92823	sw	x12,912(x18)	 x18:0x00101000 x12:0x42972550 PA:0x00101390 store:0x42972550 load:0x3f7d1f60
           2594	      1293	001010a8	39092803	lw	x16,912(x18)	 x18:0x00101000 x16=0x42972550 PA:0x00101390 store:0x42140000
           2596	      1294	001010ac	00737553	fadd.s	f10,f6,f7	  f6:0x441f2c2d  f7:0x3f7d1f60 f10=0x441f6b75
           2600	      1296	001010b0	00378893	addi	x17,x15,3	 x15:0x00000025 x17=0x00000028
           2602	      1297	001010b4	8016fa43	fmadd.s	f20,f13,f1,f16	 f13:0x421c0000  f1:0x3f7d1f60 f16:0x421c0000 f20=0x429b1f8f
           2604	      1298	001010b8	d008fad3	fcvt.s.w	f21,x17	 x17:0x00000028 f21=0x42200000
           2606	      1299	001010bc	00478b13	addi	x22,x15,4	 x15:0x00000025 x22=0x00000029
           2608	      1300	001010c0	38a42c23	sw	x10,920(x8)	  x8:0x00101000 x10:0x441f6b75 PA:0x00101398 store:0x441f6b75 load:0x42972550
           2610	      1301	001010c4	39842e03	lw	x28,920(x8)	  x8:0x00101000 x28=0x441f6b75 PA:0x00101398 store:0x00000000
           2614	      1303	001010c8	39492823	sw	x20,912(x18)	 x18:0x00101000 x20:0x429b1f8f PA:0x00101390 store:0x429b1f8f load:0x441f6b75
           2618	      1305	001010cc	3944ae83	lw	x29,916(x9)	  x9:0x00101000 x29=0x3f7d1f60 PA:0x00101394 store:0x429b1f8f
           2622	      1307	001010d0	3944af03	lw	x30,916(x9)	  x9:0x00101000 x30=0x3f7d1f60 PA:0x00101394 store:0x429b1f8f
           2632	      1312	001010d4	39092f83	lw	x31,912(x18)	 x18:0x00101000 x31=0x429b1f8f PA:0x00101390 store:0x42972550
           2634	      1313	001010d8	01de72d3	fadd.s	f5,f28,f29	 f28:0x441f6b75 f29:0x3f7d1f60  f5=0x441faabd
           2636	      1314	001010dc	d00b7653	fcvt.s.w	f12,x22	 x22:0x00000029 f12=0x42240000
           2638	      1315	001010e0	f9eaf743	fmadd.s	f14,f21,f30,f31	 f21:0x42200000 f30:0x3f7d1f60 f31:0x42200000 f14=0x429f19ce
           2642	      1317	001010e4	00578693	addi	x13,x15,5	 x15:0x00000025 x13=0x0000002a
           2644	      1318	001010e8	d006f353	fcvt.s.w	f6,x13	 x13:0x0000002a  f6=0x42280000
           2646	      1319	001010ec	38542c23	sw	x5,920(x8)	  x8:0x00101000  x5:0x441faabd PA:0x00101398 store:0x441faabd load:0x429b1f8f
           2648	      1320	001010f0	39842383	lw	x7,920(x8)	  x8:0x00101000  x7=0x441faabd PA:0x00101398 store:0x00000000
           2652	      1322	001010f4	38e92823	sw	x14,912(x18)	 x18:0x00101000 x14:0x429f19ce PA:0x00101390 store:0x429f19ce load:0x441faabd
           2656	      1324	001010f8	3944a083	lw	x1,916(x9)	  x9:0x00101000  x1=0x3f7d1f60 PA:0x00101394 store:0x429b1f8f
           2660	      1326	001010fc	3944a883	lw	x17,916(x9)	  x9:0x00101000 x17=0x3f7d1f60 PA:0x00101394 store:0x429b1f8f
           2670	      1331	00101100	39092803	lw	x16,912(x18)	 x18:0x00101000 x16=0x429f19ce PA:0x00101390 store:0x42972550
           2672	      1332	00101104	0013f553	fadd.s	f10,f7,f1	  f7:0x441faabd  f1:0x3f7d1f60 f10=0x441fea05
           2676	      1334	00101108	00678a13	addi	x20,x15,6	 x15:0x00000025 x20=0x0000002b
           2678	      1335	0010110c	81167ac3	fmadd.s	f21,f12,f17,f16	 f12:0x42240000 f17:0x3f7d1f60 f16:0x42240000 f21=0x42a3140d
           2680	      1336	00101110	d00a7b53	fcvt.s.w	f22,x20	 x20:0x0000002b f22=0x422c0000
           2682	      1337	00101114	00778793	addi	x15,x15,7	 x15:0x00000025 x15=0x0000002c
           2684	      1338	00101118	38a42c23	sw	x10,920(x8)	  x8:0x00101000 x10:0x441fea05 PA:0x00101398 store:0x441fea05 load:0x429f19ce
           2686	      1339	0010111c	39842e03	lw	x28,920(x8)	  x8:0x00101000 x28=0x441fea05 PA:0x00101398 store:0x00000000
           2690	      1341	00101120	39592823	sw	x21,912(x18)	 x18:0x00101000 x21:0x42a3140d PA:0x00101390 store:0x42a3140d load:0x441fea05
           2694	      1343	00101124	3944ae83	lw	x29,916(x9)	  x9:0x00101000 x29=0x3f7d1f60 PA:0x00101394 store:0x0000002b
           2698	      1345	00101128	3944af03	lw	x30,916(x9)	  x9:0x00101000 x30=0x3f7d1f60 PA:0x00101394 store:0x0000002b
           2708	      1350	0010112c	39092f83	lw	x31,912(x18)	 x18:0x00101000 x31=0x42a3140d PA:0x00101390 store:0x429f19ce
           2710	      1351	00101130	01de72d3	fadd.s	f5,f28,f29	 f28:0x441fea05 f29:0x3f7d1f60  f5=0x4420294d
           2712	      1352	00101134	f9e37643	fmadd.s	f12,f6,f30,f31	  f6:0x42280000 f30:0x3f7d1f60 f31:0x42280000 f12=0x42a70e4c
           2714	      1353	00101138	38542c23	sw	x5,920(x8)	  x8:0x00101000  x5:0x4420294d PA:0x00101398 store:0x4420294d load:0x42a3140d
           2716	      1354	0010113c	38c92823	sw	x12,912(x18)	 x18:0x00101000 x12:0x42a70e4c PA:0x00101390 store:0x42a70e4c load:0x42a3140d
           2720	      1356	00101140	39842703	lw	x14,920(x8)	  x8:0x00101000 x14=0x4420294d PA:0x00101398 store:0x00000000
           2724	      1358	00101144	3944a683	lw	x13,916(x9)	  x9:0x00101000 x13=0x3f7d1f60 PA:0x00101394 store:0x0000002b
           2728	      1360	00101148	3944a303	lw	x6,916(x9)	  x9:0x00101000  x6=0x3f7d1f60 PA:0x00101394 store:0x0000002b
           2738	      1365	0010114c	39092383	lw	x7,912(x18)	 x18:0x00101000  x7=0x42a70e4c PA:0x00101390 store:0x429f19ce
           2740	      1366	00101150	00d770d3	fadd.s	f1,f14,f13	 f14:0x4420294d f13:0x3f7d1f60  f1=0x44206895
           2742	      1367	00101154	386b78c3	fmadd.s	f17,f22,f6,f7	 f22:0x422c0000  f6:0x3f7d1f60  f7:0x422c0000 f17=0x42ab088a
           2744	      1368	00101158	38142c23	sw	x1,920(x8)	  x8:0x00101000  x1:0x44206895 PA:0x00101398 store:0x44206895 load:0x42a70e4c
           2746	      1369	0010115c	39842803	lw	x16,920(x8)	  x8:0x00101000 x16=0x44206895 PA:0x00101398 store:0x00000000
           2750	      1371	00101160	3944a503	lw	x10,916(x9)	  x9:0x00101000 x10=0x3f7d1f60 PA:0x00101394 store:0x0000002b
           2760	      1376	00101164	39192823	sw	x17,912(x18)	 x18:0x00101000 x17:0x42ab088a PA:0x00101390 store:0x42ab088a load:0x3f7d1f60
           2762	      1377	00101168	00a87a53	fadd.s	f20,f16,f10	 f16:0x44206895 f10:0x3f7d1f60 f20=0x4420a7dd
           2764	      1378	0010116c	39442c23	sw	x20,920(x8)	  x8:0x00101000 x20:0x4420a7dd PA:0x00101398 store:0x4420a7dd load:0x3f7d1f60
           2766	      1379	00101170	eeb794e3	bne	x15,x11,101058	 x15:0x0000002c x11:0x00000064
           2778	      1385	00101058	3944a083	lw	x1,916(x9)	  x9:0x00101000  x1=0x3f7d1f60 PA:0x00101394 store:0x4420a7dd
           2780	      1386	0010105c	d007f853	fcvt.s.w	f16,x15	 x15:0x0000002c f16=0x42300000
           2782	      1387	00101060	39092883	lw	x17,912(x18)	 x18:0x00101000 x17=0x42ab088a PA:0x00101390 store:0x42300000
           2784	      1388	00101064	00178a13	addi	x20,x15,1	 x15:0x0000002c x20=0x0000002d
           2792	      1392	00101068	39842a83	lw	x21,920(x8)	  x8:0x00101000 x21=0x4420a7dd PA:0x00101398 store:0x00000000
           2794	      1393	0010106c	88187b43	fmadd.s	f22,f16,f1,f17	 f16:0x42300000  f1:0x3f7d1f60 f17:0x42300000 f22=0x42af02c9
           2800	      1396	00101070	3944ae03	lw	x28,916(x9)	  x9:0x00101000 x28=0x3f7d1f60 PA:0x00101394 store:0x0000002d
           2802	      1397	00101074	d00a7ed3	fcvt.s.w	f29,x20	 x20:0x0000002d f29=0x42340000
           2808	      1400	00101078	3944af03	lw	x30,916(x9)	  x9:0x00101000 x30=0x3f7d1f60 PA:0x00101394 store:0x0000002d
           2810	      1401	0010107c	01caffd3	fadd.s	f31,f21,f28	 f21:0x4420a7dd f28:0x3f7d1f60 f31=0x4420e725
           2812	      1402	00101080	39692823	sw	x22,912(x18)	 x18:0x00101000 x22:0x42af02c9 PA:0x00101390 store:0x42af02c9 load:0x3f7d1f60
           2814	      1403	00101084	39092283	lw	x5,912(x18)	 x18:0x00101000  x5=0x42af02c9 PA:0x00101390 store:0x42300000
           2822	      1407	00101088	00278713	addi	x14,x15,2	 x15:0x0000002c x14=0x0000002e
           2824	      1408	0010108c	d00776d3	fcvt.s.w	f13,x14	 x14:0x0000002e f13=0x42380000
           2826	      1409	00101090	29eef643	fmadd.s	f12,f29,f30,f5	 f29:0x42340000 f30:0x3f7d1f60  f5:0x42340000 f12=0x42b2fd08
           2828	      1410	00101094	39f42c23	sw	x31,920(x8)	  x8:0x00101000 x31:0x4420e725 PA:0x00101398 store:0x4420e725 load:0x42af02c9
           2830	      1411	00101098	39842303	lw	x6,920(x8)	  x8:0x00101000  x6=0x4420e725 PA:0x00101398 store:0x00000000
           2834	      1413	0010109c	3944a383	lw	x7,916(x9)	  x9:0x00101000  x7=0x3f7d1f60 PA:0x00101394 store:0x0000002d
           2838	      1415	001010a0	3944a083	lw	x1,916(x9)	  x9:0x00101000  x1=0x3f7d1f60 PA:0x00101394 store:0x0000002d
           2842	      1417	001010a4	38c92823	sw	x12,912(x18)	 x18:0x00101000 x12:0x42b2fd08 PA:0x00101390 store:0x42b2fd08 load:0x3f7d1f60
           2852	      1422	001010a8	39092803	lw	x16,912(x18)	 x18:0x00101000 x16=0x42b2fd08 PA:0x00101390 store:0x42300000
           2854	      1423	001010ac	00737553	fadd.s	f10,f6,f7	  f6:0x4420e725  f7:0x3f7d1f60 f10=0x4421266d
           2858	      1425	001010b0	00378893	addi	x17,x15,3	 x15:0x0000002c x17=0x0000002f
           2860	      1426	001010b4	8016fa43	fmadd.s	f20,f13,f1,f16	 f13:0x42380000  f1:0x3f7d1f60 f16:0x42380000 f20=0x42b6f746
           2862	      1427	001010b8	d008fad3	fcvt.s.w	f21,x17	 x17:0x0000002f f21=0x423c0000
           2864	      1428	001010bc	00478b13	addi	x22,x15,4	 x15:0x0000002c x22=0x00000030
           2866	      1429	001010c0	38a42c23	sw	x10,920(x8)	  x8:0x00101000 x10:0x4421266d PA:0x00101398 store:0x4421266d load:0x42b2fd08
           2868	      1430	001010c4	39842e03	lw	x28,920(x8)	  x8:0x00101000 x28=0x4421266d PA:0x00101398 store:0x00000000
           2872	      1432	001010c8	39492823	sw	x20,912(x18)	 x18:0x00101000 x20:0x42b6f746 PA:0x00101390 store:0x42b6f746 load:0x4421266d
           2876	      1434	001010cc	3944ae83	lw	x29,916(x9)	  x9:0x00101000 x29=0x3f7d1f60 PA:0x00101394 store:0x42b6f746
           2880	      1436	001010d0	3944af03	lw	x30,916(x9)	  x9:0x00101000 x30=0x3f7d1f60 PA:0x00101394 store:0x42b6f746
           2890	      1441	001010d4	39092f83	lw	x31,912(x18)	 x18:0x00101000 x31=0x42b6f746 PA:0x00101390 store:0x42b2fd08
           2892	      1442	001010d8	01de72d3	fadd.s	f5,f28,f29	 f28:0x4421266d f29:0x3f7d1f60  f5=0x442165b5
           2894	      1443	001010dc	d00b7653	fcvt.s.w	f12,x22	 x22:0x00000030 f12=0x42400000
           2896	      1444	001010e0	f9eaf743	fmadd.s	f14,f21,f30,f31	 f21:0x423c0000 f30:0x3f7d1f60 f31:0x423c0000 f14=0x42baf185
           2900	      1446	001010e4	00578693	addi	x13,x15,5	 x15:0x0000002c x13=0x00000031
           2902	      1447	001010e8	d006f353	fcvt.s.w	f6,x13	 x13:0x00000031  f6=0x42440000
           2904	      1448	001010ec	38542c23	sw	x5,920(x8)	  x8:0x00101000  x5:0x442165b5 PA:0x00101398 store:0x442165b5 load:0x42b6f746
           2906	      1449	001010f0	39842383	lw	x7,920(x8)	  x8:0x00101000  x7=0x442165b5 PA:0x00101398 store:0x00000000
           2910	      1451	001010f4	38e92823	sw	x14,912(x18)	 x18:0x00101000 x14:0x42baf185 PA:0x00101390 store:0x42baf185 load:0x442165b5
           2914	      1453	001010f8	3944a083	lw	x1,916(x9)	  x9:0x00101000  x1=0x3f7d1f60 PA:0x00101394 store:0x42b6f746
           2918	      1455	001010fc	3944a883	lw	x17,916(x9)	  x9:0x00101000 x17=0x3f7d1f60 PA:0x00101394 store:0x42b6f746
           2928	      1460	00101100	39092803	lw	x16,912(x18)	 x18:0x00101000 x16=0x42baf185 PA:0x00101390 store:0x42b2fd08
           2930	      1461	00101104	0013f553	fadd.s	f10,f7,f1	  f7:0x442165b5  f1:0x3f7d1f60 f10=0x4421a4fd
           2934	      1463	00101108	00678a13	addi	x20,x15,6	 x15:0x0000002c x20=0x00000032
           2936	      1464	0010110c	81167ac3	fmadd.s	f21,f12,f17,f16	 f12:0x42400000 f17:0x3f7d1f60 f16:0x42400000 f21=0x42beebc4
           2938	      1465	00101110	d00a7b53	fcvt.s.w	f22,x20	 x20:0x00000032 f22=0x42480000
           2940	      1466	00101114	00778793	addi	x15,x15,7	 x15:0x0000002c x15=0x00000033
           2942	      1467	00101118	38a42c23	sw	x10,920(x8)	  x8:0x00101000 x10:0x4421a4fd PA:0x00101398 store:0x4421a4fd load:0x42baf185
           2944	      1468	0010111c	39842e03	lw	x28,920(x8)	  x8:0x00101000 x28=0x4421a4fd PA:0x00101398 store:0x00000000
           2948	      1470	00101120	39592823	sw	x21,912(x18)	 x18:0x00101000 x21:0x42beebc4 PA:0x00101390 store:0x42beebc4 load:0x4421a4fd
           2952	      1472	00101124	3944ae83	lw	x29,916(x9)	  x9:0x00101000 x29=0x3f7d1f60 PA:0x00101394 store:0x00000032
           2956	      1474	00101128	3944af03	lw	x30,916(x9)	  x9:0x00101000 x30=0x3f7d1f60 PA:0x00101394 store:0x00000032
           2966	      1479	0010112c	39092f83	lw	x31,912(x18)	 x18:0x00101000 x31=0x42beebc4 PA:0x00101390 store:0x42baf185
           2968	      1480	00101130	01de72d3	fadd.s	f5,f28,f29	 f28:0x4421a4fd f29:0x3f7d1f60  f5=0x4421e445
           2970	      1481	00101134	f9e37643	fmadd.s	f12,f6,f30,f31	  f6:0x42440000 f30:0x3f7d1f60 f31:0x42440000 f12=0x42c2e603
           2972	      1482	00101138	38542c23	sw	x5,920(x8)	  x8:0x00101000  x5:0x4421e445 PA:0x00101398 store:0x4421e445 load:0x42beebc4
           2974	      1483	0010113c	38c92823	sw	x12,912(x18)	 x18:0x00101000 x12:0x42c2e603 PA:0x00101390 store:0x42c2e603 load:0x42beebc4
           2978	      1485	00101140	39842703	lw	x14,920(x8)	  x8:0x00101000 x14=0x4421e445 PA:0x00101398 store:0x00000000
           2982	      1487	00101144	3944a683	lw	x13,916(x9)	  x9:0x00101000 x13=0x3f7d1f60 PA:0x00101394 store:0x00000032
           2986	      1489	00101148	3944a303	lw	x6,916(x9)	  x9:0x00101000  x6=0x3f7d1f60 PA:0x00101394 store:0x00000032
           2996	      1494	0010114c	39092383	lw	x7,912(x18)	 x18:0x00101000  x7=0x42c2e603 PA:0x00101390 store:0x42baf185
           2998	      1495	00101150	00d770d3	fadd.s	f1,f14,f13	 f14:0x4421e445 f13:0x3f7d1f60  f1=0x4422238d
           3000	      1496	00101154	386b78c3	fmadd.s	f17,f22,f6,f7	 f22:0x42480000  f6:0x3f7d1f60  f7:0x42480000 f17=0x42c6e042
           3002	      1497	00101158	38142c23	sw	x1,920(x8)	  x8:0x00101000  x1:0x4422238d PA:0x00101398 store:0x4422238d load:0x42c2e603
           3004	      1498	0010115c	39842803	lw	x16,920(x8)	  x8:0x00101000 x16=0x4422238d PA:0x00101398 store:0x00000000
           3008	      1500	00101160	3944a503	lw	x10,916(x9)	  x9:0x00101000 x10=0x3f7d1f60 PA:0x00101394 store:0x00000032
           3018	      1505	00101164	39192823	sw	x17,912(x18)	 x18:0x00101000 x17:0x42c6e042 PA:0x00101390 store:0x42c6e042 load:0x3f7d1f60
           3020	      1506	00101168	00a87a53	fadd.s	f20,f16,f10	 f16:0x4422238d f10:0x3f7d1f60 f20=0x442262d5
           3022	      1507	0010116c	39442c23	sw	x20,920(x8)	  x8:0x00101000 x20:0x442262d5 PA:0x00101398 store:0x442262d5 load:0x3f7d1f60
           3024	      1508	00101170	eeb794e3	bne	x15,x11,101058	 x15:0x00000033 x11:0x00000064
           3036	      1514	00101058	3944a083	lw	x1,916(x9)	  x9:0x00101000  x1=0x3f7d1f60 PA:0x00101394 store:0x442262d5
           3038	      1515	0010105c	d007f853	fcvt.s.w	f16,x15	 x15:0x00000033 f16=0x424c0000
           3040	      1516	00101060	39092883	lw	x17,912(x18)	 x18:0x00101000 x17=0x42c6e042 PA:0x00101390 store:0x424c0000
           3042	      1517	00101064	00178a13	addi	x20,x15,1	 x15:0x00000033 x20=0x00000034
           3050	      1521	00101068	39842a83	lw	x21,920(x8)	  x8:0x00101000 x21=0x442262d5 PA:0x00101398 store:0x00000000
           3052	      1522	0010106c	88187b43	fmadd.s	f22,f16,f1,f17	 f16:0x424c0000  f1:0x3f7d1f60 f17:0x424c0000 f22=0x42cada80
           3058	      1525	00101070	3944ae03	lw	x28,916(x9)	  x9:0x00101000 x28=0x3f7d1f60 PA:0x00101394 store:0x00000034
           3060	      1526	00101074	d00a7ed3	fcvt.s.w	f29,x20	 x20:0x00000034 f29=0x42500000
           3066	      1529	00101078	3944af03	lw	x30,916(x9)	  x9:0x00101000 x30=0x3f7d1f60 PA:0x00101394 store:0x00000034
           3068	      1530	0010107c	01caffd3	fadd.s	f31,f21,f28	 f21:0x442262d5 f28:0x3f7d1f60 f31=0x4422a21d
           3070	      1531	00101080	39692823	sw	x22,912(x18)	 x18:0x00101000 x22:0x42cada80 PA:0x00101390 store:0x42cada80 load:0x3f7d1f60
           3072	      1532	00101084	39092283	lw	x5,912(x18)	 x18:0x00101000  x5=0x42cada80 PA:0x00101390 store:0x424c0000
           3080	      1536	00101088	00278713	addi	x14,x15,2	 x15:0x00000033 x14=0x00000035
           3082	      1537	0010108c	d00776d3	fcvt.s.w	f13,x14	 x14:0x00000035 f13=0x42540000
           3084	      1538	00101090	29eef643	fmadd.s	f12,f29,f30,f5	 f29:0x42500000 f30:0x3f7d1f60  f5:0x42500000 f12=0x42ced4bf
           3086	      1539	00101094	39f42c23	sw	x31,920(x8)	  x8:0x00101000 x31:0x4422a21d PA:0x00101398 store:0x4422a21d load:0x42cada80
           3088	      1540	00101098	39842303	lw	x6,920(x8)	  x8:0x00101000  x6=0x4422a21d PA:0x00101398 store:0x00000000
           3092	      1542	0010109c	3944a383	lw	x7,916(x9)	  x9:0x00101000  x7=0x3f7d1f60 PA:0x00101394 store:0x00000034
           3096	      1544	001010a0	3944a083	lw	x1,916(x9)	  x9:0x00101000  x1=0x3f7d1f60 PA:0x00101394 store:0x00000034
           3100	      1546	001010a4	38c92823	sw	x12,912(x18)	 x18:0x00101000 x12:0x42ced4bf PA:0x00101390 store:0x42ced4bf load:0x3f7d1f60
           3110	      1551	001010a8	39092803	lw	x16,912(x18)	 x18:0x00101000 x16=0x42ced4bf PA:0x00101390 store:0x424c0000
           3112	      1552	001010ac	00737553	fadd.s	f10,f6,f7	  f6:0x4422a21d  f7:0x3f7d1f60 f10=0x4422e165
           3116	      1554	001010b0	00378893	addi	x17,x15,3	 x15:0x00000033 x17=0x00000036
           3118	      1555	001010b4	8016fa43	fmadd.s	f20,f13,f1,f16	 f13:0x42540000  f1:0x3f7d1f60 f16:0x42540000 f20=0x42d2cefe
           3120	      1556	001010b8	d008fad3	fcvt.s.w	f21,x17	 x17:0x00000036 f21=0x42580000
           3122	      1557	001010bc	00478b13	addi	x22,x15,4	 x15:0x00000033 x22=0x00000037
           3124	      1558	001010c0	38a42c23	sw	x10,920(x8)	  x8:0x00101000 x10:0x4422e165 PA:0x00101398 store:0x4422e165 load:0x42ced4bf
           3126	      1559	001010c4	39842e03	lw	x28,920(x8)	  x8:0x00101000 x28=0x4422e165 PA:0x00101398 store:0x00000000
           3130	      1561	001010c8	39492823	sw	x20,912(x18)	 x18:0x00101000 x20:0x42d2cefe PA:0x00101390 store:0x42d2cefe load:0x4422e165
           3134	      1563	001010cc	3944ae83	lw	x29,916(x9)	  x9:0x00101000 x29=0x3f7d1f60 PA:0x00101394 store:0x42d2cefe
           3138	      1565	001010d0	3944af03	lw	x30,916(x9)	  x9:0x00101000 x30=0x3f7d1f60 PA:0x00101394 store:0x42d2cefe
           3148	      1570	001010d4	39092f83	lw	x31,912(x18)	 x18:0x00101000 x31=0x42d2cefe PA:0x00101390 store:0x42ced4bf
           3150	      1571	001010d8	01de72d3	fadd.s	f5,f28,f29	 f28:0x4422e165 f29:0x3f7d1f60  f5=0x442320ad
           3152	      1572	001010dc	d00b7653	fcvt.s.w	f12,x22	 x22:0x00000037 f12=0x425c0000
           3154	      1573	001010e0	f9eaf743	fmadd.s	f14,f21,f30,f31	 f21:0x42580000 f30:0x3f7d1f60 f31:0x42580000 f14=0x42d6c93c
           3158	      1575	001010e4	00578693	addi	x13,x15,5	 x15:0x00000033 x13=0x00000038
           3160	      1576	001010e8	d006f353	fcvt.s.w	f6,x13	 x13:0x00000038  f6=0x42600000
           3162	      1577	001010ec	38542c23	sw	x5,920(x8)	  x8:0x00101000  x5:0x442320ad PA:0x00101398 store:0x442320ad load:0x42d2cefe
           3164	      1578	001010f0	39842383	lw	x7,920(x8)	  x8:0x00101000  x7=0x442320ad PA:0x00101398 store:0x00000000
           3168	      1580	001010f4	38e92823	sw	x14,912(x18)	 x18:0x00101000 x14:0x42d6c93c PA:0x00101390 store:0x42d6c93c load:0x442320ad
           3172	      1582	001010f8	3944a083	lw	x1,916(x9)	  x9:0x00101000  x1=0x3f7d1f60 PA:0x00101394 store:0x42d2cefe
           3176	      1584	001010fc	3944a883	lw	x17,916(x9)	  x9:0x00101000 x17=0x3f7d1f60 PA:0x00101394 store:0x42d2cefe
           3186	      1589	00101100	39092803	lw	x16,912(x18)	 x18:0x00101000 x16=0x42d6c93c PA:0x00101390 store:0x42ced4bf
           3188	      1590	00101104	0013f553	fadd.s	f10,f7,f1	  f7:0x442320ad  f1:0x3f7d1f60 f10=0x44235ff5
           3192	      1592	00101108	00678a13	addi	x20,x15,6	 x15:0x00000033 x20=0x00000039
           3194	      1593	0010110c	81167ac3	fmadd.s	f21,f12,f17,f16	 f12:0x425c0000 f17:0x3f7d1f60 f16:0x425c0000 f21=0x42dac37b
           3196	      1594	00101110	d00a7b53	fcvt.s.w	f22,x20	 x20:0x00000039 f22=0x42640000
           3198	      1595	00101114	00778793	addi	x15,x15,7	 x15:0x00000033 x15=0x0000003a
           3200	      1596	00101118	38a42c23	sw	x10,920(x8)	  x8:0x00101000 x10:0x44235ff5 PA:0x00101398 store:0x44235ff5 load:0x42d6c93c
           3202	      1597	0010111c	39842e03	lw	x28,920(x8)	  x8:0x00101000 x28=0x44235ff5 PA:0x00101398 store:0x00000000
           3206	      1599	00101120	39592823	sw	x21,912(x18)	 x18:0x00101000 x21:0x42dac37b PA:0x00101390 store:0x42dac37b load:0x44235ff5
           3210	      1601	00101124	3944ae83	lw	x29,916(x9)	  x9:0x00101000 x29=0x3f7d1f60 PA:0x00101394 store:0x00000039
           3214	      1603	00101128	3944af03	lw	x30,916(x9)	  x9:0x00101000 x30=0x3f7d1f60 PA:0x00101394 store:0x00000039
           3224	      1608	0010112c	39092f83	lw	x31,912(x18)	 x18:0x00101000 x31=0x42dac37b PA:0x00101390 store:0x42d6c93c
           3226	      1609	00101130	01de72d3	fadd.s	f5,f28,f29	 f28:0x44235ff5 f29:0x3f7d1f60  f5=0x44239f3d
           3228	      1610	00101134	f9e37643	fmadd.s	f12,f6,f30,f31	  f6:0x42600000 f30:0x3f7d1f60 f31:0x42600000 f12=0x42debdba
           3230	      1611	00101138	38542c23	sw	x5,920(x8)	  x8:0x00101000  x5:0x44239f3d PA:0x00101398 store:0x44239f3d load:0x42dac37b
           3232	      1612	0010113c	38c92823	sw	x12,912(x18)	 x18:0x00101000 x12:0x42debdba PA:0x00101390 store:0x42debdba load:0x42dac37b
           3236	      1614	00101140	39842703	lw	x14,920(x8)	  x8:0x00101000 x14=0x44239f3d PA:0x00101398 store:0x00000000
           3240	      1616	00101144	3944a683	lw	x13,916(x9)	  x9:0x00101000 x13=0x3f7d1f60 PA:0x00101394 store:0x00000039
           3244	      1618	00101148	3944a303	lw	x6,916(x9)	  x9:0x00101000  x6=0x3f7d1f60 PA:0x00101394 store:0x00000039
           3254	      1623	0010114c	39092383	lw	x7,912(x18)	 x18:0x00101000  x7=0x42debdba PA:0x00101390 store:0x42d6c93c
           3256	      1624	00101150	00d770d3	fadd.s	f1,f14,f13	 f14:0x44239f3d f13:0x3f7d1f60  f1=0x4423de85
           3258	      1625	00101154	386b78c3	fmadd.s	f17,f22,f6,f7	 f22:0x42640000  f6:0x3f7d1f60  f7:0x42640000 f17=0x42e2b7f9
           3260	      1626	00101158	38142c23	sw	x1,920(x8)	  x8:0x00101000  x1:0x4423de85 PA:0x00101398 store:0x4423de85 load:0x42debdba
           3262	      1627	0010115c	39842803	lw	x16,920(x8)	  x8:0x00101000 x16=0x4423de85 PA:0x00101398 store:0x00000000
           3266	      1629	00101160	3944a503	lw	x10,916(x9)	  x9:0x00101000 x10=0x3f7d1f60 PA:0x00101394 store:0x00000039
           3276	      1634	00101164	39192823	sw	x17,912(x18)	 x18:0x00101000 x17:0x42e2b7f9 PA:0x00101390 store:0x42e2b7f9 load:0x3f7d1f60
           3278	      1635	00101168	00a87a53	fadd.s	f20,f16,f10	 f16:0x4423de85 f10:0x3f7d1f60 f20=0x44241dcd
           3280	      1636	0010116c	39442c23	sw	x20,920(x8)	  x8:0x00101000 x20:0x44241dcd PA:0x00101398 store:0x44241dcd load:0x3f7d1f60
           3282	      1637	00101170	eeb794e3	bne	x15,x11,101058	 x15:0x0000003a x11:0x00000064
           3294	      1643	00101058	3944a083	lw	x1,916(x9)	  x9:0x00101000  x1=0x3f7d1f60 PA:0x00101394 store:0x44241dcd
           3296	      1644	0010105c	d007f853	fcvt.s.w	f16,x15	 x15:0x0000003a f16=0x42680000
           3298	      1645	00101060	39092883	lw	x17,912(x18)	 x18:0x00101000 x17=0x42e2b7f9 PA:0x00101390 store:0x42680000
           3300	      1646	00101064	00178a13	addi	x20,x15,1	 x15:0x0000003a x20=0x0000003b
           3308	      1650	00101068	39842a83	lw	x21,920(x8)	  x8:0x00101000 x21=0x44241dcd PA:0x00101398 store:0x00000000
           3310	      1651	0010106c	88187b43	fmadd.s	f22,f16,f1,f17	 f16:0x42680000  f1:0x3f7d1f60 f17:0x42680000 f22=0x42e6b238
           3316	      1654	00101070	3944ae03	lw	x28,916(x9)	  x9:0x00101000 x28=0x3f7d1f60 PA:0x00101394 store:0x0000003b
           3318	      1655	00101074	d00a7ed3	fcvt.s.w	f29,x20	 x20:0x0000003b f29=0x426c0000
           3324	      1658	00101078	3944af03	lw	x30,916(x9)	  x9:0x00101000 x30=0x3f7d1f60 PA:0x00101394 store:0x0000003b
           3326	      1659	0010107c	01caffd3	fadd.s	f31,f21,f28	 f21:0x44241dcd f28:0x3f7d1f60 f31=0x44245d15
           3328	      1660	00101080	39692823	sw	x22,912(x18)	 x18:0x00101000 x22:0x42e6b238 PA:0x00101390 store:0x42e6b238 load:0x3f7d1f60
           3330	      1661	00101084	39092283	lw	x5,912(x18)	 x18:0x00101000  x5=0x42e6b238 PA:0x00101390 store:0x42680000
           3338	      1665	00101088	00278713	addi	x14,x15,2	 x15:0x0000003a x14=0x0000003c
           3340	      1666	0010108c	d00776d3	fcvt.s.w	f13,x14	 x14:0x0000003c f13=0x42700000
           3342	      1667	00101090	29eef643	fmadd.s	f12,f29,f30,f5	 f29:0x426c0000 f30:0x3f7d1f60  f5:0x426c0000 f12=0x42eaac76
           3344	      1668	00101094	39f42c23	sw	x31,920(x8)	  x8:0x00101000 x31:0x44245d15 PA:0x00101398 store:0x44245d15 load:0x42e6b238
           3346	      1669	00101098	39842303	lw	x6,920(x8)	  x8:0x00101000  x6=0x44245d15 PA:0x00101398 store:0x00000000
           3350	      1671	0010109c	3944a383	lw	x7,916(x9)	  x9:0x00101000  x7=0x3f7d1f60 PA:0x00101394 store:0x0000003b
           3354	      1673	001010a0	3944a083	lw	x1,916(x9)	  x9:0x00101000  x1=0x3f7d1f60 PA:0x00101394 store:0x0000003b
           3358	      1675	001010a4	38c92823	sw	x12,912(x18)	 x18:0x00101000 x12:0x42eaac76 PA:0x00101390 store:0x42eaac76 load:0x3f7d1f60
           3368	      1680	001010a8	39092803	lw	x16,912(x18)	 x18:0x00101000 x16=0x42eaac76 PA:0x00101390 store:0x42680000
           3370	      1681	001010ac	00737553	fadd.s	f10,f6,f7	  f6:0x44245d15  f7:0x3f7d1f60 f10=0x44249c5d
           3374	      1683	001010b0	00378893	addi	x17,x15,3	 x15:0x0000003a x17=0x0000003d
           3376	      1684	001010b4	8016fa43	fmadd.s	f20,f13,f1,f16	 f13:0x42700000  f1:0x3f7d1f60 f16:0x42700000 f20=0x42eea6b5
           3378	      1685	001010b8	d008fad3	fcvt.s.w	f21,x17	 x17:0x0000003d f21=0x42740000
           3380	      1686	001010bc	00478b13	addi	x22,x15,4	 x15:0x0000003a x22=0x0000003e
           3382	      1687	001010c0	38a42c23	sw	x10,920(x8)	  x8:0x00101000 x10:0x44249c5d PA:0x00101398 store:0x44249c5d load:0x42eaac76
           3384	      1688	001010c4	39842e03	lw	x28,920(x8)	  x8:0x00101000 x28=0x44249c5d PA:0x00101398 store:0x00000000
           3388	      1690	001010c8	39492823	sw	x20,912(x18)	 x18:0x00101000 x20:0x42eea6b5 PA:0x00101390 store:0x42eea6b5 load:0x44249c5d
           3392	      1692	001010cc	3944ae83	lw	x29,916(x9)	  x9:0x00101000 x29=0x3f7d1f60 PA:0x00101394 store:0x42eea6b5
           3396	      1694	001010d0	3944af03	lw	x30,916(x9)	  x9:0x00101000 x30=0x3f7d1f60 PA:0x00101394 store:0x42eea6b5
           3406	      1699	001010d4	39092f83	lw	x31,912(x18)	 x18:0x00101000 x31=0x42eea6b5 PA:0x00101390 store:0x42eaac76
           3408	      1700	001010d8	01de72d3	fadd.s	f5,f28,f29	 f28:0x44249c5d f29:0x3f7d1f60  f5=0x4424dba5
           3410	      1701	001010dc	d00b7653	fcvt.s.w	f12,x22	 x22:0x0000003e f12=0x42780000
           3412	      1702	001010e0	f9eaf743	fmadd.s	f14,f21,f30,f31	 f21:0x42740000 f30:0x3f7d1f60 f31:0x42740000 f14=0x42f2a0f4
           3416	      1704	001010e4	00578693	addi	x13,x15,5	 x15:0x0000003a x13=0x0000003f
           3418	      1705	001010e8	d006f353	fcvt.s.w	f6,x13	 x13:0x0000003f  f6=0x427c0000
           3420	      1706	001010ec	38542c23	sw	x5,920(x8)	  x8:0x00101000  x5:0x4424dba5 PA:0x00101398 store:0x4424dba5 load:0x42eea6b5
           3422	      1707	001010f0	39842383	lw	x7,920(x8)	  x8:0x00101000  x7=0x4424dba5 PA:0x00101398 store:0x00000000
           3426	      1709	001010f4	38e92823	sw	x14,912(x18)	 x18:0x00101000 x14:0x42f2a0f4 PA:0x00101390 store:0x42f2a0f4 load:0x4424dba5
           3430	      1711	001010f8	3944a083	lw	x1,916(x9)	  x9:0x00101000  x1=0x3f7d1f60 PA:0x00101394 store:0x42eea6b5
           3434	      1713	001010fc	3944a883	lw	x17,916(x9)	  x9:0x00101000 x17=0x3f7d1f60 PA:0x00101394 store:0x42eea6b5
           3444	      1718	00101100	39092803	lw	x16,912(x18)	 x18:0x00101000 x16=0x42f2a0f4 PA:0x00101390 store:0x42eaac76
           3446	      1719	00101104	0013f553	fadd.s	f10,f7,f1	  f7:0x4424dba5  f1:0x3f7d1f60 f10=0x44251aed
           3450	      1721	00101108	00678a13	addi	x20,x15,6	 x15:0x0000003a x20=0x00000040
           3452	      1722	0010110c	81167ac3	fmadd.s	f21,f12,f17,f16	 f12:0x42780000 f17:0x3f7d1f60 f16:0x42780000 f21=0x42f69b32
           3454	      1723	00101110	d00a7b53	fcvt.s.w	f22,x20	 x20:0x00000040 f22=0x42800000
           3456	      1724	00101114	00778793	addi	x15,x15,7	 x15:0x0000003a x15=0x00000041
           3458	      1725	00101118	38a42c23	sw	x10,920(x8)	  x8:0x00101000 x10:0x44251aed PA:0x00101398 store:0x44251aed load:0x42f2a0f4
           3460	      1726	0010111c	39842e03	lw	x28,920(x8)	  x8:0x00101000 x28=0x44251aed PA:0x00101398 store:0x00000000
           3464	      1728	00101120	39592823	sw	x21,912(x18)	 x18:0x00101000 x21:0x42f69b32 PA:0x00101390 store:0x42f69b32 load:0x44251aed
           3468	      1730	00101124	3944ae83	lw	x29,916(x9)	  x9:0x00101000 x29=0x3f7d1f60 PA:0x00101394 store:0x00000040
           3472	      1732	00101128	3944af03	lw	x30,916(x9)	  x9:0x00101000 x30=0x3f7d1f60 PA:0x00101394 store:0x00000040
           3482	      1737	0010112c	39092f83	lw	x31,912(x18)	 x18:0x00101000 x31=0x42f69b32 PA:0x00101390 store:0x42f2a0f4
           3484	      1738	00101130	01de72d3	fadd.s	f5,f28,f29	 f28:0x44251aed f29:0x3f7d1f60  f5=0x44255a35
           3486	      1739	00101134	f9e37643	fmadd.s	f12,f6,f30,f31	  f6:0x427c0000 f30:0x3f7d1f60 f31:0x427c0000 f12=0x42fa9571
           3488	      1740	00101138	38542c23	sw	x5,920(x8)	  x8:0x00101000  x5:0x44255a35 PA:0x00101398 store:0x44255a35 load:0x42f69b32
           3490	      1741	0010113c	38c92823	sw	x12,912(x18)	 x18:0x00101000 x12:0x42fa9571 PA:0x00101390 store:0x42fa9571 load:0x42f69b32
           3494	      1743	00101140	39842703	lw	x14,920(x8)	  x8:0x00101000 x14=0x44255a35 PA:0x00101398 store:0x00000000
           3498	      1745	00101144	3944a683	lw	x13,916(x9)	  x9:0x00101000 x13=0x3f7d1f60 PA:0x00101394 store:0x00000040
           3502	      1747	00101148	3944a303	lw	x6,916(x9)	  x9:0x00101000  x6=0x3f7d1f60 PA:0x00101394 store:0x00000040
           3512	      1752	0010114c	39092383	lw	x7,912(x18)	 x18:0x00101000  x7=0x42fa9571 PA:0x00101390 store:0x42f2a0f4
           3514	      1753	00101150	00d770d3	fadd.s	f1,f14,f13	 f14:0x44255a35 f13:0x3f7d1f60  f1=0x4425997d
           3516	      1754	00101154	386b78c3	fmadd.s	f17,f22,f6,f7	 f22:0x42800000  f6:0x3f7d1f60  f7:0x42800000 f17=0x42fe8fb0
           3518	      1755	00101158	38142c23	sw	x1,920(x8)	  x8:0x00101000  x1:0x4425997d PA:0x00101398 store:0x4425997d load:0x42fa9571
           3520	      1756	0010115c	39842803	lw	x16,920(x8)	  x8:0x00101000 x16=0x4425997d PA:0x00101398 store:0x00000000
           3524	      1758	00101160	3944a503	lw	x10,916(x9)	  x9:0x00101000 x10=0x3f7d1f60 PA:0x00101394 store:0x00000040
           3534	      1763	00101164	39192823	sw	x17,912(x18)	 x18:0x00101000 x17:0x42fe8fb0 PA:0x00101390 store:0x42fe8fb0 load:0x3f7d1f60
           3536	      1764	00101168	00a87a53	fadd.s	f20,f16,f10	 f16:0x4425997d f10:0x3f7d1f60 f20=0x4425d8c5
           3538	      1765	0010116c	39442c23	sw	x20,920(x8)	  x8:0x00101000 x20:0x4425d8c5 PA:0x00101398 store:0x4425d8c5 load:0x3f7d1f60
           3540	      1766	00101170	eeb794e3	bne	x15,x11,101058	 x15:0x00000041 x11:0x00000064
           3552	      1772	00101058	3944a083	lw	x1,916(x9)	  x9:0x00101000  x1=0x3f7d1f60 PA:0x00101394 store:0x4425d8c5
           3554	      1773	0010105c	d007f853	fcvt.s.w	f16,x15	 x15:0x00000041 f16=0x42820000
           3556	      1774	00101060	39092883	lw	x17,912(x18)	 x18:0x00101000 x17=0x42fe8fb0 PA:0x00101390 store:0x42820000
           3558	      1775	00101064	00178a13	addi	x20,x15,1	 x15:0x00000041 x20=0x00000042
           3566	      1779	00101068	39842a83	lw	x21,920(x8)	  x8:0x00101000 x21=0x4425d8c5 PA:0x00101398 store:0x00000000
           3568	      1780	0010106c	88187b43	fmadd.s	f22,f16,f1,f17	 f16:0x42820000  f1:0x3f7d1f60 f17:0x42820000 f22=0x430144f7
           3574	      1783	00101070	3944ae03	lw	x28,916(x9)	  x9:0x00101000 x28=0x3f7d1f60 PA:0x00101394 store:0x00000042
           3576	      1784	00101074	d00a7ed3	fcvt.s.w	f29,x20	 x20:0x00000042 f29=0x42840000
           3582	      1787	00101078	3944af03	lw	x30,916(x9)	  x9:0x00101000 x30=0x3f7d1f60 PA:0x00101394 store:0x00000042
           3584	      1788	0010107c	01caffd3	fadd.s	f31,f21,f28	 f21:0x4425d8c5 f28:0x3f7d1f60 f31=0x4426180d
           3586	      1789	00101080	39692823	sw	x22,912(x18)	 x18:0x00101000 x22:0x430144f7 PA:0x00101390 store:0x430144f7 load:0x3f7d1f60
           3588	      1790	00101084	39092283	lw	x5,912(x18)	 x18:0x00101000  x5=0x430144f7 PA:0x00101390 store:0x42820000
           3596	      1794	00101088	00278713	addi	x14,x15,2	 x15:0x00000041 x14=0x00000043
           3598	      1795	0010108c	d00776d3	fcvt.s.w	f13,x14	 x14:0x00000043 f13=0x42860000
           3600	      1796	00101090	29eef643	fmadd.s	f12,f29,f30,f5	 f29:0x42840000 f30:0x3f7d1f60  f5:0x42840000 f12=0x43034217
           3602	      1797	00101094	39f42c23	sw	x31,920(x8)	  x8:0x00101000 x31:0x4426180d PA:0x00101398 store:0x4426180d load:0x430144f7
           3604	      1798	00101098	39842303	lw	x6,920(x8)	  x8:0x00101000  x6=0x4426180d PA:0x00101398 store:0x00000000
           3608	      1800	0010109c	3944a383	lw	x7,916(x9)	  x9:0x00101000  x7=0x3f7d1f60 PA:0x00101394 store:0x00000042
           3612	      1802	001010a0	3944a083	lw	x1,916(x9)	  x9:0x00101000  x1=0x3f7d1f60 PA:0x00101394 store:0x00000042
           3616	      1804	001010a4	38c92823	sw	x12,912(x18)	 x18:0x00101000 x12:0x43034217 PA:0x00101390 store:0x43034217 load:0x3f7d1f60
           3626	      1809	001010a8	39092803	lw	x16,912(x18)	 x18:0x00101000 x16=0x43034217 PA:0x00101390 store:0x42820000
           3628	      1810	001010ac	00737553	fadd.s	f10,f6,f7	  f6:0x4426180d  f7:0x3f7d1f60 f10=0x44265755
           3632	      1812	001010b0	00378893	addi	x17,x15,3	 x15:0x00000041 x17=0x00000044
           3634	      1813	001010b4	8016fa43	fmadd.s	f20,f13,f1,f16	 f13:0x42860000  f1:0x3f7d1f60 f16:0x42860000 f20=0x43053f36
           3636	      1814	001010b8	d008fad3	fcvt.s.w	f21,x17	 x17:0x00000044 f21=0x42880000
           3638	      1815	001010bc	00478b13	addi	x22,x15,4	 x15:0x00000041 x22=0x00000045
           3640	      1816	001010c0	38a42c23	sw	x10,920(x8)	  x8:0x00101000 x10:0x44265755 PA:0x00101398 store:0x44265755 load:0x43034217
           3642	      1817	001010c4	39842e03	lw	x28,920(x8)	  x8:0x00101000 x28=0x44265755 PA:0x00101398 store:0x00000000
           3646	      1819	001010c8	39492823	sw	x20,912(x18)	 x18:0x00101000 x20:0x43053f36 PA:0x00101390 store:0x43053f36 load:0x44265755
           3650	      1821	001010cc	3944ae83	lw	x29,916(x9)	  x9:0x00101000 x29=0x3f7d1f60 PA:0x00101394 store:0x43053f36
           3654	      1823	001010d0	3944af03	lw	x30,916(x9)	  x9:0x00101000 x30=0x3f7d1f60 PA:0x00101394 store:0x43053f36
           3664	      1828	001010d4	39092f83	lw	x31,912(x18)	 x18:0x00101000 x31=0x43053f36 PA:0x00101390 store:0x43034217
           3666	      1829	001010d8	01de72d3	fadd.s	f5,f28,f29	 f28:0x44265755 f29:0x3f7d1f60  f5=0x4426969d
           3668	      1830	001010dc	d00b7653	fcvt.s.w	f12,x22	 x22:0x00000045 f12=0x428a0000
           3670	      1831	001010e0	f9eaf743	fmadd.s	f14,f21,f30,f31	 f21:0x42880000 f30:0x3f7d1f60 f31:0x42880000 f14=0x43073c56
           3674	      1833	001010e4	00578693	addi	x13,x15,5	 x15:0x00000041 x13=0x00000046
           3676	      1834	001010e8	d006f353	fcvt.s.w	f6,x13	 x13:0x00000046  f6=0x428c0000
           3678	      1835	001010ec	38542c23	sw	x5,920(x8)	  x8:0x00101000  x5:0x4426969d PA:0x00101398 store:0x4426969d load:0x43053f36
           3680	      1836	001010f0	39842383	lw	x7,920(x8)	  x8:0x00101000  x7=0x4426969d PA:0x00101398 store:0x00000000
           3684	      1838	001010f4	38e92823	sw	x14,912(x18)	 x18:0x00101000 x14:0x43073c56 PA:0x00101390 store:0x43073c56 load:0x4426969d
           3688	      1840	001010f8	3944a083	lw	x1,916(x9)	  x9:0x00101000  x1=0x3f7d1f60 PA:0x00101394 store:0x43053f36
           3692	      1842	001010fc	3944a883	lw	x17,916(x9)	  x9:0x00101000 x17=0x3f7d1f60 PA:0x00101394 store:0x43053f36
           3702	      1847	00101100	39092803	lw	x16,912(x18)	 x18:0x00101000 x16=0x43073c56 PA:0x00101390 store:0x43034217
           3704	      1848	00101104	0013f553	fadd.s	f10,f7,f1	  f7:0x4426969d  f1:0x3f7d1f60 f10=0x4426d5e5
           3708	      1850	00101108	00678a13	addi	x20,x15,6	 x15:0x00000041 x20=0x00000047
           3710	      1851	0010110c	81167ac3	fmadd.s	f21,f12,f17,f16	 f12:0x428a0000 f17:0x3f7d1f60 f16:0x428a0000 f21=0x43093975
           3712	      1852	00101110	d00a7b53	fcvt.s.w	f22,x20	 x20:0x00000047 f22=0x428e0000
           3714	      1853	00101114	00778793	addi	x15,x15,7	 x15:0x00000041 x15=0x00000048
           3716	      1854	00101118	38a42c23	sw	x10,920(x8)	  x8:0x00101000 x10:0x4426d5e5 PA:0x00101398 store:0x4426d5e5 load:0x43073c56
           3718	      1855	0010111c	39842e03	lw	x28,920(x8)	  x8:0x00101000 x28=0x4426d5e5 PA:0x00101398 store:0x00000000
           3722	      1857	00101120	39592823	sw	x21,912(x18)	 x18:0x00101000 x21:0x43093975 PA:0x00101390 store:0x43093975 load:0x4426d5e5
           3726	      1859	00101124	3944ae83	lw	x29,916(x9)	  x9:0x00101000 x29=0x3f7d1f60 PA:0x00101394 store:0x00000047
           3730	      1861	00101128	3944af03	lw	x30,916(x9)	  x9:0x00101000 x30=0x3f7d1f60 PA:0x00101394 store:0x00000047
           3740	      1866	0010112c	39092f83	lw	x31,912(x18)	 x18:0x00101000 x31=0x43093975 PA:0x00101390 store:0x43073c56
           3742	      1867	00101130	01de72d3	fadd.s	f5,f28,f29	 f28:0x4426d5e5 f29:0x3f7d1f60  f5=0x4427152d
           3744	      1868	00101134	f9e37643	fmadd.s	f12,f6,f30,f31	  f6:0x428c0000 f30:0x3f7d1f60 f31:0x428c0000 f12=0x430b3694
           3746	      1869	00101138	38542c23	sw	x5,920(x8)	  x8:0x00101000  x5:0x4427152d PA:0x00101398 store:0x4427152d load:0x43093975
           3748	      1870	0010113c	38c92823	sw	x12,912(x18)	 x18:0x00101000 x12:0x430b3694 PA:0x00101390 store:0x430b3694 load:0x43093975
           3752	      1872	00101140	39842703	lw	x14,920(x8)	  x8:0x00101000 x14=0x4427152d PA:0x00101398 store:0x00000000
           3756	      1874	00101144	3944a683	lw	x13,916(x9)	  x9:0x00101000 x13=0x3f7d1f60 PA:0x00101394 store:0x00000047
           3760	      1876	00101148	3944a303	lw	x6,916(x9)	  x9:0x00101000  x6=0x3f7d1f60 PA:0x00101394 store:0x00000047
           3770	      1881	0010114c	39092383	lw	x7,912(x18)	 x18:0x00101000  x7=0x430b3694 PA:0x00101390 store:0x43073c56
           3772	      1882	00101150	00d770d3	fadd.s	f1,f14,f13	 f14:0x4427152d f13:0x3f7d1f60  f1=0x44275475
           3774	      1883	00101154	386b78c3	fmadd.s	f17,f22,f6,f7	 f22:0x428e0000  f6:0x3f7d1f60  f7:0x428e0000 f17=0x430d33b4
           3776	      1884	00101158	38142c23	sw	x1,920(x8)	  x8:0x00101000  x1:0x44275475 PA:0x00101398 store:0x44275475 load:0x430b3694
           3778	      1885	0010115c	39842803	lw	x16,920(x8)	  x8:0x00101000 x16=0x44275475 PA:0x00101398 store:0x00000000
           3782	      1887	00101160	3944a503	lw	x10,916(x9)	  x9:0x00101000 x10=0x3f7d1f60 PA:0x00101394 store:0x00000047
           3792	      1892	00101164	39192823	sw	x17,912(x18)	 x18:0x00101000 x17:0x430d33b4 PA:0x00101390 store:0x430d33b4 load:0x3f7d1f60
           3794	      1893	00101168	00a87a53	fadd.s	f20,f16,f10	 f16:0x44275475 f10:0x3f7d1f60 f20=0x442793bd
           3796	      1894	0010116c	39442c23	sw	x20,920(x8)	  x8:0x00101000 x20:0x442793bd PA:0x00101398 store:0x442793bd load:0x3f7d1f60
           3798	      1895	00101170	eeb794e3	bne	x15,x11,101058	 x15:0x00000048 x11:0x00000064
           3810	      1901	00101058	3944a083	lw	x1,916(x9)	  x9:0x00101000  x1=0x3f7d1f60 PA:0x00101394 store:0x442793bd
           3812	      1902	0010105c	d007f853	fcvt.s.w	f16,x15	 x15:0x00000048 f16=0x42900000
           3814	      1903	00101060	39092883	lw	x17,912(x18)	 x18:0x00101000 x17=0x430d33b4 PA:0x00101390 store:0x42900000
           3816	      1904	00101064	00178a13	addi	x20,x15,1	 x15:0x00000048 x20=0x00000049
           3824	      1908	00101068	39842a83	lw	x21,920(x8)	  x8:0x00101000 x21=0x442793bd PA:0x00101398 store:0x00000000
           3826	      1909	0010106c	88187b43	fmadd.s	f22,f16,f1,f17	 f16:0x42900000  f1:0x3f7d1f60 f17:0x42900000 f22=0x430f30d3
           3832	      1912	00101070	3944ae03	lw	x28,916(x9)	  x9:0x00101000 x28=0x3f7d1f60 PA:0x00101394 store:0x00000049
           3834	      1913	00101074	d00a7ed3	fcvt.s.w	f29,x20	 x20:0x00000049 f29=0x42920000
           3840	      1916	00101078	3944af03	lw	x30,916(x9)	  x9:0x00101000 x30=0x3f7d1f60 PA:0x00101394 store:0x00000049
           3842	      1917	0010107c	01caffd3	fadd.s	f31,f21,f28	 f21:0x442793bd f28:0x3f7d1f60 f31=0x4427d305
           3844	      1918	00101080	39692823	sw	x22,912(x18)	 x18:0x00101000 x22:0x430f30d3 PA:0x00101390 store:0x430f30d3 load:0x3f7d1f60
           3846	      1919	00101084	39092283	lw	x5,912(x18)	 x18:0x00101000  x5=0x430f30d3 PA:0x00101390 store:0x42900000
           3854	      1923	00101088	00278713	addi	x14,x15,2	 x15:0x00000048 x14=0x0000004a
           3856	      1924	0010108c	d00776d3	fcvt.s.w	f13,x14	 x14:0x0000004a f13=0x42940000
           3858	      1925	00101090	29eef643	fmadd.s	f12,f29,f30,f5	 f29:0x42920000 f30:0x3f7d1f60  f5:0x42920000 f12=0x43112df2
           3860	      1926	00101094	39f42c23	sw	x31,920(x8)	  x8:0x00101000 x31:0x4427d305 PA:0x00101398 store:0x4427d305 load:0x430f30d3
           3862	      1927	00101098	39842303	lw	x6,920(x8)	  x8:0x00101000  x6=0x4427d305 PA:0x00101398 store:0x00000000
           3866	      1929	0010109c	3944a383	lw	x7,916(x9)	  x9:0x00101000  x7=0x3f7d1f60 PA:0x00101394 store:0x00000049
           3870	      1931	001010a0	3944a083	lw	x1,916(x9)	  x9:0x00101000  x1=0x3f7d1f60 PA:0x00101394 store:0x00000049
           3874	      1933	001010a4	38c92823	sw	x12,912(x18)	 x18:0x00101000 x12:0x43112df2 PA:0x00101390 store:0x43112df2 load:0x3f7d1f60
           3884	      1938	001010a8	39092803	lw	x16,912(x18)	 x18:0x00101000 x16=0x43112df2 PA:0x00101390 store:0x42900000
           3886	      1939	001010ac	00737553	fadd.s	f10,f6,f7	  f6:0x4427d305  f7:0x3f7d1f60 f10=0x4428124d
           3890	      1941	001010b0	00378893	addi	x17,x15,3	 x15:0x00000048 x17=0x0000004b
           3892	      1942	001010b4	8016fa43	fmadd.s	f20,f13,f1,f16	 f13:0x42940000  f1:0x3f7d1f60 f16:0x42940000 f20=0x43132b12
           3894	      1943	001010b8	d008fad3	fcvt.s.w	f21,x17	 x17:0x0000004b f21=0x42960000
           3896	      1944	001010bc	00478b13	addi	x22,x15,4	 x15:0x00000048 x22=0x0000004c
           3898	      1945	001010c0	38a42c23	sw	x10,920(x8)	  x8:0x00101000 x10:0x4428124d PA:0x00101398 store:0x4428124d load:0x43112df2
           3900	      1946	001010c4	39842e03	lw	x28,920(x8)	  x8:0x00101000 x28=0x4428124d PA:0x00101398 store:0x00000000
           3904	      1948	001010c8	39492823	sw	x20,912(x18)	 x18:0x00101000 x20:0x43132b12 PA:0x00101390 store:0x43132b12 load:0x4428124d
           3908	      1950	001010cc	3944ae83	lw	x29,916(x9)	  x9:0x00101000 x29=0x3f7d1f60 PA:0x00101394 store:0x43132b12
           3912	      1952	001010d0	3944af03	lw	x30,916(x9)	  x9:0x00101000 x30=0x3f7d1f60 PA:0x00101394 store:0x43132b12
           3922	      1957	001010d4	39092f83	lw	x31,912(x18)	 x18:0x00101000 x31=0x43132b12 PA:0x00101390 store:0x43112df2
           3924	      1958	001010d8	01de72d3	fadd.s	f5,f28,f29	 f28:0x4428124d f29:0x3f7d1f60  f5=0x44285195
           3926	      1959	001010dc	d00b7653	fcvt.s.w	f12,x22	 x22:0x0000004c f12=0x42980000
           3928	      1960	001010e0	f9eaf743	fmadd.s	f14,f21,f30,f31	 f21:0x42960000 f30:0x3f7d1f60 f31:0x42960000 f14=0x43152831
           3932	      1962	001010e4	00578693	addi	x13,x15,5	 x15:0x00000048 x13=0x0000004d
           3934	      1963	001010e8	d006f353	fcvt.s.w	f6,x13	 x13:0x0000004d  f6=0x429a0000
           3936	      1964	001010ec	38542c23	sw	x5,920(x8)	  x8:0x00101000  x5:0x44285195 PA:0x00101398 store:0x44285195 load:0x43132b12
           3938	      1965	001010f0	39842383	lw	x7,920(x8)	  x8:0x00101000  x7=0x44285195 PA:0x00101398 store:0x00000000
           3942	      1967	001010f4	38e92823	sw	x14,912(x18)	 x18:0x00101000 x14:0x43152831 PA:0x00101390 store:0x43152831 load:0x44285195
           3946	      1969	001010f8	3944a083	lw	x1,916(x9)	  x9:0x00101000  x1=0x3f7d1f60 PA:0x00101394 store:0x43132b12
           3950	      1971	001010fc	3944a883	lw	x17,916(x9)	  x9:0x00101000 x17=0x3f7d1f60 PA:0x00101394 store:0x43132b12
           3960	      1976	00101100	39092803	lw	x16,912(x18)	 x18:0x00101000 x16=0x43152831 PA:0x00101390 store:0x43112df2
           3962	      1977	00101104	0013f553	fadd.s	f10,f7,f1	  f7:0x44285195  f1:0x3f7d1f60 f10=0x442890dd
           3966	      1979	00101108	00678a13	addi	x20,x15,6	 x15:0x00000048 x20=0x0000004e
           3968	      1980	0010110c	81167ac3	fmadd.s	f21,f12,f17,f16	 f12:0x42980000 f17:0x3f7d1f60 f16:0x42980000 f21=0x43172550
           3970	      1981	00101110	d00a7b53	fcvt.s.w	f22,x20	 x20:0x0000004e f22=0x429c0000
           3972	      1982	00101114	00778793	addi	x15,x15,7	 x15:0x00000048 x15=0x0000004f
           3974	      1983	00101118	38a42c23	sw	x10,920(x8)	  x8:0x00101000 x10:0x442890dd PA:0x00101398 store:0x442890dd load:0x43152831
           3976	      1984	0010111c	39842e03	lw	x28,920(x8)	  x8:0x00101000 x28=0x442890dd PA:0x00101398 store:0x00000000
           3980	      1986	00101120	39592823	sw	x21,912(x18)	 x18:0x00101000 x21:0x43172550 PA:0x00101390 store:0x43172550 load:0x442890dd
           3984	      1988	00101124	3944ae83	lw	x29,916(x9)	  x9:0x00101000 x29=0x3f7d1f60 PA:0x00101394 store:0x0000004e
           3988	      1990	00101128	3944af03	lw	x30,916(x9)	  x9:0x00101000 x30=0x3f7d1f60 PA:0x00101394 store:0x0000004e
           3998	      1995	0010112c	39092f83	lw	x31,912(x18)	 x18:0x00101000 x31=0x43172550 PA:0x00101390 store:0x43152831
           4000	      1996	00101130	01de72d3	fadd.s	f5,f28,f29	 f28:0x442890dd f29:0x3f7d1f60  f5=0x4428d025
           4002	      1997	00101134	f9e37643	fmadd.s	f12,f6,f30,f31	  f6:0x429a0000 f30:0x3f7d1f60 f31:0x429a0000 f12=0x43192270
           4004	      1998	00101138	38542c23	sw	x5,920(x8)	  x8:0x00101000  x5:0x4428d025 PA:0x00101398 store:0x4428d025 load:0x43172550
           4006	      1999	0010113c	38c92823	sw	x12,912(x18)	 x18:0x00101000 x12:0x43192270 PA:0x00101390 store:0x43192270 load:0x43172550
           4010	      2001	00101140	39842703	lw	x14,920(x8)	  x8:0x00101000 x14=0x4428d025 PA:0x00101398 store:0x00000000
           4014	      2003	00101144	3944a683	lw	x13,916(x9)	  x9:0x00101000 x13=0x3f7d1f60 PA:0x00101394 store:0x0000004e
           4018	      2005	00101148	3944a303	lw	x6,916(x9)	  x9:0x00101000  x6=0x3f7d1f60 PA:0x00101394 store:0x0000004e
           4028	      2010	0010114c	39092383	lw	x7,912(x18)	 x18:0x00101000  x7=0x43192270 PA:0x00101390 store:0x43152831
           4030	      2011	00101150	00d770d3	fadd.s	f1,f14,f13	 f14:0x4428d025 f13:0x3f7d1f60  f1=0x44290f6d
           4032	      2012	00101154	386b78c3	fmadd.s	f17,f22,f6,f7	 f22:0x429c0000  f6:0x3f7d1f60  f7:0x429c0000 f17=0x431b1f8f
           4034	      2013	00101158	38142c23	sw	x1,920(x8)	  x8:0x00101000  x1:0x44290f6d PA:0x00101398 store:0x44290f6d load:0x43192270
           4036	      2014	0010115c	39842803	lw	x16,920(x8)	  x8:0x00101000 x16=0x44290f6d PA:0x00101398 store:0x00000000
           4040	      2016	00101160	3944a503	lw	x10,916(x9)	  x9:0x00101000 x10=0x3f7d1f60 PA:0x00101394 store:0x0000004e
           4050	      2021	00101164	39192823	sw	x17,912(x18)	 x18:0x00101000 x17:0x431b1f8f PA:0x00101390 store:0x431b1f8f load:0x3f7d1f60
           4052	      2022	00101168	00a87a53	fadd.s	f20,f16,f10	 f16:0x44290f6d f10:0x3f7d1f60 f20=0x44294eb5
           4054	      2023	0010116c	39442c23	sw	x20,920(x8)	  x8:0x00101000 x20:0x44294eb5 PA:0x00101398 store:0x44294eb5 load:0x3f7d1f60
           4056	      2024	00101170	eeb794e3	bne	x15,x11,101058	 x15:0x0000004f x11:0x00000064
           4068	      2030	00101058	3944a083	lw	x1,916(x9)	  x9:0x00101000  x1=0x3f7d1f60 PA:0x00101394 store:0x44294eb5
           4070	      2031	0010105c	d007f853	fcvt.s.w	f16,x15	 x15:0x0000004f f16=0x429e0000
           4072	      2032	00101060	39092883	lw	x17,912(x18)	 x18:0x00101000 x17=0x431b1f8f PA:0x00101390 store:0x429e0000
           4074	      2033	00101064	00178a13	addi	x20,x15,1	 x15:0x0000004f x20=0x00000050
           4082	      2037	00101068	39842a83	lw	x21,920(x8)	  x8:0x00101000 x21=0x44294eb5 PA:0x00101398 store:0x00000000
           4084	      2038	0010106c	88187b43	fmadd.s	f22,f16,f1,f17	 f16:0x429e0000  f1:0x3f7d1f60 f17:0x429e0000 f22=0x431d1caf
           4090	      2041	00101070	3944ae03	lw	x28,916(x9)	  x9:0x00101000 x28=0x3f7d1f60 PA:0x00101394 store:0x00000050
           4092	      2042	00101074	d00a7ed3	fcvt.s.w	f29,x20	 x20:0x00000050 f29=0x42a00000
           4098	      2045	00101078	3944af03	lw	x30,916(x9)	  x9:0x00101000 x30=0x3f7d1f60 PA:0x00101394 store:0x00000050
           4100	      2046	0010107c	01caffd3	fadd.s	f31,f21,f28	 f21:0x44294eb5 f28:0x3f7d1f60 f31=0x44298dfd
           4102	      2047	00101080	39692823	sw	x22,912(x18)	 x18:0x00101000 x22:0x431d1caf PA:0x00101390 store:0x431d1caf load:0x3f7d1f60
           4104	      2048	00101084	39092283	lw	x5,912(x18)	 x18:0x00101000  x5=0x431d1caf PA:0x00101390 store:0x429e0000
           4112	      2052	00101088	00278713	addi	x14,x15,2	 x15:0x0000004f x14=0x00000051
           4114	      2053	0010108c	d00776d3	fcvt.s.w	f13,x14	 x14:0x00000051 f13=0x42a20000
           4116	      2054	00101090	29eef643	fmadd.s	f12,f29,f30,f5	 f29:0x42a00000 f30:0x3f7d1f60  f5:0x42a00000 f12=0x431f19ce
           4118	      2055	00101094	39f42c23	sw	x31,920(x8)	  x8:0x00101000 x31:0x44298dfd PA:0x00101398 store:0x44298dfd load:0x431d1caf
           4120	      2056	00101098	39842303	lw	x6,920(x8)	  x8:0x00101000  x6=0x44298dfd PA:0x00101398 store:0x00000000
           4124	      2058	0010109c	3944a383	lw	x7,916(x9)	  x9:0x00101000  x7=0x3f7d1f60 PA:0x00101394 store:0x00000050
           4128	      2060	001010a0	3944a083	lw	x1,916(x9)	  x9:0x00101000  x1=0x3f7d1f60 PA:0x00101394 store:0x00000050
           4132	      2062	001010a4	38c92823	sw	x12,912(x18)	 x18:0x00101000 x12:0x431f19ce PA:0x00101390 store:0x431f19ce load:0x3f7d1f60
           4142	      2067	001010a8	39092803	lw	x16,912(x18)	 x18:0x00101000 x16=0x431f19ce PA:0x00101390 store:0x429e0000
           4144	      2068	001010ac	00737553	fadd.s	f10,f6,f7	  f6:0x44298dfd  f7:0x3f7d1f60 f10=0x4429cd45
           4148	      2070	001010b0	00378893	addi	x17,x15,3	 x15:0x0000004f x17=0x00000052
           4150	      2071	001010b4	8016fa43	fmadd.s	f20,f13,f1,f16	 f13:0x42a20000  f1:0x3f7d1f60 f16:0x42a20000 f20=0x432116ed
           4152	      2072	001010b8	d008fad3	fcvt.s.w	f21,x17	 x17:0x00000052 f21=0x42a40000
           4154	      2073	001010bc	00478b13	addi	x22,x15,4	 x15:0x0000004f x22=0x00000053
           4156	      2074	001010c0	38a42c23	sw	x10,920(x8)	  x8:0x00101000 x10:0x4429cd45 PA:0x00101398 store:0x4429cd45 load:0x431f19ce
           4158	      2075	001010c4	39842e03	lw	x28,920(x8)	  x8:0x00101000 x28=0x4429cd45 PA:0x00101398 store:0x00000000
           4162	      2077	001010c8	39492823	sw	x20,912(x18)	 x18:0x00101000 x20:0x432116ed PA:0x00101390 store:0x432116ed load:0x4429cd45
           4166	      2079	001010cc	3944ae83	lw	x29,916(x9)	  x9:0x00101000 x29=0x3f7d1f60 PA:0x00101394 store:0x432116ed
           4170	      2081	001010d0	3944af03	lw	x30,916(x9)	  x9:0x00101000 x30=0x3f7d1f60 PA:0x00101394 store:0x432116ed
           4180	      2086	001010d4	39092f83	lw	x31,912(x18)	 x18:0x00101000 x31=0x432116ed PA:0x00101390 store:0x431f19ce
           4182	      2087	001010d8	01de72d3	fadd.s	f5,f28,f29	 f28:0x4429cd45 f29:0x3f7d1f60  f5=0x442a0c8d
           4184	      2088	001010dc	d00b7653	fcvt.s.w	f12,x22	 x22:0x00000053 f12=0x42a60000
           4186	      2089	001010e0	f9eaf743	fmadd.s	f14,f21,f30,f31	 f21:0x42a40000 f30:0x3f7d1f60 f31:0x42a40000 f14=0x4323140d
           4190	      2091	001010e4	00578693	addi	x13,x15,5	 x15:0x0000004f x13=0x00000054
           4192	      2092	001010e8	d006f353	fcvt.s.w	f6,x13	 x13:0x00000054  f6=0x42a80000
           4194	      2093	001010ec	38542c23	sw	x5,920(x8)	  x8:0x00101000  x5:0x442a0c8d PA:0x00101398 store:0x442a0c8d load:0x432116ed
           4196	      2094	001010f0	39842383	lw	x7,920(x8)	  x8:0x00101000  x7=0x442a0c8d PA:0x00101398 store:0x00000000
           4200	      2096	001010f4	38e92823	sw	x14,912(x18)	 x18:0x00101000 x14:0x4323140d PA:0x00101390 store:0x4323140d load:0x442a0c8d
           4204	      2098	001010f8	3944a083	lw	x1,916(x9)	  x9:0x00101000  x1=0x3f7d1f60 PA:0x00101394 store:0x432116ed
           4208	      2100	001010fc	3944a883	lw	x17,916(x9)	  x9:0x00101000 x17=0x3f7d1f60 PA:0x00101394 store:0x432116ed
           4218	      2105	00101100	39092803	lw	x16,912(x18)	 x18:0x00101000 x16=0x4323140d PA:0x00101390 store:0x431f19ce
           4220	      2106	00101104	0013f553	fadd.s	f10,f7,f1	  f7:0x442a0c8d  f1:0x3f7d1f60 f10=0x442a4bd5
           4224	      2108	00101108	00678a13	addi	x20,x15,6	 x15:0x0000004f x20=0x00000055
           4226	      2109	0010110c	81167ac3	fmadd.s	f21,f12,f17,f16	 f12:0x42a60000 f17:0x3f7d1f60 f16:0x42a60000 f21=0x4325112c
           4228	      2110	00101110	d00a7b53	fcvt.s.w	f22,x20	 x20:0x00000055 f22=0x42aa0000
           4230	      2111	00101114	00778793	addi	x15,x15,7	 x15:0x0000004f x15=0x00000056
           4232	      2112	00101118	38a42c23	sw	x10,920(x8)	  x8:0x00101000 x10:0x442a4bd5 PA:0x00101398 store:0x442a4bd5 load:0x4323140d
           4234	      2113	0010111c	39842e03	lw	x28,920(x8)	  x8:0x00101000 x28=0x442a4bd5 PA:0x00101398 store:0x00000000
           4238	      2115	00101120	39592823	sw	x21,912(x18)	 x18:0x00101000 x21:0x4325112c PA:0x00101390 store:0x4325112c load:0x442a4bd5
           4242	      2117	00101124	3944ae83	lw	x29,916(x9)	  x9:0x00101000 x29=0x3f7d1f60 PA:0x00101394 store:0x00000055
           4246	      2119	00101128	3944af03	lw	x30,916(x9)	  x9:0x00101000 x30=0x3f7d1f60 PA:0x00101394 store:0x00000055
           4256	      2124	0010112c	39092f83	lw	x31,912(x18)	 x18:0x00101000 x31=0x4325112c PA:0x00101390 store:0x4323140d
           4258	      2125	00101130	01de72d3	fadd.s	f5,f28,f29	 f28:0x442a4bd5 f29:0x3f7d1f60  f5=0x442a8b1d
           4260	      2126	00101134	f9e37643	fmadd.s	f12,f6,f30,f31	  f6:0x42a80000 f30:0x3f7d1f60 f31:0x42a80000 f12=0x43270e4c
           4262	      2127	00101138	38542c23	sw	x5,920(x8)	  x8:0x00101000  x5:0x442a8b1d PA:0x00101398 store:0x442a8b1d load:0x4325112c
           4264	      2128	0010113c	38c92823	sw	x12,912(x18)	 x18:0x00101000 x12:0x43270e4c PA:0x00101390 store:0x43270e4c load:0x4325112c
           4268	      2130	00101140	39842703	lw	x14,920(x8)	  x8:0x00101000 x14=0x442a8b1d PA:0x00101398 store:0x00000000
           4272	      2132	00101144	3944a683	lw	x13,916(x9)	  x9:0x00101000 x13=0x3f7d1f60 PA:0x00101394 store:0x00000055
           4276	      2134	00101148	3944a303	lw	x6,916(x9)	  x9:0x00101000  x6=0x3f7d1f60 PA:0x00101394 store:0x00000055
           4286	      2139	0010114c	39092383	lw	x7,912(x18)	 x18:0x00101000  x7=0x43270e4c PA:0x00101390 store:0x4323140d
           4288	      2140	00101150	00d770d3	fadd.s	f1,f14,f13	 f14:0x442a8b1d f13:0x3f7d1f60  f1=0x442aca65
           4290	      2141	00101154	386b78c3	fmadd.s	f17,f22,f6,f7	 f22:0x42aa0000  f6:0x3f7d1f60  f7:0x42aa0000 f17=0x43290b6b
           4292	      2142	00101158	38142c23	sw	x1,920(x8)	  x8:0x00101000  x1:0x442aca65 PA:0x00101398 store:0x442aca65 load:0x43270e4c
           4294	      2143	0010115c	39842803	lw	x16,920(x8)	  x8:0x00101000 x16=0x442aca65 PA:0x00101398 store:0x00000000
           4298	      2145	00101160	3944a503	lw	x10,916(x9)	  x9:0x00101000 x10=0x3f7d1f60 PA:0x00101394 store:0x00000055
           4308	      2150	00101164	39192823	sw	x17,912(x18)	 x18:0x00101000 x17:0x43290b6b PA:0x00101390 store:0x43290b6b load:0x3f7d1f60
           4310	      2151	00101168	00a87a53	fadd.s	f20,f16,f10	 f16:0x442aca65 f10:0x3f7d1f60 f20=0x442b09ad
           4312	      2152	0010116c	39442c23	sw	x20,920(x8)	  x8:0x00101000 x20:0x442b09ad PA:0x00101398 store:0x442b09ad load:0x3f7d1f60
           4314	      2153	00101170	eeb794e3	bne	x15,x11,101058	 x15:0x00000056 x11:0x00000064
           4326	      2159	00101058	3944a083	lw	x1,916(x9)	  x9:0x00101000  x1=0x3f7d1f60 PA:0x00101394 store:0x442b09ad
           4328	      2160	0010105c	d007f853	fcvt.s.w	f16,x15	 x15:0x00000056 f16=0x42ac0000
           4330	      2161	00101060	39092883	lw	x17,912(x18)	 x18:0x00101000 x17=0x43290b6b PA:0x00101390 store:0x42ac0000
           4332	      2162	00101064	00178a13	addi	x20,x15,1	 x15:0x00000056 x20=0x00000057
           4340	      2166	00101068	39842a83	lw	x21,920(x8)	  x8:0x00101000 x21=0x442b09ad PA:0x00101398 store:0x00000000
           4342	      2167	0010106c	88187b43	fmadd.s	f22,f16,f1,f17	 f16:0x42ac0000  f1:0x3f7d1f60 f17:0x42ac0000 f22=0x432b088a
           4348	      2170	00101070	3944ae03	lw	x28,916(x9)	  x9:0x00101000 x28=0x3f7d1f60 PA:0x00101394 store:0x00000057
           4350	      2171	00101074	d00a7ed3	fcvt.s.w	f29,x20	 x20:0x00000057 f29=0x42ae0000
           4356	      2174	00101078	3944af03	lw	x30,916(x9)	  x9:0x00101000 x30=0x3f7d1f60 PA:0x00101394 store:0x00000057
           4358	      2175	0010107c	01caffd3	fadd.s	f31,f21,f28	 f21:0x442b09ad f28:0x3f7d1f60 f31=0x442b48f5
           4360	      2176	00101080	39692823	sw	x22,912(x18)	 x18:0x00101000 x22:0x432b088a PA:0x00101390 store:0x432b088a load:0x3f7d1f60
           4362	      2177	00101084	39092283	lw	x5,912(x18)	 x18:0x00101000  x5=0x432b088a PA:0x00101390 store:0x42ac0000
           4370	      2181	00101088	00278713	addi	x14,x15,2	 x15:0x00000056 x14=0x00000058
           4372	      2182	0010108c	d00776d3	fcvt.s.w	f13,x14	 x14:0x00000058 f13=0x42b00000
           4374	      2183	00101090	29eef643	fmadd.s	f12,f29,f30,f5	 f29:0x42ae0000 f30:0x3f7d1f60  f5:0x42ae0000 f12=0x432d05aa
           4376	      2184	00101094	39f42c23	sw	x31,920(x8)	  x8:0x00101000 x31:0x442b48f5 PA:0x00101398 store:0x442b48f5 load:0x432b088a
           4378	      2185	00101098	39842303	lw	x6,920(x8)	  x8:0x00101000  x6=0x442b48f5 PA:0x00101398 store:0x00000000
           4382	      2187	0010109c	3944a383	lw	x7,916(x9)	  x9:0x00101000  x7=0x3f7d1f60 PA:0x00101394 store:0x00000057
           4386	      2189	001010a0	3944a083	lw	x1,916(x9)	  x9:0x00101000  x1=0x3f7d1f60 PA:0x00101394 store:0x00000057
           4390	      2191	001010a4	38c92823	sw	x12,912(x18)	 x18:0x00101000 x12:0x432d05aa PA:0x00101390 store:0x432d05aa load:0x3f7d1f60
           4400	      2196	001010a8	39092803	lw	x16,912(x18)	 x18:0x00101000 x16=0x432d05aa PA:0x00101390 store:0x42ac0000
           4402	      2197	001010ac	00737553	fadd.s	f10,f6,f7	  f6:0x442b48f5  f7:0x3f7d1f60 f10=0x442b883d
           4406	      2199	001010b0	00378893	addi	x17,x15,3	 x15:0x00000056 x17=0x00000059
           4408	      2200	001010b4	8016fa43	fmadd.s	f20,f13,f1,f16	 f13:0x42b00000  f1:0x3f7d1f60 f16:0x42b00000 f20=0x432f02c9
           4410	      2201	001010b8	d008fad3	fcvt.s.w	f21,x17	 x17:0x00000059 f21=0x42b20000
           4412	      2202	001010bc	00478b13	addi	x22,x15,4	 x15:0x00000056 x22=0x0000005a
           4414	      2203	001010c0	38a42c23	sw	x10,920(x8)	  x8:0x00101000 x10:0x442b883d PA:0x00101398 store:0x442b883d load:0x432d05aa
           4416	      2204	001010c4	39842e03	lw	x28,920(x8)	  x8:0x00101000 x28=0x442b883d PA:0x00101398 store:0x00000000
           4420	      2206	001010c8	39492823	sw	x20,912(x18)	 x18:0x00101000 x20:0x432f02c9 PA:0x00101390 store:0x432f02c9 load:0x442b883d
           4424	      2208	001010cc	3944ae83	lw	x29,916(x9)	  x9:0x00101000 x29=0x3f7d1f60 PA:0x00101394 store:0x432f02c9
           4428	      2210	001010d0	3944af03	lw	x30,916(x9)	  x9:0x00101000 x30=0x3f7d1f60 PA:0x00101394 store:0x432f02c9
           4438	      2215	001010d4	39092f83	lw	x31,912(x18)	 x18:0x00101000 x31=0x432f02c9 PA:0x00101390 store:0x432d05aa
           4440	      2216	001010d8	01de72d3	fadd.s	f5,f28,f29	 f28:0x442b883d f29:0x3f7d1f60  f5=0x442bc785
           4442	      2217	001010dc	d00b7653	fcvt.s.w	f12,x22	 x22:0x0000005a f12=0x42b40000
           4444	      2218	001010e0	f9eaf743	fmadd.s	f14,f21,f30,f31	 f21:0x42b20000 f30:0x3f7d1f60 f31:0x42b20000 f14=0x4330ffe8
           4448	      2220	001010e4	00578693	addi	x13,x15,5	 x15:0x00000056 x13=0x0000005b
           4450	      2221	001010e8	d006f353	fcvt.s.w	f6,x13	 x13:0x0000005b  f6=0x42b60000
           4452	      2222	001010ec	38542c23	sw	x5,920(x8)	  x8:0x00101000  x5:0x442bc785 PA:0x00101398 store:0x442bc785 load:0x432f02c9
           4454	      2223	001010f0	39842383	lw	x7,920(x8)	  x8:0x00101000  x7=0x442bc785 PA:0x00101398 store:0x00000000
           4458	      2225	001010f4	38e92823	sw	x14,912(x18)	 x18:0x00101000 x14:0x4330ffe8 PA:0x00101390 store:0x4330ffe8 load:0x442bc785
           4462	      2227	001010f8	3944a083	lw	x1,916(x9)	  x9:0x00101000  x1=0x3f7d1f60 PA:0x00101394 store:0x432f02c9
           4466	      2229	001010fc	3944a883	lw	x17,916(x9)	  x9:0x00101000 x17=0x3f7d1f60 PA:0x00101394 store:0x432f02c9
           4476	      2234	00101100	39092803	lw	x16,912(x18)	 x18:0x00101000 x16=0x4330ffe8 PA:0x00101390 store:0x432d05aa
           4478	      2235	00101104	0013f553	fadd.s	f10,f7,f1	  f7:0x442bc785  f1:0x3f7d1f60 f10=0x442c06cd
           4482	      2237	00101108	00678a13	addi	x20,x15,6	 x15:0x00000056 x20=0x0000005c
           4484	      2238	0010110c	81167ac3	fmadd.s	f21,f12,f17,f16	 f12:0x42b40000 f17:0x3f7d1f60 f16:0x42b40000 f21=0x4332fd08
           4486	      2239	00101110	d00a7b53	fcvt.s.w	f22,x20	 x20:0x0000005c f22=0x42b80000
           4488	      2240	00101114	00778793	addi	x15,x15,7	 x15:0x00000056 x15=0x0000005d
           4490	      2241	00101118	38a42c23	sw	x10,920(x8)	  x8:0x00101000 x10:0x442c06cd PA:0x00101398 store:0x442c06cd load:0x4330ffe8
           4492	      2242	0010111c	39842e03	lw	x28,920(x8)	  x8:0x00101000 x28=0x442c06cd PA:0x00101398 store:0x00000000
           4496	      2244	00101120	39592823	sw	x21,912(x18)	 x18:0x00101000 x21:0x4332fd08 PA:0x00101390 store:0x4332fd08 load:0x442c06cd
           4500	      2246	00101124	3944ae83	lw	x29,916(x9)	  x9:0x00101000 x29=0x3f7d1f60 PA:0x00101394 store:0x0000005c
           4504	      2248	00101128	3944af03	lw	x30,916(x9)	  x9:0x00101000 x30=0x3f7d1f60 PA:0x00101394 store:0x0000005c
           4514	      2253	0010112c	39092f83	lw	x31,912(x18)	 x18:0x00101000 x31=0x4332fd08 PA:0x00101390 store:0x4330ffe8
           4516	      2254	00101130	01de72d3	fadd.s	f5,f28,f29	 f28:0x442c06cd f29:0x3f7d1f60  f5=0x442c4615
           4518	      2255	00101134	f9e37643	fmadd.s	f12,f6,f30,f31	  f6:0x42b60000 f30:0x3f7d1f60 f31:0x42b60000 f12=0x4334fa27
           4520	      2256	00101138	38542c23	sw	x5,920(x8)	  x8:0x00101000  x5:0x442c4615 PA:0x00101398 store:0x442c4615 load:0x4332fd08
           4522	      2257	0010113c	38c92823	sw	x12,912(x18)	 x18:0x00101000 x12:0x4334fa27 PA:0x00101390 store:0x4334fa27 load:0x4332fd08
           4526	      2259	00101140	39842703	lw	x14,920(x8)	  x8:0x00101000 x14=0x442c4615 PA:0x00101398 store:0x00000000
           4530	      2261	00101144	3944a683	lw	x13,916(x9)	  x9:0x00101000 x13=0x3f7d1f60 PA:0x00101394 store:0x0000005c
           4534	      2263	00101148	3944a303	lw	x6,916(x9)	  x9:0x00101000  x6=0x3f7d1f60 PA:0x00101394 store:0x0000005c
           4544	      2268	0010114c	39092383	lw	x7,912(x18)	 x18:0x00101000  x7=0x4334fa27 PA:0x00101390 store:0x4330ffe8
           4546	      2269	00101150	00d770d3	fadd.s	f1,f14,f13	 f14:0x442c4615 f13:0x3f7d1f60  f1=0x442c855d
           4548	      2270	00101154	386b78c3	fmadd.s	f17,f22,f6,f7	 f22:0x42b80000  f6:0x3f7d1f60  f7:0x42b80000 f17=0x4336f746
           4550	      2271	00101158	38142c23	sw	x1,920(x8)	  x8:0x00101000  x1:0x442c855d PA:0x00101398 store:0x442c855d load:0x4334fa27
           4552	      2272	0010115c	39842803	lw	x16,920(x8)	  x8:0x00101000 x16=0x442c855d PA:0x00101398 store:0x00000000
           4556	      2274	00101160	3944a503	lw	x10,916(x9)	  x9:0x00101000 x10=0x3f7d1f60 PA:0x00101394 store:0x0000005c
           4566	      2279	00101164	39192823	sw	x17,912(x18)	 x18:0x00101000 x17:0x4336f746 PA:0x00101390 store:0x4336f746 load:0x3f7d1f60
           4568	      2280	00101168	00a87a53	fadd.s	f20,f16,f10	 f16:0x442c855d f10:0x3f7d1f60 f20=0x442cc4a5
           4570	      2281	0010116c	39442c23	sw	x20,920(x8)	  x8:0x00101000 x20:0x442cc4a5 PA:0x00101398 store:0x442cc4a5 load:0x3f7d1f60
           4572	      2282	00101170	eeb794e3	bne	x15,x11,101058	 x15:0x0000005d x11:0x00000064
           4584	      2288	00101058	3944a083	lw	x1,916(x9)	  x9:0x00101000  x1=0x3f7d1f60 PA:0x00101394 store:0x442cc4a5
           4586	      2289	0010105c	d007f853	fcvt.s.w	f16,x15	 x15:0x0000005d f16=0x42ba0000
           4588	      2290	00101060	39092883	lw	x17,912(x18)	 x18:0x00101000 x17=0x4336f746 PA:0x00101390 store:0x42ba0000
           4590	      2291	00101064	00178a13	addi	x20,x15,1	 x15:0x0000005d x20=0x0000005e
           4598	      2295	00101068	39842a83	lw	x21,920(x8)	  x8:0x00101000 x21=0x442cc4a5 PA:0x00101398 store:0x00000000
           4600	      2296	0010106c	88187b43	fmadd.s	f22,f16,f1,f17	 f16:0x42ba0000  f1:0x3f7d1f60 f17:0x42ba0000 f22=0x4338f466
           4606	      2299	00101070	3944ae03	lw	x28,916(x9)	  x9:0x00101000 x28=0x3f7d1f60 PA:0x00101394 store:0x0000005e
           4608	      2300	00101074	d00a7ed3	fcvt.s.w	f29,x20	 x20:0x0000005e f29=0x42bc0000
           4614	      2303	00101078	3944af03	lw	x30,916(x9)	  x9:0x00101000 x30=0x3f7d1f60 PA:0x00101394 store:0x0000005e
           4616	      2304	0010107c	01caffd3	fadd.s	f31,f21,f28	 f21:0x442cc4a5 f28:0x3f7d1f60 f31=0x442d03ed
           4618	      2305	00101080	39692823	sw	x22,912(x18)	 x18:0x00101000 x22:0x4338f466 PA:0x00101390 store:0x4338f466 load:0x3f7d1f60
           4620	      2306	00101084	39092283	lw	x5,912(x18)	 x18:0x00101000  x5=0x4338f466 PA:0x00101390 store:0x42ba0000
           4628	      2310	00101088	00278713	addi	x14,x15,2	 x15:0x0000005d x14=0x0000005f
           4630	      2311	0010108c	d00776d3	fcvt.s.w	f13,x14	 x14:0x0000005f f13=0x42be0000
           4632	      2312	00101090	29eef643	fmadd.s	f12,f29,f30,f5	 f29:0x42bc0000 f30:0x3f7d1f60  f5:0x42bc0000 f12=0x433af185
           4634	      2313	00101094	39f42c23	sw	x31,920(x8)	  x8:0x00101000 x31:0x442d03ed PA:0x00101398 store:0x442d03ed load:0x4338f466
           4636	      2314	00101098	39842303	lw	x6,920(x8)	  x8:0x00101000  x6=0x442d03ed PA:0x00101398 store:0x00000000
           4640	      2316	0010109c	3944a383	lw	x7,916(x9)	  x9:0x00101000  x7=0x3f7d1f60 PA:0x00101394 store:0x0000005e
           4644	      2318	001010a0	3944a083	lw	x1,916(x9)	  x9:0x00101000  x1=0x3f7d1f60 PA:0x00101394 store:0x0000005e
           4648	      2320	001010a4	38c92823	sw	x12,912(x18)	 x18:0x00101000 x12:0x433af185 PA:0x00101390 store:0x433af185 load:0x3f7d1f60
           4658	      2325	001010a8	39092803	lw	x16,912(x18)	 x18:0x00101000 x16=0x433af185 PA:0x00101390 store:0x42ba0000
           4660	      2326	001010ac	00737553	fadd.s	f10,f6,f7	  f6:0x442d03ed  f7:0x3f7d1f60 f10=0x442d4335
           4664	      2328	001010b0	00378893	addi	x17,x15,3	 x15:0x0000005d x17=0x00000060
           4666	      2329	001010b4	8016fa43	fmadd.s	f20,f13,f1,f16	 f13:0x42be0000  f1:0x3f7d1f60 f16:0x42be0000 f20=0x433ceea5
           4668	      2330	001010b8	d008fad3	fcvt.s.w	f21,x17	 x17:0x00000060 f21=0x42c00000
           4670	      2331	001010bc	00478b13	addi	x22,x15,4	 x15:0x0000005d x22=0x00000061
           4672	      2332	001010c0	38a42c23	sw	x10,920(x8)	  x8:0x00101000 x10:0x442d4335 PA:0x00101398 store:0x442d4335 load:0x433af185
           4674	      2333	001010c4	39842e03	lw	x28,920(x8)	  x8:0x00101000 x28=0x442d4335 PA:0x00101398 store:0x00000000
           4678	      2335	001010c8	39492823	sw	x20,912(x18)	 x18:0x00101000 x20:0x433ceea5 PA:0x00101390 store:0x433ceea5 load:0x442d4335
           4682	      2337	001010cc	3944ae83	lw	x29,916(x9)	  x9:0x00101000 x29=0x3f7d1f60 PA:0x00101394 store:0x433ceea5
           4686	      2339	001010d0	3944af03	lw	x30,916(x9)	  x9:0x00101000 x30=0x3f7d1f60 PA:0x00101394 store:0x433ceea5
           4696	      2344	001010d4	39092f83	lw	x31,912(x18)	 x18:0x00101000 x31=0x433ceea5 PA:0x00101390 store:0x433af185
           4698	      2345	001010d8	01de72d3	fadd.s	f5,f28,f29	 f28:0x442d4335 f29:0x3f7d1f60  f5=0x442d827d
           4700	      2346	001010dc	d00b7653	fcvt.s.w	f12,x22	 x22:0x00000061 f12=0x42c20000
           4702	      2347	001010e0	f9eaf743	fmadd.s	f14,f21,f30,f31	 f21:0x42c00000 f30:0x3f7d1f60 f31:0x42c00000 f14=0x433eebc4
           4706	      2349	001010e4	00578693	addi	x13,x15,5	 x15:0x0000005d x13=0x00000062
           4708	      2350	001010e8	d006f353	fcvt.s.w	f6,x13	 x13:0x00000062  f6=0x42c40000
           4710	      2351	001010ec	38542c23	sw	x5,920(x8)	  x8:0x00101000  x5:0x442d827d PA:0x00101398 store:0x442d827d load:0x433ceea5
           4712	      2352	001010f0	39842383	lw	x7,920(x8)	  x8:0x00101000  x7=0x442d827d PA:0x00101398 store:0x00000000
           4716	      2354	001010f4	38e92823	sw	x14,912(x18)	 x18:0x00101000 x14:0x433eebc4 PA:0x00101390 store:0x433eebc4 load:0x442d827d
           4720	      2356	001010f8	3944a083	lw	x1,916(x9)	  x9:0x00101000  x1=0x3f7d1f60 PA:0x00101394 store:0x433ceea5
           4724	      2358	001010fc	3944a883	lw	x17,916(x9)	  x9:0x00101000 x17=0x3f7d1f60 PA:0x00101394 store:0x433ceea5
           4734	      2363	00101100	39092803	lw	x16,912(x18)	 x18:0x00101000 x16=0x433eebc4 PA:0x00101390 store:0x433af185
           4736	      2364	00101104	0013f553	fadd.s	f10,f7,f1	  f7:0x442d827d  f1:0x3f7d1f60 f10=0x442dc1c5
           4740	      2366	00101108	00678a13	addi	x20,x15,6	 x15:0x0000005d x20=0x00000063
           4742	      2367	0010110c	81167ac3	fmadd.s	f21,f12,f17,f16	 f12:0x42c20000 f17:0x3f7d1f60 f16:0x42c20000 f21=0x4340e8e3
           4744	      2368	00101110	d00a7b53	fcvt.s.w	f22,x20	 x20:0x00000063 f22=0x42c60000
           4746	      2369	00101114	00778793	addi	x15,x15,7	 x15:0x0000005d x15=0x00000064
           4748	      2370	00101118	38a42c23	sw	x10,920(x8)	  x8:0x00101000 x10:0x442dc1c5 PA:0x00101398 store:0x442dc1c5 load:0x433eebc4
           4750	      2371	0010111c	39842e03	lw	x28,920(x8)	  x8:0x00101000 x28=0x442dc1c5 PA:0x00101398 store:0x00000000
           4754	      2373	00101120	39592823	sw	x21,912(x18)	 x18:0x00101000 x21:0x4340e8e3 PA:0x00101390 store:0x4340e8e3 load:0x442dc1c5
           4758	      2375	00101124	3944ae83	lw	x29,916(x9)	  x9:0x00101000 x29=0x3f7d1f60 PA:0x00101394 store:0x00000063
           4762	      2377	00101128	3944af03	lw	x30,916(x9)	  x9:0x00101000 x30=0x3f7d1f60 PA:0x00101394 store:0x00000063
           4772	      2382	0010112c	39092f83	lw	x31,912(x18)	 x18:0x00101000 x31=0x4340e8e3 PA:0x00101390 store:0x433eebc4
           4774	      2383	00101130	01de72d3	fadd.s	f5,f28,f29	 f28:0x442dc1c5 f29:0x3f7d1f60  f5=0x442e010d
           4776	      2384	00101134	f9e37643	fmadd.s	f12,f6,f30,f31	  f6:0x42c40000 f30:0x3f7d1f60 f31:0x42c40000 f12=0x4342e603
           4778	      2385	00101138	38542c23	sw	x5,920(x8)	  x8:0x00101000  x5:0x442e010d PA:0x00101398 store:0x442e010d load:0x4340e8e3
           4780	      2386	0010113c	38c92823	sw	x12,912(x18)	 x18:0x00101000 x12:0x4342e603 PA:0x00101390 store:0x4342e603 load:0x4340e8e3
           4784	      2388	00101140	39842703	lw	x14,920(x8)	  x8:0x00101000 x14=0x442e010d PA:0x00101398 store:0x00000000
           4788	      2390	00101144	3944a683	lw	x13,916(x9)	  x9:0x00101000 x13=0x3f7d1f60 PA:0x00101394 store:0x00000063
           4792	      2392	00101148	3944a303	lw	x6,916(x9)	  x9:0x00101000  x6=0x3f7d1f60 PA:0x00101394 store:0x00000063
           4802	      2397	0010114c	39092383	lw	x7,912(x18)	 x18:0x00101000  x7=0x4342e603 PA:0x00101390 store:0x433eebc4
           4804	      2398	00101150	00d770d3	fadd.s	f1,f14,f13	 f14:0x442e010d f13:0x3f7d1f60  f1=0x442e4055
           4806	      2399	00101154	386b78c3	fmadd.s	f17,f22,f6,f7	 f22:0x42c60000  f6:0x3f7d1f60  f7:0x42c60000 f17=0x4344e322
           4808	      2400	00101158	38142c23	sw	x1,920(x8)	  x8:0x00101000  x1:0x442e4055 PA:0x00101398 store:0x442e4055 load:0x4342e603
           4810	      2401	0010115c	39842803	lw	x16,920(x8)	  x8:0x00101000 x16=0x442e4055 PA:0x00101398 store:0x00000000
           4814	      2403	00101160	3944a503	lw	x10,916(x9)	  x9:0x00101000 x10=0x3f7d1f60 PA:0x00101394 store:0x00000063
           4824	      2408	00101164	39192823	sw	x17,912(x18)	 x18:0x00101000 x17:0x4344e322 PA:0x00101390 store:0x4344e322 load:0x3f7d1f60
           4826	      2409	00101168	00a87a53	fadd.s	f20,f16,f10	 f16:0x442e4055 f10:0x3f7d1f60 f20=0x442e7f9d
           4828	      2410	0010116c	39442c23	sw	x20,920(x8)	  x8:0x00101000 x20:0x442e7f9d PA:0x00101398 store:0x442e7f9d load:0x3f7d1f60
           4830	      2411	00101170	eeb794e3	bne	x15,x11,101058	 x15:0x00000064 x11:0x00000064
           4832	      2412	00101174	39c9a983	lw	x19,924(x19)	 x19:0x00101000 x19=0x43edefdf PA:0x0010139c store:0x442dc1c5
           4834	      2413	00101178	00101437	lui	x8,0x101	  x8=0x00101000
           4836	      2414	0010117c	001014b7	lui	x9,0x101	  x9=0x00101000
           4838	      2415	00101180	32040513	addi	x10,x8,800	  x8:0x00101000 x10=0x00101320
           4842	      2417	00101184	3934a223	sw	x19,900(x9)	  x9:0x00101000 x19:0x43edefdf PA:0x00101384 store:0x43edefdf load:0x43edefdf
           4846	      2419	00101188	f19fe0ef	jal	x1,1000a0	  x1=0x0010118c
           4850	      2421	001000a0	00054803	lbu	x16,0(x10)	 x10:0x00101320 x16=0x0000000a PA:0x00101320 store:0x00000000
           4852	      2422	001000a4	06080663	beq	x16,x0,100110	 x16:0x0000000a  x0:0x00000000
           4854	      2423	001000a8	000207b7	lui	x15,0x20	 x15=0x00020000
           4858	      2425	001000ac	0107a023	sw	x16,0(x15)	 x15:0x00020000 x16:0x0000000a PA:0x00020000 store:0x0000000a load:0x00000000
           4862	      2427	001000b0	00154703	lbu	x14,1(x10)	 x10:0x00101320 x14=0x00000052 PA:0x00101321 store:0x0010118c
           4864	      2428	001000b4	04070e63	beq	x14,x0,100110	 x14:0x00000052  x0:0x00000000
           4868	      2430	001000b8	00e7a023	sw	x14,0(x15)	 x15:0x00020000 x14:0x00000052 PA:0x00020000 store:0x00000052 load:0x00000000
           4872	      2432	001000bc	00254283	lbu	x5,2(x10)	 x10:0x00101320  x5=0x00000065 PA:0x00101322 store:0x00137fe0
           4874	      2433	001000c0	04028863	beq	x5,x0,100110	  x5:0x00000065  x0:0x00000000
           4878	      2435	001000c4	0057a023	sw	x5,0(x15)	 x15:0x00020000  x5:0x00000065 PA:0x00020000 store:0x00000065 load:0x00000000
           4882	      2437	001000c8	00354303	lbu	x6,3(x10)	 x10:0x00101320  x6=0x00000073 PA:0x00101323 store:0x00000000
           4884	      2438	001000cc	04030263	beq	x6,x0,100110	  x6:0x00000073  x0:0x00000000
           4888	      2440	001000d0	0067a023	sw	x6,0(x15)	 x15:0x00020000  x6:0x00000073 PA:0x00020000 store:0x00000073 load:0x00000000
           4892	      2442	001000d4	00454383	lbu	x7,4(x10)	 x10:0x00101320  x7=0x00000075 PA:0x00101324 store:0x00000000
           4894	      2443	001000d8	02038c63	beq	x7,x0,100110	  x7:0x00000075  x0:0x00000000
           4898	      2445	001000dc	0077a023	sw	x7,0(x15)	 x15:0x00020000  x7:0x00000075 PA:0x00020000 store:0x00000075 load:0x00000000
           4902	      2447	001000e0	00554583	lbu	x11,5(x10)	 x10:0x00101320 x11=0x0000006c PA:0x00101325 store:0x00000065
           4904	      2448	001000e4	02058663	beq	x11,x0,100110	 x11:0x0000006c  x0:0x00000000
           4908	      2450	001000e8	00b7a023	sw	x11,0(x15)	 x15:0x00020000 x11:0x0000006c PA:0x00020000 store:0x0000006c load:0x00000000
           4912	      2452	001000ec	00654603	lbu	x12,6(x10)	 x10:0x00101320 x12=0x00000074 PA:0x00101326 store:0x00000073
           4914	      2453	001000f0	02060063	beq	x12,x0,100110	 x12:0x00000074  x0:0x00000000
           4918	      2455	001000f4	00c7a023	sw	x12,0(x15)	 x15:0x00020000 x12:0x00000074 PA:0x00020000 store:0x00000074 load:0x00000000
           4922	      2457	001000f8	00754683	lbu	x13,7(x10)	 x10:0x00101320 x13=0x00000032 PA:0x00101327 store:0x00000075
           4924	      2458	001000fc	00850513	addi	x10,x10,8	 x10:0x00101320 x10=0x00101328
           4926	      2459	00100100	00068863	beq	x13,x0,100110	 x13:0x00000032  x0:0x00000000
           4930	      2461	00100104	00d7a023	sw	x13,0(x15)	 x15:0x00020000 x13:0x00000032 PA:0x00020000 store:0x00000032 load:0x00000000
           4934	      2463	00100108	00054803	lbu	x16,0(x10)	 x10:0x00101328 x16=0x0000003a PA:0x00101328 store:0x00000000
           4938	      2465	0010010c	fa0810e3	bne	x16,x0,1000ac	 x16:0x0000003a  x0:0x00000000
           4944	      2468	001000ac	0107a023	sw	x16,0(x15)	 x15:0x00020000 x16:0x0000003a PA:0x00020000 store:0x0000003a load:0x00000000
           4948	      2470	001000b0	00154703	lbu	x14,1(x10)	 x10:0x00101328 x14=0x00000020 PA:0x00101329 store:0x0010118c
           4950	      2471	001000b4	04070e63	beq	x14,x0,100110	 x14:0x00000020  x0:0x00000000
           4954	      2473	001000b8	00e7a023	sw	x14,0(x15)	 x15:0x00020000 x14:0x00000020 PA:0x00020000 store:0x00000020 load:0x00000000
           4958	      2475	001000bc	00254283	lbu	x5,2(x10)	 x10:0x00101328  x5=0x00000000 PA:0x0010132a store:0x00137fe0
           4962	      2477	001000c0	04028863	beq	x5,x0,100110	  x5:0x00000000  x0:0x00000000
           4966	      2479	00100110	00000513	addi	x10,x0,0	  x0:0x00000000 x10=0x00000000
           4970	      2481	00100114	00008067	jalr	x0,0(x1)	  x1:0x0010118c  x0=0x00000000
           4974	      2483	0010118c	39092503	lw	x10,912(x18)	 x18:0x00101000 x10=0x4344e322 PA:0x00101390 store:0x0000003a
           4976	      2484	00101190	00101937	lui	x18,0x101	 x18=0x00101000
           4978	      2485	00101194	00101ab7	lui	x21,0x101	 x21=0x00101000
           4982	      2487	00101198	ca9ff0ef	jal	x1,100e40	  x1=0x0010119c
           4984	      2488	00100e40	ff010113	addi	x2,x2,-16	  x2:0x00137fe0  x2=0x00137fd0
           4994	      2493	00100e44	00912223	sw	x9,4(x2)	  x2:0x00137fd0  x9:0x00101000 PA:0x00137fd4 store:0x00101000 load:0x4344e322
           4996	      2494	00100e48	c01514d3	fcvt.wu.s	x9,f10	 f10:0x4344e322  x9=0x000000c4
           4998	      2495	00100e4c	00812423	sw	x8,8(x2)	  x2:0x00137fd0  x8:0x00101000 PA:0x00137fd8 store:0x00101000 load:0x4344e322
           5000	      2496	00100e50	00050413	addi	x8,x10,0	 x10:0x4344e322  x8=0x4344e322
           5002	      2497	00100e54	00048513	addi	x10,x9,0	  x9:0x000000c4 x10=0x000000c4
           5004	      2498	00100e58	00112623	sw	x1,12(x2)	  x2:0x00137fd0  x1:0x0010119c PA:0x00137fdc store:0x0010119c load:0x4344e322
           5008	      2500	00100e5c	ac4ff0ef	jal	x1,100120	  x1=0x00100e60
           5010	      2501	00100120	01c55793	srli	x15,x10,0x1c	 x10:0x000000c4 x15=0x00000000
           5012	      2502	00100124	00900713	addi	x14,x0,9	  x0:0x00000000 x14=0x00000009
           5016	      2504	00100128	0cf77a63	bgeu	x14,x15,1001fc	 x14:0x00000009 x15:0x00000000
           5020	      2506	001001fc	03078393	addi	x7,x15,48	 x15:0x00000000  x7=0x00000030
           5022	      2507	00100200	000205b7	lui	x11,0x20	 x11=0x00020000
           5024	      2508	00100204	00451613	slli	x12,x10,0x4	 x10:0x000000c4 x12=0x00000c40
           5028	      2510	00100208	0075a023	sw	x7,0(x11)	 x11:0x00020000  x7:0x00000030 PA:0x00020000 store:0x00000030 load:0x00000000
           5030	      2511	0010020c	01c65693	srli	x13,x12,0x1c	 x12:0x00000c40 x13=0x00000000
           5032	      2512	00100210	00900813	addi	x16,x0,9	  x0:0x00000000 x16=0x00000009
           5034	      2513	00100214	f2d86ae3	bltu	x16,x13,100148	 x16:0x00000009 x13:0x00000000
           5036	      2514	00100218	03068e93	addi	x29,x13,48	 x13:0x00000000 x29=0x00000030
           5038	      2515	0010021c	00020f37	lui	x30,0x20	 x30=0x00020000
           5040	      2516	00100220	00851f93	slli	x31,x10,0x8	 x10:0x000000c4 x31=0x0000c400
           5044	      2518	00100224	01df2023	sw	x29,0(x30)	 x30:0x00020000 x29:0x00000030 PA:0x00020000 store:0x00000030 load:0x00000000
           5046	      2519	00100228	01cfd793	srli	x15,x31,0x1c	 x31:0x0000c400 x15=0x00000000
           5048	      2520	0010022c	00900713	addi	x14,x0,9	  x0:0x00000000 x14=0x00000009
           5050	      2521	00100230	f2f76ae3	bltu	x14,x15,100164	 x14:0x00000009 x15:0x00000000
           5052	      2522	00100234	03078393	addi	x7,x15,48	 x15:0x00000000  x7=0x00000030
           5054	      2523	00100238	000205b7	lui	x11,0x20	 x11=0x00020000
           5056	      2524	0010023c	00c51613	slli	x12,x10,0xc	 x10:0x000000c4 x12=0x000c4000
           5060	      2526	00100240	0075a023	sw	x7,0(x11)	 x11:0x00020000  x7:0x00000030 PA:0x00020000 store:0x00000030 load:0x00000000
           5062	      2527	00100244	01c65693	srli	x13,x12,0x1c	 x12:0x000c4000 x13=0x00000000
           5064	      2528	00100248	00900813	addi	x16,x0,9	  x0:0x00000000 x16=0x00000009
           5066	      2529	0010024c	f2d86ae3	bltu	x16,x13,100180	 x16:0x00000009 x13:0x00000000
           5068	      2530	00100250	03068e93	addi	x29,x13,48	 x13:0x00000000 x29=0x00000030
           5070	      2531	00100254	00020f37	lui	x30,0x20	 x30=0x00020000
           5072	      2532	00100258	01051f93	slli	x31,x10,0x10	 x10:0x000000c4 x31=0x00c40000
           5076	      2534	0010025c	01df2023	sw	x29,0(x30)	 x30:0x00020000 x29:0x00000030 PA:0x00020000 store:0x00000030 load:0x00000000
           5078	      2535	00100260	01cfd793	srli	x15,x31,0x1c	 x31:0x00c40000 x15=0x00000000
           5080	      2536	00100264	00900713	addi	x14,x0,9	  x0:0x00000000 x14=0x00000009
           5082	      2537	00100268	f2f76ae3	bltu	x14,x15,10019c	 x14:0x00000009 x15:0x00000000
           5084	      2538	0010026c	03078393	addi	x7,x15,48	 x15:0x00000000  x7=0x00000030
           5086	      2539	00100270	000205b7	lui	x11,0x20	 x11=0x00020000
           5088	      2540	00100274	01451613	slli	x12,x10,0x14	 x10:0x000000c4 x12=0x0c400000
           5092	      2542	00100278	0075a023	sw	x7,0(x11)	 x11:0x00020000  x7:0x00000030 PA:0x00020000 store:0x00000030 load:0x00000000
           5094	      2543	0010027c	01c65693	srli	x13,x12,0x1c	 x12:0x0c400000 x13=0x00000000
           5096	      2544	00100280	00900813	addi	x16,x0,9	  x0:0x00000000 x16=0x00000009
           5098	      2545	00100284	f2d86ae3	bltu	x16,x13,1001b8	 x16:0x00000009 x13:0x00000000
           5100	      2546	00100288	03068e93	addi	x29,x13,48	 x13:0x00000000 x29=0x00000030
           5102	      2547	0010028c	00020f37	lui	x30,0x20	 x30=0x00020000
           5104	      2548	00100290	01851f93	slli	x31,x10,0x18	 x10:0x000000c4 x31=0xc4000000
           5108	      2550	00100294	01df2023	sw	x29,0(x30)	 x30:0x00020000 x29:0x00000030 PA:0x00020000 store:0x00000030 load:0x00000000
           5110	      2551	00100298	01cfd793	srli	x15,x31,0x1c	 x31:0xc4000000 x15=0x0000000c
           5112	      2552	0010029c	00900713	addi	x14,x0,9	  x0:0x00000000 x14=0x00000009
           5116	      2554	001002a0	f2f76ae3	bltu	x14,x15,1001d4	 x14:0x00000009 x15:0x0000000c
           5120	      2556	001001d4	03778293	addi	x5,x15,55	 x15:0x0000000c  x5=0x00000043
           5122	      2557	001001d8	00020337	lui	x6,0x20	  x6=0x00020000
           5126	      2559	001001dc	00532023	sw	x5,0(x6)	  x6:0x00020000  x5:0x00000043 PA:0x00020000 store:0x00000043 load:0x00000000
           5128	      2560	001001e0	00f57513	andi	x10,x10,15	 x10:0x000000c4 x10=0x00000004
           5130	      2561	001001e4	00900613	addi	x12,x0,9	  x0:0x00000000 x12=0x00000009
           5132	      2562	001001e8	0ca66a63	bltu	x12,x10,1002bc	 x12:0x00000009 x10:0x00000004
           5134	      2563	001001ec	03050893	addi	x17,x10,48	 x10:0x00000004 x17=0x00000034
           5136	      2564	001001f0	00020e37	lui	x28,0x20	 x28=0x00020000
           5140	      2566	001001f4	011e2023	sw	x17,0(x28)	 x28:0x00020000 x17:0x00000034 PA:0x00020000 store:0x00000034 load:0x00000000
           5144	      2568	001001f8	00008067	jalr	x0,0(x1)	  x1:0x00100e60  x0=0x00000000
           5146	      2569	00100e60	00101537	lui	x10,0x101	 x10=0x00101000
           5148	      2570	00100e64	31050513	addi	x10,x10,784	 x10:0x00101000 x10=0x00101310
           5152	      2572	00100e68	a38ff0ef	jal	x1,1000a0	  x1=0x00100e6c
           5156	      2574	001000a0	00054803	lbu	x16,0(x10)	 x10:0x00101310 x16=0x0000002e PA:0x00101310 store:0x00000000
           5158	      2575	001000a4	06080663	beq	x16,x0,100110	 x16:0x0000002e  x0:0x00000000
           5160	      2576	001000a8	000207b7	lui	x15,0x20	 x15=0x00020000
           5164	      2578	001000ac	0107a023	sw	x16,0(x15)	 x15:0x00020000 x16:0x0000002e PA:0x00020000 store:0x0000002e load:0x00000000
           5168	      2580	001000b0	00154703	lbu	x14,1(x10)	 x10:0x00101310 x14=0x00000000 PA:0x00101311 store:0x00100e6c
           5172	      2582	001000b4	04070e63	beq	x14,x0,100110	 x14:0x00000000  x0:0x00000000
           5176	      2584	00100110	00000513	addi	x10,x0,0	  x0:0x00000000 x10=0x00000000
           5186	      2589	00100114	00008067	jalr	x0,0(x1)	  x1:0x00100e6c  x0=0x00000000
           5188	      2590	00100e6c	d014f2d3	fcvt.s.wu	f5,x9	  x9:0x000000c4  f5=0x43440000
           5196	      2594	00100e70	001017b7	lui	x15,0x101	 x15=0x00101000
           5198	      2595	00100e74	2bc7a383	lw	x7,700(x15)	 x15:0x00101000  x7=0x47c35000 PA:0x001012bc store:0x00020000
           5200	      2596	00100e78	08547353	fsub.s	f6,f8,f5	  f8:0x4344e322  f5:0x43440000  f6=0x3f632200
           5202	      2597	00100e7c	00812403	lw	x8,8(x2)	  x2:0x00137fd0  x8=0x00101000 PA:0x00137fd8 store:0x4344e322
           5204	      2598	00100e80	00c12083	lw	x1,12(x2)	  x2:0x00137fd0  x1=0x0010119c PA:0x00137fdc store:0x00000009
           5212	      2602	00100e84	00412483	lw	x9,4(x2)	  x2:0x00137fd0  x9=0x00101000 PA:0x00137fd4 store:0x00000000
           5214	      2603	00100e88	107375d3	fmul.s	f11,f6,f7	  f6:0x3f632200  f7:0x47c35000 f11=0x47ad49e1
           5218	      2605	00100e8c	01010113	addi	x2,x2,16	  x2:0x00137fd0  x2=0x00137fe0
           5220	      2606	00100e90	c0159553	fcvt.wu.s	x10,f11	 f11:0x47ad49e1 x10=0x00015a93
           5222	      2607	00100e94	a8cff06f	jal	x0,100120	  x0=0x00000000
           5224	      2608	00100120	01c55793	srli	x15,x10,0x1c	 x10:0x00015a93 x15=0x00000000
           5226	      2609	00100124	00900713	addi	x14,x0,9	  x0:0x00000000 x14=0x00000009
           5228	      2610	00100128	0cf77a63	bgeu	x14,x15,1001fc	 x14:0x00000009 x15:0x00000000
           5232	      2612	001001fc	03078393	addi	x7,x15,48	 x15:0x00000000  x7=0x00000030
           5234	      2613	00100200	000205b7	lui	x11,0x20	 x11=0x00020000
           5236	      2614	00100204	00451613	slli	x12,x10,0x4	 x10:0x00015a93 x12=0x0015a930
           5240	      2616	00100208	0075a023	sw	x7,0(x11)	 x11:0x00020000  x7:0x00000030 PA:0x00020000 store:0x00000030 load:0x00000000
           5242	      2617	0010020c	01c65693	srli	x13,x12,0x1c	 x12:0x0015a930 x13=0x00000000
           5244	      2618	00100210	00900813	addi	x16,x0,9	  x0:0x00000000 x16=0x00000009
           5246	      2619	00100214	f2d86ae3	bltu	x16,x13,100148	 x16:0x00000009 x13:0x00000000
           5248	      2620	00100218	03068e93	addi	x29,x13,48	 x13:0x00000000 x29=0x00000030
           5250	      2621	0010021c	00020f37	lui	x30,0x20	 x30=0x00020000
           5252	      2622	00100220	00851f93	slli	x31,x10,0x8	 x10:0x00015a93 x31=0x015a9300
           5256	      2624	00100224	01df2023	sw	x29,0(x30)	 x30:0x00020000 x29:0x00000030 PA:0x00020000 store:0x00000030 load:0x00000000
           5258	      2625	00100228	01cfd793	srli	x15,x31,0x1c	 x31:0x015a9300 x15=0x00000000
           5260	      2626	0010022c	00900713	addi	x14,x0,9	  x0:0x00000000 x14=0x00000009
           5262	      2627	00100230	f2f76ae3	bltu	x14,x15,100164	 x14:0x00000009 x15:0x00000000
           5264	      2628	00100234	03078393	addi	x7,x15,48	 x15:0x00000000  x7=0x00000030
           5266	      2629	00100238	000205b7	lui	x11,0x20	 x11=0x00020000
           5268	      2630	0010023c	00c51613	slli	x12,x10,0xc	 x10:0x00015a93 x12=0x15a93000
           5272	      2632	00100240	0075a023	sw	x7,0(x11)	 x11:0x00020000  x7:0x00000030 PA:0x00020000 store:0x00000030 load:0x00000000
           5274	      2633	00100244	01c65693	srli	x13,x12,0x1c	 x12:0x15a93000 x13=0x00000001
           5276	      2634	00100248	00900813	addi	x16,x0,9	  x0:0x00000000 x16=0x00000009
           5278	      2635	0010024c	f2d86ae3	bltu	x16,x13,100180	 x16:0x00000009 x13:0x00000001
           5280	      2636	00100250	03068e93	addi	x29,x13,48	 x13:0x00000001 x29=0x00000031
           5282	      2637	00100254	00020f37	lui	x30,0x20	 x30=0x00020000
           5284	      2638	00100258	01051f93	slli	x31,x10,0x10	 x10:0x00015a93 x31=0x5a930000
           5288	      2640	0010025c	01df2023	sw	x29,0(x30)	 x30:0x00020000 x29:0x00000031 PA:0x00020000 store:0x00000031 load:0x00000000
           5290	      2641	00100260	01cfd793	srli	x15,x31,0x1c	 x31:0x5a930000 x15=0x00000005
           5292	      2642	00100264	00900713	addi	x14,x0,9	  x0:0x00000000 x14=0x00000009
           5294	      2643	00100268	f2f76ae3	bltu	x14,x15,10019c	 x14:0x00000009 x15:0x00000005
           5296	      2644	0010026c	03078393	addi	x7,x15,48	 x15:0x00000005  x7=0x00000035
           5298	      2645	00100270	000205b7	lui	x11,0x20	 x11=0x00020000
           5300	      2646	00100274	01451613	slli	x12,x10,0x14	 x10:0x00015a93 x12=0xa9300000
           5304	      2648	00100278	0075a023	sw	x7,0(x11)	 x11:0x00020000  x7:0x00000035 PA:0x00020000 store:0x00000035 load:0x00000000
           5306	      2649	0010027c	01c65693	srli	x13,x12,0x1c	 x12:0xa9300000 x13=0x0000000a
           5308	      2650	00100280	00900813	addi	x16,x0,9	  x0:0x00000000 x16=0x00000009
           5312	      2652	00100284	f2d86ae3	bltu	x16,x13,1001b8	 x16:0x00000009 x13:0x0000000a
           5316	      2654	001001b8	03768893	addi	x17,x13,55	 x13:0x0000000a x17=0x00000041
           5318	      2655	001001bc	00020e37	lui	x28,0x20	 x28=0x00020000
           5320	      2656	001001c0	01851f93	slli	x31,x10,0x18	 x10:0x00015a93 x31=0x93000000
           5324	      2658	001001c4	011e2023	sw	x17,0(x28)	 x28:0x00020000 x17:0x00000041 PA:0x00020000 store:0x00000041 load:0x00000000
           5326	      2659	001001c8	01cfd793	srli	x15,x31,0x1c	 x31:0x93000000 x15=0x00000009
           5328	      2660	001001cc	00900713	addi	x14,x0,9	  x0:0x00000000 x14=0x00000009
           5332	      2662	001001d0	0cf77a63	bgeu	x14,x15,1002a4	 x14:0x00000009 x15:0x00000009
           5336	      2664	001002a4	03078393	addi	x7,x15,48	 x15:0x00000009  x7=0x00000039
           5338	      2665	001002a8	000205b7	lui	x11,0x20	 x11=0x00020000
           5342	      2667	001002ac	0075a023	sw	x7,0(x11)	 x11:0x00020000  x7:0x00000039 PA:0x00020000 store:0x00000039 load:0x00000000
           5344	      2668	001002b0	00f57513	andi	x10,x10,15	 x10:0x00015a93 x10=0x00000003
           5346	      2669	001002b4	00900613	addi	x12,x0,9	  x0:0x00000000 x12=0x00000009
           5350	      2671	001002b8	f2a67ae3	bgeu	x12,x10,1001ec	 x12:0x00000009 x10:0x00000003
           5354	      2673	001001ec	03050893	addi	x17,x10,48	 x10:0x00000003 x17=0x00000033
           5356	      2674	001001f0	00020e37	lui	x28,0x20	 x28=0x00020000
           5360	      2676	001001f4	011e2023	sw	x17,0(x28)	 x28:0x00020000 x17:0x00000033 PA:0x00020000 store:0x00000033 load:0x00000000
           5364	      2678	001001f8	00008067	jalr	x0,0(x1)	  x1:0x0010119c  x0=0x00000000
           5366	      2679	0010119c	32c90513	addi	x10,x18,812	 x18:0x00101000 x10=0x0010132c
           5370	      2681	001011a0	f01fe0ef	jal	x1,1000a0	  x1=0x001011a4
           5374	      2683	001000a0	00054803	lbu	x16,0(x10)	 x10:0x0010132c x16=0x0000000a PA:0x0010132c store:0x00000000
           5376	      2684	001000a4	06080663	beq	x16,x0,100110	 x16:0x0000000a  x0:0x00000000
           5378	      2685	001000a8	000207b7	lui	x15,0x20	 x15=0x00020000
           5382	      2687	001000ac	0107a023	sw	x16,0(x15)	 x15:0x00020000 x16:0x0000000a PA:0x00020000 store:0x0000000a load:0x00000000
           5386	      2689	001000b0	00154703	lbu	x14,1(x10)	 x10:0x0010132c x14=0x0000000a PA:0x0010132d store:0x001011a4
           5388	      2690	001000b4	04070e63	beq	x14,x0,100110	 x14:0x0000000a  x0:0x00000000
           5392	      2692	001000b8	00e7a023	sw	x14,0(x15)	 x15:0x00020000 x14:0x0000000a PA:0x00020000 store:0x0000000a load:0x00000000
           5396	      2694	001000bc	00254283	lbu	x5,2(x10)	 x10:0x0010132c  x5=0x00000000 PA:0x0010132e store:0x00137fe0
           5400	      2696	001000c0	04028863	beq	x5,x0,100110	  x5:0x00000000  x0:0x00000000
           5404	      2698	00100110	00000513	addi	x10,x0,0	  x0:0x00000000 x10=0x00000000
           5408	      2700	00100114	00008067	jalr	x0,0(x1)	  x1:0x001011a4  x0=0x00000000
           5410	      2701	001011a4	001015b7	lui	x11,0x101	 x11=0x00101000
           5412	      2702	001011a8	33058513	addi	x10,x11,816	 x11:0x00101000 x10=0x00101330
           5416	      2704	001011ac	ef5fe0ef	jal	x1,1000a0	  x1=0x001011b0
           5420	      2706	001000a0	00054803	lbu	x16,0(x10)	 x10:0x00101330 x16=0x0000000a PA:0x00101330 store:0x00000000
           5422	      2707	001000a4	06080663	beq	x16,x0,100110	 x16:0x0000000a  x0:0x00000000
           5424	      2708	001000a8	000207b7	lui	x15,0x20	 x15=0x00020000
           5428	      2710	001000ac	0107a023	sw	x16,0(x15)	 x15:0x00020000 x16:0x0000000a PA:0x00020000 store:0x0000000a load:0x00000000
           5432	      2712	001000b0	00154703	lbu	x14,1(x10)	 x10:0x00101330 x14=0x00000052 PA:0x00101331 store:0x001011b0
           5434	      2713	001000b4	04070e63	beq	x14,x0,100110	 x14:0x00000052  x0:0x00000000
           5438	      2715	001000b8	00e7a023	sw	x14,0(x15)	 x15:0x00020000 x14:0x00000052 PA:0x00020000 store:0x00000052 load:0x00000000
           5442	      2717	001000bc	00254283	lbu	x5,2(x10)	 x10:0x00101330  x5=0x00000065 PA:0x00101332 store:0x00137fe0
           5444	      2718	001000c0	04028863	beq	x5,x0,100110	  x5:0x00000065  x0:0x00000000
           5448	      2720	001000c4	0057a023	sw	x5,0(x15)	 x15:0x00020000  x5:0x00000065 PA:0x00020000 store:0x00000065 load:0x00000000
           5452	      2722	001000c8	00354303	lbu	x6,3(x10)	 x10:0x00101330  x6=0x00000073 PA:0x00101333 store:0x00000000
           5454	      2723	001000cc	04030263	beq	x6,x0,100110	  x6:0x00000073  x0:0x00000000
           5458	      2725	001000d0	0067a023	sw	x6,0(x15)	 x15:0x00020000  x6:0x00000073 PA:0x00020000 store:0x00000073 load:0x00000000
           5462	      2727	001000d4	00454383	lbu	x7,4(x10)	 x10:0x00101330  x7=0x00000075 PA:0x00101334 store:0x00000000
           5464	      2728	001000d8	02038c63	beq	x7,x0,100110	  x7:0x00000075  x0:0x00000000
           5468	      2730	001000dc	0077a023	sw	x7,0(x15)	 x15:0x00020000  x7:0x00000075 PA:0x00020000 store:0x00000075 load:0x00000000
           5472	      2732	001000e0	00554583	lbu	x11,5(x10)	 x10:0x00101330 x11=0x0000006c PA:0x00101335 store:0x00000065
           5474	      2733	001000e4	02058663	beq	x11,x0,100110	 x11:0x0000006c  x0:0x00000000
           5478	      2735	001000e8	00b7a023	sw	x11,0(x15)	 x15:0x00020000 x11:0x0000006c PA:0x00020000 store:0x0000006c load:0x00000000
           5482	      2737	001000ec	00654603	lbu	x12,6(x10)	 x10:0x00101330 x12=0x00000074 PA:0x00101336 store:0x00000073
           5484	      2738	001000f0	02060063	beq	x12,x0,100110	 x12:0x00000074  x0:0x00000000
           5488	      2740	001000f4	00c7a023	sw	x12,0(x15)	 x15:0x00020000 x12:0x00000074 PA:0x00020000 store:0x00000074 load:0x00000000
           5492	      2742	001000f8	00754683	lbu	x13,7(x10)	 x10:0x00101330 x13=0x00000033 PA:0x00101337 store:0x00000075
           5494	      2743	001000fc	00850513	addi	x10,x10,8	 x10:0x00101330 x10=0x00101338
           5496	      2744	00100100	00068863	beq	x13,x0,100110	 x13:0x00000033  x0:0x00000000
           5500	      2746	00100104	00d7a023	sw	x13,0(x15)	 x15:0x00020000 x13:0x00000033 PA:0x00020000 store:0x00000033 load:0x00000000
           5504	      2748	00100108	00054803	lbu	x16,0(x10)	 x10:0x00101338 x16=0x0000003a PA:0x00101338 store:0x00000000
           5508	      2750	0010010c	fa0810e3	bne	x16,x0,1000ac	 x16:0x0000003a  x0:0x00000000
           5514	      2753	001000ac	0107a023	sw	x16,0(x15)	 x15:0x00020000 x16:0x0000003a PA:0x00020000 store:0x0000003a load:0x00000000
           5518	      2755	001000b0	00154703	lbu	x14,1(x10)	 x10:0x00101338 x14=0x00000020 PA:0x00101339 store:0x001011b0
           5520	      2756	001000b4	04070e63	beq	x14,x0,100110	 x14:0x00000020  x0:0x00000000
           5524	      2758	001000b8	00e7a023	sw	x14,0(x15)	 x15:0x00020000 x14:0x00000020 PA:0x00020000 store:0x00000020 load:0x00000000
           5528	      2760	001000bc	00254283	lbu	x5,2(x10)	 x10:0x00101338  x5=0x00000000 PA:0x0010133a store:0x00137fe0
           5532	      2762	001000c0	04028863	beq	x5,x0,100110	  x5:0x00000000  x0:0x00000000
           5536	      2764	00100110	00000513	addi	x10,x0,0	  x0:0x00000000 x10=0x00000000
           5540	      2766	00100114	00008067	jalr	x0,0(x1)	  x1:0x001011b0  x0=0x00000000
           5544	      2768	001011b0	3844a503	lw	x10,900(x9)	  x9:0x00101000 x10=0x43edefdf PA:0x00101384 store:0x00000000
           5546	      2769	001011b4	deadcb37	lui	x22,0xdeadc	 x22=0xdeadc000
           5550	      2771	001011b8	c89ff0ef	jal	x1,100e40	  x1=0x001011bc
           5552	      2772	00100e40	ff010113	addi	x2,x2,-16	  x2:0x00137fe0  x2=0x00137fd0
           5562	      2777	00100e44	00912223	sw	x9,4(x2)	  x2:0x00137fd0  x9:0x00101000 PA:0x00137fd4 store:0x00101000 load:0x43edefdf
           5564	      2778	00100e48	c01514d3	fcvt.wu.s	x9,f10	 f10:0x43edefdf  x9=0x000001db
           5566	      2779	00100e4c	00812423	sw	x8,8(x2)	  x2:0x00137fd0  x8:0x00101000 PA:0x00137fd8 store:0x00101000 load:0x43edefdf
           5568	      2780	00100e50	00050413	addi	x8,x10,0	 x10:0x43edefdf  x8=0x43edefdf
           5570	      2781	00100e54	00048513	addi	x10,x9,0	  x9:0x000001db x10=0x000001db
           5572	      2782	00100e58	00112623	sw	x1,12(x2)	  x2:0x00137fd0  x1:0x001011bc PA:0x00137fdc store:0x001011bc load:0x43edefdf
           5576	      2784	00100e5c	ac4ff0ef	jal	x1,100120	  x1=0x00100e60
           5578	      2785	00100120	01c55793	srli	x15,x10,0x1c	 x10:0x000001db x15=0x00000000
           5580	      2786	00100124	00900713	addi	x14,x0,9	  x0:0x00000000 x14=0x00000009
           5584	      2788	00100128	0cf77a63	bgeu	x14,x15,1001fc	 x14:0x00000009 x15:0x00000000
           5588	      2790	001001fc	03078393	addi	x7,x15,48	 x15:0x00000000  x7=0x00000030
           5590	      2791	00100200	000205b7	lui	x11,0x20	 x11=0x00020000
           5592	      2792	00100204	00451613	slli	x12,x10,0x4	 x10:0x000001db x12=0x00001db0
           5596	      2794	00100208	0075a023	sw	x7,0(x11)	 x11:0x00020000  x7:0x00000030 PA:0x00020000 store:0x00000030 load:0x00000000
           5598	      2795	0010020c	01c65693	srli	x13,x12,0x1c	 x12:0x00001db0 x13=0x00000000
           5600	      2796	00100210	00900813	addi	x16,x0,9	  x0:0x00000000 x16=0x00000009
           5602	      2797	00100214	f2d86ae3	bltu	x16,x13,100148	 x16:0x00000009 x13:0x00000000
           5604	      2798	00100218	03068e93	addi	x29,x13,48	 x13:0x00000000 x29=0x00000030
           5606	      2799	0010021c	00020f37	lui	x30,0x20	 x30=0x00020000
           5608	      2800	00100220	00851f93	slli	x31,x10,0x8	 x10:0x000001db x31=0x0001db00
           5612	      2802	00100224	01df2023	sw	x29,0(x30)	 x30:0x00020000 x29:0x00000030 PA:0x00020000 store:0x00000030 load:0x00000000
           5614	      2803	00100228	01cfd793	srli	x15,x31,0x1c	 x31:0x0001db00 x15=0x00000000
           5616	      2804	0010022c	00900713	addi	x14,x0,9	  x0:0x00000000 x14=0x00000009
           5618	      2805	00100230	f2f76ae3	bltu	x14,x15,100164	 x14:0x00000009 x15:0x00000000
           5620	      2806	00100234	03078393	addi	x7,x15,48	 x15:0x00000000  x7=0x00000030
           5622	      2807	00100238	000205b7	lui	x11,0x20	 x11=0x00020000
           5624	      2808	0010023c	00c51613	slli	x12,x10,0xc	 x10:0x000001db x12=0x001db000
           5628	      2810	00100240	0075a023	sw	x7,0(x11)	 x11:0x00020000  x7:0x00000030 PA:0x00020000 store:0x00000030 load:0x00000000
           5630	      2811	00100244	01c65693	srli	x13,x12,0x1c	 x12:0x001db000 x13=0x00000000
           5632	      2812	00100248	00900813	addi	x16,x0,9	  x0:0x00000000 x16=0x00000009
           5634	      2813	0010024c	f2d86ae3	bltu	x16,x13,100180	 x16:0x00000009 x13:0x00000000
           5636	      2814	00100250	03068e93	addi	x29,x13,48	 x13:0x00000000 x29=0x00000030
           5638	      2815	00100254	00020f37	lui	x30,0x20	 x30=0x00020000
           5640	      2816	00100258	01051f93	slli	x31,x10,0x10	 x10:0x000001db x31=0x01db0000
           5644	      2818	0010025c	01df2023	sw	x29,0(x30)	 x30:0x00020000 x29:0x00000030 PA:0x00020000 store:0x00000030 load:0x00000000
           5646	      2819	00100260	01cfd793	srli	x15,x31,0x1c	 x31:0x01db0000 x15=0x00000000
           5648	      2820	00100264	00900713	addi	x14,x0,9	  x0:0x00000000 x14=0x00000009
           5650	      2821	00100268	f2f76ae3	bltu	x14,x15,10019c	 x14:0x00000009 x15:0x00000000
           5652	      2822	0010026c	03078393	addi	x7,x15,48	 x15:0x00000000  x7=0x00000030
           5654	      2823	00100270	000205b7	lui	x11,0x20	 x11=0x00020000
           5656	      2824	00100274	01451613	slli	x12,x10,0x14	 x10:0x000001db x12=0x1db00000
           5660	      2826	00100278	0075a023	sw	x7,0(x11)	 x11:0x00020000  x7:0x00000030 PA:0x00020000 store:0x00000030 load:0x00000000
           5662	      2827	0010027c	01c65693	srli	x13,x12,0x1c	 x12:0x1db00000 x13=0x00000001
           5664	      2828	00100280	00900813	addi	x16,x0,9	  x0:0x00000000 x16=0x00000009
           5666	      2829	00100284	f2d86ae3	bltu	x16,x13,1001b8	 x16:0x00000009 x13:0x00000001
           5668	      2830	00100288	03068e93	addi	x29,x13,48	 x13:0x00000001 x29=0x00000031
           5670	      2831	0010028c	00020f37	lui	x30,0x20	 x30=0x00020000
           5672	      2832	00100290	01851f93	slli	x31,x10,0x18	 x10:0x000001db x31=0xdb000000
           5676	      2834	00100294	01df2023	sw	x29,0(x30)	 x30:0x00020000 x29:0x00000031 PA:0x00020000 store:0x00000031 load:0x00000000
           5678	      2835	00100298	01cfd793	srli	x15,x31,0x1c	 x31:0xdb000000 x15=0x0000000d
           5680	      2836	0010029c	00900713	addi	x14,x0,9	  x0:0x00000000 x14=0x00000009
           5684	      2838	001002a0	f2f76ae3	bltu	x14,x15,1001d4	 x14:0x00000009 x15:0x0000000d
           5688	      2840	001001d4	03778293	addi	x5,x15,55	 x15:0x0000000d  x5=0x00000044
           5690	      2841	001001d8	00020337	lui	x6,0x20	  x6=0x00020000
           5694	      2843	001001dc	00532023	sw	x5,0(x6)	  x6:0x00020000  x5:0x00000044 PA:0x00020000 store:0x00000044 load:0x00000000
           5696	      2844	001001e0	00f57513	andi	x10,x10,15	 x10:0x000001db x10=0x0000000b
           5698	      2845	001001e4	00900613	addi	x12,x0,9	  x0:0x00000000 x12=0x00000009
           5702	      2847	001001e8	0ca66a63	bltu	x12,x10,1002bc	 x12:0x00000009 x10:0x0000000b
           5706	      2849	001002bc	03750693	addi	x13,x10,55	 x10:0x0000000b x13=0x00000042
           5708	      2850	001002c0	00020837	lui	x16,0x20	 x16=0x00020000
           5712	      2852	001002c4	00d82023	sw	x13,0(x16)	 x16:0x00020000 x13:0x00000042 PA:0x00020000 store:0x00000042 load:0x00000000
           5716	      2854	001002c8	00008067	jalr	x0,0(x1)	  x1:0x00100e60  x0=0x00000000
           5718	      2855	00100e60	00101537	lui	x10,0x101	 x10=0x00101000
           5720	      2856	00100e64	31050513	addi	x10,x10,784	 x10:0x00101000 x10=0x00101310
           5724	      2858	00100e68	a38ff0ef	jal	x1,1000a0	  x1=0x00100e6c
           5728	      2860	001000a0	00054803	lbu	x16,0(x10)	 x10:0x00101310 x16=0x0000002e PA:0x00101310 store:0x00000000
           5730	      2861	001000a4	06080663	beq	x16,x0,100110	 x16:0x0000002e  x0:0x00000000
           5732	      2862	001000a8	000207b7	lui	x15,0x20	 x15=0x00020000
           5736	      2864	001000ac	0107a023	sw	x16,0(x15)	 x15:0x00020000 x16:0x0000002e PA:0x00020000 store:0x0000002e load:0x00000000
           5740	      2866	001000b0	00154703	lbu	x14,1(x10)	 x10:0x00101310 x14=0x00000000 PA:0x00101311 store:0x00100e6c
           5744	      2868	001000b4	04070e63	beq	x14,x0,100110	 x14:0x00000000  x0:0x00000000
           5748	      2870	00100110	00000513	addi	x10,x0,0	  x0:0x00000000 x10=0x00000000
           5758	      2875	00100114	00008067	jalr	x0,0(x1)	  x1:0x00100e6c  x0=0x00000000
           5760	      2876	00100e6c	d014f2d3	fcvt.s.wu	f5,x9	  x9:0x000001db  f5=0x43ed8000
           5768	      2880	00100e70	001017b7	lui	x15,0x101	 x15=0x00101000
           5770	      2881	00100e74	2bc7a383	lw	x7,700(x15)	 x15:0x00101000  x7=0x47c35000 PA:0x001012bc store:0x00020000
           5772	      2882	00100e78	08547353	fsub.s	f6,f8,f5	  f8:0x43edefdf  f5:0x43ed8000  f6=0x3f5fbe00
           5774	      2883	00100e7c	00812403	lw	x8,8(x2)	  x2:0x00137fd0  x8=0x00101000 PA:0x00137fd8 store:0x43edefdf
           5776	      2884	00100e80	00c12083	lw	x1,12(x2)	  x2:0x00137fd0  x1=0x001011bc PA:0x00137fdc store:0x00000009
           5784	      2888	00100e84	00412483	lw	x9,4(x2)	  x2:0x00137fd0  x9=0x00101000 PA:0x00137fd4 store:0x00000000
           5786	      2889	00100e88	107375d3	fmul.s	f11,f6,f7	  f6:0x3f5fbe00  f7:0x47c35000 f11=0x47aab3a5
           5790	      2891	00100e8c	01010113	addi	x2,x2,16	  x2:0x00137fd0  x2=0x00137fe0
           5792	      2892	00100e90	c0159553	fcvt.wu.s	x10,f11	 f11:0x47aab3a5 x10=0x00015567
           5794	      2893	00100e94	a8cff06f	jal	x0,100120	  x0=0x00000000
           5796	      2894	00100120	01c55793	srli	x15,x10,0x1c	 x10:0x00015567 x15=0x00000000
           5798	      2895	00100124	00900713	addi	x14,x0,9	  x0:0x00000000 x14=0x00000009
           5800	      2896	00100128	0cf77a63	bgeu	x14,x15,1001fc	 x14:0x00000009 x15:0x00000000
           5804	      2898	001001fc	03078393	addi	x7,x15,48	 x15:0x00000000  x7=0x00000030
           5806	      2899	00100200	000205b7	lui	x11,0x20	 x11=0x00020000
           5808	      2900	00100204	00451613	slli	x12,x10,0x4	 x10:0x00015567 x12=0x00155670
           5812	      2902	00100208	0075a023	sw	x7,0(x11)	 x11:0x00020000  x7:0x00000030 PA:0x00020000 store:0x00000030 load:0x00000000
           5814	      2903	0010020c	01c65693	srli	x13,x12,0x1c	 x12:0x00155670 x13=0x00000000
           5816	      2904	00100210	00900813	addi	x16,x0,9	  x0:0x00000000 x16=0x00000009
           5818	      2905	00100214	f2d86ae3	bltu	x16,x13,100148	 x16:0x00000009 x13:0x00000000
           5820	      2906	00100218	03068e93	addi	x29,x13,48	 x13:0x00000000 x29=0x00000030
           5822	      2907	0010021c	00020f37	lui	x30,0x20	 x30=0x00020000
           5824	      2908	00100220	00851f93	slli	x31,x10,0x8	 x10:0x00015567 x31=0x01556700
           5828	      2910	00100224	01df2023	sw	x29,0(x30)	 x30:0x00020000 x29:0x00000030 PA:0x00020000 store:0x00000030 load:0x00000000
           5830	      2911	00100228	01cfd793	srli	x15,x31,0x1c	 x31:0x01556700 x15=0x00000000
           5832	      2912	0010022c	00900713	addi	x14,x0,9	  x0:0x00000000 x14=0x00000009
           5834	      2913	00100230	f2f76ae3	bltu	x14,x15,100164	 x14:0x00000009 x15:0x00000000
           5836	      2914	00100234	03078393	addi	x7,x15,48	 x15:0x00000000  x7=0x00000030
           5838	      2915	00100238	000205b7	lui	x11,0x20	 x11=0x00020000
           5840	      2916	0010023c	00c51613	slli	x12,x10,0xc	 x10:0x00015567 x12=0x15567000
           5844	      2918	00100240	0075a023	sw	x7,0(x11)	 x11:0x00020000  x7:0x00000030 PA:0x00020000 store:0x00000030 load:0x00000000
           5846	      2919	00100244	01c65693	srli	x13,x12,0x1c	 x12:0x15567000 x13=0x00000001
           5848	      2920	00100248	00900813	addi	x16,x0,9	  x0:0x00000000 x16=0x00000009
           5850	      2921	0010024c	f2d86ae3	bltu	x16,x13,100180	 x16:0x00000009 x13:0x00000001
           5852	      2922	00100250	03068e93	addi	x29,x13,48	 x13:0x00000001 x29=0x00000031
           5854	      2923	00100254	00020f37	lui	x30,0x20	 x30=0x00020000
           5856	      2924	00100258	01051f93	slli	x31,x10,0x10	 x10:0x00015567 x31=0x55670000
           5860	      2926	0010025c	01df2023	sw	x29,0(x30)	 x30:0x00020000 x29:0x00000031 PA:0x00020000 store:0x00000031 load:0x00000000
           5862	      2927	00100260	01cfd793	srli	x15,x31,0x1c	 x31:0x55670000 x15=0x00000005
           5864	      2928	00100264	00900713	addi	x14,x0,9	  x0:0x00000000 x14=0x00000009
           5866	      2929	00100268	f2f76ae3	bltu	x14,x15,10019c	 x14:0x00000009 x15:0x00000005
           5868	      2930	0010026c	03078393	addi	x7,x15,48	 x15:0x00000005  x7=0x00000035
           5870	      2931	00100270	000205b7	lui	x11,0x20	 x11=0x00020000
           5872	      2932	00100274	01451613	slli	x12,x10,0x14	 x10:0x00015567 x12=0x56700000
           5876	      2934	00100278	0075a023	sw	x7,0(x11)	 x11:0x00020000  x7:0x00000035 PA:0x00020000 store:0x00000035 load:0x00000000
           5878	      2935	0010027c	01c65693	srli	x13,x12,0x1c	 x12:0x56700000 x13=0x00000005
           5880	      2936	00100280	00900813	addi	x16,x0,9	  x0:0x00000000 x16=0x00000009
           5882	      2937	00100284	f2d86ae3	bltu	x16,x13,1001b8	 x16:0x00000009 x13:0x00000005
           5884	      2938	00100288	03068e93	addi	x29,x13,48	 x13:0x00000005 x29=0x00000035
           5886	      2939	0010028c	00020f37	lui	x30,0x20	 x30=0x00020000
           5888	      2940	00100290	01851f93	slli	x31,x10,0x18	 x10:0x00015567 x31=0x67000000
           5892	      2942	00100294	01df2023	sw	x29,0(x30)	 x30:0x00020000 x29:0x00000035 PA:0x00020000 store:0x00000035 load:0x00000000
           5894	      2943	00100298	01cfd793	srli	x15,x31,0x1c	 x31:0x67000000 x15=0x00000006
           5896	      2944	0010029c	00900713	addi	x14,x0,9	  x0:0x00000000 x14=0x00000009
           5898	      2945	001002a0	f2f76ae3	bltu	x14,x15,1001d4	 x14:0x00000009 x15:0x00000006
           5900	      2946	001002a4	03078393	addi	x7,x15,48	 x15:0x00000006  x7=0x00000036
           5902	      2947	001002a8	000205b7	lui	x11,0x20	 x11=0x00020000
           5906	      2949	001002ac	0075a023	sw	x7,0(x11)	 x11:0x00020000  x7:0x00000036 PA:0x00020000 store:0x00000036 load:0x00000000
           5908	      2950	001002b0	00f57513	andi	x10,x10,15	 x10:0x00015567 x10=0x00000007
           5910	      2951	001002b4	00900613	addi	x12,x0,9	  x0:0x00000000 x12=0x00000009
           5914	      2953	001002b8	f2a67ae3	bgeu	x12,x10,1001ec	 x12:0x00000009 x10:0x00000007
           5918	      2955	001001ec	03050893	addi	x17,x10,48	 x10:0x00000007 x17=0x00000037
           5920	      2956	001001f0	00020e37	lui	x28,0x20	 x28=0x00020000
           5924	      2958	001001f4	011e2023	sw	x17,0(x28)	 x28:0x00020000 x17:0x00000037 PA:0x00020000 store:0x00000037 load:0x00000000
           5928	      2960	001001f8	00008067	jalr	x0,0(x1)	  x1:0x001011bc  x0=0x00000000
           5930	      2961	001011bc	32c90513	addi	x10,x18,812	 x18:0x00101000 x10=0x0010132c
           5934	      2963	001011c0	ee1fe0ef	jal	x1,1000a0	  x1=0x001011c4
           5938	      2965	001000a0	00054803	lbu	x16,0(x10)	 x10:0x0010132c x16=0x0000000a PA:0x0010132c store:0x00000000
           5940	      2966	001000a4	06080663	beq	x16,x0,100110	 x16:0x0000000a  x0:0x00000000
           5942	      2967	001000a8	000207b7	lui	x15,0x20	 x15=0x00020000
           5946	      2969	001000ac	0107a023	sw	x16,0(x15)	 x15:0x00020000 x16:0x0000000a PA:0x00020000 store:0x0000000a load:0x00000000
           5950	      2971	001000b0	00154703	lbu	x14,1(x10)	 x10:0x0010132c x14=0x0000000a PA:0x0010132d store:0x001011c4
           5952	      2972	001000b4	04070e63	beq	x14,x0,100110	 x14:0x0000000a  x0:0x00000000
           5956	      2974	001000b8	00e7a023	sw	x14,0(x15)	 x15:0x00020000 x14:0x0000000a PA:0x00020000 store:0x0000000a load:0x00000000
           5960	      2976	001000bc	00254283	lbu	x5,2(x10)	 x10:0x0010132c  x5=0x00000000 PA:0x0010132e store:0x00137fe0
           5964	      2978	001000c0	04028863	beq	x5,x0,100110	  x5:0x00000000  x0:0x00000000
           5968	      2980	00100110	00000513	addi	x10,x0,0	  x0:0x00000000 x10=0x00000000
           5972	      2982	00100114	00008067	jalr	x0,0(x1)	  x1:0x001011c4  x0=0x00000000
           5974	      2983	001011c4	33ca8513	addi	x10,x21,828	 x21:0x00101000 x10=0x0010133c
           5978	      2985	001011c8	ed9fe0ef	jal	x1,1000a0	  x1=0x001011cc
           5982	      2987	001000a0	00054803	lbu	x16,0(x10)	 x10:0x0010133c x16=0x00000048 PA:0x0010133c store:0x00000000
           5984	      2988	001000a4	06080663	beq	x16,x0,100110	 x16:0x00000048  x0:0x00000000
           5986	      2989	001000a8	000207b7	lui	x15,0x20	 x15=0x00020000
           5990	      2991	001000ac	0107a023	sw	x16,0(x15)	 x15:0x00020000 x16:0x00000048 PA:0x00020000 store:0x00000048 load:0x00000000
           5994	      2993	001000b0	00154703	lbu	x14,1(x10)	 x10:0x0010133c x14=0x00000065 PA:0x0010133d store:0x001011cc
           5996	      2994	001000b4	04070e63	beq	x14,x0,100110	 x14:0x00000065  x0:0x00000000
           6000	      2996	001000b8	00e7a023	sw	x14,0(x15)	 x15:0x00020000 x14:0x00000065 PA:0x00020000 store:0x00000065 load:0x00000000
           6004	      2998	001000bc	00254283	lbu	x5,2(x10)	 x10:0x0010133c  x5=0x0000006c PA:0x0010133e store:0x00137fe0
           6006	      2999	001000c0	04028863	beq	x5,x0,100110	  x5:0x0000006c  x0:0x00000000
           6010	      3001	001000c4	0057a023	sw	x5,0(x15)	 x15:0x00020000  x5:0x0000006c PA:0x00020000 store:0x0000006c load:0x00000000
           6014	      3003	001000c8	00354303	lbu	x6,3(x10)	 x10:0x0010133c  x6=0x0000006c PA:0x0010133f store:0x00000000
           6016	      3004	001000cc	04030263	beq	x6,x0,100110	  x6:0x0000006c  x0:0x00000000
           6020	      3006	001000d0	0067a023	sw	x6,0(x15)	 x15:0x00020000  x6:0x0000006c PA:0x00020000 store:0x0000006c load:0x00000000
           6024	      3008	001000d4	00454383	lbu	x7,4(x10)	 x10:0x0010133c  x7=0x0000006f PA:0x00101340 store:0x00000000
           6026	      3009	001000d8	02038c63	beq	x7,x0,100110	  x7:0x0000006f  x0:0x00000000
           6030	      3011	001000dc	0077a023	sw	x7,0(x15)	 x15:0x00020000  x7:0x0000006f PA:0x00020000 store:0x0000006f load:0x00000000
           6034	      3013	001000e0	00554583	lbu	x11,5(x10)	 x10:0x0010133c x11=0x00000020 PA:0x00101341 store:0x0000006c
           6036	      3014	001000e4	02058663	beq	x11,x0,100110	 x11:0x00000020  x0:0x00000000
           6040	      3016	001000e8	00b7a023	sw	x11,0(x15)	 x15:0x00020000 x11:0x00000020 PA:0x00020000 store:0x00000020 load:0x00000000
           6044	      3018	001000ec	00654603	lbu	x12,6(x10)	 x10:0x0010133c x12=0x00000073 PA:0x00101342 store:0x0000006c
           6046	      3019	001000f0	02060063	beq	x12,x0,100110	 x12:0x00000073  x0:0x00000000
           6050	      3021	001000f4	00c7a023	sw	x12,0(x15)	 x15:0x00020000 x12:0x00000073 PA:0x00020000 store:0x00000073 load:0x00000000
           6054	      3023	001000f8	00754683	lbu	x13,7(x10)	 x10:0x0010133c x13=0x00000069 PA:0x00101343 store:0x0000006f
           6056	      3024	001000fc	00850513	addi	x10,x10,8	 x10:0x0010133c x10=0x00101344
           6058	      3025	00100100	00068863	beq	x13,x0,100110	 x13:0x00000069  x0:0x00000000
           6062	      3027	00100104	00d7a023	sw	x13,0(x15)	 x15:0x00020000 x13:0x00000069 PA:0x00020000 store:0x00000069 load:0x00000000
           6066	      3029	00100108	00054803	lbu	x16,0(x10)	 x10:0x00101344 x16=0x0000006d PA:0x00101344 store:0x00000000
           6070	      3031	0010010c	fa0810e3	bne	x16,x0,1000ac	 x16:0x0000006d  x0:0x00000000
           6076	      3034	001000ac	0107a023	sw	x16,0(x15)	 x15:0x00020000 x16:0x0000006d PA:0x00020000 store:0x0000006d load:0x00000000
           6080	      3036	001000b0	00154703	lbu	x14,1(x10)	 x10:0x00101344 x14=0x00000070 PA:0x00101345 store:0x001011cc
           6082	      3037	001000b4	04070e63	beq	x14,x0,100110	 x14:0x00000070  x0:0x00000000
           6086	      3039	001000b8	00e7a023	sw	x14,0(x15)	 x15:0x00020000 x14:0x00000070 PA:0x00020000 store:0x00000070 load:0x00000000
           6090	      3041	001000bc	00254283	lbu	x5,2(x10)	 x10:0x00101344  x5=0x0000006c PA:0x00101346 store:0x00137fe0
           6092	      3042	001000c0	04028863	beq	x5,x0,100110	  x5:0x0000006c  x0:0x00000000
           6096	      3044	001000c4	0057a023	sw	x5,0(x15)	 x15:0x00020000  x5:0x0000006c PA:0x00020000 store:0x0000006c load:0x00000000
           6100	      3046	001000c8	00354303	lbu	x6,3(x10)	 x10:0x00101344  x6=0x00000065 PA:0x00101347 store:0x00000000
           6102	      3047	001000cc	04030263	beq	x6,x0,100110	  x6:0x00000065  x0:0x00000000
           6106	      3049	001000d0	0067a023	sw	x6,0(x15)	 x15:0x00020000  x6:0x00000065 PA:0x00020000 store:0x00000065 load:0x00000000
           6110	      3051	001000d4	00454383	lbu	x7,4(x10)	 x10:0x00101344  x7=0x00000020 PA:0x00101348 store:0x00000000
           6112	      3052	001000d8	02038c63	beq	x7,x0,100110	  x7:0x00000020  x0:0x00000000
           6116	      3054	001000dc	0077a023	sw	x7,0(x15)	 x15:0x00020000  x7:0x00000020 PA:0x00020000 store:0x00000020 load:0x00000000
           6120	      3056	001000e0	00554583	lbu	x11,5(x10)	 x10:0x00101344 x11=0x00000073 PA:0x00101349 store:0x0000006c
           6122	      3057	001000e4	02058663	beq	x11,x0,100110	 x11:0x00000073  x0:0x00000000
           6126	      3059	001000e8	00b7a023	sw	x11,0(x15)	 x15:0x00020000 x11:0x00000073 PA:0x00020000 store:0x00000073 load:0x00000000
           6130	      3061	001000ec	00654603	lbu	x12,6(x10)	 x10:0x00101344 x12=0x00000079 PA:0x0010134a store:0x00000065
           6132	      3062	001000f0	02060063	beq	x12,x0,100110	 x12:0x00000079  x0:0x00000000
           6136	      3064	001000f4	00c7a023	sw	x12,0(x15)	 x15:0x00020000 x12:0x00000079 PA:0x00020000 store:0x00000079 load:0x00000000
           6140	      3066	001000f8	00754683	lbu	x13,7(x10)	 x10:0x00101344 x13=0x00000073 PA:0x0010134b store:0x00000020
           6142	      3067	001000fc	00850513	addi	x10,x10,8	 x10:0x00101344 x10=0x0010134c
           6144	      3068	00100100	00068863	beq	x13,x0,100110	 x13:0x00000073  x0:0x00000000
           6148	      3070	00100104	00d7a023	sw	x13,0(x15)	 x15:0x00020000 x13:0x00000073 PA:0x00020000 store:0x00000073 load:0x00000000
           6152	      3072	00100108	00054803	lbu	x16,0(x10)	 x10:0x0010134c x16=0x00000074 PA:0x0010134c store:0x00000000
           6156	      3074	0010010c	fa0810e3	bne	x16,x0,1000ac	 x16:0x00000074  x0:0x00000000
           6162	      3077	001000ac	0107a023	sw	x16,0(x15)	 x15:0x00020000 x16:0x00000074 PA:0x00020000 store:0x00000074 load:0x00000000
           6166	      3079	001000b0	00154703	lbu	x14,1(x10)	 x10:0x0010134c x14=0x00000065 PA:0x0010134d store:0x001011cc
           6168	      3080	001000b4	04070e63	beq	x14,x0,100110	 x14:0x00000065  x0:0x00000000
           6172	      3082	001000b8	00e7a023	sw	x14,0(x15)	 x15:0x00020000 x14:0x00000065 PA:0x00020000 store:0x00000065 load:0x00000000
           6176	      3084	001000bc	00254283	lbu	x5,2(x10)	 x10:0x0010134c  x5=0x0000006d PA:0x0010134e store:0x00137fe0
           6178	      3085	001000c0	04028863	beq	x5,x0,100110	  x5:0x0000006d  x0:0x00000000
           6182	      3087	001000c4	0057a023	sw	x5,0(x15)	 x15:0x00020000  x5:0x0000006d PA:0x00020000 store:0x0000006d load:0x00000000
           6186	      3089	001000c8	00354303	lbu	x6,3(x10)	 x10:0x0010134c  x6=0x0000000a PA:0x0010134f store:0x00000000
           6188	      3090	001000cc	04030263	beq	x6,x0,100110	  x6:0x0000000a  x0:0x00000000
           6192	      3092	001000d0	0067a023	sw	x6,0(x15)	 x15:0x00020000  x6:0x0000000a PA:0x00020000 store:0x0000000a load:0x00000000
           6196	      3094	001000d4	00454383	lbu	x7,4(x10)	 x10:0x0010134c  x7=0x00000000 PA:0x00101350 store:0x00000000
           6200	      3096	001000d8	02038c63	beq	x7,x0,100110	  x7:0x00000000  x0:0x00000000
           6204	      3098	00100110	00000513	addi	x10,x0,0	  x0:0x00000000 x10=0x00000000
           6208	      3100	00100114	00008067	jalr	x0,0(x1)	  x1:0x001011cc  x0=0x00000000
           6210	      3101	001011cc	eefb0513	addi	x10,x22,-273	 x22:0xdeadc000 x10=0xdeadbeef
           6214	      3103	001011d0	f51fe0ef	jal	x1,100120	  x1=0x001011d4
           6216	      3104	00100120	01c55793	srli	x15,x10,0x1c	 x10:0xdeadbeef x15=0x0000000d
           6218	      3105	00100124	00900713	addi	x14,x0,9	  x0:0x00000000 x14=0x00000009
           6220	      3106	00100128	0cf77a63	bgeu	x14,x15,1001fc	 x14:0x00000009 x15:0x0000000d
           6222	      3107	0010012c	03778293	addi	x5,x15,55	 x15:0x0000000d  x5=0x00000044
           6224	      3108	00100130	00020337	lui	x6,0x20	  x6=0x00020000
           6226	      3109	00100134	00451613	slli	x12,x10,0x4	 x10:0xdeadbeef x12=0xeadbeef0
           6230	      3111	00100138	00532023	sw	x5,0(x6)	  x6:0x00020000  x5:0x00000044 PA:0x00020000 store:0x00000044 load:0x00000000
           6232	      3112	0010013c	01c65693	srli	x13,x12,0x1c	 x12:0xeadbeef0 x13=0x0000000e
           6234	      3113	00100140	00900813	addi	x16,x0,9	  x0:0x00000000 x16=0x00000009
           6236	      3114	00100144	0cd87a63	bgeu	x16,x13,100218	 x16:0x00000009 x13:0x0000000e
           6238	      3115	00100148	03768893	addi	x17,x13,55	 x13:0x0000000e x17=0x00000045
           6240	      3116	0010014c	00020e37	lui	x28,0x20	 x28=0x00020000
           6242	      3117	00100150	00851f93	slli	x31,x10,0x8	 x10:0xdeadbeef x31=0xadbeef00
           6246	      3119	00100154	011e2023	sw	x17,0(x28)	 x28:0x00020000 x17:0x00000045 PA:0x00020000 store:0x00000045 load:0x00000000
           6248	      3120	00100158	01cfd793	srli	x15,x31,0x1c	 x31:0xadbeef00 x15=0x0000000a
           6250	      3121	0010015c	00900713	addi	x14,x0,9	  x0:0x00000000 x14=0x00000009
           6252	      3122	00100160	0cf77a63	bgeu	x14,x15,100234	 x14:0x00000009 x15:0x0000000a
           6254	      3123	00100164	03778293	addi	x5,x15,55	 x15:0x0000000a  x5=0x00000041
           6256	      3124	00100168	00020337	lui	x6,0x20	  x6=0x00020000
           6258	      3125	0010016c	00c51613	slli	x12,x10,0xc	 x10:0xdeadbeef x12=0xdbeef000
           6262	      3127	00100170	00532023	sw	x5,0(x6)	  x6:0x00020000  x5:0x00000041 PA:0x00020000 store:0x00000041 load:0x00000000
           6264	      3128	00100174	01c65693	srli	x13,x12,0x1c	 x12:0xdbeef000 x13=0x0000000d
           6266	      3129	00100178	00900813	addi	x16,x0,9	  x0:0x00000000 x16=0x00000009
           6268	      3130	0010017c	0cd87a63	bgeu	x16,x13,100250	 x16:0x00000009 x13:0x0000000d
           6270	      3131	00100180	03768893	addi	x17,x13,55	 x13:0x0000000d x17=0x00000044
           6272	      3132	00100184	00020e37	lui	x28,0x20	 x28=0x00020000
           6274	      3133	00100188	01051f93	slli	x31,x10,0x10	 x10:0xdeadbeef x31=0xbeef0000
           6278	      3135	0010018c	011e2023	sw	x17,0(x28)	 x28:0x00020000 x17:0x00000044 PA:0x00020000 store:0x00000044 load:0x00000000
           6280	      3136	00100190	01cfd793	srli	x15,x31,0x1c	 x31:0xbeef0000 x15=0x0000000b
           6282	      3137	00100194	00900713	addi	x14,x0,9	  x0:0x00000000 x14=0x00000009
           6284	      3138	00100198	0cf77a63	bgeu	x14,x15,10026c	 x14:0x00000009 x15:0x0000000b
           6286	      3139	0010019c	03778293	addi	x5,x15,55	 x15:0x0000000b  x5=0x00000042
           6288	      3140	001001a0	00020337	lui	x6,0x20	  x6=0x00020000
           6290	      3141	001001a4	01451613	slli	x12,x10,0x14	 x10:0xdeadbeef x12=0xeef00000
           6294	      3143	001001a8	00532023	sw	x5,0(x6)	  x6:0x00020000  x5:0x00000042 PA:0x00020000 store:0x00000042 load:0x00000000
           6296	      3144	001001ac	01c65693	srli	x13,x12,0x1c	 x12:0xeef00000 x13=0x0000000e
           6298	      3145	001001b0	00900813	addi	x16,x0,9	  x0:0x00000000 x16=0x00000009
           6300	      3146	001001b4	0cd87a63	bgeu	x16,x13,100288	 x16:0x00000009 x13:0x0000000e
           6302	      3147	001001b8	03768893	addi	x17,x13,55	 x13:0x0000000e x17=0x00000045
           6304	      3148	001001bc	00020e37	lui	x28,0x20	 x28=0x00020000
           6306	      3149	001001c0	01851f93	slli	x31,x10,0x18	 x10:0xdeadbeef x31=0xef000000
           6310	      3151	001001c4	011e2023	sw	x17,0(x28)	 x28:0x00020000 x17:0x00000045 PA:0x00020000 store:0x00000045 load:0x00000000
           6312	      3152	001001c8	01cfd793	srli	x15,x31,0x1c	 x31:0xef000000 x15=0x0000000e
           6314	      3153	001001cc	00900713	addi	x14,x0,9	  x0:0x00000000 x14=0x00000009
           6316	      3154	001001d0	0cf77a63	bgeu	x14,x15,1002a4	 x14:0x00000009 x15:0x0000000e
           6318	      3155	001001d4	03778293	addi	x5,x15,55	 x15:0x0000000e  x5=0x00000045
           6320	      3156	001001d8	00020337	lui	x6,0x20	  x6=0x00020000
           6324	      3158	001001dc	00532023	sw	x5,0(x6)	  x6:0x00020000  x5:0x00000045 PA:0x00020000 store:0x00000045 load:0x00000000
           6326	      3159	001001e0	00f57513	andi	x10,x10,15	 x10:0xdeadbeef x10=0x0000000f
           6328	      3160	001001e4	00900613	addi	x12,x0,9	  x0:0x00000000 x12=0x00000009
           6332	      3162	001001e8	0ca66a63	bltu	x12,x10,1002bc	 x12:0x00000009 x10:0x0000000f
           6336	      3164	001002bc	03750693	addi	x13,x10,55	 x10:0x0000000f x13=0x00000046
           6338	      3165	001002c0	00020837	lui	x16,0x20	 x16=0x00020000
           6342	      3167	001002c4	00d82023	sw	x13,0(x16)	 x16:0x00020000 x13:0x00000046 PA:0x00020000 store:0x00000046 load:0x00000000
           6346	      3169	001002c8	00008067	jalr	x0,0(x1)	  x1:0x001011d4  x0=0x00000000
           6348	      3170	001011d4	00a00513	addi	x10,x0,10	  x0:0x00000000 x10=0x0000000a
           6352	      3172	001011d8	eb9fe0ef	jal	x1,100090	  x1=0x001011dc
           6354	      3173	00100090	0ff57793	andi	x15,x10,255	 x10:0x0000000a x15=0x0000000a
           6356	      3174	00100094	00020737	lui	x14,0x20	 x14=0x00020000
           6360	      3176	00100098	00f72023	sw	x15,0(x14)	 x14:0x00020000 x15:0x0000000a PA:0x00020000 store:0x0000000a load:0x00000000
           6364	      3178	0010009c	00008067	jalr	x0,0(x1)	  x1:0x001011dc  x0=0x00000000
           6366	      3179	001011dc	baadf7b7	lui	x15,0xbaadf	 x15=0xbaadf000
           6368	      3180	001011e0	00d78513	addi	x10,x15,13	 x15:0xbaadf000 x10=0xbaadf00d
           6372	      3182	001011e4	f3dfe0ef	jal	x1,100120	  x1=0x001011e8
           6374	      3183	00100120	01c55793	srli	x15,x10,0x1c	 x10:0xbaadf00d x15=0x0000000b
           6376	      3184	00100124	00900713	addi	x14,x0,9	  x0:0x00000000 x14=0x00000009
           6378	      3185	00100128	0cf77a63	bgeu	x14,x15,1001fc	 x14:0x00000009 x15:0x0000000b
           6380	      3186	0010012c	03778293	addi	x5,x15,55	 x15:0x0000000b  x5=0x00000042
           6382	      3187	00100130	00020337	lui	x6,0x20	  x6=0x00020000
           6384	      3188	00100134	00451613	slli	x12,x10,0x4	 x10:0xbaadf00d x12=0xaadf00d0
           6388	      3190	00100138	00532023	sw	x5,0(x6)	  x6:0x00020000  x5:0x00000042 PA:0x00020000 store:0x00000042 load:0x00000000
           6390	      3191	0010013c	01c65693	srli	x13,x12,0x1c	 x12:0xaadf00d0 x13=0x0000000a
           6392	      3192	00100140	00900813	addi	x16,x0,9	  x0:0x00000000 x16=0x00000009
           6394	      3193	00100144	0cd87a63	bgeu	x16,x13,100218	 x16:0x00000009 x13:0x0000000a
           6396	      3194	00100148	03768893	addi	x17,x13,55	 x13:0x0000000a x17=0x00000041
           6398	      3195	0010014c	00020e37	lui	x28,0x20	 x28=0x00020000
           6400	      3196	00100150	00851f93	slli	x31,x10,0x8	 x10:0xbaadf00d x31=0xadf00d00
           6404	      3198	00100154	011e2023	sw	x17,0(x28)	 x28:0x00020000 x17:0x00000041 PA:0x00020000 store:0x00000041 load:0x00000000
           6406	      3199	00100158	01cfd793	srli	x15,x31,0x1c	 x31:0xadf00d00 x15=0x0000000a
           6408	      3200	0010015c	00900713	addi	x14,x0,9	  x0:0x00000000 x14=0x00000009
           6410	      3201	00100160	0cf77a63	bgeu	x14,x15,100234	 x14:0x00000009 x15:0x0000000a
           6412	      3202	00100164	03778293	addi	x5,x15,55	 x15:0x0000000a  x5=0x00000041
           6414	      3203	00100168	00020337	lui	x6,0x20	  x6=0x00020000
           6416	      3204	0010016c	00c51613	slli	x12,x10,0xc	 x10:0xbaadf00d x12=0xdf00d000
           6420	      3206	00100170	00532023	sw	x5,0(x6)	  x6:0x00020000  x5:0x00000041 PA:0x00020000 store:0x00000041 load:0x00000000
           6422	      3207	00100174	01c65693	srli	x13,x12,0x1c	 x12:0xdf00d000 x13=0x0000000d
           6424	      3208	00100178	00900813	addi	x16,x0,9	  x0:0x00000000 x16=0x00000009
           6426	      3209	0010017c	0cd87a63	bgeu	x16,x13,100250	 x16:0x00000009 x13:0x0000000d
           6428	      3210	00100180	03768893	addi	x17,x13,55	 x13:0x0000000d x17=0x00000044
           6430	      3211	00100184	00020e37	lui	x28,0x20	 x28=0x00020000
           6432	      3212	00100188	01051f93	slli	x31,x10,0x10	 x10:0xbaadf00d x31=0xf00d0000
           6436	      3214	0010018c	011e2023	sw	x17,0(x28)	 x28:0x00020000 x17:0x00000044 PA:0x00020000 store:0x00000044 load:0x00000000
           6438	      3215	00100190	01cfd793	srli	x15,x31,0x1c	 x31:0xf00d0000 x15=0x0000000f
           6440	      3216	00100194	00900713	addi	x14,x0,9	  x0:0x00000000 x14=0x00000009
           6442	      3217	00100198	0cf77a63	bgeu	x14,x15,10026c	 x14:0x00000009 x15:0x0000000f
           6444	      3218	0010019c	03778293	addi	x5,x15,55	 x15:0x0000000f  x5=0x00000046
           6446	      3219	001001a0	00020337	lui	x6,0x20	  x6=0x00020000
           6448	      3220	001001a4	01451613	slli	x12,x10,0x14	 x10:0xbaadf00d x12=0x00d00000
           6452	      3222	001001a8	00532023	sw	x5,0(x6)	  x6:0x00020000  x5:0x00000046 PA:0x00020000 store:0x00000046 load:0x00000000
           6454	      3223	001001ac	01c65693	srli	x13,x12,0x1c	 x12:0x00d00000 x13=0x00000000
           6456	      3224	001001b0	00900813	addi	x16,x0,9	  x0:0x00000000 x16=0x00000009
           6460	      3226	001001b4	0cd87a63	bgeu	x16,x13,100288	 x16:0x00000009 x13:0x00000000
           6464	      3228	00100288	03068e93	addi	x29,x13,48	 x13:0x00000000 x29=0x00000030
           6466	      3229	0010028c	00020f37	lui	x30,0x20	 x30=0x00020000
           6468	      3230	00100290	01851f93	slli	x31,x10,0x18	 x10:0xbaadf00d x31=0x0d000000
           6472	      3232	00100294	01df2023	sw	x29,0(x30)	 x30:0x00020000 x29:0x00000030 PA:0x00020000 store:0x00000030 load:0x00000000
           6474	      3233	00100298	01cfd793	srli	x15,x31,0x1c	 x31:0x0d000000 x15=0x00000000
           6476	      3234	0010029c	00900713	addi	x14,x0,9	  x0:0x00000000 x14=0x00000009
           6478	      3235	001002a0	f2f76ae3	bltu	x14,x15,1001d4	 x14:0x00000009 x15:0x00000000
           6480	      3236	001002a4	03078393	addi	x7,x15,48	 x15:0x00000000  x7=0x00000030
           6482	      3237	001002a8	000205b7	lui	x11,0x20	 x11=0x00020000
           6486	      3239	001002ac	0075a023	sw	x7,0(x11)	 x11:0x00020000  x7:0x00000030 PA:0x00020000 store:0x00000030 load:0x00000000
           6488	      3240	001002b0	00f57513	andi	x10,x10,15	 x10:0xbaadf00d x10=0x0000000d
           6490	      3241	001002b4	00900613	addi	x12,x0,9	  x0:0x00000000 x12=0x00000009
           6492	      3242	001002b8	f2a67ae3	bgeu	x12,x10,1001ec	 x12:0x00000009 x10:0x0000000d
           6494	      3243	001002bc	03750693	addi	x13,x10,55	 x10:0x0000000d x13=0x00000044
           6496	      3244	001002c0	00020837	lui	x16,0x20	 x16=0x00020000
           6500	      3246	001002c4	00d82023	sw	x13,0(x16)	 x16:0x00020000 x13:0x00000044 PA:0x00020000 store:0x00000044 load:0x00000000
           6504	      3248	001002c8	00008067	jalr	x0,0(x1)	  x1:0x001011e8  x0=0x00000000
           6506	      3249	001011e8	00a00513	addi	x10,x0,10	  x0:0x00000000 x10=0x0000000a
           6510	      3251	001011ec	ea5fe0ef	jal	x1,100090	  x1=0x001011f0
           6512	      3252	00100090	0ff57793	andi	x15,x10,255	 x10:0x0000000a x15=0x0000000a
           6514	      3253	00100094	00020737	lui	x14,0x20	 x14=0x00020000
           6518	      3255	00100098	00f72023	sw	x15,0(x14)	 x14:0x00020000 x15:0x0000000a PA:0x00020000 store:0x0000000a load:0x00000000
           6522	      3257	0010009c	00008067	jalr	x0,0(x1)	  x1:0x001011f0  x0=0x00000000
           6524	      3258	001011f0	00000513	addi	x10,x0,0	  x0:0x00000000 x10=0x00000000
           6528	      3260	001011f4	a6cff0ef	jal	x1,100460	  x1=0x001011f8
           6530	      3261	00100460	00153513	sltiu	x10,x10,1	 x10:0x00000000 x10=0x00000001
           6532	      3262	00100464	40a002b3	sub	x5,x0,x10	  x0:0x00000000 x10:0x00000001  x5=0xffffffff
           6534	      3263	00100468	32029073	csrrw	x0,mcountinhibit,x5	  x5:0xffffffff  x0=0x00000000
           6538	      3265	0010046c	00008067	jalr	x0,0(x1)	  x1:0x001011f8  x0=0x00000000
           6540	      3266	001011f8	7d000513	addi	x10,x0,2000	  x0:0x00000000 x10=0x000007d0
           6542	      3267	001011fc	00000593	addi	x11,x0,0	  x0:0x00000000 x11=0x00000000
           6546	      3269	00101200	901ff0ef	jal	x1,100b00	  x1=0x00101204
           6548	      3270	00100b00	001016b7	lui	x13,0x101	 x13=0x00101000
           6550	      3271	00100b04	00000813	addi	x16,x0,0	  x0:0x00000000 x16=0x00000000
           6552	      3272	00100b08	001017b7	lui	x15,0x101	 x15=0x00101000
           6554	      3273	00100b0c	00030737	lui	x14,0x30	 x14=0x00030000
           6556	      3274	00100b10	00000893	addi	x17,x0,0	  x0:0x00000000 x17=0x00000000
           6560	      3276	00100b14	3706a823	sw	x16,880(x13)	 x13:0x00101000 x16:0x00000000 PA:0x00101370 store:0x00000000 load:0x00000000
           6564	      3278	00100b18	3716aa23	sw	x17,884(x13)	 x13:0x00101000 x17:0x00000000 PA:0x00101374 store:0x00000000 load:0x00000000
           6568	      3280	00100b1c	36a7a423	sw	x10,872(x15)	 x15:0x00101000 x10:0x000007d0 PA:0x00101368 store:0x000007d0 load:0x00000000
           6572	      3282	00100b20	36b7a623	sw	x11,876(x15)	 x15:0x00101000 x11:0x00000000 PA:0x0010136c store:0x00000000 load:0x00000000
           6574	      3283	00100b24	00030637	lui	x12,0x30	 x12=0x00030000
           6576	      3284	00100b28	00470293	addi	x5,x14,4	 x14:0x00030000  x5=0x00030004
           6580	      3286	00100b2c	0002a783	lw	x15,0(x5)	  x5:0x00030004 x15=0x00000000 PA:0x00030004 store:0x00000000
           6584	      3288	00100b30	00062683	lw	x13,0(x12)	 x12:0x00030000 x13=0x00000cd6 PA:0x00030000 store:0x00000000
           6588	      3290	00100b34	0002a303	lw	x6,0(x5)	  x5:0x00030004  x6=0x00000000 PA:0x00030004 store:0x00000000
           6592	      3292	00100b38	06678a63	beq	x15,x6,100bac	 x15:0x00000000  x6:0x00000000
           6596	      3294	00100bac	000308b7	lui	x17,0x30	 x17=0x00030000
           6598	      3295	00100bb0	00a68533	add	x10,x13,x10	 x13:0x00000cd6 x10:0x000007d0 x10=0x000014a6
           6600	      3296	00100bb4	00888293	addi	x5,x17,8	 x17:0x00030000  x5=0x00030008
           6602	      3297	00100bb8	00b783b3	add	x7,x15,x11	 x15:0x00000000 x11:0x00000000  x7=0x00000000
           6604	      3298	00100bbc	00d53333	sltu	x6,x10,x13	 x10:0x000014a6 x13:0x00000cd6  x6=0x00000000
           6606	      3299	00100bc0	fff00593	addi	x11,x0,-1	  x0:0x00000000 x11=0xffffffff
           6610	      3301	00100bc4	00b2a023	sw	x11,0(x5)	  x5:0x00030008 x11:0xffffffff PA:0x00030008 store:0xffffffff load:0x00000000
           6612	      3302	00100bc8	00030637	lui	x12,0x30	 x12=0x00030000
           6614	      3303	00100bcc	00730e33	add	x28,x6,x7	  x6:0x00000000  x7:0x00000000 x28=0x00000000
           6618	      3305	00100bd0	01c62623	sw	x28,12(x12)	 x12:0x00030000 x28:0x00000000 PA:0x0003000c store:0x00000000 load:0x00000000
           6622	      3307	00100bd4	00a2a023	sw	x10,0(x5)	  x5:0x00030008 x10:0x000014a6 PA:0x00030008 store:0x000014a6 load:0xffffffff
           6624	      3308	00100bd8	08000e93	addi	x29,x0,128	  x0:0x00000000 x29=0x00000080
           6626	      3309	00100bdc	304ea073	csrrs	x0,mie,x29	 x29:0x00000080  x0=0x00000000
           6632	      3312	00100be0	00800f13	addi	x30,x0,8	  x0:0x00000000 x30=0x00000008
           6634	      3313	00100be4	300f2073	csrrs	x0,mstatus,x30	 x30:0x00000008  x0=0x00000000
           6642	      3317	00100be8	00008067	jalr	x0,0(x1)	  x1:0x00101204  x0=0x00000000
           6646	      3319	00101204	abdff0ef	jal	x1,100cc0	  x1=0x00101208
           6648	      3320	00100cc0	001017b7	lui	x15,0x101	 x15=0x00101000
           6652	      3322	00100cc4	3707a503	lw	x10,880(x15)	 x15:0x00101000 x10=0x00000000 PA:0x00101370 store:0x00000000
           6656	      3324	00100cc8	3747a583	lw	x11,884(x15)	 x15:0x00101000 x11=0x00000000 PA:0x00101374 store:0x442e7f9d
           6660	      3326	00100ccc	00008067	jalr	x0,0(x1)	  x1:0x00101208  x0=0x00000000
           6662	      3327	00101208	00058993	addi	x19,x11,0	 x11:0x00000000 x19=0x00000000
           6664	      3328	0010120c	00050913	addi	x18,x10,0	 x10:0x00000000 x18=0x00000000
           6666	      3329	00101210	06059a63	bne	x11,x0,101284	 x11:0x00000000  x0:0x00000000
           6668	      3330	00101214	00400e13	addi	x28,x0,4	  x0:0x00000000 x28=0x00000004
           6670	      3331	00101218	06ae6663	bltu	x28,x10,101284	 x28:0x00000004 x10:0x00000000
           6674	      3333	0010121c	aa5ff0ef	jal	x1,100cc0	  x1=0x00101220
           6676	      3334	00100cc0	001017b7	lui	x15,0x101	 x15=0x00101000
           6680	      3336	00100cc4	3707a503	lw	x10,880(x15)	 x15:0x00101000 x10=0x00000000 PA:0x00101370 store:0x00000000
           6684	      3338	00100cc8	3747a583	lw	x11,884(x15)	 x15:0x00101000 x11=0x00000000 PA:0x00101374 store:0x442e7f9d
           6688	      3340	00100ccc	00008067	jalr	x0,0(x1)	  x1:0x00101220  x0=0x00000000
           6690	      3341	00101220	00101a37	lui	x20,0x101	 x20=0x00101000
           6692	      3342	00101224	00050413	addi	x8,x10,0	 x10:0x00000000  x8=0x00000000
           6694	      3343	00101228	00157e93	andi	x29,x10,1	 x10:0x00000000 x29=0x00000000
           6696	      3344	0010122c	00400a93	addi	x21,x0,4	  x0:0x00000000 x21=0x00000004
           6698	      3345	00101230	00101b37	lui	x22,0x101	 x22=0x00101000
           6700	      3346	00101234	354a0513	addi	x10,x20,852	 x20:0x00101000 x10=0x00101354
           6702	      3347	00101238	00058493	addi	x9,x11,0	 x11:0x00000000  x9=0x00000000
           6706	      3349	0010123c	03240e63	beq	x8,x18,101278	  x8:0x00000000 x18:0x00000000
           6710	      3351	00101278	fd3594e3	bne	x11,x19,101240	 x11:0x00000000 x19:0x00000000
           6712	      3352	0010127c	10500073	wfi	
          10594	      5293	0010001c	6890006f	jal	x0,100ea4	  x0=0x00000000
          10598	      5295	00100ea4	e2dff06f	jal	x0,100cd0	  x0=0x00000000
          10600	      5296	00100cd0	fe010113	addi	x2,x2,-32	  x2:0x00137fe0  x2=0x00137fc0
          10604	      5298	00100cd4	00f12423	sw	x15,8(x2)	  x2:0x00137fc0 x15:0x00101000 PA:0x00137fc8 store:0x00101000 load:0x00000000
          10606	      5299	00100cd8	001017b7	lui	x15,0x101	 x15=0x00101000
          10610	      5301	00100cdc	00b12c23	sw	x11,24(x2)	  x2:0x00137fc0 x11:0x00000000 PA:0x00137fd8 store:0x00000000 load:0x00000000
          10614	      5303	00100ce0	01012223	sw	x16,4(x2)	  x2:0x00137fc0 x16:0x00000000 PA:0x00137fc4 store:0x00000000 load:0x00000000
          10618	      5305	00100ce4	3687a583	lw	x11,872(x15)	 x15:0x00101000 x11=0x000007d0 PA:0x00101368 store:0x00000000
          10622	      5307	00100ce8	36c7a803	lw	x16,876(x15)	 x15:0x00101000 x16=0x00000000 PA:0x0010136c store:0x00030000
          10626	      5309	00100cec	00e12623	sw	x14,12(x2)	  x2:0x00137fc0 x14:0x00030000 PA:0x00137fcc store:0x00030000 load:0x00000000
          10628	      5310	00100cf0	00030737	lui	x14,0x30	 x14=0x00030000
          10632	      5312	00100cf4	00c12a23	sw	x12,20(x2)	  x2:0x00137fc0 x12:0x00030000 PA:0x00137fd4 store:0x00030000 load:0x00000000
          10636	      5314	00100cf8	01112023	sw	x17,0(x2)	  x2:0x00137fc0 x17:0x00030000 PA:0x00137fc0 store:0x00030000 load:0x00000000
          10640	      5316	00100cfc	00a12e23	sw	x10,28(x2)	  x2:0x00137fc0 x10:0x00101354 PA:0x00137fdc store:0x00101354 load:0x00000000
          10644	      5318	00100d00	00d12823	sw	x13,16(x2)	  x2:0x00137fc0 x13:0x00000cd6 PA:0x00137fd0 store:0x00000cd6 load:0x00000000
          10646	      5319	00100d04	00030637	lui	x12,0x30	 x12=0x00030000
          10648	      5320	00100d08	00470893	addi	x17,x14,4	 x14:0x00030000 x17=0x00030004
          10652	      5322	00100d0c	0008a783	lw	x15,0(x17)	 x17:0x00030004 x15=0x00000000 PA:0x00030004 store:0x00000000
          10656	      5324	00100d10	00062683	lw	x13,0(x12)	 x12:0x00030000 x13=0x000014ca PA:0x00030000 store:0x00000000
          10660	      5326	00100d14	0008a503	lw	x10,0(x17)	 x17:0x00030004 x10=0x00000000 PA:0x00030004 store:0x00000000
          10664	      5328	00100d18	06a78a63	beq	x15,x10,100d8c	 x15:0x00000000 x10:0x00000000
          10668	      5330	00100d8c	00b688b3	add	x17,x13,x11	 x13:0x000014ca x11:0x000007d0 x17=0x00001c9a
          10670	      5331	00100d90	00030637	lui	x12,0x30	 x12=0x00030000
          10672	      5332	00100d94	00d8b6b3	sltu	x13,x17,x13	 x17:0x00001c9a x13:0x000014ca x13=0x00000000
          10674	      5333	00100d98	01078833	add	x16,x15,x16	 x15:0x00000000 x16:0x00000000 x16=0x00000000
          10676	      5334	00100d9c	fff00513	addi	x10,x0,-1	  x0:0x00000000 x10=0xffffffff
          10680	      5336	00100da0	00a62423	sw	x10,8(x12)	 x12:0x00030000 x10:0xffffffff PA:0x00030008 store:0xffffffff load:0x000014a6
          10682	      5337	00100da4	010687b3	add	x15,x13,x16	 x13:0x00000000 x16:0x00000000 x15=0x00000000
          10684	      5338	00100da8	000305b7	lui	x11,0x30	 x11=0x00030000
          10688	      5340	00100dac	00f5a623	sw	x15,12(x11)	 x11:0x00030000 x15:0x00000000 PA:0x0003000c store:0x00000000 load:0x00000000
          10692	      5342	00100db0	01162423	sw	x17,8(x12)	 x12:0x00030000 x17:0x00001c9a PA:0x00030008 store:0x00001c9a load:0xffffffff
          10694	      5343	00100db4	001016b7	lui	x13,0x101	 x13=0x00101000
          10698	      5345	00100db8	3706a703	lw	x14,880(x13)	 x13:0x00101000 x14=0x00000000 PA:0x00101370 store:0x00000000
          10702	      5347	00100dbc	3746a883	lw	x17,884(x13)	 x13:0x00101000 x17=0x00000000 PA:0x00101374 store:0x00101000
          10706	      5349	00100dc0	01c12503	lw	x10,28(x2)	  x2:0x00137fc0 x10=0x00101354 PA:0x00137fdc store:0x00000004
          10708	      5350	00100dc4	00170593	addi	x11,x14,1	 x14:0x00000000 x11=0x00000001
          10710	      5351	00100dc8	00e5b633	sltu	x12,x11,x14	 x11:0x00000001 x14:0x00000000 x12=0x00000000
          10712	      5352	00100dcc	01160833	add	x16,x12,x17	 x12:0x00000000 x17:0x00000000 x16=0x00000000
          10716	      5354	00100dd0	36b6a823	sw	x11,880(x13)	 x13:0x00101000 x11:0x00000001 PA:0x00101370 store:0x00000001 load:0x00101354
          10720	      5356	00100dd4	3706aa23	sw	x16,884(x13)	 x13:0x00101000 x16:0x00000000 PA:0x00101374 store:0x00000000 load:0x00101354
          10724	      5358	00100dd8	01812583	lw	x11,24(x2)	  x2:0x00137fc0 x11=0x00000000 PA:0x00137fd8 store:0x00000000
          10728	      5360	00100ddc	01412603	lw	x12,20(x2)	  x2:0x00137fc0 x12=0x00030000 PA:0x00137fd4 store:0x00101000
          10732	      5362	00100de0	01012683	lw	x13,16(x2)	  x2:0x00137fc0 x13=0x00000cd6 PA:0x00137fd0 store:0x00000000
          10736	      5364	00100de4	00c12703	lw	x14,12(x2)	  x2:0x00137fc0 x14=0x00030000 PA:0x00137fcc store:0x00030000
          10740	      5366	00100de8	00812783	lw	x15,8(x2)	  x2:0x00137fc0 x15=0x00101000 PA:0x00137fc8 store:0x00000000
          10744	      5368	00100dec	00412803	lw	x16,4(x2)	  x2:0x00137fc0 x16=0x00000000 PA:0x00137fc4 store:0x00000000
          10748	      5370	00100df0	00012883	lw	x17,0(x2)	  x2:0x00137fc0 x17=0x00030000 PA:0x00137fc0 store:0x00000000
          10750	      5371	00100df4	02010113	addi	x2,x2,32	  x2:0x00137fc0  x2=0x00137fe0
          10752	      5372	00100df8	30200073	mret	
          10760	      5376	00101280	fd9ff06f	jal	x0,101258	  x0=0x00000000
          10764	      5378	00101258	a69ff0ef	jal	x1,100cc0	  x1=0x0010125c
          10766	      5379	00100cc0	001017b7	lui	x15,0x101	 x15=0x00101000
          10770	      5381	00100cc4	3707a503	lw	x10,880(x15)	 x15:0x00101000 x10=0x00000001 PA:0x00101370 store:0x00000000
          10774	      5383	00100cc8	3747a583	lw	x11,884(x15)	 x15:0x00101000 x11=0x00000000 PA:0x00101374 store:0x00101000
          10778	      5385	00100ccc	00008067	jalr	x0,0(x1)	  x1:0x0010125c  x0=0x00000000
          10780	      5386	0010125c	00040913	addi	x18,x8,0	  x8:0x00000000 x18=0x00000000
          10782	      5387	00101260	00050413	addi	x8,x10,0	 x10:0x00000001  x8=0x00000001
          10784	      5388	00101264	00048993	addi	x19,x9,0	  x9:0x00000000 x19=0x00000000
          10786	      5389	00101268	00157e93	andi	x29,x10,1	 x10:0x00000001 x29=0x00000001
          10788	      5390	0010126c	00058493	addi	x9,x11,0	 x11:0x00000000  x9=0x00000000
          10790	      5391	00101270	354a0513	addi	x10,x20,852	 x20:0x00101000 x10=0x00101354
          10794	      5393	00101274	fd2416e3	bne	x8,x18,101240	  x8:0x00000001 x18:0x00000000
          10800	      5396	00101240	000e9463	bne	x29,x0,101248	 x29:0x00000001  x0:0x00000000
          10806	      5399	00101248	e59fe0ef	jal	x1,1000a0	  x1=0x0010124c
          10810	      5401	001000a0	00054803	lbu	x16,0(x10)	 x10:0x00101354 x16=0x00000054 PA:0x00101354 store:0x00000000
          10812	      5402	001000a4	06080663	beq	x16,x0,100110	 x16:0x00000054  x0:0x00000000
          10814	      5403	001000a8	000207b7	lui	x15,0x20	 x15=0x00020000
          10818	      5405	001000ac	0107a023	sw	x16,0(x15)	 x15:0x00020000 x16:0x00000054 PA:0x00020000 store:0x00000054 load:0x00000000
          10822	      5407	001000b0	00154703	lbu	x14,1(x10)	 x10:0x00101354 x14=0x00000069 PA:0x00101355 store:0x0010124c
          10824	      5408	001000b4	04070e63	beq	x14,x0,100110	 x14:0x00000069  x0:0x00000000
          10828	      5410	001000b8	00e7a023	sw	x14,0(x15)	 x15:0x00020000 x14:0x00000069 PA:0x00020000 store:0x00000069 load:0x00000000
          10832	      5412	001000bc	00254283	lbu	x5,2(x10)	 x10:0x00101354  x5=0x00000063 PA:0x00101356 store:0x00137fe0
          10834	      5413	001000c0	04028863	beq	x5,x0,100110	  x5:0x00000063  x0:0x00000000
          10838	      5415	001000c4	0057a023	sw	x5,0(x15)	 x15:0x00020000  x5:0x00000063 PA:0x00020000 store:0x00000063 load:0x00000000
          10842	      5417	001000c8	00354303	lbu	x6,3(x10)	 x10:0x00101354  x6=0x0000006b PA:0x00101357 store:0x00000000
          10844	      5418	001000cc	04030263	beq	x6,x0,100110	  x6:0x0000006b  x0:0x00000000
          10848	      5420	001000d0	0067a023	sw	x6,0(x15)	 x15:0x00020000  x6:0x0000006b PA:0x00020000 store:0x0000006b load:0x00000000
          10852	      5422	001000d4	00454383	lbu	x7,4(x10)	 x10:0x00101354  x7=0x00000021 PA:0x00101358 store:0x00000000
          10854	      5423	001000d8	02038c63	beq	x7,x0,100110	  x7:0x00000021  x0:0x00000000
          10858	      5425	001000dc	0077a023	sw	x7,0(x15)	 x15:0x00020000  x7:0x00000021 PA:0x00020000 store:0x00000021 load:0x00000000
          10862	      5427	001000e0	00554583	lbu	x11,5(x10)	 x10:0x00101354 x11=0x0000000a PA:0x00101359 store:0x00000063
          10864	      5428	001000e4	02058663	beq	x11,x0,100110	 x11:0x0000000a  x0:0x00000000
          10868	      5430	001000e8	00b7a023	sw	x11,0(x15)	 x15:0x00020000 x11:0x0000000a PA:0x00020000 store:0x0000000a load:0x00000000
          10872	      5432	001000ec	00654603	lbu	x12,6(x10)	 x10:0x00101354 x12=0x00000000 PA:0x0010135a store:0x0000006b
          10876	      5434	001000f0	02060063	beq	x12,x0,100110	 x12:0x00000000  x0:0x00000000
          10880	      5436	00100110	00000513	addi	x10,x0,0	  x0:0x00000000 x10=0x00000000
          10884	      5438	00100114	00008067	jalr	x0,0(x1)	  x1:0x0010124c  x0=0x00000000
          10886	      5439	0010124c	10500073	wfi	
          14666	      7329	0010001c	6890006f	jal	x0,100ea4	  x0=0x00000000
          14670	      7331	00100ea4	e2dff06f	jal	x0,100cd0	  x0=0x00000000
          14672	      7332	00100cd0	fe010113	addi	x2,x2,-32	  x2:0x00137fe0  x2=0x00137fc0
          14676	      7334	00100cd4	00f12423	sw	x15,8(x2)	  x2:0x00137fc0 x15:0x00020000 PA:0x00137fc8 store:0x00020000 load:0x00000a21
          14678	      7335	00100cd8	001017b7	lui	x15,0x101	 x15=0x00101000
          14682	      7337	00100cdc	00b12c23	sw	x11,24(x2)	  x2:0x00137fc0 x11:0x0000000a PA:0x00137fd8 store:0x0000000a load:0x00000a21
          14686	      7339	00100ce0	01012223	sw	x16,4(x2)	  x2:0x00137fc0 x16:0x00000054 PA:0x00137fc4 store:0x00000054 load:0x00000a21
          14690	      7341	00100ce4	3687a583	lw	x11,872(x15)	 x15:0x00101000 x11=0x000007d0 PA:0x00101368 store:0x00000001
          14694	      7343	00100ce8	36c7a803	lw	x16,876(x15)	 x15:0x00101000 x16=0x00000000 PA:0x0010136c store:0x00000000
          14698	      7345	00100cec	00e12623	sw	x14,12(x2)	  x2:0x00137fc0 x14:0x00000069 PA:0x00137fcc store:0x00000069 load:0x00000000
          14700	      7346	00100cf0	00030737	lui	x14,0x30	 x14=0x00030000
          14704	      7348	00100cf4	00c12a23	sw	x12,20(x2)	  x2:0x00137fc0 x12:0x00000000 PA:0x00137fd4 store:0x00000000 load:0x00000000
          14708	      7350	00100cf8	01112023	sw	x17,0(x2)	  x2:0x00137fc0 x17:0x00030000 PA:0x00137fc0 store:0x00030000 load:0x00000000
          14712	      7352	00100cfc	00a12e23	sw	x10,28(x2)	  x2:0x00137fc0 x10:0x00000000 PA:0x00137fdc store:0x00000000 load:0x00000000
          14716	      7354	00100d00	00d12823	sw	x13,16(x2)	  x2:0x00137fc0 x13:0x00000cd6 PA:0x00137fd0 store:0x00000cd6 load:0x00000000
          14718	      7355	00100d04	00030637	lui	x12,0x30	 x12=0x00030000
          14720	      7356	00100d08	00470893	addi	x17,x14,4	 x14:0x00030000 x17=0x00030004
          14724	      7358	00100d0c	0008a783	lw	x15,0(x17)	 x17:0x00030004 x15=0x00000000 PA:0x00030004 store:0x00000000
          14728	      7360	00100d10	00062683	lw	x13,0(x12)	 x12:0x00030000 x13=0x00001cbe PA:0x00030000 store:0x00000000
          14732	      7362	00100d14	0008a503	lw	x10,0(x17)	 x17:0x00030004 x10=0x00000000 PA:0x00030004 store:0x00000000
          14736	      7364	00100d18	06a78a63	beq	x15,x10,100d8c	 x15:0x00000000 x10:0x00000000
          14740	      7366	00100d8c	00b688b3	add	x17,x13,x11	 x13:0x00001cbe x11:0x000007d0 x17=0x0000248e
          14742	      7367	00100d90	00030637	lui	x12,0x30	 x12=0x00030000
          14744	      7368	00100d94	00d8b6b3	sltu	x13,x17,x13	 x17:0x0000248e x13:0x00001cbe x13=0x00000000
          14746	      7369	00100d98	01078833	add	x16,x15,x16	 x15:0x00000000 x16:0x00000000 x16=0x00000000
          14748	      7370	00100d9c	fff00513	addi	x10,x0,-1	  x0:0x00000000 x10=0xffffffff
          14752	      7372	00100da0	00a62423	sw	x10,8(x12)	 x12:0x00030000 x10:0xffffffff PA:0x00030008 store:0xffffffff load:0x00001c9a
          14754	      7373	00100da4	010687b3	add	x15,x13,x16	 x13:0x00000000 x16:0x00000000 x15=0x00000000
          14756	      7374	00100da8	000305b7	lui	x11,0x30	 x11=0x00030000
          14760	      7376	00100dac	00f5a623	sw	x15,12(x11)	 x11:0x00030000 x15:0x00000000 PA:0x0003000c store:0x00000000 load:0x00000000
          14764	      7378	00100db0	01162423	sw	x17,8(x12)	 x12:0x00030000 x17:0x0000248e PA:0x00030008 store:0x0000248e load:0xffffffff
          14766	      7379	00100db4	001016b7	lui	x13,0x101	 x13=0x00101000
          14770	      7381	00100db8	3706a703	lw	x14,880(x13)	 x13:0x00101000 x14=0x00000001 PA:0x00101370 store:0x00000000
          14774	      7383	00100dbc	3746a883	lw	x17,884(x13)	 x13:0x00101000 x17=0x00000000 PA:0x00101374 store:0x00101000
          14778	      7385	00100dc0	01c12503	lw	x10,28(x2)	  x2:0x00137fc0 x10=0x00000000 PA:0x00137fdc store:0x00000004
          14780	      7386	00100dc4	00170593	addi	x11,x14,1	 x14:0x00000001 x11=0x00000002
          14782	      7387	00100dc8	00e5b633	sltu	x12,x11,x14	 x11:0x00000002 x14:0x00000001 x12=0x00000000
          14784	      7388	00100dcc	01160833	add	x16,x12,x17	 x12:0x00000000 x17:0x00000000 x16=0x00000000
          14788	      7390	00100dd0	36b6a823	sw	x11,880(x13)	 x13:0x00101000 x11:0x00000002 PA:0x00101370 store:0x00000002 load:0x00000000
          14792	      7392	00100dd4	3706aa23	sw	x16,884(x13)	 x13:0x00101000 x16:0x00000000 PA:0x00101374 store:0x00000000 load:0x00000000
          14796	      7394	00100dd8	01812583	lw	x11,24(x2)	  x2:0x00137fc0 x11=0x0000000a PA:0x00137fd8 store:0x00000000
          14800	      7396	00100ddc	01412603	lw	x12,20(x2)	  x2:0x00137fc0 x12=0x00000000 PA:0x00137fd4 store:0x00101000
          14804	      7398	00100de0	01012683	lw	x13,16(x2)	  x2:0x00137fc0 x13=0x00000cd6 PA:0x00137fd0 store:0x00000000
          14808	      7400	00100de4	00c12703	lw	x14,12(x2)	  x2:0x00137fc0 x14=0x00000069 PA:0x00137fcc store:0x00000000
          14812	      7402	00100de8	00812783	lw	x15,8(x2)	  x2:0x00137fc0 x15=0x00020000 PA:0x00137fc8 store:0x00000001
          14816	      7404	00100dec	00412803	lw	x16,4(x2)	  x2:0x00137fc0 x16=0x00000054 PA:0x00137fc4 store:0x00000000
          14820	      7406	00100df0	00012883	lw	x17,0(x2)	  x2:0x00137fc0 x17=0x00030000 PA:0x00137fc0 store:0x00000000
          14822	      7407	00100df4	02010113	addi	x2,x2,32	  x2:0x00137fc0  x2=0x00137fe0
          14824	      7408	00100df8	30200073	mret	
          14830	      7411	00101250	02049a63	bne	x9,x0,101284	  x9:0x00000000  x0:0x00000000
          14832	      7412	00101254	028ae863	bltu	x21,x8,101284	 x21:0x00000004  x8:0x00000001
          14836	      7414	00101258	a69ff0ef	jal	x1,100cc0	  x1=0x0010125c
          14838	      7415	00100cc0	001017b7	lui	x15,0x101	 x15=0x00101000
          14842	      7417	00100cc4	3707a503	lw	x10,880(x15)	 x15:0x00101000 x10=0x00000002 PA:0x00101370 store:0x00000054
          14846	      7419	00100cc8	3747a583	lw	x11,884(x15)	 x15:0x00101000 x11=0x00000000 PA:0x00101374 store:0x00101000
          14850	      7421	00100ccc	00008067	jalr	x0,0(x1)	  x1:0x0010125c  x0=0x00000000
          14852	      7422	0010125c	00040913	addi	x18,x8,0	  x8:0x00000001 x18=0x00000001
          14854	      7423	00101260	00050413	addi	x8,x10,0	 x10:0x00000002  x8=0x00000002
          14856	      7424	00101264	00048993	addi	x19,x9,0	  x9:0x00000000 x19=0x00000000
          14858	      7425	00101268	00157e93	andi	x29,x10,1	 x10:0x00000002 x29=0x00000000
          14860	      7426	0010126c	00058493	addi	x9,x11,0	 x11:0x00000000  x9=0x00000000
          14862	      7427	00101270	354a0513	addi	x10,x20,852	 x20:0x00101000 x10=0x00101354
          14866	      7429	00101274	fd2416e3	bne	x8,x18,101240	  x8:0x00000002 x18:0x00000001
          14870	      7431	00101240	000e9463	bne	x29,x0,101248	 x29:0x00000000  x0:0x00000000
          14872	      7432	00101244	35cb0513	addi	x10,x22,860	 x22:0x00101000 x10=0x0010135c
          14876	      7434	00101248	e59fe0ef	jal	x1,1000a0	  x1=0x0010124c
          14880	      7436	001000a0	00054803	lbu	x16,0(x10)	 x10:0x0010135c x16=0x00000054 PA:0x0010135c store:0x00000000
          14882	      7437	001000a4	06080663	beq	x16,x0,100110	 x16:0x00000054  x0:0x00000000
          14884	      7438	001000a8	000207b7	lui	x15,0x20	 x15=0x00020000
          14888	      7440	001000ac	0107a023	sw	x16,0(x15)	 x15:0x00020000 x16:0x00000054 PA:0x00020000 store:0x00000054 load:0x00000000
          14892	      7442	001000b0	00154703	lbu	x14,1(x10)	 x10:0x0010135c x14=0x0000006f PA:0x0010135d store:0x0010124c
          14894	      7443	001000b4	04070e63	beq	x14,x0,100110	 x14:0x0000006f  x0:0x00000000
          14898	      7445	001000b8	00e7a023	sw	x14,0(x15)	 x15:0x00020000 x14:0x0000006f PA:0x00020000 store:0x0000006f load:0x00000000
          14902	      7447	001000bc	00254283	lbu	x5,2(x10)	 x10:0x0010135c  x5=0x00000063 PA:0x0010135e store:0x00137fe0
          14904	      7448	001000c0	04028863	beq	x5,x0,100110	  x5:0x00000063  x0:0x00000000
          14908	      7450	001000c4	0057a023	sw	x5,0(x15)	 x15:0x00020000  x5:0x00000063 PA:0x00020000 store:0x00000063 load:0x00000000
          14912	      7452	001000c8	00354303	lbu	x6,3(x10)	 x10:0x0010135c  x6=0x0000006b PA:0x0010135f store:0x00000000
          14914	      7453	001000cc	04030263	beq	x6,x0,100110	  x6:0x0000006b  x0:0x00000000
          14918	      7455	001000d0	0067a023	sw	x6,0(x15)	 x15:0x00020000  x6:0x0000006b PA:0x00020000 store:0x0000006b load:0x00000000
          14922	      7457	001000d4	00454383	lbu	x7,4(x10)	 x10:0x0010135c  x7=0x00000021 PA:0x00101360 store:0x00000000
          14924	      7458	001000d8	02038c63	beq	x7,x0,100110	  x7:0x00000021  x0:0x00000000
          14928	      7460	001000dc	0077a023	sw	x7,0(x15)	 x15:0x00020000  x7:0x00000021 PA:0x00020000 store:0x00000021 load:0x00000000
          14932	      7462	001000e0	00554583	lbu	x11,5(x10)	 x10:0x0010135c x11=0x0000000a PA:0x00101361 store:0x00000063
          14934	      7463	001000e4	02058663	beq	x11,x0,100110	 x11:0x0000000a  x0:0x00000000
          14938	      7465	001000e8	00b7a023	sw	x11,0(x15)	 x15:0x00020000 x11:0x0000000a PA:0x00020000 store:0x0000000a load:0x00000000
          14942	      7467	001000ec	00654603	lbu	x12,6(x10)	 x10:0x0010135c x12=0x00000000 PA:0x00101362 store:0x0000006b
          14946	      7469	001000f0	02060063	beq	x12,x0,100110	 x12:0x00000000  x0:0x00000000
          14950	      7471	00100110	00000513	addi	x10,x0,0	  x0:0x00000000 x10=0x00000000
          14954	      7473	00100114	00008067	jalr	x0,0(x1)	  x1:0x0010124c  x0=0x00000000
          14956	      7474	0010124c	10500073	wfi	
          18738	      9365	0010001c	6890006f	jal	x0,100ea4	  x0=0x00000000
          18742	      9367	00100ea4	e2dff06f	jal	x0,100cd0	  x0=0x00000000
          18744	      9368	00100cd0	fe010113	addi	x2,x2,-32	  x2:0x00137fe0  x2=0x00137fc0
          18748	      9370	00100cd4	00f12423	sw	x15,8(x2)	  x2:0x00137fc0 x15:0x00020000 PA:0x00137fc8 store:0x00020000 load:0x00000a21
          18750	      9371	00100cd8	001017b7	lui	x15,0x101	 x15=0x00101000
          18754	      9373	00100cdc	00b12c23	sw	x11,24(x2)	  x2:0x00137fc0 x11:0x0000000a PA:0x00137fd8 store:0x0000000a load:0x00000a21
          18758	      9375	00100ce0	01012223	sw	x16,4(x2)	  x2:0x00137fc0 x16:0x00000054 PA:0x00137fc4 store:0x00000054 load:0x00000a21
          18762	      9377	00100ce4	3687a583	lw	x11,872(x15)	 x15:0x00101000 x11=0x000007d0 PA:0x00101368 store:0x00000002
          18766	      9379	00100ce8	36c7a803	lw	x16,876(x15)	 x15:0x00101000 x16=0x00000000 PA:0x0010136c store:0x00000000
          18770	      9381	00100cec	00e12623	sw	x14,12(x2)	  x2:0x00137fc0 x14:0x0000006f PA:0x00137fcc store:0x0000006f load:0x00000000
          18772	      9382	00100cf0	00030737	lui	x14,0x30	 x14=0x00030000
          18776	      9384	00100cf4	00c12a23	sw	x12,20(x2)	  x2:0x00137fc0 x12:0x00000000 PA:0x00137fd4 store:0x00000000 load:0x00000000
          18780	      9386	00100cf8	01112023	sw	x17,0(x2)	  x2:0x00137fc0 x17:0x00030000 PA:0x00137fc0 store:0x00030000 load:0x00000000
          18784	      9388	00100cfc	00a12e23	sw	x10,28(x2)	  x2:0x00137fc0 x10:0x00000000 PA:0x00137fdc store:0x00000000 load:0x00000000
          18788	      9390	00100d00	00d12823	sw	x13,16(x2)	  x2:0x00137fc0 x13:0x00000cd6 PA:0x00137fd0 store:0x00000cd6 load:0x00000000
          18790	      9391	00100d04	00030637	lui	x12,0x30	 x12=0x00030000
          18792	      9392	00100d08	00470893	addi	x17,x14,4	 x14:0x00030000 x17=0x00030004
          18796	      9394	00100d0c	0008a783	lw	x15,0(x17)	 x17:0x00030004 x15=0x00000000 PA:0x00030004 store:0x00000000
          18800	      9396	00100d10	00062683	lw	x13,0(x12)	 x12:0x00030000 x13=0x000024b2 PA:0x00030000 store:0x00000000
          18804	      9398	00100d14	0008a503	lw	x10,0(x17)	 x17:0x00030004 x10=0x00000000 PA:0x00030004 store:0x00000000
          18808	      9400	00100d18	06a78a63	beq	x15,x10,100d8c	 x15:0x00000000 x10:0x00000000
          18812	      9402	00100d8c	00b688b3	add	x17,x13,x11	 x13:0x000024b2 x11:0x000007d0 x17=0x00002c82
          18814	      9403	00100d90	00030637	lui	x12,0x30	 x12=0x00030000
          18816	      9404	00100d94	00d8b6b3	sltu	x13,x17,x13	 x17:0x00002c82 x13:0x000024b2 x13=0x00000000
          18818	      9405	00100d98	01078833	add	x16,x15,x16	 x15:0x00000000 x16:0x00000000 x16=0x00000000
          18820	      9406	00100d9c	fff00513	addi	x10,x0,-1	  x0:0x00000000 x10=0xffffffff
          18824	      9408	00100da0	00a62423	sw	x10,8(x12)	 x12:0x00030000 x10:0xffffffff PA:0x00030008 store:0xffffffff load:0x0000248e
          18826	      9409	00100da4	010687b3	add	x15,x13,x16	 x13:0x00000000 x16:0x00000000 x15=0x00000000
          18828	      9410	00100da8	000305b7	lui	x11,0x30	 x11=0x00030000
          18832	      9412	00100dac	00f5a623	sw	x15,12(x11)	 x11:0x00030000 x15:0x00000000 PA:0x0003000c store:0x00000000 load:0x00000000
          18836	      9414	00100db0	01162423	sw	x17,8(x12)	 x12:0x00030000 x17:0x00002c82 PA:0x00030008 store:0x00002c82 load:0xffffffff
          18838	      9415	00100db4	001016b7	lui	x13,0x101	 x13=0x00101000
          18842	      9417	00100db8	3706a703	lw	x14,880(x13)	 x13:0x00101000 x14=0x00000002 PA:0x00101370 store:0x00000000
          18846	      9419	00100dbc	3746a883	lw	x17,884(x13)	 x13:0x00101000 x17=0x00000000 PA:0x00101374 store:0x00101000
          18850	      9421	00100dc0	01c12503	lw	x10,28(x2)	  x2:0x00137fc0 x10=0x00000000 PA:0x00137fdc store:0x00000004
          18852	      9422	00100dc4	00170593	addi	x11,x14,1	 x14:0x00000002 x11=0x00000003
          18854	      9423	00100dc8	00e5b633	sltu	x12,x11,x14	 x11:0x00000003 x14:0x00000002 x12=0x00000000
          18856	      9424	00100dcc	01160833	add	x16,x12,x17	 x12:0x00000000 x17:0x00000000 x16=0x00000000
          18860	      9426	00100dd0	36b6a823	sw	x11,880(x13)	 x13:0x00101000 x11:0x00000003 PA:0x00101370 store:0x00000003 load:0x00000000
          18864	      9428	00100dd4	3706aa23	sw	x16,884(x13)	 x13:0x00101000 x16:0x00000000 PA:0x00101374 store:0x00000000 load:0x00000000
          18868	      9430	00100dd8	01812583	lw	x11,24(x2)	  x2:0x00137fc0 x11=0x0000000a PA:0x00137fd8 store:0x00000000
          18872	      9432	00100ddc	01412603	lw	x12,20(x2)	  x2:0x00137fc0 x12=0x00000000 PA:0x00137fd4 store:0x00101000
          18876	      9434	00100de0	01012683	lw	x13,16(x2)	  x2:0x00137fc0 x13=0x00000cd6 PA:0x00137fd0 store:0x00000000
          18880	      9436	00100de4	00c12703	lw	x14,12(x2)	  x2:0x00137fc0 x14=0x0000006f PA:0x00137fcc store:0x00000000
          18884	      9438	00100de8	00812783	lw	x15,8(x2)	  x2:0x00137fc0 x15=0x00020000 PA:0x00137fc8 store:0x00000002
          18888	      9440	00100dec	00412803	lw	x16,4(x2)	  x2:0x00137fc0 x16=0x00000054 PA:0x00137fc4 store:0x00000000
          18892	      9442	00100df0	00012883	lw	x17,0(x2)	  x2:0x00137fc0 x17=0x00030000 PA:0x00137fc0 store:0x00000000
          18894	      9443	00100df4	02010113	addi	x2,x2,32	  x2:0x00137fc0  x2=0x00137fe0
          18896	      9444	00100df8	30200073	mret	
          18902	      9447	00101250	02049a63	bne	x9,x0,101284	  x9:0x00000000  x0:0x00000000
          18904	      9448	00101254	028ae863	bltu	x21,x8,101284	 x21:0x00000004  x8:0x00000002
          18908	      9450	00101258	a69ff0ef	jal	x1,100cc0	  x1=0x0010125c
          18910	      9451	00100cc0	001017b7	lui	x15,0x101	 x15=0x00101000
          18914	      9453	00100cc4	3707a503	lw	x10,880(x15)	 x15:0x00101000 x10=0x00000003 PA:0x00101370 store:0x00000054
          18918	      9455	00100cc8	3747a583	lw	x11,884(x15)	 x15:0x00101000 x11=0x00000000 PA:0x00101374 store:0x00101000
          18922	      9457	00100ccc	00008067	jalr	x0,0(x1)	  x1:0x0010125c  x0=0x00000000
          18924	      9458	0010125c	00040913	addi	x18,x8,0	  x8:0x00000002 x18=0x00000002
          18926	      9459	00101260	00050413	addi	x8,x10,0	 x10:0x00000003  x8=0x00000003
          18928	      9460	00101264	00048993	addi	x19,x9,0	  x9:0x00000000 x19=0x00000000
          18930	      9461	00101268	00157e93	andi	x29,x10,1	 x10:0x00000003 x29=0x00000001
          18932	      9462	0010126c	00058493	addi	x9,x11,0	 x11:0x00000000  x9=0x00000000
          18934	      9463	00101270	354a0513	addi	x10,x20,852	 x20:0x00101000 x10=0x00101354
          18938	      9465	00101274	fd2416e3	bne	x8,x18,101240	  x8:0x00000003 x18:0x00000002
          18944	      9468	00101240	000e9463	bne	x29,x0,101248	 x29:0x00000001  x0:0x00000000
          18950	      9471	00101248	e59fe0ef	jal	x1,1000a0	  x1=0x0010124c
          18954	      9473	001000a0	00054803	lbu	x16,0(x10)	 x10:0x00101354 x16=0x00000054 PA:0x00101354 store:0x00000000
          18956	      9474	001000a4	06080663	beq	x16,x0,100110	 x16:0x00000054  x0:0x00000000
          18958	      9475	001000a8	000207b7	lui	x15,0x20	 x15=0x00020000
          18962	      9477	001000ac	0107a023	sw	x16,0(x15)	 x15:0x00020000 x16:0x00000054 PA:0x00020000 store:0x00000054 load:0x00000000
          18966	      9479	001000b0	00154703	lbu	x14,1(x10)	 x10:0x00101354 x14=0x00000069 PA:0x00101355 store:0x0010124c
          18968	      9480	001000b4	04070e63	beq	x14,x0,100110	 x14:0x00000069  x0:0x00000000
          18972	      9482	001000b8	00e7a023	sw	x14,0(x15)	 x15:0x00020000 x14:0x00000069 PA:0x00020000 store:0x00000069 load:0x00000000
          18976	      9484	001000bc	00254283	lbu	x5,2(x10)	 x10:0x00101354  x5=0x00000063 PA:0x00101356 store:0x00137fe0
          18978	      9485	001000c0	04028863	beq	x5,x0,100110	  x5:0x00000063  x0:0x00000000
          18982	      9487	001000c4	0057a023	sw	x5,0(x15)	 x15:0x00020000  x5:0x00000063 PA:0x00020000 store:0x00000063 load:0x00000000
          18986	      9489	001000c8	00354303	lbu	x6,3(x10)	 x10:0x00101354  x6=0x0000006b PA:0x00101357 store:0x00000000
          18988	      9490	001000cc	04030263	beq	x6,x0,100110	  x6:0x0000006b  x0:0x00000000
          18992	      9492	001000d0	0067a023	sw	x6,0(x15)	 x15:0x00020000  x6:0x0000006b PA:0x00020000 store:0x0000006b load:0x00000000
          18996	      9494	001000d4	00454383	lbu	x7,4(x10)	 x10:0x00101354  x7=0x00000021 PA:0x00101358 store:0x00000000
          18998	      9495	001000d8	02038c63	beq	x7,x0,100110	  x7:0x00000021  x0:0x00000000
          19002	      9497	001000dc	0077a023	sw	x7,0(x15)	 x15:0x00020000  x7:0x00000021 PA:0x00020000 store:0x00000021 load:0x00000000
          19006	      9499	001000e0	00554583	lbu	x11,5(x10)	 x10:0x00101354 x11=0x0000000a PA:0x00101359 store:0x00000063
          19008	      9500	001000e4	02058663	beq	x11,x0,100110	 x11:0x0000000a  x0:0x00000000
          19012	      9502	001000e8	00b7a023	sw	x11,0(x15)	 x15:0x00020000 x11:0x0000000a PA:0x00020000 store:0x0000000a load:0x00000000
          19016	      9504	001000ec	00654603	lbu	x12,6(x10)	 x10:0x00101354 x12=0x00000000 PA:0x0010135a store:0x0000006b
          19020	      9506	001000f0	02060063	beq	x12,x0,100110	 x12:0x00000000  x0:0x00000000
          19024	      9508	00100110	00000513	addi	x10,x0,0	  x0:0x00000000 x10=0x00000000
          19028	      9510	00100114	00008067	jalr	x0,0(x1)	  x1:0x0010124c  x0=0x00000000
          19030	      9511	0010124c	10500073	wfi	
          22810	     11401	0010001c	6890006f	jal	x0,100ea4	  x0=0x00000000
          22814	     11403	00100ea4	e2dff06f	jal	x0,100cd0	  x0=0x00000000
          22816	     11404	00100cd0	fe010113	addi	x2,x2,-32	  x2:0x00137fe0  x2=0x00137fc0
          22820	     11406	00100cd4	00f12423	sw	x15,8(x2)	  x2:0x00137fc0 x15:0x00020000 PA:0x00137fc8 store:0x00020000 load:0x00000a21
          22822	     11407	00100cd8	001017b7	lui	x15,0x101	 x15=0x00101000
          22826	     11409	00100cdc	00b12c23	sw	x11,24(x2)	  x2:0x00137fc0 x11:0x0000000a PA:0x00137fd8 store:0x0000000a load:0x00000a21
          22830	     11411	00100ce0	01012223	sw	x16,4(x2)	  x2:0x00137fc0 x16:0x00000054 PA:0x00137fc4 store:0x00000054 load:0x00000a21
          22834	     11413	00100ce4	3687a583	lw	x11,872(x15)	 x15:0x00101000 x11=0x000007d0 PA:0x00101368 store:0x00000003
          22838	     11415	00100ce8	36c7a803	lw	x16,876(x15)	 x15:0x00101000 x16=0x00000000 PA:0x0010136c store:0x00000000
          22842	     11417	00100cec	00e12623	sw	x14,12(x2)	  x2:0x00137fc0 x14:0x00000069 PA:0x00137fcc store:0x00000069 load:0x00000000
          22844	     11418	00100cf0	00030737	lui	x14,0x30	 x14=0x00030000
          22848	     11420	00100cf4	00c12a23	sw	x12,20(x2)	  x2:0x00137fc0 x12:0x00000000 PA:0x00137fd4 store:0x00000000 load:0x00000000
          22852	     11422	00100cf8	01112023	sw	x17,0(x2)	  x2:0x00137fc0 x17:0x00030000 PA:0x00137fc0 store:0x00030000 load:0x00000000
          22856	     11424	00100cfc	00a12e23	sw	x10,28(x2)	  x2:0x00137fc0 x10:0x00000000 PA:0x00137fdc store:0x00000000 load:0x00000000
          22860	     11426	00100d00	00d12823	sw	x13,16(x2)	  x2:0x00137fc0 x13:0x00000cd6 PA:0x00137fd0 store:0x00000cd6 load:0x00000000
          22862	     11427	00100d04	00030637	lui	x12,0x30	 x12=0x00030000
          22864	     11428	00100d08	00470893	addi	x17,x14,4	 x14:0x00030000 x17=0x00030004
          22868	     11430	00100d0c	0008a783	lw	x15,0(x17)	 x17:0x00030004 x15=0x00000000 PA:0x00030004 store:0x00000000
          22872	     11432	00100d10	00062683	lw	x13,0(x12)	 x12:0x00030000 x13=0x00002ca6 PA:0x00030000 store:0x00000000
          22876	     11434	00100d14	0008a503	lw	x10,0(x17)	 x17:0x00030004 x10=0x00000000 PA:0x00030004 store:0x00000000
          22880	     11436	00100d18	06a78a63	beq	x15,x10,100d8c	 x15:0x00000000 x10:0x00000000
          22884	     11438	00100d8c	00b688b3	add	x17,x13,x11	 x13:0x00002ca6 x11:0x000007d0 x17=0x00003476
          22886	     11439	00100d90	00030637	lui	x12,0x30	 x12=0x00030000
          22888	     11440	00100d94	00d8b6b3	sltu	x13,x17,x13	 x17:0x00003476 x13:0x00002ca6 x13=0x00000000
          22890	     11441	00100d98	01078833	add	x16,x15,x16	 x15:0x00000000 x16:0x00000000 x16=0x00000000
          22892	     11442	00100d9c	fff00513	addi	x10,x0,-1	  x0:0x00000000 x10=0xffffffff
          22896	     11444	00100da0	00a62423	sw	x10,8(x12)	 x12:0x00030000 x10:0xffffffff PA:0x00030008 store:0xffffffff load:0x00002c82
          22898	     11445	00100da4	010687b3	add	x15,x13,x16	 x13:0x00000000 x16:0x00000000 x15=0x00000000
          22900	     11446	00100da8	000305b7	lui	x11,0x30	 x11=0x00030000
          22904	     11448	00100dac	00f5a623	sw	x15,12(x11)	 x11:0x00030000 x15:0x00000000 PA:0x0003000c store:0x00000000 load:0x00000000
          22908	     11450	00100db0	01162423	sw	x17,8(x12)	 x12:0x00030000 x17:0x00003476 PA:0x00030008 store:0x00003476 load:0xffffffff
          22910	     11451	00100db4	001016b7	lui	x13,0x101	 x13=0x00101000
          22914	     11453	00100db8	3706a703	lw	x14,880(x13)	 x13:0x00101000 x14=0x00000003 PA:0x00101370 store:0x00000000
          22918	     11455	00100dbc	3746a883	lw	x17,884(x13)	 x13:0x00101000 x17=0x00000000 PA:0x00101374 store:0x00101000
          22922	     11457	00100dc0	01c12503	lw	x10,28(x2)	  x2:0x00137fc0 x10=0x00000000 PA:0x00137fdc store:0x00000004
          22924	     11458	00100dc4	00170593	addi	x11,x14,1	 x14:0x00000003 x11=0x00000004
          22926	     11459	00100dc8	00e5b633	sltu	x12,x11,x14	 x11:0x00000004 x14:0x00000003 x12=0x00000000
          22928	     11460	00100dcc	01160833	add	x16,x12,x17	 x12:0x00000000 x17:0x00000000 x16=0x00000000
          22932	     11462	00100dd0	36b6a823	sw	x11,880(x13)	 x13:0x00101000 x11:0x00000004 PA:0x00101370 store:0x00000004 load:0x00000000
          22936	     11464	00100dd4	3706aa23	sw	x16,884(x13)	 x13:0x00101000 x16:0x00000000 PA:0x00101374 store:0x00000000 load:0x00000000
          22940	     11466	00100dd8	01812583	lw	x11,24(x2)	  x2:0x00137fc0 x11=0x0000000a PA:0x00137fd8 store:0x00000000
          22944	     11468	00100ddc	01412603	lw	x12,20(x2)	  x2:0x00137fc0 x12=0x00000000 PA:0x00137fd4 store:0x00101000
          22948	     11470	00100de0	01012683	lw	x13,16(x2)	  x2:0x00137fc0 x13=0x00000cd6 PA:0x00137fd0 store:0x00000000
          22952	     11472	00100de4	00c12703	lw	x14,12(x2)	  x2:0x00137fc0 x14=0x00000069 PA:0x00137fcc store:0x00000000
          22956	     11474	00100de8	00812783	lw	x15,8(x2)	  x2:0x00137fc0 x15=0x00020000 PA:0x00137fc8 store:0x00000003
          22960	     11476	00100dec	00412803	lw	x16,4(x2)	  x2:0x00137fc0 x16=0x00000054 PA:0x00137fc4 store:0x00000000
          22964	     11478	00100df0	00012883	lw	x17,0(x2)	  x2:0x00137fc0 x17=0x00030000 PA:0x00137fc0 store:0x00000000
          22966	     11479	00100df4	02010113	addi	x2,x2,32	  x2:0x00137fc0  x2=0x00137fe0
          22968	     11480	00100df8	30200073	mret	
          22974	     11483	00101250	02049a63	bne	x9,x0,101284	  x9:0x00000000  x0:0x00000000
          22976	     11484	00101254	028ae863	bltu	x21,x8,101284	 x21:0x00000004  x8:0x00000003
          22980	     11486	00101258	a69ff0ef	jal	x1,100cc0	  x1=0x0010125c
          22982	     11487	00100cc0	001017b7	lui	x15,0x101	 x15=0x00101000
          22986	     11489	00100cc4	3707a503	lw	x10,880(x15)	 x15:0x00101000 x10=0x00000004 PA:0x00101370 store:0x00000054
          22990	     11491	00100cc8	3747a583	lw	x11,884(x15)	 x15:0x00101000 x11=0x00000000 PA:0x00101374 store:0x00101000
          22994	     11493	00100ccc	00008067	jalr	x0,0(x1)	  x1:0x0010125c  x0=0x00000000
          22996	     11494	0010125c	00040913	addi	x18,x8,0	  x8:0x00000003 x18=0x00000003
          22998	     11495	00101260	00050413	addi	x8,x10,0	 x10:0x00000004  x8=0x00000004
          23000	     11496	00101264	00048993	addi	x19,x9,0	  x9:0x00000000 x19=0x00000000
          23002	     11497	00101268	00157e93	andi	x29,x10,1	 x10:0x00000004 x29=0x00000000
          23004	     11498	0010126c	00058493	addi	x9,x11,0	 x11:0x00000000  x9=0x00000000
          23006	     11499	00101270	354a0513	addi	x10,x20,852	 x20:0x00101000 x10=0x00101354
          23010	     11501	00101274	fd2416e3	bne	x8,x18,101240	  x8:0x00000004 x18:0x00000003
          23014	     11503	00101240	000e9463	bne	x29,x0,101248	 x29:0x00000000  x0:0x00000000
          23016	     11504	00101244	35cb0513	addi	x10,x22,860	 x22:0x00101000 x10=0x0010135c
          23020	     11506	00101248	e59fe0ef	jal	x1,1000a0	  x1=0x0010124c
          23024	     11508	001000a0	00054803	lbu	x16,0(x10)	 x10:0x0010135c x16=0x00000054 PA:0x0010135c store:0x00000000
          23026	     11509	001000a4	06080663	beq	x16,x0,100110	 x16:0x00000054  x0:0x00000000
          23028	     11510	001000a8	000207b7	lui	x15,0x20	 x15=0x00020000
          23032	     11512	001000ac	0107a023	sw	x16,0(x15)	 x15:0x00020000 x16:0x00000054 PA:0x00020000 store:0x00000054 load:0x00000000
          23036	     11514	001000b0	00154703	lbu	x14,1(x10)	 x10:0x0010135c x14=0x0000006f PA:0x0010135d store:0x0010124c
          23038	     11515	001000b4	04070e63	beq	x14,x0,100110	 x14:0x0000006f  x0:0x00000000
          23042	     11517	001000b8	00e7a023	sw	x14,0(x15)	 x15:0x00020000 x14:0x0000006f PA:0x00020000 store:0x0000006f load:0x00000000
          23046	     11519	001000bc	00254283	lbu	x5,2(x10)	 x10:0x0010135c  x5=0x00000063 PA:0x0010135e store:0x00137fe0
          23048	     11520	001000c0	04028863	beq	x5,x0,100110	  x5:0x00000063  x0:0x00000000
          23052	     11522	001000c4	0057a023	sw	x5,0(x15)	 x15:0x00020000  x5:0x00000063 PA:0x00020000 store:0x00000063 load:0x00000000
          23056	     11524	001000c8	00354303	lbu	x6,3(x10)	 x10:0x0010135c  x6=0x0000006b PA:0x0010135f store:0x00000000
          23058	     11525	001000cc	04030263	beq	x6,x0,100110	  x6:0x0000006b  x0:0x00000000
          23062	     11527	001000d0	0067a023	sw	x6,0(x15)	 x15:0x00020000  x6:0x0000006b PA:0x00020000 store:0x0000006b load:0x00000000
          23066	     11529	001000d4	00454383	lbu	x7,4(x10)	 x10:0x0010135c  x7=0x00000021 PA:0x00101360 store:0x00000000
          23068	     11530	001000d8	02038c63	beq	x7,x0,100110	  x7:0x00000021  x0:0x00000000
          23072	     11532	001000dc	0077a023	sw	x7,0(x15)	 x15:0x00020000  x7:0x00000021 PA:0x00020000 store:0x00000021 load:0x00000000
          23076	     11534	001000e0	00554583	lbu	x11,5(x10)	 x10:0x0010135c x11=0x0000000a PA:0x00101361 store:0x00000063
          23078	     11535	001000e4	02058663	beq	x11,x0,100110	 x11:0x0000000a  x0:0x00000000
          23082	     11537	001000e8	00b7a023	sw	x11,0(x15)	 x15:0x00020000 x11:0x0000000a PA:0x00020000 store:0x0000000a load:0x00000000
          23086	     11539	001000ec	00654603	lbu	x12,6(x10)	 x10:0x0010135c x12=0x00000000 PA:0x00101362 store:0x0000006b
          23090	     11541	001000f0	02060063	beq	x12,x0,100110	 x12:0x00000000  x0:0x00000000
          23094	     11543	00100110	00000513	addi	x10,x0,0	  x0:0x00000000 x10=0x00000000
          23098	     11545	00100114	00008067	jalr	x0,0(x1)	  x1:0x0010124c  x0=0x00000000
          23100	     11546	0010124c	10500073	wfi	
          26882	     13437	0010001c	6890006f	jal	x0,100ea4	  x0=0x00000000
          26886	     13439	00100ea4	e2dff06f	jal	x0,100cd0	  x0=0x00000000
          26888	     13440	00100cd0	fe010113	addi	x2,x2,-32	  x2:0x00137fe0  x2=0x00137fc0
          26892	     13442	00100cd4	00f12423	sw	x15,8(x2)	  x2:0x00137fc0 x15:0x00020000 PA:0x00137fc8 store:0x00020000 load:0x00000a21
          26894	     13443	00100cd8	001017b7	lui	x15,0x101	 x15=0x00101000
          26898	     13445	00100cdc	00b12c23	sw	x11,24(x2)	  x2:0x00137fc0 x11:0x0000000a PA:0x00137fd8 store:0x0000000a load:0x00000a21
          26902	     13447	00100ce0	01012223	sw	x16,4(x2)	  x2:0x00137fc0 x16:0x00000054 PA:0x00137fc4 store:0x00000054 load:0x00000a21
          26906	     13449	00100ce4	3687a583	lw	x11,872(x15)	 x15:0x00101000 x11=0x000007d0 PA:0x00101368 store:0x00000004
          26910	     13451	00100ce8	36c7a803	lw	x16,876(x15)	 x15:0x00101000 x16=0x00000000 PA:0x0010136c store:0x00000000
          26914	     13453	00100cec	00e12623	sw	x14,12(x2)	  x2:0x00137fc0 x14:0x0000006f PA:0x00137fcc store:0x0000006f load:0x00000000
          26916	     13454	00100cf0	00030737	lui	x14,0x30	 x14=0x00030000
          26920	     13456	00100cf4	00c12a23	sw	x12,20(x2)	  x2:0x00137fc0 x12:0x00000000 PA:0x00137fd4 store:0x00000000 load:0x00000000
          26924	     13458	00100cf8	01112023	sw	x17,0(x2)	  x2:0x00137fc0 x17:0x00030000 PA:0x00137fc0 store:0x00030000 load:0x00000000
          26928	     13460	00100cfc	00a12e23	sw	x10,28(x2)	  x2:0x00137fc0 x10:0x00000000 PA:0x00137fdc store:0x00000000 load:0x00000000
          26932	     13462	00100d00	00d12823	sw	x13,16(x2)	  x2:0x00137fc0 x13:0x00000cd6 PA:0x00137fd0 store:0x00000cd6 load:0x00000000
          26934	     13463	00100d04	00030637	lui	x12,0x30	 x12=0x00030000
          26936	     13464	00100d08	00470893	addi	x17,x14,4	 x14:0x00030000 x17=0x00030004
          26940	     13466	00100d0c	0008a783	lw	x15,0(x17)	 x17:0x00030004 x15=0x00000000 PA:0x00030004 store:0x00000000
          26944	     13468	00100d10	00062683	lw	x13,0(x12)	 x12:0x00030000 x13=0x0000349a PA:0x00030000 store:0x00000000
          26948	     13470	00100d14	0008a503	lw	x10,0(x17)	 x17:0x00030004 x10=0x00000000 PA:0x00030004 store:0x00000000
          26952	     13472	00100d18	06a78a63	beq	x15,x10,100d8c	 x15:0x00000000 x10:0x00000000
          26956	     13474	00100d8c	00b688b3	add	x17,x13,x11	 x13:0x0000349a x11:0x000007d0 x17=0x00003c6a
          26958	     13475	00100d90	00030637	lui	x12,0x30	 x12=0x00030000
          26960	     13476	00100d94	00d8b6b3	sltu	x13,x17,x13	 x17:0x00003c6a x13:0x0000349a x13=0x00000000
          26962	     13477	00100d98	01078833	add	x16,x15,x16	 x15:0x00000000 x16:0x00000000 x16=0x00000000
          26964	     13478	00100d9c	fff00513	addi	x10,x0,-1	  x0:0x00000000 x10=0xffffffff
          26968	     13480	00100da0	00a62423	sw	x10,8(x12)	 x12:0x00030000 x10:0xffffffff PA:0x00030008 store:0xffffffff load:0x00003476
          26970	     13481	00100da4	010687b3	add	x15,x13,x16	 x13:0x00000000 x16:0x00000000 x15=0x00000000
          26972	     13482	00100da8	000305b7	lui	x11,0x30	 x11=0x00030000
          26976	     13484	00100dac	00f5a623	sw	x15,12(x11)	 x11:0x00030000 x15:0x00000000 PA:0x0003000c store:0x00000000 load:0x00000000
          26980	     13486	00100db0	01162423	sw	x17,8(x12)	 x12:0x00030000 x17:0x00003c6a PA:0x00030008 store:0x00003c6a load:0xffffffff
          26982	     13487	00100db4	001016b7	lui	x13,0x101	 x13=0x00101000
          26986	     13489	00100db8	3706a703	lw	x14,880(x13)	 x13:0x00101000 x14=0x00000004 PA:0x00101370 store:0x00000000
          26990	     13491	00100dbc	3746a883	lw	x17,884(x13)	 x13:0x00101000 x17=0x00000000 PA:0x00101374 store:0x00101000
          26994	     13493	00100dc0	01c12503	lw	x10,28(x2)	  x2:0x00137fc0 x10=0x00000000 PA:0x00137fdc store:0x00000004
          26996	     13494	00100dc4	00170593	addi	x11,x14,1	 x14:0x00000004 x11=0x00000005
          26998	     13495	00100dc8	00e5b633	sltu	x12,x11,x14	 x11:0x00000005 x14:0x00000004 x12=0x00000000
          27000	     13496	00100dcc	01160833	add	x16,x12,x17	 x12:0x00000000 x17:0x00000000 x16=0x00000000
          27004	     13498	00100dd0	36b6a823	sw	x11,880(x13)	 x13:0x00101000 x11:0x00000005 PA:0x00101370 store:0x00000005 load:0x00000000
          27008	     13500	00100dd4	3706aa23	sw	x16,884(x13)	 x13:0x00101000 x16:0x00000000 PA:0x00101374 store:0x00000000 load:0x00000000
          27012	     13502	00100dd8	01812583	lw	x11,24(x2)	  x2:0x00137fc0 x11=0x0000000a PA:0x00137fd8 store:0x00000000
          27016	     13504	00100ddc	01412603	lw	x12,20(x2)	  x2:0x00137fc0 x12=0x00000000 PA:0x00137fd4 store:0x00101000
          27020	     13506	00100de0	01012683	lw	x13,16(x2)	  x2:0x00137fc0 x13=0x00000cd6 PA:0x00137fd0 store:0x00000000
          27024	     13508	00100de4	00c12703	lw	x14,12(x2)	  x2:0x00137fc0 x14=0x0000006f PA:0x00137fcc store:0x00000000
          27028	     13510	00100de8	00812783	lw	x15,8(x2)	  x2:0x00137fc0 x15=0x00020000 PA:0x00137fc8 store:0x00000004
          27032	     13512	00100dec	00412803	lw	x16,4(x2)	  x2:0x00137fc0 x16=0x00000054 PA:0x00137fc4 store:0x00000000
          27036	     13514	00100df0	00012883	lw	x17,0(x2)	  x2:0x00137fc0 x17=0x00030000 PA:0x00137fc0 store:0x00000000
          27038	     13515	00100df4	02010113	addi	x2,x2,32	  x2:0x00137fc0  x2=0x00137fe0
          27040	     13516	00100df8	30200073	mret	
          27046	     13519	00101250	02049a63	bne	x9,x0,101284	  x9:0x00000000  x0:0x00000000
          27048	     13520	00101254	028ae863	bltu	x21,x8,101284	 x21:0x00000004  x8:0x00000004
          27052	     13522	00101258	a69ff0ef	jal	x1,100cc0	  x1=0x0010125c
          27054	     13523	00100cc0	001017b7	lui	x15,0x101	 x15=0x00101000
          27058	     13525	00100cc4	3707a503	lw	x10,880(x15)	 x15:0x00101000 x10=0x00000005 PA:0x00101370 store:0x00000054
          27062	     13527	00100cc8	3747a583	lw	x11,884(x15)	 x15:0x00101000 x11=0x00000000 PA:0x00101374 store:0x00101000
          27066	     13529	00100ccc	00008067	jalr	x0,0(x1)	  x1:0x0010125c  x0=0x00000000
          27068	     13530	0010125c	00040913	addi	x18,x8,0	  x8:0x00000004 x18=0x00000004
          27070	     13531	00101260	00050413	addi	x8,x10,0	 x10:0x00000005  x8=0x00000005
          27072	     13532	00101264	00048993	addi	x19,x9,0	  x9:0x00000000 x19=0x00000000
          27074	     13533	00101268	00157e93	andi	x29,x10,1	 x10:0x00000005 x29=0x00000001
          27076	     13534	0010126c	00058493	addi	x9,x11,0	 x11:0x00000000  x9=0x00000000
          27078	     13535	00101270	354a0513	addi	x10,x20,852	 x20:0x00101000 x10=0x00101354
          27082	     13537	00101274	fd2416e3	bne	x8,x18,101240	  x8:0x00000005 x18:0x00000004
          27088	     13540	00101240	000e9463	bne	x29,x0,101248	 x29:0x00000001  x0:0x00000000
          27094	     13543	00101248	e59fe0ef	jal	x1,1000a0	  x1=0x0010124c
          27098	     13545	001000a0	00054803	lbu	x16,0(x10)	 x10:0x00101354 x16=0x00000054 PA:0x00101354 store:0x00000000
          27100	     13546	001000a4	06080663	beq	x16,x0,100110	 x16:0x00000054  x0:0x00000000
          27102	     13547	001000a8	000207b7	lui	x15,0x20	 x15=0x00020000
          27106	     13549	001000ac	0107a023	sw	x16,0(x15)	 x15:0x00020000 x16:0x00000054 PA:0x00020000 store:0x00000054 load:0x00000000
          27110	     13551	001000b0	00154703	lbu	x14,1(x10)	 x10:0x00101354 x14=0x00000069 PA:0x00101355 store:0x0010124c
          27112	     13552	001000b4	04070e63	beq	x14,x0,100110	 x14:0x00000069  x0:0x00000000
          27116	     13554	001000b8	00e7a023	sw	x14,0(x15)	 x15:0x00020000 x14:0x00000069 PA:0x00020000 store:0x00000069 load:0x00000000
          27120	     13556	001000bc	00254283	lbu	x5,2(x10)	 x10:0x00101354  x5=0x00000063 PA:0x00101356 store:0x00137fe0
          27122	     13557	001000c0	04028863	beq	x5,x0,100110	  x5:0x00000063  x0:0x00000000
          27126	     13559	001000c4	0057a023	sw	x5,0(x15)	 x15:0x00020000  x5:0x00000063 PA:0x00020000 store:0x00000063 load:0x00000000
          27130	     13561	001000c8	00354303	lbu	x6,3(x10)	 x10:0x00101354  x6=0x0000006b PA:0x00101357 store:0x00000000
          27132	     13562	001000cc	04030263	beq	x6,x0,100110	  x6:0x0000006b  x0:0x00000000
          27136	     13564	001000d0	0067a023	sw	x6,0(x15)	 x15:0x00020000  x6:0x0000006b PA:0x00020000 store:0x0000006b load:0x00000000
          27140	     13566	001000d4	00454383	lbu	x7,4(x10)	 x10:0x00101354  x7=0x00000021 PA:0x00101358 store:0x00000000
          27142	     13567	001000d8	02038c63	beq	x7,x0,100110	  x7:0x00000021  x0:0x00000000
          27146	     13569	001000dc	0077a023	sw	x7,0(x15)	 x15:0x00020000  x7:0x00000021 PA:0x00020000 store:0x00000021 load:0x00000000
          27150	     13571	001000e0	00554583	lbu	x11,5(x10)	 x10:0x00101354 x11=0x0000000a PA:0x00101359 store:0x00000063
          27152	     13572	001000e4	02058663	beq	x11,x0,100110	 x11:0x0000000a  x0:0x00000000
          27156	     13574	001000e8	00b7a023	sw	x11,0(x15)	 x15:0x00020000 x11:0x0000000a PA:0x00020000 store:0x0000000a load:0x00000000
          27160	     13576	001000ec	00654603	lbu	x12,6(x10)	 x10:0x00101354 x12=0x00000000 PA:0x0010135a store:0x0000006b
          27164	     13578	001000f0	02060063	beq	x12,x0,100110	 x12:0x00000000  x0:0x00000000
          27168	     13580	00100110	00000513	addi	x10,x0,0	  x0:0x00000000 x10=0x00000000
          27172	     13582	00100114	00008067	jalr	x0,0(x1)	  x1:0x0010124c  x0=0x00000000
          27174	     13583	0010124c	10500073	wfi	
          30954	     15473	0010001c	6890006f	jal	x0,100ea4	  x0=0x00000000
          30958	     15475	00100ea4	e2dff06f	jal	x0,100cd0	  x0=0x00000000
          30960	     15476	00100cd0	fe010113	addi	x2,x2,-32	  x2:0x00137fe0  x2=0x00137fc0
          30964	     15478	00100cd4	00f12423	sw	x15,8(x2)	  x2:0x00137fc0 x15:0x00020000 PA:0x00137fc8 store:0x00020000 load:0x00000a21
          30966	     15479	00100cd8	001017b7	lui	x15,0x101	 x15=0x00101000
          30970	     15481	00100cdc	00b12c23	sw	x11,24(x2)	  x2:0x00137fc0 x11:0x0000000a PA:0x00137fd8 store:0x0000000a load:0x00000a21
          30974	     15483	00100ce0	01012223	sw	x16,4(x2)	  x2:0x00137fc0 x16:0x00000054 PA:0x00137fc4 store:0x00000054 load:0x00000a21
          30978	     15485	00100ce4	3687a583	lw	x11,872(x15)	 x15:0x00101000 x11=0x000007d0 PA:0x00101368 store:0x00000005
          30982	     15487	00100ce8	36c7a803	lw	x16,876(x15)	 x15:0x00101000 x16=0x00000000 PA:0x0010136c store:0x00000000
          30986	     15489	00100cec	00e12623	sw	x14,12(x2)	  x2:0x00137fc0 x14:0x00000069 PA:0x00137fcc store:0x00000069 load:0x00000000
          30988	     15490	00100cf0	00030737	lui	x14,0x30	 x14=0x00030000
          30992	     15492	00100cf4	00c12a23	sw	x12,20(x2)	  x2:0x00137fc0 x12:0x00000000 PA:0x00137fd4 store:0x00000000 load:0x00000000
          30996	     15494	00100cf8	01112023	sw	x17,0(x2)	  x2:0x00137fc0 x17:0x00030000 PA:0x00137fc0 store:0x00030000 load:0x00000000
          31000	     15496	00100cfc	00a12e23	sw	x10,28(x2)	  x2:0x00137fc0 x10:0x00000000 PA:0x00137fdc store:0x00000000 load:0x00000000
          31004	     15498	00100d00	00d12823	sw	x13,16(x2)	  x2:0x00137fc0 x13:0x00000cd6 PA:0x00137fd0 store:0x00000cd6 load:0x00000000
          31006	     15499	00100d04	00030637	lui	x12,0x30	 x12=0x00030000
          31008	     15500	00100d08	00470893	addi	x17,x14,4	 x14:0x00030000 x17=0x00030004
          31012	     15502	00100d0c	0008a783	lw	x15,0(x17)	 x17:0x00030004 x15=0x00000000 PA:0x00030004 store:0x00000000
          31016	     15504	00100d10	00062683	lw	x13,0(x12)	 x12:0x00030000 x13=0x00003c8e PA:0x00030000 store:0x00000000
          31020	     15506	00100d14	0008a503	lw	x10,0(x17)	 x17:0x00030004 x10=0x00000000 PA:0x00030004 store:0x00000000
          31024	     15508	00100d18	06a78a63	beq	x15,x10,100d8c	 x15:0x00000000 x10:0x00000000
          31028	     15510	00100d8c	00b688b3	add	x17,x13,x11	 x13:0x00003c8e x11:0x000007d0 x17=0x0000445e
          31030	     15511	00100d90	00030637	lui	x12,0x30	 x12=0x00030000
          31032	     15512	00100d94	00d8b6b3	sltu	x13,x17,x13	 x17:0x0000445e x13:0x00003c8e x13=0x00000000
          31034	     15513	00100d98	01078833	add	x16,x15,x16	 x15:0x00000000 x16:0x00000000 x16=0x00000000
          31036	     15514	00100d9c	fff00513	addi	x10,x0,-1	  x0:0x00000000 x10=0xffffffff
          31040	     15516	00100da0	00a62423	sw	x10,8(x12)	 x12:0x00030000 x10:0xffffffff PA:0x00030008 store:0xffffffff load:0x00003c6a
          31042	     15517	00100da4	010687b3	add	x15,x13,x16	 x13:0x00000000 x16:0x00000000 x15=0x00000000
          31044	     15518	00100da8	000305b7	lui	x11,0x30	 x11=0x00030000
          31048	     15520	00100dac	00f5a623	sw	x15,12(x11)	 x11:0x00030000 x15:0x00000000 PA:0x0003000c store:0x00000000 load:0x00000000
          31052	     15522	00100db0	01162423	sw	x17,8(x12)	 x12:0x00030000 x17:0x0000445e PA:0x00030008 store:0x0000445e load:0xffffffff
          31054	     15523	00100db4	001016b7	lui	x13,0x101	 x13=0x00101000
          31058	     15525	00100db8	3706a703	lw	x14,880(x13)	 x13:0x00101000 x14=0x00000005 PA:0x00101370 store:0x00000000
          31062	     15527	00100dbc	3746a883	lw	x17,884(x13)	 x13:0x00101000 x17=0x00000000 PA:0x00101374 store:0x00101000
          31066	     15529	00100dc0	01c12503	lw	x10,28(x2)	  x2:0x00137fc0 x10=0x00000000 PA:0x00137fdc store:0x00000004
          31068	     15530	00100dc4	00170593	addi	x11,x14,1	 x14:0x00000005 x11=0x00000006
          31070	     15531	00100dc8	00e5b633	sltu	x12,x11,x14	 x11:0x00000006 x14:0x00000005 x12=0x00000000
          31072	     15532	00100dcc	01160833	add	x16,x12,x17	 x12:0x00000000 x17:0x00000000 x16=0x00000000
          31076	     15534	00100dd0	36b6a823	sw	x11,880(x13)	 x13:0x00101000 x11:0x00000006 PA:0x00101370 store:0x00000006 load:0x00000000
          31080	     15536	00100dd4	3706aa23	sw	x16,884(x13)	 x13:0x00101000 x16:0x00000000 PA:0x00101374 store:0x00000000 load:0x00000000
          31084	     15538	00100dd8	01812583	lw	x11,24(x2)	  x2:0x00137fc0 x11=0x0000000a PA:0x00137fd8 store:0x00000000
          31088	     15540	00100ddc	01412603	lw	x12,20(x2)	  x2:0x00137fc0 x12=0x00000000 PA:0x00137fd4 store:0x00101000
          31092	     15542	00100de0	01012683	lw	x13,16(x2)	  x2:0x00137fc0 x13=0x00000cd6 PA:0x00137fd0 store:0x00000000
          31096	     15544	00100de4	00c12703	lw	x14,12(x2)	  x2:0x00137fc0 x14=0x00000069 PA:0x00137fcc store:0x00000000
          31100	     15546	00100de8	00812783	lw	x15,8(x2)	  x2:0x00137fc0 x15=0x00020000 PA:0x00137fc8 store:0x00000005
          31104	     15548	00100dec	00412803	lw	x16,4(x2)	  x2:0x00137fc0 x16=0x00000054 PA:0x00137fc4 store:0x00000000
          31108	     15550	00100df0	00012883	lw	x17,0(x2)	  x2:0x00137fc0 x17=0x00030000 PA:0x00137fc0 store:0x00000000
          31110	     15551	00100df4	02010113	addi	x2,x2,32	  x2:0x00137fc0  x2=0x00137fe0
          31112	     15552	00100df8	30200073	mret	
          31118	     15555	00101250	02049a63	bne	x9,x0,101284	  x9:0x00000000  x0:0x00000000
          31122	     15557	00101254	028ae863	bltu	x21,x8,101284	 x21:0x00000004  x8:0x00000005
          31128	     15560	00101284	01c12083	lw	x1,28(x2)	  x2:0x00137fe0  x1=0x00100f58 PA:0x00137ffc store:0x00000004
          31132	     15562	00101288	01812403	lw	x8,24(x2)	  x2:0x00137fe0  x8=0x00000000 PA:0x00137ff8 store:0x00000000
          31136	     15564	0010128c	01412483	lw	x9,20(x2)	  x2:0x00137fe0  x9=0x00000000 PA:0x00137ff4 store:0x00101000
          31140	     15566	00101290	01012903	lw	x18,16(x2)	  x2:0x00137fe0 x18=0x00000000 PA:0x00137ff0 store:0x00000054
          31144	     15568	00101294	00c12983	lw	x19,12(x2)	  x2:0x00137fe0 x19=0x00000000 PA:0x00137fec store:0x00000000
          31148	     15570	00101298	00812a03	lw	x20,8(x2)	  x2:0x00137fe0 x20=0x00000000 PA:0x00137fe8 store:0x00000000
          31152	     15572	0010129c	00412a83	lw	x21,4(x2)	  x2:0x00137fe0 x21=0x00000000 PA:0x00137fe4 store:0x00000000
          31156	     15574	001012a0	00012b03	lw	x22,0(x2)	  x2:0x00137fe0 x22=0x00000000 PA:0x00137fe0 store:0x00000000
          31158	     15575	001012a4	00000513	addi	x10,x0,0	  x0:0x00000000 x10=0x00000000
          31160	     15576	001012a8	02010113	addi	x2,x2,32	  x2:0x00137fe0  x2=0x00138000
          31164	     15578	001012ac	00008067	jalr	x0,0(x1)	  x1:0x00100f58  x0=0x00000000
          31166	     15579	00100f58	000202b7	lui	x5,0x20	  x5=0x00020000
          31168	     15580	00100f5c	00828293	addi	x5,x5,8	  x5:0x00020000  x5=0x00020008
          31170	     15581	00100f60	00100313	addi	x6,x0,1	  x0:0x00000000  x6=0x00000001
          31174	     15583	00100f64	0062a023	sw	x6,0(x5)	  x5:0x00020008  x6:0x00000001 PA:0x00020008 store:0x00000001 load:0x00000000
