Time	Cycle	PC	Insn	Decoded instruction	Register and memory contents
             20	         6	00100080	6290006f	jal	x0,100ea8	  x0=0x00000000
             22	         7	00100ea8	00000093	addi	x1,x0,0	  x0:0x00000000  x1=0x00000000
             24	         8	00100eac	00008113	addi	x2,x1,0	  x1:0x00000000  x2=0x00000000
             26	         9	00100eb0	00008193	addi	x3,x1,0	  x1:0x00000000  x3=0x00000000
             28	        10	00100eb4	00008213	addi	x4,x1,0	  x1:0x00000000  x4=0x00000000
             30	        11	00100eb8	00008293	addi	x5,x1,0	  x1:0x00000000  x5=0x00000000
             32	        12	00100ebc	00008313	addi	x6,x1,0	  x1:0x00000000  x6=0x00000000
             34	        13	00100ec0	00008393	addi	x7,x1,0	  x1:0x00000000  x7=0x00000000
             36	        14	00100ec4	00008413	addi	x8,x1,0	  x1:0x00000000  x8=0x00000000
             38	        15	00100ec8	00008493	addi	x9,x1,0	  x1:0x00000000  x9=0x00000000
             40	        16	00100ecc	00008513	addi	x10,x1,0	  x1:0x00000000 x10=0x00000000
             42	        17	00100ed0	00008593	addi	x11,x1,0	  x1:0x00000000 x11=0x00000000
             44	        18	00100ed4	00008613	addi	x12,x1,0	  x1:0x00000000 x12=0x00000000
             46	        19	00100ed8	00008693	addi	x13,x1,0	  x1:0x00000000 x13=0x00000000
             48	        20	00100edc	00008713	addi	x14,x1,0	  x1:0x00000000 x14=0x00000000
             50	        21	00100ee0	00008793	addi	x15,x1,0	  x1:0x00000000 x15=0x00000000
             52	        22	00100ee4	00008813	addi	x16,x1,0	  x1:0x00000000 x16=0x00000000
             54	        23	00100ee8	00008893	addi	x17,x1,0	  x1:0x00000000 x17=0x00000000
             56	        24	00100eec	00008913	addi	x18,x1,0	  x1:0x00000000 x18=0x00000000
             58	        25	00100ef0	00008993	addi	x19,x1,0	  x1:0x00000000 x19=0x00000000
             60	        26	00100ef4	00008a13	addi	x20,x1,0	  x1:0x00000000 x20=0x00000000
             62	        27	00100ef8	00008a93	addi	x21,x1,0	  x1:0x00000000 x21=0x00000000
             64	        28	00100efc	00008b13	addi	x22,x1,0	  x1:0x00000000 x22=0x00000000
             66	        29	00100f00	00008b93	addi	x23,x1,0	  x1:0x00000000 x23=0x00000000
             68	        30	00100f04	00008c13	addi	x24,x1,0	  x1:0x00000000 x24=0x00000000
             70	        31	00100f08	00008c93	addi	x25,x1,0	  x1:0x00000000 x25=0x00000000
             72	        32	00100f0c	00008d13	addi	x26,x1,0	  x1:0x00000000 x26=0x00000000
             74	        33	00100f10	00008d93	addi	x27,x1,0	  x1:0x00000000 x27=0x00000000
             76	        34	00100f14	00008e13	addi	x28,x1,0	  x1:0x00000000 x28=0x00000000
             78	        35	00100f18	00008e93	addi	x29,x1,0	  x1:0x00000000 x29=0x00000000
             80	        36	00100f1c	00008f13	addi	x30,x1,0	  x1:0x00000000 x30=0x00000000
             82	        37	00100f20	00008f93	addi	x31,x1,0	  x1:0x00000000 x31=0x00000000
             84	        38	00100f24	00037117	auipc	x2,0x37	  x2=0x00137f24
             86	        39	00100f28	0dc10113	addi	x2,x2,220	  x2:0x00137f24  x2=0x00138000
             88	        40	00100f2c	00001d17	auipc	x26,0x1	 x26=0x00101f2c
             90	        41	00100f30	a9cd0d13	addi	x26,x26,-1380	 x26:0x00101f2c x26=0x001019c8
             92	        42	00100f34	00001d97	auipc	x27,0x1	 x27=0x00101f34
             94	        43	00100f38	afcd8d93	addi	x27,x27,-1284	 x27:0x00101f34 x27=0x00101a30
             96	        44	00100f3c	01bd5863	bge	x26,x27,100f4c	 x26:0x001019c8 x27:0x00101a30
            100	        46	00100f40	000d2023	sw	x0,0(x26)	 x26:0x001019c8  x0:0x00000000 PA:0x001019c8 store:0x00000000 load:0x00000000
            102	        47	00100f44	004d0d13	addi	x26,x26,4	 x26:0x001019c8 x26=0x001019cc
            106	        49	00100f48	ffaddce3	bge	x27,x26,100f40	 x27:0x00101a30 x26:0x001019cc
            112	        52	00100f40	000d2023	sw	x0,0(x26)	 x26:0x001019cc  x0:0x00000000 PA:0x001019cc store:0x00000000 load:0x00000000
            114	        53	00100f44	004d0d13	addi	x26,x26,4	 x26:0x001019cc x26=0x001019d0
            118	        55	00100f48	ffaddce3	bge	x27,x26,100f40	 x27:0x00101a30 x26:0x001019d0
            124	        58	00100f40	000d2023	sw	x0,0(x26)	 x26:0x001019d0  x0:0x00000000 PA:0x001019d0 store:0x00000000 load:0x00000000
            126	        59	00100f44	004d0d13	addi	x26,x26,4	 x26:0x001019d0 x26=0x001019d4
            130	        61	00100f48	ffaddce3	bge	x27,x26,100f40	 x27:0x00101a30 x26:0x001019d4
            136	        64	00100f40	000d2023	sw	x0,0(x26)	 x26:0x001019d4  x0:0x00000000 PA:0x001019d4 store:0x00000000 load:0x00000000
            138	        65	00100f44	004d0d13	addi	x26,x26,4	 x26:0x001019d4 x26=0x001019d8
            142	        67	00100f48	ffaddce3	bge	x27,x26,100f40	 x27:0x00101a30 x26:0x001019d8
            148	        70	00100f40	000d2023	sw	x0,0(x26)	 x26:0x001019d8  x0:0x00000000 PA:0x001019d8 store:0x00000000 load:0x00000000
            150	        71	00100f44	004d0d13	addi	x26,x26,4	 x26:0x001019d8 x26=0x001019dc
            154	        73	00100f48	ffaddce3	bge	x27,x26,100f40	 x27:0x00101a30 x26:0x001019dc
            160	        76	00100f40	000d2023	sw	x0,0(x26)	 x26:0x001019dc  x0:0x00000000 PA:0x001019dc store:0x00000000 load:0x00000000
            162	        77	00100f44	004d0d13	addi	x26,x26,4	 x26:0x001019dc x26=0x001019e0
            166	        79	00100f48	ffaddce3	bge	x27,x26,100f40	 x27:0x00101a30 x26:0x001019e0
            172	        82	00100f40	000d2023	sw	x0,0(x26)	 x26:0x001019e0  x0:0x00000000 PA:0x001019e0 store:0x00000000 load:0x00000000
            174	        83	00100f44	004d0d13	addi	x26,x26,4	 x26:0x001019e0 x26=0x001019e4
            178	        85	00100f48	ffaddce3	bge	x27,x26,100f40	 x27:0x00101a30 x26:0x001019e4
            184	        88	00100f40	000d2023	sw	x0,0(x26)	 x26:0x001019e4  x0:0x00000000 PA:0x001019e4 store:0x00000000 load:0x00000000
            186	        89	00100f44	004d0d13	addi	x26,x26,4	 x26:0x001019e4 x26=0x001019e8
            190	        91	00100f48	ffaddce3	bge	x27,x26,100f40	 x27:0x00101a30 x26:0x001019e8
            196	        94	00100f40	000d2023	sw	x0,0(x26)	 x26:0x001019e8  x0:0x00000000 PA:0x001019e8 store:0x00000000 load:0x00000000
            198	        95	00100f44	004d0d13	addi	x26,x26,4	 x26:0x001019e8 x26=0x001019ec
            202	        97	00100f48	ffaddce3	bge	x27,x26,100f40	 x27:0x00101a30 x26:0x001019ec
            208	       100	00100f40	000d2023	sw	x0,0(x26)	 x26:0x001019ec  x0:0x00000000 PA:0x001019ec store:0x00000000 load:0x00000000
            210	       101	00100f44	004d0d13	addi	x26,x26,4	 x26:0x001019ec x26=0x001019f0
            214	       103	00100f48	ffaddce3	bge	x27,x26,100f40	 x27:0x00101a30 x26:0x001019f0
            220	       106	00100f40	000d2023	sw	x0,0(x26)	 x26:0x001019f0  x0:0x00000000 PA:0x001019f0 store:0x00000000 load:0x00000000
            222	       107	00100f44	004d0d13	addi	x26,x26,4	 x26:0x001019f0 x26=0x001019f4
            226	       109	00100f48	ffaddce3	bge	x27,x26,100f40	 x27:0x00101a30 x26:0x001019f4
            232	       112	00100f40	000d2023	sw	x0,0(x26)	 x26:0x001019f4  x0:0x00000000 PA:0x001019f4 store:0x00000000 load:0x00000000
            234	       113	00100f44	004d0d13	addi	x26,x26,4	 x26:0x001019f4 x26=0x001019f8
            238	       115	00100f48	ffaddce3	bge	x27,x26,100f40	 x27:0x00101a30 x26:0x001019f8
            244	       118	00100f40	000d2023	sw	x0,0(x26)	 x26:0x001019f8  x0:0x00000000 PA:0x001019f8 store:0x00000000 load:0x00000000
            246	       119	00100f44	004d0d13	addi	x26,x26,4	 x26:0x001019f8 x26=0x001019fc
            250	       121	00100f48	ffaddce3	bge	x27,x26,100f40	 x27:0x00101a30 x26:0x001019fc
            256	       124	00100f40	000d2023	sw	x0,0(x26)	 x26:0x001019fc  x0:0x00000000 PA:0x001019fc store:0x00000000 load:0x00000000
            258	       125	00100f44	004d0d13	addi	x26,x26,4	 x26:0x001019fc x26=0x00101a00
            262	       127	00100f48	ffaddce3	bge	x27,x26,100f40	 x27:0x00101a30 x26:0x00101a00
            268	       130	00100f40	000d2023	sw	x0,0(x26)	 x26:0x00101a00  x0:0x00000000 PA:0x00101a00 store:0x00000000 load:0x00000000
            270	       131	00100f44	004d0d13	addi	x26,x26,4	 x26:0x00101a00 x26=0x00101a04
            274	       133	00100f48	ffaddce3	bge	x27,x26,100f40	 x27:0x00101a30 x26:0x00101a04
            280	       136	00100f40	000d2023	sw	x0,0(x26)	 x26:0x00101a04  x0:0x00000000 PA:0x00101a04 store:0x00000000 load:0x00000000
            282	       137	00100f44	004d0d13	addi	x26,x26,4	 x26:0x00101a04 x26=0x00101a08
            286	       139	00100f48	ffaddce3	bge	x27,x26,100f40	 x27:0x00101a30 x26:0x00101a08
            292	       142	00100f40	000d2023	sw	x0,0(x26)	 x26:0x00101a08  x0:0x00000000 PA:0x00101a08 store:0x00000000 load:0x00000000
            294	       143	00100f44	004d0d13	addi	x26,x26,4	 x26:0x00101a08 x26=0x00101a0c
            298	       145	00100f48	ffaddce3	bge	x27,x26,100f40	 x27:0x00101a30 x26:0x00101a0c
            304	       148	00100f40	000d2023	sw	x0,0(x26)	 x26:0x00101a0c  x0:0x00000000 PA:0x00101a0c store:0x00000000 load:0x00000000
            306	       149	00100f44	004d0d13	addi	x26,x26,4	 x26:0x00101a0c x26=0x00101a10
            310	       151	00100f48	ffaddce3	bge	x27,x26,100f40	 x27:0x00101a30 x26:0x00101a10
            316	       154	00100f40	000d2023	sw	x0,0(x26)	 x26:0x00101a10  x0:0x00000000 PA:0x00101a10 store:0x00000000 load:0x00000000
            318	       155	00100f44	004d0d13	addi	x26,x26,4	 x26:0x00101a10 x26=0x00101a14
            322	       157	00100f48	ffaddce3	bge	x27,x26,100f40	 x27:0x00101a30 x26:0x00101a14
            328	       160	00100f40	000d2023	sw	x0,0(x26)	 x26:0x00101a14  x0:0x00000000 PA:0x00101a14 store:0x00000000 load:0x00000000
            330	       161	00100f44	004d0d13	addi	x26,x26,4	 x26:0x00101a14 x26=0x00101a18
            334	       163	00100f48	ffaddce3	bge	x27,x26,100f40	 x27:0x00101a30 x26:0x00101a18
            340	       166	00100f40	000d2023	sw	x0,0(x26)	 x26:0x00101a18  x0:0x00000000 PA:0x00101a18 store:0x00000000 load:0x00000000
            342	       167	00100f44	004d0d13	addi	x26,x26,4	 x26:0x00101a18 x26=0x00101a1c
            346	       169	00100f48	ffaddce3	bge	x27,x26,100f40	 x27:0x00101a30 x26:0x00101a1c
            352	       172	00100f40	000d2023	sw	x0,0(x26)	 x26:0x00101a1c  x0:0x00000000 PA:0x00101a1c store:0x00000000 load:0x00000000
            354	       173	00100f44	004d0d13	addi	x26,x26,4	 x26:0x00101a1c x26=0x00101a20
            358	       175	00100f48	ffaddce3	bge	x27,x26,100f40	 x27:0x00101a30 x26:0x00101a20
            364	       178	00100f40	000d2023	sw	x0,0(x26)	 x26:0x00101a20  x0:0x00000000 PA:0x00101a20 store:0x00000000 load:0x00000000
            366	       179	00100f44	004d0d13	addi	x26,x26,4	 x26:0x00101a20 x26=0x00101a24
            370	       181	00100f48	ffaddce3	bge	x27,x26,100f40	 x27:0x00101a30 x26:0x00101a24
            376	       184	00100f40	000d2023	sw	x0,0(x26)	 x26:0x00101a24  x0:0x00000000 PA:0x00101a24 store:0x00000000 load:0x00000000
            378	       185	00100f44	004d0d13	addi	x26,x26,4	 x26:0x00101a24 x26=0x00101a28
            382	       187	00100f48	ffaddce3	bge	x27,x26,100f40	 x27:0x00101a30 x26:0x00101a28
            388	       190	00100f40	000d2023	sw	x0,0(x26)	 x26:0x00101a28  x0:0x00000000 PA:0x00101a28 store:0x00000000 load:0x00000000
            390	       191	00100f44	004d0d13	addi	x26,x26,4	 x26:0x00101a28 x26=0x00101a2c
            394	       193	00100f48	ffaddce3	bge	x27,x26,100f40	 x27:0x00101a30 x26:0x00101a2c
            400	       196	00100f40	000d2023	sw	x0,0(x26)	 x26:0x00101a2c  x0:0x00000000 PA:0x00101a2c store:0x00000000 load:0x00000000
            402	       197	00100f44	004d0d13	addi	x26,x26,4	 x26:0x00101a2c x26=0x00101a30
            406	       199	00100f48	ffaddce3	bge	x27,x26,100f40	 x27:0x00101a30 x26:0x00101a30
            412	       202	00100f40	000d2023	sw	x0,0(x26)	 x26:0x00101a30  x0:0x00000000 PA:0x00101a30 store:0x00000000 load:0x00000000
            414	       203	00100f44	004d0d13	addi	x26,x26,4	 x26:0x00101a30 x26=0x00101a34
            416	       204	00100f48	ffaddce3	bge	x27,x26,100f40	 x27:0x00101a30 x26:0x00101a34
            418	       205	00100f4c	00000513	addi	x10,x0,0	  x0:0x00000000 x10=0x00000000
            420	       206	00100f50	00000593	addi	x11,x0,0	  x0:0x00000000 x11=0x00000000
            424	       208	00100f54	01c000ef	jal	x1,100f70	  x1=0x00100f58
            426	       209	00100f70	fd010113	addi	x2,x2,-48	  x2:0x00138000  x2=0x00137fd0
            428	       210	00100f74	00000513	addi	x10,x0,0	  x0:0x00000000 x10=0x00000000
            432	       212	00100f78	02112623	sw	x1,44(x2)	  x2:0x00137fd0  x1:0x00100f58 PA:0x00137ffc store:0x00100f58 load:0x00000000
            436	       214	00100f7c	02812423	sw	x8,40(x2)	  x2:0x00137fd0  x8:0x00000000 PA:0x00137ff8 store:0x00000000 load:0x00000000
            440	       216	00100f80	02912223	sw	x9,36(x2)	  x2:0x00137fd0  x9:0x00000000 PA:0x00137ff4 store:0x00000000 load:0x00000000
            444	       218	00100f84	03212023	sw	x18,32(x2)	  x2:0x00137fd0 x18:0x00000000 PA:0x00137ff0 store:0x00000000 load:0x00000000
            448	       220	00100f88	01312e23	sw	x19,28(x2)	  x2:0x00137fd0 x19:0x00000000 PA:0x00137fec store:0x00000000 load:0x00000000
            452	       222	00100f8c	01412c23	sw	x20,24(x2)	  x2:0x00137fd0 x20:0x00000000 PA:0x00137fe8 store:0x00000000 load:0x00000000
            456	       224	00100f90	01512a23	sw	x21,20(x2)	  x2:0x00137fd0 x21:0x00000000 PA:0x00137fe4 store:0x00000000 load:0x00000000
            460	       226	00100f94	01612823	sw	x22,16(x2)	  x2:0x00137fd0 x22:0x00000000 PA:0x00137fe0 store:0x00000000 load:0x00000000
            464	       228	00100f98	01712623	sw	x23,12(x2)	  x2:0x00137fd0 x23:0x00000000 PA:0x00137fdc store:0x00000000 load:0x00000000
            468	       230	00100f9c	01812423	sw	x24,8(x2)	  x2:0x00137fd0 x24:0x00000000 PA:0x00137fd8 store:0x00000000 load:0x00000000
            472	       232	00100fa0	01912223	sw	x25,4(x2)	  x2:0x00137fd0 x25:0x00000000 PA:0x00137fd4 store:0x00000000 load:0x00000000
            476	       234	00100fa4	01a12023	sw	x26,0(x2)	  x2:0x00137fd0 x26:0x00101a34 PA:0x00137fd0 store:0x00101a34 load:0x00000000
            480	       236	00100fa8	cb8ff0ef	jal	x1,100460	  x1=0x00100fac
            482	       237	00100460	00153513	sltiu	x10,x10,1	 x10:0x00000000 x10=0x00000001
            484	       238	00100464	40a002b3	sub	x5,x0,x10	  x0:0x00000000 x10:0x00000001  x5=0xffffffff
            486	       239	00100468	32029073	csrrw	x0,mcountinhibit,x5	  x5:0xffffffff  x0=0x00000000
            490	       241	0010046c	00008067	jalr	x0,0(x1)	  x1:0x00100fac  x0=0x00000000
            494	       243	00100fac	bb4ff0ef	jal	x1,100360	  x1=0x00100fb0
            496	       244	00100360	b0201073	csrrw	x0,minstret,x0	  x0:0x00000000  x0=0x00000000
            498	       245	00100364	b0001073	csrrw	x0,mcycle,x0	  x0:0x00000000  x0=0x00000000
            500	       246	00100368	b0301073	csrrw	x0,mhpmcounter3,x0	  x0:0x00000000  x0=0x00000000
            502	       247	0010036c	b0401073	csrrw	x0,mhpmcounter4,x0	  x0:0x00000000  x0=0x00000000
            504	       248	00100370	b0501073	csrrw	x0,mhpmcounter5,x0	  x0:0x00000000  x0=0x00000000
            506	       249	00100374	b0601073	csrrw	x0,mhpmcounter6,x0	  x0:0x00000000  x0=0x00000000
            508	       250	00100378	b0701073	csrrw	x0,mhpmcounter7,x0	  x0:0x00000000  x0=0x00000000
            510	       251	0010037c	b0801073	csrrw	x0,mhpmcounter8,x0	  x0:0x00000000  x0=0x00000000
            512	       252	00100380	b0901073	csrrw	x0,mhpmcounter9,x0	  x0:0x00000000  x0=0x00000000
            514	       253	00100384	b0a01073	csrrw	x0,mhpmcounter10,x0	  x0:0x00000000  x0=0x00000000
            516	       254	00100388	b0b01073	csrrw	x0,mhpmcounter11,x0	  x0:0x00000000  x0=0x00000000
            518	       255	0010038c	b0c01073	csrrw	x0,mhpmcounter12,x0	  x0:0x00000000  x0=0x00000000
            520	       256	00100390	b0d01073	csrrw	x0,mhpmcounter13,x0	  x0:0x00000000  x0=0x00000000
            522	       257	00100394	b0e01073	csrrw	x0,mhpmcounter14,x0	  x0:0x00000000  x0=0x00000000
            524	       258	00100398	b0f01073	csrrw	x0,mhpmcounter15,x0	  x0:0x00000000  x0=0x00000000
            526	       259	0010039c	b1001073	csrrw	x0,mhpmcounter16,x0	  x0:0x00000000  x0=0x00000000
            528	       260	001003a0	b1101073	csrrw	x0,mhpmcounter17,x0	  x0:0x00000000  x0=0x00000000
            530	       261	001003a4	b1201073	csrrw	x0,mhpmcounter18,x0	  x0:0x00000000  x0=0x00000000
            532	       262	001003a8	b1301073	csrrw	x0,mhpmcounter19,x0	  x0:0x00000000  x0=0x00000000
            534	       263	001003ac	b1401073	csrrw	x0,mhpmcounter20,x0	  x0:0x00000000  x0=0x00000000
            536	       264	001003b0	b1501073	csrrw	x0,mhpmcounter21,x0	  x0:0x00000000  x0=0x00000000
            538	       265	001003b4	b1601073	csrrw	x0,mhpmcounter22,x0	  x0:0x00000000  x0=0x00000000
            540	       266	001003b8	b1701073	csrrw	x0,mhpmcounter23,x0	  x0:0x00000000  x0=0x00000000
            542	       267	001003bc	b1801073	csrrw	x0,mhpmcounter24,x0	  x0:0x00000000  x0=0x00000000
            544	       268	001003c0	b1901073	csrrw	x0,mhpmcounter25,x0	  x0:0x00000000  x0=0x00000000
            546	       269	001003c4	b1a01073	csrrw	x0,mhpmcounter26,x0	  x0:0x00000000  x0=0x00000000
            548	       270	001003c8	b1b01073	csrrw	x0,mhpmcounter27,x0	  x0:0x00000000  x0=0x00000000
            550	       271	001003cc	b1c01073	csrrw	x0,mhpmcounter28,x0	  x0:0x00000000  x0=0x00000000
            552	       272	001003d0	b1d01073	csrrw	x0,mhpmcounter29,x0	  x0:0x00000000  x0=0x00000000
            554	       273	001003d4	b1e01073	csrrw	x0,mhpmcounter30,x0	  x0:0x00000000  x0=0x00000000
            556	       274	001003d8	b1f01073	csrrw	x0,mhpmcounter31,x0	  x0:0x00000000  x0=0x00000000
            558	       275	001003dc	b8201073	csrrw	x0,minstreth,x0	  x0:0x00000000  x0=0x00000000
            560	       276	001003e0	b8001073	csrrw	x0,mcycleh,x0	  x0:0x00000000  x0=0x00000000
            562	       277	001003e4	b8301073	csrrw	x0,mhpmcounter3h,x0	  x0:0x00000000  x0=0x00000000
            564	       278	001003e8	b8401073	csrrw	x0,mhpmcounter4h,x0	  x0:0x00000000  x0=0x00000000
            566	       279	001003ec	b8501073	csrrw	x0,mhpmcounter5h,x0	  x0:0x00000000  x0=0x00000000
            568	       280	001003f0	b8601073	csrrw	x0,mhpmcounter6h,x0	  x0:0x00000000  x0=0x00000000
            570	       281	001003f4	b8701073	csrrw	x0,mhpmcounter7h,x0	  x0:0x00000000  x0=0x00000000
            572	       282	001003f8	b8801073	csrrw	x0,mhpmcounter8h,x0	  x0:0x00000000  x0=0x00000000
            574	       283	001003fc	b8901073	csrrw	x0,mhpmcounter9h,x0	  x0:0x00000000  x0=0x00000000
            576	       284	00100400	b8a01073	csrrw	x0,mhpmcounter10h,x0	  x0:0x00000000  x0=0x00000000
            578	       285	00100404	b8b01073	csrrw	x0,mhpmcounter11h,x0	  x0:0x00000000  x0=0x00000000
            580	       286	00100408	b8c01073	csrrw	x0,mhpmcounter12h,x0	  x0:0x00000000  x0=0x00000000
            582	       287	0010040c	b8d01073	csrrw	x0,mhpmcounter13h,x0	  x0:0x00000000  x0=0x00000000
            584	       288	00100410	b8e01073	csrrw	x0,mhpmcounter14h,x0	  x0:0x00000000  x0=0x00000000
            586	       289	00100414	b8f01073	csrrw	x0,mhpmcounter15h,x0	  x0:0x00000000  x0=0x00000000
            588	       290	00100418	b9001073	csrrw	x0,mhpmcounter16h,x0	  x0:0x00000000  x0=0x00000000
            590	       291	0010041c	b9101073	csrrw	x0,mhpmcounter17h,x0	  x0:0x00000000  x0=0x00000000
            592	       292	00100420	b9201073	csrrw	x0,mhpmcounter18h,x0	  x0:0x00000000  x0=0x00000000
            594	       293	00100424	b9301073	csrrw	x0,mhpmcounter19h,x0	  x0:0x00000000  x0=0x00000000
            596	       294	00100428	b9401073	csrrw	x0,mhpmcounter20h,x0	  x0:0x00000000  x0=0x00000000
            598	       295	0010042c	b9501073	csrrw	x0,mhpmcounter21h,x0	  x0:0x00000000  x0=0x00000000
            600	       296	00100430	b9601073	csrrw	x0,mhpmcounter22h,x0	  x0:0x00000000  x0=0x00000000
            602	       297	00100434	b9701073	csrrw	x0,mhpmcounter23h,x0	  x0:0x00000000  x0=0x00000000
            604	       298	00100438	b9801073	csrrw	x0,mhpmcounter24h,x0	  x0:0x00000000  x0=0x00000000
            606	       299	0010043c	b9901073	csrrw	x0,mhpmcounter25h,x0	  x0:0x00000000  x0=0x00000000
            608	       300	00100440	b9a01073	csrrw	x0,mhpmcounter26h,x0	  x0:0x00000000  x0=0x00000000
            610	       301	00100444	b9b01073	csrrw	x0,mhpmcounter27h,x0	  x0:0x00000000  x0=0x00000000
            612	       302	00100448	b9c01073	csrrw	x0,mhpmcounter28h,x0	  x0:0x00000000  x0=0x00000000
            614	       303	0010044c	b9d01073	csrrw	x0,mhpmcounter29h,x0	  x0:0x00000000  x0=0x00000000
            616	       304	00100450	b9e01073	csrrw	x0,mhpmcounter30h,x0	  x0:0x00000000  x0=0x00000000
            618	       305	00100454	b9f01073	csrrw	x0,mhpmcounter31h,x0	  x0:0x00000000  x0=0x00000000
            622	       307	00100458	00008067	jalr	x0,0(x1)	  x1:0x00100fb0  x0=0x00000000
            624	       308	00100fb0	00100513	addi	x10,x0,1	  x0:0x00000000 x10=0x00000001
            628	       310	00100fb4	cacff0ef	jal	x1,100460	  x1=0x00100fb8
            630	       311	00100460	00153513	sltiu	x10,x10,1	 x10:0x00000001 x10=0x00000000
            632	       312	00100464	40a002b3	sub	x5,x0,x10	  x0:0x00000000 x10:0x00000000  x5=0x00000000
            634	       313	00100468	32029073	csrrw	x0,mcountinhibit,x5	  x5:0x00000000  x0=0x00000000
            638	       315	0010046c	00008067	jalr	x0,0(x1)	  x1:0x00100fb8  x0=0x00000000
            640	       316	00100fb8	00101537	lui	x10,0x101	 x10=0x00101000
            642	       317	00100fbc	6e050513	addi	x10,x10,1760	 x10:0x00101000 x10=0x001016e0
            646	       319	00100fc0	8e0ff0ef	jal	x1,1000a0	  x1=0x00100fc4
            650	       321	001000a0	00054803	lbu	x16,0(x10)	 x10:0x001016e0 x16=0x00000048 PA:0x001016e0 store:0x00000000
            652	       322	001000a4	06080663	beq	x16,x0,100110	 x16:0x00000048  x0:0x00000000
            654	       323	001000a8	000207b7	lui	x15,0x20	 x15=0x00020000
            658	       325	001000ac	0107a023	sw	x16,0(x15)	 x15:0x00020000 x16:0x00000048 PA:0x00020000 store:0x00000048 load:0x00000000
            662	       327	001000b0	00154703	lbu	x14,1(x10)	 x10:0x001016e0 x14=0x00000065 PA:0x001016e1 store:0x00100fc4
            664	       328	001000b4	04070e63	beq	x14,x0,100110	 x14:0x00000065  x0:0x00000000
            668	       330	001000b8	00e7a023	sw	x14,0(x15)	 x15:0x00020000 x14:0x00000065 PA:0x00020000 store:0x00000065 load:0x00000000
            672	       332	001000bc	00254283	lbu	x5,2(x10)	 x10:0x001016e0  x5=0x0000006c PA:0x001016e2 store:0x00137fd0
            674	       333	001000c0	04028863	beq	x5,x0,100110	  x5:0x0000006c  x0:0x00000000
            678	       335	001000c4	0057a023	sw	x5,0(x15)	 x15:0x00020000  x5:0x0000006c PA:0x00020000 store:0x0000006c load:0x00000000
            682	       337	001000c8	00354303	lbu	x6,3(x10)	 x10:0x001016e0  x6=0x0000006c PA:0x001016e3 store:0x00000000
            684	       338	001000cc	04030263	beq	x6,x0,100110	  x6:0x0000006c  x0:0x00000000
            688	       340	001000d0	0067a023	sw	x6,0(x15)	 x15:0x00020000  x6:0x0000006c PA:0x00020000 store:0x0000006c load:0x00000000
            692	       342	001000d4	00454383	lbu	x7,4(x10)	 x10:0x001016e0  x7=0x0000006f PA:0x001016e4 store:0x00000000
            694	       343	001000d8	02038c63	beq	x7,x0,100110	  x7:0x0000006f  x0:0x00000000
            698	       345	001000dc	0077a023	sw	x7,0(x15)	 x15:0x00020000  x7:0x0000006f PA:0x00020000 store:0x0000006f load:0x00000000
            702	       347	001000e0	00554583	lbu	x11,5(x10)	 x10:0x001016e0 x11=0x00000020 PA:0x001016e5 store:0x0000006c
            704	       348	001000e4	02058663	beq	x11,x0,100110	 x11:0x00000020  x0:0x00000000
            708	       350	001000e8	00b7a023	sw	x11,0(x15)	 x15:0x00020000 x11:0x00000020 PA:0x00020000 store:0x00000020 load:0x00000000
            712	       352	001000ec	00654603	lbu	x12,6(x10)	 x10:0x001016e0 x12=0x00000073 PA:0x001016e6 store:0x0000006c
            714	       353	001000f0	02060063	beq	x12,x0,100110	 x12:0x00000073  x0:0x00000000
            718	       355	001000f4	00c7a023	sw	x12,0(x15)	 x15:0x00020000 x12:0x00000073 PA:0x00020000 store:0x00000073 load:0x00000000
            722	       357	001000f8	00754683	lbu	x13,7(x10)	 x10:0x001016e0 x13=0x00000069 PA:0x001016e7 store:0x0000006f
            724	       358	001000fc	00850513	addi	x10,x10,8	 x10:0x001016e0 x10=0x001016e8
            726	       359	00100100	00068863	beq	x13,x0,100110	 x13:0x00000069  x0:0x00000000
            730	       361	00100104	00d7a023	sw	x13,0(x15)	 x15:0x00020000 x13:0x00000069 PA:0x00020000 store:0x00000069 load:0x00000000
            734	       363	00100108	00054803	lbu	x16,0(x10)	 x10:0x001016e8 x16=0x0000006d PA:0x001016e8 store:0x00000000
            738	       365	0010010c	fa0810e3	bne	x16,x0,1000ac	 x16:0x0000006d  x0:0x00000000
            744	       368	001000ac	0107a023	sw	x16,0(x15)	 x15:0x00020000 x16:0x0000006d PA:0x00020000 store:0x0000006d load:0x00000000
            748	       370	001000b0	00154703	lbu	x14,1(x10)	 x10:0x001016e8 x14=0x00000070 PA:0x001016e9 store:0x00100fc4
            750	       371	001000b4	04070e63	beq	x14,x0,100110	 x14:0x00000070  x0:0x00000000
            754	       373	001000b8	00e7a023	sw	x14,0(x15)	 x15:0x00020000 x14:0x00000070 PA:0x00020000 store:0x00000070 load:0x00000000
            758	       375	001000bc	00254283	lbu	x5,2(x10)	 x10:0x001016e8  x5=0x0000006c PA:0x001016ea store:0x00137fd0
            760	       376	001000c0	04028863	beq	x5,x0,100110	  x5:0x0000006c  x0:0x00000000
            764	       378	001000c4	0057a023	sw	x5,0(x15)	 x15:0x00020000  x5:0x0000006c PA:0x00020000 store:0x0000006c load:0x00000000
            768	       380	001000c8	00354303	lbu	x6,3(x10)	 x10:0x001016e8  x6=0x00000065 PA:0x001016eb store:0x00000000
            770	       381	001000cc	04030263	beq	x6,x0,100110	  x6:0x00000065  x0:0x00000000
            774	       383	001000d0	0067a023	sw	x6,0(x15)	 x15:0x00020000  x6:0x00000065 PA:0x00020000 store:0x00000065 load:0x00000000
            778	       385	001000d4	00454383	lbu	x7,4(x10)	 x10:0x001016e8  x7=0x00000020 PA:0x001016ec store:0x00000000
            780	       386	001000d8	02038c63	beq	x7,x0,100110	  x7:0x00000020  x0:0x00000000
            784	       388	001000dc	0077a023	sw	x7,0(x15)	 x15:0x00020000  x7:0x00000020 PA:0x00020000 store:0x00000020 load:0x00000000
            788	       390	001000e0	00554583	lbu	x11,5(x10)	 x10:0x001016e8 x11=0x00000073 PA:0x001016ed store:0x0000006c
            790	       391	001000e4	02058663	beq	x11,x0,100110	 x11:0x00000073  x0:0x00000000
            794	       393	001000e8	00b7a023	sw	x11,0(x15)	 x15:0x00020000 x11:0x00000073 PA:0x00020000 store:0x00000073 load:0x00000000
            798	       395	001000ec	00654603	lbu	x12,6(x10)	 x10:0x001016e8 x12=0x00000079 PA:0x001016ee store:0x00000065
            800	       396	001000f0	02060063	beq	x12,x0,100110	 x12:0x00000079  x0:0x00000000
            804	       398	001000f4	00c7a023	sw	x12,0(x15)	 x15:0x00020000 x12:0x00000079 PA:0x00020000 store:0x00000079 load:0x00000000
            808	       400	001000f8	00754683	lbu	x13,7(x10)	 x10:0x001016e8 x13=0x00000073 PA:0x001016ef store:0x00000020
            810	       401	001000fc	00850513	addi	x10,x10,8	 x10:0x001016e8 x10=0x001016f0
            812	       402	00100100	00068863	beq	x13,x0,100110	 x13:0x00000073  x0:0x00000000
            816	       404	00100104	00d7a023	sw	x13,0(x15)	 x15:0x00020000 x13:0x00000073 PA:0x00020000 store:0x00000073 load:0x00000000
            820	       406	00100108	00054803	lbu	x16,0(x10)	 x10:0x001016f0 x16=0x00000074 PA:0x001016f0 store:0x00000000
            824	       408	0010010c	fa0810e3	bne	x16,x0,1000ac	 x16:0x00000074  x0:0x00000000
            830	       411	001000ac	0107a023	sw	x16,0(x15)	 x15:0x00020000 x16:0x00000074 PA:0x00020000 store:0x00000074 load:0x00000000
            834	       413	001000b0	00154703	lbu	x14,1(x10)	 x10:0x001016f0 x14=0x00000065 PA:0x001016f1 store:0x00100fc4
            836	       414	001000b4	04070e63	beq	x14,x0,100110	 x14:0x00000065  x0:0x00000000
            840	       416	001000b8	00e7a023	sw	x14,0(x15)	 x15:0x00020000 x14:0x00000065 PA:0x00020000 store:0x00000065 load:0x00000000
            844	       418	001000bc	00254283	lbu	x5,2(x10)	 x10:0x001016f0  x5=0x0000006d PA:0x001016f2 store:0x00137fd0
            846	       419	001000c0	04028863	beq	x5,x0,100110	  x5:0x0000006d  x0:0x00000000
            850	       421	001000c4	0057a023	sw	x5,0(x15)	 x15:0x00020000  x5:0x0000006d PA:0x00020000 store:0x0000006d load:0x00000000
            854	       423	001000c8	00354303	lbu	x6,3(x10)	 x10:0x001016f0  x6=0x0000000a PA:0x001016f3 store:0x00000000
            856	       424	001000cc	04030263	beq	x6,x0,100110	  x6:0x0000000a  x0:0x00000000
            860	       426	001000d0	0067a023	sw	x6,0(x15)	 x15:0x00020000  x6:0x0000000a PA:0x00020000 store:0x0000000a load:0x00000000
            864	       428	001000d4	00454383	lbu	x7,4(x10)	 x10:0x001016f0  x7=0x0000000a PA:0x001016f4 store:0x00000000
            866	       429	001000d8	02038c63	beq	x7,x0,100110	  x7:0x0000000a  x0:0x00000000
            870	       431	001000dc	0077a023	sw	x7,0(x15)	 x15:0x00020000  x7:0x0000000a PA:0x00020000 store:0x0000000a load:0x00000000
            874	       433	001000e0	00554583	lbu	x11,5(x10)	 x10:0x001016f0 x11=0x00000000 PA:0x001016f5 store:0x0000006d
            878	       435	001000e4	02058663	beq	x11,x0,100110	 x11:0x00000000  x0:0x00000000
            882	       437	00100110	00000513	addi	x10,x0,0	  x0:0x00000000 x10=0x00000000
            886	       439	00100114	00008067	jalr	x0,0(x1)	  x1:0x00100fc4  x0=0x00000000
            888	       440	00100fc4	001016b7	lui	x13,0x101	 x13=0x00101000
            892	       442	00100fc8	6646a283	lw	x5,1636(x13)	 x13:0x00101000  x5=0x42f67c6a PA:0x00101664 store:0x00000000
            894	       443	00100fcc	00101737	lui	x14,0x101	 x14=0x00101000
            898	       445	00100fd0	66872303	lw	x6,1640(x14)	 x14:0x00101000  x6=0x43edefdf PA:0x00101668 store:0x00000000
            900	       446	00100fd4	001017b7	lui	x15,0x101	 x15=0x00101000
            904	       448	00100fd8	66c7a383	lw	x7,1644(x15)	 x15:0x00101000  x7=0x3f7d1f60 PA:0x0010166c store:0x00000079
            906	       449	00100fdc	00102a37	lui	x20,0x102	 x20=0x00102000
            910	       451	00100fe0	a05a2623	sw	x5,-1524(x20)	 x20:0x00102000  x5:0x42f67c6a PA:0x00101a0c store:0x42f67c6a load:0x3f7d1f60
            912	       452	00100fe4	001029b7	lui	x19,0x102	 x19=0x00102000
            916	       454	00100fe8	a069a423	sw	x6,-1528(x19)	 x19:0x00102000  x6:0x43edefdf PA:0x00101a08 store:0x43edefdf load:0x3f7d1f60
            918	       455	00100fec	00102437	lui	x8,0x102	  x8=0x00102000
            922	       457	00100ff0	a0742023	sw	x7,-1536(x8)	  x8:0x00102000  x7:0x3f7d1f60 PA:0x00101a00 store:0x3f7d1f60 load:0x3f7d1f60
            926	       459	00100ff4	a0ca2583	lw	x11,-1524(x20)	 x20:0x00102000 x11=0x42f67c6a PA:0x00101a0c store:0x00000079
            930	       461	00100ff8	a089a603	lw	x12,-1528(x19)	 x19:0x00102000 x12=0x43edefdf PA:0x00101a08 store:0x00102000
            932	       462	00100ffc	001018b7	lui	x17,0x101	 x17=0x00101000
            940	       466	00101000	001024b7	lui	x9,0x102	  x9=0x00102000
            942	       467	00101004	00c5f853	fadd.s	f16,f11,f12	 f11:0x42f67c6a f12:0x43edefdf f16=0x4415c77d
            944	       468	00101008	6f888513	addi	x10,x17,1784	 x17:0x00101000 x10=0x001016f8
            946	       469	0010100c	00102937	lui	x18,0x102	 x18=0x00102000
            948	       470	00101010	00000c93	addi	x25,x0,0	  x0:0x00000000 x25=0x00000000
            950	       471	00101014	a104a223	sw	x16,-1532(x9)	  x9:0x00102000 x16:0x4415c77d PA:0x00101a04 store:0x4415c77d load:0x43edefdf
            952	       472	00101018	888ff0ef	jal	x1,1000a0	  x1=0x0010101c
            956	       474	001000a0	00054803	lbu	x16,0(x10)	 x10:0x001016f8 x16=0x00000041 PA:0x001016f8 store:0x00000000
            958	       475	001000a4	06080663	beq	x16,x0,100110	 x16:0x00000041  x0:0x00000000
            960	       476	001000a8	000207b7	lui	x15,0x20	 x15=0x00020000
            964	       478	001000ac	0107a023	sw	x16,0(x15)	 x15:0x00020000 x16:0x00000041 PA:0x00020000 store:0x00000041 load:0x00000000
            968	       480	001000b0	00154703	lbu	x14,1(x10)	 x10:0x001016f8 x14=0x00000064 PA:0x001016f9 store:0x0010101c
            970	       481	001000b4	04070e63	beq	x14,x0,100110	 x14:0x00000064  x0:0x00000000
            974	       483	001000b8	00e7a023	sw	x14,0(x15)	 x15:0x00020000 x14:0x00000064 PA:0x00020000 store:0x00000064 load:0x00000000
            978	       485	001000bc	00254283	lbu	x5,2(x10)	 x10:0x001016f8  x5=0x00000064 PA:0x001016fa store:0x00137fd0
            980	       486	001000c0	04028863	beq	x5,x0,100110	  x5:0x00000064  x0:0x00000000
            984	       488	001000c4	0057a023	sw	x5,0(x15)	 x15:0x00020000  x5:0x00000064 PA:0x00020000 store:0x00000064 load:0x00000000
            988	       490	001000c8	00354303	lbu	x6,3(x10)	 x10:0x001016f8  x6=0x00000020 PA:0x001016fb store:0x00000000
            990	       491	001000cc	04030263	beq	x6,x0,100110	  x6:0x00000020  x0:0x00000000
            994	       493	001000d0	0067a023	sw	x6,0(x15)	 x15:0x00020000  x6:0x00000020 PA:0x00020000 store:0x00000020 load:0x00000000
            998	       495	001000d4	00454383	lbu	x7,4(x10)	 x10:0x001016f8  x7=0x00000031 PA:0x001016fc store:0x00000000
           1000	       496	001000d8	02038c63	beq	x7,x0,100110	  x7:0x00000031  x0:0x00000000
           1004	       498	001000dc	0077a023	sw	x7,0(x15)	 x15:0x00020000  x7:0x00000031 PA:0x00020000 store:0x00000031 load:0x00000000
           1008	       500	001000e0	00554583	lbu	x11,5(x10)	 x10:0x001016f8 x11=0x00000032 PA:0x001016fd store:0x00000064
           1010	       501	001000e4	02058663	beq	x11,x0,100110	 x11:0x00000032  x0:0x00000000
           1014	       503	001000e8	00b7a023	sw	x11,0(x15)	 x15:0x00020000 x11:0x00000032 PA:0x00020000 store:0x00000032 load:0x00000000
           1018	       505	001000ec	00654603	lbu	x12,6(x10)	 x10:0x001016f8 x12=0x00000033 PA:0x001016fe store:0x00000020
           1020	       506	001000f0	02060063	beq	x12,x0,100110	 x12:0x00000033  x0:0x00000000
           1024	       508	001000f4	00c7a023	sw	x12,0(x15)	 x15:0x00020000 x12:0x00000033 PA:0x00020000 store:0x00000033 load:0x00000000
           1028	       510	001000f8	00754683	lbu	x13,7(x10)	 x10:0x001016f8 x13=0x0000002e PA:0x001016ff store:0x00000031
           1030	       511	001000fc	00850513	addi	x10,x10,8	 x10:0x001016f8 x10=0x00101700
           1032	       512	00100100	00068863	beq	x13,x0,100110	 x13:0x0000002e  x0:0x00000000
           1036	       514	00100104	00d7a023	sw	x13,0(x15)	 x15:0x00020000 x13:0x0000002e PA:0x00020000 store:0x0000002e load:0x00000000
           1040	       516	00100108	00054803	lbu	x16,0(x10)	 x10:0x00101700 x16=0x00000032 PA:0x00101700 store:0x00000000
           1044	       518	0010010c	fa0810e3	bne	x16,x0,1000ac	 x16:0x00000032  x0:0x00000000
           1050	       521	001000ac	0107a023	sw	x16,0(x15)	 x15:0x00020000 x16:0x00000032 PA:0x00020000 store:0x00000032 load:0x00000000
           1054	       523	001000b0	00154703	lbu	x14,1(x10)	 x10:0x00101700 x14=0x00000034 PA:0x00101701 store:0x0010101c
           1056	       524	001000b4	04070e63	beq	x14,x0,100110	 x14:0x00000034  x0:0x00000000
           1060	       526	001000b8	00e7a023	sw	x14,0(x15)	 x15:0x00020000 x14:0x00000034 PA:0x00020000 store:0x00000034 load:0x00000000
           1064	       528	001000bc	00254283	lbu	x5,2(x10)	 x10:0x00101700  x5=0x00000033 PA:0x00101702 store:0x00137fd0
           1066	       529	001000c0	04028863	beq	x5,x0,100110	  x5:0x00000033  x0:0x00000000
           1070	       531	001000c4	0057a023	sw	x5,0(x15)	 x15:0x00020000  x5:0x00000033 PA:0x00020000 store:0x00000033 load:0x00000000
           1074	       533	001000c8	00354303	lbu	x6,3(x10)	 x10:0x00101700  x6=0x00000020 PA:0x00101703 store:0x00000000
           1076	       534	001000cc	04030263	beq	x6,x0,100110	  x6:0x00000020  x0:0x00000000
           1080	       536	001000d0	0067a023	sw	x6,0(x15)	 x15:0x00020000  x6:0x00000020 PA:0x00020000 store:0x00000020 load:0x00000000
           1084	       538	001000d4	00454383	lbu	x7,4(x10)	 x10:0x00101700  x7=0x00000026 PA:0x00101704 store:0x00000000
           1086	       539	001000d8	02038c63	beq	x7,x0,100110	  x7:0x00000026  x0:0x00000000
           1090	       541	001000dc	0077a023	sw	x7,0(x15)	 x15:0x00020000  x7:0x00000026 PA:0x00020000 store:0x00000026 load:0x00000000
           1094	       543	001000e0	00554583	lbu	x11,5(x10)	 x10:0x00101700 x11=0x00000020 PA:0x00101705 store:0x00000033
           1096	       544	001000e4	02058663	beq	x11,x0,100110	 x11:0x00000020  x0:0x00000000
           1100	       546	001000e8	00b7a023	sw	x11,0(x15)	 x15:0x00020000 x11:0x00000020 PA:0x00020000 store:0x00000020 load:0x00000000
           1104	       548	001000ec	00654603	lbu	x12,6(x10)	 x10:0x00101700 x12=0x00000034 PA:0x00101706 store:0x00000020
           1106	       549	001000f0	02060063	beq	x12,x0,100110	 x12:0x00000034  x0:0x00000000
           1110	       551	001000f4	00c7a023	sw	x12,0(x15)	 x15:0x00020000 x12:0x00000034 PA:0x00020000 store:0x00000034 load:0x00000000
           1114	       553	001000f8	00754683	lbu	x13,7(x10)	 x10:0x00101700 x13=0x00000037 PA:0x00101707 store:0x00000026
           1116	       554	001000fc	00850513	addi	x10,x10,8	 x10:0x00101700 x10=0x00101708
           1118	       555	00100100	00068863	beq	x13,x0,100110	 x13:0x00000037  x0:0x00000000
           1122	       557	00100104	00d7a023	sw	x13,0(x15)	 x15:0x00020000 x13:0x00000037 PA:0x00020000 store:0x00000037 load:0x00000000
           1126	       559	00100108	00054803	lbu	x16,0(x10)	 x10:0x00101708 x16=0x00000035 PA:0x00101708 store:0x00000000
           1130	       561	0010010c	fa0810e3	bne	x16,x0,1000ac	 x16:0x00000035  x0:0x00000000
           1136	       564	001000ac	0107a023	sw	x16,0(x15)	 x15:0x00020000 x16:0x00000035 PA:0x00020000 store:0x00000035 load:0x00000000
           1140	       566	001000b0	00154703	lbu	x14,1(x10)	 x10:0x00101708 x14=0x0000002e PA:0x00101709 store:0x0010101c
           1142	       567	001000b4	04070e63	beq	x14,x0,100110	 x14:0x0000002e  x0:0x00000000
           1146	       569	001000b8	00e7a023	sw	x14,0(x15)	 x15:0x00020000 x14:0x0000002e PA:0x00020000 store:0x0000002e load:0x00000000
           1150	       571	001000bc	00254283	lbu	x5,2(x10)	 x10:0x00101708  x5=0x00000038 PA:0x0010170a store:0x00137fd0
           1152	       572	001000c0	04028863	beq	x5,x0,100110	  x5:0x00000038  x0:0x00000000
           1156	       574	001000c4	0057a023	sw	x5,0(x15)	 x15:0x00020000  x5:0x00000038 PA:0x00020000 store:0x00000038 load:0x00000000
           1160	       576	001000c8	00354303	lbu	x6,3(x10)	 x10:0x00101708  x6=0x00000037 PA:0x0010170b store:0x00000000
           1162	       577	001000cc	04030263	beq	x6,x0,100110	  x6:0x00000037  x0:0x00000000
           1166	       579	001000d0	0067a023	sw	x6,0(x15)	 x15:0x00020000  x6:0x00000037 PA:0x00020000 store:0x00000037 load:0x00000000
           1170	       581	001000d4	00454383	lbu	x7,4(x10)	 x10:0x00101708  x7=0x00000035 PA:0x0010170c store:0x00000000
           1172	       582	001000d8	02038c63	beq	x7,x0,100110	  x7:0x00000035  x0:0x00000000
           1176	       584	001000dc	0077a023	sw	x7,0(x15)	 x15:0x00020000  x7:0x00000035 PA:0x00020000 store:0x00000035 load:0x00000000
           1180	       586	001000e0	00554583	lbu	x11,5(x10)	 x10:0x00101708 x11=0x0000003a PA:0x0010170d store:0x00000038
           1182	       587	001000e4	02058663	beq	x11,x0,100110	 x11:0x0000003a  x0:0x00000000
           1186	       589	001000e8	00b7a023	sw	x11,0(x15)	 x15:0x00020000 x11:0x0000003a PA:0x00020000 store:0x0000003a load:0x00000000
           1190	       591	001000ec	00654603	lbu	x12,6(x10)	 x10:0x00101708 x12=0x00000020 PA:0x0010170e store:0x00000037
           1192	       592	001000f0	02060063	beq	x12,x0,100110	 x12:0x00000020  x0:0x00000000
           1196	       594	001000f4	00c7a023	sw	x12,0(x15)	 x15:0x00020000 x12:0x00000020 PA:0x00020000 store:0x00000020 load:0x00000000
           1200	       596	001000f8	00754683	lbu	x13,7(x10)	 x10:0x00101708 x13=0x00000000 PA:0x0010170f store:0x00000035
           1202	       597	001000fc	00850513	addi	x10,x10,8	 x10:0x00101708 x10=0x00101710
           1206	       599	00100100	00068863	beq	x13,x0,100110	 x13:0x00000000  x0:0x00000000
           1210	       601	00100110	00000513	addi	x10,x0,0	  x0:0x00000000 x10=0x00000000
           1214	       603	00100114	00008067	jalr	x0,0(x1)	  x1:0x0010101c  x0=0x00000000
           1218	       605	0010101c	a044a503	lw	x10,-1532(x9)	  x9:0x00102000 x10=0x4415c77d PA:0x00101a04 store:0x00000000
           1222	       607	00101020	e21ff0ef	jal	x1,100e40	  x1=0x00101024
           1224	       608	00100e40	ff010113	addi	x2,x2,-16	  x2:0x00137fd0  x2=0x00137fc0
           1234	       613	00100e44	00912223	sw	x9,4(x2)	  x2:0x00137fc0  x9:0x00102000 PA:0x00137fc4 store:0x00102000 load:0x4415c77d
           1236	       614	00100e48	c01514d3	fcvt.wu.s	x9,f10	 f10:0x4415c77d  x9=0x00000257
           1238	       615	00100e4c	00812423	sw	x8,8(x2)	  x2:0x00137fc0  x8:0x00102000 PA:0x00137fc8 store:0x00102000 load:0x4415c77d
           1240	       616	00100e50	00050413	addi	x8,x10,0	 x10:0x4415c77d  x8=0x4415c77d
           1242	       617	00100e54	00048513	addi	x10,x9,0	  x9:0x00000257 x10=0x00000257
           1244	       618	00100e58	00112623	sw	x1,12(x2)	  x2:0x00137fc0  x1:0x00101024 PA:0x00137fcc store:0x00101024 load:0x4415c77d
           1248	       620	00100e5c	ac4ff0ef	jal	x1,100120	  x1=0x00100e60
           1250	       621	00100120	01c55793	srli	x15,x10,0x1c	 x10:0x00000257 x15=0x00000000
           1252	       622	00100124	00900713	addi	x14,x0,9	  x0:0x00000000 x14=0x00000009
           1256	       624	00100128	0cf77a63	bgeu	x14,x15,1001fc	 x14:0x00000009 x15:0x00000000
           1260	       626	001001fc	03078393	addi	x7,x15,48	 x15:0x00000000  x7=0x00000030
           1262	       627	00100200	000205b7	lui	x11,0x20	 x11=0x00020000
           1264	       628	00100204	00451613	slli	x12,x10,0x4	 x10:0x00000257 x12=0x00002570
           1268	       630	00100208	0075a023	sw	x7,0(x11)	 x11:0x00020000  x7:0x00000030 PA:0x00020000 store:0x00000030 load:0x00000000
           1270	       631	0010020c	01c65693	srli	x13,x12,0x1c	 x12:0x00002570 x13=0x00000000
           1272	       632	00100210	00900813	addi	x16,x0,9	  x0:0x00000000 x16=0x00000009
           1274	       633	00100214	f2d86ae3	bltu	x16,x13,100148	 x16:0x00000009 x13:0x00000000
           1276	       634	00100218	03068e93	addi	x29,x13,48	 x13:0x00000000 x29=0x00000030
           1278	       635	0010021c	00020f37	lui	x30,0x20	 x30=0x00020000
           1280	       636	00100220	00851f93	slli	x31,x10,0x8	 x10:0x00000257 x31=0x00025700
           1284	       638	00100224	01df2023	sw	x29,0(x30)	 x30:0x00020000 x29:0x00000030 PA:0x00020000 store:0x00000030 load:0x00000000
           1286	       639	00100228	01cfd793	srli	x15,x31,0x1c	 x31:0x00025700 x15=0x00000000
           1288	       640	0010022c	00900713	addi	x14,x0,9	  x0:0x00000000 x14=0x00000009
           1290	       641	00100230	f2f76ae3	bltu	x14,x15,100164	 x14:0x00000009 x15:0x00000000
           1292	       642	00100234	03078393	addi	x7,x15,48	 x15:0x00000000  x7=0x00000030
           1294	       643	00100238	000205b7	lui	x11,0x20	 x11=0x00020000
           1296	       644	0010023c	00c51613	slli	x12,x10,0xc	 x10:0x00000257 x12=0x00257000
           1300	       646	00100240	0075a023	sw	x7,0(x11)	 x11:0x00020000  x7:0x00000030 PA:0x00020000 store:0x00000030 load:0x00000000
           1302	       647	00100244	01c65693	srli	x13,x12,0x1c	 x12:0x00257000 x13=0x00000000
           1304	       648	00100248	00900813	addi	x16,x0,9	  x0:0x00000000 x16=0x00000009
           1306	       649	0010024c	f2d86ae3	bltu	x16,x13,100180	 x16:0x00000009 x13:0x00000000
           1308	       650	00100250	03068e93	addi	x29,x13,48	 x13:0x00000000 x29=0x00000030
           1310	       651	00100254	00020f37	lui	x30,0x20	 x30=0x00020000
           1312	       652	00100258	01051f93	slli	x31,x10,0x10	 x10:0x00000257 x31=0x02570000
           1316	       654	0010025c	01df2023	sw	x29,0(x30)	 x30:0x00020000 x29:0x00000030 PA:0x00020000 store:0x00000030 load:0x00000000
           1318	       655	00100260	01cfd793	srli	x15,x31,0x1c	 x31:0x02570000 x15=0x00000000
           1320	       656	00100264	00900713	addi	x14,x0,9	  x0:0x00000000 x14=0x00000009
           1322	       657	00100268	f2f76ae3	bltu	x14,x15,10019c	 x14:0x00000009 x15:0x00000000
           1324	       658	0010026c	03078393	addi	x7,x15,48	 x15:0x00000000  x7=0x00000030
           1326	       659	00100270	000205b7	lui	x11,0x20	 x11=0x00020000
           1328	       660	00100274	01451613	slli	x12,x10,0x14	 x10:0x00000257 x12=0x25700000
           1332	       662	00100278	0075a023	sw	x7,0(x11)	 x11:0x00020000  x7:0x00000030 PA:0x00020000 store:0x00000030 load:0x00000000
           1334	       663	0010027c	01c65693	srli	x13,x12,0x1c	 x12:0x25700000 x13=0x00000002
           1336	       664	00100280	00900813	addi	x16,x0,9	  x0:0x00000000 x16=0x00000009
           1338	       665	00100284	f2d86ae3	bltu	x16,x13,1001b8	 x16:0x00000009 x13:0x00000002
           1340	       666	00100288	03068e93	addi	x29,x13,48	 x13:0x00000002 x29=0x00000032
           1342	       667	0010028c	00020f37	lui	x30,0x20	 x30=0x00020000
           1344	       668	00100290	01851f93	slli	x31,x10,0x18	 x10:0x00000257 x31=0x57000000
           1348	       670	00100294	01df2023	sw	x29,0(x30)	 x30:0x00020000 x29:0x00000032 PA:0x00020000 store:0x00000032 load:0x00000000
           1350	       671	00100298	01cfd793	srli	x15,x31,0x1c	 x31:0x57000000 x15=0x00000005
           1352	       672	0010029c	00900713	addi	x14,x0,9	  x0:0x00000000 x14=0x00000009
           1354	       673	001002a0	f2f76ae3	bltu	x14,x15,1001d4	 x14:0x00000009 x15:0x00000005
           1356	       674	001002a4	03078393	addi	x7,x15,48	 x15:0x00000005  x7=0x00000035
           1358	       675	001002a8	000205b7	lui	x11,0x20	 x11=0x00020000
           1362	       677	001002ac	0075a023	sw	x7,0(x11)	 x11:0x00020000  x7:0x00000035 PA:0x00020000 store:0x00000035 load:0x00000000
           1364	       678	001002b0	00f57513	andi	x10,x10,15	 x10:0x00000257 x10=0x00000007
           1366	       679	001002b4	00900613	addi	x12,x0,9	  x0:0x00000000 x12=0x00000009
           1370	       681	001002b8	f2a67ae3	bgeu	x12,x10,1001ec	 x12:0x00000009 x10:0x00000007
           1374	       683	001001ec	03050893	addi	x17,x10,48	 x10:0x00000007 x17=0x00000037
           1376	       684	001001f0	00020e37	lui	x28,0x20	 x28=0x00020000
           1380	       686	001001f4	011e2023	sw	x17,0(x28)	 x28:0x00020000 x17:0x00000037 PA:0x00020000 store:0x00000037 load:0x00000000
           1384	       688	001001f8	00008067	jalr	x0,0(x1)	  x1:0x00100e60  x0=0x00000000
           1386	       689	00100e60	00101537	lui	x10,0x101	 x10=0x00101000
           1388	       690	00100e64	75850513	addi	x10,x10,1880	 x10:0x00101000 x10=0x00101758
           1392	       692	00100e68	a38ff0ef	jal	x1,1000a0	  x1=0x00100e6c
           1396	       694	001000a0	00054803	lbu	x16,0(x10)	 x10:0x00101758 x16=0x0000002e PA:0x00101758 store:0x00000000
           1398	       695	001000a4	06080663	beq	x16,x0,100110	 x16:0x0000002e  x0:0x00000000
           1400	       696	001000a8	000207b7	lui	x15,0x20	 x15=0x00020000
           1404	       698	001000ac	0107a023	sw	x16,0(x15)	 x15:0x00020000 x16:0x0000002e PA:0x00020000 store:0x0000002e load:0x00000000
           1408	       700	001000b0	00154703	lbu	x14,1(x10)	 x10:0x00101758 x14=0x00000000 PA:0x00101759 store:0x00100e6c
           1412	       702	001000b4	04070e63	beq	x14,x0,100110	 x14:0x00000000  x0:0x00000000
           1416	       704	00100110	00000513	addi	x10,x0,0	  x0:0x00000000 x10=0x00000000
           1426	       709	00100114	00008067	jalr	x0,0(x1)	  x1:0x00100e6c  x0=0x00000000
           1428	       710	00100e6c	d014f2d3	fcvt.s.wu	f5,x9	  x9:0x00000257  f5=0x4415c000
           1436	       714	00100e70	001017b7	lui	x15,0x101	 x15=0x00101000
           1438	       715	00100e74	6607a383	lw	x7,1632(x15)	 x15:0x00101000  x7=0x47c35000 PA:0x00101660 store:0x00000000
           1440	       716	00100e78	08547353	fsub.s	f6,f8,f5	  f8:0x4415c77d  f5:0x4415c000  f6=0x3defa000
           1442	       717	00100e7c	00812403	lw	x8,8(x2)	  x2:0x00137fc0  x8=0x00102000 PA:0x00137fc8 store:0x4415c77d
           1444	       718	00100e80	00c12083	lw	x1,12(x2)	  x2:0x00137fc0  x1=0x00101024 PA:0x00137fcc store:0x00000009
           1452	       722	00100e84	00412483	lw	x9,4(x2)	  x2:0x00137fc0  x9=0x00102000 PA:0x00137fc4 store:0x00000000
           1454	       723	00100e88	107375d3	fmul.s	f11,f6,f7	  f6:0x3defa000  f7:0x47c35000 f11=0x4636d1c2
           1458	       725	00100e8c	01010113	addi	x2,x2,16	  x2:0x00137fc0  x2=0x00137fd0
           1460	       726	00100e90	c0159553	fcvt.wu.s	x10,f11	 f11:0x4636d1c2 x10=0x00002db4
           1462	       727	00100e94	a8cff06f	jal	x0,100120	  x0=0x00000000
           1464	       728	00100120	01c55793	srli	x15,x10,0x1c	 x10:0x00002db4 x15=0x00000000
           1466	       729	00100124	00900713	addi	x14,x0,9	  x0:0x00000000 x14=0x00000009
           1468	       730	00100128	0cf77a63	bgeu	x14,x15,1001fc	 x14:0x00000009 x15:0x00000000
           1472	       732	001001fc	03078393	addi	x7,x15,48	 x15:0x00000000  x7=0x00000030
           1474	       733	00100200	000205b7	lui	x11,0x20	 x11=0x00020000
           1476	       734	00100204	00451613	slli	x12,x10,0x4	 x10:0x00002db4 x12=0x0002db40
           1480	       736	00100208	0075a023	sw	x7,0(x11)	 x11:0x00020000  x7:0x00000030 PA:0x00020000 store:0x00000030 load:0x00000000
           1482	       737	0010020c	01c65693	srli	x13,x12,0x1c	 x12:0x0002db40 x13=0x00000000
           1484	       738	00100210	00900813	addi	x16,x0,9	  x0:0x00000000 x16=0x00000009
           1486	       739	00100214	f2d86ae3	bltu	x16,x13,100148	 x16:0x00000009 x13:0x00000000
           1488	       740	00100218	03068e93	addi	x29,x13,48	 x13:0x00000000 x29=0x00000030
           1490	       741	0010021c	00020f37	lui	x30,0x20	 x30=0x00020000
           1492	       742	00100220	00851f93	slli	x31,x10,0x8	 x10:0x00002db4 x31=0x002db400
           1496	       744	00100224	01df2023	sw	x29,0(x30)	 x30:0x00020000 x29:0x00000030 PA:0x00020000 store:0x00000030 load:0x00000000
           1498	       745	00100228	01cfd793	srli	x15,x31,0x1c	 x31:0x002db400 x15=0x00000000
           1500	       746	0010022c	00900713	addi	x14,x0,9	  x0:0x00000000 x14=0x00000009
           1502	       747	00100230	f2f76ae3	bltu	x14,x15,100164	 x14:0x00000009 x15:0x00000000
           1504	       748	00100234	03078393	addi	x7,x15,48	 x15:0x00000000  x7=0x00000030
           1506	       749	00100238	000205b7	lui	x11,0x20	 x11=0x00020000
           1508	       750	0010023c	00c51613	slli	x12,x10,0xc	 x10:0x00002db4 x12=0x02db4000
           1512	       752	00100240	0075a023	sw	x7,0(x11)	 x11:0x00020000  x7:0x00000030 PA:0x00020000 store:0x00000030 load:0x00000000
           1514	       753	00100244	01c65693	srli	x13,x12,0x1c	 x12:0x02db4000 x13=0x00000000
           1516	       754	00100248	00900813	addi	x16,x0,9	  x0:0x00000000 x16=0x00000009
           1518	       755	0010024c	f2d86ae3	bltu	x16,x13,100180	 x16:0x00000009 x13:0x00000000
           1520	       756	00100250	03068e93	addi	x29,x13,48	 x13:0x00000000 x29=0x00000030
           1522	       757	00100254	00020f37	lui	x30,0x20	 x30=0x00020000
           1524	       758	00100258	01051f93	slli	x31,x10,0x10	 x10:0x00002db4 x31=0x2db40000
           1528	       760	0010025c	01df2023	sw	x29,0(x30)	 x30:0x00020000 x29:0x00000030 PA:0x00020000 store:0x00000030 load:0x00000000
           1530	       761	00100260	01cfd793	srli	x15,x31,0x1c	 x31:0x2db40000 x15=0x00000002
           1532	       762	00100264	00900713	addi	x14,x0,9	  x0:0x00000000 x14=0x00000009
           1534	       763	00100268	f2f76ae3	bltu	x14,x15,10019c	 x14:0x00000009 x15:0x00000002
           1536	       764	0010026c	03078393	addi	x7,x15,48	 x15:0x00000002  x7=0x00000032
           1538	       765	00100270	000205b7	lui	x11,0x20	 x11=0x00020000
           1540	       766	00100274	01451613	slli	x12,x10,0x14	 x10:0x00002db4 x12=0xdb400000
           1544	       768	00100278	0075a023	sw	x7,0(x11)	 x11:0x00020000  x7:0x00000032 PA:0x00020000 store:0x00000032 load:0x00000000
           1546	       769	0010027c	01c65693	srli	x13,x12,0x1c	 x12:0xdb400000 x13=0x0000000d
           1548	       770	00100280	00900813	addi	x16,x0,9	  x0:0x00000000 x16=0x00000009
           1552	       772	00100284	f2d86ae3	bltu	x16,x13,1001b8	 x16:0x00000009 x13:0x0000000d
           1556	       774	001001b8	03768893	addi	x17,x13,55	 x13:0x0000000d x17=0x00000044
           1558	       775	001001bc	00020e37	lui	x28,0x20	 x28=0x00020000
           1560	       776	001001c0	01851f93	slli	x31,x10,0x18	 x10:0x00002db4 x31=0xb4000000
           1564	       778	001001c4	011e2023	sw	x17,0(x28)	 x28:0x00020000 x17:0x00000044 PA:0x00020000 store:0x00000044 load:0x00000000
           1566	       779	001001c8	01cfd793	srli	x15,x31,0x1c	 x31:0xb4000000 x15=0x0000000b
           1568	       780	001001cc	00900713	addi	x14,x0,9	  x0:0x00000000 x14=0x00000009
           1570	       781	001001d0	0cf77a63	bgeu	x14,x15,1002a4	 x14:0x00000009 x15:0x0000000b
           1572	       782	001001d4	03778293	addi	x5,x15,55	 x15:0x0000000b  x5=0x00000042
           1574	       783	001001d8	00020337	lui	x6,0x20	  x6=0x00020000
           1578	       785	001001dc	00532023	sw	x5,0(x6)	  x6:0x00020000  x5:0x00000042 PA:0x00020000 store:0x00000042 load:0x00000000
           1580	       786	001001e0	00f57513	andi	x10,x10,15	 x10:0x00002db4 x10=0x00000004
           1582	       787	001001e4	00900613	addi	x12,x0,9	  x0:0x00000000 x12=0x00000009
           1584	       788	001001e8	0ca66a63	bltu	x12,x10,1002bc	 x12:0x00000009 x10:0x00000004
           1586	       789	001001ec	03050893	addi	x17,x10,48	 x10:0x00000004 x17=0x00000034
           1588	       790	001001f0	00020e37	lui	x28,0x20	 x28=0x00020000
           1592	       792	001001f4	011e2023	sw	x17,0(x28)	 x28:0x00020000 x17:0x00000034 PA:0x00020000 store:0x00000034 load:0x00000000
           1596	       794	001001f8	00008067	jalr	x0,0(x1)	  x1:0x00101024  x0=0x00000000
           1600	       796	00101024	a0042a83	lw	x21,-1536(x8)	  x8:0x00102000 x21=0x3f7d1f60 PA:0x00101a00 store:0x00000000
           1604	       798	00101028	9fc92b03	lw	x22,-1540(x18)	 x18:0x00102000 x22=0x00000000 PA:0x001019fc store:0x00020000
           1608	       800	0010102c	a044ab83	lw	x23,-1532(x9)	  x9:0x00102000 x23=0x4415c77d PA:0x00101a04 store:0x00000000
           1618	       805	00101030	a0042c03	lw	x24,-1536(x8)	  x8:0x00102000 x24=0x3f7d1f60 PA:0x00101a00 store:0x00000000
           1620	       806	00101034	b15cfd43	fmadd.s	f26,f25,f21,f22	 f25:0x00000000 f21:0x3f7d1f60 f22:0x00000000 f26=0x00000000
           1624	       808	00101038	00100f13	addi	x30,x0,1	  x0:0x00000000 x30=0x00000001
           1626	       809	0010103c	018bfe53	fadd.s	f28,f23,f24	 f23:0x4415c77d f24:0x3f7d1f60 f28=0x441606c5
           1632	       812	00101040	a0042e83	lw	x29,-1536(x8)	  x8:0x00102000 x29=0x3f7d1f60 PA:0x00101a00 store:0x00000000
           1634	       813	00101044	d00f7753	fcvt.s.w	f14,x30	 x30:0x00000001 f14=0x3f800000
           1636	       814	00101048	9fa92e23	sw	x26,-1540(x18)	 x18:0x00102000 x26:0x00000000 PA:0x001019fc store:0x00000000 load:0x3f7d1f60
           1638	       815	0010104c	9fc92f83	lw	x31,-1540(x18)	 x18:0x00102000 x31=0x00000000 PA:0x001019fc store:0x441606c5
           1642	       817	00101050	a1c4a223	sw	x28,-1532(x9)	  x9:0x00102000 x28:0x441606c5 PA:0x00101a04 store:0x441606c5 load:0x00000000
           1646	       819	00101054	a044a503	lw	x10,-1532(x9)	  x9:0x00102000 x10=0x441606c5 PA:0x00101a04 store:0x00000000
           1656	       824	00101058	a0042683	lw	x13,-1536(x8)	  x8:0x00102000 x13=0x3f7d1f60 PA:0x00101a00 store:0x00000000
           1658	       825	0010105c	f9d772c3	fmadd.s	f5,f14,f29,f31	 f14:0x3f800000 f29:0x3f7d1f60 f31:0x3f800000  f5=0x3ffe8fb0
           1662	       827	00101060	06400313	addi	x6,x0,100	  x0:0x00000000  x6=0x00000064
           1664	       828	00101064	00d573d3	fadd.s	f7,f10,f13	 f10:0x441606c5 f13:0x3f7d1f60  f7=0x4416460d
           1666	       829	00101068	00200793	addi	x15,x0,2	  x0:0x00000000 x15=0x00000002
           1668	       830	0010106c	9e592e23	sw	x5,-1540(x18)	 x18:0x00102000  x5:0x3ffe8fb0 PA:0x001019fc store:0x3ffe8fb0 load:0x3f7d1f60
           1670	       831	00101070	a074a223	sw	x7,-1532(x9)	  x9:0x00102000  x7:0x4416460d PA:0x00101a04 store:0x4416460d load:0x3f7d1f60
           1680	       836	00101074	a0042083	lw	x1,-1536(x8)	  x8:0x00102000  x1=0x3f7d1f60 PA:0x00101a00 store:0x00000000
           1682	       837	00101078	d007f5d3	fcvt.s.w	f11,x15	 x15:0x00000002 f11=0x40000000
           1684	       838	0010107c	9fc92803	lw	x16,-1540(x18)	 x18:0x00102000 x16=0x3ffe8fb0 PA:0x001019fc store:0x441606c5
           1686	       839	00101080	00178893	addi	x17,x15,1	 x15:0x00000002 x17=0x00000003
           1694	       843	00101084	a044a603	lw	x12,-1532(x9)	  x9:0x00102000 x12=0x4416460d PA:0x00101a04 store:0x00000000
           1696	       844	00101088	8015fac3	fmadd.s	f21,f11,f1,f16	 f11:0x40000000  f1:0x3f7d1f60 f16:0x40000000 f21=0x407e8fb0
           1702	       847	0010108c	a0042b03	lw	x22,-1536(x8)	  x8:0x00102000 x22=0x3f7d1f60 PA:0x00101a00 store:0x00000000
           1704	       848	00101090	d008fbd3	fcvt.s.w	f23,x17	 x17:0x00000003 f23=0x40400000
           1710	       851	00101094	a0042c03	lw	x24,-1536(x8)	  x8:0x00102000 x24=0x3f7d1f60 PA:0x00101a00 store:0x00000000
           1712	       852	00101098	01667cd3	fadd.s	f25,f12,f22	 f12:0x4416460d f22:0x3f7d1f60 f25=0x44168555
           1714	       853	0010109c	9f592e23	sw	x21,-1540(x18)	 x18:0x00102000 x21:0x407e8fb0 PA:0x001019fc store:0x407e8fb0 load:0x3f7d1f60
           1716	       854	001010a0	9fc92d03	lw	x26,-1540(x18)	 x18:0x00102000 x26=0x407e8fb0 PA:0x001019fc store:0x441606c5
           1724	       858	001010a4	00278e13	addi	x28,x15,2	 x15:0x00000002 x28=0x00000004
           1726	       859	001010a8	d00e7ed3	fcvt.s.w	f29,x28	 x28:0x00000004 f29=0x40800000
           1728	       860	001010ac	d18bff43	fmadd.s	f30,f23,f24,f26	 f23:0x40400000 f24:0x3f7d1f60 f26:0x40400000 f30=0x40beebc4
           1730	       861	001010b0	a194a223	sw	x25,-1532(x9)	  x9:0x00102000 x25:0x44168555 PA:0x00101a04 store:0x44168555 load:0x407e8fb0
           1732	       862	001010b4	a044af83	lw	x31,-1532(x9)	  x9:0x00102000 x31=0x44168555 PA:0x00101a04 store:0x00000000
           1736	       864	001010b8	a0042503	lw	x10,-1536(x8)	  x8:0x00102000 x10=0x3f7d1f60 PA:0x00101a00 store:0x00000000
           1740	       866	001010bc	a0042683	lw	x13,-1536(x8)	  x8:0x00102000 x13=0x3f7d1f60 PA:0x00101a00 store:0x00000000
           1744	       868	001010c0	9fe92e23	sw	x30,-1540(x18)	 x18:0x00102000 x30:0x40beebc4 PA:0x001019fc store:0x40beebc4 load:0x3f7d1f60
           1754	       873	001010c4	9fc92283	lw	x5,-1540(x18)	 x18:0x00102000  x5=0x40beebc4 PA:0x001019fc store:0x00000004
           1756	       874	001010c8	00aff3d3	fadd.s	f7,f31,f10	 f31:0x44168555 f10:0x3f7d1f60  f7=0x4416c49d
           1760	       876	001010cc	00378713	addi	x14,x15,3	 x15:0x00000002 x14=0x00000005
           1762	       877	001010d0	28def0c3	fmadd.s	f1,f29,f13,f5	 f29:0x40800000 f13:0x3f7d1f60  f5:0x40800000  f1=0x40fe8fb0
           1764	       878	001010d4	d00775d3	fcvt.s.w	f11,x14	 x14:0x00000005 f11=0x40a00000
           1766	       879	001010d8	00478613	addi	x12,x15,4	 x15:0x00000002 x12=0x00000006
           1768	       880	001010dc	a074a223	sw	x7,-1532(x9)	  x9:0x00102000  x7:0x4416c49d PA:0x00101a04 store:0x4416c49d load:0x40beebc4
           1770	       881	001010e0	a044aa83	lw	x21,-1532(x9)	  x9:0x00102000 x21=0x4416c49d PA:0x00101a04 store:0x00000000
           1774	       883	001010e4	9e192e23	sw	x1,-1540(x18)	 x18:0x00102000  x1:0x40fe8fb0 PA:0x001019fc store:0x40fe8fb0 load:0x4416c49d
           1778	       885	001010e8	a0042883	lw	x17,-1536(x8)	  x8:0x00102000 x17=0x3f7d1f60 PA:0x00101a00 store:0x00000000
           1782	       887	001010ec	a0042803	lw	x16,-1536(x8)	  x8:0x00102000 x16=0x3f7d1f60 PA:0x00101a00 store:0x00000000
           1792	       892	001010f0	9fc92b03	lw	x22,-1540(x18)	 x18:0x00102000 x22=0x40fe8fb0 PA:0x001019fc store:0x00000004
           1794	       893	001010f4	011afbd3	fadd.s	f23,f21,f17	 f21:0x4416c49d f17:0x3f7d1f60 f23=0x441703e5
           1796	       894	001010f8	d0067c53	fcvt.s.w	f24,x12	 x12:0x00000006 f24=0x40c00000
           1798	       895	001010fc	b105fcc3	fmadd.s	f25,f11,f16,f22	 f11:0x40a00000 f16:0x3f7d1f60 f22:0x40a00000 f25=0x411f19ce
           1802	       897	00101100	00578d13	addi	x26,x15,5	 x15:0x00000002 x26=0x00000007
           1804	       898	00101104	d00d7e53	fcvt.s.w	f28,x26	 x26:0x00000007 f28=0x40e00000
           1806	       899	00101108	a174a223	sw	x23,-1532(x9)	  x9:0x00102000 x23:0x441703e5 PA:0x00101a04 store:0x441703e5 load:0x40fe8fb0
           1808	       900	0010110c	a044ae83	lw	x29,-1532(x9)	  x9:0x00102000 x29=0x441703e5 PA:0x00101a04 store:0x00000000
           1812	       902	00101110	9f992e23	sw	x25,-1540(x18)	 x18:0x00102000 x25:0x411f19ce PA:0x001019fc store:0x411f19ce load:0x441703e5
           1816	       904	00101114	a0042f03	lw	x30,-1536(x8)	  x8:0x00102000 x30=0x3f7d1f60 PA:0x00101a00 store:0x00000000
           1820	       906	00101118	a0042f83	lw	x31,-1536(x8)	  x8:0x00102000 x31=0x3f7d1f60 PA:0x00101a00 store:0x00000000
           1830	       911	0010111c	9fc92683	lw	x13,-1540(x18)	 x18:0x00102000 x13=0x411f19ce PA:0x001019fc store:0x40e00000
           1832	       912	00101120	01eef553	fadd.s	f10,f29,f30	 f29:0x441703e5 f30:0x3f7d1f60 f10=0x4417432d
           1836	       914	00101124	00678293	addi	x5,x15,6	 x15:0x00000002  x5=0x00000008
           1838	       915	00101128	69fc73c3	fmadd.s	f7,f24,f31,f13	 f24:0x40c00000 f31:0x3f7d1f60 f13:0x40c00000  f7=0x413eebc4
           1840	       916	0010112c	d002f753	fcvt.s.w	f14,x5	  x5:0x00000008 f14=0x41000000
           1842	       917	00101130	00778793	addi	x15,x15,7	 x15:0x00000002 x15=0x00000009
           1844	       918	00101134	a0a4a223	sw	x10,-1532(x9)	  x9:0x00102000 x10:0x4417432d PA:0x00101a04 store:0x4417432d load:0x411f19ce
           1846	       919	00101138	a044a083	lw	x1,-1532(x9)	  x9:0x00102000  x1=0x4417432d PA:0x00101a04 store:0x00000000
           1850	       921	0010113c	9e792e23	sw	x7,-1540(x18)	 x18:0x00102000  x7:0x413eebc4 PA:0x001019fc store:0x413eebc4 load:0x4417432d
           1854	       923	00101140	a0042583	lw	x11,-1536(x8)	  x8:0x00102000 x11=0x3f7d1f60 PA:0x00101a00 store:0x00000000
           1858	       925	00101144	a0042a83	lw	x21,-1536(x8)	  x8:0x00102000 x21=0x3f7d1f60 PA:0x00101a00 store:0x00000000
           1868	       930	00101148	9fc92883	lw	x17,-1540(x18)	 x18:0x00102000 x17=0x413eebc4 PA:0x001019fc store:0x40e00000
           1870	       931	0010114c	00b0f653	fadd.s	f12,f1,f11	  f1:0x4417432d f11:0x3f7d1f60 f12=0x44178275
           1872	       932	00101150	895e7843	fmadd.s	f16,f28,f21,f17	 f28:0x40e00000 f21:0x3f7d1f60 f17:0x40e00000 f16=0x415ebdba
           1874	       933	00101154	a0c4a223	sw	x12,-1532(x9)	  x9:0x00102000 x12:0x44178275 PA:0x00101a04 store:0x44178275 load:0x413eebc4
           1876	       934	00101158	9f092e23	sw	x16,-1540(x18)	 x18:0x00102000 x16:0x415ebdba PA:0x001019fc store:0x415ebdba load:0x413eebc4
           1880	       936	0010115c	a044ab03	lw	x22,-1532(x9)	  x9:0x00102000 x22=0x44178275 PA:0x00101a04 store:0x00000000
           1884	       938	00101160	a0042b83	lw	x23,-1536(x8)	  x8:0x00102000 x23=0x3f7d1f60 PA:0x00101a00 store:0x00000000
           1888	       940	00101164	a0042c03	lw	x24,-1536(x8)	  x8:0x00102000 x24=0x3f7d1f60 PA:0x00101a00 store:0x00000000
           1898	       945	00101168	9fc92c83	lw	x25,-1540(x18)	 x18:0x00102000 x25=0x415ebdba PA:0x001019fc store:0x40e00000
           1900	       946	0010116c	017b7d53	fadd.s	f26,f22,f23	 f22:0x44178275 f23:0x3f7d1f60 f26=0x4417c1bd
           1902	       947	00101170	c9877e43	fmadd.s	f28,f14,f24,f25	 f14:0x41000000 f24:0x3f7d1f60 f25:0x41000000 f28=0x417e8fb0
           1904	       948	00101174	a1a4a223	sw	x26,-1532(x9)	  x9:0x00102000 x26:0x4417c1bd PA:0x00101a04 store:0x4417c1bd load:0x415ebdba
           1906	       949	00101178	a044ae83	lw	x29,-1532(x9)	  x9:0x00102000 x29=0x4417c1bd PA:0x00101a04 store:0x00000000
           1910	       951	0010117c	a0042f03	lw	x30,-1536(x8)	  x8:0x00102000 x30=0x3f7d1f60 PA:0x00101a00 store:0x00000000
           1920	       956	00101180	9fc92e23	sw	x28,-1540(x18)	 x18:0x00102000 x28:0x417e8fb0 PA:0x001019fc store:0x417e8fb0 load:0x3f7d1f60
           1922	       957	00101184	01eeffd3	fadd.s	f31,f29,f30	 f29:0x4417c1bd f30:0x3f7d1f60 f31=0x44180105
           1924	       958	00101188	a1f4a223	sw	x31,-1532(x9)	  x9:0x00102000 x31:0x44180105 PA:0x00101a04 store:0x44180105 load:0x3f7d1f60
           1926	       959	0010118c	ee6794e3	bne	x15,x6,101074	 x15:0x00000009  x6:0x00000064
           1938	       965	00101074	a0042083	lw	x1,-1536(x8)	  x8:0x00102000  x1=0x3f7d1f60 PA:0x00101a00 store:0x00000000
           1940	       966	00101078	d007f5d3	fcvt.s.w	f11,x15	 x15:0x00000009 f11=0x41100000
           1942	       967	0010107c	9fc92803	lw	x16,-1540(x18)	 x18:0x00102000 x16=0x417e8fb0 PA:0x001019fc store:0x417e8fb0
           1944	       968	00101080	00178893	addi	x17,x15,1	 x15:0x00000009 x17=0x0000000a
           1952	       972	00101084	a044a603	lw	x12,-1532(x9)	  x9:0x00102000 x12=0x44180105 PA:0x00101a04 store:0x00000000
           1954	       973	00101088	8015fac3	fmadd.s	f21,f11,f1,f16	 f11:0x41100000  f1:0x3f7d1f60 f16:0x41100000 f21=0x418f30d3
           1960	       976	0010108c	a0042b03	lw	x22,-1536(x8)	  x8:0x00102000 x22=0x3f7d1f60 PA:0x00101a00 store:0x00000000
           1962	       977	00101090	d008fbd3	fcvt.s.w	f23,x17	 x17:0x0000000a f23=0x41200000
           1968	       980	00101094	a0042c03	lw	x24,-1536(x8)	  x8:0x00102000 x24=0x3f7d1f60 PA:0x00101a00 store:0x00000000
           1970	       981	00101098	01667cd3	fadd.s	f25,f12,f22	 f12:0x44180105 f22:0x3f7d1f60 f25=0x4418404d
           1972	       982	0010109c	9f592e23	sw	x21,-1540(x18)	 x18:0x00102000 x21:0x418f30d3 PA:0x001019fc store:0x418f30d3 load:0x3f7d1f60
           1974	       983	001010a0	9fc92d03	lw	x26,-1540(x18)	 x18:0x00102000 x26=0x418f30d3 PA:0x001019fc store:0x417e8fb0
           1982	       987	001010a4	00278e13	addi	x28,x15,2	 x15:0x00000009 x28=0x0000000b
           1984	       988	001010a8	d00e7ed3	fcvt.s.w	f29,x28	 x28:0x0000000b f29=0x41300000
           1986	       989	001010ac	d18bff43	fmadd.s	f30,f23,f24,f26	 f23:0x41200000 f24:0x3f7d1f60 f26:0x41200000 f30=0x419f19ce
           1988	       990	001010b0	a194a223	sw	x25,-1532(x9)	  x9:0x00102000 x25:0x4418404d PA:0x00101a04 store:0x4418404d load:0x418f30d3
           1990	       991	001010b4	a044af83	lw	x31,-1532(x9)	  x9:0x00102000 x31=0x4418404d PA:0x00101a04 store:0x00000000
           1994	       993	001010b8	a0042503	lw	x10,-1536(x8)	  x8:0x00102000 x10=0x3f7d1f60 PA:0x00101a00 store:0x00000000
           1998	       995	001010bc	a0042683	lw	x13,-1536(x8)	  x8:0x00102000 x13=0x3f7d1f60 PA:0x00101a00 store:0x00000000
           2002	       997	001010c0	9fe92e23	sw	x30,-1540(x18)	 x18:0x00102000 x30:0x419f19ce PA:0x001019fc store:0x419f19ce load:0x3f7d1f60
           2012	      1002	001010c4	9fc92283	lw	x5,-1540(x18)	 x18:0x00102000  x5=0x419f19ce PA:0x001019fc store:0x0000000b
           2014	      1003	001010c8	00aff3d3	fadd.s	f7,f31,f10	 f31:0x4418404d f10:0x3f7d1f60  f7=0x44187f95
           2018	      1005	001010cc	00378713	addi	x14,x15,3	 x15:0x00000009 x14=0x0000000c
           2020	      1006	001010d0	28def0c3	fmadd.s	f1,f29,f13,f5	 f29:0x41300000 f13:0x3f7d1f60  f5:0x41300000  f1=0x41af02c9
           2022	      1007	001010d4	d00775d3	fcvt.s.w	f11,x14	 x14:0x0000000c f11=0x41400000
           2024	      1008	001010d8	00478613	addi	x12,x15,4	 x15:0x00000009 x12=0x0000000d
           2026	      1009	001010dc	a074a223	sw	x7,-1532(x9)	  x9:0x00102000  x7:0x44187f95 PA:0x00101a04 store:0x44187f95 load:0x419f19ce
           2028	      1010	001010e0	a044aa83	lw	x21,-1532(x9)	  x9:0x00102000 x21=0x44187f95 PA:0x00101a04 store:0x00000000
           2032	      1012	001010e4	9e192e23	sw	x1,-1540(x18)	 x18:0x00102000  x1:0x41af02c9 PA:0x001019fc store:0x41af02c9 load:0x44187f95
           2036	      1014	001010e8	a0042883	lw	x17,-1536(x8)	  x8:0x00102000 x17=0x3f7d1f60 PA:0x00101a00 store:0x00000000
           2040	      1016	001010ec	a0042803	lw	x16,-1536(x8)	  x8:0x00102000 x16=0x3f7d1f60 PA:0x00101a00 store:0x00000000
           2050	      1021	001010f0	9fc92b03	lw	x22,-1540(x18)	 x18:0x00102000 x22=0x41af02c9 PA:0x001019fc store:0x0000000b
           2052	      1022	001010f4	011afbd3	fadd.s	f23,f21,f17	 f21:0x44187f95 f17:0x3f7d1f60 f23=0x4418bedd
           2054	      1023	001010f8	d0067c53	fcvt.s.w	f24,x12	 x12:0x0000000d f24=0x41500000
           2056	      1024	001010fc	b105fcc3	fmadd.s	f25,f11,f16,f22	 f11:0x41400000 f16:0x3f7d1f60 f22:0x41400000 f25=0x41beebc4
           2060	      1026	00101100	00578d13	addi	x26,x15,5	 x15:0x00000009 x26=0x0000000e
           2062	      1027	00101104	d00d7e53	fcvt.s.w	f28,x26	 x26:0x0000000e f28=0x41600000
           2064	      1028	00101108	a174a223	sw	x23,-1532(x9)	  x9:0x00102000 x23:0x4418bedd PA:0x00101a04 store:0x4418bedd load:0x41af02c9
           2066	      1029	0010110c	a044ae83	lw	x29,-1532(x9)	  x9:0x00102000 x29=0x4418bedd PA:0x00101a04 store:0x00000000
           2070	      1031	00101110	9f992e23	sw	x25,-1540(x18)	 x18:0x00102000 x25:0x41beebc4 PA:0x001019fc store:0x41beebc4 load:0x4418bedd
           2074	      1033	00101114	a0042f03	lw	x30,-1536(x8)	  x8:0x00102000 x30=0x3f7d1f60 PA:0x00101a00 store:0x00000000
           2078	      1035	00101118	a0042f83	lw	x31,-1536(x8)	  x8:0x00102000 x31=0x3f7d1f60 PA:0x00101a00 store:0x00000000
           2088	      1040	0010111c	9fc92683	lw	x13,-1540(x18)	 x18:0x00102000 x13=0x41beebc4 PA:0x001019fc store:0x41600000
           2090	      1041	00101120	01eef553	fadd.s	f10,f29,f30	 f29:0x4418bedd f30:0x3f7d1f60 f10=0x4418fe25
           2094	      1043	00101124	00678293	addi	x5,x15,6	 x15:0x00000009  x5=0x0000000f
           2096	      1044	00101128	69fc73c3	fmadd.s	f7,f24,f31,f13	 f24:0x41500000 f31:0x3f7d1f60 f13:0x41500000  f7=0x41ced4bf
           2098	      1045	0010112c	d002f753	fcvt.s.w	f14,x5	  x5:0x0000000f f14=0x41700000
           2100	      1046	00101130	00778793	addi	x15,x15,7	 x15:0x00000009 x15=0x00000010
           2102	      1047	00101134	a0a4a223	sw	x10,-1532(x9)	  x9:0x00102000 x10:0x4418fe25 PA:0x00101a04 store:0x4418fe25 load:0x41beebc4
           2104	      1048	00101138	a044a083	lw	x1,-1532(x9)	  x9:0x00102000  x1=0x4418fe25 PA:0x00101a04 store:0x00000000
           2108	      1050	0010113c	9e792e23	sw	x7,-1540(x18)	 x18:0x00102000  x7:0x41ced4bf PA:0x001019fc store:0x41ced4bf load:0x4418fe25
           2112	      1052	00101140	a0042583	lw	x11,-1536(x8)	  x8:0x00102000 x11=0x3f7d1f60 PA:0x00101a00 store:0x00000000
           2116	      1054	00101144	a0042a83	lw	x21,-1536(x8)	  x8:0x00102000 x21=0x3f7d1f60 PA:0x00101a00 store:0x00000000
           2126	      1059	00101148	9fc92883	lw	x17,-1540(x18)	 x18:0x00102000 x17=0x41ced4bf PA:0x001019fc store:0x41600000
           2128	      1060	0010114c	00b0f653	fadd.s	f12,f1,f11	  f1:0x4418fe25 f11:0x3f7d1f60 f12=0x44193d6d
           2130	      1061	00101150	895e7843	fmadd.s	f16,f28,f21,f17	 f28:0x41600000 f21:0x3f7d1f60 f17:0x41600000 f16=0x41debdba
           2132	      1062	00101154	a0c4a223	sw	x12,-1532(x9)	  x9:0x00102000 x12:0x44193d6d PA:0x00101a04 store:0x44193d6d load:0x41ced4bf
           2134	      1063	00101158	9f092e23	sw	x16,-1540(x18)	 x18:0x00102000 x16:0x41debdba PA:0x001019fc store:0x41debdba load:0x41ced4bf
           2138	      1065	0010115c	a044ab03	lw	x22,-1532(x9)	  x9:0x00102000 x22=0x44193d6d PA:0x00101a04 store:0x00000000
           2142	      1067	00101160	a0042b83	lw	x23,-1536(x8)	  x8:0x00102000 x23=0x3f7d1f60 PA:0x00101a00 store:0x00000000
           2146	      1069	00101164	a0042c03	lw	x24,-1536(x8)	  x8:0x00102000 x24=0x3f7d1f60 PA:0x00101a00 store:0x00000000
           2156	      1074	00101168	9fc92c83	lw	x25,-1540(x18)	 x18:0x00102000 x25=0x41debdba PA:0x001019fc store:0x41600000
           2158	      1075	0010116c	017b7d53	fadd.s	f26,f22,f23	 f22:0x44193d6d f23:0x3f7d1f60 f26=0x44197cb5
           2160	      1076	00101170	c9877e43	fmadd.s	f28,f14,f24,f25	 f14:0x41700000 f24:0x3f7d1f60 f25:0x41700000 f28=0x41eea6b5
           2162	      1077	00101174	a1a4a223	sw	x26,-1532(x9)	  x9:0x00102000 x26:0x44197cb5 PA:0x00101a04 store:0x44197cb5 load:0x41debdba
           2164	      1078	00101178	a044ae83	lw	x29,-1532(x9)	  x9:0x00102000 x29=0x44197cb5 PA:0x00101a04 store:0x00000000
           2168	      1080	0010117c	a0042f03	lw	x30,-1536(x8)	  x8:0x00102000 x30=0x3f7d1f60 PA:0x00101a00 store:0x00000000
           2178	      1085	00101180	9fc92e23	sw	x28,-1540(x18)	 x18:0x00102000 x28:0x41eea6b5 PA:0x001019fc store:0x41eea6b5 load:0x3f7d1f60
           2180	      1086	00101184	01eeffd3	fadd.s	f31,f29,f30	 f29:0x44197cb5 f30:0x3f7d1f60 f31=0x4419bbfd
           2182	      1087	00101188	a1f4a223	sw	x31,-1532(x9)	  x9:0x00102000 x31:0x4419bbfd PA:0x00101a04 store:0x4419bbfd load:0x3f7d1f60
           2184	      1088	0010118c	ee6794e3	bne	x15,x6,101074	 x15:0x00000010  x6:0x00000064
           2196	      1094	00101074	a0042083	lw	x1,-1536(x8)	  x8:0x00102000  x1=0x3f7d1f60 PA:0x00101a00 store:0x00000000
           2198	      1095	00101078	d007f5d3	fcvt.s.w	f11,x15	 x15:0x00000010 f11=0x41800000
           2200	      1096	0010107c	9fc92803	lw	x16,-1540(x18)	 x18:0x00102000 x16=0x41eea6b5 PA:0x001019fc store:0x41eea6b5
           2202	      1097	00101080	00178893	addi	x17,x15,1	 x15:0x00000010 x17=0x00000011
           2210	      1101	00101084	a044a603	lw	x12,-1532(x9)	  x9:0x00102000 x12=0x4419bbfd PA:0x00101a04 store:0x00000000
           2212	      1102	00101088	8015fac3	fmadd.s	f21,f11,f1,f16	 f11:0x41800000  f1:0x3f7d1f60 f16:0x41800000 f21=0x41fe8fb0
           2218	      1105	0010108c	a0042b03	lw	x22,-1536(x8)	  x8:0x00102000 x22=0x3f7d1f60 PA:0x00101a00 store:0x00000000
           2220	      1106	00101090	d008fbd3	fcvt.s.w	f23,x17	 x17:0x00000011 f23=0x41880000
           2226	      1109	00101094	a0042c03	lw	x24,-1536(x8)	  x8:0x00102000 x24=0x3f7d1f60 PA:0x00101a00 store:0x00000000
           2228	      1110	00101098	01667cd3	fadd.s	f25,f12,f22	 f12:0x4419bbfd f22:0x3f7d1f60 f25=0x4419fb45
           2230	      1111	0010109c	9f592e23	sw	x21,-1540(x18)	 x18:0x00102000 x21:0x41fe8fb0 PA:0x001019fc store:0x41fe8fb0 load:0x3f7d1f60
           2232	      1112	001010a0	9fc92d03	lw	x26,-1540(x18)	 x18:0x00102000 x26=0x41fe8fb0 PA:0x001019fc store:0x41eea6b5
           2240	      1116	001010a4	00278e13	addi	x28,x15,2	 x15:0x00000010 x28=0x00000012
           2242	      1117	001010a8	d00e7ed3	fcvt.s.w	f29,x28	 x28:0x00000012 f29=0x41900000
           2244	      1118	001010ac	d18bff43	fmadd.s	f30,f23,f24,f26	 f23:0x41880000 f24:0x3f7d1f60 f26:0x41880000 f30=0x42073c56
           2246	      1119	001010b0	a194a223	sw	x25,-1532(x9)	  x9:0x00102000 x25:0x4419fb45 PA:0x00101a04 store:0x4419fb45 load:0x41fe8fb0
           2248	      1120	001010b4	a044af83	lw	x31,-1532(x9)	  x9:0x00102000 x31=0x4419fb45 PA:0x00101a04 store:0x00000000
           2252	      1122	001010b8	a0042503	lw	x10,-1536(x8)	  x8:0x00102000 x10=0x3f7d1f60 PA:0x00101a00 store:0x00000000
           2256	      1124	001010bc	a0042683	lw	x13,-1536(x8)	  x8:0x00102000 x13=0x3f7d1f60 PA:0x00101a00 store:0x00000000
           2260	      1126	001010c0	9fe92e23	sw	x30,-1540(x18)	 x18:0x00102000 x30:0x42073c56 PA:0x001019fc store:0x42073c56 load:0x3f7d1f60
           2270	      1131	001010c4	9fc92283	lw	x5,-1540(x18)	 x18:0x00102000  x5=0x42073c56 PA:0x001019fc store:0x00000012
           2272	      1132	001010c8	00aff3d3	fadd.s	f7,f31,f10	 f31:0x4419fb45 f10:0x3f7d1f60  f7=0x441a3a8d
           2276	      1134	001010cc	00378713	addi	x14,x15,3	 x15:0x00000010 x14=0x00000013
           2278	      1135	001010d0	28def0c3	fmadd.s	f1,f29,f13,f5	 f29:0x41900000 f13:0x3f7d1f60  f5:0x41900000  f1=0x420f30d3
           2280	      1136	001010d4	d00775d3	fcvt.s.w	f11,x14	 x14:0x00000013 f11=0x41980000
           2282	      1137	001010d8	00478613	addi	x12,x15,4	 x15:0x00000010 x12=0x00000014
           2284	      1138	001010dc	a074a223	sw	x7,-1532(x9)	  x9:0x00102000  x7:0x441a3a8d PA:0x00101a04 store:0x441a3a8d load:0x42073c56
           2286	      1139	001010e0	a044aa83	lw	x21,-1532(x9)	  x9:0x00102000 x21=0x441a3a8d PA:0x00101a04 store:0x00000000
           2290	      1141	001010e4	9e192e23	sw	x1,-1540(x18)	 x18:0x00102000  x1:0x420f30d3 PA:0x001019fc store:0x420f30d3 load:0x441a3a8d
           2294	      1143	001010e8	a0042883	lw	x17,-1536(x8)	  x8:0x00102000 x17=0x3f7d1f60 PA:0x00101a00 store:0x00000000
           2298	      1145	001010ec	a0042803	lw	x16,-1536(x8)	  x8:0x00102000 x16=0x3f7d1f60 PA:0x00101a00 store:0x00000000
           2308	      1150	001010f0	9fc92b03	lw	x22,-1540(x18)	 x18:0x00102000 x22=0x420f30d3 PA:0x001019fc store:0x00000012
           2310	      1151	001010f4	011afbd3	fadd.s	f23,f21,f17	 f21:0x441a3a8d f17:0x3f7d1f60 f23=0x441a79d5
           2312	      1152	001010f8	d0067c53	fcvt.s.w	f24,x12	 x12:0x00000014 f24=0x41a00000
           2314	      1153	001010fc	b105fcc3	fmadd.s	f25,f11,f16,f22	 f11:0x41980000 f16:0x3f7d1f60 f22:0x41980000 f25=0x42172550
           2318	      1155	00101100	00578d13	addi	x26,x15,5	 x15:0x00000010 x26=0x00000015
           2320	      1156	00101104	d00d7e53	fcvt.s.w	f28,x26	 x26:0x00000015 f28=0x41a80000
           2322	      1157	00101108	a174a223	sw	x23,-1532(x9)	  x9:0x00102000 x23:0x441a79d5 PA:0x00101a04 store:0x441a79d5 load:0x420f30d3
           2324	      1158	0010110c	a044ae83	lw	x29,-1532(x9)	  x9:0x00102000 x29=0x441a79d5 PA:0x00101a04 store:0x00000000
           2328	      1160	00101110	9f992e23	sw	x25,-1540(x18)	 x18:0x00102000 x25:0x42172550 PA:0x001019fc store:0x42172550 load:0x441a79d5
           2332	      1162	00101114	a0042f03	lw	x30,-1536(x8)	  x8:0x00102000 x30=0x3f7d1f60 PA:0x00101a00 store:0x00000000
           2336	      1164	00101118	a0042f83	lw	x31,-1536(x8)	  x8:0x00102000 x31=0x3f7d1f60 PA:0x00101a00 store:0x00000000
           2346	      1169	0010111c	9fc92683	lw	x13,-1540(x18)	 x18:0x00102000 x13=0x42172550 PA:0x001019fc store:0x41a80000
           2348	      1170	00101120	01eef553	fadd.s	f10,f29,f30	 f29:0x441a79d5 f30:0x3f7d1f60 f10=0x441ab91d
           2352	      1172	00101124	00678293	addi	x5,x15,6	 x15:0x00000010  x5=0x00000016
           2354	      1173	00101128	69fc73c3	fmadd.s	f7,f24,f31,f13	 f24:0x41a00000 f31:0x3f7d1f60 f13:0x41a00000  f7=0x421f19ce
           2356	      1174	0010112c	d002f753	fcvt.s.w	f14,x5	  x5:0x00000016 f14=0x41b00000
           2358	      1175	00101130	00778793	addi	x15,x15,7	 x15:0x00000010 x15=0x00000017
           2360	      1176	00101134	a0a4a223	sw	x10,-1532(x9)	  x9:0x00102000 x10:0x441ab91d PA:0x00101a04 store:0x441ab91d load:0x42172550
           2362	      1177	00101138	a044a083	lw	x1,-1532(x9)	  x9:0x00102000  x1=0x441ab91d PA:0x00101a04 store:0x00000000
           2366	      1179	0010113c	9e792e23	sw	x7,-1540(x18)	 x18:0x00102000  x7:0x421f19ce PA:0x001019fc store:0x421f19ce load:0x441ab91d
           2370	      1181	00101140	a0042583	lw	x11,-1536(x8)	  x8:0x00102000 x11=0x3f7d1f60 PA:0x00101a00 store:0x00000000
           2374	      1183	00101144	a0042a83	lw	x21,-1536(x8)	  x8:0x00102000 x21=0x3f7d1f60 PA:0x00101a00 store:0x00000000
           2384	      1188	00101148	9fc92883	lw	x17,-1540(x18)	 x18:0x00102000 x17=0x421f19ce PA:0x001019fc store:0x41a80000
           2386	      1189	0010114c	00b0f653	fadd.s	f12,f1,f11	  f1:0x441ab91d f11:0x3f7d1f60 f12=0x441af865
           2388	      1190	00101150	895e7843	fmadd.s	f16,f28,f21,f17	 f28:0x41a80000 f21:0x3f7d1f60 f17:0x41a80000 f16=0x42270e4c
           2390	      1191	00101154	a0c4a223	sw	x12,-1532(x9)	  x9:0x00102000 x12:0x441af865 PA:0x00101a04 store:0x441af865 load:0x421f19ce
           2392	      1192	00101158	9f092e23	sw	x16,-1540(x18)	 x18:0x00102000 x16:0x42270e4c PA:0x001019fc store:0x42270e4c load:0x421f19ce
           2396	      1194	0010115c	a044ab03	lw	x22,-1532(x9)	  x9:0x00102000 x22=0x441af865 PA:0x00101a04 store:0x00000000
           2400	      1196	00101160	a0042b83	lw	x23,-1536(x8)	  x8:0x00102000 x23=0x3f7d1f60 PA:0x00101a00 store:0x00000000
           2404	      1198	00101164	a0042c03	lw	x24,-1536(x8)	  x8:0x00102000 x24=0x3f7d1f60 PA:0x00101a00 store:0x00000000
           2414	      1203	00101168	9fc92c83	lw	x25,-1540(x18)	 x18:0x00102000 x25=0x42270e4c PA:0x001019fc store:0x41a80000
           2416	      1204	0010116c	017b7d53	fadd.s	f26,f22,f23	 f22:0x441af865 f23:0x3f7d1f60 f26=0x441b37ad
           2418	      1205	00101170	c9877e43	fmadd.s	f28,f14,f24,f25	 f14:0x41b00000 f24:0x3f7d1f60 f25:0x41b00000 f28=0x422f02c9
           2420	      1206	00101174	a1a4a223	sw	x26,-1532(x9)	  x9:0x00102000 x26:0x441b37ad PA:0x00101a04 store:0x441b37ad load:0x42270e4c
           2422	      1207	00101178	a044ae83	lw	x29,-1532(x9)	  x9:0x00102000 x29=0x441b37ad PA:0x00101a04 store:0x00000000
           2426	      1209	0010117c	a0042f03	lw	x30,-1536(x8)	  x8:0x00102000 x30=0x3f7d1f60 PA:0x00101a00 store:0x00000000
           2436	      1214	00101180	9fc92e23	sw	x28,-1540(x18)	 x18:0x00102000 x28:0x422f02c9 PA:0x001019fc store:0x422f02c9 load:0x3f7d1f60
           2438	      1215	00101184	01eeffd3	fadd.s	f31,f29,f30	 f29:0x441b37ad f30:0x3f7d1f60 f31=0x441b76f5
           2440	      1216	00101188	a1f4a223	sw	x31,-1532(x9)	  x9:0x00102000 x31:0x441b76f5 PA:0x00101a04 store:0x441b76f5 load:0x3f7d1f60
           2442	      1217	0010118c	ee6794e3	bne	x15,x6,101074	 x15:0x00000017  x6:0x00000064
           2454	      1223	00101074	a0042083	lw	x1,-1536(x8)	  x8:0x00102000  x1=0x3f7d1f60 PA:0x00101a00 store:0x00000000
           2456	      1224	00101078	d007f5d3	fcvt.s.w	f11,x15	 x15:0x00000017 f11=0x41b80000
           2458	      1225	0010107c	9fc92803	lw	x16,-1540(x18)	 x18:0x00102000 x16=0x422f02c9 PA:0x001019fc store:0x422f02c9
           2460	      1226	00101080	00178893	addi	x17,x15,1	 x15:0x00000017 x17=0x00000018
           2468	      1230	00101084	a044a603	lw	x12,-1532(x9)	  x9:0x00102000 x12=0x441b76f5 PA:0x00101a04 store:0x00000000
           2470	      1231	00101088	8015fac3	fmadd.s	f21,f11,f1,f16	 f11:0x41b80000  f1:0x3f7d1f60 f16:0x41b80000 f21=0x4236f746
           2476	      1234	0010108c	a0042b03	lw	x22,-1536(x8)	  x8:0x00102000 x22=0x3f7d1f60 PA:0x00101a00 store:0x00000000
           2478	      1235	00101090	d008fbd3	fcvt.s.w	f23,x17	 x17:0x00000018 f23=0x41c00000
           2484	      1238	00101094	a0042c03	lw	x24,-1536(x8)	  x8:0x00102000 x24=0x3f7d1f60 PA:0x00101a00 store:0x00000000
           2486	      1239	00101098	01667cd3	fadd.s	f25,f12,f22	 f12:0x441b76f5 f22:0x3f7d1f60 f25=0x441bb63d
           2488	      1240	0010109c	9f592e23	sw	x21,-1540(x18)	 x18:0x00102000 x21:0x4236f746 PA:0x001019fc store:0x4236f746 load:0x3f7d1f60
           2490	      1241	001010a0	9fc92d03	lw	x26,-1540(x18)	 x18:0x00102000 x26=0x4236f746 PA:0x001019fc store:0x422f02c9
           2498	      1245	001010a4	00278e13	addi	x28,x15,2	 x15:0x00000017 x28=0x00000019
           2500	      1246	001010a8	d00e7ed3	fcvt.s.w	f29,x28	 x28:0x00000019 f29=0x41c80000
           2502	      1247	001010ac	d18bff43	fmadd.s	f30,f23,f24,f26	 f23:0x41c00000 f24:0x3f7d1f60 f26:0x41c00000 f30=0x423eebc4
           2504	      1248	001010b0	a194a223	sw	x25,-1532(x9)	  x9:0x00102000 x25:0x441bb63d PA:0x00101a04 store:0x441bb63d load:0x4236f746
           2506	      1249	001010b4	a044af83	lw	x31,-1532(x9)	  x9:0x00102000 x31=0x441bb63d PA:0x00101a04 store:0x00000000
           2510	      1251	001010b8	a0042503	lw	x10,-1536(x8)	  x8:0x00102000 x10=0x3f7d1f60 PA:0x00101a00 store:0x00000000
           2514	      1253	001010bc	a0042683	lw	x13,-1536(x8)	  x8:0x00102000 x13=0x3f7d1f60 PA:0x00101a00 store:0x00000000
           2518	      1255	001010c0	9fe92e23	sw	x30,-1540(x18)	 x18:0x00102000 x30:0x423eebc4 PA:0x001019fc store:0x423eebc4 load:0x3f7d1f60
           2528	      1260	001010c4	9fc92283	lw	x5,-1540(x18)	 x18:0x00102000  x5=0x423eebc4 PA:0x001019fc store:0x00000019
           2530	      1261	001010c8	00aff3d3	fadd.s	f7,f31,f10	 f31:0x441bb63d f10:0x3f7d1f60  f7=0x441bf585
           2534	      1263	001010cc	00378713	addi	x14,x15,3	 x15:0x00000017 x14=0x0000001a
           2536	      1264	001010d0	28def0c3	fmadd.s	f1,f29,f13,f5	 f29:0x41c80000 f13:0x3f7d1f60  f5:0x41c80000  f1=0x4246e042
           2538	      1265	001010d4	d00775d3	fcvt.s.w	f11,x14	 x14:0x0000001a f11=0x41d00000
           2540	      1266	001010d8	00478613	addi	x12,x15,4	 x15:0x00000017 x12=0x0000001b
           2542	      1267	001010dc	a074a223	sw	x7,-1532(x9)	  x9:0x00102000  x7:0x441bf585 PA:0x00101a04 store:0x441bf585 load:0x423eebc4
           2544	      1268	001010e0	a044aa83	lw	x21,-1532(x9)	  x9:0x00102000 x21=0x441bf585 PA:0x00101a04 store:0x00000000
           2548	      1270	001010e4	9e192e23	sw	x1,-1540(x18)	 x18:0x00102000  x1:0x4246e042 PA:0x001019fc store:0x4246e042 load:0x441bf585
           2552	      1272	001010e8	a0042883	lw	x17,-1536(x8)	  x8:0x00102000 x17=0x3f7d1f60 PA:0x00101a00 store:0x00000000
           2556	      1274	001010ec	a0042803	lw	x16,-1536(x8)	  x8:0x00102000 x16=0x3f7d1f60 PA:0x00101a00 store:0x00000000
           2566	      1279	001010f0	9fc92b03	lw	x22,-1540(x18)	 x18:0x00102000 x22=0x4246e042 PA:0x001019fc store:0x00000019
           2568	      1280	001010f4	011afbd3	fadd.s	f23,f21,f17	 f21:0x441bf585 f17:0x3f7d1f60 f23=0x441c34cd
           2570	      1281	001010f8	d0067c53	fcvt.s.w	f24,x12	 x12:0x0000001b f24=0x41d80000
           2572	      1282	001010fc	b105fcc3	fmadd.s	f25,f11,f16,f22	 f11:0x41d00000 f16:0x3f7d1f60 f22:0x41d00000 f25=0x424ed4bf
           2576	      1284	00101100	00578d13	addi	x26,x15,5	 x15:0x00000017 x26=0x0000001c
           2578	      1285	00101104	d00d7e53	fcvt.s.w	f28,x26	 x26:0x0000001c f28=0x41e00000
           2580	      1286	00101108	a174a223	sw	x23,-1532(x9)	  x9:0x00102000 x23:0x441c34cd PA:0x00101a04 store:0x441c34cd load:0x4246e042
           2582	      1287	0010110c	a044ae83	lw	x29,-1532(x9)	  x9:0x00102000 x29=0x441c34cd PA:0x00101a04 store:0x00000000
           2586	      1289	00101110	9f992e23	sw	x25,-1540(x18)	 x18:0x00102000 x25:0x424ed4bf PA:0x001019fc store:0x424ed4bf load:0x441c34cd
           2590	      1291	00101114	a0042f03	lw	x30,-1536(x8)	  x8:0x00102000 x30=0x3f7d1f60 PA:0x00101a00 store:0x00000000
           2594	      1293	00101118	a0042f83	lw	x31,-1536(x8)	  x8:0x00102000 x31=0x3f7d1f60 PA:0x00101a00 store:0x00000000
           2604	      1298	0010111c	9fc92683	lw	x13,-1540(x18)	 x18:0x00102000 x13=0x424ed4bf PA:0x001019fc store:0x41e00000
           2606	      1299	00101120	01eef553	fadd.s	f10,f29,f30	 f29:0x441c34cd f30:0x3f7d1f60 f10=0x441c7415
           2610	      1301	00101124	00678293	addi	x5,x15,6	 x15:0x00000017  x5=0x0000001d
           2612	      1302	00101128	69fc73c3	fmadd.s	f7,f24,f31,f13	 f24:0x41d80000 f31:0x3f7d1f60 f13:0x41d80000  f7=0x4256c93c
           2614	      1303	0010112c	d002f753	fcvt.s.w	f14,x5	  x5:0x0000001d f14=0x41e80000
           2616	      1304	00101130	00778793	addi	x15,x15,7	 x15:0x00000017 x15=0x0000001e
           2618	      1305	00101134	a0a4a223	sw	x10,-1532(x9)	  x9:0x00102000 x10:0x441c7415 PA:0x00101a04 store:0x441c7415 load:0x424ed4bf
           2620	      1306	00101138	a044a083	lw	x1,-1532(x9)	  x9:0x00102000  x1=0x441c7415 PA:0x00101a04 store:0x00000000
           2624	      1308	0010113c	9e792e23	sw	x7,-1540(x18)	 x18:0x00102000  x7:0x4256c93c PA:0x001019fc store:0x4256c93c load:0x441c7415
           2628	      1310	00101140	a0042583	lw	x11,-1536(x8)	  x8:0x00102000 x11=0x3f7d1f60 PA:0x00101a00 store:0x00000000
           2632	      1312	00101144	a0042a83	lw	x21,-1536(x8)	  x8:0x00102000 x21=0x3f7d1f60 PA:0x00101a00 store:0x00000000
           2642	      1317	00101148	9fc92883	lw	x17,-1540(x18)	 x18:0x00102000 x17=0x4256c93c PA:0x001019fc store:0x41e00000
           2644	      1318	0010114c	00b0f653	fadd.s	f12,f1,f11	  f1:0x441c7415 f11:0x3f7d1f60 f12=0x441cb35d
           2646	      1319	00101150	895e7843	fmadd.s	f16,f28,f21,f17	 f28:0x41e00000 f21:0x3f7d1f60 f17:0x41e00000 f16=0x425ebdba
           2648	      1320	00101154	a0c4a223	sw	x12,-1532(x9)	  x9:0x00102000 x12:0x441cb35d PA:0x00101a04 store:0x441cb35d load:0x4256c93c
           2650	      1321	00101158	9f092e23	sw	x16,-1540(x18)	 x18:0x00102000 x16:0x425ebdba PA:0x001019fc store:0x425ebdba load:0x4256c93c
           2654	      1323	0010115c	a044ab03	lw	x22,-1532(x9)	  x9:0x00102000 x22=0x441cb35d PA:0x00101a04 store:0x00000000
           2658	      1325	00101160	a0042b83	lw	x23,-1536(x8)	  x8:0x00102000 x23=0x3f7d1f60 PA:0x00101a00 store:0x00000000
           2662	      1327	00101164	a0042c03	lw	x24,-1536(x8)	  x8:0x00102000 x24=0x3f7d1f60 PA:0x00101a00 store:0x00000000
           2672	      1332	00101168	9fc92c83	lw	x25,-1540(x18)	 x18:0x00102000 x25=0x425ebdba PA:0x001019fc store:0x41e00000
           2674	      1333	0010116c	017b7d53	fadd.s	f26,f22,f23	 f22:0x441cb35d f23:0x3f7d1f60 f26=0x441cf2a5
           2676	      1334	00101170	c9877e43	fmadd.s	f28,f14,f24,f25	 f14:0x41e80000 f24:0x3f7d1f60 f25:0x41e80000 f28=0x4266b238
           2678	      1335	00101174	a1a4a223	sw	x26,-1532(x9)	  x9:0x00102000 x26:0x441cf2a5 PA:0x00101a04 store:0x441cf2a5 load:0x425ebdba
           2680	      1336	00101178	a044ae83	lw	x29,-1532(x9)	  x9:0x00102000 x29=0x441cf2a5 PA:0x00101a04 store:0x00000000
           2684	      1338	0010117c	a0042f03	lw	x30,-1536(x8)	  x8:0x00102000 x30=0x3f7d1f60 PA:0x00101a00 store:0x00000000
           2694	      1343	00101180	9fc92e23	sw	x28,-1540(x18)	 x18:0x00102000 x28:0x4266b238 PA:0x001019fc store:0x4266b238 load:0x3f7d1f60
           2696	      1344	00101184	01eeffd3	fadd.s	f31,f29,f30	 f29:0x441cf2a5 f30:0x3f7d1f60 f31=0x441d31ed
           2698	      1345	00101188	a1f4a223	sw	x31,-1532(x9)	  x9:0x00102000 x31:0x441d31ed PA:0x00101a04 store:0x441d31ed load:0x3f7d1f60
           2700	      1346	0010118c	ee6794e3	bne	x15,x6,101074	 x15:0x0000001e  x6:0x00000064
           2712	      1352	00101074	a0042083	lw	x1,-1536(x8)	  x8:0x00102000  x1=0x3f7d1f60 PA:0x00101a00 store:0x00000000
           2714	      1353	00101078	d007f5d3	fcvt.s.w	f11,x15	 x15:0x0000001e f11=0x41f00000
           2716	      1354	0010107c	9fc92803	lw	x16,-1540(x18)	 x18:0x00102000 x16=0x4266b238 PA:0x001019fc store:0x4266b238
           2718	      1355	00101080	00178893	addi	x17,x15,1	 x15:0x0000001e x17=0x0000001f
           2726	      1359	00101084	a044a603	lw	x12,-1532(x9)	  x9:0x00102000 x12=0x441d31ed PA:0x00101a04 store:0x00000000
           2728	      1360	00101088	8015fac3	fmadd.s	f21,f11,f1,f16	 f11:0x41f00000  f1:0x3f7d1f60 f16:0x41f00000 f21=0x426ea6b5
           2734	      1363	0010108c	a0042b03	lw	x22,-1536(x8)	  x8:0x00102000 x22=0x3f7d1f60 PA:0x00101a00 store:0x00000000
           2736	      1364	00101090	d008fbd3	fcvt.s.w	f23,x17	 x17:0x0000001f f23=0x41f80000
           2742	      1367	00101094	a0042c03	lw	x24,-1536(x8)	  x8:0x00102000 x24=0x3f7d1f60 PA:0x00101a00 store:0x00000000
           2744	      1368	00101098	01667cd3	fadd.s	f25,f12,f22	 f12:0x441d31ed f22:0x3f7d1f60 f25=0x441d7135
           2746	      1369	0010109c	9f592e23	sw	x21,-1540(x18)	 x18:0x00102000 x21:0x426ea6b5 PA:0x001019fc store:0x426ea6b5 load:0x3f7d1f60
           2748	      1370	001010a0	9fc92d03	lw	x26,-1540(x18)	 x18:0x00102000 x26=0x426ea6b5 PA:0x001019fc store:0x4266b238
           2756	      1374	001010a4	00278e13	addi	x28,x15,2	 x15:0x0000001e x28=0x00000020
           2758	      1375	001010a8	d00e7ed3	fcvt.s.w	f29,x28	 x28:0x00000020 f29=0x42000000
           2760	      1376	001010ac	d18bff43	fmadd.s	f30,f23,f24,f26	 f23:0x41f80000 f24:0x3f7d1f60 f26:0x41f80000 f30=0x42769b32
           2762	      1377	001010b0	a194a223	sw	x25,-1532(x9)	  x9:0x00102000 x25:0x441d7135 PA:0x00101a04 store:0x441d7135 load:0x426ea6b5
           2764	      1378	001010b4	a044af83	lw	x31,-1532(x9)	  x9:0x00102000 x31=0x441d7135 PA:0x00101a04 store:0x00000000
           2768	      1380	001010b8	a0042503	lw	x10,-1536(x8)	  x8:0x00102000 x10=0x3f7d1f60 PA:0x00101a00 store:0x00000000
           2772	      1382	001010bc	a0042683	lw	x13,-1536(x8)	  x8:0x00102000 x13=0x3f7d1f60 PA:0x00101a00 store:0x00000000
           2776	      1384	001010c0	9fe92e23	sw	x30,-1540(x18)	 x18:0x00102000 x30:0x42769b32 PA:0x001019fc store:0x42769b32 load:0x3f7d1f60
           2786	      1389	001010c4	9fc92283	lw	x5,-1540(x18)	 x18:0x00102000  x5=0x42769b32 PA:0x001019fc store:0x00000020
           2788	      1390	001010c8	00aff3d3	fadd.s	f7,f31,f10	 f31:0x441d7135 f10:0x3f7d1f60  f7=0x441db07d
           2792	      1392	001010cc	00378713	addi	x14,x15,3	 x15:0x0000001e x14=0x00000021
           2794	      1393	001010d0	28def0c3	fmadd.s	f1,f29,f13,f5	 f29:0x42000000 f13:0x3f7d1f60  f5:0x42000000  f1=0x427e8fb0
           2796	      1394	001010d4	d00775d3	fcvt.s.w	f11,x14	 x14:0x00000021 f11=0x42040000
           2798	      1395	001010d8	00478613	addi	x12,x15,4	 x15:0x0000001e x12=0x00000022
           2800	      1396	001010dc	a074a223	sw	x7,-1532(x9)	  x9:0x00102000  x7:0x441db07d PA:0x00101a04 store:0x441db07d load:0x42769b32
           2802	      1397	001010e0	a044aa83	lw	x21,-1532(x9)	  x9:0x00102000 x21=0x441db07d PA:0x00101a04 store:0x00000000
           2806	      1399	001010e4	9e192e23	sw	x1,-1540(x18)	 x18:0x00102000  x1:0x427e8fb0 PA:0x001019fc store:0x427e8fb0 load:0x441db07d
           2810	      1401	001010e8	a0042883	lw	x17,-1536(x8)	  x8:0x00102000 x17=0x3f7d1f60 PA:0x00101a00 store:0x00000000
           2814	      1403	001010ec	a0042803	lw	x16,-1536(x8)	  x8:0x00102000 x16=0x3f7d1f60 PA:0x00101a00 store:0x00000000
           2824	      1408	001010f0	9fc92b03	lw	x22,-1540(x18)	 x18:0x00102000 x22=0x427e8fb0 PA:0x001019fc store:0x00000020
           2826	      1409	001010f4	011afbd3	fadd.s	f23,f21,f17	 f21:0x441db07d f17:0x3f7d1f60 f23=0x441defc5
           2828	      1410	001010f8	d0067c53	fcvt.s.w	f24,x12	 x12:0x00000022 f24=0x42080000
           2830	      1411	001010fc	b105fcc3	fmadd.s	f25,f11,f16,f22	 f11:0x42040000 f16:0x3f7d1f60 f22:0x42040000 f25=0x42834217
           2834	      1413	00101100	00578d13	addi	x26,x15,5	 x15:0x0000001e x26=0x00000023
           2836	      1414	00101104	d00d7e53	fcvt.s.w	f28,x26	 x26:0x00000023 f28=0x420c0000
           2838	      1415	00101108	a174a223	sw	x23,-1532(x9)	  x9:0x00102000 x23:0x441defc5 PA:0x00101a04 store:0x441defc5 load:0x427e8fb0
           2840	      1416	0010110c	a044ae83	lw	x29,-1532(x9)	  x9:0x00102000 x29=0x441defc5 PA:0x00101a04 store:0x00000000
           2844	      1418	00101110	9f992e23	sw	x25,-1540(x18)	 x18:0x00102000 x25:0x42834217 PA:0x001019fc store:0x42834217 load:0x441defc5
           2848	      1420	00101114	a0042f03	lw	x30,-1536(x8)	  x8:0x00102000 x30=0x3f7d1f60 PA:0x00101a00 store:0x00000000
           2852	      1422	00101118	a0042f83	lw	x31,-1536(x8)	  x8:0x00102000 x31=0x3f7d1f60 PA:0x00101a00 store:0x00000000
           2862	      1427	0010111c	9fc92683	lw	x13,-1540(x18)	 x18:0x00102000 x13=0x42834217 PA:0x001019fc store:0x420c0000
           2864	      1428	00101120	01eef553	fadd.s	f10,f29,f30	 f29:0x441defc5 f30:0x3f7d1f60 f10=0x441e2f0d
           2868	      1430	00101124	00678293	addi	x5,x15,6	 x15:0x0000001e  x5=0x00000024
           2870	      1431	00101128	69fc73c3	fmadd.s	f7,f24,f31,f13	 f24:0x42080000 f31:0x3f7d1f60 f13:0x42080000  f7=0x42873c56
           2872	      1432	0010112c	d002f753	fcvt.s.w	f14,x5	  x5:0x00000024 f14=0x42100000
           2874	      1433	00101130	00778793	addi	x15,x15,7	 x15:0x0000001e x15=0x00000025
           2876	      1434	00101134	a0a4a223	sw	x10,-1532(x9)	  x9:0x00102000 x10:0x441e2f0d PA:0x00101a04 store:0x441e2f0d load:0x42834217
           2878	      1435	00101138	a044a083	lw	x1,-1532(x9)	  x9:0x00102000  x1=0x441e2f0d PA:0x00101a04 store:0x00000000
           2882	      1437	0010113c	9e792e23	sw	x7,-1540(x18)	 x18:0x00102000  x7:0x42873c56 PA:0x001019fc store:0x42873c56 load:0x441e2f0d
           2886	      1439	00101140	a0042583	lw	x11,-1536(x8)	  x8:0x00102000 x11=0x3f7d1f60 PA:0x00101a00 store:0x00000000
           2890	      1441	00101144	a0042a83	lw	x21,-1536(x8)	  x8:0x00102000 x21=0x3f7d1f60 PA:0x00101a00 store:0x00000000
           2900	      1446	00101148	9fc92883	lw	x17,-1540(x18)	 x18:0x00102000 x17=0x42873c56 PA:0x001019fc store:0x420c0000
           2902	      1447	0010114c	00b0f653	fadd.s	f12,f1,f11	  f1:0x441e2f0d f11:0x3f7d1f60 f12=0x441e6e55
           2904	      1448	00101150	895e7843	fmadd.s	f16,f28,f21,f17	 f28:0x420c0000 f21:0x3f7d1f60 f17:0x420c0000 f16=0x428b3694
           2906	      1449	00101154	a0c4a223	sw	x12,-1532(x9)	  x9:0x00102000 x12:0x441e6e55 PA:0x00101a04 store:0x441e6e55 load:0x42873c56
           2908	      1450	00101158	9f092e23	sw	x16,-1540(x18)	 x18:0x00102000 x16:0x428b3694 PA:0x001019fc store:0x428b3694 load:0x42873c56
           2912	      1452	0010115c	a044ab03	lw	x22,-1532(x9)	  x9:0x00102000 x22=0x441e6e55 PA:0x00101a04 store:0x00000000
           2916	      1454	00101160	a0042b83	lw	x23,-1536(x8)	  x8:0x00102000 x23=0x3f7d1f60 PA:0x00101a00 store:0x00000000
           2920	      1456	00101164	a0042c03	lw	x24,-1536(x8)	  x8:0x00102000 x24=0x3f7d1f60 PA:0x00101a00 store:0x00000000
           2930	      1461	00101168	9fc92c83	lw	x25,-1540(x18)	 x18:0x00102000 x25=0x428b3694 PA:0x001019fc store:0x420c0000
           2932	      1462	0010116c	017b7d53	fadd.s	f26,f22,f23	 f22:0x441e6e55 f23:0x3f7d1f60 f26=0x441ead9d
           2934	      1463	00101170	c9877e43	fmadd.s	f28,f14,f24,f25	 f14:0x42100000 f24:0x3f7d1f60 f25:0x42100000 f28=0x428f30d3
           2936	      1464	00101174	a1a4a223	sw	x26,-1532(x9)	  x9:0x00102000 x26:0x441ead9d PA:0x00101a04 store:0x441ead9d load:0x428b3694
           2938	      1465	00101178	a044ae83	lw	x29,-1532(x9)	  x9:0x00102000 x29=0x441ead9d PA:0x00101a04 store:0x00000000
           2942	      1467	0010117c	a0042f03	lw	x30,-1536(x8)	  x8:0x00102000 x30=0x3f7d1f60 PA:0x00101a00 store:0x00000000
           2952	      1472	00101180	9fc92e23	sw	x28,-1540(x18)	 x18:0x00102000 x28:0x428f30d3 PA:0x001019fc store:0x428f30d3 load:0x3f7d1f60
           2954	      1473	00101184	01eeffd3	fadd.s	f31,f29,f30	 f29:0x441ead9d f30:0x3f7d1f60 f31=0x441eece5
           2956	      1474	00101188	a1f4a223	sw	x31,-1532(x9)	  x9:0x00102000 x31:0x441eece5 PA:0x00101a04 store:0x441eece5 load:0x3f7d1f60
           2958	      1475	0010118c	ee6794e3	bne	x15,x6,101074	 x15:0x00000025  x6:0x00000064
           2970	      1481	00101074	a0042083	lw	x1,-1536(x8)	  x8:0x00102000  x1=0x3f7d1f60 PA:0x00101a00 store:0x00000000
           2972	      1482	00101078	d007f5d3	fcvt.s.w	f11,x15	 x15:0x00000025 f11=0x42140000
           2974	      1483	0010107c	9fc92803	lw	x16,-1540(x18)	 x18:0x00102000 x16=0x428f30d3 PA:0x001019fc store:0x428f30d3
           2976	      1484	00101080	00178893	addi	x17,x15,1	 x15:0x00000025 x17=0x00000026
           2984	      1488	00101084	a044a603	lw	x12,-1532(x9)	  x9:0x00102000 x12=0x441eece5 PA:0x00101a04 store:0x00000000
           2986	      1489	00101088	8015fac3	fmadd.s	f21,f11,f1,f16	 f11:0x42140000  f1:0x3f7d1f60 f16:0x42140000 f21=0x42932b12
           2992	      1492	0010108c	a0042b03	lw	x22,-1536(x8)	  x8:0x00102000 x22=0x3f7d1f60 PA:0x00101a00 store:0x00000000
           2994	      1493	00101090	d008fbd3	fcvt.s.w	f23,x17	 x17:0x00000026 f23=0x42180000
           3000	      1496	00101094	a0042c03	lw	x24,-1536(x8)	  x8:0x00102000 x24=0x3f7d1f60 PA:0x00101a00 store:0x00000000
           3002	      1497	00101098	01667cd3	fadd.s	f25,f12,f22	 f12:0x441eece5 f22:0x3f7d1f60 f25=0x441f2c2d
           3004	      1498	0010109c	9f592e23	sw	x21,-1540(x18)	 x18:0x00102000 x21:0x42932b12 PA:0x001019fc store:0x42932b12 load:0x3f7d1f60
           3006	      1499	001010a0	9fc92d03	lw	x26,-1540(x18)	 x18:0x00102000 x26=0x42932b12 PA:0x001019fc store:0x428f30d3
           3014	      1503	001010a4	00278e13	addi	x28,x15,2	 x15:0x00000025 x28=0x00000027
           3016	      1504	001010a8	d00e7ed3	fcvt.s.w	f29,x28	 x28:0x00000027 f29=0x421c0000
           3018	      1505	001010ac	d18bff43	fmadd.s	f30,f23,f24,f26	 f23:0x42180000 f24:0x3f7d1f60 f26:0x42180000 f30=0x42972550
           3020	      1506	001010b0	a194a223	sw	x25,-1532(x9)	  x9:0x00102000 x25:0x441f2c2d PA:0x00101a04 store:0x441f2c2d load:0x42932b12
           3022	      1507	001010b4	a044af83	lw	x31,-1532(x9)	  x9:0x00102000 x31=0x441f2c2d PA:0x00101a04 store:0x00000000
           3026	      1509	001010b8	a0042503	lw	x10,-1536(x8)	  x8:0x00102000 x10=0x3f7d1f60 PA:0x00101a00 store:0x00000000
           3030	      1511	001010bc	a0042683	lw	x13,-1536(x8)	  x8:0x00102000 x13=0x3f7d1f60 PA:0x00101a00 store:0x00000000
           3034	      1513	001010c0	9fe92e23	sw	x30,-1540(x18)	 x18:0x00102000 x30:0x42972550 PA:0x001019fc store:0x42972550 load:0x3f7d1f60
           3044	      1518	001010c4	9fc92283	lw	x5,-1540(x18)	 x18:0x00102000  x5=0x42972550 PA:0x001019fc store:0x00000027
           3046	      1519	001010c8	00aff3d3	fadd.s	f7,f31,f10	 f31:0x441f2c2d f10:0x3f7d1f60  f7=0x441f6b75
           3050	      1521	001010cc	00378713	addi	x14,x15,3	 x15:0x00000025 x14=0x00000028
           3052	      1522	001010d0	28def0c3	fmadd.s	f1,f29,f13,f5	 f29:0x421c0000 f13:0x3f7d1f60  f5:0x421c0000  f1=0x429b1f8f
           3054	      1523	001010d4	d00775d3	fcvt.s.w	f11,x14	 x14:0x00000028 f11=0x42200000
           3056	      1524	001010d8	00478613	addi	x12,x15,4	 x15:0x00000025 x12=0x00000029
           3058	      1525	001010dc	a074a223	sw	x7,-1532(x9)	  x9:0x00102000  x7:0x441f6b75 PA:0x00101a04 store:0x441f6b75 load:0x42972550
           3060	      1526	001010e0	a044aa83	lw	x21,-1532(x9)	  x9:0x00102000 x21=0x441f6b75 PA:0x00101a04 store:0x00000000
           3064	      1528	001010e4	9e192e23	sw	x1,-1540(x18)	 x18:0x00102000  x1:0x429b1f8f PA:0x001019fc store:0x429b1f8f load:0x441f6b75
           3068	      1530	001010e8	a0042883	lw	x17,-1536(x8)	  x8:0x00102000 x17=0x3f7d1f60 PA:0x00101a00 store:0x00000000
           3072	      1532	001010ec	a0042803	lw	x16,-1536(x8)	  x8:0x00102000 x16=0x3f7d1f60 PA:0x00101a00 store:0x00000000
           3082	      1537	001010f0	9fc92b03	lw	x22,-1540(x18)	 x18:0x00102000 x22=0x429b1f8f PA:0x001019fc store:0x00000027
           3084	      1538	001010f4	011afbd3	fadd.s	f23,f21,f17	 f21:0x441f6b75 f17:0x3f7d1f60 f23=0x441faabd
           3086	      1539	001010f8	d0067c53	fcvt.s.w	f24,x12	 x12:0x00000029 f24=0x42240000
           3088	      1540	001010fc	b105fcc3	fmadd.s	f25,f11,f16,f22	 f11:0x42200000 f16:0x3f7d1f60 f22:0x42200000 f25=0x429f19ce
           3092	      1542	00101100	00578d13	addi	x26,x15,5	 x15:0x00000025 x26=0x0000002a
           3094	      1543	00101104	d00d7e53	fcvt.s.w	f28,x26	 x26:0x0000002a f28=0x42280000
           3096	      1544	00101108	a174a223	sw	x23,-1532(x9)	  x9:0x00102000 x23:0x441faabd PA:0x00101a04 store:0x441faabd load:0x429b1f8f
           3098	      1545	0010110c	a044ae83	lw	x29,-1532(x9)	  x9:0x00102000 x29=0x441faabd PA:0x00101a04 store:0x00000000
           3102	      1547	00101110	9f992e23	sw	x25,-1540(x18)	 x18:0x00102000 x25:0x429f19ce PA:0x001019fc store:0x429f19ce load:0x441faabd
           3106	      1549	00101114	a0042f03	lw	x30,-1536(x8)	  x8:0x00102000 x30=0x3f7d1f60 PA:0x00101a00 store:0x00000000
           3110	      1551	00101118	a0042f83	lw	x31,-1536(x8)	  x8:0x00102000 x31=0x3f7d1f60 PA:0x00101a00 store:0x00000000
           3120	      1556	0010111c	9fc92683	lw	x13,-1540(x18)	 x18:0x00102000 x13=0x429f19ce PA:0x001019fc store:0x42280000
           3122	      1557	00101120	01eef553	fadd.s	f10,f29,f30	 f29:0x441faabd f30:0x3f7d1f60 f10=0x441fea05
           3126	      1559	00101124	00678293	addi	x5,x15,6	 x15:0x00000025  x5=0x0000002b
           3128	      1560	00101128	69fc73c3	fmadd.s	f7,f24,f31,f13	 f24:0x42240000 f31:0x3f7d1f60 f13:0x42240000  f7=0x42a3140d
           3130	      1561	0010112c	d002f753	fcvt.s.w	f14,x5	  x5:0x0000002b f14=0x422c0000
           3132	      1562	00101130	00778793	addi	x15,x15,7	 x15:0x00000025 x15=0x0000002c
           3134	      1563	00101134	a0a4a223	sw	x10,-1532(x9)	  x9:0x00102000 x10:0x441fea05 PA:0x00101a04 store:0x441fea05 load:0x429f19ce
           3136	      1564	00101138	a044a083	lw	x1,-1532(x9)	  x9:0x00102000  x1=0x441fea05 PA:0x00101a04 store:0x00000000
           3140	      1566	0010113c	9e792e23	sw	x7,-1540(x18)	 x18:0x00102000  x7:0x42a3140d PA:0x001019fc store:0x42a3140d load:0x441fea05
           3144	      1568	00101140	a0042583	lw	x11,-1536(x8)	  x8:0x00102000 x11=0x3f7d1f60 PA:0x00101a00 store:0x00000000
           3148	      1570	00101144	a0042a83	lw	x21,-1536(x8)	  x8:0x00102000 x21=0x3f7d1f60 PA:0x00101a00 store:0x00000000
           3158	      1575	00101148	9fc92883	lw	x17,-1540(x18)	 x18:0x00102000 x17=0x42a3140d PA:0x001019fc store:0x42280000
           3160	      1576	0010114c	00b0f653	fadd.s	f12,f1,f11	  f1:0x441fea05 f11:0x3f7d1f60 f12=0x4420294d
           3162	      1577	00101150	895e7843	fmadd.s	f16,f28,f21,f17	 f28:0x42280000 f21:0x3f7d1f60 f17:0x42280000 f16=0x42a70e4c
           3164	      1578	00101154	a0c4a223	sw	x12,-1532(x9)	  x9:0x00102000 x12:0x4420294d PA:0x00101a04 store:0x4420294d load:0x42a3140d
           3166	      1579	00101158	9f092e23	sw	x16,-1540(x18)	 x18:0x00102000 x16:0x42a70e4c PA:0x001019fc store:0x42a70e4c load:0x42a3140d
           3170	      1581	0010115c	a044ab03	lw	x22,-1532(x9)	  x9:0x00102000 x22=0x4420294d PA:0x00101a04 store:0x00000000
           3174	      1583	00101160	a0042b83	lw	x23,-1536(x8)	  x8:0x00102000 x23=0x3f7d1f60 PA:0x00101a00 store:0x00000000
           3178	      1585	00101164	a0042c03	lw	x24,-1536(x8)	  x8:0x00102000 x24=0x3f7d1f60 PA:0x00101a00 store:0x00000000
           3188	      1590	00101168	9fc92c83	lw	x25,-1540(x18)	 x18:0x00102000 x25=0x42a70e4c PA:0x001019fc store:0x42280000
           3190	      1591	0010116c	017b7d53	fadd.s	f26,f22,f23	 f22:0x4420294d f23:0x3f7d1f60 f26=0x44206895
           3192	      1592	00101170	c9877e43	fmadd.s	f28,f14,f24,f25	 f14:0x422c0000 f24:0x3f7d1f60 f25:0x422c0000 f28=0x42ab088a
           3194	      1593	00101174	a1a4a223	sw	x26,-1532(x9)	  x9:0x00102000 x26:0x44206895 PA:0x00101a04 store:0x44206895 load:0x42a70e4c
           3196	      1594	00101178	a044ae83	lw	x29,-1532(x9)	  x9:0x00102000 x29=0x44206895 PA:0x00101a04 store:0x00000000
           3200	      1596	0010117c	a0042f03	lw	x30,-1536(x8)	  x8:0x00102000 x30=0x3f7d1f60 PA:0x00101a00 store:0x00000000
           3210	      1601	00101180	9fc92e23	sw	x28,-1540(x18)	 x18:0x00102000 x28:0x42ab088a PA:0x001019fc store:0x42ab088a load:0x3f7d1f60
           3212	      1602	00101184	01eeffd3	fadd.s	f31,f29,f30	 f29:0x44206895 f30:0x3f7d1f60 f31=0x4420a7dd
           3214	      1603	00101188	a1f4a223	sw	x31,-1532(x9)	  x9:0x00102000 x31:0x4420a7dd PA:0x00101a04 store:0x4420a7dd load:0x3f7d1f60
           3216	      1604	0010118c	ee6794e3	bne	x15,x6,101074	 x15:0x0000002c  x6:0x00000064
           3228	      1610	00101074	a0042083	lw	x1,-1536(x8)	  x8:0x00102000  x1=0x3f7d1f60 PA:0x00101a00 store:0x00000000
           3230	      1611	00101078	d007f5d3	fcvt.s.w	f11,x15	 x15:0x0000002c f11=0x42300000
           3232	      1612	0010107c	9fc92803	lw	x16,-1540(x18)	 x18:0x00102000 x16=0x42ab088a PA:0x001019fc store:0x42ab088a
           3234	      1613	00101080	00178893	addi	x17,x15,1	 x15:0x0000002c x17=0x0000002d
           3242	      1617	00101084	a044a603	lw	x12,-1532(x9)	  x9:0x00102000 x12=0x4420a7dd PA:0x00101a04 store:0x00000000
           3244	      1618	00101088	8015fac3	fmadd.s	f21,f11,f1,f16	 f11:0x42300000  f1:0x3f7d1f60 f16:0x42300000 f21=0x42af02c9
           3250	      1621	0010108c	a0042b03	lw	x22,-1536(x8)	  x8:0x00102000 x22=0x3f7d1f60 PA:0x00101a00 store:0x00000000
           3252	      1622	00101090	d008fbd3	fcvt.s.w	f23,x17	 x17:0x0000002d f23=0x42340000
           3258	      1625	00101094	a0042c03	lw	x24,-1536(x8)	  x8:0x00102000 x24=0x3f7d1f60 PA:0x00101a00 store:0x00000000
           3260	      1626	00101098	01667cd3	fadd.s	f25,f12,f22	 f12:0x4420a7dd f22:0x3f7d1f60 f25=0x4420e725
           3262	      1627	0010109c	9f592e23	sw	x21,-1540(x18)	 x18:0x00102000 x21:0x42af02c9 PA:0x001019fc store:0x42af02c9 load:0x3f7d1f60
           3264	      1628	001010a0	9fc92d03	lw	x26,-1540(x18)	 x18:0x00102000 x26=0x42af02c9 PA:0x001019fc store:0x42ab088a
           3272	      1632	001010a4	00278e13	addi	x28,x15,2	 x15:0x0000002c x28=0x0000002e
           3274	      1633	001010a8	d00e7ed3	fcvt.s.w	f29,x28	 x28:0x0000002e f29=0x42380000
           3276	      1634	001010ac	d18bff43	fmadd.s	f30,f23,f24,f26	 f23:0x42340000 f24:0x3f7d1f60 f26:0x42340000 f30=0x42b2fd08
           3278	      1635	001010b0	a194a223	sw	x25,-1532(x9)	  x9:0x00102000 x25:0x4420e725 PA:0x00101a04 store:0x4420e725 load:0x42af02c9
           3280	      1636	001010b4	a044af83	lw	x31,-1532(x9)	  x9:0x00102000 x31=0x4420e725 PA:0x00101a04 store:0x00000000
           3284	      1638	001010b8	a0042503	lw	x10,-1536(x8)	  x8:0x00102000 x10=0x3f7d1f60 PA:0x00101a00 store:0x00000000
           3288	      1640	001010bc	a0042683	lw	x13,-1536(x8)	  x8:0x00102000 x13=0x3f7d1f60 PA:0x00101a00 store:0x00000000
           3292	      1642	001010c0	9fe92e23	sw	x30,-1540(x18)	 x18:0x00102000 x30:0x42b2fd08 PA:0x001019fc store:0x42b2fd08 load:0x3f7d1f60
           3302	      1647	001010c4	9fc92283	lw	x5,-1540(x18)	 x18:0x00102000  x5=0x42b2fd08 PA:0x001019fc store:0x0000002e
           3304	      1648	001010c8	00aff3d3	fadd.s	f7,f31,f10	 f31:0x4420e725 f10:0x3f7d1f60  f7=0x4421266d
           3308	      1650	001010cc	00378713	addi	x14,x15,3	 x15:0x0000002c x14=0x0000002f
           3310	      1651	001010d0	28def0c3	fmadd.s	f1,f29,f13,f5	 f29:0x42380000 f13:0x3f7d1f60  f5:0x42380000  f1=0x42b6f746
           3312	      1652	001010d4	d00775d3	fcvt.s.w	f11,x14	 x14:0x0000002f f11=0x423c0000
           3314	      1653	001010d8	00478613	addi	x12,x15,4	 x15:0x0000002c x12=0x00000030
           3316	      1654	001010dc	a074a223	sw	x7,-1532(x9)	  x9:0x00102000  x7:0x4421266d PA:0x00101a04 store:0x4421266d load:0x42b2fd08
           3318	      1655	001010e0	a044aa83	lw	x21,-1532(x9)	  x9:0x00102000 x21=0x4421266d PA:0x00101a04 store:0x00000000
           3322	      1657	001010e4	9e192e23	sw	x1,-1540(x18)	 x18:0x00102000  x1:0x42b6f746 PA:0x001019fc store:0x42b6f746 load:0x4421266d
           3326	      1659	001010e8	a0042883	lw	x17,-1536(x8)	  x8:0x00102000 x17=0x3f7d1f60 PA:0x00101a00 store:0x00000000
           3330	      1661	001010ec	a0042803	lw	x16,-1536(x8)	  x8:0x00102000 x16=0x3f7d1f60 PA:0x00101a00 store:0x00000000
           3340	      1666	001010f0	9fc92b03	lw	x22,-1540(x18)	 x18:0x00102000 x22=0x42b6f746 PA:0x001019fc store:0x0000002e
           3342	      1667	001010f4	011afbd3	fadd.s	f23,f21,f17	 f21:0x4421266d f17:0x3f7d1f60 f23=0x442165b5
           3344	      1668	001010f8	d0067c53	fcvt.s.w	f24,x12	 x12:0x00000030 f24=0x42400000
           3346	      1669	001010fc	b105fcc3	fmadd.s	f25,f11,f16,f22	 f11:0x423c0000 f16:0x3f7d1f60 f22:0x423c0000 f25=0x42baf185
           3350	      1671	00101100	00578d13	addi	x26,x15,5	 x15:0x0000002c x26=0x00000031
           3352	      1672	00101104	d00d7e53	fcvt.s.w	f28,x26	 x26:0x00000031 f28=0x42440000
           3354	      1673	00101108	a174a223	sw	x23,-1532(x9)	  x9:0x00102000 x23:0x442165b5 PA:0x00101a04 store:0x442165b5 load:0x42b6f746
           3356	      1674	0010110c	a044ae83	lw	x29,-1532(x9)	  x9:0x00102000 x29=0x442165b5 PA:0x00101a04 store:0x00000000
           3360	      1676	00101110	9f992e23	sw	x25,-1540(x18)	 x18:0x00102000 x25:0x42baf185 PA:0x001019fc store:0x42baf185 load:0x442165b5
           3364	      1678	00101114	a0042f03	lw	x30,-1536(x8)	  x8:0x00102000 x30=0x3f7d1f60 PA:0x00101a00 store:0x00000000
           3368	      1680	00101118	a0042f83	lw	x31,-1536(x8)	  x8:0x00102000 x31=0x3f7d1f60 PA:0x00101a00 store:0x00000000
           3378	      1685	0010111c	9fc92683	lw	x13,-1540(x18)	 x18:0x00102000 x13=0x42baf185 PA:0x001019fc store:0x42440000
           3380	      1686	00101120	01eef553	fadd.s	f10,f29,f30	 f29:0x442165b5 f30:0x3f7d1f60 f10=0x4421a4fd
           3384	      1688	00101124	00678293	addi	x5,x15,6	 x15:0x0000002c  x5=0x00000032
           3386	      1689	00101128	69fc73c3	fmadd.s	f7,f24,f31,f13	 f24:0x42400000 f31:0x3f7d1f60 f13:0x42400000  f7=0x42beebc4
           3388	      1690	0010112c	d002f753	fcvt.s.w	f14,x5	  x5:0x00000032 f14=0x42480000
           3390	      1691	00101130	00778793	addi	x15,x15,7	 x15:0x0000002c x15=0x00000033
           3392	      1692	00101134	a0a4a223	sw	x10,-1532(x9)	  x9:0x00102000 x10:0x4421a4fd PA:0x00101a04 store:0x4421a4fd load:0x42baf185
           3394	      1693	00101138	a044a083	lw	x1,-1532(x9)	  x9:0x00102000  x1=0x4421a4fd PA:0x00101a04 store:0x00000000
           3398	      1695	0010113c	9e792e23	sw	x7,-1540(x18)	 x18:0x00102000  x7:0x42beebc4 PA:0x001019fc store:0x42beebc4 load:0x4421a4fd
           3402	      1697	00101140	a0042583	lw	x11,-1536(x8)	  x8:0x00102000 x11=0x3f7d1f60 PA:0x00101a00 store:0x00000000
           3406	      1699	00101144	a0042a83	lw	x21,-1536(x8)	  x8:0x00102000 x21=0x3f7d1f60 PA:0x00101a00 store:0x00000000
           3416	      1704	00101148	9fc92883	lw	x17,-1540(x18)	 x18:0x00102000 x17=0x42beebc4 PA:0x001019fc store:0x42440000
           3418	      1705	0010114c	00b0f653	fadd.s	f12,f1,f11	  f1:0x4421a4fd f11:0x3f7d1f60 f12=0x4421e445
           3420	      1706	00101150	895e7843	fmadd.s	f16,f28,f21,f17	 f28:0x42440000 f21:0x3f7d1f60 f17:0x42440000 f16=0x42c2e603
           3422	      1707	00101154	a0c4a223	sw	x12,-1532(x9)	  x9:0x00102000 x12:0x4421e445 PA:0x00101a04 store:0x4421e445 load:0x42beebc4
           3424	      1708	00101158	9f092e23	sw	x16,-1540(x18)	 x18:0x00102000 x16:0x42c2e603 PA:0x001019fc store:0x42c2e603 load:0x42beebc4
           3428	      1710	0010115c	a044ab03	lw	x22,-1532(x9)	  x9:0x00102000 x22=0x4421e445 PA:0x00101a04 store:0x00000000
           3432	      1712	00101160	a0042b83	lw	x23,-1536(x8)	  x8:0x00102000 x23=0x3f7d1f60 PA:0x00101a00 store:0x00000000
           3436	      1714	00101164	a0042c03	lw	x24,-1536(x8)	  x8:0x00102000 x24=0x3f7d1f60 PA:0x00101a00 store:0x00000000
           3446	      1719	00101168	9fc92c83	lw	x25,-1540(x18)	 x18:0x00102000 x25=0x42c2e603 PA:0x001019fc store:0x42440000
           3448	      1720	0010116c	017b7d53	fadd.s	f26,f22,f23	 f22:0x4421e445 f23:0x3f7d1f60 f26=0x4422238d
           3450	      1721	00101170	c9877e43	fmadd.s	f28,f14,f24,f25	 f14:0x42480000 f24:0x3f7d1f60 f25:0x42480000 f28=0x42c6e042
           3452	      1722	00101174	a1a4a223	sw	x26,-1532(x9)	  x9:0x00102000 x26:0x4422238d PA:0x00101a04 store:0x4422238d load:0x42c2e603
           3454	      1723	00101178	a044ae83	lw	x29,-1532(x9)	  x9:0x00102000 x29=0x4422238d PA:0x00101a04 store:0x00000000
           3458	      1725	0010117c	a0042f03	lw	x30,-1536(x8)	  x8:0x00102000 x30=0x3f7d1f60 PA:0x00101a00 store:0x00000000
           3468	      1730	00101180	9fc92e23	sw	x28,-1540(x18)	 x18:0x00102000 x28:0x42c6e042 PA:0x001019fc store:0x42c6e042 load:0x3f7d1f60
           3470	      1731	00101184	01eeffd3	fadd.s	f31,f29,f30	 f29:0x4422238d f30:0x3f7d1f60 f31=0x442262d5
           3472	      1732	00101188	a1f4a223	sw	x31,-1532(x9)	  x9:0x00102000 x31:0x442262d5 PA:0x00101a04 store:0x442262d5 load:0x3f7d1f60
           3474	      1733	0010118c	ee6794e3	bne	x15,x6,101074	 x15:0x00000033  x6:0x00000064
           3486	      1739	00101074	a0042083	lw	x1,-1536(x8)	  x8:0x00102000  x1=0x3f7d1f60 PA:0x00101a00 store:0x00000000
           3488	      1740	00101078	d007f5d3	fcvt.s.w	f11,x15	 x15:0x00000033 f11=0x424c0000
           3490	      1741	0010107c	9fc92803	lw	x16,-1540(x18)	 x18:0x00102000 x16=0x42c6e042 PA:0x001019fc store:0x42c6e042
           3492	      1742	00101080	00178893	addi	x17,x15,1	 x15:0x00000033 x17=0x00000034
           3500	      1746	00101084	a044a603	lw	x12,-1532(x9)	  x9:0x00102000 x12=0x442262d5 PA:0x00101a04 store:0x00000000
           3502	      1747	00101088	8015fac3	fmadd.s	f21,f11,f1,f16	 f11:0x424c0000  f1:0x3f7d1f60 f16:0x424c0000 f21=0x42cada80
           3508	      1750	0010108c	a0042b03	lw	x22,-1536(x8)	  x8:0x00102000 x22=0x3f7d1f60 PA:0x00101a00 store:0x00000000
           3510	      1751	00101090	d008fbd3	fcvt.s.w	f23,x17	 x17:0x00000034 f23=0x42500000
           3516	      1754	00101094	a0042c03	lw	x24,-1536(x8)	  x8:0x00102000 x24=0x3f7d1f60 PA:0x00101a00 store:0x00000000
           3518	      1755	00101098	01667cd3	fadd.s	f25,f12,f22	 f12:0x442262d5 f22:0x3f7d1f60 f25=0x4422a21d
           3520	      1756	0010109c	9f592e23	sw	x21,-1540(x18)	 x18:0x00102000 x21:0x42cada80 PA:0x001019fc store:0x42cada80 load:0x3f7d1f60
           3522	      1757	001010a0	9fc92d03	lw	x26,-1540(x18)	 x18:0x00102000 x26=0x42cada80 PA:0x001019fc store:0x42c6e042
           3530	      1761	001010a4	00278e13	addi	x28,x15,2	 x15:0x00000033 x28=0x00000035
           3532	      1762	001010a8	d00e7ed3	fcvt.s.w	f29,x28	 x28:0x00000035 f29=0x42540000
           3534	      1763	001010ac	d18bff43	fmadd.s	f30,f23,f24,f26	 f23:0x42500000 f24:0x3f7d1f60 f26:0x42500000 f30=0x42ced4bf
           3536	      1764	001010b0	a194a223	sw	x25,-1532(x9)	  x9:0x00102000 x25:0x4422a21d PA:0x00101a04 store:0x4422a21d load:0x42cada80
           3538	      1765	001010b4	a044af83	lw	x31,-1532(x9)	  x9:0x00102000 x31=0x4422a21d PA:0x00101a04 store:0x00000000
           3542	      1767	001010b8	a0042503	lw	x10,-1536(x8)	  x8:0x00102000 x10=0x3f7d1f60 PA:0x00101a00 store:0x00000000
           3546	      1769	001010bc	a0042683	lw	x13,-1536(x8)	  x8:0x00102000 x13=0x3f7d1f60 PA:0x00101a00 store:0x00000000
           3550	      1771	001010c0	9fe92e23	sw	x30,-1540(x18)	 x18:0x00102000 x30:0x42ced4bf PA:0x001019fc store:0x42ced4bf load:0x3f7d1f60
           3560	      1776	001010c4	9fc92283	lw	x5,-1540(x18)	 x18:0x00102000  x5=0x42ced4bf PA:0x001019fc store:0x00000035
           3562	      1777	001010c8	00aff3d3	fadd.s	f7,f31,f10	 f31:0x4422a21d f10:0x3f7d1f60  f7=0x4422e165
           3566	      1779	001010cc	00378713	addi	x14,x15,3	 x15:0x00000033 x14=0x00000036
           3568	      1780	001010d0	28def0c3	fmadd.s	f1,f29,f13,f5	 f29:0x42540000 f13:0x3f7d1f60  f5:0x42540000  f1=0x42d2cefe
           3570	      1781	001010d4	d00775d3	fcvt.s.w	f11,x14	 x14:0x00000036 f11=0x42580000
           3572	      1782	001010d8	00478613	addi	x12,x15,4	 x15:0x00000033 x12=0x00000037
           3574	      1783	001010dc	a074a223	sw	x7,-1532(x9)	  x9:0x00102000  x7:0x4422e165 PA:0x00101a04 store:0x4422e165 load:0x42ced4bf
           3576	      1784	001010e0	a044aa83	lw	x21,-1532(x9)	  x9:0x00102000 x21=0x4422e165 PA:0x00101a04 store:0x00000000
           3580	      1786	001010e4	9e192e23	sw	x1,-1540(x18)	 x18:0x00102000  x1:0x42d2cefe PA:0x001019fc store:0x42d2cefe load:0x4422e165
           3584	      1788	001010e8	a0042883	lw	x17,-1536(x8)	  x8:0x00102000 x17=0x3f7d1f60 PA:0x00101a00 store:0x00000000
           3588	      1790	001010ec	a0042803	lw	x16,-1536(x8)	  x8:0x00102000 x16=0x3f7d1f60 PA:0x00101a00 store:0x00000000
           3598	      1795	001010f0	9fc92b03	lw	x22,-1540(x18)	 x18:0x00102000 x22=0x42d2cefe PA:0x001019fc store:0x00000035
           3600	      1796	001010f4	011afbd3	fadd.s	f23,f21,f17	 f21:0x4422e165 f17:0x3f7d1f60 f23=0x442320ad
           3602	      1797	001010f8	d0067c53	fcvt.s.w	f24,x12	 x12:0x00000037 f24=0x425c0000
           3604	      1798	001010fc	b105fcc3	fmadd.s	f25,f11,f16,f22	 f11:0x42580000 f16:0x3f7d1f60 f22:0x42580000 f25=0x42d6c93c
           3608	      1800	00101100	00578d13	addi	x26,x15,5	 x15:0x00000033 x26=0x00000038
           3610	      1801	00101104	d00d7e53	fcvt.s.w	f28,x26	 x26:0x00000038 f28=0x42600000
           3612	      1802	00101108	a174a223	sw	x23,-1532(x9)	  x9:0x00102000 x23:0x442320ad PA:0x00101a04 store:0x442320ad load:0x42d2cefe
           3614	      1803	0010110c	a044ae83	lw	x29,-1532(x9)	  x9:0x00102000 x29=0x442320ad PA:0x00101a04 store:0x00000000
           3618	      1805	00101110	9f992e23	sw	x25,-1540(x18)	 x18:0x00102000 x25:0x42d6c93c PA:0x001019fc store:0x42d6c93c load:0x442320ad
           3622	      1807	00101114	a0042f03	lw	x30,-1536(x8)	  x8:0x00102000 x30=0x3f7d1f60 PA:0x00101a00 store:0x00000000
           3626	      1809	00101118	a0042f83	lw	x31,-1536(x8)	  x8:0x00102000 x31=0x3f7d1f60 PA:0x00101a00 store:0x00000000
           3636	      1814	0010111c	9fc92683	lw	x13,-1540(x18)	 x18:0x00102000 x13=0x42d6c93c PA:0x001019fc store:0x42600000
           3638	      1815	00101120	01eef553	fadd.s	f10,f29,f30	 f29:0x442320ad f30:0x3f7d1f60 f10=0x44235ff5
           3642	      1817	00101124	00678293	addi	x5,x15,6	 x15:0x00000033  x5=0x00000039
           3644	      1818	00101128	69fc73c3	fmadd.s	f7,f24,f31,f13	 f24:0x425c0000 f31:0x3f7d1f60 f13:0x425c0000  f7=0x42dac37b
           3646	      1819	0010112c	d002f753	fcvt.s.w	f14,x5	  x5:0x00000039 f14=0x42640000
           3648	      1820	00101130	00778793	addi	x15,x15,7	 x15:0x00000033 x15=0x0000003a
           3650	      1821	00101134	a0a4a223	sw	x10,-1532(x9)	  x9:0x00102000 x10:0x44235ff5 PA:0x00101a04 store:0x44235ff5 load:0x42d6c93c
           3652	      1822	00101138	a044a083	lw	x1,-1532(x9)	  x9:0x00102000  x1=0x44235ff5 PA:0x00101a04 store:0x00000000
           3656	      1824	0010113c	9e792e23	sw	x7,-1540(x18)	 x18:0x00102000  x7:0x42dac37b PA:0x001019fc store:0x42dac37b load:0x44235ff5
           3660	      1826	00101140	a0042583	lw	x11,-1536(x8)	  x8:0x00102000 x11=0x3f7d1f60 PA:0x00101a00 store:0x00000000
           3664	      1828	00101144	a0042a83	lw	x21,-1536(x8)	  x8:0x00102000 x21=0x3f7d1f60 PA:0x00101a00 store:0x00000000
           3674	      1833	00101148	9fc92883	lw	x17,-1540(x18)	 x18:0x00102000 x17=0x42dac37b PA:0x001019fc store:0x42600000
           3676	      1834	0010114c	00b0f653	fadd.s	f12,f1,f11	  f1:0x44235ff5 f11:0x3f7d1f60 f12=0x44239f3d
           3678	      1835	00101150	895e7843	fmadd.s	f16,f28,f21,f17	 f28:0x42600000 f21:0x3f7d1f60 f17:0x42600000 f16=0x42debdba
           3680	      1836	00101154	a0c4a223	sw	x12,-1532(x9)	  x9:0x00102000 x12:0x44239f3d PA:0x00101a04 store:0x44239f3d load:0x42dac37b
           3682	      1837	00101158	9f092e23	sw	x16,-1540(x18)	 x18:0x00102000 x16:0x42debdba PA:0x001019fc store:0x42debdba load:0x42dac37b
           3686	      1839	0010115c	a044ab03	lw	x22,-1532(x9)	  x9:0x00102000 x22=0x44239f3d PA:0x00101a04 store:0x00000000
           3690	      1841	00101160	a0042b83	lw	x23,-1536(x8)	  x8:0x00102000 x23=0x3f7d1f60 PA:0x00101a00 store:0x00000000
           3694	      1843	00101164	a0042c03	lw	x24,-1536(x8)	  x8:0x00102000 x24=0x3f7d1f60 PA:0x00101a00 store:0x00000000
           3704	      1848	00101168	9fc92c83	lw	x25,-1540(x18)	 x18:0x00102000 x25=0x42debdba PA:0x001019fc store:0x42600000
           3706	      1849	0010116c	017b7d53	fadd.s	f26,f22,f23	 f22:0x44239f3d f23:0x3f7d1f60 f26=0x4423de85
           3708	      1850	00101170	c9877e43	fmadd.s	f28,f14,f24,f25	 f14:0x42640000 f24:0x3f7d1f60 f25:0x42640000 f28=0x42e2b7f9
           3710	      1851	00101174	a1a4a223	sw	x26,-1532(x9)	  x9:0x00102000 x26:0x4423de85 PA:0x00101a04 store:0x4423de85 load:0x42debdba
           3712	      1852	00101178	a044ae83	lw	x29,-1532(x9)	  x9:0x00102000 x29=0x4423de85 PA:0x00101a04 store:0x00000000
           3716	      1854	0010117c	a0042f03	lw	x30,-1536(x8)	  x8:0x00102000 x30=0x3f7d1f60 PA:0x00101a00 store:0x00000000
           3726	      1859	00101180	9fc92e23	sw	x28,-1540(x18)	 x18:0x00102000 x28:0x42e2b7f9 PA:0x001019fc store:0x42e2b7f9 load:0x3f7d1f60
           3728	      1860	00101184	01eeffd3	fadd.s	f31,f29,f30	 f29:0x4423de85 f30:0x3f7d1f60 f31=0x44241dcd
           3730	      1861	00101188	a1f4a223	sw	x31,-1532(x9)	  x9:0x00102000 x31:0x44241dcd PA:0x00101a04 store:0x44241dcd load:0x3f7d1f60
           3732	      1862	0010118c	ee6794e3	bne	x15,x6,101074	 x15:0x0000003a  x6:0x00000064
           3744	      1868	00101074	a0042083	lw	x1,-1536(x8)	  x8:0x00102000  x1=0x3f7d1f60 PA:0x00101a00 store:0x00000000
           3746	      1869	00101078	d007f5d3	fcvt.s.w	f11,x15	 x15:0x0000003a f11=0x42680000
           3748	      1870	0010107c	9fc92803	lw	x16,-1540(x18)	 x18:0x00102000 x16=0x42e2b7f9 PA:0x001019fc store:0x42e2b7f9
           3750	      1871	00101080	00178893	addi	x17,x15,1	 x15:0x0000003a x17=0x0000003b
           3758	      1875	00101084	a044a603	lw	x12,-1532(x9)	  x9:0x00102000 x12=0x44241dcd PA:0x00101a04 store:0x00000000
           3760	      1876	00101088	8015fac3	fmadd.s	f21,f11,f1,f16	 f11:0x42680000  f1:0x3f7d1f60 f16:0x42680000 f21=0x42e6b238
           3766	      1879	0010108c	a0042b03	lw	x22,-1536(x8)	  x8:0x00102000 x22=0x3f7d1f60 PA:0x00101a00 store:0x00000000
           3768	      1880	00101090	d008fbd3	fcvt.s.w	f23,x17	 x17:0x0000003b f23=0x426c0000
           3774	      1883	00101094	a0042c03	lw	x24,-1536(x8)	  x8:0x00102000 x24=0x3f7d1f60 PA:0x00101a00 store:0x00000000
           3776	      1884	00101098	01667cd3	fadd.s	f25,f12,f22	 f12:0x44241dcd f22:0x3f7d1f60 f25=0x44245d15
           3778	      1885	0010109c	9f592e23	sw	x21,-1540(x18)	 x18:0x00102000 x21:0x42e6b238 PA:0x001019fc store:0x42e6b238 load:0x3f7d1f60
           3780	      1886	001010a0	9fc92d03	lw	x26,-1540(x18)	 x18:0x00102000 x26=0x42e6b238 PA:0x001019fc store:0x42e2b7f9
           3788	      1890	001010a4	00278e13	addi	x28,x15,2	 x15:0x0000003a x28=0x0000003c
           3790	      1891	001010a8	d00e7ed3	fcvt.s.w	f29,x28	 x28:0x0000003c f29=0x42700000
           3792	      1892	001010ac	d18bff43	fmadd.s	f30,f23,f24,f26	 f23:0x426c0000 f24:0x3f7d1f60 f26:0x426c0000 f30=0x42eaac76
           3794	      1893	001010b0	a194a223	sw	x25,-1532(x9)	  x9:0x00102000 x25:0x44245d15 PA:0x00101a04 store:0x44245d15 load:0x42e6b238
           3796	      1894	001010b4	a044af83	lw	x31,-1532(x9)	  x9:0x00102000 x31=0x44245d15 PA:0x00101a04 store:0x00000000
           3800	      1896	001010b8	a0042503	lw	x10,-1536(x8)	  x8:0x00102000 x10=0x3f7d1f60 PA:0x00101a00 store:0x00000000
           3804	      1898	001010bc	a0042683	lw	x13,-1536(x8)	  x8:0x00102000 x13=0x3f7d1f60 PA:0x00101a00 store:0x00000000
           3808	      1900	001010c0	9fe92e23	sw	x30,-1540(x18)	 x18:0x00102000 x30:0x42eaac76 PA:0x001019fc store:0x42eaac76 load:0x3f7d1f60
           3818	      1905	001010c4	9fc92283	lw	x5,-1540(x18)	 x18:0x00102000  x5=0x42eaac76 PA:0x001019fc store:0x0000003c
           3820	      1906	001010c8	00aff3d3	fadd.s	f7,f31,f10	 f31:0x44245d15 f10:0x3f7d1f60  f7=0x44249c5d
           3824	      1908	001010cc	00378713	addi	x14,x15,3	 x15:0x0000003a x14=0x0000003d
           3826	      1909	001010d0	28def0c3	fmadd.s	f1,f29,f13,f5	 f29:0x42700000 f13:0x3f7d1f60  f5:0x42700000  f1=0x42eea6b5
           3828	      1910	001010d4	d00775d3	fcvt.s.w	f11,x14	 x14:0x0000003d f11=0x42740000
           3830	      1911	001010d8	00478613	addi	x12,x15,4	 x15:0x0000003a x12=0x0000003e
           3832	      1912	001010dc	a074a223	sw	x7,-1532(x9)	  x9:0x00102000  x7:0x44249c5d PA:0x00101a04 store:0x44249c5d load:0x42eaac76
           3834	      1913	001010e0	a044aa83	lw	x21,-1532(x9)	  x9:0x00102000 x21=0x44249c5d PA:0x00101a04 store:0x00000000
           3838	      1915	001010e4	9e192e23	sw	x1,-1540(x18)	 x18:0x00102000  x1:0x42eea6b5 PA:0x001019fc store:0x42eea6b5 load:0x44249c5d
           3842	      1917	001010e8	a0042883	lw	x17,-1536(x8)	  x8:0x00102000 x17=0x3f7d1f60 PA:0x00101a00 store:0x00000000
           3846	      1919	001010ec	a0042803	lw	x16,-1536(x8)	  x8:0x00102000 x16=0x3f7d1f60 PA:0x00101a00 store:0x00000000
           3856	      1924	001010f0	9fc92b03	lw	x22,-1540(x18)	 x18:0x00102000 x22=0x42eea6b5 PA:0x001019fc store:0x0000003c
           3858	      1925	001010f4	011afbd3	fadd.s	f23,f21,f17	 f21:0x44249c5d f17:0x3f7d1f60 f23=0x4424dba5
           3860	      1926	001010f8	d0067c53	fcvt.s.w	f24,x12	 x12:0x0000003e f24=0x42780000
           3862	      1927	001010fc	b105fcc3	fmadd.s	f25,f11,f16,f22	 f11:0x42740000 f16:0x3f7d1f60 f22:0x42740000 f25=0x42f2a0f4
           3866	      1929	00101100	00578d13	addi	x26,x15,5	 x15:0x0000003a x26=0x0000003f
           3868	      1930	00101104	d00d7e53	fcvt.s.w	f28,x26	 x26:0x0000003f f28=0x427c0000
           3870	      1931	00101108	a174a223	sw	x23,-1532(x9)	  x9:0x00102000 x23:0x4424dba5 PA:0x00101a04 store:0x4424dba5 load:0x42eea6b5
           3872	      1932	0010110c	a044ae83	lw	x29,-1532(x9)	  x9:0x00102000 x29=0x4424dba5 PA:0x00101a04 store:0x00000000
           3876	      1934	00101110	9f992e23	sw	x25,-1540(x18)	 x18:0x00102000 x25:0x42f2a0f4 PA:0x001019fc store:0x42f2a0f4 load:0x4424dba5
           3880	      1936	00101114	a0042f03	lw	x30,-1536(x8)	  x8:0x00102000 x30=0x3f7d1f60 PA:0x00101a00 store:0x00000000
           3884	      1938	00101118	a0042f83	lw	x31,-1536(x8)	  x8:0x00102000 x31=0x3f7d1f60 PA:0x00101a00 store:0x00000000
           3894	      1943	0010111c	9fc92683	lw	x13,-1540(x18)	 x18:0x00102000 x13=0x42f2a0f4 PA:0x001019fc store:0x427c0000
           3896	      1944	00101120	01eef553	fadd.s	f10,f29,f30	 f29:0x4424dba5 f30:0x3f7d1f60 f10=0x44251aed
           3900	      1946	00101124	00678293	addi	x5,x15,6	 x15:0x0000003a  x5=0x00000040
           3902	      1947	00101128	69fc73c3	fmadd.s	f7,f24,f31,f13	 f24:0x42780000 f31:0x3f7d1f60 f13:0x42780000  f7=0x42f69b32
           3904	      1948	0010112c	d002f753	fcvt.s.w	f14,x5	  x5:0x00000040 f14=0x42800000
           3906	      1949	00101130	00778793	addi	x15,x15,7	 x15:0x0000003a x15=0x00000041
           3908	      1950	00101134	a0a4a223	sw	x10,-1532(x9)	  x9:0x00102000 x10:0x44251aed PA:0x00101a04 store:0x44251aed load:0x42f2a0f4
           3910	      1951	00101138	a044a083	lw	x1,-1532(x9)	  x9:0x00102000  x1=0x44251aed PA:0x00101a04 store:0x00000000
           3914	      1953	0010113c	9e792e23	sw	x7,-1540(x18)	 x18:0x00102000  x7:0x42f69b32 PA:0x001019fc store:0x42f69b32 load:0x44251aed
           3918	      1955	00101140	a0042583	lw	x11,-1536(x8)	  x8:0x00102000 x11=0x3f7d1f60 PA:0x00101a00 store:0x00000000
           3922	      1957	00101144	a0042a83	lw	x21,-1536(x8)	  x8:0x00102000 x21=0x3f7d1f60 PA:0x00101a00 store:0x00000000
           3932	      1962	00101148	9fc92883	lw	x17,-1540(x18)	 x18:0x00102000 x17=0x42f69b32 PA:0x001019fc store:0x427c0000
           3934	      1963	0010114c	00b0f653	fadd.s	f12,f1,f11	  f1:0x44251aed f11:0x3f7d1f60 f12=0x44255a35
           3936	      1964	00101150	895e7843	fmadd.s	f16,f28,f21,f17	 f28:0x427c0000 f21:0x3f7d1f60 f17:0x427c0000 f16=0x42fa9571
           3938	      1965	00101154	a0c4a223	sw	x12,-1532(x9)	  x9:0x00102000 x12:0x44255a35 PA:0x00101a04 store:0x44255a35 load:0x42f69b32
           3940	      1966	00101158	9f092e23	sw	x16,-1540(x18)	 x18:0x00102000 x16:0x42fa9571 PA:0x001019fc store:0x42fa9571 load:0x42f69b32
           3944	      1968	0010115c	a044ab03	lw	x22,-1532(x9)	  x9:0x00102000 x22=0x44255a35 PA:0x00101a04 store:0x00000000
           3948	      1970	00101160	a0042b83	lw	x23,-1536(x8)	  x8:0x00102000 x23=0x3f7d1f60 PA:0x00101a00 store:0x00000000
           3952	      1972	00101164	a0042c03	lw	x24,-1536(x8)	  x8:0x00102000 x24=0x3f7d1f60 PA:0x00101a00 store:0x00000000
           3962	      1977	00101168	9fc92c83	lw	x25,-1540(x18)	 x18:0x00102000 x25=0x42fa9571 PA:0x001019fc store:0x427c0000
           3964	      1978	0010116c	017b7d53	fadd.s	f26,f22,f23	 f22:0x44255a35 f23:0x3f7d1f60 f26=0x4425997d
           3966	      1979	00101170	c9877e43	fmadd.s	f28,f14,f24,f25	 f14:0x42800000 f24:0x3f7d1f60 f25:0x42800000 f28=0x42fe8fb0
           3968	      1980	00101174	a1a4a223	sw	x26,-1532(x9)	  x9:0x00102000 x26:0x4425997d PA:0x00101a04 store:0x4425997d load:0x42fa9571
           3970	      1981	00101178	a044ae83	lw	x29,-1532(x9)	  x9:0x00102000 x29=0x4425997d PA:0x00101a04 store:0x00000000
           3974	      1983	0010117c	a0042f03	lw	x30,-1536(x8)	  x8:0x00102000 x30=0x3f7d1f60 PA:0x00101a00 store:0x00000000
           3984	      1988	00101180	9fc92e23	sw	x28,-1540(x18)	 x18:0x00102000 x28:0x42fe8fb0 PA:0x001019fc store:0x42fe8fb0 load:0x3f7d1f60
           3986	      1989	00101184	01eeffd3	fadd.s	f31,f29,f30	 f29:0x4425997d f30:0x3f7d1f60 f31=0x4425d8c5
           3988	      1990	00101188	a1f4a223	sw	x31,-1532(x9)	  x9:0x00102000 x31:0x4425d8c5 PA:0x00101a04 store:0x4425d8c5 load:0x3f7d1f60
           3990	      1991	0010118c	ee6794e3	bne	x15,x6,101074	 x15:0x00000041  x6:0x00000064
           4002	      1997	00101074	a0042083	lw	x1,-1536(x8)	  x8:0x00102000  x1=0x3f7d1f60 PA:0x00101a00 store:0x00000000
           4004	      1998	00101078	d007f5d3	fcvt.s.w	f11,x15	 x15:0x00000041 f11=0x42820000
           4006	      1999	0010107c	9fc92803	lw	x16,-1540(x18)	 x18:0x00102000 x16=0x42fe8fb0 PA:0x001019fc store:0x42fe8fb0
           4008	      2000	00101080	00178893	addi	x17,x15,1	 x15:0x00000041 x17=0x00000042
           4016	      2004	00101084	a044a603	lw	x12,-1532(x9)	  x9:0x00102000 x12=0x4425d8c5 PA:0x00101a04 store:0x00000000
           4018	      2005	00101088	8015fac3	fmadd.s	f21,f11,f1,f16	 f11:0x42820000  f1:0x3f7d1f60 f16:0x42820000 f21=0x430144f7
           4024	      2008	0010108c	a0042b03	lw	x22,-1536(x8)	  x8:0x00102000 x22=0x3f7d1f60 PA:0x00101a00 store:0x00000000
           4026	      2009	00101090	d008fbd3	fcvt.s.w	f23,x17	 x17:0x00000042 f23=0x42840000
           4032	      2012	00101094	a0042c03	lw	x24,-1536(x8)	  x8:0x00102000 x24=0x3f7d1f60 PA:0x00101a00 store:0x00000000
           4034	      2013	00101098	01667cd3	fadd.s	f25,f12,f22	 f12:0x4425d8c5 f22:0x3f7d1f60 f25=0x4426180d
           4036	      2014	0010109c	9f592e23	sw	x21,-1540(x18)	 x18:0x00102000 x21:0x430144f7 PA:0x001019fc store:0x430144f7 load:0x3f7d1f60
           4038	      2015	001010a0	9fc92d03	lw	x26,-1540(x18)	 x18:0x00102000 x26=0x430144f7 PA:0x001019fc store:0x42fe8fb0
           4046	      2019	001010a4	00278e13	addi	x28,x15,2	 x15:0x00000041 x28=0x00000043
           4048	      2020	001010a8	d00e7ed3	fcvt.s.w	f29,x28	 x28:0x00000043 f29=0x42860000
           4050	      2021	001010ac	d18bff43	fmadd.s	f30,f23,f24,f26	 f23:0x42840000 f24:0x3f7d1f60 f26:0x42840000 f30=0x43034217
           4052	      2022	001010b0	a194a223	sw	x25,-1532(x9)	  x9:0x00102000 x25:0x4426180d PA:0x00101a04 store:0x4426180d load:0x430144f7
           4054	      2023	001010b4	a044af83	lw	x31,-1532(x9)	  x9:0x00102000 x31=0x4426180d PA:0x00101a04 store:0x00000000
           4058	      2025	001010b8	a0042503	lw	x10,-1536(x8)	  x8:0x00102000 x10=0x3f7d1f60 PA:0x00101a00 store:0x00000000
           4062	      2027	001010bc	a0042683	lw	x13,-1536(x8)	  x8:0x00102000 x13=0x3f7d1f60 PA:0x00101a00 store:0x00000000
           4066	      2029	001010c0	9fe92e23	sw	x30,-1540(x18)	 x18:0x00102000 x30:0x43034217 PA:0x001019fc store:0x43034217 load:0x3f7d1f60
           4076	      2034	001010c4	9fc92283	lw	x5,-1540(x18)	 x18:0x00102000  x5=0x43034217 PA:0x001019fc store:0x00000043
           4078	      2035	001010c8	00aff3d3	fadd.s	f7,f31,f10	 f31:0x4426180d f10:0x3f7d1f60  f7=0x44265755
           4082	      2037	001010cc	00378713	addi	x14,x15,3	 x15:0x00000041 x14=0x00000044
           4084	      2038	001010d0	28def0c3	fmadd.s	f1,f29,f13,f5	 f29:0x42860000 f13:0x3f7d1f60  f5:0x42860000  f1=0x43053f36
           4086	      2039	001010d4	d00775d3	fcvt.s.w	f11,x14	 x14:0x00000044 f11=0x42880000
           4088	      2040	001010d8	00478613	addi	x12,x15,4	 x15:0x00000041 x12=0x00000045
           4090	      2041	001010dc	a074a223	sw	x7,-1532(x9)	  x9:0x00102000  x7:0x44265755 PA:0x00101a04 store:0x44265755 load:0x43034217
           4092	      2042	001010e0	a044aa83	lw	x21,-1532(x9)	  x9:0x00102000 x21=0x44265755 PA:0x00101a04 store:0x00000000
           4096	      2044	001010e4	9e192e23	sw	x1,-1540(x18)	 x18:0x00102000  x1:0x43053f36 PA:0x001019fc store:0x43053f36 load:0x44265755
           4100	      2046	001010e8	a0042883	lw	x17,-1536(x8)	  x8:0x00102000 x17=0x3f7d1f60 PA:0x00101a00 store:0x00000000
           4104	      2048	001010ec	a0042803	lw	x16,-1536(x8)	  x8:0x00102000 x16=0x3f7d1f60 PA:0x00101a00 store:0x00000000
           4114	      2053	001010f0	9fc92b03	lw	x22,-1540(x18)	 x18:0x00102000 x22=0x43053f36 PA:0x001019fc store:0x00000043
           4116	      2054	001010f4	011afbd3	fadd.s	f23,f21,f17	 f21:0x44265755 f17:0x3f7d1f60 f23=0x4426969d
           4118	      2055	001010f8	d0067c53	fcvt.s.w	f24,x12	 x12:0x00000045 f24=0x428a0000
           4120	      2056	001010fc	b105fcc3	fmadd.s	f25,f11,f16,f22	 f11:0x42880000 f16:0x3f7d1f60 f22:0x42880000 f25=0x43073c56
           4124	      2058	00101100	00578d13	addi	x26,x15,5	 x15:0x00000041 x26=0x00000046
           4126	      2059	00101104	d00d7e53	fcvt.s.w	f28,x26	 x26:0x00000046 f28=0x428c0000
           4128	      2060	00101108	a174a223	sw	x23,-1532(x9)	  x9:0x00102000 x23:0x4426969d PA:0x00101a04 store:0x4426969d load:0x43053f36
           4130	      2061	0010110c	a044ae83	lw	x29,-1532(x9)	  x9:0x00102000 x29=0x4426969d PA:0x00101a04 store:0x00000000
           4134	      2063	00101110	9f992e23	sw	x25,-1540(x18)	 x18:0x00102000 x25:0x43073c56 PA:0x001019fc store:0x43073c56 load:0x4426969d
           4138	      2065	00101114	a0042f03	lw	x30,-1536(x8)	  x8:0x00102000 x30=0x3f7d1f60 PA:0x00101a00 store:0x00000000
           4142	      2067	00101118	a0042f83	lw	x31,-1536(x8)	  x8:0x00102000 x31=0x3f7d1f60 PA:0x00101a00 store:0x00000000
           4152	      2072	0010111c	9fc92683	lw	x13,-1540(x18)	 x18:0x00102000 x13=0x43073c56 PA:0x001019fc store:0x428c0000
           4154	      2073	00101120	01eef553	fadd.s	f10,f29,f30	 f29:0x4426969d f30:0x3f7d1f60 f10=0x4426d5e5
           4158	      2075	00101124	00678293	addi	x5,x15,6	 x15:0x00000041  x5=0x00000047
           4160	      2076	00101128	69fc73c3	fmadd.s	f7,f24,f31,f13	 f24:0x428a0000 f31:0x3f7d1f60 f13:0x428a0000  f7=0x43093975
           4162	      2077	0010112c	d002f753	fcvt.s.w	f14,x5	  x5:0x00000047 f14=0x428e0000
           4164	      2078	00101130	00778793	addi	x15,x15,7	 x15:0x00000041 x15=0x00000048
           4166	      2079	00101134	a0a4a223	sw	x10,-1532(x9)	  x9:0x00102000 x10:0x4426d5e5 PA:0x00101a04 store:0x4426d5e5 load:0x43073c56
           4168	      2080	00101138	a044a083	lw	x1,-1532(x9)	  x9:0x00102000  x1=0x4426d5e5 PA:0x00101a04 store:0x00000000
           4172	      2082	0010113c	9e792e23	sw	x7,-1540(x18)	 x18:0x00102000  x7:0x43093975 PA:0x001019fc store:0x43093975 load:0x4426d5e5
           4176	      2084	00101140	a0042583	lw	x11,-1536(x8)	  x8:0x00102000 x11=0x3f7d1f60 PA:0x00101a00 store:0x00000000
           4180	      2086	00101144	a0042a83	lw	x21,-1536(x8)	  x8:0x00102000 x21=0x3f7d1f60 PA:0x00101a00 store:0x00000000
           4190	      2091	00101148	9fc92883	lw	x17,-1540(x18)	 x18:0x00102000 x17=0x43093975 PA:0x001019fc store:0x428c0000
           4192	      2092	0010114c	00b0f653	fadd.s	f12,f1,f11	  f1:0x4426d5e5 f11:0x3f7d1f60 f12=0x4427152d
           4194	      2093	00101150	895e7843	fmadd.s	f16,f28,f21,f17	 f28:0x428c0000 f21:0x3f7d1f60 f17:0x428c0000 f16=0x430b3694
           4196	      2094	00101154	a0c4a223	sw	x12,-1532(x9)	  x9:0x00102000 x12:0x4427152d PA:0x00101a04 store:0x4427152d load:0x43093975
           4198	      2095	00101158	9f092e23	sw	x16,-1540(x18)	 x18:0x00102000 x16:0x430b3694 PA:0x001019fc store:0x430b3694 load:0x43093975
           4202	      2097	0010115c	a044ab03	lw	x22,-1532(x9)	  x9:0x00102000 x22=0x4427152d PA:0x00101a04 store:0x00000000
           4206	      2099	00101160	a0042b83	lw	x23,-1536(x8)	  x8:0x00102000 x23=0x3f7d1f60 PA:0x00101a00 store:0x00000000
           4210	      2101	00101164	a0042c03	lw	x24,-1536(x8)	  x8:0x00102000 x24=0x3f7d1f60 PA:0x00101a00 store:0x00000000
           4220	      2106	00101168	9fc92c83	lw	x25,-1540(x18)	 x18:0x00102000 x25=0x430b3694 PA:0x001019fc store:0x428c0000
           4222	      2107	0010116c	017b7d53	fadd.s	f26,f22,f23	 f22:0x4427152d f23:0x3f7d1f60 f26=0x44275475
           4224	      2108	00101170	c9877e43	fmadd.s	f28,f14,f24,f25	 f14:0x428e0000 f24:0x3f7d1f60 f25:0x428e0000 f28=0x430d33b4
           4226	      2109	00101174	a1a4a223	sw	x26,-1532(x9)	  x9:0x00102000 x26:0x44275475 PA:0x00101a04 store:0x44275475 load:0x430b3694
           4228	      2110	00101178	a044ae83	lw	x29,-1532(x9)	  x9:0x00102000 x29=0x44275475 PA:0x00101a04 store:0x00000000
           4232	      2112	0010117c	a0042f03	lw	x30,-1536(x8)	  x8:0x00102000 x30=0x3f7d1f60 PA:0x00101a00 store:0x00000000
           4242	      2117	00101180	9fc92e23	sw	x28,-1540(x18)	 x18:0x00102000 x28:0x430d33b4 PA:0x001019fc store:0x430d33b4 load:0x3f7d1f60
           4244	      2118	00101184	01eeffd3	fadd.s	f31,f29,f30	 f29:0x44275475 f30:0x3f7d1f60 f31=0x442793bd
           4246	      2119	00101188	a1f4a223	sw	x31,-1532(x9)	  x9:0x00102000 x31:0x442793bd PA:0x00101a04 store:0x442793bd load:0x3f7d1f60
           4248	      2120	0010118c	ee6794e3	bne	x15,x6,101074	 x15:0x00000048  x6:0x00000064
           4260	      2126	00101074	a0042083	lw	x1,-1536(x8)	  x8:0x00102000  x1=0x3f7d1f60 PA:0x00101a00 store:0x00000000
           4262	      2127	00101078	d007f5d3	fcvt.s.w	f11,x15	 x15:0x00000048 f11=0x42900000
           4264	      2128	0010107c	9fc92803	lw	x16,-1540(x18)	 x18:0x00102000 x16=0x430d33b4 PA:0x001019fc store:0x430d33b4
           4266	      2129	00101080	00178893	addi	x17,x15,1	 x15:0x00000048 x17=0x00000049
           4274	      2133	00101084	a044a603	lw	x12,-1532(x9)	  x9:0x00102000 x12=0x442793bd PA:0x00101a04 store:0x00000000
           4276	      2134	00101088	8015fac3	fmadd.s	f21,f11,f1,f16	 f11:0x42900000  f1:0x3f7d1f60 f16:0x42900000 f21=0x430f30d3
           4282	      2137	0010108c	a0042b03	lw	x22,-1536(x8)	  x8:0x00102000 x22=0x3f7d1f60 PA:0x00101a00 store:0x00000000
           4284	      2138	00101090	d008fbd3	fcvt.s.w	f23,x17	 x17:0x00000049 f23=0x42920000
           4290	      2141	00101094	a0042c03	lw	x24,-1536(x8)	  x8:0x00102000 x24=0x3f7d1f60 PA:0x00101a00 store:0x00000000
           4292	      2142	00101098	01667cd3	fadd.s	f25,f12,f22	 f12:0x442793bd f22:0x3f7d1f60 f25=0x4427d305
           4294	      2143	0010109c	9f592e23	sw	x21,-1540(x18)	 x18:0x00102000 x21:0x430f30d3 PA:0x001019fc store:0x430f30d3 load:0x3f7d1f60
           4296	      2144	001010a0	9fc92d03	lw	x26,-1540(x18)	 x18:0x00102000 x26=0x430f30d3 PA:0x001019fc store:0x430d33b4
           4304	      2148	001010a4	00278e13	addi	x28,x15,2	 x15:0x00000048 x28=0x0000004a
           4306	      2149	001010a8	d00e7ed3	fcvt.s.w	f29,x28	 x28:0x0000004a f29=0x42940000
           4308	      2150	001010ac	d18bff43	fmadd.s	f30,f23,f24,f26	 f23:0x42920000 f24:0x3f7d1f60 f26:0x42920000 f30=0x43112df2
           4310	      2151	001010b0	a194a223	sw	x25,-1532(x9)	  x9:0x00102000 x25:0x4427d305 PA:0x00101a04 store:0x4427d305 load:0x430f30d3
           4312	      2152	001010b4	a044af83	lw	x31,-1532(x9)	  x9:0x00102000 x31=0x4427d305 PA:0x00101a04 store:0x00000000
           4316	      2154	001010b8	a0042503	lw	x10,-1536(x8)	  x8:0x00102000 x10=0x3f7d1f60 PA:0x00101a00 store:0x00000000
           4320	      2156	001010bc	a0042683	lw	x13,-1536(x8)	  x8:0x00102000 x13=0x3f7d1f60 PA:0x00101a00 store:0x00000000
           4324	      2158	001010c0	9fe92e23	sw	x30,-1540(x18)	 x18:0x00102000 x30:0x43112df2 PA:0x001019fc store:0x43112df2 load:0x3f7d1f60
           4334	      2163	001010c4	9fc92283	lw	x5,-1540(x18)	 x18:0x00102000  x5=0x43112df2 PA:0x001019fc store:0x0000004a
           4336	      2164	001010c8	00aff3d3	fadd.s	f7,f31,f10	 f31:0x4427d305 f10:0x3f7d1f60  f7=0x4428124d
           4340	      2166	001010cc	00378713	addi	x14,x15,3	 x15:0x00000048 x14=0x0000004b
           4342	      2167	001010d0	28def0c3	fmadd.s	f1,f29,f13,f5	 f29:0x42940000 f13:0x3f7d1f60  f5:0x42940000  f1=0x43132b12
           4344	      2168	001010d4	d00775d3	fcvt.s.w	f11,x14	 x14:0x0000004b f11=0x42960000
           4346	      2169	001010d8	00478613	addi	x12,x15,4	 x15:0x00000048 x12=0x0000004c
           4348	      2170	001010dc	a074a223	sw	x7,-1532(x9)	  x9:0x00102000  x7:0x4428124d PA:0x00101a04 store:0x4428124d load:0x43112df2
           4350	      2171	001010e0	a044aa83	lw	x21,-1532(x9)	  x9:0x00102000 x21=0x4428124d PA:0x00101a04 store:0x00000000
           4354	      2173	001010e4	9e192e23	sw	x1,-1540(x18)	 x18:0x00102000  x1:0x43132b12 PA:0x001019fc store:0x43132b12 load:0x4428124d
           4358	      2175	001010e8	a0042883	lw	x17,-1536(x8)	  x8:0x00102000 x17=0x3f7d1f60 PA:0x00101a00 store:0x00000000
           4362	      2177	001010ec	a0042803	lw	x16,-1536(x8)	  x8:0x00102000 x16=0x3f7d1f60 PA:0x00101a00 store:0x00000000
           4372	      2182	001010f0	9fc92b03	lw	x22,-1540(x18)	 x18:0x00102000 x22=0x43132b12 PA:0x001019fc store:0x0000004a
           4374	      2183	001010f4	011afbd3	fadd.s	f23,f21,f17	 f21:0x4428124d f17:0x3f7d1f60 f23=0x44285195
           4376	      2184	001010f8	d0067c53	fcvt.s.w	f24,x12	 x12:0x0000004c f24=0x42980000
           4378	      2185	001010fc	b105fcc3	fmadd.s	f25,f11,f16,f22	 f11:0x42960000 f16:0x3f7d1f60 f22:0x42960000 f25=0x43152831
           4382	      2187	00101100	00578d13	addi	x26,x15,5	 x15:0x00000048 x26=0x0000004d
           4384	      2188	00101104	d00d7e53	fcvt.s.w	f28,x26	 x26:0x0000004d f28=0x429a0000
           4386	      2189	00101108	a174a223	sw	x23,-1532(x9)	  x9:0x00102000 x23:0x44285195 PA:0x00101a04 store:0x44285195 load:0x43132b12
           4388	      2190	0010110c	a044ae83	lw	x29,-1532(x9)	  x9:0x00102000 x29=0x44285195 PA:0x00101a04 store:0x00000000
           4392	      2192	00101110	9f992e23	sw	x25,-1540(x18)	 x18:0x00102000 x25:0x43152831 PA:0x001019fc store:0x43152831 load:0x44285195
           4396	      2194	00101114	a0042f03	lw	x30,-1536(x8)	  x8:0x00102000 x30=0x3f7d1f60 PA:0x00101a00 store:0x00000000
           4400	      2196	00101118	a0042f83	lw	x31,-1536(x8)	  x8:0x00102000 x31=0x3f7d1f60 PA:0x00101a00 store:0x00000000
           4410	      2201	0010111c	9fc92683	lw	x13,-1540(x18)	 x18:0x00102000 x13=0x43152831 PA:0x001019fc store:0x429a0000
           4412	      2202	00101120	01eef553	fadd.s	f10,f29,f30	 f29:0x44285195 f30:0x3f7d1f60 f10=0x442890dd
           4416	      2204	00101124	00678293	addi	x5,x15,6	 x15:0x00000048  x5=0x0000004e
           4418	      2205	00101128	69fc73c3	fmadd.s	f7,f24,f31,f13	 f24:0x42980000 f31:0x3f7d1f60 f13:0x42980000  f7=0x43172550
           4420	      2206	0010112c	d002f753	fcvt.s.w	f14,x5	  x5:0x0000004e f14=0x429c0000
           4422	      2207	00101130	00778793	addi	x15,x15,7	 x15:0x00000048 x15=0x0000004f
           4424	      2208	00101134	a0a4a223	sw	x10,-1532(x9)	  x9:0x00102000 x10:0x442890dd PA:0x00101a04 store:0x442890dd load:0x43152831
           4426	      2209	00101138	a044a083	lw	x1,-1532(x9)	  x9:0x00102000  x1=0x442890dd PA:0x00101a04 store:0x00000000
           4430	      2211	0010113c	9e792e23	sw	x7,-1540(x18)	 x18:0x00102000  x7:0x43172550 PA:0x001019fc store:0x43172550 load:0x442890dd
           4434	      2213	00101140	a0042583	lw	x11,-1536(x8)	  x8:0x00102000 x11=0x3f7d1f60 PA:0x00101a00 store:0x00000000
           4438	      2215	00101144	a0042a83	lw	x21,-1536(x8)	  x8:0x00102000 x21=0x3f7d1f60 PA:0x00101a00 store:0x00000000
           4448	      2220	00101148	9fc92883	lw	x17,-1540(x18)	 x18:0x00102000 x17=0x43172550 PA:0x001019fc store:0x429a0000
           4450	      2221	0010114c	00b0f653	fadd.s	f12,f1,f11	  f1:0x442890dd f11:0x3f7d1f60 f12=0x4428d025
           4452	      2222	00101150	895e7843	fmadd.s	f16,f28,f21,f17	 f28:0x429a0000 f21:0x3f7d1f60 f17:0x429a0000 f16=0x43192270
           4454	      2223	00101154	a0c4a223	sw	x12,-1532(x9)	  x9:0x00102000 x12:0x4428d025 PA:0x00101a04 store:0x4428d025 load:0x43172550
           4456	      2224	00101158	9f092e23	sw	x16,-1540(x18)	 x18:0x00102000 x16:0x43192270 PA:0x001019fc store:0x43192270 load:0x43172550
           4460	      2226	0010115c	a044ab03	lw	x22,-1532(x9)	  x9:0x00102000 x22=0x4428d025 PA:0x00101a04 store:0x00000000
           4464	      2228	00101160	a0042b83	lw	x23,-1536(x8)	  x8:0x00102000 x23=0x3f7d1f60 PA:0x00101a00 store:0x00000000
           4468	      2230	00101164	a0042c03	lw	x24,-1536(x8)	  x8:0x00102000 x24=0x3f7d1f60 PA:0x00101a00 store:0x00000000
           4478	      2235	00101168	9fc92c83	lw	x25,-1540(x18)	 x18:0x00102000 x25=0x43192270 PA:0x001019fc store:0x429a0000
           4480	      2236	0010116c	017b7d53	fadd.s	f26,f22,f23	 f22:0x4428d025 f23:0x3f7d1f60 f26=0x44290f6d
           4482	      2237	00101170	c9877e43	fmadd.s	f28,f14,f24,f25	 f14:0x429c0000 f24:0x3f7d1f60 f25:0x429c0000 f28=0x431b1f8f
           4484	      2238	00101174	a1a4a223	sw	x26,-1532(x9)	  x9:0x00102000 x26:0x44290f6d PA:0x00101a04 store:0x44290f6d load:0x43192270
           4486	      2239	00101178	a044ae83	lw	x29,-1532(x9)	  x9:0x00102000 x29=0x44290f6d PA:0x00101a04 store:0x00000000
           4490	      2241	0010117c	a0042f03	lw	x30,-1536(x8)	  x8:0x00102000 x30=0x3f7d1f60 PA:0x00101a00 store:0x00000000
           4500	      2246	00101180	9fc92e23	sw	x28,-1540(x18)	 x18:0x00102000 x28:0x431b1f8f PA:0x001019fc store:0x431b1f8f load:0x3f7d1f60
           4502	      2247	00101184	01eeffd3	fadd.s	f31,f29,f30	 f29:0x44290f6d f30:0x3f7d1f60 f31=0x44294eb5
           4504	      2248	00101188	a1f4a223	sw	x31,-1532(x9)	  x9:0x00102000 x31:0x44294eb5 PA:0x00101a04 store:0x44294eb5 load:0x3f7d1f60
           4506	      2249	0010118c	ee6794e3	bne	x15,x6,101074	 x15:0x0000004f  x6:0x00000064
           4518	      2255	00101074	a0042083	lw	x1,-1536(x8)	  x8:0x00102000  x1=0x3f7d1f60 PA:0x00101a00 store:0x00000000
           4520	      2256	00101078	d007f5d3	fcvt.s.w	f11,x15	 x15:0x0000004f f11=0x429e0000
           4522	      2257	0010107c	9fc92803	lw	x16,-1540(x18)	 x18:0x00102000 x16=0x431b1f8f PA:0x001019fc store:0x431b1f8f
           4524	      2258	00101080	00178893	addi	x17,x15,1	 x15:0x0000004f x17=0x00000050
           4532	      2262	00101084	a044a603	lw	x12,-1532(x9)	  x9:0x00102000 x12=0x44294eb5 PA:0x00101a04 store:0x00000000
           4534	      2263	00101088	8015fac3	fmadd.s	f21,f11,f1,f16	 f11:0x429e0000  f1:0x3f7d1f60 f16:0x429e0000 f21=0x431d1caf
           4540	      2266	0010108c	a0042b03	lw	x22,-1536(x8)	  x8:0x00102000 x22=0x3f7d1f60 PA:0x00101a00 store:0x00000000
           4542	      2267	00101090	d008fbd3	fcvt.s.w	f23,x17	 x17:0x00000050 f23=0x42a00000
           4548	      2270	00101094	a0042c03	lw	x24,-1536(x8)	  x8:0x00102000 x24=0x3f7d1f60 PA:0x00101a00 store:0x00000000
           4550	      2271	00101098	01667cd3	fadd.s	f25,f12,f22	 f12:0x44294eb5 f22:0x3f7d1f60 f25=0x44298dfd
           4552	      2272	0010109c	9f592e23	sw	x21,-1540(x18)	 x18:0x00102000 x21:0x431d1caf PA:0x001019fc store:0x431d1caf load:0x3f7d1f60
           4554	      2273	001010a0	9fc92d03	lw	x26,-1540(x18)	 x18:0x00102000 x26=0x431d1caf PA:0x001019fc store:0x431b1f8f
           4562	      2277	001010a4	00278e13	addi	x28,x15,2	 x15:0x0000004f x28=0x00000051
           4564	      2278	001010a8	d00e7ed3	fcvt.s.w	f29,x28	 x28:0x00000051 f29=0x42a20000
           4566	      2279	001010ac	d18bff43	fmadd.s	f30,f23,f24,f26	 f23:0x42a00000 f24:0x3f7d1f60 f26:0x42a00000 f30=0x431f19ce
           4568	      2280	001010b0	a194a223	sw	x25,-1532(x9)	  x9:0x00102000 x25:0x44298dfd PA:0x00101a04 store:0x44298dfd load:0x431d1caf
           4570	      2281	001010b4	a044af83	lw	x31,-1532(x9)	  x9:0x00102000 x31=0x44298dfd PA:0x00101a04 store:0x00000000
           4574	      2283	001010b8	a0042503	lw	x10,-1536(x8)	  x8:0x00102000 x10=0x3f7d1f60 PA:0x00101a00 store:0x00000000
           4578	      2285	001010bc	a0042683	lw	x13,-1536(x8)	  x8:0x00102000 x13=0x3f7d1f60 PA:0x00101a00 store:0x00000000
           4582	      2287	001010c0	9fe92e23	sw	x30,-1540(x18)	 x18:0x00102000 x30:0x431f19ce PA:0x001019fc store:0x431f19ce load:0x3f7d1f60
           4592	      2292	001010c4	9fc92283	lw	x5,-1540(x18)	 x18:0x00102000  x5=0x431f19ce PA:0x001019fc store:0x00000051
           4594	      2293	001010c8	00aff3d3	fadd.s	f7,f31,f10	 f31:0x44298dfd f10:0x3f7d1f60  f7=0x4429cd45
           4598	      2295	001010cc	00378713	addi	x14,x15,3	 x15:0x0000004f x14=0x00000052
           4600	      2296	001010d0	28def0c3	fmadd.s	f1,f29,f13,f5	 f29:0x42a20000 f13:0x3f7d1f60  f5:0x42a20000  f1=0x432116ed
           4602	      2297	001010d4	d00775d3	fcvt.s.w	f11,x14	 x14:0x00000052 f11=0x42a40000
           4604	      2298	001010d8	00478613	addi	x12,x15,4	 x15:0x0000004f x12=0x00000053
           4606	      2299	001010dc	a074a223	sw	x7,-1532(x9)	  x9:0x00102000  x7:0x4429cd45 PA:0x00101a04 store:0x4429cd45 load:0x431f19ce
           4608	      2300	001010e0	a044aa83	lw	x21,-1532(x9)	  x9:0x00102000 x21=0x4429cd45 PA:0x00101a04 store:0x00000000
           4612	      2302	001010e4	9e192e23	sw	x1,-1540(x18)	 x18:0x00102000  x1:0x432116ed PA:0x001019fc store:0x432116ed load:0x4429cd45
           4616	      2304	001010e8	a0042883	lw	x17,-1536(x8)	  x8:0x00102000 x17=0x3f7d1f60 PA:0x00101a00 store:0x00000000
           4620	      2306	001010ec	a0042803	lw	x16,-1536(x8)	  x8:0x00102000 x16=0x3f7d1f60 PA:0x00101a00 store:0x00000000
           4630	      2311	001010f0	9fc92b03	lw	x22,-1540(x18)	 x18:0x00102000 x22=0x432116ed PA:0x001019fc store:0x00000051
           4632	      2312	001010f4	011afbd3	fadd.s	f23,f21,f17	 f21:0x4429cd45 f17:0x3f7d1f60 f23=0x442a0c8d
           4634	      2313	001010f8	d0067c53	fcvt.s.w	f24,x12	 x12:0x00000053 f24=0x42a60000
           4636	      2314	001010fc	b105fcc3	fmadd.s	f25,f11,f16,f22	 f11:0x42a40000 f16:0x3f7d1f60 f22:0x42a40000 f25=0x4323140d
           4640	      2316	00101100	00578d13	addi	x26,x15,5	 x15:0x0000004f x26=0x00000054
           4642	      2317	00101104	d00d7e53	fcvt.s.w	f28,x26	 x26:0x00000054 f28=0x42a80000
           4644	      2318	00101108	a174a223	sw	x23,-1532(x9)	  x9:0x00102000 x23:0x442a0c8d PA:0x00101a04 store:0x442a0c8d load:0x432116ed
           4646	      2319	0010110c	a044ae83	lw	x29,-1532(x9)	  x9:0x00102000 x29=0x442a0c8d PA:0x00101a04 store:0x00000000
           4650	      2321	00101110	9f992e23	sw	x25,-1540(x18)	 x18:0x00102000 x25:0x4323140d PA:0x001019fc store:0x4323140d load:0x442a0c8d
           4654	      2323	00101114	a0042f03	lw	x30,-1536(x8)	  x8:0x00102000 x30=0x3f7d1f60 PA:0x00101a00 store:0x00000000
           4658	      2325	00101118	a0042f83	lw	x31,-1536(x8)	  x8:0x00102000 x31=0x3f7d1f60 PA:0x00101a00 store:0x00000000
           4668	      2330	0010111c	9fc92683	lw	x13,-1540(x18)	 x18:0x00102000 x13=0x4323140d PA:0x001019fc store:0x42a80000
           4670	      2331	00101120	01eef553	fadd.s	f10,f29,f30	 f29:0x442a0c8d f30:0x3f7d1f60 f10=0x442a4bd5
           4674	      2333	00101124	00678293	addi	x5,x15,6	 x15:0x0000004f  x5=0x00000055
           4676	      2334	00101128	69fc73c3	fmadd.s	f7,f24,f31,f13	 f24:0x42a60000 f31:0x3f7d1f60 f13:0x42a60000  f7=0x4325112c
           4678	      2335	0010112c	d002f753	fcvt.s.w	f14,x5	  x5:0x00000055 f14=0x42aa0000
           4680	      2336	00101130	00778793	addi	x15,x15,7	 x15:0x0000004f x15=0x00000056
           4682	      2337	00101134	a0a4a223	sw	x10,-1532(x9)	  x9:0x00102000 x10:0x442a4bd5 PA:0x00101a04 store:0x442a4bd5 load:0x4323140d
           4684	      2338	00101138	a044a083	lw	x1,-1532(x9)	  x9:0x00102000  x1=0x442a4bd5 PA:0x00101a04 store:0x00000000
           4688	      2340	0010113c	9e792e23	sw	x7,-1540(x18)	 x18:0x00102000  x7:0x4325112c PA:0x001019fc store:0x4325112c load:0x442a4bd5
           4692	      2342	00101140	a0042583	lw	x11,-1536(x8)	  x8:0x00102000 x11=0x3f7d1f60 PA:0x00101a00 store:0x00000000
           4696	      2344	00101144	a0042a83	lw	x21,-1536(x8)	  x8:0x00102000 x21=0x3f7d1f60 PA:0x00101a00 store:0x00000000
           4706	      2349	00101148	9fc92883	lw	x17,-1540(x18)	 x18:0x00102000 x17=0x4325112c PA:0x001019fc store:0x42a80000
           4708	      2350	0010114c	00b0f653	fadd.s	f12,f1,f11	  f1:0x442a4bd5 f11:0x3f7d1f60 f12=0x442a8b1d
           4710	      2351	00101150	895e7843	fmadd.s	f16,f28,f21,f17	 f28:0x42a80000 f21:0x3f7d1f60 f17:0x42a80000 f16=0x43270e4c
           4712	      2352	00101154	a0c4a223	sw	x12,-1532(x9)	  x9:0x00102000 x12:0x442a8b1d PA:0x00101a04 store:0x442a8b1d load:0x4325112c
           4714	      2353	00101158	9f092e23	sw	x16,-1540(x18)	 x18:0x00102000 x16:0x43270e4c PA:0x001019fc store:0x43270e4c load:0x4325112c
           4718	      2355	0010115c	a044ab03	lw	x22,-1532(x9)	  x9:0x00102000 x22=0x442a8b1d PA:0x00101a04 store:0x00000000
           4722	      2357	00101160	a0042b83	lw	x23,-1536(x8)	  x8:0x00102000 x23=0x3f7d1f60 PA:0x00101a00 store:0x00000000
           4726	      2359	00101164	a0042c03	lw	x24,-1536(x8)	  x8:0x00102000 x24=0x3f7d1f60 PA:0x00101a00 store:0x00000000
           4736	      2364	00101168	9fc92c83	lw	x25,-1540(x18)	 x18:0x00102000 x25=0x43270e4c PA:0x001019fc store:0x42a80000
           4738	      2365	0010116c	017b7d53	fadd.s	f26,f22,f23	 f22:0x442a8b1d f23:0x3f7d1f60 f26=0x442aca65
           4740	      2366	00101170	c9877e43	fmadd.s	f28,f14,f24,f25	 f14:0x42aa0000 f24:0x3f7d1f60 f25:0x42aa0000 f28=0x43290b6b
           4742	      2367	00101174	a1a4a223	sw	x26,-1532(x9)	  x9:0x00102000 x26:0x442aca65 PA:0x00101a04 store:0x442aca65 load:0x43270e4c
           4744	      2368	00101178	a044ae83	lw	x29,-1532(x9)	  x9:0x00102000 x29=0x442aca65 PA:0x00101a04 store:0x00000000
           4748	      2370	0010117c	a0042f03	lw	x30,-1536(x8)	  x8:0x00102000 x30=0x3f7d1f60 PA:0x00101a00 store:0x00000000
           4758	      2375	00101180	9fc92e23	sw	x28,-1540(x18)	 x18:0x00102000 x28:0x43290b6b PA:0x001019fc store:0x43290b6b load:0x3f7d1f60
           4760	      2376	00101184	01eeffd3	fadd.s	f31,f29,f30	 f29:0x442aca65 f30:0x3f7d1f60 f31=0x442b09ad
           4762	      2377	00101188	a1f4a223	sw	x31,-1532(x9)	  x9:0x00102000 x31:0x442b09ad PA:0x00101a04 store:0x442b09ad load:0x3f7d1f60
           4764	      2378	0010118c	ee6794e3	bne	x15,x6,101074	 x15:0x00000056  x6:0x00000064
           4776	      2384	00101074	a0042083	lw	x1,-1536(x8)	  x8:0x00102000  x1=0x3f7d1f60 PA:0x00101a00 store:0x00000000
           4778	      2385	00101078	d007f5d3	fcvt.s.w	f11,x15	 x15:0x00000056 f11=0x42ac0000
           4780	      2386	0010107c	9fc92803	lw	x16,-1540(x18)	 x18:0x00102000 x16=0x43290b6b PA:0x001019fc store:0x43290b6b
           4782	      2387	00101080	00178893	addi	x17,x15,1	 x15:0x00000056 x17=0x00000057
           4790	      2391	00101084	a044a603	lw	x12,-1532(x9)	  x9:0x00102000 x12=0x442b09ad PA:0x00101a04 store:0x00000000
           4792	      2392	00101088	8015fac3	fmadd.s	f21,f11,f1,f16	 f11:0x42ac0000  f1:0x3f7d1f60 f16:0x42ac0000 f21=0x432b088a
           4798	      2395	0010108c	a0042b03	lw	x22,-1536(x8)	  x8:0x00102000 x22=0x3f7d1f60 PA:0x00101a00 store:0x00000000
           4800	      2396	00101090	d008fbd3	fcvt.s.w	f23,x17	 x17:0x00000057 f23=0x42ae0000
           4806	      2399	00101094	a0042c03	lw	x24,-1536(x8)	  x8:0x00102000 x24=0x3f7d1f60 PA:0x00101a00 store:0x00000000
           4808	      2400	00101098	01667cd3	fadd.s	f25,f12,f22	 f12:0x442b09ad f22:0x3f7d1f60 f25=0x442b48f5
           4810	      2401	0010109c	9f592e23	sw	x21,-1540(x18)	 x18:0x00102000 x21:0x432b088a PA:0x001019fc store:0x432b088a load:0x3f7d1f60
           4812	      2402	001010a0	9fc92d03	lw	x26,-1540(x18)	 x18:0x00102000 x26=0x432b088a PA:0x001019fc store:0x43290b6b
           4820	      2406	001010a4	00278e13	addi	x28,x15,2	 x15:0x00000056 x28=0x00000058
           4822	      2407	001010a8	d00e7ed3	fcvt.s.w	f29,x28	 x28:0x00000058 f29=0x42b00000
           4824	      2408	001010ac	d18bff43	fmadd.s	f30,f23,f24,f26	 f23:0x42ae0000 f24:0x3f7d1f60 f26:0x42ae0000 f30=0x432d05aa
           4826	      2409	001010b0	a194a223	sw	x25,-1532(x9)	  x9:0x00102000 x25:0x442b48f5 PA:0x00101a04 store:0x442b48f5 load:0x432b088a
           4828	      2410	001010b4	a044af83	lw	x31,-1532(x9)	  x9:0x00102000 x31=0x442b48f5 PA:0x00101a04 store:0x00000000
           4832	      2412	001010b8	a0042503	lw	x10,-1536(x8)	  x8:0x00102000 x10=0x3f7d1f60 PA:0x00101a00 store:0x00000000
           4836	      2414	001010bc	a0042683	lw	x13,-1536(x8)	  x8:0x00102000 x13=0x3f7d1f60 PA:0x00101a00 store:0x00000000
           4840	      2416	001010c0	9fe92e23	sw	x30,-1540(x18)	 x18:0x00102000 x30:0x432d05aa PA:0x001019fc store:0x432d05aa load:0x3f7d1f60
           4850	      2421	001010c4	9fc92283	lw	x5,-1540(x18)	 x18:0x00102000  x5=0x432d05aa PA:0x001019fc store:0x00000058
           4852	      2422	001010c8	00aff3d3	fadd.s	f7,f31,f10	 f31:0x442b48f5 f10:0x3f7d1f60  f7=0x442b883d
           4856	      2424	001010cc	00378713	addi	x14,x15,3	 x15:0x00000056 x14=0x00000059
           4858	      2425	001010d0	28def0c3	fmadd.s	f1,f29,f13,f5	 f29:0x42b00000 f13:0x3f7d1f60  f5:0x42b00000  f1=0x432f02c9
           4860	      2426	001010d4	d00775d3	fcvt.s.w	f11,x14	 x14:0x00000059 f11=0x42b20000
           4862	      2427	001010d8	00478613	addi	x12,x15,4	 x15:0x00000056 x12=0x0000005a
           4864	      2428	001010dc	a074a223	sw	x7,-1532(x9)	  x9:0x00102000  x7:0x442b883d PA:0x00101a04 store:0x442b883d load:0x432d05aa
           4866	      2429	001010e0	a044aa83	lw	x21,-1532(x9)	  x9:0x00102000 x21=0x442b883d PA:0x00101a04 store:0x00000000
           4870	      2431	001010e4	9e192e23	sw	x1,-1540(x18)	 x18:0x00102000  x1:0x432f02c9 PA:0x001019fc store:0x432f02c9 load:0x442b883d
           4874	      2433	001010e8	a0042883	lw	x17,-1536(x8)	  x8:0x00102000 x17=0x3f7d1f60 PA:0x00101a00 store:0x00000000
           4878	      2435	001010ec	a0042803	lw	x16,-1536(x8)	  x8:0x00102000 x16=0x3f7d1f60 PA:0x00101a00 store:0x00000000
           4888	      2440	001010f0	9fc92b03	lw	x22,-1540(x18)	 x18:0x00102000 x22=0x432f02c9 PA:0x001019fc store:0x00000058
           4890	      2441	001010f4	011afbd3	fadd.s	f23,f21,f17	 f21:0x442b883d f17:0x3f7d1f60 f23=0x442bc785
           4892	      2442	001010f8	d0067c53	fcvt.s.w	f24,x12	 x12:0x0000005a f24=0x42b40000
           4894	      2443	001010fc	b105fcc3	fmadd.s	f25,f11,f16,f22	 f11:0x42b20000 f16:0x3f7d1f60 f22:0x42b20000 f25=0x4330ffe8
           4898	      2445	00101100	00578d13	addi	x26,x15,5	 x15:0x00000056 x26=0x0000005b
           4900	      2446	00101104	d00d7e53	fcvt.s.w	f28,x26	 x26:0x0000005b f28=0x42b60000
           4902	      2447	00101108	a174a223	sw	x23,-1532(x9)	  x9:0x00102000 x23:0x442bc785 PA:0x00101a04 store:0x442bc785 load:0x432f02c9
           4904	      2448	0010110c	a044ae83	lw	x29,-1532(x9)	  x9:0x00102000 x29=0x442bc785 PA:0x00101a04 store:0x00000000
           4908	      2450	00101110	9f992e23	sw	x25,-1540(x18)	 x18:0x00102000 x25:0x4330ffe8 PA:0x001019fc store:0x4330ffe8 load:0x442bc785
           4912	      2452	00101114	a0042f03	lw	x30,-1536(x8)	  x8:0x00102000 x30=0x3f7d1f60 PA:0x00101a00 store:0x00000000
           4916	      2454	00101118	a0042f83	lw	x31,-1536(x8)	  x8:0x00102000 x31=0x3f7d1f60 PA:0x00101a00 store:0x00000000
           4926	      2459	0010111c	9fc92683	lw	x13,-1540(x18)	 x18:0x00102000 x13=0x4330ffe8 PA:0x001019fc store:0x42b60000
           4928	      2460	00101120	01eef553	fadd.s	f10,f29,f30	 f29:0x442bc785 f30:0x3f7d1f60 f10=0x442c06cd
           4932	      2462	00101124	00678293	addi	x5,x15,6	 x15:0x00000056  x5=0x0000005c
           4934	      2463	00101128	69fc73c3	fmadd.s	f7,f24,f31,f13	 f24:0x42b40000 f31:0x3f7d1f60 f13:0x42b40000  f7=0x4332fd08
           4936	      2464	0010112c	d002f753	fcvt.s.w	f14,x5	  x5:0x0000005c f14=0x42b80000
           4938	      2465	00101130	00778793	addi	x15,x15,7	 x15:0x00000056 x15=0x0000005d
           4940	      2466	00101134	a0a4a223	sw	x10,-1532(x9)	  x9:0x00102000 x10:0x442c06cd PA:0x00101a04 store:0x442c06cd load:0x4330ffe8
           4942	      2467	00101138	a044a083	lw	x1,-1532(x9)	  x9:0x00102000  x1=0x442c06cd PA:0x00101a04 store:0x00000000
           4946	      2469	0010113c	9e792e23	sw	x7,-1540(x18)	 x18:0x00102000  x7:0x4332fd08 PA:0x001019fc store:0x4332fd08 load:0x442c06cd
           4950	      2471	00101140	a0042583	lw	x11,-1536(x8)	  x8:0x00102000 x11=0x3f7d1f60 PA:0x00101a00 store:0x00000000
           4954	      2473	00101144	a0042a83	lw	x21,-1536(x8)	  x8:0x00102000 x21=0x3f7d1f60 PA:0x00101a00 store:0x00000000
           4964	      2478	00101148	9fc92883	lw	x17,-1540(x18)	 x18:0x00102000 x17=0x4332fd08 PA:0x001019fc store:0x42b60000
           4966	      2479	0010114c	00b0f653	fadd.s	f12,f1,f11	  f1:0x442c06cd f11:0x3f7d1f60 f12=0x442c4615
           4968	      2480	00101150	895e7843	fmadd.s	f16,f28,f21,f17	 f28:0x42b60000 f21:0x3f7d1f60 f17:0x42b60000 f16=0x4334fa27
           4970	      2481	00101154	a0c4a223	sw	x12,-1532(x9)	  x9:0x00102000 x12:0x442c4615 PA:0x00101a04 store:0x442c4615 load:0x4332fd08
           4972	      2482	00101158	9f092e23	sw	x16,-1540(x18)	 x18:0x00102000 x16:0x4334fa27 PA:0x001019fc store:0x4334fa27 load:0x4332fd08
           4976	      2484	0010115c	a044ab03	lw	x22,-1532(x9)	  x9:0x00102000 x22=0x442c4615 PA:0x00101a04 store:0x00000000
           4980	      2486	00101160	a0042b83	lw	x23,-1536(x8)	  x8:0x00102000 x23=0x3f7d1f60 PA:0x00101a00 store:0x00000000
           4984	      2488	00101164	a0042c03	lw	x24,-1536(x8)	  x8:0x00102000 x24=0x3f7d1f60 PA:0x00101a00 store:0x00000000
           4994	      2493	00101168	9fc92c83	lw	x25,-1540(x18)	 x18:0x00102000 x25=0x4334fa27 PA:0x001019fc store:0x42b60000
           4996	      2494	0010116c	017b7d53	fadd.s	f26,f22,f23	 f22:0x442c4615 f23:0x3f7d1f60 f26=0x442c855d
           4998	      2495	00101170	c9877e43	fmadd.s	f28,f14,f24,f25	 f14:0x42b80000 f24:0x3f7d1f60 f25:0x42b80000 f28=0x4336f746
           5000	      2496	00101174	a1a4a223	sw	x26,-1532(x9)	  x9:0x00102000 x26:0x442c855d PA:0x00101a04 store:0x442c855d load:0x4334fa27
           5002	      2497	00101178	a044ae83	lw	x29,-1532(x9)	  x9:0x00102000 x29=0x442c855d PA:0x00101a04 store:0x00000000
           5006	      2499	0010117c	a0042f03	lw	x30,-1536(x8)	  x8:0x00102000 x30=0x3f7d1f60 PA:0x00101a00 store:0x00000000
           5016	      2504	00101180	9fc92e23	sw	x28,-1540(x18)	 x18:0x00102000 x28:0x4336f746 PA:0x001019fc store:0x4336f746 load:0x3f7d1f60
           5018	      2505	00101184	01eeffd3	fadd.s	f31,f29,f30	 f29:0x442c855d f30:0x3f7d1f60 f31=0x442cc4a5
           5020	      2506	00101188	a1f4a223	sw	x31,-1532(x9)	  x9:0x00102000 x31:0x442cc4a5 PA:0x00101a04 store:0x442cc4a5 load:0x3f7d1f60
           5022	      2507	0010118c	ee6794e3	bne	x15,x6,101074	 x15:0x0000005d  x6:0x00000064
           5034	      2513	00101074	a0042083	lw	x1,-1536(x8)	  x8:0x00102000  x1=0x3f7d1f60 PA:0x00101a00 store:0x00000000
           5036	      2514	00101078	d007f5d3	fcvt.s.w	f11,x15	 x15:0x0000005d f11=0x42ba0000
           5038	      2515	0010107c	9fc92803	lw	x16,-1540(x18)	 x18:0x00102000 x16=0x4336f746 PA:0x001019fc store:0x4336f746
           5040	      2516	00101080	00178893	addi	x17,x15,1	 x15:0x0000005d x17=0x0000005e
           5048	      2520	00101084	a044a603	lw	x12,-1532(x9)	  x9:0x00102000 x12=0x442cc4a5 PA:0x00101a04 store:0x00000000
           5050	      2521	00101088	8015fac3	fmadd.s	f21,f11,f1,f16	 f11:0x42ba0000  f1:0x3f7d1f60 f16:0x42ba0000 f21=0x4338f466
           5056	      2524	0010108c	a0042b03	lw	x22,-1536(x8)	  x8:0x00102000 x22=0x3f7d1f60 PA:0x00101a00 store:0x00000000
           5058	      2525	00101090	d008fbd3	fcvt.s.w	f23,x17	 x17:0x0000005e f23=0x42bc0000
           5064	      2528	00101094	a0042c03	lw	x24,-1536(x8)	  x8:0x00102000 x24=0x3f7d1f60 PA:0x00101a00 store:0x00000000
           5066	      2529	00101098	01667cd3	fadd.s	f25,f12,f22	 f12:0x442cc4a5 f22:0x3f7d1f60 f25=0x442d03ed
           5068	      2530	0010109c	9f592e23	sw	x21,-1540(x18)	 x18:0x00102000 x21:0x4338f466 PA:0x001019fc store:0x4338f466 load:0x3f7d1f60
           5070	      2531	001010a0	9fc92d03	lw	x26,-1540(x18)	 x18:0x00102000 x26=0x4338f466 PA:0x001019fc store:0x4336f746
           5078	      2535	001010a4	00278e13	addi	x28,x15,2	 x15:0x0000005d x28=0x0000005f
           5080	      2536	001010a8	d00e7ed3	fcvt.s.w	f29,x28	 x28:0x0000005f f29=0x42be0000
           5082	      2537	001010ac	d18bff43	fmadd.s	f30,f23,f24,f26	 f23:0x42bc0000 f24:0x3f7d1f60 f26:0x42bc0000 f30=0x433af185
           5084	      2538	001010b0	a194a223	sw	x25,-1532(x9)	  x9:0x00102000 x25:0x442d03ed PA:0x00101a04 store:0x442d03ed load:0x4338f466
           5086	      2539	001010b4	a044af83	lw	x31,-1532(x9)	  x9:0x00102000 x31=0x442d03ed PA:0x00101a04 store:0x00000000
           5090	      2541	001010b8	a0042503	lw	x10,-1536(x8)	  x8:0x00102000 x10=0x3f7d1f60 PA:0x00101a00 store:0x00000000
           5094	      2543	001010bc	a0042683	lw	x13,-1536(x8)	  x8:0x00102000 x13=0x3f7d1f60 PA:0x00101a00 store:0x00000000
           5098	      2545	001010c0	9fe92e23	sw	x30,-1540(x18)	 x18:0x00102000 x30:0x433af185 PA:0x001019fc store:0x433af185 load:0x3f7d1f60
           5108	      2550	001010c4	9fc92283	lw	x5,-1540(x18)	 x18:0x00102000  x5=0x433af185 PA:0x001019fc store:0x0000005f
           5110	      2551	001010c8	00aff3d3	fadd.s	f7,f31,f10	 f31:0x442d03ed f10:0x3f7d1f60  f7=0x442d4335
           5114	      2553	001010cc	00378713	addi	x14,x15,3	 x15:0x0000005d x14=0x00000060
           5116	      2554	001010d0	28def0c3	fmadd.s	f1,f29,f13,f5	 f29:0x42be0000 f13:0x3f7d1f60  f5:0x42be0000  f1=0x433ceea5
           5118	      2555	001010d4	d00775d3	fcvt.s.w	f11,x14	 x14:0x00000060 f11=0x42c00000
           5120	      2556	001010d8	00478613	addi	x12,x15,4	 x15:0x0000005d x12=0x00000061
           5122	      2557	001010dc	a074a223	sw	x7,-1532(x9)	  x9:0x00102000  x7:0x442d4335 PA:0x00101a04 store:0x442d4335 load:0x433af185
           5124	      2558	001010e0	a044aa83	lw	x21,-1532(x9)	  x9:0x00102000 x21=0x442d4335 PA:0x00101a04 store:0x00000000
           5128	      2560	001010e4	9e192e23	sw	x1,-1540(x18)	 x18:0x00102000  x1:0x433ceea5 PA:0x001019fc store:0x433ceea5 load:0x442d4335
           5132	      2562	001010e8	a0042883	lw	x17,-1536(x8)	  x8:0x00102000 x17=0x3f7d1f60 PA:0x00101a00 store:0x00000000
           5136	      2564	001010ec	a0042803	lw	x16,-1536(x8)	  x8:0x00102000 x16=0x3f7d1f60 PA:0x00101a00 store:0x00000000
           5146	      2569	001010f0	9fc92b03	lw	x22,-1540(x18)	 x18:0x00102000 x22=0x433ceea5 PA:0x001019fc store:0x0000005f
           5148	      2570	001010f4	011afbd3	fadd.s	f23,f21,f17	 f21:0x442d4335 f17:0x3f7d1f60 f23=0x442d827d
           5150	      2571	001010f8	d0067c53	fcvt.s.w	f24,x12	 x12:0x00000061 f24=0x42c20000
           5152	      2572	001010fc	b105fcc3	fmadd.s	f25,f11,f16,f22	 f11:0x42c00000 f16:0x3f7d1f60 f22:0x42c00000 f25=0x433eebc4
           5156	      2574	00101100	00578d13	addi	x26,x15,5	 x15:0x0000005d x26=0x00000062
           5158	      2575	00101104	d00d7e53	fcvt.s.w	f28,x26	 x26:0x00000062 f28=0x42c40000
           5160	      2576	00101108	a174a223	sw	x23,-1532(x9)	  x9:0x00102000 x23:0x442d827d PA:0x00101a04 store:0x442d827d load:0x433ceea5
           5162	      2577	0010110c	a044ae83	lw	x29,-1532(x9)	  x9:0x00102000 x29=0x442d827d PA:0x00101a04 store:0x00000000
           5166	      2579	00101110	9f992e23	sw	x25,-1540(x18)	 x18:0x00102000 x25:0x433eebc4 PA:0x001019fc store:0x433eebc4 load:0x442d827d
           5170	      2581	00101114	a0042f03	lw	x30,-1536(x8)	  x8:0x00102000 x30=0x3f7d1f60 PA:0x00101a00 store:0x00000000
           5174	      2583	00101118	a0042f83	lw	x31,-1536(x8)	  x8:0x00102000 x31=0x3f7d1f60 PA:0x00101a00 store:0x00000000
           5184	      2588	0010111c	9fc92683	lw	x13,-1540(x18)	 x18:0x00102000 x13=0x433eebc4 PA:0x001019fc store:0x42c40000
           5186	      2589	00101120	01eef553	fadd.s	f10,f29,f30	 f29:0x442d827d f30:0x3f7d1f60 f10=0x442dc1c5
           5190	      2591	00101124	00678293	addi	x5,x15,6	 x15:0x0000005d  x5=0x00000063
           5192	      2592	00101128	69fc73c3	fmadd.s	f7,f24,f31,f13	 f24:0x42c20000 f31:0x3f7d1f60 f13:0x42c20000  f7=0x4340e8e3
           5194	      2593	0010112c	d002f753	fcvt.s.w	f14,x5	  x5:0x00000063 f14=0x42c60000
           5196	      2594	00101130	00778793	addi	x15,x15,7	 x15:0x0000005d x15=0x00000064
           5198	      2595	00101134	a0a4a223	sw	x10,-1532(x9)	  x9:0x00102000 x10:0x442dc1c5 PA:0x00101a04 store:0x442dc1c5 load:0x433eebc4
           5200	      2596	00101138	a044a083	lw	x1,-1532(x9)	  x9:0x00102000  x1=0x442dc1c5 PA:0x00101a04 store:0x00000000
           5204	      2598	0010113c	9e792e23	sw	x7,-1540(x18)	 x18:0x00102000  x7:0x4340e8e3 PA:0x001019fc store:0x4340e8e3 load:0x442dc1c5
           5208	      2600	00101140	a0042583	lw	x11,-1536(x8)	  x8:0x00102000 x11=0x3f7d1f60 PA:0x00101a00 store:0x00000000
           5212	      2602	00101144	a0042a83	lw	x21,-1536(x8)	  x8:0x00102000 x21=0x3f7d1f60 PA:0x00101a00 store:0x00000000
           5222	      2607	00101148	9fc92883	lw	x17,-1540(x18)	 x18:0x00102000 x17=0x4340e8e3 PA:0x001019fc store:0x42c40000
           5224	      2608	0010114c	00b0f653	fadd.s	f12,f1,f11	  f1:0x442dc1c5 f11:0x3f7d1f60 f12=0x442e010d
           5226	      2609	00101150	895e7843	fmadd.s	f16,f28,f21,f17	 f28:0x42c40000 f21:0x3f7d1f60 f17:0x42c40000 f16=0x4342e603
           5228	      2610	00101154	a0c4a223	sw	x12,-1532(x9)	  x9:0x00102000 x12:0x442e010d PA:0x00101a04 store:0x442e010d load:0x4340e8e3
           5230	      2611	00101158	9f092e23	sw	x16,-1540(x18)	 x18:0x00102000 x16:0x4342e603 PA:0x001019fc store:0x4342e603 load:0x4340e8e3
           5234	      2613	0010115c	a044ab03	lw	x22,-1532(x9)	  x9:0x00102000 x22=0x442e010d PA:0x00101a04 store:0x00000000
           5238	      2615	00101160	a0042b83	lw	x23,-1536(x8)	  x8:0x00102000 x23=0x3f7d1f60 PA:0x00101a00 store:0x00000000
           5242	      2617	00101164	a0042c03	lw	x24,-1536(x8)	  x8:0x00102000 x24=0x3f7d1f60 PA:0x00101a00 store:0x00000000
           5252	      2622	00101168	9fc92c83	lw	x25,-1540(x18)	 x18:0x00102000 x25=0x4342e603 PA:0x001019fc store:0x42c40000
           5254	      2623	0010116c	017b7d53	fadd.s	f26,f22,f23	 f22:0x442e010d f23:0x3f7d1f60 f26=0x442e4055
           5256	      2624	00101170	c9877e43	fmadd.s	f28,f14,f24,f25	 f14:0x42c60000 f24:0x3f7d1f60 f25:0x42c60000 f28=0x4344e322
           5258	      2625	00101174	a1a4a223	sw	x26,-1532(x9)	  x9:0x00102000 x26:0x442e4055 PA:0x00101a04 store:0x442e4055 load:0x4342e603
           5260	      2626	00101178	a044ae83	lw	x29,-1532(x9)	  x9:0x00102000 x29=0x442e4055 PA:0x00101a04 store:0x00000000
           5264	      2628	0010117c	a0042f03	lw	x30,-1536(x8)	  x8:0x00102000 x30=0x3f7d1f60 PA:0x00101a00 store:0x00000000
           5274	      2633	00101180	9fc92e23	sw	x28,-1540(x18)	 x18:0x00102000 x28:0x4344e322 PA:0x001019fc store:0x4344e322 load:0x3f7d1f60
           5276	      2634	00101184	01eeffd3	fadd.s	f31,f29,f30	 f29:0x442e4055 f30:0x3f7d1f60 f31=0x442e7f9d
           5278	      2635	00101188	a1f4a223	sw	x31,-1532(x9)	  x9:0x00102000 x31:0x442e7f9d PA:0x00101a04 store:0x442e7f9d load:0x3f7d1f60
           5280	      2636	0010118c	ee6794e3	bne	x15,x6,101074	 x15:0x00000064  x6:0x00000064
           5282	      2637	00101190	00101337	lui	x6,0x101	  x6=0x00101000
           5284	      2638	00101194	71030513	addi	x10,x6,1808	  x6:0x00101000 x10=0x00101710
           5286	      2639	00101198	f09fe0ef	jal	x1,1000a0	  x1=0x0010119c
           5290	      2641	001000a0	00054803	lbu	x16,0(x10)	 x10:0x00101710 x16=0x0000000a PA:0x00101710 store:0x00000000
           5292	      2642	001000a4	06080663	beq	x16,x0,100110	 x16:0x0000000a  x0:0x00000000
           5294	      2643	001000a8	000207b7	lui	x15,0x20	 x15=0x00020000
           5298	      2645	001000ac	0107a023	sw	x16,0(x15)	 x15:0x00020000 x16:0x0000000a PA:0x00020000 store:0x0000000a load:0x00000000
           5302	      2647	001000b0	00154703	lbu	x14,1(x10)	 x10:0x00101710 x14=0x0000000a PA:0x00101711 store:0x0010119c
           5304	      2648	001000b4	04070e63	beq	x14,x0,100110	 x14:0x0000000a  x0:0x00000000
           5308	      2650	001000b8	00e7a023	sw	x14,0(x15)	 x15:0x00020000 x14:0x0000000a PA:0x00020000 store:0x0000000a load:0x00000000
           5312	      2652	001000bc	00254283	lbu	x5,2(x10)	 x10:0x00101710  x5=0x00000031 PA:0x00101712 store:0x00137fd0
           5314	      2653	001000c0	04028863	beq	x5,x0,100110	  x5:0x00000031  x0:0x00000000
           5318	      2655	001000c4	0057a023	sw	x5,0(x15)	 x15:0x00020000  x5:0x00000031 PA:0x00020000 store:0x00000031 load:0x00000000
           5322	      2657	001000c8	00354303	lbu	x6,3(x10)	 x10:0x00101710  x6=0x00000030 PA:0x00101713 store:0x00000000
           5324	      2658	001000cc	04030263	beq	x6,x0,100110	  x6:0x00000030  x0:0x00000000
           5328	      2660	001000d0	0067a023	sw	x6,0(x15)	 x15:0x00020000  x6:0x00000030 PA:0x00020000 store:0x00000030 load:0x00000000
           5332	      2662	001000d4	00454383	lbu	x7,4(x10)	 x10:0x00101710  x7=0x00000030 PA:0x00101714 store:0x00000000
           5334	      2663	001000d8	02038c63	beq	x7,x0,100110	  x7:0x00000030  x0:0x00000000
           5338	      2665	001000dc	0077a023	sw	x7,0(x15)	 x15:0x00020000  x7:0x00000030 PA:0x00020000 store:0x00000030 load:0x00000000
           5342	      2667	001000e0	00554583	lbu	x11,5(x10)	 x10:0x00101710 x11=0x00000020 PA:0x00101715 store:0x00000031
           5344	      2668	001000e4	02058663	beq	x11,x0,100110	 x11:0x00000020  x0:0x00000000
           5348	      2670	001000e8	00b7a023	sw	x11,0(x15)	 x15:0x00020000 x11:0x00000020 PA:0x00020000 store:0x00000020 load:0x00000000
           5352	      2672	001000ec	00654603	lbu	x12,6(x10)	 x10:0x00101710 x12=0x00000046 PA:0x00101716 store:0x00000030
           5354	      2673	001000f0	02060063	beq	x12,x0,100110	 x12:0x00000046  x0:0x00000000
           5358	      2675	001000f4	00c7a023	sw	x12,0(x15)	 x15:0x00020000 x12:0x00000046 PA:0x00020000 store:0x00000046 load:0x00000000
           5362	      2677	001000f8	00754683	lbu	x13,7(x10)	 x10:0x00101710 x13=0x0000004d PA:0x00101717 store:0x00000030
           5364	      2678	001000fc	00850513	addi	x10,x10,8	 x10:0x00101710 x10=0x00101718
           5366	      2679	00100100	00068863	beq	x13,x0,100110	 x13:0x0000004d  x0:0x00000000
           5370	      2681	00100104	00d7a023	sw	x13,0(x15)	 x15:0x00020000 x13:0x0000004d PA:0x00020000 store:0x0000004d load:0x00000000
           5374	      2683	00100108	00054803	lbu	x16,0(x10)	 x10:0x00101718 x16=0x00000041 PA:0x00101718 store:0x00000000
           5378	      2685	0010010c	fa0810e3	bne	x16,x0,1000ac	 x16:0x00000041  x0:0x00000000
           5384	      2688	001000ac	0107a023	sw	x16,0(x15)	 x15:0x00020000 x16:0x00000041 PA:0x00020000 store:0x00000041 load:0x00000000
           5388	      2690	001000b0	00154703	lbu	x14,1(x10)	 x10:0x00101718 x14=0x00000044 PA:0x00101719 store:0x0010119c
           5390	      2691	001000b4	04070e63	beq	x14,x0,100110	 x14:0x00000044  x0:0x00000000
           5394	      2693	001000b8	00e7a023	sw	x14,0(x15)	 x15:0x00020000 x14:0x00000044 PA:0x00020000 store:0x00000044 load:0x00000000
           5398	      2695	001000bc	00254283	lbu	x5,2(x10)	 x10:0x00101718  x5=0x00000044 PA:0x0010171a store:0x00137fd0
           5400	      2696	001000c0	04028863	beq	x5,x0,100110	  x5:0x00000044  x0:0x00000000
           5404	      2698	001000c4	0057a023	sw	x5,0(x15)	 x15:0x00020000  x5:0x00000044 PA:0x00020000 store:0x00000044 load:0x00000000
           5408	      2700	001000c8	00354303	lbu	x6,3(x10)	 x10:0x00101718  x6=0x00000073 PA:0x0010171b store:0x00000000
           5410	      2701	001000cc	04030263	beq	x6,x0,100110	  x6:0x00000073  x0:0x00000000
           5414	      2703	001000d0	0067a023	sw	x6,0(x15)	 x15:0x00020000  x6:0x00000073 PA:0x00020000 store:0x00000073 load:0x00000000
           5418	      2705	001000d4	00454383	lbu	x7,4(x10)	 x10:0x00101718  x7=0x00000020 PA:0x0010171c store:0x00000000
           5420	      2706	001000d8	02038c63	beq	x7,x0,100110	  x7:0x00000020  x0:0x00000000
           5424	      2708	001000dc	0077a023	sw	x7,0(x15)	 x15:0x00020000  x7:0x00000020 PA:0x00020000 store:0x00000020 load:0x00000000
           5428	      2710	001000e0	00554583	lbu	x11,5(x10)	 x10:0x00101718 x11=0x00000072 PA:0x0010171d store:0x00000044
           5430	      2711	001000e4	02058663	beq	x11,x0,100110	 x11:0x00000072  x0:0x00000000
           5434	      2713	001000e8	00b7a023	sw	x11,0(x15)	 x15:0x00020000 x11:0x00000072 PA:0x00020000 store:0x00000072 load:0x00000000
           5438	      2715	001000ec	00654603	lbu	x12,6(x10)	 x10:0x00101718 x12=0x00000065 PA:0x0010171e store:0x00000073
           5440	      2716	001000f0	02060063	beq	x12,x0,100110	 x12:0x00000065  x0:0x00000000
           5444	      2718	001000f4	00c7a023	sw	x12,0(x15)	 x15:0x00020000 x12:0x00000065 PA:0x00020000 store:0x00000065 load:0x00000000
           5448	      2720	001000f8	00754683	lbu	x13,7(x10)	 x10:0x00101718 x13=0x00000073 PA:0x0010171f store:0x00000020
           5450	      2721	001000fc	00850513	addi	x10,x10,8	 x10:0x00101718 x10=0x00101720
           5452	      2722	00100100	00068863	beq	x13,x0,100110	 x13:0x00000073  x0:0x00000000
           5456	      2724	00100104	00d7a023	sw	x13,0(x15)	 x15:0x00020000 x13:0x00000073 PA:0x00020000 store:0x00000073 load:0x00000000
           5460	      2726	00100108	00054803	lbu	x16,0(x10)	 x10:0x00101720 x16=0x00000075 PA:0x00101720 store:0x00000000
           5464	      2728	0010010c	fa0810e3	bne	x16,x0,1000ac	 x16:0x00000075  x0:0x00000000
           5470	      2731	001000ac	0107a023	sw	x16,0(x15)	 x15:0x00020000 x16:0x00000075 PA:0x00020000 store:0x00000075 load:0x00000000
           5474	      2733	001000b0	00154703	lbu	x14,1(x10)	 x10:0x00101720 x14=0x0000006c PA:0x00101721 store:0x0010119c
           5476	      2734	001000b4	04070e63	beq	x14,x0,100110	 x14:0x0000006c  x0:0x00000000
           5480	      2736	001000b8	00e7a023	sw	x14,0(x15)	 x15:0x00020000 x14:0x0000006c PA:0x00020000 store:0x0000006c load:0x00000000
           5484	      2738	001000bc	00254283	lbu	x5,2(x10)	 x10:0x00101720  x5=0x00000074 PA:0x00101722 store:0x00137fd0
           5486	      2739	001000c0	04028863	beq	x5,x0,100110	  x5:0x00000074  x0:0x00000000
           5490	      2741	001000c4	0057a023	sw	x5,0(x15)	 x15:0x00020000  x5:0x00000074 PA:0x00020000 store:0x00000074 load:0x00000000
           5494	      2743	001000c8	00354303	lbu	x6,3(x10)	 x10:0x00101720  x6=0x00000020 PA:0x00101723 store:0x00000000
           5496	      2744	001000cc	04030263	beq	x6,x0,100110	  x6:0x00000020  x0:0x00000000
           5500	      2746	001000d0	0067a023	sw	x6,0(x15)	 x15:0x00020000  x6:0x00000020 PA:0x00020000 store:0x00000020 load:0x00000000
           5504	      2748	001000d4	00454383	lbu	x7,4(x10)	 x10:0x00101720  x7=0x00000069 PA:0x00101724 store:0x00000000
           5506	      2749	001000d8	02038c63	beq	x7,x0,100110	  x7:0x00000069  x0:0x00000000
           5510	      2751	001000dc	0077a023	sw	x7,0(x15)	 x15:0x00020000  x7:0x00000069 PA:0x00020000 store:0x00000069 load:0x00000000
           5514	      2753	001000e0	00554583	lbu	x11,5(x10)	 x10:0x00101720 x11=0x0000006e PA:0x00101725 store:0x00000074
           5516	      2754	001000e4	02058663	beq	x11,x0,100110	 x11:0x0000006e  x0:0x00000000
           5520	      2756	001000e8	00b7a023	sw	x11,0(x15)	 x15:0x00020000 x11:0x0000006e PA:0x00020000 store:0x0000006e load:0x00000000
           5524	      2758	001000ec	00654603	lbu	x12,6(x10)	 x10:0x00101720 x12=0x0000003a PA:0x00101726 store:0x00000020
           5526	      2759	001000f0	02060063	beq	x12,x0,100110	 x12:0x0000003a  x0:0x00000000
           5530	      2761	001000f4	00c7a023	sw	x12,0(x15)	 x15:0x00020000 x12:0x0000003a PA:0x00020000 store:0x0000003a load:0x00000000
           5534	      2763	001000f8	00754683	lbu	x13,7(x10)	 x10:0x00101720 x13=0x00000020 PA:0x00101727 store:0x00000069
           5536	      2764	001000fc	00850513	addi	x10,x10,8	 x10:0x00101720 x10=0x00101728
           5538	      2765	00100100	00068863	beq	x13,x0,100110	 x13:0x00000020  x0:0x00000000
           5542	      2767	00100104	00d7a023	sw	x13,0(x15)	 x15:0x00020000 x13:0x00000020 PA:0x00020000 store:0x00000020 load:0x00000000
           5546	      2769	00100108	00054803	lbu	x16,0(x10)	 x10:0x00101728 x16=0x00000000 PA:0x00101728 store:0x00000000
           5548	      2770	0010010c	fa0810e3	bne	x16,x0,1000ac	 x16:0x00000000  x0:0x00000000
           5550	      2771	00100110	00000513	addi	x10,x0,0	  x0:0x00000000 x10=0x00000000
           5554	      2773	00100114	00008067	jalr	x0,0(x1)	  x1:0x0010119c  x0=0x00000000
           5556	      2774	0010119c	00102c37	lui	x24,0x102	 x24=0x00102000
           5560	      2776	001011a0	9e0c2503	lw	x10,-1568(x24)	 x24:0x00102000 x10=0x00000000 PA:0x001019e0 store:0x00000000
           5562	      2777	001011a4	00101cb7	lui	x25,0x101	 x25=0x00101000
           5564	      2778	001011a8	00102ab7	lui	x21,0x102	 x21=0x00102000
           5568	      2780	001011ac	f75fe0ef	jal	x1,100120	  x1=0x001011b0
           5570	      2781	00100120	01c55793	srli	x15,x10,0x1c	 x10:0x00000000 x15=0x00000000
           5572	      2782	00100124	00900713	addi	x14,x0,9	  x0:0x00000000 x14=0x00000009
           5576	      2784	00100128	0cf77a63	bgeu	x14,x15,1001fc	 x14:0x00000009 x15:0x00000000
           5580	      2786	001001fc	03078393	addi	x7,x15,48	 x15:0x00000000  x7=0x00000030
           5582	      2787	00100200	000205b7	lui	x11,0x20	 x11=0x00020000
           5584	      2788	00100204	00451613	slli	x12,x10,0x4	 x10:0x00000000 x12=0x00000000
           5588	      2790	00100208	0075a023	sw	x7,0(x11)	 x11:0x00020000  x7:0x00000030 PA:0x00020000 store:0x00000030 load:0x00000000
           5590	      2791	0010020c	01c65693	srli	x13,x12,0x1c	 x12:0x00000000 x13=0x00000000
           5592	      2792	00100210	00900813	addi	x16,x0,9	  x0:0x00000000 x16=0x00000009
           5594	      2793	00100214	f2d86ae3	bltu	x16,x13,100148	 x16:0x00000009 x13:0x00000000
           5596	      2794	00100218	03068e93	addi	x29,x13,48	 x13:0x00000000 x29=0x00000030
           5598	      2795	0010021c	00020f37	lui	x30,0x20	 x30=0x00020000
           5600	      2796	00100220	00851f93	slli	x31,x10,0x8	 x10:0x00000000 x31=0x00000000
           5604	      2798	00100224	01df2023	sw	x29,0(x30)	 x30:0x00020000 x29:0x00000030 PA:0x00020000 store:0x00000030 load:0x00000000
           5606	      2799	00100228	01cfd793	srli	x15,x31,0x1c	 x31:0x00000000 x15=0x00000000
           5608	      2800	0010022c	00900713	addi	x14,x0,9	  x0:0x00000000 x14=0x00000009
           5610	      2801	00100230	f2f76ae3	bltu	x14,x15,100164	 x14:0x00000009 x15:0x00000000
           5612	      2802	00100234	03078393	addi	x7,x15,48	 x15:0x00000000  x7=0x00000030
           5614	      2803	00100238	000205b7	lui	x11,0x20	 x11=0x00020000
           5616	      2804	0010023c	00c51613	slli	x12,x10,0xc	 x10:0x00000000 x12=0x00000000
           5620	      2806	00100240	0075a023	sw	x7,0(x11)	 x11:0x00020000  x7:0x00000030 PA:0x00020000 store:0x00000030 load:0x00000000
           5622	      2807	00100244	01c65693	srli	x13,x12,0x1c	 x12:0x00000000 x13=0x00000000
           5624	      2808	00100248	00900813	addi	x16,x0,9	  x0:0x00000000 x16=0x00000009
           5626	      2809	0010024c	f2d86ae3	bltu	x16,x13,100180	 x16:0x00000009 x13:0x00000000
           5628	      2810	00100250	03068e93	addi	x29,x13,48	 x13:0x00000000 x29=0x00000030
           5630	      2811	00100254	00020f37	lui	x30,0x20	 x30=0x00020000
           5632	      2812	00100258	01051f93	slli	x31,x10,0x10	 x10:0x00000000 x31=0x00000000
           5636	      2814	0010025c	01df2023	sw	x29,0(x30)	 x30:0x00020000 x29:0x00000030 PA:0x00020000 store:0x00000030 load:0x00000000
           5638	      2815	00100260	01cfd793	srli	x15,x31,0x1c	 x31:0x00000000 x15=0x00000000
           5640	      2816	00100264	00900713	addi	x14,x0,9	  x0:0x00000000 x14=0x00000009
           5642	      2817	00100268	f2f76ae3	bltu	x14,x15,10019c	 x14:0x00000009 x15:0x00000000
           5644	      2818	0010026c	03078393	addi	x7,x15,48	 x15:0x00000000  x7=0x00000030
           5646	      2819	00100270	000205b7	lui	x11,0x20	 x11=0x00020000
           5648	      2820	00100274	01451613	slli	x12,x10,0x14	 x10:0x00000000 x12=0x00000000
           5652	      2822	00100278	0075a023	sw	x7,0(x11)	 x11:0x00020000  x7:0x00000030 PA:0x00020000 store:0x00000030 load:0x00000000
           5654	      2823	0010027c	01c65693	srli	x13,x12,0x1c	 x12:0x00000000 x13=0x00000000
           5656	      2824	00100280	00900813	addi	x16,x0,9	  x0:0x00000000 x16=0x00000009
           5658	      2825	00100284	f2d86ae3	bltu	x16,x13,1001b8	 x16:0x00000009 x13:0x00000000
           5660	      2826	00100288	03068e93	addi	x29,x13,48	 x13:0x00000000 x29=0x00000030
           5662	      2827	0010028c	00020f37	lui	x30,0x20	 x30=0x00020000
           5664	      2828	00100290	01851f93	slli	x31,x10,0x18	 x10:0x00000000 x31=0x00000000
           5668	      2830	00100294	01df2023	sw	x29,0(x30)	 x30:0x00020000 x29:0x00000030 PA:0x00020000 store:0x00000030 load:0x00000000
           5670	      2831	00100298	01cfd793	srli	x15,x31,0x1c	 x31:0x00000000 x15=0x00000000
           5672	      2832	0010029c	00900713	addi	x14,x0,9	  x0:0x00000000 x14=0x00000009
           5674	      2833	001002a0	f2f76ae3	bltu	x14,x15,1001d4	 x14:0x00000009 x15:0x00000000
           5676	      2834	001002a4	03078393	addi	x7,x15,48	 x15:0x00000000  x7=0x00000030
           5678	      2835	001002a8	000205b7	lui	x11,0x20	 x11=0x00020000
           5682	      2837	001002ac	0075a023	sw	x7,0(x11)	 x11:0x00020000  x7:0x00000030 PA:0x00020000 store:0x00000030 load:0x00000000
           5684	      2838	001002b0	00f57513	andi	x10,x10,15	 x10:0x00000000 x10=0x00000000
           5686	      2839	001002b4	00900613	addi	x12,x0,9	  x0:0x00000000 x12=0x00000009
           5690	      2841	001002b8	f2a67ae3	bgeu	x12,x10,1001ec	 x12:0x00000009 x10:0x00000000
           5694	      2843	001001ec	03050893	addi	x17,x10,48	 x10:0x00000000 x17=0x00000030
           5696	      2844	001001f0	00020e37	lui	x28,0x20	 x28=0x00020000
           5700	      2846	001001f4	011e2023	sw	x17,0(x28)	 x28:0x00020000 x17:0x00000030 PA:0x00020000 store:0x00000030 load:0x00000000
           5704	      2848	001001f8	00008067	jalr	x0,0(x1)	  x1:0x001011b0  x0=0x00000000
           5706	      2849	001011b0	00101537	lui	x10,0x101	 x10=0x00101000
           5710	      2851	001011b4	67052383	lw	x7,1648(x10)	 x10:0x00101000  x7=0x42f64a98 PA:0x00101670 store:0x00000009
           5712	      2852	001011b8	001016b7	lui	x13,0x101	 x13=0x00101000
           5716	      2854	001011bc	6746a783	lw	x15,1652(x13)	 x13:0x00101000 x15=0x41433afb PA:0x00101674 store:0x00102000
           5720	      2856	001011c0	678ca283	lw	x5,1656(x25)	 x25:0x00101000  x5=0x80000000 PA:0x00101678 store:0x00102000
           5722	      2857	001011c4	00101737	lui	x14,0x101	 x14=0x00101000
           5726	      2859	001011c8	9e7aa423	sw	x7,-1560(x21)	 x21:0x00102000  x7:0x42f64a98 PA:0x001019e8 store:0x42f64a98 load:0x80000000
           5730	      2861	001011cc	67c72883	lw	x17,1660(x14)	 x14:0x00101000 x17=0x3ea4b87c PA:0x0010167c store:0x00020000
           5732	      2862	001011d0	00102b37	lui	x22,0x102	 x22=0x00102000
           5736	      2864	001011d4	9efb2823	sw	x15,-1552(x22)	 x22:0x00102000 x15:0x41433afb PA:0x001019f0 store:0x41433afb load:0x3ea4b87c
           5738	      2865	001011d8	001015b7	lui	x11,0x101	 x11=0x00101000
           5740	      2866	001011dc	00102bb7	lui	x23,0x102	 x23=0x00102000
           5744	      2868	001011e0	9e5baa23	sw	x5,-1548(x23)	 x23:0x00102000  x5:0x80000000 PA:0x001019f4 store:0x80000000 load:0x3ea4b87c
           5746	      2869	001011e4	72c58513	addi	x10,x11,1836	 x11:0x00101000 x10=0x0010172c
           5750	      2871	001011e8	a1142023	sw	x17,-1536(x8)	  x8:0x00102000 x17:0x3ea4b87c PA:0x00101a00 store:0x3ea4b87c load:0x3ea4b87c
           5754	      2873	001011ec	eb5fe0ef	jal	x1,1000a0	  x1=0x001011f0
           5758	      2875	001000a0	00054803	lbu	x16,0(x10)	 x10:0x0010172c x16=0x0000000a PA:0x0010172c store:0x00000000
           5760	      2876	001000a4	06080663	beq	x16,x0,100110	 x16:0x0000000a  x0:0x00000000
           5762	      2877	001000a8	000207b7	lui	x15,0x20	 x15=0x00020000
           5766	      2879	001000ac	0107a023	sw	x16,0(x15)	 x15:0x00020000 x16:0x0000000a PA:0x00020000 store:0x0000000a load:0x00000000
           5770	      2881	001000b0	00154703	lbu	x14,1(x10)	 x10:0x0010172c x14=0x0000000a PA:0x0010172d store:0x001011f0
           5772	      2882	001000b4	04070e63	beq	x14,x0,100110	 x14:0x0000000a  x0:0x00000000
           5776	      2884	001000b8	00e7a023	sw	x14,0(x15)	 x15:0x00020000 x14:0x0000000a PA:0x00020000 store:0x0000000a load:0x00000000
           5780	      2886	001000bc	00254283	lbu	x5,2(x10)	 x10:0x0010172c  x5=0x00000053 PA:0x0010172e store:0x00137fd0
           5782	      2887	001000c0	04028863	beq	x5,x0,100110	  x5:0x00000053  x0:0x00000000
           5786	      2889	001000c4	0057a023	sw	x5,0(x15)	 x15:0x00020000  x5:0x00000053 PA:0x00020000 store:0x00000053 load:0x00000000
           5790	      2891	001000c8	00354303	lbu	x6,3(x10)	 x10:0x0010172c  x6=0x00000069 PA:0x0010172f store:0x00000000
           5792	      2892	001000cc	04030263	beq	x6,x0,100110	  x6:0x00000069  x0:0x00000000
           5796	      2894	001000d0	0067a023	sw	x6,0(x15)	 x15:0x00020000  x6:0x00000069 PA:0x00020000 store:0x00000069 load:0x00000000
           5800	      2896	001000d4	00454383	lbu	x7,4(x10)	 x10:0x0010172c  x7=0x00000067 PA:0x00101730 store:0x00000000
           5802	      2897	001000d8	02038c63	beq	x7,x0,100110	  x7:0x00000067  x0:0x00000000
           5806	      2899	001000dc	0077a023	sw	x7,0(x15)	 x15:0x00020000  x7:0x00000067 PA:0x00020000 store:0x00000067 load:0x00000000
           5810	      2901	001000e0	00554583	lbu	x11,5(x10)	 x10:0x0010172c x11=0x0000006e PA:0x00101731 store:0x00000053
           5812	      2902	001000e4	02058663	beq	x11,x0,100110	 x11:0x0000006e  x0:0x00000000
           5816	      2904	001000e8	00b7a023	sw	x11,0(x15)	 x15:0x00020000 x11:0x0000006e PA:0x00020000 store:0x0000006e load:0x00000000
           5820	      2906	001000ec	00654603	lbu	x12,6(x10)	 x10:0x0010172c x12=0x0000002c PA:0x00101732 store:0x00000069
           5822	      2907	001000f0	02060063	beq	x12,x0,100110	 x12:0x0000002c  x0:0x00000000
           5826	      2909	001000f4	00c7a023	sw	x12,0(x15)	 x15:0x00020000 x12:0x0000002c PA:0x00020000 store:0x0000002c load:0x00000000
           5830	      2911	001000f8	00754683	lbu	x13,7(x10)	 x10:0x0010172c x13=0x00000020 PA:0x00101733 store:0x00000067
           5832	      2912	001000fc	00850513	addi	x10,x10,8	 x10:0x0010172c x10=0x00101734
           5834	      2913	00100100	00068863	beq	x13,x0,100110	 x13:0x00000020  x0:0x00000000
           5838	      2915	00100104	00d7a023	sw	x13,0(x15)	 x15:0x00020000 x13:0x00000020 PA:0x00020000 store:0x00000020 load:0x00000000
           5842	      2917	00100108	00054803	lbu	x16,0(x10)	 x10:0x00101734 x16=0x0000006d PA:0x00101734 store:0x00000000
           5846	      2919	0010010c	fa0810e3	bne	x16,x0,1000ac	 x16:0x0000006d  x0:0x00000000
           5852	      2922	001000ac	0107a023	sw	x16,0(x15)	 x15:0x00020000 x16:0x0000006d PA:0x00020000 store:0x0000006d load:0x00000000
           5856	      2924	001000b0	00154703	lbu	x14,1(x10)	 x10:0x00101734 x14=0x00000061 PA:0x00101735 store:0x001011f0
           5858	      2925	001000b4	04070e63	beq	x14,x0,100110	 x14:0x00000061  x0:0x00000000
           5862	      2927	001000b8	00e7a023	sw	x14,0(x15)	 x15:0x00020000 x14:0x00000061 PA:0x00020000 store:0x00000061 load:0x00000000
           5866	      2929	001000bc	00254283	lbu	x5,2(x10)	 x10:0x00101734  x5=0x00000078 PA:0x00101736 store:0x00137fd0
           5868	      2930	001000c0	04028863	beq	x5,x0,100110	  x5:0x00000078  x0:0x00000000
           5872	      2932	001000c4	0057a023	sw	x5,0(x15)	 x15:0x00020000  x5:0x00000078 PA:0x00020000 store:0x00000078 load:0x00000000
           5876	      2934	001000c8	00354303	lbu	x6,3(x10)	 x10:0x00101734  x6=0x00000020 PA:0x00101737 store:0x00000000
           5878	      2935	001000cc	04030263	beq	x6,x0,100110	  x6:0x00000020  x0:0x00000000
           5882	      2937	001000d0	0067a023	sw	x6,0(x15)	 x15:0x00020000  x6:0x00000020 PA:0x00020000 store:0x00000020 load:0x00000000
           5886	      2939	001000d4	00454383	lbu	x7,4(x10)	 x10:0x00101734  x7=0x00000061 PA:0x00101738 store:0x00000000
           5888	      2940	001000d8	02038c63	beq	x7,x0,100110	  x7:0x00000061  x0:0x00000000
           5892	      2942	001000dc	0077a023	sw	x7,0(x15)	 x15:0x00020000  x7:0x00000061 PA:0x00020000 store:0x00000061 load:0x00000000
           5896	      2944	001000e0	00554583	lbu	x11,5(x10)	 x10:0x00101734 x11=0x0000006e PA:0x00101739 store:0x00000078
           5898	      2945	001000e4	02058663	beq	x11,x0,100110	 x11:0x0000006e  x0:0x00000000
           5902	      2947	001000e8	00b7a023	sw	x11,0(x15)	 x15:0x00020000 x11:0x0000006e PA:0x00020000 store:0x0000006e load:0x00000000
           5906	      2949	001000ec	00654603	lbu	x12,6(x10)	 x10:0x00101734 x12=0x00000064 PA:0x0010173a store:0x00000020
           5908	      2950	001000f0	02060063	beq	x12,x0,100110	 x12:0x00000064  x0:0x00000000
           5912	      2952	001000f4	00c7a023	sw	x12,0(x15)	 x15:0x00020000 x12:0x00000064 PA:0x00020000 store:0x00000064 load:0x00000000
           5916	      2954	001000f8	00754683	lbu	x13,7(x10)	 x10:0x00101734 x13=0x00000020 PA:0x0010173b store:0x00000061
           5918	      2955	001000fc	00850513	addi	x10,x10,8	 x10:0x00101734 x10=0x0010173c
           5920	      2956	00100100	00068863	beq	x13,x0,100110	 x13:0x00000020  x0:0x00000000
           5924	      2958	00100104	00d7a023	sw	x13,0(x15)	 x15:0x00020000 x13:0x00000020 PA:0x00020000 store:0x00000020 load:0x00000000
           5928	      2960	00100108	00054803	lbu	x16,0(x10)	 x10:0x0010173c x16=0x00000066 PA:0x0010173c store:0x00000000
           5932	      2962	0010010c	fa0810e3	bne	x16,x0,1000ac	 x16:0x00000066  x0:0x00000000
           5938	      2965	001000ac	0107a023	sw	x16,0(x15)	 x15:0x00020000 x16:0x00000066 PA:0x00020000 store:0x00000066 load:0x00000000
           5942	      2967	001000b0	00154703	lbu	x14,1(x10)	 x10:0x0010173c x14=0x0000006e PA:0x0010173d store:0x001011f0
           5944	      2968	001000b4	04070e63	beq	x14,x0,100110	 x14:0x0000006e  x0:0x00000000
           5948	      2970	001000b8	00e7a023	sw	x14,0(x15)	 x15:0x00020000 x14:0x0000006e PA:0x00020000 store:0x0000006e load:0x00000000
           5952	      2972	001000bc	00254283	lbu	x5,2(x10)	 x10:0x0010173c  x5=0x0000006d PA:0x0010173e store:0x00137fd0
           5954	      2973	001000c0	04028863	beq	x5,x0,100110	  x5:0x0000006d  x0:0x00000000
           5958	      2975	001000c4	0057a023	sw	x5,0(x15)	 x15:0x00020000  x5:0x0000006d PA:0x00020000 store:0x0000006d load:0x00000000
           5962	      2977	001000c8	00354303	lbu	x6,3(x10)	 x10:0x0010173c  x6=0x00000073 PA:0x0010173f store:0x00000000
           5964	      2978	001000cc	04030263	beq	x6,x0,100110	  x6:0x00000073  x0:0x00000000
           5968	      2980	001000d0	0067a023	sw	x6,0(x15)	 x15:0x00020000  x6:0x00000073 PA:0x00020000 store:0x00000073 load:0x00000000
           5972	      2982	001000d4	00454383	lbu	x7,4(x10)	 x10:0x0010173c  x7=0x00000075 PA:0x00101740 store:0x00000000
           5974	      2983	001000d8	02038c63	beq	x7,x0,100110	  x7:0x00000075  x0:0x00000000
           5978	      2985	001000dc	0077a023	sw	x7,0(x15)	 x15:0x00020000  x7:0x00000075 PA:0x00020000 store:0x00000075 load:0x00000000
           5982	      2987	001000e0	00554583	lbu	x11,5(x10)	 x10:0x0010173c x11=0x00000062 PA:0x00101741 store:0x0000006d
           5984	      2988	001000e4	02058663	beq	x11,x0,100110	 x11:0x00000062  x0:0x00000000
           5988	      2990	001000e8	00b7a023	sw	x11,0(x15)	 x15:0x00020000 x11:0x00000062 PA:0x00020000 store:0x00000062 load:0x00000000
           5992	      2992	001000ec	00654603	lbu	x12,6(x10)	 x10:0x0010173c x12=0x00000020 PA:0x00101742 store:0x00000073
           5994	      2993	001000f0	02060063	beq	x12,x0,100110	 x12:0x00000020  x0:0x00000000
           5998	      2995	001000f4	00c7a023	sw	x12,0(x15)	 x15:0x00020000 x12:0x00000020 PA:0x00020000 store:0x00000020 load:0x00000000
           6002	      2997	001000f8	00754683	lbu	x13,7(x10)	 x10:0x0010173c x13=0x00000069 PA:0x00101743 store:0x00000075
           6004	      2998	001000fc	00850513	addi	x10,x10,8	 x10:0x0010173c x10=0x00101744
           6006	      2999	00100100	00068863	beq	x13,x0,100110	 x13:0x00000069  x0:0x00000000
           6010	      3001	00100104	00d7a023	sw	x13,0(x15)	 x15:0x00020000 x13:0x00000069 PA:0x00020000 store:0x00000069 load:0x00000000
           6014	      3003	00100108	00054803	lbu	x16,0(x10)	 x10:0x00101744 x16=0x0000006e PA:0x00101744 store:0x00000000
           6018	      3005	0010010c	fa0810e3	bne	x16,x0,1000ac	 x16:0x0000006e  x0:0x00000000
           6024	      3008	001000ac	0107a023	sw	x16,0(x15)	 x15:0x00020000 x16:0x0000006e PA:0x00020000 store:0x0000006e load:0x00000000
           6028	      3010	001000b0	00154703	lbu	x14,1(x10)	 x10:0x00101744 x14=0x00000020 PA:0x00101745 store:0x001011f0
           6030	      3011	001000b4	04070e63	beq	x14,x0,100110	 x14:0x00000020  x0:0x00000000
           6034	      3013	001000b8	00e7a023	sw	x14,0(x15)	 x15:0x00020000 x14:0x00000020 PA:0x00020000 store:0x00000020 load:0x00000000
           6038	      3015	001000bc	00254283	lbu	x5,2(x10)	 x10:0x00101744  x5=0x00000077 PA:0x00101746 store:0x00137fd0
           6040	      3016	001000c0	04028863	beq	x5,x0,100110	  x5:0x00000077  x0:0x00000000
           6044	      3018	001000c4	0057a023	sw	x5,0(x15)	 x15:0x00020000  x5:0x00000077 PA:0x00020000 store:0x00000077 load:0x00000000
           6048	      3020	001000c8	00354303	lbu	x6,3(x10)	 x10:0x00101744  x6=0x00000068 PA:0x00101747 store:0x00000000
           6050	      3021	001000cc	04030263	beq	x6,x0,100110	  x6:0x00000068  x0:0x00000000
           6054	      3023	001000d0	0067a023	sw	x6,0(x15)	 x15:0x00020000  x6:0x00000068 PA:0x00020000 store:0x00000068 load:0x00000000
           6058	      3025	001000d4	00454383	lbu	x7,4(x10)	 x10:0x00101744  x7=0x00000069 PA:0x00101748 store:0x00000000
           6060	      3026	001000d8	02038c63	beq	x7,x0,100110	  x7:0x00000069  x0:0x00000000
           6064	      3028	001000dc	0077a023	sw	x7,0(x15)	 x15:0x00020000  x7:0x00000069 PA:0x00020000 store:0x00000069 load:0x00000000
           6068	      3030	001000e0	00554583	lbu	x11,5(x10)	 x10:0x00101744 x11=0x0000006c PA:0x00101749 store:0x00000077
           6070	      3031	001000e4	02058663	beq	x11,x0,100110	 x11:0x0000006c  x0:0x00000000
           6074	      3033	001000e8	00b7a023	sw	x11,0(x15)	 x15:0x00020000 x11:0x0000006c PA:0x00020000 store:0x0000006c load:0x00000000
           6078	      3035	001000ec	00654603	lbu	x12,6(x10)	 x10:0x00101744 x12=0x00000065 PA:0x0010174a store:0x00000068
           6080	      3036	001000f0	02060063	beq	x12,x0,100110	 x12:0x00000065  x0:0x00000000
           6084	      3038	001000f4	00c7a023	sw	x12,0(x15)	 x15:0x00020000 x12:0x00000065 PA:0x00020000 store:0x00000065 load:0x00000000
           6088	      3040	001000f8	00754683	lbu	x13,7(x10)	 x10:0x00101744 x13=0x00000020 PA:0x0010174b store:0x00000069
           6090	      3041	001000fc	00850513	addi	x10,x10,8	 x10:0x00101744 x10=0x0010174c
           6092	      3042	00100100	00068863	beq	x13,x0,100110	 x13:0x00000020  x0:0x00000000
           6096	      3044	00100104	00d7a023	sw	x13,0(x15)	 x15:0x00020000 x13:0x00000020 PA:0x00020000 store:0x00000020 load:0x00000000
           6100	      3046	00100108	00054803	lbu	x16,0(x10)	 x10:0x0010174c x16=0x0000006c PA:0x0010174c store:0x00000000
           6104	      3048	0010010c	fa0810e3	bne	x16,x0,1000ac	 x16:0x0000006c  x0:0x00000000
           6110	      3051	001000ac	0107a023	sw	x16,0(x15)	 x15:0x00020000 x16:0x0000006c PA:0x00020000 store:0x0000006c load:0x00000000
           6114	      3053	001000b0	00154703	lbu	x14,1(x10)	 x10:0x0010174c x14=0x0000006f PA:0x0010174d store:0x001011f0
           6116	      3054	001000b4	04070e63	beq	x14,x0,100110	 x14:0x0000006f  x0:0x00000000
           6120	      3056	001000b8	00e7a023	sw	x14,0(x15)	 x15:0x00020000 x14:0x0000006f PA:0x00020000 store:0x0000006f load:0x00000000
           6124	      3058	001000bc	00254283	lbu	x5,2(x10)	 x10:0x0010174c  x5=0x0000006f PA:0x0010174e store:0x00137fd0
           6126	      3059	001000c0	04028863	beq	x5,x0,100110	  x5:0x0000006f  x0:0x00000000
           6130	      3061	001000c4	0057a023	sw	x5,0(x15)	 x15:0x00020000  x5:0x0000006f PA:0x00020000 store:0x0000006f load:0x00000000
           6134	      3063	001000c8	00354303	lbu	x6,3(x10)	 x10:0x0010174c  x6=0x00000070 PA:0x0010174f store:0x00000000
           6136	      3064	001000cc	04030263	beq	x6,x0,100110	  x6:0x00000070  x0:0x00000000
           6140	      3066	001000d0	0067a023	sw	x6,0(x15)	 x15:0x00020000  x6:0x00000070 PA:0x00020000 store:0x00000070 load:0x00000000
           6144	      3068	001000d4	00454383	lbu	x7,4(x10)	 x10:0x0010174c  x7=0x00000020 PA:0x00101750 store:0x00000000
           6146	      3069	001000d8	02038c63	beq	x7,x0,100110	  x7:0x00000020  x0:0x00000000
           6150	      3071	001000dc	0077a023	sw	x7,0(x15)	 x15:0x00020000  x7:0x00000020 PA:0x00020000 store:0x00000020 load:0x00000000
           6154	      3073	001000e0	00554583	lbu	x11,5(x10)	 x10:0x0010174c x11=0x00000074 PA:0x00101751 store:0x0000006f
           6156	      3074	001000e4	02058663	beq	x11,x0,100110	 x11:0x00000074  x0:0x00000000
           6160	      3076	001000e8	00b7a023	sw	x11,0(x15)	 x15:0x00020000 x11:0x00000074 PA:0x00020000 store:0x00000074 load:0x00000000
           6164	      3078	001000ec	00654603	lbu	x12,6(x10)	 x10:0x0010174c x12=0x00000065 PA:0x00101752 store:0x00000070
           6166	      3079	001000f0	02060063	beq	x12,x0,100110	 x12:0x00000065  x0:0x00000000
           6170	      3081	001000f4	00c7a023	sw	x12,0(x15)	 x15:0x00020000 x12:0x00000065 PA:0x00020000 store:0x00000065 load:0x00000000
           6174	      3083	001000f8	00754683	lbu	x13,7(x10)	 x10:0x0010174c x13=0x00000073 PA:0x00101753 store:0x00000020
           6176	      3084	001000fc	00850513	addi	x10,x10,8	 x10:0x0010174c x10=0x00101754
           6178	      3085	00100100	00068863	beq	x13,x0,100110	 x13:0x00000073  x0:0x00000000
           6182	      3087	00100104	00d7a023	sw	x13,0(x15)	 x15:0x00020000 x13:0x00000073 PA:0x00020000 store:0x00000073 load:0x00000000
           6186	      3089	00100108	00054803	lbu	x16,0(x10)	 x10:0x00101754 x16=0x00000074 PA:0x00101754 store:0x00000000
           6190	      3091	0010010c	fa0810e3	bne	x16,x0,1000ac	 x16:0x00000074  x0:0x00000000
           6196	      3094	001000ac	0107a023	sw	x16,0(x15)	 x15:0x00020000 x16:0x00000074 PA:0x00020000 store:0x00000074 load:0x00000000
           6200	      3096	001000b0	00154703	lbu	x14,1(x10)	 x10:0x00101754 x14=0x00000069 PA:0x00101755 store:0x001011f0
           6202	      3097	001000b4	04070e63	beq	x14,x0,100110	 x14:0x00000069  x0:0x00000000
           6206	      3099	001000b8	00e7a023	sw	x14,0(x15)	 x15:0x00020000 x14:0x00000069 PA:0x00020000 store:0x00000069 load:0x00000000
           6210	      3101	001000bc	00254283	lbu	x5,2(x10)	 x10:0x00101754  x5=0x0000006e PA:0x00101756 store:0x00137fd0
           6212	      3102	001000c0	04028863	beq	x5,x0,100110	  x5:0x0000006e  x0:0x00000000
           6216	      3104	001000c4	0057a023	sw	x5,0(x15)	 x15:0x00020000  x5:0x0000006e PA:0x00020000 store:0x0000006e load:0x00000000
           6220	      3106	001000c8	00354303	lbu	x6,3(x10)	 x10:0x00101754  x6=0x00000067 PA:0x00101757 store:0x00000000
           6222	      3107	001000cc	04030263	beq	x6,x0,100110	  x6:0x00000067  x0:0x00000000
           6226	      3109	001000d0	0067a023	sw	x6,0(x15)	 x15:0x00020000  x6:0x00000067 PA:0x00020000 store:0x00000067 load:0x00000000
           6230	      3111	001000d4	00454383	lbu	x7,4(x10)	 x10:0x00101754  x7=0x0000002e PA:0x00101758 store:0x00000000
           6232	      3112	001000d8	02038c63	beq	x7,x0,100110	  x7:0x0000002e  x0:0x00000000
           6236	      3114	001000dc	0077a023	sw	x7,0(x15)	 x15:0x00020000  x7:0x0000002e PA:0x00020000 store:0x0000002e load:0x00000000
           6240	      3116	001000e0	00554583	lbu	x11,5(x10)	 x10:0x00101754 x11=0x00000000 PA:0x00101759 store:0x0000006e
           6244	      3118	001000e4	02058663	beq	x11,x0,100110	 x11:0x00000000  x0:0x00000000
           6248	      3120	00100110	00000513	addi	x10,x0,0	  x0:0x00000000 x10=0x00000000
           6252	      3122	00100114	00008067	jalr	x0,0(x1)	  x1:0x001011f0  x0=0x00000000
           6254	      3123	001011f0	00000813	addi	x16,x0,0	  x0:0x00000000 x16=0x00000000
           6258	      3125	001011f4	03c0006f	jal	x0,101230	  x0=0x00000000
           6268	      3130	00101230	9e8aa083	lw	x1,-1560(x21)	 x21:0x00102000  x1=0x42f64a98 PA:0x001019e8 store:0x00102000
           6270	      3131	00101234	a0181653	flt.s	x12,f16,f1	 f16:0x00000000  f1:0x42f64a98 x12=0x00000001
           6272	      3132	00101238	fc0610e3	bne	x12,x0,1011f8	 x12:0x00000001  x0:0x00000000
           6276	      3134	001011f8	9f0b2283	lw	x5,-1552(x22)	 x22:0x00102000  x5=0x41433afb PA:0x001019f0 store:0x00000000
           6280	      3136	001011fc	9e5b2823	sw	x5,-1552(x22)	 x22:0x00102000  x5:0x41433afb PA:0x001019f0 store:0x41433afb load:0x41433afb
           6284	      3138	00101200	9f0b2383	lw	x7,-1552(x22)	 x22:0x00102000  x7=0x41433afb PA:0x001019f0 store:0x00000000
           6294	      3143	00101204	9e8aa703	lw	x14,-1560(x21)	 x21:0x00102000 x14=0x42f64a98 PA:0x001019e8 store:0x00102000
           6296	      3144	00101208	28e397d3	fmax.s	f15,f7,f14	  f7:0x41433afb f14:0x42f64a98 f15=0x42f64a98
           6298	      3145	0010120c	9efbaa23	sw	x15,-1548(x23)	 x23:0x00102000 x15:0x42f64a98 PA:0x001019f4 store:0x42f64a98 load:0x42f64a98
           6300	      3146	00101210	9e8aa303	lw	x6,-1560(x21)	 x21:0x00102000  x6=0x42f64a98 PA:0x001019e8 store:0x00102000
           6304	      3148	00101214	9f4ba683	lw	x13,-1548(x23)	 x23:0x00102000 x13=0x42f64a98 PA:0x001019f4 store:0x00102000
           6314	      3153	00101218	a0042503	lw	x10,-1536(x8)	  x8:0x00102000 x10=0x3ea4b87c PA:0x00101a00 store:0x00000000
           6316	      3154	0010121c	30d575cb	fnmsub.s	f11,f10,f13,f6	 f10:0x3ea4b87c f13:0x42f64a98  f6:0x3ea4b87c f11=0xc21d2fd5
           6318	      3155	00101220	9ebaa423	sw	x11,-1560(x21)	 x21:0x00102000 x11:0xc21d2fd5 PA:0x001019e8 store:0xc21d2fd5 load:0x3ea4b87c
           6326	      3159	00101224	9e8aa883	lw	x17,-1560(x21)	 x21:0x00102000 x17=0xc21d2fd5 PA:0x001019e8 store:0x00102000
           6328	      3160	00101228	a10890d3	flt.s	x1,f17,f16	 f17:0xc21d2fd5 f16:0x00000000  x1=0x00000001
           6330	      3161	0010122c	04009663	bne	x1,x0,101278	  x1:0x00000001  x0:0x00000000
           6332	      3162	00101278	00101b37	lui	x22,0x101	 x22=0x00101000
           6334	      3163	0010127c	75cb0513	addi	x10,x22,1884	 x22:0x00101000 x10=0x0010175c
           6338	      3165	00101280	e21fe0ef	jal	x1,1000a0	  x1=0x00101284
           6342	      3167	001000a0	00054803	lbu	x16,0(x10)	 x10:0x0010175c x16=0x0000000a PA:0x0010175c store:0x00000000
           6344	      3168	001000a4	06080663	beq	x16,x0,100110	 x16:0x0000000a  x0:0x00000000
           6346	      3169	001000a8	000207b7	lui	x15,0x20	 x15=0x00020000
           6350	      3171	001000ac	0107a023	sw	x16,0(x15)	 x15:0x00020000 x16:0x0000000a PA:0x00020000 store:0x0000000a load:0x00000000
           6354	      3173	001000b0	00154703	lbu	x14,1(x10)	 x10:0x0010175c x14=0x00000020 PA:0x0010175d store:0x00101284
           6356	      3174	001000b4	04070e63	beq	x14,x0,100110	 x14:0x00000020  x0:0x00000000
           6360	      3176	001000b8	00e7a023	sw	x14,0(x15)	 x15:0x00020000 x14:0x00000020 PA:0x00020000 store:0x00000020 load:0x00000000
           6364	      3178	001000bc	00254283	lbu	x5,2(x10)	 x10:0x0010175c  x5=0x00000046 PA:0x0010175e store:0x00137fd0
           6366	      3179	001000c0	04028863	beq	x5,x0,100110	  x5:0x00000046  x0:0x00000000
           6370	      3181	001000c4	0057a023	sw	x5,0(x15)	 x15:0x00020000  x5:0x00000046 PA:0x00020000 store:0x00000046 load:0x00000000
           6374	      3183	001000c8	00354303	lbu	x6,3(x10)	 x10:0x0010175c  x6=0x00000069 PA:0x0010175f store:0x00000000
           6376	      3184	001000cc	04030263	beq	x6,x0,100110	  x6:0x00000069  x0:0x00000000
           6380	      3186	001000d0	0067a023	sw	x6,0(x15)	 x15:0x00020000  x6:0x00000069 PA:0x00020000 store:0x00000069 load:0x00000000
           6384	      3188	001000d4	00454383	lbu	x7,4(x10)	 x10:0x0010175c  x7=0x0000006e PA:0x00101760 store:0x00000000
           6386	      3189	001000d8	02038c63	beq	x7,x0,100110	  x7:0x0000006e  x0:0x00000000
           6390	      3191	001000dc	0077a023	sw	x7,0(x15)	 x15:0x00020000  x7:0x0000006e PA:0x00020000 store:0x0000006e load:0x00000000
           6394	      3193	001000e0	00554583	lbu	x11,5(x10)	 x10:0x0010175c x11=0x00000061 PA:0x00101761 store:0x00000046
           6396	      3194	001000e4	02058663	beq	x11,x0,100110	 x11:0x00000061  x0:0x00000000
           6400	      3196	001000e8	00b7a023	sw	x11,0(x15)	 x15:0x00020000 x11:0x00000061 PA:0x00020000 store:0x00000061 load:0x00000000
           6404	      3198	001000ec	00654603	lbu	x12,6(x10)	 x10:0x0010175c x12=0x0000006c PA:0x00101762 store:0x00000069
           6406	      3199	001000f0	02060063	beq	x12,x0,100110	 x12:0x0000006c  x0:0x00000000
           6410	      3201	001000f4	00c7a023	sw	x12,0(x15)	 x15:0x00020000 x12:0x0000006c PA:0x00020000 store:0x0000006c load:0x00000000
           6414	      3203	001000f8	00754683	lbu	x13,7(x10)	 x10:0x0010175c x13=0x00000020 PA:0x00101763 store:0x0000006e
           6416	      3204	001000fc	00850513	addi	x10,x10,8	 x10:0x0010175c x10=0x00101764
           6418	      3205	00100100	00068863	beq	x13,x0,100110	 x13:0x00000020  x0:0x00000000
           6422	      3207	00100104	00d7a023	sw	x13,0(x15)	 x15:0x00020000 x13:0x00000020 PA:0x00020000 store:0x00000020 load:0x00000000
           6426	      3209	00100108	00054803	lbu	x16,0(x10)	 x10:0x00101764 x16=0x00000072 PA:0x00101764 store:0x00000000
           6430	      3211	0010010c	fa0810e3	bne	x16,x0,1000ac	 x16:0x00000072  x0:0x00000000
           6436	      3214	001000ac	0107a023	sw	x16,0(x15)	 x15:0x00020000 x16:0x00000072 PA:0x00020000 store:0x00000072 load:0x00000000
           6440	      3216	001000b0	00154703	lbu	x14,1(x10)	 x10:0x00101764 x14=0x00000065 PA:0x00101765 store:0x00101284
           6442	      3217	001000b4	04070e63	beq	x14,x0,100110	 x14:0x00000065  x0:0x00000000
           6446	      3219	001000b8	00e7a023	sw	x14,0(x15)	 x15:0x00020000 x14:0x00000065 PA:0x00020000 store:0x00000065 load:0x00000000
           6450	      3221	001000bc	00254283	lbu	x5,2(x10)	 x10:0x00101764  x5=0x00000073 PA:0x00101766 store:0x00137fd0
           6452	      3222	001000c0	04028863	beq	x5,x0,100110	  x5:0x00000073  x0:0x00000000
           6456	      3224	001000c4	0057a023	sw	x5,0(x15)	 x15:0x00020000  x5:0x00000073 PA:0x00020000 store:0x00000073 load:0x00000000
           6460	      3226	001000c8	00354303	lbu	x6,3(x10)	 x10:0x00101764  x6=0x00000075 PA:0x00101767 store:0x00000000
           6462	      3227	001000cc	04030263	beq	x6,x0,100110	  x6:0x00000075  x0:0x00000000
           6466	      3229	001000d0	0067a023	sw	x6,0(x15)	 x15:0x00020000  x6:0x00000075 PA:0x00020000 store:0x00000075 load:0x00000000
           6470	      3231	001000d4	00454383	lbu	x7,4(x10)	 x10:0x00101764  x7=0x0000006c PA:0x00101768 store:0x00000000
           6472	      3232	001000d8	02038c63	beq	x7,x0,100110	  x7:0x0000006c  x0:0x00000000
           6476	      3234	001000dc	0077a023	sw	x7,0(x15)	 x15:0x00020000  x7:0x0000006c PA:0x00020000 store:0x0000006c load:0x00000000
           6480	      3236	001000e0	00554583	lbu	x11,5(x10)	 x10:0x00101764 x11=0x00000074 PA:0x00101769 store:0x00000073
           6482	      3237	001000e4	02058663	beq	x11,x0,100110	 x11:0x00000074  x0:0x00000000
           6486	      3239	001000e8	00b7a023	sw	x11,0(x15)	 x15:0x00020000 x11:0x00000074 PA:0x00020000 store:0x00000074 load:0x00000000
           6490	      3241	001000ec	00654603	lbu	x12,6(x10)	 x10:0x00101764 x12=0x0000003a PA:0x0010176a store:0x00000075
           6492	      3242	001000f0	02060063	beq	x12,x0,100110	 x12:0x0000003a  x0:0x00000000
           6496	      3244	001000f4	00c7a023	sw	x12,0(x15)	 x15:0x00020000 x12:0x0000003a PA:0x00020000 store:0x0000003a load:0x00000000
           6500	      3246	001000f8	00754683	lbu	x13,7(x10)	 x10:0x00101764 x13=0x00000000 PA:0x0010176b store:0x0000006c
           6502	      3247	001000fc	00850513	addi	x10,x10,8	 x10:0x00101764 x10=0x0010176c
           6506	      3249	00100100	00068863	beq	x13,x0,100110	 x13:0x00000000  x0:0x00000000
           6510	      3251	00100110	00000513	addi	x10,x0,0	  x0:0x00000000 x10=0x00000000
           6514	      3253	00100114	00008067	jalr	x0,0(x1)	  x1:0x00101284  x0=0x00000000
           6518	      3255	00101284	9e0c2503	lw	x10,-1568(x24)	 x24:0x00102000 x10=0x00000000 PA:0x001019e0 store:0x00000000
           6520	      3256	00101288	00101d37	lui	x26,0x101	 x26=0x00101000
           6522	      3257	0010128c	00102b37	lui	x22,0x102	 x22=0x00102000
           6526	      3259	00101290	e91fe0ef	jal	x1,100120	  x1=0x00101294
           6528	      3260	00100120	01c55793	srli	x15,x10,0x1c	 x10:0x00000000 x15=0x00000000
           6530	      3261	00100124	00900713	addi	x14,x0,9	  x0:0x00000000 x14=0x00000009
           6534	      3263	00100128	0cf77a63	bgeu	x14,x15,1001fc	 x14:0x00000009 x15:0x00000000
           6538	      3265	001001fc	03078393	addi	x7,x15,48	 x15:0x00000000  x7=0x00000030
           6540	      3266	00100200	000205b7	lui	x11,0x20	 x11=0x00020000
           6542	      3267	00100204	00451613	slli	x12,x10,0x4	 x10:0x00000000 x12=0x00000000
           6546	      3269	00100208	0075a023	sw	x7,0(x11)	 x11:0x00020000  x7:0x00000030 PA:0x00020000 store:0x00000030 load:0x00000000
           6548	      3270	0010020c	01c65693	srli	x13,x12,0x1c	 x12:0x00000000 x13=0x00000000
           6550	      3271	00100210	00900813	addi	x16,x0,9	  x0:0x00000000 x16=0x00000009
           6552	      3272	00100214	f2d86ae3	bltu	x16,x13,100148	 x16:0x00000009 x13:0x00000000
           6554	      3273	00100218	03068e93	addi	x29,x13,48	 x13:0x00000000 x29=0x00000030
           6556	      3274	0010021c	00020f37	lui	x30,0x20	 x30=0x00020000
           6558	      3275	00100220	00851f93	slli	x31,x10,0x8	 x10:0x00000000 x31=0x00000000
           6562	      3277	00100224	01df2023	sw	x29,0(x30)	 x30:0x00020000 x29:0x00000030 PA:0x00020000 store:0x00000030 load:0x00000000
           6564	      3278	00100228	01cfd793	srli	x15,x31,0x1c	 x31:0x00000000 x15=0x00000000
           6566	      3279	0010022c	00900713	addi	x14,x0,9	  x0:0x00000000 x14=0x00000009
           6568	      3280	00100230	f2f76ae3	bltu	x14,x15,100164	 x14:0x00000009 x15:0x00000000
           6570	      3281	00100234	03078393	addi	x7,x15,48	 x15:0x00000000  x7=0x00000030
           6572	      3282	00100238	000205b7	lui	x11,0x20	 x11=0x00020000
           6574	      3283	0010023c	00c51613	slli	x12,x10,0xc	 x10:0x00000000 x12=0x00000000
           6578	      3285	00100240	0075a023	sw	x7,0(x11)	 x11:0x00020000  x7:0x00000030 PA:0x00020000 store:0x00000030 load:0x00000000
           6580	      3286	00100244	01c65693	srli	x13,x12,0x1c	 x12:0x00000000 x13=0x00000000
           6582	      3287	00100248	00900813	addi	x16,x0,9	  x0:0x00000000 x16=0x00000009
           6584	      3288	0010024c	f2d86ae3	bltu	x16,x13,100180	 x16:0x00000009 x13:0x00000000
           6586	      3289	00100250	03068e93	addi	x29,x13,48	 x13:0x00000000 x29=0x00000030
           6588	      3290	00100254	00020f37	lui	x30,0x20	 x30=0x00020000
           6590	      3291	00100258	01051f93	slli	x31,x10,0x10	 x10:0x00000000 x31=0x00000000
           6594	      3293	0010025c	01df2023	sw	x29,0(x30)	 x30:0x00020000 x29:0x00000030 PA:0x00020000 store:0x00000030 load:0x00000000
           6596	      3294	00100260	01cfd793	srli	x15,x31,0x1c	 x31:0x00000000 x15=0x00000000
           6598	      3295	00100264	00900713	addi	x14,x0,9	  x0:0x00000000 x14=0x00000009
           6600	      3296	00100268	f2f76ae3	bltu	x14,x15,10019c	 x14:0x00000009 x15:0x00000000
           6602	      3297	0010026c	03078393	addi	x7,x15,48	 x15:0x00000000  x7=0x00000030
           6604	      3298	00100270	000205b7	lui	x11,0x20	 x11=0x00020000
           6606	      3299	00100274	01451613	slli	x12,x10,0x14	 x10:0x00000000 x12=0x00000000
           6610	      3301	00100278	0075a023	sw	x7,0(x11)	 x11:0x00020000  x7:0x00000030 PA:0x00020000 store:0x00000030 load:0x00000000
           6612	      3302	0010027c	01c65693	srli	x13,x12,0x1c	 x12:0x00000000 x13=0x00000000
           6614	      3303	00100280	00900813	addi	x16,x0,9	  x0:0x00000000 x16=0x00000009
           6616	      3304	00100284	f2d86ae3	bltu	x16,x13,1001b8	 x16:0x00000009 x13:0x00000000
           6618	      3305	00100288	03068e93	addi	x29,x13,48	 x13:0x00000000 x29=0x00000030
           6620	      3306	0010028c	00020f37	lui	x30,0x20	 x30=0x00020000
           6622	      3307	00100290	01851f93	slli	x31,x10,0x18	 x10:0x00000000 x31=0x00000000
           6626	      3309	00100294	01df2023	sw	x29,0(x30)	 x30:0x00020000 x29:0x00000030 PA:0x00020000 store:0x00000030 load:0x00000000
           6628	      3310	00100298	01cfd793	srli	x15,x31,0x1c	 x31:0x00000000 x15=0x00000000
           6630	      3311	0010029c	00900713	addi	x14,x0,9	  x0:0x00000000 x14=0x00000009
           6632	      3312	001002a0	f2f76ae3	bltu	x14,x15,1001d4	 x14:0x00000009 x15:0x00000000
           6634	      3313	001002a4	03078393	addi	x7,x15,48	 x15:0x00000000  x7=0x00000030
           6636	      3314	001002a8	000205b7	lui	x11,0x20	 x11=0x00020000
           6640	      3316	001002ac	0075a023	sw	x7,0(x11)	 x11:0x00020000  x7:0x00000030 PA:0x00020000 store:0x00000030 load:0x00000000
           6642	      3317	001002b0	00f57513	andi	x10,x10,15	 x10:0x00000000 x10=0x00000000
           6644	      3318	001002b4	00900613	addi	x12,x0,9	  x0:0x00000000 x12=0x00000009
           6648	      3320	001002b8	f2a67ae3	bgeu	x12,x10,1001ec	 x12:0x00000009 x10:0x00000000
           6652	      3322	001001ec	03050893	addi	x17,x10,48	 x10:0x00000000 x17=0x00000030
           6654	      3323	001001f0	00020e37	lui	x28,0x20	 x28=0x00020000
           6658	      3325	001001f4	011e2023	sw	x17,0(x28)	 x28:0x00020000 x17:0x00000030 PA:0x00020000 store:0x00000030 load:0x00000000
           6662	      3327	001001f8	00008067	jalr	x0,0(x1)	  x1:0x00101294  x0=0x00000000
           6664	      3328	00101294	00101837	lui	x16,0x101	 x16=0x00101000
           6666	      3329	00101298	76c80513	addi	x10,x16,1900	 x16:0x00101000 x10=0x0010176c
           6670	      3331	0010129c	e05fe0ef	jal	x1,1000a0	  x1=0x001012a0
           6674	      3333	001000a0	00054803	lbu	x16,0(x10)	 x10:0x0010176c x16=0x0000000a PA:0x0010176c store:0x00000000
           6676	      3334	001000a4	06080663	beq	x16,x0,100110	 x16:0x0000000a  x0:0x00000000
           6678	      3335	001000a8	000207b7	lui	x15,0x20	 x15=0x00020000
           6682	      3337	001000ac	0107a023	sw	x16,0(x15)	 x15:0x00020000 x16:0x0000000a PA:0x00020000 store:0x0000000a load:0x00000000
           6686	      3339	001000b0	00154703	lbu	x14,1(x10)	 x10:0x0010176c x14=0x0000000a PA:0x0010176d store:0x001012a0
           6688	      3340	001000b4	04070e63	beq	x14,x0,100110	 x14:0x0000000a  x0:0x00000000
           6692	      3342	001000b8	00e7a023	sw	x14,0(x15)	 x15:0x00020000 x14:0x0000000a PA:0x00020000 store:0x0000000a load:0x00000000
           6696	      3344	001000bc	00254283	lbu	x5,2(x10)	 x10:0x0010176c  x5=0x00000054 PA:0x0010176e store:0x00137fd0
           6698	      3345	001000c0	04028863	beq	x5,x0,100110	  x5:0x00000054  x0:0x00000000
           6702	      3347	001000c4	0057a023	sw	x5,0(x15)	 x15:0x00020000  x5:0x00000054 PA:0x00020000 store:0x00000054 load:0x00000000
           6706	      3349	001000c8	00354303	lbu	x6,3(x10)	 x10:0x0010176c  x6=0x00000065 PA:0x0010176f store:0x00000000
           6708	      3350	001000cc	04030263	beq	x6,x0,100110	  x6:0x00000065  x0:0x00000000
           6712	      3352	001000d0	0067a023	sw	x6,0(x15)	 x15:0x00020000  x6:0x00000065 PA:0x00020000 store:0x00000065 load:0x00000000
           6716	      3354	001000d4	00454383	lbu	x7,4(x10)	 x10:0x0010176c  x7=0x00000073 PA:0x00101770 store:0x00000000
           6718	      3355	001000d8	02038c63	beq	x7,x0,100110	  x7:0x00000073  x0:0x00000000
           6722	      3357	001000dc	0077a023	sw	x7,0(x15)	 x15:0x00020000  x7:0x00000073 PA:0x00020000 store:0x00000073 load:0x00000000
           6726	      3359	001000e0	00554583	lbu	x11,5(x10)	 x10:0x0010176c x11=0x00000074 PA:0x00101771 store:0x00000054
           6728	      3360	001000e4	02058663	beq	x11,x0,100110	 x11:0x00000074  x0:0x00000000
           6732	      3362	001000e8	00b7a023	sw	x11,0(x15)	 x15:0x00020000 x11:0x00000074 PA:0x00020000 store:0x00000074 load:0x00000000
           6736	      3364	001000ec	00654603	lbu	x12,6(x10)	 x10:0x0010176c x12=0x00000069 PA:0x00101772 store:0x00000065
           6738	      3365	001000f0	02060063	beq	x12,x0,100110	 x12:0x00000069  x0:0x00000000
           6742	      3367	001000f4	00c7a023	sw	x12,0(x15)	 x15:0x00020000 x12:0x00000069 PA:0x00020000 store:0x00000069 load:0x00000000
           6746	      3369	001000f8	00754683	lbu	x13,7(x10)	 x10:0x0010176c x13=0x0000006e PA:0x00101773 store:0x00000073
           6748	      3370	001000fc	00850513	addi	x10,x10,8	 x10:0x0010176c x10=0x00101774
           6750	      3371	00100100	00068863	beq	x13,x0,100110	 x13:0x0000006e  x0:0x00000000
           6754	      3373	00100104	00d7a023	sw	x13,0(x15)	 x15:0x00020000 x13:0x0000006e PA:0x00020000 store:0x0000006e load:0x00000000
           6758	      3375	00100108	00054803	lbu	x16,0(x10)	 x10:0x00101774 x16=0x00000067 PA:0x00101774 store:0x00000000
           6762	      3377	0010010c	fa0810e3	bne	x16,x0,1000ac	 x16:0x00000067  x0:0x00000000
           6768	      3380	001000ac	0107a023	sw	x16,0(x15)	 x15:0x00020000 x16:0x00000067 PA:0x00020000 store:0x00000067 load:0x00000000
           6772	      3382	001000b0	00154703	lbu	x14,1(x10)	 x10:0x00101774 x14=0x00000020 PA:0x00101775 store:0x001012a0
           6774	      3383	001000b4	04070e63	beq	x14,x0,100110	 x14:0x00000020  x0:0x00000000
           6778	      3385	001000b8	00e7a023	sw	x14,0(x15)	 x15:0x00020000 x14:0x00000020 PA:0x00020000 store:0x00000020 load:0x00000000
           6782	      3387	001000bc	00254283	lbu	x5,2(x10)	 x10:0x00101774  x5=0x00000043 PA:0x00101776 store:0x00137fd0
           6784	      3388	001000c0	04028863	beq	x5,x0,100110	  x5:0x00000043  x0:0x00000000
           6788	      3390	001000c4	0057a023	sw	x5,0(x15)	 x15:0x00020000  x5:0x00000043 PA:0x00020000 store:0x00000043 load:0x00000000
           6792	      3392	001000c8	00354303	lbu	x6,3(x10)	 x10:0x00101774  x6=0x0000006c PA:0x00101777 store:0x00000000
           6794	      3393	001000cc	04030263	beq	x6,x0,100110	  x6:0x0000006c  x0:0x00000000
           6798	      3395	001000d0	0067a023	sw	x6,0(x15)	 x15:0x00020000  x6:0x0000006c PA:0x00020000 store:0x0000006c load:0x00000000
           6802	      3397	001000d4	00454383	lbu	x7,4(x10)	 x10:0x00101774  x7=0x00000061 PA:0x00101778 store:0x00000000
           6804	      3398	001000d8	02038c63	beq	x7,x0,100110	  x7:0x00000061  x0:0x00000000
           6808	      3400	001000dc	0077a023	sw	x7,0(x15)	 x15:0x00020000  x7:0x00000061 PA:0x00020000 store:0x00000061 load:0x00000000
           6812	      3402	001000e0	00554583	lbu	x11,5(x10)	 x10:0x00101774 x11=0x00000073 PA:0x00101779 store:0x00000043
           6814	      3403	001000e4	02058663	beq	x11,x0,100110	 x11:0x00000073  x0:0x00000000
           6818	      3405	001000e8	00b7a023	sw	x11,0(x15)	 x15:0x00020000 x11:0x00000073 PA:0x00020000 store:0x00000073 load:0x00000000
           6822	      3407	001000ec	00654603	lbu	x12,6(x10)	 x10:0x00101774 x12=0x00000073 PA:0x0010177a store:0x0000006c
           6824	      3408	001000f0	02060063	beq	x12,x0,100110	 x12:0x00000073  x0:0x00000000
           6828	      3410	001000f4	00c7a023	sw	x12,0(x15)	 x15:0x00020000 x12:0x00000073 PA:0x00020000 store:0x00000073 load:0x00000000
           6832	      3412	001000f8	00754683	lbu	x13,7(x10)	 x10:0x00101774 x13=0x00000069 PA:0x0010177b store:0x00000061
           6834	      3413	001000fc	00850513	addi	x10,x10,8	 x10:0x00101774 x10=0x0010177c
           6836	      3414	00100100	00068863	beq	x13,x0,100110	 x13:0x00000069  x0:0x00000000
           6840	      3416	00100104	00d7a023	sw	x13,0(x15)	 x15:0x00020000 x13:0x00000069 PA:0x00020000 store:0x00000069 load:0x00000000
           6844	      3418	00100108	00054803	lbu	x16,0(x10)	 x10:0x0010177c x16=0x00000066 PA:0x0010177c store:0x00000000
           6848	      3420	0010010c	fa0810e3	bne	x16,x0,1000ac	 x16:0x00000066  x0:0x00000000
           6854	      3423	001000ac	0107a023	sw	x16,0(x15)	 x15:0x00020000 x16:0x00000066 PA:0x00020000 store:0x00000066 load:0x00000000
           6858	      3425	001000b0	00154703	lbu	x14,1(x10)	 x10:0x0010177c x14=0x00000079 PA:0x0010177d store:0x001012a0
           6860	      3426	001000b4	04070e63	beq	x14,x0,100110	 x14:0x00000079  x0:0x00000000
           6864	      3428	001000b8	00e7a023	sw	x14,0(x15)	 x15:0x00020000 x14:0x00000079 PA:0x00020000 store:0x00000079 load:0x00000000
           6868	      3430	001000bc	00254283	lbu	x5,2(x10)	 x10:0x0010177c  x5=0x00000020 PA:0x0010177e store:0x00137fd0
           6870	      3431	001000c0	04028863	beq	x5,x0,100110	  x5:0x00000020  x0:0x00000000
           6874	      3433	001000c4	0057a023	sw	x5,0(x15)	 x15:0x00020000  x5:0x00000020 PA:0x00020000 store:0x00000020 load:0x00000000
           6878	      3435	001000c8	00354303	lbu	x6,3(x10)	 x10:0x0010177c  x6=0x00000069 PA:0x0010177f store:0x00000000
           6880	      3436	001000cc	04030263	beq	x6,x0,100110	  x6:0x00000069  x0:0x00000000
           6884	      3438	001000d0	0067a023	sw	x6,0(x15)	 x15:0x00020000  x6:0x00000069 PA:0x00020000 store:0x00000069 load:0x00000000
           6888	      3440	001000d4	00454383	lbu	x7,4(x10)	 x10:0x0010177c  x7=0x0000006e PA:0x00101780 store:0x00000000
           6890	      3441	001000d8	02038c63	beq	x7,x0,100110	  x7:0x0000006e  x0:0x00000000
           6894	      3443	001000dc	0077a023	sw	x7,0(x15)	 x15:0x00020000  x7:0x0000006e PA:0x00020000 store:0x0000006e load:0x00000000
           6898	      3445	001000e0	00554583	lbu	x11,5(x10)	 x10:0x0010177c x11=0x00000073 PA:0x00101781 store:0x00000020
           6900	      3446	001000e4	02058663	beq	x11,x0,100110	 x11:0x00000073  x0:0x00000000
           6904	      3448	001000e8	00b7a023	sw	x11,0(x15)	 x15:0x00020000 x11:0x00000073 PA:0x00020000 store:0x00000073 load:0x00000000
           6908	      3450	001000ec	00654603	lbu	x12,6(x10)	 x10:0x0010177c x12=0x00000074 PA:0x00101782 store:0x00000069
           6910	      3451	001000f0	02060063	beq	x12,x0,100110	 x12:0x00000074  x0:0x00000000
           6914	      3453	001000f4	00c7a023	sw	x12,0(x15)	 x15:0x00020000 x12:0x00000074 PA:0x00020000 store:0x00000074 load:0x00000000
           6918	      3455	001000f8	00754683	lbu	x13,7(x10)	 x10:0x0010177c x13=0x00000072 PA:0x00101783 store:0x0000006e
           6920	      3456	001000fc	00850513	addi	x10,x10,8	 x10:0x0010177c x10=0x00101784
           6922	      3457	00100100	00068863	beq	x13,x0,100110	 x13:0x00000072  x0:0x00000000
           6926	      3459	00100104	00d7a023	sw	x13,0(x15)	 x15:0x00020000 x13:0x00000072 PA:0x00020000 store:0x00000072 load:0x00000000
           6930	      3461	00100108	00054803	lbu	x16,0(x10)	 x10:0x00101784 x16=0x00000075 PA:0x00101784 store:0x00000000
           6934	      3463	0010010c	fa0810e3	bne	x16,x0,1000ac	 x16:0x00000075  x0:0x00000000
           6940	      3466	001000ac	0107a023	sw	x16,0(x15)	 x15:0x00020000 x16:0x00000075 PA:0x00020000 store:0x00000075 load:0x00000000
           6944	      3468	001000b0	00154703	lbu	x14,1(x10)	 x10:0x00101784 x14=0x00000063 PA:0x00101785 store:0x001012a0
           6946	      3469	001000b4	04070e63	beq	x14,x0,100110	 x14:0x00000063  x0:0x00000000
           6950	      3471	001000b8	00e7a023	sw	x14,0(x15)	 x15:0x00020000 x14:0x00000063 PA:0x00020000 store:0x00000063 load:0x00000000
           6954	      3473	001000bc	00254283	lbu	x5,2(x10)	 x10:0x00101784  x5=0x00000074 PA:0x00101786 store:0x00137fd0
           6956	      3474	001000c0	04028863	beq	x5,x0,100110	  x5:0x00000074  x0:0x00000000
           6960	      3476	001000c4	0057a023	sw	x5,0(x15)	 x15:0x00020000  x5:0x00000074 PA:0x00020000 store:0x00000074 load:0x00000000
           6964	      3478	001000c8	00354303	lbu	x6,3(x10)	 x10:0x00101784  x6=0x00000069 PA:0x00101787 store:0x00000000
           6966	      3479	001000cc	04030263	beq	x6,x0,100110	  x6:0x00000069  x0:0x00000000
           6970	      3481	001000d0	0067a023	sw	x6,0(x15)	 x15:0x00020000  x6:0x00000069 PA:0x00020000 store:0x00000069 load:0x00000000
           6974	      3483	001000d4	00454383	lbu	x7,4(x10)	 x10:0x00101784  x7=0x0000006f PA:0x00101788 store:0x00000000
           6976	      3484	001000d8	02038c63	beq	x7,x0,100110	  x7:0x0000006f  x0:0x00000000
           6980	      3486	001000dc	0077a023	sw	x7,0(x15)	 x15:0x00020000  x7:0x0000006f PA:0x00020000 store:0x0000006f load:0x00000000
           6984	      3488	001000e0	00554583	lbu	x11,5(x10)	 x10:0x00101784 x11=0x0000006e PA:0x00101789 store:0x00000074
           6986	      3489	001000e4	02058663	beq	x11,x0,100110	 x11:0x0000006e  x0:0x00000000
           6990	      3491	001000e8	00b7a023	sw	x11,0(x15)	 x15:0x00020000 x11:0x0000006e PA:0x00020000 store:0x0000006e load:0x00000000
           6994	      3493	001000ec	00654603	lbu	x12,6(x10)	 x10:0x00101784 x12=0x00000073 PA:0x0010178a store:0x00000069
           6996	      3494	001000f0	02060063	beq	x12,x0,100110	 x12:0x00000073  x0:0x00000000
           7000	      3496	001000f4	00c7a023	sw	x12,0(x15)	 x15:0x00020000 x12:0x00000073 PA:0x00020000 store:0x00000073 load:0x00000000
           7004	      3498	001000f8	00754683	lbu	x13,7(x10)	 x10:0x00101784 x13=0x0000003a PA:0x0010178b store:0x0000006f
           7006	      3499	001000fc	00850513	addi	x10,x10,8	 x10:0x00101784 x10=0x0010178c
           7008	      3500	00100100	00068863	beq	x13,x0,100110	 x13:0x0000003a  x0:0x00000000
           7012	      3502	00100104	00d7a023	sw	x13,0(x15)	 x15:0x00020000 x13:0x0000003a PA:0x00020000 store:0x0000003a load:0x00000000
           7016	      3504	00100108	00054803	lbu	x16,0(x10)	 x10:0x0010178c x16=0x00000020 PA:0x0010178c store:0x00000000
           7020	      3506	0010010c	fa0810e3	bne	x16,x0,1000ac	 x16:0x00000020  x0:0x00000000
           7026	      3509	001000ac	0107a023	sw	x16,0(x15)	 x15:0x00020000 x16:0x00000020 PA:0x00020000 store:0x00000020 load:0x00000000
           7030	      3511	001000b0	00154703	lbu	x14,1(x10)	 x10:0x0010178c x14=0x0000000a PA:0x0010178d store:0x001012a0
           7032	      3512	001000b4	04070e63	beq	x14,x0,100110	 x14:0x0000000a  x0:0x00000000
           7036	      3514	001000b8	00e7a023	sw	x14,0(x15)	 x15:0x00020000 x14:0x0000000a PA:0x00020000 store:0x0000000a load:0x00000000
           7040	      3516	001000bc	00254283	lbu	x5,2(x10)	 x10:0x0010178c  x5=0x00000000 PA:0x0010178e store:0x00137fd0
           7044	      3518	001000c0	04028863	beq	x5,x0,100110	  x5:0x00000000  x0:0x00000000
           7048	      3520	00100110	00000513	addi	x10,x0,0	  x0:0x00000000 x10=0x00000000
           7052	      3522	00100114	00008067	jalr	x0,0(x1)	  x1:0x001012a0  x0=0x00000000
           7054	      3523	001012a0	ff800637	lui	x12,0xff800	 x12=0xff800000
           7058	      3525	001012a4	9ecc2023	sw	x12,-1568(x24)	 x24:0x00102000 x12:0xff800000 PA:0x001019e0 store:0xff800000 load:0x00000a20
           7062	      3527	001012a8	a0ca2e03	lw	x28,-1524(x20)	 x20:0x00102000 x28=0x42f67c6a PA:0x00101a0c store:0xff800000
           7070	      3531	001012ac	790d0513	addi	x10,x26,1936	 x26:0x00101000 x10=0x00101790
           7072	      3532	001012b0	e00e1ed3	fclass.s	x29,f28	 f28:0x42f67c6a x29=0x00000040
           7074	      3533	001012b4	9fdc2023	sw	x29,-1568(x24)	 x24:0x00102000 x29:0x00000040 PA:0x001019e0 store:0x00000040 load:0x42f67c6a
           7076	      3534	001012b8	de9fe0ef	jal	x1,1000a0	  x1=0x001012bc
           7080	      3536	001000a0	00054803	lbu	x16,0(x10)	 x10:0x00101790 x16=0x00000020 PA:0x00101790 store:0x00000000
           7082	      3537	001000a4	06080663	beq	x16,x0,100110	 x16:0x00000020  x0:0x00000000
           7084	      3538	001000a8	000207b7	lui	x15,0x20	 x15=0x00020000
           7088	      3540	001000ac	0107a023	sw	x16,0(x15)	 x15:0x00020000 x16:0x00000020 PA:0x00020000 store:0x00000020 load:0x00000000
           7092	      3542	001000b0	00154703	lbu	x14,1(x10)	 x10:0x00101790 x14=0x00000045 PA:0x00101791 store:0x001012bc
           7094	      3543	001000b4	04070e63	beq	x14,x0,100110	 x14:0x00000045  x0:0x00000000
           7098	      3545	001000b8	00e7a023	sw	x14,0(x15)	 x15:0x00020000 x14:0x00000045 PA:0x00020000 store:0x00000045 load:0x00000000
           7102	      3547	001000bc	00254283	lbu	x5,2(x10)	 x10:0x00101790  x5=0x00000078 PA:0x00101792 store:0x00137fd0
           7104	      3548	001000c0	04028863	beq	x5,x0,100110	  x5:0x00000078  x0:0x00000000
           7108	      3550	001000c4	0057a023	sw	x5,0(x15)	 x15:0x00020000  x5:0x00000078 PA:0x00020000 store:0x00000078 load:0x00000000
           7112	      3552	001000c8	00354303	lbu	x6,3(x10)	 x10:0x00101790  x6=0x00000070 PA:0x00101793 store:0x00000000
           7114	      3553	001000cc	04030263	beq	x6,x0,100110	  x6:0x00000070  x0:0x00000000
           7118	      3555	001000d0	0067a023	sw	x6,0(x15)	 x15:0x00020000  x6:0x00000070 PA:0x00020000 store:0x00000070 load:0x00000000
           7122	      3557	001000d4	00454383	lbu	x7,4(x10)	 x10:0x00101790  x7=0x00000065 PA:0x00101794 store:0x00000000
           7124	      3558	001000d8	02038c63	beq	x7,x0,100110	  x7:0x00000065  x0:0x00000000
           7128	      3560	001000dc	0077a023	sw	x7,0(x15)	 x15:0x00020000  x7:0x00000065 PA:0x00020000 store:0x00000065 load:0x00000000
           7132	      3562	001000e0	00554583	lbu	x11,5(x10)	 x10:0x00101790 x11=0x00000063 PA:0x00101795 store:0x00000078
           7134	      3563	001000e4	02058663	beq	x11,x0,100110	 x11:0x00000063  x0:0x00000000
           7138	      3565	001000e8	00b7a023	sw	x11,0(x15)	 x15:0x00020000 x11:0x00000063 PA:0x00020000 store:0x00000063 load:0x00000000
           7142	      3567	001000ec	00654603	lbu	x12,6(x10)	 x10:0x00101790 x12=0x00000074 PA:0x00101796 store:0x00000070
           7144	      3568	001000f0	02060063	beq	x12,x0,100110	 x12:0x00000074  x0:0x00000000
           7148	      3570	001000f4	00c7a023	sw	x12,0(x15)	 x15:0x00020000 x12:0x00000074 PA:0x00020000 store:0x00000074 load:0x00000000
           7152	      3572	001000f8	00754683	lbu	x13,7(x10)	 x10:0x00101790 x13=0x00000069 PA:0x00101797 store:0x00000065
           7154	      3573	001000fc	00850513	addi	x10,x10,8	 x10:0x00101790 x10=0x00101798
           7156	      3574	00100100	00068863	beq	x13,x0,100110	 x13:0x00000069  x0:0x00000000
           7160	      3576	00100104	00d7a023	sw	x13,0(x15)	 x15:0x00020000 x13:0x00000069 PA:0x00020000 store:0x00000069 load:0x00000000
           7164	      3578	00100108	00054803	lbu	x16,0(x10)	 x10:0x00101798 x16=0x0000006e PA:0x00101798 store:0x00000000
           7168	      3580	0010010c	fa0810e3	bne	x16,x0,1000ac	 x16:0x0000006e  x0:0x00000000
           7174	      3583	001000ac	0107a023	sw	x16,0(x15)	 x15:0x00020000 x16:0x0000006e PA:0x00020000 store:0x0000006e load:0x00000000
           7178	      3585	001000b0	00154703	lbu	x14,1(x10)	 x10:0x00101798 x14=0x00000067 PA:0x00101799 store:0x001012bc
           7180	      3586	001000b4	04070e63	beq	x14,x0,100110	 x14:0x00000067  x0:0x00000000
           7184	      3588	001000b8	00e7a023	sw	x14,0(x15)	 x15:0x00020000 x14:0x00000067 PA:0x00020000 store:0x00000067 load:0x00000000
           7188	      3590	001000bc	00254283	lbu	x5,2(x10)	 x10:0x00101798  x5=0x00000020 PA:0x0010179a store:0x00137fd0
           7190	      3591	001000c0	04028863	beq	x5,x0,100110	  x5:0x00000020  x0:0x00000000
           7194	      3593	001000c4	0057a023	sw	x5,0(x15)	 x15:0x00020000  x5:0x00000020 PA:0x00020000 store:0x00000020 load:0x00000000
           7198	      3595	001000c8	00354303	lbu	x6,3(x10)	 x10:0x00101798  x6=0x00000030 PA:0x0010179b store:0x00000000
           7200	      3596	001000cc	04030263	beq	x6,x0,100110	  x6:0x00000030  x0:0x00000000
           7204	      3598	001000d0	0067a023	sw	x6,0(x15)	 x15:0x00020000  x6:0x00000030 PA:0x00020000 store:0x00000030 load:0x00000000
           7208	      3600	001000d4	00454383	lbu	x7,4(x10)	 x10:0x00101798  x7=0x00000078 PA:0x0010179c store:0x00000000
           7210	      3601	001000d8	02038c63	beq	x7,x0,100110	  x7:0x00000078  x0:0x00000000
           7214	      3603	001000dc	0077a023	sw	x7,0(x15)	 x15:0x00020000  x7:0x00000078 PA:0x00020000 store:0x00000078 load:0x00000000
           7218	      3605	001000e0	00554583	lbu	x11,5(x10)	 x10:0x00101798 x11=0x00000031 PA:0x0010179d store:0x00000020
           7220	      3606	001000e4	02058663	beq	x11,x0,100110	 x11:0x00000031  x0:0x00000000
           7224	      3608	001000e8	00b7a023	sw	x11,0(x15)	 x15:0x00020000 x11:0x00000031 PA:0x00020000 store:0x00000031 load:0x00000000
           7228	      3610	001000ec	00654603	lbu	x12,6(x10)	 x10:0x00101798 x12=0x0000003a PA:0x0010179e store:0x00000030
           7230	      3611	001000f0	02060063	beq	x12,x0,100110	 x12:0x0000003a  x0:0x00000000
           7234	      3613	001000f4	00c7a023	sw	x12,0(x15)	 x15:0x00020000 x12:0x0000003a PA:0x00020000 store:0x0000003a load:0x00000000
           7238	      3615	001000f8	00754683	lbu	x13,7(x10)	 x10:0x00101798 x13=0x00000020 PA:0x0010179f store:0x00000078
           7240	      3616	001000fc	00850513	addi	x10,x10,8	 x10:0x00101798 x10=0x001017a0
           7242	      3617	00100100	00068863	beq	x13,x0,100110	 x13:0x00000020  x0:0x00000000
           7246	      3619	00100104	00d7a023	sw	x13,0(x15)	 x15:0x00020000 x13:0x00000020 PA:0x00020000 store:0x00000020 load:0x00000000
           7250	      3621	00100108	00054803	lbu	x16,0(x10)	 x10:0x001017a0 x16=0x00000000 PA:0x001017a0 store:0x00000000
           7252	      3622	0010010c	fa0810e3	bne	x16,x0,1000ac	 x16:0x00000000  x0:0x00000000
           7254	      3623	00100110	00000513	addi	x10,x0,0	  x0:0x00000000 x10=0x00000000
           7258	      3625	00100114	00008067	jalr	x0,0(x1)	  x1:0x001012bc  x0=0x00000000
           7262	      3627	001012bc	9e0c2503	lw	x10,-1568(x24)	 x24:0x00102000 x10=0x00000040 PA:0x001019e0 store:0x00000000
           7264	      3628	001012c0	00102d37	lui	x26,0x102	 x26=0x00102000
           7268	      3630	001012c4	e5dfe0ef	jal	x1,100120	  x1=0x001012c8
           7270	      3631	00100120	01c55793	srli	x15,x10,0x1c	 x10:0x00000040 x15=0x00000000
           7272	      3632	00100124	00900713	addi	x14,x0,9	  x0:0x00000000 x14=0x00000009
           7276	      3634	00100128	0cf77a63	bgeu	x14,x15,1001fc	 x14:0x00000009 x15:0x00000000
           7280	      3636	001001fc	03078393	addi	x7,x15,48	 x15:0x00000000  x7=0x00000030
           7282	      3637	00100200	000205b7	lui	x11,0x20	 x11=0x00020000
           7284	      3638	00100204	00451613	slli	x12,x10,0x4	 x10:0x00000040 x12=0x00000400
           7288	      3640	00100208	0075a023	sw	x7,0(x11)	 x11:0x00020000  x7:0x00000030 PA:0x00020000 store:0x00000030 load:0x00000000
           7290	      3641	0010020c	01c65693	srli	x13,x12,0x1c	 x12:0x00000400 x13=0x00000000
           7292	      3642	00100210	00900813	addi	x16,x0,9	  x0:0x00000000 x16=0x00000009
           7294	      3643	00100214	f2d86ae3	bltu	x16,x13,100148	 x16:0x00000009 x13:0x00000000
           7296	      3644	00100218	03068e93	addi	x29,x13,48	 x13:0x00000000 x29=0x00000030
           7298	      3645	0010021c	00020f37	lui	x30,0x20	 x30=0x00020000
           7300	      3646	00100220	00851f93	slli	x31,x10,0x8	 x10:0x00000040 x31=0x00004000
           7304	      3648	00100224	01df2023	sw	x29,0(x30)	 x30:0x00020000 x29:0x00000030 PA:0x00020000 store:0x00000030 load:0x00000000
           7306	      3649	00100228	01cfd793	srli	x15,x31,0x1c	 x31:0x00004000 x15=0x00000000
           7308	      3650	0010022c	00900713	addi	x14,x0,9	  x0:0x00000000 x14=0x00000009
           7310	      3651	00100230	f2f76ae3	bltu	x14,x15,100164	 x14:0x00000009 x15:0x00000000
           7312	      3652	00100234	03078393	addi	x7,x15,48	 x15:0x00000000  x7=0x00000030
           7314	      3653	00100238	000205b7	lui	x11,0x20	 x11=0x00020000
           7316	      3654	0010023c	00c51613	slli	x12,x10,0xc	 x10:0x00000040 x12=0x00040000
           7320	      3656	00100240	0075a023	sw	x7,0(x11)	 x11:0x00020000  x7:0x00000030 PA:0x00020000 store:0x00000030 load:0x00000000
           7322	      3657	00100244	01c65693	srli	x13,x12,0x1c	 x12:0x00040000 x13=0x00000000
           7324	      3658	00100248	00900813	addi	x16,x0,9	  x0:0x00000000 x16=0x00000009
           7326	      3659	0010024c	f2d86ae3	bltu	x16,x13,100180	 x16:0x00000009 x13:0x00000000
           7328	      3660	00100250	03068e93	addi	x29,x13,48	 x13:0x00000000 x29=0x00000030
           7330	      3661	00100254	00020f37	lui	x30,0x20	 x30=0x00020000
           7332	      3662	00100258	01051f93	slli	x31,x10,0x10	 x10:0x00000040 x31=0x00400000
           7336	      3664	0010025c	01df2023	sw	x29,0(x30)	 x30:0x00020000 x29:0x00000030 PA:0x00020000 store:0x00000030 load:0x00000000
           7338	      3665	00100260	01cfd793	srli	x15,x31,0x1c	 x31:0x00400000 x15=0x00000000
           7340	      3666	00100264	00900713	addi	x14,x0,9	  x0:0x00000000 x14=0x00000009
           7342	      3667	00100268	f2f76ae3	bltu	x14,x15,10019c	 x14:0x00000009 x15:0x00000000
           7344	      3668	0010026c	03078393	addi	x7,x15,48	 x15:0x00000000  x7=0x00000030
           7346	      3669	00100270	000205b7	lui	x11,0x20	 x11=0x00020000
           7348	      3670	00100274	01451613	slli	x12,x10,0x14	 x10:0x00000040 x12=0x04000000
           7352	      3672	00100278	0075a023	sw	x7,0(x11)	 x11:0x00020000  x7:0x00000030 PA:0x00020000 store:0x00000030 load:0x00000000
           7354	      3673	0010027c	01c65693	srli	x13,x12,0x1c	 x12:0x04000000 x13=0x00000000
           7356	      3674	00100280	00900813	addi	x16,x0,9	  x0:0x00000000 x16=0x00000009
           7358	      3675	00100284	f2d86ae3	bltu	x16,x13,1001b8	 x16:0x00000009 x13:0x00000000
           7360	      3676	00100288	03068e93	addi	x29,x13,48	 x13:0x00000000 x29=0x00000030
           7362	      3677	0010028c	00020f37	lui	x30,0x20	 x30=0x00020000
           7364	      3678	00100290	01851f93	slli	x31,x10,0x18	 x10:0x00000040 x31=0x40000000
           7368	      3680	00100294	01df2023	sw	x29,0(x30)	 x30:0x00020000 x29:0x00000030 PA:0x00020000 store:0x00000030 load:0x00000000
           7370	      3681	00100298	01cfd793	srli	x15,x31,0x1c	 x31:0x40000000 x15=0x00000004
           7372	      3682	0010029c	00900713	addi	x14,x0,9	  x0:0x00000000 x14=0x00000009
           7374	      3683	001002a0	f2f76ae3	bltu	x14,x15,1001d4	 x14:0x00000009 x15:0x00000004
           7376	      3684	001002a4	03078393	addi	x7,x15,48	 x15:0x00000004  x7=0x00000034
           7378	      3685	001002a8	000205b7	lui	x11,0x20	 x11=0x00020000
           7382	      3687	001002ac	0075a023	sw	x7,0(x11)	 x11:0x00020000  x7:0x00000034 PA:0x00020000 store:0x00000034 load:0x00000000
           7384	      3688	001002b0	00f57513	andi	x10,x10,15	 x10:0x00000040 x10=0x00000000
           7386	      3689	001002b4	00900613	addi	x12,x0,9	  x0:0x00000000 x12=0x00000009
           7390	      3691	001002b8	f2a67ae3	bgeu	x12,x10,1001ec	 x12:0x00000009 x10:0x00000000
           7394	      3693	001001ec	03050893	addi	x17,x10,48	 x10:0x00000000 x17=0x00000030
           7396	      3694	001001f0	00020e37	lui	x28,0x20	 x28=0x00020000
           7400	      3696	001001f4	011e2023	sw	x17,0(x28)	 x28:0x00020000 x17:0x00000030 PA:0x00020000 store:0x00000030 load:0x00000000
           7404	      3698	001001f8	00008067	jalr	x0,0(x1)	  x1:0x001012c8  x0=0x00000000
           7406	      3699	001012c8	00101f37	lui	x30,0x101	 x30=0x00101000
           7410	      3701	001012cc	680f2f83	lw	x31,1664(x30)	 x30:0x00101000 x31=0xc019999a PA:0x00101680 store:0x00000000
           7412	      3702	001012d0	00101337	lui	x6,0x101	  x6=0x00101000
           7414	      3703	001012d4	7a430513	addi	x10,x6,1956	  x6:0x00101000 x10=0x001017a4
           7418	      3705	001012d8	a1f9a423	sw	x31,-1528(x19)	 x19:0x00102000 x31:0xc019999a PA:0x00101a08 store:0xc019999a load:0xc019999a
           7428	      3710	001012dc	a089a683	lw	x13,-1528(x19)	 x19:0x00102000 x13=0xc019999a PA:0x00101a08 store:0x00102000
           7430	      3711	001012e0	e00692d3	fclass.s	x5,f13	 f13:0xc019999a  x5=0x00000002
           7432	      3712	001012e4	9c5d2e23	sw	x5,-1572(x26)	 x26:0x00102000  x5:0x00000002 PA:0x001019dc store:0x00000002 load:0xc019999a
           7434	      3713	001012e8	db9fe0ef	jal	x1,1000a0	  x1=0x001012ec
           7438	      3715	001000a0	00054803	lbu	x16,0(x10)	 x10:0x001017a4 x16=0x0000000a PA:0x001017a4 store:0x00000000
           7440	      3716	001000a4	06080663	beq	x16,x0,100110	 x16:0x0000000a  x0:0x00000000
           7442	      3717	001000a8	000207b7	lui	x15,0x20	 x15=0x00020000
           7446	      3719	001000ac	0107a023	sw	x16,0(x15)	 x15:0x00020000 x16:0x0000000a PA:0x00020000 store:0x0000000a load:0x00000000
           7450	      3721	001000b0	00154703	lbu	x14,1(x10)	 x10:0x001017a4 x14=0x00000020 PA:0x001017a5 store:0x001012ec
           7452	      3722	001000b4	04070e63	beq	x14,x0,100110	 x14:0x00000020  x0:0x00000000
           7456	      3724	001000b8	00e7a023	sw	x14,0(x15)	 x15:0x00020000 x14:0x00000020 PA:0x00020000 store:0x00000020 load:0x00000000
           7460	      3726	001000bc	00254283	lbu	x5,2(x10)	 x10:0x001017a4  x5=0x00000045 PA:0x001017a6 store:0x00137fd0
           7462	      3727	001000c0	04028863	beq	x5,x0,100110	  x5:0x00000045  x0:0x00000000
           7466	      3729	001000c4	0057a023	sw	x5,0(x15)	 x15:0x00020000  x5:0x00000045 PA:0x00020000 store:0x00000045 load:0x00000000
           7470	      3731	001000c8	00354303	lbu	x6,3(x10)	 x10:0x001017a4  x6=0x00000078 PA:0x001017a7 store:0x00000000
           7472	      3732	001000cc	04030263	beq	x6,x0,100110	  x6:0x00000078  x0:0x00000000
           7476	      3734	001000d0	0067a023	sw	x6,0(x15)	 x15:0x00020000  x6:0x00000078 PA:0x00020000 store:0x00000078 load:0x00000000
           7480	      3736	001000d4	00454383	lbu	x7,4(x10)	 x10:0x001017a4  x7=0x00000070 PA:0x001017a8 store:0x00000000
           7482	      3737	001000d8	02038c63	beq	x7,x0,100110	  x7:0x00000070  x0:0x00000000
           7486	      3739	001000dc	0077a023	sw	x7,0(x15)	 x15:0x00020000  x7:0x00000070 PA:0x00020000 store:0x00000070 load:0x00000000
           7490	      3741	001000e0	00554583	lbu	x11,5(x10)	 x10:0x001017a4 x11=0x00000065 PA:0x001017a9 store:0x00000045
           7492	      3742	001000e4	02058663	beq	x11,x0,100110	 x11:0x00000065  x0:0x00000000
           7496	      3744	001000e8	00b7a023	sw	x11,0(x15)	 x15:0x00020000 x11:0x00000065 PA:0x00020000 store:0x00000065 load:0x00000000
           7500	      3746	001000ec	00654603	lbu	x12,6(x10)	 x10:0x001017a4 x12=0x00000063 PA:0x001017aa store:0x00000078
           7502	      3747	001000f0	02060063	beq	x12,x0,100110	 x12:0x00000063  x0:0x00000000
           7506	      3749	001000f4	00c7a023	sw	x12,0(x15)	 x15:0x00020000 x12:0x00000063 PA:0x00020000 store:0x00000063 load:0x00000000
           7510	      3751	001000f8	00754683	lbu	x13,7(x10)	 x10:0x001017a4 x13=0x00000074 PA:0x001017ab store:0x00000070
           7512	      3752	001000fc	00850513	addi	x10,x10,8	 x10:0x001017a4 x10=0x001017ac
           7514	      3753	00100100	00068863	beq	x13,x0,100110	 x13:0x00000074  x0:0x00000000
           7518	      3755	00100104	00d7a023	sw	x13,0(x15)	 x15:0x00020000 x13:0x00000074 PA:0x00020000 store:0x00000074 load:0x00000000
           7522	      3757	00100108	00054803	lbu	x16,0(x10)	 x10:0x001017ac x16=0x00000069 PA:0x001017ac store:0x00000000
           7526	      3759	0010010c	fa0810e3	bne	x16,x0,1000ac	 x16:0x00000069  x0:0x00000000
           7532	      3762	001000ac	0107a023	sw	x16,0(x15)	 x15:0x00020000 x16:0x00000069 PA:0x00020000 store:0x00000069 load:0x00000000
           7536	      3764	001000b0	00154703	lbu	x14,1(x10)	 x10:0x001017ac x14=0x0000006e PA:0x001017ad store:0x001012ec
           7538	      3765	001000b4	04070e63	beq	x14,x0,100110	 x14:0x0000006e  x0:0x00000000
           7542	      3767	001000b8	00e7a023	sw	x14,0(x15)	 x15:0x00020000 x14:0x0000006e PA:0x00020000 store:0x0000006e load:0x00000000
           7546	      3769	001000bc	00254283	lbu	x5,2(x10)	 x10:0x001017ac  x5=0x00000067 PA:0x001017ae store:0x00137fd0
           7548	      3770	001000c0	04028863	beq	x5,x0,100110	  x5:0x00000067  x0:0x00000000
           7552	      3772	001000c4	0057a023	sw	x5,0(x15)	 x15:0x00020000  x5:0x00000067 PA:0x00020000 store:0x00000067 load:0x00000000
           7556	      3774	001000c8	00354303	lbu	x6,3(x10)	 x10:0x001017ac  x6=0x00000020 PA:0x001017af store:0x00000000
           7558	      3775	001000cc	04030263	beq	x6,x0,100110	  x6:0x00000020  x0:0x00000000
           7562	      3777	001000d0	0067a023	sw	x6,0(x15)	 x15:0x00020000  x6:0x00000020 PA:0x00020000 store:0x00000020 load:0x00000000
           7566	      3779	001000d4	00454383	lbu	x7,4(x10)	 x10:0x001017ac  x7=0x00000030 PA:0x001017b0 store:0x00000000
           7568	      3780	001000d8	02038c63	beq	x7,x0,100110	  x7:0x00000030  x0:0x00000000
           7572	      3782	001000dc	0077a023	sw	x7,0(x15)	 x15:0x00020000  x7:0x00000030 PA:0x00020000 store:0x00000030 load:0x00000000
           7576	      3784	001000e0	00554583	lbu	x11,5(x10)	 x10:0x001017ac x11=0x00000078 PA:0x001017b1 store:0x00000067
           7578	      3785	001000e4	02058663	beq	x11,x0,100110	 x11:0x00000078  x0:0x00000000
           7582	      3787	001000e8	00b7a023	sw	x11,0(x15)	 x15:0x00020000 x11:0x00000078 PA:0x00020000 store:0x00000078 load:0x00000000
           7586	      3789	001000ec	00654603	lbu	x12,6(x10)	 x10:0x001017ac x12=0x00000032 PA:0x001017b2 store:0x00000020
           7588	      3790	001000f0	02060063	beq	x12,x0,100110	 x12:0x00000032  x0:0x00000000
           7592	      3792	001000f4	00c7a023	sw	x12,0(x15)	 x15:0x00020000 x12:0x00000032 PA:0x00020000 store:0x00000032 load:0x00000000
           7596	      3794	001000f8	00754683	lbu	x13,7(x10)	 x10:0x001017ac x13=0x0000003a PA:0x001017b3 store:0x00000030
           7598	      3795	001000fc	00850513	addi	x10,x10,8	 x10:0x001017ac x10=0x001017b4
           7600	      3796	00100100	00068863	beq	x13,x0,100110	 x13:0x0000003a  x0:0x00000000
           7604	      3798	00100104	00d7a023	sw	x13,0(x15)	 x15:0x00020000 x13:0x0000003a PA:0x00020000 store:0x0000003a load:0x00000000
           7608	      3800	00100108	00054803	lbu	x16,0(x10)	 x10:0x001017b4 x16=0x00000020 PA:0x001017b4 store:0x00000000
           7612	      3802	0010010c	fa0810e3	bne	x16,x0,1000ac	 x16:0x00000020  x0:0x00000000
           7618	      3805	001000ac	0107a023	sw	x16,0(x15)	 x15:0x00020000 x16:0x00000020 PA:0x00020000 store:0x00000020 load:0x00000000
           7622	      3807	001000b0	00154703	lbu	x14,1(x10)	 x10:0x001017b4 x14=0x00000000 PA:0x001017b5 store:0x001012ec
           7626	      3809	001000b4	04070e63	beq	x14,x0,100110	 x14:0x00000000  x0:0x00000000
           7630	      3811	00100110	00000513	addi	x10,x0,0	  x0:0x00000000 x10=0x00000000
           7634	      3813	00100114	00008067	jalr	x0,0(x1)	  x1:0x001012ec  x0=0x00000000
           7638	      3815	001012ec	9dcd2503	lw	x10,-1572(x26)	 x26:0x00102000 x10=0x00000002 PA:0x001019dc store:0x00020000
           7642	      3817	001012f0	e31fe0ef	jal	x1,100120	  x1=0x001012f4
           7644	      3818	00100120	01c55793	srli	x15,x10,0x1c	 x10:0x00000002 x15=0x00000000
           7646	      3819	00100124	00900713	addi	x14,x0,9	  x0:0x00000000 x14=0x00000009
           7650	      3821	00100128	0cf77a63	bgeu	x14,x15,1001fc	 x14:0x00000009 x15:0x00000000
           7654	      3823	001001fc	03078393	addi	x7,x15,48	 x15:0x00000000  x7=0x00000030
           7656	      3824	00100200	000205b7	lui	x11,0x20	 x11=0x00020000
           7658	      3825	00100204	00451613	slli	x12,x10,0x4	 x10:0x00000002 x12=0x00000020
           7662	      3827	00100208	0075a023	sw	x7,0(x11)	 x11:0x00020000  x7:0x00000030 PA:0x00020000 store:0x00000030 load:0x00000000
           7664	      3828	0010020c	01c65693	srli	x13,x12,0x1c	 x12:0x00000020 x13=0x00000000
           7666	      3829	00100210	00900813	addi	x16,x0,9	  x0:0x00000000 x16=0x00000009
           7668	      3830	00100214	f2d86ae3	bltu	x16,x13,100148	 x16:0x00000009 x13:0x00000000
           7670	      3831	00100218	03068e93	addi	x29,x13,48	 x13:0x00000000 x29=0x00000030
           7672	      3832	0010021c	00020f37	lui	x30,0x20	 x30=0x00020000
           7674	      3833	00100220	00851f93	slli	x31,x10,0x8	 x10:0x00000002 x31=0x00000200
           7678	      3835	00100224	01df2023	sw	x29,0(x30)	 x30:0x00020000 x29:0x00000030 PA:0x00020000 store:0x00000030 load:0x00000000
           7680	      3836	00100228	01cfd793	srli	x15,x31,0x1c	 x31:0x00000200 x15=0x00000000
           7682	      3837	0010022c	00900713	addi	x14,x0,9	  x0:0x00000000 x14=0x00000009
           7684	      3838	00100230	f2f76ae3	bltu	x14,x15,100164	 x14:0x00000009 x15:0x00000000
           7686	      3839	00100234	03078393	addi	x7,x15,48	 x15:0x00000000  x7=0x00000030
           7688	      3840	00100238	000205b7	lui	x11,0x20	 x11=0x00020000
           7690	      3841	0010023c	00c51613	slli	x12,x10,0xc	 x10:0x00000002 x12=0x00002000
           7694	      3843	00100240	0075a023	sw	x7,0(x11)	 x11:0x00020000  x7:0x00000030 PA:0x00020000 store:0x00000030 load:0x00000000
           7696	      3844	00100244	01c65693	srli	x13,x12,0x1c	 x12:0x00002000 x13=0x00000000
           7698	      3845	00100248	00900813	addi	x16,x0,9	  x0:0x00000000 x16=0x00000009
           7700	      3846	0010024c	f2d86ae3	bltu	x16,x13,100180	 x16:0x00000009 x13:0x00000000
           7702	      3847	00100250	03068e93	addi	x29,x13,48	 x13:0x00000000 x29=0x00000030
           7704	      3848	00100254	00020f37	lui	x30,0x20	 x30=0x00020000
           7706	      3849	00100258	01051f93	slli	x31,x10,0x10	 x10:0x00000002 x31=0x00020000
           7710	      3851	0010025c	01df2023	sw	x29,0(x30)	 x30:0x00020000 x29:0x00000030 PA:0x00020000 store:0x00000030 load:0x00000000
           7712	      3852	00100260	01cfd793	srli	x15,x31,0x1c	 x31:0x00020000 x15=0x00000000
           7714	      3853	00100264	00900713	addi	x14,x0,9	  x0:0x00000000 x14=0x00000009
           7716	      3854	00100268	f2f76ae3	bltu	x14,x15,10019c	 x14:0x00000009 x15:0x00000000
           7718	      3855	0010026c	03078393	addi	x7,x15,48	 x15:0x00000000  x7=0x00000030
           7720	      3856	00100270	000205b7	lui	x11,0x20	 x11=0x00020000
           7722	      3857	00100274	01451613	slli	x12,x10,0x14	 x10:0x00000002 x12=0x00200000
           7726	      3859	00100278	0075a023	sw	x7,0(x11)	 x11:0x00020000  x7:0x00000030 PA:0x00020000 store:0x00000030 load:0x00000000
           7728	      3860	0010027c	01c65693	srli	x13,x12,0x1c	 x12:0x00200000 x13=0x00000000
           7730	      3861	00100280	00900813	addi	x16,x0,9	  x0:0x00000000 x16=0x00000009
           7732	      3862	00100284	f2d86ae3	bltu	x16,x13,1001b8	 x16:0x00000009 x13:0x00000000
           7734	      3863	00100288	03068e93	addi	x29,x13,48	 x13:0x00000000 x29=0x00000030
           7736	      3864	0010028c	00020f37	lui	x30,0x20	 x30=0x00020000
           7738	      3865	00100290	01851f93	slli	x31,x10,0x18	 x10:0x00000002 x31=0x02000000
           7742	      3867	00100294	01df2023	sw	x29,0(x30)	 x30:0x00020000 x29:0x00000030 PA:0x00020000 store:0x00000030 load:0x00000000
           7744	      3868	00100298	01cfd793	srli	x15,x31,0x1c	 x31:0x02000000 x15=0x00000000
           7746	      3869	0010029c	00900713	addi	x14,x0,9	  x0:0x00000000 x14=0x00000009
           7748	      3870	001002a0	f2f76ae3	bltu	x14,x15,1001d4	 x14:0x00000009 x15:0x00000000
           7750	      3871	001002a4	03078393	addi	x7,x15,48	 x15:0x00000000  x7=0x00000030
           7752	      3872	001002a8	000205b7	lui	x11,0x20	 x11=0x00020000
           7756	      3874	001002ac	0075a023	sw	x7,0(x11)	 x11:0x00020000  x7:0x00000030 PA:0x00020000 store:0x00000030 load:0x00000000
           7758	      3875	001002b0	00f57513	andi	x10,x10,15	 x10:0x00000002 x10=0x00000002
           7760	      3876	001002b4	00900613	addi	x12,x0,9	  x0:0x00000000 x12=0x00000009
           7764	      3878	001002b8	f2a67ae3	bgeu	x12,x10,1001ec	 x12:0x00000009 x10:0x00000002
           7768	      3880	001001ec	03050893	addi	x17,x10,48	 x10:0x00000002 x17=0x00000032
           7770	      3881	001001f0	00020e37	lui	x28,0x20	 x28=0x00020000
           7774	      3883	001001f4	011e2023	sw	x17,0(x28)	 x28:0x00020000 x17:0x00000032 PA:0x00020000 store:0x00000032 load:0x00000000
           7778	      3885	001001f8	00008067	jalr	x0,0(x1)	  x1:0x001012f4  x0=0x00000000
           7780	      3886	001012f4	00101537	lui	x10,0x101	 x10=0x00101000
           7784	      3888	001012f8	68452383	lw	x7,1668(x10)	 x10:0x00101000  x7=0x80000047 PA:0x00101684 store:0x00000000
           7786	      3889	001012fc	00101737	lui	x14,0x101	 x14=0x00101000
           7788	      3890	00101300	7b870513	addi	x10,x14,1976	 x14:0x00101000 x10=0x001017b8
           7792	      3892	00101304	a074a223	sw	x7,-1532(x9)	  x9:0x00102000  x7:0x80000047 PA:0x00101a04 store:0x80000047 load:0x80000047
           7802	      3897	00101308	a044a483	lw	x9,-1532(x9)	  x9:0x00102000  x9=0x80000047 PA:0x00101a04 store:0x00000000
           7804	      3898	0010130c	e00497d3	fclass.s	x15,f9	  f9:0x80000047 x15=0x00000004
           7806	      3899	00101310	9cfb2c23	sw	x15,-1576(x22)	 x22:0x00102000 x15:0x00000004 PA:0x001019d8 store:0x00000004 load:0x80000047
           7808	      3900	00101314	d8dfe0ef	jal	x1,1000a0	  x1=0x00101318
           7812	      3902	001000a0	00054803	lbu	x16,0(x10)	 x10:0x001017b8 x16=0x0000000a PA:0x001017b8 store:0x00000000
           7814	      3903	001000a4	06080663	beq	x16,x0,100110	 x16:0x0000000a  x0:0x00000000
           7816	      3904	001000a8	000207b7	lui	x15,0x20	 x15=0x00020000
           7820	      3906	001000ac	0107a023	sw	x16,0(x15)	 x15:0x00020000 x16:0x0000000a PA:0x00020000 store:0x0000000a load:0x00000000
           7824	      3908	001000b0	00154703	lbu	x14,1(x10)	 x10:0x001017b8 x14=0x00000020 PA:0x001017b9 store:0x00101318
           7826	      3909	001000b4	04070e63	beq	x14,x0,100110	 x14:0x00000020  x0:0x00000000
           7830	      3911	001000b8	00e7a023	sw	x14,0(x15)	 x15:0x00020000 x14:0x00000020 PA:0x00020000 store:0x00000020 load:0x00000000
           7834	      3913	001000bc	00254283	lbu	x5,2(x10)	 x10:0x001017b8  x5=0x00000045 PA:0x001017ba store:0x00137fd0
           7836	      3914	001000c0	04028863	beq	x5,x0,100110	  x5:0x00000045  x0:0x00000000
           7840	      3916	001000c4	0057a023	sw	x5,0(x15)	 x15:0x00020000  x5:0x00000045 PA:0x00020000 store:0x00000045 load:0x00000000
           7844	      3918	001000c8	00354303	lbu	x6,3(x10)	 x10:0x001017b8  x6=0x00000078 PA:0x001017bb store:0x00000000
           7846	      3919	001000cc	04030263	beq	x6,x0,100110	  x6:0x00000078  x0:0x00000000
           7850	      3921	001000d0	0067a023	sw	x6,0(x15)	 x15:0x00020000  x6:0x00000078 PA:0x00020000 store:0x00000078 load:0x00000000
           7854	      3923	001000d4	00454383	lbu	x7,4(x10)	 x10:0x001017b8  x7=0x00000070 PA:0x001017bc store:0x00000000
           7856	      3924	001000d8	02038c63	beq	x7,x0,100110	  x7:0x00000070  x0:0x00000000
           7860	      3926	001000dc	0077a023	sw	x7,0(x15)	 x15:0x00020000  x7:0x00000070 PA:0x00020000 store:0x00000070 load:0x00000000
           7864	      3928	001000e0	00554583	lbu	x11,5(x10)	 x10:0x001017b8 x11=0x00000065 PA:0x001017bd store:0x00000045
           7866	      3929	001000e4	02058663	beq	x11,x0,100110	 x11:0x00000065  x0:0x00000000
           7870	      3931	001000e8	00b7a023	sw	x11,0(x15)	 x15:0x00020000 x11:0x00000065 PA:0x00020000 store:0x00000065 load:0x00000000
           7874	      3933	001000ec	00654603	lbu	x12,6(x10)	 x10:0x001017b8 x12=0x00000063 PA:0x001017be store:0x00000078
           7876	      3934	001000f0	02060063	beq	x12,x0,100110	 x12:0x00000063  x0:0x00000000
           7880	      3936	001000f4	00c7a023	sw	x12,0(x15)	 x15:0x00020000 x12:0x00000063 PA:0x00020000 store:0x00000063 load:0x00000000
           7884	      3938	001000f8	00754683	lbu	x13,7(x10)	 x10:0x001017b8 x13=0x00000074 PA:0x001017bf store:0x00000070
           7886	      3939	001000fc	00850513	addi	x10,x10,8	 x10:0x001017b8 x10=0x001017c0
           7888	      3940	00100100	00068863	beq	x13,x0,100110	 x13:0x00000074  x0:0x00000000
           7892	      3942	00100104	00d7a023	sw	x13,0(x15)	 x15:0x00020000 x13:0x00000074 PA:0x00020000 store:0x00000074 load:0x00000000
           7896	      3944	00100108	00054803	lbu	x16,0(x10)	 x10:0x001017c0 x16=0x00000069 PA:0x001017c0 store:0x00000000
           7900	      3946	0010010c	fa0810e3	bne	x16,x0,1000ac	 x16:0x00000069  x0:0x00000000
           7906	      3949	001000ac	0107a023	sw	x16,0(x15)	 x15:0x00020000 x16:0x00000069 PA:0x00020000 store:0x00000069 load:0x00000000
           7910	      3951	001000b0	00154703	lbu	x14,1(x10)	 x10:0x001017c0 x14=0x0000006e PA:0x001017c1 store:0x00101318
           7912	      3952	001000b4	04070e63	beq	x14,x0,100110	 x14:0x0000006e  x0:0x00000000
           7916	      3954	001000b8	00e7a023	sw	x14,0(x15)	 x15:0x00020000 x14:0x0000006e PA:0x00020000 store:0x0000006e load:0x00000000
           7920	      3956	001000bc	00254283	lbu	x5,2(x10)	 x10:0x001017c0  x5=0x00000067 PA:0x001017c2 store:0x00137fd0
           7922	      3957	001000c0	04028863	beq	x5,x0,100110	  x5:0x00000067  x0:0x00000000
           7926	      3959	001000c4	0057a023	sw	x5,0(x15)	 x15:0x00020000  x5:0x00000067 PA:0x00020000 store:0x00000067 load:0x00000000
           7930	      3961	001000c8	00354303	lbu	x6,3(x10)	 x10:0x001017c0  x6=0x00000020 PA:0x001017c3 store:0x00000000
           7932	      3962	001000cc	04030263	beq	x6,x0,100110	  x6:0x00000020  x0:0x00000000
           7936	      3964	001000d0	0067a023	sw	x6,0(x15)	 x15:0x00020000  x6:0x00000020 PA:0x00020000 store:0x00000020 load:0x00000000
           7940	      3966	001000d4	00454383	lbu	x7,4(x10)	 x10:0x001017c0  x7=0x00000030 PA:0x001017c4 store:0x00000000
           7942	      3967	001000d8	02038c63	beq	x7,x0,100110	  x7:0x00000030  x0:0x00000000
           7946	      3969	001000dc	0077a023	sw	x7,0(x15)	 x15:0x00020000  x7:0x00000030 PA:0x00020000 store:0x00000030 load:0x00000000
           7950	      3971	001000e0	00554583	lbu	x11,5(x10)	 x10:0x001017c0 x11=0x00000078 PA:0x001017c5 store:0x00000067
           7952	      3972	001000e4	02058663	beq	x11,x0,100110	 x11:0x00000078  x0:0x00000000
           7956	      3974	001000e8	00b7a023	sw	x11,0(x15)	 x15:0x00020000 x11:0x00000078 PA:0x00020000 store:0x00000078 load:0x00000000
           7960	      3976	001000ec	00654603	lbu	x12,6(x10)	 x10:0x001017c0 x12=0x00000034 PA:0x001017c6 store:0x00000020
           7962	      3977	001000f0	02060063	beq	x12,x0,100110	 x12:0x00000034  x0:0x00000000
           7966	      3979	001000f4	00c7a023	sw	x12,0(x15)	 x15:0x00020000 x12:0x00000034 PA:0x00020000 store:0x00000034 load:0x00000000
           7970	      3981	001000f8	00754683	lbu	x13,7(x10)	 x10:0x001017c0 x13=0x0000003a PA:0x001017c7 store:0x00000030
           7972	      3982	001000fc	00850513	addi	x10,x10,8	 x10:0x001017c0 x10=0x001017c8
           7974	      3983	00100100	00068863	beq	x13,x0,100110	 x13:0x0000003a  x0:0x00000000
           7978	      3985	00100104	00d7a023	sw	x13,0(x15)	 x15:0x00020000 x13:0x0000003a PA:0x00020000 store:0x0000003a load:0x00000000
           7982	      3987	00100108	00054803	lbu	x16,0(x10)	 x10:0x001017c8 x16=0x00000020 PA:0x001017c8 store:0x00000000
           7986	      3989	0010010c	fa0810e3	bne	x16,x0,1000ac	 x16:0x00000020  x0:0x00000000
           7992	      3992	001000ac	0107a023	sw	x16,0(x15)	 x15:0x00020000 x16:0x00000020 PA:0x00020000 store:0x00000020 load:0x00000000
           7996	      3994	001000b0	00154703	lbu	x14,1(x10)	 x10:0x001017c8 x14=0x00000000 PA:0x001017c9 store:0x00101318
           8000	      3996	001000b4	04070e63	beq	x14,x0,100110	 x14:0x00000000  x0:0x00000000
           8004	      3998	00100110	00000513	addi	x10,x0,0	  x0:0x00000000 x10=0x00000000
           8008	      4000	00100114	00008067	jalr	x0,0(x1)	  x1:0x00101318  x0=0x00000000
           8012	      4002	00101318	9d8b2503	lw	x10,-1576(x22)	 x22:0x00102000 x10=0x00000004 PA:0x001019d8 store:0x00102000
           8016	      4004	0010131c	e05fe0ef	jal	x1,100120	  x1=0x00101320
           8018	      4005	00100120	01c55793	srli	x15,x10,0x1c	 x10:0x00000004 x15=0x00000000
           8020	      4006	00100124	00900713	addi	x14,x0,9	  x0:0x00000000 x14=0x00000009
           8024	      4008	00100128	0cf77a63	bgeu	x14,x15,1001fc	 x14:0x00000009 x15:0x00000000
           8028	      4010	001001fc	03078393	addi	x7,x15,48	 x15:0x00000000  x7=0x00000030
           8030	      4011	00100200	000205b7	lui	x11,0x20	 x11=0x00020000
           8032	      4012	00100204	00451613	slli	x12,x10,0x4	 x10:0x00000004 x12=0x00000040
           8036	      4014	00100208	0075a023	sw	x7,0(x11)	 x11:0x00020000  x7:0x00000030 PA:0x00020000 store:0x00000030 load:0x00000000
           8038	      4015	0010020c	01c65693	srli	x13,x12,0x1c	 x12:0x00000040 x13=0x00000000
           8040	      4016	00100210	00900813	addi	x16,x0,9	  x0:0x00000000 x16=0x00000009
           8042	      4017	00100214	f2d86ae3	bltu	x16,x13,100148	 x16:0x00000009 x13:0x00000000
           8044	      4018	00100218	03068e93	addi	x29,x13,48	 x13:0x00000000 x29=0x00000030
           8046	      4019	0010021c	00020f37	lui	x30,0x20	 x30=0x00020000
           8048	      4020	00100220	00851f93	slli	x31,x10,0x8	 x10:0x00000004 x31=0x00000400
           8052	      4022	00100224	01df2023	sw	x29,0(x30)	 x30:0x00020000 x29:0x00000030 PA:0x00020000 store:0x00000030 load:0x00000000
           8054	      4023	00100228	01cfd793	srli	x15,x31,0x1c	 x31:0x00000400 x15=0x00000000
           8056	      4024	0010022c	00900713	addi	x14,x0,9	  x0:0x00000000 x14=0x00000009
           8058	      4025	00100230	f2f76ae3	bltu	x14,x15,100164	 x14:0x00000009 x15:0x00000000
           8060	      4026	00100234	03078393	addi	x7,x15,48	 x15:0x00000000  x7=0x00000030
           8062	      4027	00100238	000205b7	lui	x11,0x20	 x11=0x00020000
           8064	      4028	0010023c	00c51613	slli	x12,x10,0xc	 x10:0x00000004 x12=0x00004000
           8068	      4030	00100240	0075a023	sw	x7,0(x11)	 x11:0x00020000  x7:0x00000030 PA:0x00020000 store:0x00000030 load:0x00000000
           8070	      4031	00100244	01c65693	srli	x13,x12,0x1c	 x12:0x00004000 x13=0x00000000
           8072	      4032	00100248	00900813	addi	x16,x0,9	  x0:0x00000000 x16=0x00000009
           8074	      4033	0010024c	f2d86ae3	bltu	x16,x13,100180	 x16:0x00000009 x13:0x00000000
           8076	      4034	00100250	03068e93	addi	x29,x13,48	 x13:0x00000000 x29=0x00000030
           8078	      4035	00100254	00020f37	lui	x30,0x20	 x30=0x00020000
           8080	      4036	00100258	01051f93	slli	x31,x10,0x10	 x10:0x00000004 x31=0x00040000
           8084	      4038	0010025c	01df2023	sw	x29,0(x30)	 x30:0x00020000 x29:0x00000030 PA:0x00020000 store:0x00000030 load:0x00000000
           8086	      4039	00100260	01cfd793	srli	x15,x31,0x1c	 x31:0x00040000 x15=0x00000000
           8088	      4040	00100264	00900713	addi	x14,x0,9	  x0:0x00000000 x14=0x00000009
           8090	      4041	00100268	f2f76ae3	bltu	x14,x15,10019c	 x14:0x00000009 x15:0x00000000
           8092	      4042	0010026c	03078393	addi	x7,x15,48	 x15:0x00000000  x7=0x00000030
           8094	      4043	00100270	000205b7	lui	x11,0x20	 x11=0x00020000
           8096	      4044	00100274	01451613	slli	x12,x10,0x14	 x10:0x00000004 x12=0x00400000
           8100	      4046	00100278	0075a023	sw	x7,0(x11)	 x11:0x00020000  x7:0x00000030 PA:0x00020000 store:0x00000030 load:0x00000000
           8102	      4047	0010027c	01c65693	srli	x13,x12,0x1c	 x12:0x00400000 x13=0x00000000
           8104	      4048	00100280	00900813	addi	x16,x0,9	  x0:0x00000000 x16=0x00000009
           8106	      4049	00100284	f2d86ae3	bltu	x16,x13,1001b8	 x16:0x00000009 x13:0x00000000
           8108	      4050	00100288	03068e93	addi	x29,x13,48	 x13:0x00000000 x29=0x00000030
           8110	      4051	0010028c	00020f37	lui	x30,0x20	 x30=0x00020000
           8112	      4052	00100290	01851f93	slli	x31,x10,0x18	 x10:0x00000004 x31=0x04000000
           8116	      4054	00100294	01df2023	sw	x29,0(x30)	 x30:0x00020000 x29:0x00000030 PA:0x00020000 store:0x00000030 load:0x00000000
           8118	      4055	00100298	01cfd793	srli	x15,x31,0x1c	 x31:0x04000000 x15=0x00000000
           8120	      4056	0010029c	00900713	addi	x14,x0,9	  x0:0x00000000 x14=0x00000009
           8122	      4057	001002a0	f2f76ae3	bltu	x14,x15,1001d4	 x14:0x00000009 x15:0x00000000
           8124	      4058	001002a4	03078393	addi	x7,x15,48	 x15:0x00000000  x7=0x00000030
           8126	      4059	001002a8	000205b7	lui	x11,0x20	 x11=0x00020000
           8130	      4061	001002ac	0075a023	sw	x7,0(x11)	 x11:0x00020000  x7:0x00000030 PA:0x00020000 store:0x00000030 load:0x00000000
           8132	      4062	001002b0	00f57513	andi	x10,x10,15	 x10:0x00000004 x10=0x00000004
           8134	      4063	001002b4	00900613	addi	x12,x0,9	  x0:0x00000000 x12=0x00000009
           8138	      4065	001002b8	f2a67ae3	bgeu	x12,x10,1001ec	 x12:0x00000009 x10:0x00000004
           8142	      4067	001001ec	03050893	addi	x17,x10,48	 x10:0x00000004 x17=0x00000034
           8144	      4068	001001f0	00020e37	lui	x28,0x20	 x28=0x00020000
           8148	      4070	001001f4	011e2023	sw	x17,0(x28)	 x28:0x00020000 x17:0x00000034 PA:0x00020000 store:0x00000034 load:0x00000000
           8152	      4072	001001f8	00008067	jalr	x0,0(x1)	  x1:0x00101320  x0=0x00000000
           8156	      4074	00101320	678ca483	lw	x9,1656(x25)	 x25:0x00101000  x9=0x80000000 PA:0x00101678 store:0x00102000
           8158	      4075	00101324	00101cb7	lui	x25,0x101	 x25=0x00101000
           8160	      4076	00101328	7ccc8513	addi	x10,x25,1996	 x25:0x00101000 x10=0x001017cc
           8164	      4078	0010132c	a0942023	sw	x9,-1536(x8)	  x8:0x00102000  x9:0x80000000 PA:0x00101a00 store:0x80000000 load:0x80000000
           8174	      4083	00101330	a0042403	lw	x8,-1536(x8)	  x8:0x00102000  x8=0x80000000 PA:0x00101a00 store:0x00000000
           8176	      4084	00101334	e00415d3	fclass.s	x11,f8	  f8:0x80000000 x11=0x00000008
           8178	      4085	00101338	9ebc2023	sw	x11,-1568(x24)	 x24:0x00102000 x11:0x00000008 PA:0x001019e0 store:0x00000008 load:0x80000000
           8180	      4086	0010133c	d65fe0ef	jal	x1,1000a0	  x1=0x00101340
           8184	      4088	001000a0	00054803	lbu	x16,0(x10)	 x10:0x001017cc x16=0x0000000a PA:0x001017cc store:0x00000000
           8186	      4089	001000a4	06080663	beq	x16,x0,100110	 x16:0x0000000a  x0:0x00000000
           8188	      4090	001000a8	000207b7	lui	x15,0x20	 x15=0x00020000
           8192	      4092	001000ac	0107a023	sw	x16,0(x15)	 x15:0x00020000 x16:0x0000000a PA:0x00020000 store:0x0000000a load:0x00000000
           8196	      4094	001000b0	00154703	lbu	x14,1(x10)	 x10:0x001017cc x14=0x00000020 PA:0x001017cd store:0x00101340
           8198	      4095	001000b4	04070e63	beq	x14,x0,100110	 x14:0x00000020  x0:0x00000000
           8202	      4097	001000b8	00e7a023	sw	x14,0(x15)	 x15:0x00020000 x14:0x00000020 PA:0x00020000 store:0x00000020 load:0x00000000
           8206	      4099	001000bc	00254283	lbu	x5,2(x10)	 x10:0x001017cc  x5=0x00000045 PA:0x001017ce store:0x00137fd0
           8208	      4100	001000c0	04028863	beq	x5,x0,100110	  x5:0x00000045  x0:0x00000000
           8212	      4102	001000c4	0057a023	sw	x5,0(x15)	 x15:0x00020000  x5:0x00000045 PA:0x00020000 store:0x00000045 load:0x00000000
           8216	      4104	001000c8	00354303	lbu	x6,3(x10)	 x10:0x001017cc  x6=0x00000078 PA:0x001017cf store:0x00000000
           8218	      4105	001000cc	04030263	beq	x6,x0,100110	  x6:0x00000078  x0:0x00000000
           8222	      4107	001000d0	0067a023	sw	x6,0(x15)	 x15:0x00020000  x6:0x00000078 PA:0x00020000 store:0x00000078 load:0x00000000
           8226	      4109	001000d4	00454383	lbu	x7,4(x10)	 x10:0x001017cc  x7=0x00000070 PA:0x001017d0 store:0x00000000
           8228	      4110	001000d8	02038c63	beq	x7,x0,100110	  x7:0x00000070  x0:0x00000000
           8232	      4112	001000dc	0077a023	sw	x7,0(x15)	 x15:0x00020000  x7:0x00000070 PA:0x00020000 store:0x00000070 load:0x00000000
           8236	      4114	001000e0	00554583	lbu	x11,5(x10)	 x10:0x001017cc x11=0x00000065 PA:0x001017d1 store:0x00000045
           8238	      4115	001000e4	02058663	beq	x11,x0,100110	 x11:0x00000065  x0:0x00000000
           8242	      4117	001000e8	00b7a023	sw	x11,0(x15)	 x15:0x00020000 x11:0x00000065 PA:0x00020000 store:0x00000065 load:0x00000000
           8246	      4119	001000ec	00654603	lbu	x12,6(x10)	 x10:0x001017cc x12=0x00000063 PA:0x001017d2 store:0x00000078
           8248	      4120	001000f0	02060063	beq	x12,x0,100110	 x12:0x00000063  x0:0x00000000
           8252	      4122	001000f4	00c7a023	sw	x12,0(x15)	 x15:0x00020000 x12:0x00000063 PA:0x00020000 store:0x00000063 load:0x00000000
           8256	      4124	001000f8	00754683	lbu	x13,7(x10)	 x10:0x001017cc x13=0x00000074 PA:0x001017d3 store:0x00000070
           8258	      4125	001000fc	00850513	addi	x10,x10,8	 x10:0x001017cc x10=0x001017d4
           8260	      4126	00100100	00068863	beq	x13,x0,100110	 x13:0x00000074  x0:0x00000000
           8264	      4128	00100104	00d7a023	sw	x13,0(x15)	 x15:0x00020000 x13:0x00000074 PA:0x00020000 store:0x00000074 load:0x00000000
           8268	      4130	00100108	00054803	lbu	x16,0(x10)	 x10:0x001017d4 x16=0x00000069 PA:0x001017d4 store:0x00000000
           8272	      4132	0010010c	fa0810e3	bne	x16,x0,1000ac	 x16:0x00000069  x0:0x00000000
           8278	      4135	001000ac	0107a023	sw	x16,0(x15)	 x15:0x00020000 x16:0x00000069 PA:0x00020000 store:0x00000069 load:0x00000000
           8282	      4137	001000b0	00154703	lbu	x14,1(x10)	 x10:0x001017d4 x14=0x0000006e PA:0x001017d5 store:0x00101340
           8284	      4138	001000b4	04070e63	beq	x14,x0,100110	 x14:0x0000006e  x0:0x00000000
           8288	      4140	001000b8	00e7a023	sw	x14,0(x15)	 x15:0x00020000 x14:0x0000006e PA:0x00020000 store:0x0000006e load:0x00000000
           8292	      4142	001000bc	00254283	lbu	x5,2(x10)	 x10:0x001017d4  x5=0x00000067 PA:0x001017d6 store:0x00137fd0
           8294	      4143	001000c0	04028863	beq	x5,x0,100110	  x5:0x00000067  x0:0x00000000
           8298	      4145	001000c4	0057a023	sw	x5,0(x15)	 x15:0x00020000  x5:0x00000067 PA:0x00020000 store:0x00000067 load:0x00000000
           8302	      4147	001000c8	00354303	lbu	x6,3(x10)	 x10:0x001017d4  x6=0x00000020 PA:0x001017d7 store:0x00000000
           8304	      4148	001000cc	04030263	beq	x6,x0,100110	  x6:0x00000020  x0:0x00000000
           8308	      4150	001000d0	0067a023	sw	x6,0(x15)	 x15:0x00020000  x6:0x00000020 PA:0x00020000 store:0x00000020 load:0x00000000
           8312	      4152	001000d4	00454383	lbu	x7,4(x10)	 x10:0x001017d4  x7=0x00000030 PA:0x001017d8 store:0x00000000
           8314	      4153	001000d8	02038c63	beq	x7,x0,100110	  x7:0x00000030  x0:0x00000000
           8318	      4155	001000dc	0077a023	sw	x7,0(x15)	 x15:0x00020000  x7:0x00000030 PA:0x00020000 store:0x00000030 load:0x00000000
           8322	      4157	001000e0	00554583	lbu	x11,5(x10)	 x10:0x001017d4 x11=0x00000078 PA:0x001017d9 store:0x00000067
           8324	      4158	001000e4	02058663	beq	x11,x0,100110	 x11:0x00000078  x0:0x00000000
           8328	      4160	001000e8	00b7a023	sw	x11,0(x15)	 x15:0x00020000 x11:0x00000078 PA:0x00020000 store:0x00000078 load:0x00000000
           8332	      4162	001000ec	00654603	lbu	x12,6(x10)	 x10:0x001017d4 x12=0x00000038 PA:0x001017da store:0x00000020
           8334	      4163	001000f0	02060063	beq	x12,x0,100110	 x12:0x00000038  x0:0x00000000
           8338	      4165	001000f4	00c7a023	sw	x12,0(x15)	 x15:0x00020000 x12:0x00000038 PA:0x00020000 store:0x00000038 load:0x00000000
           8342	      4167	001000f8	00754683	lbu	x13,7(x10)	 x10:0x001017d4 x13=0x0000003a PA:0x001017db store:0x00000030
           8344	      4168	001000fc	00850513	addi	x10,x10,8	 x10:0x001017d4 x10=0x001017dc
           8346	      4169	00100100	00068863	beq	x13,x0,100110	 x13:0x0000003a  x0:0x00000000
           8350	      4171	00100104	00d7a023	sw	x13,0(x15)	 x15:0x00020000 x13:0x0000003a PA:0x00020000 store:0x0000003a load:0x00000000
           8354	      4173	00100108	00054803	lbu	x16,0(x10)	 x10:0x001017dc x16=0x00000020 PA:0x001017dc store:0x00000000
           8358	      4175	0010010c	fa0810e3	bne	x16,x0,1000ac	 x16:0x00000020  x0:0x00000000
           8364	      4178	001000ac	0107a023	sw	x16,0(x15)	 x15:0x00020000 x16:0x00000020 PA:0x00020000 store:0x00000020 load:0x00000000
           8368	      4180	001000b0	00154703	lbu	x14,1(x10)	 x10:0x001017dc x14=0x00000000 PA:0x001017dd store:0x00101340
           8372	      4182	001000b4	04070e63	beq	x14,x0,100110	 x14:0x00000000  x0:0x00000000
           8376	      4184	00100110	00000513	addi	x10,x0,0	  x0:0x00000000 x10=0x00000000
           8380	      4186	00100114	00008067	jalr	x0,0(x1)	  x1:0x00101340  x0=0x00000000
           8384	      4188	00101340	9e0c2503	lw	x10,-1568(x24)	 x24:0x00102000 x10=0x00000008 PA:0x001019e0 store:0x00000000
           8386	      4189	00101344	00000c93	addi	x25,x0,0	  x0:0x00000000 x25=0x00000000
           8390	      4191	00101348	dd9fe0ef	jal	x1,100120	  x1=0x0010134c
           8392	      4192	00100120	01c55793	srli	x15,x10,0x1c	 x10:0x00000008 x15=0x00000000
           8394	      4193	00100124	00900713	addi	x14,x0,9	  x0:0x00000000 x14=0x00000009
           8398	      4195	00100128	0cf77a63	bgeu	x14,x15,1001fc	 x14:0x00000009 x15:0x00000000
           8402	      4197	001001fc	03078393	addi	x7,x15,48	 x15:0x00000000  x7=0x00000030
           8404	      4198	00100200	000205b7	lui	x11,0x20	 x11=0x00020000
           8406	      4199	00100204	00451613	slli	x12,x10,0x4	 x10:0x00000008 x12=0x00000080
           8410	      4201	00100208	0075a023	sw	x7,0(x11)	 x11:0x00020000  x7:0x00000030 PA:0x00020000 store:0x00000030 load:0x00000000
           8412	      4202	0010020c	01c65693	srli	x13,x12,0x1c	 x12:0x00000080 x13=0x00000000
           8414	      4203	00100210	00900813	addi	x16,x0,9	  x0:0x00000000 x16=0x00000009
           8416	      4204	00100214	f2d86ae3	bltu	x16,x13,100148	 x16:0x00000009 x13:0x00000000
           8418	      4205	00100218	03068e93	addi	x29,x13,48	 x13:0x00000000 x29=0x00000030
           8420	      4206	0010021c	00020f37	lui	x30,0x20	 x30=0x00020000
           8422	      4207	00100220	00851f93	slli	x31,x10,0x8	 x10:0x00000008 x31=0x00000800
           8426	      4209	00100224	01df2023	sw	x29,0(x30)	 x30:0x00020000 x29:0x00000030 PA:0x00020000 store:0x00000030 load:0x00000000
           8428	      4210	00100228	01cfd793	srli	x15,x31,0x1c	 x31:0x00000800 x15=0x00000000
           8430	      4211	0010022c	00900713	addi	x14,x0,9	  x0:0x00000000 x14=0x00000009
           8432	      4212	00100230	f2f76ae3	bltu	x14,x15,100164	 x14:0x00000009 x15:0x00000000
           8434	      4213	00100234	03078393	addi	x7,x15,48	 x15:0x00000000  x7=0x00000030
           8436	      4214	00100238	000205b7	lui	x11,0x20	 x11=0x00020000
           8438	      4215	0010023c	00c51613	slli	x12,x10,0xc	 x10:0x00000008 x12=0x00008000
           8442	      4217	00100240	0075a023	sw	x7,0(x11)	 x11:0x00020000  x7:0x00000030 PA:0x00020000 store:0x00000030 load:0x00000000
           8444	      4218	00100244	01c65693	srli	x13,x12,0x1c	 x12:0x00008000 x13=0x00000000
           8446	      4219	00100248	00900813	addi	x16,x0,9	  x0:0x00000000 x16=0x00000009
           8448	      4220	0010024c	f2d86ae3	bltu	x16,x13,100180	 x16:0x00000009 x13:0x00000000
           8450	      4221	00100250	03068e93	addi	x29,x13,48	 x13:0x00000000 x29=0x00000030
           8452	      4222	00100254	00020f37	lui	x30,0x20	 x30=0x00020000
           8454	      4223	00100258	01051f93	slli	x31,x10,0x10	 x10:0x00000008 x31=0x00080000
           8458	      4225	0010025c	01df2023	sw	x29,0(x30)	 x30:0x00020000 x29:0x00000030 PA:0x00020000 store:0x00000030 load:0x00000000
           8460	      4226	00100260	01cfd793	srli	x15,x31,0x1c	 x31:0x00080000 x15=0x00000000
           8462	      4227	00100264	00900713	addi	x14,x0,9	  x0:0x00000000 x14=0x00000009
           8464	      4228	00100268	f2f76ae3	bltu	x14,x15,10019c	 x14:0x00000009 x15:0x00000000
           8466	      4229	0010026c	03078393	addi	x7,x15,48	 x15:0x00000000  x7=0x00000030
           8468	      4230	00100270	000205b7	lui	x11,0x20	 x11=0x00020000
           8470	      4231	00100274	01451613	slli	x12,x10,0x14	 x10:0x00000008 x12=0x00800000
           8474	      4233	00100278	0075a023	sw	x7,0(x11)	 x11:0x00020000  x7:0x00000030 PA:0x00020000 store:0x00000030 load:0x00000000
           8476	      4234	0010027c	01c65693	srli	x13,x12,0x1c	 x12:0x00800000 x13=0x00000000
           8478	      4235	00100280	00900813	addi	x16,x0,9	  x0:0x00000000 x16=0x00000009
           8480	      4236	00100284	f2d86ae3	bltu	x16,x13,1001b8	 x16:0x00000009 x13:0x00000000
           8482	      4237	00100288	03068e93	addi	x29,x13,48	 x13:0x00000000 x29=0x00000030
           8484	      4238	0010028c	00020f37	lui	x30,0x20	 x30=0x00020000
           8486	      4239	00100290	01851f93	slli	x31,x10,0x18	 x10:0x00000008 x31=0x08000000
           8490	      4241	00100294	01df2023	sw	x29,0(x30)	 x30:0x00020000 x29:0x00000030 PA:0x00020000 store:0x00000030 load:0x00000000
           8492	      4242	00100298	01cfd793	srli	x15,x31,0x1c	 x31:0x08000000 x15=0x00000000
           8494	      4243	0010029c	00900713	addi	x14,x0,9	  x0:0x00000000 x14=0x00000009
           8496	      4244	001002a0	f2f76ae3	bltu	x14,x15,1001d4	 x14:0x00000009 x15:0x00000000
           8498	      4245	001002a4	03078393	addi	x7,x15,48	 x15:0x00000000  x7=0x00000030
           8500	      4246	001002a8	000205b7	lui	x11,0x20	 x11=0x00020000
           8504	      4248	001002ac	0075a023	sw	x7,0(x11)	 x11:0x00020000  x7:0x00000030 PA:0x00020000 store:0x00000030 load:0x00000000
           8506	      4249	001002b0	00f57513	andi	x10,x10,15	 x10:0x00000008 x10=0x00000008
           8508	      4250	001002b4	00900613	addi	x12,x0,9	  x0:0x00000000 x12=0x00000009
           8512	      4252	001002b8	f2a67ae3	bgeu	x12,x10,1001ec	 x12:0x00000009 x10:0x00000008
           8516	      4254	001001ec	03050893	addi	x17,x10,48	 x10:0x00000008 x17=0x00000038
           8518	      4255	001001f0	00020e37	lui	x28,0x20	 x28=0x00020000
           8522	      4257	001001f4	011e2023	sw	x17,0(x28)	 x28:0x00020000 x17:0x00000038 PA:0x00020000 store:0x00000038 load:0x00000000
           8526	      4259	001001f8	00008067	jalr	x0,0(x1)	  x1:0x0010134c  x0=0x00000000
           8528	      4260	0010134c	001018b7	lui	x17,0x101	 x17=0x00101000
           8530	      4261	00101350	7e088513	addi	x10,x17,2016	 x17:0x00101000 x10=0x001017e0
           8534	      4263	00101354	9f992e23	sw	x25,-1540(x18)	 x18:0x00102000 x25:0x00000000 PA:0x001019fc store:0x00000000 load:0x00000008
           8544	      4268	00101358	9fc92903	lw	x18,-1540(x18)	 x18:0x00102000 x18=0x00000000 PA:0x001019fc store:0x00020000
           8546	      4269	0010135c	e0091853	fclass.s	x16,f18	 f18:0x00000000 x16=0x00000010
           8548	      4270	00101360	9d0d2e23	sw	x16,-1572(x26)	 x26:0x00102000 x16:0x00000010 PA:0x001019dc store:0x00000010 load:0x00000000
           8550	      4271	00101364	d3dfe0ef	jal	x1,1000a0	  x1=0x00101368
           8554	      4273	001000a0	00054803	lbu	x16,0(x10)	 x10:0x001017e0 x16=0x0000000a PA:0x001017e0 store:0x00000000
           8556	      4274	001000a4	06080663	beq	x16,x0,100110	 x16:0x0000000a  x0:0x00000000
           8558	      4275	001000a8	000207b7	lui	x15,0x20	 x15=0x00020000
           8562	      4277	001000ac	0107a023	sw	x16,0(x15)	 x15:0x00020000 x16:0x0000000a PA:0x00020000 store:0x0000000a load:0x00000000
           8566	      4279	001000b0	00154703	lbu	x14,1(x10)	 x10:0x001017e0 x14=0x00000020 PA:0x001017e1 store:0x00101368
           8568	      4280	001000b4	04070e63	beq	x14,x0,100110	 x14:0x00000020  x0:0x00000000
           8572	      4282	001000b8	00e7a023	sw	x14,0(x15)	 x15:0x00020000 x14:0x00000020 PA:0x00020000 store:0x00000020 load:0x00000000
           8576	      4284	001000bc	00254283	lbu	x5,2(x10)	 x10:0x001017e0  x5=0x00000045 PA:0x001017e2 store:0x00137fd0
           8578	      4285	001000c0	04028863	beq	x5,x0,100110	  x5:0x00000045  x0:0x00000000
           8582	      4287	001000c4	0057a023	sw	x5,0(x15)	 x15:0x00020000  x5:0x00000045 PA:0x00020000 store:0x00000045 load:0x00000000
           8586	      4289	001000c8	00354303	lbu	x6,3(x10)	 x10:0x001017e0  x6=0x00000078 PA:0x001017e3 store:0x00000000
           8588	      4290	001000cc	04030263	beq	x6,x0,100110	  x6:0x00000078  x0:0x00000000
           8592	      4292	001000d0	0067a023	sw	x6,0(x15)	 x15:0x00020000  x6:0x00000078 PA:0x00020000 store:0x00000078 load:0x00000000
           8596	      4294	001000d4	00454383	lbu	x7,4(x10)	 x10:0x001017e0  x7=0x00000070 PA:0x001017e4 store:0x00000000
           8598	      4295	001000d8	02038c63	beq	x7,x0,100110	  x7:0x00000070  x0:0x00000000
           8602	      4297	001000dc	0077a023	sw	x7,0(x15)	 x15:0x00020000  x7:0x00000070 PA:0x00020000 store:0x00000070 load:0x00000000
           8606	      4299	001000e0	00554583	lbu	x11,5(x10)	 x10:0x001017e0 x11=0x00000065 PA:0x001017e5 store:0x00000045
           8608	      4300	001000e4	02058663	beq	x11,x0,100110	 x11:0x00000065  x0:0x00000000
           8612	      4302	001000e8	00b7a023	sw	x11,0(x15)	 x15:0x00020000 x11:0x00000065 PA:0x00020000 store:0x00000065 load:0x00000000
           8616	      4304	001000ec	00654603	lbu	x12,6(x10)	 x10:0x001017e0 x12=0x00000063 PA:0x001017e6 store:0x00000078
           8618	      4305	001000f0	02060063	beq	x12,x0,100110	 x12:0x00000063  x0:0x00000000
           8622	      4307	001000f4	00c7a023	sw	x12,0(x15)	 x15:0x00020000 x12:0x00000063 PA:0x00020000 store:0x00000063 load:0x00000000
           8626	      4309	001000f8	00754683	lbu	x13,7(x10)	 x10:0x001017e0 x13=0x00000074 PA:0x001017e7 store:0x00000070
           8628	      4310	001000fc	00850513	addi	x10,x10,8	 x10:0x001017e0 x10=0x001017e8
           8630	      4311	00100100	00068863	beq	x13,x0,100110	 x13:0x00000074  x0:0x00000000
           8634	      4313	00100104	00d7a023	sw	x13,0(x15)	 x15:0x00020000 x13:0x00000074 PA:0x00020000 store:0x00000074 load:0x00000000
           8638	      4315	00100108	00054803	lbu	x16,0(x10)	 x10:0x001017e8 x16=0x00000069 PA:0x001017e8 store:0x00000000
           8642	      4317	0010010c	fa0810e3	bne	x16,x0,1000ac	 x16:0x00000069  x0:0x00000000
           8648	      4320	001000ac	0107a023	sw	x16,0(x15)	 x15:0x00020000 x16:0x00000069 PA:0x00020000 store:0x00000069 load:0x00000000
           8652	      4322	001000b0	00154703	lbu	x14,1(x10)	 x10:0x001017e8 x14=0x0000006e PA:0x001017e9 store:0x00101368
           8654	      4323	001000b4	04070e63	beq	x14,x0,100110	 x14:0x0000006e  x0:0x00000000
           8658	      4325	001000b8	00e7a023	sw	x14,0(x15)	 x15:0x00020000 x14:0x0000006e PA:0x00020000 store:0x0000006e load:0x00000000
           8662	      4327	001000bc	00254283	lbu	x5,2(x10)	 x10:0x001017e8  x5=0x00000067 PA:0x001017ea store:0x00137fd0
           8664	      4328	001000c0	04028863	beq	x5,x0,100110	  x5:0x00000067  x0:0x00000000
           8668	      4330	001000c4	0057a023	sw	x5,0(x15)	 x15:0x00020000  x5:0x00000067 PA:0x00020000 store:0x00000067 load:0x00000000
           8672	      4332	001000c8	00354303	lbu	x6,3(x10)	 x10:0x001017e8  x6=0x00000020 PA:0x001017eb store:0x00000000
           8674	      4333	001000cc	04030263	beq	x6,x0,100110	  x6:0x00000020  x0:0x00000000
           8678	      4335	001000d0	0067a023	sw	x6,0(x15)	 x15:0x00020000  x6:0x00000020 PA:0x00020000 store:0x00000020 load:0x00000000
           8682	      4337	001000d4	00454383	lbu	x7,4(x10)	 x10:0x001017e8  x7=0x00000030 PA:0x001017ec store:0x00000000
           8684	      4338	001000d8	02038c63	beq	x7,x0,100110	  x7:0x00000030  x0:0x00000000
           8688	      4340	001000dc	0077a023	sw	x7,0(x15)	 x15:0x00020000  x7:0x00000030 PA:0x00020000 store:0x00000030 load:0x00000000
           8692	      4342	001000e0	00554583	lbu	x11,5(x10)	 x10:0x001017e8 x11=0x00000078 PA:0x001017ed store:0x00000067
           8694	      4343	001000e4	02058663	beq	x11,x0,100110	 x11:0x00000078  x0:0x00000000
           8698	      4345	001000e8	00b7a023	sw	x11,0(x15)	 x15:0x00020000 x11:0x00000078 PA:0x00020000 store:0x00000078 load:0x00000000
           8702	      4347	001000ec	00654603	lbu	x12,6(x10)	 x10:0x001017e8 x12=0x00000031 PA:0x001017ee store:0x00000020
           8704	      4348	001000f0	02060063	beq	x12,x0,100110	 x12:0x00000031  x0:0x00000000
           8708	      4350	001000f4	00c7a023	sw	x12,0(x15)	 x15:0x00020000 x12:0x00000031 PA:0x00020000 store:0x00000031 load:0x00000000
           8712	      4352	001000f8	00754683	lbu	x13,7(x10)	 x10:0x001017e8 x13=0x00000030 PA:0x001017ef store:0x00000030
           8714	      4353	001000fc	00850513	addi	x10,x10,8	 x10:0x001017e8 x10=0x001017f0
           8716	      4354	00100100	00068863	beq	x13,x0,100110	 x13:0x00000030  x0:0x00000000
           8720	      4356	00100104	00d7a023	sw	x13,0(x15)	 x15:0x00020000 x13:0x00000030 PA:0x00020000 store:0x00000030 load:0x00000000
           8724	      4358	00100108	00054803	lbu	x16,0(x10)	 x10:0x001017f0 x16=0x0000003a PA:0x001017f0 store:0x00000000
           8728	      4360	0010010c	fa0810e3	bne	x16,x0,1000ac	 x16:0x0000003a  x0:0x00000000
           8734	      4363	001000ac	0107a023	sw	x16,0(x15)	 x15:0x00020000 x16:0x0000003a PA:0x00020000 store:0x0000003a load:0x00000000
           8738	      4365	001000b0	00154703	lbu	x14,1(x10)	 x10:0x001017f0 x14=0x00000020 PA:0x001017f1 store:0x00101368
           8740	      4366	001000b4	04070e63	beq	x14,x0,100110	 x14:0x00000020  x0:0x00000000
           8744	      4368	001000b8	00e7a023	sw	x14,0(x15)	 x15:0x00020000 x14:0x00000020 PA:0x00020000 store:0x00000020 load:0x00000000
           8748	      4370	001000bc	00254283	lbu	x5,2(x10)	 x10:0x001017f0  x5=0x00000000 PA:0x001017f2 store:0x00137fd0
           8752	      4372	001000c0	04028863	beq	x5,x0,100110	  x5:0x00000000  x0:0x00000000
           8756	      4374	00100110	00000513	addi	x10,x0,0	  x0:0x00000000 x10=0x00000000
           8760	      4376	00100114	00008067	jalr	x0,0(x1)	  x1:0x00101368  x0=0x00000000
           8764	      4378	00101368	9dcd2503	lw	x10,-1572(x26)	 x26:0x00102000 x10=0x00000010 PA:0x001019dc store:0x00020000
           8768	      4380	0010136c	db5fe0ef	jal	x1,100120	  x1=0x00101370
           8770	      4381	00100120	01c55793	srli	x15,x10,0x1c	 x10:0x00000010 x15=0x00000000
           8772	      4382	00100124	00900713	addi	x14,x0,9	  x0:0x00000000 x14=0x00000009
           8776	      4384	00100128	0cf77a63	bgeu	x14,x15,1001fc	 x14:0x00000009 x15:0x00000000
           8780	      4386	001001fc	03078393	addi	x7,x15,48	 x15:0x00000000  x7=0x00000030
           8782	      4387	00100200	000205b7	lui	x11,0x20	 x11=0x00020000
           8784	      4388	00100204	00451613	slli	x12,x10,0x4	 x10:0x00000010 x12=0x00000100
           8788	      4390	00100208	0075a023	sw	x7,0(x11)	 x11:0x00020000  x7:0x00000030 PA:0x00020000 store:0x00000030 load:0x00000000
           8790	      4391	0010020c	01c65693	srli	x13,x12,0x1c	 x12:0x00000100 x13=0x00000000
           8792	      4392	00100210	00900813	addi	x16,x0,9	  x0:0x00000000 x16=0x00000009
           8794	      4393	00100214	f2d86ae3	bltu	x16,x13,100148	 x16:0x00000009 x13:0x00000000
           8796	      4394	00100218	03068e93	addi	x29,x13,48	 x13:0x00000000 x29=0x00000030
           8798	      4395	0010021c	00020f37	lui	x30,0x20	 x30=0x00020000
           8800	      4396	00100220	00851f93	slli	x31,x10,0x8	 x10:0x00000010 x31=0x00001000
           8804	      4398	00100224	01df2023	sw	x29,0(x30)	 x30:0x00020000 x29:0x00000030 PA:0x00020000 store:0x00000030 load:0x00000000
           8806	      4399	00100228	01cfd793	srli	x15,x31,0x1c	 x31:0x00001000 x15=0x00000000
           8808	      4400	0010022c	00900713	addi	x14,x0,9	  x0:0x00000000 x14=0x00000009
           8810	      4401	00100230	f2f76ae3	bltu	x14,x15,100164	 x14:0x00000009 x15:0x00000000
           8812	      4402	00100234	03078393	addi	x7,x15,48	 x15:0x00000000  x7=0x00000030
           8814	      4403	00100238	000205b7	lui	x11,0x20	 x11=0x00020000
           8816	      4404	0010023c	00c51613	slli	x12,x10,0xc	 x10:0x00000010 x12=0x00010000
           8820	      4406	00100240	0075a023	sw	x7,0(x11)	 x11:0x00020000  x7:0x00000030 PA:0x00020000 store:0x00000030 load:0x00000000
           8822	      4407	00100244	01c65693	srli	x13,x12,0x1c	 x12:0x00010000 x13=0x00000000
           8824	      4408	00100248	00900813	addi	x16,x0,9	  x0:0x00000000 x16=0x00000009
           8826	      4409	0010024c	f2d86ae3	bltu	x16,x13,100180	 x16:0x00000009 x13:0x00000000
           8828	      4410	00100250	03068e93	addi	x29,x13,48	 x13:0x00000000 x29=0x00000030
           8830	      4411	00100254	00020f37	lui	x30,0x20	 x30=0x00020000
           8832	      4412	00100258	01051f93	slli	x31,x10,0x10	 x10:0x00000010 x31=0x00100000
           8836	      4414	0010025c	01df2023	sw	x29,0(x30)	 x30:0x00020000 x29:0x00000030 PA:0x00020000 store:0x00000030 load:0x00000000
           8838	      4415	00100260	01cfd793	srli	x15,x31,0x1c	 x31:0x00100000 x15=0x00000000
           8840	      4416	00100264	00900713	addi	x14,x0,9	  x0:0x00000000 x14=0x00000009
           8842	      4417	00100268	f2f76ae3	bltu	x14,x15,10019c	 x14:0x00000009 x15:0x00000000
           8844	      4418	0010026c	03078393	addi	x7,x15,48	 x15:0x00000000  x7=0x00000030
           8846	      4419	00100270	000205b7	lui	x11,0x20	 x11=0x00020000
           8848	      4420	00100274	01451613	slli	x12,x10,0x14	 x10:0x00000010 x12=0x01000000
           8852	      4422	00100278	0075a023	sw	x7,0(x11)	 x11:0x00020000  x7:0x00000030 PA:0x00020000 store:0x00000030 load:0x00000000
           8854	      4423	0010027c	01c65693	srli	x13,x12,0x1c	 x12:0x01000000 x13=0x00000000
           8856	      4424	00100280	00900813	addi	x16,x0,9	  x0:0x00000000 x16=0x00000009
           8858	      4425	00100284	f2d86ae3	bltu	x16,x13,1001b8	 x16:0x00000009 x13:0x00000000
           8860	      4426	00100288	03068e93	addi	x29,x13,48	 x13:0x00000000 x29=0x00000030
           8862	      4427	0010028c	00020f37	lui	x30,0x20	 x30=0x00020000
           8864	      4428	00100290	01851f93	slli	x31,x10,0x18	 x10:0x00000010 x31=0x10000000
           8868	      4430	00100294	01df2023	sw	x29,0(x30)	 x30:0x00020000 x29:0x00000030 PA:0x00020000 store:0x00000030 load:0x00000000
           8870	      4431	00100298	01cfd793	srli	x15,x31,0x1c	 x31:0x10000000 x15=0x00000001
           8872	      4432	0010029c	00900713	addi	x14,x0,9	  x0:0x00000000 x14=0x00000009
           8874	      4433	001002a0	f2f76ae3	bltu	x14,x15,1001d4	 x14:0x00000009 x15:0x00000001
           8876	      4434	001002a4	03078393	addi	x7,x15,48	 x15:0x00000001  x7=0x00000031
           8878	      4435	001002a8	000205b7	lui	x11,0x20	 x11=0x00020000
           8882	      4437	001002ac	0075a023	sw	x7,0(x11)	 x11:0x00020000  x7:0x00000031 PA:0x00020000 store:0x00000031 load:0x00000000
           8884	      4438	001002b0	00f57513	andi	x10,x10,15	 x10:0x00000010 x10=0x00000000
           8886	      4439	001002b4	00900613	addi	x12,x0,9	  x0:0x00000000 x12=0x00000009
           8890	      4441	001002b8	f2a67ae3	bgeu	x12,x10,1001ec	 x12:0x00000009 x10:0x00000000
           8894	      4443	001001ec	03050893	addi	x17,x10,48	 x10:0x00000000 x17=0x00000030
           8896	      4444	001001f0	00020e37	lui	x28,0x20	 x28=0x00020000
           8900	      4446	001001f4	011e2023	sw	x17,0(x28)	 x28:0x00020000 x17:0x00000030 PA:0x00020000 store:0x00000030 load:0x00000000
           8904	      4448	001001f8	00008067	jalr	x0,0(x1)	  x1:0x00101370  x0=0x00000000
           8906	      4449	00101370	00101637	lui	x12,0x101	 x12=0x00101000
           8910	      4451	00101374	68862403	lw	x8,1672(x12)	 x12:0x00101000  x8=0x00000047 PA:0x00101688 store:0x80000000
           8912	      4452	00101378	00102e37	lui	x28,0x102	 x28=0x00102000
           8914	      4453	0010137c	00101eb7	lui	x29,0x101	 x29=0x00101000
           8918	      4455	00101380	9e8e2c23	sw	x8,-1544(x28)	 x28:0x00102000  x8:0x00000047 PA:0x001019f8 store:0x00000047 load:0x00000047
           8922	      4457	00101384	9f8e2f03	lw	x30,-1544(x28)	 x28:0x00102000 x30=0x00000047 PA:0x001019f8 store:0x00102000
           8930	      4461	00101388	7f4e8513	addi	x10,x29,2036	 x29:0x00101000 x10=0x001017f4
           8932	      4462	0010138c	e00f1fd3	fclass.s	x31,f30	 f30:0x00000047 x31=0x00000020
           8934	      4463	00101390	9dfb2c23	sw	x31,-1576(x22)	 x22:0x00102000 x31:0x00000020 PA:0x001019d8 store:0x00000020 load:0x00000047
           8936	      4464	00101394	d0dfe0ef	jal	x1,1000a0	  x1=0x00101398
           8940	      4466	001000a0	00054803	lbu	x16,0(x10)	 x10:0x001017f4 x16=0x0000000a PA:0x001017f4 store:0x00000000
           8942	      4467	001000a4	06080663	beq	x16,x0,100110	 x16:0x0000000a  x0:0x00000000
           8944	      4468	001000a8	000207b7	lui	x15,0x20	 x15=0x00020000
           8948	      4470	001000ac	0107a023	sw	x16,0(x15)	 x15:0x00020000 x16:0x0000000a PA:0x00020000 store:0x0000000a load:0x00000000
           8952	      4472	001000b0	00154703	lbu	x14,1(x10)	 x10:0x001017f4 x14=0x00000020 PA:0x001017f5 store:0x00101398
           8954	      4473	001000b4	04070e63	beq	x14,x0,100110	 x14:0x00000020  x0:0x00000000
           8958	      4475	001000b8	00e7a023	sw	x14,0(x15)	 x15:0x00020000 x14:0x00000020 PA:0x00020000 store:0x00000020 load:0x00000000
           8962	      4477	001000bc	00254283	lbu	x5,2(x10)	 x10:0x001017f4  x5=0x00000045 PA:0x001017f6 store:0x00137fd0
           8964	      4478	001000c0	04028863	beq	x5,x0,100110	  x5:0x00000045  x0:0x00000000
           8968	      4480	001000c4	0057a023	sw	x5,0(x15)	 x15:0x00020000  x5:0x00000045 PA:0x00020000 store:0x00000045 load:0x00000000
           8972	      4482	001000c8	00354303	lbu	x6,3(x10)	 x10:0x001017f4  x6=0x00000078 PA:0x001017f7 store:0x00000000
           8974	      4483	001000cc	04030263	beq	x6,x0,100110	  x6:0x00000078  x0:0x00000000
           8978	      4485	001000d0	0067a023	sw	x6,0(x15)	 x15:0x00020000  x6:0x00000078 PA:0x00020000 store:0x00000078 load:0x00000000
           8982	      4487	001000d4	00454383	lbu	x7,4(x10)	 x10:0x001017f4  x7=0x00000070 PA:0x001017f8 store:0x00000000
           8984	      4488	001000d8	02038c63	beq	x7,x0,100110	  x7:0x00000070  x0:0x00000000
           8988	      4490	001000dc	0077a023	sw	x7,0(x15)	 x15:0x00020000  x7:0x00000070 PA:0x00020000 store:0x00000070 load:0x00000000
           8992	      4492	001000e0	00554583	lbu	x11,5(x10)	 x10:0x001017f4 x11=0x00000065 PA:0x001017f9 store:0x00000045
           8994	      4493	001000e4	02058663	beq	x11,x0,100110	 x11:0x00000065  x0:0x00000000
           8998	      4495	001000e8	00b7a023	sw	x11,0(x15)	 x15:0x00020000 x11:0x00000065 PA:0x00020000 store:0x00000065 load:0x00000000
           9002	      4497	001000ec	00654603	lbu	x12,6(x10)	 x10:0x001017f4 x12=0x00000063 PA:0x001017fa store:0x00000078
           9004	      4498	001000f0	02060063	beq	x12,x0,100110	 x12:0x00000063  x0:0x00000000
           9008	      4500	001000f4	00c7a023	sw	x12,0(x15)	 x15:0x00020000 x12:0x00000063 PA:0x00020000 store:0x00000063 load:0x00000000
           9012	      4502	001000f8	00754683	lbu	x13,7(x10)	 x10:0x001017f4 x13=0x00000074 PA:0x001017fb store:0x00000070
           9014	      4503	001000fc	00850513	addi	x10,x10,8	 x10:0x001017f4 x10=0x001017fc
           9016	      4504	00100100	00068863	beq	x13,x0,100110	 x13:0x00000074  x0:0x00000000
           9020	      4506	00100104	00d7a023	sw	x13,0(x15)	 x15:0x00020000 x13:0x00000074 PA:0x00020000 store:0x00000074 load:0x00000000
           9024	      4508	00100108	00054803	lbu	x16,0(x10)	 x10:0x001017fc x16=0x00000069 PA:0x001017fc store:0x00000000
           9028	      4510	0010010c	fa0810e3	bne	x16,x0,1000ac	 x16:0x00000069  x0:0x00000000
           9034	      4513	001000ac	0107a023	sw	x16,0(x15)	 x15:0x00020000 x16:0x00000069 PA:0x00020000 store:0x00000069 load:0x00000000
           9038	      4515	001000b0	00154703	lbu	x14,1(x10)	 x10:0x001017fc x14=0x0000006e PA:0x001017fd store:0x00101398
           9040	      4516	001000b4	04070e63	beq	x14,x0,100110	 x14:0x0000006e  x0:0x00000000
           9044	      4518	001000b8	00e7a023	sw	x14,0(x15)	 x15:0x00020000 x14:0x0000006e PA:0x00020000 store:0x0000006e load:0x00000000
           9048	      4520	001000bc	00254283	lbu	x5,2(x10)	 x10:0x001017fc  x5=0x00000067 PA:0x001017fe store:0x00137fd0
           9050	      4521	001000c0	04028863	beq	x5,x0,100110	  x5:0x00000067  x0:0x00000000
           9054	      4523	001000c4	0057a023	sw	x5,0(x15)	 x15:0x00020000  x5:0x00000067 PA:0x00020000 store:0x00000067 load:0x00000000
           9058	      4525	001000c8	00354303	lbu	x6,3(x10)	 x10:0x001017fc  x6=0x00000020 PA:0x001017ff store:0x00000000
           9060	      4526	001000cc	04030263	beq	x6,x0,100110	  x6:0x00000020  x0:0x00000000
           9064	      4528	001000d0	0067a023	sw	x6,0(x15)	 x15:0x00020000  x6:0x00000020 PA:0x00020000 store:0x00000020 load:0x00000000
           9068	      4530	001000d4	00454383	lbu	x7,4(x10)	 x10:0x001017fc  x7=0x00000030 PA:0x00101800 store:0x00000000
           9070	      4531	001000d8	02038c63	beq	x7,x0,100110	  x7:0x00000030  x0:0x00000000
           9074	      4533	001000dc	0077a023	sw	x7,0(x15)	 x15:0x00020000  x7:0x00000030 PA:0x00020000 store:0x00000030 load:0x00000000
           9078	      4535	001000e0	00554583	lbu	x11,5(x10)	 x10:0x001017fc x11=0x00000078 PA:0x00101801 store:0x00000067
           9080	      4536	001000e4	02058663	beq	x11,x0,100110	 x11:0x00000078  x0:0x00000000
           9084	      4538	001000e8	00b7a023	sw	x11,0(x15)	 x15:0x00020000 x11:0x00000078 PA:0x00020000 store:0x00000078 load:0x00000000
           9088	      4540	001000ec	00654603	lbu	x12,6(x10)	 x10:0x001017fc x12=0x00000032 PA:0x00101802 store:0x00000020
           9090	      4541	001000f0	02060063	beq	x12,x0,100110	 x12:0x00000032  x0:0x00000000
           9094	      4543	001000f4	00c7a023	sw	x12,0(x15)	 x15:0x00020000 x12:0x00000032 PA:0x00020000 store:0x00000032 load:0x00000000
           9098	      4545	001000f8	00754683	lbu	x13,7(x10)	 x10:0x001017fc x13=0x00000030 PA:0x00101803 store:0x00000030
           9100	      4546	001000fc	00850513	addi	x10,x10,8	 x10:0x001017fc x10=0x00101804
           9102	      4547	00100100	00068863	beq	x13,x0,100110	 x13:0x00000030  x0:0x00000000
           9106	      4549	00100104	00d7a023	sw	x13,0(x15)	 x15:0x00020000 x13:0x00000030 PA:0x00020000 store:0x00000030 load:0x00000000
           9110	      4551	00100108	00054803	lbu	x16,0(x10)	 x10:0x00101804 x16=0x0000003a PA:0x00101804 store:0x00000000
           9114	      4553	0010010c	fa0810e3	bne	x16,x0,1000ac	 x16:0x0000003a  x0:0x00000000
           9120	      4556	001000ac	0107a023	sw	x16,0(x15)	 x15:0x00020000 x16:0x0000003a PA:0x00020000 store:0x0000003a load:0x00000000
           9124	      4558	001000b0	00154703	lbu	x14,1(x10)	 x10:0x00101804 x14=0x00000020 PA:0x00101805 store:0x00101398
           9126	      4559	001000b4	04070e63	beq	x14,x0,100110	 x14:0x00000020  x0:0x00000000
           9130	      4561	001000b8	00e7a023	sw	x14,0(x15)	 x15:0x00020000 x14:0x00000020 PA:0x00020000 store:0x00000020 load:0x00000000
           9134	      4563	001000bc	00254283	lbu	x5,2(x10)	 x10:0x00101804  x5=0x00000000 PA:0x00101806 store:0x00137fd0
           9138	      4565	001000c0	04028863	beq	x5,x0,100110	  x5:0x00000000  x0:0x00000000
           9142	      4567	00100110	00000513	addi	x10,x0,0	  x0:0x00000000 x10=0x00000000
           9146	      4569	00100114	00008067	jalr	x0,0(x1)	  x1:0x00101398  x0=0x00000000
           9150	      4571	00101398	9d8b2503	lw	x10,-1576(x22)	 x22:0x00102000 x10=0x00000020 PA:0x001019d8 store:0x00102000
           9154	      4573	0010139c	d85fe0ef	jal	x1,100120	  x1=0x001013a0
           9156	      4574	00100120	01c55793	srli	x15,x10,0x1c	 x10:0x00000020 x15=0x00000000
           9158	      4575	00100124	00900713	addi	x14,x0,9	  x0:0x00000000 x14=0x00000009
           9162	      4577	00100128	0cf77a63	bgeu	x14,x15,1001fc	 x14:0x00000009 x15:0x00000000
           9166	      4579	001001fc	03078393	addi	x7,x15,48	 x15:0x00000000  x7=0x00000030
           9168	      4580	00100200	000205b7	lui	x11,0x20	 x11=0x00020000
           9170	      4581	00100204	00451613	slli	x12,x10,0x4	 x10:0x00000020 x12=0x00000200
           9174	      4583	00100208	0075a023	sw	x7,0(x11)	 x11:0x00020000  x7:0x00000030 PA:0x00020000 store:0x00000030 load:0x00000000
           9176	      4584	0010020c	01c65693	srli	x13,x12,0x1c	 x12:0x00000200 x13=0x00000000
           9178	      4585	00100210	00900813	addi	x16,x0,9	  x0:0x00000000 x16=0x00000009
           9180	      4586	00100214	f2d86ae3	bltu	x16,x13,100148	 x16:0x00000009 x13:0x00000000
           9182	      4587	00100218	03068e93	addi	x29,x13,48	 x13:0x00000000 x29=0x00000030
           9184	      4588	0010021c	00020f37	lui	x30,0x20	 x30=0x00020000
           9186	      4589	00100220	00851f93	slli	x31,x10,0x8	 x10:0x00000020 x31=0x00002000
           9190	      4591	00100224	01df2023	sw	x29,0(x30)	 x30:0x00020000 x29:0x00000030 PA:0x00020000 store:0x00000030 load:0x00000000
           9192	      4592	00100228	01cfd793	srli	x15,x31,0x1c	 x31:0x00002000 x15=0x00000000
           9194	      4593	0010022c	00900713	addi	x14,x0,9	  x0:0x00000000 x14=0x00000009
           9196	      4594	00100230	f2f76ae3	bltu	x14,x15,100164	 x14:0x00000009 x15:0x00000000
           9198	      4595	00100234	03078393	addi	x7,x15,48	 x15:0x00000000  x7=0x00000030
           9200	      4596	00100238	000205b7	lui	x11,0x20	 x11=0x00020000
           9202	      4597	0010023c	00c51613	slli	x12,x10,0xc	 x10:0x00000020 x12=0x00020000
           9206	      4599	00100240	0075a023	sw	x7,0(x11)	 x11:0x00020000  x7:0x00000030 PA:0x00020000 store:0x00000030 load:0x00000000
           9208	      4600	00100244	01c65693	srli	x13,x12,0x1c	 x12:0x00020000 x13=0x00000000
           9210	      4601	00100248	00900813	addi	x16,x0,9	  x0:0x00000000 x16=0x00000009
           9212	      4602	0010024c	f2d86ae3	bltu	x16,x13,100180	 x16:0x00000009 x13:0x00000000
           9214	      4603	00100250	03068e93	addi	x29,x13,48	 x13:0x00000000 x29=0x00000030
           9216	      4604	00100254	00020f37	lui	x30,0x20	 x30=0x00020000
           9218	      4605	00100258	01051f93	slli	x31,x10,0x10	 x10:0x00000020 x31=0x00200000
           9222	      4607	0010025c	01df2023	sw	x29,0(x30)	 x30:0x00020000 x29:0x00000030 PA:0x00020000 store:0x00000030 load:0x00000000
           9224	      4608	00100260	01cfd793	srli	x15,x31,0x1c	 x31:0x00200000 x15=0x00000000
           9226	      4609	00100264	00900713	addi	x14,x0,9	  x0:0x00000000 x14=0x00000009
           9228	      4610	00100268	f2f76ae3	bltu	x14,x15,10019c	 x14:0x00000009 x15:0x00000000
           9230	      4611	0010026c	03078393	addi	x7,x15,48	 x15:0x00000000  x7=0x00000030
           9232	      4612	00100270	000205b7	lui	x11,0x20	 x11=0x00020000
           9234	      4613	00100274	01451613	slli	x12,x10,0x14	 x10:0x00000020 x12=0x02000000
           9238	      4615	00100278	0075a023	sw	x7,0(x11)	 x11:0x00020000  x7:0x00000030 PA:0x00020000 store:0x00000030 load:0x00000000
           9240	      4616	0010027c	01c65693	srli	x13,x12,0x1c	 x12:0x02000000 x13=0x00000000
           9242	      4617	00100280	00900813	addi	x16,x0,9	  x0:0x00000000 x16=0x00000009
           9244	      4618	00100284	f2d86ae3	bltu	x16,x13,1001b8	 x16:0x00000009 x13:0x00000000
           9246	      4619	00100288	03068e93	addi	x29,x13,48	 x13:0x00000000 x29=0x00000030
           9248	      4620	0010028c	00020f37	lui	x30,0x20	 x30=0x00020000
           9250	      4621	00100290	01851f93	slli	x31,x10,0x18	 x10:0x00000020 x31=0x20000000
           9254	      4623	00100294	01df2023	sw	x29,0(x30)	 x30:0x00020000 x29:0x00000030 PA:0x00020000 store:0x00000030 load:0x00000000
           9256	      4624	00100298	01cfd793	srli	x15,x31,0x1c	 x31:0x20000000 x15=0x00000002
           9258	      4625	0010029c	00900713	addi	x14,x0,9	  x0:0x00000000 x14=0x00000009
           9260	      4626	001002a0	f2f76ae3	bltu	x14,x15,1001d4	 x14:0x00000009 x15:0x00000002
           9262	      4627	001002a4	03078393	addi	x7,x15,48	 x15:0x00000002  x7=0x00000032
           9264	      4628	001002a8	000205b7	lui	x11,0x20	 x11=0x00020000
           9268	      4630	001002ac	0075a023	sw	x7,0(x11)	 x11:0x00020000  x7:0x00000032 PA:0x00020000 store:0x00000032 load:0x00000000
           9270	      4631	001002b0	00f57513	andi	x10,x10,15	 x10:0x00000020 x10=0x00000000
           9272	      4632	001002b4	00900613	addi	x12,x0,9	  x0:0x00000000 x12=0x00000009
           9276	      4634	001002b8	f2a67ae3	bgeu	x12,x10,1001ec	 x12:0x00000009 x10:0x00000000
           9280	      4636	001001ec	03050893	addi	x17,x10,48	 x10:0x00000000 x17=0x00000030
           9282	      4637	001001f0	00020e37	lui	x28,0x20	 x28=0x00020000
           9286	      4639	001001f4	011e2023	sw	x17,0(x28)	 x28:0x00020000 x17:0x00000030 PA:0x00020000 store:0x00000030 load:0x00000000
           9290	      4641	001001f8	00008067	jalr	x0,0(x1)	  x1:0x001013a0  x0=0x00000000
           9292	      4642	001013a0	00101337	lui	x6,0x101	  x6=0x00101000
           9296	      4644	001013a4	68c32283	lw	x5,1676(x6)	  x6:0x00101000  x5=0x4019999a PA:0x0010168c store:0x00000009
           9298	      4645	001013a8	001026b7	lui	x13,0x102	 x13=0x00102000
           9300	      4646	001013ac	80868513	addi	x10,x13,-2040	 x13:0x00102000 x10=0x00101808
           9304	      4648	001013b0	9e5baa23	sw	x5,-1548(x23)	 x23:0x00102000  x5:0x4019999a PA:0x001019f4 store:0x4019999a load:0x4019999a
           9314	      4653	001013b4	9f4bab83	lw	x23,-1548(x23)	 x23:0x00102000 x23=0x4019999a PA:0x001019f4 store:0x00102000
           9316	      4654	001013b8	e00b93d3	fclass.s	x7,f23	 f23:0x4019999a  x7=0x00000040
           9318	      4655	001013bc	9e7c2023	sw	x7,-1568(x24)	 x24:0x00102000  x7:0x00000040 PA:0x001019e0 store:0x00000040 load:0x4019999a
           9320	      4656	001013c0	ce1fe0ef	jal	x1,1000a0	  x1=0x001013c4
           9324	      4658	001000a0	00054803	lbu	x16,0(x10)	 x10:0x00101808 x16=0x0000000a PA:0x00101808 store:0x00000000
           9326	      4659	001000a4	06080663	beq	x16,x0,100110	 x16:0x0000000a  x0:0x00000000
           9328	      4660	001000a8	000207b7	lui	x15,0x20	 x15=0x00020000
           9332	      4662	001000ac	0107a023	sw	x16,0(x15)	 x15:0x00020000 x16:0x0000000a PA:0x00020000 store:0x0000000a load:0x00000000
           9336	      4664	001000b0	00154703	lbu	x14,1(x10)	 x10:0x00101808 x14=0x00000020 PA:0x00101809 store:0x001013c4
           9338	      4665	001000b4	04070e63	beq	x14,x0,100110	 x14:0x00000020  x0:0x00000000
           9342	      4667	001000b8	00e7a023	sw	x14,0(x15)	 x15:0x00020000 x14:0x00000020 PA:0x00020000 store:0x00000020 load:0x00000000
           9346	      4669	001000bc	00254283	lbu	x5,2(x10)	 x10:0x00101808  x5=0x00000045 PA:0x0010180a store:0x00137fd0
           9348	      4670	001000c0	04028863	beq	x5,x0,100110	  x5:0x00000045  x0:0x00000000
           9352	      4672	001000c4	0057a023	sw	x5,0(x15)	 x15:0x00020000  x5:0x00000045 PA:0x00020000 store:0x00000045 load:0x00000000
           9356	      4674	001000c8	00354303	lbu	x6,3(x10)	 x10:0x00101808  x6=0x00000078 PA:0x0010180b store:0x00000000
           9358	      4675	001000cc	04030263	beq	x6,x0,100110	  x6:0x00000078  x0:0x00000000
           9362	      4677	001000d0	0067a023	sw	x6,0(x15)	 x15:0x00020000  x6:0x00000078 PA:0x00020000 store:0x00000078 load:0x00000000
           9366	      4679	001000d4	00454383	lbu	x7,4(x10)	 x10:0x00101808  x7=0x00000070 PA:0x0010180c store:0x00000000
           9368	      4680	001000d8	02038c63	beq	x7,x0,100110	  x7:0x00000070  x0:0x00000000
           9372	      4682	001000dc	0077a023	sw	x7,0(x15)	 x15:0x00020000  x7:0x00000070 PA:0x00020000 store:0x00000070 load:0x00000000
           9376	      4684	001000e0	00554583	lbu	x11,5(x10)	 x10:0x00101808 x11=0x00000065 PA:0x0010180d store:0x00000045
           9378	      4685	001000e4	02058663	beq	x11,x0,100110	 x11:0x00000065  x0:0x00000000
           9382	      4687	001000e8	00b7a023	sw	x11,0(x15)	 x15:0x00020000 x11:0x00000065 PA:0x00020000 store:0x00000065 load:0x00000000
           9386	      4689	001000ec	00654603	lbu	x12,6(x10)	 x10:0x00101808 x12=0x00000063 PA:0x0010180e store:0x00000078
           9388	      4690	001000f0	02060063	beq	x12,x0,100110	 x12:0x00000063  x0:0x00000000
           9392	      4692	001000f4	00c7a023	sw	x12,0(x15)	 x15:0x00020000 x12:0x00000063 PA:0x00020000 store:0x00000063 load:0x00000000
           9396	      4694	001000f8	00754683	lbu	x13,7(x10)	 x10:0x00101808 x13=0x00000074 PA:0x0010180f store:0x00000070
           9398	      4695	001000fc	00850513	addi	x10,x10,8	 x10:0x00101808 x10=0x00101810
           9400	      4696	00100100	00068863	beq	x13,x0,100110	 x13:0x00000074  x0:0x00000000
           9404	      4698	00100104	00d7a023	sw	x13,0(x15)	 x15:0x00020000 x13:0x00000074 PA:0x00020000 store:0x00000074 load:0x00000000
           9408	      4700	00100108	00054803	lbu	x16,0(x10)	 x10:0x00101810 x16=0x00000069 PA:0x00101810 store:0x00000000
           9412	      4702	0010010c	fa0810e3	bne	x16,x0,1000ac	 x16:0x00000069  x0:0x00000000
           9418	      4705	001000ac	0107a023	sw	x16,0(x15)	 x15:0x00020000 x16:0x00000069 PA:0x00020000 store:0x00000069 load:0x00000000
           9422	      4707	001000b0	00154703	lbu	x14,1(x10)	 x10:0x00101810 x14=0x0000006e PA:0x00101811 store:0x001013c4
           9424	      4708	001000b4	04070e63	beq	x14,x0,100110	 x14:0x0000006e  x0:0x00000000
           9428	      4710	001000b8	00e7a023	sw	x14,0(x15)	 x15:0x00020000 x14:0x0000006e PA:0x00020000 store:0x0000006e load:0x00000000
           9432	      4712	001000bc	00254283	lbu	x5,2(x10)	 x10:0x00101810  x5=0x00000067 PA:0x00101812 store:0x00137fd0
           9434	      4713	001000c0	04028863	beq	x5,x0,100110	  x5:0x00000067  x0:0x00000000
           9438	      4715	001000c4	0057a023	sw	x5,0(x15)	 x15:0x00020000  x5:0x00000067 PA:0x00020000 store:0x00000067 load:0x00000000
           9442	      4717	001000c8	00354303	lbu	x6,3(x10)	 x10:0x00101810  x6=0x00000020 PA:0x00101813 store:0x00000000
           9444	      4718	001000cc	04030263	beq	x6,x0,100110	  x6:0x00000020  x0:0x00000000
           9448	      4720	001000d0	0067a023	sw	x6,0(x15)	 x15:0x00020000  x6:0x00000020 PA:0x00020000 store:0x00000020 load:0x00000000
           9452	      4722	001000d4	00454383	lbu	x7,4(x10)	 x10:0x00101810  x7=0x00000030 PA:0x00101814 store:0x00000000
           9454	      4723	001000d8	02038c63	beq	x7,x0,100110	  x7:0x00000030  x0:0x00000000
           9458	      4725	001000dc	0077a023	sw	x7,0(x15)	 x15:0x00020000  x7:0x00000030 PA:0x00020000 store:0x00000030 load:0x00000000
           9462	      4727	001000e0	00554583	lbu	x11,5(x10)	 x10:0x00101810 x11=0x00000078 PA:0x00101815 store:0x00000067
           9464	      4728	001000e4	02058663	beq	x11,x0,100110	 x11:0x00000078  x0:0x00000000
           9468	      4730	001000e8	00b7a023	sw	x11,0(x15)	 x15:0x00020000 x11:0x00000078 PA:0x00020000 store:0x00000078 load:0x00000000
           9472	      4732	001000ec	00654603	lbu	x12,6(x10)	 x10:0x00101810 x12=0x00000034 PA:0x00101816 store:0x00000020
           9474	      4733	001000f0	02060063	beq	x12,x0,100110	 x12:0x00000034  x0:0x00000000
           9478	      4735	001000f4	00c7a023	sw	x12,0(x15)	 x15:0x00020000 x12:0x00000034 PA:0x00020000 store:0x00000034 load:0x00000000
           9482	      4737	001000f8	00754683	lbu	x13,7(x10)	 x10:0x00101810 x13=0x00000030 PA:0x00101817 store:0x00000030
           9484	      4738	001000fc	00850513	addi	x10,x10,8	 x10:0x00101810 x10=0x00101818
           9486	      4739	00100100	00068863	beq	x13,x0,100110	 x13:0x00000030  x0:0x00000000
           9490	      4741	00100104	00d7a023	sw	x13,0(x15)	 x15:0x00020000 x13:0x00000030 PA:0x00020000 store:0x00000030 load:0x00000000
           9494	      4743	00100108	00054803	lbu	x16,0(x10)	 x10:0x00101818 x16=0x0000003a PA:0x00101818 store:0x00000000
           9498	      4745	0010010c	fa0810e3	bne	x16,x0,1000ac	 x16:0x0000003a  x0:0x00000000
           9504	      4748	001000ac	0107a023	sw	x16,0(x15)	 x15:0x00020000 x16:0x0000003a PA:0x00020000 store:0x0000003a load:0x00000000
           9508	      4750	001000b0	00154703	lbu	x14,1(x10)	 x10:0x00101818 x14=0x00000020 PA:0x00101819 store:0x001013c4
           9510	      4751	001000b4	04070e63	beq	x14,x0,100110	 x14:0x00000020  x0:0x00000000
           9514	      4753	001000b8	00e7a023	sw	x14,0(x15)	 x15:0x00020000 x14:0x00000020 PA:0x00020000 store:0x00000020 load:0x00000000
           9518	      4755	001000bc	00254283	lbu	x5,2(x10)	 x10:0x00101818  x5=0x00000000 PA:0x0010181a store:0x00137fd0
           9522	      4757	001000c0	04028863	beq	x5,x0,100110	  x5:0x00000000  x0:0x00000000
           9526	      4759	00100110	00000513	addi	x10,x0,0	  x0:0x00000000 x10=0x00000000
           9530	      4761	00100114	00008067	jalr	x0,0(x1)	  x1:0x001013c4  x0=0x00000000
           9534	      4763	001013c4	9e0c2503	lw	x10,-1568(x24)	 x24:0x00102000 x10=0x00000040 PA:0x001019e0 store:0x00000000
           9536	      4764	001013c8	00101bb7	lui	x23,0x101	 x23=0x00101000
           9540	      4766	001013cc	d55fe0ef	jal	x1,100120	  x1=0x001013d0
           9542	      4767	00100120	01c55793	srli	x15,x10,0x1c	 x10:0x00000040 x15=0x00000000
           9544	      4768	00100124	00900713	addi	x14,x0,9	  x0:0x00000000 x14=0x00000009
           9548	      4770	00100128	0cf77a63	bgeu	x14,x15,1001fc	 x14:0x00000009 x15:0x00000000
           9552	      4772	001001fc	03078393	addi	x7,x15,48	 x15:0x00000000  x7=0x00000030
           9554	      4773	00100200	000205b7	lui	x11,0x20	 x11=0x00020000
           9556	      4774	00100204	00451613	slli	x12,x10,0x4	 x10:0x00000040 x12=0x00000400
           9560	      4776	00100208	0075a023	sw	x7,0(x11)	 x11:0x00020000  x7:0x00000030 PA:0x00020000 store:0x00000030 load:0x00000000
           9562	      4777	0010020c	01c65693	srli	x13,x12,0x1c	 x12:0x00000400 x13=0x00000000
           9564	      4778	00100210	00900813	addi	x16,x0,9	  x0:0x00000000 x16=0x00000009
           9566	      4779	00100214	f2d86ae3	bltu	x16,x13,100148	 x16:0x00000009 x13:0x00000000
           9568	      4780	00100218	03068e93	addi	x29,x13,48	 x13:0x00000000 x29=0x00000030
           9570	      4781	0010021c	00020f37	lui	x30,0x20	 x30=0x00020000
           9572	      4782	00100220	00851f93	slli	x31,x10,0x8	 x10:0x00000040 x31=0x00004000
           9576	      4784	00100224	01df2023	sw	x29,0(x30)	 x30:0x00020000 x29:0x00000030 PA:0x00020000 store:0x00000030 load:0x00000000
           9578	      4785	00100228	01cfd793	srli	x15,x31,0x1c	 x31:0x00004000 x15=0x00000000
           9580	      4786	0010022c	00900713	addi	x14,x0,9	  x0:0x00000000 x14=0x00000009
           9582	      4787	00100230	f2f76ae3	bltu	x14,x15,100164	 x14:0x00000009 x15:0x00000000
           9584	      4788	00100234	03078393	addi	x7,x15,48	 x15:0x00000000  x7=0x00000030
           9586	      4789	00100238	000205b7	lui	x11,0x20	 x11=0x00020000
           9588	      4790	0010023c	00c51613	slli	x12,x10,0xc	 x10:0x00000040 x12=0x00040000
           9592	      4792	00100240	0075a023	sw	x7,0(x11)	 x11:0x00020000  x7:0x00000030 PA:0x00020000 store:0x00000030 load:0x00000000
           9594	      4793	00100244	01c65693	srli	x13,x12,0x1c	 x12:0x00040000 x13=0x00000000
           9596	      4794	00100248	00900813	addi	x16,x0,9	  x0:0x00000000 x16=0x00000009
           9598	      4795	0010024c	f2d86ae3	bltu	x16,x13,100180	 x16:0x00000009 x13:0x00000000
           9600	      4796	00100250	03068e93	addi	x29,x13,48	 x13:0x00000000 x29=0x00000030
           9602	      4797	00100254	00020f37	lui	x30,0x20	 x30=0x00020000
           9604	      4798	00100258	01051f93	slli	x31,x10,0x10	 x10:0x00000040 x31=0x00400000
           9608	      4800	0010025c	01df2023	sw	x29,0(x30)	 x30:0x00020000 x29:0x00000030 PA:0x00020000 store:0x00000030 load:0x00000000
           9610	      4801	00100260	01cfd793	srli	x15,x31,0x1c	 x31:0x00400000 x15=0x00000000
           9612	      4802	00100264	00900713	addi	x14,x0,9	  x0:0x00000000 x14=0x00000009
           9614	      4803	00100268	f2f76ae3	bltu	x14,x15,10019c	 x14:0x00000009 x15:0x00000000
           9616	      4804	0010026c	03078393	addi	x7,x15,48	 x15:0x00000000  x7=0x00000030
           9618	      4805	00100270	000205b7	lui	x11,0x20	 x11=0x00020000
           9620	      4806	00100274	01451613	slli	x12,x10,0x14	 x10:0x00000040 x12=0x04000000
           9624	      4808	00100278	0075a023	sw	x7,0(x11)	 x11:0x00020000  x7:0x00000030 PA:0x00020000 store:0x00000030 load:0x00000000
           9626	      4809	0010027c	01c65693	srli	x13,x12,0x1c	 x12:0x04000000 x13=0x00000000
           9628	      4810	00100280	00900813	addi	x16,x0,9	  x0:0x00000000 x16=0x00000009
           9630	      4811	00100284	f2d86ae3	bltu	x16,x13,1001b8	 x16:0x00000009 x13:0x00000000
           9632	      4812	00100288	03068e93	addi	x29,x13,48	 x13:0x00000000 x29=0x00000030
           9634	      4813	0010028c	00020f37	lui	x30,0x20	 x30=0x00020000
           9636	      4814	00100290	01851f93	slli	x31,x10,0x18	 x10:0x00000040 x31=0x40000000
           9640	      4816	00100294	01df2023	sw	x29,0(x30)	 x30:0x00020000 x29:0x00000030 PA:0x00020000 store:0x00000030 load:0x00000000
           9642	      4817	00100298	01cfd793	srli	x15,x31,0x1c	 x31:0x40000000 x15=0x00000004
           9644	      4818	0010029c	00900713	addi	x14,x0,9	  x0:0x00000000 x14=0x00000009
           9646	      4819	001002a0	f2f76ae3	bltu	x14,x15,1001d4	 x14:0x00000009 x15:0x00000004
           9648	      4820	001002a4	03078393	addi	x7,x15,48	 x15:0x00000004  x7=0x00000034
           9650	      4821	001002a8	000205b7	lui	x11,0x20	 x11=0x00020000
           9654	      4823	001002ac	0075a023	sw	x7,0(x11)	 x11:0x00020000  x7:0x00000034 PA:0x00020000 store:0x00000034 load:0x00000000
           9656	      4824	001002b0	00f57513	andi	x10,x10,15	 x10:0x00000040 x10=0x00000000
           9658	      4825	001002b4	00900613	addi	x12,x0,9	  x0:0x00000000 x12=0x00000009
           9662	      4827	001002b8	f2a67ae3	bgeu	x12,x10,1001ec	 x12:0x00000009 x10:0x00000000
           9666	      4829	001001ec	03050893	addi	x17,x10,48	 x10:0x00000000 x17=0x00000030
           9668	      4830	001001f0	00020e37	lui	x28,0x20	 x28=0x00020000
           9672	      4832	001001f4	011e2023	sw	x17,0(x28)	 x28:0x00020000 x17:0x00000030 PA:0x00020000 store:0x00000030 load:0x00000000
           9676	      4834	001001f8	00008067	jalr	x0,0(x1)	  x1:0x001013d0  x0=0x00000000
           9678	      4835	001013d0	7f800537	lui	x10,0x7f800	 x10=0x7f800000
           9682	      4837	001013d4	9cad2e23	sw	x10,-1572(x26)	 x26:0x00102000 x10:0x7f800000 PA:0x001019dc store:0x7f800000 load:0x00000040
           9686	      4839	001013d8	9dcd2783	lw	x15,-1572(x26)	 x26:0x00102000 x15=0x7f800000 PA:0x001019dc store:0x00020000
           9688	      4840	001013dc	00102737	lui	x14,0x102	 x14=0x00102000
           9696	      4844	001013e0	81c70513	addi	x10,x14,-2020	 x14:0x00102000 x10=0x0010181c
           9698	      4845	001013e4	e00795d3	fclass.s	x11,f15	 f15:0x7f800000 x11=0x00000080
           9700	      4846	001013e8	9cbd2e23	sw	x11,-1572(x26)	 x26:0x00102000 x11:0x00000080 PA:0x001019dc store:0x00000080 load:0x7f800000
           9702	      4847	001013ec	cb5fe0ef	jal	x1,1000a0	  x1=0x001013f0
           9706	      4849	001000a0	00054803	lbu	x16,0(x10)	 x10:0x0010181c x16=0x0000000a PA:0x0010181c store:0x00000000
           9708	      4850	001000a4	06080663	beq	x16,x0,100110	 x16:0x0000000a  x0:0x00000000
           9710	      4851	001000a8	000207b7	lui	x15,0x20	 x15=0x00020000
           9714	      4853	001000ac	0107a023	sw	x16,0(x15)	 x15:0x00020000 x16:0x0000000a PA:0x00020000 store:0x0000000a load:0x00000000
           9718	      4855	001000b0	00154703	lbu	x14,1(x10)	 x10:0x0010181c x14=0x00000020 PA:0x0010181d store:0x001013f0
           9720	      4856	001000b4	04070e63	beq	x14,x0,100110	 x14:0x00000020  x0:0x00000000
           9724	      4858	001000b8	00e7a023	sw	x14,0(x15)	 x15:0x00020000 x14:0x00000020 PA:0x00020000 store:0x00000020 load:0x00000000
           9728	      4860	001000bc	00254283	lbu	x5,2(x10)	 x10:0x0010181c  x5=0x00000045 PA:0x0010181e store:0x00137fd0
           9730	      4861	001000c0	04028863	beq	x5,x0,100110	  x5:0x00000045  x0:0x00000000
           9734	      4863	001000c4	0057a023	sw	x5,0(x15)	 x15:0x00020000  x5:0x00000045 PA:0x00020000 store:0x00000045 load:0x00000000
           9738	      4865	001000c8	00354303	lbu	x6,3(x10)	 x10:0x0010181c  x6=0x00000078 PA:0x0010181f store:0x00000000
           9740	      4866	001000cc	04030263	beq	x6,x0,100110	  x6:0x00000078  x0:0x00000000
           9744	      4868	001000d0	0067a023	sw	x6,0(x15)	 x15:0x00020000  x6:0x00000078 PA:0x00020000 store:0x00000078 load:0x00000000
           9748	      4870	001000d4	00454383	lbu	x7,4(x10)	 x10:0x0010181c  x7=0x00000070 PA:0x00101820 store:0x00000000
           9750	      4871	001000d8	02038c63	beq	x7,x0,100110	  x7:0x00000070  x0:0x00000000
           9754	      4873	001000dc	0077a023	sw	x7,0(x15)	 x15:0x00020000  x7:0x00000070 PA:0x00020000 store:0x00000070 load:0x00000000
           9758	      4875	001000e0	00554583	lbu	x11,5(x10)	 x10:0x0010181c x11=0x00000065 PA:0x00101821 store:0x00000045
           9760	      4876	001000e4	02058663	beq	x11,x0,100110	 x11:0x00000065  x0:0x00000000
           9764	      4878	001000e8	00b7a023	sw	x11,0(x15)	 x15:0x00020000 x11:0x00000065 PA:0x00020000 store:0x00000065 load:0x00000000
           9768	      4880	001000ec	00654603	lbu	x12,6(x10)	 x10:0x0010181c x12=0x00000063 PA:0x00101822 store:0x00000078
           9770	      4881	001000f0	02060063	beq	x12,x0,100110	 x12:0x00000063  x0:0x00000000
           9774	      4883	001000f4	00c7a023	sw	x12,0(x15)	 x15:0x00020000 x12:0x00000063 PA:0x00020000 store:0x00000063 load:0x00000000
           9778	      4885	001000f8	00754683	lbu	x13,7(x10)	 x10:0x0010181c x13=0x00000074 PA:0x00101823 store:0x00000070
           9780	      4886	001000fc	00850513	addi	x10,x10,8	 x10:0x0010181c x10=0x00101824
           9782	      4887	00100100	00068863	beq	x13,x0,100110	 x13:0x00000074  x0:0x00000000
           9786	      4889	00100104	00d7a023	sw	x13,0(x15)	 x15:0x00020000 x13:0x00000074 PA:0x00020000 store:0x00000074 load:0x00000000
           9790	      4891	00100108	00054803	lbu	x16,0(x10)	 x10:0x00101824 x16=0x00000069 PA:0x00101824 store:0x00000000
           9794	      4893	0010010c	fa0810e3	bne	x16,x0,1000ac	 x16:0x00000069  x0:0x00000000
           9800	      4896	001000ac	0107a023	sw	x16,0(x15)	 x15:0x00020000 x16:0x00000069 PA:0x00020000 store:0x00000069 load:0x00000000
           9804	      4898	001000b0	00154703	lbu	x14,1(x10)	 x10:0x00101824 x14=0x0000006e PA:0x00101825 store:0x001013f0
           9806	      4899	001000b4	04070e63	beq	x14,x0,100110	 x14:0x0000006e  x0:0x00000000
           9810	      4901	001000b8	00e7a023	sw	x14,0(x15)	 x15:0x00020000 x14:0x0000006e PA:0x00020000 store:0x0000006e load:0x00000000
           9814	      4903	001000bc	00254283	lbu	x5,2(x10)	 x10:0x00101824  x5=0x00000067 PA:0x00101826 store:0x00137fd0
           9816	      4904	001000c0	04028863	beq	x5,x0,100110	  x5:0x00000067  x0:0x00000000
           9820	      4906	001000c4	0057a023	sw	x5,0(x15)	 x15:0x00020000  x5:0x00000067 PA:0x00020000 store:0x00000067 load:0x00000000
           9824	      4908	001000c8	00354303	lbu	x6,3(x10)	 x10:0x00101824  x6=0x00000020 PA:0x00101827 store:0x00000000
           9826	      4909	001000cc	04030263	beq	x6,x0,100110	  x6:0x00000020  x0:0x00000000
           9830	      4911	001000d0	0067a023	sw	x6,0(x15)	 x15:0x00020000  x6:0x00000020 PA:0x00020000 store:0x00000020 load:0x00000000
           9834	      4913	001000d4	00454383	lbu	x7,4(x10)	 x10:0x00101824  x7=0x00000030 PA:0x00101828 store:0x00000000
           9836	      4914	001000d8	02038c63	beq	x7,x0,100110	  x7:0x00000030  x0:0x00000000
           9840	      4916	001000dc	0077a023	sw	x7,0(x15)	 x15:0x00020000  x7:0x00000030 PA:0x00020000 store:0x00000030 load:0x00000000
           9844	      4918	001000e0	00554583	lbu	x11,5(x10)	 x10:0x00101824 x11=0x00000078 PA:0x00101829 store:0x00000067
           9846	      4919	001000e4	02058663	beq	x11,x0,100110	 x11:0x00000078  x0:0x00000000
           9850	      4921	001000e8	00b7a023	sw	x11,0(x15)	 x15:0x00020000 x11:0x00000078 PA:0x00020000 store:0x00000078 load:0x00000000
           9854	      4923	001000ec	00654603	lbu	x12,6(x10)	 x10:0x00101824 x12=0x00000038 PA:0x0010182a store:0x00000020
           9856	      4924	001000f0	02060063	beq	x12,x0,100110	 x12:0x00000038  x0:0x00000000
           9860	      4926	001000f4	00c7a023	sw	x12,0(x15)	 x15:0x00020000 x12:0x00000038 PA:0x00020000 store:0x00000038 load:0x00000000
           9864	      4928	001000f8	00754683	lbu	x13,7(x10)	 x10:0x00101824 x13=0x00000030 PA:0x0010182b store:0x00000030
           9866	      4929	001000fc	00850513	addi	x10,x10,8	 x10:0x00101824 x10=0x0010182c
           9868	      4930	00100100	00068863	beq	x13,x0,100110	 x13:0x00000030  x0:0x00000000
           9872	      4932	00100104	00d7a023	sw	x13,0(x15)	 x15:0x00020000 x13:0x00000030 PA:0x00020000 store:0x00000030 load:0x00000000
           9876	      4934	00100108	00054803	lbu	x16,0(x10)	 x10:0x0010182c x16=0x0000003a PA:0x0010182c store:0x00000000
           9880	      4936	0010010c	fa0810e3	bne	x16,x0,1000ac	 x16:0x0000003a  x0:0x00000000
           9886	      4939	001000ac	0107a023	sw	x16,0(x15)	 x15:0x00020000 x16:0x0000003a PA:0x00020000 store:0x0000003a load:0x00000000
           9890	      4941	001000b0	00154703	lbu	x14,1(x10)	 x10:0x0010182c x14=0x00000020 PA:0x0010182d store:0x001013f0
           9892	      4942	001000b4	04070e63	beq	x14,x0,100110	 x14:0x00000020  x0:0x00000000
           9896	      4944	001000b8	00e7a023	sw	x14,0(x15)	 x15:0x00020000 x14:0x00000020 PA:0x00020000 store:0x00000020 load:0x00000000
           9900	      4946	001000bc	00254283	lbu	x5,2(x10)	 x10:0x0010182c  x5=0x00000000 PA:0x0010182e store:0x00137fd0
           9904	      4948	001000c0	04028863	beq	x5,x0,100110	  x5:0x00000000  x0:0x00000000
           9908	      4950	00100110	00000513	addi	x10,x0,0	  x0:0x00000000 x10=0x00000000
           9912	      4952	00100114	00008067	jalr	x0,0(x1)	  x1:0x001013f0  x0=0x00000000
           9916	      4954	001013f0	9dcd2503	lw	x10,-1572(x26)	 x26:0x00102000 x10=0x00000080 PA:0x001019dc store:0x00020000
           9918	      4955	001013f4	7fa00d37	lui	x26,0x7fa00	 x26=0x7fa00000
           9922	      4957	001013f8	d29fe0ef	jal	x1,100120	  x1=0x001013fc
           9924	      4958	00100120	01c55793	srli	x15,x10,0x1c	 x10:0x00000080 x15=0x00000000
           9926	      4959	00100124	00900713	addi	x14,x0,9	  x0:0x00000000 x14=0x00000009
           9930	      4961	00100128	0cf77a63	bgeu	x14,x15,1001fc	 x14:0x00000009 x15:0x00000000
           9934	      4963	001001fc	03078393	addi	x7,x15,48	 x15:0x00000000  x7=0x00000030
           9936	      4964	00100200	000205b7	lui	x11,0x20	 x11=0x00020000
           9938	      4965	00100204	00451613	slli	x12,x10,0x4	 x10:0x00000080 x12=0x00000800
           9942	      4967	00100208	0075a023	sw	x7,0(x11)	 x11:0x00020000  x7:0x00000030 PA:0x00020000 store:0x00000030 load:0x00000000
           9944	      4968	0010020c	01c65693	srli	x13,x12,0x1c	 x12:0x00000800 x13=0x00000000
           9946	      4969	00100210	00900813	addi	x16,x0,9	  x0:0x00000000 x16=0x00000009
           9948	      4970	00100214	f2d86ae3	bltu	x16,x13,100148	 x16:0x00000009 x13:0x00000000
           9950	      4971	00100218	03068e93	addi	x29,x13,48	 x13:0x00000000 x29=0x00000030
           9952	      4972	0010021c	00020f37	lui	x30,0x20	 x30=0x00020000
           9954	      4973	00100220	00851f93	slli	x31,x10,0x8	 x10:0x00000080 x31=0x00008000
           9958	      4975	00100224	01df2023	sw	x29,0(x30)	 x30:0x00020000 x29:0x00000030 PA:0x00020000 store:0x00000030 load:0x00000000
           9960	      4976	00100228	01cfd793	srli	x15,x31,0x1c	 x31:0x00008000 x15=0x00000000
           9962	      4977	0010022c	00900713	addi	x14,x0,9	  x0:0x00000000 x14=0x00000009
           9964	      4978	00100230	f2f76ae3	bltu	x14,x15,100164	 x14:0x00000009 x15:0x00000000
           9966	      4979	00100234	03078393	addi	x7,x15,48	 x15:0x00000000  x7=0x00000030
           9968	      4980	00100238	000205b7	lui	x11,0x20	 x11=0x00020000
           9970	      4981	0010023c	00c51613	slli	x12,x10,0xc	 x10:0x00000080 x12=0x00080000
           9974	      4983	00100240	0075a023	sw	x7,0(x11)	 x11:0x00020000  x7:0x00000030 PA:0x00020000 store:0x00000030 load:0x00000000
           9976	      4984	00100244	01c65693	srli	x13,x12,0x1c	 x12:0x00080000 x13=0x00000000
           9978	      4985	00100248	00900813	addi	x16,x0,9	  x0:0x00000000 x16=0x00000009
           9980	      4986	0010024c	f2d86ae3	bltu	x16,x13,100180	 x16:0x00000009 x13:0x00000000
           9982	      4987	00100250	03068e93	addi	x29,x13,48	 x13:0x00000000 x29=0x00000030
           9984	      4988	00100254	00020f37	lui	x30,0x20	 x30=0x00020000
           9986	      4989	00100258	01051f93	slli	x31,x10,0x10	 x10:0x00000080 x31=0x00800000
           9990	      4991	0010025c	01df2023	sw	x29,0(x30)	 x30:0x00020000 x29:0x00000030 PA:0x00020000 store:0x00000030 load:0x00000000
           9992	      4992	00100260	01cfd793	srli	x15,x31,0x1c	 x31:0x00800000 x15=0x00000000
           9994	      4993	00100264	00900713	addi	x14,x0,9	  x0:0x00000000 x14=0x00000009
           9996	      4994	00100268	f2f76ae3	bltu	x14,x15,10019c	 x14:0x00000009 x15:0x00000000
           9998	      4995	0010026c	03078393	addi	x7,x15,48	 x15:0x00000000  x7=0x00000030
          10000	      4996	00100270	000205b7	lui	x11,0x20	 x11=0x00020000
          10002	      4997	00100274	01451613	slli	x12,x10,0x14	 x10:0x00000080 x12=0x08000000
          10006	      4999	00100278	0075a023	sw	x7,0(x11)	 x11:0x00020000  x7:0x00000030 PA:0x00020000 store:0x00000030 load:0x00000000
          10008	      5000	0010027c	01c65693	srli	x13,x12,0x1c	 x12:0x08000000 x13=0x00000000
          10010	      5001	00100280	00900813	addi	x16,x0,9	  x0:0x00000000 x16=0x00000009
          10012	      5002	00100284	f2d86ae3	bltu	x16,x13,1001b8	 x16:0x00000009 x13:0x00000000
          10014	      5003	00100288	03068e93	addi	x29,x13,48	 x13:0x00000000 x29=0x00000030
          10016	      5004	0010028c	00020f37	lui	x30,0x20	 x30=0x00020000
          10018	      5005	00100290	01851f93	slli	x31,x10,0x18	 x10:0x00000080 x31=0x80000000
          10022	      5007	00100294	01df2023	sw	x29,0(x30)	 x30:0x00020000 x29:0x00000030 PA:0x00020000 store:0x00000030 load:0x00000000
          10024	      5008	00100298	01cfd793	srli	x15,x31,0x1c	 x31:0x80000000 x15=0x00000008
          10026	      5009	0010029c	00900713	addi	x14,x0,9	  x0:0x00000000 x14=0x00000009
          10028	      5010	001002a0	f2f76ae3	bltu	x14,x15,1001d4	 x14:0x00000009 x15:0x00000008
          10030	      5011	001002a4	03078393	addi	x7,x15,48	 x15:0x00000008  x7=0x00000038
          10032	      5012	001002a8	000205b7	lui	x11,0x20	 x11=0x00020000
          10036	      5014	001002ac	0075a023	sw	x7,0(x11)	 x11:0x00020000  x7:0x00000038 PA:0x00020000 store:0x00000038 load:0x00000000
          10038	      5015	001002b0	00f57513	andi	x10,x10,15	 x10:0x00000080 x10=0x00000000
          10040	      5016	001002b4	00900613	addi	x12,x0,9	  x0:0x00000000 x12=0x00000009
          10044	      5018	001002b8	f2a67ae3	bgeu	x12,x10,1001ec	 x12:0x00000009 x10:0x00000000
          10048	      5020	001001ec	03050893	addi	x17,x10,48	 x10:0x00000000 x17=0x00000030
          10050	      5021	001001f0	00020e37	lui	x28,0x20	 x28=0x00020000
          10054	      5023	001001f4	011e2023	sw	x17,0(x28)	 x28:0x00020000 x17:0x00000030 PA:0x00020000 store:0x00000030 load:0x00000000
          10058	      5025	001001f8	00008067	jalr	x0,0(x1)	  x1:0x001013fc  x0=0x00000000
          10060	      5026	001013fc	001028b7	lui	x17,0x102	 x17=0x00102000
          10062	      5027	00101400	83088513	addi	x10,x17,-2000	 x17:0x00102000 x10=0x00101830
          10066	      5029	00101404	9dab2c23	sw	x26,-1576(x22)	 x22:0x00102000 x26:0x7fa00000 PA:0x001019d8 store:0x7fa00000 load:0x00000080
          10076	      5034	00101408	9d8b2903	lw	x18,-1576(x22)	 x22:0x00102000 x18=0x7fa00000 PA:0x001019d8 store:0x00102000
          10078	      5035	0010140c	e0091853	fclass.s	x16,f18	 f18:0x7fa00000 x16=0x00000100
          10080	      5036	00101410	9d0b2c23	sw	x16,-1576(x22)	 x22:0x00102000 x16:0x00000100 PA:0x001019d8 store:0x00000100 load:0x7fa00000
          10082	      5037	00101414	c8dfe0ef	jal	x1,1000a0	  x1=0x00101418
          10086	      5039	001000a0	00054803	lbu	x16,0(x10)	 x10:0x00101830 x16=0x0000000a PA:0x00101830 store:0x00000000
          10088	      5040	001000a4	06080663	beq	x16,x0,100110	 x16:0x0000000a  x0:0x00000000
          10090	      5041	001000a8	000207b7	lui	x15,0x20	 x15=0x00020000
          10094	      5043	001000ac	0107a023	sw	x16,0(x15)	 x15:0x00020000 x16:0x0000000a PA:0x00020000 store:0x0000000a load:0x00000000
          10098	      5045	001000b0	00154703	lbu	x14,1(x10)	 x10:0x00101830 x14=0x00000020 PA:0x00101831 store:0x00101418
          10100	      5046	001000b4	04070e63	beq	x14,x0,100110	 x14:0x00000020  x0:0x00000000
          10104	      5048	001000b8	00e7a023	sw	x14,0(x15)	 x15:0x00020000 x14:0x00000020 PA:0x00020000 store:0x00000020 load:0x00000000
          10108	      5050	001000bc	00254283	lbu	x5,2(x10)	 x10:0x00101830  x5=0x00000045 PA:0x00101832 store:0x00137fd0
          10110	      5051	001000c0	04028863	beq	x5,x0,100110	  x5:0x00000045  x0:0x00000000
          10114	      5053	001000c4	0057a023	sw	x5,0(x15)	 x15:0x00020000  x5:0x00000045 PA:0x00020000 store:0x00000045 load:0x00000000
          10118	      5055	001000c8	00354303	lbu	x6,3(x10)	 x10:0x00101830  x6=0x00000078 PA:0x00101833 store:0x00000000
          10120	      5056	001000cc	04030263	beq	x6,x0,100110	  x6:0x00000078  x0:0x00000000
          10124	      5058	001000d0	0067a023	sw	x6,0(x15)	 x15:0x00020000  x6:0x00000078 PA:0x00020000 store:0x00000078 load:0x00000000
          10128	      5060	001000d4	00454383	lbu	x7,4(x10)	 x10:0x00101830  x7=0x00000070 PA:0x00101834 store:0x00000000
          10130	      5061	001000d8	02038c63	beq	x7,x0,100110	  x7:0x00000070  x0:0x00000000
          10134	      5063	001000dc	0077a023	sw	x7,0(x15)	 x15:0x00020000  x7:0x00000070 PA:0x00020000 store:0x00000070 load:0x00000000
          10138	      5065	001000e0	00554583	lbu	x11,5(x10)	 x10:0x00101830 x11=0x00000065 PA:0x00101835 store:0x00000045
          10140	      5066	001000e4	02058663	beq	x11,x0,100110	 x11:0x00000065  x0:0x00000000
          10144	      5068	001000e8	00b7a023	sw	x11,0(x15)	 x15:0x00020000 x11:0x00000065 PA:0x00020000 store:0x00000065 load:0x00000000
          10148	      5070	001000ec	00654603	lbu	x12,6(x10)	 x10:0x00101830 x12=0x00000063 PA:0x00101836 store:0x00000078
          10150	      5071	001000f0	02060063	beq	x12,x0,100110	 x12:0x00000063  x0:0x00000000
          10154	      5073	001000f4	00c7a023	sw	x12,0(x15)	 x15:0x00020000 x12:0x00000063 PA:0x00020000 store:0x00000063 load:0x00000000
          10158	      5075	001000f8	00754683	lbu	x13,7(x10)	 x10:0x00101830 x13=0x00000074 PA:0x00101837 store:0x00000070
          10160	      5076	001000fc	00850513	addi	x10,x10,8	 x10:0x00101830 x10=0x00101838
          10162	      5077	00100100	00068863	beq	x13,x0,100110	 x13:0x00000074  x0:0x00000000
          10166	      5079	00100104	00d7a023	sw	x13,0(x15)	 x15:0x00020000 x13:0x00000074 PA:0x00020000 store:0x00000074 load:0x00000000
          10170	      5081	00100108	00054803	lbu	x16,0(x10)	 x10:0x00101838 x16=0x00000069 PA:0x00101838 store:0x00000000
          10174	      5083	0010010c	fa0810e3	bne	x16,x0,1000ac	 x16:0x00000069  x0:0x00000000
          10180	      5086	001000ac	0107a023	sw	x16,0(x15)	 x15:0x00020000 x16:0x00000069 PA:0x00020000 store:0x00000069 load:0x00000000
          10184	      5088	001000b0	00154703	lbu	x14,1(x10)	 x10:0x00101838 x14=0x0000006e PA:0x00101839 store:0x00101418
          10186	      5089	001000b4	04070e63	beq	x14,x0,100110	 x14:0x0000006e  x0:0x00000000
          10190	      5091	001000b8	00e7a023	sw	x14,0(x15)	 x15:0x00020000 x14:0x0000006e PA:0x00020000 store:0x0000006e load:0x00000000
          10194	      5093	001000bc	00254283	lbu	x5,2(x10)	 x10:0x00101838  x5=0x00000067 PA:0x0010183a store:0x00137fd0
          10196	      5094	001000c0	04028863	beq	x5,x0,100110	  x5:0x00000067  x0:0x00000000
          10200	      5096	001000c4	0057a023	sw	x5,0(x15)	 x15:0x00020000  x5:0x00000067 PA:0x00020000 store:0x00000067 load:0x00000000
          10204	      5098	001000c8	00354303	lbu	x6,3(x10)	 x10:0x00101838  x6=0x00000020 PA:0x0010183b store:0x00000000
          10206	      5099	001000cc	04030263	beq	x6,x0,100110	  x6:0x00000020  x0:0x00000000
          10210	      5101	001000d0	0067a023	sw	x6,0(x15)	 x15:0x00020000  x6:0x00000020 PA:0x00020000 store:0x00000020 load:0x00000000
          10214	      5103	001000d4	00454383	lbu	x7,4(x10)	 x10:0x00101838  x7=0x00000030 PA:0x0010183c store:0x00000000
          10216	      5104	001000d8	02038c63	beq	x7,x0,100110	  x7:0x00000030  x0:0x00000000
          10220	      5106	001000dc	0077a023	sw	x7,0(x15)	 x15:0x00020000  x7:0x00000030 PA:0x00020000 store:0x00000030 load:0x00000000
          10224	      5108	001000e0	00554583	lbu	x11,5(x10)	 x10:0x00101838 x11=0x00000078 PA:0x0010183d store:0x00000067
          10226	      5109	001000e4	02058663	beq	x11,x0,100110	 x11:0x00000078  x0:0x00000000
          10230	      5111	001000e8	00b7a023	sw	x11,0(x15)	 x15:0x00020000 x11:0x00000078 PA:0x00020000 store:0x00000078 load:0x00000000
          10234	      5113	001000ec	00654603	lbu	x12,6(x10)	 x10:0x00101838 x12=0x00000031 PA:0x0010183e store:0x00000020
          10236	      5114	001000f0	02060063	beq	x12,x0,100110	 x12:0x00000031  x0:0x00000000
          10240	      5116	001000f4	00c7a023	sw	x12,0(x15)	 x15:0x00020000 x12:0x00000031 PA:0x00020000 store:0x00000031 load:0x00000000
          10244	      5118	001000f8	00754683	lbu	x13,7(x10)	 x10:0x00101838 x13=0x00000030 PA:0x0010183f store:0x00000030
          10246	      5119	001000fc	00850513	addi	x10,x10,8	 x10:0x00101838 x10=0x00101840
          10248	      5120	00100100	00068863	beq	x13,x0,100110	 x13:0x00000030  x0:0x00000000
          10252	      5122	00100104	00d7a023	sw	x13,0(x15)	 x15:0x00020000 x13:0x00000030 PA:0x00020000 store:0x00000030 load:0x00000000
          10256	      5124	00100108	00054803	lbu	x16,0(x10)	 x10:0x00101840 x16=0x00000030 PA:0x00101840 store:0x00000000
          10260	      5126	0010010c	fa0810e3	bne	x16,x0,1000ac	 x16:0x00000030  x0:0x00000000
          10266	      5129	001000ac	0107a023	sw	x16,0(x15)	 x15:0x00020000 x16:0x00000030 PA:0x00020000 store:0x00000030 load:0x00000000
          10270	      5131	001000b0	00154703	lbu	x14,1(x10)	 x10:0x00101840 x14=0x0000003a PA:0x00101841 store:0x00101418
          10272	      5132	001000b4	04070e63	beq	x14,x0,100110	 x14:0x0000003a  x0:0x00000000
          10276	      5134	001000b8	00e7a023	sw	x14,0(x15)	 x15:0x00020000 x14:0x0000003a PA:0x00020000 store:0x0000003a load:0x00000000
          10280	      5136	001000bc	00254283	lbu	x5,2(x10)	 x10:0x00101840  x5=0x00000020 PA:0x00101842 store:0x00137fd0
          10282	      5137	001000c0	04028863	beq	x5,x0,100110	  x5:0x00000020  x0:0x00000000
          10286	      5139	001000c4	0057a023	sw	x5,0(x15)	 x15:0x00020000  x5:0x00000020 PA:0x00020000 store:0x00000020 load:0x00000000
          10290	      5141	001000c8	00354303	lbu	x6,3(x10)	 x10:0x00101840  x6=0x00000000 PA:0x00101843 store:0x00000000
          10294	      5143	001000cc	04030263	beq	x6,x0,100110	  x6:0x00000000  x0:0x00000000
          10298	      5145	00100110	00000513	addi	x10,x0,0	  x0:0x00000000 x10=0x00000000
          10302	      5147	00100114	00008067	jalr	x0,0(x1)	  x1:0x00101418  x0=0x00000000
          10306	      5149	00101418	9d8b2503	lw	x10,-1576(x22)	 x22:0x00102000 x10=0x00000100 PA:0x001019d8 store:0x00102000
          10308	      5150	0010141c	7fc00b37	lui	x22,0x7fc00	 x22=0x7fc00000
          10312	      5152	00101420	d01fe0ef	jal	x1,100120	  x1=0x00101424
          10314	      5153	00100120	01c55793	srli	x15,x10,0x1c	 x10:0x00000100 x15=0x00000000
          10316	      5154	00100124	00900713	addi	x14,x0,9	  x0:0x00000000 x14=0x00000009
          10320	      5156	00100128	0cf77a63	bgeu	x14,x15,1001fc	 x14:0x00000009 x15:0x00000000
          10324	      5158	001001fc	03078393	addi	x7,x15,48	 x15:0x00000000  x7=0x00000030
          10326	      5159	00100200	000205b7	lui	x11,0x20	 x11=0x00020000
          10328	      5160	00100204	00451613	slli	x12,x10,0x4	 x10:0x00000100 x12=0x00001000
          10332	      5162	00100208	0075a023	sw	x7,0(x11)	 x11:0x00020000  x7:0x00000030 PA:0x00020000 store:0x00000030 load:0x00000000
          10334	      5163	0010020c	01c65693	srli	x13,x12,0x1c	 x12:0x00001000 x13=0x00000000
          10336	      5164	00100210	00900813	addi	x16,x0,9	  x0:0x00000000 x16=0x00000009
          10338	      5165	00100214	f2d86ae3	bltu	x16,x13,100148	 x16:0x00000009 x13:0x00000000
          10340	      5166	00100218	03068e93	addi	x29,x13,48	 x13:0x00000000 x29=0x00000030
          10342	      5167	0010021c	00020f37	lui	x30,0x20	 x30=0x00020000
          10344	      5168	00100220	00851f93	slli	x31,x10,0x8	 x10:0x00000100 x31=0x00010000
          10348	      5170	00100224	01df2023	sw	x29,0(x30)	 x30:0x00020000 x29:0x00000030 PA:0x00020000 store:0x00000030 load:0x00000000
          10350	      5171	00100228	01cfd793	srli	x15,x31,0x1c	 x31:0x00010000 x15=0x00000000
          10352	      5172	0010022c	00900713	addi	x14,x0,9	  x0:0x00000000 x14=0x00000009
          10354	      5173	00100230	f2f76ae3	bltu	x14,x15,100164	 x14:0x00000009 x15:0x00000000
          10356	      5174	00100234	03078393	addi	x7,x15,48	 x15:0x00000000  x7=0x00000030
          10358	      5175	00100238	000205b7	lui	x11,0x20	 x11=0x00020000
          10360	      5176	0010023c	00c51613	slli	x12,x10,0xc	 x10:0x00000100 x12=0x00100000
          10364	      5178	00100240	0075a023	sw	x7,0(x11)	 x11:0x00020000  x7:0x00000030 PA:0x00020000 store:0x00000030 load:0x00000000
          10366	      5179	00100244	01c65693	srli	x13,x12,0x1c	 x12:0x00100000 x13=0x00000000
          10368	      5180	00100248	00900813	addi	x16,x0,9	  x0:0x00000000 x16=0x00000009
          10370	      5181	0010024c	f2d86ae3	bltu	x16,x13,100180	 x16:0x00000009 x13:0x00000000
          10372	      5182	00100250	03068e93	addi	x29,x13,48	 x13:0x00000000 x29=0x00000030
          10374	      5183	00100254	00020f37	lui	x30,0x20	 x30=0x00020000
          10376	      5184	00100258	01051f93	slli	x31,x10,0x10	 x10:0x00000100 x31=0x01000000
          10380	      5186	0010025c	01df2023	sw	x29,0(x30)	 x30:0x00020000 x29:0x00000030 PA:0x00020000 store:0x00000030 load:0x00000000
          10382	      5187	00100260	01cfd793	srli	x15,x31,0x1c	 x31:0x01000000 x15=0x00000000
          10384	      5188	00100264	00900713	addi	x14,x0,9	  x0:0x00000000 x14=0x00000009
          10386	      5189	00100268	f2f76ae3	bltu	x14,x15,10019c	 x14:0x00000009 x15:0x00000000
          10388	      5190	0010026c	03078393	addi	x7,x15,48	 x15:0x00000000  x7=0x00000030
          10390	      5191	00100270	000205b7	lui	x11,0x20	 x11=0x00020000
          10392	      5192	00100274	01451613	slli	x12,x10,0x14	 x10:0x00000100 x12=0x10000000
          10396	      5194	00100278	0075a023	sw	x7,0(x11)	 x11:0x00020000  x7:0x00000030 PA:0x00020000 store:0x00000030 load:0x00000000
          10398	      5195	0010027c	01c65693	srli	x13,x12,0x1c	 x12:0x10000000 x13=0x00000001
          10400	      5196	00100280	00900813	addi	x16,x0,9	  x0:0x00000000 x16=0x00000009
          10402	      5197	00100284	f2d86ae3	bltu	x16,x13,1001b8	 x16:0x00000009 x13:0x00000001
          10404	      5198	00100288	03068e93	addi	x29,x13,48	 x13:0x00000001 x29=0x00000031
          10406	      5199	0010028c	00020f37	lui	x30,0x20	 x30=0x00020000
          10408	      5200	00100290	01851f93	slli	x31,x10,0x18	 x10:0x00000100 x31=0x00000000
          10412	      5202	00100294	01df2023	sw	x29,0(x30)	 x30:0x00020000 x29:0x00000031 PA:0x00020000 store:0x00000031 load:0x00000000
          10414	      5203	00100298	01cfd793	srli	x15,x31,0x1c	 x31:0x00000000 x15=0x00000000
          10416	      5204	0010029c	00900713	addi	x14,x0,9	  x0:0x00000000 x14=0x00000009
          10418	      5205	001002a0	f2f76ae3	bltu	x14,x15,1001d4	 x14:0x00000009 x15:0x00000000
          10420	      5206	001002a4	03078393	addi	x7,x15,48	 x15:0x00000000  x7=0x00000030
          10422	      5207	001002a8	000205b7	lui	x11,0x20	 x11=0x00020000
          10426	      5209	001002ac	0075a023	sw	x7,0(x11)	 x11:0x00020000  x7:0x00000030 PA:0x00020000 store:0x00000030 load:0x00000000
          10428	      5210	001002b0	00f57513	andi	x10,x10,15	 x10:0x00000100 x10=0x00000000
          10430	      5211	001002b4	00900613	addi	x12,x0,9	  x0:0x00000000 x12=0x00000009
          10434	      5213	001002b8	f2a67ae3	bgeu	x12,x10,1001ec	 x12:0x00000009 x10:0x00000000
          10438	      5215	001001ec	03050893	addi	x17,x10,48	 x10:0x00000000 x17=0x00000030
          10440	      5216	001001f0	00020e37	lui	x28,0x20	 x28=0x00020000
          10444	      5218	001001f4	011e2023	sw	x17,0(x28)	 x28:0x00020000 x17:0x00000030 PA:0x00020000 store:0x00000030 load:0x00000000
          10448	      5220	001001f8	00008067	jalr	x0,0(x1)	  x1:0x00101424  x0=0x00000000
          10452	      5222	00101424	9f6c2023	sw	x22,-1568(x24)	 x24:0x00102000 x22:0x7fc00000 PA:0x001019e0 store:0x7fc00000 load:0x00000100
          10456	      5224	00101428	9e0c2e03	lw	x28,-1568(x24)	 x24:0x00102000 x28=0x7fc00000 PA:0x001019e0 store:0x00000000
          10458	      5225	0010142c	00102637	lui	x12,0x102	 x12=0x00102000
          10466	      5229	00101430	84460513	addi	x10,x12,-1980	 x12:0x00102000 x10=0x00101844
          10468	      5230	00101434	e00e1ed3	fclass.s	x29,f28	 f28:0x7fc00000 x29=0x00000200
          10470	      5231	00101438	9fdc2023	sw	x29,-1568(x24)	 x24:0x00102000 x29:0x00000200 PA:0x001019e0 store:0x00000200 load:0x7fc00000
          10472	      5232	0010143c	c65fe0ef	jal	x1,1000a0	  x1=0x00101440
          10476	      5234	001000a0	00054803	lbu	x16,0(x10)	 x10:0x00101844 x16=0x0000000a PA:0x00101844 store:0x00000000
          10478	      5235	001000a4	06080663	beq	x16,x0,100110	 x16:0x0000000a  x0:0x00000000
          10480	      5236	001000a8	000207b7	lui	x15,0x20	 x15=0x00020000
          10484	      5238	001000ac	0107a023	sw	x16,0(x15)	 x15:0x00020000 x16:0x0000000a PA:0x00020000 store:0x0000000a load:0x00000000
          10488	      5240	001000b0	00154703	lbu	x14,1(x10)	 x10:0x00101844 x14=0x00000020 PA:0x00101845 store:0x00101440
          10490	      5241	001000b4	04070e63	beq	x14,x0,100110	 x14:0x00000020  x0:0x00000000
          10494	      5243	001000b8	00e7a023	sw	x14,0(x15)	 x15:0x00020000 x14:0x00000020 PA:0x00020000 store:0x00000020 load:0x00000000
          10498	      5245	001000bc	00254283	lbu	x5,2(x10)	 x10:0x00101844  x5=0x00000045 PA:0x00101846 store:0x00137fd0
          10500	      5246	001000c0	04028863	beq	x5,x0,100110	  x5:0x00000045  x0:0x00000000
          10504	      5248	001000c4	0057a023	sw	x5,0(x15)	 x15:0x00020000  x5:0x00000045 PA:0x00020000 store:0x00000045 load:0x00000000
          10508	      5250	001000c8	00354303	lbu	x6,3(x10)	 x10:0x00101844  x6=0x00000078 PA:0x00101847 store:0x00000000
          10510	      5251	001000cc	04030263	beq	x6,x0,100110	  x6:0x00000078  x0:0x00000000
          10514	      5253	001000d0	0067a023	sw	x6,0(x15)	 x15:0x00020000  x6:0x00000078 PA:0x00020000 store:0x00000078 load:0x00000000
          10518	      5255	001000d4	00454383	lbu	x7,4(x10)	 x10:0x00101844  x7=0x00000070 PA:0x00101848 store:0x00000000
          10520	      5256	001000d8	02038c63	beq	x7,x0,100110	  x7:0x00000070  x0:0x00000000
          10524	      5258	001000dc	0077a023	sw	x7,0(x15)	 x15:0x00020000  x7:0x00000070 PA:0x00020000 store:0x00000070 load:0x00000000
          10528	      5260	001000e0	00554583	lbu	x11,5(x10)	 x10:0x00101844 x11=0x00000065 PA:0x00101849 store:0x00000045
          10530	      5261	001000e4	02058663	beq	x11,x0,100110	 x11:0x00000065  x0:0x00000000
          10534	      5263	001000e8	00b7a023	sw	x11,0(x15)	 x15:0x00020000 x11:0x00000065 PA:0x00020000 store:0x00000065 load:0x00000000
          10538	      5265	001000ec	00654603	lbu	x12,6(x10)	 x10:0x00101844 x12=0x00000063 PA:0x0010184a store:0x00000078
          10540	      5266	001000f0	02060063	beq	x12,x0,100110	 x12:0x00000063  x0:0x00000000
          10544	      5268	001000f4	00c7a023	sw	x12,0(x15)	 x15:0x00020000 x12:0x00000063 PA:0x00020000 store:0x00000063 load:0x00000000
          10548	      5270	001000f8	00754683	lbu	x13,7(x10)	 x10:0x00101844 x13=0x00000074 PA:0x0010184b store:0x00000070
          10550	      5271	001000fc	00850513	addi	x10,x10,8	 x10:0x00101844 x10=0x0010184c
          10552	      5272	00100100	00068863	beq	x13,x0,100110	 x13:0x00000074  x0:0x00000000
          10556	      5274	00100104	00d7a023	sw	x13,0(x15)	 x15:0x00020000 x13:0x00000074 PA:0x00020000 store:0x00000074 load:0x00000000
          10560	      5276	00100108	00054803	lbu	x16,0(x10)	 x10:0x0010184c x16=0x00000069 PA:0x0010184c store:0x00000000
          10564	      5278	0010010c	fa0810e3	bne	x16,x0,1000ac	 x16:0x00000069  x0:0x00000000
          10570	      5281	001000ac	0107a023	sw	x16,0(x15)	 x15:0x00020000 x16:0x00000069 PA:0x00020000 store:0x00000069 load:0x00000000
          10574	      5283	001000b0	00154703	lbu	x14,1(x10)	 x10:0x0010184c x14=0x0000006e PA:0x0010184d store:0x00101440
          10576	      5284	001000b4	04070e63	beq	x14,x0,100110	 x14:0x0000006e  x0:0x00000000
          10580	      5286	001000b8	00e7a023	sw	x14,0(x15)	 x15:0x00020000 x14:0x0000006e PA:0x00020000 store:0x0000006e load:0x00000000
          10584	      5288	001000bc	00254283	lbu	x5,2(x10)	 x10:0x0010184c  x5=0x00000067 PA:0x0010184e store:0x00137fd0
          10586	      5289	001000c0	04028863	beq	x5,x0,100110	  x5:0x00000067  x0:0x00000000
          10590	      5291	001000c4	0057a023	sw	x5,0(x15)	 x15:0x00020000  x5:0x00000067 PA:0x00020000 store:0x00000067 load:0x00000000
          10594	      5293	001000c8	00354303	lbu	x6,3(x10)	 x10:0x0010184c  x6=0x00000020 PA:0x0010184f store:0x00000000
          10596	      5294	001000cc	04030263	beq	x6,x0,100110	  x6:0x00000020  x0:0x00000000
          10600	      5296	001000d0	0067a023	sw	x6,0(x15)	 x15:0x00020000  x6:0x00000020 PA:0x00020000 store:0x00000020 load:0x00000000
          10604	      5298	001000d4	00454383	lbu	x7,4(x10)	 x10:0x0010184c  x7=0x00000030 PA:0x00101850 store:0x00000000
          10606	      5299	001000d8	02038c63	beq	x7,x0,100110	  x7:0x00000030  x0:0x00000000
          10610	      5301	001000dc	0077a023	sw	x7,0(x15)	 x15:0x00020000  x7:0x00000030 PA:0x00020000 store:0x00000030 load:0x00000000
          10614	      5303	001000e0	00554583	lbu	x11,5(x10)	 x10:0x0010184c x11=0x00000078 PA:0x00101851 store:0x00000067
          10616	      5304	001000e4	02058663	beq	x11,x0,100110	 x11:0x00000078  x0:0x00000000
          10620	      5306	001000e8	00b7a023	sw	x11,0(x15)	 x15:0x00020000 x11:0x00000078 PA:0x00020000 store:0x00000078 load:0x00000000
          10624	      5308	001000ec	00654603	lbu	x12,6(x10)	 x10:0x0010184c x12=0x00000032 PA:0x00101852 store:0x00000020
          10626	      5309	001000f0	02060063	beq	x12,x0,100110	 x12:0x00000032  x0:0x00000000
          10630	      5311	001000f4	00c7a023	sw	x12,0(x15)	 x15:0x00020000 x12:0x00000032 PA:0x00020000 store:0x00000032 load:0x00000000
          10634	      5313	001000f8	00754683	lbu	x13,7(x10)	 x10:0x0010184c x13=0x00000030 PA:0x00101853 store:0x00000030
          10636	      5314	001000fc	00850513	addi	x10,x10,8	 x10:0x0010184c x10=0x00101854
          10638	      5315	00100100	00068863	beq	x13,x0,100110	 x13:0x00000030  x0:0x00000000
          10642	      5317	00100104	00d7a023	sw	x13,0(x15)	 x15:0x00020000 x13:0x00000030 PA:0x00020000 store:0x00000030 load:0x00000000
          10646	      5319	00100108	00054803	lbu	x16,0(x10)	 x10:0x00101854 x16=0x00000030 PA:0x00101854 store:0x00000000
          10650	      5321	0010010c	fa0810e3	bne	x16,x0,1000ac	 x16:0x00000030  x0:0x00000000
          10656	      5324	001000ac	0107a023	sw	x16,0(x15)	 x15:0x00020000 x16:0x00000030 PA:0x00020000 store:0x00000030 load:0x00000000
          10660	      5326	001000b0	00154703	lbu	x14,1(x10)	 x10:0x00101854 x14=0x0000003a PA:0x00101855 store:0x00101440
          10662	      5327	001000b4	04070e63	beq	x14,x0,100110	 x14:0x0000003a  x0:0x00000000
          10666	      5329	001000b8	00e7a023	sw	x14,0(x15)	 x15:0x00020000 x14:0x0000003a PA:0x00020000 store:0x0000003a load:0x00000000
          10670	      5331	001000bc	00254283	lbu	x5,2(x10)	 x10:0x00101854  x5=0x00000020 PA:0x00101856 store:0x00137fd0
          10672	      5332	001000c0	04028863	beq	x5,x0,100110	  x5:0x00000020  x0:0x00000000
          10676	      5334	001000c4	0057a023	sw	x5,0(x15)	 x15:0x00020000  x5:0x00000020 PA:0x00020000 store:0x00000020 load:0x00000000
          10680	      5336	001000c8	00354303	lbu	x6,3(x10)	 x10:0x00101854  x6=0x00000000 PA:0x00101857 store:0x00000000
          10684	      5338	001000cc	04030263	beq	x6,x0,100110	  x6:0x00000000  x0:0x00000000
          10688	      5340	00100110	00000513	addi	x10,x0,0	  x0:0x00000000 x10=0x00000000
          10692	      5342	00100114	00008067	jalr	x0,0(x1)	  x1:0x00101440  x0=0x00000000
          10696	      5344	00101440	9e0c2503	lw	x10,-1568(x24)	 x24:0x00102000 x10=0x00000200 PA:0x001019e0 store:0x00000000
          10700	      5346	00101444	cddfe0ef	jal	x1,100120	  x1=0x00101448
          10702	      5347	00100120	01c55793	srli	x15,x10,0x1c	 x10:0x00000200 x15=0x00000000
          10704	      5348	00100124	00900713	addi	x14,x0,9	  x0:0x00000000 x14=0x00000009
          10708	      5350	00100128	0cf77a63	bgeu	x14,x15,1001fc	 x14:0x00000009 x15:0x00000000
          10712	      5352	001001fc	03078393	addi	x7,x15,48	 x15:0x00000000  x7=0x00000030
          10714	      5353	00100200	000205b7	lui	x11,0x20	 x11=0x00020000
          10716	      5354	00100204	00451613	slli	x12,x10,0x4	 x10:0x00000200 x12=0x00002000
          10720	      5356	00100208	0075a023	sw	x7,0(x11)	 x11:0x00020000  x7:0x00000030 PA:0x00020000 store:0x00000030 load:0x00000000
          10722	      5357	0010020c	01c65693	srli	x13,x12,0x1c	 x12:0x00002000 x13=0x00000000
          10724	      5358	00100210	00900813	addi	x16,x0,9	  x0:0x00000000 x16=0x00000009
          10726	      5359	00100214	f2d86ae3	bltu	x16,x13,100148	 x16:0x00000009 x13:0x00000000
          10728	      5360	00100218	03068e93	addi	x29,x13,48	 x13:0x00000000 x29=0x00000030
          10730	      5361	0010021c	00020f37	lui	x30,0x20	 x30=0x00020000
          10732	      5362	00100220	00851f93	slli	x31,x10,0x8	 x10:0x00000200 x31=0x00020000
          10736	      5364	00100224	01df2023	sw	x29,0(x30)	 x30:0x00020000 x29:0x00000030 PA:0x00020000 store:0x00000030 load:0x00000000
          10738	      5365	00100228	01cfd793	srli	x15,x31,0x1c	 x31:0x00020000 x15=0x00000000
          10740	      5366	0010022c	00900713	addi	x14,x0,9	  x0:0x00000000 x14=0x00000009
          10742	      5367	00100230	f2f76ae3	bltu	x14,x15,100164	 x14:0x00000009 x15:0x00000000
          10744	      5368	00100234	03078393	addi	x7,x15,48	 x15:0x00000000  x7=0x00000030
          10746	      5369	00100238	000205b7	lui	x11,0x20	 x11=0x00020000
          10748	      5370	0010023c	00c51613	slli	x12,x10,0xc	 x10:0x00000200 x12=0x00200000
          10752	      5372	00100240	0075a023	sw	x7,0(x11)	 x11:0x00020000  x7:0x00000030 PA:0x00020000 store:0x00000030 load:0x00000000
          10754	      5373	00100244	01c65693	srli	x13,x12,0x1c	 x12:0x00200000 x13=0x00000000
          10756	      5374	00100248	00900813	addi	x16,x0,9	  x0:0x00000000 x16=0x00000009
          10758	      5375	0010024c	f2d86ae3	bltu	x16,x13,100180	 x16:0x00000009 x13:0x00000000
          10760	      5376	00100250	03068e93	addi	x29,x13,48	 x13:0x00000000 x29=0x00000030
          10762	      5377	00100254	00020f37	lui	x30,0x20	 x30=0x00020000
          10764	      5378	00100258	01051f93	slli	x31,x10,0x10	 x10:0x00000200 x31=0x02000000
          10768	      5380	0010025c	01df2023	sw	x29,0(x30)	 x30:0x00020000 x29:0x00000030 PA:0x00020000 store:0x00000030 load:0x00000000
          10770	      5381	00100260	01cfd793	srli	x15,x31,0x1c	 x31:0x02000000 x15=0x00000000
          10772	      5382	00100264	00900713	addi	x14,x0,9	  x0:0x00000000 x14=0x00000009
          10774	      5383	00100268	f2f76ae3	bltu	x14,x15,10019c	 x14:0x00000009 x15:0x00000000
          10776	      5384	0010026c	03078393	addi	x7,x15,48	 x15:0x00000000  x7=0x00000030
          10778	      5385	00100270	000205b7	lui	x11,0x20	 x11=0x00020000
          10780	      5386	00100274	01451613	slli	x12,x10,0x14	 x10:0x00000200 x12=0x20000000
          10784	      5388	00100278	0075a023	sw	x7,0(x11)	 x11:0x00020000  x7:0x00000030 PA:0x00020000 store:0x00000030 load:0x00000000
          10786	      5389	0010027c	01c65693	srli	x13,x12,0x1c	 x12:0x20000000 x13=0x00000002
          10788	      5390	00100280	00900813	addi	x16,x0,9	  x0:0x00000000 x16=0x00000009
          10790	      5391	00100284	f2d86ae3	bltu	x16,x13,1001b8	 x16:0x00000009 x13:0x00000002
          10792	      5392	00100288	03068e93	addi	x29,x13,48	 x13:0x00000002 x29=0x00000032
          10794	      5393	0010028c	00020f37	lui	x30,0x20	 x30=0x00020000
          10796	      5394	00100290	01851f93	slli	x31,x10,0x18	 x10:0x00000200 x31=0x00000000
          10800	      5396	00100294	01df2023	sw	x29,0(x30)	 x30:0x00020000 x29:0x00000032 PA:0x00020000 store:0x00000032 load:0x00000000
          10802	      5397	00100298	01cfd793	srli	x15,x31,0x1c	 x31:0x00000000 x15=0x00000000
          10804	      5398	0010029c	00900713	addi	x14,x0,9	  x0:0x00000000 x14=0x00000009
          10806	      5399	001002a0	f2f76ae3	bltu	x14,x15,1001d4	 x14:0x00000009 x15:0x00000000
          10808	      5400	001002a4	03078393	addi	x7,x15,48	 x15:0x00000000  x7=0x00000030
          10810	      5401	001002a8	000205b7	lui	x11,0x20	 x11=0x00020000
          10814	      5403	001002ac	0075a023	sw	x7,0(x11)	 x11:0x00020000  x7:0x00000030 PA:0x00020000 store:0x00000030 load:0x00000000
          10816	      5404	001002b0	00f57513	andi	x10,x10,15	 x10:0x00000200 x10=0x00000000
          10818	      5405	001002b4	00900613	addi	x12,x0,9	  x0:0x00000000 x12=0x00000009
          10822	      5407	001002b8	f2a67ae3	bgeu	x12,x10,1001ec	 x12:0x00000009 x10:0x00000000
          10826	      5409	001001ec	03050893	addi	x17,x10,48	 x10:0x00000000 x17=0x00000030
          10828	      5410	001001f0	00020e37	lui	x28,0x20	 x28=0x00020000
          10832	      5412	001001f4	011e2023	sw	x17,0(x28)	 x28:0x00020000 x17:0x00000030 PA:0x00020000 store:0x00000030 load:0x00000000
          10836	      5414	001001f8	00008067	jalr	x0,0(x1)	  x1:0x00101448  x0=0x00000000
          10838	      5415	00101448	00102f37	lui	x30,0x102	 x30=0x00102000
          10840	      5416	0010144c	858f0513	addi	x10,x30,-1960	 x30:0x00102000 x10=0x00101858
          10844	      5418	00101450	c51fe0ef	jal	x1,1000a0	  x1=0x00101454
          10848	      5420	001000a0	00054803	lbu	x16,0(x10)	 x10:0x00101858 x16=0x0000000a PA:0x00101858 store:0x00000000
          10850	      5421	001000a4	06080663	beq	x16,x0,100110	 x16:0x0000000a  x0:0x00000000
          10852	      5422	001000a8	000207b7	lui	x15,0x20	 x15=0x00020000
          10856	      5424	001000ac	0107a023	sw	x16,0(x15)	 x15:0x00020000 x16:0x0000000a PA:0x00020000 store:0x0000000a load:0x00000000
          10860	      5426	001000b0	00154703	lbu	x14,1(x10)	 x10:0x00101858 x14=0x0000000a PA:0x00101859 store:0x00101454
          10862	      5427	001000b4	04070e63	beq	x14,x0,100110	 x14:0x0000000a  x0:0x00000000
          10866	      5429	001000b8	00e7a023	sw	x14,0(x15)	 x15:0x00020000 x14:0x0000000a PA:0x00020000 store:0x0000000a load:0x00000000
          10870	      5431	001000bc	00254283	lbu	x5,2(x10)	 x10:0x00101858  x5=0x00000054 PA:0x0010185a store:0x00137fd0
          10872	      5432	001000c0	04028863	beq	x5,x0,100110	  x5:0x00000054  x0:0x00000000
          10876	      5434	001000c4	0057a023	sw	x5,0(x15)	 x15:0x00020000  x5:0x00000054 PA:0x00020000 store:0x00000054 load:0x00000000
          10880	      5436	001000c8	00354303	lbu	x6,3(x10)	 x10:0x00101858  x6=0x00000065 PA:0x0010185b store:0x00000000
          10882	      5437	001000cc	04030263	beq	x6,x0,100110	  x6:0x00000065  x0:0x00000000
          10886	      5439	001000d0	0067a023	sw	x6,0(x15)	 x15:0x00020000  x6:0x00000065 PA:0x00020000 store:0x00000065 load:0x00000000
          10890	      5441	001000d4	00454383	lbu	x7,4(x10)	 x10:0x00101858  x7=0x00000073 PA:0x0010185c store:0x00000000
          10892	      5442	001000d8	02038c63	beq	x7,x0,100110	  x7:0x00000073  x0:0x00000000
          10896	      5444	001000dc	0077a023	sw	x7,0(x15)	 x15:0x00020000  x7:0x00000073 PA:0x00020000 store:0x00000073 load:0x00000000
          10900	      5446	001000e0	00554583	lbu	x11,5(x10)	 x10:0x00101858 x11=0x00000074 PA:0x0010185d store:0x00000054
          10902	      5447	001000e4	02058663	beq	x11,x0,100110	 x11:0x00000074  x0:0x00000000
          10906	      5449	001000e8	00b7a023	sw	x11,0(x15)	 x15:0x00020000 x11:0x00000074 PA:0x00020000 store:0x00000074 load:0x00000000
          10910	      5451	001000ec	00654603	lbu	x12,6(x10)	 x10:0x00101858 x12=0x00000069 PA:0x0010185e store:0x00000065
          10912	      5452	001000f0	02060063	beq	x12,x0,100110	 x12:0x00000069  x0:0x00000000
          10916	      5454	001000f4	00c7a023	sw	x12,0(x15)	 x15:0x00020000 x12:0x00000069 PA:0x00020000 store:0x00000069 load:0x00000000
          10920	      5456	001000f8	00754683	lbu	x13,7(x10)	 x10:0x00101858 x13=0x0000006e PA:0x0010185f store:0x00000073
          10922	      5457	001000fc	00850513	addi	x10,x10,8	 x10:0x00101858 x10=0x00101860
          10924	      5458	00100100	00068863	beq	x13,x0,100110	 x13:0x0000006e  x0:0x00000000
          10928	      5460	00100104	00d7a023	sw	x13,0(x15)	 x15:0x00020000 x13:0x0000006e PA:0x00020000 store:0x0000006e load:0x00000000
          10932	      5462	00100108	00054803	lbu	x16,0(x10)	 x10:0x00101860 x16=0x00000067 PA:0x00101860 store:0x00000000
          10936	      5464	0010010c	fa0810e3	bne	x16,x0,1000ac	 x16:0x00000067  x0:0x00000000
          10942	      5467	001000ac	0107a023	sw	x16,0(x15)	 x15:0x00020000 x16:0x00000067 PA:0x00020000 store:0x00000067 load:0x00000000
          10946	      5469	001000b0	00154703	lbu	x14,1(x10)	 x10:0x00101860 x14=0x00000020 PA:0x00101861 store:0x00101454
          10948	      5470	001000b4	04070e63	beq	x14,x0,100110	 x14:0x00000020  x0:0x00000000
          10952	      5472	001000b8	00e7a023	sw	x14,0(x15)	 x15:0x00020000 x14:0x00000020 PA:0x00020000 store:0x00000020 load:0x00000000
          10956	      5474	001000bc	00254283	lbu	x5,2(x10)	 x10:0x00101860  x5=0x0000004d PA:0x00101862 store:0x00137fd0
          10958	      5475	001000c0	04028863	beq	x5,x0,100110	  x5:0x0000004d  x0:0x00000000
          10962	      5477	001000c4	0057a023	sw	x5,0(x15)	 x15:0x00020000  x5:0x0000004d PA:0x00020000 store:0x0000004d load:0x00000000
          10966	      5479	001000c8	00354303	lbu	x6,3(x10)	 x10:0x00101860  x6=0x00000049 PA:0x00101863 store:0x00000000
          10968	      5480	001000cc	04030263	beq	x6,x0,100110	  x6:0x00000049  x0:0x00000000
          10972	      5482	001000d0	0067a023	sw	x6,0(x15)	 x15:0x00020000  x6:0x00000049 PA:0x00020000 store:0x00000049 load:0x00000000
          10976	      5484	001000d4	00454383	lbu	x7,4(x10)	 x10:0x00101860  x7=0x0000004e PA:0x00101864 store:0x00000000
          10978	      5485	001000d8	02038c63	beq	x7,x0,100110	  x7:0x0000004e  x0:0x00000000
          10982	      5487	001000dc	0077a023	sw	x7,0(x15)	 x15:0x00020000  x7:0x0000004e PA:0x00020000 store:0x0000004e load:0x00000000
          10986	      5489	001000e0	00554583	lbu	x11,5(x10)	 x10:0x00101860 x11=0x00000020 PA:0x00101865 store:0x0000004d
          10988	      5490	001000e4	02058663	beq	x11,x0,100110	 x11:0x00000020  x0:0x00000000
          10992	      5492	001000e8	00b7a023	sw	x11,0(x15)	 x15:0x00020000 x11:0x00000020 PA:0x00020000 store:0x00000020 load:0x00000000
          10996	      5494	001000ec	00654603	lbu	x12,6(x10)	 x10:0x00101860 x12=0x00000069 PA:0x00101866 store:0x00000049
          10998	      5495	001000f0	02060063	beq	x12,x0,100110	 x12:0x00000069  x0:0x00000000
          11002	      5497	001000f4	00c7a023	sw	x12,0(x15)	 x15:0x00020000 x12:0x00000069 PA:0x00020000 store:0x00000069 load:0x00000000
          11006	      5499	001000f8	00754683	lbu	x13,7(x10)	 x10:0x00101860 x13=0x0000006e PA:0x00101867 store:0x0000004e
          11008	      5500	001000fc	00850513	addi	x10,x10,8	 x10:0x00101860 x10=0x00101868
          11010	      5501	00100100	00068863	beq	x13,x0,100110	 x13:0x0000006e  x0:0x00000000
          11014	      5503	00100104	00d7a023	sw	x13,0(x15)	 x15:0x00020000 x13:0x0000006e PA:0x00020000 store:0x0000006e load:0x00000000
          11018	      5505	00100108	00054803	lbu	x16,0(x10)	 x10:0x00101868 x16=0x00000073 PA:0x00101868 store:0x00000000
          11022	      5507	0010010c	fa0810e3	bne	x16,x0,1000ac	 x16:0x00000073  x0:0x00000000
          11028	      5510	001000ac	0107a023	sw	x16,0(x15)	 x15:0x00020000 x16:0x00000073 PA:0x00020000 store:0x00000073 load:0x00000000
          11032	      5512	001000b0	00154703	lbu	x14,1(x10)	 x10:0x00101868 x14=0x00000074 PA:0x00101869 store:0x00101454
          11034	      5513	001000b4	04070e63	beq	x14,x0,100110	 x14:0x00000074  x0:0x00000000
          11038	      5515	001000b8	00e7a023	sw	x14,0(x15)	 x15:0x00020000 x14:0x00000074 PA:0x00020000 store:0x00000074 load:0x00000000
          11042	      5517	001000bc	00254283	lbu	x5,2(x10)	 x10:0x00101868  x5=0x00000072 PA:0x0010186a store:0x00137fd0
          11044	      5518	001000c0	04028863	beq	x5,x0,100110	  x5:0x00000072  x0:0x00000000
          11048	      5520	001000c4	0057a023	sw	x5,0(x15)	 x15:0x00020000  x5:0x00000072 PA:0x00020000 store:0x00000072 load:0x00000000
          11052	      5522	001000c8	00354303	lbu	x6,3(x10)	 x10:0x00101868  x6=0x00000075 PA:0x0010186b store:0x00000000
          11054	      5523	001000cc	04030263	beq	x6,x0,100110	  x6:0x00000075  x0:0x00000000
          11058	      5525	001000d0	0067a023	sw	x6,0(x15)	 x15:0x00020000  x6:0x00000075 PA:0x00020000 store:0x00000075 load:0x00000000
          11062	      5527	001000d4	00454383	lbu	x7,4(x10)	 x10:0x00101868  x7=0x00000063 PA:0x0010186c store:0x00000000
          11064	      5528	001000d8	02038c63	beq	x7,x0,100110	  x7:0x00000063  x0:0x00000000
          11068	      5530	001000dc	0077a023	sw	x7,0(x15)	 x15:0x00020000  x7:0x00000063 PA:0x00020000 store:0x00000063 load:0x00000000
          11072	      5532	001000e0	00554583	lbu	x11,5(x10)	 x10:0x00101868 x11=0x00000074 PA:0x0010186d store:0x00000072
          11074	      5533	001000e4	02058663	beq	x11,x0,100110	 x11:0x00000074  x0:0x00000000
          11078	      5535	001000e8	00b7a023	sw	x11,0(x15)	 x15:0x00020000 x11:0x00000074 PA:0x00020000 store:0x00000074 load:0x00000000
          11082	      5537	001000ec	00654603	lbu	x12,6(x10)	 x10:0x00101868 x12=0x00000069 PA:0x0010186e store:0x00000075
          11084	      5538	001000f0	02060063	beq	x12,x0,100110	 x12:0x00000069  x0:0x00000000
          11088	      5540	001000f4	00c7a023	sw	x12,0(x15)	 x15:0x00020000 x12:0x00000069 PA:0x00020000 store:0x00000069 load:0x00000000
          11092	      5542	001000f8	00754683	lbu	x13,7(x10)	 x10:0x00101868 x13=0x0000006f PA:0x0010186f store:0x00000063
          11094	      5543	001000fc	00850513	addi	x10,x10,8	 x10:0x00101868 x10=0x00101870
          11096	      5544	00100100	00068863	beq	x13,x0,100110	 x13:0x0000006f  x0:0x00000000
          11100	      5546	00100104	00d7a023	sw	x13,0(x15)	 x15:0x00020000 x13:0x0000006f PA:0x00020000 store:0x0000006f load:0x00000000
          11104	      5548	00100108	00054803	lbu	x16,0(x10)	 x10:0x00101870 x16=0x0000006e PA:0x00101870 store:0x00000000
          11108	      5550	0010010c	fa0810e3	bne	x16,x0,1000ac	 x16:0x0000006e  x0:0x00000000
          11114	      5553	001000ac	0107a023	sw	x16,0(x15)	 x15:0x00020000 x16:0x0000006e PA:0x00020000 store:0x0000006e load:0x00000000
          11118	      5555	001000b0	00154703	lbu	x14,1(x10)	 x10:0x00101870 x14=0x00000073 PA:0x00101871 store:0x00101454
          11120	      5556	001000b4	04070e63	beq	x14,x0,100110	 x14:0x00000073  x0:0x00000000
          11124	      5558	001000b8	00e7a023	sw	x14,0(x15)	 x15:0x00020000 x14:0x00000073 PA:0x00020000 store:0x00000073 load:0x00000000
          11128	      5560	001000bc	00254283	lbu	x5,2(x10)	 x10:0x00101870  x5=0x0000003a PA:0x00101872 store:0x00137fd0
          11130	      5561	001000c0	04028863	beq	x5,x0,100110	  x5:0x0000003a  x0:0x00000000
          11134	      5563	001000c4	0057a023	sw	x5,0(x15)	 x15:0x00020000  x5:0x0000003a PA:0x00020000 store:0x0000003a load:0x00000000
          11138	      5565	001000c8	00354303	lbu	x6,3(x10)	 x10:0x00101870  x6=0x00000020 PA:0x00101873 store:0x00000000
          11140	      5566	001000cc	04030263	beq	x6,x0,100110	  x6:0x00000020  x0:0x00000000
          11144	      5568	001000d0	0067a023	sw	x6,0(x15)	 x15:0x00020000  x6:0x00000020 PA:0x00020000 store:0x00000020 load:0x00000000
          11148	      5570	001000d4	00454383	lbu	x7,4(x10)	 x10:0x00101870  x7=0x00000000 PA:0x00101874 store:0x00000000
          11152	      5572	001000d8	02038c63	beq	x7,x0,100110	  x7:0x00000000  x0:0x00000000
          11156	      5574	00100110	00000513	addi	x10,x0,0	  x0:0x00000000 x10=0x00000000
          11160	      5576	00100114	00008067	jalr	x0,0(x1)	  x1:0x00101454  x0=0x00000000
          11164	      5578	00101454	a19a2623	sw	x25,-1524(x20)	 x20:0x00102000 x25:0x00000000 PA:0x00101a0c store:0x00000000 load:0x00000000
          11168	      5580	00101458	a099a423	sw	x9,-1528(x19)	 x19:0x00102000  x9:0x80000000 PA:0x00101a08 store:0x80000000 load:0x00000000
          11172	      5582	0010145c	a0ca2303	lw	x6,-1524(x20)	 x20:0x00102000  x6=0x00000000 PA:0x00101a0c store:0x00000069
          11174	      5583	00101460	00102fb7	lui	x31,0x102	 x31=0x00102000
          11178	      5585	00101464	a089a683	lw	x13,-1528(x19)	 x19:0x00102000 x13=0x80000000 PA:0x00101a08 store:0x00000047
          11186	      5589	00101468	878f8513	addi	x10,x31,-1928	 x31:0x00102000 x10=0x00101878
          11188	      5590	0010146c	28d302d3	fmin.s	f5,f6,f13	  f6:0x00000000 f13:0x80000000  f5=0x80000000
          11190	      5591	00101470	9e5aa423	sw	x5,-1560(x21)	 x21:0x00102000  x5:0x80000000 PA:0x001019e8 store:0x80000000 load:0x80000000
          11192	      5592	00101474	c2dfe0ef	jal	x1,1000a0	  x1=0x00101478
          11196	      5594	001000a0	00054803	lbu	x16,0(x10)	 x10:0x00101878 x16=0x0000000a PA:0x00101878 store:0x00000000
          11198	      5595	001000a4	06080663	beq	x16,x0,100110	 x16:0x0000000a  x0:0x00000000
          11200	      5596	001000a8	000207b7	lui	x15,0x20	 x15=0x00020000
          11204	      5598	001000ac	0107a023	sw	x16,0(x15)	 x15:0x00020000 x16:0x0000000a PA:0x00020000 store:0x0000000a load:0x00000000
          11208	      5600	001000b0	00154703	lbu	x14,1(x10)	 x10:0x00101878 x14=0x00000020 PA:0x00101879 store:0x00101478
          11210	      5601	001000b4	04070e63	beq	x14,x0,100110	 x14:0x00000020  x0:0x00000000
          11214	      5603	001000b8	00e7a023	sw	x14,0(x15)	 x15:0x00020000 x14:0x00000020 PA:0x00020000 store:0x00000020 load:0x00000000
          11218	      5605	001000bc	00254283	lbu	x5,2(x10)	 x10:0x00101878  x5=0x0000004d PA:0x0010187a store:0x00137fd0
          11220	      5606	001000c0	04028863	beq	x5,x0,100110	  x5:0x0000004d  x0:0x00000000
          11224	      5608	001000c4	0057a023	sw	x5,0(x15)	 x15:0x00020000  x5:0x0000004d PA:0x00020000 store:0x0000004d load:0x00000000
          11228	      5610	001000c8	00354303	lbu	x6,3(x10)	 x10:0x00101878  x6=0x00000069 PA:0x0010187b store:0x00000000
          11230	      5611	001000cc	04030263	beq	x6,x0,100110	  x6:0x00000069  x0:0x00000000
          11234	      5613	001000d0	0067a023	sw	x6,0(x15)	 x15:0x00020000  x6:0x00000069 PA:0x00020000 store:0x00000069 load:0x00000000
          11238	      5615	001000d4	00454383	lbu	x7,4(x10)	 x10:0x00101878  x7=0x0000006e PA:0x0010187c store:0x00000000
          11240	      5616	001000d8	02038c63	beq	x7,x0,100110	  x7:0x0000006e  x0:0x00000000
          11244	      5618	001000dc	0077a023	sw	x7,0(x15)	 x15:0x00020000  x7:0x0000006e PA:0x00020000 store:0x0000006e load:0x00000000
          11248	      5620	001000e0	00554583	lbu	x11,5(x10)	 x10:0x00101878 x11=0x00000028 PA:0x0010187d store:0x0000004d
          11250	      5621	001000e4	02058663	beq	x11,x0,100110	 x11:0x00000028  x0:0x00000000
          11254	      5623	001000e8	00b7a023	sw	x11,0(x15)	 x15:0x00020000 x11:0x00000028 PA:0x00020000 store:0x00000028 load:0x00000000
          11258	      5625	001000ec	00654603	lbu	x12,6(x10)	 x10:0x00101878 x12=0x00000030 PA:0x0010187e store:0x00000069
          11260	      5626	001000f0	02060063	beq	x12,x0,100110	 x12:0x00000030  x0:0x00000000
          11264	      5628	001000f4	00c7a023	sw	x12,0(x15)	 x15:0x00020000 x12:0x00000030 PA:0x00020000 store:0x00000030 load:0x00000000
          11268	      5630	001000f8	00754683	lbu	x13,7(x10)	 x10:0x00101878 x13=0x0000002e PA:0x0010187f store:0x0000006e
          11270	      5631	001000fc	00850513	addi	x10,x10,8	 x10:0x00101878 x10=0x00101880
          11272	      5632	00100100	00068863	beq	x13,x0,100110	 x13:0x0000002e  x0:0x00000000
          11276	      5634	00100104	00d7a023	sw	x13,0(x15)	 x15:0x00020000 x13:0x0000002e PA:0x00020000 store:0x0000002e load:0x00000000
          11280	      5636	00100108	00054803	lbu	x16,0(x10)	 x10:0x00101880 x16=0x00000030 PA:0x00101880 store:0x00000000
          11284	      5638	0010010c	fa0810e3	bne	x16,x0,1000ac	 x16:0x00000030  x0:0x00000000
          11290	      5641	001000ac	0107a023	sw	x16,0(x15)	 x15:0x00020000 x16:0x00000030 PA:0x00020000 store:0x00000030 load:0x00000000
          11294	      5643	001000b0	00154703	lbu	x14,1(x10)	 x10:0x00101880 x14=0x0000002c PA:0x00101881 store:0x00101478
          11296	      5644	001000b4	04070e63	beq	x14,x0,100110	 x14:0x0000002c  x0:0x00000000
          11300	      5646	001000b8	00e7a023	sw	x14,0(x15)	 x15:0x00020000 x14:0x0000002c PA:0x00020000 store:0x0000002c load:0x00000000
          11304	      5648	001000bc	00254283	lbu	x5,2(x10)	 x10:0x00101880  x5=0x00000020 PA:0x00101882 store:0x00137fd0
          11306	      5649	001000c0	04028863	beq	x5,x0,100110	  x5:0x00000020  x0:0x00000000
          11310	      5651	001000c4	0057a023	sw	x5,0(x15)	 x15:0x00020000  x5:0x00000020 PA:0x00020000 store:0x00000020 load:0x00000000
          11314	      5653	001000c8	00354303	lbu	x6,3(x10)	 x10:0x00101880  x6=0x0000002d PA:0x00101883 store:0x00000000
          11316	      5654	001000cc	04030263	beq	x6,x0,100110	  x6:0x0000002d  x0:0x00000000
          11320	      5656	001000d0	0067a023	sw	x6,0(x15)	 x15:0x00020000  x6:0x0000002d PA:0x00020000 store:0x0000002d load:0x00000000
          11324	      5658	001000d4	00454383	lbu	x7,4(x10)	 x10:0x00101880  x7=0x00000030 PA:0x00101884 store:0x00000000
          11326	      5659	001000d8	02038c63	beq	x7,x0,100110	  x7:0x00000030  x0:0x00000000
          11330	      5661	001000dc	0077a023	sw	x7,0(x15)	 x15:0x00020000  x7:0x00000030 PA:0x00020000 store:0x00000030 load:0x00000000
          11334	      5663	001000e0	00554583	lbu	x11,5(x10)	 x10:0x00101880 x11=0x0000002e PA:0x00101885 store:0x00000020
          11336	      5664	001000e4	02058663	beq	x11,x0,100110	 x11:0x0000002e  x0:0x00000000
          11340	      5666	001000e8	00b7a023	sw	x11,0(x15)	 x15:0x00020000 x11:0x0000002e PA:0x00020000 store:0x0000002e load:0x00000000
          11344	      5668	001000ec	00654603	lbu	x12,6(x10)	 x10:0x00101880 x12=0x00000030 PA:0x00101886 store:0x0000002d
          11346	      5669	001000f0	02060063	beq	x12,x0,100110	 x12:0x00000030  x0:0x00000000
          11350	      5671	001000f4	00c7a023	sw	x12,0(x15)	 x15:0x00020000 x12:0x00000030 PA:0x00020000 store:0x00000030 load:0x00000000
          11354	      5673	001000f8	00754683	lbu	x13,7(x10)	 x10:0x00101880 x13=0x00000029 PA:0x00101887 store:0x00000030
          11356	      5674	001000fc	00850513	addi	x10,x10,8	 x10:0x00101880 x10=0x00101888
          11358	      5675	00100100	00068863	beq	x13,x0,100110	 x13:0x00000029  x0:0x00000000
          11362	      5677	00100104	00d7a023	sw	x13,0(x15)	 x15:0x00020000 x13:0x00000029 PA:0x00020000 store:0x00000029 load:0x00000000
          11366	      5679	00100108	00054803	lbu	x16,0(x10)	 x10:0x00101888 x16=0x0000002c PA:0x00101888 store:0x00000000
          11370	      5681	0010010c	fa0810e3	bne	x16,x0,1000ac	 x16:0x0000002c  x0:0x00000000
          11376	      5684	001000ac	0107a023	sw	x16,0(x15)	 x15:0x00020000 x16:0x0000002c PA:0x00020000 store:0x0000002c load:0x00000000
          11380	      5686	001000b0	00154703	lbu	x14,1(x10)	 x10:0x00101888 x14=0x00000020 PA:0x00101889 store:0x00101478
          11382	      5687	001000b4	04070e63	beq	x14,x0,100110	 x14:0x00000020  x0:0x00000000
          11386	      5689	001000b8	00e7a023	sw	x14,0(x15)	 x15:0x00020000 x14:0x00000020 PA:0x00020000 store:0x00000020 load:0x00000000
          11390	      5691	001000bc	00254283	lbu	x5,2(x10)	 x10:0x00101888  x5=0x00000065 PA:0x0010188a store:0x00137fd0
          11392	      5692	001000c0	04028863	beq	x5,x0,100110	  x5:0x00000065  x0:0x00000000
          11396	      5694	001000c4	0057a023	sw	x5,0(x15)	 x15:0x00020000  x5:0x00000065 PA:0x00020000 store:0x00000065 load:0x00000000
          11400	      5696	001000c8	00354303	lbu	x6,3(x10)	 x10:0x00101888  x6=0x00000078 PA:0x0010188b store:0x00000000
          11402	      5697	001000cc	04030263	beq	x6,x0,100110	  x6:0x00000078  x0:0x00000000
          11406	      5699	001000d0	0067a023	sw	x6,0(x15)	 x15:0x00020000  x6:0x00000078 PA:0x00020000 store:0x00000078 load:0x00000000
          11410	      5701	001000d4	00454383	lbu	x7,4(x10)	 x10:0x00101888  x7=0x00000070 PA:0x0010188c store:0x00000000
          11412	      5702	001000d8	02038c63	beq	x7,x0,100110	  x7:0x00000070  x0:0x00000000
          11416	      5704	001000dc	0077a023	sw	x7,0(x15)	 x15:0x00020000  x7:0x00000070 PA:0x00020000 store:0x00000070 load:0x00000000
          11420	      5706	001000e0	00554583	lbu	x11,5(x10)	 x10:0x00101888 x11=0x00000065 PA:0x0010188d store:0x00000065
          11422	      5707	001000e4	02058663	beq	x11,x0,100110	 x11:0x00000065  x0:0x00000000
          11426	      5709	001000e8	00b7a023	sw	x11,0(x15)	 x15:0x00020000 x11:0x00000065 PA:0x00020000 store:0x00000065 load:0x00000000
          11430	      5711	001000ec	00654603	lbu	x12,6(x10)	 x10:0x00101888 x12=0x00000063 PA:0x0010188e store:0x00000078
          11432	      5712	001000f0	02060063	beq	x12,x0,100110	 x12:0x00000063  x0:0x00000000
          11436	      5714	001000f4	00c7a023	sw	x12,0(x15)	 x15:0x00020000 x12:0x00000063 PA:0x00020000 store:0x00000063 load:0x00000000
          11440	      5716	001000f8	00754683	lbu	x13,7(x10)	 x10:0x00101888 x13=0x00000074 PA:0x0010188f store:0x00000070
          11442	      5717	001000fc	00850513	addi	x10,x10,8	 x10:0x00101888 x10=0x00101890
          11444	      5718	00100100	00068863	beq	x13,x0,100110	 x13:0x00000074  x0:0x00000000
          11448	      5720	00100104	00d7a023	sw	x13,0(x15)	 x15:0x00020000 x13:0x00000074 PA:0x00020000 store:0x00000074 load:0x00000000
          11452	      5722	00100108	00054803	lbu	x16,0(x10)	 x10:0x00101890 x16=0x00000069 PA:0x00101890 store:0x00000000
          11456	      5724	0010010c	fa0810e3	bne	x16,x0,1000ac	 x16:0x00000069  x0:0x00000000
          11462	      5727	001000ac	0107a023	sw	x16,0(x15)	 x15:0x00020000 x16:0x00000069 PA:0x00020000 store:0x00000069 load:0x00000000
          11466	      5729	001000b0	00154703	lbu	x14,1(x10)	 x10:0x00101890 x14=0x0000006e PA:0x00101891 store:0x00101478
          11468	      5730	001000b4	04070e63	beq	x14,x0,100110	 x14:0x0000006e  x0:0x00000000
          11472	      5732	001000b8	00e7a023	sw	x14,0(x15)	 x15:0x00020000 x14:0x0000006e PA:0x00020000 store:0x0000006e load:0x00000000
          11476	      5734	001000bc	00254283	lbu	x5,2(x10)	 x10:0x00101890  x5=0x00000067 PA:0x00101892 store:0x00137fd0
          11478	      5735	001000c0	04028863	beq	x5,x0,100110	  x5:0x00000067  x0:0x00000000
          11482	      5737	001000c4	0057a023	sw	x5,0(x15)	 x15:0x00020000  x5:0x00000067 PA:0x00020000 store:0x00000067 load:0x00000000
          11486	      5739	001000c8	00354303	lbu	x6,3(x10)	 x10:0x00101890  x6=0x0000003a PA:0x00101893 store:0x00000000
          11488	      5740	001000cc	04030263	beq	x6,x0,100110	  x6:0x0000003a  x0:0x00000000
          11492	      5742	001000d0	0067a023	sw	x6,0(x15)	 x15:0x00020000  x6:0x0000003a PA:0x00020000 store:0x0000003a load:0x00000000
          11496	      5744	001000d4	00454383	lbu	x7,4(x10)	 x10:0x00101890  x7=0x00000020 PA:0x00101894 store:0x00000000
          11498	      5745	001000d8	02038c63	beq	x7,x0,100110	  x7:0x00000020  x0:0x00000000
          11502	      5747	001000dc	0077a023	sw	x7,0(x15)	 x15:0x00020000  x7:0x00000020 PA:0x00020000 store:0x00000020 load:0x00000000
          11506	      5749	001000e0	00554583	lbu	x11,5(x10)	 x10:0x00101890 x11=0x00000030 PA:0x00101895 store:0x00000067
          11508	      5750	001000e4	02058663	beq	x11,x0,100110	 x11:0x00000030  x0:0x00000000
          11512	      5752	001000e8	00b7a023	sw	x11,0(x15)	 x15:0x00020000 x11:0x00000030 PA:0x00020000 store:0x00000030 load:0x00000000
          11516	      5754	001000ec	00654603	lbu	x12,6(x10)	 x10:0x00101890 x12=0x00000078 PA:0x00101896 store:0x0000003a
          11518	      5755	001000f0	02060063	beq	x12,x0,100110	 x12:0x00000078  x0:0x00000000
          11522	      5757	001000f4	00c7a023	sw	x12,0(x15)	 x15:0x00020000 x12:0x00000078 PA:0x00020000 store:0x00000078 load:0x00000000
          11526	      5759	001000f8	00754683	lbu	x13,7(x10)	 x10:0x00101890 x13=0x00000038 PA:0x00101897 store:0x00000020
          11528	      5760	001000fc	00850513	addi	x10,x10,8	 x10:0x00101890 x10=0x00101898
          11530	      5761	00100100	00068863	beq	x13,x0,100110	 x13:0x00000038  x0:0x00000000
          11534	      5763	00100104	00d7a023	sw	x13,0(x15)	 x15:0x00020000 x13:0x00000038 PA:0x00020000 store:0x00000038 load:0x00000000
          11538	      5765	00100108	00054803	lbu	x16,0(x10)	 x10:0x00101898 x16=0x00000030 PA:0x00101898 store:0x00000000
          11542	      5767	0010010c	fa0810e3	bne	x16,x0,1000ac	 x16:0x00000030  x0:0x00000000
          11548	      5770	001000ac	0107a023	sw	x16,0(x15)	 x15:0x00020000 x16:0x00000030 PA:0x00020000 store:0x00000030 load:0x00000000
          11552	      5772	001000b0	00154703	lbu	x14,1(x10)	 x10:0x00101898 x14=0x00000030 PA:0x00101899 store:0x00101478
          11554	      5773	001000b4	04070e63	beq	x14,x0,100110	 x14:0x00000030  x0:0x00000000
          11558	      5775	001000b8	00e7a023	sw	x14,0(x15)	 x15:0x00020000 x14:0x00000030 PA:0x00020000 store:0x00000030 load:0x00000000
          11562	      5777	001000bc	00254283	lbu	x5,2(x10)	 x10:0x00101898  x5=0x00000030 PA:0x0010189a store:0x00137fd0
          11564	      5778	001000c0	04028863	beq	x5,x0,100110	  x5:0x00000030  x0:0x00000000
          11568	      5780	001000c4	0057a023	sw	x5,0(x15)	 x15:0x00020000  x5:0x00000030 PA:0x00020000 store:0x00000030 load:0x00000000
          11572	      5782	001000c8	00354303	lbu	x6,3(x10)	 x10:0x00101898  x6=0x00000030 PA:0x0010189b store:0x00000000
          11574	      5783	001000cc	04030263	beq	x6,x0,100110	  x6:0x00000030  x0:0x00000000
          11578	      5785	001000d0	0067a023	sw	x6,0(x15)	 x15:0x00020000  x6:0x00000030 PA:0x00020000 store:0x00000030 load:0x00000000
          11582	      5787	001000d4	00454383	lbu	x7,4(x10)	 x10:0x00101898  x7=0x00000030 PA:0x0010189c store:0x00000000
          11584	      5788	001000d8	02038c63	beq	x7,x0,100110	  x7:0x00000030  x0:0x00000000
          11588	      5790	001000dc	0077a023	sw	x7,0(x15)	 x15:0x00020000  x7:0x00000030 PA:0x00020000 store:0x00000030 load:0x00000000
          11592	      5792	001000e0	00554583	lbu	x11,5(x10)	 x10:0x00101898 x11=0x00000030 PA:0x0010189d store:0x00000030
          11594	      5793	001000e4	02058663	beq	x11,x0,100110	 x11:0x00000030  x0:0x00000000
          11598	      5795	001000e8	00b7a023	sw	x11,0(x15)	 x15:0x00020000 x11:0x00000030 PA:0x00020000 store:0x00000030 load:0x00000000
          11602	      5797	001000ec	00654603	lbu	x12,6(x10)	 x10:0x00101898 x12=0x0000003a PA:0x0010189e store:0x00000030
          11604	      5798	001000f0	02060063	beq	x12,x0,100110	 x12:0x0000003a  x0:0x00000000
          11608	      5800	001000f4	00c7a023	sw	x12,0(x15)	 x15:0x00020000 x12:0x0000003a PA:0x00020000 store:0x0000003a load:0x00000000
          11612	      5802	001000f8	00754683	lbu	x13,7(x10)	 x10:0x00101898 x13=0x00000020 PA:0x0010189f store:0x00000030
          11614	      5803	001000fc	00850513	addi	x10,x10,8	 x10:0x00101898 x10=0x001018a0
          11616	      5804	00100100	00068863	beq	x13,x0,100110	 x13:0x00000020  x0:0x00000000
          11620	      5806	00100104	00d7a023	sw	x13,0(x15)	 x15:0x00020000 x13:0x00000020 PA:0x00020000 store:0x00000020 load:0x00000000
          11624	      5808	00100108	00054803	lbu	x16,0(x10)	 x10:0x001018a0 x16=0x00000000 PA:0x001018a0 store:0x00000000
          11626	      5809	0010010c	fa0810e3	bne	x16,x0,1000ac	 x16:0x00000000  x0:0x00000000
          11628	      5810	00100110	00000513	addi	x10,x0,0	  x0:0x00000000 x10=0x00000000
          11632	      5812	00100114	00008067	jalr	x0,0(x1)	  x1:0x00101478  x0=0x00000000
          11636	      5814	00101478	9e0c2503	lw	x10,-1568(x24)	 x24:0x00102000 x10=0x00000200 PA:0x001019e0 store:0x00000000
          11640	      5816	0010147c	ca5fe0ef	jal	x1,100120	  x1=0x00101480
          11642	      5817	00100120	01c55793	srli	x15,x10,0x1c	 x10:0x00000200 x15=0x00000000
          11644	      5818	00100124	00900713	addi	x14,x0,9	  x0:0x00000000 x14=0x00000009
          11648	      5820	00100128	0cf77a63	bgeu	x14,x15,1001fc	 x14:0x00000009 x15:0x00000000
          11652	      5822	001001fc	03078393	addi	x7,x15,48	 x15:0x00000000  x7=0x00000030
          11654	      5823	00100200	000205b7	lui	x11,0x20	 x11=0x00020000
          11656	      5824	00100204	00451613	slli	x12,x10,0x4	 x10:0x00000200 x12=0x00002000
          11660	      5826	00100208	0075a023	sw	x7,0(x11)	 x11:0x00020000  x7:0x00000030 PA:0x00020000 store:0x00000030 load:0x00000000
          11662	      5827	0010020c	01c65693	srli	x13,x12,0x1c	 x12:0x00002000 x13=0x00000000
          11664	      5828	00100210	00900813	addi	x16,x0,9	  x0:0x00000000 x16=0x00000009
          11666	      5829	00100214	f2d86ae3	bltu	x16,x13,100148	 x16:0x00000009 x13:0x00000000
          11668	      5830	00100218	03068e93	addi	x29,x13,48	 x13:0x00000000 x29=0x00000030
          11670	      5831	0010021c	00020f37	lui	x30,0x20	 x30=0x00020000
          11672	      5832	00100220	00851f93	slli	x31,x10,0x8	 x10:0x00000200 x31=0x00020000
          11676	      5834	00100224	01df2023	sw	x29,0(x30)	 x30:0x00020000 x29:0x00000030 PA:0x00020000 store:0x00000030 load:0x00000000
          11678	      5835	00100228	01cfd793	srli	x15,x31,0x1c	 x31:0x00020000 x15=0x00000000
          11680	      5836	0010022c	00900713	addi	x14,x0,9	  x0:0x00000000 x14=0x00000009
          11682	      5837	00100230	f2f76ae3	bltu	x14,x15,100164	 x14:0x00000009 x15:0x00000000
          11684	      5838	00100234	03078393	addi	x7,x15,48	 x15:0x00000000  x7=0x00000030
          11686	      5839	00100238	000205b7	lui	x11,0x20	 x11=0x00020000
          11688	      5840	0010023c	00c51613	slli	x12,x10,0xc	 x10:0x00000200 x12=0x00200000
          11692	      5842	00100240	0075a023	sw	x7,0(x11)	 x11:0x00020000  x7:0x00000030 PA:0x00020000 store:0x00000030 load:0x00000000
          11694	      5843	00100244	01c65693	srli	x13,x12,0x1c	 x12:0x00200000 x13=0x00000000
          11696	      5844	00100248	00900813	addi	x16,x0,9	  x0:0x00000000 x16=0x00000009
          11698	      5845	0010024c	f2d86ae3	bltu	x16,x13,100180	 x16:0x00000009 x13:0x00000000
          11700	      5846	00100250	03068e93	addi	x29,x13,48	 x13:0x00000000 x29=0x00000030
          11702	      5847	00100254	00020f37	lui	x30,0x20	 x30=0x00020000
          11704	      5848	00100258	01051f93	slli	x31,x10,0x10	 x10:0x00000200 x31=0x02000000
          11708	      5850	0010025c	01df2023	sw	x29,0(x30)	 x30:0x00020000 x29:0x00000030 PA:0x00020000 store:0x00000030 load:0x00000000
          11710	      5851	00100260	01cfd793	srli	x15,x31,0x1c	 x31:0x02000000 x15=0x00000000
          11712	      5852	00100264	00900713	addi	x14,x0,9	  x0:0x00000000 x14=0x00000009
          11714	      5853	00100268	f2f76ae3	bltu	x14,x15,10019c	 x14:0x00000009 x15:0x00000000
          11716	      5854	0010026c	03078393	addi	x7,x15,48	 x15:0x00000000  x7=0x00000030
          11718	      5855	00100270	000205b7	lui	x11,0x20	 x11=0x00020000
          11720	      5856	00100274	01451613	slli	x12,x10,0x14	 x10:0x00000200 x12=0x20000000
          11724	      5858	00100278	0075a023	sw	x7,0(x11)	 x11:0x00020000  x7:0x00000030 PA:0x00020000 store:0x00000030 load:0x00000000
          11726	      5859	0010027c	01c65693	srli	x13,x12,0x1c	 x12:0x20000000 x13=0x00000002
          11728	      5860	00100280	00900813	addi	x16,x0,9	  x0:0x00000000 x16=0x00000009
          11730	      5861	00100284	f2d86ae3	bltu	x16,x13,1001b8	 x16:0x00000009 x13:0x00000002
          11732	      5862	00100288	03068e93	addi	x29,x13,48	 x13:0x00000002 x29=0x00000032
          11734	      5863	0010028c	00020f37	lui	x30,0x20	 x30=0x00020000
          11736	      5864	00100290	01851f93	slli	x31,x10,0x18	 x10:0x00000200 x31=0x00000000
          11740	      5866	00100294	01df2023	sw	x29,0(x30)	 x30:0x00020000 x29:0x00000032 PA:0x00020000 store:0x00000032 load:0x00000000
          11742	      5867	00100298	01cfd793	srli	x15,x31,0x1c	 x31:0x00000000 x15=0x00000000
          11744	      5868	0010029c	00900713	addi	x14,x0,9	  x0:0x00000000 x14=0x00000009
          11746	      5869	001002a0	f2f76ae3	bltu	x14,x15,1001d4	 x14:0x00000009 x15:0x00000000
          11748	      5870	001002a4	03078393	addi	x7,x15,48	 x15:0x00000000  x7=0x00000030
          11750	      5871	001002a8	000205b7	lui	x11,0x20	 x11=0x00020000
          11754	      5873	001002ac	0075a023	sw	x7,0(x11)	 x11:0x00020000  x7:0x00000030 PA:0x00020000 store:0x00000030 load:0x00000000
          11756	      5874	001002b0	00f57513	andi	x10,x10,15	 x10:0x00000200 x10=0x00000000
          11758	      5875	001002b4	00900613	addi	x12,x0,9	  x0:0x00000000 x12=0x00000009
          11762	      5877	001002b8	f2a67ae3	bgeu	x12,x10,1001ec	 x12:0x00000009 x10:0x00000000
          11766	      5879	001001ec	03050893	addi	x17,x10,48	 x10:0x00000000 x17=0x00000030
          11768	      5880	001001f0	00020e37	lui	x28,0x20	 x28=0x00020000
          11772	      5882	001001f4	011e2023	sw	x17,0(x28)	 x28:0x00020000 x17:0x00000030 PA:0x00020000 store:0x00000030 load:0x00000000
          11776	      5884	001001f8	00008067	jalr	x0,0(x1)	  x1:0x00101480  x0=0x00000000
          11780	      5886	00101480	690bad03	lw	x26,1680(x23)	 x23:0x00101000 x26=0x00000007 PA:0x00101690 store:0x00000009
          11784	      5888	00101484	a08a2623	sw	x8,-1524(x20)	 x20:0x00102000  x8:0x00000047 PA:0x00101a0c store:0x00000047 load:0x00000007
          11786	      5889	00101488	001023b7	lui	x7,0x102	  x7=0x00102000
          11790	      5891	0010148c	a1a9a423	sw	x26,-1528(x19)	 x19:0x00102000 x26:0x00000007 PA:0x00101a08 store:0x00000007 load:0x00000007
          11794	      5893	00101490	a0ca2783	lw	x15,-1524(x20)	 x20:0x00102000 x15=0x00000047 PA:0x00101a0c store:0x00000009
          11798	      5895	00101494	a089a703	lw	x14,-1528(x19)	 x19:0x00102000 x14=0x00000007 PA:0x00101a08 store:0x00000047
          11806	      5899	00101498	8a438513	addi	x10,x7,-1884	  x7:0x00102000 x10=0x001018a4
          11808	      5900	0010149c	28e785d3	fmin.s	f11,f15,f14	 f15:0x00000047 f14:0x00000007 f11=0x00000007
          11810	      5901	001014a0	9ebaa423	sw	x11,-1560(x21)	 x21:0x00102000 x11:0x00000007 PA:0x001019e8 store:0x00000007 load:0x00000007
          11812	      5902	001014a4	bfdfe0ef	jal	x1,1000a0	  x1=0x001014a8
          11816	      5904	001000a0	00054803	lbu	x16,0(x10)	 x10:0x001018a4 x16=0x0000000a PA:0x001018a4 store:0x00000000
          11818	      5905	001000a4	06080663	beq	x16,x0,100110	 x16:0x0000000a  x0:0x00000000
          11820	      5906	001000a8	000207b7	lui	x15,0x20	 x15=0x00020000
          11824	      5908	001000ac	0107a023	sw	x16,0(x15)	 x15:0x00020000 x16:0x0000000a PA:0x00020000 store:0x0000000a load:0x00000000
          11828	      5910	001000b0	00154703	lbu	x14,1(x10)	 x10:0x001018a4 x14=0x00000020 PA:0x001018a5 store:0x001014a8
          11830	      5911	001000b4	04070e63	beq	x14,x0,100110	 x14:0x00000020  x0:0x00000000
          11834	      5913	001000b8	00e7a023	sw	x14,0(x15)	 x15:0x00020000 x14:0x00000020 PA:0x00020000 store:0x00000020 load:0x00000000
          11838	      5915	001000bc	00254283	lbu	x5,2(x10)	 x10:0x001018a4  x5=0x0000004d PA:0x001018a6 store:0x00137fd0
          11840	      5916	001000c0	04028863	beq	x5,x0,100110	  x5:0x0000004d  x0:0x00000000
          11844	      5918	001000c4	0057a023	sw	x5,0(x15)	 x15:0x00020000  x5:0x0000004d PA:0x00020000 store:0x0000004d load:0x00000000
          11848	      5920	001000c8	00354303	lbu	x6,3(x10)	 x10:0x001018a4  x6=0x00000069 PA:0x001018a7 store:0x00000000
          11850	      5921	001000cc	04030263	beq	x6,x0,100110	  x6:0x00000069  x0:0x00000000
          11854	      5923	001000d0	0067a023	sw	x6,0(x15)	 x15:0x00020000  x6:0x00000069 PA:0x00020000 store:0x00000069 load:0x00000000
          11858	      5925	001000d4	00454383	lbu	x7,4(x10)	 x10:0x001018a4  x7=0x0000006e PA:0x001018a8 store:0x00000000
          11860	      5926	001000d8	02038c63	beq	x7,x0,100110	  x7:0x0000006e  x0:0x00000000
          11864	      5928	001000dc	0077a023	sw	x7,0(x15)	 x15:0x00020000  x7:0x0000006e PA:0x00020000 store:0x0000006e load:0x00000000
          11868	      5930	001000e0	00554583	lbu	x11,5(x10)	 x10:0x001018a4 x11=0x00000028 PA:0x001018a9 store:0x0000004d
          11870	      5931	001000e4	02058663	beq	x11,x0,100110	 x11:0x00000028  x0:0x00000000
          11874	      5933	001000e8	00b7a023	sw	x11,0(x15)	 x15:0x00020000 x11:0x00000028 PA:0x00020000 store:0x00000028 load:0x00000000
          11878	      5935	001000ec	00654603	lbu	x12,6(x10)	 x10:0x001018a4 x12=0x00000031 PA:0x001018aa store:0x00000069
          11880	      5936	001000f0	02060063	beq	x12,x0,100110	 x12:0x00000031  x0:0x00000000
          11884	      5938	001000f4	00c7a023	sw	x12,0(x15)	 x15:0x00020000 x12:0x00000031 PA:0x00020000 store:0x00000031 load:0x00000000
          11888	      5940	001000f8	00754683	lbu	x13,7(x10)	 x10:0x001018a4 x13=0x0000002e PA:0x001018ab store:0x0000006e
          11890	      5941	001000fc	00850513	addi	x10,x10,8	 x10:0x001018a4 x10=0x001018ac
          11892	      5942	00100100	00068863	beq	x13,x0,100110	 x13:0x0000002e  x0:0x00000000
          11896	      5944	00100104	00d7a023	sw	x13,0(x15)	 x15:0x00020000 x13:0x0000002e PA:0x00020000 store:0x0000002e load:0x00000000
          11900	      5946	00100108	00054803	lbu	x16,0(x10)	 x10:0x001018ac x16=0x00000030 PA:0x001018ac store:0x00000000
          11904	      5948	0010010c	fa0810e3	bne	x16,x0,1000ac	 x16:0x00000030  x0:0x00000000
          11910	      5951	001000ac	0107a023	sw	x16,0(x15)	 x15:0x00020000 x16:0x00000030 PA:0x00020000 store:0x00000030 load:0x00000000
          11914	      5953	001000b0	00154703	lbu	x14,1(x10)	 x10:0x001018ac x14=0x00000065 PA:0x001018ad store:0x001014a8
          11916	      5954	001000b4	04070e63	beq	x14,x0,100110	 x14:0x00000065  x0:0x00000000
          11920	      5956	001000b8	00e7a023	sw	x14,0(x15)	 x15:0x00020000 x14:0x00000065 PA:0x00020000 store:0x00000065 load:0x00000000
          11924	      5958	001000bc	00254283	lbu	x5,2(x10)	 x10:0x001018ac  x5=0x0000002d PA:0x001018ae store:0x00137fd0
          11926	      5959	001000c0	04028863	beq	x5,x0,100110	  x5:0x0000002d  x0:0x00000000
          11930	      5961	001000c4	0057a023	sw	x5,0(x15)	 x15:0x00020000  x5:0x0000002d PA:0x00020000 store:0x0000002d load:0x00000000
          11934	      5963	001000c8	00354303	lbu	x6,3(x10)	 x10:0x001018ac  x6=0x00000034 PA:0x001018af store:0x00000000
          11936	      5964	001000cc	04030263	beq	x6,x0,100110	  x6:0x00000034  x0:0x00000000
          11940	      5966	001000d0	0067a023	sw	x6,0(x15)	 x15:0x00020000  x6:0x00000034 PA:0x00020000 store:0x00000034 load:0x00000000
          11944	      5968	001000d4	00454383	lbu	x7,4(x10)	 x10:0x001018ac  x7=0x00000033 PA:0x001018b0 store:0x00000000
          11946	      5969	001000d8	02038c63	beq	x7,x0,100110	  x7:0x00000033  x0:0x00000000
          11950	      5971	001000dc	0077a023	sw	x7,0(x15)	 x15:0x00020000  x7:0x00000033 PA:0x00020000 store:0x00000033 load:0x00000000
          11954	      5973	001000e0	00554583	lbu	x11,5(x10)	 x10:0x001018ac x11=0x0000002c PA:0x001018b1 store:0x0000002d
          11956	      5974	001000e4	02058663	beq	x11,x0,100110	 x11:0x0000002c  x0:0x00000000
          11960	      5976	001000e8	00b7a023	sw	x11,0(x15)	 x15:0x00020000 x11:0x0000002c PA:0x00020000 store:0x0000002c load:0x00000000
          11964	      5978	001000ec	00654603	lbu	x12,6(x10)	 x10:0x001018ac x12=0x00000020 PA:0x001018b2 store:0x00000034
          11966	      5979	001000f0	02060063	beq	x12,x0,100110	 x12:0x00000020  x0:0x00000000
          11970	      5981	001000f4	00c7a023	sw	x12,0(x15)	 x15:0x00020000 x12:0x00000020 PA:0x00020000 store:0x00000020 load:0x00000000
          11974	      5983	001000f8	00754683	lbu	x13,7(x10)	 x10:0x001018ac x13=0x00000031 PA:0x001018b3 store:0x00000033
          11976	      5984	001000fc	00850513	addi	x10,x10,8	 x10:0x001018ac x10=0x001018b4
          11978	      5985	00100100	00068863	beq	x13,x0,100110	 x13:0x00000031  x0:0x00000000
          11982	      5987	00100104	00d7a023	sw	x13,0(x15)	 x15:0x00020000 x13:0x00000031 PA:0x00020000 store:0x00000031 load:0x00000000
          11986	      5989	00100108	00054803	lbu	x16,0(x10)	 x10:0x001018b4 x16=0x0000002e PA:0x001018b4 store:0x00000000
          11990	      5991	0010010c	fa0810e3	bne	x16,x0,1000ac	 x16:0x0000002e  x0:0x00000000
          11996	      5994	001000ac	0107a023	sw	x16,0(x15)	 x15:0x00020000 x16:0x0000002e PA:0x00020000 store:0x0000002e load:0x00000000
          12000	      5996	001000b0	00154703	lbu	x14,1(x10)	 x10:0x001018b4 x14=0x00000030 PA:0x001018b5 store:0x001014a8
          12002	      5997	001000b4	04070e63	beq	x14,x0,100110	 x14:0x00000030  x0:0x00000000
          12006	      5999	001000b8	00e7a023	sw	x14,0(x15)	 x15:0x00020000 x14:0x00000030 PA:0x00020000 store:0x00000030 load:0x00000000
          12010	      6001	001000bc	00254283	lbu	x5,2(x10)	 x10:0x001018b4  x5=0x00000065 PA:0x001018b6 store:0x00137fd0
          12012	      6002	001000c0	04028863	beq	x5,x0,100110	  x5:0x00000065  x0:0x00000000
          12016	      6004	001000c4	0057a023	sw	x5,0(x15)	 x15:0x00020000  x5:0x00000065 PA:0x00020000 store:0x00000065 load:0x00000000
          12020	      6006	001000c8	00354303	lbu	x6,3(x10)	 x10:0x001018b4  x6=0x0000002d PA:0x001018b7 store:0x00000000
          12022	      6007	001000cc	04030263	beq	x6,x0,100110	  x6:0x0000002d  x0:0x00000000
          12026	      6009	001000d0	0067a023	sw	x6,0(x15)	 x15:0x00020000  x6:0x0000002d PA:0x00020000 store:0x0000002d load:0x00000000
          12030	      6011	001000d4	00454383	lbu	x7,4(x10)	 x10:0x001018b4  x7=0x00000034 PA:0x001018b8 store:0x00000000
          12032	      6012	001000d8	02038c63	beq	x7,x0,100110	  x7:0x00000034  x0:0x00000000
          12036	      6014	001000dc	0077a023	sw	x7,0(x15)	 x15:0x00020000  x7:0x00000034 PA:0x00020000 store:0x00000034 load:0x00000000
          12040	      6016	001000e0	00554583	lbu	x11,5(x10)	 x10:0x001018b4 x11=0x00000034 PA:0x001018b9 store:0x00000065
          12042	      6017	001000e4	02058663	beq	x11,x0,100110	 x11:0x00000034  x0:0x00000000
          12046	      6019	001000e8	00b7a023	sw	x11,0(x15)	 x15:0x00020000 x11:0x00000034 PA:0x00020000 store:0x00000034 load:0x00000000
          12050	      6021	001000ec	00654603	lbu	x12,6(x10)	 x10:0x001018b4 x12=0x00000029 PA:0x001018ba store:0x0000002d
          12052	      6022	001000f0	02060063	beq	x12,x0,100110	 x12:0x00000029  x0:0x00000000
          12056	      6024	001000f4	00c7a023	sw	x12,0(x15)	 x15:0x00020000 x12:0x00000029 PA:0x00020000 store:0x00000029 load:0x00000000
          12060	      6026	001000f8	00754683	lbu	x13,7(x10)	 x10:0x001018b4 x13=0x0000002c PA:0x001018bb store:0x00000034
          12062	      6027	001000fc	00850513	addi	x10,x10,8	 x10:0x001018b4 x10=0x001018bc
          12064	      6028	00100100	00068863	beq	x13,x0,100110	 x13:0x0000002c  x0:0x00000000
          12068	      6030	00100104	00d7a023	sw	x13,0(x15)	 x15:0x00020000 x13:0x0000002c PA:0x00020000 store:0x0000002c load:0x00000000
          12072	      6032	00100108	00054803	lbu	x16,0(x10)	 x10:0x001018bc x16=0x00000020 PA:0x001018bc store:0x00000000
          12076	      6034	0010010c	fa0810e3	bne	x16,x0,1000ac	 x16:0x00000020  x0:0x00000000
          12082	      6037	001000ac	0107a023	sw	x16,0(x15)	 x15:0x00020000 x16:0x00000020 PA:0x00020000 store:0x00000020 load:0x00000000
          12086	      6039	001000b0	00154703	lbu	x14,1(x10)	 x10:0x001018bc x14=0x00000065 PA:0x001018bd store:0x001014a8
          12088	      6040	001000b4	04070e63	beq	x14,x0,100110	 x14:0x00000065  x0:0x00000000
          12092	      6042	001000b8	00e7a023	sw	x14,0(x15)	 x15:0x00020000 x14:0x00000065 PA:0x00020000 store:0x00000065 load:0x00000000
          12096	      6044	001000bc	00254283	lbu	x5,2(x10)	 x10:0x001018bc  x5=0x00000078 PA:0x001018be store:0x00137fd0
          12098	      6045	001000c0	04028863	beq	x5,x0,100110	  x5:0x00000078  x0:0x00000000
          12102	      6047	001000c4	0057a023	sw	x5,0(x15)	 x15:0x00020000  x5:0x00000078 PA:0x00020000 store:0x00000078 load:0x00000000
          12106	      6049	001000c8	00354303	lbu	x6,3(x10)	 x10:0x001018bc  x6=0x00000070 PA:0x001018bf store:0x00000000
          12108	      6050	001000cc	04030263	beq	x6,x0,100110	  x6:0x00000070  x0:0x00000000
          12112	      6052	001000d0	0067a023	sw	x6,0(x15)	 x15:0x00020000  x6:0x00000070 PA:0x00020000 store:0x00000070 load:0x00000000
          12116	      6054	001000d4	00454383	lbu	x7,4(x10)	 x10:0x001018bc  x7=0x00000065 PA:0x001018c0 store:0x00000000
          12118	      6055	001000d8	02038c63	beq	x7,x0,100110	  x7:0x00000065  x0:0x00000000
          12122	      6057	001000dc	0077a023	sw	x7,0(x15)	 x15:0x00020000  x7:0x00000065 PA:0x00020000 store:0x00000065 load:0x00000000
          12126	      6059	001000e0	00554583	lbu	x11,5(x10)	 x10:0x001018bc x11=0x00000063 PA:0x001018c1 store:0x00000078
          12128	      6060	001000e4	02058663	beq	x11,x0,100110	 x11:0x00000063  x0:0x00000000
          12132	      6062	001000e8	00b7a023	sw	x11,0(x15)	 x15:0x00020000 x11:0x00000063 PA:0x00020000 store:0x00000063 load:0x00000000
          12136	      6064	001000ec	00654603	lbu	x12,6(x10)	 x10:0x001018bc x12=0x00000074 PA:0x001018c2 store:0x00000070
          12138	      6065	001000f0	02060063	beq	x12,x0,100110	 x12:0x00000074  x0:0x00000000
          12142	      6067	001000f4	00c7a023	sw	x12,0(x15)	 x15:0x00020000 x12:0x00000074 PA:0x00020000 store:0x00000074 load:0x00000000
          12146	      6069	001000f8	00754683	lbu	x13,7(x10)	 x10:0x001018bc x13=0x00000069 PA:0x001018c3 store:0x00000065
          12148	      6070	001000fc	00850513	addi	x10,x10,8	 x10:0x001018bc x10=0x001018c4
          12150	      6071	00100100	00068863	beq	x13,x0,100110	 x13:0x00000069  x0:0x00000000
          12154	      6073	00100104	00d7a023	sw	x13,0(x15)	 x15:0x00020000 x13:0x00000069 PA:0x00020000 store:0x00000069 load:0x00000000
          12158	      6075	00100108	00054803	lbu	x16,0(x10)	 x10:0x001018c4 x16=0x0000006e PA:0x001018c4 store:0x00000000
          12162	      6077	0010010c	fa0810e3	bne	x16,x0,1000ac	 x16:0x0000006e  x0:0x00000000
          12168	      6080	001000ac	0107a023	sw	x16,0(x15)	 x15:0x00020000 x16:0x0000006e PA:0x00020000 store:0x0000006e load:0x00000000
          12172	      6082	001000b0	00154703	lbu	x14,1(x10)	 x10:0x001018c4 x14=0x00000067 PA:0x001018c5 store:0x001014a8
          12174	      6083	001000b4	04070e63	beq	x14,x0,100110	 x14:0x00000067  x0:0x00000000
          12178	      6085	001000b8	00e7a023	sw	x14,0(x15)	 x15:0x00020000 x14:0x00000067 PA:0x00020000 store:0x00000067 load:0x00000000
          12182	      6087	001000bc	00254283	lbu	x5,2(x10)	 x10:0x001018c4  x5=0x0000003a PA:0x001018c6 store:0x00137fd0
          12184	      6088	001000c0	04028863	beq	x5,x0,100110	  x5:0x0000003a  x0:0x00000000
          12188	      6090	001000c4	0057a023	sw	x5,0(x15)	 x15:0x00020000  x5:0x0000003a PA:0x00020000 store:0x0000003a load:0x00000000
          12192	      6092	001000c8	00354303	lbu	x6,3(x10)	 x10:0x001018c4  x6=0x00000020 PA:0x001018c7 store:0x00000000
          12194	      6093	001000cc	04030263	beq	x6,x0,100110	  x6:0x00000020  x0:0x00000000
          12198	      6095	001000d0	0067a023	sw	x6,0(x15)	 x15:0x00020000  x6:0x00000020 PA:0x00020000 store:0x00000020 load:0x00000000
          12202	      6097	001000d4	00454383	lbu	x7,4(x10)	 x10:0x001018c4  x7=0x00000030 PA:0x001018c8 store:0x00000000
          12204	      6098	001000d8	02038c63	beq	x7,x0,100110	  x7:0x00000030  x0:0x00000000
          12208	      6100	001000dc	0077a023	sw	x7,0(x15)	 x15:0x00020000  x7:0x00000030 PA:0x00020000 store:0x00000030 load:0x00000000
          12212	      6102	001000e0	00554583	lbu	x11,5(x10)	 x10:0x001018c4 x11=0x00000078 PA:0x001018c9 store:0x0000003a
          12214	      6103	001000e4	02058663	beq	x11,x0,100110	 x11:0x00000078  x0:0x00000000
          12218	      6105	001000e8	00b7a023	sw	x11,0(x15)	 x15:0x00020000 x11:0x00000078 PA:0x00020000 store:0x00000078 load:0x00000000
          12222	      6107	001000ec	00654603	lbu	x12,6(x10)	 x10:0x001018c4 x12=0x00000030 PA:0x001018ca store:0x00000020
          12224	      6108	001000f0	02060063	beq	x12,x0,100110	 x12:0x00000030  x0:0x00000000
          12228	      6110	001000f4	00c7a023	sw	x12,0(x15)	 x15:0x00020000 x12:0x00000030 PA:0x00020000 store:0x00000030 load:0x00000000
          12232	      6112	001000f8	00754683	lbu	x13,7(x10)	 x10:0x001018c4 x13=0x00000030 PA:0x001018cb store:0x00000030
          12234	      6113	001000fc	00850513	addi	x10,x10,8	 x10:0x001018c4 x10=0x001018cc
          12236	      6114	00100100	00068863	beq	x13,x0,100110	 x13:0x00000030  x0:0x00000000
          12240	      6116	00100104	00d7a023	sw	x13,0(x15)	 x15:0x00020000 x13:0x00000030 PA:0x00020000 store:0x00000030 load:0x00000000
          12244	      6118	00100108	00054803	lbu	x16,0(x10)	 x10:0x001018cc x16=0x00000030 PA:0x001018cc store:0x00000000
          12248	      6120	0010010c	fa0810e3	bne	x16,x0,1000ac	 x16:0x00000030  x0:0x00000000
          12254	      6123	001000ac	0107a023	sw	x16,0(x15)	 x15:0x00020000 x16:0x00000030 PA:0x00020000 store:0x00000030 load:0x00000000
          12258	      6125	001000b0	00154703	lbu	x14,1(x10)	 x10:0x001018cc x14=0x00000030 PA:0x001018cd store:0x001014a8
          12260	      6126	001000b4	04070e63	beq	x14,x0,100110	 x14:0x00000030  x0:0x00000000
          12264	      6128	001000b8	00e7a023	sw	x14,0(x15)	 x15:0x00020000 x14:0x00000030 PA:0x00020000 store:0x00000030 load:0x00000000
          12268	      6130	001000bc	00254283	lbu	x5,2(x10)	 x10:0x001018cc  x5=0x00000030 PA:0x001018ce store:0x00137fd0
          12270	      6131	001000c0	04028863	beq	x5,x0,100110	  x5:0x00000030  x0:0x00000000
          12274	      6133	001000c4	0057a023	sw	x5,0(x15)	 x15:0x00020000  x5:0x00000030 PA:0x00020000 store:0x00000030 load:0x00000000
          12278	      6135	001000c8	00354303	lbu	x6,3(x10)	 x10:0x001018cc  x6=0x00000030 PA:0x001018cf store:0x00000000
          12280	      6136	001000cc	04030263	beq	x6,x0,100110	  x6:0x00000030  x0:0x00000000
          12284	      6138	001000d0	0067a023	sw	x6,0(x15)	 x15:0x00020000  x6:0x00000030 PA:0x00020000 store:0x00000030 load:0x00000000
          12288	      6140	001000d4	00454383	lbu	x7,4(x10)	 x10:0x001018cc  x7=0x00000037 PA:0x001018d0 store:0x00000000
          12290	      6141	001000d8	02038c63	beq	x7,x0,100110	  x7:0x00000037  x0:0x00000000
          12294	      6143	001000dc	0077a023	sw	x7,0(x15)	 x15:0x00020000  x7:0x00000037 PA:0x00020000 store:0x00000037 load:0x00000000
          12298	      6145	001000e0	00554583	lbu	x11,5(x10)	 x10:0x001018cc x11=0x0000003a PA:0x001018d1 store:0x00000030
          12300	      6146	001000e4	02058663	beq	x11,x0,100110	 x11:0x0000003a  x0:0x00000000
          12304	      6148	001000e8	00b7a023	sw	x11,0(x15)	 x15:0x00020000 x11:0x0000003a PA:0x00020000 store:0x0000003a load:0x00000000
          12308	      6150	001000ec	00654603	lbu	x12,6(x10)	 x10:0x001018cc x12=0x00000020 PA:0x001018d2 store:0x00000030
          12310	      6151	001000f0	02060063	beq	x12,x0,100110	 x12:0x00000020  x0:0x00000000
          12314	      6153	001000f4	00c7a023	sw	x12,0(x15)	 x15:0x00020000 x12:0x00000020 PA:0x00020000 store:0x00000020 load:0x00000000
          12318	      6155	001000f8	00754683	lbu	x13,7(x10)	 x10:0x001018cc x13=0x00000000 PA:0x001018d3 store:0x00000037
          12320	      6156	001000fc	00850513	addi	x10,x10,8	 x10:0x001018cc x10=0x001018d4
          12324	      6158	00100100	00068863	beq	x13,x0,100110	 x13:0x00000000  x0:0x00000000
          12328	      6160	00100110	00000513	addi	x10,x0,0	  x0:0x00000000 x10=0x00000000
          12332	      6162	00100114	00008067	jalr	x0,0(x1)	  x1:0x001014a8  x0=0x00000000
          12336	      6164	001014a8	9e0c2503	lw	x10,-1568(x24)	 x24:0x00102000 x10=0x00000200 PA:0x001019e0 store:0x00000000
          12340	      6166	001014ac	c75fe0ef	jal	x1,100120	  x1=0x001014b0
          12342	      6167	00100120	01c55793	srli	x15,x10,0x1c	 x10:0x00000200 x15=0x00000000
          12344	      6168	00100124	00900713	addi	x14,x0,9	  x0:0x00000000 x14=0x00000009
          12348	      6170	00100128	0cf77a63	bgeu	x14,x15,1001fc	 x14:0x00000009 x15:0x00000000
          12352	      6172	001001fc	03078393	addi	x7,x15,48	 x15:0x00000000  x7=0x00000030
          12354	      6173	00100200	000205b7	lui	x11,0x20	 x11=0x00020000
          12356	      6174	00100204	00451613	slli	x12,x10,0x4	 x10:0x00000200 x12=0x00002000
          12360	      6176	00100208	0075a023	sw	x7,0(x11)	 x11:0x00020000  x7:0x00000030 PA:0x00020000 store:0x00000030 load:0x00000000
          12362	      6177	0010020c	01c65693	srli	x13,x12,0x1c	 x12:0x00002000 x13=0x00000000
          12364	      6178	00100210	00900813	addi	x16,x0,9	  x0:0x00000000 x16=0x00000009
          12366	      6179	00100214	f2d86ae3	bltu	x16,x13,100148	 x16:0x00000009 x13:0x00000000
          12368	      6180	00100218	03068e93	addi	x29,x13,48	 x13:0x00000000 x29=0x00000030
          12370	      6181	0010021c	00020f37	lui	x30,0x20	 x30=0x00020000
          12372	      6182	00100220	00851f93	slli	x31,x10,0x8	 x10:0x00000200 x31=0x00020000
          12376	      6184	00100224	01df2023	sw	x29,0(x30)	 x30:0x00020000 x29:0x00000030 PA:0x00020000 store:0x00000030 load:0x00000000
          12378	      6185	00100228	01cfd793	srli	x15,x31,0x1c	 x31:0x00020000 x15=0x00000000
          12380	      6186	0010022c	00900713	addi	x14,x0,9	  x0:0x00000000 x14=0x00000009
          12382	      6187	00100230	f2f76ae3	bltu	x14,x15,100164	 x14:0x00000009 x15:0x00000000
          12384	      6188	00100234	03078393	addi	x7,x15,48	 x15:0x00000000  x7=0x00000030
          12386	      6189	00100238	000205b7	lui	x11,0x20	 x11=0x00020000
          12388	      6190	0010023c	00c51613	slli	x12,x10,0xc	 x10:0x00000200 x12=0x00200000
          12392	      6192	00100240	0075a023	sw	x7,0(x11)	 x11:0x00020000  x7:0x00000030 PA:0x00020000 store:0x00000030 load:0x00000000
          12394	      6193	00100244	01c65693	srli	x13,x12,0x1c	 x12:0x00200000 x13=0x00000000
          12396	      6194	00100248	00900813	addi	x16,x0,9	  x0:0x00000000 x16=0x00000009
          12398	      6195	0010024c	f2d86ae3	bltu	x16,x13,100180	 x16:0x00000009 x13:0x00000000
          12400	      6196	00100250	03068e93	addi	x29,x13,48	 x13:0x00000000 x29=0x00000030
          12402	      6197	00100254	00020f37	lui	x30,0x20	 x30=0x00020000
          12404	      6198	00100258	01051f93	slli	x31,x10,0x10	 x10:0x00000200 x31=0x02000000
          12408	      6200	0010025c	01df2023	sw	x29,0(x30)	 x30:0x00020000 x29:0x00000030 PA:0x00020000 store:0x00000030 load:0x00000000
          12410	      6201	00100260	01cfd793	srli	x15,x31,0x1c	 x31:0x02000000 x15=0x00000000
          12412	      6202	00100264	00900713	addi	x14,x0,9	  x0:0x00000000 x14=0x00000009
          12414	      6203	00100268	f2f76ae3	bltu	x14,x15,10019c	 x14:0x00000009 x15:0x00000000
          12416	      6204	0010026c	03078393	addi	x7,x15,48	 x15:0x00000000  x7=0x00000030
          12418	      6205	00100270	000205b7	lui	x11,0x20	 x11=0x00020000
          12420	      6206	00100274	01451613	slli	x12,x10,0x14	 x10:0x00000200 x12=0x20000000
          12424	      6208	00100278	0075a023	sw	x7,0(x11)	 x11:0x00020000  x7:0x00000030 PA:0x00020000 store:0x00000030 load:0x00000000
          12426	      6209	0010027c	01c65693	srli	x13,x12,0x1c	 x12:0x20000000 x13=0x00000002
          12428	      6210	00100280	00900813	addi	x16,x0,9	  x0:0x00000000 x16=0x00000009
          12430	      6211	00100284	f2d86ae3	bltu	x16,x13,1001b8	 x16:0x00000009 x13:0x00000002
          12432	      6212	00100288	03068e93	addi	x29,x13,48	 x13:0x00000002 x29=0x00000032
          12434	      6213	0010028c	00020f37	lui	x30,0x20	 x30=0x00020000
          12436	      6214	00100290	01851f93	slli	x31,x10,0x18	 x10:0x00000200 x31=0x00000000
          12440	      6216	00100294	01df2023	sw	x29,0(x30)	 x30:0x00020000 x29:0x00000032 PA:0x00020000 store:0x00000032 load:0x00000000
          12442	      6217	00100298	01cfd793	srli	x15,x31,0x1c	 x31:0x00000000 x15=0x00000000
          12444	      6218	0010029c	00900713	addi	x14,x0,9	  x0:0x00000000 x14=0x00000009
          12446	      6219	001002a0	f2f76ae3	bltu	x14,x15,1001d4	 x14:0x00000009 x15:0x00000000
          12448	      6220	001002a4	03078393	addi	x7,x15,48	 x15:0x00000000  x7=0x00000030
          12450	      6221	001002a8	000205b7	lui	x11,0x20	 x11=0x00020000
          12454	      6223	001002ac	0075a023	sw	x7,0(x11)	 x11:0x00020000  x7:0x00000030 PA:0x00020000 store:0x00000030 load:0x00000000
          12456	      6224	001002b0	00f57513	andi	x10,x10,15	 x10:0x00000200 x10=0x00000000
          12458	      6225	001002b4	00900613	addi	x12,x0,9	  x0:0x00000000 x12=0x00000009
          12462	      6227	001002b8	f2a67ae3	bgeu	x12,x10,1001ec	 x12:0x00000009 x10:0x00000000
          12466	      6229	001001ec	03050893	addi	x17,x10,48	 x10:0x00000000 x17=0x00000030
          12468	      6230	001001f0	00020e37	lui	x28,0x20	 x28=0x00020000
          12472	      6232	001001f4	011e2023	sw	x17,0(x28)	 x28:0x00020000 x17:0x00000030 PA:0x00020000 store:0x00000030 load:0x00000000
          12476	      6234	001001f8	00008067	jalr	x0,0(x1)	  x1:0x001014b0  x0=0x00000000
          12478	      6235	001014b0	00101537	lui	x10,0x101	 x10=0x00101000
          12480	      6236	001014b4	001018b7	lui	x17,0x101	 x17=0x00101000
          12484	      6238	001014b8	69452b03	lw	x22,1684(x10)	 x10:0x00101000 x22=0x7f167699 PA:0x00101694 store:0x00102000
          12488	      6240	001014bc	6988a903	lw	x18,1688(x17)	 x17:0x00101000 x18=0x7f1dfc87 PA:0x00101698 store:0x00102000
          12490	      6241	001014c0	00102837	lui	x16,0x102	 x16=0x00102000
          12494	      6243	001014c4	a16a2623	sw	x22,-1524(x20)	 x20:0x00102000 x22:0x7f167699 PA:0x00101a0c store:0x7f167699 load:0x7f1dfc87
          12498	      6245	001014c8	a129a423	sw	x18,-1528(x19)	 x19:0x00102000 x18:0x7f1dfc87 PA:0x00101a08 store:0x7f1dfc87 load:0x7f1dfc87
          12502	      6247	001014cc	a0ca2603	lw	x12,-1524(x20)	 x20:0x00102000 x12=0x7f167699 PA:0x00101a0c store:0x00000009
          12506	      6249	001014d0	a089ae03	lw	x28,-1528(x19)	 x19:0x00102000 x28=0x7f1dfc87 PA:0x00101a08 store:0x00000047
          12514	      6253	001014d4	8d480513	addi	x10,x16,-1836	 x16:0x00102000 x10=0x001018d4
          12516	      6254	001014d8	29c60ed3	fmin.s	f29,f12,f28	 f12:0x7f167699 f28:0x7f1dfc87 f29=0x7f167699
          12518	      6255	001014dc	9fdaa423	sw	x29,-1560(x21)	 x21:0x00102000 x29:0x7f167699 PA:0x001019e8 store:0x7f167699 load:0x7f1dfc87
          12520	      6256	001014e0	bc1fe0ef	jal	x1,1000a0	  x1=0x001014e4
          12524	      6258	001000a0	00054803	lbu	x16,0(x10)	 x10:0x001018d4 x16=0x0000000a PA:0x001018d4 store:0x00000000
          12526	      6259	001000a4	06080663	beq	x16,x0,100110	 x16:0x0000000a  x0:0x00000000
          12528	      6260	001000a8	000207b7	lui	x15,0x20	 x15=0x00020000
          12532	      6262	001000ac	0107a023	sw	x16,0(x15)	 x15:0x00020000 x16:0x0000000a PA:0x00020000 store:0x0000000a load:0x00000000
          12536	      6264	001000b0	00154703	lbu	x14,1(x10)	 x10:0x001018d4 x14=0x00000020 PA:0x001018d5 store:0x001014e4
          12538	      6265	001000b4	04070e63	beq	x14,x0,100110	 x14:0x00000020  x0:0x00000000
          12542	      6267	001000b8	00e7a023	sw	x14,0(x15)	 x15:0x00020000 x14:0x00000020 PA:0x00020000 store:0x00000020 load:0x00000000
          12546	      6269	001000bc	00254283	lbu	x5,2(x10)	 x10:0x001018d4  x5=0x0000004d PA:0x001018d6 store:0x00137fd0
          12548	      6270	001000c0	04028863	beq	x5,x0,100110	  x5:0x0000004d  x0:0x00000000
          12552	      6272	001000c4	0057a023	sw	x5,0(x15)	 x15:0x00020000  x5:0x0000004d PA:0x00020000 store:0x0000004d load:0x00000000
          12556	      6274	001000c8	00354303	lbu	x6,3(x10)	 x10:0x001018d4  x6=0x00000069 PA:0x001018d7 store:0x00000000
          12558	      6275	001000cc	04030263	beq	x6,x0,100110	  x6:0x00000069  x0:0x00000000
          12562	      6277	001000d0	0067a023	sw	x6,0(x15)	 x15:0x00020000  x6:0x00000069 PA:0x00020000 store:0x00000069 load:0x00000000
          12566	      6279	001000d4	00454383	lbu	x7,4(x10)	 x10:0x001018d4  x7=0x0000006e PA:0x001018d8 store:0x00000000
          12568	      6280	001000d8	02038c63	beq	x7,x0,100110	  x7:0x0000006e  x0:0x00000000
          12572	      6282	001000dc	0077a023	sw	x7,0(x15)	 x15:0x00020000  x7:0x0000006e PA:0x00020000 store:0x0000006e load:0x00000000
          12576	      6284	001000e0	00554583	lbu	x11,5(x10)	 x10:0x001018d4 x11=0x00000028 PA:0x001018d9 store:0x0000004d
          12578	      6285	001000e4	02058663	beq	x11,x0,100110	 x11:0x00000028  x0:0x00000000
          12582	      6287	001000e8	00b7a023	sw	x11,0(x15)	 x15:0x00020000 x11:0x00000028 PA:0x00020000 store:0x00000028 load:0x00000000
          12586	      6289	001000ec	00654603	lbu	x12,6(x10)	 x10:0x001018d4 x12=0x00000032 PA:0x001018da store:0x00000069
          12588	      6290	001000f0	02060063	beq	x12,x0,100110	 x12:0x00000032  x0:0x00000000
          12592	      6292	001000f4	00c7a023	sw	x12,0(x15)	 x15:0x00020000 x12:0x00000032 PA:0x00020000 store:0x00000032 load:0x00000000
          12596	      6294	001000f8	00754683	lbu	x13,7(x10)	 x10:0x001018d4 x13=0x0000002e PA:0x001018db store:0x0000006e
          12598	      6295	001000fc	00850513	addi	x10,x10,8	 x10:0x001018d4 x10=0x001018dc
          12600	      6296	00100100	00068863	beq	x13,x0,100110	 x13:0x0000002e  x0:0x00000000
          12604	      6298	00100104	00d7a023	sw	x13,0(x15)	 x15:0x00020000 x13:0x0000002e PA:0x00020000 store:0x0000002e load:0x00000000
          12608	      6300	00100108	00054803	lbu	x16,0(x10)	 x10:0x001018dc x16=0x00000030 PA:0x001018dc store:0x00000000
          12612	      6302	0010010c	fa0810e3	bne	x16,x0,1000ac	 x16:0x00000030  x0:0x00000000
          12618	      6305	001000ac	0107a023	sw	x16,0(x15)	 x15:0x00020000 x16:0x00000030 PA:0x00020000 store:0x00000030 load:0x00000000
          12622	      6307	001000b0	00154703	lbu	x14,1(x10)	 x10:0x001018dc x14=0x00000065 PA:0x001018dd store:0x001014e4
          12624	      6308	001000b4	04070e63	beq	x14,x0,100110	 x14:0x00000065  x0:0x00000000
          12628	      6310	001000b8	00e7a023	sw	x14,0(x15)	 x15:0x00020000 x14:0x00000065 PA:0x00020000 store:0x00000065 load:0x00000000
          12632	      6312	001000bc	00254283	lbu	x5,2(x10)	 x10:0x001018dc  x5=0x00000033 PA:0x001018de store:0x00137fd0
          12634	      6313	001000c0	04028863	beq	x5,x0,100110	  x5:0x00000033  x0:0x00000000
          12638	      6315	001000c4	0057a023	sw	x5,0(x15)	 x15:0x00020000  x5:0x00000033 PA:0x00020000 store:0x00000033 load:0x00000000
          12642	      6317	001000c8	00354303	lbu	x6,3(x10)	 x10:0x001018dc  x6=0x00000038 PA:0x001018df store:0x00000000
          12644	      6318	001000cc	04030263	beq	x6,x0,100110	  x6:0x00000038  x0:0x00000000
          12648	      6320	001000d0	0067a023	sw	x6,0(x15)	 x15:0x00020000  x6:0x00000038 PA:0x00020000 store:0x00000038 load:0x00000000
          12652	      6322	001000d4	00454383	lbu	x7,4(x10)	 x10:0x001018dc  x7=0x00000066 PA:0x001018e0 store:0x00000000
          12654	      6323	001000d8	02038c63	beq	x7,x0,100110	  x7:0x00000066  x0:0x00000000
          12658	      6325	001000dc	0077a023	sw	x7,0(x15)	 x15:0x00020000  x7:0x00000066 PA:0x00020000 store:0x00000066 load:0x00000000
          12662	      6327	001000e0	00554583	lbu	x11,5(x10)	 x10:0x001018dc x11=0x0000002c PA:0x001018e1 store:0x00000033
          12664	      6328	001000e4	02058663	beq	x11,x0,100110	 x11:0x0000002c  x0:0x00000000
          12668	      6330	001000e8	00b7a023	sw	x11,0(x15)	 x15:0x00020000 x11:0x0000002c PA:0x00020000 store:0x0000002c load:0x00000000
          12672	      6332	001000ec	00654603	lbu	x12,6(x10)	 x10:0x001018dc x12=0x00000020 PA:0x001018e2 store:0x00000038
          12674	      6333	001000f0	02060063	beq	x12,x0,100110	 x12:0x00000020  x0:0x00000000
          12678	      6335	001000f4	00c7a023	sw	x12,0(x15)	 x15:0x00020000 x12:0x00000020 PA:0x00020000 store:0x00000020 load:0x00000000
          12682	      6337	001000f8	00754683	lbu	x13,7(x10)	 x10:0x001018dc x13=0x00000032 PA:0x001018e3 store:0x00000066
          12684	      6338	001000fc	00850513	addi	x10,x10,8	 x10:0x001018dc x10=0x001018e4
          12686	      6339	00100100	00068863	beq	x13,x0,100110	 x13:0x00000032  x0:0x00000000
          12690	      6341	00100104	00d7a023	sw	x13,0(x15)	 x15:0x00020000 x13:0x00000032 PA:0x00020000 store:0x00000032 load:0x00000000
          12694	      6343	00100108	00054803	lbu	x16,0(x10)	 x10:0x001018e4 x16=0x0000002e PA:0x001018e4 store:0x00000000
          12698	      6345	0010010c	fa0810e3	bne	x16,x0,1000ac	 x16:0x0000002e  x0:0x00000000
          12704	      6348	001000ac	0107a023	sw	x16,0(x15)	 x15:0x00020000 x16:0x0000002e PA:0x00020000 store:0x0000002e load:0x00000000
          12708	      6350	001000b0	00154703	lbu	x14,1(x10)	 x10:0x001018e4 x14=0x00000031 PA:0x001018e5 store:0x001014e4
          12710	      6351	001000b4	04070e63	beq	x14,x0,100110	 x14:0x00000031  x0:0x00000000
          12714	      6353	001000b8	00e7a023	sw	x14,0(x15)	 x15:0x00020000 x14:0x00000031 PA:0x00020000 store:0x00000031 load:0x00000000
          12718	      6355	001000bc	00254283	lbu	x5,2(x10)	 x10:0x001018e4  x5=0x00000065 PA:0x001018e6 store:0x00137fd0
          12720	      6356	001000c0	04028863	beq	x5,x0,100110	  x5:0x00000065  x0:0x00000000
          12724	      6358	001000c4	0057a023	sw	x5,0(x15)	 x15:0x00020000  x5:0x00000065 PA:0x00020000 store:0x00000065 load:0x00000000
          12728	      6360	001000c8	00354303	lbu	x6,3(x10)	 x10:0x001018e4  x6=0x00000033 PA:0x001018e7 store:0x00000000
          12730	      6361	001000cc	04030263	beq	x6,x0,100110	  x6:0x00000033  x0:0x00000000
          12734	      6363	001000d0	0067a023	sw	x6,0(x15)	 x15:0x00020000  x6:0x00000033 PA:0x00020000 store:0x00000033 load:0x00000000
          12738	      6365	001000d4	00454383	lbu	x7,4(x10)	 x10:0x001018e4  x7=0x00000038 PA:0x001018e8 store:0x00000000
          12740	      6366	001000d8	02038c63	beq	x7,x0,100110	  x7:0x00000038  x0:0x00000000
          12744	      6368	001000dc	0077a023	sw	x7,0(x15)	 x15:0x00020000  x7:0x00000038 PA:0x00020000 store:0x00000038 load:0x00000000
          12748	      6370	001000e0	00554583	lbu	x11,5(x10)	 x10:0x001018e4 x11=0x00000066 PA:0x001018e9 store:0x00000065
          12750	      6371	001000e4	02058663	beq	x11,x0,100110	 x11:0x00000066  x0:0x00000000
          12754	      6373	001000e8	00b7a023	sw	x11,0(x15)	 x15:0x00020000 x11:0x00000066 PA:0x00020000 store:0x00000066 load:0x00000000
          12758	      6375	001000ec	00654603	lbu	x12,6(x10)	 x10:0x001018e4 x12=0x00000029 PA:0x001018ea store:0x00000033
          12760	      6376	001000f0	02060063	beq	x12,x0,100110	 x12:0x00000029  x0:0x00000000
          12764	      6378	001000f4	00c7a023	sw	x12,0(x15)	 x15:0x00020000 x12:0x00000029 PA:0x00020000 store:0x00000029 load:0x00000000
          12768	      6380	001000f8	00754683	lbu	x13,7(x10)	 x10:0x001018e4 x13=0x0000002c PA:0x001018eb store:0x00000038
          12770	      6381	001000fc	00850513	addi	x10,x10,8	 x10:0x001018e4 x10=0x001018ec
          12772	      6382	00100100	00068863	beq	x13,x0,100110	 x13:0x0000002c  x0:0x00000000
          12776	      6384	00100104	00d7a023	sw	x13,0(x15)	 x15:0x00020000 x13:0x0000002c PA:0x00020000 store:0x0000002c load:0x00000000
          12780	      6386	00100108	00054803	lbu	x16,0(x10)	 x10:0x001018ec x16=0x00000020 PA:0x001018ec store:0x00000000
          12784	      6388	0010010c	fa0810e3	bne	x16,x0,1000ac	 x16:0x00000020  x0:0x00000000
          12790	      6391	001000ac	0107a023	sw	x16,0(x15)	 x15:0x00020000 x16:0x00000020 PA:0x00020000 store:0x00000020 load:0x00000000
          12794	      6393	001000b0	00154703	lbu	x14,1(x10)	 x10:0x001018ec x14=0x00000065 PA:0x001018ed store:0x001014e4
          12796	      6394	001000b4	04070e63	beq	x14,x0,100110	 x14:0x00000065  x0:0x00000000
          12800	      6396	001000b8	00e7a023	sw	x14,0(x15)	 x15:0x00020000 x14:0x00000065 PA:0x00020000 store:0x00000065 load:0x00000000
          12804	      6398	001000bc	00254283	lbu	x5,2(x10)	 x10:0x001018ec  x5=0x00000078 PA:0x001018ee store:0x00137fd0
          12806	      6399	001000c0	04028863	beq	x5,x0,100110	  x5:0x00000078  x0:0x00000000
          12810	      6401	001000c4	0057a023	sw	x5,0(x15)	 x15:0x00020000  x5:0x00000078 PA:0x00020000 store:0x00000078 load:0x00000000
          12814	      6403	001000c8	00354303	lbu	x6,3(x10)	 x10:0x001018ec  x6=0x00000070 PA:0x001018ef store:0x00000000
          12816	      6404	001000cc	04030263	beq	x6,x0,100110	  x6:0x00000070  x0:0x00000000
          12820	      6406	001000d0	0067a023	sw	x6,0(x15)	 x15:0x00020000  x6:0x00000070 PA:0x00020000 store:0x00000070 load:0x00000000
          12824	      6408	001000d4	00454383	lbu	x7,4(x10)	 x10:0x001018ec  x7=0x00000065 PA:0x001018f0 store:0x00000000
          12826	      6409	001000d8	02038c63	beq	x7,x0,100110	  x7:0x00000065  x0:0x00000000
          12830	      6411	001000dc	0077a023	sw	x7,0(x15)	 x15:0x00020000  x7:0x00000065 PA:0x00020000 store:0x00000065 load:0x00000000
          12834	      6413	001000e0	00554583	lbu	x11,5(x10)	 x10:0x001018ec x11=0x00000063 PA:0x001018f1 store:0x00000078
          12836	      6414	001000e4	02058663	beq	x11,x0,100110	 x11:0x00000063  x0:0x00000000
          12840	      6416	001000e8	00b7a023	sw	x11,0(x15)	 x15:0x00020000 x11:0x00000063 PA:0x00020000 store:0x00000063 load:0x00000000
          12844	      6418	001000ec	00654603	lbu	x12,6(x10)	 x10:0x001018ec x12=0x00000074 PA:0x001018f2 store:0x00000070
          12846	      6419	001000f0	02060063	beq	x12,x0,100110	 x12:0x00000074  x0:0x00000000
          12850	      6421	001000f4	00c7a023	sw	x12,0(x15)	 x15:0x00020000 x12:0x00000074 PA:0x00020000 store:0x00000074 load:0x00000000
          12854	      6423	001000f8	00754683	lbu	x13,7(x10)	 x10:0x001018ec x13=0x00000069 PA:0x001018f3 store:0x00000065
          12856	      6424	001000fc	00850513	addi	x10,x10,8	 x10:0x001018ec x10=0x001018f4
          12858	      6425	00100100	00068863	beq	x13,x0,100110	 x13:0x00000069  x0:0x00000000
          12862	      6427	00100104	00d7a023	sw	x13,0(x15)	 x15:0x00020000 x13:0x00000069 PA:0x00020000 store:0x00000069 load:0x00000000
          12866	      6429	00100108	00054803	lbu	x16,0(x10)	 x10:0x001018f4 x16=0x0000006e PA:0x001018f4 store:0x00000000
          12870	      6431	0010010c	fa0810e3	bne	x16,x0,1000ac	 x16:0x0000006e  x0:0x00000000
          12876	      6434	001000ac	0107a023	sw	x16,0(x15)	 x15:0x00020000 x16:0x0000006e PA:0x00020000 store:0x0000006e load:0x00000000
          12880	      6436	001000b0	00154703	lbu	x14,1(x10)	 x10:0x001018f4 x14=0x00000067 PA:0x001018f5 store:0x001014e4
          12882	      6437	001000b4	04070e63	beq	x14,x0,100110	 x14:0x00000067  x0:0x00000000
          12886	      6439	001000b8	00e7a023	sw	x14,0(x15)	 x15:0x00020000 x14:0x00000067 PA:0x00020000 store:0x00000067 load:0x00000000
          12890	      6441	001000bc	00254283	lbu	x5,2(x10)	 x10:0x001018f4  x5=0x0000003a PA:0x001018f6 store:0x00137fd0
          12892	      6442	001000c0	04028863	beq	x5,x0,100110	  x5:0x0000003a  x0:0x00000000
          12896	      6444	001000c4	0057a023	sw	x5,0(x15)	 x15:0x00020000  x5:0x0000003a PA:0x00020000 store:0x0000003a load:0x00000000
          12900	      6446	001000c8	00354303	lbu	x6,3(x10)	 x10:0x001018f4  x6=0x00000020 PA:0x001018f7 store:0x00000000
          12902	      6447	001000cc	04030263	beq	x6,x0,100110	  x6:0x00000020  x0:0x00000000
          12906	      6449	001000d0	0067a023	sw	x6,0(x15)	 x15:0x00020000  x6:0x00000020 PA:0x00020000 store:0x00000020 load:0x00000000
          12910	      6451	001000d4	00454383	lbu	x7,4(x10)	 x10:0x001018f4  x7=0x00000030 PA:0x001018f8 store:0x00000000
          12912	      6452	001000d8	02038c63	beq	x7,x0,100110	  x7:0x00000030  x0:0x00000000
          12916	      6454	001000dc	0077a023	sw	x7,0(x15)	 x15:0x00020000  x7:0x00000030 PA:0x00020000 store:0x00000030 load:0x00000000
          12920	      6456	001000e0	00554583	lbu	x11,5(x10)	 x10:0x001018f4 x11=0x00000078 PA:0x001018f9 store:0x0000003a
          12922	      6457	001000e4	02058663	beq	x11,x0,100110	 x11:0x00000078  x0:0x00000000
          12926	      6459	001000e8	00b7a023	sw	x11,0(x15)	 x15:0x00020000 x11:0x00000078 PA:0x00020000 store:0x00000078 load:0x00000000
          12930	      6461	001000ec	00654603	lbu	x12,6(x10)	 x10:0x001018f4 x12=0x00000037 PA:0x001018fa store:0x00000020
          12932	      6462	001000f0	02060063	beq	x12,x0,100110	 x12:0x00000037  x0:0x00000000
          12936	      6464	001000f4	00c7a023	sw	x12,0(x15)	 x15:0x00020000 x12:0x00000037 PA:0x00020000 store:0x00000037 load:0x00000000
          12940	      6466	001000f8	00754683	lbu	x13,7(x10)	 x10:0x001018f4 x13=0x00000066 PA:0x001018fb store:0x00000030
          12942	      6467	001000fc	00850513	addi	x10,x10,8	 x10:0x001018f4 x10=0x001018fc
          12944	      6468	00100100	00068863	beq	x13,x0,100110	 x13:0x00000066  x0:0x00000000
          12948	      6470	00100104	00d7a023	sw	x13,0(x15)	 x15:0x00020000 x13:0x00000066 PA:0x00020000 store:0x00000066 load:0x00000000
          12952	      6472	00100108	00054803	lbu	x16,0(x10)	 x10:0x001018fc x16=0x00000031 PA:0x001018fc store:0x00000000
          12956	      6474	0010010c	fa0810e3	bne	x16,x0,1000ac	 x16:0x00000031  x0:0x00000000
          12962	      6477	001000ac	0107a023	sw	x16,0(x15)	 x15:0x00020000 x16:0x00000031 PA:0x00020000 store:0x00000031 load:0x00000000
          12966	      6479	001000b0	00154703	lbu	x14,1(x10)	 x10:0x001018fc x14=0x00000036 PA:0x001018fd store:0x001014e4
          12968	      6480	001000b4	04070e63	beq	x14,x0,100110	 x14:0x00000036  x0:0x00000000
          12972	      6482	001000b8	00e7a023	sw	x14,0(x15)	 x15:0x00020000 x14:0x00000036 PA:0x00020000 store:0x00000036 load:0x00000000
          12976	      6484	001000bc	00254283	lbu	x5,2(x10)	 x10:0x001018fc  x5=0x00000037 PA:0x001018fe store:0x00137fd0
          12978	      6485	001000c0	04028863	beq	x5,x0,100110	  x5:0x00000037  x0:0x00000000
          12982	      6487	001000c4	0057a023	sw	x5,0(x15)	 x15:0x00020000  x5:0x00000037 PA:0x00020000 store:0x00000037 load:0x00000000
          12986	      6489	001000c8	00354303	lbu	x6,3(x10)	 x10:0x001018fc  x6=0x00000036 PA:0x001018ff store:0x00000000
          12988	      6490	001000cc	04030263	beq	x6,x0,100110	  x6:0x00000036  x0:0x00000000
          12992	      6492	001000d0	0067a023	sw	x6,0(x15)	 x15:0x00020000  x6:0x00000036 PA:0x00020000 store:0x00000036 load:0x00000000
          12996	      6494	001000d4	00454383	lbu	x7,4(x10)	 x10:0x001018fc  x7=0x00000039 PA:0x00101900 store:0x00000000
          12998	      6495	001000d8	02038c63	beq	x7,x0,100110	  x7:0x00000039  x0:0x00000000
          13002	      6497	001000dc	0077a023	sw	x7,0(x15)	 x15:0x00020000  x7:0x00000039 PA:0x00020000 store:0x00000039 load:0x00000000
          13006	      6499	001000e0	00554583	lbu	x11,5(x10)	 x10:0x001018fc x11=0x00000039 PA:0x00101901 store:0x00000037
          13008	      6500	001000e4	02058663	beq	x11,x0,100110	 x11:0x00000039  x0:0x00000000
          13012	      6502	001000e8	00b7a023	sw	x11,0(x15)	 x15:0x00020000 x11:0x00000039 PA:0x00020000 store:0x00000039 load:0x00000000
          13016	      6504	001000ec	00654603	lbu	x12,6(x10)	 x10:0x001018fc x12=0x0000003a PA:0x00101902 store:0x00000036
          13018	      6505	001000f0	02060063	beq	x12,x0,100110	 x12:0x0000003a  x0:0x00000000
          13022	      6507	001000f4	00c7a023	sw	x12,0(x15)	 x15:0x00020000 x12:0x0000003a PA:0x00020000 store:0x0000003a load:0x00000000
          13026	      6509	001000f8	00754683	lbu	x13,7(x10)	 x10:0x001018fc x13=0x00000020 PA:0x00101903 store:0x00000039
          13028	      6510	001000fc	00850513	addi	x10,x10,8	 x10:0x001018fc x10=0x00101904
          13030	      6511	00100100	00068863	beq	x13,x0,100110	 x13:0x00000020  x0:0x00000000
          13034	      6513	00100104	00d7a023	sw	x13,0(x15)	 x15:0x00020000 x13:0x00000020 PA:0x00020000 store:0x00000020 load:0x00000000
          13038	      6515	00100108	00054803	lbu	x16,0(x10)	 x10:0x00101904 x16=0x00000000 PA:0x00101904 store:0x00000000
          13040	      6516	0010010c	fa0810e3	bne	x16,x0,1000ac	 x16:0x00000000  x0:0x00000000
          13042	      6517	00100110	00000513	addi	x10,x0,0	  x0:0x00000000 x10=0x00000000
          13046	      6519	00100114	00008067	jalr	x0,0(x1)	  x1:0x001014e4  x0=0x00000000
          13050	      6521	001014e4	9e0c2503	lw	x10,-1568(x24)	 x24:0x00102000 x10=0x00000200 PA:0x001019e0 store:0x00000000
          13054	      6523	001014e8	c39fe0ef	jal	x1,100120	  x1=0x001014ec
          13056	      6524	00100120	01c55793	srli	x15,x10,0x1c	 x10:0x00000200 x15=0x00000000
          13058	      6525	00100124	00900713	addi	x14,x0,9	  x0:0x00000000 x14=0x00000009
          13062	      6527	00100128	0cf77a63	bgeu	x14,x15,1001fc	 x14:0x00000009 x15:0x00000000
          13066	      6529	001001fc	03078393	addi	x7,x15,48	 x15:0x00000000  x7=0x00000030
          13068	      6530	00100200	000205b7	lui	x11,0x20	 x11=0x00020000
          13070	      6531	00100204	00451613	slli	x12,x10,0x4	 x10:0x00000200 x12=0x00002000
          13074	      6533	00100208	0075a023	sw	x7,0(x11)	 x11:0x00020000  x7:0x00000030 PA:0x00020000 store:0x00000030 load:0x00000000
          13076	      6534	0010020c	01c65693	srli	x13,x12,0x1c	 x12:0x00002000 x13=0x00000000
          13078	      6535	00100210	00900813	addi	x16,x0,9	  x0:0x00000000 x16=0x00000009
          13080	      6536	00100214	f2d86ae3	bltu	x16,x13,100148	 x16:0x00000009 x13:0x00000000
          13082	      6537	00100218	03068e93	addi	x29,x13,48	 x13:0x00000000 x29=0x00000030
          13084	      6538	0010021c	00020f37	lui	x30,0x20	 x30=0x00020000
          13086	      6539	00100220	00851f93	slli	x31,x10,0x8	 x10:0x00000200 x31=0x00020000
          13090	      6541	00100224	01df2023	sw	x29,0(x30)	 x30:0x00020000 x29:0x00000030 PA:0x00020000 store:0x00000030 load:0x00000000
          13092	      6542	00100228	01cfd793	srli	x15,x31,0x1c	 x31:0x00020000 x15=0x00000000
          13094	      6543	0010022c	00900713	addi	x14,x0,9	  x0:0x00000000 x14=0x00000009
          13096	      6544	00100230	f2f76ae3	bltu	x14,x15,100164	 x14:0x00000009 x15:0x00000000
          13098	      6545	00100234	03078393	addi	x7,x15,48	 x15:0x00000000  x7=0x00000030
          13100	      6546	00100238	000205b7	lui	x11,0x20	 x11=0x00020000
          13102	      6547	0010023c	00c51613	slli	x12,x10,0xc	 x10:0x00000200 x12=0x00200000
          13106	      6549	00100240	0075a023	sw	x7,0(x11)	 x11:0x00020000  x7:0x00000030 PA:0x00020000 store:0x00000030 load:0x00000000
          13108	      6550	00100244	01c65693	srli	x13,x12,0x1c	 x12:0x00200000 x13=0x00000000
          13110	      6551	00100248	00900813	addi	x16,x0,9	  x0:0x00000000 x16=0x00000009
          13112	      6552	0010024c	f2d86ae3	bltu	x16,x13,100180	 x16:0x00000009 x13:0x00000000
          13114	      6553	00100250	03068e93	addi	x29,x13,48	 x13:0x00000000 x29=0x00000030
          13116	      6554	00100254	00020f37	lui	x30,0x20	 x30=0x00020000
          13118	      6555	00100258	01051f93	slli	x31,x10,0x10	 x10:0x00000200 x31=0x02000000
          13122	      6557	0010025c	01df2023	sw	x29,0(x30)	 x30:0x00020000 x29:0x00000030 PA:0x00020000 store:0x00000030 load:0x00000000
          13124	      6558	00100260	01cfd793	srli	x15,x31,0x1c	 x31:0x02000000 x15=0x00000000
          13126	      6559	00100264	00900713	addi	x14,x0,9	  x0:0x00000000 x14=0x00000009
          13128	      6560	00100268	f2f76ae3	bltu	x14,x15,10019c	 x14:0x00000009 x15:0x00000000
          13130	      6561	0010026c	03078393	addi	x7,x15,48	 x15:0x00000000  x7=0x00000030
          13132	      6562	00100270	000205b7	lui	x11,0x20	 x11=0x00020000
          13134	      6563	00100274	01451613	slli	x12,x10,0x14	 x10:0x00000200 x12=0x20000000
          13138	      6565	00100278	0075a023	sw	x7,0(x11)	 x11:0x00020000  x7:0x00000030 PA:0x00020000 store:0x00000030 load:0x00000000
          13140	      6566	0010027c	01c65693	srli	x13,x12,0x1c	 x12:0x20000000 x13=0x00000002
          13142	      6567	00100280	00900813	addi	x16,x0,9	  x0:0x00000000 x16=0x00000009
          13144	      6568	00100284	f2d86ae3	bltu	x16,x13,1001b8	 x16:0x00000009 x13:0x00000002
          13146	      6569	00100288	03068e93	addi	x29,x13,48	 x13:0x00000002 x29=0x00000032
          13148	      6570	0010028c	00020f37	lui	x30,0x20	 x30=0x00020000
          13150	      6571	00100290	01851f93	slli	x31,x10,0x18	 x10:0x00000200 x31=0x00000000
          13154	      6573	00100294	01df2023	sw	x29,0(x30)	 x30:0x00020000 x29:0x00000032 PA:0x00020000 store:0x00000032 load:0x00000000
          13156	      6574	00100298	01cfd793	srli	x15,x31,0x1c	 x31:0x00000000 x15=0x00000000
          13158	      6575	0010029c	00900713	addi	x14,x0,9	  x0:0x00000000 x14=0x00000009
          13160	      6576	001002a0	f2f76ae3	bltu	x14,x15,1001d4	 x14:0x00000009 x15:0x00000000
          13162	      6577	001002a4	03078393	addi	x7,x15,48	 x15:0x00000000  x7=0x00000030
          13164	      6578	001002a8	000205b7	lui	x11,0x20	 x11=0x00020000
          13168	      6580	001002ac	0075a023	sw	x7,0(x11)	 x11:0x00020000  x7:0x00000030 PA:0x00020000 store:0x00000030 load:0x00000000
          13170	      6581	001002b0	00f57513	andi	x10,x10,15	 x10:0x00000200 x10=0x00000000
          13172	      6582	001002b4	00900613	addi	x12,x0,9	  x0:0x00000000 x12=0x00000009
          13176	      6584	001002b8	f2a67ae3	bgeu	x12,x10,1001ec	 x12:0x00000009 x10:0x00000000
          13180	      6586	001001ec	03050893	addi	x17,x10,48	 x10:0x00000000 x17=0x00000030
          13182	      6587	001001f0	00020e37	lui	x28,0x20	 x28=0x00020000
          13186	      6589	001001f4	011e2023	sw	x17,0(x28)	 x28:0x00020000 x17:0x00000030 PA:0x00020000 store:0x00000030 load:0x00000000
          13190	      6591	001001f8	00008067	jalr	x0,0(x1)	  x1:0x001014ec  x0=0x00000000
          13192	      6592	001014ec	00102f37	lui	x30,0x102	 x30=0x00102000
          13194	      6593	001014f0	908f0513	addi	x10,x30,-1784	 x30:0x00102000 x10=0x00101908
          13198	      6595	001014f4	badfe0ef	jal	x1,1000a0	  x1=0x001014f8
          13202	      6597	001000a0	00054803	lbu	x16,0(x10)	 x10:0x00101908 x16=0x0000000a PA:0x00101908 store:0x00000000
          13204	      6598	001000a4	06080663	beq	x16,x0,100110	 x16:0x0000000a  x0:0x00000000
          13206	      6599	001000a8	000207b7	lui	x15,0x20	 x15=0x00020000
          13210	      6601	001000ac	0107a023	sw	x16,0(x15)	 x15:0x00020000 x16:0x0000000a PA:0x00020000 store:0x0000000a load:0x00000000
          13214	      6603	001000b0	00154703	lbu	x14,1(x10)	 x10:0x00101908 x14=0x0000000a PA:0x00101909 store:0x001014f8
          13216	      6604	001000b4	04070e63	beq	x14,x0,100110	 x14:0x0000000a  x0:0x00000000
          13220	      6606	001000b8	00e7a023	sw	x14,0(x15)	 x15:0x00020000 x14:0x0000000a PA:0x00020000 store:0x0000000a load:0x00000000
          13224	      6608	001000bc	00254283	lbu	x5,2(x10)	 x10:0x00101908  x5=0x00000054 PA:0x0010190a store:0x00137fd0
          13226	      6609	001000c0	04028863	beq	x5,x0,100110	  x5:0x00000054  x0:0x00000000
          13230	      6611	001000c4	0057a023	sw	x5,0(x15)	 x15:0x00020000  x5:0x00000054 PA:0x00020000 store:0x00000054 load:0x00000000
          13234	      6613	001000c8	00354303	lbu	x6,3(x10)	 x10:0x00101908  x6=0x00000065 PA:0x0010190b store:0x00000000
          13236	      6614	001000cc	04030263	beq	x6,x0,100110	  x6:0x00000065  x0:0x00000000
          13240	      6616	001000d0	0067a023	sw	x6,0(x15)	 x15:0x00020000  x6:0x00000065 PA:0x00020000 store:0x00000065 load:0x00000000
          13244	      6618	001000d4	00454383	lbu	x7,4(x10)	 x10:0x00101908  x7=0x00000073 PA:0x0010190c store:0x00000000
          13246	      6619	001000d8	02038c63	beq	x7,x0,100110	  x7:0x00000073  x0:0x00000000
          13250	      6621	001000dc	0077a023	sw	x7,0(x15)	 x15:0x00020000  x7:0x00000073 PA:0x00020000 store:0x00000073 load:0x00000000
          13254	      6623	001000e0	00554583	lbu	x11,5(x10)	 x10:0x00101908 x11=0x00000074 PA:0x0010190d store:0x00000054
          13256	      6624	001000e4	02058663	beq	x11,x0,100110	 x11:0x00000074  x0:0x00000000
          13260	      6626	001000e8	00b7a023	sw	x11,0(x15)	 x15:0x00020000 x11:0x00000074 PA:0x00020000 store:0x00000074 load:0x00000000
          13264	      6628	001000ec	00654603	lbu	x12,6(x10)	 x10:0x00101908 x12=0x00000069 PA:0x0010190e store:0x00000065
          13266	      6629	001000f0	02060063	beq	x12,x0,100110	 x12:0x00000069  x0:0x00000000
          13270	      6631	001000f4	00c7a023	sw	x12,0(x15)	 x15:0x00020000 x12:0x00000069 PA:0x00020000 store:0x00000069 load:0x00000000
          13274	      6633	001000f8	00754683	lbu	x13,7(x10)	 x10:0x00101908 x13=0x0000006e PA:0x0010190f store:0x00000073
          13276	      6634	001000fc	00850513	addi	x10,x10,8	 x10:0x00101908 x10=0x00101910
          13278	      6635	00100100	00068863	beq	x13,x0,100110	 x13:0x0000006e  x0:0x00000000
          13282	      6637	00100104	00d7a023	sw	x13,0(x15)	 x15:0x00020000 x13:0x0000006e PA:0x00020000 store:0x0000006e load:0x00000000
          13286	      6639	00100108	00054803	lbu	x16,0(x10)	 x10:0x00101910 x16=0x00000067 PA:0x00101910 store:0x00000000
          13290	      6641	0010010c	fa0810e3	bne	x16,x0,1000ac	 x16:0x00000067  x0:0x00000000
          13296	      6644	001000ac	0107a023	sw	x16,0(x15)	 x15:0x00020000 x16:0x00000067 PA:0x00020000 store:0x00000067 load:0x00000000
          13300	      6646	001000b0	00154703	lbu	x14,1(x10)	 x10:0x00101910 x14=0x00000020 PA:0x00101911 store:0x001014f8
          13302	      6647	001000b4	04070e63	beq	x14,x0,100110	 x14:0x00000020  x0:0x00000000
          13306	      6649	001000b8	00e7a023	sw	x14,0(x15)	 x15:0x00020000 x14:0x00000020 PA:0x00020000 store:0x00000020 load:0x00000000
          13310	      6651	001000bc	00254283	lbu	x5,2(x10)	 x10:0x00101910  x5=0x0000004d PA:0x00101912 store:0x00137fd0
          13312	      6652	001000c0	04028863	beq	x5,x0,100110	  x5:0x0000004d  x0:0x00000000
          13316	      6654	001000c4	0057a023	sw	x5,0(x15)	 x15:0x00020000  x5:0x0000004d PA:0x00020000 store:0x0000004d load:0x00000000
          13320	      6656	001000c8	00354303	lbu	x6,3(x10)	 x10:0x00101910  x6=0x00000041 PA:0x00101913 store:0x00000000
          13322	      6657	001000cc	04030263	beq	x6,x0,100110	  x6:0x00000041  x0:0x00000000
          13326	      6659	001000d0	0067a023	sw	x6,0(x15)	 x15:0x00020000  x6:0x00000041 PA:0x00020000 store:0x00000041 load:0x00000000
          13330	      6661	001000d4	00454383	lbu	x7,4(x10)	 x10:0x00101910  x7=0x00000058 PA:0x00101914 store:0x00000000
          13332	      6662	001000d8	02038c63	beq	x7,x0,100110	  x7:0x00000058  x0:0x00000000
          13336	      6664	001000dc	0077a023	sw	x7,0(x15)	 x15:0x00020000  x7:0x00000058 PA:0x00020000 store:0x00000058 load:0x00000000
          13340	      6666	001000e0	00554583	lbu	x11,5(x10)	 x10:0x00101910 x11=0x00000020 PA:0x00101915 store:0x0000004d
          13342	      6667	001000e4	02058663	beq	x11,x0,100110	 x11:0x00000020  x0:0x00000000
          13346	      6669	001000e8	00b7a023	sw	x11,0(x15)	 x15:0x00020000 x11:0x00000020 PA:0x00020000 store:0x00000020 load:0x00000000
          13350	      6671	001000ec	00654603	lbu	x12,6(x10)	 x10:0x00101910 x12=0x00000069 PA:0x00101916 store:0x00000041
          13352	      6672	001000f0	02060063	beq	x12,x0,100110	 x12:0x00000069  x0:0x00000000
          13356	      6674	001000f4	00c7a023	sw	x12,0(x15)	 x15:0x00020000 x12:0x00000069 PA:0x00020000 store:0x00000069 load:0x00000000
          13360	      6676	001000f8	00754683	lbu	x13,7(x10)	 x10:0x00101910 x13=0x0000006e PA:0x00101917 store:0x00000058
          13362	      6677	001000fc	00850513	addi	x10,x10,8	 x10:0x00101910 x10=0x00101918
          13364	      6678	00100100	00068863	beq	x13,x0,100110	 x13:0x0000006e  x0:0x00000000
          13368	      6680	00100104	00d7a023	sw	x13,0(x15)	 x15:0x00020000 x13:0x0000006e PA:0x00020000 store:0x0000006e load:0x00000000
          13372	      6682	00100108	00054803	lbu	x16,0(x10)	 x10:0x00101918 x16=0x00000073 PA:0x00101918 store:0x00000000
          13376	      6684	0010010c	fa0810e3	bne	x16,x0,1000ac	 x16:0x00000073  x0:0x00000000
          13382	      6687	001000ac	0107a023	sw	x16,0(x15)	 x15:0x00020000 x16:0x00000073 PA:0x00020000 store:0x00000073 load:0x00000000
          13386	      6689	001000b0	00154703	lbu	x14,1(x10)	 x10:0x00101918 x14=0x00000074 PA:0x00101919 store:0x001014f8
          13388	      6690	001000b4	04070e63	beq	x14,x0,100110	 x14:0x00000074  x0:0x00000000
          13392	      6692	001000b8	00e7a023	sw	x14,0(x15)	 x15:0x00020000 x14:0x00000074 PA:0x00020000 store:0x00000074 load:0x00000000
          13396	      6694	001000bc	00254283	lbu	x5,2(x10)	 x10:0x00101918  x5=0x00000072 PA:0x0010191a store:0x00137fd0
          13398	      6695	001000c0	04028863	beq	x5,x0,100110	  x5:0x00000072  x0:0x00000000
          13402	      6697	001000c4	0057a023	sw	x5,0(x15)	 x15:0x00020000  x5:0x00000072 PA:0x00020000 store:0x00000072 load:0x00000000
          13406	      6699	001000c8	00354303	lbu	x6,3(x10)	 x10:0x00101918  x6=0x00000075 PA:0x0010191b store:0x00000000
          13408	      6700	001000cc	04030263	beq	x6,x0,100110	  x6:0x00000075  x0:0x00000000
          13412	      6702	001000d0	0067a023	sw	x6,0(x15)	 x15:0x00020000  x6:0x00000075 PA:0x00020000 store:0x00000075 load:0x00000000
          13416	      6704	001000d4	00454383	lbu	x7,4(x10)	 x10:0x00101918  x7=0x00000063 PA:0x0010191c store:0x00000000
          13418	      6705	001000d8	02038c63	beq	x7,x0,100110	  x7:0x00000063  x0:0x00000000
          13422	      6707	001000dc	0077a023	sw	x7,0(x15)	 x15:0x00020000  x7:0x00000063 PA:0x00020000 store:0x00000063 load:0x00000000
          13426	      6709	001000e0	00554583	lbu	x11,5(x10)	 x10:0x00101918 x11=0x00000074 PA:0x0010191d store:0x00000072
          13428	      6710	001000e4	02058663	beq	x11,x0,100110	 x11:0x00000074  x0:0x00000000
          13432	      6712	001000e8	00b7a023	sw	x11,0(x15)	 x15:0x00020000 x11:0x00000074 PA:0x00020000 store:0x00000074 load:0x00000000
          13436	      6714	001000ec	00654603	lbu	x12,6(x10)	 x10:0x00101918 x12=0x00000069 PA:0x0010191e store:0x00000075
          13438	      6715	001000f0	02060063	beq	x12,x0,100110	 x12:0x00000069  x0:0x00000000
          13442	      6717	001000f4	00c7a023	sw	x12,0(x15)	 x15:0x00020000 x12:0x00000069 PA:0x00020000 store:0x00000069 load:0x00000000
          13446	      6719	001000f8	00754683	lbu	x13,7(x10)	 x10:0x00101918 x13=0x0000006f PA:0x0010191f store:0x00000063
          13448	      6720	001000fc	00850513	addi	x10,x10,8	 x10:0x00101918 x10=0x00101920
          13450	      6721	00100100	00068863	beq	x13,x0,100110	 x13:0x0000006f  x0:0x00000000
          13454	      6723	00100104	00d7a023	sw	x13,0(x15)	 x15:0x00020000 x13:0x0000006f PA:0x00020000 store:0x0000006f load:0x00000000
          13458	      6725	00100108	00054803	lbu	x16,0(x10)	 x10:0x00101920 x16=0x0000006e PA:0x00101920 store:0x00000000
          13462	      6727	0010010c	fa0810e3	bne	x16,x0,1000ac	 x16:0x0000006e  x0:0x00000000
          13468	      6730	001000ac	0107a023	sw	x16,0(x15)	 x15:0x00020000 x16:0x0000006e PA:0x00020000 store:0x0000006e load:0x00000000
          13472	      6732	001000b0	00154703	lbu	x14,1(x10)	 x10:0x00101920 x14=0x00000073 PA:0x00101921 store:0x001014f8
          13474	      6733	001000b4	04070e63	beq	x14,x0,100110	 x14:0x00000073  x0:0x00000000
          13478	      6735	001000b8	00e7a023	sw	x14,0(x15)	 x15:0x00020000 x14:0x00000073 PA:0x00020000 store:0x00000073 load:0x00000000
          13482	      6737	001000bc	00254283	lbu	x5,2(x10)	 x10:0x00101920  x5=0x0000003a PA:0x00101922 store:0x00137fd0
          13484	      6738	001000c0	04028863	beq	x5,x0,100110	  x5:0x0000003a  x0:0x00000000
          13488	      6740	001000c4	0057a023	sw	x5,0(x15)	 x15:0x00020000  x5:0x0000003a PA:0x00020000 store:0x0000003a load:0x00000000
          13492	      6742	001000c8	00354303	lbu	x6,3(x10)	 x10:0x00101920  x6=0x00000020 PA:0x00101923 store:0x00000000
          13494	      6743	001000cc	04030263	beq	x6,x0,100110	  x6:0x00000020  x0:0x00000000
          13498	      6745	001000d0	0067a023	sw	x6,0(x15)	 x15:0x00020000  x6:0x00000020 PA:0x00020000 store:0x00000020 load:0x00000000
          13502	      6747	001000d4	00454383	lbu	x7,4(x10)	 x10:0x00101920  x7=0x00000000 PA:0x00101924 store:0x00000000
          13506	      6749	001000d8	02038c63	beq	x7,x0,100110	  x7:0x00000000  x0:0x00000000
          13510	      6751	00100110	00000513	addi	x10,x0,0	  x0:0x00000000 x10=0x00000000
          13514	      6753	00100114	00008067	jalr	x0,0(x1)	  x1:0x001014f8  x0=0x00000000
          13518	      6755	001014f8	a19a2623	sw	x25,-1524(x20)	 x20:0x00102000 x25:0x00000000 PA:0x00101a0c store:0x00000000 load:0x00000000
          13522	      6757	001014fc	a099a423	sw	x9,-1528(x19)	 x19:0x00102000  x9:0x80000000 PA:0x00101a08 store:0x80000000 load:0x00000000
          13526	      6759	00101500	a0ca2c83	lw	x25,-1524(x20)	 x20:0x00102000 x25=0x00000000 PA:0x00101a0c store:0x00000069
          13528	      6760	00101504	001024b7	lui	x9,0x102	  x9=0x00102000
          13532	      6762	00101508	a089af83	lw	x31,-1528(x19)	 x19:0x00102000 x31=0x80000000 PA:0x00101a08 store:0x00000047
          13540	      6766	0010150c	92848513	addi	x10,x9,-1752	  x9:0x00102000 x10=0x00101928
          13542	      6767	00101510	29fc9353	fmax.s	f6,f25,f31	 f25:0x00000000 f31:0x80000000  f6=0x00000000
          13544	      6768	00101514	9e6aa423	sw	x6,-1560(x21)	 x21:0x00102000  x6:0x00000000 PA:0x001019e8 store:0x00000000 load:0x80000000
          13546	      6769	00101518	b89fe0ef	jal	x1,1000a0	  x1=0x0010151c
          13550	      6771	001000a0	00054803	lbu	x16,0(x10)	 x10:0x00101928 x16=0x0000000a PA:0x00101928 store:0x00000000
          13552	      6772	001000a4	06080663	beq	x16,x0,100110	 x16:0x0000000a  x0:0x00000000
          13554	      6773	001000a8	000207b7	lui	x15,0x20	 x15=0x00020000
          13558	      6775	001000ac	0107a023	sw	x16,0(x15)	 x15:0x00020000 x16:0x0000000a PA:0x00020000 store:0x0000000a load:0x00000000
          13562	      6777	001000b0	00154703	lbu	x14,1(x10)	 x10:0x00101928 x14=0x00000020 PA:0x00101929 store:0x0010151c
          13564	      6778	001000b4	04070e63	beq	x14,x0,100110	 x14:0x00000020  x0:0x00000000
          13568	      6780	001000b8	00e7a023	sw	x14,0(x15)	 x15:0x00020000 x14:0x00000020 PA:0x00020000 store:0x00000020 load:0x00000000
          13572	      6782	001000bc	00254283	lbu	x5,2(x10)	 x10:0x00101928  x5=0x0000004d PA:0x0010192a store:0x00137fd0
          13574	      6783	001000c0	04028863	beq	x5,x0,100110	  x5:0x0000004d  x0:0x00000000
          13578	      6785	001000c4	0057a023	sw	x5,0(x15)	 x15:0x00020000  x5:0x0000004d PA:0x00020000 store:0x0000004d load:0x00000000
          13582	      6787	001000c8	00354303	lbu	x6,3(x10)	 x10:0x00101928  x6=0x00000041 PA:0x0010192b store:0x00000000
          13584	      6788	001000cc	04030263	beq	x6,x0,100110	  x6:0x00000041  x0:0x00000000
          13588	      6790	001000d0	0067a023	sw	x6,0(x15)	 x15:0x00020000  x6:0x00000041 PA:0x00020000 store:0x00000041 load:0x00000000
          13592	      6792	001000d4	00454383	lbu	x7,4(x10)	 x10:0x00101928  x7=0x00000058 PA:0x0010192c store:0x00000000
          13594	      6793	001000d8	02038c63	beq	x7,x0,100110	  x7:0x00000058  x0:0x00000000
          13598	      6795	001000dc	0077a023	sw	x7,0(x15)	 x15:0x00020000  x7:0x00000058 PA:0x00020000 store:0x00000058 load:0x00000000
          13602	      6797	001000e0	00554583	lbu	x11,5(x10)	 x10:0x00101928 x11=0x00000028 PA:0x0010192d store:0x0000004d
          13604	      6798	001000e4	02058663	beq	x11,x0,100110	 x11:0x00000028  x0:0x00000000
          13608	      6800	001000e8	00b7a023	sw	x11,0(x15)	 x15:0x00020000 x11:0x00000028 PA:0x00020000 store:0x00000028 load:0x00000000
          13612	      6802	001000ec	00654603	lbu	x12,6(x10)	 x10:0x00101928 x12=0x00000030 PA:0x0010192e store:0x00000041
          13614	      6803	001000f0	02060063	beq	x12,x0,100110	 x12:0x00000030  x0:0x00000000
          13618	      6805	001000f4	00c7a023	sw	x12,0(x15)	 x15:0x00020000 x12:0x00000030 PA:0x00020000 store:0x00000030 load:0x00000000
          13622	      6807	001000f8	00754683	lbu	x13,7(x10)	 x10:0x00101928 x13=0x0000002e PA:0x0010192f store:0x00000058
          13624	      6808	001000fc	00850513	addi	x10,x10,8	 x10:0x00101928 x10=0x00101930
          13626	      6809	00100100	00068863	beq	x13,x0,100110	 x13:0x0000002e  x0:0x00000000
          13630	      6811	00100104	00d7a023	sw	x13,0(x15)	 x15:0x00020000 x13:0x0000002e PA:0x00020000 store:0x0000002e load:0x00000000
          13634	      6813	00100108	00054803	lbu	x16,0(x10)	 x10:0x00101930 x16=0x00000030 PA:0x00101930 store:0x00000000
          13638	      6815	0010010c	fa0810e3	bne	x16,x0,1000ac	 x16:0x00000030  x0:0x00000000
          13644	      6818	001000ac	0107a023	sw	x16,0(x15)	 x15:0x00020000 x16:0x00000030 PA:0x00020000 store:0x00000030 load:0x00000000
          13648	      6820	001000b0	00154703	lbu	x14,1(x10)	 x10:0x00101930 x14=0x0000002c PA:0x00101931 store:0x0010151c
          13650	      6821	001000b4	04070e63	beq	x14,x0,100110	 x14:0x0000002c  x0:0x00000000
          13654	      6823	001000b8	00e7a023	sw	x14,0(x15)	 x15:0x00020000 x14:0x0000002c PA:0x00020000 store:0x0000002c load:0x00000000
          13658	      6825	001000bc	00254283	lbu	x5,2(x10)	 x10:0x00101930  x5=0x00000020 PA:0x00101932 store:0x00137fd0
          13660	      6826	001000c0	04028863	beq	x5,x0,100110	  x5:0x00000020  x0:0x00000000
          13664	      6828	001000c4	0057a023	sw	x5,0(x15)	 x15:0x00020000  x5:0x00000020 PA:0x00020000 store:0x00000020 load:0x00000000
          13668	      6830	001000c8	00354303	lbu	x6,3(x10)	 x10:0x00101930  x6=0x0000002d PA:0x00101933 store:0x00000000
          13670	      6831	001000cc	04030263	beq	x6,x0,100110	  x6:0x0000002d  x0:0x00000000
          13674	      6833	001000d0	0067a023	sw	x6,0(x15)	 x15:0x00020000  x6:0x0000002d PA:0x00020000 store:0x0000002d load:0x00000000
          13678	      6835	001000d4	00454383	lbu	x7,4(x10)	 x10:0x00101930  x7=0x00000030 PA:0x00101934 store:0x00000000
          13680	      6836	001000d8	02038c63	beq	x7,x0,100110	  x7:0x00000030  x0:0x00000000
          13684	      6838	001000dc	0077a023	sw	x7,0(x15)	 x15:0x00020000  x7:0x00000030 PA:0x00020000 store:0x00000030 load:0x00000000
          13688	      6840	001000e0	00554583	lbu	x11,5(x10)	 x10:0x00101930 x11=0x0000002e PA:0x00101935 store:0x00000020
          13690	      6841	001000e4	02058663	beq	x11,x0,100110	 x11:0x0000002e  x0:0x00000000
          13694	      6843	001000e8	00b7a023	sw	x11,0(x15)	 x15:0x00020000 x11:0x0000002e PA:0x00020000 store:0x0000002e load:0x00000000
          13698	      6845	001000ec	00654603	lbu	x12,6(x10)	 x10:0x00101930 x12=0x00000030 PA:0x00101936 store:0x0000002d
          13700	      6846	001000f0	02060063	beq	x12,x0,100110	 x12:0x00000030  x0:0x00000000
          13704	      6848	001000f4	00c7a023	sw	x12,0(x15)	 x15:0x00020000 x12:0x00000030 PA:0x00020000 store:0x00000030 load:0x00000000
          13708	      6850	001000f8	00754683	lbu	x13,7(x10)	 x10:0x00101930 x13=0x00000029 PA:0x00101937 store:0x00000030
          13710	      6851	001000fc	00850513	addi	x10,x10,8	 x10:0x00101930 x10=0x00101938
          13712	      6852	00100100	00068863	beq	x13,x0,100110	 x13:0x00000029  x0:0x00000000
          13716	      6854	00100104	00d7a023	sw	x13,0(x15)	 x15:0x00020000 x13:0x00000029 PA:0x00020000 store:0x00000029 load:0x00000000
          13720	      6856	00100108	00054803	lbu	x16,0(x10)	 x10:0x00101938 x16=0x0000002c PA:0x00101938 store:0x00000000
          13724	      6858	0010010c	fa0810e3	bne	x16,x0,1000ac	 x16:0x0000002c  x0:0x00000000
          13730	      6861	001000ac	0107a023	sw	x16,0(x15)	 x15:0x00020000 x16:0x0000002c PA:0x00020000 store:0x0000002c load:0x00000000
          13734	      6863	001000b0	00154703	lbu	x14,1(x10)	 x10:0x00101938 x14=0x00000020 PA:0x00101939 store:0x0010151c
          13736	      6864	001000b4	04070e63	beq	x14,x0,100110	 x14:0x00000020  x0:0x00000000
          13740	      6866	001000b8	00e7a023	sw	x14,0(x15)	 x15:0x00020000 x14:0x00000020 PA:0x00020000 store:0x00000020 load:0x00000000
          13744	      6868	001000bc	00254283	lbu	x5,2(x10)	 x10:0x00101938  x5=0x00000065 PA:0x0010193a store:0x00137fd0
          13746	      6869	001000c0	04028863	beq	x5,x0,100110	  x5:0x00000065  x0:0x00000000
          13750	      6871	001000c4	0057a023	sw	x5,0(x15)	 x15:0x00020000  x5:0x00000065 PA:0x00020000 store:0x00000065 load:0x00000000
          13754	      6873	001000c8	00354303	lbu	x6,3(x10)	 x10:0x00101938  x6=0x00000078 PA:0x0010193b store:0x00000000
          13756	      6874	001000cc	04030263	beq	x6,x0,100110	  x6:0x00000078  x0:0x00000000
          13760	      6876	001000d0	0067a023	sw	x6,0(x15)	 x15:0x00020000  x6:0x00000078 PA:0x00020000 store:0x00000078 load:0x00000000
          13764	      6878	001000d4	00454383	lbu	x7,4(x10)	 x10:0x00101938  x7=0x00000070 PA:0x0010193c store:0x00000000
          13766	      6879	001000d8	02038c63	beq	x7,x0,100110	  x7:0x00000070  x0:0x00000000
          13770	      6881	001000dc	0077a023	sw	x7,0(x15)	 x15:0x00020000  x7:0x00000070 PA:0x00020000 store:0x00000070 load:0x00000000
          13774	      6883	001000e0	00554583	lbu	x11,5(x10)	 x10:0x00101938 x11=0x00000065 PA:0x0010193d store:0x00000065
          13776	      6884	001000e4	02058663	beq	x11,x0,100110	 x11:0x00000065  x0:0x00000000
          13780	      6886	001000e8	00b7a023	sw	x11,0(x15)	 x15:0x00020000 x11:0x00000065 PA:0x00020000 store:0x00000065 load:0x00000000
          13784	      6888	001000ec	00654603	lbu	x12,6(x10)	 x10:0x00101938 x12=0x00000063 PA:0x0010193e store:0x00000078
          13786	      6889	001000f0	02060063	beq	x12,x0,100110	 x12:0x00000063  x0:0x00000000
          13790	      6891	001000f4	00c7a023	sw	x12,0(x15)	 x15:0x00020000 x12:0x00000063 PA:0x00020000 store:0x00000063 load:0x00000000
          13794	      6893	001000f8	00754683	lbu	x13,7(x10)	 x10:0x00101938 x13=0x00000074 PA:0x0010193f store:0x00000070
          13796	      6894	001000fc	00850513	addi	x10,x10,8	 x10:0x00101938 x10=0x00101940
          13798	      6895	00100100	00068863	beq	x13,x0,100110	 x13:0x00000074  x0:0x00000000
          13802	      6897	00100104	00d7a023	sw	x13,0(x15)	 x15:0x00020000 x13:0x00000074 PA:0x00020000 store:0x00000074 load:0x00000000
          13806	      6899	00100108	00054803	lbu	x16,0(x10)	 x10:0x00101940 x16=0x00000069 PA:0x00101940 store:0x00000000
          13810	      6901	0010010c	fa0810e3	bne	x16,x0,1000ac	 x16:0x00000069  x0:0x00000000
          13816	      6904	001000ac	0107a023	sw	x16,0(x15)	 x15:0x00020000 x16:0x00000069 PA:0x00020000 store:0x00000069 load:0x00000000
          13820	      6906	001000b0	00154703	lbu	x14,1(x10)	 x10:0x00101940 x14=0x0000006e PA:0x00101941 store:0x0010151c
          13822	      6907	001000b4	04070e63	beq	x14,x0,100110	 x14:0x0000006e  x0:0x00000000
          13826	      6909	001000b8	00e7a023	sw	x14,0(x15)	 x15:0x00020000 x14:0x0000006e PA:0x00020000 store:0x0000006e load:0x00000000
          13830	      6911	001000bc	00254283	lbu	x5,2(x10)	 x10:0x00101940  x5=0x00000067 PA:0x00101942 store:0x00137fd0
          13832	      6912	001000c0	04028863	beq	x5,x0,100110	  x5:0x00000067  x0:0x00000000
          13836	      6914	001000c4	0057a023	sw	x5,0(x15)	 x15:0x00020000  x5:0x00000067 PA:0x00020000 store:0x00000067 load:0x00000000
          13840	      6916	001000c8	00354303	lbu	x6,3(x10)	 x10:0x00101940  x6=0x0000003a PA:0x00101943 store:0x00000000
          13842	      6917	001000cc	04030263	beq	x6,x0,100110	  x6:0x0000003a  x0:0x00000000
          13846	      6919	001000d0	0067a023	sw	x6,0(x15)	 x15:0x00020000  x6:0x0000003a PA:0x00020000 store:0x0000003a load:0x00000000
          13850	      6921	001000d4	00454383	lbu	x7,4(x10)	 x10:0x00101940  x7=0x00000020 PA:0x00101944 store:0x00000000
          13852	      6922	001000d8	02038c63	beq	x7,x0,100110	  x7:0x00000020  x0:0x00000000
          13856	      6924	001000dc	0077a023	sw	x7,0(x15)	 x15:0x00020000  x7:0x00000020 PA:0x00020000 store:0x00000020 load:0x00000000
          13860	      6926	001000e0	00554583	lbu	x11,5(x10)	 x10:0x00101940 x11=0x00000030 PA:0x00101945 store:0x00000067
          13862	      6927	001000e4	02058663	beq	x11,x0,100110	 x11:0x00000030  x0:0x00000000
          13866	      6929	001000e8	00b7a023	sw	x11,0(x15)	 x15:0x00020000 x11:0x00000030 PA:0x00020000 store:0x00000030 load:0x00000000
          13870	      6931	001000ec	00654603	lbu	x12,6(x10)	 x10:0x00101940 x12=0x00000078 PA:0x00101946 store:0x0000003a
          13872	      6932	001000f0	02060063	beq	x12,x0,100110	 x12:0x00000078  x0:0x00000000
          13876	      6934	001000f4	00c7a023	sw	x12,0(x15)	 x15:0x00020000 x12:0x00000078 PA:0x00020000 store:0x00000078 load:0x00000000
          13880	      6936	001000f8	00754683	lbu	x13,7(x10)	 x10:0x00101940 x13=0x00000030 PA:0x00101947 store:0x00000020
          13882	      6937	001000fc	00850513	addi	x10,x10,8	 x10:0x00101940 x10=0x00101948
          13884	      6938	00100100	00068863	beq	x13,x0,100110	 x13:0x00000030  x0:0x00000000
          13888	      6940	00100104	00d7a023	sw	x13,0(x15)	 x15:0x00020000 x13:0x00000030 PA:0x00020000 store:0x00000030 load:0x00000000
          13892	      6942	00100108	00054803	lbu	x16,0(x10)	 x10:0x00101948 x16=0x0000003a PA:0x00101948 store:0x00000000
          13896	      6944	0010010c	fa0810e3	bne	x16,x0,1000ac	 x16:0x0000003a  x0:0x00000000
          13902	      6947	001000ac	0107a023	sw	x16,0(x15)	 x15:0x00020000 x16:0x0000003a PA:0x00020000 store:0x0000003a load:0x00000000
          13906	      6949	001000b0	00154703	lbu	x14,1(x10)	 x10:0x00101948 x14=0x00000020 PA:0x00101949 store:0x0010151c
          13908	      6950	001000b4	04070e63	beq	x14,x0,100110	 x14:0x00000020  x0:0x00000000
          13912	      6952	001000b8	00e7a023	sw	x14,0(x15)	 x15:0x00020000 x14:0x00000020 PA:0x00020000 store:0x00000020 load:0x00000000
          13916	      6954	001000bc	00254283	lbu	x5,2(x10)	 x10:0x00101948  x5=0x00000000 PA:0x0010194a store:0x00137fd0
          13920	      6956	001000c0	04028863	beq	x5,x0,100110	  x5:0x00000000  x0:0x00000000
          13924	      6958	00100110	00000513	addi	x10,x0,0	  x0:0x00000000 x10=0x00000000
          13928	      6960	00100114	00008067	jalr	x0,0(x1)	  x1:0x0010151c  x0=0x00000000
          13932	      6962	0010151c	9e0c2503	lw	x10,-1568(x24)	 x24:0x00102000 x10=0x00000200 PA:0x001019e0 store:0x00000000
          13936	      6964	00101520	c01fe0ef	jal	x1,100120	  x1=0x00101524
          13938	      6965	00100120	01c55793	srli	x15,x10,0x1c	 x10:0x00000200 x15=0x00000000
          13940	      6966	00100124	00900713	addi	x14,x0,9	  x0:0x00000000 x14=0x00000009
          13944	      6968	00100128	0cf77a63	bgeu	x14,x15,1001fc	 x14:0x00000009 x15:0x00000000
          13948	      6970	001001fc	03078393	addi	x7,x15,48	 x15:0x00000000  x7=0x00000030
          13950	      6971	00100200	000205b7	lui	x11,0x20	 x11=0x00020000
          13952	      6972	00100204	00451613	slli	x12,x10,0x4	 x10:0x00000200 x12=0x00002000
          13956	      6974	00100208	0075a023	sw	x7,0(x11)	 x11:0x00020000  x7:0x00000030 PA:0x00020000 store:0x00000030 load:0x00000000
          13958	      6975	0010020c	01c65693	srli	x13,x12,0x1c	 x12:0x00002000 x13=0x00000000
          13960	      6976	00100210	00900813	addi	x16,x0,9	  x0:0x00000000 x16=0x00000009
          13962	      6977	00100214	f2d86ae3	bltu	x16,x13,100148	 x16:0x00000009 x13:0x00000000
          13964	      6978	00100218	03068e93	addi	x29,x13,48	 x13:0x00000000 x29=0x00000030
          13966	      6979	0010021c	00020f37	lui	x30,0x20	 x30=0x00020000
          13968	      6980	00100220	00851f93	slli	x31,x10,0x8	 x10:0x00000200 x31=0x00020000
          13972	      6982	00100224	01df2023	sw	x29,0(x30)	 x30:0x00020000 x29:0x00000030 PA:0x00020000 store:0x00000030 load:0x00000000
          13974	      6983	00100228	01cfd793	srli	x15,x31,0x1c	 x31:0x00020000 x15=0x00000000
          13976	      6984	0010022c	00900713	addi	x14,x0,9	  x0:0x00000000 x14=0x00000009
          13978	      6985	00100230	f2f76ae3	bltu	x14,x15,100164	 x14:0x00000009 x15:0x00000000
          13980	      6986	00100234	03078393	addi	x7,x15,48	 x15:0x00000000  x7=0x00000030
          13982	      6987	00100238	000205b7	lui	x11,0x20	 x11=0x00020000
          13984	      6988	0010023c	00c51613	slli	x12,x10,0xc	 x10:0x00000200 x12=0x00200000
          13988	      6990	00100240	0075a023	sw	x7,0(x11)	 x11:0x00020000  x7:0x00000030 PA:0x00020000 store:0x00000030 load:0x00000000
          13990	      6991	00100244	01c65693	srli	x13,x12,0x1c	 x12:0x00200000 x13=0x00000000
          13992	      6992	00100248	00900813	addi	x16,x0,9	  x0:0x00000000 x16=0x00000009
          13994	      6993	0010024c	f2d86ae3	bltu	x16,x13,100180	 x16:0x00000009 x13:0x00000000
          13996	      6994	00100250	03068e93	addi	x29,x13,48	 x13:0x00000000 x29=0x00000030
          13998	      6995	00100254	00020f37	lui	x30,0x20	 x30=0x00020000
          14000	      6996	00100258	01051f93	slli	x31,x10,0x10	 x10:0x00000200 x31=0x02000000
          14004	      6998	0010025c	01df2023	sw	x29,0(x30)	 x30:0x00020000 x29:0x00000030 PA:0x00020000 store:0x00000030 load:0x00000000
          14006	      6999	00100260	01cfd793	srli	x15,x31,0x1c	 x31:0x02000000 x15=0x00000000
          14008	      7000	00100264	00900713	addi	x14,x0,9	  x0:0x00000000 x14=0x00000009
          14010	      7001	00100268	f2f76ae3	bltu	x14,x15,10019c	 x14:0x00000009 x15:0x00000000
          14012	      7002	0010026c	03078393	addi	x7,x15,48	 x15:0x00000000  x7=0x00000030
          14014	      7003	00100270	000205b7	lui	x11,0x20	 x11=0x00020000
          14016	      7004	00100274	01451613	slli	x12,x10,0x14	 x10:0x00000200 x12=0x20000000
          14020	      7006	00100278	0075a023	sw	x7,0(x11)	 x11:0x00020000  x7:0x00000030 PA:0x00020000 store:0x00000030 load:0x00000000
          14022	      7007	0010027c	01c65693	srli	x13,x12,0x1c	 x12:0x20000000 x13=0x00000002
          14024	      7008	00100280	00900813	addi	x16,x0,9	  x0:0x00000000 x16=0x00000009
          14026	      7009	00100284	f2d86ae3	bltu	x16,x13,1001b8	 x16:0x00000009 x13:0x00000002
          14028	      7010	00100288	03068e93	addi	x29,x13,48	 x13:0x00000002 x29=0x00000032
          14030	      7011	0010028c	00020f37	lui	x30,0x20	 x30=0x00020000
          14032	      7012	00100290	01851f93	slli	x31,x10,0x18	 x10:0x00000200 x31=0x00000000
          14036	      7014	00100294	01df2023	sw	x29,0(x30)	 x30:0x00020000 x29:0x00000032 PA:0x00020000 store:0x00000032 load:0x00000000
          14038	      7015	00100298	01cfd793	srli	x15,x31,0x1c	 x31:0x00000000 x15=0x00000000
          14040	      7016	0010029c	00900713	addi	x14,x0,9	  x0:0x00000000 x14=0x00000009
          14042	      7017	001002a0	f2f76ae3	bltu	x14,x15,1001d4	 x14:0x00000009 x15:0x00000000
          14044	      7018	001002a4	03078393	addi	x7,x15,48	 x15:0x00000000  x7=0x00000030
          14046	      7019	001002a8	000205b7	lui	x11,0x20	 x11=0x00020000
          14050	      7021	001002ac	0075a023	sw	x7,0(x11)	 x11:0x00020000  x7:0x00000030 PA:0x00020000 store:0x00000030 load:0x00000000
          14052	      7022	001002b0	00f57513	andi	x10,x10,15	 x10:0x00000200 x10=0x00000000
          14054	      7023	001002b4	00900613	addi	x12,x0,9	  x0:0x00000000 x12=0x00000009
          14058	      7025	001002b8	f2a67ae3	bgeu	x12,x10,1001ec	 x12:0x00000009 x10:0x00000000
          14062	      7027	001001ec	03050893	addi	x17,x10,48	 x10:0x00000000 x17=0x00000030
          14064	      7028	001001f0	00020e37	lui	x28,0x20	 x28=0x00020000
          14068	      7030	001001f4	011e2023	sw	x17,0(x28)	 x28:0x00020000 x17:0x00000030 PA:0x00020000 store:0x00000030 load:0x00000000
          14072	      7032	001001f8	00008067	jalr	x0,0(x1)	  x1:0x00101524  x0=0x00000000
          14076	      7034	00101524	a08a2623	sw	x8,-1524(x20)	 x20:0x00102000  x8:0x00000047 PA:0x00101a0c store:0x00000047 load:0x00000200
          14080	      7036	00101528	a1a9a423	sw	x26,-1528(x19)	 x19:0x00102000 x26:0x00000007 PA:0x00101a08 store:0x00000007 load:0x00000200
          14084	      7038	0010152c	a0ca2683	lw	x13,-1524(x20)	 x20:0x00102000 x13=0x00000047 PA:0x00101a0c store:0x00000009
          14086	      7039	00101530	00102437	lui	x8,0x102	  x8=0x00102000
          14090	      7041	00101534	a089a283	lw	x5,-1528(x19)	 x19:0x00102000  x5=0x00000007 PA:0x00101a08 store:0x00102000
          14098	      7045	00101538	94c40513	addi	x10,x8,-1716	  x8:0x00102000 x10=0x0010194c
          14100	      7046	0010153c	28569bd3	fmax.s	f23,f13,f5	 f13:0x00000047  f5:0x00000007 f23=0x00000047
          14102	      7047	00101540	9f7aa423	sw	x23,-1560(x21)	 x21:0x00102000 x23:0x00000047 PA:0x001019e8 store:0x00000047 load:0x00000007
          14104	      7048	00101544	b5dfe0ef	jal	x1,1000a0	  x1=0x00101548
          14108	      7050	001000a0	00054803	lbu	x16,0(x10)	 x10:0x0010194c x16=0x0000000a PA:0x0010194c store:0x00000000
          14110	      7051	001000a4	06080663	beq	x16,x0,100110	 x16:0x0000000a  x0:0x00000000
          14112	      7052	001000a8	000207b7	lui	x15,0x20	 x15=0x00020000
          14116	      7054	001000ac	0107a023	sw	x16,0(x15)	 x15:0x00020000 x16:0x0000000a PA:0x00020000 store:0x0000000a load:0x00000000
          14120	      7056	001000b0	00154703	lbu	x14,1(x10)	 x10:0x0010194c x14=0x00000020 PA:0x0010194d store:0x00101548
          14122	      7057	001000b4	04070e63	beq	x14,x0,100110	 x14:0x00000020  x0:0x00000000
          14126	      7059	001000b8	00e7a023	sw	x14,0(x15)	 x15:0x00020000 x14:0x00000020 PA:0x00020000 store:0x00000020 load:0x00000000
          14130	      7061	001000bc	00254283	lbu	x5,2(x10)	 x10:0x0010194c  x5=0x0000004d PA:0x0010194e store:0x00137fd0
          14132	      7062	001000c0	04028863	beq	x5,x0,100110	  x5:0x0000004d  x0:0x00000000
          14136	      7064	001000c4	0057a023	sw	x5,0(x15)	 x15:0x00020000  x5:0x0000004d PA:0x00020000 store:0x0000004d load:0x00000000
          14140	      7066	001000c8	00354303	lbu	x6,3(x10)	 x10:0x0010194c  x6=0x00000041 PA:0x0010194f store:0x00000000
          14142	      7067	001000cc	04030263	beq	x6,x0,100110	  x6:0x00000041  x0:0x00000000
          14146	      7069	001000d0	0067a023	sw	x6,0(x15)	 x15:0x00020000  x6:0x00000041 PA:0x00020000 store:0x00000041 load:0x00000000
          14150	      7071	001000d4	00454383	lbu	x7,4(x10)	 x10:0x0010194c  x7=0x00000058 PA:0x00101950 store:0x00000000
          14152	      7072	001000d8	02038c63	beq	x7,x0,100110	  x7:0x00000058  x0:0x00000000
          14156	      7074	001000dc	0077a023	sw	x7,0(x15)	 x15:0x00020000  x7:0x00000058 PA:0x00020000 store:0x00000058 load:0x00000000
          14160	      7076	001000e0	00554583	lbu	x11,5(x10)	 x10:0x0010194c x11=0x00000028 PA:0x00101951 store:0x0000004d
          14162	      7077	001000e4	02058663	beq	x11,x0,100110	 x11:0x00000028  x0:0x00000000
          14166	      7079	001000e8	00b7a023	sw	x11,0(x15)	 x15:0x00020000 x11:0x00000028 PA:0x00020000 store:0x00000028 load:0x00000000
          14170	      7081	001000ec	00654603	lbu	x12,6(x10)	 x10:0x0010194c x12=0x00000031 PA:0x00101952 store:0x00000041
          14172	      7082	001000f0	02060063	beq	x12,x0,100110	 x12:0x00000031  x0:0x00000000
          14176	      7084	001000f4	00c7a023	sw	x12,0(x15)	 x15:0x00020000 x12:0x00000031 PA:0x00020000 store:0x00000031 load:0x00000000
          14180	      7086	001000f8	00754683	lbu	x13,7(x10)	 x10:0x0010194c x13=0x0000002e PA:0x00101953 store:0x00000058
          14182	      7087	001000fc	00850513	addi	x10,x10,8	 x10:0x0010194c x10=0x00101954
          14184	      7088	00100100	00068863	beq	x13,x0,100110	 x13:0x0000002e  x0:0x00000000
          14188	      7090	00100104	00d7a023	sw	x13,0(x15)	 x15:0x00020000 x13:0x0000002e PA:0x00020000 store:0x0000002e load:0x00000000
          14192	      7092	00100108	00054803	lbu	x16,0(x10)	 x10:0x00101954 x16=0x00000030 PA:0x00101954 store:0x00000000
          14196	      7094	0010010c	fa0810e3	bne	x16,x0,1000ac	 x16:0x00000030  x0:0x00000000
          14202	      7097	001000ac	0107a023	sw	x16,0(x15)	 x15:0x00020000 x16:0x00000030 PA:0x00020000 store:0x00000030 load:0x00000000
          14206	      7099	001000b0	00154703	lbu	x14,1(x10)	 x10:0x00101954 x14=0x00000065 PA:0x00101955 store:0x00101548
          14208	      7100	001000b4	04070e63	beq	x14,x0,100110	 x14:0x00000065  x0:0x00000000
          14212	      7102	001000b8	00e7a023	sw	x14,0(x15)	 x15:0x00020000 x14:0x00000065 PA:0x00020000 store:0x00000065 load:0x00000000
          14216	      7104	001000bc	00254283	lbu	x5,2(x10)	 x10:0x00101954  x5=0x0000002d PA:0x00101956 store:0x00137fd0
          14218	      7105	001000c0	04028863	beq	x5,x0,100110	  x5:0x0000002d  x0:0x00000000
          14222	      7107	001000c4	0057a023	sw	x5,0(x15)	 x15:0x00020000  x5:0x0000002d PA:0x00020000 store:0x0000002d load:0x00000000
          14226	      7109	001000c8	00354303	lbu	x6,3(x10)	 x10:0x00101954  x6=0x00000034 PA:0x00101957 store:0x00000000
          14228	      7110	001000cc	04030263	beq	x6,x0,100110	  x6:0x00000034  x0:0x00000000
          14232	      7112	001000d0	0067a023	sw	x6,0(x15)	 x15:0x00020000  x6:0x00000034 PA:0x00020000 store:0x00000034 load:0x00000000
          14236	      7114	001000d4	00454383	lbu	x7,4(x10)	 x10:0x00101954  x7=0x00000033 PA:0x00101958 store:0x00000000
          14238	      7115	001000d8	02038c63	beq	x7,x0,100110	  x7:0x00000033  x0:0x00000000
          14242	      7117	001000dc	0077a023	sw	x7,0(x15)	 x15:0x00020000  x7:0x00000033 PA:0x00020000 store:0x00000033 load:0x00000000
          14246	      7119	001000e0	00554583	lbu	x11,5(x10)	 x10:0x00101954 x11=0x0000002c PA:0x00101959 store:0x0000002d
          14248	      7120	001000e4	02058663	beq	x11,x0,100110	 x11:0x0000002c  x0:0x00000000
          14252	      7122	001000e8	00b7a023	sw	x11,0(x15)	 x15:0x00020000 x11:0x0000002c PA:0x00020000 store:0x0000002c load:0x00000000
          14256	      7124	001000ec	00654603	lbu	x12,6(x10)	 x10:0x00101954 x12=0x00000020 PA:0x0010195a store:0x00000034
          14258	      7125	001000f0	02060063	beq	x12,x0,100110	 x12:0x00000020  x0:0x00000000
          14262	      7127	001000f4	00c7a023	sw	x12,0(x15)	 x15:0x00020000 x12:0x00000020 PA:0x00020000 store:0x00000020 load:0x00000000
          14266	      7129	001000f8	00754683	lbu	x13,7(x10)	 x10:0x00101954 x13=0x00000031 PA:0x0010195b store:0x00000033
          14268	      7130	001000fc	00850513	addi	x10,x10,8	 x10:0x00101954 x10=0x0010195c
          14270	      7131	00100100	00068863	beq	x13,x0,100110	 x13:0x00000031  x0:0x00000000
          14274	      7133	00100104	00d7a023	sw	x13,0(x15)	 x15:0x00020000 x13:0x00000031 PA:0x00020000 store:0x00000031 load:0x00000000
          14278	      7135	00100108	00054803	lbu	x16,0(x10)	 x10:0x0010195c x16=0x0000002e PA:0x0010195c store:0x00000000
          14282	      7137	0010010c	fa0810e3	bne	x16,x0,1000ac	 x16:0x0000002e  x0:0x00000000
          14288	      7140	001000ac	0107a023	sw	x16,0(x15)	 x15:0x00020000 x16:0x0000002e PA:0x00020000 store:0x0000002e load:0x00000000
          14292	      7142	001000b0	00154703	lbu	x14,1(x10)	 x10:0x0010195c x14=0x00000030 PA:0x0010195d store:0x00101548
          14294	      7143	001000b4	04070e63	beq	x14,x0,100110	 x14:0x00000030  x0:0x00000000
          14298	      7145	001000b8	00e7a023	sw	x14,0(x15)	 x15:0x00020000 x14:0x00000030 PA:0x00020000 store:0x00000030 load:0x00000000
          14302	      7147	001000bc	00254283	lbu	x5,2(x10)	 x10:0x0010195c  x5=0x00000065 PA:0x0010195e store:0x00137fd0
          14304	      7148	001000c0	04028863	beq	x5,x0,100110	  x5:0x00000065  x0:0x00000000
          14308	      7150	001000c4	0057a023	sw	x5,0(x15)	 x15:0x00020000  x5:0x00000065 PA:0x00020000 store:0x00000065 load:0x00000000
          14312	      7152	001000c8	00354303	lbu	x6,3(x10)	 x10:0x0010195c  x6=0x0000002d PA:0x0010195f store:0x00000000
          14314	      7153	001000cc	04030263	beq	x6,x0,100110	  x6:0x0000002d  x0:0x00000000
          14318	      7155	001000d0	0067a023	sw	x6,0(x15)	 x15:0x00020000  x6:0x0000002d PA:0x00020000 store:0x0000002d load:0x00000000
          14322	      7157	001000d4	00454383	lbu	x7,4(x10)	 x10:0x0010195c  x7=0x00000034 PA:0x00101960 store:0x00000000
          14324	      7158	001000d8	02038c63	beq	x7,x0,100110	  x7:0x00000034  x0:0x00000000
          14328	      7160	001000dc	0077a023	sw	x7,0(x15)	 x15:0x00020000  x7:0x00000034 PA:0x00020000 store:0x00000034 load:0x00000000
          14332	      7162	001000e0	00554583	lbu	x11,5(x10)	 x10:0x0010195c x11=0x00000034 PA:0x00101961 store:0x00000065
          14334	      7163	001000e4	02058663	beq	x11,x0,100110	 x11:0x00000034  x0:0x00000000
          14338	      7165	001000e8	00b7a023	sw	x11,0(x15)	 x15:0x00020000 x11:0x00000034 PA:0x00020000 store:0x00000034 load:0x00000000
          14342	      7167	001000ec	00654603	lbu	x12,6(x10)	 x10:0x0010195c x12=0x00000029 PA:0x00101962 store:0x0000002d
          14344	      7168	001000f0	02060063	beq	x12,x0,100110	 x12:0x00000029  x0:0x00000000
          14348	      7170	001000f4	00c7a023	sw	x12,0(x15)	 x15:0x00020000 x12:0x00000029 PA:0x00020000 store:0x00000029 load:0x00000000
          14352	      7172	001000f8	00754683	lbu	x13,7(x10)	 x10:0x0010195c x13=0x0000002c PA:0x00101963 store:0x00000034
          14354	      7173	001000fc	00850513	addi	x10,x10,8	 x10:0x0010195c x10=0x00101964
          14356	      7174	00100100	00068863	beq	x13,x0,100110	 x13:0x0000002c  x0:0x00000000
          14360	      7176	00100104	00d7a023	sw	x13,0(x15)	 x15:0x00020000 x13:0x0000002c PA:0x00020000 store:0x0000002c load:0x00000000
          14364	      7178	00100108	00054803	lbu	x16,0(x10)	 x10:0x00101964 x16=0x00000020 PA:0x00101964 store:0x00000000
          14368	      7180	0010010c	fa0810e3	bne	x16,x0,1000ac	 x16:0x00000020  x0:0x00000000
          14374	      7183	001000ac	0107a023	sw	x16,0(x15)	 x15:0x00020000 x16:0x00000020 PA:0x00020000 store:0x00000020 load:0x00000000
          14378	      7185	001000b0	00154703	lbu	x14,1(x10)	 x10:0x00101964 x14=0x00000065 PA:0x00101965 store:0x00101548
          14380	      7186	001000b4	04070e63	beq	x14,x0,100110	 x14:0x00000065  x0:0x00000000
          14384	      7188	001000b8	00e7a023	sw	x14,0(x15)	 x15:0x00020000 x14:0x00000065 PA:0x00020000 store:0x00000065 load:0x00000000
          14388	      7190	001000bc	00254283	lbu	x5,2(x10)	 x10:0x00101964  x5=0x00000078 PA:0x00101966 store:0x00137fd0
          14390	      7191	001000c0	04028863	beq	x5,x0,100110	  x5:0x00000078  x0:0x00000000
          14394	      7193	001000c4	0057a023	sw	x5,0(x15)	 x15:0x00020000  x5:0x00000078 PA:0x00020000 store:0x00000078 load:0x00000000
          14398	      7195	001000c8	00354303	lbu	x6,3(x10)	 x10:0x00101964  x6=0x00000070 PA:0x00101967 store:0x00000000
          14400	      7196	001000cc	04030263	beq	x6,x0,100110	  x6:0x00000070  x0:0x00000000
          14404	      7198	001000d0	0067a023	sw	x6,0(x15)	 x15:0x00020000  x6:0x00000070 PA:0x00020000 store:0x00000070 load:0x00000000
          14408	      7200	001000d4	00454383	lbu	x7,4(x10)	 x10:0x00101964  x7=0x00000065 PA:0x00101968 store:0x00000000
          14410	      7201	001000d8	02038c63	beq	x7,x0,100110	  x7:0x00000065  x0:0x00000000
          14414	      7203	001000dc	0077a023	sw	x7,0(x15)	 x15:0x00020000  x7:0x00000065 PA:0x00020000 store:0x00000065 load:0x00000000
          14418	      7205	001000e0	00554583	lbu	x11,5(x10)	 x10:0x00101964 x11=0x00000063 PA:0x00101969 store:0x00000078
          14420	      7206	001000e4	02058663	beq	x11,x0,100110	 x11:0x00000063  x0:0x00000000
          14424	      7208	001000e8	00b7a023	sw	x11,0(x15)	 x15:0x00020000 x11:0x00000063 PA:0x00020000 store:0x00000063 load:0x00000000
          14428	      7210	001000ec	00654603	lbu	x12,6(x10)	 x10:0x00101964 x12=0x00000074 PA:0x0010196a store:0x00000070
          14430	      7211	001000f0	02060063	beq	x12,x0,100110	 x12:0x00000074  x0:0x00000000
          14434	      7213	001000f4	00c7a023	sw	x12,0(x15)	 x15:0x00020000 x12:0x00000074 PA:0x00020000 store:0x00000074 load:0x00000000
          14438	      7215	001000f8	00754683	lbu	x13,7(x10)	 x10:0x00101964 x13=0x00000069 PA:0x0010196b store:0x00000065
          14440	      7216	001000fc	00850513	addi	x10,x10,8	 x10:0x00101964 x10=0x0010196c
          14442	      7217	00100100	00068863	beq	x13,x0,100110	 x13:0x00000069  x0:0x00000000
          14446	      7219	00100104	00d7a023	sw	x13,0(x15)	 x15:0x00020000 x13:0x00000069 PA:0x00020000 store:0x00000069 load:0x00000000
          14450	      7221	00100108	00054803	lbu	x16,0(x10)	 x10:0x0010196c x16=0x0000006e PA:0x0010196c store:0x00000000
          14454	      7223	0010010c	fa0810e3	bne	x16,x0,1000ac	 x16:0x0000006e  x0:0x00000000
          14460	      7226	001000ac	0107a023	sw	x16,0(x15)	 x15:0x00020000 x16:0x0000006e PA:0x00020000 store:0x0000006e load:0x00000000
          14464	      7228	001000b0	00154703	lbu	x14,1(x10)	 x10:0x0010196c x14=0x00000067 PA:0x0010196d store:0x00101548
          14466	      7229	001000b4	04070e63	beq	x14,x0,100110	 x14:0x00000067  x0:0x00000000
          14470	      7231	001000b8	00e7a023	sw	x14,0(x15)	 x15:0x00020000 x14:0x00000067 PA:0x00020000 store:0x00000067 load:0x00000000
          14474	      7233	001000bc	00254283	lbu	x5,2(x10)	 x10:0x0010196c  x5=0x0000003a PA:0x0010196e store:0x00137fd0
          14476	      7234	001000c0	04028863	beq	x5,x0,100110	  x5:0x0000003a  x0:0x00000000
          14480	      7236	001000c4	0057a023	sw	x5,0(x15)	 x15:0x00020000  x5:0x0000003a PA:0x00020000 store:0x0000003a load:0x00000000
          14484	      7238	001000c8	00354303	lbu	x6,3(x10)	 x10:0x0010196c  x6=0x00000020 PA:0x0010196f store:0x00000000
          14486	      7239	001000cc	04030263	beq	x6,x0,100110	  x6:0x00000020  x0:0x00000000
          14490	      7241	001000d0	0067a023	sw	x6,0(x15)	 x15:0x00020000  x6:0x00000020 PA:0x00020000 store:0x00000020 load:0x00000000
          14494	      7243	001000d4	00454383	lbu	x7,4(x10)	 x10:0x0010196c  x7=0x00000030 PA:0x00101970 store:0x00000000
          14496	      7244	001000d8	02038c63	beq	x7,x0,100110	  x7:0x00000030  x0:0x00000000
          14500	      7246	001000dc	0077a023	sw	x7,0(x15)	 x15:0x00020000  x7:0x00000030 PA:0x00020000 store:0x00000030 load:0x00000000
          14504	      7248	001000e0	00554583	lbu	x11,5(x10)	 x10:0x0010196c x11=0x00000078 PA:0x00101971 store:0x0000003a
          14506	      7249	001000e4	02058663	beq	x11,x0,100110	 x11:0x00000078  x0:0x00000000
          14510	      7251	001000e8	00b7a023	sw	x11,0(x15)	 x15:0x00020000 x11:0x00000078 PA:0x00020000 store:0x00000078 load:0x00000000
          14514	      7253	001000ec	00654603	lbu	x12,6(x10)	 x10:0x0010196c x12=0x00000030 PA:0x00101972 store:0x00000020
          14516	      7254	001000f0	02060063	beq	x12,x0,100110	 x12:0x00000030  x0:0x00000000
          14520	      7256	001000f4	00c7a023	sw	x12,0(x15)	 x15:0x00020000 x12:0x00000030 PA:0x00020000 store:0x00000030 load:0x00000000
          14524	      7258	001000f8	00754683	lbu	x13,7(x10)	 x10:0x0010196c x13=0x00000030 PA:0x00101973 store:0x00000030
          14526	      7259	001000fc	00850513	addi	x10,x10,8	 x10:0x0010196c x10=0x00101974
          14528	      7260	00100100	00068863	beq	x13,x0,100110	 x13:0x00000030  x0:0x00000000
          14532	      7262	00100104	00d7a023	sw	x13,0(x15)	 x15:0x00020000 x13:0x00000030 PA:0x00020000 store:0x00000030 load:0x00000000
          14536	      7264	00100108	00054803	lbu	x16,0(x10)	 x10:0x00101974 x16=0x00000030 PA:0x00101974 store:0x00000000
          14540	      7266	0010010c	fa0810e3	bne	x16,x0,1000ac	 x16:0x00000030  x0:0x00000000
          14546	      7269	001000ac	0107a023	sw	x16,0(x15)	 x15:0x00020000 x16:0x00000030 PA:0x00020000 store:0x00000030 load:0x00000000
          14550	      7271	001000b0	00154703	lbu	x14,1(x10)	 x10:0x00101974 x14=0x00000030 PA:0x00101975 store:0x00101548
          14552	      7272	001000b4	04070e63	beq	x14,x0,100110	 x14:0x00000030  x0:0x00000000
          14556	      7274	001000b8	00e7a023	sw	x14,0(x15)	 x15:0x00020000 x14:0x00000030 PA:0x00020000 store:0x00000030 load:0x00000000
          14560	      7276	001000bc	00254283	lbu	x5,2(x10)	 x10:0x00101974  x5=0x00000030 PA:0x00101976 store:0x00137fd0
          14562	      7277	001000c0	04028863	beq	x5,x0,100110	  x5:0x00000030  x0:0x00000000
          14566	      7279	001000c4	0057a023	sw	x5,0(x15)	 x15:0x00020000  x5:0x00000030 PA:0x00020000 store:0x00000030 load:0x00000000
          14570	      7281	001000c8	00354303	lbu	x6,3(x10)	 x10:0x00101974  x6=0x00000030 PA:0x00101977 store:0x00000000
          14572	      7282	001000cc	04030263	beq	x6,x0,100110	  x6:0x00000030  x0:0x00000000
          14576	      7284	001000d0	0067a023	sw	x6,0(x15)	 x15:0x00020000  x6:0x00000030 PA:0x00020000 store:0x00000030 load:0x00000000
          14580	      7286	001000d4	00454383	lbu	x7,4(x10)	 x10:0x00101974  x7=0x00000034 PA:0x00101978 store:0x00000000
          14582	      7287	001000d8	02038c63	beq	x7,x0,100110	  x7:0x00000034  x0:0x00000000
          14586	      7289	001000dc	0077a023	sw	x7,0(x15)	 x15:0x00020000  x7:0x00000034 PA:0x00020000 store:0x00000034 load:0x00000000
          14590	      7291	001000e0	00554583	lbu	x11,5(x10)	 x10:0x00101974 x11=0x00000037 PA:0x00101979 store:0x00000030
          14592	      7292	001000e4	02058663	beq	x11,x0,100110	 x11:0x00000037  x0:0x00000000
          14596	      7294	001000e8	00b7a023	sw	x11,0(x15)	 x15:0x00020000 x11:0x00000037 PA:0x00020000 store:0x00000037 load:0x00000000
          14600	      7296	001000ec	00654603	lbu	x12,6(x10)	 x10:0x00101974 x12=0x0000003a PA:0x0010197a store:0x00000030
          14602	      7297	001000f0	02060063	beq	x12,x0,100110	 x12:0x0000003a  x0:0x00000000
          14606	      7299	001000f4	00c7a023	sw	x12,0(x15)	 x15:0x00020000 x12:0x0000003a PA:0x00020000 store:0x0000003a load:0x00000000
          14610	      7301	001000f8	00754683	lbu	x13,7(x10)	 x10:0x00101974 x13=0x00000020 PA:0x0010197b store:0x00000034
          14612	      7302	001000fc	00850513	addi	x10,x10,8	 x10:0x00101974 x10=0x0010197c
          14614	      7303	00100100	00068863	beq	x13,x0,100110	 x13:0x00000020  x0:0x00000000
          14618	      7305	00100104	00d7a023	sw	x13,0(x15)	 x15:0x00020000 x13:0x00000020 PA:0x00020000 store:0x00000020 load:0x00000000
          14622	      7307	00100108	00054803	lbu	x16,0(x10)	 x10:0x0010197c x16=0x00000000 PA:0x0010197c store:0x00000000
          14624	      7308	0010010c	fa0810e3	bne	x16,x0,1000ac	 x16:0x00000000  x0:0x00000000
          14626	      7309	00100110	00000513	addi	x10,x0,0	  x0:0x00000000 x10=0x00000000
          14630	      7311	00100114	00008067	jalr	x0,0(x1)	  x1:0x00101548  x0=0x00000000
          14634	      7313	00101548	9e0c2503	lw	x10,-1568(x24)	 x24:0x00102000 x10=0x00000200 PA:0x001019e0 store:0x00000000
          14636	      7314	0010154c	00102d37	lui	x26,0x102	 x26=0x00102000
          14640	      7316	00101550	bd1fe0ef	jal	x1,100120	  x1=0x00101554
          14642	      7317	00100120	01c55793	srli	x15,x10,0x1c	 x10:0x00000200 x15=0x00000000
          14644	      7318	00100124	00900713	addi	x14,x0,9	  x0:0x00000000 x14=0x00000009
          14648	      7320	00100128	0cf77a63	bgeu	x14,x15,1001fc	 x14:0x00000009 x15:0x00000000
          14652	      7322	001001fc	03078393	addi	x7,x15,48	 x15:0x00000000  x7=0x00000030
          14654	      7323	00100200	000205b7	lui	x11,0x20	 x11=0x00020000
          14656	      7324	00100204	00451613	slli	x12,x10,0x4	 x10:0x00000200 x12=0x00002000
          14660	      7326	00100208	0075a023	sw	x7,0(x11)	 x11:0x00020000  x7:0x00000030 PA:0x00020000 store:0x00000030 load:0x00000000
          14662	      7327	0010020c	01c65693	srli	x13,x12,0x1c	 x12:0x00002000 x13=0x00000000
          14664	      7328	00100210	00900813	addi	x16,x0,9	  x0:0x00000000 x16=0x00000009
          14666	      7329	00100214	f2d86ae3	bltu	x16,x13,100148	 x16:0x00000009 x13:0x00000000
          14668	      7330	00100218	03068e93	addi	x29,x13,48	 x13:0x00000000 x29=0x00000030
          14670	      7331	0010021c	00020f37	lui	x30,0x20	 x30=0x00020000
          14672	      7332	00100220	00851f93	slli	x31,x10,0x8	 x10:0x00000200 x31=0x00020000
          14676	      7334	00100224	01df2023	sw	x29,0(x30)	 x30:0x00020000 x29:0x00000030 PA:0x00020000 store:0x00000030 load:0x00000000
          14678	      7335	00100228	01cfd793	srli	x15,x31,0x1c	 x31:0x00020000 x15=0x00000000
          14680	      7336	0010022c	00900713	addi	x14,x0,9	  x0:0x00000000 x14=0x00000009
          14682	      7337	00100230	f2f76ae3	bltu	x14,x15,100164	 x14:0x00000009 x15:0x00000000
          14684	      7338	00100234	03078393	addi	x7,x15,48	 x15:0x00000000  x7=0x00000030
          14686	      7339	00100238	000205b7	lui	x11,0x20	 x11=0x00020000
          14688	      7340	0010023c	00c51613	slli	x12,x10,0xc	 x10:0x00000200 x12=0x00200000
          14692	      7342	00100240	0075a023	sw	x7,0(x11)	 x11:0x00020000  x7:0x00000030 PA:0x00020000 store:0x00000030 load:0x00000000
          14694	      7343	00100244	01c65693	srli	x13,x12,0x1c	 x12:0x00200000 x13=0x00000000
          14696	      7344	00100248	00900813	addi	x16,x0,9	  x0:0x00000000 x16=0x00000009
          14698	      7345	0010024c	f2d86ae3	bltu	x16,x13,100180	 x16:0x00000009 x13:0x00000000
          14700	      7346	00100250	03068e93	addi	x29,x13,48	 x13:0x00000000 x29=0x00000030
          14702	      7347	00100254	00020f37	lui	x30,0x20	 x30=0x00020000
          14704	      7348	00100258	01051f93	slli	x31,x10,0x10	 x10:0x00000200 x31=0x02000000
          14708	      7350	0010025c	01df2023	sw	x29,0(x30)	 x30:0x00020000 x29:0x00000030 PA:0x00020000 store:0x00000030 load:0x00000000
          14710	      7351	00100260	01cfd793	srli	x15,x31,0x1c	 x31:0x02000000 x15=0x00000000
          14712	      7352	00100264	00900713	addi	x14,x0,9	  x0:0x00000000 x14=0x00000009
          14714	      7353	00100268	f2f76ae3	bltu	x14,x15,10019c	 x14:0x00000009 x15:0x00000000
          14716	      7354	0010026c	03078393	addi	x7,x15,48	 x15:0x00000000  x7=0x00000030
          14718	      7355	00100270	000205b7	lui	x11,0x20	 x11=0x00020000
          14720	      7356	00100274	01451613	slli	x12,x10,0x14	 x10:0x00000200 x12=0x20000000
          14724	      7358	00100278	0075a023	sw	x7,0(x11)	 x11:0x00020000  x7:0x00000030 PA:0x00020000 store:0x00000030 load:0x00000000
          14726	      7359	0010027c	01c65693	srli	x13,x12,0x1c	 x12:0x20000000 x13=0x00000002
          14728	      7360	00100280	00900813	addi	x16,x0,9	  x0:0x00000000 x16=0x00000009
          14730	      7361	00100284	f2d86ae3	bltu	x16,x13,1001b8	 x16:0x00000009 x13:0x00000002
          14732	      7362	00100288	03068e93	addi	x29,x13,48	 x13:0x00000002 x29=0x00000032
          14734	      7363	0010028c	00020f37	lui	x30,0x20	 x30=0x00020000
          14736	      7364	00100290	01851f93	slli	x31,x10,0x18	 x10:0x00000200 x31=0x00000000
          14740	      7366	00100294	01df2023	sw	x29,0(x30)	 x30:0x00020000 x29:0x00000032 PA:0x00020000 store:0x00000032 load:0x00000000
          14742	      7367	00100298	01cfd793	srli	x15,x31,0x1c	 x31:0x00000000 x15=0x00000000
          14744	      7368	0010029c	00900713	addi	x14,x0,9	  x0:0x00000000 x14=0x00000009
          14746	      7369	001002a0	f2f76ae3	bltu	x14,x15,1001d4	 x14:0x00000009 x15:0x00000000
          14748	      7370	001002a4	03078393	addi	x7,x15,48	 x15:0x00000000  x7=0x00000030
          14750	      7371	001002a8	000205b7	lui	x11,0x20	 x11=0x00020000
          14754	      7373	001002ac	0075a023	sw	x7,0(x11)	 x11:0x00020000  x7:0x00000030 PA:0x00020000 store:0x00000030 load:0x00000000
          14756	      7374	001002b0	00f57513	andi	x10,x10,15	 x10:0x00000200 x10=0x00000000
          14758	      7375	001002b4	00900613	addi	x12,x0,9	  x0:0x00000000 x12=0x00000009
          14762	      7377	001002b8	f2a67ae3	bgeu	x12,x10,1001ec	 x12:0x00000009 x10:0x00000000
          14766	      7379	001001ec	03050893	addi	x17,x10,48	 x10:0x00000000 x17=0x00000030
          14768	      7380	001001f0	00020e37	lui	x28,0x20	 x28=0x00020000
          14772	      7382	001001f4	011e2023	sw	x17,0(x28)	 x28:0x00020000 x17:0x00000030 PA:0x00020000 store:0x00000030 load:0x00000000
          14776	      7384	001001f8	00008067	jalr	x0,0(x1)	  x1:0x00101554  x0=0x00000000
          14780	      7386	00101554	a16a2623	sw	x22,-1524(x20)	 x20:0x00102000 x22:0x7f167699 PA:0x00101a0c store:0x7f167699 load:0x00000200
          14784	      7388	00101558	a129a423	sw	x18,-1528(x19)	 x19:0x00102000 x18:0x7f1dfc87 PA:0x00101a08 store:0x7f1dfc87 load:0x00000200
          14786	      7389	0010155c	980d0513	addi	x10,x26,-1664	 x26:0x00102000 x10=0x00101980
          14790	      7391	00101560	a0ca2a03	lw	x20,-1524(x20)	 x20:0x00102000 x20=0x7f167699 PA:0x00101a0c store:0x00000009
          14800	      7396	00101564	a089a983	lw	x19,-1528(x19)	 x19:0x00102000 x19=0x7f1dfc87 PA:0x00101a08 store:0x00102000
          14802	      7397	00101568	293a13d3	fmax.s	f7,f20,f19	 f20:0x7f167699 f19:0x7f1dfc87  f7=0x7f1dfc87
          14804	      7398	0010156c	9e7aa423	sw	x7,-1560(x21)	 x21:0x00102000  x7:0x7f1dfc87 PA:0x001019e8 store:0x7f1dfc87 load:0x7f1dfc87
          14806	      7399	00101570	b31fe0ef	jal	x1,1000a0	  x1=0x00101574
          14810	      7401	001000a0	00054803	lbu	x16,0(x10)	 x10:0x00101980 x16=0x0000000a PA:0x00101980 store:0x00000000
          14812	      7402	001000a4	06080663	beq	x16,x0,100110	 x16:0x0000000a  x0:0x00000000
          14814	      7403	001000a8	000207b7	lui	x15,0x20	 x15=0x00020000
          14818	      7405	001000ac	0107a023	sw	x16,0(x15)	 x15:0x00020000 x16:0x0000000a PA:0x00020000 store:0x0000000a load:0x00000000
          14822	      7407	001000b0	00154703	lbu	x14,1(x10)	 x10:0x00101980 x14=0x00000020 PA:0x00101981 store:0x00101574
          14824	      7408	001000b4	04070e63	beq	x14,x0,100110	 x14:0x00000020  x0:0x00000000
          14828	      7410	001000b8	00e7a023	sw	x14,0(x15)	 x15:0x00020000 x14:0x00000020 PA:0x00020000 store:0x00000020 load:0x00000000
          14832	      7412	001000bc	00254283	lbu	x5,2(x10)	 x10:0x00101980  x5=0x0000004d PA:0x00101982 store:0x00137fd0
          14834	      7413	001000c0	04028863	beq	x5,x0,100110	  x5:0x0000004d  x0:0x00000000
          14838	      7415	001000c4	0057a023	sw	x5,0(x15)	 x15:0x00020000  x5:0x0000004d PA:0x00020000 store:0x0000004d load:0x00000000
          14842	      7417	001000c8	00354303	lbu	x6,3(x10)	 x10:0x00101980  x6=0x00000041 PA:0x00101983 store:0x00000000
          14844	      7418	001000cc	04030263	beq	x6,x0,100110	  x6:0x00000041  x0:0x00000000
          14848	      7420	001000d0	0067a023	sw	x6,0(x15)	 x15:0x00020000  x6:0x00000041 PA:0x00020000 store:0x00000041 load:0x00000000
          14852	      7422	001000d4	00454383	lbu	x7,4(x10)	 x10:0x00101980  x7=0x00000058 PA:0x00101984 store:0x00000000
          14854	      7423	001000d8	02038c63	beq	x7,x0,100110	  x7:0x00000058  x0:0x00000000
          14858	      7425	001000dc	0077a023	sw	x7,0(x15)	 x15:0x00020000  x7:0x00000058 PA:0x00020000 store:0x00000058 load:0x00000000
          14862	      7427	001000e0	00554583	lbu	x11,5(x10)	 x10:0x00101980 x11=0x00000028 PA:0x00101985 store:0x0000004d
          14864	      7428	001000e4	02058663	beq	x11,x0,100110	 x11:0x00000028  x0:0x00000000
          14868	      7430	001000e8	00b7a023	sw	x11,0(x15)	 x15:0x00020000 x11:0x00000028 PA:0x00020000 store:0x00000028 load:0x00000000
          14872	      7432	001000ec	00654603	lbu	x12,6(x10)	 x10:0x00101980 x12=0x00000032 PA:0x00101986 store:0x00000041
          14874	      7433	001000f0	02060063	beq	x12,x0,100110	 x12:0x00000032  x0:0x00000000
          14878	      7435	001000f4	00c7a023	sw	x12,0(x15)	 x15:0x00020000 x12:0x00000032 PA:0x00020000 store:0x00000032 load:0x00000000
          14882	      7437	001000f8	00754683	lbu	x13,7(x10)	 x10:0x00101980 x13=0x0000002e PA:0x00101987 store:0x00000058
          14884	      7438	001000fc	00850513	addi	x10,x10,8	 x10:0x00101980 x10=0x00101988
          14886	      7439	00100100	00068863	beq	x13,x0,100110	 x13:0x0000002e  x0:0x00000000
          14890	      7441	00100104	00d7a023	sw	x13,0(x15)	 x15:0x00020000 x13:0x0000002e PA:0x00020000 store:0x0000002e load:0x00000000
          14894	      7443	00100108	00054803	lbu	x16,0(x10)	 x10:0x00101988 x16=0x00000030 PA:0x00101988 store:0x00000000
          14898	      7445	0010010c	fa0810e3	bne	x16,x0,1000ac	 x16:0x00000030  x0:0x00000000
          14904	      7448	001000ac	0107a023	sw	x16,0(x15)	 x15:0x00020000 x16:0x00000030 PA:0x00020000 store:0x00000030 load:0x00000000
          14908	      7450	001000b0	00154703	lbu	x14,1(x10)	 x10:0x00101988 x14=0x00000065 PA:0x00101989 store:0x00101574
          14910	      7451	001000b4	04070e63	beq	x14,x0,100110	 x14:0x00000065  x0:0x00000000
          14914	      7453	001000b8	00e7a023	sw	x14,0(x15)	 x15:0x00020000 x14:0x00000065 PA:0x00020000 store:0x00000065 load:0x00000000
          14918	      7455	001000bc	00254283	lbu	x5,2(x10)	 x10:0x00101988  x5=0x00000033 PA:0x0010198a store:0x00137fd0
          14920	      7456	001000c0	04028863	beq	x5,x0,100110	  x5:0x00000033  x0:0x00000000
          14924	      7458	001000c4	0057a023	sw	x5,0(x15)	 x15:0x00020000  x5:0x00000033 PA:0x00020000 store:0x00000033 load:0x00000000
          14928	      7460	001000c8	00354303	lbu	x6,3(x10)	 x10:0x00101988  x6=0x00000038 PA:0x0010198b store:0x00000000
          14930	      7461	001000cc	04030263	beq	x6,x0,100110	  x6:0x00000038  x0:0x00000000
          14934	      7463	001000d0	0067a023	sw	x6,0(x15)	 x15:0x00020000  x6:0x00000038 PA:0x00020000 store:0x00000038 load:0x00000000
          14938	      7465	001000d4	00454383	lbu	x7,4(x10)	 x10:0x00101988  x7=0x00000066 PA:0x0010198c store:0x00000000
          14940	      7466	001000d8	02038c63	beq	x7,x0,100110	  x7:0x00000066  x0:0x00000000
          14944	      7468	001000dc	0077a023	sw	x7,0(x15)	 x15:0x00020000  x7:0x00000066 PA:0x00020000 store:0x00000066 load:0x00000000
          14948	      7470	001000e0	00554583	lbu	x11,5(x10)	 x10:0x00101988 x11=0x0000002c PA:0x0010198d store:0x00000033
          14950	      7471	001000e4	02058663	beq	x11,x0,100110	 x11:0x0000002c  x0:0x00000000
          14954	      7473	001000e8	00b7a023	sw	x11,0(x15)	 x15:0x00020000 x11:0x0000002c PA:0x00020000 store:0x0000002c load:0x00000000
          14958	      7475	001000ec	00654603	lbu	x12,6(x10)	 x10:0x00101988 x12=0x00000020 PA:0x0010198e store:0x00000038
          14960	      7476	001000f0	02060063	beq	x12,x0,100110	 x12:0x00000020  x0:0x00000000
          14964	      7478	001000f4	00c7a023	sw	x12,0(x15)	 x15:0x00020000 x12:0x00000020 PA:0x00020000 store:0x00000020 load:0x00000000
          14968	      7480	001000f8	00754683	lbu	x13,7(x10)	 x10:0x00101988 x13=0x00000032 PA:0x0010198f store:0x00000066
          14970	      7481	001000fc	00850513	addi	x10,x10,8	 x10:0x00101988 x10=0x00101990
          14972	      7482	00100100	00068863	beq	x13,x0,100110	 x13:0x00000032  x0:0x00000000
          14976	      7484	00100104	00d7a023	sw	x13,0(x15)	 x15:0x00020000 x13:0x00000032 PA:0x00020000 store:0x00000032 load:0x00000000
          14980	      7486	00100108	00054803	lbu	x16,0(x10)	 x10:0x00101990 x16=0x0000002e PA:0x00101990 store:0x00000000
          14984	      7488	0010010c	fa0810e3	bne	x16,x0,1000ac	 x16:0x0000002e  x0:0x00000000
          14990	      7491	001000ac	0107a023	sw	x16,0(x15)	 x15:0x00020000 x16:0x0000002e PA:0x00020000 store:0x0000002e load:0x00000000
          14994	      7493	001000b0	00154703	lbu	x14,1(x10)	 x10:0x00101990 x14=0x00000031 PA:0x00101991 store:0x00101574
          14996	      7494	001000b4	04070e63	beq	x14,x0,100110	 x14:0x00000031  x0:0x00000000
          15000	      7496	001000b8	00e7a023	sw	x14,0(x15)	 x15:0x00020000 x14:0x00000031 PA:0x00020000 store:0x00000031 load:0x00000000
          15004	      7498	001000bc	00254283	lbu	x5,2(x10)	 x10:0x00101990  x5=0x00000065 PA:0x00101992 store:0x00137fd0
          15006	      7499	001000c0	04028863	beq	x5,x0,100110	  x5:0x00000065  x0:0x00000000
          15010	      7501	001000c4	0057a023	sw	x5,0(x15)	 x15:0x00020000  x5:0x00000065 PA:0x00020000 store:0x00000065 load:0x00000000
          15014	      7503	001000c8	00354303	lbu	x6,3(x10)	 x10:0x00101990  x6=0x00000033 PA:0x00101993 store:0x00000000
          15016	      7504	001000cc	04030263	beq	x6,x0,100110	  x6:0x00000033  x0:0x00000000
          15020	      7506	001000d0	0067a023	sw	x6,0(x15)	 x15:0x00020000  x6:0x00000033 PA:0x00020000 store:0x00000033 load:0x00000000
          15024	      7508	001000d4	00454383	lbu	x7,4(x10)	 x10:0x00101990  x7=0x00000038 PA:0x00101994 store:0x00000000
          15026	      7509	001000d8	02038c63	beq	x7,x0,100110	  x7:0x00000038  x0:0x00000000
          15030	      7511	001000dc	0077a023	sw	x7,0(x15)	 x15:0x00020000  x7:0x00000038 PA:0x00020000 store:0x00000038 load:0x00000000
          15034	      7513	001000e0	00554583	lbu	x11,5(x10)	 x10:0x00101990 x11=0x00000066 PA:0x00101995 store:0x00000065
          15036	      7514	001000e4	02058663	beq	x11,x0,100110	 x11:0x00000066  x0:0x00000000
          15040	      7516	001000e8	00b7a023	sw	x11,0(x15)	 x15:0x00020000 x11:0x00000066 PA:0x00020000 store:0x00000066 load:0x00000000
          15044	      7518	001000ec	00654603	lbu	x12,6(x10)	 x10:0x00101990 x12=0x00000029 PA:0x00101996 store:0x00000033
          15046	      7519	001000f0	02060063	beq	x12,x0,100110	 x12:0x00000029  x0:0x00000000
          15050	      7521	001000f4	00c7a023	sw	x12,0(x15)	 x15:0x00020000 x12:0x00000029 PA:0x00020000 store:0x00000029 load:0x00000000
          15054	      7523	001000f8	00754683	lbu	x13,7(x10)	 x10:0x00101990 x13=0x0000002c PA:0x00101997 store:0x00000038
          15056	      7524	001000fc	00850513	addi	x10,x10,8	 x10:0x00101990 x10=0x00101998
          15058	      7525	00100100	00068863	beq	x13,x0,100110	 x13:0x0000002c  x0:0x00000000
          15062	      7527	00100104	00d7a023	sw	x13,0(x15)	 x15:0x00020000 x13:0x0000002c PA:0x00020000 store:0x0000002c load:0x00000000
          15066	      7529	00100108	00054803	lbu	x16,0(x10)	 x10:0x00101998 x16=0x00000020 PA:0x00101998 store:0x00000000
          15070	      7531	0010010c	fa0810e3	bne	x16,x0,1000ac	 x16:0x00000020  x0:0x00000000
          15076	      7534	001000ac	0107a023	sw	x16,0(x15)	 x15:0x00020000 x16:0x00000020 PA:0x00020000 store:0x00000020 load:0x00000000
          15080	      7536	001000b0	00154703	lbu	x14,1(x10)	 x10:0x00101998 x14=0x00000065 PA:0x00101999 store:0x00101574
          15082	      7537	001000b4	04070e63	beq	x14,x0,100110	 x14:0x00000065  x0:0x00000000
          15086	      7539	001000b8	00e7a023	sw	x14,0(x15)	 x15:0x00020000 x14:0x00000065 PA:0x00020000 store:0x00000065 load:0x00000000
          15090	      7541	001000bc	00254283	lbu	x5,2(x10)	 x10:0x00101998  x5=0x00000078 PA:0x0010199a store:0x00137fd0
          15092	      7542	001000c0	04028863	beq	x5,x0,100110	  x5:0x00000078  x0:0x00000000
          15096	      7544	001000c4	0057a023	sw	x5,0(x15)	 x15:0x00020000  x5:0x00000078 PA:0x00020000 store:0x00000078 load:0x00000000
          15100	      7546	001000c8	00354303	lbu	x6,3(x10)	 x10:0x00101998  x6=0x00000070 PA:0x0010199b store:0x00000000
          15102	      7547	001000cc	04030263	beq	x6,x0,100110	  x6:0x00000070  x0:0x00000000
          15106	      7549	001000d0	0067a023	sw	x6,0(x15)	 x15:0x00020000  x6:0x00000070 PA:0x00020000 store:0x00000070 load:0x00000000
          15110	      7551	001000d4	00454383	lbu	x7,4(x10)	 x10:0x00101998  x7=0x00000065 PA:0x0010199c store:0x00000000
          15112	      7552	001000d8	02038c63	beq	x7,x0,100110	  x7:0x00000065  x0:0x00000000
          15116	      7554	001000dc	0077a023	sw	x7,0(x15)	 x15:0x00020000  x7:0x00000065 PA:0x00020000 store:0x00000065 load:0x00000000
          15120	      7556	001000e0	00554583	lbu	x11,5(x10)	 x10:0x00101998 x11=0x00000063 PA:0x0010199d store:0x00000078
          15122	      7557	001000e4	02058663	beq	x11,x0,100110	 x11:0x00000063  x0:0x00000000
          15126	      7559	001000e8	00b7a023	sw	x11,0(x15)	 x15:0x00020000 x11:0x00000063 PA:0x00020000 store:0x00000063 load:0x00000000
          15130	      7561	001000ec	00654603	lbu	x12,6(x10)	 x10:0x00101998 x12=0x00000074 PA:0x0010199e store:0x00000070
          15132	      7562	001000f0	02060063	beq	x12,x0,100110	 x12:0x00000074  x0:0x00000000
          15136	      7564	001000f4	00c7a023	sw	x12,0(x15)	 x15:0x00020000 x12:0x00000074 PA:0x00020000 store:0x00000074 load:0x00000000
          15140	      7566	001000f8	00754683	lbu	x13,7(x10)	 x10:0x00101998 x13=0x00000069 PA:0x0010199f store:0x00000065
          15142	      7567	001000fc	00850513	addi	x10,x10,8	 x10:0x00101998 x10=0x001019a0
          15144	      7568	00100100	00068863	beq	x13,x0,100110	 x13:0x00000069  x0:0x00000000
          15148	      7570	00100104	00d7a023	sw	x13,0(x15)	 x15:0x00020000 x13:0x00000069 PA:0x00020000 store:0x00000069 load:0x00000000
          15152	      7572	00100108	00054803	lbu	x16,0(x10)	 x10:0x001019a0 x16=0x0000006e PA:0x001019a0 store:0x00000000
          15156	      7574	0010010c	fa0810e3	bne	x16,x0,1000ac	 x16:0x0000006e  x0:0x00000000
          15162	      7577	001000ac	0107a023	sw	x16,0(x15)	 x15:0x00020000 x16:0x0000006e PA:0x00020000 store:0x0000006e load:0x00000000
          15166	      7579	001000b0	00154703	lbu	x14,1(x10)	 x10:0x001019a0 x14=0x00000067 PA:0x001019a1 store:0x00101574
          15168	      7580	001000b4	04070e63	beq	x14,x0,100110	 x14:0x00000067  x0:0x00000000
          15172	      7582	001000b8	00e7a023	sw	x14,0(x15)	 x15:0x00020000 x14:0x00000067 PA:0x00020000 store:0x00000067 load:0x00000000
          15176	      7584	001000bc	00254283	lbu	x5,2(x10)	 x10:0x001019a0  x5=0x0000003a PA:0x001019a2 store:0x00137fd0
          15178	      7585	001000c0	04028863	beq	x5,x0,100110	  x5:0x0000003a  x0:0x00000000
          15182	      7587	001000c4	0057a023	sw	x5,0(x15)	 x15:0x00020000  x5:0x0000003a PA:0x00020000 store:0x0000003a load:0x00000000
          15186	      7589	001000c8	00354303	lbu	x6,3(x10)	 x10:0x001019a0  x6=0x00000020 PA:0x001019a3 store:0x00000000
          15188	      7590	001000cc	04030263	beq	x6,x0,100110	  x6:0x00000020  x0:0x00000000
          15192	      7592	001000d0	0067a023	sw	x6,0(x15)	 x15:0x00020000  x6:0x00000020 PA:0x00020000 store:0x00000020 load:0x00000000
          15196	      7594	001000d4	00454383	lbu	x7,4(x10)	 x10:0x001019a0  x7=0x00000030 PA:0x001019a4 store:0x00000000
          15198	      7595	001000d8	02038c63	beq	x7,x0,100110	  x7:0x00000030  x0:0x00000000
          15202	      7597	001000dc	0077a023	sw	x7,0(x15)	 x15:0x00020000  x7:0x00000030 PA:0x00020000 store:0x00000030 load:0x00000000
          15206	      7599	001000e0	00554583	lbu	x11,5(x10)	 x10:0x001019a0 x11=0x00000078 PA:0x001019a5 store:0x0000003a
          15208	      7600	001000e4	02058663	beq	x11,x0,100110	 x11:0x00000078  x0:0x00000000
          15212	      7602	001000e8	00b7a023	sw	x11,0(x15)	 x15:0x00020000 x11:0x00000078 PA:0x00020000 store:0x00000078 load:0x00000000
          15216	      7604	001000ec	00654603	lbu	x12,6(x10)	 x10:0x001019a0 x12=0x00000037 PA:0x001019a6 store:0x00000020
          15218	      7605	001000f0	02060063	beq	x12,x0,100110	 x12:0x00000037  x0:0x00000000
          15222	      7607	001000f4	00c7a023	sw	x12,0(x15)	 x15:0x00020000 x12:0x00000037 PA:0x00020000 store:0x00000037 load:0x00000000
          15226	      7609	001000f8	00754683	lbu	x13,7(x10)	 x10:0x001019a0 x13=0x00000066 PA:0x001019a7 store:0x00000030
          15228	      7610	001000fc	00850513	addi	x10,x10,8	 x10:0x001019a0 x10=0x001019a8
          15230	      7611	00100100	00068863	beq	x13,x0,100110	 x13:0x00000066  x0:0x00000000
          15234	      7613	00100104	00d7a023	sw	x13,0(x15)	 x15:0x00020000 x13:0x00000066 PA:0x00020000 store:0x00000066 load:0x00000000
          15238	      7615	00100108	00054803	lbu	x16,0(x10)	 x10:0x001019a8 x16=0x00000031 PA:0x001019a8 store:0x00000000
          15242	      7617	0010010c	fa0810e3	bne	x16,x0,1000ac	 x16:0x00000031  x0:0x00000000
          15248	      7620	001000ac	0107a023	sw	x16,0(x15)	 x15:0x00020000 x16:0x00000031 PA:0x00020000 store:0x00000031 load:0x00000000
          15252	      7622	001000b0	00154703	lbu	x14,1(x10)	 x10:0x001019a8 x14=0x00000064 PA:0x001019a9 store:0x00101574
          15254	      7623	001000b4	04070e63	beq	x14,x0,100110	 x14:0x00000064  x0:0x00000000
          15258	      7625	001000b8	00e7a023	sw	x14,0(x15)	 x15:0x00020000 x14:0x00000064 PA:0x00020000 store:0x00000064 load:0x00000000
          15262	      7627	001000bc	00254283	lbu	x5,2(x10)	 x10:0x001019a8  x5=0x00000066 PA:0x001019aa store:0x00137fd0
          15264	      7628	001000c0	04028863	beq	x5,x0,100110	  x5:0x00000066  x0:0x00000000
          15268	      7630	001000c4	0057a023	sw	x5,0(x15)	 x15:0x00020000  x5:0x00000066 PA:0x00020000 store:0x00000066 load:0x00000000
          15272	      7632	001000c8	00354303	lbu	x6,3(x10)	 x10:0x001019a8  x6=0x00000063 PA:0x001019ab store:0x00000000
          15274	      7633	001000cc	04030263	beq	x6,x0,100110	  x6:0x00000063  x0:0x00000000
          15278	      7635	001000d0	0067a023	sw	x6,0(x15)	 x15:0x00020000  x6:0x00000063 PA:0x00020000 store:0x00000063 load:0x00000000
          15282	      7637	001000d4	00454383	lbu	x7,4(x10)	 x10:0x001019a8  x7=0x00000038 PA:0x001019ac store:0x00000000
          15284	      7638	001000d8	02038c63	beq	x7,x0,100110	  x7:0x00000038  x0:0x00000000
          15288	      7640	001000dc	0077a023	sw	x7,0(x15)	 x15:0x00020000  x7:0x00000038 PA:0x00020000 store:0x00000038 load:0x00000000
          15292	      7642	001000e0	00554583	lbu	x11,5(x10)	 x10:0x001019a8 x11=0x00000037 PA:0x001019ad store:0x00000066
          15294	      7643	001000e4	02058663	beq	x11,x0,100110	 x11:0x00000037  x0:0x00000000
          15298	      7645	001000e8	00b7a023	sw	x11,0(x15)	 x15:0x00020000 x11:0x00000037 PA:0x00020000 store:0x00000037 load:0x00000000
          15302	      7647	001000ec	00654603	lbu	x12,6(x10)	 x10:0x001019a8 x12=0x0000003a PA:0x001019ae store:0x00000063
          15304	      7648	001000f0	02060063	beq	x12,x0,100110	 x12:0x0000003a  x0:0x00000000
          15308	      7650	001000f4	00c7a023	sw	x12,0(x15)	 x15:0x00020000 x12:0x0000003a PA:0x00020000 store:0x0000003a load:0x00000000
          15312	      7652	001000f8	00754683	lbu	x13,7(x10)	 x10:0x001019a8 x13=0x00000020 PA:0x001019af store:0x00000038
          15314	      7653	001000fc	00850513	addi	x10,x10,8	 x10:0x001019a8 x10=0x001019b0
          15316	      7654	00100100	00068863	beq	x13,x0,100110	 x13:0x00000020  x0:0x00000000
          15320	      7656	00100104	00d7a023	sw	x13,0(x15)	 x15:0x00020000 x13:0x00000020 PA:0x00020000 store:0x00000020 load:0x00000000
          15324	      7658	00100108	00054803	lbu	x16,0(x10)	 x10:0x001019b0 x16=0x00000000 PA:0x001019b0 store:0x00000000
          15326	      7659	0010010c	fa0810e3	bne	x16,x0,1000ac	 x16:0x00000000  x0:0x00000000
          15328	      7660	00100110	00000513	addi	x10,x0,0	  x0:0x00000000 x10=0x00000000
          15332	      7662	00100114	00008067	jalr	x0,0(x1)	  x1:0x00101574  x0=0x00000000
          15336	      7664	00101574	9e0c2503	lw	x10,-1568(x24)	 x24:0x00102000 x10=0x00000200 PA:0x001019e0 store:0x00000000
          15338	      7665	00101578	00102c37	lui	x24,0x102	 x24=0x00102000
          15342	      7667	0010157c	ba5fe0ef	jal	x1,100120	  x1=0x00101580
          15344	      7668	00100120	01c55793	srli	x15,x10,0x1c	 x10:0x00000200 x15=0x00000000
          15346	      7669	00100124	00900713	addi	x14,x0,9	  x0:0x00000000 x14=0x00000009
          15350	      7671	00100128	0cf77a63	bgeu	x14,x15,1001fc	 x14:0x00000009 x15:0x00000000
          15354	      7673	001001fc	03078393	addi	x7,x15,48	 x15:0x00000000  x7=0x00000030
          15356	      7674	00100200	000205b7	lui	x11,0x20	 x11=0x00020000
          15358	      7675	00100204	00451613	slli	x12,x10,0x4	 x10:0x00000200 x12=0x00002000
          15362	      7677	00100208	0075a023	sw	x7,0(x11)	 x11:0x00020000  x7:0x00000030 PA:0x00020000 store:0x00000030 load:0x00000000
          15364	      7678	0010020c	01c65693	srli	x13,x12,0x1c	 x12:0x00002000 x13=0x00000000
          15366	      7679	00100210	00900813	addi	x16,x0,9	  x0:0x00000000 x16=0x00000009
          15368	      7680	00100214	f2d86ae3	bltu	x16,x13,100148	 x16:0x00000009 x13:0x00000000
          15370	      7681	00100218	03068e93	addi	x29,x13,48	 x13:0x00000000 x29=0x00000030
          15372	      7682	0010021c	00020f37	lui	x30,0x20	 x30=0x00020000
          15374	      7683	00100220	00851f93	slli	x31,x10,0x8	 x10:0x00000200 x31=0x00020000
          15378	      7685	00100224	01df2023	sw	x29,0(x30)	 x30:0x00020000 x29:0x00000030 PA:0x00020000 store:0x00000030 load:0x00000000
          15380	      7686	00100228	01cfd793	srli	x15,x31,0x1c	 x31:0x00020000 x15=0x00000000
          15382	      7687	0010022c	00900713	addi	x14,x0,9	  x0:0x00000000 x14=0x00000009
          15384	      7688	00100230	f2f76ae3	bltu	x14,x15,100164	 x14:0x00000009 x15:0x00000000
          15386	      7689	00100234	03078393	addi	x7,x15,48	 x15:0x00000000  x7=0x00000030
          15388	      7690	00100238	000205b7	lui	x11,0x20	 x11=0x00020000
          15390	      7691	0010023c	00c51613	slli	x12,x10,0xc	 x10:0x00000200 x12=0x00200000
          15394	      7693	00100240	0075a023	sw	x7,0(x11)	 x11:0x00020000  x7:0x00000030 PA:0x00020000 store:0x00000030 load:0x00000000
          15396	      7694	00100244	01c65693	srli	x13,x12,0x1c	 x12:0x00200000 x13=0x00000000
          15398	      7695	00100248	00900813	addi	x16,x0,9	  x0:0x00000000 x16=0x00000009
          15400	      7696	0010024c	f2d86ae3	bltu	x16,x13,100180	 x16:0x00000009 x13:0x00000000
          15402	      7697	00100250	03068e93	addi	x29,x13,48	 x13:0x00000000 x29=0x00000030
          15404	      7698	00100254	00020f37	lui	x30,0x20	 x30=0x00020000
          15406	      7699	00100258	01051f93	slli	x31,x10,0x10	 x10:0x00000200 x31=0x02000000
          15410	      7701	0010025c	01df2023	sw	x29,0(x30)	 x30:0x00020000 x29:0x00000030 PA:0x00020000 store:0x00000030 load:0x00000000
          15412	      7702	00100260	01cfd793	srli	x15,x31,0x1c	 x31:0x02000000 x15=0x00000000
          15414	      7703	00100264	00900713	addi	x14,x0,9	  x0:0x00000000 x14=0x00000009
          15416	      7704	00100268	f2f76ae3	bltu	x14,x15,10019c	 x14:0x00000009 x15:0x00000000
          15418	      7705	0010026c	03078393	addi	x7,x15,48	 x15:0x00000000  x7=0x00000030
          15420	      7706	00100270	000205b7	lui	x11,0x20	 x11=0x00020000
          15422	      7707	00100274	01451613	slli	x12,x10,0x14	 x10:0x00000200 x12=0x20000000
          15426	      7709	00100278	0075a023	sw	x7,0(x11)	 x11:0x00020000  x7:0x00000030 PA:0x00020000 store:0x00000030 load:0x00000000
          15428	      7710	0010027c	01c65693	srli	x13,x12,0x1c	 x12:0x20000000 x13=0x00000002
          15430	      7711	00100280	00900813	addi	x16,x0,9	  x0:0x00000000 x16=0x00000009
          15432	      7712	00100284	f2d86ae3	bltu	x16,x13,1001b8	 x16:0x00000009 x13:0x00000002
          15434	      7713	00100288	03068e93	addi	x29,x13,48	 x13:0x00000002 x29=0x00000032
          15436	      7714	0010028c	00020f37	lui	x30,0x20	 x30=0x00020000
          15438	      7715	00100290	01851f93	slli	x31,x10,0x18	 x10:0x00000200 x31=0x00000000
          15442	      7717	00100294	01df2023	sw	x29,0(x30)	 x30:0x00020000 x29:0x00000032 PA:0x00020000 store:0x00000032 load:0x00000000
          15444	      7718	00100298	01cfd793	srli	x15,x31,0x1c	 x31:0x00000000 x15=0x00000000
          15446	      7719	0010029c	00900713	addi	x14,x0,9	  x0:0x00000000 x14=0x00000009
          15448	      7720	001002a0	f2f76ae3	bltu	x14,x15,1001d4	 x14:0x00000009 x15:0x00000000
          15450	      7721	001002a4	03078393	addi	x7,x15,48	 x15:0x00000000  x7=0x00000030
          15452	      7722	001002a8	000205b7	lui	x11,0x20	 x11=0x00020000
          15456	      7724	001002ac	0075a023	sw	x7,0(x11)	 x11:0x00020000  x7:0x00000030 PA:0x00020000 store:0x00000030 load:0x00000000
          15458	      7725	001002b0	00f57513	andi	x10,x10,15	 x10:0x00000200 x10=0x00000000
          15460	      7726	001002b4	00900613	addi	x12,x0,9	  x0:0x00000000 x12=0x00000009
          15464	      7728	001002b8	f2a67ae3	bgeu	x12,x10,1001ec	 x12:0x00000009 x10:0x00000000
          15468	      7730	001001ec	03050893	addi	x17,x10,48	 x10:0x00000000 x17=0x00000030
          15470	      7731	001001f0	00020e37	lui	x28,0x20	 x28=0x00020000
          15474	      7733	001001f4	011e2023	sw	x17,0(x28)	 x28:0x00020000 x17:0x00000030 PA:0x00020000 store:0x00000030 load:0x00000000
          15478	      7735	001001f8	00008067	jalr	x0,0(x1)	  x1:0x00101580  x0=0x00000000
          15480	      7736	00101580	9b4c0513	addi	x10,x24,-1612	 x24:0x00102000 x10=0x001019b4
          15484	      7738	00101584	b1dfe0ef	jal	x1,1000a0	  x1=0x00101588
          15488	      7740	001000a0	00054803	lbu	x16,0(x10)	 x10:0x001019b4 x16=0x0000000a PA:0x001019b4 store:0x00000000
          15490	      7741	001000a4	06080663	beq	x16,x0,100110	 x16:0x0000000a  x0:0x00000000
          15492	      7742	001000a8	000207b7	lui	x15,0x20	 x15=0x00020000
          15496	      7744	001000ac	0107a023	sw	x16,0(x15)	 x15:0x00020000 x16:0x0000000a PA:0x00020000 store:0x0000000a load:0x00000000
          15500	      7746	001000b0	00154703	lbu	x14,1(x10)	 x10:0x001019b4 x14=0x0000000a PA:0x001019b5 store:0x00101588
          15502	      7747	001000b4	04070e63	beq	x14,x0,100110	 x14:0x0000000a  x0:0x00000000
          15506	      7749	001000b8	00e7a023	sw	x14,0(x15)	 x15:0x00020000 x14:0x0000000a PA:0x00020000 store:0x0000000a load:0x00000000
          15510	      7751	001000bc	00254283	lbu	x5,2(x10)	 x10:0x001019b4  x5=0x00000000 PA:0x001019b6 store:0x00137fd0
          15514	      7753	001000c0	04028863	beq	x5,x0,100110	  x5:0x00000000  x0:0x00000000
          15518	      7755	00100110	00000513	addi	x10,x0,0	  x0:0x00000000 x10=0x00000000
          15522	      7757	00100114	00008067	jalr	x0,0(x1)	  x1:0x00101588  x0=0x00000000
          15524	      7758	00101588	00000513	addi	x10,x0,0	  x0:0x00000000 x10=0x00000000
          15528	      7760	0010158c	ed5fe0ef	jal	x1,100460	  x1=0x00101590
          15530	      7761	00100460	00153513	sltiu	x10,x10,1	 x10:0x00000000 x10=0x00000001
          15532	      7762	00100464	40a002b3	sub	x5,x0,x10	  x0:0x00000000 x10:0x00000001  x5=0xffffffff
          15534	      7763	00100468	32029073	csrrw	x0,mcountinhibit,x5	  x5:0xffffffff  x0=0x00000000
          15538	      7765	0010046c	00008067	jalr	x0,0(x1)	  x1:0x00101590  x0=0x00000000
          15540	      7766	00101590	7d000513	addi	x10,x0,2000	  x0:0x00000000 x10=0x000007d0
          15542	      7767	00101594	00000593	addi	x11,x0,0	  x0:0x00000000 x11=0x00000000
          15546	      7769	00101598	d68ff0ef	jal	x1,100b00	  x1=0x0010159c
          15548	      7770	00100b00	001026b7	lui	x13,0x102	 x13=0x00102000
          15550	      7771	00100b04	00000813	addi	x16,x0,0	  x0:0x00000000 x16=0x00000000
          15552	      7772	00100b08	001027b7	lui	x15,0x102	 x15=0x00102000
          15554	      7773	00100b0c	00030737	lui	x14,0x30	 x14=0x00030000
          15556	      7774	00100b10	00000893	addi	x17,x0,0	  x0:0x00000000 x17=0x00000000
          15560	      7776	00100b14	9d06a823	sw	x16,-1584(x13)	 x13:0x00102000 x16:0x00000000 PA:0x001019d0 store:0x00000000 load:0x00000a0a
          15564	      7778	00100b18	9d16aa23	sw	x17,-1580(x13)	 x13:0x00102000 x17:0x00000000 PA:0x001019d4 store:0x00000000 load:0x00000a0a
          15568	      7780	00100b1c	9ca7a423	sw	x10,-1592(x15)	 x15:0x00102000 x10:0x000007d0 PA:0x001019c8 store:0x000007d0 load:0x00000a0a
          15572	      7782	00100b20	9cb7a623	sw	x11,-1588(x15)	 x15:0x00102000 x11:0x00000000 PA:0x001019cc store:0x00000000 load:0x00000a0a
          15574	      7783	00100b24	00030637	lui	x12,0x30	 x12=0x00030000
          15576	      7784	00100b28	00470293	addi	x5,x14,4	 x14:0x00030000  x5=0x00030004
          15580	      7786	00100b2c	0002a783	lw	x15,0(x5)	  x5:0x00030004 x15=0x00000000 PA:0x00030004 store:0x00000000
          15584	      7788	00100b30	00062683	lw	x13,0(x12)	 x12:0x00030000 x13=0x00001e6a PA:0x00030000 store:0x00000000
          15588	      7790	00100b34	0002a303	lw	x6,0(x5)	  x5:0x00030004  x6=0x00000000 PA:0x00030004 store:0x00000000
          15592	      7792	00100b38	06678a63	beq	x15,x6,100bac	 x15:0x00000000  x6:0x00000000
          15596	      7794	00100bac	000308b7	lui	x17,0x30	 x17=0x00030000
          15598	      7795	00100bb0	00a68533	add	x10,x13,x10	 x13:0x00001e6a x10:0x000007d0 x10=0x0000263a
          15600	      7796	00100bb4	00888293	addi	x5,x17,8	 x17:0x00030000  x5=0x00030008
          15602	      7797	00100bb8	00b783b3	add	x7,x15,x11	 x15:0x00000000 x11:0x00000000  x7=0x00000000
          15604	      7798	00100bbc	00d53333	sltu	x6,x10,x13	 x10:0x0000263a x13:0x00001e6a  x6=0x00000000
          15606	      7799	00100bc0	fff00593	addi	x11,x0,-1	  x0:0x00000000 x11=0xffffffff
          15610	      7801	00100bc4	00b2a023	sw	x11,0(x5)	  x5:0x00030008 x11:0xffffffff PA:0x00030008 store:0xffffffff load:0x00000000
          15612	      7802	00100bc8	00030637	lui	x12,0x30	 x12=0x00030000
          15614	      7803	00100bcc	00730e33	add	x28,x6,x7	  x6:0x00000000  x7:0x00000000 x28=0x00000000
          15618	      7805	00100bd0	01c62623	sw	x28,12(x12)	 x12:0x00030000 x28:0x00000000 PA:0x0003000c store:0x00000000 load:0x00000000
          15622	      7807	00100bd4	00a2a023	sw	x10,0(x5)	  x5:0x00030008 x10:0x0000263a PA:0x00030008 store:0x0000263a load:0xffffffff
          15624	      7808	00100bd8	08000e93	addi	x29,x0,128	  x0:0x00000000 x29=0x00000080
          15626	      7809	00100bdc	304ea073	csrrs	x0,mie,x29	 x29:0x00000080  x0=0x00000000
          15632	      7812	00100be0	00800f13	addi	x30,x0,8	  x0:0x00000000 x30=0x00000008
          15634	      7813	00100be4	300f2073	csrrs	x0,mstatus,x30	 x30:0x00000008  x0=0x00000000
          15642	      7817	00100be8	00008067	jalr	x0,0(x1)	  x1:0x0010159c  x0=0x00000000
          15646	      7819	0010159c	f24ff0ef	jal	x1,100cc0	  x1=0x001015a0
          15648	      7820	00100cc0	001027b7	lui	x15,0x102	 x15=0x00102000
          15652	      7822	00100cc4	9d07a503	lw	x10,-1584(x15)	 x15:0x00102000 x10=0x00000000 PA:0x001019d0 store:0x00000000
          15656	      7824	00100cc8	9d47a583	lw	x11,-1580(x15)	 x15:0x00102000 x11=0x00000000 PA:0x001019d4 store:0x7f167699
          15660	      7826	00100ccc	00008067	jalr	x0,0(x1)	  x1:0x001015a0  x0=0x00000000
          15662	      7827	001015a0	00058d13	addi	x26,x11,0	 x11:0x00000000 x26=0x00000000
          15664	      7828	001015a4	00050913	addi	x18,x10,0	 x10:0x00000000 x18=0x00000000
          15666	      7829	001015a8	06059a63	bne	x11,x0,10161c	 x11:0x00000000  x0:0x00000000
          15668	      7830	001015ac	00400a93	addi	x21,x0,4	  x0:0x00000000 x21=0x00000004
          15670	      7831	001015b0	06aae663	bltu	x21,x10,10161c	 x21:0x00000004 x10:0x00000000
          15674	      7833	001015b4	f0cff0ef	jal	x1,100cc0	  x1=0x001015b8
          15676	      7834	00100cc0	001027b7	lui	x15,0x102	 x15=0x00102000
          15680	      7836	00100cc4	9d07a503	lw	x10,-1584(x15)	 x15:0x00102000 x10=0x00000000 PA:0x001019d0 store:0x00000000
          15684	      7838	00100cc8	9d47a583	lw	x11,-1580(x15)	 x15:0x00102000 x11=0x00000000 PA:0x001019d4 store:0x7f167699
          15688	      7840	00100ccc	00008067	jalr	x0,0(x1)	  x1:0x001015b8  x0=0x00000000
          15690	      7841	001015b8	00102bb7	lui	x23,0x102	 x23=0x00102000
          15692	      7842	001015bc	00050413	addi	x8,x10,0	 x10:0x00000000  x8=0x00000000
          15694	      7843	001015c0	00157793	andi	x15,x10,1	 x10:0x00000000 x15=0x00000000
          15696	      7844	001015c4	00400c93	addi	x25,x0,4	  x0:0x00000000 x25=0x00000004
          15698	      7845	001015c8	00102b37	lui	x22,0x102	 x22=0x00102000
          15700	      7846	001015cc	9b8b8513	addi	x10,x23,-1608	 x23:0x00102000 x10=0x001019b8
          15702	      7847	001015d0	00058493	addi	x9,x11,0	 x11:0x00000000  x9=0x00000000
          15706	      7849	001015d4	03240e63	beq	x8,x18,101610	  x8:0x00000000 x18:0x00000000
          15710	      7851	00101610	fda594e3	bne	x11,x26,1015d8	 x11:0x00000000 x26:0x00000000
          15712	      7852	00101614	10500073	wfi	
          19594	      9793	0010001c	6890006f	jal	x0,100ea4	  x0=0x00000000
          19598	      9795	00100ea4	e2dff06f	jal	x0,100cd0	  x0=0x00000000
          19600	      9796	00100cd0	fe010113	addi	x2,x2,-32	  x2:0x00137fd0  x2=0x00137fb0
          19604	      9798	00100cd4	00f12423	sw	x15,8(x2)	  x2:0x00137fb0 x15:0x00000000 PA:0x00137fb8 store:0x00000000 load:0x00000000
          19606	      9799	00100cd8	001027b7	lui	x15,0x102	 x15=0x00102000
          19610	      9801	00100cdc	00b12c23	sw	x11,24(x2)	  x2:0x00137fb0 x11:0x00000000 PA:0x00137fc8 store:0x00000000 load:0x00000000
          19614	      9803	00100ce0	01012223	sw	x16,4(x2)	  x2:0x00137fb0 x16:0x00000000 PA:0x00137fb4 store:0x00000000 load:0x00000000
          19618	      9805	00100ce4	9c87a583	lw	x11,-1592(x15)	 x15:0x00102000 x11=0x000007d0 PA:0x001019c8 store:0x00000000
          19622	      9807	00100ce8	9cc7a803	lw	x16,-1588(x15)	 x15:0x00102000 x16=0x00000000 PA:0x001019cc store:0x00030000
          19626	      9809	00100cec	00e12623	sw	x14,12(x2)	  x2:0x00137fb0 x14:0x00030000 PA:0x00137fbc store:0x00030000 load:0x00000000
          19628	      9810	00100cf0	00030737	lui	x14,0x30	 x14=0x00030000
          19632	      9812	00100cf4	00c12a23	sw	x12,20(x2)	  x2:0x00137fb0 x12:0x00030000 PA:0x00137fc4 store:0x00030000 load:0x00000000
          19636	      9814	00100cf8	01112023	sw	x17,0(x2)	  x2:0x00137fb0 x17:0x00030000 PA:0x00137fb0 store:0x00030000 load:0x00000000
          19640	      9816	00100cfc	00a12e23	sw	x10,28(x2)	  x2:0x00137fb0 x10:0x001019b8 PA:0x00137fcc store:0x001019b8 load:0x00000000
          19644	      9818	00100d00	00d12823	sw	x13,16(x2)	  x2:0x00137fb0 x13:0x00001e6a PA:0x00137fc0 store:0x00001e6a load:0x00000000
          19646	      9819	00100d04	00030637	lui	x12,0x30	 x12=0x00030000
          19648	      9820	00100d08	00470893	addi	x17,x14,4	 x14:0x00030000 x17=0x00030004
          19652	      9822	00100d0c	0008a783	lw	x15,0(x17)	 x17:0x00030004 x15=0x00000000 PA:0x00030004 store:0x00000000
          19656	      9824	00100d10	00062683	lw	x13,0(x12)	 x12:0x00030000 x13=0x0000265e PA:0x00030000 store:0x00000000
          19660	      9826	00100d14	0008a503	lw	x10,0(x17)	 x17:0x00030004 x10=0x00000000 PA:0x00030004 store:0x00000000
          19664	      9828	00100d18	06a78a63	beq	x15,x10,100d8c	 x15:0x00000000 x10:0x00000000
          19668	      9830	00100d8c	00b688b3	add	x17,x13,x11	 x13:0x0000265e x11:0x000007d0 x17=0x00002e2e
          19670	      9831	00100d90	00030637	lui	x12,0x30	 x12=0x00030000
          19672	      9832	00100d94	00d8b6b3	sltu	x13,x17,x13	 x17:0x00002e2e x13:0x0000265e x13=0x00000000
          19674	      9833	00100d98	01078833	add	x16,x15,x16	 x15:0x00000000 x16:0x00000000 x16=0x00000000
          19676	      9834	00100d9c	fff00513	addi	x10,x0,-1	  x0:0x00000000 x10=0xffffffff
          19680	      9836	00100da0	00a62423	sw	x10,8(x12)	 x12:0x00030000 x10:0xffffffff PA:0x00030008 store:0xffffffff load:0x0000263a
          19682	      9837	00100da4	010687b3	add	x15,x13,x16	 x13:0x00000000 x16:0x00000000 x15=0x00000000
          19684	      9838	00100da8	000305b7	lui	x11,0x30	 x11=0x00030000
          19688	      9840	00100dac	00f5a623	sw	x15,12(x11)	 x11:0x00030000 x15:0x00000000 PA:0x0003000c store:0x00000000 load:0x00000000
          19692	      9842	00100db0	01162423	sw	x17,8(x12)	 x12:0x00030000 x17:0x00002e2e PA:0x00030008 store:0x00002e2e load:0xffffffff
          19694	      9843	00100db4	001026b7	lui	x13,0x102	 x13=0x00102000
          19698	      9845	00100db8	9d06a703	lw	x14,-1584(x13)	 x13:0x00102000 x14=0x00000000 PA:0x001019d0 store:0x00000000
          19702	      9847	00100dbc	9d46a883	lw	x17,-1580(x13)	 x13:0x00102000 x17=0x00000000 PA:0x001019d4 store:0x7f167699
          19706	      9849	00100dc0	01c12503	lw	x10,28(x2)	  x2:0x00137fb0 x10=0x001019b8 PA:0x00137fcc store:0x00000000
          19708	      9850	00100dc4	00170593	addi	x11,x14,1	 x14:0x00000000 x11=0x00000001
          19710	      9851	00100dc8	00e5b633	sltu	x12,x11,x14	 x11:0x00000001 x14:0x00000000 x12=0x00000000
          19712	      9852	00100dcc	01160833	add	x16,x12,x17	 x12:0x00000000 x17:0x00000000 x16=0x00000000
          19716	      9854	00100dd0	9cb6a823	sw	x11,-1584(x13)	 x13:0x00102000 x11:0x00000001 PA:0x001019d0 store:0x00000001 load:0x001019b8
          19720	      9856	00100dd4	9d06aa23	sw	x16,-1580(x13)	 x13:0x00102000 x16:0x00000000 PA:0x001019d4 store:0x00000000 load:0x001019b8
          19724	      9858	00100dd8	01812583	lw	x11,24(x2)	  x2:0x00137fb0 x11=0x00000000 PA:0x00137fc8 store:0x00102000
          19728	      9860	00100ddc	01412603	lw	x12,20(x2)	  x2:0x00137fb0 x12=0x00030000 PA:0x00137fc4 store:0x7f167699
          19732	      9862	00100de0	01012683	lw	x13,16(x2)	  x2:0x00137fb0 x13=0x00001e6a PA:0x00137fc0 store:0x00000000
          19736	      9864	00100de4	00c12703	lw	x14,12(x2)	  x2:0x00137fb0 x14=0x00030000 PA:0x00137fbc store:0x00030000
          19740	      9866	00100de8	00812783	lw	x15,8(x2)	  x2:0x00137fb0 x15=0x00000000 PA:0x00137fb8 store:0x00000000
          19744	      9868	00100dec	00412803	lw	x16,4(x2)	  x2:0x00137fb0 x16=0x00000000 PA:0x00137fb4 store:0x00000000
          19748	      9870	00100df0	00012883	lw	x17,0(x2)	  x2:0x00137fb0 x17=0x00030000 PA:0x00137fb0 store:0x00000000
          19750	      9871	00100df4	02010113	addi	x2,x2,32	  x2:0x00137fb0  x2=0x00137fd0
          19752	      9872	00100df8	30200073	mret	
          19760	      9876	00101618	fd9ff06f	jal	x0,1015f0	  x0=0x00000000
          19764	      9878	001015f0	ed0ff0ef	jal	x1,100cc0	  x1=0x001015f4
          19766	      9879	00100cc0	001027b7	lui	x15,0x102	 x15=0x00102000
          19770	      9881	00100cc4	9d07a503	lw	x10,-1584(x15)	 x15:0x00102000 x10=0x00000001 PA:0x001019d0 store:0x00000000
          19774	      9883	00100cc8	9d47a583	lw	x11,-1580(x15)	 x15:0x00102000 x11=0x00000000 PA:0x001019d4 store:0x7f167699
          19778	      9885	00100ccc	00008067	jalr	x0,0(x1)	  x1:0x001015f4  x0=0x00000000
          19780	      9886	001015f4	00040913	addi	x18,x8,0	  x8:0x00000000 x18=0x00000000
          19782	      9887	001015f8	00050413	addi	x8,x10,0	 x10:0x00000001  x8=0x00000001
          19784	      9888	001015fc	00048d13	addi	x26,x9,0	  x9:0x00000000 x26=0x00000000
          19786	      9889	00101600	00157793	andi	x15,x10,1	 x10:0x00000001 x15=0x00000001
          19788	      9890	00101604	00058493	addi	x9,x11,0	 x11:0x00000000  x9=0x00000000
          19790	      9891	00101608	9b8b8513	addi	x10,x23,-1608	 x23:0x00102000 x10=0x001019b8
          19794	      9893	0010160c	fd2416e3	bne	x8,x18,1015d8	  x8:0x00000001 x18:0x00000000
          19800	      9896	001015d8	00079463	bne	x15,x0,1015e0	 x15:0x00000001  x0:0x00000000
          19806	      9899	001015e0	ac1fe0ef	jal	x1,1000a0	  x1=0x001015e4
          19810	      9901	001000a0	00054803	lbu	x16,0(x10)	 x10:0x001019b8 x16=0x00000054 PA:0x001019b8 store:0x00000000
          19812	      9902	001000a4	06080663	beq	x16,x0,100110	 x16:0x00000054  x0:0x00000000
          19814	      9903	001000a8	000207b7	lui	x15,0x20	 x15=0x00020000
          19818	      9905	001000ac	0107a023	sw	x16,0(x15)	 x15:0x00020000 x16:0x00000054 PA:0x00020000 store:0x00000054 load:0x00000000
          19822	      9907	001000b0	00154703	lbu	x14,1(x10)	 x10:0x001019b8 x14=0x00000069 PA:0x001019b9 store:0x001015e4
          19824	      9908	001000b4	04070e63	beq	x14,x0,100110	 x14:0x00000069  x0:0x00000000
          19828	      9910	001000b8	00e7a023	sw	x14,0(x15)	 x15:0x00020000 x14:0x00000069 PA:0x00020000 store:0x00000069 load:0x00000000
          19832	      9912	001000bc	00254283	lbu	x5,2(x10)	 x10:0x001019b8  x5=0x00000063 PA:0x001019ba store:0x00137fd0
          19834	      9913	001000c0	04028863	beq	x5,x0,100110	  x5:0x00000063  x0:0x00000000
          19838	      9915	001000c4	0057a023	sw	x5,0(x15)	 x15:0x00020000  x5:0x00000063 PA:0x00020000 store:0x00000063 load:0x00000000
          19842	      9917	001000c8	00354303	lbu	x6,3(x10)	 x10:0x001019b8  x6=0x0000006b PA:0x001019bb store:0x00000000
          19844	      9918	001000cc	04030263	beq	x6,x0,100110	  x6:0x0000006b  x0:0x00000000
          19848	      9920	001000d0	0067a023	sw	x6,0(x15)	 x15:0x00020000  x6:0x0000006b PA:0x00020000 store:0x0000006b load:0x00000000
          19852	      9922	001000d4	00454383	lbu	x7,4(x10)	 x10:0x001019b8  x7=0x00000021 PA:0x001019bc store:0x00000000
          19854	      9923	001000d8	02038c63	beq	x7,x0,100110	  x7:0x00000021  x0:0x00000000
          19858	      9925	001000dc	0077a023	sw	x7,0(x15)	 x15:0x00020000  x7:0x00000021 PA:0x00020000 store:0x00000021 load:0x00000000
          19862	      9927	001000e0	00554583	lbu	x11,5(x10)	 x10:0x001019b8 x11=0x0000000a PA:0x001019bd store:0x00000063
          19864	      9928	001000e4	02058663	beq	x11,x0,100110	 x11:0x0000000a  x0:0x00000000
          19868	      9930	001000e8	00b7a023	sw	x11,0(x15)	 x15:0x00020000 x11:0x0000000a PA:0x00020000 store:0x0000000a load:0x00000000
          19872	      9932	001000ec	00654603	lbu	x12,6(x10)	 x10:0x001019b8 x12=0x00000000 PA:0x001019be store:0x0000006b
          19876	      9934	001000f0	02060063	beq	x12,x0,100110	 x12:0x00000000  x0:0x00000000
          19880	      9936	00100110	00000513	addi	x10,x0,0	  x0:0x00000000 x10=0x00000000
          19884	      9938	00100114	00008067	jalr	x0,0(x1)	  x1:0x001015e4  x0=0x00000000
          19886	      9939	001015e4	10500073	wfi	
          23666	     11829	0010001c	6890006f	jal	x0,100ea4	  x0=0x00000000
          23670	     11831	00100ea4	e2dff06f	jal	x0,100cd0	  x0=0x00000000
          23672	     11832	00100cd0	fe010113	addi	x2,x2,-32	  x2:0x00137fd0  x2=0x00137fb0
          23676	     11834	00100cd4	00f12423	sw	x15,8(x2)	  x2:0x00137fb0 x15:0x00020000 PA:0x00137fb8 store:0x00020000 load:0x00000a21
          23678	     11835	00100cd8	001027b7	lui	x15,0x102	 x15=0x00102000
          23682	     11837	00100cdc	00b12c23	sw	x11,24(x2)	  x2:0x00137fb0 x11:0x0000000a PA:0x00137fc8 store:0x0000000a load:0x00000a21
          23686	     11839	00100ce0	01012223	sw	x16,4(x2)	  x2:0x00137fb0 x16:0x00000054 PA:0x00137fb4 store:0x00000054 load:0x00000a21
          23690	     11841	00100ce4	9c87a583	lw	x11,-1592(x15)	 x15:0x00102000 x11=0x000007d0 PA:0x001019c8 store:0x00000001
          23694	     11843	00100ce8	9cc7a803	lw	x16,-1588(x15)	 x15:0x00102000 x16=0x00000000 PA:0x001019cc store:0x00000000
          23698	     11845	00100cec	00e12623	sw	x14,12(x2)	  x2:0x00137fb0 x14:0x00000069 PA:0x00137fbc store:0x00000069 load:0x00000000
          23700	     11846	00100cf0	00030737	lui	x14,0x30	 x14=0x00030000
          23704	     11848	00100cf4	00c12a23	sw	x12,20(x2)	  x2:0x00137fb0 x12:0x00000000 PA:0x00137fc4 store:0x00000000 load:0x00000000
          23708	     11850	00100cf8	01112023	sw	x17,0(x2)	  x2:0x00137fb0 x17:0x00030000 PA:0x00137fb0 store:0x00030000 load:0x00000000
          23712	     11852	00100cfc	00a12e23	sw	x10,28(x2)	  x2:0x00137fb0 x10:0x00000000 PA:0x00137fcc store:0x00000000 load:0x00000000
          23716	     11854	00100d00	00d12823	sw	x13,16(x2)	  x2:0x00137fb0 x13:0x00001e6a PA:0x00137fc0 store:0x00001e6a load:0x00000000
          23718	     11855	00100d04	00030637	lui	x12,0x30	 x12=0x00030000
          23720	     11856	00100d08	00470893	addi	x17,x14,4	 x14:0x00030000 x17=0x00030004
          23724	     11858	00100d0c	0008a783	lw	x15,0(x17)	 x17:0x00030004 x15=0x00000000 PA:0x00030004 store:0x00000000
          23728	     11860	00100d10	00062683	lw	x13,0(x12)	 x12:0x00030000 x13=0x00002e52 PA:0x00030000 store:0x00000000
          23732	     11862	00100d14	0008a503	lw	x10,0(x17)	 x17:0x00030004 x10=0x00000000 PA:0x00030004 store:0x00000000
          23736	     11864	00100d18	06a78a63	beq	x15,x10,100d8c	 x15:0x00000000 x10:0x00000000
          23740	     11866	00100d8c	00b688b3	add	x17,x13,x11	 x13:0x00002e52 x11:0x000007d0 x17=0x00003622
          23742	     11867	00100d90	00030637	lui	x12,0x30	 x12=0x00030000
          23744	     11868	00100d94	00d8b6b3	sltu	x13,x17,x13	 x17:0x00003622 x13:0x00002e52 x13=0x00000000
          23746	     11869	00100d98	01078833	add	x16,x15,x16	 x15:0x00000000 x16:0x00000000 x16=0x00000000
          23748	     11870	00100d9c	fff00513	addi	x10,x0,-1	  x0:0x00000000 x10=0xffffffff
          23752	     11872	00100da0	00a62423	sw	x10,8(x12)	 x12:0x00030000 x10:0xffffffff PA:0x00030008 store:0xffffffff load:0x00002e2e
          23754	     11873	00100da4	010687b3	add	x15,x13,x16	 x13:0x00000000 x16:0x00000000 x15=0x00000000
          23756	     11874	00100da8	000305b7	lui	x11,0x30	 x11=0x00030000
          23760	     11876	00100dac	00f5a623	sw	x15,12(x11)	 x11:0x00030000 x15:0x00000000 PA:0x0003000c store:0x00000000 load:0x00000000
          23764	     11878	00100db0	01162423	sw	x17,8(x12)	 x12:0x00030000 x17:0x00003622 PA:0x00030008 store:0x00003622 load:0xffffffff
          23766	     11879	00100db4	001026b7	lui	x13,0x102	 x13=0x00102000
          23770	     11881	00100db8	9d06a703	lw	x14,-1584(x13)	 x13:0x00102000 x14=0x00000001 PA:0x001019d0 store:0x00000000
          23774	     11883	00100dbc	9d46a883	lw	x17,-1580(x13)	 x13:0x00102000 x17=0x00000000 PA:0x001019d4 store:0x7f167699
          23778	     11885	00100dc0	01c12503	lw	x10,28(x2)	  x2:0x00137fb0 x10=0x00000000 PA:0x00137fcc store:0x00000000
          23780	     11886	00100dc4	00170593	addi	x11,x14,1	 x14:0x00000001 x11=0x00000002
          23782	     11887	00100dc8	00e5b633	sltu	x12,x11,x14	 x11:0x00000002 x14:0x00000001 x12=0x00000000
          23784	     11888	00100dcc	01160833	add	x16,x12,x17	 x12:0x00000000 x17:0x00000000 x16=0x00000000
          23788	     11890	00100dd0	9cb6a823	sw	x11,-1584(x13)	 x13:0x00102000 x11:0x00000002 PA:0x001019d0 store:0x00000002 load:0x00000000
          23792	     11892	00100dd4	9d06aa23	sw	x16,-1580(x13)	 x13:0x00102000 x16:0x00000000 PA:0x001019d4 store:0x00000000 load:0x00000000
          23796	     11894	00100dd8	01812583	lw	x11,24(x2)	  x2:0x00137fb0 x11=0x0000000a PA:0x00137fc8 store:0x00102000
          23800	     11896	00100ddc	01412603	lw	x12,20(x2)	  x2:0x00137fb0 x12=0x00000000 PA:0x00137fc4 store:0x7f167699
          23804	     11898	00100de0	01012683	lw	x13,16(x2)	  x2:0x00137fb0 x13=0x00001e6a PA:0x00137fc0 store:0x00000000
          23808	     11900	00100de4	00c12703	lw	x14,12(x2)	  x2:0x00137fb0 x14=0x00000069 PA:0x00137fbc store:0x00000000
          23812	     11902	00100de8	00812783	lw	x15,8(x2)	  x2:0x00137fb0 x15=0x00020000 PA:0x00137fb8 store:0x00000001
          23816	     11904	00100dec	00412803	lw	x16,4(x2)	  x2:0x00137fb0 x16=0x00000054 PA:0x00137fb4 store:0x00000000
          23820	     11906	00100df0	00012883	lw	x17,0(x2)	  x2:0x00137fb0 x17=0x00030000 PA:0x00137fb0 store:0x00000000
          23822	     11907	00100df4	02010113	addi	x2,x2,32	  x2:0x00137fb0  x2=0x00137fd0
          23824	     11908	00100df8	30200073	mret	
          23830	     11911	001015e8	02049a63	bne	x9,x0,10161c	  x9:0x00000000  x0:0x00000000
          23832	     11912	001015ec	028ce863	bltu	x25,x8,10161c	 x25:0x00000004  x8:0x00000001
          23836	     11914	001015f0	ed0ff0ef	jal	x1,100cc0	  x1=0x001015f4
          23838	     11915	00100cc0	001027b7	lui	x15,0x102	 x15=0x00102000
          23842	     11917	00100cc4	9d07a503	lw	x10,-1584(x15)	 x15:0x00102000 x10=0x00000002 PA:0x001019d0 store:0x00000054
          23846	     11919	00100cc8	9d47a583	lw	x11,-1580(x15)	 x15:0x00102000 x11=0x00000000 PA:0x001019d4 store:0x7f167699
          23850	     11921	00100ccc	00008067	jalr	x0,0(x1)	  x1:0x001015f4  x0=0x00000000
          23852	     11922	001015f4	00040913	addi	x18,x8,0	  x8:0x00000001 x18=0x00000001
          23854	     11923	001015f8	00050413	addi	x8,x10,0	 x10:0x00000002  x8=0x00000002
          23856	     11924	001015fc	00048d13	addi	x26,x9,0	  x9:0x00000000 x26=0x00000000
          23858	     11925	00101600	00157793	andi	x15,x10,1	 x10:0x00000002 x15=0x00000000
          23860	     11926	00101604	00058493	addi	x9,x11,0	 x11:0x00000000  x9=0x00000000
          23862	     11927	00101608	9b8b8513	addi	x10,x23,-1608	 x23:0x00102000 x10=0x001019b8
          23866	     11929	0010160c	fd2416e3	bne	x8,x18,1015d8	  x8:0x00000002 x18:0x00000001
          23870	     11931	001015d8	00079463	bne	x15,x0,1015e0	 x15:0x00000000  x0:0x00000000
          23872	     11932	001015dc	9c0b0513	addi	x10,x22,-1600	 x22:0x00102000 x10=0x001019c0
          23876	     11934	001015e0	ac1fe0ef	jal	x1,1000a0	  x1=0x001015e4
          23880	     11936	001000a0	00054803	lbu	x16,0(x10)	 x10:0x001019c0 x16=0x00000054 PA:0x001019c0 store:0x00000000
          23882	     11937	001000a4	06080663	beq	x16,x0,100110	 x16:0x00000054  x0:0x00000000
          23884	     11938	001000a8	000207b7	lui	x15,0x20	 x15=0x00020000
          23888	     11940	001000ac	0107a023	sw	x16,0(x15)	 x15:0x00020000 x16:0x00000054 PA:0x00020000 store:0x00000054 load:0x00000000
          23892	     11942	001000b0	00154703	lbu	x14,1(x10)	 x10:0x001019c0 x14=0x0000006f PA:0x001019c1 store:0x001015e4
          23894	     11943	001000b4	04070e63	beq	x14,x0,100110	 x14:0x0000006f  x0:0x00000000
          23898	     11945	001000b8	00e7a023	sw	x14,0(x15)	 x15:0x00020000 x14:0x0000006f PA:0x00020000 store:0x0000006f load:0x00000000
          23902	     11947	001000bc	00254283	lbu	x5,2(x10)	 x10:0x001019c0  x5=0x00000063 PA:0x001019c2 store:0x00137fd0
          23904	     11948	001000c0	04028863	beq	x5,x0,100110	  x5:0x00000063  x0:0x00000000
          23908	     11950	001000c4	0057a023	sw	x5,0(x15)	 x15:0x00020000  x5:0x00000063 PA:0x00020000 store:0x00000063 load:0x00000000
          23912	     11952	001000c8	00354303	lbu	x6,3(x10)	 x10:0x001019c0  x6=0x0000006b PA:0x001019c3 store:0x00000000
          23914	     11953	001000cc	04030263	beq	x6,x0,100110	  x6:0x0000006b  x0:0x00000000
          23918	     11955	001000d0	0067a023	sw	x6,0(x15)	 x15:0x00020000  x6:0x0000006b PA:0x00020000 store:0x0000006b load:0x00000000
          23922	     11957	001000d4	00454383	lbu	x7,4(x10)	 x10:0x001019c0  x7=0x00000021 PA:0x001019c4 store:0x00000000
          23924	     11958	001000d8	02038c63	beq	x7,x0,100110	  x7:0x00000021  x0:0x00000000
          23928	     11960	001000dc	0077a023	sw	x7,0(x15)	 x15:0x00020000  x7:0x00000021 PA:0x00020000 store:0x00000021 load:0x00000000
          23932	     11962	001000e0	00554583	lbu	x11,5(x10)	 x10:0x001019c0 x11=0x0000000a PA:0x001019c5 store:0x00000063
          23934	     11963	001000e4	02058663	beq	x11,x0,100110	 x11:0x0000000a  x0:0x00000000
          23938	     11965	001000e8	00b7a023	sw	x11,0(x15)	 x15:0x00020000 x11:0x0000000a PA:0x00020000 store:0x0000000a load:0x00000000
          23942	     11967	001000ec	00654603	lbu	x12,6(x10)	 x10:0x001019c0 x12=0x00000000 PA:0x001019c6 store:0x0000006b
          23946	     11969	001000f0	02060063	beq	x12,x0,100110	 x12:0x00000000  x0:0x00000000
          23950	     11971	00100110	00000513	addi	x10,x0,0	  x0:0x00000000 x10=0x00000000
          23954	     11973	00100114	00008067	jalr	x0,0(x1)	  x1:0x001015e4  x0=0x00000000
          23956	     11974	001015e4	10500073	wfi	
          27738	     13865	0010001c	6890006f	jal	x0,100ea4	  x0=0x00000000
          27742	     13867	00100ea4	e2dff06f	jal	x0,100cd0	  x0=0x00000000
          27744	     13868	00100cd0	fe010113	addi	x2,x2,-32	  x2:0x00137fd0  x2=0x00137fb0
          27748	     13870	00100cd4	00f12423	sw	x15,8(x2)	  x2:0x00137fb0 x15:0x00020000 PA:0x00137fb8 store:0x00020000 load:0x00000a21
          27750	     13871	00100cd8	001027b7	lui	x15,0x102	 x15=0x00102000
          27754	     13873	00100cdc	00b12c23	sw	x11,24(x2)	  x2:0x00137fb0 x11:0x0000000a PA:0x00137fc8 store:0x0000000a load:0x00000a21
          27758	     13875	00100ce0	01012223	sw	x16,4(x2)	  x2:0x00137fb0 x16:0x00000054 PA:0x00137fb4 store:0x00000054 load:0x00000a21
          27762	     13877	00100ce4	9c87a583	lw	x11,-1592(x15)	 x15:0x00102000 x11=0x000007d0 PA:0x001019c8 store:0x00000002
          27766	     13879	00100ce8	9cc7a803	lw	x16,-1588(x15)	 x15:0x00102000 x16=0x00000000 PA:0x001019cc store:0x00000000
          27770	     13881	00100cec	00e12623	sw	x14,12(x2)	  x2:0x00137fb0 x14:0x0000006f PA:0x00137fbc store:0x0000006f load:0x00000000
          27772	     13882	00100cf0	00030737	lui	x14,0x30	 x14=0x00030000
          27776	     13884	00100cf4	00c12a23	sw	x12,20(x2)	  x2:0x00137fb0 x12:0x00000000 PA:0x00137fc4 store:0x00000000 load:0x00000000
          27780	     13886	00100cf8	01112023	sw	x17,0(x2)	  x2:0x00137fb0 x17:0x00030000 PA:0x00137fb0 store:0x00030000 load:0x00000000
          27784	     13888	00100cfc	00a12e23	sw	x10,28(x2)	  x2:0x00137fb0 x10:0x00000000 PA:0x00137fcc store:0x00000000 load:0x00000000
          27788	     13890	00100d00	00d12823	sw	x13,16(x2)	  x2:0x00137fb0 x13:0x00001e6a PA:0x00137fc0 store:0x00001e6a load:0x00000000
          27790	     13891	00100d04	00030637	lui	x12,0x30	 x12=0x00030000
          27792	     13892	00100d08	00470893	addi	x17,x14,4	 x14:0x00030000 x17=0x00030004
          27796	     13894	00100d0c	0008a783	lw	x15,0(x17)	 x17:0x00030004 x15=0x00000000 PA:0x00030004 store:0x00000000
          27800	     13896	00100d10	00062683	lw	x13,0(x12)	 x12:0x00030000 x13=0x00003646 PA:0x00030000 store:0x00000000
          27804	     13898	00100d14	0008a503	lw	x10,0(x17)	 x17:0x00030004 x10=0x00000000 PA:0x00030004 store:0x00000000
          27808	     13900	00100d18	06a78a63	beq	x15,x10,100d8c	 x15:0x00000000 x10:0x00000000
          27812	     13902	00100d8c	00b688b3	add	x17,x13,x11	 x13:0x00003646 x11:0x000007d0 x17=0x00003e16
          27814	     13903	00100d90	00030637	lui	x12,0x30	 x12=0x00030000
          27816	     13904	00100d94	00d8b6b3	sltu	x13,x17,x13	 x17:0x00003e16 x13:0x00003646 x13=0x00000000
          27818	     13905	00100d98	01078833	add	x16,x15,x16	 x15:0x00000000 x16:0x00000000 x16=0x00000000
          27820	     13906	00100d9c	fff00513	addi	x10,x0,-1	  x0:0x00000000 x10=0xffffffff
          27824	     13908	00100da0	00a62423	sw	x10,8(x12)	 x12:0x00030000 x10:0xffffffff PA:0x00030008 store:0xffffffff load:0x00003622
          27826	     13909	00100da4	010687b3	add	x15,x13,x16	 x13:0x00000000 x16:0x00000000 x15=0x00000000
          27828	     13910	00100da8	000305b7	lui	x11,0x30	 x11=0x00030000
          27832	     13912	00100dac	00f5a623	sw	x15,12(x11)	 x11:0x00030000 x15:0x00000000 PA:0x0003000c store:0x00000000 load:0x00000000
          27836	     13914	00100db0	01162423	sw	x17,8(x12)	 x12:0x00030000 x17:0x00003e16 PA:0x00030008 store:0x00003e16 load:0xffffffff
          27838	     13915	00100db4	001026b7	lui	x13,0x102	 x13=0x00102000
          27842	     13917	00100db8	9d06a703	lw	x14,-1584(x13)	 x13:0x00102000 x14=0x00000002 PA:0x001019d0 store:0x00000000
          27846	     13919	00100dbc	9d46a883	lw	x17,-1580(x13)	 x13:0x00102000 x17=0x00000000 PA:0x001019d4 store:0x7f167699
          27850	     13921	00100dc0	01c12503	lw	x10,28(x2)	  x2:0x00137fb0 x10=0x00000000 PA:0x00137fcc store:0x00000000
          27852	     13922	00100dc4	00170593	addi	x11,x14,1	 x14:0x00000002 x11=0x00000003
          27854	     13923	00100dc8	00e5b633	sltu	x12,x11,x14	 x11:0x00000003 x14:0x00000002 x12=0x00000000
          27856	     13924	00100dcc	01160833	add	x16,x12,x17	 x12:0x00000000 x17:0x00000000 x16=0x00000000
          27860	     13926	00100dd0	9cb6a823	sw	x11,-1584(x13)	 x13:0x00102000 x11:0x00000003 PA:0x001019d0 store:0x00000003 load:0x00000000
          27864	     13928	00100dd4	9d06aa23	sw	x16,-1580(x13)	 x13:0x00102000 x16:0x00000000 PA:0x001019d4 store:0x00000000 load:0x00000000
          27868	     13930	00100dd8	01812583	lw	x11,24(x2)	  x2:0x00137fb0 x11=0x0000000a PA:0x00137fc8 store:0x00102000
          27872	     13932	00100ddc	01412603	lw	x12,20(x2)	  x2:0x00137fb0 x12=0x00000000 PA:0x00137fc4 store:0x7f167699
          27876	     13934	00100de0	01012683	lw	x13,16(x2)	  x2:0x00137fb0 x13=0x00001e6a PA:0x00137fc0 store:0x00000000
          27880	     13936	00100de4	00c12703	lw	x14,12(x2)	  x2:0x00137fb0 x14=0x0000006f PA:0x00137fbc store:0x00000000
          27884	     13938	00100de8	00812783	lw	x15,8(x2)	  x2:0x00137fb0 x15=0x00020000 PA:0x00137fb8 store:0x00000002
          27888	     13940	00100dec	00412803	lw	x16,4(x2)	  x2:0x00137fb0 x16=0x00000054 PA:0x00137fb4 store:0x00000000
          27892	     13942	00100df0	00012883	lw	x17,0(x2)	  x2:0x00137fb0 x17=0x00030000 PA:0x00137fb0 store:0x00000000
          27894	     13943	00100df4	02010113	addi	x2,x2,32	  x2:0x00137fb0  x2=0x00137fd0
          27896	     13944	00100df8	30200073	mret	
          27902	     13947	001015e8	02049a63	bne	x9,x0,10161c	  x9:0x00000000  x0:0x00000000
          27904	     13948	001015ec	028ce863	bltu	x25,x8,10161c	 x25:0x00000004  x8:0x00000002
          27908	     13950	001015f0	ed0ff0ef	jal	x1,100cc0	  x1=0x001015f4
          27910	     13951	00100cc0	001027b7	lui	x15,0x102	 x15=0x00102000
          27914	     13953	00100cc4	9d07a503	lw	x10,-1584(x15)	 x15:0x00102000 x10=0x00000003 PA:0x001019d0 store:0x00000054
          27918	     13955	00100cc8	9d47a583	lw	x11,-1580(x15)	 x15:0x00102000 x11=0x00000000 PA:0x001019d4 store:0x7f167699
          27922	     13957	00100ccc	00008067	jalr	x0,0(x1)	  x1:0x001015f4  x0=0x00000000
          27924	     13958	001015f4	00040913	addi	x18,x8,0	  x8:0x00000002 x18=0x00000002
          27926	     13959	001015f8	00050413	addi	x8,x10,0	 x10:0x00000003  x8=0x00000003
          27928	     13960	001015fc	00048d13	addi	x26,x9,0	  x9:0x00000000 x26=0x00000000
          27930	     13961	00101600	00157793	andi	x15,x10,1	 x10:0x00000003 x15=0x00000001
          27932	     13962	00101604	00058493	addi	x9,x11,0	 x11:0x00000000  x9=0x00000000
          27934	     13963	00101608	9b8b8513	addi	x10,x23,-1608	 x23:0x00102000 x10=0x001019b8
          27938	     13965	0010160c	fd2416e3	bne	x8,x18,1015d8	  x8:0x00000003 x18:0x00000002
          27944	     13968	001015d8	00079463	bne	x15,x0,1015e0	 x15:0x00000001  x0:0x00000000
          27950	     13971	001015e0	ac1fe0ef	jal	x1,1000a0	  x1=0x001015e4
          27954	     13973	001000a0	00054803	lbu	x16,0(x10)	 x10:0x001019b8 x16=0x00000054 PA:0x001019b8 store:0x00000000
          27956	     13974	001000a4	06080663	beq	x16,x0,100110	 x16:0x00000054  x0:0x00000000
          27958	     13975	001000a8	000207b7	lui	x15,0x20	 x15=0x00020000
          27962	     13977	001000ac	0107a023	sw	x16,0(x15)	 x15:0x00020000 x16:0x00000054 PA:0x00020000 store:0x00000054 load:0x00000000
          27966	     13979	001000b0	00154703	lbu	x14,1(x10)	 x10:0x001019b8 x14=0x00000069 PA:0x001019b9 store:0x001015e4
          27968	     13980	001000b4	04070e63	beq	x14,x0,100110	 x14:0x00000069  x0:0x00000000
          27972	     13982	001000b8	00e7a023	sw	x14,0(x15)	 x15:0x00020000 x14:0x00000069 PA:0x00020000 store:0x00000069 load:0x00000000
          27976	     13984	001000bc	00254283	lbu	x5,2(x10)	 x10:0x001019b8  x5=0x00000063 PA:0x001019ba store:0x00137fd0
          27978	     13985	001000c0	04028863	beq	x5,x0,100110	  x5:0x00000063  x0:0x00000000
          27982	     13987	001000c4	0057a023	sw	x5,0(x15)	 x15:0x00020000  x5:0x00000063 PA:0x00020000 store:0x00000063 load:0x00000000
          27986	     13989	001000c8	00354303	lbu	x6,3(x10)	 x10:0x001019b8  x6=0x0000006b PA:0x001019bb store:0x00000000
          27988	     13990	001000cc	04030263	beq	x6,x0,100110	  x6:0x0000006b  x0:0x00000000
          27992	     13992	001000d0	0067a023	sw	x6,0(x15)	 x15:0x00020000  x6:0x0000006b PA:0x00020000 store:0x0000006b load:0x00000000
          27996	     13994	001000d4	00454383	lbu	x7,4(x10)	 x10:0x001019b8  x7=0x00000021 PA:0x001019bc store:0x00000000
          27998	     13995	001000d8	02038c63	beq	x7,x0,100110	  x7:0x00000021  x0:0x00000000
          28002	     13997	001000dc	0077a023	sw	x7,0(x15)	 x15:0x00020000  x7:0x00000021 PA:0x00020000 store:0x00000021 load:0x00000000
          28006	     13999	001000e0	00554583	lbu	x11,5(x10)	 x10:0x001019b8 x11=0x0000000a PA:0x001019bd store:0x00000063
          28008	     14000	001000e4	02058663	beq	x11,x0,100110	 x11:0x0000000a  x0:0x00000000
          28012	     14002	001000e8	00b7a023	sw	x11,0(x15)	 x15:0x00020000 x11:0x0000000a PA:0x00020000 store:0x0000000a load:0x00000000
          28016	     14004	001000ec	00654603	lbu	x12,6(x10)	 x10:0x001019b8 x12=0x00000000 PA:0x001019be store:0x0000006b
          28020	     14006	001000f0	02060063	beq	x12,x0,100110	 x12:0x00000000  x0:0x00000000
          28024	     14008	00100110	00000513	addi	x10,x0,0	  x0:0x00000000 x10=0x00000000
          28028	     14010	00100114	00008067	jalr	x0,0(x1)	  x1:0x001015e4  x0=0x00000000
          28030	     14011	001015e4	10500073	wfi	
          31810	     15901	0010001c	6890006f	jal	x0,100ea4	  x0=0x00000000
          31814	     15903	00100ea4	e2dff06f	jal	x0,100cd0	  x0=0x00000000
          31816	     15904	00100cd0	fe010113	addi	x2,x2,-32	  x2:0x00137fd0  x2=0x00137fb0
          31820	     15906	00100cd4	00f12423	sw	x15,8(x2)	  x2:0x00137fb0 x15:0x00020000 PA:0x00137fb8 store:0x00020000 load:0x00000a21
          31822	     15907	00100cd8	001027b7	lui	x15,0x102	 x15=0x00102000
          31826	     15909	00100cdc	00b12c23	sw	x11,24(x2)	  x2:0x00137fb0 x11:0x0000000a PA:0x00137fc8 store:0x0000000a load:0x00000a21
          31830	     15911	00100ce0	01012223	sw	x16,4(x2)	  x2:0x00137fb0 x16:0x00000054 PA:0x00137fb4 store:0x00000054 load:0x00000a21
          31834	     15913	00100ce4	9c87a583	lw	x11,-1592(x15)	 x15:0x00102000 x11=0x000007d0 PA:0x001019c8 store:0x00000003
          31838	     15915	00100ce8	9cc7a803	lw	x16,-1588(x15)	 x15:0x00102000 x16=0x00000000 PA:0x001019cc store:0x00000000
          31842	     15917	00100cec	00e12623	sw	x14,12(x2)	  x2:0x00137fb0 x14:0x00000069 PA:0x00137fbc store:0x00000069 load:0x00000000
          31844	     15918	00100cf0	00030737	lui	x14,0x30	 x14=0x00030000
          31848	     15920	00100cf4	00c12a23	sw	x12,20(x2)	  x2:0x00137fb0 x12:0x00000000 PA:0x00137fc4 store:0x00000000 load:0x00000000
          31852	     15922	00100cf8	01112023	sw	x17,0(x2)	  x2:0x00137fb0 x17:0x00030000 PA:0x00137fb0 store:0x00030000 load:0x00000000
          31856	     15924	00100cfc	00a12e23	sw	x10,28(x2)	  x2:0x00137fb0 x10:0x00000000 PA:0x00137fcc store:0x00000000 load:0x00000000
          31860	     15926	00100d00	00d12823	sw	x13,16(x2)	  x2:0x00137fb0 x13:0x00001e6a PA:0x00137fc0 store:0x00001e6a load:0x00000000
          31862	     15927	00100d04	00030637	lui	x12,0x30	 x12=0x00030000
          31864	     15928	00100d08	00470893	addi	x17,x14,4	 x14:0x00030000 x17=0x00030004
          31868	     15930	00100d0c	0008a783	lw	x15,0(x17)	 x17:0x00030004 x15=0x00000000 PA:0x00030004 store:0x00000000
          31872	     15932	00100d10	00062683	lw	x13,0(x12)	 x12:0x00030000 x13=0x00003e3a PA:0x00030000 store:0x00000000
          31876	     15934	00100d14	0008a503	lw	x10,0(x17)	 x17:0x00030004 x10=0x00000000 PA:0x00030004 store:0x00000000
          31880	     15936	00100d18	06a78a63	beq	x15,x10,100d8c	 x15:0x00000000 x10:0x00000000
          31884	     15938	00100d8c	00b688b3	add	x17,x13,x11	 x13:0x00003e3a x11:0x000007d0 x17=0x0000460a
          31886	     15939	00100d90	00030637	lui	x12,0x30	 x12=0x00030000
          31888	     15940	00100d94	00d8b6b3	sltu	x13,x17,x13	 x17:0x0000460a x13:0x00003e3a x13=0x00000000
          31890	     15941	00100d98	01078833	add	x16,x15,x16	 x15:0x00000000 x16:0x00000000 x16=0x00000000
          31892	     15942	00100d9c	fff00513	addi	x10,x0,-1	  x0:0x00000000 x10=0xffffffff
          31896	     15944	00100da0	00a62423	sw	x10,8(x12)	 x12:0x00030000 x10:0xffffffff PA:0x00030008 store:0xffffffff load:0x00003e16
          31898	     15945	00100da4	010687b3	add	x15,x13,x16	 x13:0x00000000 x16:0x00000000 x15=0x00000000
          31900	     15946	00100da8	000305b7	lui	x11,0x30	 x11=0x00030000
          31904	     15948	00100dac	00f5a623	sw	x15,12(x11)	 x11:0x00030000 x15:0x00000000 PA:0x0003000c store:0x00000000 load:0x00000000
          31908	     15950	00100db0	01162423	sw	x17,8(x12)	 x12:0x00030000 x17:0x0000460a PA:0x00030008 store:0x0000460a load:0xffffffff
          31910	     15951	00100db4	001026b7	lui	x13,0x102	 x13=0x00102000
          31914	     15953	00100db8	9d06a703	lw	x14,-1584(x13)	 x13:0x00102000 x14=0x00000003 PA:0x001019d0 store:0x00000000
          31918	     15955	00100dbc	9d46a883	lw	x17,-1580(x13)	 x13:0x00102000 x17=0x00000000 PA:0x001019d4 store:0x7f167699
          31922	     15957	00100dc0	01c12503	lw	x10,28(x2)	  x2:0x00137fb0 x10=0x00000000 PA:0x00137fcc store:0x00000000
          31924	     15958	00100dc4	00170593	addi	x11,x14,1	 x14:0x00000003 x11=0x00000004
          31926	     15959	00100dc8	00e5b633	sltu	x12,x11,x14	 x11:0x00000004 x14:0x00000003 x12=0x00000000
          31928	     15960	00100dcc	01160833	add	x16,x12,x17	 x12:0x00000000 x17:0x00000000 x16=0x00000000
          31932	     15962	00100dd0	9cb6a823	sw	x11,-1584(x13)	 x13:0x00102000 x11:0x00000004 PA:0x001019d0 store:0x00000004 load:0x00000000
          31936	     15964	00100dd4	9d06aa23	sw	x16,-1580(x13)	 x13:0x00102000 x16:0x00000000 PA:0x001019d4 store:0x00000000 load:0x00000000
          31940	     15966	00100dd8	01812583	lw	x11,24(x2)	  x2:0x00137fb0 x11=0x0000000a PA:0x00137fc8 store:0x00102000
          31944	     15968	00100ddc	01412603	lw	x12,20(x2)	  x2:0x00137fb0 x12=0x00000000 PA:0x00137fc4 store:0x7f167699
          31948	     15970	00100de0	01012683	lw	x13,16(x2)	  x2:0x00137fb0 x13=0x00001e6a PA:0x00137fc0 store:0x00000000
          31952	     15972	00100de4	00c12703	lw	x14,12(x2)	  x2:0x00137fb0 x14=0x00000069 PA:0x00137fbc store:0x00000000
          31956	     15974	00100de8	00812783	lw	x15,8(x2)	  x2:0x00137fb0 x15=0x00020000 PA:0x00137fb8 store:0x00000003
          31960	     15976	00100dec	00412803	lw	x16,4(x2)	  x2:0x00137fb0 x16=0x00000054 PA:0x00137fb4 store:0x00000000
          31964	     15978	00100df0	00012883	lw	x17,0(x2)	  x2:0x00137fb0 x17=0x00030000 PA:0x00137fb0 store:0x00000000
          31966	     15979	00100df4	02010113	addi	x2,x2,32	  x2:0x00137fb0  x2=0x00137fd0
          31968	     15980	00100df8	30200073	mret	
          31974	     15983	001015e8	02049a63	bne	x9,x0,10161c	  x9:0x00000000  x0:0x00000000
          31976	     15984	001015ec	028ce863	bltu	x25,x8,10161c	 x25:0x00000004  x8:0x00000003
          31980	     15986	001015f0	ed0ff0ef	jal	x1,100cc0	  x1=0x001015f4
          31982	     15987	00100cc0	001027b7	lui	x15,0x102	 x15=0x00102000
          31986	     15989	00100cc4	9d07a503	lw	x10,-1584(x15)	 x15:0x00102000 x10=0x00000004 PA:0x001019d0 store:0x00000054
          31990	     15991	00100cc8	9d47a583	lw	x11,-1580(x15)	 x15:0x00102000 x11=0x00000000 PA:0x001019d4 store:0x7f167699
          31994	     15993	00100ccc	00008067	jalr	x0,0(x1)	  x1:0x001015f4  x0=0x00000000
          31996	     15994	001015f4	00040913	addi	x18,x8,0	  x8:0x00000003 x18=0x00000003
          31998	     15995	001015f8	00050413	addi	x8,x10,0	 x10:0x00000004  x8=0x00000004
          32000	     15996	001015fc	00048d13	addi	x26,x9,0	  x9:0x00000000 x26=0x00000000
          32002	     15997	00101600	00157793	andi	x15,x10,1	 x10:0x00000004 x15=0x00000000
          32004	     15998	00101604	00058493	addi	x9,x11,0	 x11:0x00000000  x9=0x00000000
          32006	     15999	00101608	9b8b8513	addi	x10,x23,-1608	 x23:0x00102000 x10=0x001019b8
          32010	     16001	0010160c	fd2416e3	bne	x8,x18,1015d8	  x8:0x00000004 x18:0x00000003
          32014	     16003	001015d8	00079463	bne	x15,x0,1015e0	 x15:0x00000000  x0:0x00000000
          32016	     16004	001015dc	9c0b0513	addi	x10,x22,-1600	 x22:0x00102000 x10=0x001019c0
          32020	     16006	001015e0	ac1fe0ef	jal	x1,1000a0	  x1=0x001015e4
          32024	     16008	001000a0	00054803	lbu	x16,0(x10)	 x10:0x001019c0 x16=0x00000054 PA:0x001019c0 store:0x00000000
          32026	     16009	001000a4	06080663	beq	x16,x0,100110	 x16:0x00000054  x0:0x00000000
          32028	     16010	001000a8	000207b7	lui	x15,0x20	 x15=0x00020000
          32032	     16012	001000ac	0107a023	sw	x16,0(x15)	 x15:0x00020000 x16:0x00000054 PA:0x00020000 store:0x00000054 load:0x00000000
          32036	     16014	001000b0	00154703	lbu	x14,1(x10)	 x10:0x001019c0 x14=0x0000006f PA:0x001019c1 store:0x001015e4
          32038	     16015	001000b4	04070e63	beq	x14,x0,100110	 x14:0x0000006f  x0:0x00000000
          32042	     16017	001000b8	00e7a023	sw	x14,0(x15)	 x15:0x00020000 x14:0x0000006f PA:0x00020000 store:0x0000006f load:0x00000000
          32046	     16019	001000bc	00254283	lbu	x5,2(x10)	 x10:0x001019c0  x5=0x00000063 PA:0x001019c2 store:0x00137fd0
          32048	     16020	001000c0	04028863	beq	x5,x0,100110	  x5:0x00000063  x0:0x00000000
          32052	     16022	001000c4	0057a023	sw	x5,0(x15)	 x15:0x00020000  x5:0x00000063 PA:0x00020000 store:0x00000063 load:0x00000000
          32056	     16024	001000c8	00354303	lbu	x6,3(x10)	 x10:0x001019c0  x6=0x0000006b PA:0x001019c3 store:0x00000000
          32058	     16025	001000cc	04030263	beq	x6,x0,100110	  x6:0x0000006b  x0:0x00000000
          32062	     16027	001000d0	0067a023	sw	x6,0(x15)	 x15:0x00020000  x6:0x0000006b PA:0x00020000 store:0x0000006b load:0x00000000
          32066	     16029	001000d4	00454383	lbu	x7,4(x10)	 x10:0x001019c0  x7=0x00000021 PA:0x001019c4 store:0x00000000
          32068	     16030	001000d8	02038c63	beq	x7,x0,100110	  x7:0x00000021  x0:0x00000000
          32072	     16032	001000dc	0077a023	sw	x7,0(x15)	 x15:0x00020000  x7:0x00000021 PA:0x00020000 store:0x00000021 load:0x00000000
          32076	     16034	001000e0	00554583	lbu	x11,5(x10)	 x10:0x001019c0 x11=0x0000000a PA:0x001019c5 store:0x00000063
          32078	     16035	001000e4	02058663	beq	x11,x0,100110	 x11:0x0000000a  x0:0x00000000
          32082	     16037	001000e8	00b7a023	sw	x11,0(x15)	 x15:0x00020000 x11:0x0000000a PA:0x00020000 store:0x0000000a load:0x00000000
          32086	     16039	001000ec	00654603	lbu	x12,6(x10)	 x10:0x001019c0 x12=0x00000000 PA:0x001019c6 store:0x0000006b
          32090	     16041	001000f0	02060063	beq	x12,x0,100110	 x12:0x00000000  x0:0x00000000
          32094	     16043	00100110	00000513	addi	x10,x0,0	  x0:0x00000000 x10=0x00000000
          32098	     16045	00100114	00008067	jalr	x0,0(x1)	  x1:0x001015e4  x0=0x00000000
          32100	     16046	001015e4	10500073	wfi	
          35882	     17937	0010001c	6890006f	jal	x0,100ea4	  x0=0x00000000
          35886	     17939	00100ea4	e2dff06f	jal	x0,100cd0	  x0=0x00000000
          35888	     17940	00100cd0	fe010113	addi	x2,x2,-32	  x2:0x00137fd0  x2=0x00137fb0
          35892	     17942	00100cd4	00f12423	sw	x15,8(x2)	  x2:0x00137fb0 x15:0x00020000 PA:0x00137fb8 store:0x00020000 load:0x00000a21
          35894	     17943	00100cd8	001027b7	lui	x15,0x102	 x15=0x00102000
          35898	     17945	00100cdc	00b12c23	sw	x11,24(x2)	  x2:0x00137fb0 x11:0x0000000a PA:0x00137fc8 store:0x0000000a load:0x00000a21
          35902	     17947	00100ce0	01012223	sw	x16,4(x2)	  x2:0x00137fb0 x16:0x00000054 PA:0x00137fb4 store:0x00000054 load:0x00000a21
          35906	     17949	00100ce4	9c87a583	lw	x11,-1592(x15)	 x15:0x00102000 x11=0x000007d0 PA:0x001019c8 store:0x00000004
          35910	     17951	00100ce8	9cc7a803	lw	x16,-1588(x15)	 x15:0x00102000 x16=0x00000000 PA:0x001019cc store:0x00000000
          35914	     17953	00100cec	00e12623	sw	x14,12(x2)	  x2:0x00137fb0 x14:0x0000006f PA:0x00137fbc store:0x0000006f load:0x00000000
          35916	     17954	00100cf0	00030737	lui	x14,0x30	 x14=0x00030000
          35920	     17956	00100cf4	00c12a23	sw	x12,20(x2)	  x2:0x00137fb0 x12:0x00000000 PA:0x00137fc4 store:0x00000000 load:0x00000000
          35924	     17958	00100cf8	01112023	sw	x17,0(x2)	  x2:0x00137fb0 x17:0x00030000 PA:0x00137fb0 store:0x00030000 load:0x00000000
          35928	     17960	00100cfc	00a12e23	sw	x10,28(x2)	  x2:0x00137fb0 x10:0x00000000 PA:0x00137fcc store:0x00000000 load:0x00000000
          35932	     17962	00100d00	00d12823	sw	x13,16(x2)	  x2:0x00137fb0 x13:0x00001e6a PA:0x00137fc0 store:0x00001e6a load:0x00000000
          35934	     17963	00100d04	00030637	lui	x12,0x30	 x12=0x00030000
          35936	     17964	00100d08	00470893	addi	x17,x14,4	 x14:0x00030000 x17=0x00030004
          35940	     17966	00100d0c	0008a783	lw	x15,0(x17)	 x17:0x00030004 x15=0x00000000 PA:0x00030004 store:0x00000000
          35944	     17968	00100d10	00062683	lw	x13,0(x12)	 x12:0x00030000 x13=0x0000462e PA:0x00030000 store:0x00000000
          35948	     17970	00100d14	0008a503	lw	x10,0(x17)	 x17:0x00030004 x10=0x00000000 PA:0x00030004 store:0x00000000
          35952	     17972	00100d18	06a78a63	beq	x15,x10,100d8c	 x15:0x00000000 x10:0x00000000
          35956	     17974	00100d8c	00b688b3	add	x17,x13,x11	 x13:0x0000462e x11:0x000007d0 x17=0x00004dfe
          35958	     17975	00100d90	00030637	lui	x12,0x30	 x12=0x00030000
          35960	     17976	00100d94	00d8b6b3	sltu	x13,x17,x13	 x17:0x00004dfe x13:0x0000462e x13=0x00000000
          35962	     17977	00100d98	01078833	add	x16,x15,x16	 x15:0x00000000 x16:0x00000000 x16=0x00000000
          35964	     17978	00100d9c	fff00513	addi	x10,x0,-1	  x0:0x00000000 x10=0xffffffff
          35968	     17980	00100da0	00a62423	sw	x10,8(x12)	 x12:0x00030000 x10:0xffffffff PA:0x00030008 store:0xffffffff load:0x0000460a
          35970	     17981	00100da4	010687b3	add	x15,x13,x16	 x13:0x00000000 x16:0x00000000 x15=0x00000000
          35972	     17982	00100da8	000305b7	lui	x11,0x30	 x11=0x00030000
          35976	     17984	00100dac	00f5a623	sw	x15,12(x11)	 x11:0x00030000 x15:0x00000000 PA:0x0003000c store:0x00000000 load:0x00000000
          35980	     17986	00100db0	01162423	sw	x17,8(x12)	 x12:0x00030000 x17:0x00004dfe PA:0x00030008 store:0x00004dfe load:0xffffffff
          35982	     17987	00100db4	001026b7	lui	x13,0x102	 x13=0x00102000
          35986	     17989	00100db8	9d06a703	lw	x14,-1584(x13)	 x13:0x00102000 x14=0x00000004 PA:0x001019d0 store:0x00000000
          35990	     17991	00100dbc	9d46a883	lw	x17,-1580(x13)	 x13:0x00102000 x17=0x00000000 PA:0x001019d4 store:0x7f167699
          35994	     17993	00100dc0	01c12503	lw	x10,28(x2)	  x2:0x00137fb0 x10=0x00000000 PA:0x00137fcc store:0x00000000
          35996	     17994	00100dc4	00170593	addi	x11,x14,1	 x14:0x00000004 x11=0x00000005
          35998	     17995	00100dc8	00e5b633	sltu	x12,x11,x14	 x11:0x00000005 x14:0x00000004 x12=0x00000000
          36000	     17996	00100dcc	01160833	add	x16,x12,x17	 x12:0x00000000 x17:0x00000000 x16=0x00000000
          36004	     17998	00100dd0	9cb6a823	sw	x11,-1584(x13)	 x13:0x00102000 x11:0x00000005 PA:0x001019d0 store:0x00000005 load:0x00000000
          36008	     18000	00100dd4	9d06aa23	sw	x16,-1580(x13)	 x13:0x00102000 x16:0x00000000 PA:0x001019d4 store:0x00000000 load:0x00000000
          36012	     18002	00100dd8	01812583	lw	x11,24(x2)	  x2:0x00137fb0 x11=0x0000000a PA:0x00137fc8 store:0x00102000
          36016	     18004	00100ddc	01412603	lw	x12,20(x2)	  x2:0x00137fb0 x12=0x00000000 PA:0x00137fc4 store:0x7f167699
          36020	     18006	00100de0	01012683	lw	x13,16(x2)	  x2:0x00137fb0 x13=0x00001e6a PA:0x00137fc0 store:0x00000000
          36024	     18008	00100de4	00c12703	lw	x14,12(x2)	  x2:0x00137fb0 x14=0x0000006f PA:0x00137fbc store:0x00000000
          36028	     18010	00100de8	00812783	lw	x15,8(x2)	  x2:0x00137fb0 x15=0x00020000 PA:0x00137fb8 store:0x00000004
          36032	     18012	00100dec	00412803	lw	x16,4(x2)	  x2:0x00137fb0 x16=0x00000054 PA:0x00137fb4 store:0x00000000
          36036	     18014	00100df0	00012883	lw	x17,0(x2)	  x2:0x00137fb0 x17=0x00030000 PA:0x00137fb0 store:0x00000000
          36038	     18015	00100df4	02010113	addi	x2,x2,32	  x2:0x00137fb0  x2=0x00137fd0
          36040	     18016	00100df8	30200073	mret	
          36046	     18019	001015e8	02049a63	bne	x9,x0,10161c	  x9:0x00000000  x0:0x00000000
          36048	     18020	001015ec	028ce863	bltu	x25,x8,10161c	 x25:0x00000004  x8:0x00000004
          36052	     18022	001015f0	ed0ff0ef	jal	x1,100cc0	  x1=0x001015f4
          36054	     18023	00100cc0	001027b7	lui	x15,0x102	 x15=0x00102000
          36058	     18025	00100cc4	9d07a503	lw	x10,-1584(x15)	 x15:0x00102000 x10=0x00000005 PA:0x001019d0 store:0x00000054
          36062	     18027	00100cc8	9d47a583	lw	x11,-1580(x15)	 x15:0x00102000 x11=0x00000000 PA:0x001019d4 store:0x7f167699
          36066	     18029	00100ccc	00008067	jalr	x0,0(x1)	  x1:0x001015f4  x0=0x00000000
          36068	     18030	001015f4	00040913	addi	x18,x8,0	  x8:0x00000004 x18=0x00000004
          36070	     18031	001015f8	00050413	addi	x8,x10,0	 x10:0x00000005  x8=0x00000005
          36072	     18032	001015fc	00048d13	addi	x26,x9,0	  x9:0x00000000 x26=0x00000000
          36074	     18033	00101600	00157793	andi	x15,x10,1	 x10:0x00000005 x15=0x00000001
          36076	     18034	00101604	00058493	addi	x9,x11,0	 x11:0x00000000  x9=0x00000000
          36078	     18035	00101608	9b8b8513	addi	x10,x23,-1608	 x23:0x00102000 x10=0x001019b8
          36082	     18037	0010160c	fd2416e3	bne	x8,x18,1015d8	  x8:0x00000005 x18:0x00000004
          36088	     18040	001015d8	00079463	bne	x15,x0,1015e0	 x15:0x00000001  x0:0x00000000
          36094	     18043	001015e0	ac1fe0ef	jal	x1,1000a0	  x1=0x001015e4
          36098	     18045	001000a0	00054803	lbu	x16,0(x10)	 x10:0x001019b8 x16=0x00000054 PA:0x001019b8 store:0x00000000
          36100	     18046	001000a4	06080663	beq	x16,x0,100110	 x16:0x00000054  x0:0x00000000
          36102	     18047	001000a8	000207b7	lui	x15,0x20	 x15=0x00020000
          36106	     18049	001000ac	0107a023	sw	x16,0(x15)	 x15:0x00020000 x16:0x00000054 PA:0x00020000 store:0x00000054 load:0x00000000
          36110	     18051	001000b0	00154703	lbu	x14,1(x10)	 x10:0x001019b8 x14=0x00000069 PA:0x001019b9 store:0x001015e4
          36112	     18052	001000b4	04070e63	beq	x14,x0,100110	 x14:0x00000069  x0:0x00000000
          36116	     18054	001000b8	00e7a023	sw	x14,0(x15)	 x15:0x00020000 x14:0x00000069 PA:0x00020000 store:0x00000069 load:0x00000000
          36120	     18056	001000bc	00254283	lbu	x5,2(x10)	 x10:0x001019b8  x5=0x00000063 PA:0x001019ba store:0x00137fd0
          36122	     18057	001000c0	04028863	beq	x5,x0,100110	  x5:0x00000063  x0:0x00000000
          36126	     18059	001000c4	0057a023	sw	x5,0(x15)	 x15:0x00020000  x5:0x00000063 PA:0x00020000 store:0x00000063 load:0x00000000
          36130	     18061	001000c8	00354303	lbu	x6,3(x10)	 x10:0x001019b8  x6=0x0000006b PA:0x001019bb store:0x00000000
          36132	     18062	001000cc	04030263	beq	x6,x0,100110	  x6:0x0000006b  x0:0x00000000
          36136	     18064	001000d0	0067a023	sw	x6,0(x15)	 x15:0x00020000  x6:0x0000006b PA:0x00020000 store:0x0000006b load:0x00000000
          36140	     18066	001000d4	00454383	lbu	x7,4(x10)	 x10:0x001019b8  x7=0x00000021 PA:0x001019bc store:0x00000000
          36142	     18067	001000d8	02038c63	beq	x7,x0,100110	  x7:0x00000021  x0:0x00000000
          36146	     18069	001000dc	0077a023	sw	x7,0(x15)	 x15:0x00020000  x7:0x00000021 PA:0x00020000 store:0x00000021 load:0x00000000
          36150	     18071	001000e0	00554583	lbu	x11,5(x10)	 x10:0x001019b8 x11=0x0000000a PA:0x001019bd store:0x00000063
          36152	     18072	001000e4	02058663	beq	x11,x0,100110	 x11:0x0000000a  x0:0x00000000
          36156	     18074	001000e8	00b7a023	sw	x11,0(x15)	 x15:0x00020000 x11:0x0000000a PA:0x00020000 store:0x0000000a load:0x00000000
          36160	     18076	001000ec	00654603	lbu	x12,6(x10)	 x10:0x001019b8 x12=0x00000000 PA:0x001019be store:0x0000006b
          36164	     18078	001000f0	02060063	beq	x12,x0,100110	 x12:0x00000000  x0:0x00000000
          36168	     18080	00100110	00000513	addi	x10,x0,0	  x0:0x00000000 x10=0x00000000
          36172	     18082	00100114	00008067	jalr	x0,0(x1)	  x1:0x001015e4  x0=0x00000000
          36174	     18083	001015e4	10500073	wfi	
          39954	     19973	0010001c	6890006f	jal	x0,100ea4	  x0=0x00000000
          39958	     19975	00100ea4	e2dff06f	jal	x0,100cd0	  x0=0x00000000
          39960	     19976	00100cd0	fe010113	addi	x2,x2,-32	  x2:0x00137fd0  x2=0x00137fb0
          39964	     19978	00100cd4	00f12423	sw	x15,8(x2)	  x2:0x00137fb0 x15:0x00020000 PA:0x00137fb8 store:0x00020000 load:0x00000a21
          39966	     19979	00100cd8	001027b7	lui	x15,0x102	 x15=0x00102000
          39970	     19981	00100cdc	00b12c23	sw	x11,24(x2)	  x2:0x00137fb0 x11:0x0000000a PA:0x00137fc8 store:0x0000000a load:0x00000a21
          39974	     19983	00100ce0	01012223	sw	x16,4(x2)	  x2:0x00137fb0 x16:0x00000054 PA:0x00137fb4 store:0x00000054 load:0x00000a21
          39978	     19985	00100ce4	9c87a583	lw	x11,-1592(x15)	 x15:0x00102000 x11=0x000007d0 PA:0x001019c8 store:0x00000005
          39982	     19987	00100ce8	9cc7a803	lw	x16,-1588(x15)	 x15:0x00102000 x16=0x00000000 PA:0x001019cc store:0x00000000
          39986	     19989	00100cec	00e12623	sw	x14,12(x2)	  x2:0x00137fb0 x14:0x00000069 PA:0x00137fbc store:0x00000069 load:0x00000000
          39988	     19990	00100cf0	00030737	lui	x14,0x30	 x14=0x00030000
          39992	     19992	00100cf4	00c12a23	sw	x12,20(x2)	  x2:0x00137fb0 x12:0x00000000 PA:0x00137fc4 store:0x00000000 load:0x00000000
          39996	     19994	00100cf8	01112023	sw	x17,0(x2)	  x2:0x00137fb0 x17:0x00030000 PA:0x00137fb0 store:0x00030000 load:0x00000000
          40000	     19996	00100cfc	00a12e23	sw	x10,28(x2)	  x2:0x00137fb0 x10:0x00000000 PA:0x00137fcc store:0x00000000 load:0x00000000
          40004	     19998	00100d00	00d12823	sw	x13,16(x2)	  x2:0x00137fb0 x13:0x00001e6a PA:0x00137fc0 store:0x00001e6a load:0x00000000
          40006	     19999	00100d04	00030637	lui	x12,0x30	 x12=0x00030000
          40008	     20000	00100d08	00470893	addi	x17,x14,4	 x14:0x00030000 x17=0x00030004
          40012	     20002	00100d0c	0008a783	lw	x15,0(x17)	 x17:0x00030004 x15=0x00000000 PA:0x00030004 store:0x00000000
          40016	     20004	00100d10	00062683	lw	x13,0(x12)	 x12:0x00030000 x13=0x00004e22 PA:0x00030000 store:0x00000000
          40020	     20006	00100d14	0008a503	lw	x10,0(x17)	 x17:0x00030004 x10=0x00000000 PA:0x00030004 store:0x00000000
          40024	     20008	00100d18	06a78a63	beq	x15,x10,100d8c	 x15:0x00000000 x10:0x00000000
          40028	     20010	00100d8c	00b688b3	add	x17,x13,x11	 x13:0x00004e22 x11:0x000007d0 x17=0x000055f2
          40030	     20011	00100d90	00030637	lui	x12,0x30	 x12=0x00030000
          40032	     20012	00100d94	00d8b6b3	sltu	x13,x17,x13	 x17:0x000055f2 x13:0x00004e22 x13=0x00000000
          40034	     20013	00100d98	01078833	add	x16,x15,x16	 x15:0x00000000 x16:0x00000000 x16=0x00000000
          40036	     20014	00100d9c	fff00513	addi	x10,x0,-1	  x0:0x00000000 x10=0xffffffff
          40040	     20016	00100da0	00a62423	sw	x10,8(x12)	 x12:0x00030000 x10:0xffffffff PA:0x00030008 store:0xffffffff load:0x00004dfe
          40042	     20017	00100da4	010687b3	add	x15,x13,x16	 x13:0x00000000 x16:0x00000000 x15=0x00000000
          40044	     20018	00100da8	000305b7	lui	x11,0x30	 x11=0x00030000
          40048	     20020	00100dac	00f5a623	sw	x15,12(x11)	 x11:0x00030000 x15:0x00000000 PA:0x0003000c store:0x00000000 load:0x00000000
          40052	     20022	00100db0	01162423	sw	x17,8(x12)	 x12:0x00030000 x17:0x000055f2 PA:0x00030008 store:0x000055f2 load:0xffffffff
          40054	     20023	00100db4	001026b7	lui	x13,0x102	 x13=0x00102000
          40058	     20025	00100db8	9d06a703	lw	x14,-1584(x13)	 x13:0x00102000 x14=0x00000005 PA:0x001019d0 store:0x00000000
          40062	     20027	00100dbc	9d46a883	lw	x17,-1580(x13)	 x13:0x00102000 x17=0x00000000 PA:0x001019d4 store:0x7f167699
          40066	     20029	00100dc0	01c12503	lw	x10,28(x2)	  x2:0x00137fb0 x10=0x00000000 PA:0x00137fcc store:0x00000000
          40068	     20030	00100dc4	00170593	addi	x11,x14,1	 x14:0x00000005 x11=0x00000006
          40070	     20031	00100dc8	00e5b633	sltu	x12,x11,x14	 x11:0x00000006 x14:0x00000005 x12=0x00000000
          40072	     20032	00100dcc	01160833	add	x16,x12,x17	 x12:0x00000000 x17:0x00000000 x16=0x00000000
          40076	     20034	00100dd0	9cb6a823	sw	x11,-1584(x13)	 x13:0x00102000 x11:0x00000006 PA:0x001019d0 store:0x00000006 load:0x00000000
          40080	     20036	00100dd4	9d06aa23	sw	x16,-1580(x13)	 x13:0x00102000 x16:0x00000000 PA:0x001019d4 store:0x00000000 load:0x00000000
          40084	     20038	00100dd8	01812583	lw	x11,24(x2)	  x2:0x00137fb0 x11=0x0000000a PA:0x00137fc8 store:0x00102000
          40088	     20040	00100ddc	01412603	lw	x12,20(x2)	  x2:0x00137fb0 x12=0x00000000 PA:0x00137fc4 store:0x7f167699
          40092	     20042	00100de0	01012683	lw	x13,16(x2)	  x2:0x00137fb0 x13=0x00001e6a PA:0x00137fc0 store:0x00000000
          40096	     20044	00100de4	00c12703	lw	x14,12(x2)	  x2:0x00137fb0 x14=0x00000069 PA:0x00137fbc store:0x00000000
          40100	     20046	00100de8	00812783	lw	x15,8(x2)	  x2:0x00137fb0 x15=0x00020000 PA:0x00137fb8 store:0x00000005
          40104	     20048	00100dec	00412803	lw	x16,4(x2)	  x2:0x00137fb0 x16=0x00000054 PA:0x00137fb4 store:0x00000000
          40108	     20050	00100df0	00012883	lw	x17,0(x2)	  x2:0x00137fb0 x17=0x00030000 PA:0x00137fb0 store:0x00000000
          40110	     20051	00100df4	02010113	addi	x2,x2,32	  x2:0x00137fb0  x2=0x00137fd0
          40112	     20052	00100df8	30200073	mret	
          40118	     20055	001015e8	02049a63	bne	x9,x0,10161c	  x9:0x00000000  x0:0x00000000
          40122	     20057	001015ec	028ce863	bltu	x25,x8,10161c	 x25:0x00000004  x8:0x00000005
          40128	     20060	0010161c	02c12083	lw	x1,44(x2)	  x2:0x00137fd0  x1=0x00100f58 PA:0x00137ffc store:0x00000000
          40132	     20062	00101620	02812403	lw	x8,40(x2)	  x2:0x00137fd0  x8=0x00000000 PA:0x00137ff8 store:0x00000005
          40136	     20064	00101624	02412483	lw	x9,36(x2)	  x2:0x00137fd0  x9=0x00000000 PA:0x00137ff4 store:0x00000000
          40140	     20066	00101628	02012903	lw	x18,32(x2)	  x2:0x00137fd0 x18=0x00000000 PA:0x00137ff0 store:0x00000000
          40144	     20068	0010162c	01c12983	lw	x19,28(x2)	  x2:0x00137fd0 x19=0x00000000 PA:0x00137fec store:0x00000000
          40148	     20070	00101630	01812a03	lw	x20,24(x2)	  x2:0x00137fd0 x20=0x00000000 PA:0x00137fe8 store:0x00102000
          40152	     20072	00101634	01412a83	lw	x21,20(x2)	  x2:0x00137fd0 x21=0x00000000 PA:0x00137fe4 store:0x00000000
          40156	     20074	00101638	01012b03	lw	x22,16(x2)	  x2:0x00137fd0 x22=0x00000000 PA:0x00137fe0 store:0x00000054
          40160	     20076	0010163c	00c12b83	lw	x23,12(x2)	  x2:0x00137fd0 x23=0x00000000 PA:0x00137fdc store:0x00000000
          40164	     20078	00101640	00812c03	lw	x24,8(x2)	  x2:0x00137fd0 x24=0x00000000 PA:0x00137fd8 store:0x00000000
          40168	     20080	00101644	00412c83	lw	x25,4(x2)	  x2:0x00137fd0 x25=0x00000000 PA:0x00137fd4 store:0x00000000
          40172	     20082	00101648	00012d03	lw	x26,0(x2)	  x2:0x00137fd0 x26=0x00101a34 PA:0x00137fd0 store:0x00000000
          40174	     20083	0010164c	00000513	addi	x10,x0,0	  x0:0x00000000 x10=0x00000000
          40176	     20084	00101650	03010113	addi	x2,x2,48	  x2:0x00137fd0  x2=0x00138000
          40180	     20086	00101654	00008067	jalr	x0,0(x1)	  x1:0x00100f58  x0=0x00000000
          40182	     20087	00100f58	000202b7	lui	x5,0x20	  x5=0x00020000
          40184	     20088	00100f5c	00828293	addi	x5,x5,8	  x5:0x00020000  x5=0x00020008
          40186	     20089	00100f60	00100313	addi	x6,x0,1	  x0:0x00000000  x6=0x00000001
          40190	     20091	00100f64	0062a023	sw	x6,0(x5)	  x5:0x00020008  x6:0x00000001 PA:0x00020008 store:0x00000001 load:0x00000000
