Time	Cycle	PC	Insn	Decoded instruction	Register and memory contents
             20	         6	00100080	6290006f	jal	x0,100ea8	  x0=0x00000000
             22	         7	00100ea8	00000093	addi	x1,x0,0	  x0:0x00000000  x1=0x00000000
             24	         8	00100eac	00008113	addi	x2,x1,0	  x1:0x00000000  x2=0x00000000
             26	         9	00100eb0	00008193	addi	x3,x1,0	  x1:0x00000000  x3=0x00000000
             28	        10	00100eb4	00008213	addi	x4,x1,0	  x1:0x00000000  x4=0x00000000
             30	        11	00100eb8	00008293	addi	x5,x1,0	  x1:0x00000000  x5=0x00000000
             32	        12	00100ebc	00008313	addi	x6,x1,0	  x1:0x00000000  x6=0x00000000
             34	        13	00100ec0	00008393	addi	x7,x1,0	  x1:0x00000000  x7=0x00000000
             36	        14	00100ec4	00008413	addi	x8,x1,0	  x1:0x00000000  x8=0x00000000
             38	        15	00100ec8	00008493	addi	x9,x1,0	  x1:0x00000000  x9=0x00000000
             40	        16	00100ecc	00008513	addi	x10,x1,0	  x1:0x00000000 x10=0x00000000
             42	        17	00100ed0	00008593	addi	x11,x1,0	  x1:0x00000000 x11=0x00000000
             44	        18	00100ed4	00008613	addi	x12,x1,0	  x1:0x00000000 x12=0x00000000
             46	        19	00100ed8	00008693	addi	x13,x1,0	  x1:0x00000000 x13=0x00000000
             48	        20	00100edc	00008713	addi	x14,x1,0	  x1:0x00000000 x14=0x00000000
             50	        21	00100ee0	00008793	addi	x15,x1,0	  x1:0x00000000 x15=0x00000000
             52	        22	00100ee4	00008813	addi	x16,x1,0	  x1:0x00000000 x16=0x00000000
             54	        23	00100ee8	00008893	addi	x17,x1,0	  x1:0x00000000 x17=0x00000000
             56	        24	00100eec	00008913	addi	x18,x1,0	  x1:0x00000000 x18=0x00000000
             58	        25	00100ef0	00008993	addi	x19,x1,0	  x1:0x00000000 x19=0x00000000
             60	        26	00100ef4	00008a13	addi	x20,x1,0	  x1:0x00000000 x20=0x00000000
             62	        27	00100ef8	00008a93	addi	x21,x1,0	  x1:0x00000000 x21=0x00000000
             64	        28	00100efc	00008b13	addi	x22,x1,0	  x1:0x00000000 x22=0x00000000
             66	        29	00100f00	00008b93	addi	x23,x1,0	  x1:0x00000000 x23=0x00000000
             68	        30	00100f04	00008c13	addi	x24,x1,0	  x1:0x00000000 x24=0x00000000
             70	        31	00100f08	00008c93	addi	x25,x1,0	  x1:0x00000000 x25=0x00000000
             72	        32	00100f0c	00008d13	addi	x26,x1,0	  x1:0x00000000 x26=0x00000000
             74	        33	00100f10	00008d93	addi	x27,x1,0	  x1:0x00000000 x27=0x00000000
             76	        34	00100f14	00008e13	addi	x28,x1,0	  x1:0x00000000 x28=0x00000000
             78	        35	00100f18	00008e93	addi	x29,x1,0	  x1:0x00000000 x29=0x00000000
             80	        36	00100f1c	00008f13	addi	x30,x1,0	  x1:0x00000000 x30=0x00000000
             82	        37	00100f20	00008f93	addi	x31,x1,0	  x1:0x00000000 x31=0x00000000
             84	        38	00100f24	00037117	auipc	x2,0x37	  x2=0x00137f24
             86	        39	00100f28	0dc10113	addi	x2,x2,220	  x2:0x00137f24  x2=0x00138000
             88	        40	00100f2c	00001d17	auipc	x26,0x1	 x26=0x00101f2c
             90	        41	00100f30	db4d0d13	addi	x26,x26,-588	 x26:0x00101f2c x26=0x00101ce0
             92	        42	00100f34	00001d97	auipc	x27,0x1	 x27=0x00101f34
             94	        43	00100f38	e14d8d93	addi	x27,x27,-492	 x27:0x00101f34 x27=0x00101d48
             96	        44	00100f3c	01bd5863	bge	x26,x27,100f4c	 x26:0x00101ce0 x27:0x00101d48
            100	        46	00100f40	000d2023	sw	x0,0(x26)	 x26:0x00101ce0  x0:0x00000000 PA:0x00101ce0 store:0x00000000 load:0x00000000
            102	        47	00100f44	004d0d13	addi	x26,x26,4	 x26:0x00101ce0 x26=0x00101ce4
            106	        49	00100f48	ffaddce3	bge	x27,x26,100f40	 x27:0x00101d48 x26:0x00101ce4
            112	        52	00100f40	000d2023	sw	x0,0(x26)	 x26:0x00101ce4  x0:0x00000000 PA:0x00101ce4 store:0x00000000 load:0x00000000
            114	        53	00100f44	004d0d13	addi	x26,x26,4	 x26:0x00101ce4 x26=0x00101ce8
            118	        55	00100f48	ffaddce3	bge	x27,x26,100f40	 x27:0x00101d48 x26:0x00101ce8
            124	        58	00100f40	000d2023	sw	x0,0(x26)	 x26:0x00101ce8  x0:0x00000000 PA:0x00101ce8 store:0x00000000 load:0x00000000
            126	        59	00100f44	004d0d13	addi	x26,x26,4	 x26:0x00101ce8 x26=0x00101cec
            130	        61	00100f48	ffaddce3	bge	x27,x26,100f40	 x27:0x00101d48 x26:0x00101cec
            136	        64	00100f40	000d2023	sw	x0,0(x26)	 x26:0x00101cec  x0:0x00000000 PA:0x00101cec store:0x00000000 load:0x00000000
            138	        65	00100f44	004d0d13	addi	x26,x26,4	 x26:0x00101cec x26=0x00101cf0
            142	        67	00100f48	ffaddce3	bge	x27,x26,100f40	 x27:0x00101d48 x26:0x00101cf0
            148	        70	00100f40	000d2023	sw	x0,0(x26)	 x26:0x00101cf0  x0:0x00000000 PA:0x00101cf0 store:0x00000000 load:0x00000000
            150	        71	00100f44	004d0d13	addi	x26,x26,4	 x26:0x00101cf0 x26=0x00101cf4
            154	        73	00100f48	ffaddce3	bge	x27,x26,100f40	 x27:0x00101d48 x26:0x00101cf4
            160	        76	00100f40	000d2023	sw	x0,0(x26)	 x26:0x00101cf4  x0:0x00000000 PA:0x00101cf4 store:0x00000000 load:0x00000000
            162	        77	00100f44	004d0d13	addi	x26,x26,4	 x26:0x00101cf4 x26=0x00101cf8
            166	        79	00100f48	ffaddce3	bge	x27,x26,100f40	 x27:0x00101d48 x26:0x00101cf8
            172	        82	00100f40	000d2023	sw	x0,0(x26)	 x26:0x00101cf8  x0:0x00000000 PA:0x00101cf8 store:0x00000000 load:0x00000000
            174	        83	00100f44	004d0d13	addi	x26,x26,4	 x26:0x00101cf8 x26=0x00101cfc
            178	        85	00100f48	ffaddce3	bge	x27,x26,100f40	 x27:0x00101d48 x26:0x00101cfc
            184	        88	00100f40	000d2023	sw	x0,0(x26)	 x26:0x00101cfc  x0:0x00000000 PA:0x00101cfc store:0x00000000 load:0x00000000
            186	        89	00100f44	004d0d13	addi	x26,x26,4	 x26:0x00101cfc x26=0x00101d00
            190	        91	00100f48	ffaddce3	bge	x27,x26,100f40	 x27:0x00101d48 x26:0x00101d00
            196	        94	00100f40	000d2023	sw	x0,0(x26)	 x26:0x00101d00  x0:0x00000000 PA:0x00101d00 store:0x00000000 load:0x00000000
            198	        95	00100f44	004d0d13	addi	x26,x26,4	 x26:0x00101d00 x26=0x00101d04
            202	        97	00100f48	ffaddce3	bge	x27,x26,100f40	 x27:0x00101d48 x26:0x00101d04
            208	       100	00100f40	000d2023	sw	x0,0(x26)	 x26:0x00101d04  x0:0x00000000 PA:0x00101d04 store:0x00000000 load:0x00000000
            210	       101	00100f44	004d0d13	addi	x26,x26,4	 x26:0x00101d04 x26=0x00101d08
            214	       103	00100f48	ffaddce3	bge	x27,x26,100f40	 x27:0x00101d48 x26:0x00101d08
            220	       106	00100f40	000d2023	sw	x0,0(x26)	 x26:0x00101d08  x0:0x00000000 PA:0x00101d08 store:0x00000000 load:0x00000000
            222	       107	00100f44	004d0d13	addi	x26,x26,4	 x26:0x00101d08 x26=0x00101d0c
            226	       109	00100f48	ffaddce3	bge	x27,x26,100f40	 x27:0x00101d48 x26:0x00101d0c
            232	       112	00100f40	000d2023	sw	x0,0(x26)	 x26:0x00101d0c  x0:0x00000000 PA:0x00101d0c store:0x00000000 load:0x00000000
            234	       113	00100f44	004d0d13	addi	x26,x26,4	 x26:0x00101d0c x26=0x00101d10
            238	       115	00100f48	ffaddce3	bge	x27,x26,100f40	 x27:0x00101d48 x26:0x00101d10
            244	       118	00100f40	000d2023	sw	x0,0(x26)	 x26:0x00101d10  x0:0x00000000 PA:0x00101d10 store:0x00000000 load:0x00000000
            246	       119	00100f44	004d0d13	addi	x26,x26,4	 x26:0x00101d10 x26=0x00101d14
            250	       121	00100f48	ffaddce3	bge	x27,x26,100f40	 x27:0x00101d48 x26:0x00101d14
            256	       124	00100f40	000d2023	sw	x0,0(x26)	 x26:0x00101d14  x0:0x00000000 PA:0x00101d14 store:0x00000000 load:0x00000000
            258	       125	00100f44	004d0d13	addi	x26,x26,4	 x26:0x00101d14 x26=0x00101d18
            262	       127	00100f48	ffaddce3	bge	x27,x26,100f40	 x27:0x00101d48 x26:0x00101d18
            268	       130	00100f40	000d2023	sw	x0,0(x26)	 x26:0x00101d18  x0:0x00000000 PA:0x00101d18 store:0x00000000 load:0x00000000
            270	       131	00100f44	004d0d13	addi	x26,x26,4	 x26:0x00101d18 x26=0x00101d1c
            274	       133	00100f48	ffaddce3	bge	x27,x26,100f40	 x27:0x00101d48 x26:0x00101d1c
            280	       136	00100f40	000d2023	sw	x0,0(x26)	 x26:0x00101d1c  x0:0x00000000 PA:0x00101d1c store:0x00000000 load:0x00000000
            282	       137	00100f44	004d0d13	addi	x26,x26,4	 x26:0x00101d1c x26=0x00101d20
            286	       139	00100f48	ffaddce3	bge	x27,x26,100f40	 x27:0x00101d48 x26:0x00101d20
            292	       142	00100f40	000d2023	sw	x0,0(x26)	 x26:0x00101d20  x0:0x00000000 PA:0x00101d20 store:0x00000000 load:0x00000000
            294	       143	00100f44	004d0d13	addi	x26,x26,4	 x26:0x00101d20 x26=0x00101d24
            298	       145	00100f48	ffaddce3	bge	x27,x26,100f40	 x27:0x00101d48 x26:0x00101d24
            304	       148	00100f40	000d2023	sw	x0,0(x26)	 x26:0x00101d24  x0:0x00000000 PA:0x00101d24 store:0x00000000 load:0x00000000
            306	       149	00100f44	004d0d13	addi	x26,x26,4	 x26:0x00101d24 x26=0x00101d28
            310	       151	00100f48	ffaddce3	bge	x27,x26,100f40	 x27:0x00101d48 x26:0x00101d28
            316	       154	00100f40	000d2023	sw	x0,0(x26)	 x26:0x00101d28  x0:0x00000000 PA:0x00101d28 store:0x00000000 load:0x00000000
            318	       155	00100f44	004d0d13	addi	x26,x26,4	 x26:0x00101d28 x26=0x00101d2c
            322	       157	00100f48	ffaddce3	bge	x27,x26,100f40	 x27:0x00101d48 x26:0x00101d2c
            328	       160	00100f40	000d2023	sw	x0,0(x26)	 x26:0x00101d2c  x0:0x00000000 PA:0x00101d2c store:0x00000000 load:0x00000000
            330	       161	00100f44	004d0d13	addi	x26,x26,4	 x26:0x00101d2c x26=0x00101d30
            334	       163	00100f48	ffaddce3	bge	x27,x26,100f40	 x27:0x00101d48 x26:0x00101d30
            340	       166	00100f40	000d2023	sw	x0,0(x26)	 x26:0x00101d30  x0:0x00000000 PA:0x00101d30 store:0x00000000 load:0x00000000
            342	       167	00100f44	004d0d13	addi	x26,x26,4	 x26:0x00101d30 x26=0x00101d34
            346	       169	00100f48	ffaddce3	bge	x27,x26,100f40	 x27:0x00101d48 x26:0x00101d34
            352	       172	00100f40	000d2023	sw	x0,0(x26)	 x26:0x00101d34  x0:0x00000000 PA:0x00101d34 store:0x00000000 load:0x00000000
            354	       173	00100f44	004d0d13	addi	x26,x26,4	 x26:0x00101d34 x26=0x00101d38
            358	       175	00100f48	ffaddce3	bge	x27,x26,100f40	 x27:0x00101d48 x26:0x00101d38
            364	       178	00100f40	000d2023	sw	x0,0(x26)	 x26:0x00101d38  x0:0x00000000 PA:0x00101d38 store:0x00000000 load:0x00000000
            366	       179	00100f44	004d0d13	addi	x26,x26,4	 x26:0x00101d38 x26=0x00101d3c
            370	       181	00100f48	ffaddce3	bge	x27,x26,100f40	 x27:0x00101d48 x26:0x00101d3c
            376	       184	00100f40	000d2023	sw	x0,0(x26)	 x26:0x00101d3c  x0:0x00000000 PA:0x00101d3c store:0x00000000 load:0x00000000
            378	       185	00100f44	004d0d13	addi	x26,x26,4	 x26:0x00101d3c x26=0x00101d40
            382	       187	00100f48	ffaddce3	bge	x27,x26,100f40	 x27:0x00101d48 x26:0x00101d40
            388	       190	00100f40	000d2023	sw	x0,0(x26)	 x26:0x00101d40  x0:0x00000000 PA:0x00101d40 store:0x00000000 load:0x00000000
            390	       191	00100f44	004d0d13	addi	x26,x26,4	 x26:0x00101d40 x26=0x00101d44
            394	       193	00100f48	ffaddce3	bge	x27,x26,100f40	 x27:0x00101d48 x26:0x00101d44
            400	       196	00100f40	000d2023	sw	x0,0(x26)	 x26:0x00101d44  x0:0x00000000 PA:0x00101d44 store:0x00000000 load:0x00000000
            402	       197	00100f44	004d0d13	addi	x26,x26,4	 x26:0x00101d44 x26=0x00101d48
            406	       199	00100f48	ffaddce3	bge	x27,x26,100f40	 x27:0x00101d48 x26:0x00101d48
            412	       202	00100f40	000d2023	sw	x0,0(x26)	 x26:0x00101d48  x0:0x00000000 PA:0x00101d48 store:0x00000000 load:0x00000000
            414	       203	00100f44	004d0d13	addi	x26,x26,4	 x26:0x00101d48 x26=0x00101d4c
            416	       204	00100f48	ffaddce3	bge	x27,x26,100f40	 x27:0x00101d48 x26:0x00101d4c
            418	       205	00100f4c	00000513	addi	x10,x0,0	  x0:0x00000000 x10=0x00000000
            420	       206	00100f50	00000593	addi	x11,x0,0	  x0:0x00000000 x11=0x00000000
            424	       208	00100f54	01c000ef	jal	x1,100f70	  x1=0x00100f58
            426	       209	00100f70	fa010113	addi	x2,x2,-96	  x2:0x00138000  x2=0x00137fa0
            428	       210	00100f74	00000513	addi	x10,x0,0	  x0:0x00000000 x10=0x00000000
            432	       212	00100f78	04112e23	sw	x1,92(x2)	  x2:0x00137fa0  x1:0x00100f58 PA:0x00137ffc store:0x00100f58 load:0x00000000
            436	       214	00100f7c	04812c23	sw	x8,88(x2)	  x2:0x00137fa0  x8:0x00000000 PA:0x00137ff8 store:0x00000000 load:0x00000000
            440	       216	00100f80	04912a23	sw	x9,84(x2)	  x2:0x00137fa0  x9:0x00000000 PA:0x00137ff4 store:0x00000000 load:0x00000000
            444	       218	00100f84	05212823	sw	x18,80(x2)	  x2:0x00137fa0 x18:0x00000000 PA:0x00137ff0 store:0x00000000 load:0x00000000
            448	       220	00100f88	05412423	sw	x20,72(x2)	  x2:0x00137fa0 x20:0x00000000 PA:0x00137fe8 store:0x00000000 load:0x00000000
            452	       222	00100f8c	03712e23	sw	x23,60(x2)	  x2:0x00137fa0 x23:0x00000000 PA:0x00137fdc store:0x00000000 load:0x00000000
            462	       227	00100f90	03912a23	sw	x25,52(x2)	  x2:0x00137fa0 x25:0x00000000 PA:0x00137fd4 store:0x00000000 load:0x00000000
            464	       228	00100f94	00812e27	fsw	f8,28(x2)	  f2:0x00137fa0  f8:0x00000000 PA:0x00137fbc store:0x00000000 load:0x00000000
            466	       229	00100f98	00912c27	fsw	f9,24(x2)	  f2:0x00137fa0  f9:0x00000000 PA:0x00137fb8 store:0x00000000 load:0x00000000
            468	       230	00100f9c	01212a27	fsw	f18,20(x2)	  f2:0x00137fa0 f18:0x00000000 PA:0x00137fb4 store:0x00000000 load:0x00000000
            470	       231	00100fa0	01312827	fsw	f19,16(x2)	  f2:0x00137fa0 f19:0x00000000 PA:0x00137fb0 store:0x00000000 load:0x00000000
            472	       232	00100fa4	05312623	sw	x19,76(x2)	  x2:0x00137fa0 x19:0x00000000 PA:0x00137fec store:0x00000000 load:0x00000000
            474	       233	00100fa8	05512223	sw	x21,68(x2)	  x2:0x00137fa0 x21:0x00000000 PA:0x00137fe4 store:0x00000000 load:0x00000000
            476	       234	00100fac	05612023	sw	x22,64(x2)	  x2:0x00137fa0 x22:0x00000000 PA:0x00137fe0 store:0x00000000 load:0x00000000
            480	       236	00100fb0	03812c23	sw	x24,56(x2)	  x2:0x00137fa0 x24:0x00000000 PA:0x00137fd8 store:0x00000000 load:0x00000000
            484	       238	00100fb4	03a12823	sw	x26,48(x2)	  x2:0x00137fa0 x26:0x00101d4c PA:0x00137fd0 store:0x00101d4c load:0x00000000
            494	       243	00100fb8	03b12623	sw	x27,44(x2)	  x2:0x00137fa0 x27:0x00101d48 PA:0x00137fcc store:0x00101d48 load:0x00000000
            496	       244	00100fbc	01412627	fsw	f20,12(x2)	  f2:0x00137fa0 f20:0x00000000 PA:0x00137fac store:0x00000000 load:0x00000000
            498	       245	00100fc0	01512427	fsw	f21,8(x2)	  f2:0x00137fa0 f21:0x00000000 PA:0x00137fa8 store:0x00000000 load:0x00000000
            500	       246	00100fc4	c9cff0ef	jal	x1,100460	  x1=0x00100fc8
            502	       247	00100460	00153513	sltiu	x10,x10,1	 x10:0x00000000 x10=0x00000001
            504	       248	00100464	40a002b3	sub	x5,x0,x10	  x0:0x00000000 x10:0x00000001  x5=0xffffffff
            506	       249	00100468	32029073	csrrw	x0,mcountinhibit,x5	  x5:0xffffffff  x0=0x00000000
            508	       250	0010046c	00008067	jalr	x0,0(x1)	  x1:0x00100fc8  x0=0x00000000
            510	       251	00100fc8	b98ff0ef	jal	x1,100360	  x1=0x00100fcc
            512	       252	00100360	b0201073	csrrw	x0,minstret,x0	  x0:0x00000000  x0=0x00000000
            514	       253	00100364	b0001073	csrrw	x0,mcycle,x0	  x0:0x00000000  x0=0x00000000
            516	       254	00100368	b0301073	csrrw	x0,mhpmcounter3,x0	  x0:0x00000000  x0=0x00000000
            518	       255	0010036c	b0401073	csrrw	x0,mhpmcounter4,x0	  x0:0x00000000  x0=0x00000000
            520	       256	00100370	b0501073	csrrw	x0,mhpmcounter5,x0	  x0:0x00000000  x0=0x00000000
            522	       257	00100374	b0601073	csrrw	x0,mhpmcounter6,x0	  x0:0x00000000  x0=0x00000000
            524	       258	00100378	b0701073	csrrw	x0,mhpmcounter7,x0	  x0:0x00000000  x0=0x00000000
            526	       259	0010037c	b0801073	csrrw	x0,mhpmcounter8,x0	  x0:0x00000000  x0=0x00000000
            528	       260	00100380	b0901073	csrrw	x0,mhpmcounter9,x0	  x0:0x00000000  x0=0x00000000
            530	       261	00100384	b0a01073	csrrw	x0,mhpmcounter10,x0	  x0:0x00000000  x0=0x00000000
            532	       262	00100388	b0b01073	csrrw	x0,mhpmcounter11,x0	  x0:0x00000000  x0=0x00000000
            534	       263	0010038c	b0c01073	csrrw	x0,mhpmcounter12,x0	  x0:0x00000000  x0=0x00000000
            536	       264	00100390	b0d01073	csrrw	x0,mhpmcounter13,x0	  x0:0x00000000  x0=0x00000000
            538	       265	00100394	b0e01073	csrrw	x0,mhpmcounter14,x0	  x0:0x00000000  x0=0x00000000
            540	       266	00100398	b0f01073	csrrw	x0,mhpmcounter15,x0	  x0:0x00000000  x0=0x00000000
            542	       267	0010039c	b1001073	csrrw	x0,mhpmcounter16,x0	  x0:0x00000000  x0=0x00000000
            544	       268	001003a0	b1101073	csrrw	x0,mhpmcounter17,x0	  x0:0x00000000  x0=0x00000000
            546	       269	001003a4	b1201073	csrrw	x0,mhpmcounter18,x0	  x0:0x00000000  x0=0x00000000
            548	       270	001003a8	b1301073	csrrw	x0,mhpmcounter19,x0	  x0:0x00000000  x0=0x00000000
            550	       271	001003ac	b1401073	csrrw	x0,mhpmcounter20,x0	  x0:0x00000000  x0=0x00000000
            552	       272	001003b0	b1501073	csrrw	x0,mhpmcounter21,x0	  x0:0x00000000  x0=0x00000000
            554	       273	001003b4	b1601073	csrrw	x0,mhpmcounter22,x0	  x0:0x00000000  x0=0x00000000
            556	       274	001003b8	b1701073	csrrw	x0,mhpmcounter23,x0	  x0:0x00000000  x0=0x00000000
            558	       275	001003bc	b1801073	csrrw	x0,mhpmcounter24,x0	  x0:0x00000000  x0=0x00000000
            560	       276	001003c0	b1901073	csrrw	x0,mhpmcounter25,x0	  x0:0x00000000  x0=0x00000000
            562	       277	001003c4	b1a01073	csrrw	x0,mhpmcounter26,x0	  x0:0x00000000  x0=0x00000000
            564	       278	001003c8	b1b01073	csrrw	x0,mhpmcounter27,x0	  x0:0x00000000  x0=0x00000000
            566	       279	001003cc	b1c01073	csrrw	x0,mhpmcounter28,x0	  x0:0x00000000  x0=0x00000000
            568	       280	001003d0	b1d01073	csrrw	x0,mhpmcounter29,x0	  x0:0x00000000  x0=0x00000000
            570	       281	001003d4	b1e01073	csrrw	x0,mhpmcounter30,x0	  x0:0x00000000  x0=0x00000000
            572	       282	001003d8	b1f01073	csrrw	x0,mhpmcounter31,x0	  x0:0x00000000  x0=0x00000000
            574	       283	001003dc	b8201073	csrrw	x0,minstreth,x0	  x0:0x00000000  x0=0x00000000
            576	       284	001003e0	b8001073	csrrw	x0,mcycleh,x0	  x0:0x00000000  x0=0x00000000
            578	       285	001003e4	b8301073	csrrw	x0,mhpmcounter3h,x0	  x0:0x00000000  x0=0x00000000
            580	       286	001003e8	b8401073	csrrw	x0,mhpmcounter4h,x0	  x0:0x00000000  x0=0x00000000
            582	       287	001003ec	b8501073	csrrw	x0,mhpmcounter5h,x0	  x0:0x00000000  x0=0x00000000
            584	       288	001003f0	b8601073	csrrw	x0,mhpmcounter6h,x0	  x0:0x00000000  x0=0x00000000
            586	       289	001003f4	b8701073	csrrw	x0,mhpmcounter7h,x0	  x0:0x00000000  x0=0x00000000
            588	       290	001003f8	b8801073	csrrw	x0,mhpmcounter8h,x0	  x0:0x00000000  x0=0x00000000
            590	       291	001003fc	b8901073	csrrw	x0,mhpmcounter9h,x0	  x0:0x00000000  x0=0x00000000
            592	       292	00100400	b8a01073	csrrw	x0,mhpmcounter10h,x0	  x0:0x00000000  x0=0x00000000
            594	       293	00100404	b8b01073	csrrw	x0,mhpmcounter11h,x0	  x0:0x00000000  x0=0x00000000
            596	       294	00100408	b8c01073	csrrw	x0,mhpmcounter12h,x0	  x0:0x00000000  x0=0x00000000
            598	       295	0010040c	b8d01073	csrrw	x0,mhpmcounter13h,x0	  x0:0x00000000  x0=0x00000000
            600	       296	00100410	b8e01073	csrrw	x0,mhpmcounter14h,x0	  x0:0x00000000  x0=0x00000000
            602	       297	00100414	b8f01073	csrrw	x0,mhpmcounter15h,x0	  x0:0x00000000  x0=0x00000000
            604	       298	00100418	b9001073	csrrw	x0,mhpmcounter16h,x0	  x0:0x00000000  x0=0x00000000
            606	       299	0010041c	b9101073	csrrw	x0,mhpmcounter17h,x0	  x0:0x00000000  x0=0x00000000
            608	       300	00100420	b9201073	csrrw	x0,mhpmcounter18h,x0	  x0:0x00000000  x0=0x00000000
            610	       301	00100424	b9301073	csrrw	x0,mhpmcounter19h,x0	  x0:0x00000000  x0=0x00000000
            612	       302	00100428	b9401073	csrrw	x0,mhpmcounter20h,x0	  x0:0x00000000  x0=0x00000000
            614	       303	0010042c	b9501073	csrrw	x0,mhpmcounter21h,x0	  x0:0x00000000  x0=0x00000000
            616	       304	00100430	b9601073	csrrw	x0,mhpmcounter22h,x0	  x0:0x00000000  x0=0x00000000
            618	       305	00100434	b9701073	csrrw	x0,mhpmcounter23h,x0	  x0:0x00000000  x0=0x00000000
            620	       306	00100438	b9801073	csrrw	x0,mhpmcounter24h,x0	  x0:0x00000000  x0=0x00000000
            622	       307	0010043c	b9901073	csrrw	x0,mhpmcounter25h,x0	  x0:0x00000000  x0=0x00000000
            624	       308	00100440	b9a01073	csrrw	x0,mhpmcounter26h,x0	  x0:0x00000000  x0=0x00000000
            626	       309	00100444	b9b01073	csrrw	x0,mhpmcounter27h,x0	  x0:0x00000000  x0=0x00000000
            628	       310	00100448	b9c01073	csrrw	x0,mhpmcounter28h,x0	  x0:0x00000000  x0=0x00000000
            630	       311	0010044c	b9d01073	csrrw	x0,mhpmcounter29h,x0	  x0:0x00000000  x0=0x00000000
            632	       312	00100450	b9e01073	csrrw	x0,mhpmcounter30h,x0	  x0:0x00000000  x0=0x00000000
            634	       313	00100454	b9f01073	csrrw	x0,mhpmcounter31h,x0	  x0:0x00000000  x0=0x00000000
            638	       315	00100458	00008067	jalr	x0,0(x1)	  x1:0x00100fcc  x0=0x00000000
            640	       316	00100fcc	00100513	addi	x10,x0,1	  x0:0x00000000 x10=0x00000001
            644	       318	00100fd0	c90ff0ef	jal	x1,100460	  x1=0x00100fd4
            646	       319	00100460	00153513	sltiu	x10,x10,1	 x10:0x00000001 x10=0x00000000
            648	       320	00100464	40a002b3	sub	x5,x0,x10	  x0:0x00000000 x10:0x00000000  x5=0x00000000
            650	       321	00100468	32029073	csrrw	x0,mcountinhibit,x5	  x5:0x00000000  x0=0x00000000
            654	       323	0010046c	00008067	jalr	x0,0(x1)	  x1:0x00100fd4  x0=0x00000000
            656	       324	00100fd4	00102537	lui	x10,0x102	 x10=0x00102000
            658	       325	00100fd8	9a850513	addi	x10,x10,-1624	 x10:0x00102000 x10=0x001019a8
            662	       327	00100fdc	8c4ff0ef	jal	x1,1000a0	  x1=0x00100fe0
            666	       329	001000a0	00054803	lbu	x16,0(x10)	 x10:0x001019a8 x16=0x00000048 PA:0x001019a8 store:0x00000000
            668	       330	001000a4	06080663	beq	x16,x0,100110	 x16:0x00000048  x0:0x00000000
            670	       331	001000a8	000207b7	lui	x15,0x20	 x15=0x00020000
            674	       333	001000ac	0107a023	sw	x16,0(x15)	 x15:0x00020000 x16:0x00000048 PA:0x00020000 store:0x00000048 load:0x00000000
            678	       335	001000b0	00154703	lbu	x14,1(x10)	 x10:0x001019a8 x14=0x00000065 PA:0x001019a9 store:0x00100fe0
            680	       336	001000b4	04070e63	beq	x14,x0,100110	 x14:0x00000065  x0:0x00000000
            684	       338	001000b8	00e7a023	sw	x14,0(x15)	 x15:0x00020000 x14:0x00000065 PA:0x00020000 store:0x00000065 load:0x00000000
            688	       340	001000bc	00254283	lbu	x5,2(x10)	 x10:0x001019a8  x5=0x0000006c PA:0x001019aa store:0x00137fa0
            690	       341	001000c0	04028863	beq	x5,x0,100110	  x5:0x0000006c  x0:0x00000000
            694	       343	001000c4	0057a023	sw	x5,0(x15)	 x15:0x00020000  x5:0x0000006c PA:0x00020000 store:0x0000006c load:0x00000000
            698	       345	001000c8	00354303	lbu	x6,3(x10)	 x10:0x001019a8  x6=0x0000006c PA:0x001019ab store:0x00000000
            700	       346	001000cc	04030263	beq	x6,x0,100110	  x6:0x0000006c  x0:0x00000000
            704	       348	001000d0	0067a023	sw	x6,0(x15)	 x15:0x00020000  x6:0x0000006c PA:0x00020000 store:0x0000006c load:0x00000000
            708	       350	001000d4	00454383	lbu	x7,4(x10)	 x10:0x001019a8  x7=0x0000006f PA:0x001019ac store:0x00000000
            710	       351	001000d8	02038c63	beq	x7,x0,100110	  x7:0x0000006f  x0:0x00000000
            714	       353	001000dc	0077a023	sw	x7,0(x15)	 x15:0x00020000  x7:0x0000006f PA:0x00020000 store:0x0000006f load:0x00000000
            718	       355	001000e0	00554583	lbu	x11,5(x10)	 x10:0x001019a8 x11=0x00000020 PA:0x001019ad store:0x0000006c
            720	       356	001000e4	02058663	beq	x11,x0,100110	 x11:0x00000020  x0:0x00000000
            724	       358	001000e8	00b7a023	sw	x11,0(x15)	 x15:0x00020000 x11:0x00000020 PA:0x00020000 store:0x00000020 load:0x00000000
            728	       360	001000ec	00654603	lbu	x12,6(x10)	 x10:0x001019a8 x12=0x00000073 PA:0x001019ae store:0x0000006c
            730	       361	001000f0	02060063	beq	x12,x0,100110	 x12:0x00000073  x0:0x00000000
            734	       363	001000f4	00c7a023	sw	x12,0(x15)	 x15:0x00020000 x12:0x00000073 PA:0x00020000 store:0x00000073 load:0x00000000
            738	       365	001000f8	00754683	lbu	x13,7(x10)	 x10:0x001019a8 x13=0x00000069 PA:0x001019af store:0x0000006f
            740	       366	001000fc	00850513	addi	x10,x10,8	 x10:0x001019a8 x10=0x001019b0
            742	       367	00100100	00068863	beq	x13,x0,100110	 x13:0x00000069  x0:0x00000000
            746	       369	00100104	00d7a023	sw	x13,0(x15)	 x15:0x00020000 x13:0x00000069 PA:0x00020000 store:0x00000069 load:0x00000000
            750	       371	00100108	00054803	lbu	x16,0(x10)	 x10:0x001019b0 x16=0x0000006d PA:0x001019b0 store:0x00000000
            754	       373	0010010c	fa0810e3	bne	x16,x0,1000ac	 x16:0x0000006d  x0:0x00000000
            760	       376	001000ac	0107a023	sw	x16,0(x15)	 x15:0x00020000 x16:0x0000006d PA:0x00020000 store:0x0000006d load:0x00000000
            764	       378	001000b0	00154703	lbu	x14,1(x10)	 x10:0x001019b0 x14=0x00000070 PA:0x001019b1 store:0x00100fe0
            766	       379	001000b4	04070e63	beq	x14,x0,100110	 x14:0x00000070  x0:0x00000000
            770	       381	001000b8	00e7a023	sw	x14,0(x15)	 x15:0x00020000 x14:0x00000070 PA:0x00020000 store:0x00000070 load:0x00000000
            774	       383	001000bc	00254283	lbu	x5,2(x10)	 x10:0x001019b0  x5=0x0000006c PA:0x001019b2 store:0x00137fa0
            776	       384	001000c0	04028863	beq	x5,x0,100110	  x5:0x0000006c  x0:0x00000000
            780	       386	001000c4	0057a023	sw	x5,0(x15)	 x15:0x00020000  x5:0x0000006c PA:0x00020000 store:0x0000006c load:0x00000000
            784	       388	001000c8	00354303	lbu	x6,3(x10)	 x10:0x001019b0  x6=0x00000065 PA:0x001019b3 store:0x00000000
            786	       389	001000cc	04030263	beq	x6,x0,100110	  x6:0x00000065  x0:0x00000000
            790	       391	001000d0	0067a023	sw	x6,0(x15)	 x15:0x00020000  x6:0x00000065 PA:0x00020000 store:0x00000065 load:0x00000000
            794	       393	001000d4	00454383	lbu	x7,4(x10)	 x10:0x001019b0  x7=0x00000020 PA:0x001019b4 store:0x00000000
            796	       394	001000d8	02038c63	beq	x7,x0,100110	  x7:0x00000020  x0:0x00000000
            800	       396	001000dc	0077a023	sw	x7,0(x15)	 x15:0x00020000  x7:0x00000020 PA:0x00020000 store:0x00000020 load:0x00000000
            804	       398	001000e0	00554583	lbu	x11,5(x10)	 x10:0x001019b0 x11=0x00000073 PA:0x001019b5 store:0x0000006c
            806	       399	001000e4	02058663	beq	x11,x0,100110	 x11:0x00000073  x0:0x00000000
            810	       401	001000e8	00b7a023	sw	x11,0(x15)	 x15:0x00020000 x11:0x00000073 PA:0x00020000 store:0x00000073 load:0x00000000
            814	       403	001000ec	00654603	lbu	x12,6(x10)	 x10:0x001019b0 x12=0x00000079 PA:0x001019b6 store:0x00000065
            816	       404	001000f0	02060063	beq	x12,x0,100110	 x12:0x00000079  x0:0x00000000
            820	       406	001000f4	00c7a023	sw	x12,0(x15)	 x15:0x00020000 x12:0x00000079 PA:0x00020000 store:0x00000079 load:0x00000000
            824	       408	001000f8	00754683	lbu	x13,7(x10)	 x10:0x001019b0 x13=0x00000073 PA:0x001019b7 store:0x00000020
            826	       409	001000fc	00850513	addi	x10,x10,8	 x10:0x001019b0 x10=0x001019b8
            828	       410	00100100	00068863	beq	x13,x0,100110	 x13:0x00000073  x0:0x00000000
            832	       412	00100104	00d7a023	sw	x13,0(x15)	 x15:0x00020000 x13:0x00000073 PA:0x00020000 store:0x00000073 load:0x00000000
            836	       414	00100108	00054803	lbu	x16,0(x10)	 x10:0x001019b8 x16=0x00000074 PA:0x001019b8 store:0x00000000
            840	       416	0010010c	fa0810e3	bne	x16,x0,1000ac	 x16:0x00000074  x0:0x00000000
            846	       419	001000ac	0107a023	sw	x16,0(x15)	 x15:0x00020000 x16:0x00000074 PA:0x00020000 store:0x00000074 load:0x00000000
            850	       421	001000b0	00154703	lbu	x14,1(x10)	 x10:0x001019b8 x14=0x00000065 PA:0x001019b9 store:0x00100fe0
            852	       422	001000b4	04070e63	beq	x14,x0,100110	 x14:0x00000065  x0:0x00000000
            856	       424	001000b8	00e7a023	sw	x14,0(x15)	 x15:0x00020000 x14:0x00000065 PA:0x00020000 store:0x00000065 load:0x00000000
            860	       426	001000bc	00254283	lbu	x5,2(x10)	 x10:0x001019b8  x5=0x0000006d PA:0x001019ba store:0x00137fa0
            862	       427	001000c0	04028863	beq	x5,x0,100110	  x5:0x0000006d  x0:0x00000000
            866	       429	001000c4	0057a023	sw	x5,0(x15)	 x15:0x00020000  x5:0x0000006d PA:0x00020000 store:0x0000006d load:0x00000000
            870	       431	001000c8	00354303	lbu	x6,3(x10)	 x10:0x001019b8  x6=0x0000000a PA:0x001019bb store:0x00000000
            872	       432	001000cc	04030263	beq	x6,x0,100110	  x6:0x0000000a  x0:0x00000000
            876	       434	001000d0	0067a023	sw	x6,0(x15)	 x15:0x00020000  x6:0x0000000a PA:0x00020000 store:0x0000000a load:0x00000000
            880	       436	001000d4	00454383	lbu	x7,4(x10)	 x10:0x001019b8  x7=0x0000000a PA:0x001019bc store:0x00000000
            882	       437	001000d8	02038c63	beq	x7,x0,100110	  x7:0x0000000a  x0:0x00000000
            886	       439	001000dc	0077a023	sw	x7,0(x15)	 x15:0x00020000  x7:0x0000000a PA:0x00020000 store:0x0000000a load:0x00000000
            890	       441	001000e0	00554583	lbu	x11,5(x10)	 x10:0x001019b8 x11=0x00000000 PA:0x001019bd store:0x0000006d
            894	       443	001000e4	02058663	beq	x11,x0,100110	 x11:0x00000000  x0:0x00000000
            898	       445	00100110	00000513	addi	x10,x0,0	  x0:0x00000000 x10=0x00000000
            902	       447	00100114	00008067	jalr	x0,0(x1)	  x1:0x00100fe0  x0=0x00000000
            910	       451	00100fe0	001026b7	lui	x13,0x102	 x13=0x00102000
            912	       452	00100fe4	92c6a787	flw	f15,-1748(x13)	 f13:0x00102000 f15=0x00000000 PA:0x0010192c store:0x00000000
            914	       453	00100fe8	00102737	lui	x14,0x102	 x14=0x00102000
            916	       454	00100fec	93072007	flw	f0,-1744(x14)	 f14:0x00102000  f0=0x00000000 PA:0x00101930 store:0x00000000
            918	       455	00100ff0	001027b7	lui	x15,0x102	 x15=0x00102000
            920	       456	00100ff4	9347a087	flw	f1,-1740(x15)	 f15:0x00102000  f1=0x00000000 PA:0x00101934 store:0x00000000
            922	       457	00100ff8	00102bb7	lui	x23,0x102	 x23=0x00102000
            924	       458	00100ffc	d2fba227	fsw	f15,-732(x23)	 f23:0x00102000 f15:0x00102000 PA:0x00101d24 store:0x42f67c6a load:0x3f7d1f60
            926	       459	00101000	00102cb7	lui	x25,0x102	 x25=0x00102000
            928	       460	00101004	d20ca027	fsw	f0,-736(x25)	 f25:0x00102000  f0:0x00000000 PA:0x00101d20 store:0x43edefdf load:0x3f7d1f60
            930	       461	00101008	00102437	lui	x8,0x102	  x8=0x00102000
            932	       462	0010100c	d0142c27	fsw	f1,-744(x8)	  f8:0x00102000  f1:0x00100fe0 PA:0x00101d18 store:0x3f7d1f60 load:0x3f7d1f60
            934	       463	00101010	d24ba107	flw	f2,-732(x23)	 f23:0x00102000  f2=0x00000000 PA:0x00101d24 store:0x00000000
            936	       464	00101014	d20ca707	flw	f14,-736(x25)	 f25:0x00102000 f14=0x00000000 PA:0x00101d20 store:0x43edefdf
            940	       466	00101018	001022b7	lui	x5,0x102	  x5=0x00102000
            942	       467	0010101c	001024b7	lui	x9,0x102	  x9=0x00102000
            944	       468	00101020	00e171d3	fadd.s	f3,f2,f14	  f2:0x00137fa0 f14:0x00102000  f3=0x00000000
            948	       470	00101024	9c028513	addi	x10,x5,-1600	  x5:0x00102000 x10=0x001019c0
            950	       471	00101028	00102937	lui	x18,0x102	 x18=0x00102000
            952	       472	0010102c	00200a13	addi	x20,x0,2	  x0:0x00000000 x20=0x00000002
            954	       473	00101030	d034ae27	fsw	f3,-740(x9)	  f9:0x00102000  f3:0x00000000 PA:0x00101d1c store:0x4415c77d load:0x43edefdf
            956	       474	00101034	86cff0ef	jal	x1,1000a0	  x1=0x00101038
            958	       475	001000a0	00054803	lbu	x16,0(x10)	 x10:0x001019c0 x16=0x00000041 PA:0x001019c0 store:0x00000000
            960	       476	001000a4	06080663	beq	x16,x0,100110	 x16:0x00000041  x0:0x00000000
            962	       477	001000a8	000207b7	lui	x15,0x20	 x15=0x00020000
            964	       478	001000ac	0107a023	sw	x16,0(x15)	 x15:0x00020000 x16:0x00000041 PA:0x00020000 store:0x00000041 load:0x00000000
            966	       479	001000b0	00154703	lbu	x14,1(x10)	 x10:0x001019c0 x14=0x00000064 PA:0x001019c1 store:0x00101038
            968	       480	001000b4	04070e63	beq	x14,x0,100110	 x14:0x00000064  x0:0x00000000
            970	       481	001000b8	00e7a023	sw	x14,0(x15)	 x15:0x00020000 x14:0x00000064 PA:0x00020000 store:0x00000064 load:0x00000000
            974	       483	001000bc	00254283	lbu	x5,2(x10)	 x10:0x001019c0  x5=0x00000064 PA:0x001019c2 store:0x00137fa0
            976	       484	001000c0	04028863	beq	x5,x0,100110	  x5:0x00000064  x0:0x00000000
            980	       486	001000c4	0057a023	sw	x5,0(x15)	 x15:0x00020000  x5:0x00000064 PA:0x00020000 store:0x00000064 load:0x00000000
            984	       488	001000c8	00354303	lbu	x6,3(x10)	 x10:0x001019c0  x6=0x00000020 PA:0x001019c3 store:0x00000000
            986	       489	001000cc	04030263	beq	x6,x0,100110	  x6:0x00000020  x0:0x00000000
            990	       491	001000d0	0067a023	sw	x6,0(x15)	 x15:0x00020000  x6:0x00000020 PA:0x00020000 store:0x00000020 load:0x00000000
            994	       493	001000d4	00454383	lbu	x7,4(x10)	 x10:0x001019c0  x7=0x00000031 PA:0x001019c4 store:0x00000000
            996	       494	001000d8	02038c63	beq	x7,x0,100110	  x7:0x00000031  x0:0x00000000
           1000	       496	001000dc	0077a023	sw	x7,0(x15)	 x15:0x00020000  x7:0x00000031 PA:0x00020000 store:0x00000031 load:0x00000000
           1004	       498	001000e0	00554583	lbu	x11,5(x10)	 x10:0x001019c0 x11=0x00000032 PA:0x001019c5 store:0x00000064
           1006	       499	001000e4	02058663	beq	x11,x0,100110	 x11:0x00000032  x0:0x00000000
           1010	       501	001000e8	00b7a023	sw	x11,0(x15)	 x15:0x00020000 x11:0x00000032 PA:0x00020000 store:0x00000032 load:0x00000000
           1014	       503	001000ec	00654603	lbu	x12,6(x10)	 x10:0x001019c0 x12=0x00000033 PA:0x001019c6 store:0x00000020
           1016	       504	001000f0	02060063	beq	x12,x0,100110	 x12:0x00000033  x0:0x00000000
           1020	       506	001000f4	00c7a023	sw	x12,0(x15)	 x15:0x00020000 x12:0x00000033 PA:0x00020000 store:0x00000033 load:0x00000000
           1024	       508	001000f8	00754683	lbu	x13,7(x10)	 x10:0x001019c0 x13=0x0000002e PA:0x001019c7 store:0x00000031
           1026	       509	001000fc	00850513	addi	x10,x10,8	 x10:0x001019c0 x10=0x001019c8
           1028	       510	00100100	00068863	beq	x13,x0,100110	 x13:0x0000002e  x0:0x00000000
           1032	       512	00100104	00d7a023	sw	x13,0(x15)	 x15:0x00020000 x13:0x0000002e PA:0x00020000 store:0x0000002e load:0x00000000
           1036	       514	00100108	00054803	lbu	x16,0(x10)	 x10:0x001019c8 x16=0x00000032 PA:0x001019c8 store:0x00000000
           1040	       516	0010010c	fa0810e3	bne	x16,x0,1000ac	 x16:0x00000032  x0:0x00000000
           1046	       519	001000ac	0107a023	sw	x16,0(x15)	 x15:0x00020000 x16:0x00000032 PA:0x00020000 store:0x00000032 load:0x00000000
           1050	       521	001000b0	00154703	lbu	x14,1(x10)	 x10:0x001019c8 x14=0x00000034 PA:0x001019c9 store:0x00101038
           1052	       522	001000b4	04070e63	beq	x14,x0,100110	 x14:0x00000034  x0:0x00000000
           1056	       524	001000b8	00e7a023	sw	x14,0(x15)	 x15:0x00020000 x14:0x00000034 PA:0x00020000 store:0x00000034 load:0x00000000
           1060	       526	001000bc	00254283	lbu	x5,2(x10)	 x10:0x001019c8  x5=0x00000033 PA:0x001019ca store:0x00137fa0
           1062	       527	001000c0	04028863	beq	x5,x0,100110	  x5:0x00000033  x0:0x00000000
           1066	       529	001000c4	0057a023	sw	x5,0(x15)	 x15:0x00020000  x5:0x00000033 PA:0x00020000 store:0x00000033 load:0x00000000
           1070	       531	001000c8	00354303	lbu	x6,3(x10)	 x10:0x001019c8  x6=0x00000020 PA:0x001019cb store:0x00000000
           1072	       532	001000cc	04030263	beq	x6,x0,100110	  x6:0x00000020  x0:0x00000000
           1076	       534	001000d0	0067a023	sw	x6,0(x15)	 x15:0x00020000  x6:0x00000020 PA:0x00020000 store:0x00000020 load:0x00000000
           1080	       536	001000d4	00454383	lbu	x7,4(x10)	 x10:0x001019c8  x7=0x00000026 PA:0x001019cc store:0x00000000
           1082	       537	001000d8	02038c63	beq	x7,x0,100110	  x7:0x00000026  x0:0x00000000
           1086	       539	001000dc	0077a023	sw	x7,0(x15)	 x15:0x00020000  x7:0x00000026 PA:0x00020000 store:0x00000026 load:0x00000000
           1090	       541	001000e0	00554583	lbu	x11,5(x10)	 x10:0x001019c8 x11=0x00000020 PA:0x001019cd store:0x00000033
           1092	       542	001000e4	02058663	beq	x11,x0,100110	 x11:0x00000020  x0:0x00000000
           1096	       544	001000e8	00b7a023	sw	x11,0(x15)	 x15:0x00020000 x11:0x00000020 PA:0x00020000 store:0x00000020 load:0x00000000
           1100	       546	001000ec	00654603	lbu	x12,6(x10)	 x10:0x001019c8 x12=0x00000034 PA:0x001019ce store:0x00000020
           1102	       547	001000f0	02060063	beq	x12,x0,100110	 x12:0x00000034  x0:0x00000000
           1106	       549	001000f4	00c7a023	sw	x12,0(x15)	 x15:0x00020000 x12:0x00000034 PA:0x00020000 store:0x00000034 load:0x00000000
           1110	       551	001000f8	00754683	lbu	x13,7(x10)	 x10:0x001019c8 x13=0x00000037 PA:0x001019cf store:0x00000026
           1112	       552	001000fc	00850513	addi	x10,x10,8	 x10:0x001019c8 x10=0x001019d0
           1114	       553	00100100	00068863	beq	x13,x0,100110	 x13:0x00000037  x0:0x00000000
           1118	       555	00100104	00d7a023	sw	x13,0(x15)	 x15:0x00020000 x13:0x00000037 PA:0x00020000 store:0x00000037 load:0x00000000
           1122	       557	00100108	00054803	lbu	x16,0(x10)	 x10:0x001019d0 x16=0x00000035 PA:0x001019d0 store:0x00000000
           1126	       559	0010010c	fa0810e3	bne	x16,x0,1000ac	 x16:0x00000035  x0:0x00000000
           1132	       562	001000ac	0107a023	sw	x16,0(x15)	 x15:0x00020000 x16:0x00000035 PA:0x00020000 store:0x00000035 load:0x00000000
           1136	       564	001000b0	00154703	lbu	x14,1(x10)	 x10:0x001019d0 x14=0x0000002e PA:0x001019d1 store:0x00101038
           1138	       565	001000b4	04070e63	beq	x14,x0,100110	 x14:0x0000002e  x0:0x00000000
           1142	       567	001000b8	00e7a023	sw	x14,0(x15)	 x15:0x00020000 x14:0x0000002e PA:0x00020000 store:0x0000002e load:0x00000000
           1146	       569	001000bc	00254283	lbu	x5,2(x10)	 x10:0x001019d0  x5=0x00000038 PA:0x001019d2 store:0x00137fa0
           1148	       570	001000c0	04028863	beq	x5,x0,100110	  x5:0x00000038  x0:0x00000000
           1152	       572	001000c4	0057a023	sw	x5,0(x15)	 x15:0x00020000  x5:0x00000038 PA:0x00020000 store:0x00000038 load:0x00000000
           1156	       574	001000c8	00354303	lbu	x6,3(x10)	 x10:0x001019d0  x6=0x00000037 PA:0x001019d3 store:0x00000000
           1158	       575	001000cc	04030263	beq	x6,x0,100110	  x6:0x00000037  x0:0x00000000
           1162	       577	001000d0	0067a023	sw	x6,0(x15)	 x15:0x00020000  x6:0x00000037 PA:0x00020000 store:0x00000037 load:0x00000000
           1166	       579	001000d4	00454383	lbu	x7,4(x10)	 x10:0x001019d0  x7=0x00000035 PA:0x001019d4 store:0x00000000
           1168	       580	001000d8	02038c63	beq	x7,x0,100110	  x7:0x00000035  x0:0x00000000
           1172	       582	001000dc	0077a023	sw	x7,0(x15)	 x15:0x00020000  x7:0x00000035 PA:0x00020000 store:0x00000035 load:0x00000000
           1176	       584	001000e0	00554583	lbu	x11,5(x10)	 x10:0x001019d0 x11=0x0000003a PA:0x001019d5 store:0x00000038
           1178	       585	001000e4	02058663	beq	x11,x0,100110	 x11:0x0000003a  x0:0x00000000
           1182	       587	001000e8	00b7a023	sw	x11,0(x15)	 x15:0x00020000 x11:0x0000003a PA:0x00020000 store:0x0000003a load:0x00000000
           1186	       589	001000ec	00654603	lbu	x12,6(x10)	 x10:0x001019d0 x12=0x00000020 PA:0x001019d6 store:0x00000037
           1188	       590	001000f0	02060063	beq	x12,x0,100110	 x12:0x00000020  x0:0x00000000
           1192	       592	001000f4	00c7a023	sw	x12,0(x15)	 x15:0x00020000 x12:0x00000020 PA:0x00020000 store:0x00000020 load:0x00000000
           1196	       594	001000f8	00754683	lbu	x13,7(x10)	 x10:0x001019d0 x13=0x00000000 PA:0x001019d7 store:0x00000035
           1198	       595	001000fc	00850513	addi	x10,x10,8	 x10:0x001019d0 x10=0x001019d8
           1202	       597	00100100	00068863	beq	x13,x0,100110	 x13:0x00000000  x0:0x00000000
           1206	       599	00100110	00000513	addi	x10,x0,0	  x0:0x00000000 x10=0x00000000
           1216	       604	00100114	00008067	jalr	x0,0(x1)	  x1:0x00101038  x0=0x00000000
           1218	       605	00101038	d1c4a507	flw	f10,-740(x9)	  f9:0x00102000 f10=0x00000000 PA:0x00101d1c store:0x00000000
           1220	       606	0010103c	e05ff0ef	jal	x1,100e40	  x1=0x00101040
           1228	       610	00100e40	fe010113	addi	x2,x2,-32	  x2:0x00137fa0  x2=0x00137f80
           1230	       611	00100e44	00812c23	sw	x8,24(x2)	  x2:0x00137f80  x8:0x00102000 PA:0x00137f98 store:0x00102000 load:0x4415c77d
           1232	       612	00100e48	c0151453	fcvt.wu.s	x8,f10	 f10:0x00000000  x8=0x00000257
           1236	       614	00100e4c	00112e23	sw	x1,28(x2)	  x2:0x00137f80  x1:0x00101040 PA:0x00137f9c store:0x00101040 load:0x4415c77d
           1238	       615	00100e50	00812627	fsw	f8,12(x2)	  f2:0x00137f80  f8:0x00000257 PA:0x00137f8c store:0x00000000 load:0x4415c77d
           1240	       616	00100e54	00040513	addi	x10,x8,0	  x8:0x00000257 x10=0x00000257
           1242	       617	00100e58	20a50453	fsgnj.s	f8,f10,f10	 f10:0x00000257 f10:0x00000257  f8=0x00000000
           1244	       618	00100e5c	ac4ff0ef	jal	x1,100120	  x1=0x00100e60
           1246	       619	00100120	01c55793	srli	x15,x10,0x1c	 x10:0x00000257 x15=0x00000000
           1248	       620	00100124	00900713	addi	x14,x0,9	  x0:0x00000000 x14=0x00000009
           1250	       621	00100128	0cf77a63	bgeu	x14,x15,1001fc	 x14:0x00000009 x15:0x00000000
           1252	       622	001001fc	03078393	addi	x7,x15,48	 x15:0x00000000  x7=0x00000030
           1254	       623	00100200	000205b7	lui	x11,0x20	 x11=0x00020000
           1256	       624	00100204	00451613	slli	x12,x10,0x4	 x10:0x00000257 x12=0x00002570
           1260	       626	00100208	0075a023	sw	x7,0(x11)	 x11:0x00020000  x7:0x00000030 PA:0x00020000 store:0x00000030 load:0x00000000
           1262	       627	0010020c	01c65693	srli	x13,x12,0x1c	 x12:0x00002570 x13=0x00000000
           1264	       628	00100210	00900813	addi	x16,x0,9	  x0:0x00000000 x16=0x00000009
           1266	       629	00100214	f2d86ae3	bltu	x16,x13,100148	 x16:0x00000009 x13:0x00000000
           1268	       630	00100218	03068e93	addi	x29,x13,48	 x13:0x00000000 x29=0x00000030
           1270	       631	0010021c	00020f37	lui	x30,0x20	 x30=0x00020000
           1272	       632	00100220	00851f93	slli	x31,x10,0x8	 x10:0x00000257 x31=0x00025700
           1276	       634	00100224	01df2023	sw	x29,0(x30)	 x30:0x00020000 x29:0x00000030 PA:0x00020000 store:0x00000030 load:0x00000000
           1278	       635	00100228	01cfd793	srli	x15,x31,0x1c	 x31:0x00025700 x15=0x00000000
           1280	       636	0010022c	00900713	addi	x14,x0,9	  x0:0x00000000 x14=0x00000009
           1282	       637	00100230	f2f76ae3	bltu	x14,x15,100164	 x14:0x00000009 x15:0x00000000
           1284	       638	00100234	03078393	addi	x7,x15,48	 x15:0x00000000  x7=0x00000030
           1286	       639	00100238	000205b7	lui	x11,0x20	 x11=0x00020000
           1288	       640	0010023c	00c51613	slli	x12,x10,0xc	 x10:0x00000257 x12=0x00257000
           1292	       642	00100240	0075a023	sw	x7,0(x11)	 x11:0x00020000  x7:0x00000030 PA:0x00020000 store:0x00000030 load:0x00000000
           1294	       643	00100244	01c65693	srli	x13,x12,0x1c	 x12:0x00257000 x13=0x00000000
           1296	       644	00100248	00900813	addi	x16,x0,9	  x0:0x00000000 x16=0x00000009
           1298	       645	0010024c	f2d86ae3	bltu	x16,x13,100180	 x16:0x00000009 x13:0x00000000
           1300	       646	00100250	03068e93	addi	x29,x13,48	 x13:0x00000000 x29=0x00000030
           1302	       647	00100254	00020f37	lui	x30,0x20	 x30=0x00020000
           1304	       648	00100258	01051f93	slli	x31,x10,0x10	 x10:0x00000257 x31=0x02570000
           1308	       650	0010025c	01df2023	sw	x29,0(x30)	 x30:0x00020000 x29:0x00000030 PA:0x00020000 store:0x00000030 load:0x00000000
           1310	       651	00100260	01cfd793	srli	x15,x31,0x1c	 x31:0x02570000 x15=0x00000000
           1312	       652	00100264	00900713	addi	x14,x0,9	  x0:0x00000000 x14=0x00000009
           1314	       653	00100268	f2f76ae3	bltu	x14,x15,10019c	 x14:0x00000009 x15:0x00000000
           1316	       654	0010026c	03078393	addi	x7,x15,48	 x15:0x00000000  x7=0x00000030
           1318	       655	00100270	000205b7	lui	x11,0x20	 x11=0x00020000
           1320	       656	00100274	01451613	slli	x12,x10,0x14	 x10:0x00000257 x12=0x25700000
           1324	       658	00100278	0075a023	sw	x7,0(x11)	 x11:0x00020000  x7:0x00000030 PA:0x00020000 store:0x00000030 load:0x00000000
           1326	       659	0010027c	01c65693	srli	x13,x12,0x1c	 x12:0x25700000 x13=0x00000002
           1328	       660	00100280	00900813	addi	x16,x0,9	  x0:0x00000000 x16=0x00000009
           1330	       661	00100284	f2d86ae3	bltu	x16,x13,1001b8	 x16:0x00000009 x13:0x00000002
           1332	       662	00100288	03068e93	addi	x29,x13,48	 x13:0x00000002 x29=0x00000032
           1334	       663	0010028c	00020f37	lui	x30,0x20	 x30=0x00020000
           1336	       664	00100290	01851f93	slli	x31,x10,0x18	 x10:0x00000257 x31=0x57000000
           1340	       666	00100294	01df2023	sw	x29,0(x30)	 x30:0x00020000 x29:0x00000032 PA:0x00020000 store:0x00000032 load:0x00000000
           1342	       667	00100298	01cfd793	srli	x15,x31,0x1c	 x31:0x57000000 x15=0x00000005
           1344	       668	0010029c	00900713	addi	x14,x0,9	  x0:0x00000000 x14=0x00000009
           1346	       669	001002a0	f2f76ae3	bltu	x14,x15,1001d4	 x14:0x00000009 x15:0x00000005
           1348	       670	001002a4	03078393	addi	x7,x15,48	 x15:0x00000005  x7=0x00000035
           1350	       671	001002a8	000205b7	lui	x11,0x20	 x11=0x00020000
           1354	       673	001002ac	0075a023	sw	x7,0(x11)	 x11:0x00020000  x7:0x00000035 PA:0x00020000 store:0x00000035 load:0x00000000
           1356	       674	001002b0	00f57513	andi	x10,x10,15	 x10:0x00000257 x10=0x00000007
           1358	       675	001002b4	00900613	addi	x12,x0,9	  x0:0x00000000 x12=0x00000009
           1362	       677	001002b8	f2a67ae3	bgeu	x12,x10,1001ec	 x12:0x00000009 x10:0x00000007
           1366	       679	001001ec	03050893	addi	x17,x10,48	 x10:0x00000007 x17=0x00000037
           1368	       680	001001f0	00020e37	lui	x28,0x20	 x28=0x00020000
           1372	       682	001001f4	011e2023	sw	x17,0(x28)	 x28:0x00020000 x17:0x00000037 PA:0x00020000 store:0x00000037 load:0x00000000
           1376	       684	001001f8	00008067	jalr	x0,0(x1)	  x1:0x00100e60  x0=0x00000000
           1378	       685	00100e60	00102537	lui	x10,0x102	 x10=0x00102000
           1380	       686	00100e64	a7050513	addi	x10,x10,-1424	 x10:0x00102000 x10=0x00101a70
           1384	       688	00100e68	a38ff0ef	jal	x1,1000a0	  x1=0x00100e6c
           1388	       690	001000a0	00054803	lbu	x16,0(x10)	 x10:0x00101a70 x16=0x0000002e PA:0x00101a70 store:0x00000000
           1390	       691	001000a4	06080663	beq	x16,x0,100110	 x16:0x0000002e  x0:0x00000000
           1392	       692	001000a8	000207b7	lui	x15,0x20	 x15=0x00020000
           1396	       694	001000ac	0107a023	sw	x16,0(x15)	 x15:0x00020000 x16:0x0000002e PA:0x00020000 store:0x0000002e load:0x00000000
           1400	       696	001000b0	00154703	lbu	x14,1(x10)	 x10:0x00101a70 x14=0x00000000 PA:0x00101a71 store:0x00100e6c
           1404	       698	001000b4	04070e63	beq	x14,x0,100110	 x14:0x00000000  x0:0x00000000
           1408	       700	00100110	00000513	addi	x10,x0,0	  x0:0x00000000 x10=0x00000000
           1418	       705	00100114	00008067	jalr	x0,0(x1)	  x1:0x00100e6c  x0=0x00000000
           1420	       706	00100e6c	d01477d3	fcvt.s.wu	f15,x8	  x8:0x00000257 f15=0x00000000
           1422	       707	00100e70	001027b7	lui	x15,0x102	 x15=0x00102000
           1424	       708	00100e74	9287a087	flw	f1,-1752(x15)	 f15:0x00102000  f1=0x00000000 PA:0x00101928 store:0x4415c77d
           1426	       709	00100e78	08f47053	fsub.s	f0,f8,f15	  f8:0x00000257 f15:0x00102000  f0=0x00000000
           1434	       713	00100e7c	01812403	lw	x8,24(x2)	  x2:0x00137f80  x8=0x00102000 PA:0x00137f98 store:0x00000000
           1436	       714	00100e80	01c12083	lw	x1,28(x2)	  x2:0x00137f80  x1=0x00101040 PA:0x00137f9c store:0x00020000
           1438	       715	00100e84	00c12407	flw	f8,12(x2)	  f2:0x00137f80  f8=0x00000000 PA:0x00137f8c store:0x00000000
           1440	       716	00100e88	10107153	fmul.s	f2,f0,f1	  f0:0x00000000  f1:0x00101040  f2=0x00000000
           1442	       717	00100e8c	02010113	addi	x2,x2,32	  x2:0x00137f80  x2=0x00137fa0
           1444	       718	00100e90	c0111553	fcvt.wu.s	x10,f2	  f2:0x00137fa0 x10=0x00002db4
           1446	       719	00100e94	a8cff06f	jal	x0,100120	  x0=0x00000000
           1448	       720	00100120	01c55793	srli	x15,x10,0x1c	 x10:0x00002db4 x15=0x00000000
           1450	       721	00100124	00900713	addi	x14,x0,9	  x0:0x00000000 x14=0x00000009
           1452	       722	00100128	0cf77a63	bgeu	x14,x15,1001fc	 x14:0x00000009 x15:0x00000000
           1454	       723	001001fc	03078393	addi	x7,x15,48	 x15:0x00000000  x7=0x00000030
           1456	       724	00100200	000205b7	lui	x11,0x20	 x11=0x00020000
           1458	       725	00100204	00451613	slli	x12,x10,0x4	 x10:0x00002db4 x12=0x0002db40
           1462	       727	00100208	0075a023	sw	x7,0(x11)	 x11:0x00020000  x7:0x00000030 PA:0x00020000 store:0x00000030 load:0x00000000
           1464	       728	0010020c	01c65693	srli	x13,x12,0x1c	 x12:0x0002db40 x13=0x00000000
           1466	       729	00100210	00900813	addi	x16,x0,9	  x0:0x00000000 x16=0x00000009
           1468	       730	00100214	f2d86ae3	bltu	x16,x13,100148	 x16:0x00000009 x13:0x00000000
           1470	       731	00100218	03068e93	addi	x29,x13,48	 x13:0x00000000 x29=0x00000030
           1472	       732	0010021c	00020f37	lui	x30,0x20	 x30=0x00020000
           1474	       733	00100220	00851f93	slli	x31,x10,0x8	 x10:0x00002db4 x31=0x002db400
           1478	       735	00100224	01df2023	sw	x29,0(x30)	 x30:0x00020000 x29:0x00000030 PA:0x00020000 store:0x00000030 load:0x00000000
           1480	       736	00100228	01cfd793	srli	x15,x31,0x1c	 x31:0x002db400 x15=0x00000000
           1482	       737	0010022c	00900713	addi	x14,x0,9	  x0:0x00000000 x14=0x00000009
           1484	       738	00100230	f2f76ae3	bltu	x14,x15,100164	 x14:0x00000009 x15:0x00000000
           1486	       739	00100234	03078393	addi	x7,x15,48	 x15:0x00000000  x7=0x00000030
           1488	       740	00100238	000205b7	lui	x11,0x20	 x11=0x00020000
           1490	       741	0010023c	00c51613	slli	x12,x10,0xc	 x10:0x00002db4 x12=0x02db4000
           1494	       743	00100240	0075a023	sw	x7,0(x11)	 x11:0x00020000  x7:0x00000030 PA:0x00020000 store:0x00000030 load:0x00000000
           1496	       744	00100244	01c65693	srli	x13,x12,0x1c	 x12:0x02db4000 x13=0x00000000
           1498	       745	00100248	00900813	addi	x16,x0,9	  x0:0x00000000 x16=0x00000009
           1500	       746	0010024c	f2d86ae3	bltu	x16,x13,100180	 x16:0x00000009 x13:0x00000000
           1502	       747	00100250	03068e93	addi	x29,x13,48	 x13:0x00000000 x29=0x00000030
           1504	       748	00100254	00020f37	lui	x30,0x20	 x30=0x00020000
           1506	       749	00100258	01051f93	slli	x31,x10,0x10	 x10:0x00002db4 x31=0x2db40000
           1510	       751	0010025c	01df2023	sw	x29,0(x30)	 x30:0x00020000 x29:0x00000030 PA:0x00020000 store:0x00000030 load:0x00000000
           1512	       752	00100260	01cfd793	srli	x15,x31,0x1c	 x31:0x2db40000 x15=0x00000002
           1514	       753	00100264	00900713	addi	x14,x0,9	  x0:0x00000000 x14=0x00000009
           1516	       754	00100268	f2f76ae3	bltu	x14,x15,10019c	 x14:0x00000009 x15:0x00000002
           1518	       755	0010026c	03078393	addi	x7,x15,48	 x15:0x00000002  x7=0x00000032
           1520	       756	00100270	000205b7	lui	x11,0x20	 x11=0x00020000
           1522	       757	00100274	01451613	slli	x12,x10,0x14	 x10:0x00002db4 x12=0xdb400000
           1526	       759	00100278	0075a023	sw	x7,0(x11)	 x11:0x00020000  x7:0x00000032 PA:0x00020000 store:0x00000032 load:0x00000000
           1528	       760	0010027c	01c65693	srli	x13,x12,0x1c	 x12:0xdb400000 x13=0x0000000d
           1530	       761	00100280	00900813	addi	x16,x0,9	  x0:0x00000000 x16=0x00000009
           1534	       763	00100284	f2d86ae3	bltu	x16,x13,1001b8	 x16:0x00000009 x13:0x0000000d
           1538	       765	001001b8	03768893	addi	x17,x13,55	 x13:0x0000000d x17=0x00000044
           1540	       766	001001bc	00020e37	lui	x28,0x20	 x28=0x00020000
           1542	       767	001001c0	01851f93	slli	x31,x10,0x18	 x10:0x00002db4 x31=0xb4000000
           1546	       769	001001c4	011e2023	sw	x17,0(x28)	 x28:0x00020000 x17:0x00000044 PA:0x00020000 store:0x00000044 load:0x00000000
           1548	       770	001001c8	01cfd793	srli	x15,x31,0x1c	 x31:0xb4000000 x15=0x0000000b
           1550	       771	001001cc	00900713	addi	x14,x0,9	  x0:0x00000000 x14=0x00000009
           1552	       772	001001d0	0cf77a63	bgeu	x14,x15,1002a4	 x14:0x00000009 x15:0x0000000b
           1554	       773	001001d4	03778293	addi	x5,x15,55	 x15:0x0000000b  x5=0x00000042
           1556	       774	001001d8	00020337	lui	x6,0x20	  x6=0x00020000
           1560	       776	001001dc	00532023	sw	x5,0(x6)	  x6:0x00020000  x5:0x00000042 PA:0x00020000 store:0x00000042 load:0x00000000
           1562	       777	001001e0	00f57513	andi	x10,x10,15	 x10:0x00002db4 x10=0x00000004
           1564	       778	001001e4	00900613	addi	x12,x0,9	  x0:0x00000000 x12=0x00000009
           1566	       779	001001e8	0ca66a63	bltu	x12,x10,1002bc	 x12:0x00000009 x10:0x00000004
           1568	       780	001001ec	03050893	addi	x17,x10,48	 x10:0x00000004 x17=0x00000034
           1570	       781	001001f0	00020e37	lui	x28,0x20	 x28=0x00020000
           1574	       783	001001f4	011e2023	sw	x17,0(x28)	 x28:0x00020000 x17:0x00000034 PA:0x00020000 store:0x00000034 load:0x00000000
           1584	       788	001001f8	00008067	jalr	x0,0(x1)	  x1:0x00101040  x0=0x00000000
           1586	       789	00101040	d1842587	flw	f11,-744(x8)	  f8:0x00102000 f11=0x00000000 PA:0x00101d18 store:0x00000000
           1588	       790	00101044	f00002d3	fmv.w.x	f5,x0	  x0:0x00000000  f5=0x00000000
           1590	       791	00101048	d1492607	flw	f12,-748(x18)	 f18:0x00102000 f12=0x00000000 PA:0x00101d14 store:0x00000000
           1592	       792	0010104c	d1c4a207	flw	f4,-740(x9)	  f9:0x00102000  f4=0x00000000 PA:0x00101d1c store:0x00000000
           1594	       793	00101050	d1842687	flw	f13,-744(x8)	  f8:0x00102000 f13=0x00000000 PA:0x00101d18 store:0x00000000
           1596	       794	00101054	60b2f343	fmadd.s	f6,f5,f11,f12	  f5:0x00000042 f11:0x00020000 f12:0x00000042  f6=0x00000000
           1598	       795	00101058	00100313	addi	x6,x0,1	  x0:0x00000000  x6=0x00000001
           1600	       796	0010105c	00d273d3	fadd.s	f7,f4,f13	  f4:0x00000000 f13:0x0000000d  f7=0x00000000
           1602	       797	00101060	d1842407	flw	f8,-744(x8)	  f8:0x00102000  f8=0x00000000 PA:0x00101d18 store:0x00000000
           1604	       798	00101064	d00378d3	fcvt.s.w	f17,x6	  x6:0x00000001 f17=0x00000000
           1606	       799	00101068	d0692a27	fsw	f6,-748(x18)	 f18:0x00102000  f6:0x00000001 PA:0x00101d14 store:0x00000000 load:0x3f7d1f60
           1608	       800	0010106c	d1492487	flw	f9,-748(x18)	 f18:0x00102000  f9=0x00000000 PA:0x00101d14 store:0x00000000
           1610	       801	00101070	d074ae27	fsw	f7,-740(x9)	  f9:0x00102000  f7:0x00000032 PA:0x00101d1c store:0x441606c5 load:0x00000000
           1612	       802	00101074	d1c4a507	flw	f10,-740(x9)	  f9:0x00102000 f10=0x00000000 PA:0x00101d1c store:0x00000000
           1614	       803	00101078	d1842807	flw	f16,-744(x8)	  f8:0x00102000 f16=0x00000000 PA:0x00101d18 store:0x00000000
           1616	       804	0010107c	4888f943	fmadd.s	f18,f17,f8,f9	 f17:0x00000034  f8:0x00102000  f9:0x00000034 f18=0x00000000
           1618	       805	00101080	06400393	addi	x7,x0,100	  x0:0x00000000  x7=0x00000064
           1620	       806	00101084	010579d3	fadd.s	f19,f10,f16	 f10:0x00000004 f16:0x00000009 f19=0x00000000
           1622	       807	00101088	d1292a27	fsw	f18,-748(x18)	 f18:0x00102000 f18:0x00102000 PA:0x00101d14 store:0x3f7d1f60 load:0x3f7d1f60
           1624	       808	0010108c	d134ae27	fsw	f19,-740(x9)	  f9:0x00102000 f19:0x00000000 PA:0x00101d1c store:0x4416460d load:0x3f7d1f60
           1626	       809	00101090	d1842a07	flw	f20,-744(x8)	  f8:0x00102000 f20=0x00000000 PA:0x00101d18 store:0x00000000
           1628	       810	00101094	d00a7ad3	fcvt.s.w	f21,x20	 x20:0x00000002 f21=0x00000000
           1630	       811	00101098	d1492e07	flw	f28,-748(x18)	 f18:0x00102000 f28=0x00000000 PA:0x00101d14 store:0x3f7d1f60
           1632	       812	0010109c	001a0093	addi	x1,x20,1	 x20:0x00000002  x1=0x00000003
           1634	       813	001010a0	d1c4ae87	flw	f29,-740(x9)	  f9:0x00102000 f29=0x00000000 PA:0x00101d1c store:0x3f7d1f60
           1636	       814	001010a4	e14aff43	fmadd.s	f30,f21,f20,f28	 f21:0x00000000 f20:0x00000002 f28:0x00000000 f30=0x00000000
           1638	       815	001010a8	d1842f87	flw	f31,-744(x8)	  f8:0x00102000 f31=0x00000000 PA:0x00101d18 store:0x00000000
           1640	       816	001010ac	d000f053	fcvt.s.w	f0,x1	  x1:0x00000003  f0=0x00000000
           1642	       817	001010b0	d1842087	flw	f1,-744(x8)	  f8:0x00102000  f1=0x00000000 PA:0x00101d18 store:0x00000000
           1644	       818	001010b4	01fef153	fadd.s	f2,f29,f31	 f29:0x00000030 f31:0xb4000000  f2=0x00000000
           1646	       819	001010b8	d1e92a27	fsw	f30,-748(x18)	 f18:0x00102000 f30:0x00020000 PA:0x00101d14 store:0x403dd788 load:0x3f7d1f60
           1648	       820	001010bc	d1492707	flw	f14,-748(x18)	 f18:0x00102000 f14=0x00000000 PA:0x00101d14 store:0x3f7d1f60
           1650	       821	001010c0	002a0593	addi	x11,x20,2	 x20:0x00000002 x11=0x00000004
           1652	       822	001010c4	d005f7d3	fcvt.s.w	f15,x11	 x11:0x00000004 f15=0x00000000
           1654	       823	001010c8	701071c3	fmadd.s	f3,f0,f1,f14	  f0:0x00000000  f1:0x00000003 f14:0x00000000  f3=0x00000000
           1656	       824	001010cc	d024ae27	fsw	f2,-740(x9)	  f9:0x00102000  f2:0x00137fa0 PA:0x00101d1c store:0x44168555 load:0x403dd788
           1658	       825	001010d0	d1c4a207	flw	f4,-740(x9)	  f9:0x00102000  f4=0x00000000 PA:0x00101d1c store:0x3f7d1f60
           1660	       826	001010d4	d1842587	flw	f11,-744(x8)	  f8:0x00102000 f11=0x00000000 PA:0x00101d18 store:0x00000000
           1662	       827	001010d8	d1842607	flw	f12,-744(x8)	  f8:0x00102000 f12=0x00000000 PA:0x00101d18 store:0x00000000
           1664	       828	001010dc	d0392a27	fsw	f3,-748(x18)	 f18:0x00102000  f3:0x00000000 PA:0x00101d14 store:0x40bdd788 load:0x3f7d1f60
           1666	       829	001010e0	d1492287	flw	f5,-748(x18)	 f18:0x00102000  f5=0x00000000 PA:0x00101d14 store:0x3f7d1f60
           1668	       830	001010e4	00b276d3	fadd.s	f13,f4,f11	  f4:0x00000000 f11:0x00000004 f13=0x00000000
           1670	       831	001010e8	003a0613	addi	x12,x20,3	 x20:0x00000002 x12=0x00000005
           1672	       832	001010ec	28c7f343	fmadd.s	f6,f15,f12,f5	 f15:0x0000000b f12:0x00000005  f5:0x0000000b  f6=0x00000000
           1674	       833	001010f0	d00673d3	fcvt.s.w	f7,x12	 x12:0x00000005  f7=0x00000000
           1676	       834	001010f4	004a0813	addi	x16,x20,4	 x20:0x00000002 x16=0x00000006
           1678	       835	001010f8	d0d4ae27	fsw	f13,-740(x9)	  f9:0x00102000 f13:0x0000000d PA:0x00101d1c store:0x4416c49d load:0x40bdd788
           1680	       836	001010fc	d1c4a407	flw	f8,-740(x9)	  f9:0x00102000  f8=0x00000000 PA:0x00101d1c store:0x3f7d1f60
           1682	       837	00101100	d0692a27	fsw	f6,-748(x18)	 f18:0x00102000  f6:0x00000001 PA:0x00101d14 store:0x411e339c load:0x4416c49d
           1684	       838	00101104	d1842487	flw	f9,-744(x8)	  f8:0x00102000  f9=0x00000000 PA:0x00101d18 store:0x00000000
           1686	       839	00101108	d1842507	flw	f10,-744(x8)	  f8:0x00102000 f10=0x00000000 PA:0x00101d18 store:0x00000000
           1688	       840	0010110c	d1492807	flw	f16,-748(x18)	 f18:0x00102000 f16=0x00000000 PA:0x00101d14 store:0x3f7d1f60
           1690	       841	00101110	009478d3	fadd.s	f17,f8,f9	  f8:0x00102000  f9:0x00102000 f17=0x00000000
           1692	       842	00101114	d0087953	fcvt.s.w	f18,x16	 x16:0x00000006 f18=0x00000000
           1694	       843	00101118	80a3f9c3	fmadd.s	f19,f7,f10,f16	  f7:0x00000064 f10:0x00000004 f16:0x00000064 f19=0x00000000
           1696	       844	0010111c	005a0893	addi	x17,x20,5	 x20:0x00000002 x17=0x00000007
           1698	       845	00101120	d008fa53	fcvt.s.w	f20,x17	 x17:0x00000007 f20=0x00000000
           1700	       846	00101124	d114ae27	fsw	f17,-740(x9)	  f9:0x00102000 f17:0x00000007 PA:0x00101d1c store:0x441703e5 load:0x411e339c
           1702	       847	00101128	d1c4aa87	flw	f21,-740(x9)	  f9:0x00102000 f21=0x00000000 PA:0x00101d1c store:0x3f7d1f60
           1704	       848	0010112c	d1392a27	fsw	f19,-748(x18)	 f18:0x00102000 f19:0x00000000 PA:0x00101d14 store:0x416d4d6a load:0x441703e5
           1706	       849	00101130	d1842e07	flw	f28,-744(x8)	  f8:0x00102000 f28=0x00000000 PA:0x00101d18 store:0x00000000
           1708	       850	00101134	d1842e87	flw	f29,-744(x8)	  f8:0x00102000 f29=0x00000000 PA:0x00101d18 store:0x00000000
           1710	       851	00101138	d1492f07	flw	f30,-748(x18)	 f18:0x00102000 f30=0x00000000 PA:0x00101d14 store:0x40e00000
           1712	       852	0010113c	01caffd3	fadd.s	f31,f21,f28	 f21:0x00000000 f28:0x00020000 f31=0x00000000
           1714	       853	00101140	006a0993	addi	x19,x20,6	 x20:0x00000002 x19=0x00000008
           1716	       854	00101144	f1d97043	fmadd.s	f0,f18,f29,f30	 f18:0x00102000 f29:0x00000030 f30:0x00102000  f0=0x00000000
           1718	       855	00101148	d009f0d3	fcvt.s.w	f1,x19	 x19:0x00000008  f1=0x00000000
           1720	       856	0010114c	007a0a13	addi	x20,x20,7	 x20:0x00000002 x20=0x00000009
           1722	       857	00101150	d1f4ae27	fsw	f31,-740(x9)	  f9:0x00102000 f31:0xb4000000 PA:0x00101d1c store:0x4417432d load:0x416d4d6a
           1724	       858	00101154	d1c4a107	flw	f2,-740(x9)	  f9:0x00102000  f2=0x00000000 PA:0x00101d1c store:0x3f7d1f60
           1726	       859	00101158	d0092a27	fsw	f0,-748(x18)	 f18:0x00102000  f0:0x00000000 PA:0x00101d14 store:0x41a61c97 load:0x4417432d
           1728	       860	0010115c	d1842707	flw	f14,-744(x8)	  f8:0x00102000 f14=0x00000000 PA:0x00101d18 store:0x00000000
           1730	       861	00101160	d1842787	flw	f15,-744(x8)	  f8:0x00102000 f15=0x00000000 PA:0x00101d18 store:0x00000000
           1732	       862	00101164	d1492187	flw	f3,-748(x18)	 f18:0x00102000  f3=0x00000000 PA:0x00101d14 store:0x40e00000
           1734	       863	00101168	00e17253	fadd.s	f4,f2,f14	  f2:0x00137fa0 f14:0x00000009  f4=0x00000000
           1736	       864	0010116c	18fa75c3	fmadd.s	f11,f20,f15,f3	 f20:0x00000009 f15:0x0000000b  f3:0x00000009 f11=0x00000000
           1738	       865	00101170	d044ae27	fsw	f4,-740(x9)	  f9:0x00102000  f4:0x00000000 PA:0x00101d1c store:0x44178275 load:0x41a61c97
           1740	       866	00101174	d0b92a27	fsw	f11,-748(x18)	 f18:0x00102000 f11:0x00000004 PA:0x00101d14 store:0x41dd7b74 load:0x41a61c97
           1742	       867	00101178	d1c4a287	flw	f5,-740(x9)	  f9:0x00102000  f5=0x00000000 PA:0x00101d1c store:0x3f7d1f60
           1744	       868	0010117c	d1842307	flw	f6,-744(x8)	  f8:0x00102000  f6=0x00000000 PA:0x00101d18 store:0x00000000
           1746	       869	00101180	d1842607	flw	f12,-744(x8)	  f8:0x00102000 f12=0x00000000 PA:0x00101d18 store:0x00000000
           1748	       870	00101184	d1492687	flw	f13,-748(x18)	 f18:0x00102000 f13=0x00000000 PA:0x00101d14 store:0x40e00000
           1750	       871	00101188	0062f3d3	fadd.s	f7,f5,f6	  f5:0x00000042  f6:0x00000001  f7=0x00000000
           1752	       872	0010118c	68c0f443	fmadd.s	f8,f1,f12,f13	  f1:0x00000003 f12:0x00000005 f13:0x00000003  f8=0x00000000
           1754	       873	00101190	d074ae27	fsw	f7,-740(x9)	  f9:0x00102000  f7:0x00000064 PA:0x00101d1c store:0x4417c1bd load:0x41dd7b74
           1756	       874	00101194	d1c4a487	flw	f9,-740(x9)	  f9:0x00102000  f9=0x00000000 PA:0x00101d1c store:0x3f7d1f60
           1758	       875	00101198	d1842507	flw	f10,-744(x8)	  f8:0x00102000 f10=0x00000000 PA:0x00101d18 store:0x00000000
           1760	       876	0010119c	d0892a27	fsw	f8,-748(x18)	 f18:0x00102000  f8:0x00102000 PA:0x00101d14 store:0x420e61a6 load:0x3f7d1f60
           1762	       877	001011a0	00a4f853	fadd.s	f16,f9,f10	  f9:0x00102000 f10:0x00000004 f16=0x00000000
           1764	       878	001011a4	d104ae27	fsw	f16,-740(x9)	  f9:0x00102000 f16:0x00000006 PA:0x00101d1c store:0x44180105 load:0x3f7d1f60
           1772	       882	001011a8	ee7a14e3	bne	x20,x7,101090	 x20:0x00000009  x7:0x00000064
           1774	       883	00101090	d1842a07	flw	f20,-744(x8)	  f8:0x00102000 f20=0x00000000 PA:0x00101d18 store:0x00000000
           1776	       884	00101094	d00a7ad3	fcvt.s.w	f21,x20	 x20:0x00000009 f21=0x00000000
           1778	       885	00101098	d1492e07	flw	f28,-748(x18)	 f18:0x00102000 f28=0x00000000 PA:0x00101d14 store:0x3f7d1f60
           1780	       886	0010109c	001a0093	addi	x1,x20,1	 x20:0x00000009  x1=0x0000000a
           1782	       887	001010a0	d1c4ae87	flw	f29,-740(x9)	  f9:0x00102000 f29=0x00000000 PA:0x00101d1c store:0x420e61a6
           1784	       888	001010a4	e14aff43	fmadd.s	f30,f21,f20,f28	 f21:0x00000000 f20:0x00000009 f28:0x00000000 f30=0x00000000
           1786	       889	001010a8	d1842f87	flw	f31,-744(x8)	  f8:0x00102000 f31=0x00000000 PA:0x00101d18 store:0x00000000
           1788	       890	001010ac	d000f053	fcvt.s.w	f0,x1	  x1:0x0000000a  f0=0x00000000
           1790	       891	001010b0	d1842087	flw	f1,-744(x8)	  f8:0x00102000  f1=0x00000000 PA:0x00101d18 store:0x00000000
           1792	       892	001010b4	01fef153	fadd.s	f2,f29,f31	 f29:0x00000030 f31:0xb4000000  f2=0x00000000
           1794	       893	001010b8	d1e92a27	fsw	f30,-748(x18)	 f18:0x00102000 f30:0x00020000 PA:0x00101d14 store:0x4231fa10 load:0x3f7d1f60
           1796	       894	001010bc	d1492707	flw	f14,-748(x18)	 f18:0x00102000 f14=0x00000000 PA:0x00101d14 store:0x3f7d1f60
           1798	       895	001010c0	002a0593	addi	x11,x20,2	 x20:0x00000009 x11=0x0000000b
           1800	       896	001010c4	d005f7d3	fcvt.s.w	f15,x11	 x11:0x0000000b f15=0x00000000
           1802	       897	001010c8	701071c3	fmadd.s	f3,f0,f1,f14	  f0:0x00000000  f1:0x0000000a f14:0x00000000  f3=0x00000000
           1804	       898	001010cc	d024ae27	fsw	f2,-740(x9)	  f9:0x00102000  f2:0x00137fa0 PA:0x00101d1c store:0x4418404d load:0x4231fa10
           1806	       899	001010d0	d1c4a207	flw	f4,-740(x9)	  f9:0x00102000  f4=0x00000000 PA:0x00101d1c store:0x420e61a6
           1808	       900	001010d4	d1842587	flw	f11,-744(x8)	  f8:0x00102000 f11=0x00000000 PA:0x00101d18 store:0x00000000
           1810	       901	001010d8	d1842607	flw	f12,-744(x8)	  f8:0x00102000 f12=0x00000000 PA:0x00101d18 store:0x00000000
           1812	       902	001010dc	d0392a27	fsw	f3,-748(x18)	 f18:0x00102000  f3:0x00000000 PA:0x00101d14 store:0x425986f7 load:0x3f7d1f60
           1814	       903	001010e0	d1492287	flw	f5,-748(x18)	 f18:0x00102000  f5=0x00000000 PA:0x00101d14 store:0x3f7d1f60
           1816	       904	001010e4	00b276d3	fadd.s	f13,f4,f11	  f4:0x00000000 f11:0x0000000b f13=0x00000000
           1818	       905	001010e8	003a0613	addi	x12,x20,3	 x20:0x00000009 x12=0x0000000c
           1820	       906	001010ec	28c7f343	fmadd.s	f6,f15,f12,f5	 f15:0x0000000b f12:0x0000000c  f5:0x0000000b  f6=0x00000000
           1822	       907	001010f0	d00673d3	fcvt.s.w	f7,x12	 x12:0x0000000c  f7=0x00000000
           1824	       908	001010f4	004a0813	addi	x16,x20,4	 x20:0x00000009 x16=0x0000000d
           1826	       909	001010f8	d0d4ae27	fsw	f13,-740(x9)	  f9:0x00102000 f13:0x0000000d PA:0x00101d1c store:0x44187f95 load:0x425986f7
           1828	       910	001010fc	d1c4a407	flw	f8,-740(x9)	  f9:0x00102000  f8=0x00000000 PA:0x00101d1c store:0x420e61a6
           1830	       911	00101100	d0692a27	fsw	f6,-748(x18)	 f18:0x00102000  f6:0x00000001 PA:0x00101d14 store:0x4282842e load:0x44187f95
           1832	       912	00101104	d1842487	flw	f9,-744(x8)	  f8:0x00102000  f9=0x00000000 PA:0x00101d18 store:0x00000000
           1834	       913	00101108	d1842507	flw	f10,-744(x8)	  f8:0x00102000 f10=0x00000000 PA:0x00101d18 store:0x00000000
           1836	       914	0010110c	d1492807	flw	f16,-748(x18)	 f18:0x00102000 f16=0x00000000 PA:0x00101d14 store:0x3f7d1f60
           1838	       915	00101110	009478d3	fadd.s	f17,f8,f9	  f8:0x00102000  f9:0x00102000 f17=0x00000000
           1840	       916	00101114	d0087953	fcvt.s.w	f18,x16	 x16:0x0000000d f18=0x00000000
           1842	       917	00101118	80a3f9c3	fmadd.s	f19,f7,f10,f16	  f7:0x00000064 f10:0x00000004 f16:0x00000064 f19=0x00000000
           1844	       918	0010111c	005a0893	addi	x17,x20,5	 x20:0x00000009 x17=0x0000000e
           1846	       919	00101120	d008fa53	fcvt.s.w	f20,x17	 x17:0x0000000e f20=0x00000000
           1848	       920	00101124	d114ae27	fsw	f17,-740(x9)	  f9:0x00102000 f17:0x0000000e PA:0x00101d1c store:0x4418bedd load:0x4282842e
           1850	       921	00101128	d1c4aa87	flw	f21,-740(x9)	  f9:0x00102000 f21=0x00000000 PA:0x00101d1c store:0x420e61a6
           1852	       922	0010112c	d1392a27	fsw	f19,-748(x18)	 f18:0x00102000 f19:0x00000008 PA:0x00101d14 store:0x429a3f1f load:0x4418bedd
           1854	       923	00101130	d1842e07	flw	f28,-744(x8)	  f8:0x00102000 f28=0x00000000 PA:0x00101d18 store:0x00000000
           1856	       924	00101134	d1842e87	flw	f29,-744(x8)	  f8:0x00102000 f29=0x00000000 PA:0x00101d18 store:0x00000000
           1858	       925	00101138	d1492f07	flw	f30,-748(x18)	 f18:0x00102000 f30=0x00000000 PA:0x00101d14 store:0x41600000
           1860	       926	0010113c	01caffd3	fadd.s	f31,f21,f28	 f21:0x00000000 f28:0x00020000 f31=0x00000000
           1862	       927	00101140	006a0993	addi	x19,x20,6	 x20:0x00000009 x19=0x0000000f
           1864	       928	00101144	f1d97043	fmadd.s	f0,f18,f29,f30	 f18:0x00102000 f29:0x00000030 f30:0x00102000  f0=0x00000000
           1866	       929	00101148	d009f0d3	fcvt.s.w	f1,x19	 x19:0x0000000f  f1=0x00000000
           1868	       930	0010114c	007a0a13	addi	x20,x20,7	 x20:0x00000009 x20=0x00000010
           1870	       931	00101150	d1f4ae27	fsw	f31,-740(x9)	  f9:0x00102000 f31:0xb4000000 PA:0x00101d1c store:0x4418fe25 load:0x429a3f1f
           1872	       932	00101154	d1c4a107	flw	f2,-740(x9)	  f9:0x00102000  f2=0x00000000 PA:0x00101d1c store:0x3f7d1f60
           1874	       933	00101158	d0092a27	fsw	f0,-748(x18)	 f18:0x00102000  f0:0x00000000 PA:0x00101d14 store:0x42b3f44f load:0x4418fe25
           1876	       934	0010115c	d1842707	flw	f14,-744(x8)	  f8:0x00102000 f14=0x00000000 PA:0x00101d18 store:0x00000000
           1878	       935	00101160	d1842787	flw	f15,-744(x8)	  f8:0x00102000 f15=0x00000000 PA:0x00101d18 store:0x00000000
           1880	       936	00101164	d1492187	flw	f3,-748(x18)	 f18:0x00102000  f3=0x00000000 PA:0x00101d14 store:0x41600000
           1882	       937	00101168	00e17253	fadd.s	f4,f2,f14	  f2:0x00137fa0 f14:0x00000009  f4=0x00000000
           1884	       938	0010116c	18fa75c3	fmadd.s	f11,f20,f15,f3	 f20:0x00000010 f15:0x0000000b  f3:0x00000010 f11=0x00000000
           1886	       939	00101170	d044ae27	fsw	f4,-740(x9)	  f9:0x00102000  f4:0x00000000 PA:0x00101d1c store:0x44193d6d load:0x42b3f44f
           1888	       940	00101174	d0b92a27	fsw	f11,-748(x18)	 f18:0x00102000 f11:0x0000000b PA:0x00101d14 store:0x42cfa3be load:0x42b3f44f
           1890	       941	00101178	d1c4a287	flw	f5,-740(x9)	  f9:0x00102000  f5=0x00000000 PA:0x00101d1c store:0x3f7d1f60
           1892	       942	0010117c	d1842307	flw	f6,-744(x8)	  f8:0x00102000  f6=0x00000000 PA:0x00101d18 store:0x00000000
           1894	       943	00101180	d1842607	flw	f12,-744(x8)	  f8:0x00102000 f12=0x00000000 PA:0x00101d18 store:0x00000000
           1896	       944	00101184	d1492687	flw	f13,-748(x18)	 f18:0x00102000 f13=0x00000000 PA:0x00101d14 store:0x41600000
           1898	       945	00101188	0062f3d3	fadd.s	f7,f5,f6	  f5:0x00000042  f6:0x00000001  f7=0x00000000
           1900	       946	0010118c	68c0f443	fmadd.s	f8,f1,f12,f13	  f1:0x0000000a f12:0x0000000c f13:0x0000000a  f8=0x00000000
           1902	       947	00101190	d074ae27	fsw	f7,-740(x9)	  f9:0x00102000  f7:0x00000064 PA:0x00101d1c store:0x44197cb5 load:0x42cfa3be
           1904	       948	00101194	d1c4a487	flw	f9,-740(x9)	  f9:0x00102000  f9=0x00000000 PA:0x00101d1c store:0x3f7d1f60
           1906	       949	00101198	d1842507	flw	f10,-744(x8)	  f8:0x00102000 f10=0x00000000 PA:0x00101d18 store:0x00000000
           1908	       950	0010119c	d0892a27	fsw	f8,-748(x18)	 f18:0x00102000  f8:0x00102000 PA:0x00101d14 store:0x42ed4d6b load:0x3f7d1f60
           1910	       951	001011a0	00a4f853	fadd.s	f16,f9,f10	  f9:0x00102000 f10:0x00000004 f16=0x00000000
           1912	       952	001011a4	d104ae27	fsw	f16,-740(x9)	  f9:0x00102000 f16:0x0000000d PA:0x00101d1c store:0x4419bbfd load:0x3f7d1f60
           1920	       956	001011a8	ee7a14e3	bne	x20,x7,101090	 x20:0x00000010  x7:0x00000064
           1922	       957	00101090	d1842a07	flw	f20,-744(x8)	  f8:0x00102000 f20=0x00000000 PA:0x00101d18 store:0x00000000
           1924	       958	00101094	d00a7ad3	fcvt.s.w	f21,x20	 x20:0x00000010 f21=0x00000000
           1926	       959	00101098	d1492e07	flw	f28,-748(x18)	 f18:0x00102000 f28=0x00000000 PA:0x00101d14 store:0x3f7d1f60
           1928	       960	0010109c	001a0093	addi	x1,x20,1	 x20:0x00000010  x1=0x00000011
           1930	       961	001010a0	d1c4ae87	flw	f29,-740(x9)	  f9:0x00102000 f29=0x00000000 PA:0x00101d1c store:0x42ed4d6b
           1932	       962	001010a4	e14aff43	fmadd.s	f30,f21,f20,f28	 f21:0x00000000 f20:0x00000010 f28:0x00000000 f30=0x00000000
           1934	       963	001010a8	d1842f87	flw	f31,-744(x8)	  f8:0x00102000 f31=0x00000000 PA:0x00101d18 store:0x00000000
           1936	       964	001010ac	d000f053	fcvt.s.w	f0,x1	  x1:0x00000011  f0=0x00000000
           1938	       965	001010b0	d1842087	flw	f1,-744(x8)	  f8:0x00102000  f1=0x00000000 PA:0x00101d18 store:0x00000000
           1940	       966	001010b4	01fef153	fadd.s	f2,f29,f31	 f29:0x00000030 f31:0xb4000000  f2=0x00000000
           1942	       967	001010b8	d1e92a27	fsw	f30,-748(x18)	 f18:0x00102000 f30:0x00020000 PA:0x00101d14 store:0x430678ac load:0x3f7d1f60
           1944	       968	001010bc	d1492707	flw	f14,-748(x18)	 f18:0x00102000 f14=0x00000000 PA:0x00101d14 store:0x3f7d1f60
           1946	       969	001010c0	002a0593	addi	x11,x20,2	 x20:0x00000010 x11=0x00000012
           1948	       970	001010c4	d005f7d3	fcvt.s.w	f15,x11	 x11:0x00000012 f15=0x00000000
           1950	       971	001010c8	701071c3	fmadd.s	f3,f0,f1,f14	  f0:0x00000000  f1:0x00000011 f14:0x00000000  f3=0x00000000
           1952	       972	001010cc	d024ae27	fsw	f2,-740(x9)	  f9:0x00102000  f2:0x00137fa0 PA:0x00101d1c store:0x4419fb45 load:0x430678ac
           1954	       973	001010d0	d1c4a207	flw	f4,-740(x9)	  f9:0x00102000  f4=0x00000000 PA:0x00101d1c store:0x42ed4d6b
           1956	       974	001010d4	d1842587	flw	f11,-744(x8)	  f8:0x00102000 f11=0x00000000 PA:0x00101d18 store:0x00000000
           1958	       975	001010d8	d1842607	flw	f12,-744(x8)	  f8:0x00102000 f12=0x00000000 PA:0x00101d18 store:0x00000000
           1960	       976	001010dc	d0392a27	fsw	f3,-748(x18)	 f18:0x00102000  f3:0x00000000 PA:0x00101d14 store:0x431747c1 load:0x3f7d1f60
           1962	       977	001010e0	d1492287	flw	f5,-748(x18)	 f18:0x00102000  f5=0x00000000 PA:0x00101d14 store:0x3f7d1f60
           1964	       978	001010e4	00b276d3	fadd.s	f13,f4,f11	  f4:0x00000000 f11:0x00000012 f13=0x00000000
           1966	       979	001010e8	003a0613	addi	x12,x20,3	 x20:0x00000010 x12=0x00000013
           1968	       980	001010ec	28c7f343	fmadd.s	f6,f15,f12,f5	 f15:0x0000000b f12:0x00000013  f5:0x0000000b  f6=0x00000000
           1970	       981	001010f0	d00673d3	fcvt.s.w	f7,x12	 x12:0x00000013  f7=0x00000000
           1972	       982	001010f4	004a0813	addi	x16,x20,4	 x20:0x00000010 x16=0x00000014
           1974	       983	001010f8	d0d4ae27	fsw	f13,-740(x9)	  f9:0x00102000 f13:0x0000000d PA:0x00101d1c store:0x441a3a8d load:0x431747c1
           1976	       984	001010fc	d1c4a407	flw	f8,-740(x9)	  f9:0x00102000  f8=0x00000000 PA:0x00101d1c store:0x42ed4d6b
           1978	       985	00101100	d0692a27	fsw	f6,-748(x18)	 f18:0x00102000  f6:0x00000001 PA:0x00101d14 store:0x432913f6 load:0x441a3a8d
           1980	       986	00101104	d1842487	flw	f9,-744(x8)	  f8:0x00102000  f9=0x00000000 PA:0x00101d18 store:0x00000000
           1982	       987	00101108	d1842507	flw	f10,-744(x8)	  f8:0x00102000 f10=0x00000000 PA:0x00101d18 store:0x00000000
           1984	       988	0010110c	d1492807	flw	f16,-748(x18)	 f18:0x00102000 f16=0x00000000 PA:0x00101d14 store:0x3f7d1f60
           1986	       989	00101110	009478d3	fadd.s	f17,f8,f9	  f8:0x00102000  f9:0x00102000 f17=0x00000000
           1988	       990	00101114	d0087953	fcvt.s.w	f18,x16	 x16:0x00000014 f18=0x00000000
           1990	       991	00101118	80a3f9c3	fmadd.s	f19,f7,f10,f16	  f7:0x00000064 f10:0x00000004 f16:0x00000064 f19=0x00000000
           1992	       992	0010111c	005a0893	addi	x17,x20,5	 x20:0x00000010 x17=0x00000015
           1994	       993	00101120	d008fa53	fcvt.s.w	f20,x17	 x17:0x00000015 f20=0x00000000
           1996	       994	00101124	d114ae27	fsw	f17,-740(x9)	  f9:0x00102000 f17:0x00000015 PA:0x00101d1c store:0x441a79d5 load:0x432913f6
           1998	       995	00101128	d1c4aa87	flw	f21,-740(x9)	  f9:0x00102000 f21=0x00000000 PA:0x00101d1c store:0x42ed4d6b
           2000	       996	0010112c	d1392a27	fsw	f19,-748(x18)	 f18:0x00102000 f19:0x0000000f PA:0x00101d14 store:0x433bdd4a load:0x441a79d5
           2002	       997	00101130	d1842e07	flw	f28,-744(x8)	  f8:0x00102000 f28=0x00000000 PA:0x00101d18 store:0x00000000
           2004	       998	00101134	d1842e87	flw	f29,-744(x8)	  f8:0x00102000 f29=0x00000000 PA:0x00101d18 store:0x00000000
           2006	       999	00101138	d1492f07	flw	f30,-748(x18)	 f18:0x00102000 f30=0x00000000 PA:0x00101d14 store:0x41a80000
           2008	      1000	0010113c	01caffd3	fadd.s	f31,f21,f28	 f21:0x00000000 f28:0x00020000 f31=0x00000000
           2010	      1001	00101140	006a0993	addi	x19,x20,6	 x20:0x00000010 x19=0x00000016
           2012	      1002	00101144	f1d97043	fmadd.s	f0,f18,f29,f30	 f18:0x00102000 f29:0x00000030 f30:0x00102000  f0=0x00000000
           2014	      1003	00101148	d009f0d3	fcvt.s.w	f1,x19	 x19:0x00000016  f1=0x00000000
           2016	      1004	0010114c	007a0a13	addi	x20,x20,7	 x20:0x00000010 x20=0x00000017
           2018	      1005	00101150	d1f4ae27	fsw	f31,-740(x9)	  f9:0x00102000 f31:0xb4000000 PA:0x00101d1c store:0x441ab91d load:0x433bdd4a
           2020	      1006	00101154	d1c4a107	flw	f2,-740(x9)	  f9:0x00102000  f2=0x00000000 PA:0x00101d1c store:0x3f7d1f60
           2022	      1007	00101158	d0092a27	fsw	f0,-748(x18)	 f18:0x00102000  f0:0x00000000 PA:0x00101d14 store:0x434fa3be load:0x441ab91d
           2024	      1008	0010115c	d1842707	flw	f14,-744(x8)	  f8:0x00102000 f14=0x00000000 PA:0x00101d18 store:0x00000000
           2026	      1009	00101160	d1842787	flw	f15,-744(x8)	  f8:0x00102000 f15=0x00000000 PA:0x00101d18 store:0x00000000
           2028	      1010	00101164	d1492187	flw	f3,-748(x18)	 f18:0x00102000  f3=0x00000000 PA:0x00101d14 store:0x41a80000
           2030	      1011	00101168	00e17253	fadd.s	f4,f2,f14	  f2:0x00137fa0 f14:0x00000009  f4=0x00000000
           2032	      1012	0010116c	18fa75c3	fmadd.s	f11,f20,f15,f3	 f20:0x00000017 f15:0x0000000b  f3:0x00000017 f11=0x00000000
           2034	      1013	00101170	d044ae27	fsw	f4,-740(x9)	  f9:0x00102000  f4:0x00000000 PA:0x00101d1c store:0x441af865 load:0x434fa3be
           2036	      1014	00101174	d0b92a27	fsw	f11,-748(x18)	 f18:0x00102000 f11:0x00000012 PA:0x00101d14 store:0x43646751 load:0x434fa3be
           2038	      1015	00101178	d1c4a287	flw	f5,-740(x9)	  f9:0x00102000  f5=0x00000000 PA:0x00101d1c store:0x3f7d1f60
           2040	      1016	0010117c	d1842307	flw	f6,-744(x8)	  f8:0x00102000  f6=0x00000000 PA:0x00101d18 store:0x00000000
           2042	      1017	00101180	d1842607	flw	f12,-744(x8)	  f8:0x00102000 f12=0x00000000 PA:0x00101d18 store:0x00000000
           2044	      1018	00101184	d1492687	flw	f13,-748(x18)	 f18:0x00102000 f13=0x00000000 PA:0x00101d14 store:0x41a80000
           2046	      1019	00101188	0062f3d3	fadd.s	f7,f5,f6	  f5:0x00000042  f6:0x00000001  f7=0x00000000
           2048	      1020	0010118c	68c0f443	fmadd.s	f8,f1,f12,f13	  f1:0x00000011 f12:0x00000013 f13:0x00000011  f8=0x00000000
           2050	      1021	00101190	d074ae27	fsw	f7,-740(x9)	  f9:0x00102000  f7:0x00000064 PA:0x00101d1c store:0x441b37ad load:0x43646751
           2052	      1022	00101194	d1c4a487	flw	f9,-740(x9)	  f9:0x00102000  f9=0x00000000 PA:0x00101d1c store:0x3f7d1f60
           2054	      1023	00101198	d1842507	flw	f10,-744(x8)	  f8:0x00102000 f10=0x00000000 PA:0x00101d18 store:0x00000000
           2056	      1024	0010119c	d0892a27	fsw	f8,-748(x18)	 f18:0x00102000  f8:0x00102000 PA:0x00101d14 store:0x437a2803 load:0x3f7d1f60
           2058	      1025	001011a0	00a4f853	fadd.s	f16,f9,f10	  f9:0x00102000 f10:0x00000004 f16=0x00000000
           2060	      1026	001011a4	d104ae27	fsw	f16,-740(x9)	  f9:0x00102000 f16:0x00000014 PA:0x00101d1c store:0x441b76f5 load:0x3f7d1f60
           2068	      1030	001011a8	ee7a14e3	bne	x20,x7,101090	 x20:0x00000017  x7:0x00000064
           2070	      1031	00101090	d1842a07	flw	f20,-744(x8)	  f8:0x00102000 f20=0x00000000 PA:0x00101d18 store:0x00000000
           2072	      1032	00101094	d00a7ad3	fcvt.s.w	f21,x20	 x20:0x00000017 f21=0x00000000
           2074	      1033	00101098	d1492e07	flw	f28,-748(x18)	 f18:0x00102000 f28=0x00000000 PA:0x00101d14 store:0x3f7d1f60
           2076	      1034	0010109c	001a0093	addi	x1,x20,1	 x20:0x00000017  x1=0x00000018
           2078	      1035	001010a0	d1c4ae87	flw	f29,-740(x9)	  f9:0x00102000 f29=0x00000000 PA:0x00101d1c store:0x437a2803
           2080	      1036	001010a4	e14aff43	fmadd.s	f30,f21,f20,f28	 f21:0x00000000 f20:0x00000017 f28:0x00000000 f30=0x00000000
           2082	      1037	001010a8	d1842f87	flw	f31,-744(x8)	  f8:0x00102000 f31=0x00000000 PA:0x00101d18 store:0x00000000
           2084	      1038	001010ac	d000f053	fcvt.s.w	f0,x1	  x1:0x00000018  f0=0x00000000
           2086	      1039	001010b0	d1842087	flw	f1,-744(x8)	  f8:0x00102000  f1=0x00000000 PA:0x00101d18 store:0x00000000
           2088	      1040	001010b4	01fef153	fadd.s	f2,f29,f31	 f29:0x00000030 f31:0xb4000000  f2=0x00000000
           2090	      1041	001010b8	d1e92a27	fsw	f30,-748(x18)	 f18:0x00102000 f30:0x00020000 PA:0x00101d14 store:0x438872ea load:0x3f7d1f60
           2092	      1042	001010bc	d1492707	flw	f14,-748(x18)	 f18:0x00102000 f14=0x00000000 PA:0x00101d14 store:0x3f7d1f60
           2094	      1043	001010c0	002a0593	addi	x11,x20,2	 x20:0x00000017 x11=0x00000019
           2096	      1044	001010c4	d005f7d3	fcvt.s.w	f15,x11	 x11:0x00000019 f15=0x00000000
           2098	      1045	001010c8	701071c3	fmadd.s	f3,f0,f1,f14	  f0:0x00000000  f1:0x00000018 f14:0x00000000  f3=0x00000000
           2100	      1046	001010cc	d024ae27	fsw	f2,-740(x9)	  f9:0x00102000  f2:0x00137fa0 PA:0x00101d1c store:0x441bb63d load:0x438872ea
           2102	      1047	001010d0	d1c4a207	flw	f4,-740(x9)	  f9:0x00102000  f4=0x00000000 PA:0x00101d1c store:0x437a2803
           2104	      1048	001010d4	d1842587	flw	f11,-744(x8)	  f8:0x00102000 f11=0x00000000 PA:0x00101d18 store:0x00000000
           2106	      1049	001010d8	d1842607	flw	f12,-744(x8)	  f8:0x00102000 f12=0x00000000 PA:0x00101d18 store:0x00000000
           2108	      1050	001010dc	d0392a27	fsw	f3,-748(x18)	 f18:0x00102000  f3:0x00000000 PA:0x00101d14 store:0x43945062 load:0x3f7d1f60
           2110	      1051	001010e0	d1492287	flw	f5,-748(x18)	 f18:0x00102000  f5=0x00000000 PA:0x00101d14 store:0x3f7d1f60
           2112	      1052	001010e4	00b276d3	fadd.s	f13,f4,f11	  f4:0x00000000 f11:0x00000019 f13=0x00000000
           2114	      1053	001010e8	003a0613	addi	x12,x20,3	 x20:0x00000017 x12=0x0000001a
           2116	      1054	001010ec	28c7f343	fmadd.s	f6,f15,f12,f5	 f15:0x0000000b f12:0x0000001a  f5:0x0000000b  f6=0x00000000
           2118	      1055	001010f0	d00673d3	fcvt.s.w	f7,x12	 x12:0x0000001a  f7=0x00000000
           2120	      1056	001010f4	004a0813	addi	x16,x20,4	 x20:0x00000017 x16=0x0000001b
           2122	      1057	001010f8	d0d4ae27	fsw	f13,-740(x9)	  f9:0x00102000 f13:0x0000000d PA:0x00101d1c store:0x441bf585 load:0x43945062
           2124	      1058	001010fc	d1c4a407	flw	f8,-740(x9)	  f9:0x00102000  f8=0x00000000 PA:0x00101d1c store:0x437a2803
           2126	      1059	00101100	d0692a27	fsw	f6,-748(x18)	 f18:0x00102000  f6:0x00000001 PA:0x00101d14 store:0x43a0ac6a load:0x441bf585
           2128	      1060	00101104	d1842487	flw	f9,-744(x8)	  f8:0x00102000  f9=0x00000000 PA:0x00101d18 store:0x00000000
           2130	      1061	00101108	d1842507	flw	f10,-744(x8)	  f8:0x00102000 f10=0x00000000 PA:0x00101d18 store:0x00000000
           2132	      1062	0010110c	d1492807	flw	f16,-748(x18)	 f18:0x00102000 f16=0x00000000 PA:0x00101d14 store:0x3f7d1f60
           2134	      1063	00101110	009478d3	fadd.s	f17,f8,f9	  f8:0x00102000  f9:0x00102000 f17=0x00000000
           2136	      1064	00101114	d0087953	fcvt.s.w	f18,x16	 x16:0x0000001b f18=0x00000000
           2138	      1065	00101118	80a3f9c3	fmadd.s	f19,f7,f10,f16	  f7:0x00000064 f10:0x00000004 f16:0x00000064 f19=0x00000000
           2140	      1066	0010111c	005a0893	addi	x17,x20,5	 x20:0x00000017 x17=0x0000001c
           2142	      1067	00101120	d008fa53	fcvt.s.w	f20,x17	 x17:0x0000001c f20=0x00000000
           2144	      1068	00101124	d114ae27	fsw	f17,-740(x9)	  f9:0x00102000 f17:0x0000001c PA:0x00101d1c store:0x441c34cd load:0x43a0ac6a
           2146	      1069	00101128	d1c4aa87	flw	f21,-740(x9)	  f9:0x00102000 f21=0x00000000 PA:0x00101d1c store:0x437a2803
           2148	      1070	0010112c	d1392a27	fsw	f19,-748(x18)	 f18:0x00102000 f19:0x00000016 PA:0x00101d14 store:0x43ad8702 load:0x441c34cd
           2150	      1071	00101130	d1842e07	flw	f28,-744(x8)	  f8:0x00102000 f28=0x00000000 PA:0x00101d18 store:0x00000000
           2152	      1072	00101134	d1842e87	flw	f29,-744(x8)	  f8:0x00102000 f29=0x00000000 PA:0x00101d18 store:0x00000000
           2154	      1073	00101138	d1492f07	flw	f30,-748(x18)	 f18:0x00102000 f30=0x00000000 PA:0x00101d14 store:0x41e00000
           2156	      1074	0010113c	01caffd3	fadd.s	f31,f21,f28	 f21:0x00000000 f28:0x00020000 f31=0x00000000
           2158	      1075	00101140	006a0993	addi	x19,x20,6	 x20:0x00000017 x19=0x0000001d
           2160	      1076	00101144	f1d97043	fmadd.s	f0,f18,f29,f30	 f18:0x00102000 f29:0x00000030 f30:0x00102000  f0=0x00000000
           2162	      1077	00101148	d009f0d3	fcvt.s.w	f1,x19	 x19:0x0000001d  f1=0x00000000
           2164	      1078	0010114c	007a0a13	addi	x20,x20,7	 x20:0x00000017 x20=0x0000001e
           2166	      1079	00101150	d1f4ae27	fsw	f31,-740(x9)	  f9:0x00102000 f31:0xb4000000 PA:0x00101d1c store:0x441c7415 load:0x43ad8702
           2168	      1080	00101154	d1c4a107	flw	f2,-740(x9)	  f9:0x00102000  f2=0x00000000 PA:0x00101d1c store:0x3f7d1f60
           2170	      1081	00101158	d0092a27	fsw	f0,-748(x18)	 f18:0x00102000  f0:0x00000000 PA:0x00101d14 store:0x43bae02a load:0x441c7415
           2172	      1082	0010115c	d1842707	flw	f14,-744(x8)	  f8:0x00102000 f14=0x00000000 PA:0x00101d18 store:0x00000000
           2174	      1083	00101160	d1842787	flw	f15,-744(x8)	  f8:0x00102000 f15=0x00000000 PA:0x00101d18 store:0x00000000
           2176	      1084	00101164	d1492187	flw	f3,-748(x18)	 f18:0x00102000  f3=0x00000000 PA:0x00101d14 store:0x41e00000
           2178	      1085	00101168	00e17253	fadd.s	f4,f2,f14	  f2:0x00137fa0 f14:0x00000009  f4=0x00000000
           2180	      1086	0010116c	18fa75c3	fmadd.s	f11,f20,f15,f3	 f20:0x0000001e f15:0x0000000b  f3:0x0000001e f11=0x00000000
           2182	      1087	00101170	d044ae27	fsw	f4,-740(x9)	  f9:0x00102000  f4:0x00000000 PA:0x00101d1c store:0x441cb35d load:0x43bae02a
           2184	      1088	00101174	d0b92a27	fsw	f11,-748(x18)	 f18:0x00102000 f11:0x00000019 PA:0x00101d14 store:0x43c8b7e1 load:0x43bae02a
           2186	      1089	00101178	d1c4a287	flw	f5,-740(x9)	  f9:0x00102000  f5=0x00000000 PA:0x00101d1c store:0x3f7d1f60
           2188	      1090	0010117c	d1842307	flw	f6,-744(x8)	  f8:0x00102000  f6=0x00000000 PA:0x00101d18 store:0x00000000
           2190	      1091	00101180	d1842607	flw	f12,-744(x8)	  f8:0x00102000 f12=0x00000000 PA:0x00101d18 store:0x00000000
           2192	      1092	00101184	d1492687	flw	f13,-748(x18)	 f18:0x00102000 f13=0x00000000 PA:0x00101d14 store:0x41e00000
           2194	      1093	00101188	0062f3d3	fadd.s	f7,f5,f6	  f5:0x00000042  f6:0x00000001  f7=0x00000000
           2196	      1094	0010118c	68c0f443	fmadd.s	f8,f1,f12,f13	  f1:0x00000018 f12:0x0000001a f13:0x00000018  f8=0x00000000
           2198	      1095	00101190	d074ae27	fsw	f7,-740(x9)	  f9:0x00102000  f7:0x00000064 PA:0x00101d1c store:0x441cf2a5 load:0x43c8b7e1
           2200	      1096	00101194	d1c4a487	flw	f9,-740(x9)	  f9:0x00102000  f9=0x00000000 PA:0x00101d1c store:0x3f7d1f60
           2202	      1097	00101198	d1842507	flw	f10,-744(x8)	  f8:0x00102000 f10=0x00000000 PA:0x00101d18 store:0x00000000
           2204	      1098	0010119c	d0892a27	fsw	f8,-748(x18)	 f18:0x00102000  f8:0x00102000 PA:0x00101d14 store:0x43d70e28 load:0x3f7d1f60
           2206	      1099	001011a0	00a4f853	fadd.s	f16,f9,f10	  f9:0x00102000 f10:0x00000004 f16=0x00000000
           2208	      1100	001011a4	d104ae27	fsw	f16,-740(x9)	  f9:0x00102000 f16:0x0000001b PA:0x00101d1c store:0x441d31ed load:0x3f7d1f60
           2216	      1104	001011a8	ee7a14e3	bne	x20,x7,101090	 x20:0x0000001e  x7:0x00000064
           2218	      1105	00101090	d1842a07	flw	f20,-744(x8)	  f8:0x00102000 f20=0x00000000 PA:0x00101d18 store:0x00000000
           2220	      1106	00101094	d00a7ad3	fcvt.s.w	f21,x20	 x20:0x0000001e f21=0x00000000
           2222	      1107	00101098	d1492e07	flw	f28,-748(x18)	 f18:0x00102000 f28=0x00000000 PA:0x00101d14 store:0x3f7d1f60
           2224	      1108	0010109c	001a0093	addi	x1,x20,1	 x20:0x0000001e  x1=0x0000001f
           2226	      1109	001010a0	d1c4ae87	flw	f29,-740(x9)	  f9:0x00102000 f29=0x00000000 PA:0x00101d1c store:0x43d70e28
           2228	      1110	001010a4	e14aff43	fmadd.s	f30,f21,f20,f28	 f21:0x00000000 f20:0x0000001e f28:0x00000000 f30=0x00000000
           2230	      1111	001010a8	d1842f87	flw	f31,-744(x8)	  f8:0x00102000 f31=0x00000000 PA:0x00101d18 store:0x00000000
           2232	      1112	001010ac	d000f053	fcvt.s.w	f0,x1	  x1:0x0000001f  f0=0x00000000
           2234	      1113	001010b0	d1842087	flw	f1,-744(x8)	  f8:0x00102000  f1=0x00000000 PA:0x00101d18 store:0x00000000
           2236	      1114	001010b4	01fef153	fadd.s	f2,f29,f31	 f29:0x00000030 f31:0xb4000000  f2=0x00000000
           2238	      1115	001010b8	d1e92a27	fsw	f30,-748(x18)	 f18:0x00102000 f30:0x00020000 PA:0x00101d14 store:0x43e5e2ff load:0x3f7d1f60
           2240	      1116	001010bc	d1492707	flw	f14,-748(x18)	 f18:0x00102000 f14=0x00000000 PA:0x00101d14 store:0x3f7d1f60
           2242	      1117	001010c0	002a0593	addi	x11,x20,2	 x20:0x0000001e x11=0x00000020
           2244	      1118	001010c4	d005f7d3	fcvt.s.w	f15,x11	 x11:0x00000020 f15=0x00000000
           2246	      1119	001010c8	701071c3	fmadd.s	f3,f0,f1,f14	  f0:0x00000000  f1:0x0000001f f14:0x00000000  f3=0x00000000
           2248	      1120	001010cc	d024ae27	fsw	f2,-740(x9)	  f9:0x00102000  f2:0x00137fa0 PA:0x00101d1c store:0x441d7135 load:0x43e5e2ff
           2250	      1121	001010d0	d1c4a207	flw	f4,-740(x9)	  f9:0x00102000  f4=0x00000000 PA:0x00101d1c store:0x43d70e28
           2252	      1122	001010d4	d1842587	flw	f11,-744(x8)	  f8:0x00102000 f11=0x00000000 PA:0x00101d18 store:0x00000000
           2254	      1123	001010d8	d1842607	flw	f12,-744(x8)	  f8:0x00102000 f12=0x00000000 PA:0x00101d18 store:0x00000000
           2256	      1124	001010dc	d0392a27	fsw	f3,-748(x18)	 f18:0x00102000  f3:0x00000000 PA:0x00101d14 store:0x43f53665 load:0x3f7d1f60
           2258	      1125	001010e0	d1492287	flw	f5,-748(x18)	 f18:0x00102000  f5=0x00000000 PA:0x00101d14 store:0x3f7d1f60
           2260	      1126	001010e4	00b276d3	fadd.s	f13,f4,f11	  f4:0x00000000 f11:0x00000020 f13=0x00000000
           2262	      1127	001010e8	003a0613	addi	x12,x20,3	 x20:0x0000001e x12=0x00000021
           2264	      1128	001010ec	28c7f343	fmadd.s	f6,f15,f12,f5	 f15:0x0000000b f12:0x00000021  f5:0x0000000b  f6=0x00000000
           2266	      1129	001010f0	d00673d3	fcvt.s.w	f7,x12	 x12:0x00000021  f7=0x00000000
           2268	      1130	001010f4	004a0813	addi	x16,x20,4	 x20:0x0000001e x16=0x00000022
           2270	      1131	001010f8	d0d4ae27	fsw	f13,-740(x9)	  f9:0x00102000 f13:0x0000000d PA:0x00101d1c store:0x441db07d load:0x43f53665
           2272	      1132	001010fc	d1c4a407	flw	f8,-740(x9)	  f9:0x00102000  f8=0x00000000 PA:0x00101d1c store:0x43d70e28
           2274	      1133	00101100	d0692a27	fsw	f6,-748(x18)	 f18:0x00102000  f6:0x00000001 PA:0x00101d14 store:0x4402842e load:0x441db07d
           2276	      1134	00101104	d1842487	flw	f9,-744(x8)	  f8:0x00102000  f9=0x00000000 PA:0x00101d18 store:0x00000000
           2278	      1135	00101108	d1842507	flw	f10,-744(x8)	  f8:0x00102000 f10=0x00000000 PA:0x00101d18 store:0x00000000
           2280	      1136	0010110c	d1492807	flw	f16,-748(x18)	 f18:0x00102000 f16=0x00000000 PA:0x00101d14 store:0x3f7d1f60
           2282	      1137	00101110	009478d3	fadd.s	f17,f8,f9	  f8:0x00102000  f9:0x00102000 f17=0x00000000
           2284	      1138	00101114	d0087953	fcvt.s.w	f18,x16	 x16:0x00000022 f18=0x00000000
           2286	      1139	00101118	80a3f9c3	fmadd.s	f19,f7,f10,f16	  f7:0x00000064 f10:0x00000004 f16:0x00000064 f19=0x00000000
           2288	      1140	0010111c	005a0893	addi	x17,x20,5	 x20:0x0000001e x17=0x00000023
           2290	      1141	00101120	d008fa53	fcvt.s.w	f20,x17	 x17:0x00000023 f20=0x00000000
           2292	      1142	00101124	d114ae27	fsw	f17,-740(x9)	  f9:0x00102000 f17:0x00000023 PA:0x00101d1c store:0x441defc5 load:0x4402842e
           2294	      1143	00101128	d1c4aa87	flw	f21,-740(x9)	  f9:0x00102000 f21=0x00000000 PA:0x00101d1c store:0x43d70e28
           2296	      1144	0010112c	d1392a27	fsw	f19,-748(x18)	 f18:0x00102000 f19:0x0000001d PA:0x00101d14 store:0x440aac71 load:0x441defc5
           2298	      1145	00101130	d1842e07	flw	f28,-744(x8)	  f8:0x00102000 f28=0x00000000 PA:0x00101d18 store:0x00000000
           2300	      1146	00101134	d1842e87	flw	f29,-744(x8)	  f8:0x00102000 f29=0x00000000 PA:0x00101d18 store:0x00000000
           2302	      1147	00101138	d1492f07	flw	f30,-748(x18)	 f18:0x00102000 f30=0x00000000 PA:0x00101d14 store:0x420c0000
           2304	      1148	0010113c	01caffd3	fadd.s	f31,f21,f28	 f21:0x00000000 f28:0x00020000 f31=0x00000000
           2306	      1149	00101140	006a0993	addi	x19,x20,6	 x20:0x0000001e x19=0x00000024
           2308	      1150	00101144	f1d97043	fmadd.s	f0,f18,f29,f30	 f18:0x00102000 f29:0x00000030 f30:0x00102000  f0=0x00000000
           2310	      1151	00101148	d009f0d3	fcvt.s.w	f1,x19	 x19:0x00000024  f1=0x00000000
           2312	      1152	0010114c	007a0a13	addi	x20,x20,7	 x20:0x0000001e x20=0x00000025
           2314	      1153	00101150	d1f4ae27	fsw	f31,-740(x9)	  f9:0x00102000 f31:0xb4000000 PA:0x00101d1c store:0x441e2f0d load:0x440aac71
           2316	      1154	00101154	d1c4a107	flw	f2,-740(x9)	  f9:0x00102000  f2=0x00000000 PA:0x00101d1c store:0x3f7d1f60
           2318	      1155	00101158	d0092a27	fsw	f0,-748(x18)	 f18:0x00102000  f0:0x00000000 PA:0x00101d14 store:0x441313fc load:0x441e2f0d
           2320	      1156	0010115c	d1842707	flw	f14,-744(x8)	  f8:0x00102000 f14=0x00000000 PA:0x00101d18 store:0x00000000
           2322	      1157	00101160	d1842787	flw	f15,-744(x8)	  f8:0x00102000 f15=0x00000000 PA:0x00101d18 store:0x00000000
           2324	      1158	00101164	d1492187	flw	f3,-748(x18)	 f18:0x00102000  f3=0x00000000 PA:0x00101d14 store:0x420c0000
           2326	      1159	00101168	00e17253	fadd.s	f4,f2,f14	  f2:0x00137fa0 f14:0x00000009  f4=0x00000000
           2328	      1160	0010116c	18fa75c3	fmadd.s	f11,f20,f15,f3	 f20:0x00000025 f15:0x0000000b  f3:0x00000025 f11=0x00000000
           2330	      1161	00101170	d044ae27	fsw	f4,-740(x9)	  f9:0x00102000  f4:0x00000000 PA:0x00101d1c store:0x441e6e55 load:0x441313fc
           2332	      1162	00101174	d0b92a27	fsw	f11,-748(x18)	 f18:0x00102000 f11:0x00000020 PA:0x00101d14 store:0x441bbacf load:0x441313fc
           2334	      1163	00101178	d1c4a287	flw	f5,-740(x9)	  f9:0x00102000  f5=0x00000000 PA:0x00101d1c store:0x3f7d1f60
           2336	      1164	0010117c	d1842307	flw	f6,-744(x8)	  f8:0x00102000  f6=0x00000000 PA:0x00101d18 store:0x00000000
           2338	      1165	00101180	d1842607	flw	f12,-744(x8)	  f8:0x00102000 f12=0x00000000 PA:0x00101d18 store:0x00000000
           2340	      1166	00101184	d1492687	flw	f13,-748(x18)	 f18:0x00102000 f13=0x00000000 PA:0x00101d14 store:0x420c0000
           2342	      1167	00101188	0062f3d3	fadd.s	f7,f5,f6	  f5:0x00000042  f6:0x00000001  f7=0x00000000
           2344	      1168	0010118c	68c0f443	fmadd.s	f8,f1,f12,f13	  f1:0x0000001f f12:0x00000021 f13:0x0000001f  f8=0x00000000
           2346	      1169	00101190	d074ae27	fsw	f7,-740(x9)	  f9:0x00102000  f7:0x00000064 PA:0x00101d1c store:0x441ead9d load:0x441bbacf
           2348	      1170	00101194	d1c4a487	flw	f9,-740(x9)	  f9:0x00102000  f9=0x00000000 PA:0x00101d1c store:0x3f7d1f60
           2350	      1171	00101198	d1842507	flw	f10,-744(x8)	  f8:0x00102000 f10=0x00000000 PA:0x00101d18 store:0x00000000
           2352	      1172	0010119c	d0892a27	fsw	f8,-748(x18)	 f18:0x00102000  f8:0x00102000 PA:0x00101d14 store:0x4424a0e9 load:0x3f7d1f60
           2354	      1173	001011a0	00a4f853	fadd.s	f16,f9,f10	  f9:0x00102000 f10:0x00000004 f16=0x00000000
           2356	      1174	001011a4	d104ae27	fsw	f16,-740(x9)	  f9:0x00102000 f16:0x00000022 PA:0x00101d1c store:0x441eece5 load:0x3f7d1f60
           2364	      1178	001011a8	ee7a14e3	bne	x20,x7,101090	 x20:0x00000025  x7:0x00000064
           2366	      1179	00101090	d1842a07	flw	f20,-744(x8)	  f8:0x00102000 f20=0x00000000 PA:0x00101d18 store:0x00000000
           2368	      1180	00101094	d00a7ad3	fcvt.s.w	f21,x20	 x20:0x00000025 f21=0x00000000
           2370	      1181	00101098	d1492e07	flw	f28,-748(x18)	 f18:0x00102000 f28=0x00000000 PA:0x00101d14 store:0x3f7d1f60
           2372	      1182	0010109c	001a0093	addi	x1,x20,1	 x20:0x00000025  x1=0x00000026
           2374	      1183	001010a0	d1c4ae87	flw	f29,-740(x9)	  f9:0x00102000 f29=0x00000000 PA:0x00101d1c store:0x4424a0e9
           2376	      1184	001010a4	e14aff43	fmadd.s	f30,f21,f20,f28	 f21:0x00000000 f20:0x00000025 f28:0x00000000 f30=0x00000000
           2378	      1185	001010a8	d1842f87	flw	f31,-744(x8)	  f8:0x00102000 f31=0x00000000 PA:0x00101d18 store:0x00000000
           2380	      1186	001010ac	d000f053	fcvt.s.w	f0,x1	  x1:0x00000026  f0=0x00000000
           2382	      1187	001010b0	d1842087	flw	f1,-744(x8)	  f8:0x00102000  f1=0x00000000 PA:0x00101d18 store:0x00000000
           2384	      1188	001010b4	01fef153	fadd.s	f2,f29,f31	 f29:0x00000030 f31:0xb4000000  f2=0x00000000
           2386	      1189	001010b8	d1e92a27	fsw	f30,-748(x18)	 f18:0x00102000 f30:0x00020000 PA:0x00101d14 store:0x442dc64b load:0x3f7d1f60
           2388	      1190	001010bc	d1492707	flw	f14,-748(x18)	 f18:0x00102000 f14=0x00000000 PA:0x00101d14 store:0x3f7d1f60
           2390	      1191	001010c0	002a0593	addi	x11,x20,2	 x20:0x00000025 x11=0x00000027
           2392	      1192	001010c4	d005f7d3	fcvt.s.w	f15,x11	 x11:0x00000027 f15=0x00000000
           2394	      1193	001010c8	701071c3	fmadd.s	f3,f0,f1,f14	  f0:0x00000000  f1:0x00000026 f14:0x00000000  f3=0x00000000
           2396	      1194	001010cc	d024ae27	fsw	f2,-740(x9)	  f9:0x00102000  f2:0x00137fa0 PA:0x00101d1c store:0x441f2c2d load:0x442dc64b
           2398	      1195	001010d0	d1c4a207	flw	f4,-740(x9)	  f9:0x00102000  f4=0x00000000 PA:0x00101d1c store:0x4424a0e9
           2400	      1196	001010d4	d1842587	flw	f11,-744(x8)	  f8:0x00102000 f11=0x00000000 PA:0x00101d18 store:0x00000000
           2402	      1197	001010d8	d1842607	flw	f12,-744(x8)	  f8:0x00102000 f12=0x00000000 PA:0x00101d18 store:0x00000000
           2404	      1198	001010dc	d0392a27	fsw	f3,-748(x18)	 f18:0x00102000  f3:0x00000000 PA:0x00101d14 store:0x44372af5 load:0x3f7d1f60
           2406	      1199	001010e0	d1492287	flw	f5,-748(x18)	 f18:0x00102000  f5=0x00000000 PA:0x00101d14 store:0x3f7d1f60
           2408	      1200	001010e4	00b276d3	fadd.s	f13,f4,f11	  f4:0x00000000 f11:0x00000027 f13=0x00000000
           2410	      1201	001010e8	003a0613	addi	x12,x20,3	 x20:0x00000025 x12=0x00000028
           2412	      1202	001010ec	28c7f343	fmadd.s	f6,f15,f12,f5	 f15:0x0000000b f12:0x00000028  f5:0x0000000b  f6=0x00000000
           2414	      1203	001010f0	d00673d3	fcvt.s.w	f7,x12	 x12:0x00000028  f7=0x00000000
           2416	      1204	001010f4	004a0813	addi	x16,x20,4	 x20:0x00000025 x16=0x00000029
           2418	      1205	001010f8	d0d4ae27	fsw	f13,-740(x9)	  f9:0x00102000 f13:0x0000000d PA:0x00101d1c store:0x441f6b75 load:0x44372af5
           2420	      1206	001010fc	d1c4a407	flw	f8,-740(x9)	  f9:0x00102000  f8=0x00000000 PA:0x00101d1c store:0x4424a0e9
           2422	      1207	00101100	d0692a27	fsw	f6,-748(x18)	 f18:0x00102000  f6:0x00000001 PA:0x00101d14 store:0x4440cee7 load:0x441f6b75
           2424	      1208	00101104	d1842487	flw	f9,-744(x8)	  f8:0x00102000  f9=0x00000000 PA:0x00101d18 store:0x00000000
           2426	      1209	00101108	d1842507	flw	f10,-744(x8)	  f8:0x00102000 f10=0x00000000 PA:0x00101d18 store:0x00000000
           2428	      1210	0010110c	d1492807	flw	f16,-748(x18)	 f18:0x00102000 f16=0x00000000 PA:0x00101d14 store:0x3f7d1f60
           2430	      1211	00101110	009478d3	fadd.s	f17,f8,f9	  f8:0x00102000  f9:0x00102000 f17=0x00000000
           2432	      1212	00101114	d0087953	fcvt.s.w	f18,x16	 x16:0x00000029 f18=0x00000000
           2434	      1213	00101118	80a3f9c3	fmadd.s	f19,f7,f10,f16	  f7:0x00000064 f10:0x00000004 f16:0x00000064 f19=0x00000000
           2436	      1214	0010111c	005a0893	addi	x17,x20,5	 x20:0x00000025 x17=0x0000002a
           2438	      1215	00101120	d008fa53	fcvt.s.w	f20,x17	 x17:0x0000002a f20=0x00000000
           2440	      1216	00101124	d114ae27	fsw	f17,-740(x9)	  f9:0x00102000 f17:0x0000002a PA:0x00101d1c store:0x441faabd load:0x4440cee7
           2442	      1217	00101128	d1c4aa87	flw	f21,-740(x9)	  f9:0x00102000 f21=0x00000000 PA:0x00101d1c store:0x4424a0e9
           2444	      1218	0010112c	d1392a27	fsw	f19,-748(x18)	 f18:0x00102000 f19:0x00000024 PA:0x00101d14 store:0x444ab221 load:0x441faabd
           2446	      1219	00101130	d1842e07	flw	f28,-744(x8)	  f8:0x00102000 f28=0x00000000 PA:0x00101d18 store:0x00000000
           2448	      1220	00101134	d1842e87	flw	f29,-744(x8)	  f8:0x00102000 f29=0x00000000 PA:0x00101d18 store:0x00000000
           2450	      1221	00101138	d1492f07	flw	f30,-748(x18)	 f18:0x00102000 f30=0x00000000 PA:0x00101d14 store:0x42280000
           2452	      1222	0010113c	01caffd3	fadd.s	f31,f21,f28	 f21:0x00000000 f28:0x00020000 f31=0x00000000
           2454	      1223	00101140	006a0993	addi	x19,x20,6	 x20:0x00000025 x19=0x0000002b
           2456	      1224	00101144	f1d97043	fmadd.s	f0,f18,f29,f30	 f18:0x00102000 f29:0x00000030 f30:0x00102000  f0=0x00000000
           2458	      1225	00101148	d009f0d3	fcvt.s.w	f1,x19	 x19:0x0000002b  f1=0x00000000
           2460	      1226	0010114c	007a0a13	addi	x20,x20,7	 x20:0x00000025 x20=0x0000002c
           2462	      1227	00101150	d1f4ae27	fsw	f31,-740(x9)	  f9:0x00102000 f31:0xb4000000 PA:0x00101d1c store:0x441fea05 load:0x444ab221
           2464	      1228	00101154	d1c4a107	flw	f2,-740(x9)	  f9:0x00102000  f2=0x00000000 PA:0x00101d1c store:0x3f7d1f60
           2466	      1229	00101158	d0092a27	fsw	f0,-748(x18)	 f18:0x00102000  f0:0x00000000 PA:0x00101d14 store:0x4454d4a3 load:0x441fea05
           2468	      1230	0010115c	d1842707	flw	f14,-744(x8)	  f8:0x00102000 f14=0x00000000 PA:0x00101d18 store:0x00000000
           2470	      1231	00101160	d1842787	flw	f15,-744(x8)	  f8:0x00102000 f15=0x00000000 PA:0x00101d18 store:0x00000000
           2472	      1232	00101164	d1492187	flw	f3,-748(x18)	 f18:0x00102000  f3=0x00000000 PA:0x00101d14 store:0x42280000
           2474	      1233	00101168	00e17253	fadd.s	f4,f2,f14	  f2:0x00137fa0 f14:0x00000009  f4=0x00000000
           2476	      1234	0010116c	18fa75c3	fmadd.s	f11,f20,f15,f3	 f20:0x0000002c f15:0x0000000b  f3:0x0000002c f11=0x00000000
           2478	      1235	00101170	d044ae27	fsw	f4,-740(x9)	  f9:0x00102000  f4:0x00000000 PA:0x00101d1c store:0x4420294d load:0x4454d4a3
           2480	      1236	00101174	d0b92a27	fsw	f11,-748(x18)	 f18:0x00102000 f11:0x00000027 PA:0x00101d14 store:0x445f366c load:0x4454d4a3
           2482	      1237	00101178	d1c4a287	flw	f5,-740(x9)	  f9:0x00102000  f5=0x00000000 PA:0x00101d1c store:0x3f7d1f60
           2484	      1238	0010117c	d1842307	flw	f6,-744(x8)	  f8:0x00102000  f6=0x00000000 PA:0x00101d18 store:0x00000000
           2486	      1239	00101180	d1842607	flw	f12,-744(x8)	  f8:0x00102000 f12=0x00000000 PA:0x00101d18 store:0x00000000
           2488	      1240	00101184	d1492687	flw	f13,-748(x18)	 f18:0x00102000 f13=0x00000000 PA:0x00101d14 store:0x42280000
           2490	      1241	00101188	0062f3d3	fadd.s	f7,f5,f6	  f5:0x00000042  f6:0x00000001  f7=0x00000000
           2492	      1242	0010118c	68c0f443	fmadd.s	f8,f1,f12,f13	  f1:0x00000026 f12:0x00000028 f13:0x00000026  f8=0x00000000
           2494	      1243	00101190	d074ae27	fsw	f7,-740(x9)	  f9:0x00102000  f7:0x00000064 PA:0x00101d1c store:0x44206895 load:0x445f366c
           2496	      1244	00101194	d1c4a487	flw	f9,-740(x9)	  f9:0x00102000  f9=0x00000000 PA:0x00101d1c store:0x3f7d1f60
           2498	      1245	00101198	d1842507	flw	f10,-744(x8)	  f8:0x00102000 f10=0x00000000 PA:0x00101d18 store:0x00000000
           2500	      1246	0010119c	d0892a27	fsw	f8,-748(x18)	 f18:0x00102000  f8:0x00102000 PA:0x00101d14 store:0x4469d77d load:0x3f7d1f60
           2502	      1247	001011a0	00a4f853	fadd.s	f16,f9,f10	  f9:0x00102000 f10:0x00000004 f16=0x00000000
           2504	      1248	001011a4	d104ae27	fsw	f16,-740(x9)	  f9:0x00102000 f16:0x00000029 PA:0x00101d1c store:0x4420a7dd load:0x3f7d1f60
           2512	      1252	001011a8	ee7a14e3	bne	x20,x7,101090	 x20:0x0000002c  x7:0x00000064
           2514	      1253	00101090	d1842a07	flw	f20,-744(x8)	  f8:0x00102000 f20=0x00000000 PA:0x00101d18 store:0x00000000
           2516	      1254	00101094	d00a7ad3	fcvt.s.w	f21,x20	 x20:0x0000002c f21=0x00000000
           2518	      1255	00101098	d1492e07	flw	f28,-748(x18)	 f18:0x00102000 f28=0x00000000 PA:0x00101d14 store:0x3f7d1f60
           2520	      1256	0010109c	001a0093	addi	x1,x20,1	 x20:0x0000002c  x1=0x0000002d
           2522	      1257	001010a0	d1c4ae87	flw	f29,-740(x9)	  f9:0x00102000 f29=0x00000000 PA:0x00101d1c store:0x4469d77d
           2524	      1258	001010a4	e14aff43	fmadd.s	f30,f21,f20,f28	 f21:0x00000000 f20:0x0000002c f28:0x00000000 f30=0x00000000
           2526	      1259	001010a8	d1842f87	flw	f31,-744(x8)	  f8:0x00102000 f31=0x00000000 PA:0x00101d18 store:0x00000000
           2528	      1260	001010ac	d000f053	fcvt.s.w	f0,x1	  x1:0x0000002d  f0=0x00000000
           2530	      1261	001010b0	d1842087	flw	f1,-744(x8)	  f8:0x00102000  f1=0x00000000 PA:0x00101d18 store:0x00000000
           2532	      1262	001010b4	01fef153	fadd.s	f2,f29,f31	 f29:0x00000030 f31:0xb4000000  f2=0x00000000
           2534	      1263	001010b8	d1e92a27	fsw	f30,-748(x18)	 f18:0x00102000 f30:0x00020000 PA:0x00101d14 store:0x4474b7d6 load:0x3f7d1f60
           2536	      1264	001010bc	d1492707	flw	f14,-748(x18)	 f18:0x00102000 f14=0x00000000 PA:0x00101d14 store:0x3f7d1f60
           2538	      1265	001010c0	002a0593	addi	x11,x20,2	 x20:0x0000002c x11=0x0000002e
           2540	      1266	001010c4	d005f7d3	fcvt.s.w	f15,x11	 x11:0x0000002e f15=0x00000000
           2542	      1267	001010c8	701071c3	fmadd.s	f3,f0,f1,f14	  f0:0x00000000  f1:0x0000002d f14:0x00000000  f3=0x00000000
           2544	      1268	001010cc	d024ae27	fsw	f2,-740(x9)	  f9:0x00102000  f2:0x00137fa0 PA:0x00101d1c store:0x4420e725 load:0x4474b7d6
           2546	      1269	001010d0	d1c4a207	flw	f4,-740(x9)	  f9:0x00102000  f4=0x00000000 PA:0x00101d1c store:0x4469d77d
           2548	      1270	001010d4	d1842587	flw	f11,-744(x8)	  f8:0x00102000 f11=0x00000000 PA:0x00101d18 store:0x00000000
           2550	      1271	001010d8	d1842607	flw	f12,-744(x8)	  f8:0x00102000 f12=0x00000000 PA:0x00101d18 store:0x00000000
           2552	      1272	001010dc	d0392a27	fsw	f3,-748(x18)	 f18:0x00102000  f3:0x00000000 PA:0x00101d14 store:0x447fd777 load:0x3f7d1f60
           2554	      1273	001010e0	d1492287	flw	f5,-748(x18)	 f18:0x00102000  f5=0x00000000 PA:0x00101d14 store:0x3f7d1f60
           2556	      1274	001010e4	00b276d3	fadd.s	f13,f4,f11	  f4:0x00000000 f11:0x0000002e f13=0x00000000
           2558	      1275	001010e8	003a0613	addi	x12,x20,3	 x20:0x0000002c x12=0x0000002f
           2560	      1276	001010ec	28c7f343	fmadd.s	f6,f15,f12,f5	 f15:0x0000000b f12:0x0000002f  f5:0x0000000b  f6=0x00000000
           2562	      1277	001010f0	d00673d3	fcvt.s.w	f7,x12	 x12:0x0000002f  f7=0x00000000
           2564	      1278	001010f4	004a0813	addi	x16,x20,4	 x20:0x0000002c x16=0x00000030
           2566	      1279	001010f8	d0d4ae27	fsw	f13,-740(x9)	  f9:0x00102000 f13:0x0000000d PA:0x00101d1c store:0x4421266d load:0x447fd777
           2568	      1280	001010fc	d1c4a407	flw	f8,-740(x9)	  f9:0x00102000  f8=0x00000000 PA:0x00101d1c store:0x4469d77d
           2570	      1281	00101100	d0692a27	fsw	f6,-748(x18)	 f18:0x00102000  f6:0x00000001 PA:0x00101d14 store:0x44859b30 load:0x4421266d
           2572	      1282	00101104	d1842487	flw	f9,-744(x8)	  f8:0x00102000  f9=0x00000000 PA:0x00101d18 store:0x00000000
           2574	      1283	00101108	d1842507	flw	f10,-744(x8)	  f8:0x00102000 f10=0x00000000 PA:0x00101d18 store:0x00000000
           2576	      1284	0010110c	d1492807	flw	f16,-748(x18)	 f18:0x00102000 f16=0x00000000 PA:0x00101d14 store:0x3f7d1f60
           2578	      1285	00101110	009478d3	fadd.s	f17,f8,f9	  f8:0x00102000  f9:0x00102000 f17=0x00000000
           2580	      1286	00101114	d0087953	fcvt.s.w	f18,x16	 x16:0x00000030 f18=0x00000000
           2582	      1287	00101118	80a3f9c3	fmadd.s	f19,f7,f10,f16	  f7:0x00000064 f10:0x00000004 f16:0x00000064 f19=0x00000000
           2584	      1288	0010111c	005a0893	addi	x17,x20,5	 x20:0x0000002c x17=0x00000031
           2586	      1289	00101120	d008fa53	fcvt.s.w	f20,x17	 x17:0x00000031 f20=0x00000000
           2588	      1290	00101124	d114ae27	fsw	f17,-740(x9)	  f9:0x00102000 f17:0x00000031 PA:0x00101d1c store:0x442165b5 load:0x44859b30
           2590	      1291	00101128	d1c4aa87	flw	f21,-740(x9)	  f9:0x00102000 f21=0x00000000 PA:0x00101d1c store:0x4469d77d
           2592	      1292	0010112c	d1392a27	fsw	f19,-748(x18)	 f18:0x00102000 f19:0x0000002b PA:0x00101d14 store:0x448b6a48 load:0x442165b5
           2594	      1293	00101130	d1842e07	flw	f28,-744(x8)	  f8:0x00102000 f28=0x00000000 PA:0x00101d18 store:0x00000000
           2596	      1294	00101134	d1842e87	flw	f29,-744(x8)	  f8:0x00102000 f29=0x00000000 PA:0x00101d18 store:0x00000000
           2598	      1295	00101138	d1492f07	flw	f30,-748(x18)	 f18:0x00102000 f30=0x00000000 PA:0x00101d14 store:0x42440000
           2600	      1296	0010113c	01caffd3	fadd.s	f31,f21,f28	 f21:0x00000000 f28:0x00020000 f31=0x00000000
           2602	      1297	00101140	006a0993	addi	x19,x20,6	 x20:0x0000002c x19=0x00000032
           2604	      1298	00101144	f1d97043	fmadd.s	f0,f18,f29,f30	 f18:0x00102000 f29:0x00000030 f30:0x00102000  f0=0x00000000
           2606	      1299	00101148	d009f0d3	fcvt.s.w	f1,x19	 x19:0x00000032  f1=0x00000000
           2608	      1300	0010114c	007a0a13	addi	x20,x20,7	 x20:0x0000002c x20=0x00000033
           2610	      1301	00101150	d1f4ae27	fsw	f31,-740(x9)	  f9:0x00102000 f31:0xb4000000 PA:0x00101d1c store:0x4421a4fd load:0x448b6a48
           2612	      1302	00101154	d1c4a107	flw	f2,-740(x9)	  f9:0x00102000  f2=0x00000000 PA:0x00101d1c store:0x3f7d1f60
           2614	      1303	00101158	d0092a27	fsw	f0,-748(x18)	 f18:0x00102000  f0:0x00000000 PA:0x00101d14 store:0x44915904 load:0x4421a4fd
           2616	      1304	0010115c	d1842707	flw	f14,-744(x8)	  f8:0x00102000 f14=0x00000000 PA:0x00101d18 store:0x00000000
           2618	      1305	00101160	d1842787	flw	f15,-744(x8)	  f8:0x00102000 f15=0x00000000 PA:0x00101d18 store:0x00000000
           2620	      1306	00101164	d1492187	flw	f3,-748(x18)	 f18:0x00102000  f3=0x00000000 PA:0x00101d14 store:0x42440000
           2622	      1307	00101168	00e17253	fadd.s	f4,f2,f14	  f2:0x00137fa0 f14:0x00000009  f4=0x00000000
           2624	      1308	0010116c	18fa75c3	fmadd.s	f11,f20,f15,f3	 f20:0x00000033 f15:0x0000000b  f3:0x00000033 f11=0x00000000
           2626	      1309	00101170	d044ae27	fsw	f4,-740(x9)	  f9:0x00102000  f4:0x00000000 PA:0x00101d1c store:0x4421e445 load:0x44915904
           2628	      1310	00101174	d0b92a27	fsw	f11,-748(x18)	 f18:0x00102000 f11:0x0000002e PA:0x00101d14 store:0x44976764 load:0x44915904
           2630	      1311	00101178	d1c4a287	flw	f5,-740(x9)	  f9:0x00102000  f5=0x00000000 PA:0x00101d1c store:0x3f7d1f60
           2632	      1312	0010117c	d1842307	flw	f6,-744(x8)	  f8:0x00102000  f6=0x00000000 PA:0x00101d18 store:0x00000000
           2634	      1313	00101180	d1842607	flw	f12,-744(x8)	  f8:0x00102000 f12=0x00000000 PA:0x00101d18 store:0x00000000
           2636	      1314	00101184	d1492687	flw	f13,-748(x18)	 f18:0x00102000 f13=0x00000000 PA:0x00101d14 store:0x42440000
           2638	      1315	00101188	0062f3d3	fadd.s	f7,f5,f6	  f5:0x00000042  f6:0x00000001  f7=0x00000000
           2640	      1316	0010118c	68c0f443	fmadd.s	f8,f1,f12,f13	  f1:0x0000002d f12:0x0000002f f13:0x0000002d  f8=0x00000000
           2642	      1317	00101190	d074ae27	fsw	f7,-740(x9)	  f9:0x00102000  f7:0x00000064 PA:0x00101d1c store:0x4422238d load:0x44976764
           2644	      1318	00101194	d1c4a487	flw	f9,-740(x9)	  f9:0x00102000  f9=0x00000000 PA:0x00101d1c store:0x3f7d1f60
           2646	      1319	00101198	d1842507	flw	f10,-744(x8)	  f8:0x00102000 f10=0x00000000 PA:0x00101d18 store:0x00000000
           2648	      1320	0010119c	d0892a27	fsw	f8,-748(x18)	 f18:0x00102000  f8:0x00102000 PA:0x00101d14 store:0x449d9568 load:0x3f7d1f60
           2650	      1321	001011a0	00a4f853	fadd.s	f16,f9,f10	  f9:0x00102000 f10:0x00000004 f16=0x00000000
           2652	      1322	001011a4	d104ae27	fsw	f16,-740(x9)	  f9:0x00102000 f16:0x00000030 PA:0x00101d1c store:0x442262d5 load:0x3f7d1f60
           2660	      1326	001011a8	ee7a14e3	bne	x20,x7,101090	 x20:0x00000033  x7:0x00000064
           2662	      1327	00101090	d1842a07	flw	f20,-744(x8)	  f8:0x00102000 f20=0x00000000 PA:0x00101d18 store:0x00000000
           2664	      1328	00101094	d00a7ad3	fcvt.s.w	f21,x20	 x20:0x00000033 f21=0x00000000
           2666	      1329	00101098	d1492e07	flw	f28,-748(x18)	 f18:0x00102000 f28=0x00000000 PA:0x00101d14 store:0x3f7d1f60
           2668	      1330	0010109c	001a0093	addi	x1,x20,1	 x20:0x00000033  x1=0x00000034
           2670	      1331	001010a0	d1c4ae87	flw	f29,-740(x9)	  f9:0x00102000 f29=0x00000000 PA:0x00101d1c store:0x449d9568
           2672	      1332	001010a4	e14aff43	fmadd.s	f30,f21,f20,f28	 f21:0x00000000 f20:0x00000033 f28:0x00000000 f30=0x00000000
           2674	      1333	001010a8	d1842f87	flw	f31,-744(x8)	  f8:0x00102000 f31=0x00000000 PA:0x00101d18 store:0x00000000
           2676	      1334	001010ac	d000f053	fcvt.s.w	f0,x1	  x1:0x00000034  f0=0x00000000
           2678	      1335	001010b0	d1842087	flw	f1,-744(x8)	  f8:0x00102000  f1=0x00000000 PA:0x00101d18 store:0x00000000
           2680	      1336	001010b4	01fef153	fadd.s	f2,f29,f31	 f29:0x00000030 f31:0xb4000000  f2=0x00000000
           2682	      1337	001010b8	d1e92a27	fsw	f30,-748(x18)	 f18:0x00102000 f30:0x00020000 PA:0x00101d14 store:0x44a3e310 load:0x3f7d1f60
           2684	      1338	001010bc	d1492707	flw	f14,-748(x18)	 f18:0x00102000 f14=0x00000000 PA:0x00101d14 store:0x3f7d1f60
           2686	      1339	001010c0	002a0593	addi	x11,x20,2	 x20:0x00000033 x11=0x00000035
           2688	      1340	001010c4	d005f7d3	fcvt.s.w	f15,x11	 x11:0x00000035 f15=0x00000000
           2690	      1341	001010c8	701071c3	fmadd.s	f3,f0,f1,f14	  f0:0x00000000  f1:0x00000034 f14:0x00000000  f3=0x00000000
           2692	      1342	001010cc	d024ae27	fsw	f2,-740(x9)	  f9:0x00102000  f2:0x00137fa0 PA:0x00101d1c store:0x4422a21d load:0x44a3e310
           2694	      1343	001010d0	d1c4a207	flw	f4,-740(x9)	  f9:0x00102000  f4=0x00000000 PA:0x00101d1c store:0x449d9568
           2696	      1344	001010d4	d1842587	flw	f11,-744(x8)	  f8:0x00102000 f11=0x00000000 PA:0x00101d18 store:0x00000000
           2698	      1345	001010d8	d1842607	flw	f12,-744(x8)	  f8:0x00102000 f12=0x00000000 PA:0x00101d18 store:0x00000000
           2700	      1346	001010dc	d0392a27	fsw	f3,-748(x18)	 f18:0x00102000  f3:0x00000000 PA:0x00101d14 store:0x44aa505c load:0x3f7d1f60
           2702	      1347	001010e0	d1492287	flw	f5,-748(x18)	 f18:0x00102000  f5=0x00000000 PA:0x00101d14 store:0x3f7d1f60
           2704	      1348	001010e4	00b276d3	fadd.s	f13,f4,f11	  f4:0x00000000 f11:0x00000035 f13=0x00000000
           2706	      1349	001010e8	003a0613	addi	x12,x20,3	 x20:0x00000033 x12=0x00000036
           2708	      1350	001010ec	28c7f343	fmadd.s	f6,f15,f12,f5	 f15:0x0000000b f12:0x00000036  f5:0x0000000b  f6=0x00000000
           2710	      1351	001010f0	d00673d3	fcvt.s.w	f7,x12	 x12:0x00000036  f7=0x00000000
           2712	      1352	001010f4	004a0813	addi	x16,x20,4	 x20:0x00000033 x16=0x00000037
           2714	      1353	001010f8	d0d4ae27	fsw	f13,-740(x9)	  f9:0x00102000 f13:0x0000000d PA:0x00101d1c store:0x4422e165 load:0x44aa505c
           2716	      1354	001010fc	d1c4a407	flw	f8,-740(x9)	  f9:0x00102000  f8=0x00000000 PA:0x00101d1c store:0x449d9568
           2718	      1355	00101100	d0692a27	fsw	f6,-748(x18)	 f18:0x00102000  f6:0x00000001 PA:0x00101d14 store:0x44b0dd4c load:0x4422e165
           2720	      1356	00101104	d1842487	flw	f9,-744(x8)	  f8:0x00102000  f9=0x00000000 PA:0x00101d18 store:0x00000000
           2722	      1357	00101108	d1842507	flw	f10,-744(x8)	  f8:0x00102000 f10=0x00000000 PA:0x00101d18 store:0x00000000
           2724	      1358	0010110c	d1492807	flw	f16,-748(x18)	 f18:0x00102000 f16=0x00000000 PA:0x00101d14 store:0x3f7d1f60
           2726	      1359	00101110	009478d3	fadd.s	f17,f8,f9	  f8:0x00102000  f9:0x00102000 f17=0x00000000
           2728	      1360	00101114	d0087953	fcvt.s.w	f18,x16	 x16:0x00000037 f18=0x00000000
           2730	      1361	00101118	80a3f9c3	fmadd.s	f19,f7,f10,f16	  f7:0x00000064 f10:0x00000004 f16:0x00000064 f19=0x00000000
           2732	      1362	0010111c	005a0893	addi	x17,x20,5	 x20:0x00000033 x17=0x00000038
           2734	      1363	00101120	d008fa53	fcvt.s.w	f20,x17	 x17:0x00000038 f20=0x00000000
           2736	      1364	00101124	d114ae27	fsw	f17,-740(x9)	  f9:0x00102000 f17:0x00000038 PA:0x00101d1c store:0x442320ad load:0x44b0dd4c
           2738	      1365	00101128	d1c4aa87	flw	f21,-740(x9)	  f9:0x00102000 f21=0x00000000 PA:0x00101d1c store:0x449d9568
           2740	      1366	0010112c	d1392a27	fsw	f19,-748(x18)	 f18:0x00102000 f19:0x00000032 PA:0x00101d14 store:0x44b789e0 load:0x442320ad
           2742	      1367	00101130	d1842e07	flw	f28,-744(x8)	  f8:0x00102000 f28=0x00000000 PA:0x00101d18 store:0x00000000
           2744	      1368	00101134	d1842e87	flw	f29,-744(x8)	  f8:0x00102000 f29=0x00000000 PA:0x00101d18 store:0x00000000
           2746	      1369	00101138	d1492f07	flw	f30,-748(x18)	 f18:0x00102000 f30=0x00000000 PA:0x00101d14 store:0x42600000
           2748	      1370	0010113c	01caffd3	fadd.s	f31,f21,f28	 f21:0x00000000 f28:0x00020000 f31=0x00000000
           2750	      1371	00101140	006a0993	addi	x19,x20,6	 x20:0x00000033 x19=0x00000039
           2752	      1372	00101144	f1d97043	fmadd.s	f0,f18,f29,f30	 f18:0x00102000 f29:0x00000030 f30:0x00102000  f0=0x00000000
           2754	      1373	00101148	d009f0d3	fcvt.s.w	f1,x19	 x19:0x00000039  f1=0x00000000
           2756	      1374	0010114c	007a0a13	addi	x20,x20,7	 x20:0x00000033 x20=0x0000003a
           2758	      1375	00101150	d1f4ae27	fsw	f31,-740(x9)	  f9:0x00102000 f31:0xb4000000 PA:0x00101d1c store:0x44235ff5 load:0x44b789e0
           2760	      1376	00101154	d1c4a107	flw	f2,-740(x9)	  f9:0x00102000  f2=0x00000000 PA:0x00101d1c store:0x3f7d1f60
           2762	      1377	00101158	d0092a27	fsw	f0,-748(x18)	 f18:0x00102000  f0:0x00000000 PA:0x00101d14 store:0x44be5618 load:0x44235ff5
           2764	      1378	0010115c	d1842707	flw	f14,-744(x8)	  f8:0x00102000 f14=0x00000000 PA:0x00101d18 store:0x00000000
           2766	      1379	00101160	d1842787	flw	f15,-744(x8)	  f8:0x00102000 f15=0x00000000 PA:0x00101d18 store:0x00000000
           2768	      1380	00101164	d1492187	flw	f3,-748(x18)	 f18:0x00102000  f3=0x00000000 PA:0x00101d14 store:0x42600000
           2770	      1381	00101168	00e17253	fadd.s	f4,f2,f14	  f2:0x00137fa0 f14:0x00000009  f4=0x00000000
           2772	      1382	0010116c	18fa75c3	fmadd.s	f11,f20,f15,f3	 f20:0x0000003a f15:0x0000000b  f3:0x0000003a f11=0x00000000
           2774	      1383	00101170	d044ae27	fsw	f4,-740(x9)	  f9:0x00102000  f4:0x00000000 PA:0x00101d1c store:0x44239f3d load:0x44be5618
           2776	      1384	00101174	d0b92a27	fsw	f11,-748(x18)	 f18:0x00102000 f11:0x00000035 PA:0x00101d14 store:0x44c541f4 load:0x44be5618
           2778	      1385	00101178	d1c4a287	flw	f5,-740(x9)	  f9:0x00102000  f5=0x00000000 PA:0x00101d1c store:0x3f7d1f60
           2780	      1386	0010117c	d1842307	flw	f6,-744(x8)	  f8:0x00102000  f6=0x00000000 PA:0x00101d18 store:0x00000000
           2782	      1387	00101180	d1842607	flw	f12,-744(x8)	  f8:0x00102000 f12=0x00000000 PA:0x00101d18 store:0x00000000
           2784	      1388	00101184	d1492687	flw	f13,-748(x18)	 f18:0x00102000 f13=0x00000000 PA:0x00101d14 store:0x42600000
           2786	      1389	00101188	0062f3d3	fadd.s	f7,f5,f6	  f5:0x00000042  f6:0x00000001  f7=0x00000000
           2788	      1390	0010118c	68c0f443	fmadd.s	f8,f1,f12,f13	  f1:0x00000034 f12:0x00000036 f13:0x00000034  f8=0x00000000
           2790	      1391	00101190	d074ae27	fsw	f7,-740(x9)	  f9:0x00102000  f7:0x00000064 PA:0x00101d1c store:0x4423de85 load:0x44c541f4
           2792	      1392	00101194	d1c4a487	flw	f9,-740(x9)	  f9:0x00102000  f9=0x00000000 PA:0x00101d1c store:0x3f7d1f60
           2794	      1393	00101198	d1842507	flw	f10,-744(x8)	  f8:0x00102000 f10=0x00000000 PA:0x00101d18 store:0x00000000
           2796	      1394	0010119c	d0892a27	fsw	f8,-748(x18)	 f18:0x00102000  f8:0x00102000 PA:0x00101d14 store:0x44cc4d74 load:0x3f7d1f60
           2798	      1395	001011a0	00a4f853	fadd.s	f16,f9,f10	  f9:0x00102000 f10:0x00000004 f16=0x00000000
           2800	      1396	001011a4	d104ae27	fsw	f16,-740(x9)	  f9:0x00102000 f16:0x00000037 PA:0x00101d1c store:0x44241dcd load:0x3f7d1f60
           2808	      1400	001011a8	ee7a14e3	bne	x20,x7,101090	 x20:0x0000003a  x7:0x00000064
           2810	      1401	00101090	d1842a07	flw	f20,-744(x8)	  f8:0x00102000 f20=0x00000000 PA:0x00101d18 store:0x00000000
           2812	      1402	00101094	d00a7ad3	fcvt.s.w	f21,x20	 x20:0x0000003a f21=0x00000000
           2814	      1403	00101098	d1492e07	flw	f28,-748(x18)	 f18:0x00102000 f28=0x00000000 PA:0x00101d14 store:0x3f7d1f60
           2816	      1404	0010109c	001a0093	addi	x1,x20,1	 x20:0x0000003a  x1=0x0000003b
           2818	      1405	001010a0	d1c4ae87	flw	f29,-740(x9)	  f9:0x00102000 f29=0x00000000 PA:0x00101d1c store:0x44cc4d74
           2820	      1406	001010a4	e14aff43	fmadd.s	f30,f21,f20,f28	 f21:0x00000000 f20:0x0000003a f28:0x00000000 f30=0x00000000
           2822	      1407	001010a8	d1842f87	flw	f31,-744(x8)	  f8:0x00102000 f31=0x00000000 PA:0x00101d18 store:0x00000000
           2824	      1408	001010ac	d000f053	fcvt.s.w	f0,x1	  x1:0x0000003b  f0=0x00000000
           2826	      1409	001010b0	d1842087	flw	f1,-744(x8)	  f8:0x00102000  f1=0x00000000 PA:0x00101d18 store:0x00000000
           2828	      1410	001010b4	01fef153	fadd.s	f2,f29,f31	 f29:0x00000030 f31:0xb4000000  f2=0x00000000
           2830	      1411	001010b8	d1e92a27	fsw	f30,-748(x18)	 f18:0x00102000 f30:0x00020000 PA:0x00101d14 store:0x44d37897 load:0x3f7d1f60
           2832	      1412	001010bc	d1492707	flw	f14,-748(x18)	 f18:0x00102000 f14=0x00000000 PA:0x00101d14 store:0x3f7d1f60
           2834	      1413	001010c0	002a0593	addi	x11,x20,2	 x20:0x0000003a x11=0x0000003c
           2836	      1414	001010c4	d005f7d3	fcvt.s.w	f15,x11	 x11:0x0000003c f15=0x00000000
           2838	      1415	001010c8	701071c3	fmadd.s	f3,f0,f1,f14	  f0:0x00000000  f1:0x0000003b f14:0x00000000  f3=0x00000000
           2840	      1416	001010cc	d024ae27	fsw	f2,-740(x9)	  f9:0x00102000  f2:0x00137fa0 PA:0x00101d1c store:0x44245d15 load:0x44d37897
           2842	      1417	001010d0	d1c4a207	flw	f4,-740(x9)	  f9:0x00102000  f4=0x00000000 PA:0x00101d1c store:0x44cc4d74
           2844	      1418	001010d4	d1842587	flw	f11,-744(x8)	  f8:0x00102000 f11=0x00000000 PA:0x00101d18 store:0x00000000
           2846	      1419	001010d8	d1842607	flw	f12,-744(x8)	  f8:0x00102000 f12=0x00000000 PA:0x00101d18 store:0x00000000
           2848	      1420	001010dc	d0392a27	fsw	f3,-748(x18)	 f18:0x00102000  f3:0x00000000 PA:0x00101d14 store:0x44dac35e load:0x3f7d1f60
           2850	      1421	001010e0	d1492287	flw	f5,-748(x18)	 f18:0x00102000  f5=0x00000000 PA:0x00101d14 store:0x3f7d1f60
           2852	      1422	001010e4	00b276d3	fadd.s	f13,f4,f11	  f4:0x00000000 f11:0x0000003c f13=0x00000000
           2854	      1423	001010e8	003a0613	addi	x12,x20,3	 x20:0x0000003a x12=0x0000003d
           2856	      1424	001010ec	28c7f343	fmadd.s	f6,f15,f12,f5	 f15:0x0000000b f12:0x0000003d  f5:0x0000000b  f6=0x00000000
           2858	      1425	001010f0	d00673d3	fcvt.s.w	f7,x12	 x12:0x0000003d  f7=0x00000000
           2860	      1426	001010f4	004a0813	addi	x16,x20,4	 x20:0x0000003a x16=0x0000003e
           2862	      1427	001010f8	d0d4ae27	fsw	f13,-740(x9)	  f9:0x00102000 f13:0x0000000d PA:0x00101d1c store:0x44249c5d load:0x44dac35e
           2864	      1428	001010fc	d1c4a407	flw	f8,-740(x9)	  f9:0x00102000  f8=0x00000000 PA:0x00101d1c store:0x44cc4d74
           2866	      1429	00101100	d0692a27	fsw	f6,-748(x18)	 f18:0x00102000  f6:0x00000001 PA:0x00101d14 store:0x44e22dc9 load:0x44249c5d
           2868	      1430	00101104	d1842487	flw	f9,-744(x8)	  f8:0x00102000  f9=0x00000000 PA:0x00101d18 store:0x00000000
           2870	      1431	00101108	d1842507	flw	f10,-744(x8)	  f8:0x00102000 f10=0x00000000 PA:0x00101d18 store:0x00000000
           2872	      1432	0010110c	d1492807	flw	f16,-748(x18)	 f18:0x00102000 f16=0x00000000 PA:0x00101d14 store:0x3f7d1f60
           2874	      1433	00101110	009478d3	fadd.s	f17,f8,f9	  f8:0x00102000  f9:0x00102000 f17=0x00000000
           2876	      1434	00101114	d0087953	fcvt.s.w	f18,x16	 x16:0x0000003e f18=0x00000000
           2878	      1435	00101118	80a3f9c3	fmadd.s	f19,f7,f10,f16	  f7:0x00000064 f10:0x00000004 f16:0x00000064 f19=0x00000000
           2880	      1436	0010111c	005a0893	addi	x17,x20,5	 x20:0x0000003a x17=0x0000003f
           2882	      1437	00101120	d008fa53	fcvt.s.w	f20,x17	 x17:0x0000003f f20=0x00000000
           2884	      1438	00101124	d114ae27	fsw	f17,-740(x9)	  f9:0x00102000 f17:0x0000003f PA:0x00101d1c store:0x4424dba5 load:0x44e22dc9
           2886	      1439	00101128	d1c4aa87	flw	f21,-740(x9)	  f9:0x00102000 f21=0x00000000 PA:0x00101d1c store:0x44cc4d74
           2888	      1440	0010112c	d1392a27	fsw	f19,-748(x18)	 f18:0x00102000 f19:0x00000039 PA:0x00101d14 store:0x44e9b7d8 load:0x4424dba5
           2890	      1441	00101130	d1842e07	flw	f28,-744(x8)	  f8:0x00102000 f28=0x00000000 PA:0x00101d18 store:0x00000000
           2892	      1442	00101134	d1842e87	flw	f29,-744(x8)	  f8:0x00102000 f29=0x00000000 PA:0x00101d18 store:0x00000000
           2894	      1443	00101138	d1492f07	flw	f30,-748(x18)	 f18:0x00102000 f30=0x00000000 PA:0x00101d14 store:0x427c0000
           2896	      1444	0010113c	01caffd3	fadd.s	f31,f21,f28	 f21:0x00000000 f28:0x00020000 f31=0x00000000
           2898	      1445	00101140	006a0993	addi	x19,x20,6	 x20:0x0000003a x19=0x00000040
           2900	      1446	00101144	f1d97043	fmadd.s	f0,f18,f29,f30	 f18:0x00102000 f29:0x00000030 f30:0x00102000  f0=0x00000000
           2902	      1447	00101148	d009f0d3	fcvt.s.w	f1,x19	 x19:0x00000040  f1=0x00000000
           2904	      1448	0010114c	007a0a13	addi	x20,x20,7	 x20:0x0000003a x20=0x00000041
           2906	      1449	00101150	d1f4ae27	fsw	f31,-740(x9)	  f9:0x00102000 f31:0xb4000000 PA:0x00101d1c store:0x44251aed load:0x44e9b7d8
           2908	      1450	00101154	d1c4a107	flw	f2,-740(x9)	  f9:0x00102000  f2=0x00000000 PA:0x00101d1c store:0x3f7d1f60
           2910	      1451	00101158	d0092a27	fsw	f0,-748(x18)	 f18:0x00102000  f0:0x00000000 PA:0x00101d14 store:0x44f1618b load:0x44251aed
           2912	      1452	0010115c	d1842707	flw	f14,-744(x8)	  f8:0x00102000 f14=0x00000000 PA:0x00101d18 store:0x00000000
           2914	      1453	00101160	d1842787	flw	f15,-744(x8)	  f8:0x00102000 f15=0x00000000 PA:0x00101d18 store:0x00000000
           2916	      1454	00101164	d1492187	flw	f3,-748(x18)	 f18:0x00102000  f3=0x00000000 PA:0x00101d14 store:0x427c0000
           2918	      1455	00101168	00e17253	fadd.s	f4,f2,f14	  f2:0x00137fa0 f14:0x00000009  f4=0x00000000
           2920	      1456	0010116c	18fa75c3	fmadd.s	f11,f20,f15,f3	 f20:0x00000041 f15:0x0000000b  f3:0x00000041 f11=0x00000000
           2922	      1457	00101170	d044ae27	fsw	f4,-740(x9)	  f9:0x00102000  f4:0x00000000 PA:0x00101d1c store:0x44255a35 load:0x44f1618b
           2924	      1458	00101174	d0b92a27	fsw	f11,-748(x18)	 f18:0x00102000 f11:0x0000003c PA:0x00101d14 store:0x44f92ae2 load:0x44f1618b
           2926	      1459	00101178	d1c4a287	flw	f5,-740(x9)	  f9:0x00102000  f5=0x00000000 PA:0x00101d1c store:0x3f7d1f60
           2928	      1460	0010117c	d1842307	flw	f6,-744(x8)	  f8:0x00102000  f6=0x00000000 PA:0x00101d18 store:0x00000000
           2930	      1461	00101180	d1842607	flw	f12,-744(x8)	  f8:0x00102000 f12=0x00000000 PA:0x00101d18 store:0x00000000
           2932	      1462	00101184	d1492687	flw	f13,-748(x18)	 f18:0x00102000 f13=0x00000000 PA:0x00101d14 store:0x427c0000
           2934	      1463	00101188	0062f3d3	fadd.s	f7,f5,f6	  f5:0x00000042  f6:0x00000001  f7=0x00000000
           2936	      1464	0010118c	68c0f443	fmadd.s	f8,f1,f12,f13	  f1:0x0000003b f12:0x0000003d f13:0x0000003b  f8=0x00000000
           2938	      1465	00101190	d074ae27	fsw	f7,-740(x9)	  f9:0x00102000  f7:0x00000064 PA:0x00101d1c store:0x4425997d load:0x44f92ae2
           2940	      1466	00101194	d1c4a487	flw	f9,-740(x9)	  f9:0x00102000  f9=0x00000000 PA:0x00101d1c store:0x3f7d1f60
           2942	      1467	00101198	d1842507	flw	f10,-744(x8)	  f8:0x00102000 f10=0x00000000 PA:0x00101d18 store:0x00000000
           2944	      1468	0010119c	d0892a27	fsw	f8,-748(x18)	 f18:0x00102000  f8:0x00102000 PA:0x00101d14 store:0x450089ee load:0x3f7d1f60
           2946	      1469	001011a0	00a4f853	fadd.s	f16,f9,f10	  f9:0x00102000 f10:0x00000004 f16=0x00000000
           2948	      1470	001011a4	d104ae27	fsw	f16,-740(x9)	  f9:0x00102000 f16:0x0000003e PA:0x00101d1c store:0x4425d8c5 load:0x3f7d1f60
           2956	      1474	001011a8	ee7a14e3	bne	x20,x7,101090	 x20:0x00000041  x7:0x00000064
           2958	      1475	00101090	d1842a07	flw	f20,-744(x8)	  f8:0x00102000 f20=0x00000000 PA:0x00101d18 store:0x00000000
           2960	      1476	00101094	d00a7ad3	fcvt.s.w	f21,x20	 x20:0x00000041 f21=0x00000000
           2962	      1477	00101098	d1492e07	flw	f28,-748(x18)	 f18:0x00102000 f28=0x00000000 PA:0x00101d14 store:0x3f7d1f60
           2964	      1478	0010109c	001a0093	addi	x1,x20,1	 x20:0x00000041  x1=0x00000042
           2966	      1479	001010a0	d1c4ae87	flw	f29,-740(x9)	  f9:0x00102000 f29=0x00000000 PA:0x00101d1c store:0x450089ee
           2968	      1480	001010a4	e14aff43	fmadd.s	f30,f21,f20,f28	 f21:0x00000000 f20:0x00000041 f28:0x00000000 f30=0x00000000
           2970	      1481	001010a8	d1842f87	flw	f31,-744(x8)	  f8:0x00102000 f31=0x00000000 PA:0x00101d18 store:0x00000000
           2972	      1482	001010ac	d000f053	fcvt.s.w	f0,x1	  x1:0x00000042  f0=0x00000000
           2974	      1483	001010b0	d1842087	flw	f1,-744(x8)	  f8:0x00102000  f1=0x00000000 PA:0x00101d18 store:0x00000000
           2976	      1484	001010b4	01fef153	fadd.s	f2,f29,f31	 f29:0x00000030 f31:0xb4000000  f2=0x00000000
           2978	      1485	001010b8	d1e92a27	fsw	f30,-748(x18)	 f18:0x00102000 f30:0x00020000 PA:0x00101d14 store:0x45048e3d load:0x3f7d1f60
           2980	      1486	001010bc	d1492707	flw	f14,-748(x18)	 f18:0x00102000 f14=0x00000000 PA:0x00101d14 store:0x3f7d1f60
           2982	      1487	001010c0	002a0593	addi	x11,x20,2	 x20:0x00000041 x11=0x00000043
           2984	      1488	001010c4	d005f7d3	fcvt.s.w	f15,x11	 x11:0x00000043 f15=0x00000000
           2986	      1489	001010c8	701071c3	fmadd.s	f3,f0,f1,f14	  f0:0x00000000  f1:0x00000042 f14:0x00000000  f3=0x00000000
           2988	      1490	001010cc	d024ae27	fsw	f2,-740(x9)	  f9:0x00102000  f2:0x00137fa0 PA:0x00101d1c store:0x4426180d load:0x45048e3d
           2990	      1491	001010d0	d1c4a207	flw	f4,-740(x9)	  f9:0x00102000  f4=0x00000000 PA:0x00101d1c store:0x450089ee
           2992	      1492	001010d4	d1842587	flw	f11,-744(x8)	  f8:0x00102000 f11=0x00000000 PA:0x00101d18 store:0x00000000
           2994	      1493	001010d8	d1842607	flw	f12,-744(x8)	  f8:0x00102000 f12=0x00000000 PA:0x00101d18 store:0x00000000
           2996	      1494	001010dc	d0392a27	fsw	f3,-748(x18)	 f18:0x00102000  f3:0x00000000 PA:0x00101d14 store:0x4508a25e load:0x3f7d1f60
           2998	      1495	001010e0	d1492287	flw	f5,-748(x18)	 f18:0x00102000  f5=0x00000000 PA:0x00101d14 store:0x3f7d1f60
           3000	      1496	001010e4	00b276d3	fadd.s	f13,f4,f11	  f4:0x00000000 f11:0x00000043 f13=0x00000000
           3002	      1497	001010e8	003a0613	addi	x12,x20,3	 x20:0x00000041 x12=0x00000044
           3004	      1498	001010ec	28c7f343	fmadd.s	f6,f15,f12,f5	 f15:0x0000000b f12:0x00000044  f5:0x0000000b  f6=0x00000000
           3006	      1499	001010f0	d00673d3	fcvt.s.w	f7,x12	 x12:0x00000044  f7=0x00000000
           3008	      1500	001010f4	004a0813	addi	x16,x20,4	 x20:0x00000041 x16=0x00000045
           3010	      1501	001010f8	d0d4ae27	fsw	f13,-740(x9)	  f9:0x00102000 f13:0x0000000d PA:0x00101d1c store:0x44265755 load:0x4508a25e
           3012	      1502	001010fc	d1c4a407	flw	f8,-740(x9)	  f9:0x00102000  f8=0x00000000 PA:0x00101d1c store:0x450089ee
           3014	      1503	00101100	d0692a27	fsw	f6,-748(x18)	 f18:0x00102000  f6:0x00000001 PA:0x00101d14 store:0x450cc651 load:0x44265755
           3016	      1504	00101104	d1842487	flw	f9,-744(x8)	  f8:0x00102000  f9=0x00000000 PA:0x00101d18 store:0x00000000
           3018	      1505	00101108	d1842507	flw	f10,-744(x8)	  f8:0x00102000 f10=0x00000000 PA:0x00101d18 store:0x00000000
           3020	      1506	0010110c	d1492807	flw	f16,-748(x18)	 f18:0x00102000 f16=0x00000000 PA:0x00101d14 store:0x3f7d1f60
           3022	      1507	00101110	009478d3	fadd.s	f17,f8,f9	  f8:0x00102000  f9:0x00102000 f17=0x00000000
           3024	      1508	00101114	d0087953	fcvt.s.w	f18,x16	 x16:0x00000045 f18=0x00000000
           3026	      1509	00101118	80a3f9c3	fmadd.s	f19,f7,f10,f16	  f7:0x00000064 f10:0x00000004 f16:0x00000064 f19=0x00000000
           3028	      1510	0010111c	005a0893	addi	x17,x20,5	 x20:0x00000041 x17=0x00000046
           3030	      1511	00101120	d008fa53	fcvt.s.w	f20,x17	 x17:0x00000046 f20=0x00000000
           3032	      1512	00101124	d114ae27	fsw	f17,-740(x9)	  f9:0x00102000 f17:0x00000046 PA:0x00101d1c store:0x4426969d load:0x450cc651
           3034	      1513	00101128	d1c4aa87	flw	f21,-740(x9)	  f9:0x00102000 f21=0x00000000 PA:0x00101d1c store:0x450089ee
           3036	      1514	0010112c	d1392a27	fsw	f19,-748(x18)	 f18:0x00102000 f19:0x00000040 PA:0x00101d14 store:0x4510fa16 load:0x4426969d
           3038	      1515	00101130	d1842e07	flw	f28,-744(x8)	  f8:0x00102000 f28=0x00000000 PA:0x00101d18 store:0x00000000
           3040	      1516	00101134	d1842e87	flw	f29,-744(x8)	  f8:0x00102000 f29=0x00000000 PA:0x00101d18 store:0x00000000
           3042	      1517	00101138	d1492f07	flw	f30,-748(x18)	 f18:0x00102000 f30=0x00000000 PA:0x00101d14 store:0x428c0000
           3044	      1518	0010113c	01caffd3	fadd.s	f31,f21,f28	 f21:0x00000000 f28:0x00020000 f31=0x00000000
           3046	      1519	00101140	006a0993	addi	x19,x20,6	 x20:0x00000041 x19=0x00000047
           3048	      1520	00101144	f1d97043	fmadd.s	f0,f18,f29,f30	 f18:0x00102000 f29:0x00000030 f30:0x00102000  f0=0x00000000
           3050	      1521	00101148	d009f0d3	fcvt.s.w	f1,x19	 x19:0x00000047  f1=0x00000000
           3052	      1522	0010114c	007a0a13	addi	x20,x20,7	 x20:0x00000041 x20=0x00000048
           3054	      1523	00101150	d1f4ae27	fsw	f31,-740(x9)	  f9:0x00102000 f31:0xb4000000 PA:0x00101d1c store:0x4426d5e5 load:0x4510fa16
           3056	      1524	00101154	d1c4a107	flw	f2,-740(x9)	  f9:0x00102000  f2=0x00000000 PA:0x00101d1c store:0x3f7d1f60
           3058	      1525	00101158	d0092a27	fsw	f0,-748(x18)	 f18:0x00102000  f0:0x00000000 PA:0x00101d14 store:0x45153dad load:0x4426d5e5
           3060	      1526	0010115c	d1842707	flw	f14,-744(x8)	  f8:0x00102000 f14=0x00000000 PA:0x00101d18 store:0x00000000
           3062	      1527	00101160	d1842787	flw	f15,-744(x8)	  f8:0x00102000 f15=0x00000000 PA:0x00101d18 store:0x00000000
           3064	      1528	00101164	d1492187	flw	f3,-748(x18)	 f18:0x00102000  f3=0x00000000 PA:0x00101d14 store:0x428c0000
           3066	      1529	00101168	00e17253	fadd.s	f4,f2,f14	  f2:0x00137fa0 f14:0x00000009  f4=0x00000000
           3068	      1530	0010116c	18fa75c3	fmadd.s	f11,f20,f15,f3	 f20:0x00000048 f15:0x0000000b  f3:0x00000048 f11=0x00000000
           3070	      1531	00101170	d044ae27	fsw	f4,-740(x9)	  f9:0x00102000  f4:0x00000000 PA:0x00101d1c store:0x4427152d load:0x45153dad
           3072	      1532	00101174	d0b92a27	fsw	f11,-748(x18)	 f18:0x00102000 f11:0x00000043 PA:0x00101d14 store:0x45199116 load:0x45153dad
           3074	      1533	00101178	d1c4a287	flw	f5,-740(x9)	  f9:0x00102000  f5=0x00000000 PA:0x00101d1c store:0x3f7d1f60
           3076	      1534	0010117c	d1842307	flw	f6,-744(x8)	  f8:0x00102000  f6=0x00000000 PA:0x00101d18 store:0x00000000
           3078	      1535	00101180	d1842607	flw	f12,-744(x8)	  f8:0x00102000 f12=0x00000000 PA:0x00101d18 store:0x00000000
           3080	      1536	00101184	d1492687	flw	f13,-748(x18)	 f18:0x00102000 f13=0x00000000 PA:0x00101d14 store:0x428c0000
           3082	      1537	00101188	0062f3d3	fadd.s	f7,f5,f6	  f5:0x00000042  f6:0x00000001  f7=0x00000000
           3084	      1538	0010118c	68c0f443	fmadd.s	f8,f1,f12,f13	  f1:0x00000042 f12:0x00000044 f13:0x00000042  f8=0x00000000
           3086	      1539	00101190	d074ae27	fsw	f7,-740(x9)	  f9:0x00102000  f7:0x00000064 PA:0x00101d1c store:0x44275475 load:0x45199116
           3088	      1540	00101194	d1c4a487	flw	f9,-740(x9)	  f9:0x00102000  f9=0x00000000 PA:0x00101d1c store:0x3f7d1f60
           3090	      1541	00101198	d1842507	flw	f10,-744(x8)	  f8:0x00102000 f10=0x00000000 PA:0x00101d18 store:0x00000000
           3092	      1542	0010119c	d0892a27	fsw	f8,-748(x18)	 f18:0x00102000  f8:0x00102000 PA:0x00101d14 store:0x451df451 load:0x3f7d1f60
           3094	      1543	001011a0	00a4f853	fadd.s	f16,f9,f10	  f9:0x00102000 f10:0x00000004 f16=0x00000000
           3096	      1544	001011a4	d104ae27	fsw	f16,-740(x9)	  f9:0x00102000 f16:0x00000045 PA:0x00101d1c store:0x442793bd load:0x3f7d1f60
           3104	      1548	001011a8	ee7a14e3	bne	x20,x7,101090	 x20:0x00000048  x7:0x00000064
           3106	      1549	00101090	d1842a07	flw	f20,-744(x8)	  f8:0x00102000 f20=0x00000000 PA:0x00101d18 store:0x00000000
           3108	      1550	00101094	d00a7ad3	fcvt.s.w	f21,x20	 x20:0x00000048 f21=0x00000000
           3110	      1551	00101098	d1492e07	flw	f28,-748(x18)	 f18:0x00102000 f28=0x00000000 PA:0x00101d14 store:0x3f7d1f60
           3112	      1552	0010109c	001a0093	addi	x1,x20,1	 x20:0x00000048  x1=0x00000049
           3114	      1553	001010a0	d1c4ae87	flw	f29,-740(x9)	  f9:0x00102000 f29=0x00000000 PA:0x00101d1c store:0x451df451
           3116	      1554	001010a4	e14aff43	fmadd.s	f30,f21,f20,f28	 f21:0x00000000 f20:0x00000048 f28:0x00000000 f30=0x00000000
           3118	      1555	001010a8	d1842f87	flw	f31,-744(x8)	  f8:0x00102000 f31=0x00000000 PA:0x00101d18 store:0x00000000
           3120	      1556	001010ac	d000f053	fcvt.s.w	f0,x1	  x1:0x00000049  f0=0x00000000
           3122	      1557	001010b0	d1842087	flw	f1,-744(x8)	  f8:0x00102000  f1=0x00000000 PA:0x00101d18 store:0x00000000
           3124	      1558	001010b4	01fef153	fadd.s	f2,f29,f31	 f29:0x00000030 f31:0xb4000000  f2=0x00000000
           3126	      1559	001010b8	d1e92a27	fsw	f30,-748(x18)	 f18:0x00102000 f30:0x00020000 PA:0x00101d14 store:0x4522675e load:0x3f7d1f60
           3128	      1560	001010bc	d1492707	flw	f14,-748(x18)	 f18:0x00102000 f14=0x00000000 PA:0x00101d14 store:0x3f7d1f60
           3130	      1561	001010c0	002a0593	addi	x11,x20,2	 x20:0x00000048 x11=0x0000004a
           3132	      1562	001010c4	d005f7d3	fcvt.s.w	f15,x11	 x11:0x0000004a f15=0x00000000
           3134	      1563	001010c8	701071c3	fmadd.s	f3,f0,f1,f14	  f0:0x00000000  f1:0x00000049 f14:0x00000000  f3=0x00000000
           3136	      1564	001010cc	d024ae27	fsw	f2,-740(x9)	  f9:0x00102000  f2:0x00137fa0 PA:0x00101d1c store:0x4427d305 load:0x4522675e
           3138	      1565	001010d0	d1c4a207	flw	f4,-740(x9)	  f9:0x00102000  f4=0x00000000 PA:0x00101d1c store:0x451df451
           3140	      1566	001010d4	d1842587	flw	f11,-744(x8)	  f8:0x00102000 f11=0x00000000 PA:0x00101d18 store:0x00000000
           3142	      1567	001010d8	d1842607	flw	f12,-744(x8)	  f8:0x00102000 f12=0x00000000 PA:0x00101d18 store:0x00000000
           3144	      1568	001010dc	d0392a27	fsw	f3,-748(x18)	 f18:0x00102000  f3:0x00000000 PA:0x00101d14 store:0x4526ea3d load:0x3f7d1f60
           3146	      1569	001010e0	d1492287	flw	f5,-748(x18)	 f18:0x00102000  f5=0x00000000 PA:0x00101d14 store:0x3f7d1f60
           3148	      1570	001010e4	00b276d3	fadd.s	f13,f4,f11	  f4:0x00000000 f11:0x0000004a f13=0x00000000
           3150	      1571	001010e8	003a0613	addi	x12,x20,3	 x20:0x00000048 x12=0x0000004b
           3152	      1572	001010ec	28c7f343	fmadd.s	f6,f15,f12,f5	 f15:0x0000000b f12:0x0000004b  f5:0x0000000b  f6=0x00000000
           3154	      1573	001010f0	d00673d3	fcvt.s.w	f7,x12	 x12:0x0000004b  f7=0x00000000
           3156	      1574	001010f4	004a0813	addi	x16,x20,4	 x20:0x00000048 x16=0x0000004c
           3158	      1575	001010f8	d0d4ae27	fsw	f13,-740(x9)	  f9:0x00102000 f13:0x0000000d PA:0x00101d1c store:0x4428124d load:0x4526ea3d
           3160	      1576	001010fc	d1c4a407	flw	f8,-740(x9)	  f9:0x00102000  f8=0x00000000 PA:0x00101d1c store:0x451df451
           3162	      1577	00101100	d0692a27	fsw	f6,-748(x18)	 f18:0x00102000  f6:0x00000001 PA:0x00101d14 store:0x452b7cee load:0x4428124d
           3164	      1578	00101104	d1842487	flw	f9,-744(x8)	  f8:0x00102000  f9=0x00000000 PA:0x00101d18 store:0x00000000
           3166	      1579	00101108	d1842507	flw	f10,-744(x8)	  f8:0x00102000 f10=0x00000000 PA:0x00101d18 store:0x00000000
           3168	      1580	0010110c	d1492807	flw	f16,-748(x18)	 f18:0x00102000 f16=0x00000000 PA:0x00101d14 store:0x3f7d1f60
           3170	      1581	00101110	009478d3	fadd.s	f17,f8,f9	  f8:0x00102000  f9:0x00102000 f17=0x00000000
           3172	      1582	00101114	d0087953	fcvt.s.w	f18,x16	 x16:0x0000004c f18=0x00000000
           3174	      1583	00101118	80a3f9c3	fmadd.s	f19,f7,f10,f16	  f7:0x00000064 f10:0x00000004 f16:0x00000064 f19=0x00000000
           3176	      1584	0010111c	005a0893	addi	x17,x20,5	 x20:0x00000048 x17=0x0000004d
           3178	      1585	00101120	d008fa53	fcvt.s.w	f20,x17	 x17:0x0000004d f20=0x00000000
           3180	      1586	00101124	d114ae27	fsw	f17,-740(x9)	  f9:0x00102000 f17:0x0000004d PA:0x00101d1c store:0x44285195 load:0x452b7cee
           3182	      1587	00101128	d1c4aa87	flw	f21,-740(x9)	  f9:0x00102000 f21=0x00000000 PA:0x00101d1c store:0x451df451
           3184	      1588	0010112c	d1392a27	fsw	f19,-748(x18)	 f18:0x00102000 f19:0x00000047 PA:0x00101d14 store:0x45301f71 load:0x44285195
           3186	      1589	00101130	d1842e07	flw	f28,-744(x8)	  f8:0x00102000 f28=0x00000000 PA:0x00101d18 store:0x00000000
           3188	      1590	00101134	d1842e87	flw	f29,-744(x8)	  f8:0x00102000 f29=0x00000000 PA:0x00101d18 store:0x00000000
           3190	      1591	00101138	d1492f07	flw	f30,-748(x18)	 f18:0x00102000 f30=0x00000000 PA:0x00101d14 store:0x429a0000
           3192	      1592	0010113c	01caffd3	fadd.s	f31,f21,f28	 f21:0x00000000 f28:0x00020000 f31=0x00000000
           3194	      1593	00101140	006a0993	addi	x19,x20,6	 x20:0x00000048 x19=0x0000004e
           3196	      1594	00101144	f1d97043	fmadd.s	f0,f18,f29,f30	 f18:0x00102000 f29:0x00000030 f30:0x00102000  f0=0x00000000
           3198	      1595	00101148	d009f0d3	fcvt.s.w	f1,x19	 x19:0x0000004e  f1=0x00000000
           3200	      1596	0010114c	007a0a13	addi	x20,x20,7	 x20:0x00000048 x20=0x0000004f
           3202	      1597	00101150	d1f4ae27	fsw	f31,-740(x9)	  f9:0x00102000 f31:0xb4000000 PA:0x00101d1c store:0x442890dd load:0x45301f71
           3204	      1598	00101154	d1c4a107	flw	f2,-740(x9)	  f9:0x00102000  f2=0x00000000 PA:0x00101d1c store:0x3f7d1f60
           3206	      1599	00101158	d0092a27	fsw	f0,-748(x18)	 f18:0x00102000  f0:0x00000000 PA:0x00101d14 store:0x4534d1c6 load:0x442890dd
           3208	      1600	0010115c	d1842707	flw	f14,-744(x8)	  f8:0x00102000 f14=0x00000000 PA:0x00101d18 store:0x00000000
           3210	      1601	00101160	d1842787	flw	f15,-744(x8)	  f8:0x00102000 f15=0x00000000 PA:0x00101d18 store:0x00000000
           3212	      1602	00101164	d1492187	flw	f3,-748(x18)	 f18:0x00102000  f3=0x00000000 PA:0x00101d14 store:0x429a0000
           3214	      1603	00101168	00e17253	fadd.s	f4,f2,f14	  f2:0x00137fa0 f14:0x00000009  f4=0x00000000
           3216	      1604	0010116c	18fa75c3	fmadd.s	f11,f20,f15,f3	 f20:0x0000004f f15:0x0000000b  f3:0x0000004f f11=0x00000000
           3218	      1605	00101170	d044ae27	fsw	f4,-740(x9)	  f9:0x00102000  f4:0x00000000 PA:0x00101d1c store:0x4428d025 load:0x4534d1c6
           3220	      1606	00101174	d0b92a27	fsw	f11,-748(x18)	 f18:0x00102000 f11:0x0000004a PA:0x00101d14 store:0x453993ed load:0x4534d1c6
           3222	      1607	00101178	d1c4a287	flw	f5,-740(x9)	  f9:0x00102000  f5=0x00000000 PA:0x00101d1c store:0x3f7d1f60
           3224	      1608	0010117c	d1842307	flw	f6,-744(x8)	  f8:0x00102000  f6=0x00000000 PA:0x00101d18 store:0x00000000
           3226	      1609	00101180	d1842607	flw	f12,-744(x8)	  f8:0x00102000 f12=0x00000000 PA:0x00101d18 store:0x00000000
           3228	      1610	00101184	d1492687	flw	f13,-748(x18)	 f18:0x00102000 f13=0x00000000 PA:0x00101d14 store:0x429a0000
           3230	      1611	00101188	0062f3d3	fadd.s	f7,f5,f6	  f5:0x00000042  f6:0x00000001  f7=0x00000000
           3232	      1612	0010118c	68c0f443	fmadd.s	f8,f1,f12,f13	  f1:0x00000049 f12:0x0000004b f13:0x00000049  f8=0x00000000
           3234	      1613	00101190	d074ae27	fsw	f7,-740(x9)	  f9:0x00102000  f7:0x00000064 PA:0x00101d1c store:0x44290f6d load:0x453993ed
           3236	      1614	00101194	d1c4a487	flw	f9,-740(x9)	  f9:0x00102000  f9=0x00000000 PA:0x00101d1c store:0x3f7d1f60
           3238	      1615	00101198	d1842507	flw	f10,-744(x8)	  f8:0x00102000 f10=0x00000000 PA:0x00101d18 store:0x00000000
           3240	      1616	0010119c	d0892a27	fsw	f8,-748(x18)	 f18:0x00102000  f8:0x00102000 PA:0x00101d14 store:0x453e65e6 load:0x3f7d1f60
           3242	      1617	001011a0	00a4f853	fadd.s	f16,f9,f10	  f9:0x00102000 f10:0x00000004 f16=0x00000000
           3244	      1618	001011a4	d104ae27	fsw	f16,-740(x9)	  f9:0x00102000 f16:0x0000004c PA:0x00101d1c store:0x44294eb5 load:0x3f7d1f60
           3252	      1622	001011a8	ee7a14e3	bne	x20,x7,101090	 x20:0x0000004f  x7:0x00000064
           3254	      1623	00101090	d1842a07	flw	f20,-744(x8)	  f8:0x00102000 f20=0x00000000 PA:0x00101d18 store:0x00000000
           3256	      1624	00101094	d00a7ad3	fcvt.s.w	f21,x20	 x20:0x0000004f f21=0x00000000
           3258	      1625	00101098	d1492e07	flw	f28,-748(x18)	 f18:0x00102000 f28=0x00000000 PA:0x00101d14 store:0x3f7d1f60
           3260	      1626	0010109c	001a0093	addi	x1,x20,1	 x20:0x0000004f  x1=0x00000050
           3262	      1627	001010a0	d1c4ae87	flw	f29,-740(x9)	  f9:0x00102000 f29=0x00000000 PA:0x00101d1c store:0x453e65e6
           3264	      1628	001010a4	e14aff43	fmadd.s	f30,f21,f20,f28	 f21:0x00000000 f20:0x0000004f f28:0x00000000 f30=0x00000000
           3266	      1629	001010a8	d1842f87	flw	f31,-744(x8)	  f8:0x00102000 f31=0x00000000 PA:0x00101d18 store:0x00000000
           3268	      1630	001010ac	d000f053	fcvt.s.w	f0,x1	  x1:0x00000050  f0=0x00000000
           3270	      1631	001010b0	d1842087	flw	f1,-744(x8)	  f8:0x00102000  f1=0x00000000 PA:0x00101d18 store:0x00000000
           3272	      1632	001010b4	01fef153	fadd.s	f2,f29,f31	 f29:0x00000030 f31:0xb4000000  f2=0x00000000
           3274	      1633	001010b8	d1e92a27	fsw	f30,-748(x18)	 f18:0x00102000 f30:0x00020000 PA:0x00101d14 store:0x454347b1 load:0x3f7d1f60
           3276	      1634	001010bc	d1492707	flw	f14,-748(x18)	 f18:0x00102000 f14=0x00000000 PA:0x00101d14 store:0x3f7d1f60
           3278	      1635	001010c0	002a0593	addi	x11,x20,2	 x20:0x0000004f x11=0x00000051
           3280	      1636	001010c4	d005f7d3	fcvt.s.w	f15,x11	 x11:0x00000051 f15=0x00000000
           3282	      1637	001010c8	701071c3	fmadd.s	f3,f0,f1,f14	  f0:0x00000000  f1:0x00000050 f14:0x00000000  f3=0x00000000
           3284	      1638	001010cc	d024ae27	fsw	f2,-740(x9)	  f9:0x00102000  f2:0x00137fa0 PA:0x00101d1c store:0x44298dfd load:0x454347b1
           3286	      1639	001010d0	d1c4a207	flw	f4,-740(x9)	  f9:0x00102000  f4=0x00000000 PA:0x00101d1c store:0x453e65e6
           3288	      1640	001010d4	d1842587	flw	f11,-744(x8)	  f8:0x00102000 f11=0x00000000 PA:0x00101d18 store:0x00000000
           3290	      1641	001010d8	d1842607	flw	f12,-744(x8)	  f8:0x00102000 f12=0x00000000 PA:0x00101d18 store:0x00000000
           3292	      1642	001010dc	d0392a27	fsw	f3,-748(x18)	 f18:0x00102000  f3:0x00000000 PA:0x00101d14 store:0x4548394e load:0x3f7d1f60
           3294	      1643	001010e0	d1492287	flw	f5,-748(x18)	 f18:0x00102000  f5=0x00000000 PA:0x00101d14 store:0x3f7d1f60
           3296	      1644	001010e4	00b276d3	fadd.s	f13,f4,f11	  f4:0x00000000 f11:0x00000051 f13=0x00000000
           3298	      1645	001010e8	003a0613	addi	x12,x20,3	 x20:0x0000004f x12=0x00000052
           3300	      1646	001010ec	28c7f343	fmadd.s	f6,f15,f12,f5	 f15:0x0000000b f12:0x00000052  f5:0x0000000b  f6=0x00000000
           3302	      1647	001010f0	d00673d3	fcvt.s.w	f7,x12	 x12:0x00000052  f7=0x00000000
           3304	      1648	001010f4	004a0813	addi	x16,x20,4	 x20:0x0000004f x16=0x00000053
           3306	      1649	001010f8	d0d4ae27	fsw	f13,-740(x9)	  f9:0x00102000 f13:0x0000000d PA:0x00101d1c store:0x4429cd45 load:0x4548394e
           3308	      1650	001010fc	d1c4a407	flw	f8,-740(x9)	  f9:0x00102000  f8=0x00000000 PA:0x00101d1c store:0x453e65e6
           3310	      1651	00101100	d0692a27	fsw	f6,-748(x18)	 f18:0x00102000  f6:0x00000001 PA:0x00101d14 store:0x454d3abd load:0x4429cd45
           3312	      1652	00101104	d1842487	flw	f9,-744(x8)	  f8:0x00102000  f9=0x00000000 PA:0x00101d18 store:0x00000000
           3314	      1653	00101108	d1842507	flw	f10,-744(x8)	  f8:0x00102000 f10=0x00000000 PA:0x00101d18 store:0x00000000
           3316	      1654	0010110c	d1492807	flw	f16,-748(x18)	 f18:0x00102000 f16=0x00000000 PA:0x00101d14 store:0x3f7d1f60
           3318	      1655	00101110	009478d3	fadd.s	f17,f8,f9	  f8:0x00102000  f9:0x00102000 f17=0x00000000
           3320	      1656	00101114	d0087953	fcvt.s.w	f18,x16	 x16:0x00000053 f18=0x00000000
           3322	      1657	00101118	80a3f9c3	fmadd.s	f19,f7,f10,f16	  f7:0x00000064 f10:0x00000004 f16:0x00000064 f19=0x00000000
           3324	      1658	0010111c	005a0893	addi	x17,x20,5	 x20:0x0000004f x17=0x00000054
           3326	      1659	00101120	d008fa53	fcvt.s.w	f20,x17	 x17:0x00000054 f20=0x00000000
           3328	      1660	00101124	d114ae27	fsw	f17,-740(x9)	  f9:0x00102000 f17:0x00000054 PA:0x00101d1c store:0x442a0c8d load:0x454d3abd
           3330	      1661	00101128	d1c4aa87	flw	f21,-740(x9)	  f9:0x00102000 f21=0x00000000 PA:0x00101d1c store:0x453e65e6
           3332	      1662	0010112c	d1392a27	fsw	f19,-748(x18)	 f18:0x00102000 f19:0x0000004e PA:0x00101d14 store:0x45524bfe load:0x442a0c8d
           3334	      1663	00101130	d1842e07	flw	f28,-744(x8)	  f8:0x00102000 f28=0x00000000 PA:0x00101d18 store:0x00000000
           3336	      1664	00101134	d1842e87	flw	f29,-744(x8)	  f8:0x00102000 f29=0x00000000 PA:0x00101d18 store:0x00000000
           3338	      1665	00101138	d1492f07	flw	f30,-748(x18)	 f18:0x00102000 f30=0x00000000 PA:0x00101d14 store:0x42a80000
           3340	      1666	0010113c	01caffd3	fadd.s	f31,f21,f28	 f21:0x00000000 f28:0x00020000 f31=0x00000000
           3342	      1667	00101140	006a0993	addi	x19,x20,6	 x20:0x0000004f x19=0x00000055
           3344	      1668	00101144	f1d97043	fmadd.s	f0,f18,f29,f30	 f18:0x00102000 f29:0x00000030 f30:0x00102000  f0=0x00000000
           3346	      1669	00101148	d009f0d3	fcvt.s.w	f1,x19	 x19:0x00000055  f1=0x00000000
           3348	      1670	0010114c	007a0a13	addi	x20,x20,7	 x20:0x0000004f x20=0x00000056
           3350	      1671	00101150	d1f4ae27	fsw	f31,-740(x9)	  f9:0x00102000 f31:0xb4000000 PA:0x00101d1c store:0x442a4bd5 load:0x45524bfe
           3352	      1672	00101154	d1c4a107	flw	f2,-740(x9)	  f9:0x00102000  f2=0x00000000 PA:0x00101d1c store:0x3f7d1f60
           3354	      1673	00101158	d0092a27	fsw	f0,-748(x18)	 f18:0x00102000  f0:0x00000000 PA:0x00101d14 store:0x45576d11 load:0x442a4bd5
           3356	      1674	0010115c	d1842707	flw	f14,-744(x8)	  f8:0x00102000 f14=0x00000000 PA:0x00101d18 store:0x00000000
           3358	      1675	00101160	d1842787	flw	f15,-744(x8)	  f8:0x00102000 f15=0x00000000 PA:0x00101d18 store:0x00000000
           3360	      1676	00101164	d1492187	flw	f3,-748(x18)	 f18:0x00102000  f3=0x00000000 PA:0x00101d14 store:0x42a80000
           3362	      1677	00101168	00e17253	fadd.s	f4,f2,f14	  f2:0x00137fa0 f14:0x00000009  f4=0x00000000
           3364	      1678	0010116c	18fa75c3	fmadd.s	f11,f20,f15,f3	 f20:0x00000056 f15:0x0000000b  f3:0x00000056 f11=0x00000000
           3366	      1679	00101170	d044ae27	fsw	f4,-740(x9)	  f9:0x00102000  f4:0x00000000 PA:0x00101d1c store:0x442a8b1d load:0x45576d11
           3368	      1680	00101174	d0b92a27	fsw	f11,-748(x18)	 f18:0x00102000 f11:0x00000051 PA:0x00101d14 store:0x455c9df6 load:0x45576d11
           3370	      1681	00101178	d1c4a287	flw	f5,-740(x9)	  f9:0x00102000  f5=0x00000000 PA:0x00101d1c store:0x3f7d1f60
           3372	      1682	0010117c	d1842307	flw	f6,-744(x8)	  f8:0x00102000  f6=0x00000000 PA:0x00101d18 store:0x00000000
           3374	      1683	00101180	d1842607	flw	f12,-744(x8)	  f8:0x00102000 f12=0x00000000 PA:0x00101d18 store:0x00000000
           3376	      1684	00101184	d1492687	flw	f13,-748(x18)	 f18:0x00102000 f13=0x00000000 PA:0x00101d14 store:0x42a80000
           3378	      1685	00101188	0062f3d3	fadd.s	f7,f5,f6	  f5:0x00000042  f6:0x00000001  f7=0x00000000
           3380	      1686	0010118c	68c0f443	fmadd.s	f8,f1,f12,f13	  f1:0x00000050 f12:0x00000052 f13:0x00000050  f8=0x00000000
           3382	      1687	00101190	d074ae27	fsw	f7,-740(x9)	  f9:0x00102000  f7:0x00000064 PA:0x00101d1c store:0x442aca65 load:0x455c9df6
           3384	      1688	00101194	d1c4a487	flw	f9,-740(x9)	  f9:0x00102000  f9=0x00000000 PA:0x00101d1c store:0x3f7d1f60
           3386	      1689	00101198	d1842507	flw	f10,-744(x8)	  f8:0x00102000 f10=0x00000000 PA:0x00101d18 store:0x00000000
           3388	      1690	0010119c	d0892a27	fsw	f8,-748(x18)	 f18:0x00102000  f8:0x00102000 PA:0x00101d14 store:0x4561dead load:0x3f7d1f60
           3390	      1691	001011a0	00a4f853	fadd.s	f16,f9,f10	  f9:0x00102000 f10:0x00000004 f16=0x00000000
           3392	      1692	001011a4	d104ae27	fsw	f16,-740(x9)	  f9:0x00102000 f16:0x00000053 PA:0x00101d1c store:0x442b09ad load:0x3f7d1f60
           3400	      1696	001011a8	ee7a14e3	bne	x20,x7,101090	 x20:0x00000056  x7:0x00000064
           3402	      1697	00101090	d1842a07	flw	f20,-744(x8)	  f8:0x00102000 f20=0x00000000 PA:0x00101d18 store:0x00000000
           3404	      1698	00101094	d00a7ad3	fcvt.s.w	f21,x20	 x20:0x00000056 f21=0x00000000
           3406	      1699	00101098	d1492e07	flw	f28,-748(x18)	 f18:0x00102000 f28=0x00000000 PA:0x00101d14 store:0x3f7d1f60
           3408	      1700	0010109c	001a0093	addi	x1,x20,1	 x20:0x00000056  x1=0x00000057
           3410	      1701	001010a0	d1c4ae87	flw	f29,-740(x9)	  f9:0x00102000 f29=0x00000000 PA:0x00101d1c store:0x4561dead
           3412	      1702	001010a4	e14aff43	fmadd.s	f30,f21,f20,f28	 f21:0x00000000 f20:0x00000056 f28:0x00000000 f30=0x00000000
           3414	      1703	001010a8	d1842f87	flw	f31,-744(x8)	  f8:0x00102000 f31=0x00000000 PA:0x00101d18 store:0x00000000
           3416	      1704	001010ac	d000f053	fcvt.s.w	f0,x1	  x1:0x00000057  f0=0x00000000
           3418	      1705	001010b0	d1842087	flw	f1,-744(x8)	  f8:0x00102000  f1=0x00000000 PA:0x00101d18 store:0x00000000
           3420	      1706	001010b4	01fef153	fadd.s	f2,f29,f31	 f29:0x00000030 f31:0xb4000000  f2=0x00000000
           3422	      1707	001010b8	d1e92a27	fsw	f30,-748(x18)	 f18:0x00102000 f30:0x00020000 PA:0x00101d14 store:0x45672f36 load:0x3f7d1f60
           3424	      1708	001010bc	d1492707	flw	f14,-748(x18)	 f18:0x00102000 f14=0x00000000 PA:0x00101d14 store:0x3f7d1f60
           3426	      1709	001010c0	002a0593	addi	x11,x20,2	 x20:0x00000056 x11=0x00000058
           3428	      1710	001010c4	d005f7d3	fcvt.s.w	f15,x11	 x11:0x00000058 f15=0x00000000
           3430	      1711	001010c8	701071c3	fmadd.s	f3,f0,f1,f14	  f0:0x00000000  f1:0x00000057 f14:0x00000000  f3=0x00000000
           3432	      1712	001010cc	d024ae27	fsw	f2,-740(x9)	  f9:0x00102000  f2:0x00137fa0 PA:0x00101d1c store:0x442b48f5 load:0x45672f36
           3434	      1713	001010d0	d1c4a207	flw	f4,-740(x9)	  f9:0x00102000  f4=0x00000000 PA:0x00101d1c store:0x4561dead
           3436	      1714	001010d4	d1842587	flw	f11,-744(x8)	  f8:0x00102000 f11=0x00000000 PA:0x00101d18 store:0x00000000
           3438	      1715	001010d8	d1842607	flw	f12,-744(x8)	  f8:0x00102000 f12=0x00000000 PA:0x00101d18 store:0x00000000
           3440	      1716	001010dc	d0392a27	fsw	f3,-748(x18)	 f18:0x00102000  f3:0x00000000 PA:0x00101d14 store:0x456c8f91 load:0x3f7d1f60
           3442	      1717	001010e0	d1492287	flw	f5,-748(x18)	 f18:0x00102000  f5=0x00000000 PA:0x00101d14 store:0x3f7d1f60
           3444	      1718	001010e4	00b276d3	fadd.s	f13,f4,f11	  f4:0x00000000 f11:0x00000058 f13=0x00000000
           3446	      1719	001010e8	003a0613	addi	x12,x20,3	 x20:0x00000056 x12=0x00000059
           3448	      1720	001010ec	28c7f343	fmadd.s	f6,f15,f12,f5	 f15:0x0000000b f12:0x00000059  f5:0x0000000b  f6=0x00000000
           3450	      1721	001010f0	d00673d3	fcvt.s.w	f7,x12	 x12:0x00000059  f7=0x00000000
           3452	      1722	001010f4	004a0813	addi	x16,x20,4	 x20:0x00000056 x16=0x0000005a
           3454	      1723	001010f8	d0d4ae27	fsw	f13,-740(x9)	  f9:0x00102000 f13:0x0000000d PA:0x00101d1c store:0x442b883d load:0x456c8f91
           3456	      1724	001010fc	d1c4a407	flw	f8,-740(x9)	  f9:0x00102000  f8=0x00000000 PA:0x00101d1c store:0x4561dead
           3458	      1725	00101100	d0692a27	fsw	f6,-748(x18)	 f18:0x00102000  f6:0x00000001 PA:0x00101d14 store:0x4571ffbe load:0x442b883d
           3460	      1726	00101104	d1842487	flw	f9,-744(x8)	  f8:0x00102000  f9=0x00000000 PA:0x00101d18 store:0x00000000
           3462	      1727	00101108	d1842507	flw	f10,-744(x8)	  f8:0x00102000 f10=0x00000000 PA:0x00101d18 store:0x00000000
           3464	      1728	0010110c	d1492807	flw	f16,-748(x18)	 f18:0x00102000 f16=0x00000000 PA:0x00101d14 store:0x3f7d1f60
           3466	      1729	00101110	009478d3	fadd.s	f17,f8,f9	  f8:0x00102000  f9:0x00102000 f17=0x00000000
           3468	      1730	00101114	d0087953	fcvt.s.w	f18,x16	 x16:0x0000005a f18=0x00000000
           3470	      1731	00101118	80a3f9c3	fmadd.s	f19,f7,f10,f16	  f7:0x00000064 f10:0x00000004 f16:0x00000064 f19=0x00000000
           3472	      1732	0010111c	005a0893	addi	x17,x20,5	 x20:0x00000056 x17=0x0000005b
           3474	      1733	00101120	d008fa53	fcvt.s.w	f20,x17	 x17:0x0000005b f20=0x00000000
           3476	      1734	00101124	d114ae27	fsw	f17,-740(x9)	  f9:0x00102000 f17:0x0000005b PA:0x00101d1c store:0x442bc785 load:0x4571ffbe
           3478	      1735	00101128	d1c4aa87	flw	f21,-740(x9)	  f9:0x00102000 f21=0x00000000 PA:0x00101d1c store:0x4561dead
           3480	      1736	0010112c	d1392a27	fsw	f19,-748(x18)	 f18:0x00102000 f19:0x00000055 PA:0x00101d14 store:0x45777fbd load:0x442bc785
           3482	      1737	00101130	d1842e07	flw	f28,-744(x8)	  f8:0x00102000 f28=0x00000000 PA:0x00101d18 store:0x00000000
           3484	      1738	00101134	d1842e87	flw	f29,-744(x8)	  f8:0x00102000 f29=0x00000000 PA:0x00101d18 store:0x00000000
           3486	      1739	00101138	d1492f07	flw	f30,-748(x18)	 f18:0x00102000 f30=0x00000000 PA:0x00101d14 store:0x42b60000
           3488	      1740	0010113c	01caffd3	fadd.s	f31,f21,f28	 f21:0x00000000 f28:0x00020000 f31=0x00000000
           3490	      1741	00101140	006a0993	addi	x19,x20,6	 x20:0x00000056 x19=0x0000005c
           3492	      1742	00101144	f1d97043	fmadd.s	f0,f18,f29,f30	 f18:0x00102000 f29:0x00000030 f30:0x00102000  f0=0x00000000
           3494	      1743	00101148	d009f0d3	fcvt.s.w	f1,x19	 x19:0x0000005c  f1=0x00000000
           3496	      1744	0010114c	007a0a13	addi	x20,x20,7	 x20:0x00000056 x20=0x0000005d
           3498	      1745	00101150	d1f4ae27	fsw	f31,-740(x9)	  f9:0x00102000 f31:0xb4000000 PA:0x00101d1c store:0x442c06cd load:0x45777fbd
           3500	      1746	00101154	d1c4a107	flw	f2,-740(x9)	  f9:0x00102000  f2=0x00000000 PA:0x00101d1c store:0x3f7d1f60
           3502	      1747	00101158	d0092a27	fsw	f0,-748(x18)	 f18:0x00102000  f0:0x00000000 PA:0x00101d14 store:0x457d0f8d load:0x442c06cd
           3504	      1748	0010115c	d1842707	flw	f14,-744(x8)	  f8:0x00102000 f14=0x00000000 PA:0x00101d18 store:0x00000000
           3506	      1749	00101160	d1842787	flw	f15,-744(x8)	  f8:0x00102000 f15=0x00000000 PA:0x00101d18 store:0x00000000
           3508	      1750	00101164	d1492187	flw	f3,-748(x18)	 f18:0x00102000  f3=0x00000000 PA:0x00101d14 store:0x42b60000
           3510	      1751	00101168	00e17253	fadd.s	f4,f2,f14	  f2:0x00137fa0 f14:0x00000009  f4=0x00000000
           3512	      1752	0010116c	18fa75c3	fmadd.s	f11,f20,f15,f3	 f20:0x0000005d f15:0x0000000b  f3:0x0000005d f11=0x00000000
           3514	      1753	00101170	d044ae27	fsw	f4,-740(x9)	  f9:0x00102000  f4:0x00000000 PA:0x00101d1c store:0x442c4615 load:0x457d0f8d
           3516	      1754	00101174	d0b92a27	fsw	f11,-748(x18)	 f18:0x00102000 f11:0x00000058 PA:0x00101d14 store:0x45815798 load:0x457d0f8d
           3518	      1755	00101178	d1c4a287	flw	f5,-740(x9)	  f9:0x00102000  f5=0x00000000 PA:0x00101d1c store:0x3f7d1f60
           3520	      1756	0010117c	d1842307	flw	f6,-744(x8)	  f8:0x00102000  f6=0x00000000 PA:0x00101d18 store:0x00000000
           3522	      1757	00101180	d1842607	flw	f12,-744(x8)	  f8:0x00102000 f12=0x00000000 PA:0x00101d18 store:0x00000000
           3524	      1758	00101184	d1492687	flw	f13,-748(x18)	 f18:0x00102000 f13=0x00000000 PA:0x00101d14 store:0x42b60000
           3526	      1759	00101188	0062f3d3	fadd.s	f7,f5,f6	  f5:0x00000042  f6:0x00000001  f7=0x00000000
           3528	      1760	0010118c	68c0f443	fmadd.s	f8,f1,f12,f13	  f1:0x00000057 f12:0x00000059 f13:0x00000057  f8=0x00000000
           3530	      1761	00101190	d074ae27	fsw	f7,-740(x9)	  f9:0x00102000  f7:0x00000064 PA:0x00101d1c store:0x442c855d load:0x45815798
           3532	      1762	00101194	d1c4a487	flw	f9,-740(x9)	  f9:0x00102000  f9=0x00000000 PA:0x00101d1c store:0x3f7d1f60
           3534	      1763	00101198	d1842507	flw	f10,-744(x8)	  f8:0x00102000 f10=0x00000000 PA:0x00101d18 store:0x00000000
           3536	      1764	0010119c	d0892a27	fsw	f8,-748(x18)	 f18:0x00102000  f8:0x00102000 PA:0x00101d14 store:0x45842f52 load:0x3f7d1f60
           3538	      1765	001011a0	00a4f853	fadd.s	f16,f9,f10	  f9:0x00102000 f10:0x00000004 f16=0x00000000
           3540	      1766	001011a4	d104ae27	fsw	f16,-740(x9)	  f9:0x00102000 f16:0x0000005a PA:0x00101d1c store:0x442cc4a5 load:0x3f7d1f60
           3548	      1770	001011a8	ee7a14e3	bne	x20,x7,101090	 x20:0x0000005d  x7:0x00000064
           3550	      1771	00101090	d1842a07	flw	f20,-744(x8)	  f8:0x00102000 f20=0x00000000 PA:0x00101d18 store:0x00000000
           3552	      1772	00101094	d00a7ad3	fcvt.s.w	f21,x20	 x20:0x0000005d f21=0x00000000
           3554	      1773	00101098	d1492e07	flw	f28,-748(x18)	 f18:0x00102000 f28=0x00000000 PA:0x00101d14 store:0x3f7d1f60
           3556	      1774	0010109c	001a0093	addi	x1,x20,1	 x20:0x0000005d  x1=0x0000005e
           3558	      1775	001010a0	d1c4ae87	flw	f29,-740(x9)	  f9:0x00102000 f29=0x00000000 PA:0x00101d1c store:0x45842f52
           3560	      1776	001010a4	e14aff43	fmadd.s	f30,f21,f20,f28	 f21:0x00000000 f20:0x0000005d f28:0x00000000 f30=0x00000000
           3562	      1777	001010a8	d1842f87	flw	f31,-744(x8)	  f8:0x00102000 f31=0x00000000 PA:0x00101d18 store:0x00000000
           3564	      1778	001010ac	d000f053	fcvt.s.w	f0,x1	  x1:0x0000005e  f0=0x00000000
           3566	      1779	001010b0	d1842087	flw	f1,-744(x8)	  f8:0x00102000  f1=0x00000000 PA:0x00101d18 store:0x00000000
           3568	      1780	001010b4	01fef153	fadd.s	f2,f29,f31	 f29:0x00000030 f31:0xb4000000  f2=0x00000000
           3570	      1781	001010b8	d1e92a27	fsw	f30,-748(x18)	 f18:0x00102000 f30:0x00020000 PA:0x00101d14 store:0x45870ef5 load:0x3f7d1f60
           3572	      1782	001010bc	d1492707	flw	f14,-748(x18)	 f18:0x00102000 f14=0x00000000 PA:0x00101d14 store:0x3f7d1f60
           3574	      1783	001010c0	002a0593	addi	x11,x20,2	 x20:0x0000005d x11=0x0000005f
           3576	      1784	001010c4	d005f7d3	fcvt.s.w	f15,x11	 x11:0x0000005f f15=0x00000000
           3578	      1785	001010c8	701071c3	fmadd.s	f3,f0,f1,f14	  f0:0x00000000  f1:0x0000005e f14:0x00000000  f3=0x00000000
           3580	      1786	001010cc	d024ae27	fsw	f2,-740(x9)	  f9:0x00102000  f2:0x00137fa0 PA:0x00101d1c store:0x442d03ed load:0x45870ef5
           3582	      1787	001010d0	d1c4a207	flw	f4,-740(x9)	  f9:0x00102000  f4=0x00000000 PA:0x00101d1c store:0x45842f52
           3584	      1788	001010d4	d1842587	flw	f11,-744(x8)	  f8:0x00102000 f11=0x00000000 PA:0x00101d18 store:0x00000000
           3586	      1789	001010d8	d1842607	flw	f12,-744(x8)	  f8:0x00102000 f12=0x00000000 PA:0x00101d18 store:0x00000000
           3588	      1790	001010dc	d0392a27	fsw	f3,-748(x18)	 f18:0x00102000  f3:0x00000000 PA:0x00101d14 store:0x4589f681 load:0x3f7d1f60
           3590	      1791	001010e0	d1492287	flw	f5,-748(x18)	 f18:0x00102000  f5=0x00000000 PA:0x00101d14 store:0x3f7d1f60
           3592	      1792	001010e4	00b276d3	fadd.s	f13,f4,f11	  f4:0x00000000 f11:0x0000005f f13=0x00000000
           3594	      1793	001010e8	003a0613	addi	x12,x20,3	 x20:0x0000005d x12=0x00000060
           3596	      1794	001010ec	28c7f343	fmadd.s	f6,f15,f12,f5	 f15:0x0000000b f12:0x00000060  f5:0x0000000b  f6=0x00000000
           3598	      1795	001010f0	d00673d3	fcvt.s.w	f7,x12	 x12:0x00000060  f7=0x00000000
           3600	      1796	001010f4	004a0813	addi	x16,x20,4	 x20:0x0000005d x16=0x00000061
           3602	      1797	001010f8	d0d4ae27	fsw	f13,-740(x9)	  f9:0x00102000 f13:0x0000000d PA:0x00101d1c store:0x442d4335 load:0x4589f681
           3604	      1798	001010fc	d1c4a407	flw	f8,-740(x9)	  f9:0x00102000  f8=0x00000000 PA:0x00101d1c store:0x45842f52
           3606	      1799	00101100	d0692a27	fsw	f6,-748(x18)	 f18:0x00102000  f6:0x00000001 PA:0x00101d14 store:0x458ce5f6 load:0x442d4335
           3608	      1800	00101104	d1842487	flw	f9,-744(x8)	  f8:0x00102000  f9=0x00000000 PA:0x00101d18 store:0x00000000
           3610	      1801	00101108	d1842507	flw	f10,-744(x8)	  f8:0x00102000 f10=0x00000000 PA:0x00101d18 store:0x00000000
           3612	      1802	0010110c	d1492807	flw	f16,-748(x18)	 f18:0x00102000 f16=0x00000000 PA:0x00101d14 store:0x3f7d1f60
           3614	      1803	00101110	009478d3	fadd.s	f17,f8,f9	  f8:0x00102000  f9:0x00102000 f17=0x00000000
           3616	      1804	00101114	d0087953	fcvt.s.w	f18,x16	 x16:0x00000061 f18=0x00000000
           3618	      1805	00101118	80a3f9c3	fmadd.s	f19,f7,f10,f16	  f7:0x00000064 f10:0x00000004 f16:0x00000064 f19=0x00000000
           3620	      1806	0010111c	005a0893	addi	x17,x20,5	 x20:0x0000005d x17=0x00000062
           3622	      1807	00101120	d008fa53	fcvt.s.w	f20,x17	 x17:0x00000062 f20=0x00000000
           3624	      1808	00101124	d114ae27	fsw	f17,-740(x9)	  f9:0x00102000 f17:0x00000062 PA:0x00101d1c store:0x442d827d load:0x458ce5f6
           3626	      1809	00101128	d1c4aa87	flw	f21,-740(x9)	  f9:0x00102000 f21=0x00000000 PA:0x00101d1c store:0x45842f52
           3628	      1810	0010112c	d1392a27	fsw	f19,-748(x18)	 f18:0x00102000 f19:0x0000005c PA:0x00101d14 store:0x458fdd54 load:0x442d827d
           3630	      1811	00101130	d1842e07	flw	f28,-744(x8)	  f8:0x00102000 f28=0x00000000 PA:0x00101d18 store:0x00000000
           3632	      1812	00101134	d1842e87	flw	f29,-744(x8)	  f8:0x00102000 f29=0x00000000 PA:0x00101d18 store:0x00000000
           3634	      1813	00101138	d1492f07	flw	f30,-748(x18)	 f18:0x00102000 f30=0x00000000 PA:0x00101d14 store:0x42c40000
           3636	      1814	0010113c	01caffd3	fadd.s	f31,f21,f28	 f21:0x00000000 f28:0x00020000 f31=0x00000000
           3638	      1815	00101140	006a0993	addi	x19,x20,6	 x20:0x0000005d x19=0x00000063
           3640	      1816	00101144	f1d97043	fmadd.s	f0,f18,f29,f30	 f18:0x00102000 f29:0x00000030 f30:0x00102000  f0=0x00000000
           3642	      1817	00101148	d009f0d3	fcvt.s.w	f1,x19	 x19:0x00000063  f1=0x00000000
           3644	      1818	0010114c	007a0a13	addi	x20,x20,7	 x20:0x0000005d x20=0x00000064
           3646	      1819	00101150	d1f4ae27	fsw	f31,-740(x9)	  f9:0x00102000 f31:0xb4000000 PA:0x00101d1c store:0x442dc1c5 load:0x458fdd54
           3648	      1820	00101154	d1c4a107	flw	f2,-740(x9)	  f9:0x00102000  f2=0x00000000 PA:0x00101d1c store:0x3f7d1f60
           3650	      1821	00101158	d0092a27	fsw	f0,-748(x18)	 f18:0x00102000  f0:0x00000000 PA:0x00101d14 store:0x4592dc9b load:0x442dc1c5
           3652	      1822	0010115c	d1842707	flw	f14,-744(x8)	  f8:0x00102000 f14=0x00000000 PA:0x00101d18 store:0x00000000
           3654	      1823	00101160	d1842787	flw	f15,-744(x8)	  f8:0x00102000 f15=0x00000000 PA:0x00101d18 store:0x00000000
           3656	      1824	00101164	d1492187	flw	f3,-748(x18)	 f18:0x00102000  f3=0x00000000 PA:0x00101d14 store:0x42c40000
           3658	      1825	00101168	00e17253	fadd.s	f4,f2,f14	  f2:0x00137fa0 f14:0x00000009  f4=0x00000000
           3660	      1826	0010116c	18fa75c3	fmadd.s	f11,f20,f15,f3	 f20:0x00000064 f15:0x0000000b  f3:0x00000064 f11=0x00000000
           3662	      1827	00101170	d044ae27	fsw	f4,-740(x9)	  f9:0x00102000  f4:0x00000000 PA:0x00101d1c store:0x442e010d load:0x4592dc9b
           3664	      1828	00101174	d0b92a27	fsw	f11,-748(x18)	 f18:0x00102000 f11:0x0000005f PA:0x00101d14 store:0x4595e3cb load:0x4592dc9b
           3666	      1829	00101178	d1c4a287	flw	f5,-740(x9)	  f9:0x00102000  f5=0x00000000 PA:0x00101d1c store:0x3f7d1f60
           3668	      1830	0010117c	d1842307	flw	f6,-744(x8)	  f8:0x00102000  f6=0x00000000 PA:0x00101d18 store:0x00000000
           3670	      1831	00101180	d1842607	flw	f12,-744(x8)	  f8:0x00102000 f12=0x00000000 PA:0x00101d18 store:0x00000000
           3672	      1832	00101184	d1492687	flw	f13,-748(x18)	 f18:0x00102000 f13=0x00000000 PA:0x00101d14 store:0x42c40000
           3674	      1833	00101188	0062f3d3	fadd.s	f7,f5,f6	  f5:0x00000042  f6:0x00000001  f7=0x00000000
           3676	      1834	0010118c	68c0f443	fmadd.s	f8,f1,f12,f13	  f1:0x0000005e f12:0x00000060 f13:0x0000005e  f8=0x00000000
           3678	      1835	00101190	d074ae27	fsw	f7,-740(x9)	  f9:0x00102000  f7:0x00000064 PA:0x00101d1c store:0x442e4055 load:0x4595e3cb
           3680	      1836	00101194	d1c4a487	flw	f9,-740(x9)	  f9:0x00102000  f9=0x00000000 PA:0x00101d1c store:0x3f7d1f60
           3682	      1837	00101198	d1842507	flw	f10,-744(x8)	  f8:0x00102000 f10=0x00000000 PA:0x00101d18 store:0x00000000
           3684	      1838	0010119c	d0892a27	fsw	f8,-748(x18)	 f18:0x00102000  f8:0x00102000 PA:0x00101d14 store:0x4598f2e4 load:0x3f7d1f60
           3686	      1839	001011a0	00a4f853	fadd.s	f16,f9,f10	  f9:0x00102000 f10:0x00000004 f16=0x00000000
           3688	      1840	001011a4	d104ae27	fsw	f16,-740(x9)	  f9:0x00102000 f16:0x00000061 PA:0x00101d1c store:0x442e7f9d load:0x3f7d1f60
           3692	      1842	001011a8	ee7a14e3	bne	x20,x7,101090	 x20:0x00000064  x7:0x00000064
           3694	      1843	001011ac	d1c4a887	flw	f17,-740(x9)	  f9:0x00102000 f17=0x00000000 PA:0x00101d1c store:0x3f7d1f60
           3700	      1846	001011b0	00102ab7	lui	x21,0x102	 x21=0x00102000
           3702	      1847	001011b4	00102a37	lui	x20,0x102	 x20=0x00102000
           3704	      1848	001011b8	9d8a8513	addi	x10,x21,-1576	 x21:0x00102000 x10=0x001019d8
           3706	      1849	001011bc	e0088b53	fmv.x.w	x22,f17	 f17:0x00000062 x22=0x442e7f9d
           3708	      1850	001011c0	cf6a2c23	sw	x22,-776(x20)	 x20:0x00102000 x22:0x442e7f9d PA:0x00101cf8 store:0x442e7f9d load:0x442e7f9d
           3710	      1851	001011c4	eddfe0ef	jal	x1,1000a0	  x1=0x001011c8
           3712	      1852	001000a0	00054803	lbu	x16,0(x10)	 x10:0x001019d8 x16=0x0000000a PA:0x001019d8 store:0x00000000
           3714	      1853	001000a4	06080663	beq	x16,x0,100110	 x16:0x0000000a  x0:0x00000000
           3716	      1854	001000a8	000207b7	lui	x15,0x20	 x15=0x00020000
           3718	      1855	001000ac	0107a023	sw	x16,0(x15)	 x15:0x00020000 x16:0x0000000a PA:0x00020000 store:0x0000000a load:0x00000000
           3722	      1857	001000b0	00154703	lbu	x14,1(x10)	 x10:0x001019d8 x14=0x0000000a PA:0x001019d9 store:0x001011c8
           3724	      1858	001000b4	04070e63	beq	x14,x0,100110	 x14:0x0000000a  x0:0x00000000
           3728	      1860	001000b8	00e7a023	sw	x14,0(x15)	 x15:0x00020000 x14:0x0000000a PA:0x00020000 store:0x0000000a load:0x00000000
           3732	      1862	001000bc	00254283	lbu	x5,2(x10)	 x10:0x001019d8  x5=0x00000031 PA:0x001019da store:0x00137fa0
           3734	      1863	001000c0	04028863	beq	x5,x0,100110	  x5:0x00000031  x0:0x00000000
           3738	      1865	001000c4	0057a023	sw	x5,0(x15)	 x15:0x00020000  x5:0x00000031 PA:0x00020000 store:0x00000031 load:0x00000000
           3742	      1867	001000c8	00354303	lbu	x6,3(x10)	 x10:0x001019d8  x6=0x00000030 PA:0x001019db store:0x00000000
           3744	      1868	001000cc	04030263	beq	x6,x0,100110	  x6:0x00000030  x0:0x00000000
           3748	      1870	001000d0	0067a023	sw	x6,0(x15)	 x15:0x00020000  x6:0x00000030 PA:0x00020000 store:0x00000030 load:0x00000000
           3752	      1872	001000d4	00454383	lbu	x7,4(x10)	 x10:0x001019d8  x7=0x00000030 PA:0x001019dc store:0x00000000
           3754	      1873	001000d8	02038c63	beq	x7,x0,100110	  x7:0x00000030  x0:0x00000000
           3758	      1875	001000dc	0077a023	sw	x7,0(x15)	 x15:0x00020000  x7:0x00000030 PA:0x00020000 store:0x00000030 load:0x00000000
           3762	      1877	001000e0	00554583	lbu	x11,5(x10)	 x10:0x001019d8 x11=0x00000020 PA:0x001019dd store:0x00000031
           3764	      1878	001000e4	02058663	beq	x11,x0,100110	 x11:0x00000020  x0:0x00000000
           3768	      1880	001000e8	00b7a023	sw	x11,0(x15)	 x15:0x00020000 x11:0x00000020 PA:0x00020000 store:0x00000020 load:0x00000000
           3772	      1882	001000ec	00654603	lbu	x12,6(x10)	 x10:0x001019d8 x12=0x00000046 PA:0x001019de store:0x00000030
           3774	      1883	001000f0	02060063	beq	x12,x0,100110	 x12:0x00000046  x0:0x00000000
           3778	      1885	001000f4	00c7a023	sw	x12,0(x15)	 x15:0x00020000 x12:0x00000046 PA:0x00020000 store:0x00000046 load:0x00000000
           3782	      1887	001000f8	00754683	lbu	x13,7(x10)	 x10:0x001019d8 x13=0x0000004d PA:0x001019df store:0x00000030
           3784	      1888	001000fc	00850513	addi	x10,x10,8	 x10:0x001019d8 x10=0x001019e0
           3786	      1889	00100100	00068863	beq	x13,x0,100110	 x13:0x0000004d  x0:0x00000000
           3790	      1891	00100104	00d7a023	sw	x13,0(x15)	 x15:0x00020000 x13:0x0000004d PA:0x00020000 store:0x0000004d load:0x00000000
           3794	      1893	00100108	00054803	lbu	x16,0(x10)	 x10:0x001019e0 x16=0x00000041 PA:0x001019e0 store:0x00000000
           3798	      1895	0010010c	fa0810e3	bne	x16,x0,1000ac	 x16:0x00000041  x0:0x00000000
           3804	      1898	001000ac	0107a023	sw	x16,0(x15)	 x15:0x00020000 x16:0x00000041 PA:0x00020000 store:0x00000041 load:0x00000000
           3808	      1900	001000b0	00154703	lbu	x14,1(x10)	 x10:0x001019e0 x14=0x00000044 PA:0x001019e1 store:0x001011c8
           3810	      1901	001000b4	04070e63	beq	x14,x0,100110	 x14:0x00000044  x0:0x00000000
           3814	      1903	001000b8	00e7a023	sw	x14,0(x15)	 x15:0x00020000 x14:0x00000044 PA:0x00020000 store:0x00000044 load:0x00000000
           3818	      1905	001000bc	00254283	lbu	x5,2(x10)	 x10:0x001019e0  x5=0x00000044 PA:0x001019e2 store:0x00137fa0
           3820	      1906	001000c0	04028863	beq	x5,x0,100110	  x5:0x00000044  x0:0x00000000
           3824	      1908	001000c4	0057a023	sw	x5,0(x15)	 x15:0x00020000  x5:0x00000044 PA:0x00020000 store:0x00000044 load:0x00000000
           3828	      1910	001000c8	00354303	lbu	x6,3(x10)	 x10:0x001019e0  x6=0x00000073 PA:0x001019e3 store:0x00000000
           3830	      1911	001000cc	04030263	beq	x6,x0,100110	  x6:0x00000073  x0:0x00000000
           3834	      1913	001000d0	0067a023	sw	x6,0(x15)	 x15:0x00020000  x6:0x00000073 PA:0x00020000 store:0x00000073 load:0x00000000
           3838	      1915	001000d4	00454383	lbu	x7,4(x10)	 x10:0x001019e0  x7=0x00000020 PA:0x001019e4 store:0x00000000
           3840	      1916	001000d8	02038c63	beq	x7,x0,100110	  x7:0x00000020  x0:0x00000000
           3844	      1918	001000dc	0077a023	sw	x7,0(x15)	 x15:0x00020000  x7:0x00000020 PA:0x00020000 store:0x00000020 load:0x00000000
           3848	      1920	001000e0	00554583	lbu	x11,5(x10)	 x10:0x001019e0 x11=0x00000072 PA:0x001019e5 store:0x00000044
           3850	      1921	001000e4	02058663	beq	x11,x0,100110	 x11:0x00000072  x0:0x00000000
           3854	      1923	001000e8	00b7a023	sw	x11,0(x15)	 x15:0x00020000 x11:0x00000072 PA:0x00020000 store:0x00000072 load:0x00000000
           3858	      1925	001000ec	00654603	lbu	x12,6(x10)	 x10:0x001019e0 x12=0x00000065 PA:0x001019e6 store:0x00000073
           3860	      1926	001000f0	02060063	beq	x12,x0,100110	 x12:0x00000065  x0:0x00000000
           3864	      1928	001000f4	00c7a023	sw	x12,0(x15)	 x15:0x00020000 x12:0x00000065 PA:0x00020000 store:0x00000065 load:0x00000000
           3868	      1930	001000f8	00754683	lbu	x13,7(x10)	 x10:0x001019e0 x13=0x00000073 PA:0x001019e7 store:0x00000020
           3870	      1931	001000fc	00850513	addi	x10,x10,8	 x10:0x001019e0 x10=0x001019e8
           3872	      1932	00100100	00068863	beq	x13,x0,100110	 x13:0x00000073  x0:0x00000000
           3876	      1934	00100104	00d7a023	sw	x13,0(x15)	 x15:0x00020000 x13:0x00000073 PA:0x00020000 store:0x00000073 load:0x00000000
           3880	      1936	00100108	00054803	lbu	x16,0(x10)	 x10:0x001019e8 x16=0x00000075 PA:0x001019e8 store:0x00000000
           3884	      1938	0010010c	fa0810e3	bne	x16,x0,1000ac	 x16:0x00000075  x0:0x00000000
           3890	      1941	001000ac	0107a023	sw	x16,0(x15)	 x15:0x00020000 x16:0x00000075 PA:0x00020000 store:0x00000075 load:0x00000000
           3894	      1943	001000b0	00154703	lbu	x14,1(x10)	 x10:0x001019e8 x14=0x0000006c PA:0x001019e9 store:0x001011c8
           3896	      1944	001000b4	04070e63	beq	x14,x0,100110	 x14:0x0000006c  x0:0x00000000
           3900	      1946	001000b8	00e7a023	sw	x14,0(x15)	 x15:0x00020000 x14:0x0000006c PA:0x00020000 store:0x0000006c load:0x00000000
           3904	      1948	001000bc	00254283	lbu	x5,2(x10)	 x10:0x001019e8  x5=0x00000074 PA:0x001019ea store:0x00137fa0
           3906	      1949	001000c0	04028863	beq	x5,x0,100110	  x5:0x00000074  x0:0x00000000
           3910	      1951	001000c4	0057a023	sw	x5,0(x15)	 x15:0x00020000  x5:0x00000074 PA:0x00020000 store:0x00000074 load:0x00000000
           3914	      1953	001000c8	00354303	lbu	x6,3(x10)	 x10:0x001019e8  x6=0x00000020 PA:0x001019eb store:0x00000000
           3916	      1954	001000cc	04030263	beq	x6,x0,100110	  x6:0x00000020  x0:0x00000000
           3920	      1956	001000d0	0067a023	sw	x6,0(x15)	 x15:0x00020000  x6:0x00000020 PA:0x00020000 store:0x00000020 load:0x00000000
           3924	      1958	001000d4	00454383	lbu	x7,4(x10)	 x10:0x001019e8  x7=0x00000069 PA:0x001019ec store:0x00000000
           3926	      1959	001000d8	02038c63	beq	x7,x0,100110	  x7:0x00000069  x0:0x00000000
           3930	      1961	001000dc	0077a023	sw	x7,0(x15)	 x15:0x00020000  x7:0x00000069 PA:0x00020000 store:0x00000069 load:0x00000000
           3934	      1963	001000e0	00554583	lbu	x11,5(x10)	 x10:0x001019e8 x11=0x0000006e PA:0x001019ed store:0x00000074
           3936	      1964	001000e4	02058663	beq	x11,x0,100110	 x11:0x0000006e  x0:0x00000000
           3940	      1966	001000e8	00b7a023	sw	x11,0(x15)	 x15:0x00020000 x11:0x0000006e PA:0x00020000 store:0x0000006e load:0x00000000
           3944	      1968	001000ec	00654603	lbu	x12,6(x10)	 x10:0x001019e8 x12=0x0000003a PA:0x001019ee store:0x00000020
           3946	      1969	001000f0	02060063	beq	x12,x0,100110	 x12:0x0000003a  x0:0x00000000
           3950	      1971	001000f4	00c7a023	sw	x12,0(x15)	 x15:0x00020000 x12:0x0000003a PA:0x00020000 store:0x0000003a load:0x00000000
           3954	      1973	001000f8	00754683	lbu	x13,7(x10)	 x10:0x001019e8 x13=0x00000020 PA:0x001019ef store:0x00000069
           3956	      1974	001000fc	00850513	addi	x10,x10,8	 x10:0x001019e8 x10=0x001019f0
           3958	      1975	00100100	00068863	beq	x13,x0,100110	 x13:0x00000020  x0:0x00000000
           3962	      1977	00100104	00d7a023	sw	x13,0(x15)	 x15:0x00020000 x13:0x00000020 PA:0x00020000 store:0x00000020 load:0x00000000
           3966	      1979	00100108	00054803	lbu	x16,0(x10)	 x10:0x001019f0 x16=0x00000000 PA:0x001019f0 store:0x00000000
           3968	      1980	0010010c	fa0810e3	bne	x16,x0,1000ac	 x16:0x00000000  x0:0x00000000
           3970	      1981	00100110	00000513	addi	x10,x0,0	  x0:0x00000000 x10=0x00000000
           3974	      1983	00100114	00008067	jalr	x0,0(x1)	  x1:0x001011c8  x0=0x00000000
           3978	      1985	001011c8	cf8a2503	lw	x10,-776(x20)	 x20:0x00102000 x10=0x442e7f9d PA:0x00101cf8 store:0x00000000
           3980	      1986	001011cc	00102c37	lui	x24,0x102	 x24=0x00102000
           3982	      1987	001011d0	001029b7	lui	x19,0x102	 x19=0x00102000
           3986	      1989	001011d4	f4dfe0ef	jal	x1,100120	  x1=0x001011d8
           3988	      1990	00100120	01c55793	srli	x15,x10,0x1c	 x10:0x442e7f9d x15=0x00000004
           3990	      1991	00100124	00900713	addi	x14,x0,9	  x0:0x00000000 x14=0x00000009
           3994	      1993	00100128	0cf77a63	bgeu	x14,x15,1001fc	 x14:0x00000009 x15:0x00000004
           3998	      1995	001001fc	03078393	addi	x7,x15,48	 x15:0x00000004  x7=0x00000034
           4000	      1996	00100200	000205b7	lui	x11,0x20	 x11=0x00020000
           4002	      1997	00100204	00451613	slli	x12,x10,0x4	 x10:0x442e7f9d x12=0x42e7f9d0
           4006	      1999	00100208	0075a023	sw	x7,0(x11)	 x11:0x00020000  x7:0x00000034 PA:0x00020000 store:0x00000034 load:0x00000000
           4008	      2000	0010020c	01c65693	srli	x13,x12,0x1c	 x12:0x42e7f9d0 x13=0x00000004
           4010	      2001	00100210	00900813	addi	x16,x0,9	  x0:0x00000000 x16=0x00000009
           4012	      2002	00100214	f2d86ae3	bltu	x16,x13,100148	 x16:0x00000009 x13:0x00000004
           4014	      2003	00100218	03068e93	addi	x29,x13,48	 x13:0x00000004 x29=0x00000034
           4016	      2004	0010021c	00020f37	lui	x30,0x20	 x30=0x00020000
           4018	      2005	00100220	00851f93	slli	x31,x10,0x8	 x10:0x442e7f9d x31=0x2e7f9d00
           4022	      2007	00100224	01df2023	sw	x29,0(x30)	 x30:0x00020000 x29:0x00000034 PA:0x00020000 store:0x00000034 load:0x00000000
           4024	      2008	00100228	01cfd793	srli	x15,x31,0x1c	 x31:0x2e7f9d00 x15=0x00000002
           4026	      2009	0010022c	00900713	addi	x14,x0,9	  x0:0x00000000 x14=0x00000009
           4028	      2010	00100230	f2f76ae3	bltu	x14,x15,100164	 x14:0x00000009 x15:0x00000002
           4030	      2011	00100234	03078393	addi	x7,x15,48	 x15:0x00000002  x7=0x00000032
           4032	      2012	00100238	000205b7	lui	x11,0x20	 x11=0x00020000
           4034	      2013	0010023c	00c51613	slli	x12,x10,0xc	 x10:0x442e7f9d x12=0xe7f9d000
           4038	      2015	00100240	0075a023	sw	x7,0(x11)	 x11:0x00020000  x7:0x00000032 PA:0x00020000 store:0x00000032 load:0x00000000
           4040	      2016	00100244	01c65693	srli	x13,x12,0x1c	 x12:0xe7f9d000 x13=0x0000000e
           4042	      2017	00100248	00900813	addi	x16,x0,9	  x0:0x00000000 x16=0x00000009
           4046	      2019	0010024c	f2d86ae3	bltu	x16,x13,100180	 x16:0x00000009 x13:0x0000000e
           4050	      2021	00100180	03768893	addi	x17,x13,55	 x13:0x0000000e x17=0x00000045
           4052	      2022	00100184	00020e37	lui	x28,0x20	 x28=0x00020000
           4054	      2023	00100188	01051f93	slli	x31,x10,0x10	 x10:0x442e7f9d x31=0x7f9d0000
           4058	      2025	0010018c	011e2023	sw	x17,0(x28)	 x28:0x00020000 x17:0x00000045 PA:0x00020000 store:0x00000045 load:0x00000000
           4060	      2026	00100190	01cfd793	srli	x15,x31,0x1c	 x31:0x7f9d0000 x15=0x00000007
           4062	      2027	00100194	00900713	addi	x14,x0,9	  x0:0x00000000 x14=0x00000009
           4066	      2029	00100198	0cf77a63	bgeu	x14,x15,10026c	 x14:0x00000009 x15:0x00000007
           4070	      2031	0010026c	03078393	addi	x7,x15,48	 x15:0x00000007  x7=0x00000037
           4072	      2032	00100270	000205b7	lui	x11,0x20	 x11=0x00020000
           4074	      2033	00100274	01451613	slli	x12,x10,0x14	 x10:0x442e7f9d x12=0xf9d00000
           4078	      2035	00100278	0075a023	sw	x7,0(x11)	 x11:0x00020000  x7:0x00000037 PA:0x00020000 store:0x00000037 load:0x00000000
           4080	      2036	0010027c	01c65693	srli	x13,x12,0x1c	 x12:0xf9d00000 x13=0x0000000f
           4082	      2037	00100280	00900813	addi	x16,x0,9	  x0:0x00000000 x16=0x00000009
           4086	      2039	00100284	f2d86ae3	bltu	x16,x13,1001b8	 x16:0x00000009 x13:0x0000000f
           4090	      2041	001001b8	03768893	addi	x17,x13,55	 x13:0x0000000f x17=0x00000046
           4092	      2042	001001bc	00020e37	lui	x28,0x20	 x28=0x00020000
           4094	      2043	001001c0	01851f93	slli	x31,x10,0x18	 x10:0x442e7f9d x31=0x9d000000
           4098	      2045	001001c4	011e2023	sw	x17,0(x28)	 x28:0x00020000 x17:0x00000046 PA:0x00020000 store:0x00000046 load:0x00000000
           4100	      2046	001001c8	01cfd793	srli	x15,x31,0x1c	 x31:0x9d000000 x15=0x00000009
           4102	      2047	001001cc	00900713	addi	x14,x0,9	  x0:0x00000000 x14=0x00000009
           4106	      2049	001001d0	0cf77a63	bgeu	x14,x15,1002a4	 x14:0x00000009 x15:0x00000009
           4110	      2051	001002a4	03078393	addi	x7,x15,48	 x15:0x00000009  x7=0x00000039
           4112	      2052	001002a8	000205b7	lui	x11,0x20	 x11=0x00020000
           4116	      2054	001002ac	0075a023	sw	x7,0(x11)	 x11:0x00020000  x7:0x00000039 PA:0x00020000 store:0x00000039 load:0x00000000
           4118	      2055	001002b0	00f57513	andi	x10,x10,15	 x10:0x442e7f9d x10=0x0000000d
           4120	      2056	001002b4	00900613	addi	x12,x0,9	  x0:0x00000000 x12=0x00000009
           4122	      2057	001002b8	f2a67ae3	bgeu	x12,x10,1001ec	 x12:0x00000009 x10:0x0000000d
           4124	      2058	001002bc	03750693	addi	x13,x10,55	 x10:0x0000000d x13=0x00000044
           4126	      2059	001002c0	00020837	lui	x16,0x20	 x16=0x00020000
           4130	      2061	001002c4	00d82023	sw	x13,0(x16)	 x16:0x00020000 x13:0x00000044 PA:0x00020000 store:0x00000044 load:0x00000000
           4140	      2066	001002c8	00008067	jalr	x0,0(x1)	  x1:0x001011d8  x0=0x00000000
           4142	      2067	001011d8	d20ca907	flw	f18,-736(x25)	 f25:0x00102000 f18=0x00000000 PA:0x00101d20 store:0x4592dc9b
           4146	      2069	001011dc	9f4c0513	addi	x10,x24,-1548	 x24:0x00102000 x10=0x001019f4
           4148	      2070	001011e0	00102ab7	lui	x21,0x102	 x21=0x00102000
           4150	      2071	001011e4	d129a427	fsw	f18,-760(x19)	 f19:0x00102000 f18:0x00102000 PA:0x00101d08 store:0x43edefdf load:0x43edefdf
           4152	      2072	001011e8	00000c13	addi	x24,x0,0	  x0:0x00000000 x24=0x00000000
           4154	      2073	001011ec	eb5fe0ef	jal	x1,1000a0	  x1=0x001011f0
           4156	      2074	001000a0	00054803	lbu	x16,0(x10)	 x10:0x001019f4 x16=0x0000000a PA:0x001019f4 store:0x00000000
           4158	      2075	001000a4	06080663	beq	x16,x0,100110	 x16:0x0000000a  x0:0x00000000
           4160	      2076	001000a8	000207b7	lui	x15,0x20	 x15=0x00020000
           4162	      2077	001000ac	0107a023	sw	x16,0(x15)	 x15:0x00020000 x16:0x0000000a PA:0x00020000 store:0x0000000a load:0x00000000
           4164	      2078	001000b0	00154703	lbu	x14,1(x10)	 x10:0x001019f4 x14=0x0000000a PA:0x001019f5 store:0x001011f0
           4166	      2079	001000b4	04070e63	beq	x14,x0,100110	 x14:0x0000000a  x0:0x00000000
           4170	      2081	001000b8	00e7a023	sw	x14,0(x15)	 x15:0x00020000 x14:0x0000000a PA:0x00020000 store:0x0000000a load:0x00000000
           4174	      2083	001000bc	00254283	lbu	x5,2(x10)	 x10:0x001019f4  x5=0x00000050 PA:0x001019f6 store:0x00137fa0
           4176	      2084	001000c0	04028863	beq	x5,x0,100110	  x5:0x00000050  x0:0x00000000
           4180	      2086	001000c4	0057a023	sw	x5,0(x15)	 x15:0x00020000  x5:0x00000050 PA:0x00020000 store:0x00000050 load:0x00000000
           4184	      2088	001000c8	00354303	lbu	x6,3(x10)	 x10:0x001019f4  x6=0x00000065 PA:0x001019f7 store:0x00000000
           4186	      2089	001000cc	04030263	beq	x6,x0,100110	  x6:0x00000065  x0:0x00000000
           4190	      2091	001000d0	0067a023	sw	x6,0(x15)	 x15:0x00020000  x6:0x00000065 PA:0x00020000 store:0x00000065 load:0x00000000
           4194	      2093	001000d4	00454383	lbu	x7,4(x10)	 x10:0x001019f4  x7=0x00000072 PA:0x001019f8 store:0x00000000
           4196	      2094	001000d8	02038c63	beq	x7,x0,100110	  x7:0x00000072  x0:0x00000000
           4200	      2096	001000dc	0077a023	sw	x7,0(x15)	 x15:0x00020000  x7:0x00000072 PA:0x00020000 store:0x00000072 load:0x00000000
           4204	      2098	001000e0	00554583	lbu	x11,5(x10)	 x10:0x001019f4 x11=0x00000066 PA:0x001019f9 store:0x00000050
           4206	      2099	001000e4	02058663	beq	x11,x0,100110	 x11:0x00000066  x0:0x00000000
           4210	      2101	001000e8	00b7a023	sw	x11,0(x15)	 x15:0x00020000 x11:0x00000066 PA:0x00020000 store:0x00000066 load:0x00000000
           4214	      2103	001000ec	00654603	lbu	x12,6(x10)	 x10:0x001019f4 x12=0x0000006f PA:0x001019fa store:0x00000065
           4216	      2104	001000f0	02060063	beq	x12,x0,100110	 x12:0x0000006f  x0:0x00000000
           4220	      2106	001000f4	00c7a023	sw	x12,0(x15)	 x15:0x00020000 x12:0x0000006f PA:0x00020000 store:0x0000006f load:0x00000000
           4224	      2108	001000f8	00754683	lbu	x13,7(x10)	 x10:0x001019f4 x13=0x00000072 PA:0x001019fb store:0x00000072
           4226	      2109	001000fc	00850513	addi	x10,x10,8	 x10:0x001019f4 x10=0x001019fc
           4228	      2110	00100100	00068863	beq	x13,x0,100110	 x13:0x00000072  x0:0x00000000
           4232	      2112	00100104	00d7a023	sw	x13,0(x15)	 x15:0x00020000 x13:0x00000072 PA:0x00020000 store:0x00000072 load:0x00000000
           4236	      2114	00100108	00054803	lbu	x16,0(x10)	 x10:0x001019fc x16=0x0000006d PA:0x001019fc store:0x00000000
           4240	      2116	0010010c	fa0810e3	bne	x16,x0,1000ac	 x16:0x0000006d  x0:0x00000000
           4246	      2119	001000ac	0107a023	sw	x16,0(x15)	 x15:0x00020000 x16:0x0000006d PA:0x00020000 store:0x0000006d load:0x00000000
           4250	      2121	001000b0	00154703	lbu	x14,1(x10)	 x10:0x001019fc x14=0x00000069 PA:0x001019fd store:0x001011f0
           4252	      2122	001000b4	04070e63	beq	x14,x0,100110	 x14:0x00000069  x0:0x00000000
           4256	      2124	001000b8	00e7a023	sw	x14,0(x15)	 x15:0x00020000 x14:0x00000069 PA:0x00020000 store:0x00000069 load:0x00000000
           4260	      2126	001000bc	00254283	lbu	x5,2(x10)	 x10:0x001019fc  x5=0x0000006e PA:0x001019fe store:0x00137fa0
           4262	      2127	001000c0	04028863	beq	x5,x0,100110	  x5:0x0000006e  x0:0x00000000
           4266	      2129	001000c4	0057a023	sw	x5,0(x15)	 x15:0x00020000  x5:0x0000006e PA:0x00020000 store:0x0000006e load:0x00000000
           4270	      2131	001000c8	00354303	lbu	x6,3(x10)	 x10:0x001019fc  x6=0x00000067 PA:0x001019ff store:0x00000000
           4272	      2132	001000cc	04030263	beq	x6,x0,100110	  x6:0x00000067  x0:0x00000000
           4276	      2134	001000d0	0067a023	sw	x6,0(x15)	 x15:0x00020000  x6:0x00000067 PA:0x00020000 store:0x00000067 load:0x00000000
           4280	      2136	001000d4	00454383	lbu	x7,4(x10)	 x10:0x001019fc  x7=0x00000020 PA:0x00101a00 store:0x00000000
           4282	      2137	001000d8	02038c63	beq	x7,x0,100110	  x7:0x00000020  x0:0x00000000
           4286	      2139	001000dc	0077a023	sw	x7,0(x15)	 x15:0x00020000  x7:0x00000020 PA:0x00020000 store:0x00000020 load:0x00000000
           4290	      2141	001000e0	00554583	lbu	x11,5(x10)	 x10:0x001019fc x11=0x00000032 PA:0x00101a01 store:0x0000006e
           4292	      2142	001000e4	02058663	beq	x11,x0,100110	 x11:0x00000032  x0:0x00000000
           4296	      2144	001000e8	00b7a023	sw	x11,0(x15)	 x15:0x00020000 x11:0x00000032 PA:0x00020000 store:0x00000032 load:0x00000000
           4300	      2146	001000ec	00654603	lbu	x12,6(x10)	 x10:0x001019fc x12=0x00000030 PA:0x00101a02 store:0x00000067
           4302	      2147	001000f0	02060063	beq	x12,x0,100110	 x12:0x00000030  x0:0x00000000
           4306	      2149	001000f4	00c7a023	sw	x12,0(x15)	 x15:0x00020000 x12:0x00000030 PA:0x00020000 store:0x00000030 load:0x00000000
           4310	      2151	001000f8	00754683	lbu	x13,7(x10)	 x10:0x001019fc x13=0x00000020 PA:0x00101a03 store:0x00000020
           4312	      2152	001000fc	00850513	addi	x10,x10,8	 x10:0x001019fc x10=0x00101a04
           4314	      2153	00100100	00068863	beq	x13,x0,100110	 x13:0x00000020  x0:0x00000000
           4318	      2155	00100104	00d7a023	sw	x13,0(x15)	 x15:0x00020000 x13:0x00000020 PA:0x00020000 store:0x00000020 load:0x00000000
           4322	      2157	00100108	00054803	lbu	x16,0(x10)	 x10:0x00101a04 x16=0x00000064 PA:0x00101a04 store:0x00000000
           4326	      2159	0010010c	fa0810e3	bne	x16,x0,1000ac	 x16:0x00000064  x0:0x00000000
           4332	      2162	001000ac	0107a023	sw	x16,0(x15)	 x15:0x00020000 x16:0x00000064 PA:0x00020000 store:0x00000064 load:0x00000000
           4336	      2164	001000b0	00154703	lbu	x14,1(x10)	 x10:0x00101a04 x14=0x00000069 PA:0x00101a05 store:0x001011f0
           4338	      2165	001000b4	04070e63	beq	x14,x0,100110	 x14:0x00000069  x0:0x00000000
           4342	      2167	001000b8	00e7a023	sw	x14,0(x15)	 x15:0x00020000 x14:0x00000069 PA:0x00020000 store:0x00000069 load:0x00000000
           4346	      2169	001000bc	00254283	lbu	x5,2(x10)	 x10:0x00101a04  x5=0x00000076 PA:0x00101a06 store:0x00137fa0
           4348	      2170	001000c0	04028863	beq	x5,x0,100110	  x5:0x00000076  x0:0x00000000
           4352	      2172	001000c4	0057a023	sw	x5,0(x15)	 x15:0x00020000  x5:0x00000076 PA:0x00020000 store:0x00000076 load:0x00000000
           4356	      2174	001000c8	00354303	lbu	x6,3(x10)	 x10:0x00101a04  x6=0x00000069 PA:0x00101a07 store:0x00000000
           4358	      2175	001000cc	04030263	beq	x6,x0,100110	  x6:0x00000069  x0:0x00000000
           4362	      2177	001000d0	0067a023	sw	x6,0(x15)	 x15:0x00020000  x6:0x00000069 PA:0x00020000 store:0x00000069 load:0x00000000
           4366	      2179	001000d4	00454383	lbu	x7,4(x10)	 x10:0x00101a04  x7=0x00000073 PA:0x00101a08 store:0x00000000
           4368	      2180	001000d8	02038c63	beq	x7,x0,100110	  x7:0x00000073  x0:0x00000000
           4372	      2182	001000dc	0077a023	sw	x7,0(x15)	 x15:0x00020000  x7:0x00000073 PA:0x00020000 store:0x00000073 load:0x00000000
           4376	      2184	001000e0	00554583	lbu	x11,5(x10)	 x10:0x00101a04 x11=0x00000069 PA:0x00101a09 store:0x00000076
           4378	      2185	001000e4	02058663	beq	x11,x0,100110	 x11:0x00000069  x0:0x00000000
           4382	      2187	001000e8	00b7a023	sw	x11,0(x15)	 x15:0x00020000 x11:0x00000069 PA:0x00020000 store:0x00000069 load:0x00000000
           4386	      2189	001000ec	00654603	lbu	x12,6(x10)	 x10:0x00101a04 x12=0x0000006f PA:0x00101a0a store:0x00000069
           4388	      2190	001000f0	02060063	beq	x12,x0,100110	 x12:0x0000006f  x0:0x00000000
           4392	      2192	001000f4	00c7a023	sw	x12,0(x15)	 x15:0x00020000 x12:0x0000006f PA:0x00020000 store:0x0000006f load:0x00000000
           4396	      2194	001000f8	00754683	lbu	x13,7(x10)	 x10:0x00101a04 x13=0x0000006e PA:0x00101a0b store:0x00000073
           4398	      2195	001000fc	00850513	addi	x10,x10,8	 x10:0x00101a04 x10=0x00101a0c
           4400	      2196	00100100	00068863	beq	x13,x0,100110	 x13:0x0000006e  x0:0x00000000
           4404	      2198	00100104	00d7a023	sw	x13,0(x15)	 x15:0x00020000 x13:0x0000006e PA:0x00020000 store:0x0000006e load:0x00000000
           4408	      2200	00100108	00054803	lbu	x16,0(x10)	 x10:0x00101a0c x16=0x00000073 PA:0x00101a0c store:0x00000000
           4412	      2202	0010010c	fa0810e3	bne	x16,x0,1000ac	 x16:0x00000073  x0:0x00000000
           4418	      2205	001000ac	0107a023	sw	x16,0(x15)	 x15:0x00020000 x16:0x00000073 PA:0x00020000 store:0x00000073 load:0x00000000
           4422	      2207	001000b0	00154703	lbu	x14,1(x10)	 x10:0x00101a0c x14=0x0000003a PA:0x00101a0d store:0x001011f0
           4424	      2208	001000b4	04070e63	beq	x14,x0,100110	 x14:0x0000003a  x0:0x00000000
           4428	      2210	001000b8	00e7a023	sw	x14,0(x15)	 x15:0x00020000 x14:0x0000003a PA:0x00020000 store:0x0000003a load:0x00000000
           4432	      2212	001000bc	00254283	lbu	x5,2(x10)	 x10:0x00101a0c  x5=0x00000000 PA:0x00101a0e store:0x00137fa0
           4436	      2214	001000c0	04028863	beq	x5,x0,100110	  x5:0x00000000  x0:0x00000000
           4440	      2216	00100110	00000513	addi	x10,x0,0	  x0:0x00000000 x10=0x00000000
           4444	      2218	00100114	00008067	jalr	x0,0(x1)	  x1:0x001011f0  x0=0x00000000
           4446	      2219	001011f0	00102b37	lui	x22,0x102	 x22=0x00102000
           4454	      2223	001011f4	01400d13	addi	x26,x0,20	  x0:0x00000000 x26=0x00000014
           4456	      2224	001011f8	d089a987	flw	f19,-760(x19)	 f19:0x00102000 f19=0x00000000 PA:0x00101d08 store:0x4598f2e4
           4458	      2225	001011fc	d24baa07	flw	f20,-732(x23)	 f23:0x00102000 f20=0x00000000 PA:0x00101d24 store:0x442e010d
           4480	      2236	00101200	a10a8513	addi	x10,x21,-1520	 x21:0x00102000 x10=0x00101a10
           4482	      2237	00101204	1949fad3	fdiv.s	f21,f19,f20	 f19:0x00102000 f20:0x00102000 f21=0x00000000
           4484	      2238	00101208	d159a427	fsw	f21,-760(x19)	 f19:0x00102000 f21:0x00102000 PA:0x00101d08 store:0x40771efb load:0x42f67c6a
           4488	      2240	0010120c	d089ae07	flw	f28,-760(x19)	 f19:0x00102000 f28=0x00000000 PA:0x00101d08 store:0x4598f2e4
           4490	      2241	00101210	e00e0dd3	fmv.x.w	x27,f28	 f28:0x00020000 x27=0x40771efb
           4492	      2242	00101214	cfba2c23	sw	x27,-776(x20)	 x20:0x00102000 x27:0x40771efb PA:0x00101cf8 store:0x40771efb load:0x40771efb
           4496	      2244	00101218	e89fe0ef	jal	x1,1000a0	  x1=0x0010121c
           4500	      2246	001000a0	00054803	lbu	x16,0(x10)	 x10:0x00101a10 x16=0x0000000a PA:0x00101a10 store:0x00000000
           4502	      2247	001000a4	06080663	beq	x16,x0,100110	 x16:0x0000000a  x0:0x00000000
           4504	      2248	001000a8	000207b7	lui	x15,0x20	 x15=0x00020000
           4508	      2250	001000ac	0107a023	sw	x16,0(x15)	 x15:0x00020000 x16:0x0000000a PA:0x00020000 store:0x0000000a load:0x00000000
           4512	      2252	001000b0	00154703	lbu	x14,1(x10)	 x10:0x00101a10 x14=0x00000020 PA:0x00101a11 store:0x0010121c
           4514	      2253	001000b4	04070e63	beq	x14,x0,100110	 x14:0x00000020  x0:0x00000000
           4518	      2255	001000b8	00e7a023	sw	x14,0(x15)	 x15:0x00020000 x14:0x00000020 PA:0x00020000 store:0x00000020 load:0x00000000
           4522	      2257	001000bc	00254283	lbu	x5,2(x10)	 x10:0x00101a10  x5=0x00000069 PA:0x00101a12 store:0x00137fa0
           4524	      2258	001000c0	04028863	beq	x5,x0,100110	  x5:0x00000069  x0:0x00000000
           4528	      2260	001000c4	0057a023	sw	x5,0(x15)	 x15:0x00020000  x5:0x00000069 PA:0x00020000 store:0x00000069 load:0x00000000
           4532	      2262	001000c8	00354303	lbu	x6,3(x10)	 x10:0x00101a10  x6=0x0000003d PA:0x00101a13 store:0x00000000
           4534	      2263	001000cc	04030263	beq	x6,x0,100110	  x6:0x0000003d  x0:0x00000000
           4538	      2265	001000d0	0067a023	sw	x6,0(x15)	 x15:0x00020000  x6:0x0000003d PA:0x00020000 store:0x0000003d load:0x00000000
           4542	      2267	001000d4	00454383	lbu	x7,4(x10)	 x10:0x00101a10  x7=0x00000000 PA:0x00101a14 store:0x00000000
           4546	      2269	001000d8	02038c63	beq	x7,x0,100110	  x7:0x00000000  x0:0x00000000
           4550	      2271	00100110	00000513	addi	x10,x0,0	  x0:0x00000000 x10=0x00000000
           4554	      2273	00100114	00008067	jalr	x0,0(x1)	  x1:0x0010121c  x0=0x00000000
           4556	      2274	0010121c	000c0513	addi	x10,x24,0	 x24:0x00000000 x10=0x00000000
           4560	      2276	00101220	f01fe0ef	jal	x1,100120	  x1=0x00101224
           4562	      2277	00100120	01c55793	srli	x15,x10,0x1c	 x10:0x00000000 x15=0x00000000
           4564	      2278	00100124	00900713	addi	x14,x0,9	  x0:0x00000000 x14=0x00000009
           4568	      2280	00100128	0cf77a63	bgeu	x14,x15,1001fc	 x14:0x00000009 x15:0x00000000
           4572	      2282	001001fc	03078393	addi	x7,x15,48	 x15:0x00000000  x7=0x00000030
           4574	      2283	00100200	000205b7	lui	x11,0x20	 x11=0x00020000
           4576	      2284	00100204	00451613	slli	x12,x10,0x4	 x10:0x00000000 x12=0x00000000
           4580	      2286	00100208	0075a023	sw	x7,0(x11)	 x11:0x00020000  x7:0x00000030 PA:0x00020000 store:0x00000030 load:0x00000000
           4582	      2287	0010020c	01c65693	srli	x13,x12,0x1c	 x12:0x00000000 x13=0x00000000
           4584	      2288	00100210	00900813	addi	x16,x0,9	  x0:0x00000000 x16=0x00000009
           4586	      2289	00100214	f2d86ae3	bltu	x16,x13,100148	 x16:0x00000009 x13:0x00000000
           4588	      2290	00100218	03068e93	addi	x29,x13,48	 x13:0x00000000 x29=0x00000030
           4590	      2291	0010021c	00020f37	lui	x30,0x20	 x30=0x00020000
           4592	      2292	00100220	00851f93	slli	x31,x10,0x8	 x10:0x00000000 x31=0x00000000
           4596	      2294	00100224	01df2023	sw	x29,0(x30)	 x30:0x00020000 x29:0x00000030 PA:0x00020000 store:0x00000030 load:0x00000000
           4598	      2295	00100228	01cfd793	srli	x15,x31,0x1c	 x31:0x00000000 x15=0x00000000
           4600	      2296	0010022c	00900713	addi	x14,x0,9	  x0:0x00000000 x14=0x00000009
           4602	      2297	00100230	f2f76ae3	bltu	x14,x15,100164	 x14:0x00000009 x15:0x00000000
           4604	      2298	00100234	03078393	addi	x7,x15,48	 x15:0x00000000  x7=0x00000030
           4606	      2299	00100238	000205b7	lui	x11,0x20	 x11=0x00020000
           4608	      2300	0010023c	00c51613	slli	x12,x10,0xc	 x10:0x00000000 x12=0x00000000
           4612	      2302	00100240	0075a023	sw	x7,0(x11)	 x11:0x00020000  x7:0x00000030 PA:0x00020000 store:0x00000030 load:0x00000000
           4614	      2303	00100244	01c65693	srli	x13,x12,0x1c	 x12:0x00000000 x13=0x00000000
           4616	      2304	00100248	00900813	addi	x16,x0,9	  x0:0x00000000 x16=0x00000009
           4618	      2305	0010024c	f2d86ae3	bltu	x16,x13,100180	 x16:0x00000009 x13:0x00000000
           4620	      2306	00100250	03068e93	addi	x29,x13,48	 x13:0x00000000 x29=0x00000030
           4622	      2307	00100254	00020f37	lui	x30,0x20	 x30=0x00020000
           4624	      2308	00100258	01051f93	slli	x31,x10,0x10	 x10:0x00000000 x31=0x00000000
           4628	      2310	0010025c	01df2023	sw	x29,0(x30)	 x30:0x00020000 x29:0x00000030 PA:0x00020000 store:0x00000030 load:0x00000000
           4630	      2311	00100260	01cfd793	srli	x15,x31,0x1c	 x31:0x00000000 x15=0x00000000
           4632	      2312	00100264	00900713	addi	x14,x0,9	  x0:0x00000000 x14=0x00000009
           4634	      2313	00100268	f2f76ae3	bltu	x14,x15,10019c	 x14:0x00000009 x15:0x00000000
           4636	      2314	0010026c	03078393	addi	x7,x15,48	 x15:0x00000000  x7=0x00000030
           4638	      2315	00100270	000205b7	lui	x11,0x20	 x11=0x00020000
           4640	      2316	00100274	01451613	slli	x12,x10,0x14	 x10:0x00000000 x12=0x00000000
           4644	      2318	00100278	0075a023	sw	x7,0(x11)	 x11:0x00020000  x7:0x00000030 PA:0x00020000 store:0x00000030 load:0x00000000
           4646	      2319	0010027c	01c65693	srli	x13,x12,0x1c	 x12:0x00000000 x13=0x00000000
           4648	      2320	00100280	00900813	addi	x16,x0,9	  x0:0x00000000 x16=0x00000009
           4650	      2321	00100284	f2d86ae3	bltu	x16,x13,1001b8	 x16:0x00000009 x13:0x00000000
           4652	      2322	00100288	03068e93	addi	x29,x13,48	 x13:0x00000000 x29=0x00000030
           4654	      2323	0010028c	00020f37	lui	x30,0x20	 x30=0x00020000
           4656	      2324	00100290	01851f93	slli	x31,x10,0x18	 x10:0x00000000 x31=0x00000000
           4660	      2326	00100294	01df2023	sw	x29,0(x30)	 x30:0x00020000 x29:0x00000030 PA:0x00020000 store:0x00000030 load:0x00000000
           4662	      2327	00100298	01cfd793	srli	x15,x31,0x1c	 x31:0x00000000 x15=0x00000000
           4664	      2328	0010029c	00900713	addi	x14,x0,9	  x0:0x00000000 x14=0x00000009
           4666	      2329	001002a0	f2f76ae3	bltu	x14,x15,1001d4	 x14:0x00000009 x15:0x00000000
           4668	      2330	001002a4	03078393	addi	x7,x15,48	 x15:0x00000000  x7=0x00000030
           4670	      2331	001002a8	000205b7	lui	x11,0x20	 x11=0x00020000
           4674	      2333	001002ac	0075a023	sw	x7,0(x11)	 x11:0x00020000  x7:0x00000030 PA:0x00020000 store:0x00000030 load:0x00000000
           4676	      2334	001002b0	00f57513	andi	x10,x10,15	 x10:0x00000000 x10=0x00000000
           4678	      2335	001002b4	00900613	addi	x12,x0,9	  x0:0x00000000 x12=0x00000009
           4682	      2337	001002b8	f2a67ae3	bgeu	x12,x10,1001ec	 x12:0x00000009 x10:0x00000000
           4686	      2339	001001ec	03050893	addi	x17,x10,48	 x10:0x00000000 x17=0x00000030
           4688	      2340	001001f0	00020e37	lui	x28,0x20	 x28=0x00020000
           4692	      2342	001001f4	011e2023	sw	x17,0(x28)	 x28:0x00020000 x17:0x00000030 PA:0x00020000 store:0x00000030 load:0x00000000
           4696	      2344	001001f8	00008067	jalr	x0,0(x1)	  x1:0x00101224  x0=0x00000000
           4698	      2345	00101224	a18b0513	addi	x10,x22,-1512	 x22:0x00102000 x10=0x00101a18
           4702	      2347	00101228	e79fe0ef	jal	x1,1000a0	  x1=0x0010122c
           4706	      2349	001000a0	00054803	lbu	x16,0(x10)	 x10:0x00101a18 x16=0x00000020 PA:0x00101a18 store:0x00000000
           4708	      2350	001000a4	06080663	beq	x16,x0,100110	 x16:0x00000020  x0:0x00000000
           4710	      2351	001000a8	000207b7	lui	x15,0x20	 x15=0x00020000
           4714	      2353	001000ac	0107a023	sw	x16,0(x15)	 x15:0x00020000 x16:0x00000020 PA:0x00020000 store:0x00000020 load:0x00000000
           4718	      2355	001000b0	00154703	lbu	x14,1(x10)	 x10:0x00101a18 x14=0x00000072 PA:0x00101a19 store:0x0010122c
           4720	      2356	001000b4	04070e63	beq	x14,x0,100110	 x14:0x00000072  x0:0x00000000
           4724	      2358	001000b8	00e7a023	sw	x14,0(x15)	 x15:0x00020000 x14:0x00000072 PA:0x00020000 store:0x00000072 load:0x00000000
           4728	      2360	001000bc	00254283	lbu	x5,2(x10)	 x10:0x00101a18  x5=0x00000065 PA:0x00101a1a store:0x00137fa0
           4730	      2361	001000c0	04028863	beq	x5,x0,100110	  x5:0x00000065  x0:0x00000000
           4734	      2363	001000c4	0057a023	sw	x5,0(x15)	 x15:0x00020000  x5:0x00000065 PA:0x00020000 store:0x00000065 load:0x00000000
           4738	      2365	001000c8	00354303	lbu	x6,3(x10)	 x10:0x00101a18  x6=0x00000073 PA:0x00101a1b store:0x00000000
           4740	      2366	001000cc	04030263	beq	x6,x0,100110	  x6:0x00000073  x0:0x00000000
           4744	      2368	001000d0	0067a023	sw	x6,0(x15)	 x15:0x00020000  x6:0x00000073 PA:0x00020000 store:0x00000073 load:0x00000000
           4748	      2370	001000d4	00454383	lbu	x7,4(x10)	 x10:0x00101a18  x7=0x00000075 PA:0x00101a1c store:0x00000000
           4750	      2371	001000d8	02038c63	beq	x7,x0,100110	  x7:0x00000075  x0:0x00000000
           4754	      2373	001000dc	0077a023	sw	x7,0(x15)	 x15:0x00020000  x7:0x00000075 PA:0x00020000 store:0x00000075 load:0x00000000
           4758	      2375	001000e0	00554583	lbu	x11,5(x10)	 x10:0x00101a18 x11=0x0000006c PA:0x00101a1d store:0x00000065
           4760	      2376	001000e4	02058663	beq	x11,x0,100110	 x11:0x0000006c  x0:0x00000000
           4764	      2378	001000e8	00b7a023	sw	x11,0(x15)	 x15:0x00020000 x11:0x0000006c PA:0x00020000 store:0x0000006c load:0x00000000
           4768	      2380	001000ec	00654603	lbu	x12,6(x10)	 x10:0x00101a18 x12=0x00000074 PA:0x00101a1e store:0x00000073
           4770	      2381	001000f0	02060063	beq	x12,x0,100110	 x12:0x00000074  x0:0x00000000
           4774	      2383	001000f4	00c7a023	sw	x12,0(x15)	 x15:0x00020000 x12:0x00000074 PA:0x00020000 store:0x00000074 load:0x00000000
           4778	      2385	001000f8	00754683	lbu	x13,7(x10)	 x10:0x00101a18 x13=0x0000003a PA:0x00101a1f store:0x00000075
           4780	      2386	001000fc	00850513	addi	x10,x10,8	 x10:0x00101a18 x10=0x00101a20
           4782	      2387	00100100	00068863	beq	x13,x0,100110	 x13:0x0000003a  x0:0x00000000
           4786	      2389	00100104	00d7a023	sw	x13,0(x15)	 x15:0x00020000 x13:0x0000003a PA:0x00020000 store:0x0000003a load:0x00000000
           4790	      2391	00100108	00054803	lbu	x16,0(x10)	 x10:0x00101a20 x16=0x00000020 PA:0x00101a20 store:0x00000000
           4794	      2393	0010010c	fa0810e3	bne	x16,x0,1000ac	 x16:0x00000020  x0:0x00000000
           4800	      2396	001000ac	0107a023	sw	x16,0(x15)	 x15:0x00020000 x16:0x00000020 PA:0x00020000 store:0x00000020 load:0x00000000
           4804	      2398	001000b0	00154703	lbu	x14,1(x10)	 x10:0x00101a20 x14=0x00000000 PA:0x00101a21 store:0x0010122c
           4808	      2400	001000b4	04070e63	beq	x14,x0,100110	 x14:0x00000000  x0:0x00000000
           4812	      2402	00100110	00000513	addi	x10,x0,0	  x0:0x00000000 x10=0x00000000
           4816	      2404	00100114	00008067	jalr	x0,0(x1)	  x1:0x0010122c  x0=0x00000000
           4820	      2406	0010122c	cf8a2503	lw	x10,-776(x20)	 x20:0x00102000 x10=0x40771efb PA:0x00101cf8 store:0x00000000
           4822	      2407	00101230	001c0d93	addi	x27,x24,1	 x24:0x00000000 x27=0x00000001
           4826	      2409	00101234	eedfe0ef	jal	x1,100120	  x1=0x00101238
           4828	      2410	00100120	01c55793	srli	x15,x10,0x1c	 x10:0x40771efb x15=0x00000004
           4830	      2411	00100124	00900713	addi	x14,x0,9	  x0:0x00000000 x14=0x00000009
           4834	      2413	00100128	0cf77a63	bgeu	x14,x15,1001fc	 x14:0x00000009 x15:0x00000004
           4838	      2415	001001fc	03078393	addi	x7,x15,48	 x15:0x00000004  x7=0x00000034
           4840	      2416	00100200	000205b7	lui	x11,0x20	 x11=0x00020000
           4842	      2417	00100204	00451613	slli	x12,x10,0x4	 x10:0x40771efb x12=0x0771efb0
           4846	      2419	00100208	0075a023	sw	x7,0(x11)	 x11:0x00020000  x7:0x00000034 PA:0x00020000 store:0x00000034 load:0x00000000
           4848	      2420	0010020c	01c65693	srli	x13,x12,0x1c	 x12:0x0771efb0 x13=0x00000000
           4850	      2421	00100210	00900813	addi	x16,x0,9	  x0:0x00000000 x16=0x00000009
           4852	      2422	00100214	f2d86ae3	bltu	x16,x13,100148	 x16:0x00000009 x13:0x00000000
           4854	      2423	00100218	03068e93	addi	x29,x13,48	 x13:0x00000000 x29=0x00000030
           4856	      2424	0010021c	00020f37	lui	x30,0x20	 x30=0x00020000
           4858	      2425	00100220	00851f93	slli	x31,x10,0x8	 x10:0x40771efb x31=0x771efb00
           4862	      2427	00100224	01df2023	sw	x29,0(x30)	 x30:0x00020000 x29:0x00000030 PA:0x00020000 store:0x00000030 load:0x00000000
           4864	      2428	00100228	01cfd793	srli	x15,x31,0x1c	 x31:0x771efb00 x15=0x00000007
           4866	      2429	0010022c	00900713	addi	x14,x0,9	  x0:0x00000000 x14=0x00000009
           4868	      2430	00100230	f2f76ae3	bltu	x14,x15,100164	 x14:0x00000009 x15:0x00000007
           4870	      2431	00100234	03078393	addi	x7,x15,48	 x15:0x00000007  x7=0x00000037
           4872	      2432	00100238	000205b7	lui	x11,0x20	 x11=0x00020000
           4874	      2433	0010023c	00c51613	slli	x12,x10,0xc	 x10:0x40771efb x12=0x71efb000
           4878	      2435	00100240	0075a023	sw	x7,0(x11)	 x11:0x00020000  x7:0x00000037 PA:0x00020000 store:0x00000037 load:0x00000000
           4880	      2436	00100244	01c65693	srli	x13,x12,0x1c	 x12:0x71efb000 x13=0x00000007
           4882	      2437	00100248	00900813	addi	x16,x0,9	  x0:0x00000000 x16=0x00000009
           4884	      2438	0010024c	f2d86ae3	bltu	x16,x13,100180	 x16:0x00000009 x13:0x00000007
           4886	      2439	00100250	03068e93	addi	x29,x13,48	 x13:0x00000007 x29=0x00000037
           4888	      2440	00100254	00020f37	lui	x30,0x20	 x30=0x00020000
           4890	      2441	00100258	01051f93	slli	x31,x10,0x10	 x10:0x40771efb x31=0x1efb0000
           4894	      2443	0010025c	01df2023	sw	x29,0(x30)	 x30:0x00020000 x29:0x00000037 PA:0x00020000 store:0x00000037 load:0x00000000
           4896	      2444	00100260	01cfd793	srli	x15,x31,0x1c	 x31:0x1efb0000 x15=0x00000001
           4898	      2445	00100264	00900713	addi	x14,x0,9	  x0:0x00000000 x14=0x00000009
           4900	      2446	00100268	f2f76ae3	bltu	x14,x15,10019c	 x14:0x00000009 x15:0x00000001
           4902	      2447	0010026c	03078393	addi	x7,x15,48	 x15:0x00000001  x7=0x00000031
           4904	      2448	00100270	000205b7	lui	x11,0x20	 x11=0x00020000
           4906	      2449	00100274	01451613	slli	x12,x10,0x14	 x10:0x40771efb x12=0xefb00000
           4910	      2451	00100278	0075a023	sw	x7,0(x11)	 x11:0x00020000  x7:0x00000031 PA:0x00020000 store:0x00000031 load:0x00000000
           4912	      2452	0010027c	01c65693	srli	x13,x12,0x1c	 x12:0xefb00000 x13=0x0000000e
           4914	      2453	00100280	00900813	addi	x16,x0,9	  x0:0x00000000 x16=0x00000009
           4918	      2455	00100284	f2d86ae3	bltu	x16,x13,1001b8	 x16:0x00000009 x13:0x0000000e
           4922	      2457	001001b8	03768893	addi	x17,x13,55	 x13:0x0000000e x17=0x00000045
           4924	      2458	001001bc	00020e37	lui	x28,0x20	 x28=0x00020000
           4926	      2459	001001c0	01851f93	slli	x31,x10,0x18	 x10:0x40771efb x31=0xfb000000
           4930	      2461	001001c4	011e2023	sw	x17,0(x28)	 x28:0x00020000 x17:0x00000045 PA:0x00020000 store:0x00000045 load:0x00000000
           4932	      2462	001001c8	01cfd793	srli	x15,x31,0x1c	 x31:0xfb000000 x15=0x0000000f
           4934	      2463	001001cc	00900713	addi	x14,x0,9	  x0:0x00000000 x14=0x00000009
           4936	      2464	001001d0	0cf77a63	bgeu	x14,x15,1002a4	 x14:0x00000009 x15:0x0000000f
           4938	      2465	001001d4	03778293	addi	x5,x15,55	 x15:0x0000000f  x5=0x00000046
           4940	      2466	001001d8	00020337	lui	x6,0x20	  x6=0x00020000
           4944	      2468	001001dc	00532023	sw	x5,0(x6)	  x6:0x00020000  x5:0x00000046 PA:0x00020000 store:0x00000046 load:0x00000000
           4946	      2469	001001e0	00f57513	andi	x10,x10,15	 x10:0x40771efb x10=0x0000000b
           4948	      2470	001001e4	00900613	addi	x12,x0,9	  x0:0x00000000 x12=0x00000009
           4952	      2472	001001e8	0ca66a63	bltu	x12,x10,1002bc	 x12:0x00000009 x10:0x0000000b
           4956	      2474	001002bc	03750693	addi	x13,x10,55	 x10:0x0000000b x13=0x00000042
           4958	      2475	001002c0	00020837	lui	x16,0x20	 x16=0x00020000
           4962	      2477	001002c4	00d82023	sw	x13,0(x16)	 x16:0x00020000 x13:0x00000042 PA:0x00020000 store:0x00000042 load:0x00000000
           4972	      2482	001002c8	00008067	jalr	x0,0(x1)	  x1:0x00101238  x0=0x00000000
           4974	      2483	00101238	d089ae87	flw	f29,-760(x19)	 f19:0x00102000 f29=0x00000000 PA:0x00101d08 store:0x4598f2e4
           4976	      2484	0010123c	d24baf07	flw	f30,-732(x23)	 f23:0x00102000 f30=0x00000000 PA:0x00101d24 store:0x442e010d
           4998	      2495	00101240	a10a8513	addi	x10,x21,-1520	 x21:0x00102000 x10=0x00101a10
           5000	      2496	00101244	19eeffd3	fdiv.s	f31,f29,f30	 f29:0x00000037 f30:0x00020000 f31=0x00000000
           5002	      2497	00101248	d1f9a427	fsw	f31,-760(x19)	 f19:0x00102000 f31:0xfb000000 PA:0x00101d08 store:0x3d00546c load:0x42f67c6a
           5006	      2499	0010124c	d089a007	flw	f0,-760(x19)	 f19:0x00102000  f0=0x00000000 PA:0x00101d08 store:0x4598f2e4
           5008	      2500	00101250	e0000e53	fmv.x.w	x28,f0	  f0:0x00000000 x28=0x3d00546c
           5010	      2501	00101254	cfca2c23	sw	x28,-776(x20)	 x20:0x00102000 x28:0x3d00546c PA:0x00101cf8 store:0x3d00546c load:0x3d00546c
           5014	      2503	00101258	e49fe0ef	jal	x1,1000a0	  x1=0x0010125c
           5018	      2505	001000a0	00054803	lbu	x16,0(x10)	 x10:0x00101a10 x16=0x0000000a PA:0x00101a10 store:0x00000000
           5020	      2506	001000a4	06080663	beq	x16,x0,100110	 x16:0x0000000a  x0:0x00000000
           5022	      2507	001000a8	000207b7	lui	x15,0x20	 x15=0x00020000
           5026	      2509	001000ac	0107a023	sw	x16,0(x15)	 x15:0x00020000 x16:0x0000000a PA:0x00020000 store:0x0000000a load:0x00000000
           5030	      2511	001000b0	00154703	lbu	x14,1(x10)	 x10:0x00101a10 x14=0x00000020 PA:0x00101a11 store:0x0010125c
           5032	      2512	001000b4	04070e63	beq	x14,x0,100110	 x14:0x00000020  x0:0x00000000
           5036	      2514	001000b8	00e7a023	sw	x14,0(x15)	 x15:0x00020000 x14:0x00000020 PA:0x00020000 store:0x00000020 load:0x00000000
           5040	      2516	001000bc	00254283	lbu	x5,2(x10)	 x10:0x00101a10  x5=0x00000069 PA:0x00101a12 store:0x00137fa0
           5042	      2517	001000c0	04028863	beq	x5,x0,100110	  x5:0x00000069  x0:0x00000000
           5046	      2519	001000c4	0057a023	sw	x5,0(x15)	 x15:0x00020000  x5:0x00000069 PA:0x00020000 store:0x00000069 load:0x00000000
           5050	      2521	001000c8	00354303	lbu	x6,3(x10)	 x10:0x00101a10  x6=0x0000003d PA:0x00101a13 store:0x00000000
           5052	      2522	001000cc	04030263	beq	x6,x0,100110	  x6:0x0000003d  x0:0x00000000
           5056	      2524	001000d0	0067a023	sw	x6,0(x15)	 x15:0x00020000  x6:0x0000003d PA:0x00020000 store:0x0000003d load:0x00000000
           5060	      2526	001000d4	00454383	lbu	x7,4(x10)	 x10:0x00101a10  x7=0x00000000 PA:0x00101a14 store:0x00000000
           5064	      2528	001000d8	02038c63	beq	x7,x0,100110	  x7:0x00000000  x0:0x00000000
           5068	      2530	00100110	00000513	addi	x10,x0,0	  x0:0x00000000 x10=0x00000000
           5072	      2532	00100114	00008067	jalr	x0,0(x1)	  x1:0x0010125c  x0=0x00000000
           5074	      2533	0010125c	000d8513	addi	x10,x27,0	 x27:0x00000001 x10=0x00000001
           5078	      2535	00101260	ec1fe0ef	jal	x1,100120	  x1=0x00101264
           5080	      2536	00100120	01c55793	srli	x15,x10,0x1c	 x10:0x00000001 x15=0x00000000
           5082	      2537	00100124	00900713	addi	x14,x0,9	  x0:0x00000000 x14=0x00000009
           5086	      2539	00100128	0cf77a63	bgeu	x14,x15,1001fc	 x14:0x00000009 x15:0x00000000
           5090	      2541	001001fc	03078393	addi	x7,x15,48	 x15:0x00000000  x7=0x00000030
           5092	      2542	00100200	000205b7	lui	x11,0x20	 x11=0x00020000
           5094	      2543	00100204	00451613	slli	x12,x10,0x4	 x10:0x00000001 x12=0x00000010
           5098	      2545	00100208	0075a023	sw	x7,0(x11)	 x11:0x00020000  x7:0x00000030 PA:0x00020000 store:0x00000030 load:0x00000000
           5100	      2546	0010020c	01c65693	srli	x13,x12,0x1c	 x12:0x00000010 x13=0x00000000
           5102	      2547	00100210	00900813	addi	x16,x0,9	  x0:0x00000000 x16=0x00000009
           5104	      2548	00100214	f2d86ae3	bltu	x16,x13,100148	 x16:0x00000009 x13:0x00000000
           5106	      2549	00100218	03068e93	addi	x29,x13,48	 x13:0x00000000 x29=0x00000030
           5108	      2550	0010021c	00020f37	lui	x30,0x20	 x30=0x00020000
           5110	      2551	00100220	00851f93	slli	x31,x10,0x8	 x10:0x00000001 x31=0x00000100
           5114	      2553	00100224	01df2023	sw	x29,0(x30)	 x30:0x00020000 x29:0x00000030 PA:0x00020000 store:0x00000030 load:0x00000000
           5116	      2554	00100228	01cfd793	srli	x15,x31,0x1c	 x31:0x00000100 x15=0x00000000
           5118	      2555	0010022c	00900713	addi	x14,x0,9	  x0:0x00000000 x14=0x00000009
           5120	      2556	00100230	f2f76ae3	bltu	x14,x15,100164	 x14:0x00000009 x15:0x00000000
           5122	      2557	00100234	03078393	addi	x7,x15,48	 x15:0x00000000  x7=0x00000030
           5124	      2558	00100238	000205b7	lui	x11,0x20	 x11=0x00020000
           5126	      2559	0010023c	00c51613	slli	x12,x10,0xc	 x10:0x00000001 x12=0x00001000
           5130	      2561	00100240	0075a023	sw	x7,0(x11)	 x11:0x00020000  x7:0x00000030 PA:0x00020000 store:0x00000030 load:0x00000000
           5132	      2562	00100244	01c65693	srli	x13,x12,0x1c	 x12:0x00001000 x13=0x00000000
           5134	      2563	00100248	00900813	addi	x16,x0,9	  x0:0x00000000 x16=0x00000009
           5136	      2564	0010024c	f2d86ae3	bltu	x16,x13,100180	 x16:0x00000009 x13:0x00000000
           5138	      2565	00100250	03068e93	addi	x29,x13,48	 x13:0x00000000 x29=0x00000030
           5140	      2566	00100254	00020f37	lui	x30,0x20	 x30=0x00020000
           5142	      2567	00100258	01051f93	slli	x31,x10,0x10	 x10:0x00000001 x31=0x00010000
           5146	      2569	0010025c	01df2023	sw	x29,0(x30)	 x30:0x00020000 x29:0x00000030 PA:0x00020000 store:0x00000030 load:0x00000000
           5148	      2570	00100260	01cfd793	srli	x15,x31,0x1c	 x31:0x00010000 x15=0x00000000
           5150	      2571	00100264	00900713	addi	x14,x0,9	  x0:0x00000000 x14=0x00000009
           5152	      2572	00100268	f2f76ae3	bltu	x14,x15,10019c	 x14:0x00000009 x15:0x00000000
           5154	      2573	0010026c	03078393	addi	x7,x15,48	 x15:0x00000000  x7=0x00000030
           5156	      2574	00100270	000205b7	lui	x11,0x20	 x11=0x00020000
           5158	      2575	00100274	01451613	slli	x12,x10,0x14	 x10:0x00000001 x12=0x00100000
           5162	      2577	00100278	0075a023	sw	x7,0(x11)	 x11:0x00020000  x7:0x00000030 PA:0x00020000 store:0x00000030 load:0x00000000
           5164	      2578	0010027c	01c65693	srli	x13,x12,0x1c	 x12:0x00100000 x13=0x00000000
           5166	      2579	00100280	00900813	addi	x16,x0,9	  x0:0x00000000 x16=0x00000009
           5168	      2580	00100284	f2d86ae3	bltu	x16,x13,1001b8	 x16:0x00000009 x13:0x00000000
           5170	      2581	00100288	03068e93	addi	x29,x13,48	 x13:0x00000000 x29=0x00000030
           5172	      2582	0010028c	00020f37	lui	x30,0x20	 x30=0x00020000
           5174	      2583	00100290	01851f93	slli	x31,x10,0x18	 x10:0x00000001 x31=0x01000000
           5178	      2585	00100294	01df2023	sw	x29,0(x30)	 x30:0x00020000 x29:0x00000030 PA:0x00020000 store:0x00000030 load:0x00000000
           5180	      2586	00100298	01cfd793	srli	x15,x31,0x1c	 x31:0x01000000 x15=0x00000000
           5182	      2587	0010029c	00900713	addi	x14,x0,9	  x0:0x00000000 x14=0x00000009
           5184	      2588	001002a0	f2f76ae3	bltu	x14,x15,1001d4	 x14:0x00000009 x15:0x00000000
           5186	      2589	001002a4	03078393	addi	x7,x15,48	 x15:0x00000000  x7=0x00000030
           5188	      2590	001002a8	000205b7	lui	x11,0x20	 x11=0x00020000
           5192	      2592	001002ac	0075a023	sw	x7,0(x11)	 x11:0x00020000  x7:0x00000030 PA:0x00020000 store:0x00000030 load:0x00000000
           5194	      2593	001002b0	00f57513	andi	x10,x10,15	 x10:0x00000001 x10=0x00000001
           5196	      2594	001002b4	00900613	addi	x12,x0,9	  x0:0x00000000 x12=0x00000009
           5200	      2596	001002b8	f2a67ae3	bgeu	x12,x10,1001ec	 x12:0x00000009 x10:0x00000001
           5204	      2598	001001ec	03050893	addi	x17,x10,48	 x10:0x00000001 x17=0x00000031
           5206	      2599	001001f0	00020e37	lui	x28,0x20	 x28=0x00020000
           5210	      2601	001001f4	011e2023	sw	x17,0(x28)	 x28:0x00020000 x17:0x00000031 PA:0x00020000 store:0x00000031 load:0x00000000
           5214	      2603	001001f8	00008067	jalr	x0,0(x1)	  x1:0x00101264  x0=0x00000000
           5216	      2604	00101264	a18b0513	addi	x10,x22,-1512	 x22:0x00102000 x10=0x00101a18
           5220	      2606	00101268	e39fe0ef	jal	x1,1000a0	  x1=0x0010126c
           5224	      2608	001000a0	00054803	lbu	x16,0(x10)	 x10:0x00101a18 x16=0x00000020 PA:0x00101a18 store:0x00000000
           5226	      2609	001000a4	06080663	beq	x16,x0,100110	 x16:0x00000020  x0:0x00000000
           5228	      2610	001000a8	000207b7	lui	x15,0x20	 x15=0x00020000
           5232	      2612	001000ac	0107a023	sw	x16,0(x15)	 x15:0x00020000 x16:0x00000020 PA:0x00020000 store:0x00000020 load:0x00000000
           5236	      2614	001000b0	00154703	lbu	x14,1(x10)	 x10:0x00101a18 x14=0x00000072 PA:0x00101a19 store:0x0010126c
           5238	      2615	001000b4	04070e63	beq	x14,x0,100110	 x14:0x00000072  x0:0x00000000
           5242	      2617	001000b8	00e7a023	sw	x14,0(x15)	 x15:0x00020000 x14:0x00000072 PA:0x00020000 store:0x00000072 load:0x00000000
           5246	      2619	001000bc	00254283	lbu	x5,2(x10)	 x10:0x00101a18  x5=0x00000065 PA:0x00101a1a store:0x00137fa0
           5248	      2620	001000c0	04028863	beq	x5,x0,100110	  x5:0x00000065  x0:0x00000000
           5252	      2622	001000c4	0057a023	sw	x5,0(x15)	 x15:0x00020000  x5:0x00000065 PA:0x00020000 store:0x00000065 load:0x00000000
           5256	      2624	001000c8	00354303	lbu	x6,3(x10)	 x10:0x00101a18  x6=0x00000073 PA:0x00101a1b store:0x00000000
           5258	      2625	001000cc	04030263	beq	x6,x0,100110	  x6:0x00000073  x0:0x00000000
           5262	      2627	001000d0	0067a023	sw	x6,0(x15)	 x15:0x00020000  x6:0x00000073 PA:0x00020000 store:0x00000073 load:0x00000000
           5266	      2629	001000d4	00454383	lbu	x7,4(x10)	 x10:0x00101a18  x7=0x00000075 PA:0x00101a1c store:0x00000000
           5268	      2630	001000d8	02038c63	beq	x7,x0,100110	  x7:0x00000075  x0:0x00000000
           5272	      2632	001000dc	0077a023	sw	x7,0(x15)	 x15:0x00020000  x7:0x00000075 PA:0x00020000 store:0x00000075 load:0x00000000
           5276	      2634	001000e0	00554583	lbu	x11,5(x10)	 x10:0x00101a18 x11=0x0000006c PA:0x00101a1d store:0x00000065
           5278	      2635	001000e4	02058663	beq	x11,x0,100110	 x11:0x0000006c  x0:0x00000000
           5282	      2637	001000e8	00b7a023	sw	x11,0(x15)	 x15:0x00020000 x11:0x0000006c PA:0x00020000 store:0x0000006c load:0x00000000
           5286	      2639	001000ec	00654603	lbu	x12,6(x10)	 x10:0x00101a18 x12=0x00000074 PA:0x00101a1e store:0x00000073
           5288	      2640	001000f0	02060063	beq	x12,x0,100110	 x12:0x00000074  x0:0x00000000
           5292	      2642	001000f4	00c7a023	sw	x12,0(x15)	 x15:0x00020000 x12:0x00000074 PA:0x00020000 store:0x00000074 load:0x00000000
           5296	      2644	001000f8	00754683	lbu	x13,7(x10)	 x10:0x00101a18 x13=0x0000003a PA:0x00101a1f store:0x00000075
           5298	      2645	001000fc	00850513	addi	x10,x10,8	 x10:0x00101a18 x10=0x00101a20
           5300	      2646	00100100	00068863	beq	x13,x0,100110	 x13:0x0000003a  x0:0x00000000
           5304	      2648	00100104	00d7a023	sw	x13,0(x15)	 x15:0x00020000 x13:0x0000003a PA:0x00020000 store:0x0000003a load:0x00000000
           5308	      2650	00100108	00054803	lbu	x16,0(x10)	 x10:0x00101a20 x16=0x00000020 PA:0x00101a20 store:0x00000000
           5312	      2652	0010010c	fa0810e3	bne	x16,x0,1000ac	 x16:0x00000020  x0:0x00000000
           5318	      2655	001000ac	0107a023	sw	x16,0(x15)	 x15:0x00020000 x16:0x00000020 PA:0x00020000 store:0x00000020 load:0x00000000
           5322	      2657	001000b0	00154703	lbu	x14,1(x10)	 x10:0x00101a20 x14=0x00000000 PA:0x00101a21 store:0x0010126c
           5326	      2659	001000b4	04070e63	beq	x14,x0,100110	 x14:0x00000000  x0:0x00000000
           5330	      2661	00100110	00000513	addi	x10,x0,0	  x0:0x00000000 x10=0x00000000
           5334	      2663	00100114	00008067	jalr	x0,0(x1)	  x1:0x0010126c  x0=0x00000000
           5338	      2665	0010126c	cf8a2503	lw	x10,-776(x20)	 x20:0x00102000 x10=0x3d00546c PA:0x00101cf8 store:0x00000000
           5340	      2666	00101270	002c0d93	addi	x27,x24,2	 x24:0x00000000 x27=0x00000002
           5344	      2668	00101274	eadfe0ef	jal	x1,100120	  x1=0x00101278
           5346	      2669	00100120	01c55793	srli	x15,x10,0x1c	 x10:0x3d00546c x15=0x00000003
           5348	      2670	00100124	00900713	addi	x14,x0,9	  x0:0x00000000 x14=0x00000009
           5352	      2672	00100128	0cf77a63	bgeu	x14,x15,1001fc	 x14:0x00000009 x15:0x00000003
           5356	      2674	001001fc	03078393	addi	x7,x15,48	 x15:0x00000003  x7=0x00000033
           5358	      2675	00100200	000205b7	lui	x11,0x20	 x11=0x00020000
           5360	      2676	00100204	00451613	slli	x12,x10,0x4	 x10:0x3d00546c x12=0xd00546c0
           5364	      2678	00100208	0075a023	sw	x7,0(x11)	 x11:0x00020000  x7:0x00000033 PA:0x00020000 store:0x00000033 load:0x00000000
           5366	      2679	0010020c	01c65693	srli	x13,x12,0x1c	 x12:0xd00546c0 x13=0x0000000d
           5368	      2680	00100210	00900813	addi	x16,x0,9	  x0:0x00000000 x16=0x00000009
           5372	      2682	00100214	f2d86ae3	bltu	x16,x13,100148	 x16:0x00000009 x13:0x0000000d
           5376	      2684	00100148	03768893	addi	x17,x13,55	 x13:0x0000000d x17=0x00000044
           5378	      2685	0010014c	00020e37	lui	x28,0x20	 x28=0x00020000
           5380	      2686	00100150	00851f93	slli	x31,x10,0x8	 x10:0x3d00546c x31=0x00546c00
           5384	      2688	00100154	011e2023	sw	x17,0(x28)	 x28:0x00020000 x17:0x00000044 PA:0x00020000 store:0x00000044 load:0x00000000
           5386	      2689	00100158	01cfd793	srli	x15,x31,0x1c	 x31:0x00546c00 x15=0x00000000
           5388	      2690	0010015c	00900713	addi	x14,x0,9	  x0:0x00000000 x14=0x00000009
           5392	      2692	00100160	0cf77a63	bgeu	x14,x15,100234	 x14:0x00000009 x15:0x00000000
           5396	      2694	00100234	03078393	addi	x7,x15,48	 x15:0x00000000  x7=0x00000030
           5398	      2695	00100238	000205b7	lui	x11,0x20	 x11=0x00020000
           5400	      2696	0010023c	00c51613	slli	x12,x10,0xc	 x10:0x3d00546c x12=0x0546c000
           5404	      2698	00100240	0075a023	sw	x7,0(x11)	 x11:0x00020000  x7:0x00000030 PA:0x00020000 store:0x00000030 load:0x00000000
           5406	      2699	00100244	01c65693	srli	x13,x12,0x1c	 x12:0x0546c000 x13=0x00000000
           5408	      2700	00100248	00900813	addi	x16,x0,9	  x0:0x00000000 x16=0x00000009
           5410	      2701	0010024c	f2d86ae3	bltu	x16,x13,100180	 x16:0x00000009 x13:0x00000000
           5412	      2702	00100250	03068e93	addi	x29,x13,48	 x13:0x00000000 x29=0x00000030
           5414	      2703	00100254	00020f37	lui	x30,0x20	 x30=0x00020000
           5416	      2704	00100258	01051f93	slli	x31,x10,0x10	 x10:0x3d00546c x31=0x546c0000
           5420	      2706	0010025c	01df2023	sw	x29,0(x30)	 x30:0x00020000 x29:0x00000030 PA:0x00020000 store:0x00000030 load:0x00000000
           5422	      2707	00100260	01cfd793	srli	x15,x31,0x1c	 x31:0x546c0000 x15=0x00000005
           5424	      2708	00100264	00900713	addi	x14,x0,9	  x0:0x00000000 x14=0x00000009
           5426	      2709	00100268	f2f76ae3	bltu	x14,x15,10019c	 x14:0x00000009 x15:0x00000005
           5428	      2710	0010026c	03078393	addi	x7,x15,48	 x15:0x00000005  x7=0x00000035
           5430	      2711	00100270	000205b7	lui	x11,0x20	 x11=0x00020000
           5432	      2712	00100274	01451613	slli	x12,x10,0x14	 x10:0x3d00546c x12=0x46c00000
           5436	      2714	00100278	0075a023	sw	x7,0(x11)	 x11:0x00020000  x7:0x00000035 PA:0x00020000 store:0x00000035 load:0x00000000
           5438	      2715	0010027c	01c65693	srli	x13,x12,0x1c	 x12:0x46c00000 x13=0x00000004
           5440	      2716	00100280	00900813	addi	x16,x0,9	  x0:0x00000000 x16=0x00000009
           5442	      2717	00100284	f2d86ae3	bltu	x16,x13,1001b8	 x16:0x00000009 x13:0x00000004
           5444	      2718	00100288	03068e93	addi	x29,x13,48	 x13:0x00000004 x29=0x00000034
           5446	      2719	0010028c	00020f37	lui	x30,0x20	 x30=0x00020000
           5448	      2720	00100290	01851f93	slli	x31,x10,0x18	 x10:0x3d00546c x31=0x6c000000
           5452	      2722	00100294	01df2023	sw	x29,0(x30)	 x30:0x00020000 x29:0x00000034 PA:0x00020000 store:0x00000034 load:0x00000000
           5454	      2723	00100298	01cfd793	srli	x15,x31,0x1c	 x31:0x6c000000 x15=0x00000006
           5456	      2724	0010029c	00900713	addi	x14,x0,9	  x0:0x00000000 x14=0x00000009
           5458	      2725	001002a0	f2f76ae3	bltu	x14,x15,1001d4	 x14:0x00000009 x15:0x00000006
           5460	      2726	001002a4	03078393	addi	x7,x15,48	 x15:0x00000006  x7=0x00000036
           5462	      2727	001002a8	000205b7	lui	x11,0x20	 x11=0x00020000
           5466	      2729	001002ac	0075a023	sw	x7,0(x11)	 x11:0x00020000  x7:0x00000036 PA:0x00020000 store:0x00000036 load:0x00000000
           5468	      2730	001002b0	00f57513	andi	x10,x10,15	 x10:0x3d00546c x10=0x0000000c
           5470	      2731	001002b4	00900613	addi	x12,x0,9	  x0:0x00000000 x12=0x00000009
           5472	      2732	001002b8	f2a67ae3	bgeu	x12,x10,1001ec	 x12:0x00000009 x10:0x0000000c
           5474	      2733	001002bc	03750693	addi	x13,x10,55	 x10:0x0000000c x13=0x00000043
           5476	      2734	001002c0	00020837	lui	x16,0x20	 x16=0x00020000
           5480	      2736	001002c4	00d82023	sw	x13,0(x16)	 x16:0x00020000 x13:0x00000043 PA:0x00020000 store:0x00000043 load:0x00000000
           5490	      2741	001002c8	00008067	jalr	x0,0(x1)	  x1:0x00101278  x0=0x00000000
           5492	      2742	00101278	d089a087	flw	f1,-760(x19)	 f19:0x00102000  f1=0x00000000 PA:0x00101d08 store:0x4598f2e4
           5494	      2743	0010127c	d24ba107	flw	f2,-732(x23)	 f23:0x00102000  f2=0x00000000 PA:0x00101d24 store:0x442e010d
           5516	      2754	00101280	a10a8513	addi	x10,x21,-1520	 x21:0x00102000 x10=0x00101a10
           5518	      2755	00101284	1820f753	fdiv.s	f14,f1,f2	  f1:0x00101278  f2:0x00137fa0 f14=0x00000000
           5520	      2756	00101288	d0e9a427	fsw	f14,-760(x19)	 f19:0x00102000 f14:0x00000009 PA:0x00101d08 store:0x3985487a load:0x42f67c6a
           5524	      2758	0010128c	d089a787	flw	f15,-760(x19)	 f19:0x00102000 f15=0x00000000 PA:0x00101d08 store:0x4598f2e4
           5526	      2759	00101290	e0078ed3	fmv.x.w	x29,f15	 f15:0x00000006 x29=0x3985487a
           5528	      2760	00101294	cfda2c23	sw	x29,-776(x20)	 x20:0x00102000 x29:0x3985487a PA:0x00101cf8 store:0x3985487a load:0x3985487a
           5532	      2762	00101298	e09fe0ef	jal	x1,1000a0	  x1=0x0010129c
           5536	      2764	001000a0	00054803	lbu	x16,0(x10)	 x10:0x00101a10 x16=0x0000000a PA:0x00101a10 store:0x00000000
           5538	      2765	001000a4	06080663	beq	x16,x0,100110	 x16:0x0000000a  x0:0x00000000
           5540	      2766	001000a8	000207b7	lui	x15,0x20	 x15=0x00020000
           5544	      2768	001000ac	0107a023	sw	x16,0(x15)	 x15:0x00020000 x16:0x0000000a PA:0x00020000 store:0x0000000a load:0x00000000
           5548	      2770	001000b0	00154703	lbu	x14,1(x10)	 x10:0x00101a10 x14=0x00000020 PA:0x00101a11 store:0x0010129c
           5550	      2771	001000b4	04070e63	beq	x14,x0,100110	 x14:0x00000020  x0:0x00000000
           5554	      2773	001000b8	00e7a023	sw	x14,0(x15)	 x15:0x00020000 x14:0x00000020 PA:0x00020000 store:0x00000020 load:0x00000000
           5558	      2775	001000bc	00254283	lbu	x5,2(x10)	 x10:0x00101a10  x5=0x00000069 PA:0x00101a12 store:0x00137fa0
           5560	      2776	001000c0	04028863	beq	x5,x0,100110	  x5:0x00000069  x0:0x00000000
           5564	      2778	001000c4	0057a023	sw	x5,0(x15)	 x15:0x00020000  x5:0x00000069 PA:0x00020000 store:0x00000069 load:0x00000000
           5568	      2780	001000c8	00354303	lbu	x6,3(x10)	 x10:0x00101a10  x6=0x0000003d PA:0x00101a13 store:0x00000000
           5570	      2781	001000cc	04030263	beq	x6,x0,100110	  x6:0x0000003d  x0:0x00000000
           5574	      2783	001000d0	0067a023	sw	x6,0(x15)	 x15:0x00020000  x6:0x0000003d PA:0x00020000 store:0x0000003d load:0x00000000
           5578	      2785	001000d4	00454383	lbu	x7,4(x10)	 x10:0x00101a10  x7=0x00000000 PA:0x00101a14 store:0x00000000
           5582	      2787	001000d8	02038c63	beq	x7,x0,100110	  x7:0x00000000  x0:0x00000000
           5586	      2789	00100110	00000513	addi	x10,x0,0	  x0:0x00000000 x10=0x00000000
           5590	      2791	00100114	00008067	jalr	x0,0(x1)	  x1:0x0010129c  x0=0x00000000
           5592	      2792	0010129c	000d8513	addi	x10,x27,0	 x27:0x00000002 x10=0x00000002
           5596	      2794	001012a0	e81fe0ef	jal	x1,100120	  x1=0x001012a4
           5598	      2795	00100120	01c55793	srli	x15,x10,0x1c	 x10:0x00000002 x15=0x00000000
           5600	      2796	00100124	00900713	addi	x14,x0,9	  x0:0x00000000 x14=0x00000009
           5604	      2798	00100128	0cf77a63	bgeu	x14,x15,1001fc	 x14:0x00000009 x15:0x00000000
           5608	      2800	001001fc	03078393	addi	x7,x15,48	 x15:0x00000000  x7=0x00000030
           5610	      2801	00100200	000205b7	lui	x11,0x20	 x11=0x00020000
           5612	      2802	00100204	00451613	slli	x12,x10,0x4	 x10:0x00000002 x12=0x00000020
           5616	      2804	00100208	0075a023	sw	x7,0(x11)	 x11:0x00020000  x7:0x00000030 PA:0x00020000 store:0x00000030 load:0x00000000
           5618	      2805	0010020c	01c65693	srli	x13,x12,0x1c	 x12:0x00000020 x13=0x00000000
           5620	      2806	00100210	00900813	addi	x16,x0,9	  x0:0x00000000 x16=0x00000009
           5622	      2807	00100214	f2d86ae3	bltu	x16,x13,100148	 x16:0x00000009 x13:0x00000000
           5624	      2808	00100218	03068e93	addi	x29,x13,48	 x13:0x00000000 x29=0x00000030
           5626	      2809	0010021c	00020f37	lui	x30,0x20	 x30=0x00020000
           5628	      2810	00100220	00851f93	slli	x31,x10,0x8	 x10:0x00000002 x31=0x00000200
           5632	      2812	00100224	01df2023	sw	x29,0(x30)	 x30:0x00020000 x29:0x00000030 PA:0x00020000 store:0x00000030 load:0x00000000
           5634	      2813	00100228	01cfd793	srli	x15,x31,0x1c	 x31:0x00000200 x15=0x00000000
           5636	      2814	0010022c	00900713	addi	x14,x0,9	  x0:0x00000000 x14=0x00000009
           5638	      2815	00100230	f2f76ae3	bltu	x14,x15,100164	 x14:0x00000009 x15:0x00000000
           5640	      2816	00100234	03078393	addi	x7,x15,48	 x15:0x00000000  x7=0x00000030
           5642	      2817	00100238	000205b7	lui	x11,0x20	 x11=0x00020000
           5644	      2818	0010023c	00c51613	slli	x12,x10,0xc	 x10:0x00000002 x12=0x00002000
           5648	      2820	00100240	0075a023	sw	x7,0(x11)	 x11:0x00020000  x7:0x00000030 PA:0x00020000 store:0x00000030 load:0x00000000
           5650	      2821	00100244	01c65693	srli	x13,x12,0x1c	 x12:0x00002000 x13=0x00000000
           5652	      2822	00100248	00900813	addi	x16,x0,9	  x0:0x00000000 x16=0x00000009
           5654	      2823	0010024c	f2d86ae3	bltu	x16,x13,100180	 x16:0x00000009 x13:0x00000000
           5656	      2824	00100250	03068e93	addi	x29,x13,48	 x13:0x00000000 x29=0x00000030
           5658	      2825	00100254	00020f37	lui	x30,0x20	 x30=0x00020000
           5660	      2826	00100258	01051f93	slli	x31,x10,0x10	 x10:0x00000002 x31=0x00020000
           5664	      2828	0010025c	01df2023	sw	x29,0(x30)	 x30:0x00020000 x29:0x00000030 PA:0x00020000 store:0x00000030 load:0x00000000
           5666	      2829	00100260	01cfd793	srli	x15,x31,0x1c	 x31:0x00020000 x15=0x00000000
           5668	      2830	00100264	00900713	addi	x14,x0,9	  x0:0x00000000 x14=0x00000009
           5670	      2831	00100268	f2f76ae3	bltu	x14,x15,10019c	 x14:0x00000009 x15:0x00000000
           5672	      2832	0010026c	03078393	addi	x7,x15,48	 x15:0x00000000  x7=0x00000030
           5674	      2833	00100270	000205b7	lui	x11,0x20	 x11=0x00020000
           5676	      2834	00100274	01451613	slli	x12,x10,0x14	 x10:0x00000002 x12=0x00200000
           5680	      2836	00100278	0075a023	sw	x7,0(x11)	 x11:0x00020000  x7:0x00000030 PA:0x00020000 store:0x00000030 load:0x00000000
           5682	      2837	0010027c	01c65693	srli	x13,x12,0x1c	 x12:0x00200000 x13=0x00000000
           5684	      2838	00100280	00900813	addi	x16,x0,9	  x0:0x00000000 x16=0x00000009
           5686	      2839	00100284	f2d86ae3	bltu	x16,x13,1001b8	 x16:0x00000009 x13:0x00000000
           5688	      2840	00100288	03068e93	addi	x29,x13,48	 x13:0x00000000 x29=0x00000030
           5690	      2841	0010028c	00020f37	lui	x30,0x20	 x30=0x00020000
           5692	      2842	00100290	01851f93	slli	x31,x10,0x18	 x10:0x00000002 x31=0x02000000
           5696	      2844	00100294	01df2023	sw	x29,0(x30)	 x30:0x00020000 x29:0x00000030 PA:0x00020000 store:0x00000030 load:0x00000000
           5698	      2845	00100298	01cfd793	srli	x15,x31,0x1c	 x31:0x02000000 x15=0x00000000
           5700	      2846	0010029c	00900713	addi	x14,x0,9	  x0:0x00000000 x14=0x00000009
           5702	      2847	001002a0	f2f76ae3	bltu	x14,x15,1001d4	 x14:0x00000009 x15:0x00000000
           5704	      2848	001002a4	03078393	addi	x7,x15,48	 x15:0x00000000  x7=0x00000030
           5706	      2849	001002a8	000205b7	lui	x11,0x20	 x11=0x00020000
           5710	      2851	001002ac	0075a023	sw	x7,0(x11)	 x11:0x00020000  x7:0x00000030 PA:0x00020000 store:0x00000030 load:0x00000000
           5712	      2852	001002b0	00f57513	andi	x10,x10,15	 x10:0x00000002 x10=0x00000002
           5714	      2853	001002b4	00900613	addi	x12,x0,9	  x0:0x00000000 x12=0x00000009
           5718	      2855	001002b8	f2a67ae3	bgeu	x12,x10,1001ec	 x12:0x00000009 x10:0x00000002
           5722	      2857	001001ec	03050893	addi	x17,x10,48	 x10:0x00000002 x17=0x00000032
           5724	      2858	001001f0	00020e37	lui	x28,0x20	 x28=0x00020000
           5728	      2860	001001f4	011e2023	sw	x17,0(x28)	 x28:0x00020000 x17:0x00000032 PA:0x00020000 store:0x00000032 load:0x00000000
           5732	      2862	001001f8	00008067	jalr	x0,0(x1)	  x1:0x001012a4  x0=0x00000000
           5734	      2863	001012a4	a18b0513	addi	x10,x22,-1512	 x22:0x00102000 x10=0x00101a18
           5738	      2865	001012a8	df9fe0ef	jal	x1,1000a0	  x1=0x001012ac
           5742	      2867	001000a0	00054803	lbu	x16,0(x10)	 x10:0x00101a18 x16=0x00000020 PA:0x00101a18 store:0x00000000
           5744	      2868	001000a4	06080663	beq	x16,x0,100110	 x16:0x00000020  x0:0x00000000
           5746	      2869	001000a8	000207b7	lui	x15,0x20	 x15=0x00020000
           5750	      2871	001000ac	0107a023	sw	x16,0(x15)	 x15:0x00020000 x16:0x00000020 PA:0x00020000 store:0x00000020 load:0x00000000
           5754	      2873	001000b0	00154703	lbu	x14,1(x10)	 x10:0x00101a18 x14=0x00000072 PA:0x00101a19 store:0x001012ac
           5756	      2874	001000b4	04070e63	beq	x14,x0,100110	 x14:0x00000072  x0:0x00000000
           5760	      2876	001000b8	00e7a023	sw	x14,0(x15)	 x15:0x00020000 x14:0x00000072 PA:0x00020000 store:0x00000072 load:0x00000000
           5764	      2878	001000bc	00254283	lbu	x5,2(x10)	 x10:0x00101a18  x5=0x00000065 PA:0x00101a1a store:0x00137fa0
           5766	      2879	001000c0	04028863	beq	x5,x0,100110	  x5:0x00000065  x0:0x00000000
           5770	      2881	001000c4	0057a023	sw	x5,0(x15)	 x15:0x00020000  x5:0x00000065 PA:0x00020000 store:0x00000065 load:0x00000000
           5774	      2883	001000c8	00354303	lbu	x6,3(x10)	 x10:0x00101a18  x6=0x00000073 PA:0x00101a1b store:0x00000000
           5776	      2884	001000cc	04030263	beq	x6,x0,100110	  x6:0x00000073  x0:0x00000000
           5780	      2886	001000d0	0067a023	sw	x6,0(x15)	 x15:0x00020000  x6:0x00000073 PA:0x00020000 store:0x00000073 load:0x00000000
           5784	      2888	001000d4	00454383	lbu	x7,4(x10)	 x10:0x00101a18  x7=0x00000075 PA:0x00101a1c store:0x00000000
           5786	      2889	001000d8	02038c63	beq	x7,x0,100110	  x7:0x00000075  x0:0x00000000
           5790	      2891	001000dc	0077a023	sw	x7,0(x15)	 x15:0x00020000  x7:0x00000075 PA:0x00020000 store:0x00000075 load:0x00000000
           5794	      2893	001000e0	00554583	lbu	x11,5(x10)	 x10:0x00101a18 x11=0x0000006c PA:0x00101a1d store:0x00000065
           5796	      2894	001000e4	02058663	beq	x11,x0,100110	 x11:0x0000006c  x0:0x00000000
           5800	      2896	001000e8	00b7a023	sw	x11,0(x15)	 x15:0x00020000 x11:0x0000006c PA:0x00020000 store:0x0000006c load:0x00000000
           5804	      2898	001000ec	00654603	lbu	x12,6(x10)	 x10:0x00101a18 x12=0x00000074 PA:0x00101a1e store:0x00000073
           5806	      2899	001000f0	02060063	beq	x12,x0,100110	 x12:0x00000074  x0:0x00000000
           5810	      2901	001000f4	00c7a023	sw	x12,0(x15)	 x15:0x00020000 x12:0x00000074 PA:0x00020000 store:0x00000074 load:0x00000000
           5814	      2903	001000f8	00754683	lbu	x13,7(x10)	 x10:0x00101a18 x13=0x0000003a PA:0x00101a1f store:0x00000075
           5816	      2904	001000fc	00850513	addi	x10,x10,8	 x10:0x00101a18 x10=0x00101a20
           5818	      2905	00100100	00068863	beq	x13,x0,100110	 x13:0x0000003a  x0:0x00000000
           5822	      2907	00100104	00d7a023	sw	x13,0(x15)	 x15:0x00020000 x13:0x0000003a PA:0x00020000 store:0x0000003a load:0x00000000
           5826	      2909	00100108	00054803	lbu	x16,0(x10)	 x10:0x00101a20 x16=0x00000020 PA:0x00101a20 store:0x00000000
           5830	      2911	0010010c	fa0810e3	bne	x16,x0,1000ac	 x16:0x00000020  x0:0x00000000
           5836	      2914	001000ac	0107a023	sw	x16,0(x15)	 x15:0x00020000 x16:0x00000020 PA:0x00020000 store:0x00000020 load:0x00000000
           5840	      2916	001000b0	00154703	lbu	x14,1(x10)	 x10:0x00101a20 x14=0x00000000 PA:0x00101a21 store:0x001012ac
           5844	      2918	001000b4	04070e63	beq	x14,x0,100110	 x14:0x00000000  x0:0x00000000
           5848	      2920	00100110	00000513	addi	x10,x0,0	  x0:0x00000000 x10=0x00000000
           5852	      2922	00100114	00008067	jalr	x0,0(x1)	  x1:0x001012ac  x0=0x00000000
           5856	      2924	001012ac	cf8a2503	lw	x10,-776(x20)	 x20:0x00102000 x10=0x3985487a PA:0x00101cf8 store:0x00000000
           5858	      2925	001012b0	003c0d93	addi	x27,x24,3	 x24:0x00000000 x27=0x00000003
           5860	      2926	001012b4	004c0c13	addi	x24,x24,4	 x24:0x00000000 x24=0x00000004
           5864	      2928	001012b8	e69fe0ef	jal	x1,100120	  x1=0x001012bc
           5866	      2929	00100120	01c55793	srli	x15,x10,0x1c	 x10:0x3985487a x15=0x00000003
           5868	      2930	00100124	00900713	addi	x14,x0,9	  x0:0x00000000 x14=0x00000009
           5872	      2932	00100128	0cf77a63	bgeu	x14,x15,1001fc	 x14:0x00000009 x15:0x00000003
           5876	      2934	001001fc	03078393	addi	x7,x15,48	 x15:0x00000003  x7=0x00000033
           5878	      2935	00100200	000205b7	lui	x11,0x20	 x11=0x00020000
           5880	      2936	00100204	00451613	slli	x12,x10,0x4	 x10:0x3985487a x12=0x985487a0
           5884	      2938	00100208	0075a023	sw	x7,0(x11)	 x11:0x00020000  x7:0x00000033 PA:0x00020000 store:0x00000033 load:0x00000000
           5886	      2939	0010020c	01c65693	srli	x13,x12,0x1c	 x12:0x985487a0 x13=0x00000009
           5888	      2940	00100210	00900813	addi	x16,x0,9	  x0:0x00000000 x16=0x00000009
           5890	      2941	00100214	f2d86ae3	bltu	x16,x13,100148	 x16:0x00000009 x13:0x00000009
           5892	      2942	00100218	03068e93	addi	x29,x13,48	 x13:0x00000009 x29=0x00000039
           5894	      2943	0010021c	00020f37	lui	x30,0x20	 x30=0x00020000
           5896	      2944	00100220	00851f93	slli	x31,x10,0x8	 x10:0x3985487a x31=0x85487a00
           5900	      2946	00100224	01df2023	sw	x29,0(x30)	 x30:0x00020000 x29:0x00000039 PA:0x00020000 store:0x00000039 load:0x00000000
           5902	      2947	00100228	01cfd793	srli	x15,x31,0x1c	 x31:0x85487a00 x15=0x00000008
           5904	      2948	0010022c	00900713	addi	x14,x0,9	  x0:0x00000000 x14=0x00000009
           5906	      2949	00100230	f2f76ae3	bltu	x14,x15,100164	 x14:0x00000009 x15:0x00000008
           5908	      2950	00100234	03078393	addi	x7,x15,48	 x15:0x00000008  x7=0x00000038
           5910	      2951	00100238	000205b7	lui	x11,0x20	 x11=0x00020000
           5912	      2952	0010023c	00c51613	slli	x12,x10,0xc	 x10:0x3985487a x12=0x5487a000
           5916	      2954	00100240	0075a023	sw	x7,0(x11)	 x11:0x00020000  x7:0x00000038 PA:0x00020000 store:0x00000038 load:0x00000000
           5918	      2955	00100244	01c65693	srli	x13,x12,0x1c	 x12:0x5487a000 x13=0x00000005
           5920	      2956	00100248	00900813	addi	x16,x0,9	  x0:0x00000000 x16=0x00000009
           5922	      2957	0010024c	f2d86ae3	bltu	x16,x13,100180	 x16:0x00000009 x13:0x00000005
           5924	      2958	00100250	03068e93	addi	x29,x13,48	 x13:0x00000005 x29=0x00000035
           5926	      2959	00100254	00020f37	lui	x30,0x20	 x30=0x00020000
           5928	      2960	00100258	01051f93	slli	x31,x10,0x10	 x10:0x3985487a x31=0x487a0000
           5932	      2962	0010025c	01df2023	sw	x29,0(x30)	 x30:0x00020000 x29:0x00000035 PA:0x00020000 store:0x00000035 load:0x00000000
           5934	      2963	00100260	01cfd793	srli	x15,x31,0x1c	 x31:0x487a0000 x15=0x00000004
           5936	      2964	00100264	00900713	addi	x14,x0,9	  x0:0x00000000 x14=0x00000009
           5938	      2965	00100268	f2f76ae3	bltu	x14,x15,10019c	 x14:0x00000009 x15:0x00000004
           5940	      2966	0010026c	03078393	addi	x7,x15,48	 x15:0x00000004  x7=0x00000034
           5942	      2967	00100270	000205b7	lui	x11,0x20	 x11=0x00020000
           5944	      2968	00100274	01451613	slli	x12,x10,0x14	 x10:0x3985487a x12=0x87a00000
           5948	      2970	00100278	0075a023	sw	x7,0(x11)	 x11:0x00020000  x7:0x00000034 PA:0x00020000 store:0x00000034 load:0x00000000
           5950	      2971	0010027c	01c65693	srli	x13,x12,0x1c	 x12:0x87a00000 x13=0x00000008
           5952	      2972	00100280	00900813	addi	x16,x0,9	  x0:0x00000000 x16=0x00000009
           5954	      2973	00100284	f2d86ae3	bltu	x16,x13,1001b8	 x16:0x00000009 x13:0x00000008
           5956	      2974	00100288	03068e93	addi	x29,x13,48	 x13:0x00000008 x29=0x00000038
           5958	      2975	0010028c	00020f37	lui	x30,0x20	 x30=0x00020000
           5960	      2976	00100290	01851f93	slli	x31,x10,0x18	 x10:0x3985487a x31=0x7a000000
           5964	      2978	00100294	01df2023	sw	x29,0(x30)	 x30:0x00020000 x29:0x00000038 PA:0x00020000 store:0x00000038 load:0x00000000
           5966	      2979	00100298	01cfd793	srli	x15,x31,0x1c	 x31:0x7a000000 x15=0x00000007
           5968	      2980	0010029c	00900713	addi	x14,x0,9	  x0:0x00000000 x14=0x00000009
           5970	      2981	001002a0	f2f76ae3	bltu	x14,x15,1001d4	 x14:0x00000009 x15:0x00000007
           5972	      2982	001002a4	03078393	addi	x7,x15,48	 x15:0x00000007  x7=0x00000037
           5974	      2983	001002a8	000205b7	lui	x11,0x20	 x11=0x00020000
           5978	      2985	001002ac	0075a023	sw	x7,0(x11)	 x11:0x00020000  x7:0x00000037 PA:0x00020000 store:0x00000037 load:0x00000000
           5980	      2986	001002b0	00f57513	andi	x10,x10,15	 x10:0x3985487a x10=0x0000000a
           5982	      2987	001002b4	00900613	addi	x12,x0,9	  x0:0x00000000 x12=0x00000009
           5984	      2988	001002b8	f2a67ae3	bgeu	x12,x10,1001ec	 x12:0x00000009 x10:0x0000000a
           5986	      2989	001002bc	03750693	addi	x13,x10,55	 x10:0x0000000a x13=0x00000041
           5988	      2990	001002c0	00020837	lui	x16,0x20	 x16=0x00020000
           5992	      2992	001002c4	00d82023	sw	x13,0(x16)	 x16:0x00020000 x13:0x00000041 PA:0x00020000 store:0x00000041 load:0x00000000
           6002	      2997	001002c8	00008067	jalr	x0,0(x1)	  x1:0x001012bc  x0=0x00000000
           6004	      2998	001012bc	d089a187	flw	f3,-760(x19)	 f19:0x00102000  f3=0x00000000 PA:0x00101d08 store:0x4598f2e4
           6006	      2999	001012c0	d24ba207	flw	f4,-732(x23)	 f23:0x00102000  f4=0x00000000 PA:0x00101d24 store:0x442e010d
           6028	      3010	001012c4	a10a8513	addi	x10,x21,-1520	 x21:0x00102000 x10=0x00101a10
           6030	      3011	001012c8	1841f5d3	fdiv.s	f11,f3,f4	  f3:0x00000000  f4:0x00000000 f11=0x00000000
           6032	      3012	001012cc	d0b9a427	fsw	f11,-760(x19)	 f19:0x00102000 f11:0x00020000 PA:0x00101d08 store:0x360a6d7a load:0x42f67c6a
           6036	      3014	001012d0	d089a287	flw	f5,-760(x19)	 f19:0x00102000  f5=0x00000000 PA:0x00101d08 store:0x4598f2e4
           6038	      3015	001012d4	e0028f53	fmv.x.w	x30,f5	  f5:0x00000065 x30=0x360a6d7a
           6040	      3016	001012d8	cfea2c23	sw	x30,-776(x20)	 x20:0x00102000 x30:0x360a6d7a PA:0x00101cf8 store:0x360a6d7a load:0x360a6d7a
           6044	      3018	001012dc	dc5fe0ef	jal	x1,1000a0	  x1=0x001012e0
           6048	      3020	001000a0	00054803	lbu	x16,0(x10)	 x10:0x00101a10 x16=0x0000000a PA:0x00101a10 store:0x00000000
           6050	      3021	001000a4	06080663	beq	x16,x0,100110	 x16:0x0000000a  x0:0x00000000
           6052	      3022	001000a8	000207b7	lui	x15,0x20	 x15=0x00020000
           6056	      3024	001000ac	0107a023	sw	x16,0(x15)	 x15:0x00020000 x16:0x0000000a PA:0x00020000 store:0x0000000a load:0x00000000
           6060	      3026	001000b0	00154703	lbu	x14,1(x10)	 x10:0x00101a10 x14=0x00000020 PA:0x00101a11 store:0x001012e0
           6062	      3027	001000b4	04070e63	beq	x14,x0,100110	 x14:0x00000020  x0:0x00000000
           6066	      3029	001000b8	00e7a023	sw	x14,0(x15)	 x15:0x00020000 x14:0x00000020 PA:0x00020000 store:0x00000020 load:0x00000000
           6070	      3031	001000bc	00254283	lbu	x5,2(x10)	 x10:0x00101a10  x5=0x00000069 PA:0x00101a12 store:0x00137fa0
           6072	      3032	001000c0	04028863	beq	x5,x0,100110	  x5:0x00000069  x0:0x00000000
           6076	      3034	001000c4	0057a023	sw	x5,0(x15)	 x15:0x00020000  x5:0x00000069 PA:0x00020000 store:0x00000069 load:0x00000000
           6080	      3036	001000c8	00354303	lbu	x6,3(x10)	 x10:0x00101a10  x6=0x0000003d PA:0x00101a13 store:0x00000000
           6082	      3037	001000cc	04030263	beq	x6,x0,100110	  x6:0x0000003d  x0:0x00000000
           6086	      3039	001000d0	0067a023	sw	x6,0(x15)	 x15:0x00020000  x6:0x0000003d PA:0x00020000 store:0x0000003d load:0x00000000
           6090	      3041	001000d4	00454383	lbu	x7,4(x10)	 x10:0x00101a10  x7=0x00000000 PA:0x00101a14 store:0x00000000
           6094	      3043	001000d8	02038c63	beq	x7,x0,100110	  x7:0x00000000  x0:0x00000000
           6098	      3045	00100110	00000513	addi	x10,x0,0	  x0:0x00000000 x10=0x00000000
           6102	      3047	00100114	00008067	jalr	x0,0(x1)	  x1:0x001012e0  x0=0x00000000
           6104	      3048	001012e0	000d8513	addi	x10,x27,0	 x27:0x00000003 x10=0x00000003
           6108	      3050	001012e4	e3dfe0ef	jal	x1,100120	  x1=0x001012e8
           6110	      3051	00100120	01c55793	srli	x15,x10,0x1c	 x10:0x00000003 x15=0x00000000
           6112	      3052	00100124	00900713	addi	x14,x0,9	  x0:0x00000000 x14=0x00000009
           6116	      3054	00100128	0cf77a63	bgeu	x14,x15,1001fc	 x14:0x00000009 x15:0x00000000
           6120	      3056	001001fc	03078393	addi	x7,x15,48	 x15:0x00000000  x7=0x00000030
           6122	      3057	00100200	000205b7	lui	x11,0x20	 x11=0x00020000
           6124	      3058	00100204	00451613	slli	x12,x10,0x4	 x10:0x00000003 x12=0x00000030
           6128	      3060	00100208	0075a023	sw	x7,0(x11)	 x11:0x00020000  x7:0x00000030 PA:0x00020000 store:0x00000030 load:0x00000000
           6130	      3061	0010020c	01c65693	srli	x13,x12,0x1c	 x12:0x00000030 x13=0x00000000
           6132	      3062	00100210	00900813	addi	x16,x0,9	  x0:0x00000000 x16=0x00000009
           6134	      3063	00100214	f2d86ae3	bltu	x16,x13,100148	 x16:0x00000009 x13:0x00000000
           6136	      3064	00100218	03068e93	addi	x29,x13,48	 x13:0x00000000 x29=0x00000030
           6138	      3065	0010021c	00020f37	lui	x30,0x20	 x30=0x00020000
           6140	      3066	00100220	00851f93	slli	x31,x10,0x8	 x10:0x00000003 x31=0x00000300
           6144	      3068	00100224	01df2023	sw	x29,0(x30)	 x30:0x00020000 x29:0x00000030 PA:0x00020000 store:0x00000030 load:0x00000000
           6146	      3069	00100228	01cfd793	srli	x15,x31,0x1c	 x31:0x00000300 x15=0x00000000
           6148	      3070	0010022c	00900713	addi	x14,x0,9	  x0:0x00000000 x14=0x00000009
           6150	      3071	00100230	f2f76ae3	bltu	x14,x15,100164	 x14:0x00000009 x15:0x00000000
           6152	      3072	00100234	03078393	addi	x7,x15,48	 x15:0x00000000  x7=0x00000030
           6154	      3073	00100238	000205b7	lui	x11,0x20	 x11=0x00020000
           6156	      3074	0010023c	00c51613	slli	x12,x10,0xc	 x10:0x00000003 x12=0x00003000
           6160	      3076	00100240	0075a023	sw	x7,0(x11)	 x11:0x00020000  x7:0x00000030 PA:0x00020000 store:0x00000030 load:0x00000000
           6162	      3077	00100244	01c65693	srli	x13,x12,0x1c	 x12:0x00003000 x13=0x00000000
           6164	      3078	00100248	00900813	addi	x16,x0,9	  x0:0x00000000 x16=0x00000009
           6166	      3079	0010024c	f2d86ae3	bltu	x16,x13,100180	 x16:0x00000009 x13:0x00000000
           6168	      3080	00100250	03068e93	addi	x29,x13,48	 x13:0x00000000 x29=0x00000030
           6170	      3081	00100254	00020f37	lui	x30,0x20	 x30=0x00020000
           6172	      3082	00100258	01051f93	slli	x31,x10,0x10	 x10:0x00000003 x31=0x00030000
           6176	      3084	0010025c	01df2023	sw	x29,0(x30)	 x30:0x00020000 x29:0x00000030 PA:0x00020000 store:0x00000030 load:0x00000000
           6178	      3085	00100260	01cfd793	srli	x15,x31,0x1c	 x31:0x00030000 x15=0x00000000
           6180	      3086	00100264	00900713	addi	x14,x0,9	  x0:0x00000000 x14=0x00000009
           6182	      3087	00100268	f2f76ae3	bltu	x14,x15,10019c	 x14:0x00000009 x15:0x00000000
           6184	      3088	0010026c	03078393	addi	x7,x15,48	 x15:0x00000000  x7=0x00000030
           6186	      3089	00100270	000205b7	lui	x11,0x20	 x11=0x00020000
           6188	      3090	00100274	01451613	slli	x12,x10,0x14	 x10:0x00000003 x12=0x00300000
           6192	      3092	00100278	0075a023	sw	x7,0(x11)	 x11:0x00020000  x7:0x00000030 PA:0x00020000 store:0x00000030 load:0x00000000
           6194	      3093	0010027c	01c65693	srli	x13,x12,0x1c	 x12:0x00300000 x13=0x00000000
           6196	      3094	00100280	00900813	addi	x16,x0,9	  x0:0x00000000 x16=0x00000009
           6198	      3095	00100284	f2d86ae3	bltu	x16,x13,1001b8	 x16:0x00000009 x13:0x00000000
           6200	      3096	00100288	03068e93	addi	x29,x13,48	 x13:0x00000000 x29=0x00000030
           6202	      3097	0010028c	00020f37	lui	x30,0x20	 x30=0x00020000
           6204	      3098	00100290	01851f93	slli	x31,x10,0x18	 x10:0x00000003 x31=0x03000000
           6208	      3100	00100294	01df2023	sw	x29,0(x30)	 x30:0x00020000 x29:0x00000030 PA:0x00020000 store:0x00000030 load:0x00000000
           6210	      3101	00100298	01cfd793	srli	x15,x31,0x1c	 x31:0x03000000 x15=0x00000000
           6212	      3102	0010029c	00900713	addi	x14,x0,9	  x0:0x00000000 x14=0x00000009
           6214	      3103	001002a0	f2f76ae3	bltu	x14,x15,1001d4	 x14:0x00000009 x15:0x00000000
           6216	      3104	001002a4	03078393	addi	x7,x15,48	 x15:0x00000000  x7=0x00000030
           6218	      3105	001002a8	000205b7	lui	x11,0x20	 x11=0x00020000
           6222	      3107	001002ac	0075a023	sw	x7,0(x11)	 x11:0x00020000  x7:0x00000030 PA:0x00020000 store:0x00000030 load:0x00000000
           6224	      3108	001002b0	00f57513	andi	x10,x10,15	 x10:0x00000003 x10=0x00000003
           6226	      3109	001002b4	00900613	addi	x12,x0,9	  x0:0x00000000 x12=0x00000009
           6230	      3111	001002b8	f2a67ae3	bgeu	x12,x10,1001ec	 x12:0x00000009 x10:0x00000003
           6234	      3113	001001ec	03050893	addi	x17,x10,48	 x10:0x00000003 x17=0x00000033
           6236	      3114	001001f0	00020e37	lui	x28,0x20	 x28=0x00020000
           6240	      3116	001001f4	011e2023	sw	x17,0(x28)	 x28:0x00020000 x17:0x00000033 PA:0x00020000 store:0x00000033 load:0x00000000
           6244	      3118	001001f8	00008067	jalr	x0,0(x1)	  x1:0x001012e8  x0=0x00000000
           6246	      3119	001012e8	a18b0513	addi	x10,x22,-1512	 x22:0x00102000 x10=0x00101a18
           6250	      3121	001012ec	db5fe0ef	jal	x1,1000a0	  x1=0x001012f0
           6254	      3123	001000a0	00054803	lbu	x16,0(x10)	 x10:0x00101a18 x16=0x00000020 PA:0x00101a18 store:0x00000000
           6256	      3124	001000a4	06080663	beq	x16,x0,100110	 x16:0x00000020  x0:0x00000000
           6258	      3125	001000a8	000207b7	lui	x15,0x20	 x15=0x00020000
           6262	      3127	001000ac	0107a023	sw	x16,0(x15)	 x15:0x00020000 x16:0x00000020 PA:0x00020000 store:0x00000020 load:0x00000000
           6266	      3129	001000b0	00154703	lbu	x14,1(x10)	 x10:0x00101a18 x14=0x00000072 PA:0x00101a19 store:0x001012f0
           6268	      3130	001000b4	04070e63	beq	x14,x0,100110	 x14:0x00000072  x0:0x00000000
           6272	      3132	001000b8	00e7a023	sw	x14,0(x15)	 x15:0x00020000 x14:0x00000072 PA:0x00020000 store:0x00000072 load:0x00000000
           6276	      3134	001000bc	00254283	lbu	x5,2(x10)	 x10:0x00101a18  x5=0x00000065 PA:0x00101a1a store:0x00137fa0
           6278	      3135	001000c0	04028863	beq	x5,x0,100110	  x5:0x00000065  x0:0x00000000
           6282	      3137	001000c4	0057a023	sw	x5,0(x15)	 x15:0x00020000  x5:0x00000065 PA:0x00020000 store:0x00000065 load:0x00000000
           6286	      3139	001000c8	00354303	lbu	x6,3(x10)	 x10:0x00101a18  x6=0x00000073 PA:0x00101a1b store:0x00000000
           6288	      3140	001000cc	04030263	beq	x6,x0,100110	  x6:0x00000073  x0:0x00000000
           6292	      3142	001000d0	0067a023	sw	x6,0(x15)	 x15:0x00020000  x6:0x00000073 PA:0x00020000 store:0x00000073 load:0x00000000
           6296	      3144	001000d4	00454383	lbu	x7,4(x10)	 x10:0x00101a18  x7=0x00000075 PA:0x00101a1c store:0x00000000
           6298	      3145	001000d8	02038c63	beq	x7,x0,100110	  x7:0x00000075  x0:0x00000000
           6302	      3147	001000dc	0077a023	sw	x7,0(x15)	 x15:0x00020000  x7:0x00000075 PA:0x00020000 store:0x00000075 load:0x00000000
           6306	      3149	001000e0	00554583	lbu	x11,5(x10)	 x10:0x00101a18 x11=0x0000006c PA:0x00101a1d store:0x00000065
           6308	      3150	001000e4	02058663	beq	x11,x0,100110	 x11:0x0000006c  x0:0x00000000
           6312	      3152	001000e8	00b7a023	sw	x11,0(x15)	 x15:0x00020000 x11:0x0000006c PA:0x00020000 store:0x0000006c load:0x00000000
           6316	      3154	001000ec	00654603	lbu	x12,6(x10)	 x10:0x00101a18 x12=0x00000074 PA:0x00101a1e store:0x00000073
           6318	      3155	001000f0	02060063	beq	x12,x0,100110	 x12:0x00000074  x0:0x00000000
           6322	      3157	001000f4	00c7a023	sw	x12,0(x15)	 x15:0x00020000 x12:0x00000074 PA:0x00020000 store:0x00000074 load:0x00000000
           6326	      3159	001000f8	00754683	lbu	x13,7(x10)	 x10:0x00101a18 x13=0x0000003a PA:0x00101a1f store:0x00000075
           6328	      3160	001000fc	00850513	addi	x10,x10,8	 x10:0x00101a18 x10=0x00101a20
           6330	      3161	00100100	00068863	beq	x13,x0,100110	 x13:0x0000003a  x0:0x00000000
           6334	      3163	00100104	00d7a023	sw	x13,0(x15)	 x15:0x00020000 x13:0x0000003a PA:0x00020000 store:0x0000003a load:0x00000000
           6338	      3165	00100108	00054803	lbu	x16,0(x10)	 x10:0x00101a20 x16=0x00000020 PA:0x00101a20 store:0x00000000
           6342	      3167	0010010c	fa0810e3	bne	x16,x0,1000ac	 x16:0x00000020  x0:0x00000000
           6348	      3170	001000ac	0107a023	sw	x16,0(x15)	 x15:0x00020000 x16:0x00000020 PA:0x00020000 store:0x00000020 load:0x00000000
           6352	      3172	001000b0	00154703	lbu	x14,1(x10)	 x10:0x00101a20 x14=0x00000000 PA:0x00101a21 store:0x001012f0
           6356	      3174	001000b4	04070e63	beq	x14,x0,100110	 x14:0x00000000  x0:0x00000000
           6360	      3176	00100110	00000513	addi	x10,x0,0	  x0:0x00000000 x10=0x00000000
           6364	      3178	00100114	00008067	jalr	x0,0(x1)	  x1:0x001012f0  x0=0x00000000
           6368	      3180	001012f0	cf8a2503	lw	x10,-776(x20)	 x20:0x00102000 x10=0x360a6d7a PA:0x00101cf8 store:0x00000004
           6372	      3182	001012f4	e2dfe0ef	jal	x1,100120	  x1=0x001012f8
           6374	      3183	00100120	01c55793	srli	x15,x10,0x1c	 x10:0x360a6d7a x15=0x00000003
           6376	      3184	00100124	00900713	addi	x14,x0,9	  x0:0x00000000 x14=0x00000009
           6380	      3186	00100128	0cf77a63	bgeu	x14,x15,1001fc	 x14:0x00000009 x15:0x00000003
           6384	      3188	001001fc	03078393	addi	x7,x15,48	 x15:0x00000003  x7=0x00000033
           6386	      3189	00100200	000205b7	lui	x11,0x20	 x11=0x00020000
           6388	      3190	00100204	00451613	slli	x12,x10,0x4	 x10:0x360a6d7a x12=0x60a6d7a0
           6392	      3192	00100208	0075a023	sw	x7,0(x11)	 x11:0x00020000  x7:0x00000033 PA:0x00020000 store:0x00000033 load:0x00000000
           6394	      3193	0010020c	01c65693	srli	x13,x12,0x1c	 x12:0x60a6d7a0 x13=0x00000006
           6396	      3194	00100210	00900813	addi	x16,x0,9	  x0:0x00000000 x16=0x00000009
           6398	      3195	00100214	f2d86ae3	bltu	x16,x13,100148	 x16:0x00000009 x13:0x00000006
           6400	      3196	00100218	03068e93	addi	x29,x13,48	 x13:0x00000006 x29=0x00000036
           6402	      3197	0010021c	00020f37	lui	x30,0x20	 x30=0x00020000
           6404	      3198	00100220	00851f93	slli	x31,x10,0x8	 x10:0x360a6d7a x31=0x0a6d7a00
           6408	      3200	00100224	01df2023	sw	x29,0(x30)	 x30:0x00020000 x29:0x00000036 PA:0x00020000 store:0x00000036 load:0x00000000
           6410	      3201	00100228	01cfd793	srli	x15,x31,0x1c	 x31:0x0a6d7a00 x15=0x00000000
           6412	      3202	0010022c	00900713	addi	x14,x0,9	  x0:0x00000000 x14=0x00000009
           6414	      3203	00100230	f2f76ae3	bltu	x14,x15,100164	 x14:0x00000009 x15:0x00000000
           6416	      3204	00100234	03078393	addi	x7,x15,48	 x15:0x00000000  x7=0x00000030
           6418	      3205	00100238	000205b7	lui	x11,0x20	 x11=0x00020000
           6420	      3206	0010023c	00c51613	slli	x12,x10,0xc	 x10:0x360a6d7a x12=0xa6d7a000
           6424	      3208	00100240	0075a023	sw	x7,0(x11)	 x11:0x00020000  x7:0x00000030 PA:0x00020000 store:0x00000030 load:0x00000000
           6426	      3209	00100244	01c65693	srli	x13,x12,0x1c	 x12:0xa6d7a000 x13=0x0000000a
           6428	      3210	00100248	00900813	addi	x16,x0,9	  x0:0x00000000 x16=0x00000009
           6432	      3212	0010024c	f2d86ae3	bltu	x16,x13,100180	 x16:0x00000009 x13:0x0000000a
           6436	      3214	00100180	03768893	addi	x17,x13,55	 x13:0x0000000a x17=0x00000041
           6438	      3215	00100184	00020e37	lui	x28,0x20	 x28=0x00020000
           6440	      3216	00100188	01051f93	slli	x31,x10,0x10	 x10:0x360a6d7a x31=0x6d7a0000
           6444	      3218	0010018c	011e2023	sw	x17,0(x28)	 x28:0x00020000 x17:0x00000041 PA:0x00020000 store:0x00000041 load:0x00000000
           6446	      3219	00100190	01cfd793	srli	x15,x31,0x1c	 x31:0x6d7a0000 x15=0x00000006
           6448	      3220	00100194	00900713	addi	x14,x0,9	  x0:0x00000000 x14=0x00000009
           6452	      3222	00100198	0cf77a63	bgeu	x14,x15,10026c	 x14:0x00000009 x15:0x00000006
           6456	      3224	0010026c	03078393	addi	x7,x15,48	 x15:0x00000006  x7=0x00000036
           6458	      3225	00100270	000205b7	lui	x11,0x20	 x11=0x00020000
           6460	      3226	00100274	01451613	slli	x12,x10,0x14	 x10:0x360a6d7a x12=0xd7a00000
           6464	      3228	00100278	0075a023	sw	x7,0(x11)	 x11:0x00020000  x7:0x00000036 PA:0x00020000 store:0x00000036 load:0x00000000
           6466	      3229	0010027c	01c65693	srli	x13,x12,0x1c	 x12:0xd7a00000 x13=0x0000000d
           6468	      3230	00100280	00900813	addi	x16,x0,9	  x0:0x00000000 x16=0x00000009
           6472	      3232	00100284	f2d86ae3	bltu	x16,x13,1001b8	 x16:0x00000009 x13:0x0000000d
           6476	      3234	001001b8	03768893	addi	x17,x13,55	 x13:0x0000000d x17=0x00000044
           6478	      3235	001001bc	00020e37	lui	x28,0x20	 x28=0x00020000
           6480	      3236	001001c0	01851f93	slli	x31,x10,0x18	 x10:0x360a6d7a x31=0x7a000000
           6484	      3238	001001c4	011e2023	sw	x17,0(x28)	 x28:0x00020000 x17:0x00000044 PA:0x00020000 store:0x00000044 load:0x00000000
           6486	      3239	001001c8	01cfd793	srli	x15,x31,0x1c	 x31:0x7a000000 x15=0x00000007
           6488	      3240	001001cc	00900713	addi	x14,x0,9	  x0:0x00000000 x14=0x00000009
           6492	      3242	001001d0	0cf77a63	bgeu	x14,x15,1002a4	 x14:0x00000009 x15:0x00000007
           6496	      3244	001002a4	03078393	addi	x7,x15,48	 x15:0x00000007  x7=0x00000037
           6498	      3245	001002a8	000205b7	lui	x11,0x20	 x11=0x00020000
           6502	      3247	001002ac	0075a023	sw	x7,0(x11)	 x11:0x00020000  x7:0x00000037 PA:0x00020000 store:0x00000037 load:0x00000000
           6504	      3248	001002b0	00f57513	andi	x10,x10,15	 x10:0x360a6d7a x10=0x0000000a
           6506	      3249	001002b4	00900613	addi	x12,x0,9	  x0:0x00000000 x12=0x00000009
           6508	      3250	001002b8	f2a67ae3	bgeu	x12,x10,1001ec	 x12:0x00000009 x10:0x0000000a
           6510	      3251	001002bc	03750693	addi	x13,x10,55	 x10:0x0000000a x13=0x00000041
           6512	      3252	001002c0	00020837	lui	x16,0x20	 x16=0x00020000
           6516	      3254	001002c4	00d82023	sw	x13,0(x16)	 x16:0x00020000 x13:0x00000041 PA:0x00020000 store:0x00000041 load:0x00000000
           6520	      3256	001002c8	00008067	jalr	x0,0(x1)	  x1:0x001012f8  x0=0x00000000
           6524	      3258	001012f8	f1ac10e3	bne	x24,x26,1011f8	 x24:0x00000004 x26:0x00000014
           6532	      3262	001011f8	d089a987	flw	f19,-760(x19)	 f19:0x00102000 f19=0x00000000 PA:0x00101d08 store:0x4598f2e4
           6534	      3263	001011fc	d24baa07	flw	f20,-732(x23)	 f23:0x00102000 f20=0x00000000 PA:0x00101d24 store:0x42f67c6a
           6558	      3275	00101200	a10a8513	addi	x10,x21,-1520	 x21:0x00102000 x10=0x00101a10
           6560	      3276	00101204	1949fad3	fdiv.s	f21,f19,f20	 f19:0x00102000 f20:0x00102000 f21=0x00000000
           6562	      3277	00101208	d159a427	fsw	f21,-760(x19)	 f19:0x00102000 f21:0x00102000 PA:0x00101d08 store:0x328fc550 load:0x42f67c6a
           6566	      3279	0010120c	d089ae07	flw	f28,-760(x19)	 f19:0x00102000 f28=0x00000000 PA:0x00101d08 store:0x4598f2e4
           6568	      3280	00101210	e00e0dd3	fmv.x.w	x27,f28	 f28:0x00020000 x27=0x328fc550
           6570	      3281	00101214	cfba2c23	sw	x27,-776(x20)	 x20:0x00102000 x27:0x328fc550 PA:0x00101cf8 store:0x328fc550 load:0x328fc550
           6574	      3283	00101218	e89fe0ef	jal	x1,1000a0	  x1=0x0010121c
           6578	      3285	001000a0	00054803	lbu	x16,0(x10)	 x10:0x00101a10 x16=0x0000000a PA:0x00101a10 store:0x00000000
           6580	      3286	001000a4	06080663	beq	x16,x0,100110	 x16:0x0000000a  x0:0x00000000
           6582	      3287	001000a8	000207b7	lui	x15,0x20	 x15=0x00020000
           6586	      3289	001000ac	0107a023	sw	x16,0(x15)	 x15:0x00020000 x16:0x0000000a PA:0x00020000 store:0x0000000a load:0x00000000
           6590	      3291	001000b0	00154703	lbu	x14,1(x10)	 x10:0x00101a10 x14=0x00000020 PA:0x00101a11 store:0x0010121c
           6592	      3292	001000b4	04070e63	beq	x14,x0,100110	 x14:0x00000020  x0:0x00000000
           6596	      3294	001000b8	00e7a023	sw	x14,0(x15)	 x15:0x00020000 x14:0x00000020 PA:0x00020000 store:0x00000020 load:0x00000000
           6600	      3296	001000bc	00254283	lbu	x5,2(x10)	 x10:0x00101a10  x5=0x00000069 PA:0x00101a12 store:0x00137fa0
           6602	      3297	001000c0	04028863	beq	x5,x0,100110	  x5:0x00000069  x0:0x00000000
           6606	      3299	001000c4	0057a023	sw	x5,0(x15)	 x15:0x00020000  x5:0x00000069 PA:0x00020000 store:0x00000069 load:0x00000000
           6610	      3301	001000c8	00354303	lbu	x6,3(x10)	 x10:0x00101a10  x6=0x0000003d PA:0x00101a13 store:0x00000000
           6612	      3302	001000cc	04030263	beq	x6,x0,100110	  x6:0x0000003d  x0:0x00000000
           6616	      3304	001000d0	0067a023	sw	x6,0(x15)	 x15:0x00020000  x6:0x0000003d PA:0x00020000 store:0x0000003d load:0x00000000
           6620	      3306	001000d4	00454383	lbu	x7,4(x10)	 x10:0x00101a10  x7=0x00000000 PA:0x00101a14 store:0x00000000
           6624	      3308	001000d8	02038c63	beq	x7,x0,100110	  x7:0x00000000  x0:0x00000000
           6628	      3310	00100110	00000513	addi	x10,x0,0	  x0:0x00000000 x10=0x00000000
           6632	      3312	00100114	00008067	jalr	x0,0(x1)	  x1:0x0010121c  x0=0x00000000
           6634	      3313	0010121c	000c0513	addi	x10,x24,0	 x24:0x00000004 x10=0x00000004
           6638	      3315	00101220	f01fe0ef	jal	x1,100120	  x1=0x00101224
           6640	      3316	00100120	01c55793	srli	x15,x10,0x1c	 x10:0x00000004 x15=0x00000000
           6642	      3317	00100124	00900713	addi	x14,x0,9	  x0:0x00000000 x14=0x00000009
           6646	      3319	00100128	0cf77a63	bgeu	x14,x15,1001fc	 x14:0x00000009 x15:0x00000000
           6650	      3321	001001fc	03078393	addi	x7,x15,48	 x15:0x00000000  x7=0x00000030
           6652	      3322	00100200	000205b7	lui	x11,0x20	 x11=0x00020000
           6654	      3323	00100204	00451613	slli	x12,x10,0x4	 x10:0x00000004 x12=0x00000040
           6658	      3325	00100208	0075a023	sw	x7,0(x11)	 x11:0x00020000  x7:0x00000030 PA:0x00020000 store:0x00000030 load:0x00000000
           6660	      3326	0010020c	01c65693	srli	x13,x12,0x1c	 x12:0x00000040 x13=0x00000000
           6662	      3327	00100210	00900813	addi	x16,x0,9	  x0:0x00000000 x16=0x00000009
           6664	      3328	00100214	f2d86ae3	bltu	x16,x13,100148	 x16:0x00000009 x13:0x00000000
           6666	      3329	00100218	03068e93	addi	x29,x13,48	 x13:0x00000000 x29=0x00000030
           6668	      3330	0010021c	00020f37	lui	x30,0x20	 x30=0x00020000
           6670	      3331	00100220	00851f93	slli	x31,x10,0x8	 x10:0x00000004 x31=0x00000400
           6674	      3333	00100224	01df2023	sw	x29,0(x30)	 x30:0x00020000 x29:0x00000030 PA:0x00020000 store:0x00000030 load:0x00000000
           6676	      3334	00100228	01cfd793	srli	x15,x31,0x1c	 x31:0x00000400 x15=0x00000000
           6678	      3335	0010022c	00900713	addi	x14,x0,9	  x0:0x00000000 x14=0x00000009
           6680	      3336	00100230	f2f76ae3	bltu	x14,x15,100164	 x14:0x00000009 x15:0x00000000
           6682	      3337	00100234	03078393	addi	x7,x15,48	 x15:0x00000000  x7=0x00000030
           6684	      3338	00100238	000205b7	lui	x11,0x20	 x11=0x00020000
           6686	      3339	0010023c	00c51613	slli	x12,x10,0xc	 x10:0x00000004 x12=0x00004000
           6690	      3341	00100240	0075a023	sw	x7,0(x11)	 x11:0x00020000  x7:0x00000030 PA:0x00020000 store:0x00000030 load:0x00000000
           6692	      3342	00100244	01c65693	srli	x13,x12,0x1c	 x12:0x00004000 x13=0x00000000
           6694	      3343	00100248	00900813	addi	x16,x0,9	  x0:0x00000000 x16=0x00000009
           6696	      3344	0010024c	f2d86ae3	bltu	x16,x13,100180	 x16:0x00000009 x13:0x00000000
           6698	      3345	00100250	03068e93	addi	x29,x13,48	 x13:0x00000000 x29=0x00000030
           6700	      3346	00100254	00020f37	lui	x30,0x20	 x30=0x00020000
           6702	      3347	00100258	01051f93	slli	x31,x10,0x10	 x10:0x00000004 x31=0x00040000
           6706	      3349	0010025c	01df2023	sw	x29,0(x30)	 x30:0x00020000 x29:0x00000030 PA:0x00020000 store:0x00000030 load:0x00000000
           6708	      3350	00100260	01cfd793	srli	x15,x31,0x1c	 x31:0x00040000 x15=0x00000000
           6710	      3351	00100264	00900713	addi	x14,x0,9	  x0:0x00000000 x14=0x00000009
           6712	      3352	00100268	f2f76ae3	bltu	x14,x15,10019c	 x14:0x00000009 x15:0x00000000
           6714	      3353	0010026c	03078393	addi	x7,x15,48	 x15:0x00000000  x7=0x00000030
           6716	      3354	00100270	000205b7	lui	x11,0x20	 x11=0x00020000
           6718	      3355	00100274	01451613	slli	x12,x10,0x14	 x10:0x00000004 x12=0x00400000
           6722	      3357	00100278	0075a023	sw	x7,0(x11)	 x11:0x00020000  x7:0x00000030 PA:0x00020000 store:0x00000030 load:0x00000000
           6724	      3358	0010027c	01c65693	srli	x13,x12,0x1c	 x12:0x00400000 x13=0x00000000
           6726	      3359	00100280	00900813	addi	x16,x0,9	  x0:0x00000000 x16=0x00000009
           6728	      3360	00100284	f2d86ae3	bltu	x16,x13,1001b8	 x16:0x00000009 x13:0x00000000
           6730	      3361	00100288	03068e93	addi	x29,x13,48	 x13:0x00000000 x29=0x00000030
           6732	      3362	0010028c	00020f37	lui	x30,0x20	 x30=0x00020000
           6734	      3363	00100290	01851f93	slli	x31,x10,0x18	 x10:0x00000004 x31=0x04000000
           6738	      3365	00100294	01df2023	sw	x29,0(x30)	 x30:0x00020000 x29:0x00000030 PA:0x00020000 store:0x00000030 load:0x00000000
           6740	      3366	00100298	01cfd793	srli	x15,x31,0x1c	 x31:0x04000000 x15=0x00000000
           6742	      3367	0010029c	00900713	addi	x14,x0,9	  x0:0x00000000 x14=0x00000009
           6744	      3368	001002a0	f2f76ae3	bltu	x14,x15,1001d4	 x14:0x00000009 x15:0x00000000
           6746	      3369	001002a4	03078393	addi	x7,x15,48	 x15:0x00000000  x7=0x00000030
           6748	      3370	001002a8	000205b7	lui	x11,0x20	 x11=0x00020000
           6752	      3372	001002ac	0075a023	sw	x7,0(x11)	 x11:0x00020000  x7:0x00000030 PA:0x00020000 store:0x00000030 load:0x00000000
           6754	      3373	001002b0	00f57513	andi	x10,x10,15	 x10:0x00000004 x10=0x00000004
           6756	      3374	001002b4	00900613	addi	x12,x0,9	  x0:0x00000000 x12=0x00000009
           6760	      3376	001002b8	f2a67ae3	bgeu	x12,x10,1001ec	 x12:0x00000009 x10:0x00000004
           6764	      3378	001001ec	03050893	addi	x17,x10,48	 x10:0x00000004 x17=0x00000034
           6766	      3379	001001f0	00020e37	lui	x28,0x20	 x28=0x00020000
           6770	      3381	001001f4	011e2023	sw	x17,0(x28)	 x28:0x00020000 x17:0x00000034 PA:0x00020000 store:0x00000034 load:0x00000000
           6774	      3383	001001f8	00008067	jalr	x0,0(x1)	  x1:0x00101224  x0=0x00000000
           6776	      3384	00101224	a18b0513	addi	x10,x22,-1512	 x22:0x00102000 x10=0x00101a18
           6780	      3386	00101228	e79fe0ef	jal	x1,1000a0	  x1=0x0010122c
           6784	      3388	001000a0	00054803	lbu	x16,0(x10)	 x10:0x00101a18 x16=0x00000020 PA:0x00101a18 store:0x00000000
           6786	      3389	001000a4	06080663	beq	x16,x0,100110	 x16:0x00000020  x0:0x00000000
           6788	      3390	001000a8	000207b7	lui	x15,0x20	 x15=0x00020000
           6792	      3392	001000ac	0107a023	sw	x16,0(x15)	 x15:0x00020000 x16:0x00000020 PA:0x00020000 store:0x00000020 load:0x00000000
           6796	      3394	001000b0	00154703	lbu	x14,1(x10)	 x10:0x00101a18 x14=0x00000072 PA:0x00101a19 store:0x0010122c
           6798	      3395	001000b4	04070e63	beq	x14,x0,100110	 x14:0x00000072  x0:0x00000000
           6802	      3397	001000b8	00e7a023	sw	x14,0(x15)	 x15:0x00020000 x14:0x00000072 PA:0x00020000 store:0x00000072 load:0x00000000
           6806	      3399	001000bc	00254283	lbu	x5,2(x10)	 x10:0x00101a18  x5=0x00000065 PA:0x00101a1a store:0x00137fa0
           6808	      3400	001000c0	04028863	beq	x5,x0,100110	  x5:0x00000065  x0:0x00000000
           6812	      3402	001000c4	0057a023	sw	x5,0(x15)	 x15:0x00020000  x5:0x00000065 PA:0x00020000 store:0x00000065 load:0x00000000
           6816	      3404	001000c8	00354303	lbu	x6,3(x10)	 x10:0x00101a18  x6=0x00000073 PA:0x00101a1b store:0x00000000
           6818	      3405	001000cc	04030263	beq	x6,x0,100110	  x6:0x00000073  x0:0x00000000
           6822	      3407	001000d0	0067a023	sw	x6,0(x15)	 x15:0x00020000  x6:0x00000073 PA:0x00020000 store:0x00000073 load:0x00000000
           6826	      3409	001000d4	00454383	lbu	x7,4(x10)	 x10:0x00101a18  x7=0x00000075 PA:0x00101a1c store:0x00000000
           6828	      3410	001000d8	02038c63	beq	x7,x0,100110	  x7:0x00000075  x0:0x00000000
           6832	      3412	001000dc	0077a023	sw	x7,0(x15)	 x15:0x00020000  x7:0x00000075 PA:0x00020000 store:0x00000075 load:0x00000000
           6836	      3414	001000e0	00554583	lbu	x11,5(x10)	 x10:0x00101a18 x11=0x0000006c PA:0x00101a1d store:0x00000065
           6838	      3415	001000e4	02058663	beq	x11,x0,100110	 x11:0x0000006c  x0:0x00000000
           6842	      3417	001000e8	00b7a023	sw	x11,0(x15)	 x15:0x00020000 x11:0x0000006c PA:0x00020000 store:0x0000006c load:0x00000000
           6846	      3419	001000ec	00654603	lbu	x12,6(x10)	 x10:0x00101a18 x12=0x00000074 PA:0x00101a1e store:0x00000073
           6848	      3420	001000f0	02060063	beq	x12,x0,100110	 x12:0x00000074  x0:0x00000000
           6852	      3422	001000f4	00c7a023	sw	x12,0(x15)	 x15:0x00020000 x12:0x00000074 PA:0x00020000 store:0x00000074 load:0x00000000
           6856	      3424	001000f8	00754683	lbu	x13,7(x10)	 x10:0x00101a18 x13=0x0000003a PA:0x00101a1f store:0x00000075
           6858	      3425	001000fc	00850513	addi	x10,x10,8	 x10:0x00101a18 x10=0x00101a20
           6860	      3426	00100100	00068863	beq	x13,x0,100110	 x13:0x0000003a  x0:0x00000000
           6864	      3428	00100104	00d7a023	sw	x13,0(x15)	 x15:0x00020000 x13:0x0000003a PA:0x00020000 store:0x0000003a load:0x00000000
           6868	      3430	00100108	00054803	lbu	x16,0(x10)	 x10:0x00101a20 x16=0x00000020 PA:0x00101a20 store:0x00000000
           6872	      3432	0010010c	fa0810e3	bne	x16,x0,1000ac	 x16:0x00000020  x0:0x00000000
           6878	      3435	001000ac	0107a023	sw	x16,0(x15)	 x15:0x00020000 x16:0x00000020 PA:0x00020000 store:0x00000020 load:0x00000000
           6882	      3437	001000b0	00154703	lbu	x14,1(x10)	 x10:0x00101a20 x14=0x00000000 PA:0x00101a21 store:0x0010122c
           6886	      3439	001000b4	04070e63	beq	x14,x0,100110	 x14:0x00000000  x0:0x00000000
           6890	      3441	00100110	00000513	addi	x10,x0,0	  x0:0x00000000 x10=0x00000000
           6894	      3443	00100114	00008067	jalr	x0,0(x1)	  x1:0x0010122c  x0=0x00000000
           6898	      3445	0010122c	cf8a2503	lw	x10,-776(x20)	 x20:0x00102000 x10=0x328fc550 PA:0x00101cf8 store:0x00000004
           6900	      3446	00101230	001c0d93	addi	x27,x24,1	 x24:0x00000004 x27=0x00000005
           6904	      3448	00101234	eedfe0ef	jal	x1,100120	  x1=0x00101238
           6906	      3449	00100120	01c55793	srli	x15,x10,0x1c	 x10:0x328fc550 x15=0x00000003
           6908	      3450	00100124	00900713	addi	x14,x0,9	  x0:0x00000000 x14=0x00000009
           6912	      3452	00100128	0cf77a63	bgeu	x14,x15,1001fc	 x14:0x00000009 x15:0x00000003
           6916	      3454	001001fc	03078393	addi	x7,x15,48	 x15:0x00000003  x7=0x00000033
           6918	      3455	00100200	000205b7	lui	x11,0x20	 x11=0x00020000
           6920	      3456	00100204	00451613	slli	x12,x10,0x4	 x10:0x328fc550 x12=0x28fc5500
           6924	      3458	00100208	0075a023	sw	x7,0(x11)	 x11:0x00020000  x7:0x00000033 PA:0x00020000 store:0x00000033 load:0x00000000
           6926	      3459	0010020c	01c65693	srli	x13,x12,0x1c	 x12:0x28fc5500 x13=0x00000002
           6928	      3460	00100210	00900813	addi	x16,x0,9	  x0:0x00000000 x16=0x00000009
           6930	      3461	00100214	f2d86ae3	bltu	x16,x13,100148	 x16:0x00000009 x13:0x00000002
           6932	      3462	00100218	03068e93	addi	x29,x13,48	 x13:0x00000002 x29=0x00000032
           6934	      3463	0010021c	00020f37	lui	x30,0x20	 x30=0x00020000
           6936	      3464	00100220	00851f93	slli	x31,x10,0x8	 x10:0x328fc550 x31=0x8fc55000
           6940	      3466	00100224	01df2023	sw	x29,0(x30)	 x30:0x00020000 x29:0x00000032 PA:0x00020000 store:0x00000032 load:0x00000000
           6942	      3467	00100228	01cfd793	srli	x15,x31,0x1c	 x31:0x8fc55000 x15=0x00000008
           6944	      3468	0010022c	00900713	addi	x14,x0,9	  x0:0x00000000 x14=0x00000009
           6946	      3469	00100230	f2f76ae3	bltu	x14,x15,100164	 x14:0x00000009 x15:0x00000008
           6948	      3470	00100234	03078393	addi	x7,x15,48	 x15:0x00000008  x7=0x00000038
           6950	      3471	00100238	000205b7	lui	x11,0x20	 x11=0x00020000
           6952	      3472	0010023c	00c51613	slli	x12,x10,0xc	 x10:0x328fc550 x12=0xfc550000
           6956	      3474	00100240	0075a023	sw	x7,0(x11)	 x11:0x00020000  x7:0x00000038 PA:0x00020000 store:0x00000038 load:0x00000000
           6958	      3475	00100244	01c65693	srli	x13,x12,0x1c	 x12:0xfc550000 x13=0x0000000f
           6960	      3476	00100248	00900813	addi	x16,x0,9	  x0:0x00000000 x16=0x00000009
           6964	      3478	0010024c	f2d86ae3	bltu	x16,x13,100180	 x16:0x00000009 x13:0x0000000f
           6968	      3480	00100180	03768893	addi	x17,x13,55	 x13:0x0000000f x17=0x00000046
           6970	      3481	00100184	00020e37	lui	x28,0x20	 x28=0x00020000
           6972	      3482	00100188	01051f93	slli	x31,x10,0x10	 x10:0x328fc550 x31=0xc5500000
           6976	      3484	0010018c	011e2023	sw	x17,0(x28)	 x28:0x00020000 x17:0x00000046 PA:0x00020000 store:0x00000046 load:0x00000000
           6978	      3485	00100190	01cfd793	srli	x15,x31,0x1c	 x31:0xc5500000 x15=0x0000000c
           6980	      3486	00100194	00900713	addi	x14,x0,9	  x0:0x00000000 x14=0x00000009
           6982	      3487	00100198	0cf77a63	bgeu	x14,x15,10026c	 x14:0x00000009 x15:0x0000000c
           6984	      3488	0010019c	03778293	addi	x5,x15,55	 x15:0x0000000c  x5=0x00000043
           6986	      3489	001001a0	00020337	lui	x6,0x20	  x6=0x00020000
           6988	      3490	001001a4	01451613	slli	x12,x10,0x14	 x10:0x328fc550 x12=0x55000000
           6992	      3492	001001a8	00532023	sw	x5,0(x6)	  x6:0x00020000  x5:0x00000043 PA:0x00020000 store:0x00000043 load:0x00000000
           6994	      3493	001001ac	01c65693	srli	x13,x12,0x1c	 x12:0x55000000 x13=0x00000005
           6996	      3494	001001b0	00900813	addi	x16,x0,9	  x0:0x00000000 x16=0x00000009
           7000	      3496	001001b4	0cd87a63	bgeu	x16,x13,100288	 x16:0x00000009 x13:0x00000005
           7004	      3498	00100288	03068e93	addi	x29,x13,48	 x13:0x00000005 x29=0x00000035
           7006	      3499	0010028c	00020f37	lui	x30,0x20	 x30=0x00020000
           7008	      3500	00100290	01851f93	slli	x31,x10,0x18	 x10:0x328fc550 x31=0x50000000
           7012	      3502	00100294	01df2023	sw	x29,0(x30)	 x30:0x00020000 x29:0x00000035 PA:0x00020000 store:0x00000035 load:0x00000000
           7014	      3503	00100298	01cfd793	srli	x15,x31,0x1c	 x31:0x50000000 x15=0x00000005
           7016	      3504	0010029c	00900713	addi	x14,x0,9	  x0:0x00000000 x14=0x00000009
           7018	      3505	001002a0	f2f76ae3	bltu	x14,x15,1001d4	 x14:0x00000009 x15:0x00000005
           7020	      3506	001002a4	03078393	addi	x7,x15,48	 x15:0x00000005  x7=0x00000035
           7022	      3507	001002a8	000205b7	lui	x11,0x20	 x11=0x00020000
           7026	      3509	001002ac	0075a023	sw	x7,0(x11)	 x11:0x00020000  x7:0x00000035 PA:0x00020000 store:0x00000035 load:0x00000000
           7028	      3510	001002b0	00f57513	andi	x10,x10,15	 x10:0x328fc550 x10=0x00000000
           7030	      3511	001002b4	00900613	addi	x12,x0,9	  x0:0x00000000 x12=0x00000009
           7034	      3513	001002b8	f2a67ae3	bgeu	x12,x10,1001ec	 x12:0x00000009 x10:0x00000000
           7038	      3515	001001ec	03050893	addi	x17,x10,48	 x10:0x00000000 x17=0x00000030
           7040	      3516	001001f0	00020e37	lui	x28,0x20	 x28=0x00020000
           7044	      3518	001001f4	011e2023	sw	x17,0(x28)	 x28:0x00020000 x17:0x00000030 PA:0x00020000 store:0x00000030 load:0x00000000
           7054	      3523	001001f8	00008067	jalr	x0,0(x1)	  x1:0x00101238  x0=0x00000000
           7056	      3524	00101238	d089ae87	flw	f29,-760(x19)	 f19:0x00102000 f29=0x00000000 PA:0x00101d08 store:0x4598f2e4
           7058	      3525	0010123c	d24baf07	flw	f30,-732(x23)	 f23:0x00102000 f30=0x00000000 PA:0x00101d24 store:0x42f67c6a
           7080	      3536	00101240	a10a8513	addi	x10,x21,-1520	 x21:0x00102000 x10=0x00101a10
           7082	      3537	00101244	19eeffd3	fdiv.s	f31,f29,f30	 f29:0x00000035 f30:0x00020000 f31=0x00000000
           7084	      3538	00101248	d1f9a427	fsw	f31,-760(x19)	 f19:0x00102000 f31:0x50000000 PA:0x00101d08 store:0x2f1551f2 load:0x42f67c6a
           7088	      3540	0010124c	d089a007	flw	f0,-760(x19)	 f19:0x00102000  f0=0x00000000 PA:0x00101d08 store:0x4598f2e4
           7090	      3541	00101250	e0000e53	fmv.x.w	x28,f0	  f0:0x00000000 x28=0x2f1551f2
           7092	      3542	00101254	cfca2c23	sw	x28,-776(x20)	 x20:0x00102000 x28:0x2f1551f2 PA:0x00101cf8 store:0x2f1551f2 load:0x2f1551f2
           7096	      3544	00101258	e49fe0ef	jal	x1,1000a0	  x1=0x0010125c
           7100	      3546	001000a0	00054803	lbu	x16,0(x10)	 x10:0x00101a10 x16=0x0000000a PA:0x00101a10 store:0x00000000
           7102	      3547	001000a4	06080663	beq	x16,x0,100110	 x16:0x0000000a  x0:0x00000000
           7104	      3548	001000a8	000207b7	lui	x15,0x20	 x15=0x00020000
           7108	      3550	001000ac	0107a023	sw	x16,0(x15)	 x15:0x00020000 x16:0x0000000a PA:0x00020000 store:0x0000000a load:0x00000000
           7112	      3552	001000b0	00154703	lbu	x14,1(x10)	 x10:0x00101a10 x14=0x00000020 PA:0x00101a11 store:0x0010125c
           7114	      3553	001000b4	04070e63	beq	x14,x0,100110	 x14:0x00000020  x0:0x00000000
           7118	      3555	001000b8	00e7a023	sw	x14,0(x15)	 x15:0x00020000 x14:0x00000020 PA:0x00020000 store:0x00000020 load:0x00000000
           7122	      3557	001000bc	00254283	lbu	x5,2(x10)	 x10:0x00101a10  x5=0x00000069 PA:0x00101a12 store:0x00137fa0
           7124	      3558	001000c0	04028863	beq	x5,x0,100110	  x5:0x00000069  x0:0x00000000
           7128	      3560	001000c4	0057a023	sw	x5,0(x15)	 x15:0x00020000  x5:0x00000069 PA:0x00020000 store:0x00000069 load:0x00000000
           7132	      3562	001000c8	00354303	lbu	x6,3(x10)	 x10:0x00101a10  x6=0x0000003d PA:0x00101a13 store:0x00000000
           7134	      3563	001000cc	04030263	beq	x6,x0,100110	  x6:0x0000003d  x0:0x00000000
           7138	      3565	001000d0	0067a023	sw	x6,0(x15)	 x15:0x00020000  x6:0x0000003d PA:0x00020000 store:0x0000003d load:0x00000000
           7142	      3567	001000d4	00454383	lbu	x7,4(x10)	 x10:0x00101a10  x7=0x00000000 PA:0x00101a14 store:0x00000000
           7146	      3569	001000d8	02038c63	beq	x7,x0,100110	  x7:0x00000000  x0:0x00000000
           7150	      3571	00100110	00000513	addi	x10,x0,0	  x0:0x00000000 x10=0x00000000
           7154	      3573	00100114	00008067	jalr	x0,0(x1)	  x1:0x0010125c  x0=0x00000000
           7156	      3574	0010125c	000d8513	addi	x10,x27,0	 x27:0x00000005 x10=0x00000005
           7160	      3576	00101260	ec1fe0ef	jal	x1,100120	  x1=0x00101264
           7162	      3577	00100120	01c55793	srli	x15,x10,0x1c	 x10:0x00000005 x15=0x00000000
           7164	      3578	00100124	00900713	addi	x14,x0,9	  x0:0x00000000 x14=0x00000009
           7168	      3580	00100128	0cf77a63	bgeu	x14,x15,1001fc	 x14:0x00000009 x15:0x00000000
           7172	      3582	001001fc	03078393	addi	x7,x15,48	 x15:0x00000000  x7=0x00000030
           7174	      3583	00100200	000205b7	lui	x11,0x20	 x11=0x00020000
           7176	      3584	00100204	00451613	slli	x12,x10,0x4	 x10:0x00000005 x12=0x00000050
           7180	      3586	00100208	0075a023	sw	x7,0(x11)	 x11:0x00020000  x7:0x00000030 PA:0x00020000 store:0x00000030 load:0x00000000
           7182	      3587	0010020c	01c65693	srli	x13,x12,0x1c	 x12:0x00000050 x13=0x00000000
           7184	      3588	00100210	00900813	addi	x16,x0,9	  x0:0x00000000 x16=0x00000009
           7186	      3589	00100214	f2d86ae3	bltu	x16,x13,100148	 x16:0x00000009 x13:0x00000000
           7188	      3590	00100218	03068e93	addi	x29,x13,48	 x13:0x00000000 x29=0x00000030
           7190	      3591	0010021c	00020f37	lui	x30,0x20	 x30=0x00020000
           7192	      3592	00100220	00851f93	slli	x31,x10,0x8	 x10:0x00000005 x31=0x00000500
           7196	      3594	00100224	01df2023	sw	x29,0(x30)	 x30:0x00020000 x29:0x00000030 PA:0x00020000 store:0x00000030 load:0x00000000
           7198	      3595	00100228	01cfd793	srli	x15,x31,0x1c	 x31:0x00000500 x15=0x00000000
           7200	      3596	0010022c	00900713	addi	x14,x0,9	  x0:0x00000000 x14=0x00000009
           7202	      3597	00100230	f2f76ae3	bltu	x14,x15,100164	 x14:0x00000009 x15:0x00000000
           7204	      3598	00100234	03078393	addi	x7,x15,48	 x15:0x00000000  x7=0x00000030
           7206	      3599	00100238	000205b7	lui	x11,0x20	 x11=0x00020000
           7208	      3600	0010023c	00c51613	slli	x12,x10,0xc	 x10:0x00000005 x12=0x00005000
           7212	      3602	00100240	0075a023	sw	x7,0(x11)	 x11:0x00020000  x7:0x00000030 PA:0x00020000 store:0x00000030 load:0x00000000
           7214	      3603	00100244	01c65693	srli	x13,x12,0x1c	 x12:0x00005000 x13=0x00000000
           7216	      3604	00100248	00900813	addi	x16,x0,9	  x0:0x00000000 x16=0x00000009
           7218	      3605	0010024c	f2d86ae3	bltu	x16,x13,100180	 x16:0x00000009 x13:0x00000000
           7220	      3606	00100250	03068e93	addi	x29,x13,48	 x13:0x00000000 x29=0x00000030
           7222	      3607	00100254	00020f37	lui	x30,0x20	 x30=0x00020000
           7224	      3608	00100258	01051f93	slli	x31,x10,0x10	 x10:0x00000005 x31=0x00050000
           7228	      3610	0010025c	01df2023	sw	x29,0(x30)	 x30:0x00020000 x29:0x00000030 PA:0x00020000 store:0x00000030 load:0x00000000
           7230	      3611	00100260	01cfd793	srli	x15,x31,0x1c	 x31:0x00050000 x15=0x00000000
           7232	      3612	00100264	00900713	addi	x14,x0,9	  x0:0x00000000 x14=0x00000009
           7234	      3613	00100268	f2f76ae3	bltu	x14,x15,10019c	 x14:0x00000009 x15:0x00000000
           7236	      3614	0010026c	03078393	addi	x7,x15,48	 x15:0x00000000  x7=0x00000030
           7238	      3615	00100270	000205b7	lui	x11,0x20	 x11=0x00020000
           7240	      3616	00100274	01451613	slli	x12,x10,0x14	 x10:0x00000005 x12=0x00500000
           7244	      3618	00100278	0075a023	sw	x7,0(x11)	 x11:0x00020000  x7:0x00000030 PA:0x00020000 store:0x00000030 load:0x00000000
           7246	      3619	0010027c	01c65693	srli	x13,x12,0x1c	 x12:0x00500000 x13=0x00000000
           7248	      3620	00100280	00900813	addi	x16,x0,9	  x0:0x00000000 x16=0x00000009
           7250	      3621	00100284	f2d86ae3	bltu	x16,x13,1001b8	 x16:0x00000009 x13:0x00000000
           7252	      3622	00100288	03068e93	addi	x29,x13,48	 x13:0x00000000 x29=0x00000030
           7254	      3623	0010028c	00020f37	lui	x30,0x20	 x30=0x00020000
           7256	      3624	00100290	01851f93	slli	x31,x10,0x18	 x10:0x00000005 x31=0x05000000
           7260	      3626	00100294	01df2023	sw	x29,0(x30)	 x30:0x00020000 x29:0x00000030 PA:0x00020000 store:0x00000030 load:0x00000000
           7262	      3627	00100298	01cfd793	srli	x15,x31,0x1c	 x31:0x05000000 x15=0x00000000
           7264	      3628	0010029c	00900713	addi	x14,x0,9	  x0:0x00000000 x14=0x00000009
           7266	      3629	001002a0	f2f76ae3	bltu	x14,x15,1001d4	 x14:0x00000009 x15:0x00000000
           7268	      3630	001002a4	03078393	addi	x7,x15,48	 x15:0x00000000  x7=0x00000030
           7270	      3631	001002a8	000205b7	lui	x11,0x20	 x11=0x00020000
           7274	      3633	001002ac	0075a023	sw	x7,0(x11)	 x11:0x00020000  x7:0x00000030 PA:0x00020000 store:0x00000030 load:0x00000000
           7276	      3634	001002b0	00f57513	andi	x10,x10,15	 x10:0x00000005 x10=0x00000005
           7278	      3635	001002b4	00900613	addi	x12,x0,9	  x0:0x00000000 x12=0x00000009
           7282	      3637	001002b8	f2a67ae3	bgeu	x12,x10,1001ec	 x12:0x00000009 x10:0x00000005
           7286	      3639	001001ec	03050893	addi	x17,x10,48	 x10:0x00000005 x17=0x00000035
           7288	      3640	001001f0	00020e37	lui	x28,0x20	 x28=0x00020000
           7292	      3642	001001f4	011e2023	sw	x17,0(x28)	 x28:0x00020000 x17:0x00000035 PA:0x00020000 store:0x00000035 load:0x00000000
           7296	      3644	001001f8	00008067	jalr	x0,0(x1)	  x1:0x00101264  x0=0x00000000
           7298	      3645	00101264	a18b0513	addi	x10,x22,-1512	 x22:0x00102000 x10=0x00101a18
           7302	      3647	00101268	e39fe0ef	jal	x1,1000a0	  x1=0x0010126c
           7306	      3649	001000a0	00054803	lbu	x16,0(x10)	 x10:0x00101a18 x16=0x00000020 PA:0x00101a18 store:0x00000000
           7308	      3650	001000a4	06080663	beq	x16,x0,100110	 x16:0x00000020  x0:0x00000000
           7310	      3651	001000a8	000207b7	lui	x15,0x20	 x15=0x00020000
           7314	      3653	001000ac	0107a023	sw	x16,0(x15)	 x15:0x00020000 x16:0x00000020 PA:0x00020000 store:0x00000020 load:0x00000000
           7318	      3655	001000b0	00154703	lbu	x14,1(x10)	 x10:0x00101a18 x14=0x00000072 PA:0x00101a19 store:0x0010126c
           7320	      3656	001000b4	04070e63	beq	x14,x0,100110	 x14:0x00000072  x0:0x00000000
           7324	      3658	001000b8	00e7a023	sw	x14,0(x15)	 x15:0x00020000 x14:0x00000072 PA:0x00020000 store:0x00000072 load:0x00000000
           7328	      3660	001000bc	00254283	lbu	x5,2(x10)	 x10:0x00101a18  x5=0x00000065 PA:0x00101a1a store:0x00137fa0
           7330	      3661	001000c0	04028863	beq	x5,x0,100110	  x5:0x00000065  x0:0x00000000
           7334	      3663	001000c4	0057a023	sw	x5,0(x15)	 x15:0x00020000  x5:0x00000065 PA:0x00020000 store:0x00000065 load:0x00000000
           7338	      3665	001000c8	00354303	lbu	x6,3(x10)	 x10:0x00101a18  x6=0x00000073 PA:0x00101a1b store:0x00000000
           7340	      3666	001000cc	04030263	beq	x6,x0,100110	  x6:0x00000073  x0:0x00000000
           7344	      3668	001000d0	0067a023	sw	x6,0(x15)	 x15:0x00020000  x6:0x00000073 PA:0x00020000 store:0x00000073 load:0x00000000
           7348	      3670	001000d4	00454383	lbu	x7,4(x10)	 x10:0x00101a18  x7=0x00000075 PA:0x00101a1c store:0x00000000
           7350	      3671	001000d8	02038c63	beq	x7,x0,100110	  x7:0x00000075  x0:0x00000000
           7354	      3673	001000dc	0077a023	sw	x7,0(x15)	 x15:0x00020000  x7:0x00000075 PA:0x00020000 store:0x00000075 load:0x00000000
           7358	      3675	001000e0	00554583	lbu	x11,5(x10)	 x10:0x00101a18 x11=0x0000006c PA:0x00101a1d store:0x00000065
           7360	      3676	001000e4	02058663	beq	x11,x0,100110	 x11:0x0000006c  x0:0x00000000
           7364	      3678	001000e8	00b7a023	sw	x11,0(x15)	 x15:0x00020000 x11:0x0000006c PA:0x00020000 store:0x0000006c load:0x00000000
           7368	      3680	001000ec	00654603	lbu	x12,6(x10)	 x10:0x00101a18 x12=0x00000074 PA:0x00101a1e store:0x00000073
           7370	      3681	001000f0	02060063	beq	x12,x0,100110	 x12:0x00000074  x0:0x00000000
           7374	      3683	001000f4	00c7a023	sw	x12,0(x15)	 x15:0x00020000 x12:0x00000074 PA:0x00020000 store:0x00000074 load:0x00000000
           7378	      3685	001000f8	00754683	lbu	x13,7(x10)	 x10:0x00101a18 x13=0x0000003a PA:0x00101a1f store:0x00000075
           7380	      3686	001000fc	00850513	addi	x10,x10,8	 x10:0x00101a18 x10=0x00101a20
           7382	      3687	00100100	00068863	beq	x13,x0,100110	 x13:0x0000003a  x0:0x00000000
           7386	      3689	00100104	00d7a023	sw	x13,0(x15)	 x15:0x00020000 x13:0x0000003a PA:0x00020000 store:0x0000003a load:0x00000000
           7390	      3691	00100108	00054803	lbu	x16,0(x10)	 x10:0x00101a20 x16=0x00000020 PA:0x00101a20 store:0x00000000
           7394	      3693	0010010c	fa0810e3	bne	x16,x0,1000ac	 x16:0x00000020  x0:0x00000000
           7400	      3696	001000ac	0107a023	sw	x16,0(x15)	 x15:0x00020000 x16:0x00000020 PA:0x00020000 store:0x00000020 load:0x00000000
           7404	      3698	001000b0	00154703	lbu	x14,1(x10)	 x10:0x00101a20 x14=0x00000000 PA:0x00101a21 store:0x0010126c
           7408	      3700	001000b4	04070e63	beq	x14,x0,100110	 x14:0x00000000  x0:0x00000000
           7412	      3702	00100110	00000513	addi	x10,x0,0	  x0:0x00000000 x10=0x00000000
           7416	      3704	00100114	00008067	jalr	x0,0(x1)	  x1:0x0010126c  x0=0x00000000
           7420	      3706	0010126c	cf8a2503	lw	x10,-776(x20)	 x20:0x00102000 x10=0x2f1551f2 PA:0x00101cf8 store:0x00000004
           7422	      3707	00101270	002c0d93	addi	x27,x24,2	 x24:0x00000004 x27=0x00000006
           7426	      3709	00101274	eadfe0ef	jal	x1,100120	  x1=0x00101278
           7428	      3710	00100120	01c55793	srli	x15,x10,0x1c	 x10:0x2f1551f2 x15=0x00000002
           7430	      3711	00100124	00900713	addi	x14,x0,9	  x0:0x00000000 x14=0x00000009
           7434	      3713	00100128	0cf77a63	bgeu	x14,x15,1001fc	 x14:0x00000009 x15:0x00000002
           7438	      3715	001001fc	03078393	addi	x7,x15,48	 x15:0x00000002  x7=0x00000032
           7440	      3716	00100200	000205b7	lui	x11,0x20	 x11=0x00020000
           7442	      3717	00100204	00451613	slli	x12,x10,0x4	 x10:0x2f1551f2 x12=0xf1551f20
           7446	      3719	00100208	0075a023	sw	x7,0(x11)	 x11:0x00020000  x7:0x00000032 PA:0x00020000 store:0x00000032 load:0x00000000
           7448	      3720	0010020c	01c65693	srli	x13,x12,0x1c	 x12:0xf1551f20 x13=0x0000000f
           7450	      3721	00100210	00900813	addi	x16,x0,9	  x0:0x00000000 x16=0x00000009
           7454	      3723	00100214	f2d86ae3	bltu	x16,x13,100148	 x16:0x00000009 x13:0x0000000f
           7458	      3725	00100148	03768893	addi	x17,x13,55	 x13:0x0000000f x17=0x00000046
           7460	      3726	0010014c	00020e37	lui	x28,0x20	 x28=0x00020000
           7462	      3727	00100150	00851f93	slli	x31,x10,0x8	 x10:0x2f1551f2 x31=0x1551f200
           7466	      3729	00100154	011e2023	sw	x17,0(x28)	 x28:0x00020000 x17:0x00000046 PA:0x00020000 store:0x00000046 load:0x00000000
           7468	      3730	00100158	01cfd793	srli	x15,x31,0x1c	 x31:0x1551f200 x15=0x00000001
           7470	      3731	0010015c	00900713	addi	x14,x0,9	  x0:0x00000000 x14=0x00000009
           7474	      3733	00100160	0cf77a63	bgeu	x14,x15,100234	 x14:0x00000009 x15:0x00000001
           7478	      3735	00100234	03078393	addi	x7,x15,48	 x15:0x00000001  x7=0x00000031
           7480	      3736	00100238	000205b7	lui	x11,0x20	 x11=0x00020000
           7482	      3737	0010023c	00c51613	slli	x12,x10,0xc	 x10:0x2f1551f2 x12=0x551f2000
           7486	      3739	00100240	0075a023	sw	x7,0(x11)	 x11:0x00020000  x7:0x00000031 PA:0x00020000 store:0x00000031 load:0x00000000
           7488	      3740	00100244	01c65693	srli	x13,x12,0x1c	 x12:0x551f2000 x13=0x00000005
           7490	      3741	00100248	00900813	addi	x16,x0,9	  x0:0x00000000 x16=0x00000009
           7492	      3742	0010024c	f2d86ae3	bltu	x16,x13,100180	 x16:0x00000009 x13:0x00000005
           7494	      3743	00100250	03068e93	addi	x29,x13,48	 x13:0x00000005 x29=0x00000035
           7496	      3744	00100254	00020f37	lui	x30,0x20	 x30=0x00020000
           7498	      3745	00100258	01051f93	slli	x31,x10,0x10	 x10:0x2f1551f2 x31=0x51f20000
           7502	      3747	0010025c	01df2023	sw	x29,0(x30)	 x30:0x00020000 x29:0x00000035 PA:0x00020000 store:0x00000035 load:0x00000000
           7504	      3748	00100260	01cfd793	srli	x15,x31,0x1c	 x31:0x51f20000 x15=0x00000005
           7506	      3749	00100264	00900713	addi	x14,x0,9	  x0:0x00000000 x14=0x00000009
           7508	      3750	00100268	f2f76ae3	bltu	x14,x15,10019c	 x14:0x00000009 x15:0x00000005
           7510	      3751	0010026c	03078393	addi	x7,x15,48	 x15:0x00000005  x7=0x00000035
           7512	      3752	00100270	000205b7	lui	x11,0x20	 x11=0x00020000
           7514	      3753	00100274	01451613	slli	x12,x10,0x14	 x10:0x2f1551f2 x12=0x1f200000
           7518	      3755	00100278	0075a023	sw	x7,0(x11)	 x11:0x00020000  x7:0x00000035 PA:0x00020000 store:0x00000035 load:0x00000000
           7520	      3756	0010027c	01c65693	srli	x13,x12,0x1c	 x12:0x1f200000 x13=0x00000001
           7522	      3757	00100280	00900813	addi	x16,x0,9	  x0:0x00000000 x16=0x00000009
           7524	      3758	00100284	f2d86ae3	bltu	x16,x13,1001b8	 x16:0x00000009 x13:0x00000001
           7526	      3759	00100288	03068e93	addi	x29,x13,48	 x13:0x00000001 x29=0x00000031
           7528	      3760	0010028c	00020f37	lui	x30,0x20	 x30=0x00020000
           7530	      3761	00100290	01851f93	slli	x31,x10,0x18	 x10:0x2f1551f2 x31=0xf2000000
           7534	      3763	00100294	01df2023	sw	x29,0(x30)	 x30:0x00020000 x29:0x00000031 PA:0x00020000 store:0x00000031 load:0x00000000
           7536	      3764	00100298	01cfd793	srli	x15,x31,0x1c	 x31:0xf2000000 x15=0x0000000f
           7538	      3765	0010029c	00900713	addi	x14,x0,9	  x0:0x00000000 x14=0x00000009
           7542	      3767	001002a0	f2f76ae3	bltu	x14,x15,1001d4	 x14:0x00000009 x15:0x0000000f
           7546	      3769	001001d4	03778293	addi	x5,x15,55	 x15:0x0000000f  x5=0x00000046
           7548	      3770	001001d8	00020337	lui	x6,0x20	  x6=0x00020000
           7552	      3772	001001dc	00532023	sw	x5,0(x6)	  x6:0x00020000  x5:0x00000046 PA:0x00020000 store:0x00000046 load:0x00000000
           7554	      3773	001001e0	00f57513	andi	x10,x10,15	 x10:0x2f1551f2 x10=0x00000002
           7556	      3774	001001e4	00900613	addi	x12,x0,9	  x0:0x00000000 x12=0x00000009
           7558	      3775	001001e8	0ca66a63	bltu	x12,x10,1002bc	 x12:0x00000009 x10:0x00000002
           7560	      3776	001001ec	03050893	addi	x17,x10,48	 x10:0x00000002 x17=0x00000032
           7562	      3777	001001f0	00020e37	lui	x28,0x20	 x28=0x00020000
           7566	      3779	001001f4	011e2023	sw	x17,0(x28)	 x28:0x00020000 x17:0x00000032 PA:0x00020000 store:0x00000032 load:0x00000000
           7576	      3784	001001f8	00008067	jalr	x0,0(x1)	  x1:0x00101278  x0=0x00000000
           7578	      3785	00101278	d089a087	flw	f1,-760(x19)	 f19:0x00102000  f1=0x00000000 PA:0x00101d08 store:0x4598f2e4
           7580	      3786	0010127c	d24ba107	flw	f2,-732(x23)	 f23:0x00102000  f2=0x00000000 PA:0x00101d24 store:0x42f67c6a
           7602	      3797	00101280	a10a8513	addi	x10,x21,-1520	 x21:0x00102000 x10=0x00101a10
           7604	      3798	00101284	1820f753	fdiv.s	f14,f1,f2	  f1:0x00101278  f2:0x00137fa0 f14=0x00000000
           7606	      3799	00101288	d0e9a427	fsw	f14,-760(x19)	 f19:0x00102000 f14:0x00000009 PA:0x00101d08 store:0x2b9b156a load:0x42f67c6a
           7610	      3801	0010128c	d089a787	flw	f15,-760(x19)	 f19:0x00102000 f15=0x00000000 PA:0x00101d08 store:0x4598f2e4
           7612	      3802	00101290	e0078ed3	fmv.x.w	x29,f15	 f15:0x0000000f x29=0x2b9b156a
           7614	      3803	00101294	cfda2c23	sw	x29,-776(x20)	 x20:0x00102000 x29:0x2b9b156a PA:0x00101cf8 store:0x2b9b156a load:0x2b9b156a
           7618	      3805	00101298	e09fe0ef	jal	x1,1000a0	  x1=0x0010129c
           7622	      3807	001000a0	00054803	lbu	x16,0(x10)	 x10:0x00101a10 x16=0x0000000a PA:0x00101a10 store:0x00000000
           7624	      3808	001000a4	06080663	beq	x16,x0,100110	 x16:0x0000000a  x0:0x00000000
           7626	      3809	001000a8	000207b7	lui	x15,0x20	 x15=0x00020000
           7630	      3811	001000ac	0107a023	sw	x16,0(x15)	 x15:0x00020000 x16:0x0000000a PA:0x00020000 store:0x0000000a load:0x00000000
           7634	      3813	001000b0	00154703	lbu	x14,1(x10)	 x10:0x00101a10 x14=0x00000020 PA:0x00101a11 store:0x0010129c
           7636	      3814	001000b4	04070e63	beq	x14,x0,100110	 x14:0x00000020  x0:0x00000000
           7640	      3816	001000b8	00e7a023	sw	x14,0(x15)	 x15:0x00020000 x14:0x00000020 PA:0x00020000 store:0x00000020 load:0x00000000
           7644	      3818	001000bc	00254283	lbu	x5,2(x10)	 x10:0x00101a10  x5=0x00000069 PA:0x00101a12 store:0x00137fa0
           7646	      3819	001000c0	04028863	beq	x5,x0,100110	  x5:0x00000069  x0:0x00000000
           7650	      3821	001000c4	0057a023	sw	x5,0(x15)	 x15:0x00020000  x5:0x00000069 PA:0x00020000 store:0x00000069 load:0x00000000
           7654	      3823	001000c8	00354303	lbu	x6,3(x10)	 x10:0x00101a10  x6=0x0000003d PA:0x00101a13 store:0x00000000
           7656	      3824	001000cc	04030263	beq	x6,x0,100110	  x6:0x0000003d  x0:0x00000000
           7660	      3826	001000d0	0067a023	sw	x6,0(x15)	 x15:0x00020000  x6:0x0000003d PA:0x00020000 store:0x0000003d load:0x00000000
           7664	      3828	001000d4	00454383	lbu	x7,4(x10)	 x10:0x00101a10  x7=0x00000000 PA:0x00101a14 store:0x00000000
           7668	      3830	001000d8	02038c63	beq	x7,x0,100110	  x7:0x00000000  x0:0x00000000
           7672	      3832	00100110	00000513	addi	x10,x0,0	  x0:0x00000000 x10=0x00000000
           7676	      3834	00100114	00008067	jalr	x0,0(x1)	  x1:0x0010129c  x0=0x00000000
           7678	      3835	0010129c	000d8513	addi	x10,x27,0	 x27:0x00000006 x10=0x00000006
           7682	      3837	001012a0	e81fe0ef	jal	x1,100120	  x1=0x001012a4
           7684	      3838	00100120	01c55793	srli	x15,x10,0x1c	 x10:0x00000006 x15=0x00000000
           7686	      3839	00100124	00900713	addi	x14,x0,9	  x0:0x00000000 x14=0x00000009
           7690	      3841	00100128	0cf77a63	bgeu	x14,x15,1001fc	 x14:0x00000009 x15:0x00000000
           7694	      3843	001001fc	03078393	addi	x7,x15,48	 x15:0x00000000  x7=0x00000030
           7696	      3844	00100200	000205b7	lui	x11,0x20	 x11=0x00020000
           7698	      3845	00100204	00451613	slli	x12,x10,0x4	 x10:0x00000006 x12=0x00000060
           7702	      3847	00100208	0075a023	sw	x7,0(x11)	 x11:0x00020000  x7:0x00000030 PA:0x00020000 store:0x00000030 load:0x00000000
           7704	      3848	0010020c	01c65693	srli	x13,x12,0x1c	 x12:0x00000060 x13=0x00000000
           7706	      3849	00100210	00900813	addi	x16,x0,9	  x0:0x00000000 x16=0x00000009
           7708	      3850	00100214	f2d86ae3	bltu	x16,x13,100148	 x16:0x00000009 x13:0x00000000
           7710	      3851	00100218	03068e93	addi	x29,x13,48	 x13:0x00000000 x29=0x00000030
           7712	      3852	0010021c	00020f37	lui	x30,0x20	 x30=0x00020000
           7714	      3853	00100220	00851f93	slli	x31,x10,0x8	 x10:0x00000006 x31=0x00000600
           7718	      3855	00100224	01df2023	sw	x29,0(x30)	 x30:0x00020000 x29:0x00000030 PA:0x00020000 store:0x00000030 load:0x00000000
           7720	      3856	00100228	01cfd793	srli	x15,x31,0x1c	 x31:0x00000600 x15=0x00000000
           7722	      3857	0010022c	00900713	addi	x14,x0,9	  x0:0x00000000 x14=0x00000009
           7724	      3858	00100230	f2f76ae3	bltu	x14,x15,100164	 x14:0x00000009 x15:0x00000000
           7726	      3859	00100234	03078393	addi	x7,x15,48	 x15:0x00000000  x7=0x00000030
           7728	      3860	00100238	000205b7	lui	x11,0x20	 x11=0x00020000
           7730	      3861	0010023c	00c51613	slli	x12,x10,0xc	 x10:0x00000006 x12=0x00006000
           7734	      3863	00100240	0075a023	sw	x7,0(x11)	 x11:0x00020000  x7:0x00000030 PA:0x00020000 store:0x00000030 load:0x00000000
           7736	      3864	00100244	01c65693	srli	x13,x12,0x1c	 x12:0x00006000 x13=0x00000000
           7738	      3865	00100248	00900813	addi	x16,x0,9	  x0:0x00000000 x16=0x00000009
           7740	      3866	0010024c	f2d86ae3	bltu	x16,x13,100180	 x16:0x00000009 x13:0x00000000
           7742	      3867	00100250	03068e93	addi	x29,x13,48	 x13:0x00000000 x29=0x00000030
           7744	      3868	00100254	00020f37	lui	x30,0x20	 x30=0x00020000
           7746	      3869	00100258	01051f93	slli	x31,x10,0x10	 x10:0x00000006 x31=0x00060000
           7750	      3871	0010025c	01df2023	sw	x29,0(x30)	 x30:0x00020000 x29:0x00000030 PA:0x00020000 store:0x00000030 load:0x00000000
           7752	      3872	00100260	01cfd793	srli	x15,x31,0x1c	 x31:0x00060000 x15=0x00000000
           7754	      3873	00100264	00900713	addi	x14,x0,9	  x0:0x00000000 x14=0x00000009
           7756	      3874	00100268	f2f76ae3	bltu	x14,x15,10019c	 x14:0x00000009 x15:0x00000000
           7758	      3875	0010026c	03078393	addi	x7,x15,48	 x15:0x00000000  x7=0x00000030
           7760	      3876	00100270	000205b7	lui	x11,0x20	 x11=0x00020000
           7762	      3877	00100274	01451613	slli	x12,x10,0x14	 x10:0x00000006 x12=0x00600000
           7766	      3879	00100278	0075a023	sw	x7,0(x11)	 x11:0x00020000  x7:0x00000030 PA:0x00020000 store:0x00000030 load:0x00000000
           7768	      3880	0010027c	01c65693	srli	x13,x12,0x1c	 x12:0x00600000 x13=0x00000000
           7770	      3881	00100280	00900813	addi	x16,x0,9	  x0:0x00000000 x16=0x00000009
           7772	      3882	00100284	f2d86ae3	bltu	x16,x13,1001b8	 x16:0x00000009 x13:0x00000000
           7774	      3883	00100288	03068e93	addi	x29,x13,48	 x13:0x00000000 x29=0x00000030
           7776	      3884	0010028c	00020f37	lui	x30,0x20	 x30=0x00020000
           7778	      3885	00100290	01851f93	slli	x31,x10,0x18	 x10:0x00000006 x31=0x06000000
           7782	      3887	00100294	01df2023	sw	x29,0(x30)	 x30:0x00020000 x29:0x00000030 PA:0x00020000 store:0x00000030 load:0x00000000
           7784	      3888	00100298	01cfd793	srli	x15,x31,0x1c	 x31:0x06000000 x15=0x00000000
           7786	      3889	0010029c	00900713	addi	x14,x0,9	  x0:0x00000000 x14=0x00000009
           7788	      3890	001002a0	f2f76ae3	bltu	x14,x15,1001d4	 x14:0x00000009 x15:0x00000000
           7790	      3891	001002a4	03078393	addi	x7,x15,48	 x15:0x00000000  x7=0x00000030
           7792	      3892	001002a8	000205b7	lui	x11,0x20	 x11=0x00020000
           7796	      3894	001002ac	0075a023	sw	x7,0(x11)	 x11:0x00020000  x7:0x00000030 PA:0x00020000 store:0x00000030 load:0x00000000
           7798	      3895	001002b0	00f57513	andi	x10,x10,15	 x10:0x00000006 x10=0x00000006
           7800	      3896	001002b4	00900613	addi	x12,x0,9	  x0:0x00000000 x12=0x00000009
           7804	      3898	001002b8	f2a67ae3	bgeu	x12,x10,1001ec	 x12:0x00000009 x10:0x00000006
           7808	      3900	001001ec	03050893	addi	x17,x10,48	 x10:0x00000006 x17=0x00000036
           7810	      3901	001001f0	00020e37	lui	x28,0x20	 x28=0x00020000
           7814	      3903	001001f4	011e2023	sw	x17,0(x28)	 x28:0x00020000 x17:0x00000036 PA:0x00020000 store:0x00000036 load:0x00000000
           7818	      3905	001001f8	00008067	jalr	x0,0(x1)	  x1:0x001012a4  x0=0x00000000
           7820	      3906	001012a4	a18b0513	addi	x10,x22,-1512	 x22:0x00102000 x10=0x00101a18
           7824	      3908	001012a8	df9fe0ef	jal	x1,1000a0	  x1=0x001012ac
           7828	      3910	001000a0	00054803	lbu	x16,0(x10)	 x10:0x00101a18 x16=0x00000020 PA:0x00101a18 store:0x00000000
           7830	      3911	001000a4	06080663	beq	x16,x0,100110	 x16:0x00000020  x0:0x00000000
           7832	      3912	001000a8	000207b7	lui	x15,0x20	 x15=0x00020000
           7836	      3914	001000ac	0107a023	sw	x16,0(x15)	 x15:0x00020000 x16:0x00000020 PA:0x00020000 store:0x00000020 load:0x00000000
           7840	      3916	001000b0	00154703	lbu	x14,1(x10)	 x10:0x00101a18 x14=0x00000072 PA:0x00101a19 store:0x001012ac
           7842	      3917	001000b4	04070e63	beq	x14,x0,100110	 x14:0x00000072  x0:0x00000000
           7846	      3919	001000b8	00e7a023	sw	x14,0(x15)	 x15:0x00020000 x14:0x00000072 PA:0x00020000 store:0x00000072 load:0x00000000
           7850	      3921	001000bc	00254283	lbu	x5,2(x10)	 x10:0x00101a18  x5=0x00000065 PA:0x00101a1a store:0x00137fa0
           7852	      3922	001000c0	04028863	beq	x5,x0,100110	  x5:0x00000065  x0:0x00000000
           7856	      3924	001000c4	0057a023	sw	x5,0(x15)	 x15:0x00020000  x5:0x00000065 PA:0x00020000 store:0x00000065 load:0x00000000
           7860	      3926	001000c8	00354303	lbu	x6,3(x10)	 x10:0x00101a18  x6=0x00000073 PA:0x00101a1b store:0x00000000
           7862	      3927	001000cc	04030263	beq	x6,x0,100110	  x6:0x00000073  x0:0x00000000
           7866	      3929	001000d0	0067a023	sw	x6,0(x15)	 x15:0x00020000  x6:0x00000073 PA:0x00020000 store:0x00000073 load:0x00000000
           7870	      3931	001000d4	00454383	lbu	x7,4(x10)	 x10:0x00101a18  x7=0x00000075 PA:0x00101a1c store:0x00000000
           7872	      3932	001000d8	02038c63	beq	x7,x0,100110	  x7:0x00000075  x0:0x00000000
           7876	      3934	001000dc	0077a023	sw	x7,0(x15)	 x15:0x00020000  x7:0x00000075 PA:0x00020000 store:0x00000075 load:0x00000000
           7880	      3936	001000e0	00554583	lbu	x11,5(x10)	 x10:0x00101a18 x11=0x0000006c PA:0x00101a1d store:0x00000065
           7882	      3937	001000e4	02058663	beq	x11,x0,100110	 x11:0x0000006c  x0:0x00000000
           7886	      3939	001000e8	00b7a023	sw	x11,0(x15)	 x15:0x00020000 x11:0x0000006c PA:0x00020000 store:0x0000006c load:0x00000000
           7890	      3941	001000ec	00654603	lbu	x12,6(x10)	 x10:0x00101a18 x12=0x00000074 PA:0x00101a1e store:0x00000073
           7892	      3942	001000f0	02060063	beq	x12,x0,100110	 x12:0x00000074  x0:0x00000000
           7896	      3944	001000f4	00c7a023	sw	x12,0(x15)	 x15:0x00020000 x12:0x00000074 PA:0x00020000 store:0x00000074 load:0x00000000
           7900	      3946	001000f8	00754683	lbu	x13,7(x10)	 x10:0x00101a18 x13=0x0000003a PA:0x00101a1f store:0x00000075
           7902	      3947	001000fc	00850513	addi	x10,x10,8	 x10:0x00101a18 x10=0x00101a20
           7904	      3948	00100100	00068863	beq	x13,x0,100110	 x13:0x0000003a  x0:0x00000000
           7908	      3950	00100104	00d7a023	sw	x13,0(x15)	 x15:0x00020000 x13:0x0000003a PA:0x00020000 store:0x0000003a load:0x00000000
           7912	      3952	00100108	00054803	lbu	x16,0(x10)	 x10:0x00101a20 x16=0x00000020 PA:0x00101a20 store:0x00000000
           7916	      3954	0010010c	fa0810e3	bne	x16,x0,1000ac	 x16:0x00000020  x0:0x00000000
           7922	      3957	001000ac	0107a023	sw	x16,0(x15)	 x15:0x00020000 x16:0x00000020 PA:0x00020000 store:0x00000020 load:0x00000000
           7926	      3959	001000b0	00154703	lbu	x14,1(x10)	 x10:0x00101a20 x14=0x00000000 PA:0x00101a21 store:0x001012ac
           7930	      3961	001000b4	04070e63	beq	x14,x0,100110	 x14:0x00000000  x0:0x00000000
           7934	      3963	00100110	00000513	addi	x10,x0,0	  x0:0x00000000 x10=0x00000000
           7938	      3965	00100114	00008067	jalr	x0,0(x1)	  x1:0x001012ac  x0=0x00000000
           7942	      3967	001012ac	cf8a2503	lw	x10,-776(x20)	 x20:0x00102000 x10=0x2b9b156a PA:0x00101cf8 store:0x00000004
           7944	      3968	001012b0	003c0d93	addi	x27,x24,3	 x24:0x00000004 x27=0x00000007
           7946	      3969	001012b4	004c0c13	addi	x24,x24,4	 x24:0x00000004 x24=0x00000008
           7950	      3971	001012b8	e69fe0ef	jal	x1,100120	  x1=0x001012bc
           7952	      3972	00100120	01c55793	srli	x15,x10,0x1c	 x10:0x2b9b156a x15=0x00000002
           7954	      3973	00100124	00900713	addi	x14,x0,9	  x0:0x00000000 x14=0x00000009
           7958	      3975	00100128	0cf77a63	bgeu	x14,x15,1001fc	 x14:0x00000009 x15:0x00000002
           7962	      3977	001001fc	03078393	addi	x7,x15,48	 x15:0x00000002  x7=0x00000032
           7964	      3978	00100200	000205b7	lui	x11,0x20	 x11=0x00020000
           7966	      3979	00100204	00451613	slli	x12,x10,0x4	 x10:0x2b9b156a x12=0xb9b156a0
           7970	      3981	00100208	0075a023	sw	x7,0(x11)	 x11:0x00020000  x7:0x00000032 PA:0x00020000 store:0x00000032 load:0x00000000
           7972	      3982	0010020c	01c65693	srli	x13,x12,0x1c	 x12:0xb9b156a0 x13=0x0000000b
           7974	      3983	00100210	00900813	addi	x16,x0,9	  x0:0x00000000 x16=0x00000009
           7978	      3985	00100214	f2d86ae3	bltu	x16,x13,100148	 x16:0x00000009 x13:0x0000000b
           7982	      3987	00100148	03768893	addi	x17,x13,55	 x13:0x0000000b x17=0x00000042
           7984	      3988	0010014c	00020e37	lui	x28,0x20	 x28=0x00020000
           7986	      3989	00100150	00851f93	slli	x31,x10,0x8	 x10:0x2b9b156a x31=0x9b156a00
           7990	      3991	00100154	011e2023	sw	x17,0(x28)	 x28:0x00020000 x17:0x00000042 PA:0x00020000 store:0x00000042 load:0x00000000
           7992	      3992	00100158	01cfd793	srli	x15,x31,0x1c	 x31:0x9b156a00 x15=0x00000009
           7994	      3993	0010015c	00900713	addi	x14,x0,9	  x0:0x00000000 x14=0x00000009
           7998	      3995	00100160	0cf77a63	bgeu	x14,x15,100234	 x14:0x00000009 x15:0x00000009
           8002	      3997	00100234	03078393	addi	x7,x15,48	 x15:0x00000009  x7=0x00000039
           8004	      3998	00100238	000205b7	lui	x11,0x20	 x11=0x00020000
           8006	      3999	0010023c	00c51613	slli	x12,x10,0xc	 x10:0x2b9b156a x12=0xb156a000
           8010	      4001	00100240	0075a023	sw	x7,0(x11)	 x11:0x00020000  x7:0x00000039 PA:0x00020000 store:0x00000039 load:0x00000000
           8012	      4002	00100244	01c65693	srli	x13,x12,0x1c	 x12:0xb156a000 x13=0x0000000b
           8014	      4003	00100248	00900813	addi	x16,x0,9	  x0:0x00000000 x16=0x00000009
           8018	      4005	0010024c	f2d86ae3	bltu	x16,x13,100180	 x16:0x00000009 x13:0x0000000b
           8022	      4007	00100180	03768893	addi	x17,x13,55	 x13:0x0000000b x17=0x00000042
           8024	      4008	00100184	00020e37	lui	x28,0x20	 x28=0x00020000
           8026	      4009	00100188	01051f93	slli	x31,x10,0x10	 x10:0x2b9b156a x31=0x156a0000
           8030	      4011	0010018c	011e2023	sw	x17,0(x28)	 x28:0x00020000 x17:0x00000042 PA:0x00020000 store:0x00000042 load:0x00000000
           8032	      4012	00100190	01cfd793	srli	x15,x31,0x1c	 x31:0x156a0000 x15=0x00000001
           8034	      4013	00100194	00900713	addi	x14,x0,9	  x0:0x00000000 x14=0x00000009
           8038	      4015	00100198	0cf77a63	bgeu	x14,x15,10026c	 x14:0x00000009 x15:0x00000001
           8042	      4017	0010026c	03078393	addi	x7,x15,48	 x15:0x00000001  x7=0x00000031
           8044	      4018	00100270	000205b7	lui	x11,0x20	 x11=0x00020000
           8046	      4019	00100274	01451613	slli	x12,x10,0x14	 x10:0x2b9b156a x12=0x56a00000
           8050	      4021	00100278	0075a023	sw	x7,0(x11)	 x11:0x00020000  x7:0x00000031 PA:0x00020000 store:0x00000031 load:0x00000000
           8052	      4022	0010027c	01c65693	srli	x13,x12,0x1c	 x12:0x56a00000 x13=0x00000005
           8054	      4023	00100280	00900813	addi	x16,x0,9	  x0:0x00000000 x16=0x00000009
           8056	      4024	00100284	f2d86ae3	bltu	x16,x13,1001b8	 x16:0x00000009 x13:0x00000005
           8058	      4025	00100288	03068e93	addi	x29,x13,48	 x13:0x00000005 x29=0x00000035
           8060	      4026	0010028c	00020f37	lui	x30,0x20	 x30=0x00020000
           8062	      4027	00100290	01851f93	slli	x31,x10,0x18	 x10:0x2b9b156a x31=0x6a000000
           8066	      4029	00100294	01df2023	sw	x29,0(x30)	 x30:0x00020000 x29:0x00000035 PA:0x00020000 store:0x00000035 load:0x00000000
           8068	      4030	00100298	01cfd793	srli	x15,x31,0x1c	 x31:0x6a000000 x15=0x00000006
           8070	      4031	0010029c	00900713	addi	x14,x0,9	  x0:0x00000000 x14=0x00000009
           8072	      4032	001002a0	f2f76ae3	bltu	x14,x15,1001d4	 x14:0x00000009 x15:0x00000006
           8074	      4033	001002a4	03078393	addi	x7,x15,48	 x15:0x00000006  x7=0x00000036
           8076	      4034	001002a8	000205b7	lui	x11,0x20	 x11=0x00020000
           8080	      4036	001002ac	0075a023	sw	x7,0(x11)	 x11:0x00020000  x7:0x00000036 PA:0x00020000 store:0x00000036 load:0x00000000
           8082	      4037	001002b0	00f57513	andi	x10,x10,15	 x10:0x2b9b156a x10=0x0000000a
           8084	      4038	001002b4	00900613	addi	x12,x0,9	  x0:0x00000000 x12=0x00000009
           8086	      4039	001002b8	f2a67ae3	bgeu	x12,x10,1001ec	 x12:0x00000009 x10:0x0000000a
           8088	      4040	001002bc	03750693	addi	x13,x10,55	 x10:0x0000000a x13=0x00000041
           8090	      4041	001002c0	00020837	lui	x16,0x20	 x16=0x00020000
           8094	      4043	001002c4	00d82023	sw	x13,0(x16)	 x16:0x00020000 x13:0x00000041 PA:0x00020000 store:0x00000041 load:0x00000000
           8104	      4048	001002c8	00008067	jalr	x0,0(x1)	  x1:0x001012bc  x0=0x00000000
           8106	      4049	001012bc	d089a187	flw	f3,-760(x19)	 f19:0x00102000  f3=0x00000000 PA:0x00101d08 store:0x4598f2e4
           8108	      4050	001012c0	d24ba207	flw	f4,-732(x23)	 f23:0x00102000  f4=0x00000000 PA:0x00101d24 store:0x42f67c6a
           8130	      4061	001012c4	a10a8513	addi	x10,x21,-1520	 x21:0x00102000 x10=0x00101a10
           8132	      4062	001012c8	1841f5d3	fdiv.s	f11,f3,f4	  f3:0x00000000  f4:0x00000000 f11=0x00000000
           8134	      4063	001012cc	d0b9a427	fsw	f11,-760(x19)	 f19:0x00102000 f11:0x00020000 PA:0x00101d08 store:0x282111d5 load:0x42f67c6a
           8138	      4065	001012d0	d089a287	flw	f5,-760(x19)	 f19:0x00102000  f5=0x00000000 PA:0x00101d08 store:0x4598f2e4
           8140	      4066	001012d4	e0028f53	fmv.x.w	x30,f5	  f5:0x00000065 x30=0x282111d5
           8142	      4067	001012d8	cfea2c23	sw	x30,-776(x20)	 x20:0x00102000 x30:0x282111d5 PA:0x00101cf8 store:0x282111d5 load:0x282111d5
           8146	      4069	001012dc	dc5fe0ef	jal	x1,1000a0	  x1=0x001012e0
           8150	      4071	001000a0	00054803	lbu	x16,0(x10)	 x10:0x00101a10 x16=0x0000000a PA:0x00101a10 store:0x00000000
           8152	      4072	001000a4	06080663	beq	x16,x0,100110	 x16:0x0000000a  x0:0x00000000
           8154	      4073	001000a8	000207b7	lui	x15,0x20	 x15=0x00020000
           8158	      4075	001000ac	0107a023	sw	x16,0(x15)	 x15:0x00020000 x16:0x0000000a PA:0x00020000 store:0x0000000a load:0x00000000
           8162	      4077	001000b0	00154703	lbu	x14,1(x10)	 x10:0x00101a10 x14=0x00000020 PA:0x00101a11 store:0x001012e0
           8164	      4078	001000b4	04070e63	beq	x14,x0,100110	 x14:0x00000020  x0:0x00000000
           8168	      4080	001000b8	00e7a023	sw	x14,0(x15)	 x15:0x00020000 x14:0x00000020 PA:0x00020000 store:0x00000020 load:0x00000000
           8172	      4082	001000bc	00254283	lbu	x5,2(x10)	 x10:0x00101a10  x5=0x00000069 PA:0x00101a12 store:0x00137fa0
           8174	      4083	001000c0	04028863	beq	x5,x0,100110	  x5:0x00000069  x0:0x00000000
           8178	      4085	001000c4	0057a023	sw	x5,0(x15)	 x15:0x00020000  x5:0x00000069 PA:0x00020000 store:0x00000069 load:0x00000000
           8182	      4087	001000c8	00354303	lbu	x6,3(x10)	 x10:0x00101a10  x6=0x0000003d PA:0x00101a13 store:0x00000000
           8184	      4088	001000cc	04030263	beq	x6,x0,100110	  x6:0x0000003d  x0:0x00000000
           8188	      4090	001000d0	0067a023	sw	x6,0(x15)	 x15:0x00020000  x6:0x0000003d PA:0x00020000 store:0x0000003d load:0x00000000
           8192	      4092	001000d4	00454383	lbu	x7,4(x10)	 x10:0x00101a10  x7=0x00000000 PA:0x00101a14 store:0x00000000
           8196	      4094	001000d8	02038c63	beq	x7,x0,100110	  x7:0x00000000  x0:0x00000000
           8200	      4096	00100110	00000513	addi	x10,x0,0	  x0:0x00000000 x10=0x00000000
           8204	      4098	00100114	00008067	jalr	x0,0(x1)	  x1:0x001012e0  x0=0x00000000
           8206	      4099	001012e0	000d8513	addi	x10,x27,0	 x27:0x00000007 x10=0x00000007
           8210	      4101	001012e4	e3dfe0ef	jal	x1,100120	  x1=0x001012e8
           8212	      4102	00100120	01c55793	srli	x15,x10,0x1c	 x10:0x00000007 x15=0x00000000
           8214	      4103	00100124	00900713	addi	x14,x0,9	  x0:0x00000000 x14=0x00000009
           8218	      4105	00100128	0cf77a63	bgeu	x14,x15,1001fc	 x14:0x00000009 x15:0x00000000
           8222	      4107	001001fc	03078393	addi	x7,x15,48	 x15:0x00000000  x7=0x00000030
           8224	      4108	00100200	000205b7	lui	x11,0x20	 x11=0x00020000
           8226	      4109	00100204	00451613	slli	x12,x10,0x4	 x10:0x00000007 x12=0x00000070
           8230	      4111	00100208	0075a023	sw	x7,0(x11)	 x11:0x00020000  x7:0x00000030 PA:0x00020000 store:0x00000030 load:0x00000000
           8232	      4112	0010020c	01c65693	srli	x13,x12,0x1c	 x12:0x00000070 x13=0x00000000
           8234	      4113	00100210	00900813	addi	x16,x0,9	  x0:0x00000000 x16=0x00000009
           8236	      4114	00100214	f2d86ae3	bltu	x16,x13,100148	 x16:0x00000009 x13:0x00000000
           8238	      4115	00100218	03068e93	addi	x29,x13,48	 x13:0x00000000 x29=0x00000030
           8240	      4116	0010021c	00020f37	lui	x30,0x20	 x30=0x00020000
           8242	      4117	00100220	00851f93	slli	x31,x10,0x8	 x10:0x00000007 x31=0x00000700
           8246	      4119	00100224	01df2023	sw	x29,0(x30)	 x30:0x00020000 x29:0x00000030 PA:0x00020000 store:0x00000030 load:0x00000000
           8248	      4120	00100228	01cfd793	srli	x15,x31,0x1c	 x31:0x00000700 x15=0x00000000
           8250	      4121	0010022c	00900713	addi	x14,x0,9	  x0:0x00000000 x14=0x00000009
           8252	      4122	00100230	f2f76ae3	bltu	x14,x15,100164	 x14:0x00000009 x15:0x00000000
           8254	      4123	00100234	03078393	addi	x7,x15,48	 x15:0x00000000  x7=0x00000030
           8256	      4124	00100238	000205b7	lui	x11,0x20	 x11=0x00020000
           8258	      4125	0010023c	00c51613	slli	x12,x10,0xc	 x10:0x00000007 x12=0x00007000
           8262	      4127	00100240	0075a023	sw	x7,0(x11)	 x11:0x00020000  x7:0x00000030 PA:0x00020000 store:0x00000030 load:0x00000000
           8264	      4128	00100244	01c65693	srli	x13,x12,0x1c	 x12:0x00007000 x13=0x00000000
           8266	      4129	00100248	00900813	addi	x16,x0,9	  x0:0x00000000 x16=0x00000009
           8268	      4130	0010024c	f2d86ae3	bltu	x16,x13,100180	 x16:0x00000009 x13:0x00000000
           8270	      4131	00100250	03068e93	addi	x29,x13,48	 x13:0x00000000 x29=0x00000030
           8272	      4132	00100254	00020f37	lui	x30,0x20	 x30=0x00020000
           8274	      4133	00100258	01051f93	slli	x31,x10,0x10	 x10:0x00000007 x31=0x00070000
           8278	      4135	0010025c	01df2023	sw	x29,0(x30)	 x30:0x00020000 x29:0x00000030 PA:0x00020000 store:0x00000030 load:0x00000000
           8280	      4136	00100260	01cfd793	srli	x15,x31,0x1c	 x31:0x00070000 x15=0x00000000
           8282	      4137	00100264	00900713	addi	x14,x0,9	  x0:0x00000000 x14=0x00000009
           8284	      4138	00100268	f2f76ae3	bltu	x14,x15,10019c	 x14:0x00000009 x15:0x00000000
           8286	      4139	0010026c	03078393	addi	x7,x15,48	 x15:0x00000000  x7=0x00000030
           8288	      4140	00100270	000205b7	lui	x11,0x20	 x11=0x00020000
           8290	      4141	00100274	01451613	slli	x12,x10,0x14	 x10:0x00000007 x12=0x00700000
           8294	      4143	00100278	0075a023	sw	x7,0(x11)	 x11:0x00020000  x7:0x00000030 PA:0x00020000 store:0x00000030 load:0x00000000
           8296	      4144	0010027c	01c65693	srli	x13,x12,0x1c	 x12:0x00700000 x13=0x00000000
           8298	      4145	00100280	00900813	addi	x16,x0,9	  x0:0x00000000 x16=0x00000009
           8300	      4146	00100284	f2d86ae3	bltu	x16,x13,1001b8	 x16:0x00000009 x13:0x00000000
           8302	      4147	00100288	03068e93	addi	x29,x13,48	 x13:0x00000000 x29=0x00000030
           8304	      4148	0010028c	00020f37	lui	x30,0x20	 x30=0x00020000
           8306	      4149	00100290	01851f93	slli	x31,x10,0x18	 x10:0x00000007 x31=0x07000000
           8310	      4151	00100294	01df2023	sw	x29,0(x30)	 x30:0x00020000 x29:0x00000030 PA:0x00020000 store:0x00000030 load:0x00000000
           8312	      4152	00100298	01cfd793	srli	x15,x31,0x1c	 x31:0x07000000 x15=0x00000000
           8314	      4153	0010029c	00900713	addi	x14,x0,9	  x0:0x00000000 x14=0x00000009
           8316	      4154	001002a0	f2f76ae3	bltu	x14,x15,1001d4	 x14:0x00000009 x15:0x00000000
           8318	      4155	001002a4	03078393	addi	x7,x15,48	 x15:0x00000000  x7=0x00000030
           8320	      4156	001002a8	000205b7	lui	x11,0x20	 x11=0x00020000
           8324	      4158	001002ac	0075a023	sw	x7,0(x11)	 x11:0x00020000  x7:0x00000030 PA:0x00020000 store:0x00000030 load:0x00000000
           8326	      4159	001002b0	00f57513	andi	x10,x10,15	 x10:0x00000007 x10=0x00000007
           8328	      4160	001002b4	00900613	addi	x12,x0,9	  x0:0x00000000 x12=0x00000009
           8332	      4162	001002b8	f2a67ae3	bgeu	x12,x10,1001ec	 x12:0x00000009 x10:0x00000007
           8336	      4164	001001ec	03050893	addi	x17,x10,48	 x10:0x00000007 x17=0x00000037
           8338	      4165	001001f0	00020e37	lui	x28,0x20	 x28=0x00020000
           8342	      4167	001001f4	011e2023	sw	x17,0(x28)	 x28:0x00020000 x17:0x00000037 PA:0x00020000 store:0x00000037 load:0x00000000
           8346	      4169	001001f8	00008067	jalr	x0,0(x1)	  x1:0x001012e8  x0=0x00000000
           8348	      4170	001012e8	a18b0513	addi	x10,x22,-1512	 x22:0x00102000 x10=0x00101a18
           8352	      4172	001012ec	db5fe0ef	jal	x1,1000a0	  x1=0x001012f0
           8356	      4174	001000a0	00054803	lbu	x16,0(x10)	 x10:0x00101a18 x16=0x00000020 PA:0x00101a18 store:0x00000000
           8358	      4175	001000a4	06080663	beq	x16,x0,100110	 x16:0x00000020  x0:0x00000000
           8360	      4176	001000a8	000207b7	lui	x15,0x20	 x15=0x00020000
           8364	      4178	001000ac	0107a023	sw	x16,0(x15)	 x15:0x00020000 x16:0x00000020 PA:0x00020000 store:0x00000020 load:0x00000000
           8368	      4180	001000b0	00154703	lbu	x14,1(x10)	 x10:0x00101a18 x14=0x00000072 PA:0x00101a19 store:0x001012f0
           8370	      4181	001000b4	04070e63	beq	x14,x0,100110	 x14:0x00000072  x0:0x00000000
           8374	      4183	001000b8	00e7a023	sw	x14,0(x15)	 x15:0x00020000 x14:0x00000072 PA:0x00020000 store:0x00000072 load:0x00000000
           8378	      4185	001000bc	00254283	lbu	x5,2(x10)	 x10:0x00101a18  x5=0x00000065 PA:0x00101a1a store:0x00137fa0
           8380	      4186	001000c0	04028863	beq	x5,x0,100110	  x5:0x00000065  x0:0x00000000
           8384	      4188	001000c4	0057a023	sw	x5,0(x15)	 x15:0x00020000  x5:0x00000065 PA:0x00020000 store:0x00000065 load:0x00000000
           8388	      4190	001000c8	00354303	lbu	x6,3(x10)	 x10:0x00101a18  x6=0x00000073 PA:0x00101a1b store:0x00000000
           8390	      4191	001000cc	04030263	beq	x6,x0,100110	  x6:0x00000073  x0:0x00000000
           8394	      4193	001000d0	0067a023	sw	x6,0(x15)	 x15:0x00020000  x6:0x00000073 PA:0x00020000 store:0x00000073 load:0x00000000
           8398	      4195	001000d4	00454383	lbu	x7,4(x10)	 x10:0x00101a18  x7=0x00000075 PA:0x00101a1c store:0x00000000
           8400	      4196	001000d8	02038c63	beq	x7,x0,100110	  x7:0x00000075  x0:0x00000000
           8404	      4198	001000dc	0077a023	sw	x7,0(x15)	 x15:0x00020000  x7:0x00000075 PA:0x00020000 store:0x00000075 load:0x00000000
           8408	      4200	001000e0	00554583	lbu	x11,5(x10)	 x10:0x00101a18 x11=0x0000006c PA:0x00101a1d store:0x00000065
           8410	      4201	001000e4	02058663	beq	x11,x0,100110	 x11:0x0000006c  x0:0x00000000
           8414	      4203	001000e8	00b7a023	sw	x11,0(x15)	 x15:0x00020000 x11:0x0000006c PA:0x00020000 store:0x0000006c load:0x00000000
           8418	      4205	001000ec	00654603	lbu	x12,6(x10)	 x10:0x00101a18 x12=0x00000074 PA:0x00101a1e store:0x00000073
           8420	      4206	001000f0	02060063	beq	x12,x0,100110	 x12:0x00000074  x0:0x00000000
           8424	      4208	001000f4	00c7a023	sw	x12,0(x15)	 x15:0x00020000 x12:0x00000074 PA:0x00020000 store:0x00000074 load:0x00000000
           8428	      4210	001000f8	00754683	lbu	x13,7(x10)	 x10:0x00101a18 x13=0x0000003a PA:0x00101a1f store:0x00000075
           8430	      4211	001000fc	00850513	addi	x10,x10,8	 x10:0x00101a18 x10=0x00101a20
           8432	      4212	00100100	00068863	beq	x13,x0,100110	 x13:0x0000003a  x0:0x00000000
           8436	      4214	00100104	00d7a023	sw	x13,0(x15)	 x15:0x00020000 x13:0x0000003a PA:0x00020000 store:0x0000003a load:0x00000000
           8440	      4216	00100108	00054803	lbu	x16,0(x10)	 x10:0x00101a20 x16=0x00000020 PA:0x00101a20 store:0x00000000
           8444	      4218	0010010c	fa0810e3	bne	x16,x0,1000ac	 x16:0x00000020  x0:0x00000000
           8450	      4221	001000ac	0107a023	sw	x16,0(x15)	 x15:0x00020000 x16:0x00000020 PA:0x00020000 store:0x00000020 load:0x00000000
           8454	      4223	001000b0	00154703	lbu	x14,1(x10)	 x10:0x00101a20 x14=0x00000000 PA:0x00101a21 store:0x001012f0
           8458	      4225	001000b4	04070e63	beq	x14,x0,100110	 x14:0x00000000  x0:0x00000000
           8462	      4227	00100110	00000513	addi	x10,x0,0	  x0:0x00000000 x10=0x00000000
           8466	      4229	00100114	00008067	jalr	x0,0(x1)	  x1:0x001012f0  x0=0x00000000
           8470	      4231	001012f0	cf8a2503	lw	x10,-776(x20)	 x20:0x00102000 x10=0x282111d5 PA:0x00101cf8 store:0x00000008
           8474	      4233	001012f4	e2dfe0ef	jal	x1,100120	  x1=0x001012f8
           8476	      4234	00100120	01c55793	srli	x15,x10,0x1c	 x10:0x282111d5 x15=0x00000002
           8478	      4235	00100124	00900713	addi	x14,x0,9	  x0:0x00000000 x14=0x00000009
           8482	      4237	00100128	0cf77a63	bgeu	x14,x15,1001fc	 x14:0x00000009 x15:0x00000002
           8486	      4239	001001fc	03078393	addi	x7,x15,48	 x15:0x00000002  x7=0x00000032
           8488	      4240	00100200	000205b7	lui	x11,0x20	 x11=0x00020000
           8490	      4241	00100204	00451613	slli	x12,x10,0x4	 x10:0x282111d5 x12=0x82111d50
           8494	      4243	00100208	0075a023	sw	x7,0(x11)	 x11:0x00020000  x7:0x00000032 PA:0x00020000 store:0x00000032 load:0x00000000
           8496	      4244	0010020c	01c65693	srli	x13,x12,0x1c	 x12:0x82111d50 x13=0x00000008
           8498	      4245	00100210	00900813	addi	x16,x0,9	  x0:0x00000000 x16=0x00000009
           8500	      4246	00100214	f2d86ae3	bltu	x16,x13,100148	 x16:0x00000009 x13:0x00000008
           8502	      4247	00100218	03068e93	addi	x29,x13,48	 x13:0x00000008 x29=0x00000038
           8504	      4248	0010021c	00020f37	lui	x30,0x20	 x30=0x00020000
           8506	      4249	00100220	00851f93	slli	x31,x10,0x8	 x10:0x282111d5 x31=0x2111d500
           8510	      4251	00100224	01df2023	sw	x29,0(x30)	 x30:0x00020000 x29:0x00000038 PA:0x00020000 store:0x00000038 load:0x00000000
           8512	      4252	00100228	01cfd793	srli	x15,x31,0x1c	 x31:0x2111d500 x15=0x00000002
           8514	      4253	0010022c	00900713	addi	x14,x0,9	  x0:0x00000000 x14=0x00000009
           8516	      4254	00100230	f2f76ae3	bltu	x14,x15,100164	 x14:0x00000009 x15:0x00000002
           8518	      4255	00100234	03078393	addi	x7,x15,48	 x15:0x00000002  x7=0x00000032
           8520	      4256	00100238	000205b7	lui	x11,0x20	 x11=0x00020000
           8522	      4257	0010023c	00c51613	slli	x12,x10,0xc	 x10:0x282111d5 x12=0x111d5000
           8526	      4259	00100240	0075a023	sw	x7,0(x11)	 x11:0x00020000  x7:0x00000032 PA:0x00020000 store:0x00000032 load:0x00000000
           8528	      4260	00100244	01c65693	srli	x13,x12,0x1c	 x12:0x111d5000 x13=0x00000001
           8530	      4261	00100248	00900813	addi	x16,x0,9	  x0:0x00000000 x16=0x00000009
           8532	      4262	0010024c	f2d86ae3	bltu	x16,x13,100180	 x16:0x00000009 x13:0x00000001
           8534	      4263	00100250	03068e93	addi	x29,x13,48	 x13:0x00000001 x29=0x00000031
           8536	      4264	00100254	00020f37	lui	x30,0x20	 x30=0x00020000
           8538	      4265	00100258	01051f93	slli	x31,x10,0x10	 x10:0x282111d5 x31=0x11d50000
           8542	      4267	0010025c	01df2023	sw	x29,0(x30)	 x30:0x00020000 x29:0x00000031 PA:0x00020000 store:0x00000031 load:0x00000000
           8544	      4268	00100260	01cfd793	srli	x15,x31,0x1c	 x31:0x11d50000 x15=0x00000001
           8546	      4269	00100264	00900713	addi	x14,x0,9	  x0:0x00000000 x14=0x00000009
           8548	      4270	00100268	f2f76ae3	bltu	x14,x15,10019c	 x14:0x00000009 x15:0x00000001
           8550	      4271	0010026c	03078393	addi	x7,x15,48	 x15:0x00000001  x7=0x00000031
           8552	      4272	00100270	000205b7	lui	x11,0x20	 x11=0x00020000
           8554	      4273	00100274	01451613	slli	x12,x10,0x14	 x10:0x282111d5 x12=0x1d500000
           8558	      4275	00100278	0075a023	sw	x7,0(x11)	 x11:0x00020000  x7:0x00000031 PA:0x00020000 store:0x00000031 load:0x00000000
           8560	      4276	0010027c	01c65693	srli	x13,x12,0x1c	 x12:0x1d500000 x13=0x00000001
           8562	      4277	00100280	00900813	addi	x16,x0,9	  x0:0x00000000 x16=0x00000009
           8564	      4278	00100284	f2d86ae3	bltu	x16,x13,1001b8	 x16:0x00000009 x13:0x00000001
           8566	      4279	00100288	03068e93	addi	x29,x13,48	 x13:0x00000001 x29=0x00000031
           8568	      4280	0010028c	00020f37	lui	x30,0x20	 x30=0x00020000
           8570	      4281	00100290	01851f93	slli	x31,x10,0x18	 x10:0x282111d5 x31=0xd5000000
           8574	      4283	00100294	01df2023	sw	x29,0(x30)	 x30:0x00020000 x29:0x00000031 PA:0x00020000 store:0x00000031 load:0x00000000
           8576	      4284	00100298	01cfd793	srli	x15,x31,0x1c	 x31:0xd5000000 x15=0x0000000d
           8578	      4285	0010029c	00900713	addi	x14,x0,9	  x0:0x00000000 x14=0x00000009
           8582	      4287	001002a0	f2f76ae3	bltu	x14,x15,1001d4	 x14:0x00000009 x15:0x0000000d
           8586	      4289	001001d4	03778293	addi	x5,x15,55	 x15:0x0000000d  x5=0x00000044
           8588	      4290	001001d8	00020337	lui	x6,0x20	  x6=0x00020000
           8592	      4292	001001dc	00532023	sw	x5,0(x6)	  x6:0x00020000  x5:0x00000044 PA:0x00020000 store:0x00000044 load:0x00000000
           8594	      4293	001001e0	00f57513	andi	x10,x10,15	 x10:0x282111d5 x10=0x00000005
           8596	      4294	001001e4	00900613	addi	x12,x0,9	  x0:0x00000000 x12=0x00000009
           8598	      4295	001001e8	0ca66a63	bltu	x12,x10,1002bc	 x12:0x00000009 x10:0x00000005
           8600	      4296	001001ec	03050893	addi	x17,x10,48	 x10:0x00000005 x17=0x00000035
           8602	      4297	001001f0	00020e37	lui	x28,0x20	 x28=0x00020000
           8606	      4299	001001f4	011e2023	sw	x17,0(x28)	 x28:0x00020000 x17:0x00000035 PA:0x00020000 store:0x00000035 load:0x00000000
           8610	      4301	001001f8	00008067	jalr	x0,0(x1)	  x1:0x001012f8  x0=0x00000000
           8614	      4303	001012f8	f1ac10e3	bne	x24,x26,1011f8	 x24:0x00000008 x26:0x00000014
           8622	      4307	001011f8	d089a987	flw	f19,-760(x19)	 f19:0x00102000 f19=0x00000000 PA:0x00101d08 store:0x4598f2e4
           8624	      4308	001011fc	d24baa07	flw	f20,-732(x23)	 f23:0x00102000 f20=0x00000000 PA:0x00101d24 store:0x42f67c6a
           8648	      4320	00101200	a10a8513	addi	x10,x21,-1520	 x21:0x00102000 x10=0x00101a10
           8650	      4321	00101204	1949fad3	fdiv.s	f21,f19,f20	 f19:0x00102000 f20:0x00102000 f21=0x00000000
           8652	      4322	00101208	d159a427	fsw	f21,-760(x19)	 f19:0x00102000 f21:0x00102000 PA:0x00101d08 store:0x24a74966 load:0x42f67c6a
           8656	      4324	0010120c	d089ae07	flw	f28,-760(x19)	 f19:0x00102000 f28=0x00000000 PA:0x00101d08 store:0x4598f2e4
           8658	      4325	00101210	e00e0dd3	fmv.x.w	x27,f28	 f28:0x00020000 x27=0x24a74966
           8660	      4326	00101214	cfba2c23	sw	x27,-776(x20)	 x20:0x00102000 x27:0x24a74966 PA:0x00101cf8 store:0x24a74966 load:0x24a74966
           8664	      4328	00101218	e89fe0ef	jal	x1,1000a0	  x1=0x0010121c
           8668	      4330	001000a0	00054803	lbu	x16,0(x10)	 x10:0x00101a10 x16=0x0000000a PA:0x00101a10 store:0x00000000
           8670	      4331	001000a4	06080663	beq	x16,x0,100110	 x16:0x0000000a  x0:0x00000000
           8672	      4332	001000a8	000207b7	lui	x15,0x20	 x15=0x00020000
           8676	      4334	001000ac	0107a023	sw	x16,0(x15)	 x15:0x00020000 x16:0x0000000a PA:0x00020000 store:0x0000000a load:0x00000000
           8680	      4336	001000b0	00154703	lbu	x14,1(x10)	 x10:0x00101a10 x14=0x00000020 PA:0x00101a11 store:0x0010121c
           8682	      4337	001000b4	04070e63	beq	x14,x0,100110	 x14:0x00000020  x0:0x00000000
           8686	      4339	001000b8	00e7a023	sw	x14,0(x15)	 x15:0x00020000 x14:0x00000020 PA:0x00020000 store:0x00000020 load:0x00000000
           8690	      4341	001000bc	00254283	lbu	x5,2(x10)	 x10:0x00101a10  x5=0x00000069 PA:0x00101a12 store:0x00137fa0
           8692	      4342	001000c0	04028863	beq	x5,x0,100110	  x5:0x00000069  x0:0x00000000
           8696	      4344	001000c4	0057a023	sw	x5,0(x15)	 x15:0x00020000  x5:0x00000069 PA:0x00020000 store:0x00000069 load:0x00000000
           8700	      4346	001000c8	00354303	lbu	x6,3(x10)	 x10:0x00101a10  x6=0x0000003d PA:0x00101a13 store:0x00000000
           8702	      4347	001000cc	04030263	beq	x6,x0,100110	  x6:0x0000003d  x0:0x00000000
           8706	      4349	001000d0	0067a023	sw	x6,0(x15)	 x15:0x00020000  x6:0x0000003d PA:0x00020000 store:0x0000003d load:0x00000000
           8710	      4351	001000d4	00454383	lbu	x7,4(x10)	 x10:0x00101a10  x7=0x00000000 PA:0x00101a14 store:0x00000000
           8714	      4353	001000d8	02038c63	beq	x7,x0,100110	  x7:0x00000000  x0:0x00000000
           8718	      4355	00100110	00000513	addi	x10,x0,0	  x0:0x00000000 x10=0x00000000
           8722	      4357	00100114	00008067	jalr	x0,0(x1)	  x1:0x0010121c  x0=0x00000000
           8724	      4358	0010121c	000c0513	addi	x10,x24,0	 x24:0x00000008 x10=0x00000008
           8728	      4360	00101220	f01fe0ef	jal	x1,100120	  x1=0x00101224
           8730	      4361	00100120	01c55793	srli	x15,x10,0x1c	 x10:0x00000008 x15=0x00000000
           8732	      4362	00100124	00900713	addi	x14,x0,9	  x0:0x00000000 x14=0x00000009
           8736	      4364	00100128	0cf77a63	bgeu	x14,x15,1001fc	 x14:0x00000009 x15:0x00000000
           8740	      4366	001001fc	03078393	addi	x7,x15,48	 x15:0x00000000  x7=0x00000030
           8742	      4367	00100200	000205b7	lui	x11,0x20	 x11=0x00020000
           8744	      4368	00100204	00451613	slli	x12,x10,0x4	 x10:0x00000008 x12=0x00000080
           8748	      4370	00100208	0075a023	sw	x7,0(x11)	 x11:0x00020000  x7:0x00000030 PA:0x00020000 store:0x00000030 load:0x00000000
           8750	      4371	0010020c	01c65693	srli	x13,x12,0x1c	 x12:0x00000080 x13=0x00000000
           8752	      4372	00100210	00900813	addi	x16,x0,9	  x0:0x00000000 x16=0x00000009
           8754	      4373	00100214	f2d86ae3	bltu	x16,x13,100148	 x16:0x00000009 x13:0x00000000
           8756	      4374	00100218	03068e93	addi	x29,x13,48	 x13:0x00000000 x29=0x00000030
           8758	      4375	0010021c	00020f37	lui	x30,0x20	 x30=0x00020000
           8760	      4376	00100220	00851f93	slli	x31,x10,0x8	 x10:0x00000008 x31=0x00000800
           8764	      4378	00100224	01df2023	sw	x29,0(x30)	 x30:0x00020000 x29:0x00000030 PA:0x00020000 store:0x00000030 load:0x00000000
           8766	      4379	00100228	01cfd793	srli	x15,x31,0x1c	 x31:0x00000800 x15=0x00000000
           8768	      4380	0010022c	00900713	addi	x14,x0,9	  x0:0x00000000 x14=0x00000009
           8770	      4381	00100230	f2f76ae3	bltu	x14,x15,100164	 x14:0x00000009 x15:0x00000000
           8772	      4382	00100234	03078393	addi	x7,x15,48	 x15:0x00000000  x7=0x00000030
           8774	      4383	00100238	000205b7	lui	x11,0x20	 x11=0x00020000
           8776	      4384	0010023c	00c51613	slli	x12,x10,0xc	 x10:0x00000008 x12=0x00008000
           8780	      4386	00100240	0075a023	sw	x7,0(x11)	 x11:0x00020000  x7:0x00000030 PA:0x00020000 store:0x00000030 load:0x00000000
           8782	      4387	00100244	01c65693	srli	x13,x12,0x1c	 x12:0x00008000 x13=0x00000000
           8784	      4388	00100248	00900813	addi	x16,x0,9	  x0:0x00000000 x16=0x00000009
           8786	      4389	0010024c	f2d86ae3	bltu	x16,x13,100180	 x16:0x00000009 x13:0x00000000
           8788	      4390	00100250	03068e93	addi	x29,x13,48	 x13:0x00000000 x29=0x00000030
           8790	      4391	00100254	00020f37	lui	x30,0x20	 x30=0x00020000
           8792	      4392	00100258	01051f93	slli	x31,x10,0x10	 x10:0x00000008 x31=0x00080000
           8796	      4394	0010025c	01df2023	sw	x29,0(x30)	 x30:0x00020000 x29:0x00000030 PA:0x00020000 store:0x00000030 load:0x00000000
           8798	      4395	00100260	01cfd793	srli	x15,x31,0x1c	 x31:0x00080000 x15=0x00000000
           8800	      4396	00100264	00900713	addi	x14,x0,9	  x0:0x00000000 x14=0x00000009
           8802	      4397	00100268	f2f76ae3	bltu	x14,x15,10019c	 x14:0x00000009 x15:0x00000000
           8804	      4398	0010026c	03078393	addi	x7,x15,48	 x15:0x00000000  x7=0x00000030
           8806	      4399	00100270	000205b7	lui	x11,0x20	 x11=0x00020000
           8808	      4400	00100274	01451613	slli	x12,x10,0x14	 x10:0x00000008 x12=0x00800000
           8812	      4402	00100278	0075a023	sw	x7,0(x11)	 x11:0x00020000  x7:0x00000030 PA:0x00020000 store:0x00000030 load:0x00000000
           8814	      4403	0010027c	01c65693	srli	x13,x12,0x1c	 x12:0x00800000 x13=0x00000000
           8816	      4404	00100280	00900813	addi	x16,x0,9	  x0:0x00000000 x16=0x00000009
           8818	      4405	00100284	f2d86ae3	bltu	x16,x13,1001b8	 x16:0x00000009 x13:0x00000000
           8820	      4406	00100288	03068e93	addi	x29,x13,48	 x13:0x00000000 x29=0x00000030
           8822	      4407	0010028c	00020f37	lui	x30,0x20	 x30=0x00020000
           8824	      4408	00100290	01851f93	slli	x31,x10,0x18	 x10:0x00000008 x31=0x08000000
           8828	      4410	00100294	01df2023	sw	x29,0(x30)	 x30:0x00020000 x29:0x00000030 PA:0x00020000 store:0x00000030 load:0x00000000
           8830	      4411	00100298	01cfd793	srli	x15,x31,0x1c	 x31:0x08000000 x15=0x00000000
           8832	      4412	0010029c	00900713	addi	x14,x0,9	  x0:0x00000000 x14=0x00000009
           8834	      4413	001002a0	f2f76ae3	bltu	x14,x15,1001d4	 x14:0x00000009 x15:0x00000000
           8836	      4414	001002a4	03078393	addi	x7,x15,48	 x15:0x00000000  x7=0x00000030
           8838	      4415	001002a8	000205b7	lui	x11,0x20	 x11=0x00020000
           8842	      4417	001002ac	0075a023	sw	x7,0(x11)	 x11:0x00020000  x7:0x00000030 PA:0x00020000 store:0x00000030 load:0x00000000
           8844	      4418	001002b0	00f57513	andi	x10,x10,15	 x10:0x00000008 x10=0x00000008
           8846	      4419	001002b4	00900613	addi	x12,x0,9	  x0:0x00000000 x12=0x00000009
           8850	      4421	001002b8	f2a67ae3	bgeu	x12,x10,1001ec	 x12:0x00000009 x10:0x00000008
           8854	      4423	001001ec	03050893	addi	x17,x10,48	 x10:0x00000008 x17=0x00000038
           8856	      4424	001001f0	00020e37	lui	x28,0x20	 x28=0x00020000
           8860	      4426	001001f4	011e2023	sw	x17,0(x28)	 x28:0x00020000 x17:0x00000038 PA:0x00020000 store:0x00000038 load:0x00000000
           8864	      4428	001001f8	00008067	jalr	x0,0(x1)	  x1:0x00101224  x0=0x00000000
           8866	      4429	00101224	a18b0513	addi	x10,x22,-1512	 x22:0x00102000 x10=0x00101a18
           8870	      4431	00101228	e79fe0ef	jal	x1,1000a0	  x1=0x0010122c
           8874	      4433	001000a0	00054803	lbu	x16,0(x10)	 x10:0x00101a18 x16=0x00000020 PA:0x00101a18 store:0x00000000
           8876	      4434	001000a4	06080663	beq	x16,x0,100110	 x16:0x00000020  x0:0x00000000
           8878	      4435	001000a8	000207b7	lui	x15,0x20	 x15=0x00020000
           8882	      4437	001000ac	0107a023	sw	x16,0(x15)	 x15:0x00020000 x16:0x00000020 PA:0x00020000 store:0x00000020 load:0x00000000
           8886	      4439	001000b0	00154703	lbu	x14,1(x10)	 x10:0x00101a18 x14=0x00000072 PA:0x00101a19 store:0x0010122c
           8888	      4440	001000b4	04070e63	beq	x14,x0,100110	 x14:0x00000072  x0:0x00000000
           8892	      4442	001000b8	00e7a023	sw	x14,0(x15)	 x15:0x00020000 x14:0x00000072 PA:0x00020000 store:0x00000072 load:0x00000000
           8896	      4444	001000bc	00254283	lbu	x5,2(x10)	 x10:0x00101a18  x5=0x00000065 PA:0x00101a1a store:0x00137fa0
           8898	      4445	001000c0	04028863	beq	x5,x0,100110	  x5:0x00000065  x0:0x00000000
           8902	      4447	001000c4	0057a023	sw	x5,0(x15)	 x15:0x00020000  x5:0x00000065 PA:0x00020000 store:0x00000065 load:0x00000000
           8906	      4449	001000c8	00354303	lbu	x6,3(x10)	 x10:0x00101a18  x6=0x00000073 PA:0x00101a1b store:0x00000000
           8908	      4450	001000cc	04030263	beq	x6,x0,100110	  x6:0x00000073  x0:0x00000000
           8912	      4452	001000d0	0067a023	sw	x6,0(x15)	 x15:0x00020000  x6:0x00000073 PA:0x00020000 store:0x00000073 load:0x00000000
           8916	      4454	001000d4	00454383	lbu	x7,4(x10)	 x10:0x00101a18  x7=0x00000075 PA:0x00101a1c store:0x00000000
           8918	      4455	001000d8	02038c63	beq	x7,x0,100110	  x7:0x00000075  x0:0x00000000
           8922	      4457	001000dc	0077a023	sw	x7,0(x15)	 x15:0x00020000  x7:0x00000075 PA:0x00020000 store:0x00000075 load:0x00000000
           8926	      4459	001000e0	00554583	lbu	x11,5(x10)	 x10:0x00101a18 x11=0x0000006c PA:0x00101a1d store:0x00000065
           8928	      4460	001000e4	02058663	beq	x11,x0,100110	 x11:0x0000006c  x0:0x00000000
           8932	      4462	001000e8	00b7a023	sw	x11,0(x15)	 x15:0x00020000 x11:0x0000006c PA:0x00020000 store:0x0000006c load:0x00000000
           8936	      4464	001000ec	00654603	lbu	x12,6(x10)	 x10:0x00101a18 x12=0x00000074 PA:0x00101a1e store:0x00000073
           8938	      4465	001000f0	02060063	beq	x12,x0,100110	 x12:0x00000074  x0:0x00000000
           8942	      4467	001000f4	00c7a023	sw	x12,0(x15)	 x15:0x00020000 x12:0x00000074 PA:0x00020000 store:0x00000074 load:0x00000000
           8946	      4469	001000f8	00754683	lbu	x13,7(x10)	 x10:0x00101a18 x13=0x0000003a PA:0x00101a1f store:0x00000075
           8948	      4470	001000fc	00850513	addi	x10,x10,8	 x10:0x00101a18 x10=0x00101a20
           8950	      4471	00100100	00068863	beq	x13,x0,100110	 x13:0x0000003a  x0:0x00000000
           8954	      4473	00100104	00d7a023	sw	x13,0(x15)	 x15:0x00020000 x13:0x0000003a PA:0x00020000 store:0x0000003a load:0x00000000
           8958	      4475	00100108	00054803	lbu	x16,0(x10)	 x10:0x00101a20 x16=0x00000020 PA:0x00101a20 store:0x00000000
           8962	      4477	0010010c	fa0810e3	bne	x16,x0,1000ac	 x16:0x00000020  x0:0x00000000
           8968	      4480	001000ac	0107a023	sw	x16,0(x15)	 x15:0x00020000 x16:0x00000020 PA:0x00020000 store:0x00000020 load:0x00000000
           8972	      4482	001000b0	00154703	lbu	x14,1(x10)	 x10:0x00101a20 x14=0x00000000 PA:0x00101a21 store:0x0010122c
           8976	      4484	001000b4	04070e63	beq	x14,x0,100110	 x14:0x00000000  x0:0x00000000
           8980	      4486	00100110	00000513	addi	x10,x0,0	  x0:0x00000000 x10=0x00000000
           8984	      4488	00100114	00008067	jalr	x0,0(x1)	  x1:0x0010122c  x0=0x00000000
           8988	      4490	0010122c	cf8a2503	lw	x10,-776(x20)	 x20:0x00102000 x10=0x24a74966 PA:0x00101cf8 store:0x00000008
           8990	      4491	00101230	001c0d93	addi	x27,x24,1	 x24:0x00000008 x27=0x00000009
           8994	      4493	00101234	eedfe0ef	jal	x1,100120	  x1=0x00101238
           8996	      4494	00100120	01c55793	srli	x15,x10,0x1c	 x10:0x24a74966 x15=0x00000002
           8998	      4495	00100124	00900713	addi	x14,x0,9	  x0:0x00000000 x14=0x00000009
           9002	      4497	00100128	0cf77a63	bgeu	x14,x15,1001fc	 x14:0x00000009 x15:0x00000002
           9006	      4499	001001fc	03078393	addi	x7,x15,48	 x15:0x00000002  x7=0x00000032
           9008	      4500	00100200	000205b7	lui	x11,0x20	 x11=0x00020000
           9010	      4501	00100204	00451613	slli	x12,x10,0x4	 x10:0x24a74966 x12=0x4a749660
           9014	      4503	00100208	0075a023	sw	x7,0(x11)	 x11:0x00020000  x7:0x00000032 PA:0x00020000 store:0x00000032 load:0x00000000
           9016	      4504	0010020c	01c65693	srli	x13,x12,0x1c	 x12:0x4a749660 x13=0x00000004
           9018	      4505	00100210	00900813	addi	x16,x0,9	  x0:0x00000000 x16=0x00000009
           9020	      4506	00100214	f2d86ae3	bltu	x16,x13,100148	 x16:0x00000009 x13:0x00000004
           9022	      4507	00100218	03068e93	addi	x29,x13,48	 x13:0x00000004 x29=0x00000034
           9024	      4508	0010021c	00020f37	lui	x30,0x20	 x30=0x00020000
           9026	      4509	00100220	00851f93	slli	x31,x10,0x8	 x10:0x24a74966 x31=0xa7496600
           9030	      4511	00100224	01df2023	sw	x29,0(x30)	 x30:0x00020000 x29:0x00000034 PA:0x00020000 store:0x00000034 load:0x00000000
           9032	      4512	00100228	01cfd793	srli	x15,x31,0x1c	 x31:0xa7496600 x15=0x0000000a
           9034	      4513	0010022c	00900713	addi	x14,x0,9	  x0:0x00000000 x14=0x00000009
           9038	      4515	00100230	f2f76ae3	bltu	x14,x15,100164	 x14:0x00000009 x15:0x0000000a
           9042	      4517	00100164	03778293	addi	x5,x15,55	 x15:0x0000000a  x5=0x00000041
           9044	      4518	00100168	00020337	lui	x6,0x20	  x6=0x00020000
           9046	      4519	0010016c	00c51613	slli	x12,x10,0xc	 x10:0x24a74966 x12=0x74966000
           9050	      4521	00100170	00532023	sw	x5,0(x6)	  x6:0x00020000  x5:0x00000041 PA:0x00020000 store:0x00000041 load:0x00000000
           9052	      4522	00100174	01c65693	srli	x13,x12,0x1c	 x12:0x74966000 x13=0x00000007
           9054	      4523	00100178	00900813	addi	x16,x0,9	  x0:0x00000000 x16=0x00000009
           9058	      4525	0010017c	0cd87a63	bgeu	x16,x13,100250	 x16:0x00000009 x13:0x00000007
           9062	      4527	00100250	03068e93	addi	x29,x13,48	 x13:0x00000007 x29=0x00000037
           9064	      4528	00100254	00020f37	lui	x30,0x20	 x30=0x00020000
           9066	      4529	00100258	01051f93	slli	x31,x10,0x10	 x10:0x24a74966 x31=0x49660000
           9070	      4531	0010025c	01df2023	sw	x29,0(x30)	 x30:0x00020000 x29:0x00000037 PA:0x00020000 store:0x00000037 load:0x00000000
           9072	      4532	00100260	01cfd793	srli	x15,x31,0x1c	 x31:0x49660000 x15=0x00000004
           9074	      4533	00100264	00900713	addi	x14,x0,9	  x0:0x00000000 x14=0x00000009
           9076	      4534	00100268	f2f76ae3	bltu	x14,x15,10019c	 x14:0x00000009 x15:0x00000004
           9078	      4535	0010026c	03078393	addi	x7,x15,48	 x15:0x00000004  x7=0x00000034
           9080	      4536	00100270	000205b7	lui	x11,0x20	 x11=0x00020000
           9082	      4537	00100274	01451613	slli	x12,x10,0x14	 x10:0x24a74966 x12=0x96600000
           9086	      4539	00100278	0075a023	sw	x7,0(x11)	 x11:0x00020000  x7:0x00000034 PA:0x00020000 store:0x00000034 load:0x00000000
           9088	      4540	0010027c	01c65693	srli	x13,x12,0x1c	 x12:0x96600000 x13=0x00000009
           9090	      4541	00100280	00900813	addi	x16,x0,9	  x0:0x00000000 x16=0x00000009
           9092	      4542	00100284	f2d86ae3	bltu	x16,x13,1001b8	 x16:0x00000009 x13:0x00000009
           9094	      4543	00100288	03068e93	addi	x29,x13,48	 x13:0x00000009 x29=0x00000039
           9096	      4544	0010028c	00020f37	lui	x30,0x20	 x30=0x00020000
           9098	      4545	00100290	01851f93	slli	x31,x10,0x18	 x10:0x24a74966 x31=0x66000000
           9102	      4547	00100294	01df2023	sw	x29,0(x30)	 x30:0x00020000 x29:0x00000039 PA:0x00020000 store:0x00000039 load:0x00000000
           9104	      4548	00100298	01cfd793	srli	x15,x31,0x1c	 x31:0x66000000 x15=0x00000006
           9106	      4549	0010029c	00900713	addi	x14,x0,9	  x0:0x00000000 x14=0x00000009
           9108	      4550	001002a0	f2f76ae3	bltu	x14,x15,1001d4	 x14:0x00000009 x15:0x00000006
           9110	      4551	001002a4	03078393	addi	x7,x15,48	 x15:0x00000006  x7=0x00000036
           9112	      4552	001002a8	000205b7	lui	x11,0x20	 x11=0x00020000
           9116	      4554	001002ac	0075a023	sw	x7,0(x11)	 x11:0x00020000  x7:0x00000036 PA:0x00020000 store:0x00000036 load:0x00000000
           9118	      4555	001002b0	00f57513	andi	x10,x10,15	 x10:0x24a74966 x10=0x00000006
           9120	      4556	001002b4	00900613	addi	x12,x0,9	  x0:0x00000000 x12=0x00000009
           9124	      4558	001002b8	f2a67ae3	bgeu	x12,x10,1001ec	 x12:0x00000009 x10:0x00000006
           9128	      4560	001001ec	03050893	addi	x17,x10,48	 x10:0x00000006 x17=0x00000036
           9130	      4561	001001f0	00020e37	lui	x28,0x20	 x28=0x00020000
           9134	      4563	001001f4	011e2023	sw	x17,0(x28)	 x28:0x00020000 x17:0x00000036 PA:0x00020000 store:0x00000036 load:0x00000000
           9144	      4568	001001f8	00008067	jalr	x0,0(x1)	  x1:0x00101238  x0=0x00000000
           9146	      4569	00101238	d089ae87	flw	f29,-760(x19)	 f19:0x00102000 f29=0x00000000 PA:0x00101d08 store:0x4598f2e4
           9148	      4570	0010123c	d24baf07	flw	f30,-732(x23)	 f23:0x00102000 f30=0x00000000 PA:0x00101d24 store:0x42f67c6a
           9170	      4581	00101240	a10a8513	addi	x10,x21,-1520	 x21:0x00102000 x10=0x00101a10
           9172	      4582	00101244	19eeffd3	fdiv.s	f31,f29,f30	 f29:0x00000039 f30:0x00020000 f31=0x00000000
           9174	      4583	00101248	d1f9a427	fsw	f31,-760(x19)	 f19:0x00102000 f31:0x66000000 PA:0x00101d08 store:0x212dbe66 load:0x42f67c6a
           9178	      4585	0010124c	d089a007	flw	f0,-760(x19)	 f19:0x00102000  f0=0x00000000 PA:0x00101d08 store:0x4598f2e4
           9180	      4586	00101250	e0000e53	fmv.x.w	x28,f0	  f0:0x00000000 x28=0x212dbe66
           9182	      4587	00101254	cfca2c23	sw	x28,-776(x20)	 x20:0x00102000 x28:0x212dbe66 PA:0x00101cf8 store:0x212dbe66 load:0x212dbe66
           9186	      4589	00101258	e49fe0ef	jal	x1,1000a0	  x1=0x0010125c
           9190	      4591	001000a0	00054803	lbu	x16,0(x10)	 x10:0x00101a10 x16=0x0000000a PA:0x00101a10 store:0x00000000
           9192	      4592	001000a4	06080663	beq	x16,x0,100110	 x16:0x0000000a  x0:0x00000000
           9194	      4593	001000a8	000207b7	lui	x15,0x20	 x15=0x00020000
           9198	      4595	001000ac	0107a023	sw	x16,0(x15)	 x15:0x00020000 x16:0x0000000a PA:0x00020000 store:0x0000000a load:0x00000000
           9202	      4597	001000b0	00154703	lbu	x14,1(x10)	 x10:0x00101a10 x14=0x00000020 PA:0x00101a11 store:0x0010125c
           9204	      4598	001000b4	04070e63	beq	x14,x0,100110	 x14:0x00000020  x0:0x00000000
           9208	      4600	001000b8	00e7a023	sw	x14,0(x15)	 x15:0x00020000 x14:0x00000020 PA:0x00020000 store:0x00000020 load:0x00000000
           9212	      4602	001000bc	00254283	lbu	x5,2(x10)	 x10:0x00101a10  x5=0x00000069 PA:0x00101a12 store:0x00137fa0
           9214	      4603	001000c0	04028863	beq	x5,x0,100110	  x5:0x00000069  x0:0x00000000
           9218	      4605	001000c4	0057a023	sw	x5,0(x15)	 x15:0x00020000  x5:0x00000069 PA:0x00020000 store:0x00000069 load:0x00000000
           9222	      4607	001000c8	00354303	lbu	x6,3(x10)	 x10:0x00101a10  x6=0x0000003d PA:0x00101a13 store:0x00000000
           9224	      4608	001000cc	04030263	beq	x6,x0,100110	  x6:0x0000003d  x0:0x00000000
           9228	      4610	001000d0	0067a023	sw	x6,0(x15)	 x15:0x00020000  x6:0x0000003d PA:0x00020000 store:0x0000003d load:0x00000000
           9232	      4612	001000d4	00454383	lbu	x7,4(x10)	 x10:0x00101a10  x7=0x00000000 PA:0x00101a14 store:0x00000000
           9236	      4614	001000d8	02038c63	beq	x7,x0,100110	  x7:0x00000000  x0:0x00000000
           9240	      4616	00100110	00000513	addi	x10,x0,0	  x0:0x00000000 x10=0x00000000
           9244	      4618	00100114	00008067	jalr	x0,0(x1)	  x1:0x0010125c  x0=0x00000000
           9246	      4619	0010125c	000d8513	addi	x10,x27,0	 x27:0x00000009 x10=0x00000009
           9250	      4621	00101260	ec1fe0ef	jal	x1,100120	  x1=0x00101264
           9252	      4622	00100120	01c55793	srli	x15,x10,0x1c	 x10:0x00000009 x15=0x00000000
           9254	      4623	00100124	00900713	addi	x14,x0,9	  x0:0x00000000 x14=0x00000009
           9258	      4625	00100128	0cf77a63	bgeu	x14,x15,1001fc	 x14:0x00000009 x15:0x00000000
           9262	      4627	001001fc	03078393	addi	x7,x15,48	 x15:0x00000000  x7=0x00000030
           9264	      4628	00100200	000205b7	lui	x11,0x20	 x11=0x00020000
           9266	      4629	00100204	00451613	slli	x12,x10,0x4	 x10:0x00000009 x12=0x00000090
           9270	      4631	00100208	0075a023	sw	x7,0(x11)	 x11:0x00020000  x7:0x00000030 PA:0x00020000 store:0x00000030 load:0x00000000
           9272	      4632	0010020c	01c65693	srli	x13,x12,0x1c	 x12:0x00000090 x13=0x00000000
           9274	      4633	00100210	00900813	addi	x16,x0,9	  x0:0x00000000 x16=0x00000009
           9276	      4634	00100214	f2d86ae3	bltu	x16,x13,100148	 x16:0x00000009 x13:0x00000000
           9278	      4635	00100218	03068e93	addi	x29,x13,48	 x13:0x00000000 x29=0x00000030
           9280	      4636	0010021c	00020f37	lui	x30,0x20	 x30=0x00020000
           9282	      4637	00100220	00851f93	slli	x31,x10,0x8	 x10:0x00000009 x31=0x00000900
           9286	      4639	00100224	01df2023	sw	x29,0(x30)	 x30:0x00020000 x29:0x00000030 PA:0x00020000 store:0x00000030 load:0x00000000
           9288	      4640	00100228	01cfd793	srli	x15,x31,0x1c	 x31:0x00000900 x15=0x00000000
           9290	      4641	0010022c	00900713	addi	x14,x0,9	  x0:0x00000000 x14=0x00000009
           9292	      4642	00100230	f2f76ae3	bltu	x14,x15,100164	 x14:0x00000009 x15:0x00000000
           9294	      4643	00100234	03078393	addi	x7,x15,48	 x15:0x00000000  x7=0x00000030
           9296	      4644	00100238	000205b7	lui	x11,0x20	 x11=0x00020000
           9298	      4645	0010023c	00c51613	slli	x12,x10,0xc	 x10:0x00000009 x12=0x00009000
           9302	      4647	00100240	0075a023	sw	x7,0(x11)	 x11:0x00020000  x7:0x00000030 PA:0x00020000 store:0x00000030 load:0x00000000
           9304	      4648	00100244	01c65693	srli	x13,x12,0x1c	 x12:0x00009000 x13=0x00000000
           9306	      4649	00100248	00900813	addi	x16,x0,9	  x0:0x00000000 x16=0x00000009
           9308	      4650	0010024c	f2d86ae3	bltu	x16,x13,100180	 x16:0x00000009 x13:0x00000000
           9310	      4651	00100250	03068e93	addi	x29,x13,48	 x13:0x00000000 x29=0x00000030
           9312	      4652	00100254	00020f37	lui	x30,0x20	 x30=0x00020000
           9314	      4653	00100258	01051f93	slli	x31,x10,0x10	 x10:0x00000009 x31=0x00090000
           9318	      4655	0010025c	01df2023	sw	x29,0(x30)	 x30:0x00020000 x29:0x00000030 PA:0x00020000 store:0x00000030 load:0x00000000
           9320	      4656	00100260	01cfd793	srli	x15,x31,0x1c	 x31:0x00090000 x15=0x00000000
           9322	      4657	00100264	00900713	addi	x14,x0,9	  x0:0x00000000 x14=0x00000009
           9324	      4658	00100268	f2f76ae3	bltu	x14,x15,10019c	 x14:0x00000009 x15:0x00000000
           9326	      4659	0010026c	03078393	addi	x7,x15,48	 x15:0x00000000  x7=0x00000030
           9328	      4660	00100270	000205b7	lui	x11,0x20	 x11=0x00020000
           9330	      4661	00100274	01451613	slli	x12,x10,0x14	 x10:0x00000009 x12=0x00900000
           9334	      4663	00100278	0075a023	sw	x7,0(x11)	 x11:0x00020000  x7:0x00000030 PA:0x00020000 store:0x00000030 load:0x00000000
           9336	      4664	0010027c	01c65693	srli	x13,x12,0x1c	 x12:0x00900000 x13=0x00000000
           9338	      4665	00100280	00900813	addi	x16,x0,9	  x0:0x00000000 x16=0x00000009
           9340	      4666	00100284	f2d86ae3	bltu	x16,x13,1001b8	 x16:0x00000009 x13:0x00000000
           9342	      4667	00100288	03068e93	addi	x29,x13,48	 x13:0x00000000 x29=0x00000030
           9344	      4668	0010028c	00020f37	lui	x30,0x20	 x30=0x00020000
           9346	      4669	00100290	01851f93	slli	x31,x10,0x18	 x10:0x00000009 x31=0x09000000
           9350	      4671	00100294	01df2023	sw	x29,0(x30)	 x30:0x00020000 x29:0x00000030 PA:0x00020000 store:0x00000030 load:0x00000000
           9352	      4672	00100298	01cfd793	srli	x15,x31,0x1c	 x31:0x09000000 x15=0x00000000
           9354	      4673	0010029c	00900713	addi	x14,x0,9	  x0:0x00000000 x14=0x00000009
           9356	      4674	001002a0	f2f76ae3	bltu	x14,x15,1001d4	 x14:0x00000009 x15:0x00000000
           9358	      4675	001002a4	03078393	addi	x7,x15,48	 x15:0x00000000  x7=0x00000030
           9360	      4676	001002a8	000205b7	lui	x11,0x20	 x11=0x00020000
           9364	      4678	001002ac	0075a023	sw	x7,0(x11)	 x11:0x00020000  x7:0x00000030 PA:0x00020000 store:0x00000030 load:0x00000000
           9366	      4679	001002b0	00f57513	andi	x10,x10,15	 x10:0x00000009 x10=0x00000009
           9368	      4680	001002b4	00900613	addi	x12,x0,9	  x0:0x00000000 x12=0x00000009
           9372	      4682	001002b8	f2a67ae3	bgeu	x12,x10,1001ec	 x12:0x00000009 x10:0x00000009
           9376	      4684	001001ec	03050893	addi	x17,x10,48	 x10:0x00000009 x17=0x00000039
           9378	      4685	001001f0	00020e37	lui	x28,0x20	 x28=0x00020000
           9382	      4687	001001f4	011e2023	sw	x17,0(x28)	 x28:0x00020000 x17:0x00000039 PA:0x00020000 store:0x00000039 load:0x00000000
           9386	      4689	001001f8	00008067	jalr	x0,0(x1)	  x1:0x00101264  x0=0x00000000
           9388	      4690	00101264	a18b0513	addi	x10,x22,-1512	 x22:0x00102000 x10=0x00101a18
           9392	      4692	00101268	e39fe0ef	jal	x1,1000a0	  x1=0x0010126c
           9396	      4694	001000a0	00054803	lbu	x16,0(x10)	 x10:0x00101a18 x16=0x00000020 PA:0x00101a18 store:0x00000000
           9398	      4695	001000a4	06080663	beq	x16,x0,100110	 x16:0x00000020  x0:0x00000000
           9400	      4696	001000a8	000207b7	lui	x15,0x20	 x15=0x00020000
           9404	      4698	001000ac	0107a023	sw	x16,0(x15)	 x15:0x00020000 x16:0x00000020 PA:0x00020000 store:0x00000020 load:0x00000000
           9408	      4700	001000b0	00154703	lbu	x14,1(x10)	 x10:0x00101a18 x14=0x00000072 PA:0x00101a19 store:0x0010126c
           9410	      4701	001000b4	04070e63	beq	x14,x0,100110	 x14:0x00000072  x0:0x00000000
           9414	      4703	001000b8	00e7a023	sw	x14,0(x15)	 x15:0x00020000 x14:0x00000072 PA:0x00020000 store:0x00000072 load:0x00000000
           9418	      4705	001000bc	00254283	lbu	x5,2(x10)	 x10:0x00101a18  x5=0x00000065 PA:0x00101a1a store:0x00137fa0
           9420	      4706	001000c0	04028863	beq	x5,x0,100110	  x5:0x00000065  x0:0x00000000
           9424	      4708	001000c4	0057a023	sw	x5,0(x15)	 x15:0x00020000  x5:0x00000065 PA:0x00020000 store:0x00000065 load:0x00000000
           9428	      4710	001000c8	00354303	lbu	x6,3(x10)	 x10:0x00101a18  x6=0x00000073 PA:0x00101a1b store:0x00000000
           9430	      4711	001000cc	04030263	beq	x6,x0,100110	  x6:0x00000073  x0:0x00000000
           9434	      4713	001000d0	0067a023	sw	x6,0(x15)	 x15:0x00020000  x6:0x00000073 PA:0x00020000 store:0x00000073 load:0x00000000
           9438	      4715	001000d4	00454383	lbu	x7,4(x10)	 x10:0x00101a18  x7=0x00000075 PA:0x00101a1c store:0x00000000
           9440	      4716	001000d8	02038c63	beq	x7,x0,100110	  x7:0x00000075  x0:0x00000000
           9444	      4718	001000dc	0077a023	sw	x7,0(x15)	 x15:0x00020000  x7:0x00000075 PA:0x00020000 store:0x00000075 load:0x00000000
           9448	      4720	001000e0	00554583	lbu	x11,5(x10)	 x10:0x00101a18 x11=0x0000006c PA:0x00101a1d store:0x00000065
           9450	      4721	001000e4	02058663	beq	x11,x0,100110	 x11:0x0000006c  x0:0x00000000
           9454	      4723	001000e8	00b7a023	sw	x11,0(x15)	 x15:0x00020000 x11:0x0000006c PA:0x00020000 store:0x0000006c load:0x00000000
           9458	      4725	001000ec	00654603	lbu	x12,6(x10)	 x10:0x00101a18 x12=0x00000074 PA:0x00101a1e store:0x00000073
           9460	      4726	001000f0	02060063	beq	x12,x0,100110	 x12:0x00000074  x0:0x00000000
           9464	      4728	001000f4	00c7a023	sw	x12,0(x15)	 x15:0x00020000 x12:0x00000074 PA:0x00020000 store:0x00000074 load:0x00000000
           9468	      4730	001000f8	00754683	lbu	x13,7(x10)	 x10:0x00101a18 x13=0x0000003a PA:0x00101a1f store:0x00000075
           9470	      4731	001000fc	00850513	addi	x10,x10,8	 x10:0x00101a18 x10=0x00101a20
           9472	      4732	00100100	00068863	beq	x13,x0,100110	 x13:0x0000003a  x0:0x00000000
           9476	      4734	00100104	00d7a023	sw	x13,0(x15)	 x15:0x00020000 x13:0x0000003a PA:0x00020000 store:0x0000003a load:0x00000000
           9480	      4736	00100108	00054803	lbu	x16,0(x10)	 x10:0x00101a20 x16=0x00000020 PA:0x00101a20 store:0x00000000
           9484	      4738	0010010c	fa0810e3	bne	x16,x0,1000ac	 x16:0x00000020  x0:0x00000000
           9490	      4741	001000ac	0107a023	sw	x16,0(x15)	 x15:0x00020000 x16:0x00000020 PA:0x00020000 store:0x00000020 load:0x00000000
           9494	      4743	001000b0	00154703	lbu	x14,1(x10)	 x10:0x00101a20 x14=0x00000000 PA:0x00101a21 store:0x0010126c
           9498	      4745	001000b4	04070e63	beq	x14,x0,100110	 x14:0x00000000  x0:0x00000000
           9502	      4747	00100110	00000513	addi	x10,x0,0	  x0:0x00000000 x10=0x00000000
           9506	      4749	00100114	00008067	jalr	x0,0(x1)	  x1:0x0010126c  x0=0x00000000
           9510	      4751	0010126c	cf8a2503	lw	x10,-776(x20)	 x20:0x00102000 x10=0x212dbe66 PA:0x00101cf8 store:0x00000008
           9512	      4752	00101270	002c0d93	addi	x27,x24,2	 x24:0x00000008 x27=0x0000000a
           9516	      4754	00101274	eadfe0ef	jal	x1,100120	  x1=0x00101278
           9518	      4755	00100120	01c55793	srli	x15,x10,0x1c	 x10:0x212dbe66 x15=0x00000002
           9520	      4756	00100124	00900713	addi	x14,x0,9	  x0:0x00000000 x14=0x00000009
           9524	      4758	00100128	0cf77a63	bgeu	x14,x15,1001fc	 x14:0x00000009 x15:0x00000002
           9528	      4760	001001fc	03078393	addi	x7,x15,48	 x15:0x00000002  x7=0x00000032
           9530	      4761	00100200	000205b7	lui	x11,0x20	 x11=0x00020000
           9532	      4762	00100204	00451613	slli	x12,x10,0x4	 x10:0x212dbe66 x12=0x12dbe660
           9536	      4764	00100208	0075a023	sw	x7,0(x11)	 x11:0x00020000  x7:0x00000032 PA:0x00020000 store:0x00000032 load:0x00000000
           9538	      4765	0010020c	01c65693	srli	x13,x12,0x1c	 x12:0x12dbe660 x13=0x00000001
           9540	      4766	00100210	00900813	addi	x16,x0,9	  x0:0x00000000 x16=0x00000009
           9542	      4767	00100214	f2d86ae3	bltu	x16,x13,100148	 x16:0x00000009 x13:0x00000001
           9544	      4768	00100218	03068e93	addi	x29,x13,48	 x13:0x00000001 x29=0x00000031
           9546	      4769	0010021c	00020f37	lui	x30,0x20	 x30=0x00020000
           9548	      4770	00100220	00851f93	slli	x31,x10,0x8	 x10:0x212dbe66 x31=0x2dbe6600
           9552	      4772	00100224	01df2023	sw	x29,0(x30)	 x30:0x00020000 x29:0x00000031 PA:0x00020000 store:0x00000031 load:0x00000000
           9554	      4773	00100228	01cfd793	srli	x15,x31,0x1c	 x31:0x2dbe6600 x15=0x00000002
           9556	      4774	0010022c	00900713	addi	x14,x0,9	  x0:0x00000000 x14=0x00000009
           9558	      4775	00100230	f2f76ae3	bltu	x14,x15,100164	 x14:0x00000009 x15:0x00000002
           9560	      4776	00100234	03078393	addi	x7,x15,48	 x15:0x00000002  x7=0x00000032
           9562	      4777	00100238	000205b7	lui	x11,0x20	 x11=0x00020000
           9564	      4778	0010023c	00c51613	slli	x12,x10,0xc	 x10:0x212dbe66 x12=0xdbe66000
           9568	      4780	00100240	0075a023	sw	x7,0(x11)	 x11:0x00020000  x7:0x00000032 PA:0x00020000 store:0x00000032 load:0x00000000
           9570	      4781	00100244	01c65693	srli	x13,x12,0x1c	 x12:0xdbe66000 x13=0x0000000d
           9572	      4782	00100248	00900813	addi	x16,x0,9	  x0:0x00000000 x16=0x00000009
           9576	      4784	0010024c	f2d86ae3	bltu	x16,x13,100180	 x16:0x00000009 x13:0x0000000d
           9580	      4786	00100180	03768893	addi	x17,x13,55	 x13:0x0000000d x17=0x00000044
           9582	      4787	00100184	00020e37	lui	x28,0x20	 x28=0x00020000
           9584	      4788	00100188	01051f93	slli	x31,x10,0x10	 x10:0x212dbe66 x31=0xbe660000
           9588	      4790	0010018c	011e2023	sw	x17,0(x28)	 x28:0x00020000 x17:0x00000044 PA:0x00020000 store:0x00000044 load:0x00000000
           9590	      4791	00100190	01cfd793	srli	x15,x31,0x1c	 x31:0xbe660000 x15=0x0000000b
           9592	      4792	00100194	00900713	addi	x14,x0,9	  x0:0x00000000 x14=0x00000009
           9594	      4793	00100198	0cf77a63	bgeu	x14,x15,10026c	 x14:0x00000009 x15:0x0000000b
           9596	      4794	0010019c	03778293	addi	x5,x15,55	 x15:0x0000000b  x5=0x00000042
           9598	      4795	001001a0	00020337	lui	x6,0x20	  x6=0x00020000
           9600	      4796	001001a4	01451613	slli	x12,x10,0x14	 x10:0x212dbe66 x12=0xe6600000
           9604	      4798	001001a8	00532023	sw	x5,0(x6)	  x6:0x00020000  x5:0x00000042 PA:0x00020000 store:0x00000042 load:0x00000000
           9606	      4799	001001ac	01c65693	srli	x13,x12,0x1c	 x12:0xe6600000 x13=0x0000000e
           9608	      4800	001001b0	00900813	addi	x16,x0,9	  x0:0x00000000 x16=0x00000009
           9610	      4801	001001b4	0cd87a63	bgeu	x16,x13,100288	 x16:0x00000009 x13:0x0000000e
           9612	      4802	001001b8	03768893	addi	x17,x13,55	 x13:0x0000000e x17=0x00000045
           9614	      4803	001001bc	00020e37	lui	x28,0x20	 x28=0x00020000
           9616	      4804	001001c0	01851f93	slli	x31,x10,0x18	 x10:0x212dbe66 x31=0x66000000
           9620	      4806	001001c4	011e2023	sw	x17,0(x28)	 x28:0x00020000 x17:0x00000045 PA:0x00020000 store:0x00000045 load:0x00000000
           9622	      4807	001001c8	01cfd793	srli	x15,x31,0x1c	 x31:0x66000000 x15=0x00000006
           9624	      4808	001001cc	00900713	addi	x14,x0,9	  x0:0x00000000 x14=0x00000009
           9628	      4810	001001d0	0cf77a63	bgeu	x14,x15,1002a4	 x14:0x00000009 x15:0x00000006
           9632	      4812	001002a4	03078393	addi	x7,x15,48	 x15:0x00000006  x7=0x00000036
           9634	      4813	001002a8	000205b7	lui	x11,0x20	 x11=0x00020000
           9638	      4815	001002ac	0075a023	sw	x7,0(x11)	 x11:0x00020000  x7:0x00000036 PA:0x00020000 store:0x00000036 load:0x00000000
           9640	      4816	001002b0	00f57513	andi	x10,x10,15	 x10:0x212dbe66 x10=0x00000006
           9642	      4817	001002b4	00900613	addi	x12,x0,9	  x0:0x00000000 x12=0x00000009
           9646	      4819	001002b8	f2a67ae3	bgeu	x12,x10,1001ec	 x12:0x00000009 x10:0x00000006
           9650	      4821	001001ec	03050893	addi	x17,x10,48	 x10:0x00000006 x17=0x00000036
           9652	      4822	001001f0	00020e37	lui	x28,0x20	 x28=0x00020000
           9656	      4824	001001f4	011e2023	sw	x17,0(x28)	 x28:0x00020000 x17:0x00000036 PA:0x00020000 store:0x00000036 load:0x00000000
           9666	      4829	001001f8	00008067	jalr	x0,0(x1)	  x1:0x00101278  x0=0x00000000
           9668	      4830	00101278	d089a087	flw	f1,-760(x19)	 f19:0x00102000  f1=0x00000000 PA:0x00101d08 store:0x4598f2e4
           9670	      4831	0010127c	d24ba107	flw	f2,-732(x23)	 f23:0x00102000  f2=0x00000000 PA:0x00101d24 store:0x42f67c6a
           9692	      4842	00101280	a10a8513	addi	x10,x21,-1520	 x21:0x00102000 x10=0x00101a10
           9694	      4843	00101284	1820f753	fdiv.s	f14,f1,f2	  f1:0x00101278  f2:0x00137fa0 f14=0x00000000
           9696	      4844	00101288	d0e9a427	fsw	f14,-760(x19)	 f19:0x00102000 f14:0x00000009 PA:0x00101d08 store:0x1db47333 load:0x42f67c6a
           9700	      4846	0010128c	d089a787	flw	f15,-760(x19)	 f19:0x00102000 f15=0x00000000 PA:0x00101d08 store:0x4598f2e4
           9702	      4847	00101290	e0078ed3	fmv.x.w	x29,f15	 f15:0x00000006 x29=0x1db47333
           9704	      4848	00101294	cfda2c23	sw	x29,-776(x20)	 x20:0x00102000 x29:0x1db47333 PA:0x00101cf8 store:0x1db47333 load:0x1db47333
           9708	      4850	00101298	e09fe0ef	jal	x1,1000a0	  x1=0x0010129c
           9712	      4852	001000a0	00054803	lbu	x16,0(x10)	 x10:0x00101a10 x16=0x0000000a PA:0x00101a10 store:0x00000000
           9714	      4853	001000a4	06080663	beq	x16,x0,100110	 x16:0x0000000a  x0:0x00000000
           9716	      4854	001000a8	000207b7	lui	x15,0x20	 x15=0x00020000
           9720	      4856	001000ac	0107a023	sw	x16,0(x15)	 x15:0x00020000 x16:0x0000000a PA:0x00020000 store:0x0000000a load:0x00000000
           9724	      4858	001000b0	00154703	lbu	x14,1(x10)	 x10:0x00101a10 x14=0x00000020 PA:0x00101a11 store:0x0010129c
           9726	      4859	001000b4	04070e63	beq	x14,x0,100110	 x14:0x00000020  x0:0x00000000
           9730	      4861	001000b8	00e7a023	sw	x14,0(x15)	 x15:0x00020000 x14:0x00000020 PA:0x00020000 store:0x00000020 load:0x00000000
           9734	      4863	001000bc	00254283	lbu	x5,2(x10)	 x10:0x00101a10  x5=0x00000069 PA:0x00101a12 store:0x00137fa0
           9736	      4864	001000c0	04028863	beq	x5,x0,100110	  x5:0x00000069  x0:0x00000000
           9740	      4866	001000c4	0057a023	sw	x5,0(x15)	 x15:0x00020000  x5:0x00000069 PA:0x00020000 store:0x00000069 load:0x00000000
           9744	      4868	001000c8	00354303	lbu	x6,3(x10)	 x10:0x00101a10  x6=0x0000003d PA:0x00101a13 store:0x00000000
           9746	      4869	001000cc	04030263	beq	x6,x0,100110	  x6:0x0000003d  x0:0x00000000
           9750	      4871	001000d0	0067a023	sw	x6,0(x15)	 x15:0x00020000  x6:0x0000003d PA:0x00020000 store:0x0000003d load:0x00000000
           9754	      4873	001000d4	00454383	lbu	x7,4(x10)	 x10:0x00101a10  x7=0x00000000 PA:0x00101a14 store:0x00000000
           9758	      4875	001000d8	02038c63	beq	x7,x0,100110	  x7:0x00000000  x0:0x00000000
           9762	      4877	00100110	00000513	addi	x10,x0,0	  x0:0x00000000 x10=0x00000000
           9766	      4879	00100114	00008067	jalr	x0,0(x1)	  x1:0x0010129c  x0=0x00000000
           9768	      4880	0010129c	000d8513	addi	x10,x27,0	 x27:0x0000000a x10=0x0000000a
           9772	      4882	001012a0	e81fe0ef	jal	x1,100120	  x1=0x001012a4
           9774	      4883	00100120	01c55793	srli	x15,x10,0x1c	 x10:0x0000000a x15=0x00000000
           9776	      4884	00100124	00900713	addi	x14,x0,9	  x0:0x00000000 x14=0x00000009
           9780	      4886	00100128	0cf77a63	bgeu	x14,x15,1001fc	 x14:0x00000009 x15:0x00000000
           9784	      4888	001001fc	03078393	addi	x7,x15,48	 x15:0x00000000  x7=0x00000030
           9786	      4889	00100200	000205b7	lui	x11,0x20	 x11=0x00020000
           9788	      4890	00100204	00451613	slli	x12,x10,0x4	 x10:0x0000000a x12=0x000000a0
           9792	      4892	00100208	0075a023	sw	x7,0(x11)	 x11:0x00020000  x7:0x00000030 PA:0x00020000 store:0x00000030 load:0x00000000
           9794	      4893	0010020c	01c65693	srli	x13,x12,0x1c	 x12:0x000000a0 x13=0x00000000
           9796	      4894	00100210	00900813	addi	x16,x0,9	  x0:0x00000000 x16=0x00000009
           9798	      4895	00100214	f2d86ae3	bltu	x16,x13,100148	 x16:0x00000009 x13:0x00000000
           9800	      4896	00100218	03068e93	addi	x29,x13,48	 x13:0x00000000 x29=0x00000030
           9802	      4897	0010021c	00020f37	lui	x30,0x20	 x30=0x00020000
           9804	      4898	00100220	00851f93	slli	x31,x10,0x8	 x10:0x0000000a x31=0x00000a00
           9808	      4900	00100224	01df2023	sw	x29,0(x30)	 x30:0x00020000 x29:0x00000030 PA:0x00020000 store:0x00000030 load:0x00000000
           9810	      4901	00100228	01cfd793	srli	x15,x31,0x1c	 x31:0x00000a00 x15=0x00000000
           9812	      4902	0010022c	00900713	addi	x14,x0,9	  x0:0x00000000 x14=0x00000009
           9814	      4903	00100230	f2f76ae3	bltu	x14,x15,100164	 x14:0x00000009 x15:0x00000000
           9816	      4904	00100234	03078393	addi	x7,x15,48	 x15:0x00000000  x7=0x00000030
           9818	      4905	00100238	000205b7	lui	x11,0x20	 x11=0x00020000
           9820	      4906	0010023c	00c51613	slli	x12,x10,0xc	 x10:0x0000000a x12=0x0000a000
           9824	      4908	00100240	0075a023	sw	x7,0(x11)	 x11:0x00020000  x7:0x00000030 PA:0x00020000 store:0x00000030 load:0x00000000
           9826	      4909	00100244	01c65693	srli	x13,x12,0x1c	 x12:0x0000a000 x13=0x00000000
           9828	      4910	00100248	00900813	addi	x16,x0,9	  x0:0x00000000 x16=0x00000009
           9830	      4911	0010024c	f2d86ae3	bltu	x16,x13,100180	 x16:0x00000009 x13:0x00000000
           9832	      4912	00100250	03068e93	addi	x29,x13,48	 x13:0x00000000 x29=0x00000030
           9834	      4913	00100254	00020f37	lui	x30,0x20	 x30=0x00020000
           9836	      4914	00100258	01051f93	slli	x31,x10,0x10	 x10:0x0000000a x31=0x000a0000
           9840	      4916	0010025c	01df2023	sw	x29,0(x30)	 x30:0x00020000 x29:0x00000030 PA:0x00020000 store:0x00000030 load:0x00000000
           9842	      4917	00100260	01cfd793	srli	x15,x31,0x1c	 x31:0x000a0000 x15=0x00000000
           9844	      4918	00100264	00900713	addi	x14,x0,9	  x0:0x00000000 x14=0x00000009
           9846	      4919	00100268	f2f76ae3	bltu	x14,x15,10019c	 x14:0x00000009 x15:0x00000000
           9848	      4920	0010026c	03078393	addi	x7,x15,48	 x15:0x00000000  x7=0x00000030
           9850	      4921	00100270	000205b7	lui	x11,0x20	 x11=0x00020000
           9852	      4922	00100274	01451613	slli	x12,x10,0x14	 x10:0x0000000a x12=0x00a00000
           9856	      4924	00100278	0075a023	sw	x7,0(x11)	 x11:0x00020000  x7:0x00000030 PA:0x00020000 store:0x00000030 load:0x00000000
           9858	      4925	0010027c	01c65693	srli	x13,x12,0x1c	 x12:0x00a00000 x13=0x00000000
           9860	      4926	00100280	00900813	addi	x16,x0,9	  x0:0x00000000 x16=0x00000009
           9862	      4927	00100284	f2d86ae3	bltu	x16,x13,1001b8	 x16:0x00000009 x13:0x00000000
           9864	      4928	00100288	03068e93	addi	x29,x13,48	 x13:0x00000000 x29=0x00000030
           9866	      4929	0010028c	00020f37	lui	x30,0x20	 x30=0x00020000
           9868	      4930	00100290	01851f93	slli	x31,x10,0x18	 x10:0x0000000a x31=0x0a000000
           9872	      4932	00100294	01df2023	sw	x29,0(x30)	 x30:0x00020000 x29:0x00000030 PA:0x00020000 store:0x00000030 load:0x00000000
           9874	      4933	00100298	01cfd793	srli	x15,x31,0x1c	 x31:0x0a000000 x15=0x00000000
           9876	      4934	0010029c	00900713	addi	x14,x0,9	  x0:0x00000000 x14=0x00000009
           9878	      4935	001002a0	f2f76ae3	bltu	x14,x15,1001d4	 x14:0x00000009 x15:0x00000000
           9880	      4936	001002a4	03078393	addi	x7,x15,48	 x15:0x00000000  x7=0x00000030
           9882	      4937	001002a8	000205b7	lui	x11,0x20	 x11=0x00020000
           9886	      4939	001002ac	0075a023	sw	x7,0(x11)	 x11:0x00020000  x7:0x00000030 PA:0x00020000 store:0x00000030 load:0x00000000
           9888	      4940	001002b0	00f57513	andi	x10,x10,15	 x10:0x0000000a x10=0x0000000a
           9890	      4941	001002b4	00900613	addi	x12,x0,9	  x0:0x00000000 x12=0x00000009
           9892	      4942	001002b8	f2a67ae3	bgeu	x12,x10,1001ec	 x12:0x00000009 x10:0x0000000a
           9894	      4943	001002bc	03750693	addi	x13,x10,55	 x10:0x0000000a x13=0x00000041
           9896	      4944	001002c0	00020837	lui	x16,0x20	 x16=0x00020000
           9900	      4946	001002c4	00d82023	sw	x13,0(x16)	 x16:0x00020000 x13:0x00000041 PA:0x00020000 store:0x00000041 load:0x00000000
           9904	      4948	001002c8	00008067	jalr	x0,0(x1)	  x1:0x001012a4  x0=0x00000000
           9906	      4949	001012a4	a18b0513	addi	x10,x22,-1512	 x22:0x00102000 x10=0x00101a18
           9910	      4951	001012a8	df9fe0ef	jal	x1,1000a0	  x1=0x001012ac
           9914	      4953	001000a0	00054803	lbu	x16,0(x10)	 x10:0x00101a18 x16=0x00000020 PA:0x00101a18 store:0x00000000
           9916	      4954	001000a4	06080663	beq	x16,x0,100110	 x16:0x00000020  x0:0x00000000
           9918	      4955	001000a8	000207b7	lui	x15,0x20	 x15=0x00020000
           9922	      4957	001000ac	0107a023	sw	x16,0(x15)	 x15:0x00020000 x16:0x00000020 PA:0x00020000 store:0x00000020 load:0x00000000
           9926	      4959	001000b0	00154703	lbu	x14,1(x10)	 x10:0x00101a18 x14=0x00000072 PA:0x00101a19 store:0x001012ac
           9928	      4960	001000b4	04070e63	beq	x14,x0,100110	 x14:0x00000072  x0:0x00000000
           9932	      4962	001000b8	00e7a023	sw	x14,0(x15)	 x15:0x00020000 x14:0x00000072 PA:0x00020000 store:0x00000072 load:0x00000000
           9936	      4964	001000bc	00254283	lbu	x5,2(x10)	 x10:0x00101a18  x5=0x00000065 PA:0x00101a1a store:0x00137fa0
           9938	      4965	001000c0	04028863	beq	x5,x0,100110	  x5:0x00000065  x0:0x00000000
           9942	      4967	001000c4	0057a023	sw	x5,0(x15)	 x15:0x00020000  x5:0x00000065 PA:0x00020000 store:0x00000065 load:0x00000000
           9946	      4969	001000c8	00354303	lbu	x6,3(x10)	 x10:0x00101a18  x6=0x00000073 PA:0x00101a1b store:0x00000000
           9948	      4970	001000cc	04030263	beq	x6,x0,100110	  x6:0x00000073  x0:0x00000000
           9952	      4972	001000d0	0067a023	sw	x6,0(x15)	 x15:0x00020000  x6:0x00000073 PA:0x00020000 store:0x00000073 load:0x00000000
           9956	      4974	001000d4	00454383	lbu	x7,4(x10)	 x10:0x00101a18  x7=0x00000075 PA:0x00101a1c store:0x00000000
           9958	      4975	001000d8	02038c63	beq	x7,x0,100110	  x7:0x00000075  x0:0x00000000
           9962	      4977	001000dc	0077a023	sw	x7,0(x15)	 x15:0x00020000  x7:0x00000075 PA:0x00020000 store:0x00000075 load:0x00000000
           9966	      4979	001000e0	00554583	lbu	x11,5(x10)	 x10:0x00101a18 x11=0x0000006c PA:0x00101a1d store:0x00000065
           9968	      4980	001000e4	02058663	beq	x11,x0,100110	 x11:0x0000006c  x0:0x00000000
           9972	      4982	001000e8	00b7a023	sw	x11,0(x15)	 x15:0x00020000 x11:0x0000006c PA:0x00020000 store:0x0000006c load:0x00000000
           9976	      4984	001000ec	00654603	lbu	x12,6(x10)	 x10:0x00101a18 x12=0x00000074 PA:0x00101a1e store:0x00000073
           9978	      4985	001000f0	02060063	beq	x12,x0,100110	 x12:0x00000074  x0:0x00000000
           9982	      4987	001000f4	00c7a023	sw	x12,0(x15)	 x15:0x00020000 x12:0x00000074 PA:0x00020000 store:0x00000074 load:0x00000000
           9986	      4989	001000f8	00754683	lbu	x13,7(x10)	 x10:0x00101a18 x13=0x0000003a PA:0x00101a1f store:0x00000075
           9988	      4990	001000fc	00850513	addi	x10,x10,8	 x10:0x00101a18 x10=0x00101a20
           9990	      4991	00100100	00068863	beq	x13,x0,100110	 x13:0x0000003a  x0:0x00000000
           9994	      4993	00100104	00d7a023	sw	x13,0(x15)	 x15:0x00020000 x13:0x0000003a PA:0x00020000 store:0x0000003a load:0x00000000
           9998	      4995	00100108	00054803	lbu	x16,0(x10)	 x10:0x00101a20 x16=0x00000020 PA:0x00101a20 store:0x00000000
          10002	      4997	0010010c	fa0810e3	bne	x16,x0,1000ac	 x16:0x00000020  x0:0x00000000
          10008	      5000	001000ac	0107a023	sw	x16,0(x15)	 x15:0x00020000 x16:0x00000020 PA:0x00020000 store:0x00000020 load:0x00000000
          10012	      5002	001000b0	00154703	lbu	x14,1(x10)	 x10:0x00101a20 x14=0x00000000 PA:0x00101a21 store:0x001012ac
          10016	      5004	001000b4	04070e63	beq	x14,x0,100110	 x14:0x00000000  x0:0x00000000
          10020	      5006	00100110	00000513	addi	x10,x0,0	  x0:0x00000000 x10=0x00000000
          10024	      5008	00100114	00008067	jalr	x0,0(x1)	  x1:0x001012ac  x0=0x00000000
          10028	      5010	001012ac	cf8a2503	lw	x10,-776(x20)	 x20:0x00102000 x10=0x1db47333 PA:0x00101cf8 store:0x00000008
          10030	      5011	001012b0	003c0d93	addi	x27,x24,3	 x24:0x00000008 x27=0x0000000b
          10032	      5012	001012b4	004c0c13	addi	x24,x24,4	 x24:0x00000008 x24=0x0000000c
          10036	      5014	001012b8	e69fe0ef	jal	x1,100120	  x1=0x001012bc
          10038	      5015	00100120	01c55793	srli	x15,x10,0x1c	 x10:0x1db47333 x15=0x00000001
          10040	      5016	00100124	00900713	addi	x14,x0,9	  x0:0x00000000 x14=0x00000009
          10044	      5018	00100128	0cf77a63	bgeu	x14,x15,1001fc	 x14:0x00000009 x15:0x00000001
          10048	      5020	001001fc	03078393	addi	x7,x15,48	 x15:0x00000001  x7=0x00000031
          10050	      5021	00100200	000205b7	lui	x11,0x20	 x11=0x00020000
          10052	      5022	00100204	00451613	slli	x12,x10,0x4	 x10:0x1db47333 x12=0xdb473330
          10056	      5024	00100208	0075a023	sw	x7,0(x11)	 x11:0x00020000  x7:0x00000031 PA:0x00020000 store:0x00000031 load:0x00000000
          10058	      5025	0010020c	01c65693	srli	x13,x12,0x1c	 x12:0xdb473330 x13=0x0000000d
          10060	      5026	00100210	00900813	addi	x16,x0,9	  x0:0x00000000 x16=0x00000009
          10064	      5028	00100214	f2d86ae3	bltu	x16,x13,100148	 x16:0x00000009 x13:0x0000000d
          10068	      5030	00100148	03768893	addi	x17,x13,55	 x13:0x0000000d x17=0x00000044
          10070	      5031	0010014c	00020e37	lui	x28,0x20	 x28=0x00020000
          10072	      5032	00100150	00851f93	slli	x31,x10,0x8	 x10:0x1db47333 x31=0xb4733300
          10076	      5034	00100154	011e2023	sw	x17,0(x28)	 x28:0x00020000 x17:0x00000044 PA:0x00020000 store:0x00000044 load:0x00000000
          10078	      5035	00100158	01cfd793	srli	x15,x31,0x1c	 x31:0xb4733300 x15=0x0000000b
          10080	      5036	0010015c	00900713	addi	x14,x0,9	  x0:0x00000000 x14=0x00000009
          10082	      5037	00100160	0cf77a63	bgeu	x14,x15,100234	 x14:0x00000009 x15:0x0000000b
          10084	      5038	00100164	03778293	addi	x5,x15,55	 x15:0x0000000b  x5=0x00000042
          10086	      5039	00100168	00020337	lui	x6,0x20	  x6=0x00020000
          10088	      5040	0010016c	00c51613	slli	x12,x10,0xc	 x10:0x1db47333 x12=0x47333000
          10092	      5042	00100170	00532023	sw	x5,0(x6)	  x6:0x00020000  x5:0x00000042 PA:0x00020000 store:0x00000042 load:0x00000000
          10094	      5043	00100174	01c65693	srli	x13,x12,0x1c	 x12:0x47333000 x13=0x00000004
          10096	      5044	00100178	00900813	addi	x16,x0,9	  x0:0x00000000 x16=0x00000009
          10100	      5046	0010017c	0cd87a63	bgeu	x16,x13,100250	 x16:0x00000009 x13:0x00000004
          10104	      5048	00100250	03068e93	addi	x29,x13,48	 x13:0x00000004 x29=0x00000034
          10106	      5049	00100254	00020f37	lui	x30,0x20	 x30=0x00020000
          10108	      5050	00100258	01051f93	slli	x31,x10,0x10	 x10:0x1db47333 x31=0x73330000
          10112	      5052	0010025c	01df2023	sw	x29,0(x30)	 x30:0x00020000 x29:0x00000034 PA:0x00020000 store:0x00000034 load:0x00000000
          10114	      5053	00100260	01cfd793	srli	x15,x31,0x1c	 x31:0x73330000 x15=0x00000007
          10116	      5054	00100264	00900713	addi	x14,x0,9	  x0:0x00000000 x14=0x00000009
          10118	      5055	00100268	f2f76ae3	bltu	x14,x15,10019c	 x14:0x00000009 x15:0x00000007
          10120	      5056	0010026c	03078393	addi	x7,x15,48	 x15:0x00000007  x7=0x00000037
          10122	      5057	00100270	000205b7	lui	x11,0x20	 x11=0x00020000
          10124	      5058	00100274	01451613	slli	x12,x10,0x14	 x10:0x1db47333 x12=0x33300000
          10128	      5060	00100278	0075a023	sw	x7,0(x11)	 x11:0x00020000  x7:0x00000037 PA:0x00020000 store:0x00000037 load:0x00000000
          10130	      5061	0010027c	01c65693	srli	x13,x12,0x1c	 x12:0x33300000 x13=0x00000003
          10132	      5062	00100280	00900813	addi	x16,x0,9	  x0:0x00000000 x16=0x00000009
          10134	      5063	00100284	f2d86ae3	bltu	x16,x13,1001b8	 x16:0x00000009 x13:0x00000003
          10136	      5064	00100288	03068e93	addi	x29,x13,48	 x13:0x00000003 x29=0x00000033
          10138	      5065	0010028c	00020f37	lui	x30,0x20	 x30=0x00020000
          10140	      5066	00100290	01851f93	slli	x31,x10,0x18	 x10:0x1db47333 x31=0x33000000
          10144	      5068	00100294	01df2023	sw	x29,0(x30)	 x30:0x00020000 x29:0x00000033 PA:0x00020000 store:0x00000033 load:0x00000000
          10146	      5069	00100298	01cfd793	srli	x15,x31,0x1c	 x31:0x33000000 x15=0x00000003
          10148	      5070	0010029c	00900713	addi	x14,x0,9	  x0:0x00000000 x14=0x00000009
          10150	      5071	001002a0	f2f76ae3	bltu	x14,x15,1001d4	 x14:0x00000009 x15:0x00000003
          10152	      5072	001002a4	03078393	addi	x7,x15,48	 x15:0x00000003  x7=0x00000033
          10154	      5073	001002a8	000205b7	lui	x11,0x20	 x11=0x00020000
          10158	      5075	001002ac	0075a023	sw	x7,0(x11)	 x11:0x00020000  x7:0x00000033 PA:0x00020000 store:0x00000033 load:0x00000000
          10160	      5076	001002b0	00f57513	andi	x10,x10,15	 x10:0x1db47333 x10=0x00000003
          10162	      5077	001002b4	00900613	addi	x12,x0,9	  x0:0x00000000 x12=0x00000009
          10166	      5079	001002b8	f2a67ae3	bgeu	x12,x10,1001ec	 x12:0x00000009 x10:0x00000003
          10170	      5081	001001ec	03050893	addi	x17,x10,48	 x10:0x00000003 x17=0x00000033
          10172	      5082	001001f0	00020e37	lui	x28,0x20	 x28=0x00020000
          10176	      5084	001001f4	011e2023	sw	x17,0(x28)	 x28:0x00020000 x17:0x00000033 PA:0x00020000 store:0x00000033 load:0x00000000
          10186	      5089	001001f8	00008067	jalr	x0,0(x1)	  x1:0x001012bc  x0=0x00000000
          10188	      5090	001012bc	d089a187	flw	f3,-760(x19)	 f19:0x00102000  f3=0x00000000 PA:0x00101d08 store:0x4598f2e4
          10190	      5091	001012c0	d24ba207	flw	f4,-732(x23)	 f23:0x00102000  f4=0x00000000 PA:0x00101d24 store:0x42f67c6a
          10212	      5102	001012c4	a10a8513	addi	x10,x21,-1520	 x21:0x00102000 x10=0x00101a10
          10214	      5103	001012c8	1841f5d3	fdiv.s	f11,f3,f4	  f3:0x00000000  f4:0x00000000 f11=0x00000000
          10216	      5104	001012cc	d0b9a427	fsw	f11,-760(x19)	 f19:0x00102000 f11:0x00020000 PA:0x00101d08 store:0x1a3b6a45 load:0x42f67c6a
          10220	      5106	001012d0	d089a287	flw	f5,-760(x19)	 f19:0x00102000  f5=0x00000000 PA:0x00101d08 store:0x4598f2e4
          10222	      5107	001012d4	e0028f53	fmv.x.w	x30,f5	  f5:0x00000042 x30=0x1a3b6a45
          10224	      5108	001012d8	cfea2c23	sw	x30,-776(x20)	 x20:0x00102000 x30:0x1a3b6a45 PA:0x00101cf8 store:0x1a3b6a45 load:0x1a3b6a45
          10228	      5110	001012dc	dc5fe0ef	jal	x1,1000a0	  x1=0x001012e0
          10232	      5112	001000a0	00054803	lbu	x16,0(x10)	 x10:0x00101a10 x16=0x0000000a PA:0x00101a10 store:0x00000000
          10234	      5113	001000a4	06080663	beq	x16,x0,100110	 x16:0x0000000a  x0:0x00000000
          10236	      5114	001000a8	000207b7	lui	x15,0x20	 x15=0x00020000
          10240	      5116	001000ac	0107a023	sw	x16,0(x15)	 x15:0x00020000 x16:0x0000000a PA:0x00020000 store:0x0000000a load:0x00000000
          10244	      5118	001000b0	00154703	lbu	x14,1(x10)	 x10:0x00101a10 x14=0x00000020 PA:0x00101a11 store:0x001012e0
          10246	      5119	001000b4	04070e63	beq	x14,x0,100110	 x14:0x00000020  x0:0x00000000
          10250	      5121	001000b8	00e7a023	sw	x14,0(x15)	 x15:0x00020000 x14:0x00000020 PA:0x00020000 store:0x00000020 load:0x00000000
          10254	      5123	001000bc	00254283	lbu	x5,2(x10)	 x10:0x00101a10  x5=0x00000069 PA:0x00101a12 store:0x00137fa0
          10256	      5124	001000c0	04028863	beq	x5,x0,100110	  x5:0x00000069  x0:0x00000000
          10260	      5126	001000c4	0057a023	sw	x5,0(x15)	 x15:0x00020000  x5:0x00000069 PA:0x00020000 store:0x00000069 load:0x00000000
          10264	      5128	001000c8	00354303	lbu	x6,3(x10)	 x10:0x00101a10  x6=0x0000003d PA:0x00101a13 store:0x00000000
          10266	      5129	001000cc	04030263	beq	x6,x0,100110	  x6:0x0000003d  x0:0x00000000
          10270	      5131	001000d0	0067a023	sw	x6,0(x15)	 x15:0x00020000  x6:0x0000003d PA:0x00020000 store:0x0000003d load:0x00000000
          10274	      5133	001000d4	00454383	lbu	x7,4(x10)	 x10:0x00101a10  x7=0x00000000 PA:0x00101a14 store:0x00000000
          10278	      5135	001000d8	02038c63	beq	x7,x0,100110	  x7:0x00000000  x0:0x00000000
          10282	      5137	00100110	00000513	addi	x10,x0,0	  x0:0x00000000 x10=0x00000000
          10286	      5139	00100114	00008067	jalr	x0,0(x1)	  x1:0x001012e0  x0=0x00000000
          10288	      5140	001012e0	000d8513	addi	x10,x27,0	 x27:0x0000000b x10=0x0000000b
          10292	      5142	001012e4	e3dfe0ef	jal	x1,100120	  x1=0x001012e8
          10294	      5143	00100120	01c55793	srli	x15,x10,0x1c	 x10:0x0000000b x15=0x00000000
          10296	      5144	00100124	00900713	addi	x14,x0,9	  x0:0x00000000 x14=0x00000009
          10300	      5146	00100128	0cf77a63	bgeu	x14,x15,1001fc	 x14:0x00000009 x15:0x00000000
          10304	      5148	001001fc	03078393	addi	x7,x15,48	 x15:0x00000000  x7=0x00000030
          10306	      5149	00100200	000205b7	lui	x11,0x20	 x11=0x00020000
          10308	      5150	00100204	00451613	slli	x12,x10,0x4	 x10:0x0000000b x12=0x000000b0
          10312	      5152	00100208	0075a023	sw	x7,0(x11)	 x11:0x00020000  x7:0x00000030 PA:0x00020000 store:0x00000030 load:0x00000000
          10314	      5153	0010020c	01c65693	srli	x13,x12,0x1c	 x12:0x000000b0 x13=0x00000000
          10316	      5154	00100210	00900813	addi	x16,x0,9	  x0:0x00000000 x16=0x00000009
          10318	      5155	00100214	f2d86ae3	bltu	x16,x13,100148	 x16:0x00000009 x13:0x00000000
          10320	      5156	00100218	03068e93	addi	x29,x13,48	 x13:0x00000000 x29=0x00000030
          10322	      5157	0010021c	00020f37	lui	x30,0x20	 x30=0x00020000
          10324	      5158	00100220	00851f93	slli	x31,x10,0x8	 x10:0x0000000b x31=0x00000b00
          10328	      5160	00100224	01df2023	sw	x29,0(x30)	 x30:0x00020000 x29:0x00000030 PA:0x00020000 store:0x00000030 load:0x00000000
          10330	      5161	00100228	01cfd793	srli	x15,x31,0x1c	 x31:0x00000b00 x15=0x00000000
          10332	      5162	0010022c	00900713	addi	x14,x0,9	  x0:0x00000000 x14=0x00000009
          10334	      5163	00100230	f2f76ae3	bltu	x14,x15,100164	 x14:0x00000009 x15:0x00000000
          10336	      5164	00100234	03078393	addi	x7,x15,48	 x15:0x00000000  x7=0x00000030
          10338	      5165	00100238	000205b7	lui	x11,0x20	 x11=0x00020000
          10340	      5166	0010023c	00c51613	slli	x12,x10,0xc	 x10:0x0000000b x12=0x0000b000
          10344	      5168	00100240	0075a023	sw	x7,0(x11)	 x11:0x00020000  x7:0x00000030 PA:0x00020000 store:0x00000030 load:0x00000000
          10346	      5169	00100244	01c65693	srli	x13,x12,0x1c	 x12:0x0000b000 x13=0x00000000
          10348	      5170	00100248	00900813	addi	x16,x0,9	  x0:0x00000000 x16=0x00000009
          10350	      5171	0010024c	f2d86ae3	bltu	x16,x13,100180	 x16:0x00000009 x13:0x00000000
          10352	      5172	00100250	03068e93	addi	x29,x13,48	 x13:0x00000000 x29=0x00000030
          10354	      5173	00100254	00020f37	lui	x30,0x20	 x30=0x00020000
          10356	      5174	00100258	01051f93	slli	x31,x10,0x10	 x10:0x0000000b x31=0x000b0000
          10360	      5176	0010025c	01df2023	sw	x29,0(x30)	 x30:0x00020000 x29:0x00000030 PA:0x00020000 store:0x00000030 load:0x00000000
          10362	      5177	00100260	01cfd793	srli	x15,x31,0x1c	 x31:0x000b0000 x15=0x00000000
          10364	      5178	00100264	00900713	addi	x14,x0,9	  x0:0x00000000 x14=0x00000009
          10366	      5179	00100268	f2f76ae3	bltu	x14,x15,10019c	 x14:0x00000009 x15:0x00000000
          10368	      5180	0010026c	03078393	addi	x7,x15,48	 x15:0x00000000  x7=0x00000030
          10370	      5181	00100270	000205b7	lui	x11,0x20	 x11=0x00020000
          10372	      5182	00100274	01451613	slli	x12,x10,0x14	 x10:0x0000000b x12=0x00b00000
          10376	      5184	00100278	0075a023	sw	x7,0(x11)	 x11:0x00020000  x7:0x00000030 PA:0x00020000 store:0x00000030 load:0x00000000
          10378	      5185	0010027c	01c65693	srli	x13,x12,0x1c	 x12:0x00b00000 x13=0x00000000
          10380	      5186	00100280	00900813	addi	x16,x0,9	  x0:0x00000000 x16=0x00000009
          10382	      5187	00100284	f2d86ae3	bltu	x16,x13,1001b8	 x16:0x00000009 x13:0x00000000
          10384	      5188	00100288	03068e93	addi	x29,x13,48	 x13:0x00000000 x29=0x00000030
          10386	      5189	0010028c	00020f37	lui	x30,0x20	 x30=0x00020000
          10388	      5190	00100290	01851f93	slli	x31,x10,0x18	 x10:0x0000000b x31=0x0b000000
          10392	      5192	00100294	01df2023	sw	x29,0(x30)	 x30:0x00020000 x29:0x00000030 PA:0x00020000 store:0x00000030 load:0x00000000
          10394	      5193	00100298	01cfd793	srli	x15,x31,0x1c	 x31:0x0b000000 x15=0x00000000
          10396	      5194	0010029c	00900713	addi	x14,x0,9	  x0:0x00000000 x14=0x00000009
          10398	      5195	001002a0	f2f76ae3	bltu	x14,x15,1001d4	 x14:0x00000009 x15:0x00000000
          10400	      5196	001002a4	03078393	addi	x7,x15,48	 x15:0x00000000  x7=0x00000030
          10402	      5197	001002a8	000205b7	lui	x11,0x20	 x11=0x00020000
          10406	      5199	001002ac	0075a023	sw	x7,0(x11)	 x11:0x00020000  x7:0x00000030 PA:0x00020000 store:0x00000030 load:0x00000000
          10408	      5200	001002b0	00f57513	andi	x10,x10,15	 x10:0x0000000b x10=0x0000000b
          10410	      5201	001002b4	00900613	addi	x12,x0,9	  x0:0x00000000 x12=0x00000009
          10412	      5202	001002b8	f2a67ae3	bgeu	x12,x10,1001ec	 x12:0x00000009 x10:0x0000000b
          10414	      5203	001002bc	03750693	addi	x13,x10,55	 x10:0x0000000b x13=0x00000042
          10416	      5204	001002c0	00020837	lui	x16,0x20	 x16=0x00020000
          10420	      5206	001002c4	00d82023	sw	x13,0(x16)	 x16:0x00020000 x13:0x00000042 PA:0x00020000 store:0x00000042 load:0x00000000
          10424	      5208	001002c8	00008067	jalr	x0,0(x1)	  x1:0x001012e8  x0=0x00000000
          10426	      5209	001012e8	a18b0513	addi	x10,x22,-1512	 x22:0x00102000 x10=0x00101a18
          10430	      5211	001012ec	db5fe0ef	jal	x1,1000a0	  x1=0x001012f0
          10434	      5213	001000a0	00054803	lbu	x16,0(x10)	 x10:0x00101a18 x16=0x00000020 PA:0x00101a18 store:0x00000000
          10436	      5214	001000a4	06080663	beq	x16,x0,100110	 x16:0x00000020  x0:0x00000000
          10438	      5215	001000a8	000207b7	lui	x15,0x20	 x15=0x00020000
          10442	      5217	001000ac	0107a023	sw	x16,0(x15)	 x15:0x00020000 x16:0x00000020 PA:0x00020000 store:0x00000020 load:0x00000000
          10446	      5219	001000b0	00154703	lbu	x14,1(x10)	 x10:0x00101a18 x14=0x00000072 PA:0x00101a19 store:0x001012f0
          10448	      5220	001000b4	04070e63	beq	x14,x0,100110	 x14:0x00000072  x0:0x00000000
          10452	      5222	001000b8	00e7a023	sw	x14,0(x15)	 x15:0x00020000 x14:0x00000072 PA:0x00020000 store:0x00000072 load:0x00000000
          10456	      5224	001000bc	00254283	lbu	x5,2(x10)	 x10:0x00101a18  x5=0x00000065 PA:0x00101a1a store:0x00137fa0
          10458	      5225	001000c0	04028863	beq	x5,x0,100110	  x5:0x00000065  x0:0x00000000
          10462	      5227	001000c4	0057a023	sw	x5,0(x15)	 x15:0x00020000  x5:0x00000065 PA:0x00020000 store:0x00000065 load:0x00000000
          10466	      5229	001000c8	00354303	lbu	x6,3(x10)	 x10:0x00101a18  x6=0x00000073 PA:0x00101a1b store:0x00000000
          10468	      5230	001000cc	04030263	beq	x6,x0,100110	  x6:0x00000073  x0:0x00000000
          10472	      5232	001000d0	0067a023	sw	x6,0(x15)	 x15:0x00020000  x6:0x00000073 PA:0x00020000 store:0x00000073 load:0x00000000
          10476	      5234	001000d4	00454383	lbu	x7,4(x10)	 x10:0x00101a18  x7=0x00000075 PA:0x00101a1c store:0x00000000
          10478	      5235	001000d8	02038c63	beq	x7,x0,100110	  x7:0x00000075  x0:0x00000000
          10482	      5237	001000dc	0077a023	sw	x7,0(x15)	 x15:0x00020000  x7:0x00000075 PA:0x00020000 store:0x00000075 load:0x00000000
          10486	      5239	001000e0	00554583	lbu	x11,5(x10)	 x10:0x00101a18 x11=0x0000006c PA:0x00101a1d store:0x00000065
          10488	      5240	001000e4	02058663	beq	x11,x0,100110	 x11:0x0000006c  x0:0x00000000
          10492	      5242	001000e8	00b7a023	sw	x11,0(x15)	 x15:0x00020000 x11:0x0000006c PA:0x00020000 store:0x0000006c load:0x00000000
          10496	      5244	001000ec	00654603	lbu	x12,6(x10)	 x10:0x00101a18 x12=0x00000074 PA:0x00101a1e store:0x00000073
          10498	      5245	001000f0	02060063	beq	x12,x0,100110	 x12:0x00000074  x0:0x00000000
          10502	      5247	001000f4	00c7a023	sw	x12,0(x15)	 x15:0x00020000 x12:0x00000074 PA:0x00020000 store:0x00000074 load:0x00000000
          10506	      5249	001000f8	00754683	lbu	x13,7(x10)	 x10:0x00101a18 x13=0x0000003a PA:0x00101a1f store:0x00000075
          10508	      5250	001000fc	00850513	addi	x10,x10,8	 x10:0x00101a18 x10=0x00101a20
          10510	      5251	00100100	00068863	beq	x13,x0,100110	 x13:0x0000003a  x0:0x00000000
          10514	      5253	00100104	00d7a023	sw	x13,0(x15)	 x15:0x00020000 x13:0x0000003a PA:0x00020000 store:0x0000003a load:0x00000000
          10518	      5255	00100108	00054803	lbu	x16,0(x10)	 x10:0x00101a20 x16=0x00000020 PA:0x00101a20 store:0x00000000
          10522	      5257	0010010c	fa0810e3	bne	x16,x0,1000ac	 x16:0x00000020  x0:0x00000000
          10528	      5260	001000ac	0107a023	sw	x16,0(x15)	 x15:0x00020000 x16:0x00000020 PA:0x00020000 store:0x00000020 load:0x00000000
          10532	      5262	001000b0	00154703	lbu	x14,1(x10)	 x10:0x00101a20 x14=0x00000000 PA:0x00101a21 store:0x001012f0
          10536	      5264	001000b4	04070e63	beq	x14,x0,100110	 x14:0x00000000  x0:0x00000000
          10540	      5266	00100110	00000513	addi	x10,x0,0	  x0:0x00000000 x10=0x00000000
          10544	      5268	00100114	00008067	jalr	x0,0(x1)	  x1:0x001012f0  x0=0x00000000
          10548	      5270	001012f0	cf8a2503	lw	x10,-776(x20)	 x20:0x00102000 x10=0x1a3b6a45 PA:0x00101cf8 store:0x0000000c
          10552	      5272	001012f4	e2dfe0ef	jal	x1,100120	  x1=0x001012f8
          10554	      5273	00100120	01c55793	srli	x15,x10,0x1c	 x10:0x1a3b6a45 x15=0x00000001
          10556	      5274	00100124	00900713	addi	x14,x0,9	  x0:0x00000000 x14=0x00000009
          10560	      5276	00100128	0cf77a63	bgeu	x14,x15,1001fc	 x14:0x00000009 x15:0x00000001
          10564	      5278	001001fc	03078393	addi	x7,x15,48	 x15:0x00000001  x7=0x00000031
          10566	      5279	00100200	000205b7	lui	x11,0x20	 x11=0x00020000
          10568	      5280	00100204	00451613	slli	x12,x10,0x4	 x10:0x1a3b6a45 x12=0xa3b6a450
          10572	      5282	00100208	0075a023	sw	x7,0(x11)	 x11:0x00020000  x7:0x00000031 PA:0x00020000 store:0x00000031 load:0x00000000
          10574	      5283	0010020c	01c65693	srli	x13,x12,0x1c	 x12:0xa3b6a450 x13=0x0000000a
          10576	      5284	00100210	00900813	addi	x16,x0,9	  x0:0x00000000 x16=0x00000009
          10580	      5286	00100214	f2d86ae3	bltu	x16,x13,100148	 x16:0x00000009 x13:0x0000000a
          10584	      5288	00100148	03768893	addi	x17,x13,55	 x13:0x0000000a x17=0x00000041
          10586	      5289	0010014c	00020e37	lui	x28,0x20	 x28=0x00020000
          10588	      5290	00100150	00851f93	slli	x31,x10,0x8	 x10:0x1a3b6a45 x31=0x3b6a4500
          10592	      5292	00100154	011e2023	sw	x17,0(x28)	 x28:0x00020000 x17:0x00000041 PA:0x00020000 store:0x00000041 load:0x00000000
          10594	      5293	00100158	01cfd793	srli	x15,x31,0x1c	 x31:0x3b6a4500 x15=0x00000003
          10596	      5294	0010015c	00900713	addi	x14,x0,9	  x0:0x00000000 x14=0x00000009
          10600	      5296	00100160	0cf77a63	bgeu	x14,x15,100234	 x14:0x00000009 x15:0x00000003
          10604	      5298	00100234	03078393	addi	x7,x15,48	 x15:0x00000003  x7=0x00000033
          10606	      5299	00100238	000205b7	lui	x11,0x20	 x11=0x00020000
          10608	      5300	0010023c	00c51613	slli	x12,x10,0xc	 x10:0x1a3b6a45 x12=0xb6a45000
          10612	      5302	00100240	0075a023	sw	x7,0(x11)	 x11:0x00020000  x7:0x00000033 PA:0x00020000 store:0x00000033 load:0x00000000
          10614	      5303	00100244	01c65693	srli	x13,x12,0x1c	 x12:0xb6a45000 x13=0x0000000b
          10616	      5304	00100248	00900813	addi	x16,x0,9	  x0:0x00000000 x16=0x00000009
          10620	      5306	0010024c	f2d86ae3	bltu	x16,x13,100180	 x16:0x00000009 x13:0x0000000b
          10624	      5308	00100180	03768893	addi	x17,x13,55	 x13:0x0000000b x17=0x00000042
          10626	      5309	00100184	00020e37	lui	x28,0x20	 x28=0x00020000
          10628	      5310	00100188	01051f93	slli	x31,x10,0x10	 x10:0x1a3b6a45 x31=0x6a450000
          10632	      5312	0010018c	011e2023	sw	x17,0(x28)	 x28:0x00020000 x17:0x00000042 PA:0x00020000 store:0x00000042 load:0x00000000
          10634	      5313	00100190	01cfd793	srli	x15,x31,0x1c	 x31:0x6a450000 x15=0x00000006
          10636	      5314	00100194	00900713	addi	x14,x0,9	  x0:0x00000000 x14=0x00000009
          10640	      5316	00100198	0cf77a63	bgeu	x14,x15,10026c	 x14:0x00000009 x15:0x00000006
          10644	      5318	0010026c	03078393	addi	x7,x15,48	 x15:0x00000006  x7=0x00000036
          10646	      5319	00100270	000205b7	lui	x11,0x20	 x11=0x00020000
          10648	      5320	00100274	01451613	slli	x12,x10,0x14	 x10:0x1a3b6a45 x12=0xa4500000
          10652	      5322	00100278	0075a023	sw	x7,0(x11)	 x11:0x00020000  x7:0x00000036 PA:0x00020000 store:0x00000036 load:0x00000000
          10654	      5323	0010027c	01c65693	srli	x13,x12,0x1c	 x12:0xa4500000 x13=0x0000000a
          10656	      5324	00100280	00900813	addi	x16,x0,9	  x0:0x00000000 x16=0x00000009
          10660	      5326	00100284	f2d86ae3	bltu	x16,x13,1001b8	 x16:0x00000009 x13:0x0000000a
          10664	      5328	001001b8	03768893	addi	x17,x13,55	 x13:0x0000000a x17=0x00000041
          10666	      5329	001001bc	00020e37	lui	x28,0x20	 x28=0x00020000
          10668	      5330	001001c0	01851f93	slli	x31,x10,0x18	 x10:0x1a3b6a45 x31=0x45000000
          10672	      5332	001001c4	011e2023	sw	x17,0(x28)	 x28:0x00020000 x17:0x00000041 PA:0x00020000 store:0x00000041 load:0x00000000
          10674	      5333	001001c8	01cfd793	srli	x15,x31,0x1c	 x31:0x45000000 x15=0x00000004
          10676	      5334	001001cc	00900713	addi	x14,x0,9	  x0:0x00000000 x14=0x00000009
          10680	      5336	001001d0	0cf77a63	bgeu	x14,x15,1002a4	 x14:0x00000009 x15:0x00000004
          10684	      5338	001002a4	03078393	addi	x7,x15,48	 x15:0x00000004  x7=0x00000034
          10686	      5339	001002a8	000205b7	lui	x11,0x20	 x11=0x00020000
          10690	      5341	001002ac	0075a023	sw	x7,0(x11)	 x11:0x00020000  x7:0x00000034 PA:0x00020000 store:0x00000034 load:0x00000000
          10692	      5342	001002b0	00f57513	andi	x10,x10,15	 x10:0x1a3b6a45 x10=0x00000005
          10694	      5343	001002b4	00900613	addi	x12,x0,9	  x0:0x00000000 x12=0x00000009
          10698	      5345	001002b8	f2a67ae3	bgeu	x12,x10,1001ec	 x12:0x00000009 x10:0x00000005
          10702	      5347	001001ec	03050893	addi	x17,x10,48	 x10:0x00000005 x17=0x00000035
          10704	      5348	001001f0	00020e37	lui	x28,0x20	 x28=0x00020000
          10708	      5350	001001f4	011e2023	sw	x17,0(x28)	 x28:0x00020000 x17:0x00000035 PA:0x00020000 store:0x00000035 load:0x00000000
          10712	      5352	001001f8	00008067	jalr	x0,0(x1)	  x1:0x001012f8  x0=0x00000000
          10716	      5354	001012f8	f1ac10e3	bne	x24,x26,1011f8	 x24:0x0000000c x26:0x00000014
          10724	      5358	001011f8	d089a987	flw	f19,-760(x19)	 f19:0x00102000 f19=0x00000000 PA:0x00101d08 store:0x4598f2e4
          10726	      5359	001011fc	d24baa07	flw	f20,-732(x23)	 f23:0x00102000 f20=0x00000000 PA:0x00101d24 store:0x42f67c6a
          10750	      5371	00101200	a10a8513	addi	x10,x21,-1520	 x21:0x00102000 x10=0x00101a10
          10752	      5372	00101204	1949fad3	fdiv.s	f21,f19,f20	 f19:0x00102000 f20:0x00102000 f21=0x00000000
          10754	      5373	00101208	d159a427	fsw	f21,-760(x19)	 f19:0x00102000 f21:0x00102000 PA:0x00101d08 store:0x16c2a62a load:0x42f67c6a
          10758	      5375	0010120c	d089ae07	flw	f28,-760(x19)	 f19:0x00102000 f28=0x00000000 PA:0x00101d08 store:0x4598f2e4
          10760	      5376	00101210	e00e0dd3	fmv.x.w	x27,f28	 f28:0x00020000 x27=0x16c2a62a
          10762	      5377	00101214	cfba2c23	sw	x27,-776(x20)	 x20:0x00102000 x27:0x16c2a62a PA:0x00101cf8 store:0x16c2a62a load:0x16c2a62a
          10766	      5379	00101218	e89fe0ef	jal	x1,1000a0	  x1=0x0010121c
          10770	      5381	001000a0	00054803	lbu	x16,0(x10)	 x10:0x00101a10 x16=0x0000000a PA:0x00101a10 store:0x00000000
          10772	      5382	001000a4	06080663	beq	x16,x0,100110	 x16:0x0000000a  x0:0x00000000
          10774	      5383	001000a8	000207b7	lui	x15,0x20	 x15=0x00020000
          10778	      5385	001000ac	0107a023	sw	x16,0(x15)	 x15:0x00020000 x16:0x0000000a PA:0x00020000 store:0x0000000a load:0x00000000
          10782	      5387	001000b0	00154703	lbu	x14,1(x10)	 x10:0x00101a10 x14=0x00000020 PA:0x00101a11 store:0x0010121c
          10784	      5388	001000b4	04070e63	beq	x14,x0,100110	 x14:0x00000020  x0:0x00000000
          10788	      5390	001000b8	00e7a023	sw	x14,0(x15)	 x15:0x00020000 x14:0x00000020 PA:0x00020000 store:0x00000020 load:0x00000000
          10792	      5392	001000bc	00254283	lbu	x5,2(x10)	 x10:0x00101a10  x5=0x00000069 PA:0x00101a12 store:0x00137fa0
          10794	      5393	001000c0	04028863	beq	x5,x0,100110	  x5:0x00000069  x0:0x00000000
          10798	      5395	001000c4	0057a023	sw	x5,0(x15)	 x15:0x00020000  x5:0x00000069 PA:0x00020000 store:0x00000069 load:0x00000000
          10802	      5397	001000c8	00354303	lbu	x6,3(x10)	 x10:0x00101a10  x6=0x0000003d PA:0x00101a13 store:0x00000000
          10804	      5398	001000cc	04030263	beq	x6,x0,100110	  x6:0x0000003d  x0:0x00000000
          10808	      5400	001000d0	0067a023	sw	x6,0(x15)	 x15:0x00020000  x6:0x0000003d PA:0x00020000 store:0x0000003d load:0x00000000
          10812	      5402	001000d4	00454383	lbu	x7,4(x10)	 x10:0x00101a10  x7=0x00000000 PA:0x00101a14 store:0x00000000
          10816	      5404	001000d8	02038c63	beq	x7,x0,100110	  x7:0x00000000  x0:0x00000000
          10820	      5406	00100110	00000513	addi	x10,x0,0	  x0:0x00000000 x10=0x00000000
          10824	      5408	00100114	00008067	jalr	x0,0(x1)	  x1:0x0010121c  x0=0x00000000
          10826	      5409	0010121c	000c0513	addi	x10,x24,0	 x24:0x0000000c x10=0x0000000c
          10830	      5411	00101220	f01fe0ef	jal	x1,100120	  x1=0x00101224
          10832	      5412	00100120	01c55793	srli	x15,x10,0x1c	 x10:0x0000000c x15=0x00000000
          10834	      5413	00100124	00900713	addi	x14,x0,9	  x0:0x00000000 x14=0x00000009
          10838	      5415	00100128	0cf77a63	bgeu	x14,x15,1001fc	 x14:0x00000009 x15:0x00000000
          10842	      5417	001001fc	03078393	addi	x7,x15,48	 x15:0x00000000  x7=0x00000030
          10844	      5418	00100200	000205b7	lui	x11,0x20	 x11=0x00020000
          10846	      5419	00100204	00451613	slli	x12,x10,0x4	 x10:0x0000000c x12=0x000000c0
          10850	      5421	00100208	0075a023	sw	x7,0(x11)	 x11:0x00020000  x7:0x00000030 PA:0x00020000 store:0x00000030 load:0x00000000
          10852	      5422	0010020c	01c65693	srli	x13,x12,0x1c	 x12:0x000000c0 x13=0x00000000
          10854	      5423	00100210	00900813	addi	x16,x0,9	  x0:0x00000000 x16=0x00000009
          10856	      5424	00100214	f2d86ae3	bltu	x16,x13,100148	 x16:0x00000009 x13:0x00000000
          10858	      5425	00100218	03068e93	addi	x29,x13,48	 x13:0x00000000 x29=0x00000030
          10860	      5426	0010021c	00020f37	lui	x30,0x20	 x30=0x00020000
          10862	      5427	00100220	00851f93	slli	x31,x10,0x8	 x10:0x0000000c x31=0x00000c00
          10866	      5429	00100224	01df2023	sw	x29,0(x30)	 x30:0x00020000 x29:0x00000030 PA:0x00020000 store:0x00000030 load:0x00000000
          10868	      5430	00100228	01cfd793	srli	x15,x31,0x1c	 x31:0x00000c00 x15=0x00000000
          10870	      5431	0010022c	00900713	addi	x14,x0,9	  x0:0x00000000 x14=0x00000009
          10872	      5432	00100230	f2f76ae3	bltu	x14,x15,100164	 x14:0x00000009 x15:0x00000000
          10874	      5433	00100234	03078393	addi	x7,x15,48	 x15:0x00000000  x7=0x00000030
          10876	      5434	00100238	000205b7	lui	x11,0x20	 x11=0x00020000
          10878	      5435	0010023c	00c51613	slli	x12,x10,0xc	 x10:0x0000000c x12=0x0000c000
          10882	      5437	00100240	0075a023	sw	x7,0(x11)	 x11:0x00020000  x7:0x00000030 PA:0x00020000 store:0x00000030 load:0x00000000
          10884	      5438	00100244	01c65693	srli	x13,x12,0x1c	 x12:0x0000c000 x13=0x00000000
          10886	      5439	00100248	00900813	addi	x16,x0,9	  x0:0x00000000 x16=0x00000009
          10888	      5440	0010024c	f2d86ae3	bltu	x16,x13,100180	 x16:0x00000009 x13:0x00000000
          10890	      5441	00100250	03068e93	addi	x29,x13,48	 x13:0x00000000 x29=0x00000030
          10892	      5442	00100254	00020f37	lui	x30,0x20	 x30=0x00020000
          10894	      5443	00100258	01051f93	slli	x31,x10,0x10	 x10:0x0000000c x31=0x000c0000
          10898	      5445	0010025c	01df2023	sw	x29,0(x30)	 x30:0x00020000 x29:0x00000030 PA:0x00020000 store:0x00000030 load:0x00000000
          10900	      5446	00100260	01cfd793	srli	x15,x31,0x1c	 x31:0x000c0000 x15=0x00000000
          10902	      5447	00100264	00900713	addi	x14,x0,9	  x0:0x00000000 x14=0x00000009
          10904	      5448	00100268	f2f76ae3	bltu	x14,x15,10019c	 x14:0x00000009 x15:0x00000000
          10906	      5449	0010026c	03078393	addi	x7,x15,48	 x15:0x00000000  x7=0x00000030
          10908	      5450	00100270	000205b7	lui	x11,0x20	 x11=0x00020000
          10910	      5451	00100274	01451613	slli	x12,x10,0x14	 x10:0x0000000c x12=0x00c00000
          10914	      5453	00100278	0075a023	sw	x7,0(x11)	 x11:0x00020000  x7:0x00000030 PA:0x00020000 store:0x00000030 load:0x00000000
          10916	      5454	0010027c	01c65693	srli	x13,x12,0x1c	 x12:0x00c00000 x13=0x00000000
          10918	      5455	00100280	00900813	addi	x16,x0,9	  x0:0x00000000 x16=0x00000009
          10920	      5456	00100284	f2d86ae3	bltu	x16,x13,1001b8	 x16:0x00000009 x13:0x00000000
          10922	      5457	00100288	03068e93	addi	x29,x13,48	 x13:0x00000000 x29=0x00000030
          10924	      5458	0010028c	00020f37	lui	x30,0x20	 x30=0x00020000
          10926	      5459	00100290	01851f93	slli	x31,x10,0x18	 x10:0x0000000c x31=0x0c000000
          10930	      5461	00100294	01df2023	sw	x29,0(x30)	 x30:0x00020000 x29:0x00000030 PA:0x00020000 store:0x00000030 load:0x00000000
          10932	      5462	00100298	01cfd793	srli	x15,x31,0x1c	 x31:0x0c000000 x15=0x00000000
          10934	      5463	0010029c	00900713	addi	x14,x0,9	  x0:0x00000000 x14=0x00000009
          10936	      5464	001002a0	f2f76ae3	bltu	x14,x15,1001d4	 x14:0x00000009 x15:0x00000000
          10938	      5465	001002a4	03078393	addi	x7,x15,48	 x15:0x00000000  x7=0x00000030
          10940	      5466	001002a8	000205b7	lui	x11,0x20	 x11=0x00020000
          10944	      5468	001002ac	0075a023	sw	x7,0(x11)	 x11:0x00020000  x7:0x00000030 PA:0x00020000 store:0x00000030 load:0x00000000
          10946	      5469	001002b0	00f57513	andi	x10,x10,15	 x10:0x0000000c x10=0x0000000c
          10948	      5470	001002b4	00900613	addi	x12,x0,9	  x0:0x00000000 x12=0x00000009
          10950	      5471	001002b8	f2a67ae3	bgeu	x12,x10,1001ec	 x12:0x00000009 x10:0x0000000c
          10952	      5472	001002bc	03750693	addi	x13,x10,55	 x10:0x0000000c x13=0x00000043
          10954	      5473	001002c0	00020837	lui	x16,0x20	 x16=0x00020000
          10958	      5475	001002c4	00d82023	sw	x13,0(x16)	 x16:0x00020000 x13:0x00000043 PA:0x00020000 store:0x00000043 load:0x00000000
          10962	      5477	001002c8	00008067	jalr	x0,0(x1)	  x1:0x00101224  x0=0x00000000
          10964	      5478	00101224	a18b0513	addi	x10,x22,-1512	 x22:0x00102000 x10=0x00101a18
          10968	      5480	00101228	e79fe0ef	jal	x1,1000a0	  x1=0x0010122c
          10972	      5482	001000a0	00054803	lbu	x16,0(x10)	 x10:0x00101a18 x16=0x00000020 PA:0x00101a18 store:0x00000000
          10974	      5483	001000a4	06080663	beq	x16,x0,100110	 x16:0x00000020  x0:0x00000000
          10976	      5484	001000a8	000207b7	lui	x15,0x20	 x15=0x00020000
          10980	      5486	001000ac	0107a023	sw	x16,0(x15)	 x15:0x00020000 x16:0x00000020 PA:0x00020000 store:0x00000020 load:0x00000000
          10984	      5488	001000b0	00154703	lbu	x14,1(x10)	 x10:0x00101a18 x14=0x00000072 PA:0x00101a19 store:0x0010122c
          10986	      5489	001000b4	04070e63	beq	x14,x0,100110	 x14:0x00000072  x0:0x00000000
          10990	      5491	001000b8	00e7a023	sw	x14,0(x15)	 x15:0x00020000 x14:0x00000072 PA:0x00020000 store:0x00000072 load:0x00000000
          10994	      5493	001000bc	00254283	lbu	x5,2(x10)	 x10:0x00101a18  x5=0x00000065 PA:0x00101a1a store:0x00137fa0
          10996	      5494	001000c0	04028863	beq	x5,x0,100110	  x5:0x00000065  x0:0x00000000
          11000	      5496	001000c4	0057a023	sw	x5,0(x15)	 x15:0x00020000  x5:0x00000065 PA:0x00020000 store:0x00000065 load:0x00000000
          11004	      5498	001000c8	00354303	lbu	x6,3(x10)	 x10:0x00101a18  x6=0x00000073 PA:0x00101a1b store:0x00000000
          11006	      5499	001000cc	04030263	beq	x6,x0,100110	  x6:0x00000073  x0:0x00000000
          11010	      5501	001000d0	0067a023	sw	x6,0(x15)	 x15:0x00020000  x6:0x00000073 PA:0x00020000 store:0x00000073 load:0x00000000
          11014	      5503	001000d4	00454383	lbu	x7,4(x10)	 x10:0x00101a18  x7=0x00000075 PA:0x00101a1c store:0x00000000
          11016	      5504	001000d8	02038c63	beq	x7,x0,100110	  x7:0x00000075  x0:0x00000000
          11020	      5506	001000dc	0077a023	sw	x7,0(x15)	 x15:0x00020000  x7:0x00000075 PA:0x00020000 store:0x00000075 load:0x00000000
          11024	      5508	001000e0	00554583	lbu	x11,5(x10)	 x10:0x00101a18 x11=0x0000006c PA:0x00101a1d store:0x00000065
          11026	      5509	001000e4	02058663	beq	x11,x0,100110	 x11:0x0000006c  x0:0x00000000
          11030	      5511	001000e8	00b7a023	sw	x11,0(x15)	 x15:0x00020000 x11:0x0000006c PA:0x00020000 store:0x0000006c load:0x00000000
          11034	      5513	001000ec	00654603	lbu	x12,6(x10)	 x10:0x00101a18 x12=0x00000074 PA:0x00101a1e store:0x00000073
          11036	      5514	001000f0	02060063	beq	x12,x0,100110	 x12:0x00000074  x0:0x00000000
          11040	      5516	001000f4	00c7a023	sw	x12,0(x15)	 x15:0x00020000 x12:0x00000074 PA:0x00020000 store:0x00000074 load:0x00000000
          11044	      5518	001000f8	00754683	lbu	x13,7(x10)	 x10:0x00101a18 x13=0x0000003a PA:0x00101a1f store:0x00000075
          11046	      5519	001000fc	00850513	addi	x10,x10,8	 x10:0x00101a18 x10=0x00101a20
          11048	      5520	00100100	00068863	beq	x13,x0,100110	 x13:0x0000003a  x0:0x00000000
          11052	      5522	00100104	00d7a023	sw	x13,0(x15)	 x15:0x00020000 x13:0x0000003a PA:0x00020000 store:0x0000003a load:0x00000000
          11056	      5524	00100108	00054803	lbu	x16,0(x10)	 x10:0x00101a20 x16=0x00000020 PA:0x00101a20 store:0x00000000
          11060	      5526	0010010c	fa0810e3	bne	x16,x0,1000ac	 x16:0x00000020  x0:0x00000000
          11066	      5529	001000ac	0107a023	sw	x16,0(x15)	 x15:0x00020000 x16:0x00000020 PA:0x00020000 store:0x00000020 load:0x00000000
          11070	      5531	001000b0	00154703	lbu	x14,1(x10)	 x10:0x00101a20 x14=0x00000000 PA:0x00101a21 store:0x0010122c
          11074	      5533	001000b4	04070e63	beq	x14,x0,100110	 x14:0x00000000  x0:0x00000000
          11078	      5535	00100110	00000513	addi	x10,x0,0	  x0:0x00000000 x10=0x00000000
          11082	      5537	00100114	00008067	jalr	x0,0(x1)	  x1:0x0010122c  x0=0x00000000
          11086	      5539	0010122c	cf8a2503	lw	x10,-776(x20)	 x20:0x00102000 x10=0x16c2a62a PA:0x00101cf8 store:0x0000000c
          11088	      5540	00101230	001c0d93	addi	x27,x24,1	 x24:0x0000000c x27=0x0000000d
          11092	      5542	00101234	eedfe0ef	jal	x1,100120	  x1=0x00101238
          11094	      5543	00100120	01c55793	srli	x15,x10,0x1c	 x10:0x16c2a62a x15=0x00000001
          11096	      5544	00100124	00900713	addi	x14,x0,9	  x0:0x00000000 x14=0x00000009
          11100	      5546	00100128	0cf77a63	bgeu	x14,x15,1001fc	 x14:0x00000009 x15:0x00000001
          11104	      5548	001001fc	03078393	addi	x7,x15,48	 x15:0x00000001  x7=0x00000031
          11106	      5549	00100200	000205b7	lui	x11,0x20	 x11=0x00020000
          11108	      5550	00100204	00451613	slli	x12,x10,0x4	 x10:0x16c2a62a x12=0x6c2a62a0
          11112	      5552	00100208	0075a023	sw	x7,0(x11)	 x11:0x00020000  x7:0x00000031 PA:0x00020000 store:0x00000031 load:0x00000000
          11114	      5553	0010020c	01c65693	srli	x13,x12,0x1c	 x12:0x6c2a62a0 x13=0x00000006
          11116	      5554	00100210	00900813	addi	x16,x0,9	  x0:0x00000000 x16=0x00000009
          11118	      5555	00100214	f2d86ae3	bltu	x16,x13,100148	 x16:0x00000009 x13:0x00000006
          11120	      5556	00100218	03068e93	addi	x29,x13,48	 x13:0x00000006 x29=0x00000036
          11122	      5557	0010021c	00020f37	lui	x30,0x20	 x30=0x00020000
          11124	      5558	00100220	00851f93	slli	x31,x10,0x8	 x10:0x16c2a62a x31=0xc2a62a00
          11128	      5560	00100224	01df2023	sw	x29,0(x30)	 x30:0x00020000 x29:0x00000036 PA:0x00020000 store:0x00000036 load:0x00000000
          11130	      5561	00100228	01cfd793	srli	x15,x31,0x1c	 x31:0xc2a62a00 x15=0x0000000c
          11132	      5562	0010022c	00900713	addi	x14,x0,9	  x0:0x00000000 x14=0x00000009
          11136	      5564	00100230	f2f76ae3	bltu	x14,x15,100164	 x14:0x00000009 x15:0x0000000c
          11140	      5566	00100164	03778293	addi	x5,x15,55	 x15:0x0000000c  x5=0x00000043
          11142	      5567	00100168	00020337	lui	x6,0x20	  x6=0x00020000
          11144	      5568	0010016c	00c51613	slli	x12,x10,0xc	 x10:0x16c2a62a x12=0x2a62a000
          11148	      5570	00100170	00532023	sw	x5,0(x6)	  x6:0x00020000  x5:0x00000043 PA:0x00020000 store:0x00000043 load:0x00000000
          11150	      5571	00100174	01c65693	srli	x13,x12,0x1c	 x12:0x2a62a000 x13=0x00000002
          11152	      5572	00100178	00900813	addi	x16,x0,9	  x0:0x00000000 x16=0x00000009
          11156	      5574	0010017c	0cd87a63	bgeu	x16,x13,100250	 x16:0x00000009 x13:0x00000002
          11160	      5576	00100250	03068e93	addi	x29,x13,48	 x13:0x00000002 x29=0x00000032
          11162	      5577	00100254	00020f37	lui	x30,0x20	 x30=0x00020000
          11164	      5578	00100258	01051f93	slli	x31,x10,0x10	 x10:0x16c2a62a x31=0xa62a0000
          11168	      5580	0010025c	01df2023	sw	x29,0(x30)	 x30:0x00020000 x29:0x00000032 PA:0x00020000 store:0x00000032 load:0x00000000
          11170	      5581	00100260	01cfd793	srli	x15,x31,0x1c	 x31:0xa62a0000 x15=0x0000000a
          11172	      5582	00100264	00900713	addi	x14,x0,9	  x0:0x00000000 x14=0x00000009
          11176	      5584	00100268	f2f76ae3	bltu	x14,x15,10019c	 x14:0x00000009 x15:0x0000000a
          11180	      5586	0010019c	03778293	addi	x5,x15,55	 x15:0x0000000a  x5=0x00000041
          11182	      5587	001001a0	00020337	lui	x6,0x20	  x6=0x00020000
          11184	      5588	001001a4	01451613	slli	x12,x10,0x14	 x10:0x16c2a62a x12=0x62a00000
          11188	      5590	001001a8	00532023	sw	x5,0(x6)	  x6:0x00020000  x5:0x00000041 PA:0x00020000 store:0x00000041 load:0x00000000
          11190	      5591	001001ac	01c65693	srli	x13,x12,0x1c	 x12:0x62a00000 x13=0x00000006
          11192	      5592	001001b0	00900813	addi	x16,x0,9	  x0:0x00000000 x16=0x00000009
          11196	      5594	001001b4	0cd87a63	bgeu	x16,x13,100288	 x16:0x00000009 x13:0x00000006
          11200	      5596	00100288	03068e93	addi	x29,x13,48	 x13:0x00000006 x29=0x00000036
          11202	      5597	0010028c	00020f37	lui	x30,0x20	 x30=0x00020000
          11204	      5598	00100290	01851f93	slli	x31,x10,0x18	 x10:0x16c2a62a x31=0x2a000000
          11208	      5600	00100294	01df2023	sw	x29,0(x30)	 x30:0x00020000 x29:0x00000036 PA:0x00020000 store:0x00000036 load:0x00000000
          11210	      5601	00100298	01cfd793	srli	x15,x31,0x1c	 x31:0x2a000000 x15=0x00000002
          11212	      5602	0010029c	00900713	addi	x14,x0,9	  x0:0x00000000 x14=0x00000009
          11214	      5603	001002a0	f2f76ae3	bltu	x14,x15,1001d4	 x14:0x00000009 x15:0x00000002
          11216	      5604	001002a4	03078393	addi	x7,x15,48	 x15:0x00000002  x7=0x00000032
          11218	      5605	001002a8	000205b7	lui	x11,0x20	 x11=0x00020000
          11222	      5607	001002ac	0075a023	sw	x7,0(x11)	 x11:0x00020000  x7:0x00000032 PA:0x00020000 store:0x00000032 load:0x00000000
          11224	      5608	001002b0	00f57513	andi	x10,x10,15	 x10:0x16c2a62a x10=0x0000000a
          11226	      5609	001002b4	00900613	addi	x12,x0,9	  x0:0x00000000 x12=0x00000009
          11228	      5610	001002b8	f2a67ae3	bgeu	x12,x10,1001ec	 x12:0x00000009 x10:0x0000000a
          11230	      5611	001002bc	03750693	addi	x13,x10,55	 x10:0x0000000a x13=0x00000041
          11232	      5612	001002c0	00020837	lui	x16,0x20	 x16=0x00020000
          11236	      5614	001002c4	00d82023	sw	x13,0(x16)	 x16:0x00020000 x13:0x00000041 PA:0x00020000 store:0x00000041 load:0x00000000
          11246	      5619	001002c8	00008067	jalr	x0,0(x1)	  x1:0x00101238  x0=0x00000000
          11248	      5620	00101238	d089ae87	flw	f29,-760(x19)	 f19:0x00102000 f29=0x00000000 PA:0x00101d08 store:0x4598f2e4
          11250	      5621	0010123c	d24baf07	flw	f30,-732(x23)	 f23:0x00102000 f30=0x00000000 PA:0x00101d24 store:0x42f67c6a
          11272	      5632	00101240	a10a8513	addi	x10,x21,-1520	 x21:0x00102000 x10=0x00101a10
          11274	      5633	00101244	19eeffd3	fdiv.s	f31,f29,f30	 f29:0x00000036 f30:0x00020000 f31=0x00000000
          11276	      5634	00101248	d1f9a427	fsw	f31,-760(x19)	 f19:0x00102000 f31:0x2a000000 PA:0x00101d08 store:0x134a298a load:0x42f67c6a
          11280	      5636	0010124c	d089a007	flw	f0,-760(x19)	 f19:0x00102000  f0=0x00000000 PA:0x00101d08 store:0x4598f2e4
          11282	      5637	00101250	e0000e53	fmv.x.w	x28,f0	  f0:0x00000000 x28=0x134a298a
          11284	      5638	00101254	cfca2c23	sw	x28,-776(x20)	 x20:0x00102000 x28:0x134a298a PA:0x00101cf8 store:0x134a298a load:0x134a298a
          11288	      5640	00101258	e49fe0ef	jal	x1,1000a0	  x1=0x0010125c
          11292	      5642	001000a0	00054803	lbu	x16,0(x10)	 x10:0x00101a10 x16=0x0000000a PA:0x00101a10 store:0x00000000
          11294	      5643	001000a4	06080663	beq	x16,x0,100110	 x16:0x0000000a  x0:0x00000000
          11296	      5644	001000a8	000207b7	lui	x15,0x20	 x15=0x00020000
          11300	      5646	001000ac	0107a023	sw	x16,0(x15)	 x15:0x00020000 x16:0x0000000a PA:0x00020000 store:0x0000000a load:0x00000000
          11304	      5648	001000b0	00154703	lbu	x14,1(x10)	 x10:0x00101a10 x14=0x00000020 PA:0x00101a11 store:0x0010125c
          11306	      5649	001000b4	04070e63	beq	x14,x0,100110	 x14:0x00000020  x0:0x00000000
          11310	      5651	001000b8	00e7a023	sw	x14,0(x15)	 x15:0x00020000 x14:0x00000020 PA:0x00020000 store:0x00000020 load:0x00000000
          11314	      5653	001000bc	00254283	lbu	x5,2(x10)	 x10:0x00101a10  x5=0x00000069 PA:0x00101a12 store:0x00137fa0
          11316	      5654	001000c0	04028863	beq	x5,x0,100110	  x5:0x00000069  x0:0x00000000
          11320	      5656	001000c4	0057a023	sw	x5,0(x15)	 x15:0x00020000  x5:0x00000069 PA:0x00020000 store:0x00000069 load:0x00000000
          11324	      5658	001000c8	00354303	lbu	x6,3(x10)	 x10:0x00101a10  x6=0x0000003d PA:0x00101a13 store:0x00000000
          11326	      5659	001000cc	04030263	beq	x6,x0,100110	  x6:0x0000003d  x0:0x00000000
          11330	      5661	001000d0	0067a023	sw	x6,0(x15)	 x15:0x00020000  x6:0x0000003d PA:0x00020000 store:0x0000003d load:0x00000000
          11334	      5663	001000d4	00454383	lbu	x7,4(x10)	 x10:0x00101a10  x7=0x00000000 PA:0x00101a14 store:0x00000000
          11338	      5665	001000d8	02038c63	beq	x7,x0,100110	  x7:0x00000000  x0:0x00000000
          11342	      5667	00100110	00000513	addi	x10,x0,0	  x0:0x00000000 x10=0x00000000
          11346	      5669	00100114	00008067	jalr	x0,0(x1)	  x1:0x0010125c  x0=0x00000000
          11348	      5670	0010125c	000d8513	addi	x10,x27,0	 x27:0x0000000d x10=0x0000000d
          11352	      5672	00101260	ec1fe0ef	jal	x1,100120	  x1=0x00101264
          11354	      5673	00100120	01c55793	srli	x15,x10,0x1c	 x10:0x0000000d x15=0x00000000
          11356	      5674	00100124	00900713	addi	x14,x0,9	  x0:0x00000000 x14=0x00000009
          11360	      5676	00100128	0cf77a63	bgeu	x14,x15,1001fc	 x14:0x00000009 x15:0x00000000
          11364	      5678	001001fc	03078393	addi	x7,x15,48	 x15:0x00000000  x7=0x00000030
          11366	      5679	00100200	000205b7	lui	x11,0x20	 x11=0x00020000
          11368	      5680	00100204	00451613	slli	x12,x10,0x4	 x10:0x0000000d x12=0x000000d0
          11372	      5682	00100208	0075a023	sw	x7,0(x11)	 x11:0x00020000  x7:0x00000030 PA:0x00020000 store:0x00000030 load:0x00000000
          11374	      5683	0010020c	01c65693	srli	x13,x12,0x1c	 x12:0x000000d0 x13=0x00000000
          11376	      5684	00100210	00900813	addi	x16,x0,9	  x0:0x00000000 x16=0x00000009
          11378	      5685	00100214	f2d86ae3	bltu	x16,x13,100148	 x16:0x00000009 x13:0x00000000
          11380	      5686	00100218	03068e93	addi	x29,x13,48	 x13:0x00000000 x29=0x00000030
          11382	      5687	0010021c	00020f37	lui	x30,0x20	 x30=0x00020000
          11384	      5688	00100220	00851f93	slli	x31,x10,0x8	 x10:0x0000000d x31=0x00000d00
          11388	      5690	00100224	01df2023	sw	x29,0(x30)	 x30:0x00020000 x29:0x00000030 PA:0x00020000 store:0x00000030 load:0x00000000
          11390	      5691	00100228	01cfd793	srli	x15,x31,0x1c	 x31:0x00000d00 x15=0x00000000
          11392	      5692	0010022c	00900713	addi	x14,x0,9	  x0:0x00000000 x14=0x00000009
          11394	      5693	00100230	f2f76ae3	bltu	x14,x15,100164	 x14:0x00000009 x15:0x00000000
          11396	      5694	00100234	03078393	addi	x7,x15,48	 x15:0x00000000  x7=0x00000030
          11398	      5695	00100238	000205b7	lui	x11,0x20	 x11=0x00020000
          11400	      5696	0010023c	00c51613	slli	x12,x10,0xc	 x10:0x0000000d x12=0x0000d000
          11404	      5698	00100240	0075a023	sw	x7,0(x11)	 x11:0x00020000  x7:0x00000030 PA:0x00020000 store:0x00000030 load:0x00000000
          11406	      5699	00100244	01c65693	srli	x13,x12,0x1c	 x12:0x0000d000 x13=0x00000000
          11408	      5700	00100248	00900813	addi	x16,x0,9	  x0:0x00000000 x16=0x00000009
          11410	      5701	0010024c	f2d86ae3	bltu	x16,x13,100180	 x16:0x00000009 x13:0x00000000
          11412	      5702	00100250	03068e93	addi	x29,x13,48	 x13:0x00000000 x29=0x00000030
          11414	      5703	00100254	00020f37	lui	x30,0x20	 x30=0x00020000
          11416	      5704	00100258	01051f93	slli	x31,x10,0x10	 x10:0x0000000d x31=0x000d0000
          11420	      5706	0010025c	01df2023	sw	x29,0(x30)	 x30:0x00020000 x29:0x00000030 PA:0x00020000 store:0x00000030 load:0x00000000
          11422	      5707	00100260	01cfd793	srli	x15,x31,0x1c	 x31:0x000d0000 x15=0x00000000
          11424	      5708	00100264	00900713	addi	x14,x0,9	  x0:0x00000000 x14=0x00000009
          11426	      5709	00100268	f2f76ae3	bltu	x14,x15,10019c	 x14:0x00000009 x15:0x00000000
          11428	      5710	0010026c	03078393	addi	x7,x15,48	 x15:0x00000000  x7=0x00000030
          11430	      5711	00100270	000205b7	lui	x11,0x20	 x11=0x00020000
          11432	      5712	00100274	01451613	slli	x12,x10,0x14	 x10:0x0000000d x12=0x00d00000
          11436	      5714	00100278	0075a023	sw	x7,0(x11)	 x11:0x00020000  x7:0x00000030 PA:0x00020000 store:0x00000030 load:0x00000000
          11438	      5715	0010027c	01c65693	srli	x13,x12,0x1c	 x12:0x00d00000 x13=0x00000000
          11440	      5716	00100280	00900813	addi	x16,x0,9	  x0:0x00000000 x16=0x00000009
          11442	      5717	00100284	f2d86ae3	bltu	x16,x13,1001b8	 x16:0x00000009 x13:0x00000000
          11444	      5718	00100288	03068e93	addi	x29,x13,48	 x13:0x00000000 x29=0x00000030
          11446	      5719	0010028c	00020f37	lui	x30,0x20	 x30=0x00020000
          11448	      5720	00100290	01851f93	slli	x31,x10,0x18	 x10:0x0000000d x31=0x0d000000
          11452	      5722	00100294	01df2023	sw	x29,0(x30)	 x30:0x00020000 x29:0x00000030 PA:0x00020000 store:0x00000030 load:0x00000000
          11454	      5723	00100298	01cfd793	srli	x15,x31,0x1c	 x31:0x0d000000 x15=0x00000000
          11456	      5724	0010029c	00900713	addi	x14,x0,9	  x0:0x00000000 x14=0x00000009
          11458	      5725	001002a0	f2f76ae3	bltu	x14,x15,1001d4	 x14:0x00000009 x15:0x00000000
          11460	      5726	001002a4	03078393	addi	x7,x15,48	 x15:0x00000000  x7=0x00000030
          11462	      5727	001002a8	000205b7	lui	x11,0x20	 x11=0x00020000
          11466	      5729	001002ac	0075a023	sw	x7,0(x11)	 x11:0x00020000  x7:0x00000030 PA:0x00020000 store:0x00000030 load:0x00000000
          11468	      5730	001002b0	00f57513	andi	x10,x10,15	 x10:0x0000000d x10=0x0000000d
          11470	      5731	001002b4	00900613	addi	x12,x0,9	  x0:0x00000000 x12=0x00000009
          11472	      5732	001002b8	f2a67ae3	bgeu	x12,x10,1001ec	 x12:0x00000009 x10:0x0000000d
          11474	      5733	001002bc	03750693	addi	x13,x10,55	 x10:0x0000000d x13=0x00000044
          11476	      5734	001002c0	00020837	lui	x16,0x20	 x16=0x00020000
          11480	      5736	001002c4	00d82023	sw	x13,0(x16)	 x16:0x00020000 x13:0x00000044 PA:0x00020000 store:0x00000044 load:0x00000000
          11484	      5738	001002c8	00008067	jalr	x0,0(x1)	  x1:0x00101264  x0=0x00000000
          11486	      5739	00101264	a18b0513	addi	x10,x22,-1512	 x22:0x00102000 x10=0x00101a18
          11490	      5741	00101268	e39fe0ef	jal	x1,1000a0	  x1=0x0010126c
          11494	      5743	001000a0	00054803	lbu	x16,0(x10)	 x10:0x00101a18 x16=0x00000020 PA:0x00101a18 store:0x00000000
          11496	      5744	001000a4	06080663	beq	x16,x0,100110	 x16:0x00000020  x0:0x00000000
          11498	      5745	001000a8	000207b7	lui	x15,0x20	 x15=0x00020000
          11502	      5747	001000ac	0107a023	sw	x16,0(x15)	 x15:0x00020000 x16:0x00000020 PA:0x00020000 store:0x00000020 load:0x00000000
          11506	      5749	001000b0	00154703	lbu	x14,1(x10)	 x10:0x00101a18 x14=0x00000072 PA:0x00101a19 store:0x0010126c
          11508	      5750	001000b4	04070e63	beq	x14,x0,100110	 x14:0x00000072  x0:0x00000000
          11512	      5752	001000b8	00e7a023	sw	x14,0(x15)	 x15:0x00020000 x14:0x00000072 PA:0x00020000 store:0x00000072 load:0x00000000
          11516	      5754	001000bc	00254283	lbu	x5,2(x10)	 x10:0x00101a18  x5=0x00000065 PA:0x00101a1a store:0x00137fa0
          11518	      5755	001000c0	04028863	beq	x5,x0,100110	  x5:0x00000065  x0:0x00000000
          11522	      5757	001000c4	0057a023	sw	x5,0(x15)	 x15:0x00020000  x5:0x00000065 PA:0x00020000 store:0x00000065 load:0x00000000
          11526	      5759	001000c8	00354303	lbu	x6,3(x10)	 x10:0x00101a18  x6=0x00000073 PA:0x00101a1b store:0x00000000
          11528	      5760	001000cc	04030263	beq	x6,x0,100110	  x6:0x00000073  x0:0x00000000
          11532	      5762	001000d0	0067a023	sw	x6,0(x15)	 x15:0x00020000  x6:0x00000073 PA:0x00020000 store:0x00000073 load:0x00000000
          11536	      5764	001000d4	00454383	lbu	x7,4(x10)	 x10:0x00101a18  x7=0x00000075 PA:0x00101a1c store:0x00000000
          11538	      5765	001000d8	02038c63	beq	x7,x0,100110	  x7:0x00000075  x0:0x00000000
          11542	      5767	001000dc	0077a023	sw	x7,0(x15)	 x15:0x00020000  x7:0x00000075 PA:0x00020000 store:0x00000075 load:0x00000000
          11546	      5769	001000e0	00554583	lbu	x11,5(x10)	 x10:0x00101a18 x11=0x0000006c PA:0x00101a1d store:0x00000065
          11548	      5770	001000e4	02058663	beq	x11,x0,100110	 x11:0x0000006c  x0:0x00000000
          11552	      5772	001000e8	00b7a023	sw	x11,0(x15)	 x15:0x00020000 x11:0x0000006c PA:0x00020000 store:0x0000006c load:0x00000000
          11556	      5774	001000ec	00654603	lbu	x12,6(x10)	 x10:0x00101a18 x12=0x00000074 PA:0x00101a1e store:0x00000073
          11558	      5775	001000f0	02060063	beq	x12,x0,100110	 x12:0x00000074  x0:0x00000000
          11562	      5777	001000f4	00c7a023	sw	x12,0(x15)	 x15:0x00020000 x12:0x00000074 PA:0x00020000 store:0x00000074 load:0x00000000
          11566	      5779	001000f8	00754683	lbu	x13,7(x10)	 x10:0x00101a18 x13=0x0000003a PA:0x00101a1f store:0x00000075
          11568	      5780	001000fc	00850513	addi	x10,x10,8	 x10:0x00101a18 x10=0x00101a20
          11570	      5781	00100100	00068863	beq	x13,x0,100110	 x13:0x0000003a  x0:0x00000000
          11574	      5783	00100104	00d7a023	sw	x13,0(x15)	 x15:0x00020000 x13:0x0000003a PA:0x00020000 store:0x0000003a load:0x00000000
          11578	      5785	00100108	00054803	lbu	x16,0(x10)	 x10:0x00101a20 x16=0x00000020 PA:0x00101a20 store:0x00000000
          11582	      5787	0010010c	fa0810e3	bne	x16,x0,1000ac	 x16:0x00000020  x0:0x00000000
          11588	      5790	001000ac	0107a023	sw	x16,0(x15)	 x15:0x00020000 x16:0x00000020 PA:0x00020000 store:0x00000020 load:0x00000000
          11592	      5792	001000b0	00154703	lbu	x14,1(x10)	 x10:0x00101a20 x14=0x00000000 PA:0x00101a21 store:0x0010126c
          11596	      5794	001000b4	04070e63	beq	x14,x0,100110	 x14:0x00000000  x0:0x00000000
          11600	      5796	00100110	00000513	addi	x10,x0,0	  x0:0x00000000 x10=0x00000000
          11604	      5798	00100114	00008067	jalr	x0,0(x1)	  x1:0x0010126c  x0=0x00000000
          11608	      5800	0010126c	cf8a2503	lw	x10,-776(x20)	 x20:0x00102000 x10=0x134a298a PA:0x00101cf8 store:0x0000000c
          11610	      5801	00101270	002c0d93	addi	x27,x24,2	 x24:0x0000000c x27=0x0000000e
          11614	      5803	00101274	eadfe0ef	jal	x1,100120	  x1=0x00101278
          11616	      5804	00100120	01c55793	srli	x15,x10,0x1c	 x10:0x134a298a x15=0x00000001
          11618	      5805	00100124	00900713	addi	x14,x0,9	  x0:0x00000000 x14=0x00000009
          11622	      5807	00100128	0cf77a63	bgeu	x14,x15,1001fc	 x14:0x00000009 x15:0x00000001
          11626	      5809	001001fc	03078393	addi	x7,x15,48	 x15:0x00000001  x7=0x00000031
          11628	      5810	00100200	000205b7	lui	x11,0x20	 x11=0x00020000
          11630	      5811	00100204	00451613	slli	x12,x10,0x4	 x10:0x134a298a x12=0x34a298a0
          11634	      5813	00100208	0075a023	sw	x7,0(x11)	 x11:0x00020000  x7:0x00000031 PA:0x00020000 store:0x00000031 load:0x00000000
          11636	      5814	0010020c	01c65693	srli	x13,x12,0x1c	 x12:0x34a298a0 x13=0x00000003
          11638	      5815	00100210	00900813	addi	x16,x0,9	  x0:0x00000000 x16=0x00000009
          11640	      5816	00100214	f2d86ae3	bltu	x16,x13,100148	 x16:0x00000009 x13:0x00000003
          11642	      5817	00100218	03068e93	addi	x29,x13,48	 x13:0x00000003 x29=0x00000033
          11644	      5818	0010021c	00020f37	lui	x30,0x20	 x30=0x00020000
          11646	      5819	00100220	00851f93	slli	x31,x10,0x8	 x10:0x134a298a x31=0x4a298a00
          11650	      5821	00100224	01df2023	sw	x29,0(x30)	 x30:0x00020000 x29:0x00000033 PA:0x00020000 store:0x00000033 load:0x00000000
          11652	      5822	00100228	01cfd793	srli	x15,x31,0x1c	 x31:0x4a298a00 x15=0x00000004
          11654	      5823	0010022c	00900713	addi	x14,x0,9	  x0:0x00000000 x14=0x00000009
          11656	      5824	00100230	f2f76ae3	bltu	x14,x15,100164	 x14:0x00000009 x15:0x00000004
          11658	      5825	00100234	03078393	addi	x7,x15,48	 x15:0x00000004  x7=0x00000034
          11660	      5826	00100238	000205b7	lui	x11,0x20	 x11=0x00020000
          11662	      5827	0010023c	00c51613	slli	x12,x10,0xc	 x10:0x134a298a x12=0xa298a000
          11666	      5829	00100240	0075a023	sw	x7,0(x11)	 x11:0x00020000  x7:0x00000034 PA:0x00020000 store:0x00000034 load:0x00000000
          11668	      5830	00100244	01c65693	srli	x13,x12,0x1c	 x12:0xa298a000 x13=0x0000000a
          11670	      5831	00100248	00900813	addi	x16,x0,9	  x0:0x00000000 x16=0x00000009
          11674	      5833	0010024c	f2d86ae3	bltu	x16,x13,100180	 x16:0x00000009 x13:0x0000000a
          11678	      5835	00100180	03768893	addi	x17,x13,55	 x13:0x0000000a x17=0x00000041
          11680	      5836	00100184	00020e37	lui	x28,0x20	 x28=0x00020000
          11682	      5837	00100188	01051f93	slli	x31,x10,0x10	 x10:0x134a298a x31=0x298a0000
          11686	      5839	0010018c	011e2023	sw	x17,0(x28)	 x28:0x00020000 x17:0x00000041 PA:0x00020000 store:0x00000041 load:0x00000000
          11688	      5840	00100190	01cfd793	srli	x15,x31,0x1c	 x31:0x298a0000 x15=0x00000002
          11690	      5841	00100194	00900713	addi	x14,x0,9	  x0:0x00000000 x14=0x00000009
          11694	      5843	00100198	0cf77a63	bgeu	x14,x15,10026c	 x14:0x00000009 x15:0x00000002
          11698	      5845	0010026c	03078393	addi	x7,x15,48	 x15:0x00000002  x7=0x00000032
          11700	      5846	00100270	000205b7	lui	x11,0x20	 x11=0x00020000
          11702	      5847	00100274	01451613	slli	x12,x10,0x14	 x10:0x134a298a x12=0x98a00000
          11706	      5849	00100278	0075a023	sw	x7,0(x11)	 x11:0x00020000  x7:0x00000032 PA:0x00020000 store:0x00000032 load:0x00000000
          11708	      5850	0010027c	01c65693	srli	x13,x12,0x1c	 x12:0x98a00000 x13=0x00000009
          11710	      5851	00100280	00900813	addi	x16,x0,9	  x0:0x00000000 x16=0x00000009
          11712	      5852	00100284	f2d86ae3	bltu	x16,x13,1001b8	 x16:0x00000009 x13:0x00000009
          11714	      5853	00100288	03068e93	addi	x29,x13,48	 x13:0x00000009 x29=0x00000039
          11716	      5854	0010028c	00020f37	lui	x30,0x20	 x30=0x00020000
          11718	      5855	00100290	01851f93	slli	x31,x10,0x18	 x10:0x134a298a x31=0x8a000000
          11722	      5857	00100294	01df2023	sw	x29,0(x30)	 x30:0x00020000 x29:0x00000039 PA:0x00020000 store:0x00000039 load:0x00000000
          11724	      5858	00100298	01cfd793	srli	x15,x31,0x1c	 x31:0x8a000000 x15=0x00000008
          11726	      5859	0010029c	00900713	addi	x14,x0,9	  x0:0x00000000 x14=0x00000009
          11728	      5860	001002a0	f2f76ae3	bltu	x14,x15,1001d4	 x14:0x00000009 x15:0x00000008
          11730	      5861	001002a4	03078393	addi	x7,x15,48	 x15:0x00000008  x7=0x00000038
          11732	      5862	001002a8	000205b7	lui	x11,0x20	 x11=0x00020000
          11736	      5864	001002ac	0075a023	sw	x7,0(x11)	 x11:0x00020000  x7:0x00000038 PA:0x00020000 store:0x00000038 load:0x00000000
          11738	      5865	001002b0	00f57513	andi	x10,x10,15	 x10:0x134a298a x10=0x0000000a
          11740	      5866	001002b4	00900613	addi	x12,x0,9	  x0:0x00000000 x12=0x00000009
          11742	      5867	001002b8	f2a67ae3	bgeu	x12,x10,1001ec	 x12:0x00000009 x10:0x0000000a
          11744	      5868	001002bc	03750693	addi	x13,x10,55	 x10:0x0000000a x13=0x00000041
          11746	      5869	001002c0	00020837	lui	x16,0x20	 x16=0x00020000
          11750	      5871	001002c4	00d82023	sw	x13,0(x16)	 x16:0x00020000 x13:0x00000041 PA:0x00020000 store:0x00000041 load:0x00000000
          11760	      5876	001002c8	00008067	jalr	x0,0(x1)	  x1:0x00101278  x0=0x00000000
          11762	      5877	00101278	d089a087	flw	f1,-760(x19)	 f19:0x00102000  f1=0x00000000 PA:0x00101d08 store:0x4598f2e4
          11764	      5878	0010127c	d24ba107	flw	f2,-732(x23)	 f23:0x00102000  f2=0x00000000 PA:0x00101d24 store:0x42f67c6a
          11786	      5889	00101280	a10a8513	addi	x10,x21,-1520	 x21:0x00102000 x10=0x00101a10
          11788	      5890	00101284	1820f753	fdiv.s	f14,f1,f2	  f1:0x00101278  f2:0x00137fa0 f14=0x00000000
          11790	      5891	00101288	d0e9a427	fsw	f14,-760(x19)	 f19:0x00102000 f14:0x00000009 PA:0x00101d08 store:0x0fd1f727 load:0x42f67c6a
          11794	      5893	0010128c	d089a787	flw	f15,-760(x19)	 f19:0x00102000 f15=0x00000000 PA:0x00101d08 store:0x4598f2e4
          11796	      5894	00101290	e0078ed3	fmv.x.w	x29,f15	 f15:0x00000008 x29=0x0fd1f727
          11798	      5895	00101294	cfda2c23	sw	x29,-776(x20)	 x20:0x00102000 x29:0x0fd1f727 PA:0x00101cf8 store:0x0fd1f727 load:0x0fd1f727
          11802	      5897	00101298	e09fe0ef	jal	x1,1000a0	  x1=0x0010129c
          11806	      5899	001000a0	00054803	lbu	x16,0(x10)	 x10:0x00101a10 x16=0x0000000a PA:0x00101a10 store:0x00000000
          11808	      5900	001000a4	06080663	beq	x16,x0,100110	 x16:0x0000000a  x0:0x00000000
          11810	      5901	001000a8	000207b7	lui	x15,0x20	 x15=0x00020000
          11814	      5903	001000ac	0107a023	sw	x16,0(x15)	 x15:0x00020000 x16:0x0000000a PA:0x00020000 store:0x0000000a load:0x00000000
          11818	      5905	001000b0	00154703	lbu	x14,1(x10)	 x10:0x00101a10 x14=0x00000020 PA:0x00101a11 store:0x0010129c
          11820	      5906	001000b4	04070e63	beq	x14,x0,100110	 x14:0x00000020  x0:0x00000000
          11824	      5908	001000b8	00e7a023	sw	x14,0(x15)	 x15:0x00020000 x14:0x00000020 PA:0x00020000 store:0x00000020 load:0x00000000
          11828	      5910	001000bc	00254283	lbu	x5,2(x10)	 x10:0x00101a10  x5=0x00000069 PA:0x00101a12 store:0x00137fa0
          11830	      5911	001000c0	04028863	beq	x5,x0,100110	  x5:0x00000069  x0:0x00000000
          11834	      5913	001000c4	0057a023	sw	x5,0(x15)	 x15:0x00020000  x5:0x00000069 PA:0x00020000 store:0x00000069 load:0x00000000
          11838	      5915	001000c8	00354303	lbu	x6,3(x10)	 x10:0x00101a10  x6=0x0000003d PA:0x00101a13 store:0x00000000
          11840	      5916	001000cc	04030263	beq	x6,x0,100110	  x6:0x0000003d  x0:0x00000000
          11844	      5918	001000d0	0067a023	sw	x6,0(x15)	 x15:0x00020000  x6:0x0000003d PA:0x00020000 store:0x0000003d load:0x00000000
          11848	      5920	001000d4	00454383	lbu	x7,4(x10)	 x10:0x00101a10  x7=0x00000000 PA:0x00101a14 store:0x00000000
          11852	      5922	001000d8	02038c63	beq	x7,x0,100110	  x7:0x00000000  x0:0x00000000
          11856	      5924	00100110	00000513	addi	x10,x0,0	  x0:0x00000000 x10=0x00000000
          11860	      5926	00100114	00008067	jalr	x0,0(x1)	  x1:0x0010129c  x0=0x00000000
          11862	      5927	0010129c	000d8513	addi	x10,x27,0	 x27:0x0000000e x10=0x0000000e
          11866	      5929	001012a0	e81fe0ef	jal	x1,100120	  x1=0x001012a4
          11868	      5930	00100120	01c55793	srli	x15,x10,0x1c	 x10:0x0000000e x15=0x00000000
          11870	      5931	00100124	00900713	addi	x14,x0,9	  x0:0x00000000 x14=0x00000009
          11874	      5933	00100128	0cf77a63	bgeu	x14,x15,1001fc	 x14:0x00000009 x15:0x00000000
          11878	      5935	001001fc	03078393	addi	x7,x15,48	 x15:0x00000000  x7=0x00000030
          11880	      5936	00100200	000205b7	lui	x11,0x20	 x11=0x00020000
          11882	      5937	00100204	00451613	slli	x12,x10,0x4	 x10:0x0000000e x12=0x000000e0
          11886	      5939	00100208	0075a023	sw	x7,0(x11)	 x11:0x00020000  x7:0x00000030 PA:0x00020000 store:0x00000030 load:0x00000000
          11888	      5940	0010020c	01c65693	srli	x13,x12,0x1c	 x12:0x000000e0 x13=0x00000000
          11890	      5941	00100210	00900813	addi	x16,x0,9	  x0:0x00000000 x16=0x00000009
          11892	      5942	00100214	f2d86ae3	bltu	x16,x13,100148	 x16:0x00000009 x13:0x00000000
          11894	      5943	00100218	03068e93	addi	x29,x13,48	 x13:0x00000000 x29=0x00000030
          11896	      5944	0010021c	00020f37	lui	x30,0x20	 x30=0x00020000
          11898	      5945	00100220	00851f93	slli	x31,x10,0x8	 x10:0x0000000e x31=0x00000e00
          11902	      5947	00100224	01df2023	sw	x29,0(x30)	 x30:0x00020000 x29:0x00000030 PA:0x00020000 store:0x00000030 load:0x00000000
          11904	      5948	00100228	01cfd793	srli	x15,x31,0x1c	 x31:0x00000e00 x15=0x00000000
          11906	      5949	0010022c	00900713	addi	x14,x0,9	  x0:0x00000000 x14=0x00000009
          11908	      5950	00100230	f2f76ae3	bltu	x14,x15,100164	 x14:0x00000009 x15:0x00000000
          11910	      5951	00100234	03078393	addi	x7,x15,48	 x15:0x00000000  x7=0x00000030
          11912	      5952	00100238	000205b7	lui	x11,0x20	 x11=0x00020000
          11914	      5953	0010023c	00c51613	slli	x12,x10,0xc	 x10:0x0000000e x12=0x0000e000
          11918	      5955	00100240	0075a023	sw	x7,0(x11)	 x11:0x00020000  x7:0x00000030 PA:0x00020000 store:0x00000030 load:0x00000000
          11920	      5956	00100244	01c65693	srli	x13,x12,0x1c	 x12:0x0000e000 x13=0x00000000
          11922	      5957	00100248	00900813	addi	x16,x0,9	  x0:0x00000000 x16=0x00000009
          11924	      5958	0010024c	f2d86ae3	bltu	x16,x13,100180	 x16:0x00000009 x13:0x00000000
          11926	      5959	00100250	03068e93	addi	x29,x13,48	 x13:0x00000000 x29=0x00000030
          11928	      5960	00100254	00020f37	lui	x30,0x20	 x30=0x00020000
          11930	      5961	00100258	01051f93	slli	x31,x10,0x10	 x10:0x0000000e x31=0x000e0000
          11934	      5963	0010025c	01df2023	sw	x29,0(x30)	 x30:0x00020000 x29:0x00000030 PA:0x00020000 store:0x00000030 load:0x00000000
          11936	      5964	00100260	01cfd793	srli	x15,x31,0x1c	 x31:0x000e0000 x15=0x00000000
          11938	      5965	00100264	00900713	addi	x14,x0,9	  x0:0x00000000 x14=0x00000009
          11940	      5966	00100268	f2f76ae3	bltu	x14,x15,10019c	 x14:0x00000009 x15:0x00000000
          11942	      5967	0010026c	03078393	addi	x7,x15,48	 x15:0x00000000  x7=0x00000030
          11944	      5968	00100270	000205b7	lui	x11,0x20	 x11=0x00020000
          11946	      5969	00100274	01451613	slli	x12,x10,0x14	 x10:0x0000000e x12=0x00e00000
          11950	      5971	00100278	0075a023	sw	x7,0(x11)	 x11:0x00020000  x7:0x00000030 PA:0x00020000 store:0x00000030 load:0x00000000
          11952	      5972	0010027c	01c65693	srli	x13,x12,0x1c	 x12:0x00e00000 x13=0x00000000
          11954	      5973	00100280	00900813	addi	x16,x0,9	  x0:0x00000000 x16=0x00000009
          11956	      5974	00100284	f2d86ae3	bltu	x16,x13,1001b8	 x16:0x00000009 x13:0x00000000
          11958	      5975	00100288	03068e93	addi	x29,x13,48	 x13:0x00000000 x29=0x00000030
          11960	      5976	0010028c	00020f37	lui	x30,0x20	 x30=0x00020000
          11962	      5977	00100290	01851f93	slli	x31,x10,0x18	 x10:0x0000000e x31=0x0e000000
          11966	      5979	00100294	01df2023	sw	x29,0(x30)	 x30:0x00020000 x29:0x00000030 PA:0x00020000 store:0x00000030 load:0x00000000
          11968	      5980	00100298	01cfd793	srli	x15,x31,0x1c	 x31:0x0e000000 x15=0x00000000
          11970	      5981	0010029c	00900713	addi	x14,x0,9	  x0:0x00000000 x14=0x00000009
          11972	      5982	001002a0	f2f76ae3	bltu	x14,x15,1001d4	 x14:0x00000009 x15:0x00000000
          11974	      5983	001002a4	03078393	addi	x7,x15,48	 x15:0x00000000  x7=0x00000030
          11976	      5984	001002a8	000205b7	lui	x11,0x20	 x11=0x00020000
          11980	      5986	001002ac	0075a023	sw	x7,0(x11)	 x11:0x00020000  x7:0x00000030 PA:0x00020000 store:0x00000030 load:0x00000000
          11982	      5987	001002b0	00f57513	andi	x10,x10,15	 x10:0x0000000e x10=0x0000000e
          11984	      5988	001002b4	00900613	addi	x12,x0,9	  x0:0x00000000 x12=0x00000009
          11986	      5989	001002b8	f2a67ae3	bgeu	x12,x10,1001ec	 x12:0x00000009 x10:0x0000000e
          11988	      5990	001002bc	03750693	addi	x13,x10,55	 x10:0x0000000e x13=0x00000045
          11990	      5991	001002c0	00020837	lui	x16,0x20	 x16=0x00020000
          11994	      5993	001002c4	00d82023	sw	x13,0(x16)	 x16:0x00020000 x13:0x00000045 PA:0x00020000 store:0x00000045 load:0x00000000
          11998	      5995	001002c8	00008067	jalr	x0,0(x1)	  x1:0x001012a4  x0=0x00000000
          12000	      5996	001012a4	a18b0513	addi	x10,x22,-1512	 x22:0x00102000 x10=0x00101a18
          12004	      5998	001012a8	df9fe0ef	jal	x1,1000a0	  x1=0x001012ac
          12008	      6000	001000a0	00054803	lbu	x16,0(x10)	 x10:0x00101a18 x16=0x00000020 PA:0x00101a18 store:0x00000000
          12010	      6001	001000a4	06080663	beq	x16,x0,100110	 x16:0x00000020  x0:0x00000000
          12012	      6002	001000a8	000207b7	lui	x15,0x20	 x15=0x00020000
          12016	      6004	001000ac	0107a023	sw	x16,0(x15)	 x15:0x00020000 x16:0x00000020 PA:0x00020000 store:0x00000020 load:0x00000000
          12020	      6006	001000b0	00154703	lbu	x14,1(x10)	 x10:0x00101a18 x14=0x00000072 PA:0x00101a19 store:0x001012ac
          12022	      6007	001000b4	04070e63	beq	x14,x0,100110	 x14:0x00000072  x0:0x00000000
          12026	      6009	001000b8	00e7a023	sw	x14,0(x15)	 x15:0x00020000 x14:0x00000072 PA:0x00020000 store:0x00000072 load:0x00000000
          12030	      6011	001000bc	00254283	lbu	x5,2(x10)	 x10:0x00101a18  x5=0x00000065 PA:0x00101a1a store:0x00137fa0
          12032	      6012	001000c0	04028863	beq	x5,x0,100110	  x5:0x00000065  x0:0x00000000
          12036	      6014	001000c4	0057a023	sw	x5,0(x15)	 x15:0x00020000  x5:0x00000065 PA:0x00020000 store:0x00000065 load:0x00000000
          12040	      6016	001000c8	00354303	lbu	x6,3(x10)	 x10:0x00101a18  x6=0x00000073 PA:0x00101a1b store:0x00000000
          12042	      6017	001000cc	04030263	beq	x6,x0,100110	  x6:0x00000073  x0:0x00000000
          12046	      6019	001000d0	0067a023	sw	x6,0(x15)	 x15:0x00020000  x6:0x00000073 PA:0x00020000 store:0x00000073 load:0x00000000
          12050	      6021	001000d4	00454383	lbu	x7,4(x10)	 x10:0x00101a18  x7=0x00000075 PA:0x00101a1c store:0x00000000
          12052	      6022	001000d8	02038c63	beq	x7,x0,100110	  x7:0x00000075  x0:0x00000000
          12056	      6024	001000dc	0077a023	sw	x7,0(x15)	 x15:0x00020000  x7:0x00000075 PA:0x00020000 store:0x00000075 load:0x00000000
          12060	      6026	001000e0	00554583	lbu	x11,5(x10)	 x10:0x00101a18 x11=0x0000006c PA:0x00101a1d store:0x00000065
          12062	      6027	001000e4	02058663	beq	x11,x0,100110	 x11:0x0000006c  x0:0x00000000
          12066	      6029	001000e8	00b7a023	sw	x11,0(x15)	 x15:0x00020000 x11:0x0000006c PA:0x00020000 store:0x0000006c load:0x00000000
          12070	      6031	001000ec	00654603	lbu	x12,6(x10)	 x10:0x00101a18 x12=0x00000074 PA:0x00101a1e store:0x00000073
          12072	      6032	001000f0	02060063	beq	x12,x0,100110	 x12:0x00000074  x0:0x00000000
          12076	      6034	001000f4	00c7a023	sw	x12,0(x15)	 x15:0x00020000 x12:0x00000074 PA:0x00020000 store:0x00000074 load:0x00000000
          12080	      6036	001000f8	00754683	lbu	x13,7(x10)	 x10:0x00101a18 x13=0x0000003a PA:0x00101a1f store:0x00000075
          12082	      6037	001000fc	00850513	addi	x10,x10,8	 x10:0x00101a18 x10=0x00101a20
          12084	      6038	00100100	00068863	beq	x13,x0,100110	 x13:0x0000003a  x0:0x00000000
          12088	      6040	00100104	00d7a023	sw	x13,0(x15)	 x15:0x00020000 x13:0x0000003a PA:0x00020000 store:0x0000003a load:0x00000000
          12092	      6042	00100108	00054803	lbu	x16,0(x10)	 x10:0x00101a20 x16=0x00000020 PA:0x00101a20 store:0x00000000
          12096	      6044	0010010c	fa0810e3	bne	x16,x0,1000ac	 x16:0x00000020  x0:0x00000000
          12102	      6047	001000ac	0107a023	sw	x16,0(x15)	 x15:0x00020000 x16:0x00000020 PA:0x00020000 store:0x00000020 load:0x00000000
          12106	      6049	001000b0	00154703	lbu	x14,1(x10)	 x10:0x00101a20 x14=0x00000000 PA:0x00101a21 store:0x001012ac
          12110	      6051	001000b4	04070e63	beq	x14,x0,100110	 x14:0x00000000  x0:0x00000000
          12114	      6053	00100110	00000513	addi	x10,x0,0	  x0:0x00000000 x10=0x00000000
          12118	      6055	00100114	00008067	jalr	x0,0(x1)	  x1:0x001012ac  x0=0x00000000
          12122	      6057	001012ac	cf8a2503	lw	x10,-776(x20)	 x20:0x00102000 x10=0x0fd1f727 PA:0x00101cf8 store:0x0000000c
          12124	      6058	001012b0	003c0d93	addi	x27,x24,3	 x24:0x0000000c x27=0x0000000f
          12126	      6059	001012b4	004c0c13	addi	x24,x24,4	 x24:0x0000000c x24=0x00000010
          12130	      6061	001012b8	e69fe0ef	jal	x1,100120	  x1=0x001012bc
          12132	      6062	00100120	01c55793	srli	x15,x10,0x1c	 x10:0x0fd1f727 x15=0x00000000
          12134	      6063	00100124	00900713	addi	x14,x0,9	  x0:0x00000000 x14=0x00000009
          12138	      6065	00100128	0cf77a63	bgeu	x14,x15,1001fc	 x14:0x00000009 x15:0x00000000
          12142	      6067	001001fc	03078393	addi	x7,x15,48	 x15:0x00000000  x7=0x00000030
          12144	      6068	00100200	000205b7	lui	x11,0x20	 x11=0x00020000
          12146	      6069	00100204	00451613	slli	x12,x10,0x4	 x10:0x0fd1f727 x12=0xfd1f7270
          12150	      6071	00100208	0075a023	sw	x7,0(x11)	 x11:0x00020000  x7:0x00000030 PA:0x00020000 store:0x00000030 load:0x00000000
          12152	      6072	0010020c	01c65693	srli	x13,x12,0x1c	 x12:0xfd1f7270 x13=0x0000000f
          12154	      6073	00100210	00900813	addi	x16,x0,9	  x0:0x00000000 x16=0x00000009
          12158	      6075	00100214	f2d86ae3	bltu	x16,x13,100148	 x16:0x00000009 x13:0x0000000f
          12162	      6077	00100148	03768893	addi	x17,x13,55	 x13:0x0000000f x17=0x00000046
          12164	      6078	0010014c	00020e37	lui	x28,0x20	 x28=0x00020000
          12166	      6079	00100150	00851f93	slli	x31,x10,0x8	 x10:0x0fd1f727 x31=0xd1f72700
          12170	      6081	00100154	011e2023	sw	x17,0(x28)	 x28:0x00020000 x17:0x00000046 PA:0x00020000 store:0x00000046 load:0x00000000
          12172	      6082	00100158	01cfd793	srli	x15,x31,0x1c	 x31:0xd1f72700 x15=0x0000000d
          12174	      6083	0010015c	00900713	addi	x14,x0,9	  x0:0x00000000 x14=0x00000009
          12176	      6084	00100160	0cf77a63	bgeu	x14,x15,100234	 x14:0x00000009 x15:0x0000000d
          12178	      6085	00100164	03778293	addi	x5,x15,55	 x15:0x0000000d  x5=0x00000044
          12180	      6086	00100168	00020337	lui	x6,0x20	  x6=0x00020000
          12182	      6087	0010016c	00c51613	slli	x12,x10,0xc	 x10:0x0fd1f727 x12=0x1f727000
          12186	      6089	00100170	00532023	sw	x5,0(x6)	  x6:0x00020000  x5:0x00000044 PA:0x00020000 store:0x00000044 load:0x00000000
          12188	      6090	00100174	01c65693	srli	x13,x12,0x1c	 x12:0x1f727000 x13=0x00000001
          12190	      6091	00100178	00900813	addi	x16,x0,9	  x0:0x00000000 x16=0x00000009
          12194	      6093	0010017c	0cd87a63	bgeu	x16,x13,100250	 x16:0x00000009 x13:0x00000001
          12198	      6095	00100250	03068e93	addi	x29,x13,48	 x13:0x00000001 x29=0x00000031
          12200	      6096	00100254	00020f37	lui	x30,0x20	 x30=0x00020000
          12202	      6097	00100258	01051f93	slli	x31,x10,0x10	 x10:0x0fd1f727 x31=0xf7270000
          12206	      6099	0010025c	01df2023	sw	x29,0(x30)	 x30:0x00020000 x29:0x00000031 PA:0x00020000 store:0x00000031 load:0x00000000
          12208	      6100	00100260	01cfd793	srli	x15,x31,0x1c	 x31:0xf7270000 x15=0x0000000f
          12210	      6101	00100264	00900713	addi	x14,x0,9	  x0:0x00000000 x14=0x00000009
          12214	      6103	00100268	f2f76ae3	bltu	x14,x15,10019c	 x14:0x00000009 x15:0x0000000f
          12218	      6105	0010019c	03778293	addi	x5,x15,55	 x15:0x0000000f  x5=0x00000046
          12220	      6106	001001a0	00020337	lui	x6,0x20	  x6=0x00020000
          12222	      6107	001001a4	01451613	slli	x12,x10,0x14	 x10:0x0fd1f727 x12=0x72700000
          12226	      6109	001001a8	00532023	sw	x5,0(x6)	  x6:0x00020000  x5:0x00000046 PA:0x00020000 store:0x00000046 load:0x00000000
          12228	      6110	001001ac	01c65693	srli	x13,x12,0x1c	 x12:0x72700000 x13=0x00000007
          12230	      6111	001001b0	00900813	addi	x16,x0,9	  x0:0x00000000 x16=0x00000009
          12234	      6113	001001b4	0cd87a63	bgeu	x16,x13,100288	 x16:0x00000009 x13:0x00000007
          12238	      6115	00100288	03068e93	addi	x29,x13,48	 x13:0x00000007 x29=0x00000037
          12240	      6116	0010028c	00020f37	lui	x30,0x20	 x30=0x00020000
          12242	      6117	00100290	01851f93	slli	x31,x10,0x18	 x10:0x0fd1f727 x31=0x27000000
          12246	      6119	00100294	01df2023	sw	x29,0(x30)	 x30:0x00020000 x29:0x00000037 PA:0x00020000 store:0x00000037 load:0x00000000
          12248	      6120	00100298	01cfd793	srli	x15,x31,0x1c	 x31:0x27000000 x15=0x00000002
          12250	      6121	0010029c	00900713	addi	x14,x0,9	  x0:0x00000000 x14=0x00000009
          12252	      6122	001002a0	f2f76ae3	bltu	x14,x15,1001d4	 x14:0x00000009 x15:0x00000002
          12254	      6123	001002a4	03078393	addi	x7,x15,48	 x15:0x00000002  x7=0x00000032
          12256	      6124	001002a8	000205b7	lui	x11,0x20	 x11=0x00020000
          12260	      6126	001002ac	0075a023	sw	x7,0(x11)	 x11:0x00020000  x7:0x00000032 PA:0x00020000 store:0x00000032 load:0x00000000
          12262	      6127	001002b0	00f57513	andi	x10,x10,15	 x10:0x0fd1f727 x10=0x00000007
          12264	      6128	001002b4	00900613	addi	x12,x0,9	  x0:0x00000000 x12=0x00000009
          12268	      6130	001002b8	f2a67ae3	bgeu	x12,x10,1001ec	 x12:0x00000009 x10:0x00000007
          12272	      6132	001001ec	03050893	addi	x17,x10,48	 x10:0x00000007 x17=0x00000037
          12274	      6133	001001f0	00020e37	lui	x28,0x20	 x28=0x00020000
          12278	      6135	001001f4	011e2023	sw	x17,0(x28)	 x28:0x00020000 x17:0x00000037 PA:0x00020000 store:0x00000037 load:0x00000000
          12288	      6140	001001f8	00008067	jalr	x0,0(x1)	  x1:0x001012bc  x0=0x00000000
          12290	      6141	001012bc	d089a187	flw	f3,-760(x19)	 f19:0x00102000  f3=0x00000000 PA:0x00101d08 store:0x4598f2e4
          12292	      6142	001012c0	d24ba207	flw	f4,-732(x23)	 f23:0x00102000  f4=0x00000000 PA:0x00101d24 store:0x42f67c6a
          12314	      6153	001012c4	a10a8513	addi	x10,x21,-1520	 x21:0x00102000 x10=0x00101a10
          12316	      6154	001012c8	1841f5d3	fdiv.s	f11,f3,f4	  f3:0x00000000  f4:0x00000000 f11=0x00000000
          12318	      6155	001012cc	d0b9a427	fsw	f11,-760(x19)	 f19:0x00102000 f11:0x00020000 PA:0x00101d08 store:0x0c5a11df load:0x42f67c6a
          12322	      6157	001012d0	d089a287	flw	f5,-760(x19)	 f19:0x00102000  f5=0x00000000 PA:0x00101d08 store:0x4598f2e4
          12324	      6158	001012d4	e0028f53	fmv.x.w	x30,f5	  f5:0x00000046 x30=0x0c5a11df
          12326	      6159	001012d8	cfea2c23	sw	x30,-776(x20)	 x20:0x00102000 x30:0x0c5a11df PA:0x00101cf8 store:0x0c5a11df load:0x0c5a11df
          12330	      6161	001012dc	dc5fe0ef	jal	x1,1000a0	  x1=0x001012e0
          12334	      6163	001000a0	00054803	lbu	x16,0(x10)	 x10:0x00101a10 x16=0x0000000a PA:0x00101a10 store:0x00000000
          12336	      6164	001000a4	06080663	beq	x16,x0,100110	 x16:0x0000000a  x0:0x00000000
          12338	      6165	001000a8	000207b7	lui	x15,0x20	 x15=0x00020000
          12342	      6167	001000ac	0107a023	sw	x16,0(x15)	 x15:0x00020000 x16:0x0000000a PA:0x00020000 store:0x0000000a load:0x00000000
          12346	      6169	001000b0	00154703	lbu	x14,1(x10)	 x10:0x00101a10 x14=0x00000020 PA:0x00101a11 store:0x001012e0
          12348	      6170	001000b4	04070e63	beq	x14,x0,100110	 x14:0x00000020  x0:0x00000000
          12352	      6172	001000b8	00e7a023	sw	x14,0(x15)	 x15:0x00020000 x14:0x00000020 PA:0x00020000 store:0x00000020 load:0x00000000
          12356	      6174	001000bc	00254283	lbu	x5,2(x10)	 x10:0x00101a10  x5=0x00000069 PA:0x00101a12 store:0x00137fa0
          12358	      6175	001000c0	04028863	beq	x5,x0,100110	  x5:0x00000069  x0:0x00000000
          12362	      6177	001000c4	0057a023	sw	x5,0(x15)	 x15:0x00020000  x5:0x00000069 PA:0x00020000 store:0x00000069 load:0x00000000
          12366	      6179	001000c8	00354303	lbu	x6,3(x10)	 x10:0x00101a10  x6=0x0000003d PA:0x00101a13 store:0x00000000
          12368	      6180	001000cc	04030263	beq	x6,x0,100110	  x6:0x0000003d  x0:0x00000000
          12372	      6182	001000d0	0067a023	sw	x6,0(x15)	 x15:0x00020000  x6:0x0000003d PA:0x00020000 store:0x0000003d load:0x00000000
          12376	      6184	001000d4	00454383	lbu	x7,4(x10)	 x10:0x00101a10  x7=0x00000000 PA:0x00101a14 store:0x00000000
          12380	      6186	001000d8	02038c63	beq	x7,x0,100110	  x7:0x00000000  x0:0x00000000
          12384	      6188	00100110	00000513	addi	x10,x0,0	  x0:0x00000000 x10=0x00000000
          12388	      6190	00100114	00008067	jalr	x0,0(x1)	  x1:0x001012e0  x0=0x00000000
          12390	      6191	001012e0	000d8513	addi	x10,x27,0	 x27:0x0000000f x10=0x0000000f
          12394	      6193	001012e4	e3dfe0ef	jal	x1,100120	  x1=0x001012e8
          12396	      6194	00100120	01c55793	srli	x15,x10,0x1c	 x10:0x0000000f x15=0x00000000
          12398	      6195	00100124	00900713	addi	x14,x0,9	  x0:0x00000000 x14=0x00000009
          12402	      6197	00100128	0cf77a63	bgeu	x14,x15,1001fc	 x14:0x00000009 x15:0x00000000
          12406	      6199	001001fc	03078393	addi	x7,x15,48	 x15:0x00000000  x7=0x00000030
          12408	      6200	00100200	000205b7	lui	x11,0x20	 x11=0x00020000
          12410	      6201	00100204	00451613	slli	x12,x10,0x4	 x10:0x0000000f x12=0x000000f0
          12414	      6203	00100208	0075a023	sw	x7,0(x11)	 x11:0x00020000  x7:0x00000030 PA:0x00020000 store:0x00000030 load:0x00000000
          12416	      6204	0010020c	01c65693	srli	x13,x12,0x1c	 x12:0x000000f0 x13=0x00000000
          12418	      6205	00100210	00900813	addi	x16,x0,9	  x0:0x00000000 x16=0x00000009
          12420	      6206	00100214	f2d86ae3	bltu	x16,x13,100148	 x16:0x00000009 x13:0x00000000
          12422	      6207	00100218	03068e93	addi	x29,x13,48	 x13:0x00000000 x29=0x00000030
          12424	      6208	0010021c	00020f37	lui	x30,0x20	 x30=0x00020000
          12426	      6209	00100220	00851f93	slli	x31,x10,0x8	 x10:0x0000000f x31=0x00000f00
          12430	      6211	00100224	01df2023	sw	x29,0(x30)	 x30:0x00020000 x29:0x00000030 PA:0x00020000 store:0x00000030 load:0x00000000
          12432	      6212	00100228	01cfd793	srli	x15,x31,0x1c	 x31:0x00000f00 x15=0x00000000
          12434	      6213	0010022c	00900713	addi	x14,x0,9	  x0:0x00000000 x14=0x00000009
          12436	      6214	00100230	f2f76ae3	bltu	x14,x15,100164	 x14:0x00000009 x15:0x00000000
          12438	      6215	00100234	03078393	addi	x7,x15,48	 x15:0x00000000  x7=0x00000030
          12440	      6216	00100238	000205b7	lui	x11,0x20	 x11=0x00020000
          12442	      6217	0010023c	00c51613	slli	x12,x10,0xc	 x10:0x0000000f x12=0x0000f000
          12446	      6219	00100240	0075a023	sw	x7,0(x11)	 x11:0x00020000  x7:0x00000030 PA:0x00020000 store:0x00000030 load:0x00000000
          12448	      6220	00100244	01c65693	srli	x13,x12,0x1c	 x12:0x0000f000 x13=0x00000000
          12450	      6221	00100248	00900813	addi	x16,x0,9	  x0:0x00000000 x16=0x00000009
          12452	      6222	0010024c	f2d86ae3	bltu	x16,x13,100180	 x16:0x00000009 x13:0x00000000
          12454	      6223	00100250	03068e93	addi	x29,x13,48	 x13:0x00000000 x29=0x00000030
          12456	      6224	00100254	00020f37	lui	x30,0x20	 x30=0x00020000
          12458	      6225	00100258	01051f93	slli	x31,x10,0x10	 x10:0x0000000f x31=0x000f0000
          12462	      6227	0010025c	01df2023	sw	x29,0(x30)	 x30:0x00020000 x29:0x00000030 PA:0x00020000 store:0x00000030 load:0x00000000
          12464	      6228	00100260	01cfd793	srli	x15,x31,0x1c	 x31:0x000f0000 x15=0x00000000
          12466	      6229	00100264	00900713	addi	x14,x0,9	  x0:0x00000000 x14=0x00000009
          12468	      6230	00100268	f2f76ae3	bltu	x14,x15,10019c	 x14:0x00000009 x15:0x00000000
          12470	      6231	0010026c	03078393	addi	x7,x15,48	 x15:0x00000000  x7=0x00000030
          12472	      6232	00100270	000205b7	lui	x11,0x20	 x11=0x00020000
          12474	      6233	00100274	01451613	slli	x12,x10,0x14	 x10:0x0000000f x12=0x00f00000
          12478	      6235	00100278	0075a023	sw	x7,0(x11)	 x11:0x00020000  x7:0x00000030 PA:0x00020000 store:0x00000030 load:0x00000000
          12480	      6236	0010027c	01c65693	srli	x13,x12,0x1c	 x12:0x00f00000 x13=0x00000000
          12482	      6237	00100280	00900813	addi	x16,x0,9	  x0:0x00000000 x16=0x00000009
          12484	      6238	00100284	f2d86ae3	bltu	x16,x13,1001b8	 x16:0x00000009 x13:0x00000000
          12486	      6239	00100288	03068e93	addi	x29,x13,48	 x13:0x00000000 x29=0x00000030
          12488	      6240	0010028c	00020f37	lui	x30,0x20	 x30=0x00020000
          12490	      6241	00100290	01851f93	slli	x31,x10,0x18	 x10:0x0000000f x31=0x0f000000
          12494	      6243	00100294	01df2023	sw	x29,0(x30)	 x30:0x00020000 x29:0x00000030 PA:0x00020000 store:0x00000030 load:0x00000000
          12496	      6244	00100298	01cfd793	srli	x15,x31,0x1c	 x31:0x0f000000 x15=0x00000000
          12498	      6245	0010029c	00900713	addi	x14,x0,9	  x0:0x00000000 x14=0x00000009
          12500	      6246	001002a0	f2f76ae3	bltu	x14,x15,1001d4	 x14:0x00000009 x15:0x00000000
          12502	      6247	001002a4	03078393	addi	x7,x15,48	 x15:0x00000000  x7=0x00000030
          12504	      6248	001002a8	000205b7	lui	x11,0x20	 x11=0x00020000
          12508	      6250	001002ac	0075a023	sw	x7,0(x11)	 x11:0x00020000  x7:0x00000030 PA:0x00020000 store:0x00000030 load:0x00000000
          12510	      6251	001002b0	00f57513	andi	x10,x10,15	 x10:0x0000000f x10=0x0000000f
          12512	      6252	001002b4	00900613	addi	x12,x0,9	  x0:0x00000000 x12=0x00000009
          12514	      6253	001002b8	f2a67ae3	bgeu	x12,x10,1001ec	 x12:0x00000009 x10:0x0000000f
          12516	      6254	001002bc	03750693	addi	x13,x10,55	 x10:0x0000000f x13=0x00000046
          12518	      6255	001002c0	00020837	lui	x16,0x20	 x16=0x00020000
          12522	      6257	001002c4	00d82023	sw	x13,0(x16)	 x16:0x00020000 x13:0x00000046 PA:0x00020000 store:0x00000046 load:0x00000000
          12526	      6259	001002c8	00008067	jalr	x0,0(x1)	  x1:0x001012e8  x0=0x00000000
          12528	      6260	001012e8	a18b0513	addi	x10,x22,-1512	 x22:0x00102000 x10=0x00101a18
          12532	      6262	001012ec	db5fe0ef	jal	x1,1000a0	  x1=0x001012f0
          12536	      6264	001000a0	00054803	lbu	x16,0(x10)	 x10:0x00101a18 x16=0x00000020 PA:0x00101a18 store:0x00000000
          12538	      6265	001000a4	06080663	beq	x16,x0,100110	 x16:0x00000020  x0:0x00000000
          12540	      6266	001000a8	000207b7	lui	x15,0x20	 x15=0x00020000
          12544	      6268	001000ac	0107a023	sw	x16,0(x15)	 x15:0x00020000 x16:0x00000020 PA:0x00020000 store:0x00000020 load:0x00000000
          12548	      6270	001000b0	00154703	lbu	x14,1(x10)	 x10:0x00101a18 x14=0x00000072 PA:0x00101a19 store:0x001012f0
          12550	      6271	001000b4	04070e63	beq	x14,x0,100110	 x14:0x00000072  x0:0x00000000
          12554	      6273	001000b8	00e7a023	sw	x14,0(x15)	 x15:0x00020000 x14:0x00000072 PA:0x00020000 store:0x00000072 load:0x00000000
          12558	      6275	001000bc	00254283	lbu	x5,2(x10)	 x10:0x00101a18  x5=0x00000065 PA:0x00101a1a store:0x00137fa0
          12560	      6276	001000c0	04028863	beq	x5,x0,100110	  x5:0x00000065  x0:0x00000000
          12564	      6278	001000c4	0057a023	sw	x5,0(x15)	 x15:0x00020000  x5:0x00000065 PA:0x00020000 store:0x00000065 load:0x00000000
          12568	      6280	001000c8	00354303	lbu	x6,3(x10)	 x10:0x00101a18  x6=0x00000073 PA:0x00101a1b store:0x00000000
          12570	      6281	001000cc	04030263	beq	x6,x0,100110	  x6:0x00000073  x0:0x00000000
          12574	      6283	001000d0	0067a023	sw	x6,0(x15)	 x15:0x00020000  x6:0x00000073 PA:0x00020000 store:0x00000073 load:0x00000000
          12578	      6285	001000d4	00454383	lbu	x7,4(x10)	 x10:0x00101a18  x7=0x00000075 PA:0x00101a1c store:0x00000000
          12580	      6286	001000d8	02038c63	beq	x7,x0,100110	  x7:0x00000075  x0:0x00000000
          12584	      6288	001000dc	0077a023	sw	x7,0(x15)	 x15:0x00020000  x7:0x00000075 PA:0x00020000 store:0x00000075 load:0x00000000
          12588	      6290	001000e0	00554583	lbu	x11,5(x10)	 x10:0x00101a18 x11=0x0000006c PA:0x00101a1d store:0x00000065
          12590	      6291	001000e4	02058663	beq	x11,x0,100110	 x11:0x0000006c  x0:0x00000000
          12594	      6293	001000e8	00b7a023	sw	x11,0(x15)	 x15:0x00020000 x11:0x0000006c PA:0x00020000 store:0x0000006c load:0x00000000
          12598	      6295	001000ec	00654603	lbu	x12,6(x10)	 x10:0x00101a18 x12=0x00000074 PA:0x00101a1e store:0x00000073
          12600	      6296	001000f0	02060063	beq	x12,x0,100110	 x12:0x00000074  x0:0x00000000
          12604	      6298	001000f4	00c7a023	sw	x12,0(x15)	 x15:0x00020000 x12:0x00000074 PA:0x00020000 store:0x00000074 load:0x00000000
          12608	      6300	001000f8	00754683	lbu	x13,7(x10)	 x10:0x00101a18 x13=0x0000003a PA:0x00101a1f store:0x00000075
          12610	      6301	001000fc	00850513	addi	x10,x10,8	 x10:0x00101a18 x10=0x00101a20
          12612	      6302	00100100	00068863	beq	x13,x0,100110	 x13:0x0000003a  x0:0x00000000
          12616	      6304	00100104	00d7a023	sw	x13,0(x15)	 x15:0x00020000 x13:0x0000003a PA:0x00020000 store:0x0000003a load:0x00000000
          12620	      6306	00100108	00054803	lbu	x16,0(x10)	 x10:0x00101a20 x16=0x00000020 PA:0x00101a20 store:0x00000000
          12624	      6308	0010010c	fa0810e3	bne	x16,x0,1000ac	 x16:0x00000020  x0:0x00000000
          12630	      6311	001000ac	0107a023	sw	x16,0(x15)	 x15:0x00020000 x16:0x00000020 PA:0x00020000 store:0x00000020 load:0x00000000
          12634	      6313	001000b0	00154703	lbu	x14,1(x10)	 x10:0x00101a20 x14=0x00000000 PA:0x00101a21 store:0x001012f0
          12638	      6315	001000b4	04070e63	beq	x14,x0,100110	 x14:0x00000000  x0:0x00000000
          12642	      6317	00100110	00000513	addi	x10,x0,0	  x0:0x00000000 x10=0x00000000
          12646	      6319	00100114	00008067	jalr	x0,0(x1)	  x1:0x001012f0  x0=0x00000000
          12650	      6321	001012f0	cf8a2503	lw	x10,-776(x20)	 x20:0x00102000 x10=0x0c5a11df PA:0x00101cf8 store:0x00000010
          12654	      6323	001012f4	e2dfe0ef	jal	x1,100120	  x1=0x001012f8
          12656	      6324	00100120	01c55793	srli	x15,x10,0x1c	 x10:0x0c5a11df x15=0x00000000
          12658	      6325	00100124	00900713	addi	x14,x0,9	  x0:0x00000000 x14=0x00000009
          12662	      6327	00100128	0cf77a63	bgeu	x14,x15,1001fc	 x14:0x00000009 x15:0x00000000
          12666	      6329	001001fc	03078393	addi	x7,x15,48	 x15:0x00000000  x7=0x00000030
          12668	      6330	00100200	000205b7	lui	x11,0x20	 x11=0x00020000
          12670	      6331	00100204	00451613	slli	x12,x10,0x4	 x10:0x0c5a11df x12=0xc5a11df0
          12674	      6333	00100208	0075a023	sw	x7,0(x11)	 x11:0x00020000  x7:0x00000030 PA:0x00020000 store:0x00000030 load:0x00000000
          12676	      6334	0010020c	01c65693	srli	x13,x12,0x1c	 x12:0xc5a11df0 x13=0x0000000c
          12678	      6335	00100210	00900813	addi	x16,x0,9	  x0:0x00000000 x16=0x00000009
          12682	      6337	00100214	f2d86ae3	bltu	x16,x13,100148	 x16:0x00000009 x13:0x0000000c
          12686	      6339	00100148	03768893	addi	x17,x13,55	 x13:0x0000000c x17=0x00000043
          12688	      6340	0010014c	00020e37	lui	x28,0x20	 x28=0x00020000
          12690	      6341	00100150	00851f93	slli	x31,x10,0x8	 x10:0x0c5a11df x31=0x5a11df00
          12694	      6343	00100154	011e2023	sw	x17,0(x28)	 x28:0x00020000 x17:0x00000043 PA:0x00020000 store:0x00000043 load:0x00000000
          12696	      6344	00100158	01cfd793	srli	x15,x31,0x1c	 x31:0x5a11df00 x15=0x00000005
          12698	      6345	0010015c	00900713	addi	x14,x0,9	  x0:0x00000000 x14=0x00000009
          12702	      6347	00100160	0cf77a63	bgeu	x14,x15,100234	 x14:0x00000009 x15:0x00000005
          12706	      6349	00100234	03078393	addi	x7,x15,48	 x15:0x00000005  x7=0x00000035
          12708	      6350	00100238	000205b7	lui	x11,0x20	 x11=0x00020000
          12710	      6351	0010023c	00c51613	slli	x12,x10,0xc	 x10:0x0c5a11df x12=0xa11df000
          12714	      6353	00100240	0075a023	sw	x7,0(x11)	 x11:0x00020000  x7:0x00000035 PA:0x00020000 store:0x00000035 load:0x00000000
          12716	      6354	00100244	01c65693	srli	x13,x12,0x1c	 x12:0xa11df000 x13=0x0000000a
          12718	      6355	00100248	00900813	addi	x16,x0,9	  x0:0x00000000 x16=0x00000009
          12722	      6357	0010024c	f2d86ae3	bltu	x16,x13,100180	 x16:0x00000009 x13:0x0000000a
          12726	      6359	00100180	03768893	addi	x17,x13,55	 x13:0x0000000a x17=0x00000041
          12728	      6360	00100184	00020e37	lui	x28,0x20	 x28=0x00020000
          12730	      6361	00100188	01051f93	slli	x31,x10,0x10	 x10:0x0c5a11df x31=0x11df0000
          12734	      6363	0010018c	011e2023	sw	x17,0(x28)	 x28:0x00020000 x17:0x00000041 PA:0x00020000 store:0x00000041 load:0x00000000
          12736	      6364	00100190	01cfd793	srli	x15,x31,0x1c	 x31:0x11df0000 x15=0x00000001
          12738	      6365	00100194	00900713	addi	x14,x0,9	  x0:0x00000000 x14=0x00000009
          12742	      6367	00100198	0cf77a63	bgeu	x14,x15,10026c	 x14:0x00000009 x15:0x00000001
          12746	      6369	0010026c	03078393	addi	x7,x15,48	 x15:0x00000001  x7=0x00000031
          12748	      6370	00100270	000205b7	lui	x11,0x20	 x11=0x00020000
          12750	      6371	00100274	01451613	slli	x12,x10,0x14	 x10:0x0c5a11df x12=0x1df00000
          12754	      6373	00100278	0075a023	sw	x7,0(x11)	 x11:0x00020000  x7:0x00000031 PA:0x00020000 store:0x00000031 load:0x00000000
          12756	      6374	0010027c	01c65693	srli	x13,x12,0x1c	 x12:0x1df00000 x13=0x00000001
          12758	      6375	00100280	00900813	addi	x16,x0,9	  x0:0x00000000 x16=0x00000009
          12760	      6376	00100284	f2d86ae3	bltu	x16,x13,1001b8	 x16:0x00000009 x13:0x00000001
          12762	      6377	00100288	03068e93	addi	x29,x13,48	 x13:0x00000001 x29=0x00000031
          12764	      6378	0010028c	00020f37	lui	x30,0x20	 x30=0x00020000
          12766	      6379	00100290	01851f93	slli	x31,x10,0x18	 x10:0x0c5a11df x31=0xdf000000
          12770	      6381	00100294	01df2023	sw	x29,0(x30)	 x30:0x00020000 x29:0x00000031 PA:0x00020000 store:0x00000031 load:0x00000000
          12772	      6382	00100298	01cfd793	srli	x15,x31,0x1c	 x31:0xdf000000 x15=0x0000000d
          12774	      6383	0010029c	00900713	addi	x14,x0,9	  x0:0x00000000 x14=0x00000009
          12778	      6385	001002a0	f2f76ae3	bltu	x14,x15,1001d4	 x14:0x00000009 x15:0x0000000d
          12782	      6387	001001d4	03778293	addi	x5,x15,55	 x15:0x0000000d  x5=0x00000044
          12784	      6388	001001d8	00020337	lui	x6,0x20	  x6=0x00020000
          12788	      6390	001001dc	00532023	sw	x5,0(x6)	  x6:0x00020000  x5:0x00000044 PA:0x00020000 store:0x00000044 load:0x00000000
          12790	      6391	001001e0	00f57513	andi	x10,x10,15	 x10:0x0c5a11df x10=0x0000000f
          12792	      6392	001001e4	00900613	addi	x12,x0,9	  x0:0x00000000 x12=0x00000009
          12796	      6394	001001e8	0ca66a63	bltu	x12,x10,1002bc	 x12:0x00000009 x10:0x0000000f
          12800	      6396	001002bc	03750693	addi	x13,x10,55	 x10:0x0000000f x13=0x00000046
          12802	      6397	001002c0	00020837	lui	x16,0x20	 x16=0x00020000
          12806	      6399	001002c4	00d82023	sw	x13,0(x16)	 x16:0x00020000 x13:0x00000046 PA:0x00020000 store:0x00000046 load:0x00000000
          12810	      6401	001002c8	00008067	jalr	x0,0(x1)	  x1:0x001012f8  x0=0x00000000
          12814	      6403	001012f8	f1ac10e3	bne	x24,x26,1011f8	 x24:0x00000010 x26:0x00000014
          12822	      6407	001011f8	d089a987	flw	f19,-760(x19)	 f19:0x00102000 f19=0x00000000 PA:0x00101d08 store:0x4598f2e4
          12824	      6408	001011fc	d24baa07	flw	f20,-732(x23)	 f23:0x00102000 f20=0x00000000 PA:0x00101d24 store:0x42f67c6a
          12848	      6420	00101200	a10a8513	addi	x10,x21,-1520	 x21:0x00102000 x10=0x00101a10
          12850	      6421	00101204	1949fad3	fdiv.s	f21,f19,f20	 f19:0x00102000 f20:0x00102000 f21=0x00000000
          12852	      6422	00101208	d159a427	fsw	f21,-760(x19)	 f19:0x00102000 f21:0x00102000 PA:0x00101d08 store:0x08e27cac load:0x42f67c6a
          12856	      6424	0010120c	d089ae07	flw	f28,-760(x19)	 f19:0x00102000 f28=0x00000000 PA:0x00101d08 store:0x4598f2e4
          12858	      6425	00101210	e00e0dd3	fmv.x.w	x27,f28	 f28:0x00020000 x27=0x08e27cac
          12860	      6426	00101214	cfba2c23	sw	x27,-776(x20)	 x20:0x00102000 x27:0x08e27cac PA:0x00101cf8 store:0x08e27cac load:0x08e27cac
          12864	      6428	00101218	e89fe0ef	jal	x1,1000a0	  x1=0x0010121c
          12868	      6430	001000a0	00054803	lbu	x16,0(x10)	 x10:0x00101a10 x16=0x0000000a PA:0x00101a10 store:0x00000000
          12870	      6431	001000a4	06080663	beq	x16,x0,100110	 x16:0x0000000a  x0:0x00000000
          12872	      6432	001000a8	000207b7	lui	x15,0x20	 x15=0x00020000
          12876	      6434	001000ac	0107a023	sw	x16,0(x15)	 x15:0x00020000 x16:0x0000000a PA:0x00020000 store:0x0000000a load:0x00000000
          12880	      6436	001000b0	00154703	lbu	x14,1(x10)	 x10:0x00101a10 x14=0x00000020 PA:0x00101a11 store:0x0010121c
          12882	      6437	001000b4	04070e63	beq	x14,x0,100110	 x14:0x00000020  x0:0x00000000
          12886	      6439	001000b8	00e7a023	sw	x14,0(x15)	 x15:0x00020000 x14:0x00000020 PA:0x00020000 store:0x00000020 load:0x00000000
          12890	      6441	001000bc	00254283	lbu	x5,2(x10)	 x10:0x00101a10  x5=0x00000069 PA:0x00101a12 store:0x00137fa0
          12892	      6442	001000c0	04028863	beq	x5,x0,100110	  x5:0x00000069  x0:0x00000000
          12896	      6444	001000c4	0057a023	sw	x5,0(x15)	 x15:0x00020000  x5:0x00000069 PA:0x00020000 store:0x00000069 load:0x00000000
          12900	      6446	001000c8	00354303	lbu	x6,3(x10)	 x10:0x00101a10  x6=0x0000003d PA:0x00101a13 store:0x00000000
          12902	      6447	001000cc	04030263	beq	x6,x0,100110	  x6:0x0000003d  x0:0x00000000
          12906	      6449	001000d0	0067a023	sw	x6,0(x15)	 x15:0x00020000  x6:0x0000003d PA:0x00020000 store:0x0000003d load:0x00000000
          12910	      6451	001000d4	00454383	lbu	x7,4(x10)	 x10:0x00101a10  x7=0x00000000 PA:0x00101a14 store:0x00000000
          12914	      6453	001000d8	02038c63	beq	x7,x0,100110	  x7:0x00000000  x0:0x00000000
          12918	      6455	00100110	00000513	addi	x10,x0,0	  x0:0x00000000 x10=0x00000000
          12922	      6457	00100114	00008067	jalr	x0,0(x1)	  x1:0x0010121c  x0=0x00000000
          12924	      6458	0010121c	000c0513	addi	x10,x24,0	 x24:0x00000010 x10=0x00000010
          12928	      6460	00101220	f01fe0ef	jal	x1,100120	  x1=0x00101224
          12930	      6461	00100120	01c55793	srli	x15,x10,0x1c	 x10:0x00000010 x15=0x00000000
          12932	      6462	00100124	00900713	addi	x14,x0,9	  x0:0x00000000 x14=0x00000009
          12936	      6464	00100128	0cf77a63	bgeu	x14,x15,1001fc	 x14:0x00000009 x15:0x00000000
          12940	      6466	001001fc	03078393	addi	x7,x15,48	 x15:0x00000000  x7=0x00000030
          12942	      6467	00100200	000205b7	lui	x11,0x20	 x11=0x00020000
          12944	      6468	00100204	00451613	slli	x12,x10,0x4	 x10:0x00000010 x12=0x00000100
          12948	      6470	00100208	0075a023	sw	x7,0(x11)	 x11:0x00020000  x7:0x00000030 PA:0x00020000 store:0x00000030 load:0x00000000
          12950	      6471	0010020c	01c65693	srli	x13,x12,0x1c	 x12:0x00000100 x13=0x00000000
          12952	      6472	00100210	00900813	addi	x16,x0,9	  x0:0x00000000 x16=0x00000009
          12954	      6473	00100214	f2d86ae3	bltu	x16,x13,100148	 x16:0x00000009 x13:0x00000000
          12956	      6474	00100218	03068e93	addi	x29,x13,48	 x13:0x00000000 x29=0x00000030
          12958	      6475	0010021c	00020f37	lui	x30,0x20	 x30=0x00020000
          12960	      6476	00100220	00851f93	slli	x31,x10,0x8	 x10:0x00000010 x31=0x00001000
          12964	      6478	00100224	01df2023	sw	x29,0(x30)	 x30:0x00020000 x29:0x00000030 PA:0x00020000 store:0x00000030 load:0x00000000
          12966	      6479	00100228	01cfd793	srli	x15,x31,0x1c	 x31:0x00001000 x15=0x00000000
          12968	      6480	0010022c	00900713	addi	x14,x0,9	  x0:0x00000000 x14=0x00000009
          12970	      6481	00100230	f2f76ae3	bltu	x14,x15,100164	 x14:0x00000009 x15:0x00000000
          12972	      6482	00100234	03078393	addi	x7,x15,48	 x15:0x00000000  x7=0x00000030
          12974	      6483	00100238	000205b7	lui	x11,0x20	 x11=0x00020000
          12976	      6484	0010023c	00c51613	slli	x12,x10,0xc	 x10:0x00000010 x12=0x00010000
          12980	      6486	00100240	0075a023	sw	x7,0(x11)	 x11:0x00020000  x7:0x00000030 PA:0x00020000 store:0x00000030 load:0x00000000
          12982	      6487	00100244	01c65693	srli	x13,x12,0x1c	 x12:0x00010000 x13=0x00000000
          12984	      6488	00100248	00900813	addi	x16,x0,9	  x0:0x00000000 x16=0x00000009
          12986	      6489	0010024c	f2d86ae3	bltu	x16,x13,100180	 x16:0x00000009 x13:0x00000000
          12988	      6490	00100250	03068e93	addi	x29,x13,48	 x13:0x00000000 x29=0x00000030
          12990	      6491	00100254	00020f37	lui	x30,0x20	 x30=0x00020000
          12992	      6492	00100258	01051f93	slli	x31,x10,0x10	 x10:0x00000010 x31=0x00100000
          12996	      6494	0010025c	01df2023	sw	x29,0(x30)	 x30:0x00020000 x29:0x00000030 PA:0x00020000 store:0x00000030 load:0x00000000
          12998	      6495	00100260	01cfd793	srli	x15,x31,0x1c	 x31:0x00100000 x15=0x00000000
          13000	      6496	00100264	00900713	addi	x14,x0,9	  x0:0x00000000 x14=0x00000009
          13002	      6497	00100268	f2f76ae3	bltu	x14,x15,10019c	 x14:0x00000009 x15:0x00000000
          13004	      6498	0010026c	03078393	addi	x7,x15,48	 x15:0x00000000  x7=0x00000030
          13006	      6499	00100270	000205b7	lui	x11,0x20	 x11=0x00020000
          13008	      6500	00100274	01451613	slli	x12,x10,0x14	 x10:0x00000010 x12=0x01000000
          13012	      6502	00100278	0075a023	sw	x7,0(x11)	 x11:0x00020000  x7:0x00000030 PA:0x00020000 store:0x00000030 load:0x00000000
          13014	      6503	0010027c	01c65693	srli	x13,x12,0x1c	 x12:0x01000000 x13=0x00000000
          13016	      6504	00100280	00900813	addi	x16,x0,9	  x0:0x00000000 x16=0x00000009
          13018	      6505	00100284	f2d86ae3	bltu	x16,x13,1001b8	 x16:0x00000009 x13:0x00000000
          13020	      6506	00100288	03068e93	addi	x29,x13,48	 x13:0x00000000 x29=0x00000030
          13022	      6507	0010028c	00020f37	lui	x30,0x20	 x30=0x00020000
          13024	      6508	00100290	01851f93	slli	x31,x10,0x18	 x10:0x00000010 x31=0x10000000
          13028	      6510	00100294	01df2023	sw	x29,0(x30)	 x30:0x00020000 x29:0x00000030 PA:0x00020000 store:0x00000030 load:0x00000000
          13030	      6511	00100298	01cfd793	srli	x15,x31,0x1c	 x31:0x10000000 x15=0x00000001
          13032	      6512	0010029c	00900713	addi	x14,x0,9	  x0:0x00000000 x14=0x00000009
          13034	      6513	001002a0	f2f76ae3	bltu	x14,x15,1001d4	 x14:0x00000009 x15:0x00000001
          13036	      6514	001002a4	03078393	addi	x7,x15,48	 x15:0x00000001  x7=0x00000031
          13038	      6515	001002a8	000205b7	lui	x11,0x20	 x11=0x00020000
          13042	      6517	001002ac	0075a023	sw	x7,0(x11)	 x11:0x00020000  x7:0x00000031 PA:0x00020000 store:0x00000031 load:0x00000000
          13044	      6518	001002b0	00f57513	andi	x10,x10,15	 x10:0x00000010 x10=0x00000000
          13046	      6519	001002b4	00900613	addi	x12,x0,9	  x0:0x00000000 x12=0x00000009
          13050	      6521	001002b8	f2a67ae3	bgeu	x12,x10,1001ec	 x12:0x00000009 x10:0x00000000
          13054	      6523	001001ec	03050893	addi	x17,x10,48	 x10:0x00000000 x17=0x00000030
          13056	      6524	001001f0	00020e37	lui	x28,0x20	 x28=0x00020000
          13060	      6526	001001f4	011e2023	sw	x17,0(x28)	 x28:0x00020000 x17:0x00000030 PA:0x00020000 store:0x00000030 load:0x00000000
          13064	      6528	001001f8	00008067	jalr	x0,0(x1)	  x1:0x00101224  x0=0x00000000
          13066	      6529	00101224	a18b0513	addi	x10,x22,-1512	 x22:0x00102000 x10=0x00101a18
          13070	      6531	00101228	e79fe0ef	jal	x1,1000a0	  x1=0x0010122c
          13074	      6533	001000a0	00054803	lbu	x16,0(x10)	 x10:0x00101a18 x16=0x00000020 PA:0x00101a18 store:0x00000000
          13076	      6534	001000a4	06080663	beq	x16,x0,100110	 x16:0x00000020  x0:0x00000000
          13078	      6535	001000a8	000207b7	lui	x15,0x20	 x15=0x00020000
          13082	      6537	001000ac	0107a023	sw	x16,0(x15)	 x15:0x00020000 x16:0x00000020 PA:0x00020000 store:0x00000020 load:0x00000000
          13086	      6539	001000b0	00154703	lbu	x14,1(x10)	 x10:0x00101a18 x14=0x00000072 PA:0x00101a19 store:0x0010122c
          13088	      6540	001000b4	04070e63	beq	x14,x0,100110	 x14:0x00000072  x0:0x00000000
          13092	      6542	001000b8	00e7a023	sw	x14,0(x15)	 x15:0x00020000 x14:0x00000072 PA:0x00020000 store:0x00000072 load:0x00000000
          13096	      6544	001000bc	00254283	lbu	x5,2(x10)	 x10:0x00101a18  x5=0x00000065 PA:0x00101a1a store:0x00137fa0
          13098	      6545	001000c0	04028863	beq	x5,x0,100110	  x5:0x00000065  x0:0x00000000
          13102	      6547	001000c4	0057a023	sw	x5,0(x15)	 x15:0x00020000  x5:0x00000065 PA:0x00020000 store:0x00000065 load:0x00000000
          13106	      6549	001000c8	00354303	lbu	x6,3(x10)	 x10:0x00101a18  x6=0x00000073 PA:0x00101a1b store:0x00000000
          13108	      6550	001000cc	04030263	beq	x6,x0,100110	  x6:0x00000073  x0:0x00000000
          13112	      6552	001000d0	0067a023	sw	x6,0(x15)	 x15:0x00020000  x6:0x00000073 PA:0x00020000 store:0x00000073 load:0x00000000
          13116	      6554	001000d4	00454383	lbu	x7,4(x10)	 x10:0x00101a18  x7=0x00000075 PA:0x00101a1c store:0x00000000
          13118	      6555	001000d8	02038c63	beq	x7,x0,100110	  x7:0x00000075  x0:0x00000000
          13122	      6557	001000dc	0077a023	sw	x7,0(x15)	 x15:0x00020000  x7:0x00000075 PA:0x00020000 store:0x00000075 load:0x00000000
          13126	      6559	001000e0	00554583	lbu	x11,5(x10)	 x10:0x00101a18 x11=0x0000006c PA:0x00101a1d store:0x00000065
          13128	      6560	001000e4	02058663	beq	x11,x0,100110	 x11:0x0000006c  x0:0x00000000
          13132	      6562	001000e8	00b7a023	sw	x11,0(x15)	 x15:0x00020000 x11:0x0000006c PA:0x00020000 store:0x0000006c load:0x00000000
          13136	      6564	001000ec	00654603	lbu	x12,6(x10)	 x10:0x00101a18 x12=0x00000074 PA:0x00101a1e store:0x00000073
          13138	      6565	001000f0	02060063	beq	x12,x0,100110	 x12:0x00000074  x0:0x00000000
          13142	      6567	001000f4	00c7a023	sw	x12,0(x15)	 x15:0x00020000 x12:0x00000074 PA:0x00020000 store:0x00000074 load:0x00000000
          13146	      6569	001000f8	00754683	lbu	x13,7(x10)	 x10:0x00101a18 x13=0x0000003a PA:0x00101a1f store:0x00000075
          13148	      6570	001000fc	00850513	addi	x10,x10,8	 x10:0x00101a18 x10=0x00101a20
          13150	      6571	00100100	00068863	beq	x13,x0,100110	 x13:0x0000003a  x0:0x00000000
          13154	      6573	00100104	00d7a023	sw	x13,0(x15)	 x15:0x00020000 x13:0x0000003a PA:0x00020000 store:0x0000003a load:0x00000000
          13158	      6575	00100108	00054803	lbu	x16,0(x10)	 x10:0x00101a20 x16=0x00000020 PA:0x00101a20 store:0x00000000
          13162	      6577	0010010c	fa0810e3	bne	x16,x0,1000ac	 x16:0x00000020  x0:0x00000000
          13168	      6580	001000ac	0107a023	sw	x16,0(x15)	 x15:0x00020000 x16:0x00000020 PA:0x00020000 store:0x00000020 load:0x00000000
          13172	      6582	001000b0	00154703	lbu	x14,1(x10)	 x10:0x00101a20 x14=0x00000000 PA:0x00101a21 store:0x0010122c
          13176	      6584	001000b4	04070e63	beq	x14,x0,100110	 x14:0x00000000  x0:0x00000000
          13180	      6586	00100110	00000513	addi	x10,x0,0	  x0:0x00000000 x10=0x00000000
          13184	      6588	00100114	00008067	jalr	x0,0(x1)	  x1:0x0010122c  x0=0x00000000
          13188	      6590	0010122c	cf8a2503	lw	x10,-776(x20)	 x20:0x00102000 x10=0x08e27cac PA:0x00101cf8 store:0x00000010
          13190	      6591	00101230	001c0d93	addi	x27,x24,1	 x24:0x00000010 x27=0x00000011
          13194	      6593	00101234	eedfe0ef	jal	x1,100120	  x1=0x00101238
          13196	      6594	00100120	01c55793	srli	x15,x10,0x1c	 x10:0x08e27cac x15=0x00000000
          13198	      6595	00100124	00900713	addi	x14,x0,9	  x0:0x00000000 x14=0x00000009
          13202	      6597	00100128	0cf77a63	bgeu	x14,x15,1001fc	 x14:0x00000009 x15:0x00000000
          13206	      6599	001001fc	03078393	addi	x7,x15,48	 x15:0x00000000  x7=0x00000030
          13208	      6600	00100200	000205b7	lui	x11,0x20	 x11=0x00020000
          13210	      6601	00100204	00451613	slli	x12,x10,0x4	 x10:0x08e27cac x12=0x8e27cac0
          13214	      6603	00100208	0075a023	sw	x7,0(x11)	 x11:0x00020000  x7:0x00000030 PA:0x00020000 store:0x00000030 load:0x00000000
          13216	      6604	0010020c	01c65693	srli	x13,x12,0x1c	 x12:0x8e27cac0 x13=0x00000008
          13218	      6605	00100210	00900813	addi	x16,x0,9	  x0:0x00000000 x16=0x00000009
          13220	      6606	00100214	f2d86ae3	bltu	x16,x13,100148	 x16:0x00000009 x13:0x00000008
          13222	      6607	00100218	03068e93	addi	x29,x13,48	 x13:0x00000008 x29=0x00000038
          13224	      6608	0010021c	00020f37	lui	x30,0x20	 x30=0x00020000
          13226	      6609	00100220	00851f93	slli	x31,x10,0x8	 x10:0x08e27cac x31=0xe27cac00
          13230	      6611	00100224	01df2023	sw	x29,0(x30)	 x30:0x00020000 x29:0x00000038 PA:0x00020000 store:0x00000038 load:0x00000000
          13232	      6612	00100228	01cfd793	srli	x15,x31,0x1c	 x31:0xe27cac00 x15=0x0000000e
          13234	      6613	0010022c	00900713	addi	x14,x0,9	  x0:0x00000000 x14=0x00000009
          13238	      6615	00100230	f2f76ae3	bltu	x14,x15,100164	 x14:0x00000009 x15:0x0000000e
          13242	      6617	00100164	03778293	addi	x5,x15,55	 x15:0x0000000e  x5=0x00000045
          13244	      6618	00100168	00020337	lui	x6,0x20	  x6=0x00020000
          13246	      6619	0010016c	00c51613	slli	x12,x10,0xc	 x10:0x08e27cac x12=0x27cac000
          13250	      6621	00100170	00532023	sw	x5,0(x6)	  x6:0x00020000  x5:0x00000045 PA:0x00020000 store:0x00000045 load:0x00000000
          13252	      6622	00100174	01c65693	srli	x13,x12,0x1c	 x12:0x27cac000 x13=0x00000002
          13254	      6623	00100178	00900813	addi	x16,x0,9	  x0:0x00000000 x16=0x00000009
          13258	      6625	0010017c	0cd87a63	bgeu	x16,x13,100250	 x16:0x00000009 x13:0x00000002
          13262	      6627	00100250	03068e93	addi	x29,x13,48	 x13:0x00000002 x29=0x00000032
          13264	      6628	00100254	00020f37	lui	x30,0x20	 x30=0x00020000
          13266	      6629	00100258	01051f93	slli	x31,x10,0x10	 x10:0x08e27cac x31=0x7cac0000
          13270	      6631	0010025c	01df2023	sw	x29,0(x30)	 x30:0x00020000 x29:0x00000032 PA:0x00020000 store:0x00000032 load:0x00000000
          13272	      6632	00100260	01cfd793	srli	x15,x31,0x1c	 x31:0x7cac0000 x15=0x00000007
          13274	      6633	00100264	00900713	addi	x14,x0,9	  x0:0x00000000 x14=0x00000009
          13276	      6634	00100268	f2f76ae3	bltu	x14,x15,10019c	 x14:0x00000009 x15:0x00000007
          13278	      6635	0010026c	03078393	addi	x7,x15,48	 x15:0x00000007  x7=0x00000037
          13280	      6636	00100270	000205b7	lui	x11,0x20	 x11=0x00020000
          13282	      6637	00100274	01451613	slli	x12,x10,0x14	 x10:0x08e27cac x12=0xcac00000
          13286	      6639	00100278	0075a023	sw	x7,0(x11)	 x11:0x00020000  x7:0x00000037 PA:0x00020000 store:0x00000037 load:0x00000000
          13288	      6640	0010027c	01c65693	srli	x13,x12,0x1c	 x12:0xcac00000 x13=0x0000000c
          13290	      6641	00100280	00900813	addi	x16,x0,9	  x0:0x00000000 x16=0x00000009
          13294	      6643	00100284	f2d86ae3	bltu	x16,x13,1001b8	 x16:0x00000009 x13:0x0000000c
          13298	      6645	001001b8	03768893	addi	x17,x13,55	 x13:0x0000000c x17=0x00000043
          13300	      6646	001001bc	00020e37	lui	x28,0x20	 x28=0x00020000
          13302	      6647	001001c0	01851f93	slli	x31,x10,0x18	 x10:0x08e27cac x31=0xac000000
          13306	      6649	001001c4	011e2023	sw	x17,0(x28)	 x28:0x00020000 x17:0x00000043 PA:0x00020000 store:0x00000043 load:0x00000000
          13308	      6650	001001c8	01cfd793	srli	x15,x31,0x1c	 x31:0xac000000 x15=0x0000000a
          13310	      6651	001001cc	00900713	addi	x14,x0,9	  x0:0x00000000 x14=0x00000009
          13312	      6652	001001d0	0cf77a63	bgeu	x14,x15,1002a4	 x14:0x00000009 x15:0x0000000a
          13314	      6653	001001d4	03778293	addi	x5,x15,55	 x15:0x0000000a  x5=0x00000041
          13316	      6654	001001d8	00020337	lui	x6,0x20	  x6=0x00020000
          13320	      6656	001001dc	00532023	sw	x5,0(x6)	  x6:0x00020000  x5:0x00000041 PA:0x00020000 store:0x00000041 load:0x00000000
          13322	      6657	001001e0	00f57513	andi	x10,x10,15	 x10:0x08e27cac x10=0x0000000c
          13324	      6658	001001e4	00900613	addi	x12,x0,9	  x0:0x00000000 x12=0x00000009
          13328	      6660	001001e8	0ca66a63	bltu	x12,x10,1002bc	 x12:0x00000009 x10:0x0000000c
          13332	      6662	001002bc	03750693	addi	x13,x10,55	 x10:0x0000000c x13=0x00000043
          13334	      6663	001002c0	00020837	lui	x16,0x20	 x16=0x00020000
          13338	      6665	001002c4	00d82023	sw	x13,0(x16)	 x16:0x00020000 x13:0x00000043 PA:0x00020000 store:0x00000043 load:0x00000000
          13348	      6670	001002c8	00008067	jalr	x0,0(x1)	  x1:0x00101238  x0=0x00000000
          13350	      6671	00101238	d089ae87	flw	f29,-760(x19)	 f19:0x00102000 f29=0x00000000 PA:0x00101d08 store:0x4598f2e4
          13352	      6672	0010123c	d24baf07	flw	f30,-732(x23)	 f23:0x00102000 f30=0x00000000 PA:0x00101d24 store:0x42f67c6a
          13374	      6683	00101240	a10a8513	addi	x10,x21,-1520	 x21:0x00102000 x10=0x00101a10
          13376	      6684	00101244	19eeffd3	fdiv.s	f31,f29,f30	 f29:0x00000032 f30:0x00020000 f31=0x00000000
          13378	      6685	00101248	d1f9a427	fsw	f31,-760(x19)	 f19:0x00102000 f31:0xac000000 PA:0x00101d08 store:0x056b3aa5 load:0x42f67c6a
          13382	      6687	0010124c	d089a007	flw	f0,-760(x19)	 f19:0x00102000  f0=0x00000000 PA:0x00101d08 store:0x4598f2e4
          13384	      6688	00101250	e0000e53	fmv.x.w	x28,f0	  f0:0x00000000 x28=0x056b3aa5
          13386	      6689	00101254	cfca2c23	sw	x28,-776(x20)	 x20:0x00102000 x28:0x056b3aa5 PA:0x00101cf8 store:0x056b3aa5 load:0x056b3aa5
          13390	      6691	00101258	e49fe0ef	jal	x1,1000a0	  x1=0x0010125c
          13394	      6693	001000a0	00054803	lbu	x16,0(x10)	 x10:0x00101a10 x16=0x0000000a PA:0x00101a10 store:0x00000000
          13396	      6694	001000a4	06080663	beq	x16,x0,100110	 x16:0x0000000a  x0:0x00000000
          13398	      6695	001000a8	000207b7	lui	x15,0x20	 x15=0x00020000
          13402	      6697	001000ac	0107a023	sw	x16,0(x15)	 x15:0x00020000 x16:0x0000000a PA:0x00020000 store:0x0000000a load:0x00000000
          13406	      6699	001000b0	00154703	lbu	x14,1(x10)	 x10:0x00101a10 x14=0x00000020 PA:0x00101a11 store:0x0010125c
          13408	      6700	001000b4	04070e63	beq	x14,x0,100110	 x14:0x00000020  x0:0x00000000
          13412	      6702	001000b8	00e7a023	sw	x14,0(x15)	 x15:0x00020000 x14:0x00000020 PA:0x00020000 store:0x00000020 load:0x00000000
          13416	      6704	001000bc	00254283	lbu	x5,2(x10)	 x10:0x00101a10  x5=0x00000069 PA:0x00101a12 store:0x00137fa0
          13418	      6705	001000c0	04028863	beq	x5,x0,100110	  x5:0x00000069  x0:0x00000000
          13422	      6707	001000c4	0057a023	sw	x5,0(x15)	 x15:0x00020000  x5:0x00000069 PA:0x00020000 store:0x00000069 load:0x00000000
          13426	      6709	001000c8	00354303	lbu	x6,3(x10)	 x10:0x00101a10  x6=0x0000003d PA:0x00101a13 store:0x00000000
          13428	      6710	001000cc	04030263	beq	x6,x0,100110	  x6:0x0000003d  x0:0x00000000
          13432	      6712	001000d0	0067a023	sw	x6,0(x15)	 x15:0x00020000  x6:0x0000003d PA:0x00020000 store:0x0000003d load:0x00000000
          13436	      6714	001000d4	00454383	lbu	x7,4(x10)	 x10:0x00101a10  x7=0x00000000 PA:0x00101a14 store:0x00000000
          13440	      6716	001000d8	02038c63	beq	x7,x0,100110	  x7:0x00000000  x0:0x00000000
          13444	      6718	00100110	00000513	addi	x10,x0,0	  x0:0x00000000 x10=0x00000000
          13448	      6720	00100114	00008067	jalr	x0,0(x1)	  x1:0x0010125c  x0=0x00000000
          13450	      6721	0010125c	000d8513	addi	x10,x27,0	 x27:0x00000011 x10=0x00000011
          13454	      6723	00101260	ec1fe0ef	jal	x1,100120	  x1=0x00101264
          13456	      6724	00100120	01c55793	srli	x15,x10,0x1c	 x10:0x00000011 x15=0x00000000
          13458	      6725	00100124	00900713	addi	x14,x0,9	  x0:0x00000000 x14=0x00000009
          13462	      6727	00100128	0cf77a63	bgeu	x14,x15,1001fc	 x14:0x00000009 x15:0x00000000
          13466	      6729	001001fc	03078393	addi	x7,x15,48	 x15:0x00000000  x7=0x00000030
          13468	      6730	00100200	000205b7	lui	x11,0x20	 x11=0x00020000
          13470	      6731	00100204	00451613	slli	x12,x10,0x4	 x10:0x00000011 x12=0x00000110
          13474	      6733	00100208	0075a023	sw	x7,0(x11)	 x11:0x00020000  x7:0x00000030 PA:0x00020000 store:0x00000030 load:0x00000000
          13476	      6734	0010020c	01c65693	srli	x13,x12,0x1c	 x12:0x00000110 x13=0x00000000
          13478	      6735	00100210	00900813	addi	x16,x0,9	  x0:0x00000000 x16=0x00000009
          13480	      6736	00100214	f2d86ae3	bltu	x16,x13,100148	 x16:0x00000009 x13:0x00000000
          13482	      6737	00100218	03068e93	addi	x29,x13,48	 x13:0x00000000 x29=0x00000030
          13484	      6738	0010021c	00020f37	lui	x30,0x20	 x30=0x00020000
          13486	      6739	00100220	00851f93	slli	x31,x10,0x8	 x10:0x00000011 x31=0x00001100
          13490	      6741	00100224	01df2023	sw	x29,0(x30)	 x30:0x00020000 x29:0x00000030 PA:0x00020000 store:0x00000030 load:0x00000000
          13492	      6742	00100228	01cfd793	srli	x15,x31,0x1c	 x31:0x00001100 x15=0x00000000
          13494	      6743	0010022c	00900713	addi	x14,x0,9	  x0:0x00000000 x14=0x00000009
          13496	      6744	00100230	f2f76ae3	bltu	x14,x15,100164	 x14:0x00000009 x15:0x00000000
          13498	      6745	00100234	03078393	addi	x7,x15,48	 x15:0x00000000  x7=0x00000030
          13500	      6746	00100238	000205b7	lui	x11,0x20	 x11=0x00020000
          13502	      6747	0010023c	00c51613	slli	x12,x10,0xc	 x10:0x00000011 x12=0x00011000
          13506	      6749	00100240	0075a023	sw	x7,0(x11)	 x11:0x00020000  x7:0x00000030 PA:0x00020000 store:0x00000030 load:0x00000000
          13508	      6750	00100244	01c65693	srli	x13,x12,0x1c	 x12:0x00011000 x13=0x00000000
          13510	      6751	00100248	00900813	addi	x16,x0,9	  x0:0x00000000 x16=0x00000009
          13512	      6752	0010024c	f2d86ae3	bltu	x16,x13,100180	 x16:0x00000009 x13:0x00000000
          13514	      6753	00100250	03068e93	addi	x29,x13,48	 x13:0x00000000 x29=0x00000030
          13516	      6754	00100254	00020f37	lui	x30,0x20	 x30=0x00020000
          13518	      6755	00100258	01051f93	slli	x31,x10,0x10	 x10:0x00000011 x31=0x00110000
          13522	      6757	0010025c	01df2023	sw	x29,0(x30)	 x30:0x00020000 x29:0x00000030 PA:0x00020000 store:0x00000030 load:0x00000000
          13524	      6758	00100260	01cfd793	srli	x15,x31,0x1c	 x31:0x00110000 x15=0x00000000
          13526	      6759	00100264	00900713	addi	x14,x0,9	  x0:0x00000000 x14=0x00000009
          13528	      6760	00100268	f2f76ae3	bltu	x14,x15,10019c	 x14:0x00000009 x15:0x00000000
          13530	      6761	0010026c	03078393	addi	x7,x15,48	 x15:0x00000000  x7=0x00000030
          13532	      6762	00100270	000205b7	lui	x11,0x20	 x11=0x00020000
          13534	      6763	00100274	01451613	slli	x12,x10,0x14	 x10:0x00000011 x12=0x01100000
          13538	      6765	00100278	0075a023	sw	x7,0(x11)	 x11:0x00020000  x7:0x00000030 PA:0x00020000 store:0x00000030 load:0x00000000
          13540	      6766	0010027c	01c65693	srli	x13,x12,0x1c	 x12:0x01100000 x13=0x00000000
          13542	      6767	00100280	00900813	addi	x16,x0,9	  x0:0x00000000 x16=0x00000009
          13544	      6768	00100284	f2d86ae3	bltu	x16,x13,1001b8	 x16:0x00000009 x13:0x00000000
          13546	      6769	00100288	03068e93	addi	x29,x13,48	 x13:0x00000000 x29=0x00000030
          13548	      6770	0010028c	00020f37	lui	x30,0x20	 x30=0x00020000
          13550	      6771	00100290	01851f93	slli	x31,x10,0x18	 x10:0x00000011 x31=0x11000000
          13554	      6773	00100294	01df2023	sw	x29,0(x30)	 x30:0x00020000 x29:0x00000030 PA:0x00020000 store:0x00000030 load:0x00000000
          13556	      6774	00100298	01cfd793	srli	x15,x31,0x1c	 x31:0x11000000 x15=0x00000001
          13558	      6775	0010029c	00900713	addi	x14,x0,9	  x0:0x00000000 x14=0x00000009
          13560	      6776	001002a0	f2f76ae3	bltu	x14,x15,1001d4	 x14:0x00000009 x15:0x00000001
          13562	      6777	001002a4	03078393	addi	x7,x15,48	 x15:0x00000001  x7=0x00000031
          13564	      6778	001002a8	000205b7	lui	x11,0x20	 x11=0x00020000
          13568	      6780	001002ac	0075a023	sw	x7,0(x11)	 x11:0x00020000  x7:0x00000031 PA:0x00020000 store:0x00000031 load:0x00000000
          13570	      6781	001002b0	00f57513	andi	x10,x10,15	 x10:0x00000011 x10=0x00000001
          13572	      6782	001002b4	00900613	addi	x12,x0,9	  x0:0x00000000 x12=0x00000009
          13576	      6784	001002b8	f2a67ae3	bgeu	x12,x10,1001ec	 x12:0x00000009 x10:0x00000001
          13580	      6786	001001ec	03050893	addi	x17,x10,48	 x10:0x00000001 x17=0x00000031
          13582	      6787	001001f0	00020e37	lui	x28,0x20	 x28=0x00020000
          13586	      6789	001001f4	011e2023	sw	x17,0(x28)	 x28:0x00020000 x17:0x00000031 PA:0x00020000 store:0x00000031 load:0x00000000
          13590	      6791	001001f8	00008067	jalr	x0,0(x1)	  x1:0x00101264  x0=0x00000000
          13592	      6792	00101264	a18b0513	addi	x10,x22,-1512	 x22:0x00102000 x10=0x00101a18
          13596	      6794	00101268	e39fe0ef	jal	x1,1000a0	  x1=0x0010126c
          13600	      6796	001000a0	00054803	lbu	x16,0(x10)	 x10:0x00101a18 x16=0x00000020 PA:0x00101a18 store:0x00000000
          13602	      6797	001000a4	06080663	beq	x16,x0,100110	 x16:0x00000020  x0:0x00000000
          13604	      6798	001000a8	000207b7	lui	x15,0x20	 x15=0x00020000
          13608	      6800	001000ac	0107a023	sw	x16,0(x15)	 x15:0x00020000 x16:0x00000020 PA:0x00020000 store:0x00000020 load:0x00000000
          13612	      6802	001000b0	00154703	lbu	x14,1(x10)	 x10:0x00101a18 x14=0x00000072 PA:0x00101a19 store:0x0010126c
          13614	      6803	001000b4	04070e63	beq	x14,x0,100110	 x14:0x00000072  x0:0x00000000
          13618	      6805	001000b8	00e7a023	sw	x14,0(x15)	 x15:0x00020000 x14:0x00000072 PA:0x00020000 store:0x00000072 load:0x00000000
          13622	      6807	001000bc	00254283	lbu	x5,2(x10)	 x10:0x00101a18  x5=0x00000065 PA:0x00101a1a store:0x00137fa0
          13624	      6808	001000c0	04028863	beq	x5,x0,100110	  x5:0x00000065  x0:0x00000000
          13628	      6810	001000c4	0057a023	sw	x5,0(x15)	 x15:0x00020000  x5:0x00000065 PA:0x00020000 store:0x00000065 load:0x00000000
          13632	      6812	001000c8	00354303	lbu	x6,3(x10)	 x10:0x00101a18  x6=0x00000073 PA:0x00101a1b store:0x00000000
          13634	      6813	001000cc	04030263	beq	x6,x0,100110	  x6:0x00000073  x0:0x00000000
          13638	      6815	001000d0	0067a023	sw	x6,0(x15)	 x15:0x00020000  x6:0x00000073 PA:0x00020000 store:0x00000073 load:0x00000000
          13642	      6817	001000d4	00454383	lbu	x7,4(x10)	 x10:0x00101a18  x7=0x00000075 PA:0x00101a1c store:0x00000000
          13644	      6818	001000d8	02038c63	beq	x7,x0,100110	  x7:0x00000075  x0:0x00000000
          13648	      6820	001000dc	0077a023	sw	x7,0(x15)	 x15:0x00020000  x7:0x00000075 PA:0x00020000 store:0x00000075 load:0x00000000
          13652	      6822	001000e0	00554583	lbu	x11,5(x10)	 x10:0x00101a18 x11=0x0000006c PA:0x00101a1d store:0x00000065
          13654	      6823	001000e4	02058663	beq	x11,x0,100110	 x11:0x0000006c  x0:0x00000000
          13658	      6825	001000e8	00b7a023	sw	x11,0(x15)	 x15:0x00020000 x11:0x0000006c PA:0x00020000 store:0x0000006c load:0x00000000
          13662	      6827	001000ec	00654603	lbu	x12,6(x10)	 x10:0x00101a18 x12=0x00000074 PA:0x00101a1e store:0x00000073
          13664	      6828	001000f0	02060063	beq	x12,x0,100110	 x12:0x00000074  x0:0x00000000
          13668	      6830	001000f4	00c7a023	sw	x12,0(x15)	 x15:0x00020000 x12:0x00000074 PA:0x00020000 store:0x00000074 load:0x00000000
          13672	      6832	001000f8	00754683	lbu	x13,7(x10)	 x10:0x00101a18 x13=0x0000003a PA:0x00101a1f store:0x00000075
          13674	      6833	001000fc	00850513	addi	x10,x10,8	 x10:0x00101a18 x10=0x00101a20
          13676	      6834	00100100	00068863	beq	x13,x0,100110	 x13:0x0000003a  x0:0x00000000
          13680	      6836	00100104	00d7a023	sw	x13,0(x15)	 x15:0x00020000 x13:0x0000003a PA:0x00020000 store:0x0000003a load:0x00000000
          13684	      6838	00100108	00054803	lbu	x16,0(x10)	 x10:0x00101a20 x16=0x00000020 PA:0x00101a20 store:0x00000000
          13688	      6840	0010010c	fa0810e3	bne	x16,x0,1000ac	 x16:0x00000020  x0:0x00000000
          13694	      6843	001000ac	0107a023	sw	x16,0(x15)	 x15:0x00020000 x16:0x00000020 PA:0x00020000 store:0x00000020 load:0x00000000
          13698	      6845	001000b0	00154703	lbu	x14,1(x10)	 x10:0x00101a20 x14=0x00000000 PA:0x00101a21 store:0x0010126c
          13702	      6847	001000b4	04070e63	beq	x14,x0,100110	 x14:0x00000000  x0:0x00000000
          13706	      6849	00100110	00000513	addi	x10,x0,0	  x0:0x00000000 x10=0x00000000
          13710	      6851	00100114	00008067	jalr	x0,0(x1)	  x1:0x0010126c  x0=0x00000000
          13714	      6853	0010126c	cf8a2503	lw	x10,-776(x20)	 x20:0x00102000 x10=0x056b3aa5 PA:0x00101cf8 store:0x00000010
          13716	      6854	00101270	002c0d93	addi	x27,x24,2	 x24:0x00000010 x27=0x00000012
          13720	      6856	00101274	eadfe0ef	jal	x1,100120	  x1=0x00101278
          13722	      6857	00100120	01c55793	srli	x15,x10,0x1c	 x10:0x056b3aa5 x15=0x00000000
          13724	      6858	00100124	00900713	addi	x14,x0,9	  x0:0x00000000 x14=0x00000009
          13728	      6860	00100128	0cf77a63	bgeu	x14,x15,1001fc	 x14:0x00000009 x15:0x00000000
          13732	      6862	001001fc	03078393	addi	x7,x15,48	 x15:0x00000000  x7=0x00000030
          13734	      6863	00100200	000205b7	lui	x11,0x20	 x11=0x00020000
          13736	      6864	00100204	00451613	slli	x12,x10,0x4	 x10:0x056b3aa5 x12=0x56b3aa50
          13740	      6866	00100208	0075a023	sw	x7,0(x11)	 x11:0x00020000  x7:0x00000030 PA:0x00020000 store:0x00000030 load:0x00000000
          13742	      6867	0010020c	01c65693	srli	x13,x12,0x1c	 x12:0x56b3aa50 x13=0x00000005
          13744	      6868	00100210	00900813	addi	x16,x0,9	  x0:0x00000000 x16=0x00000009
          13746	      6869	00100214	f2d86ae3	bltu	x16,x13,100148	 x16:0x00000009 x13:0x00000005
          13748	      6870	00100218	03068e93	addi	x29,x13,48	 x13:0x00000005 x29=0x00000035
          13750	      6871	0010021c	00020f37	lui	x30,0x20	 x30=0x00020000
          13752	      6872	00100220	00851f93	slli	x31,x10,0x8	 x10:0x056b3aa5 x31=0x6b3aa500
          13756	      6874	00100224	01df2023	sw	x29,0(x30)	 x30:0x00020000 x29:0x00000035 PA:0x00020000 store:0x00000035 load:0x00000000
          13758	      6875	00100228	01cfd793	srli	x15,x31,0x1c	 x31:0x6b3aa500 x15=0x00000006
          13760	      6876	0010022c	00900713	addi	x14,x0,9	  x0:0x00000000 x14=0x00000009
          13762	      6877	00100230	f2f76ae3	bltu	x14,x15,100164	 x14:0x00000009 x15:0x00000006
          13764	      6878	00100234	03078393	addi	x7,x15,48	 x15:0x00000006  x7=0x00000036
          13766	      6879	00100238	000205b7	lui	x11,0x20	 x11=0x00020000
          13768	      6880	0010023c	00c51613	slli	x12,x10,0xc	 x10:0x056b3aa5 x12=0xb3aa5000
          13772	      6882	00100240	0075a023	sw	x7,0(x11)	 x11:0x00020000  x7:0x00000036 PA:0x00020000 store:0x00000036 load:0x00000000
          13774	      6883	00100244	01c65693	srli	x13,x12,0x1c	 x12:0xb3aa5000 x13=0x0000000b
          13776	      6884	00100248	00900813	addi	x16,x0,9	  x0:0x00000000 x16=0x00000009
          13780	      6886	0010024c	f2d86ae3	bltu	x16,x13,100180	 x16:0x00000009 x13:0x0000000b
          13784	      6888	00100180	03768893	addi	x17,x13,55	 x13:0x0000000b x17=0x00000042
          13786	      6889	00100184	00020e37	lui	x28,0x20	 x28=0x00020000
          13788	      6890	00100188	01051f93	slli	x31,x10,0x10	 x10:0x056b3aa5 x31=0x3aa50000
          13792	      6892	0010018c	011e2023	sw	x17,0(x28)	 x28:0x00020000 x17:0x00000042 PA:0x00020000 store:0x00000042 load:0x00000000
          13794	      6893	00100190	01cfd793	srli	x15,x31,0x1c	 x31:0x3aa50000 x15=0x00000003
          13796	      6894	00100194	00900713	addi	x14,x0,9	  x0:0x00000000 x14=0x00000009
          13800	      6896	00100198	0cf77a63	bgeu	x14,x15,10026c	 x14:0x00000009 x15:0x00000003
          13804	      6898	0010026c	03078393	addi	x7,x15,48	 x15:0x00000003  x7=0x00000033
          13806	      6899	00100270	000205b7	lui	x11,0x20	 x11=0x00020000
          13808	      6900	00100274	01451613	slli	x12,x10,0x14	 x10:0x056b3aa5 x12=0xaa500000
          13812	      6902	00100278	0075a023	sw	x7,0(x11)	 x11:0x00020000  x7:0x00000033 PA:0x00020000 store:0x00000033 load:0x00000000
          13814	      6903	0010027c	01c65693	srli	x13,x12,0x1c	 x12:0xaa500000 x13=0x0000000a
          13816	      6904	00100280	00900813	addi	x16,x0,9	  x0:0x00000000 x16=0x00000009
          13820	      6906	00100284	f2d86ae3	bltu	x16,x13,1001b8	 x16:0x00000009 x13:0x0000000a
          13824	      6908	001001b8	03768893	addi	x17,x13,55	 x13:0x0000000a x17=0x00000041
          13826	      6909	001001bc	00020e37	lui	x28,0x20	 x28=0x00020000
          13828	      6910	001001c0	01851f93	slli	x31,x10,0x18	 x10:0x056b3aa5 x31=0xa5000000
          13832	      6912	001001c4	011e2023	sw	x17,0(x28)	 x28:0x00020000 x17:0x00000041 PA:0x00020000 store:0x00000041 load:0x00000000
          13834	      6913	001001c8	01cfd793	srli	x15,x31,0x1c	 x31:0xa5000000 x15=0x0000000a
          13836	      6914	001001cc	00900713	addi	x14,x0,9	  x0:0x00000000 x14=0x00000009
          13838	      6915	001001d0	0cf77a63	bgeu	x14,x15,1002a4	 x14:0x00000009 x15:0x0000000a
          13840	      6916	001001d4	03778293	addi	x5,x15,55	 x15:0x0000000a  x5=0x00000041
          13842	      6917	001001d8	00020337	lui	x6,0x20	  x6=0x00020000
          13846	      6919	001001dc	00532023	sw	x5,0(x6)	  x6:0x00020000  x5:0x00000041 PA:0x00020000 store:0x00000041 load:0x00000000
          13848	      6920	001001e0	00f57513	andi	x10,x10,15	 x10:0x056b3aa5 x10=0x00000005
          13850	      6921	001001e4	00900613	addi	x12,x0,9	  x0:0x00000000 x12=0x00000009
          13852	      6922	001001e8	0ca66a63	bltu	x12,x10,1002bc	 x12:0x00000009 x10:0x00000005
          13854	      6923	001001ec	03050893	addi	x17,x10,48	 x10:0x00000005 x17=0x00000035
          13856	      6924	001001f0	00020e37	lui	x28,0x20	 x28=0x00020000
          13860	      6926	001001f4	011e2023	sw	x17,0(x28)	 x28:0x00020000 x17:0x00000035 PA:0x00020000 store:0x00000035 load:0x00000000
          13870	      6931	001001f8	00008067	jalr	x0,0(x1)	  x1:0x00101278  x0=0x00000000
          13872	      6932	00101278	d089a087	flw	f1,-760(x19)	 f19:0x00102000  f1=0x00000000 PA:0x00101d08 store:0x4598f2e4
          13874	      6933	0010127c	d24ba107	flw	f2,-732(x23)	 f23:0x00102000  f2=0x00000000 PA:0x00101d24 store:0x42f67c6a
          13896	      6944	00101280	a10a8513	addi	x10,x21,-1520	 x21:0x00102000 x10=0x00101a10
          13898	      6945	00101284	1820f753	fdiv.s	f14,f1,f2	  f1:0x00101278  f2:0x00137fa0 f14=0x00000000
          13900	      6946	00101288	d0e9a427	fsw	f14,-760(x19)	 f19:0x00102000 f14:0x00000009 PA:0x00101d08 store:0x01f44f00 load:0x42f67c6a
          13904	      6948	0010128c	d089a787	flw	f15,-760(x19)	 f19:0x00102000 f15=0x00000000 PA:0x00101d08 store:0x4598f2e4
          13906	      6949	00101290	e0078ed3	fmv.x.w	x29,f15	 f15:0x0000000a x29=0x01f44f00
          13908	      6950	00101294	cfda2c23	sw	x29,-776(x20)	 x20:0x00102000 x29:0x01f44f00 PA:0x00101cf8 store:0x01f44f00 load:0x01f44f00
          13912	      6952	00101298	e09fe0ef	jal	x1,1000a0	  x1=0x0010129c
          13916	      6954	001000a0	00054803	lbu	x16,0(x10)	 x10:0x00101a10 x16=0x0000000a PA:0x00101a10 store:0x00000000
          13918	      6955	001000a4	06080663	beq	x16,x0,100110	 x16:0x0000000a  x0:0x00000000
          13920	      6956	001000a8	000207b7	lui	x15,0x20	 x15=0x00020000
          13924	      6958	001000ac	0107a023	sw	x16,0(x15)	 x15:0x00020000 x16:0x0000000a PA:0x00020000 store:0x0000000a load:0x00000000
          13928	      6960	001000b0	00154703	lbu	x14,1(x10)	 x10:0x00101a10 x14=0x00000020 PA:0x00101a11 store:0x0010129c
          13930	      6961	001000b4	04070e63	beq	x14,x0,100110	 x14:0x00000020  x0:0x00000000
          13934	      6963	001000b8	00e7a023	sw	x14,0(x15)	 x15:0x00020000 x14:0x00000020 PA:0x00020000 store:0x00000020 load:0x00000000
          13938	      6965	001000bc	00254283	lbu	x5,2(x10)	 x10:0x00101a10  x5=0x00000069 PA:0x00101a12 store:0x00137fa0
          13940	      6966	001000c0	04028863	beq	x5,x0,100110	  x5:0x00000069  x0:0x00000000
          13944	      6968	001000c4	0057a023	sw	x5,0(x15)	 x15:0x00020000  x5:0x00000069 PA:0x00020000 store:0x00000069 load:0x00000000
          13948	      6970	001000c8	00354303	lbu	x6,3(x10)	 x10:0x00101a10  x6=0x0000003d PA:0x00101a13 store:0x00000000
          13950	      6971	001000cc	04030263	beq	x6,x0,100110	  x6:0x0000003d  x0:0x00000000
          13954	      6973	001000d0	0067a023	sw	x6,0(x15)	 x15:0x00020000  x6:0x0000003d PA:0x00020000 store:0x0000003d load:0x00000000
          13958	      6975	001000d4	00454383	lbu	x7,4(x10)	 x10:0x00101a10  x7=0x00000000 PA:0x00101a14 store:0x00000000
          13962	      6977	001000d8	02038c63	beq	x7,x0,100110	  x7:0x00000000  x0:0x00000000
          13966	      6979	00100110	00000513	addi	x10,x0,0	  x0:0x00000000 x10=0x00000000
          13970	      6981	00100114	00008067	jalr	x0,0(x1)	  x1:0x0010129c  x0=0x00000000
          13972	      6982	0010129c	000d8513	addi	x10,x27,0	 x27:0x00000012 x10=0x00000012
          13976	      6984	001012a0	e81fe0ef	jal	x1,100120	  x1=0x001012a4
          13978	      6985	00100120	01c55793	srli	x15,x10,0x1c	 x10:0x00000012 x15=0x00000000
          13980	      6986	00100124	00900713	addi	x14,x0,9	  x0:0x00000000 x14=0x00000009
          13984	      6988	00100128	0cf77a63	bgeu	x14,x15,1001fc	 x14:0x00000009 x15:0x00000000
          13988	      6990	001001fc	03078393	addi	x7,x15,48	 x15:0x00000000  x7=0x00000030
          13990	      6991	00100200	000205b7	lui	x11,0x20	 x11=0x00020000
          13992	      6992	00100204	00451613	slli	x12,x10,0x4	 x10:0x00000012 x12=0x00000120
          13996	      6994	00100208	0075a023	sw	x7,0(x11)	 x11:0x00020000  x7:0x00000030 PA:0x00020000 store:0x00000030 load:0x00000000
          13998	      6995	0010020c	01c65693	srli	x13,x12,0x1c	 x12:0x00000120 x13=0x00000000
          14000	      6996	00100210	00900813	addi	x16,x0,9	  x0:0x00000000 x16=0x00000009
          14002	      6997	00100214	f2d86ae3	bltu	x16,x13,100148	 x16:0x00000009 x13:0x00000000
          14004	      6998	00100218	03068e93	addi	x29,x13,48	 x13:0x00000000 x29=0x00000030
          14006	      6999	0010021c	00020f37	lui	x30,0x20	 x30=0x00020000
          14008	      7000	00100220	00851f93	slli	x31,x10,0x8	 x10:0x00000012 x31=0x00001200
          14012	      7002	00100224	01df2023	sw	x29,0(x30)	 x30:0x00020000 x29:0x00000030 PA:0x00020000 store:0x00000030 load:0x00000000
          14014	      7003	00100228	01cfd793	srli	x15,x31,0x1c	 x31:0x00001200 x15=0x00000000
          14016	      7004	0010022c	00900713	addi	x14,x0,9	  x0:0x00000000 x14=0x00000009
          14018	      7005	00100230	f2f76ae3	bltu	x14,x15,100164	 x14:0x00000009 x15:0x00000000
          14020	      7006	00100234	03078393	addi	x7,x15,48	 x15:0x00000000  x7=0x00000030
          14022	      7007	00100238	000205b7	lui	x11,0x20	 x11=0x00020000
          14024	      7008	0010023c	00c51613	slli	x12,x10,0xc	 x10:0x00000012 x12=0x00012000
          14028	      7010	00100240	0075a023	sw	x7,0(x11)	 x11:0x00020000  x7:0x00000030 PA:0x00020000 store:0x00000030 load:0x00000000
          14030	      7011	00100244	01c65693	srli	x13,x12,0x1c	 x12:0x00012000 x13=0x00000000
          14032	      7012	00100248	00900813	addi	x16,x0,9	  x0:0x00000000 x16=0x00000009
          14034	      7013	0010024c	f2d86ae3	bltu	x16,x13,100180	 x16:0x00000009 x13:0x00000000
          14036	      7014	00100250	03068e93	addi	x29,x13,48	 x13:0x00000000 x29=0x00000030
          14038	      7015	00100254	00020f37	lui	x30,0x20	 x30=0x00020000
          14040	      7016	00100258	01051f93	slli	x31,x10,0x10	 x10:0x00000012 x31=0x00120000
          14044	      7018	0010025c	01df2023	sw	x29,0(x30)	 x30:0x00020000 x29:0x00000030 PA:0x00020000 store:0x00000030 load:0x00000000
          14046	      7019	00100260	01cfd793	srli	x15,x31,0x1c	 x31:0x00120000 x15=0x00000000
          14048	      7020	00100264	00900713	addi	x14,x0,9	  x0:0x00000000 x14=0x00000009
          14050	      7021	00100268	f2f76ae3	bltu	x14,x15,10019c	 x14:0x00000009 x15:0x00000000
          14052	      7022	0010026c	03078393	addi	x7,x15,48	 x15:0x00000000  x7=0x00000030
          14054	      7023	00100270	000205b7	lui	x11,0x20	 x11=0x00020000
          14056	      7024	00100274	01451613	slli	x12,x10,0x14	 x10:0x00000012 x12=0x01200000
          14060	      7026	00100278	0075a023	sw	x7,0(x11)	 x11:0x00020000  x7:0x00000030 PA:0x00020000 store:0x00000030 load:0x00000000
          14062	      7027	0010027c	01c65693	srli	x13,x12,0x1c	 x12:0x01200000 x13=0x00000000
          14064	      7028	00100280	00900813	addi	x16,x0,9	  x0:0x00000000 x16=0x00000009
          14066	      7029	00100284	f2d86ae3	bltu	x16,x13,1001b8	 x16:0x00000009 x13:0x00000000
          14068	      7030	00100288	03068e93	addi	x29,x13,48	 x13:0x00000000 x29=0x00000030
          14070	      7031	0010028c	00020f37	lui	x30,0x20	 x30=0x00020000
          14072	      7032	00100290	01851f93	slli	x31,x10,0x18	 x10:0x00000012 x31=0x12000000
          14076	      7034	00100294	01df2023	sw	x29,0(x30)	 x30:0x00020000 x29:0x00000030 PA:0x00020000 store:0x00000030 load:0x00000000
          14078	      7035	00100298	01cfd793	srli	x15,x31,0x1c	 x31:0x12000000 x15=0x00000001
          14080	      7036	0010029c	00900713	addi	x14,x0,9	  x0:0x00000000 x14=0x00000009
          14082	      7037	001002a0	f2f76ae3	bltu	x14,x15,1001d4	 x14:0x00000009 x15:0x00000001
          14084	      7038	001002a4	03078393	addi	x7,x15,48	 x15:0x00000001  x7=0x00000031
          14086	      7039	001002a8	000205b7	lui	x11,0x20	 x11=0x00020000
          14090	      7041	001002ac	0075a023	sw	x7,0(x11)	 x11:0x00020000  x7:0x00000031 PA:0x00020000 store:0x00000031 load:0x00000000
          14092	      7042	001002b0	00f57513	andi	x10,x10,15	 x10:0x00000012 x10=0x00000002
          14094	      7043	001002b4	00900613	addi	x12,x0,9	  x0:0x00000000 x12=0x00000009
          14098	      7045	001002b8	f2a67ae3	bgeu	x12,x10,1001ec	 x12:0x00000009 x10:0x00000002
          14102	      7047	001001ec	03050893	addi	x17,x10,48	 x10:0x00000002 x17=0x00000032
          14104	      7048	001001f0	00020e37	lui	x28,0x20	 x28=0x00020000
          14108	      7050	001001f4	011e2023	sw	x17,0(x28)	 x28:0x00020000 x17:0x00000032 PA:0x00020000 store:0x00000032 load:0x00000000
          14112	      7052	001001f8	00008067	jalr	x0,0(x1)	  x1:0x001012a4  x0=0x00000000
          14114	      7053	001012a4	a18b0513	addi	x10,x22,-1512	 x22:0x00102000 x10=0x00101a18
          14118	      7055	001012a8	df9fe0ef	jal	x1,1000a0	  x1=0x001012ac
          14122	      7057	001000a0	00054803	lbu	x16,0(x10)	 x10:0x00101a18 x16=0x00000020 PA:0x00101a18 store:0x00000000
          14124	      7058	001000a4	06080663	beq	x16,x0,100110	 x16:0x00000020  x0:0x00000000
          14126	      7059	001000a8	000207b7	lui	x15,0x20	 x15=0x00020000
          14130	      7061	001000ac	0107a023	sw	x16,0(x15)	 x15:0x00020000 x16:0x00000020 PA:0x00020000 store:0x00000020 load:0x00000000
          14134	      7063	001000b0	00154703	lbu	x14,1(x10)	 x10:0x00101a18 x14=0x00000072 PA:0x00101a19 store:0x001012ac
          14136	      7064	001000b4	04070e63	beq	x14,x0,100110	 x14:0x00000072  x0:0x00000000
          14140	      7066	001000b8	00e7a023	sw	x14,0(x15)	 x15:0x00020000 x14:0x00000072 PA:0x00020000 store:0x00000072 load:0x00000000
          14144	      7068	001000bc	00254283	lbu	x5,2(x10)	 x10:0x00101a18  x5=0x00000065 PA:0x00101a1a store:0x00137fa0
          14146	      7069	001000c0	04028863	beq	x5,x0,100110	  x5:0x00000065  x0:0x00000000
          14150	      7071	001000c4	0057a023	sw	x5,0(x15)	 x15:0x00020000  x5:0x00000065 PA:0x00020000 store:0x00000065 load:0x00000000
          14154	      7073	001000c8	00354303	lbu	x6,3(x10)	 x10:0x00101a18  x6=0x00000073 PA:0x00101a1b store:0x00000000
          14156	      7074	001000cc	04030263	beq	x6,x0,100110	  x6:0x00000073  x0:0x00000000
          14160	      7076	001000d0	0067a023	sw	x6,0(x15)	 x15:0x00020000  x6:0x00000073 PA:0x00020000 store:0x00000073 load:0x00000000
          14164	      7078	001000d4	00454383	lbu	x7,4(x10)	 x10:0x00101a18  x7=0x00000075 PA:0x00101a1c store:0x00000000
          14166	      7079	001000d8	02038c63	beq	x7,x0,100110	  x7:0x00000075  x0:0x00000000
          14170	      7081	001000dc	0077a023	sw	x7,0(x15)	 x15:0x00020000  x7:0x00000075 PA:0x00020000 store:0x00000075 load:0x00000000
          14174	      7083	001000e0	00554583	lbu	x11,5(x10)	 x10:0x00101a18 x11=0x0000006c PA:0x00101a1d store:0x00000065
          14176	      7084	001000e4	02058663	beq	x11,x0,100110	 x11:0x0000006c  x0:0x00000000
          14180	      7086	001000e8	00b7a023	sw	x11,0(x15)	 x15:0x00020000 x11:0x0000006c PA:0x00020000 store:0x0000006c load:0x00000000
          14184	      7088	001000ec	00654603	lbu	x12,6(x10)	 x10:0x00101a18 x12=0x00000074 PA:0x00101a1e store:0x00000073
          14186	      7089	001000f0	02060063	beq	x12,x0,100110	 x12:0x00000074  x0:0x00000000
          14190	      7091	001000f4	00c7a023	sw	x12,0(x15)	 x15:0x00020000 x12:0x00000074 PA:0x00020000 store:0x00000074 load:0x00000000
          14194	      7093	001000f8	00754683	lbu	x13,7(x10)	 x10:0x00101a18 x13=0x0000003a PA:0x00101a1f store:0x00000075
          14196	      7094	001000fc	00850513	addi	x10,x10,8	 x10:0x00101a18 x10=0x00101a20
          14198	      7095	00100100	00068863	beq	x13,x0,100110	 x13:0x0000003a  x0:0x00000000
          14202	      7097	00100104	00d7a023	sw	x13,0(x15)	 x15:0x00020000 x13:0x0000003a PA:0x00020000 store:0x0000003a load:0x00000000
          14206	      7099	00100108	00054803	lbu	x16,0(x10)	 x10:0x00101a20 x16=0x00000020 PA:0x00101a20 store:0x00000000
          14210	      7101	0010010c	fa0810e3	bne	x16,x0,1000ac	 x16:0x00000020  x0:0x00000000
          14216	      7104	001000ac	0107a023	sw	x16,0(x15)	 x15:0x00020000 x16:0x00000020 PA:0x00020000 store:0x00000020 load:0x00000000
          14220	      7106	001000b0	00154703	lbu	x14,1(x10)	 x10:0x00101a20 x14=0x00000000 PA:0x00101a21 store:0x001012ac
          14224	      7108	001000b4	04070e63	beq	x14,x0,100110	 x14:0x00000000  x0:0x00000000
          14228	      7110	00100110	00000513	addi	x10,x0,0	  x0:0x00000000 x10=0x00000000
          14232	      7112	00100114	00008067	jalr	x0,0(x1)	  x1:0x001012ac  x0=0x00000000
          14236	      7114	001012ac	cf8a2503	lw	x10,-776(x20)	 x20:0x00102000 x10=0x01f44f00 PA:0x00101cf8 store:0x00000010
          14238	      7115	001012b0	003c0d93	addi	x27,x24,3	 x24:0x00000010 x27=0x00000013
          14240	      7116	001012b4	004c0c13	addi	x24,x24,4	 x24:0x00000010 x24=0x00000014
          14244	      7118	001012b8	e69fe0ef	jal	x1,100120	  x1=0x001012bc
          14246	      7119	00100120	01c55793	srli	x15,x10,0x1c	 x10:0x01f44f00 x15=0x00000000
          14248	      7120	00100124	00900713	addi	x14,x0,9	  x0:0x00000000 x14=0x00000009
          14252	      7122	00100128	0cf77a63	bgeu	x14,x15,1001fc	 x14:0x00000009 x15:0x00000000
          14256	      7124	001001fc	03078393	addi	x7,x15,48	 x15:0x00000000  x7=0x00000030
          14258	      7125	00100200	000205b7	lui	x11,0x20	 x11=0x00020000
          14260	      7126	00100204	00451613	slli	x12,x10,0x4	 x10:0x01f44f00 x12=0x1f44f000
          14264	      7128	00100208	0075a023	sw	x7,0(x11)	 x11:0x00020000  x7:0x00000030 PA:0x00020000 store:0x00000030 load:0x00000000
          14266	      7129	0010020c	01c65693	srli	x13,x12,0x1c	 x12:0x1f44f000 x13=0x00000001
          14268	      7130	00100210	00900813	addi	x16,x0,9	  x0:0x00000000 x16=0x00000009
          14270	      7131	00100214	f2d86ae3	bltu	x16,x13,100148	 x16:0x00000009 x13:0x00000001
          14272	      7132	00100218	03068e93	addi	x29,x13,48	 x13:0x00000001 x29=0x00000031
          14274	      7133	0010021c	00020f37	lui	x30,0x20	 x30=0x00020000
          14276	      7134	00100220	00851f93	slli	x31,x10,0x8	 x10:0x01f44f00 x31=0xf44f0000
          14280	      7136	00100224	01df2023	sw	x29,0(x30)	 x30:0x00020000 x29:0x00000031 PA:0x00020000 store:0x00000031 load:0x00000000
          14282	      7137	00100228	01cfd793	srli	x15,x31,0x1c	 x31:0xf44f0000 x15=0x0000000f
          14284	      7138	0010022c	00900713	addi	x14,x0,9	  x0:0x00000000 x14=0x00000009
          14288	      7140	00100230	f2f76ae3	bltu	x14,x15,100164	 x14:0x00000009 x15:0x0000000f
          14292	      7142	00100164	03778293	addi	x5,x15,55	 x15:0x0000000f  x5=0x00000046
          14294	      7143	00100168	00020337	lui	x6,0x20	  x6=0x00020000
          14296	      7144	0010016c	00c51613	slli	x12,x10,0xc	 x10:0x01f44f00 x12=0x44f00000
          14300	      7146	00100170	00532023	sw	x5,0(x6)	  x6:0x00020000  x5:0x00000046 PA:0x00020000 store:0x00000046 load:0x00000000
          14302	      7147	00100174	01c65693	srli	x13,x12,0x1c	 x12:0x44f00000 x13=0x00000004
          14304	      7148	00100178	00900813	addi	x16,x0,9	  x0:0x00000000 x16=0x00000009
          14308	      7150	0010017c	0cd87a63	bgeu	x16,x13,100250	 x16:0x00000009 x13:0x00000004
          14312	      7152	00100250	03068e93	addi	x29,x13,48	 x13:0x00000004 x29=0x00000034
          14314	      7153	00100254	00020f37	lui	x30,0x20	 x30=0x00020000
          14316	      7154	00100258	01051f93	slli	x31,x10,0x10	 x10:0x01f44f00 x31=0x4f000000
          14320	      7156	0010025c	01df2023	sw	x29,0(x30)	 x30:0x00020000 x29:0x00000034 PA:0x00020000 store:0x00000034 load:0x00000000
          14322	      7157	00100260	01cfd793	srli	x15,x31,0x1c	 x31:0x4f000000 x15=0x00000004
          14324	      7158	00100264	00900713	addi	x14,x0,9	  x0:0x00000000 x14=0x00000009
          14326	      7159	00100268	f2f76ae3	bltu	x14,x15,10019c	 x14:0x00000009 x15:0x00000004
          14328	      7160	0010026c	03078393	addi	x7,x15,48	 x15:0x00000004  x7=0x00000034
          14330	      7161	00100270	000205b7	lui	x11,0x20	 x11=0x00020000
          14332	      7162	00100274	01451613	slli	x12,x10,0x14	 x10:0x01f44f00 x12=0xf0000000
          14336	      7164	00100278	0075a023	sw	x7,0(x11)	 x11:0x00020000  x7:0x00000034 PA:0x00020000 store:0x00000034 load:0x00000000
          14338	      7165	0010027c	01c65693	srli	x13,x12,0x1c	 x12:0xf0000000 x13=0x0000000f
          14340	      7166	00100280	00900813	addi	x16,x0,9	  x0:0x00000000 x16=0x00000009
          14344	      7168	00100284	f2d86ae3	bltu	x16,x13,1001b8	 x16:0x00000009 x13:0x0000000f
          14348	      7170	001001b8	03768893	addi	x17,x13,55	 x13:0x0000000f x17=0x00000046
          14350	      7171	001001bc	00020e37	lui	x28,0x20	 x28=0x00020000
          14352	      7172	001001c0	01851f93	slli	x31,x10,0x18	 x10:0x01f44f00 x31=0x00000000
          14356	      7174	001001c4	011e2023	sw	x17,0(x28)	 x28:0x00020000 x17:0x00000046 PA:0x00020000 store:0x00000046 load:0x00000000
          14358	      7175	001001c8	01cfd793	srli	x15,x31,0x1c	 x31:0x00000000 x15=0x00000000
          14360	      7176	001001cc	00900713	addi	x14,x0,9	  x0:0x00000000 x14=0x00000009
          14364	      7178	001001d0	0cf77a63	bgeu	x14,x15,1002a4	 x14:0x00000009 x15:0x00000000
          14368	      7180	001002a4	03078393	addi	x7,x15,48	 x15:0x00000000  x7=0x00000030
          14370	      7181	001002a8	000205b7	lui	x11,0x20	 x11=0x00020000
          14374	      7183	001002ac	0075a023	sw	x7,0(x11)	 x11:0x00020000  x7:0x00000030 PA:0x00020000 store:0x00000030 load:0x00000000
          14376	      7184	001002b0	00f57513	andi	x10,x10,15	 x10:0x01f44f00 x10=0x00000000
          14378	      7185	001002b4	00900613	addi	x12,x0,9	  x0:0x00000000 x12=0x00000009
          14382	      7187	001002b8	f2a67ae3	bgeu	x12,x10,1001ec	 x12:0x00000009 x10:0x00000000
          14386	      7189	001001ec	03050893	addi	x17,x10,48	 x10:0x00000000 x17=0x00000030
          14388	      7190	001001f0	00020e37	lui	x28,0x20	 x28=0x00020000
          14392	      7192	001001f4	011e2023	sw	x17,0(x28)	 x28:0x00020000 x17:0x00000030 PA:0x00020000 store:0x00000030 load:0x00000000
          14402	      7197	001001f8	00008067	jalr	x0,0(x1)	  x1:0x001012bc  x0=0x00000000
          14404	      7198	001012bc	d089a187	flw	f3,-760(x19)	 f19:0x00102000  f3=0x00000000 PA:0x00101d08 store:0x4598f2e4
          14406	      7199	001012c0	d24ba207	flw	f4,-732(x23)	 f23:0x00102000  f4=0x00000000 PA:0x00101d24 store:0x42f67c6a
          14428	      7210	001012c4	a10a8513	addi	x10,x21,-1520	 x21:0x00102000 x10=0x00101a10
          14430	      7211	001012c8	1841f5d3	fdiv.s	f11,f3,f4	  f3:0x00000000  f4:0x00000000 f11=0x00000000
          14432	      7212	001012cc	d0b9a427	fsw	f11,-760(x19)	 f19:0x00102000 f11:0x00020000 PA:0x00101d08 store:0x0007ede9 load:0x42f67c6a
          14436	      7214	001012d0	d089a287	flw	f5,-760(x19)	 f19:0x00102000  f5=0x00000000 PA:0x00101d08 store:0x4598f2e4
          14438	      7215	001012d4	e0028f53	fmv.x.w	x30,f5	  f5:0x00000046 x30=0x0007ede9
          14440	      7216	001012d8	cfea2c23	sw	x30,-776(x20)	 x20:0x00102000 x30:0x0007ede9 PA:0x00101cf8 store:0x0007ede9 load:0x0007ede9
          14444	      7218	001012dc	dc5fe0ef	jal	x1,1000a0	  x1=0x001012e0
          14448	      7220	001000a0	00054803	lbu	x16,0(x10)	 x10:0x00101a10 x16=0x0000000a PA:0x00101a10 store:0x00000000
          14450	      7221	001000a4	06080663	beq	x16,x0,100110	 x16:0x0000000a  x0:0x00000000
          14452	      7222	001000a8	000207b7	lui	x15,0x20	 x15=0x00020000
          14456	      7224	001000ac	0107a023	sw	x16,0(x15)	 x15:0x00020000 x16:0x0000000a PA:0x00020000 store:0x0000000a load:0x00000000
          14460	      7226	001000b0	00154703	lbu	x14,1(x10)	 x10:0x00101a10 x14=0x00000020 PA:0x00101a11 store:0x001012e0
          14462	      7227	001000b4	04070e63	beq	x14,x0,100110	 x14:0x00000020  x0:0x00000000
          14466	      7229	001000b8	00e7a023	sw	x14,0(x15)	 x15:0x00020000 x14:0x00000020 PA:0x00020000 store:0x00000020 load:0x00000000
          14470	      7231	001000bc	00254283	lbu	x5,2(x10)	 x10:0x00101a10  x5=0x00000069 PA:0x00101a12 store:0x00137fa0
          14472	      7232	001000c0	04028863	beq	x5,x0,100110	  x5:0x00000069  x0:0x00000000
          14476	      7234	001000c4	0057a023	sw	x5,0(x15)	 x15:0x00020000  x5:0x00000069 PA:0x00020000 store:0x00000069 load:0x00000000
          14480	      7236	001000c8	00354303	lbu	x6,3(x10)	 x10:0x00101a10  x6=0x0000003d PA:0x00101a13 store:0x00000000
          14482	      7237	001000cc	04030263	beq	x6,x0,100110	  x6:0x0000003d  x0:0x00000000
          14486	      7239	001000d0	0067a023	sw	x6,0(x15)	 x15:0x00020000  x6:0x0000003d PA:0x00020000 store:0x0000003d load:0x00000000
          14490	      7241	001000d4	00454383	lbu	x7,4(x10)	 x10:0x00101a10  x7=0x00000000 PA:0x00101a14 store:0x00000000
          14494	      7243	001000d8	02038c63	beq	x7,x0,100110	  x7:0x00000000  x0:0x00000000
          14498	      7245	00100110	00000513	addi	x10,x0,0	  x0:0x00000000 x10=0x00000000
          14502	      7247	00100114	00008067	jalr	x0,0(x1)	  x1:0x001012e0  x0=0x00000000
          14504	      7248	001012e0	000d8513	addi	x10,x27,0	 x27:0x00000013 x10=0x00000013
          14508	      7250	001012e4	e3dfe0ef	jal	x1,100120	  x1=0x001012e8
          14510	      7251	00100120	01c55793	srli	x15,x10,0x1c	 x10:0x00000013 x15=0x00000000
          14512	      7252	00100124	00900713	addi	x14,x0,9	  x0:0x00000000 x14=0x00000009
          14516	      7254	00100128	0cf77a63	bgeu	x14,x15,1001fc	 x14:0x00000009 x15:0x00000000
          14520	      7256	001001fc	03078393	addi	x7,x15,48	 x15:0x00000000  x7=0x00000030
          14522	      7257	00100200	000205b7	lui	x11,0x20	 x11=0x00020000
          14524	      7258	00100204	00451613	slli	x12,x10,0x4	 x10:0x00000013 x12=0x00000130
          14528	      7260	00100208	0075a023	sw	x7,0(x11)	 x11:0x00020000  x7:0x00000030 PA:0x00020000 store:0x00000030 load:0x00000000
          14530	      7261	0010020c	01c65693	srli	x13,x12,0x1c	 x12:0x00000130 x13=0x00000000
          14532	      7262	00100210	00900813	addi	x16,x0,9	  x0:0x00000000 x16=0x00000009
          14534	      7263	00100214	f2d86ae3	bltu	x16,x13,100148	 x16:0x00000009 x13:0x00000000
          14536	      7264	00100218	03068e93	addi	x29,x13,48	 x13:0x00000000 x29=0x00000030
          14538	      7265	0010021c	00020f37	lui	x30,0x20	 x30=0x00020000
          14540	      7266	00100220	00851f93	slli	x31,x10,0x8	 x10:0x00000013 x31=0x00001300
          14544	      7268	00100224	01df2023	sw	x29,0(x30)	 x30:0x00020000 x29:0x00000030 PA:0x00020000 store:0x00000030 load:0x00000000
          14546	      7269	00100228	01cfd793	srli	x15,x31,0x1c	 x31:0x00001300 x15=0x00000000
          14548	      7270	0010022c	00900713	addi	x14,x0,9	  x0:0x00000000 x14=0x00000009
          14550	      7271	00100230	f2f76ae3	bltu	x14,x15,100164	 x14:0x00000009 x15:0x00000000
          14552	      7272	00100234	03078393	addi	x7,x15,48	 x15:0x00000000  x7=0x00000030
          14554	      7273	00100238	000205b7	lui	x11,0x20	 x11=0x00020000
          14556	      7274	0010023c	00c51613	slli	x12,x10,0xc	 x10:0x00000013 x12=0x00013000
          14560	      7276	00100240	0075a023	sw	x7,0(x11)	 x11:0x00020000  x7:0x00000030 PA:0x00020000 store:0x00000030 load:0x00000000
          14562	      7277	00100244	01c65693	srli	x13,x12,0x1c	 x12:0x00013000 x13=0x00000000
          14564	      7278	00100248	00900813	addi	x16,x0,9	  x0:0x00000000 x16=0x00000009
          14566	      7279	0010024c	f2d86ae3	bltu	x16,x13,100180	 x16:0x00000009 x13:0x00000000
          14568	      7280	00100250	03068e93	addi	x29,x13,48	 x13:0x00000000 x29=0x00000030
          14570	      7281	00100254	00020f37	lui	x30,0x20	 x30=0x00020000
          14572	      7282	00100258	01051f93	slli	x31,x10,0x10	 x10:0x00000013 x31=0x00130000
          14576	      7284	0010025c	01df2023	sw	x29,0(x30)	 x30:0x00020000 x29:0x00000030 PA:0x00020000 store:0x00000030 load:0x00000000
          14578	      7285	00100260	01cfd793	srli	x15,x31,0x1c	 x31:0x00130000 x15=0x00000000
          14580	      7286	00100264	00900713	addi	x14,x0,9	  x0:0x00000000 x14=0x00000009
          14582	      7287	00100268	f2f76ae3	bltu	x14,x15,10019c	 x14:0x00000009 x15:0x00000000
          14584	      7288	0010026c	03078393	addi	x7,x15,48	 x15:0x00000000  x7=0x00000030
          14586	      7289	00100270	000205b7	lui	x11,0x20	 x11=0x00020000
          14588	      7290	00100274	01451613	slli	x12,x10,0x14	 x10:0x00000013 x12=0x01300000
          14592	      7292	00100278	0075a023	sw	x7,0(x11)	 x11:0x00020000  x7:0x00000030 PA:0x00020000 store:0x00000030 load:0x00000000
          14594	      7293	0010027c	01c65693	srli	x13,x12,0x1c	 x12:0x01300000 x13=0x00000000
          14596	      7294	00100280	00900813	addi	x16,x0,9	  x0:0x00000000 x16=0x00000009
          14598	      7295	00100284	f2d86ae3	bltu	x16,x13,1001b8	 x16:0x00000009 x13:0x00000000
          14600	      7296	00100288	03068e93	addi	x29,x13,48	 x13:0x00000000 x29=0x00000030
          14602	      7297	0010028c	00020f37	lui	x30,0x20	 x30=0x00020000
          14604	      7298	00100290	01851f93	slli	x31,x10,0x18	 x10:0x00000013 x31=0x13000000
          14608	      7300	00100294	01df2023	sw	x29,0(x30)	 x30:0x00020000 x29:0x00000030 PA:0x00020000 store:0x00000030 load:0x00000000
          14610	      7301	00100298	01cfd793	srli	x15,x31,0x1c	 x31:0x13000000 x15=0x00000001
          14612	      7302	0010029c	00900713	addi	x14,x0,9	  x0:0x00000000 x14=0x00000009
          14614	      7303	001002a0	f2f76ae3	bltu	x14,x15,1001d4	 x14:0x00000009 x15:0x00000001
          14616	      7304	001002a4	03078393	addi	x7,x15,48	 x15:0x00000001  x7=0x00000031
          14618	      7305	001002a8	000205b7	lui	x11,0x20	 x11=0x00020000
          14622	      7307	001002ac	0075a023	sw	x7,0(x11)	 x11:0x00020000  x7:0x00000031 PA:0x00020000 store:0x00000031 load:0x00000000
          14624	      7308	001002b0	00f57513	andi	x10,x10,15	 x10:0x00000013 x10=0x00000003
          14626	      7309	001002b4	00900613	addi	x12,x0,9	  x0:0x00000000 x12=0x00000009
          14630	      7311	001002b8	f2a67ae3	bgeu	x12,x10,1001ec	 x12:0x00000009 x10:0x00000003
          14634	      7313	001001ec	03050893	addi	x17,x10,48	 x10:0x00000003 x17=0x00000033
          14636	      7314	001001f0	00020e37	lui	x28,0x20	 x28=0x00020000
          14640	      7316	001001f4	011e2023	sw	x17,0(x28)	 x28:0x00020000 x17:0x00000033 PA:0x00020000 store:0x00000033 load:0x00000000
          14644	      7318	001001f8	00008067	jalr	x0,0(x1)	  x1:0x001012e8  x0=0x00000000
          14646	      7319	001012e8	a18b0513	addi	x10,x22,-1512	 x22:0x00102000 x10=0x00101a18
          14650	      7321	001012ec	db5fe0ef	jal	x1,1000a0	  x1=0x001012f0
          14654	      7323	001000a0	00054803	lbu	x16,0(x10)	 x10:0x00101a18 x16=0x00000020 PA:0x00101a18 store:0x00000000
          14656	      7324	001000a4	06080663	beq	x16,x0,100110	 x16:0x00000020  x0:0x00000000
          14658	      7325	001000a8	000207b7	lui	x15,0x20	 x15=0x00020000
          14662	      7327	001000ac	0107a023	sw	x16,0(x15)	 x15:0x00020000 x16:0x00000020 PA:0x00020000 store:0x00000020 load:0x00000000
          14666	      7329	001000b0	00154703	lbu	x14,1(x10)	 x10:0x00101a18 x14=0x00000072 PA:0x00101a19 store:0x001012f0
          14668	      7330	001000b4	04070e63	beq	x14,x0,100110	 x14:0x00000072  x0:0x00000000
          14672	      7332	001000b8	00e7a023	sw	x14,0(x15)	 x15:0x00020000 x14:0x00000072 PA:0x00020000 store:0x00000072 load:0x00000000
          14676	      7334	001000bc	00254283	lbu	x5,2(x10)	 x10:0x00101a18  x5=0x00000065 PA:0x00101a1a store:0x00137fa0
          14678	      7335	001000c0	04028863	beq	x5,x0,100110	  x5:0x00000065  x0:0x00000000
          14682	      7337	001000c4	0057a023	sw	x5,0(x15)	 x15:0x00020000  x5:0x00000065 PA:0x00020000 store:0x00000065 load:0x00000000
          14686	      7339	001000c8	00354303	lbu	x6,3(x10)	 x10:0x00101a18  x6=0x00000073 PA:0x00101a1b store:0x00000000
          14688	      7340	001000cc	04030263	beq	x6,x0,100110	  x6:0x00000073  x0:0x00000000
          14692	      7342	001000d0	0067a023	sw	x6,0(x15)	 x15:0x00020000  x6:0x00000073 PA:0x00020000 store:0x00000073 load:0x00000000
          14696	      7344	001000d4	00454383	lbu	x7,4(x10)	 x10:0x00101a18  x7=0x00000075 PA:0x00101a1c store:0x00000000
          14698	      7345	001000d8	02038c63	beq	x7,x0,100110	  x7:0x00000075  x0:0x00000000
          14702	      7347	001000dc	0077a023	sw	x7,0(x15)	 x15:0x00020000  x7:0x00000075 PA:0x00020000 store:0x00000075 load:0x00000000
          14706	      7349	001000e0	00554583	lbu	x11,5(x10)	 x10:0x00101a18 x11=0x0000006c PA:0x00101a1d store:0x00000065
          14708	      7350	001000e4	02058663	beq	x11,x0,100110	 x11:0x0000006c  x0:0x00000000
          14712	      7352	001000e8	00b7a023	sw	x11,0(x15)	 x15:0x00020000 x11:0x0000006c PA:0x00020000 store:0x0000006c load:0x00000000
          14716	      7354	001000ec	00654603	lbu	x12,6(x10)	 x10:0x00101a18 x12=0x00000074 PA:0x00101a1e store:0x00000073
          14718	      7355	001000f0	02060063	beq	x12,x0,100110	 x12:0x00000074  x0:0x00000000
          14722	      7357	001000f4	00c7a023	sw	x12,0(x15)	 x15:0x00020000 x12:0x00000074 PA:0x00020000 store:0x00000074 load:0x00000000
          14726	      7359	001000f8	00754683	lbu	x13,7(x10)	 x10:0x00101a18 x13=0x0000003a PA:0x00101a1f store:0x00000075
          14728	      7360	001000fc	00850513	addi	x10,x10,8	 x10:0x00101a18 x10=0x00101a20
          14730	      7361	00100100	00068863	beq	x13,x0,100110	 x13:0x0000003a  x0:0x00000000
          14734	      7363	00100104	00d7a023	sw	x13,0(x15)	 x15:0x00020000 x13:0x0000003a PA:0x00020000 store:0x0000003a load:0x00000000
          14738	      7365	00100108	00054803	lbu	x16,0(x10)	 x10:0x00101a20 x16=0x00000020 PA:0x00101a20 store:0x00000000
          14742	      7367	0010010c	fa0810e3	bne	x16,x0,1000ac	 x16:0x00000020  x0:0x00000000
          14748	      7370	001000ac	0107a023	sw	x16,0(x15)	 x15:0x00020000 x16:0x00000020 PA:0x00020000 store:0x00000020 load:0x00000000
          14752	      7372	001000b0	00154703	lbu	x14,1(x10)	 x10:0x00101a20 x14=0x00000000 PA:0x00101a21 store:0x001012f0
          14756	      7374	001000b4	04070e63	beq	x14,x0,100110	 x14:0x00000000  x0:0x00000000
          14760	      7376	00100110	00000513	addi	x10,x0,0	  x0:0x00000000 x10=0x00000000
          14764	      7378	00100114	00008067	jalr	x0,0(x1)	  x1:0x001012f0  x0=0x00000000
          14768	      7380	001012f0	cf8a2503	lw	x10,-776(x20)	 x20:0x00102000 x10=0x0007ede9 PA:0x00101cf8 store:0x00000014
          14772	      7382	001012f4	e2dfe0ef	jal	x1,100120	  x1=0x001012f8
          14774	      7383	00100120	01c55793	srli	x15,x10,0x1c	 x10:0x0007ede9 x15=0x00000000
          14776	      7384	00100124	00900713	addi	x14,x0,9	  x0:0x00000000 x14=0x00000009
          14780	      7386	00100128	0cf77a63	bgeu	x14,x15,1001fc	 x14:0x00000009 x15:0x00000000
          14784	      7388	001001fc	03078393	addi	x7,x15,48	 x15:0x00000000  x7=0x00000030
          14786	      7389	00100200	000205b7	lui	x11,0x20	 x11=0x00020000
          14788	      7390	00100204	00451613	slli	x12,x10,0x4	 x10:0x0007ede9 x12=0x007ede90
          14792	      7392	00100208	0075a023	sw	x7,0(x11)	 x11:0x00020000  x7:0x00000030 PA:0x00020000 store:0x00000030 load:0x00000000
          14794	      7393	0010020c	01c65693	srli	x13,x12,0x1c	 x12:0x007ede90 x13=0x00000000
          14796	      7394	00100210	00900813	addi	x16,x0,9	  x0:0x00000000 x16=0x00000009
          14798	      7395	00100214	f2d86ae3	bltu	x16,x13,100148	 x16:0x00000009 x13:0x00000000
          14800	      7396	00100218	03068e93	addi	x29,x13,48	 x13:0x00000000 x29=0x00000030
          14802	      7397	0010021c	00020f37	lui	x30,0x20	 x30=0x00020000
          14804	      7398	00100220	00851f93	slli	x31,x10,0x8	 x10:0x0007ede9 x31=0x07ede900
          14808	      7400	00100224	01df2023	sw	x29,0(x30)	 x30:0x00020000 x29:0x00000030 PA:0x00020000 store:0x00000030 load:0x00000000
          14810	      7401	00100228	01cfd793	srli	x15,x31,0x1c	 x31:0x07ede900 x15=0x00000000
          14812	      7402	0010022c	00900713	addi	x14,x0,9	  x0:0x00000000 x14=0x00000009
          14814	      7403	00100230	f2f76ae3	bltu	x14,x15,100164	 x14:0x00000009 x15:0x00000000
          14816	      7404	00100234	03078393	addi	x7,x15,48	 x15:0x00000000  x7=0x00000030
          14818	      7405	00100238	000205b7	lui	x11,0x20	 x11=0x00020000
          14820	      7406	0010023c	00c51613	slli	x12,x10,0xc	 x10:0x0007ede9 x12=0x7ede9000
          14824	      7408	00100240	0075a023	sw	x7,0(x11)	 x11:0x00020000  x7:0x00000030 PA:0x00020000 store:0x00000030 load:0x00000000
          14826	      7409	00100244	01c65693	srli	x13,x12,0x1c	 x12:0x7ede9000 x13=0x00000007
          14828	      7410	00100248	00900813	addi	x16,x0,9	  x0:0x00000000 x16=0x00000009
          14830	      7411	0010024c	f2d86ae3	bltu	x16,x13,100180	 x16:0x00000009 x13:0x00000007
          14832	      7412	00100250	03068e93	addi	x29,x13,48	 x13:0x00000007 x29=0x00000037
          14834	      7413	00100254	00020f37	lui	x30,0x20	 x30=0x00020000
          14836	      7414	00100258	01051f93	slli	x31,x10,0x10	 x10:0x0007ede9 x31=0xede90000
          14840	      7416	0010025c	01df2023	sw	x29,0(x30)	 x30:0x00020000 x29:0x00000037 PA:0x00020000 store:0x00000037 load:0x00000000
          14842	      7417	00100260	01cfd793	srli	x15,x31,0x1c	 x31:0xede90000 x15=0x0000000e
          14844	      7418	00100264	00900713	addi	x14,x0,9	  x0:0x00000000 x14=0x00000009
          14848	      7420	00100268	f2f76ae3	bltu	x14,x15,10019c	 x14:0x00000009 x15:0x0000000e
          14852	      7422	0010019c	03778293	addi	x5,x15,55	 x15:0x0000000e  x5=0x00000045
          14854	      7423	001001a0	00020337	lui	x6,0x20	  x6=0x00020000
          14856	      7424	001001a4	01451613	slli	x12,x10,0x14	 x10:0x0007ede9 x12=0xde900000
          14860	      7426	001001a8	00532023	sw	x5,0(x6)	  x6:0x00020000  x5:0x00000045 PA:0x00020000 store:0x00000045 load:0x00000000
          14862	      7427	001001ac	01c65693	srli	x13,x12,0x1c	 x12:0xde900000 x13=0x0000000d
          14864	      7428	001001b0	00900813	addi	x16,x0,9	  x0:0x00000000 x16=0x00000009
          14866	      7429	001001b4	0cd87a63	bgeu	x16,x13,100288	 x16:0x00000009 x13:0x0000000d
          14868	      7430	001001b8	03768893	addi	x17,x13,55	 x13:0x0000000d x17=0x00000044
          14870	      7431	001001bc	00020e37	lui	x28,0x20	 x28=0x00020000
          14872	      7432	001001c0	01851f93	slli	x31,x10,0x18	 x10:0x0007ede9 x31=0xe9000000
          14876	      7434	001001c4	011e2023	sw	x17,0(x28)	 x28:0x00020000 x17:0x00000044 PA:0x00020000 store:0x00000044 load:0x00000000
          14878	      7435	001001c8	01cfd793	srli	x15,x31,0x1c	 x31:0xe9000000 x15=0x0000000e
          14880	      7436	001001cc	00900713	addi	x14,x0,9	  x0:0x00000000 x14=0x00000009
          14882	      7437	001001d0	0cf77a63	bgeu	x14,x15,1002a4	 x14:0x00000009 x15:0x0000000e
          14884	      7438	001001d4	03778293	addi	x5,x15,55	 x15:0x0000000e  x5=0x00000045
          14886	      7439	001001d8	00020337	lui	x6,0x20	  x6=0x00020000
          14890	      7441	001001dc	00532023	sw	x5,0(x6)	  x6:0x00020000  x5:0x00000045 PA:0x00020000 store:0x00000045 load:0x00000000
          14892	      7442	001001e0	00f57513	andi	x10,x10,15	 x10:0x0007ede9 x10=0x00000009
          14894	      7443	001001e4	00900613	addi	x12,x0,9	  x0:0x00000000 x12=0x00000009
          14896	      7444	001001e8	0ca66a63	bltu	x12,x10,1002bc	 x12:0x00000009 x10:0x00000009
          14898	      7445	001001ec	03050893	addi	x17,x10,48	 x10:0x00000009 x17=0x00000039
          14900	      7446	001001f0	00020e37	lui	x28,0x20	 x28=0x00020000
          14904	      7448	001001f4	011e2023	sw	x17,0(x28)	 x28:0x00020000 x17:0x00000039 PA:0x00020000 store:0x00000039 load:0x00000000
          14908	      7450	001001f8	00008067	jalr	x0,0(x1)	  x1:0x001012f8  x0=0x00000000
          14916	      7454	001012f8	f1ac10e3	bne	x24,x26,1011f8	 x24:0x00000014 x26:0x00000014
          14918	      7455	001012fc	d20ca307	flw	f6,-736(x25)	 f25:0x00102000  f6=0x00000000 PA:0x00101d20 store:0x056b3aa5
          14922	      7457	00101300	00102fb7	lui	x31,0x102	 x31=0x00102000
          14924	      7458	00101304	a24f8513	addi	x10,x31,-1500	 x31:0x00102000 x10=0x00101a24
          14926	      7459	00101308	d069a427	fsw	f6,-760(x19)	 f19:0x00102000  f6:0x00020000 PA:0x00101d08 store:0x43edefdf load:0x43edefdf
          14928	      7460	0010130c	00000c13	addi	x24,x0,0	  x0:0x00000000 x24=0x00000000
          14930	      7461	00101310	d91fe0ef	jal	x1,1000a0	  x1=0x00101314
          14932	      7462	001000a0	00054803	lbu	x16,0(x10)	 x10:0x00101a24 x16=0x0000000a PA:0x00101a24 store:0x00000000
          14934	      7463	001000a4	06080663	beq	x16,x0,100110	 x16:0x0000000a  x0:0x00000000
          14936	      7464	001000a8	000207b7	lui	x15,0x20	 x15=0x00020000
          14938	      7465	001000ac	0107a023	sw	x16,0(x15)	 x15:0x00020000 x16:0x0000000a PA:0x00020000 store:0x0000000a load:0x00000000
          14940	      7466	001000b0	00154703	lbu	x14,1(x10)	 x10:0x00101a24 x14=0x0000000a PA:0x00101a25 store:0x00101314
          14942	      7467	001000b4	04070e63	beq	x14,x0,100110	 x14:0x0000000a  x0:0x00000000
          14946	      7469	001000b8	00e7a023	sw	x14,0(x15)	 x15:0x00020000 x14:0x0000000a PA:0x00020000 store:0x0000000a load:0x00000000
          14950	      7471	001000bc	00254283	lbu	x5,2(x10)	 x10:0x00101a24  x5=0x00000050 PA:0x00101a26 store:0x00137fa0
          14952	      7472	001000c0	04028863	beq	x5,x0,100110	  x5:0x00000050  x0:0x00000000
          14956	      7474	001000c4	0057a023	sw	x5,0(x15)	 x15:0x00020000  x5:0x00000050 PA:0x00020000 store:0x00000050 load:0x00000000
          14960	      7476	001000c8	00354303	lbu	x6,3(x10)	 x10:0x00101a24  x6=0x00000065 PA:0x00101a27 store:0x00000000
          14962	      7477	001000cc	04030263	beq	x6,x0,100110	  x6:0x00000065  x0:0x00000000
          14966	      7479	001000d0	0067a023	sw	x6,0(x15)	 x15:0x00020000  x6:0x00000065 PA:0x00020000 store:0x00000065 load:0x00000000
          14970	      7481	001000d4	00454383	lbu	x7,4(x10)	 x10:0x00101a24  x7=0x00000072 PA:0x00101a28 store:0x00000000
          14972	      7482	001000d8	02038c63	beq	x7,x0,100110	  x7:0x00000072  x0:0x00000000
          14976	      7484	001000dc	0077a023	sw	x7,0(x15)	 x15:0x00020000  x7:0x00000072 PA:0x00020000 store:0x00000072 load:0x00000000
          14980	      7486	001000e0	00554583	lbu	x11,5(x10)	 x10:0x00101a24 x11=0x00000066 PA:0x00101a29 store:0x00000050
          14982	      7487	001000e4	02058663	beq	x11,x0,100110	 x11:0x00000066  x0:0x00000000
          14986	      7489	001000e8	00b7a023	sw	x11,0(x15)	 x15:0x00020000 x11:0x00000066 PA:0x00020000 store:0x00000066 load:0x00000000
          14990	      7491	001000ec	00654603	lbu	x12,6(x10)	 x10:0x00101a24 x12=0x0000006f PA:0x00101a2a store:0x00000065
          14992	      7492	001000f0	02060063	beq	x12,x0,100110	 x12:0x0000006f  x0:0x00000000
          14996	      7494	001000f4	00c7a023	sw	x12,0(x15)	 x15:0x00020000 x12:0x0000006f PA:0x00020000 store:0x0000006f load:0x00000000
          15000	      7496	001000f8	00754683	lbu	x13,7(x10)	 x10:0x00101a24 x13=0x00000072 PA:0x00101a2b store:0x00000072
          15002	      7497	001000fc	00850513	addi	x10,x10,8	 x10:0x00101a24 x10=0x00101a2c
          15004	      7498	00100100	00068863	beq	x13,x0,100110	 x13:0x00000072  x0:0x00000000
          15008	      7500	00100104	00d7a023	sw	x13,0(x15)	 x15:0x00020000 x13:0x00000072 PA:0x00020000 store:0x00000072 load:0x00000000
          15012	      7502	00100108	00054803	lbu	x16,0(x10)	 x10:0x00101a2c x16=0x0000006d PA:0x00101a2c store:0x00000000
          15016	      7504	0010010c	fa0810e3	bne	x16,x0,1000ac	 x16:0x0000006d  x0:0x00000000
          15022	      7507	001000ac	0107a023	sw	x16,0(x15)	 x15:0x00020000 x16:0x0000006d PA:0x00020000 store:0x0000006d load:0x00000000
          15026	      7509	001000b0	00154703	lbu	x14,1(x10)	 x10:0x00101a2c x14=0x00000069 PA:0x00101a2d store:0x00101314
          15028	      7510	001000b4	04070e63	beq	x14,x0,100110	 x14:0x00000069  x0:0x00000000
          15032	      7512	001000b8	00e7a023	sw	x14,0(x15)	 x15:0x00020000 x14:0x00000069 PA:0x00020000 store:0x00000069 load:0x00000000
          15036	      7514	001000bc	00254283	lbu	x5,2(x10)	 x10:0x00101a2c  x5=0x0000006e PA:0x00101a2e store:0x00137fa0
          15038	      7515	001000c0	04028863	beq	x5,x0,100110	  x5:0x0000006e  x0:0x00000000
          15042	      7517	001000c4	0057a023	sw	x5,0(x15)	 x15:0x00020000  x5:0x0000006e PA:0x00020000 store:0x0000006e load:0x00000000
          15046	      7519	001000c8	00354303	lbu	x6,3(x10)	 x10:0x00101a2c  x6=0x00000067 PA:0x00101a2f store:0x00000000
          15048	      7520	001000cc	04030263	beq	x6,x0,100110	  x6:0x00000067  x0:0x00000000
          15052	      7522	001000d0	0067a023	sw	x6,0(x15)	 x15:0x00020000  x6:0x00000067 PA:0x00020000 store:0x00000067 load:0x00000000
          15056	      7524	001000d4	00454383	lbu	x7,4(x10)	 x10:0x00101a2c  x7=0x00000020 PA:0x00101a30 store:0x00000000
          15058	      7525	001000d8	02038c63	beq	x7,x0,100110	  x7:0x00000020  x0:0x00000000
          15062	      7527	001000dc	0077a023	sw	x7,0(x15)	 x15:0x00020000  x7:0x00000020 PA:0x00020000 store:0x00000020 load:0x00000000
          15066	      7529	001000e0	00554583	lbu	x11,5(x10)	 x10:0x00101a2c x11=0x00000032 PA:0x00101a31 store:0x0000006e
          15068	      7530	001000e4	02058663	beq	x11,x0,100110	 x11:0x00000032  x0:0x00000000
          15072	      7532	001000e8	00b7a023	sw	x11,0(x15)	 x15:0x00020000 x11:0x00000032 PA:0x00020000 store:0x00000032 load:0x00000000
          15076	      7534	001000ec	00654603	lbu	x12,6(x10)	 x10:0x00101a2c x12=0x00000030 PA:0x00101a32 store:0x00000067
          15078	      7535	001000f0	02060063	beq	x12,x0,100110	 x12:0x00000030  x0:0x00000000
          15082	      7537	001000f4	00c7a023	sw	x12,0(x15)	 x15:0x00020000 x12:0x00000030 PA:0x00020000 store:0x00000030 load:0x00000000
          15086	      7539	001000f8	00754683	lbu	x13,7(x10)	 x10:0x00101a2c x13=0x00000020 PA:0x00101a33 store:0x00000020
          15088	      7540	001000fc	00850513	addi	x10,x10,8	 x10:0x00101a2c x10=0x00101a34
          15090	      7541	00100100	00068863	beq	x13,x0,100110	 x13:0x00000020  x0:0x00000000
          15094	      7543	00100104	00d7a023	sw	x13,0(x15)	 x15:0x00020000 x13:0x00000020 PA:0x00020000 store:0x00000020 load:0x00000000
          15098	      7545	00100108	00054803	lbu	x16,0(x10)	 x10:0x00101a34 x16=0x00000073 PA:0x00101a34 store:0x00000000
          15102	      7547	0010010c	fa0810e3	bne	x16,x0,1000ac	 x16:0x00000073  x0:0x00000000
          15108	      7550	001000ac	0107a023	sw	x16,0(x15)	 x15:0x00020000 x16:0x00000073 PA:0x00020000 store:0x00000073 load:0x00000000
          15112	      7552	001000b0	00154703	lbu	x14,1(x10)	 x10:0x00101a34 x14=0x00000071 PA:0x00101a35 store:0x00101314
          15114	      7553	001000b4	04070e63	beq	x14,x0,100110	 x14:0x00000071  x0:0x00000000
          15118	      7555	001000b8	00e7a023	sw	x14,0(x15)	 x15:0x00020000 x14:0x00000071 PA:0x00020000 store:0x00000071 load:0x00000000
          15122	      7557	001000bc	00254283	lbu	x5,2(x10)	 x10:0x00101a34  x5=0x00000075 PA:0x00101a36 store:0x00137fa0
          15124	      7558	001000c0	04028863	beq	x5,x0,100110	  x5:0x00000075  x0:0x00000000
          15128	      7560	001000c4	0057a023	sw	x5,0(x15)	 x15:0x00020000  x5:0x00000075 PA:0x00020000 store:0x00000075 load:0x00000000
          15132	      7562	001000c8	00354303	lbu	x6,3(x10)	 x10:0x00101a34  x6=0x00000061 PA:0x00101a37 store:0x00000000
          15134	      7563	001000cc	04030263	beq	x6,x0,100110	  x6:0x00000061  x0:0x00000000
          15138	      7565	001000d0	0067a023	sw	x6,0(x15)	 x15:0x00020000  x6:0x00000061 PA:0x00020000 store:0x00000061 load:0x00000000
          15142	      7567	001000d4	00454383	lbu	x7,4(x10)	 x10:0x00101a34  x7=0x00000072 PA:0x00101a38 store:0x00000000
          15144	      7568	001000d8	02038c63	beq	x7,x0,100110	  x7:0x00000072  x0:0x00000000
          15148	      7570	001000dc	0077a023	sw	x7,0(x15)	 x15:0x00020000  x7:0x00000072 PA:0x00020000 store:0x00000072 load:0x00000000
          15152	      7572	001000e0	00554583	lbu	x11,5(x10)	 x10:0x00101a34 x11=0x00000065 PA:0x00101a39 store:0x00000075
          15154	      7573	001000e4	02058663	beq	x11,x0,100110	 x11:0x00000065  x0:0x00000000
          15158	      7575	001000e8	00b7a023	sw	x11,0(x15)	 x15:0x00020000 x11:0x00000065 PA:0x00020000 store:0x00000065 load:0x00000000
          15162	      7577	001000ec	00654603	lbu	x12,6(x10)	 x10:0x00101a34 x12=0x00000020 PA:0x00101a3a store:0x00000061
          15164	      7578	001000f0	02060063	beq	x12,x0,100110	 x12:0x00000020  x0:0x00000000
          15168	      7580	001000f4	00c7a023	sw	x12,0(x15)	 x15:0x00020000 x12:0x00000020 PA:0x00020000 store:0x00000020 load:0x00000000
          15172	      7582	001000f8	00754683	lbu	x13,7(x10)	 x10:0x00101a34 x13=0x00000072 PA:0x00101a3b store:0x00000072
          15174	      7583	001000fc	00850513	addi	x10,x10,8	 x10:0x00101a34 x10=0x00101a3c
          15176	      7584	00100100	00068863	beq	x13,x0,100110	 x13:0x00000072  x0:0x00000000
          15180	      7586	00100104	00d7a023	sw	x13,0(x15)	 x15:0x00020000 x13:0x00000072 PA:0x00020000 store:0x00000072 load:0x00000000
          15184	      7588	00100108	00054803	lbu	x16,0(x10)	 x10:0x00101a3c x16=0x0000006f PA:0x00101a3c store:0x00000000
          15188	      7590	0010010c	fa0810e3	bne	x16,x0,1000ac	 x16:0x0000006f  x0:0x00000000
          15194	      7593	001000ac	0107a023	sw	x16,0(x15)	 x15:0x00020000 x16:0x0000006f PA:0x00020000 store:0x0000006f load:0x00000000
          15198	      7595	001000b0	00154703	lbu	x14,1(x10)	 x10:0x00101a3c x14=0x0000006f PA:0x00101a3d store:0x00101314
          15200	      7596	001000b4	04070e63	beq	x14,x0,100110	 x14:0x0000006f  x0:0x00000000
          15204	      7598	001000b8	00e7a023	sw	x14,0(x15)	 x15:0x00020000 x14:0x0000006f PA:0x00020000 store:0x0000006f load:0x00000000
          15208	      7600	001000bc	00254283	lbu	x5,2(x10)	 x10:0x00101a3c  x5=0x00000074 PA:0x00101a3e store:0x00137fa0
          15210	      7601	001000c0	04028863	beq	x5,x0,100110	  x5:0x00000074  x0:0x00000000
          15214	      7603	001000c4	0057a023	sw	x5,0(x15)	 x15:0x00020000  x5:0x00000074 PA:0x00020000 store:0x00000074 load:0x00000000
          15218	      7605	001000c8	00354303	lbu	x6,3(x10)	 x10:0x00101a3c  x6=0x00000073 PA:0x00101a3f store:0x00000000
          15220	      7606	001000cc	04030263	beq	x6,x0,100110	  x6:0x00000073  x0:0x00000000
          15224	      7608	001000d0	0067a023	sw	x6,0(x15)	 x15:0x00020000  x6:0x00000073 PA:0x00020000 store:0x00000073 load:0x00000000
          15228	      7610	001000d4	00454383	lbu	x7,4(x10)	 x10:0x00101a3c  x7=0x0000003a PA:0x00101a40 store:0x00000000
          15230	      7611	001000d8	02038c63	beq	x7,x0,100110	  x7:0x0000003a  x0:0x00000000
          15234	      7613	001000dc	0077a023	sw	x7,0(x15)	 x15:0x00020000  x7:0x0000003a PA:0x00020000 store:0x0000003a load:0x00000000
          15238	      7615	001000e0	00554583	lbu	x11,5(x10)	 x10:0x00101a3c x11=0x00000000 PA:0x00101a41 store:0x00000074
          15242	      7617	001000e4	02058663	beq	x11,x0,100110	 x11:0x00000000  x0:0x00000000
          15246	      7619	00100110	00000513	addi	x10,x0,0	  x0:0x00000000 x10=0x00000000
          15250	      7621	00100114	00008067	jalr	x0,0(x1)	  x1:0x00101314  x0=0x00000000
          15258	      7625	00101314	01400d13	addi	x26,x0,20	  x0:0x00000000 x26=0x00000014
          15260	      7626	00101318	d089a607	flw	f12,-760(x19)	 f19:0x00102000 f12=0x00000000 PA:0x00101d08 store:0x4598f2e4
          15280	      7636	0010131c	580676d3	fsqrt.s	f13,f12	 f12:0x00000020 f13=0x00000000
          15284	      7638	00101320	d0d9a427	fsw	f13,-760(x19)	 f19:0x00102000 f13:0x00000072 PA:0x00101d08 store:0x41ae842c load:0x43edefdf
          15288	      7640	00101324	d089a387	flw	f7,-760(x19)	 f19:0x00102000  f7=0x00000000 PA:0x00101d08 store:0x4598f2e4
          15292	      7642	00101328	a10a8513	addi	x10,x21,-1520	 x21:0x00102000 x10=0x00101a10
          15294	      7643	0010132c	e00386d3	fmv.x.w	x13,f7	  f7:0x0000003a x13=0x41ae842c
          15296	      7644	00101330	ceda2c23	sw	x13,-776(x20)	 x20:0x00102000 x13:0x41ae842c PA:0x00101cf8 store:0x41ae842c load:0x41ae842c
          15298	      7645	00101334	d6dfe0ef	jal	x1,1000a0	  x1=0x00101338
          15302	      7647	001000a0	00054803	lbu	x16,0(x10)	 x10:0x00101a10 x16=0x0000000a PA:0x00101a10 store:0x00000000
          15304	      7648	001000a4	06080663	beq	x16,x0,100110	 x16:0x0000000a  x0:0x00000000
          15306	      7649	001000a8	000207b7	lui	x15,0x20	 x15=0x00020000
          15310	      7651	001000ac	0107a023	sw	x16,0(x15)	 x15:0x00020000 x16:0x0000000a PA:0x00020000 store:0x0000000a load:0x00000000
          15314	      7653	001000b0	00154703	lbu	x14,1(x10)	 x10:0x00101a10 x14=0x00000020 PA:0x00101a11 store:0x00101338
          15316	      7654	001000b4	04070e63	beq	x14,x0,100110	 x14:0x00000020  x0:0x00000000
          15320	      7656	001000b8	00e7a023	sw	x14,0(x15)	 x15:0x00020000 x14:0x00000020 PA:0x00020000 store:0x00000020 load:0x00000000
          15324	      7658	001000bc	00254283	lbu	x5,2(x10)	 x10:0x00101a10  x5=0x00000069 PA:0x00101a12 store:0x00137fa0
          15326	      7659	001000c0	04028863	beq	x5,x0,100110	  x5:0x00000069  x0:0x00000000
          15330	      7661	001000c4	0057a023	sw	x5,0(x15)	 x15:0x00020000  x5:0x00000069 PA:0x00020000 store:0x00000069 load:0x00000000
          15334	      7663	001000c8	00354303	lbu	x6,3(x10)	 x10:0x00101a10  x6=0x0000003d PA:0x00101a13 store:0x00000000
          15336	      7664	001000cc	04030263	beq	x6,x0,100110	  x6:0x0000003d  x0:0x00000000
          15340	      7666	001000d0	0067a023	sw	x6,0(x15)	 x15:0x00020000  x6:0x0000003d PA:0x00020000 store:0x0000003d load:0x00000000
          15344	      7668	001000d4	00454383	lbu	x7,4(x10)	 x10:0x00101a10  x7=0x00000000 PA:0x00101a14 store:0x00000000
          15348	      7670	001000d8	02038c63	beq	x7,x0,100110	  x7:0x00000000  x0:0x00000000
          15352	      7672	00100110	00000513	addi	x10,x0,0	  x0:0x00000000 x10=0x00000000
          15356	      7674	00100114	00008067	jalr	x0,0(x1)	  x1:0x00101338  x0=0x00000000
          15358	      7675	00101338	000c0513	addi	x10,x24,0	 x24:0x00000000 x10=0x00000000
          15362	      7677	0010133c	de5fe0ef	jal	x1,100120	  x1=0x00101340
          15364	      7678	00100120	01c55793	srli	x15,x10,0x1c	 x10:0x00000000 x15=0x00000000
          15366	      7679	00100124	00900713	addi	x14,x0,9	  x0:0x00000000 x14=0x00000009
          15370	      7681	00100128	0cf77a63	bgeu	x14,x15,1001fc	 x14:0x00000009 x15:0x00000000
          15374	      7683	001001fc	03078393	addi	x7,x15,48	 x15:0x00000000  x7=0x00000030
          15376	      7684	00100200	000205b7	lui	x11,0x20	 x11=0x00020000
          15378	      7685	00100204	00451613	slli	x12,x10,0x4	 x10:0x00000000 x12=0x00000000
          15382	      7687	00100208	0075a023	sw	x7,0(x11)	 x11:0x00020000  x7:0x00000030 PA:0x00020000 store:0x00000030 load:0x00000000
          15384	      7688	0010020c	01c65693	srli	x13,x12,0x1c	 x12:0x00000000 x13=0x00000000
          15386	      7689	00100210	00900813	addi	x16,x0,9	  x0:0x00000000 x16=0x00000009
          15388	      7690	00100214	f2d86ae3	bltu	x16,x13,100148	 x16:0x00000009 x13:0x00000000
          15390	      7691	00100218	03068e93	addi	x29,x13,48	 x13:0x00000000 x29=0x00000030
          15392	      7692	0010021c	00020f37	lui	x30,0x20	 x30=0x00020000
          15394	      7693	00100220	00851f93	slli	x31,x10,0x8	 x10:0x00000000 x31=0x00000000
          15398	      7695	00100224	01df2023	sw	x29,0(x30)	 x30:0x00020000 x29:0x00000030 PA:0x00020000 store:0x00000030 load:0x00000000
          15400	      7696	00100228	01cfd793	srli	x15,x31,0x1c	 x31:0x00000000 x15=0x00000000
          15402	      7697	0010022c	00900713	addi	x14,x0,9	  x0:0x00000000 x14=0x00000009
          15404	      7698	00100230	f2f76ae3	bltu	x14,x15,100164	 x14:0x00000009 x15:0x00000000
          15406	      7699	00100234	03078393	addi	x7,x15,48	 x15:0x00000000  x7=0x00000030
          15408	      7700	00100238	000205b7	lui	x11,0x20	 x11=0x00020000
          15410	      7701	0010023c	00c51613	slli	x12,x10,0xc	 x10:0x00000000 x12=0x00000000
          15414	      7703	00100240	0075a023	sw	x7,0(x11)	 x11:0x00020000  x7:0x00000030 PA:0x00020000 store:0x00000030 load:0x00000000
          15416	      7704	00100244	01c65693	srli	x13,x12,0x1c	 x12:0x00000000 x13=0x00000000
          15418	      7705	00100248	00900813	addi	x16,x0,9	  x0:0x00000000 x16=0x00000009
          15420	      7706	0010024c	f2d86ae3	bltu	x16,x13,100180	 x16:0x00000009 x13:0x00000000
          15422	      7707	00100250	03068e93	addi	x29,x13,48	 x13:0x00000000 x29=0x00000030
          15424	      7708	00100254	00020f37	lui	x30,0x20	 x30=0x00020000
          15426	      7709	00100258	01051f93	slli	x31,x10,0x10	 x10:0x00000000 x31=0x00000000
          15430	      7711	0010025c	01df2023	sw	x29,0(x30)	 x30:0x00020000 x29:0x00000030 PA:0x00020000 store:0x00000030 load:0x00000000
          15432	      7712	00100260	01cfd793	srli	x15,x31,0x1c	 x31:0x00000000 x15=0x00000000
          15434	      7713	00100264	00900713	addi	x14,x0,9	  x0:0x00000000 x14=0x00000009
          15436	      7714	00100268	f2f76ae3	bltu	x14,x15,10019c	 x14:0x00000009 x15:0x00000000
          15438	      7715	0010026c	03078393	addi	x7,x15,48	 x15:0x00000000  x7=0x00000030
          15440	      7716	00100270	000205b7	lui	x11,0x20	 x11=0x00020000
          15442	      7717	00100274	01451613	slli	x12,x10,0x14	 x10:0x00000000 x12=0x00000000
          15446	      7719	00100278	0075a023	sw	x7,0(x11)	 x11:0x00020000  x7:0x00000030 PA:0x00020000 store:0x00000030 load:0x00000000
          15448	      7720	0010027c	01c65693	srli	x13,x12,0x1c	 x12:0x00000000 x13=0x00000000
          15450	      7721	00100280	00900813	addi	x16,x0,9	  x0:0x00000000 x16=0x00000009
          15452	      7722	00100284	f2d86ae3	bltu	x16,x13,1001b8	 x16:0x00000009 x13:0x00000000
          15454	      7723	00100288	03068e93	addi	x29,x13,48	 x13:0x00000000 x29=0x00000030
          15456	      7724	0010028c	00020f37	lui	x30,0x20	 x30=0x00020000
          15458	      7725	00100290	01851f93	slli	x31,x10,0x18	 x10:0x00000000 x31=0x00000000
          15462	      7727	00100294	01df2023	sw	x29,0(x30)	 x30:0x00020000 x29:0x00000030 PA:0x00020000 store:0x00000030 load:0x00000000
          15464	      7728	00100298	01cfd793	srli	x15,x31,0x1c	 x31:0x00000000 x15=0x00000000
          15466	      7729	0010029c	00900713	addi	x14,x0,9	  x0:0x00000000 x14=0x00000009
          15468	      7730	001002a0	f2f76ae3	bltu	x14,x15,1001d4	 x14:0x00000009 x15:0x00000000
          15470	      7731	001002a4	03078393	addi	x7,x15,48	 x15:0x00000000  x7=0x00000030
          15472	      7732	001002a8	000205b7	lui	x11,0x20	 x11=0x00020000
          15476	      7734	001002ac	0075a023	sw	x7,0(x11)	 x11:0x00020000  x7:0x00000030 PA:0x00020000 store:0x00000030 load:0x00000000
          15478	      7735	001002b0	00f57513	andi	x10,x10,15	 x10:0x00000000 x10=0x00000000
          15480	      7736	001002b4	00900613	addi	x12,x0,9	  x0:0x00000000 x12=0x00000009
          15484	      7738	001002b8	f2a67ae3	bgeu	x12,x10,1001ec	 x12:0x00000009 x10:0x00000000
          15488	      7740	001001ec	03050893	addi	x17,x10,48	 x10:0x00000000 x17=0x00000030
          15490	      7741	001001f0	00020e37	lui	x28,0x20	 x28=0x00020000
          15494	      7743	001001f4	011e2023	sw	x17,0(x28)	 x28:0x00020000 x17:0x00000030 PA:0x00020000 store:0x00000030 load:0x00000000
          15498	      7745	001001f8	00008067	jalr	x0,0(x1)	  x1:0x00101340  x0=0x00000000
          15500	      7746	00101340	a18b0513	addi	x10,x22,-1512	 x22:0x00102000 x10=0x00101a18
          15504	      7748	00101344	d5dfe0ef	jal	x1,1000a0	  x1=0x00101348
          15508	      7750	001000a0	00054803	lbu	x16,0(x10)	 x10:0x00101a18 x16=0x00000020 PA:0x00101a18 store:0x00000000
          15510	      7751	001000a4	06080663	beq	x16,x0,100110	 x16:0x00000020  x0:0x00000000
          15512	      7752	001000a8	000207b7	lui	x15,0x20	 x15=0x00020000
          15516	      7754	001000ac	0107a023	sw	x16,0(x15)	 x15:0x00020000 x16:0x00000020 PA:0x00020000 store:0x00000020 load:0x00000000
          15520	      7756	001000b0	00154703	lbu	x14,1(x10)	 x10:0x00101a18 x14=0x00000072 PA:0x00101a19 store:0x00101348
          15522	      7757	001000b4	04070e63	beq	x14,x0,100110	 x14:0x00000072  x0:0x00000000
          15526	      7759	001000b8	00e7a023	sw	x14,0(x15)	 x15:0x00020000 x14:0x00000072 PA:0x00020000 store:0x00000072 load:0x00000000
          15530	      7761	001000bc	00254283	lbu	x5,2(x10)	 x10:0x00101a18  x5=0x00000065 PA:0x00101a1a store:0x00137fa0
          15532	      7762	001000c0	04028863	beq	x5,x0,100110	  x5:0x00000065  x0:0x00000000
          15536	      7764	001000c4	0057a023	sw	x5,0(x15)	 x15:0x00020000  x5:0x00000065 PA:0x00020000 store:0x00000065 load:0x00000000
          15540	      7766	001000c8	00354303	lbu	x6,3(x10)	 x10:0x00101a18  x6=0x00000073 PA:0x00101a1b store:0x00000000
          15542	      7767	001000cc	04030263	beq	x6,x0,100110	  x6:0x00000073  x0:0x00000000
          15546	      7769	001000d0	0067a023	sw	x6,0(x15)	 x15:0x00020000  x6:0x00000073 PA:0x00020000 store:0x00000073 load:0x00000000
          15550	      7771	001000d4	00454383	lbu	x7,4(x10)	 x10:0x00101a18  x7=0x00000075 PA:0x00101a1c store:0x00000000
          15552	      7772	001000d8	02038c63	beq	x7,x0,100110	  x7:0x00000075  x0:0x00000000
          15556	      7774	001000dc	0077a023	sw	x7,0(x15)	 x15:0x00020000  x7:0x00000075 PA:0x00020000 store:0x00000075 load:0x00000000
          15560	      7776	001000e0	00554583	lbu	x11,5(x10)	 x10:0x00101a18 x11=0x0000006c PA:0x00101a1d store:0x00000065
          15562	      7777	001000e4	02058663	beq	x11,x0,100110	 x11:0x0000006c  x0:0x00000000
          15566	      7779	001000e8	00b7a023	sw	x11,0(x15)	 x15:0x00020000 x11:0x0000006c PA:0x00020000 store:0x0000006c load:0x00000000
          15570	      7781	001000ec	00654603	lbu	x12,6(x10)	 x10:0x00101a18 x12=0x00000074 PA:0x00101a1e store:0x00000073
          15572	      7782	001000f0	02060063	beq	x12,x0,100110	 x12:0x00000074  x0:0x00000000
          15576	      7784	001000f4	00c7a023	sw	x12,0(x15)	 x15:0x00020000 x12:0x00000074 PA:0x00020000 store:0x00000074 load:0x00000000
          15580	      7786	001000f8	00754683	lbu	x13,7(x10)	 x10:0x00101a18 x13=0x0000003a PA:0x00101a1f store:0x00000075
          15582	      7787	001000fc	00850513	addi	x10,x10,8	 x10:0x00101a18 x10=0x00101a20
          15584	      7788	00100100	00068863	beq	x13,x0,100110	 x13:0x0000003a  x0:0x00000000
          15588	      7790	00100104	00d7a023	sw	x13,0(x15)	 x15:0x00020000 x13:0x0000003a PA:0x00020000 store:0x0000003a load:0x00000000
          15592	      7792	00100108	00054803	lbu	x16,0(x10)	 x10:0x00101a20 x16=0x00000020 PA:0x00101a20 store:0x00000000
          15596	      7794	0010010c	fa0810e3	bne	x16,x0,1000ac	 x16:0x00000020  x0:0x00000000
          15602	      7797	001000ac	0107a023	sw	x16,0(x15)	 x15:0x00020000 x16:0x00000020 PA:0x00020000 store:0x00000020 load:0x00000000
          15606	      7799	001000b0	00154703	lbu	x14,1(x10)	 x10:0x00101a20 x14=0x00000000 PA:0x00101a21 store:0x00101348
          15610	      7801	001000b4	04070e63	beq	x14,x0,100110	 x14:0x00000000  x0:0x00000000
          15614	      7803	00100110	00000513	addi	x10,x0,0	  x0:0x00000000 x10=0x00000000
          15618	      7805	00100114	00008067	jalr	x0,0(x1)	  x1:0x00101348  x0=0x00000000
          15622	      7807	00101348	cf8a2503	lw	x10,-776(x20)	 x20:0x00102000 x10=0x41ae842c PA:0x00101cf8 store:0x00000000
          15624	      7808	0010134c	001c0d93	addi	x27,x24,1	 x24:0x00000000 x27=0x00000001
          15628	      7810	00101350	dd1fe0ef	jal	x1,100120	  x1=0x00101354
          15630	      7811	00100120	01c55793	srli	x15,x10,0x1c	 x10:0x41ae842c x15=0x00000004
          15632	      7812	00100124	00900713	addi	x14,x0,9	  x0:0x00000000 x14=0x00000009
          15636	      7814	00100128	0cf77a63	bgeu	x14,x15,1001fc	 x14:0x00000009 x15:0x00000004
          15640	      7816	001001fc	03078393	addi	x7,x15,48	 x15:0x00000004  x7=0x00000034
          15642	      7817	00100200	000205b7	lui	x11,0x20	 x11=0x00020000
          15644	      7818	00100204	00451613	slli	x12,x10,0x4	 x10:0x41ae842c x12=0x1ae842c0
          15648	      7820	00100208	0075a023	sw	x7,0(x11)	 x11:0x00020000  x7:0x00000034 PA:0x00020000 store:0x00000034 load:0x00000000
          15650	      7821	0010020c	01c65693	srli	x13,x12,0x1c	 x12:0x1ae842c0 x13=0x00000001
          15652	      7822	00100210	00900813	addi	x16,x0,9	  x0:0x00000000 x16=0x00000009
          15654	      7823	00100214	f2d86ae3	bltu	x16,x13,100148	 x16:0x00000009 x13:0x00000001
          15656	      7824	00100218	03068e93	addi	x29,x13,48	 x13:0x00000001 x29=0x00000031
          15658	      7825	0010021c	00020f37	lui	x30,0x20	 x30=0x00020000
          15660	      7826	00100220	00851f93	slli	x31,x10,0x8	 x10:0x41ae842c x31=0xae842c00
          15664	      7828	00100224	01df2023	sw	x29,0(x30)	 x30:0x00020000 x29:0x00000031 PA:0x00020000 store:0x00000031 load:0x00000000
          15666	      7829	00100228	01cfd793	srli	x15,x31,0x1c	 x31:0xae842c00 x15=0x0000000a
          15668	      7830	0010022c	00900713	addi	x14,x0,9	  x0:0x00000000 x14=0x00000009
          15672	      7832	00100230	f2f76ae3	bltu	x14,x15,100164	 x14:0x00000009 x15:0x0000000a
          15676	      7834	00100164	03778293	addi	x5,x15,55	 x15:0x0000000a  x5=0x00000041
          15678	      7835	00100168	00020337	lui	x6,0x20	  x6=0x00020000
          15680	      7836	0010016c	00c51613	slli	x12,x10,0xc	 x10:0x41ae842c x12=0xe842c000
          15684	      7838	00100170	00532023	sw	x5,0(x6)	  x6:0x00020000  x5:0x00000041 PA:0x00020000 store:0x00000041 load:0x00000000
          15686	      7839	00100174	01c65693	srli	x13,x12,0x1c	 x12:0xe842c000 x13=0x0000000e
          15688	      7840	00100178	00900813	addi	x16,x0,9	  x0:0x00000000 x16=0x00000009
          15690	      7841	0010017c	0cd87a63	bgeu	x16,x13,100250	 x16:0x00000009 x13:0x0000000e
          15692	      7842	00100180	03768893	addi	x17,x13,55	 x13:0x0000000e x17=0x00000045
          15694	      7843	00100184	00020e37	lui	x28,0x20	 x28=0x00020000
          15696	      7844	00100188	01051f93	slli	x31,x10,0x10	 x10:0x41ae842c x31=0x842c0000
          15700	      7846	0010018c	011e2023	sw	x17,0(x28)	 x28:0x00020000 x17:0x00000045 PA:0x00020000 store:0x00000045 load:0x00000000
          15702	      7847	00100190	01cfd793	srli	x15,x31,0x1c	 x31:0x842c0000 x15=0x00000008
          15704	      7848	00100194	00900713	addi	x14,x0,9	  x0:0x00000000 x14=0x00000009
          15708	      7850	00100198	0cf77a63	bgeu	x14,x15,10026c	 x14:0x00000009 x15:0x00000008
          15712	      7852	0010026c	03078393	addi	x7,x15,48	 x15:0x00000008  x7=0x00000038
          15714	      7853	00100270	000205b7	lui	x11,0x20	 x11=0x00020000
          15716	      7854	00100274	01451613	slli	x12,x10,0x14	 x10:0x41ae842c x12=0x42c00000
          15720	      7856	00100278	0075a023	sw	x7,0(x11)	 x11:0x00020000  x7:0x00000038 PA:0x00020000 store:0x00000038 load:0x00000000
          15722	      7857	0010027c	01c65693	srli	x13,x12,0x1c	 x12:0x42c00000 x13=0x00000004
          15724	      7858	00100280	00900813	addi	x16,x0,9	  x0:0x00000000 x16=0x00000009
          15726	      7859	00100284	f2d86ae3	bltu	x16,x13,1001b8	 x16:0x00000009 x13:0x00000004
          15728	      7860	00100288	03068e93	addi	x29,x13,48	 x13:0x00000004 x29=0x00000034
          15730	      7861	0010028c	00020f37	lui	x30,0x20	 x30=0x00020000
          15732	      7862	00100290	01851f93	slli	x31,x10,0x18	 x10:0x41ae842c x31=0x2c000000
          15736	      7864	00100294	01df2023	sw	x29,0(x30)	 x30:0x00020000 x29:0x00000034 PA:0x00020000 store:0x00000034 load:0x00000000
          15738	      7865	00100298	01cfd793	srli	x15,x31,0x1c	 x31:0x2c000000 x15=0x00000002
          15740	      7866	0010029c	00900713	addi	x14,x0,9	  x0:0x00000000 x14=0x00000009
          15742	      7867	001002a0	f2f76ae3	bltu	x14,x15,1001d4	 x14:0x00000009 x15:0x00000002
          15744	      7868	001002a4	03078393	addi	x7,x15,48	 x15:0x00000002  x7=0x00000032
          15746	      7869	001002a8	000205b7	lui	x11,0x20	 x11=0x00020000
          15750	      7871	001002ac	0075a023	sw	x7,0(x11)	 x11:0x00020000  x7:0x00000032 PA:0x00020000 store:0x00000032 load:0x00000000
          15752	      7872	001002b0	00f57513	andi	x10,x10,15	 x10:0x41ae842c x10=0x0000000c
          15754	      7873	001002b4	00900613	addi	x12,x0,9	  x0:0x00000000 x12=0x00000009
          15756	      7874	001002b8	f2a67ae3	bgeu	x12,x10,1001ec	 x12:0x00000009 x10:0x0000000c
          15758	      7875	001002bc	03750693	addi	x13,x10,55	 x10:0x0000000c x13=0x00000043
          15760	      7876	001002c0	00020837	lui	x16,0x20	 x16=0x00020000
          15764	      7878	001002c4	00d82023	sw	x13,0(x16)	 x16:0x00020000 x13:0x00000043 PA:0x00020000 store:0x00000043 load:0x00000000
          15774	      7883	001002c8	00008067	jalr	x0,0(x1)	  x1:0x00101354  x0=0x00000000
          15776	      7884	00101354	d089a407	flw	f8,-760(x19)	 f19:0x00102000  f8=0x00000000 PA:0x00101d08 store:0x4598f2e4
          15796	      7894	00101358	580474d3	fsqrt.s	f9,f8	  f8:0x00102000  f9=0x00000000
          15800	      7896	0010135c	d099a427	fsw	f9,-760(x19)	 f19:0x00102000  f9:0x00102000 PA:0x00101d08 store:0x40957595 load:0x41ae842c
          15804	      7898	00101360	d089a507	flw	f10,-760(x19)	 f19:0x00102000 f10=0x00000000 PA:0x00101d08 store:0x41ae842c
          15808	      7900	00101364	a10a8513	addi	x10,x21,-1520	 x21:0x00102000 x10=0x00101a10
          15810	      7901	00101368	e0050753	fmv.x.w	x14,f10	 f10:0x00101a10 x14=0x40957595
          15812	      7902	0010136c	ceea2c23	sw	x14,-776(x20)	 x20:0x00102000 x14:0x40957595 PA:0x00101cf8 store:0x40957595 load:0x40957595
          15814	      7903	00101370	d31fe0ef	jal	x1,1000a0	  x1=0x00101374
          15818	      7905	001000a0	00054803	lbu	x16,0(x10)	 x10:0x00101a10 x16=0x0000000a PA:0x00101a10 store:0x00000000
          15820	      7906	001000a4	06080663	beq	x16,x0,100110	 x16:0x0000000a  x0:0x00000000
          15822	      7907	001000a8	000207b7	lui	x15,0x20	 x15=0x00020000
          15826	      7909	001000ac	0107a023	sw	x16,0(x15)	 x15:0x00020000 x16:0x0000000a PA:0x00020000 store:0x0000000a load:0x00000000
          15830	      7911	001000b0	00154703	lbu	x14,1(x10)	 x10:0x00101a10 x14=0x00000020 PA:0x00101a11 store:0x00101374
          15832	      7912	001000b4	04070e63	beq	x14,x0,100110	 x14:0x00000020  x0:0x00000000
          15836	      7914	001000b8	00e7a023	sw	x14,0(x15)	 x15:0x00020000 x14:0x00000020 PA:0x00020000 store:0x00000020 load:0x00000000
          15840	      7916	001000bc	00254283	lbu	x5,2(x10)	 x10:0x00101a10  x5=0x00000069 PA:0x00101a12 store:0x00137fa0
          15842	      7917	001000c0	04028863	beq	x5,x0,100110	  x5:0x00000069  x0:0x00000000
          15846	      7919	001000c4	0057a023	sw	x5,0(x15)	 x15:0x00020000  x5:0x00000069 PA:0x00020000 store:0x00000069 load:0x00000000
          15850	      7921	001000c8	00354303	lbu	x6,3(x10)	 x10:0x00101a10  x6=0x0000003d PA:0x00101a13 store:0x00000000
          15852	      7922	001000cc	04030263	beq	x6,x0,100110	  x6:0x0000003d  x0:0x00000000
          15856	      7924	001000d0	0067a023	sw	x6,0(x15)	 x15:0x00020000  x6:0x0000003d PA:0x00020000 store:0x0000003d load:0x00000000
          15860	      7926	001000d4	00454383	lbu	x7,4(x10)	 x10:0x00101a10  x7=0x00000000 PA:0x00101a14 store:0x00000000
          15864	      7928	001000d8	02038c63	beq	x7,x0,100110	  x7:0x00000000  x0:0x00000000
          15868	      7930	00100110	00000513	addi	x10,x0,0	  x0:0x00000000 x10=0x00000000
          15872	      7932	00100114	00008067	jalr	x0,0(x1)	  x1:0x00101374  x0=0x00000000
          15874	      7933	00101374	000d8513	addi	x10,x27,0	 x27:0x00000001 x10=0x00000001
          15878	      7935	00101378	da9fe0ef	jal	x1,100120	  x1=0x0010137c
          15880	      7936	00100120	01c55793	srli	x15,x10,0x1c	 x10:0x00000001 x15=0x00000000
          15882	      7937	00100124	00900713	addi	x14,x0,9	  x0:0x00000000 x14=0x00000009
          15886	      7939	00100128	0cf77a63	bgeu	x14,x15,1001fc	 x14:0x00000009 x15:0x00000000
          15890	      7941	001001fc	03078393	addi	x7,x15,48	 x15:0x00000000  x7=0x00000030
          15892	      7942	00100200	000205b7	lui	x11,0x20	 x11=0x00020000
          15894	      7943	00100204	00451613	slli	x12,x10,0x4	 x10:0x00000001 x12=0x00000010
          15898	      7945	00100208	0075a023	sw	x7,0(x11)	 x11:0x00020000  x7:0x00000030 PA:0x00020000 store:0x00000030 load:0x00000000
          15900	      7946	0010020c	01c65693	srli	x13,x12,0x1c	 x12:0x00000010 x13=0x00000000
          15902	      7947	00100210	00900813	addi	x16,x0,9	  x0:0x00000000 x16=0x00000009
          15904	      7948	00100214	f2d86ae3	bltu	x16,x13,100148	 x16:0x00000009 x13:0x00000000
          15906	      7949	00100218	03068e93	addi	x29,x13,48	 x13:0x00000000 x29=0x00000030
          15908	      7950	0010021c	00020f37	lui	x30,0x20	 x30=0x00020000
          15910	      7951	00100220	00851f93	slli	x31,x10,0x8	 x10:0x00000001 x31=0x00000100
          15914	      7953	00100224	01df2023	sw	x29,0(x30)	 x30:0x00020000 x29:0x00000030 PA:0x00020000 store:0x00000030 load:0x00000000
          15916	      7954	00100228	01cfd793	srli	x15,x31,0x1c	 x31:0x00000100 x15=0x00000000
          15918	      7955	0010022c	00900713	addi	x14,x0,9	  x0:0x00000000 x14=0x00000009
          15920	      7956	00100230	f2f76ae3	bltu	x14,x15,100164	 x14:0x00000009 x15:0x00000000
          15922	      7957	00100234	03078393	addi	x7,x15,48	 x15:0x00000000  x7=0x00000030
          15924	      7958	00100238	000205b7	lui	x11,0x20	 x11=0x00020000
          15926	      7959	0010023c	00c51613	slli	x12,x10,0xc	 x10:0x00000001 x12=0x00001000
          15930	      7961	00100240	0075a023	sw	x7,0(x11)	 x11:0x00020000  x7:0x00000030 PA:0x00020000 store:0x00000030 load:0x00000000
          15932	      7962	00100244	01c65693	srli	x13,x12,0x1c	 x12:0x00001000 x13=0x00000000
          15934	      7963	00100248	00900813	addi	x16,x0,9	  x0:0x00000000 x16=0x00000009
          15936	      7964	0010024c	f2d86ae3	bltu	x16,x13,100180	 x16:0x00000009 x13:0x00000000
          15938	      7965	00100250	03068e93	addi	x29,x13,48	 x13:0x00000000 x29=0x00000030
          15940	      7966	00100254	00020f37	lui	x30,0x20	 x30=0x00020000
          15942	      7967	00100258	01051f93	slli	x31,x10,0x10	 x10:0x00000001 x31=0x00010000
          15946	      7969	0010025c	01df2023	sw	x29,0(x30)	 x30:0x00020000 x29:0x00000030 PA:0x00020000 store:0x00000030 load:0x00000000
          15948	      7970	00100260	01cfd793	srli	x15,x31,0x1c	 x31:0x00010000 x15=0x00000000
          15950	      7971	00100264	00900713	addi	x14,x0,9	  x0:0x00000000 x14=0x00000009
          15952	      7972	00100268	f2f76ae3	bltu	x14,x15,10019c	 x14:0x00000009 x15:0x00000000
          15954	      7973	0010026c	03078393	addi	x7,x15,48	 x15:0x00000000  x7=0x00000030
          15956	      7974	00100270	000205b7	lui	x11,0x20	 x11=0x00020000
          15958	      7975	00100274	01451613	slli	x12,x10,0x14	 x10:0x00000001 x12=0x00100000
          15962	      7977	00100278	0075a023	sw	x7,0(x11)	 x11:0x00020000  x7:0x00000030 PA:0x00020000 store:0x00000030 load:0x00000000
          15964	      7978	0010027c	01c65693	srli	x13,x12,0x1c	 x12:0x00100000 x13=0x00000000
          15966	      7979	00100280	00900813	addi	x16,x0,9	  x0:0x00000000 x16=0x00000009
          15968	      7980	00100284	f2d86ae3	bltu	x16,x13,1001b8	 x16:0x00000009 x13:0x00000000
          15970	      7981	00100288	03068e93	addi	x29,x13,48	 x13:0x00000000 x29=0x00000030
          15972	      7982	0010028c	00020f37	lui	x30,0x20	 x30=0x00020000
          15974	      7983	00100290	01851f93	slli	x31,x10,0x18	 x10:0x00000001 x31=0x01000000
          15978	      7985	00100294	01df2023	sw	x29,0(x30)	 x30:0x00020000 x29:0x00000030 PA:0x00020000 store:0x00000030 load:0x00000000
          15980	      7986	00100298	01cfd793	srli	x15,x31,0x1c	 x31:0x01000000 x15=0x00000000
          15982	      7987	0010029c	00900713	addi	x14,x0,9	  x0:0x00000000 x14=0x00000009
          15984	      7988	001002a0	f2f76ae3	bltu	x14,x15,1001d4	 x14:0x00000009 x15:0x00000000
          15986	      7989	001002a4	03078393	addi	x7,x15,48	 x15:0x00000000  x7=0x00000030
          15988	      7990	001002a8	000205b7	lui	x11,0x20	 x11=0x00020000
          15992	      7992	001002ac	0075a023	sw	x7,0(x11)	 x11:0x00020000  x7:0x00000030 PA:0x00020000 store:0x00000030 load:0x00000000
          15994	      7993	001002b0	00f57513	andi	x10,x10,15	 x10:0x00000001 x10=0x00000001
          15996	      7994	001002b4	00900613	addi	x12,x0,9	  x0:0x00000000 x12=0x00000009
          16000	      7996	001002b8	f2a67ae3	bgeu	x12,x10,1001ec	 x12:0x00000009 x10:0x00000001
          16004	      7998	001001ec	03050893	addi	x17,x10,48	 x10:0x00000001 x17=0x00000031
          16006	      7999	001001f0	00020e37	lui	x28,0x20	 x28=0x00020000
          16010	      8001	001001f4	011e2023	sw	x17,0(x28)	 x28:0x00020000 x17:0x00000031 PA:0x00020000 store:0x00000031 load:0x00000000
          16014	      8003	001001f8	00008067	jalr	x0,0(x1)	  x1:0x0010137c  x0=0x00000000
          16016	      8004	0010137c	a18b0513	addi	x10,x22,-1512	 x22:0x00102000 x10=0x00101a18
          16020	      8006	00101380	d21fe0ef	jal	x1,1000a0	  x1=0x00101384
          16024	      8008	001000a0	00054803	lbu	x16,0(x10)	 x10:0x00101a18 x16=0x00000020 PA:0x00101a18 store:0x00000000
          16026	      8009	001000a4	06080663	beq	x16,x0,100110	 x16:0x00000020  x0:0x00000000
          16028	      8010	001000a8	000207b7	lui	x15,0x20	 x15=0x00020000
          16032	      8012	001000ac	0107a023	sw	x16,0(x15)	 x15:0x00020000 x16:0x00000020 PA:0x00020000 store:0x00000020 load:0x00000000
          16036	      8014	001000b0	00154703	lbu	x14,1(x10)	 x10:0x00101a18 x14=0x00000072 PA:0x00101a19 store:0x00101384
          16038	      8015	001000b4	04070e63	beq	x14,x0,100110	 x14:0x00000072  x0:0x00000000
          16042	      8017	001000b8	00e7a023	sw	x14,0(x15)	 x15:0x00020000 x14:0x00000072 PA:0x00020000 store:0x00000072 load:0x00000000
          16046	      8019	001000bc	00254283	lbu	x5,2(x10)	 x10:0x00101a18  x5=0x00000065 PA:0x00101a1a store:0x00137fa0
          16048	      8020	001000c0	04028863	beq	x5,x0,100110	  x5:0x00000065  x0:0x00000000
          16052	      8022	001000c4	0057a023	sw	x5,0(x15)	 x15:0x00020000  x5:0x00000065 PA:0x00020000 store:0x00000065 load:0x00000000
          16056	      8024	001000c8	00354303	lbu	x6,3(x10)	 x10:0x00101a18  x6=0x00000073 PA:0x00101a1b store:0x00000000
          16058	      8025	001000cc	04030263	beq	x6,x0,100110	  x6:0x00000073  x0:0x00000000
          16062	      8027	001000d0	0067a023	sw	x6,0(x15)	 x15:0x00020000  x6:0x00000073 PA:0x00020000 store:0x00000073 load:0x00000000
          16066	      8029	001000d4	00454383	lbu	x7,4(x10)	 x10:0x00101a18  x7=0x00000075 PA:0x00101a1c store:0x00000000
          16068	      8030	001000d8	02038c63	beq	x7,x0,100110	  x7:0x00000075  x0:0x00000000
          16072	      8032	001000dc	0077a023	sw	x7,0(x15)	 x15:0x00020000  x7:0x00000075 PA:0x00020000 store:0x00000075 load:0x00000000
          16076	      8034	001000e0	00554583	lbu	x11,5(x10)	 x10:0x00101a18 x11=0x0000006c PA:0x00101a1d store:0x00000065
          16078	      8035	001000e4	02058663	beq	x11,x0,100110	 x11:0x0000006c  x0:0x00000000
          16082	      8037	001000e8	00b7a023	sw	x11,0(x15)	 x15:0x00020000 x11:0x0000006c PA:0x00020000 store:0x0000006c load:0x00000000
          16086	      8039	001000ec	00654603	lbu	x12,6(x10)	 x10:0x00101a18 x12=0x00000074 PA:0x00101a1e store:0x00000073
          16088	      8040	001000f0	02060063	beq	x12,x0,100110	 x12:0x00000074  x0:0x00000000
          16092	      8042	001000f4	00c7a023	sw	x12,0(x15)	 x15:0x00020000 x12:0x00000074 PA:0x00020000 store:0x00000074 load:0x00000000
          16096	      8044	001000f8	00754683	lbu	x13,7(x10)	 x10:0x00101a18 x13=0x0000003a PA:0x00101a1f store:0x00000075
          16098	      8045	001000fc	00850513	addi	x10,x10,8	 x10:0x00101a18 x10=0x00101a20
          16100	      8046	00100100	00068863	beq	x13,x0,100110	 x13:0x0000003a  x0:0x00000000
          16104	      8048	00100104	00d7a023	sw	x13,0(x15)	 x15:0x00020000 x13:0x0000003a PA:0x00020000 store:0x0000003a load:0x00000000
          16108	      8050	00100108	00054803	lbu	x16,0(x10)	 x10:0x00101a20 x16=0x00000020 PA:0x00101a20 store:0x00000000
          16112	      8052	0010010c	fa0810e3	bne	x16,x0,1000ac	 x16:0x00000020  x0:0x00000000
          16118	      8055	001000ac	0107a023	sw	x16,0(x15)	 x15:0x00020000 x16:0x00000020 PA:0x00020000 store:0x00000020 load:0x00000000
          16122	      8057	001000b0	00154703	lbu	x14,1(x10)	 x10:0x00101a20 x14=0x00000000 PA:0x00101a21 store:0x00101384
          16126	      8059	001000b4	04070e63	beq	x14,x0,100110	 x14:0x00000000  x0:0x00000000
          16130	      8061	00100110	00000513	addi	x10,x0,0	  x0:0x00000000 x10=0x00000000
          16134	      8063	00100114	00008067	jalr	x0,0(x1)	  x1:0x00101384  x0=0x00000000
          16138	      8065	00101384	cf8a2503	lw	x10,-776(x20)	 x20:0x00102000 x10=0x40957595 PA:0x00101cf8 store:0x00000000
          16140	      8066	00101388	002c0d93	addi	x27,x24,2	 x24:0x00000000 x27=0x00000002
          16144	      8068	0010138c	d95fe0ef	jal	x1,100120	  x1=0x00101390
          16146	      8069	00100120	01c55793	srli	x15,x10,0x1c	 x10:0x40957595 x15=0x00000004
          16148	      8070	00100124	00900713	addi	x14,x0,9	  x0:0x00000000 x14=0x00000009
          16152	      8072	00100128	0cf77a63	bgeu	x14,x15,1001fc	 x14:0x00000009 x15:0x00000004
          16156	      8074	001001fc	03078393	addi	x7,x15,48	 x15:0x00000004  x7=0x00000034
          16158	      8075	00100200	000205b7	lui	x11,0x20	 x11=0x00020000
          16160	      8076	00100204	00451613	slli	x12,x10,0x4	 x10:0x40957595 x12=0x09575950
          16164	      8078	00100208	0075a023	sw	x7,0(x11)	 x11:0x00020000  x7:0x00000034 PA:0x00020000 store:0x00000034 load:0x00000000
          16166	      8079	0010020c	01c65693	srli	x13,x12,0x1c	 x12:0x09575950 x13=0x00000000
          16168	      8080	00100210	00900813	addi	x16,x0,9	  x0:0x00000000 x16=0x00000009
          16170	      8081	00100214	f2d86ae3	bltu	x16,x13,100148	 x16:0x00000009 x13:0x00000000
          16172	      8082	00100218	03068e93	addi	x29,x13,48	 x13:0x00000000 x29=0x00000030
          16174	      8083	0010021c	00020f37	lui	x30,0x20	 x30=0x00020000
          16176	      8084	00100220	00851f93	slli	x31,x10,0x8	 x10:0x40957595 x31=0x95759500
          16180	      8086	00100224	01df2023	sw	x29,0(x30)	 x30:0x00020000 x29:0x00000030 PA:0x00020000 store:0x00000030 load:0x00000000
          16182	      8087	00100228	01cfd793	srli	x15,x31,0x1c	 x31:0x95759500 x15=0x00000009
          16184	      8088	0010022c	00900713	addi	x14,x0,9	  x0:0x00000000 x14=0x00000009
          16186	      8089	00100230	f2f76ae3	bltu	x14,x15,100164	 x14:0x00000009 x15:0x00000009
          16188	      8090	00100234	03078393	addi	x7,x15,48	 x15:0x00000009  x7=0x00000039
          16190	      8091	00100238	000205b7	lui	x11,0x20	 x11=0x00020000
          16192	      8092	0010023c	00c51613	slli	x12,x10,0xc	 x10:0x40957595 x12=0x57595000
          16196	      8094	00100240	0075a023	sw	x7,0(x11)	 x11:0x00020000  x7:0x00000039 PA:0x00020000 store:0x00000039 load:0x00000000
          16198	      8095	00100244	01c65693	srli	x13,x12,0x1c	 x12:0x57595000 x13=0x00000005
          16200	      8096	00100248	00900813	addi	x16,x0,9	  x0:0x00000000 x16=0x00000009
          16202	      8097	0010024c	f2d86ae3	bltu	x16,x13,100180	 x16:0x00000009 x13:0x00000005
          16204	      8098	00100250	03068e93	addi	x29,x13,48	 x13:0x00000005 x29=0x00000035
          16206	      8099	00100254	00020f37	lui	x30,0x20	 x30=0x00020000
          16208	      8100	00100258	01051f93	slli	x31,x10,0x10	 x10:0x40957595 x31=0x75950000
          16212	      8102	0010025c	01df2023	sw	x29,0(x30)	 x30:0x00020000 x29:0x00000035 PA:0x00020000 store:0x00000035 load:0x00000000
          16214	      8103	00100260	01cfd793	srli	x15,x31,0x1c	 x31:0x75950000 x15=0x00000007
          16216	      8104	00100264	00900713	addi	x14,x0,9	  x0:0x00000000 x14=0x00000009
          16218	      8105	00100268	f2f76ae3	bltu	x14,x15,10019c	 x14:0x00000009 x15:0x00000007
          16220	      8106	0010026c	03078393	addi	x7,x15,48	 x15:0x00000007  x7=0x00000037
          16222	      8107	00100270	000205b7	lui	x11,0x20	 x11=0x00020000
          16224	      8108	00100274	01451613	slli	x12,x10,0x14	 x10:0x40957595 x12=0x59500000
          16228	      8110	00100278	0075a023	sw	x7,0(x11)	 x11:0x00020000  x7:0x00000037 PA:0x00020000 store:0x00000037 load:0x00000000
          16230	      8111	0010027c	01c65693	srli	x13,x12,0x1c	 x12:0x59500000 x13=0x00000005
          16232	      8112	00100280	00900813	addi	x16,x0,9	  x0:0x00000000 x16=0x00000009
          16234	      8113	00100284	f2d86ae3	bltu	x16,x13,1001b8	 x16:0x00000009 x13:0x00000005
          16236	      8114	00100288	03068e93	addi	x29,x13,48	 x13:0x00000005 x29=0x00000035
          16238	      8115	0010028c	00020f37	lui	x30,0x20	 x30=0x00020000
          16240	      8116	00100290	01851f93	slli	x31,x10,0x18	 x10:0x40957595 x31=0x95000000
          16244	      8118	00100294	01df2023	sw	x29,0(x30)	 x30:0x00020000 x29:0x00000035 PA:0x00020000 store:0x00000035 load:0x00000000
          16246	      8119	00100298	01cfd793	srli	x15,x31,0x1c	 x31:0x95000000 x15=0x00000009
          16248	      8120	0010029c	00900713	addi	x14,x0,9	  x0:0x00000000 x14=0x00000009
          16250	      8121	001002a0	f2f76ae3	bltu	x14,x15,1001d4	 x14:0x00000009 x15:0x00000009
          16252	      8122	001002a4	03078393	addi	x7,x15,48	 x15:0x00000009  x7=0x00000039
          16254	      8123	001002a8	000205b7	lui	x11,0x20	 x11=0x00020000
          16258	      8125	001002ac	0075a023	sw	x7,0(x11)	 x11:0x00020000  x7:0x00000039 PA:0x00020000 store:0x00000039 load:0x00000000
          16260	      8126	001002b0	00f57513	andi	x10,x10,15	 x10:0x40957595 x10=0x00000005
          16262	      8127	001002b4	00900613	addi	x12,x0,9	  x0:0x00000000 x12=0x00000009
          16266	      8129	001002b8	f2a67ae3	bgeu	x12,x10,1001ec	 x12:0x00000009 x10:0x00000005
          16270	      8131	001001ec	03050893	addi	x17,x10,48	 x10:0x00000005 x17=0x00000035
          16272	      8132	001001f0	00020e37	lui	x28,0x20	 x28=0x00020000
          16276	      8134	001001f4	011e2023	sw	x17,0(x28)	 x28:0x00020000 x17:0x00000035 PA:0x00020000 store:0x00000035 load:0x00000000
          16286	      8139	001001f8	00008067	jalr	x0,0(x1)	  x1:0x00101390  x0=0x00000000
          16288	      8140	00101390	d089a807	flw	f16,-760(x19)	 f19:0x00102000 f16=0x00000000 PA:0x00101d08 store:0x41ae842c
          16310	      8151	00101394	a10a8513	addi	x10,x21,-1520	 x21:0x00102000 x10=0x00101a10
          16312	      8152	00101398	580878d3	fsqrt.s	f17,f16	 f16:0x00000009 f17=0x00000000
          16314	      8153	0010139c	d119a427	fsw	f17,-760(x19)	 f19:0x00102000 f17:0x00000035 PA:0x00101d08 store:0x400a5069 load:0x40957595
          16318	      8155	001013a0	d089a907	flw	f18,-760(x19)	 f19:0x00102000 f18=0x00000000 PA:0x00101d08 store:0x41ae842c
          16320	      8156	001013a4	e00907d3	fmv.x.w	x15,f18	 f18:0x00102000 x15=0x400a5069
          16322	      8157	001013a8	cefa2c23	sw	x15,-776(x20)	 x20:0x00102000 x15:0x400a5069 PA:0x00101cf8 store:0x400a5069 load:0x400a5069
          16326	      8159	001013ac	cf5fe0ef	jal	x1,1000a0	  x1=0x001013b0
          16330	      8161	001000a0	00054803	lbu	x16,0(x10)	 x10:0x00101a10 x16=0x0000000a PA:0x00101a10 store:0x00000000
          16332	      8162	001000a4	06080663	beq	x16,x0,100110	 x16:0x0000000a  x0:0x00000000
          16334	      8163	001000a8	000207b7	lui	x15,0x20	 x15=0x00020000
          16338	      8165	001000ac	0107a023	sw	x16,0(x15)	 x15:0x00020000 x16:0x0000000a PA:0x00020000 store:0x0000000a load:0x00000000
          16342	      8167	001000b0	00154703	lbu	x14,1(x10)	 x10:0x00101a10 x14=0x00000020 PA:0x00101a11 store:0x001013b0
          16344	      8168	001000b4	04070e63	beq	x14,x0,100110	 x14:0x00000020  x0:0x00000000
          16348	      8170	001000b8	00e7a023	sw	x14,0(x15)	 x15:0x00020000 x14:0x00000020 PA:0x00020000 store:0x00000020 load:0x00000000
          16352	      8172	001000bc	00254283	lbu	x5,2(x10)	 x10:0x00101a10  x5=0x00000069 PA:0x00101a12 store:0x00137fa0
          16354	      8173	001000c0	04028863	beq	x5,x0,100110	  x5:0x00000069  x0:0x00000000
          16358	      8175	001000c4	0057a023	sw	x5,0(x15)	 x15:0x00020000  x5:0x00000069 PA:0x00020000 store:0x00000069 load:0x00000000
          16362	      8177	001000c8	00354303	lbu	x6,3(x10)	 x10:0x00101a10  x6=0x0000003d PA:0x00101a13 store:0x00000000
          16364	      8178	001000cc	04030263	beq	x6,x0,100110	  x6:0x0000003d  x0:0x00000000
          16368	      8180	001000d0	0067a023	sw	x6,0(x15)	 x15:0x00020000  x6:0x0000003d PA:0x00020000 store:0x0000003d load:0x00000000
          16372	      8182	001000d4	00454383	lbu	x7,4(x10)	 x10:0x00101a10  x7=0x00000000 PA:0x00101a14 store:0x00000000
          16376	      8184	001000d8	02038c63	beq	x7,x0,100110	  x7:0x00000000  x0:0x00000000
          16380	      8186	00100110	00000513	addi	x10,x0,0	  x0:0x00000000 x10=0x00000000
          16384	      8188	00100114	00008067	jalr	x0,0(x1)	  x1:0x001013b0  x0=0x00000000
          16386	      8189	001013b0	000d8513	addi	x10,x27,0	 x27:0x00000002 x10=0x00000002
          16390	      8191	001013b4	d6dfe0ef	jal	x1,100120	  x1=0x001013b8
          16392	      8192	00100120	01c55793	srli	x15,x10,0x1c	 x10:0x00000002 x15=0x00000000
          16394	      8193	00100124	00900713	addi	x14,x0,9	  x0:0x00000000 x14=0x00000009
          16398	      8195	00100128	0cf77a63	bgeu	x14,x15,1001fc	 x14:0x00000009 x15:0x00000000
          16402	      8197	001001fc	03078393	addi	x7,x15,48	 x15:0x00000000  x7=0x00000030
          16404	      8198	00100200	000205b7	lui	x11,0x20	 x11=0x00020000
          16406	      8199	00100204	00451613	slli	x12,x10,0x4	 x10:0x00000002 x12=0x00000020
          16410	      8201	00100208	0075a023	sw	x7,0(x11)	 x11:0x00020000  x7:0x00000030 PA:0x00020000 store:0x00000030 load:0x00000000
          16412	      8202	0010020c	01c65693	srli	x13,x12,0x1c	 x12:0x00000020 x13=0x00000000
          16414	      8203	00100210	00900813	addi	x16,x0,9	  x0:0x00000000 x16=0x00000009
          16416	      8204	00100214	f2d86ae3	bltu	x16,x13,100148	 x16:0x00000009 x13:0x00000000
          16418	      8205	00100218	03068e93	addi	x29,x13,48	 x13:0x00000000 x29=0x00000030
          16420	      8206	0010021c	00020f37	lui	x30,0x20	 x30=0x00020000
          16422	      8207	00100220	00851f93	slli	x31,x10,0x8	 x10:0x00000002 x31=0x00000200
          16426	      8209	00100224	01df2023	sw	x29,0(x30)	 x30:0x00020000 x29:0x00000030 PA:0x00020000 store:0x00000030 load:0x00000000
          16428	      8210	00100228	01cfd793	srli	x15,x31,0x1c	 x31:0x00000200 x15=0x00000000
          16430	      8211	0010022c	00900713	addi	x14,x0,9	  x0:0x00000000 x14=0x00000009
          16432	      8212	00100230	f2f76ae3	bltu	x14,x15,100164	 x14:0x00000009 x15:0x00000000
          16434	      8213	00100234	03078393	addi	x7,x15,48	 x15:0x00000000  x7=0x00000030
          16436	      8214	00100238	000205b7	lui	x11,0x20	 x11=0x00020000
          16438	      8215	0010023c	00c51613	slli	x12,x10,0xc	 x10:0x00000002 x12=0x00002000
          16442	      8217	00100240	0075a023	sw	x7,0(x11)	 x11:0x00020000  x7:0x00000030 PA:0x00020000 store:0x00000030 load:0x00000000
          16444	      8218	00100244	01c65693	srli	x13,x12,0x1c	 x12:0x00002000 x13=0x00000000
          16446	      8219	00100248	00900813	addi	x16,x0,9	  x0:0x00000000 x16=0x00000009
          16448	      8220	0010024c	f2d86ae3	bltu	x16,x13,100180	 x16:0x00000009 x13:0x00000000
          16450	      8221	00100250	03068e93	addi	x29,x13,48	 x13:0x00000000 x29=0x00000030
          16452	      8222	00100254	00020f37	lui	x30,0x20	 x30=0x00020000
          16454	      8223	00100258	01051f93	slli	x31,x10,0x10	 x10:0x00000002 x31=0x00020000
          16458	      8225	0010025c	01df2023	sw	x29,0(x30)	 x30:0x00020000 x29:0x00000030 PA:0x00020000 store:0x00000030 load:0x00000000
          16460	      8226	00100260	01cfd793	srli	x15,x31,0x1c	 x31:0x00020000 x15=0x00000000
          16462	      8227	00100264	00900713	addi	x14,x0,9	  x0:0x00000000 x14=0x00000009
          16464	      8228	00100268	f2f76ae3	bltu	x14,x15,10019c	 x14:0x00000009 x15:0x00000000
          16466	      8229	0010026c	03078393	addi	x7,x15,48	 x15:0x00000000  x7=0x00000030
          16468	      8230	00100270	000205b7	lui	x11,0x20	 x11=0x00020000
          16470	      8231	00100274	01451613	slli	x12,x10,0x14	 x10:0x00000002 x12=0x00200000
          16474	      8233	00100278	0075a023	sw	x7,0(x11)	 x11:0x00020000  x7:0x00000030 PA:0x00020000 store:0x00000030 load:0x00000000
          16476	      8234	0010027c	01c65693	srli	x13,x12,0x1c	 x12:0x00200000 x13=0x00000000
          16478	      8235	00100280	00900813	addi	x16,x0,9	  x0:0x00000000 x16=0x00000009
          16480	      8236	00100284	f2d86ae3	bltu	x16,x13,1001b8	 x16:0x00000009 x13:0x00000000
          16482	      8237	00100288	03068e93	addi	x29,x13,48	 x13:0x00000000 x29=0x00000030
          16484	      8238	0010028c	00020f37	lui	x30,0x20	 x30=0x00020000
          16486	      8239	00100290	01851f93	slli	x31,x10,0x18	 x10:0x00000002 x31=0x02000000
          16490	      8241	00100294	01df2023	sw	x29,0(x30)	 x30:0x00020000 x29:0x00000030 PA:0x00020000 store:0x00000030 load:0x00000000
          16492	      8242	00100298	01cfd793	srli	x15,x31,0x1c	 x31:0x02000000 x15=0x00000000
          16494	      8243	0010029c	00900713	addi	x14,x0,9	  x0:0x00000000 x14=0x00000009
          16496	      8244	001002a0	f2f76ae3	bltu	x14,x15,1001d4	 x14:0x00000009 x15:0x00000000
          16498	      8245	001002a4	03078393	addi	x7,x15,48	 x15:0x00000000  x7=0x00000030
          16500	      8246	001002a8	000205b7	lui	x11,0x20	 x11=0x00020000
          16504	      8248	001002ac	0075a023	sw	x7,0(x11)	 x11:0x00020000  x7:0x00000030 PA:0x00020000 store:0x00000030 load:0x00000000
          16506	      8249	001002b0	00f57513	andi	x10,x10,15	 x10:0x00000002 x10=0x00000002
          16508	      8250	001002b4	00900613	addi	x12,x0,9	  x0:0x00000000 x12=0x00000009
          16512	      8252	001002b8	f2a67ae3	bgeu	x12,x10,1001ec	 x12:0x00000009 x10:0x00000002
          16516	      8254	001001ec	03050893	addi	x17,x10,48	 x10:0x00000002 x17=0x00000032
          16518	      8255	001001f0	00020e37	lui	x28,0x20	 x28=0x00020000
          16522	      8257	001001f4	011e2023	sw	x17,0(x28)	 x28:0x00020000 x17:0x00000032 PA:0x00020000 store:0x00000032 load:0x00000000
          16526	      8259	001001f8	00008067	jalr	x0,0(x1)	  x1:0x001013b8  x0=0x00000000
          16528	      8260	001013b8	a18b0513	addi	x10,x22,-1512	 x22:0x00102000 x10=0x00101a18
          16532	      8262	001013bc	ce5fe0ef	jal	x1,1000a0	  x1=0x001013c0
          16536	      8264	001000a0	00054803	lbu	x16,0(x10)	 x10:0x00101a18 x16=0x00000020 PA:0x00101a18 store:0x00000000
          16538	      8265	001000a4	06080663	beq	x16,x0,100110	 x16:0x00000020  x0:0x00000000
          16540	      8266	001000a8	000207b7	lui	x15,0x20	 x15=0x00020000
          16544	      8268	001000ac	0107a023	sw	x16,0(x15)	 x15:0x00020000 x16:0x00000020 PA:0x00020000 store:0x00000020 load:0x00000000
          16548	      8270	001000b0	00154703	lbu	x14,1(x10)	 x10:0x00101a18 x14=0x00000072 PA:0x00101a19 store:0x001013c0
          16550	      8271	001000b4	04070e63	beq	x14,x0,100110	 x14:0x00000072  x0:0x00000000
          16554	      8273	001000b8	00e7a023	sw	x14,0(x15)	 x15:0x00020000 x14:0x00000072 PA:0x00020000 store:0x00000072 load:0x00000000
          16558	      8275	001000bc	00254283	lbu	x5,2(x10)	 x10:0x00101a18  x5=0x00000065 PA:0x00101a1a store:0x00137fa0
          16560	      8276	001000c0	04028863	beq	x5,x0,100110	  x5:0x00000065  x0:0x00000000
          16564	      8278	001000c4	0057a023	sw	x5,0(x15)	 x15:0x00020000  x5:0x00000065 PA:0x00020000 store:0x00000065 load:0x00000000
          16568	      8280	001000c8	00354303	lbu	x6,3(x10)	 x10:0x00101a18  x6=0x00000073 PA:0x00101a1b store:0x00000000
          16570	      8281	001000cc	04030263	beq	x6,x0,100110	  x6:0x00000073  x0:0x00000000
          16574	      8283	001000d0	0067a023	sw	x6,0(x15)	 x15:0x00020000  x6:0x00000073 PA:0x00020000 store:0x00000073 load:0x00000000
          16578	      8285	001000d4	00454383	lbu	x7,4(x10)	 x10:0x00101a18  x7=0x00000075 PA:0x00101a1c store:0x00000000
          16580	      8286	001000d8	02038c63	beq	x7,x0,100110	  x7:0x00000075  x0:0x00000000
          16584	      8288	001000dc	0077a023	sw	x7,0(x15)	 x15:0x00020000  x7:0x00000075 PA:0x00020000 store:0x00000075 load:0x00000000
          16588	      8290	001000e0	00554583	lbu	x11,5(x10)	 x10:0x00101a18 x11=0x0000006c PA:0x00101a1d store:0x00000065
          16590	      8291	001000e4	02058663	beq	x11,x0,100110	 x11:0x0000006c  x0:0x00000000
          16594	      8293	001000e8	00b7a023	sw	x11,0(x15)	 x15:0x00020000 x11:0x0000006c PA:0x00020000 store:0x0000006c load:0x00000000
          16598	      8295	001000ec	00654603	lbu	x12,6(x10)	 x10:0x00101a18 x12=0x00000074 PA:0x00101a1e store:0x00000073
          16600	      8296	001000f0	02060063	beq	x12,x0,100110	 x12:0x00000074  x0:0x00000000
          16604	      8298	001000f4	00c7a023	sw	x12,0(x15)	 x15:0x00020000 x12:0x00000074 PA:0x00020000 store:0x00000074 load:0x00000000
          16608	      8300	001000f8	00754683	lbu	x13,7(x10)	 x10:0x00101a18 x13=0x0000003a PA:0x00101a1f store:0x00000075
          16610	      8301	001000fc	00850513	addi	x10,x10,8	 x10:0x00101a18 x10=0x00101a20
          16612	      8302	00100100	00068863	beq	x13,x0,100110	 x13:0x0000003a  x0:0x00000000
          16616	      8304	00100104	00d7a023	sw	x13,0(x15)	 x15:0x00020000 x13:0x0000003a PA:0x00020000 store:0x0000003a load:0x00000000
          16620	      8306	00100108	00054803	lbu	x16,0(x10)	 x10:0x00101a20 x16=0x00000020 PA:0x00101a20 store:0x00000000
          16624	      8308	0010010c	fa0810e3	bne	x16,x0,1000ac	 x16:0x00000020  x0:0x00000000
          16630	      8311	001000ac	0107a023	sw	x16,0(x15)	 x15:0x00020000 x16:0x00000020 PA:0x00020000 store:0x00000020 load:0x00000000
          16634	      8313	001000b0	00154703	lbu	x14,1(x10)	 x10:0x00101a20 x14=0x00000000 PA:0x00101a21 store:0x001013c0
          16638	      8315	001000b4	04070e63	beq	x14,x0,100110	 x14:0x00000000  x0:0x00000000
          16642	      8317	00100110	00000513	addi	x10,x0,0	  x0:0x00000000 x10=0x00000000
          16646	      8319	00100114	00008067	jalr	x0,0(x1)	  x1:0x001013c0  x0=0x00000000
          16650	      8321	001013c0	cf8a2503	lw	x10,-776(x20)	 x20:0x00102000 x10=0x400a5069 PA:0x00101cf8 store:0x00000000
          16652	      8322	001013c4	003c0d93	addi	x27,x24,3	 x24:0x00000000 x27=0x00000003
          16654	      8323	001013c8	004c0c13	addi	x24,x24,4	 x24:0x00000000 x24=0x00000004
          16658	      8325	001013cc	d55fe0ef	jal	x1,100120	  x1=0x001013d0
          16660	      8326	00100120	01c55793	srli	x15,x10,0x1c	 x10:0x400a5069 x15=0x00000004
          16662	      8327	00100124	00900713	addi	x14,x0,9	  x0:0x00000000 x14=0x00000009
          16666	      8329	00100128	0cf77a63	bgeu	x14,x15,1001fc	 x14:0x00000009 x15:0x00000004
          16670	      8331	001001fc	03078393	addi	x7,x15,48	 x15:0x00000004  x7=0x00000034
          16672	      8332	00100200	000205b7	lui	x11,0x20	 x11=0x00020000
          16674	      8333	00100204	00451613	slli	x12,x10,0x4	 x10:0x400a5069 x12=0x00a50690
          16678	      8335	00100208	0075a023	sw	x7,0(x11)	 x11:0x00020000  x7:0x00000034 PA:0x00020000 store:0x00000034 load:0x00000000
          16680	      8336	0010020c	01c65693	srli	x13,x12,0x1c	 x12:0x00a50690 x13=0x00000000
          16682	      8337	00100210	00900813	addi	x16,x0,9	  x0:0x00000000 x16=0x00000009
          16684	      8338	00100214	f2d86ae3	bltu	x16,x13,100148	 x16:0x00000009 x13:0x00000000
          16686	      8339	00100218	03068e93	addi	x29,x13,48	 x13:0x00000000 x29=0x00000030
          16688	      8340	0010021c	00020f37	lui	x30,0x20	 x30=0x00020000
          16690	      8341	00100220	00851f93	slli	x31,x10,0x8	 x10:0x400a5069 x31=0x0a506900
          16694	      8343	00100224	01df2023	sw	x29,0(x30)	 x30:0x00020000 x29:0x00000030 PA:0x00020000 store:0x00000030 load:0x00000000
          16696	      8344	00100228	01cfd793	srli	x15,x31,0x1c	 x31:0x0a506900 x15=0x00000000
          16698	      8345	0010022c	00900713	addi	x14,x0,9	  x0:0x00000000 x14=0x00000009
          16700	      8346	00100230	f2f76ae3	bltu	x14,x15,100164	 x14:0x00000009 x15:0x00000000
          16702	      8347	00100234	03078393	addi	x7,x15,48	 x15:0x00000000  x7=0x00000030
          16704	      8348	00100238	000205b7	lui	x11,0x20	 x11=0x00020000
          16706	      8349	0010023c	00c51613	slli	x12,x10,0xc	 x10:0x400a5069 x12=0xa5069000
          16710	      8351	00100240	0075a023	sw	x7,0(x11)	 x11:0x00020000  x7:0x00000030 PA:0x00020000 store:0x00000030 load:0x00000000
          16712	      8352	00100244	01c65693	srli	x13,x12,0x1c	 x12:0xa5069000 x13=0x0000000a
          16714	      8353	00100248	00900813	addi	x16,x0,9	  x0:0x00000000 x16=0x00000009
          16718	      8355	0010024c	f2d86ae3	bltu	x16,x13,100180	 x16:0x00000009 x13:0x0000000a
          16722	      8357	00100180	03768893	addi	x17,x13,55	 x13:0x0000000a x17=0x00000041
          16724	      8358	00100184	00020e37	lui	x28,0x20	 x28=0x00020000
          16726	      8359	00100188	01051f93	slli	x31,x10,0x10	 x10:0x400a5069 x31=0x50690000
          16730	      8361	0010018c	011e2023	sw	x17,0(x28)	 x28:0x00020000 x17:0x00000041 PA:0x00020000 store:0x00000041 load:0x00000000
          16732	      8362	00100190	01cfd793	srli	x15,x31,0x1c	 x31:0x50690000 x15=0x00000005
          16734	      8363	00100194	00900713	addi	x14,x0,9	  x0:0x00000000 x14=0x00000009
          16738	      8365	00100198	0cf77a63	bgeu	x14,x15,10026c	 x14:0x00000009 x15:0x00000005
          16742	      8367	0010026c	03078393	addi	x7,x15,48	 x15:0x00000005  x7=0x00000035
          16744	      8368	00100270	000205b7	lui	x11,0x20	 x11=0x00020000
          16746	      8369	00100274	01451613	slli	x12,x10,0x14	 x10:0x400a5069 x12=0x06900000
          16750	      8371	00100278	0075a023	sw	x7,0(x11)	 x11:0x00020000  x7:0x00000035 PA:0x00020000 store:0x00000035 load:0x00000000
          16752	      8372	0010027c	01c65693	srli	x13,x12,0x1c	 x12:0x06900000 x13=0x00000000
          16754	      8373	00100280	00900813	addi	x16,x0,9	  x0:0x00000000 x16=0x00000009
          16756	      8374	00100284	f2d86ae3	bltu	x16,x13,1001b8	 x16:0x00000009 x13:0x00000000
          16758	      8375	00100288	03068e93	addi	x29,x13,48	 x13:0x00000000 x29=0x00000030
          16760	      8376	0010028c	00020f37	lui	x30,0x20	 x30=0x00020000
          16762	      8377	00100290	01851f93	slli	x31,x10,0x18	 x10:0x400a5069 x31=0x69000000
          16766	      8379	00100294	01df2023	sw	x29,0(x30)	 x30:0x00020000 x29:0x00000030 PA:0x00020000 store:0x00000030 load:0x00000000
          16768	      8380	00100298	01cfd793	srli	x15,x31,0x1c	 x31:0x69000000 x15=0x00000006
          16770	      8381	0010029c	00900713	addi	x14,x0,9	  x0:0x00000000 x14=0x00000009
          16772	      8382	001002a0	f2f76ae3	bltu	x14,x15,1001d4	 x14:0x00000009 x15:0x00000006
          16774	      8383	001002a4	03078393	addi	x7,x15,48	 x15:0x00000006  x7=0x00000036
          16776	      8384	001002a8	000205b7	lui	x11,0x20	 x11=0x00020000
          16780	      8386	001002ac	0075a023	sw	x7,0(x11)	 x11:0x00020000  x7:0x00000036 PA:0x00020000 store:0x00000036 load:0x00000000
          16782	      8387	001002b0	00f57513	andi	x10,x10,15	 x10:0x400a5069 x10=0x00000009
          16784	      8388	001002b4	00900613	addi	x12,x0,9	  x0:0x00000000 x12=0x00000009
          16788	      8390	001002b8	f2a67ae3	bgeu	x12,x10,1001ec	 x12:0x00000009 x10:0x00000009
          16792	      8392	001001ec	03050893	addi	x17,x10,48	 x10:0x00000009 x17=0x00000039
          16794	      8393	001001f0	00020e37	lui	x28,0x20	 x28=0x00020000
          16798	      8395	001001f4	011e2023	sw	x17,0(x28)	 x28:0x00020000 x17:0x00000039 PA:0x00020000 store:0x00000039 load:0x00000000
          16802	      8397	001001f8	00008067	jalr	x0,0(x1)	  x1:0x001013d0  x0=0x00000000
          16810	      8401	001013d0	a10a8513	addi	x10,x21,-1520	 x21:0x00102000 x10=0x00101a10
          16812	      8402	001013d4	d089a987	flw	f19,-760(x19)	 f19:0x00102000 f19=0x00000000 PA:0x00101d08 store:0x41ae842c
          16832	      8412	001013d8	5809fa53	fsqrt.s	f20,f19	 f19:0x00102000 f20=0x00000000
          16836	      8414	001013dc	d149a427	fsw	f20,-760(x19)	 f19:0x00102000 f20:0x00102000 PA:0x00101d08 store:0x3fbc2bd5 load:0x400a5069
          16840	      8416	001013e0	d089aa87	flw	f21,-760(x19)	 f19:0x00102000 f21=0x00000000 PA:0x00101d08 store:0x41ae842c
          16842	      8417	001013e4	e00a82d3	fmv.x.w	x5,f21	 f21:0x00102000  x5=0x3fbc2bd5
          16844	      8418	001013e8	ce5a2c23	sw	x5,-776(x20)	 x20:0x00102000  x5:0x3fbc2bd5 PA:0x00101cf8 store:0x3fbc2bd5 load:0x3fbc2bd5
          16848	      8420	001013ec	cb5fe0ef	jal	x1,1000a0	  x1=0x001013f0
          16852	      8422	001000a0	00054803	lbu	x16,0(x10)	 x10:0x00101a10 x16=0x0000000a PA:0x00101a10 store:0x00000000
          16854	      8423	001000a4	06080663	beq	x16,x0,100110	 x16:0x0000000a  x0:0x00000000
          16856	      8424	001000a8	000207b7	lui	x15,0x20	 x15=0x00020000
          16860	      8426	001000ac	0107a023	sw	x16,0(x15)	 x15:0x00020000 x16:0x0000000a PA:0x00020000 store:0x0000000a load:0x00000000
          16864	      8428	001000b0	00154703	lbu	x14,1(x10)	 x10:0x00101a10 x14=0x00000020 PA:0x00101a11 store:0x001013f0
          16866	      8429	001000b4	04070e63	beq	x14,x0,100110	 x14:0x00000020  x0:0x00000000
          16870	      8431	001000b8	00e7a023	sw	x14,0(x15)	 x15:0x00020000 x14:0x00000020 PA:0x00020000 store:0x00000020 load:0x00000000
          16874	      8433	001000bc	00254283	lbu	x5,2(x10)	 x10:0x00101a10  x5=0x00000069 PA:0x00101a12 store:0x00137fa0
          16876	      8434	001000c0	04028863	beq	x5,x0,100110	  x5:0x00000069  x0:0x00000000
          16880	      8436	001000c4	0057a023	sw	x5,0(x15)	 x15:0x00020000  x5:0x00000069 PA:0x00020000 store:0x00000069 load:0x00000000
          16884	      8438	001000c8	00354303	lbu	x6,3(x10)	 x10:0x00101a10  x6=0x0000003d PA:0x00101a13 store:0x00000000
          16886	      8439	001000cc	04030263	beq	x6,x0,100110	  x6:0x0000003d  x0:0x00000000
          16890	      8441	001000d0	0067a023	sw	x6,0(x15)	 x15:0x00020000  x6:0x0000003d PA:0x00020000 store:0x0000003d load:0x00000000
          16894	      8443	001000d4	00454383	lbu	x7,4(x10)	 x10:0x00101a10  x7=0x00000000 PA:0x00101a14 store:0x00000000
          16898	      8445	001000d8	02038c63	beq	x7,x0,100110	  x7:0x00000000  x0:0x00000000
          16902	      8447	00100110	00000513	addi	x10,x0,0	  x0:0x00000000 x10=0x00000000
          16906	      8449	00100114	00008067	jalr	x0,0(x1)	  x1:0x001013f0  x0=0x00000000
          16908	      8450	001013f0	000d8513	addi	x10,x27,0	 x27:0x00000003 x10=0x00000003
          16912	      8452	001013f4	d2dfe0ef	jal	x1,100120	  x1=0x001013f8
          16914	      8453	00100120	01c55793	srli	x15,x10,0x1c	 x10:0x00000003 x15=0x00000000
          16916	      8454	00100124	00900713	addi	x14,x0,9	  x0:0x00000000 x14=0x00000009
          16920	      8456	00100128	0cf77a63	bgeu	x14,x15,1001fc	 x14:0x00000009 x15:0x00000000
          16924	      8458	001001fc	03078393	addi	x7,x15,48	 x15:0x00000000  x7=0x00000030
          16926	      8459	00100200	000205b7	lui	x11,0x20	 x11=0x00020000
          16928	      8460	00100204	00451613	slli	x12,x10,0x4	 x10:0x00000003 x12=0x00000030
          16932	      8462	00100208	0075a023	sw	x7,0(x11)	 x11:0x00020000  x7:0x00000030 PA:0x00020000 store:0x00000030 load:0x00000000
          16934	      8463	0010020c	01c65693	srli	x13,x12,0x1c	 x12:0x00000030 x13=0x00000000
          16936	      8464	00100210	00900813	addi	x16,x0,9	  x0:0x00000000 x16=0x00000009
          16938	      8465	00100214	f2d86ae3	bltu	x16,x13,100148	 x16:0x00000009 x13:0x00000000
          16940	      8466	00100218	03068e93	addi	x29,x13,48	 x13:0x00000000 x29=0x00000030
          16942	      8467	0010021c	00020f37	lui	x30,0x20	 x30=0x00020000
          16944	      8468	00100220	00851f93	slli	x31,x10,0x8	 x10:0x00000003 x31=0x00000300
          16948	      8470	00100224	01df2023	sw	x29,0(x30)	 x30:0x00020000 x29:0x00000030 PA:0x00020000 store:0x00000030 load:0x00000000
          16950	      8471	00100228	01cfd793	srli	x15,x31,0x1c	 x31:0x00000300 x15=0x00000000
          16952	      8472	0010022c	00900713	addi	x14,x0,9	  x0:0x00000000 x14=0x00000009
          16954	      8473	00100230	f2f76ae3	bltu	x14,x15,100164	 x14:0x00000009 x15:0x00000000
          16956	      8474	00100234	03078393	addi	x7,x15,48	 x15:0x00000000  x7=0x00000030
          16958	      8475	00100238	000205b7	lui	x11,0x20	 x11=0x00020000
          16960	      8476	0010023c	00c51613	slli	x12,x10,0xc	 x10:0x00000003 x12=0x00003000
          16964	      8478	00100240	0075a023	sw	x7,0(x11)	 x11:0x00020000  x7:0x00000030 PA:0x00020000 store:0x00000030 load:0x00000000
          16966	      8479	00100244	01c65693	srli	x13,x12,0x1c	 x12:0x00003000 x13=0x00000000
          16968	      8480	00100248	00900813	addi	x16,x0,9	  x0:0x00000000 x16=0x00000009
          16970	      8481	0010024c	f2d86ae3	bltu	x16,x13,100180	 x16:0x00000009 x13:0x00000000
          16972	      8482	00100250	03068e93	addi	x29,x13,48	 x13:0x00000000 x29=0x00000030
          16974	      8483	00100254	00020f37	lui	x30,0x20	 x30=0x00020000
          16976	      8484	00100258	01051f93	slli	x31,x10,0x10	 x10:0x00000003 x31=0x00030000
          16980	      8486	0010025c	01df2023	sw	x29,0(x30)	 x30:0x00020000 x29:0x00000030 PA:0x00020000 store:0x00000030 load:0x00000000
          16982	      8487	00100260	01cfd793	srli	x15,x31,0x1c	 x31:0x00030000 x15=0x00000000
          16984	      8488	00100264	00900713	addi	x14,x0,9	  x0:0x00000000 x14=0x00000009
          16986	      8489	00100268	f2f76ae3	bltu	x14,x15,10019c	 x14:0x00000009 x15:0x00000000
          16988	      8490	0010026c	03078393	addi	x7,x15,48	 x15:0x00000000  x7=0x00000030
          16990	      8491	00100270	000205b7	lui	x11,0x20	 x11=0x00020000
          16992	      8492	00100274	01451613	slli	x12,x10,0x14	 x10:0x00000003 x12=0x00300000
          16996	      8494	00100278	0075a023	sw	x7,0(x11)	 x11:0x00020000  x7:0x00000030 PA:0x00020000 store:0x00000030 load:0x00000000
          16998	      8495	0010027c	01c65693	srli	x13,x12,0x1c	 x12:0x00300000 x13=0x00000000
          17000	      8496	00100280	00900813	addi	x16,x0,9	  x0:0x00000000 x16=0x00000009
          17002	      8497	00100284	f2d86ae3	bltu	x16,x13,1001b8	 x16:0x00000009 x13:0x00000000
          17004	      8498	00100288	03068e93	addi	x29,x13,48	 x13:0x00000000 x29=0x00000030
          17006	      8499	0010028c	00020f37	lui	x30,0x20	 x30=0x00020000
          17008	      8500	00100290	01851f93	slli	x31,x10,0x18	 x10:0x00000003 x31=0x03000000
          17012	      8502	00100294	01df2023	sw	x29,0(x30)	 x30:0x00020000 x29:0x00000030 PA:0x00020000 store:0x00000030 load:0x00000000
          17014	      8503	00100298	01cfd793	srli	x15,x31,0x1c	 x31:0x03000000 x15=0x00000000
          17016	      8504	0010029c	00900713	addi	x14,x0,9	  x0:0x00000000 x14=0x00000009
          17018	      8505	001002a0	f2f76ae3	bltu	x14,x15,1001d4	 x14:0x00000009 x15:0x00000000
          17020	      8506	001002a4	03078393	addi	x7,x15,48	 x15:0x00000000  x7=0x00000030
          17022	      8507	001002a8	000205b7	lui	x11,0x20	 x11=0x00020000
          17026	      8509	001002ac	0075a023	sw	x7,0(x11)	 x11:0x00020000  x7:0x00000030 PA:0x00020000 store:0x00000030 load:0x00000000
          17028	      8510	001002b0	00f57513	andi	x10,x10,15	 x10:0x00000003 x10=0x00000003
          17030	      8511	001002b4	00900613	addi	x12,x0,9	  x0:0x00000000 x12=0x00000009
          17034	      8513	001002b8	f2a67ae3	bgeu	x12,x10,1001ec	 x12:0x00000009 x10:0x00000003
          17038	      8515	001001ec	03050893	addi	x17,x10,48	 x10:0x00000003 x17=0x00000033
          17040	      8516	001001f0	00020e37	lui	x28,0x20	 x28=0x00020000
          17044	      8518	001001f4	011e2023	sw	x17,0(x28)	 x28:0x00020000 x17:0x00000033 PA:0x00020000 store:0x00000033 load:0x00000000
          17048	      8520	001001f8	00008067	jalr	x0,0(x1)	  x1:0x001013f8  x0=0x00000000
          17050	      8521	001013f8	a18b0513	addi	x10,x22,-1512	 x22:0x00102000 x10=0x00101a18
          17054	      8523	001013fc	ca5fe0ef	jal	x1,1000a0	  x1=0x00101400
          17058	      8525	001000a0	00054803	lbu	x16,0(x10)	 x10:0x00101a18 x16=0x00000020 PA:0x00101a18 store:0x00000000
          17060	      8526	001000a4	06080663	beq	x16,x0,100110	 x16:0x00000020  x0:0x00000000
          17062	      8527	001000a8	000207b7	lui	x15,0x20	 x15=0x00020000
          17066	      8529	001000ac	0107a023	sw	x16,0(x15)	 x15:0x00020000 x16:0x00000020 PA:0x00020000 store:0x00000020 load:0x00000000
          17070	      8531	001000b0	00154703	lbu	x14,1(x10)	 x10:0x00101a18 x14=0x00000072 PA:0x00101a19 store:0x00101400
          17072	      8532	001000b4	04070e63	beq	x14,x0,100110	 x14:0x00000072  x0:0x00000000
          17076	      8534	001000b8	00e7a023	sw	x14,0(x15)	 x15:0x00020000 x14:0x00000072 PA:0x00020000 store:0x00000072 load:0x00000000
          17080	      8536	001000bc	00254283	lbu	x5,2(x10)	 x10:0x00101a18  x5=0x00000065 PA:0x00101a1a store:0x00137fa0
          17082	      8537	001000c0	04028863	beq	x5,x0,100110	  x5:0x00000065  x0:0x00000000
          17086	      8539	001000c4	0057a023	sw	x5,0(x15)	 x15:0x00020000  x5:0x00000065 PA:0x00020000 store:0x00000065 load:0x00000000
          17090	      8541	001000c8	00354303	lbu	x6,3(x10)	 x10:0x00101a18  x6=0x00000073 PA:0x00101a1b store:0x00000000
          17092	      8542	001000cc	04030263	beq	x6,x0,100110	  x6:0x00000073  x0:0x00000000
          17096	      8544	001000d0	0067a023	sw	x6,0(x15)	 x15:0x00020000  x6:0x00000073 PA:0x00020000 store:0x00000073 load:0x00000000
          17100	      8546	001000d4	00454383	lbu	x7,4(x10)	 x10:0x00101a18  x7=0x00000075 PA:0x00101a1c store:0x00000000
          17102	      8547	001000d8	02038c63	beq	x7,x0,100110	  x7:0x00000075  x0:0x00000000
          17106	      8549	001000dc	0077a023	sw	x7,0(x15)	 x15:0x00020000  x7:0x00000075 PA:0x00020000 store:0x00000075 load:0x00000000
          17110	      8551	001000e0	00554583	lbu	x11,5(x10)	 x10:0x00101a18 x11=0x0000006c PA:0x00101a1d store:0x00000065
          17112	      8552	001000e4	02058663	beq	x11,x0,100110	 x11:0x0000006c  x0:0x00000000
          17116	      8554	001000e8	00b7a023	sw	x11,0(x15)	 x15:0x00020000 x11:0x0000006c PA:0x00020000 store:0x0000006c load:0x00000000
          17120	      8556	001000ec	00654603	lbu	x12,6(x10)	 x10:0x00101a18 x12=0x00000074 PA:0x00101a1e store:0x00000073
          17122	      8557	001000f0	02060063	beq	x12,x0,100110	 x12:0x00000074  x0:0x00000000
          17126	      8559	001000f4	00c7a023	sw	x12,0(x15)	 x15:0x00020000 x12:0x00000074 PA:0x00020000 store:0x00000074 load:0x00000000
          17130	      8561	001000f8	00754683	lbu	x13,7(x10)	 x10:0x00101a18 x13=0x0000003a PA:0x00101a1f store:0x00000075
          17132	      8562	001000fc	00850513	addi	x10,x10,8	 x10:0x00101a18 x10=0x00101a20
          17134	      8563	00100100	00068863	beq	x13,x0,100110	 x13:0x0000003a  x0:0x00000000
          17138	      8565	00100104	00d7a023	sw	x13,0(x15)	 x15:0x00020000 x13:0x0000003a PA:0x00020000 store:0x0000003a load:0x00000000
          17142	      8567	00100108	00054803	lbu	x16,0(x10)	 x10:0x00101a20 x16=0x00000020 PA:0x00101a20 store:0x00000000
          17146	      8569	0010010c	fa0810e3	bne	x16,x0,1000ac	 x16:0x00000020  x0:0x00000000
          17152	      8572	001000ac	0107a023	sw	x16,0(x15)	 x15:0x00020000 x16:0x00000020 PA:0x00020000 store:0x00000020 load:0x00000000
          17156	      8574	001000b0	00154703	lbu	x14,1(x10)	 x10:0x00101a20 x14=0x00000000 PA:0x00101a21 store:0x00101400
          17160	      8576	001000b4	04070e63	beq	x14,x0,100110	 x14:0x00000000  x0:0x00000000
          17164	      8578	00100110	00000513	addi	x10,x0,0	  x0:0x00000000 x10=0x00000000
          17168	      8580	00100114	00008067	jalr	x0,0(x1)	  x1:0x00101400  x0=0x00000000
          17172	      8582	00101400	cf8a2503	lw	x10,-776(x20)	 x20:0x00102000 x10=0x3fbc2bd5 PA:0x00101cf8 store:0x00000004
          17176	      8584	00101404	d1dfe0ef	jal	x1,100120	  x1=0x00101408
          17178	      8585	00100120	01c55793	srli	x15,x10,0x1c	 x10:0x3fbc2bd5 x15=0x00000003
          17180	      8586	00100124	00900713	addi	x14,x0,9	  x0:0x00000000 x14=0x00000009
          17184	      8588	00100128	0cf77a63	bgeu	x14,x15,1001fc	 x14:0x00000009 x15:0x00000003
          17188	      8590	001001fc	03078393	addi	x7,x15,48	 x15:0x00000003  x7=0x00000033
          17190	      8591	00100200	000205b7	lui	x11,0x20	 x11=0x00020000
          17192	      8592	00100204	00451613	slli	x12,x10,0x4	 x10:0x3fbc2bd5 x12=0xfbc2bd50
          17196	      8594	00100208	0075a023	sw	x7,0(x11)	 x11:0x00020000  x7:0x00000033 PA:0x00020000 store:0x00000033 load:0x00000000
          17198	      8595	0010020c	01c65693	srli	x13,x12,0x1c	 x12:0xfbc2bd50 x13=0x0000000f
          17200	      8596	00100210	00900813	addi	x16,x0,9	  x0:0x00000000 x16=0x00000009
          17204	      8598	00100214	f2d86ae3	bltu	x16,x13,100148	 x16:0x00000009 x13:0x0000000f
          17208	      8600	00100148	03768893	addi	x17,x13,55	 x13:0x0000000f x17=0x00000046
          17210	      8601	0010014c	00020e37	lui	x28,0x20	 x28=0x00020000
          17212	      8602	00100150	00851f93	slli	x31,x10,0x8	 x10:0x3fbc2bd5 x31=0xbc2bd500
          17216	      8604	00100154	011e2023	sw	x17,0(x28)	 x28:0x00020000 x17:0x00000046 PA:0x00020000 store:0x00000046 load:0x00000000
          17218	      8605	00100158	01cfd793	srli	x15,x31,0x1c	 x31:0xbc2bd500 x15=0x0000000b
          17220	      8606	0010015c	00900713	addi	x14,x0,9	  x0:0x00000000 x14=0x00000009
          17222	      8607	00100160	0cf77a63	bgeu	x14,x15,100234	 x14:0x00000009 x15:0x0000000b
          17224	      8608	00100164	03778293	addi	x5,x15,55	 x15:0x0000000b  x5=0x00000042
          17226	      8609	00100168	00020337	lui	x6,0x20	  x6=0x00020000
          17228	      8610	0010016c	00c51613	slli	x12,x10,0xc	 x10:0x3fbc2bd5 x12=0xc2bd5000
          17232	      8612	00100170	00532023	sw	x5,0(x6)	  x6:0x00020000  x5:0x00000042 PA:0x00020000 store:0x00000042 load:0x00000000
          17234	      8613	00100174	01c65693	srli	x13,x12,0x1c	 x12:0xc2bd5000 x13=0x0000000c
          17236	      8614	00100178	00900813	addi	x16,x0,9	  x0:0x00000000 x16=0x00000009
          17238	      8615	0010017c	0cd87a63	bgeu	x16,x13,100250	 x16:0x00000009 x13:0x0000000c
          17240	      8616	00100180	03768893	addi	x17,x13,55	 x13:0x0000000c x17=0x00000043
          17242	      8617	00100184	00020e37	lui	x28,0x20	 x28=0x00020000
          17244	      8618	00100188	01051f93	slli	x31,x10,0x10	 x10:0x3fbc2bd5 x31=0x2bd50000
          17248	      8620	0010018c	011e2023	sw	x17,0(x28)	 x28:0x00020000 x17:0x00000043 PA:0x00020000 store:0x00000043 load:0x00000000
          17250	      8621	00100190	01cfd793	srli	x15,x31,0x1c	 x31:0x2bd50000 x15=0x00000002
          17252	      8622	00100194	00900713	addi	x14,x0,9	  x0:0x00000000 x14=0x00000009
          17256	      8624	00100198	0cf77a63	bgeu	x14,x15,10026c	 x14:0x00000009 x15:0x00000002
          17260	      8626	0010026c	03078393	addi	x7,x15,48	 x15:0x00000002  x7=0x00000032
          17262	      8627	00100270	000205b7	lui	x11,0x20	 x11=0x00020000
          17264	      8628	00100274	01451613	slli	x12,x10,0x14	 x10:0x3fbc2bd5 x12=0xbd500000
          17268	      8630	00100278	0075a023	sw	x7,0(x11)	 x11:0x00020000  x7:0x00000032 PA:0x00020000 store:0x00000032 load:0x00000000
          17270	      8631	0010027c	01c65693	srli	x13,x12,0x1c	 x12:0xbd500000 x13=0x0000000b
          17272	      8632	00100280	00900813	addi	x16,x0,9	  x0:0x00000000 x16=0x00000009
          17276	      8634	00100284	f2d86ae3	bltu	x16,x13,1001b8	 x16:0x00000009 x13:0x0000000b
          17280	      8636	001001b8	03768893	addi	x17,x13,55	 x13:0x0000000b x17=0x00000042
          17282	      8637	001001bc	00020e37	lui	x28,0x20	 x28=0x00020000
          17284	      8638	001001c0	01851f93	slli	x31,x10,0x18	 x10:0x3fbc2bd5 x31=0xd5000000
          17288	      8640	001001c4	011e2023	sw	x17,0(x28)	 x28:0x00020000 x17:0x00000042 PA:0x00020000 store:0x00000042 load:0x00000000
          17290	      8641	001001c8	01cfd793	srli	x15,x31,0x1c	 x31:0xd5000000 x15=0x0000000d
          17292	      8642	001001cc	00900713	addi	x14,x0,9	  x0:0x00000000 x14=0x00000009
          17294	      8643	001001d0	0cf77a63	bgeu	x14,x15,1002a4	 x14:0x00000009 x15:0x0000000d
          17296	      8644	001001d4	03778293	addi	x5,x15,55	 x15:0x0000000d  x5=0x00000044
          17298	      8645	001001d8	00020337	lui	x6,0x20	  x6=0x00020000
          17302	      8647	001001dc	00532023	sw	x5,0(x6)	  x6:0x00020000  x5:0x00000044 PA:0x00020000 store:0x00000044 load:0x00000000
          17304	      8648	001001e0	00f57513	andi	x10,x10,15	 x10:0x3fbc2bd5 x10=0x00000005
          17306	      8649	001001e4	00900613	addi	x12,x0,9	  x0:0x00000000 x12=0x00000009
          17308	      8650	001001e8	0ca66a63	bltu	x12,x10,1002bc	 x12:0x00000009 x10:0x00000005
          17310	      8651	001001ec	03050893	addi	x17,x10,48	 x10:0x00000005 x17=0x00000035
          17312	      8652	001001f0	00020e37	lui	x28,0x20	 x28=0x00020000
          17316	      8654	001001f4	011e2023	sw	x17,0(x28)	 x28:0x00020000 x17:0x00000035 PA:0x00020000 store:0x00000035 load:0x00000000
          17320	      8656	001001f8	00008067	jalr	x0,0(x1)	  x1:0x00101408  x0=0x00000000
          17324	      8658	00101408	f1ac18e3	bne	x24,x26,101318	 x24:0x00000004 x26:0x00000014
          17332	      8662	00101318	d089a607	flw	f12,-760(x19)	 f19:0x00102000 f12=0x00000000 PA:0x00101d08 store:0x41ae842c
          17354	      8673	0010131c	580676d3	fsqrt.s	f13,f12	 f12:0x00000009 f13=0x00000000
          17358	      8675	00101320	d0d9a427	fsw	f13,-760(x19)	 f19:0x00102000 f13:0x0000000b PA:0x00101d08 store:0x3f9b3246 load:0x3fbc2bd5
          17362	      8677	00101324	d089a387	flw	f7,-760(x19)	 f19:0x00102000  f7=0x00000000 PA:0x00101d08 store:0x41ae842c
          17366	      8679	00101328	a10a8513	addi	x10,x21,-1520	 x21:0x00102000 x10=0x00101a10
          17368	      8680	0010132c	e00386d3	fmv.x.w	x13,f7	  f7:0x00000032 x13=0x3f9b3246
          17370	      8681	00101330	ceda2c23	sw	x13,-776(x20)	 x20:0x00102000 x13:0x3f9b3246 PA:0x00101cf8 store:0x3f9b3246 load:0x3f9b3246
          17372	      8682	00101334	d6dfe0ef	jal	x1,1000a0	  x1=0x00101338
          17376	      8684	001000a0	00054803	lbu	x16,0(x10)	 x10:0x00101a10 x16=0x0000000a PA:0x00101a10 store:0x00000000
          17378	      8685	001000a4	06080663	beq	x16,x0,100110	 x16:0x0000000a  x0:0x00000000
          17380	      8686	001000a8	000207b7	lui	x15,0x20	 x15=0x00020000
          17384	      8688	001000ac	0107a023	sw	x16,0(x15)	 x15:0x00020000 x16:0x0000000a PA:0x00020000 store:0x0000000a load:0x00000000
          17388	      8690	001000b0	00154703	lbu	x14,1(x10)	 x10:0x00101a10 x14=0x00000020 PA:0x00101a11 store:0x00101338
          17390	      8691	001000b4	04070e63	beq	x14,x0,100110	 x14:0x00000020  x0:0x00000000
          17394	      8693	001000b8	00e7a023	sw	x14,0(x15)	 x15:0x00020000 x14:0x00000020 PA:0x00020000 store:0x00000020 load:0x00000000
          17398	      8695	001000bc	00254283	lbu	x5,2(x10)	 x10:0x00101a10  x5=0x00000069 PA:0x00101a12 store:0x00137fa0
          17400	      8696	001000c0	04028863	beq	x5,x0,100110	  x5:0x00000069  x0:0x00000000
          17404	      8698	001000c4	0057a023	sw	x5,0(x15)	 x15:0x00020000  x5:0x00000069 PA:0x00020000 store:0x00000069 load:0x00000000
          17408	      8700	001000c8	00354303	lbu	x6,3(x10)	 x10:0x00101a10  x6=0x0000003d PA:0x00101a13 store:0x00000000
          17410	      8701	001000cc	04030263	beq	x6,x0,100110	  x6:0x0000003d  x0:0x00000000
          17414	      8703	001000d0	0067a023	sw	x6,0(x15)	 x15:0x00020000  x6:0x0000003d PA:0x00020000 store:0x0000003d load:0x00000000
          17418	      8705	001000d4	00454383	lbu	x7,4(x10)	 x10:0x00101a10  x7=0x00000000 PA:0x00101a14 store:0x00000000
          17422	      8707	001000d8	02038c63	beq	x7,x0,100110	  x7:0x00000000  x0:0x00000000
          17426	      8709	00100110	00000513	addi	x10,x0,0	  x0:0x00000000 x10=0x00000000
          17430	      8711	00100114	00008067	jalr	x0,0(x1)	  x1:0x00101338  x0=0x00000000
          17432	      8712	00101338	000c0513	addi	x10,x24,0	 x24:0x00000004 x10=0x00000004
          17436	      8714	0010133c	de5fe0ef	jal	x1,100120	  x1=0x00101340
          17438	      8715	00100120	01c55793	srli	x15,x10,0x1c	 x10:0x00000004 x15=0x00000000
          17440	      8716	00100124	00900713	addi	x14,x0,9	  x0:0x00000000 x14=0x00000009
          17444	      8718	00100128	0cf77a63	bgeu	x14,x15,1001fc	 x14:0x00000009 x15:0x00000000
          17448	      8720	001001fc	03078393	addi	x7,x15,48	 x15:0x00000000  x7=0x00000030
          17450	      8721	00100200	000205b7	lui	x11,0x20	 x11=0x00020000
          17452	      8722	00100204	00451613	slli	x12,x10,0x4	 x10:0x00000004 x12=0x00000040
          17456	      8724	00100208	0075a023	sw	x7,0(x11)	 x11:0x00020000  x7:0x00000030 PA:0x00020000 store:0x00000030 load:0x00000000
          17458	      8725	0010020c	01c65693	srli	x13,x12,0x1c	 x12:0x00000040 x13=0x00000000
          17460	      8726	00100210	00900813	addi	x16,x0,9	  x0:0x00000000 x16=0x00000009
          17462	      8727	00100214	f2d86ae3	bltu	x16,x13,100148	 x16:0x00000009 x13:0x00000000
          17464	      8728	00100218	03068e93	addi	x29,x13,48	 x13:0x00000000 x29=0x00000030
          17466	      8729	0010021c	00020f37	lui	x30,0x20	 x30=0x00020000
          17468	      8730	00100220	00851f93	slli	x31,x10,0x8	 x10:0x00000004 x31=0x00000400
          17472	      8732	00100224	01df2023	sw	x29,0(x30)	 x30:0x00020000 x29:0x00000030 PA:0x00020000 store:0x00000030 load:0x00000000
          17474	      8733	00100228	01cfd793	srli	x15,x31,0x1c	 x31:0x00000400 x15=0x00000000
          17476	      8734	0010022c	00900713	addi	x14,x0,9	  x0:0x00000000 x14=0x00000009
          17478	      8735	00100230	f2f76ae3	bltu	x14,x15,100164	 x14:0x00000009 x15:0x00000000
          17480	      8736	00100234	03078393	addi	x7,x15,48	 x15:0x00000000  x7=0x00000030
          17482	      8737	00100238	000205b7	lui	x11,0x20	 x11=0x00020000
          17484	      8738	0010023c	00c51613	slli	x12,x10,0xc	 x10:0x00000004 x12=0x00004000
          17488	      8740	00100240	0075a023	sw	x7,0(x11)	 x11:0x00020000  x7:0x00000030 PA:0x00020000 store:0x00000030 load:0x00000000
          17490	      8741	00100244	01c65693	srli	x13,x12,0x1c	 x12:0x00004000 x13=0x00000000
          17492	      8742	00100248	00900813	addi	x16,x0,9	  x0:0x00000000 x16=0x00000009
          17494	      8743	0010024c	f2d86ae3	bltu	x16,x13,100180	 x16:0x00000009 x13:0x00000000
          17496	      8744	00100250	03068e93	addi	x29,x13,48	 x13:0x00000000 x29=0x00000030
          17498	      8745	00100254	00020f37	lui	x30,0x20	 x30=0x00020000
          17500	      8746	00100258	01051f93	slli	x31,x10,0x10	 x10:0x00000004 x31=0x00040000
          17504	      8748	0010025c	01df2023	sw	x29,0(x30)	 x30:0x00020000 x29:0x00000030 PA:0x00020000 store:0x00000030 load:0x00000000
          17506	      8749	00100260	01cfd793	srli	x15,x31,0x1c	 x31:0x00040000 x15=0x00000000
          17508	      8750	00100264	00900713	addi	x14,x0,9	  x0:0x00000000 x14=0x00000009
          17510	      8751	00100268	f2f76ae3	bltu	x14,x15,10019c	 x14:0x00000009 x15:0x00000000
          17512	      8752	0010026c	03078393	addi	x7,x15,48	 x15:0x00000000  x7=0x00000030
          17514	      8753	00100270	000205b7	lui	x11,0x20	 x11=0x00020000
          17516	      8754	00100274	01451613	slli	x12,x10,0x14	 x10:0x00000004 x12=0x00400000
          17520	      8756	00100278	0075a023	sw	x7,0(x11)	 x11:0x00020000  x7:0x00000030 PA:0x00020000 store:0x00000030 load:0x00000000
          17522	      8757	0010027c	01c65693	srli	x13,x12,0x1c	 x12:0x00400000 x13=0x00000000
          17524	      8758	00100280	00900813	addi	x16,x0,9	  x0:0x00000000 x16=0x00000009
          17526	      8759	00100284	f2d86ae3	bltu	x16,x13,1001b8	 x16:0x00000009 x13:0x00000000
          17528	      8760	00100288	03068e93	addi	x29,x13,48	 x13:0x00000000 x29=0x00000030
          17530	      8761	0010028c	00020f37	lui	x30,0x20	 x30=0x00020000
          17532	      8762	00100290	01851f93	slli	x31,x10,0x18	 x10:0x00000004 x31=0x04000000
          17536	      8764	00100294	01df2023	sw	x29,0(x30)	 x30:0x00020000 x29:0x00000030 PA:0x00020000 store:0x00000030 load:0x00000000
          17538	      8765	00100298	01cfd793	srli	x15,x31,0x1c	 x31:0x04000000 x15=0x00000000
          17540	      8766	0010029c	00900713	addi	x14,x0,9	  x0:0x00000000 x14=0x00000009
          17542	      8767	001002a0	f2f76ae3	bltu	x14,x15,1001d4	 x14:0x00000009 x15:0x00000000
          17544	      8768	001002a4	03078393	addi	x7,x15,48	 x15:0x00000000  x7=0x00000030
          17546	      8769	001002a8	000205b7	lui	x11,0x20	 x11=0x00020000
          17550	      8771	001002ac	0075a023	sw	x7,0(x11)	 x11:0x00020000  x7:0x00000030 PA:0x00020000 store:0x00000030 load:0x00000000
          17552	      8772	001002b0	00f57513	andi	x10,x10,15	 x10:0x00000004 x10=0x00000004
          17554	      8773	001002b4	00900613	addi	x12,x0,9	  x0:0x00000000 x12=0x00000009
          17558	      8775	001002b8	f2a67ae3	bgeu	x12,x10,1001ec	 x12:0x00000009 x10:0x00000004
          17562	      8777	001001ec	03050893	addi	x17,x10,48	 x10:0x00000004 x17=0x00000034
          17564	      8778	001001f0	00020e37	lui	x28,0x20	 x28=0x00020000
          17568	      8780	001001f4	011e2023	sw	x17,0(x28)	 x28:0x00020000 x17:0x00000034 PA:0x00020000 store:0x00000034 load:0x00000000
          17572	      8782	001001f8	00008067	jalr	x0,0(x1)	  x1:0x00101340  x0=0x00000000
          17574	      8783	00101340	a18b0513	addi	x10,x22,-1512	 x22:0x00102000 x10=0x00101a18
          17578	      8785	00101344	d5dfe0ef	jal	x1,1000a0	  x1=0x00101348
          17582	      8787	001000a0	00054803	lbu	x16,0(x10)	 x10:0x00101a18 x16=0x00000020 PA:0x00101a18 store:0x00000000
          17584	      8788	001000a4	06080663	beq	x16,x0,100110	 x16:0x00000020  x0:0x00000000
          17586	      8789	001000a8	000207b7	lui	x15,0x20	 x15=0x00020000
          17590	      8791	001000ac	0107a023	sw	x16,0(x15)	 x15:0x00020000 x16:0x00000020 PA:0x00020000 store:0x00000020 load:0x00000000
          17594	      8793	001000b0	00154703	lbu	x14,1(x10)	 x10:0x00101a18 x14=0x00000072 PA:0x00101a19 store:0x00101348
          17596	      8794	001000b4	04070e63	beq	x14,x0,100110	 x14:0x00000072  x0:0x00000000
          17600	      8796	001000b8	00e7a023	sw	x14,0(x15)	 x15:0x00020000 x14:0x00000072 PA:0x00020000 store:0x00000072 load:0x00000000
          17604	      8798	001000bc	00254283	lbu	x5,2(x10)	 x10:0x00101a18  x5=0x00000065 PA:0x00101a1a store:0x00137fa0
          17606	      8799	001000c0	04028863	beq	x5,x0,100110	  x5:0x00000065  x0:0x00000000
          17610	      8801	001000c4	0057a023	sw	x5,0(x15)	 x15:0x00020000  x5:0x00000065 PA:0x00020000 store:0x00000065 load:0x00000000
          17614	      8803	001000c8	00354303	lbu	x6,3(x10)	 x10:0x00101a18  x6=0x00000073 PA:0x00101a1b store:0x00000000
          17616	      8804	001000cc	04030263	beq	x6,x0,100110	  x6:0x00000073  x0:0x00000000
          17620	      8806	001000d0	0067a023	sw	x6,0(x15)	 x15:0x00020000  x6:0x00000073 PA:0x00020000 store:0x00000073 load:0x00000000
          17624	      8808	001000d4	00454383	lbu	x7,4(x10)	 x10:0x00101a18  x7=0x00000075 PA:0x00101a1c store:0x00000000
          17626	      8809	001000d8	02038c63	beq	x7,x0,100110	  x7:0x00000075  x0:0x00000000
          17630	      8811	001000dc	0077a023	sw	x7,0(x15)	 x15:0x00020000  x7:0x00000075 PA:0x00020000 store:0x00000075 load:0x00000000
          17634	      8813	001000e0	00554583	lbu	x11,5(x10)	 x10:0x00101a18 x11=0x0000006c PA:0x00101a1d store:0x00000065
          17636	      8814	001000e4	02058663	beq	x11,x0,100110	 x11:0x0000006c  x0:0x00000000
          17640	      8816	001000e8	00b7a023	sw	x11,0(x15)	 x15:0x00020000 x11:0x0000006c PA:0x00020000 store:0x0000006c load:0x00000000
          17644	      8818	001000ec	00654603	lbu	x12,6(x10)	 x10:0x00101a18 x12=0x00000074 PA:0x00101a1e store:0x00000073
          17646	      8819	001000f0	02060063	beq	x12,x0,100110	 x12:0x00000074  x0:0x00000000
          17650	      8821	001000f4	00c7a023	sw	x12,0(x15)	 x15:0x00020000 x12:0x00000074 PA:0x00020000 store:0x00000074 load:0x00000000
          17654	      8823	001000f8	00754683	lbu	x13,7(x10)	 x10:0x00101a18 x13=0x0000003a PA:0x00101a1f store:0x00000075
          17656	      8824	001000fc	00850513	addi	x10,x10,8	 x10:0x00101a18 x10=0x00101a20
          17658	      8825	00100100	00068863	beq	x13,x0,100110	 x13:0x0000003a  x0:0x00000000
          17662	      8827	00100104	00d7a023	sw	x13,0(x15)	 x15:0x00020000 x13:0x0000003a PA:0x00020000 store:0x0000003a load:0x00000000
          17666	      8829	00100108	00054803	lbu	x16,0(x10)	 x10:0x00101a20 x16=0x00000020 PA:0x00101a20 store:0x00000000
          17670	      8831	0010010c	fa0810e3	bne	x16,x0,1000ac	 x16:0x00000020  x0:0x00000000
          17676	      8834	001000ac	0107a023	sw	x16,0(x15)	 x15:0x00020000 x16:0x00000020 PA:0x00020000 store:0x00000020 load:0x00000000
          17680	      8836	001000b0	00154703	lbu	x14,1(x10)	 x10:0x00101a20 x14=0x00000000 PA:0x00101a21 store:0x00101348
          17684	      8838	001000b4	04070e63	beq	x14,x0,100110	 x14:0x00000000  x0:0x00000000
          17688	      8840	00100110	00000513	addi	x10,x0,0	  x0:0x00000000 x10=0x00000000
          17692	      8842	00100114	00008067	jalr	x0,0(x1)	  x1:0x00101348  x0=0x00000000
          17696	      8844	00101348	cf8a2503	lw	x10,-776(x20)	 x20:0x00102000 x10=0x3f9b3246 PA:0x00101cf8 store:0x00000004
          17698	      8845	0010134c	001c0d93	addi	x27,x24,1	 x24:0x00000004 x27=0x00000005
          17702	      8847	00101350	dd1fe0ef	jal	x1,100120	  x1=0x00101354
          17704	      8848	00100120	01c55793	srli	x15,x10,0x1c	 x10:0x3f9b3246 x15=0x00000003
          17706	      8849	00100124	00900713	addi	x14,x0,9	  x0:0x00000000 x14=0x00000009
          17710	      8851	00100128	0cf77a63	bgeu	x14,x15,1001fc	 x14:0x00000009 x15:0x00000003
          17714	      8853	001001fc	03078393	addi	x7,x15,48	 x15:0x00000003  x7=0x00000033
          17716	      8854	00100200	000205b7	lui	x11,0x20	 x11=0x00020000
          17718	      8855	00100204	00451613	slli	x12,x10,0x4	 x10:0x3f9b3246 x12=0xf9b32460
          17722	      8857	00100208	0075a023	sw	x7,0(x11)	 x11:0x00020000  x7:0x00000033 PA:0x00020000 store:0x00000033 load:0x00000000
          17724	      8858	0010020c	01c65693	srli	x13,x12,0x1c	 x12:0xf9b32460 x13=0x0000000f
          17726	      8859	00100210	00900813	addi	x16,x0,9	  x0:0x00000000 x16=0x00000009
          17730	      8861	00100214	f2d86ae3	bltu	x16,x13,100148	 x16:0x00000009 x13:0x0000000f
          17734	      8863	00100148	03768893	addi	x17,x13,55	 x13:0x0000000f x17=0x00000046
          17736	      8864	0010014c	00020e37	lui	x28,0x20	 x28=0x00020000
          17738	      8865	00100150	00851f93	slli	x31,x10,0x8	 x10:0x3f9b3246 x31=0x9b324600
          17742	      8867	00100154	011e2023	sw	x17,0(x28)	 x28:0x00020000 x17:0x00000046 PA:0x00020000 store:0x00000046 load:0x00000000
          17744	      8868	00100158	01cfd793	srli	x15,x31,0x1c	 x31:0x9b324600 x15=0x00000009
          17746	      8869	0010015c	00900713	addi	x14,x0,9	  x0:0x00000000 x14=0x00000009
          17750	      8871	00100160	0cf77a63	bgeu	x14,x15,100234	 x14:0x00000009 x15:0x00000009
          17754	      8873	00100234	03078393	addi	x7,x15,48	 x15:0x00000009  x7=0x00000039
          17756	      8874	00100238	000205b7	lui	x11,0x20	 x11=0x00020000
          17758	      8875	0010023c	00c51613	slli	x12,x10,0xc	 x10:0x3f9b3246 x12=0xb3246000
          17762	      8877	00100240	0075a023	sw	x7,0(x11)	 x11:0x00020000  x7:0x00000039 PA:0x00020000 store:0x00000039 load:0x00000000
          17764	      8878	00100244	01c65693	srli	x13,x12,0x1c	 x12:0xb3246000 x13=0x0000000b
          17766	      8879	00100248	00900813	addi	x16,x0,9	  x0:0x00000000 x16=0x00000009
          17770	      8881	0010024c	f2d86ae3	bltu	x16,x13,100180	 x16:0x00000009 x13:0x0000000b
          17774	      8883	00100180	03768893	addi	x17,x13,55	 x13:0x0000000b x17=0x00000042
          17776	      8884	00100184	00020e37	lui	x28,0x20	 x28=0x00020000
          17778	      8885	00100188	01051f93	slli	x31,x10,0x10	 x10:0x3f9b3246 x31=0x32460000
          17782	      8887	0010018c	011e2023	sw	x17,0(x28)	 x28:0x00020000 x17:0x00000042 PA:0x00020000 store:0x00000042 load:0x00000000
          17784	      8888	00100190	01cfd793	srli	x15,x31,0x1c	 x31:0x32460000 x15=0x00000003
          17786	      8889	00100194	00900713	addi	x14,x0,9	  x0:0x00000000 x14=0x00000009
          17790	      8891	00100198	0cf77a63	bgeu	x14,x15,10026c	 x14:0x00000009 x15:0x00000003
          17794	      8893	0010026c	03078393	addi	x7,x15,48	 x15:0x00000003  x7=0x00000033
          17796	      8894	00100270	000205b7	lui	x11,0x20	 x11=0x00020000
          17798	      8895	00100274	01451613	slli	x12,x10,0x14	 x10:0x3f9b3246 x12=0x24600000
          17802	      8897	00100278	0075a023	sw	x7,0(x11)	 x11:0x00020000  x7:0x00000033 PA:0x00020000 store:0x00000033 load:0x00000000
          17804	      8898	0010027c	01c65693	srli	x13,x12,0x1c	 x12:0x24600000 x13=0x00000002
          17806	      8899	00100280	00900813	addi	x16,x0,9	  x0:0x00000000 x16=0x00000009
          17808	      8900	00100284	f2d86ae3	bltu	x16,x13,1001b8	 x16:0x00000009 x13:0x00000002
          17810	      8901	00100288	03068e93	addi	x29,x13,48	 x13:0x00000002 x29=0x00000032
          17812	      8902	0010028c	00020f37	lui	x30,0x20	 x30=0x00020000
          17814	      8903	00100290	01851f93	slli	x31,x10,0x18	 x10:0x3f9b3246 x31=0x46000000
          17818	      8905	00100294	01df2023	sw	x29,0(x30)	 x30:0x00020000 x29:0x00000032 PA:0x00020000 store:0x00000032 load:0x00000000
          17820	      8906	00100298	01cfd793	srli	x15,x31,0x1c	 x31:0x46000000 x15=0x00000004
          17822	      8907	0010029c	00900713	addi	x14,x0,9	  x0:0x00000000 x14=0x00000009
          17824	      8908	001002a0	f2f76ae3	bltu	x14,x15,1001d4	 x14:0x00000009 x15:0x00000004
          17826	      8909	001002a4	03078393	addi	x7,x15,48	 x15:0x00000004  x7=0x00000034
          17828	      8910	001002a8	000205b7	lui	x11,0x20	 x11=0x00020000
          17832	      8912	001002ac	0075a023	sw	x7,0(x11)	 x11:0x00020000  x7:0x00000034 PA:0x00020000 store:0x00000034 load:0x00000000
          17834	      8913	001002b0	00f57513	andi	x10,x10,15	 x10:0x3f9b3246 x10=0x00000006
          17836	      8914	001002b4	00900613	addi	x12,x0,9	  x0:0x00000000 x12=0x00000009
          17840	      8916	001002b8	f2a67ae3	bgeu	x12,x10,1001ec	 x12:0x00000009 x10:0x00000006
          17844	      8918	001001ec	03050893	addi	x17,x10,48	 x10:0x00000006 x17=0x00000036
          17846	      8919	001001f0	00020e37	lui	x28,0x20	 x28=0x00020000
          17850	      8921	001001f4	011e2023	sw	x17,0(x28)	 x28:0x00020000 x17:0x00000036 PA:0x00020000 store:0x00000036 load:0x00000000
          17860	      8926	001001f8	00008067	jalr	x0,0(x1)	  x1:0x00101354  x0=0x00000000
          17862	      8927	00101354	d089a407	flw	f8,-760(x19)	 f19:0x00102000  f8=0x00000000 PA:0x00101d08 store:0x41ae842c
          17882	      8937	00101358	580474d3	fsqrt.s	f9,f8	  f8:0x00102000  f9=0x00000000
          17886	      8939	0010135c	d099a427	fsw	f9,-760(x19)	 f19:0x00102000  f9:0x00102000 PA:0x00101d08 store:0x3f8cf199 load:0x3f9b3246
          17890	      8941	00101360	d089a507	flw	f10,-760(x19)	 f19:0x00102000 f10=0x00000000 PA:0x00101d08 store:0x3f9b3246
          17894	      8943	00101364	a10a8513	addi	x10,x21,-1520	 x21:0x00102000 x10=0x00101a10
          17896	      8944	00101368	e0050753	fmv.x.w	x14,f10	 f10:0x00101a10 x14=0x3f8cf199
          17898	      8945	0010136c	ceea2c23	sw	x14,-776(x20)	 x20:0x00102000 x14:0x3f8cf199 PA:0x00101cf8 store:0x3f8cf199 load:0x3f8cf199
          17900	      8946	00101370	d31fe0ef	jal	x1,1000a0	  x1=0x00101374
          17904	      8948	001000a0	00054803	lbu	x16,0(x10)	 x10:0x00101a10 x16=0x0000000a PA:0x00101a10 store:0x00000000
          17906	      8949	001000a4	06080663	beq	x16,x0,100110	 x16:0x0000000a  x0:0x00000000
          17908	      8950	001000a8	000207b7	lui	x15,0x20	 x15=0x00020000
          17912	      8952	001000ac	0107a023	sw	x16,0(x15)	 x15:0x00020000 x16:0x0000000a PA:0x00020000 store:0x0000000a load:0x00000000
          17916	      8954	001000b0	00154703	lbu	x14,1(x10)	 x10:0x00101a10 x14=0x00000020 PA:0x00101a11 store:0x00101374
          17918	      8955	001000b4	04070e63	beq	x14,x0,100110	 x14:0x00000020  x0:0x00000000
          17922	      8957	001000b8	00e7a023	sw	x14,0(x15)	 x15:0x00020000 x14:0x00000020 PA:0x00020000 store:0x00000020 load:0x00000000
          17926	      8959	001000bc	00254283	lbu	x5,2(x10)	 x10:0x00101a10  x5=0x00000069 PA:0x00101a12 store:0x00137fa0
          17928	      8960	001000c0	04028863	beq	x5,x0,100110	  x5:0x00000069  x0:0x00000000
          17932	      8962	001000c4	0057a023	sw	x5,0(x15)	 x15:0x00020000  x5:0x00000069 PA:0x00020000 store:0x00000069 load:0x00000000
          17936	      8964	001000c8	00354303	lbu	x6,3(x10)	 x10:0x00101a10  x6=0x0000003d PA:0x00101a13 store:0x00000000
          17938	      8965	001000cc	04030263	beq	x6,x0,100110	  x6:0x0000003d  x0:0x00000000
          17942	      8967	001000d0	0067a023	sw	x6,0(x15)	 x15:0x00020000  x6:0x0000003d PA:0x00020000 store:0x0000003d load:0x00000000
          17946	      8969	001000d4	00454383	lbu	x7,4(x10)	 x10:0x00101a10  x7=0x00000000 PA:0x00101a14 store:0x00000000
          17950	      8971	001000d8	02038c63	beq	x7,x0,100110	  x7:0x00000000  x0:0x00000000
          17954	      8973	00100110	00000513	addi	x10,x0,0	  x0:0x00000000 x10=0x00000000
          17958	      8975	00100114	00008067	jalr	x0,0(x1)	  x1:0x00101374  x0=0x00000000
          17960	      8976	00101374	000d8513	addi	x10,x27,0	 x27:0x00000005 x10=0x00000005
          17964	      8978	00101378	da9fe0ef	jal	x1,100120	  x1=0x0010137c
          17966	      8979	00100120	01c55793	srli	x15,x10,0x1c	 x10:0x00000005 x15=0x00000000
          17968	      8980	00100124	00900713	addi	x14,x0,9	  x0:0x00000000 x14=0x00000009
          17972	      8982	00100128	0cf77a63	bgeu	x14,x15,1001fc	 x14:0x00000009 x15:0x00000000
          17976	      8984	001001fc	03078393	addi	x7,x15,48	 x15:0x00000000  x7=0x00000030
          17978	      8985	00100200	000205b7	lui	x11,0x20	 x11=0x00020000
          17980	      8986	00100204	00451613	slli	x12,x10,0x4	 x10:0x00000005 x12=0x00000050
          17984	      8988	00100208	0075a023	sw	x7,0(x11)	 x11:0x00020000  x7:0x00000030 PA:0x00020000 store:0x00000030 load:0x00000000
          17986	      8989	0010020c	01c65693	srli	x13,x12,0x1c	 x12:0x00000050 x13=0x00000000
          17988	      8990	00100210	00900813	addi	x16,x0,9	  x0:0x00000000 x16=0x00000009
          17990	      8991	00100214	f2d86ae3	bltu	x16,x13,100148	 x16:0x00000009 x13:0x00000000
          17992	      8992	00100218	03068e93	addi	x29,x13,48	 x13:0x00000000 x29=0x00000030
          17994	      8993	0010021c	00020f37	lui	x30,0x20	 x30=0x00020000
          17996	      8994	00100220	00851f93	slli	x31,x10,0x8	 x10:0x00000005 x31=0x00000500
          18000	      8996	00100224	01df2023	sw	x29,0(x30)	 x30:0x00020000 x29:0x00000030 PA:0x00020000 store:0x00000030 load:0x00000000
          18002	      8997	00100228	01cfd793	srli	x15,x31,0x1c	 x31:0x00000500 x15=0x00000000
          18004	      8998	0010022c	00900713	addi	x14,x0,9	  x0:0x00000000 x14=0x00000009
          18006	      8999	00100230	f2f76ae3	bltu	x14,x15,100164	 x14:0x00000009 x15:0x00000000
          18008	      9000	00100234	03078393	addi	x7,x15,48	 x15:0x00000000  x7=0x00000030
          18010	      9001	00100238	000205b7	lui	x11,0x20	 x11=0x00020000
          18012	      9002	0010023c	00c51613	slli	x12,x10,0xc	 x10:0x00000005 x12=0x00005000
          18016	      9004	00100240	0075a023	sw	x7,0(x11)	 x11:0x00020000  x7:0x00000030 PA:0x00020000 store:0x00000030 load:0x00000000
          18018	      9005	00100244	01c65693	srli	x13,x12,0x1c	 x12:0x00005000 x13=0x00000000
          18020	      9006	00100248	00900813	addi	x16,x0,9	  x0:0x00000000 x16=0x00000009
          18022	      9007	0010024c	f2d86ae3	bltu	x16,x13,100180	 x16:0x00000009 x13:0x00000000
          18024	      9008	00100250	03068e93	addi	x29,x13,48	 x13:0x00000000 x29=0x00000030
          18026	      9009	00100254	00020f37	lui	x30,0x20	 x30=0x00020000
          18028	      9010	00100258	01051f93	slli	x31,x10,0x10	 x10:0x00000005 x31=0x00050000
          18032	      9012	0010025c	01df2023	sw	x29,0(x30)	 x30:0x00020000 x29:0x00000030 PA:0x00020000 store:0x00000030 load:0x00000000
          18034	      9013	00100260	01cfd793	srli	x15,x31,0x1c	 x31:0x00050000 x15=0x00000000
          18036	      9014	00100264	00900713	addi	x14,x0,9	  x0:0x00000000 x14=0x00000009
          18038	      9015	00100268	f2f76ae3	bltu	x14,x15,10019c	 x14:0x00000009 x15:0x00000000
          18040	      9016	0010026c	03078393	addi	x7,x15,48	 x15:0x00000000  x7=0x00000030
          18042	      9017	00100270	000205b7	lui	x11,0x20	 x11=0x00020000
          18044	      9018	00100274	01451613	slli	x12,x10,0x14	 x10:0x00000005 x12=0x00500000
          18048	      9020	00100278	0075a023	sw	x7,0(x11)	 x11:0x00020000  x7:0x00000030 PA:0x00020000 store:0x00000030 load:0x00000000
          18050	      9021	0010027c	01c65693	srli	x13,x12,0x1c	 x12:0x00500000 x13=0x00000000
          18052	      9022	00100280	00900813	addi	x16,x0,9	  x0:0x00000000 x16=0x00000009
          18054	      9023	00100284	f2d86ae3	bltu	x16,x13,1001b8	 x16:0x00000009 x13:0x00000000
          18056	      9024	00100288	03068e93	addi	x29,x13,48	 x13:0x00000000 x29=0x00000030
          18058	      9025	0010028c	00020f37	lui	x30,0x20	 x30=0x00020000
          18060	      9026	00100290	01851f93	slli	x31,x10,0x18	 x10:0x00000005 x31=0x05000000
          18064	      9028	00100294	01df2023	sw	x29,0(x30)	 x30:0x00020000 x29:0x00000030 PA:0x00020000 store:0x00000030 load:0x00000000
          18066	      9029	00100298	01cfd793	srli	x15,x31,0x1c	 x31:0x05000000 x15=0x00000000
          18068	      9030	0010029c	00900713	addi	x14,x0,9	  x0:0x00000000 x14=0x00000009
          18070	      9031	001002a0	f2f76ae3	bltu	x14,x15,1001d4	 x14:0x00000009 x15:0x00000000
          18072	      9032	001002a4	03078393	addi	x7,x15,48	 x15:0x00000000  x7=0x00000030
          18074	      9033	001002a8	000205b7	lui	x11,0x20	 x11=0x00020000
          18078	      9035	001002ac	0075a023	sw	x7,0(x11)	 x11:0x00020000  x7:0x00000030 PA:0x00020000 store:0x00000030 load:0x00000000
          18080	      9036	001002b0	00f57513	andi	x10,x10,15	 x10:0x00000005 x10=0x00000005
          18082	      9037	001002b4	00900613	addi	x12,x0,9	  x0:0x00000000 x12=0x00000009
          18086	      9039	001002b8	f2a67ae3	bgeu	x12,x10,1001ec	 x12:0x00000009 x10:0x00000005
          18090	      9041	001001ec	03050893	addi	x17,x10,48	 x10:0x00000005 x17=0x00000035
          18092	      9042	001001f0	00020e37	lui	x28,0x20	 x28=0x00020000
          18096	      9044	001001f4	011e2023	sw	x17,0(x28)	 x28:0x00020000 x17:0x00000035 PA:0x00020000 store:0x00000035 load:0x00000000
          18100	      9046	001001f8	00008067	jalr	x0,0(x1)	  x1:0x0010137c  x0=0x00000000
          18102	      9047	0010137c	a18b0513	addi	x10,x22,-1512	 x22:0x00102000 x10=0x00101a18
          18106	      9049	00101380	d21fe0ef	jal	x1,1000a0	  x1=0x00101384
          18110	      9051	001000a0	00054803	lbu	x16,0(x10)	 x10:0x00101a18 x16=0x00000020 PA:0x00101a18 store:0x00000000
          18112	      9052	001000a4	06080663	beq	x16,x0,100110	 x16:0x00000020  x0:0x00000000
          18114	      9053	001000a8	000207b7	lui	x15,0x20	 x15=0x00020000
          18118	      9055	001000ac	0107a023	sw	x16,0(x15)	 x15:0x00020000 x16:0x00000020 PA:0x00020000 store:0x00000020 load:0x00000000
          18122	      9057	001000b0	00154703	lbu	x14,1(x10)	 x10:0x00101a18 x14=0x00000072 PA:0x00101a19 store:0x00101384
          18124	      9058	001000b4	04070e63	beq	x14,x0,100110	 x14:0x00000072  x0:0x00000000
          18128	      9060	001000b8	00e7a023	sw	x14,0(x15)	 x15:0x00020000 x14:0x00000072 PA:0x00020000 store:0x00000072 load:0x00000000
          18132	      9062	001000bc	00254283	lbu	x5,2(x10)	 x10:0x00101a18  x5=0x00000065 PA:0x00101a1a store:0x00137fa0
          18134	      9063	001000c0	04028863	beq	x5,x0,100110	  x5:0x00000065  x0:0x00000000
          18138	      9065	001000c4	0057a023	sw	x5,0(x15)	 x15:0x00020000  x5:0x00000065 PA:0x00020000 store:0x00000065 load:0x00000000
          18142	      9067	001000c8	00354303	lbu	x6,3(x10)	 x10:0x00101a18  x6=0x00000073 PA:0x00101a1b store:0x00000000
          18144	      9068	001000cc	04030263	beq	x6,x0,100110	  x6:0x00000073  x0:0x00000000
          18148	      9070	001000d0	0067a023	sw	x6,0(x15)	 x15:0x00020000  x6:0x00000073 PA:0x00020000 store:0x00000073 load:0x00000000
          18152	      9072	001000d4	00454383	lbu	x7,4(x10)	 x10:0x00101a18  x7=0x00000075 PA:0x00101a1c store:0x00000000
          18154	      9073	001000d8	02038c63	beq	x7,x0,100110	  x7:0x00000075  x0:0x00000000
          18158	      9075	001000dc	0077a023	sw	x7,0(x15)	 x15:0x00020000  x7:0x00000075 PA:0x00020000 store:0x00000075 load:0x00000000
          18162	      9077	001000e0	00554583	lbu	x11,5(x10)	 x10:0x00101a18 x11=0x0000006c PA:0x00101a1d store:0x00000065
          18164	      9078	001000e4	02058663	beq	x11,x0,100110	 x11:0x0000006c  x0:0x00000000
          18168	      9080	001000e8	00b7a023	sw	x11,0(x15)	 x15:0x00020000 x11:0x0000006c PA:0x00020000 store:0x0000006c load:0x00000000
          18172	      9082	001000ec	00654603	lbu	x12,6(x10)	 x10:0x00101a18 x12=0x00000074 PA:0x00101a1e store:0x00000073
          18174	      9083	001000f0	02060063	beq	x12,x0,100110	 x12:0x00000074  x0:0x00000000
          18178	      9085	001000f4	00c7a023	sw	x12,0(x15)	 x15:0x00020000 x12:0x00000074 PA:0x00020000 store:0x00000074 load:0x00000000
          18182	      9087	001000f8	00754683	lbu	x13,7(x10)	 x10:0x00101a18 x13=0x0000003a PA:0x00101a1f store:0x00000075
          18184	      9088	001000fc	00850513	addi	x10,x10,8	 x10:0x00101a18 x10=0x00101a20
          18186	      9089	00100100	00068863	beq	x13,x0,100110	 x13:0x0000003a  x0:0x00000000
          18190	      9091	00100104	00d7a023	sw	x13,0(x15)	 x15:0x00020000 x13:0x0000003a PA:0x00020000 store:0x0000003a load:0x00000000
          18194	      9093	00100108	00054803	lbu	x16,0(x10)	 x10:0x00101a20 x16=0x00000020 PA:0x00101a20 store:0x00000000
          18198	      9095	0010010c	fa0810e3	bne	x16,x0,1000ac	 x16:0x00000020  x0:0x00000000
          18204	      9098	001000ac	0107a023	sw	x16,0(x15)	 x15:0x00020000 x16:0x00000020 PA:0x00020000 store:0x00000020 load:0x00000000
          18208	      9100	001000b0	00154703	lbu	x14,1(x10)	 x10:0x00101a20 x14=0x00000000 PA:0x00101a21 store:0x00101384
          18212	      9102	001000b4	04070e63	beq	x14,x0,100110	 x14:0x00000000  x0:0x00000000
          18216	      9104	00100110	00000513	addi	x10,x0,0	  x0:0x00000000 x10=0x00000000
          18220	      9106	00100114	00008067	jalr	x0,0(x1)	  x1:0x00101384  x0=0x00000000
          18224	      9108	00101384	cf8a2503	lw	x10,-776(x20)	 x20:0x00102000 x10=0x3f8cf199 PA:0x00101cf8 store:0x00000004
          18226	      9109	00101388	002c0d93	addi	x27,x24,2	 x24:0x00000004 x27=0x00000006
          18230	      9111	0010138c	d95fe0ef	jal	x1,100120	  x1=0x00101390
          18232	      9112	00100120	01c55793	srli	x15,x10,0x1c	 x10:0x3f8cf199 x15=0x00000003
          18234	      9113	00100124	00900713	addi	x14,x0,9	  x0:0x00000000 x14=0x00000009
          18238	      9115	00100128	0cf77a63	bgeu	x14,x15,1001fc	 x14:0x00000009 x15:0x00000003
          18242	      9117	001001fc	03078393	addi	x7,x15,48	 x15:0x00000003  x7=0x00000033
          18244	      9118	00100200	000205b7	lui	x11,0x20	 x11=0x00020000
          18246	      9119	00100204	00451613	slli	x12,x10,0x4	 x10:0x3f8cf199 x12=0xf8cf1990
          18250	      9121	00100208	0075a023	sw	x7,0(x11)	 x11:0x00020000  x7:0x00000033 PA:0x00020000 store:0x00000033 load:0x00000000
          18252	      9122	0010020c	01c65693	srli	x13,x12,0x1c	 x12:0xf8cf1990 x13=0x0000000f
          18254	      9123	00100210	00900813	addi	x16,x0,9	  x0:0x00000000 x16=0x00000009
          18258	      9125	00100214	f2d86ae3	bltu	x16,x13,100148	 x16:0x00000009 x13:0x0000000f
          18262	      9127	00100148	03768893	addi	x17,x13,55	 x13:0x0000000f x17=0x00000046
          18264	      9128	0010014c	00020e37	lui	x28,0x20	 x28=0x00020000
          18266	      9129	00100150	00851f93	slli	x31,x10,0x8	 x10:0x3f8cf199 x31=0x8cf19900
          18270	      9131	00100154	011e2023	sw	x17,0(x28)	 x28:0x00020000 x17:0x00000046 PA:0x00020000 store:0x00000046 load:0x00000000
          18272	      9132	00100158	01cfd793	srli	x15,x31,0x1c	 x31:0x8cf19900 x15=0x00000008
          18274	      9133	0010015c	00900713	addi	x14,x0,9	  x0:0x00000000 x14=0x00000009
          18278	      9135	00100160	0cf77a63	bgeu	x14,x15,100234	 x14:0x00000009 x15:0x00000008
          18282	      9137	00100234	03078393	addi	x7,x15,48	 x15:0x00000008  x7=0x00000038
          18284	      9138	00100238	000205b7	lui	x11,0x20	 x11=0x00020000
          18286	      9139	0010023c	00c51613	slli	x12,x10,0xc	 x10:0x3f8cf199 x12=0xcf199000
          18290	      9141	00100240	0075a023	sw	x7,0(x11)	 x11:0x00020000  x7:0x00000038 PA:0x00020000 store:0x00000038 load:0x00000000
          18292	      9142	00100244	01c65693	srli	x13,x12,0x1c	 x12:0xcf199000 x13=0x0000000c
          18294	      9143	00100248	00900813	addi	x16,x0,9	  x0:0x00000000 x16=0x00000009
          18298	      9145	0010024c	f2d86ae3	bltu	x16,x13,100180	 x16:0x00000009 x13:0x0000000c
          18302	      9147	00100180	03768893	addi	x17,x13,55	 x13:0x0000000c x17=0x00000043
          18304	      9148	00100184	00020e37	lui	x28,0x20	 x28=0x00020000
          18306	      9149	00100188	01051f93	slli	x31,x10,0x10	 x10:0x3f8cf199 x31=0xf1990000
          18310	      9151	0010018c	011e2023	sw	x17,0(x28)	 x28:0x00020000 x17:0x00000043 PA:0x00020000 store:0x00000043 load:0x00000000
          18312	      9152	00100190	01cfd793	srli	x15,x31,0x1c	 x31:0xf1990000 x15=0x0000000f
          18314	      9153	00100194	00900713	addi	x14,x0,9	  x0:0x00000000 x14=0x00000009
          18316	      9154	00100198	0cf77a63	bgeu	x14,x15,10026c	 x14:0x00000009 x15:0x0000000f
          18318	      9155	0010019c	03778293	addi	x5,x15,55	 x15:0x0000000f  x5=0x00000046
          18320	      9156	001001a0	00020337	lui	x6,0x20	  x6=0x00020000
          18322	      9157	001001a4	01451613	slli	x12,x10,0x14	 x10:0x3f8cf199 x12=0x19900000
          18326	      9159	001001a8	00532023	sw	x5,0(x6)	  x6:0x00020000  x5:0x00000046 PA:0x00020000 store:0x00000046 load:0x00000000
          18328	      9160	001001ac	01c65693	srli	x13,x12,0x1c	 x12:0x19900000 x13=0x00000001
          18330	      9161	001001b0	00900813	addi	x16,x0,9	  x0:0x00000000 x16=0x00000009
          18334	      9163	001001b4	0cd87a63	bgeu	x16,x13,100288	 x16:0x00000009 x13:0x00000001
          18338	      9165	00100288	03068e93	addi	x29,x13,48	 x13:0x00000001 x29=0x00000031
          18340	      9166	0010028c	00020f37	lui	x30,0x20	 x30=0x00020000
          18342	      9167	00100290	01851f93	slli	x31,x10,0x18	 x10:0x3f8cf199 x31=0x99000000
          18346	      9169	00100294	01df2023	sw	x29,0(x30)	 x30:0x00020000 x29:0x00000031 PA:0x00020000 store:0x00000031 load:0x00000000
          18348	      9170	00100298	01cfd793	srli	x15,x31,0x1c	 x31:0x99000000 x15=0x00000009
          18350	      9171	0010029c	00900713	addi	x14,x0,9	  x0:0x00000000 x14=0x00000009
          18352	      9172	001002a0	f2f76ae3	bltu	x14,x15,1001d4	 x14:0x00000009 x15:0x00000009
          18354	      9173	001002a4	03078393	addi	x7,x15,48	 x15:0x00000009  x7=0x00000039
          18356	      9174	001002a8	000205b7	lui	x11,0x20	 x11=0x00020000
          18360	      9176	001002ac	0075a023	sw	x7,0(x11)	 x11:0x00020000  x7:0x00000039 PA:0x00020000 store:0x00000039 load:0x00000000
          18362	      9177	001002b0	00f57513	andi	x10,x10,15	 x10:0x3f8cf199 x10=0x00000009
          18364	      9178	001002b4	00900613	addi	x12,x0,9	  x0:0x00000000 x12=0x00000009
          18368	      9180	001002b8	f2a67ae3	bgeu	x12,x10,1001ec	 x12:0x00000009 x10:0x00000009
          18372	      9182	001001ec	03050893	addi	x17,x10,48	 x10:0x00000009 x17=0x00000039
          18374	      9183	001001f0	00020e37	lui	x28,0x20	 x28=0x00020000
          18378	      9185	001001f4	011e2023	sw	x17,0(x28)	 x28:0x00020000 x17:0x00000039 PA:0x00020000 store:0x00000039 load:0x00000000
          18388	      9190	001001f8	00008067	jalr	x0,0(x1)	  x1:0x00101390  x0=0x00000000
          18390	      9191	00101390	d089a807	flw	f16,-760(x19)	 f19:0x00102000 f16=0x00000000 PA:0x00101d08 store:0x3f9b3246
          18412	      9202	00101394	a10a8513	addi	x10,x21,-1520	 x21:0x00102000 x10=0x00101a10
          18414	      9203	00101398	580878d3	fsqrt.s	f17,f16	 f16:0x00000009 f17=0x00000000
          18416	      9204	0010139c	d119a427	fsw	f17,-760(x19)	 f19:0x00102000 f17:0x00000039 PA:0x00101d08 store:0x3f8650e8 load:0x3f8cf199
          18420	      9206	001013a0	d089a907	flw	f18,-760(x19)	 f19:0x00102000 f18=0x00000000 PA:0x00101d08 store:0x3f9b3246
          18422	      9207	001013a4	e00907d3	fmv.x.w	x15,f18	 f18:0x00102000 x15=0x3f8650e8
          18424	      9208	001013a8	cefa2c23	sw	x15,-776(x20)	 x20:0x00102000 x15:0x3f8650e8 PA:0x00101cf8 store:0x3f8650e8 load:0x3f8650e8
          18428	      9210	001013ac	cf5fe0ef	jal	x1,1000a0	  x1=0x001013b0
          18432	      9212	001000a0	00054803	lbu	x16,0(x10)	 x10:0x00101a10 x16=0x0000000a PA:0x00101a10 store:0x00000000
          18434	      9213	001000a4	06080663	beq	x16,x0,100110	 x16:0x0000000a  x0:0x00000000
          18436	      9214	001000a8	000207b7	lui	x15,0x20	 x15=0x00020000
          18440	      9216	001000ac	0107a023	sw	x16,0(x15)	 x15:0x00020000 x16:0x0000000a PA:0x00020000 store:0x0000000a load:0x00000000
          18444	      9218	001000b0	00154703	lbu	x14,1(x10)	 x10:0x00101a10 x14=0x00000020 PA:0x00101a11 store:0x001013b0
          18446	      9219	001000b4	04070e63	beq	x14,x0,100110	 x14:0x00000020  x0:0x00000000
          18450	      9221	001000b8	00e7a023	sw	x14,0(x15)	 x15:0x00020000 x14:0x00000020 PA:0x00020000 store:0x00000020 load:0x00000000
          18454	      9223	001000bc	00254283	lbu	x5,2(x10)	 x10:0x00101a10  x5=0x00000069 PA:0x00101a12 store:0x00137fa0
          18456	      9224	001000c0	04028863	beq	x5,x0,100110	  x5:0x00000069  x0:0x00000000
          18460	      9226	001000c4	0057a023	sw	x5,0(x15)	 x15:0x00020000  x5:0x00000069 PA:0x00020000 store:0x00000069 load:0x00000000
          18464	      9228	001000c8	00354303	lbu	x6,3(x10)	 x10:0x00101a10  x6=0x0000003d PA:0x00101a13 store:0x00000000
          18466	      9229	001000cc	04030263	beq	x6,x0,100110	  x6:0x0000003d  x0:0x00000000
          18470	      9231	001000d0	0067a023	sw	x6,0(x15)	 x15:0x00020000  x6:0x0000003d PA:0x00020000 store:0x0000003d load:0x00000000
          18474	      9233	001000d4	00454383	lbu	x7,4(x10)	 x10:0x00101a10  x7=0x00000000 PA:0x00101a14 store:0x00000000
          18478	      9235	001000d8	02038c63	beq	x7,x0,100110	  x7:0x00000000  x0:0x00000000
          18482	      9237	00100110	00000513	addi	x10,x0,0	  x0:0x00000000 x10=0x00000000
          18486	      9239	00100114	00008067	jalr	x0,0(x1)	  x1:0x001013b0  x0=0x00000000
          18488	      9240	001013b0	000d8513	addi	x10,x27,0	 x27:0x00000006 x10=0x00000006
          18492	      9242	001013b4	d6dfe0ef	jal	x1,100120	  x1=0x001013b8
          18494	      9243	00100120	01c55793	srli	x15,x10,0x1c	 x10:0x00000006 x15=0x00000000
          18496	      9244	00100124	00900713	addi	x14,x0,9	  x0:0x00000000 x14=0x00000009
          18500	      9246	00100128	0cf77a63	bgeu	x14,x15,1001fc	 x14:0x00000009 x15:0x00000000
          18504	      9248	001001fc	03078393	addi	x7,x15,48	 x15:0x00000000  x7=0x00000030
          18506	      9249	00100200	000205b7	lui	x11,0x20	 x11=0x00020000
          18508	      9250	00100204	00451613	slli	x12,x10,0x4	 x10:0x00000006 x12=0x00000060
          18512	      9252	00100208	0075a023	sw	x7,0(x11)	 x11:0x00020000  x7:0x00000030 PA:0x00020000 store:0x00000030 load:0x00000000
          18514	      9253	0010020c	01c65693	srli	x13,x12,0x1c	 x12:0x00000060 x13=0x00000000
          18516	      9254	00100210	00900813	addi	x16,x0,9	  x0:0x00000000 x16=0x00000009
          18518	      9255	00100214	f2d86ae3	bltu	x16,x13,100148	 x16:0x00000009 x13:0x00000000
          18520	      9256	00100218	03068e93	addi	x29,x13,48	 x13:0x00000000 x29=0x00000030
          18522	      9257	0010021c	00020f37	lui	x30,0x20	 x30=0x00020000
          18524	      9258	00100220	00851f93	slli	x31,x10,0x8	 x10:0x00000006 x31=0x00000600
          18528	      9260	00100224	01df2023	sw	x29,0(x30)	 x30:0x00020000 x29:0x00000030 PA:0x00020000 store:0x00000030 load:0x00000000
          18530	      9261	00100228	01cfd793	srli	x15,x31,0x1c	 x31:0x00000600 x15=0x00000000
          18532	      9262	0010022c	00900713	addi	x14,x0,9	  x0:0x00000000 x14=0x00000009
          18534	      9263	00100230	f2f76ae3	bltu	x14,x15,100164	 x14:0x00000009 x15:0x00000000
          18536	      9264	00100234	03078393	addi	x7,x15,48	 x15:0x00000000  x7=0x00000030
          18538	      9265	00100238	000205b7	lui	x11,0x20	 x11=0x00020000
          18540	      9266	0010023c	00c51613	slli	x12,x10,0xc	 x10:0x00000006 x12=0x00006000
          18544	      9268	00100240	0075a023	sw	x7,0(x11)	 x11:0x00020000  x7:0x00000030 PA:0x00020000 store:0x00000030 load:0x00000000
          18546	      9269	00100244	01c65693	srli	x13,x12,0x1c	 x12:0x00006000 x13=0x00000000
          18548	      9270	00100248	00900813	addi	x16,x0,9	  x0:0x00000000 x16=0x00000009
          18550	      9271	0010024c	f2d86ae3	bltu	x16,x13,100180	 x16:0x00000009 x13:0x00000000
          18552	      9272	00100250	03068e93	addi	x29,x13,48	 x13:0x00000000 x29=0x00000030
          18554	      9273	00100254	00020f37	lui	x30,0x20	 x30=0x00020000
          18556	      9274	00100258	01051f93	slli	x31,x10,0x10	 x10:0x00000006 x31=0x00060000
          18560	      9276	0010025c	01df2023	sw	x29,0(x30)	 x30:0x00020000 x29:0x00000030 PA:0x00020000 store:0x00000030 load:0x00000000
          18562	      9277	00100260	01cfd793	srli	x15,x31,0x1c	 x31:0x00060000 x15=0x00000000
          18564	      9278	00100264	00900713	addi	x14,x0,9	  x0:0x00000000 x14=0x00000009
          18566	      9279	00100268	f2f76ae3	bltu	x14,x15,10019c	 x14:0x00000009 x15:0x00000000
          18568	      9280	0010026c	03078393	addi	x7,x15,48	 x15:0x00000000  x7=0x00000030
          18570	      9281	00100270	000205b7	lui	x11,0x20	 x11=0x00020000
          18572	      9282	00100274	01451613	slli	x12,x10,0x14	 x10:0x00000006 x12=0x00600000
          18576	      9284	00100278	0075a023	sw	x7,0(x11)	 x11:0x00020000  x7:0x00000030 PA:0x00020000 store:0x00000030 load:0x00000000
          18578	      9285	0010027c	01c65693	srli	x13,x12,0x1c	 x12:0x00600000 x13=0x00000000
          18580	      9286	00100280	00900813	addi	x16,x0,9	  x0:0x00000000 x16=0x00000009
          18582	      9287	00100284	f2d86ae3	bltu	x16,x13,1001b8	 x16:0x00000009 x13:0x00000000
          18584	      9288	00100288	03068e93	addi	x29,x13,48	 x13:0x00000000 x29=0x00000030
          18586	      9289	0010028c	00020f37	lui	x30,0x20	 x30=0x00020000
          18588	      9290	00100290	01851f93	slli	x31,x10,0x18	 x10:0x00000006 x31=0x06000000
          18592	      9292	00100294	01df2023	sw	x29,0(x30)	 x30:0x00020000 x29:0x00000030 PA:0x00020000 store:0x00000030 load:0x00000000
          18594	      9293	00100298	01cfd793	srli	x15,x31,0x1c	 x31:0x06000000 x15=0x00000000
          18596	      9294	0010029c	00900713	addi	x14,x0,9	  x0:0x00000000 x14=0x00000009
          18598	      9295	001002a0	f2f76ae3	bltu	x14,x15,1001d4	 x14:0x00000009 x15:0x00000000
          18600	      9296	001002a4	03078393	addi	x7,x15,48	 x15:0x00000000  x7=0x00000030
          18602	      9297	001002a8	000205b7	lui	x11,0x20	 x11=0x00020000
          18606	      9299	001002ac	0075a023	sw	x7,0(x11)	 x11:0x00020000  x7:0x00000030 PA:0x00020000 store:0x00000030 load:0x00000000
          18608	      9300	001002b0	00f57513	andi	x10,x10,15	 x10:0x00000006 x10=0x00000006
          18610	      9301	001002b4	00900613	addi	x12,x0,9	  x0:0x00000000 x12=0x00000009
          18614	      9303	001002b8	f2a67ae3	bgeu	x12,x10,1001ec	 x12:0x00000009 x10:0x00000006
          18618	      9305	001001ec	03050893	addi	x17,x10,48	 x10:0x00000006 x17=0x00000036
          18620	      9306	001001f0	00020e37	lui	x28,0x20	 x28=0x00020000
          18624	      9308	001001f4	011e2023	sw	x17,0(x28)	 x28:0x00020000 x17:0x00000036 PA:0x00020000 store:0x00000036 load:0x00000000
          18628	      9310	001001f8	00008067	jalr	x0,0(x1)	  x1:0x001013b8  x0=0x00000000
          18630	      9311	001013b8	a18b0513	addi	x10,x22,-1512	 x22:0x00102000 x10=0x00101a18
          18634	      9313	001013bc	ce5fe0ef	jal	x1,1000a0	  x1=0x001013c0
          18638	      9315	001000a0	00054803	lbu	x16,0(x10)	 x10:0x00101a18 x16=0x00000020 PA:0x00101a18 store:0x00000000
          18640	      9316	001000a4	06080663	beq	x16,x0,100110	 x16:0x00000020  x0:0x00000000
          18642	      9317	001000a8	000207b7	lui	x15,0x20	 x15=0x00020000
          18646	      9319	001000ac	0107a023	sw	x16,0(x15)	 x15:0x00020000 x16:0x00000020 PA:0x00020000 store:0x00000020 load:0x00000000
          18650	      9321	001000b0	00154703	lbu	x14,1(x10)	 x10:0x00101a18 x14=0x00000072 PA:0x00101a19 store:0x001013c0
          18652	      9322	001000b4	04070e63	beq	x14,x0,100110	 x14:0x00000072  x0:0x00000000
          18656	      9324	001000b8	00e7a023	sw	x14,0(x15)	 x15:0x00020000 x14:0x00000072 PA:0x00020000 store:0x00000072 load:0x00000000
          18660	      9326	001000bc	00254283	lbu	x5,2(x10)	 x10:0x00101a18  x5=0x00000065 PA:0x00101a1a store:0x00137fa0
          18662	      9327	001000c0	04028863	beq	x5,x0,100110	  x5:0x00000065  x0:0x00000000
          18666	      9329	001000c4	0057a023	sw	x5,0(x15)	 x15:0x00020000  x5:0x00000065 PA:0x00020000 store:0x00000065 load:0x00000000
          18670	      9331	001000c8	00354303	lbu	x6,3(x10)	 x10:0x00101a18  x6=0x00000073 PA:0x00101a1b store:0x00000000
          18672	      9332	001000cc	04030263	beq	x6,x0,100110	  x6:0x00000073  x0:0x00000000
          18676	      9334	001000d0	0067a023	sw	x6,0(x15)	 x15:0x00020000  x6:0x00000073 PA:0x00020000 store:0x00000073 load:0x00000000
          18680	      9336	001000d4	00454383	lbu	x7,4(x10)	 x10:0x00101a18  x7=0x00000075 PA:0x00101a1c store:0x00000000
          18682	      9337	001000d8	02038c63	beq	x7,x0,100110	  x7:0x00000075  x0:0x00000000
          18686	      9339	001000dc	0077a023	sw	x7,0(x15)	 x15:0x00020000  x7:0x00000075 PA:0x00020000 store:0x00000075 load:0x00000000
          18690	      9341	001000e0	00554583	lbu	x11,5(x10)	 x10:0x00101a18 x11=0x0000006c PA:0x00101a1d store:0x00000065
          18692	      9342	001000e4	02058663	beq	x11,x0,100110	 x11:0x0000006c  x0:0x00000000
          18696	      9344	001000e8	00b7a023	sw	x11,0(x15)	 x15:0x00020000 x11:0x0000006c PA:0x00020000 store:0x0000006c load:0x00000000
          18700	      9346	001000ec	00654603	lbu	x12,6(x10)	 x10:0x00101a18 x12=0x00000074 PA:0x00101a1e store:0x00000073
          18702	      9347	001000f0	02060063	beq	x12,x0,100110	 x12:0x00000074  x0:0x00000000
          18706	      9349	001000f4	00c7a023	sw	x12,0(x15)	 x15:0x00020000 x12:0x00000074 PA:0x00020000 store:0x00000074 load:0x00000000
          18710	      9351	001000f8	00754683	lbu	x13,7(x10)	 x10:0x00101a18 x13=0x0000003a PA:0x00101a1f store:0x00000075
          18712	      9352	001000fc	00850513	addi	x10,x10,8	 x10:0x00101a18 x10=0x00101a20
          18714	      9353	00100100	00068863	beq	x13,x0,100110	 x13:0x0000003a  x0:0x00000000
          18718	      9355	00100104	00d7a023	sw	x13,0(x15)	 x15:0x00020000 x13:0x0000003a PA:0x00020000 store:0x0000003a load:0x00000000
          18722	      9357	00100108	00054803	lbu	x16,0(x10)	 x10:0x00101a20 x16=0x00000020 PA:0x00101a20 store:0x00000000
          18726	      9359	0010010c	fa0810e3	bne	x16,x0,1000ac	 x16:0x00000020  x0:0x00000000
          18732	      9362	001000ac	0107a023	sw	x16,0(x15)	 x15:0x00020000 x16:0x00000020 PA:0x00020000 store:0x00000020 load:0x00000000
          18736	      9364	001000b0	00154703	lbu	x14,1(x10)	 x10:0x00101a20 x14=0x00000000 PA:0x00101a21 store:0x001013c0
          18740	      9366	001000b4	04070e63	beq	x14,x0,100110	 x14:0x00000000  x0:0x00000000
          18744	      9368	00100110	00000513	addi	x10,x0,0	  x0:0x00000000 x10=0x00000000
          18748	      9370	00100114	00008067	jalr	x0,0(x1)	  x1:0x001013c0  x0=0x00000000
          18752	      9372	001013c0	cf8a2503	lw	x10,-776(x20)	 x20:0x00102000 x10=0x3f8650e8 PA:0x00101cf8 store:0x00000004
          18754	      9373	001013c4	003c0d93	addi	x27,x24,3	 x24:0x00000004 x27=0x00000007
          18756	      9374	001013c8	004c0c13	addi	x24,x24,4	 x24:0x00000004 x24=0x00000008
          18760	      9376	001013cc	d55fe0ef	jal	x1,100120	  x1=0x001013d0
          18762	      9377	00100120	01c55793	srli	x15,x10,0x1c	 x10:0x3f8650e8 x15=0x00000003
          18764	      9378	00100124	00900713	addi	x14,x0,9	  x0:0x00000000 x14=0x00000009
          18768	      9380	00100128	0cf77a63	bgeu	x14,x15,1001fc	 x14:0x00000009 x15:0x00000003
          18772	      9382	001001fc	03078393	addi	x7,x15,48	 x15:0x00000003  x7=0x00000033
          18774	      9383	00100200	000205b7	lui	x11,0x20	 x11=0x00020000
          18776	      9384	00100204	00451613	slli	x12,x10,0x4	 x10:0x3f8650e8 x12=0xf8650e80
          18780	      9386	00100208	0075a023	sw	x7,0(x11)	 x11:0x00020000  x7:0x00000033 PA:0x00020000 store:0x00000033 load:0x00000000
          18782	      9387	0010020c	01c65693	srli	x13,x12,0x1c	 x12:0xf8650e80 x13=0x0000000f
          18784	      9388	00100210	00900813	addi	x16,x0,9	  x0:0x00000000 x16=0x00000009
          18788	      9390	00100214	f2d86ae3	bltu	x16,x13,100148	 x16:0x00000009 x13:0x0000000f
          18792	      9392	00100148	03768893	addi	x17,x13,55	 x13:0x0000000f x17=0x00000046
          18794	      9393	0010014c	00020e37	lui	x28,0x20	 x28=0x00020000
          18796	      9394	00100150	00851f93	slli	x31,x10,0x8	 x10:0x3f8650e8 x31=0x8650e800
          18800	      9396	00100154	011e2023	sw	x17,0(x28)	 x28:0x00020000 x17:0x00000046 PA:0x00020000 store:0x00000046 load:0x00000000
          18802	      9397	00100158	01cfd793	srli	x15,x31,0x1c	 x31:0x8650e800 x15=0x00000008
          18804	      9398	0010015c	00900713	addi	x14,x0,9	  x0:0x00000000 x14=0x00000009
          18808	      9400	00100160	0cf77a63	bgeu	x14,x15,100234	 x14:0x00000009 x15:0x00000008
          18812	      9402	00100234	03078393	addi	x7,x15,48	 x15:0x00000008  x7=0x00000038
          18814	      9403	00100238	000205b7	lui	x11,0x20	 x11=0x00020000
          18816	      9404	0010023c	00c51613	slli	x12,x10,0xc	 x10:0x3f8650e8 x12=0x650e8000
          18820	      9406	00100240	0075a023	sw	x7,0(x11)	 x11:0x00020000  x7:0x00000038 PA:0x00020000 store:0x00000038 load:0x00000000
          18822	      9407	00100244	01c65693	srli	x13,x12,0x1c	 x12:0x650e8000 x13=0x00000006
          18824	      9408	00100248	00900813	addi	x16,x0,9	  x0:0x00000000 x16=0x00000009
          18826	      9409	0010024c	f2d86ae3	bltu	x16,x13,100180	 x16:0x00000009 x13:0x00000006
          18828	      9410	00100250	03068e93	addi	x29,x13,48	 x13:0x00000006 x29=0x00000036
          18830	      9411	00100254	00020f37	lui	x30,0x20	 x30=0x00020000
          18832	      9412	00100258	01051f93	slli	x31,x10,0x10	 x10:0x3f8650e8 x31=0x50e80000
          18836	      9414	0010025c	01df2023	sw	x29,0(x30)	 x30:0x00020000 x29:0x00000036 PA:0x00020000 store:0x00000036 load:0x00000000
          18838	      9415	00100260	01cfd793	srli	x15,x31,0x1c	 x31:0x50e80000 x15=0x00000005
          18840	      9416	00100264	00900713	addi	x14,x0,9	  x0:0x00000000 x14=0x00000009
          18842	      9417	00100268	f2f76ae3	bltu	x14,x15,10019c	 x14:0x00000009 x15:0x00000005
          18844	      9418	0010026c	03078393	addi	x7,x15,48	 x15:0x00000005  x7=0x00000035
          18846	      9419	00100270	000205b7	lui	x11,0x20	 x11=0x00020000
          18848	      9420	00100274	01451613	slli	x12,x10,0x14	 x10:0x3f8650e8 x12=0x0e800000
          18852	      9422	00100278	0075a023	sw	x7,0(x11)	 x11:0x00020000  x7:0x00000035 PA:0x00020000 store:0x00000035 load:0x00000000
          18854	      9423	0010027c	01c65693	srli	x13,x12,0x1c	 x12:0x0e800000 x13=0x00000000
          18856	      9424	00100280	00900813	addi	x16,x0,9	  x0:0x00000000 x16=0x00000009
          18858	      9425	00100284	f2d86ae3	bltu	x16,x13,1001b8	 x16:0x00000009 x13:0x00000000
          18860	      9426	00100288	03068e93	addi	x29,x13,48	 x13:0x00000000 x29=0x00000030
          18862	      9427	0010028c	00020f37	lui	x30,0x20	 x30=0x00020000
          18864	      9428	00100290	01851f93	slli	x31,x10,0x18	 x10:0x3f8650e8 x31=0xe8000000
          18868	      9430	00100294	01df2023	sw	x29,0(x30)	 x30:0x00020000 x29:0x00000030 PA:0x00020000 store:0x00000030 load:0x00000000
          18870	      9431	00100298	01cfd793	srli	x15,x31,0x1c	 x31:0xe8000000 x15=0x0000000e
          18872	      9432	0010029c	00900713	addi	x14,x0,9	  x0:0x00000000 x14=0x00000009
          18876	      9434	001002a0	f2f76ae3	bltu	x14,x15,1001d4	 x14:0x00000009 x15:0x0000000e
          18880	      9436	001001d4	03778293	addi	x5,x15,55	 x15:0x0000000e  x5=0x00000045
          18882	      9437	001001d8	00020337	lui	x6,0x20	  x6=0x00020000
          18886	      9439	001001dc	00532023	sw	x5,0(x6)	  x6:0x00020000  x5:0x00000045 PA:0x00020000 store:0x00000045 load:0x00000000
          18888	      9440	001001e0	00f57513	andi	x10,x10,15	 x10:0x3f8650e8 x10=0x00000008
          18890	      9441	001001e4	00900613	addi	x12,x0,9	  x0:0x00000000 x12=0x00000009
          18892	      9442	001001e8	0ca66a63	bltu	x12,x10,1002bc	 x12:0x00000009 x10:0x00000008
          18894	      9443	001001ec	03050893	addi	x17,x10,48	 x10:0x00000008 x17=0x00000038
          18896	      9444	001001f0	00020e37	lui	x28,0x20	 x28=0x00020000
          18900	      9446	001001f4	011e2023	sw	x17,0(x28)	 x28:0x00020000 x17:0x00000038 PA:0x00020000 store:0x00000038 load:0x00000000
          18904	      9448	001001f8	00008067	jalr	x0,0(x1)	  x1:0x001013d0  x0=0x00000000
          18912	      9452	001013d0	a10a8513	addi	x10,x21,-1520	 x21:0x00102000 x10=0x00101a10
          18914	      9453	001013d4	d089a987	flw	f19,-760(x19)	 f19:0x00102000 f19=0x00000000 PA:0x00101d08 store:0x3f9b3246
          18934	      9463	001013d8	5809fa53	fsqrt.s	f20,f19	 f19:0x00102000 f20=0x00000000
          18938	      9465	001013dc	d149a427	fsw	f20,-760(x19)	 f19:0x00102000 f20:0x00102000 PA:0x00101d08 store:0x3f831eb8 load:0x3f8650e8
          18942	      9467	001013e0	d089aa87	flw	f21,-760(x19)	 f19:0x00102000 f21=0x00000000 PA:0x00101d08 store:0x3f9b3246
          18944	      9468	001013e4	e00a82d3	fmv.x.w	x5,f21	 f21:0x00102000  x5=0x3f831eb8
          18946	      9469	001013e8	ce5a2c23	sw	x5,-776(x20)	 x20:0x00102000  x5:0x3f831eb8 PA:0x00101cf8 store:0x3f831eb8 load:0x3f831eb8
          18950	      9471	001013ec	cb5fe0ef	jal	x1,1000a0	  x1=0x001013f0
          18954	      9473	001000a0	00054803	lbu	x16,0(x10)	 x10:0x00101a10 x16=0x0000000a PA:0x00101a10 store:0x00000000
          18956	      9474	001000a4	06080663	beq	x16,x0,100110	 x16:0x0000000a  x0:0x00000000
          18958	      9475	001000a8	000207b7	lui	x15,0x20	 x15=0x00020000
          18962	      9477	001000ac	0107a023	sw	x16,0(x15)	 x15:0x00020000 x16:0x0000000a PA:0x00020000 store:0x0000000a load:0x00000000
          18966	      9479	001000b0	00154703	lbu	x14,1(x10)	 x10:0x00101a10 x14=0x00000020 PA:0x00101a11 store:0x001013f0
          18968	      9480	001000b4	04070e63	beq	x14,x0,100110	 x14:0x00000020  x0:0x00000000
          18972	      9482	001000b8	00e7a023	sw	x14,0(x15)	 x15:0x00020000 x14:0x00000020 PA:0x00020000 store:0x00000020 load:0x00000000
          18976	      9484	001000bc	00254283	lbu	x5,2(x10)	 x10:0x00101a10  x5=0x00000069 PA:0x00101a12 store:0x00137fa0
          18978	      9485	001000c0	04028863	beq	x5,x0,100110	  x5:0x00000069  x0:0x00000000
          18982	      9487	001000c4	0057a023	sw	x5,0(x15)	 x15:0x00020000  x5:0x00000069 PA:0x00020000 store:0x00000069 load:0x00000000
          18986	      9489	001000c8	00354303	lbu	x6,3(x10)	 x10:0x00101a10  x6=0x0000003d PA:0x00101a13 store:0x00000000
          18988	      9490	001000cc	04030263	beq	x6,x0,100110	  x6:0x0000003d  x0:0x00000000
          18992	      9492	001000d0	0067a023	sw	x6,0(x15)	 x15:0x00020000  x6:0x0000003d PA:0x00020000 store:0x0000003d load:0x00000000
          18996	      9494	001000d4	00454383	lbu	x7,4(x10)	 x10:0x00101a10  x7=0x00000000 PA:0x00101a14 store:0x00000000
          19000	      9496	001000d8	02038c63	beq	x7,x0,100110	  x7:0x00000000  x0:0x00000000
          19004	      9498	00100110	00000513	addi	x10,x0,0	  x0:0x00000000 x10=0x00000000
          19008	      9500	00100114	00008067	jalr	x0,0(x1)	  x1:0x001013f0  x0=0x00000000
          19010	      9501	001013f0	000d8513	addi	x10,x27,0	 x27:0x00000007 x10=0x00000007
          19014	      9503	001013f4	d2dfe0ef	jal	x1,100120	  x1=0x001013f8
          19016	      9504	00100120	01c55793	srli	x15,x10,0x1c	 x10:0x00000007 x15=0x00000000
          19018	      9505	00100124	00900713	addi	x14,x0,9	  x0:0x00000000 x14=0x00000009
          19022	      9507	00100128	0cf77a63	bgeu	x14,x15,1001fc	 x14:0x00000009 x15:0x00000000
          19026	      9509	001001fc	03078393	addi	x7,x15,48	 x15:0x00000000  x7=0x00000030
          19028	      9510	00100200	000205b7	lui	x11,0x20	 x11=0x00020000
          19030	      9511	00100204	00451613	slli	x12,x10,0x4	 x10:0x00000007 x12=0x00000070
          19034	      9513	00100208	0075a023	sw	x7,0(x11)	 x11:0x00020000  x7:0x00000030 PA:0x00020000 store:0x00000030 load:0x00000000
          19036	      9514	0010020c	01c65693	srli	x13,x12,0x1c	 x12:0x00000070 x13=0x00000000
          19038	      9515	00100210	00900813	addi	x16,x0,9	  x0:0x00000000 x16=0x00000009
          19040	      9516	00100214	f2d86ae3	bltu	x16,x13,100148	 x16:0x00000009 x13:0x00000000
          19042	      9517	00100218	03068e93	addi	x29,x13,48	 x13:0x00000000 x29=0x00000030
          19044	      9518	0010021c	00020f37	lui	x30,0x20	 x30=0x00020000
          19046	      9519	00100220	00851f93	slli	x31,x10,0x8	 x10:0x00000007 x31=0x00000700
          19050	      9521	00100224	01df2023	sw	x29,0(x30)	 x30:0x00020000 x29:0x00000030 PA:0x00020000 store:0x00000030 load:0x00000000
          19052	      9522	00100228	01cfd793	srli	x15,x31,0x1c	 x31:0x00000700 x15=0x00000000
          19054	      9523	0010022c	00900713	addi	x14,x0,9	  x0:0x00000000 x14=0x00000009
          19056	      9524	00100230	f2f76ae3	bltu	x14,x15,100164	 x14:0x00000009 x15:0x00000000
          19058	      9525	00100234	03078393	addi	x7,x15,48	 x15:0x00000000  x7=0x00000030
          19060	      9526	00100238	000205b7	lui	x11,0x20	 x11=0x00020000
          19062	      9527	0010023c	00c51613	slli	x12,x10,0xc	 x10:0x00000007 x12=0x00007000
          19066	      9529	00100240	0075a023	sw	x7,0(x11)	 x11:0x00020000  x7:0x00000030 PA:0x00020000 store:0x00000030 load:0x00000000
          19068	      9530	00100244	01c65693	srli	x13,x12,0x1c	 x12:0x00007000 x13=0x00000000
          19070	      9531	00100248	00900813	addi	x16,x0,9	  x0:0x00000000 x16=0x00000009
          19072	      9532	0010024c	f2d86ae3	bltu	x16,x13,100180	 x16:0x00000009 x13:0x00000000
          19074	      9533	00100250	03068e93	addi	x29,x13,48	 x13:0x00000000 x29=0x00000030
          19076	      9534	00100254	00020f37	lui	x30,0x20	 x30=0x00020000
          19078	      9535	00100258	01051f93	slli	x31,x10,0x10	 x10:0x00000007 x31=0x00070000
          19082	      9537	0010025c	01df2023	sw	x29,0(x30)	 x30:0x00020000 x29:0x00000030 PA:0x00020000 store:0x00000030 load:0x00000000
          19084	      9538	00100260	01cfd793	srli	x15,x31,0x1c	 x31:0x00070000 x15=0x00000000
          19086	      9539	00100264	00900713	addi	x14,x0,9	  x0:0x00000000 x14=0x00000009
          19088	      9540	00100268	f2f76ae3	bltu	x14,x15,10019c	 x14:0x00000009 x15:0x00000000
          19090	      9541	0010026c	03078393	addi	x7,x15,48	 x15:0x00000000  x7=0x00000030
          19092	      9542	00100270	000205b7	lui	x11,0x20	 x11=0x00020000
          19094	      9543	00100274	01451613	slli	x12,x10,0x14	 x10:0x00000007 x12=0x00700000
          19098	      9545	00100278	0075a023	sw	x7,0(x11)	 x11:0x00020000  x7:0x00000030 PA:0x00020000 store:0x00000030 load:0x00000000
          19100	      9546	0010027c	01c65693	srli	x13,x12,0x1c	 x12:0x00700000 x13=0x00000000
          19102	      9547	00100280	00900813	addi	x16,x0,9	  x0:0x00000000 x16=0x00000009
          19104	      9548	00100284	f2d86ae3	bltu	x16,x13,1001b8	 x16:0x00000009 x13:0x00000000
          19106	      9549	00100288	03068e93	addi	x29,x13,48	 x13:0x00000000 x29=0x00000030
          19108	      9550	0010028c	00020f37	lui	x30,0x20	 x30=0x00020000
          19110	      9551	00100290	01851f93	slli	x31,x10,0x18	 x10:0x00000007 x31=0x07000000
          19114	      9553	00100294	01df2023	sw	x29,0(x30)	 x30:0x00020000 x29:0x00000030 PA:0x00020000 store:0x00000030 load:0x00000000
          19116	      9554	00100298	01cfd793	srli	x15,x31,0x1c	 x31:0x07000000 x15=0x00000000
          19118	      9555	0010029c	00900713	addi	x14,x0,9	  x0:0x00000000 x14=0x00000009
          19120	      9556	001002a0	f2f76ae3	bltu	x14,x15,1001d4	 x14:0x00000009 x15:0x00000000
          19122	      9557	001002a4	03078393	addi	x7,x15,48	 x15:0x00000000  x7=0x00000030
          19124	      9558	001002a8	000205b7	lui	x11,0x20	 x11=0x00020000
          19128	      9560	001002ac	0075a023	sw	x7,0(x11)	 x11:0x00020000  x7:0x00000030 PA:0x00020000 store:0x00000030 load:0x00000000
          19130	      9561	001002b0	00f57513	andi	x10,x10,15	 x10:0x00000007 x10=0x00000007
          19132	      9562	001002b4	00900613	addi	x12,x0,9	  x0:0x00000000 x12=0x00000009
          19136	      9564	001002b8	f2a67ae3	bgeu	x12,x10,1001ec	 x12:0x00000009 x10:0x00000007
          19140	      9566	001001ec	03050893	addi	x17,x10,48	 x10:0x00000007 x17=0x00000037
          19142	      9567	001001f0	00020e37	lui	x28,0x20	 x28=0x00020000
          19146	      9569	001001f4	011e2023	sw	x17,0(x28)	 x28:0x00020000 x17:0x00000037 PA:0x00020000 store:0x00000037 load:0x00000000
          19150	      9571	001001f8	00008067	jalr	x0,0(x1)	  x1:0x001013f8  x0=0x00000000
          19152	      9572	001013f8	a18b0513	addi	x10,x22,-1512	 x22:0x00102000 x10=0x00101a18
          19156	      9574	001013fc	ca5fe0ef	jal	x1,1000a0	  x1=0x00101400
          19160	      9576	001000a0	00054803	lbu	x16,0(x10)	 x10:0x00101a18 x16=0x00000020 PA:0x00101a18 store:0x00000000
          19162	      9577	001000a4	06080663	beq	x16,x0,100110	 x16:0x00000020  x0:0x00000000
          19164	      9578	001000a8	000207b7	lui	x15,0x20	 x15=0x00020000
          19168	      9580	001000ac	0107a023	sw	x16,0(x15)	 x15:0x00020000 x16:0x00000020 PA:0x00020000 store:0x00000020 load:0x00000000
          19172	      9582	001000b0	00154703	lbu	x14,1(x10)	 x10:0x00101a18 x14=0x00000072 PA:0x00101a19 store:0x00101400
          19174	      9583	001000b4	04070e63	beq	x14,x0,100110	 x14:0x00000072  x0:0x00000000
          19178	      9585	001000b8	00e7a023	sw	x14,0(x15)	 x15:0x00020000 x14:0x00000072 PA:0x00020000 store:0x00000072 load:0x00000000
          19182	      9587	001000bc	00254283	lbu	x5,2(x10)	 x10:0x00101a18  x5=0x00000065 PA:0x00101a1a store:0x00137fa0
          19184	      9588	001000c0	04028863	beq	x5,x0,100110	  x5:0x00000065  x0:0x00000000
          19188	      9590	001000c4	0057a023	sw	x5,0(x15)	 x15:0x00020000  x5:0x00000065 PA:0x00020000 store:0x00000065 load:0x00000000
          19192	      9592	001000c8	00354303	lbu	x6,3(x10)	 x10:0x00101a18  x6=0x00000073 PA:0x00101a1b store:0x00000000
          19194	      9593	001000cc	04030263	beq	x6,x0,100110	  x6:0x00000073  x0:0x00000000
          19198	      9595	001000d0	0067a023	sw	x6,0(x15)	 x15:0x00020000  x6:0x00000073 PA:0x00020000 store:0x00000073 load:0x00000000
          19202	      9597	001000d4	00454383	lbu	x7,4(x10)	 x10:0x00101a18  x7=0x00000075 PA:0x00101a1c store:0x00000000
          19204	      9598	001000d8	02038c63	beq	x7,x0,100110	  x7:0x00000075  x0:0x00000000
          19208	      9600	001000dc	0077a023	sw	x7,0(x15)	 x15:0x00020000  x7:0x00000075 PA:0x00020000 store:0x00000075 load:0x00000000
          19212	      9602	001000e0	00554583	lbu	x11,5(x10)	 x10:0x00101a18 x11=0x0000006c PA:0x00101a1d store:0x00000065
          19214	      9603	001000e4	02058663	beq	x11,x0,100110	 x11:0x0000006c  x0:0x00000000
          19218	      9605	001000e8	00b7a023	sw	x11,0(x15)	 x15:0x00020000 x11:0x0000006c PA:0x00020000 store:0x0000006c load:0x00000000
          19222	      9607	001000ec	00654603	lbu	x12,6(x10)	 x10:0x00101a18 x12=0x00000074 PA:0x00101a1e store:0x00000073
          19224	      9608	001000f0	02060063	beq	x12,x0,100110	 x12:0x00000074  x0:0x00000000
          19228	      9610	001000f4	00c7a023	sw	x12,0(x15)	 x15:0x00020000 x12:0x00000074 PA:0x00020000 store:0x00000074 load:0x00000000
          19232	      9612	001000f8	00754683	lbu	x13,7(x10)	 x10:0x00101a18 x13=0x0000003a PA:0x00101a1f store:0x00000075
          19234	      9613	001000fc	00850513	addi	x10,x10,8	 x10:0x00101a18 x10=0x00101a20
          19236	      9614	00100100	00068863	beq	x13,x0,100110	 x13:0x0000003a  x0:0x00000000
          19240	      9616	00100104	00d7a023	sw	x13,0(x15)	 x15:0x00020000 x13:0x0000003a PA:0x00020000 store:0x0000003a load:0x00000000
          19244	      9618	00100108	00054803	lbu	x16,0(x10)	 x10:0x00101a20 x16=0x00000020 PA:0x00101a20 store:0x00000000
          19248	      9620	0010010c	fa0810e3	bne	x16,x0,1000ac	 x16:0x00000020  x0:0x00000000
          19254	      9623	001000ac	0107a023	sw	x16,0(x15)	 x15:0x00020000 x16:0x00000020 PA:0x00020000 store:0x00000020 load:0x00000000
          19258	      9625	001000b0	00154703	lbu	x14,1(x10)	 x10:0x00101a20 x14=0x00000000 PA:0x00101a21 store:0x00101400
          19262	      9627	001000b4	04070e63	beq	x14,x0,100110	 x14:0x00000000  x0:0x00000000
          19266	      9629	00100110	00000513	addi	x10,x0,0	  x0:0x00000000 x10=0x00000000
          19270	      9631	00100114	00008067	jalr	x0,0(x1)	  x1:0x00101400  x0=0x00000000
          19274	      9633	00101400	cf8a2503	lw	x10,-776(x20)	 x20:0x00102000 x10=0x3f831eb8 PA:0x00101cf8 store:0x00000008
          19278	      9635	00101404	d1dfe0ef	jal	x1,100120	  x1=0x00101408
          19280	      9636	00100120	01c55793	srli	x15,x10,0x1c	 x10:0x3f831eb8 x15=0x00000003
          19282	      9637	00100124	00900713	addi	x14,x0,9	  x0:0x00000000 x14=0x00000009
          19286	      9639	00100128	0cf77a63	bgeu	x14,x15,1001fc	 x14:0x00000009 x15:0x00000003
          19290	      9641	001001fc	03078393	addi	x7,x15,48	 x15:0x00000003  x7=0x00000033
          19292	      9642	00100200	000205b7	lui	x11,0x20	 x11=0x00020000
          19294	      9643	00100204	00451613	slli	x12,x10,0x4	 x10:0x3f831eb8 x12=0xf831eb80
          19298	      9645	00100208	0075a023	sw	x7,0(x11)	 x11:0x00020000  x7:0x00000033 PA:0x00020000 store:0x00000033 load:0x00000000
          19300	      9646	0010020c	01c65693	srli	x13,x12,0x1c	 x12:0xf831eb80 x13=0x0000000f
          19302	      9647	00100210	00900813	addi	x16,x0,9	  x0:0x00000000 x16=0x00000009
          19306	      9649	00100214	f2d86ae3	bltu	x16,x13,100148	 x16:0x00000009 x13:0x0000000f
          19310	      9651	00100148	03768893	addi	x17,x13,55	 x13:0x0000000f x17=0x00000046
          19312	      9652	0010014c	00020e37	lui	x28,0x20	 x28=0x00020000
          19314	      9653	00100150	00851f93	slli	x31,x10,0x8	 x10:0x3f831eb8 x31=0x831eb800
          19318	      9655	00100154	011e2023	sw	x17,0(x28)	 x28:0x00020000 x17:0x00000046 PA:0x00020000 store:0x00000046 load:0x00000000
          19320	      9656	00100158	01cfd793	srli	x15,x31,0x1c	 x31:0x831eb800 x15=0x00000008
          19322	      9657	0010015c	00900713	addi	x14,x0,9	  x0:0x00000000 x14=0x00000009
          19326	      9659	00100160	0cf77a63	bgeu	x14,x15,100234	 x14:0x00000009 x15:0x00000008
          19330	      9661	00100234	03078393	addi	x7,x15,48	 x15:0x00000008  x7=0x00000038
          19332	      9662	00100238	000205b7	lui	x11,0x20	 x11=0x00020000
          19334	      9663	0010023c	00c51613	slli	x12,x10,0xc	 x10:0x3f831eb8 x12=0x31eb8000
          19338	      9665	00100240	0075a023	sw	x7,0(x11)	 x11:0x00020000  x7:0x00000038 PA:0x00020000 store:0x00000038 load:0x00000000
          19340	      9666	00100244	01c65693	srli	x13,x12,0x1c	 x12:0x31eb8000 x13=0x00000003
          19342	      9667	00100248	00900813	addi	x16,x0,9	  x0:0x00000000 x16=0x00000009
          19344	      9668	0010024c	f2d86ae3	bltu	x16,x13,100180	 x16:0x00000009 x13:0x00000003
          19346	      9669	00100250	03068e93	addi	x29,x13,48	 x13:0x00000003 x29=0x00000033
          19348	      9670	00100254	00020f37	lui	x30,0x20	 x30=0x00020000
          19350	      9671	00100258	01051f93	slli	x31,x10,0x10	 x10:0x3f831eb8 x31=0x1eb80000
          19354	      9673	0010025c	01df2023	sw	x29,0(x30)	 x30:0x00020000 x29:0x00000033 PA:0x00020000 store:0x00000033 load:0x00000000
          19356	      9674	00100260	01cfd793	srli	x15,x31,0x1c	 x31:0x1eb80000 x15=0x00000001
          19358	      9675	00100264	00900713	addi	x14,x0,9	  x0:0x00000000 x14=0x00000009
          19360	      9676	00100268	f2f76ae3	bltu	x14,x15,10019c	 x14:0x00000009 x15:0x00000001
          19362	      9677	0010026c	03078393	addi	x7,x15,48	 x15:0x00000001  x7=0x00000031
          19364	      9678	00100270	000205b7	lui	x11,0x20	 x11=0x00020000
          19366	      9679	00100274	01451613	slli	x12,x10,0x14	 x10:0x3f831eb8 x12=0xeb800000
          19370	      9681	00100278	0075a023	sw	x7,0(x11)	 x11:0x00020000  x7:0x00000031 PA:0x00020000 store:0x00000031 load:0x00000000
          19372	      9682	0010027c	01c65693	srli	x13,x12,0x1c	 x12:0xeb800000 x13=0x0000000e
          19374	      9683	00100280	00900813	addi	x16,x0,9	  x0:0x00000000 x16=0x00000009
          19378	      9685	00100284	f2d86ae3	bltu	x16,x13,1001b8	 x16:0x00000009 x13:0x0000000e
          19382	      9687	001001b8	03768893	addi	x17,x13,55	 x13:0x0000000e x17=0x00000045
          19384	      9688	001001bc	00020e37	lui	x28,0x20	 x28=0x00020000
          19386	      9689	001001c0	01851f93	slli	x31,x10,0x18	 x10:0x3f831eb8 x31=0xb8000000
          19390	      9691	001001c4	011e2023	sw	x17,0(x28)	 x28:0x00020000 x17:0x00000045 PA:0x00020000 store:0x00000045 load:0x00000000
          19392	      9692	001001c8	01cfd793	srli	x15,x31,0x1c	 x31:0xb8000000 x15=0x0000000b
          19394	      9693	001001cc	00900713	addi	x14,x0,9	  x0:0x00000000 x14=0x00000009
          19396	      9694	001001d0	0cf77a63	bgeu	x14,x15,1002a4	 x14:0x00000009 x15:0x0000000b
          19398	      9695	001001d4	03778293	addi	x5,x15,55	 x15:0x0000000b  x5=0x00000042
          19400	      9696	001001d8	00020337	lui	x6,0x20	  x6=0x00020000
          19404	      9698	001001dc	00532023	sw	x5,0(x6)	  x6:0x00020000  x5:0x00000042 PA:0x00020000 store:0x00000042 load:0x00000000
          19406	      9699	001001e0	00f57513	andi	x10,x10,15	 x10:0x3f831eb8 x10=0x00000008
          19408	      9700	001001e4	00900613	addi	x12,x0,9	  x0:0x00000000 x12=0x00000009
          19410	      9701	001001e8	0ca66a63	bltu	x12,x10,1002bc	 x12:0x00000009 x10:0x00000008
          19412	      9702	001001ec	03050893	addi	x17,x10,48	 x10:0x00000008 x17=0x00000038
          19414	      9703	001001f0	00020e37	lui	x28,0x20	 x28=0x00020000
          19418	      9705	001001f4	011e2023	sw	x17,0(x28)	 x28:0x00020000 x17:0x00000038 PA:0x00020000 store:0x00000038 load:0x00000000
          19422	      9707	001001f8	00008067	jalr	x0,0(x1)	  x1:0x00101408  x0=0x00000000
          19426	      9709	00101408	f1ac18e3	bne	x24,x26,101318	 x24:0x00000008 x26:0x00000014
          19434	      9713	00101318	d089a607	flw	f12,-760(x19)	 f19:0x00102000 f12=0x00000000 PA:0x00101d08 store:0x3f9b3246
          19456	      9724	0010131c	580676d3	fsqrt.s	f13,f12	 f12:0x00000009 f13=0x00000000
          19460	      9726	00101320	d0d9a427	fsw	f13,-760(x19)	 f19:0x00102000 f13:0x0000000e PA:0x00101d08 store:0x3f818cf4 load:0x3f831eb8
          19464	      9728	00101324	d089a387	flw	f7,-760(x19)	 f19:0x00102000  f7=0x00000000 PA:0x00101d08 store:0x3f9b3246
          19468	      9730	00101328	a10a8513	addi	x10,x21,-1520	 x21:0x00102000 x10=0x00101a10
          19470	      9731	0010132c	e00386d3	fmv.x.w	x13,f7	  f7:0x00000031 x13=0x3f818cf4
          19472	      9732	00101330	ceda2c23	sw	x13,-776(x20)	 x20:0x00102000 x13:0x3f818cf4 PA:0x00101cf8 store:0x3f818cf4 load:0x3f818cf4
          19474	      9733	00101334	d6dfe0ef	jal	x1,1000a0	  x1=0x00101338
          19478	      9735	001000a0	00054803	lbu	x16,0(x10)	 x10:0x00101a10 x16=0x0000000a PA:0x00101a10 store:0x00000000
          19480	      9736	001000a4	06080663	beq	x16,x0,100110	 x16:0x0000000a  x0:0x00000000
          19482	      9737	001000a8	000207b7	lui	x15,0x20	 x15=0x00020000
          19486	      9739	001000ac	0107a023	sw	x16,0(x15)	 x15:0x00020000 x16:0x0000000a PA:0x00020000 store:0x0000000a load:0x00000000
          19490	      9741	001000b0	00154703	lbu	x14,1(x10)	 x10:0x00101a10 x14=0x00000020 PA:0x00101a11 store:0x00101338
          19492	      9742	001000b4	04070e63	beq	x14,x0,100110	 x14:0x00000020  x0:0x00000000
          19496	      9744	001000b8	00e7a023	sw	x14,0(x15)	 x15:0x00020000 x14:0x00000020 PA:0x00020000 store:0x00000020 load:0x00000000
          19500	      9746	001000bc	00254283	lbu	x5,2(x10)	 x10:0x00101a10  x5=0x00000069 PA:0x00101a12 store:0x00137fa0
          19502	      9747	001000c0	04028863	beq	x5,x0,100110	  x5:0x00000069  x0:0x00000000
          19506	      9749	001000c4	0057a023	sw	x5,0(x15)	 x15:0x00020000  x5:0x00000069 PA:0x00020000 store:0x00000069 load:0x00000000
          19510	      9751	001000c8	00354303	lbu	x6,3(x10)	 x10:0x00101a10  x6=0x0000003d PA:0x00101a13 store:0x00000000
          19512	      9752	001000cc	04030263	beq	x6,x0,100110	  x6:0x0000003d  x0:0x00000000
          19516	      9754	001000d0	0067a023	sw	x6,0(x15)	 x15:0x00020000  x6:0x0000003d PA:0x00020000 store:0x0000003d load:0x00000000
          19520	      9756	001000d4	00454383	lbu	x7,4(x10)	 x10:0x00101a10  x7=0x00000000 PA:0x00101a14 store:0x00000000
          19524	      9758	001000d8	02038c63	beq	x7,x0,100110	  x7:0x00000000  x0:0x00000000
          19528	      9760	00100110	00000513	addi	x10,x0,0	  x0:0x00000000 x10=0x00000000
          19532	      9762	00100114	00008067	jalr	x0,0(x1)	  x1:0x00101338  x0=0x00000000
          19534	      9763	00101338	000c0513	addi	x10,x24,0	 x24:0x00000008 x10=0x00000008
          19538	      9765	0010133c	de5fe0ef	jal	x1,100120	  x1=0x00101340
          19540	      9766	00100120	01c55793	srli	x15,x10,0x1c	 x10:0x00000008 x15=0x00000000
          19542	      9767	00100124	00900713	addi	x14,x0,9	  x0:0x00000000 x14=0x00000009
          19546	      9769	00100128	0cf77a63	bgeu	x14,x15,1001fc	 x14:0x00000009 x15:0x00000000
          19550	      9771	001001fc	03078393	addi	x7,x15,48	 x15:0x00000000  x7=0x00000030
          19552	      9772	00100200	000205b7	lui	x11,0x20	 x11=0x00020000
          19554	      9773	00100204	00451613	slli	x12,x10,0x4	 x10:0x00000008 x12=0x00000080
          19558	      9775	00100208	0075a023	sw	x7,0(x11)	 x11:0x00020000  x7:0x00000030 PA:0x00020000 store:0x00000030 load:0x00000000
          19560	      9776	0010020c	01c65693	srli	x13,x12,0x1c	 x12:0x00000080 x13=0x00000000
          19562	      9777	00100210	00900813	addi	x16,x0,9	  x0:0x00000000 x16=0x00000009
          19564	      9778	00100214	f2d86ae3	bltu	x16,x13,100148	 x16:0x00000009 x13:0x00000000
          19566	      9779	00100218	03068e93	addi	x29,x13,48	 x13:0x00000000 x29=0x00000030
          19568	      9780	0010021c	00020f37	lui	x30,0x20	 x30=0x00020000
          19570	      9781	00100220	00851f93	slli	x31,x10,0x8	 x10:0x00000008 x31=0x00000800
          19574	      9783	00100224	01df2023	sw	x29,0(x30)	 x30:0x00020000 x29:0x00000030 PA:0x00020000 store:0x00000030 load:0x00000000
          19576	      9784	00100228	01cfd793	srli	x15,x31,0x1c	 x31:0x00000800 x15=0x00000000
          19578	      9785	0010022c	00900713	addi	x14,x0,9	  x0:0x00000000 x14=0x00000009
          19580	      9786	00100230	f2f76ae3	bltu	x14,x15,100164	 x14:0x00000009 x15:0x00000000
          19582	      9787	00100234	03078393	addi	x7,x15,48	 x15:0x00000000  x7=0x00000030
          19584	      9788	00100238	000205b7	lui	x11,0x20	 x11=0x00020000
          19586	      9789	0010023c	00c51613	slli	x12,x10,0xc	 x10:0x00000008 x12=0x00008000
          19590	      9791	00100240	0075a023	sw	x7,0(x11)	 x11:0x00020000  x7:0x00000030 PA:0x00020000 store:0x00000030 load:0x00000000
          19592	      9792	00100244	01c65693	srli	x13,x12,0x1c	 x12:0x00008000 x13=0x00000000
          19594	      9793	00100248	00900813	addi	x16,x0,9	  x0:0x00000000 x16=0x00000009
          19596	      9794	0010024c	f2d86ae3	bltu	x16,x13,100180	 x16:0x00000009 x13:0x00000000
          19598	      9795	00100250	03068e93	addi	x29,x13,48	 x13:0x00000000 x29=0x00000030
          19600	      9796	00100254	00020f37	lui	x30,0x20	 x30=0x00020000
          19602	      9797	00100258	01051f93	slli	x31,x10,0x10	 x10:0x00000008 x31=0x00080000
          19606	      9799	0010025c	01df2023	sw	x29,0(x30)	 x30:0x00020000 x29:0x00000030 PA:0x00020000 store:0x00000030 load:0x00000000
          19608	      9800	00100260	01cfd793	srli	x15,x31,0x1c	 x31:0x00080000 x15=0x00000000
          19610	      9801	00100264	00900713	addi	x14,x0,9	  x0:0x00000000 x14=0x00000009
          19612	      9802	00100268	f2f76ae3	bltu	x14,x15,10019c	 x14:0x00000009 x15:0x00000000
          19614	      9803	0010026c	03078393	addi	x7,x15,48	 x15:0x00000000  x7=0x00000030
          19616	      9804	00100270	000205b7	lui	x11,0x20	 x11=0x00020000
          19618	      9805	00100274	01451613	slli	x12,x10,0x14	 x10:0x00000008 x12=0x00800000
          19622	      9807	00100278	0075a023	sw	x7,0(x11)	 x11:0x00020000  x7:0x00000030 PA:0x00020000 store:0x00000030 load:0x00000000
          19624	      9808	0010027c	01c65693	srli	x13,x12,0x1c	 x12:0x00800000 x13=0x00000000
          19626	      9809	00100280	00900813	addi	x16,x0,9	  x0:0x00000000 x16=0x00000009
          19628	      9810	00100284	f2d86ae3	bltu	x16,x13,1001b8	 x16:0x00000009 x13:0x00000000
          19630	      9811	00100288	03068e93	addi	x29,x13,48	 x13:0x00000000 x29=0x00000030
          19632	      9812	0010028c	00020f37	lui	x30,0x20	 x30=0x00020000
          19634	      9813	00100290	01851f93	slli	x31,x10,0x18	 x10:0x00000008 x31=0x08000000
          19638	      9815	00100294	01df2023	sw	x29,0(x30)	 x30:0x00020000 x29:0x00000030 PA:0x00020000 store:0x00000030 load:0x00000000
          19640	      9816	00100298	01cfd793	srli	x15,x31,0x1c	 x31:0x08000000 x15=0x00000000
          19642	      9817	0010029c	00900713	addi	x14,x0,9	  x0:0x00000000 x14=0x00000009
          19644	      9818	001002a0	f2f76ae3	bltu	x14,x15,1001d4	 x14:0x00000009 x15:0x00000000
          19646	      9819	001002a4	03078393	addi	x7,x15,48	 x15:0x00000000  x7=0x00000030
          19648	      9820	001002a8	000205b7	lui	x11,0x20	 x11=0x00020000
          19652	      9822	001002ac	0075a023	sw	x7,0(x11)	 x11:0x00020000  x7:0x00000030 PA:0x00020000 store:0x00000030 load:0x00000000
          19654	      9823	001002b0	00f57513	andi	x10,x10,15	 x10:0x00000008 x10=0x00000008
          19656	      9824	001002b4	00900613	addi	x12,x0,9	  x0:0x00000000 x12=0x00000009
          19660	      9826	001002b8	f2a67ae3	bgeu	x12,x10,1001ec	 x12:0x00000009 x10:0x00000008
          19664	      9828	001001ec	03050893	addi	x17,x10,48	 x10:0x00000008 x17=0x00000038
          19666	      9829	001001f0	00020e37	lui	x28,0x20	 x28=0x00020000
          19670	      9831	001001f4	011e2023	sw	x17,0(x28)	 x28:0x00020000 x17:0x00000038 PA:0x00020000 store:0x00000038 load:0x00000000
          19674	      9833	001001f8	00008067	jalr	x0,0(x1)	  x1:0x00101340  x0=0x00000000
          19676	      9834	00101340	a18b0513	addi	x10,x22,-1512	 x22:0x00102000 x10=0x00101a18
          19680	      9836	00101344	d5dfe0ef	jal	x1,1000a0	  x1=0x00101348
          19684	      9838	001000a0	00054803	lbu	x16,0(x10)	 x10:0x00101a18 x16=0x00000020 PA:0x00101a18 store:0x00000000
          19686	      9839	001000a4	06080663	beq	x16,x0,100110	 x16:0x00000020  x0:0x00000000
          19688	      9840	001000a8	000207b7	lui	x15,0x20	 x15=0x00020000
          19692	      9842	001000ac	0107a023	sw	x16,0(x15)	 x15:0x00020000 x16:0x00000020 PA:0x00020000 store:0x00000020 load:0x00000000
          19696	      9844	001000b0	00154703	lbu	x14,1(x10)	 x10:0x00101a18 x14=0x00000072 PA:0x00101a19 store:0x00101348
          19698	      9845	001000b4	04070e63	beq	x14,x0,100110	 x14:0x00000072  x0:0x00000000
          19702	      9847	001000b8	00e7a023	sw	x14,0(x15)	 x15:0x00020000 x14:0x00000072 PA:0x00020000 store:0x00000072 load:0x00000000
          19706	      9849	001000bc	00254283	lbu	x5,2(x10)	 x10:0x00101a18  x5=0x00000065 PA:0x00101a1a store:0x00137fa0
          19708	      9850	001000c0	04028863	beq	x5,x0,100110	  x5:0x00000065  x0:0x00000000
          19712	      9852	001000c4	0057a023	sw	x5,0(x15)	 x15:0x00020000  x5:0x00000065 PA:0x00020000 store:0x00000065 load:0x00000000
          19716	      9854	001000c8	00354303	lbu	x6,3(x10)	 x10:0x00101a18  x6=0x00000073 PA:0x00101a1b store:0x00000000
          19718	      9855	001000cc	04030263	beq	x6,x0,100110	  x6:0x00000073  x0:0x00000000
          19722	      9857	001000d0	0067a023	sw	x6,0(x15)	 x15:0x00020000  x6:0x00000073 PA:0x00020000 store:0x00000073 load:0x00000000
          19726	      9859	001000d4	00454383	lbu	x7,4(x10)	 x10:0x00101a18  x7=0x00000075 PA:0x00101a1c store:0x00000000
          19728	      9860	001000d8	02038c63	beq	x7,x0,100110	  x7:0x00000075  x0:0x00000000
          19732	      9862	001000dc	0077a023	sw	x7,0(x15)	 x15:0x00020000  x7:0x00000075 PA:0x00020000 store:0x00000075 load:0x00000000
          19736	      9864	001000e0	00554583	lbu	x11,5(x10)	 x10:0x00101a18 x11=0x0000006c PA:0x00101a1d store:0x00000065
          19738	      9865	001000e4	02058663	beq	x11,x0,100110	 x11:0x0000006c  x0:0x00000000
          19742	      9867	001000e8	00b7a023	sw	x11,0(x15)	 x15:0x00020000 x11:0x0000006c PA:0x00020000 store:0x0000006c load:0x00000000
          19746	      9869	001000ec	00654603	lbu	x12,6(x10)	 x10:0x00101a18 x12=0x00000074 PA:0x00101a1e store:0x00000073
          19748	      9870	001000f0	02060063	beq	x12,x0,100110	 x12:0x00000074  x0:0x00000000
          19752	      9872	001000f4	00c7a023	sw	x12,0(x15)	 x15:0x00020000 x12:0x00000074 PA:0x00020000 store:0x00000074 load:0x00000000
          19756	      9874	001000f8	00754683	lbu	x13,7(x10)	 x10:0x00101a18 x13=0x0000003a PA:0x00101a1f store:0x00000075
          19758	      9875	001000fc	00850513	addi	x10,x10,8	 x10:0x00101a18 x10=0x00101a20
          19760	      9876	00100100	00068863	beq	x13,x0,100110	 x13:0x0000003a  x0:0x00000000
          19764	      9878	00100104	00d7a023	sw	x13,0(x15)	 x15:0x00020000 x13:0x0000003a PA:0x00020000 store:0x0000003a load:0x00000000
          19768	      9880	00100108	00054803	lbu	x16,0(x10)	 x10:0x00101a20 x16=0x00000020 PA:0x00101a20 store:0x00000000
          19772	      9882	0010010c	fa0810e3	bne	x16,x0,1000ac	 x16:0x00000020  x0:0x00000000
          19778	      9885	001000ac	0107a023	sw	x16,0(x15)	 x15:0x00020000 x16:0x00000020 PA:0x00020000 store:0x00000020 load:0x00000000
          19782	      9887	001000b0	00154703	lbu	x14,1(x10)	 x10:0x00101a20 x14=0x00000000 PA:0x00101a21 store:0x00101348
          19786	      9889	001000b4	04070e63	beq	x14,x0,100110	 x14:0x00000000  x0:0x00000000
          19790	      9891	00100110	00000513	addi	x10,x0,0	  x0:0x00000000 x10=0x00000000
          19794	      9893	00100114	00008067	jalr	x0,0(x1)	  x1:0x00101348  x0=0x00000000
          19798	      9895	00101348	cf8a2503	lw	x10,-776(x20)	 x20:0x00102000 x10=0x3f818cf4 PA:0x00101cf8 store:0x00000008
          19800	      9896	0010134c	001c0d93	addi	x27,x24,1	 x24:0x00000008 x27=0x00000009
          19804	      9898	00101350	dd1fe0ef	jal	x1,100120	  x1=0x00101354
          19806	      9899	00100120	01c55793	srli	x15,x10,0x1c	 x10:0x3f818cf4 x15=0x00000003
          19808	      9900	00100124	00900713	addi	x14,x0,9	  x0:0x00000000 x14=0x00000009
          19812	      9902	00100128	0cf77a63	bgeu	x14,x15,1001fc	 x14:0x00000009 x15:0x00000003
          19816	      9904	001001fc	03078393	addi	x7,x15,48	 x15:0x00000003  x7=0x00000033
          19818	      9905	00100200	000205b7	lui	x11,0x20	 x11=0x00020000
          19820	      9906	00100204	00451613	slli	x12,x10,0x4	 x10:0x3f818cf4 x12=0xf818cf40
          19824	      9908	00100208	0075a023	sw	x7,0(x11)	 x11:0x00020000  x7:0x00000033 PA:0x00020000 store:0x00000033 load:0x00000000
          19826	      9909	0010020c	01c65693	srli	x13,x12,0x1c	 x12:0xf818cf40 x13=0x0000000f
          19828	      9910	00100210	00900813	addi	x16,x0,9	  x0:0x00000000 x16=0x00000009
          19832	      9912	00100214	f2d86ae3	bltu	x16,x13,100148	 x16:0x00000009 x13:0x0000000f
          19836	      9914	00100148	03768893	addi	x17,x13,55	 x13:0x0000000f x17=0x00000046
          19838	      9915	0010014c	00020e37	lui	x28,0x20	 x28=0x00020000
          19840	      9916	00100150	00851f93	slli	x31,x10,0x8	 x10:0x3f818cf4 x31=0x818cf400
          19844	      9918	00100154	011e2023	sw	x17,0(x28)	 x28:0x00020000 x17:0x00000046 PA:0x00020000 store:0x00000046 load:0x00000000
          19846	      9919	00100158	01cfd793	srli	x15,x31,0x1c	 x31:0x818cf400 x15=0x00000008
          19848	      9920	0010015c	00900713	addi	x14,x0,9	  x0:0x00000000 x14=0x00000009
          19852	      9922	00100160	0cf77a63	bgeu	x14,x15,100234	 x14:0x00000009 x15:0x00000008
          19856	      9924	00100234	03078393	addi	x7,x15,48	 x15:0x00000008  x7=0x00000038
          19858	      9925	00100238	000205b7	lui	x11,0x20	 x11=0x00020000
          19860	      9926	0010023c	00c51613	slli	x12,x10,0xc	 x10:0x3f818cf4 x12=0x18cf4000
          19864	      9928	00100240	0075a023	sw	x7,0(x11)	 x11:0x00020000  x7:0x00000038 PA:0x00020000 store:0x00000038 load:0x00000000
          19866	      9929	00100244	01c65693	srli	x13,x12,0x1c	 x12:0x18cf4000 x13=0x00000001
          19868	      9930	00100248	00900813	addi	x16,x0,9	  x0:0x00000000 x16=0x00000009
          19870	      9931	0010024c	f2d86ae3	bltu	x16,x13,100180	 x16:0x00000009 x13:0x00000001
          19872	      9932	00100250	03068e93	addi	x29,x13,48	 x13:0x00000001 x29=0x00000031
          19874	      9933	00100254	00020f37	lui	x30,0x20	 x30=0x00020000
          19876	      9934	00100258	01051f93	slli	x31,x10,0x10	 x10:0x3f818cf4 x31=0x8cf40000
          19880	      9936	0010025c	01df2023	sw	x29,0(x30)	 x30:0x00020000 x29:0x00000031 PA:0x00020000 store:0x00000031 load:0x00000000
          19882	      9937	00100260	01cfd793	srli	x15,x31,0x1c	 x31:0x8cf40000 x15=0x00000008
          19884	      9938	00100264	00900713	addi	x14,x0,9	  x0:0x00000000 x14=0x00000009
          19886	      9939	00100268	f2f76ae3	bltu	x14,x15,10019c	 x14:0x00000009 x15:0x00000008
          19888	      9940	0010026c	03078393	addi	x7,x15,48	 x15:0x00000008  x7=0x00000038
          19890	      9941	00100270	000205b7	lui	x11,0x20	 x11=0x00020000
          19892	      9942	00100274	01451613	slli	x12,x10,0x14	 x10:0x3f818cf4 x12=0xcf400000
          19896	      9944	00100278	0075a023	sw	x7,0(x11)	 x11:0x00020000  x7:0x00000038 PA:0x00020000 store:0x00000038 load:0x00000000
          19898	      9945	0010027c	01c65693	srli	x13,x12,0x1c	 x12:0xcf400000 x13=0x0000000c
          19900	      9946	00100280	00900813	addi	x16,x0,9	  x0:0x00000000 x16=0x00000009
          19904	      9948	00100284	f2d86ae3	bltu	x16,x13,1001b8	 x16:0x00000009 x13:0x0000000c
          19908	      9950	001001b8	03768893	addi	x17,x13,55	 x13:0x0000000c x17=0x00000043
          19910	      9951	001001bc	00020e37	lui	x28,0x20	 x28=0x00020000
          19912	      9952	001001c0	01851f93	slli	x31,x10,0x18	 x10:0x3f818cf4 x31=0xf4000000
          19916	      9954	001001c4	011e2023	sw	x17,0(x28)	 x28:0x00020000 x17:0x00000043 PA:0x00020000 store:0x00000043 load:0x00000000
          19918	      9955	001001c8	01cfd793	srli	x15,x31,0x1c	 x31:0xf4000000 x15=0x0000000f
          19920	      9956	001001cc	00900713	addi	x14,x0,9	  x0:0x00000000 x14=0x00000009
          19922	      9957	001001d0	0cf77a63	bgeu	x14,x15,1002a4	 x14:0x00000009 x15:0x0000000f
          19924	      9958	001001d4	03778293	addi	x5,x15,55	 x15:0x0000000f  x5=0x00000046
          19926	      9959	001001d8	00020337	lui	x6,0x20	  x6=0x00020000
          19930	      9961	001001dc	00532023	sw	x5,0(x6)	  x6:0x00020000  x5:0x00000046 PA:0x00020000 store:0x00000046 load:0x00000000
          19932	      9962	001001e0	00f57513	andi	x10,x10,15	 x10:0x3f818cf4 x10=0x00000004
          19934	      9963	001001e4	00900613	addi	x12,x0,9	  x0:0x00000000 x12=0x00000009
          19936	      9964	001001e8	0ca66a63	bltu	x12,x10,1002bc	 x12:0x00000009 x10:0x00000004
          19938	      9965	001001ec	03050893	addi	x17,x10,48	 x10:0x00000004 x17=0x00000034
          19940	      9966	001001f0	00020e37	lui	x28,0x20	 x28=0x00020000
          19944	      9968	001001f4	011e2023	sw	x17,0(x28)	 x28:0x00020000 x17:0x00000034 PA:0x00020000 store:0x00000034 load:0x00000000
          19954	      9973	001001f8	00008067	jalr	x0,0(x1)	  x1:0x00101354  x0=0x00000000
          19956	      9974	00101354	d089a407	flw	f8,-760(x19)	 f19:0x00102000  f8=0x00000000 PA:0x00101d08 store:0x3f9b3246
          19976	      9984	00101358	580474d3	fsqrt.s	f9,f8	  f8:0x00102000  f9=0x00000000
          19980	      9986	0010135c	d099a427	fsw	f9,-760(x19)	 f19:0x00102000  f9:0x00102000 PA:0x00101d08 store:0x3f80c5e1 load:0x3f818cf4
          19984	      9988	00101360	d089a507	flw	f10,-760(x19)	 f19:0x00102000 f10=0x00000000 PA:0x00101d08 store:0x3f818cf4
          19988	      9990	00101364	a10a8513	addi	x10,x21,-1520	 x21:0x00102000 x10=0x00101a10
          19990	      9991	00101368	e0050753	fmv.x.w	x14,f10	 f10:0x00101a10 x14=0x3f80c5e1
          19992	      9992	0010136c	ceea2c23	sw	x14,-776(x20)	 x20:0x00102000 x14:0x3f80c5e1 PA:0x00101cf8 store:0x3f80c5e1 load:0x3f80c5e1
          19994	      9993	00101370	d31fe0ef	jal	x1,1000a0	  x1=0x00101374
          19998	      9995	001000a0	00054803	lbu	x16,0(x10)	 x10:0x00101a10 x16=0x0000000a PA:0x00101a10 store:0x00000000
          20000	      9996	001000a4	06080663	beq	x16,x0,100110	 x16:0x0000000a  x0:0x00000000
          20002	      9997	001000a8	000207b7	lui	x15,0x20	 x15=0x00020000
          20006	      9999	001000ac	0107a023	sw	x16,0(x15)	 x15:0x00020000 x16:0x0000000a PA:0x00020000 store:0x0000000a load:0x00000000
          20010	     10001	001000b0	00154703	lbu	x14,1(x10)	 x10:0x00101a10 x14=0x00000020 PA:0x00101a11 store:0x00101374
          20012	     10002	001000b4	04070e63	beq	x14,x0,100110	 x14:0x00000020  x0:0x00000000
          20016	     10004	001000b8	00e7a023	sw	x14,0(x15)	 x15:0x00020000 x14:0x00000020 PA:0x00020000 store:0x00000020 load:0x00000000
          20020	     10006	001000bc	00254283	lbu	x5,2(x10)	 x10:0x00101a10  x5=0x00000069 PA:0x00101a12 store:0x00137fa0
          20022	     10007	001000c0	04028863	beq	x5,x0,100110	  x5:0x00000069  x0:0x00000000
          20026	     10009	001000c4	0057a023	sw	x5,0(x15)	 x15:0x00020000  x5:0x00000069 PA:0x00020000 store:0x00000069 load:0x00000000
          20030	     10011	001000c8	00354303	lbu	x6,3(x10)	 x10:0x00101a10  x6=0x0000003d PA:0x00101a13 store:0x00000000
          20032	     10012	001000cc	04030263	beq	x6,x0,100110	  x6:0x0000003d  x0:0x00000000
          20036	     10014	001000d0	0067a023	sw	x6,0(x15)	 x15:0x00020000  x6:0x0000003d PA:0x00020000 store:0x0000003d load:0x00000000
          20040	     10016	001000d4	00454383	lbu	x7,4(x10)	 x10:0x00101a10  x7=0x00000000 PA:0x00101a14 store:0x00000000
          20044	     10018	001000d8	02038c63	beq	x7,x0,100110	  x7:0x00000000  x0:0x00000000
          20048	     10020	00100110	00000513	addi	x10,x0,0	  x0:0x00000000 x10=0x00000000
          20052	     10022	00100114	00008067	jalr	x0,0(x1)	  x1:0x00101374  x0=0x00000000
          20054	     10023	00101374	000d8513	addi	x10,x27,0	 x27:0x00000009 x10=0x00000009
          20058	     10025	00101378	da9fe0ef	jal	x1,100120	  x1=0x0010137c
          20060	     10026	00100120	01c55793	srli	x15,x10,0x1c	 x10:0x00000009 x15=0x00000000
          20062	     10027	00100124	00900713	addi	x14,x0,9	  x0:0x00000000 x14=0x00000009
          20066	     10029	00100128	0cf77a63	bgeu	x14,x15,1001fc	 x14:0x00000009 x15:0x00000000
          20070	     10031	001001fc	03078393	addi	x7,x15,48	 x15:0x00000000  x7=0x00000030
          20072	     10032	00100200	000205b7	lui	x11,0x20	 x11=0x00020000
          20074	     10033	00100204	00451613	slli	x12,x10,0x4	 x10:0x00000009 x12=0x00000090
          20078	     10035	00100208	0075a023	sw	x7,0(x11)	 x11:0x00020000  x7:0x00000030 PA:0x00020000 store:0x00000030 load:0x00000000
          20080	     10036	0010020c	01c65693	srli	x13,x12,0x1c	 x12:0x00000090 x13=0x00000000
          20082	     10037	00100210	00900813	addi	x16,x0,9	  x0:0x00000000 x16=0x00000009
          20084	     10038	00100214	f2d86ae3	bltu	x16,x13,100148	 x16:0x00000009 x13:0x00000000
          20086	     10039	00100218	03068e93	addi	x29,x13,48	 x13:0x00000000 x29=0x00000030
          20088	     10040	0010021c	00020f37	lui	x30,0x20	 x30=0x00020000
          20090	     10041	00100220	00851f93	slli	x31,x10,0x8	 x10:0x00000009 x31=0x00000900
          20094	     10043	00100224	01df2023	sw	x29,0(x30)	 x30:0x00020000 x29:0x00000030 PA:0x00020000 store:0x00000030 load:0x00000000
          20096	     10044	00100228	01cfd793	srli	x15,x31,0x1c	 x31:0x00000900 x15=0x00000000
          20098	     10045	0010022c	00900713	addi	x14,x0,9	  x0:0x00000000 x14=0x00000009
          20100	     10046	00100230	f2f76ae3	bltu	x14,x15,100164	 x14:0x00000009 x15:0x00000000
          20102	     10047	00100234	03078393	addi	x7,x15,48	 x15:0x00000000  x7=0x00000030
          20104	     10048	00100238	000205b7	lui	x11,0x20	 x11=0x00020000
          20106	     10049	0010023c	00c51613	slli	x12,x10,0xc	 x10:0x00000009 x12=0x00009000
          20110	     10051	00100240	0075a023	sw	x7,0(x11)	 x11:0x00020000  x7:0x00000030 PA:0x00020000 store:0x00000030 load:0x00000000
          20112	     10052	00100244	01c65693	srli	x13,x12,0x1c	 x12:0x00009000 x13=0x00000000
          20114	     10053	00100248	00900813	addi	x16,x0,9	  x0:0x00000000 x16=0x00000009
          20116	     10054	0010024c	f2d86ae3	bltu	x16,x13,100180	 x16:0x00000009 x13:0x00000000
          20118	     10055	00100250	03068e93	addi	x29,x13,48	 x13:0x00000000 x29=0x00000030
          20120	     10056	00100254	00020f37	lui	x30,0x20	 x30=0x00020000
          20122	     10057	00100258	01051f93	slli	x31,x10,0x10	 x10:0x00000009 x31=0x00090000
          20126	     10059	0010025c	01df2023	sw	x29,0(x30)	 x30:0x00020000 x29:0x00000030 PA:0x00020000 store:0x00000030 load:0x00000000
          20128	     10060	00100260	01cfd793	srli	x15,x31,0x1c	 x31:0x00090000 x15=0x00000000
          20130	     10061	00100264	00900713	addi	x14,x0,9	  x0:0x00000000 x14=0x00000009
          20132	     10062	00100268	f2f76ae3	bltu	x14,x15,10019c	 x14:0x00000009 x15:0x00000000
          20134	     10063	0010026c	03078393	addi	x7,x15,48	 x15:0x00000000  x7=0x00000030
          20136	     10064	00100270	000205b7	lui	x11,0x20	 x11=0x00020000
          20138	     10065	00100274	01451613	slli	x12,x10,0x14	 x10:0x00000009 x12=0x00900000
          20142	     10067	00100278	0075a023	sw	x7,0(x11)	 x11:0x00020000  x7:0x00000030 PA:0x00020000 store:0x00000030 load:0x00000000
          20144	     10068	0010027c	01c65693	srli	x13,x12,0x1c	 x12:0x00900000 x13=0x00000000
          20146	     10069	00100280	00900813	addi	x16,x0,9	  x0:0x00000000 x16=0x00000009
          20148	     10070	00100284	f2d86ae3	bltu	x16,x13,1001b8	 x16:0x00000009 x13:0x00000000
          20150	     10071	00100288	03068e93	addi	x29,x13,48	 x13:0x00000000 x29=0x00000030
          20152	     10072	0010028c	00020f37	lui	x30,0x20	 x30=0x00020000
          20154	     10073	00100290	01851f93	slli	x31,x10,0x18	 x10:0x00000009 x31=0x09000000
          20158	     10075	00100294	01df2023	sw	x29,0(x30)	 x30:0x00020000 x29:0x00000030 PA:0x00020000 store:0x00000030 load:0x00000000
          20160	     10076	00100298	01cfd793	srli	x15,x31,0x1c	 x31:0x09000000 x15=0x00000000
          20162	     10077	0010029c	00900713	addi	x14,x0,9	  x0:0x00000000 x14=0x00000009
          20164	     10078	001002a0	f2f76ae3	bltu	x14,x15,1001d4	 x14:0x00000009 x15:0x00000000
          20166	     10079	001002a4	03078393	addi	x7,x15,48	 x15:0x00000000  x7=0x00000030
          20168	     10080	001002a8	000205b7	lui	x11,0x20	 x11=0x00020000
          20172	     10082	001002ac	0075a023	sw	x7,0(x11)	 x11:0x00020000  x7:0x00000030 PA:0x00020000 store:0x00000030 load:0x00000000
          20174	     10083	001002b0	00f57513	andi	x10,x10,15	 x10:0x00000009 x10=0x00000009
          20176	     10084	001002b4	00900613	addi	x12,x0,9	  x0:0x00000000 x12=0x00000009
          20180	     10086	001002b8	f2a67ae3	bgeu	x12,x10,1001ec	 x12:0x00000009 x10:0x00000009
          20184	     10088	001001ec	03050893	addi	x17,x10,48	 x10:0x00000009 x17=0x00000039
          20186	     10089	001001f0	00020e37	lui	x28,0x20	 x28=0x00020000
          20190	     10091	001001f4	011e2023	sw	x17,0(x28)	 x28:0x00020000 x17:0x00000039 PA:0x00020000 store:0x00000039 load:0x00000000
          20194	     10093	001001f8	00008067	jalr	x0,0(x1)	  x1:0x0010137c  x0=0x00000000
          20196	     10094	0010137c	a18b0513	addi	x10,x22,-1512	 x22:0x00102000 x10=0x00101a18
          20200	     10096	00101380	d21fe0ef	jal	x1,1000a0	  x1=0x00101384
          20204	     10098	001000a0	00054803	lbu	x16,0(x10)	 x10:0x00101a18 x16=0x00000020 PA:0x00101a18 store:0x00000000
          20206	     10099	001000a4	06080663	beq	x16,x0,100110	 x16:0x00000020  x0:0x00000000
          20208	     10100	001000a8	000207b7	lui	x15,0x20	 x15=0x00020000
          20212	     10102	001000ac	0107a023	sw	x16,0(x15)	 x15:0x00020000 x16:0x00000020 PA:0x00020000 store:0x00000020 load:0x00000000
          20216	     10104	001000b0	00154703	lbu	x14,1(x10)	 x10:0x00101a18 x14=0x00000072 PA:0x00101a19 store:0x00101384
          20218	     10105	001000b4	04070e63	beq	x14,x0,100110	 x14:0x00000072  x0:0x00000000
          20222	     10107	001000b8	00e7a023	sw	x14,0(x15)	 x15:0x00020000 x14:0x00000072 PA:0x00020000 store:0x00000072 load:0x00000000
          20226	     10109	001000bc	00254283	lbu	x5,2(x10)	 x10:0x00101a18  x5=0x00000065 PA:0x00101a1a store:0x00137fa0
          20228	     10110	001000c0	04028863	beq	x5,x0,100110	  x5:0x00000065  x0:0x00000000
          20232	     10112	001000c4	0057a023	sw	x5,0(x15)	 x15:0x00020000  x5:0x00000065 PA:0x00020000 store:0x00000065 load:0x00000000
          20236	     10114	001000c8	00354303	lbu	x6,3(x10)	 x10:0x00101a18  x6=0x00000073 PA:0x00101a1b store:0x00000000
          20238	     10115	001000cc	04030263	beq	x6,x0,100110	  x6:0x00000073  x0:0x00000000
          20242	     10117	001000d0	0067a023	sw	x6,0(x15)	 x15:0x00020000  x6:0x00000073 PA:0x00020000 store:0x00000073 load:0x00000000
          20246	     10119	001000d4	00454383	lbu	x7,4(x10)	 x10:0x00101a18  x7=0x00000075 PA:0x00101a1c store:0x00000000
          20248	     10120	001000d8	02038c63	beq	x7,x0,100110	  x7:0x00000075  x0:0x00000000
          20252	     10122	001000dc	0077a023	sw	x7,0(x15)	 x15:0x00020000  x7:0x00000075 PA:0x00020000 store:0x00000075 load:0x00000000
          20256	     10124	001000e0	00554583	lbu	x11,5(x10)	 x10:0x00101a18 x11=0x0000006c PA:0x00101a1d store:0x00000065
          20258	     10125	001000e4	02058663	beq	x11,x0,100110	 x11:0x0000006c  x0:0x00000000
          20262	     10127	001000e8	00b7a023	sw	x11,0(x15)	 x15:0x00020000 x11:0x0000006c PA:0x00020000 store:0x0000006c load:0x00000000
          20266	     10129	001000ec	00654603	lbu	x12,6(x10)	 x10:0x00101a18 x12=0x00000074 PA:0x00101a1e store:0x00000073
          20268	     10130	001000f0	02060063	beq	x12,x0,100110	 x12:0x00000074  x0:0x00000000
          20272	     10132	001000f4	00c7a023	sw	x12,0(x15)	 x15:0x00020000 x12:0x00000074 PA:0x00020000 store:0x00000074 load:0x00000000
          20276	     10134	001000f8	00754683	lbu	x13,7(x10)	 x10:0x00101a18 x13=0x0000003a PA:0x00101a1f store:0x00000075
          20278	     10135	001000fc	00850513	addi	x10,x10,8	 x10:0x00101a18 x10=0x00101a20
          20280	     10136	00100100	00068863	beq	x13,x0,100110	 x13:0x0000003a  x0:0x00000000
          20284	     10138	00100104	00d7a023	sw	x13,0(x15)	 x15:0x00020000 x13:0x0000003a PA:0x00020000 store:0x0000003a load:0x00000000
          20288	     10140	00100108	00054803	lbu	x16,0(x10)	 x10:0x00101a20 x16=0x00000020 PA:0x00101a20 store:0x00000000
          20292	     10142	0010010c	fa0810e3	bne	x16,x0,1000ac	 x16:0x00000020  x0:0x00000000
          20298	     10145	001000ac	0107a023	sw	x16,0(x15)	 x15:0x00020000 x16:0x00000020 PA:0x00020000 store:0x00000020 load:0x00000000
          20302	     10147	001000b0	00154703	lbu	x14,1(x10)	 x10:0x00101a20 x14=0x00000000 PA:0x00101a21 store:0x00101384
          20306	     10149	001000b4	04070e63	beq	x14,x0,100110	 x14:0x00000000  x0:0x00000000
          20310	     10151	00100110	00000513	addi	x10,x0,0	  x0:0x00000000 x10=0x00000000
          20314	     10153	00100114	00008067	jalr	x0,0(x1)	  x1:0x00101384  x0=0x00000000
          20318	     10155	00101384	cf8a2503	lw	x10,-776(x20)	 x20:0x00102000 x10=0x3f80c5e1 PA:0x00101cf8 store:0x00000008
          20320	     10156	00101388	002c0d93	addi	x27,x24,2	 x24:0x00000008 x27=0x0000000a
          20324	     10158	0010138c	d95fe0ef	jal	x1,100120	  x1=0x00101390
          20326	     10159	00100120	01c55793	srli	x15,x10,0x1c	 x10:0x3f80c5e1 x15=0x00000003
          20328	     10160	00100124	00900713	addi	x14,x0,9	  x0:0x00000000 x14=0x00000009
          20332	     10162	00100128	0cf77a63	bgeu	x14,x15,1001fc	 x14:0x00000009 x15:0x00000003
          20336	     10164	001001fc	03078393	addi	x7,x15,48	 x15:0x00000003  x7=0x00000033
          20338	     10165	00100200	000205b7	lui	x11,0x20	 x11=0x00020000
          20340	     10166	00100204	00451613	slli	x12,x10,0x4	 x10:0x3f80c5e1 x12=0xf80c5e10
          20344	     10168	00100208	0075a023	sw	x7,0(x11)	 x11:0x00020000  x7:0x00000033 PA:0x00020000 store:0x00000033 load:0x00000000
          20346	     10169	0010020c	01c65693	srli	x13,x12,0x1c	 x12:0xf80c5e10 x13=0x0000000f
          20348	     10170	00100210	00900813	addi	x16,x0,9	  x0:0x00000000 x16=0x00000009
          20352	     10172	00100214	f2d86ae3	bltu	x16,x13,100148	 x16:0x00000009 x13:0x0000000f
          20356	     10174	00100148	03768893	addi	x17,x13,55	 x13:0x0000000f x17=0x00000046
          20358	     10175	0010014c	00020e37	lui	x28,0x20	 x28=0x00020000
          20360	     10176	00100150	00851f93	slli	x31,x10,0x8	 x10:0x3f80c5e1 x31=0x80c5e100
          20364	     10178	00100154	011e2023	sw	x17,0(x28)	 x28:0x00020000 x17:0x00000046 PA:0x00020000 store:0x00000046 load:0x00000000
          20366	     10179	00100158	01cfd793	srli	x15,x31,0x1c	 x31:0x80c5e100 x15=0x00000008
          20368	     10180	0010015c	00900713	addi	x14,x0,9	  x0:0x00000000 x14=0x00000009
          20372	     10182	00100160	0cf77a63	bgeu	x14,x15,100234	 x14:0x00000009 x15:0x00000008
          20376	     10184	00100234	03078393	addi	x7,x15,48	 x15:0x00000008  x7=0x00000038
          20378	     10185	00100238	000205b7	lui	x11,0x20	 x11=0x00020000
          20380	     10186	0010023c	00c51613	slli	x12,x10,0xc	 x10:0x3f80c5e1 x12=0x0c5e1000
          20384	     10188	00100240	0075a023	sw	x7,0(x11)	 x11:0x00020000  x7:0x00000038 PA:0x00020000 store:0x00000038 load:0x00000000
          20386	     10189	00100244	01c65693	srli	x13,x12,0x1c	 x12:0x0c5e1000 x13=0x00000000
          20388	     10190	00100248	00900813	addi	x16,x0,9	  x0:0x00000000 x16=0x00000009
          20390	     10191	0010024c	f2d86ae3	bltu	x16,x13,100180	 x16:0x00000009 x13:0x00000000
          20392	     10192	00100250	03068e93	addi	x29,x13,48	 x13:0x00000000 x29=0x00000030
          20394	     10193	00100254	00020f37	lui	x30,0x20	 x30=0x00020000
          20396	     10194	00100258	01051f93	slli	x31,x10,0x10	 x10:0x3f80c5e1 x31=0xc5e10000
          20400	     10196	0010025c	01df2023	sw	x29,0(x30)	 x30:0x00020000 x29:0x00000030 PA:0x00020000 store:0x00000030 load:0x00000000
          20402	     10197	00100260	01cfd793	srli	x15,x31,0x1c	 x31:0xc5e10000 x15=0x0000000c
          20404	     10198	00100264	00900713	addi	x14,x0,9	  x0:0x00000000 x14=0x00000009
          20408	     10200	00100268	f2f76ae3	bltu	x14,x15,10019c	 x14:0x00000009 x15:0x0000000c
          20412	     10202	0010019c	03778293	addi	x5,x15,55	 x15:0x0000000c  x5=0x00000043
          20414	     10203	001001a0	00020337	lui	x6,0x20	  x6=0x00020000
          20416	     10204	001001a4	01451613	slli	x12,x10,0x14	 x10:0x3f80c5e1 x12=0x5e100000
          20420	     10206	001001a8	00532023	sw	x5,0(x6)	  x6:0x00020000  x5:0x00000043 PA:0x00020000 store:0x00000043 load:0x00000000
          20422	     10207	001001ac	01c65693	srli	x13,x12,0x1c	 x12:0x5e100000 x13=0x00000005
          20424	     10208	001001b0	00900813	addi	x16,x0,9	  x0:0x00000000 x16=0x00000009
          20428	     10210	001001b4	0cd87a63	bgeu	x16,x13,100288	 x16:0x00000009 x13:0x00000005
          20432	     10212	00100288	03068e93	addi	x29,x13,48	 x13:0x00000005 x29=0x00000035
          20434	     10213	0010028c	00020f37	lui	x30,0x20	 x30=0x00020000
          20436	     10214	00100290	01851f93	slli	x31,x10,0x18	 x10:0x3f80c5e1 x31=0xe1000000
          20440	     10216	00100294	01df2023	sw	x29,0(x30)	 x30:0x00020000 x29:0x00000035 PA:0x00020000 store:0x00000035 load:0x00000000
          20442	     10217	00100298	01cfd793	srli	x15,x31,0x1c	 x31:0xe1000000 x15=0x0000000e
          20444	     10218	0010029c	00900713	addi	x14,x0,9	  x0:0x00000000 x14=0x00000009
          20448	     10220	001002a0	f2f76ae3	bltu	x14,x15,1001d4	 x14:0x00000009 x15:0x0000000e
          20452	     10222	001001d4	03778293	addi	x5,x15,55	 x15:0x0000000e  x5=0x00000045
          20454	     10223	001001d8	00020337	lui	x6,0x20	  x6=0x00020000
          20458	     10225	001001dc	00532023	sw	x5,0(x6)	  x6:0x00020000  x5:0x00000045 PA:0x00020000 store:0x00000045 load:0x00000000
          20460	     10226	001001e0	00f57513	andi	x10,x10,15	 x10:0x3f80c5e1 x10=0x00000001
          20462	     10227	001001e4	00900613	addi	x12,x0,9	  x0:0x00000000 x12=0x00000009
          20464	     10228	001001e8	0ca66a63	bltu	x12,x10,1002bc	 x12:0x00000009 x10:0x00000001
          20466	     10229	001001ec	03050893	addi	x17,x10,48	 x10:0x00000001 x17=0x00000031
          20468	     10230	001001f0	00020e37	lui	x28,0x20	 x28=0x00020000
          20472	     10232	001001f4	011e2023	sw	x17,0(x28)	 x28:0x00020000 x17:0x00000031 PA:0x00020000 store:0x00000031 load:0x00000000
          20482	     10237	001001f8	00008067	jalr	x0,0(x1)	  x1:0x00101390  x0=0x00000000
          20484	     10238	00101390	d089a807	flw	f16,-760(x19)	 f19:0x00102000 f16=0x00000000 PA:0x00101d08 store:0x3f818cf4
          20506	     10249	00101394	a10a8513	addi	x10,x21,-1520	 x21:0x00102000 x10=0x00101a10
          20508	     10250	00101398	580878d3	fsqrt.s	f17,f16	 f16:0x00000009 f17=0x00000000
          20510	     10251	0010139c	d119a427	fsw	f17,-760(x19)	 f19:0x00102000 f17:0x00000031 PA:0x00101d08 store:0x3f8062ca load:0x3f80c5e1
          20514	     10253	001013a0	d089a907	flw	f18,-760(x19)	 f19:0x00102000 f18=0x00000000 PA:0x00101d08 store:0x3f818cf4
          20516	     10254	001013a4	e00907d3	fmv.x.w	x15,f18	 f18:0x00102000 x15=0x3f8062ca
          20518	     10255	001013a8	cefa2c23	sw	x15,-776(x20)	 x20:0x00102000 x15:0x3f8062ca PA:0x00101cf8 store:0x3f8062ca load:0x3f8062ca
          20522	     10257	001013ac	cf5fe0ef	jal	x1,1000a0	  x1=0x001013b0
          20526	     10259	001000a0	00054803	lbu	x16,0(x10)	 x10:0x00101a10 x16=0x0000000a PA:0x00101a10 store:0x00000000
          20528	     10260	001000a4	06080663	beq	x16,x0,100110	 x16:0x0000000a  x0:0x00000000
          20530	     10261	001000a8	000207b7	lui	x15,0x20	 x15=0x00020000
          20534	     10263	001000ac	0107a023	sw	x16,0(x15)	 x15:0x00020000 x16:0x0000000a PA:0x00020000 store:0x0000000a load:0x00000000
          20538	     10265	001000b0	00154703	lbu	x14,1(x10)	 x10:0x00101a10 x14=0x00000020 PA:0x00101a11 store:0x001013b0
          20540	     10266	001000b4	04070e63	beq	x14,x0,100110	 x14:0x00000020  x0:0x00000000
          20544	     10268	001000b8	00e7a023	sw	x14,0(x15)	 x15:0x00020000 x14:0x00000020 PA:0x00020000 store:0x00000020 load:0x00000000
          20548	     10270	001000bc	00254283	lbu	x5,2(x10)	 x10:0x00101a10  x5=0x00000069 PA:0x00101a12 store:0x00137fa0
          20550	     10271	001000c0	04028863	beq	x5,x0,100110	  x5:0x00000069  x0:0x00000000
          20554	     10273	001000c4	0057a023	sw	x5,0(x15)	 x15:0x00020000  x5:0x00000069 PA:0x00020000 store:0x00000069 load:0x00000000
          20558	     10275	001000c8	00354303	lbu	x6,3(x10)	 x10:0x00101a10  x6=0x0000003d PA:0x00101a13 store:0x00000000
          20560	     10276	001000cc	04030263	beq	x6,x0,100110	  x6:0x0000003d  x0:0x00000000
          20564	     10278	001000d0	0067a023	sw	x6,0(x15)	 x15:0x00020000  x6:0x0000003d PA:0x00020000 store:0x0000003d load:0x00000000
          20568	     10280	001000d4	00454383	lbu	x7,4(x10)	 x10:0x00101a10  x7=0x00000000 PA:0x00101a14 store:0x00000000
          20572	     10282	001000d8	02038c63	beq	x7,x0,100110	  x7:0x00000000  x0:0x00000000
          20576	     10284	00100110	00000513	addi	x10,x0,0	  x0:0x00000000 x10=0x00000000
          20580	     10286	00100114	00008067	jalr	x0,0(x1)	  x1:0x001013b0  x0=0x00000000
          20582	     10287	001013b0	000d8513	addi	x10,x27,0	 x27:0x0000000a x10=0x0000000a
          20586	     10289	001013b4	d6dfe0ef	jal	x1,100120	  x1=0x001013b8
          20588	     10290	00100120	01c55793	srli	x15,x10,0x1c	 x10:0x0000000a x15=0x00000000
          20590	     10291	00100124	00900713	addi	x14,x0,9	  x0:0x00000000 x14=0x00000009
          20594	     10293	00100128	0cf77a63	bgeu	x14,x15,1001fc	 x14:0x00000009 x15:0x00000000
          20598	     10295	001001fc	03078393	addi	x7,x15,48	 x15:0x00000000  x7=0x00000030
          20600	     10296	00100200	000205b7	lui	x11,0x20	 x11=0x00020000
          20602	     10297	00100204	00451613	slli	x12,x10,0x4	 x10:0x0000000a x12=0x000000a0
          20606	     10299	00100208	0075a023	sw	x7,0(x11)	 x11:0x00020000  x7:0x00000030 PA:0x00020000 store:0x00000030 load:0x00000000
          20608	     10300	0010020c	01c65693	srli	x13,x12,0x1c	 x12:0x000000a0 x13=0x00000000
          20610	     10301	00100210	00900813	addi	x16,x0,9	  x0:0x00000000 x16=0x00000009
          20612	     10302	00100214	f2d86ae3	bltu	x16,x13,100148	 x16:0x00000009 x13:0x00000000
          20614	     10303	00100218	03068e93	addi	x29,x13,48	 x13:0x00000000 x29=0x00000030
          20616	     10304	0010021c	00020f37	lui	x30,0x20	 x30=0x00020000
          20618	     10305	00100220	00851f93	slli	x31,x10,0x8	 x10:0x0000000a x31=0x00000a00
          20622	     10307	00100224	01df2023	sw	x29,0(x30)	 x30:0x00020000 x29:0x00000030 PA:0x00020000 store:0x00000030 load:0x00000000
          20624	     10308	00100228	01cfd793	srli	x15,x31,0x1c	 x31:0x00000a00 x15=0x00000000
          20626	     10309	0010022c	00900713	addi	x14,x0,9	  x0:0x00000000 x14=0x00000009
          20628	     10310	00100230	f2f76ae3	bltu	x14,x15,100164	 x14:0x00000009 x15:0x00000000
          20630	     10311	00100234	03078393	addi	x7,x15,48	 x15:0x00000000  x7=0x00000030
          20632	     10312	00100238	000205b7	lui	x11,0x20	 x11=0x00020000
          20634	     10313	0010023c	00c51613	slli	x12,x10,0xc	 x10:0x0000000a x12=0x0000a000
          20638	     10315	00100240	0075a023	sw	x7,0(x11)	 x11:0x00020000  x7:0x00000030 PA:0x00020000 store:0x00000030 load:0x00000000
          20640	     10316	00100244	01c65693	srli	x13,x12,0x1c	 x12:0x0000a000 x13=0x00000000
          20642	     10317	00100248	00900813	addi	x16,x0,9	  x0:0x00000000 x16=0x00000009
          20644	     10318	0010024c	f2d86ae3	bltu	x16,x13,100180	 x16:0x00000009 x13:0x00000000
          20646	     10319	00100250	03068e93	addi	x29,x13,48	 x13:0x00000000 x29=0x00000030
          20648	     10320	00100254	00020f37	lui	x30,0x20	 x30=0x00020000
          20650	     10321	00100258	01051f93	slli	x31,x10,0x10	 x10:0x0000000a x31=0x000a0000
          20654	     10323	0010025c	01df2023	sw	x29,0(x30)	 x30:0x00020000 x29:0x00000030 PA:0x00020000 store:0x00000030 load:0x00000000
          20656	     10324	00100260	01cfd793	srli	x15,x31,0x1c	 x31:0x000a0000 x15=0x00000000
          20658	     10325	00100264	00900713	addi	x14,x0,9	  x0:0x00000000 x14=0x00000009
          20660	     10326	00100268	f2f76ae3	bltu	x14,x15,10019c	 x14:0x00000009 x15:0x00000000
          20662	     10327	0010026c	03078393	addi	x7,x15,48	 x15:0x00000000  x7=0x00000030
          20664	     10328	00100270	000205b7	lui	x11,0x20	 x11=0x00020000
          20666	     10329	00100274	01451613	slli	x12,x10,0x14	 x10:0x0000000a x12=0x00a00000
          20670	     10331	00100278	0075a023	sw	x7,0(x11)	 x11:0x00020000  x7:0x00000030 PA:0x00020000 store:0x00000030 load:0x00000000
          20672	     10332	0010027c	01c65693	srli	x13,x12,0x1c	 x12:0x00a00000 x13=0x00000000
          20674	     10333	00100280	00900813	addi	x16,x0,9	  x0:0x00000000 x16=0x00000009
          20676	     10334	00100284	f2d86ae3	bltu	x16,x13,1001b8	 x16:0x00000009 x13:0x00000000
          20678	     10335	00100288	03068e93	addi	x29,x13,48	 x13:0x00000000 x29=0x00000030
          20680	     10336	0010028c	00020f37	lui	x30,0x20	 x30=0x00020000
          20682	     10337	00100290	01851f93	slli	x31,x10,0x18	 x10:0x0000000a x31=0x0a000000
          20686	     10339	00100294	01df2023	sw	x29,0(x30)	 x30:0x00020000 x29:0x00000030 PA:0x00020000 store:0x00000030 load:0x00000000
          20688	     10340	00100298	01cfd793	srli	x15,x31,0x1c	 x31:0x0a000000 x15=0x00000000
          20690	     10341	0010029c	00900713	addi	x14,x0,9	  x0:0x00000000 x14=0x00000009
          20692	     10342	001002a0	f2f76ae3	bltu	x14,x15,1001d4	 x14:0x00000009 x15:0x00000000
          20694	     10343	001002a4	03078393	addi	x7,x15,48	 x15:0x00000000  x7=0x00000030
          20696	     10344	001002a8	000205b7	lui	x11,0x20	 x11=0x00020000
          20700	     10346	001002ac	0075a023	sw	x7,0(x11)	 x11:0x00020000  x7:0x00000030 PA:0x00020000 store:0x00000030 load:0x00000000
          20702	     10347	001002b0	00f57513	andi	x10,x10,15	 x10:0x0000000a x10=0x0000000a
          20704	     10348	001002b4	00900613	addi	x12,x0,9	  x0:0x00000000 x12=0x00000009
          20706	     10349	001002b8	f2a67ae3	bgeu	x12,x10,1001ec	 x12:0x00000009 x10:0x0000000a
          20708	     10350	001002bc	03750693	addi	x13,x10,55	 x10:0x0000000a x13=0x00000041
          20710	     10351	001002c0	00020837	lui	x16,0x20	 x16=0x00020000
          20714	     10353	001002c4	00d82023	sw	x13,0(x16)	 x16:0x00020000 x13:0x00000041 PA:0x00020000 store:0x00000041 load:0x00000000
          20718	     10355	001002c8	00008067	jalr	x0,0(x1)	  x1:0x001013b8  x0=0x00000000
          20720	     10356	001013b8	a18b0513	addi	x10,x22,-1512	 x22:0x00102000 x10=0x00101a18
          20724	     10358	001013bc	ce5fe0ef	jal	x1,1000a0	  x1=0x001013c0
          20728	     10360	001000a0	00054803	lbu	x16,0(x10)	 x10:0x00101a18 x16=0x00000020 PA:0x00101a18 store:0x00000000
          20730	     10361	001000a4	06080663	beq	x16,x0,100110	 x16:0x00000020  x0:0x00000000
          20732	     10362	001000a8	000207b7	lui	x15,0x20	 x15=0x00020000
          20736	     10364	001000ac	0107a023	sw	x16,0(x15)	 x15:0x00020000 x16:0x00000020 PA:0x00020000 store:0x00000020 load:0x00000000
          20740	     10366	001000b0	00154703	lbu	x14,1(x10)	 x10:0x00101a18 x14=0x00000072 PA:0x00101a19 store:0x001013c0
          20742	     10367	001000b4	04070e63	beq	x14,x0,100110	 x14:0x00000072  x0:0x00000000
          20746	     10369	001000b8	00e7a023	sw	x14,0(x15)	 x15:0x00020000 x14:0x00000072 PA:0x00020000 store:0x00000072 load:0x00000000
          20750	     10371	001000bc	00254283	lbu	x5,2(x10)	 x10:0x00101a18  x5=0x00000065 PA:0x00101a1a store:0x00137fa0
          20752	     10372	001000c0	04028863	beq	x5,x0,100110	  x5:0x00000065  x0:0x00000000
          20756	     10374	001000c4	0057a023	sw	x5,0(x15)	 x15:0x00020000  x5:0x00000065 PA:0x00020000 store:0x00000065 load:0x00000000
          20760	     10376	001000c8	00354303	lbu	x6,3(x10)	 x10:0x00101a18  x6=0x00000073 PA:0x00101a1b store:0x00000000
          20762	     10377	001000cc	04030263	beq	x6,x0,100110	  x6:0x00000073  x0:0x00000000
          20766	     10379	001000d0	0067a023	sw	x6,0(x15)	 x15:0x00020000  x6:0x00000073 PA:0x00020000 store:0x00000073 load:0x00000000
          20770	     10381	001000d4	00454383	lbu	x7,4(x10)	 x10:0x00101a18  x7=0x00000075 PA:0x00101a1c store:0x00000000
          20772	     10382	001000d8	02038c63	beq	x7,x0,100110	  x7:0x00000075  x0:0x00000000
          20776	     10384	001000dc	0077a023	sw	x7,0(x15)	 x15:0x00020000  x7:0x00000075 PA:0x00020000 store:0x00000075 load:0x00000000
          20780	     10386	001000e0	00554583	lbu	x11,5(x10)	 x10:0x00101a18 x11=0x0000006c PA:0x00101a1d store:0x00000065
          20782	     10387	001000e4	02058663	beq	x11,x0,100110	 x11:0x0000006c  x0:0x00000000
          20786	     10389	001000e8	00b7a023	sw	x11,0(x15)	 x15:0x00020000 x11:0x0000006c PA:0x00020000 store:0x0000006c load:0x00000000
          20790	     10391	001000ec	00654603	lbu	x12,6(x10)	 x10:0x00101a18 x12=0x00000074 PA:0x00101a1e store:0x00000073
          20792	     10392	001000f0	02060063	beq	x12,x0,100110	 x12:0x00000074  x0:0x00000000
          20796	     10394	001000f4	00c7a023	sw	x12,0(x15)	 x15:0x00020000 x12:0x00000074 PA:0x00020000 store:0x00000074 load:0x00000000
          20800	     10396	001000f8	00754683	lbu	x13,7(x10)	 x10:0x00101a18 x13=0x0000003a PA:0x00101a1f store:0x00000075
          20802	     10397	001000fc	00850513	addi	x10,x10,8	 x10:0x00101a18 x10=0x00101a20
          20804	     10398	00100100	00068863	beq	x13,x0,100110	 x13:0x0000003a  x0:0x00000000
          20808	     10400	00100104	00d7a023	sw	x13,0(x15)	 x15:0x00020000 x13:0x0000003a PA:0x00020000 store:0x0000003a load:0x00000000
          20812	     10402	00100108	00054803	lbu	x16,0(x10)	 x10:0x00101a20 x16=0x00000020 PA:0x00101a20 store:0x00000000
          20816	     10404	0010010c	fa0810e3	bne	x16,x0,1000ac	 x16:0x00000020  x0:0x00000000
          20822	     10407	001000ac	0107a023	sw	x16,0(x15)	 x15:0x00020000 x16:0x00000020 PA:0x00020000 store:0x00000020 load:0x00000000
          20826	     10409	001000b0	00154703	lbu	x14,1(x10)	 x10:0x00101a20 x14=0x00000000 PA:0x00101a21 store:0x001013c0
          20830	     10411	001000b4	04070e63	beq	x14,x0,100110	 x14:0x00000000  x0:0x00000000
          20834	     10413	00100110	00000513	addi	x10,x0,0	  x0:0x00000000 x10=0x00000000
          20838	     10415	00100114	00008067	jalr	x0,0(x1)	  x1:0x001013c0  x0=0x00000000
          20842	     10417	001013c0	cf8a2503	lw	x10,-776(x20)	 x20:0x00102000 x10=0x3f8062ca PA:0x00101cf8 store:0x00000008
          20844	     10418	001013c4	003c0d93	addi	x27,x24,3	 x24:0x00000008 x27=0x0000000b
          20846	     10419	001013c8	004c0c13	addi	x24,x24,4	 x24:0x00000008 x24=0x0000000c
          20850	     10421	001013cc	d55fe0ef	jal	x1,100120	  x1=0x001013d0
          20852	     10422	00100120	01c55793	srli	x15,x10,0x1c	 x10:0x3f8062ca x15=0x00000003
          20854	     10423	00100124	00900713	addi	x14,x0,9	  x0:0x00000000 x14=0x00000009
          20858	     10425	00100128	0cf77a63	bgeu	x14,x15,1001fc	 x14:0x00000009 x15:0x00000003
          20862	     10427	001001fc	03078393	addi	x7,x15,48	 x15:0x00000003  x7=0x00000033
          20864	     10428	00100200	000205b7	lui	x11,0x20	 x11=0x00020000
          20866	     10429	00100204	00451613	slli	x12,x10,0x4	 x10:0x3f8062ca x12=0xf8062ca0
          20870	     10431	00100208	0075a023	sw	x7,0(x11)	 x11:0x00020000  x7:0x00000033 PA:0x00020000 store:0x00000033 load:0x00000000
          20872	     10432	0010020c	01c65693	srli	x13,x12,0x1c	 x12:0xf8062ca0 x13=0x0000000f
          20874	     10433	00100210	00900813	addi	x16,x0,9	  x0:0x00000000 x16=0x00000009
          20878	     10435	00100214	f2d86ae3	bltu	x16,x13,100148	 x16:0x00000009 x13:0x0000000f
          20882	     10437	00100148	03768893	addi	x17,x13,55	 x13:0x0000000f x17=0x00000046
          20884	     10438	0010014c	00020e37	lui	x28,0x20	 x28=0x00020000
          20886	     10439	00100150	00851f93	slli	x31,x10,0x8	 x10:0x3f8062ca x31=0x8062ca00
          20890	     10441	00100154	011e2023	sw	x17,0(x28)	 x28:0x00020000 x17:0x00000046 PA:0x00020000 store:0x00000046 load:0x00000000
          20892	     10442	00100158	01cfd793	srli	x15,x31,0x1c	 x31:0x8062ca00 x15=0x00000008
          20894	     10443	0010015c	00900713	addi	x14,x0,9	  x0:0x00000000 x14=0x00000009
          20898	     10445	00100160	0cf77a63	bgeu	x14,x15,100234	 x14:0x00000009 x15:0x00000008
          20902	     10447	00100234	03078393	addi	x7,x15,48	 x15:0x00000008  x7=0x00000038
          20904	     10448	00100238	000205b7	lui	x11,0x20	 x11=0x00020000
          20906	     10449	0010023c	00c51613	slli	x12,x10,0xc	 x10:0x3f8062ca x12=0x062ca000
          20910	     10451	00100240	0075a023	sw	x7,0(x11)	 x11:0x00020000  x7:0x00000038 PA:0x00020000 store:0x00000038 load:0x00000000
          20912	     10452	00100244	01c65693	srli	x13,x12,0x1c	 x12:0x062ca000 x13=0x00000000
          20914	     10453	00100248	00900813	addi	x16,x0,9	  x0:0x00000000 x16=0x00000009
          20916	     10454	0010024c	f2d86ae3	bltu	x16,x13,100180	 x16:0x00000009 x13:0x00000000
          20918	     10455	00100250	03068e93	addi	x29,x13,48	 x13:0x00000000 x29=0x00000030
          20920	     10456	00100254	00020f37	lui	x30,0x20	 x30=0x00020000
          20922	     10457	00100258	01051f93	slli	x31,x10,0x10	 x10:0x3f8062ca x31=0x62ca0000
          20926	     10459	0010025c	01df2023	sw	x29,0(x30)	 x30:0x00020000 x29:0x00000030 PA:0x00020000 store:0x00000030 load:0x00000000
          20928	     10460	00100260	01cfd793	srli	x15,x31,0x1c	 x31:0x62ca0000 x15=0x00000006
          20930	     10461	00100264	00900713	addi	x14,x0,9	  x0:0x00000000 x14=0x00000009
          20932	     10462	00100268	f2f76ae3	bltu	x14,x15,10019c	 x14:0x00000009 x15:0x00000006
          20934	     10463	0010026c	03078393	addi	x7,x15,48	 x15:0x00000006  x7=0x00000036
          20936	     10464	00100270	000205b7	lui	x11,0x20	 x11=0x00020000
          20938	     10465	00100274	01451613	slli	x12,x10,0x14	 x10:0x3f8062ca x12=0x2ca00000
          20942	     10467	00100278	0075a023	sw	x7,0(x11)	 x11:0x00020000  x7:0x00000036 PA:0x00020000 store:0x00000036 load:0x00000000
          20944	     10468	0010027c	01c65693	srli	x13,x12,0x1c	 x12:0x2ca00000 x13=0x00000002
          20946	     10469	00100280	00900813	addi	x16,x0,9	  x0:0x00000000 x16=0x00000009
          20948	     10470	00100284	f2d86ae3	bltu	x16,x13,1001b8	 x16:0x00000009 x13:0x00000002
          20950	     10471	00100288	03068e93	addi	x29,x13,48	 x13:0x00000002 x29=0x00000032
          20952	     10472	0010028c	00020f37	lui	x30,0x20	 x30=0x00020000
          20954	     10473	00100290	01851f93	slli	x31,x10,0x18	 x10:0x3f8062ca x31=0xca000000
          20958	     10475	00100294	01df2023	sw	x29,0(x30)	 x30:0x00020000 x29:0x00000032 PA:0x00020000 store:0x00000032 load:0x00000000
          20960	     10476	00100298	01cfd793	srli	x15,x31,0x1c	 x31:0xca000000 x15=0x0000000c
          20962	     10477	0010029c	00900713	addi	x14,x0,9	  x0:0x00000000 x14=0x00000009
          20966	     10479	001002a0	f2f76ae3	bltu	x14,x15,1001d4	 x14:0x00000009 x15:0x0000000c
          20970	     10481	001001d4	03778293	addi	x5,x15,55	 x15:0x0000000c  x5=0x00000043
          20972	     10482	001001d8	00020337	lui	x6,0x20	  x6=0x00020000
          20976	     10484	001001dc	00532023	sw	x5,0(x6)	  x6:0x00020000  x5:0x00000043 PA:0x00020000 store:0x00000043 load:0x00000000
          20978	     10485	001001e0	00f57513	andi	x10,x10,15	 x10:0x3f8062ca x10=0x0000000a
          20980	     10486	001001e4	00900613	addi	x12,x0,9	  x0:0x00000000 x12=0x00000009
          20984	     10488	001001e8	0ca66a63	bltu	x12,x10,1002bc	 x12:0x00000009 x10:0x0000000a
          20988	     10490	001002bc	03750693	addi	x13,x10,55	 x10:0x0000000a x13=0x00000041
          20990	     10491	001002c0	00020837	lui	x16,0x20	 x16=0x00020000
          20994	     10493	001002c4	00d82023	sw	x13,0(x16)	 x16:0x00020000 x13:0x00000041 PA:0x00020000 store:0x00000041 load:0x00000000
          20998	     10495	001002c8	00008067	jalr	x0,0(x1)	  x1:0x001013d0  x0=0x00000000
          21006	     10499	001013d0	a10a8513	addi	x10,x21,-1520	 x21:0x00102000 x10=0x00101a10
          21008	     10500	001013d4	d089a987	flw	f19,-760(x19)	 f19:0x00102000 f19=0x00000000 PA:0x00101d08 store:0x3f818cf4
          21028	     10510	001013d8	5809fa53	fsqrt.s	f20,f19	 f19:0x00102000 f20=0x00000000
          21032	     10512	001013dc	d149a427	fsw	f20,-760(x19)	 f19:0x00102000 f20:0x00102000 PA:0x00101d08 store:0x3f80315b load:0x3f8062ca
          21036	     10514	001013e0	d089aa87	flw	f21,-760(x19)	 f19:0x00102000 f21=0x00000000 PA:0x00101d08 store:0x3f818cf4
          21038	     10515	001013e4	e00a82d3	fmv.x.w	x5,f21	 f21:0x00102000  x5=0x3f80315b
          21040	     10516	001013e8	ce5a2c23	sw	x5,-776(x20)	 x20:0x00102000  x5:0x3f80315b PA:0x00101cf8 store:0x3f80315b load:0x3f80315b
          21044	     10518	001013ec	cb5fe0ef	jal	x1,1000a0	  x1=0x001013f0
          21048	     10520	001000a0	00054803	lbu	x16,0(x10)	 x10:0x00101a10 x16=0x0000000a PA:0x00101a10 store:0x00000000
          21050	     10521	001000a4	06080663	beq	x16,x0,100110	 x16:0x0000000a  x0:0x00000000
          21052	     10522	001000a8	000207b7	lui	x15,0x20	 x15=0x00020000
          21056	     10524	001000ac	0107a023	sw	x16,0(x15)	 x15:0x00020000 x16:0x0000000a PA:0x00020000 store:0x0000000a load:0x00000000
          21060	     10526	001000b0	00154703	lbu	x14,1(x10)	 x10:0x00101a10 x14=0x00000020 PA:0x00101a11 store:0x001013f0
          21062	     10527	001000b4	04070e63	beq	x14,x0,100110	 x14:0x00000020  x0:0x00000000
          21066	     10529	001000b8	00e7a023	sw	x14,0(x15)	 x15:0x00020000 x14:0x00000020 PA:0x00020000 store:0x00000020 load:0x00000000
          21070	     10531	001000bc	00254283	lbu	x5,2(x10)	 x10:0x00101a10  x5=0x00000069 PA:0x00101a12 store:0x00137fa0
          21072	     10532	001000c0	04028863	beq	x5,x0,100110	  x5:0x00000069  x0:0x00000000
          21076	     10534	001000c4	0057a023	sw	x5,0(x15)	 x15:0x00020000  x5:0x00000069 PA:0x00020000 store:0x00000069 load:0x00000000
          21080	     10536	001000c8	00354303	lbu	x6,3(x10)	 x10:0x00101a10  x6=0x0000003d PA:0x00101a13 store:0x00000000
          21082	     10537	001000cc	04030263	beq	x6,x0,100110	  x6:0x0000003d  x0:0x00000000
          21086	     10539	001000d0	0067a023	sw	x6,0(x15)	 x15:0x00020000  x6:0x0000003d PA:0x00020000 store:0x0000003d load:0x00000000
          21090	     10541	001000d4	00454383	lbu	x7,4(x10)	 x10:0x00101a10  x7=0x00000000 PA:0x00101a14 store:0x00000000
          21094	     10543	001000d8	02038c63	beq	x7,x0,100110	  x7:0x00000000  x0:0x00000000
          21098	     10545	00100110	00000513	addi	x10,x0,0	  x0:0x00000000 x10=0x00000000
          21102	     10547	00100114	00008067	jalr	x0,0(x1)	  x1:0x001013f0  x0=0x00000000
          21104	     10548	001013f0	000d8513	addi	x10,x27,0	 x27:0x0000000b x10=0x0000000b
          21108	     10550	001013f4	d2dfe0ef	jal	x1,100120	  x1=0x001013f8
          21110	     10551	00100120	01c55793	srli	x15,x10,0x1c	 x10:0x0000000b x15=0x00000000
          21112	     10552	00100124	00900713	addi	x14,x0,9	  x0:0x00000000 x14=0x00000009
          21116	     10554	00100128	0cf77a63	bgeu	x14,x15,1001fc	 x14:0x00000009 x15:0x00000000
          21120	     10556	001001fc	03078393	addi	x7,x15,48	 x15:0x00000000  x7=0x00000030
          21122	     10557	00100200	000205b7	lui	x11,0x20	 x11=0x00020000
          21124	     10558	00100204	00451613	slli	x12,x10,0x4	 x10:0x0000000b x12=0x000000b0
          21128	     10560	00100208	0075a023	sw	x7,0(x11)	 x11:0x00020000  x7:0x00000030 PA:0x00020000 store:0x00000030 load:0x00000000
          21130	     10561	0010020c	01c65693	srli	x13,x12,0x1c	 x12:0x000000b0 x13=0x00000000
          21132	     10562	00100210	00900813	addi	x16,x0,9	  x0:0x00000000 x16=0x00000009
          21134	     10563	00100214	f2d86ae3	bltu	x16,x13,100148	 x16:0x00000009 x13:0x00000000
          21136	     10564	00100218	03068e93	addi	x29,x13,48	 x13:0x00000000 x29=0x00000030
          21138	     10565	0010021c	00020f37	lui	x30,0x20	 x30=0x00020000
          21140	     10566	00100220	00851f93	slli	x31,x10,0x8	 x10:0x0000000b x31=0x00000b00
          21144	     10568	00100224	01df2023	sw	x29,0(x30)	 x30:0x00020000 x29:0x00000030 PA:0x00020000 store:0x00000030 load:0x00000000
          21146	     10569	00100228	01cfd793	srli	x15,x31,0x1c	 x31:0x00000b00 x15=0x00000000
          21148	     10570	0010022c	00900713	addi	x14,x0,9	  x0:0x00000000 x14=0x00000009
          21150	     10571	00100230	f2f76ae3	bltu	x14,x15,100164	 x14:0x00000009 x15:0x00000000
          21152	     10572	00100234	03078393	addi	x7,x15,48	 x15:0x00000000  x7=0x00000030
          21154	     10573	00100238	000205b7	lui	x11,0x20	 x11=0x00020000
          21156	     10574	0010023c	00c51613	slli	x12,x10,0xc	 x10:0x0000000b x12=0x0000b000
          21160	     10576	00100240	0075a023	sw	x7,0(x11)	 x11:0x00020000  x7:0x00000030 PA:0x00020000 store:0x00000030 load:0x00000000
          21162	     10577	00100244	01c65693	srli	x13,x12,0x1c	 x12:0x0000b000 x13=0x00000000
          21164	     10578	00100248	00900813	addi	x16,x0,9	  x0:0x00000000 x16=0x00000009
          21166	     10579	0010024c	f2d86ae3	bltu	x16,x13,100180	 x16:0x00000009 x13:0x00000000
          21168	     10580	00100250	03068e93	addi	x29,x13,48	 x13:0x00000000 x29=0x00000030
          21170	     10581	00100254	00020f37	lui	x30,0x20	 x30=0x00020000
          21172	     10582	00100258	01051f93	slli	x31,x10,0x10	 x10:0x0000000b x31=0x000b0000
          21176	     10584	0010025c	01df2023	sw	x29,0(x30)	 x30:0x00020000 x29:0x00000030 PA:0x00020000 store:0x00000030 load:0x00000000
          21178	     10585	00100260	01cfd793	srli	x15,x31,0x1c	 x31:0x000b0000 x15=0x00000000
          21180	     10586	00100264	00900713	addi	x14,x0,9	  x0:0x00000000 x14=0x00000009
          21182	     10587	00100268	f2f76ae3	bltu	x14,x15,10019c	 x14:0x00000009 x15:0x00000000
          21184	     10588	0010026c	03078393	addi	x7,x15,48	 x15:0x00000000  x7=0x00000030
          21186	     10589	00100270	000205b7	lui	x11,0x20	 x11=0x00020000
          21188	     10590	00100274	01451613	slli	x12,x10,0x14	 x10:0x0000000b x12=0x00b00000
          21192	     10592	00100278	0075a023	sw	x7,0(x11)	 x11:0x00020000  x7:0x00000030 PA:0x00020000 store:0x00000030 load:0x00000000
          21194	     10593	0010027c	01c65693	srli	x13,x12,0x1c	 x12:0x00b00000 x13=0x00000000
          21196	     10594	00100280	00900813	addi	x16,x0,9	  x0:0x00000000 x16=0x00000009
          21198	     10595	00100284	f2d86ae3	bltu	x16,x13,1001b8	 x16:0x00000009 x13:0x00000000
          21200	     10596	00100288	03068e93	addi	x29,x13,48	 x13:0x00000000 x29=0x00000030
          21202	     10597	0010028c	00020f37	lui	x30,0x20	 x30=0x00020000
          21204	     10598	00100290	01851f93	slli	x31,x10,0x18	 x10:0x0000000b x31=0x0b000000
          21208	     10600	00100294	01df2023	sw	x29,0(x30)	 x30:0x00020000 x29:0x00000030 PA:0x00020000 store:0x00000030 load:0x00000000
          21210	     10601	00100298	01cfd793	srli	x15,x31,0x1c	 x31:0x0b000000 x15=0x00000000
          21212	     10602	0010029c	00900713	addi	x14,x0,9	  x0:0x00000000 x14=0x00000009
          21214	     10603	001002a0	f2f76ae3	bltu	x14,x15,1001d4	 x14:0x00000009 x15:0x00000000
          21216	     10604	001002a4	03078393	addi	x7,x15,48	 x15:0x00000000  x7=0x00000030
          21218	     10605	001002a8	000205b7	lui	x11,0x20	 x11=0x00020000
          21222	     10607	001002ac	0075a023	sw	x7,0(x11)	 x11:0x00020000  x7:0x00000030 PA:0x00020000 store:0x00000030 load:0x00000000
          21224	     10608	001002b0	00f57513	andi	x10,x10,15	 x10:0x0000000b x10=0x0000000b
          21226	     10609	001002b4	00900613	addi	x12,x0,9	  x0:0x00000000 x12=0x00000009
          21228	     10610	001002b8	f2a67ae3	bgeu	x12,x10,1001ec	 x12:0x00000009 x10:0x0000000b
          21230	     10611	001002bc	03750693	addi	x13,x10,55	 x10:0x0000000b x13=0x00000042
          21232	     10612	001002c0	00020837	lui	x16,0x20	 x16=0x00020000
          21236	     10614	001002c4	00d82023	sw	x13,0(x16)	 x16:0x00020000 x13:0x00000042 PA:0x00020000 store:0x00000042 load:0x00000000
          21240	     10616	001002c8	00008067	jalr	x0,0(x1)	  x1:0x001013f8  x0=0x00000000
          21242	     10617	001013f8	a18b0513	addi	x10,x22,-1512	 x22:0x00102000 x10=0x00101a18
          21246	     10619	001013fc	ca5fe0ef	jal	x1,1000a0	  x1=0x00101400
          21250	     10621	001000a0	00054803	lbu	x16,0(x10)	 x10:0x00101a18 x16=0x00000020 PA:0x00101a18 store:0x00000000
          21252	     10622	001000a4	06080663	beq	x16,x0,100110	 x16:0x00000020  x0:0x00000000
          21254	     10623	001000a8	000207b7	lui	x15,0x20	 x15=0x00020000
          21258	     10625	001000ac	0107a023	sw	x16,0(x15)	 x15:0x00020000 x16:0x00000020 PA:0x00020000 store:0x00000020 load:0x00000000
          21262	     10627	001000b0	00154703	lbu	x14,1(x10)	 x10:0x00101a18 x14=0x00000072 PA:0x00101a19 store:0x00101400
          21264	     10628	001000b4	04070e63	beq	x14,x0,100110	 x14:0x00000072  x0:0x00000000
          21268	     10630	001000b8	00e7a023	sw	x14,0(x15)	 x15:0x00020000 x14:0x00000072 PA:0x00020000 store:0x00000072 load:0x00000000
          21272	     10632	001000bc	00254283	lbu	x5,2(x10)	 x10:0x00101a18  x5=0x00000065 PA:0x00101a1a store:0x00137fa0
          21274	     10633	001000c0	04028863	beq	x5,x0,100110	  x5:0x00000065  x0:0x00000000
          21278	     10635	001000c4	0057a023	sw	x5,0(x15)	 x15:0x00020000  x5:0x00000065 PA:0x00020000 store:0x00000065 load:0x00000000
          21282	     10637	001000c8	00354303	lbu	x6,3(x10)	 x10:0x00101a18  x6=0x00000073 PA:0x00101a1b store:0x00000000
          21284	     10638	001000cc	04030263	beq	x6,x0,100110	  x6:0x00000073  x0:0x00000000
          21288	     10640	001000d0	0067a023	sw	x6,0(x15)	 x15:0x00020000  x6:0x00000073 PA:0x00020000 store:0x00000073 load:0x00000000
          21292	     10642	001000d4	00454383	lbu	x7,4(x10)	 x10:0x00101a18  x7=0x00000075 PA:0x00101a1c store:0x00000000
          21294	     10643	001000d8	02038c63	beq	x7,x0,100110	  x7:0x00000075  x0:0x00000000
          21298	     10645	001000dc	0077a023	sw	x7,0(x15)	 x15:0x00020000  x7:0x00000075 PA:0x00020000 store:0x00000075 load:0x00000000
          21302	     10647	001000e0	00554583	lbu	x11,5(x10)	 x10:0x00101a18 x11=0x0000006c PA:0x00101a1d store:0x00000065
          21304	     10648	001000e4	02058663	beq	x11,x0,100110	 x11:0x0000006c  x0:0x00000000
          21308	     10650	001000e8	00b7a023	sw	x11,0(x15)	 x15:0x00020000 x11:0x0000006c PA:0x00020000 store:0x0000006c load:0x00000000
          21312	     10652	001000ec	00654603	lbu	x12,6(x10)	 x10:0x00101a18 x12=0x00000074 PA:0x00101a1e store:0x00000073
          21314	     10653	001000f0	02060063	beq	x12,x0,100110	 x12:0x00000074  x0:0x00000000
          21318	     10655	001000f4	00c7a023	sw	x12,0(x15)	 x15:0x00020000 x12:0x00000074 PA:0x00020000 store:0x00000074 load:0x00000000
          21322	     10657	001000f8	00754683	lbu	x13,7(x10)	 x10:0x00101a18 x13=0x0000003a PA:0x00101a1f store:0x00000075
          21324	     10658	001000fc	00850513	addi	x10,x10,8	 x10:0x00101a18 x10=0x00101a20
          21326	     10659	00100100	00068863	beq	x13,x0,100110	 x13:0x0000003a  x0:0x00000000
          21330	     10661	00100104	00d7a023	sw	x13,0(x15)	 x15:0x00020000 x13:0x0000003a PA:0x00020000 store:0x0000003a load:0x00000000
          21334	     10663	00100108	00054803	lbu	x16,0(x10)	 x10:0x00101a20 x16=0x00000020 PA:0x00101a20 store:0x00000000
          21338	     10665	0010010c	fa0810e3	bne	x16,x0,1000ac	 x16:0x00000020  x0:0x00000000
          21344	     10668	001000ac	0107a023	sw	x16,0(x15)	 x15:0x00020000 x16:0x00000020 PA:0x00020000 store:0x00000020 load:0x00000000
          21348	     10670	001000b0	00154703	lbu	x14,1(x10)	 x10:0x00101a20 x14=0x00000000 PA:0x00101a21 store:0x00101400
          21352	     10672	001000b4	04070e63	beq	x14,x0,100110	 x14:0x00000000  x0:0x00000000
          21356	     10674	00100110	00000513	addi	x10,x0,0	  x0:0x00000000 x10=0x00000000
          21360	     10676	00100114	00008067	jalr	x0,0(x1)	  x1:0x00101400  x0=0x00000000
          21364	     10678	00101400	cf8a2503	lw	x10,-776(x20)	 x20:0x00102000 x10=0x3f80315b PA:0x00101cf8 store:0x0000000c
          21368	     10680	00101404	d1dfe0ef	jal	x1,100120	  x1=0x00101408
          21370	     10681	00100120	01c55793	srli	x15,x10,0x1c	 x10:0x3f80315b x15=0x00000003
          21372	     10682	00100124	00900713	addi	x14,x0,9	  x0:0x00000000 x14=0x00000009
          21376	     10684	00100128	0cf77a63	bgeu	x14,x15,1001fc	 x14:0x00000009 x15:0x00000003
          21380	     10686	001001fc	03078393	addi	x7,x15,48	 x15:0x00000003  x7=0x00000033
          21382	     10687	00100200	000205b7	lui	x11,0x20	 x11=0x00020000
          21384	     10688	00100204	00451613	slli	x12,x10,0x4	 x10:0x3f80315b x12=0xf80315b0
          21388	     10690	00100208	0075a023	sw	x7,0(x11)	 x11:0x00020000  x7:0x00000033 PA:0x00020000 store:0x00000033 load:0x00000000
          21390	     10691	0010020c	01c65693	srli	x13,x12,0x1c	 x12:0xf80315b0 x13=0x0000000f
          21392	     10692	00100210	00900813	addi	x16,x0,9	  x0:0x00000000 x16=0x00000009
          21396	     10694	00100214	f2d86ae3	bltu	x16,x13,100148	 x16:0x00000009 x13:0x0000000f
          21400	     10696	00100148	03768893	addi	x17,x13,55	 x13:0x0000000f x17=0x00000046
          21402	     10697	0010014c	00020e37	lui	x28,0x20	 x28=0x00020000
          21404	     10698	00100150	00851f93	slli	x31,x10,0x8	 x10:0x3f80315b x31=0x80315b00
          21408	     10700	00100154	011e2023	sw	x17,0(x28)	 x28:0x00020000 x17:0x00000046 PA:0x00020000 store:0x00000046 load:0x00000000
          21410	     10701	00100158	01cfd793	srli	x15,x31,0x1c	 x31:0x80315b00 x15=0x00000008
          21412	     10702	0010015c	00900713	addi	x14,x0,9	  x0:0x00000000 x14=0x00000009
          21416	     10704	00100160	0cf77a63	bgeu	x14,x15,100234	 x14:0x00000009 x15:0x00000008
          21420	     10706	00100234	03078393	addi	x7,x15,48	 x15:0x00000008  x7=0x00000038
          21422	     10707	00100238	000205b7	lui	x11,0x20	 x11=0x00020000
          21424	     10708	0010023c	00c51613	slli	x12,x10,0xc	 x10:0x3f80315b x12=0x0315b000
          21428	     10710	00100240	0075a023	sw	x7,0(x11)	 x11:0x00020000  x7:0x00000038 PA:0x00020000 store:0x00000038 load:0x00000000
          21430	     10711	00100244	01c65693	srli	x13,x12,0x1c	 x12:0x0315b000 x13=0x00000000
          21432	     10712	00100248	00900813	addi	x16,x0,9	  x0:0x00000000 x16=0x00000009
          21434	     10713	0010024c	f2d86ae3	bltu	x16,x13,100180	 x16:0x00000009 x13:0x00000000
          21436	     10714	00100250	03068e93	addi	x29,x13,48	 x13:0x00000000 x29=0x00000030
          21438	     10715	00100254	00020f37	lui	x30,0x20	 x30=0x00020000
          21440	     10716	00100258	01051f93	slli	x31,x10,0x10	 x10:0x3f80315b x31=0x315b0000
          21444	     10718	0010025c	01df2023	sw	x29,0(x30)	 x30:0x00020000 x29:0x00000030 PA:0x00020000 store:0x00000030 load:0x00000000
          21446	     10719	00100260	01cfd793	srli	x15,x31,0x1c	 x31:0x315b0000 x15=0x00000003
          21448	     10720	00100264	00900713	addi	x14,x0,9	  x0:0x00000000 x14=0x00000009
          21450	     10721	00100268	f2f76ae3	bltu	x14,x15,10019c	 x14:0x00000009 x15:0x00000003
          21452	     10722	0010026c	03078393	addi	x7,x15,48	 x15:0x00000003  x7=0x00000033
          21454	     10723	00100270	000205b7	lui	x11,0x20	 x11=0x00020000
          21456	     10724	00100274	01451613	slli	x12,x10,0x14	 x10:0x3f80315b x12=0x15b00000
          21460	     10726	00100278	0075a023	sw	x7,0(x11)	 x11:0x00020000  x7:0x00000033 PA:0x00020000 store:0x00000033 load:0x00000000
          21462	     10727	0010027c	01c65693	srli	x13,x12,0x1c	 x12:0x15b00000 x13=0x00000001
          21464	     10728	00100280	00900813	addi	x16,x0,9	  x0:0x00000000 x16=0x00000009
          21466	     10729	00100284	f2d86ae3	bltu	x16,x13,1001b8	 x16:0x00000009 x13:0x00000001
          21468	     10730	00100288	03068e93	addi	x29,x13,48	 x13:0x00000001 x29=0x00000031
          21470	     10731	0010028c	00020f37	lui	x30,0x20	 x30=0x00020000
          21472	     10732	00100290	01851f93	slli	x31,x10,0x18	 x10:0x3f80315b x31=0x5b000000
          21476	     10734	00100294	01df2023	sw	x29,0(x30)	 x30:0x00020000 x29:0x00000031 PA:0x00020000 store:0x00000031 load:0x00000000
          21478	     10735	00100298	01cfd793	srli	x15,x31,0x1c	 x31:0x5b000000 x15=0x00000005
          21480	     10736	0010029c	00900713	addi	x14,x0,9	  x0:0x00000000 x14=0x00000009
          21482	     10737	001002a0	f2f76ae3	bltu	x14,x15,1001d4	 x14:0x00000009 x15:0x00000005
          21484	     10738	001002a4	03078393	addi	x7,x15,48	 x15:0x00000005  x7=0x00000035
          21486	     10739	001002a8	000205b7	lui	x11,0x20	 x11=0x00020000
          21490	     10741	001002ac	0075a023	sw	x7,0(x11)	 x11:0x00020000  x7:0x00000035 PA:0x00020000 store:0x00000035 load:0x00000000
          21492	     10742	001002b0	00f57513	andi	x10,x10,15	 x10:0x3f80315b x10=0x0000000b
          21494	     10743	001002b4	00900613	addi	x12,x0,9	  x0:0x00000000 x12=0x00000009
          21496	     10744	001002b8	f2a67ae3	bgeu	x12,x10,1001ec	 x12:0x00000009 x10:0x0000000b
          21498	     10745	001002bc	03750693	addi	x13,x10,55	 x10:0x0000000b x13=0x00000042
          21500	     10746	001002c0	00020837	lui	x16,0x20	 x16=0x00020000
          21504	     10748	001002c4	00d82023	sw	x13,0(x16)	 x16:0x00020000 x13:0x00000042 PA:0x00020000 store:0x00000042 load:0x00000000
          21508	     10750	001002c8	00008067	jalr	x0,0(x1)	  x1:0x00101408  x0=0x00000000
          21512	     10752	00101408	f1ac18e3	bne	x24,x26,101318	 x24:0x0000000c x26:0x00000014
          21520	     10756	00101318	d089a607	flw	f12,-760(x19)	 f19:0x00102000 f12=0x00000000 PA:0x00101d08 store:0x3f818cf4
          21542	     10767	0010131c	580676d3	fsqrt.s	f13,f12	 f12:0x00000009 f13=0x00000000
          21546	     10769	00101320	d0d9a427	fsw	f13,-760(x19)	 f19:0x00102000 f13:0x00000042 PA:0x00101d08 store:0x3f8018ab load:0x3f80315b
          21550	     10771	00101324	d089a387	flw	f7,-760(x19)	 f19:0x00102000  f7=0x00000000 PA:0x00101d08 store:0x3f818cf4
          21554	     10773	00101328	a10a8513	addi	x10,x21,-1520	 x21:0x00102000 x10=0x00101a10
          21556	     10774	0010132c	e00386d3	fmv.x.w	x13,f7	  f7:0x00000035 x13=0x3f8018ab
          21558	     10775	00101330	ceda2c23	sw	x13,-776(x20)	 x20:0x00102000 x13:0x3f8018ab PA:0x00101cf8 store:0x3f8018ab load:0x3f8018ab
          21560	     10776	00101334	d6dfe0ef	jal	x1,1000a0	  x1=0x00101338
          21564	     10778	001000a0	00054803	lbu	x16,0(x10)	 x10:0x00101a10 x16=0x0000000a PA:0x00101a10 store:0x00000000
          21566	     10779	001000a4	06080663	beq	x16,x0,100110	 x16:0x0000000a  x0:0x00000000
          21568	     10780	001000a8	000207b7	lui	x15,0x20	 x15=0x00020000
          21572	     10782	001000ac	0107a023	sw	x16,0(x15)	 x15:0x00020000 x16:0x0000000a PA:0x00020000 store:0x0000000a load:0x00000000
          21576	     10784	001000b0	00154703	lbu	x14,1(x10)	 x10:0x00101a10 x14=0x00000020 PA:0x00101a11 store:0x00101338
          21578	     10785	001000b4	04070e63	beq	x14,x0,100110	 x14:0x00000020  x0:0x00000000
          21582	     10787	001000b8	00e7a023	sw	x14,0(x15)	 x15:0x00020000 x14:0x00000020 PA:0x00020000 store:0x00000020 load:0x00000000
          21586	     10789	001000bc	00254283	lbu	x5,2(x10)	 x10:0x00101a10  x5=0x00000069 PA:0x00101a12 store:0x00137fa0
          21588	     10790	001000c0	04028863	beq	x5,x0,100110	  x5:0x00000069  x0:0x00000000
          21592	     10792	001000c4	0057a023	sw	x5,0(x15)	 x15:0x00020000  x5:0x00000069 PA:0x00020000 store:0x00000069 load:0x00000000
          21596	     10794	001000c8	00354303	lbu	x6,3(x10)	 x10:0x00101a10  x6=0x0000003d PA:0x00101a13 store:0x00000000
          21598	     10795	001000cc	04030263	beq	x6,x0,100110	  x6:0x0000003d  x0:0x00000000
          21602	     10797	001000d0	0067a023	sw	x6,0(x15)	 x15:0x00020000  x6:0x0000003d PA:0x00020000 store:0x0000003d load:0x00000000
          21606	     10799	001000d4	00454383	lbu	x7,4(x10)	 x10:0x00101a10  x7=0x00000000 PA:0x00101a14 store:0x00000000
          21610	     10801	001000d8	02038c63	beq	x7,x0,100110	  x7:0x00000000  x0:0x00000000
          21614	     10803	00100110	00000513	addi	x10,x0,0	  x0:0x00000000 x10=0x00000000
          21618	     10805	00100114	00008067	jalr	x0,0(x1)	  x1:0x00101338  x0=0x00000000
          21620	     10806	00101338	000c0513	addi	x10,x24,0	 x24:0x0000000c x10=0x0000000c
          21624	     10808	0010133c	de5fe0ef	jal	x1,100120	  x1=0x00101340
          21626	     10809	00100120	01c55793	srli	x15,x10,0x1c	 x10:0x0000000c x15=0x00000000
          21628	     10810	00100124	00900713	addi	x14,x0,9	  x0:0x00000000 x14=0x00000009
          21632	     10812	00100128	0cf77a63	bgeu	x14,x15,1001fc	 x14:0x00000009 x15:0x00000000
          21636	     10814	001001fc	03078393	addi	x7,x15,48	 x15:0x00000000  x7=0x00000030
          21638	     10815	00100200	000205b7	lui	x11,0x20	 x11=0x00020000
          21640	     10816	00100204	00451613	slli	x12,x10,0x4	 x10:0x0000000c x12=0x000000c0
          21644	     10818	00100208	0075a023	sw	x7,0(x11)	 x11:0x00020000  x7:0x00000030 PA:0x00020000 store:0x00000030 load:0x00000000
          21646	     10819	0010020c	01c65693	srli	x13,x12,0x1c	 x12:0x000000c0 x13=0x00000000
          21648	     10820	00100210	00900813	addi	x16,x0,9	  x0:0x00000000 x16=0x00000009
          21650	     10821	00100214	f2d86ae3	bltu	x16,x13,100148	 x16:0x00000009 x13:0x00000000
          21652	     10822	00100218	03068e93	addi	x29,x13,48	 x13:0x00000000 x29=0x00000030
          21654	     10823	0010021c	00020f37	lui	x30,0x20	 x30=0x00020000
          21656	     10824	00100220	00851f93	slli	x31,x10,0x8	 x10:0x0000000c x31=0x00000c00
          21660	     10826	00100224	01df2023	sw	x29,0(x30)	 x30:0x00020000 x29:0x00000030 PA:0x00020000 store:0x00000030 load:0x00000000
          21662	     10827	00100228	01cfd793	srli	x15,x31,0x1c	 x31:0x00000c00 x15=0x00000000
          21664	     10828	0010022c	00900713	addi	x14,x0,9	  x0:0x00000000 x14=0x00000009
          21666	     10829	00100230	f2f76ae3	bltu	x14,x15,100164	 x14:0x00000009 x15:0x00000000
          21668	     10830	00100234	03078393	addi	x7,x15,48	 x15:0x00000000  x7=0x00000030
          21670	     10831	00100238	000205b7	lui	x11,0x20	 x11=0x00020000
          21672	     10832	0010023c	00c51613	slli	x12,x10,0xc	 x10:0x0000000c x12=0x0000c000
          21676	     10834	00100240	0075a023	sw	x7,0(x11)	 x11:0x00020000  x7:0x00000030 PA:0x00020000 store:0x00000030 load:0x00000000
          21678	     10835	00100244	01c65693	srli	x13,x12,0x1c	 x12:0x0000c000 x13=0x00000000
          21680	     10836	00100248	00900813	addi	x16,x0,9	  x0:0x00000000 x16=0x00000009
          21682	     10837	0010024c	f2d86ae3	bltu	x16,x13,100180	 x16:0x00000009 x13:0x00000000
          21684	     10838	00100250	03068e93	addi	x29,x13,48	 x13:0x00000000 x29=0x00000030
          21686	     10839	00100254	00020f37	lui	x30,0x20	 x30=0x00020000
          21688	     10840	00100258	01051f93	slli	x31,x10,0x10	 x10:0x0000000c x31=0x000c0000
          21692	     10842	0010025c	01df2023	sw	x29,0(x30)	 x30:0x00020000 x29:0x00000030 PA:0x00020000 store:0x00000030 load:0x00000000
          21694	     10843	00100260	01cfd793	srli	x15,x31,0x1c	 x31:0x000c0000 x15=0x00000000
          21696	     10844	00100264	00900713	addi	x14,x0,9	  x0:0x00000000 x14=0x00000009
          21698	     10845	00100268	f2f76ae3	bltu	x14,x15,10019c	 x14:0x00000009 x15:0x00000000
          21700	     10846	0010026c	03078393	addi	x7,x15,48	 x15:0x00000000  x7=0x00000030
          21702	     10847	00100270	000205b7	lui	x11,0x20	 x11=0x00020000
          21704	     10848	00100274	01451613	slli	x12,x10,0x14	 x10:0x0000000c x12=0x00c00000
          21708	     10850	00100278	0075a023	sw	x7,0(x11)	 x11:0x00020000  x7:0x00000030 PA:0x00020000 store:0x00000030 load:0x00000000
          21710	     10851	0010027c	01c65693	srli	x13,x12,0x1c	 x12:0x00c00000 x13=0x00000000
          21712	     10852	00100280	00900813	addi	x16,x0,9	  x0:0x00000000 x16=0x00000009
          21714	     10853	00100284	f2d86ae3	bltu	x16,x13,1001b8	 x16:0x00000009 x13:0x00000000
          21716	     10854	00100288	03068e93	addi	x29,x13,48	 x13:0x00000000 x29=0x00000030
          21718	     10855	0010028c	00020f37	lui	x30,0x20	 x30=0x00020000
          21720	     10856	00100290	01851f93	slli	x31,x10,0x18	 x10:0x0000000c x31=0x0c000000
          21724	     10858	00100294	01df2023	sw	x29,0(x30)	 x30:0x00020000 x29:0x00000030 PA:0x00020000 store:0x00000030 load:0x00000000
          21726	     10859	00100298	01cfd793	srli	x15,x31,0x1c	 x31:0x0c000000 x15=0x00000000
          21728	     10860	0010029c	00900713	addi	x14,x0,9	  x0:0x00000000 x14=0x00000009
          21730	     10861	001002a0	f2f76ae3	bltu	x14,x15,1001d4	 x14:0x00000009 x15:0x00000000
          21732	     10862	001002a4	03078393	addi	x7,x15,48	 x15:0x00000000  x7=0x00000030
          21734	     10863	001002a8	000205b7	lui	x11,0x20	 x11=0x00020000
          21738	     10865	001002ac	0075a023	sw	x7,0(x11)	 x11:0x00020000  x7:0x00000030 PA:0x00020000 store:0x00000030 load:0x00000000
          21740	     10866	001002b0	00f57513	andi	x10,x10,15	 x10:0x0000000c x10=0x0000000c
          21742	     10867	001002b4	00900613	addi	x12,x0,9	  x0:0x00000000 x12=0x00000009
          21744	     10868	001002b8	f2a67ae3	bgeu	x12,x10,1001ec	 x12:0x00000009 x10:0x0000000c
          21746	     10869	001002bc	03750693	addi	x13,x10,55	 x10:0x0000000c x13=0x00000043
          21748	     10870	001002c0	00020837	lui	x16,0x20	 x16=0x00020000
          21752	     10872	001002c4	00d82023	sw	x13,0(x16)	 x16:0x00020000 x13:0x00000043 PA:0x00020000 store:0x00000043 load:0x00000000
          21756	     10874	001002c8	00008067	jalr	x0,0(x1)	  x1:0x00101340  x0=0x00000000
          21758	     10875	00101340	a18b0513	addi	x10,x22,-1512	 x22:0x00102000 x10=0x00101a18
          21762	     10877	00101344	d5dfe0ef	jal	x1,1000a0	  x1=0x00101348
          21766	     10879	001000a0	00054803	lbu	x16,0(x10)	 x10:0x00101a18 x16=0x00000020 PA:0x00101a18 store:0x00000000
          21768	     10880	001000a4	06080663	beq	x16,x0,100110	 x16:0x00000020  x0:0x00000000
          21770	     10881	001000a8	000207b7	lui	x15,0x20	 x15=0x00020000
          21774	     10883	001000ac	0107a023	sw	x16,0(x15)	 x15:0x00020000 x16:0x00000020 PA:0x00020000 store:0x00000020 load:0x00000000
          21778	     10885	001000b0	00154703	lbu	x14,1(x10)	 x10:0x00101a18 x14=0x00000072 PA:0x00101a19 store:0x00101348
          21780	     10886	001000b4	04070e63	beq	x14,x0,100110	 x14:0x00000072  x0:0x00000000
          21784	     10888	001000b8	00e7a023	sw	x14,0(x15)	 x15:0x00020000 x14:0x00000072 PA:0x00020000 store:0x00000072 load:0x00000000
          21788	     10890	001000bc	00254283	lbu	x5,2(x10)	 x10:0x00101a18  x5=0x00000065 PA:0x00101a1a store:0x00137fa0
          21790	     10891	001000c0	04028863	beq	x5,x0,100110	  x5:0x00000065  x0:0x00000000
          21794	     10893	001000c4	0057a023	sw	x5,0(x15)	 x15:0x00020000  x5:0x00000065 PA:0x00020000 store:0x00000065 load:0x00000000
          21798	     10895	001000c8	00354303	lbu	x6,3(x10)	 x10:0x00101a18  x6=0x00000073 PA:0x00101a1b store:0x00000000
          21800	     10896	001000cc	04030263	beq	x6,x0,100110	  x6:0x00000073  x0:0x00000000
          21804	     10898	001000d0	0067a023	sw	x6,0(x15)	 x15:0x00020000  x6:0x00000073 PA:0x00020000 store:0x00000073 load:0x00000000
          21808	     10900	001000d4	00454383	lbu	x7,4(x10)	 x10:0x00101a18  x7=0x00000075 PA:0x00101a1c store:0x00000000
          21810	     10901	001000d8	02038c63	beq	x7,x0,100110	  x7:0x00000075  x0:0x00000000
          21814	     10903	001000dc	0077a023	sw	x7,0(x15)	 x15:0x00020000  x7:0x00000075 PA:0x00020000 store:0x00000075 load:0x00000000
          21818	     10905	001000e0	00554583	lbu	x11,5(x10)	 x10:0x00101a18 x11=0x0000006c PA:0x00101a1d store:0x00000065
          21820	     10906	001000e4	02058663	beq	x11,x0,100110	 x11:0x0000006c  x0:0x00000000
          21824	     10908	001000e8	00b7a023	sw	x11,0(x15)	 x15:0x00020000 x11:0x0000006c PA:0x00020000 store:0x0000006c load:0x00000000
          21828	     10910	001000ec	00654603	lbu	x12,6(x10)	 x10:0x00101a18 x12=0x00000074 PA:0x00101a1e store:0x00000073
          21830	     10911	001000f0	02060063	beq	x12,x0,100110	 x12:0x00000074  x0:0x00000000
          21834	     10913	001000f4	00c7a023	sw	x12,0(x15)	 x15:0x00020000 x12:0x00000074 PA:0x00020000 store:0x00000074 load:0x00000000
          21838	     10915	001000f8	00754683	lbu	x13,7(x10)	 x10:0x00101a18 x13=0x0000003a PA:0x00101a1f store:0x00000075
          21840	     10916	001000fc	00850513	addi	x10,x10,8	 x10:0x00101a18 x10=0x00101a20
          21842	     10917	00100100	00068863	beq	x13,x0,100110	 x13:0x0000003a  x0:0x00000000
          21846	     10919	00100104	00d7a023	sw	x13,0(x15)	 x15:0x00020000 x13:0x0000003a PA:0x00020000 store:0x0000003a load:0x00000000
          21850	     10921	00100108	00054803	lbu	x16,0(x10)	 x10:0x00101a20 x16=0x00000020 PA:0x00101a20 store:0x00000000
          21854	     10923	0010010c	fa0810e3	bne	x16,x0,1000ac	 x16:0x00000020  x0:0x00000000
          21860	     10926	001000ac	0107a023	sw	x16,0(x15)	 x15:0x00020000 x16:0x00000020 PA:0x00020000 store:0x00000020 load:0x00000000
          21864	     10928	001000b0	00154703	lbu	x14,1(x10)	 x10:0x00101a20 x14=0x00000000 PA:0x00101a21 store:0x00101348
          21868	     10930	001000b4	04070e63	beq	x14,x0,100110	 x14:0x00000000  x0:0x00000000
          21872	     10932	00100110	00000513	addi	x10,x0,0	  x0:0x00000000 x10=0x00000000
          21876	     10934	00100114	00008067	jalr	x0,0(x1)	  x1:0x00101348  x0=0x00000000
          21880	     10936	00101348	cf8a2503	lw	x10,-776(x20)	 x20:0x00102000 x10=0x3f8018ab PA:0x00101cf8 store:0x0000000c
          21882	     10937	0010134c	001c0d93	addi	x27,x24,1	 x24:0x0000000c x27=0x0000000d
          21886	     10939	00101350	dd1fe0ef	jal	x1,100120	  x1=0x00101354
          21888	     10940	00100120	01c55793	srli	x15,x10,0x1c	 x10:0x3f8018ab x15=0x00000003
          21890	     10941	00100124	00900713	addi	x14,x0,9	  x0:0x00000000 x14=0x00000009
          21894	     10943	00100128	0cf77a63	bgeu	x14,x15,1001fc	 x14:0x00000009 x15:0x00000003
          21898	     10945	001001fc	03078393	addi	x7,x15,48	 x15:0x00000003  x7=0x00000033
          21900	     10946	00100200	000205b7	lui	x11,0x20	 x11=0x00020000
          21902	     10947	00100204	00451613	slli	x12,x10,0x4	 x10:0x3f8018ab x12=0xf8018ab0
          21906	     10949	00100208	0075a023	sw	x7,0(x11)	 x11:0x00020000  x7:0x00000033 PA:0x00020000 store:0x00000033 load:0x00000000
          21908	     10950	0010020c	01c65693	srli	x13,x12,0x1c	 x12:0xf8018ab0 x13=0x0000000f
          21910	     10951	00100210	00900813	addi	x16,x0,9	  x0:0x00000000 x16=0x00000009
          21914	     10953	00100214	f2d86ae3	bltu	x16,x13,100148	 x16:0x00000009 x13:0x0000000f
          21918	     10955	00100148	03768893	addi	x17,x13,55	 x13:0x0000000f x17=0x00000046
          21920	     10956	0010014c	00020e37	lui	x28,0x20	 x28=0x00020000
          21922	     10957	00100150	00851f93	slli	x31,x10,0x8	 x10:0x3f8018ab x31=0x8018ab00
          21926	     10959	00100154	011e2023	sw	x17,0(x28)	 x28:0x00020000 x17:0x00000046 PA:0x00020000 store:0x00000046 load:0x00000000
          21928	     10960	00100158	01cfd793	srli	x15,x31,0x1c	 x31:0x8018ab00 x15=0x00000008
          21930	     10961	0010015c	00900713	addi	x14,x0,9	  x0:0x00000000 x14=0x00000009
          21934	     10963	00100160	0cf77a63	bgeu	x14,x15,100234	 x14:0x00000009 x15:0x00000008
          21938	     10965	00100234	03078393	addi	x7,x15,48	 x15:0x00000008  x7=0x00000038
          21940	     10966	00100238	000205b7	lui	x11,0x20	 x11=0x00020000
          21942	     10967	0010023c	00c51613	slli	x12,x10,0xc	 x10:0x3f8018ab x12=0x018ab000
          21946	     10969	00100240	0075a023	sw	x7,0(x11)	 x11:0x00020000  x7:0x00000038 PA:0x00020000 store:0x00000038 load:0x00000000
          21948	     10970	00100244	01c65693	srli	x13,x12,0x1c	 x12:0x018ab000 x13=0x00000000
          21950	     10971	00100248	00900813	addi	x16,x0,9	  x0:0x00000000 x16=0x00000009
          21952	     10972	0010024c	f2d86ae3	bltu	x16,x13,100180	 x16:0x00000009 x13:0x00000000
          21954	     10973	00100250	03068e93	addi	x29,x13,48	 x13:0x00000000 x29=0x00000030
          21956	     10974	00100254	00020f37	lui	x30,0x20	 x30=0x00020000
          21958	     10975	00100258	01051f93	slli	x31,x10,0x10	 x10:0x3f8018ab x31=0x18ab0000
          21962	     10977	0010025c	01df2023	sw	x29,0(x30)	 x30:0x00020000 x29:0x00000030 PA:0x00020000 store:0x00000030 load:0x00000000
          21964	     10978	00100260	01cfd793	srli	x15,x31,0x1c	 x31:0x18ab0000 x15=0x00000001
          21966	     10979	00100264	00900713	addi	x14,x0,9	  x0:0x00000000 x14=0x00000009
          21968	     10980	00100268	f2f76ae3	bltu	x14,x15,10019c	 x14:0x00000009 x15:0x00000001
          21970	     10981	0010026c	03078393	addi	x7,x15,48	 x15:0x00000001  x7=0x00000031
          21972	     10982	00100270	000205b7	lui	x11,0x20	 x11=0x00020000
          21974	     10983	00100274	01451613	slli	x12,x10,0x14	 x10:0x3f8018ab x12=0x8ab00000
          21978	     10985	00100278	0075a023	sw	x7,0(x11)	 x11:0x00020000  x7:0x00000031 PA:0x00020000 store:0x00000031 load:0x00000000
          21980	     10986	0010027c	01c65693	srli	x13,x12,0x1c	 x12:0x8ab00000 x13=0x00000008
          21982	     10987	00100280	00900813	addi	x16,x0,9	  x0:0x00000000 x16=0x00000009
          21984	     10988	00100284	f2d86ae3	bltu	x16,x13,1001b8	 x16:0x00000009 x13:0x00000008
          21986	     10989	00100288	03068e93	addi	x29,x13,48	 x13:0x00000008 x29=0x00000038
          21988	     10990	0010028c	00020f37	lui	x30,0x20	 x30=0x00020000
          21990	     10991	00100290	01851f93	slli	x31,x10,0x18	 x10:0x3f8018ab x31=0xab000000
          21994	     10993	00100294	01df2023	sw	x29,0(x30)	 x30:0x00020000 x29:0x00000038 PA:0x00020000 store:0x00000038 load:0x00000000
          21996	     10994	00100298	01cfd793	srli	x15,x31,0x1c	 x31:0xab000000 x15=0x0000000a
          21998	     10995	0010029c	00900713	addi	x14,x0,9	  x0:0x00000000 x14=0x00000009
          22002	     10997	001002a0	f2f76ae3	bltu	x14,x15,1001d4	 x14:0x00000009 x15:0x0000000a
          22006	     10999	001001d4	03778293	addi	x5,x15,55	 x15:0x0000000a  x5=0x00000041
          22008	     11000	001001d8	00020337	lui	x6,0x20	  x6=0x00020000
          22012	     11002	001001dc	00532023	sw	x5,0(x6)	  x6:0x00020000  x5:0x00000041 PA:0x00020000 store:0x00000041 load:0x00000000
          22014	     11003	001001e0	00f57513	andi	x10,x10,15	 x10:0x3f8018ab x10=0x0000000b
          22016	     11004	001001e4	00900613	addi	x12,x0,9	  x0:0x00000000 x12=0x00000009
          22020	     11006	001001e8	0ca66a63	bltu	x12,x10,1002bc	 x12:0x00000009 x10:0x0000000b
          22024	     11008	001002bc	03750693	addi	x13,x10,55	 x10:0x0000000b x13=0x00000042
          22026	     11009	001002c0	00020837	lui	x16,0x20	 x16=0x00020000
          22030	     11011	001002c4	00d82023	sw	x13,0(x16)	 x16:0x00020000 x13:0x00000042 PA:0x00020000 store:0x00000042 load:0x00000000
          22040	     11016	001002c8	00008067	jalr	x0,0(x1)	  x1:0x00101354  x0=0x00000000
          22042	     11017	00101354	d089a407	flw	f8,-760(x19)	 f19:0x00102000  f8=0x00000000 PA:0x00101d08 store:0x3f818cf4
          22062	     11027	00101358	580474d3	fsqrt.s	f9,f8	  f8:0x00102000  f9=0x00000000
          22066	     11029	0010135c	d099a427	fsw	f9,-760(x19)	 f19:0x00102000  f9:0x00102000 PA:0x00101d08 store:0x3f800c55 load:0x3f8018ab
          22070	     11031	00101360	d089a507	flw	f10,-760(x19)	 f19:0x00102000 f10=0x00000000 PA:0x00101d08 store:0x3f8018ab
          22074	     11033	00101364	a10a8513	addi	x10,x21,-1520	 x21:0x00102000 x10=0x00101a10
          22076	     11034	00101368	e0050753	fmv.x.w	x14,f10	 f10:0x00101a10 x14=0x3f800c55
          22078	     11035	0010136c	ceea2c23	sw	x14,-776(x20)	 x20:0x00102000 x14:0x3f800c55 PA:0x00101cf8 store:0x3f800c55 load:0x3f800c55
          22080	     11036	00101370	d31fe0ef	jal	x1,1000a0	  x1=0x00101374
          22084	     11038	001000a0	00054803	lbu	x16,0(x10)	 x10:0x00101a10 x16=0x0000000a PA:0x00101a10 store:0x00000000
          22086	     11039	001000a4	06080663	beq	x16,x0,100110	 x16:0x0000000a  x0:0x00000000
          22088	     11040	001000a8	000207b7	lui	x15,0x20	 x15=0x00020000
          22092	     11042	001000ac	0107a023	sw	x16,0(x15)	 x15:0x00020000 x16:0x0000000a PA:0x00020000 store:0x0000000a load:0x00000000
          22096	     11044	001000b0	00154703	lbu	x14,1(x10)	 x10:0x00101a10 x14=0x00000020 PA:0x00101a11 store:0x00101374
          22098	     11045	001000b4	04070e63	beq	x14,x0,100110	 x14:0x00000020  x0:0x00000000
          22102	     11047	001000b8	00e7a023	sw	x14,0(x15)	 x15:0x00020000 x14:0x00000020 PA:0x00020000 store:0x00000020 load:0x00000000
          22106	     11049	001000bc	00254283	lbu	x5,2(x10)	 x10:0x00101a10  x5=0x00000069 PA:0x00101a12 store:0x00137fa0
          22108	     11050	001000c0	04028863	beq	x5,x0,100110	  x5:0x00000069  x0:0x00000000
          22112	     11052	001000c4	0057a023	sw	x5,0(x15)	 x15:0x00020000  x5:0x00000069 PA:0x00020000 store:0x00000069 load:0x00000000
          22116	     11054	001000c8	00354303	lbu	x6,3(x10)	 x10:0x00101a10  x6=0x0000003d PA:0x00101a13 store:0x00000000
          22118	     11055	001000cc	04030263	beq	x6,x0,100110	  x6:0x0000003d  x0:0x00000000
          22122	     11057	001000d0	0067a023	sw	x6,0(x15)	 x15:0x00020000  x6:0x0000003d PA:0x00020000 store:0x0000003d load:0x00000000
          22126	     11059	001000d4	00454383	lbu	x7,4(x10)	 x10:0x00101a10  x7=0x00000000 PA:0x00101a14 store:0x00000000
          22130	     11061	001000d8	02038c63	beq	x7,x0,100110	  x7:0x00000000  x0:0x00000000
          22134	     11063	00100110	00000513	addi	x10,x0,0	  x0:0x00000000 x10=0x00000000
          22138	     11065	00100114	00008067	jalr	x0,0(x1)	  x1:0x00101374  x0=0x00000000
          22140	     11066	00101374	000d8513	addi	x10,x27,0	 x27:0x0000000d x10=0x0000000d
          22144	     11068	00101378	da9fe0ef	jal	x1,100120	  x1=0x0010137c
          22146	     11069	00100120	01c55793	srli	x15,x10,0x1c	 x10:0x0000000d x15=0x00000000
          22148	     11070	00100124	00900713	addi	x14,x0,9	  x0:0x00000000 x14=0x00000009
          22152	     11072	00100128	0cf77a63	bgeu	x14,x15,1001fc	 x14:0x00000009 x15:0x00000000
          22156	     11074	001001fc	03078393	addi	x7,x15,48	 x15:0x00000000  x7=0x00000030
          22158	     11075	00100200	000205b7	lui	x11,0x20	 x11=0x00020000
          22160	     11076	00100204	00451613	slli	x12,x10,0x4	 x10:0x0000000d x12=0x000000d0
          22164	     11078	00100208	0075a023	sw	x7,0(x11)	 x11:0x00020000  x7:0x00000030 PA:0x00020000 store:0x00000030 load:0x00000000
          22166	     11079	0010020c	01c65693	srli	x13,x12,0x1c	 x12:0x000000d0 x13=0x00000000
          22168	     11080	00100210	00900813	addi	x16,x0,9	  x0:0x00000000 x16=0x00000009
          22170	     11081	00100214	f2d86ae3	bltu	x16,x13,100148	 x16:0x00000009 x13:0x00000000
          22172	     11082	00100218	03068e93	addi	x29,x13,48	 x13:0x00000000 x29=0x00000030
          22174	     11083	0010021c	00020f37	lui	x30,0x20	 x30=0x00020000
          22176	     11084	00100220	00851f93	slli	x31,x10,0x8	 x10:0x0000000d x31=0x00000d00
          22180	     11086	00100224	01df2023	sw	x29,0(x30)	 x30:0x00020000 x29:0x00000030 PA:0x00020000 store:0x00000030 load:0x00000000
          22182	     11087	00100228	01cfd793	srli	x15,x31,0x1c	 x31:0x00000d00 x15=0x00000000
          22184	     11088	0010022c	00900713	addi	x14,x0,9	  x0:0x00000000 x14=0x00000009
          22186	     11089	00100230	f2f76ae3	bltu	x14,x15,100164	 x14:0x00000009 x15:0x00000000
          22188	     11090	00100234	03078393	addi	x7,x15,48	 x15:0x00000000  x7=0x00000030
          22190	     11091	00100238	000205b7	lui	x11,0x20	 x11=0x00020000
          22192	     11092	0010023c	00c51613	slli	x12,x10,0xc	 x10:0x0000000d x12=0x0000d000
          22196	     11094	00100240	0075a023	sw	x7,0(x11)	 x11:0x00020000  x7:0x00000030 PA:0x00020000 store:0x00000030 load:0x00000000
          22198	     11095	00100244	01c65693	srli	x13,x12,0x1c	 x12:0x0000d000 x13=0x00000000
          22200	     11096	00100248	00900813	addi	x16,x0,9	  x0:0x00000000 x16=0x00000009
          22202	     11097	0010024c	f2d86ae3	bltu	x16,x13,100180	 x16:0x00000009 x13:0x00000000
          22204	     11098	00100250	03068e93	addi	x29,x13,48	 x13:0x00000000 x29=0x00000030
          22206	     11099	00100254	00020f37	lui	x30,0x20	 x30=0x00020000
          22208	     11100	00100258	01051f93	slli	x31,x10,0x10	 x10:0x0000000d x31=0x000d0000
          22212	     11102	0010025c	01df2023	sw	x29,0(x30)	 x30:0x00020000 x29:0x00000030 PA:0x00020000 store:0x00000030 load:0x00000000
          22214	     11103	00100260	01cfd793	srli	x15,x31,0x1c	 x31:0x000d0000 x15=0x00000000
          22216	     11104	00100264	00900713	addi	x14,x0,9	  x0:0x00000000 x14=0x00000009
          22218	     11105	00100268	f2f76ae3	bltu	x14,x15,10019c	 x14:0x00000009 x15:0x00000000
          22220	     11106	0010026c	03078393	addi	x7,x15,48	 x15:0x00000000  x7=0x00000030
          22222	     11107	00100270	000205b7	lui	x11,0x20	 x11=0x00020000
          22224	     11108	00100274	01451613	slli	x12,x10,0x14	 x10:0x0000000d x12=0x00d00000
          22228	     11110	00100278	0075a023	sw	x7,0(x11)	 x11:0x00020000  x7:0x00000030 PA:0x00020000 store:0x00000030 load:0x00000000
          22230	     11111	0010027c	01c65693	srli	x13,x12,0x1c	 x12:0x00d00000 x13=0x00000000
          22232	     11112	00100280	00900813	addi	x16,x0,9	  x0:0x00000000 x16=0x00000009
          22234	     11113	00100284	f2d86ae3	bltu	x16,x13,1001b8	 x16:0x00000009 x13:0x00000000
          22236	     11114	00100288	03068e93	addi	x29,x13,48	 x13:0x00000000 x29=0x00000030
          22238	     11115	0010028c	00020f37	lui	x30,0x20	 x30=0x00020000
          22240	     11116	00100290	01851f93	slli	x31,x10,0x18	 x10:0x0000000d x31=0x0d000000
          22244	     11118	00100294	01df2023	sw	x29,0(x30)	 x30:0x00020000 x29:0x00000030 PA:0x00020000 store:0x00000030 load:0x00000000
          22246	     11119	00100298	01cfd793	srli	x15,x31,0x1c	 x31:0x0d000000 x15=0x00000000
          22248	     11120	0010029c	00900713	addi	x14,x0,9	  x0:0x00000000 x14=0x00000009
          22250	     11121	001002a0	f2f76ae3	bltu	x14,x15,1001d4	 x14:0x00000009 x15:0x00000000
          22252	     11122	001002a4	03078393	addi	x7,x15,48	 x15:0x00000000  x7=0x00000030
          22254	     11123	001002a8	000205b7	lui	x11,0x20	 x11=0x00020000
          22258	     11125	001002ac	0075a023	sw	x7,0(x11)	 x11:0x00020000  x7:0x00000030 PA:0x00020000 store:0x00000030 load:0x00000000
          22260	     11126	001002b0	00f57513	andi	x10,x10,15	 x10:0x0000000d x10=0x0000000d
          22262	     11127	001002b4	00900613	addi	x12,x0,9	  x0:0x00000000 x12=0x00000009
          22264	     11128	001002b8	f2a67ae3	bgeu	x12,x10,1001ec	 x12:0x00000009 x10:0x0000000d
          22266	     11129	001002bc	03750693	addi	x13,x10,55	 x10:0x0000000d x13=0x00000044
          22268	     11130	001002c0	00020837	lui	x16,0x20	 x16=0x00020000
          22272	     11132	001002c4	00d82023	sw	x13,0(x16)	 x16:0x00020000 x13:0x00000044 PA:0x00020000 store:0x00000044 load:0x00000000
          22276	     11134	001002c8	00008067	jalr	x0,0(x1)	  x1:0x0010137c  x0=0x00000000
          22278	     11135	0010137c	a18b0513	addi	x10,x22,-1512	 x22:0x00102000 x10=0x00101a18
          22282	     11137	00101380	d21fe0ef	jal	x1,1000a0	  x1=0x00101384
          22286	     11139	001000a0	00054803	lbu	x16,0(x10)	 x10:0x00101a18 x16=0x00000020 PA:0x00101a18 store:0x00000000
          22288	     11140	001000a4	06080663	beq	x16,x0,100110	 x16:0x00000020  x0:0x00000000
          22290	     11141	001000a8	000207b7	lui	x15,0x20	 x15=0x00020000
          22294	     11143	001000ac	0107a023	sw	x16,0(x15)	 x15:0x00020000 x16:0x00000020 PA:0x00020000 store:0x00000020 load:0x00000000
          22298	     11145	001000b0	00154703	lbu	x14,1(x10)	 x10:0x00101a18 x14=0x00000072 PA:0x00101a19 store:0x00101384
          22300	     11146	001000b4	04070e63	beq	x14,x0,100110	 x14:0x00000072  x0:0x00000000
          22304	     11148	001000b8	00e7a023	sw	x14,0(x15)	 x15:0x00020000 x14:0x00000072 PA:0x00020000 store:0x00000072 load:0x00000000
          22308	     11150	001000bc	00254283	lbu	x5,2(x10)	 x10:0x00101a18  x5=0x00000065 PA:0x00101a1a store:0x00137fa0
          22310	     11151	001000c0	04028863	beq	x5,x0,100110	  x5:0x00000065  x0:0x00000000
          22314	     11153	001000c4	0057a023	sw	x5,0(x15)	 x15:0x00020000  x5:0x00000065 PA:0x00020000 store:0x00000065 load:0x00000000
          22318	     11155	001000c8	00354303	lbu	x6,3(x10)	 x10:0x00101a18  x6=0x00000073 PA:0x00101a1b store:0x00000000
          22320	     11156	001000cc	04030263	beq	x6,x0,100110	  x6:0x00000073  x0:0x00000000
          22324	     11158	001000d0	0067a023	sw	x6,0(x15)	 x15:0x00020000  x6:0x00000073 PA:0x00020000 store:0x00000073 load:0x00000000
          22328	     11160	001000d4	00454383	lbu	x7,4(x10)	 x10:0x00101a18  x7=0x00000075 PA:0x00101a1c store:0x00000000
          22330	     11161	001000d8	02038c63	beq	x7,x0,100110	  x7:0x00000075  x0:0x00000000
          22334	     11163	001000dc	0077a023	sw	x7,0(x15)	 x15:0x00020000  x7:0x00000075 PA:0x00020000 store:0x00000075 load:0x00000000
          22338	     11165	001000e0	00554583	lbu	x11,5(x10)	 x10:0x00101a18 x11=0x0000006c PA:0x00101a1d store:0x00000065
          22340	     11166	001000e4	02058663	beq	x11,x0,100110	 x11:0x0000006c  x0:0x00000000
          22344	     11168	001000e8	00b7a023	sw	x11,0(x15)	 x15:0x00020000 x11:0x0000006c PA:0x00020000 store:0x0000006c load:0x00000000
          22348	     11170	001000ec	00654603	lbu	x12,6(x10)	 x10:0x00101a18 x12=0x00000074 PA:0x00101a1e store:0x00000073
          22350	     11171	001000f0	02060063	beq	x12,x0,100110	 x12:0x00000074  x0:0x00000000
          22354	     11173	001000f4	00c7a023	sw	x12,0(x15)	 x15:0x00020000 x12:0x00000074 PA:0x00020000 store:0x00000074 load:0x00000000
          22358	     11175	001000f8	00754683	lbu	x13,7(x10)	 x10:0x00101a18 x13=0x0000003a PA:0x00101a1f store:0x00000075
          22360	     11176	001000fc	00850513	addi	x10,x10,8	 x10:0x00101a18 x10=0x00101a20
          22362	     11177	00100100	00068863	beq	x13,x0,100110	 x13:0x0000003a  x0:0x00000000
          22366	     11179	00100104	00d7a023	sw	x13,0(x15)	 x15:0x00020000 x13:0x0000003a PA:0x00020000 store:0x0000003a load:0x00000000
          22370	     11181	00100108	00054803	lbu	x16,0(x10)	 x10:0x00101a20 x16=0x00000020 PA:0x00101a20 store:0x00000000
          22374	     11183	0010010c	fa0810e3	bne	x16,x0,1000ac	 x16:0x00000020  x0:0x00000000
          22380	     11186	001000ac	0107a023	sw	x16,0(x15)	 x15:0x00020000 x16:0x00000020 PA:0x00020000 store:0x00000020 load:0x00000000
          22384	     11188	001000b0	00154703	lbu	x14,1(x10)	 x10:0x00101a20 x14=0x00000000 PA:0x00101a21 store:0x00101384
          22388	     11190	001000b4	04070e63	beq	x14,x0,100110	 x14:0x00000000  x0:0x00000000
          22392	     11192	00100110	00000513	addi	x10,x0,0	  x0:0x00000000 x10=0x00000000
          22396	     11194	00100114	00008067	jalr	x0,0(x1)	  x1:0x00101384  x0=0x00000000
          22400	     11196	00101384	cf8a2503	lw	x10,-776(x20)	 x20:0x00102000 x10=0x3f800c55 PA:0x00101cf8 store:0x0000000c
          22402	     11197	00101388	002c0d93	addi	x27,x24,2	 x24:0x0000000c x27=0x0000000e
          22406	     11199	0010138c	d95fe0ef	jal	x1,100120	  x1=0x00101390
          22408	     11200	00100120	01c55793	srli	x15,x10,0x1c	 x10:0x3f800c55 x15=0x00000003
          22410	     11201	00100124	00900713	addi	x14,x0,9	  x0:0x00000000 x14=0x00000009
          22414	     11203	00100128	0cf77a63	bgeu	x14,x15,1001fc	 x14:0x00000009 x15:0x00000003
          22418	     11205	001001fc	03078393	addi	x7,x15,48	 x15:0x00000003  x7=0x00000033
          22420	     11206	00100200	000205b7	lui	x11,0x20	 x11=0x00020000
          22422	     11207	00100204	00451613	slli	x12,x10,0x4	 x10:0x3f800c55 x12=0xf800c550
          22426	     11209	00100208	0075a023	sw	x7,0(x11)	 x11:0x00020000  x7:0x00000033 PA:0x00020000 store:0x00000033 load:0x00000000
          22428	     11210	0010020c	01c65693	srli	x13,x12,0x1c	 x12:0xf800c550 x13=0x0000000f
          22430	     11211	00100210	00900813	addi	x16,x0,9	  x0:0x00000000 x16=0x00000009
          22434	     11213	00100214	f2d86ae3	bltu	x16,x13,100148	 x16:0x00000009 x13:0x0000000f
          22438	     11215	00100148	03768893	addi	x17,x13,55	 x13:0x0000000f x17=0x00000046
          22440	     11216	0010014c	00020e37	lui	x28,0x20	 x28=0x00020000
          22442	     11217	00100150	00851f93	slli	x31,x10,0x8	 x10:0x3f800c55 x31=0x800c5500
          22446	     11219	00100154	011e2023	sw	x17,0(x28)	 x28:0x00020000 x17:0x00000046 PA:0x00020000 store:0x00000046 load:0x00000000
          22448	     11220	00100158	01cfd793	srli	x15,x31,0x1c	 x31:0x800c5500 x15=0x00000008
          22450	     11221	0010015c	00900713	addi	x14,x0,9	  x0:0x00000000 x14=0x00000009
          22454	     11223	00100160	0cf77a63	bgeu	x14,x15,100234	 x14:0x00000009 x15:0x00000008
          22458	     11225	00100234	03078393	addi	x7,x15,48	 x15:0x00000008  x7=0x00000038
          22460	     11226	00100238	000205b7	lui	x11,0x20	 x11=0x00020000
          22462	     11227	0010023c	00c51613	slli	x12,x10,0xc	 x10:0x3f800c55 x12=0x00c55000
          22466	     11229	00100240	0075a023	sw	x7,0(x11)	 x11:0x00020000  x7:0x00000038 PA:0x00020000 store:0x00000038 load:0x00000000
          22468	     11230	00100244	01c65693	srli	x13,x12,0x1c	 x12:0x00c55000 x13=0x00000000
          22470	     11231	00100248	00900813	addi	x16,x0,9	  x0:0x00000000 x16=0x00000009
          22472	     11232	0010024c	f2d86ae3	bltu	x16,x13,100180	 x16:0x00000009 x13:0x00000000
          22474	     11233	00100250	03068e93	addi	x29,x13,48	 x13:0x00000000 x29=0x00000030
          22476	     11234	00100254	00020f37	lui	x30,0x20	 x30=0x00020000
          22478	     11235	00100258	01051f93	slli	x31,x10,0x10	 x10:0x3f800c55 x31=0x0c550000
          22482	     11237	0010025c	01df2023	sw	x29,0(x30)	 x30:0x00020000 x29:0x00000030 PA:0x00020000 store:0x00000030 load:0x00000000
          22484	     11238	00100260	01cfd793	srli	x15,x31,0x1c	 x31:0x0c550000 x15=0x00000000
          22486	     11239	00100264	00900713	addi	x14,x0,9	  x0:0x00000000 x14=0x00000009
          22488	     11240	00100268	f2f76ae3	bltu	x14,x15,10019c	 x14:0x00000009 x15:0x00000000
          22490	     11241	0010026c	03078393	addi	x7,x15,48	 x15:0x00000000  x7=0x00000030
          22492	     11242	00100270	000205b7	lui	x11,0x20	 x11=0x00020000
          22494	     11243	00100274	01451613	slli	x12,x10,0x14	 x10:0x3f800c55 x12=0xc5500000
          22498	     11245	00100278	0075a023	sw	x7,0(x11)	 x11:0x00020000  x7:0x00000030 PA:0x00020000 store:0x00000030 load:0x00000000
          22500	     11246	0010027c	01c65693	srli	x13,x12,0x1c	 x12:0xc5500000 x13=0x0000000c
          22502	     11247	00100280	00900813	addi	x16,x0,9	  x0:0x00000000 x16=0x00000009
          22506	     11249	00100284	f2d86ae3	bltu	x16,x13,1001b8	 x16:0x00000009 x13:0x0000000c
          22510	     11251	001001b8	03768893	addi	x17,x13,55	 x13:0x0000000c x17=0x00000043
          22512	     11252	001001bc	00020e37	lui	x28,0x20	 x28=0x00020000
          22514	     11253	001001c0	01851f93	slli	x31,x10,0x18	 x10:0x3f800c55 x31=0x55000000
          22518	     11255	001001c4	011e2023	sw	x17,0(x28)	 x28:0x00020000 x17:0x00000043 PA:0x00020000 store:0x00000043 load:0x00000000
          22520	     11256	001001c8	01cfd793	srli	x15,x31,0x1c	 x31:0x55000000 x15=0x00000005
          22522	     11257	001001cc	00900713	addi	x14,x0,9	  x0:0x00000000 x14=0x00000009
          22526	     11259	001001d0	0cf77a63	bgeu	x14,x15,1002a4	 x14:0x00000009 x15:0x00000005
          22530	     11261	001002a4	03078393	addi	x7,x15,48	 x15:0x00000005  x7=0x00000035
          22532	     11262	001002a8	000205b7	lui	x11,0x20	 x11=0x00020000
          22536	     11264	001002ac	0075a023	sw	x7,0(x11)	 x11:0x00020000  x7:0x00000035 PA:0x00020000 store:0x00000035 load:0x00000000
          22538	     11265	001002b0	00f57513	andi	x10,x10,15	 x10:0x3f800c55 x10=0x00000005
          22540	     11266	001002b4	00900613	addi	x12,x0,9	  x0:0x00000000 x12=0x00000009
          22544	     11268	001002b8	f2a67ae3	bgeu	x12,x10,1001ec	 x12:0x00000009 x10:0x00000005
          22548	     11270	001001ec	03050893	addi	x17,x10,48	 x10:0x00000005 x17=0x00000035
          22550	     11271	001001f0	00020e37	lui	x28,0x20	 x28=0x00020000
          22554	     11273	001001f4	011e2023	sw	x17,0(x28)	 x28:0x00020000 x17:0x00000035 PA:0x00020000 store:0x00000035 load:0x00000000
          22564	     11278	001001f8	00008067	jalr	x0,0(x1)	  x1:0x00101390  x0=0x00000000
          22566	     11279	00101390	d089a807	flw	f16,-760(x19)	 f19:0x00102000 f16=0x00000000 PA:0x00101d08 store:0x3f8018ab
          22588	     11290	00101394	a10a8513	addi	x10,x21,-1520	 x21:0x00102000 x10=0x00101a10
          22590	     11291	00101398	580878d3	fsqrt.s	f17,f16	 f16:0x00000009 f17=0x00000000
          22592	     11292	0010139c	d119a427	fsw	f17,-760(x19)	 f19:0x00102000 f17:0x00000035 PA:0x00101d08 store:0x3f80062a load:0x3f800c55
          22596	     11294	001013a0	d089a907	flw	f18,-760(x19)	 f19:0x00102000 f18=0x00000000 PA:0x00101d08 store:0x3f8018ab
          22598	     11295	001013a4	e00907d3	fmv.x.w	x15,f18	 f18:0x00102000 x15=0x3f80062a
          22600	     11296	001013a8	cefa2c23	sw	x15,-776(x20)	 x20:0x00102000 x15:0x3f80062a PA:0x00101cf8 store:0x3f80062a load:0x3f80062a
          22604	     11298	001013ac	cf5fe0ef	jal	x1,1000a0	  x1=0x001013b0
          22608	     11300	001000a0	00054803	lbu	x16,0(x10)	 x10:0x00101a10 x16=0x0000000a PA:0x00101a10 store:0x00000000
          22610	     11301	001000a4	06080663	beq	x16,x0,100110	 x16:0x0000000a  x0:0x00000000
          22612	     11302	001000a8	000207b7	lui	x15,0x20	 x15=0x00020000
          22616	     11304	001000ac	0107a023	sw	x16,0(x15)	 x15:0x00020000 x16:0x0000000a PA:0x00020000 store:0x0000000a load:0x00000000
          22620	     11306	001000b0	00154703	lbu	x14,1(x10)	 x10:0x00101a10 x14=0x00000020 PA:0x00101a11 store:0x001013b0
          22622	     11307	001000b4	04070e63	beq	x14,x0,100110	 x14:0x00000020  x0:0x00000000
          22626	     11309	001000b8	00e7a023	sw	x14,0(x15)	 x15:0x00020000 x14:0x00000020 PA:0x00020000 store:0x00000020 load:0x00000000
          22630	     11311	001000bc	00254283	lbu	x5,2(x10)	 x10:0x00101a10  x5=0x00000069 PA:0x00101a12 store:0x00137fa0
          22632	     11312	001000c0	04028863	beq	x5,x0,100110	  x5:0x00000069  x0:0x00000000
          22636	     11314	001000c4	0057a023	sw	x5,0(x15)	 x15:0x00020000  x5:0x00000069 PA:0x00020000 store:0x00000069 load:0x00000000
          22640	     11316	001000c8	00354303	lbu	x6,3(x10)	 x10:0x00101a10  x6=0x0000003d PA:0x00101a13 store:0x00000000
          22642	     11317	001000cc	04030263	beq	x6,x0,100110	  x6:0x0000003d  x0:0x00000000
          22646	     11319	001000d0	0067a023	sw	x6,0(x15)	 x15:0x00020000  x6:0x0000003d PA:0x00020000 store:0x0000003d load:0x00000000
          22650	     11321	001000d4	00454383	lbu	x7,4(x10)	 x10:0x00101a10  x7=0x00000000 PA:0x00101a14 store:0x00000000
          22654	     11323	001000d8	02038c63	beq	x7,x0,100110	  x7:0x00000000  x0:0x00000000
          22658	     11325	00100110	00000513	addi	x10,x0,0	  x0:0x00000000 x10=0x00000000
          22662	     11327	00100114	00008067	jalr	x0,0(x1)	  x1:0x001013b0  x0=0x00000000
          22664	     11328	001013b0	000d8513	addi	x10,x27,0	 x27:0x0000000e x10=0x0000000e
          22668	     11330	001013b4	d6dfe0ef	jal	x1,100120	  x1=0x001013b8
          22670	     11331	00100120	01c55793	srli	x15,x10,0x1c	 x10:0x0000000e x15=0x00000000
          22672	     11332	00100124	00900713	addi	x14,x0,9	  x0:0x00000000 x14=0x00000009
          22676	     11334	00100128	0cf77a63	bgeu	x14,x15,1001fc	 x14:0x00000009 x15:0x00000000
          22680	     11336	001001fc	03078393	addi	x7,x15,48	 x15:0x00000000  x7=0x00000030
          22682	     11337	00100200	000205b7	lui	x11,0x20	 x11=0x00020000
          22684	     11338	00100204	00451613	slli	x12,x10,0x4	 x10:0x0000000e x12=0x000000e0
          22688	     11340	00100208	0075a023	sw	x7,0(x11)	 x11:0x00020000  x7:0x00000030 PA:0x00020000 store:0x00000030 load:0x00000000
          22690	     11341	0010020c	01c65693	srli	x13,x12,0x1c	 x12:0x000000e0 x13=0x00000000
          22692	     11342	00100210	00900813	addi	x16,x0,9	  x0:0x00000000 x16=0x00000009
          22694	     11343	00100214	f2d86ae3	bltu	x16,x13,100148	 x16:0x00000009 x13:0x00000000
          22696	     11344	00100218	03068e93	addi	x29,x13,48	 x13:0x00000000 x29=0x00000030
          22698	     11345	0010021c	00020f37	lui	x30,0x20	 x30=0x00020000
          22700	     11346	00100220	00851f93	slli	x31,x10,0x8	 x10:0x0000000e x31=0x00000e00
          22704	     11348	00100224	01df2023	sw	x29,0(x30)	 x30:0x00020000 x29:0x00000030 PA:0x00020000 store:0x00000030 load:0x00000000
          22706	     11349	00100228	01cfd793	srli	x15,x31,0x1c	 x31:0x00000e00 x15=0x00000000
          22708	     11350	0010022c	00900713	addi	x14,x0,9	  x0:0x00000000 x14=0x00000009
          22710	     11351	00100230	f2f76ae3	bltu	x14,x15,100164	 x14:0x00000009 x15:0x00000000
          22712	     11352	00100234	03078393	addi	x7,x15,48	 x15:0x00000000  x7=0x00000030
          22714	     11353	00100238	000205b7	lui	x11,0x20	 x11=0x00020000
          22716	     11354	0010023c	00c51613	slli	x12,x10,0xc	 x10:0x0000000e x12=0x0000e000
          22720	     11356	00100240	0075a023	sw	x7,0(x11)	 x11:0x00020000  x7:0x00000030 PA:0x00020000 store:0x00000030 load:0x00000000
          22722	     11357	00100244	01c65693	srli	x13,x12,0x1c	 x12:0x0000e000 x13=0x00000000
          22724	     11358	00100248	00900813	addi	x16,x0,9	  x0:0x00000000 x16=0x00000009
          22726	     11359	0010024c	f2d86ae3	bltu	x16,x13,100180	 x16:0x00000009 x13:0x00000000
          22728	     11360	00100250	03068e93	addi	x29,x13,48	 x13:0x00000000 x29=0x00000030
          22730	     11361	00100254	00020f37	lui	x30,0x20	 x30=0x00020000
          22732	     11362	00100258	01051f93	slli	x31,x10,0x10	 x10:0x0000000e x31=0x000e0000
          22736	     11364	0010025c	01df2023	sw	x29,0(x30)	 x30:0x00020000 x29:0x00000030 PA:0x00020000 store:0x00000030 load:0x00000000
          22738	     11365	00100260	01cfd793	srli	x15,x31,0x1c	 x31:0x000e0000 x15=0x00000000
          22740	     11366	00100264	00900713	addi	x14,x0,9	  x0:0x00000000 x14=0x00000009
          22742	     11367	00100268	f2f76ae3	bltu	x14,x15,10019c	 x14:0x00000009 x15:0x00000000
          22744	     11368	0010026c	03078393	addi	x7,x15,48	 x15:0x00000000  x7=0x00000030
          22746	     11369	00100270	000205b7	lui	x11,0x20	 x11=0x00020000
          22748	     11370	00100274	01451613	slli	x12,x10,0x14	 x10:0x0000000e x12=0x00e00000
          22752	     11372	00100278	0075a023	sw	x7,0(x11)	 x11:0x00020000  x7:0x00000030 PA:0x00020000 store:0x00000030 load:0x00000000
          22754	     11373	0010027c	01c65693	srli	x13,x12,0x1c	 x12:0x00e00000 x13=0x00000000
          22756	     11374	00100280	00900813	addi	x16,x0,9	  x0:0x00000000 x16=0x00000009
          22758	     11375	00100284	f2d86ae3	bltu	x16,x13,1001b8	 x16:0x00000009 x13:0x00000000
          22760	     11376	00100288	03068e93	addi	x29,x13,48	 x13:0x00000000 x29=0x00000030
          22762	     11377	0010028c	00020f37	lui	x30,0x20	 x30=0x00020000
          22764	     11378	00100290	01851f93	slli	x31,x10,0x18	 x10:0x0000000e x31=0x0e000000
          22768	     11380	00100294	01df2023	sw	x29,0(x30)	 x30:0x00020000 x29:0x00000030 PA:0x00020000 store:0x00000030 load:0x00000000
          22770	     11381	00100298	01cfd793	srli	x15,x31,0x1c	 x31:0x0e000000 x15=0x00000000
          22772	     11382	0010029c	00900713	addi	x14,x0,9	  x0:0x00000000 x14=0x00000009
          22774	     11383	001002a0	f2f76ae3	bltu	x14,x15,1001d4	 x14:0x00000009 x15:0x00000000
          22776	     11384	001002a4	03078393	addi	x7,x15,48	 x15:0x00000000  x7=0x00000030
          22778	     11385	001002a8	000205b7	lui	x11,0x20	 x11=0x00020000
          22782	     11387	001002ac	0075a023	sw	x7,0(x11)	 x11:0x00020000  x7:0x00000030 PA:0x00020000 store:0x00000030 load:0x00000000
          22784	     11388	001002b0	00f57513	andi	x10,x10,15	 x10:0x0000000e x10=0x0000000e
          22786	     11389	001002b4	00900613	addi	x12,x0,9	  x0:0x00000000 x12=0x00000009
          22788	     11390	001002b8	f2a67ae3	bgeu	x12,x10,1001ec	 x12:0x00000009 x10:0x0000000e
          22790	     11391	001002bc	03750693	addi	x13,x10,55	 x10:0x0000000e x13=0x00000045
          22792	     11392	001002c0	00020837	lui	x16,0x20	 x16=0x00020000
          22796	     11394	001002c4	00d82023	sw	x13,0(x16)	 x16:0x00020000 x13:0x00000045 PA:0x00020000 store:0x00000045 load:0x00000000
          22800	     11396	001002c8	00008067	jalr	x0,0(x1)	  x1:0x001013b8  x0=0x00000000
          22802	     11397	001013b8	a18b0513	addi	x10,x22,-1512	 x22:0x00102000 x10=0x00101a18
          22806	     11399	001013bc	ce5fe0ef	jal	x1,1000a0	  x1=0x001013c0
          22810	     11401	001000a0	00054803	lbu	x16,0(x10)	 x10:0x00101a18 x16=0x00000020 PA:0x00101a18 store:0x00000000
          22812	     11402	001000a4	06080663	beq	x16,x0,100110	 x16:0x00000020  x0:0x00000000
          22814	     11403	001000a8	000207b7	lui	x15,0x20	 x15=0x00020000
          22818	     11405	001000ac	0107a023	sw	x16,0(x15)	 x15:0x00020000 x16:0x00000020 PA:0x00020000 store:0x00000020 load:0x00000000
          22822	     11407	001000b0	00154703	lbu	x14,1(x10)	 x10:0x00101a18 x14=0x00000072 PA:0x00101a19 store:0x001013c0
          22824	     11408	001000b4	04070e63	beq	x14,x0,100110	 x14:0x00000072  x0:0x00000000
          22828	     11410	001000b8	00e7a023	sw	x14,0(x15)	 x15:0x00020000 x14:0x00000072 PA:0x00020000 store:0x00000072 load:0x00000000
          22832	     11412	001000bc	00254283	lbu	x5,2(x10)	 x10:0x00101a18  x5=0x00000065 PA:0x00101a1a store:0x00137fa0
          22834	     11413	001000c0	04028863	beq	x5,x0,100110	  x5:0x00000065  x0:0x00000000
          22838	     11415	001000c4	0057a023	sw	x5,0(x15)	 x15:0x00020000  x5:0x00000065 PA:0x00020000 store:0x00000065 load:0x00000000
          22842	     11417	001000c8	00354303	lbu	x6,3(x10)	 x10:0x00101a18  x6=0x00000073 PA:0x00101a1b store:0x00000000
          22844	     11418	001000cc	04030263	beq	x6,x0,100110	  x6:0x00000073  x0:0x00000000
          22848	     11420	001000d0	0067a023	sw	x6,0(x15)	 x15:0x00020000  x6:0x00000073 PA:0x00020000 store:0x00000073 load:0x00000000
          22852	     11422	001000d4	00454383	lbu	x7,4(x10)	 x10:0x00101a18  x7=0x00000075 PA:0x00101a1c store:0x00000000
          22854	     11423	001000d8	02038c63	beq	x7,x0,100110	  x7:0x00000075  x0:0x00000000
          22858	     11425	001000dc	0077a023	sw	x7,0(x15)	 x15:0x00020000  x7:0x00000075 PA:0x00020000 store:0x00000075 load:0x00000000
          22862	     11427	001000e0	00554583	lbu	x11,5(x10)	 x10:0x00101a18 x11=0x0000006c PA:0x00101a1d store:0x00000065
          22864	     11428	001000e4	02058663	beq	x11,x0,100110	 x11:0x0000006c  x0:0x00000000
          22868	     11430	001000e8	00b7a023	sw	x11,0(x15)	 x15:0x00020000 x11:0x0000006c PA:0x00020000 store:0x0000006c load:0x00000000
          22872	     11432	001000ec	00654603	lbu	x12,6(x10)	 x10:0x00101a18 x12=0x00000074 PA:0x00101a1e store:0x00000073
          22874	     11433	001000f0	02060063	beq	x12,x0,100110	 x12:0x00000074  x0:0x00000000
          22878	     11435	001000f4	00c7a023	sw	x12,0(x15)	 x15:0x00020000 x12:0x00000074 PA:0x00020000 store:0x00000074 load:0x00000000
          22882	     11437	001000f8	00754683	lbu	x13,7(x10)	 x10:0x00101a18 x13=0x0000003a PA:0x00101a1f store:0x00000075
          22884	     11438	001000fc	00850513	addi	x10,x10,8	 x10:0x00101a18 x10=0x00101a20
          22886	     11439	00100100	00068863	beq	x13,x0,100110	 x13:0x0000003a  x0:0x00000000
          22890	     11441	00100104	00d7a023	sw	x13,0(x15)	 x15:0x00020000 x13:0x0000003a PA:0x00020000 store:0x0000003a load:0x00000000
          22894	     11443	00100108	00054803	lbu	x16,0(x10)	 x10:0x00101a20 x16=0x00000020 PA:0x00101a20 store:0x00000000
          22898	     11445	0010010c	fa0810e3	bne	x16,x0,1000ac	 x16:0x00000020  x0:0x00000000
          22904	     11448	001000ac	0107a023	sw	x16,0(x15)	 x15:0x00020000 x16:0x00000020 PA:0x00020000 store:0x00000020 load:0x00000000
          22908	     11450	001000b0	00154703	lbu	x14,1(x10)	 x10:0x00101a20 x14=0x00000000 PA:0x00101a21 store:0x001013c0
          22912	     11452	001000b4	04070e63	beq	x14,x0,100110	 x14:0x00000000  x0:0x00000000
          22916	     11454	00100110	00000513	addi	x10,x0,0	  x0:0x00000000 x10=0x00000000
          22920	     11456	00100114	00008067	jalr	x0,0(x1)	  x1:0x001013c0  x0=0x00000000
          22924	     11458	001013c0	cf8a2503	lw	x10,-776(x20)	 x20:0x00102000 x10=0x3f80062a PA:0x00101cf8 store:0x0000000c
          22926	     11459	001013c4	003c0d93	addi	x27,x24,3	 x24:0x0000000c x27=0x0000000f
          22928	     11460	001013c8	004c0c13	addi	x24,x24,4	 x24:0x0000000c x24=0x00000010
          22932	     11462	001013cc	d55fe0ef	jal	x1,100120	  x1=0x001013d0
          22934	     11463	00100120	01c55793	srli	x15,x10,0x1c	 x10:0x3f80062a x15=0x00000003
          22936	     11464	00100124	00900713	addi	x14,x0,9	  x0:0x00000000 x14=0x00000009
          22940	     11466	00100128	0cf77a63	bgeu	x14,x15,1001fc	 x14:0x00000009 x15:0x00000003
          22944	     11468	001001fc	03078393	addi	x7,x15,48	 x15:0x00000003  x7=0x00000033
          22946	     11469	00100200	000205b7	lui	x11,0x20	 x11=0x00020000
          22948	     11470	00100204	00451613	slli	x12,x10,0x4	 x10:0x3f80062a x12=0xf80062a0
          22952	     11472	00100208	0075a023	sw	x7,0(x11)	 x11:0x00020000  x7:0x00000033 PA:0x00020000 store:0x00000033 load:0x00000000
          22954	     11473	0010020c	01c65693	srli	x13,x12,0x1c	 x12:0xf80062a0 x13=0x0000000f
          22956	     11474	00100210	00900813	addi	x16,x0,9	  x0:0x00000000 x16=0x00000009
          22960	     11476	00100214	f2d86ae3	bltu	x16,x13,100148	 x16:0x00000009 x13:0x0000000f
          22964	     11478	00100148	03768893	addi	x17,x13,55	 x13:0x0000000f x17=0x00000046
          22966	     11479	0010014c	00020e37	lui	x28,0x20	 x28=0x00020000
          22968	     11480	00100150	00851f93	slli	x31,x10,0x8	 x10:0x3f80062a x31=0x80062a00
          22972	     11482	00100154	011e2023	sw	x17,0(x28)	 x28:0x00020000 x17:0x00000046 PA:0x00020000 store:0x00000046 load:0x00000000
          22974	     11483	00100158	01cfd793	srli	x15,x31,0x1c	 x31:0x80062a00 x15=0x00000008
          22976	     11484	0010015c	00900713	addi	x14,x0,9	  x0:0x00000000 x14=0x00000009
          22980	     11486	00100160	0cf77a63	bgeu	x14,x15,100234	 x14:0x00000009 x15:0x00000008
          22984	     11488	00100234	03078393	addi	x7,x15,48	 x15:0x00000008  x7=0x00000038
          22986	     11489	00100238	000205b7	lui	x11,0x20	 x11=0x00020000
          22988	     11490	0010023c	00c51613	slli	x12,x10,0xc	 x10:0x3f80062a x12=0x0062a000
          22992	     11492	00100240	0075a023	sw	x7,0(x11)	 x11:0x00020000  x7:0x00000038 PA:0x00020000 store:0x00000038 load:0x00000000
          22994	     11493	00100244	01c65693	srli	x13,x12,0x1c	 x12:0x0062a000 x13=0x00000000
          22996	     11494	00100248	00900813	addi	x16,x0,9	  x0:0x00000000 x16=0x00000009
          22998	     11495	0010024c	f2d86ae3	bltu	x16,x13,100180	 x16:0x00000009 x13:0x00000000
          23000	     11496	00100250	03068e93	addi	x29,x13,48	 x13:0x00000000 x29=0x00000030
          23002	     11497	00100254	00020f37	lui	x30,0x20	 x30=0x00020000
          23004	     11498	00100258	01051f93	slli	x31,x10,0x10	 x10:0x3f80062a x31=0x062a0000
          23008	     11500	0010025c	01df2023	sw	x29,0(x30)	 x30:0x00020000 x29:0x00000030 PA:0x00020000 store:0x00000030 load:0x00000000
          23010	     11501	00100260	01cfd793	srli	x15,x31,0x1c	 x31:0x062a0000 x15=0x00000000
          23012	     11502	00100264	00900713	addi	x14,x0,9	  x0:0x00000000 x14=0x00000009
          23014	     11503	00100268	f2f76ae3	bltu	x14,x15,10019c	 x14:0x00000009 x15:0x00000000
          23016	     11504	0010026c	03078393	addi	x7,x15,48	 x15:0x00000000  x7=0x00000030
          23018	     11505	00100270	000205b7	lui	x11,0x20	 x11=0x00020000
          23020	     11506	00100274	01451613	slli	x12,x10,0x14	 x10:0x3f80062a x12=0x62a00000
          23024	     11508	00100278	0075a023	sw	x7,0(x11)	 x11:0x00020000  x7:0x00000030 PA:0x00020000 store:0x00000030 load:0x00000000
          23026	     11509	0010027c	01c65693	srli	x13,x12,0x1c	 x12:0x62a00000 x13=0x00000006
          23028	     11510	00100280	00900813	addi	x16,x0,9	  x0:0x00000000 x16=0x00000009
          23030	     11511	00100284	f2d86ae3	bltu	x16,x13,1001b8	 x16:0x00000009 x13:0x00000006
          23032	     11512	00100288	03068e93	addi	x29,x13,48	 x13:0x00000006 x29=0x00000036
          23034	     11513	0010028c	00020f37	lui	x30,0x20	 x30=0x00020000
          23036	     11514	00100290	01851f93	slli	x31,x10,0x18	 x10:0x3f80062a x31=0x2a000000
          23040	     11516	00100294	01df2023	sw	x29,0(x30)	 x30:0x00020000 x29:0x00000036 PA:0x00020000 store:0x00000036 load:0x00000000
          23042	     11517	00100298	01cfd793	srli	x15,x31,0x1c	 x31:0x2a000000 x15=0x00000002
          23044	     11518	0010029c	00900713	addi	x14,x0,9	  x0:0x00000000 x14=0x00000009
          23046	     11519	001002a0	f2f76ae3	bltu	x14,x15,1001d4	 x14:0x00000009 x15:0x00000002
          23048	     11520	001002a4	03078393	addi	x7,x15,48	 x15:0x00000002  x7=0x00000032
          23050	     11521	001002a8	000205b7	lui	x11,0x20	 x11=0x00020000
          23054	     11523	001002ac	0075a023	sw	x7,0(x11)	 x11:0x00020000  x7:0x00000032 PA:0x00020000 store:0x00000032 load:0x00000000
          23056	     11524	001002b0	00f57513	andi	x10,x10,15	 x10:0x3f80062a x10=0x0000000a
          23058	     11525	001002b4	00900613	addi	x12,x0,9	  x0:0x00000000 x12=0x00000009
          23060	     11526	001002b8	f2a67ae3	bgeu	x12,x10,1001ec	 x12:0x00000009 x10:0x0000000a
          23062	     11527	001002bc	03750693	addi	x13,x10,55	 x10:0x0000000a x13=0x00000041
          23064	     11528	001002c0	00020837	lui	x16,0x20	 x16=0x00020000
          23068	     11530	001002c4	00d82023	sw	x13,0(x16)	 x16:0x00020000 x13:0x00000041 PA:0x00020000 store:0x00000041 load:0x00000000
          23072	     11532	001002c8	00008067	jalr	x0,0(x1)	  x1:0x001013d0  x0=0x00000000
          23080	     11536	001013d0	a10a8513	addi	x10,x21,-1520	 x21:0x00102000 x10=0x00101a10
          23082	     11537	001013d4	d089a987	flw	f19,-760(x19)	 f19:0x00102000 f19=0x00000000 PA:0x00101d08 store:0x3f8018ab
          23102	     11547	001013d8	5809fa53	fsqrt.s	f20,f19	 f19:0x00102000 f20=0x00000000
          23106	     11549	001013dc	d149a427	fsw	f20,-760(x19)	 f19:0x00102000 f20:0x00102000 PA:0x00101d08 store:0x3f800315 load:0x3f80062a
          23110	     11551	001013e0	d089aa87	flw	f21,-760(x19)	 f19:0x00102000 f21=0x00000000 PA:0x00101d08 store:0x3f8018ab
          23112	     11552	001013e4	e00a82d3	fmv.x.w	x5,f21	 f21:0x00102000  x5=0x3f800315
          23114	     11553	001013e8	ce5a2c23	sw	x5,-776(x20)	 x20:0x00102000  x5:0x3f800315 PA:0x00101cf8 store:0x3f800315 load:0x3f800315
          23118	     11555	001013ec	cb5fe0ef	jal	x1,1000a0	  x1=0x001013f0
          23122	     11557	001000a0	00054803	lbu	x16,0(x10)	 x10:0x00101a10 x16=0x0000000a PA:0x00101a10 store:0x00000000
          23124	     11558	001000a4	06080663	beq	x16,x0,100110	 x16:0x0000000a  x0:0x00000000
          23126	     11559	001000a8	000207b7	lui	x15,0x20	 x15=0x00020000
          23130	     11561	001000ac	0107a023	sw	x16,0(x15)	 x15:0x00020000 x16:0x0000000a PA:0x00020000 store:0x0000000a load:0x00000000
          23134	     11563	001000b0	00154703	lbu	x14,1(x10)	 x10:0x00101a10 x14=0x00000020 PA:0x00101a11 store:0x001013f0
          23136	     11564	001000b4	04070e63	beq	x14,x0,100110	 x14:0x00000020  x0:0x00000000
          23140	     11566	001000b8	00e7a023	sw	x14,0(x15)	 x15:0x00020000 x14:0x00000020 PA:0x00020000 store:0x00000020 load:0x00000000
          23144	     11568	001000bc	00254283	lbu	x5,2(x10)	 x10:0x00101a10  x5=0x00000069 PA:0x00101a12 store:0x00137fa0
          23146	     11569	001000c0	04028863	beq	x5,x0,100110	  x5:0x00000069  x0:0x00000000
          23150	     11571	001000c4	0057a023	sw	x5,0(x15)	 x15:0x00020000  x5:0x00000069 PA:0x00020000 store:0x00000069 load:0x00000000
          23154	     11573	001000c8	00354303	lbu	x6,3(x10)	 x10:0x00101a10  x6=0x0000003d PA:0x00101a13 store:0x00000000
          23156	     11574	001000cc	04030263	beq	x6,x0,100110	  x6:0x0000003d  x0:0x00000000
          23160	     11576	001000d0	0067a023	sw	x6,0(x15)	 x15:0x00020000  x6:0x0000003d PA:0x00020000 store:0x0000003d load:0x00000000
          23164	     11578	001000d4	00454383	lbu	x7,4(x10)	 x10:0x00101a10  x7=0x00000000 PA:0x00101a14 store:0x00000000
          23168	     11580	001000d8	02038c63	beq	x7,x0,100110	  x7:0x00000000  x0:0x00000000
          23172	     11582	00100110	00000513	addi	x10,x0,0	  x0:0x00000000 x10=0x00000000
          23176	     11584	00100114	00008067	jalr	x0,0(x1)	  x1:0x001013f0  x0=0x00000000
          23178	     11585	001013f0	000d8513	addi	x10,x27,0	 x27:0x0000000f x10=0x0000000f
          23182	     11587	001013f4	d2dfe0ef	jal	x1,100120	  x1=0x001013f8
          23184	     11588	00100120	01c55793	srli	x15,x10,0x1c	 x10:0x0000000f x15=0x00000000
          23186	     11589	00100124	00900713	addi	x14,x0,9	  x0:0x00000000 x14=0x00000009
          23190	     11591	00100128	0cf77a63	bgeu	x14,x15,1001fc	 x14:0x00000009 x15:0x00000000
          23194	     11593	001001fc	03078393	addi	x7,x15,48	 x15:0x00000000  x7=0x00000030
          23196	     11594	00100200	000205b7	lui	x11,0x20	 x11=0x00020000
          23198	     11595	00100204	00451613	slli	x12,x10,0x4	 x10:0x0000000f x12=0x000000f0
          23202	     11597	00100208	0075a023	sw	x7,0(x11)	 x11:0x00020000  x7:0x00000030 PA:0x00020000 store:0x00000030 load:0x00000000
          23204	     11598	0010020c	01c65693	srli	x13,x12,0x1c	 x12:0x000000f0 x13=0x00000000
          23206	     11599	00100210	00900813	addi	x16,x0,9	  x0:0x00000000 x16=0x00000009
          23208	     11600	00100214	f2d86ae3	bltu	x16,x13,100148	 x16:0x00000009 x13:0x00000000
          23210	     11601	00100218	03068e93	addi	x29,x13,48	 x13:0x00000000 x29=0x00000030
          23212	     11602	0010021c	00020f37	lui	x30,0x20	 x30=0x00020000
          23214	     11603	00100220	00851f93	slli	x31,x10,0x8	 x10:0x0000000f x31=0x00000f00
          23218	     11605	00100224	01df2023	sw	x29,0(x30)	 x30:0x00020000 x29:0x00000030 PA:0x00020000 store:0x00000030 load:0x00000000
          23220	     11606	00100228	01cfd793	srli	x15,x31,0x1c	 x31:0x00000f00 x15=0x00000000
          23222	     11607	0010022c	00900713	addi	x14,x0,9	  x0:0x00000000 x14=0x00000009
          23224	     11608	00100230	f2f76ae3	bltu	x14,x15,100164	 x14:0x00000009 x15:0x00000000
          23226	     11609	00100234	03078393	addi	x7,x15,48	 x15:0x00000000  x7=0x00000030
          23228	     11610	00100238	000205b7	lui	x11,0x20	 x11=0x00020000
          23230	     11611	0010023c	00c51613	slli	x12,x10,0xc	 x10:0x0000000f x12=0x0000f000
          23234	     11613	00100240	0075a023	sw	x7,0(x11)	 x11:0x00020000  x7:0x00000030 PA:0x00020000 store:0x00000030 load:0x00000000
          23236	     11614	00100244	01c65693	srli	x13,x12,0x1c	 x12:0x0000f000 x13=0x00000000
          23238	     11615	00100248	00900813	addi	x16,x0,9	  x0:0x00000000 x16=0x00000009
          23240	     11616	0010024c	f2d86ae3	bltu	x16,x13,100180	 x16:0x00000009 x13:0x00000000
          23242	     11617	00100250	03068e93	addi	x29,x13,48	 x13:0x00000000 x29=0x00000030
          23244	     11618	00100254	00020f37	lui	x30,0x20	 x30=0x00020000
          23246	     11619	00100258	01051f93	slli	x31,x10,0x10	 x10:0x0000000f x31=0x000f0000
          23250	     11621	0010025c	01df2023	sw	x29,0(x30)	 x30:0x00020000 x29:0x00000030 PA:0x00020000 store:0x00000030 load:0x00000000
          23252	     11622	00100260	01cfd793	srli	x15,x31,0x1c	 x31:0x000f0000 x15=0x00000000
          23254	     11623	00100264	00900713	addi	x14,x0,9	  x0:0x00000000 x14=0x00000009
          23256	     11624	00100268	f2f76ae3	bltu	x14,x15,10019c	 x14:0x00000009 x15:0x00000000
          23258	     11625	0010026c	03078393	addi	x7,x15,48	 x15:0x00000000  x7=0x00000030
          23260	     11626	00100270	000205b7	lui	x11,0x20	 x11=0x00020000
          23262	     11627	00100274	01451613	slli	x12,x10,0x14	 x10:0x0000000f x12=0x00f00000
          23266	     11629	00100278	0075a023	sw	x7,0(x11)	 x11:0x00020000  x7:0x00000030 PA:0x00020000 store:0x00000030 load:0x00000000
          23268	     11630	0010027c	01c65693	srli	x13,x12,0x1c	 x12:0x00f00000 x13=0x00000000
          23270	     11631	00100280	00900813	addi	x16,x0,9	  x0:0x00000000 x16=0x00000009
          23272	     11632	00100284	f2d86ae3	bltu	x16,x13,1001b8	 x16:0x00000009 x13:0x00000000
          23274	     11633	00100288	03068e93	addi	x29,x13,48	 x13:0x00000000 x29=0x00000030
          23276	     11634	0010028c	00020f37	lui	x30,0x20	 x30=0x00020000
          23278	     11635	00100290	01851f93	slli	x31,x10,0x18	 x10:0x0000000f x31=0x0f000000
          23282	     11637	00100294	01df2023	sw	x29,0(x30)	 x30:0x00020000 x29:0x00000030 PA:0x00020000 store:0x00000030 load:0x00000000
          23284	     11638	00100298	01cfd793	srli	x15,x31,0x1c	 x31:0x0f000000 x15=0x00000000
          23286	     11639	0010029c	00900713	addi	x14,x0,9	  x0:0x00000000 x14=0x00000009
          23288	     11640	001002a0	f2f76ae3	bltu	x14,x15,1001d4	 x14:0x00000009 x15:0x00000000
          23290	     11641	001002a4	03078393	addi	x7,x15,48	 x15:0x00000000  x7=0x00000030
          23292	     11642	001002a8	000205b7	lui	x11,0x20	 x11=0x00020000
          23296	     11644	001002ac	0075a023	sw	x7,0(x11)	 x11:0x00020000  x7:0x00000030 PA:0x00020000 store:0x00000030 load:0x00000000
          23298	     11645	001002b0	00f57513	andi	x10,x10,15	 x10:0x0000000f x10=0x0000000f
          23300	     11646	001002b4	00900613	addi	x12,x0,9	  x0:0x00000000 x12=0x00000009
          23302	     11647	001002b8	f2a67ae3	bgeu	x12,x10,1001ec	 x12:0x00000009 x10:0x0000000f
          23304	     11648	001002bc	03750693	addi	x13,x10,55	 x10:0x0000000f x13=0x00000046
          23306	     11649	001002c0	00020837	lui	x16,0x20	 x16=0x00020000
          23310	     11651	001002c4	00d82023	sw	x13,0(x16)	 x16:0x00020000 x13:0x00000046 PA:0x00020000 store:0x00000046 load:0x00000000
          23314	     11653	001002c8	00008067	jalr	x0,0(x1)	  x1:0x001013f8  x0=0x00000000
          23316	     11654	001013f8	a18b0513	addi	x10,x22,-1512	 x22:0x00102000 x10=0x00101a18
          23320	     11656	001013fc	ca5fe0ef	jal	x1,1000a0	  x1=0x00101400
          23324	     11658	001000a0	00054803	lbu	x16,0(x10)	 x10:0x00101a18 x16=0x00000020 PA:0x00101a18 store:0x00000000
          23326	     11659	001000a4	06080663	beq	x16,x0,100110	 x16:0x00000020  x0:0x00000000
          23328	     11660	001000a8	000207b7	lui	x15,0x20	 x15=0x00020000
          23332	     11662	001000ac	0107a023	sw	x16,0(x15)	 x15:0x00020000 x16:0x00000020 PA:0x00020000 store:0x00000020 load:0x00000000
          23336	     11664	001000b0	00154703	lbu	x14,1(x10)	 x10:0x00101a18 x14=0x00000072 PA:0x00101a19 store:0x00101400
          23338	     11665	001000b4	04070e63	beq	x14,x0,100110	 x14:0x00000072  x0:0x00000000
          23342	     11667	001000b8	00e7a023	sw	x14,0(x15)	 x15:0x00020000 x14:0x00000072 PA:0x00020000 store:0x00000072 load:0x00000000
          23346	     11669	001000bc	00254283	lbu	x5,2(x10)	 x10:0x00101a18  x5=0x00000065 PA:0x00101a1a store:0x00137fa0
          23348	     11670	001000c0	04028863	beq	x5,x0,100110	  x5:0x00000065  x0:0x00000000
          23352	     11672	001000c4	0057a023	sw	x5,0(x15)	 x15:0x00020000  x5:0x00000065 PA:0x00020000 store:0x00000065 load:0x00000000
          23356	     11674	001000c8	00354303	lbu	x6,3(x10)	 x10:0x00101a18  x6=0x00000073 PA:0x00101a1b store:0x00000000
          23358	     11675	001000cc	04030263	beq	x6,x0,100110	  x6:0x00000073  x0:0x00000000
          23362	     11677	001000d0	0067a023	sw	x6,0(x15)	 x15:0x00020000  x6:0x00000073 PA:0x00020000 store:0x00000073 load:0x00000000
          23366	     11679	001000d4	00454383	lbu	x7,4(x10)	 x10:0x00101a18  x7=0x00000075 PA:0x00101a1c store:0x00000000
          23368	     11680	001000d8	02038c63	beq	x7,x0,100110	  x7:0x00000075  x0:0x00000000
          23372	     11682	001000dc	0077a023	sw	x7,0(x15)	 x15:0x00020000  x7:0x00000075 PA:0x00020000 store:0x00000075 load:0x00000000
          23376	     11684	001000e0	00554583	lbu	x11,5(x10)	 x10:0x00101a18 x11=0x0000006c PA:0x00101a1d store:0x00000065
          23378	     11685	001000e4	02058663	beq	x11,x0,100110	 x11:0x0000006c  x0:0x00000000
          23382	     11687	001000e8	00b7a023	sw	x11,0(x15)	 x15:0x00020000 x11:0x0000006c PA:0x00020000 store:0x0000006c load:0x00000000
          23386	     11689	001000ec	00654603	lbu	x12,6(x10)	 x10:0x00101a18 x12=0x00000074 PA:0x00101a1e store:0x00000073
          23388	     11690	001000f0	02060063	beq	x12,x0,100110	 x12:0x00000074  x0:0x00000000
          23392	     11692	001000f4	00c7a023	sw	x12,0(x15)	 x15:0x00020000 x12:0x00000074 PA:0x00020000 store:0x00000074 load:0x00000000
          23396	     11694	001000f8	00754683	lbu	x13,7(x10)	 x10:0x00101a18 x13=0x0000003a PA:0x00101a1f store:0x00000075
          23398	     11695	001000fc	00850513	addi	x10,x10,8	 x10:0x00101a18 x10=0x00101a20
          23400	     11696	00100100	00068863	beq	x13,x0,100110	 x13:0x0000003a  x0:0x00000000
          23404	     11698	00100104	00d7a023	sw	x13,0(x15)	 x15:0x00020000 x13:0x0000003a PA:0x00020000 store:0x0000003a load:0x00000000
          23408	     11700	00100108	00054803	lbu	x16,0(x10)	 x10:0x00101a20 x16=0x00000020 PA:0x00101a20 store:0x00000000
          23412	     11702	0010010c	fa0810e3	bne	x16,x0,1000ac	 x16:0x00000020  x0:0x00000000
          23418	     11705	001000ac	0107a023	sw	x16,0(x15)	 x15:0x00020000 x16:0x00000020 PA:0x00020000 store:0x00000020 load:0x00000000
          23422	     11707	001000b0	00154703	lbu	x14,1(x10)	 x10:0x00101a20 x14=0x00000000 PA:0x00101a21 store:0x00101400
          23426	     11709	001000b4	04070e63	beq	x14,x0,100110	 x14:0x00000000  x0:0x00000000
          23430	     11711	00100110	00000513	addi	x10,x0,0	  x0:0x00000000 x10=0x00000000
          23434	     11713	00100114	00008067	jalr	x0,0(x1)	  x1:0x00101400  x0=0x00000000
          23438	     11715	00101400	cf8a2503	lw	x10,-776(x20)	 x20:0x00102000 x10=0x3f800315 PA:0x00101cf8 store:0x00000010
          23442	     11717	00101404	d1dfe0ef	jal	x1,100120	  x1=0x00101408
          23444	     11718	00100120	01c55793	srli	x15,x10,0x1c	 x10:0x3f800315 x15=0x00000003
          23446	     11719	00100124	00900713	addi	x14,x0,9	  x0:0x00000000 x14=0x00000009
          23450	     11721	00100128	0cf77a63	bgeu	x14,x15,1001fc	 x14:0x00000009 x15:0x00000003
          23454	     11723	001001fc	03078393	addi	x7,x15,48	 x15:0x00000003  x7=0x00000033
          23456	     11724	00100200	000205b7	lui	x11,0x20	 x11=0x00020000
          23458	     11725	00100204	00451613	slli	x12,x10,0x4	 x10:0x3f800315 x12=0xf8003150
          23462	     11727	00100208	0075a023	sw	x7,0(x11)	 x11:0x00020000  x7:0x00000033 PA:0x00020000 store:0x00000033 load:0x00000000
          23464	     11728	0010020c	01c65693	srli	x13,x12,0x1c	 x12:0xf8003150 x13=0x0000000f
          23466	     11729	00100210	00900813	addi	x16,x0,9	  x0:0x00000000 x16=0x00000009
          23470	     11731	00100214	f2d86ae3	bltu	x16,x13,100148	 x16:0x00000009 x13:0x0000000f
          23474	     11733	00100148	03768893	addi	x17,x13,55	 x13:0x0000000f x17=0x00000046
          23476	     11734	0010014c	00020e37	lui	x28,0x20	 x28=0x00020000
          23478	     11735	00100150	00851f93	slli	x31,x10,0x8	 x10:0x3f800315 x31=0x80031500
          23482	     11737	00100154	011e2023	sw	x17,0(x28)	 x28:0x00020000 x17:0x00000046 PA:0x00020000 store:0x00000046 load:0x00000000
          23484	     11738	00100158	01cfd793	srli	x15,x31,0x1c	 x31:0x80031500 x15=0x00000008
          23486	     11739	0010015c	00900713	addi	x14,x0,9	  x0:0x00000000 x14=0x00000009
          23490	     11741	00100160	0cf77a63	bgeu	x14,x15,100234	 x14:0x00000009 x15:0x00000008
          23494	     11743	00100234	03078393	addi	x7,x15,48	 x15:0x00000008  x7=0x00000038
          23496	     11744	00100238	000205b7	lui	x11,0x20	 x11=0x00020000
          23498	     11745	0010023c	00c51613	slli	x12,x10,0xc	 x10:0x3f800315 x12=0x00315000
          23502	     11747	00100240	0075a023	sw	x7,0(x11)	 x11:0x00020000  x7:0x00000038 PA:0x00020000 store:0x00000038 load:0x00000000
          23504	     11748	00100244	01c65693	srli	x13,x12,0x1c	 x12:0x00315000 x13=0x00000000
          23506	     11749	00100248	00900813	addi	x16,x0,9	  x0:0x00000000 x16=0x00000009
          23508	     11750	0010024c	f2d86ae3	bltu	x16,x13,100180	 x16:0x00000009 x13:0x00000000
          23510	     11751	00100250	03068e93	addi	x29,x13,48	 x13:0x00000000 x29=0x00000030
          23512	     11752	00100254	00020f37	lui	x30,0x20	 x30=0x00020000
          23514	     11753	00100258	01051f93	slli	x31,x10,0x10	 x10:0x3f800315 x31=0x03150000
          23518	     11755	0010025c	01df2023	sw	x29,0(x30)	 x30:0x00020000 x29:0x00000030 PA:0x00020000 store:0x00000030 load:0x00000000
          23520	     11756	00100260	01cfd793	srli	x15,x31,0x1c	 x31:0x03150000 x15=0x00000000
          23522	     11757	00100264	00900713	addi	x14,x0,9	  x0:0x00000000 x14=0x00000009
          23524	     11758	00100268	f2f76ae3	bltu	x14,x15,10019c	 x14:0x00000009 x15:0x00000000
          23526	     11759	0010026c	03078393	addi	x7,x15,48	 x15:0x00000000  x7=0x00000030
          23528	     11760	00100270	000205b7	lui	x11,0x20	 x11=0x00020000
          23530	     11761	00100274	01451613	slli	x12,x10,0x14	 x10:0x3f800315 x12=0x31500000
          23534	     11763	00100278	0075a023	sw	x7,0(x11)	 x11:0x00020000  x7:0x00000030 PA:0x00020000 store:0x00000030 load:0x00000000
          23536	     11764	0010027c	01c65693	srli	x13,x12,0x1c	 x12:0x31500000 x13=0x00000003
          23538	     11765	00100280	00900813	addi	x16,x0,9	  x0:0x00000000 x16=0x00000009
          23540	     11766	00100284	f2d86ae3	bltu	x16,x13,1001b8	 x16:0x00000009 x13:0x00000003
          23542	     11767	00100288	03068e93	addi	x29,x13,48	 x13:0x00000003 x29=0x00000033
          23544	     11768	0010028c	00020f37	lui	x30,0x20	 x30=0x00020000
          23546	     11769	00100290	01851f93	slli	x31,x10,0x18	 x10:0x3f800315 x31=0x15000000
          23550	     11771	00100294	01df2023	sw	x29,0(x30)	 x30:0x00020000 x29:0x00000033 PA:0x00020000 store:0x00000033 load:0x00000000
          23552	     11772	00100298	01cfd793	srli	x15,x31,0x1c	 x31:0x15000000 x15=0x00000001
          23554	     11773	0010029c	00900713	addi	x14,x0,9	  x0:0x00000000 x14=0x00000009
          23556	     11774	001002a0	f2f76ae3	bltu	x14,x15,1001d4	 x14:0x00000009 x15:0x00000001
          23558	     11775	001002a4	03078393	addi	x7,x15,48	 x15:0x00000001  x7=0x00000031
          23560	     11776	001002a8	000205b7	lui	x11,0x20	 x11=0x00020000
          23564	     11778	001002ac	0075a023	sw	x7,0(x11)	 x11:0x00020000  x7:0x00000031 PA:0x00020000 store:0x00000031 load:0x00000000
          23566	     11779	001002b0	00f57513	andi	x10,x10,15	 x10:0x3f800315 x10=0x00000005
          23568	     11780	001002b4	00900613	addi	x12,x0,9	  x0:0x00000000 x12=0x00000009
          23572	     11782	001002b8	f2a67ae3	bgeu	x12,x10,1001ec	 x12:0x00000009 x10:0x00000005
          23576	     11784	001001ec	03050893	addi	x17,x10,48	 x10:0x00000005 x17=0x00000035
          23578	     11785	001001f0	00020e37	lui	x28,0x20	 x28=0x00020000
          23582	     11787	001001f4	011e2023	sw	x17,0(x28)	 x28:0x00020000 x17:0x00000035 PA:0x00020000 store:0x00000035 load:0x00000000
          23586	     11789	001001f8	00008067	jalr	x0,0(x1)	  x1:0x00101408  x0=0x00000000
          23590	     11791	00101408	f1ac18e3	bne	x24,x26,101318	 x24:0x00000010 x26:0x00000014
          23598	     11795	00101318	d089a607	flw	f12,-760(x19)	 f19:0x00102000 f12=0x00000000 PA:0x00101d08 store:0x3f8018ab
          23620	     11806	0010131c	580676d3	fsqrt.s	f13,f12	 f12:0x00000009 f13=0x00000000
          23624	     11808	00101320	d0d9a427	fsw	f13,-760(x19)	 f19:0x00102000 f13:0x00000003 PA:0x00101d08 store:0x3f80018a load:0x3f800315
          23628	     11810	00101324	d089a387	flw	f7,-760(x19)	 f19:0x00102000  f7=0x00000000 PA:0x00101d08 store:0x3f8018ab
          23632	     11812	00101328	a10a8513	addi	x10,x21,-1520	 x21:0x00102000 x10=0x00101a10
          23634	     11813	0010132c	e00386d3	fmv.x.w	x13,f7	  f7:0x00000031 x13=0x3f80018a
          23636	     11814	00101330	ceda2c23	sw	x13,-776(x20)	 x20:0x00102000 x13:0x3f80018a PA:0x00101cf8 store:0x3f80018a load:0x3f80018a
          23638	     11815	00101334	d6dfe0ef	jal	x1,1000a0	  x1=0x00101338
          23642	     11817	001000a0	00054803	lbu	x16,0(x10)	 x10:0x00101a10 x16=0x0000000a PA:0x00101a10 store:0x00000000
          23644	     11818	001000a4	06080663	beq	x16,x0,100110	 x16:0x0000000a  x0:0x00000000
          23646	     11819	001000a8	000207b7	lui	x15,0x20	 x15=0x00020000
          23650	     11821	001000ac	0107a023	sw	x16,0(x15)	 x15:0x00020000 x16:0x0000000a PA:0x00020000 store:0x0000000a load:0x00000000
          23654	     11823	001000b0	00154703	lbu	x14,1(x10)	 x10:0x00101a10 x14=0x00000020 PA:0x00101a11 store:0x00101338
          23656	     11824	001000b4	04070e63	beq	x14,x0,100110	 x14:0x00000020  x0:0x00000000
          23660	     11826	001000b8	00e7a023	sw	x14,0(x15)	 x15:0x00020000 x14:0x00000020 PA:0x00020000 store:0x00000020 load:0x00000000
          23664	     11828	001000bc	00254283	lbu	x5,2(x10)	 x10:0x00101a10  x5=0x00000069 PA:0x00101a12 store:0x00137fa0
          23666	     11829	001000c0	04028863	beq	x5,x0,100110	  x5:0x00000069  x0:0x00000000
          23670	     11831	001000c4	0057a023	sw	x5,0(x15)	 x15:0x00020000  x5:0x00000069 PA:0x00020000 store:0x00000069 load:0x00000000
          23674	     11833	001000c8	00354303	lbu	x6,3(x10)	 x10:0x00101a10  x6=0x0000003d PA:0x00101a13 store:0x00000000
          23676	     11834	001000cc	04030263	beq	x6,x0,100110	  x6:0x0000003d  x0:0x00000000
          23680	     11836	001000d0	0067a023	sw	x6,0(x15)	 x15:0x00020000  x6:0x0000003d PA:0x00020000 store:0x0000003d load:0x00000000
          23684	     11838	001000d4	00454383	lbu	x7,4(x10)	 x10:0x00101a10  x7=0x00000000 PA:0x00101a14 store:0x00000000
          23688	     11840	001000d8	02038c63	beq	x7,x0,100110	  x7:0x00000000  x0:0x00000000
          23692	     11842	00100110	00000513	addi	x10,x0,0	  x0:0x00000000 x10=0x00000000
          23696	     11844	00100114	00008067	jalr	x0,0(x1)	  x1:0x00101338  x0=0x00000000
          23698	     11845	00101338	000c0513	addi	x10,x24,0	 x24:0x00000010 x10=0x00000010
          23702	     11847	0010133c	de5fe0ef	jal	x1,100120	  x1=0x00101340
          23704	     11848	00100120	01c55793	srli	x15,x10,0x1c	 x10:0x00000010 x15=0x00000000
          23706	     11849	00100124	00900713	addi	x14,x0,9	  x0:0x00000000 x14=0x00000009
          23710	     11851	00100128	0cf77a63	bgeu	x14,x15,1001fc	 x14:0x00000009 x15:0x00000000
          23714	     11853	001001fc	03078393	addi	x7,x15,48	 x15:0x00000000  x7=0x00000030
          23716	     11854	00100200	000205b7	lui	x11,0x20	 x11=0x00020000
          23718	     11855	00100204	00451613	slli	x12,x10,0x4	 x10:0x00000010 x12=0x00000100
          23722	     11857	00100208	0075a023	sw	x7,0(x11)	 x11:0x00020000  x7:0x00000030 PA:0x00020000 store:0x00000030 load:0x00000000
          23724	     11858	0010020c	01c65693	srli	x13,x12,0x1c	 x12:0x00000100 x13=0x00000000
          23726	     11859	00100210	00900813	addi	x16,x0,9	  x0:0x00000000 x16=0x00000009
          23728	     11860	00100214	f2d86ae3	bltu	x16,x13,100148	 x16:0x00000009 x13:0x00000000
          23730	     11861	00100218	03068e93	addi	x29,x13,48	 x13:0x00000000 x29=0x00000030
          23732	     11862	0010021c	00020f37	lui	x30,0x20	 x30=0x00020000
          23734	     11863	00100220	00851f93	slli	x31,x10,0x8	 x10:0x00000010 x31=0x00001000
          23738	     11865	00100224	01df2023	sw	x29,0(x30)	 x30:0x00020000 x29:0x00000030 PA:0x00020000 store:0x00000030 load:0x00000000
          23740	     11866	00100228	01cfd793	srli	x15,x31,0x1c	 x31:0x00001000 x15=0x00000000
          23742	     11867	0010022c	00900713	addi	x14,x0,9	  x0:0x00000000 x14=0x00000009
          23744	     11868	00100230	f2f76ae3	bltu	x14,x15,100164	 x14:0x00000009 x15:0x00000000
          23746	     11869	00100234	03078393	addi	x7,x15,48	 x15:0x00000000  x7=0x00000030
          23748	     11870	00100238	000205b7	lui	x11,0x20	 x11=0x00020000
          23750	     11871	0010023c	00c51613	slli	x12,x10,0xc	 x10:0x00000010 x12=0x00010000
          23754	     11873	00100240	0075a023	sw	x7,0(x11)	 x11:0x00020000  x7:0x00000030 PA:0x00020000 store:0x00000030 load:0x00000000
          23756	     11874	00100244	01c65693	srli	x13,x12,0x1c	 x12:0x00010000 x13=0x00000000
          23758	     11875	00100248	00900813	addi	x16,x0,9	  x0:0x00000000 x16=0x00000009
          23760	     11876	0010024c	f2d86ae3	bltu	x16,x13,100180	 x16:0x00000009 x13:0x00000000
          23762	     11877	00100250	03068e93	addi	x29,x13,48	 x13:0x00000000 x29=0x00000030
          23764	     11878	00100254	00020f37	lui	x30,0x20	 x30=0x00020000
          23766	     11879	00100258	01051f93	slli	x31,x10,0x10	 x10:0x00000010 x31=0x00100000
          23770	     11881	0010025c	01df2023	sw	x29,0(x30)	 x30:0x00020000 x29:0x00000030 PA:0x00020000 store:0x00000030 load:0x00000000
          23772	     11882	00100260	01cfd793	srli	x15,x31,0x1c	 x31:0x00100000 x15=0x00000000
          23774	     11883	00100264	00900713	addi	x14,x0,9	  x0:0x00000000 x14=0x00000009
          23776	     11884	00100268	f2f76ae3	bltu	x14,x15,10019c	 x14:0x00000009 x15:0x00000000
          23778	     11885	0010026c	03078393	addi	x7,x15,48	 x15:0x00000000  x7=0x00000030
          23780	     11886	00100270	000205b7	lui	x11,0x20	 x11=0x00020000
          23782	     11887	00100274	01451613	slli	x12,x10,0x14	 x10:0x00000010 x12=0x01000000
          23786	     11889	00100278	0075a023	sw	x7,0(x11)	 x11:0x00020000  x7:0x00000030 PA:0x00020000 store:0x00000030 load:0x00000000
          23788	     11890	0010027c	01c65693	srli	x13,x12,0x1c	 x12:0x01000000 x13=0x00000000
          23790	     11891	00100280	00900813	addi	x16,x0,9	  x0:0x00000000 x16=0x00000009
          23792	     11892	00100284	f2d86ae3	bltu	x16,x13,1001b8	 x16:0x00000009 x13:0x00000000
          23794	     11893	00100288	03068e93	addi	x29,x13,48	 x13:0x00000000 x29=0x00000030
          23796	     11894	0010028c	00020f37	lui	x30,0x20	 x30=0x00020000
          23798	     11895	00100290	01851f93	slli	x31,x10,0x18	 x10:0x00000010 x31=0x10000000
          23802	     11897	00100294	01df2023	sw	x29,0(x30)	 x30:0x00020000 x29:0x00000030 PA:0x00020000 store:0x00000030 load:0x00000000
          23804	     11898	00100298	01cfd793	srli	x15,x31,0x1c	 x31:0x10000000 x15=0x00000001
          23806	     11899	0010029c	00900713	addi	x14,x0,9	  x0:0x00000000 x14=0x00000009
          23808	     11900	001002a0	f2f76ae3	bltu	x14,x15,1001d4	 x14:0x00000009 x15:0x00000001
          23810	     11901	001002a4	03078393	addi	x7,x15,48	 x15:0x00000001  x7=0x00000031
          23812	     11902	001002a8	000205b7	lui	x11,0x20	 x11=0x00020000
          23816	     11904	001002ac	0075a023	sw	x7,0(x11)	 x11:0x00020000  x7:0x00000031 PA:0x00020000 store:0x00000031 load:0x00000000
          23818	     11905	001002b0	00f57513	andi	x10,x10,15	 x10:0x00000010 x10=0x00000000
          23820	     11906	001002b4	00900613	addi	x12,x0,9	  x0:0x00000000 x12=0x00000009
          23824	     11908	001002b8	f2a67ae3	bgeu	x12,x10,1001ec	 x12:0x00000009 x10:0x00000000
          23828	     11910	001001ec	03050893	addi	x17,x10,48	 x10:0x00000000 x17=0x00000030
          23830	     11911	001001f0	00020e37	lui	x28,0x20	 x28=0x00020000
          23834	     11913	001001f4	011e2023	sw	x17,0(x28)	 x28:0x00020000 x17:0x00000030 PA:0x00020000 store:0x00000030 load:0x00000000
          23838	     11915	001001f8	00008067	jalr	x0,0(x1)	  x1:0x00101340  x0=0x00000000
          23840	     11916	00101340	a18b0513	addi	x10,x22,-1512	 x22:0x00102000 x10=0x00101a18
          23844	     11918	00101344	d5dfe0ef	jal	x1,1000a0	  x1=0x00101348
          23848	     11920	001000a0	00054803	lbu	x16,0(x10)	 x10:0x00101a18 x16=0x00000020 PA:0x00101a18 store:0x00000000
          23850	     11921	001000a4	06080663	beq	x16,x0,100110	 x16:0x00000020  x0:0x00000000
          23852	     11922	001000a8	000207b7	lui	x15,0x20	 x15=0x00020000
          23856	     11924	001000ac	0107a023	sw	x16,0(x15)	 x15:0x00020000 x16:0x00000020 PA:0x00020000 store:0x00000020 load:0x00000000
          23860	     11926	001000b0	00154703	lbu	x14,1(x10)	 x10:0x00101a18 x14=0x00000072 PA:0x00101a19 store:0x00101348
          23862	     11927	001000b4	04070e63	beq	x14,x0,100110	 x14:0x00000072  x0:0x00000000
          23866	     11929	001000b8	00e7a023	sw	x14,0(x15)	 x15:0x00020000 x14:0x00000072 PA:0x00020000 store:0x00000072 load:0x00000000
          23870	     11931	001000bc	00254283	lbu	x5,2(x10)	 x10:0x00101a18  x5=0x00000065 PA:0x00101a1a store:0x00137fa0
          23872	     11932	001000c0	04028863	beq	x5,x0,100110	  x5:0x00000065  x0:0x00000000
          23876	     11934	001000c4	0057a023	sw	x5,0(x15)	 x15:0x00020000  x5:0x00000065 PA:0x00020000 store:0x00000065 load:0x00000000
          23880	     11936	001000c8	00354303	lbu	x6,3(x10)	 x10:0x00101a18  x6=0x00000073 PA:0x00101a1b store:0x00000000
          23882	     11937	001000cc	04030263	beq	x6,x0,100110	  x6:0x00000073  x0:0x00000000
          23886	     11939	001000d0	0067a023	sw	x6,0(x15)	 x15:0x00020000  x6:0x00000073 PA:0x00020000 store:0x00000073 load:0x00000000
          23890	     11941	001000d4	00454383	lbu	x7,4(x10)	 x10:0x00101a18  x7=0x00000075 PA:0x00101a1c store:0x00000000
          23892	     11942	001000d8	02038c63	beq	x7,x0,100110	  x7:0x00000075  x0:0x00000000
          23896	     11944	001000dc	0077a023	sw	x7,0(x15)	 x15:0x00020000  x7:0x00000075 PA:0x00020000 store:0x00000075 load:0x00000000
          23900	     11946	001000e0	00554583	lbu	x11,5(x10)	 x10:0x00101a18 x11=0x0000006c PA:0x00101a1d store:0x00000065
          23902	     11947	001000e4	02058663	beq	x11,x0,100110	 x11:0x0000006c  x0:0x00000000
          23906	     11949	001000e8	00b7a023	sw	x11,0(x15)	 x15:0x00020000 x11:0x0000006c PA:0x00020000 store:0x0000006c load:0x00000000
          23910	     11951	001000ec	00654603	lbu	x12,6(x10)	 x10:0x00101a18 x12=0x00000074 PA:0x00101a1e store:0x00000073
          23912	     11952	001000f0	02060063	beq	x12,x0,100110	 x12:0x00000074  x0:0x00000000
          23916	     11954	001000f4	00c7a023	sw	x12,0(x15)	 x15:0x00020000 x12:0x00000074 PA:0x00020000 store:0x00000074 load:0x00000000
          23920	     11956	001000f8	00754683	lbu	x13,7(x10)	 x10:0x00101a18 x13=0x0000003a PA:0x00101a1f store:0x00000075
          23922	     11957	001000fc	00850513	addi	x10,x10,8	 x10:0x00101a18 x10=0x00101a20
          23924	     11958	00100100	00068863	beq	x13,x0,100110	 x13:0x0000003a  x0:0x00000000
          23928	     11960	00100104	00d7a023	sw	x13,0(x15)	 x15:0x00020000 x13:0x0000003a PA:0x00020000 store:0x0000003a load:0x00000000
          23932	     11962	00100108	00054803	lbu	x16,0(x10)	 x10:0x00101a20 x16=0x00000020 PA:0x00101a20 store:0x00000000
          23936	     11964	0010010c	fa0810e3	bne	x16,x0,1000ac	 x16:0x00000020  x0:0x00000000
          23942	     11967	001000ac	0107a023	sw	x16,0(x15)	 x15:0x00020000 x16:0x00000020 PA:0x00020000 store:0x00000020 load:0x00000000
          23946	     11969	001000b0	00154703	lbu	x14,1(x10)	 x10:0x00101a20 x14=0x00000000 PA:0x00101a21 store:0x00101348
          23950	     11971	001000b4	04070e63	beq	x14,x0,100110	 x14:0x00000000  x0:0x00000000
          23954	     11973	00100110	00000513	addi	x10,x0,0	  x0:0x00000000 x10=0x00000000
          23958	     11975	00100114	00008067	jalr	x0,0(x1)	  x1:0x00101348  x0=0x00000000
          23962	     11977	00101348	cf8a2503	lw	x10,-776(x20)	 x20:0x00102000 x10=0x3f80018a PA:0x00101cf8 store:0x00000010
          23964	     11978	0010134c	001c0d93	addi	x27,x24,1	 x24:0x00000010 x27=0x00000011
          23968	     11980	00101350	dd1fe0ef	jal	x1,100120	  x1=0x00101354
          23970	     11981	00100120	01c55793	srli	x15,x10,0x1c	 x10:0x3f80018a x15=0x00000003
          23972	     11982	00100124	00900713	addi	x14,x0,9	  x0:0x00000000 x14=0x00000009
          23976	     11984	00100128	0cf77a63	bgeu	x14,x15,1001fc	 x14:0x00000009 x15:0x00000003
          23980	     11986	001001fc	03078393	addi	x7,x15,48	 x15:0x00000003  x7=0x00000033
          23982	     11987	00100200	000205b7	lui	x11,0x20	 x11=0x00020000
          23984	     11988	00100204	00451613	slli	x12,x10,0x4	 x10:0x3f80018a x12=0xf80018a0
          23988	     11990	00100208	0075a023	sw	x7,0(x11)	 x11:0x00020000  x7:0x00000033 PA:0x00020000 store:0x00000033 load:0x00000000
          23990	     11991	0010020c	01c65693	srli	x13,x12,0x1c	 x12:0xf80018a0 x13=0x0000000f
          23992	     11992	00100210	00900813	addi	x16,x0,9	  x0:0x00000000 x16=0x00000009
          23996	     11994	00100214	f2d86ae3	bltu	x16,x13,100148	 x16:0x00000009 x13:0x0000000f
          24000	     11996	00100148	03768893	addi	x17,x13,55	 x13:0x0000000f x17=0x00000046
          24002	     11997	0010014c	00020e37	lui	x28,0x20	 x28=0x00020000
          24004	     11998	00100150	00851f93	slli	x31,x10,0x8	 x10:0x3f80018a x31=0x80018a00
          24008	     12000	00100154	011e2023	sw	x17,0(x28)	 x28:0x00020000 x17:0x00000046 PA:0x00020000 store:0x00000046 load:0x00000000
          24010	     12001	00100158	01cfd793	srli	x15,x31,0x1c	 x31:0x80018a00 x15=0x00000008
          24012	     12002	0010015c	00900713	addi	x14,x0,9	  x0:0x00000000 x14=0x00000009
          24016	     12004	00100160	0cf77a63	bgeu	x14,x15,100234	 x14:0x00000009 x15:0x00000008
          24020	     12006	00100234	03078393	addi	x7,x15,48	 x15:0x00000008  x7=0x00000038
          24022	     12007	00100238	000205b7	lui	x11,0x20	 x11=0x00020000
          24024	     12008	0010023c	00c51613	slli	x12,x10,0xc	 x10:0x3f80018a x12=0x0018a000
          24028	     12010	00100240	0075a023	sw	x7,0(x11)	 x11:0x00020000  x7:0x00000038 PA:0x00020000 store:0x00000038 load:0x00000000
          24030	     12011	00100244	01c65693	srli	x13,x12,0x1c	 x12:0x0018a000 x13=0x00000000
          24032	     12012	00100248	00900813	addi	x16,x0,9	  x0:0x00000000 x16=0x00000009
          24034	     12013	0010024c	f2d86ae3	bltu	x16,x13,100180	 x16:0x00000009 x13:0x00000000
          24036	     12014	00100250	03068e93	addi	x29,x13,48	 x13:0x00000000 x29=0x00000030
          24038	     12015	00100254	00020f37	lui	x30,0x20	 x30=0x00020000
          24040	     12016	00100258	01051f93	slli	x31,x10,0x10	 x10:0x3f80018a x31=0x018a0000
          24044	     12018	0010025c	01df2023	sw	x29,0(x30)	 x30:0x00020000 x29:0x00000030 PA:0x00020000 store:0x00000030 load:0x00000000
          24046	     12019	00100260	01cfd793	srli	x15,x31,0x1c	 x31:0x018a0000 x15=0x00000000
          24048	     12020	00100264	00900713	addi	x14,x0,9	  x0:0x00000000 x14=0x00000009
          24050	     12021	00100268	f2f76ae3	bltu	x14,x15,10019c	 x14:0x00000009 x15:0x00000000
          24052	     12022	0010026c	03078393	addi	x7,x15,48	 x15:0x00000000  x7=0x00000030
          24054	     12023	00100270	000205b7	lui	x11,0x20	 x11=0x00020000
          24056	     12024	00100274	01451613	slli	x12,x10,0x14	 x10:0x3f80018a x12=0x18a00000
          24060	     12026	00100278	0075a023	sw	x7,0(x11)	 x11:0x00020000  x7:0x00000030 PA:0x00020000 store:0x00000030 load:0x00000000
          24062	     12027	0010027c	01c65693	srli	x13,x12,0x1c	 x12:0x18a00000 x13=0x00000001
          24064	     12028	00100280	00900813	addi	x16,x0,9	  x0:0x00000000 x16=0x00000009
          24066	     12029	00100284	f2d86ae3	bltu	x16,x13,1001b8	 x16:0x00000009 x13:0x00000001
          24068	     12030	00100288	03068e93	addi	x29,x13,48	 x13:0x00000001 x29=0x00000031
          24070	     12031	0010028c	00020f37	lui	x30,0x20	 x30=0x00020000
          24072	     12032	00100290	01851f93	slli	x31,x10,0x18	 x10:0x3f80018a x31=0x8a000000
          24076	     12034	00100294	01df2023	sw	x29,0(x30)	 x30:0x00020000 x29:0x00000031 PA:0x00020000 store:0x00000031 load:0x00000000
          24078	     12035	00100298	01cfd793	srli	x15,x31,0x1c	 x31:0x8a000000 x15=0x00000008
          24080	     12036	0010029c	00900713	addi	x14,x0,9	  x0:0x00000000 x14=0x00000009
          24082	     12037	001002a0	f2f76ae3	bltu	x14,x15,1001d4	 x14:0x00000009 x15:0x00000008
          24084	     12038	001002a4	03078393	addi	x7,x15,48	 x15:0x00000008  x7=0x00000038
          24086	     12039	001002a8	000205b7	lui	x11,0x20	 x11=0x00020000
          24090	     12041	001002ac	0075a023	sw	x7,0(x11)	 x11:0x00020000  x7:0x00000038 PA:0x00020000 store:0x00000038 load:0x00000000
          24092	     12042	001002b0	00f57513	andi	x10,x10,15	 x10:0x3f80018a x10=0x0000000a
          24094	     12043	001002b4	00900613	addi	x12,x0,9	  x0:0x00000000 x12=0x00000009
          24096	     12044	001002b8	f2a67ae3	bgeu	x12,x10,1001ec	 x12:0x00000009 x10:0x0000000a
          24098	     12045	001002bc	03750693	addi	x13,x10,55	 x10:0x0000000a x13=0x00000041
          24100	     12046	001002c0	00020837	lui	x16,0x20	 x16=0x00020000
          24104	     12048	001002c4	00d82023	sw	x13,0(x16)	 x16:0x00020000 x13:0x00000041 PA:0x00020000 store:0x00000041 load:0x00000000
          24114	     12053	001002c8	00008067	jalr	x0,0(x1)	  x1:0x00101354  x0=0x00000000
          24116	     12054	00101354	d089a407	flw	f8,-760(x19)	 f19:0x00102000  f8=0x00000000 PA:0x00101d08 store:0x3f8018ab
          24136	     12064	00101358	580474d3	fsqrt.s	f9,f8	  f8:0x00102000  f9=0x00000000
          24140	     12066	0010135c	d099a427	fsw	f9,-760(x19)	 f19:0x00102000  f9:0x00102000 PA:0x00101d08 store:0x3f8000c5 load:0x3f80018a
          24144	     12068	00101360	d089a507	flw	f10,-760(x19)	 f19:0x00102000 f10=0x00000000 PA:0x00101d08 store:0x3f80018a
          24148	     12070	00101364	a10a8513	addi	x10,x21,-1520	 x21:0x00102000 x10=0x00101a10
          24150	     12071	00101368	e0050753	fmv.x.w	x14,f10	 f10:0x00101a10 x14=0x3f8000c5
          24152	     12072	0010136c	ceea2c23	sw	x14,-776(x20)	 x20:0x00102000 x14:0x3f8000c5 PA:0x00101cf8 store:0x3f8000c5 load:0x3f8000c5
          24154	     12073	00101370	d31fe0ef	jal	x1,1000a0	  x1=0x00101374
          24158	     12075	001000a0	00054803	lbu	x16,0(x10)	 x10:0x00101a10 x16=0x0000000a PA:0x00101a10 store:0x00000000
          24160	     12076	001000a4	06080663	beq	x16,x0,100110	 x16:0x0000000a  x0:0x00000000
          24162	     12077	001000a8	000207b7	lui	x15,0x20	 x15=0x00020000
          24166	     12079	001000ac	0107a023	sw	x16,0(x15)	 x15:0x00020000 x16:0x0000000a PA:0x00020000 store:0x0000000a load:0x00000000
          24170	     12081	001000b0	00154703	lbu	x14,1(x10)	 x10:0x00101a10 x14=0x00000020 PA:0x00101a11 store:0x00101374
          24172	     12082	001000b4	04070e63	beq	x14,x0,100110	 x14:0x00000020  x0:0x00000000
          24176	     12084	001000b8	00e7a023	sw	x14,0(x15)	 x15:0x00020000 x14:0x00000020 PA:0x00020000 store:0x00000020 load:0x00000000
          24180	     12086	001000bc	00254283	lbu	x5,2(x10)	 x10:0x00101a10  x5=0x00000069 PA:0x00101a12 store:0x00137fa0
          24182	     12087	001000c0	04028863	beq	x5,x0,100110	  x5:0x00000069  x0:0x00000000
          24186	     12089	001000c4	0057a023	sw	x5,0(x15)	 x15:0x00020000  x5:0x00000069 PA:0x00020000 store:0x00000069 load:0x00000000
          24190	     12091	001000c8	00354303	lbu	x6,3(x10)	 x10:0x00101a10  x6=0x0000003d PA:0x00101a13 store:0x00000000
          24192	     12092	001000cc	04030263	beq	x6,x0,100110	  x6:0x0000003d  x0:0x00000000
          24196	     12094	001000d0	0067a023	sw	x6,0(x15)	 x15:0x00020000  x6:0x0000003d PA:0x00020000 store:0x0000003d load:0x00000000
          24200	     12096	001000d4	00454383	lbu	x7,4(x10)	 x10:0x00101a10  x7=0x00000000 PA:0x00101a14 store:0x00000000
          24204	     12098	001000d8	02038c63	beq	x7,x0,100110	  x7:0x00000000  x0:0x00000000
          24208	     12100	00100110	00000513	addi	x10,x0,0	  x0:0x00000000 x10=0x00000000
          24212	     12102	00100114	00008067	jalr	x0,0(x1)	  x1:0x00101374  x0=0x00000000
          24214	     12103	00101374	000d8513	addi	x10,x27,0	 x27:0x00000011 x10=0x00000011
          24218	     12105	00101378	da9fe0ef	jal	x1,100120	  x1=0x0010137c
          24220	     12106	00100120	01c55793	srli	x15,x10,0x1c	 x10:0x00000011 x15=0x00000000
          24222	     12107	00100124	00900713	addi	x14,x0,9	  x0:0x00000000 x14=0x00000009
          24226	     12109	00100128	0cf77a63	bgeu	x14,x15,1001fc	 x14:0x00000009 x15:0x00000000
          24230	     12111	001001fc	03078393	addi	x7,x15,48	 x15:0x00000000  x7=0x00000030
          24232	     12112	00100200	000205b7	lui	x11,0x20	 x11=0x00020000
          24234	     12113	00100204	00451613	slli	x12,x10,0x4	 x10:0x00000011 x12=0x00000110
          24238	     12115	00100208	0075a023	sw	x7,0(x11)	 x11:0x00020000  x7:0x00000030 PA:0x00020000 store:0x00000030 load:0x00000000
          24240	     12116	0010020c	01c65693	srli	x13,x12,0x1c	 x12:0x00000110 x13=0x00000000
          24242	     12117	00100210	00900813	addi	x16,x0,9	  x0:0x00000000 x16=0x00000009
          24244	     12118	00100214	f2d86ae3	bltu	x16,x13,100148	 x16:0x00000009 x13:0x00000000
          24246	     12119	00100218	03068e93	addi	x29,x13,48	 x13:0x00000000 x29=0x00000030
          24248	     12120	0010021c	00020f37	lui	x30,0x20	 x30=0x00020000
          24250	     12121	00100220	00851f93	slli	x31,x10,0x8	 x10:0x00000011 x31=0x00001100
          24254	     12123	00100224	01df2023	sw	x29,0(x30)	 x30:0x00020000 x29:0x00000030 PA:0x00020000 store:0x00000030 load:0x00000000
          24256	     12124	00100228	01cfd793	srli	x15,x31,0x1c	 x31:0x00001100 x15=0x00000000
          24258	     12125	0010022c	00900713	addi	x14,x0,9	  x0:0x00000000 x14=0x00000009
          24260	     12126	00100230	f2f76ae3	bltu	x14,x15,100164	 x14:0x00000009 x15:0x00000000
          24262	     12127	00100234	03078393	addi	x7,x15,48	 x15:0x00000000  x7=0x00000030
          24264	     12128	00100238	000205b7	lui	x11,0x20	 x11=0x00020000
          24266	     12129	0010023c	00c51613	slli	x12,x10,0xc	 x10:0x00000011 x12=0x00011000
          24270	     12131	00100240	0075a023	sw	x7,0(x11)	 x11:0x00020000  x7:0x00000030 PA:0x00020000 store:0x00000030 load:0x00000000
          24272	     12132	00100244	01c65693	srli	x13,x12,0x1c	 x12:0x00011000 x13=0x00000000
          24274	     12133	00100248	00900813	addi	x16,x0,9	  x0:0x00000000 x16=0x00000009
          24276	     12134	0010024c	f2d86ae3	bltu	x16,x13,100180	 x16:0x00000009 x13:0x00000000
          24278	     12135	00100250	03068e93	addi	x29,x13,48	 x13:0x00000000 x29=0x00000030
          24280	     12136	00100254	00020f37	lui	x30,0x20	 x30=0x00020000
          24282	     12137	00100258	01051f93	slli	x31,x10,0x10	 x10:0x00000011 x31=0x00110000
          24286	     12139	0010025c	01df2023	sw	x29,0(x30)	 x30:0x00020000 x29:0x00000030 PA:0x00020000 store:0x00000030 load:0x00000000
          24288	     12140	00100260	01cfd793	srli	x15,x31,0x1c	 x31:0x00110000 x15=0x00000000
          24290	     12141	00100264	00900713	addi	x14,x0,9	  x0:0x00000000 x14=0x00000009
          24292	     12142	00100268	f2f76ae3	bltu	x14,x15,10019c	 x14:0x00000009 x15:0x00000000
          24294	     12143	0010026c	03078393	addi	x7,x15,48	 x15:0x00000000  x7=0x00000030
          24296	     12144	00100270	000205b7	lui	x11,0x20	 x11=0x00020000
          24298	     12145	00100274	01451613	slli	x12,x10,0x14	 x10:0x00000011 x12=0x01100000
          24302	     12147	00100278	0075a023	sw	x7,0(x11)	 x11:0x00020000  x7:0x00000030 PA:0x00020000 store:0x00000030 load:0x00000000
          24304	     12148	0010027c	01c65693	srli	x13,x12,0x1c	 x12:0x01100000 x13=0x00000000
          24306	     12149	00100280	00900813	addi	x16,x0,9	  x0:0x00000000 x16=0x00000009
          24308	     12150	00100284	f2d86ae3	bltu	x16,x13,1001b8	 x16:0x00000009 x13:0x00000000
          24310	     12151	00100288	03068e93	addi	x29,x13,48	 x13:0x00000000 x29=0x00000030
          24312	     12152	0010028c	00020f37	lui	x30,0x20	 x30=0x00020000
          24314	     12153	00100290	01851f93	slli	x31,x10,0x18	 x10:0x00000011 x31=0x11000000
          24318	     12155	00100294	01df2023	sw	x29,0(x30)	 x30:0x00020000 x29:0x00000030 PA:0x00020000 store:0x00000030 load:0x00000000
          24320	     12156	00100298	01cfd793	srli	x15,x31,0x1c	 x31:0x11000000 x15=0x00000001
          24322	     12157	0010029c	00900713	addi	x14,x0,9	  x0:0x00000000 x14=0x00000009
          24324	     12158	001002a0	f2f76ae3	bltu	x14,x15,1001d4	 x14:0x00000009 x15:0x00000001
          24326	     12159	001002a4	03078393	addi	x7,x15,48	 x15:0x00000001  x7=0x00000031
          24328	     12160	001002a8	000205b7	lui	x11,0x20	 x11=0x00020000
          24332	     12162	001002ac	0075a023	sw	x7,0(x11)	 x11:0x00020000  x7:0x00000031 PA:0x00020000 store:0x00000031 load:0x00000000
          24334	     12163	001002b0	00f57513	andi	x10,x10,15	 x10:0x00000011 x10=0x00000001
          24336	     12164	001002b4	00900613	addi	x12,x0,9	  x0:0x00000000 x12=0x00000009
          24340	     12166	001002b8	f2a67ae3	bgeu	x12,x10,1001ec	 x12:0x00000009 x10:0x00000001
          24344	     12168	001001ec	03050893	addi	x17,x10,48	 x10:0x00000001 x17=0x00000031
          24346	     12169	001001f0	00020e37	lui	x28,0x20	 x28=0x00020000
          24350	     12171	001001f4	011e2023	sw	x17,0(x28)	 x28:0x00020000 x17:0x00000031 PA:0x00020000 store:0x00000031 load:0x00000000
          24354	     12173	001001f8	00008067	jalr	x0,0(x1)	  x1:0x0010137c  x0=0x00000000
          24356	     12174	0010137c	a18b0513	addi	x10,x22,-1512	 x22:0x00102000 x10=0x00101a18
          24360	     12176	00101380	d21fe0ef	jal	x1,1000a0	  x1=0x00101384
          24364	     12178	001000a0	00054803	lbu	x16,0(x10)	 x10:0x00101a18 x16=0x00000020 PA:0x00101a18 store:0x00000000
          24366	     12179	001000a4	06080663	beq	x16,x0,100110	 x16:0x00000020  x0:0x00000000
          24368	     12180	001000a8	000207b7	lui	x15,0x20	 x15=0x00020000
          24372	     12182	001000ac	0107a023	sw	x16,0(x15)	 x15:0x00020000 x16:0x00000020 PA:0x00020000 store:0x00000020 load:0x00000000
          24376	     12184	001000b0	00154703	lbu	x14,1(x10)	 x10:0x00101a18 x14=0x00000072 PA:0x00101a19 store:0x00101384
          24378	     12185	001000b4	04070e63	beq	x14,x0,100110	 x14:0x00000072  x0:0x00000000
          24382	     12187	001000b8	00e7a023	sw	x14,0(x15)	 x15:0x00020000 x14:0x00000072 PA:0x00020000 store:0x00000072 load:0x00000000
          24386	     12189	001000bc	00254283	lbu	x5,2(x10)	 x10:0x00101a18  x5=0x00000065 PA:0x00101a1a store:0x00137fa0
          24388	     12190	001000c0	04028863	beq	x5,x0,100110	  x5:0x00000065  x0:0x00000000
          24392	     12192	001000c4	0057a023	sw	x5,0(x15)	 x15:0x00020000  x5:0x00000065 PA:0x00020000 store:0x00000065 load:0x00000000
          24396	     12194	001000c8	00354303	lbu	x6,3(x10)	 x10:0x00101a18  x6=0x00000073 PA:0x00101a1b store:0x00000000
          24398	     12195	001000cc	04030263	beq	x6,x0,100110	  x6:0x00000073  x0:0x00000000
          24402	     12197	001000d0	0067a023	sw	x6,0(x15)	 x15:0x00020000  x6:0x00000073 PA:0x00020000 store:0x00000073 load:0x00000000
          24406	     12199	001000d4	00454383	lbu	x7,4(x10)	 x10:0x00101a18  x7=0x00000075 PA:0x00101a1c store:0x00000000
          24408	     12200	001000d8	02038c63	beq	x7,x0,100110	  x7:0x00000075  x0:0x00000000
          24412	     12202	001000dc	0077a023	sw	x7,0(x15)	 x15:0x00020000  x7:0x00000075 PA:0x00020000 store:0x00000075 load:0x00000000
          24416	     12204	001000e0	00554583	lbu	x11,5(x10)	 x10:0x00101a18 x11=0x0000006c PA:0x00101a1d store:0x00000065
          24418	     12205	001000e4	02058663	beq	x11,x0,100110	 x11:0x0000006c  x0:0x00000000
          24422	     12207	001000e8	00b7a023	sw	x11,0(x15)	 x15:0x00020000 x11:0x0000006c PA:0x00020000 store:0x0000006c load:0x00000000
          24426	     12209	001000ec	00654603	lbu	x12,6(x10)	 x10:0x00101a18 x12=0x00000074 PA:0x00101a1e store:0x00000073
          24428	     12210	001000f0	02060063	beq	x12,x0,100110	 x12:0x00000074  x0:0x00000000
          24432	     12212	001000f4	00c7a023	sw	x12,0(x15)	 x15:0x00020000 x12:0x00000074 PA:0x00020000 store:0x00000074 load:0x00000000
          24436	     12214	001000f8	00754683	lbu	x13,7(x10)	 x10:0x00101a18 x13=0x0000003a PA:0x00101a1f store:0x00000075
          24438	     12215	001000fc	00850513	addi	x10,x10,8	 x10:0x00101a18 x10=0x00101a20
          24440	     12216	00100100	00068863	beq	x13,x0,100110	 x13:0x0000003a  x0:0x00000000
          24444	     12218	00100104	00d7a023	sw	x13,0(x15)	 x15:0x00020000 x13:0x0000003a PA:0x00020000 store:0x0000003a load:0x00000000
          24448	     12220	00100108	00054803	lbu	x16,0(x10)	 x10:0x00101a20 x16=0x00000020 PA:0x00101a20 store:0x00000000
          24452	     12222	0010010c	fa0810e3	bne	x16,x0,1000ac	 x16:0x00000020  x0:0x00000000
          24458	     12225	001000ac	0107a023	sw	x16,0(x15)	 x15:0x00020000 x16:0x00000020 PA:0x00020000 store:0x00000020 load:0x00000000
          24462	     12227	001000b0	00154703	lbu	x14,1(x10)	 x10:0x00101a20 x14=0x00000000 PA:0x00101a21 store:0x00101384
          24466	     12229	001000b4	04070e63	beq	x14,x0,100110	 x14:0x00000000  x0:0x00000000
          24470	     12231	00100110	00000513	addi	x10,x0,0	  x0:0x00000000 x10=0x00000000
          24474	     12233	00100114	00008067	jalr	x0,0(x1)	  x1:0x00101384  x0=0x00000000
          24478	     12235	00101384	cf8a2503	lw	x10,-776(x20)	 x20:0x00102000 x10=0x3f8000c5 PA:0x00101cf8 store:0x00000010
          24480	     12236	00101388	002c0d93	addi	x27,x24,2	 x24:0x00000010 x27=0x00000012
          24484	     12238	0010138c	d95fe0ef	jal	x1,100120	  x1=0x00101390
          24486	     12239	00100120	01c55793	srli	x15,x10,0x1c	 x10:0x3f8000c5 x15=0x00000003
          24488	     12240	00100124	00900713	addi	x14,x0,9	  x0:0x00000000 x14=0x00000009
          24492	     12242	00100128	0cf77a63	bgeu	x14,x15,1001fc	 x14:0x00000009 x15:0x00000003
          24496	     12244	001001fc	03078393	addi	x7,x15,48	 x15:0x00000003  x7=0x00000033
          24498	     12245	00100200	000205b7	lui	x11,0x20	 x11=0x00020000
          24500	     12246	00100204	00451613	slli	x12,x10,0x4	 x10:0x3f8000c5 x12=0xf8000c50
          24504	     12248	00100208	0075a023	sw	x7,0(x11)	 x11:0x00020000  x7:0x00000033 PA:0x00020000 store:0x00000033 load:0x00000000
          24506	     12249	0010020c	01c65693	srli	x13,x12,0x1c	 x12:0xf8000c50 x13=0x0000000f
          24508	     12250	00100210	00900813	addi	x16,x0,9	  x0:0x00000000 x16=0x00000009
          24512	     12252	00100214	f2d86ae3	bltu	x16,x13,100148	 x16:0x00000009 x13:0x0000000f
          24516	     12254	00100148	03768893	addi	x17,x13,55	 x13:0x0000000f x17=0x00000046
          24518	     12255	0010014c	00020e37	lui	x28,0x20	 x28=0x00020000
          24520	     12256	00100150	00851f93	slli	x31,x10,0x8	 x10:0x3f8000c5 x31=0x8000c500
          24524	     12258	00100154	011e2023	sw	x17,0(x28)	 x28:0x00020000 x17:0x00000046 PA:0x00020000 store:0x00000046 load:0x00000000
          24526	     12259	00100158	01cfd793	srli	x15,x31,0x1c	 x31:0x8000c500 x15=0x00000008
          24528	     12260	0010015c	00900713	addi	x14,x0,9	  x0:0x00000000 x14=0x00000009
          24532	     12262	00100160	0cf77a63	bgeu	x14,x15,100234	 x14:0x00000009 x15:0x00000008
          24536	     12264	00100234	03078393	addi	x7,x15,48	 x15:0x00000008  x7=0x00000038
          24538	     12265	00100238	000205b7	lui	x11,0x20	 x11=0x00020000
          24540	     12266	0010023c	00c51613	slli	x12,x10,0xc	 x10:0x3f8000c5 x12=0x000c5000
          24544	     12268	00100240	0075a023	sw	x7,0(x11)	 x11:0x00020000  x7:0x00000038 PA:0x00020000 store:0x00000038 load:0x00000000
          24546	     12269	00100244	01c65693	srli	x13,x12,0x1c	 x12:0x000c5000 x13=0x00000000
          24548	     12270	00100248	00900813	addi	x16,x0,9	  x0:0x00000000 x16=0x00000009
          24550	     12271	0010024c	f2d86ae3	bltu	x16,x13,100180	 x16:0x00000009 x13:0x00000000
          24552	     12272	00100250	03068e93	addi	x29,x13,48	 x13:0x00000000 x29=0x00000030
          24554	     12273	00100254	00020f37	lui	x30,0x20	 x30=0x00020000
          24556	     12274	00100258	01051f93	slli	x31,x10,0x10	 x10:0x3f8000c5 x31=0x00c50000
          24560	     12276	0010025c	01df2023	sw	x29,0(x30)	 x30:0x00020000 x29:0x00000030 PA:0x00020000 store:0x00000030 load:0x00000000
          24562	     12277	00100260	01cfd793	srli	x15,x31,0x1c	 x31:0x00c50000 x15=0x00000000
          24564	     12278	00100264	00900713	addi	x14,x0,9	  x0:0x00000000 x14=0x00000009
          24566	     12279	00100268	f2f76ae3	bltu	x14,x15,10019c	 x14:0x00000009 x15:0x00000000
          24568	     12280	0010026c	03078393	addi	x7,x15,48	 x15:0x00000000  x7=0x00000030
          24570	     12281	00100270	000205b7	lui	x11,0x20	 x11=0x00020000
          24572	     12282	00100274	01451613	slli	x12,x10,0x14	 x10:0x3f8000c5 x12=0x0c500000
          24576	     12284	00100278	0075a023	sw	x7,0(x11)	 x11:0x00020000  x7:0x00000030 PA:0x00020000 store:0x00000030 load:0x00000000
          24578	     12285	0010027c	01c65693	srli	x13,x12,0x1c	 x12:0x0c500000 x13=0x00000000
          24580	     12286	00100280	00900813	addi	x16,x0,9	  x0:0x00000000 x16=0x00000009
          24582	     12287	00100284	f2d86ae3	bltu	x16,x13,1001b8	 x16:0x00000009 x13:0x00000000
          24584	     12288	00100288	03068e93	addi	x29,x13,48	 x13:0x00000000 x29=0x00000030
          24586	     12289	0010028c	00020f37	lui	x30,0x20	 x30=0x00020000
          24588	     12290	00100290	01851f93	slli	x31,x10,0x18	 x10:0x3f8000c5 x31=0xc5000000
          24592	     12292	00100294	01df2023	sw	x29,0(x30)	 x30:0x00020000 x29:0x00000030 PA:0x00020000 store:0x00000030 load:0x00000000
          24594	     12293	00100298	01cfd793	srli	x15,x31,0x1c	 x31:0xc5000000 x15=0x0000000c
          24596	     12294	0010029c	00900713	addi	x14,x0,9	  x0:0x00000000 x14=0x00000009
          24600	     12296	001002a0	f2f76ae3	bltu	x14,x15,1001d4	 x14:0x00000009 x15:0x0000000c
          24604	     12298	001001d4	03778293	addi	x5,x15,55	 x15:0x0000000c  x5=0x00000043
          24606	     12299	001001d8	00020337	lui	x6,0x20	  x6=0x00020000
          24610	     12301	001001dc	00532023	sw	x5,0(x6)	  x6:0x00020000  x5:0x00000043 PA:0x00020000 store:0x00000043 load:0x00000000
          24612	     12302	001001e0	00f57513	andi	x10,x10,15	 x10:0x3f8000c5 x10=0x00000005
          24614	     12303	001001e4	00900613	addi	x12,x0,9	  x0:0x00000000 x12=0x00000009
          24616	     12304	001001e8	0ca66a63	bltu	x12,x10,1002bc	 x12:0x00000009 x10:0x00000005
          24618	     12305	001001ec	03050893	addi	x17,x10,48	 x10:0x00000005 x17=0x00000035
          24620	     12306	001001f0	00020e37	lui	x28,0x20	 x28=0x00020000
          24624	     12308	001001f4	011e2023	sw	x17,0(x28)	 x28:0x00020000 x17:0x00000035 PA:0x00020000 store:0x00000035 load:0x00000000
          24634	     12313	001001f8	00008067	jalr	x0,0(x1)	  x1:0x00101390  x0=0x00000000
          24636	     12314	00101390	d089a807	flw	f16,-760(x19)	 f19:0x00102000 f16=0x00000000 PA:0x00101d08 store:0x3f80018a
          24658	     12325	00101394	a10a8513	addi	x10,x21,-1520	 x21:0x00102000 x10=0x00101a10
          24660	     12326	00101398	580878d3	fsqrt.s	f17,f16	 f16:0x00000009 f17=0x00000000
          24662	     12327	0010139c	d119a427	fsw	f17,-760(x19)	 f19:0x00102000 f17:0x00000035 PA:0x00101d08 store:0x3f800062 load:0x3f8000c5
          24666	     12329	001013a0	d089a907	flw	f18,-760(x19)	 f19:0x00102000 f18=0x00000000 PA:0x00101d08 store:0x3f80018a
          24668	     12330	001013a4	e00907d3	fmv.x.w	x15,f18	 f18:0x00102000 x15=0x3f800062
          24670	     12331	001013a8	cefa2c23	sw	x15,-776(x20)	 x20:0x00102000 x15:0x3f800062 PA:0x00101cf8 store:0x3f800062 load:0x3f800062
          24674	     12333	001013ac	cf5fe0ef	jal	x1,1000a0	  x1=0x001013b0
          24678	     12335	001000a0	00054803	lbu	x16,0(x10)	 x10:0x00101a10 x16=0x0000000a PA:0x00101a10 store:0x00000000
          24680	     12336	001000a4	06080663	beq	x16,x0,100110	 x16:0x0000000a  x0:0x00000000
          24682	     12337	001000a8	000207b7	lui	x15,0x20	 x15=0x00020000
          24686	     12339	001000ac	0107a023	sw	x16,0(x15)	 x15:0x00020000 x16:0x0000000a PA:0x00020000 store:0x0000000a load:0x00000000
          24690	     12341	001000b0	00154703	lbu	x14,1(x10)	 x10:0x00101a10 x14=0x00000020 PA:0x00101a11 store:0x001013b0
          24692	     12342	001000b4	04070e63	beq	x14,x0,100110	 x14:0x00000020  x0:0x00000000
          24696	     12344	001000b8	00e7a023	sw	x14,0(x15)	 x15:0x00020000 x14:0x00000020 PA:0x00020000 store:0x00000020 load:0x00000000
          24700	     12346	001000bc	00254283	lbu	x5,2(x10)	 x10:0x00101a10  x5=0x00000069 PA:0x00101a12 store:0x00137fa0
          24702	     12347	001000c0	04028863	beq	x5,x0,100110	  x5:0x00000069  x0:0x00000000
          24706	     12349	001000c4	0057a023	sw	x5,0(x15)	 x15:0x00020000  x5:0x00000069 PA:0x00020000 store:0x00000069 load:0x00000000
          24710	     12351	001000c8	00354303	lbu	x6,3(x10)	 x10:0x00101a10  x6=0x0000003d PA:0x00101a13 store:0x00000000
          24712	     12352	001000cc	04030263	beq	x6,x0,100110	  x6:0x0000003d  x0:0x00000000
          24716	     12354	001000d0	0067a023	sw	x6,0(x15)	 x15:0x00020000  x6:0x0000003d PA:0x00020000 store:0x0000003d load:0x00000000
          24720	     12356	001000d4	00454383	lbu	x7,4(x10)	 x10:0x00101a10  x7=0x00000000 PA:0x00101a14 store:0x00000000
          24724	     12358	001000d8	02038c63	beq	x7,x0,100110	  x7:0x00000000  x0:0x00000000
          24728	     12360	00100110	00000513	addi	x10,x0,0	  x0:0x00000000 x10=0x00000000
          24732	     12362	00100114	00008067	jalr	x0,0(x1)	  x1:0x001013b0  x0=0x00000000
          24734	     12363	001013b0	000d8513	addi	x10,x27,0	 x27:0x00000012 x10=0x00000012
          24738	     12365	001013b4	d6dfe0ef	jal	x1,100120	  x1=0x001013b8
          24740	     12366	00100120	01c55793	srli	x15,x10,0x1c	 x10:0x00000012 x15=0x00000000
          24742	     12367	00100124	00900713	addi	x14,x0,9	  x0:0x00000000 x14=0x00000009
          24746	     12369	00100128	0cf77a63	bgeu	x14,x15,1001fc	 x14:0x00000009 x15:0x00000000
          24750	     12371	001001fc	03078393	addi	x7,x15,48	 x15:0x00000000  x7=0x00000030
          24752	     12372	00100200	000205b7	lui	x11,0x20	 x11=0x00020000
          24754	     12373	00100204	00451613	slli	x12,x10,0x4	 x10:0x00000012 x12=0x00000120
          24758	     12375	00100208	0075a023	sw	x7,0(x11)	 x11:0x00020000  x7:0x00000030 PA:0x00020000 store:0x00000030 load:0x00000000
          24760	     12376	0010020c	01c65693	srli	x13,x12,0x1c	 x12:0x00000120 x13=0x00000000
          24762	     12377	00100210	00900813	addi	x16,x0,9	  x0:0x00000000 x16=0x00000009
          24764	     12378	00100214	f2d86ae3	bltu	x16,x13,100148	 x16:0x00000009 x13:0x00000000
          24766	     12379	00100218	03068e93	addi	x29,x13,48	 x13:0x00000000 x29=0x00000030
          24768	     12380	0010021c	00020f37	lui	x30,0x20	 x30=0x00020000
          24770	     12381	00100220	00851f93	slli	x31,x10,0x8	 x10:0x00000012 x31=0x00001200
          24774	     12383	00100224	01df2023	sw	x29,0(x30)	 x30:0x00020000 x29:0x00000030 PA:0x00020000 store:0x00000030 load:0x00000000
          24776	     12384	00100228	01cfd793	srli	x15,x31,0x1c	 x31:0x00001200 x15=0x00000000
          24778	     12385	0010022c	00900713	addi	x14,x0,9	  x0:0x00000000 x14=0x00000009
          24780	     12386	00100230	f2f76ae3	bltu	x14,x15,100164	 x14:0x00000009 x15:0x00000000
          24782	     12387	00100234	03078393	addi	x7,x15,48	 x15:0x00000000  x7=0x00000030
          24784	     12388	00100238	000205b7	lui	x11,0x20	 x11=0x00020000
          24786	     12389	0010023c	00c51613	slli	x12,x10,0xc	 x10:0x00000012 x12=0x00012000
          24790	     12391	00100240	0075a023	sw	x7,0(x11)	 x11:0x00020000  x7:0x00000030 PA:0x00020000 store:0x00000030 load:0x00000000
          24792	     12392	00100244	01c65693	srli	x13,x12,0x1c	 x12:0x00012000 x13=0x00000000
          24794	     12393	00100248	00900813	addi	x16,x0,9	  x0:0x00000000 x16=0x00000009
          24796	     12394	0010024c	f2d86ae3	bltu	x16,x13,100180	 x16:0x00000009 x13:0x00000000
          24798	     12395	00100250	03068e93	addi	x29,x13,48	 x13:0x00000000 x29=0x00000030
          24800	     12396	00100254	00020f37	lui	x30,0x20	 x30=0x00020000
          24802	     12397	00100258	01051f93	slli	x31,x10,0x10	 x10:0x00000012 x31=0x00120000
          24806	     12399	0010025c	01df2023	sw	x29,0(x30)	 x30:0x00020000 x29:0x00000030 PA:0x00020000 store:0x00000030 load:0x00000000
          24808	     12400	00100260	01cfd793	srli	x15,x31,0x1c	 x31:0x00120000 x15=0x00000000
          24810	     12401	00100264	00900713	addi	x14,x0,9	  x0:0x00000000 x14=0x00000009
          24812	     12402	00100268	f2f76ae3	bltu	x14,x15,10019c	 x14:0x00000009 x15:0x00000000
          24814	     12403	0010026c	03078393	addi	x7,x15,48	 x15:0x00000000  x7=0x00000030
          24816	     12404	00100270	000205b7	lui	x11,0x20	 x11=0x00020000
          24818	     12405	00100274	01451613	slli	x12,x10,0x14	 x10:0x00000012 x12=0x01200000
          24822	     12407	00100278	0075a023	sw	x7,0(x11)	 x11:0x00020000  x7:0x00000030 PA:0x00020000 store:0x00000030 load:0x00000000
          24824	     12408	0010027c	01c65693	srli	x13,x12,0x1c	 x12:0x01200000 x13=0x00000000
          24826	     12409	00100280	00900813	addi	x16,x0,9	  x0:0x00000000 x16=0x00000009
          24828	     12410	00100284	f2d86ae3	bltu	x16,x13,1001b8	 x16:0x00000009 x13:0x00000000
          24830	     12411	00100288	03068e93	addi	x29,x13,48	 x13:0x00000000 x29=0x00000030
          24832	     12412	0010028c	00020f37	lui	x30,0x20	 x30=0x00020000
          24834	     12413	00100290	01851f93	slli	x31,x10,0x18	 x10:0x00000012 x31=0x12000000
          24838	     12415	00100294	01df2023	sw	x29,0(x30)	 x30:0x00020000 x29:0x00000030 PA:0x00020000 store:0x00000030 load:0x00000000
          24840	     12416	00100298	01cfd793	srli	x15,x31,0x1c	 x31:0x12000000 x15=0x00000001
          24842	     12417	0010029c	00900713	addi	x14,x0,9	  x0:0x00000000 x14=0x00000009
          24844	     12418	001002a0	f2f76ae3	bltu	x14,x15,1001d4	 x14:0x00000009 x15:0x00000001
          24846	     12419	001002a4	03078393	addi	x7,x15,48	 x15:0x00000001  x7=0x00000031
          24848	     12420	001002a8	000205b7	lui	x11,0x20	 x11=0x00020000
          24852	     12422	001002ac	0075a023	sw	x7,0(x11)	 x11:0x00020000  x7:0x00000031 PA:0x00020000 store:0x00000031 load:0x00000000
          24854	     12423	001002b0	00f57513	andi	x10,x10,15	 x10:0x00000012 x10=0x00000002
          24856	     12424	001002b4	00900613	addi	x12,x0,9	  x0:0x00000000 x12=0x00000009
          24860	     12426	001002b8	f2a67ae3	bgeu	x12,x10,1001ec	 x12:0x00000009 x10:0x00000002
          24864	     12428	001001ec	03050893	addi	x17,x10,48	 x10:0x00000002 x17=0x00000032
          24866	     12429	001001f0	00020e37	lui	x28,0x20	 x28=0x00020000
          24870	     12431	001001f4	011e2023	sw	x17,0(x28)	 x28:0x00020000 x17:0x00000032 PA:0x00020000 store:0x00000032 load:0x00000000
          24874	     12433	001001f8	00008067	jalr	x0,0(x1)	  x1:0x001013b8  x0=0x00000000
          24876	     12434	001013b8	a18b0513	addi	x10,x22,-1512	 x22:0x00102000 x10=0x00101a18
          24880	     12436	001013bc	ce5fe0ef	jal	x1,1000a0	  x1=0x001013c0
          24884	     12438	001000a0	00054803	lbu	x16,0(x10)	 x10:0x00101a18 x16=0x00000020 PA:0x00101a18 store:0x00000000
          24886	     12439	001000a4	06080663	beq	x16,x0,100110	 x16:0x00000020  x0:0x00000000
          24888	     12440	001000a8	000207b7	lui	x15,0x20	 x15=0x00020000
          24892	     12442	001000ac	0107a023	sw	x16,0(x15)	 x15:0x00020000 x16:0x00000020 PA:0x00020000 store:0x00000020 load:0x00000000
          24896	     12444	001000b0	00154703	lbu	x14,1(x10)	 x10:0x00101a18 x14=0x00000072 PA:0x00101a19 store:0x001013c0
          24898	     12445	001000b4	04070e63	beq	x14,x0,100110	 x14:0x00000072  x0:0x00000000
          24902	     12447	001000b8	00e7a023	sw	x14,0(x15)	 x15:0x00020000 x14:0x00000072 PA:0x00020000 store:0x00000072 load:0x00000000
          24906	     12449	001000bc	00254283	lbu	x5,2(x10)	 x10:0x00101a18  x5=0x00000065 PA:0x00101a1a store:0x00137fa0
          24908	     12450	001000c0	04028863	beq	x5,x0,100110	  x5:0x00000065  x0:0x00000000
          24912	     12452	001000c4	0057a023	sw	x5,0(x15)	 x15:0x00020000  x5:0x00000065 PA:0x00020000 store:0x00000065 load:0x00000000
          24916	     12454	001000c8	00354303	lbu	x6,3(x10)	 x10:0x00101a18  x6=0x00000073 PA:0x00101a1b store:0x00000000
          24918	     12455	001000cc	04030263	beq	x6,x0,100110	  x6:0x00000073  x0:0x00000000
          24922	     12457	001000d0	0067a023	sw	x6,0(x15)	 x15:0x00020000  x6:0x00000073 PA:0x00020000 store:0x00000073 load:0x00000000
          24926	     12459	001000d4	00454383	lbu	x7,4(x10)	 x10:0x00101a18  x7=0x00000075 PA:0x00101a1c store:0x00000000
          24928	     12460	001000d8	02038c63	beq	x7,x0,100110	  x7:0x00000075  x0:0x00000000
          24932	     12462	001000dc	0077a023	sw	x7,0(x15)	 x15:0x00020000  x7:0x00000075 PA:0x00020000 store:0x00000075 load:0x00000000
          24936	     12464	001000e0	00554583	lbu	x11,5(x10)	 x10:0x00101a18 x11=0x0000006c PA:0x00101a1d store:0x00000065
          24938	     12465	001000e4	02058663	beq	x11,x0,100110	 x11:0x0000006c  x0:0x00000000
          24942	     12467	001000e8	00b7a023	sw	x11,0(x15)	 x15:0x00020000 x11:0x0000006c PA:0x00020000 store:0x0000006c load:0x00000000
          24946	     12469	001000ec	00654603	lbu	x12,6(x10)	 x10:0x00101a18 x12=0x00000074 PA:0x00101a1e store:0x00000073
          24948	     12470	001000f0	02060063	beq	x12,x0,100110	 x12:0x00000074  x0:0x00000000
          24952	     12472	001000f4	00c7a023	sw	x12,0(x15)	 x15:0x00020000 x12:0x00000074 PA:0x00020000 store:0x00000074 load:0x00000000
          24956	     12474	001000f8	00754683	lbu	x13,7(x10)	 x10:0x00101a18 x13=0x0000003a PA:0x00101a1f store:0x00000075
          24958	     12475	001000fc	00850513	addi	x10,x10,8	 x10:0x00101a18 x10=0x00101a20
          24960	     12476	00100100	00068863	beq	x13,x0,100110	 x13:0x0000003a  x0:0x00000000
          24964	     12478	00100104	00d7a023	sw	x13,0(x15)	 x15:0x00020000 x13:0x0000003a PA:0x00020000 store:0x0000003a load:0x00000000
          24968	     12480	00100108	00054803	lbu	x16,0(x10)	 x10:0x00101a20 x16=0x00000020 PA:0x00101a20 store:0x00000000
          24972	     12482	0010010c	fa0810e3	bne	x16,x0,1000ac	 x16:0x00000020  x0:0x00000000
          24978	     12485	001000ac	0107a023	sw	x16,0(x15)	 x15:0x00020000 x16:0x00000020 PA:0x00020000 store:0x00000020 load:0x00000000
          24982	     12487	001000b0	00154703	lbu	x14,1(x10)	 x10:0x00101a20 x14=0x00000000 PA:0x00101a21 store:0x001013c0
          24986	     12489	001000b4	04070e63	beq	x14,x0,100110	 x14:0x00000000  x0:0x00000000
          24990	     12491	00100110	00000513	addi	x10,x0,0	  x0:0x00000000 x10=0x00000000
          24994	     12493	00100114	00008067	jalr	x0,0(x1)	  x1:0x001013c0  x0=0x00000000
          24998	     12495	001013c0	cf8a2503	lw	x10,-776(x20)	 x20:0x00102000 x10=0x3f800062 PA:0x00101cf8 store:0x00000010
          25000	     12496	001013c4	003c0d93	addi	x27,x24,3	 x24:0x00000010 x27=0x00000013
          25002	     12497	001013c8	004c0c13	addi	x24,x24,4	 x24:0x00000010 x24=0x00000014
          25006	     12499	001013cc	d55fe0ef	jal	x1,100120	  x1=0x001013d0
          25008	     12500	00100120	01c55793	srli	x15,x10,0x1c	 x10:0x3f800062 x15=0x00000003
          25010	     12501	00100124	00900713	addi	x14,x0,9	  x0:0x00000000 x14=0x00000009
          25014	     12503	00100128	0cf77a63	bgeu	x14,x15,1001fc	 x14:0x00000009 x15:0x00000003
          25018	     12505	001001fc	03078393	addi	x7,x15,48	 x15:0x00000003  x7=0x00000033
          25020	     12506	00100200	000205b7	lui	x11,0x20	 x11=0x00020000
          25022	     12507	00100204	00451613	slli	x12,x10,0x4	 x10:0x3f800062 x12=0xf8000620
          25026	     12509	00100208	0075a023	sw	x7,0(x11)	 x11:0x00020000  x7:0x00000033 PA:0x00020000 store:0x00000033 load:0x00000000
          25028	     12510	0010020c	01c65693	srli	x13,x12,0x1c	 x12:0xf8000620 x13=0x0000000f
          25030	     12511	00100210	00900813	addi	x16,x0,9	  x0:0x00000000 x16=0x00000009
          25034	     12513	00100214	f2d86ae3	bltu	x16,x13,100148	 x16:0x00000009 x13:0x0000000f
          25038	     12515	00100148	03768893	addi	x17,x13,55	 x13:0x0000000f x17=0x00000046
          25040	     12516	0010014c	00020e37	lui	x28,0x20	 x28=0x00020000
          25042	     12517	00100150	00851f93	slli	x31,x10,0x8	 x10:0x3f800062 x31=0x80006200
          25046	     12519	00100154	011e2023	sw	x17,0(x28)	 x28:0x00020000 x17:0x00000046 PA:0x00020000 store:0x00000046 load:0x00000000
          25048	     12520	00100158	01cfd793	srli	x15,x31,0x1c	 x31:0x80006200 x15=0x00000008
          25050	     12521	0010015c	00900713	addi	x14,x0,9	  x0:0x00000000 x14=0x00000009
          25054	     12523	00100160	0cf77a63	bgeu	x14,x15,100234	 x14:0x00000009 x15:0x00000008
          25058	     12525	00100234	03078393	addi	x7,x15,48	 x15:0x00000008  x7=0x00000038
          25060	     12526	00100238	000205b7	lui	x11,0x20	 x11=0x00020000
          25062	     12527	0010023c	00c51613	slli	x12,x10,0xc	 x10:0x3f800062 x12=0x00062000
          25066	     12529	00100240	0075a023	sw	x7,0(x11)	 x11:0x00020000  x7:0x00000038 PA:0x00020000 store:0x00000038 load:0x00000000
          25068	     12530	00100244	01c65693	srli	x13,x12,0x1c	 x12:0x00062000 x13=0x00000000
          25070	     12531	00100248	00900813	addi	x16,x0,9	  x0:0x00000000 x16=0x00000009
          25072	     12532	0010024c	f2d86ae3	bltu	x16,x13,100180	 x16:0x00000009 x13:0x00000000
          25074	     12533	00100250	03068e93	addi	x29,x13,48	 x13:0x00000000 x29=0x00000030
          25076	     12534	00100254	00020f37	lui	x30,0x20	 x30=0x00020000
          25078	     12535	00100258	01051f93	slli	x31,x10,0x10	 x10:0x3f800062 x31=0x00620000
          25082	     12537	0010025c	01df2023	sw	x29,0(x30)	 x30:0x00020000 x29:0x00000030 PA:0x00020000 store:0x00000030 load:0x00000000
          25084	     12538	00100260	01cfd793	srli	x15,x31,0x1c	 x31:0x00620000 x15=0x00000000
          25086	     12539	00100264	00900713	addi	x14,x0,9	  x0:0x00000000 x14=0x00000009
          25088	     12540	00100268	f2f76ae3	bltu	x14,x15,10019c	 x14:0x00000009 x15:0x00000000
          25090	     12541	0010026c	03078393	addi	x7,x15,48	 x15:0x00000000  x7=0x00000030
          25092	     12542	00100270	000205b7	lui	x11,0x20	 x11=0x00020000
          25094	     12543	00100274	01451613	slli	x12,x10,0x14	 x10:0x3f800062 x12=0x06200000
          25098	     12545	00100278	0075a023	sw	x7,0(x11)	 x11:0x00020000  x7:0x00000030 PA:0x00020000 store:0x00000030 load:0x00000000
          25100	     12546	0010027c	01c65693	srli	x13,x12,0x1c	 x12:0x06200000 x13=0x00000000
          25102	     12547	00100280	00900813	addi	x16,x0,9	  x0:0x00000000 x16=0x00000009
          25104	     12548	00100284	f2d86ae3	bltu	x16,x13,1001b8	 x16:0x00000009 x13:0x00000000
          25106	     12549	00100288	03068e93	addi	x29,x13,48	 x13:0x00000000 x29=0x00000030
          25108	     12550	0010028c	00020f37	lui	x30,0x20	 x30=0x00020000
          25110	     12551	00100290	01851f93	slli	x31,x10,0x18	 x10:0x3f800062 x31=0x62000000
          25114	     12553	00100294	01df2023	sw	x29,0(x30)	 x30:0x00020000 x29:0x00000030 PA:0x00020000 store:0x00000030 load:0x00000000
          25116	     12554	00100298	01cfd793	srli	x15,x31,0x1c	 x31:0x62000000 x15=0x00000006
          25118	     12555	0010029c	00900713	addi	x14,x0,9	  x0:0x00000000 x14=0x00000009
          25120	     12556	001002a0	f2f76ae3	bltu	x14,x15,1001d4	 x14:0x00000009 x15:0x00000006
          25122	     12557	001002a4	03078393	addi	x7,x15,48	 x15:0x00000006  x7=0x00000036
          25124	     12558	001002a8	000205b7	lui	x11,0x20	 x11=0x00020000
          25128	     12560	001002ac	0075a023	sw	x7,0(x11)	 x11:0x00020000  x7:0x00000036 PA:0x00020000 store:0x00000036 load:0x00000000
          25130	     12561	001002b0	00f57513	andi	x10,x10,15	 x10:0x3f800062 x10=0x00000002
          25132	     12562	001002b4	00900613	addi	x12,x0,9	  x0:0x00000000 x12=0x00000009
          25136	     12564	001002b8	f2a67ae3	bgeu	x12,x10,1001ec	 x12:0x00000009 x10:0x00000002
          25140	     12566	001001ec	03050893	addi	x17,x10,48	 x10:0x00000002 x17=0x00000032
          25142	     12567	001001f0	00020e37	lui	x28,0x20	 x28=0x00020000
          25146	     12569	001001f4	011e2023	sw	x17,0(x28)	 x28:0x00020000 x17:0x00000032 PA:0x00020000 store:0x00000032 load:0x00000000
          25150	     12571	001001f8	00008067	jalr	x0,0(x1)	  x1:0x001013d0  x0=0x00000000
          25158	     12575	001013d0	a10a8513	addi	x10,x21,-1520	 x21:0x00102000 x10=0x00101a10
          25160	     12576	001013d4	d089a987	flw	f19,-760(x19)	 f19:0x00102000 f19=0x00000000 PA:0x00101d08 store:0x3f80018a
          25180	     12586	001013d8	5809fa53	fsqrt.s	f20,f19	 f19:0x00102000 f20=0x00000000
          25184	     12588	001013dc	d149a427	fsw	f20,-760(x19)	 f19:0x00102000 f20:0x00102000 PA:0x00101d08 store:0x3f800031 load:0x3f800062
          25188	     12590	001013e0	d089aa87	flw	f21,-760(x19)	 f19:0x00102000 f21=0x00000000 PA:0x00101d08 store:0x3f80018a
          25190	     12591	001013e4	e00a82d3	fmv.x.w	x5,f21	 f21:0x00102000  x5=0x3f800031
          25192	     12592	001013e8	ce5a2c23	sw	x5,-776(x20)	 x20:0x00102000  x5:0x3f800031 PA:0x00101cf8 store:0x3f800031 load:0x3f800031
          25196	     12594	001013ec	cb5fe0ef	jal	x1,1000a0	  x1=0x001013f0
          25200	     12596	001000a0	00054803	lbu	x16,0(x10)	 x10:0x00101a10 x16=0x0000000a PA:0x00101a10 store:0x00000000
          25202	     12597	001000a4	06080663	beq	x16,x0,100110	 x16:0x0000000a  x0:0x00000000
          25204	     12598	001000a8	000207b7	lui	x15,0x20	 x15=0x00020000
          25208	     12600	001000ac	0107a023	sw	x16,0(x15)	 x15:0x00020000 x16:0x0000000a PA:0x00020000 store:0x0000000a load:0x00000000
          25212	     12602	001000b0	00154703	lbu	x14,1(x10)	 x10:0x00101a10 x14=0x00000020 PA:0x00101a11 store:0x001013f0
          25214	     12603	001000b4	04070e63	beq	x14,x0,100110	 x14:0x00000020  x0:0x00000000
          25218	     12605	001000b8	00e7a023	sw	x14,0(x15)	 x15:0x00020000 x14:0x00000020 PA:0x00020000 store:0x00000020 load:0x00000000
          25222	     12607	001000bc	00254283	lbu	x5,2(x10)	 x10:0x00101a10  x5=0x00000069 PA:0x00101a12 store:0x00137fa0
          25224	     12608	001000c0	04028863	beq	x5,x0,100110	  x5:0x00000069  x0:0x00000000
          25228	     12610	001000c4	0057a023	sw	x5,0(x15)	 x15:0x00020000  x5:0x00000069 PA:0x00020000 store:0x00000069 load:0x00000000
          25232	     12612	001000c8	00354303	lbu	x6,3(x10)	 x10:0x00101a10  x6=0x0000003d PA:0x00101a13 store:0x00000000
          25234	     12613	001000cc	04030263	beq	x6,x0,100110	  x6:0x0000003d  x0:0x00000000
          25238	     12615	001000d0	0067a023	sw	x6,0(x15)	 x15:0x00020000  x6:0x0000003d PA:0x00020000 store:0x0000003d load:0x00000000
          25242	     12617	001000d4	00454383	lbu	x7,4(x10)	 x10:0x00101a10  x7=0x00000000 PA:0x00101a14 store:0x00000000
          25246	     12619	001000d8	02038c63	beq	x7,x0,100110	  x7:0x00000000  x0:0x00000000
          25250	     12621	00100110	00000513	addi	x10,x0,0	  x0:0x00000000 x10=0x00000000
          25254	     12623	00100114	00008067	jalr	x0,0(x1)	  x1:0x001013f0  x0=0x00000000
          25256	     12624	001013f0	000d8513	addi	x10,x27,0	 x27:0x00000013 x10=0x00000013
          25260	     12626	001013f4	d2dfe0ef	jal	x1,100120	  x1=0x001013f8
          25262	     12627	00100120	01c55793	srli	x15,x10,0x1c	 x10:0x00000013 x15=0x00000000
          25264	     12628	00100124	00900713	addi	x14,x0,9	  x0:0x00000000 x14=0x00000009
          25268	     12630	00100128	0cf77a63	bgeu	x14,x15,1001fc	 x14:0x00000009 x15:0x00000000
          25272	     12632	001001fc	03078393	addi	x7,x15,48	 x15:0x00000000  x7=0x00000030
          25274	     12633	00100200	000205b7	lui	x11,0x20	 x11=0x00020000
          25276	     12634	00100204	00451613	slli	x12,x10,0x4	 x10:0x00000013 x12=0x00000130
          25280	     12636	00100208	0075a023	sw	x7,0(x11)	 x11:0x00020000  x7:0x00000030 PA:0x00020000 store:0x00000030 load:0x00000000
          25282	     12637	0010020c	01c65693	srli	x13,x12,0x1c	 x12:0x00000130 x13=0x00000000
          25284	     12638	00100210	00900813	addi	x16,x0,9	  x0:0x00000000 x16=0x00000009
          25286	     12639	00100214	f2d86ae3	bltu	x16,x13,100148	 x16:0x00000009 x13:0x00000000
          25288	     12640	00100218	03068e93	addi	x29,x13,48	 x13:0x00000000 x29=0x00000030
          25290	     12641	0010021c	00020f37	lui	x30,0x20	 x30=0x00020000
          25292	     12642	00100220	00851f93	slli	x31,x10,0x8	 x10:0x00000013 x31=0x00001300
          25296	     12644	00100224	01df2023	sw	x29,0(x30)	 x30:0x00020000 x29:0x00000030 PA:0x00020000 store:0x00000030 load:0x00000000
          25298	     12645	00100228	01cfd793	srli	x15,x31,0x1c	 x31:0x00001300 x15=0x00000000
          25300	     12646	0010022c	00900713	addi	x14,x0,9	  x0:0x00000000 x14=0x00000009
          25302	     12647	00100230	f2f76ae3	bltu	x14,x15,100164	 x14:0x00000009 x15:0x00000000
          25304	     12648	00100234	03078393	addi	x7,x15,48	 x15:0x00000000  x7=0x00000030
          25306	     12649	00100238	000205b7	lui	x11,0x20	 x11=0x00020000
          25308	     12650	0010023c	00c51613	slli	x12,x10,0xc	 x10:0x00000013 x12=0x00013000
          25312	     12652	00100240	0075a023	sw	x7,0(x11)	 x11:0x00020000  x7:0x00000030 PA:0x00020000 store:0x00000030 load:0x00000000
          25314	     12653	00100244	01c65693	srli	x13,x12,0x1c	 x12:0x00013000 x13=0x00000000
          25316	     12654	00100248	00900813	addi	x16,x0,9	  x0:0x00000000 x16=0x00000009
          25318	     12655	0010024c	f2d86ae3	bltu	x16,x13,100180	 x16:0x00000009 x13:0x00000000
          25320	     12656	00100250	03068e93	addi	x29,x13,48	 x13:0x00000000 x29=0x00000030
          25322	     12657	00100254	00020f37	lui	x30,0x20	 x30=0x00020000
          25324	     12658	00100258	01051f93	slli	x31,x10,0x10	 x10:0x00000013 x31=0x00130000
          25328	     12660	0010025c	01df2023	sw	x29,0(x30)	 x30:0x00020000 x29:0x00000030 PA:0x00020000 store:0x00000030 load:0x00000000
          25330	     12661	00100260	01cfd793	srli	x15,x31,0x1c	 x31:0x00130000 x15=0x00000000
          25332	     12662	00100264	00900713	addi	x14,x0,9	  x0:0x00000000 x14=0x00000009
          25334	     12663	00100268	f2f76ae3	bltu	x14,x15,10019c	 x14:0x00000009 x15:0x00000000
          25336	     12664	0010026c	03078393	addi	x7,x15,48	 x15:0x00000000  x7=0x00000030
          25338	     12665	00100270	000205b7	lui	x11,0x20	 x11=0x00020000
          25340	     12666	00100274	01451613	slli	x12,x10,0x14	 x10:0x00000013 x12=0x01300000
          25344	     12668	00100278	0075a023	sw	x7,0(x11)	 x11:0x00020000  x7:0x00000030 PA:0x00020000 store:0x00000030 load:0x00000000
          25346	     12669	0010027c	01c65693	srli	x13,x12,0x1c	 x12:0x01300000 x13=0x00000000
          25348	     12670	00100280	00900813	addi	x16,x0,9	  x0:0x00000000 x16=0x00000009
          25350	     12671	00100284	f2d86ae3	bltu	x16,x13,1001b8	 x16:0x00000009 x13:0x00000000
          25352	     12672	00100288	03068e93	addi	x29,x13,48	 x13:0x00000000 x29=0x00000030
          25354	     12673	0010028c	00020f37	lui	x30,0x20	 x30=0x00020000
          25356	     12674	00100290	01851f93	slli	x31,x10,0x18	 x10:0x00000013 x31=0x13000000
          25360	     12676	00100294	01df2023	sw	x29,0(x30)	 x30:0x00020000 x29:0x00000030 PA:0x00020000 store:0x00000030 load:0x00000000
          25362	     12677	00100298	01cfd793	srli	x15,x31,0x1c	 x31:0x13000000 x15=0x00000001
          25364	     12678	0010029c	00900713	addi	x14,x0,9	  x0:0x00000000 x14=0x00000009
          25366	     12679	001002a0	f2f76ae3	bltu	x14,x15,1001d4	 x14:0x00000009 x15:0x00000001
          25368	     12680	001002a4	03078393	addi	x7,x15,48	 x15:0x00000001  x7=0x00000031
          25370	     12681	001002a8	000205b7	lui	x11,0x20	 x11=0x00020000
          25374	     12683	001002ac	0075a023	sw	x7,0(x11)	 x11:0x00020000  x7:0x00000031 PA:0x00020000 store:0x00000031 load:0x00000000
          25376	     12684	001002b0	00f57513	andi	x10,x10,15	 x10:0x00000013 x10=0x00000003
          25378	     12685	001002b4	00900613	addi	x12,x0,9	  x0:0x00000000 x12=0x00000009
          25382	     12687	001002b8	f2a67ae3	bgeu	x12,x10,1001ec	 x12:0x00000009 x10:0x00000003
          25386	     12689	001001ec	03050893	addi	x17,x10,48	 x10:0x00000003 x17=0x00000033
          25388	     12690	001001f0	00020e37	lui	x28,0x20	 x28=0x00020000
          25392	     12692	001001f4	011e2023	sw	x17,0(x28)	 x28:0x00020000 x17:0x00000033 PA:0x00020000 store:0x00000033 load:0x00000000
          25396	     12694	001001f8	00008067	jalr	x0,0(x1)	  x1:0x001013f8  x0=0x00000000
          25398	     12695	001013f8	a18b0513	addi	x10,x22,-1512	 x22:0x00102000 x10=0x00101a18
          25402	     12697	001013fc	ca5fe0ef	jal	x1,1000a0	  x1=0x00101400
          25406	     12699	001000a0	00054803	lbu	x16,0(x10)	 x10:0x00101a18 x16=0x00000020 PA:0x00101a18 store:0x00000000
          25408	     12700	001000a4	06080663	beq	x16,x0,100110	 x16:0x00000020  x0:0x00000000
          25410	     12701	001000a8	000207b7	lui	x15,0x20	 x15=0x00020000
          25414	     12703	001000ac	0107a023	sw	x16,0(x15)	 x15:0x00020000 x16:0x00000020 PA:0x00020000 store:0x00000020 load:0x00000000
          25418	     12705	001000b0	00154703	lbu	x14,1(x10)	 x10:0x00101a18 x14=0x00000072 PA:0x00101a19 store:0x00101400
          25420	     12706	001000b4	04070e63	beq	x14,x0,100110	 x14:0x00000072  x0:0x00000000
          25424	     12708	001000b8	00e7a023	sw	x14,0(x15)	 x15:0x00020000 x14:0x00000072 PA:0x00020000 store:0x00000072 load:0x00000000
          25428	     12710	001000bc	00254283	lbu	x5,2(x10)	 x10:0x00101a18  x5=0x00000065 PA:0x00101a1a store:0x00137fa0
          25430	     12711	001000c0	04028863	beq	x5,x0,100110	  x5:0x00000065  x0:0x00000000
          25434	     12713	001000c4	0057a023	sw	x5,0(x15)	 x15:0x00020000  x5:0x00000065 PA:0x00020000 store:0x00000065 load:0x00000000
          25438	     12715	001000c8	00354303	lbu	x6,3(x10)	 x10:0x00101a18  x6=0x00000073 PA:0x00101a1b store:0x00000000
          25440	     12716	001000cc	04030263	beq	x6,x0,100110	  x6:0x00000073  x0:0x00000000
          25444	     12718	001000d0	0067a023	sw	x6,0(x15)	 x15:0x00020000  x6:0x00000073 PA:0x00020000 store:0x00000073 load:0x00000000
          25448	     12720	001000d4	00454383	lbu	x7,4(x10)	 x10:0x00101a18  x7=0x00000075 PA:0x00101a1c store:0x00000000
          25450	     12721	001000d8	02038c63	beq	x7,x0,100110	  x7:0x00000075  x0:0x00000000
          25454	     12723	001000dc	0077a023	sw	x7,0(x15)	 x15:0x00020000  x7:0x00000075 PA:0x00020000 store:0x00000075 load:0x00000000
          25458	     12725	001000e0	00554583	lbu	x11,5(x10)	 x10:0x00101a18 x11=0x0000006c PA:0x00101a1d store:0x00000065
          25460	     12726	001000e4	02058663	beq	x11,x0,100110	 x11:0x0000006c  x0:0x00000000
          25464	     12728	001000e8	00b7a023	sw	x11,0(x15)	 x15:0x00020000 x11:0x0000006c PA:0x00020000 store:0x0000006c load:0x00000000
          25468	     12730	001000ec	00654603	lbu	x12,6(x10)	 x10:0x00101a18 x12=0x00000074 PA:0x00101a1e store:0x00000073
          25470	     12731	001000f0	02060063	beq	x12,x0,100110	 x12:0x00000074  x0:0x00000000
          25474	     12733	001000f4	00c7a023	sw	x12,0(x15)	 x15:0x00020000 x12:0x00000074 PA:0x00020000 store:0x00000074 load:0x00000000
          25478	     12735	001000f8	00754683	lbu	x13,7(x10)	 x10:0x00101a18 x13=0x0000003a PA:0x00101a1f store:0x00000075
          25480	     12736	001000fc	00850513	addi	x10,x10,8	 x10:0x00101a18 x10=0x00101a20
          25482	     12737	00100100	00068863	beq	x13,x0,100110	 x13:0x0000003a  x0:0x00000000
          25486	     12739	00100104	00d7a023	sw	x13,0(x15)	 x15:0x00020000 x13:0x0000003a PA:0x00020000 store:0x0000003a load:0x00000000
          25490	     12741	00100108	00054803	lbu	x16,0(x10)	 x10:0x00101a20 x16=0x00000020 PA:0x00101a20 store:0x00000000
          25494	     12743	0010010c	fa0810e3	bne	x16,x0,1000ac	 x16:0x00000020  x0:0x00000000
          25500	     12746	001000ac	0107a023	sw	x16,0(x15)	 x15:0x00020000 x16:0x00000020 PA:0x00020000 store:0x00000020 load:0x00000000
          25504	     12748	001000b0	00154703	lbu	x14,1(x10)	 x10:0x00101a20 x14=0x00000000 PA:0x00101a21 store:0x00101400
          25508	     12750	001000b4	04070e63	beq	x14,x0,100110	 x14:0x00000000  x0:0x00000000
          25512	     12752	00100110	00000513	addi	x10,x0,0	  x0:0x00000000 x10=0x00000000
          25516	     12754	00100114	00008067	jalr	x0,0(x1)	  x1:0x00101400  x0=0x00000000
          25520	     12756	00101400	cf8a2503	lw	x10,-776(x20)	 x20:0x00102000 x10=0x3f800031 PA:0x00101cf8 store:0x00000014
          25524	     12758	00101404	d1dfe0ef	jal	x1,100120	  x1=0x00101408
          25526	     12759	00100120	01c55793	srli	x15,x10,0x1c	 x10:0x3f800031 x15=0x00000003
          25528	     12760	00100124	00900713	addi	x14,x0,9	  x0:0x00000000 x14=0x00000009
          25532	     12762	00100128	0cf77a63	bgeu	x14,x15,1001fc	 x14:0x00000009 x15:0x00000003
          25536	     12764	001001fc	03078393	addi	x7,x15,48	 x15:0x00000003  x7=0x00000033
          25538	     12765	00100200	000205b7	lui	x11,0x20	 x11=0x00020000
          25540	     12766	00100204	00451613	slli	x12,x10,0x4	 x10:0x3f800031 x12=0xf8000310
          25544	     12768	00100208	0075a023	sw	x7,0(x11)	 x11:0x00020000  x7:0x00000033 PA:0x00020000 store:0x00000033 load:0x00000000
          25546	     12769	0010020c	01c65693	srli	x13,x12,0x1c	 x12:0xf8000310 x13=0x0000000f
          25548	     12770	00100210	00900813	addi	x16,x0,9	  x0:0x00000000 x16=0x00000009
          25552	     12772	00100214	f2d86ae3	bltu	x16,x13,100148	 x16:0x00000009 x13:0x0000000f
          25556	     12774	00100148	03768893	addi	x17,x13,55	 x13:0x0000000f x17=0x00000046
          25558	     12775	0010014c	00020e37	lui	x28,0x20	 x28=0x00020000
          25560	     12776	00100150	00851f93	slli	x31,x10,0x8	 x10:0x3f800031 x31=0x80003100
          25564	     12778	00100154	011e2023	sw	x17,0(x28)	 x28:0x00020000 x17:0x00000046 PA:0x00020000 store:0x00000046 load:0x00000000
          25566	     12779	00100158	01cfd793	srli	x15,x31,0x1c	 x31:0x80003100 x15=0x00000008
          25568	     12780	0010015c	00900713	addi	x14,x0,9	  x0:0x00000000 x14=0x00000009
          25572	     12782	00100160	0cf77a63	bgeu	x14,x15,100234	 x14:0x00000009 x15:0x00000008
          25576	     12784	00100234	03078393	addi	x7,x15,48	 x15:0x00000008  x7=0x00000038
          25578	     12785	00100238	000205b7	lui	x11,0x20	 x11=0x00020000
          25580	     12786	0010023c	00c51613	slli	x12,x10,0xc	 x10:0x3f800031 x12=0x00031000
          25584	     12788	00100240	0075a023	sw	x7,0(x11)	 x11:0x00020000  x7:0x00000038 PA:0x00020000 store:0x00000038 load:0x00000000
          25586	     12789	00100244	01c65693	srli	x13,x12,0x1c	 x12:0x00031000 x13=0x00000000
          25588	     12790	00100248	00900813	addi	x16,x0,9	  x0:0x00000000 x16=0x00000009
          25590	     12791	0010024c	f2d86ae3	bltu	x16,x13,100180	 x16:0x00000009 x13:0x00000000
          25592	     12792	00100250	03068e93	addi	x29,x13,48	 x13:0x00000000 x29=0x00000030
          25594	     12793	00100254	00020f37	lui	x30,0x20	 x30=0x00020000
          25596	     12794	00100258	01051f93	slli	x31,x10,0x10	 x10:0x3f800031 x31=0x00310000
          25600	     12796	0010025c	01df2023	sw	x29,0(x30)	 x30:0x00020000 x29:0x00000030 PA:0x00020000 store:0x00000030 load:0x00000000
          25602	     12797	00100260	01cfd793	srli	x15,x31,0x1c	 x31:0x00310000 x15=0x00000000
          25604	     12798	00100264	00900713	addi	x14,x0,9	  x0:0x00000000 x14=0x00000009
          25606	     12799	00100268	f2f76ae3	bltu	x14,x15,10019c	 x14:0x00000009 x15:0x00000000
          25608	     12800	0010026c	03078393	addi	x7,x15,48	 x15:0x00000000  x7=0x00000030
          25610	     12801	00100270	000205b7	lui	x11,0x20	 x11=0x00020000
          25612	     12802	00100274	01451613	slli	x12,x10,0x14	 x10:0x3f800031 x12=0x03100000
          25616	     12804	00100278	0075a023	sw	x7,0(x11)	 x11:0x00020000  x7:0x00000030 PA:0x00020000 store:0x00000030 load:0x00000000
          25618	     12805	0010027c	01c65693	srli	x13,x12,0x1c	 x12:0x03100000 x13=0x00000000
          25620	     12806	00100280	00900813	addi	x16,x0,9	  x0:0x00000000 x16=0x00000009
          25622	     12807	00100284	f2d86ae3	bltu	x16,x13,1001b8	 x16:0x00000009 x13:0x00000000
          25624	     12808	00100288	03068e93	addi	x29,x13,48	 x13:0x00000000 x29=0x00000030
          25626	     12809	0010028c	00020f37	lui	x30,0x20	 x30=0x00020000
          25628	     12810	00100290	01851f93	slli	x31,x10,0x18	 x10:0x3f800031 x31=0x31000000
          25632	     12812	00100294	01df2023	sw	x29,0(x30)	 x30:0x00020000 x29:0x00000030 PA:0x00020000 store:0x00000030 load:0x00000000
          25634	     12813	00100298	01cfd793	srli	x15,x31,0x1c	 x31:0x31000000 x15=0x00000003
          25636	     12814	0010029c	00900713	addi	x14,x0,9	  x0:0x00000000 x14=0x00000009
          25638	     12815	001002a0	f2f76ae3	bltu	x14,x15,1001d4	 x14:0x00000009 x15:0x00000003
          25640	     12816	001002a4	03078393	addi	x7,x15,48	 x15:0x00000003  x7=0x00000033
          25642	     12817	001002a8	000205b7	lui	x11,0x20	 x11=0x00020000
          25646	     12819	001002ac	0075a023	sw	x7,0(x11)	 x11:0x00020000  x7:0x00000033 PA:0x00020000 store:0x00000033 load:0x00000000
          25648	     12820	001002b0	00f57513	andi	x10,x10,15	 x10:0x3f800031 x10=0x00000001
          25650	     12821	001002b4	00900613	addi	x12,x0,9	  x0:0x00000000 x12=0x00000009
          25654	     12823	001002b8	f2a67ae3	bgeu	x12,x10,1001ec	 x12:0x00000009 x10:0x00000001
          25658	     12825	001001ec	03050893	addi	x17,x10,48	 x10:0x00000001 x17=0x00000031
          25660	     12826	001001f0	00020e37	lui	x28,0x20	 x28=0x00020000
          25664	     12828	001001f4	011e2023	sw	x17,0(x28)	 x28:0x00020000 x17:0x00000031 PA:0x00020000 store:0x00000031 load:0x00000000
          25668	     12830	001001f8	00008067	jalr	x0,0(x1)	  x1:0x00101408  x0=0x00000000
          25670	     12831	00101408	f1ac18e3	bne	x24,x26,101318	 x24:0x00000014 x26:0x00000014
          25678	     12835	0010140c	00102537	lui	x10,0x102	 x10=0x00102000
          25680	     12836	00101410	93852e87	flw	f29,-1736(x10)	 f10:0x00102000 f29=0x00000000 PA:0x00101938 store:0x00000000
          25682	     12837	00101414	00102337	lui	x6,0x102	  x6=0x00102000
          25684	     12838	00101418	93c32f07	flw	f30,-1732(x6)	  f6:0x00102000 f30=0x00000000 PA:0x0010193c store:0x08e27cac
          25686	     12839	0010141c	00102c37	lui	x24,0x102	 x24=0x00102000
          25688	     12840	00101420	940c2e07	flw	f28,-1728(x24)	 f24:0x00102000 f28=0x00000000 PA:0x00101940 store:0x056b3aa5
          25692	     12842	00101424	001023b7	lui	x7,0x102	  x7=0x00102000
          25694	     12843	00101428	00102ab7	lui	x21,0x102	 x21=0x00102000
          25696	     12844	0010142c	d1daa027	fsw	f29,-768(x21)	 f21:0x00102000 f29:0x00000030 PA:0x00101d00 store:0x42f64a98 load:0x80000000
          25698	     12845	00101430	9443af87	flw	f31,-1724(x7)	  f7:0x00102000 f31=0x00000000 PA:0x00101944 store:0x42f67c6a
          25700	     12846	00101434	d1e9a427	fsw	f30,-760(x19)	 f19:0x00102000 f30:0x00020000 PA:0x00101d08 store:0x41433afb load:0x3ea4b87c
          25702	     12847	00101438	001020b7	lui	x1,0x102	  x1=0x00102000
          25704	     12848	0010143c	00102b37	lui	x22,0x102	 x22=0x00102000
          25706	     12849	00101440	d1cb2627	fsw	f28,-756(x22)	 f22:0x00102000 f28:0x00020000 PA:0x00101d0c store:0x80000000 load:0x3ea4b87c
          25708	     12850	00101444	a4408513	addi	x10,x1,-1468	  x1:0x00102000 x10=0x00101a44
          25710	     12851	00101448	d1f42c27	fsw	f31,-744(x8)	  f8:0x00102000 f31:0x31000000 PA:0x00101d18 store:0x3ea4b87c load:0x3ea4b87c
          25712	     12852	0010144c	c55fe0ef	jal	x1,1000a0	  x1=0x00101450
          25714	     12853	001000a0	00054803	lbu	x16,0(x10)	 x10:0x00101a44 x16=0x0000000a PA:0x00101a44 store:0x00000000
          25716	     12854	001000a4	06080663	beq	x16,x0,100110	 x16:0x0000000a  x0:0x00000000
          25718	     12855	001000a8	000207b7	lui	x15,0x20	 x15=0x00020000
          25720	     12856	001000ac	0107a023	sw	x16,0(x15)	 x15:0x00020000 x16:0x0000000a PA:0x00020000 store:0x0000000a load:0x00000000
          25722	     12857	001000b0	00154703	lbu	x14,1(x10)	 x10:0x00101a44 x14=0x0000000a PA:0x00101a45 store:0x00101450
          25724	     12858	001000b4	04070e63	beq	x14,x0,100110	 x14:0x0000000a  x0:0x00000000
          25728	     12860	001000b8	00e7a023	sw	x14,0(x15)	 x15:0x00020000 x14:0x0000000a PA:0x00020000 store:0x0000000a load:0x00000000
          25732	     12862	001000bc	00254283	lbu	x5,2(x10)	 x10:0x00101a44  x5=0x00000053 PA:0x00101a46 store:0x00137fa0
          25734	     12863	001000c0	04028863	beq	x5,x0,100110	  x5:0x00000053  x0:0x00000000
          25738	     12865	001000c4	0057a023	sw	x5,0(x15)	 x15:0x00020000  x5:0x00000053 PA:0x00020000 store:0x00000053 load:0x00000000
          25742	     12867	001000c8	00354303	lbu	x6,3(x10)	 x10:0x00101a44  x6=0x00000069 PA:0x00101a47 store:0x00000000
          25744	     12868	001000cc	04030263	beq	x6,x0,100110	  x6:0x00000069  x0:0x00000000
          25748	     12870	001000d0	0067a023	sw	x6,0(x15)	 x15:0x00020000  x6:0x00000069 PA:0x00020000 store:0x00000069 load:0x00000000
          25752	     12872	001000d4	00454383	lbu	x7,4(x10)	 x10:0x00101a44  x7=0x00000067 PA:0x00101a48 store:0x00000000
          25754	     12873	001000d8	02038c63	beq	x7,x0,100110	  x7:0x00000067  x0:0x00000000
          25758	     12875	001000dc	0077a023	sw	x7,0(x15)	 x15:0x00020000  x7:0x00000067 PA:0x00020000 store:0x00000067 load:0x00000000
          25762	     12877	001000e0	00554583	lbu	x11,5(x10)	 x10:0x00101a44 x11=0x0000006e PA:0x00101a49 store:0x00000053
          25764	     12878	001000e4	02058663	beq	x11,x0,100110	 x11:0x0000006e  x0:0x00000000
          25768	     12880	001000e8	00b7a023	sw	x11,0(x15)	 x15:0x00020000 x11:0x0000006e PA:0x00020000 store:0x0000006e load:0x00000000
          25772	     12882	001000ec	00654603	lbu	x12,6(x10)	 x10:0x00101a44 x12=0x0000002c PA:0x00101a4a store:0x00000069
          25774	     12883	001000f0	02060063	beq	x12,x0,100110	 x12:0x0000002c  x0:0x00000000
          25778	     12885	001000f4	00c7a023	sw	x12,0(x15)	 x15:0x00020000 x12:0x0000002c PA:0x00020000 store:0x0000002c load:0x00000000
          25782	     12887	001000f8	00754683	lbu	x13,7(x10)	 x10:0x00101a44 x13=0x00000020 PA:0x00101a4b store:0x00000067
          25784	     12888	001000fc	00850513	addi	x10,x10,8	 x10:0x00101a44 x10=0x00101a4c
          25786	     12889	00100100	00068863	beq	x13,x0,100110	 x13:0x00000020  x0:0x00000000
          25790	     12891	00100104	00d7a023	sw	x13,0(x15)	 x15:0x00020000 x13:0x00000020 PA:0x00020000 store:0x00000020 load:0x00000000
          25794	     12893	00100108	00054803	lbu	x16,0(x10)	 x10:0x00101a4c x16=0x0000006d PA:0x00101a4c store:0x00000000
          25798	     12895	0010010c	fa0810e3	bne	x16,x0,1000ac	 x16:0x0000006d  x0:0x00000000
          25804	     12898	001000ac	0107a023	sw	x16,0(x15)	 x15:0x00020000 x16:0x0000006d PA:0x00020000 store:0x0000006d load:0x00000000
          25808	     12900	001000b0	00154703	lbu	x14,1(x10)	 x10:0x00101a4c x14=0x00000061 PA:0x00101a4d store:0x00101450
          25810	     12901	001000b4	04070e63	beq	x14,x0,100110	 x14:0x00000061  x0:0x00000000
          25814	     12903	001000b8	00e7a023	sw	x14,0(x15)	 x15:0x00020000 x14:0x00000061 PA:0x00020000 store:0x00000061 load:0x00000000
          25818	     12905	001000bc	00254283	lbu	x5,2(x10)	 x10:0x00101a4c  x5=0x00000078 PA:0x00101a4e store:0x00137fa0
          25820	     12906	001000c0	04028863	beq	x5,x0,100110	  x5:0x00000078  x0:0x00000000
          25824	     12908	001000c4	0057a023	sw	x5,0(x15)	 x15:0x00020000  x5:0x00000078 PA:0x00020000 store:0x00000078 load:0x00000000
          25828	     12910	001000c8	00354303	lbu	x6,3(x10)	 x10:0x00101a4c  x6=0x00000020 PA:0x00101a4f store:0x00000000
          25830	     12911	001000cc	04030263	beq	x6,x0,100110	  x6:0x00000020  x0:0x00000000
          25834	     12913	001000d0	0067a023	sw	x6,0(x15)	 x15:0x00020000  x6:0x00000020 PA:0x00020000 store:0x00000020 load:0x00000000
          25838	     12915	001000d4	00454383	lbu	x7,4(x10)	 x10:0x00101a4c  x7=0x00000061 PA:0x00101a50 store:0x00000000
          25840	     12916	001000d8	02038c63	beq	x7,x0,100110	  x7:0x00000061  x0:0x00000000
          25844	     12918	001000dc	0077a023	sw	x7,0(x15)	 x15:0x00020000  x7:0x00000061 PA:0x00020000 store:0x00000061 load:0x00000000
          25848	     12920	001000e0	00554583	lbu	x11,5(x10)	 x10:0x00101a4c x11=0x0000006e PA:0x00101a51 store:0x00000078
          25850	     12921	001000e4	02058663	beq	x11,x0,100110	 x11:0x0000006e  x0:0x00000000
          25854	     12923	001000e8	00b7a023	sw	x11,0(x15)	 x15:0x00020000 x11:0x0000006e PA:0x00020000 store:0x0000006e load:0x00000000
          25858	     12925	001000ec	00654603	lbu	x12,6(x10)	 x10:0x00101a4c x12=0x00000064 PA:0x00101a52 store:0x00000020
          25860	     12926	001000f0	02060063	beq	x12,x0,100110	 x12:0x00000064  x0:0x00000000
          25864	     12928	001000f4	00c7a023	sw	x12,0(x15)	 x15:0x00020000 x12:0x00000064 PA:0x00020000 store:0x00000064 load:0x00000000
          25868	     12930	001000f8	00754683	lbu	x13,7(x10)	 x10:0x00101a4c x13=0x00000020 PA:0x00101a53 store:0x00000061
          25870	     12931	001000fc	00850513	addi	x10,x10,8	 x10:0x00101a4c x10=0x00101a54
          25872	     12932	00100100	00068863	beq	x13,x0,100110	 x13:0x00000020  x0:0x00000000
          25876	     12934	00100104	00d7a023	sw	x13,0(x15)	 x15:0x00020000 x13:0x00000020 PA:0x00020000 store:0x00000020 load:0x00000000
          25880	     12936	00100108	00054803	lbu	x16,0(x10)	 x10:0x00101a54 x16=0x00000066 PA:0x00101a54 store:0x00000000
          25884	     12938	0010010c	fa0810e3	bne	x16,x0,1000ac	 x16:0x00000066  x0:0x00000000
          25890	     12941	001000ac	0107a023	sw	x16,0(x15)	 x15:0x00020000 x16:0x00000066 PA:0x00020000 store:0x00000066 load:0x00000000
          25894	     12943	001000b0	00154703	lbu	x14,1(x10)	 x10:0x00101a54 x14=0x0000006e PA:0x00101a55 store:0x00101450
          25896	     12944	001000b4	04070e63	beq	x14,x0,100110	 x14:0x0000006e  x0:0x00000000
          25900	     12946	001000b8	00e7a023	sw	x14,0(x15)	 x15:0x00020000 x14:0x0000006e PA:0x00020000 store:0x0000006e load:0x00000000
          25904	     12948	001000bc	00254283	lbu	x5,2(x10)	 x10:0x00101a54  x5=0x0000006d PA:0x00101a56 store:0x00137fa0
          25906	     12949	001000c0	04028863	beq	x5,x0,100110	  x5:0x0000006d  x0:0x00000000
          25910	     12951	001000c4	0057a023	sw	x5,0(x15)	 x15:0x00020000  x5:0x0000006d PA:0x00020000 store:0x0000006d load:0x00000000
          25914	     12953	001000c8	00354303	lbu	x6,3(x10)	 x10:0x00101a54  x6=0x00000073 PA:0x00101a57 store:0x00000000
          25916	     12954	001000cc	04030263	beq	x6,x0,100110	  x6:0x00000073  x0:0x00000000
          25920	     12956	001000d0	0067a023	sw	x6,0(x15)	 x15:0x00020000  x6:0x00000073 PA:0x00020000 store:0x00000073 load:0x00000000
          25924	     12958	001000d4	00454383	lbu	x7,4(x10)	 x10:0x00101a54  x7=0x00000075 PA:0x00101a58 store:0x00000000
          25926	     12959	001000d8	02038c63	beq	x7,x0,100110	  x7:0x00000075  x0:0x00000000
          25930	     12961	001000dc	0077a023	sw	x7,0(x15)	 x15:0x00020000  x7:0x00000075 PA:0x00020000 store:0x00000075 load:0x00000000
          25934	     12963	001000e0	00554583	lbu	x11,5(x10)	 x10:0x00101a54 x11=0x00000062 PA:0x00101a59 store:0x0000006d
          25936	     12964	001000e4	02058663	beq	x11,x0,100110	 x11:0x00000062  x0:0x00000000
          25940	     12966	001000e8	00b7a023	sw	x11,0(x15)	 x15:0x00020000 x11:0x00000062 PA:0x00020000 store:0x00000062 load:0x00000000
          25944	     12968	001000ec	00654603	lbu	x12,6(x10)	 x10:0x00101a54 x12=0x00000020 PA:0x00101a5a store:0x00000073
          25946	     12969	001000f0	02060063	beq	x12,x0,100110	 x12:0x00000020  x0:0x00000000
          25950	     12971	001000f4	00c7a023	sw	x12,0(x15)	 x15:0x00020000 x12:0x00000020 PA:0x00020000 store:0x00000020 load:0x00000000
          25954	     12973	001000f8	00754683	lbu	x13,7(x10)	 x10:0x00101a54 x13=0x00000069 PA:0x00101a5b store:0x00000075
          25956	     12974	001000fc	00850513	addi	x10,x10,8	 x10:0x00101a54 x10=0x00101a5c
          25958	     12975	00100100	00068863	beq	x13,x0,100110	 x13:0x00000069  x0:0x00000000
          25962	     12977	00100104	00d7a023	sw	x13,0(x15)	 x15:0x00020000 x13:0x00000069 PA:0x00020000 store:0x00000069 load:0x00000000
          25966	     12979	00100108	00054803	lbu	x16,0(x10)	 x10:0x00101a5c x16=0x0000006e PA:0x00101a5c store:0x00000000
          25970	     12981	0010010c	fa0810e3	bne	x16,x0,1000ac	 x16:0x0000006e  x0:0x00000000
          25976	     12984	001000ac	0107a023	sw	x16,0(x15)	 x15:0x00020000 x16:0x0000006e PA:0x00020000 store:0x0000006e load:0x00000000
          25980	     12986	001000b0	00154703	lbu	x14,1(x10)	 x10:0x00101a5c x14=0x00000020 PA:0x00101a5d store:0x00101450
          25982	     12987	001000b4	04070e63	beq	x14,x0,100110	 x14:0x00000020  x0:0x00000000
          25986	     12989	001000b8	00e7a023	sw	x14,0(x15)	 x15:0x00020000 x14:0x00000020 PA:0x00020000 store:0x00000020 load:0x00000000
          25990	     12991	001000bc	00254283	lbu	x5,2(x10)	 x10:0x00101a5c  x5=0x00000077 PA:0x00101a5e store:0x00137fa0
          25992	     12992	001000c0	04028863	beq	x5,x0,100110	  x5:0x00000077  x0:0x00000000
          25996	     12994	001000c4	0057a023	sw	x5,0(x15)	 x15:0x00020000  x5:0x00000077 PA:0x00020000 store:0x00000077 load:0x00000000
          26000	     12996	001000c8	00354303	lbu	x6,3(x10)	 x10:0x00101a5c  x6=0x00000068 PA:0x00101a5f store:0x00000000
          26002	     12997	001000cc	04030263	beq	x6,x0,100110	  x6:0x00000068  x0:0x00000000
          26006	     12999	001000d0	0067a023	sw	x6,0(x15)	 x15:0x00020000  x6:0x00000068 PA:0x00020000 store:0x00000068 load:0x00000000
          26010	     13001	001000d4	00454383	lbu	x7,4(x10)	 x10:0x00101a5c  x7=0x00000069 PA:0x00101a60 store:0x00000000
          26012	     13002	001000d8	02038c63	beq	x7,x0,100110	  x7:0x00000069  x0:0x00000000
          26016	     13004	001000dc	0077a023	sw	x7,0(x15)	 x15:0x00020000  x7:0x00000069 PA:0x00020000 store:0x00000069 load:0x00000000
          26020	     13006	001000e0	00554583	lbu	x11,5(x10)	 x10:0x00101a5c x11=0x0000006c PA:0x00101a61 store:0x00000077
          26022	     13007	001000e4	02058663	beq	x11,x0,100110	 x11:0x0000006c  x0:0x00000000
          26026	     13009	001000e8	00b7a023	sw	x11,0(x15)	 x15:0x00020000 x11:0x0000006c PA:0x00020000 store:0x0000006c load:0x00000000
          26030	     13011	001000ec	00654603	lbu	x12,6(x10)	 x10:0x00101a5c x12=0x00000065 PA:0x00101a62 store:0x00000068
          26032	     13012	001000f0	02060063	beq	x12,x0,100110	 x12:0x00000065  x0:0x00000000
          26036	     13014	001000f4	00c7a023	sw	x12,0(x15)	 x15:0x00020000 x12:0x00000065 PA:0x00020000 store:0x00000065 load:0x00000000
          26040	     13016	001000f8	00754683	lbu	x13,7(x10)	 x10:0x00101a5c x13=0x00000020 PA:0x00101a63 store:0x00000069
          26042	     13017	001000fc	00850513	addi	x10,x10,8	 x10:0x00101a5c x10=0x00101a64
          26044	     13018	00100100	00068863	beq	x13,x0,100110	 x13:0x00000020  x0:0x00000000
          26048	     13020	00100104	00d7a023	sw	x13,0(x15)	 x15:0x00020000 x13:0x00000020 PA:0x00020000 store:0x00000020 load:0x00000000
          26052	     13022	00100108	00054803	lbu	x16,0(x10)	 x10:0x00101a64 x16=0x0000006c PA:0x00101a64 store:0x00000000
          26056	     13024	0010010c	fa0810e3	bne	x16,x0,1000ac	 x16:0x0000006c  x0:0x00000000
          26062	     13027	001000ac	0107a023	sw	x16,0(x15)	 x15:0x00020000 x16:0x0000006c PA:0x00020000 store:0x0000006c load:0x00000000
          26066	     13029	001000b0	00154703	lbu	x14,1(x10)	 x10:0x00101a64 x14=0x0000006f PA:0x00101a65 store:0x00101450
          26068	     13030	001000b4	04070e63	beq	x14,x0,100110	 x14:0x0000006f  x0:0x00000000
          26072	     13032	001000b8	00e7a023	sw	x14,0(x15)	 x15:0x00020000 x14:0x0000006f PA:0x00020000 store:0x0000006f load:0x00000000
          26076	     13034	001000bc	00254283	lbu	x5,2(x10)	 x10:0x00101a64  x5=0x0000006f PA:0x00101a66 store:0x00137fa0
          26078	     13035	001000c0	04028863	beq	x5,x0,100110	  x5:0x0000006f  x0:0x00000000
          26082	     13037	001000c4	0057a023	sw	x5,0(x15)	 x15:0x00020000  x5:0x0000006f PA:0x00020000 store:0x0000006f load:0x00000000
          26086	     13039	001000c8	00354303	lbu	x6,3(x10)	 x10:0x00101a64  x6=0x00000070 PA:0x00101a67 store:0x00000000
          26088	     13040	001000cc	04030263	beq	x6,x0,100110	  x6:0x00000070  x0:0x00000000
          26092	     13042	001000d0	0067a023	sw	x6,0(x15)	 x15:0x00020000  x6:0x00000070 PA:0x00020000 store:0x00000070 load:0x00000000
          26096	     13044	001000d4	00454383	lbu	x7,4(x10)	 x10:0x00101a64  x7=0x00000020 PA:0x00101a68 store:0x00000000
          26098	     13045	001000d8	02038c63	beq	x7,x0,100110	  x7:0x00000020  x0:0x00000000
          26102	     13047	001000dc	0077a023	sw	x7,0(x15)	 x15:0x00020000  x7:0x00000020 PA:0x00020000 store:0x00000020 load:0x00000000
          26106	     13049	001000e0	00554583	lbu	x11,5(x10)	 x10:0x00101a64 x11=0x00000074 PA:0x00101a69 store:0x0000006f
          26108	     13050	001000e4	02058663	beq	x11,x0,100110	 x11:0x00000074  x0:0x00000000
          26112	     13052	001000e8	00b7a023	sw	x11,0(x15)	 x15:0x00020000 x11:0x00000074 PA:0x00020000 store:0x00000074 load:0x00000000
          26116	     13054	001000ec	00654603	lbu	x12,6(x10)	 x10:0x00101a64 x12=0x00000065 PA:0x00101a6a store:0x00000070
          26118	     13055	001000f0	02060063	beq	x12,x0,100110	 x12:0x00000065  x0:0x00000000
          26122	     13057	001000f4	00c7a023	sw	x12,0(x15)	 x15:0x00020000 x12:0x00000065 PA:0x00020000 store:0x00000065 load:0x00000000
          26126	     13059	001000f8	00754683	lbu	x13,7(x10)	 x10:0x00101a64 x13=0x00000073 PA:0x00101a6b store:0x00000020
          26128	     13060	001000fc	00850513	addi	x10,x10,8	 x10:0x00101a64 x10=0x00101a6c
          26130	     13061	00100100	00068863	beq	x13,x0,100110	 x13:0x00000073  x0:0x00000000
          26134	     13063	00100104	00d7a023	sw	x13,0(x15)	 x15:0x00020000 x13:0x00000073 PA:0x00020000 store:0x00000073 load:0x00000000
          26138	     13065	00100108	00054803	lbu	x16,0(x10)	 x10:0x00101a6c x16=0x00000074 PA:0x00101a6c store:0x00000000
          26142	     13067	0010010c	fa0810e3	bne	x16,x0,1000ac	 x16:0x00000074  x0:0x00000000
          26148	     13070	001000ac	0107a023	sw	x16,0(x15)	 x15:0x00020000 x16:0x00000074 PA:0x00020000 store:0x00000074 load:0x00000000
          26152	     13072	001000b0	00154703	lbu	x14,1(x10)	 x10:0x00101a6c x14=0x00000069 PA:0x00101a6d store:0x00101450
          26154	     13073	001000b4	04070e63	beq	x14,x0,100110	 x14:0x00000069  x0:0x00000000
          26158	     13075	001000b8	00e7a023	sw	x14,0(x15)	 x15:0x00020000 x14:0x00000069 PA:0x00020000 store:0x00000069 load:0x00000000
          26162	     13077	001000bc	00254283	lbu	x5,2(x10)	 x10:0x00101a6c  x5=0x0000006e PA:0x00101a6e store:0x00137fa0
          26164	     13078	001000c0	04028863	beq	x5,x0,100110	  x5:0x0000006e  x0:0x00000000
          26168	     13080	001000c4	0057a023	sw	x5,0(x15)	 x15:0x00020000  x5:0x0000006e PA:0x00020000 store:0x0000006e load:0x00000000
          26172	     13082	001000c8	00354303	lbu	x6,3(x10)	 x10:0x00101a6c  x6=0x00000067 PA:0x00101a6f store:0x00000000
          26174	     13083	001000cc	04030263	beq	x6,x0,100110	  x6:0x00000067  x0:0x00000000
          26178	     13085	001000d0	0067a023	sw	x6,0(x15)	 x15:0x00020000  x6:0x00000067 PA:0x00020000 store:0x00000067 load:0x00000000
          26182	     13087	001000d4	00454383	lbu	x7,4(x10)	 x10:0x00101a6c  x7=0x0000002e PA:0x00101a70 store:0x00000000
          26184	     13088	001000d8	02038c63	beq	x7,x0,100110	  x7:0x0000002e  x0:0x00000000
          26188	     13090	001000dc	0077a023	sw	x7,0(x15)	 x15:0x00020000  x7:0x0000002e PA:0x00020000 store:0x0000002e load:0x00000000
          26192	     13092	001000e0	00554583	lbu	x11,5(x10)	 x10:0x00101a6c x11=0x00000000 PA:0x00101a71 store:0x0000006e
          26196	     13094	001000e4	02058663	beq	x11,x0,100110	 x11:0x00000000  x0:0x00000000
          26200	     13096	00100110	00000513	addi	x10,x0,0	  x0:0x00000000 x10=0x00000000
          26210	     13101	00100114	00008067	jalr	x0,0(x1)	  x1:0x00101450  x0=0x00000000
          26212	     13102	00101450	f0000053	fmv.w.x	f0,x0	  x0:0x00000000  f0=0x00000000
          26214	     13103	00101454	d00aa087	flw	f1,-768(x21)	 f21:0x00102000  f1=0x00000000 PA:0x00101d00 store:0x056b3aa5
          26216	     13104	00101458	d089a107	flw	f2,-760(x19)	 f19:0x00102000  f2=0x00000000 PA:0x00101d08 store:0x3f80018a
          26218	     13105	0010145c	a01015d3	flt.s	x11,f0,f1	  f0:0x00000000  f1:0x00101450 x11=0x00000001
          26226	     13109	00101460	00059463	bne	x11,x0,101468	 x11:0x00000001  x0:0x00000000
          26228	     13110	00101468	d029a427	fsw	f2,-760(x19)	 f19:0x00102000  f2:0x00137fa0 PA:0x00101d08 store:0x41433afb load:0x41433afb
          26230	     13111	0010146c	d089a707	flw	f14,-760(x19)	 f19:0x00102000 f14=0x00000000 PA:0x00101d08 store:0x3f80018a
          26232	     13112	00101470	d00aa787	flw	f15,-768(x21)	 f21:0x00102000 f15=0x00000000 PA:0x00101d00 store:0x00000000
          26234	     13113	00101474	28f711d3	fmax.s	f3,f14,f15	 f14:0x00000069 f15:0x00020000  f3=0x00000000
          26236	     13114	00101478	d03b2627	fsw	f3,-756(x22)	 f22:0x00102000  f3:0x00000000 PA:0x00101d0c store:0x42f64a98 load:0x42f64a98
          26240	     13116	0010147c	d00aa207	flw	f4,-768(x21)	 f21:0x00102000  f4=0x00000000 PA:0x00101d00 store:0x00000000
          26244	     13118	00101480	d0cb2587	flw	f11,-756(x22)	 f22:0x00102000 f11=0x00000000 PA:0x00101d0c store:0x3f800315
          26248	     13120	00101484	d1842287	flw	f5,-744(x8)	  f8:0x00102000  f5=0x00000000 PA:0x00101d18 store:0x00000000
          26250	     13121	00101488	2055f34b	fnmsub.s	f6,f11,f5,f4	 f11:0x00000001  f5:0x0000006e  f4:0x00000000  f6=0x00000000
          26254	     13123	0010148c	d06aa027	fsw	f6,-768(x21)	 f21:0x00102000  f6:0x00000067 PA:0x00101d00 store:0x42a70df5 load:0x3ea4b87c
          26258	     13125	00101490	d00aa607	flw	f12,-768(x21)	 f21:0x00102000 f12=0x00000000 PA:0x00101d00 store:0x00000000
          26260	     13126	00101494	a0061653	flt.s	x12,f12,f0	 f12:0x00000065  f0:0x00000000 x12=0x00000000
          26262	     13127	00101498	fa060ee3	beq	x12,x0,101454	 x12:0x00000000  x0:0x00000000
          26270	     13131	00101454	d00aa087	flw	f1,-768(x21)	 f21:0x00102000  f1=0x00000000 PA:0x00101d00 store:0x00000000
          26272	     13132	00101458	d089a107	flw	f2,-760(x19)	 f19:0x00102000  f2=0x00000000 PA:0x00101d08 store:0x3f80018a
          26274	     13133	0010145c	a01015d3	flt.s	x11,f0,f1	  f0:0x00000000  f1:0x00101450 x11=0x00000001
          26276	     13134	00101460	00059463	bne	x11,x0,101468	 x11:0x00000001  x0:0x00000000
          26284	     13138	00101468	d029a427	fsw	f2,-760(x19)	 f19:0x00102000  f2:0x00137fa0 PA:0x00101d08 store:0x41433afb load:0x41433afb
          26286	     13139	0010146c	d089a707	flw	f14,-760(x19)	 f19:0x00102000 f14=0x00000000 PA:0x00101d08 store:0x3f80018a
          26288	     13140	00101470	d00aa787	flw	f15,-768(x21)	 f21:0x00102000 f15=0x00000000 PA:0x00101d00 store:0x00000000
          26290	     13141	00101474	28f711d3	fmax.s	f3,f14,f15	 f14:0x00000069 f15:0x00020000  f3=0x00000000
          26294	     13143	00101478	d03b2627	fsw	f3,-756(x22)	 f22:0x00102000  f3:0x00000000 PA:0x00101d0c store:0x42a70df5 load:0x42a70df5
          26298	     13145	0010147c	d00aa207	flw	f4,-768(x21)	 f21:0x00102000  f4=0x00000000 PA:0x00101d00 store:0x00000000
          26302	     13147	00101480	d0cb2587	flw	f11,-756(x22)	 f22:0x00102000 f11=0x00000000 PA:0x00101d0c store:0x42a70df5
          26306	     13149	00101484	d1842287	flw	f5,-744(x8)	  f8:0x00102000  f5=0x00000000 PA:0x00101d18 store:0x00000000
          26308	     13150	00101488	2055f34b	fnmsub.s	f6,f11,f5,f4	 f11:0x00000001  f5:0x0000006e  f4:0x00000000  f6=0x00000000
          26312	     13152	0010148c	d06aa027	fsw	f6,-768(x21)	 f21:0x00102000  f6:0x00000067 PA:0x00101d00 store:0x42629e96 load:0x3ea4b87c
          26316	     13154	00101490	d00aa607	flw	f12,-768(x21)	 f21:0x00102000 f12=0x00000000 PA:0x00101d00 store:0x00000000
          26318	     13155	00101494	a0061653	flt.s	x12,f12,f0	 f12:0x00000000  f0:0x00000000 x12=0x00000000
          26320	     13156	00101498	fa060ee3	beq	x12,x0,101454	 x12:0x00000000  x0:0x00000000
          26328	     13160	00101454	d00aa087	flw	f1,-768(x21)	 f21:0x00102000  f1=0x00000000 PA:0x00101d00 store:0x00000000
          26330	     13161	00101458	d089a107	flw	f2,-760(x19)	 f19:0x00102000  f2=0x00000000 PA:0x00101d08 store:0x3f80018a
          26332	     13162	0010145c	a01015d3	flt.s	x11,f0,f1	  f0:0x00000000  f1:0x00101450 x11=0x00000001
          26334	     13163	00101460	00059463	bne	x11,x0,101468	 x11:0x00000001  x0:0x00000000
          26342	     13167	00101468	d029a427	fsw	f2,-760(x19)	 f19:0x00102000  f2:0x00137fa0 PA:0x00101d08 store:0x41433afb load:0x41433afb
          26344	     13168	0010146c	d089a707	flw	f14,-760(x19)	 f19:0x00102000 f14=0x00000000 PA:0x00101d08 store:0x3f80018a
          26346	     13169	00101470	d00aa787	flw	f15,-768(x21)	 f21:0x00102000 f15=0x00000000 PA:0x00101d00 store:0x00000000
          26348	     13170	00101474	28f711d3	fmax.s	f3,f14,f15	 f14:0x00000069 f15:0x00020000  f3=0x00000000
          26352	     13172	00101478	d03b2627	fsw	f3,-756(x22)	 f22:0x00102000  f3:0x00000000 PA:0x00101d0c store:0x42629e96 load:0x42629e96
          26356	     13174	0010147c	d00aa207	flw	f4,-768(x21)	 f21:0x00102000  f4=0x00000000 PA:0x00101d00 store:0x00000000
          26360	     13176	00101480	d0cb2587	flw	f11,-756(x22)	 f22:0x00102000 f11=0x00000000 PA:0x00101d0c store:0x42629e96
          26364	     13178	00101484	d1842287	flw	f5,-744(x8)	  f8:0x00102000  f5=0x00000000 PA:0x00101d18 store:0x00000000
          26366	     13179	00101488	2055f34b	fnmsub.s	f6,f11,f5,f4	 f11:0x00000001  f5:0x0000006e  f4:0x00000000  f6=0x00000000
          26370	     13181	0010148c	d06aa027	fsw	f6,-768(x21)	 f21:0x00102000  f6:0x00000067 PA:0x00101d00 store:0x4219b622 load:0x3ea4b87c
          26374	     13183	00101490	d00aa607	flw	f12,-768(x21)	 f21:0x00102000 f12=0x00000000 PA:0x00101d00 store:0x00000000
          26376	     13184	00101494	a0061653	flt.s	x12,f12,f0	 f12:0x00000000  f0:0x00000000 x12=0x00000000
          26378	     13185	00101498	fa060ee3	beq	x12,x0,101454	 x12:0x00000000  x0:0x00000000
          26386	     13189	00101454	d00aa087	flw	f1,-768(x21)	 f21:0x00102000  f1=0x00000000 PA:0x00101d00 store:0x00000000
          26388	     13190	00101458	d089a107	flw	f2,-760(x19)	 f19:0x00102000  f2=0x00000000 PA:0x00101d08 store:0x3f80018a
          26390	     13191	0010145c	a01015d3	flt.s	x11,f0,f1	  f0:0x00000000  f1:0x00101450 x11=0x00000001
          26392	     13192	00101460	00059463	bne	x11,x0,101468	 x11:0x00000001  x0:0x00000000
          26400	     13196	00101468	d029a427	fsw	f2,-760(x19)	 f19:0x00102000  f2:0x00137fa0 PA:0x00101d08 store:0x41433afb load:0x41433afb
          26402	     13197	0010146c	d089a707	flw	f14,-760(x19)	 f19:0x00102000 f14=0x00000000 PA:0x00101d08 store:0x3f80018a
          26404	     13198	00101470	d00aa787	flw	f15,-768(x21)	 f21:0x00102000 f15=0x00000000 PA:0x00101d00 store:0x00000000
          26406	     13199	00101474	28f711d3	fmax.s	f3,f14,f15	 f14:0x00000069 f15:0x00020000  f3=0x00000000
          26410	     13201	00101478	d03b2627	fsw	f3,-756(x22)	 f22:0x00102000  f3:0x00000000 PA:0x00101d0c store:0x4219b622 load:0x4219b622
          26414	     13203	0010147c	d00aa207	flw	f4,-768(x21)	 f21:0x00102000  f4=0x00000000 PA:0x00101d00 store:0x00000000
          26418	     13205	00101480	d0cb2587	flw	f11,-756(x22)	 f22:0x00102000 f11=0x00000000 PA:0x00101d0c store:0x4219b622
          26422	     13207	00101484	d1842287	flw	f5,-744(x8)	  f8:0x00102000  f5=0x00000000 PA:0x00101d18 store:0x00000000
          26424	     13208	00101488	2055f34b	fnmsub.s	f6,f11,f5,f4	 f11:0x00000001  f5:0x0000006e  f4:0x00000000  f6=0x00000000
          26428	     13210	0010148c	d06aa027	fsw	f6,-768(x21)	 f21:0x00102000  f6:0x00000067 PA:0x00101d00 store:0x41d084d1 load:0x3ea4b87c
          26432	     13212	00101490	d00aa607	flw	f12,-768(x21)	 f21:0x00102000 f12=0x00000000 PA:0x00101d00 store:0x00000000
          26434	     13213	00101494	a0061653	flt.s	x12,f12,f0	 f12:0x00000000  f0:0x00000000 x12=0x00000000
          26436	     13214	00101498	fa060ee3	beq	x12,x0,101454	 x12:0x00000000  x0:0x00000000
          26444	     13218	00101454	d00aa087	flw	f1,-768(x21)	 f21:0x00102000  f1=0x00000000 PA:0x00101d00 store:0x00000000
          26446	     13219	00101458	d089a107	flw	f2,-760(x19)	 f19:0x00102000  f2=0x00000000 PA:0x00101d08 store:0x3f80018a
          26448	     13220	0010145c	a01015d3	flt.s	x11,f0,f1	  f0:0x00000000  f1:0x00101450 x11=0x00000001
          26450	     13221	00101460	00059463	bne	x11,x0,101468	 x11:0x00000001  x0:0x00000000
          26458	     13225	00101468	d029a427	fsw	f2,-760(x19)	 f19:0x00102000  f2:0x00137fa0 PA:0x00101d08 store:0x41433afb load:0x41433afb
          26460	     13226	0010146c	d089a707	flw	f14,-760(x19)	 f19:0x00102000 f14=0x00000000 PA:0x00101d08 store:0x3f80018a
          26462	     13227	00101470	d00aa787	flw	f15,-768(x21)	 f21:0x00102000 f15=0x00000000 PA:0x00101d00 store:0x00000000
          26464	     13228	00101474	28f711d3	fmax.s	f3,f14,f15	 f14:0x00000069 f15:0x00020000  f3=0x00000000
          26468	     13230	00101478	d03b2627	fsw	f3,-756(x22)	 f22:0x00102000  f3:0x00000000 PA:0x00101d0c store:0x41d084d1 load:0x41d084d1
          26472	     13232	0010147c	d00aa207	flw	f4,-768(x21)	 f21:0x00102000  f4=0x00000000 PA:0x00101d00 store:0x00000000
          26476	     13234	00101480	d0cb2587	flw	f11,-756(x22)	 f22:0x00102000 f11=0x00000000 PA:0x00101d0c store:0x41d084d1
          26480	     13236	00101484	d1842287	flw	f5,-744(x8)	  f8:0x00102000  f5=0x00000000 PA:0x00101d18 store:0x00000000
          26482	     13237	00101488	2055f34b	fnmsub.s	f6,f11,f5,f4	 f11:0x00000001  f5:0x0000006e  f4:0x00000000  f6=0x00000000
          26486	     13239	0010148c	d06aa027	fsw	f6,-768(x21)	 f21:0x00102000  f6:0x00000067 PA:0x00101d00 store:0x418d6f24 load:0x3ea4b87c
          26490	     13241	00101490	d00aa607	flw	f12,-768(x21)	 f21:0x00102000 f12=0x00000000 PA:0x00101d00 store:0x00000000
          26492	     13242	00101494	a0061653	flt.s	x12,f12,f0	 f12:0x00000000  f0:0x00000000 x12=0x00000000
          26494	     13243	00101498	fa060ee3	beq	x12,x0,101454	 x12:0x00000000  x0:0x00000000
          26502	     13247	00101454	d00aa087	flw	f1,-768(x21)	 f21:0x00102000  f1=0x00000000 PA:0x00101d00 store:0x00000000
          26504	     13248	00101458	d089a107	flw	f2,-760(x19)	 f19:0x00102000  f2=0x00000000 PA:0x00101d08 store:0x3f80018a
          26506	     13249	0010145c	a01015d3	flt.s	x11,f0,f1	  f0:0x00000000  f1:0x00101450 x11=0x00000001
          26508	     13250	00101460	00059463	bne	x11,x0,101468	 x11:0x00000001  x0:0x00000000
          26516	     13254	00101468	d029a427	fsw	f2,-760(x19)	 f19:0x00102000  f2:0x00137fa0 PA:0x00101d08 store:0x41433afb load:0x41433afb
          26518	     13255	0010146c	d089a707	flw	f14,-760(x19)	 f19:0x00102000 f14=0x00000000 PA:0x00101d08 store:0x3f80018a
          26520	     13256	00101470	d00aa787	flw	f15,-768(x21)	 f21:0x00102000 f15=0x00000000 PA:0x00101d00 store:0x00000000
          26522	     13257	00101474	28f711d3	fmax.s	f3,f14,f15	 f14:0x00000069 f15:0x00020000  f3=0x00000000
          26526	     13259	00101478	d03b2627	fsw	f3,-756(x22)	 f22:0x00102000  f3:0x00000000 PA:0x00101d0c store:0x418d6f24 load:0x418d6f24
          26530	     13261	0010147c	d00aa207	flw	f4,-768(x21)	 f21:0x00102000  f4=0x00000000 PA:0x00101d00 store:0x00000000
          26534	     13263	00101480	d0cb2587	flw	f11,-756(x22)	 f22:0x00102000 f11=0x00000000 PA:0x00101d0c store:0x418d6f24
          26538	     13265	00101484	d1842287	flw	f5,-744(x8)	  f8:0x00102000  f5=0x00000000 PA:0x00101d18 store:0x00000000
          26540	     13266	00101488	2055f34b	fnmsub.s	f6,f11,f5,f4	 f11:0x00000001  f5:0x0000006e  f4:0x00000000  f6=0x00000000
          26544	     13268	0010148c	d06aa027	fsw	f6,-768(x21)	 f21:0x00102000  f6:0x00000067 PA:0x00101d00 store:0x413fdd29 load:0x3ea4b87c
          26548	     13270	00101490	d00aa607	flw	f12,-768(x21)	 f21:0x00102000 f12=0x00000000 PA:0x00101d00 store:0x00000000
          26550	     13271	00101494	a0061653	flt.s	x12,f12,f0	 f12:0x00000000  f0:0x00000000 x12=0x00000000
          26552	     13272	00101498	fa060ee3	beq	x12,x0,101454	 x12:0x00000000  x0:0x00000000
          26560	     13276	00101454	d00aa087	flw	f1,-768(x21)	 f21:0x00102000  f1=0x00000000 PA:0x00101d00 store:0x00000000
          26562	     13277	00101458	d089a107	flw	f2,-760(x19)	 f19:0x00102000  f2=0x00000000 PA:0x00101d08 store:0x3f80018a
          26564	     13278	0010145c	a01015d3	flt.s	x11,f0,f1	  f0:0x00000000  f1:0x00101450 x11=0x00000001
          26566	     13279	00101460	00059463	bne	x11,x0,101468	 x11:0x00000001  x0:0x00000000
          26574	     13283	00101468	d029a427	fsw	f2,-760(x19)	 f19:0x00102000  f2:0x00137fa0 PA:0x00101d08 store:0x41433afb load:0x41433afb
          26576	     13284	0010146c	d089a707	flw	f14,-760(x19)	 f19:0x00102000 f14=0x00000000 PA:0x00101d08 store:0x3f80018a
          26578	     13285	00101470	d00aa787	flw	f15,-768(x21)	 f21:0x00102000 f15=0x00000000 PA:0x00101d00 store:0x00000000
          26580	     13286	00101474	28f711d3	fmax.s	f3,f14,f15	 f14:0x00000069 f15:0x00020000  f3=0x00000000
          26584	     13288	00101478	d03b2627	fsw	f3,-756(x22)	 f22:0x00102000  f3:0x00000000 PA:0x00101d0c store:0x41433afb load:0x413fdd29
          26588	     13290	0010147c	d00aa207	flw	f4,-768(x21)	 f21:0x00102000  f4=0x00000000 PA:0x00101d00 store:0x00000000
          26592	     13292	00101480	d0cb2587	flw	f11,-756(x22)	 f22:0x00102000 f11=0x00000000 PA:0x00101d0c store:0x413fdd29
          26596	     13294	00101484	d1842287	flw	f5,-744(x8)	  f8:0x00102000  f5=0x00000000 PA:0x00101d18 store:0x00000000
          26598	     13295	00101488	2055f34b	fnmsub.s	f6,f11,f5,f4	 f11:0x00000001  f5:0x0000006e  f4:0x00000000  f6=0x00000000
          26602	     13297	0010148c	d06aa027	fsw	f6,-768(x21)	 f21:0x00102000  f6:0x00000067 PA:0x00101d00 store:0x41010dec load:0x3ea4b87c
          26606	     13299	00101490	d00aa607	flw	f12,-768(x21)	 f21:0x00102000 f12=0x00000000 PA:0x00101d00 store:0x00000000
          26608	     13300	00101494	a0061653	flt.s	x12,f12,f0	 f12:0x00000000  f0:0x00000000 x12=0x00000000
          26610	     13301	00101498	fa060ee3	beq	x12,x0,101454	 x12:0x00000000  x0:0x00000000
          26618	     13305	00101454	d00aa087	flw	f1,-768(x21)	 f21:0x00102000  f1=0x00000000 PA:0x00101d00 store:0x00000000
          26620	     13306	00101458	d089a107	flw	f2,-760(x19)	 f19:0x00102000  f2=0x00000000 PA:0x00101d08 store:0x3f80018a
          26622	     13307	0010145c	a01015d3	flt.s	x11,f0,f1	  f0:0x00000000  f1:0x00101450 x11=0x00000001
          26624	     13308	00101460	00059463	bne	x11,x0,101468	 x11:0x00000001  x0:0x00000000
          26632	     13312	00101468	d029a427	fsw	f2,-760(x19)	 f19:0x00102000  f2:0x00137fa0 PA:0x00101d08 store:0x41433afb load:0x41433afb
          26634	     13313	0010146c	d089a707	flw	f14,-760(x19)	 f19:0x00102000 f14=0x00000000 PA:0x00101d08 store:0x3f80018a
          26636	     13314	00101470	d00aa787	flw	f15,-768(x21)	 f21:0x00102000 f15=0x00000000 PA:0x00101d00 store:0x00000000
          26638	     13315	00101474	28f711d3	fmax.s	f3,f14,f15	 f14:0x00000069 f15:0x00020000  f3=0x00000000
          26642	     13317	00101478	d03b2627	fsw	f3,-756(x22)	 f22:0x00102000  f3:0x00000000 PA:0x00101d0c store:0x41433afb load:0x41010dec
          26646	     13319	0010147c	d00aa207	flw	f4,-768(x21)	 f21:0x00102000  f4=0x00000000 PA:0x00101d00 store:0x00000000
          26650	     13321	00101480	d0cb2587	flw	f11,-756(x22)	 f22:0x00102000 f11=0x00000000 PA:0x00101d0c store:0x41010dec
          26654	     13323	00101484	d1842287	flw	f5,-744(x8)	  f8:0x00102000  f5=0x00000000 PA:0x00101d18 store:0x00000000
          26656	     13324	00101488	2055f34b	fnmsub.s	f6,f11,f5,f4	 f11:0x00000001  f5:0x0000006e  f4:0x00000000  f6=0x00000000
          26660	     13326	0010148c	d06aa027	fsw	f6,-768(x21)	 f21:0x00102000  f6:0x00000067 PA:0x00101d00 store:0x40847d5e load:0x3ea4b87c
          26664	     13328	00101490	d00aa607	flw	f12,-768(x21)	 f21:0x00102000 f12=0x00000000 PA:0x00101d00 store:0x00000000
          26666	     13329	00101494	a0061653	flt.s	x12,f12,f0	 f12:0x00000000  f0:0x00000000 x12=0x00000000
          26668	     13330	00101498	fa060ee3	beq	x12,x0,101454	 x12:0x00000000  x0:0x00000000
          26676	     13334	00101454	d00aa087	flw	f1,-768(x21)	 f21:0x00102000  f1=0x00000000 PA:0x00101d00 store:0x00000000
          26678	     13335	00101458	d089a107	flw	f2,-760(x19)	 f19:0x00102000  f2=0x00000000 PA:0x00101d08 store:0x3f80018a
          26680	     13336	0010145c	a01015d3	flt.s	x11,f0,f1	  f0:0x00000000  f1:0x00101450 x11=0x00000001
          26682	     13337	00101460	00059463	bne	x11,x0,101468	 x11:0x00000001  x0:0x00000000
          26690	     13341	00101468	d029a427	fsw	f2,-760(x19)	 f19:0x00102000  f2:0x00137fa0 PA:0x00101d08 store:0x41433afb load:0x41433afb
          26692	     13342	0010146c	d089a707	flw	f14,-760(x19)	 f19:0x00102000 f14=0x00000000 PA:0x00101d08 store:0x3f80018a
          26694	     13343	00101470	d00aa787	flw	f15,-768(x21)	 f21:0x00102000 f15=0x00000000 PA:0x00101d00 store:0x00000000
          26696	     13344	00101474	28f711d3	fmax.s	f3,f14,f15	 f14:0x00000069 f15:0x00020000  f3=0x00000000
          26700	     13346	00101478	d03b2627	fsw	f3,-756(x22)	 f22:0x00102000  f3:0x00000000 PA:0x00101d0c store:0x41433afb load:0x40847d5e
          26704	     13348	0010147c	d00aa207	flw	f4,-768(x21)	 f21:0x00102000  f4=0x00000000 PA:0x00101d00 store:0x00000000
          26708	     13350	00101480	d0cb2587	flw	f11,-756(x22)	 f22:0x00102000 f11=0x00000000 PA:0x00101d0c store:0x40847d5e
          26712	     13352	00101484	d1842287	flw	f5,-744(x8)	  f8:0x00102000  f5=0x00000000 PA:0x00101d18 store:0x00000000
          26714	     13353	00101488	2055f34b	fnmsub.s	f6,f11,f5,f4	 f11:0x00000001  f5:0x0000006e  f4:0x00000000  f6=0x00000000
          26718	     13355	0010148c	d06aa027	fsw	f6,-768(x21)	 f21:0x00102000  f6:0x00000067 PA:0x00101d00 store:0x3e5bdc88 load:0x3ea4b87c
          26722	     13357	00101490	d00aa607	flw	f12,-768(x21)	 f21:0x00102000 f12=0x00000000 PA:0x00101d00 store:0x00000000
          26724	     13358	00101494	a0061653	flt.s	x12,f12,f0	 f12:0x00000000  f0:0x00000000 x12=0x00000000
          26726	     13359	00101498	fa060ee3	beq	x12,x0,101454	 x12:0x00000000  x0:0x00000000
          26734	     13363	00101454	d00aa087	flw	f1,-768(x21)	 f21:0x00102000  f1=0x00000000 PA:0x00101d00 store:0x00000000
          26736	     13364	00101458	d089a107	flw	f2,-760(x19)	 f19:0x00102000  f2=0x00000000 PA:0x00101d08 store:0x3f80018a
          26738	     13365	0010145c	a01015d3	flt.s	x11,f0,f1	  f0:0x00000000  f1:0x00101450 x11=0x00000001
          26740	     13366	00101460	00059463	bne	x11,x0,101468	 x11:0x00000001  x0:0x00000000
          26748	     13370	00101468	d029a427	fsw	f2,-760(x19)	 f19:0x00102000  f2:0x00137fa0 PA:0x00101d08 store:0x41433afb load:0x41433afb
          26750	     13371	0010146c	d089a707	flw	f14,-760(x19)	 f19:0x00102000 f14=0x00000000 PA:0x00101d08 store:0x3f80018a
          26752	     13372	00101470	d00aa787	flw	f15,-768(x21)	 f21:0x00102000 f15=0x00000000 PA:0x00101d00 store:0x00000000
          26754	     13373	00101474	28f711d3	fmax.s	f3,f14,f15	 f14:0x00000069 f15:0x00020000  f3=0x00000000
          26758	     13375	00101478	d03b2627	fsw	f3,-756(x22)	 f22:0x00102000  f3:0x00000000 PA:0x00101d0c store:0x41433afb load:0x3e5bdc88
          26762	     13377	0010147c	d00aa207	flw	f4,-768(x21)	 f21:0x00102000  f4=0x00000000 PA:0x00101d00 store:0x00000000
          26766	     13379	00101480	d0cb2587	flw	f11,-756(x22)	 f22:0x00102000 f11=0x00000000 PA:0x00101d0c store:0x3e5bdc88
          26770	     13381	00101484	d1842287	flw	f5,-744(x8)	  f8:0x00102000  f5=0x00000000 PA:0x00101d18 store:0x00000000
          26772	     13382	00101488	2055f34b	fnmsub.s	f6,f11,f5,f4	 f11:0x00000001  f5:0x0000006e  f4:0x00000000  f6=0x00000000
          26776	     13384	0010148c	d06aa027	fsw	f6,-768(x21)	 f21:0x00102000  f6:0x00000067 PA:0x00101d00 store:0xc06d7f2b load:0x3ea4b87c
          26780	     13386	00101490	d00aa607	flw	f12,-768(x21)	 f21:0x00102000 f12=0x00000000 PA:0x00101d00 store:0x00000000
          26782	     13387	00101494	a0061653	flt.s	x12,f12,f0	 f12:0x00000000  f0:0x00000000 x12=0x00000001
          26788	     13390	00101498	fa060ee3	beq	x12,x0,101454	 x12:0x00000001  x0:0x00000000
          26790	     13391	0010149c	d00aa687	flw	f13,-768(x21)	 f21:0x00102000 f13=0x00000000 PA:0x00101d00 store:0x00000000
          26794	     13393	001014a0	00102837	lui	x16,0x102	 x16=0x00102000
          26796	     13394	001014a4	a7480513	addi	x10,x16,-1420	 x16:0x00102000 x10=0x00101a74
          26798	     13395	001014a8	e00688d3	fmv.x.w	x17,f13	 f13:0x00000073 x17=0xc06d7f2b
          26800	     13396	001014ac	cf1a2c23	sw	x17,-776(x20)	 x20:0x00102000 x17:0xc06d7f2b PA:0x00101cf8 store:0xc06d7f2b load:0xc06d7f2b
          26802	     13397	001014b0	bf1fe0ef	jal	x1,1000a0	  x1=0x001014b4
          26804	     13398	001000a0	00054803	lbu	x16,0(x10)	 x10:0x00101a74 x16=0x0000000a PA:0x00101a74 store:0x00000000
          26806	     13399	001000a4	06080663	beq	x16,x0,100110	 x16:0x0000000a  x0:0x00000000
          26808	     13400	001000a8	000207b7	lui	x15,0x20	 x15=0x00020000
          26812	     13402	001000ac	0107a023	sw	x16,0(x15)	 x15:0x00020000 x16:0x0000000a PA:0x00020000 store:0x0000000a load:0x00000000
          26816	     13404	001000b0	00154703	lbu	x14,1(x10)	 x10:0x00101a74 x14=0x00000020 PA:0x00101a75 store:0x001014b4
          26818	     13405	001000b4	04070e63	beq	x14,x0,100110	 x14:0x00000020  x0:0x00000000
          26822	     13407	001000b8	00e7a023	sw	x14,0(x15)	 x15:0x00020000 x14:0x00000020 PA:0x00020000 store:0x00000020 load:0x00000000
          26826	     13409	001000bc	00254283	lbu	x5,2(x10)	 x10:0x00101a74  x5=0x00000046 PA:0x00101a76 store:0x00137fa0
          26828	     13410	001000c0	04028863	beq	x5,x0,100110	  x5:0x00000046  x0:0x00000000
          26832	     13412	001000c4	0057a023	sw	x5,0(x15)	 x15:0x00020000  x5:0x00000046 PA:0x00020000 store:0x00000046 load:0x00000000
          26836	     13414	001000c8	00354303	lbu	x6,3(x10)	 x10:0x00101a74  x6=0x00000069 PA:0x00101a77 store:0x00000000
          26838	     13415	001000cc	04030263	beq	x6,x0,100110	  x6:0x00000069  x0:0x00000000
          26842	     13417	001000d0	0067a023	sw	x6,0(x15)	 x15:0x00020000  x6:0x00000069 PA:0x00020000 store:0x00000069 load:0x00000000
          26846	     13419	001000d4	00454383	lbu	x7,4(x10)	 x10:0x00101a74  x7=0x0000006e PA:0x00101a78 store:0x00000000
          26848	     13420	001000d8	02038c63	beq	x7,x0,100110	  x7:0x0000006e  x0:0x00000000
          26852	     13422	001000dc	0077a023	sw	x7,0(x15)	 x15:0x00020000  x7:0x0000006e PA:0x00020000 store:0x0000006e load:0x00000000
          26856	     13424	001000e0	00554583	lbu	x11,5(x10)	 x10:0x00101a74 x11=0x00000061 PA:0x00101a79 store:0x00000046
          26858	     13425	001000e4	02058663	beq	x11,x0,100110	 x11:0x00000061  x0:0x00000000
          26862	     13427	001000e8	00b7a023	sw	x11,0(x15)	 x15:0x00020000 x11:0x00000061 PA:0x00020000 store:0x00000061 load:0x00000000
          26866	     13429	001000ec	00654603	lbu	x12,6(x10)	 x10:0x00101a74 x12=0x0000006c PA:0x00101a7a store:0x00000069
          26868	     13430	001000f0	02060063	beq	x12,x0,100110	 x12:0x0000006c  x0:0x00000000
          26872	     13432	001000f4	00c7a023	sw	x12,0(x15)	 x15:0x00020000 x12:0x0000006c PA:0x00020000 store:0x0000006c load:0x00000000
          26876	     13434	001000f8	00754683	lbu	x13,7(x10)	 x10:0x00101a74 x13=0x00000020 PA:0x00101a7b store:0x0000006e
          26878	     13435	001000fc	00850513	addi	x10,x10,8	 x10:0x00101a74 x10=0x00101a7c
          26880	     13436	00100100	00068863	beq	x13,x0,100110	 x13:0x00000020  x0:0x00000000
          26884	     13438	00100104	00d7a023	sw	x13,0(x15)	 x15:0x00020000 x13:0x00000020 PA:0x00020000 store:0x00000020 load:0x00000000
          26888	     13440	00100108	00054803	lbu	x16,0(x10)	 x10:0x00101a7c x16=0x00000072 PA:0x00101a7c store:0x00000000
          26892	     13442	0010010c	fa0810e3	bne	x16,x0,1000ac	 x16:0x00000072  x0:0x00000000
          26898	     13445	001000ac	0107a023	sw	x16,0(x15)	 x15:0x00020000 x16:0x00000072 PA:0x00020000 store:0x00000072 load:0x00000000
          26902	     13447	001000b0	00154703	lbu	x14,1(x10)	 x10:0x00101a7c x14=0x00000065 PA:0x00101a7d store:0x001014b4
          26904	     13448	001000b4	04070e63	beq	x14,x0,100110	 x14:0x00000065  x0:0x00000000
          26908	     13450	001000b8	00e7a023	sw	x14,0(x15)	 x15:0x00020000 x14:0x00000065 PA:0x00020000 store:0x00000065 load:0x00000000
          26912	     13452	001000bc	00254283	lbu	x5,2(x10)	 x10:0x00101a7c  x5=0x00000073 PA:0x00101a7e store:0x00137fa0
          26914	     13453	001000c0	04028863	beq	x5,x0,100110	  x5:0x00000073  x0:0x00000000
          26918	     13455	001000c4	0057a023	sw	x5,0(x15)	 x15:0x00020000  x5:0x00000073 PA:0x00020000 store:0x00000073 load:0x00000000
          26922	     13457	001000c8	00354303	lbu	x6,3(x10)	 x10:0x00101a7c  x6=0x00000075 PA:0x00101a7f store:0x00000000
          26924	     13458	001000cc	04030263	beq	x6,x0,100110	  x6:0x00000075  x0:0x00000000
          26928	     13460	001000d0	0067a023	sw	x6,0(x15)	 x15:0x00020000  x6:0x00000075 PA:0x00020000 store:0x00000075 load:0x00000000
          26932	     13462	001000d4	00454383	lbu	x7,4(x10)	 x10:0x00101a7c  x7=0x0000006c PA:0x00101a80 store:0x00000000
          26934	     13463	001000d8	02038c63	beq	x7,x0,100110	  x7:0x0000006c  x0:0x00000000
          26938	     13465	001000dc	0077a023	sw	x7,0(x15)	 x15:0x00020000  x7:0x0000006c PA:0x00020000 store:0x0000006c load:0x00000000
          26942	     13467	001000e0	00554583	lbu	x11,5(x10)	 x10:0x00101a7c x11=0x00000074 PA:0x00101a81 store:0x00000073
          26944	     13468	001000e4	02058663	beq	x11,x0,100110	 x11:0x00000074  x0:0x00000000
          26948	     13470	001000e8	00b7a023	sw	x11,0(x15)	 x15:0x00020000 x11:0x00000074 PA:0x00020000 store:0x00000074 load:0x00000000
          26952	     13472	001000ec	00654603	lbu	x12,6(x10)	 x10:0x00101a7c x12=0x0000003a PA:0x00101a82 store:0x00000075
          26954	     13473	001000f0	02060063	beq	x12,x0,100110	 x12:0x0000003a  x0:0x00000000
          26958	     13475	001000f4	00c7a023	sw	x12,0(x15)	 x15:0x00020000 x12:0x0000003a PA:0x00020000 store:0x0000003a load:0x00000000
          26962	     13477	001000f8	00754683	lbu	x13,7(x10)	 x10:0x00101a7c x13=0x00000000 PA:0x00101a83 store:0x0000006c
          26964	     13478	001000fc	00850513	addi	x10,x10,8	 x10:0x00101a7c x10=0x00101a84
          26968	     13480	00100100	00068863	beq	x13,x0,100110	 x13:0x00000000  x0:0x00000000
          26972	     13482	00100110	00000513	addi	x10,x0,0	  x0:0x00000000 x10=0x00000000
          26976	     13484	00100114	00008067	jalr	x0,0(x1)	  x1:0x001014b4  x0=0x00000000
          26980	     13486	001014b4	cf8a2503	lw	x10,-776(x20)	 x20:0x00102000 x10=0xc06d7f2b PA:0x00101cf8 store:0x00102000
          26982	     13487	001014b8	00102db7	lui	x27,0x102	 x27=0x00102000
          26986	     13489	001014bc	c65fe0ef	jal	x1,100120	  x1=0x001014c0
          26988	     13490	00100120	01c55793	srli	x15,x10,0x1c	 x10:0xc06d7f2b x15=0x0000000c
          26990	     13491	00100124	00900713	addi	x14,x0,9	  x0:0x00000000 x14=0x00000009
          26992	     13492	00100128	0cf77a63	bgeu	x14,x15,1001fc	 x14:0x00000009 x15:0x0000000c
          26994	     13493	0010012c	03778293	addi	x5,x15,55	 x15:0x0000000c  x5=0x00000043
          26996	     13494	00100130	00020337	lui	x6,0x20	  x6=0x00020000
          26998	     13495	00100134	00451613	slli	x12,x10,0x4	 x10:0xc06d7f2b x12=0x06d7f2b0
          27002	     13497	00100138	00532023	sw	x5,0(x6)	  x6:0x00020000  x5:0x00000043 PA:0x00020000 store:0x00000043 load:0x00000000
          27004	     13498	0010013c	01c65693	srli	x13,x12,0x1c	 x12:0x06d7f2b0 x13=0x00000000
          27006	     13499	00100140	00900813	addi	x16,x0,9	  x0:0x00000000 x16=0x00000009
          27010	     13501	00100144	0cd87a63	bgeu	x16,x13,100218	 x16:0x00000009 x13:0x00000000
          27014	     13503	00100218	03068e93	addi	x29,x13,48	 x13:0x00000000 x29=0x00000030
          27016	     13504	0010021c	00020f37	lui	x30,0x20	 x30=0x00020000
          27018	     13505	00100220	00851f93	slli	x31,x10,0x8	 x10:0xc06d7f2b x31=0x6d7f2b00
          27022	     13507	00100224	01df2023	sw	x29,0(x30)	 x30:0x00020000 x29:0x00000030 PA:0x00020000 store:0x00000030 load:0x00000000
          27024	     13508	00100228	01cfd793	srli	x15,x31,0x1c	 x31:0x6d7f2b00 x15=0x00000006
          27026	     13509	0010022c	00900713	addi	x14,x0,9	  x0:0x00000000 x14=0x00000009
          27028	     13510	00100230	f2f76ae3	bltu	x14,x15,100164	 x14:0x00000009 x15:0x00000006
          27030	     13511	00100234	03078393	addi	x7,x15,48	 x15:0x00000006  x7=0x00000036
          27032	     13512	00100238	000205b7	lui	x11,0x20	 x11=0x00020000
          27034	     13513	0010023c	00c51613	slli	x12,x10,0xc	 x10:0xc06d7f2b x12=0xd7f2b000
          27038	     13515	00100240	0075a023	sw	x7,0(x11)	 x11:0x00020000  x7:0x00000036 PA:0x00020000 store:0x00000036 load:0x00000000
          27040	     13516	00100244	01c65693	srli	x13,x12,0x1c	 x12:0xd7f2b000 x13=0x0000000d
          27042	     13517	00100248	00900813	addi	x16,x0,9	  x0:0x00000000 x16=0x00000009
          27046	     13519	0010024c	f2d86ae3	bltu	x16,x13,100180	 x16:0x00000009 x13:0x0000000d
          27050	     13521	00100180	03768893	addi	x17,x13,55	 x13:0x0000000d x17=0x00000044
          27052	     13522	00100184	00020e37	lui	x28,0x20	 x28=0x00020000
          27054	     13523	00100188	01051f93	slli	x31,x10,0x10	 x10:0xc06d7f2b x31=0x7f2b0000
          27058	     13525	0010018c	011e2023	sw	x17,0(x28)	 x28:0x00020000 x17:0x00000044 PA:0x00020000 store:0x00000044 load:0x00000000
          27060	     13526	00100190	01cfd793	srli	x15,x31,0x1c	 x31:0x7f2b0000 x15=0x00000007
          27062	     13527	00100194	00900713	addi	x14,x0,9	  x0:0x00000000 x14=0x00000009
          27066	     13529	00100198	0cf77a63	bgeu	x14,x15,10026c	 x14:0x00000009 x15:0x00000007
          27070	     13531	0010026c	03078393	addi	x7,x15,48	 x15:0x00000007  x7=0x00000037
          27072	     13532	00100270	000205b7	lui	x11,0x20	 x11=0x00020000
          27074	     13533	00100274	01451613	slli	x12,x10,0x14	 x10:0xc06d7f2b x12=0xf2b00000
          27078	     13535	00100278	0075a023	sw	x7,0(x11)	 x11:0x00020000  x7:0x00000037 PA:0x00020000 store:0x00000037 load:0x00000000
          27080	     13536	0010027c	01c65693	srli	x13,x12,0x1c	 x12:0xf2b00000 x13=0x0000000f
          27082	     13537	00100280	00900813	addi	x16,x0,9	  x0:0x00000000 x16=0x00000009
          27086	     13539	00100284	f2d86ae3	bltu	x16,x13,1001b8	 x16:0x00000009 x13:0x0000000f
          27090	     13541	001001b8	03768893	addi	x17,x13,55	 x13:0x0000000f x17=0x00000046
          27092	     13542	001001bc	00020e37	lui	x28,0x20	 x28=0x00020000
          27094	     13543	001001c0	01851f93	slli	x31,x10,0x18	 x10:0xc06d7f2b x31=0x2b000000
          27098	     13545	001001c4	011e2023	sw	x17,0(x28)	 x28:0x00020000 x17:0x00000046 PA:0x00020000 store:0x00000046 load:0x00000000
          27100	     13546	001001c8	01cfd793	srli	x15,x31,0x1c	 x31:0x2b000000 x15=0x00000002
          27102	     13547	001001cc	00900713	addi	x14,x0,9	  x0:0x00000000 x14=0x00000009
          27106	     13549	001001d0	0cf77a63	bgeu	x14,x15,1002a4	 x14:0x00000009 x15:0x00000002
          27110	     13551	001002a4	03078393	addi	x7,x15,48	 x15:0x00000002  x7=0x00000032
          27112	     13552	001002a8	000205b7	lui	x11,0x20	 x11=0x00020000
          27116	     13554	001002ac	0075a023	sw	x7,0(x11)	 x11:0x00020000  x7:0x00000032 PA:0x00020000 store:0x00000032 load:0x00000000
          27118	     13555	001002b0	00f57513	andi	x10,x10,15	 x10:0xc06d7f2b x10=0x0000000b
          27120	     13556	001002b4	00900613	addi	x12,x0,9	  x0:0x00000000 x12=0x00000009
          27122	     13557	001002b8	f2a67ae3	bgeu	x12,x10,1001ec	 x12:0x00000009 x10:0x0000000b
          27124	     13558	001002bc	03750693	addi	x13,x10,55	 x10:0x0000000b x13=0x00000042
          27126	     13559	001002c0	00020837	lui	x16,0x20	 x16=0x00020000
          27130	     13561	001002c4	00d82023	sw	x13,0(x16)	 x16:0x00020000 x13:0x00000042 PA:0x00020000 store:0x00000042 load:0x00000000
          27134	     13563	001002c8	00008067	jalr	x0,0(x1)	  x1:0x001014c0  x0=0x00000000
          27136	     13564	001014c0	00102e37	lui	x28,0x102	 x28=0x00102000
          27138	     13565	001014c4	a84e0513	addi	x10,x28,-1404	 x28:0x00102000 x10=0x00101a84
          27142	     13567	001014c8	bd9fe0ef	jal	x1,1000a0	  x1=0x001014cc
          27146	     13569	001000a0	00054803	lbu	x16,0(x10)	 x10:0x00101a84 x16=0x0000000a PA:0x00101a84 store:0x00000000
          27148	     13570	001000a4	06080663	beq	x16,x0,100110	 x16:0x0000000a  x0:0x00000000
          27150	     13571	001000a8	000207b7	lui	x15,0x20	 x15=0x00020000
          27154	     13573	001000ac	0107a023	sw	x16,0(x15)	 x15:0x00020000 x16:0x0000000a PA:0x00020000 store:0x0000000a load:0x00000000
          27158	     13575	001000b0	00154703	lbu	x14,1(x10)	 x10:0x00101a84 x14=0x0000000a PA:0x00101a85 store:0x001014cc
          27160	     13576	001000b4	04070e63	beq	x14,x0,100110	 x14:0x0000000a  x0:0x00000000
          27164	     13578	001000b8	00e7a023	sw	x14,0(x15)	 x15:0x00020000 x14:0x0000000a PA:0x00020000 store:0x0000000a load:0x00000000
          27168	     13580	001000bc	00254283	lbu	x5,2(x10)	 x10:0x00101a84  x5=0x00000054 PA:0x00101a86 store:0x00137fa0
          27170	     13581	001000c0	04028863	beq	x5,x0,100110	  x5:0x00000054  x0:0x00000000
          27174	     13583	001000c4	0057a023	sw	x5,0(x15)	 x15:0x00020000  x5:0x00000054 PA:0x00020000 store:0x00000054 load:0x00000000
          27178	     13585	001000c8	00354303	lbu	x6,3(x10)	 x10:0x00101a84  x6=0x00000065 PA:0x00101a87 store:0x00000000
          27180	     13586	001000cc	04030263	beq	x6,x0,100110	  x6:0x00000065  x0:0x00000000
          27184	     13588	001000d0	0067a023	sw	x6,0(x15)	 x15:0x00020000  x6:0x00000065 PA:0x00020000 store:0x00000065 load:0x00000000
          27188	     13590	001000d4	00454383	lbu	x7,4(x10)	 x10:0x00101a84  x7=0x00000073 PA:0x00101a88 store:0x00000000
          27190	     13591	001000d8	02038c63	beq	x7,x0,100110	  x7:0x00000073  x0:0x00000000
          27194	     13593	001000dc	0077a023	sw	x7,0(x15)	 x15:0x00020000  x7:0x00000073 PA:0x00020000 store:0x00000073 load:0x00000000
          27198	     13595	001000e0	00554583	lbu	x11,5(x10)	 x10:0x00101a84 x11=0x00000074 PA:0x00101a89 store:0x00000054
          27200	     13596	001000e4	02058663	beq	x11,x0,100110	 x11:0x00000074  x0:0x00000000
          27204	     13598	001000e8	00b7a023	sw	x11,0(x15)	 x15:0x00020000 x11:0x00000074 PA:0x00020000 store:0x00000074 load:0x00000000
          27208	     13600	001000ec	00654603	lbu	x12,6(x10)	 x10:0x00101a84 x12=0x00000069 PA:0x00101a8a store:0x00000065
          27210	     13601	001000f0	02060063	beq	x12,x0,100110	 x12:0x00000069  x0:0x00000000
          27214	     13603	001000f4	00c7a023	sw	x12,0(x15)	 x15:0x00020000 x12:0x00000069 PA:0x00020000 store:0x00000069 load:0x00000000
          27218	     13605	001000f8	00754683	lbu	x13,7(x10)	 x10:0x00101a84 x13=0x0000006e PA:0x00101a8b store:0x00000073
          27220	     13606	001000fc	00850513	addi	x10,x10,8	 x10:0x00101a84 x10=0x00101a8c
          27222	     13607	00100100	00068863	beq	x13,x0,100110	 x13:0x0000006e  x0:0x00000000
          27226	     13609	00100104	00d7a023	sw	x13,0(x15)	 x15:0x00020000 x13:0x0000006e PA:0x00020000 store:0x0000006e load:0x00000000
          27230	     13611	00100108	00054803	lbu	x16,0(x10)	 x10:0x00101a8c x16=0x00000067 PA:0x00101a8c store:0x00000000
          27234	     13613	0010010c	fa0810e3	bne	x16,x0,1000ac	 x16:0x00000067  x0:0x00000000
          27240	     13616	001000ac	0107a023	sw	x16,0(x15)	 x15:0x00020000 x16:0x00000067 PA:0x00020000 store:0x00000067 load:0x00000000
          27244	     13618	001000b0	00154703	lbu	x14,1(x10)	 x10:0x00101a8c x14=0x00000020 PA:0x00101a8d store:0x001014cc
          27246	     13619	001000b4	04070e63	beq	x14,x0,100110	 x14:0x00000020  x0:0x00000000
          27250	     13621	001000b8	00e7a023	sw	x14,0(x15)	 x15:0x00020000 x14:0x00000020 PA:0x00020000 store:0x00000020 load:0x00000000
          27254	     13623	001000bc	00254283	lbu	x5,2(x10)	 x10:0x00101a8c  x5=0x00000043 PA:0x00101a8e store:0x00137fa0
          27256	     13624	001000c0	04028863	beq	x5,x0,100110	  x5:0x00000043  x0:0x00000000
          27260	     13626	001000c4	0057a023	sw	x5,0(x15)	 x15:0x00020000  x5:0x00000043 PA:0x00020000 store:0x00000043 load:0x00000000
          27264	     13628	001000c8	00354303	lbu	x6,3(x10)	 x10:0x00101a8c  x6=0x0000006c PA:0x00101a8f store:0x00000000
          27266	     13629	001000cc	04030263	beq	x6,x0,100110	  x6:0x0000006c  x0:0x00000000
          27270	     13631	001000d0	0067a023	sw	x6,0(x15)	 x15:0x00020000  x6:0x0000006c PA:0x00020000 store:0x0000006c load:0x00000000
          27274	     13633	001000d4	00454383	lbu	x7,4(x10)	 x10:0x00101a8c  x7=0x00000061 PA:0x00101a90 store:0x00000000
          27276	     13634	001000d8	02038c63	beq	x7,x0,100110	  x7:0x00000061  x0:0x00000000
          27280	     13636	001000dc	0077a023	sw	x7,0(x15)	 x15:0x00020000  x7:0x00000061 PA:0x00020000 store:0x00000061 load:0x00000000
          27284	     13638	001000e0	00554583	lbu	x11,5(x10)	 x10:0x00101a8c x11=0x00000073 PA:0x00101a91 store:0x00000043
          27286	     13639	001000e4	02058663	beq	x11,x0,100110	 x11:0x00000073  x0:0x00000000
          27290	     13641	001000e8	00b7a023	sw	x11,0(x15)	 x15:0x00020000 x11:0x00000073 PA:0x00020000 store:0x00000073 load:0x00000000
          27294	     13643	001000ec	00654603	lbu	x12,6(x10)	 x10:0x00101a8c x12=0x00000073 PA:0x00101a92 store:0x0000006c
          27296	     13644	001000f0	02060063	beq	x12,x0,100110	 x12:0x00000073  x0:0x00000000
          27300	     13646	001000f4	00c7a023	sw	x12,0(x15)	 x15:0x00020000 x12:0x00000073 PA:0x00020000 store:0x00000073 load:0x00000000
          27304	     13648	001000f8	00754683	lbu	x13,7(x10)	 x10:0x00101a8c x13=0x00000069 PA:0x00101a93 store:0x00000061
          27306	     13649	001000fc	00850513	addi	x10,x10,8	 x10:0x00101a8c x10=0x00101a94
          27308	     13650	00100100	00068863	beq	x13,x0,100110	 x13:0x00000069  x0:0x00000000
          27312	     13652	00100104	00d7a023	sw	x13,0(x15)	 x15:0x00020000 x13:0x00000069 PA:0x00020000 store:0x00000069 load:0x00000000
          27316	     13654	00100108	00054803	lbu	x16,0(x10)	 x10:0x00101a94 x16=0x00000066 PA:0x00101a94 store:0x00000000
          27320	     13656	0010010c	fa0810e3	bne	x16,x0,1000ac	 x16:0x00000066  x0:0x00000000
          27326	     13659	001000ac	0107a023	sw	x16,0(x15)	 x15:0x00020000 x16:0x00000066 PA:0x00020000 store:0x00000066 load:0x00000000
          27330	     13661	001000b0	00154703	lbu	x14,1(x10)	 x10:0x00101a94 x14=0x00000079 PA:0x00101a95 store:0x001014cc
          27332	     13662	001000b4	04070e63	beq	x14,x0,100110	 x14:0x00000079  x0:0x00000000
          27336	     13664	001000b8	00e7a023	sw	x14,0(x15)	 x15:0x00020000 x14:0x00000079 PA:0x00020000 store:0x00000079 load:0x00000000
          27340	     13666	001000bc	00254283	lbu	x5,2(x10)	 x10:0x00101a94  x5=0x00000020 PA:0x00101a96 store:0x00137fa0
          27342	     13667	001000c0	04028863	beq	x5,x0,100110	  x5:0x00000020  x0:0x00000000
          27346	     13669	001000c4	0057a023	sw	x5,0(x15)	 x15:0x00020000  x5:0x00000020 PA:0x00020000 store:0x00000020 load:0x00000000
          27350	     13671	001000c8	00354303	lbu	x6,3(x10)	 x10:0x00101a94  x6=0x00000069 PA:0x00101a97 store:0x00000000
          27352	     13672	001000cc	04030263	beq	x6,x0,100110	  x6:0x00000069  x0:0x00000000
          27356	     13674	001000d0	0067a023	sw	x6,0(x15)	 x15:0x00020000  x6:0x00000069 PA:0x00020000 store:0x00000069 load:0x00000000
          27360	     13676	001000d4	00454383	lbu	x7,4(x10)	 x10:0x00101a94  x7=0x0000006e PA:0x00101a98 store:0x00000000
          27362	     13677	001000d8	02038c63	beq	x7,x0,100110	  x7:0x0000006e  x0:0x00000000
          27366	     13679	001000dc	0077a023	sw	x7,0(x15)	 x15:0x00020000  x7:0x0000006e PA:0x00020000 store:0x0000006e load:0x00000000
          27370	     13681	001000e0	00554583	lbu	x11,5(x10)	 x10:0x00101a94 x11=0x00000073 PA:0x00101a99 store:0x00000020
          27372	     13682	001000e4	02058663	beq	x11,x0,100110	 x11:0x00000073  x0:0x00000000
          27376	     13684	001000e8	00b7a023	sw	x11,0(x15)	 x15:0x00020000 x11:0x00000073 PA:0x00020000 store:0x00000073 load:0x00000000
          27380	     13686	001000ec	00654603	lbu	x12,6(x10)	 x10:0x00101a94 x12=0x00000074 PA:0x00101a9a store:0x00000069
          27382	     13687	001000f0	02060063	beq	x12,x0,100110	 x12:0x00000074  x0:0x00000000
          27386	     13689	001000f4	00c7a023	sw	x12,0(x15)	 x15:0x00020000 x12:0x00000074 PA:0x00020000 store:0x00000074 load:0x00000000
          27390	     13691	001000f8	00754683	lbu	x13,7(x10)	 x10:0x00101a94 x13=0x00000072 PA:0x00101a9b store:0x0000006e
          27392	     13692	001000fc	00850513	addi	x10,x10,8	 x10:0x00101a94 x10=0x00101a9c
          27394	     13693	00100100	00068863	beq	x13,x0,100110	 x13:0x00000072  x0:0x00000000
          27398	     13695	00100104	00d7a023	sw	x13,0(x15)	 x15:0x00020000 x13:0x00000072 PA:0x00020000 store:0x00000072 load:0x00000000
          27402	     13697	00100108	00054803	lbu	x16,0(x10)	 x10:0x00101a9c x16=0x00000075 PA:0x00101a9c store:0x00000000
          27406	     13699	0010010c	fa0810e3	bne	x16,x0,1000ac	 x16:0x00000075  x0:0x00000000
          27412	     13702	001000ac	0107a023	sw	x16,0(x15)	 x15:0x00020000 x16:0x00000075 PA:0x00020000 store:0x00000075 load:0x00000000
          27416	     13704	001000b0	00154703	lbu	x14,1(x10)	 x10:0x00101a9c x14=0x00000063 PA:0x00101a9d store:0x001014cc
          27418	     13705	001000b4	04070e63	beq	x14,x0,100110	 x14:0x00000063  x0:0x00000000
          27422	     13707	001000b8	00e7a023	sw	x14,0(x15)	 x15:0x00020000 x14:0x00000063 PA:0x00020000 store:0x00000063 load:0x00000000
          27426	     13709	001000bc	00254283	lbu	x5,2(x10)	 x10:0x00101a9c  x5=0x00000074 PA:0x00101a9e store:0x00137fa0
          27428	     13710	001000c0	04028863	beq	x5,x0,100110	  x5:0x00000074  x0:0x00000000
          27432	     13712	001000c4	0057a023	sw	x5,0(x15)	 x15:0x00020000  x5:0x00000074 PA:0x00020000 store:0x00000074 load:0x00000000
          27436	     13714	001000c8	00354303	lbu	x6,3(x10)	 x10:0x00101a9c  x6=0x00000069 PA:0x00101a9f store:0x00000000
          27438	     13715	001000cc	04030263	beq	x6,x0,100110	  x6:0x00000069  x0:0x00000000
          27442	     13717	001000d0	0067a023	sw	x6,0(x15)	 x15:0x00020000  x6:0x00000069 PA:0x00020000 store:0x00000069 load:0x00000000
          27446	     13719	001000d4	00454383	lbu	x7,4(x10)	 x10:0x00101a9c  x7=0x0000006f PA:0x00101aa0 store:0x00000000
          27448	     13720	001000d8	02038c63	beq	x7,x0,100110	  x7:0x0000006f  x0:0x00000000
          27452	     13722	001000dc	0077a023	sw	x7,0(x15)	 x15:0x00020000  x7:0x0000006f PA:0x00020000 store:0x0000006f load:0x00000000
          27456	     13724	001000e0	00554583	lbu	x11,5(x10)	 x10:0x00101a9c x11=0x0000006e PA:0x00101aa1 store:0x00000074
          27458	     13725	001000e4	02058663	beq	x11,x0,100110	 x11:0x0000006e  x0:0x00000000
          27462	     13727	001000e8	00b7a023	sw	x11,0(x15)	 x15:0x00020000 x11:0x0000006e PA:0x00020000 store:0x0000006e load:0x00000000
          27466	     13729	001000ec	00654603	lbu	x12,6(x10)	 x10:0x00101a9c x12=0x00000073 PA:0x00101aa2 store:0x00000069
          27468	     13730	001000f0	02060063	beq	x12,x0,100110	 x12:0x00000073  x0:0x00000000
          27472	     13732	001000f4	00c7a023	sw	x12,0(x15)	 x15:0x00020000 x12:0x00000073 PA:0x00020000 store:0x00000073 load:0x00000000
          27476	     13734	001000f8	00754683	lbu	x13,7(x10)	 x10:0x00101a9c x13=0x0000003a PA:0x00101aa3 store:0x0000006f
          27478	     13735	001000fc	00850513	addi	x10,x10,8	 x10:0x00101a9c x10=0x00101aa4
          27480	     13736	00100100	00068863	beq	x13,x0,100110	 x13:0x0000003a  x0:0x00000000
          27484	     13738	00100104	00d7a023	sw	x13,0(x15)	 x15:0x00020000 x13:0x0000003a PA:0x00020000 store:0x0000003a load:0x00000000
          27488	     13740	00100108	00054803	lbu	x16,0(x10)	 x10:0x00101aa4 x16=0x00000020 PA:0x00101aa4 store:0x00000000
          27492	     13742	0010010c	fa0810e3	bne	x16,x0,1000ac	 x16:0x00000020  x0:0x00000000
          27498	     13745	001000ac	0107a023	sw	x16,0(x15)	 x15:0x00020000 x16:0x00000020 PA:0x00020000 store:0x00000020 load:0x00000000
          27502	     13747	001000b0	00154703	lbu	x14,1(x10)	 x10:0x00101aa4 x14=0x0000000a PA:0x00101aa5 store:0x001014cc
          27504	     13748	001000b4	04070e63	beq	x14,x0,100110	 x14:0x0000000a  x0:0x00000000
          27508	     13750	001000b8	00e7a023	sw	x14,0(x15)	 x15:0x00020000 x14:0x0000000a PA:0x00020000 store:0x0000000a load:0x00000000
          27512	     13752	001000bc	00254283	lbu	x5,2(x10)	 x10:0x00101aa4  x5=0x00000000 PA:0x00101aa6 store:0x00137fa0
          27516	     13754	001000c0	04028863	beq	x5,x0,100110	  x5:0x00000000  x0:0x00000000
          27520	     13756	00100110	00000513	addi	x10,x0,0	  x0:0x00000000 x10=0x00000000
          27524	     13758	00100114	00008067	jalr	x0,0(x1)	  x1:0x001014cc  x0=0x00000000
          27526	     13759	001014cc	ff800eb7	lui	x29,0xff800	 x29=0xff800000
          27530	     13761	001014d0	cfda2c23	sw	x29,-776(x20)	 x20:0x00102000 x29:0xff800000 PA:0x00101cf8 store:0xff800000 load:0x00000a20
          27534	     13763	001014d4	cf8a2f03	lw	x30,-776(x20)	 x20:0x00102000 x30=0xff800000 PA:0x00101cf8 store:0x00102000
          27542	     13767	001014d8	00102fb7	lui	x31,0x102	 x31=0x00102000
          27544	     13768	001014dc	f00f03d3	fmv.w.x	f7,x30	 x30:0xff800000  f7=0x00000000
          27546	     13769	001014e0	aa8f8513	addi	x10,x31,-1368	 x31:0x00102000 x10=0x00101aa8
          27548	     13770	001014e4	d27ba227	fsw	f7,-732(x23)	 f23:0x00102000  f7:0x0000006f PA:0x00101d24 store:0xff800000 load:0xff800000
          27550	     13771	001014e8	d24ba407	flw	f8,-732(x23)	 f23:0x00102000  f8=0x00000000 PA:0x00101d24 store:0x3e5bdc88
          27552	     13772	001014ec	e0041d53	fclass.s	x26,f8	  f8:0x00102000 x26=0x00000001
          27554	     13773	001014f0	cfaa2c23	sw	x26,-776(x20)	 x20:0x00102000 x26:0x00000001 PA:0x00101cf8 store:0x00000001 load:0xff800000
          27556	     13774	001014f4	badfe0ef	jal	x1,1000a0	  x1=0x001014f8
          27560	     13776	001000a0	00054803	lbu	x16,0(x10)	 x10:0x00101aa8 x16=0x00000020 PA:0x00101aa8 store:0x00000000
          27562	     13777	001000a4	06080663	beq	x16,x0,100110	 x16:0x00000020  x0:0x00000000
          27564	     13778	001000a8	000207b7	lui	x15,0x20	 x15=0x00020000
          27568	     13780	001000ac	0107a023	sw	x16,0(x15)	 x15:0x00020000 x16:0x00000020 PA:0x00020000 store:0x00000020 load:0x00000000
          27572	     13782	001000b0	00154703	lbu	x14,1(x10)	 x10:0x00101aa8 x14=0x00000045 PA:0x00101aa9 store:0x001014f8
          27574	     13783	001000b4	04070e63	beq	x14,x0,100110	 x14:0x00000045  x0:0x00000000
          27578	     13785	001000b8	00e7a023	sw	x14,0(x15)	 x15:0x00020000 x14:0x00000045 PA:0x00020000 store:0x00000045 load:0x00000000
          27582	     13787	001000bc	00254283	lbu	x5,2(x10)	 x10:0x00101aa8  x5=0x00000078 PA:0x00101aaa store:0x00137fa0
          27584	     13788	001000c0	04028863	beq	x5,x0,100110	  x5:0x00000078  x0:0x00000000
          27588	     13790	001000c4	0057a023	sw	x5,0(x15)	 x15:0x00020000  x5:0x00000078 PA:0x00020000 store:0x00000078 load:0x00000000
          27592	     13792	001000c8	00354303	lbu	x6,3(x10)	 x10:0x00101aa8  x6=0x00000070 PA:0x00101aab store:0x00000000
          27594	     13793	001000cc	04030263	beq	x6,x0,100110	  x6:0x00000070  x0:0x00000000
          27598	     13795	001000d0	0067a023	sw	x6,0(x15)	 x15:0x00020000  x6:0x00000070 PA:0x00020000 store:0x00000070 load:0x00000000
          27602	     13797	001000d4	00454383	lbu	x7,4(x10)	 x10:0x00101aa8  x7=0x00000065 PA:0x00101aac store:0x00000000
          27604	     13798	001000d8	02038c63	beq	x7,x0,100110	  x7:0x00000065  x0:0x00000000
          27608	     13800	001000dc	0077a023	sw	x7,0(x15)	 x15:0x00020000  x7:0x00000065 PA:0x00020000 store:0x00000065 load:0x00000000
          27612	     13802	001000e0	00554583	lbu	x11,5(x10)	 x10:0x00101aa8 x11=0x00000063 PA:0x00101aad store:0x00000078
          27614	     13803	001000e4	02058663	beq	x11,x0,100110	 x11:0x00000063  x0:0x00000000
          27618	     13805	001000e8	00b7a023	sw	x11,0(x15)	 x15:0x00020000 x11:0x00000063 PA:0x00020000 store:0x00000063 load:0x00000000
          27622	     13807	001000ec	00654603	lbu	x12,6(x10)	 x10:0x00101aa8 x12=0x00000074 PA:0x00101aae store:0x00000070
          27624	     13808	001000f0	02060063	beq	x12,x0,100110	 x12:0x00000074  x0:0x00000000
          27628	     13810	001000f4	00c7a023	sw	x12,0(x15)	 x15:0x00020000 x12:0x00000074 PA:0x00020000 store:0x00000074 load:0x00000000
          27632	     13812	001000f8	00754683	lbu	x13,7(x10)	 x10:0x00101aa8 x13=0x00000069 PA:0x00101aaf store:0x00000065
          27634	     13813	001000fc	00850513	addi	x10,x10,8	 x10:0x00101aa8 x10=0x00101ab0
          27636	     13814	00100100	00068863	beq	x13,x0,100110	 x13:0x00000069  x0:0x00000000
          27640	     13816	00100104	00d7a023	sw	x13,0(x15)	 x15:0x00020000 x13:0x00000069 PA:0x00020000 store:0x00000069 load:0x00000000
          27644	     13818	00100108	00054803	lbu	x16,0(x10)	 x10:0x00101ab0 x16=0x0000006e PA:0x00101ab0 store:0x00000000
          27648	     13820	0010010c	fa0810e3	bne	x16,x0,1000ac	 x16:0x0000006e  x0:0x00000000
          27654	     13823	001000ac	0107a023	sw	x16,0(x15)	 x15:0x00020000 x16:0x0000006e PA:0x00020000 store:0x0000006e load:0x00000000
          27658	     13825	001000b0	00154703	lbu	x14,1(x10)	 x10:0x00101ab0 x14=0x00000067 PA:0x00101ab1 store:0x001014f8
          27660	     13826	001000b4	04070e63	beq	x14,x0,100110	 x14:0x00000067  x0:0x00000000
          27664	     13828	001000b8	00e7a023	sw	x14,0(x15)	 x15:0x00020000 x14:0x00000067 PA:0x00020000 store:0x00000067 load:0x00000000
          27668	     13830	001000bc	00254283	lbu	x5,2(x10)	 x10:0x00101ab0  x5=0x00000020 PA:0x00101ab2 store:0x00137fa0
          27670	     13831	001000c0	04028863	beq	x5,x0,100110	  x5:0x00000020  x0:0x00000000
          27674	     13833	001000c4	0057a023	sw	x5,0(x15)	 x15:0x00020000  x5:0x00000020 PA:0x00020000 store:0x00000020 load:0x00000000
          27678	     13835	001000c8	00354303	lbu	x6,3(x10)	 x10:0x00101ab0  x6=0x00000030 PA:0x00101ab3 store:0x00000000
          27680	     13836	001000cc	04030263	beq	x6,x0,100110	  x6:0x00000030  x0:0x00000000
          27684	     13838	001000d0	0067a023	sw	x6,0(x15)	 x15:0x00020000  x6:0x00000030 PA:0x00020000 store:0x00000030 load:0x00000000
          27688	     13840	001000d4	00454383	lbu	x7,4(x10)	 x10:0x00101ab0  x7=0x00000078 PA:0x00101ab4 store:0x00000000
          27690	     13841	001000d8	02038c63	beq	x7,x0,100110	  x7:0x00000078  x0:0x00000000
          27694	     13843	001000dc	0077a023	sw	x7,0(x15)	 x15:0x00020000  x7:0x00000078 PA:0x00020000 store:0x00000078 load:0x00000000
          27698	     13845	001000e0	00554583	lbu	x11,5(x10)	 x10:0x00101ab0 x11=0x00000031 PA:0x00101ab5 store:0x00000020
          27700	     13846	001000e4	02058663	beq	x11,x0,100110	 x11:0x00000031  x0:0x00000000
          27704	     13848	001000e8	00b7a023	sw	x11,0(x15)	 x15:0x00020000 x11:0x00000031 PA:0x00020000 store:0x00000031 load:0x00000000
          27708	     13850	001000ec	00654603	lbu	x12,6(x10)	 x10:0x00101ab0 x12=0x0000003a PA:0x00101ab6 store:0x00000030
          27710	     13851	001000f0	02060063	beq	x12,x0,100110	 x12:0x0000003a  x0:0x00000000
          27714	     13853	001000f4	00c7a023	sw	x12,0(x15)	 x15:0x00020000 x12:0x0000003a PA:0x00020000 store:0x0000003a load:0x00000000
          27718	     13855	001000f8	00754683	lbu	x13,7(x10)	 x10:0x00101ab0 x13=0x00000020 PA:0x00101ab7 store:0x00000078
          27720	     13856	001000fc	00850513	addi	x10,x10,8	 x10:0x00101ab0 x10=0x00101ab8
          27722	     13857	00100100	00068863	beq	x13,x0,100110	 x13:0x00000020  x0:0x00000000
          27726	     13859	00100104	00d7a023	sw	x13,0(x15)	 x15:0x00020000 x13:0x00000020 PA:0x00020000 store:0x00000020 load:0x00000000
          27730	     13861	00100108	00054803	lbu	x16,0(x10)	 x10:0x00101ab8 x16=0x00000000 PA:0x00101ab8 store:0x00000000
          27732	     13862	0010010c	fa0810e3	bne	x16,x0,1000ac	 x16:0x00000000  x0:0x00000000
          27734	     13863	00100110	00000513	addi	x10,x0,0	  x0:0x00000000 x10=0x00000000
          27738	     13865	00100114	00008067	jalr	x0,0(x1)	  x1:0x001014f8  x0=0x00000000
          27742	     13867	001014f8	cf8a2503	lw	x10,-776(x20)	 x20:0x00102000 x10=0x00000001 PA:0x00101cf8 store:0x00102000
          27744	     13868	001014fc	00102d37	lui	x26,0x102	 x26=0x00102000
          27748	     13870	00101500	c21fe0ef	jal	x1,100120	  x1=0x00101504
          27750	     13871	00100120	01c55793	srli	x15,x10,0x1c	 x10:0x00000001 x15=0x00000000
          27752	     13872	00100124	00900713	addi	x14,x0,9	  x0:0x00000000 x14=0x00000009
          27756	     13874	00100128	0cf77a63	bgeu	x14,x15,1001fc	 x14:0x00000009 x15:0x00000000
          27760	     13876	001001fc	03078393	addi	x7,x15,48	 x15:0x00000000  x7=0x00000030
          27762	     13877	00100200	000205b7	lui	x11,0x20	 x11=0x00020000
          27764	     13878	00100204	00451613	slli	x12,x10,0x4	 x10:0x00000001 x12=0x00000010
          27768	     13880	00100208	0075a023	sw	x7,0(x11)	 x11:0x00020000  x7:0x00000030 PA:0x00020000 store:0x00000030 load:0x00000000
          27770	     13881	0010020c	01c65693	srli	x13,x12,0x1c	 x12:0x00000010 x13=0x00000000
          27772	     13882	00100210	00900813	addi	x16,x0,9	  x0:0x00000000 x16=0x00000009
          27774	     13883	00100214	f2d86ae3	bltu	x16,x13,100148	 x16:0x00000009 x13:0x00000000
          27776	     13884	00100218	03068e93	addi	x29,x13,48	 x13:0x00000000 x29=0x00000030
          27778	     13885	0010021c	00020f37	lui	x30,0x20	 x30=0x00020000
          27780	     13886	00100220	00851f93	slli	x31,x10,0x8	 x10:0x00000001 x31=0x00000100
          27784	     13888	00100224	01df2023	sw	x29,0(x30)	 x30:0x00020000 x29:0x00000030 PA:0x00020000 store:0x00000030 load:0x00000000
          27786	     13889	00100228	01cfd793	srli	x15,x31,0x1c	 x31:0x00000100 x15=0x00000000
          27788	     13890	0010022c	00900713	addi	x14,x0,9	  x0:0x00000000 x14=0x00000009
          27790	     13891	00100230	f2f76ae3	bltu	x14,x15,100164	 x14:0x00000009 x15:0x00000000
          27792	     13892	00100234	03078393	addi	x7,x15,48	 x15:0x00000000  x7=0x00000030
          27794	     13893	00100238	000205b7	lui	x11,0x20	 x11=0x00020000
          27796	     13894	0010023c	00c51613	slli	x12,x10,0xc	 x10:0x00000001 x12=0x00001000
          27800	     13896	00100240	0075a023	sw	x7,0(x11)	 x11:0x00020000  x7:0x00000030 PA:0x00020000 store:0x00000030 load:0x00000000
          27802	     13897	00100244	01c65693	srli	x13,x12,0x1c	 x12:0x00001000 x13=0x00000000
          27804	     13898	00100248	00900813	addi	x16,x0,9	  x0:0x00000000 x16=0x00000009
          27806	     13899	0010024c	f2d86ae3	bltu	x16,x13,100180	 x16:0x00000009 x13:0x00000000
          27808	     13900	00100250	03068e93	addi	x29,x13,48	 x13:0x00000000 x29=0x00000030
          27810	     13901	00100254	00020f37	lui	x30,0x20	 x30=0x00020000
          27812	     13902	00100258	01051f93	slli	x31,x10,0x10	 x10:0x00000001 x31=0x00010000
          27816	     13904	0010025c	01df2023	sw	x29,0(x30)	 x30:0x00020000 x29:0x00000030 PA:0x00020000 store:0x00000030 load:0x00000000
          27818	     13905	00100260	01cfd793	srli	x15,x31,0x1c	 x31:0x00010000 x15=0x00000000
          27820	     13906	00100264	00900713	addi	x14,x0,9	  x0:0x00000000 x14=0x00000009
          27822	     13907	00100268	f2f76ae3	bltu	x14,x15,10019c	 x14:0x00000009 x15:0x00000000
          27824	     13908	0010026c	03078393	addi	x7,x15,48	 x15:0x00000000  x7=0x00000030
          27826	     13909	00100270	000205b7	lui	x11,0x20	 x11=0x00020000
          27828	     13910	00100274	01451613	slli	x12,x10,0x14	 x10:0x00000001 x12=0x00100000
          27832	     13912	00100278	0075a023	sw	x7,0(x11)	 x11:0x00020000  x7:0x00000030 PA:0x00020000 store:0x00000030 load:0x00000000
          27834	     13913	0010027c	01c65693	srli	x13,x12,0x1c	 x12:0x00100000 x13=0x00000000
          27836	     13914	00100280	00900813	addi	x16,x0,9	  x0:0x00000000 x16=0x00000009
          27838	     13915	00100284	f2d86ae3	bltu	x16,x13,1001b8	 x16:0x00000009 x13:0x00000000
          27840	     13916	00100288	03068e93	addi	x29,x13,48	 x13:0x00000000 x29=0x00000030
          27842	     13917	0010028c	00020f37	lui	x30,0x20	 x30=0x00020000
          27844	     13918	00100290	01851f93	slli	x31,x10,0x18	 x10:0x00000001 x31=0x01000000
          27848	     13920	00100294	01df2023	sw	x29,0(x30)	 x30:0x00020000 x29:0x00000030 PA:0x00020000 store:0x00000030 load:0x00000000
          27850	     13921	00100298	01cfd793	srli	x15,x31,0x1c	 x31:0x01000000 x15=0x00000000
          27852	     13922	0010029c	00900713	addi	x14,x0,9	  x0:0x00000000 x14=0x00000009
          27854	     13923	001002a0	f2f76ae3	bltu	x14,x15,1001d4	 x14:0x00000009 x15:0x00000000
          27856	     13924	001002a4	03078393	addi	x7,x15,48	 x15:0x00000000  x7=0x00000030
          27858	     13925	001002a8	000205b7	lui	x11,0x20	 x11=0x00020000
          27862	     13927	001002ac	0075a023	sw	x7,0(x11)	 x11:0x00020000  x7:0x00000030 PA:0x00020000 store:0x00000030 load:0x00000000
          27864	     13928	001002b0	00f57513	andi	x10,x10,15	 x10:0x00000001 x10=0x00000001
          27866	     13929	001002b4	00900613	addi	x12,x0,9	  x0:0x00000000 x12=0x00000009
          27870	     13931	001002b8	f2a67ae3	bgeu	x12,x10,1001ec	 x12:0x00000009 x10:0x00000001
          27874	     13933	001001ec	03050893	addi	x17,x10,48	 x10:0x00000001 x17=0x00000031
          27876	     13934	001001f0	00020e37	lui	x28,0x20	 x28=0x00020000
          27880	     13936	001001f4	011e2023	sw	x17,0(x28)	 x28:0x00020000 x17:0x00000031 PA:0x00020000 store:0x00000031 load:0x00000000
          27884	     13938	001001f8	00008067	jalr	x0,0(x1)	  x1:0x00101504  x0=0x00000000
          27892	     13942	00101504	001026b7	lui	x13,0x102	 x13=0x00102000
          27894	     13943	00101508	9486a487	flw	f9,-1720(x13)	 f13:0x00102000  f9=0x00000000 PA:0x00101948 store:0xff800000
          27898	     13945	0010150c	00102737	lui	x14,0x102	 x14=0x00102000
          27900	     13946	00101510	abc70513	addi	x10,x14,-1348	 x14:0x00102000 x10=0x00101abc
          27902	     13947	00101514	d29ca027	fsw	f9,-736(x25)	 f25:0x00102000  f9:0x00102000 PA:0x00101d20 store:0xc019999a load:0xc019999a
          27904	     13948	00101518	d20ca507	flw	f10,-736(x25)	 f25:0x00102000 f10=0x00000000 PA:0x00101d20 store:0x00000000
          27906	     13949	0010151c	e00517d3	fclass.s	x15,f10	 f10:0x00101abc x15=0x00000002
          27908	     13950	00101520	cefdaa23	sw	x15,-780(x27)	 x27:0x00102000 x15:0x00000002 PA:0x00101cf4 store:0x00000002 load:0xc019999a
          27910	     13951	00101524	b7dfe0ef	jal	x1,1000a0	  x1=0x00101528
          27912	     13952	001000a0	00054803	lbu	x16,0(x10)	 x10:0x00101abc x16=0x0000000a PA:0x00101abc store:0x00000000
          27914	     13953	001000a4	06080663	beq	x16,x0,100110	 x16:0x0000000a  x0:0x00000000
          27916	     13954	001000a8	000207b7	lui	x15,0x20	 x15=0x00020000
          27920	     13956	001000ac	0107a023	sw	x16,0(x15)	 x15:0x00020000 x16:0x0000000a PA:0x00020000 store:0x0000000a load:0x00000000
          27924	     13958	001000b0	00154703	lbu	x14,1(x10)	 x10:0x00101abc x14=0x00000020 PA:0x00101abd store:0x00101528
          27926	     13959	001000b4	04070e63	beq	x14,x0,100110	 x14:0x00000020  x0:0x00000000
          27930	     13961	001000b8	00e7a023	sw	x14,0(x15)	 x15:0x00020000 x14:0x00000020 PA:0x00020000 store:0x00000020 load:0x00000000
          27934	     13963	001000bc	00254283	lbu	x5,2(x10)	 x10:0x00101abc  x5=0x00000045 PA:0x00101abe store:0x00137fa0
          27936	     13964	001000c0	04028863	beq	x5,x0,100110	  x5:0x00000045  x0:0x00000000
          27940	     13966	001000c4	0057a023	sw	x5,0(x15)	 x15:0x00020000  x5:0x00000045 PA:0x00020000 store:0x00000045 load:0x00000000
          27944	     13968	001000c8	00354303	lbu	x6,3(x10)	 x10:0x00101abc  x6=0x00000078 PA:0x00101abf store:0x00000000
          27946	     13969	001000cc	04030263	beq	x6,x0,100110	  x6:0x00000078  x0:0x00000000
          27950	     13971	001000d0	0067a023	sw	x6,0(x15)	 x15:0x00020000  x6:0x00000078 PA:0x00020000 store:0x00000078 load:0x00000000
          27954	     13973	001000d4	00454383	lbu	x7,4(x10)	 x10:0x00101abc  x7=0x00000070 PA:0x00101ac0 store:0x00000000
          27956	     13974	001000d8	02038c63	beq	x7,x0,100110	  x7:0x00000070  x0:0x00000000
          27960	     13976	001000dc	0077a023	sw	x7,0(x15)	 x15:0x00020000  x7:0x00000070 PA:0x00020000 store:0x00000070 load:0x00000000
          27964	     13978	001000e0	00554583	lbu	x11,5(x10)	 x10:0x00101abc x11=0x00000065 PA:0x00101ac1 store:0x00000045
          27966	     13979	001000e4	02058663	beq	x11,x0,100110	 x11:0x00000065  x0:0x00000000
          27970	     13981	001000e8	00b7a023	sw	x11,0(x15)	 x15:0x00020000 x11:0x00000065 PA:0x00020000 store:0x00000065 load:0x00000000
          27974	     13983	001000ec	00654603	lbu	x12,6(x10)	 x10:0x00101abc x12=0x00000063 PA:0x00101ac2 store:0x00000078
          27976	     13984	001000f0	02060063	beq	x12,x0,100110	 x12:0x00000063  x0:0x00000000
          27980	     13986	001000f4	00c7a023	sw	x12,0(x15)	 x15:0x00020000 x12:0x00000063 PA:0x00020000 store:0x00000063 load:0x00000000
          27984	     13988	001000f8	00754683	lbu	x13,7(x10)	 x10:0x00101abc x13=0x00000074 PA:0x00101ac3 store:0x00000070
          27986	     13989	001000fc	00850513	addi	x10,x10,8	 x10:0x00101abc x10=0x00101ac4
          27988	     13990	00100100	00068863	beq	x13,x0,100110	 x13:0x00000074  x0:0x00000000
          27992	     13992	00100104	00d7a023	sw	x13,0(x15)	 x15:0x00020000 x13:0x00000074 PA:0x00020000 store:0x00000074 load:0x00000000
          27996	     13994	00100108	00054803	lbu	x16,0(x10)	 x10:0x00101ac4 x16=0x00000069 PA:0x00101ac4 store:0x00000000
          28000	     13996	0010010c	fa0810e3	bne	x16,x0,1000ac	 x16:0x00000069  x0:0x00000000
          28006	     13999	001000ac	0107a023	sw	x16,0(x15)	 x15:0x00020000 x16:0x00000069 PA:0x00020000 store:0x00000069 load:0x00000000
          28010	     14001	001000b0	00154703	lbu	x14,1(x10)	 x10:0x00101ac4 x14=0x0000006e PA:0x00101ac5 store:0x00101528
          28012	     14002	001000b4	04070e63	beq	x14,x0,100110	 x14:0x0000006e  x0:0x00000000
          28016	     14004	001000b8	00e7a023	sw	x14,0(x15)	 x15:0x00020000 x14:0x0000006e PA:0x00020000 store:0x0000006e load:0x00000000
          28020	     14006	001000bc	00254283	lbu	x5,2(x10)	 x10:0x00101ac4  x5=0x00000067 PA:0x00101ac6 store:0x00137fa0
          28022	     14007	001000c0	04028863	beq	x5,x0,100110	  x5:0x00000067  x0:0x00000000
          28026	     14009	001000c4	0057a023	sw	x5,0(x15)	 x15:0x00020000  x5:0x00000067 PA:0x00020000 store:0x00000067 load:0x00000000
          28030	     14011	001000c8	00354303	lbu	x6,3(x10)	 x10:0x00101ac4  x6=0x00000020 PA:0x00101ac7 store:0x00000000
          28032	     14012	001000cc	04030263	beq	x6,x0,100110	  x6:0x00000020  x0:0x00000000
          28036	     14014	001000d0	0067a023	sw	x6,0(x15)	 x15:0x00020000  x6:0x00000020 PA:0x00020000 store:0x00000020 load:0x00000000
          28040	     14016	001000d4	00454383	lbu	x7,4(x10)	 x10:0x00101ac4  x7=0x00000030 PA:0x00101ac8 store:0x00000000
          28042	     14017	001000d8	02038c63	beq	x7,x0,100110	  x7:0x00000030  x0:0x00000000
          28046	     14019	001000dc	0077a023	sw	x7,0(x15)	 x15:0x00020000  x7:0x00000030 PA:0x00020000 store:0x00000030 load:0x00000000
          28050	     14021	001000e0	00554583	lbu	x11,5(x10)	 x10:0x00101ac4 x11=0x00000078 PA:0x00101ac9 store:0x00000067
          28052	     14022	001000e4	02058663	beq	x11,x0,100110	 x11:0x00000078  x0:0x00000000
          28056	     14024	001000e8	00b7a023	sw	x11,0(x15)	 x15:0x00020000 x11:0x00000078 PA:0x00020000 store:0x00000078 load:0x00000000
          28060	     14026	001000ec	00654603	lbu	x12,6(x10)	 x10:0x00101ac4 x12=0x00000032 PA:0x00101aca store:0x00000020
          28062	     14027	001000f0	02060063	beq	x12,x0,100110	 x12:0x00000032  x0:0x00000000
          28066	     14029	001000f4	00c7a023	sw	x12,0(x15)	 x15:0x00020000 x12:0x00000032 PA:0x00020000 store:0x00000032 load:0x00000000
          28070	     14031	001000f8	00754683	lbu	x13,7(x10)	 x10:0x00101ac4 x13=0x0000003a PA:0x00101acb store:0x00000030
          28072	     14032	001000fc	00850513	addi	x10,x10,8	 x10:0x00101ac4 x10=0x00101acc
          28074	     14033	00100100	00068863	beq	x13,x0,100110	 x13:0x0000003a  x0:0x00000000
          28078	     14035	00100104	00d7a023	sw	x13,0(x15)	 x15:0x00020000 x13:0x0000003a PA:0x00020000 store:0x0000003a load:0x00000000
          28082	     14037	00100108	00054803	lbu	x16,0(x10)	 x10:0x00101acc x16=0x00000020 PA:0x00101acc store:0x00000000
          28086	     14039	0010010c	fa0810e3	bne	x16,x0,1000ac	 x16:0x00000020  x0:0x00000000
          28092	     14042	001000ac	0107a023	sw	x16,0(x15)	 x15:0x00020000 x16:0x00000020 PA:0x00020000 store:0x00000020 load:0x00000000
          28096	     14044	001000b0	00154703	lbu	x14,1(x10)	 x10:0x00101acc x14=0x00000000 PA:0x00101acd store:0x00101528
          28100	     14046	001000b4	04070e63	beq	x14,x0,100110	 x14:0x00000000  x0:0x00000000
          28104	     14048	00100110	00000513	addi	x10,x0,0	  x0:0x00000000 x10=0x00000000
          28108	     14050	00100114	00008067	jalr	x0,0(x1)	  x1:0x00101528  x0=0x00000000
          28112	     14052	00101528	cf4da503	lw	x10,-780(x27)	 x27:0x00102000 x10=0x00000002 PA:0x00101cf4 store:0x00102000
          28116	     14054	0010152c	bf5fe0ef	jal	x1,100120	  x1=0x00101530
          28118	     14055	00100120	01c55793	srli	x15,x10,0x1c	 x10:0x00000002 x15=0x00000000
          28120	     14056	00100124	00900713	addi	x14,x0,9	  x0:0x00000000 x14=0x00000009
          28124	     14058	00100128	0cf77a63	bgeu	x14,x15,1001fc	 x14:0x00000009 x15:0x00000000
          28128	     14060	001001fc	03078393	addi	x7,x15,48	 x15:0x00000000  x7=0x00000030
          28130	     14061	00100200	000205b7	lui	x11,0x20	 x11=0x00020000
          28132	     14062	00100204	00451613	slli	x12,x10,0x4	 x10:0x00000002 x12=0x00000020
          28136	     14064	00100208	0075a023	sw	x7,0(x11)	 x11:0x00020000  x7:0x00000030 PA:0x00020000 store:0x00000030 load:0x00000000
          28138	     14065	0010020c	01c65693	srli	x13,x12,0x1c	 x12:0x00000020 x13=0x00000000
          28140	     14066	00100210	00900813	addi	x16,x0,9	  x0:0x00000000 x16=0x00000009
          28142	     14067	00100214	f2d86ae3	bltu	x16,x13,100148	 x16:0x00000009 x13:0x00000000
          28144	     14068	00100218	03068e93	addi	x29,x13,48	 x13:0x00000000 x29=0x00000030
          28146	     14069	0010021c	00020f37	lui	x30,0x20	 x30=0x00020000
          28148	     14070	00100220	00851f93	slli	x31,x10,0x8	 x10:0x00000002 x31=0x00000200
          28152	     14072	00100224	01df2023	sw	x29,0(x30)	 x30:0x00020000 x29:0x00000030 PA:0x00020000 store:0x00000030 load:0x00000000
          28154	     14073	00100228	01cfd793	srli	x15,x31,0x1c	 x31:0x00000200 x15=0x00000000
          28156	     14074	0010022c	00900713	addi	x14,x0,9	  x0:0x00000000 x14=0x00000009
          28158	     14075	00100230	f2f76ae3	bltu	x14,x15,100164	 x14:0x00000009 x15:0x00000000
          28160	     14076	00100234	03078393	addi	x7,x15,48	 x15:0x00000000  x7=0x00000030
          28162	     14077	00100238	000205b7	lui	x11,0x20	 x11=0x00020000
          28164	     14078	0010023c	00c51613	slli	x12,x10,0xc	 x10:0x00000002 x12=0x00002000
          28168	     14080	00100240	0075a023	sw	x7,0(x11)	 x11:0x00020000  x7:0x00000030 PA:0x00020000 store:0x00000030 load:0x00000000
          28170	     14081	00100244	01c65693	srli	x13,x12,0x1c	 x12:0x00002000 x13=0x00000000
          28172	     14082	00100248	00900813	addi	x16,x0,9	  x0:0x00000000 x16=0x00000009
          28174	     14083	0010024c	f2d86ae3	bltu	x16,x13,100180	 x16:0x00000009 x13:0x00000000
          28176	     14084	00100250	03068e93	addi	x29,x13,48	 x13:0x00000000 x29=0x00000030
          28178	     14085	00100254	00020f37	lui	x30,0x20	 x30=0x00020000
          28180	     14086	00100258	01051f93	slli	x31,x10,0x10	 x10:0x00000002 x31=0x00020000
          28184	     14088	0010025c	01df2023	sw	x29,0(x30)	 x30:0x00020000 x29:0x00000030 PA:0x00020000 store:0x00000030 load:0x00000000
          28186	     14089	00100260	01cfd793	srli	x15,x31,0x1c	 x31:0x00020000 x15=0x00000000
          28188	     14090	00100264	00900713	addi	x14,x0,9	  x0:0x00000000 x14=0x00000009
          28190	     14091	00100268	f2f76ae3	bltu	x14,x15,10019c	 x14:0x00000009 x15:0x00000000
          28192	     14092	0010026c	03078393	addi	x7,x15,48	 x15:0x00000000  x7=0x00000030
          28194	     14093	00100270	000205b7	lui	x11,0x20	 x11=0x00020000
          28196	     14094	00100274	01451613	slli	x12,x10,0x14	 x10:0x00000002 x12=0x00200000
          28200	     14096	00100278	0075a023	sw	x7,0(x11)	 x11:0x00020000  x7:0x00000030 PA:0x00020000 store:0x00000030 load:0x00000000
          28202	     14097	0010027c	01c65693	srli	x13,x12,0x1c	 x12:0x00200000 x13=0x00000000
          28204	     14098	00100280	00900813	addi	x16,x0,9	  x0:0x00000000 x16=0x00000009
          28206	     14099	00100284	f2d86ae3	bltu	x16,x13,1001b8	 x16:0x00000009 x13:0x00000000
          28208	     14100	00100288	03068e93	addi	x29,x13,48	 x13:0x00000000 x29=0x00000030
          28210	     14101	0010028c	00020f37	lui	x30,0x20	 x30=0x00020000
          28212	     14102	00100290	01851f93	slli	x31,x10,0x18	 x10:0x00000002 x31=0x02000000
          28216	     14104	00100294	01df2023	sw	x29,0(x30)	 x30:0x00020000 x29:0x00000030 PA:0x00020000 store:0x00000030 load:0x00000000
          28218	     14105	00100298	01cfd793	srli	x15,x31,0x1c	 x31:0x02000000 x15=0x00000000
          28220	     14106	0010029c	00900713	addi	x14,x0,9	  x0:0x00000000 x14=0x00000009
          28222	     14107	001002a0	f2f76ae3	bltu	x14,x15,1001d4	 x14:0x00000009 x15:0x00000000
          28224	     14108	001002a4	03078393	addi	x7,x15,48	 x15:0x00000000  x7=0x00000030
          28226	     14109	001002a8	000205b7	lui	x11,0x20	 x11=0x00020000
          28230	     14111	001002ac	0075a023	sw	x7,0(x11)	 x11:0x00020000  x7:0x00000030 PA:0x00020000 store:0x00000030 load:0x00000000
          28232	     14112	001002b0	00f57513	andi	x10,x10,15	 x10:0x00000002 x10=0x00000002
          28234	     14113	001002b4	00900613	addi	x12,x0,9	  x0:0x00000000 x12=0x00000009
          28238	     14115	001002b8	f2a67ae3	bgeu	x12,x10,1001ec	 x12:0x00000009 x10:0x00000002
          28242	     14117	001001ec	03050893	addi	x17,x10,48	 x10:0x00000002 x17=0x00000032
          28244	     14118	001001f0	00020e37	lui	x28,0x20	 x28=0x00020000
          28248	     14120	001001f4	011e2023	sw	x17,0(x28)	 x28:0x00020000 x17:0x00000032 PA:0x00020000 store:0x00000032 load:0x00000000
          28252	     14122	001001f8	00008067	jalr	x0,0(x1)	  x1:0x00101530  x0=0x00000000
          28260	     14126	00101530	001022b7	lui	x5,0x102	  x5=0x00102000
          28262	     14127	00101534	94c2a807	flw	f16,-1716(x5)	  f5:0x00102000 f16=0x00000000 PA:0x0010194c store:0xc06d7f2b
          28266	     14129	00101538	00102537	lui	x10,0x102	 x10=0x00102000
          28268	     14130	0010153c	ad050513	addi	x10,x10,-1328	 x10:0x00102000 x10=0x00101ad0
          28270	     14131	00101540	d104ae27	fsw	f16,-740(x9)	  f9:0x00102000 f16:0x00000009 PA:0x00101d1c store:0x80000047 load:0x80000047
          28272	     14132	00101544	d1c4a887	flw	f17,-740(x9)	  f9:0x00102000 f17=0x00000000 PA:0x00101d1c store:0x80000000
          28274	     14133	00101548	e00894d3	fclass.s	x9,f17	 f17:0x00000032  x9=0x00000004
          28276	     14134	0010154c	ce9d2823	sw	x9,-784(x26)	 x26:0x00102000  x9:0x00000004 PA:0x00101cf0 store:0x00000004 load:0x80000047
          28278	     14135	00101550	b51fe0ef	jal	x1,1000a0	  x1=0x00101554
          28280	     14136	001000a0	00054803	lbu	x16,0(x10)	 x10:0x00101ad0 x16=0x0000000a PA:0x00101ad0 store:0x00000000
          28282	     14137	001000a4	06080663	beq	x16,x0,100110	 x16:0x0000000a  x0:0x00000000
          28284	     14138	001000a8	000207b7	lui	x15,0x20	 x15=0x00020000
          28288	     14140	001000ac	0107a023	sw	x16,0(x15)	 x15:0x00020000 x16:0x0000000a PA:0x00020000 store:0x0000000a load:0x00000000
          28292	     14142	001000b0	00154703	lbu	x14,1(x10)	 x10:0x00101ad0 x14=0x00000020 PA:0x00101ad1 store:0x00101554
          28294	     14143	001000b4	04070e63	beq	x14,x0,100110	 x14:0x00000020  x0:0x00000000
          28298	     14145	001000b8	00e7a023	sw	x14,0(x15)	 x15:0x00020000 x14:0x00000020 PA:0x00020000 store:0x00000020 load:0x00000000
          28302	     14147	001000bc	00254283	lbu	x5,2(x10)	 x10:0x00101ad0  x5=0x00000045 PA:0x00101ad2 store:0x00137fa0
          28304	     14148	001000c0	04028863	beq	x5,x0,100110	  x5:0x00000045  x0:0x00000000
          28308	     14150	001000c4	0057a023	sw	x5,0(x15)	 x15:0x00020000  x5:0x00000045 PA:0x00020000 store:0x00000045 load:0x00000000
          28312	     14152	001000c8	00354303	lbu	x6,3(x10)	 x10:0x00101ad0  x6=0x00000078 PA:0x00101ad3 store:0x00000000
          28314	     14153	001000cc	04030263	beq	x6,x0,100110	  x6:0x00000078  x0:0x00000000
          28318	     14155	001000d0	0067a023	sw	x6,0(x15)	 x15:0x00020000  x6:0x00000078 PA:0x00020000 store:0x00000078 load:0x00000000
          28322	     14157	001000d4	00454383	lbu	x7,4(x10)	 x10:0x00101ad0  x7=0x00000070 PA:0x00101ad4 store:0x00000000
          28324	     14158	001000d8	02038c63	beq	x7,x0,100110	  x7:0x00000070  x0:0x00000000
          28328	     14160	001000dc	0077a023	sw	x7,0(x15)	 x15:0x00020000  x7:0x00000070 PA:0x00020000 store:0x00000070 load:0x00000000
          28332	     14162	001000e0	00554583	lbu	x11,5(x10)	 x10:0x00101ad0 x11=0x00000065 PA:0x00101ad5 store:0x00000045
          28334	     14163	001000e4	02058663	beq	x11,x0,100110	 x11:0x00000065  x0:0x00000000
          28338	     14165	001000e8	00b7a023	sw	x11,0(x15)	 x15:0x00020000 x11:0x00000065 PA:0x00020000 store:0x00000065 load:0x00000000
          28342	     14167	001000ec	00654603	lbu	x12,6(x10)	 x10:0x00101ad0 x12=0x00000063 PA:0x00101ad6 store:0x00000078
          28344	     14168	001000f0	02060063	beq	x12,x0,100110	 x12:0x00000063  x0:0x00000000
          28348	     14170	001000f4	00c7a023	sw	x12,0(x15)	 x15:0x00020000 x12:0x00000063 PA:0x00020000 store:0x00000063 load:0x00000000
          28352	     14172	001000f8	00754683	lbu	x13,7(x10)	 x10:0x00101ad0 x13=0x00000074 PA:0x00101ad7 store:0x00000070
          28354	     14173	001000fc	00850513	addi	x10,x10,8	 x10:0x00101ad0 x10=0x00101ad8
          28356	     14174	00100100	00068863	beq	x13,x0,100110	 x13:0x00000074  x0:0x00000000
          28360	     14176	00100104	00d7a023	sw	x13,0(x15)	 x15:0x00020000 x13:0x00000074 PA:0x00020000 store:0x00000074 load:0x00000000
          28364	     14178	00100108	00054803	lbu	x16,0(x10)	 x10:0x00101ad8 x16=0x00000069 PA:0x00101ad8 store:0x00000000
          28368	     14180	0010010c	fa0810e3	bne	x16,x0,1000ac	 x16:0x00000069  x0:0x00000000
          28374	     14183	001000ac	0107a023	sw	x16,0(x15)	 x15:0x00020000 x16:0x00000069 PA:0x00020000 store:0x00000069 load:0x00000000
          28378	     14185	001000b0	00154703	lbu	x14,1(x10)	 x10:0x00101ad8 x14=0x0000006e PA:0x00101ad9 store:0x00101554
          28380	     14186	001000b4	04070e63	beq	x14,x0,100110	 x14:0x0000006e  x0:0x00000000
          28384	     14188	001000b8	00e7a023	sw	x14,0(x15)	 x15:0x00020000 x14:0x0000006e PA:0x00020000 store:0x0000006e load:0x00000000
          28388	     14190	001000bc	00254283	lbu	x5,2(x10)	 x10:0x00101ad8  x5=0x00000067 PA:0x00101ada store:0x00137fa0
          28390	     14191	001000c0	04028863	beq	x5,x0,100110	  x5:0x00000067  x0:0x00000000
          28394	     14193	001000c4	0057a023	sw	x5,0(x15)	 x15:0x00020000  x5:0x00000067 PA:0x00020000 store:0x00000067 load:0x00000000
          28398	     14195	001000c8	00354303	lbu	x6,3(x10)	 x10:0x00101ad8  x6=0x00000020 PA:0x00101adb store:0x00000000
          28400	     14196	001000cc	04030263	beq	x6,x0,100110	  x6:0x00000020  x0:0x00000000
          28404	     14198	001000d0	0067a023	sw	x6,0(x15)	 x15:0x00020000  x6:0x00000020 PA:0x00020000 store:0x00000020 load:0x00000000
          28408	     14200	001000d4	00454383	lbu	x7,4(x10)	 x10:0x00101ad8  x7=0x00000030 PA:0x00101adc store:0x00000000
          28410	     14201	001000d8	02038c63	beq	x7,x0,100110	  x7:0x00000030  x0:0x00000000
          28414	     14203	001000dc	0077a023	sw	x7,0(x15)	 x15:0x00020000  x7:0x00000030 PA:0x00020000 store:0x00000030 load:0x00000000
          28418	     14205	001000e0	00554583	lbu	x11,5(x10)	 x10:0x00101ad8 x11=0x00000078 PA:0x00101add store:0x00000067
          28420	     14206	001000e4	02058663	beq	x11,x0,100110	 x11:0x00000078  x0:0x00000000
          28424	     14208	001000e8	00b7a023	sw	x11,0(x15)	 x15:0x00020000 x11:0x00000078 PA:0x00020000 store:0x00000078 load:0x00000000
          28428	     14210	001000ec	00654603	lbu	x12,6(x10)	 x10:0x00101ad8 x12=0x00000034 PA:0x00101ade store:0x00000020
          28430	     14211	001000f0	02060063	beq	x12,x0,100110	 x12:0x00000034  x0:0x00000000
          28434	     14213	001000f4	00c7a023	sw	x12,0(x15)	 x15:0x00020000 x12:0x00000034 PA:0x00020000 store:0x00000034 load:0x00000000
          28438	     14215	001000f8	00754683	lbu	x13,7(x10)	 x10:0x00101ad8 x13=0x0000003a PA:0x00101adf store:0x00000030
          28440	     14216	001000fc	00850513	addi	x10,x10,8	 x10:0x00101ad8 x10=0x00101ae0
          28442	     14217	00100100	00068863	beq	x13,x0,100110	 x13:0x0000003a  x0:0x00000000
          28446	     14219	00100104	00d7a023	sw	x13,0(x15)	 x15:0x00020000 x13:0x0000003a PA:0x00020000 store:0x0000003a load:0x00000000
          28450	     14221	00100108	00054803	lbu	x16,0(x10)	 x10:0x00101ae0 x16=0x00000020 PA:0x00101ae0 store:0x00000000
          28454	     14223	0010010c	fa0810e3	bne	x16,x0,1000ac	 x16:0x00000020  x0:0x00000000
          28460	     14226	001000ac	0107a023	sw	x16,0(x15)	 x15:0x00020000 x16:0x00000020 PA:0x00020000 store:0x00000020 load:0x00000000
          28464	     14228	001000b0	00154703	lbu	x14,1(x10)	 x10:0x00101ae0 x14=0x00000000 PA:0x00101ae1 store:0x00101554
          28468	     14230	001000b4	04070e63	beq	x14,x0,100110	 x14:0x00000000  x0:0x00000000
          28472	     14232	00100110	00000513	addi	x10,x0,0	  x0:0x00000000 x10=0x00000000
          28476	     14234	00100114	00008067	jalr	x0,0(x1)	  x1:0x00101554  x0=0x00000000
          28480	     14236	00101554	cf0d2503	lw	x10,-784(x26)	 x26:0x00102000 x10=0x00000004 PA:0x00101cf0 store:0x00000020
          28484	     14238	00101558	bc9fe0ef	jal	x1,100120	  x1=0x0010155c
          28486	     14239	00100120	01c55793	srli	x15,x10,0x1c	 x10:0x00000004 x15=0x00000000
          28488	     14240	00100124	00900713	addi	x14,x0,9	  x0:0x00000000 x14=0x00000009
          28492	     14242	00100128	0cf77a63	bgeu	x14,x15,1001fc	 x14:0x00000009 x15:0x00000000
          28496	     14244	001001fc	03078393	addi	x7,x15,48	 x15:0x00000000  x7=0x00000030
          28498	     14245	00100200	000205b7	lui	x11,0x20	 x11=0x00020000
          28500	     14246	00100204	00451613	slli	x12,x10,0x4	 x10:0x00000004 x12=0x00000040
          28504	     14248	00100208	0075a023	sw	x7,0(x11)	 x11:0x00020000  x7:0x00000030 PA:0x00020000 store:0x00000030 load:0x00000000
          28506	     14249	0010020c	01c65693	srli	x13,x12,0x1c	 x12:0x00000040 x13=0x00000000
          28508	     14250	00100210	00900813	addi	x16,x0,9	  x0:0x00000000 x16=0x00000009
          28510	     14251	00100214	f2d86ae3	bltu	x16,x13,100148	 x16:0x00000009 x13:0x00000000
          28512	     14252	00100218	03068e93	addi	x29,x13,48	 x13:0x00000000 x29=0x00000030
          28514	     14253	0010021c	00020f37	lui	x30,0x20	 x30=0x00020000
          28516	     14254	00100220	00851f93	slli	x31,x10,0x8	 x10:0x00000004 x31=0x00000400
          28520	     14256	00100224	01df2023	sw	x29,0(x30)	 x30:0x00020000 x29:0x00000030 PA:0x00020000 store:0x00000030 load:0x00000000
          28522	     14257	00100228	01cfd793	srli	x15,x31,0x1c	 x31:0x00000400 x15=0x00000000
          28524	     14258	0010022c	00900713	addi	x14,x0,9	  x0:0x00000000 x14=0x00000009
          28526	     14259	00100230	f2f76ae3	bltu	x14,x15,100164	 x14:0x00000009 x15:0x00000000
          28528	     14260	00100234	03078393	addi	x7,x15,48	 x15:0x00000000  x7=0x00000030
          28530	     14261	00100238	000205b7	lui	x11,0x20	 x11=0x00020000
          28532	     14262	0010023c	00c51613	slli	x12,x10,0xc	 x10:0x00000004 x12=0x00004000
          28536	     14264	00100240	0075a023	sw	x7,0(x11)	 x11:0x00020000  x7:0x00000030 PA:0x00020000 store:0x00000030 load:0x00000000
          28538	     14265	00100244	01c65693	srli	x13,x12,0x1c	 x12:0x00004000 x13=0x00000000
          28540	     14266	00100248	00900813	addi	x16,x0,9	  x0:0x00000000 x16=0x00000009
          28542	     14267	0010024c	f2d86ae3	bltu	x16,x13,100180	 x16:0x00000009 x13:0x00000000
          28544	     14268	00100250	03068e93	addi	x29,x13,48	 x13:0x00000000 x29=0x00000030
          28546	     14269	00100254	00020f37	lui	x30,0x20	 x30=0x00020000
          28548	     14270	00100258	01051f93	slli	x31,x10,0x10	 x10:0x00000004 x31=0x00040000
          28552	     14272	0010025c	01df2023	sw	x29,0(x30)	 x30:0x00020000 x29:0x00000030 PA:0x00020000 store:0x00000030 load:0x00000000
          28554	     14273	00100260	01cfd793	srli	x15,x31,0x1c	 x31:0x00040000 x15=0x00000000
          28556	     14274	00100264	00900713	addi	x14,x0,9	  x0:0x00000000 x14=0x00000009
          28558	     14275	00100268	f2f76ae3	bltu	x14,x15,10019c	 x14:0x00000009 x15:0x00000000
          28560	     14276	0010026c	03078393	addi	x7,x15,48	 x15:0x00000000  x7=0x00000030
          28562	     14277	00100270	000205b7	lui	x11,0x20	 x11=0x00020000
          28564	     14278	00100274	01451613	slli	x12,x10,0x14	 x10:0x00000004 x12=0x00400000
          28568	     14280	00100278	0075a023	sw	x7,0(x11)	 x11:0x00020000  x7:0x00000030 PA:0x00020000 store:0x00000030 load:0x00000000
          28570	     14281	0010027c	01c65693	srli	x13,x12,0x1c	 x12:0x00400000 x13=0x00000000
          28572	     14282	00100280	00900813	addi	x16,x0,9	  x0:0x00000000 x16=0x00000009
          28574	     14283	00100284	f2d86ae3	bltu	x16,x13,1001b8	 x16:0x00000009 x13:0x00000000
          28576	     14284	00100288	03068e93	addi	x29,x13,48	 x13:0x00000000 x29=0x00000030
          28578	     14285	0010028c	00020f37	lui	x30,0x20	 x30=0x00020000
          28580	     14286	00100290	01851f93	slli	x31,x10,0x18	 x10:0x00000004 x31=0x04000000
          28584	     14288	00100294	01df2023	sw	x29,0(x30)	 x30:0x00020000 x29:0x00000030 PA:0x00020000 store:0x00000030 load:0x00000000
          28586	     14289	00100298	01cfd793	srli	x15,x31,0x1c	 x31:0x04000000 x15=0x00000000
          28588	     14290	0010029c	00900713	addi	x14,x0,9	  x0:0x00000000 x14=0x00000009
          28590	     14291	001002a0	f2f76ae3	bltu	x14,x15,1001d4	 x14:0x00000009 x15:0x00000000
          28592	     14292	001002a4	03078393	addi	x7,x15,48	 x15:0x00000000  x7=0x00000030
          28594	     14293	001002a8	000205b7	lui	x11,0x20	 x11=0x00020000
          28598	     14295	001002ac	0075a023	sw	x7,0(x11)	 x11:0x00020000  x7:0x00000030 PA:0x00020000 store:0x00000030 load:0x00000000
          28600	     14296	001002b0	00f57513	andi	x10,x10,15	 x10:0x00000004 x10=0x00000004
          28602	     14297	001002b4	00900613	addi	x12,x0,9	  x0:0x00000000 x12=0x00000009
          28606	     14299	001002b8	f2a67ae3	bgeu	x12,x10,1001ec	 x12:0x00000009 x10:0x00000004
          28610	     14301	001001ec	03050893	addi	x17,x10,48	 x10:0x00000004 x17=0x00000034
          28612	     14302	001001f0	00020e37	lui	x28,0x20	 x28=0x00020000
          28616	     14304	001001f4	011e2023	sw	x17,0(x28)	 x28:0x00020000 x17:0x00000034 PA:0x00020000 store:0x00000034 load:0x00000000
          28626	     14309	001001f8	00008067	jalr	x0,0(x1)	  x1:0x0010155c  x0=0x00000000
          28628	     14310	0010155c	940c2487	flw	f9,-1728(x24)	 f24:0x00102000  f9=0x00000000 PA:0x00101940 store:0x00000000
          28632	     14312	00101560	00102337	lui	x6,0x102	  x6=0x00102000
          28634	     14313	00101564	ae430513	addi	x10,x6,-1308	  x6:0x00102000 x10=0x00101ae4
          28636	     14314	00101568	d0942c27	fsw	f9,-744(x8)	  f8:0x00102000  f9:0x00000004 PA:0x00101d18 store:0x80000000 load:0x80000000
          28638	     14315	0010156c	d1842907	flw	f18,-744(x8)	  f8:0x00102000 f18=0x00000000 PA:0x00101d18 store:0x00000000
          28640	     14316	00101570	e0091453	fclass.s	x8,f18	 f18:0x00102000  x8=0x00000008
          28642	     14317	00101574	ce8a2c23	sw	x8,-776(x20)	 x20:0x00102000  x8:0x00000008 PA:0x00101cf8 store:0x00000008 load:0x80000000
          28644	     14318	00101578	b29fe0ef	jal	x1,1000a0	  x1=0x0010157c
          28646	     14319	001000a0	00054803	lbu	x16,0(x10)	 x10:0x00101ae4 x16=0x0000000a PA:0x00101ae4 store:0x00000000
          28648	     14320	001000a4	06080663	beq	x16,x0,100110	 x16:0x0000000a  x0:0x00000000
          28650	     14321	001000a8	000207b7	lui	x15,0x20	 x15=0x00020000
          28654	     14323	001000ac	0107a023	sw	x16,0(x15)	 x15:0x00020000 x16:0x0000000a PA:0x00020000 store:0x0000000a load:0x00000000
          28658	     14325	001000b0	00154703	lbu	x14,1(x10)	 x10:0x00101ae4 x14=0x00000020 PA:0x00101ae5 store:0x0010157c
          28660	     14326	001000b4	04070e63	beq	x14,x0,100110	 x14:0x00000020  x0:0x00000000
          28664	     14328	001000b8	00e7a023	sw	x14,0(x15)	 x15:0x00020000 x14:0x00000020 PA:0x00020000 store:0x00000020 load:0x00000000
          28668	     14330	001000bc	00254283	lbu	x5,2(x10)	 x10:0x00101ae4  x5=0x00000045 PA:0x00101ae6 store:0x00137fa0
          28670	     14331	001000c0	04028863	beq	x5,x0,100110	  x5:0x00000045  x0:0x00000000
          28674	     14333	001000c4	0057a023	sw	x5,0(x15)	 x15:0x00020000  x5:0x00000045 PA:0x00020000 store:0x00000045 load:0x00000000
          28678	     14335	001000c8	00354303	lbu	x6,3(x10)	 x10:0x00101ae4  x6=0x00000078 PA:0x00101ae7 store:0x00000000
          28680	     14336	001000cc	04030263	beq	x6,x0,100110	  x6:0x00000078  x0:0x00000000
          28684	     14338	001000d0	0067a023	sw	x6,0(x15)	 x15:0x00020000  x6:0x00000078 PA:0x00020000 store:0x00000078 load:0x00000000
          28688	     14340	001000d4	00454383	lbu	x7,4(x10)	 x10:0x00101ae4  x7=0x00000070 PA:0x00101ae8 store:0x00000000
          28690	     14341	001000d8	02038c63	beq	x7,x0,100110	  x7:0x00000070  x0:0x00000000
          28694	     14343	001000dc	0077a023	sw	x7,0(x15)	 x15:0x00020000  x7:0x00000070 PA:0x00020000 store:0x00000070 load:0x00000000
          28698	     14345	001000e0	00554583	lbu	x11,5(x10)	 x10:0x00101ae4 x11=0x00000065 PA:0x00101ae9 store:0x00000045
          28700	     14346	001000e4	02058663	beq	x11,x0,100110	 x11:0x00000065  x0:0x00000000
          28704	     14348	001000e8	00b7a023	sw	x11,0(x15)	 x15:0x00020000 x11:0x00000065 PA:0x00020000 store:0x00000065 load:0x00000000
          28708	     14350	001000ec	00654603	lbu	x12,6(x10)	 x10:0x00101ae4 x12=0x00000063 PA:0x00101aea store:0x00000078
          28710	     14351	001000f0	02060063	beq	x12,x0,100110	 x12:0x00000063  x0:0x00000000
          28714	     14353	001000f4	00c7a023	sw	x12,0(x15)	 x15:0x00020000 x12:0x00000063 PA:0x00020000 store:0x00000063 load:0x00000000
          28718	     14355	001000f8	00754683	lbu	x13,7(x10)	 x10:0x00101ae4 x13=0x00000074 PA:0x00101aeb store:0x00000070
          28720	     14356	001000fc	00850513	addi	x10,x10,8	 x10:0x00101ae4 x10=0x00101aec
          28722	     14357	00100100	00068863	beq	x13,x0,100110	 x13:0x00000074  x0:0x00000000
          28726	     14359	00100104	00d7a023	sw	x13,0(x15)	 x15:0x00020000 x13:0x00000074 PA:0x00020000 store:0x00000074 load:0x00000000
          28730	     14361	00100108	00054803	lbu	x16,0(x10)	 x10:0x00101aec x16=0x00000069 PA:0x00101aec store:0x00000000
          28734	     14363	0010010c	fa0810e3	bne	x16,x0,1000ac	 x16:0x00000069  x0:0x00000000
          28740	     14366	001000ac	0107a023	sw	x16,0(x15)	 x15:0x00020000 x16:0x00000069 PA:0x00020000 store:0x00000069 load:0x00000000
          28744	     14368	001000b0	00154703	lbu	x14,1(x10)	 x10:0x00101aec x14=0x0000006e PA:0x00101aed store:0x0010157c
          28746	     14369	001000b4	04070e63	beq	x14,x0,100110	 x14:0x0000006e  x0:0x00000000
          28750	     14371	001000b8	00e7a023	sw	x14,0(x15)	 x15:0x00020000 x14:0x0000006e PA:0x00020000 store:0x0000006e load:0x00000000
          28754	     14373	001000bc	00254283	lbu	x5,2(x10)	 x10:0x00101aec  x5=0x00000067 PA:0x00101aee store:0x00137fa0
          28756	     14374	001000c0	04028863	beq	x5,x0,100110	  x5:0x00000067  x0:0x00000000
          28760	     14376	001000c4	0057a023	sw	x5,0(x15)	 x15:0x00020000  x5:0x00000067 PA:0x00020000 store:0x00000067 load:0x00000000
          28764	     14378	001000c8	00354303	lbu	x6,3(x10)	 x10:0x00101aec  x6=0x00000020 PA:0x00101aef store:0x00000000
          28766	     14379	001000cc	04030263	beq	x6,x0,100110	  x6:0x00000020  x0:0x00000000
          28770	     14381	001000d0	0067a023	sw	x6,0(x15)	 x15:0x00020000  x6:0x00000020 PA:0x00020000 store:0x00000020 load:0x00000000
          28774	     14383	001000d4	00454383	lbu	x7,4(x10)	 x10:0x00101aec  x7=0x00000030 PA:0x00101af0 store:0x00000000
          28776	     14384	001000d8	02038c63	beq	x7,x0,100110	  x7:0x00000030  x0:0x00000000
          28780	     14386	001000dc	0077a023	sw	x7,0(x15)	 x15:0x00020000  x7:0x00000030 PA:0x00020000 store:0x00000030 load:0x00000000
          28784	     14388	001000e0	00554583	lbu	x11,5(x10)	 x10:0x00101aec x11=0x00000078 PA:0x00101af1 store:0x00000067
          28786	     14389	001000e4	02058663	beq	x11,x0,100110	 x11:0x00000078  x0:0x00000000
          28790	     14391	001000e8	00b7a023	sw	x11,0(x15)	 x15:0x00020000 x11:0x00000078 PA:0x00020000 store:0x00000078 load:0x00000000
          28794	     14393	001000ec	00654603	lbu	x12,6(x10)	 x10:0x00101aec x12=0x00000038 PA:0x00101af2 store:0x00000020
          28796	     14394	001000f0	02060063	beq	x12,x0,100110	 x12:0x00000038  x0:0x00000000
          28800	     14396	001000f4	00c7a023	sw	x12,0(x15)	 x15:0x00020000 x12:0x00000038 PA:0x00020000 store:0x00000038 load:0x00000000
          28804	     14398	001000f8	00754683	lbu	x13,7(x10)	 x10:0x00101aec x13=0x0000003a PA:0x00101af3 store:0x00000030
          28806	     14399	001000fc	00850513	addi	x10,x10,8	 x10:0x00101aec x10=0x00101af4
          28808	     14400	00100100	00068863	beq	x13,x0,100110	 x13:0x0000003a  x0:0x00000000
          28812	     14402	00100104	00d7a023	sw	x13,0(x15)	 x15:0x00020000 x13:0x0000003a PA:0x00020000 store:0x0000003a load:0x00000000
          28816	     14404	00100108	00054803	lbu	x16,0(x10)	 x10:0x00101af4 x16=0x00000020 PA:0x00101af4 store:0x00000000
          28820	     14406	0010010c	fa0810e3	bne	x16,x0,1000ac	 x16:0x00000020  x0:0x00000000
          28826	     14409	001000ac	0107a023	sw	x16,0(x15)	 x15:0x00020000 x16:0x00000020 PA:0x00020000 store:0x00000020 load:0x00000000
          28830	     14411	001000b0	00154703	lbu	x14,1(x10)	 x10:0x00101af4 x14=0x00000000 PA:0x00101af5 store:0x0010157c
          28834	     14413	001000b4	04070e63	beq	x14,x0,100110	 x14:0x00000000  x0:0x00000000
          28838	     14415	00100110	00000513	addi	x10,x0,0	  x0:0x00000000 x10=0x00000000
          28842	     14417	00100114	00008067	jalr	x0,0(x1)	  x1:0x0010157c  x0=0x00000000
          28852	     14422	0010157c	cf8a2503	lw	x10,-776(x20)	 x20:0x00102000 x10=0x00000008 PA:0x00101cf8 store:0x00102000
          28854	     14423	00101580	f0000953	fmv.w.x	f18,x0	  x0:0x00000000 f18=0x00000000
          28856	     14424	00101584	00102c37	lui	x24,0x102	 x24=0x00102000
          28858	     14425	00101588	b99fe0ef	jal	x1,100120	  x1=0x0010158c
          28860	     14426	00100120	01c55793	srli	x15,x10,0x1c	 x10:0x00000008 x15=0x00000000
          28862	     14427	00100124	00900713	addi	x14,x0,9	  x0:0x00000000 x14=0x00000009
          28864	     14428	00100128	0cf77a63	bgeu	x14,x15,1001fc	 x14:0x00000009 x15:0x00000000
          28866	     14429	001001fc	03078393	addi	x7,x15,48	 x15:0x00000000  x7=0x00000030
          28868	     14430	00100200	000205b7	lui	x11,0x20	 x11=0x00020000
          28870	     14431	00100204	00451613	slli	x12,x10,0x4	 x10:0x00000008 x12=0x00000080
          28874	     14433	00100208	0075a023	sw	x7,0(x11)	 x11:0x00020000  x7:0x00000030 PA:0x00020000 store:0x00000030 load:0x00000000
          28876	     14434	0010020c	01c65693	srli	x13,x12,0x1c	 x12:0x00000080 x13=0x00000000
          28878	     14435	00100210	00900813	addi	x16,x0,9	  x0:0x00000000 x16=0x00000009
          28880	     14436	00100214	f2d86ae3	bltu	x16,x13,100148	 x16:0x00000009 x13:0x00000000
          28882	     14437	00100218	03068e93	addi	x29,x13,48	 x13:0x00000000 x29=0x00000030
          28884	     14438	0010021c	00020f37	lui	x30,0x20	 x30=0x00020000
          28886	     14439	00100220	00851f93	slli	x31,x10,0x8	 x10:0x00000008 x31=0x00000800
          28890	     14441	00100224	01df2023	sw	x29,0(x30)	 x30:0x00020000 x29:0x00000030 PA:0x00020000 store:0x00000030 load:0x00000000
          28892	     14442	00100228	01cfd793	srli	x15,x31,0x1c	 x31:0x00000800 x15=0x00000000
          28894	     14443	0010022c	00900713	addi	x14,x0,9	  x0:0x00000000 x14=0x00000009
          28896	     14444	00100230	f2f76ae3	bltu	x14,x15,100164	 x14:0x00000009 x15:0x00000000
          28898	     14445	00100234	03078393	addi	x7,x15,48	 x15:0x00000000  x7=0x00000030
          28900	     14446	00100238	000205b7	lui	x11,0x20	 x11=0x00020000
          28902	     14447	0010023c	00c51613	slli	x12,x10,0xc	 x10:0x00000008 x12=0x00008000
          28906	     14449	00100240	0075a023	sw	x7,0(x11)	 x11:0x00020000  x7:0x00000030 PA:0x00020000 store:0x00000030 load:0x00000000
          28908	     14450	00100244	01c65693	srli	x13,x12,0x1c	 x12:0x00008000 x13=0x00000000
          28910	     14451	00100248	00900813	addi	x16,x0,9	  x0:0x00000000 x16=0x00000009
          28912	     14452	0010024c	f2d86ae3	bltu	x16,x13,100180	 x16:0x00000009 x13:0x00000000
          28914	     14453	00100250	03068e93	addi	x29,x13,48	 x13:0x00000000 x29=0x00000030
          28916	     14454	00100254	00020f37	lui	x30,0x20	 x30=0x00020000
          28918	     14455	00100258	01051f93	slli	x31,x10,0x10	 x10:0x00000008 x31=0x00080000
          28922	     14457	0010025c	01df2023	sw	x29,0(x30)	 x30:0x00020000 x29:0x00000030 PA:0x00020000 store:0x00000030 load:0x00000000
          28924	     14458	00100260	01cfd793	srli	x15,x31,0x1c	 x31:0x00080000 x15=0x00000000
          28926	     14459	00100264	00900713	addi	x14,x0,9	  x0:0x00000000 x14=0x00000009
          28928	     14460	00100268	f2f76ae3	bltu	x14,x15,10019c	 x14:0x00000009 x15:0x00000000
          28930	     14461	0010026c	03078393	addi	x7,x15,48	 x15:0x00000000  x7=0x00000030
          28932	     14462	00100270	000205b7	lui	x11,0x20	 x11=0x00020000
          28934	     14463	00100274	01451613	slli	x12,x10,0x14	 x10:0x00000008 x12=0x00800000
          28938	     14465	00100278	0075a023	sw	x7,0(x11)	 x11:0x00020000  x7:0x00000030 PA:0x00020000 store:0x00000030 load:0x00000000
          28940	     14466	0010027c	01c65693	srli	x13,x12,0x1c	 x12:0x00800000 x13=0x00000000
          28942	     14467	00100280	00900813	addi	x16,x0,9	  x0:0x00000000 x16=0x00000009
          28944	     14468	00100284	f2d86ae3	bltu	x16,x13,1001b8	 x16:0x00000009 x13:0x00000000
          28946	     14469	00100288	03068e93	addi	x29,x13,48	 x13:0x00000000 x29=0x00000030
          28948	     14470	0010028c	00020f37	lui	x30,0x20	 x30=0x00020000
          28950	     14471	00100290	01851f93	slli	x31,x10,0x18	 x10:0x00000008 x31=0x08000000
          28954	     14473	00100294	01df2023	sw	x29,0(x30)	 x30:0x00020000 x29:0x00000030 PA:0x00020000 store:0x00000030 load:0x00000000
          28956	     14474	00100298	01cfd793	srli	x15,x31,0x1c	 x31:0x08000000 x15=0x00000000
          28958	     14475	0010029c	00900713	addi	x14,x0,9	  x0:0x00000000 x14=0x00000009
          28960	     14476	001002a0	f2f76ae3	bltu	x14,x15,1001d4	 x14:0x00000009 x15:0x00000000
          28962	     14477	001002a4	03078393	addi	x7,x15,48	 x15:0x00000000  x7=0x00000030
          28964	     14478	001002a8	000205b7	lui	x11,0x20	 x11=0x00020000
          28968	     14480	001002ac	0075a023	sw	x7,0(x11)	 x11:0x00020000  x7:0x00000030 PA:0x00020000 store:0x00000030 load:0x00000000
          28970	     14481	001002b0	00f57513	andi	x10,x10,15	 x10:0x00000008 x10=0x00000008
          28972	     14482	001002b4	00900613	addi	x12,x0,9	  x0:0x00000000 x12=0x00000009
          28976	     14484	001002b8	f2a67ae3	bgeu	x12,x10,1001ec	 x12:0x00000009 x10:0x00000008
          28980	     14486	001001ec	03050893	addi	x17,x10,48	 x10:0x00000008 x17=0x00000038
          28982	     14487	001001f0	00020e37	lui	x28,0x20	 x28=0x00020000
          28986	     14489	001001f4	011e2023	sw	x17,0(x28)	 x28:0x00020000 x17:0x00000038 PA:0x00020000 store:0x00000038 load:0x00000000
          28990	     14491	001001f8	00008067	jalr	x0,0(x1)	  x1:0x0010158c  x0=0x00000000
          28998	     14495	0010158c	af8c0513	addi	x10,x24,-1288	 x24:0x00102000 x10=0x00101af8
          29000	     14496	00101590	d1292a27	fsw	f18,-748(x18)	 f18:0x00102000 f18:0x00102000 PA:0x00101d14 store:0x00000000 load:0x00000000
          29002	     14497	00101594	d1492987	flw	f19,-748(x18)	 f18:0x00102000 f19=0x00000000 PA:0x00101d14 store:0x3f800031
          29004	     14498	00101598	e0099953	fclass.s	x18,f19	 f19:0x00102000 x18=0x00000010
          29006	     14499	0010159c	cf2daa23	sw	x18,-780(x27)	 x27:0x00102000 x18:0x00000010 PA:0x00101cf4 store:0x00000010 load:0x00000000
          29008	     14500	001015a0	b01fe0ef	jal	x1,1000a0	  x1=0x001015a4
          29012	     14502	001000a0	00054803	lbu	x16,0(x10)	 x10:0x00101af8 x16=0x0000000a PA:0x00101af8 store:0x00000000
          29014	     14503	001000a4	06080663	beq	x16,x0,100110	 x16:0x0000000a  x0:0x00000000
          29016	     14504	001000a8	000207b7	lui	x15,0x20	 x15=0x00020000
          29020	     14506	001000ac	0107a023	sw	x16,0(x15)	 x15:0x00020000 x16:0x0000000a PA:0x00020000 store:0x0000000a load:0x00000000
          29024	     14508	001000b0	00154703	lbu	x14,1(x10)	 x10:0x00101af8 x14=0x00000020 PA:0x00101af9 store:0x001015a4
          29026	     14509	001000b4	04070e63	beq	x14,x0,100110	 x14:0x00000020  x0:0x00000000
          29030	     14511	001000b8	00e7a023	sw	x14,0(x15)	 x15:0x00020000 x14:0x00000020 PA:0x00020000 store:0x00000020 load:0x00000000
          29034	     14513	001000bc	00254283	lbu	x5,2(x10)	 x10:0x00101af8  x5=0x00000045 PA:0x00101afa store:0x00137fa0
          29036	     14514	001000c0	04028863	beq	x5,x0,100110	  x5:0x00000045  x0:0x00000000
          29040	     14516	001000c4	0057a023	sw	x5,0(x15)	 x15:0x00020000  x5:0x00000045 PA:0x00020000 store:0x00000045 load:0x00000000
          29044	     14518	001000c8	00354303	lbu	x6,3(x10)	 x10:0x00101af8  x6=0x00000078 PA:0x00101afb store:0x00000000
          29046	     14519	001000cc	04030263	beq	x6,x0,100110	  x6:0x00000078  x0:0x00000000
          29050	     14521	001000d0	0067a023	sw	x6,0(x15)	 x15:0x00020000  x6:0x00000078 PA:0x00020000 store:0x00000078 load:0x00000000
          29054	     14523	001000d4	00454383	lbu	x7,4(x10)	 x10:0x00101af8  x7=0x00000070 PA:0x00101afc store:0x00000000
          29056	     14524	001000d8	02038c63	beq	x7,x0,100110	  x7:0x00000070  x0:0x00000000
          29060	     14526	001000dc	0077a023	sw	x7,0(x15)	 x15:0x00020000  x7:0x00000070 PA:0x00020000 store:0x00000070 load:0x00000000
          29064	     14528	001000e0	00554583	lbu	x11,5(x10)	 x10:0x00101af8 x11=0x00000065 PA:0x00101afd store:0x00000045
          29066	     14529	001000e4	02058663	beq	x11,x0,100110	 x11:0x00000065  x0:0x00000000
          29070	     14531	001000e8	00b7a023	sw	x11,0(x15)	 x15:0x00020000 x11:0x00000065 PA:0x00020000 store:0x00000065 load:0x00000000
          29074	     14533	001000ec	00654603	lbu	x12,6(x10)	 x10:0x00101af8 x12=0x00000063 PA:0x00101afe store:0x00000078
          29076	     14534	001000f0	02060063	beq	x12,x0,100110	 x12:0x00000063  x0:0x00000000
          29080	     14536	001000f4	00c7a023	sw	x12,0(x15)	 x15:0x00020000 x12:0x00000063 PA:0x00020000 store:0x00000063 load:0x00000000
          29084	     14538	001000f8	00754683	lbu	x13,7(x10)	 x10:0x00101af8 x13=0x00000074 PA:0x00101aff store:0x00000070
          29086	     14539	001000fc	00850513	addi	x10,x10,8	 x10:0x00101af8 x10=0x00101b00
          29088	     14540	00100100	00068863	beq	x13,x0,100110	 x13:0x00000074  x0:0x00000000
          29092	     14542	00100104	00d7a023	sw	x13,0(x15)	 x15:0x00020000 x13:0x00000074 PA:0x00020000 store:0x00000074 load:0x00000000
          29096	     14544	00100108	00054803	lbu	x16,0(x10)	 x10:0x00101b00 x16=0x00000069 PA:0x00101b00 store:0x00000000
          29100	     14546	0010010c	fa0810e3	bne	x16,x0,1000ac	 x16:0x00000069  x0:0x00000000
          29106	     14549	001000ac	0107a023	sw	x16,0(x15)	 x15:0x00020000 x16:0x00000069 PA:0x00020000 store:0x00000069 load:0x00000000
          29110	     14551	001000b0	00154703	lbu	x14,1(x10)	 x10:0x00101b00 x14=0x0000006e PA:0x00101b01 store:0x001015a4
          29112	     14552	001000b4	04070e63	beq	x14,x0,100110	 x14:0x0000006e  x0:0x00000000
          29116	     14554	001000b8	00e7a023	sw	x14,0(x15)	 x15:0x00020000 x14:0x0000006e PA:0x00020000 store:0x0000006e load:0x00000000
          29120	     14556	001000bc	00254283	lbu	x5,2(x10)	 x10:0x00101b00  x5=0x00000067 PA:0x00101b02 store:0x00137fa0
          29122	     14557	001000c0	04028863	beq	x5,x0,100110	  x5:0x00000067  x0:0x00000000
          29126	     14559	001000c4	0057a023	sw	x5,0(x15)	 x15:0x00020000  x5:0x00000067 PA:0x00020000 store:0x00000067 load:0x00000000
          29130	     14561	001000c8	00354303	lbu	x6,3(x10)	 x10:0x00101b00  x6=0x00000020 PA:0x00101b03 store:0x00000000
          29132	     14562	001000cc	04030263	beq	x6,x0,100110	  x6:0x00000020  x0:0x00000000
          29136	     14564	001000d0	0067a023	sw	x6,0(x15)	 x15:0x00020000  x6:0x00000020 PA:0x00020000 store:0x00000020 load:0x00000000
          29140	     14566	001000d4	00454383	lbu	x7,4(x10)	 x10:0x00101b00  x7=0x00000030 PA:0x00101b04 store:0x00000000
          29142	     14567	001000d8	02038c63	beq	x7,x0,100110	  x7:0x00000030  x0:0x00000000
          29146	     14569	001000dc	0077a023	sw	x7,0(x15)	 x15:0x00020000  x7:0x00000030 PA:0x00020000 store:0x00000030 load:0x00000000
          29150	     14571	001000e0	00554583	lbu	x11,5(x10)	 x10:0x00101b00 x11=0x00000078 PA:0x00101b05 store:0x00000067
          29152	     14572	001000e4	02058663	beq	x11,x0,100110	 x11:0x00000078  x0:0x00000000
          29156	     14574	001000e8	00b7a023	sw	x11,0(x15)	 x15:0x00020000 x11:0x00000078 PA:0x00020000 store:0x00000078 load:0x00000000
          29160	     14576	001000ec	00654603	lbu	x12,6(x10)	 x10:0x00101b00 x12=0x00000031 PA:0x00101b06 store:0x00000020
          29162	     14577	001000f0	02060063	beq	x12,x0,100110	 x12:0x00000031  x0:0x00000000
          29166	     14579	001000f4	00c7a023	sw	x12,0(x15)	 x15:0x00020000 x12:0x00000031 PA:0x00020000 store:0x00000031 load:0x00000000
          29170	     14581	001000f8	00754683	lbu	x13,7(x10)	 x10:0x00101b00 x13=0x00000030 PA:0x00101b07 store:0x00000030
          29172	     14582	001000fc	00850513	addi	x10,x10,8	 x10:0x00101b00 x10=0x00101b08
          29174	     14583	00100100	00068863	beq	x13,x0,100110	 x13:0x00000030  x0:0x00000000
          29178	     14585	00100104	00d7a023	sw	x13,0(x15)	 x15:0x00020000 x13:0x00000030 PA:0x00020000 store:0x00000030 load:0x00000000
          29182	     14587	00100108	00054803	lbu	x16,0(x10)	 x10:0x00101b08 x16=0x0000003a PA:0x00101b08 store:0x00000000
          29186	     14589	0010010c	fa0810e3	bne	x16,x0,1000ac	 x16:0x0000003a  x0:0x00000000
          29192	     14592	001000ac	0107a023	sw	x16,0(x15)	 x15:0x00020000 x16:0x0000003a PA:0x00020000 store:0x0000003a load:0x00000000
          29196	     14594	001000b0	00154703	lbu	x14,1(x10)	 x10:0x00101b08 x14=0x00000020 PA:0x00101b09 store:0x001015a4
          29198	     14595	001000b4	04070e63	beq	x14,x0,100110	 x14:0x00000020  x0:0x00000000
          29202	     14597	001000b8	00e7a023	sw	x14,0(x15)	 x15:0x00020000 x14:0x00000020 PA:0x00020000 store:0x00000020 load:0x00000000
          29206	     14599	001000bc	00254283	lbu	x5,2(x10)	 x10:0x00101b08  x5=0x00000000 PA:0x00101b0a store:0x00137fa0
          29210	     14601	001000c0	04028863	beq	x5,x0,100110	  x5:0x00000000  x0:0x00000000
          29214	     14603	00100110	00000513	addi	x10,x0,0	  x0:0x00000000 x10=0x00000000
          29218	     14605	00100114	00008067	jalr	x0,0(x1)	  x1:0x001015a4  x0=0x00000000
          29222	     14607	001015a4	cf4da503	lw	x10,-780(x27)	 x27:0x00102000 x10=0x00000010 PA:0x00101cf4 store:0x00102000
          29224	     14608	001015a8	00102437	lui	x8,0x102	  x8=0x00102000
          29226	     14609	001015ac	00102c37	lui	x24,0x102	 x24=0x00102000
          29230	     14611	001015b0	b71fe0ef	jal	x1,100120	  x1=0x001015b4
          29232	     14612	00100120	01c55793	srli	x15,x10,0x1c	 x10:0x00000010 x15=0x00000000
          29234	     14613	00100124	00900713	addi	x14,x0,9	  x0:0x00000000 x14=0x00000009
          29238	     14615	00100128	0cf77a63	bgeu	x14,x15,1001fc	 x14:0x00000009 x15:0x00000000
          29242	     14617	001001fc	03078393	addi	x7,x15,48	 x15:0x00000000  x7=0x00000030
          29244	     14618	00100200	000205b7	lui	x11,0x20	 x11=0x00020000
          29246	     14619	00100204	00451613	slli	x12,x10,0x4	 x10:0x00000010 x12=0x00000100
          29250	     14621	00100208	0075a023	sw	x7,0(x11)	 x11:0x00020000  x7:0x00000030 PA:0x00020000 store:0x00000030 load:0x00000000
          29252	     14622	0010020c	01c65693	srli	x13,x12,0x1c	 x12:0x00000100 x13=0x00000000
          29254	     14623	00100210	00900813	addi	x16,x0,9	  x0:0x00000000 x16=0x00000009
          29256	     14624	00100214	f2d86ae3	bltu	x16,x13,100148	 x16:0x00000009 x13:0x00000000
          29258	     14625	00100218	03068e93	addi	x29,x13,48	 x13:0x00000000 x29=0x00000030
          29260	     14626	0010021c	00020f37	lui	x30,0x20	 x30=0x00020000
          29262	     14627	00100220	00851f93	slli	x31,x10,0x8	 x10:0x00000010 x31=0x00001000
          29266	     14629	00100224	01df2023	sw	x29,0(x30)	 x30:0x00020000 x29:0x00000030 PA:0x00020000 store:0x00000030 load:0x00000000
          29268	     14630	00100228	01cfd793	srli	x15,x31,0x1c	 x31:0x00001000 x15=0x00000000
          29270	     14631	0010022c	00900713	addi	x14,x0,9	  x0:0x00000000 x14=0x00000009
          29272	     14632	00100230	f2f76ae3	bltu	x14,x15,100164	 x14:0x00000009 x15:0x00000000
          29274	     14633	00100234	03078393	addi	x7,x15,48	 x15:0x00000000  x7=0x00000030
          29276	     14634	00100238	000205b7	lui	x11,0x20	 x11=0x00020000
          29278	     14635	0010023c	00c51613	slli	x12,x10,0xc	 x10:0x00000010 x12=0x00010000
          29282	     14637	00100240	0075a023	sw	x7,0(x11)	 x11:0x00020000  x7:0x00000030 PA:0x00020000 store:0x00000030 load:0x00000000
          29284	     14638	00100244	01c65693	srli	x13,x12,0x1c	 x12:0x00010000 x13=0x00000000
          29286	     14639	00100248	00900813	addi	x16,x0,9	  x0:0x00000000 x16=0x00000009
          29288	     14640	0010024c	f2d86ae3	bltu	x16,x13,100180	 x16:0x00000009 x13:0x00000000
          29290	     14641	00100250	03068e93	addi	x29,x13,48	 x13:0x00000000 x29=0x00000030
          29292	     14642	00100254	00020f37	lui	x30,0x20	 x30=0x00020000
          29294	     14643	00100258	01051f93	slli	x31,x10,0x10	 x10:0x00000010 x31=0x00100000
          29298	     14645	0010025c	01df2023	sw	x29,0(x30)	 x30:0x00020000 x29:0x00000030 PA:0x00020000 store:0x00000030 load:0x00000000
          29300	     14646	00100260	01cfd793	srli	x15,x31,0x1c	 x31:0x00100000 x15=0x00000000
          29302	     14647	00100264	00900713	addi	x14,x0,9	  x0:0x00000000 x14=0x00000009
          29304	     14648	00100268	f2f76ae3	bltu	x14,x15,10019c	 x14:0x00000009 x15:0x00000000
          29306	     14649	0010026c	03078393	addi	x7,x15,48	 x15:0x00000000  x7=0x00000030
          29308	     14650	00100270	000205b7	lui	x11,0x20	 x11=0x00020000
          29310	     14651	00100274	01451613	slli	x12,x10,0x14	 x10:0x00000010 x12=0x01000000
          29314	     14653	00100278	0075a023	sw	x7,0(x11)	 x11:0x00020000  x7:0x00000030 PA:0x00020000 store:0x00000030 load:0x00000000
          29316	     14654	0010027c	01c65693	srli	x13,x12,0x1c	 x12:0x01000000 x13=0x00000000
          29318	     14655	00100280	00900813	addi	x16,x0,9	  x0:0x00000000 x16=0x00000009
          29320	     14656	00100284	f2d86ae3	bltu	x16,x13,1001b8	 x16:0x00000009 x13:0x00000000
          29322	     14657	00100288	03068e93	addi	x29,x13,48	 x13:0x00000000 x29=0x00000030
          29324	     14658	0010028c	00020f37	lui	x30,0x20	 x30=0x00020000
          29326	     14659	00100290	01851f93	slli	x31,x10,0x18	 x10:0x00000010 x31=0x10000000
          29330	     14661	00100294	01df2023	sw	x29,0(x30)	 x30:0x00020000 x29:0x00000030 PA:0x00020000 store:0x00000030 load:0x00000000
          29332	     14662	00100298	01cfd793	srli	x15,x31,0x1c	 x31:0x10000000 x15=0x00000001
          29334	     14663	0010029c	00900713	addi	x14,x0,9	  x0:0x00000000 x14=0x00000009
          29336	     14664	001002a0	f2f76ae3	bltu	x14,x15,1001d4	 x14:0x00000009 x15:0x00000001
          29338	     14665	001002a4	03078393	addi	x7,x15,48	 x15:0x00000001  x7=0x00000031
          29340	     14666	001002a8	000205b7	lui	x11,0x20	 x11=0x00020000
          29344	     14668	001002ac	0075a023	sw	x7,0(x11)	 x11:0x00020000  x7:0x00000031 PA:0x00020000 store:0x00000031 load:0x00000000
          29346	     14669	001002b0	00f57513	andi	x10,x10,15	 x10:0x00000010 x10=0x00000000
          29348	     14670	001002b4	00900613	addi	x12,x0,9	  x0:0x00000000 x12=0x00000009
          29352	     14672	001002b8	f2a67ae3	bgeu	x12,x10,1001ec	 x12:0x00000009 x10:0x00000000
          29356	     14674	001001ec	03050893	addi	x17,x10,48	 x10:0x00000000 x17=0x00000030
          29358	     14675	001001f0	00020e37	lui	x28,0x20	 x28=0x00020000
          29362	     14677	001001f4	011e2023	sw	x17,0(x28)	 x28:0x00020000 x17:0x00000030 PA:0x00020000 store:0x00000030 load:0x00000000
          29366	     14679	001001f8	00008067	jalr	x0,0(x1)	  x1:0x001015b4  x0=0x00000000
          29374	     14683	001015b4	001023b7	lui	x7,0x102	  x7=0x00102000
          29376	     14684	001015b8	9503a407	flw	f8,-1712(x7)	  f7:0x00102000  f8=0x00000000 PA:0x00101950 store:0x80000047
          29380	     14686	001015bc	001025b7	lui	x11,0x102	 x11=0x00102000
          29382	     14687	001015c0	00102637	lui	x12,0x102	 x12=0x00102000
          29384	     14688	001015c4	d085a827	fsw	f8,-752(x11)	 f11:0x00102000  f8:0x00102000 PA:0x00101d10 store:0x00000047 load:0x00000047
          29386	     14689	001015c8	b0c60513	addi	x10,x12,-1268	 x12:0x00102000 x10=0x00101b0c
          29388	     14690	001015cc	d105aa07	flw	f20,-752(x11)	 f11:0x00102000 f20=0x00000000 PA:0x00101d10 store:0x80000047
          29390	     14691	001015d0	e00a1853	fclass.s	x16,f20	 f20:0x00102000 x16=0x00000020
          29392	     14692	001015d4	cf0d2823	sw	x16,-784(x26)	 x26:0x00102000 x16:0x00000020 PA:0x00101cf0 store:0x00000020 load:0x00000047
          29394	     14693	001015d8	ac9fe0ef	jal	x1,1000a0	  x1=0x001015dc
          29396	     14694	001000a0	00054803	lbu	x16,0(x10)	 x10:0x00101b0c x16=0x0000000a PA:0x00101b0c store:0x00000000
          29398	     14695	001000a4	06080663	beq	x16,x0,100110	 x16:0x0000000a  x0:0x00000000
          29400	     14696	001000a8	000207b7	lui	x15,0x20	 x15=0x00020000
          29404	     14698	001000ac	0107a023	sw	x16,0(x15)	 x15:0x00020000 x16:0x0000000a PA:0x00020000 store:0x0000000a load:0x00000000
          29408	     14700	001000b0	00154703	lbu	x14,1(x10)	 x10:0x00101b0c x14=0x00000020 PA:0x00101b0d store:0x001015dc
          29410	     14701	001000b4	04070e63	beq	x14,x0,100110	 x14:0x00000020  x0:0x00000000
          29414	     14703	001000b8	00e7a023	sw	x14,0(x15)	 x15:0x00020000 x14:0x00000020 PA:0x00020000 store:0x00000020 load:0x00000000
          29418	     14705	001000bc	00254283	lbu	x5,2(x10)	 x10:0x00101b0c  x5=0x00000045 PA:0x00101b0e store:0x00137fa0
          29420	     14706	001000c0	04028863	beq	x5,x0,100110	  x5:0x00000045  x0:0x00000000
          29424	     14708	001000c4	0057a023	sw	x5,0(x15)	 x15:0x00020000  x5:0x00000045 PA:0x00020000 store:0x00000045 load:0x00000000
          29428	     14710	001000c8	00354303	lbu	x6,3(x10)	 x10:0x00101b0c  x6=0x00000078 PA:0x00101b0f store:0x00000000
          29430	     14711	001000cc	04030263	beq	x6,x0,100110	  x6:0x00000078  x0:0x00000000
          29434	     14713	001000d0	0067a023	sw	x6,0(x15)	 x15:0x00020000  x6:0x00000078 PA:0x00020000 store:0x00000078 load:0x00000000
          29438	     14715	001000d4	00454383	lbu	x7,4(x10)	 x10:0x00101b0c  x7=0x00000070 PA:0x00101b10 store:0x00000000
          29440	     14716	001000d8	02038c63	beq	x7,x0,100110	  x7:0x00000070  x0:0x00000000
          29444	     14718	001000dc	0077a023	sw	x7,0(x15)	 x15:0x00020000  x7:0x00000070 PA:0x00020000 store:0x00000070 load:0x00000000
          29448	     14720	001000e0	00554583	lbu	x11,5(x10)	 x10:0x00101b0c x11=0x00000065 PA:0x00101b11 store:0x00000045
          29450	     14721	001000e4	02058663	beq	x11,x0,100110	 x11:0x00000065  x0:0x00000000
          29454	     14723	001000e8	00b7a023	sw	x11,0(x15)	 x15:0x00020000 x11:0x00000065 PA:0x00020000 store:0x00000065 load:0x00000000
          29458	     14725	001000ec	00654603	lbu	x12,6(x10)	 x10:0x00101b0c x12=0x00000063 PA:0x00101b12 store:0x00000078
          29460	     14726	001000f0	02060063	beq	x12,x0,100110	 x12:0x00000063  x0:0x00000000
          29464	     14728	001000f4	00c7a023	sw	x12,0(x15)	 x15:0x00020000 x12:0x00000063 PA:0x00020000 store:0x00000063 load:0x00000000
          29468	     14730	001000f8	00754683	lbu	x13,7(x10)	 x10:0x00101b0c x13=0x00000074 PA:0x00101b13 store:0x00000070
          29470	     14731	001000fc	00850513	addi	x10,x10,8	 x10:0x00101b0c x10=0x00101b14
          29472	     14732	00100100	00068863	beq	x13,x0,100110	 x13:0x00000074  x0:0x00000000
          29476	     14734	00100104	00d7a023	sw	x13,0(x15)	 x15:0x00020000 x13:0x00000074 PA:0x00020000 store:0x00000074 load:0x00000000
          29480	     14736	00100108	00054803	lbu	x16,0(x10)	 x10:0x00101b14 x16=0x00000069 PA:0x00101b14 store:0x00000000
          29484	     14738	0010010c	fa0810e3	bne	x16,x0,1000ac	 x16:0x00000069  x0:0x00000000
          29490	     14741	001000ac	0107a023	sw	x16,0(x15)	 x15:0x00020000 x16:0x00000069 PA:0x00020000 store:0x00000069 load:0x00000000
          29494	     14743	001000b0	00154703	lbu	x14,1(x10)	 x10:0x00101b14 x14=0x0000006e PA:0x00101b15 store:0x001015dc
          29496	     14744	001000b4	04070e63	beq	x14,x0,100110	 x14:0x0000006e  x0:0x00000000
          29500	     14746	001000b8	00e7a023	sw	x14,0(x15)	 x15:0x00020000 x14:0x0000006e PA:0x00020000 store:0x0000006e load:0x00000000
          29504	     14748	001000bc	00254283	lbu	x5,2(x10)	 x10:0x00101b14  x5=0x00000067 PA:0x00101b16 store:0x00137fa0
          29506	     14749	001000c0	04028863	beq	x5,x0,100110	  x5:0x00000067  x0:0x00000000
          29510	     14751	001000c4	0057a023	sw	x5,0(x15)	 x15:0x00020000  x5:0x00000067 PA:0x00020000 store:0x00000067 load:0x00000000
          29514	     14753	001000c8	00354303	lbu	x6,3(x10)	 x10:0x00101b14  x6=0x00000020 PA:0x00101b17 store:0x00000000
          29516	     14754	001000cc	04030263	beq	x6,x0,100110	  x6:0x00000020  x0:0x00000000
          29520	     14756	001000d0	0067a023	sw	x6,0(x15)	 x15:0x00020000  x6:0x00000020 PA:0x00020000 store:0x00000020 load:0x00000000
          29524	     14758	001000d4	00454383	lbu	x7,4(x10)	 x10:0x00101b14  x7=0x00000030 PA:0x00101b18 store:0x00000000
          29526	     14759	001000d8	02038c63	beq	x7,x0,100110	  x7:0x00000030  x0:0x00000000
          29530	     14761	001000dc	0077a023	sw	x7,0(x15)	 x15:0x00020000  x7:0x00000030 PA:0x00020000 store:0x00000030 load:0x00000000
          29534	     14763	001000e0	00554583	lbu	x11,5(x10)	 x10:0x00101b14 x11=0x00000078 PA:0x00101b19 store:0x00000067
          29536	     14764	001000e4	02058663	beq	x11,x0,100110	 x11:0x00000078  x0:0x00000000
          29540	     14766	001000e8	00b7a023	sw	x11,0(x15)	 x15:0x00020000 x11:0x00000078 PA:0x00020000 store:0x00000078 load:0x00000000
          29544	     14768	001000ec	00654603	lbu	x12,6(x10)	 x10:0x00101b14 x12=0x00000032 PA:0x00101b1a store:0x00000020
          29546	     14769	001000f0	02060063	beq	x12,x0,100110	 x12:0x00000032  x0:0x00000000
          29550	     14771	001000f4	00c7a023	sw	x12,0(x15)	 x15:0x00020000 x12:0x00000032 PA:0x00020000 store:0x00000032 load:0x00000000
          29554	     14773	001000f8	00754683	lbu	x13,7(x10)	 x10:0x00101b14 x13=0x00000030 PA:0x00101b1b store:0x00000030
          29556	     14774	001000fc	00850513	addi	x10,x10,8	 x10:0x00101b14 x10=0x00101b1c
          29558	     14775	00100100	00068863	beq	x13,x0,100110	 x13:0x00000030  x0:0x00000000
          29562	     14777	00100104	00d7a023	sw	x13,0(x15)	 x15:0x00020000 x13:0x00000030 PA:0x00020000 store:0x00000030 load:0x00000000
          29566	     14779	00100108	00054803	lbu	x16,0(x10)	 x10:0x00101b1c x16=0x0000003a PA:0x00101b1c store:0x00000000
          29570	     14781	0010010c	fa0810e3	bne	x16,x0,1000ac	 x16:0x0000003a  x0:0x00000000
          29576	     14784	001000ac	0107a023	sw	x16,0(x15)	 x15:0x00020000 x16:0x0000003a PA:0x00020000 store:0x0000003a load:0x00000000
          29580	     14786	001000b0	00154703	lbu	x14,1(x10)	 x10:0x00101b1c x14=0x00000020 PA:0x00101b1d store:0x001015dc
          29582	     14787	001000b4	04070e63	beq	x14,x0,100110	 x14:0x00000020  x0:0x00000000
          29586	     14789	001000b8	00e7a023	sw	x14,0(x15)	 x15:0x00020000 x14:0x00000020 PA:0x00020000 store:0x00000020 load:0x00000000
          29590	     14791	001000bc	00254283	lbu	x5,2(x10)	 x10:0x00101b1c  x5=0x00000000 PA:0x00101b1e store:0x00137fa0
          29594	     14793	001000c0	04028863	beq	x5,x0,100110	  x5:0x00000000  x0:0x00000000
          29598	     14795	00100110	00000513	addi	x10,x0,0	  x0:0x00000000 x10=0x00000000
          29602	     14797	00100114	00008067	jalr	x0,0(x1)	  x1:0x001015dc  x0=0x00000000
          29606	     14799	001015dc	cf0d2503	lw	x10,-784(x26)	 x26:0x00102000 x10=0x00000020 PA:0x00101cf0 store:0x0000003a
          29610	     14801	001015e0	b41fe0ef	jal	x1,100120	  x1=0x001015e4
          29612	     14802	00100120	01c55793	srli	x15,x10,0x1c	 x10:0x00000020 x15=0x00000000
          29614	     14803	00100124	00900713	addi	x14,x0,9	  x0:0x00000000 x14=0x00000009
          29618	     14805	00100128	0cf77a63	bgeu	x14,x15,1001fc	 x14:0x00000009 x15:0x00000000
          29622	     14807	001001fc	03078393	addi	x7,x15,48	 x15:0x00000000  x7=0x00000030
          29624	     14808	00100200	000205b7	lui	x11,0x20	 x11=0x00020000
          29626	     14809	00100204	00451613	slli	x12,x10,0x4	 x10:0x00000020 x12=0x00000200
          29630	     14811	00100208	0075a023	sw	x7,0(x11)	 x11:0x00020000  x7:0x00000030 PA:0x00020000 store:0x00000030 load:0x00000000
          29632	     14812	0010020c	01c65693	srli	x13,x12,0x1c	 x12:0x00000200 x13=0x00000000
          29634	     14813	00100210	00900813	addi	x16,x0,9	  x0:0x00000000 x16=0x00000009
          29636	     14814	00100214	f2d86ae3	bltu	x16,x13,100148	 x16:0x00000009 x13:0x00000000
          29638	     14815	00100218	03068e93	addi	x29,x13,48	 x13:0x00000000 x29=0x00000030
          29640	     14816	0010021c	00020f37	lui	x30,0x20	 x30=0x00020000
          29642	     14817	00100220	00851f93	slli	x31,x10,0x8	 x10:0x00000020 x31=0x00002000
          29646	     14819	00100224	01df2023	sw	x29,0(x30)	 x30:0x00020000 x29:0x00000030 PA:0x00020000 store:0x00000030 load:0x00000000
          29648	     14820	00100228	01cfd793	srli	x15,x31,0x1c	 x31:0x00002000 x15=0x00000000
          29650	     14821	0010022c	00900713	addi	x14,x0,9	  x0:0x00000000 x14=0x00000009
          29652	     14822	00100230	f2f76ae3	bltu	x14,x15,100164	 x14:0x00000009 x15:0x00000000
          29654	     14823	00100234	03078393	addi	x7,x15,48	 x15:0x00000000  x7=0x00000030
          29656	     14824	00100238	000205b7	lui	x11,0x20	 x11=0x00020000
          29658	     14825	0010023c	00c51613	slli	x12,x10,0xc	 x10:0x00000020 x12=0x00020000
          29662	     14827	00100240	0075a023	sw	x7,0(x11)	 x11:0x00020000  x7:0x00000030 PA:0x00020000 store:0x00000030 load:0x00000000
          29664	     14828	00100244	01c65693	srli	x13,x12,0x1c	 x12:0x00020000 x13=0x00000000
          29666	     14829	00100248	00900813	addi	x16,x0,9	  x0:0x00000000 x16=0x00000009
          29668	     14830	0010024c	f2d86ae3	bltu	x16,x13,100180	 x16:0x00000009 x13:0x00000000
          29670	     14831	00100250	03068e93	addi	x29,x13,48	 x13:0x00000000 x29=0x00000030
          29672	     14832	00100254	00020f37	lui	x30,0x20	 x30=0x00020000
          29674	     14833	00100258	01051f93	slli	x31,x10,0x10	 x10:0x00000020 x31=0x00200000
          29678	     14835	0010025c	01df2023	sw	x29,0(x30)	 x30:0x00020000 x29:0x00000030 PA:0x00020000 store:0x00000030 load:0x00000000
          29680	     14836	00100260	01cfd793	srli	x15,x31,0x1c	 x31:0x00200000 x15=0x00000000
          29682	     14837	00100264	00900713	addi	x14,x0,9	  x0:0x00000000 x14=0x00000009
          29684	     14838	00100268	f2f76ae3	bltu	x14,x15,10019c	 x14:0x00000009 x15:0x00000000
          29686	     14839	0010026c	03078393	addi	x7,x15,48	 x15:0x00000000  x7=0x00000030
          29688	     14840	00100270	000205b7	lui	x11,0x20	 x11=0x00020000
          29690	     14841	00100274	01451613	slli	x12,x10,0x14	 x10:0x00000020 x12=0x02000000
          29694	     14843	00100278	0075a023	sw	x7,0(x11)	 x11:0x00020000  x7:0x00000030 PA:0x00020000 store:0x00000030 load:0x00000000
          29696	     14844	0010027c	01c65693	srli	x13,x12,0x1c	 x12:0x02000000 x13=0x00000000
          29698	     14845	00100280	00900813	addi	x16,x0,9	  x0:0x00000000 x16=0x00000009
          29700	     14846	00100284	f2d86ae3	bltu	x16,x13,1001b8	 x16:0x00000009 x13:0x00000000
          29702	     14847	00100288	03068e93	addi	x29,x13,48	 x13:0x00000000 x29=0x00000030
          29704	     14848	0010028c	00020f37	lui	x30,0x20	 x30=0x00020000
          29706	     14849	00100290	01851f93	slli	x31,x10,0x18	 x10:0x00000020 x31=0x20000000
          29710	     14851	00100294	01df2023	sw	x29,0(x30)	 x30:0x00020000 x29:0x00000030 PA:0x00020000 store:0x00000030 load:0x00000000
          29712	     14852	00100298	01cfd793	srli	x15,x31,0x1c	 x31:0x20000000 x15=0x00000002
          29714	     14853	0010029c	00900713	addi	x14,x0,9	  x0:0x00000000 x14=0x00000009
          29716	     14854	001002a0	f2f76ae3	bltu	x14,x15,1001d4	 x14:0x00000009 x15:0x00000002
          29718	     14855	001002a4	03078393	addi	x7,x15,48	 x15:0x00000002  x7=0x00000032
          29720	     14856	001002a8	000205b7	lui	x11,0x20	 x11=0x00020000
          29724	     14858	001002ac	0075a023	sw	x7,0(x11)	 x11:0x00020000  x7:0x00000032 PA:0x00020000 store:0x00000032 load:0x00000000
          29726	     14859	001002b0	00f57513	andi	x10,x10,15	 x10:0x00000020 x10=0x00000000
          29728	     14860	001002b4	00900613	addi	x12,x0,9	  x0:0x00000000 x12=0x00000009
          29732	     14862	001002b8	f2a67ae3	bgeu	x12,x10,1001ec	 x12:0x00000009 x10:0x00000000
          29736	     14864	001001ec	03050893	addi	x17,x10,48	 x10:0x00000000 x17=0x00000030
          29738	     14865	001001f0	00020e37	lui	x28,0x20	 x28=0x00020000
          29742	     14867	001001f4	011e2023	sw	x17,0(x28)	 x28:0x00020000 x17:0x00000030 PA:0x00020000 store:0x00000030 load:0x00000000
          29746	     14869	001001f8	00008067	jalr	x0,0(x1)	  x1:0x001015e4  x0=0x00000000
          29754	     14873	001015e4	001028b7	lui	x17,0x102	 x17=0x00102000
          29756	     14874	001015e8	9548aa87	flw	f21,-1708(x17)	 f17:0x00102000 f21=0x00000000 PA:0x00101954 store:0x00000047
          29760	     14876	001015ec	00102e37	lui	x28,0x102	 x28=0x00102000
          29762	     14877	001015f0	b20e0513	addi	x10,x28,-1248	 x28:0x00102000 x10=0x00101b20
          29764	     14878	001015f4	d15b2627	fsw	f21,-756(x22)	 f22:0x00102000 f21:0x00102000 PA:0x00101d0c store:0x4019999a load:0x4019999a
          29766	     14879	001015f8	d0cb2e07	flw	f28,-756(x22)	 f22:0x00102000 f28=0x00000000 PA:0x00101d0c store:0xc06d7f2b
          29768	     14880	001015fc	e00e1b53	fclass.s	x22,f28	 f28:0x00102000 x22=0x00000040
          29770	     14881	00101600	cf6a2c23	sw	x22,-776(x20)	 x20:0x00102000 x22:0x00000040 PA:0x00101cf8 store:0x00000040 load:0x4019999a
          29772	     14882	00101604	a9dfe0ef	jal	x1,1000a0	  x1=0x00101608
          29774	     14883	001000a0	00054803	lbu	x16,0(x10)	 x10:0x00101b20 x16=0x0000000a PA:0x00101b20 store:0x00000000
          29776	     14884	001000a4	06080663	beq	x16,x0,100110	 x16:0x0000000a  x0:0x00000000
          29778	     14885	001000a8	000207b7	lui	x15,0x20	 x15=0x00020000
          29782	     14887	001000ac	0107a023	sw	x16,0(x15)	 x15:0x00020000 x16:0x0000000a PA:0x00020000 store:0x0000000a load:0x00000000
          29786	     14889	001000b0	00154703	lbu	x14,1(x10)	 x10:0x00101b20 x14=0x00000020 PA:0x00101b21 store:0x00101608
          29788	     14890	001000b4	04070e63	beq	x14,x0,100110	 x14:0x00000020  x0:0x00000000
          29792	     14892	001000b8	00e7a023	sw	x14,0(x15)	 x15:0x00020000 x14:0x00000020 PA:0x00020000 store:0x00000020 load:0x00000000
          29796	     14894	001000bc	00254283	lbu	x5,2(x10)	 x10:0x00101b20  x5=0x00000045 PA:0x00101b22 store:0x00137fa0
          29798	     14895	001000c0	04028863	beq	x5,x0,100110	  x5:0x00000045  x0:0x00000000
          29802	     14897	001000c4	0057a023	sw	x5,0(x15)	 x15:0x00020000  x5:0x00000045 PA:0x00020000 store:0x00000045 load:0x00000000
          29806	     14899	001000c8	00354303	lbu	x6,3(x10)	 x10:0x00101b20  x6=0x00000078 PA:0x00101b23 store:0x00000000
          29808	     14900	001000cc	04030263	beq	x6,x0,100110	  x6:0x00000078  x0:0x00000000
          29812	     14902	001000d0	0067a023	sw	x6,0(x15)	 x15:0x00020000  x6:0x00000078 PA:0x00020000 store:0x00000078 load:0x00000000
          29816	     14904	001000d4	00454383	lbu	x7,4(x10)	 x10:0x00101b20  x7=0x00000070 PA:0x00101b24 store:0x00000000
          29818	     14905	001000d8	02038c63	beq	x7,x0,100110	  x7:0x00000070  x0:0x00000000
          29822	     14907	001000dc	0077a023	sw	x7,0(x15)	 x15:0x00020000  x7:0x00000070 PA:0x00020000 store:0x00000070 load:0x00000000
          29826	     14909	001000e0	00554583	lbu	x11,5(x10)	 x10:0x00101b20 x11=0x00000065 PA:0x00101b25 store:0x00000045
          29828	     14910	001000e4	02058663	beq	x11,x0,100110	 x11:0x00000065  x0:0x00000000
          29832	     14912	001000e8	00b7a023	sw	x11,0(x15)	 x15:0x00020000 x11:0x00000065 PA:0x00020000 store:0x00000065 load:0x00000000
          29836	     14914	001000ec	00654603	lbu	x12,6(x10)	 x10:0x00101b20 x12=0x00000063 PA:0x00101b26 store:0x00000078
          29838	     14915	001000f0	02060063	beq	x12,x0,100110	 x12:0x00000063  x0:0x00000000
          29842	     14917	001000f4	00c7a023	sw	x12,0(x15)	 x15:0x00020000 x12:0x00000063 PA:0x00020000 store:0x00000063 load:0x00000000
          29846	     14919	001000f8	00754683	lbu	x13,7(x10)	 x10:0x00101b20 x13=0x00000074 PA:0x00101b27 store:0x00000070
          29848	     14920	001000fc	00850513	addi	x10,x10,8	 x10:0x00101b20 x10=0x00101b28
          29850	     14921	00100100	00068863	beq	x13,x0,100110	 x13:0x00000074  x0:0x00000000
          29854	     14923	00100104	00d7a023	sw	x13,0(x15)	 x15:0x00020000 x13:0x00000074 PA:0x00020000 store:0x00000074 load:0x00000000
          29858	     14925	00100108	00054803	lbu	x16,0(x10)	 x10:0x00101b28 x16=0x00000069 PA:0x00101b28 store:0x00000000
          29862	     14927	0010010c	fa0810e3	bne	x16,x0,1000ac	 x16:0x00000069  x0:0x00000000
          29868	     14930	001000ac	0107a023	sw	x16,0(x15)	 x15:0x00020000 x16:0x00000069 PA:0x00020000 store:0x00000069 load:0x00000000
          29872	     14932	001000b0	00154703	lbu	x14,1(x10)	 x10:0x00101b28 x14=0x0000006e PA:0x00101b29 store:0x00101608
          29874	     14933	001000b4	04070e63	beq	x14,x0,100110	 x14:0x0000006e  x0:0x00000000
          29878	     14935	001000b8	00e7a023	sw	x14,0(x15)	 x15:0x00020000 x14:0x0000006e PA:0x00020000 store:0x0000006e load:0x00000000
          29882	     14937	001000bc	00254283	lbu	x5,2(x10)	 x10:0x00101b28  x5=0x00000067 PA:0x00101b2a store:0x00137fa0
          29884	     14938	001000c0	04028863	beq	x5,x0,100110	  x5:0x00000067  x0:0x00000000
          29888	     14940	001000c4	0057a023	sw	x5,0(x15)	 x15:0x00020000  x5:0x00000067 PA:0x00020000 store:0x00000067 load:0x00000000
          29892	     14942	001000c8	00354303	lbu	x6,3(x10)	 x10:0x00101b28  x6=0x00000020 PA:0x00101b2b store:0x00000000
          29894	     14943	001000cc	04030263	beq	x6,x0,100110	  x6:0x00000020  x0:0x00000000
          29898	     14945	001000d0	0067a023	sw	x6,0(x15)	 x15:0x00020000  x6:0x00000020 PA:0x00020000 store:0x00000020 load:0x00000000
          29902	     14947	001000d4	00454383	lbu	x7,4(x10)	 x10:0x00101b28  x7=0x00000030 PA:0x00101b2c store:0x00000000
          29904	     14948	001000d8	02038c63	beq	x7,x0,100110	  x7:0x00000030  x0:0x00000000
          29908	     14950	001000dc	0077a023	sw	x7,0(x15)	 x15:0x00020000  x7:0x00000030 PA:0x00020000 store:0x00000030 load:0x00000000
          29912	     14952	001000e0	00554583	lbu	x11,5(x10)	 x10:0x00101b28 x11=0x00000078 PA:0x00101b2d store:0x00000067
          29914	     14953	001000e4	02058663	beq	x11,x0,100110	 x11:0x00000078  x0:0x00000000
          29918	     14955	001000e8	00b7a023	sw	x11,0(x15)	 x15:0x00020000 x11:0x00000078 PA:0x00020000 store:0x00000078 load:0x00000000
          29922	     14957	001000ec	00654603	lbu	x12,6(x10)	 x10:0x00101b28 x12=0x00000034 PA:0x00101b2e store:0x00000020
          29924	     14958	001000f0	02060063	beq	x12,x0,100110	 x12:0x00000034  x0:0x00000000
          29928	     14960	001000f4	00c7a023	sw	x12,0(x15)	 x15:0x00020000 x12:0x00000034 PA:0x00020000 store:0x00000034 load:0x00000000
          29932	     14962	001000f8	00754683	lbu	x13,7(x10)	 x10:0x00101b28 x13=0x00000030 PA:0x00101b2f store:0x00000030
          29934	     14963	001000fc	00850513	addi	x10,x10,8	 x10:0x00101b28 x10=0x00101b30
          29936	     14964	00100100	00068863	beq	x13,x0,100110	 x13:0x00000030  x0:0x00000000
          29940	     14966	00100104	00d7a023	sw	x13,0(x15)	 x15:0x00020000 x13:0x00000030 PA:0x00020000 store:0x00000030 load:0x00000000
          29944	     14968	00100108	00054803	lbu	x16,0(x10)	 x10:0x00101b30 x16=0x0000003a PA:0x00101b30 store:0x00000000
          29948	     14970	0010010c	fa0810e3	bne	x16,x0,1000ac	 x16:0x0000003a  x0:0x00000000
          29954	     14973	001000ac	0107a023	sw	x16,0(x15)	 x15:0x00020000 x16:0x0000003a PA:0x00020000 store:0x0000003a load:0x00000000
          29958	     14975	001000b0	00154703	lbu	x14,1(x10)	 x10:0x00101b30 x14=0x00000020 PA:0x00101b31 store:0x00101608
          29960	     14976	001000b4	04070e63	beq	x14,x0,100110	 x14:0x00000020  x0:0x00000000
          29964	     14978	001000b8	00e7a023	sw	x14,0(x15)	 x15:0x00020000 x14:0x00000020 PA:0x00020000 store:0x00000020 load:0x00000000
          29968	     14980	001000bc	00254283	lbu	x5,2(x10)	 x10:0x00101b30  x5=0x00000000 PA:0x00101b32 store:0x00137fa0
          29972	     14982	001000c0	04028863	beq	x5,x0,100110	  x5:0x00000000  x0:0x00000000
          29976	     14984	00100110	00000513	addi	x10,x0,0	  x0:0x00000000 x10=0x00000000
          29980	     14986	00100114	00008067	jalr	x0,0(x1)	  x1:0x00101608  x0=0x00000000
          29984	     14988	00101608	cf8a2503	lw	x10,-776(x20)	 x20:0x00102000 x10=0x00000040 PA:0x00101cf8 store:0x00102000
          29988	     14990	0010160c	b15fe0ef	jal	x1,100120	  x1=0x00101610
          29990	     14991	00100120	01c55793	srli	x15,x10,0x1c	 x10:0x00000040 x15=0x00000000
          29992	     14992	00100124	00900713	addi	x14,x0,9	  x0:0x00000000 x14=0x00000009
          29996	     14994	00100128	0cf77a63	bgeu	x14,x15,1001fc	 x14:0x00000009 x15:0x00000000
          30000	     14996	001001fc	03078393	addi	x7,x15,48	 x15:0x00000000  x7=0x00000030
          30002	     14997	00100200	000205b7	lui	x11,0x20	 x11=0x00020000
          30004	     14998	00100204	00451613	slli	x12,x10,0x4	 x10:0x00000040 x12=0x00000400
          30008	     15000	00100208	0075a023	sw	x7,0(x11)	 x11:0x00020000  x7:0x00000030 PA:0x00020000 store:0x00000030 load:0x00000000
          30010	     15001	0010020c	01c65693	srli	x13,x12,0x1c	 x12:0x00000400 x13=0x00000000
          30012	     15002	00100210	00900813	addi	x16,x0,9	  x0:0x00000000 x16=0x00000009
          30014	     15003	00100214	f2d86ae3	bltu	x16,x13,100148	 x16:0x00000009 x13:0x00000000
          30016	     15004	00100218	03068e93	addi	x29,x13,48	 x13:0x00000000 x29=0x00000030
          30018	     15005	0010021c	00020f37	lui	x30,0x20	 x30=0x00020000
          30020	     15006	00100220	00851f93	slli	x31,x10,0x8	 x10:0x00000040 x31=0x00004000
          30024	     15008	00100224	01df2023	sw	x29,0(x30)	 x30:0x00020000 x29:0x00000030 PA:0x00020000 store:0x00000030 load:0x00000000
          30026	     15009	00100228	01cfd793	srli	x15,x31,0x1c	 x31:0x00004000 x15=0x00000000
          30028	     15010	0010022c	00900713	addi	x14,x0,9	  x0:0x00000000 x14=0x00000009
          30030	     15011	00100230	f2f76ae3	bltu	x14,x15,100164	 x14:0x00000009 x15:0x00000000
          30032	     15012	00100234	03078393	addi	x7,x15,48	 x15:0x00000000  x7=0x00000030
          30034	     15013	00100238	000205b7	lui	x11,0x20	 x11=0x00020000
          30036	     15014	0010023c	00c51613	slli	x12,x10,0xc	 x10:0x00000040 x12=0x00040000
          30040	     15016	00100240	0075a023	sw	x7,0(x11)	 x11:0x00020000  x7:0x00000030 PA:0x00020000 store:0x00000030 load:0x00000000
          30042	     15017	00100244	01c65693	srli	x13,x12,0x1c	 x12:0x00040000 x13=0x00000000
          30044	     15018	00100248	00900813	addi	x16,x0,9	  x0:0x00000000 x16=0x00000009
          30046	     15019	0010024c	f2d86ae3	bltu	x16,x13,100180	 x16:0x00000009 x13:0x00000000
          30048	     15020	00100250	03068e93	addi	x29,x13,48	 x13:0x00000000 x29=0x00000030
          30050	     15021	00100254	00020f37	lui	x30,0x20	 x30=0x00020000
          30052	     15022	00100258	01051f93	slli	x31,x10,0x10	 x10:0x00000040 x31=0x00400000
          30056	     15024	0010025c	01df2023	sw	x29,0(x30)	 x30:0x00020000 x29:0x00000030 PA:0x00020000 store:0x00000030 load:0x00000000
          30058	     15025	00100260	01cfd793	srli	x15,x31,0x1c	 x31:0x00400000 x15=0x00000000
          30060	     15026	00100264	00900713	addi	x14,x0,9	  x0:0x00000000 x14=0x00000009
          30062	     15027	00100268	f2f76ae3	bltu	x14,x15,10019c	 x14:0x00000009 x15:0x00000000
          30064	     15028	0010026c	03078393	addi	x7,x15,48	 x15:0x00000000  x7=0x00000030
          30066	     15029	00100270	000205b7	lui	x11,0x20	 x11=0x00020000
          30068	     15030	00100274	01451613	slli	x12,x10,0x14	 x10:0x00000040 x12=0x04000000
          30072	     15032	00100278	0075a023	sw	x7,0(x11)	 x11:0x00020000  x7:0x00000030 PA:0x00020000 store:0x00000030 load:0x00000000
          30074	     15033	0010027c	01c65693	srli	x13,x12,0x1c	 x12:0x04000000 x13=0x00000000
          30076	     15034	00100280	00900813	addi	x16,x0,9	  x0:0x00000000 x16=0x00000009
          30078	     15035	00100284	f2d86ae3	bltu	x16,x13,1001b8	 x16:0x00000009 x13:0x00000000
          30080	     15036	00100288	03068e93	addi	x29,x13,48	 x13:0x00000000 x29=0x00000030
          30082	     15037	0010028c	00020f37	lui	x30,0x20	 x30=0x00020000
          30084	     15038	00100290	01851f93	slli	x31,x10,0x18	 x10:0x00000040 x31=0x40000000
          30088	     15040	00100294	01df2023	sw	x29,0(x30)	 x30:0x00020000 x29:0x00000030 PA:0x00020000 store:0x00000030 load:0x00000000
          30090	     15041	00100298	01cfd793	srli	x15,x31,0x1c	 x31:0x40000000 x15=0x00000004
          30092	     15042	0010029c	00900713	addi	x14,x0,9	  x0:0x00000000 x14=0x00000009
          30094	     15043	001002a0	f2f76ae3	bltu	x14,x15,1001d4	 x14:0x00000009 x15:0x00000004
          30096	     15044	001002a4	03078393	addi	x7,x15,48	 x15:0x00000004  x7=0x00000034
          30098	     15045	001002a8	000205b7	lui	x11,0x20	 x11=0x00020000
          30102	     15047	001002ac	0075a023	sw	x7,0(x11)	 x11:0x00020000  x7:0x00000034 PA:0x00020000 store:0x00000034 load:0x00000000
          30104	     15048	001002b0	00f57513	andi	x10,x10,15	 x10:0x00000040 x10=0x00000000
          30106	     15049	001002b4	00900613	addi	x12,x0,9	  x0:0x00000000 x12=0x00000009
          30110	     15051	001002b8	f2a67ae3	bgeu	x12,x10,1001ec	 x12:0x00000009 x10:0x00000000
          30114	     15053	001001ec	03050893	addi	x17,x10,48	 x10:0x00000000 x17=0x00000030
          30116	     15054	001001f0	00020e37	lui	x28,0x20	 x28=0x00020000
          30120	     15056	001001f4	011e2023	sw	x17,0(x28)	 x28:0x00020000 x17:0x00000030 PA:0x00020000 store:0x00000030 load:0x00000000
          30124	     15058	001001f8	00008067	jalr	x0,0(x1)	  x1:0x00101610  x0=0x00000000
          30126	     15059	00101610	7f800eb7	lui	x29,0x7f800	 x29=0x7f800000
          30130	     15061	00101614	cfddaa23	sw	x29,-780(x27)	 x27:0x00102000 x29:0x7f800000 PA:0x00101cf4 store:0x7f800000 load:0x00000040
          30140	     15066	00101618	cf4daf03	lw	x30,-780(x27)	 x27:0x00102000 x30=0x7f800000 PA:0x00101cf4 store:0x00102000
          30142	     15067	0010161c	f00f0ed3	fmv.w.x	f29,x30	 x30:0x7f800000 f29=0x00000000
          30144	     15068	00101620	d1d9a427	fsw	f29,-760(x19)	 f19:0x00102000 f29:0x7f800000 PA:0x00101d08 store:0x7f800000 load:0x7f800000
          30148	     15070	00101624	d089af07	flw	f30,-760(x19)	 f19:0x00102000 f30=0x00000000 PA:0x00101d08 store:0x00000047
          30154	     15073	00101628	00102fb7	lui	x31,0x102	 x31=0x00102000
          30156	     15074	0010162c	b34f8513	addi	x10,x31,-1228	 x31:0x00102000 x10=0x00101b34
          30158	     15075	00101630	e00f19d3	fclass.s	x19,f30	 f30:0x7f800000 x19=0x00000080
          30160	     15076	00101634	cf3daa23	sw	x19,-780(x27)	 x27:0x00102000 x19:0x00000080 PA:0x00101cf4 store:0x00000080 load:0x7f800000
          30162	     15077	00101638	a69fe0ef	jal	x1,1000a0	  x1=0x0010163c
          30164	     15078	001000a0	00054803	lbu	x16,0(x10)	 x10:0x00101b34 x16=0x0000000a PA:0x00101b34 store:0x00000000
          30166	     15079	001000a4	06080663	beq	x16,x0,100110	 x16:0x0000000a  x0:0x00000000
          30168	     15080	001000a8	000207b7	lui	x15,0x20	 x15=0x00020000
          30172	     15082	001000ac	0107a023	sw	x16,0(x15)	 x15:0x00020000 x16:0x0000000a PA:0x00020000 store:0x0000000a load:0x00000000
          30176	     15084	001000b0	00154703	lbu	x14,1(x10)	 x10:0x00101b34 x14=0x00000020 PA:0x00101b35 store:0x0010163c
          30178	     15085	001000b4	04070e63	beq	x14,x0,100110	 x14:0x00000020  x0:0x00000000
          30182	     15087	001000b8	00e7a023	sw	x14,0(x15)	 x15:0x00020000 x14:0x00000020 PA:0x00020000 store:0x00000020 load:0x00000000
          30186	     15089	001000bc	00254283	lbu	x5,2(x10)	 x10:0x00101b34  x5=0x00000045 PA:0x00101b36 store:0x00137fa0
          30188	     15090	001000c0	04028863	beq	x5,x0,100110	  x5:0x00000045  x0:0x00000000
          30192	     15092	001000c4	0057a023	sw	x5,0(x15)	 x15:0x00020000  x5:0x00000045 PA:0x00020000 store:0x00000045 load:0x00000000
          30196	     15094	001000c8	00354303	lbu	x6,3(x10)	 x10:0x00101b34  x6=0x00000078 PA:0x00101b37 store:0x00000000
          30198	     15095	001000cc	04030263	beq	x6,x0,100110	  x6:0x00000078  x0:0x00000000
          30202	     15097	001000d0	0067a023	sw	x6,0(x15)	 x15:0x00020000  x6:0x00000078 PA:0x00020000 store:0x00000078 load:0x00000000
          30206	     15099	001000d4	00454383	lbu	x7,4(x10)	 x10:0x00101b34  x7=0x00000070 PA:0x00101b38 store:0x00000000
          30208	     15100	001000d8	02038c63	beq	x7,x0,100110	  x7:0x00000070  x0:0x00000000
          30212	     15102	001000dc	0077a023	sw	x7,0(x15)	 x15:0x00020000  x7:0x00000070 PA:0x00020000 store:0x00000070 load:0x00000000
          30216	     15104	001000e0	00554583	lbu	x11,5(x10)	 x10:0x00101b34 x11=0x00000065 PA:0x00101b39 store:0x00000045
          30218	     15105	001000e4	02058663	beq	x11,x0,100110	 x11:0x00000065  x0:0x00000000
          30222	     15107	001000e8	00b7a023	sw	x11,0(x15)	 x15:0x00020000 x11:0x00000065 PA:0x00020000 store:0x00000065 load:0x00000000
          30226	     15109	001000ec	00654603	lbu	x12,6(x10)	 x10:0x00101b34 x12=0x00000063 PA:0x00101b3a store:0x00000078
          30228	     15110	001000f0	02060063	beq	x12,x0,100110	 x12:0x00000063  x0:0x00000000
          30232	     15112	001000f4	00c7a023	sw	x12,0(x15)	 x15:0x00020000 x12:0x00000063 PA:0x00020000 store:0x00000063 load:0x00000000
          30236	     15114	001000f8	00754683	lbu	x13,7(x10)	 x10:0x00101b34 x13=0x00000074 PA:0x00101b3b store:0x00000070
          30238	     15115	001000fc	00850513	addi	x10,x10,8	 x10:0x00101b34 x10=0x00101b3c
          30240	     15116	00100100	00068863	beq	x13,x0,100110	 x13:0x00000074  x0:0x00000000
          30244	     15118	00100104	00d7a023	sw	x13,0(x15)	 x15:0x00020000 x13:0x00000074 PA:0x00020000 store:0x00000074 load:0x00000000
          30248	     15120	00100108	00054803	lbu	x16,0(x10)	 x10:0x00101b3c x16=0x00000069 PA:0x00101b3c store:0x00000000
          30252	     15122	0010010c	fa0810e3	bne	x16,x0,1000ac	 x16:0x00000069  x0:0x00000000
          30258	     15125	001000ac	0107a023	sw	x16,0(x15)	 x15:0x00020000 x16:0x00000069 PA:0x00020000 store:0x00000069 load:0x00000000
          30262	     15127	001000b0	00154703	lbu	x14,1(x10)	 x10:0x00101b3c x14=0x0000006e PA:0x00101b3d store:0x0010163c
          30264	     15128	001000b4	04070e63	beq	x14,x0,100110	 x14:0x0000006e  x0:0x00000000
          30268	     15130	001000b8	00e7a023	sw	x14,0(x15)	 x15:0x00020000 x14:0x0000006e PA:0x00020000 store:0x0000006e load:0x00000000
          30272	     15132	001000bc	00254283	lbu	x5,2(x10)	 x10:0x00101b3c  x5=0x00000067 PA:0x00101b3e store:0x00137fa0
          30274	     15133	001000c0	04028863	beq	x5,x0,100110	  x5:0x00000067  x0:0x00000000
          30278	     15135	001000c4	0057a023	sw	x5,0(x15)	 x15:0x00020000  x5:0x00000067 PA:0x00020000 store:0x00000067 load:0x00000000
          30282	     15137	001000c8	00354303	lbu	x6,3(x10)	 x10:0x00101b3c  x6=0x00000020 PA:0x00101b3f store:0x00000000
          30284	     15138	001000cc	04030263	beq	x6,x0,100110	  x6:0x00000020  x0:0x00000000
          30288	     15140	001000d0	0067a023	sw	x6,0(x15)	 x15:0x00020000  x6:0x00000020 PA:0x00020000 store:0x00000020 load:0x00000000
          30292	     15142	001000d4	00454383	lbu	x7,4(x10)	 x10:0x00101b3c  x7=0x00000030 PA:0x00101b40 store:0x00000000
          30294	     15143	001000d8	02038c63	beq	x7,x0,100110	  x7:0x00000030  x0:0x00000000
          30298	     15145	001000dc	0077a023	sw	x7,0(x15)	 x15:0x00020000  x7:0x00000030 PA:0x00020000 store:0x00000030 load:0x00000000
          30302	     15147	001000e0	00554583	lbu	x11,5(x10)	 x10:0x00101b3c x11=0x00000078 PA:0x00101b41 store:0x00000067
          30304	     15148	001000e4	02058663	beq	x11,x0,100110	 x11:0x00000078  x0:0x00000000
          30308	     15150	001000e8	00b7a023	sw	x11,0(x15)	 x15:0x00020000 x11:0x00000078 PA:0x00020000 store:0x00000078 load:0x00000000
          30312	     15152	001000ec	00654603	lbu	x12,6(x10)	 x10:0x00101b3c x12=0x00000038 PA:0x00101b42 store:0x00000020
          30314	     15153	001000f0	02060063	beq	x12,x0,100110	 x12:0x00000038  x0:0x00000000
          30318	     15155	001000f4	00c7a023	sw	x12,0(x15)	 x15:0x00020000 x12:0x00000038 PA:0x00020000 store:0x00000038 load:0x00000000
          30322	     15157	001000f8	00754683	lbu	x13,7(x10)	 x10:0x00101b3c x13=0x00000030 PA:0x00101b43 store:0x00000030
          30324	     15158	001000fc	00850513	addi	x10,x10,8	 x10:0x00101b3c x10=0x00101b44
          30326	     15159	00100100	00068863	beq	x13,x0,100110	 x13:0x00000030  x0:0x00000000
          30330	     15161	00100104	00d7a023	sw	x13,0(x15)	 x15:0x00020000 x13:0x00000030 PA:0x00020000 store:0x00000030 load:0x00000000
          30334	     15163	00100108	00054803	lbu	x16,0(x10)	 x10:0x00101b44 x16=0x0000003a PA:0x00101b44 store:0x00000000
          30338	     15165	0010010c	fa0810e3	bne	x16,x0,1000ac	 x16:0x0000003a  x0:0x00000000
          30344	     15168	001000ac	0107a023	sw	x16,0(x15)	 x15:0x00020000 x16:0x0000003a PA:0x00020000 store:0x0000003a load:0x00000000
          30348	     15170	001000b0	00154703	lbu	x14,1(x10)	 x10:0x00101b44 x14=0x00000020 PA:0x00101b45 store:0x0010163c
          30350	     15171	001000b4	04070e63	beq	x14,x0,100110	 x14:0x00000020  x0:0x00000000
          30354	     15173	001000b8	00e7a023	sw	x14,0(x15)	 x15:0x00020000 x14:0x00000020 PA:0x00020000 store:0x00000020 load:0x00000000
          30358	     15175	001000bc	00254283	lbu	x5,2(x10)	 x10:0x00101b44  x5=0x00000000 PA:0x00101b46 store:0x00137fa0
          30362	     15177	001000c0	04028863	beq	x5,x0,100110	  x5:0x00000000  x0:0x00000000
          30366	     15179	00100110	00000513	addi	x10,x0,0	  x0:0x00000000 x10=0x00000000
          30370	     15181	00100114	00008067	jalr	x0,0(x1)	  x1:0x0010163c  x0=0x00000000
          30374	     15183	0010163c	cf4da503	lw	x10,-780(x27)	 x27:0x00102000 x10=0x00000080 PA:0x00101cf4 store:0x00102000
          30376	     15184	00101640	001029b7	lui	x19,0x102	 x19=0x00102000
          30380	     15186	00101644	addfe0ef	jal	x1,100120	  x1=0x00101648
          30382	     15187	00100120	01c55793	srli	x15,x10,0x1c	 x10:0x00000080 x15=0x00000000
          30384	     15188	00100124	00900713	addi	x14,x0,9	  x0:0x00000000 x14=0x00000009
          30388	     15190	00100128	0cf77a63	bgeu	x14,x15,1001fc	 x14:0x00000009 x15:0x00000000
          30392	     15192	001001fc	03078393	addi	x7,x15,48	 x15:0x00000000  x7=0x00000030
          30394	     15193	00100200	000205b7	lui	x11,0x20	 x11=0x00020000
          30396	     15194	00100204	00451613	slli	x12,x10,0x4	 x10:0x00000080 x12=0x00000800
          30400	     15196	00100208	0075a023	sw	x7,0(x11)	 x11:0x00020000  x7:0x00000030 PA:0x00020000 store:0x00000030 load:0x00000000
          30402	     15197	0010020c	01c65693	srli	x13,x12,0x1c	 x12:0x00000800 x13=0x00000000
          30404	     15198	00100210	00900813	addi	x16,x0,9	  x0:0x00000000 x16=0x00000009
          30406	     15199	00100214	f2d86ae3	bltu	x16,x13,100148	 x16:0x00000009 x13:0x00000000
          30408	     15200	00100218	03068e93	addi	x29,x13,48	 x13:0x00000000 x29=0x00000030
          30410	     15201	0010021c	00020f37	lui	x30,0x20	 x30=0x00020000
          30412	     15202	00100220	00851f93	slli	x31,x10,0x8	 x10:0x00000080 x31=0x00008000
          30416	     15204	00100224	01df2023	sw	x29,0(x30)	 x30:0x00020000 x29:0x00000030 PA:0x00020000 store:0x00000030 load:0x00000000
          30418	     15205	00100228	01cfd793	srli	x15,x31,0x1c	 x31:0x00008000 x15=0x00000000
          30420	     15206	0010022c	00900713	addi	x14,x0,9	  x0:0x00000000 x14=0x00000009
          30422	     15207	00100230	f2f76ae3	bltu	x14,x15,100164	 x14:0x00000009 x15:0x00000000
          30424	     15208	00100234	03078393	addi	x7,x15,48	 x15:0x00000000  x7=0x00000030
          30426	     15209	00100238	000205b7	lui	x11,0x20	 x11=0x00020000
          30428	     15210	0010023c	00c51613	slli	x12,x10,0xc	 x10:0x00000080 x12=0x00080000
          30432	     15212	00100240	0075a023	sw	x7,0(x11)	 x11:0x00020000  x7:0x00000030 PA:0x00020000 store:0x00000030 load:0x00000000
          30434	     15213	00100244	01c65693	srli	x13,x12,0x1c	 x12:0x00080000 x13=0x00000000
          30436	     15214	00100248	00900813	addi	x16,x0,9	  x0:0x00000000 x16=0x00000009
          30438	     15215	0010024c	f2d86ae3	bltu	x16,x13,100180	 x16:0x00000009 x13:0x00000000
          30440	     15216	00100250	03068e93	addi	x29,x13,48	 x13:0x00000000 x29=0x00000030
          30442	     15217	00100254	00020f37	lui	x30,0x20	 x30=0x00020000
          30444	     15218	00100258	01051f93	slli	x31,x10,0x10	 x10:0x00000080 x31=0x00800000
          30448	     15220	0010025c	01df2023	sw	x29,0(x30)	 x30:0x00020000 x29:0x00000030 PA:0x00020000 store:0x00000030 load:0x00000000
          30450	     15221	00100260	01cfd793	srli	x15,x31,0x1c	 x31:0x00800000 x15=0x00000000
          30452	     15222	00100264	00900713	addi	x14,x0,9	  x0:0x00000000 x14=0x00000009
          30454	     15223	00100268	f2f76ae3	bltu	x14,x15,10019c	 x14:0x00000009 x15:0x00000000
          30456	     15224	0010026c	03078393	addi	x7,x15,48	 x15:0x00000000  x7=0x00000030
          30458	     15225	00100270	000205b7	lui	x11,0x20	 x11=0x00020000
          30460	     15226	00100274	01451613	slli	x12,x10,0x14	 x10:0x00000080 x12=0x08000000
          30464	     15228	00100278	0075a023	sw	x7,0(x11)	 x11:0x00020000  x7:0x00000030 PA:0x00020000 store:0x00000030 load:0x00000000
          30466	     15229	0010027c	01c65693	srli	x13,x12,0x1c	 x12:0x08000000 x13=0x00000000
          30468	     15230	00100280	00900813	addi	x16,x0,9	  x0:0x00000000 x16=0x00000009
          30470	     15231	00100284	f2d86ae3	bltu	x16,x13,1001b8	 x16:0x00000009 x13:0x00000000
          30472	     15232	00100288	03068e93	addi	x29,x13,48	 x13:0x00000000 x29=0x00000030
          30474	     15233	0010028c	00020f37	lui	x30,0x20	 x30=0x00020000
          30476	     15234	00100290	01851f93	slli	x31,x10,0x18	 x10:0x00000080 x31=0x80000000
          30480	     15236	00100294	01df2023	sw	x29,0(x30)	 x30:0x00020000 x29:0x00000030 PA:0x00020000 store:0x00000030 load:0x00000000
          30482	     15237	00100298	01cfd793	srli	x15,x31,0x1c	 x31:0x80000000 x15=0x00000008
          30484	     15238	0010029c	00900713	addi	x14,x0,9	  x0:0x00000000 x14=0x00000009
          30486	     15239	001002a0	f2f76ae3	bltu	x14,x15,1001d4	 x14:0x00000009 x15:0x00000008
          30488	     15240	001002a4	03078393	addi	x7,x15,48	 x15:0x00000008  x7=0x00000038
          30490	     15241	001002a8	000205b7	lui	x11,0x20	 x11=0x00020000
          30494	     15243	001002ac	0075a023	sw	x7,0(x11)	 x11:0x00020000  x7:0x00000038 PA:0x00020000 store:0x00000038 load:0x00000000
          30496	     15244	001002b0	00f57513	andi	x10,x10,15	 x10:0x00000080 x10=0x00000000
          30498	     15245	001002b4	00900613	addi	x12,x0,9	  x0:0x00000000 x12=0x00000009
          30502	     15247	001002b8	f2a67ae3	bgeu	x12,x10,1001ec	 x12:0x00000009 x10:0x00000000
          30506	     15249	001001ec	03050893	addi	x17,x10,48	 x10:0x00000000 x17=0x00000030
          30508	     15250	001001f0	00020e37	lui	x28,0x20	 x28=0x00020000
          30512	     15252	001001f4	011e2023	sw	x17,0(x28)	 x28:0x00020000 x17:0x00000030 PA:0x00020000 store:0x00000030 load:0x00000000
          30516	     15254	001001f8	00008067	jalr	x0,0(x1)	  x1:0x00101648  x0=0x00000000
          30518	     15255	00101648	7fa006b7	lui	x13,0x7fa00	 x13=0x7fa00000
          30522	     15257	0010164c	cedd2823	sw	x13,-784(x26)	 x26:0x00102000 x13:0x7fa00000 PA:0x00101cf0 store:0x7fa00000 load:0x00000080
          30532	     15262	00101650	cf0d2d83	lw	x27,-784(x26)	 x26:0x00102000 x27=0x7fa00000 PA:0x00101cf0 store:0x00000009
          30534	     15263	00101654	f00d8fd3	fmv.w.x	f31,x27	 x27:0x7fa00000 f31=0x00000000
          30536	     15264	00101658	d1faa027	fsw	f31,-768(x21)	 f21:0x00102000 f31:0x80000000 PA:0x00101d00 store:0x7fa00000 load:0x7fa00000
          30540	     15266	0010165c	00102737	lui	x14,0x102	 x14=0x00102000
          30542	     15267	00101660	d00aa007	flw	f0,-768(x21)	 f21:0x00102000  f0=0x00000000 PA:0x00101d00 store:0x00000000
          30544	     15268	00101664	b4870513	addi	x10,x14,-1208	 x14:0x00102000 x10=0x00101b48
          30546	     15269	00101668	e00017d3	fclass.s	x15,f0	  f0:0x00000000 x15=0x00000100
          30548	     15270	0010166c	cefd2823	sw	x15,-784(x26)	 x26:0x00102000 x15:0x00000100 PA:0x00101cf0 store:0x00000100 load:0x7fa00000
          30550	     15271	00101670	a31fe0ef	jal	x1,1000a0	  x1=0x00101674
          30554	     15273	001000a0	00054803	lbu	x16,0(x10)	 x10:0x00101b48 x16=0x0000000a PA:0x00101b48 store:0x00000000
          30556	     15274	001000a4	06080663	beq	x16,x0,100110	 x16:0x0000000a  x0:0x00000000
          30558	     15275	001000a8	000207b7	lui	x15,0x20	 x15=0x00020000
          30562	     15277	001000ac	0107a023	sw	x16,0(x15)	 x15:0x00020000 x16:0x0000000a PA:0x00020000 store:0x0000000a load:0x00000000
          30566	     15279	001000b0	00154703	lbu	x14,1(x10)	 x10:0x00101b48 x14=0x00000020 PA:0x00101b49 store:0x00101674
          30568	     15280	001000b4	04070e63	beq	x14,x0,100110	 x14:0x00000020  x0:0x00000000
          30572	     15282	001000b8	00e7a023	sw	x14,0(x15)	 x15:0x00020000 x14:0x00000020 PA:0x00020000 store:0x00000020 load:0x00000000
          30576	     15284	001000bc	00254283	lbu	x5,2(x10)	 x10:0x00101b48  x5=0x00000045 PA:0x00101b4a store:0x00137fa0
          30578	     15285	001000c0	04028863	beq	x5,x0,100110	  x5:0x00000045  x0:0x00000000
          30582	     15287	001000c4	0057a023	sw	x5,0(x15)	 x15:0x00020000  x5:0x00000045 PA:0x00020000 store:0x00000045 load:0x00000000
          30586	     15289	001000c8	00354303	lbu	x6,3(x10)	 x10:0x00101b48  x6=0x00000078 PA:0x00101b4b store:0x00000000
          30588	     15290	001000cc	04030263	beq	x6,x0,100110	  x6:0x00000078  x0:0x00000000
          30592	     15292	001000d0	0067a023	sw	x6,0(x15)	 x15:0x00020000  x6:0x00000078 PA:0x00020000 store:0x00000078 load:0x00000000
          30596	     15294	001000d4	00454383	lbu	x7,4(x10)	 x10:0x00101b48  x7=0x00000070 PA:0x00101b4c store:0x00000000
          30598	     15295	001000d8	02038c63	beq	x7,x0,100110	  x7:0x00000070  x0:0x00000000
          30602	     15297	001000dc	0077a023	sw	x7,0(x15)	 x15:0x00020000  x7:0x00000070 PA:0x00020000 store:0x00000070 load:0x00000000
          30606	     15299	001000e0	00554583	lbu	x11,5(x10)	 x10:0x00101b48 x11=0x00000065 PA:0x00101b4d store:0x00000045
          30608	     15300	001000e4	02058663	beq	x11,x0,100110	 x11:0x00000065  x0:0x00000000
          30612	     15302	001000e8	00b7a023	sw	x11,0(x15)	 x15:0x00020000 x11:0x00000065 PA:0x00020000 store:0x00000065 load:0x00000000
          30616	     15304	001000ec	00654603	lbu	x12,6(x10)	 x10:0x00101b48 x12=0x00000063 PA:0x00101b4e store:0x00000078
          30618	     15305	001000f0	02060063	beq	x12,x0,100110	 x12:0x00000063  x0:0x00000000
          30622	     15307	001000f4	00c7a023	sw	x12,0(x15)	 x15:0x00020000 x12:0x00000063 PA:0x00020000 store:0x00000063 load:0x00000000
          30626	     15309	001000f8	00754683	lbu	x13,7(x10)	 x10:0x00101b48 x13=0x00000074 PA:0x00101b4f store:0x00000070
          30628	     15310	001000fc	00850513	addi	x10,x10,8	 x10:0x00101b48 x10=0x00101b50
          30630	     15311	00100100	00068863	beq	x13,x0,100110	 x13:0x00000074  x0:0x00000000
          30634	     15313	00100104	00d7a023	sw	x13,0(x15)	 x15:0x00020000 x13:0x00000074 PA:0x00020000 store:0x00000074 load:0x00000000
          30638	     15315	00100108	00054803	lbu	x16,0(x10)	 x10:0x00101b50 x16=0x00000069 PA:0x00101b50 store:0x00000000
          30642	     15317	0010010c	fa0810e3	bne	x16,x0,1000ac	 x16:0x00000069  x0:0x00000000
          30648	     15320	001000ac	0107a023	sw	x16,0(x15)	 x15:0x00020000 x16:0x00000069 PA:0x00020000 store:0x00000069 load:0x00000000
          30652	     15322	001000b0	00154703	lbu	x14,1(x10)	 x10:0x00101b50 x14=0x0000006e PA:0x00101b51 store:0x00101674
          30654	     15323	001000b4	04070e63	beq	x14,x0,100110	 x14:0x0000006e  x0:0x00000000
          30658	     15325	001000b8	00e7a023	sw	x14,0(x15)	 x15:0x00020000 x14:0x0000006e PA:0x00020000 store:0x0000006e load:0x00000000
          30662	     15327	001000bc	00254283	lbu	x5,2(x10)	 x10:0x00101b50  x5=0x00000067 PA:0x00101b52 store:0x00137fa0
          30664	     15328	001000c0	04028863	beq	x5,x0,100110	  x5:0x00000067  x0:0x00000000
          30668	     15330	001000c4	0057a023	sw	x5,0(x15)	 x15:0x00020000  x5:0x00000067 PA:0x00020000 store:0x00000067 load:0x00000000
          30672	     15332	001000c8	00354303	lbu	x6,3(x10)	 x10:0x00101b50  x6=0x00000020 PA:0x00101b53 store:0x00000000
          30674	     15333	001000cc	04030263	beq	x6,x0,100110	  x6:0x00000020  x0:0x00000000
          30678	     15335	001000d0	0067a023	sw	x6,0(x15)	 x15:0x00020000  x6:0x00000020 PA:0x00020000 store:0x00000020 load:0x00000000
          30682	     15337	001000d4	00454383	lbu	x7,4(x10)	 x10:0x00101b50  x7=0x00000030 PA:0x00101b54 store:0x00000000
          30684	     15338	001000d8	02038c63	beq	x7,x0,100110	  x7:0x00000030  x0:0x00000000
          30688	     15340	001000dc	0077a023	sw	x7,0(x15)	 x15:0x00020000  x7:0x00000030 PA:0x00020000 store:0x00000030 load:0x00000000
          30692	     15342	001000e0	00554583	lbu	x11,5(x10)	 x10:0x00101b50 x11=0x00000078 PA:0x00101b55 store:0x00000067
          30694	     15343	001000e4	02058663	beq	x11,x0,100110	 x11:0x00000078  x0:0x00000000
          30698	     15345	001000e8	00b7a023	sw	x11,0(x15)	 x15:0x00020000 x11:0x00000078 PA:0x00020000 store:0x00000078 load:0x00000000
          30702	     15347	001000ec	00654603	lbu	x12,6(x10)	 x10:0x00101b50 x12=0x00000031 PA:0x00101b56 store:0x00000020
          30704	     15348	001000f0	02060063	beq	x12,x0,100110	 x12:0x00000031  x0:0x00000000
          30708	     15350	001000f4	00c7a023	sw	x12,0(x15)	 x15:0x00020000 x12:0x00000031 PA:0x00020000 store:0x00000031 load:0x00000000
          30712	     15352	001000f8	00754683	lbu	x13,7(x10)	 x10:0x00101b50 x13=0x00000030 PA:0x00101b57 store:0x00000030
          30714	     15353	001000fc	00850513	addi	x10,x10,8	 x10:0x00101b50 x10=0x00101b58
          30716	     15354	00100100	00068863	beq	x13,x0,100110	 x13:0x00000030  x0:0x00000000
          30720	     15356	00100104	00d7a023	sw	x13,0(x15)	 x15:0x00020000 x13:0x00000030 PA:0x00020000 store:0x00000030 load:0x00000000
          30724	     15358	00100108	00054803	lbu	x16,0(x10)	 x10:0x00101b58 x16=0x00000030 PA:0x00101b58 store:0x00000000
          30728	     15360	0010010c	fa0810e3	bne	x16,x0,1000ac	 x16:0x00000030  x0:0x00000000
          30734	     15363	001000ac	0107a023	sw	x16,0(x15)	 x15:0x00020000 x16:0x00000030 PA:0x00020000 store:0x00000030 load:0x00000000
          30738	     15365	001000b0	00154703	lbu	x14,1(x10)	 x10:0x00101b58 x14=0x0000003a PA:0x00101b59 store:0x00101674
          30740	     15366	001000b4	04070e63	beq	x14,x0,100110	 x14:0x0000003a  x0:0x00000000
          30744	     15368	001000b8	00e7a023	sw	x14,0(x15)	 x15:0x00020000 x14:0x0000003a PA:0x00020000 store:0x0000003a load:0x00000000
          30748	     15370	001000bc	00254283	lbu	x5,2(x10)	 x10:0x00101b58  x5=0x00000020 PA:0x00101b5a store:0x00137fa0
          30750	     15371	001000c0	04028863	beq	x5,x0,100110	  x5:0x00000020  x0:0x00000000
          30754	     15373	001000c4	0057a023	sw	x5,0(x15)	 x15:0x00020000  x5:0x00000020 PA:0x00020000 store:0x00000020 load:0x00000000
          30758	     15375	001000c8	00354303	lbu	x6,3(x10)	 x10:0x00101b58  x6=0x00000000 PA:0x00101b5b store:0x00000000
          30762	     15377	001000cc	04030263	beq	x6,x0,100110	  x6:0x00000000  x0:0x00000000
          30766	     15379	00100110	00000513	addi	x10,x0,0	  x0:0x00000000 x10=0x00000000
          30770	     15381	00100114	00008067	jalr	x0,0(x1)	  x1:0x00101674  x0=0x00000000
          30774	     15383	00101674	cf0d2503	lw	x10,-784(x26)	 x26:0x00102000 x10=0x00000100 PA:0x00101cf0 store:0x00000030
          30776	     15384	00101678	00102d37	lui	x26,0x102	 x26=0x00102000
          30780	     15386	0010167c	aa5fe0ef	jal	x1,100120	  x1=0x00101680
          30782	     15387	00100120	01c55793	srli	x15,x10,0x1c	 x10:0x00000100 x15=0x00000000
          30784	     15388	00100124	00900713	addi	x14,x0,9	  x0:0x00000000 x14=0x00000009
          30788	     15390	00100128	0cf77a63	bgeu	x14,x15,1001fc	 x14:0x00000009 x15:0x00000000
          30792	     15392	001001fc	03078393	addi	x7,x15,48	 x15:0x00000000  x7=0x00000030
          30794	     15393	00100200	000205b7	lui	x11,0x20	 x11=0x00020000
          30796	     15394	00100204	00451613	slli	x12,x10,0x4	 x10:0x00000100 x12=0x00001000
          30800	     15396	00100208	0075a023	sw	x7,0(x11)	 x11:0x00020000  x7:0x00000030 PA:0x00020000 store:0x00000030 load:0x00000000
          30802	     15397	0010020c	01c65693	srli	x13,x12,0x1c	 x12:0x00001000 x13=0x00000000
          30804	     15398	00100210	00900813	addi	x16,x0,9	  x0:0x00000000 x16=0x00000009
          30806	     15399	00100214	f2d86ae3	bltu	x16,x13,100148	 x16:0x00000009 x13:0x00000000
          30808	     15400	00100218	03068e93	addi	x29,x13,48	 x13:0x00000000 x29=0x00000030
          30810	     15401	0010021c	00020f37	lui	x30,0x20	 x30=0x00020000
          30812	     15402	00100220	00851f93	slli	x31,x10,0x8	 x10:0x00000100 x31=0x00010000
          30816	     15404	00100224	01df2023	sw	x29,0(x30)	 x30:0x00020000 x29:0x00000030 PA:0x00020000 store:0x00000030 load:0x00000000
          30818	     15405	00100228	01cfd793	srli	x15,x31,0x1c	 x31:0x00010000 x15=0x00000000
          30820	     15406	0010022c	00900713	addi	x14,x0,9	  x0:0x00000000 x14=0x00000009
          30822	     15407	00100230	f2f76ae3	bltu	x14,x15,100164	 x14:0x00000009 x15:0x00000000
          30824	     15408	00100234	03078393	addi	x7,x15,48	 x15:0x00000000  x7=0x00000030
          30826	     15409	00100238	000205b7	lui	x11,0x20	 x11=0x00020000
          30828	     15410	0010023c	00c51613	slli	x12,x10,0xc	 x10:0x00000100 x12=0x00100000
          30832	     15412	00100240	0075a023	sw	x7,0(x11)	 x11:0x00020000  x7:0x00000030 PA:0x00020000 store:0x00000030 load:0x00000000
          30834	     15413	00100244	01c65693	srli	x13,x12,0x1c	 x12:0x00100000 x13=0x00000000
          30836	     15414	00100248	00900813	addi	x16,x0,9	  x0:0x00000000 x16=0x00000009
          30838	     15415	0010024c	f2d86ae3	bltu	x16,x13,100180	 x16:0x00000009 x13:0x00000000
          30840	     15416	00100250	03068e93	addi	x29,x13,48	 x13:0x00000000 x29=0x00000030
          30842	     15417	00100254	00020f37	lui	x30,0x20	 x30=0x00020000
          30844	     15418	00100258	01051f93	slli	x31,x10,0x10	 x10:0x00000100 x31=0x01000000
          30848	     15420	0010025c	01df2023	sw	x29,0(x30)	 x30:0x00020000 x29:0x00000030 PA:0x00020000 store:0x00000030 load:0x00000000
          30850	     15421	00100260	01cfd793	srli	x15,x31,0x1c	 x31:0x01000000 x15=0x00000000
          30852	     15422	00100264	00900713	addi	x14,x0,9	  x0:0x00000000 x14=0x00000009
          30854	     15423	00100268	f2f76ae3	bltu	x14,x15,10019c	 x14:0x00000009 x15:0x00000000
          30856	     15424	0010026c	03078393	addi	x7,x15,48	 x15:0x00000000  x7=0x00000030
          30858	     15425	00100270	000205b7	lui	x11,0x20	 x11=0x00020000
          30860	     15426	00100274	01451613	slli	x12,x10,0x14	 x10:0x00000100 x12=0x10000000
          30864	     15428	00100278	0075a023	sw	x7,0(x11)	 x11:0x00020000  x7:0x00000030 PA:0x00020000 store:0x00000030 load:0x00000000
          30866	     15429	0010027c	01c65693	srli	x13,x12,0x1c	 x12:0x10000000 x13=0x00000001
          30868	     15430	00100280	00900813	addi	x16,x0,9	  x0:0x00000000 x16=0x00000009
          30870	     15431	00100284	f2d86ae3	bltu	x16,x13,1001b8	 x16:0x00000009 x13:0x00000001
          30872	     15432	00100288	03068e93	addi	x29,x13,48	 x13:0x00000001 x29=0x00000031
          30874	     15433	0010028c	00020f37	lui	x30,0x20	 x30=0x00020000
          30876	     15434	00100290	01851f93	slli	x31,x10,0x18	 x10:0x00000100 x31=0x00000000
          30880	     15436	00100294	01df2023	sw	x29,0(x30)	 x30:0x00020000 x29:0x00000031 PA:0x00020000 store:0x00000031 load:0x00000000
          30882	     15437	00100298	01cfd793	srli	x15,x31,0x1c	 x31:0x00000000 x15=0x00000000
          30884	     15438	0010029c	00900713	addi	x14,x0,9	  x0:0x00000000 x14=0x00000009
          30886	     15439	001002a0	f2f76ae3	bltu	x14,x15,1001d4	 x14:0x00000009 x15:0x00000000
          30888	     15440	001002a4	03078393	addi	x7,x15,48	 x15:0x00000000  x7=0x00000030
          30890	     15441	001002a8	000205b7	lui	x11,0x20	 x11=0x00020000
          30894	     15443	001002ac	0075a023	sw	x7,0(x11)	 x11:0x00020000  x7:0x00000030 PA:0x00020000 store:0x00000030 load:0x00000000
          30896	     15444	001002b0	00f57513	andi	x10,x10,15	 x10:0x00000100 x10=0x00000000
          30898	     15445	001002b4	00900613	addi	x12,x0,9	  x0:0x00000000 x12=0x00000009
          30902	     15447	001002b8	f2a67ae3	bgeu	x12,x10,1001ec	 x12:0x00000009 x10:0x00000000
          30906	     15449	001001ec	03050893	addi	x17,x10,48	 x10:0x00000000 x17=0x00000030
          30908	     15450	001001f0	00020e37	lui	x28,0x20	 x28=0x00020000
          30912	     15452	001001f4	011e2023	sw	x17,0(x28)	 x28:0x00020000 x17:0x00000030 PA:0x00020000 store:0x00000030 load:0x00000000
          30916	     15454	001001f8	00008067	jalr	x0,0(x1)	  x1:0x00101680  x0=0x00000000
          30918	     15455	00101680	7fc002b7	lui	x5,0x7fc00	  x5=0x7fc00000
          30922	     15457	00101684	ce5a2c23	sw	x5,-776(x20)	 x20:0x00102000  x5:0x7fc00000 PA:0x00101cf8 store:0x7fc00000 load:0x00000100
          30932	     15462	00101688	cf8a2483	lw	x9,-776(x20)	 x20:0x00102000  x9=0x7fc00000 PA:0x00101cf8 store:0x00102000
          30934	     15463	0010168c	f00480d3	fmv.w.x	f1,x9	  x9:0x7fc00000  f1=0x00000000
          30936	     15464	00101690	ce1d2e27	fsw	f1,-772(x26)	 f26:0x00102000  f1:0x00101680 PA:0x00101cfc store:0x7fc00000 load:0x7fc00000
          30940	     15466	00101694	cfcd2107	flw	f2,-772(x26)	 f26:0x00102000  f2=0x00000000 PA:0x00101cfc store:0x4019999a
          30946	     15469	00101698	00102537	lui	x10,0x102	 x10=0x00102000
          30948	     15470	0010169c	b5c50513	addi	x10,x10,-1188	 x10:0x00102000 x10=0x00101b5c
          30950	     15471	001016a0	e0011353	fclass.s	x6,f2	  f2:0x00137fa0  x6=0x00000200
          30952	     15472	001016a4	ce6a2c23	sw	x6,-776(x20)	 x20:0x00102000  x6:0x00000200 PA:0x00101cf8 store:0x00000200 load:0x7fc00000
          30954	     15473	001016a8	9f9fe0ef	jal	x1,1000a0	  x1=0x001016ac
          30956	     15474	001000a0	00054803	lbu	x16,0(x10)	 x10:0x00101b5c x16=0x0000000a PA:0x00101b5c store:0x00000000
          30958	     15475	001000a4	06080663	beq	x16,x0,100110	 x16:0x0000000a  x0:0x00000000
          30960	     15476	001000a8	000207b7	lui	x15,0x20	 x15=0x00020000
          30964	     15478	001000ac	0107a023	sw	x16,0(x15)	 x15:0x00020000 x16:0x0000000a PA:0x00020000 store:0x0000000a load:0x00000000
          30968	     15480	001000b0	00154703	lbu	x14,1(x10)	 x10:0x00101b5c x14=0x00000020 PA:0x00101b5d store:0x001016ac
          30970	     15481	001000b4	04070e63	beq	x14,x0,100110	 x14:0x00000020  x0:0x00000000
          30974	     15483	001000b8	00e7a023	sw	x14,0(x15)	 x15:0x00020000 x14:0x00000020 PA:0x00020000 store:0x00000020 load:0x00000000
          30978	     15485	001000bc	00254283	lbu	x5,2(x10)	 x10:0x00101b5c  x5=0x00000045 PA:0x00101b5e store:0x00137fa0
          30980	     15486	001000c0	04028863	beq	x5,x0,100110	  x5:0x00000045  x0:0x00000000
          30984	     15488	001000c4	0057a023	sw	x5,0(x15)	 x15:0x00020000  x5:0x00000045 PA:0x00020000 store:0x00000045 load:0x00000000
          30988	     15490	001000c8	00354303	lbu	x6,3(x10)	 x10:0x00101b5c  x6=0x00000078 PA:0x00101b5f store:0x00000000
          30990	     15491	001000cc	04030263	beq	x6,x0,100110	  x6:0x00000078  x0:0x00000000
          30994	     15493	001000d0	0067a023	sw	x6,0(x15)	 x15:0x00020000  x6:0x00000078 PA:0x00020000 store:0x00000078 load:0x00000000
          30998	     15495	001000d4	00454383	lbu	x7,4(x10)	 x10:0x00101b5c  x7=0x00000070 PA:0x00101b60 store:0x00000000
          31000	     15496	001000d8	02038c63	beq	x7,x0,100110	  x7:0x00000070  x0:0x00000000
          31004	     15498	001000dc	0077a023	sw	x7,0(x15)	 x15:0x00020000  x7:0x00000070 PA:0x00020000 store:0x00000070 load:0x00000000
          31008	     15500	001000e0	00554583	lbu	x11,5(x10)	 x10:0x00101b5c x11=0x00000065 PA:0x00101b61 store:0x00000045
          31010	     15501	001000e4	02058663	beq	x11,x0,100110	 x11:0x00000065  x0:0x00000000
          31014	     15503	001000e8	00b7a023	sw	x11,0(x15)	 x15:0x00020000 x11:0x00000065 PA:0x00020000 store:0x00000065 load:0x00000000
          31018	     15505	001000ec	00654603	lbu	x12,6(x10)	 x10:0x00101b5c x12=0x00000063 PA:0x00101b62 store:0x00000078
          31020	     15506	001000f0	02060063	beq	x12,x0,100110	 x12:0x00000063  x0:0x00000000
          31024	     15508	001000f4	00c7a023	sw	x12,0(x15)	 x15:0x00020000 x12:0x00000063 PA:0x00020000 store:0x00000063 load:0x00000000
          31028	     15510	001000f8	00754683	lbu	x13,7(x10)	 x10:0x00101b5c x13=0x00000074 PA:0x00101b63 store:0x00000070
          31030	     15511	001000fc	00850513	addi	x10,x10,8	 x10:0x00101b5c x10=0x00101b64
          31032	     15512	00100100	00068863	beq	x13,x0,100110	 x13:0x00000074  x0:0x00000000
          31036	     15514	00100104	00d7a023	sw	x13,0(x15)	 x15:0x00020000 x13:0x00000074 PA:0x00020000 store:0x00000074 load:0x00000000
          31040	     15516	00100108	00054803	lbu	x16,0(x10)	 x10:0x00101b64 x16=0x00000069 PA:0x00101b64 store:0x00000000
          31044	     15518	0010010c	fa0810e3	bne	x16,x0,1000ac	 x16:0x00000069  x0:0x00000000
          31050	     15521	001000ac	0107a023	sw	x16,0(x15)	 x15:0x00020000 x16:0x00000069 PA:0x00020000 store:0x00000069 load:0x00000000
          31054	     15523	001000b0	00154703	lbu	x14,1(x10)	 x10:0x00101b64 x14=0x0000006e PA:0x00101b65 store:0x001016ac
          31056	     15524	001000b4	04070e63	beq	x14,x0,100110	 x14:0x0000006e  x0:0x00000000
          31060	     15526	001000b8	00e7a023	sw	x14,0(x15)	 x15:0x00020000 x14:0x0000006e PA:0x00020000 store:0x0000006e load:0x00000000
          31064	     15528	001000bc	00254283	lbu	x5,2(x10)	 x10:0x00101b64  x5=0x00000067 PA:0x00101b66 store:0x00137fa0
          31066	     15529	001000c0	04028863	beq	x5,x0,100110	  x5:0x00000067  x0:0x00000000
          31070	     15531	001000c4	0057a023	sw	x5,0(x15)	 x15:0x00020000  x5:0x00000067 PA:0x00020000 store:0x00000067 load:0x00000000
          31074	     15533	001000c8	00354303	lbu	x6,3(x10)	 x10:0x00101b64  x6=0x00000020 PA:0x00101b67 store:0x00000000
          31076	     15534	001000cc	04030263	beq	x6,x0,100110	  x6:0x00000020  x0:0x00000000
          31080	     15536	001000d0	0067a023	sw	x6,0(x15)	 x15:0x00020000  x6:0x00000020 PA:0x00020000 store:0x00000020 load:0x00000000
          31084	     15538	001000d4	00454383	lbu	x7,4(x10)	 x10:0x00101b64  x7=0x00000030 PA:0x00101b68 store:0x00000000
          31086	     15539	001000d8	02038c63	beq	x7,x0,100110	  x7:0x00000030  x0:0x00000000
          31090	     15541	001000dc	0077a023	sw	x7,0(x15)	 x15:0x00020000  x7:0x00000030 PA:0x00020000 store:0x00000030 load:0x00000000
          31094	     15543	001000e0	00554583	lbu	x11,5(x10)	 x10:0x00101b64 x11=0x00000078 PA:0x00101b69 store:0x00000067
          31096	     15544	001000e4	02058663	beq	x11,x0,100110	 x11:0x00000078  x0:0x00000000
          31100	     15546	001000e8	00b7a023	sw	x11,0(x15)	 x15:0x00020000 x11:0x00000078 PA:0x00020000 store:0x00000078 load:0x00000000
          31104	     15548	001000ec	00654603	lbu	x12,6(x10)	 x10:0x00101b64 x12=0x00000032 PA:0x00101b6a store:0x00000020
          31106	     15549	001000f0	02060063	beq	x12,x0,100110	 x12:0x00000032  x0:0x00000000
          31110	     15551	001000f4	00c7a023	sw	x12,0(x15)	 x15:0x00020000 x12:0x00000032 PA:0x00020000 store:0x00000032 load:0x00000000
          31114	     15553	001000f8	00754683	lbu	x13,7(x10)	 x10:0x00101b64 x13=0x00000030 PA:0x00101b6b store:0x00000030
          31116	     15554	001000fc	00850513	addi	x10,x10,8	 x10:0x00101b64 x10=0x00101b6c
          31118	     15555	00100100	00068863	beq	x13,x0,100110	 x13:0x00000030  x0:0x00000000
          31122	     15557	00100104	00d7a023	sw	x13,0(x15)	 x15:0x00020000 x13:0x00000030 PA:0x00020000 store:0x00000030 load:0x00000000
          31126	     15559	00100108	00054803	lbu	x16,0(x10)	 x10:0x00101b6c x16=0x00000030 PA:0x00101b6c store:0x00000000
          31130	     15561	0010010c	fa0810e3	bne	x16,x0,1000ac	 x16:0x00000030  x0:0x00000000
          31136	     15564	001000ac	0107a023	sw	x16,0(x15)	 x15:0x00020000 x16:0x00000030 PA:0x00020000 store:0x00000030 load:0x00000000
          31140	     15566	001000b0	00154703	lbu	x14,1(x10)	 x10:0x00101b6c x14=0x0000003a PA:0x00101b6d store:0x001016ac
          31142	     15567	001000b4	04070e63	beq	x14,x0,100110	 x14:0x0000003a  x0:0x00000000
          31146	     15569	001000b8	00e7a023	sw	x14,0(x15)	 x15:0x00020000 x14:0x0000003a PA:0x00020000 store:0x0000003a load:0x00000000
          31150	     15571	001000bc	00254283	lbu	x5,2(x10)	 x10:0x00101b6c  x5=0x00000020 PA:0x00101b6e store:0x00137fa0
          31152	     15572	001000c0	04028863	beq	x5,x0,100110	  x5:0x00000020  x0:0x00000000
          31156	     15574	001000c4	0057a023	sw	x5,0(x15)	 x15:0x00020000  x5:0x00000020 PA:0x00020000 store:0x00000020 load:0x00000000
          31160	     15576	001000c8	00354303	lbu	x6,3(x10)	 x10:0x00101b6c  x6=0x00000000 PA:0x00101b6f store:0x00000000
          31164	     15578	001000cc	04030263	beq	x6,x0,100110	  x6:0x00000000  x0:0x00000000
          31168	     15580	00100110	00000513	addi	x10,x0,0	  x0:0x00000000 x10=0x00000000
          31172	     15582	00100114	00008067	jalr	x0,0(x1)	  x1:0x001016ac  x0=0x00000000
          31176	     15584	001016ac	cf8a2503	lw	x10,-776(x20)	 x20:0x00102000 x10=0x00000200 PA:0x00101cf8 store:0x00102000
          31180	     15586	001016b0	a71fe0ef	jal	x1,100120	  x1=0x001016b4
          31182	     15587	00100120	01c55793	srli	x15,x10,0x1c	 x10:0x00000200 x15=0x00000000
          31184	     15588	00100124	00900713	addi	x14,x0,9	  x0:0x00000000 x14=0x00000009
          31188	     15590	00100128	0cf77a63	bgeu	x14,x15,1001fc	 x14:0x00000009 x15:0x00000000
          31192	     15592	001001fc	03078393	addi	x7,x15,48	 x15:0x00000000  x7=0x00000030
          31194	     15593	00100200	000205b7	lui	x11,0x20	 x11=0x00020000
          31196	     15594	00100204	00451613	slli	x12,x10,0x4	 x10:0x00000200 x12=0x00002000
          31200	     15596	00100208	0075a023	sw	x7,0(x11)	 x11:0x00020000  x7:0x00000030 PA:0x00020000 store:0x00000030 load:0x00000000
          31202	     15597	0010020c	01c65693	srli	x13,x12,0x1c	 x12:0x00002000 x13=0x00000000
          31204	     15598	00100210	00900813	addi	x16,x0,9	  x0:0x00000000 x16=0x00000009
          31206	     15599	00100214	f2d86ae3	bltu	x16,x13,100148	 x16:0x00000009 x13:0x00000000
          31208	     15600	00100218	03068e93	addi	x29,x13,48	 x13:0x00000000 x29=0x00000030
          31210	     15601	0010021c	00020f37	lui	x30,0x20	 x30=0x00020000
          31212	     15602	00100220	00851f93	slli	x31,x10,0x8	 x10:0x00000200 x31=0x00020000
          31216	     15604	00100224	01df2023	sw	x29,0(x30)	 x30:0x00020000 x29:0x00000030 PA:0x00020000 store:0x00000030 load:0x00000000
          31218	     15605	00100228	01cfd793	srli	x15,x31,0x1c	 x31:0x00020000 x15=0x00000000
          31220	     15606	0010022c	00900713	addi	x14,x0,9	  x0:0x00000000 x14=0x00000009
          31222	     15607	00100230	f2f76ae3	bltu	x14,x15,100164	 x14:0x00000009 x15:0x00000000
          31224	     15608	00100234	03078393	addi	x7,x15,48	 x15:0x00000000  x7=0x00000030
          31226	     15609	00100238	000205b7	lui	x11,0x20	 x11=0x00020000
          31228	     15610	0010023c	00c51613	slli	x12,x10,0xc	 x10:0x00000200 x12=0x00200000
          31232	     15612	00100240	0075a023	sw	x7,0(x11)	 x11:0x00020000  x7:0x00000030 PA:0x00020000 store:0x00000030 load:0x00000000
          31234	     15613	00100244	01c65693	srli	x13,x12,0x1c	 x12:0x00200000 x13=0x00000000
          31236	     15614	00100248	00900813	addi	x16,x0,9	  x0:0x00000000 x16=0x00000009
          31238	     15615	0010024c	f2d86ae3	bltu	x16,x13,100180	 x16:0x00000009 x13:0x00000000
          31240	     15616	00100250	03068e93	addi	x29,x13,48	 x13:0x00000000 x29=0x00000030
          31242	     15617	00100254	00020f37	lui	x30,0x20	 x30=0x00020000
          31244	     15618	00100258	01051f93	slli	x31,x10,0x10	 x10:0x00000200 x31=0x02000000
          31248	     15620	0010025c	01df2023	sw	x29,0(x30)	 x30:0x00020000 x29:0x00000030 PA:0x00020000 store:0x00000030 load:0x00000000
          31250	     15621	00100260	01cfd793	srli	x15,x31,0x1c	 x31:0x02000000 x15=0x00000000
          31252	     15622	00100264	00900713	addi	x14,x0,9	  x0:0x00000000 x14=0x00000009
          31254	     15623	00100268	f2f76ae3	bltu	x14,x15,10019c	 x14:0x00000009 x15:0x00000000
          31256	     15624	0010026c	03078393	addi	x7,x15,48	 x15:0x00000000  x7=0x00000030
          31258	     15625	00100270	000205b7	lui	x11,0x20	 x11=0x00020000
          31260	     15626	00100274	01451613	slli	x12,x10,0x14	 x10:0x00000200 x12=0x20000000
          31264	     15628	00100278	0075a023	sw	x7,0(x11)	 x11:0x00020000  x7:0x00000030 PA:0x00020000 store:0x00000030 load:0x00000000
          31266	     15629	0010027c	01c65693	srli	x13,x12,0x1c	 x12:0x20000000 x13=0x00000002
          31268	     15630	00100280	00900813	addi	x16,x0,9	  x0:0x00000000 x16=0x00000009
          31270	     15631	00100284	f2d86ae3	bltu	x16,x13,1001b8	 x16:0x00000009 x13:0x00000002
          31272	     15632	00100288	03068e93	addi	x29,x13,48	 x13:0x00000002 x29=0x00000032
          31274	     15633	0010028c	00020f37	lui	x30,0x20	 x30=0x00020000
          31276	     15634	00100290	01851f93	slli	x31,x10,0x18	 x10:0x00000200 x31=0x00000000
          31280	     15636	00100294	01df2023	sw	x29,0(x30)	 x30:0x00020000 x29:0x00000032 PA:0x00020000 store:0x00000032 load:0x00000000
          31282	     15637	00100298	01cfd793	srli	x15,x31,0x1c	 x31:0x00000000 x15=0x00000000
          31284	     15638	0010029c	00900713	addi	x14,x0,9	  x0:0x00000000 x14=0x00000009
          31286	     15639	001002a0	f2f76ae3	bltu	x14,x15,1001d4	 x14:0x00000009 x15:0x00000000
          31288	     15640	001002a4	03078393	addi	x7,x15,48	 x15:0x00000000  x7=0x00000030
          31290	     15641	001002a8	000205b7	lui	x11,0x20	 x11=0x00020000
          31294	     15643	001002ac	0075a023	sw	x7,0(x11)	 x11:0x00020000  x7:0x00000030 PA:0x00020000 store:0x00000030 load:0x00000000
          31296	     15644	001002b0	00f57513	andi	x10,x10,15	 x10:0x00000200 x10=0x00000000
          31298	     15645	001002b4	00900613	addi	x12,x0,9	  x0:0x00000000 x12=0x00000009
          31302	     15647	001002b8	f2a67ae3	bgeu	x12,x10,1001ec	 x12:0x00000009 x10:0x00000000
          31306	     15649	001001ec	03050893	addi	x17,x10,48	 x10:0x00000000 x17=0x00000030
          31308	     15650	001001f0	00020e37	lui	x28,0x20	 x28=0x00020000
          31312	     15652	001001f4	011e2023	sw	x17,0(x28)	 x28:0x00020000 x17:0x00000030 PA:0x00020000 store:0x00000030 load:0x00000000
          31316	     15654	001001f8	00008067	jalr	x0,0(x1)	  x1:0x001016b4  x0=0x00000000
          31318	     15655	001016b4	b7040513	addi	x10,x8,-1168	  x8:0x00102000 x10=0x00101b70
          31322	     15657	001016b8	9e9fe0ef	jal	x1,1000a0	  x1=0x001016bc
          31326	     15659	001000a0	00054803	lbu	x16,0(x10)	 x10:0x00101b70 x16=0x0000000a PA:0x00101b70 store:0x00000000
          31328	     15660	001000a4	06080663	beq	x16,x0,100110	 x16:0x0000000a  x0:0x00000000
          31330	     15661	001000a8	000207b7	lui	x15,0x20	 x15=0x00020000
          31334	     15663	001000ac	0107a023	sw	x16,0(x15)	 x15:0x00020000 x16:0x0000000a PA:0x00020000 store:0x0000000a load:0x00000000
          31338	     15665	001000b0	00154703	lbu	x14,1(x10)	 x10:0x00101b70 x14=0x0000000a PA:0x00101b71 store:0x001016bc
          31340	     15666	001000b4	04070e63	beq	x14,x0,100110	 x14:0x0000000a  x0:0x00000000
          31344	     15668	001000b8	00e7a023	sw	x14,0(x15)	 x15:0x00020000 x14:0x0000000a PA:0x00020000 store:0x0000000a load:0x00000000
          31348	     15670	001000bc	00254283	lbu	x5,2(x10)	 x10:0x00101b70  x5=0x00000054 PA:0x00101b72 store:0x00137fa0
          31350	     15671	001000c0	04028863	beq	x5,x0,100110	  x5:0x00000054  x0:0x00000000
          31354	     15673	001000c4	0057a023	sw	x5,0(x15)	 x15:0x00020000  x5:0x00000054 PA:0x00020000 store:0x00000054 load:0x00000000
          31358	     15675	001000c8	00354303	lbu	x6,3(x10)	 x10:0x00101b70  x6=0x00000065 PA:0x00101b73 store:0x00000000
          31360	     15676	001000cc	04030263	beq	x6,x0,100110	  x6:0x00000065  x0:0x00000000
          31364	     15678	001000d0	0067a023	sw	x6,0(x15)	 x15:0x00020000  x6:0x00000065 PA:0x00020000 store:0x00000065 load:0x00000000
          31368	     15680	001000d4	00454383	lbu	x7,4(x10)	 x10:0x00101b70  x7=0x00000073 PA:0x00101b74 store:0x00000000
          31370	     15681	001000d8	02038c63	beq	x7,x0,100110	  x7:0x00000073  x0:0x00000000
          31374	     15683	001000dc	0077a023	sw	x7,0(x15)	 x15:0x00020000  x7:0x00000073 PA:0x00020000 store:0x00000073 load:0x00000000
          31378	     15685	001000e0	00554583	lbu	x11,5(x10)	 x10:0x00101b70 x11=0x00000074 PA:0x00101b75 store:0x00000054
          31380	     15686	001000e4	02058663	beq	x11,x0,100110	 x11:0x00000074  x0:0x00000000
          31384	     15688	001000e8	00b7a023	sw	x11,0(x15)	 x15:0x00020000 x11:0x00000074 PA:0x00020000 store:0x00000074 load:0x00000000
          31388	     15690	001000ec	00654603	lbu	x12,6(x10)	 x10:0x00101b70 x12=0x00000069 PA:0x00101b76 store:0x00000065
          31390	     15691	001000f0	02060063	beq	x12,x0,100110	 x12:0x00000069  x0:0x00000000
          31394	     15693	001000f4	00c7a023	sw	x12,0(x15)	 x15:0x00020000 x12:0x00000069 PA:0x00020000 store:0x00000069 load:0x00000000
          31398	     15695	001000f8	00754683	lbu	x13,7(x10)	 x10:0x00101b70 x13=0x0000006e PA:0x00101b77 store:0x00000073
          31400	     15696	001000fc	00850513	addi	x10,x10,8	 x10:0x00101b70 x10=0x00101b78
          31402	     15697	00100100	00068863	beq	x13,x0,100110	 x13:0x0000006e  x0:0x00000000
          31406	     15699	00100104	00d7a023	sw	x13,0(x15)	 x15:0x00020000 x13:0x0000006e PA:0x00020000 store:0x0000006e load:0x00000000
          31410	     15701	00100108	00054803	lbu	x16,0(x10)	 x10:0x00101b78 x16=0x00000067 PA:0x00101b78 store:0x00000000
          31414	     15703	0010010c	fa0810e3	bne	x16,x0,1000ac	 x16:0x00000067  x0:0x00000000
          31420	     15706	001000ac	0107a023	sw	x16,0(x15)	 x15:0x00020000 x16:0x00000067 PA:0x00020000 store:0x00000067 load:0x00000000
          31424	     15708	001000b0	00154703	lbu	x14,1(x10)	 x10:0x00101b78 x14=0x00000020 PA:0x00101b79 store:0x001016bc
          31426	     15709	001000b4	04070e63	beq	x14,x0,100110	 x14:0x00000020  x0:0x00000000
          31430	     15711	001000b8	00e7a023	sw	x14,0(x15)	 x15:0x00020000 x14:0x00000020 PA:0x00020000 store:0x00000020 load:0x00000000
          31434	     15713	001000bc	00254283	lbu	x5,2(x10)	 x10:0x00101b78  x5=0x0000004d PA:0x00101b7a store:0x00137fa0
          31436	     15714	001000c0	04028863	beq	x5,x0,100110	  x5:0x0000004d  x0:0x00000000
          31440	     15716	001000c4	0057a023	sw	x5,0(x15)	 x15:0x00020000  x5:0x0000004d PA:0x00020000 store:0x0000004d load:0x00000000
          31444	     15718	001000c8	00354303	lbu	x6,3(x10)	 x10:0x00101b78  x6=0x00000049 PA:0x00101b7b store:0x00000000
          31446	     15719	001000cc	04030263	beq	x6,x0,100110	  x6:0x00000049  x0:0x00000000
          31450	     15721	001000d0	0067a023	sw	x6,0(x15)	 x15:0x00020000  x6:0x00000049 PA:0x00020000 store:0x00000049 load:0x00000000
          31454	     15723	001000d4	00454383	lbu	x7,4(x10)	 x10:0x00101b78  x7=0x0000004e PA:0x00101b7c store:0x00000000
          31456	     15724	001000d8	02038c63	beq	x7,x0,100110	  x7:0x0000004e  x0:0x00000000
          31460	     15726	001000dc	0077a023	sw	x7,0(x15)	 x15:0x00020000  x7:0x0000004e PA:0x00020000 store:0x0000004e load:0x00000000
          31464	     15728	001000e0	00554583	lbu	x11,5(x10)	 x10:0x00101b78 x11=0x00000020 PA:0x00101b7d store:0x0000004d
          31466	     15729	001000e4	02058663	beq	x11,x0,100110	 x11:0x00000020  x0:0x00000000
          31470	     15731	001000e8	00b7a023	sw	x11,0(x15)	 x15:0x00020000 x11:0x00000020 PA:0x00020000 store:0x00000020 load:0x00000000
          31474	     15733	001000ec	00654603	lbu	x12,6(x10)	 x10:0x00101b78 x12=0x00000069 PA:0x00101b7e store:0x00000049
          31476	     15734	001000f0	02060063	beq	x12,x0,100110	 x12:0x00000069  x0:0x00000000
          31480	     15736	001000f4	00c7a023	sw	x12,0(x15)	 x15:0x00020000 x12:0x00000069 PA:0x00020000 store:0x00000069 load:0x00000000
          31484	     15738	001000f8	00754683	lbu	x13,7(x10)	 x10:0x00101b78 x13=0x0000006e PA:0x00101b7f store:0x0000004e
          31486	     15739	001000fc	00850513	addi	x10,x10,8	 x10:0x00101b78 x10=0x00101b80
          31488	     15740	00100100	00068863	beq	x13,x0,100110	 x13:0x0000006e  x0:0x00000000
          31492	     15742	00100104	00d7a023	sw	x13,0(x15)	 x15:0x00020000 x13:0x0000006e PA:0x00020000 store:0x0000006e load:0x00000000
          31496	     15744	00100108	00054803	lbu	x16,0(x10)	 x10:0x00101b80 x16=0x00000073 PA:0x00101b80 store:0x00000000
          31500	     15746	0010010c	fa0810e3	bne	x16,x0,1000ac	 x16:0x00000073  x0:0x00000000
          31506	     15749	001000ac	0107a023	sw	x16,0(x15)	 x15:0x00020000 x16:0x00000073 PA:0x00020000 store:0x00000073 load:0x00000000
          31510	     15751	001000b0	00154703	lbu	x14,1(x10)	 x10:0x00101b80 x14=0x00000074 PA:0x00101b81 store:0x001016bc
          31512	     15752	001000b4	04070e63	beq	x14,x0,100110	 x14:0x00000074  x0:0x00000000
          31516	     15754	001000b8	00e7a023	sw	x14,0(x15)	 x15:0x00020000 x14:0x00000074 PA:0x00020000 store:0x00000074 load:0x00000000
          31520	     15756	001000bc	00254283	lbu	x5,2(x10)	 x10:0x00101b80  x5=0x00000072 PA:0x00101b82 store:0x00137fa0
          31522	     15757	001000c0	04028863	beq	x5,x0,100110	  x5:0x00000072  x0:0x00000000
          31526	     15759	001000c4	0057a023	sw	x5,0(x15)	 x15:0x00020000  x5:0x00000072 PA:0x00020000 store:0x00000072 load:0x00000000
          31530	     15761	001000c8	00354303	lbu	x6,3(x10)	 x10:0x00101b80  x6=0x00000075 PA:0x00101b83 store:0x00000000
          31532	     15762	001000cc	04030263	beq	x6,x0,100110	  x6:0x00000075  x0:0x00000000
          31536	     15764	001000d0	0067a023	sw	x6,0(x15)	 x15:0x00020000  x6:0x00000075 PA:0x00020000 store:0x00000075 load:0x00000000
          31540	     15766	001000d4	00454383	lbu	x7,4(x10)	 x10:0x00101b80  x7=0x00000063 PA:0x00101b84 store:0x00000000
          31542	     15767	001000d8	02038c63	beq	x7,x0,100110	  x7:0x00000063  x0:0x00000000
          31546	     15769	001000dc	0077a023	sw	x7,0(x15)	 x15:0x00020000  x7:0x00000063 PA:0x00020000 store:0x00000063 load:0x00000000
          31550	     15771	001000e0	00554583	lbu	x11,5(x10)	 x10:0x00101b80 x11=0x00000074 PA:0x00101b85 store:0x00000072
          31552	     15772	001000e4	02058663	beq	x11,x0,100110	 x11:0x00000074  x0:0x00000000
          31556	     15774	001000e8	00b7a023	sw	x11,0(x15)	 x15:0x00020000 x11:0x00000074 PA:0x00020000 store:0x00000074 load:0x00000000
          31560	     15776	001000ec	00654603	lbu	x12,6(x10)	 x10:0x00101b80 x12=0x00000069 PA:0x00101b86 store:0x00000075
          31562	     15777	001000f0	02060063	beq	x12,x0,100110	 x12:0x00000069  x0:0x00000000
          31566	     15779	001000f4	00c7a023	sw	x12,0(x15)	 x15:0x00020000 x12:0x00000069 PA:0x00020000 store:0x00000069 load:0x00000000
          31570	     15781	001000f8	00754683	lbu	x13,7(x10)	 x10:0x00101b80 x13=0x0000006f PA:0x00101b87 store:0x00000063
          31572	     15782	001000fc	00850513	addi	x10,x10,8	 x10:0x00101b80 x10=0x00101b88
          31574	     15783	00100100	00068863	beq	x13,x0,100110	 x13:0x0000006f  x0:0x00000000
          31578	     15785	00100104	00d7a023	sw	x13,0(x15)	 x15:0x00020000 x13:0x0000006f PA:0x00020000 store:0x0000006f load:0x00000000
          31582	     15787	00100108	00054803	lbu	x16,0(x10)	 x10:0x00101b88 x16=0x0000006e PA:0x00101b88 store:0x00000000
          31586	     15789	0010010c	fa0810e3	bne	x16,x0,1000ac	 x16:0x0000006e  x0:0x00000000
          31592	     15792	001000ac	0107a023	sw	x16,0(x15)	 x15:0x00020000 x16:0x0000006e PA:0x00020000 store:0x0000006e load:0x00000000
          31596	     15794	001000b0	00154703	lbu	x14,1(x10)	 x10:0x00101b88 x14=0x00000073 PA:0x00101b89 store:0x001016bc
          31598	     15795	001000b4	04070e63	beq	x14,x0,100110	 x14:0x00000073  x0:0x00000000
          31602	     15797	001000b8	00e7a023	sw	x14,0(x15)	 x15:0x00020000 x14:0x00000073 PA:0x00020000 store:0x00000073 load:0x00000000
          31606	     15799	001000bc	00254283	lbu	x5,2(x10)	 x10:0x00101b88  x5=0x0000003a PA:0x00101b8a store:0x00137fa0
          31608	     15800	001000c0	04028863	beq	x5,x0,100110	  x5:0x0000003a  x0:0x00000000
          31612	     15802	001000c4	0057a023	sw	x5,0(x15)	 x15:0x00020000  x5:0x0000003a PA:0x00020000 store:0x0000003a load:0x00000000
          31616	     15804	001000c8	00354303	lbu	x6,3(x10)	 x10:0x00101b88  x6=0x00000020 PA:0x00101b8b store:0x00000000
          31618	     15805	001000cc	04030263	beq	x6,x0,100110	  x6:0x00000020  x0:0x00000000
          31622	     15807	001000d0	0067a023	sw	x6,0(x15)	 x15:0x00020000  x6:0x00000020 PA:0x00020000 store:0x00000020 load:0x00000000
          31626	     15809	001000d4	00454383	lbu	x7,4(x10)	 x10:0x00101b88  x7=0x00000000 PA:0x00101b8c store:0x00000000
          31630	     15811	001000d8	02038c63	beq	x7,x0,100110	  x7:0x00000000  x0:0x00000000
          31634	     15813	00100110	00000513	addi	x10,x0,0	  x0:0x00000000 x10=0x00000000
          31644	     15818	00100114	00008067	jalr	x0,0(x1)	  x1:0x001016bc  x0=0x00000000
          31646	     15819	001016bc	d32ba227	fsw	f18,-732(x23)	 f23:0x00102000 f18:0x00000010 PA:0x00101d24 store:0x00000000 load:0x00000000
          31648	     15820	001016c0	d29ca027	fsw	f9,-736(x25)	 f25:0x00102000  f9:0x7fc00000 PA:0x00101d20 store:0x80000000 load:0x00000000
          31650	     15821	001016c4	d24ba787	flw	f15,-732(x23)	 f23:0x00102000 f15=0x00000000 PA:0x00101d24 store:0x3e5bdc88
          31652	     15822	001016c8	d20ca707	flw	f14,-736(x25)	 f25:0x00102000 f14=0x00000000 PA:0x00101d20 store:0x7fa00000
          31654	     15823	001016cc	28e781d3	fmin.s	f3,f15,f14	 f15:0x00020000 f14:0x00000073  f3=0x00000000
          31656	     15824	001016d0	d03aa027	fsw	f3,-768(x21)	 f21:0x00102000  f3:0x00000000 PA:0x00101d00 store:0x80000000 load:0x80000000
          31660	     15826	001016d4	d00aa207	flw	f4,-768(x21)	 f21:0x00102000  f4=0x00000000 PA:0x00101d00 store:0x7fa00000
          31664	     15828	001016d8	b90c0513	addi	x10,x24,-1136	 x24:0x00102000 x10=0x00101b90
          31666	     15829	001016dc	e0020953	fmv.x.w	x18,f4	  f4:0x00000000 x18=0x80000000
          31668	     15830	001016e0	cf2a2c23	sw	x18,-776(x20)	 x20:0x00102000 x18:0x80000000 PA:0x00101cf8 store:0x80000000 load:0x80000000
          31670	     15831	001016e4	9bdfe0ef	jal	x1,1000a0	  x1=0x001016e8
          31674	     15833	001000a0	00054803	lbu	x16,0(x10)	 x10:0x00101b90 x16=0x0000000a PA:0x00101b90 store:0x00000000
          31676	     15834	001000a4	06080663	beq	x16,x0,100110	 x16:0x0000000a  x0:0x00000000
          31678	     15835	001000a8	000207b7	lui	x15,0x20	 x15=0x00020000
          31682	     15837	001000ac	0107a023	sw	x16,0(x15)	 x15:0x00020000 x16:0x0000000a PA:0x00020000 store:0x0000000a load:0x00000000
          31686	     15839	001000b0	00154703	lbu	x14,1(x10)	 x10:0x00101b90 x14=0x00000020 PA:0x00101b91 store:0x001016e8
          31688	     15840	001000b4	04070e63	beq	x14,x0,100110	 x14:0x00000020  x0:0x00000000
          31692	     15842	001000b8	00e7a023	sw	x14,0(x15)	 x15:0x00020000 x14:0x00000020 PA:0x00020000 store:0x00000020 load:0x00000000
          31696	     15844	001000bc	00254283	lbu	x5,2(x10)	 x10:0x00101b90  x5=0x0000004d PA:0x00101b92 store:0x00137fa0
          31698	     15845	001000c0	04028863	beq	x5,x0,100110	  x5:0x0000004d  x0:0x00000000
          31702	     15847	001000c4	0057a023	sw	x5,0(x15)	 x15:0x00020000  x5:0x0000004d PA:0x00020000 store:0x0000004d load:0x00000000
          31706	     15849	001000c8	00354303	lbu	x6,3(x10)	 x10:0x00101b90  x6=0x00000069 PA:0x00101b93 store:0x00000000
          31708	     15850	001000cc	04030263	beq	x6,x0,100110	  x6:0x00000069  x0:0x00000000
          31712	     15852	001000d0	0067a023	sw	x6,0(x15)	 x15:0x00020000  x6:0x00000069 PA:0x00020000 store:0x00000069 load:0x00000000
          31716	     15854	001000d4	00454383	lbu	x7,4(x10)	 x10:0x00101b90  x7=0x0000006e PA:0x00101b94 store:0x00000000
          31718	     15855	001000d8	02038c63	beq	x7,x0,100110	  x7:0x0000006e  x0:0x00000000
          31722	     15857	001000dc	0077a023	sw	x7,0(x15)	 x15:0x00020000  x7:0x0000006e PA:0x00020000 store:0x0000006e load:0x00000000
          31726	     15859	001000e0	00554583	lbu	x11,5(x10)	 x10:0x00101b90 x11=0x00000028 PA:0x00101b95 store:0x0000004d
          31728	     15860	001000e4	02058663	beq	x11,x0,100110	 x11:0x00000028  x0:0x00000000
          31732	     15862	001000e8	00b7a023	sw	x11,0(x15)	 x15:0x00020000 x11:0x00000028 PA:0x00020000 store:0x00000028 load:0x00000000
          31736	     15864	001000ec	00654603	lbu	x12,6(x10)	 x10:0x00101b90 x12=0x00000030 PA:0x00101b96 store:0x00000069
          31738	     15865	001000f0	02060063	beq	x12,x0,100110	 x12:0x00000030  x0:0x00000000
          31742	     15867	001000f4	00c7a023	sw	x12,0(x15)	 x15:0x00020000 x12:0x00000030 PA:0x00020000 store:0x00000030 load:0x00000000
          31746	     15869	001000f8	00754683	lbu	x13,7(x10)	 x10:0x00101b90 x13=0x0000002e PA:0x00101b97 store:0x0000006e
          31748	     15870	001000fc	00850513	addi	x10,x10,8	 x10:0x00101b90 x10=0x00101b98
          31750	     15871	00100100	00068863	beq	x13,x0,100110	 x13:0x0000002e  x0:0x00000000
          31754	     15873	00100104	00d7a023	sw	x13,0(x15)	 x15:0x00020000 x13:0x0000002e PA:0x00020000 store:0x0000002e load:0x00000000
          31758	     15875	00100108	00054803	lbu	x16,0(x10)	 x10:0x00101b98 x16=0x00000030 PA:0x00101b98 store:0x00000000
          31762	     15877	0010010c	fa0810e3	bne	x16,x0,1000ac	 x16:0x00000030  x0:0x00000000
          31768	     15880	001000ac	0107a023	sw	x16,0(x15)	 x15:0x00020000 x16:0x00000030 PA:0x00020000 store:0x00000030 load:0x00000000
          31772	     15882	001000b0	00154703	lbu	x14,1(x10)	 x10:0x00101b98 x14=0x0000002c PA:0x00101b99 store:0x001016e8
          31774	     15883	001000b4	04070e63	beq	x14,x0,100110	 x14:0x0000002c  x0:0x00000000
          31778	     15885	001000b8	00e7a023	sw	x14,0(x15)	 x15:0x00020000 x14:0x0000002c PA:0x00020000 store:0x0000002c load:0x00000000
          31782	     15887	001000bc	00254283	lbu	x5,2(x10)	 x10:0x00101b98  x5=0x00000020 PA:0x00101b9a store:0x00137fa0
          31784	     15888	001000c0	04028863	beq	x5,x0,100110	  x5:0x00000020  x0:0x00000000
          31788	     15890	001000c4	0057a023	sw	x5,0(x15)	 x15:0x00020000  x5:0x00000020 PA:0x00020000 store:0x00000020 load:0x00000000
          31792	     15892	001000c8	00354303	lbu	x6,3(x10)	 x10:0x00101b98  x6=0x0000002d PA:0x00101b9b store:0x00000000
          31794	     15893	001000cc	04030263	beq	x6,x0,100110	  x6:0x0000002d  x0:0x00000000
          31798	     15895	001000d0	0067a023	sw	x6,0(x15)	 x15:0x00020000  x6:0x0000002d PA:0x00020000 store:0x0000002d load:0x00000000
          31802	     15897	001000d4	00454383	lbu	x7,4(x10)	 x10:0x00101b98  x7=0x00000030 PA:0x00101b9c store:0x00000000
          31804	     15898	001000d8	02038c63	beq	x7,x0,100110	  x7:0x00000030  x0:0x00000000
          31808	     15900	001000dc	0077a023	sw	x7,0(x15)	 x15:0x00020000  x7:0x00000030 PA:0x00020000 store:0x00000030 load:0x00000000
          31812	     15902	001000e0	00554583	lbu	x11,5(x10)	 x10:0x00101b98 x11=0x0000002e PA:0x00101b9d store:0x00000020
          31814	     15903	001000e4	02058663	beq	x11,x0,100110	 x11:0x0000002e  x0:0x00000000
          31818	     15905	001000e8	00b7a023	sw	x11,0(x15)	 x15:0x00020000 x11:0x0000002e PA:0x00020000 store:0x0000002e load:0x00000000
          31822	     15907	001000ec	00654603	lbu	x12,6(x10)	 x10:0x00101b98 x12=0x00000030 PA:0x00101b9e store:0x0000002d
          31824	     15908	001000f0	02060063	beq	x12,x0,100110	 x12:0x00000030  x0:0x00000000
          31828	     15910	001000f4	00c7a023	sw	x12,0(x15)	 x15:0x00020000 x12:0x00000030 PA:0x00020000 store:0x00000030 load:0x00000000
          31832	     15912	001000f8	00754683	lbu	x13,7(x10)	 x10:0x00101b98 x13=0x00000029 PA:0x00101b9f store:0x00000030
          31834	     15913	001000fc	00850513	addi	x10,x10,8	 x10:0x00101b98 x10=0x00101ba0
          31836	     15914	00100100	00068863	beq	x13,x0,100110	 x13:0x00000029  x0:0x00000000
          31840	     15916	00100104	00d7a023	sw	x13,0(x15)	 x15:0x00020000 x13:0x00000029 PA:0x00020000 store:0x00000029 load:0x00000000
          31844	     15918	00100108	00054803	lbu	x16,0(x10)	 x10:0x00101ba0 x16=0x0000002c PA:0x00101ba0 store:0x00000000
          31848	     15920	0010010c	fa0810e3	bne	x16,x0,1000ac	 x16:0x0000002c  x0:0x00000000
          31854	     15923	001000ac	0107a023	sw	x16,0(x15)	 x15:0x00020000 x16:0x0000002c PA:0x00020000 store:0x0000002c load:0x00000000
          31858	     15925	001000b0	00154703	lbu	x14,1(x10)	 x10:0x00101ba0 x14=0x00000020 PA:0x00101ba1 store:0x001016e8
          31860	     15926	001000b4	04070e63	beq	x14,x0,100110	 x14:0x00000020  x0:0x00000000
          31864	     15928	001000b8	00e7a023	sw	x14,0(x15)	 x15:0x00020000 x14:0x00000020 PA:0x00020000 store:0x00000020 load:0x00000000
          31868	     15930	001000bc	00254283	lbu	x5,2(x10)	 x10:0x00101ba0  x5=0x00000065 PA:0x00101ba2 store:0x00137fa0
          31870	     15931	001000c0	04028863	beq	x5,x0,100110	  x5:0x00000065  x0:0x00000000
          31874	     15933	001000c4	0057a023	sw	x5,0(x15)	 x15:0x00020000  x5:0x00000065 PA:0x00020000 store:0x00000065 load:0x00000000
          31878	     15935	001000c8	00354303	lbu	x6,3(x10)	 x10:0x00101ba0  x6=0x00000078 PA:0x00101ba3 store:0x00000000
          31880	     15936	001000cc	04030263	beq	x6,x0,100110	  x6:0x00000078  x0:0x00000000
          31884	     15938	001000d0	0067a023	sw	x6,0(x15)	 x15:0x00020000  x6:0x00000078 PA:0x00020000 store:0x00000078 load:0x00000000
          31888	     15940	001000d4	00454383	lbu	x7,4(x10)	 x10:0x00101ba0  x7=0x00000070 PA:0x00101ba4 store:0x00000000
          31890	     15941	001000d8	02038c63	beq	x7,x0,100110	  x7:0x00000070  x0:0x00000000
          31894	     15943	001000dc	0077a023	sw	x7,0(x15)	 x15:0x00020000  x7:0x00000070 PA:0x00020000 store:0x00000070 load:0x00000000
          31898	     15945	001000e0	00554583	lbu	x11,5(x10)	 x10:0x00101ba0 x11=0x00000065 PA:0x00101ba5 store:0x00000065
          31900	     15946	001000e4	02058663	beq	x11,x0,100110	 x11:0x00000065  x0:0x00000000
          31904	     15948	001000e8	00b7a023	sw	x11,0(x15)	 x15:0x00020000 x11:0x00000065 PA:0x00020000 store:0x00000065 load:0x00000000
          31908	     15950	001000ec	00654603	lbu	x12,6(x10)	 x10:0x00101ba0 x12=0x00000063 PA:0x00101ba6 store:0x00000078
          31910	     15951	001000f0	02060063	beq	x12,x0,100110	 x12:0x00000063  x0:0x00000000
          31914	     15953	001000f4	00c7a023	sw	x12,0(x15)	 x15:0x00020000 x12:0x00000063 PA:0x00020000 store:0x00000063 load:0x00000000
          31918	     15955	001000f8	00754683	lbu	x13,7(x10)	 x10:0x00101ba0 x13=0x00000074 PA:0x00101ba7 store:0x00000070
          31920	     15956	001000fc	00850513	addi	x10,x10,8	 x10:0x00101ba0 x10=0x00101ba8
          31922	     15957	00100100	00068863	beq	x13,x0,100110	 x13:0x00000074  x0:0x00000000
          31926	     15959	00100104	00d7a023	sw	x13,0(x15)	 x15:0x00020000 x13:0x00000074 PA:0x00020000 store:0x00000074 load:0x00000000
          31930	     15961	00100108	00054803	lbu	x16,0(x10)	 x10:0x00101ba8 x16=0x00000069 PA:0x00101ba8 store:0x00000000
          31934	     15963	0010010c	fa0810e3	bne	x16,x0,1000ac	 x16:0x00000069  x0:0x00000000
          31940	     15966	001000ac	0107a023	sw	x16,0(x15)	 x15:0x00020000 x16:0x00000069 PA:0x00020000 store:0x00000069 load:0x00000000
          31944	     15968	001000b0	00154703	lbu	x14,1(x10)	 x10:0x00101ba8 x14=0x0000006e PA:0x00101ba9 store:0x001016e8
          31946	     15969	001000b4	04070e63	beq	x14,x0,100110	 x14:0x0000006e  x0:0x00000000
          31950	     15971	001000b8	00e7a023	sw	x14,0(x15)	 x15:0x00020000 x14:0x0000006e PA:0x00020000 store:0x0000006e load:0x00000000
          31954	     15973	001000bc	00254283	lbu	x5,2(x10)	 x10:0x00101ba8  x5=0x00000067 PA:0x00101baa store:0x00137fa0
          31956	     15974	001000c0	04028863	beq	x5,x0,100110	  x5:0x00000067  x0:0x00000000
          31960	     15976	001000c4	0057a023	sw	x5,0(x15)	 x15:0x00020000  x5:0x00000067 PA:0x00020000 store:0x00000067 load:0x00000000
          31964	     15978	001000c8	00354303	lbu	x6,3(x10)	 x10:0x00101ba8  x6=0x0000003a PA:0x00101bab store:0x00000000
          31966	     15979	001000cc	04030263	beq	x6,x0,100110	  x6:0x0000003a  x0:0x00000000
          31970	     15981	001000d0	0067a023	sw	x6,0(x15)	 x15:0x00020000  x6:0x0000003a PA:0x00020000 store:0x0000003a load:0x00000000
          31974	     15983	001000d4	00454383	lbu	x7,4(x10)	 x10:0x00101ba8  x7=0x00000020 PA:0x00101bac store:0x00000000
          31976	     15984	001000d8	02038c63	beq	x7,x0,100110	  x7:0x00000020  x0:0x00000000
          31980	     15986	001000dc	0077a023	sw	x7,0(x15)	 x15:0x00020000  x7:0x00000020 PA:0x00020000 store:0x00000020 load:0x00000000
          31984	     15988	001000e0	00554583	lbu	x11,5(x10)	 x10:0x00101ba8 x11=0x00000030 PA:0x00101bad store:0x00000067
          31986	     15989	001000e4	02058663	beq	x11,x0,100110	 x11:0x00000030  x0:0x00000000
          31990	     15991	001000e8	00b7a023	sw	x11,0(x15)	 x15:0x00020000 x11:0x00000030 PA:0x00020000 store:0x00000030 load:0x00000000
          31994	     15993	001000ec	00654603	lbu	x12,6(x10)	 x10:0x00101ba8 x12=0x00000078 PA:0x00101bae store:0x0000003a
          31996	     15994	001000f0	02060063	beq	x12,x0,100110	 x12:0x00000078  x0:0x00000000
          32000	     15996	001000f4	00c7a023	sw	x12,0(x15)	 x15:0x00020000 x12:0x00000078 PA:0x00020000 store:0x00000078 load:0x00000000
          32004	     15998	001000f8	00754683	lbu	x13,7(x10)	 x10:0x00101ba8 x13=0x00000038 PA:0x00101baf store:0x00000020
          32006	     15999	001000fc	00850513	addi	x10,x10,8	 x10:0x00101ba8 x10=0x00101bb0
          32008	     16000	00100100	00068863	beq	x13,x0,100110	 x13:0x00000038  x0:0x00000000
          32012	     16002	00100104	00d7a023	sw	x13,0(x15)	 x15:0x00020000 x13:0x00000038 PA:0x00020000 store:0x00000038 load:0x00000000
          32016	     16004	00100108	00054803	lbu	x16,0(x10)	 x10:0x00101bb0 x16=0x00000030 PA:0x00101bb0 store:0x00000000
          32020	     16006	0010010c	fa0810e3	bne	x16,x0,1000ac	 x16:0x00000030  x0:0x00000000
          32026	     16009	001000ac	0107a023	sw	x16,0(x15)	 x15:0x00020000 x16:0x00000030 PA:0x00020000 store:0x00000030 load:0x00000000
          32030	     16011	001000b0	00154703	lbu	x14,1(x10)	 x10:0x00101bb0 x14=0x00000030 PA:0x00101bb1 store:0x001016e8
          32032	     16012	001000b4	04070e63	beq	x14,x0,100110	 x14:0x00000030  x0:0x00000000
          32036	     16014	001000b8	00e7a023	sw	x14,0(x15)	 x15:0x00020000 x14:0x00000030 PA:0x00020000 store:0x00000030 load:0x00000000
          32040	     16016	001000bc	00254283	lbu	x5,2(x10)	 x10:0x00101bb0  x5=0x00000030 PA:0x00101bb2 store:0x00137fa0
          32042	     16017	001000c0	04028863	beq	x5,x0,100110	  x5:0x00000030  x0:0x00000000
          32046	     16019	001000c4	0057a023	sw	x5,0(x15)	 x15:0x00020000  x5:0x00000030 PA:0x00020000 store:0x00000030 load:0x00000000
          32050	     16021	001000c8	00354303	lbu	x6,3(x10)	 x10:0x00101bb0  x6=0x00000030 PA:0x00101bb3 store:0x00000000
          32052	     16022	001000cc	04030263	beq	x6,x0,100110	  x6:0x00000030  x0:0x00000000
          32056	     16024	001000d0	0067a023	sw	x6,0(x15)	 x15:0x00020000  x6:0x00000030 PA:0x00020000 store:0x00000030 load:0x00000000
          32060	     16026	001000d4	00454383	lbu	x7,4(x10)	 x10:0x00101bb0  x7=0x00000030 PA:0x00101bb4 store:0x00000000
          32062	     16027	001000d8	02038c63	beq	x7,x0,100110	  x7:0x00000030  x0:0x00000000
          32066	     16029	001000dc	0077a023	sw	x7,0(x15)	 x15:0x00020000  x7:0x00000030 PA:0x00020000 store:0x00000030 load:0x00000000
          32070	     16031	001000e0	00554583	lbu	x11,5(x10)	 x10:0x00101bb0 x11=0x00000030 PA:0x00101bb5 store:0x00000030
          32072	     16032	001000e4	02058663	beq	x11,x0,100110	 x11:0x00000030  x0:0x00000000
          32076	     16034	001000e8	00b7a023	sw	x11,0(x15)	 x15:0x00020000 x11:0x00000030 PA:0x00020000 store:0x00000030 load:0x00000000
          32080	     16036	001000ec	00654603	lbu	x12,6(x10)	 x10:0x00101bb0 x12=0x0000003a PA:0x00101bb6 store:0x00000030
          32082	     16037	001000f0	02060063	beq	x12,x0,100110	 x12:0x0000003a  x0:0x00000000
          32086	     16039	001000f4	00c7a023	sw	x12,0(x15)	 x15:0x00020000 x12:0x0000003a PA:0x00020000 store:0x0000003a load:0x00000000
          32090	     16041	001000f8	00754683	lbu	x13,7(x10)	 x10:0x00101bb0 x13=0x00000020 PA:0x00101bb7 store:0x00000030
          32092	     16042	001000fc	00850513	addi	x10,x10,8	 x10:0x00101bb0 x10=0x00101bb8
          32094	     16043	00100100	00068863	beq	x13,x0,100110	 x13:0x00000020  x0:0x00000000
          32098	     16045	00100104	00d7a023	sw	x13,0(x15)	 x15:0x00020000 x13:0x00000020 PA:0x00020000 store:0x00000020 load:0x00000000
          32102	     16047	00100108	00054803	lbu	x16,0(x10)	 x10:0x00101bb8 x16=0x00000000 PA:0x00101bb8 store:0x00000000
          32104	     16048	0010010c	fa0810e3	bne	x16,x0,1000ac	 x16:0x00000000  x0:0x00000000
          32106	     16049	00100110	00000513	addi	x10,x0,0	  x0:0x00000000 x10=0x00000000
          32110	     16051	00100114	00008067	jalr	x0,0(x1)	  x1:0x001016e8  x0=0x00000000
          32114	     16053	001016e8	cf8a2503	lw	x10,-776(x20)	 x20:0x00102000 x10=0x80000000 PA:0x00101cf8 store:0x00102000
          32118	     16055	001016ec	a35fe0ef	jal	x1,100120	  x1=0x001016f0
          32120	     16056	00100120	01c55793	srli	x15,x10,0x1c	 x10:0x80000000 x15=0x00000008
          32122	     16057	00100124	00900713	addi	x14,x0,9	  x0:0x00000000 x14=0x00000009
          32126	     16059	00100128	0cf77a63	bgeu	x14,x15,1001fc	 x14:0x00000009 x15:0x00000008
          32130	     16061	001001fc	03078393	addi	x7,x15,48	 x15:0x00000008  x7=0x00000038
          32132	     16062	00100200	000205b7	lui	x11,0x20	 x11=0x00020000
          32134	     16063	00100204	00451613	slli	x12,x10,0x4	 x10:0x80000000 x12=0x00000000
          32138	     16065	00100208	0075a023	sw	x7,0(x11)	 x11:0x00020000  x7:0x00000038 PA:0x00020000 store:0x00000038 load:0x00000000
          32140	     16066	0010020c	01c65693	srli	x13,x12,0x1c	 x12:0x00000000 x13=0x00000000
          32142	     16067	00100210	00900813	addi	x16,x0,9	  x0:0x00000000 x16=0x00000009
          32144	     16068	00100214	f2d86ae3	bltu	x16,x13,100148	 x16:0x00000009 x13:0x00000000
          32146	     16069	00100218	03068e93	addi	x29,x13,48	 x13:0x00000000 x29=0x00000030
          32148	     16070	0010021c	00020f37	lui	x30,0x20	 x30=0x00020000
          32150	     16071	00100220	00851f93	slli	x31,x10,0x8	 x10:0x80000000 x31=0x00000000
          32154	     16073	00100224	01df2023	sw	x29,0(x30)	 x30:0x00020000 x29:0x00000030 PA:0x00020000 store:0x00000030 load:0x00000000
          32156	     16074	00100228	01cfd793	srli	x15,x31,0x1c	 x31:0x00000000 x15=0x00000000
          32158	     16075	0010022c	00900713	addi	x14,x0,9	  x0:0x00000000 x14=0x00000009
          32160	     16076	00100230	f2f76ae3	bltu	x14,x15,100164	 x14:0x00000009 x15:0x00000000
          32162	     16077	00100234	03078393	addi	x7,x15,48	 x15:0x00000000  x7=0x00000030
          32164	     16078	00100238	000205b7	lui	x11,0x20	 x11=0x00020000
          32166	     16079	0010023c	00c51613	slli	x12,x10,0xc	 x10:0x80000000 x12=0x00000000
          32170	     16081	00100240	0075a023	sw	x7,0(x11)	 x11:0x00020000  x7:0x00000030 PA:0x00020000 store:0x00000030 load:0x00000000
          32172	     16082	00100244	01c65693	srli	x13,x12,0x1c	 x12:0x00000000 x13=0x00000000
          32174	     16083	00100248	00900813	addi	x16,x0,9	  x0:0x00000000 x16=0x00000009
          32176	     16084	0010024c	f2d86ae3	bltu	x16,x13,100180	 x16:0x00000009 x13:0x00000000
          32178	     16085	00100250	03068e93	addi	x29,x13,48	 x13:0x00000000 x29=0x00000030
          32180	     16086	00100254	00020f37	lui	x30,0x20	 x30=0x00020000
          32182	     16087	00100258	01051f93	slli	x31,x10,0x10	 x10:0x80000000 x31=0x00000000
          32186	     16089	0010025c	01df2023	sw	x29,0(x30)	 x30:0x00020000 x29:0x00000030 PA:0x00020000 store:0x00000030 load:0x00000000
          32188	     16090	00100260	01cfd793	srli	x15,x31,0x1c	 x31:0x00000000 x15=0x00000000
          32190	     16091	00100264	00900713	addi	x14,x0,9	  x0:0x00000000 x14=0x00000009
          32192	     16092	00100268	f2f76ae3	bltu	x14,x15,10019c	 x14:0x00000009 x15:0x00000000
          32194	     16093	0010026c	03078393	addi	x7,x15,48	 x15:0x00000000  x7=0x00000030
          32196	     16094	00100270	000205b7	lui	x11,0x20	 x11=0x00020000
          32198	     16095	00100274	01451613	slli	x12,x10,0x14	 x10:0x80000000 x12=0x00000000
          32202	     16097	00100278	0075a023	sw	x7,0(x11)	 x11:0x00020000  x7:0x00000030 PA:0x00020000 store:0x00000030 load:0x00000000
          32204	     16098	0010027c	01c65693	srli	x13,x12,0x1c	 x12:0x00000000 x13=0x00000000
          32206	     16099	00100280	00900813	addi	x16,x0,9	  x0:0x00000000 x16=0x00000009
          32208	     16100	00100284	f2d86ae3	bltu	x16,x13,1001b8	 x16:0x00000009 x13:0x00000000
          32210	     16101	00100288	03068e93	addi	x29,x13,48	 x13:0x00000000 x29=0x00000030
          32212	     16102	0010028c	00020f37	lui	x30,0x20	 x30=0x00020000
          32214	     16103	00100290	01851f93	slli	x31,x10,0x18	 x10:0x80000000 x31=0x00000000
          32218	     16105	00100294	01df2023	sw	x29,0(x30)	 x30:0x00020000 x29:0x00000030 PA:0x00020000 store:0x00000030 load:0x00000000
          32220	     16106	00100298	01cfd793	srli	x15,x31,0x1c	 x31:0x00000000 x15=0x00000000
          32222	     16107	0010029c	00900713	addi	x14,x0,9	  x0:0x00000000 x14=0x00000009
          32224	     16108	001002a0	f2f76ae3	bltu	x14,x15,1001d4	 x14:0x00000009 x15:0x00000000
          32226	     16109	001002a4	03078393	addi	x7,x15,48	 x15:0x00000000  x7=0x00000030
          32228	     16110	001002a8	000205b7	lui	x11,0x20	 x11=0x00020000
          32232	     16112	001002ac	0075a023	sw	x7,0(x11)	 x11:0x00020000  x7:0x00000030 PA:0x00020000 store:0x00000030 load:0x00000000
          32234	     16113	001002b0	00f57513	andi	x10,x10,15	 x10:0x80000000 x10=0x00000000
          32236	     16114	001002b4	00900613	addi	x12,x0,9	  x0:0x00000000 x12=0x00000009
          32240	     16116	001002b8	f2a67ae3	bgeu	x12,x10,1001ec	 x12:0x00000009 x10:0x00000000
          32244	     16118	001001ec	03050893	addi	x17,x10,48	 x10:0x00000000 x17=0x00000030
          32246	     16119	001001f0	00020e37	lui	x28,0x20	 x28=0x00020000
          32250	     16121	001001f4	011e2023	sw	x17,0(x28)	 x28:0x00020000 x17:0x00000030 PA:0x00020000 store:0x00000030 load:0x00000000
          32254	     16123	001001f8	00008067	jalr	x0,0(x1)	  x1:0x001016f0  x0=0x00000000
          32262	     16127	001016f0	001023b7	lui	x7,0x102	  x7=0x00102000
          32264	     16128	001016f4	9583aa87	flw	f21,-1704(x7)	  f7:0x00102000 f21=0x00000000 PA:0x00101958 store:0x00000000
          32266	     16129	001016f8	d28ba227	fsw	f8,-732(x23)	 f23:0x00102000  f8:0x00102000 PA:0x00101d24 store:0x00000047 load:0x00000007
          32268	     16130	001016fc	001025b7	lui	x11,0x102	 x11=0x00102000
          32270	     16131	00101700	d35ca027	fsw	f21,-736(x25)	 f25:0x00102000 f21:0x00102000 PA:0x00101d20 store:0x00000007 load:0x00000007
          32272	     16132	00101704	d24ba587	flw	f11,-732(x23)	 f23:0x00102000 f11=0x00000000 PA:0x00101d24 store:0x80000000
          32274	     16133	00101708	d20ca287	flw	f5,-736(x25)	 f25:0x00102000  f5=0x00000000 PA:0x00101d20 store:0x7fa00000
          32276	     16134	0010170c	28558353	fmin.s	f6,f11,f5	 f11:0x00102000  f5:0x00000030  f6=0x00000000
          32278	     16135	00101710	d06aa027	fsw	f6,-768(x21)	 f21:0x00102000  f6:0x00000030 PA:0x00101d00 store:0x00000007 load:0x00000007
          32282	     16137	00101714	d00aa607	flw	f12,-768(x21)	 f21:0x00102000 f12=0x00000000 PA:0x00101d00 store:0x7fa00000
          32286	     16139	00101718	bbc58513	addi	x10,x11,-1092	 x11:0x00102000 x10=0x00101bbc
          32288	     16140	0010171c	e0060653	fmv.x.w	x12,f12	 f12:0x00000009 x12=0x00000007
          32290	     16141	00101720	ceca2c23	sw	x12,-776(x20)	 x20:0x00102000 x12:0x00000007 PA:0x00101cf8 store:0x00000007 load:0x00000007
          32292	     16142	00101724	97dfe0ef	jal	x1,1000a0	  x1=0x00101728
          32296	     16144	001000a0	00054803	lbu	x16,0(x10)	 x10:0x00101bbc x16=0x0000000a PA:0x00101bbc store:0x00000000
          32298	     16145	001000a4	06080663	beq	x16,x0,100110	 x16:0x0000000a  x0:0x00000000
          32300	     16146	001000a8	000207b7	lui	x15,0x20	 x15=0x00020000
          32304	     16148	001000ac	0107a023	sw	x16,0(x15)	 x15:0x00020000 x16:0x0000000a PA:0x00020000 store:0x0000000a load:0x00000000
          32308	     16150	001000b0	00154703	lbu	x14,1(x10)	 x10:0x00101bbc x14=0x00000020 PA:0x00101bbd store:0x00101728
          32310	     16151	001000b4	04070e63	beq	x14,x0,100110	 x14:0x00000020  x0:0x00000000
          32314	     16153	001000b8	00e7a023	sw	x14,0(x15)	 x15:0x00020000 x14:0x00000020 PA:0x00020000 store:0x00000020 load:0x00000000
          32318	     16155	001000bc	00254283	lbu	x5,2(x10)	 x10:0x00101bbc  x5=0x0000004d PA:0x00101bbe store:0x00137fa0
          32320	     16156	001000c0	04028863	beq	x5,x0,100110	  x5:0x0000004d  x0:0x00000000
          32324	     16158	001000c4	0057a023	sw	x5,0(x15)	 x15:0x00020000  x5:0x0000004d PA:0x00020000 store:0x0000004d load:0x00000000
          32328	     16160	001000c8	00354303	lbu	x6,3(x10)	 x10:0x00101bbc  x6=0x00000069 PA:0x00101bbf store:0x00000000
          32330	     16161	001000cc	04030263	beq	x6,x0,100110	  x6:0x00000069  x0:0x00000000
          32334	     16163	001000d0	0067a023	sw	x6,0(x15)	 x15:0x00020000  x6:0x00000069 PA:0x00020000 store:0x00000069 load:0x00000000
          32338	     16165	001000d4	00454383	lbu	x7,4(x10)	 x10:0x00101bbc  x7=0x0000006e PA:0x00101bc0 store:0x00000000
          32340	     16166	001000d8	02038c63	beq	x7,x0,100110	  x7:0x0000006e  x0:0x00000000
          32344	     16168	001000dc	0077a023	sw	x7,0(x15)	 x15:0x00020000  x7:0x0000006e PA:0x00020000 store:0x0000006e load:0x00000000
          32348	     16170	001000e0	00554583	lbu	x11,5(x10)	 x10:0x00101bbc x11=0x00000028 PA:0x00101bc1 store:0x0000004d
          32350	     16171	001000e4	02058663	beq	x11,x0,100110	 x11:0x00000028  x0:0x00000000
          32354	     16173	001000e8	00b7a023	sw	x11,0(x15)	 x15:0x00020000 x11:0x00000028 PA:0x00020000 store:0x00000028 load:0x00000000
          32358	     16175	001000ec	00654603	lbu	x12,6(x10)	 x10:0x00101bbc x12=0x00000031 PA:0x00101bc2 store:0x00000069
          32360	     16176	001000f0	02060063	beq	x12,x0,100110	 x12:0x00000031  x0:0x00000000
          32364	     16178	001000f4	00c7a023	sw	x12,0(x15)	 x15:0x00020000 x12:0x00000031 PA:0x00020000 store:0x00000031 load:0x00000000
          32368	     16180	001000f8	00754683	lbu	x13,7(x10)	 x10:0x00101bbc x13=0x0000002e PA:0x00101bc3 store:0x0000006e
          32370	     16181	001000fc	00850513	addi	x10,x10,8	 x10:0x00101bbc x10=0x00101bc4
          32372	     16182	00100100	00068863	beq	x13,x0,100110	 x13:0x0000002e  x0:0x00000000
          32376	     16184	00100104	00d7a023	sw	x13,0(x15)	 x15:0x00020000 x13:0x0000002e PA:0x00020000 store:0x0000002e load:0x00000000
          32380	     16186	00100108	00054803	lbu	x16,0(x10)	 x10:0x00101bc4 x16=0x00000030 PA:0x00101bc4 store:0x00000000
          32384	     16188	0010010c	fa0810e3	bne	x16,x0,1000ac	 x16:0x00000030  x0:0x00000000
          32390	     16191	001000ac	0107a023	sw	x16,0(x15)	 x15:0x00020000 x16:0x00000030 PA:0x00020000 store:0x00000030 load:0x00000000
          32394	     16193	001000b0	00154703	lbu	x14,1(x10)	 x10:0x00101bc4 x14=0x00000065 PA:0x00101bc5 store:0x00101728
          32396	     16194	001000b4	04070e63	beq	x14,x0,100110	 x14:0x00000065  x0:0x00000000
          32400	     16196	001000b8	00e7a023	sw	x14,0(x15)	 x15:0x00020000 x14:0x00000065 PA:0x00020000 store:0x00000065 load:0x00000000
          32404	     16198	001000bc	00254283	lbu	x5,2(x10)	 x10:0x00101bc4  x5=0x0000002d PA:0x00101bc6 store:0x00137fa0
          32406	     16199	001000c0	04028863	beq	x5,x0,100110	  x5:0x0000002d  x0:0x00000000
          32410	     16201	001000c4	0057a023	sw	x5,0(x15)	 x15:0x00020000  x5:0x0000002d PA:0x00020000 store:0x0000002d load:0x00000000
          32414	     16203	001000c8	00354303	lbu	x6,3(x10)	 x10:0x00101bc4  x6=0x00000034 PA:0x00101bc7 store:0x00000000
          32416	     16204	001000cc	04030263	beq	x6,x0,100110	  x6:0x00000034  x0:0x00000000
          32420	     16206	001000d0	0067a023	sw	x6,0(x15)	 x15:0x00020000  x6:0x00000034 PA:0x00020000 store:0x00000034 load:0x00000000
          32424	     16208	001000d4	00454383	lbu	x7,4(x10)	 x10:0x00101bc4  x7=0x00000033 PA:0x00101bc8 store:0x00000000
          32426	     16209	001000d8	02038c63	beq	x7,x0,100110	  x7:0x00000033  x0:0x00000000
          32430	     16211	001000dc	0077a023	sw	x7,0(x15)	 x15:0x00020000  x7:0x00000033 PA:0x00020000 store:0x00000033 load:0x00000000
          32434	     16213	001000e0	00554583	lbu	x11,5(x10)	 x10:0x00101bc4 x11=0x0000002c PA:0x00101bc9 store:0x0000002d
          32436	     16214	001000e4	02058663	beq	x11,x0,100110	 x11:0x0000002c  x0:0x00000000
          32440	     16216	001000e8	00b7a023	sw	x11,0(x15)	 x15:0x00020000 x11:0x0000002c PA:0x00020000 store:0x0000002c load:0x00000000
          32444	     16218	001000ec	00654603	lbu	x12,6(x10)	 x10:0x00101bc4 x12=0x00000020 PA:0x00101bca store:0x00000034
          32446	     16219	001000f0	02060063	beq	x12,x0,100110	 x12:0x00000020  x0:0x00000000
          32450	     16221	001000f4	00c7a023	sw	x12,0(x15)	 x15:0x00020000 x12:0x00000020 PA:0x00020000 store:0x00000020 load:0x00000000
          32454	     16223	001000f8	00754683	lbu	x13,7(x10)	 x10:0x00101bc4 x13=0x00000031 PA:0x00101bcb store:0x00000033
          32456	     16224	001000fc	00850513	addi	x10,x10,8	 x10:0x00101bc4 x10=0x00101bcc
          32458	     16225	00100100	00068863	beq	x13,x0,100110	 x13:0x00000031  x0:0x00000000
          32462	     16227	00100104	00d7a023	sw	x13,0(x15)	 x15:0x00020000 x13:0x00000031 PA:0x00020000 store:0x00000031 load:0x00000000
          32466	     16229	00100108	00054803	lbu	x16,0(x10)	 x10:0x00101bcc x16=0x0000002e PA:0x00101bcc store:0x00000000
          32470	     16231	0010010c	fa0810e3	bne	x16,x0,1000ac	 x16:0x0000002e  x0:0x00000000
          32476	     16234	001000ac	0107a023	sw	x16,0(x15)	 x15:0x00020000 x16:0x0000002e PA:0x00020000 store:0x0000002e load:0x00000000
          32480	     16236	001000b0	00154703	lbu	x14,1(x10)	 x10:0x00101bcc x14=0x00000030 PA:0x00101bcd store:0x00101728
          32482	     16237	001000b4	04070e63	beq	x14,x0,100110	 x14:0x00000030  x0:0x00000000
          32486	     16239	001000b8	00e7a023	sw	x14,0(x15)	 x15:0x00020000 x14:0x00000030 PA:0x00020000 store:0x00000030 load:0x00000000
          32490	     16241	001000bc	00254283	lbu	x5,2(x10)	 x10:0x00101bcc  x5=0x00000065 PA:0x00101bce store:0x00137fa0
          32492	     16242	001000c0	04028863	beq	x5,x0,100110	  x5:0x00000065  x0:0x00000000
          32496	     16244	001000c4	0057a023	sw	x5,0(x15)	 x15:0x00020000  x5:0x00000065 PA:0x00020000 store:0x00000065 load:0x00000000
          32500	     16246	001000c8	00354303	lbu	x6,3(x10)	 x10:0x00101bcc  x6=0x0000002d PA:0x00101bcf store:0x00000000
          32502	     16247	001000cc	04030263	beq	x6,x0,100110	  x6:0x0000002d  x0:0x00000000
          32506	     16249	001000d0	0067a023	sw	x6,0(x15)	 x15:0x00020000  x6:0x0000002d PA:0x00020000 store:0x0000002d load:0x00000000
          32510	     16251	001000d4	00454383	lbu	x7,4(x10)	 x10:0x00101bcc  x7=0x00000034 PA:0x00101bd0 store:0x00000000
          32512	     16252	001000d8	02038c63	beq	x7,x0,100110	  x7:0x00000034  x0:0x00000000
          32516	     16254	001000dc	0077a023	sw	x7,0(x15)	 x15:0x00020000  x7:0x00000034 PA:0x00020000 store:0x00000034 load:0x00000000
          32520	     16256	001000e0	00554583	lbu	x11,5(x10)	 x10:0x00101bcc x11=0x00000034 PA:0x00101bd1 store:0x00000065
          32522	     16257	001000e4	02058663	beq	x11,x0,100110	 x11:0x00000034  x0:0x00000000
          32526	     16259	001000e8	00b7a023	sw	x11,0(x15)	 x15:0x00020000 x11:0x00000034 PA:0x00020000 store:0x00000034 load:0x00000000
          32530	     16261	001000ec	00654603	lbu	x12,6(x10)	 x10:0x00101bcc x12=0x00000029 PA:0x00101bd2 store:0x0000002d
          32532	     16262	001000f0	02060063	beq	x12,x0,100110	 x12:0x00000029  x0:0x00000000
          32536	     16264	001000f4	00c7a023	sw	x12,0(x15)	 x15:0x00020000 x12:0x00000029 PA:0x00020000 store:0x00000029 load:0x00000000
          32540	     16266	001000f8	00754683	lbu	x13,7(x10)	 x10:0x00101bcc x13=0x0000002c PA:0x00101bd3 store:0x00000034
          32542	     16267	001000fc	00850513	addi	x10,x10,8	 x10:0x00101bcc x10=0x00101bd4
          32544	     16268	00100100	00068863	beq	x13,x0,100110	 x13:0x0000002c  x0:0x00000000
          32548	     16270	00100104	00d7a023	sw	x13,0(x15)	 x15:0x00020000 x13:0x0000002c PA:0x00020000 store:0x0000002c load:0x00000000
          32552	     16272	00100108	00054803	lbu	x16,0(x10)	 x10:0x00101bd4 x16=0x00000020 PA:0x00101bd4 store:0x00000000
          32556	     16274	0010010c	fa0810e3	bne	x16,x0,1000ac	 x16:0x00000020  x0:0x00000000
          32562	     16277	001000ac	0107a023	sw	x16,0(x15)	 x15:0x00020000 x16:0x00000020 PA:0x00020000 store:0x00000020 load:0x00000000
          32566	     16279	001000b0	00154703	lbu	x14,1(x10)	 x10:0x00101bd4 x14=0x00000065 PA:0x00101bd5 store:0x00101728
          32568	     16280	001000b4	04070e63	beq	x14,x0,100110	 x14:0x00000065  x0:0x00000000
          32572	     16282	001000b8	00e7a023	sw	x14,0(x15)	 x15:0x00020000 x14:0x00000065 PA:0x00020000 store:0x00000065 load:0x00000000
          32576	     16284	001000bc	00254283	lbu	x5,2(x10)	 x10:0x00101bd4  x5=0x00000078 PA:0x00101bd6 store:0x00137fa0
          32578	     16285	001000c0	04028863	beq	x5,x0,100110	  x5:0x00000078  x0:0x00000000
          32582	     16287	001000c4	0057a023	sw	x5,0(x15)	 x15:0x00020000  x5:0x00000078 PA:0x00020000 store:0x00000078 load:0x00000000
          32586	     16289	001000c8	00354303	lbu	x6,3(x10)	 x10:0x00101bd4  x6=0x00000070 PA:0x00101bd7 store:0x00000000
          32588	     16290	001000cc	04030263	beq	x6,x0,100110	  x6:0x00000070  x0:0x00000000
          32592	     16292	001000d0	0067a023	sw	x6,0(x15)	 x15:0x00020000  x6:0x00000070 PA:0x00020000 store:0x00000070 load:0x00000000
          32596	     16294	001000d4	00454383	lbu	x7,4(x10)	 x10:0x00101bd4  x7=0x00000065 PA:0x00101bd8 store:0x00000000
          32598	     16295	001000d8	02038c63	beq	x7,x0,100110	  x7:0x00000065  x0:0x00000000
          32602	     16297	001000dc	0077a023	sw	x7,0(x15)	 x15:0x00020000  x7:0x00000065 PA:0x00020000 store:0x00000065 load:0x00000000
          32606	     16299	001000e0	00554583	lbu	x11,5(x10)	 x10:0x00101bd4 x11=0x00000063 PA:0x00101bd9 store:0x00000078
          32608	     16300	001000e4	02058663	beq	x11,x0,100110	 x11:0x00000063  x0:0x00000000
          32612	     16302	001000e8	00b7a023	sw	x11,0(x15)	 x15:0x00020000 x11:0x00000063 PA:0x00020000 store:0x00000063 load:0x00000000
          32616	     16304	001000ec	00654603	lbu	x12,6(x10)	 x10:0x00101bd4 x12=0x00000074 PA:0x00101bda store:0x00000070
          32618	     16305	001000f0	02060063	beq	x12,x0,100110	 x12:0x00000074  x0:0x00000000
          32622	     16307	001000f4	00c7a023	sw	x12,0(x15)	 x15:0x00020000 x12:0x00000074 PA:0x00020000 store:0x00000074 load:0x00000000
          32626	     16309	001000f8	00754683	lbu	x13,7(x10)	 x10:0x00101bd4 x13=0x00000069 PA:0x00101bdb store:0x00000065
          32628	     16310	001000fc	00850513	addi	x10,x10,8	 x10:0x00101bd4 x10=0x00101bdc
          32630	     16311	00100100	00068863	beq	x13,x0,100110	 x13:0x00000069  x0:0x00000000
          32634	     16313	00100104	00d7a023	sw	x13,0(x15)	 x15:0x00020000 x13:0x00000069 PA:0x00020000 store:0x00000069 load:0x00000000
          32638	     16315	00100108	00054803	lbu	x16,0(x10)	 x10:0x00101bdc x16=0x0000006e PA:0x00101bdc store:0x00000000
          32642	     16317	0010010c	fa0810e3	bne	x16,x0,1000ac	 x16:0x0000006e  x0:0x00000000
          32648	     16320	001000ac	0107a023	sw	x16,0(x15)	 x15:0x00020000 x16:0x0000006e PA:0x00020000 store:0x0000006e load:0x00000000
          32652	     16322	001000b0	00154703	lbu	x14,1(x10)	 x10:0x00101bdc x14=0x00000067 PA:0x00101bdd store:0x00101728
          32654	     16323	001000b4	04070e63	beq	x14,x0,100110	 x14:0x00000067  x0:0x00000000
          32658	     16325	001000b8	00e7a023	sw	x14,0(x15)	 x15:0x00020000 x14:0x00000067 PA:0x00020000 store:0x00000067 load:0x00000000
          32662	     16327	001000bc	00254283	lbu	x5,2(x10)	 x10:0x00101bdc  x5=0x0000003a PA:0x00101bde store:0x00137fa0
          32664	     16328	001000c0	04028863	beq	x5,x0,100110	  x5:0x0000003a  x0:0x00000000
          32668	     16330	001000c4	0057a023	sw	x5,0(x15)	 x15:0x00020000  x5:0x0000003a PA:0x00020000 store:0x0000003a load:0x00000000
          32672	     16332	001000c8	00354303	lbu	x6,3(x10)	 x10:0x00101bdc  x6=0x00000020 PA:0x00101bdf store:0x00000000
          32674	     16333	001000cc	04030263	beq	x6,x0,100110	  x6:0x00000020  x0:0x00000000
          32678	     16335	001000d0	0067a023	sw	x6,0(x15)	 x15:0x00020000  x6:0x00000020 PA:0x00020000 store:0x00000020 load:0x00000000
          32682	     16337	001000d4	00454383	lbu	x7,4(x10)	 x10:0x00101bdc  x7=0x00000030 PA:0x00101be0 store:0x00000000
          32684	     16338	001000d8	02038c63	beq	x7,x0,100110	  x7:0x00000030  x0:0x00000000
          32688	     16340	001000dc	0077a023	sw	x7,0(x15)	 x15:0x00020000  x7:0x00000030 PA:0x00020000 store:0x00000030 load:0x00000000
          32692	     16342	001000e0	00554583	lbu	x11,5(x10)	 x10:0x00101bdc x11=0x00000078 PA:0x00101be1 store:0x0000003a
          32694	     16343	001000e4	02058663	beq	x11,x0,100110	 x11:0x00000078  x0:0x00000000
          32698	     16345	001000e8	00b7a023	sw	x11,0(x15)	 x15:0x00020000 x11:0x00000078 PA:0x00020000 store:0x00000078 load:0x00000000
          32702	     16347	001000ec	00654603	lbu	x12,6(x10)	 x10:0x00101bdc x12=0x00000030 PA:0x00101be2 store:0x00000020
          32704	     16348	001000f0	02060063	beq	x12,x0,100110	 x12:0x00000030  x0:0x00000000
          32708	     16350	001000f4	00c7a023	sw	x12,0(x15)	 x15:0x00020000 x12:0x00000030 PA:0x00020000 store:0x00000030 load:0x00000000
          32712	     16352	001000f8	00754683	lbu	x13,7(x10)	 x10:0x00101bdc x13=0x00000030 PA:0x00101be3 store:0x00000030
          32714	     16353	001000fc	00850513	addi	x10,x10,8	 x10:0x00101bdc x10=0x00101be4
          32716	     16354	00100100	00068863	beq	x13,x0,100110	 x13:0x00000030  x0:0x00000000
          32720	     16356	00100104	00d7a023	sw	x13,0(x15)	 x15:0x00020000 x13:0x00000030 PA:0x00020000 store:0x00000030 load:0x00000000
          32724	     16358	00100108	00054803	lbu	x16,0(x10)	 x10:0x00101be4 x16=0x00000030 PA:0x00101be4 store:0x00000000
          32728	     16360	0010010c	fa0810e3	bne	x16,x0,1000ac	 x16:0x00000030  x0:0x00000000
          32734	     16363	001000ac	0107a023	sw	x16,0(x15)	 x15:0x00020000 x16:0x00000030 PA:0x00020000 store:0x00000030 load:0x00000000
          32738	     16365	001000b0	00154703	lbu	x14,1(x10)	 x10:0x00101be4 x14=0x00000030 PA:0x00101be5 store:0x00101728
          32740	     16366	001000b4	04070e63	beq	x14,x0,100110	 x14:0x00000030  x0:0x00000000
          32744	     16368	001000b8	00e7a023	sw	x14,0(x15)	 x15:0x00020000 x14:0x00000030 PA:0x00020000 store:0x00000030 load:0x00000000
          32748	     16370	001000bc	00254283	lbu	x5,2(x10)	 x10:0x00101be4  x5=0x00000030 PA:0x00101be6 store:0x00137fa0
          32750	     16371	001000c0	04028863	beq	x5,x0,100110	  x5:0x00000030  x0:0x00000000
          32754	     16373	001000c4	0057a023	sw	x5,0(x15)	 x15:0x00020000  x5:0x00000030 PA:0x00020000 store:0x00000030 load:0x00000000
          32758	     16375	001000c8	00354303	lbu	x6,3(x10)	 x10:0x00101be4  x6=0x00000030 PA:0x00101be7 store:0x00000000
          32760	     16376	001000cc	04030263	beq	x6,x0,100110	  x6:0x00000030  x0:0x00000000
          32764	     16378	001000d0	0067a023	sw	x6,0(x15)	 x15:0x00020000  x6:0x00000030 PA:0x00020000 store:0x00000030 load:0x00000000
          32768	     16380	001000d4	00454383	lbu	x7,4(x10)	 x10:0x00101be4  x7=0x00000037 PA:0x00101be8 store:0x00000000
          32770	     16381	001000d8	02038c63	beq	x7,x0,100110	  x7:0x00000037  x0:0x00000000
          32774	     16383	001000dc	0077a023	sw	x7,0(x15)	 x15:0x00020000  x7:0x00000037 PA:0x00020000 store:0x00000037 load:0x00000000
          32778	     16385	001000e0	00554583	lbu	x11,5(x10)	 x10:0x00101be4 x11=0x0000003a PA:0x00101be9 store:0x00000030
          32780	     16386	001000e4	02058663	beq	x11,x0,100110	 x11:0x0000003a  x0:0x00000000
          32784	     16388	001000e8	00b7a023	sw	x11,0(x15)	 x15:0x00020000 x11:0x0000003a PA:0x00020000 store:0x0000003a load:0x00000000
          32788	     16390	001000ec	00654603	lbu	x12,6(x10)	 x10:0x00101be4 x12=0x00000020 PA:0x00101bea store:0x00000030
          32790	     16391	001000f0	02060063	beq	x12,x0,100110	 x12:0x00000020  x0:0x00000000
          32794	     16393	001000f4	00c7a023	sw	x12,0(x15)	 x15:0x00020000 x12:0x00000020 PA:0x00020000 store:0x00000020 load:0x00000000
          32798	     16395	001000f8	00754683	lbu	x13,7(x10)	 x10:0x00101be4 x13=0x00000000 PA:0x00101beb store:0x00000037
          32800	     16396	001000fc	00850513	addi	x10,x10,8	 x10:0x00101be4 x10=0x00101bec
          32804	     16398	00100100	00068863	beq	x13,x0,100110	 x13:0x00000000  x0:0x00000000
          32808	     16400	00100110	00000513	addi	x10,x0,0	  x0:0x00000000 x10=0x00000000
          32812	     16402	00100114	00008067	jalr	x0,0(x1)	  x1:0x00101728  x0=0x00000000
          32816	     16404	00101728	cf8a2503	lw	x10,-776(x20)	 x20:0x00102000 x10=0x00000007 PA:0x00101cf8 store:0x00102000
          32820	     16406	0010172c	9f5fe0ef	jal	x1,100120	  x1=0x00101730
          32822	     16407	00100120	01c55793	srli	x15,x10,0x1c	 x10:0x00000007 x15=0x00000000
          32824	     16408	00100124	00900713	addi	x14,x0,9	  x0:0x00000000 x14=0x00000009
          32828	     16410	00100128	0cf77a63	bgeu	x14,x15,1001fc	 x14:0x00000009 x15:0x00000000
          32832	     16412	001001fc	03078393	addi	x7,x15,48	 x15:0x00000000  x7=0x00000030
          32834	     16413	00100200	000205b7	lui	x11,0x20	 x11=0x00020000
          32836	     16414	00100204	00451613	slli	x12,x10,0x4	 x10:0x00000007 x12=0x00000070
          32840	     16416	00100208	0075a023	sw	x7,0(x11)	 x11:0x00020000  x7:0x00000030 PA:0x00020000 store:0x00000030 load:0x00000000
          32842	     16417	0010020c	01c65693	srli	x13,x12,0x1c	 x12:0x00000070 x13=0x00000000
          32844	     16418	00100210	00900813	addi	x16,x0,9	  x0:0x00000000 x16=0x00000009
          32846	     16419	00100214	f2d86ae3	bltu	x16,x13,100148	 x16:0x00000009 x13:0x00000000
          32848	     16420	00100218	03068e93	addi	x29,x13,48	 x13:0x00000000 x29=0x00000030
          32850	     16421	0010021c	00020f37	lui	x30,0x20	 x30=0x00020000
          32852	     16422	00100220	00851f93	slli	x31,x10,0x8	 x10:0x00000007 x31=0x00000700
          32856	     16424	00100224	01df2023	sw	x29,0(x30)	 x30:0x00020000 x29:0x00000030 PA:0x00020000 store:0x00000030 load:0x00000000
          32858	     16425	00100228	01cfd793	srli	x15,x31,0x1c	 x31:0x00000700 x15=0x00000000
          32860	     16426	0010022c	00900713	addi	x14,x0,9	  x0:0x00000000 x14=0x00000009
          32862	     16427	00100230	f2f76ae3	bltu	x14,x15,100164	 x14:0x00000009 x15:0x00000000
          32864	     16428	00100234	03078393	addi	x7,x15,48	 x15:0x00000000  x7=0x00000030
          32866	     16429	00100238	000205b7	lui	x11,0x20	 x11=0x00020000
          32868	     16430	0010023c	00c51613	slli	x12,x10,0xc	 x10:0x00000007 x12=0x00007000
          32872	     16432	00100240	0075a023	sw	x7,0(x11)	 x11:0x00020000  x7:0x00000030 PA:0x00020000 store:0x00000030 load:0x00000000
          32874	     16433	00100244	01c65693	srli	x13,x12,0x1c	 x12:0x00007000 x13=0x00000000
          32876	     16434	00100248	00900813	addi	x16,x0,9	  x0:0x00000000 x16=0x00000009
          32878	     16435	0010024c	f2d86ae3	bltu	x16,x13,100180	 x16:0x00000009 x13:0x00000000
          32880	     16436	00100250	03068e93	addi	x29,x13,48	 x13:0x00000000 x29=0x00000030
          32882	     16437	00100254	00020f37	lui	x30,0x20	 x30=0x00020000
          32884	     16438	00100258	01051f93	slli	x31,x10,0x10	 x10:0x00000007 x31=0x00070000
          32888	     16440	0010025c	01df2023	sw	x29,0(x30)	 x30:0x00020000 x29:0x00000030 PA:0x00020000 store:0x00000030 load:0x00000000
          32890	     16441	00100260	01cfd793	srli	x15,x31,0x1c	 x31:0x00070000 x15=0x00000000
          32892	     16442	00100264	00900713	addi	x14,x0,9	  x0:0x00000000 x14=0x00000009
          32894	     16443	00100268	f2f76ae3	bltu	x14,x15,10019c	 x14:0x00000009 x15:0x00000000
          32896	     16444	0010026c	03078393	addi	x7,x15,48	 x15:0x00000000  x7=0x00000030
          32898	     16445	00100270	000205b7	lui	x11,0x20	 x11=0x00020000
          32900	     16446	00100274	01451613	slli	x12,x10,0x14	 x10:0x00000007 x12=0x00700000
          32904	     16448	00100278	0075a023	sw	x7,0(x11)	 x11:0x00020000  x7:0x00000030 PA:0x00020000 store:0x00000030 load:0x00000000
          32906	     16449	0010027c	01c65693	srli	x13,x12,0x1c	 x12:0x00700000 x13=0x00000000
          32908	     16450	00100280	00900813	addi	x16,x0,9	  x0:0x00000000 x16=0x00000009
          32910	     16451	00100284	f2d86ae3	bltu	x16,x13,1001b8	 x16:0x00000009 x13:0x00000000
          32912	     16452	00100288	03068e93	addi	x29,x13,48	 x13:0x00000000 x29=0x00000030
          32914	     16453	0010028c	00020f37	lui	x30,0x20	 x30=0x00020000
          32916	     16454	00100290	01851f93	slli	x31,x10,0x18	 x10:0x00000007 x31=0x07000000
          32920	     16456	00100294	01df2023	sw	x29,0(x30)	 x30:0x00020000 x29:0x00000030 PA:0x00020000 store:0x00000030 load:0x00000000
          32922	     16457	00100298	01cfd793	srli	x15,x31,0x1c	 x31:0x07000000 x15=0x00000000
          32924	     16458	0010029c	00900713	addi	x14,x0,9	  x0:0x00000000 x14=0x00000009
          32926	     16459	001002a0	f2f76ae3	bltu	x14,x15,1001d4	 x14:0x00000009 x15:0x00000000
          32928	     16460	001002a4	03078393	addi	x7,x15,48	 x15:0x00000000  x7=0x00000030
          32930	     16461	001002a8	000205b7	lui	x11,0x20	 x11=0x00020000
          32934	     16463	001002ac	0075a023	sw	x7,0(x11)	 x11:0x00020000  x7:0x00000030 PA:0x00020000 store:0x00000030 load:0x00000000
          32936	     16464	001002b0	00f57513	andi	x10,x10,15	 x10:0x00000007 x10=0x00000007
          32938	     16465	001002b4	00900613	addi	x12,x0,9	  x0:0x00000000 x12=0x00000009
          32942	     16467	001002b8	f2a67ae3	bgeu	x12,x10,1001ec	 x12:0x00000009 x10:0x00000007
          32946	     16469	001001ec	03050893	addi	x17,x10,48	 x10:0x00000007 x17=0x00000037
          32948	     16470	001001f0	00020e37	lui	x28,0x20	 x28=0x00020000
          32952	     16472	001001f4	011e2023	sw	x17,0(x28)	 x28:0x00020000 x17:0x00000037 PA:0x00020000 store:0x00000037 load:0x00000000
          32956	     16474	001001f8	00008067	jalr	x0,0(x1)	  x1:0x00101730  x0=0x00000000
          32964	     16478	00101730	00102837	lui	x16,0x102	 x16=0x00102000
          32966	     16479	00101734	95c82a07	flw	f20,-1700(x16)	 f16:0x00102000 f20=0x00000000 PA:0x0010195c store:0x4019999a
          32968	     16480	00101738	001028b7	lui	x17,0x102	 x17=0x00102000
          32970	     16481	0010173c	9608a987	flw	f19,-1696(x17)	 f17:0x00102000 f19=0x00000000 PA:0x00101960 store:0x7fa00000
          32972	     16482	00101740	d34ba227	fsw	f20,-732(x23)	 f23:0x00102000 f20:0x00102000 PA:0x00101d24 store:0x7f167699 load:0x7f1dfc87
          32974	     16483	00101744	00102e37	lui	x28,0x102	 x28=0x00102000
          32976	     16484	00101748	d33ca027	fsw	f19,-736(x25)	 f25:0x00102000 f19:0x00102000 PA:0x00101d20 store:0x7f1dfc87 load:0x7f1dfc87
          32978	     16485	0010174c	d24ba687	flw	f13,-732(x23)	 f23:0x00102000 f13=0x00000000 PA:0x00101d24 store:0x80000000
          32980	     16486	00101750	d20ca387	flw	f7,-736(x25)	 f25:0x00102000  f7=0x00000000 PA:0x00101d20 store:0x7fa00000
          32982	     16487	00101754	28768553	fmin.s	f10,f13,f7	 f13:0x00000000  f7:0x00000030 f10=0x00000000
          32984	     16488	00101758	d0aaa027	fsw	f10,-768(x21)	 f21:0x00102000 f10:0x00000007 PA:0x00101d00 store:0x7f167699 load:0x7f1dfc87
          32988	     16490	0010175c	d00aa807	flw	f16,-768(x21)	 f21:0x00102000 f16=0x00000000 PA:0x00101d00 store:0x7fa00000
          32992	     16492	00101760	bece0513	addi	x10,x28,-1044	 x28:0x00102000 x10=0x00101bec
          32994	     16493	00101764	e0080b53	fmv.x.w	x22,f16	 f16:0x00102000 x22=0x7f167699
          32996	     16494	00101768	cf6a2c23	sw	x22,-776(x20)	 x20:0x00102000 x22:0x7f167699 PA:0x00101cf8 store:0x7f167699 load:0x7f167699
          32998	     16495	0010176c	935fe0ef	jal	x1,1000a0	  x1=0x00101770
          33002	     16497	001000a0	00054803	lbu	x16,0(x10)	 x10:0x00101bec x16=0x0000000a PA:0x00101bec store:0x00000000
          33004	     16498	001000a4	06080663	beq	x16,x0,100110	 x16:0x0000000a  x0:0x00000000
          33006	     16499	001000a8	000207b7	lui	x15,0x20	 x15=0x00020000
          33010	     16501	001000ac	0107a023	sw	x16,0(x15)	 x15:0x00020000 x16:0x0000000a PA:0x00020000 store:0x0000000a load:0x00000000
          33014	     16503	001000b0	00154703	lbu	x14,1(x10)	 x10:0x00101bec x14=0x00000020 PA:0x00101bed store:0x00101770
          33016	     16504	001000b4	04070e63	beq	x14,x0,100110	 x14:0x00000020  x0:0x00000000
          33020	     16506	001000b8	00e7a023	sw	x14,0(x15)	 x15:0x00020000 x14:0x00000020 PA:0x00020000 store:0x00000020 load:0x00000000
          33024	     16508	001000bc	00254283	lbu	x5,2(x10)	 x10:0x00101bec  x5=0x0000004d PA:0x00101bee store:0x00137fa0
          33026	     16509	001000c0	04028863	beq	x5,x0,100110	  x5:0x0000004d  x0:0x00000000
          33030	     16511	001000c4	0057a023	sw	x5,0(x15)	 x15:0x00020000  x5:0x0000004d PA:0x00020000 store:0x0000004d load:0x00000000
          33034	     16513	001000c8	00354303	lbu	x6,3(x10)	 x10:0x00101bec  x6=0x00000069 PA:0x00101bef store:0x00000000
          33036	     16514	001000cc	04030263	beq	x6,x0,100110	  x6:0x00000069  x0:0x00000000
          33040	     16516	001000d0	0067a023	sw	x6,0(x15)	 x15:0x00020000  x6:0x00000069 PA:0x00020000 store:0x00000069 load:0x00000000
          33044	     16518	001000d4	00454383	lbu	x7,4(x10)	 x10:0x00101bec  x7=0x0000006e PA:0x00101bf0 store:0x00000000
          33046	     16519	001000d8	02038c63	beq	x7,x0,100110	  x7:0x0000006e  x0:0x00000000
          33050	     16521	001000dc	0077a023	sw	x7,0(x15)	 x15:0x00020000  x7:0x0000006e PA:0x00020000 store:0x0000006e load:0x00000000
          33054	     16523	001000e0	00554583	lbu	x11,5(x10)	 x10:0x00101bec x11=0x00000028 PA:0x00101bf1 store:0x0000004d
          33056	     16524	001000e4	02058663	beq	x11,x0,100110	 x11:0x00000028  x0:0x00000000
          33060	     16526	001000e8	00b7a023	sw	x11,0(x15)	 x15:0x00020000 x11:0x00000028 PA:0x00020000 store:0x00000028 load:0x00000000
          33064	     16528	001000ec	00654603	lbu	x12,6(x10)	 x10:0x00101bec x12=0x00000032 PA:0x00101bf2 store:0x00000069
          33066	     16529	001000f0	02060063	beq	x12,x0,100110	 x12:0x00000032  x0:0x00000000
          33070	     16531	001000f4	00c7a023	sw	x12,0(x15)	 x15:0x00020000 x12:0x00000032 PA:0x00020000 store:0x00000032 load:0x00000000
          33074	     16533	001000f8	00754683	lbu	x13,7(x10)	 x10:0x00101bec x13=0x0000002e PA:0x00101bf3 store:0x0000006e
          33076	     16534	001000fc	00850513	addi	x10,x10,8	 x10:0x00101bec x10=0x00101bf4
          33078	     16535	00100100	00068863	beq	x13,x0,100110	 x13:0x0000002e  x0:0x00000000
          33082	     16537	00100104	00d7a023	sw	x13,0(x15)	 x15:0x00020000 x13:0x0000002e PA:0x00020000 store:0x0000002e load:0x00000000
          33086	     16539	00100108	00054803	lbu	x16,0(x10)	 x10:0x00101bf4 x16=0x00000030 PA:0x00101bf4 store:0x00000000
          33090	     16541	0010010c	fa0810e3	bne	x16,x0,1000ac	 x16:0x00000030  x0:0x00000000
          33096	     16544	001000ac	0107a023	sw	x16,0(x15)	 x15:0x00020000 x16:0x00000030 PA:0x00020000 store:0x00000030 load:0x00000000
          33100	     16546	001000b0	00154703	lbu	x14,1(x10)	 x10:0x00101bf4 x14=0x00000065 PA:0x00101bf5 store:0x00101770
          33102	     16547	001000b4	04070e63	beq	x14,x0,100110	 x14:0x00000065  x0:0x00000000
          33106	     16549	001000b8	00e7a023	sw	x14,0(x15)	 x15:0x00020000 x14:0x00000065 PA:0x00020000 store:0x00000065 load:0x00000000
          33110	     16551	001000bc	00254283	lbu	x5,2(x10)	 x10:0x00101bf4  x5=0x00000033 PA:0x00101bf6 store:0x00137fa0
          33112	     16552	001000c0	04028863	beq	x5,x0,100110	  x5:0x00000033  x0:0x00000000
          33116	     16554	001000c4	0057a023	sw	x5,0(x15)	 x15:0x00020000  x5:0x00000033 PA:0x00020000 store:0x00000033 load:0x00000000
          33120	     16556	001000c8	00354303	lbu	x6,3(x10)	 x10:0x00101bf4  x6=0x00000038 PA:0x00101bf7 store:0x00000000
          33122	     16557	001000cc	04030263	beq	x6,x0,100110	  x6:0x00000038  x0:0x00000000
          33126	     16559	001000d0	0067a023	sw	x6,0(x15)	 x15:0x00020000  x6:0x00000038 PA:0x00020000 store:0x00000038 load:0x00000000
          33130	     16561	001000d4	00454383	lbu	x7,4(x10)	 x10:0x00101bf4  x7=0x00000066 PA:0x00101bf8 store:0x00000000
          33132	     16562	001000d8	02038c63	beq	x7,x0,100110	  x7:0x00000066  x0:0x00000000
          33136	     16564	001000dc	0077a023	sw	x7,0(x15)	 x15:0x00020000  x7:0x00000066 PA:0x00020000 store:0x00000066 load:0x00000000
          33140	     16566	001000e0	00554583	lbu	x11,5(x10)	 x10:0x00101bf4 x11=0x0000002c PA:0x00101bf9 store:0x00000033
          33142	     16567	001000e4	02058663	beq	x11,x0,100110	 x11:0x0000002c  x0:0x00000000
          33146	     16569	001000e8	00b7a023	sw	x11,0(x15)	 x15:0x00020000 x11:0x0000002c PA:0x00020000 store:0x0000002c load:0x00000000
          33150	     16571	001000ec	00654603	lbu	x12,6(x10)	 x10:0x00101bf4 x12=0x00000020 PA:0x00101bfa store:0x00000038
          33152	     16572	001000f0	02060063	beq	x12,x0,100110	 x12:0x00000020  x0:0x00000000
          33156	     16574	001000f4	00c7a023	sw	x12,0(x15)	 x15:0x00020000 x12:0x00000020 PA:0x00020000 store:0x00000020 load:0x00000000
          33160	     16576	001000f8	00754683	lbu	x13,7(x10)	 x10:0x00101bf4 x13=0x00000032 PA:0x00101bfb store:0x00000066
          33162	     16577	001000fc	00850513	addi	x10,x10,8	 x10:0x00101bf4 x10=0x00101bfc
          33164	     16578	00100100	00068863	beq	x13,x0,100110	 x13:0x00000032  x0:0x00000000
          33168	     16580	00100104	00d7a023	sw	x13,0(x15)	 x15:0x00020000 x13:0x00000032 PA:0x00020000 store:0x00000032 load:0x00000000
          33172	     16582	00100108	00054803	lbu	x16,0(x10)	 x10:0x00101bfc x16=0x0000002e PA:0x00101bfc store:0x00000000
          33176	     16584	0010010c	fa0810e3	bne	x16,x0,1000ac	 x16:0x0000002e  x0:0x00000000
          33182	     16587	001000ac	0107a023	sw	x16,0(x15)	 x15:0x00020000 x16:0x0000002e PA:0x00020000 store:0x0000002e load:0x00000000
          33186	     16589	001000b0	00154703	lbu	x14,1(x10)	 x10:0x00101bfc x14=0x00000031 PA:0x00101bfd store:0x00101770
          33188	     16590	001000b4	04070e63	beq	x14,x0,100110	 x14:0x00000031  x0:0x00000000
          33192	     16592	001000b8	00e7a023	sw	x14,0(x15)	 x15:0x00020000 x14:0x00000031 PA:0x00020000 store:0x00000031 load:0x00000000
          33196	     16594	001000bc	00254283	lbu	x5,2(x10)	 x10:0x00101bfc  x5=0x00000065 PA:0x00101bfe store:0x00137fa0
          33198	     16595	001000c0	04028863	beq	x5,x0,100110	  x5:0x00000065  x0:0x00000000
          33202	     16597	001000c4	0057a023	sw	x5,0(x15)	 x15:0x00020000  x5:0x00000065 PA:0x00020000 store:0x00000065 load:0x00000000
          33206	     16599	001000c8	00354303	lbu	x6,3(x10)	 x10:0x00101bfc  x6=0x00000033 PA:0x00101bff store:0x00000000
          33208	     16600	001000cc	04030263	beq	x6,x0,100110	  x6:0x00000033  x0:0x00000000
          33212	     16602	001000d0	0067a023	sw	x6,0(x15)	 x15:0x00020000  x6:0x00000033 PA:0x00020000 store:0x00000033 load:0x00000000
          33216	     16604	001000d4	00454383	lbu	x7,4(x10)	 x10:0x00101bfc  x7=0x00000038 PA:0x00101c00 store:0x00000000
          33218	     16605	001000d8	02038c63	beq	x7,x0,100110	  x7:0x00000038  x0:0x00000000
          33222	     16607	001000dc	0077a023	sw	x7,0(x15)	 x15:0x00020000  x7:0x00000038 PA:0x00020000 store:0x00000038 load:0x00000000
          33226	     16609	001000e0	00554583	lbu	x11,5(x10)	 x10:0x00101bfc x11=0x00000066 PA:0x00101c01 store:0x00000065
          33228	     16610	001000e4	02058663	beq	x11,x0,100110	 x11:0x00000066  x0:0x00000000
          33232	     16612	001000e8	00b7a023	sw	x11,0(x15)	 x15:0x00020000 x11:0x00000066 PA:0x00020000 store:0x00000066 load:0x00000000
          33236	     16614	001000ec	00654603	lbu	x12,6(x10)	 x10:0x00101bfc x12=0x00000029 PA:0x00101c02 store:0x00000033
          33238	     16615	001000f0	02060063	beq	x12,x0,100110	 x12:0x00000029  x0:0x00000000
          33242	     16617	001000f4	00c7a023	sw	x12,0(x15)	 x15:0x00020000 x12:0x00000029 PA:0x00020000 store:0x00000029 load:0x00000000
          33246	     16619	001000f8	00754683	lbu	x13,7(x10)	 x10:0x00101bfc x13=0x0000002c PA:0x00101c03 store:0x00000038
          33248	     16620	001000fc	00850513	addi	x10,x10,8	 x10:0x00101bfc x10=0x00101c04
          33250	     16621	00100100	00068863	beq	x13,x0,100110	 x13:0x0000002c  x0:0x00000000
          33254	     16623	00100104	00d7a023	sw	x13,0(x15)	 x15:0x00020000 x13:0x0000002c PA:0x00020000 store:0x0000002c load:0x00000000
          33258	     16625	00100108	00054803	lbu	x16,0(x10)	 x10:0x00101c04 x16=0x00000020 PA:0x00101c04 store:0x00000000
          33262	     16627	0010010c	fa0810e3	bne	x16,x0,1000ac	 x16:0x00000020  x0:0x00000000
          33268	     16630	001000ac	0107a023	sw	x16,0(x15)	 x15:0x00020000 x16:0x00000020 PA:0x00020000 store:0x00000020 load:0x00000000
          33272	     16632	001000b0	00154703	lbu	x14,1(x10)	 x10:0x00101c04 x14=0x00000065 PA:0x00101c05 store:0x00101770
          33274	     16633	001000b4	04070e63	beq	x14,x0,100110	 x14:0x00000065  x0:0x00000000
          33278	     16635	001000b8	00e7a023	sw	x14,0(x15)	 x15:0x00020000 x14:0x00000065 PA:0x00020000 store:0x00000065 load:0x00000000
          33282	     16637	001000bc	00254283	lbu	x5,2(x10)	 x10:0x00101c04  x5=0x00000078 PA:0x00101c06 store:0x00137fa0
          33284	     16638	001000c0	04028863	beq	x5,x0,100110	  x5:0x00000078  x0:0x00000000
          33288	     16640	001000c4	0057a023	sw	x5,0(x15)	 x15:0x00020000  x5:0x00000078 PA:0x00020000 store:0x00000078 load:0x00000000
          33292	     16642	001000c8	00354303	lbu	x6,3(x10)	 x10:0x00101c04  x6=0x00000070 PA:0x00101c07 store:0x00000000
          33294	     16643	001000cc	04030263	beq	x6,x0,100110	  x6:0x00000070  x0:0x00000000
          33298	     16645	001000d0	0067a023	sw	x6,0(x15)	 x15:0x00020000  x6:0x00000070 PA:0x00020000 store:0x00000070 load:0x00000000
          33302	     16647	001000d4	00454383	lbu	x7,4(x10)	 x10:0x00101c04  x7=0x00000065 PA:0x00101c08 store:0x00000000
          33304	     16648	001000d8	02038c63	beq	x7,x0,100110	  x7:0x00000065  x0:0x00000000
          33308	     16650	001000dc	0077a023	sw	x7,0(x15)	 x15:0x00020000  x7:0x00000065 PA:0x00020000 store:0x00000065 load:0x00000000
          33312	     16652	001000e0	00554583	lbu	x11,5(x10)	 x10:0x00101c04 x11=0x00000063 PA:0x00101c09 store:0x00000078
          33314	     16653	001000e4	02058663	beq	x11,x0,100110	 x11:0x00000063  x0:0x00000000
          33318	     16655	001000e8	00b7a023	sw	x11,0(x15)	 x15:0x00020000 x11:0x00000063 PA:0x00020000 store:0x00000063 load:0x00000000
          33322	     16657	001000ec	00654603	lbu	x12,6(x10)	 x10:0x00101c04 x12=0x00000074 PA:0x00101c0a store:0x00000070
          33324	     16658	001000f0	02060063	beq	x12,x0,100110	 x12:0x00000074  x0:0x00000000
          33328	     16660	001000f4	00c7a023	sw	x12,0(x15)	 x15:0x00020000 x12:0x00000074 PA:0x00020000 store:0x00000074 load:0x00000000
          33332	     16662	001000f8	00754683	lbu	x13,7(x10)	 x10:0x00101c04 x13=0x00000069 PA:0x00101c0b store:0x00000065
          33334	     16663	001000fc	00850513	addi	x10,x10,8	 x10:0x00101c04 x10=0x00101c0c
          33336	     16664	00100100	00068863	beq	x13,x0,100110	 x13:0x00000069  x0:0x00000000
          33340	     16666	00100104	00d7a023	sw	x13,0(x15)	 x15:0x00020000 x13:0x00000069 PA:0x00020000 store:0x00000069 load:0x00000000
          33344	     16668	00100108	00054803	lbu	x16,0(x10)	 x10:0x00101c0c x16=0x0000006e PA:0x00101c0c store:0x00000000
          33348	     16670	0010010c	fa0810e3	bne	x16,x0,1000ac	 x16:0x0000006e  x0:0x00000000
          33354	     16673	001000ac	0107a023	sw	x16,0(x15)	 x15:0x00020000 x16:0x0000006e PA:0x00020000 store:0x0000006e load:0x00000000
          33358	     16675	001000b0	00154703	lbu	x14,1(x10)	 x10:0x00101c0c x14=0x00000067 PA:0x00101c0d store:0x00101770
          33360	     16676	001000b4	04070e63	beq	x14,x0,100110	 x14:0x00000067  x0:0x00000000
          33364	     16678	001000b8	00e7a023	sw	x14,0(x15)	 x15:0x00020000 x14:0x00000067 PA:0x00020000 store:0x00000067 load:0x00000000
          33368	     16680	001000bc	00254283	lbu	x5,2(x10)	 x10:0x00101c0c  x5=0x0000003a PA:0x00101c0e store:0x00137fa0
          33370	     16681	001000c0	04028863	beq	x5,x0,100110	  x5:0x0000003a  x0:0x00000000
          33374	     16683	001000c4	0057a023	sw	x5,0(x15)	 x15:0x00020000  x5:0x0000003a PA:0x00020000 store:0x0000003a load:0x00000000
          33378	     16685	001000c8	00354303	lbu	x6,3(x10)	 x10:0x00101c0c  x6=0x00000020 PA:0x00101c0f store:0x00000000
          33380	     16686	001000cc	04030263	beq	x6,x0,100110	  x6:0x00000020  x0:0x00000000
          33384	     16688	001000d0	0067a023	sw	x6,0(x15)	 x15:0x00020000  x6:0x00000020 PA:0x00020000 store:0x00000020 load:0x00000000
          33388	     16690	001000d4	00454383	lbu	x7,4(x10)	 x10:0x00101c0c  x7=0x00000030 PA:0x00101c10 store:0x00000000
          33390	     16691	001000d8	02038c63	beq	x7,x0,100110	  x7:0x00000030  x0:0x00000000
          33394	     16693	001000dc	0077a023	sw	x7,0(x15)	 x15:0x00020000  x7:0x00000030 PA:0x00020000 store:0x00000030 load:0x00000000
          33398	     16695	001000e0	00554583	lbu	x11,5(x10)	 x10:0x00101c0c x11=0x00000078 PA:0x00101c11 store:0x0000003a
          33400	     16696	001000e4	02058663	beq	x11,x0,100110	 x11:0x00000078  x0:0x00000000
          33404	     16698	001000e8	00b7a023	sw	x11,0(x15)	 x15:0x00020000 x11:0x00000078 PA:0x00020000 store:0x00000078 load:0x00000000
          33408	     16700	001000ec	00654603	lbu	x12,6(x10)	 x10:0x00101c0c x12=0x00000037 PA:0x00101c12 store:0x00000020
          33410	     16701	001000f0	02060063	beq	x12,x0,100110	 x12:0x00000037  x0:0x00000000
          33414	     16703	001000f4	00c7a023	sw	x12,0(x15)	 x15:0x00020000 x12:0x00000037 PA:0x00020000 store:0x00000037 load:0x00000000
          33418	     16705	001000f8	00754683	lbu	x13,7(x10)	 x10:0x00101c0c x13=0x00000066 PA:0x00101c13 store:0x00000030
          33420	     16706	001000fc	00850513	addi	x10,x10,8	 x10:0x00101c0c x10=0x00101c14
          33422	     16707	00100100	00068863	beq	x13,x0,100110	 x13:0x00000066  x0:0x00000000
          33426	     16709	00100104	00d7a023	sw	x13,0(x15)	 x15:0x00020000 x13:0x00000066 PA:0x00020000 store:0x00000066 load:0x00000000
          33430	     16711	00100108	00054803	lbu	x16,0(x10)	 x10:0x00101c14 x16=0x00000031 PA:0x00101c14 store:0x00000000
          33434	     16713	0010010c	fa0810e3	bne	x16,x0,1000ac	 x16:0x00000031  x0:0x00000000
          33440	     16716	001000ac	0107a023	sw	x16,0(x15)	 x15:0x00020000 x16:0x00000031 PA:0x00020000 store:0x00000031 load:0x00000000
          33444	     16718	001000b0	00154703	lbu	x14,1(x10)	 x10:0x00101c14 x14=0x00000036 PA:0x00101c15 store:0x00101770
          33446	     16719	001000b4	04070e63	beq	x14,x0,100110	 x14:0x00000036  x0:0x00000000
          33450	     16721	001000b8	00e7a023	sw	x14,0(x15)	 x15:0x00020000 x14:0x00000036 PA:0x00020000 store:0x00000036 load:0x00000000
          33454	     16723	001000bc	00254283	lbu	x5,2(x10)	 x10:0x00101c14  x5=0x00000037 PA:0x00101c16 store:0x00137fa0
          33456	     16724	001000c0	04028863	beq	x5,x0,100110	  x5:0x00000037  x0:0x00000000
          33460	     16726	001000c4	0057a023	sw	x5,0(x15)	 x15:0x00020000  x5:0x00000037 PA:0x00020000 store:0x00000037 load:0x00000000
          33464	     16728	001000c8	00354303	lbu	x6,3(x10)	 x10:0x00101c14  x6=0x00000036 PA:0x00101c17 store:0x00000000
          33466	     16729	001000cc	04030263	beq	x6,x0,100110	  x6:0x00000036  x0:0x00000000
          33470	     16731	001000d0	0067a023	sw	x6,0(x15)	 x15:0x00020000  x6:0x00000036 PA:0x00020000 store:0x00000036 load:0x00000000
          33474	     16733	001000d4	00454383	lbu	x7,4(x10)	 x10:0x00101c14  x7=0x00000039 PA:0x00101c18 store:0x00000000
          33476	     16734	001000d8	02038c63	beq	x7,x0,100110	  x7:0x00000039  x0:0x00000000
          33480	     16736	001000dc	0077a023	sw	x7,0(x15)	 x15:0x00020000  x7:0x00000039 PA:0x00020000 store:0x00000039 load:0x00000000
          33484	     16738	001000e0	00554583	lbu	x11,5(x10)	 x10:0x00101c14 x11=0x00000039 PA:0x00101c19 store:0x00000037
          33486	     16739	001000e4	02058663	beq	x11,x0,100110	 x11:0x00000039  x0:0x00000000
          33490	     16741	001000e8	00b7a023	sw	x11,0(x15)	 x15:0x00020000 x11:0x00000039 PA:0x00020000 store:0x00000039 load:0x00000000
          33494	     16743	001000ec	00654603	lbu	x12,6(x10)	 x10:0x00101c14 x12=0x0000003a PA:0x00101c1a store:0x00000036
          33496	     16744	001000f0	02060063	beq	x12,x0,100110	 x12:0x0000003a  x0:0x00000000
          33500	     16746	001000f4	00c7a023	sw	x12,0(x15)	 x15:0x00020000 x12:0x0000003a PA:0x00020000 store:0x0000003a load:0x00000000
          33504	     16748	001000f8	00754683	lbu	x13,7(x10)	 x10:0x00101c14 x13=0x00000020 PA:0x00101c1b store:0x00000039
          33506	     16749	001000fc	00850513	addi	x10,x10,8	 x10:0x00101c14 x10=0x00101c1c
          33508	     16750	00100100	00068863	beq	x13,x0,100110	 x13:0x00000020  x0:0x00000000
          33512	     16752	00100104	00d7a023	sw	x13,0(x15)	 x15:0x00020000 x13:0x00000020 PA:0x00020000 store:0x00000020 load:0x00000000
          33516	     16754	00100108	00054803	lbu	x16,0(x10)	 x10:0x00101c1c x16=0x00000000 PA:0x00101c1c store:0x00000000
          33518	     16755	0010010c	fa0810e3	bne	x16,x0,1000ac	 x16:0x00000000  x0:0x00000000
          33520	     16756	00100110	00000513	addi	x10,x0,0	  x0:0x00000000 x10=0x00000000
          33524	     16758	00100114	00008067	jalr	x0,0(x1)	  x1:0x00101770  x0=0x00000000
          33528	     16760	00101770	cf8a2503	lw	x10,-776(x20)	 x20:0x00102000 x10=0x7f167699 PA:0x00101cf8 store:0x00102000
          33532	     16762	00101774	9adfe0ef	jal	x1,100120	  x1=0x00101778
          33534	     16763	00100120	01c55793	srli	x15,x10,0x1c	 x10:0x7f167699 x15=0x00000007
          33536	     16764	00100124	00900713	addi	x14,x0,9	  x0:0x00000000 x14=0x00000009
          33540	     16766	00100128	0cf77a63	bgeu	x14,x15,1001fc	 x14:0x00000009 x15:0x00000007
          33544	     16768	001001fc	03078393	addi	x7,x15,48	 x15:0x00000007  x7=0x00000037
          33546	     16769	00100200	000205b7	lui	x11,0x20	 x11=0x00020000
          33548	     16770	00100204	00451613	slli	x12,x10,0x4	 x10:0x7f167699 x12=0xf1676990
          33552	     16772	00100208	0075a023	sw	x7,0(x11)	 x11:0x00020000  x7:0x00000037 PA:0x00020000 store:0x00000037 load:0x00000000
          33554	     16773	0010020c	01c65693	srli	x13,x12,0x1c	 x12:0xf1676990 x13=0x0000000f
          33556	     16774	00100210	00900813	addi	x16,x0,9	  x0:0x00000000 x16=0x00000009
          33560	     16776	00100214	f2d86ae3	bltu	x16,x13,100148	 x16:0x00000009 x13:0x0000000f
          33564	     16778	00100148	03768893	addi	x17,x13,55	 x13:0x0000000f x17=0x00000046
          33566	     16779	0010014c	00020e37	lui	x28,0x20	 x28=0x00020000
          33568	     16780	00100150	00851f93	slli	x31,x10,0x8	 x10:0x7f167699 x31=0x16769900
          33572	     16782	00100154	011e2023	sw	x17,0(x28)	 x28:0x00020000 x17:0x00000046 PA:0x00020000 store:0x00000046 load:0x00000000
          33574	     16783	00100158	01cfd793	srli	x15,x31,0x1c	 x31:0x16769900 x15=0x00000001
          33576	     16784	0010015c	00900713	addi	x14,x0,9	  x0:0x00000000 x14=0x00000009
          33580	     16786	00100160	0cf77a63	bgeu	x14,x15,100234	 x14:0x00000009 x15:0x00000001
          33584	     16788	00100234	03078393	addi	x7,x15,48	 x15:0x00000001  x7=0x00000031
          33586	     16789	00100238	000205b7	lui	x11,0x20	 x11=0x00020000
          33588	     16790	0010023c	00c51613	slli	x12,x10,0xc	 x10:0x7f167699 x12=0x67699000
          33592	     16792	00100240	0075a023	sw	x7,0(x11)	 x11:0x00020000  x7:0x00000031 PA:0x00020000 store:0x00000031 load:0x00000000
          33594	     16793	00100244	01c65693	srli	x13,x12,0x1c	 x12:0x67699000 x13=0x00000006
          33596	     16794	00100248	00900813	addi	x16,x0,9	  x0:0x00000000 x16=0x00000009
          33598	     16795	0010024c	f2d86ae3	bltu	x16,x13,100180	 x16:0x00000009 x13:0x00000006
          33600	     16796	00100250	03068e93	addi	x29,x13,48	 x13:0x00000006 x29=0x00000036
          33602	     16797	00100254	00020f37	lui	x30,0x20	 x30=0x00020000
          33604	     16798	00100258	01051f93	slli	x31,x10,0x10	 x10:0x7f167699 x31=0x76990000
          33608	     16800	0010025c	01df2023	sw	x29,0(x30)	 x30:0x00020000 x29:0x00000036 PA:0x00020000 store:0x00000036 load:0x00000000
          33610	     16801	00100260	01cfd793	srli	x15,x31,0x1c	 x31:0x76990000 x15=0x00000007
          33612	     16802	00100264	00900713	addi	x14,x0,9	  x0:0x00000000 x14=0x00000009
          33614	     16803	00100268	f2f76ae3	bltu	x14,x15,10019c	 x14:0x00000009 x15:0x00000007
          33616	     16804	0010026c	03078393	addi	x7,x15,48	 x15:0x00000007  x7=0x00000037
          33618	     16805	00100270	000205b7	lui	x11,0x20	 x11=0x00020000
          33620	     16806	00100274	01451613	slli	x12,x10,0x14	 x10:0x7f167699 x12=0x69900000
          33624	     16808	00100278	0075a023	sw	x7,0(x11)	 x11:0x00020000  x7:0x00000037 PA:0x00020000 store:0x00000037 load:0x00000000
          33626	     16809	0010027c	01c65693	srli	x13,x12,0x1c	 x12:0x69900000 x13=0x00000006
          33628	     16810	00100280	00900813	addi	x16,x0,9	  x0:0x00000000 x16=0x00000009
          33630	     16811	00100284	f2d86ae3	bltu	x16,x13,1001b8	 x16:0x00000009 x13:0x00000006
          33632	     16812	00100288	03068e93	addi	x29,x13,48	 x13:0x00000006 x29=0x00000036
          33634	     16813	0010028c	00020f37	lui	x30,0x20	 x30=0x00020000
          33636	     16814	00100290	01851f93	slli	x31,x10,0x18	 x10:0x7f167699 x31=0x99000000
          33640	     16816	00100294	01df2023	sw	x29,0(x30)	 x30:0x00020000 x29:0x00000036 PA:0x00020000 store:0x00000036 load:0x00000000
          33642	     16817	00100298	01cfd793	srli	x15,x31,0x1c	 x31:0x99000000 x15=0x00000009
          33644	     16818	0010029c	00900713	addi	x14,x0,9	  x0:0x00000000 x14=0x00000009
          33646	     16819	001002a0	f2f76ae3	bltu	x14,x15,1001d4	 x14:0x00000009 x15:0x00000009
          33648	     16820	001002a4	03078393	addi	x7,x15,48	 x15:0x00000009  x7=0x00000039
          33650	     16821	001002a8	000205b7	lui	x11,0x20	 x11=0x00020000
          33654	     16823	001002ac	0075a023	sw	x7,0(x11)	 x11:0x00020000  x7:0x00000039 PA:0x00020000 store:0x00000039 load:0x00000000
          33656	     16824	001002b0	00f57513	andi	x10,x10,15	 x10:0x7f167699 x10=0x00000009
          33658	     16825	001002b4	00900613	addi	x12,x0,9	  x0:0x00000000 x12=0x00000009
          33662	     16827	001002b8	f2a67ae3	bgeu	x12,x10,1001ec	 x12:0x00000009 x10:0x00000009
          33666	     16829	001001ec	03050893	addi	x17,x10,48	 x10:0x00000009 x17=0x00000039
          33668	     16830	001001f0	00020e37	lui	x28,0x20	 x28=0x00020000
          33672	     16832	001001f4	011e2023	sw	x17,0(x28)	 x28:0x00020000 x17:0x00000039 PA:0x00020000 store:0x00000039 load:0x00000000
          33676	     16834	001001f8	00008067	jalr	x0,0(x1)	  x1:0x00101778  x0=0x00000000
          33678	     16835	00101778	00102eb7	lui	x29,0x102	 x29=0x00102000
          33680	     16836	0010177c	c20e8513	addi	x10,x29,-992	 x29:0x00102000 x10=0x00101c20
          33684	     16838	00101780	921fe0ef	jal	x1,1000a0	  x1=0x00101784
          33688	     16840	001000a0	00054803	lbu	x16,0(x10)	 x10:0x00101c20 x16=0x0000000a PA:0x00101c20 store:0x00000000
          33690	     16841	001000a4	06080663	beq	x16,x0,100110	 x16:0x0000000a  x0:0x00000000
          33692	     16842	001000a8	000207b7	lui	x15,0x20	 x15=0x00020000
          33696	     16844	001000ac	0107a023	sw	x16,0(x15)	 x15:0x00020000 x16:0x0000000a PA:0x00020000 store:0x0000000a load:0x00000000
          33700	     16846	001000b0	00154703	lbu	x14,1(x10)	 x10:0x00101c20 x14=0x0000000a PA:0x00101c21 store:0x00101784
          33702	     16847	001000b4	04070e63	beq	x14,x0,100110	 x14:0x0000000a  x0:0x00000000
          33706	     16849	001000b8	00e7a023	sw	x14,0(x15)	 x15:0x00020000 x14:0x0000000a PA:0x00020000 store:0x0000000a load:0x00000000
          33710	     16851	001000bc	00254283	lbu	x5,2(x10)	 x10:0x00101c20  x5=0x00000054 PA:0x00101c22 store:0x00137fa0
          33712	     16852	001000c0	04028863	beq	x5,x0,100110	  x5:0x00000054  x0:0x00000000
          33716	     16854	001000c4	0057a023	sw	x5,0(x15)	 x15:0x00020000  x5:0x00000054 PA:0x00020000 store:0x00000054 load:0x00000000
          33720	     16856	001000c8	00354303	lbu	x6,3(x10)	 x10:0x00101c20  x6=0x00000065 PA:0x00101c23 store:0x00000000
          33722	     16857	001000cc	04030263	beq	x6,x0,100110	  x6:0x00000065  x0:0x00000000
          33726	     16859	001000d0	0067a023	sw	x6,0(x15)	 x15:0x00020000  x6:0x00000065 PA:0x00020000 store:0x00000065 load:0x00000000
          33730	     16861	001000d4	00454383	lbu	x7,4(x10)	 x10:0x00101c20  x7=0x00000073 PA:0x00101c24 store:0x00000000
          33732	     16862	001000d8	02038c63	beq	x7,x0,100110	  x7:0x00000073  x0:0x00000000
          33736	     16864	001000dc	0077a023	sw	x7,0(x15)	 x15:0x00020000  x7:0x00000073 PA:0x00020000 store:0x00000073 load:0x00000000
          33740	     16866	001000e0	00554583	lbu	x11,5(x10)	 x10:0x00101c20 x11=0x00000074 PA:0x00101c25 store:0x00000054
          33742	     16867	001000e4	02058663	beq	x11,x0,100110	 x11:0x00000074  x0:0x00000000
          33746	     16869	001000e8	00b7a023	sw	x11,0(x15)	 x15:0x00020000 x11:0x00000074 PA:0x00020000 store:0x00000074 load:0x00000000
          33750	     16871	001000ec	00654603	lbu	x12,6(x10)	 x10:0x00101c20 x12=0x00000069 PA:0x00101c26 store:0x00000065
          33752	     16872	001000f0	02060063	beq	x12,x0,100110	 x12:0x00000069  x0:0x00000000
          33756	     16874	001000f4	00c7a023	sw	x12,0(x15)	 x15:0x00020000 x12:0x00000069 PA:0x00020000 store:0x00000069 load:0x00000000
          33760	     16876	001000f8	00754683	lbu	x13,7(x10)	 x10:0x00101c20 x13=0x0000006e PA:0x00101c27 store:0x00000073
          33762	     16877	001000fc	00850513	addi	x10,x10,8	 x10:0x00101c20 x10=0x00101c28
          33764	     16878	00100100	00068863	beq	x13,x0,100110	 x13:0x0000006e  x0:0x00000000
          33768	     16880	00100104	00d7a023	sw	x13,0(x15)	 x15:0x00020000 x13:0x0000006e PA:0x00020000 store:0x0000006e load:0x00000000
          33772	     16882	00100108	00054803	lbu	x16,0(x10)	 x10:0x00101c28 x16=0x00000067 PA:0x00101c28 store:0x00000000
          33776	     16884	0010010c	fa0810e3	bne	x16,x0,1000ac	 x16:0x00000067  x0:0x00000000
          33782	     16887	001000ac	0107a023	sw	x16,0(x15)	 x15:0x00020000 x16:0x00000067 PA:0x00020000 store:0x00000067 load:0x00000000
          33786	     16889	001000b0	00154703	lbu	x14,1(x10)	 x10:0x00101c28 x14=0x00000020 PA:0x00101c29 store:0x00101784
          33788	     16890	001000b4	04070e63	beq	x14,x0,100110	 x14:0x00000020  x0:0x00000000
          33792	     16892	001000b8	00e7a023	sw	x14,0(x15)	 x15:0x00020000 x14:0x00000020 PA:0x00020000 store:0x00000020 load:0x00000000
          33796	     16894	001000bc	00254283	lbu	x5,2(x10)	 x10:0x00101c28  x5=0x0000004d PA:0x00101c2a store:0x00137fa0
          33798	     16895	001000c0	04028863	beq	x5,x0,100110	  x5:0x0000004d  x0:0x00000000
          33802	     16897	001000c4	0057a023	sw	x5,0(x15)	 x15:0x00020000  x5:0x0000004d PA:0x00020000 store:0x0000004d load:0x00000000
          33806	     16899	001000c8	00354303	lbu	x6,3(x10)	 x10:0x00101c28  x6=0x00000041 PA:0x00101c2b store:0x00000000
          33808	     16900	001000cc	04030263	beq	x6,x0,100110	  x6:0x00000041  x0:0x00000000
          33812	     16902	001000d0	0067a023	sw	x6,0(x15)	 x15:0x00020000  x6:0x00000041 PA:0x00020000 store:0x00000041 load:0x00000000
          33816	     16904	001000d4	00454383	lbu	x7,4(x10)	 x10:0x00101c28  x7=0x00000058 PA:0x00101c2c store:0x00000000
          33818	     16905	001000d8	02038c63	beq	x7,x0,100110	  x7:0x00000058  x0:0x00000000
          33822	     16907	001000dc	0077a023	sw	x7,0(x15)	 x15:0x00020000  x7:0x00000058 PA:0x00020000 store:0x00000058 load:0x00000000
          33826	     16909	001000e0	00554583	lbu	x11,5(x10)	 x10:0x00101c28 x11=0x00000020 PA:0x00101c2d store:0x0000004d
          33828	     16910	001000e4	02058663	beq	x11,x0,100110	 x11:0x00000020  x0:0x00000000
          33832	     16912	001000e8	00b7a023	sw	x11,0(x15)	 x15:0x00020000 x11:0x00000020 PA:0x00020000 store:0x00000020 load:0x00000000
          33836	     16914	001000ec	00654603	lbu	x12,6(x10)	 x10:0x00101c28 x12=0x00000069 PA:0x00101c2e store:0x00000041
          33838	     16915	001000f0	02060063	beq	x12,x0,100110	 x12:0x00000069  x0:0x00000000
          33842	     16917	001000f4	00c7a023	sw	x12,0(x15)	 x15:0x00020000 x12:0x00000069 PA:0x00020000 store:0x00000069 load:0x00000000
          33846	     16919	001000f8	00754683	lbu	x13,7(x10)	 x10:0x00101c28 x13=0x0000006e PA:0x00101c2f store:0x00000058
          33848	     16920	001000fc	00850513	addi	x10,x10,8	 x10:0x00101c28 x10=0x00101c30
          33850	     16921	00100100	00068863	beq	x13,x0,100110	 x13:0x0000006e  x0:0x00000000
          33854	     16923	00100104	00d7a023	sw	x13,0(x15)	 x15:0x00020000 x13:0x0000006e PA:0x00020000 store:0x0000006e load:0x00000000
          33858	     16925	00100108	00054803	lbu	x16,0(x10)	 x10:0x00101c30 x16=0x00000073 PA:0x00101c30 store:0x00000000
          33862	     16927	0010010c	fa0810e3	bne	x16,x0,1000ac	 x16:0x00000073  x0:0x00000000
          33868	     16930	001000ac	0107a023	sw	x16,0(x15)	 x15:0x00020000 x16:0x00000073 PA:0x00020000 store:0x00000073 load:0x00000000
          33872	     16932	001000b0	00154703	lbu	x14,1(x10)	 x10:0x00101c30 x14=0x00000074 PA:0x00101c31 store:0x00101784
          33874	     16933	001000b4	04070e63	beq	x14,x0,100110	 x14:0x00000074  x0:0x00000000
          33878	     16935	001000b8	00e7a023	sw	x14,0(x15)	 x15:0x00020000 x14:0x00000074 PA:0x00020000 store:0x00000074 load:0x00000000
          33882	     16937	001000bc	00254283	lbu	x5,2(x10)	 x10:0x00101c30  x5=0x00000072 PA:0x00101c32 store:0x00137fa0
          33884	     16938	001000c0	04028863	beq	x5,x0,100110	  x5:0x00000072  x0:0x00000000
          33888	     16940	001000c4	0057a023	sw	x5,0(x15)	 x15:0x00020000  x5:0x00000072 PA:0x00020000 store:0x00000072 load:0x00000000
          33892	     16942	001000c8	00354303	lbu	x6,3(x10)	 x10:0x00101c30  x6=0x00000075 PA:0x00101c33 store:0x00000000
          33894	     16943	001000cc	04030263	beq	x6,x0,100110	  x6:0x00000075  x0:0x00000000
          33898	     16945	001000d0	0067a023	sw	x6,0(x15)	 x15:0x00020000  x6:0x00000075 PA:0x00020000 store:0x00000075 load:0x00000000
          33902	     16947	001000d4	00454383	lbu	x7,4(x10)	 x10:0x00101c30  x7=0x00000063 PA:0x00101c34 store:0x00000000
          33904	     16948	001000d8	02038c63	beq	x7,x0,100110	  x7:0x00000063  x0:0x00000000
          33908	     16950	001000dc	0077a023	sw	x7,0(x15)	 x15:0x00020000  x7:0x00000063 PA:0x00020000 store:0x00000063 load:0x00000000
          33912	     16952	001000e0	00554583	lbu	x11,5(x10)	 x10:0x00101c30 x11=0x00000074 PA:0x00101c35 store:0x00000072
          33914	     16953	001000e4	02058663	beq	x11,x0,100110	 x11:0x00000074  x0:0x00000000
          33918	     16955	001000e8	00b7a023	sw	x11,0(x15)	 x15:0x00020000 x11:0x00000074 PA:0x00020000 store:0x00000074 load:0x00000000
          33922	     16957	001000ec	00654603	lbu	x12,6(x10)	 x10:0x00101c30 x12=0x00000069 PA:0x00101c36 store:0x00000075
          33924	     16958	001000f0	02060063	beq	x12,x0,100110	 x12:0x00000069  x0:0x00000000
          33928	     16960	001000f4	00c7a023	sw	x12,0(x15)	 x15:0x00020000 x12:0x00000069 PA:0x00020000 store:0x00000069 load:0x00000000
          33932	     16962	001000f8	00754683	lbu	x13,7(x10)	 x10:0x00101c30 x13=0x0000006f PA:0x00101c37 store:0x00000063
          33934	     16963	001000fc	00850513	addi	x10,x10,8	 x10:0x00101c30 x10=0x00101c38
          33936	     16964	00100100	00068863	beq	x13,x0,100110	 x13:0x0000006f  x0:0x00000000
          33940	     16966	00100104	00d7a023	sw	x13,0(x15)	 x15:0x00020000 x13:0x0000006f PA:0x00020000 store:0x0000006f load:0x00000000
          33944	     16968	00100108	00054803	lbu	x16,0(x10)	 x10:0x00101c38 x16=0x0000006e PA:0x00101c38 store:0x00000000
          33948	     16970	0010010c	fa0810e3	bne	x16,x0,1000ac	 x16:0x0000006e  x0:0x00000000
          33954	     16973	001000ac	0107a023	sw	x16,0(x15)	 x15:0x00020000 x16:0x0000006e PA:0x00020000 store:0x0000006e load:0x00000000
          33958	     16975	001000b0	00154703	lbu	x14,1(x10)	 x10:0x00101c38 x14=0x00000073 PA:0x00101c39 store:0x00101784
          33960	     16976	001000b4	04070e63	beq	x14,x0,100110	 x14:0x00000073  x0:0x00000000
          33964	     16978	001000b8	00e7a023	sw	x14,0(x15)	 x15:0x00020000 x14:0x00000073 PA:0x00020000 store:0x00000073 load:0x00000000
          33968	     16980	001000bc	00254283	lbu	x5,2(x10)	 x10:0x00101c38  x5=0x0000003a PA:0x00101c3a store:0x00137fa0
          33970	     16981	001000c0	04028863	beq	x5,x0,100110	  x5:0x0000003a  x0:0x00000000
          33974	     16983	001000c4	0057a023	sw	x5,0(x15)	 x15:0x00020000  x5:0x0000003a PA:0x00020000 store:0x0000003a load:0x00000000
          33978	     16985	001000c8	00354303	lbu	x6,3(x10)	 x10:0x00101c38  x6=0x00000020 PA:0x00101c3b store:0x00000000
          33980	     16986	001000cc	04030263	beq	x6,x0,100110	  x6:0x00000020  x0:0x00000000
          33984	     16988	001000d0	0067a023	sw	x6,0(x15)	 x15:0x00020000  x6:0x00000020 PA:0x00020000 store:0x00000020 load:0x00000000
          33988	     16990	001000d4	00454383	lbu	x7,4(x10)	 x10:0x00101c38  x7=0x00000000 PA:0x00101c3c store:0x00000000
          33992	     16992	001000d8	02038c63	beq	x7,x0,100110	  x7:0x00000000  x0:0x00000000
          33996	     16994	00100110	00000513	addi	x10,x0,0	  x0:0x00000000 x10=0x00000000
          34006	     16999	00100114	00008067	jalr	x0,0(x1)	  x1:0x00101784  x0=0x00000000
          34008	     17000	00101784	d32ba227	fsw	f18,-732(x23)	 f23:0x00102000 f18:0x80000000 PA:0x00101d24 store:0x00000000 load:0x00000000
          34010	     17001	00101788	d29ca027	fsw	f9,-736(x25)	 f25:0x00102000  f9:0x7fc00000 PA:0x00101d20 store:0x80000000 load:0x00000000
          34012	     17002	0010178c	d24ba887	flw	f17,-732(x23)	 f23:0x00102000 f17=0x00000000 PA:0x00101d24 store:0x80000000
          34014	     17003	00101790	d20ca487	flw	f9,-736(x25)	 f25:0x00102000  f9=0x00000000 PA:0x00101d20 store:0x7fa00000
          34016	     17004	00101794	28989953	fmax.s	f18,f17,f9	 f17:0x00000039  f9:0x7fc00000 f18=0x00000000
          34018	     17005	00101798	d12aa027	fsw	f18,-768(x21)	 f21:0x00102000 f18:0x80000000 PA:0x00101d00 store:0x00000000 load:0x80000000
          34022	     17007	0010179c	d00aae07	flw	f28,-768(x21)	 f21:0x00102000 f28=0x00000000 PA:0x00101d00 store:0x7fa00000
          34028	     17010	001017a0	00102f37	lui	x30,0x102	 x30=0x00102000
          34030	     17011	001017a4	c40f0513	addi	x10,x30,-960	 x30:0x00102000 x10=0x00101c40
          34032	     17012	001017a8	e00e0fd3	fmv.x.w	x31,f28	 f28:0x00020000 x31=0x00000000
          34034	     17013	001017ac	cffa2c23	sw	x31,-776(x20)	 x20:0x00102000 x31:0x00000000 PA:0x00101cf8 store:0x00000000 load:0x00000000
          34036	     17014	001017b0	8f1fe0ef	jal	x1,1000a0	  x1=0x001017b4
          34038	     17015	001000a0	00054803	lbu	x16,0(x10)	 x10:0x00101c40 x16=0x0000000a PA:0x00101c40 store:0x00000000
          34040	     17016	001000a4	06080663	beq	x16,x0,100110	 x16:0x0000000a  x0:0x00000000
          34042	     17017	001000a8	000207b7	lui	x15,0x20	 x15=0x00020000
          34046	     17019	001000ac	0107a023	sw	x16,0(x15)	 x15:0x00020000 x16:0x0000000a PA:0x00020000 store:0x0000000a load:0x00000000
          34050	     17021	001000b0	00154703	lbu	x14,1(x10)	 x10:0x00101c40 x14=0x00000020 PA:0x00101c41 store:0x001017b4
          34052	     17022	001000b4	04070e63	beq	x14,x0,100110	 x14:0x00000020  x0:0x00000000
          34056	     17024	001000b8	00e7a023	sw	x14,0(x15)	 x15:0x00020000 x14:0x00000020 PA:0x00020000 store:0x00000020 load:0x00000000
          34060	     17026	001000bc	00254283	lbu	x5,2(x10)	 x10:0x00101c40  x5=0x0000004d PA:0x00101c42 store:0x00137fa0
          34062	     17027	001000c0	04028863	beq	x5,x0,100110	  x5:0x0000004d  x0:0x00000000
          34066	     17029	001000c4	0057a023	sw	x5,0(x15)	 x15:0x00020000  x5:0x0000004d PA:0x00020000 store:0x0000004d load:0x00000000
          34070	     17031	001000c8	00354303	lbu	x6,3(x10)	 x10:0x00101c40  x6=0x00000041 PA:0x00101c43 store:0x00000000
          34072	     17032	001000cc	04030263	beq	x6,x0,100110	  x6:0x00000041  x0:0x00000000
          34076	     17034	001000d0	0067a023	sw	x6,0(x15)	 x15:0x00020000  x6:0x00000041 PA:0x00020000 store:0x00000041 load:0x00000000
          34080	     17036	001000d4	00454383	lbu	x7,4(x10)	 x10:0x00101c40  x7=0x00000058 PA:0x00101c44 store:0x00000000
          34082	     17037	001000d8	02038c63	beq	x7,x0,100110	  x7:0x00000058  x0:0x00000000
          34086	     17039	001000dc	0077a023	sw	x7,0(x15)	 x15:0x00020000  x7:0x00000058 PA:0x00020000 store:0x00000058 load:0x00000000
          34090	     17041	001000e0	00554583	lbu	x11,5(x10)	 x10:0x00101c40 x11=0x00000028 PA:0x00101c45 store:0x0000004d
          34092	     17042	001000e4	02058663	beq	x11,x0,100110	 x11:0x00000028  x0:0x00000000
          34096	     17044	001000e8	00b7a023	sw	x11,0(x15)	 x15:0x00020000 x11:0x00000028 PA:0x00020000 store:0x00000028 load:0x00000000
          34100	     17046	001000ec	00654603	lbu	x12,6(x10)	 x10:0x00101c40 x12=0x00000030 PA:0x00101c46 store:0x00000041
          34102	     17047	001000f0	02060063	beq	x12,x0,100110	 x12:0x00000030  x0:0x00000000
          34106	     17049	001000f4	00c7a023	sw	x12,0(x15)	 x15:0x00020000 x12:0x00000030 PA:0x00020000 store:0x00000030 load:0x00000000
          34110	     17051	001000f8	00754683	lbu	x13,7(x10)	 x10:0x00101c40 x13=0x0000002e PA:0x00101c47 store:0x00000058
          34112	     17052	001000fc	00850513	addi	x10,x10,8	 x10:0x00101c40 x10=0x00101c48
          34114	     17053	00100100	00068863	beq	x13,x0,100110	 x13:0x0000002e  x0:0x00000000
          34118	     17055	00100104	00d7a023	sw	x13,0(x15)	 x15:0x00020000 x13:0x0000002e PA:0x00020000 store:0x0000002e load:0x00000000
          34122	     17057	00100108	00054803	lbu	x16,0(x10)	 x10:0x00101c48 x16=0x00000030 PA:0x00101c48 store:0x00000000
          34126	     17059	0010010c	fa0810e3	bne	x16,x0,1000ac	 x16:0x00000030  x0:0x00000000
          34132	     17062	001000ac	0107a023	sw	x16,0(x15)	 x15:0x00020000 x16:0x00000030 PA:0x00020000 store:0x00000030 load:0x00000000
          34136	     17064	001000b0	00154703	lbu	x14,1(x10)	 x10:0x00101c48 x14=0x0000002c PA:0x00101c49 store:0x001017b4
          34138	     17065	001000b4	04070e63	beq	x14,x0,100110	 x14:0x0000002c  x0:0x00000000
          34142	     17067	001000b8	00e7a023	sw	x14,0(x15)	 x15:0x00020000 x14:0x0000002c PA:0x00020000 store:0x0000002c load:0x00000000
          34146	     17069	001000bc	00254283	lbu	x5,2(x10)	 x10:0x00101c48  x5=0x00000020 PA:0x00101c4a store:0x00137fa0
          34148	     17070	001000c0	04028863	beq	x5,x0,100110	  x5:0x00000020  x0:0x00000000
          34152	     17072	001000c4	0057a023	sw	x5,0(x15)	 x15:0x00020000  x5:0x00000020 PA:0x00020000 store:0x00000020 load:0x00000000
          34156	     17074	001000c8	00354303	lbu	x6,3(x10)	 x10:0x00101c48  x6=0x0000002d PA:0x00101c4b store:0x00000000
          34158	     17075	001000cc	04030263	beq	x6,x0,100110	  x6:0x0000002d  x0:0x00000000
          34162	     17077	001000d0	0067a023	sw	x6,0(x15)	 x15:0x00020000  x6:0x0000002d PA:0x00020000 store:0x0000002d load:0x00000000
          34166	     17079	001000d4	00454383	lbu	x7,4(x10)	 x10:0x00101c48  x7=0x00000030 PA:0x00101c4c store:0x00000000
          34168	     17080	001000d8	02038c63	beq	x7,x0,100110	  x7:0x00000030  x0:0x00000000
          34172	     17082	001000dc	0077a023	sw	x7,0(x15)	 x15:0x00020000  x7:0x00000030 PA:0x00020000 store:0x00000030 load:0x00000000
          34176	     17084	001000e0	00554583	lbu	x11,5(x10)	 x10:0x00101c48 x11=0x0000002e PA:0x00101c4d store:0x00000020
          34178	     17085	001000e4	02058663	beq	x11,x0,100110	 x11:0x0000002e  x0:0x00000000
          34182	     17087	001000e8	00b7a023	sw	x11,0(x15)	 x15:0x00020000 x11:0x0000002e PA:0x00020000 store:0x0000002e load:0x00000000
          34186	     17089	001000ec	00654603	lbu	x12,6(x10)	 x10:0x00101c48 x12=0x00000030 PA:0x00101c4e store:0x0000002d
          34188	     17090	001000f0	02060063	beq	x12,x0,100110	 x12:0x00000030  x0:0x00000000
          34192	     17092	001000f4	00c7a023	sw	x12,0(x15)	 x15:0x00020000 x12:0x00000030 PA:0x00020000 store:0x00000030 load:0x00000000
          34196	     17094	001000f8	00754683	lbu	x13,7(x10)	 x10:0x00101c48 x13=0x00000029 PA:0x00101c4f store:0x00000030
          34198	     17095	001000fc	00850513	addi	x10,x10,8	 x10:0x00101c48 x10=0x00101c50
          34200	     17096	00100100	00068863	beq	x13,x0,100110	 x13:0x00000029  x0:0x00000000
          34204	     17098	00100104	00d7a023	sw	x13,0(x15)	 x15:0x00020000 x13:0x00000029 PA:0x00020000 store:0x00000029 load:0x00000000
          34208	     17100	00100108	00054803	lbu	x16,0(x10)	 x10:0x00101c50 x16=0x0000002c PA:0x00101c50 store:0x00000000
          34212	     17102	0010010c	fa0810e3	bne	x16,x0,1000ac	 x16:0x0000002c  x0:0x00000000
          34218	     17105	001000ac	0107a023	sw	x16,0(x15)	 x15:0x00020000 x16:0x0000002c PA:0x00020000 store:0x0000002c load:0x00000000
          34222	     17107	001000b0	00154703	lbu	x14,1(x10)	 x10:0x00101c50 x14=0x00000020 PA:0x00101c51 store:0x001017b4
          34224	     17108	001000b4	04070e63	beq	x14,x0,100110	 x14:0x00000020  x0:0x00000000
          34228	     17110	001000b8	00e7a023	sw	x14,0(x15)	 x15:0x00020000 x14:0x00000020 PA:0x00020000 store:0x00000020 load:0x00000000
          34232	     17112	001000bc	00254283	lbu	x5,2(x10)	 x10:0x00101c50  x5=0x00000065 PA:0x00101c52 store:0x00137fa0
          34234	     17113	001000c0	04028863	beq	x5,x0,100110	  x5:0x00000065  x0:0x00000000
          34238	     17115	001000c4	0057a023	sw	x5,0(x15)	 x15:0x00020000  x5:0x00000065 PA:0x00020000 store:0x00000065 load:0x00000000
          34242	     17117	001000c8	00354303	lbu	x6,3(x10)	 x10:0x00101c50  x6=0x00000078 PA:0x00101c53 store:0x00000000
          34244	     17118	001000cc	04030263	beq	x6,x0,100110	  x6:0x00000078  x0:0x00000000
          34248	     17120	001000d0	0067a023	sw	x6,0(x15)	 x15:0x00020000  x6:0x00000078 PA:0x00020000 store:0x00000078 load:0x00000000
          34252	     17122	001000d4	00454383	lbu	x7,4(x10)	 x10:0x00101c50  x7=0x00000070 PA:0x00101c54 store:0x00000000
          34254	     17123	001000d8	02038c63	beq	x7,x0,100110	  x7:0x00000070  x0:0x00000000
          34258	     17125	001000dc	0077a023	sw	x7,0(x15)	 x15:0x00020000  x7:0x00000070 PA:0x00020000 store:0x00000070 load:0x00000000
          34262	     17127	001000e0	00554583	lbu	x11,5(x10)	 x10:0x00101c50 x11=0x00000065 PA:0x00101c55 store:0x00000065
          34264	     17128	001000e4	02058663	beq	x11,x0,100110	 x11:0x00000065  x0:0x00000000
          34268	     17130	001000e8	00b7a023	sw	x11,0(x15)	 x15:0x00020000 x11:0x00000065 PA:0x00020000 store:0x00000065 load:0x00000000
          34272	     17132	001000ec	00654603	lbu	x12,6(x10)	 x10:0x00101c50 x12=0x00000063 PA:0x00101c56 store:0x00000078
          34274	     17133	001000f0	02060063	beq	x12,x0,100110	 x12:0x00000063  x0:0x00000000
          34278	     17135	001000f4	00c7a023	sw	x12,0(x15)	 x15:0x00020000 x12:0x00000063 PA:0x00020000 store:0x00000063 load:0x00000000
          34282	     17137	001000f8	00754683	lbu	x13,7(x10)	 x10:0x00101c50 x13=0x00000074 PA:0x00101c57 store:0x00000070
          34284	     17138	001000fc	00850513	addi	x10,x10,8	 x10:0x00101c50 x10=0x00101c58
          34286	     17139	00100100	00068863	beq	x13,x0,100110	 x13:0x00000074  x0:0x00000000
          34290	     17141	00100104	00d7a023	sw	x13,0(x15)	 x15:0x00020000 x13:0x00000074 PA:0x00020000 store:0x00000074 load:0x00000000
          34294	     17143	00100108	00054803	lbu	x16,0(x10)	 x10:0x00101c58 x16=0x00000069 PA:0x00101c58 store:0x00000000
          34298	     17145	0010010c	fa0810e3	bne	x16,x0,1000ac	 x16:0x00000069  x0:0x00000000
          34304	     17148	001000ac	0107a023	sw	x16,0(x15)	 x15:0x00020000 x16:0x00000069 PA:0x00020000 store:0x00000069 load:0x00000000
          34308	     17150	001000b0	00154703	lbu	x14,1(x10)	 x10:0x00101c58 x14=0x0000006e PA:0x00101c59 store:0x001017b4
          34310	     17151	001000b4	04070e63	beq	x14,x0,100110	 x14:0x0000006e  x0:0x00000000
          34314	     17153	001000b8	00e7a023	sw	x14,0(x15)	 x15:0x00020000 x14:0x0000006e PA:0x00020000 store:0x0000006e load:0x00000000
          34318	     17155	001000bc	00254283	lbu	x5,2(x10)	 x10:0x00101c58  x5=0x00000067 PA:0x00101c5a store:0x00137fa0
          34320	     17156	001000c0	04028863	beq	x5,x0,100110	  x5:0x00000067  x0:0x00000000
          34324	     17158	001000c4	0057a023	sw	x5,0(x15)	 x15:0x00020000  x5:0x00000067 PA:0x00020000 store:0x00000067 load:0x00000000
          34328	     17160	001000c8	00354303	lbu	x6,3(x10)	 x10:0x00101c58  x6=0x0000003a PA:0x00101c5b store:0x00000000
          34330	     17161	001000cc	04030263	beq	x6,x0,100110	  x6:0x0000003a  x0:0x00000000
          34334	     17163	001000d0	0067a023	sw	x6,0(x15)	 x15:0x00020000  x6:0x0000003a PA:0x00020000 store:0x0000003a load:0x00000000
          34338	     17165	001000d4	00454383	lbu	x7,4(x10)	 x10:0x00101c58  x7=0x00000020 PA:0x00101c5c store:0x00000000
          34340	     17166	001000d8	02038c63	beq	x7,x0,100110	  x7:0x00000020  x0:0x00000000
          34344	     17168	001000dc	0077a023	sw	x7,0(x15)	 x15:0x00020000  x7:0x00000020 PA:0x00020000 store:0x00000020 load:0x00000000
          34348	     17170	001000e0	00554583	lbu	x11,5(x10)	 x10:0x00101c58 x11=0x00000030 PA:0x00101c5d store:0x00000067
          34350	     17171	001000e4	02058663	beq	x11,x0,100110	 x11:0x00000030  x0:0x00000000
          34354	     17173	001000e8	00b7a023	sw	x11,0(x15)	 x15:0x00020000 x11:0x00000030 PA:0x00020000 store:0x00000030 load:0x00000000
          34358	     17175	001000ec	00654603	lbu	x12,6(x10)	 x10:0x00101c58 x12=0x00000078 PA:0x00101c5e store:0x0000003a
          34360	     17176	001000f0	02060063	beq	x12,x0,100110	 x12:0x00000078  x0:0x00000000
          34364	     17178	001000f4	00c7a023	sw	x12,0(x15)	 x15:0x00020000 x12:0x00000078 PA:0x00020000 store:0x00000078 load:0x00000000
          34368	     17180	001000f8	00754683	lbu	x13,7(x10)	 x10:0x00101c58 x13=0x00000030 PA:0x00101c5f store:0x00000020
          34370	     17181	001000fc	00850513	addi	x10,x10,8	 x10:0x00101c58 x10=0x00101c60
          34372	     17182	00100100	00068863	beq	x13,x0,100110	 x13:0x00000030  x0:0x00000000
          34376	     17184	00100104	00d7a023	sw	x13,0(x15)	 x15:0x00020000 x13:0x00000030 PA:0x00020000 store:0x00000030 load:0x00000000
          34380	     17186	00100108	00054803	lbu	x16,0(x10)	 x10:0x00101c60 x16=0x0000003a PA:0x00101c60 store:0x00000000
          34384	     17188	0010010c	fa0810e3	bne	x16,x0,1000ac	 x16:0x0000003a  x0:0x00000000
          34390	     17191	001000ac	0107a023	sw	x16,0(x15)	 x15:0x00020000 x16:0x0000003a PA:0x00020000 store:0x0000003a load:0x00000000
          34394	     17193	001000b0	00154703	lbu	x14,1(x10)	 x10:0x00101c60 x14=0x00000020 PA:0x00101c61 store:0x001017b4
          34396	     17194	001000b4	04070e63	beq	x14,x0,100110	 x14:0x00000020  x0:0x00000000
          34400	     17196	001000b8	00e7a023	sw	x14,0(x15)	 x15:0x00020000 x14:0x00000020 PA:0x00020000 store:0x00000020 load:0x00000000
          34404	     17198	001000bc	00254283	lbu	x5,2(x10)	 x10:0x00101c60  x5=0x00000000 PA:0x00101c62 store:0x00137fa0
          34408	     17200	001000c0	04028863	beq	x5,x0,100110	  x5:0x00000000  x0:0x00000000
          34412	     17202	00100110	00000513	addi	x10,x0,0	  x0:0x00000000 x10=0x00000000
          34416	     17204	00100114	00008067	jalr	x0,0(x1)	  x1:0x001017b4  x0=0x00000000
          34420	     17206	001017b4	cf8a2503	lw	x10,-776(x20)	 x20:0x00102000 x10=0x00000000 PA:0x00101cf8 store:0x00102000
          34424	     17208	001017b8	969fe0ef	jal	x1,100120	  x1=0x001017bc
          34426	     17209	00100120	01c55793	srli	x15,x10,0x1c	 x10:0x00000000 x15=0x00000000
          34428	     17210	00100124	00900713	addi	x14,x0,9	  x0:0x00000000 x14=0x00000009
          34432	     17212	00100128	0cf77a63	bgeu	x14,x15,1001fc	 x14:0x00000009 x15:0x00000000
          34436	     17214	001001fc	03078393	addi	x7,x15,48	 x15:0x00000000  x7=0x00000030
          34438	     17215	00100200	000205b7	lui	x11,0x20	 x11=0x00020000
          34440	     17216	00100204	00451613	slli	x12,x10,0x4	 x10:0x00000000 x12=0x00000000
          34444	     17218	00100208	0075a023	sw	x7,0(x11)	 x11:0x00020000  x7:0x00000030 PA:0x00020000 store:0x00000030 load:0x00000000
          34446	     17219	0010020c	01c65693	srli	x13,x12,0x1c	 x12:0x00000000 x13=0x00000000
          34448	     17220	00100210	00900813	addi	x16,x0,9	  x0:0x00000000 x16=0x00000009
          34450	     17221	00100214	f2d86ae3	bltu	x16,x13,100148	 x16:0x00000009 x13:0x00000000
          34452	     17222	00100218	03068e93	addi	x29,x13,48	 x13:0x00000000 x29=0x00000030
          34454	     17223	0010021c	00020f37	lui	x30,0x20	 x30=0x00020000
          34456	     17224	00100220	00851f93	slli	x31,x10,0x8	 x10:0x00000000 x31=0x00000000
          34460	     17226	00100224	01df2023	sw	x29,0(x30)	 x30:0x00020000 x29:0x00000030 PA:0x00020000 store:0x00000030 load:0x00000000
          34462	     17227	00100228	01cfd793	srli	x15,x31,0x1c	 x31:0x00000000 x15=0x00000000
          34464	     17228	0010022c	00900713	addi	x14,x0,9	  x0:0x00000000 x14=0x00000009
          34466	     17229	00100230	f2f76ae3	bltu	x14,x15,100164	 x14:0x00000009 x15:0x00000000
          34468	     17230	00100234	03078393	addi	x7,x15,48	 x15:0x00000000  x7=0x00000030
          34470	     17231	00100238	000205b7	lui	x11,0x20	 x11=0x00020000
          34472	     17232	0010023c	00c51613	slli	x12,x10,0xc	 x10:0x00000000 x12=0x00000000
          34476	     17234	00100240	0075a023	sw	x7,0(x11)	 x11:0x00020000  x7:0x00000030 PA:0x00020000 store:0x00000030 load:0x00000000
          34478	     17235	00100244	01c65693	srli	x13,x12,0x1c	 x12:0x00000000 x13=0x00000000
          34480	     17236	00100248	00900813	addi	x16,x0,9	  x0:0x00000000 x16=0x00000009
          34482	     17237	0010024c	f2d86ae3	bltu	x16,x13,100180	 x16:0x00000009 x13:0x00000000
          34484	     17238	00100250	03068e93	addi	x29,x13,48	 x13:0x00000000 x29=0x00000030
          34486	     17239	00100254	00020f37	lui	x30,0x20	 x30=0x00020000
          34488	     17240	00100258	01051f93	slli	x31,x10,0x10	 x10:0x00000000 x31=0x00000000
          34492	     17242	0010025c	01df2023	sw	x29,0(x30)	 x30:0x00020000 x29:0x00000030 PA:0x00020000 store:0x00000030 load:0x00000000
          34494	     17243	00100260	01cfd793	srli	x15,x31,0x1c	 x31:0x00000000 x15=0x00000000
          34496	     17244	00100264	00900713	addi	x14,x0,9	  x0:0x00000000 x14=0x00000009
          34498	     17245	00100268	f2f76ae3	bltu	x14,x15,10019c	 x14:0x00000009 x15:0x00000000
          34500	     17246	0010026c	03078393	addi	x7,x15,48	 x15:0x00000000  x7=0x00000030
          34502	     17247	00100270	000205b7	lui	x11,0x20	 x11=0x00020000
          34504	     17248	00100274	01451613	slli	x12,x10,0x14	 x10:0x00000000 x12=0x00000000
          34508	     17250	00100278	0075a023	sw	x7,0(x11)	 x11:0x00020000  x7:0x00000030 PA:0x00020000 store:0x00000030 load:0x00000000
          34510	     17251	0010027c	01c65693	srli	x13,x12,0x1c	 x12:0x00000000 x13=0x00000000
          34512	     17252	00100280	00900813	addi	x16,x0,9	  x0:0x00000000 x16=0x00000009
          34514	     17253	00100284	f2d86ae3	bltu	x16,x13,1001b8	 x16:0x00000009 x13:0x00000000
          34516	     17254	00100288	03068e93	addi	x29,x13,48	 x13:0x00000000 x29=0x00000030
          34518	     17255	0010028c	00020f37	lui	x30,0x20	 x30=0x00020000
          34520	     17256	00100290	01851f93	slli	x31,x10,0x18	 x10:0x00000000 x31=0x00000000
          34524	     17258	00100294	01df2023	sw	x29,0(x30)	 x30:0x00020000 x29:0x00000030 PA:0x00020000 store:0x00000030 load:0x00000000
          34526	     17259	00100298	01cfd793	srli	x15,x31,0x1c	 x31:0x00000000 x15=0x00000000
          34528	     17260	0010029c	00900713	addi	x14,x0,9	  x0:0x00000000 x14=0x00000009
          34530	     17261	001002a0	f2f76ae3	bltu	x14,x15,1001d4	 x14:0x00000009 x15:0x00000000
          34532	     17262	001002a4	03078393	addi	x7,x15,48	 x15:0x00000000  x7=0x00000030
          34534	     17263	001002a8	000205b7	lui	x11,0x20	 x11=0x00020000
          34538	     17265	001002ac	0075a023	sw	x7,0(x11)	 x11:0x00020000  x7:0x00000030 PA:0x00020000 store:0x00000030 load:0x00000000
          34540	     17266	001002b0	00f57513	andi	x10,x10,15	 x10:0x00000000 x10=0x00000000
          34542	     17267	001002b4	00900613	addi	x12,x0,9	  x0:0x00000000 x12=0x00000009
          34546	     17269	001002b8	f2a67ae3	bgeu	x12,x10,1001ec	 x12:0x00000009 x10:0x00000000
          34550	     17271	001001ec	03050893	addi	x17,x10,48	 x10:0x00000000 x17=0x00000030
          34552	     17272	001001f0	00020e37	lui	x28,0x20	 x28=0x00020000
          34556	     17274	001001f4	011e2023	sw	x17,0(x28)	 x28:0x00020000 x17:0x00000030 PA:0x00020000 store:0x00000030 load:0x00000000
          34566	     17279	001001f8	00008067	jalr	x0,0(x1)	  x1:0x001017bc  x0=0x00000000
          34568	     17280	001017bc	d28ba227	fsw	f8,-732(x23)	 f23:0x00102000  f8:0x00102000 PA:0x00101d24 store:0x00000047 load:0x00000000
          34570	     17281	001017c0	d35ca027	fsw	f21,-736(x25)	 f25:0x00102000 f21:0x00102000 PA:0x00101d20 store:0x00000007 load:0x00000000
          34572	     17282	001017c4	d24ba407	flw	f8,-732(x23)	 f23:0x00102000  f8=0x00000000 PA:0x00101d24 store:0x80000000
          34574	     17283	001017c8	d20cae87	flw	f29,-736(x25)	 f25:0x00102000 f29=0x00000000 PA:0x00101d20 store:0x7fa00000
          34576	     17284	001017cc	29d41f53	fmax.s	f30,f8,f29	  f8:0x00102000 f29:0x00000030 f30=0x00000000
          34578	     17285	001017d0	d1eaa027	fsw	f30,-768(x21)	 f21:0x00102000 f30:0x00020000 PA:0x00101d00 store:0x00000047 load:0x00000007
          34582	     17287	001017d4	d00aaf87	flw	f31,-768(x21)	 f21:0x00102000 f31=0x00000000 PA:0x00101d00 store:0x7fa00000
          34586	     17289	001017d8	c6498513	addi	x10,x19,-924	 x19:0x00102000 x10=0x00101c64
          34588	     17290	001017dc	e00f86d3	fmv.x.w	x13,f31	 f31:0x00000000 x13=0x00000047
          34590	     17291	001017e0	ceda2c23	sw	x13,-776(x20)	 x20:0x00102000 x13:0x00000047 PA:0x00101cf8 store:0x00000047 load:0x00000047
          34592	     17292	001017e4	8bdfe0ef	jal	x1,1000a0	  x1=0x001017e8
          34596	     17294	001000a0	00054803	lbu	x16,0(x10)	 x10:0x00101c64 x16=0x0000000a PA:0x00101c64 store:0x00000000
          34598	     17295	001000a4	06080663	beq	x16,x0,100110	 x16:0x0000000a  x0:0x00000000
          34600	     17296	001000a8	000207b7	lui	x15,0x20	 x15=0x00020000
          34604	     17298	001000ac	0107a023	sw	x16,0(x15)	 x15:0x00020000 x16:0x0000000a PA:0x00020000 store:0x0000000a load:0x00000000
          34608	     17300	001000b0	00154703	lbu	x14,1(x10)	 x10:0x00101c64 x14=0x00000020 PA:0x00101c65 store:0x001017e8
          34610	     17301	001000b4	04070e63	beq	x14,x0,100110	 x14:0x00000020  x0:0x00000000
          34614	     17303	001000b8	00e7a023	sw	x14,0(x15)	 x15:0x00020000 x14:0x00000020 PA:0x00020000 store:0x00000020 load:0x00000000
          34618	     17305	001000bc	00254283	lbu	x5,2(x10)	 x10:0x00101c64  x5=0x0000004d PA:0x00101c66 store:0x00137fa0
          34620	     17306	001000c0	04028863	beq	x5,x0,100110	  x5:0x0000004d  x0:0x00000000
          34624	     17308	001000c4	0057a023	sw	x5,0(x15)	 x15:0x00020000  x5:0x0000004d PA:0x00020000 store:0x0000004d load:0x00000000
          34628	     17310	001000c8	00354303	lbu	x6,3(x10)	 x10:0x00101c64  x6=0x00000041 PA:0x00101c67 store:0x00000000
          34630	     17311	001000cc	04030263	beq	x6,x0,100110	  x6:0x00000041  x0:0x00000000
          34634	     17313	001000d0	0067a023	sw	x6,0(x15)	 x15:0x00020000  x6:0x00000041 PA:0x00020000 store:0x00000041 load:0x00000000
          34638	     17315	001000d4	00454383	lbu	x7,4(x10)	 x10:0x00101c64  x7=0x00000058 PA:0x00101c68 store:0x00000000
          34640	     17316	001000d8	02038c63	beq	x7,x0,100110	  x7:0x00000058  x0:0x00000000
          34644	     17318	001000dc	0077a023	sw	x7,0(x15)	 x15:0x00020000  x7:0x00000058 PA:0x00020000 store:0x00000058 load:0x00000000
          34648	     17320	001000e0	00554583	lbu	x11,5(x10)	 x10:0x00101c64 x11=0x00000028 PA:0x00101c69 store:0x0000004d
          34650	     17321	001000e4	02058663	beq	x11,x0,100110	 x11:0x00000028  x0:0x00000000
          34654	     17323	001000e8	00b7a023	sw	x11,0(x15)	 x15:0x00020000 x11:0x00000028 PA:0x00020000 store:0x00000028 load:0x00000000
          34658	     17325	001000ec	00654603	lbu	x12,6(x10)	 x10:0x00101c64 x12=0x00000031 PA:0x00101c6a store:0x00000041
          34660	     17326	001000f0	02060063	beq	x12,x0,100110	 x12:0x00000031  x0:0x00000000
          34664	     17328	001000f4	00c7a023	sw	x12,0(x15)	 x15:0x00020000 x12:0x00000031 PA:0x00020000 store:0x00000031 load:0x00000000
          34668	     17330	001000f8	00754683	lbu	x13,7(x10)	 x10:0x00101c64 x13=0x0000002e PA:0x00101c6b store:0x00000058
          34670	     17331	001000fc	00850513	addi	x10,x10,8	 x10:0x00101c64 x10=0x00101c6c
          34672	     17332	00100100	00068863	beq	x13,x0,100110	 x13:0x0000002e  x0:0x00000000
          34676	     17334	00100104	00d7a023	sw	x13,0(x15)	 x15:0x00020000 x13:0x0000002e PA:0x00020000 store:0x0000002e load:0x00000000
          34680	     17336	00100108	00054803	lbu	x16,0(x10)	 x10:0x00101c6c x16=0x00000030 PA:0x00101c6c store:0x00000000
          34684	     17338	0010010c	fa0810e3	bne	x16,x0,1000ac	 x16:0x00000030  x0:0x00000000
          34690	     17341	001000ac	0107a023	sw	x16,0(x15)	 x15:0x00020000 x16:0x00000030 PA:0x00020000 store:0x00000030 load:0x00000000
          34694	     17343	001000b0	00154703	lbu	x14,1(x10)	 x10:0x00101c6c x14=0x00000065 PA:0x00101c6d store:0x001017e8
          34696	     17344	001000b4	04070e63	beq	x14,x0,100110	 x14:0x00000065  x0:0x00000000
          34700	     17346	001000b8	00e7a023	sw	x14,0(x15)	 x15:0x00020000 x14:0x00000065 PA:0x00020000 store:0x00000065 load:0x00000000
          34704	     17348	001000bc	00254283	lbu	x5,2(x10)	 x10:0x00101c6c  x5=0x0000002d PA:0x00101c6e store:0x00137fa0
          34706	     17349	001000c0	04028863	beq	x5,x0,100110	  x5:0x0000002d  x0:0x00000000
          34710	     17351	001000c4	0057a023	sw	x5,0(x15)	 x15:0x00020000  x5:0x0000002d PA:0x00020000 store:0x0000002d load:0x00000000
          34714	     17353	001000c8	00354303	lbu	x6,3(x10)	 x10:0x00101c6c  x6=0x00000034 PA:0x00101c6f store:0x00000000
          34716	     17354	001000cc	04030263	beq	x6,x0,100110	  x6:0x00000034  x0:0x00000000
          34720	     17356	001000d0	0067a023	sw	x6,0(x15)	 x15:0x00020000  x6:0x00000034 PA:0x00020000 store:0x00000034 load:0x00000000
          34724	     17358	001000d4	00454383	lbu	x7,4(x10)	 x10:0x00101c6c  x7=0x00000033 PA:0x00101c70 store:0x00000000
          34726	     17359	001000d8	02038c63	beq	x7,x0,100110	  x7:0x00000033  x0:0x00000000
          34730	     17361	001000dc	0077a023	sw	x7,0(x15)	 x15:0x00020000  x7:0x00000033 PA:0x00020000 store:0x00000033 load:0x00000000
          34734	     17363	001000e0	00554583	lbu	x11,5(x10)	 x10:0x00101c6c x11=0x0000002c PA:0x00101c71 store:0x0000002d
          34736	     17364	001000e4	02058663	beq	x11,x0,100110	 x11:0x0000002c  x0:0x00000000
          34740	     17366	001000e8	00b7a023	sw	x11,0(x15)	 x15:0x00020000 x11:0x0000002c PA:0x00020000 store:0x0000002c load:0x00000000
          34744	     17368	001000ec	00654603	lbu	x12,6(x10)	 x10:0x00101c6c x12=0x00000020 PA:0x00101c72 store:0x00000034
          34746	     17369	001000f0	02060063	beq	x12,x0,100110	 x12:0x00000020  x0:0x00000000
          34750	     17371	001000f4	00c7a023	sw	x12,0(x15)	 x15:0x00020000 x12:0x00000020 PA:0x00020000 store:0x00000020 load:0x00000000
          34754	     17373	001000f8	00754683	lbu	x13,7(x10)	 x10:0x00101c6c x13=0x00000031 PA:0x00101c73 store:0x00000033
          34756	     17374	001000fc	00850513	addi	x10,x10,8	 x10:0x00101c6c x10=0x00101c74
          34758	     17375	00100100	00068863	beq	x13,x0,100110	 x13:0x00000031  x0:0x00000000
          34762	     17377	00100104	00d7a023	sw	x13,0(x15)	 x15:0x00020000 x13:0x00000031 PA:0x00020000 store:0x00000031 load:0x00000000
          34766	     17379	00100108	00054803	lbu	x16,0(x10)	 x10:0x00101c74 x16=0x0000002e PA:0x00101c74 store:0x00000000
          34770	     17381	0010010c	fa0810e3	bne	x16,x0,1000ac	 x16:0x0000002e  x0:0x00000000
          34776	     17384	001000ac	0107a023	sw	x16,0(x15)	 x15:0x00020000 x16:0x0000002e PA:0x00020000 store:0x0000002e load:0x00000000
          34780	     17386	001000b0	00154703	lbu	x14,1(x10)	 x10:0x00101c74 x14=0x00000030 PA:0x00101c75 store:0x001017e8
          34782	     17387	001000b4	04070e63	beq	x14,x0,100110	 x14:0x00000030  x0:0x00000000
          34786	     17389	001000b8	00e7a023	sw	x14,0(x15)	 x15:0x00020000 x14:0x00000030 PA:0x00020000 store:0x00000030 load:0x00000000
          34790	     17391	001000bc	00254283	lbu	x5,2(x10)	 x10:0x00101c74  x5=0x00000065 PA:0x00101c76 store:0x00137fa0
          34792	     17392	001000c0	04028863	beq	x5,x0,100110	  x5:0x00000065  x0:0x00000000
          34796	     17394	001000c4	0057a023	sw	x5,0(x15)	 x15:0x00020000  x5:0x00000065 PA:0x00020000 store:0x00000065 load:0x00000000
          34800	     17396	001000c8	00354303	lbu	x6,3(x10)	 x10:0x00101c74  x6=0x0000002d PA:0x00101c77 store:0x00000000
          34802	     17397	001000cc	04030263	beq	x6,x0,100110	  x6:0x0000002d  x0:0x00000000
          34806	     17399	001000d0	0067a023	sw	x6,0(x15)	 x15:0x00020000  x6:0x0000002d PA:0x00020000 store:0x0000002d load:0x00000000
          34810	     17401	001000d4	00454383	lbu	x7,4(x10)	 x10:0x00101c74  x7=0x00000034 PA:0x00101c78 store:0x00000000
          34812	     17402	001000d8	02038c63	beq	x7,x0,100110	  x7:0x00000034  x0:0x00000000
          34816	     17404	001000dc	0077a023	sw	x7,0(x15)	 x15:0x00020000  x7:0x00000034 PA:0x00020000 store:0x00000034 load:0x00000000
          34820	     17406	001000e0	00554583	lbu	x11,5(x10)	 x10:0x00101c74 x11=0x00000034 PA:0x00101c79 store:0x00000065
          34822	     17407	001000e4	02058663	beq	x11,x0,100110	 x11:0x00000034  x0:0x00000000
          34826	     17409	001000e8	00b7a023	sw	x11,0(x15)	 x15:0x00020000 x11:0x00000034 PA:0x00020000 store:0x00000034 load:0x00000000
          34830	     17411	001000ec	00654603	lbu	x12,6(x10)	 x10:0x00101c74 x12=0x00000029 PA:0x00101c7a store:0x0000002d
          34832	     17412	001000f0	02060063	beq	x12,x0,100110	 x12:0x00000029  x0:0x00000000
          34836	     17414	001000f4	00c7a023	sw	x12,0(x15)	 x15:0x00020000 x12:0x00000029 PA:0x00020000 store:0x00000029 load:0x00000000
          34840	     17416	001000f8	00754683	lbu	x13,7(x10)	 x10:0x00101c74 x13=0x0000002c PA:0x00101c7b store:0x00000034
          34842	     17417	001000fc	00850513	addi	x10,x10,8	 x10:0x00101c74 x10=0x00101c7c
          34844	     17418	00100100	00068863	beq	x13,x0,100110	 x13:0x0000002c  x0:0x00000000
          34848	     17420	00100104	00d7a023	sw	x13,0(x15)	 x15:0x00020000 x13:0x0000002c PA:0x00020000 store:0x0000002c load:0x00000000
          34852	     17422	00100108	00054803	lbu	x16,0(x10)	 x10:0x00101c7c x16=0x00000020 PA:0x00101c7c store:0x00000000
          34856	     17424	0010010c	fa0810e3	bne	x16,x0,1000ac	 x16:0x00000020  x0:0x00000000
          34862	     17427	001000ac	0107a023	sw	x16,0(x15)	 x15:0x00020000 x16:0x00000020 PA:0x00020000 store:0x00000020 load:0x00000000
          34866	     17429	001000b0	00154703	lbu	x14,1(x10)	 x10:0x00101c7c x14=0x00000065 PA:0x00101c7d store:0x001017e8
          34868	     17430	001000b4	04070e63	beq	x14,x0,100110	 x14:0x00000065  x0:0x00000000
          34872	     17432	001000b8	00e7a023	sw	x14,0(x15)	 x15:0x00020000 x14:0x00000065 PA:0x00020000 store:0x00000065 load:0x00000000
          34876	     17434	001000bc	00254283	lbu	x5,2(x10)	 x10:0x00101c7c  x5=0x00000078 PA:0x00101c7e store:0x00137fa0
          34878	     17435	001000c0	04028863	beq	x5,x0,100110	  x5:0x00000078  x0:0x00000000
          34882	     17437	001000c4	0057a023	sw	x5,0(x15)	 x15:0x00020000  x5:0x00000078 PA:0x00020000 store:0x00000078 load:0x00000000
          34886	     17439	001000c8	00354303	lbu	x6,3(x10)	 x10:0x00101c7c  x6=0x00000070 PA:0x00101c7f store:0x00000000
          34888	     17440	001000cc	04030263	beq	x6,x0,100110	  x6:0x00000070  x0:0x00000000
          34892	     17442	001000d0	0067a023	sw	x6,0(x15)	 x15:0x00020000  x6:0x00000070 PA:0x00020000 store:0x00000070 load:0x00000000
          34896	     17444	001000d4	00454383	lbu	x7,4(x10)	 x10:0x00101c7c  x7=0x00000065 PA:0x00101c80 store:0x00000000
          34898	     17445	001000d8	02038c63	beq	x7,x0,100110	  x7:0x00000065  x0:0x00000000
          34902	     17447	001000dc	0077a023	sw	x7,0(x15)	 x15:0x00020000  x7:0x00000065 PA:0x00020000 store:0x00000065 load:0x00000000
          34906	     17449	001000e0	00554583	lbu	x11,5(x10)	 x10:0x00101c7c x11=0x00000063 PA:0x00101c81 store:0x00000078
          34908	     17450	001000e4	02058663	beq	x11,x0,100110	 x11:0x00000063  x0:0x00000000
          34912	     17452	001000e8	00b7a023	sw	x11,0(x15)	 x15:0x00020000 x11:0x00000063 PA:0x00020000 store:0x00000063 load:0x00000000
          34916	     17454	001000ec	00654603	lbu	x12,6(x10)	 x10:0x00101c7c x12=0x00000074 PA:0x00101c82 store:0x00000070
          34918	     17455	001000f0	02060063	beq	x12,x0,100110	 x12:0x00000074  x0:0x00000000
          34922	     17457	001000f4	00c7a023	sw	x12,0(x15)	 x15:0x00020000 x12:0x00000074 PA:0x00020000 store:0x00000074 load:0x00000000
          34926	     17459	001000f8	00754683	lbu	x13,7(x10)	 x10:0x00101c7c x13=0x00000069 PA:0x00101c83 store:0x00000065
          34928	     17460	001000fc	00850513	addi	x10,x10,8	 x10:0x00101c7c x10=0x00101c84
          34930	     17461	00100100	00068863	beq	x13,x0,100110	 x13:0x00000069  x0:0x00000000
          34934	     17463	00100104	00d7a023	sw	x13,0(x15)	 x15:0x00020000 x13:0x00000069 PA:0x00020000 store:0x00000069 load:0x00000000
          34938	     17465	00100108	00054803	lbu	x16,0(x10)	 x10:0x00101c84 x16=0x0000006e PA:0x00101c84 store:0x00000000
          34942	     17467	0010010c	fa0810e3	bne	x16,x0,1000ac	 x16:0x0000006e  x0:0x00000000
          34948	     17470	001000ac	0107a023	sw	x16,0(x15)	 x15:0x00020000 x16:0x0000006e PA:0x00020000 store:0x0000006e load:0x00000000
          34952	     17472	001000b0	00154703	lbu	x14,1(x10)	 x10:0x00101c84 x14=0x00000067 PA:0x00101c85 store:0x001017e8
          34954	     17473	001000b4	04070e63	beq	x14,x0,100110	 x14:0x00000067  x0:0x00000000
          34958	     17475	001000b8	00e7a023	sw	x14,0(x15)	 x15:0x00020000 x14:0x00000067 PA:0x00020000 store:0x00000067 load:0x00000000
          34962	     17477	001000bc	00254283	lbu	x5,2(x10)	 x10:0x00101c84  x5=0x0000003a PA:0x00101c86 store:0x00137fa0
          34964	     17478	001000c0	04028863	beq	x5,x0,100110	  x5:0x0000003a  x0:0x00000000
          34968	     17480	001000c4	0057a023	sw	x5,0(x15)	 x15:0x00020000  x5:0x0000003a PA:0x00020000 store:0x0000003a load:0x00000000
          34972	     17482	001000c8	00354303	lbu	x6,3(x10)	 x10:0x00101c84  x6=0x00000020 PA:0x00101c87 store:0x00000000
          34974	     17483	001000cc	04030263	beq	x6,x0,100110	  x6:0x00000020  x0:0x00000000
          34978	     17485	001000d0	0067a023	sw	x6,0(x15)	 x15:0x00020000  x6:0x00000020 PA:0x00020000 store:0x00000020 load:0x00000000
          34982	     17487	001000d4	00454383	lbu	x7,4(x10)	 x10:0x00101c84  x7=0x00000030 PA:0x00101c88 store:0x00000000
          34984	     17488	001000d8	02038c63	beq	x7,x0,100110	  x7:0x00000030  x0:0x00000000
          34988	     17490	001000dc	0077a023	sw	x7,0(x15)	 x15:0x00020000  x7:0x00000030 PA:0x00020000 store:0x00000030 load:0x00000000
          34992	     17492	001000e0	00554583	lbu	x11,5(x10)	 x10:0x00101c84 x11=0x00000078 PA:0x00101c89 store:0x0000003a
          34994	     17493	001000e4	02058663	beq	x11,x0,100110	 x11:0x00000078  x0:0x00000000
          34998	     17495	001000e8	00b7a023	sw	x11,0(x15)	 x15:0x00020000 x11:0x00000078 PA:0x00020000 store:0x00000078 load:0x00000000
          35002	     17497	001000ec	00654603	lbu	x12,6(x10)	 x10:0x00101c84 x12=0x00000030 PA:0x00101c8a store:0x00000020
          35004	     17498	001000f0	02060063	beq	x12,x0,100110	 x12:0x00000030  x0:0x00000000
          35008	     17500	001000f4	00c7a023	sw	x12,0(x15)	 x15:0x00020000 x12:0x00000030 PA:0x00020000 store:0x00000030 load:0x00000000
          35012	     17502	001000f8	00754683	lbu	x13,7(x10)	 x10:0x00101c84 x13=0x00000030 PA:0x00101c8b store:0x00000030
          35014	     17503	001000fc	00850513	addi	x10,x10,8	 x10:0x00101c84 x10=0x00101c8c
          35016	     17504	00100100	00068863	beq	x13,x0,100110	 x13:0x00000030  x0:0x00000000
          35020	     17506	00100104	00d7a023	sw	x13,0(x15)	 x15:0x00020000 x13:0x00000030 PA:0x00020000 store:0x00000030 load:0x00000000
          35024	     17508	00100108	00054803	lbu	x16,0(x10)	 x10:0x00101c8c x16=0x00000030 PA:0x00101c8c store:0x00000000
          35028	     17510	0010010c	fa0810e3	bne	x16,x0,1000ac	 x16:0x00000030  x0:0x00000000
          35034	     17513	001000ac	0107a023	sw	x16,0(x15)	 x15:0x00020000 x16:0x00000030 PA:0x00020000 store:0x00000030 load:0x00000000
          35038	     17515	001000b0	00154703	lbu	x14,1(x10)	 x10:0x00101c8c x14=0x00000030 PA:0x00101c8d store:0x001017e8
          35040	     17516	001000b4	04070e63	beq	x14,x0,100110	 x14:0x00000030  x0:0x00000000
          35044	     17518	001000b8	00e7a023	sw	x14,0(x15)	 x15:0x00020000 x14:0x00000030 PA:0x00020000 store:0x00000030 load:0x00000000
          35048	     17520	001000bc	00254283	lbu	x5,2(x10)	 x10:0x00101c8c  x5=0x00000030 PA:0x00101c8e store:0x00137fa0
          35050	     17521	001000c0	04028863	beq	x5,x0,100110	  x5:0x00000030  x0:0x00000000
          35054	     17523	001000c4	0057a023	sw	x5,0(x15)	 x15:0x00020000  x5:0x00000030 PA:0x00020000 store:0x00000030 load:0x00000000
          35058	     17525	001000c8	00354303	lbu	x6,3(x10)	 x10:0x00101c8c  x6=0x00000030 PA:0x00101c8f store:0x00000000
          35060	     17526	001000cc	04030263	beq	x6,x0,100110	  x6:0x00000030  x0:0x00000000
          35064	     17528	001000d0	0067a023	sw	x6,0(x15)	 x15:0x00020000  x6:0x00000030 PA:0x00020000 store:0x00000030 load:0x00000000
          35068	     17530	001000d4	00454383	lbu	x7,4(x10)	 x10:0x00101c8c  x7=0x00000034 PA:0x00101c90 store:0x00000000
          35070	     17531	001000d8	02038c63	beq	x7,x0,100110	  x7:0x00000034  x0:0x00000000
          35074	     17533	001000dc	0077a023	sw	x7,0(x15)	 x15:0x00020000  x7:0x00000034 PA:0x00020000 store:0x00000034 load:0x00000000
          35078	     17535	001000e0	00554583	lbu	x11,5(x10)	 x10:0x00101c8c x11=0x00000037 PA:0x00101c91 store:0x00000030
          35080	     17536	001000e4	02058663	beq	x11,x0,100110	 x11:0x00000037  x0:0x00000000
          35084	     17538	001000e8	00b7a023	sw	x11,0(x15)	 x15:0x00020000 x11:0x00000037 PA:0x00020000 store:0x00000037 load:0x00000000
          35088	     17540	001000ec	00654603	lbu	x12,6(x10)	 x10:0x00101c8c x12=0x0000003a PA:0x00101c92 store:0x00000030
          35090	     17541	001000f0	02060063	beq	x12,x0,100110	 x12:0x0000003a  x0:0x00000000
          35094	     17543	001000f4	00c7a023	sw	x12,0(x15)	 x15:0x00020000 x12:0x0000003a PA:0x00020000 store:0x0000003a load:0x00000000
          35098	     17545	001000f8	00754683	lbu	x13,7(x10)	 x10:0x00101c8c x13=0x00000020 PA:0x00101c93 store:0x00000034
          35100	     17546	001000fc	00850513	addi	x10,x10,8	 x10:0x00101c8c x10=0x00101c94
          35102	     17547	00100100	00068863	beq	x13,x0,100110	 x13:0x00000020  x0:0x00000000
          35106	     17549	00100104	00d7a023	sw	x13,0(x15)	 x15:0x00020000 x13:0x00000020 PA:0x00020000 store:0x00000020 load:0x00000000
          35110	     17551	00100108	00054803	lbu	x16,0(x10)	 x10:0x00101c94 x16=0x00000000 PA:0x00101c94 store:0x00000000
          35112	     17552	0010010c	fa0810e3	bne	x16,x0,1000ac	 x16:0x00000000  x0:0x00000000
          35114	     17553	00100110	00000513	addi	x10,x0,0	  x0:0x00000000 x10=0x00000000
          35118	     17555	00100114	00008067	jalr	x0,0(x1)	  x1:0x001017e8  x0=0x00000000
          35122	     17557	001017e8	cf8a2503	lw	x10,-776(x20)	 x20:0x00102000 x10=0x00000047 PA:0x00101cf8 store:0x00102000
          35126	     17559	001017ec	935fe0ef	jal	x1,100120	  x1=0x001017f0
          35128	     17560	00100120	01c55793	srli	x15,x10,0x1c	 x10:0x00000047 x15=0x00000000
          35130	     17561	00100124	00900713	addi	x14,x0,9	  x0:0x00000000 x14=0x00000009
          35134	     17563	00100128	0cf77a63	bgeu	x14,x15,1001fc	 x14:0x00000009 x15:0x00000000
          35138	     17565	001001fc	03078393	addi	x7,x15,48	 x15:0x00000000  x7=0x00000030
          35140	     17566	00100200	000205b7	lui	x11,0x20	 x11=0x00020000
          35142	     17567	00100204	00451613	slli	x12,x10,0x4	 x10:0x00000047 x12=0x00000470
          35146	     17569	00100208	0075a023	sw	x7,0(x11)	 x11:0x00020000  x7:0x00000030 PA:0x00020000 store:0x00000030 load:0x00000000
          35148	     17570	0010020c	01c65693	srli	x13,x12,0x1c	 x12:0x00000470 x13=0x00000000
          35150	     17571	00100210	00900813	addi	x16,x0,9	  x0:0x00000000 x16=0x00000009
          35152	     17572	00100214	f2d86ae3	bltu	x16,x13,100148	 x16:0x00000009 x13:0x00000000
          35154	     17573	00100218	03068e93	addi	x29,x13,48	 x13:0x00000000 x29=0x00000030
          35156	     17574	0010021c	00020f37	lui	x30,0x20	 x30=0x00020000
          35158	     17575	00100220	00851f93	slli	x31,x10,0x8	 x10:0x00000047 x31=0x00004700
          35162	     17577	00100224	01df2023	sw	x29,0(x30)	 x30:0x00020000 x29:0x00000030 PA:0x00020000 store:0x00000030 load:0x00000000
          35164	     17578	00100228	01cfd793	srli	x15,x31,0x1c	 x31:0x00004700 x15=0x00000000
          35166	     17579	0010022c	00900713	addi	x14,x0,9	  x0:0x00000000 x14=0x00000009
          35168	     17580	00100230	f2f76ae3	bltu	x14,x15,100164	 x14:0x00000009 x15:0x00000000
          35170	     17581	00100234	03078393	addi	x7,x15,48	 x15:0x00000000  x7=0x00000030
          35172	     17582	00100238	000205b7	lui	x11,0x20	 x11=0x00020000
          35174	     17583	0010023c	00c51613	slli	x12,x10,0xc	 x10:0x00000047 x12=0x00047000
          35178	     17585	00100240	0075a023	sw	x7,0(x11)	 x11:0x00020000  x7:0x00000030 PA:0x00020000 store:0x00000030 load:0x00000000
          35180	     17586	00100244	01c65693	srli	x13,x12,0x1c	 x12:0x00047000 x13=0x00000000
          35182	     17587	00100248	00900813	addi	x16,x0,9	  x0:0x00000000 x16=0x00000009
          35184	     17588	0010024c	f2d86ae3	bltu	x16,x13,100180	 x16:0x00000009 x13:0x00000000
          35186	     17589	00100250	03068e93	addi	x29,x13,48	 x13:0x00000000 x29=0x00000030
          35188	     17590	00100254	00020f37	lui	x30,0x20	 x30=0x00020000
          35190	     17591	00100258	01051f93	slli	x31,x10,0x10	 x10:0x00000047 x31=0x00470000
          35194	     17593	0010025c	01df2023	sw	x29,0(x30)	 x30:0x00020000 x29:0x00000030 PA:0x00020000 store:0x00000030 load:0x00000000
          35196	     17594	00100260	01cfd793	srli	x15,x31,0x1c	 x31:0x00470000 x15=0x00000000
          35198	     17595	00100264	00900713	addi	x14,x0,9	  x0:0x00000000 x14=0x00000009
          35200	     17596	00100268	f2f76ae3	bltu	x14,x15,10019c	 x14:0x00000009 x15:0x00000000
          35202	     17597	0010026c	03078393	addi	x7,x15,48	 x15:0x00000000  x7=0x00000030
          35204	     17598	00100270	000205b7	lui	x11,0x20	 x11=0x00020000
          35206	     17599	00100274	01451613	slli	x12,x10,0x14	 x10:0x00000047 x12=0x04700000
          35210	     17601	00100278	0075a023	sw	x7,0(x11)	 x11:0x00020000  x7:0x00000030 PA:0x00020000 store:0x00000030 load:0x00000000
          35212	     17602	0010027c	01c65693	srli	x13,x12,0x1c	 x12:0x04700000 x13=0x00000000
          35214	     17603	00100280	00900813	addi	x16,x0,9	  x0:0x00000000 x16=0x00000009
          35216	     17604	00100284	f2d86ae3	bltu	x16,x13,1001b8	 x16:0x00000009 x13:0x00000000
          35218	     17605	00100288	03068e93	addi	x29,x13,48	 x13:0x00000000 x29=0x00000030
          35220	     17606	0010028c	00020f37	lui	x30,0x20	 x30=0x00020000
          35222	     17607	00100290	01851f93	slli	x31,x10,0x18	 x10:0x00000047 x31=0x47000000
          35226	     17609	00100294	01df2023	sw	x29,0(x30)	 x30:0x00020000 x29:0x00000030 PA:0x00020000 store:0x00000030 load:0x00000000
          35228	     17610	00100298	01cfd793	srli	x15,x31,0x1c	 x31:0x47000000 x15=0x00000004
          35230	     17611	0010029c	00900713	addi	x14,x0,9	  x0:0x00000000 x14=0x00000009
          35232	     17612	001002a0	f2f76ae3	bltu	x14,x15,1001d4	 x14:0x00000009 x15:0x00000004
          35234	     17613	001002a4	03078393	addi	x7,x15,48	 x15:0x00000004  x7=0x00000034
          35236	     17614	001002a8	000205b7	lui	x11,0x20	 x11=0x00020000
          35240	     17616	001002ac	0075a023	sw	x7,0(x11)	 x11:0x00020000  x7:0x00000034 PA:0x00020000 store:0x00000034 load:0x00000000
          35242	     17617	001002b0	00f57513	andi	x10,x10,15	 x10:0x00000047 x10=0x00000007
          35244	     17618	001002b4	00900613	addi	x12,x0,9	  x0:0x00000000 x12=0x00000009
          35248	     17620	001002b8	f2a67ae3	bgeu	x12,x10,1001ec	 x12:0x00000009 x10:0x00000007
          35252	     17622	001001ec	03050893	addi	x17,x10,48	 x10:0x00000007 x17=0x00000037
          35254	     17623	001001f0	00020e37	lui	x28,0x20	 x28=0x00020000
          35258	     17625	001001f4	011e2023	sw	x17,0(x28)	 x28:0x00020000 x17:0x00000037 PA:0x00020000 store:0x00000037 load:0x00000000
          35268	     17630	001001f8	00008067	jalr	x0,0(x1)	  x1:0x001017f0  x0=0x00000000
          35270	     17631	001017f0	d34ba227	fsw	f20,-732(x23)	 f23:0x00102000 f20:0x00102000 PA:0x00101d24 store:0x7f167699 load:0x00000000
          35272	     17632	001017f4	d33ca027	fsw	f19,-736(x25)	 f25:0x00102000 f19:0x00102000 PA:0x00101d20 store:0x7f1dfc87 load:0x00000047
          35274	     17633	001017f8	d24ba007	flw	f0,-732(x23)	 f23:0x00102000  f0=0x00000000 PA:0x00101d24 store:0x80000000
          35276	     17634	001017fc	d20ca087	flw	f1,-736(x25)	 f25:0x00102000  f1=0x00000000 PA:0x00101d20 store:0x7fa00000
          35278	     17635	00101800	28101153	fmax.s	f2,f0,f1	  f0:0x00000000  f1:0x001017f0  f2=0x00000000
          35280	     17636	00101804	d02aa027	fsw	f2,-768(x21)	 f21:0x00102000  f2:0x00137fa0 PA:0x00101d00 store:0x7f1dfc87 load:0x7f1dfc87
          35284	     17638	00101808	d00aa787	flw	f15,-768(x21)	 f21:0x00102000 f15=0x00000000 PA:0x00101d00 store:0x7f167699
          35290	     17641	0010180c	00102bb7	lui	x23,0x102	 x23=0x00102000
          35292	     17642	00101810	c98b8513	addi	x10,x23,-872	 x23:0x00102000 x10=0x00101c98
          35294	     17643	00101814	e0078cd3	fmv.x.w	x25,f15	 f15:0x00000004 x25=0x7f1dfc87
          35296	     17644	00101818	cf9a2c23	sw	x25,-776(x20)	 x20:0x00102000 x25:0x7f1dfc87 PA:0x00101cf8 store:0x7f1dfc87 load:0x7f1dfc87
          35298	     17645	0010181c	885fe0ef	jal	x1,1000a0	  x1=0x00101820
          35300	     17646	001000a0	00054803	lbu	x16,0(x10)	 x10:0x00101c98 x16=0x0000000a PA:0x00101c98 store:0x00000000
          35302	     17647	001000a4	06080663	beq	x16,x0,100110	 x16:0x0000000a  x0:0x00000000
          35304	     17648	001000a8	000207b7	lui	x15,0x20	 x15=0x00020000
          35308	     17650	001000ac	0107a023	sw	x16,0(x15)	 x15:0x00020000 x16:0x0000000a PA:0x00020000 store:0x0000000a load:0x00000000
          35312	     17652	001000b0	00154703	lbu	x14,1(x10)	 x10:0x00101c98 x14=0x00000020 PA:0x00101c99 store:0x00101820
          35314	     17653	001000b4	04070e63	beq	x14,x0,100110	 x14:0x00000020  x0:0x00000000
          35318	     17655	001000b8	00e7a023	sw	x14,0(x15)	 x15:0x00020000 x14:0x00000020 PA:0x00020000 store:0x00000020 load:0x00000000
          35322	     17657	001000bc	00254283	lbu	x5,2(x10)	 x10:0x00101c98  x5=0x0000004d PA:0x00101c9a store:0x00137fa0
          35324	     17658	001000c0	04028863	beq	x5,x0,100110	  x5:0x0000004d  x0:0x00000000
          35328	     17660	001000c4	0057a023	sw	x5,0(x15)	 x15:0x00020000  x5:0x0000004d PA:0x00020000 store:0x0000004d load:0x00000000
          35332	     17662	001000c8	00354303	lbu	x6,3(x10)	 x10:0x00101c98  x6=0x00000041 PA:0x00101c9b store:0x00000000
          35334	     17663	001000cc	04030263	beq	x6,x0,100110	  x6:0x00000041  x0:0x00000000
          35338	     17665	001000d0	0067a023	sw	x6,0(x15)	 x15:0x00020000  x6:0x00000041 PA:0x00020000 store:0x00000041 load:0x00000000
          35342	     17667	001000d4	00454383	lbu	x7,4(x10)	 x10:0x00101c98  x7=0x00000058 PA:0x00101c9c store:0x00000000
          35344	     17668	001000d8	02038c63	beq	x7,x0,100110	  x7:0x00000058  x0:0x00000000
          35348	     17670	001000dc	0077a023	sw	x7,0(x15)	 x15:0x00020000  x7:0x00000058 PA:0x00020000 store:0x00000058 load:0x00000000
          35352	     17672	001000e0	00554583	lbu	x11,5(x10)	 x10:0x00101c98 x11=0x00000028 PA:0x00101c9d store:0x0000004d
          35354	     17673	001000e4	02058663	beq	x11,x0,100110	 x11:0x00000028  x0:0x00000000
          35358	     17675	001000e8	00b7a023	sw	x11,0(x15)	 x15:0x00020000 x11:0x00000028 PA:0x00020000 store:0x00000028 load:0x00000000
          35362	     17677	001000ec	00654603	lbu	x12,6(x10)	 x10:0x00101c98 x12=0x00000032 PA:0x00101c9e store:0x00000041
          35364	     17678	001000f0	02060063	beq	x12,x0,100110	 x12:0x00000032  x0:0x00000000
          35368	     17680	001000f4	00c7a023	sw	x12,0(x15)	 x15:0x00020000 x12:0x00000032 PA:0x00020000 store:0x00000032 load:0x00000000
          35372	     17682	001000f8	00754683	lbu	x13,7(x10)	 x10:0x00101c98 x13=0x0000002e PA:0x00101c9f store:0x00000058
          35374	     17683	001000fc	00850513	addi	x10,x10,8	 x10:0x00101c98 x10=0x00101ca0
          35376	     17684	00100100	00068863	beq	x13,x0,100110	 x13:0x0000002e  x0:0x00000000
          35380	     17686	00100104	00d7a023	sw	x13,0(x15)	 x15:0x00020000 x13:0x0000002e PA:0x00020000 store:0x0000002e load:0x00000000
          35384	     17688	00100108	00054803	lbu	x16,0(x10)	 x10:0x00101ca0 x16=0x00000030 PA:0x00101ca0 store:0x00000000
          35388	     17690	0010010c	fa0810e3	bne	x16,x0,1000ac	 x16:0x00000030  x0:0x00000000
          35394	     17693	001000ac	0107a023	sw	x16,0(x15)	 x15:0x00020000 x16:0x00000030 PA:0x00020000 store:0x00000030 load:0x00000000
          35398	     17695	001000b0	00154703	lbu	x14,1(x10)	 x10:0x00101ca0 x14=0x00000065 PA:0x00101ca1 store:0x00101820
          35400	     17696	001000b4	04070e63	beq	x14,x0,100110	 x14:0x00000065  x0:0x00000000
          35404	     17698	001000b8	00e7a023	sw	x14,0(x15)	 x15:0x00020000 x14:0x00000065 PA:0x00020000 store:0x00000065 load:0x00000000
          35408	     17700	001000bc	00254283	lbu	x5,2(x10)	 x10:0x00101ca0  x5=0x00000033 PA:0x00101ca2 store:0x00137fa0
          35410	     17701	001000c0	04028863	beq	x5,x0,100110	  x5:0x00000033  x0:0x00000000
          35414	     17703	001000c4	0057a023	sw	x5,0(x15)	 x15:0x00020000  x5:0x00000033 PA:0x00020000 store:0x00000033 load:0x00000000
          35418	     17705	001000c8	00354303	lbu	x6,3(x10)	 x10:0x00101ca0  x6=0x00000038 PA:0x00101ca3 store:0x00000000
          35420	     17706	001000cc	04030263	beq	x6,x0,100110	  x6:0x00000038  x0:0x00000000
          35424	     17708	001000d0	0067a023	sw	x6,0(x15)	 x15:0x00020000  x6:0x00000038 PA:0x00020000 store:0x00000038 load:0x00000000
          35428	     17710	001000d4	00454383	lbu	x7,4(x10)	 x10:0x00101ca0  x7=0x00000066 PA:0x00101ca4 store:0x00000000
          35430	     17711	001000d8	02038c63	beq	x7,x0,100110	  x7:0x00000066  x0:0x00000000
          35434	     17713	001000dc	0077a023	sw	x7,0(x15)	 x15:0x00020000  x7:0x00000066 PA:0x00020000 store:0x00000066 load:0x00000000
          35438	     17715	001000e0	00554583	lbu	x11,5(x10)	 x10:0x00101ca0 x11=0x0000002c PA:0x00101ca5 store:0x00000033
          35440	     17716	001000e4	02058663	beq	x11,x0,100110	 x11:0x0000002c  x0:0x00000000
          35444	     17718	001000e8	00b7a023	sw	x11,0(x15)	 x15:0x00020000 x11:0x0000002c PA:0x00020000 store:0x0000002c load:0x00000000
          35448	     17720	001000ec	00654603	lbu	x12,6(x10)	 x10:0x00101ca0 x12=0x00000020 PA:0x00101ca6 store:0x00000038
          35450	     17721	001000f0	02060063	beq	x12,x0,100110	 x12:0x00000020  x0:0x00000000
          35454	     17723	001000f4	00c7a023	sw	x12,0(x15)	 x15:0x00020000 x12:0x00000020 PA:0x00020000 store:0x00000020 load:0x00000000
          35458	     17725	001000f8	00754683	lbu	x13,7(x10)	 x10:0x00101ca0 x13=0x00000032 PA:0x00101ca7 store:0x00000066
          35460	     17726	001000fc	00850513	addi	x10,x10,8	 x10:0x00101ca0 x10=0x00101ca8
          35462	     17727	00100100	00068863	beq	x13,x0,100110	 x13:0x00000032  x0:0x00000000
          35466	     17729	00100104	00d7a023	sw	x13,0(x15)	 x15:0x00020000 x13:0x00000032 PA:0x00020000 store:0x00000032 load:0x00000000
          35470	     17731	00100108	00054803	lbu	x16,0(x10)	 x10:0x00101ca8 x16=0x0000002e PA:0x00101ca8 store:0x00000000
          35474	     17733	0010010c	fa0810e3	bne	x16,x0,1000ac	 x16:0x0000002e  x0:0x00000000
          35480	     17736	001000ac	0107a023	sw	x16,0(x15)	 x15:0x00020000 x16:0x0000002e PA:0x00020000 store:0x0000002e load:0x00000000
          35484	     17738	001000b0	00154703	lbu	x14,1(x10)	 x10:0x00101ca8 x14=0x00000031 PA:0x00101ca9 store:0x00101820
          35486	     17739	001000b4	04070e63	beq	x14,x0,100110	 x14:0x00000031  x0:0x00000000
          35490	     17741	001000b8	00e7a023	sw	x14,0(x15)	 x15:0x00020000 x14:0x00000031 PA:0x00020000 store:0x00000031 load:0x00000000
          35494	     17743	001000bc	00254283	lbu	x5,2(x10)	 x10:0x00101ca8  x5=0x00000065 PA:0x00101caa store:0x00137fa0
          35496	     17744	001000c0	04028863	beq	x5,x0,100110	  x5:0x00000065  x0:0x00000000
          35500	     17746	001000c4	0057a023	sw	x5,0(x15)	 x15:0x00020000  x5:0x00000065 PA:0x00020000 store:0x00000065 load:0x00000000
          35504	     17748	001000c8	00354303	lbu	x6,3(x10)	 x10:0x00101ca8  x6=0x00000033 PA:0x00101cab store:0x00000000
          35506	     17749	001000cc	04030263	beq	x6,x0,100110	  x6:0x00000033  x0:0x00000000
          35510	     17751	001000d0	0067a023	sw	x6,0(x15)	 x15:0x00020000  x6:0x00000033 PA:0x00020000 store:0x00000033 load:0x00000000
          35514	     17753	001000d4	00454383	lbu	x7,4(x10)	 x10:0x00101ca8  x7=0x00000038 PA:0x00101cac store:0x00000000
          35516	     17754	001000d8	02038c63	beq	x7,x0,100110	  x7:0x00000038  x0:0x00000000
          35520	     17756	001000dc	0077a023	sw	x7,0(x15)	 x15:0x00020000  x7:0x00000038 PA:0x00020000 store:0x00000038 load:0x00000000
          35524	     17758	001000e0	00554583	lbu	x11,5(x10)	 x10:0x00101ca8 x11=0x00000066 PA:0x00101cad store:0x00000065
          35526	     17759	001000e4	02058663	beq	x11,x0,100110	 x11:0x00000066  x0:0x00000000
          35530	     17761	001000e8	00b7a023	sw	x11,0(x15)	 x15:0x00020000 x11:0x00000066 PA:0x00020000 store:0x00000066 load:0x00000000
          35534	     17763	001000ec	00654603	lbu	x12,6(x10)	 x10:0x00101ca8 x12=0x00000029 PA:0x00101cae store:0x00000033
          35536	     17764	001000f0	02060063	beq	x12,x0,100110	 x12:0x00000029  x0:0x00000000
          35540	     17766	001000f4	00c7a023	sw	x12,0(x15)	 x15:0x00020000 x12:0x00000029 PA:0x00020000 store:0x00000029 load:0x00000000
          35544	     17768	001000f8	00754683	lbu	x13,7(x10)	 x10:0x00101ca8 x13=0x0000002c PA:0x00101caf store:0x00000038
          35546	     17769	001000fc	00850513	addi	x10,x10,8	 x10:0x00101ca8 x10=0x00101cb0
          35548	     17770	00100100	00068863	beq	x13,x0,100110	 x13:0x0000002c  x0:0x00000000
          35552	     17772	00100104	00d7a023	sw	x13,0(x15)	 x15:0x00020000 x13:0x0000002c PA:0x00020000 store:0x0000002c load:0x00000000
          35556	     17774	00100108	00054803	lbu	x16,0(x10)	 x10:0x00101cb0 x16=0x00000020 PA:0x00101cb0 store:0x00000000
          35560	     17776	0010010c	fa0810e3	bne	x16,x0,1000ac	 x16:0x00000020  x0:0x00000000
          35566	     17779	001000ac	0107a023	sw	x16,0(x15)	 x15:0x00020000 x16:0x00000020 PA:0x00020000 store:0x00000020 load:0x00000000
          35570	     17781	001000b0	00154703	lbu	x14,1(x10)	 x10:0x00101cb0 x14=0x00000065 PA:0x00101cb1 store:0x00101820
          35572	     17782	001000b4	04070e63	beq	x14,x0,100110	 x14:0x00000065  x0:0x00000000
          35576	     17784	001000b8	00e7a023	sw	x14,0(x15)	 x15:0x00020000 x14:0x00000065 PA:0x00020000 store:0x00000065 load:0x00000000
          35580	     17786	001000bc	00254283	lbu	x5,2(x10)	 x10:0x00101cb0  x5=0x00000078 PA:0x00101cb2 store:0x00137fa0
          35582	     17787	001000c0	04028863	beq	x5,x0,100110	  x5:0x00000078  x0:0x00000000
          35586	     17789	001000c4	0057a023	sw	x5,0(x15)	 x15:0x00020000  x5:0x00000078 PA:0x00020000 store:0x00000078 load:0x00000000
          35590	     17791	001000c8	00354303	lbu	x6,3(x10)	 x10:0x00101cb0  x6=0x00000070 PA:0x00101cb3 store:0x00000000
          35592	     17792	001000cc	04030263	beq	x6,x0,100110	  x6:0x00000070  x0:0x00000000
          35596	     17794	001000d0	0067a023	sw	x6,0(x15)	 x15:0x00020000  x6:0x00000070 PA:0x00020000 store:0x00000070 load:0x00000000
          35600	     17796	001000d4	00454383	lbu	x7,4(x10)	 x10:0x00101cb0  x7=0x00000065 PA:0x00101cb4 store:0x00000000
          35602	     17797	001000d8	02038c63	beq	x7,x0,100110	  x7:0x00000065  x0:0x00000000
          35606	     17799	001000dc	0077a023	sw	x7,0(x15)	 x15:0x00020000  x7:0x00000065 PA:0x00020000 store:0x00000065 load:0x00000000
          35610	     17801	001000e0	00554583	lbu	x11,5(x10)	 x10:0x00101cb0 x11=0x00000063 PA:0x00101cb5 store:0x00000078
          35612	     17802	001000e4	02058663	beq	x11,x0,100110	 x11:0x00000063  x0:0x00000000
          35616	     17804	001000e8	00b7a023	sw	x11,0(x15)	 x15:0x00020000 x11:0x00000063 PA:0x00020000 store:0x00000063 load:0x00000000
          35620	     17806	001000ec	00654603	lbu	x12,6(x10)	 x10:0x00101cb0 x12=0x00000074 PA:0x00101cb6 store:0x00000070
          35622	     17807	001000f0	02060063	beq	x12,x0,100110	 x12:0x00000074  x0:0x00000000
          35626	     17809	001000f4	00c7a023	sw	x12,0(x15)	 x15:0x00020000 x12:0x00000074 PA:0x00020000 store:0x00000074 load:0x00000000
          35630	     17811	001000f8	00754683	lbu	x13,7(x10)	 x10:0x00101cb0 x13=0x00000069 PA:0x00101cb7 store:0x00000065
          35632	     17812	001000fc	00850513	addi	x10,x10,8	 x10:0x00101cb0 x10=0x00101cb8
          35634	     17813	00100100	00068863	beq	x13,x0,100110	 x13:0x00000069  x0:0x00000000
          35638	     17815	00100104	00d7a023	sw	x13,0(x15)	 x15:0x00020000 x13:0x00000069 PA:0x00020000 store:0x00000069 load:0x00000000
          35642	     17817	00100108	00054803	lbu	x16,0(x10)	 x10:0x00101cb8 x16=0x0000006e PA:0x00101cb8 store:0x00000000
          35646	     17819	0010010c	fa0810e3	bne	x16,x0,1000ac	 x16:0x0000006e  x0:0x00000000
          35652	     17822	001000ac	0107a023	sw	x16,0(x15)	 x15:0x00020000 x16:0x0000006e PA:0x00020000 store:0x0000006e load:0x00000000
          35656	     17824	001000b0	00154703	lbu	x14,1(x10)	 x10:0x00101cb8 x14=0x00000067 PA:0x00101cb9 store:0x00101820
          35658	     17825	001000b4	04070e63	beq	x14,x0,100110	 x14:0x00000067  x0:0x00000000
          35662	     17827	001000b8	00e7a023	sw	x14,0(x15)	 x15:0x00020000 x14:0x00000067 PA:0x00020000 store:0x00000067 load:0x00000000
          35666	     17829	001000bc	00254283	lbu	x5,2(x10)	 x10:0x00101cb8  x5=0x0000003a PA:0x00101cba store:0x00137fa0
          35668	     17830	001000c0	04028863	beq	x5,x0,100110	  x5:0x0000003a  x0:0x00000000
          35672	     17832	001000c4	0057a023	sw	x5,0(x15)	 x15:0x00020000  x5:0x0000003a PA:0x00020000 store:0x0000003a load:0x00000000
          35676	     17834	001000c8	00354303	lbu	x6,3(x10)	 x10:0x00101cb8  x6=0x00000020 PA:0x00101cbb store:0x00000000
          35678	     17835	001000cc	04030263	beq	x6,x0,100110	  x6:0x00000020  x0:0x00000000
          35682	     17837	001000d0	0067a023	sw	x6,0(x15)	 x15:0x00020000  x6:0x00000020 PA:0x00020000 store:0x00000020 load:0x00000000
          35686	     17839	001000d4	00454383	lbu	x7,4(x10)	 x10:0x00101cb8  x7=0x00000030 PA:0x00101cbc store:0x00000000
          35688	     17840	001000d8	02038c63	beq	x7,x0,100110	  x7:0x00000030  x0:0x00000000
          35692	     17842	001000dc	0077a023	sw	x7,0(x15)	 x15:0x00020000  x7:0x00000030 PA:0x00020000 store:0x00000030 load:0x00000000
          35696	     17844	001000e0	00554583	lbu	x11,5(x10)	 x10:0x00101cb8 x11=0x00000078 PA:0x00101cbd store:0x0000003a
          35698	     17845	001000e4	02058663	beq	x11,x0,100110	 x11:0x00000078  x0:0x00000000
          35702	     17847	001000e8	00b7a023	sw	x11,0(x15)	 x15:0x00020000 x11:0x00000078 PA:0x00020000 store:0x00000078 load:0x00000000
          35706	     17849	001000ec	00654603	lbu	x12,6(x10)	 x10:0x00101cb8 x12=0x00000037 PA:0x00101cbe store:0x00000020
          35708	     17850	001000f0	02060063	beq	x12,x0,100110	 x12:0x00000037  x0:0x00000000
          35712	     17852	001000f4	00c7a023	sw	x12,0(x15)	 x15:0x00020000 x12:0x00000037 PA:0x00020000 store:0x00000037 load:0x00000000
          35716	     17854	001000f8	00754683	lbu	x13,7(x10)	 x10:0x00101cb8 x13=0x00000066 PA:0x00101cbf store:0x00000030
          35718	     17855	001000fc	00850513	addi	x10,x10,8	 x10:0x00101cb8 x10=0x00101cc0
          35720	     17856	00100100	00068863	beq	x13,x0,100110	 x13:0x00000066  x0:0x00000000
          35724	     17858	00100104	00d7a023	sw	x13,0(x15)	 x15:0x00020000 x13:0x00000066 PA:0x00020000 store:0x00000066 load:0x00000000
          35728	     17860	00100108	00054803	lbu	x16,0(x10)	 x10:0x00101cc0 x16=0x00000031 PA:0x00101cc0 store:0x00000000
          35732	     17862	0010010c	fa0810e3	bne	x16,x0,1000ac	 x16:0x00000031  x0:0x00000000
          35738	     17865	001000ac	0107a023	sw	x16,0(x15)	 x15:0x00020000 x16:0x00000031 PA:0x00020000 store:0x00000031 load:0x00000000
          35742	     17867	001000b0	00154703	lbu	x14,1(x10)	 x10:0x00101cc0 x14=0x00000064 PA:0x00101cc1 store:0x00101820
          35744	     17868	001000b4	04070e63	beq	x14,x0,100110	 x14:0x00000064  x0:0x00000000
          35748	     17870	001000b8	00e7a023	sw	x14,0(x15)	 x15:0x00020000 x14:0x00000064 PA:0x00020000 store:0x00000064 load:0x00000000
          35752	     17872	001000bc	00254283	lbu	x5,2(x10)	 x10:0x00101cc0  x5=0x00000066 PA:0x00101cc2 store:0x00137fa0
          35754	     17873	001000c0	04028863	beq	x5,x0,100110	  x5:0x00000066  x0:0x00000000
          35758	     17875	001000c4	0057a023	sw	x5,0(x15)	 x15:0x00020000  x5:0x00000066 PA:0x00020000 store:0x00000066 load:0x00000000
          35762	     17877	001000c8	00354303	lbu	x6,3(x10)	 x10:0x00101cc0  x6=0x00000063 PA:0x00101cc3 store:0x00000000
          35764	     17878	001000cc	04030263	beq	x6,x0,100110	  x6:0x00000063  x0:0x00000000
          35768	     17880	001000d0	0067a023	sw	x6,0(x15)	 x15:0x00020000  x6:0x00000063 PA:0x00020000 store:0x00000063 load:0x00000000
          35772	     17882	001000d4	00454383	lbu	x7,4(x10)	 x10:0x00101cc0  x7=0x00000038 PA:0x00101cc4 store:0x00000000
          35774	     17883	001000d8	02038c63	beq	x7,x0,100110	  x7:0x00000038  x0:0x00000000
          35778	     17885	001000dc	0077a023	sw	x7,0(x15)	 x15:0x00020000  x7:0x00000038 PA:0x00020000 store:0x00000038 load:0x00000000
          35782	     17887	001000e0	00554583	lbu	x11,5(x10)	 x10:0x00101cc0 x11=0x00000037 PA:0x00101cc5 store:0x00000066
          35784	     17888	001000e4	02058663	beq	x11,x0,100110	 x11:0x00000037  x0:0x00000000
          35788	     17890	001000e8	00b7a023	sw	x11,0(x15)	 x15:0x00020000 x11:0x00000037 PA:0x00020000 store:0x00000037 load:0x00000000
          35792	     17892	001000ec	00654603	lbu	x12,6(x10)	 x10:0x00101cc0 x12=0x0000003a PA:0x00101cc6 store:0x00000063
          35794	     17893	001000f0	02060063	beq	x12,x0,100110	 x12:0x0000003a  x0:0x00000000
          35798	     17895	001000f4	00c7a023	sw	x12,0(x15)	 x15:0x00020000 x12:0x0000003a PA:0x00020000 store:0x0000003a load:0x00000000
          35802	     17897	001000f8	00754683	lbu	x13,7(x10)	 x10:0x00101cc0 x13=0x00000020 PA:0x00101cc7 store:0x00000038
          35804	     17898	001000fc	00850513	addi	x10,x10,8	 x10:0x00101cc0 x10=0x00101cc8
          35806	     17899	00100100	00068863	beq	x13,x0,100110	 x13:0x00000020  x0:0x00000000
          35810	     17901	00100104	00d7a023	sw	x13,0(x15)	 x15:0x00020000 x13:0x00000020 PA:0x00020000 store:0x00000020 load:0x00000000
          35814	     17903	00100108	00054803	lbu	x16,0(x10)	 x10:0x00101cc8 x16=0x00000000 PA:0x00101cc8 store:0x00000000
          35816	     17904	0010010c	fa0810e3	bne	x16,x0,1000ac	 x16:0x00000000  x0:0x00000000
          35818	     17905	00100110	00000513	addi	x10,x0,0	  x0:0x00000000 x10=0x00000000
          35822	     17907	00100114	00008067	jalr	x0,0(x1)	  x1:0x00101820  x0=0x00000000
          35826	     17909	00101820	cf8a2503	lw	x10,-776(x20)	 x20:0x00102000 x10=0x7f1dfc87 PA:0x00101cf8 store:0x00102000
          35828	     17910	00101824	00102a37	lui	x20,0x102	 x20=0x00102000
          35832	     17912	00101828	8f9fe0ef	jal	x1,100120	  x1=0x0010182c
          35834	     17913	00100120	01c55793	srli	x15,x10,0x1c	 x10:0x7f1dfc87 x15=0x00000007
          35836	     17914	00100124	00900713	addi	x14,x0,9	  x0:0x00000000 x14=0x00000009
          35840	     17916	00100128	0cf77a63	bgeu	x14,x15,1001fc	 x14:0x00000009 x15:0x00000007
          35844	     17918	001001fc	03078393	addi	x7,x15,48	 x15:0x00000007  x7=0x00000037
          35846	     17919	00100200	000205b7	lui	x11,0x20	 x11=0x00020000
          35848	     17920	00100204	00451613	slli	x12,x10,0x4	 x10:0x7f1dfc87 x12=0xf1dfc870
          35852	     17922	00100208	0075a023	sw	x7,0(x11)	 x11:0x00020000  x7:0x00000037 PA:0x00020000 store:0x00000037 load:0x00000000
          35854	     17923	0010020c	01c65693	srli	x13,x12,0x1c	 x12:0xf1dfc870 x13=0x0000000f
          35856	     17924	00100210	00900813	addi	x16,x0,9	  x0:0x00000000 x16=0x00000009
          35860	     17926	00100214	f2d86ae3	bltu	x16,x13,100148	 x16:0x00000009 x13:0x0000000f
          35864	     17928	00100148	03768893	addi	x17,x13,55	 x13:0x0000000f x17=0x00000046
          35866	     17929	0010014c	00020e37	lui	x28,0x20	 x28=0x00020000
          35868	     17930	00100150	00851f93	slli	x31,x10,0x8	 x10:0x7f1dfc87 x31=0x1dfc8700
          35872	     17932	00100154	011e2023	sw	x17,0(x28)	 x28:0x00020000 x17:0x00000046 PA:0x00020000 store:0x00000046 load:0x00000000
          35874	     17933	00100158	01cfd793	srli	x15,x31,0x1c	 x31:0x1dfc8700 x15=0x00000001
          35876	     17934	0010015c	00900713	addi	x14,x0,9	  x0:0x00000000 x14=0x00000009
          35880	     17936	00100160	0cf77a63	bgeu	x14,x15,100234	 x14:0x00000009 x15:0x00000001
          35884	     17938	00100234	03078393	addi	x7,x15,48	 x15:0x00000001  x7=0x00000031
          35886	     17939	00100238	000205b7	lui	x11,0x20	 x11=0x00020000
          35888	     17940	0010023c	00c51613	slli	x12,x10,0xc	 x10:0x7f1dfc87 x12=0xdfc87000
          35892	     17942	00100240	0075a023	sw	x7,0(x11)	 x11:0x00020000  x7:0x00000031 PA:0x00020000 store:0x00000031 load:0x00000000
          35894	     17943	00100244	01c65693	srli	x13,x12,0x1c	 x12:0xdfc87000 x13=0x0000000d
          35896	     17944	00100248	00900813	addi	x16,x0,9	  x0:0x00000000 x16=0x00000009
          35900	     17946	0010024c	f2d86ae3	bltu	x16,x13,100180	 x16:0x00000009 x13:0x0000000d
          35904	     17948	00100180	03768893	addi	x17,x13,55	 x13:0x0000000d x17=0x00000044
          35906	     17949	00100184	00020e37	lui	x28,0x20	 x28=0x00020000
          35908	     17950	00100188	01051f93	slli	x31,x10,0x10	 x10:0x7f1dfc87 x31=0xfc870000
          35912	     17952	0010018c	011e2023	sw	x17,0(x28)	 x28:0x00020000 x17:0x00000044 PA:0x00020000 store:0x00000044 load:0x00000000
          35914	     17953	00100190	01cfd793	srli	x15,x31,0x1c	 x31:0xfc870000 x15=0x0000000f
          35916	     17954	00100194	00900713	addi	x14,x0,9	  x0:0x00000000 x14=0x00000009
          35918	     17955	00100198	0cf77a63	bgeu	x14,x15,10026c	 x14:0x00000009 x15:0x0000000f
          35920	     17956	0010019c	03778293	addi	x5,x15,55	 x15:0x0000000f  x5=0x00000046
          35922	     17957	001001a0	00020337	lui	x6,0x20	  x6=0x00020000
          35924	     17958	001001a4	01451613	slli	x12,x10,0x14	 x10:0x7f1dfc87 x12=0xc8700000
          35928	     17960	001001a8	00532023	sw	x5,0(x6)	  x6:0x00020000  x5:0x00000046 PA:0x00020000 store:0x00000046 load:0x00000000
          35930	     17961	001001ac	01c65693	srli	x13,x12,0x1c	 x12:0xc8700000 x13=0x0000000c
          35932	     17962	001001b0	00900813	addi	x16,x0,9	  x0:0x00000000 x16=0x00000009
          35934	     17963	001001b4	0cd87a63	bgeu	x16,x13,100288	 x16:0x00000009 x13:0x0000000c
          35936	     17964	001001b8	03768893	addi	x17,x13,55	 x13:0x0000000c x17=0x00000043
          35938	     17965	001001bc	00020e37	lui	x28,0x20	 x28=0x00020000
          35940	     17966	001001c0	01851f93	slli	x31,x10,0x18	 x10:0x7f1dfc87 x31=0x87000000
          35944	     17968	001001c4	011e2023	sw	x17,0(x28)	 x28:0x00020000 x17:0x00000043 PA:0x00020000 store:0x00000043 load:0x00000000
          35946	     17969	001001c8	01cfd793	srli	x15,x31,0x1c	 x31:0x87000000 x15=0x00000008
          35948	     17970	001001cc	00900713	addi	x14,x0,9	  x0:0x00000000 x14=0x00000009
          35952	     17972	001001d0	0cf77a63	bgeu	x14,x15,1002a4	 x14:0x00000009 x15:0x00000008
          35956	     17974	001002a4	03078393	addi	x7,x15,48	 x15:0x00000008  x7=0x00000038
          35958	     17975	001002a8	000205b7	lui	x11,0x20	 x11=0x00020000
          35962	     17977	001002ac	0075a023	sw	x7,0(x11)	 x11:0x00020000  x7:0x00000038 PA:0x00020000 store:0x00000038 load:0x00000000
          35964	     17978	001002b0	00f57513	andi	x10,x10,15	 x10:0x7f1dfc87 x10=0x00000007
          35966	     17979	001002b4	00900613	addi	x12,x0,9	  x0:0x00000000 x12=0x00000009
          35970	     17981	001002b8	f2a67ae3	bgeu	x12,x10,1001ec	 x12:0x00000009 x10:0x00000007
          35974	     17983	001001ec	03050893	addi	x17,x10,48	 x10:0x00000007 x17=0x00000037
          35976	     17984	001001f0	00020e37	lui	x28,0x20	 x28=0x00020000
          35980	     17986	001001f4	011e2023	sw	x17,0(x28)	 x28:0x00020000 x17:0x00000037 PA:0x00020000 store:0x00000037 load:0x00000000
          35984	     17988	001001f8	00008067	jalr	x0,0(x1)	  x1:0x0010182c  x0=0x00000000
          35986	     17989	0010182c	ccca0513	addi	x10,x20,-820	 x20:0x00102000 x10=0x00101ccc
          35990	     17991	00101830	871fe0ef	jal	x1,1000a0	  x1=0x00101834
          35994	     17993	001000a0	00054803	lbu	x16,0(x10)	 x10:0x00101ccc x16=0x0000000a PA:0x00101ccc store:0x00000000
          35996	     17994	001000a4	06080663	beq	x16,x0,100110	 x16:0x0000000a  x0:0x00000000
          35998	     17995	001000a8	000207b7	lui	x15,0x20	 x15=0x00020000
          36002	     17997	001000ac	0107a023	sw	x16,0(x15)	 x15:0x00020000 x16:0x0000000a PA:0x00020000 store:0x0000000a load:0x00000000
          36006	     17999	001000b0	00154703	lbu	x14,1(x10)	 x10:0x00101ccc x14=0x0000000a PA:0x00101ccd store:0x00101834
          36008	     18000	001000b4	04070e63	beq	x14,x0,100110	 x14:0x0000000a  x0:0x00000000
          36012	     18002	001000b8	00e7a023	sw	x14,0(x15)	 x15:0x00020000 x14:0x0000000a PA:0x00020000 store:0x0000000a load:0x00000000
          36016	     18004	001000bc	00254283	lbu	x5,2(x10)	 x10:0x00101ccc  x5=0x00000000 PA:0x00101cce store:0x00137fa0
          36020	     18006	001000c0	04028863	beq	x5,x0,100110	  x5:0x00000000  x0:0x00000000
          36024	     18008	00100110	00000513	addi	x10,x0,0	  x0:0x00000000 x10=0x00000000
          36028	     18010	00100114	00008067	jalr	x0,0(x1)	  x1:0x00101834  x0=0x00000000
          36030	     18011	00101834	00000513	addi	x10,x0,0	  x0:0x00000000 x10=0x00000000
          36034	     18013	00101838	c29fe0ef	jal	x1,100460	  x1=0x0010183c
          36036	     18014	00100460	00153513	sltiu	x10,x10,1	 x10:0x00000000 x10=0x00000001
          36038	     18015	00100464	40a002b3	sub	x5,x0,x10	  x0:0x00000000 x10:0x00000001  x5=0xffffffff
          36040	     18016	00100468	32029073	csrrw	x0,mcountinhibit,x5	  x5:0xffffffff  x0=0x00000000
          36044	     18018	0010046c	00008067	jalr	x0,0(x1)	  x1:0x0010183c  x0=0x00000000
          36046	     18019	0010183c	7d000513	addi	x10,x0,2000	  x0:0x00000000 x10=0x000007d0
          36048	     18020	00101840	00000593	addi	x11,x0,0	  x0:0x00000000 x11=0x00000000
          36052	     18022	00101844	abcff0ef	jal	x1,100b00	  x1=0x00101848
          36054	     18023	00100b00	001026b7	lui	x13,0x102	 x13=0x00102000
          36056	     18024	00100b04	00000813	addi	x16,x0,0	  x0:0x00000000 x16=0x00000000
          36058	     18025	00100b08	001027b7	lui	x15,0x102	 x15=0x00102000
          36060	     18026	00100b0c	00030737	lui	x14,0x30	 x14=0x00030000
          36062	     18027	00100b10	00000893	addi	x17,x0,0	  x0:0x00000000 x17=0x00000000
          36066	     18029	00100b14	cf06a423	sw	x16,-792(x13)	 x13:0x00102000 x16:0x00000000 PA:0x00101ce8 store:0x00000000 load:0x00000a0a
          36070	     18031	00100b18	cf16a623	sw	x17,-788(x13)	 x13:0x00102000 x17:0x00000000 PA:0x00101cec store:0x00000000 load:0x00000a0a
          36074	     18033	00100b1c	cea7a023	sw	x10,-800(x15)	 x15:0x00102000 x10:0x000007d0 PA:0x00101ce0 store:0x000007d0 load:0x00000a0a
          36078	     18035	00100b20	ceb7a223	sw	x11,-796(x15)	 x15:0x00102000 x11:0x00000000 PA:0x00101ce4 store:0x00000000 load:0x00000a0a
          36080	     18036	00100b24	00030637	lui	x12,0x30	 x12=0x00030000
          36082	     18037	00100b28	00470293	addi	x5,x14,4	 x14:0x00030000  x5=0x00030004
          36086	     18039	00100b2c	0002a783	lw	x15,0(x5)	  x5:0x00030004 x15=0x00000000 PA:0x00030004 store:0x00000000
          36090	     18041	00100b30	00062683	lw	x13,0(x12)	 x12:0x00030000 x13=0x00004677 PA:0x00030000 store:0x00000000
          36094	     18043	00100b34	0002a303	lw	x6,0(x5)	  x5:0x00030004  x6=0x00000000 PA:0x00030004 store:0x00000000
          36098	     18045	00100b38	06678a63	beq	x15,x6,100bac	 x15:0x00000000  x6:0x00000000
          36102	     18047	00100bac	000308b7	lui	x17,0x30	 x17=0x00030000
          36104	     18048	00100bb0	00a68533	add	x10,x13,x10	 x13:0x00004677 x10:0x000007d0 x10=0x00004e47
          36106	     18049	00100bb4	00888293	addi	x5,x17,8	 x17:0x00030000  x5=0x00030008
          36108	     18050	00100bb8	00b783b3	add	x7,x15,x11	 x15:0x00000000 x11:0x00000000  x7=0x00000000
          36110	     18051	00100bbc	00d53333	sltu	x6,x10,x13	 x10:0x00004e47 x13:0x00004677  x6=0x00000000
          36112	     18052	00100bc0	fff00593	addi	x11,x0,-1	  x0:0x00000000 x11=0xffffffff
          36116	     18054	00100bc4	00b2a023	sw	x11,0(x5)	  x5:0x00030008 x11:0xffffffff PA:0x00030008 store:0xffffffff load:0x00000000
          36118	     18055	00100bc8	00030637	lui	x12,0x30	 x12=0x00030000
          36120	     18056	00100bcc	00730e33	add	x28,x6,x7	  x6:0x00000000  x7:0x00000000 x28=0x00000000
          36124	     18058	00100bd0	01c62623	sw	x28,12(x12)	 x12:0x00030000 x28:0x00000000 PA:0x0003000c store:0x00000000 load:0x00000000
          36128	     18060	00100bd4	00a2a023	sw	x10,0(x5)	  x5:0x00030008 x10:0x00004e47 PA:0x00030008 store:0x00004e47 load:0xffffffff
          36130	     18061	00100bd8	08000e93	addi	x29,x0,128	  x0:0x00000000 x29=0x00000080
          36132	     18062	00100bdc	304ea073	csrrs	x0,mie,x29	 x29:0x00000080  x0=0x00000000
          36138	     18065	00100be0	00800f13	addi	x30,x0,8	  x0:0x00000000 x30=0x00000008
          36140	     18066	00100be4	300f2073	csrrs	x0,mstatus,x30	 x30:0x00000008  x0=0x00000000
          36148	     18070	00100be8	00008067	jalr	x0,0(x1)	  x1:0x00101848  x0=0x00000000
          36152	     18072	00101848	c78ff0ef	jal	x1,100cc0	  x1=0x0010184c
          36154	     18073	00100cc0	001027b7	lui	x15,0x102	 x15=0x00102000
          36158	     18075	00100cc4	ce87a503	lw	x10,-792(x15)	 x15:0x00102000 x10=0x00000000 PA:0x00101ce8 store:0x00102000
          36162	     18077	00100cc8	cec7a583	lw	x11,-788(x15)	 x15:0x00102000 x11=0x00000000 PA:0x00101cec store:0x00030000
          36166	     18079	00100ccc	00008067	jalr	x0,0(x1)	  x1:0x0010184c  x0=0x00000000
          36168	     18080	0010184c	00058b13	addi	x22,x11,0	 x11:0x00000000 x22=0x00000000
          36170	     18081	00101850	00050913	addi	x18,x10,0	 x10:0x00000000 x18=0x00000000
          36172	     18082	00101854	06059a63	bne	x11,x0,1018c8	 x11:0x00000000  x0:0x00000000
          36174	     18083	00101858	00400a93	addi	x21,x0,4	  x0:0x00000000 x21=0x00000004
          36176	     18084	0010185c	06aae663	bltu	x21,x10,1018c8	 x21:0x00000004 x10:0x00000000
          36180	     18086	00101860	c60ff0ef	jal	x1,100cc0	  x1=0x00101864
          36182	     18087	00100cc0	001027b7	lui	x15,0x102	 x15=0x00102000
          36186	     18089	00100cc4	ce87a503	lw	x10,-792(x15)	 x15:0x00102000 x10=0x00000000 PA:0x00101ce8 store:0x00102000
          36190	     18091	00100cc8	cec7a583	lw	x11,-788(x15)	 x15:0x00102000 x11=0x00000000 PA:0x00101cec store:0x00030000
          36194	     18093	00100ccc	00008067	jalr	x0,0(x1)	  x1:0x00101864  x0=0x00000000
          36196	     18094	00101864	00102c37	lui	x24,0x102	 x24=0x00102000
          36198	     18095	00101868	00050413	addi	x8,x10,0	 x10:0x00000000  x8=0x00000000
          36200	     18096	0010186c	00157713	andi	x14,x10,1	 x10:0x00000000 x14=0x00000000
          36202	     18097	00101870	00400d93	addi	x27,x0,4	  x0:0x00000000 x27=0x00000004
          36204	     18098	00101874	00102d37	lui	x26,0x102	 x26=0x00102000
          36206	     18099	00101878	cd0c0513	addi	x10,x24,-816	 x24:0x00102000 x10=0x00101cd0
          36208	     18100	0010187c	00058493	addi	x9,x11,0	 x11:0x00000000  x9=0x00000000
          36212	     18102	00101880	03240e63	beq	x8,x18,1018bc	  x8:0x00000000 x18:0x00000000
          36216	     18104	001018bc	fd6594e3	bne	x11,x22,101884	 x11:0x00000000 x22:0x00000000
          36218	     18105	001018c0	10500073	wfi	
          40100	     20046	0010001c	6890006f	jal	x0,100ea4	  x0=0x00000000
          40104	     20048	00100ea4	e2dff06f	jal	x0,100cd0	  x0=0x00000000
          40106	     20049	00100cd0	fe010113	addi	x2,x2,-32	  x2:0x00137fa0  x2=0x00137f80
          40110	     20051	00100cd4	00f12423	sw	x15,8(x2)	  x2:0x00137f80 x15:0x00102000 PA:0x00137f88 store:0x00102000 load:0x00000000
          40112	     20052	00100cd8	001027b7	lui	x15,0x102	 x15=0x00102000
          40116	     20054	00100cdc	00b12c23	sw	x11,24(x2)	  x2:0x00137f80 x11:0x00000000 PA:0x00137f98 store:0x00000000 load:0x00000000
          40120	     20056	00100ce0	01012223	sw	x16,4(x2)	  x2:0x00137f80 x16:0x00000000 PA:0x00137f84 store:0x00000000 load:0x00000000
          40124	     20058	00100ce4	ce07a583	lw	x11,-800(x15)	 x15:0x00102000 x11=0x000007d0 PA:0x00101ce0 store:0x00000000
          40128	     20060	00100ce8	ce47a803	lw	x16,-796(x15)	 x15:0x00102000 x16=0x00000000 PA:0x00101ce4 store:0x00000000
          40132	     20062	00100cec	00e12623	sw	x14,12(x2)	  x2:0x00137f80 x14:0x00000000 PA:0x00137f8c store:0x00000000 load:0x00000000
          40134	     20063	00100cf0	00030737	lui	x14,0x30	 x14=0x00030000
          40138	     20065	00100cf4	00c12a23	sw	x12,20(x2)	  x2:0x00137f80 x12:0x00030000 PA:0x00137f94 store:0x00030000 load:0x00000000
          40142	     20067	00100cf8	01112023	sw	x17,0(x2)	  x2:0x00137f80 x17:0x00030000 PA:0x00137f80 store:0x00030000 load:0x00000000
          40146	     20069	00100cfc	00a12e23	sw	x10,28(x2)	  x2:0x00137f80 x10:0x00101cd0 PA:0x00137f9c store:0x00101cd0 load:0x00000000
          40150	     20071	00100d00	00d12823	sw	x13,16(x2)	  x2:0x00137f80 x13:0x00004677 PA:0x00137f90 store:0x00004677 load:0x00000000
          40152	     20072	00100d04	00030637	lui	x12,0x30	 x12=0x00030000
          40154	     20073	00100d08	00470893	addi	x17,x14,4	 x14:0x00030000 x17=0x00030004
          40158	     20075	00100d0c	0008a783	lw	x15,0(x17)	 x17:0x00030004 x15=0x00000000 PA:0x00030004 store:0x00000000
          40162	     20077	00100d10	00062683	lw	x13,0(x12)	 x12:0x00030000 x13=0x00004e6b PA:0x00030000 store:0x00000000
          40166	     20079	00100d14	0008a503	lw	x10,0(x17)	 x17:0x00030004 x10=0x00000000 PA:0x00030004 store:0x00000000
          40170	     20081	00100d18	06a78a63	beq	x15,x10,100d8c	 x15:0x00000000 x10:0x00000000
          40174	     20083	00100d8c	00b688b3	add	x17,x13,x11	 x13:0x00004e6b x11:0x000007d0 x17=0x0000563b
          40176	     20084	00100d90	00030637	lui	x12,0x30	 x12=0x00030000
          40178	     20085	00100d94	00d8b6b3	sltu	x13,x17,x13	 x17:0x0000563b x13:0x00004e6b x13=0x00000000
          40180	     20086	00100d98	01078833	add	x16,x15,x16	 x15:0x00000000 x16:0x00000000 x16=0x00000000
          40182	     20087	00100d9c	fff00513	addi	x10,x0,-1	  x0:0x00000000 x10=0xffffffff
          40186	     20089	00100da0	00a62423	sw	x10,8(x12)	 x12:0x00030000 x10:0xffffffff PA:0x00030008 store:0xffffffff load:0x00004e47
          40188	     20090	00100da4	010687b3	add	x15,x13,x16	 x13:0x00000000 x16:0x00000000 x15=0x00000000
          40190	     20091	00100da8	000305b7	lui	x11,0x30	 x11=0x00030000
          40194	     20093	00100dac	00f5a623	sw	x15,12(x11)	 x11:0x00030000 x15:0x00000000 PA:0x0003000c store:0x00000000 load:0x00000000
          40198	     20095	00100db0	01162423	sw	x17,8(x12)	 x12:0x00030000 x17:0x0000563b PA:0x00030008 store:0x0000563b load:0xffffffff
          40200	     20096	00100db4	001026b7	lui	x13,0x102	 x13=0x00102000
          40204	     20098	00100db8	ce86a703	lw	x14,-792(x13)	 x13:0x00102000 x14=0x00000000 PA:0x00101ce8 store:0x00000000
          40208	     20100	00100dbc	cec6a883	lw	x17,-788(x13)	 x13:0x00102000 x17=0x00000000 PA:0x00101cec store:0x00030000
          40212	     20102	00100dc0	01c12503	lw	x10,28(x2)	  x2:0x00137f80 x10=0x00101cd0 PA:0x00137f9c store:0x00000000
          40214	     20103	00100dc4	00170593	addi	x11,x14,1	 x14:0x00000000 x11=0x00000001
          40216	     20104	00100dc8	00e5b633	sltu	x12,x11,x14	 x11:0x00000001 x14:0x00000000 x12=0x00000000
          40218	     20105	00100dcc	01160833	add	x16,x12,x17	 x12:0x00000000 x17:0x00000000 x16=0x00000000
          40222	     20107	00100dd0	ceb6a423	sw	x11,-792(x13)	 x13:0x00102000 x11:0x00000001 PA:0x00101ce8 store:0x00000001 load:0x00101cd0
          40226	     20109	00100dd4	cf06a623	sw	x16,-788(x13)	 x13:0x00102000 x16:0x00000000 PA:0x00101cec store:0x00000000 load:0x00101cd0
          40230	     20111	00100dd8	01812583	lw	x11,24(x2)	  x2:0x00137f80 x11=0x00000000 PA:0x00137f98 store:0x00102000
          40234	     20113	00100ddc	01412603	lw	x12,20(x2)	  x2:0x00137f80 x12=0x00030000 PA:0x00137f94 store:0x00102000
          40238	     20115	00100de0	01012683	lw	x13,16(x2)	  x2:0x00137f80 x13=0x00004677 PA:0x00137f90 store:0x00000000
          40242	     20117	00100de4	00c12703	lw	x14,12(x2)	  x2:0x00137f80 x14=0x00000000 PA:0x00137f8c store:0x00030000
          40246	     20119	00100de8	00812783	lw	x15,8(x2)	  x2:0x00137f80 x15=0x00102000 PA:0x00137f88 store:0x00000000
          40250	     20121	00100dec	00412803	lw	x16,4(x2)	  x2:0x00137f80 x16=0x00000000 PA:0x00137f84 store:0x00000000
          40254	     20123	00100df0	00012883	lw	x17,0(x2)	  x2:0x00137f80 x17=0x00030000 PA:0x00137f80 store:0x00000000
          40256	     20124	00100df4	02010113	addi	x2,x2,32	  x2:0x00137f80  x2=0x00137fa0
          40258	     20125	00100df8	30200073	mret	
          40266	     20129	001018c4	fd9ff06f	jal	x0,10189c	  x0=0x00000000
          40270	     20131	0010189c	c24ff0ef	jal	x1,100cc0	  x1=0x001018a0
          40272	     20132	00100cc0	001027b7	lui	x15,0x102	 x15=0x00102000
          40276	     20134	00100cc4	ce87a503	lw	x10,-792(x15)	 x15:0x00102000 x10=0x00000001 PA:0x00101ce8 store:0x00000000
          40280	     20136	00100cc8	cec7a583	lw	x11,-788(x15)	 x15:0x00102000 x11=0x00000000 PA:0x00101cec store:0x00030000
          40284	     20138	00100ccc	00008067	jalr	x0,0(x1)	  x1:0x001018a0  x0=0x00000000
          40286	     20139	001018a0	00040913	addi	x18,x8,0	  x8:0x00000000 x18=0x00000000
          40288	     20140	001018a4	00050413	addi	x8,x10,0	 x10:0x00000001  x8=0x00000001
          40290	     20141	001018a8	00048b13	addi	x22,x9,0	  x9:0x00000000 x22=0x00000000
          40292	     20142	001018ac	00157713	andi	x14,x10,1	 x10:0x00000001 x14=0x00000001
          40294	     20143	001018b0	00058493	addi	x9,x11,0	 x11:0x00000000  x9=0x00000000
          40296	     20144	001018b4	cd0c0513	addi	x10,x24,-816	 x24:0x00102000 x10=0x00101cd0
          40300	     20146	001018b8	fd2416e3	bne	x8,x18,101884	  x8:0x00000001 x18:0x00000000
          40306	     20149	00101884	00071463	bne	x14,x0,10188c	 x14:0x00000001  x0:0x00000000
          40312	     20152	0010188c	815fe0ef	jal	x1,1000a0	  x1=0x00101890
          40316	     20154	001000a0	00054803	lbu	x16,0(x10)	 x10:0x00101cd0 x16=0x00000054 PA:0x00101cd0 store:0x00000000
          40318	     20155	001000a4	06080663	beq	x16,x0,100110	 x16:0x00000054  x0:0x00000000
          40320	     20156	001000a8	000207b7	lui	x15,0x20	 x15=0x00020000
          40324	     20158	001000ac	0107a023	sw	x16,0(x15)	 x15:0x00020000 x16:0x00000054 PA:0x00020000 store:0x00000054 load:0x00000000
          40328	     20160	001000b0	00154703	lbu	x14,1(x10)	 x10:0x00101cd0 x14=0x00000069 PA:0x00101cd1 store:0x00101890
          40330	     20161	001000b4	04070e63	beq	x14,x0,100110	 x14:0x00000069  x0:0x00000000
          40334	     20163	001000b8	00e7a023	sw	x14,0(x15)	 x15:0x00020000 x14:0x00000069 PA:0x00020000 store:0x00000069 load:0x00000000
          40338	     20165	001000bc	00254283	lbu	x5,2(x10)	 x10:0x00101cd0  x5=0x00000063 PA:0x00101cd2 store:0x00137fa0
          40340	     20166	001000c0	04028863	beq	x5,x0,100110	  x5:0x00000063  x0:0x00000000
          40344	     20168	001000c4	0057a023	sw	x5,0(x15)	 x15:0x00020000  x5:0x00000063 PA:0x00020000 store:0x00000063 load:0x00000000
          40348	     20170	001000c8	00354303	lbu	x6,3(x10)	 x10:0x00101cd0  x6=0x0000006b PA:0x00101cd3 store:0x00000000
          40350	     20171	001000cc	04030263	beq	x6,x0,100110	  x6:0x0000006b  x0:0x00000000
          40354	     20173	001000d0	0067a023	sw	x6,0(x15)	 x15:0x00020000  x6:0x0000006b PA:0x00020000 store:0x0000006b load:0x00000000
          40358	     20175	001000d4	00454383	lbu	x7,4(x10)	 x10:0x00101cd0  x7=0x00000021 PA:0x00101cd4 store:0x00000000
          40360	     20176	001000d8	02038c63	beq	x7,x0,100110	  x7:0x00000021  x0:0x00000000
          40364	     20178	001000dc	0077a023	sw	x7,0(x15)	 x15:0x00020000  x7:0x00000021 PA:0x00020000 store:0x00000021 load:0x00000000
          40368	     20180	001000e0	00554583	lbu	x11,5(x10)	 x10:0x00101cd0 x11=0x0000000a PA:0x00101cd5 store:0x00000063
          40370	     20181	001000e4	02058663	beq	x11,x0,100110	 x11:0x0000000a  x0:0x00000000
          40374	     20183	001000e8	00b7a023	sw	x11,0(x15)	 x15:0x00020000 x11:0x0000000a PA:0x00020000 store:0x0000000a load:0x00000000
          40378	     20185	001000ec	00654603	lbu	x12,6(x10)	 x10:0x00101cd0 x12=0x00000000 PA:0x00101cd6 store:0x0000006b
          40382	     20187	001000f0	02060063	beq	x12,x0,100110	 x12:0x00000000  x0:0x00000000
          40386	     20189	00100110	00000513	addi	x10,x0,0	  x0:0x00000000 x10=0x00000000
          40390	     20191	00100114	00008067	jalr	x0,0(x1)	  x1:0x00101890  x0=0x00000000
          40392	     20192	00101890	10500073	wfi	
          44172	     22082	0010001c	6890006f	jal	x0,100ea4	  x0=0x00000000
          44176	     22084	00100ea4	e2dff06f	jal	x0,100cd0	  x0=0x00000000
          44178	     22085	00100cd0	fe010113	addi	x2,x2,-32	  x2:0x00137fa0  x2=0x00137f80
          44182	     22087	00100cd4	00f12423	sw	x15,8(x2)	  x2:0x00137f80 x15:0x00020000 PA:0x00137f88 store:0x00020000 load:0x00000a21
          44184	     22088	00100cd8	001027b7	lui	x15,0x102	 x15=0x00102000
          44188	     22090	00100cdc	00b12c23	sw	x11,24(x2)	  x2:0x00137f80 x11:0x0000000a PA:0x00137f98 store:0x0000000a load:0x00000a21
          44192	     22092	00100ce0	01012223	sw	x16,4(x2)	  x2:0x00137f80 x16:0x00000054 PA:0x00137f84 store:0x00000054 load:0x00000a21
          44196	     22094	00100ce4	ce07a583	lw	x11,-800(x15)	 x15:0x00102000 x11=0x000007d0 PA:0x00101ce0 store:0x00000000
          44200	     22096	00100ce8	ce47a803	lw	x16,-796(x15)	 x15:0x00102000 x16=0x00000000 PA:0x00101ce4 store:0x00000000
          44204	     22098	00100cec	00e12623	sw	x14,12(x2)	  x2:0x00137f80 x14:0x00000069 PA:0x00137f8c store:0x00000069 load:0x00000000
          44206	     22099	00100cf0	00030737	lui	x14,0x30	 x14=0x00030000
          44210	     22101	00100cf4	00c12a23	sw	x12,20(x2)	  x2:0x00137f80 x12:0x00000000 PA:0x00137f94 store:0x00000000 load:0x00000000
          44214	     22103	00100cf8	01112023	sw	x17,0(x2)	  x2:0x00137f80 x17:0x00030000 PA:0x00137f80 store:0x00030000 load:0x00000000
          44218	     22105	00100cfc	00a12e23	sw	x10,28(x2)	  x2:0x00137f80 x10:0x00000000 PA:0x00137f9c store:0x00000000 load:0x00000000
          44222	     22107	00100d00	00d12823	sw	x13,16(x2)	  x2:0x00137f80 x13:0x00004677 PA:0x00137f90 store:0x00004677 load:0x00000000
          44224	     22108	00100d04	00030637	lui	x12,0x30	 x12=0x00030000
          44226	     22109	00100d08	00470893	addi	x17,x14,4	 x14:0x00030000 x17=0x00030004
          44230	     22111	00100d0c	0008a783	lw	x15,0(x17)	 x17:0x00030004 x15=0x00000000 PA:0x00030004 store:0x00000000
          44234	     22113	00100d10	00062683	lw	x13,0(x12)	 x12:0x00030000 x13=0x0000565f PA:0x00030000 store:0x00000000
          44238	     22115	00100d14	0008a503	lw	x10,0(x17)	 x17:0x00030004 x10=0x00000000 PA:0x00030004 store:0x00000000
          44242	     22117	00100d18	06a78a63	beq	x15,x10,100d8c	 x15:0x00000000 x10:0x00000000
          44246	     22119	00100d8c	00b688b3	add	x17,x13,x11	 x13:0x0000565f x11:0x000007d0 x17=0x00005e2f
          44248	     22120	00100d90	00030637	lui	x12,0x30	 x12=0x00030000
          44250	     22121	00100d94	00d8b6b3	sltu	x13,x17,x13	 x17:0x00005e2f x13:0x0000565f x13=0x00000000
          44252	     22122	00100d98	01078833	add	x16,x15,x16	 x15:0x00000000 x16:0x00000000 x16=0x00000000
          44254	     22123	00100d9c	fff00513	addi	x10,x0,-1	  x0:0x00000000 x10=0xffffffff
          44258	     22125	00100da0	00a62423	sw	x10,8(x12)	 x12:0x00030000 x10:0xffffffff PA:0x00030008 store:0xffffffff load:0x0000563b
          44260	     22126	00100da4	010687b3	add	x15,x13,x16	 x13:0x00000000 x16:0x00000000 x15=0x00000000
          44262	     22127	00100da8	000305b7	lui	x11,0x30	 x11=0x00030000
          44266	     22129	00100dac	00f5a623	sw	x15,12(x11)	 x11:0x00030000 x15:0x00000000 PA:0x0003000c store:0x00000000 load:0x00000000
          44270	     22131	00100db0	01162423	sw	x17,8(x12)	 x12:0x00030000 x17:0x00005e2f PA:0x00030008 store:0x00005e2f load:0xffffffff
          44272	     22132	00100db4	001026b7	lui	x13,0x102	 x13=0x00102000
          44276	     22134	00100db8	ce86a703	lw	x14,-792(x13)	 x13:0x00102000 x14=0x00000001 PA:0x00101ce8 store:0x00000001
          44280	     22136	00100dbc	cec6a883	lw	x17,-788(x13)	 x13:0x00102000 x17=0x00000000 PA:0x00101cec store:0x00030000
          44284	     22138	00100dc0	01c12503	lw	x10,28(x2)	  x2:0x00137f80 x10=0x00000000 PA:0x00137f9c store:0x00000000
          44286	     22139	00100dc4	00170593	addi	x11,x14,1	 x14:0x00000001 x11=0x00000002
          44288	     22140	00100dc8	00e5b633	sltu	x12,x11,x14	 x11:0x00000002 x14:0x00000001 x12=0x00000000
          44290	     22141	00100dcc	01160833	add	x16,x12,x17	 x12:0x00000000 x17:0x00000000 x16=0x00000000
          44294	     22143	00100dd0	ceb6a423	sw	x11,-792(x13)	 x13:0x00102000 x11:0x00000002 PA:0x00101ce8 store:0x00000002 load:0x00000000
          44298	     22145	00100dd4	cf06a623	sw	x16,-788(x13)	 x13:0x00102000 x16:0x00000000 PA:0x00101cec store:0x00000000 load:0x00000000
          44302	     22147	00100dd8	01812583	lw	x11,24(x2)	  x2:0x00137f80 x11=0x0000000a PA:0x00137f98 store:0x00102000
          44306	     22149	00100ddc	01412603	lw	x12,20(x2)	  x2:0x00137f80 x12=0x00000000 PA:0x00137f94 store:0x00102000
          44310	     22151	00100de0	01012683	lw	x13,16(x2)	  x2:0x00137f80 x13=0x00004677 PA:0x00137f90 store:0x00000000
          44314	     22153	00100de4	00c12703	lw	x14,12(x2)	  x2:0x00137f80 x14=0x00000069 PA:0x00137f8c store:0x00000000
          44318	     22155	00100de8	00812783	lw	x15,8(x2)	  x2:0x00137f80 x15=0x00020000 PA:0x00137f88 store:0x00000001
          44322	     22157	00100dec	00412803	lw	x16,4(x2)	  x2:0x00137f80 x16=0x00000054 PA:0x00137f84 store:0x00000000
          44326	     22159	00100df0	00012883	lw	x17,0(x2)	  x2:0x00137f80 x17=0x00030000 PA:0x00137f80 store:0x00000000
          44328	     22160	00100df4	02010113	addi	x2,x2,32	  x2:0x00137f80  x2=0x00137fa0
          44330	     22161	00100df8	30200073	mret	
          44336	     22164	00101894	02049a63	bne	x9,x0,1018c8	  x9:0x00000000  x0:0x00000000
          44338	     22165	00101898	028de863	bltu	x27,x8,1018c8	 x27:0x00000004  x8:0x00000001
          44342	     22167	0010189c	c24ff0ef	jal	x1,100cc0	  x1=0x001018a0
          44344	     22168	00100cc0	001027b7	lui	x15,0x102	 x15=0x00102000
          44348	     22170	00100cc4	ce87a503	lw	x10,-792(x15)	 x15:0x00102000 x10=0x00000002 PA:0x00101ce8 store:0x00000001
          44352	     22172	00100cc8	cec7a583	lw	x11,-788(x15)	 x15:0x00102000 x11=0x00000000 PA:0x00101cec store:0x00000000
          44356	     22174	00100ccc	00008067	jalr	x0,0(x1)	  x1:0x001018a0  x0=0x00000000
          44358	     22175	001018a0	00040913	addi	x18,x8,0	  x8:0x00000001 x18=0x00000001
          44360	     22176	001018a4	00050413	addi	x8,x10,0	 x10:0x00000002  x8=0x00000002
          44362	     22177	001018a8	00048b13	addi	x22,x9,0	  x9:0x00000000 x22=0x00000000
          44364	     22178	001018ac	00157713	andi	x14,x10,1	 x10:0x00000002 x14=0x00000000
          44366	     22179	001018b0	00058493	addi	x9,x11,0	 x11:0x00000000  x9=0x00000000
          44368	     22180	001018b4	cd0c0513	addi	x10,x24,-816	 x24:0x00102000 x10=0x00101cd0
          44372	     22182	001018b8	fd2416e3	bne	x8,x18,101884	  x8:0x00000002 x18:0x00000001
          44376	     22184	00101884	00071463	bne	x14,x0,10188c	 x14:0x00000000  x0:0x00000000
          44378	     22185	00101888	cd8d0513	addi	x10,x26,-808	 x26:0x00102000 x10=0x00101cd8
          44382	     22187	0010188c	815fe0ef	jal	x1,1000a0	  x1=0x00101890
          44386	     22189	001000a0	00054803	lbu	x16,0(x10)	 x10:0x00101cd8 x16=0x00000054 PA:0x00101cd8 store:0x00000000
          44388	     22190	001000a4	06080663	beq	x16,x0,100110	 x16:0x00000054  x0:0x00000000
          44390	     22191	001000a8	000207b7	lui	x15,0x20	 x15=0x00020000
          44394	     22193	001000ac	0107a023	sw	x16,0(x15)	 x15:0x00020000 x16:0x00000054 PA:0x00020000 store:0x00000054 load:0x00000000
          44398	     22195	001000b0	00154703	lbu	x14,1(x10)	 x10:0x00101cd8 x14=0x0000006f PA:0x00101cd9 store:0x00101890
          44400	     22196	001000b4	04070e63	beq	x14,x0,100110	 x14:0x0000006f  x0:0x00000000
          44404	     22198	001000b8	00e7a023	sw	x14,0(x15)	 x15:0x00020000 x14:0x0000006f PA:0x00020000 store:0x0000006f load:0x00000000
          44408	     22200	001000bc	00254283	lbu	x5,2(x10)	 x10:0x00101cd8  x5=0x00000063 PA:0x00101cda store:0x00137fa0
          44410	     22201	001000c0	04028863	beq	x5,x0,100110	  x5:0x00000063  x0:0x00000000
          44414	     22203	001000c4	0057a023	sw	x5,0(x15)	 x15:0x00020000  x5:0x00000063 PA:0x00020000 store:0x00000063 load:0x00000000
          44418	     22205	001000c8	00354303	lbu	x6,3(x10)	 x10:0x00101cd8  x6=0x0000006b PA:0x00101cdb store:0x00000000
          44420	     22206	001000cc	04030263	beq	x6,x0,100110	  x6:0x0000006b  x0:0x00000000
          44424	     22208	001000d0	0067a023	sw	x6,0(x15)	 x15:0x00020000  x6:0x0000006b PA:0x00020000 store:0x0000006b load:0x00000000
          44428	     22210	001000d4	00454383	lbu	x7,4(x10)	 x10:0x00101cd8  x7=0x00000021 PA:0x00101cdc store:0x00000000
          44430	     22211	001000d8	02038c63	beq	x7,x0,100110	  x7:0x00000021  x0:0x00000000
          44434	     22213	001000dc	0077a023	sw	x7,0(x15)	 x15:0x00020000  x7:0x00000021 PA:0x00020000 store:0x00000021 load:0x00000000
          44438	     22215	001000e0	00554583	lbu	x11,5(x10)	 x10:0x00101cd8 x11=0x0000000a PA:0x00101cdd store:0x00000063
          44440	     22216	001000e4	02058663	beq	x11,x0,100110	 x11:0x0000000a  x0:0x00000000
          44444	     22218	001000e8	00b7a023	sw	x11,0(x15)	 x15:0x00020000 x11:0x0000000a PA:0x00020000 store:0x0000000a load:0x00000000
          44448	     22220	001000ec	00654603	lbu	x12,6(x10)	 x10:0x00101cd8 x12=0x00000000 PA:0x00101cde store:0x0000006b
          44452	     22222	001000f0	02060063	beq	x12,x0,100110	 x12:0x00000000  x0:0x00000000
          44456	     22224	00100110	00000513	addi	x10,x0,0	  x0:0x00000000 x10=0x00000000
          44460	     22226	00100114	00008067	jalr	x0,0(x1)	  x1:0x00101890  x0=0x00000000
          44462	     22227	00101890	10500073	wfi	
          48244	     24118	0010001c	6890006f	jal	x0,100ea4	  x0=0x00000000
          48248	     24120	00100ea4	e2dff06f	jal	x0,100cd0	  x0=0x00000000
          48250	     24121	00100cd0	fe010113	addi	x2,x2,-32	  x2:0x00137fa0  x2=0x00137f80
          48254	     24123	00100cd4	00f12423	sw	x15,8(x2)	  x2:0x00137f80 x15:0x00020000 PA:0x00137f88 store:0x00020000 load:0x00000a21
          48256	     24124	00100cd8	001027b7	lui	x15,0x102	 x15=0x00102000
          48260	     24126	00100cdc	00b12c23	sw	x11,24(x2)	  x2:0x00137f80 x11:0x0000000a PA:0x00137f98 store:0x0000000a load:0x00000a21
          48264	     24128	00100ce0	01012223	sw	x16,4(x2)	  x2:0x00137f80 x16:0x00000054 PA:0x00137f84 store:0x00000054 load:0x00000a21
          48268	     24130	00100ce4	ce07a583	lw	x11,-800(x15)	 x15:0x00102000 x11=0x000007d0 PA:0x00101ce0 store:0x00000000
          48272	     24132	00100ce8	ce47a803	lw	x16,-796(x15)	 x15:0x00102000 x16=0x00000000 PA:0x00101ce4 store:0x00000000
          48276	     24134	00100cec	00e12623	sw	x14,12(x2)	  x2:0x00137f80 x14:0x0000006f PA:0x00137f8c store:0x0000006f load:0x00000000
          48278	     24135	00100cf0	00030737	lui	x14,0x30	 x14=0x00030000
          48282	     24137	00100cf4	00c12a23	sw	x12,20(x2)	  x2:0x00137f80 x12:0x00000000 PA:0x00137f94 store:0x00000000 load:0x00000000
          48286	     24139	00100cf8	01112023	sw	x17,0(x2)	  x2:0x00137f80 x17:0x00030000 PA:0x00137f80 store:0x00030000 load:0x00000000
          48290	     24141	00100cfc	00a12e23	sw	x10,28(x2)	  x2:0x00137f80 x10:0x00000000 PA:0x00137f9c store:0x00000000 load:0x00000000
          48294	     24143	00100d00	00d12823	sw	x13,16(x2)	  x2:0x00137f80 x13:0x00004677 PA:0x00137f90 store:0x00004677 load:0x00000000
          48296	     24144	00100d04	00030637	lui	x12,0x30	 x12=0x00030000
          48298	     24145	00100d08	00470893	addi	x17,x14,4	 x14:0x00030000 x17=0x00030004
          48302	     24147	00100d0c	0008a783	lw	x15,0(x17)	 x17:0x00030004 x15=0x00000000 PA:0x00030004 store:0x00000000
          48306	     24149	00100d10	00062683	lw	x13,0(x12)	 x12:0x00030000 x13=0x00005e53 PA:0x00030000 store:0x00000000
          48310	     24151	00100d14	0008a503	lw	x10,0(x17)	 x17:0x00030004 x10=0x00000000 PA:0x00030004 store:0x00000000
          48314	     24153	00100d18	06a78a63	beq	x15,x10,100d8c	 x15:0x00000000 x10:0x00000000
          48318	     24155	00100d8c	00b688b3	add	x17,x13,x11	 x13:0x00005e53 x11:0x000007d0 x17=0x00006623
          48320	     24156	00100d90	00030637	lui	x12,0x30	 x12=0x00030000
          48322	     24157	00100d94	00d8b6b3	sltu	x13,x17,x13	 x17:0x00006623 x13:0x00005e53 x13=0x00000000
          48324	     24158	00100d98	01078833	add	x16,x15,x16	 x15:0x00000000 x16:0x00000000 x16=0x00000000
          48326	     24159	00100d9c	fff00513	addi	x10,x0,-1	  x0:0x00000000 x10=0xffffffff
          48330	     24161	00100da0	00a62423	sw	x10,8(x12)	 x12:0x00030000 x10:0xffffffff PA:0x00030008 store:0xffffffff load:0x00005e2f
          48332	     24162	00100da4	010687b3	add	x15,x13,x16	 x13:0x00000000 x16:0x00000000 x15=0x00000000
          48334	     24163	00100da8	000305b7	lui	x11,0x30	 x11=0x00030000
          48338	     24165	00100dac	00f5a623	sw	x15,12(x11)	 x11:0x00030000 x15:0x00000000 PA:0x0003000c store:0x00000000 load:0x00000000
          48342	     24167	00100db0	01162423	sw	x17,8(x12)	 x12:0x00030000 x17:0x00006623 PA:0x00030008 store:0x00006623 load:0xffffffff
          48344	     24168	00100db4	001026b7	lui	x13,0x102	 x13=0x00102000
          48348	     24170	00100db8	ce86a703	lw	x14,-792(x13)	 x13:0x00102000 x14=0x00000002 PA:0x00101ce8 store:0x00000002
          48352	     24172	00100dbc	cec6a883	lw	x17,-788(x13)	 x13:0x00102000 x17=0x00000000 PA:0x00101cec store:0x00030000
          48356	     24174	00100dc0	01c12503	lw	x10,28(x2)	  x2:0x00137f80 x10=0x00000000 PA:0x00137f9c store:0x00000000
          48358	     24175	00100dc4	00170593	addi	x11,x14,1	 x14:0x00000002 x11=0x00000003
          48360	     24176	00100dc8	00e5b633	sltu	x12,x11,x14	 x11:0x00000003 x14:0x00000002 x12=0x00000000
          48362	     24177	00100dcc	01160833	add	x16,x12,x17	 x12:0x00000000 x17:0x00000000 x16=0x00000000
          48366	     24179	00100dd0	ceb6a423	sw	x11,-792(x13)	 x13:0x00102000 x11:0x00000003 PA:0x00101ce8 store:0x00000003 load:0x00000000
          48370	     24181	00100dd4	cf06a623	sw	x16,-788(x13)	 x13:0x00102000 x16:0x00000000 PA:0x00101cec store:0x00000000 load:0x00000000
          48374	     24183	00100dd8	01812583	lw	x11,24(x2)	  x2:0x00137f80 x11=0x0000000a PA:0x00137f98 store:0x00102000
          48378	     24185	00100ddc	01412603	lw	x12,20(x2)	  x2:0x00137f80 x12=0x00000000 PA:0x00137f94 store:0x00102000
          48382	     24187	00100de0	01012683	lw	x13,16(x2)	  x2:0x00137f80 x13=0x00004677 PA:0x00137f90 store:0x00000000
          48386	     24189	00100de4	00c12703	lw	x14,12(x2)	  x2:0x00137f80 x14=0x0000006f PA:0x00137f8c store:0x00000000
          48390	     24191	00100de8	00812783	lw	x15,8(x2)	  x2:0x00137f80 x15=0x00020000 PA:0x00137f88 store:0x00000002
          48394	     24193	00100dec	00412803	lw	x16,4(x2)	  x2:0x00137f80 x16=0x00000054 PA:0x00137f84 store:0x00000000
          48398	     24195	00100df0	00012883	lw	x17,0(x2)	  x2:0x00137f80 x17=0x00030000 PA:0x00137f80 store:0x00000000
          48400	     24196	00100df4	02010113	addi	x2,x2,32	  x2:0x00137f80  x2=0x00137fa0
          48402	     24197	00100df8	30200073	mret	
          48408	     24200	00101894	02049a63	bne	x9,x0,1018c8	  x9:0x00000000  x0:0x00000000
          48410	     24201	00101898	028de863	bltu	x27,x8,1018c8	 x27:0x00000004  x8:0x00000002
          48414	     24203	0010189c	c24ff0ef	jal	x1,100cc0	  x1=0x001018a0
          48416	     24204	00100cc0	001027b7	lui	x15,0x102	 x15=0x00102000
          48420	     24206	00100cc4	ce87a503	lw	x10,-792(x15)	 x15:0x00102000 x10=0x00000003 PA:0x00101ce8 store:0x00000002
          48424	     24208	00100cc8	cec7a583	lw	x11,-788(x15)	 x15:0x00102000 x11=0x00000000 PA:0x00101cec store:0x00000000
          48428	     24210	00100ccc	00008067	jalr	x0,0(x1)	  x1:0x001018a0  x0=0x00000000
          48430	     24211	001018a0	00040913	addi	x18,x8,0	  x8:0x00000002 x18=0x00000002
          48432	     24212	001018a4	00050413	addi	x8,x10,0	 x10:0x00000003  x8=0x00000003
          48434	     24213	001018a8	00048b13	addi	x22,x9,0	  x9:0x00000000 x22=0x00000000
          48436	     24214	001018ac	00157713	andi	x14,x10,1	 x10:0x00000003 x14=0x00000001
          48438	     24215	001018b0	00058493	addi	x9,x11,0	 x11:0x00000000  x9=0x00000000
          48440	     24216	001018b4	cd0c0513	addi	x10,x24,-816	 x24:0x00102000 x10=0x00101cd0
          48444	     24218	001018b8	fd2416e3	bne	x8,x18,101884	  x8:0x00000003 x18:0x00000002
          48450	     24221	00101884	00071463	bne	x14,x0,10188c	 x14:0x00000001  x0:0x00000000
          48456	     24224	0010188c	815fe0ef	jal	x1,1000a0	  x1=0x00101890
          48460	     24226	001000a0	00054803	lbu	x16,0(x10)	 x10:0x00101cd0 x16=0x00000054 PA:0x00101cd0 store:0x00000000
          48462	     24227	001000a4	06080663	beq	x16,x0,100110	 x16:0x00000054  x0:0x00000000
          48464	     24228	001000a8	000207b7	lui	x15,0x20	 x15=0x00020000
          48468	     24230	001000ac	0107a023	sw	x16,0(x15)	 x15:0x00020000 x16:0x00000054 PA:0x00020000 store:0x00000054 load:0x00000000
          48472	     24232	001000b0	00154703	lbu	x14,1(x10)	 x10:0x00101cd0 x14=0x00000069 PA:0x00101cd1 store:0x00101890
          48474	     24233	001000b4	04070e63	beq	x14,x0,100110	 x14:0x00000069  x0:0x00000000
          48478	     24235	001000b8	00e7a023	sw	x14,0(x15)	 x15:0x00020000 x14:0x00000069 PA:0x00020000 store:0x00000069 load:0x00000000
          48482	     24237	001000bc	00254283	lbu	x5,2(x10)	 x10:0x00101cd0  x5=0x00000063 PA:0x00101cd2 store:0x00137fa0
          48484	     24238	001000c0	04028863	beq	x5,x0,100110	  x5:0x00000063  x0:0x00000000
          48488	     24240	001000c4	0057a023	sw	x5,0(x15)	 x15:0x00020000  x5:0x00000063 PA:0x00020000 store:0x00000063 load:0x00000000
          48492	     24242	001000c8	00354303	lbu	x6,3(x10)	 x10:0x00101cd0  x6=0x0000006b PA:0x00101cd3 store:0x00000000
          48494	     24243	001000cc	04030263	beq	x6,x0,100110	  x6:0x0000006b  x0:0x00000000
          48498	     24245	001000d0	0067a023	sw	x6,0(x15)	 x15:0x00020000  x6:0x0000006b PA:0x00020000 store:0x0000006b load:0x00000000
          48502	     24247	001000d4	00454383	lbu	x7,4(x10)	 x10:0x00101cd0  x7=0x00000021 PA:0x00101cd4 store:0x00000000
          48504	     24248	001000d8	02038c63	beq	x7,x0,100110	  x7:0x00000021  x0:0x00000000
          48508	     24250	001000dc	0077a023	sw	x7,0(x15)	 x15:0x00020000  x7:0x00000021 PA:0x00020000 store:0x00000021 load:0x00000000
          48512	     24252	001000e0	00554583	lbu	x11,5(x10)	 x10:0x00101cd0 x11=0x0000000a PA:0x00101cd5 store:0x00000063
          48514	     24253	001000e4	02058663	beq	x11,x0,100110	 x11:0x0000000a  x0:0x00000000
          48518	     24255	001000e8	00b7a023	sw	x11,0(x15)	 x15:0x00020000 x11:0x0000000a PA:0x00020000 store:0x0000000a load:0x00000000
          48522	     24257	001000ec	00654603	lbu	x12,6(x10)	 x10:0x00101cd0 x12=0x00000000 PA:0x00101cd6 store:0x0000006b
          48526	     24259	001000f0	02060063	beq	x12,x0,100110	 x12:0x00000000  x0:0x00000000
          48530	     24261	00100110	00000513	addi	x10,x0,0	  x0:0x00000000 x10=0x00000000
          48534	     24263	00100114	00008067	jalr	x0,0(x1)	  x1:0x00101890  x0=0x00000000
          48536	     24264	00101890	10500073	wfi	
          52316	     26154	0010001c	6890006f	jal	x0,100ea4	  x0=0x00000000
          52320	     26156	00100ea4	e2dff06f	jal	x0,100cd0	  x0=0x00000000
          52322	     26157	00100cd0	fe010113	addi	x2,x2,-32	  x2:0x00137fa0  x2=0x00137f80
          52326	     26159	00100cd4	00f12423	sw	x15,8(x2)	  x2:0x00137f80 x15:0x00020000 PA:0x00137f88 store:0x00020000 load:0x00000a21
          52328	     26160	00100cd8	001027b7	lui	x15,0x102	 x15=0x00102000
          52332	     26162	00100cdc	00b12c23	sw	x11,24(x2)	  x2:0x00137f80 x11:0x0000000a PA:0x00137f98 store:0x0000000a load:0x00000a21
          52336	     26164	00100ce0	01012223	sw	x16,4(x2)	  x2:0x00137f80 x16:0x00000054 PA:0x00137f84 store:0x00000054 load:0x00000a21
          52340	     26166	00100ce4	ce07a583	lw	x11,-800(x15)	 x15:0x00102000 x11=0x000007d0 PA:0x00101ce0 store:0x00000000
          52344	     26168	00100ce8	ce47a803	lw	x16,-796(x15)	 x15:0x00102000 x16=0x00000000 PA:0x00101ce4 store:0x00000000
          52348	     26170	00100cec	00e12623	sw	x14,12(x2)	  x2:0x00137f80 x14:0x00000069 PA:0x00137f8c store:0x00000069 load:0x00000000
          52350	     26171	00100cf0	00030737	lui	x14,0x30	 x14=0x00030000
          52354	     26173	00100cf4	00c12a23	sw	x12,20(x2)	  x2:0x00137f80 x12:0x00000000 PA:0x00137f94 store:0x00000000 load:0x00000000
          52358	     26175	00100cf8	01112023	sw	x17,0(x2)	  x2:0x00137f80 x17:0x00030000 PA:0x00137f80 store:0x00030000 load:0x00000000
          52362	     26177	00100cfc	00a12e23	sw	x10,28(x2)	  x2:0x00137f80 x10:0x00000000 PA:0x00137f9c store:0x00000000 load:0x00000000
          52366	     26179	00100d00	00d12823	sw	x13,16(x2)	  x2:0x00137f80 x13:0x00004677 PA:0x00137f90 store:0x00004677 load:0x00000000
          52368	     26180	00100d04	00030637	lui	x12,0x30	 x12=0x00030000
          52370	     26181	00100d08	00470893	addi	x17,x14,4	 x14:0x00030000 x17=0x00030004
          52374	     26183	00100d0c	0008a783	lw	x15,0(x17)	 x17:0x00030004 x15=0x00000000 PA:0x00030004 store:0x00000000
          52378	     26185	00100d10	00062683	lw	x13,0(x12)	 x12:0x00030000 x13=0x00006647 PA:0x00030000 store:0x00000000
          52382	     26187	00100d14	0008a503	lw	x10,0(x17)	 x17:0x00030004 x10=0x00000000 PA:0x00030004 store:0x00000000
          52386	     26189	00100d18	06a78a63	beq	x15,x10,100d8c	 x15:0x00000000 x10:0x00000000
          52390	     26191	00100d8c	00b688b3	add	x17,x13,x11	 x13:0x00006647 x11:0x000007d0 x17=0x00006e17
          52392	     26192	00100d90	00030637	lui	x12,0x30	 x12=0x00030000
          52394	     26193	00100d94	00d8b6b3	sltu	x13,x17,x13	 x17:0x00006e17 x13:0x00006647 x13=0x00000000
          52396	     26194	00100d98	01078833	add	x16,x15,x16	 x15:0x00000000 x16:0x00000000 x16=0x00000000
          52398	     26195	00100d9c	fff00513	addi	x10,x0,-1	  x0:0x00000000 x10=0xffffffff
          52402	     26197	00100da0	00a62423	sw	x10,8(x12)	 x12:0x00030000 x10:0xffffffff PA:0x00030008 store:0xffffffff load:0x00006623
          52404	     26198	00100da4	010687b3	add	x15,x13,x16	 x13:0x00000000 x16:0x00000000 x15=0x00000000
          52406	     26199	00100da8	000305b7	lui	x11,0x30	 x11=0x00030000
          52410	     26201	00100dac	00f5a623	sw	x15,12(x11)	 x11:0x00030000 x15:0x00000000 PA:0x0003000c store:0x00000000 load:0x00000000
          52414	     26203	00100db0	01162423	sw	x17,8(x12)	 x12:0x00030000 x17:0x00006e17 PA:0x00030008 store:0x00006e17 load:0xffffffff
          52416	     26204	00100db4	001026b7	lui	x13,0x102	 x13=0x00102000
          52420	     26206	00100db8	ce86a703	lw	x14,-792(x13)	 x13:0x00102000 x14=0x00000003 PA:0x00101ce8 store:0x00000003
          52424	     26208	00100dbc	cec6a883	lw	x17,-788(x13)	 x13:0x00102000 x17=0x00000000 PA:0x00101cec store:0x00030000
          52428	     26210	00100dc0	01c12503	lw	x10,28(x2)	  x2:0x00137f80 x10=0x00000000 PA:0x00137f9c store:0x00000000
          52430	     26211	00100dc4	00170593	addi	x11,x14,1	 x14:0x00000003 x11=0x00000004
          52432	     26212	00100dc8	00e5b633	sltu	x12,x11,x14	 x11:0x00000004 x14:0x00000003 x12=0x00000000
          52434	     26213	00100dcc	01160833	add	x16,x12,x17	 x12:0x00000000 x17:0x00000000 x16=0x00000000
          52438	     26215	00100dd0	ceb6a423	sw	x11,-792(x13)	 x13:0x00102000 x11:0x00000004 PA:0x00101ce8 store:0x00000004 load:0x00000000
          52442	     26217	00100dd4	cf06a623	sw	x16,-788(x13)	 x13:0x00102000 x16:0x00000000 PA:0x00101cec store:0x00000000 load:0x00000000
          52446	     26219	00100dd8	01812583	lw	x11,24(x2)	  x2:0x00137f80 x11=0x0000000a PA:0x00137f98 store:0x00102000
          52450	     26221	00100ddc	01412603	lw	x12,20(x2)	  x2:0x00137f80 x12=0x00000000 PA:0x00137f94 store:0x00102000
          52454	     26223	00100de0	01012683	lw	x13,16(x2)	  x2:0x00137f80 x13=0x00004677 PA:0x00137f90 store:0x00000000
          52458	     26225	00100de4	00c12703	lw	x14,12(x2)	  x2:0x00137f80 x14=0x00000069 PA:0x00137f8c store:0x00000000
          52462	     26227	00100de8	00812783	lw	x15,8(x2)	  x2:0x00137f80 x15=0x00020000 PA:0x00137f88 store:0x00000003
          52466	     26229	00100dec	00412803	lw	x16,4(x2)	  x2:0x00137f80 x16=0x00000054 PA:0x00137f84 store:0x00000000
          52470	     26231	00100df0	00012883	lw	x17,0(x2)	  x2:0x00137f80 x17=0x00030000 PA:0x00137f80 store:0x00000000
          52472	     26232	00100df4	02010113	addi	x2,x2,32	  x2:0x00137f80  x2=0x00137fa0
          52474	     26233	00100df8	30200073	mret	
          52480	     26236	00101894	02049a63	bne	x9,x0,1018c8	  x9:0x00000000  x0:0x00000000
          52482	     26237	00101898	028de863	bltu	x27,x8,1018c8	 x27:0x00000004  x8:0x00000003
          52486	     26239	0010189c	c24ff0ef	jal	x1,100cc0	  x1=0x001018a0
          52488	     26240	00100cc0	001027b7	lui	x15,0x102	 x15=0x00102000
          52492	     26242	00100cc4	ce87a503	lw	x10,-792(x15)	 x15:0x00102000 x10=0x00000004 PA:0x00101ce8 store:0x00000003
          52496	     26244	00100cc8	cec7a583	lw	x11,-788(x15)	 x15:0x00102000 x11=0x00000000 PA:0x00101cec store:0x00000000
          52500	     26246	00100ccc	00008067	jalr	x0,0(x1)	  x1:0x001018a0  x0=0x00000000
          52502	     26247	001018a0	00040913	addi	x18,x8,0	  x8:0x00000003 x18=0x00000003
          52504	     26248	001018a4	00050413	addi	x8,x10,0	 x10:0x00000004  x8=0x00000004
          52506	     26249	001018a8	00048b13	addi	x22,x9,0	  x9:0x00000000 x22=0x00000000
          52508	     26250	001018ac	00157713	andi	x14,x10,1	 x10:0x00000004 x14=0x00000000
          52510	     26251	001018b0	00058493	addi	x9,x11,0	 x11:0x00000000  x9=0x00000000
          52512	     26252	001018b4	cd0c0513	addi	x10,x24,-816	 x24:0x00102000 x10=0x00101cd0
          52516	     26254	001018b8	fd2416e3	bne	x8,x18,101884	  x8:0x00000004 x18:0x00000003
          52520	     26256	00101884	00071463	bne	x14,x0,10188c	 x14:0x00000000  x0:0x00000000
          52522	     26257	00101888	cd8d0513	addi	x10,x26,-808	 x26:0x00102000 x10=0x00101cd8
          52526	     26259	0010188c	815fe0ef	jal	x1,1000a0	  x1=0x00101890
          52530	     26261	001000a0	00054803	lbu	x16,0(x10)	 x10:0x00101cd8 x16=0x00000054 PA:0x00101cd8 store:0x00000000
          52532	     26262	001000a4	06080663	beq	x16,x0,100110	 x16:0x00000054  x0:0x00000000
          52534	     26263	001000a8	000207b7	lui	x15,0x20	 x15=0x00020000
          52538	     26265	001000ac	0107a023	sw	x16,0(x15)	 x15:0x00020000 x16:0x00000054 PA:0x00020000 store:0x00000054 load:0x00000000
          52542	     26267	001000b0	00154703	lbu	x14,1(x10)	 x10:0x00101cd8 x14=0x0000006f PA:0x00101cd9 store:0x00101890
          52544	     26268	001000b4	04070e63	beq	x14,x0,100110	 x14:0x0000006f  x0:0x00000000
          52548	     26270	001000b8	00e7a023	sw	x14,0(x15)	 x15:0x00020000 x14:0x0000006f PA:0x00020000 store:0x0000006f load:0x00000000
          52552	     26272	001000bc	00254283	lbu	x5,2(x10)	 x10:0x00101cd8  x5=0x00000063 PA:0x00101cda store:0x00137fa0
          52554	     26273	001000c0	04028863	beq	x5,x0,100110	  x5:0x00000063  x0:0x00000000
          52558	     26275	001000c4	0057a023	sw	x5,0(x15)	 x15:0x00020000  x5:0x00000063 PA:0x00020000 store:0x00000063 load:0x00000000
          52562	     26277	001000c8	00354303	lbu	x6,3(x10)	 x10:0x00101cd8  x6=0x0000006b PA:0x00101cdb store:0x00000000
          52564	     26278	001000cc	04030263	beq	x6,x0,100110	  x6:0x0000006b  x0:0x00000000
          52568	     26280	001000d0	0067a023	sw	x6,0(x15)	 x15:0x00020000  x6:0x0000006b PA:0x00020000 store:0x0000006b load:0x00000000
          52572	     26282	001000d4	00454383	lbu	x7,4(x10)	 x10:0x00101cd8  x7=0x00000021 PA:0x00101cdc store:0x00000000
          52574	     26283	001000d8	02038c63	beq	x7,x0,100110	  x7:0x00000021  x0:0x00000000
          52578	     26285	001000dc	0077a023	sw	x7,0(x15)	 x15:0x00020000  x7:0x00000021 PA:0x00020000 store:0x00000021 load:0x00000000
          52582	     26287	001000e0	00554583	lbu	x11,5(x10)	 x10:0x00101cd8 x11=0x0000000a PA:0x00101cdd store:0x00000063
          52584	     26288	001000e4	02058663	beq	x11,x0,100110	 x11:0x0000000a  x0:0x00000000
          52588	     26290	001000e8	00b7a023	sw	x11,0(x15)	 x15:0x00020000 x11:0x0000000a PA:0x00020000 store:0x0000000a load:0x00000000
          52592	     26292	001000ec	00654603	lbu	x12,6(x10)	 x10:0x00101cd8 x12=0x00000000 PA:0x00101cde store:0x0000006b
          52596	     26294	001000f0	02060063	beq	x12,x0,100110	 x12:0x00000000  x0:0x00000000
          52600	     26296	00100110	00000513	addi	x10,x0,0	  x0:0x00000000 x10=0x00000000
          52604	     26298	00100114	00008067	jalr	x0,0(x1)	  x1:0x00101890  x0=0x00000000
          52606	     26299	00101890	10500073	wfi	
          56388	     28190	0010001c	6890006f	jal	x0,100ea4	  x0=0x00000000
          56392	     28192	00100ea4	e2dff06f	jal	x0,100cd0	  x0=0x00000000
          56394	     28193	00100cd0	fe010113	addi	x2,x2,-32	  x2:0x00137fa0  x2=0x00137f80
          56398	     28195	00100cd4	00f12423	sw	x15,8(x2)	  x2:0x00137f80 x15:0x00020000 PA:0x00137f88 store:0x00020000 load:0x00000a21
          56400	     28196	00100cd8	001027b7	lui	x15,0x102	 x15=0x00102000
          56404	     28198	00100cdc	00b12c23	sw	x11,24(x2)	  x2:0x00137f80 x11:0x0000000a PA:0x00137f98 store:0x0000000a load:0x00000a21
          56408	     28200	00100ce0	01012223	sw	x16,4(x2)	  x2:0x00137f80 x16:0x00000054 PA:0x00137f84 store:0x00000054 load:0x00000a21
          56412	     28202	00100ce4	ce07a583	lw	x11,-800(x15)	 x15:0x00102000 x11=0x000007d0 PA:0x00101ce0 store:0x00000000
          56416	     28204	00100ce8	ce47a803	lw	x16,-796(x15)	 x15:0x00102000 x16=0x00000000 PA:0x00101ce4 store:0x00000000
          56420	     28206	00100cec	00e12623	sw	x14,12(x2)	  x2:0x00137f80 x14:0x0000006f PA:0x00137f8c store:0x0000006f load:0x00000000
          56422	     28207	00100cf0	00030737	lui	x14,0x30	 x14=0x00030000
          56426	     28209	00100cf4	00c12a23	sw	x12,20(x2)	  x2:0x00137f80 x12:0x00000000 PA:0x00137f94 store:0x00000000 load:0x00000000
          56430	     28211	00100cf8	01112023	sw	x17,0(x2)	  x2:0x00137f80 x17:0x00030000 PA:0x00137f80 store:0x00030000 load:0x00000000
          56434	     28213	00100cfc	00a12e23	sw	x10,28(x2)	  x2:0x00137f80 x10:0x00000000 PA:0x00137f9c store:0x00000000 load:0x00000000
          56438	     28215	00100d00	00d12823	sw	x13,16(x2)	  x2:0x00137f80 x13:0x00004677 PA:0x00137f90 store:0x00004677 load:0x00000000
          56440	     28216	00100d04	00030637	lui	x12,0x30	 x12=0x00030000
          56442	     28217	00100d08	00470893	addi	x17,x14,4	 x14:0x00030000 x17=0x00030004
          56446	     28219	00100d0c	0008a783	lw	x15,0(x17)	 x17:0x00030004 x15=0x00000000 PA:0x00030004 store:0x00000000
          56450	     28221	00100d10	00062683	lw	x13,0(x12)	 x12:0x00030000 x13=0x00006e3b PA:0x00030000 store:0x00000000
          56454	     28223	00100d14	0008a503	lw	x10,0(x17)	 x17:0x00030004 x10=0x00000000 PA:0x00030004 store:0x00000000
          56458	     28225	00100d18	06a78a63	beq	x15,x10,100d8c	 x15:0x00000000 x10:0x00000000
          56462	     28227	00100d8c	00b688b3	add	x17,x13,x11	 x13:0x00006e3b x11:0x000007d0 x17=0x0000760b
          56464	     28228	00100d90	00030637	lui	x12,0x30	 x12=0x00030000
          56466	     28229	00100d94	00d8b6b3	sltu	x13,x17,x13	 x17:0x0000760b x13:0x00006e3b x13=0x00000000
          56468	     28230	00100d98	01078833	add	x16,x15,x16	 x15:0x00000000 x16:0x00000000 x16=0x00000000
          56470	     28231	00100d9c	fff00513	addi	x10,x0,-1	  x0:0x00000000 x10=0xffffffff
          56474	     28233	00100da0	00a62423	sw	x10,8(x12)	 x12:0x00030000 x10:0xffffffff PA:0x00030008 store:0xffffffff load:0x00006e17
          56476	     28234	00100da4	010687b3	add	x15,x13,x16	 x13:0x00000000 x16:0x00000000 x15=0x00000000
          56478	     28235	00100da8	000305b7	lui	x11,0x30	 x11=0x00030000
          56482	     28237	00100dac	00f5a623	sw	x15,12(x11)	 x11:0x00030000 x15:0x00000000 PA:0x0003000c store:0x00000000 load:0x00000000
          56486	     28239	00100db0	01162423	sw	x17,8(x12)	 x12:0x00030000 x17:0x0000760b PA:0x00030008 store:0x0000760b load:0xffffffff
          56488	     28240	00100db4	001026b7	lui	x13,0x102	 x13=0x00102000
          56492	     28242	00100db8	ce86a703	lw	x14,-792(x13)	 x13:0x00102000 x14=0x00000004 PA:0x00101ce8 store:0x00000004
          56496	     28244	00100dbc	cec6a883	lw	x17,-788(x13)	 x13:0x00102000 x17=0x00000000 PA:0x00101cec store:0x00030000
          56500	     28246	00100dc0	01c12503	lw	x10,28(x2)	  x2:0x00137f80 x10=0x00000000 PA:0x00137f9c store:0x00000000
          56502	     28247	00100dc4	00170593	addi	x11,x14,1	 x14:0x00000004 x11=0x00000005
          56504	     28248	00100dc8	00e5b633	sltu	x12,x11,x14	 x11:0x00000005 x14:0x00000004 x12=0x00000000
          56506	     28249	00100dcc	01160833	add	x16,x12,x17	 x12:0x00000000 x17:0x00000000 x16=0x00000000
          56510	     28251	00100dd0	ceb6a423	sw	x11,-792(x13)	 x13:0x00102000 x11:0x00000005 PA:0x00101ce8 store:0x00000005 load:0x00000000
          56514	     28253	00100dd4	cf06a623	sw	x16,-788(x13)	 x13:0x00102000 x16:0x00000000 PA:0x00101cec store:0x00000000 load:0x00000000
          56518	     28255	00100dd8	01812583	lw	x11,24(x2)	  x2:0x00137f80 x11=0x0000000a PA:0x00137f98 store:0x00102000
          56522	     28257	00100ddc	01412603	lw	x12,20(x2)	  x2:0x00137f80 x12=0x00000000 PA:0x00137f94 store:0x00102000
          56526	     28259	00100de0	01012683	lw	x13,16(x2)	  x2:0x00137f80 x13=0x00004677 PA:0x00137f90 store:0x00000000
          56530	     28261	00100de4	00c12703	lw	x14,12(x2)	  x2:0x00137f80 x14=0x0000006f PA:0x00137f8c store:0x00000000
          56534	     28263	00100de8	00812783	lw	x15,8(x2)	  x2:0x00137f80 x15=0x00020000 PA:0x00137f88 store:0x00000004
          56538	     28265	00100dec	00412803	lw	x16,4(x2)	  x2:0x00137f80 x16=0x00000054 PA:0x00137f84 store:0x00000000
          56542	     28267	00100df0	00012883	lw	x17,0(x2)	  x2:0x00137f80 x17=0x00030000 PA:0x00137f80 store:0x00000000
          56544	     28268	00100df4	02010113	addi	x2,x2,32	  x2:0x00137f80  x2=0x00137fa0
          56546	     28269	00100df8	30200073	mret	
          56552	     28272	00101894	02049a63	bne	x9,x0,1018c8	  x9:0x00000000  x0:0x00000000
          56554	     28273	00101898	028de863	bltu	x27,x8,1018c8	 x27:0x00000004  x8:0x00000004
          56558	     28275	0010189c	c24ff0ef	jal	x1,100cc0	  x1=0x001018a0
          56560	     28276	00100cc0	001027b7	lui	x15,0x102	 x15=0x00102000
          56564	     28278	00100cc4	ce87a503	lw	x10,-792(x15)	 x15:0x00102000 x10=0x00000005 PA:0x00101ce8 store:0x00000004
          56568	     28280	00100cc8	cec7a583	lw	x11,-788(x15)	 x15:0x00102000 x11=0x00000000 PA:0x00101cec store:0x00000000
          56572	     28282	00100ccc	00008067	jalr	x0,0(x1)	  x1:0x001018a0  x0=0x00000000
          56574	     28283	001018a0	00040913	addi	x18,x8,0	  x8:0x00000004 x18=0x00000004
          56576	     28284	001018a4	00050413	addi	x8,x10,0	 x10:0x00000005  x8=0x00000005
          56578	     28285	001018a8	00048b13	addi	x22,x9,0	  x9:0x00000000 x22=0x00000000
          56580	     28286	001018ac	00157713	andi	x14,x10,1	 x10:0x00000005 x14=0x00000001
          56582	     28287	001018b0	00058493	addi	x9,x11,0	 x11:0x00000000  x9=0x00000000
          56584	     28288	001018b4	cd0c0513	addi	x10,x24,-816	 x24:0x00102000 x10=0x00101cd0
          56588	     28290	001018b8	fd2416e3	bne	x8,x18,101884	  x8:0x00000005 x18:0x00000004
          56594	     28293	00101884	00071463	bne	x14,x0,10188c	 x14:0x00000001  x0:0x00000000
          56600	     28296	0010188c	815fe0ef	jal	x1,1000a0	  x1=0x00101890
          56604	     28298	001000a0	00054803	lbu	x16,0(x10)	 x10:0x00101cd0 x16=0x00000054 PA:0x00101cd0 store:0x00000000
          56606	     28299	001000a4	06080663	beq	x16,x0,100110	 x16:0x00000054  x0:0x00000000
          56608	     28300	001000a8	000207b7	lui	x15,0x20	 x15=0x00020000
          56612	     28302	001000ac	0107a023	sw	x16,0(x15)	 x15:0x00020000 x16:0x00000054 PA:0x00020000 store:0x00000054 load:0x00000000
          56616	     28304	001000b0	00154703	lbu	x14,1(x10)	 x10:0x00101cd0 x14=0x00000069 PA:0x00101cd1 store:0x00101890
          56618	     28305	001000b4	04070e63	beq	x14,x0,100110	 x14:0x00000069  x0:0x00000000
          56622	     28307	001000b8	00e7a023	sw	x14,0(x15)	 x15:0x00020000 x14:0x00000069 PA:0x00020000 store:0x00000069 load:0x00000000
          56626	     28309	001000bc	00254283	lbu	x5,2(x10)	 x10:0x00101cd0  x5=0x00000063 PA:0x00101cd2 store:0x00137fa0
          56628	     28310	001000c0	04028863	beq	x5,x0,100110	  x5:0x00000063  x0:0x00000000
          56632	     28312	001000c4	0057a023	sw	x5,0(x15)	 x15:0x00020000  x5:0x00000063 PA:0x00020000 store:0x00000063 load:0x00000000
          56636	     28314	001000c8	00354303	lbu	x6,3(x10)	 x10:0x00101cd0  x6=0x0000006b PA:0x00101cd3 store:0x00000000
          56638	     28315	001000cc	04030263	beq	x6,x0,100110	  x6:0x0000006b  x0:0x00000000
          56642	     28317	001000d0	0067a023	sw	x6,0(x15)	 x15:0x00020000  x6:0x0000006b PA:0x00020000 store:0x0000006b load:0x00000000
          56646	     28319	001000d4	00454383	lbu	x7,4(x10)	 x10:0x00101cd0  x7=0x00000021 PA:0x00101cd4 store:0x00000000
          56648	     28320	001000d8	02038c63	beq	x7,x0,100110	  x7:0x00000021  x0:0x00000000
          56652	     28322	001000dc	0077a023	sw	x7,0(x15)	 x15:0x00020000  x7:0x00000021 PA:0x00020000 store:0x00000021 load:0x00000000
          56656	     28324	001000e0	00554583	lbu	x11,5(x10)	 x10:0x00101cd0 x11=0x0000000a PA:0x00101cd5 store:0x00000063
          56658	     28325	001000e4	02058663	beq	x11,x0,100110	 x11:0x0000000a  x0:0x00000000
          56662	     28327	001000e8	00b7a023	sw	x11,0(x15)	 x15:0x00020000 x11:0x0000000a PA:0x00020000 store:0x0000000a load:0x00000000
          56666	     28329	001000ec	00654603	lbu	x12,6(x10)	 x10:0x00101cd0 x12=0x00000000 PA:0x00101cd6 store:0x0000006b
          56670	     28331	001000f0	02060063	beq	x12,x0,100110	 x12:0x00000000  x0:0x00000000
          56674	     28333	00100110	00000513	addi	x10,x0,0	  x0:0x00000000 x10=0x00000000
          56678	     28335	00100114	00008067	jalr	x0,0(x1)	  x1:0x00101890  x0=0x00000000
          56680	     28336	00101890	10500073	wfi	
          60460	     30226	0010001c	6890006f	jal	x0,100ea4	  x0=0x00000000
          60464	     30228	00100ea4	e2dff06f	jal	x0,100cd0	  x0=0x00000000
          60466	     30229	00100cd0	fe010113	addi	x2,x2,-32	  x2:0x00137fa0  x2=0x00137f80
          60470	     30231	00100cd4	00f12423	sw	x15,8(x2)	  x2:0x00137f80 x15:0x00020000 PA:0x00137f88 store:0x00020000 load:0x00000a21
          60472	     30232	00100cd8	001027b7	lui	x15,0x102	 x15=0x00102000
          60476	     30234	00100cdc	00b12c23	sw	x11,24(x2)	  x2:0x00137f80 x11:0x0000000a PA:0x00137f98 store:0x0000000a load:0x00000a21
          60480	     30236	00100ce0	01012223	sw	x16,4(x2)	  x2:0x00137f80 x16:0x00000054 PA:0x00137f84 store:0x00000054 load:0x00000a21
          60484	     30238	00100ce4	ce07a583	lw	x11,-800(x15)	 x15:0x00102000 x11=0x000007d0 PA:0x00101ce0 store:0x00000000
          60488	     30240	00100ce8	ce47a803	lw	x16,-796(x15)	 x15:0x00102000 x16=0x00000000 PA:0x00101ce4 store:0x00000000
          60492	     30242	00100cec	00e12623	sw	x14,12(x2)	  x2:0x00137f80 x14:0x00000069 PA:0x00137f8c store:0x00000069 load:0x00000000
          60494	     30243	00100cf0	00030737	lui	x14,0x30	 x14=0x00030000
          60498	     30245	00100cf4	00c12a23	sw	x12,20(x2)	  x2:0x00137f80 x12:0x00000000 PA:0x00137f94 store:0x00000000 load:0x00000000
          60502	     30247	00100cf8	01112023	sw	x17,0(x2)	  x2:0x00137f80 x17:0x00030000 PA:0x00137f80 store:0x00030000 load:0x00000000
          60506	     30249	00100cfc	00a12e23	sw	x10,28(x2)	  x2:0x00137f80 x10:0x00000000 PA:0x00137f9c store:0x00000000 load:0x00000000
          60510	     30251	00100d00	00d12823	sw	x13,16(x2)	  x2:0x00137f80 x13:0x00004677 PA:0x00137f90 store:0x00004677 load:0x00000000
          60512	     30252	00100d04	00030637	lui	x12,0x30	 x12=0x00030000
          60514	     30253	00100d08	00470893	addi	x17,x14,4	 x14:0x00030000 x17=0x00030004
          60518	     30255	00100d0c	0008a783	lw	x15,0(x17)	 x17:0x00030004 x15=0x00000000 PA:0x00030004 store:0x00000000
          60522	     30257	00100d10	00062683	lw	x13,0(x12)	 x12:0x00030000 x13=0x0000762f PA:0x00030000 store:0x00000000
          60526	     30259	00100d14	0008a503	lw	x10,0(x17)	 x17:0x00030004 x10=0x00000000 PA:0x00030004 store:0x00000000
          60530	     30261	00100d18	06a78a63	beq	x15,x10,100d8c	 x15:0x00000000 x10:0x00000000
          60534	     30263	00100d8c	00b688b3	add	x17,x13,x11	 x13:0x0000762f x11:0x000007d0 x17=0x00007dff
          60536	     30264	00100d90	00030637	lui	x12,0x30	 x12=0x00030000
          60538	     30265	00100d94	00d8b6b3	sltu	x13,x17,x13	 x17:0x00007dff x13:0x0000762f x13=0x00000000
          60540	     30266	00100d98	01078833	add	x16,x15,x16	 x15:0x00000000 x16:0x00000000 x16=0x00000000
          60542	     30267	00100d9c	fff00513	addi	x10,x0,-1	  x0:0x00000000 x10=0xffffffff
          60546	     30269	00100da0	00a62423	sw	x10,8(x12)	 x12:0x00030000 x10:0xffffffff PA:0x00030008 store:0xffffffff load:0x0000760b
          60548	     30270	00100da4	010687b3	add	x15,x13,x16	 x13:0x00000000 x16:0x00000000 x15=0x00000000
          60550	     30271	00100da8	000305b7	lui	x11,0x30	 x11=0x00030000
          60554	     30273	00100dac	00f5a623	sw	x15,12(x11)	 x11:0x00030000 x15:0x00000000 PA:0x0003000c store:0x00000000 load:0x00000000
          60558	     30275	00100db0	01162423	sw	x17,8(x12)	 x12:0x00030000 x17:0x00007dff PA:0x00030008 store:0x00007dff load:0xffffffff
          60560	     30276	00100db4	001026b7	lui	x13,0x102	 x13=0x00102000
          60564	     30278	00100db8	ce86a703	lw	x14,-792(x13)	 x13:0x00102000 x14=0x00000005 PA:0x00101ce8 store:0x00000005
          60568	     30280	00100dbc	cec6a883	lw	x17,-788(x13)	 x13:0x00102000 x17=0x00000000 PA:0x00101cec store:0x00030000
          60572	     30282	00100dc0	01c12503	lw	x10,28(x2)	  x2:0x00137f80 x10=0x00000000 PA:0x00137f9c store:0x00000000
          60574	     30283	00100dc4	00170593	addi	x11,x14,1	 x14:0x00000005 x11=0x00000006
          60576	     30284	00100dc8	00e5b633	sltu	x12,x11,x14	 x11:0x00000006 x14:0x00000005 x12=0x00000000
          60578	     30285	00100dcc	01160833	add	x16,x12,x17	 x12:0x00000000 x17:0x00000000 x16=0x00000000
          60582	     30287	00100dd0	ceb6a423	sw	x11,-792(x13)	 x13:0x00102000 x11:0x00000006 PA:0x00101ce8 store:0x00000006 load:0x00000000
          60586	     30289	00100dd4	cf06a623	sw	x16,-788(x13)	 x13:0x00102000 x16:0x00000000 PA:0x00101cec store:0x00000000 load:0x00000000
          60590	     30291	00100dd8	01812583	lw	x11,24(x2)	  x2:0x00137f80 x11=0x0000000a PA:0x00137f98 store:0x00102000
          60594	     30293	00100ddc	01412603	lw	x12,20(x2)	  x2:0x00137f80 x12=0x00000000 PA:0x00137f94 store:0x00102000
          60598	     30295	00100de0	01012683	lw	x13,16(x2)	  x2:0x00137f80 x13=0x00004677 PA:0x00137f90 store:0x00000000
          60602	     30297	00100de4	00c12703	lw	x14,12(x2)	  x2:0x00137f80 x14=0x00000069 PA:0x00137f8c store:0x00000000
          60606	     30299	00100de8	00812783	lw	x15,8(x2)	  x2:0x00137f80 x15=0x00020000 PA:0x00137f88 store:0x00000005
          60610	     30301	00100dec	00412803	lw	x16,4(x2)	  x2:0x00137f80 x16=0x00000054 PA:0x00137f84 store:0x00000000
          60614	     30303	00100df0	00012883	lw	x17,0(x2)	  x2:0x00137f80 x17=0x00030000 PA:0x00137f80 store:0x00000000
          60616	     30304	00100df4	02010113	addi	x2,x2,32	  x2:0x00137f80  x2=0x00137fa0
          60618	     30305	00100df8	30200073	mret	
          60624	     30308	00101894	02049a63	bne	x9,x0,1018c8	  x9:0x00000000  x0:0x00000000
          60628	     30310	00101898	028de863	bltu	x27,x8,1018c8	 x27:0x00000004  x8:0x00000005
          60634	     30313	001018c8	05c12083	lw	x1,92(x2)	  x2:0x00137fa0  x1=0x00100f58 PA:0x00137ffc store:0x00000000
          60638	     30315	001018cc	05812403	lw	x8,88(x2)	  x2:0x00137fa0  x8=0x00000000 PA:0x00137ff8 store:0x00102000
          60642	     30317	001018d0	05412483	lw	x9,84(x2)	  x2:0x00137fa0  x9=0x00000000 PA:0x00137ff4 store:0x00102000
          60646	     30319	001018d4	05012903	lw	x18,80(x2)	  x2:0x00137fa0 x18=0x00000000 PA:0x00137ff0 store:0x00000054
          60650	     30321	001018d8	04c12983	lw	x19,76(x2)	  x2:0x00137fa0 x19=0x00000000 PA:0x00137fec store:0x00000000
          60654	     30323	001018dc	04812a03	lw	x20,72(x2)	  x2:0x00137fa0 x20=0x00000000 PA:0x00137fe8 store:0x00000000
          60658	     30325	001018e0	04412a83	lw	x21,68(x2)	  x2:0x00137fa0 x21=0x00000000 PA:0x00137fe4 store:0x00000000
          60662	     30327	001018e4	04012b03	lw	x22,64(x2)	  x2:0x00137fa0 x22=0x00000000 PA:0x00137fe0 store:0x00000000
          60666	     30329	001018e8	03c12b83	lw	x23,60(x2)	  x2:0x00137fa0 x23=0x00000000 PA:0x00137fdc store:0x00000000
          60670	     30331	001018ec	03812c03	lw	x24,56(x2)	  x2:0x00137fa0 x24=0x00000000 PA:0x00137fd8 store:0x00102000
          60674	     30333	001018f0	03412c83	lw	x25,52(x2)	  x2:0x00137fa0 x25=0x00000000 PA:0x00137fd4 store:0x00000000
          60678	     30335	001018f4	03012d03	lw	x26,48(x2)	  x2:0x00137fa0 x26=0x00101d4c PA:0x00137fd0 store:0x00000054
          60688	     30340	001018f8	02c12d83	lw	x27,44(x2)	  x2:0x00137fa0 x27=0x00101d48 PA:0x00137fcc store:0x00000000
          60690	     30341	001018fc	01c12407	flw	f8,28(x2)	  f2:0x00137fa0  f8=0x00000000 PA:0x00137fbc store:0x00000000
          60692	     30342	00101900	01812487	flw	f9,24(x2)	  f2:0x00137fa0  f9=0x00000000 PA:0x00137fb8 store:0x00000000
          60694	     30343	00101904	01412907	flw	f18,20(x2)	  f2:0x00137fa0 f18=0x00000000 PA:0x00137fb4 store:0x7f167699
          60696	     30344	00101908	01012987	flw	f19,16(x2)	  f2:0x00137fa0 f19=0x00000000 PA:0x00137fb0 store:0x7f167699
          60698	     30345	0010190c	00c12a07	flw	f20,12(x2)	  f2:0x00137fa0 f20=0x00000000 PA:0x00137fac store:0x00000007
          60700	     30346	00101910	00812a87	flw	f21,8(x2)	  f2:0x00137fa0 f21=0x00000000 PA:0x00137fa8 store:0x00000000
          60702	     30347	00101914	00000513	addi	x10,x0,0	  x0:0x00000000 x10=0x00000000
          60704	     30348	00101918	06010113	addi	x2,x2,96	  x2:0x00137fa0  x2=0x00138000
          60706	     30349	0010191c	00008067	jalr	x0,0(x1)	  x1:0x00100f58  x0=0x00000000
          60708	     30350	00100f58	000202b7	lui	x5,0x20	  x5=0x00020000
          60710	     30351	00100f5c	00828293	addi	x5,x5,8	  x5:0x00020000  x5=0x00020008
          60712	     30352	00100f60	00100313	addi	x6,x0,1	  x0:0x00000000  x6=0x00000001
