Time	Cycle	PC	Insn	Decoded instruction	Register and memory contents
             20	         6	00100080	6290006f	jal	x0,100ea8	  x0=0x00000000
             22	         7	00100ea8	00000093	addi	x1,x0,0	  x0:0x00000000  x1=0x00000000
             24	         8	00100eac	00008113	addi	x2,x1,0	  x1:0x00000000  x2=0x00000000
             26	         9	00100eb0	00008193	addi	x3,x1,0	  x1:0x00000000  x3=0x00000000
             28	        10	00100eb4	00008213	addi	x4,x1,0	  x1:0x00000000  x4=0x00000000
             30	        11	00100eb8	00008293	addi	x5,x1,0	  x1:0x00000000  x5=0x00000000
             32	        12	00100ebc	00008313	addi	x6,x1,0	  x1:0x00000000  x6=0x00000000
             34	        13	00100ec0	00008393	addi	x7,x1,0	  x1:0x00000000  x7=0x00000000
             36	        14	00100ec4	00008413	addi	x8,x1,0	  x1:0x00000000  x8=0x00000000
             38	        15	00100ec8	00008493	addi	x9,x1,0	  x1:0x00000000  x9=0x00000000
             40	        16	00100ecc	00008513	addi	x10,x1,0	  x1:0x00000000 x10=0x00000000
             42	        17	00100ed0	00008593	addi	x11,x1,0	  x1:0x00000000 x11=0x00000000
             44	        18	00100ed4	00008613	addi	x12,x1,0	  x1:0x00000000 x12=0x00000000
             46	        19	00100ed8	00008693	addi	x13,x1,0	  x1:0x00000000 x13=0x00000000
             48	        20	00100edc	00008713	addi	x14,x1,0	  x1:0x00000000 x14=0x00000000
             50	        21	00100ee0	00008793	addi	x15,x1,0	  x1:0x00000000 x15=0x00000000
             52	        22	00100ee4	00008813	addi	x16,x1,0	  x1:0x00000000 x16=0x00000000
             54	        23	00100ee8	00008893	addi	x17,x1,0	  x1:0x00000000 x17=0x00000000
             56	        24	00100eec	00008913	addi	x18,x1,0	  x1:0x00000000 x18=0x00000000
             58	        25	00100ef0	00008993	addi	x19,x1,0	  x1:0x00000000 x19=0x00000000
             60	        26	00100ef4	00008a13	addi	x20,x1,0	  x1:0x00000000 x20=0x00000000
             62	        27	00100ef8	00008a93	addi	x21,x1,0	  x1:0x00000000 x21=0x00000000
             64	        28	00100efc	00008b13	addi	x22,x1,0	  x1:0x00000000 x22=0x00000000
             66	        29	00100f00	00008b93	addi	x23,x1,0	  x1:0x00000000 x23=0x00000000
             68	        30	00100f04	00008c13	addi	x24,x1,0	  x1:0x00000000 x24=0x00000000
             70	        31	00100f08	00008c93	addi	x25,x1,0	  x1:0x00000000 x25=0x00000000
             72	        32	00100f0c	00008d13	addi	x26,x1,0	  x1:0x00000000 x26=0x00000000
             74	        33	00100f10	00008d93	addi	x27,x1,0	  x1:0x00000000 x27=0x00000000
             76	        34	00100f14	00008e13	addi	x28,x1,0	  x1:0x00000000 x28=0x00000000
             78	        35	00100f18	00008e93	addi	x29,x1,0	  x1:0x00000000 x29=0x00000000
             80	        36	00100f1c	00008f13	addi	x30,x1,0	  x1:0x00000000 x30=0x00000000
             82	        37	00100f20	00008f93	addi	x31,x1,0	  x1:0x00000000 x31=0x00000000
             84	        38	00100f24	00037117	auipc	x2,0x37	  x2=0x00137f24
             86	        39	00100f28	0dc10113	addi	x2,x2,220	  x2:0x00137f24  x2=0x00138000
             88	        40	00100f2c	00001d17	auipc	x26,0x1	 x26=0x00101f2c
             90	        41	00100f30	aacd0d13	addi	x26,x26,-1364	 x26:0x00101f2c x26=0x001019d8
             92	        42	00100f34	00001d97	auipc	x27,0x1	 x27=0x00101f34
             94	        43	00100f38	b0cd8d93	addi	x27,x27,-1268	 x27:0x00101f34 x27=0x00101a40
             96	        44	00100f3c	01bd5863	bge	x26,x27,100f4c	 x26:0x001019d8 x27:0x00101a40
            100	        46	00100f40	000d2023	sw	x0,0(x26)	 x26:0x001019d8  x0:0x00000000 PA:0x001019d8 store:0x00000000 load:0x00000000
            102	        47	00100f44	004d0d13	addi	x26,x26,4	 x26:0x001019d8 x26=0x001019dc
            106	        49	00100f48	ffaddce3	bge	x27,x26,100f40	 x27:0x00101a40 x26:0x001019dc
            112	        52	00100f40	000d2023	sw	x0,0(x26)	 x26:0x001019dc  x0:0x00000000 PA:0x001019dc store:0x00000000 load:0x00000000
            114	        53	00100f44	004d0d13	addi	x26,x26,4	 x26:0x001019dc x26=0x001019e0
            118	        55	00100f48	ffaddce3	bge	x27,x26,100f40	 x27:0x00101a40 x26:0x001019e0
            124	        58	00100f40	000d2023	sw	x0,0(x26)	 x26:0x001019e0  x0:0x00000000 PA:0x001019e0 store:0x00000000 load:0x00000000
            126	        59	00100f44	004d0d13	addi	x26,x26,4	 x26:0x001019e0 x26=0x001019e4
            130	        61	00100f48	ffaddce3	bge	x27,x26,100f40	 x27:0x00101a40 x26:0x001019e4
            136	        64	00100f40	000d2023	sw	x0,0(x26)	 x26:0x001019e4  x0:0x00000000 PA:0x001019e4 store:0x00000000 load:0x00000000
            138	        65	00100f44	004d0d13	addi	x26,x26,4	 x26:0x001019e4 x26=0x001019e8
            142	        67	00100f48	ffaddce3	bge	x27,x26,100f40	 x27:0x00101a40 x26:0x001019e8
            148	        70	00100f40	000d2023	sw	x0,0(x26)	 x26:0x001019e8  x0:0x00000000 PA:0x001019e8 store:0x00000000 load:0x00000000
            150	        71	00100f44	004d0d13	addi	x26,x26,4	 x26:0x001019e8 x26=0x001019ec
            154	        73	00100f48	ffaddce3	bge	x27,x26,100f40	 x27:0x00101a40 x26:0x001019ec
            160	        76	00100f40	000d2023	sw	x0,0(x26)	 x26:0x001019ec  x0:0x00000000 PA:0x001019ec store:0x00000000 load:0x00000000
            162	        77	00100f44	004d0d13	addi	x26,x26,4	 x26:0x001019ec x26=0x001019f0
            166	        79	00100f48	ffaddce3	bge	x27,x26,100f40	 x27:0x00101a40 x26:0x001019f0
            172	        82	00100f40	000d2023	sw	x0,0(x26)	 x26:0x001019f0  x0:0x00000000 PA:0x001019f0 store:0x00000000 load:0x00000000
            174	        83	00100f44	004d0d13	addi	x26,x26,4	 x26:0x001019f0 x26=0x001019f4
            178	        85	00100f48	ffaddce3	bge	x27,x26,100f40	 x27:0x00101a40 x26:0x001019f4
            184	        88	00100f40	000d2023	sw	x0,0(x26)	 x26:0x001019f4  x0:0x00000000 PA:0x001019f4 store:0x00000000 load:0x00000000
            186	        89	00100f44	004d0d13	addi	x26,x26,4	 x26:0x001019f4 x26=0x001019f8
            190	        91	00100f48	ffaddce3	bge	x27,x26,100f40	 x27:0x00101a40 x26:0x001019f8
            196	        94	00100f40	000d2023	sw	x0,0(x26)	 x26:0x001019f8  x0:0x00000000 PA:0x001019f8 store:0x00000000 load:0x00000000
            198	        95	00100f44	004d0d13	addi	x26,x26,4	 x26:0x001019f8 x26=0x001019fc
            202	        97	00100f48	ffaddce3	bge	x27,x26,100f40	 x27:0x00101a40 x26:0x001019fc
            208	       100	00100f40	000d2023	sw	x0,0(x26)	 x26:0x001019fc  x0:0x00000000 PA:0x001019fc store:0x00000000 load:0x00000000
            210	       101	00100f44	004d0d13	addi	x26,x26,4	 x26:0x001019fc x26=0x00101a00
            214	       103	00100f48	ffaddce3	bge	x27,x26,100f40	 x27:0x00101a40 x26:0x00101a00
            220	       106	00100f40	000d2023	sw	x0,0(x26)	 x26:0x00101a00  x0:0x00000000 PA:0x00101a00 store:0x00000000 load:0x00000000
            222	       107	00100f44	004d0d13	addi	x26,x26,4	 x26:0x00101a00 x26=0x00101a04
            226	       109	00100f48	ffaddce3	bge	x27,x26,100f40	 x27:0x00101a40 x26:0x00101a04
            232	       112	00100f40	000d2023	sw	x0,0(x26)	 x26:0x00101a04  x0:0x00000000 PA:0x00101a04 store:0x00000000 load:0x00000000
            234	       113	00100f44	004d0d13	addi	x26,x26,4	 x26:0x00101a04 x26=0x00101a08
            238	       115	00100f48	ffaddce3	bge	x27,x26,100f40	 x27:0x00101a40 x26:0x00101a08
            244	       118	00100f40	000d2023	sw	x0,0(x26)	 x26:0x00101a08  x0:0x00000000 PA:0x00101a08 store:0x00000000 load:0x00000000
            246	       119	00100f44	004d0d13	addi	x26,x26,4	 x26:0x00101a08 x26=0x00101a0c
            250	       121	00100f48	ffaddce3	bge	x27,x26,100f40	 x27:0x00101a40 x26:0x00101a0c
            256	       124	00100f40	000d2023	sw	x0,0(x26)	 x26:0x00101a0c  x0:0x00000000 PA:0x00101a0c store:0x00000000 load:0x00000000
            258	       125	00100f44	004d0d13	addi	x26,x26,4	 x26:0x00101a0c x26=0x00101a10
            262	       127	00100f48	ffaddce3	bge	x27,x26,100f40	 x27:0x00101a40 x26:0x00101a10
            268	       130	00100f40	000d2023	sw	x0,0(x26)	 x26:0x00101a10  x0:0x00000000 PA:0x00101a10 store:0x00000000 load:0x00000000
            270	       131	00100f44	004d0d13	addi	x26,x26,4	 x26:0x00101a10 x26=0x00101a14
            274	       133	00100f48	ffaddce3	bge	x27,x26,100f40	 x27:0x00101a40 x26:0x00101a14
            280	       136	00100f40	000d2023	sw	x0,0(x26)	 x26:0x00101a14  x0:0x00000000 PA:0x00101a14 store:0x00000000 load:0x00000000
            282	       137	00100f44	004d0d13	addi	x26,x26,4	 x26:0x00101a14 x26=0x00101a18
            286	       139	00100f48	ffaddce3	bge	x27,x26,100f40	 x27:0x00101a40 x26:0x00101a18
            292	       142	00100f40	000d2023	sw	x0,0(x26)	 x26:0x00101a18  x0:0x00000000 PA:0x00101a18 store:0x00000000 load:0x00000000
            294	       143	00100f44	004d0d13	addi	x26,x26,4	 x26:0x00101a18 x26=0x00101a1c
            298	       145	00100f48	ffaddce3	bge	x27,x26,100f40	 x27:0x00101a40 x26:0x00101a1c
            304	       148	00100f40	000d2023	sw	x0,0(x26)	 x26:0x00101a1c  x0:0x00000000 PA:0x00101a1c store:0x00000000 load:0x00000000
            306	       149	00100f44	004d0d13	addi	x26,x26,4	 x26:0x00101a1c x26=0x00101a20
            310	       151	00100f48	ffaddce3	bge	x27,x26,100f40	 x27:0x00101a40 x26:0x00101a20
            316	       154	00100f40	000d2023	sw	x0,0(x26)	 x26:0x00101a20  x0:0x00000000 PA:0x00101a20 store:0x00000000 load:0x00000000
            318	       155	00100f44	004d0d13	addi	x26,x26,4	 x26:0x00101a20 x26=0x00101a24
            322	       157	00100f48	ffaddce3	bge	x27,x26,100f40	 x27:0x00101a40 x26:0x00101a24
            328	       160	00100f40	000d2023	sw	x0,0(x26)	 x26:0x00101a24  x0:0x00000000 PA:0x00101a24 store:0x00000000 load:0x00000000
            330	       161	00100f44	004d0d13	addi	x26,x26,4	 x26:0x00101a24 x26=0x00101a28
            334	       163	00100f48	ffaddce3	bge	x27,x26,100f40	 x27:0x00101a40 x26:0x00101a28
            340	       166	00100f40	000d2023	sw	x0,0(x26)	 x26:0x00101a28  x0:0x00000000 PA:0x00101a28 store:0x00000000 load:0x00000000
            342	       167	00100f44	004d0d13	addi	x26,x26,4	 x26:0x00101a28 x26=0x00101a2c
            346	       169	00100f48	ffaddce3	bge	x27,x26,100f40	 x27:0x00101a40 x26:0x00101a2c
            352	       172	00100f40	000d2023	sw	x0,0(x26)	 x26:0x00101a2c  x0:0x00000000 PA:0x00101a2c store:0x00000000 load:0x00000000
            354	       173	00100f44	004d0d13	addi	x26,x26,4	 x26:0x00101a2c x26=0x00101a30
            358	       175	00100f48	ffaddce3	bge	x27,x26,100f40	 x27:0x00101a40 x26:0x00101a30
            364	       178	00100f40	000d2023	sw	x0,0(x26)	 x26:0x00101a30  x0:0x00000000 PA:0x00101a30 store:0x00000000 load:0x00000000
            366	       179	00100f44	004d0d13	addi	x26,x26,4	 x26:0x00101a30 x26=0x00101a34
            370	       181	00100f48	ffaddce3	bge	x27,x26,100f40	 x27:0x00101a40 x26:0x00101a34
            376	       184	00100f40	000d2023	sw	x0,0(x26)	 x26:0x00101a34  x0:0x00000000 PA:0x00101a34 store:0x00000000 load:0x00000000
            378	       185	00100f44	004d0d13	addi	x26,x26,4	 x26:0x00101a34 x26=0x00101a38
            382	       187	00100f48	ffaddce3	bge	x27,x26,100f40	 x27:0x00101a40 x26:0x00101a38
            388	       190	00100f40	000d2023	sw	x0,0(x26)	 x26:0x00101a38  x0:0x00000000 PA:0x00101a38 store:0x00000000 load:0x00000000
            390	       191	00100f44	004d0d13	addi	x26,x26,4	 x26:0x00101a38 x26=0x00101a3c
            394	       193	00100f48	ffaddce3	bge	x27,x26,100f40	 x27:0x00101a40 x26:0x00101a3c
            400	       196	00100f40	000d2023	sw	x0,0(x26)	 x26:0x00101a3c  x0:0x00000000 PA:0x00101a3c store:0x00000000 load:0x00000000
            402	       197	00100f44	004d0d13	addi	x26,x26,4	 x26:0x00101a3c x26=0x00101a40
            406	       199	00100f48	ffaddce3	bge	x27,x26,100f40	 x27:0x00101a40 x26:0x00101a40
            412	       202	00100f40	000d2023	sw	x0,0(x26)	 x26:0x00101a40  x0:0x00000000 PA:0x00101a40 store:0x00000000 load:0x00000000
            414	       203	00100f44	004d0d13	addi	x26,x26,4	 x26:0x00101a40 x26=0x00101a44
            416	       204	00100f48	ffaddce3	bge	x27,x26,100f40	 x27:0x00101a40 x26:0x00101a44
            418	       205	00100f4c	00000513	addi	x10,x0,0	  x0:0x00000000 x10=0x00000000
            420	       206	00100f50	00000593	addi	x11,x0,0	  x0:0x00000000 x11=0x00000000
            424	       208	00100f54	01c000ef	jal	x1,100f70	  x1=0x00100f58
            426	       209	00100f70	fc010113	addi	x2,x2,-64	  x2:0x00138000  x2=0x00137fc0
            428	       210	00100f74	00000513	addi	x10,x0,0	  x0:0x00000000 x10=0x00000000
            432	       212	00100f78	02112e23	sw	x1,60(x2)	  x2:0x00137fc0  x1:0x00100f58 PA:0x00137ffc store:0x00100f58 load:0x00000000
            436	       214	00100f7c	02812c23	sw	x8,56(x2)	  x2:0x00137fc0  x8:0x00000000 PA:0x00137ff8 store:0x00000000 load:0x00000000
            440	       216	00100f80	02912a23	sw	x9,52(x2)	  x2:0x00137fc0  x9:0x00000000 PA:0x00137ff4 store:0x00000000 load:0x00000000
            444	       218	00100f84	03212823	sw	x18,48(x2)	  x2:0x00137fc0 x18:0x00000000 PA:0x00137ff0 store:0x00000000 load:0x00000000
            448	       220	00100f88	03312623	sw	x19,44(x2)	  x2:0x00137fc0 x19:0x00000000 PA:0x00137fec store:0x00000000 load:0x00000000
            452	       222	00100f8c	03412423	sw	x20,40(x2)	  x2:0x00137fc0 x20:0x00000000 PA:0x00137fe8 store:0x00000000 load:0x00000000
            456	       224	00100f90	03512223	sw	x21,36(x2)	  x2:0x00137fc0 x21:0x00000000 PA:0x00137fe4 store:0x00000000 load:0x00000000
            460	       226	00100f94	03612023	sw	x22,32(x2)	  x2:0x00137fc0 x22:0x00000000 PA:0x00137fe0 store:0x00000000 load:0x00000000
            464	       228	00100f98	01712e23	sw	x23,28(x2)	  x2:0x00137fc0 x23:0x00000000 PA:0x00137fdc store:0x00000000 load:0x00000000
            468	       230	00100f9c	01812c23	sw	x24,24(x2)	  x2:0x00137fc0 x24:0x00000000 PA:0x00137fd8 store:0x00000000 load:0x00000000
            472	       232	00100fa0	01912a23	sw	x25,20(x2)	  x2:0x00137fc0 x25:0x00000000 PA:0x00137fd4 store:0x00000000 load:0x00000000
            476	       234	00100fa4	01a12823	sw	x26,16(x2)	  x2:0x00137fc0 x26:0x00101a44 PA:0x00137fd0 store:0x00101a44 load:0x00000000
            480	       236	00100fa8	01b12623	sw	x27,12(x2)	  x2:0x00137fc0 x27:0x00101a40 PA:0x00137fcc store:0x00101a40 load:0x00000000
            484	       238	00100fac	cb4ff0ef	jal	x1,100460	  x1=0x00100fb0
            486	       239	00100460	00153513	sltiu	x10,x10,1	 x10:0x00000000 x10=0x00000001
            488	       240	00100464	40a002b3	sub	x5,x0,x10	  x0:0x00000000 x10:0x00000001  x5=0xffffffff
            490	       241	00100468	32029073	csrrw	x0,mcountinhibit,x5	  x5:0xffffffff  x0=0x00000000
            494	       243	0010046c	00008067	jalr	x0,0(x1)	  x1:0x00100fb0  x0=0x00000000
            498	       245	00100fb0	bb0ff0ef	jal	x1,100360	  x1=0x00100fb4
            500	       246	00100360	b0201073	csrrw	x0,minstret,x0	  x0:0x00000000  x0=0x00000000
            502	       247	00100364	b0001073	csrrw	x0,mcycle,x0	  x0:0x00000000  x0=0x00000000
            504	       248	00100368	b0301073	csrrw	x0,mhpmcounter3,x0	  x0:0x00000000  x0=0x00000000
            506	       249	0010036c	b0401073	csrrw	x0,mhpmcounter4,x0	  x0:0x00000000  x0=0x00000000
            508	       250	00100370	b0501073	csrrw	x0,mhpmcounter5,x0	  x0:0x00000000  x0=0x00000000
            510	       251	00100374	b0601073	csrrw	x0,mhpmcounter6,x0	  x0:0x00000000  x0=0x00000000
            512	       252	00100378	b0701073	csrrw	x0,mhpmcounter7,x0	  x0:0x00000000  x0=0x00000000
            514	       253	0010037c	b0801073	csrrw	x0,mhpmcounter8,x0	  x0:0x00000000  x0=0x00000000
            516	       254	00100380	b0901073	csrrw	x0,mhpmcounter9,x0	  x0:0x00000000  x0=0x00000000
            518	       255	00100384	b0a01073	csrrw	x0,mhpmcounter10,x0	  x0:0x00000000  x0=0x00000000
            520	       256	00100388	b0b01073	csrrw	x0,mhpmcounter11,x0	  x0:0x00000000  x0=0x00000000
            522	       257	0010038c	b0c01073	csrrw	x0,mhpmcounter12,x0	  x0:0x00000000  x0=0x00000000
            524	       258	00100390	b0d01073	csrrw	x0,mhpmcounter13,x0	  x0:0x00000000  x0=0x00000000
            526	       259	00100394	b0e01073	csrrw	x0,mhpmcounter14,x0	  x0:0x00000000  x0=0x00000000
            528	       260	00100398	b0f01073	csrrw	x0,mhpmcounter15,x0	  x0:0x00000000  x0=0x00000000
            530	       261	0010039c	b1001073	csrrw	x0,mhpmcounter16,x0	  x0:0x00000000  x0=0x00000000
            532	       262	001003a0	b1101073	csrrw	x0,mhpmcounter17,x0	  x0:0x00000000  x0=0x00000000
            534	       263	001003a4	b1201073	csrrw	x0,mhpmcounter18,x0	  x0:0x00000000  x0=0x00000000
            536	       264	001003a8	b1301073	csrrw	x0,mhpmcounter19,x0	  x0:0x00000000  x0=0x00000000
            538	       265	001003ac	b1401073	csrrw	x0,mhpmcounter20,x0	  x0:0x00000000  x0=0x00000000
            540	       266	001003b0	b1501073	csrrw	x0,mhpmcounter21,x0	  x0:0x00000000  x0=0x00000000
            542	       267	001003b4	b1601073	csrrw	x0,mhpmcounter22,x0	  x0:0x00000000  x0=0x00000000
            544	       268	001003b8	b1701073	csrrw	x0,mhpmcounter23,x0	  x0:0x00000000  x0=0x00000000
            546	       269	001003bc	b1801073	csrrw	x0,mhpmcounter24,x0	  x0:0x00000000  x0=0x00000000
            548	       270	001003c0	b1901073	csrrw	x0,mhpmcounter25,x0	  x0:0x00000000  x0=0x00000000
            550	       271	001003c4	b1a01073	csrrw	x0,mhpmcounter26,x0	  x0:0x00000000  x0=0x00000000
            552	       272	001003c8	b1b01073	csrrw	x0,mhpmcounter27,x0	  x0:0x00000000  x0=0x00000000
            554	       273	001003cc	b1c01073	csrrw	x0,mhpmcounter28,x0	  x0:0x00000000  x0=0x00000000
            556	       274	001003d0	b1d01073	csrrw	x0,mhpmcounter29,x0	  x0:0x00000000  x0=0x00000000
            558	       275	001003d4	b1e01073	csrrw	x0,mhpmcounter30,x0	  x0:0x00000000  x0=0x00000000
            560	       276	001003d8	b1f01073	csrrw	x0,mhpmcounter31,x0	  x0:0x00000000  x0=0x00000000
            562	       277	001003dc	b8201073	csrrw	x0,minstreth,x0	  x0:0x00000000  x0=0x00000000
            564	       278	001003e0	b8001073	csrrw	x0,mcycleh,x0	  x0:0x00000000  x0=0x00000000
            566	       279	001003e4	b8301073	csrrw	x0,mhpmcounter3h,x0	  x0:0x00000000  x0=0x00000000
            568	       280	001003e8	b8401073	csrrw	x0,mhpmcounter4h,x0	  x0:0x00000000  x0=0x00000000
            570	       281	001003ec	b8501073	csrrw	x0,mhpmcounter5h,x0	  x0:0x00000000  x0=0x00000000
            572	       282	001003f0	b8601073	csrrw	x0,mhpmcounter6h,x0	  x0:0x00000000  x0=0x00000000
            574	       283	001003f4	b8701073	csrrw	x0,mhpmcounter7h,x0	  x0:0x00000000  x0=0x00000000
            576	       284	001003f8	b8801073	csrrw	x0,mhpmcounter8h,x0	  x0:0x00000000  x0=0x00000000
            578	       285	001003fc	b8901073	csrrw	x0,mhpmcounter9h,x0	  x0:0x00000000  x0=0x00000000
            580	       286	00100400	b8a01073	csrrw	x0,mhpmcounter10h,x0	  x0:0x00000000  x0=0x00000000
            582	       287	00100404	b8b01073	csrrw	x0,mhpmcounter11h,x0	  x0:0x00000000  x0=0x00000000
            584	       288	00100408	b8c01073	csrrw	x0,mhpmcounter12h,x0	  x0:0x00000000  x0=0x00000000
            586	       289	0010040c	b8d01073	csrrw	x0,mhpmcounter13h,x0	  x0:0x00000000  x0=0x00000000
            588	       290	00100410	b8e01073	csrrw	x0,mhpmcounter14h,x0	  x0:0x00000000  x0=0x00000000
            590	       291	00100414	b8f01073	csrrw	x0,mhpmcounter15h,x0	  x0:0x00000000  x0=0x00000000
            592	       292	00100418	b9001073	csrrw	x0,mhpmcounter16h,x0	  x0:0x00000000  x0=0x00000000
            594	       293	0010041c	b9101073	csrrw	x0,mhpmcounter17h,x0	  x0:0x00000000  x0=0x00000000
            596	       294	00100420	b9201073	csrrw	x0,mhpmcounter18h,x0	  x0:0x00000000  x0=0x00000000
            598	       295	00100424	b9301073	csrrw	x0,mhpmcounter19h,x0	  x0:0x00000000  x0=0x00000000
            600	       296	00100428	b9401073	csrrw	x0,mhpmcounter20h,x0	  x0:0x00000000  x0=0x00000000
            602	       297	0010042c	b9501073	csrrw	x0,mhpmcounter21h,x0	  x0:0x00000000  x0=0x00000000
            604	       298	00100430	b9601073	csrrw	x0,mhpmcounter22h,x0	  x0:0x00000000  x0=0x00000000
            606	       299	00100434	b9701073	csrrw	x0,mhpmcounter23h,x0	  x0:0x00000000  x0=0x00000000
            608	       300	00100438	b9801073	csrrw	x0,mhpmcounter24h,x0	  x0:0x00000000  x0=0x00000000
            610	       301	0010043c	b9901073	csrrw	x0,mhpmcounter25h,x0	  x0:0x00000000  x0=0x00000000
            612	       302	00100440	b9a01073	csrrw	x0,mhpmcounter26h,x0	  x0:0x00000000  x0=0x00000000
            614	       303	00100444	b9b01073	csrrw	x0,mhpmcounter27h,x0	  x0:0x00000000  x0=0x00000000
            616	       304	00100448	b9c01073	csrrw	x0,mhpmcounter28h,x0	  x0:0x00000000  x0=0x00000000
            618	       305	0010044c	b9d01073	csrrw	x0,mhpmcounter29h,x0	  x0:0x00000000  x0=0x00000000
            620	       306	00100450	b9e01073	csrrw	x0,mhpmcounter30h,x0	  x0:0x00000000  x0=0x00000000
            622	       307	00100454	b9f01073	csrrw	x0,mhpmcounter31h,x0	  x0:0x00000000  x0=0x00000000
            626	       309	00100458	00008067	jalr	x0,0(x1)	  x1:0x00100fb4  x0=0x00000000
            628	       310	00100fb4	00100513	addi	x10,x0,1	  x0:0x00000000 x10=0x00000001
            632	       312	00100fb8	ca8ff0ef	jal	x1,100460	  x1=0x00100fbc
            634	       313	00100460	00153513	sltiu	x10,x10,1	 x10:0x00000001 x10=0x00000000
            636	       314	00100464	40a002b3	sub	x5,x0,x10	  x0:0x00000000 x10:0x00000000  x5=0x00000000
            638	       315	00100468	32029073	csrrw	x0,mcountinhibit,x5	  x5:0x00000000  x0=0x00000000
            642	       317	0010046c	00008067	jalr	x0,0(x1)	  x1:0x00100fbc  x0=0x00000000
            644	       318	00100fbc	00101537	lui	x10,0x101	 x10=0x00101000
            646	       319	00100fc0	6f050513	addi	x10,x10,1776	 x10:0x00101000 x10=0x001016f0
            650	       321	00100fc4	8dcff0ef	jal	x1,1000a0	  x1=0x00100fc8
            654	       323	001000a0	00054803	lbu	x16,0(x10)	 x10:0x001016f0 x16=0x00000048 PA:0x001016f0 store:0x00000000
            656	       324	001000a4	06080663	beq	x16,x0,100110	 x16:0x00000048  x0:0x00000000
            658	       325	001000a8	000207b7	lui	x15,0x20	 x15=0x00020000
            662	       327	001000ac	0107a023	sw	x16,0(x15)	 x15:0x00020000 x16:0x00000048 PA:0x00020000 store:0x00000048 load:0x00000000
            666	       329	001000b0	00154703	lbu	x14,1(x10)	 x10:0x001016f0 x14=0x00000065 PA:0x001016f1 store:0x00100fc8
            668	       330	001000b4	04070e63	beq	x14,x0,100110	 x14:0x00000065  x0:0x00000000
            672	       332	001000b8	00e7a023	sw	x14,0(x15)	 x15:0x00020000 x14:0x00000065 PA:0x00020000 store:0x00000065 load:0x00000000
            676	       334	001000bc	00254283	lbu	x5,2(x10)	 x10:0x001016f0  x5=0x0000006c PA:0x001016f2 store:0x00137fc0
            678	       335	001000c0	04028863	beq	x5,x0,100110	  x5:0x0000006c  x0:0x00000000
            682	       337	001000c4	0057a023	sw	x5,0(x15)	 x15:0x00020000  x5:0x0000006c PA:0x00020000 store:0x0000006c load:0x00000000
            686	       339	001000c8	00354303	lbu	x6,3(x10)	 x10:0x001016f0  x6=0x0000006c PA:0x001016f3 store:0x00000000
            688	       340	001000cc	04030263	beq	x6,x0,100110	  x6:0x0000006c  x0:0x00000000
            692	       342	001000d0	0067a023	sw	x6,0(x15)	 x15:0x00020000  x6:0x0000006c PA:0x00020000 store:0x0000006c load:0x00000000
            696	       344	001000d4	00454383	lbu	x7,4(x10)	 x10:0x001016f0  x7=0x0000006f PA:0x001016f4 store:0x00000000
            698	       345	001000d8	02038c63	beq	x7,x0,100110	  x7:0x0000006f  x0:0x00000000
            702	       347	001000dc	0077a023	sw	x7,0(x15)	 x15:0x00020000  x7:0x0000006f PA:0x00020000 store:0x0000006f load:0x00000000
            706	       349	001000e0	00554583	lbu	x11,5(x10)	 x10:0x001016f0 x11=0x00000020 PA:0x001016f5 store:0x0000006c
            708	       350	001000e4	02058663	beq	x11,x0,100110	 x11:0x00000020  x0:0x00000000
            712	       352	001000e8	00b7a023	sw	x11,0(x15)	 x15:0x00020000 x11:0x00000020 PA:0x00020000 store:0x00000020 load:0x00000000
            716	       354	001000ec	00654603	lbu	x12,6(x10)	 x10:0x001016f0 x12=0x00000073 PA:0x001016f6 store:0x0000006c
            718	       355	001000f0	02060063	beq	x12,x0,100110	 x12:0x00000073  x0:0x00000000
            722	       357	001000f4	00c7a023	sw	x12,0(x15)	 x15:0x00020000 x12:0x00000073 PA:0x00020000 store:0x00000073 load:0x00000000
            726	       359	001000f8	00754683	lbu	x13,7(x10)	 x10:0x001016f0 x13=0x00000069 PA:0x001016f7 store:0x0000006f
            728	       360	001000fc	00850513	addi	x10,x10,8	 x10:0x001016f0 x10=0x001016f8
            730	       361	00100100	00068863	beq	x13,x0,100110	 x13:0x00000069  x0:0x00000000
            734	       363	00100104	00d7a023	sw	x13,0(x15)	 x15:0x00020000 x13:0x00000069 PA:0x00020000 store:0x00000069 load:0x00000000
            738	       365	00100108	00054803	lbu	x16,0(x10)	 x10:0x001016f8 x16=0x0000006d PA:0x001016f8 store:0x00000000
            742	       367	0010010c	fa0810e3	bne	x16,x0,1000ac	 x16:0x0000006d  x0:0x00000000
            748	       370	001000ac	0107a023	sw	x16,0(x15)	 x15:0x00020000 x16:0x0000006d PA:0x00020000 store:0x0000006d load:0x00000000
            752	       372	001000b0	00154703	lbu	x14,1(x10)	 x10:0x001016f8 x14=0x00000070 PA:0x001016f9 store:0x00100fc8
            754	       373	001000b4	04070e63	beq	x14,x0,100110	 x14:0x00000070  x0:0x00000000
            758	       375	001000b8	00e7a023	sw	x14,0(x15)	 x15:0x00020000 x14:0x00000070 PA:0x00020000 store:0x00000070 load:0x00000000
            762	       377	001000bc	00254283	lbu	x5,2(x10)	 x10:0x001016f8  x5=0x0000006c PA:0x001016fa store:0x00137fc0
            764	       378	001000c0	04028863	beq	x5,x0,100110	  x5:0x0000006c  x0:0x00000000
            768	       380	001000c4	0057a023	sw	x5,0(x15)	 x15:0x00020000  x5:0x0000006c PA:0x00020000 store:0x0000006c load:0x00000000
            772	       382	001000c8	00354303	lbu	x6,3(x10)	 x10:0x001016f8  x6=0x00000065 PA:0x001016fb store:0x00000000
            774	       383	001000cc	04030263	beq	x6,x0,100110	  x6:0x00000065  x0:0x00000000
            778	       385	001000d0	0067a023	sw	x6,0(x15)	 x15:0x00020000  x6:0x00000065 PA:0x00020000 store:0x00000065 load:0x00000000
            782	       387	001000d4	00454383	lbu	x7,4(x10)	 x10:0x001016f8  x7=0x00000020 PA:0x001016fc store:0x00000000
            784	       388	001000d8	02038c63	beq	x7,x0,100110	  x7:0x00000020  x0:0x00000000
            788	       390	001000dc	0077a023	sw	x7,0(x15)	 x15:0x00020000  x7:0x00000020 PA:0x00020000 store:0x00000020 load:0x00000000
            792	       392	001000e0	00554583	lbu	x11,5(x10)	 x10:0x001016f8 x11=0x00000073 PA:0x001016fd store:0x0000006c
            794	       393	001000e4	02058663	beq	x11,x0,100110	 x11:0x00000073  x0:0x00000000
            798	       395	001000e8	00b7a023	sw	x11,0(x15)	 x15:0x00020000 x11:0x00000073 PA:0x00020000 store:0x00000073 load:0x00000000
            802	       397	001000ec	00654603	lbu	x12,6(x10)	 x10:0x001016f8 x12=0x00000079 PA:0x001016fe store:0x00000065
            804	       398	001000f0	02060063	beq	x12,x0,100110	 x12:0x00000079  x0:0x00000000
            808	       400	001000f4	00c7a023	sw	x12,0(x15)	 x15:0x00020000 x12:0x00000079 PA:0x00020000 store:0x00000079 load:0x00000000
            812	       402	001000f8	00754683	lbu	x13,7(x10)	 x10:0x001016f8 x13=0x00000073 PA:0x001016ff store:0x00000020
            814	       403	001000fc	00850513	addi	x10,x10,8	 x10:0x001016f8 x10=0x00101700
            816	       404	00100100	00068863	beq	x13,x0,100110	 x13:0x00000073  x0:0x00000000
            820	       406	00100104	00d7a023	sw	x13,0(x15)	 x15:0x00020000 x13:0x00000073 PA:0x00020000 store:0x00000073 load:0x00000000
            824	       408	00100108	00054803	lbu	x16,0(x10)	 x10:0x00101700 x16=0x00000074 PA:0x00101700 store:0x00000000
            828	       410	0010010c	fa0810e3	bne	x16,x0,1000ac	 x16:0x00000074  x0:0x00000000
            834	       413	001000ac	0107a023	sw	x16,0(x15)	 x15:0x00020000 x16:0x00000074 PA:0x00020000 store:0x00000074 load:0x00000000
            838	       415	001000b0	00154703	lbu	x14,1(x10)	 x10:0x00101700 x14=0x00000065 PA:0x00101701 store:0x00100fc8
            840	       416	001000b4	04070e63	beq	x14,x0,100110	 x14:0x00000065  x0:0x00000000
            844	       418	001000b8	00e7a023	sw	x14,0(x15)	 x15:0x00020000 x14:0x00000065 PA:0x00020000 store:0x00000065 load:0x00000000
            848	       420	001000bc	00254283	lbu	x5,2(x10)	 x10:0x00101700  x5=0x0000006d PA:0x00101702 store:0x00137fc0
            850	       421	001000c0	04028863	beq	x5,x0,100110	  x5:0x0000006d  x0:0x00000000
            854	       423	001000c4	0057a023	sw	x5,0(x15)	 x15:0x00020000  x5:0x0000006d PA:0x00020000 store:0x0000006d load:0x00000000
            858	       425	001000c8	00354303	lbu	x6,3(x10)	 x10:0x00101700  x6=0x0000000a PA:0x00101703 store:0x00000000
            860	       426	001000cc	04030263	beq	x6,x0,100110	  x6:0x0000000a  x0:0x00000000
            864	       428	001000d0	0067a023	sw	x6,0(x15)	 x15:0x00020000  x6:0x0000000a PA:0x00020000 store:0x0000000a load:0x00000000
            868	       430	001000d4	00454383	lbu	x7,4(x10)	 x10:0x00101700  x7=0x0000000a PA:0x00101704 store:0x00000000
            870	       431	001000d8	02038c63	beq	x7,x0,100110	  x7:0x0000000a  x0:0x00000000
            874	       433	001000dc	0077a023	sw	x7,0(x15)	 x15:0x00020000  x7:0x0000000a PA:0x00020000 store:0x0000000a load:0x00000000
            878	       435	001000e0	00554583	lbu	x11,5(x10)	 x10:0x00101700 x11=0x00000000 PA:0x00101705 store:0x0000006d
            882	       437	001000e4	02058663	beq	x11,x0,100110	 x11:0x00000000  x0:0x00000000
            886	       439	00100110	00000513	addi	x10,x0,0	  x0:0x00000000 x10=0x00000000
            890	       441	00100114	00008067	jalr	x0,0(x1)	  x1:0x00100fc8  x0=0x00000000
            892	       442	00100fc8	001016b7	lui	x13,0x101	 x13=0x00101000
            896	       444	00100fcc	6746a283	lw	x5,1652(x13)	 x13:0x00101000  x5=0x42f67c6a PA:0x00101674 store:0x00000000
            898	       445	00100fd0	00101737	lui	x14,0x101	 x14=0x00101000
            902	       447	00100fd4	67872303	lw	x6,1656(x14)	 x14:0x00101000  x6=0x43edefdf PA:0x00101678 store:0x00000000
            904	       448	00100fd8	001017b7	lui	x15,0x101	 x15=0x00101000
            908	       450	00100fdc	67c7a383	lw	x7,1660(x15)	 x15:0x00101000  x7=0x3f7d1f60 PA:0x0010167c store:0x00000000
            910	       451	00100fe0	00102a37	lui	x20,0x102	 x20=0x00102000
            914	       453	00100fe4	a05a2e23	sw	x5,-1508(x20)	 x20:0x00102000  x5:0x42f67c6a PA:0x00101a1c store:0x42f67c6a load:0x3f7d1f60
            916	       454	00100fe8	001029b7	lui	x19,0x102	 x19=0x00102000
            920	       456	00100fec	a069ac23	sw	x6,-1512(x19)	 x19:0x00102000  x6:0x43edefdf PA:0x00101a18 store:0x43edefdf load:0x3f7d1f60
            922	       457	00100ff0	00102437	lui	x8,0x102	  x8=0x00102000
            926	       459	00100ff4	a0742823	sw	x7,-1520(x8)	  x8:0x00102000  x7:0x3f7d1f60 PA:0x00101a10 store:0x3f7d1f60 load:0x3f7d1f60
            930	       461	00100ff8	a1ca2583	lw	x11,-1508(x20)	 x20:0x00102000 x11=0x42f67c6a PA:0x00101a1c store:0x00000000
            934	       463	00100ffc	a189a603	lw	x12,-1512(x19)	 x19:0x00102000 x12=0x43edefdf PA:0x00101a18 store:0x00000000
            936	       464	00101000	001018b7	lui	x17,0x101	 x17=0x00101000
            944	       468	00101004	001024b7	lui	x9,0x102	  x9=0x00102000
            946	       469	00101008	00c5f853	fadd.s	f16,f11,f12	 f11:0x42f67c6a f12:0x43edefdf f16=0x4415c77d
            948	       470	0010100c	70888513	addi	x10,x17,1800	 x17:0x00101000 x10=0x00101708
            950	       471	00101010	00102937	lui	x18,0x102	 x18=0x00102000
            952	       472	00101014	00000c93	addi	x25,x0,0	  x0:0x00000000 x25=0x00000000
            954	       473	00101018	a104aa23	sw	x16,-1516(x9)	  x9:0x00102000 x16:0x4415c77d PA:0x00101a14 store:0x4415c77d load:0x43edefdf
            956	       474	0010101c	884ff0ef	jal	x1,1000a0	  x1=0x00101020
            960	       476	001000a0	00054803	lbu	x16,0(x10)	 x10:0x00101708 x16=0x00000041 PA:0x00101708 store:0x00000000
            962	       477	001000a4	06080663	beq	x16,x0,100110	 x16:0x00000041  x0:0x00000000
            964	       478	001000a8	000207b7	lui	x15,0x20	 x15=0x00020000
            968	       480	001000ac	0107a023	sw	x16,0(x15)	 x15:0x00020000 x16:0x00000041 PA:0x00020000 store:0x00000041 load:0x00000000
            972	       482	001000b0	00154703	lbu	x14,1(x10)	 x10:0x00101708 x14=0x00000064 PA:0x00101709 store:0x00101020
            974	       483	001000b4	04070e63	beq	x14,x0,100110	 x14:0x00000064  x0:0x00000000
            978	       485	001000b8	00e7a023	sw	x14,0(x15)	 x15:0x00020000 x14:0x00000064 PA:0x00020000 store:0x00000064 load:0x00000000
            982	       487	001000bc	00254283	lbu	x5,2(x10)	 x10:0x00101708  x5=0x00000064 PA:0x0010170a store:0x00137fc0
            984	       488	001000c0	04028863	beq	x5,x0,100110	  x5:0x00000064  x0:0x00000000
            988	       490	001000c4	0057a023	sw	x5,0(x15)	 x15:0x00020000  x5:0x00000064 PA:0x00020000 store:0x00000064 load:0x00000000
            992	       492	001000c8	00354303	lbu	x6,3(x10)	 x10:0x00101708  x6=0x00000020 PA:0x0010170b store:0x00000000
            994	       493	001000cc	04030263	beq	x6,x0,100110	  x6:0x00000020  x0:0x00000000
            998	       495	001000d0	0067a023	sw	x6,0(x15)	 x15:0x00020000  x6:0x00000020 PA:0x00020000 store:0x00000020 load:0x00000000
           1002	       497	001000d4	00454383	lbu	x7,4(x10)	 x10:0x00101708  x7=0x00000031 PA:0x0010170c store:0x00000000
           1004	       498	001000d8	02038c63	beq	x7,x0,100110	  x7:0x00000031  x0:0x00000000
           1008	       500	001000dc	0077a023	sw	x7,0(x15)	 x15:0x00020000  x7:0x00000031 PA:0x00020000 store:0x00000031 load:0x00000000
           1012	       502	001000e0	00554583	lbu	x11,5(x10)	 x10:0x00101708 x11=0x00000032 PA:0x0010170d store:0x00000064
           1014	       503	001000e4	02058663	beq	x11,x0,100110	 x11:0x00000032  x0:0x00000000
           1018	       505	001000e8	00b7a023	sw	x11,0(x15)	 x15:0x00020000 x11:0x00000032 PA:0x00020000 store:0x00000032 load:0x00000000
           1022	       507	001000ec	00654603	lbu	x12,6(x10)	 x10:0x00101708 x12=0x00000033 PA:0x0010170e store:0x00000020
           1024	       508	001000f0	02060063	beq	x12,x0,100110	 x12:0x00000033  x0:0x00000000
           1028	       510	001000f4	00c7a023	sw	x12,0(x15)	 x15:0x00020000 x12:0x00000033 PA:0x00020000 store:0x00000033 load:0x00000000
           1032	       512	001000f8	00754683	lbu	x13,7(x10)	 x10:0x00101708 x13=0x0000002e PA:0x0010170f store:0x00000031
           1034	       513	001000fc	00850513	addi	x10,x10,8	 x10:0x00101708 x10=0x00101710
           1036	       514	00100100	00068863	beq	x13,x0,100110	 x13:0x0000002e  x0:0x00000000
           1040	       516	00100104	00d7a023	sw	x13,0(x15)	 x15:0x00020000 x13:0x0000002e PA:0x00020000 store:0x0000002e load:0x00000000
           1044	       518	00100108	00054803	lbu	x16,0(x10)	 x10:0x00101710 x16=0x00000032 PA:0x00101710 store:0x00000000
           1048	       520	0010010c	fa0810e3	bne	x16,x0,1000ac	 x16:0x00000032  x0:0x00000000
           1054	       523	001000ac	0107a023	sw	x16,0(x15)	 x15:0x00020000 x16:0x00000032 PA:0x00020000 store:0x00000032 load:0x00000000
           1058	       525	001000b0	00154703	lbu	x14,1(x10)	 x10:0x00101710 x14=0x00000034 PA:0x00101711 store:0x00101020
           1060	       526	001000b4	04070e63	beq	x14,x0,100110	 x14:0x00000034  x0:0x00000000
           1064	       528	001000b8	00e7a023	sw	x14,0(x15)	 x15:0x00020000 x14:0x00000034 PA:0x00020000 store:0x00000034 load:0x00000000
           1068	       530	001000bc	00254283	lbu	x5,2(x10)	 x10:0x00101710  x5=0x00000033 PA:0x00101712 store:0x00137fc0
           1070	       531	001000c0	04028863	beq	x5,x0,100110	  x5:0x00000033  x0:0x00000000
           1074	       533	001000c4	0057a023	sw	x5,0(x15)	 x15:0x00020000  x5:0x00000033 PA:0x00020000 store:0x00000033 load:0x00000000
           1078	       535	001000c8	00354303	lbu	x6,3(x10)	 x10:0x00101710  x6=0x00000020 PA:0x00101713 store:0x00000000
           1080	       536	001000cc	04030263	beq	x6,x0,100110	  x6:0x00000020  x0:0x00000000
           1084	       538	001000d0	0067a023	sw	x6,0(x15)	 x15:0x00020000  x6:0x00000020 PA:0x00020000 store:0x00000020 load:0x00000000
           1088	       540	001000d4	00454383	lbu	x7,4(x10)	 x10:0x00101710  x7=0x00000026 PA:0x00101714 store:0x00000000
           1090	       541	001000d8	02038c63	beq	x7,x0,100110	  x7:0x00000026  x0:0x00000000
           1094	       543	001000dc	0077a023	sw	x7,0(x15)	 x15:0x00020000  x7:0x00000026 PA:0x00020000 store:0x00000026 load:0x00000000
           1098	       545	001000e0	00554583	lbu	x11,5(x10)	 x10:0x00101710 x11=0x00000020 PA:0x00101715 store:0x00000033
           1100	       546	001000e4	02058663	beq	x11,x0,100110	 x11:0x00000020  x0:0x00000000
           1104	       548	001000e8	00b7a023	sw	x11,0(x15)	 x15:0x00020000 x11:0x00000020 PA:0x00020000 store:0x00000020 load:0x00000000
           1108	       550	001000ec	00654603	lbu	x12,6(x10)	 x10:0x00101710 x12=0x00000034 PA:0x00101716 store:0x00000020
           1110	       551	001000f0	02060063	beq	x12,x0,100110	 x12:0x00000034  x0:0x00000000
           1114	       553	001000f4	00c7a023	sw	x12,0(x15)	 x15:0x00020000 x12:0x00000034 PA:0x00020000 store:0x00000034 load:0x00000000
           1118	       555	001000f8	00754683	lbu	x13,7(x10)	 x10:0x00101710 x13=0x00000037 PA:0x00101717 store:0x00000026
           1120	       556	001000fc	00850513	addi	x10,x10,8	 x10:0x00101710 x10=0x00101718
           1122	       557	00100100	00068863	beq	x13,x0,100110	 x13:0x00000037  x0:0x00000000
           1126	       559	00100104	00d7a023	sw	x13,0(x15)	 x15:0x00020000 x13:0x00000037 PA:0x00020000 store:0x00000037 load:0x00000000
           1130	       561	00100108	00054803	lbu	x16,0(x10)	 x10:0x00101718 x16=0x00000035 PA:0x00101718 store:0x00000000
           1134	       563	0010010c	fa0810e3	bne	x16,x0,1000ac	 x16:0x00000035  x0:0x00000000
           1140	       566	001000ac	0107a023	sw	x16,0(x15)	 x15:0x00020000 x16:0x00000035 PA:0x00020000 store:0x00000035 load:0x00000000
           1144	       568	001000b0	00154703	lbu	x14,1(x10)	 x10:0x00101718 x14=0x0000002e PA:0x00101719 store:0x00101020
           1146	       569	001000b4	04070e63	beq	x14,x0,100110	 x14:0x0000002e  x0:0x00000000
           1150	       571	001000b8	00e7a023	sw	x14,0(x15)	 x15:0x00020000 x14:0x0000002e PA:0x00020000 store:0x0000002e load:0x00000000
           1154	       573	001000bc	00254283	lbu	x5,2(x10)	 x10:0x00101718  x5=0x00000038 PA:0x0010171a store:0x00137fc0
           1156	       574	001000c0	04028863	beq	x5,x0,100110	  x5:0x00000038  x0:0x00000000
           1160	       576	001000c4	0057a023	sw	x5,0(x15)	 x15:0x00020000  x5:0x00000038 PA:0x00020000 store:0x00000038 load:0x00000000
           1164	       578	001000c8	00354303	lbu	x6,3(x10)	 x10:0x00101718  x6=0x00000037 PA:0x0010171b store:0x00000000
           1166	       579	001000cc	04030263	beq	x6,x0,100110	  x6:0x00000037  x0:0x00000000
           1170	       581	001000d0	0067a023	sw	x6,0(x15)	 x15:0x00020000  x6:0x00000037 PA:0x00020000 store:0x00000037 load:0x00000000
           1174	       583	001000d4	00454383	lbu	x7,4(x10)	 x10:0x00101718  x7=0x00000035 PA:0x0010171c store:0x00000000
           1176	       584	001000d8	02038c63	beq	x7,x0,100110	  x7:0x00000035  x0:0x00000000
           1180	       586	001000dc	0077a023	sw	x7,0(x15)	 x15:0x00020000  x7:0x00000035 PA:0x00020000 store:0x00000035 load:0x00000000
           1184	       588	001000e0	00554583	lbu	x11,5(x10)	 x10:0x00101718 x11=0x0000003a PA:0x0010171d store:0x00000038
           1186	       589	001000e4	02058663	beq	x11,x0,100110	 x11:0x0000003a  x0:0x00000000
           1190	       591	001000e8	00b7a023	sw	x11,0(x15)	 x15:0x00020000 x11:0x0000003a PA:0x00020000 store:0x0000003a load:0x00000000
           1194	       593	001000ec	00654603	lbu	x12,6(x10)	 x10:0x00101718 x12=0x00000020 PA:0x0010171e store:0x00000037
           1196	       594	001000f0	02060063	beq	x12,x0,100110	 x12:0x00000020  x0:0x00000000
           1200	       596	001000f4	00c7a023	sw	x12,0(x15)	 x15:0x00020000 x12:0x00000020 PA:0x00020000 store:0x00000020 load:0x00000000
           1204	       598	001000f8	00754683	lbu	x13,7(x10)	 x10:0x00101718 x13=0x00000000 PA:0x0010171f store:0x00000035
           1206	       599	001000fc	00850513	addi	x10,x10,8	 x10:0x00101718 x10=0x00101720
           1210	       601	00100100	00068863	beq	x13,x0,100110	 x13:0x00000000  x0:0x00000000
           1214	       603	00100110	00000513	addi	x10,x0,0	  x0:0x00000000 x10=0x00000000
           1218	       605	00100114	00008067	jalr	x0,0(x1)	  x1:0x00101020  x0=0x00000000
           1222	       607	00101020	a144a503	lw	x10,-1516(x9)	  x9:0x00102000 x10=0x4415c77d PA:0x00101a14 store:0x00102000
           1226	       609	00101024	e1dff0ef	jal	x1,100e40	  x1=0x00101028
           1228	       610	00100e40	ff010113	addi	x2,x2,-16	  x2:0x00137fc0  x2=0x00137fb0
           1238	       615	00100e44	00912223	sw	x9,4(x2)	  x2:0x00137fb0  x9:0x00102000 PA:0x00137fb4 store:0x00102000 load:0x4415c77d
           1240	       616	00100e48	c01514d3	fcvt.wu.s	x9,f10	 f10:0x4415c77d  x9=0x00000257
           1242	       617	00100e4c	00812423	sw	x8,8(x2)	  x2:0x00137fb0  x8:0x00102000 PA:0x00137fb8 store:0x00102000 load:0x4415c77d
           1244	       618	00100e50	00050413	addi	x8,x10,0	 x10:0x4415c77d  x8=0x4415c77d
           1246	       619	00100e54	00048513	addi	x10,x9,0	  x9:0x00000257 x10=0x00000257
           1248	       620	00100e58	00112623	sw	x1,12(x2)	  x2:0x00137fb0  x1:0x00101028 PA:0x00137fbc store:0x00101028 load:0x4415c77d
           1252	       622	00100e5c	ac4ff0ef	jal	x1,100120	  x1=0x00100e60
           1254	       623	00100120	01c55793	srli	x15,x10,0x1c	 x10:0x00000257 x15=0x00000000
           1256	       624	00100124	00900713	addi	x14,x0,9	  x0:0x00000000 x14=0x00000009
           1260	       626	00100128	0cf77a63	bgeu	x14,x15,1001fc	 x14:0x00000009 x15:0x00000000
           1264	       628	001001fc	03078393	addi	x7,x15,48	 x15:0x00000000  x7=0x00000030
           1266	       629	00100200	000205b7	lui	x11,0x20	 x11=0x00020000
           1268	       630	00100204	00451613	slli	x12,x10,0x4	 x10:0x00000257 x12=0x00002570
           1272	       632	00100208	0075a023	sw	x7,0(x11)	 x11:0x00020000  x7:0x00000030 PA:0x00020000 store:0x00000030 load:0x00000000
           1274	       633	0010020c	01c65693	srli	x13,x12,0x1c	 x12:0x00002570 x13=0x00000000
           1276	       634	00100210	00900813	addi	x16,x0,9	  x0:0x00000000 x16=0x00000009
           1278	       635	00100214	f2d86ae3	bltu	x16,x13,100148	 x16:0x00000009 x13:0x00000000
           1280	       636	00100218	03068e93	addi	x29,x13,48	 x13:0x00000000 x29=0x00000030
           1282	       637	0010021c	00020f37	lui	x30,0x20	 x30=0x00020000
           1284	       638	00100220	00851f93	slli	x31,x10,0x8	 x10:0x00000257 x31=0x00025700
           1288	       640	00100224	01df2023	sw	x29,0(x30)	 x30:0x00020000 x29:0x00000030 PA:0x00020000 store:0x00000030 load:0x00000000
           1290	       641	00100228	01cfd793	srli	x15,x31,0x1c	 x31:0x00025700 x15=0x00000000
           1292	       642	0010022c	00900713	addi	x14,x0,9	  x0:0x00000000 x14=0x00000009
           1294	       643	00100230	f2f76ae3	bltu	x14,x15,100164	 x14:0x00000009 x15:0x00000000
           1296	       644	00100234	03078393	addi	x7,x15,48	 x15:0x00000000  x7=0x00000030
           1298	       645	00100238	000205b7	lui	x11,0x20	 x11=0x00020000
           1300	       646	0010023c	00c51613	slli	x12,x10,0xc	 x10:0x00000257 x12=0x00257000
           1304	       648	00100240	0075a023	sw	x7,0(x11)	 x11:0x00020000  x7:0x00000030 PA:0x00020000 store:0x00000030 load:0x00000000
           1306	       649	00100244	01c65693	srli	x13,x12,0x1c	 x12:0x00257000 x13=0x00000000
           1308	       650	00100248	00900813	addi	x16,x0,9	  x0:0x00000000 x16=0x00000009
           1310	       651	0010024c	f2d86ae3	bltu	x16,x13,100180	 x16:0x00000009 x13:0x00000000
           1312	       652	00100250	03068e93	addi	x29,x13,48	 x13:0x00000000 x29=0x00000030
           1314	       653	00100254	00020f37	lui	x30,0x20	 x30=0x00020000
           1316	       654	00100258	01051f93	slli	x31,x10,0x10	 x10:0x00000257 x31=0x02570000
           1320	       656	0010025c	01df2023	sw	x29,0(x30)	 x30:0x00020000 x29:0x00000030 PA:0x00020000 store:0x00000030 load:0x00000000
           1322	       657	00100260	01cfd793	srli	x15,x31,0x1c	 x31:0x02570000 x15=0x00000000
           1324	       658	00100264	00900713	addi	x14,x0,9	  x0:0x00000000 x14=0x00000009
           1326	       659	00100268	f2f76ae3	bltu	x14,x15,10019c	 x14:0x00000009 x15:0x00000000
           1328	       660	0010026c	03078393	addi	x7,x15,48	 x15:0x00000000  x7=0x00000030
           1330	       661	00100270	000205b7	lui	x11,0x20	 x11=0x00020000
           1332	       662	00100274	01451613	slli	x12,x10,0x14	 x10:0x00000257 x12=0x25700000
           1336	       664	00100278	0075a023	sw	x7,0(x11)	 x11:0x00020000  x7:0x00000030 PA:0x00020000 store:0x00000030 load:0x00000000
           1338	       665	0010027c	01c65693	srli	x13,x12,0x1c	 x12:0x25700000 x13=0x00000002
           1340	       666	00100280	00900813	addi	x16,x0,9	  x0:0x00000000 x16=0x00000009
           1342	       667	00100284	f2d86ae3	bltu	x16,x13,1001b8	 x16:0x00000009 x13:0x00000002
           1344	       668	00100288	03068e93	addi	x29,x13,48	 x13:0x00000002 x29=0x00000032
           1346	       669	0010028c	00020f37	lui	x30,0x20	 x30=0x00020000
           1348	       670	00100290	01851f93	slli	x31,x10,0x18	 x10:0x00000257 x31=0x57000000
           1352	       672	00100294	01df2023	sw	x29,0(x30)	 x30:0x00020000 x29:0x00000032 PA:0x00020000 store:0x00000032 load:0x00000000
           1354	       673	00100298	01cfd793	srli	x15,x31,0x1c	 x31:0x57000000 x15=0x00000005
           1356	       674	0010029c	00900713	addi	x14,x0,9	  x0:0x00000000 x14=0x00000009
           1358	       675	001002a0	f2f76ae3	bltu	x14,x15,1001d4	 x14:0x00000009 x15:0x00000005
           1360	       676	001002a4	03078393	addi	x7,x15,48	 x15:0x00000005  x7=0x00000035
           1362	       677	001002a8	000205b7	lui	x11,0x20	 x11=0x00020000
           1366	       679	001002ac	0075a023	sw	x7,0(x11)	 x11:0x00020000  x7:0x00000035 PA:0x00020000 store:0x00000035 load:0x00000000
           1368	       680	001002b0	00f57513	andi	x10,x10,15	 x10:0x00000257 x10=0x00000007
           1370	       681	001002b4	00900613	addi	x12,x0,9	  x0:0x00000000 x12=0x00000009
           1374	       683	001002b8	f2a67ae3	bgeu	x12,x10,1001ec	 x12:0x00000009 x10:0x00000007
           1378	       685	001001ec	03050893	addi	x17,x10,48	 x10:0x00000007 x17=0x00000037
           1380	       686	001001f0	00020e37	lui	x28,0x20	 x28=0x00020000
           1384	       688	001001f4	011e2023	sw	x17,0(x28)	 x28:0x00020000 x17:0x00000037 PA:0x00020000 store:0x00000037 load:0x00000000
           1388	       690	001001f8	00008067	jalr	x0,0(x1)	  x1:0x00100e60  x0=0x00000000
           1390	       691	00100e60	00101537	lui	x10,0x101	 x10=0x00101000
           1392	       692	00100e64	76850513	addi	x10,x10,1896	 x10:0x00101000 x10=0x00101768
           1396	       694	00100e68	a38ff0ef	jal	x1,1000a0	  x1=0x00100e6c
           1400	       696	001000a0	00054803	lbu	x16,0(x10)	 x10:0x00101768 x16=0x0000002e PA:0x00101768 store:0x00000000
           1402	       697	001000a4	06080663	beq	x16,x0,100110	 x16:0x0000002e  x0:0x00000000
           1404	       698	001000a8	000207b7	lui	x15,0x20	 x15=0x00020000
           1408	       700	001000ac	0107a023	sw	x16,0(x15)	 x15:0x00020000 x16:0x0000002e PA:0x00020000 store:0x0000002e load:0x00000000
           1412	       702	001000b0	00154703	lbu	x14,1(x10)	 x10:0x00101768 x14=0x00000000 PA:0x00101769 store:0x00100e6c
           1416	       704	001000b4	04070e63	beq	x14,x0,100110	 x14:0x00000000  x0:0x00000000
           1420	       706	00100110	00000513	addi	x10,x0,0	  x0:0x00000000 x10=0x00000000
           1430	       711	00100114	00008067	jalr	x0,0(x1)	  x1:0x00100e6c  x0=0x00000000
           1432	       712	00100e6c	d014f2d3	fcvt.s.wu	f5,x9	  x9:0x00000257  f5=0x4415c000
           1440	       716	00100e70	001017b7	lui	x15,0x101	 x15=0x00101000
           1442	       717	00100e74	6707a383	lw	x7,1648(x15)	 x15:0x00101000  x7=0x47c35000 PA:0x00101670 store:0x0000002e
           1444	       718	00100e78	08547353	fsub.s	f6,f8,f5	  f8:0x4415c77d  f5:0x4415c000  f6=0x3defa000
           1446	       719	00100e7c	00812403	lw	x8,8(x2)	  x2:0x00137fb0  x8=0x00102000 PA:0x00137fb8 store:0x4415c77d
           1448	       720	00100e80	00c12083	lw	x1,12(x2)	  x2:0x00137fb0  x1=0x00101028 PA:0x00137fbc store:0x00000009
           1456	       724	00100e84	00412483	lw	x9,4(x2)	  x2:0x00137fb0  x9=0x00102000 PA:0x00137fb4 store:0x00000000
           1458	       725	00100e88	107375d3	fmul.s	f11,f6,f7	  f6:0x3defa000  f7:0x47c35000 f11=0x4636d1c2
           1462	       727	00100e8c	01010113	addi	x2,x2,16	  x2:0x00137fb0  x2=0x00137fc0
           1464	       728	00100e90	c0159553	fcvt.wu.s	x10,f11	 f11:0x4636d1c2 x10=0x00002db4
           1466	       729	00100e94	a8cff06f	jal	x0,100120	  x0=0x00000000
           1468	       730	00100120	01c55793	srli	x15,x10,0x1c	 x10:0x00002db4 x15=0x00000000
           1470	       731	00100124	00900713	addi	x14,x0,9	  x0:0x00000000 x14=0x00000009
           1472	       732	00100128	0cf77a63	bgeu	x14,x15,1001fc	 x14:0x00000009 x15:0x00000000
           1476	       734	001001fc	03078393	addi	x7,x15,48	 x15:0x00000000  x7=0x00000030
           1478	       735	00100200	000205b7	lui	x11,0x20	 x11=0x00020000
           1480	       736	00100204	00451613	slli	x12,x10,0x4	 x10:0x00002db4 x12=0x0002db40
           1484	       738	00100208	0075a023	sw	x7,0(x11)	 x11:0x00020000  x7:0x00000030 PA:0x00020000 store:0x00000030 load:0x00000000
           1486	       739	0010020c	01c65693	srli	x13,x12,0x1c	 x12:0x0002db40 x13=0x00000000
           1488	       740	00100210	00900813	addi	x16,x0,9	  x0:0x00000000 x16=0x00000009
           1490	       741	00100214	f2d86ae3	bltu	x16,x13,100148	 x16:0x00000009 x13:0x00000000
           1492	       742	00100218	03068e93	addi	x29,x13,48	 x13:0x00000000 x29=0x00000030
           1494	       743	0010021c	00020f37	lui	x30,0x20	 x30=0x00020000
           1496	       744	00100220	00851f93	slli	x31,x10,0x8	 x10:0x00002db4 x31=0x002db400
           1500	       746	00100224	01df2023	sw	x29,0(x30)	 x30:0x00020000 x29:0x00000030 PA:0x00020000 store:0x00000030 load:0x00000000
           1502	       747	00100228	01cfd793	srli	x15,x31,0x1c	 x31:0x002db400 x15=0x00000000
           1504	       748	0010022c	00900713	addi	x14,x0,9	  x0:0x00000000 x14=0x00000009
           1506	       749	00100230	f2f76ae3	bltu	x14,x15,100164	 x14:0x00000009 x15:0x00000000
           1508	       750	00100234	03078393	addi	x7,x15,48	 x15:0x00000000  x7=0x00000030
           1510	       751	00100238	000205b7	lui	x11,0x20	 x11=0x00020000
           1512	       752	0010023c	00c51613	slli	x12,x10,0xc	 x10:0x00002db4 x12=0x02db4000
           1516	       754	00100240	0075a023	sw	x7,0(x11)	 x11:0x00020000  x7:0x00000030 PA:0x00020000 store:0x00000030 load:0x00000000
           1518	       755	00100244	01c65693	srli	x13,x12,0x1c	 x12:0x02db4000 x13=0x00000000
           1520	       756	00100248	00900813	addi	x16,x0,9	  x0:0x00000000 x16=0x00000009
           1522	       757	0010024c	f2d86ae3	bltu	x16,x13,100180	 x16:0x00000009 x13:0x00000000
           1524	       758	00100250	03068e93	addi	x29,x13,48	 x13:0x00000000 x29=0x00000030
           1526	       759	00100254	00020f37	lui	x30,0x20	 x30=0x00020000
           1528	       760	00100258	01051f93	slli	x31,x10,0x10	 x10:0x00002db4 x31=0x2db40000
           1532	       762	0010025c	01df2023	sw	x29,0(x30)	 x30:0x00020000 x29:0x00000030 PA:0x00020000 store:0x00000030 load:0x00000000
           1534	       763	00100260	01cfd793	srli	x15,x31,0x1c	 x31:0x2db40000 x15=0x00000002
           1536	       764	00100264	00900713	addi	x14,x0,9	  x0:0x00000000 x14=0x00000009
           1538	       765	00100268	f2f76ae3	bltu	x14,x15,10019c	 x14:0x00000009 x15:0x00000002
           1540	       766	0010026c	03078393	addi	x7,x15,48	 x15:0x00000002  x7=0x00000032
           1542	       767	00100270	000205b7	lui	x11,0x20	 x11=0x00020000
           1544	       768	00100274	01451613	slli	x12,x10,0x14	 x10:0x00002db4 x12=0xdb400000
           1548	       770	00100278	0075a023	sw	x7,0(x11)	 x11:0x00020000  x7:0x00000032 PA:0x00020000 store:0x00000032 load:0x00000000
           1550	       771	0010027c	01c65693	srli	x13,x12,0x1c	 x12:0xdb400000 x13=0x0000000d
           1552	       772	00100280	00900813	addi	x16,x0,9	  x0:0x00000000 x16=0x00000009
           1556	       774	00100284	f2d86ae3	bltu	x16,x13,1001b8	 x16:0x00000009 x13:0x0000000d
           1560	       776	001001b8	03768893	addi	x17,x13,55	 x13:0x0000000d x17=0x00000044
           1562	       777	001001bc	00020e37	lui	x28,0x20	 x28=0x00020000
           1564	       778	001001c0	01851f93	slli	x31,x10,0x18	 x10:0x00002db4 x31=0xb4000000
           1568	       780	001001c4	011e2023	sw	x17,0(x28)	 x28:0x00020000 x17:0x00000044 PA:0x00020000 store:0x00000044 load:0x00000000
           1570	       781	001001c8	01cfd793	srli	x15,x31,0x1c	 x31:0xb4000000 x15=0x0000000b
           1572	       782	001001cc	00900713	addi	x14,x0,9	  x0:0x00000000 x14=0x00000009
           1574	       783	001001d0	0cf77a63	bgeu	x14,x15,1002a4	 x14:0x00000009 x15:0x0000000b
           1576	       784	001001d4	03778293	addi	x5,x15,55	 x15:0x0000000b  x5=0x00000042
           1578	       785	001001d8	00020337	lui	x6,0x20	  x6=0x00020000
           1582	       787	001001dc	00532023	sw	x5,0(x6)	  x6:0x00020000  x5:0x00000042 PA:0x00020000 store:0x00000042 load:0x00000000
           1584	       788	001001e0	00f57513	andi	x10,x10,15	 x10:0x00002db4 x10=0x00000004
           1586	       789	001001e4	00900613	addi	x12,x0,9	  x0:0x00000000 x12=0x00000009
           1588	       790	001001e8	0ca66a63	bltu	x12,x10,1002bc	 x12:0x00000009 x10:0x00000004
           1590	       791	001001ec	03050893	addi	x17,x10,48	 x10:0x00000004 x17=0x00000034
           1592	       792	001001f0	00020e37	lui	x28,0x20	 x28=0x00020000
           1596	       794	001001f4	011e2023	sw	x17,0(x28)	 x28:0x00020000 x17:0x00000034 PA:0x00020000 store:0x00000034 load:0x00000000
           1600	       796	001001f8	00008067	jalr	x0,0(x1)	  x1:0x00101028  x0=0x00000000
           1604	       798	00101028	a1042a83	lw	x21,-1520(x8)	  x8:0x00102000 x21=0x3f7d1f60 PA:0x00101a10 store:0x00000009
           1608	       800	0010102c	a0c92b03	lw	x22,-1524(x18)	 x18:0x00102000 x22=0x00000000 PA:0x00101a0c store:0x00000009
           1612	       802	00101030	a144ab83	lw	x23,-1516(x9)	  x9:0x00102000 x23=0x4415c77d PA:0x00101a14 store:0x00102000
           1622	       807	00101034	a1042c03	lw	x24,-1520(x8)	  x8:0x00102000 x24=0x3f7d1f60 PA:0x00101a10 store:0x00000009
           1624	       808	00101038	b15cfd43	fmadd.s	f26,f25,f21,f22	 f25:0x00000000 f21:0x3f7d1f60 f22:0x00000000 f26=0x00000000
           1628	       810	0010103c	00100e93	addi	x29,x0,1	  x0:0x00000000 x29=0x00000001
           1630	       811	00101040	018bfdd3	fadd.s	f27,f23,f24	 f23:0x4415c77d f24:0x3f7d1f60 f27=0x441606c5
           1636	       814	00101044	a1042e03	lw	x28,-1520(x8)	  x8:0x00102000 x28=0x3f7d1f60 PA:0x00101a10 store:0x00000009
           1638	       815	00101048	d00ef6d3	fcvt.s.w	f13,x29	 x29:0x00000001 f13=0x3f800000
           1640	       816	0010104c	a1a92623	sw	x26,-1524(x18)	 x18:0x00102000 x26:0x00000000 PA:0x00101a0c store:0x00000000 load:0x3f7d1f60
           1642	       817	00101050	a0c92f03	lw	x30,-1524(x18)	 x18:0x00102000 x30=0x00000000 PA:0x00101a0c store:0x00000009
           1646	       819	00101054	a1b4aa23	sw	x27,-1516(x9)	  x9:0x00102000 x27:0x441606c5 PA:0x00101a14 store:0x441606c5 load:0x00000000
           1650	       821	00101058	a144af83	lw	x31,-1516(x9)	  x9:0x00102000 x31=0x441606c5 PA:0x00101a14 store:0x00102000
           1660	       826	0010105c	a1042503	lw	x10,-1520(x8)	  x8:0x00102000 x10=0x3f7d1f60 PA:0x00101a10 store:0x00000009
           1662	       827	00101060	f1c6f743	fmadd.s	f14,f13,f28,f30	 f13:0x3f800000 f28:0x3f7d1f60 f30:0x3f800000 f14=0x3ffe8fb0
           1666	       829	00101064	06400293	addi	x5,x0,100	  x0:0x00000000  x5=0x00000064
           1668	       830	00101068	00aff353	fadd.s	f6,f31,f10	 f31:0x441606c5 f10:0x3f7d1f60  f6=0x4416460d
           1670	       831	0010106c	00200793	addi	x15,x0,2	  x0:0x00000000 x15=0x00000002
           1672	       832	00101070	a0e92623	sw	x14,-1524(x18)	 x18:0x00102000 x14:0x3ffe8fb0 PA:0x00101a0c store:0x3ffe8fb0 load:0x3f7d1f60
           1674	       833	00101074	a064aa23	sw	x6,-1516(x9)	  x9:0x00102000  x6:0x4416460d PA:0x00101a14 store:0x4416460d load:0x3f7d1f60
           1684	       838	00101078	a1042083	lw	x1,-1520(x8)	  x8:0x00102000  x1=0x3f7d1f60 PA:0x00101a10 store:0x00000009
           1686	       839	0010107c	d007f3d3	fcvt.s.w	f7,x15	 x15:0x00000002  f7=0x40000000
           1688	       840	00101080	a0c92583	lw	x11,-1524(x18)	 x18:0x00102000 x11=0x3ffe8fb0 PA:0x00101a0c store:0x00000009
           1690	       841	00101084	00178813	addi	x16,x15,1	 x15:0x00000002 x16=0x00000003
           1698	       845	00101088	a144a603	lw	x12,-1516(x9)	  x9:0x00102000 x12=0x4416460d PA:0x00101a14 store:0x00102000
           1700	       846	0010108c	5813f8c3	fmadd.s	f17,f7,f1,f11	  f7:0x40000000  f1:0x3f7d1f60 f11:0x40000000 f17=0x407e8fb0
           1706	       849	00101090	a1042a83	lw	x21,-1520(x8)	  x8:0x00102000 x21=0x3f7d1f60 PA:0x00101a10 store:0x00000003
           1708	       850	00101094	d0087b53	fcvt.s.w	f22,x16	 x16:0x00000003 f22=0x40400000
           1714	       853	00101098	a1042b83	lw	x23,-1520(x8)	  x8:0x00102000 x23=0x3f7d1f60 PA:0x00101a10 store:0x00000003
           1716	       854	0010109c	01567c53	fadd.s	f24,f12,f21	 f12:0x4416460d f21:0x3f7d1f60 f24=0x44168555
           1718	       855	001010a0	a1192623	sw	x17,-1524(x18)	 x18:0x00102000 x17:0x407e8fb0 PA:0x00101a0c store:0x407e8fb0 load:0x3f7d1f60
           1720	       856	001010a4	a0c92c83	lw	x25,-1524(x18)	 x18:0x00102000 x25=0x407e8fb0 PA:0x00101a0c store:0x4416460d
           1728	       860	001010a8	00278d13	addi	x26,x15,2	 x15:0x00000002 x26=0x00000004
           1730	       861	001010ac	d00d7dd3	fcvt.s.w	f27,x26	 x26:0x00000004 f27=0x40800000
           1732	       862	001010b0	c97b7e43	fmadd.s	f28,f22,f23,f25	 f22:0x40400000 f23:0x3f7d1f60 f25:0x40400000 f28=0x40beebc4
           1734	       863	001010b4	a184aa23	sw	x24,-1516(x9)	  x9:0x00102000 x24:0x44168555 PA:0x00101a14 store:0x44168555 load:0x407e8fb0
           1736	       864	001010b8	a144ae83	lw	x29,-1516(x9)	  x9:0x00102000 x29=0x44168555 PA:0x00101a14 store:0x00102000
           1740	       866	001010bc	a1042f03	lw	x30,-1520(x8)	  x8:0x00102000 x30=0x3f7d1f60 PA:0x00101a10 store:0x00000003
           1744	       868	001010c0	a1042f83	lw	x31,-1520(x8)	  x8:0x00102000 x31=0x3f7d1f60 PA:0x00101a10 store:0x00000003
           1748	       870	001010c4	a1c92623	sw	x28,-1524(x18)	 x18:0x00102000 x28:0x40beebc4 PA:0x00101a0c store:0x40beebc4 load:0x3f7d1f60
           1758	       875	001010c8	a0c92683	lw	x13,-1524(x18)	 x18:0x00102000 x13=0x40beebc4 PA:0x00101a0c store:0x4416460d
           1760	       876	001010cc	01eef553	fadd.s	f10,f29,f30	 f29:0x44168555 f30:0x3f7d1f60 f10=0x4416c49d
           1764	       878	001010d0	00378713	addi	x14,x15,3	 x15:0x00000002 x14=0x00000005
           1766	       879	001010d4	69fdf343	fmadd.s	f6,f27,f31,f13	 f27:0x40800000 f31:0x3f7d1f60 f13:0x40800000  f6=0x40fe8fb0
           1768	       880	001010d8	d00770d3	fcvt.s.w	f1,x14	 x14:0x00000005  f1=0x40a00000
           1770	       881	001010dc	00478393	addi	x7,x15,4	 x15:0x00000002  x7=0x00000006
           1772	       882	001010e0	a0a4aa23	sw	x10,-1516(x9)	  x9:0x00102000 x10:0x4416c49d PA:0x00101a14 store:0x4416c49d load:0x40beebc4
           1774	       883	001010e4	a144a583	lw	x11,-1516(x9)	  x9:0x00102000 x11=0x4416c49d PA:0x00101a14 store:0x00102000
           1778	       885	001010e8	a0692623	sw	x6,-1524(x18)	 x18:0x00102000  x6:0x40fe8fb0 PA:0x00101a0c store:0x40fe8fb0 load:0x4416c49d
           1782	       887	001010ec	a1042603	lw	x12,-1520(x8)	  x8:0x00102000 x12=0x3f7d1f60 PA:0x00101a10 store:0x00000003
           1786	       889	001010f0	a1042803	lw	x16,-1520(x8)	  x8:0x00102000 x16=0x3f7d1f60 PA:0x00101a10 store:0x00000003
           1796	       894	001010f4	a0c92883	lw	x17,-1524(x18)	 x18:0x00102000 x17=0x40fe8fb0 PA:0x00101a0c store:0x3f7d1f60
           1798	       895	001010f8	00c5fad3	fadd.s	f21,f11,f12	 f11:0x4416c49d f12:0x3f7d1f60 f21=0x441703e5
           1800	       896	001010fc	d003fb53	fcvt.s.w	f22,x7	  x7:0x00000006 f22=0x40c00000
           1802	       897	00101100	8900fbc3	fmadd.s	f23,f1,f16,f17	  f1:0x40a00000 f16:0x3f7d1f60 f17:0x40a00000 f23=0x411f19ce
           1806	       899	00101104	00578c13	addi	x24,x15,5	 x15:0x00000002 x24=0x00000007
           1808	       900	00101108	d00c7cd3	fcvt.s.w	f25,x24	 x24:0x00000007 f25=0x40e00000
           1810	       901	0010110c	a154aa23	sw	x21,-1516(x9)	  x9:0x00102000 x21:0x441703e5 PA:0x00101a14 store:0x441703e5 load:0x40fe8fb0
           1812	       902	00101110	a144ad03	lw	x26,-1516(x9)	  x9:0x00102000 x26=0x441703e5 PA:0x00101a14 store:0x00102000
           1816	       904	00101114	a1792623	sw	x23,-1524(x18)	 x18:0x00102000 x23:0x411f19ce PA:0x00101a0c store:0x411f19ce load:0x441703e5
           1820	       906	00101118	a1042d83	lw	x27,-1520(x8)	  x8:0x00102000 x27=0x3f7d1f60 PA:0x00101a10 store:0x3f7d1f60
           1824	       908	0010111c	a1042e03	lw	x28,-1520(x8)	  x8:0x00102000 x28=0x3f7d1f60 PA:0x00101a10 store:0x3f7d1f60
           1834	       913	00101120	a0c92e83	lw	x29,-1524(x18)	 x18:0x00102000 x29=0x411f19ce PA:0x00101a0c store:0x3f7d1f60
           1836	       914	00101124	01bd7f53	fadd.s	f30,f26,f27	 f26:0x441703e5 f27:0x3f7d1f60 f30=0x4417432d
           1840	       916	00101128	00678f93	addi	x31,x15,6	 x15:0x00000002 x31=0x00000008
           1842	       917	0010112c	e9cb76c3	fmadd.s	f13,f22,f28,f29	 f22:0x40c00000 f28:0x3f7d1f60 f29:0x40c00000 f13=0x413eebc4
           1844	       918	00101130	d00ff753	fcvt.s.w	f14,x31	 x31:0x00000008 f14=0x41000000
           1846	       919	00101134	00778793	addi	x15,x15,7	 x15:0x00000002 x15=0x00000009
           1848	       920	00101138	a1e4aa23	sw	x30,-1516(x9)	  x9:0x00102000 x30:0x4417432d PA:0x00101a14 store:0x4417432d load:0x411f19ce
           1850	       921	0010113c	a144a503	lw	x10,-1516(x9)	  x9:0x00102000 x10=0x4417432d PA:0x00101a14 store:0x00102000
           1854	       923	00101140	a0d92623	sw	x13,-1524(x18)	 x18:0x00102000 x13:0x413eebc4 PA:0x00101a0c store:0x413eebc4 load:0x4417432d
           1858	       925	00101144	a1042303	lw	x6,-1520(x8)	  x8:0x00102000  x6=0x3f7d1f60 PA:0x00101a10 store:0x3f7d1f60
           1862	       927	00101148	a1042083	lw	x1,-1520(x8)	  x8:0x00102000  x1=0x3f7d1f60 PA:0x00101a10 store:0x3f7d1f60
           1872	       932	0010114c	a0c92383	lw	x7,-1524(x18)	 x18:0x00102000  x7=0x413eebc4 PA:0x00101a0c store:0x3f7d1f60
           1874	       933	00101150	006575d3	fadd.s	f11,f10,f6	 f10:0x4417432d  f6:0x3f7d1f60 f11=0x44178275
           1876	       934	00101154	381cf643	fmadd.s	f12,f25,f1,f7	 f25:0x40e00000  f1:0x3f7d1f60  f7:0x40e00000 f12=0x415ebdba
           1878	       935	00101158	a0b4aa23	sw	x11,-1516(x9)	  x9:0x00102000 x11:0x44178275 PA:0x00101a14 store:0x44178275 load:0x413eebc4
           1880	       936	0010115c	a0c92623	sw	x12,-1524(x18)	 x18:0x00102000 x12:0x415ebdba PA:0x00101a0c store:0x415ebdba load:0x413eebc4
           1884	       938	00101160	a144a883	lw	x17,-1516(x9)	  x9:0x00102000 x17=0x44178275 PA:0x00101a14 store:0x00102000
           1888	       940	00101164	a1042803	lw	x16,-1520(x8)	  x8:0x00102000 x16=0x3f7d1f60 PA:0x00101a10 store:0x3f7d1f60
           1892	       942	00101168	a1042a83	lw	x21,-1520(x8)	  x8:0x00102000 x21=0x3f7d1f60 PA:0x00101a10 store:0x3f7d1f60
           1902	       947	0010116c	a0c92b03	lw	x22,-1524(x18)	 x18:0x00102000 x22=0x415ebdba PA:0x00101a0c store:0x415ebdba
           1904	       948	00101170	0108fbd3	fadd.s	f23,f17,f16	 f17:0x44178275 f16:0x3f7d1f60 f23=0x4417c1bd
           1906	       949	00101174	b1577c43	fmadd.s	f24,f14,f21,f22	 f14:0x41000000 f21:0x3f7d1f60 f22:0x41000000 f24=0x417e8fb0
           1908	       950	00101178	a174aa23	sw	x23,-1516(x9)	  x9:0x00102000 x23:0x4417c1bd PA:0x00101a14 store:0x4417c1bd load:0x415ebdba
           1910	       951	0010117c	a144ac83	lw	x25,-1516(x9)	  x9:0x00102000 x25=0x4417c1bd PA:0x00101a14 store:0x00102000
           1914	       953	00101180	a1042d03	lw	x26,-1520(x8)	  x8:0x00102000 x26=0x3f7d1f60 PA:0x00101a10 store:0x3f7d1f60
           1924	       958	00101184	a1892623	sw	x24,-1524(x18)	 x18:0x00102000 x24:0x417e8fb0 PA:0x00101a0c store:0x417e8fb0 load:0x3f7d1f60
           1926	       959	00101188	01acfdd3	fadd.s	f27,f25,f26	 f25:0x4417c1bd f26:0x3f7d1f60 f27=0x44180105
           1928	       960	0010118c	a1b4aa23	sw	x27,-1516(x9)	  x9:0x00102000 x27:0x44180105 PA:0x00101a14 store:0x44180105 load:0x3f7d1f60
           1930	       961	00101190	ee5794e3	bne	x15,x5,101078	 x15:0x00000009  x5:0x00000064
           1942	       967	00101078	a1042083	lw	x1,-1520(x8)	  x8:0x00102000  x1=0x3f7d1f60 PA:0x00101a10 store:0x3f7d1f60
           1944	       968	0010107c	d007f3d3	fcvt.s.w	f7,x15	 x15:0x00000009  f7=0x41100000
           1946	       969	00101080	a0c92583	lw	x11,-1524(x18)	 x18:0x00102000 x11=0x417e8fb0 PA:0x00101a0c store:0x415ebdba
           1948	       970	00101084	00178813	addi	x16,x15,1	 x15:0x00000009 x16=0x0000000a
           1956	       974	00101088	a144a603	lw	x12,-1516(x9)	  x9:0x00102000 x12=0x44180105 PA:0x00101a14 store:0x00102000
           1958	       975	0010108c	5813f8c3	fmadd.s	f17,f7,f1,f11	  f7:0x41100000  f1:0x3f7d1f60 f11:0x41100000 f17=0x418f30d3
           1964	       978	00101090	a1042a83	lw	x21,-1520(x8)	  x8:0x00102000 x21=0x3f7d1f60 PA:0x00101a10 store:0x0000000a
           1966	       979	00101094	d0087b53	fcvt.s.w	f22,x16	 x16:0x0000000a f22=0x41200000
           1972	       982	00101098	a1042b83	lw	x23,-1520(x8)	  x8:0x00102000 x23=0x3f7d1f60 PA:0x00101a10 store:0x0000000a
           1974	       983	0010109c	01567c53	fadd.s	f24,f12,f21	 f12:0x44180105 f21:0x3f7d1f60 f24=0x4418404d
           1976	       984	001010a0	a1192623	sw	x17,-1524(x18)	 x18:0x00102000 x17:0x418f30d3 PA:0x00101a0c store:0x418f30d3 load:0x3f7d1f60
           1978	       985	001010a4	a0c92c83	lw	x25,-1524(x18)	 x18:0x00102000 x25=0x418f30d3 PA:0x00101a0c store:0x44180105
           1986	       989	001010a8	00278d13	addi	x26,x15,2	 x15:0x00000009 x26=0x0000000b
           1988	       990	001010ac	d00d7dd3	fcvt.s.w	f27,x26	 x26:0x0000000b f27=0x41300000
           1990	       991	001010b0	c97b7e43	fmadd.s	f28,f22,f23,f25	 f22:0x41200000 f23:0x3f7d1f60 f25:0x41200000 f28=0x419f19ce
           1992	       992	001010b4	a184aa23	sw	x24,-1516(x9)	  x9:0x00102000 x24:0x4418404d PA:0x00101a14 store:0x4418404d load:0x418f30d3
           1994	       993	001010b8	a144ae83	lw	x29,-1516(x9)	  x9:0x00102000 x29=0x4418404d PA:0x00101a14 store:0x00102000
           1998	       995	001010bc	a1042f03	lw	x30,-1520(x8)	  x8:0x00102000 x30=0x3f7d1f60 PA:0x00101a10 store:0x0000000a
           2002	       997	001010c0	a1042f83	lw	x31,-1520(x8)	  x8:0x00102000 x31=0x3f7d1f60 PA:0x00101a10 store:0x0000000a
           2006	       999	001010c4	a1c92623	sw	x28,-1524(x18)	 x18:0x00102000 x28:0x419f19ce PA:0x00101a0c store:0x419f19ce load:0x3f7d1f60
           2016	      1004	001010c8	a0c92683	lw	x13,-1524(x18)	 x18:0x00102000 x13=0x419f19ce PA:0x00101a0c store:0x44180105
           2018	      1005	001010cc	01eef553	fadd.s	f10,f29,f30	 f29:0x4418404d f30:0x3f7d1f60 f10=0x44187f95
           2022	      1007	001010d0	00378713	addi	x14,x15,3	 x15:0x00000009 x14=0x0000000c
           2024	      1008	001010d4	69fdf343	fmadd.s	f6,f27,f31,f13	 f27:0x41300000 f31:0x3f7d1f60 f13:0x41300000  f6=0x41af02c9
           2026	      1009	001010d8	d00770d3	fcvt.s.w	f1,x14	 x14:0x0000000c  f1=0x41400000
           2028	      1010	001010dc	00478393	addi	x7,x15,4	 x15:0x00000009  x7=0x0000000d
           2030	      1011	001010e0	a0a4aa23	sw	x10,-1516(x9)	  x9:0x00102000 x10:0x44187f95 PA:0x00101a14 store:0x44187f95 load:0x419f19ce
           2032	      1012	001010e4	a144a583	lw	x11,-1516(x9)	  x9:0x00102000 x11=0x44187f95 PA:0x00101a14 store:0x00102000
           2036	      1014	001010e8	a0692623	sw	x6,-1524(x18)	 x18:0x00102000  x6:0x41af02c9 PA:0x00101a0c store:0x41af02c9 load:0x44187f95
           2040	      1016	001010ec	a1042603	lw	x12,-1520(x8)	  x8:0x00102000 x12=0x3f7d1f60 PA:0x00101a10 store:0x0000000a
           2044	      1018	001010f0	a1042803	lw	x16,-1520(x8)	  x8:0x00102000 x16=0x3f7d1f60 PA:0x00101a10 store:0x0000000a
           2054	      1023	001010f4	a0c92883	lw	x17,-1524(x18)	 x18:0x00102000 x17=0x41af02c9 PA:0x00101a0c store:0x3f7d1f60
           2056	      1024	001010f8	00c5fad3	fadd.s	f21,f11,f12	 f11:0x44187f95 f12:0x3f7d1f60 f21=0x4418bedd
           2058	      1025	001010fc	d003fb53	fcvt.s.w	f22,x7	  x7:0x0000000d f22=0x41500000
           2060	      1026	00101100	8900fbc3	fmadd.s	f23,f1,f16,f17	  f1:0x41400000 f16:0x3f7d1f60 f17:0x41400000 f23=0x41beebc4
           2064	      1028	00101104	00578c13	addi	x24,x15,5	 x15:0x00000009 x24=0x0000000e
           2066	      1029	00101108	d00c7cd3	fcvt.s.w	f25,x24	 x24:0x0000000e f25=0x41600000
           2068	      1030	0010110c	a154aa23	sw	x21,-1516(x9)	  x9:0x00102000 x21:0x4418bedd PA:0x00101a14 store:0x4418bedd load:0x41af02c9
           2070	      1031	00101110	a144ad03	lw	x26,-1516(x9)	  x9:0x00102000 x26=0x4418bedd PA:0x00101a14 store:0x00102000
           2074	      1033	00101114	a1792623	sw	x23,-1524(x18)	 x18:0x00102000 x23:0x41beebc4 PA:0x00101a0c store:0x41beebc4 load:0x4418bedd
           2078	      1035	00101118	a1042d83	lw	x27,-1520(x8)	  x8:0x00102000 x27=0x3f7d1f60 PA:0x00101a10 store:0x3f7d1f60
           2082	      1037	0010111c	a1042e03	lw	x28,-1520(x8)	  x8:0x00102000 x28=0x3f7d1f60 PA:0x00101a10 store:0x3f7d1f60
           2092	      1042	00101120	a0c92e83	lw	x29,-1524(x18)	 x18:0x00102000 x29=0x41beebc4 PA:0x00101a0c store:0x3f7d1f60
           2094	      1043	00101124	01bd7f53	fadd.s	f30,f26,f27	 f26:0x4418bedd f27:0x3f7d1f60 f30=0x4418fe25
           2098	      1045	00101128	00678f93	addi	x31,x15,6	 x15:0x00000009 x31=0x0000000f
           2100	      1046	0010112c	e9cb76c3	fmadd.s	f13,f22,f28,f29	 f22:0x41500000 f28:0x3f7d1f60 f29:0x41500000 f13=0x41ced4bf
           2102	      1047	00101130	d00ff753	fcvt.s.w	f14,x31	 x31:0x0000000f f14=0x41700000
           2104	      1048	00101134	00778793	addi	x15,x15,7	 x15:0x00000009 x15=0x00000010
           2106	      1049	00101138	a1e4aa23	sw	x30,-1516(x9)	  x9:0x00102000 x30:0x4418fe25 PA:0x00101a14 store:0x4418fe25 load:0x41beebc4
           2108	      1050	0010113c	a144a503	lw	x10,-1516(x9)	  x9:0x00102000 x10=0x4418fe25 PA:0x00101a14 store:0x00102000
           2112	      1052	00101140	a0d92623	sw	x13,-1524(x18)	 x18:0x00102000 x13:0x41ced4bf PA:0x00101a0c store:0x41ced4bf load:0x4418fe25
           2116	      1054	00101144	a1042303	lw	x6,-1520(x8)	  x8:0x00102000  x6=0x3f7d1f60 PA:0x00101a10 store:0x3f7d1f60
           2120	      1056	00101148	a1042083	lw	x1,-1520(x8)	  x8:0x00102000  x1=0x3f7d1f60 PA:0x00101a10 store:0x3f7d1f60
           2130	      1061	0010114c	a0c92383	lw	x7,-1524(x18)	 x18:0x00102000  x7=0x41ced4bf PA:0x00101a0c store:0x3f7d1f60
           2132	      1062	00101150	006575d3	fadd.s	f11,f10,f6	 f10:0x4418fe25  f6:0x3f7d1f60 f11=0x44193d6d
           2134	      1063	00101154	381cf643	fmadd.s	f12,f25,f1,f7	 f25:0x41600000  f1:0x3f7d1f60  f7:0x41600000 f12=0x41debdba
           2136	      1064	00101158	a0b4aa23	sw	x11,-1516(x9)	  x9:0x00102000 x11:0x44193d6d PA:0x00101a14 store:0x44193d6d load:0x41ced4bf
           2138	      1065	0010115c	a0c92623	sw	x12,-1524(x18)	 x18:0x00102000 x12:0x41debdba PA:0x00101a0c store:0x41debdba load:0x41ced4bf
           2142	      1067	00101160	a144a883	lw	x17,-1516(x9)	  x9:0x00102000 x17=0x44193d6d PA:0x00101a14 store:0x00102000
           2146	      1069	00101164	a1042803	lw	x16,-1520(x8)	  x8:0x00102000 x16=0x3f7d1f60 PA:0x00101a10 store:0x3f7d1f60
           2150	      1071	00101168	a1042a83	lw	x21,-1520(x8)	  x8:0x00102000 x21=0x3f7d1f60 PA:0x00101a10 store:0x3f7d1f60
           2160	      1076	0010116c	a0c92b03	lw	x22,-1524(x18)	 x18:0x00102000 x22=0x41debdba PA:0x00101a0c store:0x41debdba
           2162	      1077	00101170	0108fbd3	fadd.s	f23,f17,f16	 f17:0x44193d6d f16:0x3f7d1f60 f23=0x44197cb5
           2164	      1078	00101174	b1577c43	fmadd.s	f24,f14,f21,f22	 f14:0x41700000 f21:0x3f7d1f60 f22:0x41700000 f24=0x41eea6b5
           2166	      1079	00101178	a174aa23	sw	x23,-1516(x9)	  x9:0x00102000 x23:0x44197cb5 PA:0x00101a14 store:0x44197cb5 load:0x41debdba
           2168	      1080	0010117c	a144ac83	lw	x25,-1516(x9)	  x9:0x00102000 x25=0x44197cb5 PA:0x00101a14 store:0x00102000
           2172	      1082	00101180	a1042d03	lw	x26,-1520(x8)	  x8:0x00102000 x26=0x3f7d1f60 PA:0x00101a10 store:0x3f7d1f60
           2182	      1087	00101184	a1892623	sw	x24,-1524(x18)	 x18:0x00102000 x24:0x41eea6b5 PA:0x00101a0c store:0x41eea6b5 load:0x3f7d1f60
           2184	      1088	00101188	01acfdd3	fadd.s	f27,f25,f26	 f25:0x44197cb5 f26:0x3f7d1f60 f27=0x4419bbfd
           2186	      1089	0010118c	a1b4aa23	sw	x27,-1516(x9)	  x9:0x00102000 x27:0x4419bbfd PA:0x00101a14 store:0x4419bbfd load:0x3f7d1f60
           2188	      1090	00101190	ee5794e3	bne	x15,x5,101078	 x15:0x00000010  x5:0x00000064
           2200	      1096	00101078	a1042083	lw	x1,-1520(x8)	  x8:0x00102000  x1=0x3f7d1f60 PA:0x00101a10 store:0x3f7d1f60
           2202	      1097	0010107c	d007f3d3	fcvt.s.w	f7,x15	 x15:0x00000010  f7=0x41800000
           2204	      1098	00101080	a0c92583	lw	x11,-1524(x18)	 x18:0x00102000 x11=0x41eea6b5 PA:0x00101a0c store:0x41debdba
           2206	      1099	00101084	00178813	addi	x16,x15,1	 x15:0x00000010 x16=0x00000011
           2214	      1103	00101088	a144a603	lw	x12,-1516(x9)	  x9:0x00102000 x12=0x4419bbfd PA:0x00101a14 store:0x00102000
           2216	      1104	0010108c	5813f8c3	fmadd.s	f17,f7,f1,f11	  f7:0x41800000  f1:0x3f7d1f60 f11:0x41800000 f17=0x41fe8fb0
           2222	      1107	00101090	a1042a83	lw	x21,-1520(x8)	  x8:0x00102000 x21=0x3f7d1f60 PA:0x00101a10 store:0x00000011
           2224	      1108	00101094	d0087b53	fcvt.s.w	f22,x16	 x16:0x00000011 f22=0x41880000
           2230	      1111	00101098	a1042b83	lw	x23,-1520(x8)	  x8:0x00102000 x23=0x3f7d1f60 PA:0x00101a10 store:0x00000011
           2232	      1112	0010109c	01567c53	fadd.s	f24,f12,f21	 f12:0x4419bbfd f21:0x3f7d1f60 f24=0x4419fb45
           2234	      1113	001010a0	a1192623	sw	x17,-1524(x18)	 x18:0x00102000 x17:0x41fe8fb0 PA:0x00101a0c store:0x41fe8fb0 load:0x3f7d1f60
           2236	      1114	001010a4	a0c92c83	lw	x25,-1524(x18)	 x18:0x00102000 x25=0x41fe8fb0 PA:0x00101a0c store:0x4419bbfd
           2244	      1118	001010a8	00278d13	addi	x26,x15,2	 x15:0x00000010 x26=0x00000012
           2246	      1119	001010ac	d00d7dd3	fcvt.s.w	f27,x26	 x26:0x00000012 f27=0x41900000
           2248	      1120	001010b0	c97b7e43	fmadd.s	f28,f22,f23,f25	 f22:0x41880000 f23:0x3f7d1f60 f25:0x41880000 f28=0x42073c56
           2250	      1121	001010b4	a184aa23	sw	x24,-1516(x9)	  x9:0x00102000 x24:0x4419fb45 PA:0x00101a14 store:0x4419fb45 load:0x41fe8fb0
           2252	      1122	001010b8	a144ae83	lw	x29,-1516(x9)	  x9:0x00102000 x29=0x4419fb45 PA:0x00101a14 store:0x00102000
           2256	      1124	001010bc	a1042f03	lw	x30,-1520(x8)	  x8:0x00102000 x30=0x3f7d1f60 PA:0x00101a10 store:0x00000011
           2260	      1126	001010c0	a1042f83	lw	x31,-1520(x8)	  x8:0x00102000 x31=0x3f7d1f60 PA:0x00101a10 store:0x00000011
           2264	      1128	001010c4	a1c92623	sw	x28,-1524(x18)	 x18:0x00102000 x28:0x42073c56 PA:0x00101a0c store:0x42073c56 load:0x3f7d1f60
           2274	      1133	001010c8	a0c92683	lw	x13,-1524(x18)	 x18:0x00102000 x13=0x42073c56 PA:0x00101a0c store:0x4419bbfd
           2276	      1134	001010cc	01eef553	fadd.s	f10,f29,f30	 f29:0x4419fb45 f30:0x3f7d1f60 f10=0x441a3a8d
           2280	      1136	001010d0	00378713	addi	x14,x15,3	 x15:0x00000010 x14=0x00000013
           2282	      1137	001010d4	69fdf343	fmadd.s	f6,f27,f31,f13	 f27:0x41900000 f31:0x3f7d1f60 f13:0x41900000  f6=0x420f30d3
           2284	      1138	001010d8	d00770d3	fcvt.s.w	f1,x14	 x14:0x00000013  f1=0x41980000
           2286	      1139	001010dc	00478393	addi	x7,x15,4	 x15:0x00000010  x7=0x00000014
           2288	      1140	001010e0	a0a4aa23	sw	x10,-1516(x9)	  x9:0x00102000 x10:0x441a3a8d PA:0x00101a14 store:0x441a3a8d load:0x42073c56
           2290	      1141	001010e4	a144a583	lw	x11,-1516(x9)	  x9:0x00102000 x11=0x441a3a8d PA:0x00101a14 store:0x00102000
           2294	      1143	001010e8	a0692623	sw	x6,-1524(x18)	 x18:0x00102000  x6:0x420f30d3 PA:0x00101a0c store:0x420f30d3 load:0x441a3a8d
           2298	      1145	001010ec	a1042603	lw	x12,-1520(x8)	  x8:0x00102000 x12=0x3f7d1f60 PA:0x00101a10 store:0x00000011
           2302	      1147	001010f0	a1042803	lw	x16,-1520(x8)	  x8:0x00102000 x16=0x3f7d1f60 PA:0x00101a10 store:0x00000011
           2312	      1152	001010f4	a0c92883	lw	x17,-1524(x18)	 x18:0x00102000 x17=0x420f30d3 PA:0x00101a0c store:0x3f7d1f60
           2314	      1153	001010f8	00c5fad3	fadd.s	f21,f11,f12	 f11:0x441a3a8d f12:0x3f7d1f60 f21=0x441a79d5
           2316	      1154	001010fc	d003fb53	fcvt.s.w	f22,x7	  x7:0x00000014 f22=0x41a00000
           2318	      1155	00101100	8900fbc3	fmadd.s	f23,f1,f16,f17	  f1:0x41980000 f16:0x3f7d1f60 f17:0x41980000 f23=0x42172550
           2322	      1157	00101104	00578c13	addi	x24,x15,5	 x15:0x00000010 x24=0x00000015
           2324	      1158	00101108	d00c7cd3	fcvt.s.w	f25,x24	 x24:0x00000015 f25=0x41a80000
           2326	      1159	0010110c	a154aa23	sw	x21,-1516(x9)	  x9:0x00102000 x21:0x441a79d5 PA:0x00101a14 store:0x441a79d5 load:0x420f30d3
           2328	      1160	00101110	a144ad03	lw	x26,-1516(x9)	  x9:0x00102000 x26=0x441a79d5 PA:0x00101a14 store:0x00102000
           2332	      1162	00101114	a1792623	sw	x23,-1524(x18)	 x18:0x00102000 x23:0x42172550 PA:0x00101a0c store:0x42172550 load:0x441a79d5
           2336	      1164	00101118	a1042d83	lw	x27,-1520(x8)	  x8:0x00102000 x27=0x3f7d1f60 PA:0x00101a10 store:0x3f7d1f60
           2340	      1166	0010111c	a1042e03	lw	x28,-1520(x8)	  x8:0x00102000 x28=0x3f7d1f60 PA:0x00101a10 store:0x3f7d1f60
           2350	      1171	00101120	a0c92e83	lw	x29,-1524(x18)	 x18:0x00102000 x29=0x42172550 PA:0x00101a0c store:0x3f7d1f60
           2352	      1172	00101124	01bd7f53	fadd.s	f30,f26,f27	 f26:0x441a79d5 f27:0x3f7d1f60 f30=0x441ab91d
           2356	      1174	00101128	00678f93	addi	x31,x15,6	 x15:0x00000010 x31=0x00000016
           2358	      1175	0010112c	e9cb76c3	fmadd.s	f13,f22,f28,f29	 f22:0x41a00000 f28:0x3f7d1f60 f29:0x41a00000 f13=0x421f19ce
           2360	      1176	00101130	d00ff753	fcvt.s.w	f14,x31	 x31:0x00000016 f14=0x41b00000
           2362	      1177	00101134	00778793	addi	x15,x15,7	 x15:0x00000010 x15=0x00000017
           2364	      1178	00101138	a1e4aa23	sw	x30,-1516(x9)	  x9:0x00102000 x30:0x441ab91d PA:0x00101a14 store:0x441ab91d load:0x42172550
           2366	      1179	0010113c	a144a503	lw	x10,-1516(x9)	  x9:0x00102000 x10=0x441ab91d PA:0x00101a14 store:0x00102000
           2370	      1181	00101140	a0d92623	sw	x13,-1524(x18)	 x18:0x00102000 x13:0x421f19ce PA:0x00101a0c store:0x421f19ce load:0x441ab91d
           2374	      1183	00101144	a1042303	lw	x6,-1520(x8)	  x8:0x00102000  x6=0x3f7d1f60 PA:0x00101a10 store:0x3f7d1f60
           2378	      1185	00101148	a1042083	lw	x1,-1520(x8)	  x8:0x00102000  x1=0x3f7d1f60 PA:0x00101a10 store:0x3f7d1f60
           2388	      1190	0010114c	a0c92383	lw	x7,-1524(x18)	 x18:0x00102000  x7=0x421f19ce PA:0x00101a0c store:0x3f7d1f60
           2390	      1191	00101150	006575d3	fadd.s	f11,f10,f6	 f10:0x441ab91d  f6:0x3f7d1f60 f11=0x441af865
           2392	      1192	00101154	381cf643	fmadd.s	f12,f25,f1,f7	 f25:0x41a80000  f1:0x3f7d1f60  f7:0x41a80000 f12=0x42270e4c
           2394	      1193	00101158	a0b4aa23	sw	x11,-1516(x9)	  x9:0x00102000 x11:0x441af865 PA:0x00101a14 store:0x441af865 load:0x421f19ce
           2396	      1194	0010115c	a0c92623	sw	x12,-1524(x18)	 x18:0x00102000 x12:0x42270e4c PA:0x00101a0c store:0x42270e4c load:0x421f19ce
           2400	      1196	00101160	a144a883	lw	x17,-1516(x9)	  x9:0x00102000 x17=0x441af865 PA:0x00101a14 store:0x00102000
           2404	      1198	00101164	a1042803	lw	x16,-1520(x8)	  x8:0x00102000 x16=0x3f7d1f60 PA:0x00101a10 store:0x3f7d1f60
           2408	      1200	00101168	a1042a83	lw	x21,-1520(x8)	  x8:0x00102000 x21=0x3f7d1f60 PA:0x00101a10 store:0x3f7d1f60
           2418	      1205	0010116c	a0c92b03	lw	x22,-1524(x18)	 x18:0x00102000 x22=0x42270e4c PA:0x00101a0c store:0x42270e4c
           2420	      1206	00101170	0108fbd3	fadd.s	f23,f17,f16	 f17:0x441af865 f16:0x3f7d1f60 f23=0x441b37ad
           2422	      1207	00101174	b1577c43	fmadd.s	f24,f14,f21,f22	 f14:0x41b00000 f21:0x3f7d1f60 f22:0x41b00000 f24=0x422f02c9
           2424	      1208	00101178	a174aa23	sw	x23,-1516(x9)	  x9:0x00102000 x23:0x441b37ad PA:0x00101a14 store:0x441b37ad load:0x42270e4c
           2426	      1209	0010117c	a144ac83	lw	x25,-1516(x9)	  x9:0x00102000 x25=0x441b37ad PA:0x00101a14 store:0x00102000
           2430	      1211	00101180	a1042d03	lw	x26,-1520(x8)	  x8:0x00102000 x26=0x3f7d1f60 PA:0x00101a10 store:0x3f7d1f60
           2440	      1216	00101184	a1892623	sw	x24,-1524(x18)	 x18:0x00102000 x24:0x422f02c9 PA:0x00101a0c store:0x422f02c9 load:0x3f7d1f60
           2442	      1217	00101188	01acfdd3	fadd.s	f27,f25,f26	 f25:0x441b37ad f26:0x3f7d1f60 f27=0x441b76f5
           2444	      1218	0010118c	a1b4aa23	sw	x27,-1516(x9)	  x9:0x00102000 x27:0x441b76f5 PA:0x00101a14 store:0x441b76f5 load:0x3f7d1f60
           2446	      1219	00101190	ee5794e3	bne	x15,x5,101078	 x15:0x00000017  x5:0x00000064
           2458	      1225	00101078	a1042083	lw	x1,-1520(x8)	  x8:0x00102000  x1=0x3f7d1f60 PA:0x00101a10 store:0x3f7d1f60
           2460	      1226	0010107c	d007f3d3	fcvt.s.w	f7,x15	 x15:0x00000017  f7=0x41b80000
           2462	      1227	00101080	a0c92583	lw	x11,-1524(x18)	 x18:0x00102000 x11=0x422f02c9 PA:0x00101a0c store:0x42270e4c
           2464	      1228	00101084	00178813	addi	x16,x15,1	 x15:0x00000017 x16=0x00000018
           2472	      1232	00101088	a144a603	lw	x12,-1516(x9)	  x9:0x00102000 x12=0x441b76f5 PA:0x00101a14 store:0x00102000
           2474	      1233	0010108c	5813f8c3	fmadd.s	f17,f7,f1,f11	  f7:0x41b80000  f1:0x3f7d1f60 f11:0x41b80000 f17=0x4236f746
           2480	      1236	00101090	a1042a83	lw	x21,-1520(x8)	  x8:0x00102000 x21=0x3f7d1f60 PA:0x00101a10 store:0x00000018
           2482	      1237	00101094	d0087b53	fcvt.s.w	f22,x16	 x16:0x00000018 f22=0x41c00000
           2488	      1240	00101098	a1042b83	lw	x23,-1520(x8)	  x8:0x00102000 x23=0x3f7d1f60 PA:0x00101a10 store:0x00000018
           2490	      1241	0010109c	01567c53	fadd.s	f24,f12,f21	 f12:0x441b76f5 f21:0x3f7d1f60 f24=0x441bb63d
           2492	      1242	001010a0	a1192623	sw	x17,-1524(x18)	 x18:0x00102000 x17:0x4236f746 PA:0x00101a0c store:0x4236f746 load:0x3f7d1f60
           2494	      1243	001010a4	a0c92c83	lw	x25,-1524(x18)	 x18:0x00102000 x25=0x4236f746 PA:0x00101a0c store:0x441b76f5
           2502	      1247	001010a8	00278d13	addi	x26,x15,2	 x15:0x00000017 x26=0x00000019
           2504	      1248	001010ac	d00d7dd3	fcvt.s.w	f27,x26	 x26:0x00000019 f27=0x41c80000
           2506	      1249	001010b0	c97b7e43	fmadd.s	f28,f22,f23,f25	 f22:0x41c00000 f23:0x3f7d1f60 f25:0x41c00000 f28=0x423eebc4
           2508	      1250	001010b4	a184aa23	sw	x24,-1516(x9)	  x9:0x00102000 x24:0x441bb63d PA:0x00101a14 store:0x441bb63d load:0x4236f746
           2510	      1251	001010b8	a144ae83	lw	x29,-1516(x9)	  x9:0x00102000 x29=0x441bb63d PA:0x00101a14 store:0x00102000
           2514	      1253	001010bc	a1042f03	lw	x30,-1520(x8)	  x8:0x00102000 x30=0x3f7d1f60 PA:0x00101a10 store:0x00000018
           2518	      1255	001010c0	a1042f83	lw	x31,-1520(x8)	  x8:0x00102000 x31=0x3f7d1f60 PA:0x00101a10 store:0x00000018
           2522	      1257	001010c4	a1c92623	sw	x28,-1524(x18)	 x18:0x00102000 x28:0x423eebc4 PA:0x00101a0c store:0x423eebc4 load:0x3f7d1f60
           2532	      1262	001010c8	a0c92683	lw	x13,-1524(x18)	 x18:0x00102000 x13=0x423eebc4 PA:0x00101a0c store:0x441b76f5
           2534	      1263	001010cc	01eef553	fadd.s	f10,f29,f30	 f29:0x441bb63d f30:0x3f7d1f60 f10=0x441bf585
           2538	      1265	001010d0	00378713	addi	x14,x15,3	 x15:0x00000017 x14=0x0000001a
           2540	      1266	001010d4	69fdf343	fmadd.s	f6,f27,f31,f13	 f27:0x41c80000 f31:0x3f7d1f60 f13:0x41c80000  f6=0x4246e042
           2542	      1267	001010d8	d00770d3	fcvt.s.w	f1,x14	 x14:0x0000001a  f1=0x41d00000
           2544	      1268	001010dc	00478393	addi	x7,x15,4	 x15:0x00000017  x7=0x0000001b
           2546	      1269	001010e0	a0a4aa23	sw	x10,-1516(x9)	  x9:0x00102000 x10:0x441bf585 PA:0x00101a14 store:0x441bf585 load:0x423eebc4
           2548	      1270	001010e4	a144a583	lw	x11,-1516(x9)	  x9:0x00102000 x11=0x441bf585 PA:0x00101a14 store:0x00102000
           2552	      1272	001010e8	a0692623	sw	x6,-1524(x18)	 x18:0x00102000  x6:0x4246e042 PA:0x00101a0c store:0x4246e042 load:0x441bf585
           2556	      1274	001010ec	a1042603	lw	x12,-1520(x8)	  x8:0x00102000 x12=0x3f7d1f60 PA:0x00101a10 store:0x00000018
           2560	      1276	001010f0	a1042803	lw	x16,-1520(x8)	  x8:0x00102000 x16=0x3f7d1f60 PA:0x00101a10 store:0x00000018
           2570	      1281	001010f4	a0c92883	lw	x17,-1524(x18)	 x18:0x00102000 x17=0x4246e042 PA:0x00101a0c store:0x3f7d1f60
           2572	      1282	001010f8	00c5fad3	fadd.s	f21,f11,f12	 f11:0x441bf585 f12:0x3f7d1f60 f21=0x441c34cd
           2574	      1283	001010fc	d003fb53	fcvt.s.w	f22,x7	  x7:0x0000001b f22=0x41d80000
           2576	      1284	00101100	8900fbc3	fmadd.s	f23,f1,f16,f17	  f1:0x41d00000 f16:0x3f7d1f60 f17:0x41d00000 f23=0x424ed4bf
           2580	      1286	00101104	00578c13	addi	x24,x15,5	 x15:0x00000017 x24=0x0000001c
           2582	      1287	00101108	d00c7cd3	fcvt.s.w	f25,x24	 x24:0x0000001c f25=0x41e00000
           2584	      1288	0010110c	a154aa23	sw	x21,-1516(x9)	  x9:0x00102000 x21:0x441c34cd PA:0x00101a14 store:0x441c34cd load:0x4246e042
           2586	      1289	00101110	a144ad03	lw	x26,-1516(x9)	  x9:0x00102000 x26=0x441c34cd PA:0x00101a14 store:0x00102000
           2590	      1291	00101114	a1792623	sw	x23,-1524(x18)	 x18:0x00102000 x23:0x424ed4bf PA:0x00101a0c store:0x424ed4bf load:0x441c34cd
           2594	      1293	00101118	a1042d83	lw	x27,-1520(x8)	  x8:0x00102000 x27=0x3f7d1f60 PA:0x00101a10 store:0x3f7d1f60
           2598	      1295	0010111c	a1042e03	lw	x28,-1520(x8)	  x8:0x00102000 x28=0x3f7d1f60 PA:0x00101a10 store:0x3f7d1f60
           2608	      1300	00101120	a0c92e83	lw	x29,-1524(x18)	 x18:0x00102000 x29=0x424ed4bf PA:0x00101a0c store:0x3f7d1f60
           2610	      1301	00101124	01bd7f53	fadd.s	f30,f26,f27	 f26:0x441c34cd f27:0x3f7d1f60 f30=0x441c7415
           2614	      1303	00101128	00678f93	addi	x31,x15,6	 x15:0x00000017 x31=0x0000001d
           2616	      1304	0010112c	e9cb76c3	fmadd.s	f13,f22,f28,f29	 f22:0x41d80000 f28:0x3f7d1f60 f29:0x41d80000 f13=0x4256c93c
           2618	      1305	00101130	d00ff753	fcvt.s.w	f14,x31	 x31:0x0000001d f14=0x41e80000
           2620	      1306	00101134	00778793	addi	x15,x15,7	 x15:0x00000017 x15=0x0000001e
           2622	      1307	00101138	a1e4aa23	sw	x30,-1516(x9)	  x9:0x00102000 x30:0x441c7415 PA:0x00101a14 store:0x441c7415 load:0x424ed4bf
           2624	      1308	0010113c	a144a503	lw	x10,-1516(x9)	  x9:0x00102000 x10=0x441c7415 PA:0x00101a14 store:0x00102000
           2628	      1310	00101140	a0d92623	sw	x13,-1524(x18)	 x18:0x00102000 x13:0x4256c93c PA:0x00101a0c store:0x4256c93c load:0x441c7415
           2632	      1312	00101144	a1042303	lw	x6,-1520(x8)	  x8:0x00102000  x6=0x3f7d1f60 PA:0x00101a10 store:0x3f7d1f60
           2636	      1314	00101148	a1042083	lw	x1,-1520(x8)	  x8:0x00102000  x1=0x3f7d1f60 PA:0x00101a10 store:0x3f7d1f60
           2646	      1319	0010114c	a0c92383	lw	x7,-1524(x18)	 x18:0x00102000  x7=0x4256c93c PA:0x00101a0c store:0x3f7d1f60
           2648	      1320	00101150	006575d3	fadd.s	f11,f10,f6	 f10:0x441c7415  f6:0x3f7d1f60 f11=0x441cb35d
           2650	      1321	00101154	381cf643	fmadd.s	f12,f25,f1,f7	 f25:0x41e00000  f1:0x3f7d1f60  f7:0x41e00000 f12=0x425ebdba
           2652	      1322	00101158	a0b4aa23	sw	x11,-1516(x9)	  x9:0x00102000 x11:0x441cb35d PA:0x00101a14 store:0x441cb35d load:0x4256c93c
           2654	      1323	0010115c	a0c92623	sw	x12,-1524(x18)	 x18:0x00102000 x12:0x425ebdba PA:0x00101a0c store:0x425ebdba load:0x4256c93c
           2658	      1325	00101160	a144a883	lw	x17,-1516(x9)	  x9:0x00102000 x17=0x441cb35d PA:0x00101a14 store:0x00102000
           2662	      1327	00101164	a1042803	lw	x16,-1520(x8)	  x8:0x00102000 x16=0x3f7d1f60 PA:0x00101a10 store:0x3f7d1f60
           2666	      1329	00101168	a1042a83	lw	x21,-1520(x8)	  x8:0x00102000 x21=0x3f7d1f60 PA:0x00101a10 store:0x3f7d1f60
           2676	      1334	0010116c	a0c92b03	lw	x22,-1524(x18)	 x18:0x00102000 x22=0x425ebdba PA:0x00101a0c store:0x425ebdba
           2678	      1335	00101170	0108fbd3	fadd.s	f23,f17,f16	 f17:0x441cb35d f16:0x3f7d1f60 f23=0x441cf2a5
           2680	      1336	00101174	b1577c43	fmadd.s	f24,f14,f21,f22	 f14:0x41e80000 f21:0x3f7d1f60 f22:0x41e80000 f24=0x4266b238
           2682	      1337	00101178	a174aa23	sw	x23,-1516(x9)	  x9:0x00102000 x23:0x441cf2a5 PA:0x00101a14 store:0x441cf2a5 load:0x425ebdba
           2684	      1338	0010117c	a144ac83	lw	x25,-1516(x9)	  x9:0x00102000 x25=0x441cf2a5 PA:0x00101a14 store:0x00102000
           2688	      1340	00101180	a1042d03	lw	x26,-1520(x8)	  x8:0x00102000 x26=0x3f7d1f60 PA:0x00101a10 store:0x3f7d1f60
           2698	      1345	00101184	a1892623	sw	x24,-1524(x18)	 x18:0x00102000 x24:0x4266b238 PA:0x00101a0c store:0x4266b238 load:0x3f7d1f60
           2700	      1346	00101188	01acfdd3	fadd.s	f27,f25,f26	 f25:0x441cf2a5 f26:0x3f7d1f60 f27=0x441d31ed
           2702	      1347	0010118c	a1b4aa23	sw	x27,-1516(x9)	  x9:0x00102000 x27:0x441d31ed PA:0x00101a14 store:0x441d31ed load:0x3f7d1f60
           2704	      1348	00101190	ee5794e3	bne	x15,x5,101078	 x15:0x0000001e  x5:0x00000064
           2716	      1354	00101078	a1042083	lw	x1,-1520(x8)	  x8:0x00102000  x1=0x3f7d1f60 PA:0x00101a10 store:0x3f7d1f60
           2718	      1355	0010107c	d007f3d3	fcvt.s.w	f7,x15	 x15:0x0000001e  f7=0x41f00000
           2720	      1356	00101080	a0c92583	lw	x11,-1524(x18)	 x18:0x00102000 x11=0x4266b238 PA:0x00101a0c store:0x425ebdba
           2722	      1357	00101084	00178813	addi	x16,x15,1	 x15:0x0000001e x16=0x0000001f
           2730	      1361	00101088	a144a603	lw	x12,-1516(x9)	  x9:0x00102000 x12=0x441d31ed PA:0x00101a14 store:0x00102000
           2732	      1362	0010108c	5813f8c3	fmadd.s	f17,f7,f1,f11	  f7:0x41f00000  f1:0x3f7d1f60 f11:0x41f00000 f17=0x426ea6b5
           2738	      1365	00101090	a1042a83	lw	x21,-1520(x8)	  x8:0x00102000 x21=0x3f7d1f60 PA:0x00101a10 store:0x0000001f
           2740	      1366	00101094	d0087b53	fcvt.s.w	f22,x16	 x16:0x0000001f f22=0x41f80000
           2746	      1369	00101098	a1042b83	lw	x23,-1520(x8)	  x8:0x00102000 x23=0x3f7d1f60 PA:0x00101a10 store:0x0000001f
           2748	      1370	0010109c	01567c53	fadd.s	f24,f12,f21	 f12:0x441d31ed f21:0x3f7d1f60 f24=0x441d7135
           2750	      1371	001010a0	a1192623	sw	x17,-1524(x18)	 x18:0x00102000 x17:0x426ea6b5 PA:0x00101a0c store:0x426ea6b5 load:0x3f7d1f60
           2752	      1372	001010a4	a0c92c83	lw	x25,-1524(x18)	 x18:0x00102000 x25=0x426ea6b5 PA:0x00101a0c store:0x441d31ed
           2760	      1376	001010a8	00278d13	addi	x26,x15,2	 x15:0x0000001e x26=0x00000020
           2762	      1377	001010ac	d00d7dd3	fcvt.s.w	f27,x26	 x26:0x00000020 f27=0x42000000
           2764	      1378	001010b0	c97b7e43	fmadd.s	f28,f22,f23,f25	 f22:0x41f80000 f23:0x3f7d1f60 f25:0x41f80000 f28=0x42769b32
           2766	      1379	001010b4	a184aa23	sw	x24,-1516(x9)	  x9:0x00102000 x24:0x441d7135 PA:0x00101a14 store:0x441d7135 load:0x426ea6b5
           2768	      1380	001010b8	a144ae83	lw	x29,-1516(x9)	  x9:0x00102000 x29=0x441d7135 PA:0x00101a14 store:0x00102000
           2772	      1382	001010bc	a1042f03	lw	x30,-1520(x8)	  x8:0x00102000 x30=0x3f7d1f60 PA:0x00101a10 store:0x0000001f
           2776	      1384	001010c0	a1042f83	lw	x31,-1520(x8)	  x8:0x00102000 x31=0x3f7d1f60 PA:0x00101a10 store:0x0000001f
           2780	      1386	001010c4	a1c92623	sw	x28,-1524(x18)	 x18:0x00102000 x28:0x42769b32 PA:0x00101a0c store:0x42769b32 load:0x3f7d1f60
           2790	      1391	001010c8	a0c92683	lw	x13,-1524(x18)	 x18:0x00102000 x13=0x42769b32 PA:0x00101a0c store:0x441d31ed
           2792	      1392	001010cc	01eef553	fadd.s	f10,f29,f30	 f29:0x441d7135 f30:0x3f7d1f60 f10=0x441db07d
           2796	      1394	001010d0	00378713	addi	x14,x15,3	 x15:0x0000001e x14=0x00000021
           2798	      1395	001010d4	69fdf343	fmadd.s	f6,f27,f31,f13	 f27:0x42000000 f31:0x3f7d1f60 f13:0x42000000  f6=0x427e8fb0
           2800	      1396	001010d8	d00770d3	fcvt.s.w	f1,x14	 x14:0x00000021  f1=0x42040000
           2802	      1397	001010dc	00478393	addi	x7,x15,4	 x15:0x0000001e  x7=0x00000022
           2804	      1398	001010e0	a0a4aa23	sw	x10,-1516(x9)	  x9:0x00102000 x10:0x441db07d PA:0x00101a14 store:0x441db07d load:0x42769b32
           2806	      1399	001010e4	a144a583	lw	x11,-1516(x9)	  x9:0x00102000 x11=0x441db07d PA:0x00101a14 store:0x00102000
           2810	      1401	001010e8	a0692623	sw	x6,-1524(x18)	 x18:0x00102000  x6:0x427e8fb0 PA:0x00101a0c store:0x427e8fb0 load:0x441db07d
           2814	      1403	001010ec	a1042603	lw	x12,-1520(x8)	  x8:0x00102000 x12=0x3f7d1f60 PA:0x00101a10 store:0x0000001f
           2818	      1405	001010f0	a1042803	lw	x16,-1520(x8)	  x8:0x00102000 x16=0x3f7d1f60 PA:0x00101a10 store:0x0000001f
           2828	      1410	001010f4	a0c92883	lw	x17,-1524(x18)	 x18:0x00102000 x17=0x427e8fb0 PA:0x00101a0c store:0x3f7d1f60
           2830	      1411	001010f8	00c5fad3	fadd.s	f21,f11,f12	 f11:0x441db07d f12:0x3f7d1f60 f21=0x441defc5
           2832	      1412	001010fc	d003fb53	fcvt.s.w	f22,x7	  x7:0x00000022 f22=0x42080000
           2834	      1413	00101100	8900fbc3	fmadd.s	f23,f1,f16,f17	  f1:0x42040000 f16:0x3f7d1f60 f17:0x42040000 f23=0x42834217
           2838	      1415	00101104	00578c13	addi	x24,x15,5	 x15:0x0000001e x24=0x00000023
           2840	      1416	00101108	d00c7cd3	fcvt.s.w	f25,x24	 x24:0x00000023 f25=0x420c0000
           2842	      1417	0010110c	a154aa23	sw	x21,-1516(x9)	  x9:0x00102000 x21:0x441defc5 PA:0x00101a14 store:0x441defc5 load:0x427e8fb0
           2844	      1418	00101110	a144ad03	lw	x26,-1516(x9)	  x9:0x00102000 x26=0x441defc5 PA:0x00101a14 store:0x00102000
           2848	      1420	00101114	a1792623	sw	x23,-1524(x18)	 x18:0x00102000 x23:0x42834217 PA:0x00101a0c store:0x42834217 load:0x441defc5
           2852	      1422	00101118	a1042d83	lw	x27,-1520(x8)	  x8:0x00102000 x27=0x3f7d1f60 PA:0x00101a10 store:0x3f7d1f60
           2856	      1424	0010111c	a1042e03	lw	x28,-1520(x8)	  x8:0x00102000 x28=0x3f7d1f60 PA:0x00101a10 store:0x3f7d1f60
           2866	      1429	00101120	a0c92e83	lw	x29,-1524(x18)	 x18:0x00102000 x29=0x42834217 PA:0x00101a0c store:0x3f7d1f60
           2868	      1430	00101124	01bd7f53	fadd.s	f30,f26,f27	 f26:0x441defc5 f27:0x3f7d1f60 f30=0x441e2f0d
           2872	      1432	00101128	00678f93	addi	x31,x15,6	 x15:0x0000001e x31=0x00000024
           2874	      1433	0010112c	e9cb76c3	fmadd.s	f13,f22,f28,f29	 f22:0x42080000 f28:0x3f7d1f60 f29:0x42080000 f13=0x42873c56
           2876	      1434	00101130	d00ff753	fcvt.s.w	f14,x31	 x31:0x00000024 f14=0x42100000
           2878	      1435	00101134	00778793	addi	x15,x15,7	 x15:0x0000001e x15=0x00000025
           2880	      1436	00101138	a1e4aa23	sw	x30,-1516(x9)	  x9:0x00102000 x30:0x441e2f0d PA:0x00101a14 store:0x441e2f0d load:0x42834217
           2882	      1437	0010113c	a144a503	lw	x10,-1516(x9)	  x9:0x00102000 x10=0x441e2f0d PA:0x00101a14 store:0x00102000
           2886	      1439	00101140	a0d92623	sw	x13,-1524(x18)	 x18:0x00102000 x13:0x42873c56 PA:0x00101a0c store:0x42873c56 load:0x441e2f0d
           2890	      1441	00101144	a1042303	lw	x6,-1520(x8)	  x8:0x00102000  x6=0x3f7d1f60 PA:0x00101a10 store:0x3f7d1f60
           2894	      1443	00101148	a1042083	lw	x1,-1520(x8)	  x8:0x00102000  x1=0x3f7d1f60 PA:0x00101a10 store:0x3f7d1f60
           2904	      1448	0010114c	a0c92383	lw	x7,-1524(x18)	 x18:0x00102000  x7=0x42873c56 PA:0x00101a0c store:0x3f7d1f60
           2906	      1449	00101150	006575d3	fadd.s	f11,f10,f6	 f10:0x441e2f0d  f6:0x3f7d1f60 f11=0x441e6e55
           2908	      1450	00101154	381cf643	fmadd.s	f12,f25,f1,f7	 f25:0x420c0000  f1:0x3f7d1f60  f7:0x420c0000 f12=0x428b3694
           2910	      1451	00101158	a0b4aa23	sw	x11,-1516(x9)	  x9:0x00102000 x11:0x441e6e55 PA:0x00101a14 store:0x441e6e55 load:0x42873c56
           2912	      1452	0010115c	a0c92623	sw	x12,-1524(x18)	 x18:0x00102000 x12:0x428b3694 PA:0x00101a0c store:0x428b3694 load:0x42873c56
           2916	      1454	00101160	a144a883	lw	x17,-1516(x9)	  x9:0x00102000 x17=0x441e6e55 PA:0x00101a14 store:0x00102000
           2920	      1456	00101164	a1042803	lw	x16,-1520(x8)	  x8:0x00102000 x16=0x3f7d1f60 PA:0x00101a10 store:0x3f7d1f60
           2924	      1458	00101168	a1042a83	lw	x21,-1520(x8)	  x8:0x00102000 x21=0x3f7d1f60 PA:0x00101a10 store:0x3f7d1f60
           2934	      1463	0010116c	a0c92b03	lw	x22,-1524(x18)	 x18:0x00102000 x22=0x428b3694 PA:0x00101a0c store:0x428b3694
           2936	      1464	00101170	0108fbd3	fadd.s	f23,f17,f16	 f17:0x441e6e55 f16:0x3f7d1f60 f23=0x441ead9d
           2938	      1465	00101174	b1577c43	fmadd.s	f24,f14,f21,f22	 f14:0x42100000 f21:0x3f7d1f60 f22:0x42100000 f24=0x428f30d3
           2940	      1466	00101178	a174aa23	sw	x23,-1516(x9)	  x9:0x00102000 x23:0x441ead9d PA:0x00101a14 store:0x441ead9d load:0x428b3694
           2942	      1467	0010117c	a144ac83	lw	x25,-1516(x9)	  x9:0x00102000 x25=0x441ead9d PA:0x00101a14 store:0x00102000
           2946	      1469	00101180	a1042d03	lw	x26,-1520(x8)	  x8:0x00102000 x26=0x3f7d1f60 PA:0x00101a10 store:0x3f7d1f60
           2956	      1474	00101184	a1892623	sw	x24,-1524(x18)	 x18:0x00102000 x24:0x428f30d3 PA:0x00101a0c store:0x428f30d3 load:0x3f7d1f60
           2958	      1475	00101188	01acfdd3	fadd.s	f27,f25,f26	 f25:0x441ead9d f26:0x3f7d1f60 f27=0x441eece5
           2960	      1476	0010118c	a1b4aa23	sw	x27,-1516(x9)	  x9:0x00102000 x27:0x441eece5 PA:0x00101a14 store:0x441eece5 load:0x3f7d1f60
           2962	      1477	00101190	ee5794e3	bne	x15,x5,101078	 x15:0x00000025  x5:0x00000064
           2974	      1483	00101078	a1042083	lw	x1,-1520(x8)	  x8:0x00102000  x1=0x3f7d1f60 PA:0x00101a10 store:0x3f7d1f60
           2976	      1484	0010107c	d007f3d3	fcvt.s.w	f7,x15	 x15:0x00000025  f7=0x42140000
           2978	      1485	00101080	a0c92583	lw	x11,-1524(x18)	 x18:0x00102000 x11=0x428f30d3 PA:0x00101a0c store:0x428b3694
           2980	      1486	00101084	00178813	addi	x16,x15,1	 x15:0x00000025 x16=0x00000026
           2988	      1490	00101088	a144a603	lw	x12,-1516(x9)	  x9:0x00102000 x12=0x441eece5 PA:0x00101a14 store:0x00102000
           2990	      1491	0010108c	5813f8c3	fmadd.s	f17,f7,f1,f11	  f7:0x42140000  f1:0x3f7d1f60 f11:0x42140000 f17=0x42932b12
           2996	      1494	00101090	a1042a83	lw	x21,-1520(x8)	  x8:0x00102000 x21=0x3f7d1f60 PA:0x00101a10 store:0x00000026
           2998	      1495	00101094	d0087b53	fcvt.s.w	f22,x16	 x16:0x00000026 f22=0x42180000
           3004	      1498	00101098	a1042b83	lw	x23,-1520(x8)	  x8:0x00102000 x23=0x3f7d1f60 PA:0x00101a10 store:0x00000026
           3006	      1499	0010109c	01567c53	fadd.s	f24,f12,f21	 f12:0x441eece5 f21:0x3f7d1f60 f24=0x441f2c2d
           3008	      1500	001010a0	a1192623	sw	x17,-1524(x18)	 x18:0x00102000 x17:0x42932b12 PA:0x00101a0c store:0x42932b12 load:0x3f7d1f60
           3010	      1501	001010a4	a0c92c83	lw	x25,-1524(x18)	 x18:0x00102000 x25=0x42932b12 PA:0x00101a0c store:0x441eece5
           3018	      1505	001010a8	00278d13	addi	x26,x15,2	 x15:0x00000025 x26=0x00000027
           3020	      1506	001010ac	d00d7dd3	fcvt.s.w	f27,x26	 x26:0x00000027 f27=0x421c0000
           3022	      1507	001010b0	c97b7e43	fmadd.s	f28,f22,f23,f25	 f22:0x42180000 f23:0x3f7d1f60 f25:0x42180000 f28=0x42972550
           3024	      1508	001010b4	a184aa23	sw	x24,-1516(x9)	  x9:0x00102000 x24:0x441f2c2d PA:0x00101a14 store:0x441f2c2d load:0x42932b12
           3026	      1509	001010b8	a144ae83	lw	x29,-1516(x9)	  x9:0x00102000 x29=0x441f2c2d PA:0x00101a14 store:0x00102000
           3030	      1511	001010bc	a1042f03	lw	x30,-1520(x8)	  x8:0x00102000 x30=0x3f7d1f60 PA:0x00101a10 store:0x00000026
           3034	      1513	001010c0	a1042f83	lw	x31,-1520(x8)	  x8:0x00102000 x31=0x3f7d1f60 PA:0x00101a10 store:0x00000026
           3038	      1515	001010c4	a1c92623	sw	x28,-1524(x18)	 x18:0x00102000 x28:0x42972550 PA:0x00101a0c store:0x42972550 load:0x3f7d1f60
           3048	      1520	001010c8	a0c92683	lw	x13,-1524(x18)	 x18:0x00102000 x13=0x42972550 PA:0x00101a0c store:0x441eece5
           3050	      1521	001010cc	01eef553	fadd.s	f10,f29,f30	 f29:0x441f2c2d f30:0x3f7d1f60 f10=0x441f6b75
           3054	      1523	001010d0	00378713	addi	x14,x15,3	 x15:0x00000025 x14=0x00000028
           3056	      1524	001010d4	69fdf343	fmadd.s	f6,f27,f31,f13	 f27:0x421c0000 f31:0x3f7d1f60 f13:0x421c0000  f6=0x429b1f8f
           3058	      1525	001010d8	d00770d3	fcvt.s.w	f1,x14	 x14:0x00000028  f1=0x42200000
           3060	      1526	001010dc	00478393	addi	x7,x15,4	 x15:0x00000025  x7=0x00000029
           3062	      1527	001010e0	a0a4aa23	sw	x10,-1516(x9)	  x9:0x00102000 x10:0x441f6b75 PA:0x00101a14 store:0x441f6b75 load:0x42972550
           3064	      1528	001010e4	a144a583	lw	x11,-1516(x9)	  x9:0x00102000 x11=0x441f6b75 PA:0x00101a14 store:0x00102000
           3068	      1530	001010e8	a0692623	sw	x6,-1524(x18)	 x18:0x00102000  x6:0x429b1f8f PA:0x00101a0c store:0x429b1f8f load:0x441f6b75
           3072	      1532	001010ec	a1042603	lw	x12,-1520(x8)	  x8:0x00102000 x12=0x3f7d1f60 PA:0x00101a10 store:0x00000026
           3076	      1534	001010f0	a1042803	lw	x16,-1520(x8)	  x8:0x00102000 x16=0x3f7d1f60 PA:0x00101a10 store:0x00000026
           3086	      1539	001010f4	a0c92883	lw	x17,-1524(x18)	 x18:0x00102000 x17=0x429b1f8f PA:0x00101a0c store:0x3f7d1f60
           3088	      1540	001010f8	00c5fad3	fadd.s	f21,f11,f12	 f11:0x441f6b75 f12:0x3f7d1f60 f21=0x441faabd
           3090	      1541	001010fc	d003fb53	fcvt.s.w	f22,x7	  x7:0x00000029 f22=0x42240000
           3092	      1542	00101100	8900fbc3	fmadd.s	f23,f1,f16,f17	  f1:0x42200000 f16:0x3f7d1f60 f17:0x42200000 f23=0x429f19ce
           3096	      1544	00101104	00578c13	addi	x24,x15,5	 x15:0x00000025 x24=0x0000002a
           3098	      1545	00101108	d00c7cd3	fcvt.s.w	f25,x24	 x24:0x0000002a f25=0x42280000
           3100	      1546	0010110c	a154aa23	sw	x21,-1516(x9)	  x9:0x00102000 x21:0x441faabd PA:0x00101a14 store:0x441faabd load:0x429b1f8f
           3102	      1547	00101110	a144ad03	lw	x26,-1516(x9)	  x9:0x00102000 x26=0x441faabd PA:0x00101a14 store:0x00102000
           3106	      1549	00101114	a1792623	sw	x23,-1524(x18)	 x18:0x00102000 x23:0x429f19ce PA:0x00101a0c store:0x429f19ce load:0x441faabd
           3110	      1551	00101118	a1042d83	lw	x27,-1520(x8)	  x8:0x00102000 x27=0x3f7d1f60 PA:0x00101a10 store:0x3f7d1f60
           3114	      1553	0010111c	a1042e03	lw	x28,-1520(x8)	  x8:0x00102000 x28=0x3f7d1f60 PA:0x00101a10 store:0x3f7d1f60
           3124	      1558	00101120	a0c92e83	lw	x29,-1524(x18)	 x18:0x00102000 x29=0x429f19ce PA:0x00101a0c store:0x3f7d1f60
           3126	      1559	00101124	01bd7f53	fadd.s	f30,f26,f27	 f26:0x441faabd f27:0x3f7d1f60 f30=0x441fea05
           3130	      1561	00101128	00678f93	addi	x31,x15,6	 x15:0x00000025 x31=0x0000002b
           3132	      1562	0010112c	e9cb76c3	fmadd.s	f13,f22,f28,f29	 f22:0x42240000 f28:0x3f7d1f60 f29:0x42240000 f13=0x42a3140d
           3134	      1563	00101130	d00ff753	fcvt.s.w	f14,x31	 x31:0x0000002b f14=0x422c0000
           3136	      1564	00101134	00778793	addi	x15,x15,7	 x15:0x00000025 x15=0x0000002c
           3138	      1565	00101138	a1e4aa23	sw	x30,-1516(x9)	  x9:0x00102000 x30:0x441fea05 PA:0x00101a14 store:0x441fea05 load:0x429f19ce
           3140	      1566	0010113c	a144a503	lw	x10,-1516(x9)	  x9:0x00102000 x10=0x441fea05 PA:0x00101a14 store:0x00102000
           3144	      1568	00101140	a0d92623	sw	x13,-1524(x18)	 x18:0x00102000 x13:0x42a3140d PA:0x00101a0c store:0x42a3140d load:0x441fea05
           3148	      1570	00101144	a1042303	lw	x6,-1520(x8)	  x8:0x00102000  x6=0x3f7d1f60 PA:0x00101a10 store:0x3f7d1f60
           3152	      1572	00101148	a1042083	lw	x1,-1520(x8)	  x8:0x00102000  x1=0x3f7d1f60 PA:0x00101a10 store:0x3f7d1f60
           3162	      1577	0010114c	a0c92383	lw	x7,-1524(x18)	 x18:0x00102000  x7=0x42a3140d PA:0x00101a0c store:0x3f7d1f60
           3164	      1578	00101150	006575d3	fadd.s	f11,f10,f6	 f10:0x441fea05  f6:0x3f7d1f60 f11=0x4420294d
           3166	      1579	00101154	381cf643	fmadd.s	f12,f25,f1,f7	 f25:0x42280000  f1:0x3f7d1f60  f7:0x42280000 f12=0x42a70e4c
           3168	      1580	00101158	a0b4aa23	sw	x11,-1516(x9)	  x9:0x00102000 x11:0x4420294d PA:0x00101a14 store:0x4420294d load:0x42a3140d
           3170	      1581	0010115c	a0c92623	sw	x12,-1524(x18)	 x18:0x00102000 x12:0x42a70e4c PA:0x00101a0c store:0x42a70e4c load:0x42a3140d
           3174	      1583	00101160	a144a883	lw	x17,-1516(x9)	  x9:0x00102000 x17=0x4420294d PA:0x00101a14 store:0x00102000
           3178	      1585	00101164	a1042803	lw	x16,-1520(x8)	  x8:0x00102000 x16=0x3f7d1f60 PA:0x00101a10 store:0x3f7d1f60
           3182	      1587	00101168	a1042a83	lw	x21,-1520(x8)	  x8:0x00102000 x21=0x3f7d1f60 PA:0x00101a10 store:0x3f7d1f60
           3192	      1592	0010116c	a0c92b03	lw	x22,-1524(x18)	 x18:0x00102000 x22=0x42a70e4c PA:0x00101a0c store:0x42a70e4c
           3194	      1593	00101170	0108fbd3	fadd.s	f23,f17,f16	 f17:0x4420294d f16:0x3f7d1f60 f23=0x44206895
           3196	      1594	00101174	b1577c43	fmadd.s	f24,f14,f21,f22	 f14:0x422c0000 f21:0x3f7d1f60 f22:0x422c0000 f24=0x42ab088a
           3198	      1595	00101178	a174aa23	sw	x23,-1516(x9)	  x9:0x00102000 x23:0x44206895 PA:0x00101a14 store:0x44206895 load:0x42a70e4c
           3200	      1596	0010117c	a144ac83	lw	x25,-1516(x9)	  x9:0x00102000 x25=0x44206895 PA:0x00101a14 store:0x00102000
           3204	      1598	00101180	a1042d03	lw	x26,-1520(x8)	  x8:0x00102000 x26=0x3f7d1f60 PA:0x00101a10 store:0x3f7d1f60
           3214	      1603	00101184	a1892623	sw	x24,-1524(x18)	 x18:0x00102000 x24:0x42ab088a PA:0x00101a0c store:0x42ab088a load:0x3f7d1f60
           3216	      1604	00101188	01acfdd3	fadd.s	f27,f25,f26	 f25:0x44206895 f26:0x3f7d1f60 f27=0x4420a7dd
           3218	      1605	0010118c	a1b4aa23	sw	x27,-1516(x9)	  x9:0x00102000 x27:0x4420a7dd PA:0x00101a14 store:0x4420a7dd load:0x3f7d1f60
           3220	      1606	00101190	ee5794e3	bne	x15,x5,101078	 x15:0x0000002c  x5:0x00000064
           3232	      1612	00101078	a1042083	lw	x1,-1520(x8)	  x8:0x00102000  x1=0x3f7d1f60 PA:0x00101a10 store:0x3f7d1f60
           3234	      1613	0010107c	d007f3d3	fcvt.s.w	f7,x15	 x15:0x0000002c  f7=0x42300000
           3236	      1614	00101080	a0c92583	lw	x11,-1524(x18)	 x18:0x00102000 x11=0x42ab088a PA:0x00101a0c store:0x42a70e4c
           3238	      1615	00101084	00178813	addi	x16,x15,1	 x15:0x0000002c x16=0x0000002d
           3246	      1619	00101088	a144a603	lw	x12,-1516(x9)	  x9:0x00102000 x12=0x4420a7dd PA:0x00101a14 store:0x00102000
           3248	      1620	0010108c	5813f8c3	fmadd.s	f17,f7,f1,f11	  f7:0x42300000  f1:0x3f7d1f60 f11:0x42300000 f17=0x42af02c9
           3254	      1623	00101090	a1042a83	lw	x21,-1520(x8)	  x8:0x00102000 x21=0x3f7d1f60 PA:0x00101a10 store:0x0000002d
           3256	      1624	00101094	d0087b53	fcvt.s.w	f22,x16	 x16:0x0000002d f22=0x42340000
           3262	      1627	00101098	a1042b83	lw	x23,-1520(x8)	  x8:0x00102000 x23=0x3f7d1f60 PA:0x00101a10 store:0x0000002d
           3264	      1628	0010109c	01567c53	fadd.s	f24,f12,f21	 f12:0x4420a7dd f21:0x3f7d1f60 f24=0x4420e725
           3266	      1629	001010a0	a1192623	sw	x17,-1524(x18)	 x18:0x00102000 x17:0x42af02c9 PA:0x00101a0c store:0x42af02c9 load:0x3f7d1f60
           3268	      1630	001010a4	a0c92c83	lw	x25,-1524(x18)	 x18:0x00102000 x25=0x42af02c9 PA:0x00101a0c store:0x4420a7dd
           3276	      1634	001010a8	00278d13	addi	x26,x15,2	 x15:0x0000002c x26=0x0000002e
           3278	      1635	001010ac	d00d7dd3	fcvt.s.w	f27,x26	 x26:0x0000002e f27=0x42380000
           3280	      1636	001010b0	c97b7e43	fmadd.s	f28,f22,f23,f25	 f22:0x42340000 f23:0x3f7d1f60 f25:0x42340000 f28=0x42b2fd08
           3282	      1637	001010b4	a184aa23	sw	x24,-1516(x9)	  x9:0x00102000 x24:0x4420e725 PA:0x00101a14 store:0x4420e725 load:0x42af02c9
           3284	      1638	001010b8	a144ae83	lw	x29,-1516(x9)	  x9:0x00102000 x29=0x4420e725 PA:0x00101a14 store:0x00102000
           3288	      1640	001010bc	a1042f03	lw	x30,-1520(x8)	  x8:0x00102000 x30=0x3f7d1f60 PA:0x00101a10 store:0x0000002d
           3292	      1642	001010c0	a1042f83	lw	x31,-1520(x8)	  x8:0x00102000 x31=0x3f7d1f60 PA:0x00101a10 store:0x0000002d
           3296	      1644	001010c4	a1c92623	sw	x28,-1524(x18)	 x18:0x00102000 x28:0x42b2fd08 PA:0x00101a0c store:0x42b2fd08 load:0x3f7d1f60
           3306	      1649	001010c8	a0c92683	lw	x13,-1524(x18)	 x18:0x00102000 x13=0x42b2fd08 PA:0x00101a0c store:0x4420a7dd
           3308	      1650	001010cc	01eef553	fadd.s	f10,f29,f30	 f29:0x4420e725 f30:0x3f7d1f60 f10=0x4421266d
           3312	      1652	001010d0	00378713	addi	x14,x15,3	 x15:0x0000002c x14=0x0000002f
           3314	      1653	001010d4	69fdf343	fmadd.s	f6,f27,f31,f13	 f27:0x42380000 f31:0x3f7d1f60 f13:0x42380000  f6=0x42b6f746
           3316	      1654	001010d8	d00770d3	fcvt.s.w	f1,x14	 x14:0x0000002f  f1=0x423c0000
           3318	      1655	001010dc	00478393	addi	x7,x15,4	 x15:0x0000002c  x7=0x00000030
           3320	      1656	001010e0	a0a4aa23	sw	x10,-1516(x9)	  x9:0x00102000 x10:0x4421266d PA:0x00101a14 store:0x4421266d load:0x42b2fd08
           3322	      1657	001010e4	a144a583	lw	x11,-1516(x9)	  x9:0x00102000 x11=0x4421266d PA:0x00101a14 store:0x00102000
           3326	      1659	001010e8	a0692623	sw	x6,-1524(x18)	 x18:0x00102000  x6:0x42b6f746 PA:0x00101a0c store:0x42b6f746 load:0x4421266d
           3330	      1661	001010ec	a1042603	lw	x12,-1520(x8)	  x8:0x00102000 x12=0x3f7d1f60 PA:0x00101a10 store:0x0000002d
           3334	      1663	001010f0	a1042803	lw	x16,-1520(x8)	  x8:0x00102000 x16=0x3f7d1f60 PA:0x00101a10 store:0x0000002d
           3344	      1668	001010f4	a0c92883	lw	x17,-1524(x18)	 x18:0x00102000 x17=0x42b6f746 PA:0x00101a0c store:0x3f7d1f60
           3346	      1669	001010f8	00c5fad3	fadd.s	f21,f11,f12	 f11:0x4421266d f12:0x3f7d1f60 f21=0x442165b5
           3348	      1670	001010fc	d003fb53	fcvt.s.w	f22,x7	  x7:0x00000030 f22=0x42400000
           3350	      1671	00101100	8900fbc3	fmadd.s	f23,f1,f16,f17	  f1:0x423c0000 f16:0x3f7d1f60 f17:0x423c0000 f23=0x42baf185
           3354	      1673	00101104	00578c13	addi	x24,x15,5	 x15:0x0000002c x24=0x00000031
           3356	      1674	00101108	d00c7cd3	fcvt.s.w	f25,x24	 x24:0x00000031 f25=0x42440000
           3358	      1675	0010110c	a154aa23	sw	x21,-1516(x9)	  x9:0x00102000 x21:0x442165b5 PA:0x00101a14 store:0x442165b5 load:0x42b6f746
           3360	      1676	00101110	a144ad03	lw	x26,-1516(x9)	  x9:0x00102000 x26=0x442165b5 PA:0x00101a14 store:0x00102000
           3364	      1678	00101114	a1792623	sw	x23,-1524(x18)	 x18:0x00102000 x23:0x42baf185 PA:0x00101a0c store:0x42baf185 load:0x442165b5
           3368	      1680	00101118	a1042d83	lw	x27,-1520(x8)	  x8:0x00102000 x27=0x3f7d1f60 PA:0x00101a10 store:0x3f7d1f60
           3372	      1682	0010111c	a1042e03	lw	x28,-1520(x8)	  x8:0x00102000 x28=0x3f7d1f60 PA:0x00101a10 store:0x3f7d1f60
           3382	      1687	00101120	a0c92e83	lw	x29,-1524(x18)	 x18:0x00102000 x29=0x42baf185 PA:0x00101a0c store:0x3f7d1f60
           3384	      1688	00101124	01bd7f53	fadd.s	f30,f26,f27	 f26:0x442165b5 f27:0x3f7d1f60 f30=0x4421a4fd
           3388	      1690	00101128	00678f93	addi	x31,x15,6	 x15:0x0000002c x31=0x00000032
           3390	      1691	0010112c	e9cb76c3	fmadd.s	f13,f22,f28,f29	 f22:0x42400000 f28:0x3f7d1f60 f29:0x42400000 f13=0x42beebc4
           3392	      1692	00101130	d00ff753	fcvt.s.w	f14,x31	 x31:0x00000032 f14=0x42480000
           3394	      1693	00101134	00778793	addi	x15,x15,7	 x15:0x0000002c x15=0x00000033
           3396	      1694	00101138	a1e4aa23	sw	x30,-1516(x9)	  x9:0x00102000 x30:0x4421a4fd PA:0x00101a14 store:0x4421a4fd load:0x42baf185
           3398	      1695	0010113c	a144a503	lw	x10,-1516(x9)	  x9:0x00102000 x10=0x4421a4fd PA:0x00101a14 store:0x00102000
           3402	      1697	00101140	a0d92623	sw	x13,-1524(x18)	 x18:0x00102000 x13:0x42beebc4 PA:0x00101a0c store:0x42beebc4 load:0x4421a4fd
           3406	      1699	00101144	a1042303	lw	x6,-1520(x8)	  x8:0x00102000  x6=0x3f7d1f60 PA:0x00101a10 store:0x3f7d1f60
           3410	      1701	00101148	a1042083	lw	x1,-1520(x8)	  x8:0x00102000  x1=0x3f7d1f60 PA:0x00101a10 store:0x3f7d1f60
           3420	      1706	0010114c	a0c92383	lw	x7,-1524(x18)	 x18:0x00102000  x7=0x42beebc4 PA:0x00101a0c store:0x3f7d1f60
           3422	      1707	00101150	006575d3	fadd.s	f11,f10,f6	 f10:0x4421a4fd  f6:0x3f7d1f60 f11=0x4421e445
           3424	      1708	00101154	381cf643	fmadd.s	f12,f25,f1,f7	 f25:0x42440000  f1:0x3f7d1f60  f7:0x42440000 f12=0x42c2e603
           3426	      1709	00101158	a0b4aa23	sw	x11,-1516(x9)	  x9:0x00102000 x11:0x4421e445 PA:0x00101a14 store:0x4421e445 load:0x42beebc4
           3428	      1710	0010115c	a0c92623	sw	x12,-1524(x18)	 x18:0x00102000 x12:0x42c2e603 PA:0x00101a0c store:0x42c2e603 load:0x42beebc4
           3432	      1712	00101160	a144a883	lw	x17,-1516(x9)	  x9:0x00102000 x17=0x4421e445 PA:0x00101a14 store:0x00102000
           3436	      1714	00101164	a1042803	lw	x16,-1520(x8)	  x8:0x00102000 x16=0x3f7d1f60 PA:0x00101a10 store:0x3f7d1f60
           3440	      1716	00101168	a1042a83	lw	x21,-1520(x8)	  x8:0x00102000 x21=0x3f7d1f60 PA:0x00101a10 store:0x3f7d1f60
           3450	      1721	0010116c	a0c92b03	lw	x22,-1524(x18)	 x18:0x00102000 x22=0x42c2e603 PA:0x00101a0c store:0x42c2e603
           3452	      1722	00101170	0108fbd3	fadd.s	f23,f17,f16	 f17:0x4421e445 f16:0x3f7d1f60 f23=0x4422238d
           3454	      1723	00101174	b1577c43	fmadd.s	f24,f14,f21,f22	 f14:0x42480000 f21:0x3f7d1f60 f22:0x42480000 f24=0x42c6e042
           3456	      1724	00101178	a174aa23	sw	x23,-1516(x9)	  x9:0x00102000 x23:0x4422238d PA:0x00101a14 store:0x4422238d load:0x42c2e603
           3458	      1725	0010117c	a144ac83	lw	x25,-1516(x9)	  x9:0x00102000 x25=0x4422238d PA:0x00101a14 store:0x00102000
           3462	      1727	00101180	a1042d03	lw	x26,-1520(x8)	  x8:0x00102000 x26=0x3f7d1f60 PA:0x00101a10 store:0x3f7d1f60
           3472	      1732	00101184	a1892623	sw	x24,-1524(x18)	 x18:0x00102000 x24:0x42c6e042 PA:0x00101a0c store:0x42c6e042 load:0x3f7d1f60
           3474	      1733	00101188	01acfdd3	fadd.s	f27,f25,f26	 f25:0x4422238d f26:0x3f7d1f60 f27=0x442262d5
           3476	      1734	0010118c	a1b4aa23	sw	x27,-1516(x9)	  x9:0x00102000 x27:0x442262d5 PA:0x00101a14 store:0x442262d5 load:0x3f7d1f60
           3478	      1735	00101190	ee5794e3	bne	x15,x5,101078	 x15:0x00000033  x5:0x00000064
           3490	      1741	00101078	a1042083	lw	x1,-1520(x8)	  x8:0x00102000  x1=0x3f7d1f60 PA:0x00101a10 store:0x3f7d1f60
           3492	      1742	0010107c	d007f3d3	fcvt.s.w	f7,x15	 x15:0x00000033  f7=0x424c0000
           3494	      1743	00101080	a0c92583	lw	x11,-1524(x18)	 x18:0x00102000 x11=0x42c6e042 PA:0x00101a0c store:0x42c2e603
           3496	      1744	00101084	00178813	addi	x16,x15,1	 x15:0x00000033 x16=0x00000034
           3504	      1748	00101088	a144a603	lw	x12,-1516(x9)	  x9:0x00102000 x12=0x442262d5 PA:0x00101a14 store:0x00102000
           3506	      1749	0010108c	5813f8c3	fmadd.s	f17,f7,f1,f11	  f7:0x424c0000  f1:0x3f7d1f60 f11:0x424c0000 f17=0x42cada80
           3512	      1752	00101090	a1042a83	lw	x21,-1520(x8)	  x8:0x00102000 x21=0x3f7d1f60 PA:0x00101a10 store:0x00000034
           3514	      1753	00101094	d0087b53	fcvt.s.w	f22,x16	 x16:0x00000034 f22=0x42500000
           3520	      1756	00101098	a1042b83	lw	x23,-1520(x8)	  x8:0x00102000 x23=0x3f7d1f60 PA:0x00101a10 store:0x00000034
           3522	      1757	0010109c	01567c53	fadd.s	f24,f12,f21	 f12:0x442262d5 f21:0x3f7d1f60 f24=0x4422a21d
           3524	      1758	001010a0	a1192623	sw	x17,-1524(x18)	 x18:0x00102000 x17:0x42cada80 PA:0x00101a0c store:0x42cada80 load:0x3f7d1f60
           3526	      1759	001010a4	a0c92c83	lw	x25,-1524(x18)	 x18:0x00102000 x25=0x42cada80 PA:0x00101a0c store:0x442262d5
           3534	      1763	001010a8	00278d13	addi	x26,x15,2	 x15:0x00000033 x26=0x00000035
           3536	      1764	001010ac	d00d7dd3	fcvt.s.w	f27,x26	 x26:0x00000035 f27=0x42540000
           3538	      1765	001010b0	c97b7e43	fmadd.s	f28,f22,f23,f25	 f22:0x42500000 f23:0x3f7d1f60 f25:0x42500000 f28=0x42ced4bf
           3540	      1766	001010b4	a184aa23	sw	x24,-1516(x9)	  x9:0x00102000 x24:0x4422a21d PA:0x00101a14 store:0x4422a21d load:0x42cada80
           3542	      1767	001010b8	a144ae83	lw	x29,-1516(x9)	  x9:0x00102000 x29=0x4422a21d PA:0x00101a14 store:0x00102000
           3546	      1769	001010bc	a1042f03	lw	x30,-1520(x8)	  x8:0x00102000 x30=0x3f7d1f60 PA:0x00101a10 store:0x00000034
           3550	      1771	001010c0	a1042f83	lw	x31,-1520(x8)	  x8:0x00102000 x31=0x3f7d1f60 PA:0x00101a10 store:0x00000034
           3554	      1773	001010c4	a1c92623	sw	x28,-1524(x18)	 x18:0x00102000 x28:0x42ced4bf PA:0x00101a0c store:0x42ced4bf load:0x3f7d1f60
           3564	      1778	001010c8	a0c92683	lw	x13,-1524(x18)	 x18:0x00102000 x13=0x42ced4bf PA:0x00101a0c store:0x442262d5
           3566	      1779	001010cc	01eef553	fadd.s	f10,f29,f30	 f29:0x4422a21d f30:0x3f7d1f60 f10=0x4422e165
           3570	      1781	001010d0	00378713	addi	x14,x15,3	 x15:0x00000033 x14=0x00000036
           3572	      1782	001010d4	69fdf343	fmadd.s	f6,f27,f31,f13	 f27:0x42540000 f31:0x3f7d1f60 f13:0x42540000  f6=0x42d2cefe
           3574	      1783	001010d8	d00770d3	fcvt.s.w	f1,x14	 x14:0x00000036  f1=0x42580000
           3576	      1784	001010dc	00478393	addi	x7,x15,4	 x15:0x00000033  x7=0x00000037
           3578	      1785	001010e0	a0a4aa23	sw	x10,-1516(x9)	  x9:0x00102000 x10:0x4422e165 PA:0x00101a14 store:0x4422e165 load:0x42ced4bf
           3580	      1786	001010e4	a144a583	lw	x11,-1516(x9)	  x9:0x00102000 x11=0x4422e165 PA:0x00101a14 store:0x00102000
           3584	      1788	001010e8	a0692623	sw	x6,-1524(x18)	 x18:0x00102000  x6:0x42d2cefe PA:0x00101a0c store:0x42d2cefe load:0x4422e165
           3588	      1790	001010ec	a1042603	lw	x12,-1520(x8)	  x8:0x00102000 x12=0x3f7d1f60 PA:0x00101a10 store:0x00000034
           3592	      1792	001010f0	a1042803	lw	x16,-1520(x8)	  x8:0x00102000 x16=0x3f7d1f60 PA:0x00101a10 store:0x00000034
           3602	      1797	001010f4	a0c92883	lw	x17,-1524(x18)	 x18:0x00102000 x17=0x42d2cefe PA:0x00101a0c store:0x3f7d1f60
           3604	      1798	001010f8	00c5fad3	fadd.s	f21,f11,f12	 f11:0x4422e165 f12:0x3f7d1f60 f21=0x442320ad
           3606	      1799	001010fc	d003fb53	fcvt.s.w	f22,x7	  x7:0x00000037 f22=0x425c0000
           3608	      1800	00101100	8900fbc3	fmadd.s	f23,f1,f16,f17	  f1:0x42580000 f16:0x3f7d1f60 f17:0x42580000 f23=0x42d6c93c
           3612	      1802	00101104	00578c13	addi	x24,x15,5	 x15:0x00000033 x24=0x00000038
           3614	      1803	00101108	d00c7cd3	fcvt.s.w	f25,x24	 x24:0x00000038 f25=0x42600000
           3616	      1804	0010110c	a154aa23	sw	x21,-1516(x9)	  x9:0x00102000 x21:0x442320ad PA:0x00101a14 store:0x442320ad load:0x42d2cefe
           3618	      1805	00101110	a144ad03	lw	x26,-1516(x9)	  x9:0x00102000 x26=0x442320ad PA:0x00101a14 store:0x00102000
           3622	      1807	00101114	a1792623	sw	x23,-1524(x18)	 x18:0x00102000 x23:0x42d6c93c PA:0x00101a0c store:0x42d6c93c load:0x442320ad
           3626	      1809	00101118	a1042d83	lw	x27,-1520(x8)	  x8:0x00102000 x27=0x3f7d1f60 PA:0x00101a10 store:0x3f7d1f60
           3630	      1811	0010111c	a1042e03	lw	x28,-1520(x8)	  x8:0x00102000 x28=0x3f7d1f60 PA:0x00101a10 store:0x3f7d1f60
           3640	      1816	00101120	a0c92e83	lw	x29,-1524(x18)	 x18:0x00102000 x29=0x42d6c93c PA:0x00101a0c store:0x3f7d1f60
           3642	      1817	00101124	01bd7f53	fadd.s	f30,f26,f27	 f26:0x442320ad f27:0x3f7d1f60 f30=0x44235ff5
           3646	      1819	00101128	00678f93	addi	x31,x15,6	 x15:0x00000033 x31=0x00000039
           3648	      1820	0010112c	e9cb76c3	fmadd.s	f13,f22,f28,f29	 f22:0x425c0000 f28:0x3f7d1f60 f29:0x425c0000 f13=0x42dac37b
           3650	      1821	00101130	d00ff753	fcvt.s.w	f14,x31	 x31:0x00000039 f14=0x42640000
           3652	      1822	00101134	00778793	addi	x15,x15,7	 x15:0x00000033 x15=0x0000003a
           3654	      1823	00101138	a1e4aa23	sw	x30,-1516(x9)	  x9:0x00102000 x30:0x44235ff5 PA:0x00101a14 store:0x44235ff5 load:0x42d6c93c
           3656	      1824	0010113c	a144a503	lw	x10,-1516(x9)	  x9:0x00102000 x10=0x44235ff5 PA:0x00101a14 store:0x00102000
           3660	      1826	00101140	a0d92623	sw	x13,-1524(x18)	 x18:0x00102000 x13:0x42dac37b PA:0x00101a0c store:0x42dac37b load:0x44235ff5
           3664	      1828	00101144	a1042303	lw	x6,-1520(x8)	  x8:0x00102000  x6=0x3f7d1f60 PA:0x00101a10 store:0x3f7d1f60
           3668	      1830	00101148	a1042083	lw	x1,-1520(x8)	  x8:0x00102000  x1=0x3f7d1f60 PA:0x00101a10 store:0x3f7d1f60
           3678	      1835	0010114c	a0c92383	lw	x7,-1524(x18)	 x18:0x00102000  x7=0x42dac37b PA:0x00101a0c store:0x3f7d1f60
           3680	      1836	00101150	006575d3	fadd.s	f11,f10,f6	 f10:0x44235ff5  f6:0x3f7d1f60 f11=0x44239f3d
           3682	      1837	00101154	381cf643	fmadd.s	f12,f25,f1,f7	 f25:0x42600000  f1:0x3f7d1f60  f7:0x42600000 f12=0x42debdba
           3684	      1838	00101158	a0b4aa23	sw	x11,-1516(x9)	  x9:0x00102000 x11:0x44239f3d PA:0x00101a14 store:0x44239f3d load:0x42dac37b
           3686	      1839	0010115c	a0c92623	sw	x12,-1524(x18)	 x18:0x00102000 x12:0x42debdba PA:0x00101a0c store:0x42debdba load:0x42dac37b
           3690	      1841	00101160	a144a883	lw	x17,-1516(x9)	  x9:0x00102000 x17=0x44239f3d PA:0x00101a14 store:0x00102000
           3694	      1843	00101164	a1042803	lw	x16,-1520(x8)	  x8:0x00102000 x16=0x3f7d1f60 PA:0x00101a10 store:0x3f7d1f60
           3698	      1845	00101168	a1042a83	lw	x21,-1520(x8)	  x8:0x00102000 x21=0x3f7d1f60 PA:0x00101a10 store:0x3f7d1f60
           3708	      1850	0010116c	a0c92b03	lw	x22,-1524(x18)	 x18:0x00102000 x22=0x42debdba PA:0x00101a0c store:0x42debdba
           3710	      1851	00101170	0108fbd3	fadd.s	f23,f17,f16	 f17:0x44239f3d f16:0x3f7d1f60 f23=0x4423de85
           3712	      1852	00101174	b1577c43	fmadd.s	f24,f14,f21,f22	 f14:0x42640000 f21:0x3f7d1f60 f22:0x42640000 f24=0x42e2b7f9
           3714	      1853	00101178	a174aa23	sw	x23,-1516(x9)	  x9:0x00102000 x23:0x4423de85 PA:0x00101a14 store:0x4423de85 load:0x42debdba
           3716	      1854	0010117c	a144ac83	lw	x25,-1516(x9)	  x9:0x00102000 x25=0x4423de85 PA:0x00101a14 store:0x00102000
           3720	      1856	00101180	a1042d03	lw	x26,-1520(x8)	  x8:0x00102000 x26=0x3f7d1f60 PA:0x00101a10 store:0x3f7d1f60
           3730	      1861	00101184	a1892623	sw	x24,-1524(x18)	 x18:0x00102000 x24:0x42e2b7f9 PA:0x00101a0c store:0x42e2b7f9 load:0x3f7d1f60
           3732	      1862	00101188	01acfdd3	fadd.s	f27,f25,f26	 f25:0x4423de85 f26:0x3f7d1f60 f27=0x44241dcd
           3734	      1863	0010118c	a1b4aa23	sw	x27,-1516(x9)	  x9:0x00102000 x27:0x44241dcd PA:0x00101a14 store:0x44241dcd load:0x3f7d1f60
           3736	      1864	00101190	ee5794e3	bne	x15,x5,101078	 x15:0x0000003a  x5:0x00000064
           3748	      1870	00101078	a1042083	lw	x1,-1520(x8)	  x8:0x00102000  x1=0x3f7d1f60 PA:0x00101a10 store:0x3f7d1f60
           3750	      1871	0010107c	d007f3d3	fcvt.s.w	f7,x15	 x15:0x0000003a  f7=0x42680000
           3752	      1872	00101080	a0c92583	lw	x11,-1524(x18)	 x18:0x00102000 x11=0x42e2b7f9 PA:0x00101a0c store:0x42debdba
           3754	      1873	00101084	00178813	addi	x16,x15,1	 x15:0x0000003a x16=0x0000003b
           3762	      1877	00101088	a144a603	lw	x12,-1516(x9)	  x9:0x00102000 x12=0x44241dcd PA:0x00101a14 store:0x00102000
           3764	      1878	0010108c	5813f8c3	fmadd.s	f17,f7,f1,f11	  f7:0x42680000  f1:0x3f7d1f60 f11:0x42680000 f17=0x42e6b238
           3770	      1881	00101090	a1042a83	lw	x21,-1520(x8)	  x8:0x00102000 x21=0x3f7d1f60 PA:0x00101a10 store:0x0000003b
           3772	      1882	00101094	d0087b53	fcvt.s.w	f22,x16	 x16:0x0000003b f22=0x426c0000
           3778	      1885	00101098	a1042b83	lw	x23,-1520(x8)	  x8:0x00102000 x23=0x3f7d1f60 PA:0x00101a10 store:0x0000003b
           3780	      1886	0010109c	01567c53	fadd.s	f24,f12,f21	 f12:0x44241dcd f21:0x3f7d1f60 f24=0x44245d15
           3782	      1887	001010a0	a1192623	sw	x17,-1524(x18)	 x18:0x00102000 x17:0x42e6b238 PA:0x00101a0c store:0x42e6b238 load:0x3f7d1f60
           3784	      1888	001010a4	a0c92c83	lw	x25,-1524(x18)	 x18:0x00102000 x25=0x42e6b238 PA:0x00101a0c store:0x44241dcd
           3792	      1892	001010a8	00278d13	addi	x26,x15,2	 x15:0x0000003a x26=0x0000003c
           3794	      1893	001010ac	d00d7dd3	fcvt.s.w	f27,x26	 x26:0x0000003c f27=0x42700000
           3796	      1894	001010b0	c97b7e43	fmadd.s	f28,f22,f23,f25	 f22:0x426c0000 f23:0x3f7d1f60 f25:0x426c0000 f28=0x42eaac76
           3798	      1895	001010b4	a184aa23	sw	x24,-1516(x9)	  x9:0x00102000 x24:0x44245d15 PA:0x00101a14 store:0x44245d15 load:0x42e6b238
           3800	      1896	001010b8	a144ae83	lw	x29,-1516(x9)	  x9:0x00102000 x29=0x44245d15 PA:0x00101a14 store:0x00102000
           3804	      1898	001010bc	a1042f03	lw	x30,-1520(x8)	  x8:0x00102000 x30=0x3f7d1f60 PA:0x00101a10 store:0x0000003b
           3808	      1900	001010c0	a1042f83	lw	x31,-1520(x8)	  x8:0x00102000 x31=0x3f7d1f60 PA:0x00101a10 store:0x0000003b
           3812	      1902	001010c4	a1c92623	sw	x28,-1524(x18)	 x18:0x00102000 x28:0x42eaac76 PA:0x00101a0c store:0x42eaac76 load:0x3f7d1f60
           3822	      1907	001010c8	a0c92683	lw	x13,-1524(x18)	 x18:0x00102000 x13=0x42eaac76 PA:0x00101a0c store:0x44241dcd
           3824	      1908	001010cc	01eef553	fadd.s	f10,f29,f30	 f29:0x44245d15 f30:0x3f7d1f60 f10=0x44249c5d
           3828	      1910	001010d0	00378713	addi	x14,x15,3	 x15:0x0000003a x14=0x0000003d
           3830	      1911	001010d4	69fdf343	fmadd.s	f6,f27,f31,f13	 f27:0x42700000 f31:0x3f7d1f60 f13:0x42700000  f6=0x42eea6b5
           3832	      1912	001010d8	d00770d3	fcvt.s.w	f1,x14	 x14:0x0000003d  f1=0x42740000
           3834	      1913	001010dc	00478393	addi	x7,x15,4	 x15:0x0000003a  x7=0x0000003e
           3836	      1914	001010e0	a0a4aa23	sw	x10,-1516(x9)	  x9:0x00102000 x10:0x44249c5d PA:0x00101a14 store:0x44249c5d load:0x42eaac76
           3838	      1915	001010e4	a144a583	lw	x11,-1516(x9)	  x9:0x00102000 x11=0x44249c5d PA:0x00101a14 store:0x00102000
           3842	      1917	001010e8	a0692623	sw	x6,-1524(x18)	 x18:0x00102000  x6:0x42eea6b5 PA:0x00101a0c store:0x42eea6b5 load:0x44249c5d
           3846	      1919	001010ec	a1042603	lw	x12,-1520(x8)	  x8:0x00102000 x12=0x3f7d1f60 PA:0x00101a10 store:0x0000003b
           3850	      1921	001010f0	a1042803	lw	x16,-1520(x8)	  x8:0x00102000 x16=0x3f7d1f60 PA:0x00101a10 store:0x0000003b
           3860	      1926	001010f4	a0c92883	lw	x17,-1524(x18)	 x18:0x00102000 x17=0x42eea6b5 PA:0x00101a0c store:0x3f7d1f60
           3862	      1927	001010f8	00c5fad3	fadd.s	f21,f11,f12	 f11:0x44249c5d f12:0x3f7d1f60 f21=0x4424dba5
           3864	      1928	001010fc	d003fb53	fcvt.s.w	f22,x7	  x7:0x0000003e f22=0x42780000
           3866	      1929	00101100	8900fbc3	fmadd.s	f23,f1,f16,f17	  f1:0x42740000 f16:0x3f7d1f60 f17:0x42740000 f23=0x42f2a0f4
           3870	      1931	00101104	00578c13	addi	x24,x15,5	 x15:0x0000003a x24=0x0000003f
           3872	      1932	00101108	d00c7cd3	fcvt.s.w	f25,x24	 x24:0x0000003f f25=0x427c0000
           3874	      1933	0010110c	a154aa23	sw	x21,-1516(x9)	  x9:0x00102000 x21:0x4424dba5 PA:0x00101a14 store:0x4424dba5 load:0x42eea6b5
           3876	      1934	00101110	a144ad03	lw	x26,-1516(x9)	  x9:0x00102000 x26=0x4424dba5 PA:0x00101a14 store:0x00102000
           3880	      1936	00101114	a1792623	sw	x23,-1524(x18)	 x18:0x00102000 x23:0x42f2a0f4 PA:0x00101a0c store:0x42f2a0f4 load:0x4424dba5
           3884	      1938	00101118	a1042d83	lw	x27,-1520(x8)	  x8:0x00102000 x27=0x3f7d1f60 PA:0x00101a10 store:0x3f7d1f60
           3888	      1940	0010111c	a1042e03	lw	x28,-1520(x8)	  x8:0x00102000 x28=0x3f7d1f60 PA:0x00101a10 store:0x3f7d1f60
           3898	      1945	00101120	a0c92e83	lw	x29,-1524(x18)	 x18:0x00102000 x29=0x42f2a0f4 PA:0x00101a0c store:0x3f7d1f60
           3900	      1946	00101124	01bd7f53	fadd.s	f30,f26,f27	 f26:0x4424dba5 f27:0x3f7d1f60 f30=0x44251aed
           3904	      1948	00101128	00678f93	addi	x31,x15,6	 x15:0x0000003a x31=0x00000040
           3906	      1949	0010112c	e9cb76c3	fmadd.s	f13,f22,f28,f29	 f22:0x42780000 f28:0x3f7d1f60 f29:0x42780000 f13=0x42f69b32
           3908	      1950	00101130	d00ff753	fcvt.s.w	f14,x31	 x31:0x00000040 f14=0x42800000
           3910	      1951	00101134	00778793	addi	x15,x15,7	 x15:0x0000003a x15=0x00000041
           3912	      1952	00101138	a1e4aa23	sw	x30,-1516(x9)	  x9:0x00102000 x30:0x44251aed PA:0x00101a14 store:0x44251aed load:0x42f2a0f4
           3914	      1953	0010113c	a144a503	lw	x10,-1516(x9)	  x9:0x00102000 x10=0x44251aed PA:0x00101a14 store:0x00102000
           3918	      1955	00101140	a0d92623	sw	x13,-1524(x18)	 x18:0x00102000 x13:0x42f69b32 PA:0x00101a0c store:0x42f69b32 load:0x44251aed
           3922	      1957	00101144	a1042303	lw	x6,-1520(x8)	  x8:0x00102000  x6=0x3f7d1f60 PA:0x00101a10 store:0x3f7d1f60
           3926	      1959	00101148	a1042083	lw	x1,-1520(x8)	  x8:0x00102000  x1=0x3f7d1f60 PA:0x00101a10 store:0x3f7d1f60
           3936	      1964	0010114c	a0c92383	lw	x7,-1524(x18)	 x18:0x00102000  x7=0x42f69b32 PA:0x00101a0c store:0x3f7d1f60
           3938	      1965	00101150	006575d3	fadd.s	f11,f10,f6	 f10:0x44251aed  f6:0x3f7d1f60 f11=0x44255a35
           3940	      1966	00101154	381cf643	fmadd.s	f12,f25,f1,f7	 f25:0x427c0000  f1:0x3f7d1f60  f7:0x427c0000 f12=0x42fa9571
           3942	      1967	00101158	a0b4aa23	sw	x11,-1516(x9)	  x9:0x00102000 x11:0x44255a35 PA:0x00101a14 store:0x44255a35 load:0x42f69b32
           3944	      1968	0010115c	a0c92623	sw	x12,-1524(x18)	 x18:0x00102000 x12:0x42fa9571 PA:0x00101a0c store:0x42fa9571 load:0x42f69b32
           3948	      1970	00101160	a144a883	lw	x17,-1516(x9)	  x9:0x00102000 x17=0x44255a35 PA:0x00101a14 store:0x00102000
           3952	      1972	00101164	a1042803	lw	x16,-1520(x8)	  x8:0x00102000 x16=0x3f7d1f60 PA:0x00101a10 store:0x3f7d1f60
           3956	      1974	00101168	a1042a83	lw	x21,-1520(x8)	  x8:0x00102000 x21=0x3f7d1f60 PA:0x00101a10 store:0x3f7d1f60
           3966	      1979	0010116c	a0c92b03	lw	x22,-1524(x18)	 x18:0x00102000 x22=0x42fa9571 PA:0x00101a0c store:0x42fa9571
           3968	      1980	00101170	0108fbd3	fadd.s	f23,f17,f16	 f17:0x44255a35 f16:0x3f7d1f60 f23=0x4425997d
           3970	      1981	00101174	b1577c43	fmadd.s	f24,f14,f21,f22	 f14:0x42800000 f21:0x3f7d1f60 f22:0x42800000 f24=0x42fe8fb0
           3972	      1982	00101178	a174aa23	sw	x23,-1516(x9)	  x9:0x00102000 x23:0x4425997d PA:0x00101a14 store:0x4425997d load:0x42fa9571
           3974	      1983	0010117c	a144ac83	lw	x25,-1516(x9)	  x9:0x00102000 x25=0x4425997d PA:0x00101a14 store:0x00102000
           3978	      1985	00101180	a1042d03	lw	x26,-1520(x8)	  x8:0x00102000 x26=0x3f7d1f60 PA:0x00101a10 store:0x3f7d1f60
           3988	      1990	00101184	a1892623	sw	x24,-1524(x18)	 x18:0x00102000 x24:0x42fe8fb0 PA:0x00101a0c store:0x42fe8fb0 load:0x3f7d1f60
           3990	      1991	00101188	01acfdd3	fadd.s	f27,f25,f26	 f25:0x4425997d f26:0x3f7d1f60 f27=0x4425d8c5
           3992	      1992	0010118c	a1b4aa23	sw	x27,-1516(x9)	  x9:0x00102000 x27:0x4425d8c5 PA:0x00101a14 store:0x4425d8c5 load:0x3f7d1f60
           3994	      1993	00101190	ee5794e3	bne	x15,x5,101078	 x15:0x00000041  x5:0x00000064
           4006	      1999	00101078	a1042083	lw	x1,-1520(x8)	  x8:0x00102000  x1=0x3f7d1f60 PA:0x00101a10 store:0x3f7d1f60
           4008	      2000	0010107c	d007f3d3	fcvt.s.w	f7,x15	 x15:0x00000041  f7=0x42820000
           4010	      2001	00101080	a0c92583	lw	x11,-1524(x18)	 x18:0x00102000 x11=0x42fe8fb0 PA:0x00101a0c store:0x42fa9571
           4012	      2002	00101084	00178813	addi	x16,x15,1	 x15:0x00000041 x16=0x00000042
           4020	      2006	00101088	a144a603	lw	x12,-1516(x9)	  x9:0x00102000 x12=0x4425d8c5 PA:0x00101a14 store:0x00102000
           4022	      2007	0010108c	5813f8c3	fmadd.s	f17,f7,f1,f11	  f7:0x42820000  f1:0x3f7d1f60 f11:0x42820000 f17=0x430144f7
           4028	      2010	00101090	a1042a83	lw	x21,-1520(x8)	  x8:0x00102000 x21=0x3f7d1f60 PA:0x00101a10 store:0x00000042
           4030	      2011	00101094	d0087b53	fcvt.s.w	f22,x16	 x16:0x00000042 f22=0x42840000
           4036	      2014	00101098	a1042b83	lw	x23,-1520(x8)	  x8:0x00102000 x23=0x3f7d1f60 PA:0x00101a10 store:0x00000042
           4038	      2015	0010109c	01567c53	fadd.s	f24,f12,f21	 f12:0x4425d8c5 f21:0x3f7d1f60 f24=0x4426180d
           4040	      2016	001010a0	a1192623	sw	x17,-1524(x18)	 x18:0x00102000 x17:0x430144f7 PA:0x00101a0c store:0x430144f7 load:0x3f7d1f60
           4042	      2017	001010a4	a0c92c83	lw	x25,-1524(x18)	 x18:0x00102000 x25=0x430144f7 PA:0x00101a0c store:0x4425d8c5
           4050	      2021	001010a8	00278d13	addi	x26,x15,2	 x15:0x00000041 x26=0x00000043
           4052	      2022	001010ac	d00d7dd3	fcvt.s.w	f27,x26	 x26:0x00000043 f27=0x42860000
           4054	      2023	001010b0	c97b7e43	fmadd.s	f28,f22,f23,f25	 f22:0x42840000 f23:0x3f7d1f60 f25:0x42840000 f28=0x43034217
           4056	      2024	001010b4	a184aa23	sw	x24,-1516(x9)	  x9:0x00102000 x24:0x4426180d PA:0x00101a14 store:0x4426180d load:0x430144f7
           4058	      2025	001010b8	a144ae83	lw	x29,-1516(x9)	  x9:0x00102000 x29=0x4426180d PA:0x00101a14 store:0x00102000
           4062	      2027	001010bc	a1042f03	lw	x30,-1520(x8)	  x8:0x00102000 x30=0x3f7d1f60 PA:0x00101a10 store:0x00000042
           4066	      2029	001010c0	a1042f83	lw	x31,-1520(x8)	  x8:0x00102000 x31=0x3f7d1f60 PA:0x00101a10 store:0x00000042
           4070	      2031	001010c4	a1c92623	sw	x28,-1524(x18)	 x18:0x00102000 x28:0x43034217 PA:0x00101a0c store:0x43034217 load:0x3f7d1f60
           4080	      2036	001010c8	a0c92683	lw	x13,-1524(x18)	 x18:0x00102000 x13=0x43034217 PA:0x00101a0c store:0x4425d8c5
           4082	      2037	001010cc	01eef553	fadd.s	f10,f29,f30	 f29:0x4426180d f30:0x3f7d1f60 f10=0x44265755
           4086	      2039	001010d0	00378713	addi	x14,x15,3	 x15:0x00000041 x14=0x00000044
           4088	      2040	001010d4	69fdf343	fmadd.s	f6,f27,f31,f13	 f27:0x42860000 f31:0x3f7d1f60 f13:0x42860000  f6=0x43053f36
           4090	      2041	001010d8	d00770d3	fcvt.s.w	f1,x14	 x14:0x00000044  f1=0x42880000
           4092	      2042	001010dc	00478393	addi	x7,x15,4	 x15:0x00000041  x7=0x00000045
           4094	      2043	001010e0	a0a4aa23	sw	x10,-1516(x9)	  x9:0x00102000 x10:0x44265755 PA:0x00101a14 store:0x44265755 load:0x43034217
           4096	      2044	001010e4	a144a583	lw	x11,-1516(x9)	  x9:0x00102000 x11=0x44265755 PA:0x00101a14 store:0x00102000
           4100	      2046	001010e8	a0692623	sw	x6,-1524(x18)	 x18:0x00102000  x6:0x43053f36 PA:0x00101a0c store:0x43053f36 load:0x44265755
           4104	      2048	001010ec	a1042603	lw	x12,-1520(x8)	  x8:0x00102000 x12=0x3f7d1f60 PA:0x00101a10 store:0x00000042
           4108	      2050	001010f0	a1042803	lw	x16,-1520(x8)	  x8:0x00102000 x16=0x3f7d1f60 PA:0x00101a10 store:0x00000042
           4118	      2055	001010f4	a0c92883	lw	x17,-1524(x18)	 x18:0x00102000 x17=0x43053f36 PA:0x00101a0c store:0x3f7d1f60
           4120	      2056	001010f8	00c5fad3	fadd.s	f21,f11,f12	 f11:0x44265755 f12:0x3f7d1f60 f21=0x4426969d
           4122	      2057	001010fc	d003fb53	fcvt.s.w	f22,x7	  x7:0x00000045 f22=0x428a0000
           4124	      2058	00101100	8900fbc3	fmadd.s	f23,f1,f16,f17	  f1:0x42880000 f16:0x3f7d1f60 f17:0x42880000 f23=0x43073c56
           4128	      2060	00101104	00578c13	addi	x24,x15,5	 x15:0x00000041 x24=0x00000046
           4130	      2061	00101108	d00c7cd3	fcvt.s.w	f25,x24	 x24:0x00000046 f25=0x428c0000
           4132	      2062	0010110c	a154aa23	sw	x21,-1516(x9)	  x9:0x00102000 x21:0x4426969d PA:0x00101a14 store:0x4426969d load:0x43053f36
           4134	      2063	00101110	a144ad03	lw	x26,-1516(x9)	  x9:0x00102000 x26=0x4426969d PA:0x00101a14 store:0x00102000
           4138	      2065	00101114	a1792623	sw	x23,-1524(x18)	 x18:0x00102000 x23:0x43073c56 PA:0x00101a0c store:0x43073c56 load:0x4426969d
           4142	      2067	00101118	a1042d83	lw	x27,-1520(x8)	  x8:0x00102000 x27=0x3f7d1f60 PA:0x00101a10 store:0x3f7d1f60
           4146	      2069	0010111c	a1042e03	lw	x28,-1520(x8)	  x8:0x00102000 x28=0x3f7d1f60 PA:0x00101a10 store:0x3f7d1f60
           4156	      2074	00101120	a0c92e83	lw	x29,-1524(x18)	 x18:0x00102000 x29=0x43073c56 PA:0x00101a0c store:0x3f7d1f60
           4158	      2075	00101124	01bd7f53	fadd.s	f30,f26,f27	 f26:0x4426969d f27:0x3f7d1f60 f30=0x4426d5e5
           4162	      2077	00101128	00678f93	addi	x31,x15,6	 x15:0x00000041 x31=0x00000047
           4164	      2078	0010112c	e9cb76c3	fmadd.s	f13,f22,f28,f29	 f22:0x428a0000 f28:0x3f7d1f60 f29:0x428a0000 f13=0x43093975
           4166	      2079	00101130	d00ff753	fcvt.s.w	f14,x31	 x31:0x00000047 f14=0x428e0000
           4168	      2080	00101134	00778793	addi	x15,x15,7	 x15:0x00000041 x15=0x00000048
           4170	      2081	00101138	a1e4aa23	sw	x30,-1516(x9)	  x9:0x00102000 x30:0x4426d5e5 PA:0x00101a14 store:0x4426d5e5 load:0x43073c56
           4172	      2082	0010113c	a144a503	lw	x10,-1516(x9)	  x9:0x00102000 x10=0x4426d5e5 PA:0x00101a14 store:0x00102000
           4176	      2084	00101140	a0d92623	sw	x13,-1524(x18)	 x18:0x00102000 x13:0x43093975 PA:0x00101a0c store:0x43093975 load:0x4426d5e5
           4180	      2086	00101144	a1042303	lw	x6,-1520(x8)	  x8:0x00102000  x6=0x3f7d1f60 PA:0x00101a10 store:0x3f7d1f60
           4184	      2088	00101148	a1042083	lw	x1,-1520(x8)	  x8:0x00102000  x1=0x3f7d1f60 PA:0x00101a10 store:0x3f7d1f60
           4194	      2093	0010114c	a0c92383	lw	x7,-1524(x18)	 x18:0x00102000  x7=0x43093975 PA:0x00101a0c store:0x3f7d1f60
           4196	      2094	00101150	006575d3	fadd.s	f11,f10,f6	 f10:0x4426d5e5  f6:0x3f7d1f60 f11=0x4427152d
           4198	      2095	00101154	381cf643	fmadd.s	f12,f25,f1,f7	 f25:0x428c0000  f1:0x3f7d1f60  f7:0x428c0000 f12=0x430b3694
           4200	      2096	00101158	a0b4aa23	sw	x11,-1516(x9)	  x9:0x00102000 x11:0x4427152d PA:0x00101a14 store:0x4427152d load:0x43093975
           4202	      2097	0010115c	a0c92623	sw	x12,-1524(x18)	 x18:0x00102000 x12:0x430b3694 PA:0x00101a0c store:0x430b3694 load:0x43093975
           4206	      2099	00101160	a144a883	lw	x17,-1516(x9)	  x9:0x00102000 x17=0x4427152d PA:0x00101a14 store:0x00102000
           4210	      2101	00101164	a1042803	lw	x16,-1520(x8)	  x8:0x00102000 x16=0x3f7d1f60 PA:0x00101a10 store:0x3f7d1f60
           4214	      2103	00101168	a1042a83	lw	x21,-1520(x8)	  x8:0x00102000 x21=0x3f7d1f60 PA:0x00101a10 store:0x3f7d1f60
           4224	      2108	0010116c	a0c92b03	lw	x22,-1524(x18)	 x18:0x00102000 x22=0x430b3694 PA:0x00101a0c store:0x430b3694
           4226	      2109	00101170	0108fbd3	fadd.s	f23,f17,f16	 f17:0x4427152d f16:0x3f7d1f60 f23=0x44275475
           4228	      2110	00101174	b1577c43	fmadd.s	f24,f14,f21,f22	 f14:0x428e0000 f21:0x3f7d1f60 f22:0x428e0000 f24=0x430d33b4
           4230	      2111	00101178	a174aa23	sw	x23,-1516(x9)	  x9:0x00102000 x23:0x44275475 PA:0x00101a14 store:0x44275475 load:0x430b3694
           4232	      2112	0010117c	a144ac83	lw	x25,-1516(x9)	  x9:0x00102000 x25=0x44275475 PA:0x00101a14 store:0x00102000
           4236	      2114	00101180	a1042d03	lw	x26,-1520(x8)	  x8:0x00102000 x26=0x3f7d1f60 PA:0x00101a10 store:0x3f7d1f60
           4246	      2119	00101184	a1892623	sw	x24,-1524(x18)	 x18:0x00102000 x24:0x430d33b4 PA:0x00101a0c store:0x430d33b4 load:0x3f7d1f60
           4248	      2120	00101188	01acfdd3	fadd.s	f27,f25,f26	 f25:0x44275475 f26:0x3f7d1f60 f27=0x442793bd
           4250	      2121	0010118c	a1b4aa23	sw	x27,-1516(x9)	  x9:0x00102000 x27:0x442793bd PA:0x00101a14 store:0x442793bd load:0x3f7d1f60
           4252	      2122	00101190	ee5794e3	bne	x15,x5,101078	 x15:0x00000048  x5:0x00000064
           4264	      2128	00101078	a1042083	lw	x1,-1520(x8)	  x8:0x00102000  x1=0x3f7d1f60 PA:0x00101a10 store:0x3f7d1f60
           4266	      2129	0010107c	d007f3d3	fcvt.s.w	f7,x15	 x15:0x00000048  f7=0x42900000
           4268	      2130	00101080	a0c92583	lw	x11,-1524(x18)	 x18:0x00102000 x11=0x430d33b4 PA:0x00101a0c store:0x430b3694
           4270	      2131	00101084	00178813	addi	x16,x15,1	 x15:0x00000048 x16=0x00000049
           4278	      2135	00101088	a144a603	lw	x12,-1516(x9)	  x9:0x00102000 x12=0x442793bd PA:0x00101a14 store:0x00102000
           4280	      2136	0010108c	5813f8c3	fmadd.s	f17,f7,f1,f11	  f7:0x42900000  f1:0x3f7d1f60 f11:0x42900000 f17=0x430f30d3
           4286	      2139	00101090	a1042a83	lw	x21,-1520(x8)	  x8:0x00102000 x21=0x3f7d1f60 PA:0x00101a10 store:0x00000049
           4288	      2140	00101094	d0087b53	fcvt.s.w	f22,x16	 x16:0x00000049 f22=0x42920000
           4294	      2143	00101098	a1042b83	lw	x23,-1520(x8)	  x8:0x00102000 x23=0x3f7d1f60 PA:0x00101a10 store:0x00000049
           4296	      2144	0010109c	01567c53	fadd.s	f24,f12,f21	 f12:0x442793bd f21:0x3f7d1f60 f24=0x4427d305
           4298	      2145	001010a0	a1192623	sw	x17,-1524(x18)	 x18:0x00102000 x17:0x430f30d3 PA:0x00101a0c store:0x430f30d3 load:0x3f7d1f60
           4300	      2146	001010a4	a0c92c83	lw	x25,-1524(x18)	 x18:0x00102000 x25=0x430f30d3 PA:0x00101a0c store:0x442793bd
           4308	      2150	001010a8	00278d13	addi	x26,x15,2	 x15:0x00000048 x26=0x0000004a
           4310	      2151	001010ac	d00d7dd3	fcvt.s.w	f27,x26	 x26:0x0000004a f27=0x42940000
           4312	      2152	001010b0	c97b7e43	fmadd.s	f28,f22,f23,f25	 f22:0x42920000 f23:0x3f7d1f60 f25:0x42920000 f28=0x43112df2
           4314	      2153	001010b4	a184aa23	sw	x24,-1516(x9)	  x9:0x00102000 x24:0x4427d305 PA:0x00101a14 store:0x4427d305 load:0x430f30d3
           4316	      2154	001010b8	a144ae83	lw	x29,-1516(x9)	  x9:0x00102000 x29=0x4427d305 PA:0x00101a14 store:0x00102000
           4320	      2156	001010bc	a1042f03	lw	x30,-1520(x8)	  x8:0x00102000 x30=0x3f7d1f60 PA:0x00101a10 store:0x00000049
           4324	      2158	001010c0	a1042f83	lw	x31,-1520(x8)	  x8:0x00102000 x31=0x3f7d1f60 PA:0x00101a10 store:0x00000049
           4328	      2160	001010c4	a1c92623	sw	x28,-1524(x18)	 x18:0x00102000 x28:0x43112df2 PA:0x00101a0c store:0x43112df2 load:0x3f7d1f60
           4338	      2165	001010c8	a0c92683	lw	x13,-1524(x18)	 x18:0x00102000 x13=0x43112df2 PA:0x00101a0c store:0x442793bd
           4340	      2166	001010cc	01eef553	fadd.s	f10,f29,f30	 f29:0x4427d305 f30:0x3f7d1f60 f10=0x4428124d
           4344	      2168	001010d0	00378713	addi	x14,x15,3	 x15:0x00000048 x14=0x0000004b
           4346	      2169	001010d4	69fdf343	fmadd.s	f6,f27,f31,f13	 f27:0x42940000 f31:0x3f7d1f60 f13:0x42940000  f6=0x43132b12
           4348	      2170	001010d8	d00770d3	fcvt.s.w	f1,x14	 x14:0x0000004b  f1=0x42960000
           4350	      2171	001010dc	00478393	addi	x7,x15,4	 x15:0x00000048  x7=0x0000004c
           4352	      2172	001010e0	a0a4aa23	sw	x10,-1516(x9)	  x9:0x00102000 x10:0x4428124d PA:0x00101a14 store:0x4428124d load:0x43112df2
           4354	      2173	001010e4	a144a583	lw	x11,-1516(x9)	  x9:0x00102000 x11=0x4428124d PA:0x00101a14 store:0x00102000
           4358	      2175	001010e8	a0692623	sw	x6,-1524(x18)	 x18:0x00102000  x6:0x43132b12 PA:0x00101a0c store:0x43132b12 load:0x4428124d
           4362	      2177	001010ec	a1042603	lw	x12,-1520(x8)	  x8:0x00102000 x12=0x3f7d1f60 PA:0x00101a10 store:0x00000049
           4366	      2179	001010f0	a1042803	lw	x16,-1520(x8)	  x8:0x00102000 x16=0x3f7d1f60 PA:0x00101a10 store:0x00000049
           4376	      2184	001010f4	a0c92883	lw	x17,-1524(x18)	 x18:0x00102000 x17=0x43132b12 PA:0x00101a0c store:0x3f7d1f60
           4378	      2185	001010f8	00c5fad3	fadd.s	f21,f11,f12	 f11:0x4428124d f12:0x3f7d1f60 f21=0x44285195
           4380	      2186	001010fc	d003fb53	fcvt.s.w	f22,x7	  x7:0x0000004c f22=0x42980000
           4382	      2187	00101100	8900fbc3	fmadd.s	f23,f1,f16,f17	  f1:0x42960000 f16:0x3f7d1f60 f17:0x42960000 f23=0x43152831
           4386	      2189	00101104	00578c13	addi	x24,x15,5	 x15:0x00000048 x24=0x0000004d
           4388	      2190	00101108	d00c7cd3	fcvt.s.w	f25,x24	 x24:0x0000004d f25=0x429a0000
           4390	      2191	0010110c	a154aa23	sw	x21,-1516(x9)	  x9:0x00102000 x21:0x44285195 PA:0x00101a14 store:0x44285195 load:0x43132b12
           4392	      2192	00101110	a144ad03	lw	x26,-1516(x9)	  x9:0x00102000 x26=0x44285195 PA:0x00101a14 store:0x00102000
           4396	      2194	00101114	a1792623	sw	x23,-1524(x18)	 x18:0x00102000 x23:0x43152831 PA:0x00101a0c store:0x43152831 load:0x44285195
           4400	      2196	00101118	a1042d83	lw	x27,-1520(x8)	  x8:0x00102000 x27=0x3f7d1f60 PA:0x00101a10 store:0x3f7d1f60
           4404	      2198	0010111c	a1042e03	lw	x28,-1520(x8)	  x8:0x00102000 x28=0x3f7d1f60 PA:0x00101a10 store:0x3f7d1f60
           4414	      2203	00101120	a0c92e83	lw	x29,-1524(x18)	 x18:0x00102000 x29=0x43152831 PA:0x00101a0c store:0x3f7d1f60
           4416	      2204	00101124	01bd7f53	fadd.s	f30,f26,f27	 f26:0x44285195 f27:0x3f7d1f60 f30=0x442890dd
           4420	      2206	00101128	00678f93	addi	x31,x15,6	 x15:0x00000048 x31=0x0000004e
           4422	      2207	0010112c	e9cb76c3	fmadd.s	f13,f22,f28,f29	 f22:0x42980000 f28:0x3f7d1f60 f29:0x42980000 f13=0x43172550
           4424	      2208	00101130	d00ff753	fcvt.s.w	f14,x31	 x31:0x0000004e f14=0x429c0000
           4426	      2209	00101134	00778793	addi	x15,x15,7	 x15:0x00000048 x15=0x0000004f
           4428	      2210	00101138	a1e4aa23	sw	x30,-1516(x9)	  x9:0x00102000 x30:0x442890dd PA:0x00101a14 store:0x442890dd load:0x43152831
           4430	      2211	0010113c	a144a503	lw	x10,-1516(x9)	  x9:0x00102000 x10=0x442890dd PA:0x00101a14 store:0x00102000
           4434	      2213	00101140	a0d92623	sw	x13,-1524(x18)	 x18:0x00102000 x13:0x43172550 PA:0x00101a0c store:0x43172550 load:0x442890dd
           4438	      2215	00101144	a1042303	lw	x6,-1520(x8)	  x8:0x00102000  x6=0x3f7d1f60 PA:0x00101a10 store:0x3f7d1f60
           4442	      2217	00101148	a1042083	lw	x1,-1520(x8)	  x8:0x00102000  x1=0x3f7d1f60 PA:0x00101a10 store:0x3f7d1f60
           4452	      2222	0010114c	a0c92383	lw	x7,-1524(x18)	 x18:0x00102000  x7=0x43172550 PA:0x00101a0c store:0x3f7d1f60
           4454	      2223	00101150	006575d3	fadd.s	f11,f10,f6	 f10:0x442890dd  f6:0x3f7d1f60 f11=0x4428d025
           4456	      2224	00101154	381cf643	fmadd.s	f12,f25,f1,f7	 f25:0x429a0000  f1:0x3f7d1f60  f7:0x429a0000 f12=0x43192270
           4458	      2225	00101158	a0b4aa23	sw	x11,-1516(x9)	  x9:0x00102000 x11:0x4428d025 PA:0x00101a14 store:0x4428d025 load:0x43172550
           4460	      2226	0010115c	a0c92623	sw	x12,-1524(x18)	 x18:0x00102000 x12:0x43192270 PA:0x00101a0c store:0x43192270 load:0x43172550
           4464	      2228	00101160	a144a883	lw	x17,-1516(x9)	  x9:0x00102000 x17=0x4428d025 PA:0x00101a14 store:0x00102000
           4468	      2230	00101164	a1042803	lw	x16,-1520(x8)	  x8:0x00102000 x16=0x3f7d1f60 PA:0x00101a10 store:0x3f7d1f60
           4472	      2232	00101168	a1042a83	lw	x21,-1520(x8)	  x8:0x00102000 x21=0x3f7d1f60 PA:0x00101a10 store:0x3f7d1f60
           4482	      2237	0010116c	a0c92b03	lw	x22,-1524(x18)	 x18:0x00102000 x22=0x43192270 PA:0x00101a0c store:0x43192270
           4484	      2238	00101170	0108fbd3	fadd.s	f23,f17,f16	 f17:0x4428d025 f16:0x3f7d1f60 f23=0x44290f6d
           4486	      2239	00101174	b1577c43	fmadd.s	f24,f14,f21,f22	 f14:0x429c0000 f21:0x3f7d1f60 f22:0x429c0000 f24=0x431b1f8f
           4488	      2240	00101178	a174aa23	sw	x23,-1516(x9)	  x9:0x00102000 x23:0x44290f6d PA:0x00101a14 store:0x44290f6d load:0x43192270
           4490	      2241	0010117c	a144ac83	lw	x25,-1516(x9)	  x9:0x00102000 x25=0x44290f6d PA:0x00101a14 store:0x00102000
           4494	      2243	00101180	a1042d03	lw	x26,-1520(x8)	  x8:0x00102000 x26=0x3f7d1f60 PA:0x00101a10 store:0x3f7d1f60
           4504	      2248	00101184	a1892623	sw	x24,-1524(x18)	 x18:0x00102000 x24:0x431b1f8f PA:0x00101a0c store:0x431b1f8f load:0x3f7d1f60
           4506	      2249	00101188	01acfdd3	fadd.s	f27,f25,f26	 f25:0x44290f6d f26:0x3f7d1f60 f27=0x44294eb5
           4508	      2250	0010118c	a1b4aa23	sw	x27,-1516(x9)	  x9:0x00102000 x27:0x44294eb5 PA:0x00101a14 store:0x44294eb5 load:0x3f7d1f60
           4510	      2251	00101190	ee5794e3	bne	x15,x5,101078	 x15:0x0000004f  x5:0x00000064
           4522	      2257	00101078	a1042083	lw	x1,-1520(x8)	  x8:0x00102000  x1=0x3f7d1f60 PA:0x00101a10 store:0x3f7d1f60
           4524	      2258	0010107c	d007f3d3	fcvt.s.w	f7,x15	 x15:0x0000004f  f7=0x429e0000
           4526	      2259	00101080	a0c92583	lw	x11,-1524(x18)	 x18:0x00102000 x11=0x431b1f8f PA:0x00101a0c store:0x43192270
           4528	      2260	00101084	00178813	addi	x16,x15,1	 x15:0x0000004f x16=0x00000050
           4536	      2264	00101088	a144a603	lw	x12,-1516(x9)	  x9:0x00102000 x12=0x44294eb5 PA:0x00101a14 store:0x00102000
           4538	      2265	0010108c	5813f8c3	fmadd.s	f17,f7,f1,f11	  f7:0x429e0000  f1:0x3f7d1f60 f11:0x429e0000 f17=0x431d1caf
           4544	      2268	00101090	a1042a83	lw	x21,-1520(x8)	  x8:0x00102000 x21=0x3f7d1f60 PA:0x00101a10 store:0x00000050
           4546	      2269	00101094	d0087b53	fcvt.s.w	f22,x16	 x16:0x00000050 f22=0x42a00000
           4552	      2272	00101098	a1042b83	lw	x23,-1520(x8)	  x8:0x00102000 x23=0x3f7d1f60 PA:0x00101a10 store:0x00000050
           4554	      2273	0010109c	01567c53	fadd.s	f24,f12,f21	 f12:0x44294eb5 f21:0x3f7d1f60 f24=0x44298dfd
           4556	      2274	001010a0	a1192623	sw	x17,-1524(x18)	 x18:0x00102000 x17:0x431d1caf PA:0x00101a0c store:0x431d1caf load:0x3f7d1f60
           4558	      2275	001010a4	a0c92c83	lw	x25,-1524(x18)	 x18:0x00102000 x25=0x431d1caf PA:0x00101a0c store:0x44294eb5
           4566	      2279	001010a8	00278d13	addi	x26,x15,2	 x15:0x0000004f x26=0x00000051
           4568	      2280	001010ac	d00d7dd3	fcvt.s.w	f27,x26	 x26:0x00000051 f27=0x42a20000
           4570	      2281	001010b0	c97b7e43	fmadd.s	f28,f22,f23,f25	 f22:0x42a00000 f23:0x3f7d1f60 f25:0x42a00000 f28=0x431f19ce
           4572	      2282	001010b4	a184aa23	sw	x24,-1516(x9)	  x9:0x00102000 x24:0x44298dfd PA:0x00101a14 store:0x44298dfd load:0x431d1caf
           4574	      2283	001010b8	a144ae83	lw	x29,-1516(x9)	  x9:0x00102000 x29=0x44298dfd PA:0x00101a14 store:0x00102000
           4578	      2285	001010bc	a1042f03	lw	x30,-1520(x8)	  x8:0x00102000 x30=0x3f7d1f60 PA:0x00101a10 store:0x00000050
           4582	      2287	001010c0	a1042f83	lw	x31,-1520(x8)	  x8:0x00102000 x31=0x3f7d1f60 PA:0x00101a10 store:0x00000050
           4586	      2289	001010c4	a1c92623	sw	x28,-1524(x18)	 x18:0x00102000 x28:0x431f19ce PA:0x00101a0c store:0x431f19ce load:0x3f7d1f60
           4596	      2294	001010c8	a0c92683	lw	x13,-1524(x18)	 x18:0x00102000 x13=0x431f19ce PA:0x00101a0c store:0x44294eb5
           4598	      2295	001010cc	01eef553	fadd.s	f10,f29,f30	 f29:0x44298dfd f30:0x3f7d1f60 f10=0x4429cd45
           4602	      2297	001010d0	00378713	addi	x14,x15,3	 x15:0x0000004f x14=0x00000052
           4604	      2298	001010d4	69fdf343	fmadd.s	f6,f27,f31,f13	 f27:0x42a20000 f31:0x3f7d1f60 f13:0x42a20000  f6=0x432116ed
           4606	      2299	001010d8	d00770d3	fcvt.s.w	f1,x14	 x14:0x00000052  f1=0x42a40000
           4608	      2300	001010dc	00478393	addi	x7,x15,4	 x15:0x0000004f  x7=0x00000053
           4610	      2301	001010e0	a0a4aa23	sw	x10,-1516(x9)	  x9:0x00102000 x10:0x4429cd45 PA:0x00101a14 store:0x4429cd45 load:0x431f19ce
           4612	      2302	001010e4	a144a583	lw	x11,-1516(x9)	  x9:0x00102000 x11=0x4429cd45 PA:0x00101a14 store:0x00102000
           4616	      2304	001010e8	a0692623	sw	x6,-1524(x18)	 x18:0x00102000  x6:0x432116ed PA:0x00101a0c store:0x432116ed load:0x4429cd45
           4620	      2306	001010ec	a1042603	lw	x12,-1520(x8)	  x8:0x00102000 x12=0x3f7d1f60 PA:0x00101a10 store:0x00000050
           4624	      2308	001010f0	a1042803	lw	x16,-1520(x8)	  x8:0x00102000 x16=0x3f7d1f60 PA:0x00101a10 store:0x00000050
           4634	      2313	001010f4	a0c92883	lw	x17,-1524(x18)	 x18:0x00102000 x17=0x432116ed PA:0x00101a0c store:0x3f7d1f60
           4636	      2314	001010f8	00c5fad3	fadd.s	f21,f11,f12	 f11:0x4429cd45 f12:0x3f7d1f60 f21=0x442a0c8d
           4638	      2315	001010fc	d003fb53	fcvt.s.w	f22,x7	  x7:0x00000053 f22=0x42a60000
           4640	      2316	00101100	8900fbc3	fmadd.s	f23,f1,f16,f17	  f1:0x42a40000 f16:0x3f7d1f60 f17:0x42a40000 f23=0x4323140d
           4644	      2318	00101104	00578c13	addi	x24,x15,5	 x15:0x0000004f x24=0x00000054
           4646	      2319	00101108	d00c7cd3	fcvt.s.w	f25,x24	 x24:0x00000054 f25=0x42a80000
           4648	      2320	0010110c	a154aa23	sw	x21,-1516(x9)	  x9:0x00102000 x21:0x442a0c8d PA:0x00101a14 store:0x442a0c8d load:0x432116ed
           4650	      2321	00101110	a144ad03	lw	x26,-1516(x9)	  x9:0x00102000 x26=0x442a0c8d PA:0x00101a14 store:0x00102000
           4654	      2323	00101114	a1792623	sw	x23,-1524(x18)	 x18:0x00102000 x23:0x4323140d PA:0x00101a0c store:0x4323140d load:0x442a0c8d
           4658	      2325	00101118	a1042d83	lw	x27,-1520(x8)	  x8:0x00102000 x27=0x3f7d1f60 PA:0x00101a10 store:0x3f7d1f60
           4662	      2327	0010111c	a1042e03	lw	x28,-1520(x8)	  x8:0x00102000 x28=0x3f7d1f60 PA:0x00101a10 store:0x3f7d1f60
           4672	      2332	00101120	a0c92e83	lw	x29,-1524(x18)	 x18:0x00102000 x29=0x4323140d PA:0x00101a0c store:0x3f7d1f60
           4674	      2333	00101124	01bd7f53	fadd.s	f30,f26,f27	 f26:0x442a0c8d f27:0x3f7d1f60 f30=0x442a4bd5
           4678	      2335	00101128	00678f93	addi	x31,x15,6	 x15:0x0000004f x31=0x00000055
           4680	      2336	0010112c	e9cb76c3	fmadd.s	f13,f22,f28,f29	 f22:0x42a60000 f28:0x3f7d1f60 f29:0x42a60000 f13=0x4325112c
           4682	      2337	00101130	d00ff753	fcvt.s.w	f14,x31	 x31:0x00000055 f14=0x42aa0000
           4684	      2338	00101134	00778793	addi	x15,x15,7	 x15:0x0000004f x15=0x00000056
           4686	      2339	00101138	a1e4aa23	sw	x30,-1516(x9)	  x9:0x00102000 x30:0x442a4bd5 PA:0x00101a14 store:0x442a4bd5 load:0x4323140d
           4688	      2340	0010113c	a144a503	lw	x10,-1516(x9)	  x9:0x00102000 x10=0x442a4bd5 PA:0x00101a14 store:0x00102000
           4692	      2342	00101140	a0d92623	sw	x13,-1524(x18)	 x18:0x00102000 x13:0x4325112c PA:0x00101a0c store:0x4325112c load:0x442a4bd5
           4696	      2344	00101144	a1042303	lw	x6,-1520(x8)	  x8:0x00102000  x6=0x3f7d1f60 PA:0x00101a10 store:0x3f7d1f60
           4700	      2346	00101148	a1042083	lw	x1,-1520(x8)	  x8:0x00102000  x1=0x3f7d1f60 PA:0x00101a10 store:0x3f7d1f60
           4710	      2351	0010114c	a0c92383	lw	x7,-1524(x18)	 x18:0x00102000  x7=0x4325112c PA:0x00101a0c store:0x3f7d1f60
           4712	      2352	00101150	006575d3	fadd.s	f11,f10,f6	 f10:0x442a4bd5  f6:0x3f7d1f60 f11=0x442a8b1d
           4714	      2353	00101154	381cf643	fmadd.s	f12,f25,f1,f7	 f25:0x42a80000  f1:0x3f7d1f60  f7:0x42a80000 f12=0x43270e4c
           4716	      2354	00101158	a0b4aa23	sw	x11,-1516(x9)	  x9:0x00102000 x11:0x442a8b1d PA:0x00101a14 store:0x442a8b1d load:0x4325112c
           4718	      2355	0010115c	a0c92623	sw	x12,-1524(x18)	 x18:0x00102000 x12:0x43270e4c PA:0x00101a0c store:0x43270e4c load:0x4325112c
           4722	      2357	00101160	a144a883	lw	x17,-1516(x9)	  x9:0x00102000 x17=0x442a8b1d PA:0x00101a14 store:0x00102000
           4726	      2359	00101164	a1042803	lw	x16,-1520(x8)	  x8:0x00102000 x16=0x3f7d1f60 PA:0x00101a10 store:0x3f7d1f60
           4730	      2361	00101168	a1042a83	lw	x21,-1520(x8)	  x8:0x00102000 x21=0x3f7d1f60 PA:0x00101a10 store:0x3f7d1f60
           4740	      2366	0010116c	a0c92b03	lw	x22,-1524(x18)	 x18:0x00102000 x22=0x43270e4c PA:0x00101a0c store:0x43270e4c
           4742	      2367	00101170	0108fbd3	fadd.s	f23,f17,f16	 f17:0x442a8b1d f16:0x3f7d1f60 f23=0x442aca65
           4744	      2368	00101174	b1577c43	fmadd.s	f24,f14,f21,f22	 f14:0x42aa0000 f21:0x3f7d1f60 f22:0x42aa0000 f24=0x43290b6b
           4746	      2369	00101178	a174aa23	sw	x23,-1516(x9)	  x9:0x00102000 x23:0x442aca65 PA:0x00101a14 store:0x442aca65 load:0x43270e4c
           4748	      2370	0010117c	a144ac83	lw	x25,-1516(x9)	  x9:0x00102000 x25=0x442aca65 PA:0x00101a14 store:0x00102000
           4752	      2372	00101180	a1042d03	lw	x26,-1520(x8)	  x8:0x00102000 x26=0x3f7d1f60 PA:0x00101a10 store:0x3f7d1f60
           4762	      2377	00101184	a1892623	sw	x24,-1524(x18)	 x18:0x00102000 x24:0x43290b6b PA:0x00101a0c store:0x43290b6b load:0x3f7d1f60
           4764	      2378	00101188	01acfdd3	fadd.s	f27,f25,f26	 f25:0x442aca65 f26:0x3f7d1f60 f27=0x442b09ad
           4766	      2379	0010118c	a1b4aa23	sw	x27,-1516(x9)	  x9:0x00102000 x27:0x442b09ad PA:0x00101a14 store:0x442b09ad load:0x3f7d1f60
           4768	      2380	00101190	ee5794e3	bne	x15,x5,101078	 x15:0x00000056  x5:0x00000064
           4780	      2386	00101078	a1042083	lw	x1,-1520(x8)	  x8:0x00102000  x1=0x3f7d1f60 PA:0x00101a10 store:0x3f7d1f60
           4782	      2387	0010107c	d007f3d3	fcvt.s.w	f7,x15	 x15:0x00000056  f7=0x42ac0000
           4784	      2388	00101080	a0c92583	lw	x11,-1524(x18)	 x18:0x00102000 x11=0x43290b6b PA:0x00101a0c store:0x43270e4c
           4786	      2389	00101084	00178813	addi	x16,x15,1	 x15:0x00000056 x16=0x00000057
           4794	      2393	00101088	a144a603	lw	x12,-1516(x9)	  x9:0x00102000 x12=0x442b09ad PA:0x00101a14 store:0x00102000
           4796	      2394	0010108c	5813f8c3	fmadd.s	f17,f7,f1,f11	  f7:0x42ac0000  f1:0x3f7d1f60 f11:0x42ac0000 f17=0x432b088a
           4802	      2397	00101090	a1042a83	lw	x21,-1520(x8)	  x8:0x00102000 x21=0x3f7d1f60 PA:0x00101a10 store:0x00000057
           4804	      2398	00101094	d0087b53	fcvt.s.w	f22,x16	 x16:0x00000057 f22=0x42ae0000
           4810	      2401	00101098	a1042b83	lw	x23,-1520(x8)	  x8:0x00102000 x23=0x3f7d1f60 PA:0x00101a10 store:0x00000057
           4812	      2402	0010109c	01567c53	fadd.s	f24,f12,f21	 f12:0x442b09ad f21:0x3f7d1f60 f24=0x442b48f5
           4814	      2403	001010a0	a1192623	sw	x17,-1524(x18)	 x18:0x00102000 x17:0x432b088a PA:0x00101a0c store:0x432b088a load:0x3f7d1f60
           4816	      2404	001010a4	a0c92c83	lw	x25,-1524(x18)	 x18:0x00102000 x25=0x432b088a PA:0x00101a0c store:0x442b09ad
           4824	      2408	001010a8	00278d13	addi	x26,x15,2	 x15:0x00000056 x26=0x00000058
           4826	      2409	001010ac	d00d7dd3	fcvt.s.w	f27,x26	 x26:0x00000058 f27=0x42b00000
           4828	      2410	001010b0	c97b7e43	fmadd.s	f28,f22,f23,f25	 f22:0x42ae0000 f23:0x3f7d1f60 f25:0x42ae0000 f28=0x432d05aa
           4830	      2411	001010b4	a184aa23	sw	x24,-1516(x9)	  x9:0x00102000 x24:0x442b48f5 PA:0x00101a14 store:0x442b48f5 load:0x432b088a
           4832	      2412	001010b8	a144ae83	lw	x29,-1516(x9)	  x9:0x00102000 x29=0x442b48f5 PA:0x00101a14 store:0x00102000
           4836	      2414	001010bc	a1042f03	lw	x30,-1520(x8)	  x8:0x00102000 x30=0x3f7d1f60 PA:0x00101a10 store:0x00000057
           4840	      2416	001010c0	a1042f83	lw	x31,-1520(x8)	  x8:0x00102000 x31=0x3f7d1f60 PA:0x00101a10 store:0x00000057
           4844	      2418	001010c4	a1c92623	sw	x28,-1524(x18)	 x18:0x00102000 x28:0x432d05aa PA:0x00101a0c store:0x432d05aa load:0x3f7d1f60
           4854	      2423	001010c8	a0c92683	lw	x13,-1524(x18)	 x18:0x00102000 x13=0x432d05aa PA:0x00101a0c store:0x442b09ad
           4856	      2424	001010cc	01eef553	fadd.s	f10,f29,f30	 f29:0x442b48f5 f30:0x3f7d1f60 f10=0x442b883d
           4860	      2426	001010d0	00378713	addi	x14,x15,3	 x15:0x00000056 x14=0x00000059
           4862	      2427	001010d4	69fdf343	fmadd.s	f6,f27,f31,f13	 f27:0x42b00000 f31:0x3f7d1f60 f13:0x42b00000  f6=0x432f02c9
           4864	      2428	001010d8	d00770d3	fcvt.s.w	f1,x14	 x14:0x00000059  f1=0x42b20000
           4866	      2429	001010dc	00478393	addi	x7,x15,4	 x15:0x00000056  x7=0x0000005a
           4868	      2430	001010e0	a0a4aa23	sw	x10,-1516(x9)	  x9:0x00102000 x10:0x442b883d PA:0x00101a14 store:0x442b883d load:0x432d05aa
           4870	      2431	001010e4	a144a583	lw	x11,-1516(x9)	  x9:0x00102000 x11=0x442b883d PA:0x00101a14 store:0x00102000
           4874	      2433	001010e8	a0692623	sw	x6,-1524(x18)	 x18:0x00102000  x6:0x432f02c9 PA:0x00101a0c store:0x432f02c9 load:0x442b883d
           4878	      2435	001010ec	a1042603	lw	x12,-1520(x8)	  x8:0x00102000 x12=0x3f7d1f60 PA:0x00101a10 store:0x00000057
           4882	      2437	001010f0	a1042803	lw	x16,-1520(x8)	  x8:0x00102000 x16=0x3f7d1f60 PA:0x00101a10 store:0x00000057
           4892	      2442	001010f4	a0c92883	lw	x17,-1524(x18)	 x18:0x00102000 x17=0x432f02c9 PA:0x00101a0c store:0x3f7d1f60
           4894	      2443	001010f8	00c5fad3	fadd.s	f21,f11,f12	 f11:0x442b883d f12:0x3f7d1f60 f21=0x442bc785
           4896	      2444	001010fc	d003fb53	fcvt.s.w	f22,x7	  x7:0x0000005a f22=0x42b40000
           4898	      2445	00101100	8900fbc3	fmadd.s	f23,f1,f16,f17	  f1:0x42b20000 f16:0x3f7d1f60 f17:0x42b20000 f23=0x4330ffe8
           4902	      2447	00101104	00578c13	addi	x24,x15,5	 x15:0x00000056 x24=0x0000005b
           4904	      2448	00101108	d00c7cd3	fcvt.s.w	f25,x24	 x24:0x0000005b f25=0x42b60000
           4906	      2449	0010110c	a154aa23	sw	x21,-1516(x9)	  x9:0x00102000 x21:0x442bc785 PA:0x00101a14 store:0x442bc785 load:0x432f02c9
           4908	      2450	00101110	a144ad03	lw	x26,-1516(x9)	  x9:0x00102000 x26=0x442bc785 PA:0x00101a14 store:0x00102000
           4912	      2452	00101114	a1792623	sw	x23,-1524(x18)	 x18:0x00102000 x23:0x4330ffe8 PA:0x00101a0c store:0x4330ffe8 load:0x442bc785
           4916	      2454	00101118	a1042d83	lw	x27,-1520(x8)	  x8:0x00102000 x27=0x3f7d1f60 PA:0x00101a10 store:0x3f7d1f60
           4920	      2456	0010111c	a1042e03	lw	x28,-1520(x8)	  x8:0x00102000 x28=0x3f7d1f60 PA:0x00101a10 store:0x3f7d1f60
           4930	      2461	00101120	a0c92e83	lw	x29,-1524(x18)	 x18:0x00102000 x29=0x4330ffe8 PA:0x00101a0c store:0x3f7d1f60
           4932	      2462	00101124	01bd7f53	fadd.s	f30,f26,f27	 f26:0x442bc785 f27:0x3f7d1f60 f30=0x442c06cd
           4936	      2464	00101128	00678f93	addi	x31,x15,6	 x15:0x00000056 x31=0x0000005c
           4938	      2465	0010112c	e9cb76c3	fmadd.s	f13,f22,f28,f29	 f22:0x42b40000 f28:0x3f7d1f60 f29:0x42b40000 f13=0x4332fd08
           4940	      2466	00101130	d00ff753	fcvt.s.w	f14,x31	 x31:0x0000005c f14=0x42b80000
           4942	      2467	00101134	00778793	addi	x15,x15,7	 x15:0x00000056 x15=0x0000005d
           4944	      2468	00101138	a1e4aa23	sw	x30,-1516(x9)	  x9:0x00102000 x30:0x442c06cd PA:0x00101a14 store:0x442c06cd load:0x4330ffe8
           4946	      2469	0010113c	a144a503	lw	x10,-1516(x9)	  x9:0x00102000 x10=0x442c06cd PA:0x00101a14 store:0x00102000
           4950	      2471	00101140	a0d92623	sw	x13,-1524(x18)	 x18:0x00102000 x13:0x4332fd08 PA:0x00101a0c store:0x4332fd08 load:0x442c06cd
           4954	      2473	00101144	a1042303	lw	x6,-1520(x8)	  x8:0x00102000  x6=0x3f7d1f60 PA:0x00101a10 store:0x3f7d1f60
           4958	      2475	00101148	a1042083	lw	x1,-1520(x8)	  x8:0x00102000  x1=0x3f7d1f60 PA:0x00101a10 store:0x3f7d1f60
           4968	      2480	0010114c	a0c92383	lw	x7,-1524(x18)	 x18:0x00102000  x7=0x4332fd08 PA:0x00101a0c store:0x3f7d1f60
           4970	      2481	00101150	006575d3	fadd.s	f11,f10,f6	 f10:0x442c06cd  f6:0x3f7d1f60 f11=0x442c4615
           4972	      2482	00101154	381cf643	fmadd.s	f12,f25,f1,f7	 f25:0x42b60000  f1:0x3f7d1f60  f7:0x42b60000 f12=0x4334fa27
           4974	      2483	00101158	a0b4aa23	sw	x11,-1516(x9)	  x9:0x00102000 x11:0x442c4615 PA:0x00101a14 store:0x442c4615 load:0x4332fd08
           4976	      2484	0010115c	a0c92623	sw	x12,-1524(x18)	 x18:0x00102000 x12:0x4334fa27 PA:0x00101a0c store:0x4334fa27 load:0x4332fd08
           4980	      2486	00101160	a144a883	lw	x17,-1516(x9)	  x9:0x00102000 x17=0x442c4615 PA:0x00101a14 store:0x00102000
           4984	      2488	00101164	a1042803	lw	x16,-1520(x8)	  x8:0x00102000 x16=0x3f7d1f60 PA:0x00101a10 store:0x3f7d1f60
           4988	      2490	00101168	a1042a83	lw	x21,-1520(x8)	  x8:0x00102000 x21=0x3f7d1f60 PA:0x00101a10 store:0x3f7d1f60
           4998	      2495	0010116c	a0c92b03	lw	x22,-1524(x18)	 x18:0x00102000 x22=0x4334fa27 PA:0x00101a0c store:0x4334fa27
           5000	      2496	00101170	0108fbd3	fadd.s	f23,f17,f16	 f17:0x442c4615 f16:0x3f7d1f60 f23=0x442c855d
           5002	      2497	00101174	b1577c43	fmadd.s	f24,f14,f21,f22	 f14:0x42b80000 f21:0x3f7d1f60 f22:0x42b80000 f24=0x4336f746
           5004	      2498	00101178	a174aa23	sw	x23,-1516(x9)	  x9:0x00102000 x23:0x442c855d PA:0x00101a14 store:0x442c855d load:0x4334fa27
           5006	      2499	0010117c	a144ac83	lw	x25,-1516(x9)	  x9:0x00102000 x25=0x442c855d PA:0x00101a14 store:0x00102000
           5010	      2501	00101180	a1042d03	lw	x26,-1520(x8)	  x8:0x00102000 x26=0x3f7d1f60 PA:0x00101a10 store:0x3f7d1f60
           5020	      2506	00101184	a1892623	sw	x24,-1524(x18)	 x18:0x00102000 x24:0x4336f746 PA:0x00101a0c store:0x4336f746 load:0x3f7d1f60
           5022	      2507	00101188	01acfdd3	fadd.s	f27,f25,f26	 f25:0x442c855d f26:0x3f7d1f60 f27=0x442cc4a5
           5024	      2508	0010118c	a1b4aa23	sw	x27,-1516(x9)	  x9:0x00102000 x27:0x442cc4a5 PA:0x00101a14 store:0x442cc4a5 load:0x3f7d1f60
           5026	      2509	00101190	ee5794e3	bne	x15,x5,101078	 x15:0x0000005d  x5:0x00000064
           5038	      2515	00101078	a1042083	lw	x1,-1520(x8)	  x8:0x00102000  x1=0x3f7d1f60 PA:0x00101a10 store:0x3f7d1f60
           5040	      2516	0010107c	d007f3d3	fcvt.s.w	f7,x15	 x15:0x0000005d  f7=0x42ba0000
           5042	      2517	00101080	a0c92583	lw	x11,-1524(x18)	 x18:0x00102000 x11=0x4336f746 PA:0x00101a0c store:0x4334fa27
           5044	      2518	00101084	00178813	addi	x16,x15,1	 x15:0x0000005d x16=0x0000005e
           5052	      2522	00101088	a144a603	lw	x12,-1516(x9)	  x9:0x00102000 x12=0x442cc4a5 PA:0x00101a14 store:0x00102000
           5054	      2523	0010108c	5813f8c3	fmadd.s	f17,f7,f1,f11	  f7:0x42ba0000  f1:0x3f7d1f60 f11:0x42ba0000 f17=0x4338f466
           5060	      2526	00101090	a1042a83	lw	x21,-1520(x8)	  x8:0x00102000 x21=0x3f7d1f60 PA:0x00101a10 store:0x0000005e
           5062	      2527	00101094	d0087b53	fcvt.s.w	f22,x16	 x16:0x0000005e f22=0x42bc0000
           5068	      2530	00101098	a1042b83	lw	x23,-1520(x8)	  x8:0x00102000 x23=0x3f7d1f60 PA:0x00101a10 store:0x0000005e
           5070	      2531	0010109c	01567c53	fadd.s	f24,f12,f21	 f12:0x442cc4a5 f21:0x3f7d1f60 f24=0x442d03ed
           5072	      2532	001010a0	a1192623	sw	x17,-1524(x18)	 x18:0x00102000 x17:0x4338f466 PA:0x00101a0c store:0x4338f466 load:0x3f7d1f60
           5074	      2533	001010a4	a0c92c83	lw	x25,-1524(x18)	 x18:0x00102000 x25=0x4338f466 PA:0x00101a0c store:0x442cc4a5
           5082	      2537	001010a8	00278d13	addi	x26,x15,2	 x15:0x0000005d x26=0x0000005f
           5084	      2538	001010ac	d00d7dd3	fcvt.s.w	f27,x26	 x26:0x0000005f f27=0x42be0000
           5086	      2539	001010b0	c97b7e43	fmadd.s	f28,f22,f23,f25	 f22:0x42bc0000 f23:0x3f7d1f60 f25:0x42bc0000 f28=0x433af185
           5088	      2540	001010b4	a184aa23	sw	x24,-1516(x9)	  x9:0x00102000 x24:0x442d03ed PA:0x00101a14 store:0x442d03ed load:0x4338f466
           5090	      2541	001010b8	a144ae83	lw	x29,-1516(x9)	  x9:0x00102000 x29=0x442d03ed PA:0x00101a14 store:0x00102000
           5094	      2543	001010bc	a1042f03	lw	x30,-1520(x8)	  x8:0x00102000 x30=0x3f7d1f60 PA:0x00101a10 store:0x0000005e
           5098	      2545	001010c0	a1042f83	lw	x31,-1520(x8)	  x8:0x00102000 x31=0x3f7d1f60 PA:0x00101a10 store:0x0000005e
           5102	      2547	001010c4	a1c92623	sw	x28,-1524(x18)	 x18:0x00102000 x28:0x433af185 PA:0x00101a0c store:0x433af185 load:0x3f7d1f60
           5112	      2552	001010c8	a0c92683	lw	x13,-1524(x18)	 x18:0x00102000 x13=0x433af185 PA:0x00101a0c store:0x442cc4a5
           5114	      2553	001010cc	01eef553	fadd.s	f10,f29,f30	 f29:0x442d03ed f30:0x3f7d1f60 f10=0x442d4335
           5118	      2555	001010d0	00378713	addi	x14,x15,3	 x15:0x0000005d x14=0x00000060
           5120	      2556	001010d4	69fdf343	fmadd.s	f6,f27,f31,f13	 f27:0x42be0000 f31:0x3f7d1f60 f13:0x42be0000  f6=0x433ceea5
           5122	      2557	001010d8	d00770d3	fcvt.s.w	f1,x14	 x14:0x00000060  f1=0x42c00000
           5124	      2558	001010dc	00478393	addi	x7,x15,4	 x15:0x0000005d  x7=0x00000061
           5126	      2559	001010e0	a0a4aa23	sw	x10,-1516(x9)	  x9:0x00102000 x10:0x442d4335 PA:0x00101a14 store:0x442d4335 load:0x433af185
           5128	      2560	001010e4	a144a583	lw	x11,-1516(x9)	  x9:0x00102000 x11=0x442d4335 PA:0x00101a14 store:0x00102000
           5132	      2562	001010e8	a0692623	sw	x6,-1524(x18)	 x18:0x00102000  x6:0x433ceea5 PA:0x00101a0c store:0x433ceea5 load:0x442d4335
           5136	      2564	001010ec	a1042603	lw	x12,-1520(x8)	  x8:0x00102000 x12=0x3f7d1f60 PA:0x00101a10 store:0x0000005e
           5140	      2566	001010f0	a1042803	lw	x16,-1520(x8)	  x8:0x00102000 x16=0x3f7d1f60 PA:0x00101a10 store:0x0000005e
           5150	      2571	001010f4	a0c92883	lw	x17,-1524(x18)	 x18:0x00102000 x17=0x433ceea5 PA:0x00101a0c store:0x3f7d1f60
           5152	      2572	001010f8	00c5fad3	fadd.s	f21,f11,f12	 f11:0x442d4335 f12:0x3f7d1f60 f21=0x442d827d
           5154	      2573	001010fc	d003fb53	fcvt.s.w	f22,x7	  x7:0x00000061 f22=0x42c20000
           5156	      2574	00101100	8900fbc3	fmadd.s	f23,f1,f16,f17	  f1:0x42c00000 f16:0x3f7d1f60 f17:0x42c00000 f23=0x433eebc4
           5160	      2576	00101104	00578c13	addi	x24,x15,5	 x15:0x0000005d x24=0x00000062
           5162	      2577	00101108	d00c7cd3	fcvt.s.w	f25,x24	 x24:0x00000062 f25=0x42c40000
           5164	      2578	0010110c	a154aa23	sw	x21,-1516(x9)	  x9:0x00102000 x21:0x442d827d PA:0x00101a14 store:0x442d827d load:0x433ceea5
           5166	      2579	00101110	a144ad03	lw	x26,-1516(x9)	  x9:0x00102000 x26=0x442d827d PA:0x00101a14 store:0x00102000
           5170	      2581	00101114	a1792623	sw	x23,-1524(x18)	 x18:0x00102000 x23:0x433eebc4 PA:0x00101a0c store:0x433eebc4 load:0x442d827d
           5174	      2583	00101118	a1042d83	lw	x27,-1520(x8)	  x8:0x00102000 x27=0x3f7d1f60 PA:0x00101a10 store:0x3f7d1f60
           5178	      2585	0010111c	a1042e03	lw	x28,-1520(x8)	  x8:0x00102000 x28=0x3f7d1f60 PA:0x00101a10 store:0x3f7d1f60
           5188	      2590	00101120	a0c92e83	lw	x29,-1524(x18)	 x18:0x00102000 x29=0x433eebc4 PA:0x00101a0c store:0x3f7d1f60
           5190	      2591	00101124	01bd7f53	fadd.s	f30,f26,f27	 f26:0x442d827d f27:0x3f7d1f60 f30=0x442dc1c5
           5194	      2593	00101128	00678f93	addi	x31,x15,6	 x15:0x0000005d x31=0x00000063
           5196	      2594	0010112c	e9cb76c3	fmadd.s	f13,f22,f28,f29	 f22:0x42c20000 f28:0x3f7d1f60 f29:0x42c20000 f13=0x4340e8e3
           5198	      2595	00101130	d00ff753	fcvt.s.w	f14,x31	 x31:0x00000063 f14=0x42c60000
           5200	      2596	00101134	00778793	addi	x15,x15,7	 x15:0x0000005d x15=0x00000064
           5202	      2597	00101138	a1e4aa23	sw	x30,-1516(x9)	  x9:0x00102000 x30:0x442dc1c5 PA:0x00101a14 store:0x442dc1c5 load:0x433eebc4
           5204	      2598	0010113c	a144a503	lw	x10,-1516(x9)	  x9:0x00102000 x10=0x442dc1c5 PA:0x00101a14 store:0x00102000
           5208	      2600	00101140	a0d92623	sw	x13,-1524(x18)	 x18:0x00102000 x13:0x4340e8e3 PA:0x00101a0c store:0x4340e8e3 load:0x442dc1c5
           5212	      2602	00101144	a1042303	lw	x6,-1520(x8)	  x8:0x00102000  x6=0x3f7d1f60 PA:0x00101a10 store:0x3f7d1f60
           5216	      2604	00101148	a1042083	lw	x1,-1520(x8)	  x8:0x00102000  x1=0x3f7d1f60 PA:0x00101a10 store:0x3f7d1f60
           5226	      2609	0010114c	a0c92383	lw	x7,-1524(x18)	 x18:0x00102000  x7=0x4340e8e3 PA:0x00101a0c store:0x3f7d1f60
           5228	      2610	00101150	006575d3	fadd.s	f11,f10,f6	 f10:0x442dc1c5  f6:0x3f7d1f60 f11=0x442e010d
           5230	      2611	00101154	381cf643	fmadd.s	f12,f25,f1,f7	 f25:0x42c40000  f1:0x3f7d1f60  f7:0x42c40000 f12=0x4342e603
           5232	      2612	00101158	a0b4aa23	sw	x11,-1516(x9)	  x9:0x00102000 x11:0x442e010d PA:0x00101a14 store:0x442e010d load:0x4340e8e3
           5234	      2613	0010115c	a0c92623	sw	x12,-1524(x18)	 x18:0x00102000 x12:0x4342e603 PA:0x00101a0c store:0x4342e603 load:0x4340e8e3
           5238	      2615	00101160	a144a883	lw	x17,-1516(x9)	  x9:0x00102000 x17=0x442e010d PA:0x00101a14 store:0x00102000
           5242	      2617	00101164	a1042803	lw	x16,-1520(x8)	  x8:0x00102000 x16=0x3f7d1f60 PA:0x00101a10 store:0x3f7d1f60
           5246	      2619	00101168	a1042a83	lw	x21,-1520(x8)	  x8:0x00102000 x21=0x3f7d1f60 PA:0x00101a10 store:0x3f7d1f60
           5256	      2624	0010116c	a0c92b03	lw	x22,-1524(x18)	 x18:0x00102000 x22=0x4342e603 PA:0x00101a0c store:0x4342e603
           5258	      2625	00101170	0108fbd3	fadd.s	f23,f17,f16	 f17:0x442e010d f16:0x3f7d1f60 f23=0x442e4055
           5260	      2626	00101174	b1577c43	fmadd.s	f24,f14,f21,f22	 f14:0x42c60000 f21:0x3f7d1f60 f22:0x42c60000 f24=0x4344e322
           5262	      2627	00101178	a174aa23	sw	x23,-1516(x9)	  x9:0x00102000 x23:0x442e4055 PA:0x00101a14 store:0x442e4055 load:0x4342e603
           5264	      2628	0010117c	a144ac83	lw	x25,-1516(x9)	  x9:0x00102000 x25=0x442e4055 PA:0x00101a14 store:0x00102000
           5268	      2630	00101180	a1042d03	lw	x26,-1520(x8)	  x8:0x00102000 x26=0x3f7d1f60 PA:0x00101a10 store:0x3f7d1f60
           5278	      2635	00101184	a1892623	sw	x24,-1524(x18)	 x18:0x00102000 x24:0x4344e322 PA:0x00101a0c store:0x4344e322 load:0x3f7d1f60
           5280	      2636	00101188	01acfdd3	fadd.s	f27,f25,f26	 f25:0x442e4055 f26:0x3f7d1f60 f27=0x442e7f9d
           5282	      2637	0010118c	a1b4aa23	sw	x27,-1516(x9)	  x9:0x00102000 x27:0x442e7f9d PA:0x00101a14 store:0x442e7f9d load:0x3f7d1f60
           5284	      2638	00101190	ee5794e3	bne	x15,x5,101078	 x15:0x00000064  x5:0x00000064
           5286	      2639	00101194	001012b7	lui	x5,0x101	  x5=0x00101000
           5288	      2640	00101198	72028513	addi	x10,x5,1824	  x5:0x00101000 x10=0x00101720
           5290	      2641	0010119c	f05fe0ef	jal	x1,1000a0	  x1=0x001011a0
           5294	      2643	001000a0	00054803	lbu	x16,0(x10)	 x10:0x00101720 x16=0x0000000a PA:0x00101720 store:0x00000000
           5296	      2644	001000a4	06080663	beq	x16,x0,100110	 x16:0x0000000a  x0:0x00000000
           5298	      2645	001000a8	000207b7	lui	x15,0x20	 x15=0x00020000
           5302	      2647	001000ac	0107a023	sw	x16,0(x15)	 x15:0x00020000 x16:0x0000000a PA:0x00020000 store:0x0000000a load:0x00000000
           5306	      2649	001000b0	00154703	lbu	x14,1(x10)	 x10:0x00101720 x14=0x0000000a PA:0x00101721 store:0x001011a0
           5308	      2650	001000b4	04070e63	beq	x14,x0,100110	 x14:0x0000000a  x0:0x00000000
           5312	      2652	001000b8	00e7a023	sw	x14,0(x15)	 x15:0x00020000 x14:0x0000000a PA:0x00020000 store:0x0000000a load:0x00000000
           5316	      2654	001000bc	00254283	lbu	x5,2(x10)	 x10:0x00101720  x5=0x00000031 PA:0x00101722 store:0x00137fc0
           5318	      2655	001000c0	04028863	beq	x5,x0,100110	  x5:0x00000031  x0:0x00000000
           5322	      2657	001000c4	0057a023	sw	x5,0(x15)	 x15:0x00020000  x5:0x00000031 PA:0x00020000 store:0x00000031 load:0x00000000
           5326	      2659	001000c8	00354303	lbu	x6,3(x10)	 x10:0x00101720  x6=0x00000030 PA:0x00101723 store:0x00000000
           5328	      2660	001000cc	04030263	beq	x6,x0,100110	  x6:0x00000030  x0:0x00000000
           5332	      2662	001000d0	0067a023	sw	x6,0(x15)	 x15:0x00020000  x6:0x00000030 PA:0x00020000 store:0x00000030 load:0x00000000
           5336	      2664	001000d4	00454383	lbu	x7,4(x10)	 x10:0x00101720  x7=0x00000030 PA:0x00101724 store:0x00000000
           5338	      2665	001000d8	02038c63	beq	x7,x0,100110	  x7:0x00000030  x0:0x00000000
           5342	      2667	001000dc	0077a023	sw	x7,0(x15)	 x15:0x00020000  x7:0x00000030 PA:0x00020000 store:0x00000030 load:0x00000000
           5346	      2669	001000e0	00554583	lbu	x11,5(x10)	 x10:0x00101720 x11=0x00000020 PA:0x00101725 store:0x00000031
           5348	      2670	001000e4	02058663	beq	x11,x0,100110	 x11:0x00000020  x0:0x00000000
           5352	      2672	001000e8	00b7a023	sw	x11,0(x15)	 x15:0x00020000 x11:0x00000020 PA:0x00020000 store:0x00000020 load:0x00000000
           5356	      2674	001000ec	00654603	lbu	x12,6(x10)	 x10:0x00101720 x12=0x00000046 PA:0x00101726 store:0x00000030
           5358	      2675	001000f0	02060063	beq	x12,x0,100110	 x12:0x00000046  x0:0x00000000
           5362	      2677	001000f4	00c7a023	sw	x12,0(x15)	 x15:0x00020000 x12:0x00000046 PA:0x00020000 store:0x00000046 load:0x00000000
           5366	      2679	001000f8	00754683	lbu	x13,7(x10)	 x10:0x00101720 x13=0x0000004d PA:0x00101727 store:0x00000030
           5368	      2680	001000fc	00850513	addi	x10,x10,8	 x10:0x00101720 x10=0x00101728
           5370	      2681	00100100	00068863	beq	x13,x0,100110	 x13:0x0000004d  x0:0x00000000
           5374	      2683	00100104	00d7a023	sw	x13,0(x15)	 x15:0x00020000 x13:0x0000004d PA:0x00020000 store:0x0000004d load:0x00000000
           5378	      2685	00100108	00054803	lbu	x16,0(x10)	 x10:0x00101728 x16=0x00000041 PA:0x00101728 store:0x00000000
           5382	      2687	0010010c	fa0810e3	bne	x16,x0,1000ac	 x16:0x00000041  x0:0x00000000
           5388	      2690	001000ac	0107a023	sw	x16,0(x15)	 x15:0x00020000 x16:0x00000041 PA:0x00020000 store:0x00000041 load:0x00000000
           5392	      2692	001000b0	00154703	lbu	x14,1(x10)	 x10:0x00101728 x14=0x00000044 PA:0x00101729 store:0x001011a0
           5394	      2693	001000b4	04070e63	beq	x14,x0,100110	 x14:0x00000044  x0:0x00000000
           5398	      2695	001000b8	00e7a023	sw	x14,0(x15)	 x15:0x00020000 x14:0x00000044 PA:0x00020000 store:0x00000044 load:0x00000000
           5402	      2697	001000bc	00254283	lbu	x5,2(x10)	 x10:0x00101728  x5=0x00000044 PA:0x0010172a store:0x00137fc0
           5404	      2698	001000c0	04028863	beq	x5,x0,100110	  x5:0x00000044  x0:0x00000000
           5408	      2700	001000c4	0057a023	sw	x5,0(x15)	 x15:0x00020000  x5:0x00000044 PA:0x00020000 store:0x00000044 load:0x00000000
           5412	      2702	001000c8	00354303	lbu	x6,3(x10)	 x10:0x00101728  x6=0x00000073 PA:0x0010172b store:0x00000000
           5414	      2703	001000cc	04030263	beq	x6,x0,100110	  x6:0x00000073  x0:0x00000000
           5418	      2705	001000d0	0067a023	sw	x6,0(x15)	 x15:0x00020000  x6:0x00000073 PA:0x00020000 store:0x00000073 load:0x00000000
           5422	      2707	001000d4	00454383	lbu	x7,4(x10)	 x10:0x00101728  x7=0x00000020 PA:0x0010172c store:0x00000000
           5424	      2708	001000d8	02038c63	beq	x7,x0,100110	  x7:0x00000020  x0:0x00000000
           5428	      2710	001000dc	0077a023	sw	x7,0(x15)	 x15:0x00020000  x7:0x00000020 PA:0x00020000 store:0x00000020 load:0x00000000
           5432	      2712	001000e0	00554583	lbu	x11,5(x10)	 x10:0x00101728 x11=0x00000072 PA:0x0010172d store:0x00000044
           5434	      2713	001000e4	02058663	beq	x11,x0,100110	 x11:0x00000072  x0:0x00000000
           5438	      2715	001000e8	00b7a023	sw	x11,0(x15)	 x15:0x00020000 x11:0x00000072 PA:0x00020000 store:0x00000072 load:0x00000000
           5442	      2717	001000ec	00654603	lbu	x12,6(x10)	 x10:0x00101728 x12=0x00000065 PA:0x0010172e store:0x00000073
           5444	      2718	001000f0	02060063	beq	x12,x0,100110	 x12:0x00000065  x0:0x00000000
           5448	      2720	001000f4	00c7a023	sw	x12,0(x15)	 x15:0x00020000 x12:0x00000065 PA:0x00020000 store:0x00000065 load:0x00000000
           5452	      2722	001000f8	00754683	lbu	x13,7(x10)	 x10:0x00101728 x13=0x00000073 PA:0x0010172f store:0x00000020
           5454	      2723	001000fc	00850513	addi	x10,x10,8	 x10:0x00101728 x10=0x00101730
           5456	      2724	00100100	00068863	beq	x13,x0,100110	 x13:0x00000073  x0:0x00000000
           5460	      2726	00100104	00d7a023	sw	x13,0(x15)	 x15:0x00020000 x13:0x00000073 PA:0x00020000 store:0x00000073 load:0x00000000
           5464	      2728	00100108	00054803	lbu	x16,0(x10)	 x10:0x00101730 x16=0x00000075 PA:0x00101730 store:0x00000000
           5468	      2730	0010010c	fa0810e3	bne	x16,x0,1000ac	 x16:0x00000075  x0:0x00000000
           5474	      2733	001000ac	0107a023	sw	x16,0(x15)	 x15:0x00020000 x16:0x00000075 PA:0x00020000 store:0x00000075 load:0x00000000
           5478	      2735	001000b0	00154703	lbu	x14,1(x10)	 x10:0x00101730 x14=0x0000006c PA:0x00101731 store:0x001011a0
           5480	      2736	001000b4	04070e63	beq	x14,x0,100110	 x14:0x0000006c  x0:0x00000000
           5484	      2738	001000b8	00e7a023	sw	x14,0(x15)	 x15:0x00020000 x14:0x0000006c PA:0x00020000 store:0x0000006c load:0x00000000
           5488	      2740	001000bc	00254283	lbu	x5,2(x10)	 x10:0x00101730  x5=0x00000074 PA:0x00101732 store:0x00137fc0
           5490	      2741	001000c0	04028863	beq	x5,x0,100110	  x5:0x00000074  x0:0x00000000
           5494	      2743	001000c4	0057a023	sw	x5,0(x15)	 x15:0x00020000  x5:0x00000074 PA:0x00020000 store:0x00000074 load:0x00000000
           5498	      2745	001000c8	00354303	lbu	x6,3(x10)	 x10:0x00101730  x6=0x00000020 PA:0x00101733 store:0x00000000
           5500	      2746	001000cc	04030263	beq	x6,x0,100110	  x6:0x00000020  x0:0x00000000
           5504	      2748	001000d0	0067a023	sw	x6,0(x15)	 x15:0x00020000  x6:0x00000020 PA:0x00020000 store:0x00000020 load:0x00000000
           5508	      2750	001000d4	00454383	lbu	x7,4(x10)	 x10:0x00101730  x7=0x00000069 PA:0x00101734 store:0x00000000
           5510	      2751	001000d8	02038c63	beq	x7,x0,100110	  x7:0x00000069  x0:0x00000000
           5514	      2753	001000dc	0077a023	sw	x7,0(x15)	 x15:0x00020000  x7:0x00000069 PA:0x00020000 store:0x00000069 load:0x00000000
           5518	      2755	001000e0	00554583	lbu	x11,5(x10)	 x10:0x00101730 x11=0x0000006e PA:0x00101735 store:0x00000074
           5520	      2756	001000e4	02058663	beq	x11,x0,100110	 x11:0x0000006e  x0:0x00000000
           5524	      2758	001000e8	00b7a023	sw	x11,0(x15)	 x15:0x00020000 x11:0x0000006e PA:0x00020000 store:0x0000006e load:0x00000000
           5528	      2760	001000ec	00654603	lbu	x12,6(x10)	 x10:0x00101730 x12=0x0000003a PA:0x00101736 store:0x00000020
           5530	      2761	001000f0	02060063	beq	x12,x0,100110	 x12:0x0000003a  x0:0x00000000
           5534	      2763	001000f4	00c7a023	sw	x12,0(x15)	 x15:0x00020000 x12:0x0000003a PA:0x00020000 store:0x0000003a load:0x00000000
           5538	      2765	001000f8	00754683	lbu	x13,7(x10)	 x10:0x00101730 x13=0x00000020 PA:0x00101737 store:0x00000069
           5540	      2766	001000fc	00850513	addi	x10,x10,8	 x10:0x00101730 x10=0x00101738
           5542	      2767	00100100	00068863	beq	x13,x0,100110	 x13:0x00000020  x0:0x00000000
           5546	      2769	00100104	00d7a023	sw	x13,0(x15)	 x15:0x00020000 x13:0x00000020 PA:0x00020000 store:0x00000020 load:0x00000000
           5550	      2771	00100108	00054803	lbu	x16,0(x10)	 x10:0x00101738 x16=0x00000000 PA:0x00101738 store:0x00000000
           5552	      2772	0010010c	fa0810e3	bne	x16,x0,1000ac	 x16:0x00000000  x0:0x00000000
           5554	      2773	00100110	00000513	addi	x10,x0,0	  x0:0x00000000 x10=0x00000000
           5558	      2775	00100114	00008067	jalr	x0,0(x1)	  x1:0x001011a0  x0=0x00000000
           5560	      2776	001011a0	00102c37	lui	x24,0x102	 x24=0x00102000
           5564	      2778	001011a4	9f0c2503	lw	x10,-1552(x24)	 x24:0x00102000 x10=0x00000000 PA:0x001019f0 store:0x00000000
           5566	      2779	001011a8	00101cb7	lui	x25,0x101	 x25=0x00101000
           5568	      2780	001011ac	00102ab7	lui	x21,0x102	 x21=0x00102000
           5572	      2782	001011b0	f71fe0ef	jal	x1,100120	  x1=0x001011b4
           5574	      2783	00100120	01c55793	srli	x15,x10,0x1c	 x10:0x00000000 x15=0x00000000
           5576	      2784	00100124	00900713	addi	x14,x0,9	  x0:0x00000000 x14=0x00000009
           5580	      2786	00100128	0cf77a63	bgeu	x14,x15,1001fc	 x14:0x00000009 x15:0x00000000
           5584	      2788	001001fc	03078393	addi	x7,x15,48	 x15:0x00000000  x7=0x00000030
           5586	      2789	00100200	000205b7	lui	x11,0x20	 x11=0x00020000
           5588	      2790	00100204	00451613	slli	x12,x10,0x4	 x10:0x00000000 x12=0x00000000
           5592	      2792	00100208	0075a023	sw	x7,0(x11)	 x11:0x00020000  x7:0x00000030 PA:0x00020000 store:0x00000030 load:0x00000000
           5594	      2793	0010020c	01c65693	srli	x13,x12,0x1c	 x12:0x00000000 x13=0x00000000
           5596	      2794	00100210	00900813	addi	x16,x0,9	  x0:0x00000000 x16=0x00000009
           5598	      2795	00100214	f2d86ae3	bltu	x16,x13,100148	 x16:0x00000009 x13:0x00000000
           5600	      2796	00100218	03068e93	addi	x29,x13,48	 x13:0x00000000 x29=0x00000030
           5602	      2797	0010021c	00020f37	lui	x30,0x20	 x30=0x00020000
           5604	      2798	00100220	00851f93	slli	x31,x10,0x8	 x10:0x00000000 x31=0x00000000
           5608	      2800	00100224	01df2023	sw	x29,0(x30)	 x30:0x00020000 x29:0x00000030 PA:0x00020000 store:0x00000030 load:0x00000000
           5610	      2801	00100228	01cfd793	srli	x15,x31,0x1c	 x31:0x00000000 x15=0x00000000
           5612	      2802	0010022c	00900713	addi	x14,x0,9	  x0:0x00000000 x14=0x00000009
           5614	      2803	00100230	f2f76ae3	bltu	x14,x15,100164	 x14:0x00000009 x15:0x00000000
           5616	      2804	00100234	03078393	addi	x7,x15,48	 x15:0x00000000  x7=0x00000030
           5618	      2805	00100238	000205b7	lui	x11,0x20	 x11=0x00020000
           5620	      2806	0010023c	00c51613	slli	x12,x10,0xc	 x10:0x00000000 x12=0x00000000
           5624	      2808	00100240	0075a023	sw	x7,0(x11)	 x11:0x00020000  x7:0x00000030 PA:0x00020000 store:0x00000030 load:0x00000000
           5626	      2809	00100244	01c65693	srli	x13,x12,0x1c	 x12:0x00000000 x13=0x00000000
           5628	      2810	00100248	00900813	addi	x16,x0,9	  x0:0x00000000 x16=0x00000009
           5630	      2811	0010024c	f2d86ae3	bltu	x16,x13,100180	 x16:0x00000009 x13:0x00000000
           5632	      2812	00100250	03068e93	addi	x29,x13,48	 x13:0x00000000 x29=0x00000030
           5634	      2813	00100254	00020f37	lui	x30,0x20	 x30=0x00020000
           5636	      2814	00100258	01051f93	slli	x31,x10,0x10	 x10:0x00000000 x31=0x00000000
           5640	      2816	0010025c	01df2023	sw	x29,0(x30)	 x30:0x00020000 x29:0x00000030 PA:0x00020000 store:0x00000030 load:0x00000000
           5642	      2817	00100260	01cfd793	srli	x15,x31,0x1c	 x31:0x00000000 x15=0x00000000
           5644	      2818	00100264	00900713	addi	x14,x0,9	  x0:0x00000000 x14=0x00000009
           5646	      2819	00100268	f2f76ae3	bltu	x14,x15,10019c	 x14:0x00000009 x15:0x00000000
           5648	      2820	0010026c	03078393	addi	x7,x15,48	 x15:0x00000000  x7=0x00000030
           5650	      2821	00100270	000205b7	lui	x11,0x20	 x11=0x00020000
           5652	      2822	00100274	01451613	slli	x12,x10,0x14	 x10:0x00000000 x12=0x00000000
           5656	      2824	00100278	0075a023	sw	x7,0(x11)	 x11:0x00020000  x7:0x00000030 PA:0x00020000 store:0x00000030 load:0x00000000
           5658	      2825	0010027c	01c65693	srli	x13,x12,0x1c	 x12:0x00000000 x13=0x00000000
           5660	      2826	00100280	00900813	addi	x16,x0,9	  x0:0x00000000 x16=0x00000009
           5662	      2827	00100284	f2d86ae3	bltu	x16,x13,1001b8	 x16:0x00000009 x13:0x00000000
           5664	      2828	00100288	03068e93	addi	x29,x13,48	 x13:0x00000000 x29=0x00000030
           5666	      2829	0010028c	00020f37	lui	x30,0x20	 x30=0x00020000
           5668	      2830	00100290	01851f93	slli	x31,x10,0x18	 x10:0x00000000 x31=0x00000000
           5672	      2832	00100294	01df2023	sw	x29,0(x30)	 x30:0x00020000 x29:0x00000030 PA:0x00020000 store:0x00000030 load:0x00000000
           5674	      2833	00100298	01cfd793	srli	x15,x31,0x1c	 x31:0x00000000 x15=0x00000000
           5676	      2834	0010029c	00900713	addi	x14,x0,9	  x0:0x00000000 x14=0x00000009
           5678	      2835	001002a0	f2f76ae3	bltu	x14,x15,1001d4	 x14:0x00000009 x15:0x00000000
           5680	      2836	001002a4	03078393	addi	x7,x15,48	 x15:0x00000000  x7=0x00000030
           5682	      2837	001002a8	000205b7	lui	x11,0x20	 x11=0x00020000
           5686	      2839	001002ac	0075a023	sw	x7,0(x11)	 x11:0x00020000  x7:0x00000030 PA:0x00020000 store:0x00000030 load:0x00000000
           5688	      2840	001002b0	00f57513	andi	x10,x10,15	 x10:0x00000000 x10=0x00000000
           5690	      2841	001002b4	00900613	addi	x12,x0,9	  x0:0x00000000 x12=0x00000009
           5694	      2843	001002b8	f2a67ae3	bgeu	x12,x10,1001ec	 x12:0x00000009 x10:0x00000000
           5698	      2845	001001ec	03050893	addi	x17,x10,48	 x10:0x00000000 x17=0x00000030
           5700	      2846	001001f0	00020e37	lui	x28,0x20	 x28=0x00020000
           5704	      2848	001001f4	011e2023	sw	x17,0(x28)	 x28:0x00020000 x17:0x00000030 PA:0x00020000 store:0x00000030 load:0x00000000
           5708	      2850	001001f8	00008067	jalr	x0,0(x1)	  x1:0x001011b4  x0=0x00000000
           5710	      2851	001011b4	00101e37	lui	x28,0x101	 x28=0x00101000
           5714	      2853	001011b8	680e2f83	lw	x31,1664(x28)	 x28:0x00101000 x31=0x42f64a98 PA:0x00101680 store:0x00000000
           5716	      2854	001011bc	00101eb7	lui	x29,0x101	 x29=0x00101000
           5720	      2856	001011c0	684ea683	lw	x13,1668(x29)	 x29:0x00101000 x13=0x41433afb PA:0x00101684 store:0x00000000
           5724	      2858	001011c4	688caf03	lw	x30,1672(x25)	 x25:0x00101000 x30=0x80000000 PA:0x00101688 store:0x00102000
           5726	      2859	001011c8	00101737	lui	x14,0x101	 x14=0x00101000
           5730	      2861	001011cc	9ffaac23	sw	x31,-1544(x21)	 x21:0x00102000 x31:0x42f64a98 PA:0x001019f8 store:0x42f64a98 load:0x80000000
           5734	      2863	001011d0	68c72303	lw	x6,1676(x14)	 x14:0x00101000  x6=0x3ea4b87c PA:0x0010168c store:0x00000009
           5736	      2864	001011d4	00102b37	lui	x22,0x102	 x22=0x00102000
           5740	      2866	001011d8	a0db2023	sw	x13,-1536(x22)	 x22:0x00102000 x13:0x41433afb PA:0x00101a00 store:0x41433afb load:0x3ea4b87c
           5742	      2867	001011dc	001017b7	lui	x15,0x101	 x15=0x00101000
           5744	      2868	001011e0	00102bb7	lui	x23,0x102	 x23=0x00102000
           5748	      2870	001011e4	a1eba223	sw	x30,-1532(x23)	 x23:0x00102000 x30:0x80000000 PA:0x00101a04 store:0x80000000 load:0x3ea4b87c
           5750	      2871	001011e8	73c78513	addi	x10,x15,1852	 x15:0x00101000 x10=0x0010173c
           5754	      2873	001011ec	a0642823	sw	x6,-1520(x8)	  x8:0x00102000  x6:0x3ea4b87c PA:0x00101a10 store:0x3ea4b87c load:0x3ea4b87c
           5758	      2875	001011f0	eb1fe0ef	jal	x1,1000a0	  x1=0x001011f4
           5762	      2877	001000a0	00054803	lbu	x16,0(x10)	 x10:0x0010173c x16=0x0000000a PA:0x0010173c store:0x00000000
           5764	      2878	001000a4	06080663	beq	x16,x0,100110	 x16:0x0000000a  x0:0x00000000
           5766	      2879	001000a8	000207b7	lui	x15,0x20	 x15=0x00020000
           5770	      2881	001000ac	0107a023	sw	x16,0(x15)	 x15:0x00020000 x16:0x0000000a PA:0x00020000 store:0x0000000a load:0x00000000
           5774	      2883	001000b0	00154703	lbu	x14,1(x10)	 x10:0x0010173c x14=0x0000000a PA:0x0010173d store:0x001011f4
           5776	      2884	001000b4	04070e63	beq	x14,x0,100110	 x14:0x0000000a  x0:0x00000000
           5780	      2886	001000b8	00e7a023	sw	x14,0(x15)	 x15:0x00020000 x14:0x0000000a PA:0x00020000 store:0x0000000a load:0x00000000
           5784	      2888	001000bc	00254283	lbu	x5,2(x10)	 x10:0x0010173c  x5=0x00000053 PA:0x0010173e store:0x00137fc0
           5786	      2889	001000c0	04028863	beq	x5,x0,100110	  x5:0x00000053  x0:0x00000000
           5790	      2891	001000c4	0057a023	sw	x5,0(x15)	 x15:0x00020000  x5:0x00000053 PA:0x00020000 store:0x00000053 load:0x00000000
           5794	      2893	001000c8	00354303	lbu	x6,3(x10)	 x10:0x0010173c  x6=0x00000069 PA:0x0010173f store:0x00000000
           5796	      2894	001000cc	04030263	beq	x6,x0,100110	  x6:0x00000069  x0:0x00000000
           5800	      2896	001000d0	0067a023	sw	x6,0(x15)	 x15:0x00020000  x6:0x00000069 PA:0x00020000 store:0x00000069 load:0x00000000
           5804	      2898	001000d4	00454383	lbu	x7,4(x10)	 x10:0x0010173c  x7=0x00000067 PA:0x00101740 store:0x00000000
           5806	      2899	001000d8	02038c63	beq	x7,x0,100110	  x7:0x00000067  x0:0x00000000
           5810	      2901	001000dc	0077a023	sw	x7,0(x15)	 x15:0x00020000  x7:0x00000067 PA:0x00020000 store:0x00000067 load:0x00000000
           5814	      2903	001000e0	00554583	lbu	x11,5(x10)	 x10:0x0010173c x11=0x0000006e PA:0x00101741 store:0x00000053
           5816	      2904	001000e4	02058663	beq	x11,x0,100110	 x11:0x0000006e  x0:0x00000000
           5820	      2906	001000e8	00b7a023	sw	x11,0(x15)	 x15:0x00020000 x11:0x0000006e PA:0x00020000 store:0x0000006e load:0x00000000
           5824	      2908	001000ec	00654603	lbu	x12,6(x10)	 x10:0x0010173c x12=0x0000002c PA:0x00101742 store:0x00000069
           5826	      2909	001000f0	02060063	beq	x12,x0,100110	 x12:0x0000002c  x0:0x00000000
           5830	      2911	001000f4	00c7a023	sw	x12,0(x15)	 x15:0x00020000 x12:0x0000002c PA:0x00020000 store:0x0000002c load:0x00000000
           5834	      2913	001000f8	00754683	lbu	x13,7(x10)	 x10:0x0010173c x13=0x00000020 PA:0x00101743 store:0x00000067
           5836	      2914	001000fc	00850513	addi	x10,x10,8	 x10:0x0010173c x10=0x00101744
           5838	      2915	00100100	00068863	beq	x13,x0,100110	 x13:0x00000020  x0:0x00000000
           5842	      2917	00100104	00d7a023	sw	x13,0(x15)	 x15:0x00020000 x13:0x00000020 PA:0x00020000 store:0x00000020 load:0x00000000
           5846	      2919	00100108	00054803	lbu	x16,0(x10)	 x10:0x00101744 x16=0x0000006d PA:0x00101744 store:0x00000000
           5850	      2921	0010010c	fa0810e3	bne	x16,x0,1000ac	 x16:0x0000006d  x0:0x00000000
           5856	      2924	001000ac	0107a023	sw	x16,0(x15)	 x15:0x00020000 x16:0x0000006d PA:0x00020000 store:0x0000006d load:0x00000000
           5860	      2926	001000b0	00154703	lbu	x14,1(x10)	 x10:0x00101744 x14=0x00000061 PA:0x00101745 store:0x001011f4
           5862	      2927	001000b4	04070e63	beq	x14,x0,100110	 x14:0x00000061  x0:0x00000000
           5866	      2929	001000b8	00e7a023	sw	x14,0(x15)	 x15:0x00020000 x14:0x00000061 PA:0x00020000 store:0x00000061 load:0x00000000
           5870	      2931	001000bc	00254283	lbu	x5,2(x10)	 x10:0x00101744  x5=0x00000078 PA:0x00101746 store:0x00137fc0
           5872	      2932	001000c0	04028863	beq	x5,x0,100110	  x5:0x00000078  x0:0x00000000
           5876	      2934	001000c4	0057a023	sw	x5,0(x15)	 x15:0x00020000  x5:0x00000078 PA:0x00020000 store:0x00000078 load:0x00000000
           5880	      2936	001000c8	00354303	lbu	x6,3(x10)	 x10:0x00101744  x6=0x00000020 PA:0x00101747 store:0x00000000
           5882	      2937	001000cc	04030263	beq	x6,x0,100110	  x6:0x00000020  x0:0x00000000
           5886	      2939	001000d0	0067a023	sw	x6,0(x15)	 x15:0x00020000  x6:0x00000020 PA:0x00020000 store:0x00000020 load:0x00000000
           5890	      2941	001000d4	00454383	lbu	x7,4(x10)	 x10:0x00101744  x7=0x00000061 PA:0x00101748 store:0x00000000
           5892	      2942	001000d8	02038c63	beq	x7,x0,100110	  x7:0x00000061  x0:0x00000000
           5896	      2944	001000dc	0077a023	sw	x7,0(x15)	 x15:0x00020000  x7:0x00000061 PA:0x00020000 store:0x00000061 load:0x00000000
           5900	      2946	001000e0	00554583	lbu	x11,5(x10)	 x10:0x00101744 x11=0x0000006e PA:0x00101749 store:0x00000078
           5902	      2947	001000e4	02058663	beq	x11,x0,100110	 x11:0x0000006e  x0:0x00000000
           5906	      2949	001000e8	00b7a023	sw	x11,0(x15)	 x15:0x00020000 x11:0x0000006e PA:0x00020000 store:0x0000006e load:0x00000000
           5910	      2951	001000ec	00654603	lbu	x12,6(x10)	 x10:0x00101744 x12=0x00000064 PA:0x0010174a store:0x00000020
           5912	      2952	001000f0	02060063	beq	x12,x0,100110	 x12:0x00000064  x0:0x00000000
           5916	      2954	001000f4	00c7a023	sw	x12,0(x15)	 x15:0x00020000 x12:0x00000064 PA:0x00020000 store:0x00000064 load:0x00000000
           5920	      2956	001000f8	00754683	lbu	x13,7(x10)	 x10:0x00101744 x13=0x00000020 PA:0x0010174b store:0x00000061
           5922	      2957	001000fc	00850513	addi	x10,x10,8	 x10:0x00101744 x10=0x0010174c
           5924	      2958	00100100	00068863	beq	x13,x0,100110	 x13:0x00000020  x0:0x00000000
           5928	      2960	00100104	00d7a023	sw	x13,0(x15)	 x15:0x00020000 x13:0x00000020 PA:0x00020000 store:0x00000020 load:0x00000000
           5932	      2962	00100108	00054803	lbu	x16,0(x10)	 x10:0x0010174c x16=0x00000066 PA:0x0010174c store:0x00000000
           5936	      2964	0010010c	fa0810e3	bne	x16,x0,1000ac	 x16:0x00000066  x0:0x00000000
           5942	      2967	001000ac	0107a023	sw	x16,0(x15)	 x15:0x00020000 x16:0x00000066 PA:0x00020000 store:0x00000066 load:0x00000000
           5946	      2969	001000b0	00154703	lbu	x14,1(x10)	 x10:0x0010174c x14=0x0000006e PA:0x0010174d store:0x001011f4
           5948	      2970	001000b4	04070e63	beq	x14,x0,100110	 x14:0x0000006e  x0:0x00000000
           5952	      2972	001000b8	00e7a023	sw	x14,0(x15)	 x15:0x00020000 x14:0x0000006e PA:0x00020000 store:0x0000006e load:0x00000000
           5956	      2974	001000bc	00254283	lbu	x5,2(x10)	 x10:0x0010174c  x5=0x0000006d PA:0x0010174e store:0x00137fc0
           5958	      2975	001000c0	04028863	beq	x5,x0,100110	  x5:0x0000006d  x0:0x00000000
           5962	      2977	001000c4	0057a023	sw	x5,0(x15)	 x15:0x00020000  x5:0x0000006d PA:0x00020000 store:0x0000006d load:0x00000000
           5966	      2979	001000c8	00354303	lbu	x6,3(x10)	 x10:0x0010174c  x6=0x00000073 PA:0x0010174f store:0x00000000
           5968	      2980	001000cc	04030263	beq	x6,x0,100110	  x6:0x00000073  x0:0x00000000
           5972	      2982	001000d0	0067a023	sw	x6,0(x15)	 x15:0x00020000  x6:0x00000073 PA:0x00020000 store:0x00000073 load:0x00000000
           5976	      2984	001000d4	00454383	lbu	x7,4(x10)	 x10:0x0010174c  x7=0x00000075 PA:0x00101750 store:0x00000000
           5978	      2985	001000d8	02038c63	beq	x7,x0,100110	  x7:0x00000075  x0:0x00000000
           5982	      2987	001000dc	0077a023	sw	x7,0(x15)	 x15:0x00020000  x7:0x00000075 PA:0x00020000 store:0x00000075 load:0x00000000
           5986	      2989	001000e0	00554583	lbu	x11,5(x10)	 x10:0x0010174c x11=0x00000062 PA:0x00101751 store:0x0000006d
           5988	      2990	001000e4	02058663	beq	x11,x0,100110	 x11:0x00000062  x0:0x00000000
           5992	      2992	001000e8	00b7a023	sw	x11,0(x15)	 x15:0x00020000 x11:0x00000062 PA:0x00020000 store:0x00000062 load:0x00000000
           5996	      2994	001000ec	00654603	lbu	x12,6(x10)	 x10:0x0010174c x12=0x00000020 PA:0x00101752 store:0x00000073
           5998	      2995	001000f0	02060063	beq	x12,x0,100110	 x12:0x00000020  x0:0x00000000
           6002	      2997	001000f4	00c7a023	sw	x12,0(x15)	 x15:0x00020000 x12:0x00000020 PA:0x00020000 store:0x00000020 load:0x00000000
           6006	      2999	001000f8	00754683	lbu	x13,7(x10)	 x10:0x0010174c x13=0x00000069 PA:0x00101753 store:0x00000075
           6008	      3000	001000fc	00850513	addi	x10,x10,8	 x10:0x0010174c x10=0x00101754
           6010	      3001	00100100	00068863	beq	x13,x0,100110	 x13:0x00000069  x0:0x00000000
           6014	      3003	00100104	00d7a023	sw	x13,0(x15)	 x15:0x00020000 x13:0x00000069 PA:0x00020000 store:0x00000069 load:0x00000000
           6018	      3005	00100108	00054803	lbu	x16,0(x10)	 x10:0x00101754 x16=0x0000006e PA:0x00101754 store:0x00000000
           6022	      3007	0010010c	fa0810e3	bne	x16,x0,1000ac	 x16:0x0000006e  x0:0x00000000
           6028	      3010	001000ac	0107a023	sw	x16,0(x15)	 x15:0x00020000 x16:0x0000006e PA:0x00020000 store:0x0000006e load:0x00000000
           6032	      3012	001000b0	00154703	lbu	x14,1(x10)	 x10:0x00101754 x14=0x00000020 PA:0x00101755 store:0x001011f4
           6034	      3013	001000b4	04070e63	beq	x14,x0,100110	 x14:0x00000020  x0:0x00000000
           6038	      3015	001000b8	00e7a023	sw	x14,0(x15)	 x15:0x00020000 x14:0x00000020 PA:0x00020000 store:0x00000020 load:0x00000000
           6042	      3017	001000bc	00254283	lbu	x5,2(x10)	 x10:0x00101754  x5=0x00000077 PA:0x00101756 store:0x00137fc0
           6044	      3018	001000c0	04028863	beq	x5,x0,100110	  x5:0x00000077  x0:0x00000000
           6048	      3020	001000c4	0057a023	sw	x5,0(x15)	 x15:0x00020000  x5:0x00000077 PA:0x00020000 store:0x00000077 load:0x00000000
           6052	      3022	001000c8	00354303	lbu	x6,3(x10)	 x10:0x00101754  x6=0x00000068 PA:0x00101757 store:0x00000000
           6054	      3023	001000cc	04030263	beq	x6,x0,100110	  x6:0x00000068  x0:0x00000000
           6058	      3025	001000d0	0067a023	sw	x6,0(x15)	 x15:0x00020000  x6:0x00000068 PA:0x00020000 store:0x00000068 load:0x00000000
           6062	      3027	001000d4	00454383	lbu	x7,4(x10)	 x10:0x00101754  x7=0x00000069 PA:0x00101758 store:0x00000000
           6064	      3028	001000d8	02038c63	beq	x7,x0,100110	  x7:0x00000069  x0:0x00000000
           6068	      3030	001000dc	0077a023	sw	x7,0(x15)	 x15:0x00020000  x7:0x00000069 PA:0x00020000 store:0x00000069 load:0x00000000
           6072	      3032	001000e0	00554583	lbu	x11,5(x10)	 x10:0x00101754 x11=0x0000006c PA:0x00101759 store:0x00000077
           6074	      3033	001000e4	02058663	beq	x11,x0,100110	 x11:0x0000006c  x0:0x00000000
           6078	      3035	001000e8	00b7a023	sw	x11,0(x15)	 x15:0x00020000 x11:0x0000006c PA:0x00020000 store:0x0000006c load:0x00000000
           6082	      3037	001000ec	00654603	lbu	x12,6(x10)	 x10:0x00101754 x12=0x00000065 PA:0x0010175a store:0x00000068
           6084	      3038	001000f0	02060063	beq	x12,x0,100110	 x12:0x00000065  x0:0x00000000
           6088	      3040	001000f4	00c7a023	sw	x12,0(x15)	 x15:0x00020000 x12:0x00000065 PA:0x00020000 store:0x00000065 load:0x00000000
           6092	      3042	001000f8	00754683	lbu	x13,7(x10)	 x10:0x00101754 x13=0x00000020 PA:0x0010175b store:0x00000069
           6094	      3043	001000fc	00850513	addi	x10,x10,8	 x10:0x00101754 x10=0x0010175c
           6096	      3044	00100100	00068863	beq	x13,x0,100110	 x13:0x00000020  x0:0x00000000
           6100	      3046	00100104	00d7a023	sw	x13,0(x15)	 x15:0x00020000 x13:0x00000020 PA:0x00020000 store:0x00000020 load:0x00000000
           6104	      3048	00100108	00054803	lbu	x16,0(x10)	 x10:0x0010175c x16=0x0000006c PA:0x0010175c store:0x00000000
           6108	      3050	0010010c	fa0810e3	bne	x16,x0,1000ac	 x16:0x0000006c  x0:0x00000000
           6114	      3053	001000ac	0107a023	sw	x16,0(x15)	 x15:0x00020000 x16:0x0000006c PA:0x00020000 store:0x0000006c load:0x00000000
           6118	      3055	001000b0	00154703	lbu	x14,1(x10)	 x10:0x0010175c x14=0x0000006f PA:0x0010175d store:0x001011f4
           6120	      3056	001000b4	04070e63	beq	x14,x0,100110	 x14:0x0000006f  x0:0x00000000
           6124	      3058	001000b8	00e7a023	sw	x14,0(x15)	 x15:0x00020000 x14:0x0000006f PA:0x00020000 store:0x0000006f load:0x00000000
           6128	      3060	001000bc	00254283	lbu	x5,2(x10)	 x10:0x0010175c  x5=0x0000006f PA:0x0010175e store:0x00137fc0
           6130	      3061	001000c0	04028863	beq	x5,x0,100110	  x5:0x0000006f  x0:0x00000000
           6134	      3063	001000c4	0057a023	sw	x5,0(x15)	 x15:0x00020000  x5:0x0000006f PA:0x00020000 store:0x0000006f load:0x00000000
           6138	      3065	001000c8	00354303	lbu	x6,3(x10)	 x10:0x0010175c  x6=0x00000070 PA:0x0010175f store:0x00000000
           6140	      3066	001000cc	04030263	beq	x6,x0,100110	  x6:0x00000070  x0:0x00000000
           6144	      3068	001000d0	0067a023	sw	x6,0(x15)	 x15:0x00020000  x6:0x00000070 PA:0x00020000 store:0x00000070 load:0x00000000
           6148	      3070	001000d4	00454383	lbu	x7,4(x10)	 x10:0x0010175c  x7=0x00000020 PA:0x00101760 store:0x00000000
           6150	      3071	001000d8	02038c63	beq	x7,x0,100110	  x7:0x00000020  x0:0x00000000
           6154	      3073	001000dc	0077a023	sw	x7,0(x15)	 x15:0x00020000  x7:0x00000020 PA:0x00020000 store:0x00000020 load:0x00000000
           6158	      3075	001000e0	00554583	lbu	x11,5(x10)	 x10:0x0010175c x11=0x00000074 PA:0x00101761 store:0x0000006f
           6160	      3076	001000e4	02058663	beq	x11,x0,100110	 x11:0x00000074  x0:0x00000000
           6164	      3078	001000e8	00b7a023	sw	x11,0(x15)	 x15:0x00020000 x11:0x00000074 PA:0x00020000 store:0x00000074 load:0x00000000
           6168	      3080	001000ec	00654603	lbu	x12,6(x10)	 x10:0x0010175c x12=0x00000065 PA:0x00101762 store:0x00000070
           6170	      3081	001000f0	02060063	beq	x12,x0,100110	 x12:0x00000065  x0:0x00000000
           6174	      3083	001000f4	00c7a023	sw	x12,0(x15)	 x15:0x00020000 x12:0x00000065 PA:0x00020000 store:0x00000065 load:0x00000000
           6178	      3085	001000f8	00754683	lbu	x13,7(x10)	 x10:0x0010175c x13=0x00000073 PA:0x00101763 store:0x00000020
           6180	      3086	001000fc	00850513	addi	x10,x10,8	 x10:0x0010175c x10=0x00101764
           6182	      3087	00100100	00068863	beq	x13,x0,100110	 x13:0x00000073  x0:0x00000000
           6186	      3089	00100104	00d7a023	sw	x13,0(x15)	 x15:0x00020000 x13:0x00000073 PA:0x00020000 store:0x00000073 load:0x00000000
           6190	      3091	00100108	00054803	lbu	x16,0(x10)	 x10:0x00101764 x16=0x00000074 PA:0x00101764 store:0x00000000
           6194	      3093	0010010c	fa0810e3	bne	x16,x0,1000ac	 x16:0x00000074  x0:0x00000000
           6200	      3096	001000ac	0107a023	sw	x16,0(x15)	 x15:0x00020000 x16:0x00000074 PA:0x00020000 store:0x00000074 load:0x00000000
           6204	      3098	001000b0	00154703	lbu	x14,1(x10)	 x10:0x00101764 x14=0x00000069 PA:0x00101765 store:0x001011f4
           6206	      3099	001000b4	04070e63	beq	x14,x0,100110	 x14:0x00000069  x0:0x00000000
           6210	      3101	001000b8	00e7a023	sw	x14,0(x15)	 x15:0x00020000 x14:0x00000069 PA:0x00020000 store:0x00000069 load:0x00000000
           6214	      3103	001000bc	00254283	lbu	x5,2(x10)	 x10:0x00101764  x5=0x0000006e PA:0x00101766 store:0x00137fc0
           6216	      3104	001000c0	04028863	beq	x5,x0,100110	  x5:0x0000006e  x0:0x00000000
           6220	      3106	001000c4	0057a023	sw	x5,0(x15)	 x15:0x00020000  x5:0x0000006e PA:0x00020000 store:0x0000006e load:0x00000000
           6224	      3108	001000c8	00354303	lbu	x6,3(x10)	 x10:0x00101764  x6=0x00000067 PA:0x00101767 store:0x00000000
           6226	      3109	001000cc	04030263	beq	x6,x0,100110	  x6:0x00000067  x0:0x00000000
           6230	      3111	001000d0	0067a023	sw	x6,0(x15)	 x15:0x00020000  x6:0x00000067 PA:0x00020000 store:0x00000067 load:0x00000000
           6234	      3113	001000d4	00454383	lbu	x7,4(x10)	 x10:0x00101764  x7=0x0000002e PA:0x00101768 store:0x00000000
           6236	      3114	001000d8	02038c63	beq	x7,x0,100110	  x7:0x0000002e  x0:0x00000000
           6240	      3116	001000dc	0077a023	sw	x7,0(x15)	 x15:0x00020000  x7:0x0000002e PA:0x00020000 store:0x0000002e load:0x00000000
           6244	      3118	001000e0	00554583	lbu	x11,5(x10)	 x10:0x00101764 x11=0x00000000 PA:0x00101769 store:0x0000006e
           6248	      3120	001000e4	02058663	beq	x11,x0,100110	 x11:0x00000000  x0:0x00000000
           6252	      3122	00100110	00000513	addi	x10,x0,0	  x0:0x00000000 x10=0x00000000
           6256	      3124	00100114	00008067	jalr	x0,0(x1)	  x1:0x001011f4  x0=0x00000000
           6258	      3125	001011f4	00000513	addi	x10,x0,0	  x0:0x00000000 x10=0x00000000
           6262	      3127	001011f8	03c0006f	jal	x0,101234	  x0=0x00000000
           6272	      3132	00101234	9f8aa083	lw	x1,-1544(x21)	 x21:0x00102000  x1=0x42f64a98 PA:0x001019f8 store:0x00102000
           6274	      3133	00101238	a01513d3	flt.s	x7,f10,f1	 f10:0x00000000  f1:0x42f64a98  x7=0x00000001
           6276	      3134	0010123c	fc0390e3	bne	x7,x0,1011fc	  x7:0x00000001  x0:0x00000000
           6280	      3136	001011fc	a00b2e83	lw	x29,-1536(x22)	 x22:0x00102000 x29=0x41433afb PA:0x00101a00 store:0x00000000
           6284	      3138	00101200	a1db2023	sw	x29,-1536(x22)	 x22:0x00102000 x29:0x41433afb PA:0x00101a00 store:0x41433afb load:0x41433afb
           6288	      3140	00101204	a00b2f03	lw	x30,-1536(x22)	 x22:0x00102000 x30=0x41433afb PA:0x00101a00 store:0x00000000
           6298	      3145	00101208	9f8aaf83	lw	x31,-1544(x21)	 x21:0x00102000 x31=0x42f64a98 PA:0x001019f8 store:0x00102000
           6300	      3146	0010120c	29ff1753	fmax.s	f14,f30,f31	 f30:0x41433afb f31:0x42f64a98 f14=0x42f64a98
           6302	      3147	00101210	a0eba223	sw	x14,-1532(x23)	 x23:0x00102000 x14:0x42f64a98 PA:0x00101a04 store:0x42f64a98 load:0x42f64a98
           6304	      3148	00101214	9f8aad83	lw	x27,-1544(x21)	 x21:0x00102000 x27=0x42f64a98 PA:0x001019f8 store:0x00102000
           6308	      3150	00101218	a04bae03	lw	x28,-1532(x23)	 x23:0x00102000 x28=0x42f64a98 PA:0x00101a04 store:0x00000000
           6318	      3155	0010121c	a1042283	lw	x5,-1520(x8)	  x8:0x00102000  x5=0x3ea4b87c PA:0x00101a10 store:0x00000074
           6320	      3156	00101220	d9c2f6cb	fnmsub.s	f13,f5,f28,f27	  f5:0x3ea4b87c f28:0x42f64a98 f27:0x3ea4b87c f13=0xc21d2fd5
           6322	      3157	00101224	9edaac23	sw	x13,-1544(x21)	 x21:0x00102000 x13:0xc21d2fd5 PA:0x001019f8 store:0xc21d2fd5 load:0x3ea4b87c
           6330	      3161	00101228	9f8aa783	lw	x15,-1544(x21)	 x21:0x00102000 x15=0xc21d2fd5 PA:0x001019f8 store:0x00102000
           6332	      3162	0010122c	a0a79353	flt.s	x6,f15,f10	 f15:0xc21d2fd5 f10:0x00000000  x6=0x00000001
           6334	      3163	00101230	04031663	bne	x6,x0,10127c	  x6:0x00000001  x0:0x00000000
           6336	      3164	0010127c	00101537	lui	x10,0x101	 x10=0x00101000
           6338	      3165	00101280	76c50513	addi	x10,x10,1900	 x10:0x00101000 x10=0x0010176c
           6342	      3167	00101284	e1dfe0ef	jal	x1,1000a0	  x1=0x00101288
           6346	      3169	001000a0	00054803	lbu	x16,0(x10)	 x10:0x0010176c x16=0x0000000a PA:0x0010176c store:0x00000000
           6348	      3170	001000a4	06080663	beq	x16,x0,100110	 x16:0x0000000a  x0:0x00000000
           6350	      3171	001000a8	000207b7	lui	x15,0x20	 x15=0x00020000
           6354	      3173	001000ac	0107a023	sw	x16,0(x15)	 x15:0x00020000 x16:0x0000000a PA:0x00020000 store:0x0000000a load:0x00000000
           6358	      3175	001000b0	00154703	lbu	x14,1(x10)	 x10:0x0010176c x14=0x00000020 PA:0x0010176d store:0x00101288
           6360	      3176	001000b4	04070e63	beq	x14,x0,100110	 x14:0x00000020  x0:0x00000000
           6364	      3178	001000b8	00e7a023	sw	x14,0(x15)	 x15:0x00020000 x14:0x00000020 PA:0x00020000 store:0x00000020 load:0x00000000
           6368	      3180	001000bc	00254283	lbu	x5,2(x10)	 x10:0x0010176c  x5=0x00000046 PA:0x0010176e store:0x00137fc0
           6370	      3181	001000c0	04028863	beq	x5,x0,100110	  x5:0x00000046  x0:0x00000000
           6374	      3183	001000c4	0057a023	sw	x5,0(x15)	 x15:0x00020000  x5:0x00000046 PA:0x00020000 store:0x00000046 load:0x00000000
           6378	      3185	001000c8	00354303	lbu	x6,3(x10)	 x10:0x0010176c  x6=0x00000069 PA:0x0010176f store:0x00000000
           6380	      3186	001000cc	04030263	beq	x6,x0,100110	  x6:0x00000069  x0:0x00000000
           6384	      3188	001000d0	0067a023	sw	x6,0(x15)	 x15:0x00020000  x6:0x00000069 PA:0x00020000 store:0x00000069 load:0x00000000
           6388	      3190	001000d4	00454383	lbu	x7,4(x10)	 x10:0x0010176c  x7=0x0000006e PA:0x00101770 store:0x00000000
           6390	      3191	001000d8	02038c63	beq	x7,x0,100110	  x7:0x0000006e  x0:0x00000000
           6394	      3193	001000dc	0077a023	sw	x7,0(x15)	 x15:0x00020000  x7:0x0000006e PA:0x00020000 store:0x0000006e load:0x00000000
           6398	      3195	001000e0	00554583	lbu	x11,5(x10)	 x10:0x0010176c x11=0x00000061 PA:0x00101771 store:0x00000046
           6400	      3196	001000e4	02058663	beq	x11,x0,100110	 x11:0x00000061  x0:0x00000000
           6404	      3198	001000e8	00b7a023	sw	x11,0(x15)	 x15:0x00020000 x11:0x00000061 PA:0x00020000 store:0x00000061 load:0x00000000
           6408	      3200	001000ec	00654603	lbu	x12,6(x10)	 x10:0x0010176c x12=0x0000006c PA:0x00101772 store:0x00000069
           6410	      3201	001000f0	02060063	beq	x12,x0,100110	 x12:0x0000006c  x0:0x00000000
           6414	      3203	001000f4	00c7a023	sw	x12,0(x15)	 x15:0x00020000 x12:0x0000006c PA:0x00020000 store:0x0000006c load:0x00000000
           6418	      3205	001000f8	00754683	lbu	x13,7(x10)	 x10:0x0010176c x13=0x00000020 PA:0x00101773 store:0x0000006e
           6420	      3206	001000fc	00850513	addi	x10,x10,8	 x10:0x0010176c x10=0x00101774
           6422	      3207	00100100	00068863	beq	x13,x0,100110	 x13:0x00000020  x0:0x00000000
           6426	      3209	00100104	00d7a023	sw	x13,0(x15)	 x15:0x00020000 x13:0x00000020 PA:0x00020000 store:0x00000020 load:0x00000000
           6430	      3211	00100108	00054803	lbu	x16,0(x10)	 x10:0x00101774 x16=0x00000072 PA:0x00101774 store:0x00000000
           6434	      3213	0010010c	fa0810e3	bne	x16,x0,1000ac	 x16:0x00000072  x0:0x00000000
           6440	      3216	001000ac	0107a023	sw	x16,0(x15)	 x15:0x00020000 x16:0x00000072 PA:0x00020000 store:0x00000072 load:0x00000000
           6444	      3218	001000b0	00154703	lbu	x14,1(x10)	 x10:0x00101774 x14=0x00000065 PA:0x00101775 store:0x00101288
           6446	      3219	001000b4	04070e63	beq	x14,x0,100110	 x14:0x00000065  x0:0x00000000
           6450	      3221	001000b8	00e7a023	sw	x14,0(x15)	 x15:0x00020000 x14:0x00000065 PA:0x00020000 store:0x00000065 load:0x00000000
           6454	      3223	001000bc	00254283	lbu	x5,2(x10)	 x10:0x00101774  x5=0x00000073 PA:0x00101776 store:0x00137fc0
           6456	      3224	001000c0	04028863	beq	x5,x0,100110	  x5:0x00000073  x0:0x00000000
           6460	      3226	001000c4	0057a023	sw	x5,0(x15)	 x15:0x00020000  x5:0x00000073 PA:0x00020000 store:0x00000073 load:0x00000000
           6464	      3228	001000c8	00354303	lbu	x6,3(x10)	 x10:0x00101774  x6=0x00000075 PA:0x00101777 store:0x00000000
           6466	      3229	001000cc	04030263	beq	x6,x0,100110	  x6:0x00000075  x0:0x00000000
           6470	      3231	001000d0	0067a023	sw	x6,0(x15)	 x15:0x00020000  x6:0x00000075 PA:0x00020000 store:0x00000075 load:0x00000000
           6474	      3233	001000d4	00454383	lbu	x7,4(x10)	 x10:0x00101774  x7=0x0000006c PA:0x00101778 store:0x00000000
           6476	      3234	001000d8	02038c63	beq	x7,x0,100110	  x7:0x0000006c  x0:0x00000000
           6480	      3236	001000dc	0077a023	sw	x7,0(x15)	 x15:0x00020000  x7:0x0000006c PA:0x00020000 store:0x0000006c load:0x00000000
           6484	      3238	001000e0	00554583	lbu	x11,5(x10)	 x10:0x00101774 x11=0x00000074 PA:0x00101779 store:0x00000073
           6486	      3239	001000e4	02058663	beq	x11,x0,100110	 x11:0x00000074  x0:0x00000000
           6490	      3241	001000e8	00b7a023	sw	x11,0(x15)	 x15:0x00020000 x11:0x00000074 PA:0x00020000 store:0x00000074 load:0x00000000
           6494	      3243	001000ec	00654603	lbu	x12,6(x10)	 x10:0x00101774 x12=0x0000003a PA:0x0010177a store:0x00000075
           6496	      3244	001000f0	02060063	beq	x12,x0,100110	 x12:0x0000003a  x0:0x00000000
           6500	      3246	001000f4	00c7a023	sw	x12,0(x15)	 x15:0x00020000 x12:0x0000003a PA:0x00020000 store:0x0000003a load:0x00000000
           6504	      3248	001000f8	00754683	lbu	x13,7(x10)	 x10:0x00101774 x13=0x00000000 PA:0x0010177b store:0x0000006c
           6506	      3249	001000fc	00850513	addi	x10,x10,8	 x10:0x00101774 x10=0x0010177c
           6510	      3251	00100100	00068863	beq	x13,x0,100110	 x13:0x00000000  x0:0x00000000
           6514	      3253	00100110	00000513	addi	x10,x0,0	  x0:0x00000000 x10=0x00000000
           6518	      3255	00100114	00008067	jalr	x0,0(x1)	  x1:0x00101288  x0=0x00000000
           6522	      3257	00101288	9f0c2503	lw	x10,-1552(x24)	 x24:0x00102000 x10=0x00000000 PA:0x001019f0 store:0x00000072
           6524	      3258	0010128c	00101d37	lui	x26,0x101	 x26=0x00101000
           6526	      3259	00101290	00102db7	lui	x27,0x102	 x27=0x00102000
           6530	      3261	00101294	e8dfe0ef	jal	x1,100120	  x1=0x00101298
           6532	      3262	00100120	01c55793	srli	x15,x10,0x1c	 x10:0x00000000 x15=0x00000000
           6534	      3263	00100124	00900713	addi	x14,x0,9	  x0:0x00000000 x14=0x00000009
           6538	      3265	00100128	0cf77a63	bgeu	x14,x15,1001fc	 x14:0x00000009 x15:0x00000000
           6542	      3267	001001fc	03078393	addi	x7,x15,48	 x15:0x00000000  x7=0x00000030
           6544	      3268	00100200	000205b7	lui	x11,0x20	 x11=0x00020000
           6546	      3269	00100204	00451613	slli	x12,x10,0x4	 x10:0x00000000 x12=0x00000000
           6550	      3271	00100208	0075a023	sw	x7,0(x11)	 x11:0x00020000  x7:0x00000030 PA:0x00020000 store:0x00000030 load:0x00000000
           6552	      3272	0010020c	01c65693	srli	x13,x12,0x1c	 x12:0x00000000 x13=0x00000000
           6554	      3273	00100210	00900813	addi	x16,x0,9	  x0:0x00000000 x16=0x00000009
           6556	      3274	00100214	f2d86ae3	bltu	x16,x13,100148	 x16:0x00000009 x13:0x00000000
           6558	      3275	00100218	03068e93	addi	x29,x13,48	 x13:0x00000000 x29=0x00000030
           6560	      3276	0010021c	00020f37	lui	x30,0x20	 x30=0x00020000
           6562	      3277	00100220	00851f93	slli	x31,x10,0x8	 x10:0x00000000 x31=0x00000000
           6566	      3279	00100224	01df2023	sw	x29,0(x30)	 x30:0x00020000 x29:0x00000030 PA:0x00020000 store:0x00000030 load:0x00000000
           6568	      3280	00100228	01cfd793	srli	x15,x31,0x1c	 x31:0x00000000 x15=0x00000000
           6570	      3281	0010022c	00900713	addi	x14,x0,9	  x0:0x00000000 x14=0x00000009
           6572	      3282	00100230	f2f76ae3	bltu	x14,x15,100164	 x14:0x00000009 x15:0x00000000
           6574	      3283	00100234	03078393	addi	x7,x15,48	 x15:0x00000000  x7=0x00000030
           6576	      3284	00100238	000205b7	lui	x11,0x20	 x11=0x00020000
           6578	      3285	0010023c	00c51613	slli	x12,x10,0xc	 x10:0x00000000 x12=0x00000000
           6582	      3287	00100240	0075a023	sw	x7,0(x11)	 x11:0x00020000  x7:0x00000030 PA:0x00020000 store:0x00000030 load:0x00000000
           6584	      3288	00100244	01c65693	srli	x13,x12,0x1c	 x12:0x00000000 x13=0x00000000
           6586	      3289	00100248	00900813	addi	x16,x0,9	  x0:0x00000000 x16=0x00000009
           6588	      3290	0010024c	f2d86ae3	bltu	x16,x13,100180	 x16:0x00000009 x13:0x00000000
           6590	      3291	00100250	03068e93	addi	x29,x13,48	 x13:0x00000000 x29=0x00000030
           6592	      3292	00100254	00020f37	lui	x30,0x20	 x30=0x00020000
           6594	      3293	00100258	01051f93	slli	x31,x10,0x10	 x10:0x00000000 x31=0x00000000
           6598	      3295	0010025c	01df2023	sw	x29,0(x30)	 x30:0x00020000 x29:0x00000030 PA:0x00020000 store:0x00000030 load:0x00000000
           6600	      3296	00100260	01cfd793	srli	x15,x31,0x1c	 x31:0x00000000 x15=0x00000000
           6602	      3297	00100264	00900713	addi	x14,x0,9	  x0:0x00000000 x14=0x00000009
           6604	      3298	00100268	f2f76ae3	bltu	x14,x15,10019c	 x14:0x00000009 x15:0x00000000
           6606	      3299	0010026c	03078393	addi	x7,x15,48	 x15:0x00000000  x7=0x00000030
           6608	      3300	00100270	000205b7	lui	x11,0x20	 x11=0x00020000
           6610	      3301	00100274	01451613	slli	x12,x10,0x14	 x10:0x00000000 x12=0x00000000
           6614	      3303	00100278	0075a023	sw	x7,0(x11)	 x11:0x00020000  x7:0x00000030 PA:0x00020000 store:0x00000030 load:0x00000000
           6616	      3304	0010027c	01c65693	srli	x13,x12,0x1c	 x12:0x00000000 x13=0x00000000
           6618	      3305	00100280	00900813	addi	x16,x0,9	  x0:0x00000000 x16=0x00000009
           6620	      3306	00100284	f2d86ae3	bltu	x16,x13,1001b8	 x16:0x00000009 x13:0x00000000
           6622	      3307	00100288	03068e93	addi	x29,x13,48	 x13:0x00000000 x29=0x00000030
           6624	      3308	0010028c	00020f37	lui	x30,0x20	 x30=0x00020000
           6626	      3309	00100290	01851f93	slli	x31,x10,0x18	 x10:0x00000000 x31=0x00000000
           6630	      3311	00100294	01df2023	sw	x29,0(x30)	 x30:0x00020000 x29:0x00000030 PA:0x00020000 store:0x00000030 load:0x00000000
           6632	      3312	00100298	01cfd793	srli	x15,x31,0x1c	 x31:0x00000000 x15=0x00000000
           6634	      3313	0010029c	00900713	addi	x14,x0,9	  x0:0x00000000 x14=0x00000009
           6636	      3314	001002a0	f2f76ae3	bltu	x14,x15,1001d4	 x14:0x00000009 x15:0x00000000
           6638	      3315	001002a4	03078393	addi	x7,x15,48	 x15:0x00000000  x7=0x00000030
           6640	      3316	001002a8	000205b7	lui	x11,0x20	 x11=0x00020000
           6644	      3318	001002ac	0075a023	sw	x7,0(x11)	 x11:0x00020000  x7:0x00000030 PA:0x00020000 store:0x00000030 load:0x00000000
           6646	      3319	001002b0	00f57513	andi	x10,x10,15	 x10:0x00000000 x10=0x00000000
           6648	      3320	001002b4	00900613	addi	x12,x0,9	  x0:0x00000000 x12=0x00000009
           6652	      3322	001002b8	f2a67ae3	bgeu	x12,x10,1001ec	 x12:0x00000009 x10:0x00000000
           6656	      3324	001001ec	03050893	addi	x17,x10,48	 x10:0x00000000 x17=0x00000030
           6658	      3325	001001f0	00020e37	lui	x28,0x20	 x28=0x00020000
           6662	      3327	001001f4	011e2023	sw	x17,0(x28)	 x28:0x00020000 x17:0x00000030 PA:0x00020000 store:0x00000030 load:0x00000000
           6666	      3329	001001f8	00008067	jalr	x0,0(x1)	  x1:0x00101298  x0=0x00000000
           6668	      3330	00101298	001013b7	lui	x7,0x101	  x7=0x00101000
           6670	      3331	0010129c	77c38513	addi	x10,x7,1916	  x7:0x00101000 x10=0x0010177c
           6674	      3333	001012a0	e01fe0ef	jal	x1,1000a0	  x1=0x001012a4
           6678	      3335	001000a0	00054803	lbu	x16,0(x10)	 x10:0x0010177c x16=0x0000000a PA:0x0010177c store:0x00000000
           6680	      3336	001000a4	06080663	beq	x16,x0,100110	 x16:0x0000000a  x0:0x00000000
           6682	      3337	001000a8	000207b7	lui	x15,0x20	 x15=0x00020000
           6686	      3339	001000ac	0107a023	sw	x16,0(x15)	 x15:0x00020000 x16:0x0000000a PA:0x00020000 store:0x0000000a load:0x00000000
           6690	      3341	001000b0	00154703	lbu	x14,1(x10)	 x10:0x0010177c x14=0x0000000a PA:0x0010177d store:0x001012a4
           6692	      3342	001000b4	04070e63	beq	x14,x0,100110	 x14:0x0000000a  x0:0x00000000
           6696	      3344	001000b8	00e7a023	sw	x14,0(x15)	 x15:0x00020000 x14:0x0000000a PA:0x00020000 store:0x0000000a load:0x00000000
           6700	      3346	001000bc	00254283	lbu	x5,2(x10)	 x10:0x0010177c  x5=0x00000054 PA:0x0010177e store:0x00137fc0
           6702	      3347	001000c0	04028863	beq	x5,x0,100110	  x5:0x00000054  x0:0x00000000
           6706	      3349	001000c4	0057a023	sw	x5,0(x15)	 x15:0x00020000  x5:0x00000054 PA:0x00020000 store:0x00000054 load:0x00000000
           6710	      3351	001000c8	00354303	lbu	x6,3(x10)	 x10:0x0010177c  x6=0x00000065 PA:0x0010177f store:0x00000000
           6712	      3352	001000cc	04030263	beq	x6,x0,100110	  x6:0x00000065  x0:0x00000000
           6716	      3354	001000d0	0067a023	sw	x6,0(x15)	 x15:0x00020000  x6:0x00000065 PA:0x00020000 store:0x00000065 load:0x00000000
           6720	      3356	001000d4	00454383	lbu	x7,4(x10)	 x10:0x0010177c  x7=0x00000073 PA:0x00101780 store:0x00000000
           6722	      3357	001000d8	02038c63	beq	x7,x0,100110	  x7:0x00000073  x0:0x00000000
           6726	      3359	001000dc	0077a023	sw	x7,0(x15)	 x15:0x00020000  x7:0x00000073 PA:0x00020000 store:0x00000073 load:0x00000000
           6730	      3361	001000e0	00554583	lbu	x11,5(x10)	 x10:0x0010177c x11=0x00000074 PA:0x00101781 store:0x00000054
           6732	      3362	001000e4	02058663	beq	x11,x0,100110	 x11:0x00000074  x0:0x00000000
           6736	      3364	001000e8	00b7a023	sw	x11,0(x15)	 x15:0x00020000 x11:0x00000074 PA:0x00020000 store:0x00000074 load:0x00000000
           6740	      3366	001000ec	00654603	lbu	x12,6(x10)	 x10:0x0010177c x12=0x00000069 PA:0x00101782 store:0x00000065
           6742	      3367	001000f0	02060063	beq	x12,x0,100110	 x12:0x00000069  x0:0x00000000
           6746	      3369	001000f4	00c7a023	sw	x12,0(x15)	 x15:0x00020000 x12:0x00000069 PA:0x00020000 store:0x00000069 load:0x00000000
           6750	      3371	001000f8	00754683	lbu	x13,7(x10)	 x10:0x0010177c x13=0x0000006e PA:0x00101783 store:0x00000073
           6752	      3372	001000fc	00850513	addi	x10,x10,8	 x10:0x0010177c x10=0x00101784
           6754	      3373	00100100	00068863	beq	x13,x0,100110	 x13:0x0000006e  x0:0x00000000
           6758	      3375	00100104	00d7a023	sw	x13,0(x15)	 x15:0x00020000 x13:0x0000006e PA:0x00020000 store:0x0000006e load:0x00000000
           6762	      3377	00100108	00054803	lbu	x16,0(x10)	 x10:0x00101784 x16=0x00000067 PA:0x00101784 store:0x00000000
           6766	      3379	0010010c	fa0810e3	bne	x16,x0,1000ac	 x16:0x00000067  x0:0x00000000
           6772	      3382	001000ac	0107a023	sw	x16,0(x15)	 x15:0x00020000 x16:0x00000067 PA:0x00020000 store:0x00000067 load:0x00000000
           6776	      3384	001000b0	00154703	lbu	x14,1(x10)	 x10:0x00101784 x14=0x00000020 PA:0x00101785 store:0x001012a4
           6778	      3385	001000b4	04070e63	beq	x14,x0,100110	 x14:0x00000020  x0:0x00000000
           6782	      3387	001000b8	00e7a023	sw	x14,0(x15)	 x15:0x00020000 x14:0x00000020 PA:0x00020000 store:0x00000020 load:0x00000000
           6786	      3389	001000bc	00254283	lbu	x5,2(x10)	 x10:0x00101784  x5=0x00000043 PA:0x00101786 store:0x00137fc0
           6788	      3390	001000c0	04028863	beq	x5,x0,100110	  x5:0x00000043  x0:0x00000000
           6792	      3392	001000c4	0057a023	sw	x5,0(x15)	 x15:0x00020000  x5:0x00000043 PA:0x00020000 store:0x00000043 load:0x00000000
           6796	      3394	001000c8	00354303	lbu	x6,3(x10)	 x10:0x00101784  x6=0x0000006c PA:0x00101787 store:0x00000000
           6798	      3395	001000cc	04030263	beq	x6,x0,100110	  x6:0x0000006c  x0:0x00000000
           6802	      3397	001000d0	0067a023	sw	x6,0(x15)	 x15:0x00020000  x6:0x0000006c PA:0x00020000 store:0x0000006c load:0x00000000
           6806	      3399	001000d4	00454383	lbu	x7,4(x10)	 x10:0x00101784  x7=0x00000061 PA:0x00101788 store:0x00000000
           6808	      3400	001000d8	02038c63	beq	x7,x0,100110	  x7:0x00000061  x0:0x00000000
           6812	      3402	001000dc	0077a023	sw	x7,0(x15)	 x15:0x00020000  x7:0x00000061 PA:0x00020000 store:0x00000061 load:0x00000000
           6816	      3404	001000e0	00554583	lbu	x11,5(x10)	 x10:0x00101784 x11=0x00000073 PA:0x00101789 store:0x00000043
           6818	      3405	001000e4	02058663	beq	x11,x0,100110	 x11:0x00000073  x0:0x00000000
           6822	      3407	001000e8	00b7a023	sw	x11,0(x15)	 x15:0x00020000 x11:0x00000073 PA:0x00020000 store:0x00000073 load:0x00000000
           6826	      3409	001000ec	00654603	lbu	x12,6(x10)	 x10:0x00101784 x12=0x00000073 PA:0x0010178a store:0x0000006c
           6828	      3410	001000f0	02060063	beq	x12,x0,100110	 x12:0x00000073  x0:0x00000000
           6832	      3412	001000f4	00c7a023	sw	x12,0(x15)	 x15:0x00020000 x12:0x00000073 PA:0x00020000 store:0x00000073 load:0x00000000
           6836	      3414	001000f8	00754683	lbu	x13,7(x10)	 x10:0x00101784 x13=0x00000069 PA:0x0010178b store:0x00000061
           6838	      3415	001000fc	00850513	addi	x10,x10,8	 x10:0x00101784 x10=0x0010178c
           6840	      3416	00100100	00068863	beq	x13,x0,100110	 x13:0x00000069  x0:0x00000000
           6844	      3418	00100104	00d7a023	sw	x13,0(x15)	 x15:0x00020000 x13:0x00000069 PA:0x00020000 store:0x00000069 load:0x00000000
           6848	      3420	00100108	00054803	lbu	x16,0(x10)	 x10:0x0010178c x16=0x00000066 PA:0x0010178c store:0x00000000
           6852	      3422	0010010c	fa0810e3	bne	x16,x0,1000ac	 x16:0x00000066  x0:0x00000000
           6858	      3425	001000ac	0107a023	sw	x16,0(x15)	 x15:0x00020000 x16:0x00000066 PA:0x00020000 store:0x00000066 load:0x00000000
           6862	      3427	001000b0	00154703	lbu	x14,1(x10)	 x10:0x0010178c x14=0x00000079 PA:0x0010178d store:0x001012a4
           6864	      3428	001000b4	04070e63	beq	x14,x0,100110	 x14:0x00000079  x0:0x00000000
           6868	      3430	001000b8	00e7a023	sw	x14,0(x15)	 x15:0x00020000 x14:0x00000079 PA:0x00020000 store:0x00000079 load:0x00000000
           6872	      3432	001000bc	00254283	lbu	x5,2(x10)	 x10:0x0010178c  x5=0x00000020 PA:0x0010178e store:0x00137fc0
           6874	      3433	001000c0	04028863	beq	x5,x0,100110	  x5:0x00000020  x0:0x00000000
           6878	      3435	001000c4	0057a023	sw	x5,0(x15)	 x15:0x00020000  x5:0x00000020 PA:0x00020000 store:0x00000020 load:0x00000000
           6882	      3437	001000c8	00354303	lbu	x6,3(x10)	 x10:0x0010178c  x6=0x00000069 PA:0x0010178f store:0x00000000
           6884	      3438	001000cc	04030263	beq	x6,x0,100110	  x6:0x00000069  x0:0x00000000
           6888	      3440	001000d0	0067a023	sw	x6,0(x15)	 x15:0x00020000  x6:0x00000069 PA:0x00020000 store:0x00000069 load:0x00000000
           6892	      3442	001000d4	00454383	lbu	x7,4(x10)	 x10:0x0010178c  x7=0x0000006e PA:0x00101790 store:0x00000000
           6894	      3443	001000d8	02038c63	beq	x7,x0,100110	  x7:0x0000006e  x0:0x00000000
           6898	      3445	001000dc	0077a023	sw	x7,0(x15)	 x15:0x00020000  x7:0x0000006e PA:0x00020000 store:0x0000006e load:0x00000000
           6902	      3447	001000e0	00554583	lbu	x11,5(x10)	 x10:0x0010178c x11=0x00000073 PA:0x00101791 store:0x00000020
           6904	      3448	001000e4	02058663	beq	x11,x0,100110	 x11:0x00000073  x0:0x00000000
           6908	      3450	001000e8	00b7a023	sw	x11,0(x15)	 x15:0x00020000 x11:0x00000073 PA:0x00020000 store:0x00000073 load:0x00000000
           6912	      3452	001000ec	00654603	lbu	x12,6(x10)	 x10:0x0010178c x12=0x00000074 PA:0x00101792 store:0x00000069
           6914	      3453	001000f0	02060063	beq	x12,x0,100110	 x12:0x00000074  x0:0x00000000
           6918	      3455	001000f4	00c7a023	sw	x12,0(x15)	 x15:0x00020000 x12:0x00000074 PA:0x00020000 store:0x00000074 load:0x00000000
           6922	      3457	001000f8	00754683	lbu	x13,7(x10)	 x10:0x0010178c x13=0x00000072 PA:0x00101793 store:0x0000006e
           6924	      3458	001000fc	00850513	addi	x10,x10,8	 x10:0x0010178c x10=0x00101794
           6926	      3459	00100100	00068863	beq	x13,x0,100110	 x13:0x00000072  x0:0x00000000
           6930	      3461	00100104	00d7a023	sw	x13,0(x15)	 x15:0x00020000 x13:0x00000072 PA:0x00020000 store:0x00000072 load:0x00000000
           6934	      3463	00100108	00054803	lbu	x16,0(x10)	 x10:0x00101794 x16=0x00000075 PA:0x00101794 store:0x00000000
           6938	      3465	0010010c	fa0810e3	bne	x16,x0,1000ac	 x16:0x00000075  x0:0x00000000
           6944	      3468	001000ac	0107a023	sw	x16,0(x15)	 x15:0x00020000 x16:0x00000075 PA:0x00020000 store:0x00000075 load:0x00000000
           6948	      3470	001000b0	00154703	lbu	x14,1(x10)	 x10:0x00101794 x14=0x00000063 PA:0x00101795 store:0x001012a4
           6950	      3471	001000b4	04070e63	beq	x14,x0,100110	 x14:0x00000063  x0:0x00000000
           6954	      3473	001000b8	00e7a023	sw	x14,0(x15)	 x15:0x00020000 x14:0x00000063 PA:0x00020000 store:0x00000063 load:0x00000000
           6958	      3475	001000bc	00254283	lbu	x5,2(x10)	 x10:0x00101794  x5=0x00000074 PA:0x00101796 store:0x00137fc0
           6960	      3476	001000c0	04028863	beq	x5,x0,100110	  x5:0x00000074  x0:0x00000000
           6964	      3478	001000c4	0057a023	sw	x5,0(x15)	 x15:0x00020000  x5:0x00000074 PA:0x00020000 store:0x00000074 load:0x00000000
           6968	      3480	001000c8	00354303	lbu	x6,3(x10)	 x10:0x00101794  x6=0x00000069 PA:0x00101797 store:0x00000000
           6970	      3481	001000cc	04030263	beq	x6,x0,100110	  x6:0x00000069  x0:0x00000000
           6974	      3483	001000d0	0067a023	sw	x6,0(x15)	 x15:0x00020000  x6:0x00000069 PA:0x00020000 store:0x00000069 load:0x00000000
           6978	      3485	001000d4	00454383	lbu	x7,4(x10)	 x10:0x00101794  x7=0x0000006f PA:0x00101798 store:0x00000000
           6980	      3486	001000d8	02038c63	beq	x7,x0,100110	  x7:0x0000006f  x0:0x00000000
           6984	      3488	001000dc	0077a023	sw	x7,0(x15)	 x15:0x00020000  x7:0x0000006f PA:0x00020000 store:0x0000006f load:0x00000000
           6988	      3490	001000e0	00554583	lbu	x11,5(x10)	 x10:0x00101794 x11=0x0000006e PA:0x00101799 store:0x00000074
           6990	      3491	001000e4	02058663	beq	x11,x0,100110	 x11:0x0000006e  x0:0x00000000
           6994	      3493	001000e8	00b7a023	sw	x11,0(x15)	 x15:0x00020000 x11:0x0000006e PA:0x00020000 store:0x0000006e load:0x00000000
           6998	      3495	001000ec	00654603	lbu	x12,6(x10)	 x10:0x00101794 x12=0x00000073 PA:0x0010179a store:0x00000069
           7000	      3496	001000f0	02060063	beq	x12,x0,100110	 x12:0x00000073  x0:0x00000000
           7004	      3498	001000f4	00c7a023	sw	x12,0(x15)	 x15:0x00020000 x12:0x00000073 PA:0x00020000 store:0x00000073 load:0x00000000
           7008	      3500	001000f8	00754683	lbu	x13,7(x10)	 x10:0x00101794 x13=0x0000003a PA:0x0010179b store:0x0000006f
           7010	      3501	001000fc	00850513	addi	x10,x10,8	 x10:0x00101794 x10=0x0010179c
           7012	      3502	00100100	00068863	beq	x13,x0,100110	 x13:0x0000003a  x0:0x00000000
           7016	      3504	00100104	00d7a023	sw	x13,0(x15)	 x15:0x00020000 x13:0x0000003a PA:0x00020000 store:0x0000003a load:0x00000000
           7020	      3506	00100108	00054803	lbu	x16,0(x10)	 x10:0x0010179c x16=0x00000020 PA:0x0010179c store:0x00000000
           7024	      3508	0010010c	fa0810e3	bne	x16,x0,1000ac	 x16:0x00000020  x0:0x00000000
           7030	      3511	001000ac	0107a023	sw	x16,0(x15)	 x15:0x00020000 x16:0x00000020 PA:0x00020000 store:0x00000020 load:0x00000000
           7034	      3513	001000b0	00154703	lbu	x14,1(x10)	 x10:0x0010179c x14=0x0000000a PA:0x0010179d store:0x001012a4
           7036	      3514	001000b4	04070e63	beq	x14,x0,100110	 x14:0x0000000a  x0:0x00000000
           7040	      3516	001000b8	00e7a023	sw	x14,0(x15)	 x15:0x00020000 x14:0x0000000a PA:0x00020000 store:0x0000000a load:0x00000000
           7044	      3518	001000bc	00254283	lbu	x5,2(x10)	 x10:0x0010179c  x5=0x00000000 PA:0x0010179e store:0x00137fc0
           7048	      3520	001000c0	04028863	beq	x5,x0,100110	  x5:0x00000000  x0:0x00000000
           7052	      3522	00100110	00000513	addi	x10,x0,0	  x0:0x00000000 x10=0x00000000
           7056	      3524	00100114	00008067	jalr	x0,0(x1)	  x1:0x001012a4  x0=0x00000000
           7058	      3525	001012a4	ff8005b7	lui	x11,0xff800	 x11=0xff800000
           7062	      3527	001012a8	9ebc2823	sw	x11,-1552(x24)	 x24:0x00102000 x11:0xff800000 PA:0x001019f0 store:0xff800000 load:0x00000a20
           7066	      3529	001012ac	a1ca2883	lw	x17,-1508(x20)	 x20:0x00102000 x17=0x42f67c6a PA:0x00101a1c store:0x00020000
           7068	      3530	001012b0	00101637	lui	x12,0x101	 x12=0x00101000
           7076	      3534	001012b4	7a060513	addi	x10,x12,1952	 x12:0x00101000 x10=0x001017a0
           7078	      3535	001012b8	e0089853	fclass.s	x16,f17	 f17:0x42f67c6a x16=0x00000040
           7080	      3536	001012bc	9f0c2823	sw	x16,-1552(x24)	 x24:0x00102000 x16:0x00000040 PA:0x001019f0 store:0x00000040 load:0x42f67c6a
           7082	      3537	001012c0	de1fe0ef	jal	x1,1000a0	  x1=0x001012c4
           7086	      3539	001000a0	00054803	lbu	x16,0(x10)	 x10:0x001017a0 x16=0x00000020 PA:0x001017a0 store:0x00000000
           7088	      3540	001000a4	06080663	beq	x16,x0,100110	 x16:0x00000020  x0:0x00000000
           7090	      3541	001000a8	000207b7	lui	x15,0x20	 x15=0x00020000
           7094	      3543	001000ac	0107a023	sw	x16,0(x15)	 x15:0x00020000 x16:0x00000020 PA:0x00020000 store:0x00000020 load:0x00000000
           7098	      3545	001000b0	00154703	lbu	x14,1(x10)	 x10:0x001017a0 x14=0x00000045 PA:0x001017a1 store:0x001012c4
           7100	      3546	001000b4	04070e63	beq	x14,x0,100110	 x14:0x00000045  x0:0x00000000
           7104	      3548	001000b8	00e7a023	sw	x14,0(x15)	 x15:0x00020000 x14:0x00000045 PA:0x00020000 store:0x00000045 load:0x00000000
           7108	      3550	001000bc	00254283	lbu	x5,2(x10)	 x10:0x001017a0  x5=0x00000078 PA:0x001017a2 store:0x00137fc0
           7110	      3551	001000c0	04028863	beq	x5,x0,100110	  x5:0x00000078  x0:0x00000000
           7114	      3553	001000c4	0057a023	sw	x5,0(x15)	 x15:0x00020000  x5:0x00000078 PA:0x00020000 store:0x00000078 load:0x00000000
           7118	      3555	001000c8	00354303	lbu	x6,3(x10)	 x10:0x001017a0  x6=0x00000070 PA:0x001017a3 store:0x00000000
           7120	      3556	001000cc	04030263	beq	x6,x0,100110	  x6:0x00000070  x0:0x00000000
           7124	      3558	001000d0	0067a023	sw	x6,0(x15)	 x15:0x00020000  x6:0x00000070 PA:0x00020000 store:0x00000070 load:0x00000000
           7128	      3560	001000d4	00454383	lbu	x7,4(x10)	 x10:0x001017a0  x7=0x00000065 PA:0x001017a4 store:0x00000000
           7130	      3561	001000d8	02038c63	beq	x7,x0,100110	  x7:0x00000065  x0:0x00000000
           7134	      3563	001000dc	0077a023	sw	x7,0(x15)	 x15:0x00020000  x7:0x00000065 PA:0x00020000 store:0x00000065 load:0x00000000
           7138	      3565	001000e0	00554583	lbu	x11,5(x10)	 x10:0x001017a0 x11=0x00000063 PA:0x001017a5 store:0x00000078
           7140	      3566	001000e4	02058663	beq	x11,x0,100110	 x11:0x00000063  x0:0x00000000
           7144	      3568	001000e8	00b7a023	sw	x11,0(x15)	 x15:0x00020000 x11:0x00000063 PA:0x00020000 store:0x00000063 load:0x00000000
           7148	      3570	001000ec	00654603	lbu	x12,6(x10)	 x10:0x001017a0 x12=0x00000074 PA:0x001017a6 store:0x00000070
           7150	      3571	001000f0	02060063	beq	x12,x0,100110	 x12:0x00000074  x0:0x00000000
           7154	      3573	001000f4	00c7a023	sw	x12,0(x15)	 x15:0x00020000 x12:0x00000074 PA:0x00020000 store:0x00000074 load:0x00000000
           7158	      3575	001000f8	00754683	lbu	x13,7(x10)	 x10:0x001017a0 x13=0x00000069 PA:0x001017a7 store:0x00000065
           7160	      3576	001000fc	00850513	addi	x10,x10,8	 x10:0x001017a0 x10=0x001017a8
           7162	      3577	00100100	00068863	beq	x13,x0,100110	 x13:0x00000069  x0:0x00000000
           7166	      3579	00100104	00d7a023	sw	x13,0(x15)	 x15:0x00020000 x13:0x00000069 PA:0x00020000 store:0x00000069 load:0x00000000
           7170	      3581	00100108	00054803	lbu	x16,0(x10)	 x10:0x001017a8 x16=0x0000006e PA:0x001017a8 store:0x00000000
           7174	      3583	0010010c	fa0810e3	bne	x16,x0,1000ac	 x16:0x0000006e  x0:0x00000000
           7180	      3586	001000ac	0107a023	sw	x16,0(x15)	 x15:0x00020000 x16:0x0000006e PA:0x00020000 store:0x0000006e load:0x00000000
           7184	      3588	001000b0	00154703	lbu	x14,1(x10)	 x10:0x001017a8 x14=0x00000067 PA:0x001017a9 store:0x001012c4
           7186	      3589	001000b4	04070e63	beq	x14,x0,100110	 x14:0x00000067  x0:0x00000000
           7190	      3591	001000b8	00e7a023	sw	x14,0(x15)	 x15:0x00020000 x14:0x00000067 PA:0x00020000 store:0x00000067 load:0x00000000
           7194	      3593	001000bc	00254283	lbu	x5,2(x10)	 x10:0x001017a8  x5=0x00000020 PA:0x001017aa store:0x00137fc0
           7196	      3594	001000c0	04028863	beq	x5,x0,100110	  x5:0x00000020  x0:0x00000000
           7200	      3596	001000c4	0057a023	sw	x5,0(x15)	 x15:0x00020000  x5:0x00000020 PA:0x00020000 store:0x00000020 load:0x00000000
           7204	      3598	001000c8	00354303	lbu	x6,3(x10)	 x10:0x001017a8  x6=0x00000030 PA:0x001017ab store:0x00000000
           7206	      3599	001000cc	04030263	beq	x6,x0,100110	  x6:0x00000030  x0:0x00000000
           7210	      3601	001000d0	0067a023	sw	x6,0(x15)	 x15:0x00020000  x6:0x00000030 PA:0x00020000 store:0x00000030 load:0x00000000
           7214	      3603	001000d4	00454383	lbu	x7,4(x10)	 x10:0x001017a8  x7=0x00000078 PA:0x001017ac store:0x00000000
           7216	      3604	001000d8	02038c63	beq	x7,x0,100110	  x7:0x00000078  x0:0x00000000
           7220	      3606	001000dc	0077a023	sw	x7,0(x15)	 x15:0x00020000  x7:0x00000078 PA:0x00020000 store:0x00000078 load:0x00000000
           7224	      3608	001000e0	00554583	lbu	x11,5(x10)	 x10:0x001017a8 x11=0x00000031 PA:0x001017ad store:0x00000020
           7226	      3609	001000e4	02058663	beq	x11,x0,100110	 x11:0x00000031  x0:0x00000000
           7230	      3611	001000e8	00b7a023	sw	x11,0(x15)	 x15:0x00020000 x11:0x00000031 PA:0x00020000 store:0x00000031 load:0x00000000
           7234	      3613	001000ec	00654603	lbu	x12,6(x10)	 x10:0x001017a8 x12=0x0000003a PA:0x001017ae store:0x00000030
           7236	      3614	001000f0	02060063	beq	x12,x0,100110	 x12:0x0000003a  x0:0x00000000
           7240	      3616	001000f4	00c7a023	sw	x12,0(x15)	 x15:0x00020000 x12:0x0000003a PA:0x00020000 store:0x0000003a load:0x00000000
           7244	      3618	001000f8	00754683	lbu	x13,7(x10)	 x10:0x001017a8 x13=0x00000020 PA:0x001017af store:0x00000078
           7246	      3619	001000fc	00850513	addi	x10,x10,8	 x10:0x001017a8 x10=0x001017b0
           7248	      3620	00100100	00068863	beq	x13,x0,100110	 x13:0x00000020  x0:0x00000000
           7252	      3622	00100104	00d7a023	sw	x13,0(x15)	 x15:0x00020000 x13:0x00000020 PA:0x00020000 store:0x00000020 load:0x00000000
           7256	      3624	00100108	00054803	lbu	x16,0(x10)	 x10:0x001017b0 x16=0x00000000 PA:0x001017b0 store:0x00000000
           7258	      3625	0010010c	fa0810e3	bne	x16,x0,1000ac	 x16:0x00000000  x0:0x00000000
           7260	      3626	00100110	00000513	addi	x10,x0,0	  x0:0x00000000 x10=0x00000000
           7264	      3628	00100114	00008067	jalr	x0,0(x1)	  x1:0x001012c4  x0=0x00000000
           7268	      3630	001012c4	9f0c2503	lw	x10,-1552(x24)	 x24:0x00102000 x10=0x00000040 PA:0x001019f0 store:0x00000000
           7272	      3632	001012c8	e59fe0ef	jal	x1,100120	  x1=0x001012cc
           7274	      3633	00100120	01c55793	srli	x15,x10,0x1c	 x10:0x00000040 x15=0x00000000
           7276	      3634	00100124	00900713	addi	x14,x0,9	  x0:0x00000000 x14=0x00000009
           7280	      3636	00100128	0cf77a63	bgeu	x14,x15,1001fc	 x14:0x00000009 x15:0x00000000
           7284	      3638	001001fc	03078393	addi	x7,x15,48	 x15:0x00000000  x7=0x00000030
           7286	      3639	00100200	000205b7	lui	x11,0x20	 x11=0x00020000
           7288	      3640	00100204	00451613	slli	x12,x10,0x4	 x10:0x00000040 x12=0x00000400
           7292	      3642	00100208	0075a023	sw	x7,0(x11)	 x11:0x00020000  x7:0x00000030 PA:0x00020000 store:0x00000030 load:0x00000000
           7294	      3643	0010020c	01c65693	srli	x13,x12,0x1c	 x12:0x00000400 x13=0x00000000
           7296	      3644	00100210	00900813	addi	x16,x0,9	  x0:0x00000000 x16=0x00000009
           7298	      3645	00100214	f2d86ae3	bltu	x16,x13,100148	 x16:0x00000009 x13:0x00000000
           7300	      3646	00100218	03068e93	addi	x29,x13,48	 x13:0x00000000 x29=0x00000030
           7302	      3647	0010021c	00020f37	lui	x30,0x20	 x30=0x00020000
           7304	      3648	00100220	00851f93	slli	x31,x10,0x8	 x10:0x00000040 x31=0x00004000
           7308	      3650	00100224	01df2023	sw	x29,0(x30)	 x30:0x00020000 x29:0x00000030 PA:0x00020000 store:0x00000030 load:0x00000000
           7310	      3651	00100228	01cfd793	srli	x15,x31,0x1c	 x31:0x00004000 x15=0x00000000
           7312	      3652	0010022c	00900713	addi	x14,x0,9	  x0:0x00000000 x14=0x00000009
           7314	      3653	00100230	f2f76ae3	bltu	x14,x15,100164	 x14:0x00000009 x15:0x00000000
           7316	      3654	00100234	03078393	addi	x7,x15,48	 x15:0x00000000  x7=0x00000030
           7318	      3655	00100238	000205b7	lui	x11,0x20	 x11=0x00020000
           7320	      3656	0010023c	00c51613	slli	x12,x10,0xc	 x10:0x00000040 x12=0x00040000
           7324	      3658	00100240	0075a023	sw	x7,0(x11)	 x11:0x00020000  x7:0x00000030 PA:0x00020000 store:0x00000030 load:0x00000000
           7326	      3659	00100244	01c65693	srli	x13,x12,0x1c	 x12:0x00040000 x13=0x00000000
           7328	      3660	00100248	00900813	addi	x16,x0,9	  x0:0x00000000 x16=0x00000009
           7330	      3661	0010024c	f2d86ae3	bltu	x16,x13,100180	 x16:0x00000009 x13:0x00000000
           7332	      3662	00100250	03068e93	addi	x29,x13,48	 x13:0x00000000 x29=0x00000030
           7334	      3663	00100254	00020f37	lui	x30,0x20	 x30=0x00020000
           7336	      3664	00100258	01051f93	slli	x31,x10,0x10	 x10:0x00000040 x31=0x00400000
           7340	      3666	0010025c	01df2023	sw	x29,0(x30)	 x30:0x00020000 x29:0x00000030 PA:0x00020000 store:0x00000030 load:0x00000000
           7342	      3667	00100260	01cfd793	srli	x15,x31,0x1c	 x31:0x00400000 x15=0x00000000
           7344	      3668	00100264	00900713	addi	x14,x0,9	  x0:0x00000000 x14=0x00000009
           7346	      3669	00100268	f2f76ae3	bltu	x14,x15,10019c	 x14:0x00000009 x15:0x00000000
           7348	      3670	0010026c	03078393	addi	x7,x15,48	 x15:0x00000000  x7=0x00000030
           7350	      3671	00100270	000205b7	lui	x11,0x20	 x11=0x00020000
           7352	      3672	00100274	01451613	slli	x12,x10,0x14	 x10:0x00000040 x12=0x04000000
           7356	      3674	00100278	0075a023	sw	x7,0(x11)	 x11:0x00020000  x7:0x00000030 PA:0x00020000 store:0x00000030 load:0x00000000
           7358	      3675	0010027c	01c65693	srli	x13,x12,0x1c	 x12:0x04000000 x13=0x00000000
           7360	      3676	00100280	00900813	addi	x16,x0,9	  x0:0x00000000 x16=0x00000009
           7362	      3677	00100284	f2d86ae3	bltu	x16,x13,1001b8	 x16:0x00000009 x13:0x00000000
           7364	      3678	00100288	03068e93	addi	x29,x13,48	 x13:0x00000000 x29=0x00000030
           7366	      3679	0010028c	00020f37	lui	x30,0x20	 x30=0x00020000
           7368	      3680	00100290	01851f93	slli	x31,x10,0x18	 x10:0x00000040 x31=0x40000000
           7372	      3682	00100294	01df2023	sw	x29,0(x30)	 x30:0x00020000 x29:0x00000030 PA:0x00020000 store:0x00000030 load:0x00000000
           7374	      3683	00100298	01cfd793	srli	x15,x31,0x1c	 x31:0x40000000 x15=0x00000004
           7376	      3684	0010029c	00900713	addi	x14,x0,9	  x0:0x00000000 x14=0x00000009
           7378	      3685	001002a0	f2f76ae3	bltu	x14,x15,1001d4	 x14:0x00000009 x15:0x00000004
           7380	      3686	001002a4	03078393	addi	x7,x15,48	 x15:0x00000004  x7=0x00000034
           7382	      3687	001002a8	000205b7	lui	x11,0x20	 x11=0x00020000
           7386	      3689	001002ac	0075a023	sw	x7,0(x11)	 x11:0x00020000  x7:0x00000034 PA:0x00020000 store:0x00000034 load:0x00000000
           7388	      3690	001002b0	00f57513	andi	x10,x10,15	 x10:0x00000040 x10=0x00000000
           7390	      3691	001002b4	00900613	addi	x12,x0,9	  x0:0x00000000 x12=0x00000009
           7394	      3693	001002b8	f2a67ae3	bgeu	x12,x10,1001ec	 x12:0x00000009 x10:0x00000000
           7398	      3695	001001ec	03050893	addi	x17,x10,48	 x10:0x00000000 x17=0x00000030
           7400	      3696	001001f0	00020e37	lui	x28,0x20	 x28=0x00020000
           7404	      3698	001001f4	011e2023	sw	x17,0(x28)	 x28:0x00020000 x17:0x00000030 PA:0x00020000 store:0x00000030 load:0x00000000
           7408	      3700	001001f8	00008067	jalr	x0,0(x1)	  x1:0x001012cc  x0=0x00000000
           7412	      3702	001012cc	690d2283	lw	x5,1680(x26)	 x26:0x00101000  x5=0xc019999a PA:0x00101690 store:0x00000009
           7414	      3703	001012d0	00101e37	lui	x28,0x101	 x28=0x00101000
           7416	      3704	001012d4	7b4e0513	addi	x10,x28,1972	 x28:0x00101000 x10=0x001017b4
           7420	      3706	001012d8	a059ac23	sw	x5,-1512(x19)	 x19:0x00102000  x5:0xc019999a PA:0x00101a18 store:0xc019999a load:0xc019999a
           7430	      3711	001012dc	a189ae83	lw	x29,-1512(x19)	 x19:0x00102000 x29=0xc019999a PA:0x00101a18 store:0x00102000
           7432	      3712	001012e0	e00e9f53	fclass.s	x30,f29	 f29:0xc019999a x30=0x00000002
           7434	      3713	001012e4	9feda623	sw	x30,-1556(x27)	 x27:0x00102000 x30:0x00000002 PA:0x001019ec store:0x00000002 load:0xc019999a
           7436	      3714	001012e8	db9fe0ef	jal	x1,1000a0	  x1=0x001012ec
           7440	      3716	001000a0	00054803	lbu	x16,0(x10)	 x10:0x001017b4 x16=0x0000000a PA:0x001017b4 store:0x00000000
           7442	      3717	001000a4	06080663	beq	x16,x0,100110	 x16:0x0000000a  x0:0x00000000
           7444	      3718	001000a8	000207b7	lui	x15,0x20	 x15=0x00020000
           7448	      3720	001000ac	0107a023	sw	x16,0(x15)	 x15:0x00020000 x16:0x0000000a PA:0x00020000 store:0x0000000a load:0x00000000
           7452	      3722	001000b0	00154703	lbu	x14,1(x10)	 x10:0x001017b4 x14=0x00000020 PA:0x001017b5 store:0x001012ec
           7454	      3723	001000b4	04070e63	beq	x14,x0,100110	 x14:0x00000020  x0:0x00000000
           7458	      3725	001000b8	00e7a023	sw	x14,0(x15)	 x15:0x00020000 x14:0x00000020 PA:0x00020000 store:0x00000020 load:0x00000000
           7462	      3727	001000bc	00254283	lbu	x5,2(x10)	 x10:0x001017b4  x5=0x00000045 PA:0x001017b6 store:0x00137fc0
           7464	      3728	001000c0	04028863	beq	x5,x0,100110	  x5:0x00000045  x0:0x00000000
           7468	      3730	001000c4	0057a023	sw	x5,0(x15)	 x15:0x00020000  x5:0x00000045 PA:0x00020000 store:0x00000045 load:0x00000000
           7472	      3732	001000c8	00354303	lbu	x6,3(x10)	 x10:0x001017b4  x6=0x00000078 PA:0x001017b7 store:0x00000000
           7474	      3733	001000cc	04030263	beq	x6,x0,100110	  x6:0x00000078  x0:0x00000000
           7478	      3735	001000d0	0067a023	sw	x6,0(x15)	 x15:0x00020000  x6:0x00000078 PA:0x00020000 store:0x00000078 load:0x00000000
           7482	      3737	001000d4	00454383	lbu	x7,4(x10)	 x10:0x001017b4  x7=0x00000070 PA:0x001017b8 store:0x00000000
           7484	      3738	001000d8	02038c63	beq	x7,x0,100110	  x7:0x00000070  x0:0x00000000
           7488	      3740	001000dc	0077a023	sw	x7,0(x15)	 x15:0x00020000  x7:0x00000070 PA:0x00020000 store:0x00000070 load:0x00000000
           7492	      3742	001000e0	00554583	lbu	x11,5(x10)	 x10:0x001017b4 x11=0x00000065 PA:0x001017b9 store:0x00000045
           7494	      3743	001000e4	02058663	beq	x11,x0,100110	 x11:0x00000065  x0:0x00000000
           7498	      3745	001000e8	00b7a023	sw	x11,0(x15)	 x15:0x00020000 x11:0x00000065 PA:0x00020000 store:0x00000065 load:0x00000000
           7502	      3747	001000ec	00654603	lbu	x12,6(x10)	 x10:0x001017b4 x12=0x00000063 PA:0x001017ba store:0x00000078
           7504	      3748	001000f0	02060063	beq	x12,x0,100110	 x12:0x00000063  x0:0x00000000
           7508	      3750	001000f4	00c7a023	sw	x12,0(x15)	 x15:0x00020000 x12:0x00000063 PA:0x00020000 store:0x00000063 load:0x00000000
           7512	      3752	001000f8	00754683	lbu	x13,7(x10)	 x10:0x001017b4 x13=0x00000074 PA:0x001017bb store:0x00000070
           7514	      3753	001000fc	00850513	addi	x10,x10,8	 x10:0x001017b4 x10=0x001017bc
           7516	      3754	00100100	00068863	beq	x13,x0,100110	 x13:0x00000074  x0:0x00000000
           7520	      3756	00100104	00d7a023	sw	x13,0(x15)	 x15:0x00020000 x13:0x00000074 PA:0x00020000 store:0x00000074 load:0x00000000
           7524	      3758	00100108	00054803	lbu	x16,0(x10)	 x10:0x001017bc x16=0x00000069 PA:0x001017bc store:0x00000000
           7528	      3760	0010010c	fa0810e3	bne	x16,x0,1000ac	 x16:0x00000069  x0:0x00000000
           7534	      3763	001000ac	0107a023	sw	x16,0(x15)	 x15:0x00020000 x16:0x00000069 PA:0x00020000 store:0x00000069 load:0x00000000
           7538	      3765	001000b0	00154703	lbu	x14,1(x10)	 x10:0x001017bc x14=0x0000006e PA:0x001017bd store:0x001012ec
           7540	      3766	001000b4	04070e63	beq	x14,x0,100110	 x14:0x0000006e  x0:0x00000000
           7544	      3768	001000b8	00e7a023	sw	x14,0(x15)	 x15:0x00020000 x14:0x0000006e PA:0x00020000 store:0x0000006e load:0x00000000
           7548	      3770	001000bc	00254283	lbu	x5,2(x10)	 x10:0x001017bc  x5=0x00000067 PA:0x001017be store:0x00137fc0
           7550	      3771	001000c0	04028863	beq	x5,x0,100110	  x5:0x00000067  x0:0x00000000
           7554	      3773	001000c4	0057a023	sw	x5,0(x15)	 x15:0x00020000  x5:0x00000067 PA:0x00020000 store:0x00000067 load:0x00000000
           7558	      3775	001000c8	00354303	lbu	x6,3(x10)	 x10:0x001017bc  x6=0x00000020 PA:0x001017bf store:0x00000000
           7560	      3776	001000cc	04030263	beq	x6,x0,100110	  x6:0x00000020  x0:0x00000000
           7564	      3778	001000d0	0067a023	sw	x6,0(x15)	 x15:0x00020000  x6:0x00000020 PA:0x00020000 store:0x00000020 load:0x00000000
           7568	      3780	001000d4	00454383	lbu	x7,4(x10)	 x10:0x001017bc  x7=0x00000030 PA:0x001017c0 store:0x00000000
           7570	      3781	001000d8	02038c63	beq	x7,x0,100110	  x7:0x00000030  x0:0x00000000
           7574	      3783	001000dc	0077a023	sw	x7,0(x15)	 x15:0x00020000  x7:0x00000030 PA:0x00020000 store:0x00000030 load:0x00000000
           7578	      3785	001000e0	00554583	lbu	x11,5(x10)	 x10:0x001017bc x11=0x00000078 PA:0x001017c1 store:0x00000067
           7580	      3786	001000e4	02058663	beq	x11,x0,100110	 x11:0x00000078  x0:0x00000000
           7584	      3788	001000e8	00b7a023	sw	x11,0(x15)	 x15:0x00020000 x11:0x00000078 PA:0x00020000 store:0x00000078 load:0x00000000
           7588	      3790	001000ec	00654603	lbu	x12,6(x10)	 x10:0x001017bc x12=0x00000032 PA:0x001017c2 store:0x00000020
           7590	      3791	001000f0	02060063	beq	x12,x0,100110	 x12:0x00000032  x0:0x00000000
           7594	      3793	001000f4	00c7a023	sw	x12,0(x15)	 x15:0x00020000 x12:0x00000032 PA:0x00020000 store:0x00000032 load:0x00000000
           7598	      3795	001000f8	00754683	lbu	x13,7(x10)	 x10:0x001017bc x13=0x0000003a PA:0x001017c3 store:0x00000030
           7600	      3796	001000fc	00850513	addi	x10,x10,8	 x10:0x001017bc x10=0x001017c4
           7602	      3797	00100100	00068863	beq	x13,x0,100110	 x13:0x0000003a  x0:0x00000000
           7606	      3799	00100104	00d7a023	sw	x13,0(x15)	 x15:0x00020000 x13:0x0000003a PA:0x00020000 store:0x0000003a load:0x00000000
           7610	      3801	00100108	00054803	lbu	x16,0(x10)	 x10:0x001017c4 x16=0x00000020 PA:0x001017c4 store:0x00000000
           7614	      3803	0010010c	fa0810e3	bne	x16,x0,1000ac	 x16:0x00000020  x0:0x00000000
           7620	      3806	001000ac	0107a023	sw	x16,0(x15)	 x15:0x00020000 x16:0x00000020 PA:0x00020000 store:0x00000020 load:0x00000000
           7624	      3808	001000b0	00154703	lbu	x14,1(x10)	 x10:0x001017c4 x14=0x00000000 PA:0x001017c5 store:0x001012ec
           7628	      3810	001000b4	04070e63	beq	x14,x0,100110	 x14:0x00000000  x0:0x00000000
           7632	      3812	00100110	00000513	addi	x10,x0,0	  x0:0x00000000 x10=0x00000000
           7636	      3814	00100114	00008067	jalr	x0,0(x1)	  x1:0x001012ec  x0=0x00000000
           7640	      3816	001012ec	9ecda503	lw	x10,-1556(x27)	 x27:0x00102000 x10=0x00000002 PA:0x001019ec store:0x00000032
           7642	      3817	001012f0	00102d37	lui	x26,0x102	 x26=0x00102000
           7646	      3819	001012f4	e2dfe0ef	jal	x1,100120	  x1=0x001012f8
           7648	      3820	00100120	01c55793	srli	x15,x10,0x1c	 x10:0x00000002 x15=0x00000000
           7650	      3821	00100124	00900713	addi	x14,x0,9	  x0:0x00000000 x14=0x00000009
           7654	      3823	00100128	0cf77a63	bgeu	x14,x15,1001fc	 x14:0x00000009 x15:0x00000000
           7658	      3825	001001fc	03078393	addi	x7,x15,48	 x15:0x00000000  x7=0x00000030
           7660	      3826	00100200	000205b7	lui	x11,0x20	 x11=0x00020000
           7662	      3827	00100204	00451613	slli	x12,x10,0x4	 x10:0x00000002 x12=0x00000020
           7666	      3829	00100208	0075a023	sw	x7,0(x11)	 x11:0x00020000  x7:0x00000030 PA:0x00020000 store:0x00000030 load:0x00000000
           7668	      3830	0010020c	01c65693	srli	x13,x12,0x1c	 x12:0x00000020 x13=0x00000000
           7670	      3831	00100210	00900813	addi	x16,x0,9	  x0:0x00000000 x16=0x00000009
           7672	      3832	00100214	f2d86ae3	bltu	x16,x13,100148	 x16:0x00000009 x13:0x00000000
           7674	      3833	00100218	03068e93	addi	x29,x13,48	 x13:0x00000000 x29=0x00000030
           7676	      3834	0010021c	00020f37	lui	x30,0x20	 x30=0x00020000
           7678	      3835	00100220	00851f93	slli	x31,x10,0x8	 x10:0x00000002 x31=0x00000200
           7682	      3837	00100224	01df2023	sw	x29,0(x30)	 x30:0x00020000 x29:0x00000030 PA:0x00020000 store:0x00000030 load:0x00000000
           7684	      3838	00100228	01cfd793	srli	x15,x31,0x1c	 x31:0x00000200 x15=0x00000000
           7686	      3839	0010022c	00900713	addi	x14,x0,9	  x0:0x00000000 x14=0x00000009
           7688	      3840	00100230	f2f76ae3	bltu	x14,x15,100164	 x14:0x00000009 x15:0x00000000
           7690	      3841	00100234	03078393	addi	x7,x15,48	 x15:0x00000000  x7=0x00000030
           7692	      3842	00100238	000205b7	lui	x11,0x20	 x11=0x00020000
           7694	      3843	0010023c	00c51613	slli	x12,x10,0xc	 x10:0x00000002 x12=0x00002000
           7698	      3845	00100240	0075a023	sw	x7,0(x11)	 x11:0x00020000  x7:0x00000030 PA:0x00020000 store:0x00000030 load:0x00000000
           7700	      3846	00100244	01c65693	srli	x13,x12,0x1c	 x12:0x00002000 x13=0x00000000
           7702	      3847	00100248	00900813	addi	x16,x0,9	  x0:0x00000000 x16=0x00000009
           7704	      3848	0010024c	f2d86ae3	bltu	x16,x13,100180	 x16:0x00000009 x13:0x00000000
           7706	      3849	00100250	03068e93	addi	x29,x13,48	 x13:0x00000000 x29=0x00000030
           7708	      3850	00100254	00020f37	lui	x30,0x20	 x30=0x00020000
           7710	      3851	00100258	01051f93	slli	x31,x10,0x10	 x10:0x00000002 x31=0x00020000
           7714	      3853	0010025c	01df2023	sw	x29,0(x30)	 x30:0x00020000 x29:0x00000030 PA:0x00020000 store:0x00000030 load:0x00000000
           7716	      3854	00100260	01cfd793	srli	x15,x31,0x1c	 x31:0x00020000 x15=0x00000000
           7718	      3855	00100264	00900713	addi	x14,x0,9	  x0:0x00000000 x14=0x00000009
           7720	      3856	00100268	f2f76ae3	bltu	x14,x15,10019c	 x14:0x00000009 x15:0x00000000
           7722	      3857	0010026c	03078393	addi	x7,x15,48	 x15:0x00000000  x7=0x00000030
           7724	      3858	00100270	000205b7	lui	x11,0x20	 x11=0x00020000
           7726	      3859	00100274	01451613	slli	x12,x10,0x14	 x10:0x00000002 x12=0x00200000
           7730	      3861	00100278	0075a023	sw	x7,0(x11)	 x11:0x00020000  x7:0x00000030 PA:0x00020000 store:0x00000030 load:0x00000000
           7732	      3862	0010027c	01c65693	srli	x13,x12,0x1c	 x12:0x00200000 x13=0x00000000
           7734	      3863	00100280	00900813	addi	x16,x0,9	  x0:0x00000000 x16=0x00000009
           7736	      3864	00100284	f2d86ae3	bltu	x16,x13,1001b8	 x16:0x00000009 x13:0x00000000
           7738	      3865	00100288	03068e93	addi	x29,x13,48	 x13:0x00000000 x29=0x00000030
           7740	      3866	0010028c	00020f37	lui	x30,0x20	 x30=0x00020000
           7742	      3867	00100290	01851f93	slli	x31,x10,0x18	 x10:0x00000002 x31=0x02000000
           7746	      3869	00100294	01df2023	sw	x29,0(x30)	 x30:0x00020000 x29:0x00000030 PA:0x00020000 store:0x00000030 load:0x00000000
           7748	      3870	00100298	01cfd793	srli	x15,x31,0x1c	 x31:0x02000000 x15=0x00000000
           7750	      3871	0010029c	00900713	addi	x14,x0,9	  x0:0x00000000 x14=0x00000009
           7752	      3872	001002a0	f2f76ae3	bltu	x14,x15,1001d4	 x14:0x00000009 x15:0x00000000
           7754	      3873	001002a4	03078393	addi	x7,x15,48	 x15:0x00000000  x7=0x00000030
           7756	      3874	001002a8	000205b7	lui	x11,0x20	 x11=0x00020000
           7760	      3876	001002ac	0075a023	sw	x7,0(x11)	 x11:0x00020000  x7:0x00000030 PA:0x00020000 store:0x00000030 load:0x00000000
           7762	      3877	001002b0	00f57513	andi	x10,x10,15	 x10:0x00000002 x10=0x00000002
           7764	      3878	001002b4	00900613	addi	x12,x0,9	  x0:0x00000000 x12=0x00000009
           7768	      3880	001002b8	f2a67ae3	bgeu	x12,x10,1001ec	 x12:0x00000009 x10:0x00000002
           7772	      3882	001001ec	03050893	addi	x17,x10,48	 x10:0x00000002 x17=0x00000032
           7774	      3883	001001f0	00020e37	lui	x28,0x20	 x28=0x00020000
           7778	      3885	001001f4	011e2023	sw	x17,0(x28)	 x28:0x00020000 x17:0x00000032 PA:0x00020000 store:0x00000032 load:0x00000000
           7782	      3887	001001f8	00008067	jalr	x0,0(x1)	  x1:0x001012f8  x0=0x00000000
           7784	      3888	001012f8	00101fb7	lui	x31,0x101	 x31=0x00101000
           7788	      3890	001012fc	694fa703	lw	x14,1684(x31)	 x31:0x00101000 x14=0x80000047 PA:0x00101694 store:0x00102000
           7790	      3891	00101300	001016b7	lui	x13,0x101	 x13=0x00101000
           7792	      3892	00101304	7c868513	addi	x10,x13,1992	 x13:0x00101000 x10=0x001017c8
           7796	      3894	00101308	a0e4aa23	sw	x14,-1516(x9)	  x9:0x00102000 x14:0x80000047 PA:0x00101a14 store:0x80000047 load:0x80000047
           7806	      3899	0010130c	a144a483	lw	x9,-1516(x9)	  x9:0x00102000  x9=0x80000047 PA:0x00101a14 store:0x00102000
           7808	      3900	00101310	e00497d3	fclass.s	x15,f9	  f9:0x80000047 x15=0x00000004
           7810	      3901	00101314	9efd2423	sw	x15,-1560(x26)	 x26:0x00102000 x15:0x00000004 PA:0x001019e8 store:0x00000004 load:0x80000047
           7812	      3902	00101318	d89fe0ef	jal	x1,1000a0	  x1=0x0010131c
           7816	      3904	001000a0	00054803	lbu	x16,0(x10)	 x10:0x001017c8 x16=0x0000000a PA:0x001017c8 store:0x00000000
           7818	      3905	001000a4	06080663	beq	x16,x0,100110	 x16:0x0000000a  x0:0x00000000
           7820	      3906	001000a8	000207b7	lui	x15,0x20	 x15=0x00020000
           7824	      3908	001000ac	0107a023	sw	x16,0(x15)	 x15:0x00020000 x16:0x0000000a PA:0x00020000 store:0x0000000a load:0x00000000
           7828	      3910	001000b0	00154703	lbu	x14,1(x10)	 x10:0x001017c8 x14=0x00000020 PA:0x001017c9 store:0x0010131c
           7830	      3911	001000b4	04070e63	beq	x14,x0,100110	 x14:0x00000020  x0:0x00000000
           7834	      3913	001000b8	00e7a023	sw	x14,0(x15)	 x15:0x00020000 x14:0x00000020 PA:0x00020000 store:0x00000020 load:0x00000000
           7838	      3915	001000bc	00254283	lbu	x5,2(x10)	 x10:0x001017c8  x5=0x00000045 PA:0x001017ca store:0x00137fc0
           7840	      3916	001000c0	04028863	beq	x5,x0,100110	  x5:0x00000045  x0:0x00000000
           7844	      3918	001000c4	0057a023	sw	x5,0(x15)	 x15:0x00020000  x5:0x00000045 PA:0x00020000 store:0x00000045 load:0x00000000
           7848	      3920	001000c8	00354303	lbu	x6,3(x10)	 x10:0x001017c8  x6=0x00000078 PA:0x001017cb store:0x00000000
           7850	      3921	001000cc	04030263	beq	x6,x0,100110	  x6:0x00000078  x0:0x00000000
           7854	      3923	001000d0	0067a023	sw	x6,0(x15)	 x15:0x00020000  x6:0x00000078 PA:0x00020000 store:0x00000078 load:0x00000000
           7858	      3925	001000d4	00454383	lbu	x7,4(x10)	 x10:0x001017c8  x7=0x00000070 PA:0x001017cc store:0x00000000
           7860	      3926	001000d8	02038c63	beq	x7,x0,100110	  x7:0x00000070  x0:0x00000000
           7864	      3928	001000dc	0077a023	sw	x7,0(x15)	 x15:0x00020000  x7:0x00000070 PA:0x00020000 store:0x00000070 load:0x00000000
           7868	      3930	001000e0	00554583	lbu	x11,5(x10)	 x10:0x001017c8 x11=0x00000065 PA:0x001017cd store:0x00000045
           7870	      3931	001000e4	02058663	beq	x11,x0,100110	 x11:0x00000065  x0:0x00000000
           7874	      3933	001000e8	00b7a023	sw	x11,0(x15)	 x15:0x00020000 x11:0x00000065 PA:0x00020000 store:0x00000065 load:0x00000000
           7878	      3935	001000ec	00654603	lbu	x12,6(x10)	 x10:0x001017c8 x12=0x00000063 PA:0x001017ce store:0x00000078
           7880	      3936	001000f0	02060063	beq	x12,x0,100110	 x12:0x00000063  x0:0x00000000
           7884	      3938	001000f4	00c7a023	sw	x12,0(x15)	 x15:0x00020000 x12:0x00000063 PA:0x00020000 store:0x00000063 load:0x00000000
           7888	      3940	001000f8	00754683	lbu	x13,7(x10)	 x10:0x001017c8 x13=0x00000074 PA:0x001017cf store:0x00000070
           7890	      3941	001000fc	00850513	addi	x10,x10,8	 x10:0x001017c8 x10=0x001017d0
           7892	      3942	00100100	00068863	beq	x13,x0,100110	 x13:0x00000074  x0:0x00000000
           7896	      3944	00100104	00d7a023	sw	x13,0(x15)	 x15:0x00020000 x13:0x00000074 PA:0x00020000 store:0x00000074 load:0x00000000
           7900	      3946	00100108	00054803	lbu	x16,0(x10)	 x10:0x001017d0 x16=0x00000069 PA:0x001017d0 store:0x00000000
           7904	      3948	0010010c	fa0810e3	bne	x16,x0,1000ac	 x16:0x00000069  x0:0x00000000
           7910	      3951	001000ac	0107a023	sw	x16,0(x15)	 x15:0x00020000 x16:0x00000069 PA:0x00020000 store:0x00000069 load:0x00000000
           7914	      3953	001000b0	00154703	lbu	x14,1(x10)	 x10:0x001017d0 x14=0x0000006e PA:0x001017d1 store:0x0010131c
           7916	      3954	001000b4	04070e63	beq	x14,x0,100110	 x14:0x0000006e  x0:0x00000000
           7920	      3956	001000b8	00e7a023	sw	x14,0(x15)	 x15:0x00020000 x14:0x0000006e PA:0x00020000 store:0x0000006e load:0x00000000
           7924	      3958	001000bc	00254283	lbu	x5,2(x10)	 x10:0x001017d0  x5=0x00000067 PA:0x001017d2 store:0x00137fc0
           7926	      3959	001000c0	04028863	beq	x5,x0,100110	  x5:0x00000067  x0:0x00000000
           7930	      3961	001000c4	0057a023	sw	x5,0(x15)	 x15:0x00020000  x5:0x00000067 PA:0x00020000 store:0x00000067 load:0x00000000
           7934	      3963	001000c8	00354303	lbu	x6,3(x10)	 x10:0x001017d0  x6=0x00000020 PA:0x001017d3 store:0x00000000
           7936	      3964	001000cc	04030263	beq	x6,x0,100110	  x6:0x00000020  x0:0x00000000
           7940	      3966	001000d0	0067a023	sw	x6,0(x15)	 x15:0x00020000  x6:0x00000020 PA:0x00020000 store:0x00000020 load:0x00000000
           7944	      3968	001000d4	00454383	lbu	x7,4(x10)	 x10:0x001017d0  x7=0x00000030 PA:0x001017d4 store:0x00000000
           7946	      3969	001000d8	02038c63	beq	x7,x0,100110	  x7:0x00000030  x0:0x00000000
           7950	      3971	001000dc	0077a023	sw	x7,0(x15)	 x15:0x00020000  x7:0x00000030 PA:0x00020000 store:0x00000030 load:0x00000000
           7954	      3973	001000e0	00554583	lbu	x11,5(x10)	 x10:0x001017d0 x11=0x00000078 PA:0x001017d5 store:0x00000067
           7956	      3974	001000e4	02058663	beq	x11,x0,100110	 x11:0x00000078  x0:0x00000000
           7960	      3976	001000e8	00b7a023	sw	x11,0(x15)	 x15:0x00020000 x11:0x00000078 PA:0x00020000 store:0x00000078 load:0x00000000
           7964	      3978	001000ec	00654603	lbu	x12,6(x10)	 x10:0x001017d0 x12=0x00000034 PA:0x001017d6 store:0x00000020
           7966	      3979	001000f0	02060063	beq	x12,x0,100110	 x12:0x00000034  x0:0x00000000
           7970	      3981	001000f4	00c7a023	sw	x12,0(x15)	 x15:0x00020000 x12:0x00000034 PA:0x00020000 store:0x00000034 load:0x00000000
           7974	      3983	001000f8	00754683	lbu	x13,7(x10)	 x10:0x001017d0 x13=0x0000003a PA:0x001017d7 store:0x00000030
           7976	      3984	001000fc	00850513	addi	x10,x10,8	 x10:0x001017d0 x10=0x001017d8
           7978	      3985	00100100	00068863	beq	x13,x0,100110	 x13:0x0000003a  x0:0x00000000
           7982	      3987	00100104	00d7a023	sw	x13,0(x15)	 x15:0x00020000 x13:0x0000003a PA:0x00020000 store:0x0000003a load:0x00000000
           7986	      3989	00100108	00054803	lbu	x16,0(x10)	 x10:0x001017d8 x16=0x00000020 PA:0x001017d8 store:0x00000000
           7990	      3991	0010010c	fa0810e3	bne	x16,x0,1000ac	 x16:0x00000020  x0:0x00000000
           7996	      3994	001000ac	0107a023	sw	x16,0(x15)	 x15:0x00020000 x16:0x00000020 PA:0x00020000 store:0x00000020 load:0x00000000
           8000	      3996	001000b0	00154703	lbu	x14,1(x10)	 x10:0x001017d8 x14=0x00000000 PA:0x001017d9 store:0x0010131c
           8004	      3998	001000b4	04070e63	beq	x14,x0,100110	 x14:0x00000000  x0:0x00000000
           8008	      4000	00100110	00000513	addi	x10,x0,0	  x0:0x00000000 x10=0x00000000
           8012	      4002	00100114	00008067	jalr	x0,0(x1)	  x1:0x0010131c  x0=0x00000000
           8016	      4004	0010131c	9e8d2503	lw	x10,-1560(x26)	 x26:0x00102000 x10=0x00000004 PA:0x001019e8 store:0x00102000
           8020	      4006	00101320	e01fe0ef	jal	x1,100120	  x1=0x00101324
           8022	      4007	00100120	01c55793	srli	x15,x10,0x1c	 x10:0x00000004 x15=0x00000000
           8024	      4008	00100124	00900713	addi	x14,x0,9	  x0:0x00000000 x14=0x00000009
           8028	      4010	00100128	0cf77a63	bgeu	x14,x15,1001fc	 x14:0x00000009 x15:0x00000000
           8032	      4012	001001fc	03078393	addi	x7,x15,48	 x15:0x00000000  x7=0x00000030
           8034	      4013	00100200	000205b7	lui	x11,0x20	 x11=0x00020000
           8036	      4014	00100204	00451613	slli	x12,x10,0x4	 x10:0x00000004 x12=0x00000040
           8040	      4016	00100208	0075a023	sw	x7,0(x11)	 x11:0x00020000  x7:0x00000030 PA:0x00020000 store:0x00000030 load:0x00000000
           8042	      4017	0010020c	01c65693	srli	x13,x12,0x1c	 x12:0x00000040 x13=0x00000000
           8044	      4018	00100210	00900813	addi	x16,x0,9	  x0:0x00000000 x16=0x00000009
           8046	      4019	00100214	f2d86ae3	bltu	x16,x13,100148	 x16:0x00000009 x13:0x00000000
           8048	      4020	00100218	03068e93	addi	x29,x13,48	 x13:0x00000000 x29=0x00000030
           8050	      4021	0010021c	00020f37	lui	x30,0x20	 x30=0x00020000
           8052	      4022	00100220	00851f93	slli	x31,x10,0x8	 x10:0x00000004 x31=0x00000400
           8056	      4024	00100224	01df2023	sw	x29,0(x30)	 x30:0x00020000 x29:0x00000030 PA:0x00020000 store:0x00000030 load:0x00000000
           8058	      4025	00100228	01cfd793	srli	x15,x31,0x1c	 x31:0x00000400 x15=0x00000000
           8060	      4026	0010022c	00900713	addi	x14,x0,9	  x0:0x00000000 x14=0x00000009
           8062	      4027	00100230	f2f76ae3	bltu	x14,x15,100164	 x14:0x00000009 x15:0x00000000
           8064	      4028	00100234	03078393	addi	x7,x15,48	 x15:0x00000000  x7=0x00000030
           8066	      4029	00100238	000205b7	lui	x11,0x20	 x11=0x00020000
           8068	      4030	0010023c	00c51613	slli	x12,x10,0xc	 x10:0x00000004 x12=0x00004000
           8072	      4032	00100240	0075a023	sw	x7,0(x11)	 x11:0x00020000  x7:0x00000030 PA:0x00020000 store:0x00000030 load:0x00000000
           8074	      4033	00100244	01c65693	srli	x13,x12,0x1c	 x12:0x00004000 x13=0x00000000
           8076	      4034	00100248	00900813	addi	x16,x0,9	  x0:0x00000000 x16=0x00000009
           8078	      4035	0010024c	f2d86ae3	bltu	x16,x13,100180	 x16:0x00000009 x13:0x00000000
           8080	      4036	00100250	03068e93	addi	x29,x13,48	 x13:0x00000000 x29=0x00000030
           8082	      4037	00100254	00020f37	lui	x30,0x20	 x30=0x00020000
           8084	      4038	00100258	01051f93	slli	x31,x10,0x10	 x10:0x00000004 x31=0x00040000
           8088	      4040	0010025c	01df2023	sw	x29,0(x30)	 x30:0x00020000 x29:0x00000030 PA:0x00020000 store:0x00000030 load:0x00000000
           8090	      4041	00100260	01cfd793	srli	x15,x31,0x1c	 x31:0x00040000 x15=0x00000000
           8092	      4042	00100264	00900713	addi	x14,x0,9	  x0:0x00000000 x14=0x00000009
           8094	      4043	00100268	f2f76ae3	bltu	x14,x15,10019c	 x14:0x00000009 x15:0x00000000
           8096	      4044	0010026c	03078393	addi	x7,x15,48	 x15:0x00000000  x7=0x00000030
           8098	      4045	00100270	000205b7	lui	x11,0x20	 x11=0x00020000
           8100	      4046	00100274	01451613	slli	x12,x10,0x14	 x10:0x00000004 x12=0x00400000
           8104	      4048	00100278	0075a023	sw	x7,0(x11)	 x11:0x00020000  x7:0x00000030 PA:0x00020000 store:0x00000030 load:0x00000000
           8106	      4049	0010027c	01c65693	srli	x13,x12,0x1c	 x12:0x00400000 x13=0x00000000
           8108	      4050	00100280	00900813	addi	x16,x0,9	  x0:0x00000000 x16=0x00000009
           8110	      4051	00100284	f2d86ae3	bltu	x16,x13,1001b8	 x16:0x00000009 x13:0x00000000
           8112	      4052	00100288	03068e93	addi	x29,x13,48	 x13:0x00000000 x29=0x00000030
           8114	      4053	0010028c	00020f37	lui	x30,0x20	 x30=0x00020000
           8116	      4054	00100290	01851f93	slli	x31,x10,0x18	 x10:0x00000004 x31=0x04000000
           8120	      4056	00100294	01df2023	sw	x29,0(x30)	 x30:0x00020000 x29:0x00000030 PA:0x00020000 store:0x00000030 load:0x00000000
           8122	      4057	00100298	01cfd793	srli	x15,x31,0x1c	 x31:0x04000000 x15=0x00000000
           8124	      4058	0010029c	00900713	addi	x14,x0,9	  x0:0x00000000 x14=0x00000009
           8126	      4059	001002a0	f2f76ae3	bltu	x14,x15,1001d4	 x14:0x00000009 x15:0x00000000
           8128	      4060	001002a4	03078393	addi	x7,x15,48	 x15:0x00000000  x7=0x00000030
           8130	      4061	001002a8	000205b7	lui	x11,0x20	 x11=0x00020000
           8134	      4063	001002ac	0075a023	sw	x7,0(x11)	 x11:0x00020000  x7:0x00000030 PA:0x00020000 store:0x00000030 load:0x00000000
           8136	      4064	001002b0	00f57513	andi	x10,x10,15	 x10:0x00000004 x10=0x00000004
           8138	      4065	001002b4	00900613	addi	x12,x0,9	  x0:0x00000000 x12=0x00000009
           8142	      4067	001002b8	f2a67ae3	bgeu	x12,x10,1001ec	 x12:0x00000009 x10:0x00000004
           8146	      4069	001001ec	03050893	addi	x17,x10,48	 x10:0x00000004 x17=0x00000034
           8148	      4070	001001f0	00020e37	lui	x28,0x20	 x28=0x00020000
           8152	      4072	001001f4	011e2023	sw	x17,0(x28)	 x28:0x00020000 x17:0x00000034 PA:0x00020000 store:0x00000034 load:0x00000000
           8156	      4074	001001f8	00008067	jalr	x0,0(x1)	  x1:0x00101324  x0=0x00000000
           8160	      4076	00101324	688ca483	lw	x9,1672(x25)	 x25:0x00101000  x9=0x80000000 PA:0x00101688 store:0x00102000
           8162	      4077	00101328	00101cb7	lui	x25,0x101	 x25=0x00101000
           8164	      4078	0010132c	7dcc8513	addi	x10,x25,2012	 x25:0x00101000 x10=0x001017dc
           8168	      4080	00101330	a0942823	sw	x9,-1520(x8)	  x8:0x00102000  x9:0x80000000 PA:0x00101a10 store:0x80000000 load:0x80000000
           8178	      4085	00101334	a1042403	lw	x8,-1520(x8)	  x8:0x00102000  x8=0x80000000 PA:0x00101a10 store:0x00000009
           8180	      4086	00101338	e0041353	fclass.s	x6,f8	  f8:0x80000000  x6=0x00000008
           8182	      4087	0010133c	9e6c2823	sw	x6,-1552(x24)	 x24:0x00102000  x6:0x00000008 PA:0x001019f0 store:0x00000008 load:0x80000000
           8184	      4088	00101340	d61fe0ef	jal	x1,1000a0	  x1=0x00101344
           8188	      4090	001000a0	00054803	lbu	x16,0(x10)	 x10:0x001017dc x16=0x0000000a PA:0x001017dc store:0x00000000
           8190	      4091	001000a4	06080663	beq	x16,x0,100110	 x16:0x0000000a  x0:0x00000000
           8192	      4092	001000a8	000207b7	lui	x15,0x20	 x15=0x00020000
           8196	      4094	001000ac	0107a023	sw	x16,0(x15)	 x15:0x00020000 x16:0x0000000a PA:0x00020000 store:0x0000000a load:0x00000000
           8200	      4096	001000b0	00154703	lbu	x14,1(x10)	 x10:0x001017dc x14=0x00000020 PA:0x001017dd store:0x00101344
           8202	      4097	001000b4	04070e63	beq	x14,x0,100110	 x14:0x00000020  x0:0x00000000
           8206	      4099	001000b8	00e7a023	sw	x14,0(x15)	 x15:0x00020000 x14:0x00000020 PA:0x00020000 store:0x00000020 load:0x00000000
           8210	      4101	001000bc	00254283	lbu	x5,2(x10)	 x10:0x001017dc  x5=0x00000045 PA:0x001017de store:0x00137fc0
           8212	      4102	001000c0	04028863	beq	x5,x0,100110	  x5:0x00000045  x0:0x00000000
           8216	      4104	001000c4	0057a023	sw	x5,0(x15)	 x15:0x00020000  x5:0x00000045 PA:0x00020000 store:0x00000045 load:0x00000000
           8220	      4106	001000c8	00354303	lbu	x6,3(x10)	 x10:0x001017dc  x6=0x00000078 PA:0x001017df store:0x00000000
           8222	      4107	001000cc	04030263	beq	x6,x0,100110	  x6:0x00000078  x0:0x00000000
           8226	      4109	001000d0	0067a023	sw	x6,0(x15)	 x15:0x00020000  x6:0x00000078 PA:0x00020000 store:0x00000078 load:0x00000000
           8230	      4111	001000d4	00454383	lbu	x7,4(x10)	 x10:0x001017dc  x7=0x00000070 PA:0x001017e0 store:0x00000000
           8232	      4112	001000d8	02038c63	beq	x7,x0,100110	  x7:0x00000070  x0:0x00000000
           8236	      4114	001000dc	0077a023	sw	x7,0(x15)	 x15:0x00020000  x7:0x00000070 PA:0x00020000 store:0x00000070 load:0x00000000
           8240	      4116	001000e0	00554583	lbu	x11,5(x10)	 x10:0x001017dc x11=0x00000065 PA:0x001017e1 store:0x00000045
           8242	      4117	001000e4	02058663	beq	x11,x0,100110	 x11:0x00000065  x0:0x00000000
           8246	      4119	001000e8	00b7a023	sw	x11,0(x15)	 x15:0x00020000 x11:0x00000065 PA:0x00020000 store:0x00000065 load:0x00000000
           8250	      4121	001000ec	00654603	lbu	x12,6(x10)	 x10:0x001017dc x12=0x00000063 PA:0x001017e2 store:0x00000078
           8252	      4122	001000f0	02060063	beq	x12,x0,100110	 x12:0x00000063  x0:0x00000000
           8256	      4124	001000f4	00c7a023	sw	x12,0(x15)	 x15:0x00020000 x12:0x00000063 PA:0x00020000 store:0x00000063 load:0x00000000
           8260	      4126	001000f8	00754683	lbu	x13,7(x10)	 x10:0x001017dc x13=0x00000074 PA:0x001017e3 store:0x00000070
           8262	      4127	001000fc	00850513	addi	x10,x10,8	 x10:0x001017dc x10=0x001017e4
           8264	      4128	00100100	00068863	beq	x13,x0,100110	 x13:0x00000074  x0:0x00000000
           8268	      4130	00100104	00d7a023	sw	x13,0(x15)	 x15:0x00020000 x13:0x00000074 PA:0x00020000 store:0x00000074 load:0x00000000
           8272	      4132	00100108	00054803	lbu	x16,0(x10)	 x10:0x001017e4 x16=0x00000069 PA:0x001017e4 store:0x00000000
           8276	      4134	0010010c	fa0810e3	bne	x16,x0,1000ac	 x16:0x00000069  x0:0x00000000
           8282	      4137	001000ac	0107a023	sw	x16,0(x15)	 x15:0x00020000 x16:0x00000069 PA:0x00020000 store:0x00000069 load:0x00000000
           8286	      4139	001000b0	00154703	lbu	x14,1(x10)	 x10:0x001017e4 x14=0x0000006e PA:0x001017e5 store:0x00101344
           8288	      4140	001000b4	04070e63	beq	x14,x0,100110	 x14:0x0000006e  x0:0x00000000
           8292	      4142	001000b8	00e7a023	sw	x14,0(x15)	 x15:0x00020000 x14:0x0000006e PA:0x00020000 store:0x0000006e load:0x00000000
           8296	      4144	001000bc	00254283	lbu	x5,2(x10)	 x10:0x001017e4  x5=0x00000067 PA:0x001017e6 store:0x00137fc0
           8298	      4145	001000c0	04028863	beq	x5,x0,100110	  x5:0x00000067  x0:0x00000000
           8302	      4147	001000c4	0057a023	sw	x5,0(x15)	 x15:0x00020000  x5:0x00000067 PA:0x00020000 store:0x00000067 load:0x00000000
           8306	      4149	001000c8	00354303	lbu	x6,3(x10)	 x10:0x001017e4  x6=0x00000020 PA:0x001017e7 store:0x00000000
           8308	      4150	001000cc	04030263	beq	x6,x0,100110	  x6:0x00000020  x0:0x00000000
           8312	      4152	001000d0	0067a023	sw	x6,0(x15)	 x15:0x00020000  x6:0x00000020 PA:0x00020000 store:0x00000020 load:0x00000000
           8316	      4154	001000d4	00454383	lbu	x7,4(x10)	 x10:0x001017e4  x7=0x00000030 PA:0x001017e8 store:0x00000000
           8318	      4155	001000d8	02038c63	beq	x7,x0,100110	  x7:0x00000030  x0:0x00000000
           8322	      4157	001000dc	0077a023	sw	x7,0(x15)	 x15:0x00020000  x7:0x00000030 PA:0x00020000 store:0x00000030 load:0x00000000
           8326	      4159	001000e0	00554583	lbu	x11,5(x10)	 x10:0x001017e4 x11=0x00000078 PA:0x001017e9 store:0x00000067
           8328	      4160	001000e4	02058663	beq	x11,x0,100110	 x11:0x00000078  x0:0x00000000
           8332	      4162	001000e8	00b7a023	sw	x11,0(x15)	 x15:0x00020000 x11:0x00000078 PA:0x00020000 store:0x00000078 load:0x00000000
           8336	      4164	001000ec	00654603	lbu	x12,6(x10)	 x10:0x001017e4 x12=0x00000038 PA:0x001017ea store:0x00000020
           8338	      4165	001000f0	02060063	beq	x12,x0,100110	 x12:0x00000038  x0:0x00000000
           8342	      4167	001000f4	00c7a023	sw	x12,0(x15)	 x15:0x00020000 x12:0x00000038 PA:0x00020000 store:0x00000038 load:0x00000000
           8346	      4169	001000f8	00754683	lbu	x13,7(x10)	 x10:0x001017e4 x13=0x0000003a PA:0x001017eb store:0x00000030
           8348	      4170	001000fc	00850513	addi	x10,x10,8	 x10:0x001017e4 x10=0x001017ec
           8350	      4171	00100100	00068863	beq	x13,x0,100110	 x13:0x0000003a  x0:0x00000000
           8354	      4173	00100104	00d7a023	sw	x13,0(x15)	 x15:0x00020000 x13:0x0000003a PA:0x00020000 store:0x0000003a load:0x00000000
           8358	      4175	00100108	00054803	lbu	x16,0(x10)	 x10:0x001017ec x16=0x00000020 PA:0x001017ec store:0x00000000
           8362	      4177	0010010c	fa0810e3	bne	x16,x0,1000ac	 x16:0x00000020  x0:0x00000000
           8368	      4180	001000ac	0107a023	sw	x16,0(x15)	 x15:0x00020000 x16:0x00000020 PA:0x00020000 store:0x00000020 load:0x00000000
           8372	      4182	001000b0	00154703	lbu	x14,1(x10)	 x10:0x001017ec x14=0x00000000 PA:0x001017ed store:0x00101344
           8376	      4184	001000b4	04070e63	beq	x14,x0,100110	 x14:0x00000000  x0:0x00000000
           8380	      4186	00100110	00000513	addi	x10,x0,0	  x0:0x00000000 x10=0x00000000
           8384	      4188	00100114	00008067	jalr	x0,0(x1)	  x1:0x00101344  x0=0x00000000
           8388	      4190	00101344	9f0c2503	lw	x10,-1552(x24)	 x24:0x00102000 x10=0x00000008 PA:0x001019f0 store:0x00000020
           8390	      4191	00101348	00000c93	addi	x25,x0,0	  x0:0x00000000 x25=0x00000000
           8394	      4193	0010134c	dd5fe0ef	jal	x1,100120	  x1=0x00101350
           8396	      4194	00100120	01c55793	srli	x15,x10,0x1c	 x10:0x00000008 x15=0x00000000
           8398	      4195	00100124	00900713	addi	x14,x0,9	  x0:0x00000000 x14=0x00000009
           8402	      4197	00100128	0cf77a63	bgeu	x14,x15,1001fc	 x14:0x00000009 x15:0x00000000
           8406	      4199	001001fc	03078393	addi	x7,x15,48	 x15:0x00000000  x7=0x00000030
           8408	      4200	00100200	000205b7	lui	x11,0x20	 x11=0x00020000
           8410	      4201	00100204	00451613	slli	x12,x10,0x4	 x10:0x00000008 x12=0x00000080
           8414	      4203	00100208	0075a023	sw	x7,0(x11)	 x11:0x00020000  x7:0x00000030 PA:0x00020000 store:0x00000030 load:0x00000000
           8416	      4204	0010020c	01c65693	srli	x13,x12,0x1c	 x12:0x00000080 x13=0x00000000
           8418	      4205	00100210	00900813	addi	x16,x0,9	  x0:0x00000000 x16=0x00000009
           8420	      4206	00100214	f2d86ae3	bltu	x16,x13,100148	 x16:0x00000009 x13:0x00000000
           8422	      4207	00100218	03068e93	addi	x29,x13,48	 x13:0x00000000 x29=0x00000030
           8424	      4208	0010021c	00020f37	lui	x30,0x20	 x30=0x00020000
           8426	      4209	00100220	00851f93	slli	x31,x10,0x8	 x10:0x00000008 x31=0x00000800
           8430	      4211	00100224	01df2023	sw	x29,0(x30)	 x30:0x00020000 x29:0x00000030 PA:0x00020000 store:0x00000030 load:0x00000000
           8432	      4212	00100228	01cfd793	srli	x15,x31,0x1c	 x31:0x00000800 x15=0x00000000
           8434	      4213	0010022c	00900713	addi	x14,x0,9	  x0:0x00000000 x14=0x00000009
           8436	      4214	00100230	f2f76ae3	bltu	x14,x15,100164	 x14:0x00000009 x15:0x00000000
           8438	      4215	00100234	03078393	addi	x7,x15,48	 x15:0x00000000  x7=0x00000030
           8440	      4216	00100238	000205b7	lui	x11,0x20	 x11=0x00020000
           8442	      4217	0010023c	00c51613	slli	x12,x10,0xc	 x10:0x00000008 x12=0x00008000
           8446	      4219	00100240	0075a023	sw	x7,0(x11)	 x11:0x00020000  x7:0x00000030 PA:0x00020000 store:0x00000030 load:0x00000000
           8448	      4220	00100244	01c65693	srli	x13,x12,0x1c	 x12:0x00008000 x13=0x00000000
           8450	      4221	00100248	00900813	addi	x16,x0,9	  x0:0x00000000 x16=0x00000009
           8452	      4222	0010024c	f2d86ae3	bltu	x16,x13,100180	 x16:0x00000009 x13:0x00000000
           8454	      4223	00100250	03068e93	addi	x29,x13,48	 x13:0x00000000 x29=0x00000030
           8456	      4224	00100254	00020f37	lui	x30,0x20	 x30=0x00020000
           8458	      4225	00100258	01051f93	slli	x31,x10,0x10	 x10:0x00000008 x31=0x00080000
           8462	      4227	0010025c	01df2023	sw	x29,0(x30)	 x30:0x00020000 x29:0x00000030 PA:0x00020000 store:0x00000030 load:0x00000000
           8464	      4228	00100260	01cfd793	srli	x15,x31,0x1c	 x31:0x00080000 x15=0x00000000
           8466	      4229	00100264	00900713	addi	x14,x0,9	  x0:0x00000000 x14=0x00000009
           8468	      4230	00100268	f2f76ae3	bltu	x14,x15,10019c	 x14:0x00000009 x15:0x00000000
           8470	      4231	0010026c	03078393	addi	x7,x15,48	 x15:0x00000000  x7=0x00000030
           8472	      4232	00100270	000205b7	lui	x11,0x20	 x11=0x00020000
           8474	      4233	00100274	01451613	slli	x12,x10,0x14	 x10:0x00000008 x12=0x00800000
           8478	      4235	00100278	0075a023	sw	x7,0(x11)	 x11:0x00020000  x7:0x00000030 PA:0x00020000 store:0x00000030 load:0x00000000
           8480	      4236	0010027c	01c65693	srli	x13,x12,0x1c	 x12:0x00800000 x13=0x00000000
           8482	      4237	00100280	00900813	addi	x16,x0,9	  x0:0x00000000 x16=0x00000009
           8484	      4238	00100284	f2d86ae3	bltu	x16,x13,1001b8	 x16:0x00000009 x13:0x00000000
           8486	      4239	00100288	03068e93	addi	x29,x13,48	 x13:0x00000000 x29=0x00000030
           8488	      4240	0010028c	00020f37	lui	x30,0x20	 x30=0x00020000
           8490	      4241	00100290	01851f93	slli	x31,x10,0x18	 x10:0x00000008 x31=0x08000000
           8494	      4243	00100294	01df2023	sw	x29,0(x30)	 x30:0x00020000 x29:0x00000030 PA:0x00020000 store:0x00000030 load:0x00000000
           8496	      4244	00100298	01cfd793	srli	x15,x31,0x1c	 x31:0x08000000 x15=0x00000000
           8498	      4245	0010029c	00900713	addi	x14,x0,9	  x0:0x00000000 x14=0x00000009
           8500	      4246	001002a0	f2f76ae3	bltu	x14,x15,1001d4	 x14:0x00000009 x15:0x00000000
           8502	      4247	001002a4	03078393	addi	x7,x15,48	 x15:0x00000000  x7=0x00000030
           8504	      4248	001002a8	000205b7	lui	x11,0x20	 x11=0x00020000
           8508	      4250	001002ac	0075a023	sw	x7,0(x11)	 x11:0x00020000  x7:0x00000030 PA:0x00020000 store:0x00000030 load:0x00000000
           8510	      4251	001002b0	00f57513	andi	x10,x10,15	 x10:0x00000008 x10=0x00000008
           8512	      4252	001002b4	00900613	addi	x12,x0,9	  x0:0x00000000 x12=0x00000009
           8516	      4254	001002b8	f2a67ae3	bgeu	x12,x10,1001ec	 x12:0x00000009 x10:0x00000008
           8520	      4256	001001ec	03050893	addi	x17,x10,48	 x10:0x00000008 x17=0x00000038
           8522	      4257	001001f0	00020e37	lui	x28,0x20	 x28=0x00020000
           8526	      4259	001001f4	011e2023	sw	x17,0(x28)	 x28:0x00020000 x17:0x00000038 PA:0x00020000 store:0x00000038 load:0x00000000
           8530	      4261	001001f8	00008067	jalr	x0,0(x1)	  x1:0x00101350  x0=0x00000000
           8532	      4262	00101350	00101537	lui	x10,0x101	 x10=0x00101000
           8536	      4264	00101354	a1992623	sw	x25,-1524(x18)	 x18:0x00102000 x25:0x00000000 PA:0x00101a0c store:0x00000000 load:0x00000008
           8538	      4265	00101358	7f050513	addi	x10,x10,2032	 x10:0x00101000 x10=0x001017f0
           8548	      4270	0010135c	a0c92903	lw	x18,-1524(x18)	 x18:0x00102000 x18=0x00000000 PA:0x00101a0c store:0x00000009
           8550	      4271	00101360	e00913d3	fclass.s	x7,f18	 f18:0x00000000  x7=0x00000010
           8552	      4272	00101364	9e7da623	sw	x7,-1556(x27)	 x27:0x00102000  x7:0x00000010 PA:0x001019ec store:0x00000010 load:0x00000000
           8554	      4273	00101368	d39fe0ef	jal	x1,1000a0	  x1=0x0010136c
           8558	      4275	001000a0	00054803	lbu	x16,0(x10)	 x10:0x001017f0 x16=0x0000000a PA:0x001017f0 store:0x00000000
           8560	      4276	001000a4	06080663	beq	x16,x0,100110	 x16:0x0000000a  x0:0x00000000
           8562	      4277	001000a8	000207b7	lui	x15,0x20	 x15=0x00020000
           8566	      4279	001000ac	0107a023	sw	x16,0(x15)	 x15:0x00020000 x16:0x0000000a PA:0x00020000 store:0x0000000a load:0x00000000
           8570	      4281	001000b0	00154703	lbu	x14,1(x10)	 x10:0x001017f0 x14=0x00000020 PA:0x001017f1 store:0x0010136c
           8572	      4282	001000b4	04070e63	beq	x14,x0,100110	 x14:0x00000020  x0:0x00000000
           8576	      4284	001000b8	00e7a023	sw	x14,0(x15)	 x15:0x00020000 x14:0x00000020 PA:0x00020000 store:0x00000020 load:0x00000000
           8580	      4286	001000bc	00254283	lbu	x5,2(x10)	 x10:0x001017f0  x5=0x00000045 PA:0x001017f2 store:0x00137fc0
           8582	      4287	001000c0	04028863	beq	x5,x0,100110	  x5:0x00000045  x0:0x00000000
           8586	      4289	001000c4	0057a023	sw	x5,0(x15)	 x15:0x00020000  x5:0x00000045 PA:0x00020000 store:0x00000045 load:0x00000000
           8590	      4291	001000c8	00354303	lbu	x6,3(x10)	 x10:0x001017f0  x6=0x00000078 PA:0x001017f3 store:0x00000000
           8592	      4292	001000cc	04030263	beq	x6,x0,100110	  x6:0x00000078  x0:0x00000000
           8596	      4294	001000d0	0067a023	sw	x6,0(x15)	 x15:0x00020000  x6:0x00000078 PA:0x00020000 store:0x00000078 load:0x00000000
           8600	      4296	001000d4	00454383	lbu	x7,4(x10)	 x10:0x001017f0  x7=0x00000070 PA:0x001017f4 store:0x00000000
           8602	      4297	001000d8	02038c63	beq	x7,x0,100110	  x7:0x00000070  x0:0x00000000
           8606	      4299	001000dc	0077a023	sw	x7,0(x15)	 x15:0x00020000  x7:0x00000070 PA:0x00020000 store:0x00000070 load:0x00000000
           8610	      4301	001000e0	00554583	lbu	x11,5(x10)	 x10:0x001017f0 x11=0x00000065 PA:0x001017f5 store:0x00000045
           8612	      4302	001000e4	02058663	beq	x11,x0,100110	 x11:0x00000065  x0:0x00000000
           8616	      4304	001000e8	00b7a023	sw	x11,0(x15)	 x15:0x00020000 x11:0x00000065 PA:0x00020000 store:0x00000065 load:0x00000000
           8620	      4306	001000ec	00654603	lbu	x12,6(x10)	 x10:0x001017f0 x12=0x00000063 PA:0x001017f6 store:0x00000078
           8622	      4307	001000f0	02060063	beq	x12,x0,100110	 x12:0x00000063  x0:0x00000000
           8626	      4309	001000f4	00c7a023	sw	x12,0(x15)	 x15:0x00020000 x12:0x00000063 PA:0x00020000 store:0x00000063 load:0x00000000
           8630	      4311	001000f8	00754683	lbu	x13,7(x10)	 x10:0x001017f0 x13=0x00000074 PA:0x001017f7 store:0x00000070
           8632	      4312	001000fc	00850513	addi	x10,x10,8	 x10:0x001017f0 x10=0x001017f8
           8634	      4313	00100100	00068863	beq	x13,x0,100110	 x13:0x00000074  x0:0x00000000
           8638	      4315	00100104	00d7a023	sw	x13,0(x15)	 x15:0x00020000 x13:0x00000074 PA:0x00020000 store:0x00000074 load:0x00000000
           8642	      4317	00100108	00054803	lbu	x16,0(x10)	 x10:0x001017f8 x16=0x00000069 PA:0x001017f8 store:0x00000000
           8646	      4319	0010010c	fa0810e3	bne	x16,x0,1000ac	 x16:0x00000069  x0:0x00000000
           8652	      4322	001000ac	0107a023	sw	x16,0(x15)	 x15:0x00020000 x16:0x00000069 PA:0x00020000 store:0x00000069 load:0x00000000
           8656	      4324	001000b0	00154703	lbu	x14,1(x10)	 x10:0x001017f8 x14=0x0000006e PA:0x001017f9 store:0x0010136c
           8658	      4325	001000b4	04070e63	beq	x14,x0,100110	 x14:0x0000006e  x0:0x00000000
           8662	      4327	001000b8	00e7a023	sw	x14,0(x15)	 x15:0x00020000 x14:0x0000006e PA:0x00020000 store:0x0000006e load:0x00000000
           8666	      4329	001000bc	00254283	lbu	x5,2(x10)	 x10:0x001017f8  x5=0x00000067 PA:0x001017fa store:0x00137fc0
           8668	      4330	001000c0	04028863	beq	x5,x0,100110	  x5:0x00000067  x0:0x00000000
           8672	      4332	001000c4	0057a023	sw	x5,0(x15)	 x15:0x00020000  x5:0x00000067 PA:0x00020000 store:0x00000067 load:0x00000000
           8676	      4334	001000c8	00354303	lbu	x6,3(x10)	 x10:0x001017f8  x6=0x00000020 PA:0x001017fb store:0x00000000
           8678	      4335	001000cc	04030263	beq	x6,x0,100110	  x6:0x00000020  x0:0x00000000
           8682	      4337	001000d0	0067a023	sw	x6,0(x15)	 x15:0x00020000  x6:0x00000020 PA:0x00020000 store:0x00000020 load:0x00000000
           8686	      4339	001000d4	00454383	lbu	x7,4(x10)	 x10:0x001017f8  x7=0x00000030 PA:0x001017fc store:0x00000000
           8688	      4340	001000d8	02038c63	beq	x7,x0,100110	  x7:0x00000030  x0:0x00000000
           8692	      4342	001000dc	0077a023	sw	x7,0(x15)	 x15:0x00020000  x7:0x00000030 PA:0x00020000 store:0x00000030 load:0x00000000
           8696	      4344	001000e0	00554583	lbu	x11,5(x10)	 x10:0x001017f8 x11=0x00000078 PA:0x001017fd store:0x00000067
           8698	      4345	001000e4	02058663	beq	x11,x0,100110	 x11:0x00000078  x0:0x00000000
           8702	      4347	001000e8	00b7a023	sw	x11,0(x15)	 x15:0x00020000 x11:0x00000078 PA:0x00020000 store:0x00000078 load:0x00000000
           8706	      4349	001000ec	00654603	lbu	x12,6(x10)	 x10:0x001017f8 x12=0x00000031 PA:0x001017fe store:0x00000020
           8708	      4350	001000f0	02060063	beq	x12,x0,100110	 x12:0x00000031  x0:0x00000000
           8712	      4352	001000f4	00c7a023	sw	x12,0(x15)	 x15:0x00020000 x12:0x00000031 PA:0x00020000 store:0x00000031 load:0x00000000
           8716	      4354	001000f8	00754683	lbu	x13,7(x10)	 x10:0x001017f8 x13=0x00000030 PA:0x001017ff store:0x00000030
           8718	      4355	001000fc	00850513	addi	x10,x10,8	 x10:0x001017f8 x10=0x00101800
           8720	      4356	00100100	00068863	beq	x13,x0,100110	 x13:0x00000030  x0:0x00000000
           8724	      4358	00100104	00d7a023	sw	x13,0(x15)	 x15:0x00020000 x13:0x00000030 PA:0x00020000 store:0x00000030 load:0x00000000
           8728	      4360	00100108	00054803	lbu	x16,0(x10)	 x10:0x00101800 x16=0x0000003a PA:0x00101800 store:0x00000000
           8732	      4362	0010010c	fa0810e3	bne	x16,x0,1000ac	 x16:0x0000003a  x0:0x00000000
           8738	      4365	001000ac	0107a023	sw	x16,0(x15)	 x15:0x00020000 x16:0x0000003a PA:0x00020000 store:0x0000003a load:0x00000000
           8742	      4367	001000b0	00154703	lbu	x14,1(x10)	 x10:0x00101800 x14=0x00000020 PA:0x00101801 store:0x0010136c
           8744	      4368	001000b4	04070e63	beq	x14,x0,100110	 x14:0x00000020  x0:0x00000000
           8748	      4370	001000b8	00e7a023	sw	x14,0(x15)	 x15:0x00020000 x14:0x00000020 PA:0x00020000 store:0x00000020 load:0x00000000
           8752	      4372	001000bc	00254283	lbu	x5,2(x10)	 x10:0x00101800  x5=0x00000000 PA:0x00101802 store:0x00137fc0
           8756	      4374	001000c0	04028863	beq	x5,x0,100110	  x5:0x00000000  x0:0x00000000
           8760	      4376	00100110	00000513	addi	x10,x0,0	  x0:0x00000000 x10=0x00000000
           8764	      4378	00100114	00008067	jalr	x0,0(x1)	  x1:0x0010136c  x0=0x00000000
           8768	      4380	0010136c	9ecda503	lw	x10,-1556(x27)	 x27:0x00102000 x10=0x00000010 PA:0x001019ec store:0x00000031
           8772	      4382	00101370	db1fe0ef	jal	x1,100120	  x1=0x00101374
           8774	      4383	00100120	01c55793	srli	x15,x10,0x1c	 x10:0x00000010 x15=0x00000000
           8776	      4384	00100124	00900713	addi	x14,x0,9	  x0:0x00000000 x14=0x00000009
           8780	      4386	00100128	0cf77a63	bgeu	x14,x15,1001fc	 x14:0x00000009 x15:0x00000000
           8784	      4388	001001fc	03078393	addi	x7,x15,48	 x15:0x00000000  x7=0x00000030
           8786	      4389	00100200	000205b7	lui	x11,0x20	 x11=0x00020000
           8788	      4390	00100204	00451613	slli	x12,x10,0x4	 x10:0x00000010 x12=0x00000100
           8792	      4392	00100208	0075a023	sw	x7,0(x11)	 x11:0x00020000  x7:0x00000030 PA:0x00020000 store:0x00000030 load:0x00000000
           8794	      4393	0010020c	01c65693	srli	x13,x12,0x1c	 x12:0x00000100 x13=0x00000000
           8796	      4394	00100210	00900813	addi	x16,x0,9	  x0:0x00000000 x16=0x00000009
           8798	      4395	00100214	f2d86ae3	bltu	x16,x13,100148	 x16:0x00000009 x13:0x00000000
           8800	      4396	00100218	03068e93	addi	x29,x13,48	 x13:0x00000000 x29=0x00000030
           8802	      4397	0010021c	00020f37	lui	x30,0x20	 x30=0x00020000
           8804	      4398	00100220	00851f93	slli	x31,x10,0x8	 x10:0x00000010 x31=0x00001000
           8808	      4400	00100224	01df2023	sw	x29,0(x30)	 x30:0x00020000 x29:0x00000030 PA:0x00020000 store:0x00000030 load:0x00000000
           8810	      4401	00100228	01cfd793	srli	x15,x31,0x1c	 x31:0x00001000 x15=0x00000000
           8812	      4402	0010022c	00900713	addi	x14,x0,9	  x0:0x00000000 x14=0x00000009
           8814	      4403	00100230	f2f76ae3	bltu	x14,x15,100164	 x14:0x00000009 x15:0x00000000
           8816	      4404	00100234	03078393	addi	x7,x15,48	 x15:0x00000000  x7=0x00000030
           8818	      4405	00100238	000205b7	lui	x11,0x20	 x11=0x00020000
           8820	      4406	0010023c	00c51613	slli	x12,x10,0xc	 x10:0x00000010 x12=0x00010000
           8824	      4408	00100240	0075a023	sw	x7,0(x11)	 x11:0x00020000  x7:0x00000030 PA:0x00020000 store:0x00000030 load:0x00000000
           8826	      4409	00100244	01c65693	srli	x13,x12,0x1c	 x12:0x00010000 x13=0x00000000
           8828	      4410	00100248	00900813	addi	x16,x0,9	  x0:0x00000000 x16=0x00000009
           8830	      4411	0010024c	f2d86ae3	bltu	x16,x13,100180	 x16:0x00000009 x13:0x00000000
           8832	      4412	00100250	03068e93	addi	x29,x13,48	 x13:0x00000000 x29=0x00000030
           8834	      4413	00100254	00020f37	lui	x30,0x20	 x30=0x00020000
           8836	      4414	00100258	01051f93	slli	x31,x10,0x10	 x10:0x00000010 x31=0x00100000
           8840	      4416	0010025c	01df2023	sw	x29,0(x30)	 x30:0x00020000 x29:0x00000030 PA:0x00020000 store:0x00000030 load:0x00000000
           8842	      4417	00100260	01cfd793	srli	x15,x31,0x1c	 x31:0x00100000 x15=0x00000000
           8844	      4418	00100264	00900713	addi	x14,x0,9	  x0:0x00000000 x14=0x00000009
           8846	      4419	00100268	f2f76ae3	bltu	x14,x15,10019c	 x14:0x00000009 x15:0x00000000
           8848	      4420	0010026c	03078393	addi	x7,x15,48	 x15:0x00000000  x7=0x00000030
           8850	      4421	00100270	000205b7	lui	x11,0x20	 x11=0x00020000
           8852	      4422	00100274	01451613	slli	x12,x10,0x14	 x10:0x00000010 x12=0x01000000
           8856	      4424	00100278	0075a023	sw	x7,0(x11)	 x11:0x00020000  x7:0x00000030 PA:0x00020000 store:0x00000030 load:0x00000000
           8858	      4425	0010027c	01c65693	srli	x13,x12,0x1c	 x12:0x01000000 x13=0x00000000
           8860	      4426	00100280	00900813	addi	x16,x0,9	  x0:0x00000000 x16=0x00000009
           8862	      4427	00100284	f2d86ae3	bltu	x16,x13,1001b8	 x16:0x00000009 x13:0x00000000
           8864	      4428	00100288	03068e93	addi	x29,x13,48	 x13:0x00000000 x29=0x00000030
           8866	      4429	0010028c	00020f37	lui	x30,0x20	 x30=0x00020000
           8868	      4430	00100290	01851f93	slli	x31,x10,0x18	 x10:0x00000010 x31=0x10000000
           8872	      4432	00100294	01df2023	sw	x29,0(x30)	 x30:0x00020000 x29:0x00000030 PA:0x00020000 store:0x00000030 load:0x00000000
           8874	      4433	00100298	01cfd793	srli	x15,x31,0x1c	 x31:0x10000000 x15=0x00000001
           8876	      4434	0010029c	00900713	addi	x14,x0,9	  x0:0x00000000 x14=0x00000009
           8878	      4435	001002a0	f2f76ae3	bltu	x14,x15,1001d4	 x14:0x00000009 x15:0x00000001
           8880	      4436	001002a4	03078393	addi	x7,x15,48	 x15:0x00000001  x7=0x00000031
           8882	      4437	001002a8	000205b7	lui	x11,0x20	 x11=0x00020000
           8886	      4439	001002ac	0075a023	sw	x7,0(x11)	 x11:0x00020000  x7:0x00000031 PA:0x00020000 store:0x00000031 load:0x00000000
           8888	      4440	001002b0	00f57513	andi	x10,x10,15	 x10:0x00000010 x10=0x00000000
           8890	      4441	001002b4	00900613	addi	x12,x0,9	  x0:0x00000000 x12=0x00000009
           8894	      4443	001002b8	f2a67ae3	bgeu	x12,x10,1001ec	 x12:0x00000009 x10:0x00000000
           8898	      4445	001001ec	03050893	addi	x17,x10,48	 x10:0x00000000 x17=0x00000030
           8900	      4446	001001f0	00020e37	lui	x28,0x20	 x28=0x00020000
           8904	      4448	001001f4	011e2023	sw	x17,0(x28)	 x28:0x00020000 x17:0x00000030 PA:0x00020000 store:0x00000030 load:0x00000000
           8908	      4450	001001f8	00008067	jalr	x0,0(x1)	  x1:0x00101374  x0=0x00000000
           8910	      4451	00101374	001015b7	lui	x11,0x101	 x11=0x00101000
           8914	      4453	00101378	6985a403	lw	x8,1688(x11)	 x11:0x00101000  x8=0x00000047 PA:0x00101698 store:0x00102000
           8916	      4454	0010137c	00102637	lui	x12,0x102	 x12=0x00102000
           8918	      4455	00101380	001028b7	lui	x17,0x102	 x17=0x00102000
           8922	      4457	00101384	a0862423	sw	x8,-1528(x12)	 x12:0x00102000  x8:0x00000047 PA:0x00101a08 store:0x00000047 load:0x00000047
           8926	      4459	00101388	a0862803	lw	x16,-1528(x12)	 x12:0x00102000 x16=0x00000047 PA:0x00101a08 store:0x00000047
           8934	      4463	0010138c	80488513	addi	x10,x17,-2044	 x17:0x00102000 x10=0x00101804
           8936	      4464	00101390	e00812d3	fclass.s	x5,f16	 f16:0x00000047  x5=0x00000020
           8938	      4465	00101394	9e5d2423	sw	x5,-1560(x26)	 x26:0x00102000  x5:0x00000020 PA:0x001019e8 store:0x00000020 load:0x00000047
           8940	      4466	00101398	d09fe0ef	jal	x1,1000a0	  x1=0x0010139c
           8944	      4468	001000a0	00054803	lbu	x16,0(x10)	 x10:0x00101804 x16=0x0000000a PA:0x00101804 store:0x00000000
           8946	      4469	001000a4	06080663	beq	x16,x0,100110	 x16:0x0000000a  x0:0x00000000
           8948	      4470	001000a8	000207b7	lui	x15,0x20	 x15=0x00020000
           8952	      4472	001000ac	0107a023	sw	x16,0(x15)	 x15:0x00020000 x16:0x0000000a PA:0x00020000 store:0x0000000a load:0x00000000
           8956	      4474	001000b0	00154703	lbu	x14,1(x10)	 x10:0x00101804 x14=0x00000020 PA:0x00101805 store:0x0010139c
           8958	      4475	001000b4	04070e63	beq	x14,x0,100110	 x14:0x00000020  x0:0x00000000
           8962	      4477	001000b8	00e7a023	sw	x14,0(x15)	 x15:0x00020000 x14:0x00000020 PA:0x00020000 store:0x00000020 load:0x00000000
           8966	      4479	001000bc	00254283	lbu	x5,2(x10)	 x10:0x00101804  x5=0x00000045 PA:0x00101806 store:0x00137fc0
           8968	      4480	001000c0	04028863	beq	x5,x0,100110	  x5:0x00000045  x0:0x00000000
           8972	      4482	001000c4	0057a023	sw	x5,0(x15)	 x15:0x00020000  x5:0x00000045 PA:0x00020000 store:0x00000045 load:0x00000000
           8976	      4484	001000c8	00354303	lbu	x6,3(x10)	 x10:0x00101804  x6=0x00000078 PA:0x00101807 store:0x00000000
           8978	      4485	001000cc	04030263	beq	x6,x0,100110	  x6:0x00000078  x0:0x00000000
           8982	      4487	001000d0	0067a023	sw	x6,0(x15)	 x15:0x00020000  x6:0x00000078 PA:0x00020000 store:0x00000078 load:0x00000000
           8986	      4489	001000d4	00454383	lbu	x7,4(x10)	 x10:0x00101804  x7=0x00000070 PA:0x00101808 store:0x00000000
           8988	      4490	001000d8	02038c63	beq	x7,x0,100110	  x7:0x00000070  x0:0x00000000
           8992	      4492	001000dc	0077a023	sw	x7,0(x15)	 x15:0x00020000  x7:0x00000070 PA:0x00020000 store:0x00000070 load:0x00000000
           8996	      4494	001000e0	00554583	lbu	x11,5(x10)	 x10:0x00101804 x11=0x00000065 PA:0x00101809 store:0x00000045
           8998	      4495	001000e4	02058663	beq	x11,x0,100110	 x11:0x00000065  x0:0x00000000
           9002	      4497	001000e8	00b7a023	sw	x11,0(x15)	 x15:0x00020000 x11:0x00000065 PA:0x00020000 store:0x00000065 load:0x00000000
           9006	      4499	001000ec	00654603	lbu	x12,6(x10)	 x10:0x00101804 x12=0x00000063 PA:0x0010180a store:0x00000078
           9008	      4500	001000f0	02060063	beq	x12,x0,100110	 x12:0x00000063  x0:0x00000000
           9012	      4502	001000f4	00c7a023	sw	x12,0(x15)	 x15:0x00020000 x12:0x00000063 PA:0x00020000 store:0x00000063 load:0x00000000
           9016	      4504	001000f8	00754683	lbu	x13,7(x10)	 x10:0x00101804 x13=0x00000074 PA:0x0010180b store:0x00000070
           9018	      4505	001000fc	00850513	addi	x10,x10,8	 x10:0x00101804 x10=0x0010180c
           9020	      4506	00100100	00068863	beq	x13,x0,100110	 x13:0x00000074  x0:0x00000000
           9024	      4508	00100104	00d7a023	sw	x13,0(x15)	 x15:0x00020000 x13:0x00000074 PA:0x00020000 store:0x00000074 load:0x00000000
           9028	      4510	00100108	00054803	lbu	x16,0(x10)	 x10:0x0010180c x16=0x00000069 PA:0x0010180c store:0x00000000
           9032	      4512	0010010c	fa0810e3	bne	x16,x0,1000ac	 x16:0x00000069  x0:0x00000000
           9038	      4515	001000ac	0107a023	sw	x16,0(x15)	 x15:0x00020000 x16:0x00000069 PA:0x00020000 store:0x00000069 load:0x00000000
           9042	      4517	001000b0	00154703	lbu	x14,1(x10)	 x10:0x0010180c x14=0x0000006e PA:0x0010180d store:0x0010139c
           9044	      4518	001000b4	04070e63	beq	x14,x0,100110	 x14:0x0000006e  x0:0x00000000
           9048	      4520	001000b8	00e7a023	sw	x14,0(x15)	 x15:0x00020000 x14:0x0000006e PA:0x00020000 store:0x0000006e load:0x00000000
           9052	      4522	001000bc	00254283	lbu	x5,2(x10)	 x10:0x0010180c  x5=0x00000067 PA:0x0010180e store:0x00137fc0
           9054	      4523	001000c0	04028863	beq	x5,x0,100110	  x5:0x00000067  x0:0x00000000
           9058	      4525	001000c4	0057a023	sw	x5,0(x15)	 x15:0x00020000  x5:0x00000067 PA:0x00020000 store:0x00000067 load:0x00000000
           9062	      4527	001000c8	00354303	lbu	x6,3(x10)	 x10:0x0010180c  x6=0x00000020 PA:0x0010180f store:0x00000000
           9064	      4528	001000cc	04030263	beq	x6,x0,100110	  x6:0x00000020  x0:0x00000000
           9068	      4530	001000d0	0067a023	sw	x6,0(x15)	 x15:0x00020000  x6:0x00000020 PA:0x00020000 store:0x00000020 load:0x00000000
           9072	      4532	001000d4	00454383	lbu	x7,4(x10)	 x10:0x0010180c  x7=0x00000030 PA:0x00101810 store:0x00000000
           9074	      4533	001000d8	02038c63	beq	x7,x0,100110	  x7:0x00000030  x0:0x00000000
           9078	      4535	001000dc	0077a023	sw	x7,0(x15)	 x15:0x00020000  x7:0x00000030 PA:0x00020000 store:0x00000030 load:0x00000000
           9082	      4537	001000e0	00554583	lbu	x11,5(x10)	 x10:0x0010180c x11=0x00000078 PA:0x00101811 store:0x00000067
           9084	      4538	001000e4	02058663	beq	x11,x0,100110	 x11:0x00000078  x0:0x00000000
           9088	      4540	001000e8	00b7a023	sw	x11,0(x15)	 x15:0x00020000 x11:0x00000078 PA:0x00020000 store:0x00000078 load:0x00000000
           9092	      4542	001000ec	00654603	lbu	x12,6(x10)	 x10:0x0010180c x12=0x00000032 PA:0x00101812 store:0x00000020
           9094	      4543	001000f0	02060063	beq	x12,x0,100110	 x12:0x00000032  x0:0x00000000
           9098	      4545	001000f4	00c7a023	sw	x12,0(x15)	 x15:0x00020000 x12:0x00000032 PA:0x00020000 store:0x00000032 load:0x00000000
           9102	      4547	001000f8	00754683	lbu	x13,7(x10)	 x10:0x0010180c x13=0x00000030 PA:0x00101813 store:0x00000030
           9104	      4548	001000fc	00850513	addi	x10,x10,8	 x10:0x0010180c x10=0x00101814
           9106	      4549	00100100	00068863	beq	x13,x0,100110	 x13:0x00000030  x0:0x00000000
           9110	      4551	00100104	00d7a023	sw	x13,0(x15)	 x15:0x00020000 x13:0x00000030 PA:0x00020000 store:0x00000030 load:0x00000000
           9114	      4553	00100108	00054803	lbu	x16,0(x10)	 x10:0x00101814 x16=0x0000003a PA:0x00101814 store:0x00000000
           9118	      4555	0010010c	fa0810e3	bne	x16,x0,1000ac	 x16:0x0000003a  x0:0x00000000
           9124	      4558	001000ac	0107a023	sw	x16,0(x15)	 x15:0x00020000 x16:0x0000003a PA:0x00020000 store:0x0000003a load:0x00000000
           9128	      4560	001000b0	00154703	lbu	x14,1(x10)	 x10:0x00101814 x14=0x00000020 PA:0x00101815 store:0x0010139c
           9130	      4561	001000b4	04070e63	beq	x14,x0,100110	 x14:0x00000020  x0:0x00000000
           9134	      4563	001000b8	00e7a023	sw	x14,0(x15)	 x15:0x00020000 x14:0x00000020 PA:0x00020000 store:0x00000020 load:0x00000000
           9138	      4565	001000bc	00254283	lbu	x5,2(x10)	 x10:0x00101814  x5=0x00000000 PA:0x00101816 store:0x00137fc0
           9142	      4567	001000c0	04028863	beq	x5,x0,100110	  x5:0x00000000  x0:0x00000000
           9146	      4569	00100110	00000513	addi	x10,x0,0	  x0:0x00000000 x10=0x00000000
           9150	      4571	00100114	00008067	jalr	x0,0(x1)	  x1:0x0010139c  x0=0x00000000
           9154	      4573	0010139c	9e8d2503	lw	x10,-1560(x26)	 x26:0x00102000 x10=0x00000020 PA:0x001019e8 store:0x00000047
           9158	      4575	001013a0	d81fe0ef	jal	x1,100120	  x1=0x001013a4
           9160	      4576	00100120	01c55793	srli	x15,x10,0x1c	 x10:0x00000020 x15=0x00000000
           9162	      4577	00100124	00900713	addi	x14,x0,9	  x0:0x00000000 x14=0x00000009
           9166	      4579	00100128	0cf77a63	bgeu	x14,x15,1001fc	 x14:0x00000009 x15:0x00000000
           9170	      4581	001001fc	03078393	addi	x7,x15,48	 x15:0x00000000  x7=0x00000030
           9172	      4582	00100200	000205b7	lui	x11,0x20	 x11=0x00020000
           9174	      4583	00100204	00451613	slli	x12,x10,0x4	 x10:0x00000020 x12=0x00000200
           9178	      4585	00100208	0075a023	sw	x7,0(x11)	 x11:0x00020000  x7:0x00000030 PA:0x00020000 store:0x00000030 load:0x00000000
           9180	      4586	0010020c	01c65693	srli	x13,x12,0x1c	 x12:0x00000200 x13=0x00000000
           9182	      4587	00100210	00900813	addi	x16,x0,9	  x0:0x00000000 x16=0x00000009
           9184	      4588	00100214	f2d86ae3	bltu	x16,x13,100148	 x16:0x00000009 x13:0x00000000
           9186	      4589	00100218	03068e93	addi	x29,x13,48	 x13:0x00000000 x29=0x00000030
           9188	      4590	0010021c	00020f37	lui	x30,0x20	 x30=0x00020000
           9190	      4591	00100220	00851f93	slli	x31,x10,0x8	 x10:0x00000020 x31=0x00002000
           9194	      4593	00100224	01df2023	sw	x29,0(x30)	 x30:0x00020000 x29:0x00000030 PA:0x00020000 store:0x00000030 load:0x00000000
           9196	      4594	00100228	01cfd793	srli	x15,x31,0x1c	 x31:0x00002000 x15=0x00000000
           9198	      4595	0010022c	00900713	addi	x14,x0,9	  x0:0x00000000 x14=0x00000009
           9200	      4596	00100230	f2f76ae3	bltu	x14,x15,100164	 x14:0x00000009 x15:0x00000000
           9202	      4597	00100234	03078393	addi	x7,x15,48	 x15:0x00000000  x7=0x00000030
           9204	      4598	00100238	000205b7	lui	x11,0x20	 x11=0x00020000
           9206	      4599	0010023c	00c51613	slli	x12,x10,0xc	 x10:0x00000020 x12=0x00020000
           9210	      4601	00100240	0075a023	sw	x7,0(x11)	 x11:0x00020000  x7:0x00000030 PA:0x00020000 store:0x00000030 load:0x00000000
           9212	      4602	00100244	01c65693	srli	x13,x12,0x1c	 x12:0x00020000 x13=0x00000000
           9214	      4603	00100248	00900813	addi	x16,x0,9	  x0:0x00000000 x16=0x00000009
           9216	      4604	0010024c	f2d86ae3	bltu	x16,x13,100180	 x16:0x00000009 x13:0x00000000
           9218	      4605	00100250	03068e93	addi	x29,x13,48	 x13:0x00000000 x29=0x00000030
           9220	      4606	00100254	00020f37	lui	x30,0x20	 x30=0x00020000
           9222	      4607	00100258	01051f93	slli	x31,x10,0x10	 x10:0x00000020 x31=0x00200000
           9226	      4609	0010025c	01df2023	sw	x29,0(x30)	 x30:0x00020000 x29:0x00000030 PA:0x00020000 store:0x00000030 load:0x00000000
           9228	      4610	00100260	01cfd793	srli	x15,x31,0x1c	 x31:0x00200000 x15=0x00000000
           9230	      4611	00100264	00900713	addi	x14,x0,9	  x0:0x00000000 x14=0x00000009
           9232	      4612	00100268	f2f76ae3	bltu	x14,x15,10019c	 x14:0x00000009 x15:0x00000000
           9234	      4613	0010026c	03078393	addi	x7,x15,48	 x15:0x00000000  x7=0x00000030
           9236	      4614	00100270	000205b7	lui	x11,0x20	 x11=0x00020000
           9238	      4615	00100274	01451613	slli	x12,x10,0x14	 x10:0x00000020 x12=0x02000000
           9242	      4617	00100278	0075a023	sw	x7,0(x11)	 x11:0x00020000  x7:0x00000030 PA:0x00020000 store:0x00000030 load:0x00000000
           9244	      4618	0010027c	01c65693	srli	x13,x12,0x1c	 x12:0x02000000 x13=0x00000000
           9246	      4619	00100280	00900813	addi	x16,x0,9	  x0:0x00000000 x16=0x00000009
           9248	      4620	00100284	f2d86ae3	bltu	x16,x13,1001b8	 x16:0x00000009 x13:0x00000000
           9250	      4621	00100288	03068e93	addi	x29,x13,48	 x13:0x00000000 x29=0x00000030
           9252	      4622	0010028c	00020f37	lui	x30,0x20	 x30=0x00020000
           9254	      4623	00100290	01851f93	slli	x31,x10,0x18	 x10:0x00000020 x31=0x20000000
           9258	      4625	00100294	01df2023	sw	x29,0(x30)	 x30:0x00020000 x29:0x00000030 PA:0x00020000 store:0x00000030 load:0x00000000
           9260	      4626	00100298	01cfd793	srli	x15,x31,0x1c	 x31:0x20000000 x15=0x00000002
           9262	      4627	0010029c	00900713	addi	x14,x0,9	  x0:0x00000000 x14=0x00000009
           9264	      4628	001002a0	f2f76ae3	bltu	x14,x15,1001d4	 x14:0x00000009 x15:0x00000002
           9266	      4629	001002a4	03078393	addi	x7,x15,48	 x15:0x00000002  x7=0x00000032
           9268	      4630	001002a8	000205b7	lui	x11,0x20	 x11=0x00020000
           9272	      4632	001002ac	0075a023	sw	x7,0(x11)	 x11:0x00020000  x7:0x00000032 PA:0x00020000 store:0x00000032 load:0x00000000
           9274	      4633	001002b0	00f57513	andi	x10,x10,15	 x10:0x00000020 x10=0x00000000
           9276	      4634	001002b4	00900613	addi	x12,x0,9	  x0:0x00000000 x12=0x00000009
           9280	      4636	001002b8	f2a67ae3	bgeu	x12,x10,1001ec	 x12:0x00000009 x10:0x00000000
           9284	      4638	001001ec	03050893	addi	x17,x10,48	 x10:0x00000000 x17=0x00000030
           9286	      4639	001001f0	00020e37	lui	x28,0x20	 x28=0x00020000
           9290	      4641	001001f4	011e2023	sw	x17,0(x28)	 x28:0x00020000 x17:0x00000030 PA:0x00020000 store:0x00000030 load:0x00000000
           9294	      4643	001001f8	00008067	jalr	x0,0(x1)	  x1:0x001013a4  x0=0x00000000
           9296	      4644	001013a4	00101e37	lui	x28,0x101	 x28=0x00101000
           9300	      4646	001013a8	69ce2f03	lw	x30,1692(x28)	 x28:0x00101000 x30=0x4019999a PA:0x0010169c store:0x00101000
           9302	      4647	001013ac	00102eb7	lui	x29,0x102	 x29=0x00102000
           9304	      4648	001013b0	818e8513	addi	x10,x29,-2024	 x29:0x00102000 x10=0x00101818
           9308	      4650	001013b4	a1eba223	sw	x30,-1532(x23)	 x23:0x00102000 x30:0x4019999a PA:0x00101a04 store:0x4019999a load:0x4019999a
           9318	      4655	001013b8	a04bab83	lw	x23,-1532(x23)	 x23:0x00102000 x23=0x4019999a PA:0x00101a04 store:0x00000000
           9320	      4656	001013bc	e00b9fd3	fclass.s	x31,f23	 f23:0x4019999a x31=0x00000040
           9322	      4657	001013c0	9ffc2823	sw	x31,-1552(x24)	 x24:0x00102000 x31:0x00000040 PA:0x001019f0 store:0x00000040 load:0x4019999a
           9324	      4658	001013c4	cddfe0ef	jal	x1,1000a0	  x1=0x001013c8
           9328	      4660	001000a0	00054803	lbu	x16,0(x10)	 x10:0x00101818 x16=0x0000000a PA:0x00101818 store:0x00000000
           9330	      4661	001000a4	06080663	beq	x16,x0,100110	 x16:0x0000000a  x0:0x00000000
           9332	      4662	001000a8	000207b7	lui	x15,0x20	 x15=0x00020000
           9336	      4664	001000ac	0107a023	sw	x16,0(x15)	 x15:0x00020000 x16:0x0000000a PA:0x00020000 store:0x0000000a load:0x00000000
           9340	      4666	001000b0	00154703	lbu	x14,1(x10)	 x10:0x00101818 x14=0x00000020 PA:0x00101819 store:0x001013c8
           9342	      4667	001000b4	04070e63	beq	x14,x0,100110	 x14:0x00000020  x0:0x00000000
           9346	      4669	001000b8	00e7a023	sw	x14,0(x15)	 x15:0x00020000 x14:0x00000020 PA:0x00020000 store:0x00000020 load:0x00000000
           9350	      4671	001000bc	00254283	lbu	x5,2(x10)	 x10:0x00101818  x5=0x00000045 PA:0x0010181a store:0x00137fc0
           9352	      4672	001000c0	04028863	beq	x5,x0,100110	  x5:0x00000045  x0:0x00000000
           9356	      4674	001000c4	0057a023	sw	x5,0(x15)	 x15:0x00020000  x5:0x00000045 PA:0x00020000 store:0x00000045 load:0x00000000
           9360	      4676	001000c8	00354303	lbu	x6,3(x10)	 x10:0x00101818  x6=0x00000078 PA:0x0010181b store:0x00000000
           9362	      4677	001000cc	04030263	beq	x6,x0,100110	  x6:0x00000078  x0:0x00000000
           9366	      4679	001000d0	0067a023	sw	x6,0(x15)	 x15:0x00020000  x6:0x00000078 PA:0x00020000 store:0x00000078 load:0x00000000
           9370	      4681	001000d4	00454383	lbu	x7,4(x10)	 x10:0x00101818  x7=0x00000070 PA:0x0010181c store:0x00000000
           9372	      4682	001000d8	02038c63	beq	x7,x0,100110	  x7:0x00000070  x0:0x00000000
           9376	      4684	001000dc	0077a023	sw	x7,0(x15)	 x15:0x00020000  x7:0x00000070 PA:0x00020000 store:0x00000070 load:0x00000000
           9380	      4686	001000e0	00554583	lbu	x11,5(x10)	 x10:0x00101818 x11=0x00000065 PA:0x0010181d store:0x00000045
           9382	      4687	001000e4	02058663	beq	x11,x0,100110	 x11:0x00000065  x0:0x00000000
           9386	      4689	001000e8	00b7a023	sw	x11,0(x15)	 x15:0x00020000 x11:0x00000065 PA:0x00020000 store:0x00000065 load:0x00000000
           9390	      4691	001000ec	00654603	lbu	x12,6(x10)	 x10:0x00101818 x12=0x00000063 PA:0x0010181e store:0x00000078
           9392	      4692	001000f0	02060063	beq	x12,x0,100110	 x12:0x00000063  x0:0x00000000
           9396	      4694	001000f4	00c7a023	sw	x12,0(x15)	 x15:0x00020000 x12:0x00000063 PA:0x00020000 store:0x00000063 load:0x00000000
           9400	      4696	001000f8	00754683	lbu	x13,7(x10)	 x10:0x00101818 x13=0x00000074 PA:0x0010181f store:0x00000070
           9402	      4697	001000fc	00850513	addi	x10,x10,8	 x10:0x00101818 x10=0x00101820
           9404	      4698	00100100	00068863	beq	x13,x0,100110	 x13:0x00000074  x0:0x00000000
           9408	      4700	00100104	00d7a023	sw	x13,0(x15)	 x15:0x00020000 x13:0x00000074 PA:0x00020000 store:0x00000074 load:0x00000000
           9412	      4702	00100108	00054803	lbu	x16,0(x10)	 x10:0x00101820 x16=0x00000069 PA:0x00101820 store:0x00000000
           9416	      4704	0010010c	fa0810e3	bne	x16,x0,1000ac	 x16:0x00000069  x0:0x00000000
           9422	      4707	001000ac	0107a023	sw	x16,0(x15)	 x15:0x00020000 x16:0x00000069 PA:0x00020000 store:0x00000069 load:0x00000000
           9426	      4709	001000b0	00154703	lbu	x14,1(x10)	 x10:0x00101820 x14=0x0000006e PA:0x00101821 store:0x001013c8
           9428	      4710	001000b4	04070e63	beq	x14,x0,100110	 x14:0x0000006e  x0:0x00000000
           9432	      4712	001000b8	00e7a023	sw	x14,0(x15)	 x15:0x00020000 x14:0x0000006e PA:0x00020000 store:0x0000006e load:0x00000000
           9436	      4714	001000bc	00254283	lbu	x5,2(x10)	 x10:0x00101820  x5=0x00000067 PA:0x00101822 store:0x00137fc0
           9438	      4715	001000c0	04028863	beq	x5,x0,100110	  x5:0x00000067  x0:0x00000000
           9442	      4717	001000c4	0057a023	sw	x5,0(x15)	 x15:0x00020000  x5:0x00000067 PA:0x00020000 store:0x00000067 load:0x00000000
           9446	      4719	001000c8	00354303	lbu	x6,3(x10)	 x10:0x00101820  x6=0x00000020 PA:0x00101823 store:0x00000000
           9448	      4720	001000cc	04030263	beq	x6,x0,100110	  x6:0x00000020  x0:0x00000000
           9452	      4722	001000d0	0067a023	sw	x6,0(x15)	 x15:0x00020000  x6:0x00000020 PA:0x00020000 store:0x00000020 load:0x00000000
           9456	      4724	001000d4	00454383	lbu	x7,4(x10)	 x10:0x00101820  x7=0x00000030 PA:0x00101824 store:0x00000000
           9458	      4725	001000d8	02038c63	beq	x7,x0,100110	  x7:0x00000030  x0:0x00000000
           9462	      4727	001000dc	0077a023	sw	x7,0(x15)	 x15:0x00020000  x7:0x00000030 PA:0x00020000 store:0x00000030 load:0x00000000
           9466	      4729	001000e0	00554583	lbu	x11,5(x10)	 x10:0x00101820 x11=0x00000078 PA:0x00101825 store:0x00000067
           9468	      4730	001000e4	02058663	beq	x11,x0,100110	 x11:0x00000078  x0:0x00000000
           9472	      4732	001000e8	00b7a023	sw	x11,0(x15)	 x15:0x00020000 x11:0x00000078 PA:0x00020000 store:0x00000078 load:0x00000000
           9476	      4734	001000ec	00654603	lbu	x12,6(x10)	 x10:0x00101820 x12=0x00000034 PA:0x00101826 store:0x00000020
           9478	      4735	001000f0	02060063	beq	x12,x0,100110	 x12:0x00000034  x0:0x00000000
           9482	      4737	001000f4	00c7a023	sw	x12,0(x15)	 x15:0x00020000 x12:0x00000034 PA:0x00020000 store:0x00000034 load:0x00000000
           9486	      4739	001000f8	00754683	lbu	x13,7(x10)	 x10:0x00101820 x13=0x00000030 PA:0x00101827 store:0x00000030
           9488	      4740	001000fc	00850513	addi	x10,x10,8	 x10:0x00101820 x10=0x00101828
           9490	      4741	00100100	00068863	beq	x13,x0,100110	 x13:0x00000030  x0:0x00000000
           9494	      4743	00100104	00d7a023	sw	x13,0(x15)	 x15:0x00020000 x13:0x00000030 PA:0x00020000 store:0x00000030 load:0x00000000
           9498	      4745	00100108	00054803	lbu	x16,0(x10)	 x10:0x00101828 x16=0x0000003a PA:0x00101828 store:0x00000000
           9502	      4747	0010010c	fa0810e3	bne	x16,x0,1000ac	 x16:0x0000003a  x0:0x00000000
           9508	      4750	001000ac	0107a023	sw	x16,0(x15)	 x15:0x00020000 x16:0x0000003a PA:0x00020000 store:0x0000003a load:0x00000000
           9512	      4752	001000b0	00154703	lbu	x14,1(x10)	 x10:0x00101828 x14=0x00000020 PA:0x00101829 store:0x001013c8
           9514	      4753	001000b4	04070e63	beq	x14,x0,100110	 x14:0x00000020  x0:0x00000000
           9518	      4755	001000b8	00e7a023	sw	x14,0(x15)	 x15:0x00020000 x14:0x00000020 PA:0x00020000 store:0x00000020 load:0x00000000
           9522	      4757	001000bc	00254283	lbu	x5,2(x10)	 x10:0x00101828  x5=0x00000000 PA:0x0010182a store:0x00137fc0
           9526	      4759	001000c0	04028863	beq	x5,x0,100110	  x5:0x00000000  x0:0x00000000
           9530	      4761	00100110	00000513	addi	x10,x0,0	  x0:0x00000000 x10=0x00000000
           9534	      4763	00100114	00008067	jalr	x0,0(x1)	  x1:0x001013c8  x0=0x00000000
           9538	      4765	001013c8	9f0c2503	lw	x10,-1552(x24)	 x24:0x00102000 x10=0x00000040 PA:0x001019f0 store:0x0000003a
           9540	      4766	001013cc	00101bb7	lui	x23,0x101	 x23=0x00101000
           9544	      4768	001013d0	d51fe0ef	jal	x1,100120	  x1=0x001013d4
           9546	      4769	00100120	01c55793	srli	x15,x10,0x1c	 x10:0x00000040 x15=0x00000000
           9548	      4770	00100124	00900713	addi	x14,x0,9	  x0:0x00000000 x14=0x00000009
           9552	      4772	00100128	0cf77a63	bgeu	x14,x15,1001fc	 x14:0x00000009 x15:0x00000000
           9556	      4774	001001fc	03078393	addi	x7,x15,48	 x15:0x00000000  x7=0x00000030
           9558	      4775	00100200	000205b7	lui	x11,0x20	 x11=0x00020000
           9560	      4776	00100204	00451613	slli	x12,x10,0x4	 x10:0x00000040 x12=0x00000400
           9564	      4778	00100208	0075a023	sw	x7,0(x11)	 x11:0x00020000  x7:0x00000030 PA:0x00020000 store:0x00000030 load:0x00000000
           9566	      4779	0010020c	01c65693	srli	x13,x12,0x1c	 x12:0x00000400 x13=0x00000000
           9568	      4780	00100210	00900813	addi	x16,x0,9	  x0:0x00000000 x16=0x00000009
           9570	      4781	00100214	f2d86ae3	bltu	x16,x13,100148	 x16:0x00000009 x13:0x00000000
           9572	      4782	00100218	03068e93	addi	x29,x13,48	 x13:0x00000000 x29=0x00000030
           9574	      4783	0010021c	00020f37	lui	x30,0x20	 x30=0x00020000
           9576	      4784	00100220	00851f93	slli	x31,x10,0x8	 x10:0x00000040 x31=0x00004000
           9580	      4786	00100224	01df2023	sw	x29,0(x30)	 x30:0x00020000 x29:0x00000030 PA:0x00020000 store:0x00000030 load:0x00000000
           9582	      4787	00100228	01cfd793	srli	x15,x31,0x1c	 x31:0x00004000 x15=0x00000000
           9584	      4788	0010022c	00900713	addi	x14,x0,9	  x0:0x00000000 x14=0x00000009
           9586	      4789	00100230	f2f76ae3	bltu	x14,x15,100164	 x14:0x00000009 x15:0x00000000
           9588	      4790	00100234	03078393	addi	x7,x15,48	 x15:0x00000000  x7=0x00000030
           9590	      4791	00100238	000205b7	lui	x11,0x20	 x11=0x00020000
           9592	      4792	0010023c	00c51613	slli	x12,x10,0xc	 x10:0x00000040 x12=0x00040000
           9596	      4794	00100240	0075a023	sw	x7,0(x11)	 x11:0x00020000  x7:0x00000030 PA:0x00020000 store:0x00000030 load:0x00000000
           9598	      4795	00100244	01c65693	srli	x13,x12,0x1c	 x12:0x00040000 x13=0x00000000
           9600	      4796	00100248	00900813	addi	x16,x0,9	  x0:0x00000000 x16=0x00000009
           9602	      4797	0010024c	f2d86ae3	bltu	x16,x13,100180	 x16:0x00000009 x13:0x00000000
           9604	      4798	00100250	03068e93	addi	x29,x13,48	 x13:0x00000000 x29=0x00000030
           9606	      4799	00100254	00020f37	lui	x30,0x20	 x30=0x00020000
           9608	      4800	00100258	01051f93	slli	x31,x10,0x10	 x10:0x00000040 x31=0x00400000
           9612	      4802	0010025c	01df2023	sw	x29,0(x30)	 x30:0x00020000 x29:0x00000030 PA:0x00020000 store:0x00000030 load:0x00000000
           9614	      4803	00100260	01cfd793	srli	x15,x31,0x1c	 x31:0x00400000 x15=0x00000000
           9616	      4804	00100264	00900713	addi	x14,x0,9	  x0:0x00000000 x14=0x00000009
           9618	      4805	00100268	f2f76ae3	bltu	x14,x15,10019c	 x14:0x00000009 x15:0x00000000
           9620	      4806	0010026c	03078393	addi	x7,x15,48	 x15:0x00000000  x7=0x00000030
           9622	      4807	00100270	000205b7	lui	x11,0x20	 x11=0x00020000
           9624	      4808	00100274	01451613	slli	x12,x10,0x14	 x10:0x00000040 x12=0x04000000
           9628	      4810	00100278	0075a023	sw	x7,0(x11)	 x11:0x00020000  x7:0x00000030 PA:0x00020000 store:0x00000030 load:0x00000000
           9630	      4811	0010027c	01c65693	srli	x13,x12,0x1c	 x12:0x04000000 x13=0x00000000
           9632	      4812	00100280	00900813	addi	x16,x0,9	  x0:0x00000000 x16=0x00000009
           9634	      4813	00100284	f2d86ae3	bltu	x16,x13,1001b8	 x16:0x00000009 x13:0x00000000
           9636	      4814	00100288	03068e93	addi	x29,x13,48	 x13:0x00000000 x29=0x00000030
           9638	      4815	0010028c	00020f37	lui	x30,0x20	 x30=0x00020000
           9640	      4816	00100290	01851f93	slli	x31,x10,0x18	 x10:0x00000040 x31=0x40000000
           9644	      4818	00100294	01df2023	sw	x29,0(x30)	 x30:0x00020000 x29:0x00000030 PA:0x00020000 store:0x00000030 load:0x00000000
           9646	      4819	00100298	01cfd793	srli	x15,x31,0x1c	 x31:0x40000000 x15=0x00000004
           9648	      4820	0010029c	00900713	addi	x14,x0,9	  x0:0x00000000 x14=0x00000009
           9650	      4821	001002a0	f2f76ae3	bltu	x14,x15,1001d4	 x14:0x00000009 x15:0x00000004
           9652	      4822	001002a4	03078393	addi	x7,x15,48	 x15:0x00000004  x7=0x00000034
           9654	      4823	001002a8	000205b7	lui	x11,0x20	 x11=0x00020000
           9658	      4825	001002ac	0075a023	sw	x7,0(x11)	 x11:0x00020000  x7:0x00000034 PA:0x00020000 store:0x00000034 load:0x00000000
           9660	      4826	001002b0	00f57513	andi	x10,x10,15	 x10:0x00000040 x10=0x00000000
           9662	      4827	001002b4	00900613	addi	x12,x0,9	  x0:0x00000000 x12=0x00000009
           9666	      4829	001002b8	f2a67ae3	bgeu	x12,x10,1001ec	 x12:0x00000009 x10:0x00000000
           9670	      4831	001001ec	03050893	addi	x17,x10,48	 x10:0x00000000 x17=0x00000030
           9672	      4832	001001f0	00020e37	lui	x28,0x20	 x28=0x00020000
           9676	      4834	001001f4	011e2023	sw	x17,0(x28)	 x28:0x00020000 x17:0x00000030 PA:0x00020000 store:0x00000030 load:0x00000000
           9680	      4836	001001f8	00008067	jalr	x0,0(x1)	  x1:0x001013d4  x0=0x00000000
           9682	      4837	001013d4	7f800737	lui	x14,0x7f800	 x14=0x7f800000
           9684	      4838	001013d8	001026b7	lui	x13,0x102	 x13=0x00102000
           9688	      4840	001013dc	9eeda623	sw	x14,-1556(x27)	 x27:0x00102000 x14:0x7f800000 PA:0x001019ec store:0x7f800000 load:0x00000040
           9690	      4841	001013e0	82c68513	addi	x10,x13,-2004	 x13:0x00102000 x10=0x0010182c
           9700	      4846	001013e4	a00b2b03	lw	x22,-1536(x22)	 x22:0x00102000 x22=0x41433afb PA:0x00101a00 store:0x00000000
           9702	      4847	001013e8	e00b17d3	fclass.s	x15,f22	 f22:0x41433afb x15=0x00000040
           9704	      4848	001013ec	9efda623	sw	x15,-1556(x27)	 x27:0x00102000 x15:0x00000040 PA:0x001019ec store:0x00000040 load:0x41433afb
           9706	      4849	001013f0	cb1fe0ef	jal	x1,1000a0	  x1=0x001013f4
           9710	      4851	001000a0	00054803	lbu	x16,0(x10)	 x10:0x0010182c x16=0x0000000a PA:0x0010182c store:0x00000000
           9712	      4852	001000a4	06080663	beq	x16,x0,100110	 x16:0x0000000a  x0:0x00000000
           9714	      4853	001000a8	000207b7	lui	x15,0x20	 x15=0x00020000
           9718	      4855	001000ac	0107a023	sw	x16,0(x15)	 x15:0x00020000 x16:0x0000000a PA:0x00020000 store:0x0000000a load:0x00000000
           9722	      4857	001000b0	00154703	lbu	x14,1(x10)	 x10:0x0010182c x14=0x00000020 PA:0x0010182d store:0x001013f4
           9724	      4858	001000b4	04070e63	beq	x14,x0,100110	 x14:0x00000020  x0:0x00000000
           9728	      4860	001000b8	00e7a023	sw	x14,0(x15)	 x15:0x00020000 x14:0x00000020 PA:0x00020000 store:0x00000020 load:0x00000000
           9732	      4862	001000bc	00254283	lbu	x5,2(x10)	 x10:0x0010182c  x5=0x00000045 PA:0x0010182e store:0x00137fc0
           9734	      4863	001000c0	04028863	beq	x5,x0,100110	  x5:0x00000045  x0:0x00000000
           9738	      4865	001000c4	0057a023	sw	x5,0(x15)	 x15:0x00020000  x5:0x00000045 PA:0x00020000 store:0x00000045 load:0x00000000
           9742	      4867	001000c8	00354303	lbu	x6,3(x10)	 x10:0x0010182c  x6=0x00000078 PA:0x0010182f store:0x00000000
           9744	      4868	001000cc	04030263	beq	x6,x0,100110	  x6:0x00000078  x0:0x00000000
           9748	      4870	001000d0	0067a023	sw	x6,0(x15)	 x15:0x00020000  x6:0x00000078 PA:0x00020000 store:0x00000078 load:0x00000000
           9752	      4872	001000d4	00454383	lbu	x7,4(x10)	 x10:0x0010182c  x7=0x00000070 PA:0x00101830 store:0x00000000
           9754	      4873	001000d8	02038c63	beq	x7,x0,100110	  x7:0x00000070  x0:0x00000000
           9758	      4875	001000dc	0077a023	sw	x7,0(x15)	 x15:0x00020000  x7:0x00000070 PA:0x00020000 store:0x00000070 load:0x00000000
           9762	      4877	001000e0	00554583	lbu	x11,5(x10)	 x10:0x0010182c x11=0x00000065 PA:0x00101831 store:0x00000045
           9764	      4878	001000e4	02058663	beq	x11,x0,100110	 x11:0x00000065  x0:0x00000000
           9768	      4880	001000e8	00b7a023	sw	x11,0(x15)	 x15:0x00020000 x11:0x00000065 PA:0x00020000 store:0x00000065 load:0x00000000
           9772	      4882	001000ec	00654603	lbu	x12,6(x10)	 x10:0x0010182c x12=0x00000063 PA:0x00101832 store:0x00000078
           9774	      4883	001000f0	02060063	beq	x12,x0,100110	 x12:0x00000063  x0:0x00000000
           9778	      4885	001000f4	00c7a023	sw	x12,0(x15)	 x15:0x00020000 x12:0x00000063 PA:0x00020000 store:0x00000063 load:0x00000000
           9782	      4887	001000f8	00754683	lbu	x13,7(x10)	 x10:0x0010182c x13=0x00000074 PA:0x00101833 store:0x00000070
           9784	      4888	001000fc	00850513	addi	x10,x10,8	 x10:0x0010182c x10=0x00101834
           9786	      4889	00100100	00068863	beq	x13,x0,100110	 x13:0x00000074  x0:0x00000000
           9790	      4891	00100104	00d7a023	sw	x13,0(x15)	 x15:0x00020000 x13:0x00000074 PA:0x00020000 store:0x00000074 load:0x00000000
           9794	      4893	00100108	00054803	lbu	x16,0(x10)	 x10:0x00101834 x16=0x00000069 PA:0x00101834 store:0x00000000
           9798	      4895	0010010c	fa0810e3	bne	x16,x0,1000ac	 x16:0x00000069  x0:0x00000000
           9804	      4898	001000ac	0107a023	sw	x16,0(x15)	 x15:0x00020000 x16:0x00000069 PA:0x00020000 store:0x00000069 load:0x00000000
           9808	      4900	001000b0	00154703	lbu	x14,1(x10)	 x10:0x00101834 x14=0x0000006e PA:0x00101835 store:0x001013f4
           9810	      4901	001000b4	04070e63	beq	x14,x0,100110	 x14:0x0000006e  x0:0x00000000
           9814	      4903	001000b8	00e7a023	sw	x14,0(x15)	 x15:0x00020000 x14:0x0000006e PA:0x00020000 store:0x0000006e load:0x00000000
           9818	      4905	001000bc	00254283	lbu	x5,2(x10)	 x10:0x00101834  x5=0x00000067 PA:0x00101836 store:0x00137fc0
           9820	      4906	001000c0	04028863	beq	x5,x0,100110	  x5:0x00000067  x0:0x00000000
           9824	      4908	001000c4	0057a023	sw	x5,0(x15)	 x15:0x00020000  x5:0x00000067 PA:0x00020000 store:0x00000067 load:0x00000000
           9828	      4910	001000c8	00354303	lbu	x6,3(x10)	 x10:0x00101834  x6=0x00000020 PA:0x00101837 store:0x00000000
           9830	      4911	001000cc	04030263	beq	x6,x0,100110	  x6:0x00000020  x0:0x00000000
           9834	      4913	001000d0	0067a023	sw	x6,0(x15)	 x15:0x00020000  x6:0x00000020 PA:0x00020000 store:0x00000020 load:0x00000000
           9838	      4915	001000d4	00454383	lbu	x7,4(x10)	 x10:0x00101834  x7=0x00000030 PA:0x00101838 store:0x00000000
           9840	      4916	001000d8	02038c63	beq	x7,x0,100110	  x7:0x00000030  x0:0x00000000
           9844	      4918	001000dc	0077a023	sw	x7,0(x15)	 x15:0x00020000  x7:0x00000030 PA:0x00020000 store:0x00000030 load:0x00000000
           9848	      4920	001000e0	00554583	lbu	x11,5(x10)	 x10:0x00101834 x11=0x00000078 PA:0x00101839 store:0x00000067
           9850	      4921	001000e4	02058663	beq	x11,x0,100110	 x11:0x00000078  x0:0x00000000
           9854	      4923	001000e8	00b7a023	sw	x11,0(x15)	 x15:0x00020000 x11:0x00000078 PA:0x00020000 store:0x00000078 load:0x00000000
           9858	      4925	001000ec	00654603	lbu	x12,6(x10)	 x10:0x00101834 x12=0x00000038 PA:0x0010183a store:0x00000020
           9860	      4926	001000f0	02060063	beq	x12,x0,100110	 x12:0x00000038  x0:0x00000000
           9864	      4928	001000f4	00c7a023	sw	x12,0(x15)	 x15:0x00020000 x12:0x00000038 PA:0x00020000 store:0x00000038 load:0x00000000
           9868	      4930	001000f8	00754683	lbu	x13,7(x10)	 x10:0x00101834 x13=0x00000030 PA:0x0010183b store:0x00000030
           9870	      4931	001000fc	00850513	addi	x10,x10,8	 x10:0x00101834 x10=0x0010183c
           9872	      4932	00100100	00068863	beq	x13,x0,100110	 x13:0x00000030  x0:0x00000000
           9876	      4934	00100104	00d7a023	sw	x13,0(x15)	 x15:0x00020000 x13:0x00000030 PA:0x00020000 store:0x00000030 load:0x00000000
           9880	      4936	00100108	00054803	lbu	x16,0(x10)	 x10:0x0010183c x16=0x0000003a PA:0x0010183c store:0x00000000
           9884	      4938	0010010c	fa0810e3	bne	x16,x0,1000ac	 x16:0x0000003a  x0:0x00000000
           9890	      4941	001000ac	0107a023	sw	x16,0(x15)	 x15:0x00020000 x16:0x0000003a PA:0x00020000 store:0x0000003a load:0x00000000
           9894	      4943	001000b0	00154703	lbu	x14,1(x10)	 x10:0x0010183c x14=0x00000020 PA:0x0010183d store:0x001013f4
           9896	      4944	001000b4	04070e63	beq	x14,x0,100110	 x14:0x00000020  x0:0x00000000
           9900	      4946	001000b8	00e7a023	sw	x14,0(x15)	 x15:0x00020000 x14:0x00000020 PA:0x00020000 store:0x00000020 load:0x00000000
           9904	      4948	001000bc	00254283	lbu	x5,2(x10)	 x10:0x0010183c  x5=0x00000000 PA:0x0010183e store:0x00137fc0
           9908	      4950	001000c0	04028863	beq	x5,x0,100110	  x5:0x00000000  x0:0x00000000
           9912	      4952	00100110	00000513	addi	x10,x0,0	  x0:0x00000000 x10=0x00000000
           9916	      4954	00100114	00008067	jalr	x0,0(x1)	  x1:0x001013f4  x0=0x00000000
           9920	      4956	001013f4	9ecda503	lw	x10,-1556(x27)	 x27:0x00102000 x10=0x00000040 PA:0x001019ec store:0x00000038
           9922	      4957	001013f8	7fa00db7	lui	x27,0x7fa00	 x27=0x7fa00000
           9926	      4959	001013fc	d25fe0ef	jal	x1,100120	  x1=0x00101400
           9928	      4960	00100120	01c55793	srli	x15,x10,0x1c	 x10:0x00000040 x15=0x00000000
           9930	      4961	00100124	00900713	addi	x14,x0,9	  x0:0x00000000 x14=0x00000009
           9934	      4963	00100128	0cf77a63	bgeu	x14,x15,1001fc	 x14:0x00000009 x15:0x00000000
           9938	      4965	001001fc	03078393	addi	x7,x15,48	 x15:0x00000000  x7=0x00000030
           9940	      4966	00100200	000205b7	lui	x11,0x20	 x11=0x00020000
           9942	      4967	00100204	00451613	slli	x12,x10,0x4	 x10:0x00000040 x12=0x00000400
           9946	      4969	00100208	0075a023	sw	x7,0(x11)	 x11:0x00020000  x7:0x00000030 PA:0x00020000 store:0x00000030 load:0x00000000
           9948	      4970	0010020c	01c65693	srli	x13,x12,0x1c	 x12:0x00000400 x13=0x00000000
           9950	      4971	00100210	00900813	addi	x16,x0,9	  x0:0x00000000 x16=0x00000009
           9952	      4972	00100214	f2d86ae3	bltu	x16,x13,100148	 x16:0x00000009 x13:0x00000000
           9954	      4973	00100218	03068e93	addi	x29,x13,48	 x13:0x00000000 x29=0x00000030
           9956	      4974	0010021c	00020f37	lui	x30,0x20	 x30=0x00020000
           9958	      4975	00100220	00851f93	slli	x31,x10,0x8	 x10:0x00000040 x31=0x00004000
           9962	      4977	00100224	01df2023	sw	x29,0(x30)	 x30:0x00020000 x29:0x00000030 PA:0x00020000 store:0x00000030 load:0x00000000
           9964	      4978	00100228	01cfd793	srli	x15,x31,0x1c	 x31:0x00004000 x15=0x00000000
           9966	      4979	0010022c	00900713	addi	x14,x0,9	  x0:0x00000000 x14=0x00000009
           9968	      4980	00100230	f2f76ae3	bltu	x14,x15,100164	 x14:0x00000009 x15:0x00000000
           9970	      4981	00100234	03078393	addi	x7,x15,48	 x15:0x00000000  x7=0x00000030
           9972	      4982	00100238	000205b7	lui	x11,0x20	 x11=0x00020000
           9974	      4983	0010023c	00c51613	slli	x12,x10,0xc	 x10:0x00000040 x12=0x00040000
           9978	      4985	00100240	0075a023	sw	x7,0(x11)	 x11:0x00020000  x7:0x00000030 PA:0x00020000 store:0x00000030 load:0x00000000
           9980	      4986	00100244	01c65693	srli	x13,x12,0x1c	 x12:0x00040000 x13=0x00000000
           9982	      4987	00100248	00900813	addi	x16,x0,9	  x0:0x00000000 x16=0x00000009
           9984	      4988	0010024c	f2d86ae3	bltu	x16,x13,100180	 x16:0x00000009 x13:0x00000000
           9986	      4989	00100250	03068e93	addi	x29,x13,48	 x13:0x00000000 x29=0x00000030
           9988	      4990	00100254	00020f37	lui	x30,0x20	 x30=0x00020000
           9990	      4991	00100258	01051f93	slli	x31,x10,0x10	 x10:0x00000040 x31=0x00400000
           9994	      4993	0010025c	01df2023	sw	x29,0(x30)	 x30:0x00020000 x29:0x00000030 PA:0x00020000 store:0x00000030 load:0x00000000
           9996	      4994	00100260	01cfd793	srli	x15,x31,0x1c	 x31:0x00400000 x15=0x00000000
           9998	      4995	00100264	00900713	addi	x14,x0,9	  x0:0x00000000 x14=0x00000009
          10000	      4996	00100268	f2f76ae3	bltu	x14,x15,10019c	 x14:0x00000009 x15:0x00000000
          10002	      4997	0010026c	03078393	addi	x7,x15,48	 x15:0x00000000  x7=0x00000030
          10004	      4998	00100270	000205b7	lui	x11,0x20	 x11=0x00020000
          10006	      4999	00100274	01451613	slli	x12,x10,0x14	 x10:0x00000040 x12=0x04000000
          10010	      5001	00100278	0075a023	sw	x7,0(x11)	 x11:0x00020000  x7:0x00000030 PA:0x00020000 store:0x00000030 load:0x00000000
          10012	      5002	0010027c	01c65693	srli	x13,x12,0x1c	 x12:0x04000000 x13=0x00000000
          10014	      5003	00100280	00900813	addi	x16,x0,9	  x0:0x00000000 x16=0x00000009
          10016	      5004	00100284	f2d86ae3	bltu	x16,x13,1001b8	 x16:0x00000009 x13:0x00000000
          10018	      5005	00100288	03068e93	addi	x29,x13,48	 x13:0x00000000 x29=0x00000030
          10020	      5006	0010028c	00020f37	lui	x30,0x20	 x30=0x00020000
          10022	      5007	00100290	01851f93	slli	x31,x10,0x18	 x10:0x00000040 x31=0x40000000
          10026	      5009	00100294	01df2023	sw	x29,0(x30)	 x30:0x00020000 x29:0x00000030 PA:0x00020000 store:0x00000030 load:0x00000000
          10028	      5010	00100298	01cfd793	srli	x15,x31,0x1c	 x31:0x40000000 x15=0x00000004
          10030	      5011	0010029c	00900713	addi	x14,x0,9	  x0:0x00000000 x14=0x00000009
          10032	      5012	001002a0	f2f76ae3	bltu	x14,x15,1001d4	 x14:0x00000009 x15:0x00000004
          10034	      5013	001002a4	03078393	addi	x7,x15,48	 x15:0x00000004  x7=0x00000034
          10036	      5014	001002a8	000205b7	lui	x11,0x20	 x11=0x00020000
          10040	      5016	001002ac	0075a023	sw	x7,0(x11)	 x11:0x00020000  x7:0x00000034 PA:0x00020000 store:0x00000034 load:0x00000000
          10042	      5017	001002b0	00f57513	andi	x10,x10,15	 x10:0x00000040 x10=0x00000000
          10044	      5018	001002b4	00900613	addi	x12,x0,9	  x0:0x00000000 x12=0x00000009
          10048	      5020	001002b8	f2a67ae3	bgeu	x12,x10,1001ec	 x12:0x00000009 x10:0x00000000
          10052	      5022	001001ec	03050893	addi	x17,x10,48	 x10:0x00000000 x17=0x00000030
          10054	      5023	001001f0	00020e37	lui	x28,0x20	 x28=0x00020000
          10058	      5025	001001f4	011e2023	sw	x17,0(x28)	 x28:0x00020000 x17:0x00000030 PA:0x00020000 store:0x00000030 load:0x00000000
          10062	      5027	001001f8	00008067	jalr	x0,0(x1)	  x1:0x00101400  x0=0x00000000
          10064	      5028	00101400	00102337	lui	x6,0x102	  x6=0x00102000
          10066	      5029	00101404	84030513	addi	x10,x6,-1984	  x6:0x00102000 x10=0x00101840
          10070	      5031	00101408	9fbd2423	sw	x27,-1560(x26)	 x26:0x00102000 x27:0x7fa00000 PA:0x001019e8 store:0x7fa00000 load:0x00000040
          10080	      5036	0010140c	9f8aa903	lw	x18,-1544(x21)	 x21:0x00102000 x18=0xc21d2fd5 PA:0x001019f8 store:0x00102000
          10082	      5037	00101410	e00913d3	fclass.s	x7,f18	 f18:0xc21d2fd5  x7=0x00000002
          10084	      5038	00101414	9e7d2423	sw	x7,-1560(x26)	 x26:0x00102000  x7:0x00000002 PA:0x001019e8 store:0x00000002 load:0xc21d2fd5
          10086	      5039	00101418	c89fe0ef	jal	x1,1000a0	  x1=0x0010141c
          10090	      5041	001000a0	00054803	lbu	x16,0(x10)	 x10:0x00101840 x16=0x0000000a PA:0x00101840 store:0x00000000
          10092	      5042	001000a4	06080663	beq	x16,x0,100110	 x16:0x0000000a  x0:0x00000000
          10094	      5043	001000a8	000207b7	lui	x15,0x20	 x15=0x00020000
          10098	      5045	001000ac	0107a023	sw	x16,0(x15)	 x15:0x00020000 x16:0x0000000a PA:0x00020000 store:0x0000000a load:0x00000000
          10102	      5047	001000b0	00154703	lbu	x14,1(x10)	 x10:0x00101840 x14=0x00000020 PA:0x00101841 store:0x0010141c
          10104	      5048	001000b4	04070e63	beq	x14,x0,100110	 x14:0x00000020  x0:0x00000000
          10108	      5050	001000b8	00e7a023	sw	x14,0(x15)	 x15:0x00020000 x14:0x00000020 PA:0x00020000 store:0x00000020 load:0x00000000
          10112	      5052	001000bc	00254283	lbu	x5,2(x10)	 x10:0x00101840  x5=0x00000045 PA:0x00101842 store:0x00137fc0
          10114	      5053	001000c0	04028863	beq	x5,x0,100110	  x5:0x00000045  x0:0x00000000
          10118	      5055	001000c4	0057a023	sw	x5,0(x15)	 x15:0x00020000  x5:0x00000045 PA:0x00020000 store:0x00000045 load:0x00000000
          10122	      5057	001000c8	00354303	lbu	x6,3(x10)	 x10:0x00101840  x6=0x00000078 PA:0x00101843 store:0x00000000
          10124	      5058	001000cc	04030263	beq	x6,x0,100110	  x6:0x00000078  x0:0x00000000
          10128	      5060	001000d0	0067a023	sw	x6,0(x15)	 x15:0x00020000  x6:0x00000078 PA:0x00020000 store:0x00000078 load:0x00000000
          10132	      5062	001000d4	00454383	lbu	x7,4(x10)	 x10:0x00101840  x7=0x00000070 PA:0x00101844 store:0x00000000
          10134	      5063	001000d8	02038c63	beq	x7,x0,100110	  x7:0x00000070  x0:0x00000000
          10138	      5065	001000dc	0077a023	sw	x7,0(x15)	 x15:0x00020000  x7:0x00000070 PA:0x00020000 store:0x00000070 load:0x00000000
          10142	      5067	001000e0	00554583	lbu	x11,5(x10)	 x10:0x00101840 x11=0x00000065 PA:0x00101845 store:0x00000045
          10144	      5068	001000e4	02058663	beq	x11,x0,100110	 x11:0x00000065  x0:0x00000000
          10148	      5070	001000e8	00b7a023	sw	x11,0(x15)	 x15:0x00020000 x11:0x00000065 PA:0x00020000 store:0x00000065 load:0x00000000
          10152	      5072	001000ec	00654603	lbu	x12,6(x10)	 x10:0x00101840 x12=0x00000063 PA:0x00101846 store:0x00000078
          10154	      5073	001000f0	02060063	beq	x12,x0,100110	 x12:0x00000063  x0:0x00000000
          10158	      5075	001000f4	00c7a023	sw	x12,0(x15)	 x15:0x00020000 x12:0x00000063 PA:0x00020000 store:0x00000063 load:0x00000000
          10162	      5077	001000f8	00754683	lbu	x13,7(x10)	 x10:0x00101840 x13=0x00000074 PA:0x00101847 store:0x00000070
          10164	      5078	001000fc	00850513	addi	x10,x10,8	 x10:0x00101840 x10=0x00101848
          10166	      5079	00100100	00068863	beq	x13,x0,100110	 x13:0x00000074  x0:0x00000000
          10170	      5081	00100104	00d7a023	sw	x13,0(x15)	 x15:0x00020000 x13:0x00000074 PA:0x00020000 store:0x00000074 load:0x00000000
          10174	      5083	00100108	00054803	lbu	x16,0(x10)	 x10:0x00101848 x16=0x00000069 PA:0x00101848 store:0x00000000
          10178	      5085	0010010c	fa0810e3	bne	x16,x0,1000ac	 x16:0x00000069  x0:0x00000000
          10184	      5088	001000ac	0107a023	sw	x16,0(x15)	 x15:0x00020000 x16:0x00000069 PA:0x00020000 store:0x00000069 load:0x00000000
          10188	      5090	001000b0	00154703	lbu	x14,1(x10)	 x10:0x00101848 x14=0x0000006e PA:0x00101849 store:0x0010141c
          10190	      5091	001000b4	04070e63	beq	x14,x0,100110	 x14:0x0000006e  x0:0x00000000
          10194	      5093	001000b8	00e7a023	sw	x14,0(x15)	 x15:0x00020000 x14:0x0000006e PA:0x00020000 store:0x0000006e load:0x00000000
          10198	      5095	001000bc	00254283	lbu	x5,2(x10)	 x10:0x00101848  x5=0x00000067 PA:0x0010184a store:0x00137fc0
          10200	      5096	001000c0	04028863	beq	x5,x0,100110	  x5:0x00000067  x0:0x00000000
          10204	      5098	001000c4	0057a023	sw	x5,0(x15)	 x15:0x00020000  x5:0x00000067 PA:0x00020000 store:0x00000067 load:0x00000000
          10208	      5100	001000c8	00354303	lbu	x6,3(x10)	 x10:0x00101848  x6=0x00000020 PA:0x0010184b store:0x00000000
          10210	      5101	001000cc	04030263	beq	x6,x0,100110	  x6:0x00000020  x0:0x00000000
          10214	      5103	001000d0	0067a023	sw	x6,0(x15)	 x15:0x00020000  x6:0x00000020 PA:0x00020000 store:0x00000020 load:0x00000000
          10218	      5105	001000d4	00454383	lbu	x7,4(x10)	 x10:0x00101848  x7=0x00000030 PA:0x0010184c store:0x00000000
          10220	      5106	001000d8	02038c63	beq	x7,x0,100110	  x7:0x00000030  x0:0x00000000
          10224	      5108	001000dc	0077a023	sw	x7,0(x15)	 x15:0x00020000  x7:0x00000030 PA:0x00020000 store:0x00000030 load:0x00000000
          10228	      5110	001000e0	00554583	lbu	x11,5(x10)	 x10:0x00101848 x11=0x00000078 PA:0x0010184d store:0x00000067
          10230	      5111	001000e4	02058663	beq	x11,x0,100110	 x11:0x00000078  x0:0x00000000
          10234	      5113	001000e8	00b7a023	sw	x11,0(x15)	 x15:0x00020000 x11:0x00000078 PA:0x00020000 store:0x00000078 load:0x00000000
          10238	      5115	001000ec	00654603	lbu	x12,6(x10)	 x10:0x00101848 x12=0x00000031 PA:0x0010184e store:0x00000020
          10240	      5116	001000f0	02060063	beq	x12,x0,100110	 x12:0x00000031  x0:0x00000000
          10244	      5118	001000f4	00c7a023	sw	x12,0(x15)	 x15:0x00020000 x12:0x00000031 PA:0x00020000 store:0x00000031 load:0x00000000
          10248	      5120	001000f8	00754683	lbu	x13,7(x10)	 x10:0x00101848 x13=0x00000030 PA:0x0010184f store:0x00000030
          10250	      5121	001000fc	00850513	addi	x10,x10,8	 x10:0x00101848 x10=0x00101850
          10252	      5122	00100100	00068863	beq	x13,x0,100110	 x13:0x00000030  x0:0x00000000
          10256	      5124	00100104	00d7a023	sw	x13,0(x15)	 x15:0x00020000 x13:0x00000030 PA:0x00020000 store:0x00000030 load:0x00000000
          10260	      5126	00100108	00054803	lbu	x16,0(x10)	 x10:0x00101850 x16=0x00000030 PA:0x00101850 store:0x00000000
          10264	      5128	0010010c	fa0810e3	bne	x16,x0,1000ac	 x16:0x00000030  x0:0x00000000
          10270	      5131	001000ac	0107a023	sw	x16,0(x15)	 x15:0x00020000 x16:0x00000030 PA:0x00020000 store:0x00000030 load:0x00000000
          10274	      5133	001000b0	00154703	lbu	x14,1(x10)	 x10:0x00101850 x14=0x0000003a PA:0x00101851 store:0x0010141c
          10276	      5134	001000b4	04070e63	beq	x14,x0,100110	 x14:0x0000003a  x0:0x00000000
          10280	      5136	001000b8	00e7a023	sw	x14,0(x15)	 x15:0x00020000 x14:0x0000003a PA:0x00020000 store:0x0000003a load:0x00000000
          10284	      5138	001000bc	00254283	lbu	x5,2(x10)	 x10:0x00101850  x5=0x00000020 PA:0x00101852 store:0x00137fc0
          10286	      5139	001000c0	04028863	beq	x5,x0,100110	  x5:0x00000020  x0:0x00000000
          10290	      5141	001000c4	0057a023	sw	x5,0(x15)	 x15:0x00020000  x5:0x00000020 PA:0x00020000 store:0x00000020 load:0x00000000
          10294	      5143	001000c8	00354303	lbu	x6,3(x10)	 x10:0x00101850  x6=0x00000000 PA:0x00101853 store:0x00000000
          10298	      5145	001000cc	04030263	beq	x6,x0,100110	  x6:0x00000000  x0:0x00000000
          10302	      5147	00100110	00000513	addi	x10,x0,0	  x0:0x00000000 x10=0x00000000
          10306	      5149	00100114	00008067	jalr	x0,0(x1)	  x1:0x0010141c  x0=0x00000000
          10310	      5151	0010141c	9e8d2503	lw	x10,-1560(x26)	 x26:0x00102000 x10=0x00000002 PA:0x001019e8 store:0x00000047
          10312	      5152	00101420	7fc00d37	lui	x26,0x7fc00	 x26=0x7fc00000
          10316	      5154	00101424	cfdfe0ef	jal	x1,100120	  x1=0x00101428
          10318	      5155	00100120	01c55793	srli	x15,x10,0x1c	 x10:0x00000002 x15=0x00000000
          10320	      5156	00100124	00900713	addi	x14,x0,9	  x0:0x00000000 x14=0x00000009
          10324	      5158	00100128	0cf77a63	bgeu	x14,x15,1001fc	 x14:0x00000009 x15:0x00000000
          10328	      5160	001001fc	03078393	addi	x7,x15,48	 x15:0x00000000  x7=0x00000030
          10330	      5161	00100200	000205b7	lui	x11,0x20	 x11=0x00020000
          10332	      5162	00100204	00451613	slli	x12,x10,0x4	 x10:0x00000002 x12=0x00000020
          10336	      5164	00100208	0075a023	sw	x7,0(x11)	 x11:0x00020000  x7:0x00000030 PA:0x00020000 store:0x00000030 load:0x00000000
          10338	      5165	0010020c	01c65693	srli	x13,x12,0x1c	 x12:0x00000020 x13=0x00000000
          10340	      5166	00100210	00900813	addi	x16,x0,9	  x0:0x00000000 x16=0x00000009
          10342	      5167	00100214	f2d86ae3	bltu	x16,x13,100148	 x16:0x00000009 x13:0x00000000
          10344	      5168	00100218	03068e93	addi	x29,x13,48	 x13:0x00000000 x29=0x00000030
          10346	      5169	0010021c	00020f37	lui	x30,0x20	 x30=0x00020000
          10348	      5170	00100220	00851f93	slli	x31,x10,0x8	 x10:0x00000002 x31=0x00000200
          10352	      5172	00100224	01df2023	sw	x29,0(x30)	 x30:0x00020000 x29:0x00000030 PA:0x00020000 store:0x00000030 load:0x00000000
          10354	      5173	00100228	01cfd793	srli	x15,x31,0x1c	 x31:0x00000200 x15=0x00000000
          10356	      5174	0010022c	00900713	addi	x14,x0,9	  x0:0x00000000 x14=0x00000009
          10358	      5175	00100230	f2f76ae3	bltu	x14,x15,100164	 x14:0x00000009 x15:0x00000000
          10360	      5176	00100234	03078393	addi	x7,x15,48	 x15:0x00000000  x7=0x00000030
          10362	      5177	00100238	000205b7	lui	x11,0x20	 x11=0x00020000
          10364	      5178	0010023c	00c51613	slli	x12,x10,0xc	 x10:0x00000002 x12=0x00002000
          10368	      5180	00100240	0075a023	sw	x7,0(x11)	 x11:0x00020000  x7:0x00000030 PA:0x00020000 store:0x00000030 load:0x00000000
          10370	      5181	00100244	01c65693	srli	x13,x12,0x1c	 x12:0x00002000 x13=0x00000000
          10372	      5182	00100248	00900813	addi	x16,x0,9	  x0:0x00000000 x16=0x00000009
          10374	      5183	0010024c	f2d86ae3	bltu	x16,x13,100180	 x16:0x00000009 x13:0x00000000
          10376	      5184	00100250	03068e93	addi	x29,x13,48	 x13:0x00000000 x29=0x00000030
          10378	      5185	00100254	00020f37	lui	x30,0x20	 x30=0x00020000
          10380	      5186	00100258	01051f93	slli	x31,x10,0x10	 x10:0x00000002 x31=0x00020000
          10384	      5188	0010025c	01df2023	sw	x29,0(x30)	 x30:0x00020000 x29:0x00000030 PA:0x00020000 store:0x00000030 load:0x00000000
          10386	      5189	00100260	01cfd793	srli	x15,x31,0x1c	 x31:0x00020000 x15=0x00000000
          10388	      5190	00100264	00900713	addi	x14,x0,9	  x0:0x00000000 x14=0x00000009
          10390	      5191	00100268	f2f76ae3	bltu	x14,x15,10019c	 x14:0x00000009 x15:0x00000000
          10392	      5192	0010026c	03078393	addi	x7,x15,48	 x15:0x00000000  x7=0x00000030
          10394	      5193	00100270	000205b7	lui	x11,0x20	 x11=0x00020000
          10396	      5194	00100274	01451613	slli	x12,x10,0x14	 x10:0x00000002 x12=0x00200000
          10400	      5196	00100278	0075a023	sw	x7,0(x11)	 x11:0x00020000  x7:0x00000030 PA:0x00020000 store:0x00000030 load:0x00000000
          10402	      5197	0010027c	01c65693	srli	x13,x12,0x1c	 x12:0x00200000 x13=0x00000000
          10404	      5198	00100280	00900813	addi	x16,x0,9	  x0:0x00000000 x16=0x00000009
          10406	      5199	00100284	f2d86ae3	bltu	x16,x13,1001b8	 x16:0x00000009 x13:0x00000000
          10408	      5200	00100288	03068e93	addi	x29,x13,48	 x13:0x00000000 x29=0x00000030
          10410	      5201	0010028c	00020f37	lui	x30,0x20	 x30=0x00020000
          10412	      5202	00100290	01851f93	slli	x31,x10,0x18	 x10:0x00000002 x31=0x02000000
          10416	      5204	00100294	01df2023	sw	x29,0(x30)	 x30:0x00020000 x29:0x00000030 PA:0x00020000 store:0x00000030 load:0x00000000
          10418	      5205	00100298	01cfd793	srli	x15,x31,0x1c	 x31:0x02000000 x15=0x00000000
          10420	      5206	0010029c	00900713	addi	x14,x0,9	  x0:0x00000000 x14=0x00000009
          10422	      5207	001002a0	f2f76ae3	bltu	x14,x15,1001d4	 x14:0x00000009 x15:0x00000000
          10424	      5208	001002a4	03078393	addi	x7,x15,48	 x15:0x00000000  x7=0x00000030
          10426	      5209	001002a8	000205b7	lui	x11,0x20	 x11=0x00020000
          10430	      5211	001002ac	0075a023	sw	x7,0(x11)	 x11:0x00020000  x7:0x00000030 PA:0x00020000 store:0x00000030 load:0x00000000
          10432	      5212	001002b0	00f57513	andi	x10,x10,15	 x10:0x00000002 x10=0x00000002
          10434	      5213	001002b4	00900613	addi	x12,x0,9	  x0:0x00000000 x12=0x00000009
          10438	      5215	001002b8	f2a67ae3	bgeu	x12,x10,1001ec	 x12:0x00000009 x10:0x00000002
          10442	      5217	001001ec	03050893	addi	x17,x10,48	 x10:0x00000002 x17=0x00000032
          10444	      5218	001001f0	00020e37	lui	x28,0x20	 x28=0x00020000
          10448	      5220	001001f4	011e2023	sw	x17,0(x28)	 x28:0x00020000 x17:0x00000032 PA:0x00020000 store:0x00000032 load:0x00000000
          10452	      5222	001001f8	00008067	jalr	x0,0(x1)	  x1:0x00101428  x0=0x00000000
          10454	      5223	00101428	001025b7	lui	x11,0x102	 x11=0x00102000
          10458	      5225	0010142c	9fac2823	sw	x26,-1552(x24)	 x24:0x00102000 x26:0x7fc00000 PA:0x001019f0 store:0x7fc00000 load:0x00000002
          10462	      5227	00101430	9f45a603	lw	x12,-1548(x11)	 x11:0x00102000 x12=0x00000000 PA:0x001019f4 store:0x00102000
          10464	      5228	00101434	00102537	lui	x10,0x102	 x10=0x00102000
          10472	      5232	00101438	85450513	addi	x10,x10,-1964	 x10:0x00102000 x10=0x00101854
          10474	      5233	0010143c	e00618d3	fclass.s	x17,f12	 f12:0x00000000 x17=0x00000010
          10476	      5234	00101440	9f1c2823	sw	x17,-1552(x24)	 x24:0x00102000 x17:0x00000010 PA:0x001019f0 store:0x00000010 load:0x00000000
          10478	      5235	00101444	c5dfe0ef	jal	x1,1000a0	  x1=0x00101448
          10482	      5237	001000a0	00054803	lbu	x16,0(x10)	 x10:0x00101854 x16=0x0000000a PA:0x00101854 store:0x00000000
          10484	      5238	001000a4	06080663	beq	x16,x0,100110	 x16:0x0000000a  x0:0x00000000
          10486	      5239	001000a8	000207b7	lui	x15,0x20	 x15=0x00020000
          10490	      5241	001000ac	0107a023	sw	x16,0(x15)	 x15:0x00020000 x16:0x0000000a PA:0x00020000 store:0x0000000a load:0x00000000
          10494	      5243	001000b0	00154703	lbu	x14,1(x10)	 x10:0x00101854 x14=0x00000020 PA:0x00101855 store:0x00101448
          10496	      5244	001000b4	04070e63	beq	x14,x0,100110	 x14:0x00000020  x0:0x00000000
          10500	      5246	001000b8	00e7a023	sw	x14,0(x15)	 x15:0x00020000 x14:0x00000020 PA:0x00020000 store:0x00000020 load:0x00000000
          10504	      5248	001000bc	00254283	lbu	x5,2(x10)	 x10:0x00101854  x5=0x00000045 PA:0x00101856 store:0x00137fc0
          10506	      5249	001000c0	04028863	beq	x5,x0,100110	  x5:0x00000045  x0:0x00000000
          10510	      5251	001000c4	0057a023	sw	x5,0(x15)	 x15:0x00020000  x5:0x00000045 PA:0x00020000 store:0x00000045 load:0x00000000
          10514	      5253	001000c8	00354303	lbu	x6,3(x10)	 x10:0x00101854  x6=0x00000078 PA:0x00101857 store:0x00000000
          10516	      5254	001000cc	04030263	beq	x6,x0,100110	  x6:0x00000078  x0:0x00000000
          10520	      5256	001000d0	0067a023	sw	x6,0(x15)	 x15:0x00020000  x6:0x00000078 PA:0x00020000 store:0x00000078 load:0x00000000
          10524	      5258	001000d4	00454383	lbu	x7,4(x10)	 x10:0x00101854  x7=0x00000070 PA:0x00101858 store:0x00000000
          10526	      5259	001000d8	02038c63	beq	x7,x0,100110	  x7:0x00000070  x0:0x00000000
          10530	      5261	001000dc	0077a023	sw	x7,0(x15)	 x15:0x00020000  x7:0x00000070 PA:0x00020000 store:0x00000070 load:0x00000000
          10534	      5263	001000e0	00554583	lbu	x11,5(x10)	 x10:0x00101854 x11=0x00000065 PA:0x00101859 store:0x00000045
          10536	      5264	001000e4	02058663	beq	x11,x0,100110	 x11:0x00000065  x0:0x00000000
          10540	      5266	001000e8	00b7a023	sw	x11,0(x15)	 x15:0x00020000 x11:0x00000065 PA:0x00020000 store:0x00000065 load:0x00000000
          10544	      5268	001000ec	00654603	lbu	x12,6(x10)	 x10:0x00101854 x12=0x00000063 PA:0x0010185a store:0x00000078
          10546	      5269	001000f0	02060063	beq	x12,x0,100110	 x12:0x00000063  x0:0x00000000
          10550	      5271	001000f4	00c7a023	sw	x12,0(x15)	 x15:0x00020000 x12:0x00000063 PA:0x00020000 store:0x00000063 load:0x00000000
          10554	      5273	001000f8	00754683	lbu	x13,7(x10)	 x10:0x00101854 x13=0x00000074 PA:0x0010185b store:0x00000070
          10556	      5274	001000fc	00850513	addi	x10,x10,8	 x10:0x00101854 x10=0x0010185c
          10558	      5275	00100100	00068863	beq	x13,x0,100110	 x13:0x00000074  x0:0x00000000
          10562	      5277	00100104	00d7a023	sw	x13,0(x15)	 x15:0x00020000 x13:0x00000074 PA:0x00020000 store:0x00000074 load:0x00000000
          10566	      5279	00100108	00054803	lbu	x16,0(x10)	 x10:0x0010185c x16=0x00000069 PA:0x0010185c store:0x00000000
          10570	      5281	0010010c	fa0810e3	bne	x16,x0,1000ac	 x16:0x00000069  x0:0x00000000
          10576	      5284	001000ac	0107a023	sw	x16,0(x15)	 x15:0x00020000 x16:0x00000069 PA:0x00020000 store:0x00000069 load:0x00000000
          10580	      5286	001000b0	00154703	lbu	x14,1(x10)	 x10:0x0010185c x14=0x0000006e PA:0x0010185d store:0x00101448
          10582	      5287	001000b4	04070e63	beq	x14,x0,100110	 x14:0x0000006e  x0:0x00000000
          10586	      5289	001000b8	00e7a023	sw	x14,0(x15)	 x15:0x00020000 x14:0x0000006e PA:0x00020000 store:0x0000006e load:0x00000000
          10590	      5291	001000bc	00254283	lbu	x5,2(x10)	 x10:0x0010185c  x5=0x00000067 PA:0x0010185e store:0x00137fc0
          10592	      5292	001000c0	04028863	beq	x5,x0,100110	  x5:0x00000067  x0:0x00000000
          10596	      5294	001000c4	0057a023	sw	x5,0(x15)	 x15:0x00020000  x5:0x00000067 PA:0x00020000 store:0x00000067 load:0x00000000
          10600	      5296	001000c8	00354303	lbu	x6,3(x10)	 x10:0x0010185c  x6=0x00000020 PA:0x0010185f store:0x00000000
          10602	      5297	001000cc	04030263	beq	x6,x0,100110	  x6:0x00000020  x0:0x00000000
          10606	      5299	001000d0	0067a023	sw	x6,0(x15)	 x15:0x00020000  x6:0x00000020 PA:0x00020000 store:0x00000020 load:0x00000000
          10610	      5301	001000d4	00454383	lbu	x7,4(x10)	 x10:0x0010185c  x7=0x00000030 PA:0x00101860 store:0x00000000
          10612	      5302	001000d8	02038c63	beq	x7,x0,100110	  x7:0x00000030  x0:0x00000000
          10616	      5304	001000dc	0077a023	sw	x7,0(x15)	 x15:0x00020000  x7:0x00000030 PA:0x00020000 store:0x00000030 load:0x00000000
          10620	      5306	001000e0	00554583	lbu	x11,5(x10)	 x10:0x0010185c x11=0x00000078 PA:0x00101861 store:0x00000067
          10622	      5307	001000e4	02058663	beq	x11,x0,100110	 x11:0x00000078  x0:0x00000000
          10626	      5309	001000e8	00b7a023	sw	x11,0(x15)	 x15:0x00020000 x11:0x00000078 PA:0x00020000 store:0x00000078 load:0x00000000
          10630	      5311	001000ec	00654603	lbu	x12,6(x10)	 x10:0x0010185c x12=0x00000032 PA:0x00101862 store:0x00000020
          10632	      5312	001000f0	02060063	beq	x12,x0,100110	 x12:0x00000032  x0:0x00000000
          10636	      5314	001000f4	00c7a023	sw	x12,0(x15)	 x15:0x00020000 x12:0x00000032 PA:0x00020000 store:0x00000032 load:0x00000000
          10640	      5316	001000f8	00754683	lbu	x13,7(x10)	 x10:0x0010185c x13=0x00000030 PA:0x00101863 store:0x00000030
          10642	      5317	001000fc	00850513	addi	x10,x10,8	 x10:0x0010185c x10=0x00101864
          10644	      5318	00100100	00068863	beq	x13,x0,100110	 x13:0x00000030  x0:0x00000000
          10648	      5320	00100104	00d7a023	sw	x13,0(x15)	 x15:0x00020000 x13:0x00000030 PA:0x00020000 store:0x00000030 load:0x00000000
          10652	      5322	00100108	00054803	lbu	x16,0(x10)	 x10:0x00101864 x16=0x00000030 PA:0x00101864 store:0x00000000
          10656	      5324	0010010c	fa0810e3	bne	x16,x0,1000ac	 x16:0x00000030  x0:0x00000000
          10662	      5327	001000ac	0107a023	sw	x16,0(x15)	 x15:0x00020000 x16:0x00000030 PA:0x00020000 store:0x00000030 load:0x00000000
          10666	      5329	001000b0	00154703	lbu	x14,1(x10)	 x10:0x00101864 x14=0x0000003a PA:0x00101865 store:0x00101448
          10668	      5330	001000b4	04070e63	beq	x14,x0,100110	 x14:0x0000003a  x0:0x00000000
          10672	      5332	001000b8	00e7a023	sw	x14,0(x15)	 x15:0x00020000 x14:0x0000003a PA:0x00020000 store:0x0000003a load:0x00000000
          10676	      5334	001000bc	00254283	lbu	x5,2(x10)	 x10:0x00101864  x5=0x00000020 PA:0x00101866 store:0x00137fc0
          10678	      5335	001000c0	04028863	beq	x5,x0,100110	  x5:0x00000020  x0:0x00000000
          10682	      5337	001000c4	0057a023	sw	x5,0(x15)	 x15:0x00020000  x5:0x00000020 PA:0x00020000 store:0x00000020 load:0x00000000
          10686	      5339	001000c8	00354303	lbu	x6,3(x10)	 x10:0x00101864  x6=0x00000000 PA:0x00101867 store:0x00000000
          10690	      5341	001000cc	04030263	beq	x6,x0,100110	  x6:0x00000000  x0:0x00000000
          10694	      5343	00100110	00000513	addi	x10,x0,0	  x0:0x00000000 x10=0x00000000
          10698	      5345	00100114	00008067	jalr	x0,0(x1)	  x1:0x00101448  x0=0x00000000
          10702	      5347	00101448	9f0c2503	lw	x10,-1552(x24)	 x24:0x00102000 x10=0x00000010 PA:0x001019f0 store:0x00000030
          10706	      5349	0010144c	cd5fe0ef	jal	x1,100120	  x1=0x00101450
          10708	      5350	00100120	01c55793	srli	x15,x10,0x1c	 x10:0x00000010 x15=0x00000000
          10710	      5351	00100124	00900713	addi	x14,x0,9	  x0:0x00000000 x14=0x00000009
          10714	      5353	00100128	0cf77a63	bgeu	x14,x15,1001fc	 x14:0x00000009 x15:0x00000000
          10718	      5355	001001fc	03078393	addi	x7,x15,48	 x15:0x00000000  x7=0x00000030
          10720	      5356	00100200	000205b7	lui	x11,0x20	 x11=0x00020000
          10722	      5357	00100204	00451613	slli	x12,x10,0x4	 x10:0x00000010 x12=0x00000100
          10726	      5359	00100208	0075a023	sw	x7,0(x11)	 x11:0x00020000  x7:0x00000030 PA:0x00020000 store:0x00000030 load:0x00000000
          10728	      5360	0010020c	01c65693	srli	x13,x12,0x1c	 x12:0x00000100 x13=0x00000000
          10730	      5361	00100210	00900813	addi	x16,x0,9	  x0:0x00000000 x16=0x00000009
          10732	      5362	00100214	f2d86ae3	bltu	x16,x13,100148	 x16:0x00000009 x13:0x00000000
          10734	      5363	00100218	03068e93	addi	x29,x13,48	 x13:0x00000000 x29=0x00000030
          10736	      5364	0010021c	00020f37	lui	x30,0x20	 x30=0x00020000
          10738	      5365	00100220	00851f93	slli	x31,x10,0x8	 x10:0x00000010 x31=0x00001000
          10742	      5367	00100224	01df2023	sw	x29,0(x30)	 x30:0x00020000 x29:0x00000030 PA:0x00020000 store:0x00000030 load:0x00000000
          10744	      5368	00100228	01cfd793	srli	x15,x31,0x1c	 x31:0x00001000 x15=0x00000000
          10746	      5369	0010022c	00900713	addi	x14,x0,9	  x0:0x00000000 x14=0x00000009
          10748	      5370	00100230	f2f76ae3	bltu	x14,x15,100164	 x14:0x00000009 x15:0x00000000
          10750	      5371	00100234	03078393	addi	x7,x15,48	 x15:0x00000000  x7=0x00000030
          10752	      5372	00100238	000205b7	lui	x11,0x20	 x11=0x00020000
          10754	      5373	0010023c	00c51613	slli	x12,x10,0xc	 x10:0x00000010 x12=0x00010000
          10758	      5375	00100240	0075a023	sw	x7,0(x11)	 x11:0x00020000  x7:0x00000030 PA:0x00020000 store:0x00000030 load:0x00000000
          10760	      5376	00100244	01c65693	srli	x13,x12,0x1c	 x12:0x00010000 x13=0x00000000
          10762	      5377	00100248	00900813	addi	x16,x0,9	  x0:0x00000000 x16=0x00000009
          10764	      5378	0010024c	f2d86ae3	bltu	x16,x13,100180	 x16:0x00000009 x13:0x00000000
          10766	      5379	00100250	03068e93	addi	x29,x13,48	 x13:0x00000000 x29=0x00000030
          10768	      5380	00100254	00020f37	lui	x30,0x20	 x30=0x00020000
          10770	      5381	00100258	01051f93	slli	x31,x10,0x10	 x10:0x00000010 x31=0x00100000
          10774	      5383	0010025c	01df2023	sw	x29,0(x30)	 x30:0x00020000 x29:0x00000030 PA:0x00020000 store:0x00000030 load:0x00000000
          10776	      5384	00100260	01cfd793	srli	x15,x31,0x1c	 x31:0x00100000 x15=0x00000000
          10778	      5385	00100264	00900713	addi	x14,x0,9	  x0:0x00000000 x14=0x00000009
          10780	      5386	00100268	f2f76ae3	bltu	x14,x15,10019c	 x14:0x00000009 x15:0x00000000
          10782	      5387	0010026c	03078393	addi	x7,x15,48	 x15:0x00000000  x7=0x00000030
          10784	      5388	00100270	000205b7	lui	x11,0x20	 x11=0x00020000
          10786	      5389	00100274	01451613	slli	x12,x10,0x14	 x10:0x00000010 x12=0x01000000
          10790	      5391	00100278	0075a023	sw	x7,0(x11)	 x11:0x00020000  x7:0x00000030 PA:0x00020000 store:0x00000030 load:0x00000000
          10792	      5392	0010027c	01c65693	srli	x13,x12,0x1c	 x12:0x01000000 x13=0x00000000
          10794	      5393	00100280	00900813	addi	x16,x0,9	  x0:0x00000000 x16=0x00000009
          10796	      5394	00100284	f2d86ae3	bltu	x16,x13,1001b8	 x16:0x00000009 x13:0x00000000
          10798	      5395	00100288	03068e93	addi	x29,x13,48	 x13:0x00000000 x29=0x00000030
          10800	      5396	0010028c	00020f37	lui	x30,0x20	 x30=0x00020000
          10802	      5397	00100290	01851f93	slli	x31,x10,0x18	 x10:0x00000010 x31=0x10000000
          10806	      5399	00100294	01df2023	sw	x29,0(x30)	 x30:0x00020000 x29:0x00000030 PA:0x00020000 store:0x00000030 load:0x00000000
          10808	      5400	00100298	01cfd793	srli	x15,x31,0x1c	 x31:0x10000000 x15=0x00000001
          10810	      5401	0010029c	00900713	addi	x14,x0,9	  x0:0x00000000 x14=0x00000009
          10812	      5402	001002a0	f2f76ae3	bltu	x14,x15,1001d4	 x14:0x00000009 x15:0x00000001
          10814	      5403	001002a4	03078393	addi	x7,x15,48	 x15:0x00000001  x7=0x00000031
          10816	      5404	001002a8	000205b7	lui	x11,0x20	 x11=0x00020000
          10820	      5406	001002ac	0075a023	sw	x7,0(x11)	 x11:0x00020000  x7:0x00000031 PA:0x00020000 store:0x00000031 load:0x00000000
          10822	      5407	001002b0	00f57513	andi	x10,x10,15	 x10:0x00000010 x10=0x00000000
          10824	      5408	001002b4	00900613	addi	x12,x0,9	  x0:0x00000000 x12=0x00000009
          10828	      5410	001002b8	f2a67ae3	bgeu	x12,x10,1001ec	 x12:0x00000009 x10:0x00000000
          10832	      5412	001001ec	03050893	addi	x17,x10,48	 x10:0x00000000 x17=0x00000030
          10834	      5413	001001f0	00020e37	lui	x28,0x20	 x28=0x00020000
          10838	      5415	001001f4	011e2023	sw	x17,0(x28)	 x28:0x00020000 x17:0x00000030 PA:0x00020000 store:0x00000030 load:0x00000000
          10842	      5417	001001f8	00008067	jalr	x0,0(x1)	  x1:0x00101450  x0=0x00000000
          10844	      5418	00101450	00102837	lui	x16,0x102	 x16=0x00102000
          10846	      5419	00101454	86880513	addi	x10,x16,-1944	 x16:0x00102000 x10=0x00101868
          10850	      5421	00101458	c49fe0ef	jal	x1,1000a0	  x1=0x0010145c
          10854	      5423	001000a0	00054803	lbu	x16,0(x10)	 x10:0x00101868 x16=0x0000000a PA:0x00101868 store:0x00000000
          10856	      5424	001000a4	06080663	beq	x16,x0,100110	 x16:0x0000000a  x0:0x00000000
          10858	      5425	001000a8	000207b7	lui	x15,0x20	 x15=0x00020000
          10862	      5427	001000ac	0107a023	sw	x16,0(x15)	 x15:0x00020000 x16:0x0000000a PA:0x00020000 store:0x0000000a load:0x00000000
          10866	      5429	001000b0	00154703	lbu	x14,1(x10)	 x10:0x00101868 x14=0x0000000a PA:0x00101869 store:0x0010145c
          10868	      5430	001000b4	04070e63	beq	x14,x0,100110	 x14:0x0000000a  x0:0x00000000
          10872	      5432	001000b8	00e7a023	sw	x14,0(x15)	 x15:0x00020000 x14:0x0000000a PA:0x00020000 store:0x0000000a load:0x00000000
          10876	      5434	001000bc	00254283	lbu	x5,2(x10)	 x10:0x00101868  x5=0x00000054 PA:0x0010186a store:0x00137fc0
          10878	      5435	001000c0	04028863	beq	x5,x0,100110	  x5:0x00000054  x0:0x00000000
          10882	      5437	001000c4	0057a023	sw	x5,0(x15)	 x15:0x00020000  x5:0x00000054 PA:0x00020000 store:0x00000054 load:0x00000000
          10886	      5439	001000c8	00354303	lbu	x6,3(x10)	 x10:0x00101868  x6=0x00000065 PA:0x0010186b store:0x00000000
          10888	      5440	001000cc	04030263	beq	x6,x0,100110	  x6:0x00000065  x0:0x00000000
          10892	      5442	001000d0	0067a023	sw	x6,0(x15)	 x15:0x00020000  x6:0x00000065 PA:0x00020000 store:0x00000065 load:0x00000000
          10896	      5444	001000d4	00454383	lbu	x7,4(x10)	 x10:0x00101868  x7=0x00000073 PA:0x0010186c store:0x00000000
          10898	      5445	001000d8	02038c63	beq	x7,x0,100110	  x7:0x00000073  x0:0x00000000
          10902	      5447	001000dc	0077a023	sw	x7,0(x15)	 x15:0x00020000  x7:0x00000073 PA:0x00020000 store:0x00000073 load:0x00000000
          10906	      5449	001000e0	00554583	lbu	x11,5(x10)	 x10:0x00101868 x11=0x00000074 PA:0x0010186d store:0x00000054
          10908	      5450	001000e4	02058663	beq	x11,x0,100110	 x11:0x00000074  x0:0x00000000
          10912	      5452	001000e8	00b7a023	sw	x11,0(x15)	 x15:0x00020000 x11:0x00000074 PA:0x00020000 store:0x00000074 load:0x00000000
          10916	      5454	001000ec	00654603	lbu	x12,6(x10)	 x10:0x00101868 x12=0x00000069 PA:0x0010186e store:0x00000065
          10918	      5455	001000f0	02060063	beq	x12,x0,100110	 x12:0x00000069  x0:0x00000000
          10922	      5457	001000f4	00c7a023	sw	x12,0(x15)	 x15:0x00020000 x12:0x00000069 PA:0x00020000 store:0x00000069 load:0x00000000
          10926	      5459	001000f8	00754683	lbu	x13,7(x10)	 x10:0x00101868 x13=0x0000006e PA:0x0010186f store:0x00000073
          10928	      5460	001000fc	00850513	addi	x10,x10,8	 x10:0x00101868 x10=0x00101870
          10930	      5461	00100100	00068863	beq	x13,x0,100110	 x13:0x0000006e  x0:0x00000000
          10934	      5463	00100104	00d7a023	sw	x13,0(x15)	 x15:0x00020000 x13:0x0000006e PA:0x00020000 store:0x0000006e load:0x00000000
          10938	      5465	00100108	00054803	lbu	x16,0(x10)	 x10:0x00101870 x16=0x00000067 PA:0x00101870 store:0x00000000
          10942	      5467	0010010c	fa0810e3	bne	x16,x0,1000ac	 x16:0x00000067  x0:0x00000000
          10948	      5470	001000ac	0107a023	sw	x16,0(x15)	 x15:0x00020000 x16:0x00000067 PA:0x00020000 store:0x00000067 load:0x00000000
          10952	      5472	001000b0	00154703	lbu	x14,1(x10)	 x10:0x00101870 x14=0x00000020 PA:0x00101871 store:0x0010145c
          10954	      5473	001000b4	04070e63	beq	x14,x0,100110	 x14:0x00000020  x0:0x00000000
          10958	      5475	001000b8	00e7a023	sw	x14,0(x15)	 x15:0x00020000 x14:0x00000020 PA:0x00020000 store:0x00000020 load:0x00000000
          10962	      5477	001000bc	00254283	lbu	x5,2(x10)	 x10:0x00101870  x5=0x0000004d PA:0x00101872 store:0x00137fc0
          10964	      5478	001000c0	04028863	beq	x5,x0,100110	  x5:0x0000004d  x0:0x00000000
          10968	      5480	001000c4	0057a023	sw	x5,0(x15)	 x15:0x00020000  x5:0x0000004d PA:0x00020000 store:0x0000004d load:0x00000000
          10972	      5482	001000c8	00354303	lbu	x6,3(x10)	 x10:0x00101870  x6=0x00000049 PA:0x00101873 store:0x00000000
          10974	      5483	001000cc	04030263	beq	x6,x0,100110	  x6:0x00000049  x0:0x00000000
          10978	      5485	001000d0	0067a023	sw	x6,0(x15)	 x15:0x00020000  x6:0x00000049 PA:0x00020000 store:0x00000049 load:0x00000000
          10982	      5487	001000d4	00454383	lbu	x7,4(x10)	 x10:0x00101870  x7=0x0000004e PA:0x00101874 store:0x00000000
          10984	      5488	001000d8	02038c63	beq	x7,x0,100110	  x7:0x0000004e  x0:0x00000000
          10988	      5490	001000dc	0077a023	sw	x7,0(x15)	 x15:0x00020000  x7:0x0000004e PA:0x00020000 store:0x0000004e load:0x00000000
          10992	      5492	001000e0	00554583	lbu	x11,5(x10)	 x10:0x00101870 x11=0x00000020 PA:0x00101875 store:0x0000004d
          10994	      5493	001000e4	02058663	beq	x11,x0,100110	 x11:0x00000020  x0:0x00000000
          10998	      5495	001000e8	00b7a023	sw	x11,0(x15)	 x15:0x00020000 x11:0x00000020 PA:0x00020000 store:0x00000020 load:0x00000000
          11002	      5497	001000ec	00654603	lbu	x12,6(x10)	 x10:0x00101870 x12=0x00000069 PA:0x00101876 store:0x00000049
          11004	      5498	001000f0	02060063	beq	x12,x0,100110	 x12:0x00000069  x0:0x00000000
          11008	      5500	001000f4	00c7a023	sw	x12,0(x15)	 x15:0x00020000 x12:0x00000069 PA:0x00020000 store:0x00000069 load:0x00000000
          11012	      5502	001000f8	00754683	lbu	x13,7(x10)	 x10:0x00101870 x13=0x0000006e PA:0x00101877 store:0x0000004e
          11014	      5503	001000fc	00850513	addi	x10,x10,8	 x10:0x00101870 x10=0x00101878
          11016	      5504	00100100	00068863	beq	x13,x0,100110	 x13:0x0000006e  x0:0x00000000
          11020	      5506	00100104	00d7a023	sw	x13,0(x15)	 x15:0x00020000 x13:0x0000006e PA:0x00020000 store:0x0000006e load:0x00000000
          11024	      5508	00100108	00054803	lbu	x16,0(x10)	 x10:0x00101878 x16=0x00000073 PA:0x00101878 store:0x00000000
          11028	      5510	0010010c	fa0810e3	bne	x16,x0,1000ac	 x16:0x00000073  x0:0x00000000
          11034	      5513	001000ac	0107a023	sw	x16,0(x15)	 x15:0x00020000 x16:0x00000073 PA:0x00020000 store:0x00000073 load:0x00000000
          11038	      5515	001000b0	00154703	lbu	x14,1(x10)	 x10:0x00101878 x14=0x00000074 PA:0x00101879 store:0x0010145c
          11040	      5516	001000b4	04070e63	beq	x14,x0,100110	 x14:0x00000074  x0:0x00000000
          11044	      5518	001000b8	00e7a023	sw	x14,0(x15)	 x15:0x00020000 x14:0x00000074 PA:0x00020000 store:0x00000074 load:0x00000000
          11048	      5520	001000bc	00254283	lbu	x5,2(x10)	 x10:0x00101878  x5=0x00000072 PA:0x0010187a store:0x00137fc0
          11050	      5521	001000c0	04028863	beq	x5,x0,100110	  x5:0x00000072  x0:0x00000000
          11054	      5523	001000c4	0057a023	sw	x5,0(x15)	 x15:0x00020000  x5:0x00000072 PA:0x00020000 store:0x00000072 load:0x00000000
          11058	      5525	001000c8	00354303	lbu	x6,3(x10)	 x10:0x00101878  x6=0x00000075 PA:0x0010187b store:0x00000000
          11060	      5526	001000cc	04030263	beq	x6,x0,100110	  x6:0x00000075  x0:0x00000000
          11064	      5528	001000d0	0067a023	sw	x6,0(x15)	 x15:0x00020000  x6:0x00000075 PA:0x00020000 store:0x00000075 load:0x00000000
          11068	      5530	001000d4	00454383	lbu	x7,4(x10)	 x10:0x00101878  x7=0x00000063 PA:0x0010187c store:0x00000000
          11070	      5531	001000d8	02038c63	beq	x7,x0,100110	  x7:0x00000063  x0:0x00000000
          11074	      5533	001000dc	0077a023	sw	x7,0(x15)	 x15:0x00020000  x7:0x00000063 PA:0x00020000 store:0x00000063 load:0x00000000
          11078	      5535	001000e0	00554583	lbu	x11,5(x10)	 x10:0x00101878 x11=0x00000074 PA:0x0010187d store:0x00000072
          11080	      5536	001000e4	02058663	beq	x11,x0,100110	 x11:0x00000074  x0:0x00000000
          11084	      5538	001000e8	00b7a023	sw	x11,0(x15)	 x15:0x00020000 x11:0x00000074 PA:0x00020000 store:0x00000074 load:0x00000000
          11088	      5540	001000ec	00654603	lbu	x12,6(x10)	 x10:0x00101878 x12=0x00000069 PA:0x0010187e store:0x00000075
          11090	      5541	001000f0	02060063	beq	x12,x0,100110	 x12:0x00000069  x0:0x00000000
          11094	      5543	001000f4	00c7a023	sw	x12,0(x15)	 x15:0x00020000 x12:0x00000069 PA:0x00020000 store:0x00000069 load:0x00000000
          11098	      5545	001000f8	00754683	lbu	x13,7(x10)	 x10:0x00101878 x13=0x0000006f PA:0x0010187f store:0x00000063
          11100	      5546	001000fc	00850513	addi	x10,x10,8	 x10:0x00101878 x10=0x00101880
          11102	      5547	00100100	00068863	beq	x13,x0,100110	 x13:0x0000006f  x0:0x00000000
          11106	      5549	00100104	00d7a023	sw	x13,0(x15)	 x15:0x00020000 x13:0x0000006f PA:0x00020000 store:0x0000006f load:0x00000000
          11110	      5551	00100108	00054803	lbu	x16,0(x10)	 x10:0x00101880 x16=0x0000006e PA:0x00101880 store:0x00000000
          11114	      5553	0010010c	fa0810e3	bne	x16,x0,1000ac	 x16:0x0000006e  x0:0x00000000
          11120	      5556	001000ac	0107a023	sw	x16,0(x15)	 x15:0x00020000 x16:0x0000006e PA:0x00020000 store:0x0000006e load:0x00000000
          11124	      5558	001000b0	00154703	lbu	x14,1(x10)	 x10:0x00101880 x14=0x00000073 PA:0x00101881 store:0x0010145c
          11126	      5559	001000b4	04070e63	beq	x14,x0,100110	 x14:0x00000073  x0:0x00000000
          11130	      5561	001000b8	00e7a023	sw	x14,0(x15)	 x15:0x00020000 x14:0x00000073 PA:0x00020000 store:0x00000073 load:0x00000000
          11134	      5563	001000bc	00254283	lbu	x5,2(x10)	 x10:0x00101880  x5=0x0000003a PA:0x00101882 store:0x00137fc0
          11136	      5564	001000c0	04028863	beq	x5,x0,100110	  x5:0x0000003a  x0:0x00000000
          11140	      5566	001000c4	0057a023	sw	x5,0(x15)	 x15:0x00020000  x5:0x0000003a PA:0x00020000 store:0x0000003a load:0x00000000
          11144	      5568	001000c8	00354303	lbu	x6,3(x10)	 x10:0x00101880  x6=0x00000020 PA:0x00101883 store:0x00000000
          11146	      5569	001000cc	04030263	beq	x6,x0,100110	  x6:0x00000020  x0:0x00000000
          11150	      5571	001000d0	0067a023	sw	x6,0(x15)	 x15:0x00020000  x6:0x00000020 PA:0x00020000 store:0x00000020 load:0x00000000
          11154	      5573	001000d4	00454383	lbu	x7,4(x10)	 x10:0x00101880  x7=0x00000000 PA:0x00101884 store:0x00000000
          11158	      5575	001000d8	02038c63	beq	x7,x0,100110	  x7:0x00000000  x0:0x00000000
          11162	      5577	00100110	00000513	addi	x10,x0,0	  x0:0x00000000 x10=0x00000000
          11166	      5579	00100114	00008067	jalr	x0,0(x1)	  x1:0x0010145c  x0=0x00000000
          11170	      5581	0010145c	a19a2e23	sw	x25,-1508(x20)	 x20:0x00102000 x25:0x00000000 PA:0x00101a1c store:0x00000000 load:0x00000000
          11174	      5583	00101460	a099ac23	sw	x9,-1512(x19)	 x19:0x00102000  x9:0x80000000 PA:0x00101a18 store:0x80000000 load:0x00000000
          11178	      5585	00101464	a1ca2e03	lw	x28,-1508(x20)	 x20:0x00102000 x28=0x00000000 PA:0x00101a1c store:0x00020000
          11180	      5586	00101468	001022b7	lui	x5,0x102	  x5=0x00102000
          11184	      5588	0010146c	a189ae83	lw	x29,-1512(x19)	 x19:0x00102000 x29=0x80000000 PA:0x00101a18 store:0x00102000
          11192	      5592	00101470	88828513	addi	x10,x5,-1912	  x5:0x00102000 x10=0x00101888
          11194	      5593	00101474	29de0f53	fmin.s	f30,f28,f29	 f28:0x00000000 f29:0x80000000 f30=0x80000000
          11196	      5594	00101478	9feaac23	sw	x30,-1544(x21)	 x21:0x00102000 x30:0x80000000 PA:0x001019f8 store:0x80000000 load:0x80000000
          11198	      5595	0010147c	c25fe0ef	jal	x1,1000a0	  x1=0x00101480
          11202	      5597	001000a0	00054803	lbu	x16,0(x10)	 x10:0x00101888 x16=0x0000000a PA:0x00101888 store:0x00000000
          11204	      5598	001000a4	06080663	beq	x16,x0,100110	 x16:0x0000000a  x0:0x00000000
          11206	      5599	001000a8	000207b7	lui	x15,0x20	 x15=0x00020000
          11210	      5601	001000ac	0107a023	sw	x16,0(x15)	 x15:0x00020000 x16:0x0000000a PA:0x00020000 store:0x0000000a load:0x00000000
          11214	      5603	001000b0	00154703	lbu	x14,1(x10)	 x10:0x00101888 x14=0x00000020 PA:0x00101889 store:0x00101480
          11216	      5604	001000b4	04070e63	beq	x14,x0,100110	 x14:0x00000020  x0:0x00000000
          11220	      5606	001000b8	00e7a023	sw	x14,0(x15)	 x15:0x00020000 x14:0x00000020 PA:0x00020000 store:0x00000020 load:0x00000000
          11224	      5608	001000bc	00254283	lbu	x5,2(x10)	 x10:0x00101888  x5=0x0000004d PA:0x0010188a store:0x00137fc0
          11226	      5609	001000c0	04028863	beq	x5,x0,100110	  x5:0x0000004d  x0:0x00000000
          11230	      5611	001000c4	0057a023	sw	x5,0(x15)	 x15:0x00020000  x5:0x0000004d PA:0x00020000 store:0x0000004d load:0x00000000
          11234	      5613	001000c8	00354303	lbu	x6,3(x10)	 x10:0x00101888  x6=0x00000069 PA:0x0010188b store:0x00000000
          11236	      5614	001000cc	04030263	beq	x6,x0,100110	  x6:0x00000069  x0:0x00000000
          11240	      5616	001000d0	0067a023	sw	x6,0(x15)	 x15:0x00020000  x6:0x00000069 PA:0x00020000 store:0x00000069 load:0x00000000
          11244	      5618	001000d4	00454383	lbu	x7,4(x10)	 x10:0x00101888  x7=0x0000006e PA:0x0010188c store:0x00000000
          11246	      5619	001000d8	02038c63	beq	x7,x0,100110	  x7:0x0000006e  x0:0x00000000
          11250	      5621	001000dc	0077a023	sw	x7,0(x15)	 x15:0x00020000  x7:0x0000006e PA:0x00020000 store:0x0000006e load:0x00000000
          11254	      5623	001000e0	00554583	lbu	x11,5(x10)	 x10:0x00101888 x11=0x00000028 PA:0x0010188d store:0x0000004d
          11256	      5624	001000e4	02058663	beq	x11,x0,100110	 x11:0x00000028  x0:0x00000000
          11260	      5626	001000e8	00b7a023	sw	x11,0(x15)	 x15:0x00020000 x11:0x00000028 PA:0x00020000 store:0x00000028 load:0x00000000
          11264	      5628	001000ec	00654603	lbu	x12,6(x10)	 x10:0x00101888 x12=0x00000030 PA:0x0010188e store:0x00000069
          11266	      5629	001000f0	02060063	beq	x12,x0,100110	 x12:0x00000030  x0:0x00000000
          11270	      5631	001000f4	00c7a023	sw	x12,0(x15)	 x15:0x00020000 x12:0x00000030 PA:0x00020000 store:0x00000030 load:0x00000000
          11274	      5633	001000f8	00754683	lbu	x13,7(x10)	 x10:0x00101888 x13=0x0000002e PA:0x0010188f store:0x0000006e
          11276	      5634	001000fc	00850513	addi	x10,x10,8	 x10:0x00101888 x10=0x00101890
          11278	      5635	00100100	00068863	beq	x13,x0,100110	 x13:0x0000002e  x0:0x00000000
          11282	      5637	00100104	00d7a023	sw	x13,0(x15)	 x15:0x00020000 x13:0x0000002e PA:0x00020000 store:0x0000002e load:0x00000000
          11286	      5639	00100108	00054803	lbu	x16,0(x10)	 x10:0x00101890 x16=0x00000030 PA:0x00101890 store:0x00000000
          11290	      5641	0010010c	fa0810e3	bne	x16,x0,1000ac	 x16:0x00000030  x0:0x00000000
          11296	      5644	001000ac	0107a023	sw	x16,0(x15)	 x15:0x00020000 x16:0x00000030 PA:0x00020000 store:0x00000030 load:0x00000000
          11300	      5646	001000b0	00154703	lbu	x14,1(x10)	 x10:0x00101890 x14=0x0000002c PA:0x00101891 store:0x00101480
          11302	      5647	001000b4	04070e63	beq	x14,x0,100110	 x14:0x0000002c  x0:0x00000000
          11306	      5649	001000b8	00e7a023	sw	x14,0(x15)	 x15:0x00020000 x14:0x0000002c PA:0x00020000 store:0x0000002c load:0x00000000
          11310	      5651	001000bc	00254283	lbu	x5,2(x10)	 x10:0x00101890  x5=0x00000020 PA:0x00101892 store:0x00137fc0
          11312	      5652	001000c0	04028863	beq	x5,x0,100110	  x5:0x00000020  x0:0x00000000
          11316	      5654	001000c4	0057a023	sw	x5,0(x15)	 x15:0x00020000  x5:0x00000020 PA:0x00020000 store:0x00000020 load:0x00000000
          11320	      5656	001000c8	00354303	lbu	x6,3(x10)	 x10:0x00101890  x6=0x0000002d PA:0x00101893 store:0x00000000
          11322	      5657	001000cc	04030263	beq	x6,x0,100110	  x6:0x0000002d  x0:0x00000000
          11326	      5659	001000d0	0067a023	sw	x6,0(x15)	 x15:0x00020000  x6:0x0000002d PA:0x00020000 store:0x0000002d load:0x00000000
          11330	      5661	001000d4	00454383	lbu	x7,4(x10)	 x10:0x00101890  x7=0x00000030 PA:0x00101894 store:0x00000000
          11332	      5662	001000d8	02038c63	beq	x7,x0,100110	  x7:0x00000030  x0:0x00000000
          11336	      5664	001000dc	0077a023	sw	x7,0(x15)	 x15:0x00020000  x7:0x00000030 PA:0x00020000 store:0x00000030 load:0x00000000
          11340	      5666	001000e0	00554583	lbu	x11,5(x10)	 x10:0x00101890 x11=0x0000002e PA:0x00101895 store:0x00000020
          11342	      5667	001000e4	02058663	beq	x11,x0,100110	 x11:0x0000002e  x0:0x00000000
          11346	      5669	001000e8	00b7a023	sw	x11,0(x15)	 x15:0x00020000 x11:0x0000002e PA:0x00020000 store:0x0000002e load:0x00000000
          11350	      5671	001000ec	00654603	lbu	x12,6(x10)	 x10:0x00101890 x12=0x00000030 PA:0x00101896 store:0x0000002d
          11352	      5672	001000f0	02060063	beq	x12,x0,100110	 x12:0x00000030  x0:0x00000000
          11356	      5674	001000f4	00c7a023	sw	x12,0(x15)	 x15:0x00020000 x12:0x00000030 PA:0x00020000 store:0x00000030 load:0x00000000
          11360	      5676	001000f8	00754683	lbu	x13,7(x10)	 x10:0x00101890 x13=0x00000029 PA:0x00101897 store:0x00000030
          11362	      5677	001000fc	00850513	addi	x10,x10,8	 x10:0x00101890 x10=0x00101898
          11364	      5678	00100100	00068863	beq	x13,x0,100110	 x13:0x00000029  x0:0x00000000
          11368	      5680	00100104	00d7a023	sw	x13,0(x15)	 x15:0x00020000 x13:0x00000029 PA:0x00020000 store:0x00000029 load:0x00000000
          11372	      5682	00100108	00054803	lbu	x16,0(x10)	 x10:0x00101898 x16=0x0000002c PA:0x00101898 store:0x00000000
          11376	      5684	0010010c	fa0810e3	bne	x16,x0,1000ac	 x16:0x0000002c  x0:0x00000000
          11382	      5687	001000ac	0107a023	sw	x16,0(x15)	 x15:0x00020000 x16:0x0000002c PA:0x00020000 store:0x0000002c load:0x00000000
          11386	      5689	001000b0	00154703	lbu	x14,1(x10)	 x10:0x00101898 x14=0x00000020 PA:0x00101899 store:0x00101480
          11388	      5690	001000b4	04070e63	beq	x14,x0,100110	 x14:0x00000020  x0:0x00000000
          11392	      5692	001000b8	00e7a023	sw	x14,0(x15)	 x15:0x00020000 x14:0x00000020 PA:0x00020000 store:0x00000020 load:0x00000000
          11396	      5694	001000bc	00254283	lbu	x5,2(x10)	 x10:0x00101898  x5=0x00000065 PA:0x0010189a store:0x00137fc0
          11398	      5695	001000c0	04028863	beq	x5,x0,100110	  x5:0x00000065  x0:0x00000000
          11402	      5697	001000c4	0057a023	sw	x5,0(x15)	 x15:0x00020000  x5:0x00000065 PA:0x00020000 store:0x00000065 load:0x00000000
          11406	      5699	001000c8	00354303	lbu	x6,3(x10)	 x10:0x00101898  x6=0x00000078 PA:0x0010189b store:0x00000000
          11408	      5700	001000cc	04030263	beq	x6,x0,100110	  x6:0x00000078  x0:0x00000000
          11412	      5702	001000d0	0067a023	sw	x6,0(x15)	 x15:0x00020000  x6:0x00000078 PA:0x00020000 store:0x00000078 load:0x00000000
          11416	      5704	001000d4	00454383	lbu	x7,4(x10)	 x10:0x00101898  x7=0x00000070 PA:0x0010189c store:0x00000000
          11418	      5705	001000d8	02038c63	beq	x7,x0,100110	  x7:0x00000070  x0:0x00000000
          11422	      5707	001000dc	0077a023	sw	x7,0(x15)	 x15:0x00020000  x7:0x00000070 PA:0x00020000 store:0x00000070 load:0x00000000
          11426	      5709	001000e0	00554583	lbu	x11,5(x10)	 x10:0x00101898 x11=0x00000065 PA:0x0010189d store:0x00000065
          11428	      5710	001000e4	02058663	beq	x11,x0,100110	 x11:0x00000065  x0:0x00000000
          11432	      5712	001000e8	00b7a023	sw	x11,0(x15)	 x15:0x00020000 x11:0x00000065 PA:0x00020000 store:0x00000065 load:0x00000000
          11436	      5714	001000ec	00654603	lbu	x12,6(x10)	 x10:0x00101898 x12=0x00000063 PA:0x0010189e store:0x00000078
          11438	      5715	001000f0	02060063	beq	x12,x0,100110	 x12:0x00000063  x0:0x00000000
          11442	      5717	001000f4	00c7a023	sw	x12,0(x15)	 x15:0x00020000 x12:0x00000063 PA:0x00020000 store:0x00000063 load:0x00000000
          11446	      5719	001000f8	00754683	lbu	x13,7(x10)	 x10:0x00101898 x13=0x00000074 PA:0x0010189f store:0x00000070
          11448	      5720	001000fc	00850513	addi	x10,x10,8	 x10:0x00101898 x10=0x001018a0
          11450	      5721	00100100	00068863	beq	x13,x0,100110	 x13:0x00000074  x0:0x00000000
          11454	      5723	00100104	00d7a023	sw	x13,0(x15)	 x15:0x00020000 x13:0x00000074 PA:0x00020000 store:0x00000074 load:0x00000000
          11458	      5725	00100108	00054803	lbu	x16,0(x10)	 x10:0x001018a0 x16=0x00000069 PA:0x001018a0 store:0x00000000
          11462	      5727	0010010c	fa0810e3	bne	x16,x0,1000ac	 x16:0x00000069  x0:0x00000000
          11468	      5730	001000ac	0107a023	sw	x16,0(x15)	 x15:0x00020000 x16:0x00000069 PA:0x00020000 store:0x00000069 load:0x00000000
          11472	      5732	001000b0	00154703	lbu	x14,1(x10)	 x10:0x001018a0 x14=0x0000006e PA:0x001018a1 store:0x00101480
          11474	      5733	001000b4	04070e63	beq	x14,x0,100110	 x14:0x0000006e  x0:0x00000000
          11478	      5735	001000b8	00e7a023	sw	x14,0(x15)	 x15:0x00020000 x14:0x0000006e PA:0x00020000 store:0x0000006e load:0x00000000
          11482	      5737	001000bc	00254283	lbu	x5,2(x10)	 x10:0x001018a0  x5=0x00000067 PA:0x001018a2 store:0x00137fc0
          11484	      5738	001000c0	04028863	beq	x5,x0,100110	  x5:0x00000067  x0:0x00000000
          11488	      5740	001000c4	0057a023	sw	x5,0(x15)	 x15:0x00020000  x5:0x00000067 PA:0x00020000 store:0x00000067 load:0x00000000
          11492	      5742	001000c8	00354303	lbu	x6,3(x10)	 x10:0x001018a0  x6=0x0000003a PA:0x001018a3 store:0x00000000
          11494	      5743	001000cc	04030263	beq	x6,x0,100110	  x6:0x0000003a  x0:0x00000000
          11498	      5745	001000d0	0067a023	sw	x6,0(x15)	 x15:0x00020000  x6:0x0000003a PA:0x00020000 store:0x0000003a load:0x00000000
          11502	      5747	001000d4	00454383	lbu	x7,4(x10)	 x10:0x001018a0  x7=0x00000020 PA:0x001018a4 store:0x00000000
          11504	      5748	001000d8	02038c63	beq	x7,x0,100110	  x7:0x00000020  x0:0x00000000
          11508	      5750	001000dc	0077a023	sw	x7,0(x15)	 x15:0x00020000  x7:0x00000020 PA:0x00020000 store:0x00000020 load:0x00000000
          11512	      5752	001000e0	00554583	lbu	x11,5(x10)	 x10:0x001018a0 x11=0x00000030 PA:0x001018a5 store:0x00000067
          11514	      5753	001000e4	02058663	beq	x11,x0,100110	 x11:0x00000030  x0:0x00000000
          11518	      5755	001000e8	00b7a023	sw	x11,0(x15)	 x15:0x00020000 x11:0x00000030 PA:0x00020000 store:0x00000030 load:0x00000000
          11522	      5757	001000ec	00654603	lbu	x12,6(x10)	 x10:0x001018a0 x12=0x00000078 PA:0x001018a6 store:0x0000003a
          11524	      5758	001000f0	02060063	beq	x12,x0,100110	 x12:0x00000078  x0:0x00000000
          11528	      5760	001000f4	00c7a023	sw	x12,0(x15)	 x15:0x00020000 x12:0x00000078 PA:0x00020000 store:0x00000078 load:0x00000000
          11532	      5762	001000f8	00754683	lbu	x13,7(x10)	 x10:0x001018a0 x13=0x00000038 PA:0x001018a7 store:0x00000020
          11534	      5763	001000fc	00850513	addi	x10,x10,8	 x10:0x001018a0 x10=0x001018a8
          11536	      5764	00100100	00068863	beq	x13,x0,100110	 x13:0x00000038  x0:0x00000000
          11540	      5766	00100104	00d7a023	sw	x13,0(x15)	 x15:0x00020000 x13:0x00000038 PA:0x00020000 store:0x00000038 load:0x00000000
          11544	      5768	00100108	00054803	lbu	x16,0(x10)	 x10:0x001018a8 x16=0x00000030 PA:0x001018a8 store:0x00000000
          11548	      5770	0010010c	fa0810e3	bne	x16,x0,1000ac	 x16:0x00000030  x0:0x00000000
          11554	      5773	001000ac	0107a023	sw	x16,0(x15)	 x15:0x00020000 x16:0x00000030 PA:0x00020000 store:0x00000030 load:0x00000000
          11558	      5775	001000b0	00154703	lbu	x14,1(x10)	 x10:0x001018a8 x14=0x00000030 PA:0x001018a9 store:0x00101480
          11560	      5776	001000b4	04070e63	beq	x14,x0,100110	 x14:0x00000030  x0:0x00000000
          11564	      5778	001000b8	00e7a023	sw	x14,0(x15)	 x15:0x00020000 x14:0x00000030 PA:0x00020000 store:0x00000030 load:0x00000000
          11568	      5780	001000bc	00254283	lbu	x5,2(x10)	 x10:0x001018a8  x5=0x00000030 PA:0x001018aa store:0x00137fc0
          11570	      5781	001000c0	04028863	beq	x5,x0,100110	  x5:0x00000030  x0:0x00000000
          11574	      5783	001000c4	0057a023	sw	x5,0(x15)	 x15:0x00020000  x5:0x00000030 PA:0x00020000 store:0x00000030 load:0x00000000
          11578	      5785	001000c8	00354303	lbu	x6,3(x10)	 x10:0x001018a8  x6=0x00000030 PA:0x001018ab store:0x00000000
          11580	      5786	001000cc	04030263	beq	x6,x0,100110	  x6:0x00000030  x0:0x00000000
          11584	      5788	001000d0	0067a023	sw	x6,0(x15)	 x15:0x00020000  x6:0x00000030 PA:0x00020000 store:0x00000030 load:0x00000000
          11588	      5790	001000d4	00454383	lbu	x7,4(x10)	 x10:0x001018a8  x7=0x00000030 PA:0x001018ac store:0x00000000
          11590	      5791	001000d8	02038c63	beq	x7,x0,100110	  x7:0x00000030  x0:0x00000000
          11594	      5793	001000dc	0077a023	sw	x7,0(x15)	 x15:0x00020000  x7:0x00000030 PA:0x00020000 store:0x00000030 load:0x00000000
          11598	      5795	001000e0	00554583	lbu	x11,5(x10)	 x10:0x001018a8 x11=0x00000030 PA:0x001018ad store:0x00000030
          11600	      5796	001000e4	02058663	beq	x11,x0,100110	 x11:0x00000030  x0:0x00000000
          11604	      5798	001000e8	00b7a023	sw	x11,0(x15)	 x15:0x00020000 x11:0x00000030 PA:0x00020000 store:0x00000030 load:0x00000000
          11608	      5800	001000ec	00654603	lbu	x12,6(x10)	 x10:0x001018a8 x12=0x0000003a PA:0x001018ae store:0x00000030
          11610	      5801	001000f0	02060063	beq	x12,x0,100110	 x12:0x0000003a  x0:0x00000000
          11614	      5803	001000f4	00c7a023	sw	x12,0(x15)	 x15:0x00020000 x12:0x0000003a PA:0x00020000 store:0x0000003a load:0x00000000
          11618	      5805	001000f8	00754683	lbu	x13,7(x10)	 x10:0x001018a8 x13=0x00000020 PA:0x001018af store:0x00000030
          11620	      5806	001000fc	00850513	addi	x10,x10,8	 x10:0x001018a8 x10=0x001018b0
          11622	      5807	00100100	00068863	beq	x13,x0,100110	 x13:0x00000020  x0:0x00000000
          11626	      5809	00100104	00d7a023	sw	x13,0(x15)	 x15:0x00020000 x13:0x00000020 PA:0x00020000 store:0x00000020 load:0x00000000
          11630	      5811	00100108	00054803	lbu	x16,0(x10)	 x10:0x001018b0 x16=0x00000000 PA:0x001018b0 store:0x00000000
          11632	      5812	0010010c	fa0810e3	bne	x16,x0,1000ac	 x16:0x00000000  x0:0x00000000
          11634	      5813	00100110	00000513	addi	x10,x0,0	  x0:0x00000000 x10=0x00000000
          11638	      5815	00100114	00008067	jalr	x0,0(x1)	  x1:0x00101480  x0=0x00000000
          11642	      5817	00101480	9f0c2503	lw	x10,-1552(x24)	 x24:0x00102000 x10=0x00000010 PA:0x001019f0 store:0x00000000
          11646	      5819	00101484	c9dfe0ef	jal	x1,100120	  x1=0x00101488
          11648	      5820	00100120	01c55793	srli	x15,x10,0x1c	 x10:0x00000010 x15=0x00000000
          11650	      5821	00100124	00900713	addi	x14,x0,9	  x0:0x00000000 x14=0x00000009
          11654	      5823	00100128	0cf77a63	bgeu	x14,x15,1001fc	 x14:0x00000009 x15:0x00000000
          11658	      5825	001001fc	03078393	addi	x7,x15,48	 x15:0x00000000  x7=0x00000030
          11660	      5826	00100200	000205b7	lui	x11,0x20	 x11=0x00020000
          11662	      5827	00100204	00451613	slli	x12,x10,0x4	 x10:0x00000010 x12=0x00000100
          11666	      5829	00100208	0075a023	sw	x7,0(x11)	 x11:0x00020000  x7:0x00000030 PA:0x00020000 store:0x00000030 load:0x00000000
          11668	      5830	0010020c	01c65693	srli	x13,x12,0x1c	 x12:0x00000100 x13=0x00000000
          11670	      5831	00100210	00900813	addi	x16,x0,9	  x0:0x00000000 x16=0x00000009
          11672	      5832	00100214	f2d86ae3	bltu	x16,x13,100148	 x16:0x00000009 x13:0x00000000
          11674	      5833	00100218	03068e93	addi	x29,x13,48	 x13:0x00000000 x29=0x00000030
          11676	      5834	0010021c	00020f37	lui	x30,0x20	 x30=0x00020000
          11678	      5835	00100220	00851f93	slli	x31,x10,0x8	 x10:0x00000010 x31=0x00001000
          11682	      5837	00100224	01df2023	sw	x29,0(x30)	 x30:0x00020000 x29:0x00000030 PA:0x00020000 store:0x00000030 load:0x00000000
          11684	      5838	00100228	01cfd793	srli	x15,x31,0x1c	 x31:0x00001000 x15=0x00000000
          11686	      5839	0010022c	00900713	addi	x14,x0,9	  x0:0x00000000 x14=0x00000009
          11688	      5840	00100230	f2f76ae3	bltu	x14,x15,100164	 x14:0x00000009 x15:0x00000000
          11690	      5841	00100234	03078393	addi	x7,x15,48	 x15:0x00000000  x7=0x00000030
          11692	      5842	00100238	000205b7	lui	x11,0x20	 x11=0x00020000
          11694	      5843	0010023c	00c51613	slli	x12,x10,0xc	 x10:0x00000010 x12=0x00010000
          11698	      5845	00100240	0075a023	sw	x7,0(x11)	 x11:0x00020000  x7:0x00000030 PA:0x00020000 store:0x00000030 load:0x00000000
          11700	      5846	00100244	01c65693	srli	x13,x12,0x1c	 x12:0x00010000 x13=0x00000000
          11702	      5847	00100248	00900813	addi	x16,x0,9	  x0:0x00000000 x16=0x00000009
          11704	      5848	0010024c	f2d86ae3	bltu	x16,x13,100180	 x16:0x00000009 x13:0x00000000
          11706	      5849	00100250	03068e93	addi	x29,x13,48	 x13:0x00000000 x29=0x00000030
          11708	      5850	00100254	00020f37	lui	x30,0x20	 x30=0x00020000
          11710	      5851	00100258	01051f93	slli	x31,x10,0x10	 x10:0x00000010 x31=0x00100000
          11714	      5853	0010025c	01df2023	sw	x29,0(x30)	 x30:0x00020000 x29:0x00000030 PA:0x00020000 store:0x00000030 load:0x00000000
          11716	      5854	00100260	01cfd793	srli	x15,x31,0x1c	 x31:0x00100000 x15=0x00000000
          11718	      5855	00100264	00900713	addi	x14,x0,9	  x0:0x00000000 x14=0x00000009
          11720	      5856	00100268	f2f76ae3	bltu	x14,x15,10019c	 x14:0x00000009 x15:0x00000000
          11722	      5857	0010026c	03078393	addi	x7,x15,48	 x15:0x00000000  x7=0x00000030
          11724	      5858	00100270	000205b7	lui	x11,0x20	 x11=0x00020000
          11726	      5859	00100274	01451613	slli	x12,x10,0x14	 x10:0x00000010 x12=0x01000000
          11730	      5861	00100278	0075a023	sw	x7,0(x11)	 x11:0x00020000  x7:0x00000030 PA:0x00020000 store:0x00000030 load:0x00000000
          11732	      5862	0010027c	01c65693	srli	x13,x12,0x1c	 x12:0x01000000 x13=0x00000000
          11734	      5863	00100280	00900813	addi	x16,x0,9	  x0:0x00000000 x16=0x00000009
          11736	      5864	00100284	f2d86ae3	bltu	x16,x13,1001b8	 x16:0x00000009 x13:0x00000000
          11738	      5865	00100288	03068e93	addi	x29,x13,48	 x13:0x00000000 x29=0x00000030
          11740	      5866	0010028c	00020f37	lui	x30,0x20	 x30=0x00020000
          11742	      5867	00100290	01851f93	slli	x31,x10,0x18	 x10:0x00000010 x31=0x10000000
          11746	      5869	00100294	01df2023	sw	x29,0(x30)	 x30:0x00020000 x29:0x00000030 PA:0x00020000 store:0x00000030 load:0x00000000
          11748	      5870	00100298	01cfd793	srli	x15,x31,0x1c	 x31:0x10000000 x15=0x00000001
          11750	      5871	0010029c	00900713	addi	x14,x0,9	  x0:0x00000000 x14=0x00000009
          11752	      5872	001002a0	f2f76ae3	bltu	x14,x15,1001d4	 x14:0x00000009 x15:0x00000001
          11754	      5873	001002a4	03078393	addi	x7,x15,48	 x15:0x00000001  x7=0x00000031
          11756	      5874	001002a8	000205b7	lui	x11,0x20	 x11=0x00020000
          11760	      5876	001002ac	0075a023	sw	x7,0(x11)	 x11:0x00020000  x7:0x00000031 PA:0x00020000 store:0x00000031 load:0x00000000
          11762	      5877	001002b0	00f57513	andi	x10,x10,15	 x10:0x00000010 x10=0x00000000
          11764	      5878	001002b4	00900613	addi	x12,x0,9	  x0:0x00000000 x12=0x00000009
          11768	      5880	001002b8	f2a67ae3	bgeu	x12,x10,1001ec	 x12:0x00000009 x10:0x00000000
          11772	      5882	001001ec	03050893	addi	x17,x10,48	 x10:0x00000000 x17=0x00000030
          11774	      5883	001001f0	00020e37	lui	x28,0x20	 x28=0x00020000
          11778	      5885	001001f4	011e2023	sw	x17,0(x28)	 x28:0x00020000 x17:0x00000030 PA:0x00020000 store:0x00000030 load:0x00000000
          11782	      5887	001001f8	00008067	jalr	x0,0(x1)	  x1:0x00101488  x0=0x00000000
          11786	      5889	00101488	6a0bad83	lw	x27,1696(x23)	 x23:0x00101000 x27=0x00000007 PA:0x001016a0 store:0x00000000
          11790	      5891	0010148c	a08a2e23	sw	x8,-1508(x20)	 x20:0x00102000  x8:0x00000047 PA:0x00101a1c store:0x00000047 load:0x00000007
          11792	      5892	00101490	00102fb7	lui	x31,0x102	 x31=0x00102000
          11796	      5894	00101494	a1b9ac23	sw	x27,-1512(x19)	 x19:0x00102000 x27:0x00000007 PA:0x00101a18 store:0x00000007 load:0x00000007
          11800	      5896	00101498	a1ca2683	lw	x13,-1508(x20)	 x20:0x00102000 x13=0x00000047 PA:0x00101a1c store:0x00020000
          11804	      5898	0010149c	a189a703	lw	x14,-1512(x19)	 x19:0x00102000 x14=0x00000007 PA:0x00101a18 store:0x00102000
          11812	      5902	001014a0	8b4f8513	addi	x10,x31,-1868	 x31:0x00102000 x10=0x001018b4
          11814	      5903	001014a4	28e68b53	fmin.s	f22,f13,f14	 f13:0x00000047 f14:0x00000007 f22=0x00000007
          11816	      5904	001014a8	9f6aac23	sw	x22,-1544(x21)	 x21:0x00102000 x22:0x00000007 PA:0x001019f8 store:0x00000007 load:0x00000007
          11818	      5905	001014ac	bf5fe0ef	jal	x1,1000a0	  x1=0x001014b0
          11822	      5907	001000a0	00054803	lbu	x16,0(x10)	 x10:0x001018b4 x16=0x0000000a PA:0x001018b4 store:0x00000000
          11824	      5908	001000a4	06080663	beq	x16,x0,100110	 x16:0x0000000a  x0:0x00000000
          11826	      5909	001000a8	000207b7	lui	x15,0x20	 x15=0x00020000
          11830	      5911	001000ac	0107a023	sw	x16,0(x15)	 x15:0x00020000 x16:0x0000000a PA:0x00020000 store:0x0000000a load:0x00000000
          11834	      5913	001000b0	00154703	lbu	x14,1(x10)	 x10:0x001018b4 x14=0x00000020 PA:0x001018b5 store:0x001014b0
          11836	      5914	001000b4	04070e63	beq	x14,x0,100110	 x14:0x00000020  x0:0x00000000
          11840	      5916	001000b8	00e7a023	sw	x14,0(x15)	 x15:0x00020000 x14:0x00000020 PA:0x00020000 store:0x00000020 load:0x00000000
          11844	      5918	001000bc	00254283	lbu	x5,2(x10)	 x10:0x001018b4  x5=0x0000004d PA:0x001018b6 store:0x00137fc0
          11846	      5919	001000c0	04028863	beq	x5,x0,100110	  x5:0x0000004d  x0:0x00000000
          11850	      5921	001000c4	0057a023	sw	x5,0(x15)	 x15:0x00020000  x5:0x0000004d PA:0x00020000 store:0x0000004d load:0x00000000
          11854	      5923	001000c8	00354303	lbu	x6,3(x10)	 x10:0x001018b4  x6=0x00000069 PA:0x001018b7 store:0x00000000
          11856	      5924	001000cc	04030263	beq	x6,x0,100110	  x6:0x00000069  x0:0x00000000
          11860	      5926	001000d0	0067a023	sw	x6,0(x15)	 x15:0x00020000  x6:0x00000069 PA:0x00020000 store:0x00000069 load:0x00000000
          11864	      5928	001000d4	00454383	lbu	x7,4(x10)	 x10:0x001018b4  x7=0x0000006e PA:0x001018b8 store:0x00000000
          11866	      5929	001000d8	02038c63	beq	x7,x0,100110	  x7:0x0000006e  x0:0x00000000
          11870	      5931	001000dc	0077a023	sw	x7,0(x15)	 x15:0x00020000  x7:0x0000006e PA:0x00020000 store:0x0000006e load:0x00000000
          11874	      5933	001000e0	00554583	lbu	x11,5(x10)	 x10:0x001018b4 x11=0x00000028 PA:0x001018b9 store:0x0000004d
          11876	      5934	001000e4	02058663	beq	x11,x0,100110	 x11:0x00000028  x0:0x00000000
          11880	      5936	001000e8	00b7a023	sw	x11,0(x15)	 x15:0x00020000 x11:0x00000028 PA:0x00020000 store:0x00000028 load:0x00000000
          11884	      5938	001000ec	00654603	lbu	x12,6(x10)	 x10:0x001018b4 x12=0x00000031 PA:0x001018ba store:0x00000069
          11886	      5939	001000f0	02060063	beq	x12,x0,100110	 x12:0x00000031  x0:0x00000000
          11890	      5941	001000f4	00c7a023	sw	x12,0(x15)	 x15:0x00020000 x12:0x00000031 PA:0x00020000 store:0x00000031 load:0x00000000
          11894	      5943	001000f8	00754683	lbu	x13,7(x10)	 x10:0x001018b4 x13=0x0000002e PA:0x001018bb store:0x0000006e
          11896	      5944	001000fc	00850513	addi	x10,x10,8	 x10:0x001018b4 x10=0x001018bc
          11898	      5945	00100100	00068863	beq	x13,x0,100110	 x13:0x0000002e  x0:0x00000000
          11902	      5947	00100104	00d7a023	sw	x13,0(x15)	 x15:0x00020000 x13:0x0000002e PA:0x00020000 store:0x0000002e load:0x00000000
          11906	      5949	00100108	00054803	lbu	x16,0(x10)	 x10:0x001018bc x16=0x00000030 PA:0x001018bc store:0x00000000
          11910	      5951	0010010c	fa0810e3	bne	x16,x0,1000ac	 x16:0x00000030  x0:0x00000000
          11916	      5954	001000ac	0107a023	sw	x16,0(x15)	 x15:0x00020000 x16:0x00000030 PA:0x00020000 store:0x00000030 load:0x00000000
          11920	      5956	001000b0	00154703	lbu	x14,1(x10)	 x10:0x001018bc x14=0x00000065 PA:0x001018bd store:0x001014b0
          11922	      5957	001000b4	04070e63	beq	x14,x0,100110	 x14:0x00000065  x0:0x00000000
          11926	      5959	001000b8	00e7a023	sw	x14,0(x15)	 x15:0x00020000 x14:0x00000065 PA:0x00020000 store:0x00000065 load:0x00000000
          11930	      5961	001000bc	00254283	lbu	x5,2(x10)	 x10:0x001018bc  x5=0x0000002d PA:0x001018be store:0x00137fc0
          11932	      5962	001000c0	04028863	beq	x5,x0,100110	  x5:0x0000002d  x0:0x00000000
          11936	      5964	001000c4	0057a023	sw	x5,0(x15)	 x15:0x00020000  x5:0x0000002d PA:0x00020000 store:0x0000002d load:0x00000000
          11940	      5966	001000c8	00354303	lbu	x6,3(x10)	 x10:0x001018bc  x6=0x00000034 PA:0x001018bf store:0x00000000
          11942	      5967	001000cc	04030263	beq	x6,x0,100110	  x6:0x00000034  x0:0x00000000
          11946	      5969	001000d0	0067a023	sw	x6,0(x15)	 x15:0x00020000  x6:0x00000034 PA:0x00020000 store:0x00000034 load:0x00000000
          11950	      5971	001000d4	00454383	lbu	x7,4(x10)	 x10:0x001018bc  x7=0x00000033 PA:0x001018c0 store:0x00000000
          11952	      5972	001000d8	02038c63	beq	x7,x0,100110	  x7:0x00000033  x0:0x00000000
          11956	      5974	001000dc	0077a023	sw	x7,0(x15)	 x15:0x00020000  x7:0x00000033 PA:0x00020000 store:0x00000033 load:0x00000000
          11960	      5976	001000e0	00554583	lbu	x11,5(x10)	 x10:0x001018bc x11=0x0000002c PA:0x001018c1 store:0x0000002d
          11962	      5977	001000e4	02058663	beq	x11,x0,100110	 x11:0x0000002c  x0:0x00000000
          11966	      5979	001000e8	00b7a023	sw	x11,0(x15)	 x15:0x00020000 x11:0x0000002c PA:0x00020000 store:0x0000002c load:0x00000000
          11970	      5981	001000ec	00654603	lbu	x12,6(x10)	 x10:0x001018bc x12=0x00000020 PA:0x001018c2 store:0x00000034
          11972	      5982	001000f0	02060063	beq	x12,x0,100110	 x12:0x00000020  x0:0x00000000
          11976	      5984	001000f4	00c7a023	sw	x12,0(x15)	 x15:0x00020000 x12:0x00000020 PA:0x00020000 store:0x00000020 load:0x00000000
          11980	      5986	001000f8	00754683	lbu	x13,7(x10)	 x10:0x001018bc x13=0x00000031 PA:0x001018c3 store:0x00000033
          11982	      5987	001000fc	00850513	addi	x10,x10,8	 x10:0x001018bc x10=0x001018c4
          11984	      5988	00100100	00068863	beq	x13,x0,100110	 x13:0x00000031  x0:0x00000000
          11988	      5990	00100104	00d7a023	sw	x13,0(x15)	 x15:0x00020000 x13:0x00000031 PA:0x00020000 store:0x00000031 load:0x00000000
          11992	      5992	00100108	00054803	lbu	x16,0(x10)	 x10:0x001018c4 x16=0x0000002e PA:0x001018c4 store:0x00000000
          11996	      5994	0010010c	fa0810e3	bne	x16,x0,1000ac	 x16:0x0000002e  x0:0x00000000
          12002	      5997	001000ac	0107a023	sw	x16,0(x15)	 x15:0x00020000 x16:0x0000002e PA:0x00020000 store:0x0000002e load:0x00000000
          12006	      5999	001000b0	00154703	lbu	x14,1(x10)	 x10:0x001018c4 x14=0x00000030 PA:0x001018c5 store:0x001014b0
          12008	      6000	001000b4	04070e63	beq	x14,x0,100110	 x14:0x00000030  x0:0x00000000
          12012	      6002	001000b8	00e7a023	sw	x14,0(x15)	 x15:0x00020000 x14:0x00000030 PA:0x00020000 store:0x00000030 load:0x00000000
          12016	      6004	001000bc	00254283	lbu	x5,2(x10)	 x10:0x001018c4  x5=0x00000065 PA:0x001018c6 store:0x00137fc0
          12018	      6005	001000c0	04028863	beq	x5,x0,100110	  x5:0x00000065  x0:0x00000000
          12022	      6007	001000c4	0057a023	sw	x5,0(x15)	 x15:0x00020000  x5:0x00000065 PA:0x00020000 store:0x00000065 load:0x00000000
          12026	      6009	001000c8	00354303	lbu	x6,3(x10)	 x10:0x001018c4  x6=0x0000002d PA:0x001018c7 store:0x00000000
          12028	      6010	001000cc	04030263	beq	x6,x0,100110	  x6:0x0000002d  x0:0x00000000
          12032	      6012	001000d0	0067a023	sw	x6,0(x15)	 x15:0x00020000  x6:0x0000002d PA:0x00020000 store:0x0000002d load:0x00000000
          12036	      6014	001000d4	00454383	lbu	x7,4(x10)	 x10:0x001018c4  x7=0x00000034 PA:0x001018c8 store:0x00000000
          12038	      6015	001000d8	02038c63	beq	x7,x0,100110	  x7:0x00000034  x0:0x00000000
          12042	      6017	001000dc	0077a023	sw	x7,0(x15)	 x15:0x00020000  x7:0x00000034 PA:0x00020000 store:0x00000034 load:0x00000000
          12046	      6019	001000e0	00554583	lbu	x11,5(x10)	 x10:0x001018c4 x11=0x00000034 PA:0x001018c9 store:0x00000065
          12048	      6020	001000e4	02058663	beq	x11,x0,100110	 x11:0x00000034  x0:0x00000000
          12052	      6022	001000e8	00b7a023	sw	x11,0(x15)	 x15:0x00020000 x11:0x00000034 PA:0x00020000 store:0x00000034 load:0x00000000
          12056	      6024	001000ec	00654603	lbu	x12,6(x10)	 x10:0x001018c4 x12=0x00000029 PA:0x001018ca store:0x0000002d
          12058	      6025	001000f0	02060063	beq	x12,x0,100110	 x12:0x00000029  x0:0x00000000
          12062	      6027	001000f4	00c7a023	sw	x12,0(x15)	 x15:0x00020000 x12:0x00000029 PA:0x00020000 store:0x00000029 load:0x00000000
          12066	      6029	001000f8	00754683	lbu	x13,7(x10)	 x10:0x001018c4 x13=0x0000002c PA:0x001018cb store:0x00000034
          12068	      6030	001000fc	00850513	addi	x10,x10,8	 x10:0x001018c4 x10=0x001018cc
          12070	      6031	00100100	00068863	beq	x13,x0,100110	 x13:0x0000002c  x0:0x00000000
          12074	      6033	00100104	00d7a023	sw	x13,0(x15)	 x15:0x00020000 x13:0x0000002c PA:0x00020000 store:0x0000002c load:0x00000000
          12078	      6035	00100108	00054803	lbu	x16,0(x10)	 x10:0x001018cc x16=0x00000020 PA:0x001018cc store:0x00000000
          12082	      6037	0010010c	fa0810e3	bne	x16,x0,1000ac	 x16:0x00000020  x0:0x00000000
          12088	      6040	001000ac	0107a023	sw	x16,0(x15)	 x15:0x00020000 x16:0x00000020 PA:0x00020000 store:0x00000020 load:0x00000000
          12092	      6042	001000b0	00154703	lbu	x14,1(x10)	 x10:0x001018cc x14=0x00000065 PA:0x001018cd store:0x001014b0
          12094	      6043	001000b4	04070e63	beq	x14,x0,100110	 x14:0x00000065  x0:0x00000000
          12098	      6045	001000b8	00e7a023	sw	x14,0(x15)	 x15:0x00020000 x14:0x00000065 PA:0x00020000 store:0x00000065 load:0x00000000
          12102	      6047	001000bc	00254283	lbu	x5,2(x10)	 x10:0x001018cc  x5=0x00000078 PA:0x001018ce store:0x00137fc0
          12104	      6048	001000c0	04028863	beq	x5,x0,100110	  x5:0x00000078  x0:0x00000000
          12108	      6050	001000c4	0057a023	sw	x5,0(x15)	 x15:0x00020000  x5:0x00000078 PA:0x00020000 store:0x00000078 load:0x00000000
          12112	      6052	001000c8	00354303	lbu	x6,3(x10)	 x10:0x001018cc  x6=0x00000070 PA:0x001018cf store:0x00000000
          12114	      6053	001000cc	04030263	beq	x6,x0,100110	  x6:0x00000070  x0:0x00000000
          12118	      6055	001000d0	0067a023	sw	x6,0(x15)	 x15:0x00020000  x6:0x00000070 PA:0x00020000 store:0x00000070 load:0x00000000
          12122	      6057	001000d4	00454383	lbu	x7,4(x10)	 x10:0x001018cc  x7=0x00000065 PA:0x001018d0 store:0x00000000
          12124	      6058	001000d8	02038c63	beq	x7,x0,100110	  x7:0x00000065  x0:0x00000000
          12128	      6060	001000dc	0077a023	sw	x7,0(x15)	 x15:0x00020000  x7:0x00000065 PA:0x00020000 store:0x00000065 load:0x00000000
          12132	      6062	001000e0	00554583	lbu	x11,5(x10)	 x10:0x001018cc x11=0x00000063 PA:0x001018d1 store:0x00000078
          12134	      6063	001000e4	02058663	beq	x11,x0,100110	 x11:0x00000063  x0:0x00000000
          12138	      6065	001000e8	00b7a023	sw	x11,0(x15)	 x15:0x00020000 x11:0x00000063 PA:0x00020000 store:0x00000063 load:0x00000000
          12142	      6067	001000ec	00654603	lbu	x12,6(x10)	 x10:0x001018cc x12=0x00000074 PA:0x001018d2 store:0x00000070
          12144	      6068	001000f0	02060063	beq	x12,x0,100110	 x12:0x00000074  x0:0x00000000
          12148	      6070	001000f4	00c7a023	sw	x12,0(x15)	 x15:0x00020000 x12:0x00000074 PA:0x00020000 store:0x00000074 load:0x00000000
          12152	      6072	001000f8	00754683	lbu	x13,7(x10)	 x10:0x001018cc x13=0x00000069 PA:0x001018d3 store:0x00000065
          12154	      6073	001000fc	00850513	addi	x10,x10,8	 x10:0x001018cc x10=0x001018d4
          12156	      6074	00100100	00068863	beq	x13,x0,100110	 x13:0x00000069  x0:0x00000000
          12160	      6076	00100104	00d7a023	sw	x13,0(x15)	 x15:0x00020000 x13:0x00000069 PA:0x00020000 store:0x00000069 load:0x00000000
          12164	      6078	00100108	00054803	lbu	x16,0(x10)	 x10:0x001018d4 x16=0x0000006e PA:0x001018d4 store:0x00000000
          12168	      6080	0010010c	fa0810e3	bne	x16,x0,1000ac	 x16:0x0000006e  x0:0x00000000
          12174	      6083	001000ac	0107a023	sw	x16,0(x15)	 x15:0x00020000 x16:0x0000006e PA:0x00020000 store:0x0000006e load:0x00000000
          12178	      6085	001000b0	00154703	lbu	x14,1(x10)	 x10:0x001018d4 x14=0x00000067 PA:0x001018d5 store:0x001014b0
          12180	      6086	001000b4	04070e63	beq	x14,x0,100110	 x14:0x00000067  x0:0x00000000
          12184	      6088	001000b8	00e7a023	sw	x14,0(x15)	 x15:0x00020000 x14:0x00000067 PA:0x00020000 store:0x00000067 load:0x00000000
          12188	      6090	001000bc	00254283	lbu	x5,2(x10)	 x10:0x001018d4  x5=0x0000003a PA:0x001018d6 store:0x00137fc0
          12190	      6091	001000c0	04028863	beq	x5,x0,100110	  x5:0x0000003a  x0:0x00000000
          12194	      6093	001000c4	0057a023	sw	x5,0(x15)	 x15:0x00020000  x5:0x0000003a PA:0x00020000 store:0x0000003a load:0x00000000
          12198	      6095	001000c8	00354303	lbu	x6,3(x10)	 x10:0x001018d4  x6=0x00000020 PA:0x001018d7 store:0x00000000
          12200	      6096	001000cc	04030263	beq	x6,x0,100110	  x6:0x00000020  x0:0x00000000
          12204	      6098	001000d0	0067a023	sw	x6,0(x15)	 x15:0x00020000  x6:0x00000020 PA:0x00020000 store:0x00000020 load:0x00000000
          12208	      6100	001000d4	00454383	lbu	x7,4(x10)	 x10:0x001018d4  x7=0x00000030 PA:0x001018d8 store:0x00000000
          12210	      6101	001000d8	02038c63	beq	x7,x0,100110	  x7:0x00000030  x0:0x00000000
          12214	      6103	001000dc	0077a023	sw	x7,0(x15)	 x15:0x00020000  x7:0x00000030 PA:0x00020000 store:0x00000030 load:0x00000000
          12218	      6105	001000e0	00554583	lbu	x11,5(x10)	 x10:0x001018d4 x11=0x00000078 PA:0x001018d9 store:0x0000003a
          12220	      6106	001000e4	02058663	beq	x11,x0,100110	 x11:0x00000078  x0:0x00000000
          12224	      6108	001000e8	00b7a023	sw	x11,0(x15)	 x15:0x00020000 x11:0x00000078 PA:0x00020000 store:0x00000078 load:0x00000000
          12228	      6110	001000ec	00654603	lbu	x12,6(x10)	 x10:0x001018d4 x12=0x00000030 PA:0x001018da store:0x00000020
          12230	      6111	001000f0	02060063	beq	x12,x0,100110	 x12:0x00000030  x0:0x00000000
          12234	      6113	001000f4	00c7a023	sw	x12,0(x15)	 x15:0x00020000 x12:0x00000030 PA:0x00020000 store:0x00000030 load:0x00000000
          12238	      6115	001000f8	00754683	lbu	x13,7(x10)	 x10:0x001018d4 x13=0x00000030 PA:0x001018db store:0x00000030
          12240	      6116	001000fc	00850513	addi	x10,x10,8	 x10:0x001018d4 x10=0x001018dc
          12242	      6117	00100100	00068863	beq	x13,x0,100110	 x13:0x00000030  x0:0x00000000
          12246	      6119	00100104	00d7a023	sw	x13,0(x15)	 x15:0x00020000 x13:0x00000030 PA:0x00020000 store:0x00000030 load:0x00000000
          12250	      6121	00100108	00054803	lbu	x16,0(x10)	 x10:0x001018dc x16=0x00000030 PA:0x001018dc store:0x00000000
          12254	      6123	0010010c	fa0810e3	bne	x16,x0,1000ac	 x16:0x00000030  x0:0x00000000
          12260	      6126	001000ac	0107a023	sw	x16,0(x15)	 x15:0x00020000 x16:0x00000030 PA:0x00020000 store:0x00000030 load:0x00000000
          12264	      6128	001000b0	00154703	lbu	x14,1(x10)	 x10:0x001018dc x14=0x00000030 PA:0x001018dd store:0x001014b0
          12266	      6129	001000b4	04070e63	beq	x14,x0,100110	 x14:0x00000030  x0:0x00000000
          12270	      6131	001000b8	00e7a023	sw	x14,0(x15)	 x15:0x00020000 x14:0x00000030 PA:0x00020000 store:0x00000030 load:0x00000000
          12274	      6133	001000bc	00254283	lbu	x5,2(x10)	 x10:0x001018dc  x5=0x00000030 PA:0x001018de store:0x00137fc0
          12276	      6134	001000c0	04028863	beq	x5,x0,100110	  x5:0x00000030  x0:0x00000000
          12280	      6136	001000c4	0057a023	sw	x5,0(x15)	 x15:0x00020000  x5:0x00000030 PA:0x00020000 store:0x00000030 load:0x00000000
          12284	      6138	001000c8	00354303	lbu	x6,3(x10)	 x10:0x001018dc  x6=0x00000030 PA:0x001018df store:0x00000000
          12286	      6139	001000cc	04030263	beq	x6,x0,100110	  x6:0x00000030  x0:0x00000000
          12290	      6141	001000d0	0067a023	sw	x6,0(x15)	 x15:0x00020000  x6:0x00000030 PA:0x00020000 store:0x00000030 load:0x00000000
          12294	      6143	001000d4	00454383	lbu	x7,4(x10)	 x10:0x001018dc  x7=0x00000037 PA:0x001018e0 store:0x00000000
          12296	      6144	001000d8	02038c63	beq	x7,x0,100110	  x7:0x00000037  x0:0x00000000
          12300	      6146	001000dc	0077a023	sw	x7,0(x15)	 x15:0x00020000  x7:0x00000037 PA:0x00020000 store:0x00000037 load:0x00000000
          12304	      6148	001000e0	00554583	lbu	x11,5(x10)	 x10:0x001018dc x11=0x0000003a PA:0x001018e1 store:0x00000030
          12306	      6149	001000e4	02058663	beq	x11,x0,100110	 x11:0x0000003a  x0:0x00000000
          12310	      6151	001000e8	00b7a023	sw	x11,0(x15)	 x15:0x00020000 x11:0x0000003a PA:0x00020000 store:0x0000003a load:0x00000000
          12314	      6153	001000ec	00654603	lbu	x12,6(x10)	 x10:0x001018dc x12=0x00000020 PA:0x001018e2 store:0x00000030
          12316	      6154	001000f0	02060063	beq	x12,x0,100110	 x12:0x00000020  x0:0x00000000
          12320	      6156	001000f4	00c7a023	sw	x12,0(x15)	 x15:0x00020000 x12:0x00000020 PA:0x00020000 store:0x00000020 load:0x00000000
          12324	      6158	001000f8	00754683	lbu	x13,7(x10)	 x10:0x001018dc x13=0x00000000 PA:0x001018e3 store:0x00000037
          12326	      6159	001000fc	00850513	addi	x10,x10,8	 x10:0x001018dc x10=0x001018e4
          12330	      6161	00100100	00068863	beq	x13,x0,100110	 x13:0x00000000  x0:0x00000000
          12334	      6163	00100110	00000513	addi	x10,x0,0	  x0:0x00000000 x10=0x00000000
          12338	      6165	00100114	00008067	jalr	x0,0(x1)	  x1:0x001014b0  x0=0x00000000
          12342	      6167	001014b0	9f0c2503	lw	x10,-1552(x24)	 x24:0x00102000 x10=0x00000010 PA:0x001019f0 store:0x00000030
          12344	      6168	001014b4	00102bb7	lui	x23,0x102	 x23=0x00102000
          12348	      6170	001014b8	c69fe0ef	jal	x1,100120	  x1=0x001014bc
          12350	      6171	00100120	01c55793	srli	x15,x10,0x1c	 x10:0x00000010 x15=0x00000000
          12352	      6172	00100124	00900713	addi	x14,x0,9	  x0:0x00000000 x14=0x00000009
          12356	      6174	00100128	0cf77a63	bgeu	x14,x15,1001fc	 x14:0x00000009 x15:0x00000000
          12360	      6176	001001fc	03078393	addi	x7,x15,48	 x15:0x00000000  x7=0x00000030
          12362	      6177	00100200	000205b7	lui	x11,0x20	 x11=0x00020000
          12364	      6178	00100204	00451613	slli	x12,x10,0x4	 x10:0x00000010 x12=0x00000100
          12368	      6180	00100208	0075a023	sw	x7,0(x11)	 x11:0x00020000  x7:0x00000030 PA:0x00020000 store:0x00000030 load:0x00000000
          12370	      6181	0010020c	01c65693	srli	x13,x12,0x1c	 x12:0x00000100 x13=0x00000000
          12372	      6182	00100210	00900813	addi	x16,x0,9	  x0:0x00000000 x16=0x00000009
          12374	      6183	00100214	f2d86ae3	bltu	x16,x13,100148	 x16:0x00000009 x13:0x00000000
          12376	      6184	00100218	03068e93	addi	x29,x13,48	 x13:0x00000000 x29=0x00000030
          12378	      6185	0010021c	00020f37	lui	x30,0x20	 x30=0x00020000
          12380	      6186	00100220	00851f93	slli	x31,x10,0x8	 x10:0x00000010 x31=0x00001000
          12384	      6188	00100224	01df2023	sw	x29,0(x30)	 x30:0x00020000 x29:0x00000030 PA:0x00020000 store:0x00000030 load:0x00000000
          12386	      6189	00100228	01cfd793	srli	x15,x31,0x1c	 x31:0x00001000 x15=0x00000000
          12388	      6190	0010022c	00900713	addi	x14,x0,9	  x0:0x00000000 x14=0x00000009
          12390	      6191	00100230	f2f76ae3	bltu	x14,x15,100164	 x14:0x00000009 x15:0x00000000
          12392	      6192	00100234	03078393	addi	x7,x15,48	 x15:0x00000000  x7=0x00000030
          12394	      6193	00100238	000205b7	lui	x11,0x20	 x11=0x00020000
          12396	      6194	0010023c	00c51613	slli	x12,x10,0xc	 x10:0x00000010 x12=0x00010000
          12400	      6196	00100240	0075a023	sw	x7,0(x11)	 x11:0x00020000  x7:0x00000030 PA:0x00020000 store:0x00000030 load:0x00000000
          12402	      6197	00100244	01c65693	srli	x13,x12,0x1c	 x12:0x00010000 x13=0x00000000
          12404	      6198	00100248	00900813	addi	x16,x0,9	  x0:0x00000000 x16=0x00000009
          12406	      6199	0010024c	f2d86ae3	bltu	x16,x13,100180	 x16:0x00000009 x13:0x00000000
          12408	      6200	00100250	03068e93	addi	x29,x13,48	 x13:0x00000000 x29=0x00000030
          12410	      6201	00100254	00020f37	lui	x30,0x20	 x30=0x00020000
          12412	      6202	00100258	01051f93	slli	x31,x10,0x10	 x10:0x00000010 x31=0x00100000
          12416	      6204	0010025c	01df2023	sw	x29,0(x30)	 x30:0x00020000 x29:0x00000030 PA:0x00020000 store:0x00000030 load:0x00000000
          12418	      6205	00100260	01cfd793	srli	x15,x31,0x1c	 x31:0x00100000 x15=0x00000000
          12420	      6206	00100264	00900713	addi	x14,x0,9	  x0:0x00000000 x14=0x00000009
          12422	      6207	00100268	f2f76ae3	bltu	x14,x15,10019c	 x14:0x00000009 x15:0x00000000
          12424	      6208	0010026c	03078393	addi	x7,x15,48	 x15:0x00000000  x7=0x00000030
          12426	      6209	00100270	000205b7	lui	x11,0x20	 x11=0x00020000
          12428	      6210	00100274	01451613	slli	x12,x10,0x14	 x10:0x00000010 x12=0x01000000
          12432	      6212	00100278	0075a023	sw	x7,0(x11)	 x11:0x00020000  x7:0x00000030 PA:0x00020000 store:0x00000030 load:0x00000000
          12434	      6213	0010027c	01c65693	srli	x13,x12,0x1c	 x12:0x01000000 x13=0x00000000
          12436	      6214	00100280	00900813	addi	x16,x0,9	  x0:0x00000000 x16=0x00000009
          12438	      6215	00100284	f2d86ae3	bltu	x16,x13,1001b8	 x16:0x00000009 x13:0x00000000
          12440	      6216	00100288	03068e93	addi	x29,x13,48	 x13:0x00000000 x29=0x00000030
          12442	      6217	0010028c	00020f37	lui	x30,0x20	 x30=0x00020000
          12444	      6218	00100290	01851f93	slli	x31,x10,0x18	 x10:0x00000010 x31=0x10000000
          12448	      6220	00100294	01df2023	sw	x29,0(x30)	 x30:0x00020000 x29:0x00000030 PA:0x00020000 store:0x00000030 load:0x00000000
          12450	      6221	00100298	01cfd793	srli	x15,x31,0x1c	 x31:0x10000000 x15=0x00000001
          12452	      6222	0010029c	00900713	addi	x14,x0,9	  x0:0x00000000 x14=0x00000009
          12454	      6223	001002a0	f2f76ae3	bltu	x14,x15,1001d4	 x14:0x00000009 x15:0x00000001
          12456	      6224	001002a4	03078393	addi	x7,x15,48	 x15:0x00000001  x7=0x00000031
          12458	      6225	001002a8	000205b7	lui	x11,0x20	 x11=0x00020000
          12462	      6227	001002ac	0075a023	sw	x7,0(x11)	 x11:0x00020000  x7:0x00000031 PA:0x00020000 store:0x00000031 load:0x00000000
          12464	      6228	001002b0	00f57513	andi	x10,x10,15	 x10:0x00000010 x10=0x00000000
          12466	      6229	001002b4	00900613	addi	x12,x0,9	  x0:0x00000000 x12=0x00000009
          12470	      6231	001002b8	f2a67ae3	bgeu	x12,x10,1001ec	 x12:0x00000009 x10:0x00000000
          12474	      6233	001001ec	03050893	addi	x17,x10,48	 x10:0x00000000 x17=0x00000030
          12476	      6234	001001f0	00020e37	lui	x28,0x20	 x28=0x00020000
          12480	      6236	001001f4	011e2023	sw	x17,0(x28)	 x28:0x00020000 x17:0x00000030 PA:0x00020000 store:0x00000030 load:0x00000000
          12484	      6238	001001f8	00008067	jalr	x0,0(x1)	  x1:0x001014bc  x0=0x00000000
          12486	      6239	001014bc	001017b7	lui	x15,0x101	 x15=0x00101000
          12490	      6241	001014c0	6a47ad03	lw	x26,1700(x15)	 x15:0x00101000 x26=0x7f167699 PA:0x001016a4 store:0x00000000
          12492	      6242	001014c4	00101337	lui	x6,0x101	  x6=0x00101000
          12496	      6244	001014c8	6a832903	lw	x18,1704(x6)	  x6:0x00101000 x18=0x7f1dfc87 PA:0x001016a8 store:0x00000047
          12500	      6246	001014cc	a1aa2e23	sw	x26,-1508(x20)	 x20:0x00102000 x26:0x7f167699 PA:0x00101a1c store:0x7f167699 load:0x7f1dfc87
          12502	      6247	001014d0	001023b7	lui	x7,0x102	  x7=0x00102000
          12506	      6249	001014d4	a129ac23	sw	x18,-1512(x19)	 x19:0x00102000 x18:0x7f1dfc87 PA:0x00101a18 store:0x7f1dfc87 load:0x7f1dfc87
          12510	      6251	001014d8	a1ca2583	lw	x11,-1508(x20)	 x20:0x00102000 x11=0x7f167699 PA:0x00101a1c store:0x00020000
          12514	      6253	001014dc	a189a603	lw	x12,-1512(x19)	 x19:0x00102000 x12=0x7f1dfc87 PA:0x00101a18 store:0x00102000
          12522	      6257	001014e0	8e438513	addi	x10,x7,-1820	  x7:0x00102000 x10=0x001018e4
          12524	      6258	001014e4	28c588d3	fmin.s	f17,f11,f12	 f11:0x7f167699 f12:0x7f1dfc87 f17=0x7f167699
          12526	      6259	001014e8	9f1aac23	sw	x17,-1544(x21)	 x21:0x00102000 x17:0x7f167699 PA:0x001019f8 store:0x7f167699 load:0x7f1dfc87
          12528	      6260	001014ec	bb5fe0ef	jal	x1,1000a0	  x1=0x001014f0
          12532	      6262	001000a0	00054803	lbu	x16,0(x10)	 x10:0x001018e4 x16=0x0000000a PA:0x001018e4 store:0x00000000
          12534	      6263	001000a4	06080663	beq	x16,x0,100110	 x16:0x0000000a  x0:0x00000000
          12536	      6264	001000a8	000207b7	lui	x15,0x20	 x15=0x00020000
          12540	      6266	001000ac	0107a023	sw	x16,0(x15)	 x15:0x00020000 x16:0x0000000a PA:0x00020000 store:0x0000000a load:0x00000000
          12544	      6268	001000b0	00154703	lbu	x14,1(x10)	 x10:0x001018e4 x14=0x00000020 PA:0x001018e5 store:0x001014f0
          12546	      6269	001000b4	04070e63	beq	x14,x0,100110	 x14:0x00000020  x0:0x00000000
          12550	      6271	001000b8	00e7a023	sw	x14,0(x15)	 x15:0x00020000 x14:0x00000020 PA:0x00020000 store:0x00000020 load:0x00000000
          12554	      6273	001000bc	00254283	lbu	x5,2(x10)	 x10:0x001018e4  x5=0x0000004d PA:0x001018e6 store:0x00137fc0
          12556	      6274	001000c0	04028863	beq	x5,x0,100110	  x5:0x0000004d  x0:0x00000000
          12560	      6276	001000c4	0057a023	sw	x5,0(x15)	 x15:0x00020000  x5:0x0000004d PA:0x00020000 store:0x0000004d load:0x00000000
          12564	      6278	001000c8	00354303	lbu	x6,3(x10)	 x10:0x001018e4  x6=0x00000069 PA:0x001018e7 store:0x00000000
          12566	      6279	001000cc	04030263	beq	x6,x0,100110	  x6:0x00000069  x0:0x00000000
          12570	      6281	001000d0	0067a023	sw	x6,0(x15)	 x15:0x00020000  x6:0x00000069 PA:0x00020000 store:0x00000069 load:0x00000000
          12574	      6283	001000d4	00454383	lbu	x7,4(x10)	 x10:0x001018e4  x7=0x0000006e PA:0x001018e8 store:0x00000000
          12576	      6284	001000d8	02038c63	beq	x7,x0,100110	  x7:0x0000006e  x0:0x00000000
          12580	      6286	001000dc	0077a023	sw	x7,0(x15)	 x15:0x00020000  x7:0x0000006e PA:0x00020000 store:0x0000006e load:0x00000000
          12584	      6288	001000e0	00554583	lbu	x11,5(x10)	 x10:0x001018e4 x11=0x00000028 PA:0x001018e9 store:0x0000004d
          12586	      6289	001000e4	02058663	beq	x11,x0,100110	 x11:0x00000028  x0:0x00000000
          12590	      6291	001000e8	00b7a023	sw	x11,0(x15)	 x15:0x00020000 x11:0x00000028 PA:0x00020000 store:0x00000028 load:0x00000000
          12594	      6293	001000ec	00654603	lbu	x12,6(x10)	 x10:0x001018e4 x12=0x00000032 PA:0x001018ea store:0x00000069
          12596	      6294	001000f0	02060063	beq	x12,x0,100110	 x12:0x00000032  x0:0x00000000
          12600	      6296	001000f4	00c7a023	sw	x12,0(x15)	 x15:0x00020000 x12:0x00000032 PA:0x00020000 store:0x00000032 load:0x00000000
          12604	      6298	001000f8	00754683	lbu	x13,7(x10)	 x10:0x001018e4 x13=0x0000002e PA:0x001018eb store:0x0000006e
          12606	      6299	001000fc	00850513	addi	x10,x10,8	 x10:0x001018e4 x10=0x001018ec
          12608	      6300	00100100	00068863	beq	x13,x0,100110	 x13:0x0000002e  x0:0x00000000
          12612	      6302	00100104	00d7a023	sw	x13,0(x15)	 x15:0x00020000 x13:0x0000002e PA:0x00020000 store:0x0000002e load:0x00000000
          12616	      6304	00100108	00054803	lbu	x16,0(x10)	 x10:0x001018ec x16=0x00000030 PA:0x001018ec store:0x00000000
          12620	      6306	0010010c	fa0810e3	bne	x16,x0,1000ac	 x16:0x00000030  x0:0x00000000
          12626	      6309	001000ac	0107a023	sw	x16,0(x15)	 x15:0x00020000 x16:0x00000030 PA:0x00020000 store:0x00000030 load:0x00000000
          12630	      6311	001000b0	00154703	lbu	x14,1(x10)	 x10:0x001018ec x14=0x00000065 PA:0x001018ed store:0x001014f0
          12632	      6312	001000b4	04070e63	beq	x14,x0,100110	 x14:0x00000065  x0:0x00000000
          12636	      6314	001000b8	00e7a023	sw	x14,0(x15)	 x15:0x00020000 x14:0x00000065 PA:0x00020000 store:0x00000065 load:0x00000000
          12640	      6316	001000bc	00254283	lbu	x5,2(x10)	 x10:0x001018ec  x5=0x00000033 PA:0x001018ee store:0x00137fc0
          12642	      6317	001000c0	04028863	beq	x5,x0,100110	  x5:0x00000033  x0:0x00000000
          12646	      6319	001000c4	0057a023	sw	x5,0(x15)	 x15:0x00020000  x5:0x00000033 PA:0x00020000 store:0x00000033 load:0x00000000
          12650	      6321	001000c8	00354303	lbu	x6,3(x10)	 x10:0x001018ec  x6=0x00000038 PA:0x001018ef store:0x00000000
          12652	      6322	001000cc	04030263	beq	x6,x0,100110	  x6:0x00000038  x0:0x00000000
          12656	      6324	001000d0	0067a023	sw	x6,0(x15)	 x15:0x00020000  x6:0x00000038 PA:0x00020000 store:0x00000038 load:0x00000000
          12660	      6326	001000d4	00454383	lbu	x7,4(x10)	 x10:0x001018ec  x7=0x00000066 PA:0x001018f0 store:0x00000000
          12662	      6327	001000d8	02038c63	beq	x7,x0,100110	  x7:0x00000066  x0:0x00000000
          12666	      6329	001000dc	0077a023	sw	x7,0(x15)	 x15:0x00020000  x7:0x00000066 PA:0x00020000 store:0x00000066 load:0x00000000
          12670	      6331	001000e0	00554583	lbu	x11,5(x10)	 x10:0x001018ec x11=0x0000002c PA:0x001018f1 store:0x00000033
          12672	      6332	001000e4	02058663	beq	x11,x0,100110	 x11:0x0000002c  x0:0x00000000
          12676	      6334	001000e8	00b7a023	sw	x11,0(x15)	 x15:0x00020000 x11:0x0000002c PA:0x00020000 store:0x0000002c load:0x00000000
          12680	      6336	001000ec	00654603	lbu	x12,6(x10)	 x10:0x001018ec x12=0x00000020 PA:0x001018f2 store:0x00000038
          12682	      6337	001000f0	02060063	beq	x12,x0,100110	 x12:0x00000020  x0:0x00000000
          12686	      6339	001000f4	00c7a023	sw	x12,0(x15)	 x15:0x00020000 x12:0x00000020 PA:0x00020000 store:0x00000020 load:0x00000000
          12690	      6341	001000f8	00754683	lbu	x13,7(x10)	 x10:0x001018ec x13=0x00000032 PA:0x001018f3 store:0x00000066
          12692	      6342	001000fc	00850513	addi	x10,x10,8	 x10:0x001018ec x10=0x001018f4
          12694	      6343	00100100	00068863	beq	x13,x0,100110	 x13:0x00000032  x0:0x00000000
          12698	      6345	00100104	00d7a023	sw	x13,0(x15)	 x15:0x00020000 x13:0x00000032 PA:0x00020000 store:0x00000032 load:0x00000000
          12702	      6347	00100108	00054803	lbu	x16,0(x10)	 x10:0x001018f4 x16=0x0000002e PA:0x001018f4 store:0x00000000
          12706	      6349	0010010c	fa0810e3	bne	x16,x0,1000ac	 x16:0x0000002e  x0:0x00000000
          12712	      6352	001000ac	0107a023	sw	x16,0(x15)	 x15:0x00020000 x16:0x0000002e PA:0x00020000 store:0x0000002e load:0x00000000
          12716	      6354	001000b0	00154703	lbu	x14,1(x10)	 x10:0x001018f4 x14=0x00000031 PA:0x001018f5 store:0x001014f0
          12718	      6355	001000b4	04070e63	beq	x14,x0,100110	 x14:0x00000031  x0:0x00000000
          12722	      6357	001000b8	00e7a023	sw	x14,0(x15)	 x15:0x00020000 x14:0x00000031 PA:0x00020000 store:0x00000031 load:0x00000000
          12726	      6359	001000bc	00254283	lbu	x5,2(x10)	 x10:0x001018f4  x5=0x00000065 PA:0x001018f6 store:0x00137fc0
          12728	      6360	001000c0	04028863	beq	x5,x0,100110	  x5:0x00000065  x0:0x00000000
          12732	      6362	001000c4	0057a023	sw	x5,0(x15)	 x15:0x00020000  x5:0x00000065 PA:0x00020000 store:0x00000065 load:0x00000000
          12736	      6364	001000c8	00354303	lbu	x6,3(x10)	 x10:0x001018f4  x6=0x00000033 PA:0x001018f7 store:0x00000000
          12738	      6365	001000cc	04030263	beq	x6,x0,100110	  x6:0x00000033  x0:0x00000000
          12742	      6367	001000d0	0067a023	sw	x6,0(x15)	 x15:0x00020000  x6:0x00000033 PA:0x00020000 store:0x00000033 load:0x00000000
          12746	      6369	001000d4	00454383	lbu	x7,4(x10)	 x10:0x001018f4  x7=0x00000038 PA:0x001018f8 store:0x00000000
          12748	      6370	001000d8	02038c63	beq	x7,x0,100110	  x7:0x00000038  x0:0x00000000
          12752	      6372	001000dc	0077a023	sw	x7,0(x15)	 x15:0x00020000  x7:0x00000038 PA:0x00020000 store:0x00000038 load:0x00000000
          12756	      6374	001000e0	00554583	lbu	x11,5(x10)	 x10:0x001018f4 x11=0x00000066 PA:0x001018f9 store:0x00000065
          12758	      6375	001000e4	02058663	beq	x11,x0,100110	 x11:0x00000066  x0:0x00000000
          12762	      6377	001000e8	00b7a023	sw	x11,0(x15)	 x15:0x00020000 x11:0x00000066 PA:0x00020000 store:0x00000066 load:0x00000000
          12766	      6379	001000ec	00654603	lbu	x12,6(x10)	 x10:0x001018f4 x12=0x00000029 PA:0x001018fa store:0x00000033
          12768	      6380	001000f0	02060063	beq	x12,x0,100110	 x12:0x00000029  x0:0x00000000
          12772	      6382	001000f4	00c7a023	sw	x12,0(x15)	 x15:0x00020000 x12:0x00000029 PA:0x00020000 store:0x00000029 load:0x00000000
          12776	      6384	001000f8	00754683	lbu	x13,7(x10)	 x10:0x001018f4 x13=0x0000002c PA:0x001018fb store:0x00000038
          12778	      6385	001000fc	00850513	addi	x10,x10,8	 x10:0x001018f4 x10=0x001018fc
          12780	      6386	00100100	00068863	beq	x13,x0,100110	 x13:0x0000002c  x0:0x00000000
          12784	      6388	00100104	00d7a023	sw	x13,0(x15)	 x15:0x00020000 x13:0x0000002c PA:0x00020000 store:0x0000002c load:0x00000000
          12788	      6390	00100108	00054803	lbu	x16,0(x10)	 x10:0x001018fc x16=0x00000020 PA:0x001018fc store:0x00000000
          12792	      6392	0010010c	fa0810e3	bne	x16,x0,1000ac	 x16:0x00000020  x0:0x00000000
          12798	      6395	001000ac	0107a023	sw	x16,0(x15)	 x15:0x00020000 x16:0x00000020 PA:0x00020000 store:0x00000020 load:0x00000000
          12802	      6397	001000b0	00154703	lbu	x14,1(x10)	 x10:0x001018fc x14=0x00000065 PA:0x001018fd store:0x001014f0
          12804	      6398	001000b4	04070e63	beq	x14,x0,100110	 x14:0x00000065  x0:0x00000000
          12808	      6400	001000b8	00e7a023	sw	x14,0(x15)	 x15:0x00020000 x14:0x00000065 PA:0x00020000 store:0x00000065 load:0x00000000
          12812	      6402	001000bc	00254283	lbu	x5,2(x10)	 x10:0x001018fc  x5=0x00000078 PA:0x001018fe store:0x00137fc0
          12814	      6403	001000c0	04028863	beq	x5,x0,100110	  x5:0x00000078  x0:0x00000000
          12818	      6405	001000c4	0057a023	sw	x5,0(x15)	 x15:0x00020000  x5:0x00000078 PA:0x00020000 store:0x00000078 load:0x00000000
          12822	      6407	001000c8	00354303	lbu	x6,3(x10)	 x10:0x001018fc  x6=0x00000070 PA:0x001018ff store:0x00000000
          12824	      6408	001000cc	04030263	beq	x6,x0,100110	  x6:0x00000070  x0:0x00000000
          12828	      6410	001000d0	0067a023	sw	x6,0(x15)	 x15:0x00020000  x6:0x00000070 PA:0x00020000 store:0x00000070 load:0x00000000
          12832	      6412	001000d4	00454383	lbu	x7,4(x10)	 x10:0x001018fc  x7=0x00000065 PA:0x00101900 store:0x00000000
          12834	      6413	001000d8	02038c63	beq	x7,x0,100110	  x7:0x00000065  x0:0x00000000
          12838	      6415	001000dc	0077a023	sw	x7,0(x15)	 x15:0x00020000  x7:0x00000065 PA:0x00020000 store:0x00000065 load:0x00000000
          12842	      6417	001000e0	00554583	lbu	x11,5(x10)	 x10:0x001018fc x11=0x00000063 PA:0x00101901 store:0x00000078
          12844	      6418	001000e4	02058663	beq	x11,x0,100110	 x11:0x00000063  x0:0x00000000
          12848	      6420	001000e8	00b7a023	sw	x11,0(x15)	 x15:0x00020000 x11:0x00000063 PA:0x00020000 store:0x00000063 load:0x00000000
          12852	      6422	001000ec	00654603	lbu	x12,6(x10)	 x10:0x001018fc x12=0x00000074 PA:0x00101902 store:0x00000070
          12854	      6423	001000f0	02060063	beq	x12,x0,100110	 x12:0x00000074  x0:0x00000000
          12858	      6425	001000f4	00c7a023	sw	x12,0(x15)	 x15:0x00020000 x12:0x00000074 PA:0x00020000 store:0x00000074 load:0x00000000
          12862	      6427	001000f8	00754683	lbu	x13,7(x10)	 x10:0x001018fc x13=0x00000069 PA:0x00101903 store:0x00000065
          12864	      6428	001000fc	00850513	addi	x10,x10,8	 x10:0x001018fc x10=0x00101904
          12866	      6429	00100100	00068863	beq	x13,x0,100110	 x13:0x00000069  x0:0x00000000
          12870	      6431	00100104	00d7a023	sw	x13,0(x15)	 x15:0x00020000 x13:0x00000069 PA:0x00020000 store:0x00000069 load:0x00000000
          12874	      6433	00100108	00054803	lbu	x16,0(x10)	 x10:0x00101904 x16=0x0000006e PA:0x00101904 store:0x00000000
          12878	      6435	0010010c	fa0810e3	bne	x16,x0,1000ac	 x16:0x0000006e  x0:0x00000000
          12884	      6438	001000ac	0107a023	sw	x16,0(x15)	 x15:0x00020000 x16:0x0000006e PA:0x00020000 store:0x0000006e load:0x00000000
          12888	      6440	001000b0	00154703	lbu	x14,1(x10)	 x10:0x00101904 x14=0x00000067 PA:0x00101905 store:0x001014f0
          12890	      6441	001000b4	04070e63	beq	x14,x0,100110	 x14:0x00000067  x0:0x00000000
          12894	      6443	001000b8	00e7a023	sw	x14,0(x15)	 x15:0x00020000 x14:0x00000067 PA:0x00020000 store:0x00000067 load:0x00000000
          12898	      6445	001000bc	00254283	lbu	x5,2(x10)	 x10:0x00101904  x5=0x0000003a PA:0x00101906 store:0x00137fc0
          12900	      6446	001000c0	04028863	beq	x5,x0,100110	  x5:0x0000003a  x0:0x00000000
          12904	      6448	001000c4	0057a023	sw	x5,0(x15)	 x15:0x00020000  x5:0x0000003a PA:0x00020000 store:0x0000003a load:0x00000000
          12908	      6450	001000c8	00354303	lbu	x6,3(x10)	 x10:0x00101904  x6=0x00000020 PA:0x00101907 store:0x00000000
          12910	      6451	001000cc	04030263	beq	x6,x0,100110	  x6:0x00000020  x0:0x00000000
          12914	      6453	001000d0	0067a023	sw	x6,0(x15)	 x15:0x00020000  x6:0x00000020 PA:0x00020000 store:0x00000020 load:0x00000000
          12918	      6455	001000d4	00454383	lbu	x7,4(x10)	 x10:0x00101904  x7=0x00000030 PA:0x00101908 store:0x00000000
          12920	      6456	001000d8	02038c63	beq	x7,x0,100110	  x7:0x00000030  x0:0x00000000
          12924	      6458	001000dc	0077a023	sw	x7,0(x15)	 x15:0x00020000  x7:0x00000030 PA:0x00020000 store:0x00000030 load:0x00000000
          12928	      6460	001000e0	00554583	lbu	x11,5(x10)	 x10:0x00101904 x11=0x00000078 PA:0x00101909 store:0x0000003a
          12930	      6461	001000e4	02058663	beq	x11,x0,100110	 x11:0x00000078  x0:0x00000000
          12934	      6463	001000e8	00b7a023	sw	x11,0(x15)	 x15:0x00020000 x11:0x00000078 PA:0x00020000 store:0x00000078 load:0x00000000
          12938	      6465	001000ec	00654603	lbu	x12,6(x10)	 x10:0x00101904 x12=0x00000037 PA:0x0010190a store:0x00000020
          12940	      6466	001000f0	02060063	beq	x12,x0,100110	 x12:0x00000037  x0:0x00000000
          12944	      6468	001000f4	00c7a023	sw	x12,0(x15)	 x15:0x00020000 x12:0x00000037 PA:0x00020000 store:0x00000037 load:0x00000000
          12948	      6470	001000f8	00754683	lbu	x13,7(x10)	 x10:0x00101904 x13=0x00000066 PA:0x0010190b store:0x00000030
          12950	      6471	001000fc	00850513	addi	x10,x10,8	 x10:0x00101904 x10=0x0010190c
          12952	      6472	00100100	00068863	beq	x13,x0,100110	 x13:0x00000066  x0:0x00000000
          12956	      6474	00100104	00d7a023	sw	x13,0(x15)	 x15:0x00020000 x13:0x00000066 PA:0x00020000 store:0x00000066 load:0x00000000
          12960	      6476	00100108	00054803	lbu	x16,0(x10)	 x10:0x0010190c x16=0x00000031 PA:0x0010190c store:0x00000000
          12964	      6478	0010010c	fa0810e3	bne	x16,x0,1000ac	 x16:0x00000031  x0:0x00000000
          12970	      6481	001000ac	0107a023	sw	x16,0(x15)	 x15:0x00020000 x16:0x00000031 PA:0x00020000 store:0x00000031 load:0x00000000
          12974	      6483	001000b0	00154703	lbu	x14,1(x10)	 x10:0x0010190c x14=0x00000036 PA:0x0010190d store:0x001014f0
          12976	      6484	001000b4	04070e63	beq	x14,x0,100110	 x14:0x00000036  x0:0x00000000
          12980	      6486	001000b8	00e7a023	sw	x14,0(x15)	 x15:0x00020000 x14:0x00000036 PA:0x00020000 store:0x00000036 load:0x00000000
          12984	      6488	001000bc	00254283	lbu	x5,2(x10)	 x10:0x0010190c  x5=0x00000037 PA:0x0010190e store:0x00137fc0
          12986	      6489	001000c0	04028863	beq	x5,x0,100110	  x5:0x00000037  x0:0x00000000
          12990	      6491	001000c4	0057a023	sw	x5,0(x15)	 x15:0x00020000  x5:0x00000037 PA:0x00020000 store:0x00000037 load:0x00000000
          12994	      6493	001000c8	00354303	lbu	x6,3(x10)	 x10:0x0010190c  x6=0x00000036 PA:0x0010190f store:0x00000000
          12996	      6494	001000cc	04030263	beq	x6,x0,100110	  x6:0x00000036  x0:0x00000000
          13000	      6496	001000d0	0067a023	sw	x6,0(x15)	 x15:0x00020000  x6:0x00000036 PA:0x00020000 store:0x00000036 load:0x00000000
          13004	      6498	001000d4	00454383	lbu	x7,4(x10)	 x10:0x0010190c  x7=0x00000039 PA:0x00101910 store:0x00000000
          13006	      6499	001000d8	02038c63	beq	x7,x0,100110	  x7:0x00000039  x0:0x00000000
          13010	      6501	001000dc	0077a023	sw	x7,0(x15)	 x15:0x00020000  x7:0x00000039 PA:0x00020000 store:0x00000039 load:0x00000000
          13014	      6503	001000e0	00554583	lbu	x11,5(x10)	 x10:0x0010190c x11=0x00000039 PA:0x00101911 store:0x00000037
          13016	      6504	001000e4	02058663	beq	x11,x0,100110	 x11:0x00000039  x0:0x00000000
          13020	      6506	001000e8	00b7a023	sw	x11,0(x15)	 x15:0x00020000 x11:0x00000039 PA:0x00020000 store:0x00000039 load:0x00000000
          13024	      6508	001000ec	00654603	lbu	x12,6(x10)	 x10:0x0010190c x12=0x0000003a PA:0x00101912 store:0x00000036
          13026	      6509	001000f0	02060063	beq	x12,x0,100110	 x12:0x0000003a  x0:0x00000000
          13030	      6511	001000f4	00c7a023	sw	x12,0(x15)	 x15:0x00020000 x12:0x0000003a PA:0x00020000 store:0x0000003a load:0x00000000
          13034	      6513	001000f8	00754683	lbu	x13,7(x10)	 x10:0x0010190c x13=0x00000020 PA:0x00101913 store:0x00000039
          13036	      6514	001000fc	00850513	addi	x10,x10,8	 x10:0x0010190c x10=0x00101914
          13038	      6515	00100100	00068863	beq	x13,x0,100110	 x13:0x00000020  x0:0x00000000
          13042	      6517	00100104	00d7a023	sw	x13,0(x15)	 x15:0x00020000 x13:0x00000020 PA:0x00020000 store:0x00000020 load:0x00000000
          13046	      6519	00100108	00054803	lbu	x16,0(x10)	 x10:0x00101914 x16=0x00000000 PA:0x00101914 store:0x00000000
          13048	      6520	0010010c	fa0810e3	bne	x16,x0,1000ac	 x16:0x00000000  x0:0x00000000
          13050	      6521	00100110	00000513	addi	x10,x0,0	  x0:0x00000000 x10=0x00000000
          13054	      6523	00100114	00008067	jalr	x0,0(x1)	  x1:0x001014f0  x0=0x00000000
          13058	      6525	001014f0	9f0c2503	lw	x10,-1552(x24)	 x24:0x00102000 x10=0x00000010 PA:0x001019f0 store:0x00000000
          13062	      6527	001014f4	c2dfe0ef	jal	x1,100120	  x1=0x001014f8
          13064	      6528	00100120	01c55793	srli	x15,x10,0x1c	 x10:0x00000010 x15=0x00000000
          13066	      6529	00100124	00900713	addi	x14,x0,9	  x0:0x00000000 x14=0x00000009
          13070	      6531	00100128	0cf77a63	bgeu	x14,x15,1001fc	 x14:0x00000009 x15:0x00000000
          13074	      6533	001001fc	03078393	addi	x7,x15,48	 x15:0x00000000  x7=0x00000030
          13076	      6534	00100200	000205b7	lui	x11,0x20	 x11=0x00020000
          13078	      6535	00100204	00451613	slli	x12,x10,0x4	 x10:0x00000010 x12=0x00000100
          13082	      6537	00100208	0075a023	sw	x7,0(x11)	 x11:0x00020000  x7:0x00000030 PA:0x00020000 store:0x00000030 load:0x00000000
          13084	      6538	0010020c	01c65693	srli	x13,x12,0x1c	 x12:0x00000100 x13=0x00000000
          13086	      6539	00100210	00900813	addi	x16,x0,9	  x0:0x00000000 x16=0x00000009
          13088	      6540	00100214	f2d86ae3	bltu	x16,x13,100148	 x16:0x00000009 x13:0x00000000
          13090	      6541	00100218	03068e93	addi	x29,x13,48	 x13:0x00000000 x29=0x00000030
          13092	      6542	0010021c	00020f37	lui	x30,0x20	 x30=0x00020000
          13094	      6543	00100220	00851f93	slli	x31,x10,0x8	 x10:0x00000010 x31=0x00001000
          13098	      6545	00100224	01df2023	sw	x29,0(x30)	 x30:0x00020000 x29:0x00000030 PA:0x00020000 store:0x00000030 load:0x00000000
          13100	      6546	00100228	01cfd793	srli	x15,x31,0x1c	 x31:0x00001000 x15=0x00000000
          13102	      6547	0010022c	00900713	addi	x14,x0,9	  x0:0x00000000 x14=0x00000009
          13104	      6548	00100230	f2f76ae3	bltu	x14,x15,100164	 x14:0x00000009 x15:0x00000000
          13106	      6549	00100234	03078393	addi	x7,x15,48	 x15:0x00000000  x7=0x00000030
          13108	      6550	00100238	000205b7	lui	x11,0x20	 x11=0x00020000
          13110	      6551	0010023c	00c51613	slli	x12,x10,0xc	 x10:0x00000010 x12=0x00010000
          13114	      6553	00100240	0075a023	sw	x7,0(x11)	 x11:0x00020000  x7:0x00000030 PA:0x00020000 store:0x00000030 load:0x00000000
          13116	      6554	00100244	01c65693	srli	x13,x12,0x1c	 x12:0x00010000 x13=0x00000000
          13118	      6555	00100248	00900813	addi	x16,x0,9	  x0:0x00000000 x16=0x00000009
          13120	      6556	0010024c	f2d86ae3	bltu	x16,x13,100180	 x16:0x00000009 x13:0x00000000
          13122	      6557	00100250	03068e93	addi	x29,x13,48	 x13:0x00000000 x29=0x00000030
          13124	      6558	00100254	00020f37	lui	x30,0x20	 x30=0x00020000
          13126	      6559	00100258	01051f93	slli	x31,x10,0x10	 x10:0x00000010 x31=0x00100000
          13130	      6561	0010025c	01df2023	sw	x29,0(x30)	 x30:0x00020000 x29:0x00000030 PA:0x00020000 store:0x00000030 load:0x00000000
          13132	      6562	00100260	01cfd793	srli	x15,x31,0x1c	 x31:0x00100000 x15=0x00000000
          13134	      6563	00100264	00900713	addi	x14,x0,9	  x0:0x00000000 x14=0x00000009
          13136	      6564	00100268	f2f76ae3	bltu	x14,x15,10019c	 x14:0x00000009 x15:0x00000000
          13138	      6565	0010026c	03078393	addi	x7,x15,48	 x15:0x00000000  x7=0x00000030
          13140	      6566	00100270	000205b7	lui	x11,0x20	 x11=0x00020000
          13142	      6567	00100274	01451613	slli	x12,x10,0x14	 x10:0x00000010 x12=0x01000000
          13146	      6569	00100278	0075a023	sw	x7,0(x11)	 x11:0x00020000  x7:0x00000030 PA:0x00020000 store:0x00000030 load:0x00000000
          13148	      6570	0010027c	01c65693	srli	x13,x12,0x1c	 x12:0x01000000 x13=0x00000000
          13150	      6571	00100280	00900813	addi	x16,x0,9	  x0:0x00000000 x16=0x00000009
          13152	      6572	00100284	f2d86ae3	bltu	x16,x13,1001b8	 x16:0x00000009 x13:0x00000000
          13154	      6573	00100288	03068e93	addi	x29,x13,48	 x13:0x00000000 x29=0x00000030
          13156	      6574	0010028c	00020f37	lui	x30,0x20	 x30=0x00020000
          13158	      6575	00100290	01851f93	slli	x31,x10,0x18	 x10:0x00000010 x31=0x10000000
          13162	      6577	00100294	01df2023	sw	x29,0(x30)	 x30:0x00020000 x29:0x00000030 PA:0x00020000 store:0x00000030 load:0x00000000
          13164	      6578	00100298	01cfd793	srli	x15,x31,0x1c	 x31:0x10000000 x15=0x00000001
          13166	      6579	0010029c	00900713	addi	x14,x0,9	  x0:0x00000000 x14=0x00000009
          13168	      6580	001002a0	f2f76ae3	bltu	x14,x15,1001d4	 x14:0x00000009 x15:0x00000001
          13170	      6581	001002a4	03078393	addi	x7,x15,48	 x15:0x00000001  x7=0x00000031
          13172	      6582	001002a8	000205b7	lui	x11,0x20	 x11=0x00020000
          13176	      6584	001002ac	0075a023	sw	x7,0(x11)	 x11:0x00020000  x7:0x00000031 PA:0x00020000 store:0x00000031 load:0x00000000
          13178	      6585	001002b0	00f57513	andi	x10,x10,15	 x10:0x00000010 x10=0x00000000
          13180	      6586	001002b4	00900613	addi	x12,x0,9	  x0:0x00000000 x12=0x00000009
          13184	      6588	001002b8	f2a67ae3	bgeu	x12,x10,1001ec	 x12:0x00000009 x10:0x00000000
          13188	      6590	001001ec	03050893	addi	x17,x10,48	 x10:0x00000000 x17=0x00000030
          13190	      6591	001001f0	00020e37	lui	x28,0x20	 x28=0x00020000
          13194	      6593	001001f4	011e2023	sw	x17,0(x28)	 x28:0x00020000 x17:0x00000030 PA:0x00020000 store:0x00000030 load:0x00000000
          13198	      6595	001001f8	00008067	jalr	x0,0(x1)	  x1:0x001014f8  x0=0x00000000
          13200	      6596	001014f8	00102537	lui	x10,0x102	 x10=0x00102000
          13202	      6597	001014fc	91850513	addi	x10,x10,-1768	 x10:0x00102000 x10=0x00101918
          13206	      6599	00101500	ba1fe0ef	jal	x1,1000a0	  x1=0x00101504
          13210	      6601	001000a0	00054803	lbu	x16,0(x10)	 x10:0x00101918 x16=0x0000000a PA:0x00101918 store:0x00000000
          13212	      6602	001000a4	06080663	beq	x16,x0,100110	 x16:0x0000000a  x0:0x00000000
          13214	      6603	001000a8	000207b7	lui	x15,0x20	 x15=0x00020000
          13218	      6605	001000ac	0107a023	sw	x16,0(x15)	 x15:0x00020000 x16:0x0000000a PA:0x00020000 store:0x0000000a load:0x00000000
          13222	      6607	001000b0	00154703	lbu	x14,1(x10)	 x10:0x00101918 x14=0x0000000a PA:0x00101919 store:0x00101504
          13224	      6608	001000b4	04070e63	beq	x14,x0,100110	 x14:0x0000000a  x0:0x00000000
          13228	      6610	001000b8	00e7a023	sw	x14,0(x15)	 x15:0x00020000 x14:0x0000000a PA:0x00020000 store:0x0000000a load:0x00000000
          13232	      6612	001000bc	00254283	lbu	x5,2(x10)	 x10:0x00101918  x5=0x00000054 PA:0x0010191a store:0x00137fc0
          13234	      6613	001000c0	04028863	beq	x5,x0,100110	  x5:0x00000054  x0:0x00000000
          13238	      6615	001000c4	0057a023	sw	x5,0(x15)	 x15:0x00020000  x5:0x00000054 PA:0x00020000 store:0x00000054 load:0x00000000
          13242	      6617	001000c8	00354303	lbu	x6,3(x10)	 x10:0x00101918  x6=0x00000065 PA:0x0010191b store:0x00000000
          13244	      6618	001000cc	04030263	beq	x6,x0,100110	  x6:0x00000065  x0:0x00000000
          13248	      6620	001000d0	0067a023	sw	x6,0(x15)	 x15:0x00020000  x6:0x00000065 PA:0x00020000 store:0x00000065 load:0x00000000
          13252	      6622	001000d4	00454383	lbu	x7,4(x10)	 x10:0x00101918  x7=0x00000073 PA:0x0010191c store:0x00000000
          13254	      6623	001000d8	02038c63	beq	x7,x0,100110	  x7:0x00000073  x0:0x00000000
          13258	      6625	001000dc	0077a023	sw	x7,0(x15)	 x15:0x00020000  x7:0x00000073 PA:0x00020000 store:0x00000073 load:0x00000000
          13262	      6627	001000e0	00554583	lbu	x11,5(x10)	 x10:0x00101918 x11=0x00000074 PA:0x0010191d store:0x00000054
          13264	      6628	001000e4	02058663	beq	x11,x0,100110	 x11:0x00000074  x0:0x00000000
          13268	      6630	001000e8	00b7a023	sw	x11,0(x15)	 x15:0x00020000 x11:0x00000074 PA:0x00020000 store:0x00000074 load:0x00000000
          13272	      6632	001000ec	00654603	lbu	x12,6(x10)	 x10:0x00101918 x12=0x00000069 PA:0x0010191e store:0x00000065
          13274	      6633	001000f0	02060063	beq	x12,x0,100110	 x12:0x00000069  x0:0x00000000
          13278	      6635	001000f4	00c7a023	sw	x12,0(x15)	 x15:0x00020000 x12:0x00000069 PA:0x00020000 store:0x00000069 load:0x00000000
          13282	      6637	001000f8	00754683	lbu	x13,7(x10)	 x10:0x00101918 x13=0x0000006e PA:0x0010191f store:0x00000073
          13284	      6638	001000fc	00850513	addi	x10,x10,8	 x10:0x00101918 x10=0x00101920
          13286	      6639	00100100	00068863	beq	x13,x0,100110	 x13:0x0000006e  x0:0x00000000
          13290	      6641	00100104	00d7a023	sw	x13,0(x15)	 x15:0x00020000 x13:0x0000006e PA:0x00020000 store:0x0000006e load:0x00000000
          13294	      6643	00100108	00054803	lbu	x16,0(x10)	 x10:0x00101920 x16=0x00000067 PA:0x00101920 store:0x00000000
          13298	      6645	0010010c	fa0810e3	bne	x16,x0,1000ac	 x16:0x00000067  x0:0x00000000
          13304	      6648	001000ac	0107a023	sw	x16,0(x15)	 x15:0x00020000 x16:0x00000067 PA:0x00020000 store:0x00000067 load:0x00000000
          13308	      6650	001000b0	00154703	lbu	x14,1(x10)	 x10:0x00101920 x14=0x00000020 PA:0x00101921 store:0x00101504
          13310	      6651	001000b4	04070e63	beq	x14,x0,100110	 x14:0x00000020  x0:0x00000000
          13314	      6653	001000b8	00e7a023	sw	x14,0(x15)	 x15:0x00020000 x14:0x00000020 PA:0x00020000 store:0x00000020 load:0x00000000
          13318	      6655	001000bc	00254283	lbu	x5,2(x10)	 x10:0x00101920  x5=0x0000004d PA:0x00101922 store:0x00137fc0
          13320	      6656	001000c0	04028863	beq	x5,x0,100110	  x5:0x0000004d  x0:0x00000000
          13324	      6658	001000c4	0057a023	sw	x5,0(x15)	 x15:0x00020000  x5:0x0000004d PA:0x00020000 store:0x0000004d load:0x00000000
          13328	      6660	001000c8	00354303	lbu	x6,3(x10)	 x10:0x00101920  x6=0x00000041 PA:0x00101923 store:0x00000000
          13330	      6661	001000cc	04030263	beq	x6,x0,100110	  x6:0x00000041  x0:0x00000000
          13334	      6663	001000d0	0067a023	sw	x6,0(x15)	 x15:0x00020000  x6:0x00000041 PA:0x00020000 store:0x00000041 load:0x00000000
          13338	      6665	001000d4	00454383	lbu	x7,4(x10)	 x10:0x00101920  x7=0x00000058 PA:0x00101924 store:0x00000000
          13340	      6666	001000d8	02038c63	beq	x7,x0,100110	  x7:0x00000058  x0:0x00000000
          13344	      6668	001000dc	0077a023	sw	x7,0(x15)	 x15:0x00020000  x7:0x00000058 PA:0x00020000 store:0x00000058 load:0x00000000
          13348	      6670	001000e0	00554583	lbu	x11,5(x10)	 x10:0x00101920 x11=0x00000020 PA:0x00101925 store:0x0000004d
          13350	      6671	001000e4	02058663	beq	x11,x0,100110	 x11:0x00000020  x0:0x00000000
          13354	      6673	001000e8	00b7a023	sw	x11,0(x15)	 x15:0x00020000 x11:0x00000020 PA:0x00020000 store:0x00000020 load:0x00000000
          13358	      6675	001000ec	00654603	lbu	x12,6(x10)	 x10:0x00101920 x12=0x00000069 PA:0x00101926 store:0x00000041
          13360	      6676	001000f0	02060063	beq	x12,x0,100110	 x12:0x00000069  x0:0x00000000
          13364	      6678	001000f4	00c7a023	sw	x12,0(x15)	 x15:0x00020000 x12:0x00000069 PA:0x00020000 store:0x00000069 load:0x00000000
          13368	      6680	001000f8	00754683	lbu	x13,7(x10)	 x10:0x00101920 x13=0x0000006e PA:0x00101927 store:0x00000058
          13370	      6681	001000fc	00850513	addi	x10,x10,8	 x10:0x00101920 x10=0x00101928
          13372	      6682	00100100	00068863	beq	x13,x0,100110	 x13:0x0000006e  x0:0x00000000
          13376	      6684	00100104	00d7a023	sw	x13,0(x15)	 x15:0x00020000 x13:0x0000006e PA:0x00020000 store:0x0000006e load:0x00000000
          13380	      6686	00100108	00054803	lbu	x16,0(x10)	 x10:0x00101928 x16=0x00000073 PA:0x00101928 store:0x00000000
          13384	      6688	0010010c	fa0810e3	bne	x16,x0,1000ac	 x16:0x00000073  x0:0x00000000
          13390	      6691	001000ac	0107a023	sw	x16,0(x15)	 x15:0x00020000 x16:0x00000073 PA:0x00020000 store:0x00000073 load:0x00000000
          13394	      6693	001000b0	00154703	lbu	x14,1(x10)	 x10:0x00101928 x14=0x00000074 PA:0x00101929 store:0x00101504
          13396	      6694	001000b4	04070e63	beq	x14,x0,100110	 x14:0x00000074  x0:0x00000000
          13400	      6696	001000b8	00e7a023	sw	x14,0(x15)	 x15:0x00020000 x14:0x00000074 PA:0x00020000 store:0x00000074 load:0x00000000
          13404	      6698	001000bc	00254283	lbu	x5,2(x10)	 x10:0x00101928  x5=0x00000072 PA:0x0010192a store:0x00137fc0
          13406	      6699	001000c0	04028863	beq	x5,x0,100110	  x5:0x00000072  x0:0x00000000
          13410	      6701	001000c4	0057a023	sw	x5,0(x15)	 x15:0x00020000  x5:0x00000072 PA:0x00020000 store:0x00000072 load:0x00000000
          13414	      6703	001000c8	00354303	lbu	x6,3(x10)	 x10:0x00101928  x6=0x00000075 PA:0x0010192b store:0x00000000
          13416	      6704	001000cc	04030263	beq	x6,x0,100110	  x6:0x00000075  x0:0x00000000
          13420	      6706	001000d0	0067a023	sw	x6,0(x15)	 x15:0x00020000  x6:0x00000075 PA:0x00020000 store:0x00000075 load:0x00000000
          13424	      6708	001000d4	00454383	lbu	x7,4(x10)	 x10:0x00101928  x7=0x00000063 PA:0x0010192c store:0x00000000
          13426	      6709	001000d8	02038c63	beq	x7,x0,100110	  x7:0x00000063  x0:0x00000000
          13430	      6711	001000dc	0077a023	sw	x7,0(x15)	 x15:0x00020000  x7:0x00000063 PA:0x00020000 store:0x00000063 load:0x00000000
          13434	      6713	001000e0	00554583	lbu	x11,5(x10)	 x10:0x00101928 x11=0x00000074 PA:0x0010192d store:0x00000072
          13436	      6714	001000e4	02058663	beq	x11,x0,100110	 x11:0x00000074  x0:0x00000000
          13440	      6716	001000e8	00b7a023	sw	x11,0(x15)	 x15:0x00020000 x11:0x00000074 PA:0x00020000 store:0x00000074 load:0x00000000
          13444	      6718	001000ec	00654603	lbu	x12,6(x10)	 x10:0x00101928 x12=0x00000069 PA:0x0010192e store:0x00000075
          13446	      6719	001000f0	02060063	beq	x12,x0,100110	 x12:0x00000069  x0:0x00000000
          13450	      6721	001000f4	00c7a023	sw	x12,0(x15)	 x15:0x00020000 x12:0x00000069 PA:0x00020000 store:0x00000069 load:0x00000000
          13454	      6723	001000f8	00754683	lbu	x13,7(x10)	 x10:0x00101928 x13=0x0000006f PA:0x0010192f store:0x00000063
          13456	      6724	001000fc	00850513	addi	x10,x10,8	 x10:0x00101928 x10=0x00101930
          13458	      6725	00100100	00068863	beq	x13,x0,100110	 x13:0x0000006f  x0:0x00000000
          13462	      6727	00100104	00d7a023	sw	x13,0(x15)	 x15:0x00020000 x13:0x0000006f PA:0x00020000 store:0x0000006f load:0x00000000
          13466	      6729	00100108	00054803	lbu	x16,0(x10)	 x10:0x00101930 x16=0x0000006e PA:0x00101930 store:0x00000000
          13470	      6731	0010010c	fa0810e3	bne	x16,x0,1000ac	 x16:0x0000006e  x0:0x00000000
          13476	      6734	001000ac	0107a023	sw	x16,0(x15)	 x15:0x00020000 x16:0x0000006e PA:0x00020000 store:0x0000006e load:0x00000000
          13480	      6736	001000b0	00154703	lbu	x14,1(x10)	 x10:0x00101930 x14=0x00000073 PA:0x00101931 store:0x00101504
          13482	      6737	001000b4	04070e63	beq	x14,x0,100110	 x14:0x00000073  x0:0x00000000
          13486	      6739	001000b8	00e7a023	sw	x14,0(x15)	 x15:0x00020000 x14:0x00000073 PA:0x00020000 store:0x00000073 load:0x00000000
          13490	      6741	001000bc	00254283	lbu	x5,2(x10)	 x10:0x00101930  x5=0x0000003a PA:0x00101932 store:0x00137fc0
          13492	      6742	001000c0	04028863	beq	x5,x0,100110	  x5:0x0000003a  x0:0x00000000
          13496	      6744	001000c4	0057a023	sw	x5,0(x15)	 x15:0x00020000  x5:0x0000003a PA:0x00020000 store:0x0000003a load:0x00000000
          13500	      6746	001000c8	00354303	lbu	x6,3(x10)	 x10:0x00101930  x6=0x00000020 PA:0x00101933 store:0x00000000
          13502	      6747	001000cc	04030263	beq	x6,x0,100110	  x6:0x00000020  x0:0x00000000
          13506	      6749	001000d0	0067a023	sw	x6,0(x15)	 x15:0x00020000  x6:0x00000020 PA:0x00020000 store:0x00000020 load:0x00000000
          13510	      6751	001000d4	00454383	lbu	x7,4(x10)	 x10:0x00101930  x7=0x00000000 PA:0x00101934 store:0x00000000
          13514	      6753	001000d8	02038c63	beq	x7,x0,100110	  x7:0x00000000  x0:0x00000000
          13518	      6755	00100110	00000513	addi	x10,x0,0	  x0:0x00000000 x10=0x00000000
          13522	      6757	00100114	00008067	jalr	x0,0(x1)	  x1:0x00101504  x0=0x00000000
          13526	      6759	00101504	a19a2e23	sw	x25,-1508(x20)	 x20:0x00102000 x25:0x00000000 PA:0x00101a1c store:0x00000000 load:0x00000000
          13530	      6761	00101508	a099ac23	sw	x9,-1512(x19)	 x19:0x00102000  x9:0x80000000 PA:0x00101a18 store:0x80000000 load:0x00000000
          13534	      6763	0010150c	a1ca2c83	lw	x25,-1508(x20)	 x20:0x00102000 x25=0x00000000 PA:0x00101a1c store:0x00020000
          13536	      6764	00101510	001024b7	lui	x9,0x102	  x9=0x00102000
          13540	      6766	00101514	a189a803	lw	x16,-1512(x19)	 x19:0x00102000 x16=0x80000000 PA:0x00101a18 store:0x00102000
          13548	      6770	00101518	93848513	addi	x10,x9,-1736	  x9:0x00102000 x10=0x00101938
          13550	      6771	0010151c	290c92d3	fmax.s	f5,f25,f16	 f25:0x00000000 f16:0x80000000  f5=0x00000000
          13552	      6772	00101520	9e5aac23	sw	x5,-1544(x21)	 x21:0x00102000  x5:0x00000000 PA:0x001019f8 store:0x00000000 load:0x80000000
          13554	      6773	00101524	b7dfe0ef	jal	x1,1000a0	  x1=0x00101528
          13558	      6775	001000a0	00054803	lbu	x16,0(x10)	 x10:0x00101938 x16=0x0000000a PA:0x00101938 store:0x00000000
          13560	      6776	001000a4	06080663	beq	x16,x0,100110	 x16:0x0000000a  x0:0x00000000
          13562	      6777	001000a8	000207b7	lui	x15,0x20	 x15=0x00020000
          13566	      6779	001000ac	0107a023	sw	x16,0(x15)	 x15:0x00020000 x16:0x0000000a PA:0x00020000 store:0x0000000a load:0x00000000
          13570	      6781	001000b0	00154703	lbu	x14,1(x10)	 x10:0x00101938 x14=0x00000020 PA:0x00101939 store:0x00101528
          13572	      6782	001000b4	04070e63	beq	x14,x0,100110	 x14:0x00000020  x0:0x00000000
          13576	      6784	001000b8	00e7a023	sw	x14,0(x15)	 x15:0x00020000 x14:0x00000020 PA:0x00020000 store:0x00000020 load:0x00000000
          13580	      6786	001000bc	00254283	lbu	x5,2(x10)	 x10:0x00101938  x5=0x0000004d PA:0x0010193a store:0x00137fc0
          13582	      6787	001000c0	04028863	beq	x5,x0,100110	  x5:0x0000004d  x0:0x00000000
          13586	      6789	001000c4	0057a023	sw	x5,0(x15)	 x15:0x00020000  x5:0x0000004d PA:0x00020000 store:0x0000004d load:0x00000000
          13590	      6791	001000c8	00354303	lbu	x6,3(x10)	 x10:0x00101938  x6=0x00000041 PA:0x0010193b store:0x00000000
          13592	      6792	001000cc	04030263	beq	x6,x0,100110	  x6:0x00000041  x0:0x00000000
          13596	      6794	001000d0	0067a023	sw	x6,0(x15)	 x15:0x00020000  x6:0x00000041 PA:0x00020000 store:0x00000041 load:0x00000000
          13600	      6796	001000d4	00454383	lbu	x7,4(x10)	 x10:0x00101938  x7=0x00000058 PA:0x0010193c store:0x00000000
          13602	      6797	001000d8	02038c63	beq	x7,x0,100110	  x7:0x00000058  x0:0x00000000
          13606	      6799	001000dc	0077a023	sw	x7,0(x15)	 x15:0x00020000  x7:0x00000058 PA:0x00020000 store:0x00000058 load:0x00000000
          13610	      6801	001000e0	00554583	lbu	x11,5(x10)	 x10:0x00101938 x11=0x00000028 PA:0x0010193d store:0x0000004d
          13612	      6802	001000e4	02058663	beq	x11,x0,100110	 x11:0x00000028  x0:0x00000000
          13616	      6804	001000e8	00b7a023	sw	x11,0(x15)	 x15:0x00020000 x11:0x00000028 PA:0x00020000 store:0x00000028 load:0x00000000
          13620	      6806	001000ec	00654603	lbu	x12,6(x10)	 x10:0x00101938 x12=0x00000030 PA:0x0010193e store:0x00000041
          13622	      6807	001000f0	02060063	beq	x12,x0,100110	 x12:0x00000030  x0:0x00000000
          13626	      6809	001000f4	00c7a023	sw	x12,0(x15)	 x15:0x00020000 x12:0x00000030 PA:0x00020000 store:0x00000030 load:0x00000000
          13630	      6811	001000f8	00754683	lbu	x13,7(x10)	 x10:0x00101938 x13=0x0000002e PA:0x0010193f store:0x00000058
          13632	      6812	001000fc	00850513	addi	x10,x10,8	 x10:0x00101938 x10=0x00101940
          13634	      6813	00100100	00068863	beq	x13,x0,100110	 x13:0x0000002e  x0:0x00000000
          13638	      6815	00100104	00d7a023	sw	x13,0(x15)	 x15:0x00020000 x13:0x0000002e PA:0x00020000 store:0x0000002e load:0x00000000
          13642	      6817	00100108	00054803	lbu	x16,0(x10)	 x10:0x00101940 x16=0x00000030 PA:0x00101940 store:0x00000000
          13646	      6819	0010010c	fa0810e3	bne	x16,x0,1000ac	 x16:0x00000030  x0:0x00000000
          13652	      6822	001000ac	0107a023	sw	x16,0(x15)	 x15:0x00020000 x16:0x00000030 PA:0x00020000 store:0x00000030 load:0x00000000
          13656	      6824	001000b0	00154703	lbu	x14,1(x10)	 x10:0x00101940 x14=0x0000002c PA:0x00101941 store:0x00101528
          13658	      6825	001000b4	04070e63	beq	x14,x0,100110	 x14:0x0000002c  x0:0x00000000
          13662	      6827	001000b8	00e7a023	sw	x14,0(x15)	 x15:0x00020000 x14:0x0000002c PA:0x00020000 store:0x0000002c load:0x00000000
          13666	      6829	001000bc	00254283	lbu	x5,2(x10)	 x10:0x00101940  x5=0x00000020 PA:0x00101942 store:0x00137fc0
          13668	      6830	001000c0	04028863	beq	x5,x0,100110	  x5:0x00000020  x0:0x00000000
          13672	      6832	001000c4	0057a023	sw	x5,0(x15)	 x15:0x00020000  x5:0x00000020 PA:0x00020000 store:0x00000020 load:0x00000000
          13676	      6834	001000c8	00354303	lbu	x6,3(x10)	 x10:0x00101940  x6=0x0000002d PA:0x00101943 store:0x00000000
          13678	      6835	001000cc	04030263	beq	x6,x0,100110	  x6:0x0000002d  x0:0x00000000
          13682	      6837	001000d0	0067a023	sw	x6,0(x15)	 x15:0x00020000  x6:0x0000002d PA:0x00020000 store:0x0000002d load:0x00000000
          13686	      6839	001000d4	00454383	lbu	x7,4(x10)	 x10:0x00101940  x7=0x00000030 PA:0x00101944 store:0x00000000
          13688	      6840	001000d8	02038c63	beq	x7,x0,100110	  x7:0x00000030  x0:0x00000000
          13692	      6842	001000dc	0077a023	sw	x7,0(x15)	 x15:0x00020000  x7:0x00000030 PA:0x00020000 store:0x00000030 load:0x00000000
          13696	      6844	001000e0	00554583	lbu	x11,5(x10)	 x10:0x00101940 x11=0x0000002e PA:0x00101945 store:0x00000020
          13698	      6845	001000e4	02058663	beq	x11,x0,100110	 x11:0x0000002e  x0:0x00000000
          13702	      6847	001000e8	00b7a023	sw	x11,0(x15)	 x15:0x00020000 x11:0x0000002e PA:0x00020000 store:0x0000002e load:0x00000000
          13706	      6849	001000ec	00654603	lbu	x12,6(x10)	 x10:0x00101940 x12=0x00000030 PA:0x00101946 store:0x0000002d
          13708	      6850	001000f0	02060063	beq	x12,x0,100110	 x12:0x00000030  x0:0x00000000
          13712	      6852	001000f4	00c7a023	sw	x12,0(x15)	 x15:0x00020000 x12:0x00000030 PA:0x00020000 store:0x00000030 load:0x00000000
          13716	      6854	001000f8	00754683	lbu	x13,7(x10)	 x10:0x00101940 x13=0x00000029 PA:0x00101947 store:0x00000030
          13718	      6855	001000fc	00850513	addi	x10,x10,8	 x10:0x00101940 x10=0x00101948
          13720	      6856	00100100	00068863	beq	x13,x0,100110	 x13:0x00000029  x0:0x00000000
          13724	      6858	00100104	00d7a023	sw	x13,0(x15)	 x15:0x00020000 x13:0x00000029 PA:0x00020000 store:0x00000029 load:0x00000000
          13728	      6860	00100108	00054803	lbu	x16,0(x10)	 x10:0x00101948 x16=0x0000002c PA:0x00101948 store:0x00000000
          13732	      6862	0010010c	fa0810e3	bne	x16,x0,1000ac	 x16:0x0000002c  x0:0x00000000
          13738	      6865	001000ac	0107a023	sw	x16,0(x15)	 x15:0x00020000 x16:0x0000002c PA:0x00020000 store:0x0000002c load:0x00000000
          13742	      6867	001000b0	00154703	lbu	x14,1(x10)	 x10:0x00101948 x14=0x00000020 PA:0x00101949 store:0x00101528
          13744	      6868	001000b4	04070e63	beq	x14,x0,100110	 x14:0x00000020  x0:0x00000000
          13748	      6870	001000b8	00e7a023	sw	x14,0(x15)	 x15:0x00020000 x14:0x00000020 PA:0x00020000 store:0x00000020 load:0x00000000
          13752	      6872	001000bc	00254283	lbu	x5,2(x10)	 x10:0x00101948  x5=0x00000065 PA:0x0010194a store:0x00137fc0
          13754	      6873	001000c0	04028863	beq	x5,x0,100110	  x5:0x00000065  x0:0x00000000
          13758	      6875	001000c4	0057a023	sw	x5,0(x15)	 x15:0x00020000  x5:0x00000065 PA:0x00020000 store:0x00000065 load:0x00000000
          13762	      6877	001000c8	00354303	lbu	x6,3(x10)	 x10:0x00101948  x6=0x00000078 PA:0x0010194b store:0x00000000
          13764	      6878	001000cc	04030263	beq	x6,x0,100110	  x6:0x00000078  x0:0x00000000
          13768	      6880	001000d0	0067a023	sw	x6,0(x15)	 x15:0x00020000  x6:0x00000078 PA:0x00020000 store:0x00000078 load:0x00000000
          13772	      6882	001000d4	00454383	lbu	x7,4(x10)	 x10:0x00101948  x7=0x00000070 PA:0x0010194c store:0x00000000
          13774	      6883	001000d8	02038c63	beq	x7,x0,100110	  x7:0x00000070  x0:0x00000000
          13778	      6885	001000dc	0077a023	sw	x7,0(x15)	 x15:0x00020000  x7:0x00000070 PA:0x00020000 store:0x00000070 load:0x00000000
          13782	      6887	001000e0	00554583	lbu	x11,5(x10)	 x10:0x00101948 x11=0x00000065 PA:0x0010194d store:0x00000065
          13784	      6888	001000e4	02058663	beq	x11,x0,100110	 x11:0x00000065  x0:0x00000000
          13788	      6890	001000e8	00b7a023	sw	x11,0(x15)	 x15:0x00020000 x11:0x00000065 PA:0x00020000 store:0x00000065 load:0x00000000
          13792	      6892	001000ec	00654603	lbu	x12,6(x10)	 x10:0x00101948 x12=0x00000063 PA:0x0010194e store:0x00000078
          13794	      6893	001000f0	02060063	beq	x12,x0,100110	 x12:0x00000063  x0:0x00000000
          13798	      6895	001000f4	00c7a023	sw	x12,0(x15)	 x15:0x00020000 x12:0x00000063 PA:0x00020000 store:0x00000063 load:0x00000000
          13802	      6897	001000f8	00754683	lbu	x13,7(x10)	 x10:0x00101948 x13=0x00000074 PA:0x0010194f store:0x00000070
          13804	      6898	001000fc	00850513	addi	x10,x10,8	 x10:0x00101948 x10=0x00101950
          13806	      6899	00100100	00068863	beq	x13,x0,100110	 x13:0x00000074  x0:0x00000000
          13810	      6901	00100104	00d7a023	sw	x13,0(x15)	 x15:0x00020000 x13:0x00000074 PA:0x00020000 store:0x00000074 load:0x00000000
          13814	      6903	00100108	00054803	lbu	x16,0(x10)	 x10:0x00101950 x16=0x00000069 PA:0x00101950 store:0x00000000
          13818	      6905	0010010c	fa0810e3	bne	x16,x0,1000ac	 x16:0x00000069  x0:0x00000000
          13824	      6908	001000ac	0107a023	sw	x16,0(x15)	 x15:0x00020000 x16:0x00000069 PA:0x00020000 store:0x00000069 load:0x00000000
          13828	      6910	001000b0	00154703	lbu	x14,1(x10)	 x10:0x00101950 x14=0x0000006e PA:0x00101951 store:0x00101528
          13830	      6911	001000b4	04070e63	beq	x14,x0,100110	 x14:0x0000006e  x0:0x00000000
          13834	      6913	001000b8	00e7a023	sw	x14,0(x15)	 x15:0x00020000 x14:0x0000006e PA:0x00020000 store:0x0000006e load:0x00000000
          13838	      6915	001000bc	00254283	lbu	x5,2(x10)	 x10:0x00101950  x5=0x00000067 PA:0x00101952 store:0x00137fc0
          13840	      6916	001000c0	04028863	beq	x5,x0,100110	  x5:0x00000067  x0:0x00000000
          13844	      6918	001000c4	0057a023	sw	x5,0(x15)	 x15:0x00020000  x5:0x00000067 PA:0x00020000 store:0x00000067 load:0x00000000
          13848	      6920	001000c8	00354303	lbu	x6,3(x10)	 x10:0x00101950  x6=0x0000003a PA:0x00101953 store:0x00000000
          13850	      6921	001000cc	04030263	beq	x6,x0,100110	  x6:0x0000003a  x0:0x00000000
          13854	      6923	001000d0	0067a023	sw	x6,0(x15)	 x15:0x00020000  x6:0x0000003a PA:0x00020000 store:0x0000003a load:0x00000000
          13858	      6925	001000d4	00454383	lbu	x7,4(x10)	 x10:0x00101950  x7=0x00000020 PA:0x00101954 store:0x00000000
          13860	      6926	001000d8	02038c63	beq	x7,x0,100110	  x7:0x00000020  x0:0x00000000
          13864	      6928	001000dc	0077a023	sw	x7,0(x15)	 x15:0x00020000  x7:0x00000020 PA:0x00020000 store:0x00000020 load:0x00000000
          13868	      6930	001000e0	00554583	lbu	x11,5(x10)	 x10:0x00101950 x11=0x00000030 PA:0x00101955 store:0x00000067
          13870	      6931	001000e4	02058663	beq	x11,x0,100110	 x11:0x00000030  x0:0x00000000
          13874	      6933	001000e8	00b7a023	sw	x11,0(x15)	 x15:0x00020000 x11:0x00000030 PA:0x00020000 store:0x00000030 load:0x00000000
          13878	      6935	001000ec	00654603	lbu	x12,6(x10)	 x10:0x00101950 x12=0x00000078 PA:0x00101956 store:0x0000003a
          13880	      6936	001000f0	02060063	beq	x12,x0,100110	 x12:0x00000078  x0:0x00000000
          13884	      6938	001000f4	00c7a023	sw	x12,0(x15)	 x15:0x00020000 x12:0x00000078 PA:0x00020000 store:0x00000078 load:0x00000000
          13888	      6940	001000f8	00754683	lbu	x13,7(x10)	 x10:0x00101950 x13=0x00000030 PA:0x00101957 store:0x00000020
          13890	      6941	001000fc	00850513	addi	x10,x10,8	 x10:0x00101950 x10=0x00101958
          13892	      6942	00100100	00068863	beq	x13,x0,100110	 x13:0x00000030  x0:0x00000000
          13896	      6944	00100104	00d7a023	sw	x13,0(x15)	 x15:0x00020000 x13:0x00000030 PA:0x00020000 store:0x00000030 load:0x00000000
          13900	      6946	00100108	00054803	lbu	x16,0(x10)	 x10:0x00101958 x16=0x0000003a PA:0x00101958 store:0x00000000
          13904	      6948	0010010c	fa0810e3	bne	x16,x0,1000ac	 x16:0x0000003a  x0:0x00000000
          13910	      6951	001000ac	0107a023	sw	x16,0(x15)	 x15:0x00020000 x16:0x0000003a PA:0x00020000 store:0x0000003a load:0x00000000
          13914	      6953	001000b0	00154703	lbu	x14,1(x10)	 x10:0x00101958 x14=0x00000020 PA:0x00101959 store:0x00101528
          13916	      6954	001000b4	04070e63	beq	x14,x0,100110	 x14:0x00000020  x0:0x00000000
          13920	      6956	001000b8	00e7a023	sw	x14,0(x15)	 x15:0x00020000 x14:0x00000020 PA:0x00020000 store:0x00000020 load:0x00000000
          13924	      6958	001000bc	00254283	lbu	x5,2(x10)	 x10:0x00101958  x5=0x00000000 PA:0x0010195a store:0x00137fc0
          13928	      6960	001000c0	04028863	beq	x5,x0,100110	  x5:0x00000000  x0:0x00000000
          13932	      6962	00100110	00000513	addi	x10,x0,0	  x0:0x00000000 x10=0x00000000
          13936	      6964	00100114	00008067	jalr	x0,0(x1)	  x1:0x00101528  x0=0x00000000
          13940	      6966	00101528	9f0c2503	lw	x10,-1552(x24)	 x24:0x00102000 x10=0x00000010 PA:0x001019f0 store:0x0000003a
          13944	      6968	0010152c	bf5fe0ef	jal	x1,100120	  x1=0x00101530
          13946	      6969	00100120	01c55793	srli	x15,x10,0x1c	 x10:0x00000010 x15=0x00000000
          13948	      6970	00100124	00900713	addi	x14,x0,9	  x0:0x00000000 x14=0x00000009
          13952	      6972	00100128	0cf77a63	bgeu	x14,x15,1001fc	 x14:0x00000009 x15:0x00000000
          13956	      6974	001001fc	03078393	addi	x7,x15,48	 x15:0x00000000  x7=0x00000030
          13958	      6975	00100200	000205b7	lui	x11,0x20	 x11=0x00020000
          13960	      6976	00100204	00451613	slli	x12,x10,0x4	 x10:0x00000010 x12=0x00000100
          13964	      6978	00100208	0075a023	sw	x7,0(x11)	 x11:0x00020000  x7:0x00000030 PA:0x00020000 store:0x00000030 load:0x00000000
          13966	      6979	0010020c	01c65693	srli	x13,x12,0x1c	 x12:0x00000100 x13=0x00000000
          13968	      6980	00100210	00900813	addi	x16,x0,9	  x0:0x00000000 x16=0x00000009
          13970	      6981	00100214	f2d86ae3	bltu	x16,x13,100148	 x16:0x00000009 x13:0x00000000
          13972	      6982	00100218	03068e93	addi	x29,x13,48	 x13:0x00000000 x29=0x00000030
          13974	      6983	0010021c	00020f37	lui	x30,0x20	 x30=0x00020000
          13976	      6984	00100220	00851f93	slli	x31,x10,0x8	 x10:0x00000010 x31=0x00001000
          13980	      6986	00100224	01df2023	sw	x29,0(x30)	 x30:0x00020000 x29:0x00000030 PA:0x00020000 store:0x00000030 load:0x00000000
          13982	      6987	00100228	01cfd793	srli	x15,x31,0x1c	 x31:0x00001000 x15=0x00000000
          13984	      6988	0010022c	00900713	addi	x14,x0,9	  x0:0x00000000 x14=0x00000009
          13986	      6989	00100230	f2f76ae3	bltu	x14,x15,100164	 x14:0x00000009 x15:0x00000000
          13988	      6990	00100234	03078393	addi	x7,x15,48	 x15:0x00000000  x7=0x00000030
          13990	      6991	00100238	000205b7	lui	x11,0x20	 x11=0x00020000
          13992	      6992	0010023c	00c51613	slli	x12,x10,0xc	 x10:0x00000010 x12=0x00010000
          13996	      6994	00100240	0075a023	sw	x7,0(x11)	 x11:0x00020000  x7:0x00000030 PA:0x00020000 store:0x00000030 load:0x00000000
          13998	      6995	00100244	01c65693	srli	x13,x12,0x1c	 x12:0x00010000 x13=0x00000000
          14000	      6996	00100248	00900813	addi	x16,x0,9	  x0:0x00000000 x16=0x00000009
          14002	      6997	0010024c	f2d86ae3	bltu	x16,x13,100180	 x16:0x00000009 x13:0x00000000
          14004	      6998	00100250	03068e93	addi	x29,x13,48	 x13:0x00000000 x29=0x00000030
          14006	      6999	00100254	00020f37	lui	x30,0x20	 x30=0x00020000
          14008	      7000	00100258	01051f93	slli	x31,x10,0x10	 x10:0x00000010 x31=0x00100000
          14012	      7002	0010025c	01df2023	sw	x29,0(x30)	 x30:0x00020000 x29:0x00000030 PA:0x00020000 store:0x00000030 load:0x00000000
          14014	      7003	00100260	01cfd793	srli	x15,x31,0x1c	 x31:0x00100000 x15=0x00000000
          14016	      7004	00100264	00900713	addi	x14,x0,9	  x0:0x00000000 x14=0x00000009
          14018	      7005	00100268	f2f76ae3	bltu	x14,x15,10019c	 x14:0x00000009 x15:0x00000000
          14020	      7006	0010026c	03078393	addi	x7,x15,48	 x15:0x00000000  x7=0x00000030
          14022	      7007	00100270	000205b7	lui	x11,0x20	 x11=0x00020000
          14024	      7008	00100274	01451613	slli	x12,x10,0x14	 x10:0x00000010 x12=0x01000000
          14028	      7010	00100278	0075a023	sw	x7,0(x11)	 x11:0x00020000  x7:0x00000030 PA:0x00020000 store:0x00000030 load:0x00000000
          14030	      7011	0010027c	01c65693	srli	x13,x12,0x1c	 x12:0x01000000 x13=0x00000000
          14032	      7012	00100280	00900813	addi	x16,x0,9	  x0:0x00000000 x16=0x00000009
          14034	      7013	00100284	f2d86ae3	bltu	x16,x13,1001b8	 x16:0x00000009 x13:0x00000000
          14036	      7014	00100288	03068e93	addi	x29,x13,48	 x13:0x00000000 x29=0x00000030
          14038	      7015	0010028c	00020f37	lui	x30,0x20	 x30=0x00020000
          14040	      7016	00100290	01851f93	slli	x31,x10,0x18	 x10:0x00000010 x31=0x10000000
          14044	      7018	00100294	01df2023	sw	x29,0(x30)	 x30:0x00020000 x29:0x00000030 PA:0x00020000 store:0x00000030 load:0x00000000
          14046	      7019	00100298	01cfd793	srli	x15,x31,0x1c	 x31:0x10000000 x15=0x00000001
          14048	      7020	0010029c	00900713	addi	x14,x0,9	  x0:0x00000000 x14=0x00000009
          14050	      7021	001002a0	f2f76ae3	bltu	x14,x15,1001d4	 x14:0x00000009 x15:0x00000001
          14052	      7022	001002a4	03078393	addi	x7,x15,48	 x15:0x00000001  x7=0x00000031
          14054	      7023	001002a8	000205b7	lui	x11,0x20	 x11=0x00020000
          14058	      7025	001002ac	0075a023	sw	x7,0(x11)	 x11:0x00020000  x7:0x00000031 PA:0x00020000 store:0x00000031 load:0x00000000
          14060	      7026	001002b0	00f57513	andi	x10,x10,15	 x10:0x00000010 x10=0x00000000
          14062	      7027	001002b4	00900613	addi	x12,x0,9	  x0:0x00000000 x12=0x00000009
          14066	      7029	001002b8	f2a67ae3	bgeu	x12,x10,1001ec	 x12:0x00000009 x10:0x00000000
          14070	      7031	001001ec	03050893	addi	x17,x10,48	 x10:0x00000000 x17=0x00000030
          14072	      7032	001001f0	00020e37	lui	x28,0x20	 x28=0x00020000
          14076	      7034	001001f4	011e2023	sw	x17,0(x28)	 x28:0x00020000 x17:0x00000030 PA:0x00020000 store:0x00000030 load:0x00000000
          14080	      7036	001001f8	00008067	jalr	x0,0(x1)	  x1:0x00101530  x0=0x00000000
          14084	      7038	00101530	a08a2e23	sw	x8,-1508(x20)	 x20:0x00102000  x8:0x00000047 PA:0x00101a1c store:0x00000047 load:0x00000010
          14088	      7040	00101534	a1b9ac23	sw	x27,-1512(x19)	 x19:0x00102000 x27:0x00000007 PA:0x00101a18 store:0x00000007 load:0x00000010
          14092	      7042	00101538	a1ca2e03	lw	x28,-1508(x20)	 x20:0x00102000 x28=0x00000047 PA:0x00101a1c store:0x00020000
          14094	      7043	0010153c	00102437	lui	x8,0x102	  x8=0x00102000
          14098	      7045	00101540	a189ae83	lw	x29,-1512(x19)	 x19:0x00102000 x29=0x00000007 PA:0x00101a18 store:0x00102000
          14106	      7049	00101544	95c40513	addi	x10,x8,-1700	  x8:0x00102000 x10=0x0010195c
          14108	      7050	00101548	29de1f53	fmax.s	f30,f28,f29	 f28:0x00000047 f29:0x00000007 f30=0x00000047
          14110	      7051	0010154c	9feaac23	sw	x30,-1544(x21)	 x21:0x00102000 x30:0x00000047 PA:0x001019f8 store:0x00000047 load:0x00000007
          14112	      7052	00101550	b51fe0ef	jal	x1,1000a0	  x1=0x00101554
          14116	      7054	001000a0	00054803	lbu	x16,0(x10)	 x10:0x0010195c x16=0x0000000a PA:0x0010195c store:0x00000000
          14118	      7055	001000a4	06080663	beq	x16,x0,100110	 x16:0x0000000a  x0:0x00000000
          14120	      7056	001000a8	000207b7	lui	x15,0x20	 x15=0x00020000
          14124	      7058	001000ac	0107a023	sw	x16,0(x15)	 x15:0x00020000 x16:0x0000000a PA:0x00020000 store:0x0000000a load:0x00000000
          14128	      7060	001000b0	00154703	lbu	x14,1(x10)	 x10:0x0010195c x14=0x00000020 PA:0x0010195d store:0x00101554
          14130	      7061	001000b4	04070e63	beq	x14,x0,100110	 x14:0x00000020  x0:0x00000000
          14134	      7063	001000b8	00e7a023	sw	x14,0(x15)	 x15:0x00020000 x14:0x00000020 PA:0x00020000 store:0x00000020 load:0x00000000
          14138	      7065	001000bc	00254283	lbu	x5,2(x10)	 x10:0x0010195c  x5=0x0000004d PA:0x0010195e store:0x00137fc0
          14140	      7066	001000c0	04028863	beq	x5,x0,100110	  x5:0x0000004d  x0:0x00000000
          14144	      7068	001000c4	0057a023	sw	x5,0(x15)	 x15:0x00020000  x5:0x0000004d PA:0x00020000 store:0x0000004d load:0x00000000
          14148	      7070	001000c8	00354303	lbu	x6,3(x10)	 x10:0x0010195c  x6=0x00000041 PA:0x0010195f store:0x00000000
          14150	      7071	001000cc	04030263	beq	x6,x0,100110	  x6:0x00000041  x0:0x00000000
          14154	      7073	001000d0	0067a023	sw	x6,0(x15)	 x15:0x00020000  x6:0x00000041 PA:0x00020000 store:0x00000041 load:0x00000000
          14158	      7075	001000d4	00454383	lbu	x7,4(x10)	 x10:0x0010195c  x7=0x00000058 PA:0x00101960 store:0x00000000
          14160	      7076	001000d8	02038c63	beq	x7,x0,100110	  x7:0x00000058  x0:0x00000000
          14164	      7078	001000dc	0077a023	sw	x7,0(x15)	 x15:0x00020000  x7:0x00000058 PA:0x00020000 store:0x00000058 load:0x00000000
          14168	      7080	001000e0	00554583	lbu	x11,5(x10)	 x10:0x0010195c x11=0x00000028 PA:0x00101961 store:0x0000004d
          14170	      7081	001000e4	02058663	beq	x11,x0,100110	 x11:0x00000028  x0:0x00000000
          14174	      7083	001000e8	00b7a023	sw	x11,0(x15)	 x15:0x00020000 x11:0x00000028 PA:0x00020000 store:0x00000028 load:0x00000000
          14178	      7085	001000ec	00654603	lbu	x12,6(x10)	 x10:0x0010195c x12=0x00000031 PA:0x00101962 store:0x00000041
          14180	      7086	001000f0	02060063	beq	x12,x0,100110	 x12:0x00000031  x0:0x00000000
          14184	      7088	001000f4	00c7a023	sw	x12,0(x15)	 x15:0x00020000 x12:0x00000031 PA:0x00020000 store:0x00000031 load:0x00000000
          14188	      7090	001000f8	00754683	lbu	x13,7(x10)	 x10:0x0010195c x13=0x0000002e PA:0x00101963 store:0x00000058
          14190	      7091	001000fc	00850513	addi	x10,x10,8	 x10:0x0010195c x10=0x00101964
          14192	      7092	00100100	00068863	beq	x13,x0,100110	 x13:0x0000002e  x0:0x00000000
          14196	      7094	00100104	00d7a023	sw	x13,0(x15)	 x15:0x00020000 x13:0x0000002e PA:0x00020000 store:0x0000002e load:0x00000000
          14200	      7096	00100108	00054803	lbu	x16,0(x10)	 x10:0x00101964 x16=0x00000030 PA:0x00101964 store:0x00000000
          14204	      7098	0010010c	fa0810e3	bne	x16,x0,1000ac	 x16:0x00000030  x0:0x00000000
          14210	      7101	001000ac	0107a023	sw	x16,0(x15)	 x15:0x00020000 x16:0x00000030 PA:0x00020000 store:0x00000030 load:0x00000000
          14214	      7103	001000b0	00154703	lbu	x14,1(x10)	 x10:0x00101964 x14=0x00000065 PA:0x00101965 store:0x00101554
          14216	      7104	001000b4	04070e63	beq	x14,x0,100110	 x14:0x00000065  x0:0x00000000
          14220	      7106	001000b8	00e7a023	sw	x14,0(x15)	 x15:0x00020000 x14:0x00000065 PA:0x00020000 store:0x00000065 load:0x00000000
          14224	      7108	001000bc	00254283	lbu	x5,2(x10)	 x10:0x00101964  x5=0x0000002d PA:0x00101966 store:0x00137fc0
          14226	      7109	001000c0	04028863	beq	x5,x0,100110	  x5:0x0000002d  x0:0x00000000
          14230	      7111	001000c4	0057a023	sw	x5,0(x15)	 x15:0x00020000  x5:0x0000002d PA:0x00020000 store:0x0000002d load:0x00000000
          14234	      7113	001000c8	00354303	lbu	x6,3(x10)	 x10:0x00101964  x6=0x00000034 PA:0x00101967 store:0x00000000
          14236	      7114	001000cc	04030263	beq	x6,x0,100110	  x6:0x00000034  x0:0x00000000
          14240	      7116	001000d0	0067a023	sw	x6,0(x15)	 x15:0x00020000  x6:0x00000034 PA:0x00020000 store:0x00000034 load:0x00000000
          14244	      7118	001000d4	00454383	lbu	x7,4(x10)	 x10:0x00101964  x7=0x00000033 PA:0x00101968 store:0x00000000
          14246	      7119	001000d8	02038c63	beq	x7,x0,100110	  x7:0x00000033  x0:0x00000000
          14250	      7121	001000dc	0077a023	sw	x7,0(x15)	 x15:0x00020000  x7:0x00000033 PA:0x00020000 store:0x00000033 load:0x00000000
          14254	      7123	001000e0	00554583	lbu	x11,5(x10)	 x10:0x00101964 x11=0x0000002c PA:0x00101969 store:0x0000002d
          14256	      7124	001000e4	02058663	beq	x11,x0,100110	 x11:0x0000002c  x0:0x00000000
          14260	      7126	001000e8	00b7a023	sw	x11,0(x15)	 x15:0x00020000 x11:0x0000002c PA:0x00020000 store:0x0000002c load:0x00000000
          14264	      7128	001000ec	00654603	lbu	x12,6(x10)	 x10:0x00101964 x12=0x00000020 PA:0x0010196a store:0x00000034
          14266	      7129	001000f0	02060063	beq	x12,x0,100110	 x12:0x00000020  x0:0x00000000
          14270	      7131	001000f4	00c7a023	sw	x12,0(x15)	 x15:0x00020000 x12:0x00000020 PA:0x00020000 store:0x00000020 load:0x00000000
          14274	      7133	001000f8	00754683	lbu	x13,7(x10)	 x10:0x00101964 x13=0x00000031 PA:0x0010196b store:0x00000033
          14276	      7134	001000fc	00850513	addi	x10,x10,8	 x10:0x00101964 x10=0x0010196c
          14278	      7135	00100100	00068863	beq	x13,x0,100110	 x13:0x00000031  x0:0x00000000
          14282	      7137	00100104	00d7a023	sw	x13,0(x15)	 x15:0x00020000 x13:0x00000031 PA:0x00020000 store:0x00000031 load:0x00000000
          14286	      7139	00100108	00054803	lbu	x16,0(x10)	 x10:0x0010196c x16=0x0000002e PA:0x0010196c store:0x00000000
          14290	      7141	0010010c	fa0810e3	bne	x16,x0,1000ac	 x16:0x0000002e  x0:0x00000000
          14296	      7144	001000ac	0107a023	sw	x16,0(x15)	 x15:0x00020000 x16:0x0000002e PA:0x00020000 store:0x0000002e load:0x00000000
          14300	      7146	001000b0	00154703	lbu	x14,1(x10)	 x10:0x0010196c x14=0x00000030 PA:0x0010196d store:0x00101554
          14302	      7147	001000b4	04070e63	beq	x14,x0,100110	 x14:0x00000030  x0:0x00000000
          14306	      7149	001000b8	00e7a023	sw	x14,0(x15)	 x15:0x00020000 x14:0x00000030 PA:0x00020000 store:0x00000030 load:0x00000000
          14310	      7151	001000bc	00254283	lbu	x5,2(x10)	 x10:0x0010196c  x5=0x00000065 PA:0x0010196e store:0x00137fc0
          14312	      7152	001000c0	04028863	beq	x5,x0,100110	  x5:0x00000065  x0:0x00000000
          14316	      7154	001000c4	0057a023	sw	x5,0(x15)	 x15:0x00020000  x5:0x00000065 PA:0x00020000 store:0x00000065 load:0x00000000
          14320	      7156	001000c8	00354303	lbu	x6,3(x10)	 x10:0x0010196c  x6=0x0000002d PA:0x0010196f store:0x00000000
          14322	      7157	001000cc	04030263	beq	x6,x0,100110	  x6:0x0000002d  x0:0x00000000
          14326	      7159	001000d0	0067a023	sw	x6,0(x15)	 x15:0x00020000  x6:0x0000002d PA:0x00020000 store:0x0000002d load:0x00000000
          14330	      7161	001000d4	00454383	lbu	x7,4(x10)	 x10:0x0010196c  x7=0x00000034 PA:0x00101970 store:0x00000000
          14332	      7162	001000d8	02038c63	beq	x7,x0,100110	  x7:0x00000034  x0:0x00000000
          14336	      7164	001000dc	0077a023	sw	x7,0(x15)	 x15:0x00020000  x7:0x00000034 PA:0x00020000 store:0x00000034 load:0x00000000
          14340	      7166	001000e0	00554583	lbu	x11,5(x10)	 x10:0x0010196c x11=0x00000034 PA:0x00101971 store:0x00000065
          14342	      7167	001000e4	02058663	beq	x11,x0,100110	 x11:0x00000034  x0:0x00000000
          14346	      7169	001000e8	00b7a023	sw	x11,0(x15)	 x15:0x00020000 x11:0x00000034 PA:0x00020000 store:0x00000034 load:0x00000000
          14350	      7171	001000ec	00654603	lbu	x12,6(x10)	 x10:0x0010196c x12=0x00000029 PA:0x00101972 store:0x0000002d
          14352	      7172	001000f0	02060063	beq	x12,x0,100110	 x12:0x00000029  x0:0x00000000
          14356	      7174	001000f4	00c7a023	sw	x12,0(x15)	 x15:0x00020000 x12:0x00000029 PA:0x00020000 store:0x00000029 load:0x00000000
          14360	      7176	001000f8	00754683	lbu	x13,7(x10)	 x10:0x0010196c x13=0x0000002c PA:0x00101973 store:0x00000034
          14362	      7177	001000fc	00850513	addi	x10,x10,8	 x10:0x0010196c x10=0x00101974
          14364	      7178	00100100	00068863	beq	x13,x0,100110	 x13:0x0000002c  x0:0x00000000
          14368	      7180	00100104	00d7a023	sw	x13,0(x15)	 x15:0x00020000 x13:0x0000002c PA:0x00020000 store:0x0000002c load:0x00000000
          14372	      7182	00100108	00054803	lbu	x16,0(x10)	 x10:0x00101974 x16=0x00000020 PA:0x00101974 store:0x00000000
          14376	      7184	0010010c	fa0810e3	bne	x16,x0,1000ac	 x16:0x00000020  x0:0x00000000
          14382	      7187	001000ac	0107a023	sw	x16,0(x15)	 x15:0x00020000 x16:0x00000020 PA:0x00020000 store:0x00000020 load:0x00000000
          14386	      7189	001000b0	00154703	lbu	x14,1(x10)	 x10:0x00101974 x14=0x00000065 PA:0x00101975 store:0x00101554
          14388	      7190	001000b4	04070e63	beq	x14,x0,100110	 x14:0x00000065  x0:0x00000000
          14392	      7192	001000b8	00e7a023	sw	x14,0(x15)	 x15:0x00020000 x14:0x00000065 PA:0x00020000 store:0x00000065 load:0x00000000
          14396	      7194	001000bc	00254283	lbu	x5,2(x10)	 x10:0x00101974  x5=0x00000078 PA:0x00101976 store:0x00137fc0
          14398	      7195	001000c0	04028863	beq	x5,x0,100110	  x5:0x00000078  x0:0x00000000
          14402	      7197	001000c4	0057a023	sw	x5,0(x15)	 x15:0x00020000  x5:0x00000078 PA:0x00020000 store:0x00000078 load:0x00000000
          14406	      7199	001000c8	00354303	lbu	x6,3(x10)	 x10:0x00101974  x6=0x00000070 PA:0x00101977 store:0x00000000
          14408	      7200	001000cc	04030263	beq	x6,x0,100110	  x6:0x00000070  x0:0x00000000
          14412	      7202	001000d0	0067a023	sw	x6,0(x15)	 x15:0x00020000  x6:0x00000070 PA:0x00020000 store:0x00000070 load:0x00000000
          14416	      7204	001000d4	00454383	lbu	x7,4(x10)	 x10:0x00101974  x7=0x00000065 PA:0x00101978 store:0x00000000
          14418	      7205	001000d8	02038c63	beq	x7,x0,100110	  x7:0x00000065  x0:0x00000000
          14422	      7207	001000dc	0077a023	sw	x7,0(x15)	 x15:0x00020000  x7:0x00000065 PA:0x00020000 store:0x00000065 load:0x00000000
          14426	      7209	001000e0	00554583	lbu	x11,5(x10)	 x10:0x00101974 x11=0x00000063 PA:0x00101979 store:0x00000078
          14428	      7210	001000e4	02058663	beq	x11,x0,100110	 x11:0x00000063  x0:0x00000000
          14432	      7212	001000e8	00b7a023	sw	x11,0(x15)	 x15:0x00020000 x11:0x00000063 PA:0x00020000 store:0x00000063 load:0x00000000
          14436	      7214	001000ec	00654603	lbu	x12,6(x10)	 x10:0x00101974 x12=0x00000074 PA:0x0010197a store:0x00000070
          14438	      7215	001000f0	02060063	beq	x12,x0,100110	 x12:0x00000074  x0:0x00000000
          14442	      7217	001000f4	00c7a023	sw	x12,0(x15)	 x15:0x00020000 x12:0x00000074 PA:0x00020000 store:0x00000074 load:0x00000000
          14446	      7219	001000f8	00754683	lbu	x13,7(x10)	 x10:0x00101974 x13=0x00000069 PA:0x0010197b store:0x00000065
          14448	      7220	001000fc	00850513	addi	x10,x10,8	 x10:0x00101974 x10=0x0010197c
          14450	      7221	00100100	00068863	beq	x13,x0,100110	 x13:0x00000069  x0:0x00000000
          14454	      7223	00100104	00d7a023	sw	x13,0(x15)	 x15:0x00020000 x13:0x00000069 PA:0x00020000 store:0x00000069 load:0x00000000
          14458	      7225	00100108	00054803	lbu	x16,0(x10)	 x10:0x0010197c x16=0x0000006e PA:0x0010197c store:0x00000000
          14462	      7227	0010010c	fa0810e3	bne	x16,x0,1000ac	 x16:0x0000006e  x0:0x00000000
          14468	      7230	001000ac	0107a023	sw	x16,0(x15)	 x15:0x00020000 x16:0x0000006e PA:0x00020000 store:0x0000006e load:0x00000000
          14472	      7232	001000b0	00154703	lbu	x14,1(x10)	 x10:0x0010197c x14=0x00000067 PA:0x0010197d store:0x00101554
          14474	      7233	001000b4	04070e63	beq	x14,x0,100110	 x14:0x00000067  x0:0x00000000
          14478	      7235	001000b8	00e7a023	sw	x14,0(x15)	 x15:0x00020000 x14:0x00000067 PA:0x00020000 store:0x00000067 load:0x00000000
          14482	      7237	001000bc	00254283	lbu	x5,2(x10)	 x10:0x0010197c  x5=0x0000003a PA:0x0010197e store:0x00137fc0
          14484	      7238	001000c0	04028863	beq	x5,x0,100110	  x5:0x0000003a  x0:0x00000000
          14488	      7240	001000c4	0057a023	sw	x5,0(x15)	 x15:0x00020000  x5:0x0000003a PA:0x00020000 store:0x0000003a load:0x00000000
          14492	      7242	001000c8	00354303	lbu	x6,3(x10)	 x10:0x0010197c  x6=0x00000020 PA:0x0010197f store:0x00000000
          14494	      7243	001000cc	04030263	beq	x6,x0,100110	  x6:0x00000020  x0:0x00000000
          14498	      7245	001000d0	0067a023	sw	x6,0(x15)	 x15:0x00020000  x6:0x00000020 PA:0x00020000 store:0x00000020 load:0x00000000
          14502	      7247	001000d4	00454383	lbu	x7,4(x10)	 x10:0x0010197c  x7=0x00000030 PA:0x00101980 store:0x00000000
          14504	      7248	001000d8	02038c63	beq	x7,x0,100110	  x7:0x00000030  x0:0x00000000
          14508	      7250	001000dc	0077a023	sw	x7,0(x15)	 x15:0x00020000  x7:0x00000030 PA:0x00020000 store:0x00000030 load:0x00000000
          14512	      7252	001000e0	00554583	lbu	x11,5(x10)	 x10:0x0010197c x11=0x00000078 PA:0x00101981 store:0x0000003a
          14514	      7253	001000e4	02058663	beq	x11,x0,100110	 x11:0x00000078  x0:0x00000000
          14518	      7255	001000e8	00b7a023	sw	x11,0(x15)	 x15:0x00020000 x11:0x00000078 PA:0x00020000 store:0x00000078 load:0x00000000
          14522	      7257	001000ec	00654603	lbu	x12,6(x10)	 x10:0x0010197c x12=0x00000030 PA:0x00101982 store:0x00000020
          14524	      7258	001000f0	02060063	beq	x12,x0,100110	 x12:0x00000030  x0:0x00000000
          14528	      7260	001000f4	00c7a023	sw	x12,0(x15)	 x15:0x00020000 x12:0x00000030 PA:0x00020000 store:0x00000030 load:0x00000000
          14532	      7262	001000f8	00754683	lbu	x13,7(x10)	 x10:0x0010197c x13=0x00000030 PA:0x00101983 store:0x00000030
          14534	      7263	001000fc	00850513	addi	x10,x10,8	 x10:0x0010197c x10=0x00101984
          14536	      7264	00100100	00068863	beq	x13,x0,100110	 x13:0x00000030  x0:0x00000000
          14540	      7266	00100104	00d7a023	sw	x13,0(x15)	 x15:0x00020000 x13:0x00000030 PA:0x00020000 store:0x00000030 load:0x00000000
          14544	      7268	00100108	00054803	lbu	x16,0(x10)	 x10:0x00101984 x16=0x00000030 PA:0x00101984 store:0x00000000
          14548	      7270	0010010c	fa0810e3	bne	x16,x0,1000ac	 x16:0x00000030  x0:0x00000000
          14554	      7273	001000ac	0107a023	sw	x16,0(x15)	 x15:0x00020000 x16:0x00000030 PA:0x00020000 store:0x00000030 load:0x00000000
          14558	      7275	001000b0	00154703	lbu	x14,1(x10)	 x10:0x00101984 x14=0x00000030 PA:0x00101985 store:0x00101554
          14560	      7276	001000b4	04070e63	beq	x14,x0,100110	 x14:0x00000030  x0:0x00000000
          14564	      7278	001000b8	00e7a023	sw	x14,0(x15)	 x15:0x00020000 x14:0x00000030 PA:0x00020000 store:0x00000030 load:0x00000000
          14568	      7280	001000bc	00254283	lbu	x5,2(x10)	 x10:0x00101984  x5=0x00000030 PA:0x00101986 store:0x00137fc0
          14570	      7281	001000c0	04028863	beq	x5,x0,100110	  x5:0x00000030  x0:0x00000000
          14574	      7283	001000c4	0057a023	sw	x5,0(x15)	 x15:0x00020000  x5:0x00000030 PA:0x00020000 store:0x00000030 load:0x00000000
          14578	      7285	001000c8	00354303	lbu	x6,3(x10)	 x10:0x00101984  x6=0x00000030 PA:0x00101987 store:0x00000000
          14580	      7286	001000cc	04030263	beq	x6,x0,100110	  x6:0x00000030  x0:0x00000000
          14584	      7288	001000d0	0067a023	sw	x6,0(x15)	 x15:0x00020000  x6:0x00000030 PA:0x00020000 store:0x00000030 load:0x00000000
          14588	      7290	001000d4	00454383	lbu	x7,4(x10)	 x10:0x00101984  x7=0x00000034 PA:0x00101988 store:0x00000000
          14590	      7291	001000d8	02038c63	beq	x7,x0,100110	  x7:0x00000034  x0:0x00000000
          14594	      7293	001000dc	0077a023	sw	x7,0(x15)	 x15:0x00020000  x7:0x00000034 PA:0x00020000 store:0x00000034 load:0x00000000
          14598	      7295	001000e0	00554583	lbu	x11,5(x10)	 x10:0x00101984 x11=0x00000037 PA:0x00101989 store:0x00000030
          14600	      7296	001000e4	02058663	beq	x11,x0,100110	 x11:0x00000037  x0:0x00000000
          14604	      7298	001000e8	00b7a023	sw	x11,0(x15)	 x15:0x00020000 x11:0x00000037 PA:0x00020000 store:0x00000037 load:0x00000000
          14608	      7300	001000ec	00654603	lbu	x12,6(x10)	 x10:0x00101984 x12=0x0000003a PA:0x0010198a store:0x00000030
          14610	      7301	001000f0	02060063	beq	x12,x0,100110	 x12:0x0000003a  x0:0x00000000
          14614	      7303	001000f4	00c7a023	sw	x12,0(x15)	 x15:0x00020000 x12:0x0000003a PA:0x00020000 store:0x0000003a load:0x00000000
          14618	      7305	001000f8	00754683	lbu	x13,7(x10)	 x10:0x00101984 x13=0x00000020 PA:0x0010198b store:0x00000034
          14620	      7306	001000fc	00850513	addi	x10,x10,8	 x10:0x00101984 x10=0x0010198c
          14622	      7307	00100100	00068863	beq	x13,x0,100110	 x13:0x00000020  x0:0x00000000
          14626	      7309	00100104	00d7a023	sw	x13,0(x15)	 x15:0x00020000 x13:0x00000020 PA:0x00020000 store:0x00000020 load:0x00000000
          14630	      7311	00100108	00054803	lbu	x16,0(x10)	 x10:0x0010198c x16=0x00000000 PA:0x0010198c store:0x00000000
          14632	      7312	0010010c	fa0810e3	bne	x16,x0,1000ac	 x16:0x00000000  x0:0x00000000
          14634	      7313	00100110	00000513	addi	x10,x0,0	  x0:0x00000000 x10=0x00000000
          14638	      7315	00100114	00008067	jalr	x0,0(x1)	  x1:0x00101554  x0=0x00000000
          14642	      7317	00101554	9f0c2503	lw	x10,-1552(x24)	 x24:0x00102000 x10=0x00000010 PA:0x001019f0 store:0x00000000
          14646	      7319	00101558	bc9fe0ef	jal	x1,100120	  x1=0x0010155c
          14648	      7320	00100120	01c55793	srli	x15,x10,0x1c	 x10:0x00000010 x15=0x00000000
          14650	      7321	00100124	00900713	addi	x14,x0,9	  x0:0x00000000 x14=0x00000009
          14654	      7323	00100128	0cf77a63	bgeu	x14,x15,1001fc	 x14:0x00000009 x15:0x00000000
          14658	      7325	001001fc	03078393	addi	x7,x15,48	 x15:0x00000000  x7=0x00000030
          14660	      7326	00100200	000205b7	lui	x11,0x20	 x11=0x00020000
          14662	      7327	00100204	00451613	slli	x12,x10,0x4	 x10:0x00000010 x12=0x00000100
          14666	      7329	00100208	0075a023	sw	x7,0(x11)	 x11:0x00020000  x7:0x00000030 PA:0x00020000 store:0x00000030 load:0x00000000
          14668	      7330	0010020c	01c65693	srli	x13,x12,0x1c	 x12:0x00000100 x13=0x00000000
          14670	      7331	00100210	00900813	addi	x16,x0,9	  x0:0x00000000 x16=0x00000009
          14672	      7332	00100214	f2d86ae3	bltu	x16,x13,100148	 x16:0x00000009 x13:0x00000000
          14674	      7333	00100218	03068e93	addi	x29,x13,48	 x13:0x00000000 x29=0x00000030
          14676	      7334	0010021c	00020f37	lui	x30,0x20	 x30=0x00020000
          14678	      7335	00100220	00851f93	slli	x31,x10,0x8	 x10:0x00000010 x31=0x00001000
          14682	      7337	00100224	01df2023	sw	x29,0(x30)	 x30:0x00020000 x29:0x00000030 PA:0x00020000 store:0x00000030 load:0x00000000
          14684	      7338	00100228	01cfd793	srli	x15,x31,0x1c	 x31:0x00001000 x15=0x00000000
          14686	      7339	0010022c	00900713	addi	x14,x0,9	  x0:0x00000000 x14=0x00000009
          14688	      7340	00100230	f2f76ae3	bltu	x14,x15,100164	 x14:0x00000009 x15:0x00000000
          14690	      7341	00100234	03078393	addi	x7,x15,48	 x15:0x00000000  x7=0x00000030
          14692	      7342	00100238	000205b7	lui	x11,0x20	 x11=0x00020000
          14694	      7343	0010023c	00c51613	slli	x12,x10,0xc	 x10:0x00000010 x12=0x00010000
          14698	      7345	00100240	0075a023	sw	x7,0(x11)	 x11:0x00020000  x7:0x00000030 PA:0x00020000 store:0x00000030 load:0x00000000
          14700	      7346	00100244	01c65693	srli	x13,x12,0x1c	 x12:0x00010000 x13=0x00000000
          14702	      7347	00100248	00900813	addi	x16,x0,9	  x0:0x00000000 x16=0x00000009
          14704	      7348	0010024c	f2d86ae3	bltu	x16,x13,100180	 x16:0x00000009 x13:0x00000000
          14706	      7349	00100250	03068e93	addi	x29,x13,48	 x13:0x00000000 x29=0x00000030
          14708	      7350	00100254	00020f37	lui	x30,0x20	 x30=0x00020000
          14710	      7351	00100258	01051f93	slli	x31,x10,0x10	 x10:0x00000010 x31=0x00100000
          14714	      7353	0010025c	01df2023	sw	x29,0(x30)	 x30:0x00020000 x29:0x00000030 PA:0x00020000 store:0x00000030 load:0x00000000
          14716	      7354	00100260	01cfd793	srli	x15,x31,0x1c	 x31:0x00100000 x15=0x00000000
          14718	      7355	00100264	00900713	addi	x14,x0,9	  x0:0x00000000 x14=0x00000009
          14720	      7356	00100268	f2f76ae3	bltu	x14,x15,10019c	 x14:0x00000009 x15:0x00000000
          14722	      7357	0010026c	03078393	addi	x7,x15,48	 x15:0x00000000  x7=0x00000030
          14724	      7358	00100270	000205b7	lui	x11,0x20	 x11=0x00020000
          14726	      7359	00100274	01451613	slli	x12,x10,0x14	 x10:0x00000010 x12=0x01000000
          14730	      7361	00100278	0075a023	sw	x7,0(x11)	 x11:0x00020000  x7:0x00000030 PA:0x00020000 store:0x00000030 load:0x00000000
          14732	      7362	0010027c	01c65693	srli	x13,x12,0x1c	 x12:0x01000000 x13=0x00000000
          14734	      7363	00100280	00900813	addi	x16,x0,9	  x0:0x00000000 x16=0x00000009
          14736	      7364	00100284	f2d86ae3	bltu	x16,x13,1001b8	 x16:0x00000009 x13:0x00000000
          14738	      7365	00100288	03068e93	addi	x29,x13,48	 x13:0x00000000 x29=0x00000030
          14740	      7366	0010028c	00020f37	lui	x30,0x20	 x30=0x00020000
          14742	      7367	00100290	01851f93	slli	x31,x10,0x18	 x10:0x00000010 x31=0x10000000
          14746	      7369	00100294	01df2023	sw	x29,0(x30)	 x30:0x00020000 x29:0x00000030 PA:0x00020000 store:0x00000030 load:0x00000000
          14748	      7370	00100298	01cfd793	srli	x15,x31,0x1c	 x31:0x10000000 x15=0x00000001
          14750	      7371	0010029c	00900713	addi	x14,x0,9	  x0:0x00000000 x14=0x00000009
          14752	      7372	001002a0	f2f76ae3	bltu	x14,x15,1001d4	 x14:0x00000009 x15:0x00000001
          14754	      7373	001002a4	03078393	addi	x7,x15,48	 x15:0x00000001  x7=0x00000031
          14756	      7374	001002a8	000205b7	lui	x11,0x20	 x11=0x00020000
          14760	      7376	001002ac	0075a023	sw	x7,0(x11)	 x11:0x00020000  x7:0x00000031 PA:0x00020000 store:0x00000031 load:0x00000000
          14762	      7377	001002b0	00f57513	andi	x10,x10,15	 x10:0x00000010 x10=0x00000000
          14764	      7378	001002b4	00900613	addi	x12,x0,9	  x0:0x00000000 x12=0x00000009
          14768	      7380	001002b8	f2a67ae3	bgeu	x12,x10,1001ec	 x12:0x00000009 x10:0x00000000
          14772	      7382	001001ec	03050893	addi	x17,x10,48	 x10:0x00000000 x17=0x00000030
          14774	      7383	001001f0	00020e37	lui	x28,0x20	 x28=0x00020000
          14778	      7385	001001f4	011e2023	sw	x17,0(x28)	 x28:0x00020000 x17:0x00000030 PA:0x00020000 store:0x00000030 load:0x00000000
          14782	      7387	001001f8	00008067	jalr	x0,0(x1)	  x1:0x0010155c  x0=0x00000000
          14786	      7389	0010155c	a1aa2e23	sw	x26,-1508(x20)	 x20:0x00102000 x26:0x7f167699 PA:0x00101a1c store:0x7f167699 load:0x00000010
          14790	      7391	00101560	a129ac23	sw	x18,-1512(x19)	 x19:0x00102000 x18:0x7f1dfc87 PA:0x00101a18 store:0x7f1dfc87 load:0x00000010
          14792	      7392	00101564	990b8513	addi	x10,x23,-1648	 x23:0x00102000 x10=0x00101990
          14796	      7394	00101568	a1ca2a03	lw	x20,-1508(x20)	 x20:0x00102000 x20=0x7f167699 PA:0x00101a1c store:0x00020000
          14806	      7399	0010156c	a189a983	lw	x19,-1512(x19)	 x19:0x00102000 x19=0x7f1dfc87 PA:0x00101a18 store:0x00102000
          14808	      7400	00101570	293a1dd3	fmax.s	f27,f20,f19	 f20:0x7f167699 f19:0x7f1dfc87 f27=0x7f1dfc87
          14810	      7401	00101574	9fbaac23	sw	x27,-1544(x21)	 x21:0x00102000 x27:0x7f1dfc87 PA:0x001019f8 store:0x7f1dfc87 load:0x7f1dfc87
          14812	      7402	00101578	b29fe0ef	jal	x1,1000a0	  x1=0x0010157c
          14816	      7404	001000a0	00054803	lbu	x16,0(x10)	 x10:0x00101990 x16=0x0000000a PA:0x00101990 store:0x00000000
          14818	      7405	001000a4	06080663	beq	x16,x0,100110	 x16:0x0000000a  x0:0x00000000
          14820	      7406	001000a8	000207b7	lui	x15,0x20	 x15=0x00020000
          14824	      7408	001000ac	0107a023	sw	x16,0(x15)	 x15:0x00020000 x16:0x0000000a PA:0x00020000 store:0x0000000a load:0x00000000
          14828	      7410	001000b0	00154703	lbu	x14,1(x10)	 x10:0x00101990 x14=0x00000020 PA:0x00101991 store:0x0010157c
          14830	      7411	001000b4	04070e63	beq	x14,x0,100110	 x14:0x00000020  x0:0x00000000
          14834	      7413	001000b8	00e7a023	sw	x14,0(x15)	 x15:0x00020000 x14:0x00000020 PA:0x00020000 store:0x00000020 load:0x00000000
          14838	      7415	001000bc	00254283	lbu	x5,2(x10)	 x10:0x00101990  x5=0x0000004d PA:0x00101992 store:0x00137fc0
          14840	      7416	001000c0	04028863	beq	x5,x0,100110	  x5:0x0000004d  x0:0x00000000
          14844	      7418	001000c4	0057a023	sw	x5,0(x15)	 x15:0x00020000  x5:0x0000004d PA:0x00020000 store:0x0000004d load:0x00000000
          14848	      7420	001000c8	00354303	lbu	x6,3(x10)	 x10:0x00101990  x6=0x00000041 PA:0x00101993 store:0x00000000
          14850	      7421	001000cc	04030263	beq	x6,x0,100110	  x6:0x00000041  x0:0x00000000
          14854	      7423	001000d0	0067a023	sw	x6,0(x15)	 x15:0x00020000  x6:0x00000041 PA:0x00020000 store:0x00000041 load:0x00000000
          14858	      7425	001000d4	00454383	lbu	x7,4(x10)	 x10:0x00101990  x7=0x00000058 PA:0x00101994 store:0x00000000
          14860	      7426	001000d8	02038c63	beq	x7,x0,100110	  x7:0x00000058  x0:0x00000000
          14864	      7428	001000dc	0077a023	sw	x7,0(x15)	 x15:0x00020000  x7:0x00000058 PA:0x00020000 store:0x00000058 load:0x00000000
          14868	      7430	001000e0	00554583	lbu	x11,5(x10)	 x10:0x00101990 x11=0x00000028 PA:0x00101995 store:0x0000004d
          14870	      7431	001000e4	02058663	beq	x11,x0,100110	 x11:0x00000028  x0:0x00000000
          14874	      7433	001000e8	00b7a023	sw	x11,0(x15)	 x15:0x00020000 x11:0x00000028 PA:0x00020000 store:0x00000028 load:0x00000000
          14878	      7435	001000ec	00654603	lbu	x12,6(x10)	 x10:0x00101990 x12=0x00000032 PA:0x00101996 store:0x00000041
          14880	      7436	001000f0	02060063	beq	x12,x0,100110	 x12:0x00000032  x0:0x00000000
          14884	      7438	001000f4	00c7a023	sw	x12,0(x15)	 x15:0x00020000 x12:0x00000032 PA:0x00020000 store:0x00000032 load:0x00000000
          14888	      7440	001000f8	00754683	lbu	x13,7(x10)	 x10:0x00101990 x13=0x0000002e PA:0x00101997 store:0x00000058
          14890	      7441	001000fc	00850513	addi	x10,x10,8	 x10:0x00101990 x10=0x00101998
          14892	      7442	00100100	00068863	beq	x13,x0,100110	 x13:0x0000002e  x0:0x00000000
          14896	      7444	00100104	00d7a023	sw	x13,0(x15)	 x15:0x00020000 x13:0x0000002e PA:0x00020000 store:0x0000002e load:0x00000000
          14900	      7446	00100108	00054803	lbu	x16,0(x10)	 x10:0x00101998 x16=0x00000030 PA:0x00101998 store:0x00000000
          14904	      7448	0010010c	fa0810e3	bne	x16,x0,1000ac	 x16:0x00000030  x0:0x00000000
          14910	      7451	001000ac	0107a023	sw	x16,0(x15)	 x15:0x00020000 x16:0x00000030 PA:0x00020000 store:0x00000030 load:0x00000000
          14914	      7453	001000b0	00154703	lbu	x14,1(x10)	 x10:0x00101998 x14=0x00000065 PA:0x00101999 store:0x0010157c
          14916	      7454	001000b4	04070e63	beq	x14,x0,100110	 x14:0x00000065  x0:0x00000000
          14920	      7456	001000b8	00e7a023	sw	x14,0(x15)	 x15:0x00020000 x14:0x00000065 PA:0x00020000 store:0x00000065 load:0x00000000
          14924	      7458	001000bc	00254283	lbu	x5,2(x10)	 x10:0x00101998  x5=0x00000033 PA:0x0010199a store:0x00137fc0
          14926	      7459	001000c0	04028863	beq	x5,x0,100110	  x5:0x00000033  x0:0x00000000
          14930	      7461	001000c4	0057a023	sw	x5,0(x15)	 x15:0x00020000  x5:0x00000033 PA:0x00020000 store:0x00000033 load:0x00000000
          14934	      7463	001000c8	00354303	lbu	x6,3(x10)	 x10:0x00101998  x6=0x00000038 PA:0x0010199b store:0x00000000
          14936	      7464	001000cc	04030263	beq	x6,x0,100110	  x6:0x00000038  x0:0x00000000
          14940	      7466	001000d0	0067a023	sw	x6,0(x15)	 x15:0x00020000  x6:0x00000038 PA:0x00020000 store:0x00000038 load:0x00000000
          14944	      7468	001000d4	00454383	lbu	x7,4(x10)	 x10:0x00101998  x7=0x00000066 PA:0x0010199c store:0x00000000
          14946	      7469	001000d8	02038c63	beq	x7,x0,100110	  x7:0x00000066  x0:0x00000000
          14950	      7471	001000dc	0077a023	sw	x7,0(x15)	 x15:0x00020000  x7:0x00000066 PA:0x00020000 store:0x00000066 load:0x00000000
          14954	      7473	001000e0	00554583	lbu	x11,5(x10)	 x10:0x00101998 x11=0x0000002c PA:0x0010199d store:0x00000033
          14956	      7474	001000e4	02058663	beq	x11,x0,100110	 x11:0x0000002c  x0:0x00000000
          14960	      7476	001000e8	00b7a023	sw	x11,0(x15)	 x15:0x00020000 x11:0x0000002c PA:0x00020000 store:0x0000002c load:0x00000000
          14964	      7478	001000ec	00654603	lbu	x12,6(x10)	 x10:0x00101998 x12=0x00000020 PA:0x0010199e store:0x00000038
          14966	      7479	001000f0	02060063	beq	x12,x0,100110	 x12:0x00000020  x0:0x00000000
          14970	      7481	001000f4	00c7a023	sw	x12,0(x15)	 x15:0x00020000 x12:0x00000020 PA:0x00020000 store:0x00000020 load:0x00000000
          14974	      7483	001000f8	00754683	lbu	x13,7(x10)	 x10:0x00101998 x13=0x00000032 PA:0x0010199f store:0x00000066
          14976	      7484	001000fc	00850513	addi	x10,x10,8	 x10:0x00101998 x10=0x001019a0
          14978	      7485	00100100	00068863	beq	x13,x0,100110	 x13:0x00000032  x0:0x00000000
          14982	      7487	00100104	00d7a023	sw	x13,0(x15)	 x15:0x00020000 x13:0x00000032 PA:0x00020000 store:0x00000032 load:0x00000000
          14986	      7489	00100108	00054803	lbu	x16,0(x10)	 x10:0x001019a0 x16=0x0000002e PA:0x001019a0 store:0x00000000
          14990	      7491	0010010c	fa0810e3	bne	x16,x0,1000ac	 x16:0x0000002e  x0:0x00000000
          14996	      7494	001000ac	0107a023	sw	x16,0(x15)	 x15:0x00020000 x16:0x0000002e PA:0x00020000 store:0x0000002e load:0x00000000
          15000	      7496	001000b0	00154703	lbu	x14,1(x10)	 x10:0x001019a0 x14=0x00000031 PA:0x001019a1 store:0x0010157c
          15002	      7497	001000b4	04070e63	beq	x14,x0,100110	 x14:0x00000031  x0:0x00000000
          15006	      7499	001000b8	00e7a023	sw	x14,0(x15)	 x15:0x00020000 x14:0x00000031 PA:0x00020000 store:0x00000031 load:0x00000000
          15010	      7501	001000bc	00254283	lbu	x5,2(x10)	 x10:0x001019a0  x5=0x00000065 PA:0x001019a2 store:0x00137fc0
          15012	      7502	001000c0	04028863	beq	x5,x0,100110	  x5:0x00000065  x0:0x00000000
          15016	      7504	001000c4	0057a023	sw	x5,0(x15)	 x15:0x00020000  x5:0x00000065 PA:0x00020000 store:0x00000065 load:0x00000000
          15020	      7506	001000c8	00354303	lbu	x6,3(x10)	 x10:0x001019a0  x6=0x00000033 PA:0x001019a3 store:0x00000000
          15022	      7507	001000cc	04030263	beq	x6,x0,100110	  x6:0x00000033  x0:0x00000000
          15026	      7509	001000d0	0067a023	sw	x6,0(x15)	 x15:0x00020000  x6:0x00000033 PA:0x00020000 store:0x00000033 load:0x00000000
          15030	      7511	001000d4	00454383	lbu	x7,4(x10)	 x10:0x001019a0  x7=0x00000038 PA:0x001019a4 store:0x00000000
          15032	      7512	001000d8	02038c63	beq	x7,x0,100110	  x7:0x00000038  x0:0x00000000
          15036	      7514	001000dc	0077a023	sw	x7,0(x15)	 x15:0x00020000  x7:0x00000038 PA:0x00020000 store:0x00000038 load:0x00000000
          15040	      7516	001000e0	00554583	lbu	x11,5(x10)	 x10:0x001019a0 x11=0x00000066 PA:0x001019a5 store:0x00000065
          15042	      7517	001000e4	02058663	beq	x11,x0,100110	 x11:0x00000066  x0:0x00000000
          15046	      7519	001000e8	00b7a023	sw	x11,0(x15)	 x15:0x00020000 x11:0x00000066 PA:0x00020000 store:0x00000066 load:0x00000000
          15050	      7521	001000ec	00654603	lbu	x12,6(x10)	 x10:0x001019a0 x12=0x00000029 PA:0x001019a6 store:0x00000033
          15052	      7522	001000f0	02060063	beq	x12,x0,100110	 x12:0x00000029  x0:0x00000000
          15056	      7524	001000f4	00c7a023	sw	x12,0(x15)	 x15:0x00020000 x12:0x00000029 PA:0x00020000 store:0x00000029 load:0x00000000
          15060	      7526	001000f8	00754683	lbu	x13,7(x10)	 x10:0x001019a0 x13=0x0000002c PA:0x001019a7 store:0x00000038
          15062	      7527	001000fc	00850513	addi	x10,x10,8	 x10:0x001019a0 x10=0x001019a8
          15064	      7528	00100100	00068863	beq	x13,x0,100110	 x13:0x0000002c  x0:0x00000000
          15068	      7530	00100104	00d7a023	sw	x13,0(x15)	 x15:0x00020000 x13:0x0000002c PA:0x00020000 store:0x0000002c load:0x00000000
          15072	      7532	00100108	00054803	lbu	x16,0(x10)	 x10:0x001019a8 x16=0x00000020 PA:0x001019a8 store:0x00000000
          15076	      7534	0010010c	fa0810e3	bne	x16,x0,1000ac	 x16:0x00000020  x0:0x00000000
          15082	      7537	001000ac	0107a023	sw	x16,0(x15)	 x15:0x00020000 x16:0x00000020 PA:0x00020000 store:0x00000020 load:0x00000000
          15086	      7539	001000b0	00154703	lbu	x14,1(x10)	 x10:0x001019a8 x14=0x00000065 PA:0x001019a9 store:0x0010157c
          15088	      7540	001000b4	04070e63	beq	x14,x0,100110	 x14:0x00000065  x0:0x00000000
          15092	      7542	001000b8	00e7a023	sw	x14,0(x15)	 x15:0x00020000 x14:0x00000065 PA:0x00020000 store:0x00000065 load:0x00000000
          15096	      7544	001000bc	00254283	lbu	x5,2(x10)	 x10:0x001019a8  x5=0x00000078 PA:0x001019aa store:0x00137fc0
          15098	      7545	001000c0	04028863	beq	x5,x0,100110	  x5:0x00000078  x0:0x00000000
          15102	      7547	001000c4	0057a023	sw	x5,0(x15)	 x15:0x00020000  x5:0x00000078 PA:0x00020000 store:0x00000078 load:0x00000000
          15106	      7549	001000c8	00354303	lbu	x6,3(x10)	 x10:0x001019a8  x6=0x00000070 PA:0x001019ab store:0x00000000
          15108	      7550	001000cc	04030263	beq	x6,x0,100110	  x6:0x00000070  x0:0x00000000
          15112	      7552	001000d0	0067a023	sw	x6,0(x15)	 x15:0x00020000  x6:0x00000070 PA:0x00020000 store:0x00000070 load:0x00000000
          15116	      7554	001000d4	00454383	lbu	x7,4(x10)	 x10:0x001019a8  x7=0x00000065 PA:0x001019ac store:0x00000000
          15118	      7555	001000d8	02038c63	beq	x7,x0,100110	  x7:0x00000065  x0:0x00000000
          15122	      7557	001000dc	0077a023	sw	x7,0(x15)	 x15:0x00020000  x7:0x00000065 PA:0x00020000 store:0x00000065 load:0x00000000
          15126	      7559	001000e0	00554583	lbu	x11,5(x10)	 x10:0x001019a8 x11=0x00000063 PA:0x001019ad store:0x00000078
          15128	      7560	001000e4	02058663	beq	x11,x0,100110	 x11:0x00000063  x0:0x00000000
          15132	      7562	001000e8	00b7a023	sw	x11,0(x15)	 x15:0x00020000 x11:0x00000063 PA:0x00020000 store:0x00000063 load:0x00000000
          15136	      7564	001000ec	00654603	lbu	x12,6(x10)	 x10:0x001019a8 x12=0x00000074 PA:0x001019ae store:0x00000070
          15138	      7565	001000f0	02060063	beq	x12,x0,100110	 x12:0x00000074  x0:0x00000000
          15142	      7567	001000f4	00c7a023	sw	x12,0(x15)	 x15:0x00020000 x12:0x00000074 PA:0x00020000 store:0x00000074 load:0x00000000
          15146	      7569	001000f8	00754683	lbu	x13,7(x10)	 x10:0x001019a8 x13=0x00000069 PA:0x001019af store:0x00000065
          15148	      7570	001000fc	00850513	addi	x10,x10,8	 x10:0x001019a8 x10=0x001019b0
          15150	      7571	00100100	00068863	beq	x13,x0,100110	 x13:0x00000069  x0:0x00000000
          15154	      7573	00100104	00d7a023	sw	x13,0(x15)	 x15:0x00020000 x13:0x00000069 PA:0x00020000 store:0x00000069 load:0x00000000
          15158	      7575	00100108	00054803	lbu	x16,0(x10)	 x10:0x001019b0 x16=0x0000006e PA:0x001019b0 store:0x00000000
          15162	      7577	0010010c	fa0810e3	bne	x16,x0,1000ac	 x16:0x0000006e  x0:0x00000000
          15168	      7580	001000ac	0107a023	sw	x16,0(x15)	 x15:0x00020000 x16:0x0000006e PA:0x00020000 store:0x0000006e load:0x00000000
          15172	      7582	001000b0	00154703	lbu	x14,1(x10)	 x10:0x001019b0 x14=0x00000067 PA:0x001019b1 store:0x0010157c
          15174	      7583	001000b4	04070e63	beq	x14,x0,100110	 x14:0x00000067  x0:0x00000000
          15178	      7585	001000b8	00e7a023	sw	x14,0(x15)	 x15:0x00020000 x14:0x00000067 PA:0x00020000 store:0x00000067 load:0x00000000
          15182	      7587	001000bc	00254283	lbu	x5,2(x10)	 x10:0x001019b0  x5=0x0000003a PA:0x001019b2 store:0x00137fc0
          15184	      7588	001000c0	04028863	beq	x5,x0,100110	  x5:0x0000003a  x0:0x00000000
          15188	      7590	001000c4	0057a023	sw	x5,0(x15)	 x15:0x00020000  x5:0x0000003a PA:0x00020000 store:0x0000003a load:0x00000000
          15192	      7592	001000c8	00354303	lbu	x6,3(x10)	 x10:0x001019b0  x6=0x00000020 PA:0x001019b3 store:0x00000000
          15194	      7593	001000cc	04030263	beq	x6,x0,100110	  x6:0x00000020  x0:0x00000000
          15198	      7595	001000d0	0067a023	sw	x6,0(x15)	 x15:0x00020000  x6:0x00000020 PA:0x00020000 store:0x00000020 load:0x00000000
          15202	      7597	001000d4	00454383	lbu	x7,4(x10)	 x10:0x001019b0  x7=0x00000030 PA:0x001019b4 store:0x00000000
          15204	      7598	001000d8	02038c63	beq	x7,x0,100110	  x7:0x00000030  x0:0x00000000
          15208	      7600	001000dc	0077a023	sw	x7,0(x15)	 x15:0x00020000  x7:0x00000030 PA:0x00020000 store:0x00000030 load:0x00000000
          15212	      7602	001000e0	00554583	lbu	x11,5(x10)	 x10:0x001019b0 x11=0x00000078 PA:0x001019b5 store:0x0000003a
          15214	      7603	001000e4	02058663	beq	x11,x0,100110	 x11:0x00000078  x0:0x00000000
          15218	      7605	001000e8	00b7a023	sw	x11,0(x15)	 x15:0x00020000 x11:0x00000078 PA:0x00020000 store:0x00000078 load:0x00000000
          15222	      7607	001000ec	00654603	lbu	x12,6(x10)	 x10:0x001019b0 x12=0x00000037 PA:0x001019b6 store:0x00000020
          15224	      7608	001000f0	02060063	beq	x12,x0,100110	 x12:0x00000037  x0:0x00000000
          15228	      7610	001000f4	00c7a023	sw	x12,0(x15)	 x15:0x00020000 x12:0x00000037 PA:0x00020000 store:0x00000037 load:0x00000000
          15232	      7612	001000f8	00754683	lbu	x13,7(x10)	 x10:0x001019b0 x13=0x00000066 PA:0x001019b7 store:0x00000030
          15234	      7613	001000fc	00850513	addi	x10,x10,8	 x10:0x001019b0 x10=0x001019b8
          15236	      7614	00100100	00068863	beq	x13,x0,100110	 x13:0x00000066  x0:0x00000000
          15240	      7616	00100104	00d7a023	sw	x13,0(x15)	 x15:0x00020000 x13:0x00000066 PA:0x00020000 store:0x00000066 load:0x00000000
          15244	      7618	00100108	00054803	lbu	x16,0(x10)	 x10:0x001019b8 x16=0x00000031 PA:0x001019b8 store:0x00000000
          15248	      7620	0010010c	fa0810e3	bne	x16,x0,1000ac	 x16:0x00000031  x0:0x00000000
          15254	      7623	001000ac	0107a023	sw	x16,0(x15)	 x15:0x00020000 x16:0x00000031 PA:0x00020000 store:0x00000031 load:0x00000000
          15258	      7625	001000b0	00154703	lbu	x14,1(x10)	 x10:0x001019b8 x14=0x00000064 PA:0x001019b9 store:0x0010157c
          15260	      7626	001000b4	04070e63	beq	x14,x0,100110	 x14:0x00000064  x0:0x00000000
          15264	      7628	001000b8	00e7a023	sw	x14,0(x15)	 x15:0x00020000 x14:0x00000064 PA:0x00020000 store:0x00000064 load:0x00000000
          15268	      7630	001000bc	00254283	lbu	x5,2(x10)	 x10:0x001019b8  x5=0x00000066 PA:0x001019ba store:0x00137fc0
          15270	      7631	001000c0	04028863	beq	x5,x0,100110	  x5:0x00000066  x0:0x00000000
          15274	      7633	001000c4	0057a023	sw	x5,0(x15)	 x15:0x00020000  x5:0x00000066 PA:0x00020000 store:0x00000066 load:0x00000000
          15278	      7635	001000c8	00354303	lbu	x6,3(x10)	 x10:0x001019b8  x6=0x00000063 PA:0x001019bb store:0x00000000
          15280	      7636	001000cc	04030263	beq	x6,x0,100110	  x6:0x00000063  x0:0x00000000
          15284	      7638	001000d0	0067a023	sw	x6,0(x15)	 x15:0x00020000  x6:0x00000063 PA:0x00020000 store:0x00000063 load:0x00000000
          15288	      7640	001000d4	00454383	lbu	x7,4(x10)	 x10:0x001019b8  x7=0x00000038 PA:0x001019bc store:0x00000000
          15290	      7641	001000d8	02038c63	beq	x7,x0,100110	  x7:0x00000038  x0:0x00000000
          15294	      7643	001000dc	0077a023	sw	x7,0(x15)	 x15:0x00020000  x7:0x00000038 PA:0x00020000 store:0x00000038 load:0x00000000
          15298	      7645	001000e0	00554583	lbu	x11,5(x10)	 x10:0x001019b8 x11=0x00000037 PA:0x001019bd store:0x00000066
          15300	      7646	001000e4	02058663	beq	x11,x0,100110	 x11:0x00000037  x0:0x00000000
          15304	      7648	001000e8	00b7a023	sw	x11,0(x15)	 x15:0x00020000 x11:0x00000037 PA:0x00020000 store:0x00000037 load:0x00000000
          15308	      7650	001000ec	00654603	lbu	x12,6(x10)	 x10:0x001019b8 x12=0x0000003a PA:0x001019be store:0x00000063
          15310	      7651	001000f0	02060063	beq	x12,x0,100110	 x12:0x0000003a  x0:0x00000000
          15314	      7653	001000f4	00c7a023	sw	x12,0(x15)	 x15:0x00020000 x12:0x0000003a PA:0x00020000 store:0x0000003a load:0x00000000
          15318	      7655	001000f8	00754683	lbu	x13,7(x10)	 x10:0x001019b8 x13=0x00000020 PA:0x001019bf store:0x00000038
          15320	      7656	001000fc	00850513	addi	x10,x10,8	 x10:0x001019b8 x10=0x001019c0
          15322	      7657	00100100	00068863	beq	x13,x0,100110	 x13:0x00000020  x0:0x00000000
          15326	      7659	00100104	00d7a023	sw	x13,0(x15)	 x15:0x00020000 x13:0x00000020 PA:0x00020000 store:0x00000020 load:0x00000000
          15330	      7661	00100108	00054803	lbu	x16,0(x10)	 x10:0x001019c0 x16=0x00000000 PA:0x001019c0 store:0x00000000
          15332	      7662	0010010c	fa0810e3	bne	x16,x0,1000ac	 x16:0x00000000  x0:0x00000000
          15334	      7663	00100110	00000513	addi	x10,x0,0	  x0:0x00000000 x10=0x00000000
          15338	      7665	00100114	00008067	jalr	x0,0(x1)	  x1:0x0010157c  x0=0x00000000
          15342	      7667	0010157c	9f0c2503	lw	x10,-1552(x24)	 x24:0x00102000 x10=0x00000010 PA:0x001019f0 store:0x00000000
          15344	      7668	00101580	00102c37	lui	x24,0x102	 x24=0x00102000
          15348	      7670	00101584	b9dfe0ef	jal	x1,100120	  x1=0x00101588
          15350	      7671	00100120	01c55793	srli	x15,x10,0x1c	 x10:0x00000010 x15=0x00000000
          15352	      7672	00100124	00900713	addi	x14,x0,9	  x0:0x00000000 x14=0x00000009
          15356	      7674	00100128	0cf77a63	bgeu	x14,x15,1001fc	 x14:0x00000009 x15:0x00000000
          15360	      7676	001001fc	03078393	addi	x7,x15,48	 x15:0x00000000  x7=0x00000030
          15362	      7677	00100200	000205b7	lui	x11,0x20	 x11=0x00020000
          15364	      7678	00100204	00451613	slli	x12,x10,0x4	 x10:0x00000010 x12=0x00000100
          15368	      7680	00100208	0075a023	sw	x7,0(x11)	 x11:0x00020000  x7:0x00000030 PA:0x00020000 store:0x00000030 load:0x00000000
          15370	      7681	0010020c	01c65693	srli	x13,x12,0x1c	 x12:0x00000100 x13=0x00000000
          15372	      7682	00100210	00900813	addi	x16,x0,9	  x0:0x00000000 x16=0x00000009
          15374	      7683	00100214	f2d86ae3	bltu	x16,x13,100148	 x16:0x00000009 x13:0x00000000
          15376	      7684	00100218	03068e93	addi	x29,x13,48	 x13:0x00000000 x29=0x00000030
          15378	      7685	0010021c	00020f37	lui	x30,0x20	 x30=0x00020000
          15380	      7686	00100220	00851f93	slli	x31,x10,0x8	 x10:0x00000010 x31=0x00001000
          15384	      7688	00100224	01df2023	sw	x29,0(x30)	 x30:0x00020000 x29:0x00000030 PA:0x00020000 store:0x00000030 load:0x00000000
          15386	      7689	00100228	01cfd793	srli	x15,x31,0x1c	 x31:0x00001000 x15=0x00000000
          15388	      7690	0010022c	00900713	addi	x14,x0,9	  x0:0x00000000 x14=0x00000009
          15390	      7691	00100230	f2f76ae3	bltu	x14,x15,100164	 x14:0x00000009 x15:0x00000000
          15392	      7692	00100234	03078393	addi	x7,x15,48	 x15:0x00000000  x7=0x00000030
          15394	      7693	00100238	000205b7	lui	x11,0x20	 x11=0x00020000
          15396	      7694	0010023c	00c51613	slli	x12,x10,0xc	 x10:0x00000010 x12=0x00010000
          15400	      7696	00100240	0075a023	sw	x7,0(x11)	 x11:0x00020000  x7:0x00000030 PA:0x00020000 store:0x00000030 load:0x00000000
          15402	      7697	00100244	01c65693	srli	x13,x12,0x1c	 x12:0x00010000 x13=0x00000000
          15404	      7698	00100248	00900813	addi	x16,x0,9	  x0:0x00000000 x16=0x00000009
          15406	      7699	0010024c	f2d86ae3	bltu	x16,x13,100180	 x16:0x00000009 x13:0x00000000
          15408	      7700	00100250	03068e93	addi	x29,x13,48	 x13:0x00000000 x29=0x00000030
          15410	      7701	00100254	00020f37	lui	x30,0x20	 x30=0x00020000
          15412	      7702	00100258	01051f93	slli	x31,x10,0x10	 x10:0x00000010 x31=0x00100000
          15416	      7704	0010025c	01df2023	sw	x29,0(x30)	 x30:0x00020000 x29:0x00000030 PA:0x00020000 store:0x00000030 load:0x00000000
          15418	      7705	00100260	01cfd793	srli	x15,x31,0x1c	 x31:0x00100000 x15=0x00000000
          15420	      7706	00100264	00900713	addi	x14,x0,9	  x0:0x00000000 x14=0x00000009
          15422	      7707	00100268	f2f76ae3	bltu	x14,x15,10019c	 x14:0x00000009 x15:0x00000000
          15424	      7708	0010026c	03078393	addi	x7,x15,48	 x15:0x00000000  x7=0x00000030
          15426	      7709	00100270	000205b7	lui	x11,0x20	 x11=0x00020000
          15428	      7710	00100274	01451613	slli	x12,x10,0x14	 x10:0x00000010 x12=0x01000000
          15432	      7712	00100278	0075a023	sw	x7,0(x11)	 x11:0x00020000  x7:0x00000030 PA:0x00020000 store:0x00000030 load:0x00000000
          15434	      7713	0010027c	01c65693	srli	x13,x12,0x1c	 x12:0x01000000 x13=0x00000000
          15436	      7714	00100280	00900813	addi	x16,x0,9	  x0:0x00000000 x16=0x00000009
          15438	      7715	00100284	f2d86ae3	bltu	x16,x13,1001b8	 x16:0x00000009 x13:0x00000000
          15440	      7716	00100288	03068e93	addi	x29,x13,48	 x13:0x00000000 x29=0x00000030
          15442	      7717	0010028c	00020f37	lui	x30,0x20	 x30=0x00020000
          15444	      7718	00100290	01851f93	slli	x31,x10,0x18	 x10:0x00000010 x31=0x10000000
          15448	      7720	00100294	01df2023	sw	x29,0(x30)	 x30:0x00020000 x29:0x00000030 PA:0x00020000 store:0x00000030 load:0x00000000
          15450	      7721	00100298	01cfd793	srli	x15,x31,0x1c	 x31:0x10000000 x15=0x00000001
          15452	      7722	0010029c	00900713	addi	x14,x0,9	  x0:0x00000000 x14=0x00000009
          15454	      7723	001002a0	f2f76ae3	bltu	x14,x15,1001d4	 x14:0x00000009 x15:0x00000001
          15456	      7724	001002a4	03078393	addi	x7,x15,48	 x15:0x00000001  x7=0x00000031
          15458	      7725	001002a8	000205b7	lui	x11,0x20	 x11=0x00020000
          15462	      7727	001002ac	0075a023	sw	x7,0(x11)	 x11:0x00020000  x7:0x00000031 PA:0x00020000 store:0x00000031 load:0x00000000
          15464	      7728	001002b0	00f57513	andi	x10,x10,15	 x10:0x00000010 x10=0x00000000
          15466	      7729	001002b4	00900613	addi	x12,x0,9	  x0:0x00000000 x12=0x00000009
          15470	      7731	001002b8	f2a67ae3	bgeu	x12,x10,1001ec	 x12:0x00000009 x10:0x00000000
          15474	      7733	001001ec	03050893	addi	x17,x10,48	 x10:0x00000000 x17=0x00000030
          15476	      7734	001001f0	00020e37	lui	x28,0x20	 x28=0x00020000
          15480	      7736	001001f4	011e2023	sw	x17,0(x28)	 x28:0x00020000 x17:0x00000030 PA:0x00020000 store:0x00000030 load:0x00000000
          15484	      7738	001001f8	00008067	jalr	x0,0(x1)	  x1:0x00101588  x0=0x00000000
          15486	      7739	00101588	9c4c0513	addi	x10,x24,-1596	 x24:0x00102000 x10=0x001019c4
          15490	      7741	0010158c	b15fe0ef	jal	x1,1000a0	  x1=0x00101590
          15494	      7743	001000a0	00054803	lbu	x16,0(x10)	 x10:0x001019c4 x16=0x0000000a PA:0x001019c4 store:0x00000000
          15496	      7744	001000a4	06080663	beq	x16,x0,100110	 x16:0x0000000a  x0:0x00000000
          15498	      7745	001000a8	000207b7	lui	x15,0x20	 x15=0x00020000
          15502	      7747	001000ac	0107a023	sw	x16,0(x15)	 x15:0x00020000 x16:0x0000000a PA:0x00020000 store:0x0000000a load:0x00000000
          15506	      7749	001000b0	00154703	lbu	x14,1(x10)	 x10:0x001019c4 x14=0x0000000a PA:0x001019c5 store:0x00101590
          15508	      7750	001000b4	04070e63	beq	x14,x0,100110	 x14:0x0000000a  x0:0x00000000
          15512	      7752	001000b8	00e7a023	sw	x14,0(x15)	 x15:0x00020000 x14:0x0000000a PA:0x00020000 store:0x0000000a load:0x00000000
          15516	      7754	001000bc	00254283	lbu	x5,2(x10)	 x10:0x001019c4  x5=0x00000000 PA:0x001019c6 store:0x00137fc0
          15520	      7756	001000c0	04028863	beq	x5,x0,100110	  x5:0x00000000  x0:0x00000000
          15524	      7758	00100110	00000513	addi	x10,x0,0	  x0:0x00000000 x10=0x00000000
          15528	      7760	00100114	00008067	jalr	x0,0(x1)	  x1:0x00101590  x0=0x00000000
          15530	      7761	00101590	00000513	addi	x10,x0,0	  x0:0x00000000 x10=0x00000000
          15534	      7763	00101594	ecdfe0ef	jal	x1,100460	  x1=0x00101598
          15536	      7764	00100460	00153513	sltiu	x10,x10,1	 x10:0x00000000 x10=0x00000001
          15538	      7765	00100464	40a002b3	sub	x5,x0,x10	  x0:0x00000000 x10:0x00000001  x5=0xffffffff
          15540	      7766	00100468	32029073	csrrw	x0,mcountinhibit,x5	  x5:0xffffffff  x0=0x00000000
          15544	      7768	0010046c	00008067	jalr	x0,0(x1)	  x1:0x00101598  x0=0x00000000
          15546	      7769	00101598	7d000513	addi	x10,x0,2000	  x0:0x00000000 x10=0x000007d0
          15548	      7770	0010159c	00000593	addi	x11,x0,0	  x0:0x00000000 x11=0x00000000
          15552	      7772	001015a0	d60ff0ef	jal	x1,100b00	  x1=0x001015a4
          15554	      7773	00100b00	001026b7	lui	x13,0x102	 x13=0x00102000
          15556	      7774	00100b04	00000813	addi	x16,x0,0	  x0:0x00000000 x16=0x00000000
          15558	      7775	00100b08	001027b7	lui	x15,0x102	 x15=0x00102000
          15560	      7776	00100b0c	00030737	lui	x14,0x30	 x14=0x00030000
          15562	      7777	00100b10	00000893	addi	x17,x0,0	  x0:0x00000000 x17=0x00000000
          15566	      7779	00100b14	9f06a023	sw	x16,-1568(x13)	 x13:0x00102000 x16:0x00000000 PA:0x001019e0 store:0x00000000 load:0x00000a0a
          15570	      7781	00100b18	9f16a223	sw	x17,-1564(x13)	 x13:0x00102000 x17:0x00000000 PA:0x001019e4 store:0x00000000 load:0x00000a0a
          15574	      7783	00100b1c	9ca7ac23	sw	x10,-1576(x15)	 x15:0x00102000 x10:0x000007d0 PA:0x001019d8 store:0x000007d0 load:0x00000a0a
          15578	      7785	00100b20	9cb7ae23	sw	x11,-1572(x15)	 x15:0x00102000 x11:0x00000000 PA:0x001019dc store:0x00000000 load:0x00000a0a
          15580	      7786	00100b24	00030637	lui	x12,0x30	 x12=0x00030000
          15582	      7787	00100b28	00470293	addi	x5,x14,4	 x14:0x00030000  x5=0x00030004
          15586	      7789	00100b2c	0002a783	lw	x15,0(x5)	  x5:0x00030004 x15=0x00000000 PA:0x00030004 store:0x00000000
          15590	      7791	00100b30	00062683	lw	x13,0(x12)	 x12:0x00030000 x13=0x00001e6d PA:0x00030000 store:0x00000000
          15594	      7793	00100b34	0002a303	lw	x6,0(x5)	  x5:0x00030004  x6=0x00000000 PA:0x00030004 store:0x00000000
          15598	      7795	00100b38	06678a63	beq	x15,x6,100bac	 x15:0x00000000  x6:0x00000000
          15602	      7797	00100bac	000308b7	lui	x17,0x30	 x17=0x00030000
          15604	      7798	00100bb0	00a68533	add	x10,x13,x10	 x13:0x00001e6d x10:0x000007d0 x10=0x0000263d
          15606	      7799	00100bb4	00888293	addi	x5,x17,8	 x17:0x00030000  x5=0x00030008
          15608	      7800	00100bb8	00b783b3	add	x7,x15,x11	 x15:0x00000000 x11:0x00000000  x7=0x00000000
          15610	      7801	00100bbc	00d53333	sltu	x6,x10,x13	 x10:0x0000263d x13:0x00001e6d  x6=0x00000000
          15612	      7802	00100bc0	fff00593	addi	x11,x0,-1	  x0:0x00000000 x11=0xffffffff
          15616	      7804	00100bc4	00b2a023	sw	x11,0(x5)	  x5:0x00030008 x11:0xffffffff PA:0x00030008 store:0xffffffff load:0x00000000
          15618	      7805	00100bc8	00030637	lui	x12,0x30	 x12=0x00030000
          15620	      7806	00100bcc	00730e33	add	x28,x6,x7	  x6:0x00000000  x7:0x00000000 x28=0x00000000
          15624	      7808	00100bd0	01c62623	sw	x28,12(x12)	 x12:0x00030000 x28:0x00000000 PA:0x0003000c store:0x00000000 load:0x00000000
          15628	      7810	00100bd4	00a2a023	sw	x10,0(x5)	  x5:0x00030008 x10:0x0000263d PA:0x00030008 store:0x0000263d load:0xffffffff
          15630	      7811	00100bd8	08000e93	addi	x29,x0,128	  x0:0x00000000 x29=0x00000080
          15632	      7812	00100bdc	304ea073	csrrs	x0,mie,x29	 x29:0x00000080  x0=0x00000000
          15638	      7815	00100be0	00800f13	addi	x30,x0,8	  x0:0x00000000 x30=0x00000008
          15640	      7816	00100be4	300f2073	csrrs	x0,mstatus,x30	 x30:0x00000008  x0=0x00000000
          15648	      7820	00100be8	00008067	jalr	x0,0(x1)	  x1:0x001015a4  x0=0x00000000
          15652	      7822	001015a4	f1cff0ef	jal	x1,100cc0	  x1=0x001015a8
          15654	      7823	00100cc0	001027b7	lui	x15,0x102	 x15=0x00102000
          15658	      7825	00100cc4	9e07a503	lw	x10,-1568(x15)	 x15:0x00102000 x10=0x00000000 PA:0x001019e0 store:0x00000000
          15662	      7827	00100cc8	9e47a583	lw	x11,-1564(x15)	 x15:0x00102000 x11=0x00000000 PA:0x001019e4 store:0x00000000
          15666	      7829	00100ccc	00008067	jalr	x0,0(x1)	  x1:0x001015a8  x0=0x00000000
          15668	      7830	001015a8	00058b93	addi	x23,x11,0	 x11:0x00000000 x23=0x00000000
          15670	      7831	001015ac	00050913	addi	x18,x10,0	 x10:0x00000000 x18=0x00000000
          15672	      7832	001015b0	06059a63	bne	x11,x0,101624	 x11:0x00000000  x0:0x00000000
          15674	      7833	001015b4	00400a93	addi	x21,x0,4	  x0:0x00000000 x21=0x00000004
          15676	      7834	001015b8	06aae663	bltu	x21,x10,101624	 x21:0x00000004 x10:0x00000000
          15680	      7836	001015bc	f04ff0ef	jal	x1,100cc0	  x1=0x001015c0
          15682	      7837	00100cc0	001027b7	lui	x15,0x102	 x15=0x00102000
          15686	      7839	00100cc4	9e07a503	lw	x10,-1568(x15)	 x15:0x00102000 x10=0x00000000 PA:0x001019e0 store:0x00000000
          15690	      7841	00100cc8	9e47a583	lw	x11,-1564(x15)	 x15:0x00102000 x11=0x00000000 PA:0x001019e4 store:0x00000000
          15694	      7843	00100ccc	00008067	jalr	x0,0(x1)	  x1:0x001015c0  x0=0x00000000
          15696	      7844	001015c0	00102cb7	lui	x25,0x102	 x25=0x00102000
          15698	      7845	001015c4	00050413	addi	x8,x10,0	 x10:0x00000000  x8=0x00000000
          15700	      7846	001015c8	00157f93	andi	x31,x10,1	 x10:0x00000000 x31=0x00000000
          15702	      7847	001015cc	00400d13	addi	x26,x0,4	  x0:0x00000000 x26=0x00000004
          15704	      7848	001015d0	00102b37	lui	x22,0x102	 x22=0x00102000
          15706	      7849	001015d4	9c8c8513	addi	x10,x25,-1592	 x25:0x00102000 x10=0x001019c8
          15708	      7850	001015d8	00058493	addi	x9,x11,0	 x11:0x00000000  x9=0x00000000
          15712	      7852	001015dc	03240e63	beq	x8,x18,101618	  x8:0x00000000 x18:0x00000000
          15716	      7854	00101618	fd7594e3	bne	x11,x23,1015e0	 x11:0x00000000 x23:0x00000000
          15718	      7855	0010161c	10500073	wfi	
          19600	      9796	0010001c	6890006f	jal	x0,100ea4	  x0=0x00000000
          19604	      9798	00100ea4	e2dff06f	jal	x0,100cd0	  x0=0x00000000
          19606	      9799	00100cd0	fe010113	addi	x2,x2,-32	  x2:0x00137fc0  x2=0x00137fa0
          19610	      9801	00100cd4	00f12423	sw	x15,8(x2)	  x2:0x00137fa0 x15:0x00102000 PA:0x00137fa8 store:0x00102000 load:0x00000000
          19612	      9802	00100cd8	001027b7	lui	x15,0x102	 x15=0x00102000
          19616	      9804	00100cdc	00b12c23	sw	x11,24(x2)	  x2:0x00137fa0 x11:0x00000000 PA:0x00137fb8 store:0x00000000 load:0x00000000
          19620	      9806	00100ce0	01012223	sw	x16,4(x2)	  x2:0x00137fa0 x16:0x00000000 PA:0x00137fa4 store:0x00000000 load:0x00000000
          19624	      9808	00100ce4	9d87a583	lw	x11,-1576(x15)	 x15:0x00102000 x11=0x000007d0 PA:0x001019d8 store:0x00102000
          19628	      9810	00100ce8	9dc7a803	lw	x16,-1572(x15)	 x15:0x00102000 x16=0x00000000 PA:0x001019dc store:0x00000000
          19632	      9812	00100cec	00e12623	sw	x14,12(x2)	  x2:0x00137fa0 x14:0x00030000 PA:0x00137fac store:0x00030000 load:0x00000000
          19634	      9813	00100cf0	00030737	lui	x14,0x30	 x14=0x00030000
          19638	      9815	00100cf4	00c12a23	sw	x12,20(x2)	  x2:0x00137fa0 x12:0x00030000 PA:0x00137fb4 store:0x00030000 load:0x00000000
          19642	      9817	00100cf8	01112023	sw	x17,0(x2)	  x2:0x00137fa0 x17:0x00030000 PA:0x00137fa0 store:0x00030000 load:0x00000000
          19646	      9819	00100cfc	00a12e23	sw	x10,28(x2)	  x2:0x00137fa0 x10:0x001019c8 PA:0x00137fbc store:0x001019c8 load:0x00000000
          19650	      9821	00100d00	00d12823	sw	x13,16(x2)	  x2:0x00137fa0 x13:0x00001e6d PA:0x00137fb0 store:0x00001e6d load:0x00000000
          19652	      9822	00100d04	00030637	lui	x12,0x30	 x12=0x00030000
          19654	      9823	00100d08	00470893	addi	x17,x14,4	 x14:0x00030000 x17=0x00030004
          19658	      9825	00100d0c	0008a783	lw	x15,0(x17)	 x17:0x00030004 x15=0x00000000 PA:0x00030004 store:0x00000000
          19662	      9827	00100d10	00062683	lw	x13,0(x12)	 x12:0x00030000 x13=0x00002661 PA:0x00030000 store:0x00000000
          19666	      9829	00100d14	0008a503	lw	x10,0(x17)	 x17:0x00030004 x10=0x00000000 PA:0x00030004 store:0x00000000
          19670	      9831	00100d18	06a78a63	beq	x15,x10,100d8c	 x15:0x00000000 x10:0x00000000
          19674	      9833	00100d8c	00b688b3	add	x17,x13,x11	 x13:0x00002661 x11:0x000007d0 x17=0x00002e31
          19676	      9834	00100d90	00030637	lui	x12,0x30	 x12=0x00030000
          19678	      9835	00100d94	00d8b6b3	sltu	x13,x17,x13	 x17:0x00002e31 x13:0x00002661 x13=0x00000000
          19680	      9836	00100d98	01078833	add	x16,x15,x16	 x15:0x00000000 x16:0x00000000 x16=0x00000000
          19682	      9837	00100d9c	fff00513	addi	x10,x0,-1	  x0:0x00000000 x10=0xffffffff
          19686	      9839	00100da0	00a62423	sw	x10,8(x12)	 x12:0x00030000 x10:0xffffffff PA:0x00030008 store:0xffffffff load:0x0000263d
          19688	      9840	00100da4	010687b3	add	x15,x13,x16	 x13:0x00000000 x16:0x00000000 x15=0x00000000
          19690	      9841	00100da8	000305b7	lui	x11,0x30	 x11=0x00030000
          19694	      9843	00100dac	00f5a623	sw	x15,12(x11)	 x11:0x00030000 x15:0x00000000 PA:0x0003000c store:0x00000000 load:0x00000000
          19698	      9845	00100db0	01162423	sw	x17,8(x12)	 x12:0x00030000 x17:0x00002e31 PA:0x00030008 store:0x00002e31 load:0xffffffff
          19700	      9846	00100db4	001026b7	lui	x13,0x102	 x13=0x00102000
          19704	      9848	00100db8	9e06a703	lw	x14,-1568(x13)	 x13:0x00102000 x14=0x00000000 PA:0x001019e0 store:0x00000000
          19708	      9850	00100dbc	9e46a883	lw	x17,-1564(x13)	 x13:0x00102000 x17=0x00000000 PA:0x001019e4 store:0x00000000
          19712	      9852	00100dc0	01c12503	lw	x10,28(x2)	  x2:0x00137fa0 x10=0x001019c8 PA:0x00137fbc store:0x00000000
          19714	      9853	00100dc4	00170593	addi	x11,x14,1	 x14:0x00000000 x11=0x00000001
          19716	      9854	00100dc8	00e5b633	sltu	x12,x11,x14	 x11:0x00000001 x14:0x00000000 x12=0x00000000
          19718	      9855	00100dcc	01160833	add	x16,x12,x17	 x12:0x00000000 x17:0x00000000 x16=0x00000000
          19722	      9857	00100dd0	9eb6a023	sw	x11,-1568(x13)	 x13:0x00102000 x11:0x00000001 PA:0x001019e0 store:0x00000001 load:0x001019c8
          19726	      9859	00100dd4	9f06a223	sw	x16,-1564(x13)	 x13:0x00102000 x16:0x00000000 PA:0x001019e4 store:0x00000000 load:0x001019c8
          19730	      9861	00100dd8	01812583	lw	x11,24(x2)	  x2:0x00137fa0 x11=0x00000000 PA:0x00137fb8 store:0x00102000
          19734	      9863	00100ddc	01412603	lw	x12,20(x2)	  x2:0x00137fa0 x12=0x00030000 PA:0x00137fb4 store:0x7f167699
          19738	      9865	00100de0	01012683	lw	x13,16(x2)	  x2:0x00137fa0 x13=0x00001e6d PA:0x00137fb0 store:0x00000000
          19742	      9867	00100de4	00c12703	lw	x14,12(x2)	  x2:0x00137fa0 x14=0x00030000 PA:0x00137fac store:0x00030000
          19746	      9869	00100de8	00812783	lw	x15,8(x2)	  x2:0x00137fa0 x15=0x00102000 PA:0x00137fa8 store:0x00000000
          19750	      9871	00100dec	00412803	lw	x16,4(x2)	  x2:0x00137fa0 x16=0x00000000 PA:0x00137fa4 store:0x00000000
          19754	      9873	00100df0	00012883	lw	x17,0(x2)	  x2:0x00137fa0 x17=0x00030000 PA:0x00137fa0 store:0x00000000
          19756	      9874	00100df4	02010113	addi	x2,x2,32	  x2:0x00137fa0  x2=0x00137fc0
          19758	      9875	00100df8	30200073	mret	
          19766	      9879	00101620	fd9ff06f	jal	x0,1015f8	  x0=0x00000000
          19770	      9881	001015f8	ec8ff0ef	jal	x1,100cc0	  x1=0x001015fc
          19772	      9882	00100cc0	001027b7	lui	x15,0x102	 x15=0x00102000
          19776	      9884	00100cc4	9e07a503	lw	x10,-1568(x15)	 x15:0x00102000 x10=0x00000001 PA:0x001019e0 store:0x00000000
          19780	      9886	00100cc8	9e47a583	lw	x11,-1564(x15)	 x15:0x00102000 x11=0x00000000 PA:0x001019e4 store:0x00000000
          19784	      9888	00100ccc	00008067	jalr	x0,0(x1)	  x1:0x001015fc  x0=0x00000000
          19786	      9889	001015fc	00040913	addi	x18,x8,0	  x8:0x00000000 x18=0x00000000
          19788	      9890	00101600	00050413	addi	x8,x10,0	 x10:0x00000001  x8=0x00000001
          19790	      9891	00101604	00048b93	addi	x23,x9,0	  x9:0x00000000 x23=0x00000000
          19792	      9892	00101608	00157f93	andi	x31,x10,1	 x10:0x00000001 x31=0x00000001
          19794	      9893	0010160c	00058493	addi	x9,x11,0	 x11:0x00000000  x9=0x00000000
          19796	      9894	00101610	9c8c8513	addi	x10,x25,-1592	 x25:0x00102000 x10=0x001019c8
          19800	      9896	00101614	fd2416e3	bne	x8,x18,1015e0	  x8:0x00000001 x18:0x00000000
          19806	      9899	001015e0	000f9463	bne	x31,x0,1015e8	 x31:0x00000001  x0:0x00000000
          19812	      9902	001015e8	ab9fe0ef	jal	x1,1000a0	  x1=0x001015ec
          19816	      9904	001000a0	00054803	lbu	x16,0(x10)	 x10:0x001019c8 x16=0x00000054 PA:0x001019c8 store:0x00000000
          19818	      9905	001000a4	06080663	beq	x16,x0,100110	 x16:0x00000054  x0:0x00000000
          19820	      9906	001000a8	000207b7	lui	x15,0x20	 x15=0x00020000
          19824	      9908	001000ac	0107a023	sw	x16,0(x15)	 x15:0x00020000 x16:0x00000054 PA:0x00020000 store:0x00000054 load:0x00000000
          19828	      9910	001000b0	00154703	lbu	x14,1(x10)	 x10:0x001019c8 x14=0x00000069 PA:0x001019c9 store:0x001015ec
          19830	      9911	001000b4	04070e63	beq	x14,x0,100110	 x14:0x00000069  x0:0x00000000
          19834	      9913	001000b8	00e7a023	sw	x14,0(x15)	 x15:0x00020000 x14:0x00000069 PA:0x00020000 store:0x00000069 load:0x00000000
          19838	      9915	001000bc	00254283	lbu	x5,2(x10)	 x10:0x001019c8  x5=0x00000063 PA:0x001019ca store:0x00137fc0
          19840	      9916	001000c0	04028863	beq	x5,x0,100110	  x5:0x00000063  x0:0x00000000
          19844	      9918	001000c4	0057a023	sw	x5,0(x15)	 x15:0x00020000  x5:0x00000063 PA:0x00020000 store:0x00000063 load:0x00000000
          19848	      9920	001000c8	00354303	lbu	x6,3(x10)	 x10:0x001019c8  x6=0x0000006b PA:0x001019cb store:0x00000000
          19850	      9921	001000cc	04030263	beq	x6,x0,100110	  x6:0x0000006b  x0:0x00000000
          19854	      9923	001000d0	0067a023	sw	x6,0(x15)	 x15:0x00020000  x6:0x0000006b PA:0x00020000 store:0x0000006b load:0x00000000
          19858	      9925	001000d4	00454383	lbu	x7,4(x10)	 x10:0x001019c8  x7=0x00000021 PA:0x001019cc store:0x00000000
          19860	      9926	001000d8	02038c63	beq	x7,x0,100110	  x7:0x00000021  x0:0x00000000
          19864	      9928	001000dc	0077a023	sw	x7,0(x15)	 x15:0x00020000  x7:0x00000021 PA:0x00020000 store:0x00000021 load:0x00000000
          19868	      9930	001000e0	00554583	lbu	x11,5(x10)	 x10:0x001019c8 x11=0x0000000a PA:0x001019cd store:0x00000063
          19870	      9931	001000e4	02058663	beq	x11,x0,100110	 x11:0x0000000a  x0:0x00000000
          19874	      9933	001000e8	00b7a023	sw	x11,0(x15)	 x15:0x00020000 x11:0x0000000a PA:0x00020000 store:0x0000000a load:0x00000000
          19878	      9935	001000ec	00654603	lbu	x12,6(x10)	 x10:0x001019c8 x12=0x00000000 PA:0x001019ce store:0x0000006b
          19882	      9937	001000f0	02060063	beq	x12,x0,100110	 x12:0x00000000  x0:0x00000000
          19886	      9939	00100110	00000513	addi	x10,x0,0	  x0:0x00000000 x10=0x00000000
          19890	      9941	00100114	00008067	jalr	x0,0(x1)	  x1:0x001015ec  x0=0x00000000
          19892	      9942	001015ec	10500073	wfi	
          23672	     11832	0010001c	6890006f	jal	x0,100ea4	  x0=0x00000000
          23676	     11834	00100ea4	e2dff06f	jal	x0,100cd0	  x0=0x00000000
          23678	     11835	00100cd0	fe010113	addi	x2,x2,-32	  x2:0x00137fc0  x2=0x00137fa0
          23682	     11837	00100cd4	00f12423	sw	x15,8(x2)	  x2:0x00137fa0 x15:0x00020000 PA:0x00137fa8 store:0x00020000 load:0x00000a21
          23684	     11838	00100cd8	001027b7	lui	x15,0x102	 x15=0x00102000
          23688	     11840	00100cdc	00b12c23	sw	x11,24(x2)	  x2:0x00137fa0 x11:0x0000000a PA:0x00137fb8 store:0x0000000a load:0x00000a21
          23692	     11842	00100ce0	01012223	sw	x16,4(x2)	  x2:0x00137fa0 x16:0x00000054 PA:0x00137fa4 store:0x00000054 load:0x00000a21
          23696	     11844	00100ce4	9d87a583	lw	x11,-1576(x15)	 x15:0x00102000 x11=0x000007d0 PA:0x001019d8 store:0x00102000
          23700	     11846	00100ce8	9dc7a803	lw	x16,-1572(x15)	 x15:0x00102000 x16=0x00000000 PA:0x001019dc store:0x00000000
          23704	     11848	00100cec	00e12623	sw	x14,12(x2)	  x2:0x00137fa0 x14:0x00000069 PA:0x00137fac store:0x00000069 load:0x00000000
          23706	     11849	00100cf0	00030737	lui	x14,0x30	 x14=0x00030000
          23710	     11851	00100cf4	00c12a23	sw	x12,20(x2)	  x2:0x00137fa0 x12:0x00000000 PA:0x00137fb4 store:0x00000000 load:0x00000000
          23714	     11853	00100cf8	01112023	sw	x17,0(x2)	  x2:0x00137fa0 x17:0x00030000 PA:0x00137fa0 store:0x00030000 load:0x00000000
          23718	     11855	00100cfc	00a12e23	sw	x10,28(x2)	  x2:0x00137fa0 x10:0x00000000 PA:0x00137fbc store:0x00000000 load:0x00000000
          23722	     11857	00100d00	00d12823	sw	x13,16(x2)	  x2:0x00137fa0 x13:0x00001e6d PA:0x00137fb0 store:0x00001e6d load:0x00000000
          23724	     11858	00100d04	00030637	lui	x12,0x30	 x12=0x00030000
          23726	     11859	00100d08	00470893	addi	x17,x14,4	 x14:0x00030000 x17=0x00030004
          23730	     11861	00100d0c	0008a783	lw	x15,0(x17)	 x17:0x00030004 x15=0x00000000 PA:0x00030004 store:0x00000000
          23734	     11863	00100d10	00062683	lw	x13,0(x12)	 x12:0x00030000 x13=0x00002e55 PA:0x00030000 store:0x00000000
          23738	     11865	00100d14	0008a503	lw	x10,0(x17)	 x17:0x00030004 x10=0x00000000 PA:0x00030004 store:0x00000000
          23742	     11867	00100d18	06a78a63	beq	x15,x10,100d8c	 x15:0x00000000 x10:0x00000000
          23746	     11869	00100d8c	00b688b3	add	x17,x13,x11	 x13:0x00002e55 x11:0x000007d0 x17=0x00003625
          23748	     11870	00100d90	00030637	lui	x12,0x30	 x12=0x00030000
          23750	     11871	00100d94	00d8b6b3	sltu	x13,x17,x13	 x17:0x00003625 x13:0x00002e55 x13=0x00000000
          23752	     11872	00100d98	01078833	add	x16,x15,x16	 x15:0x00000000 x16:0x00000000 x16=0x00000000
          23754	     11873	00100d9c	fff00513	addi	x10,x0,-1	  x0:0x00000000 x10=0xffffffff
          23758	     11875	00100da0	00a62423	sw	x10,8(x12)	 x12:0x00030000 x10:0xffffffff PA:0x00030008 store:0xffffffff load:0x00002e31
          23760	     11876	00100da4	010687b3	add	x15,x13,x16	 x13:0x00000000 x16:0x00000000 x15=0x00000000
          23762	     11877	00100da8	000305b7	lui	x11,0x30	 x11=0x00030000
          23766	     11879	00100dac	00f5a623	sw	x15,12(x11)	 x11:0x00030000 x15:0x00000000 PA:0x0003000c store:0x00000000 load:0x00000000
          23770	     11881	00100db0	01162423	sw	x17,8(x12)	 x12:0x00030000 x17:0x00003625 PA:0x00030008 store:0x00003625 load:0xffffffff
          23772	     11882	00100db4	001026b7	lui	x13,0x102	 x13=0x00102000
          23776	     11884	00100db8	9e06a703	lw	x14,-1568(x13)	 x13:0x00102000 x14=0x00000001 PA:0x001019e0 store:0x00000000
          23780	     11886	00100dbc	9e46a883	lw	x17,-1564(x13)	 x13:0x00102000 x17=0x00000000 PA:0x001019e4 store:0x00000000
          23784	     11888	00100dc0	01c12503	lw	x10,28(x2)	  x2:0x00137fa0 x10=0x00000000 PA:0x00137fbc store:0x00000000
          23786	     11889	00100dc4	00170593	addi	x11,x14,1	 x14:0x00000001 x11=0x00000002
          23788	     11890	00100dc8	00e5b633	sltu	x12,x11,x14	 x11:0x00000002 x14:0x00000001 x12=0x00000000
          23790	     11891	00100dcc	01160833	add	x16,x12,x17	 x12:0x00000000 x17:0x00000000 x16=0x00000000
          23794	     11893	00100dd0	9eb6a023	sw	x11,-1568(x13)	 x13:0x00102000 x11:0x00000002 PA:0x001019e0 store:0x00000002 load:0x00000000
          23798	     11895	00100dd4	9f06a223	sw	x16,-1564(x13)	 x13:0x00102000 x16:0x00000000 PA:0x001019e4 store:0x00000000 load:0x00000000
          23802	     11897	00100dd8	01812583	lw	x11,24(x2)	  x2:0x00137fa0 x11=0x0000000a PA:0x00137fb8 store:0x00102000
          23806	     11899	00100ddc	01412603	lw	x12,20(x2)	  x2:0x00137fa0 x12=0x00000000 PA:0x00137fb4 store:0x7f167699
          23810	     11901	00100de0	01012683	lw	x13,16(x2)	  x2:0x00137fa0 x13=0x00001e6d PA:0x00137fb0 store:0x00000000
          23814	     11903	00100de4	00c12703	lw	x14,12(x2)	  x2:0x00137fa0 x14=0x00000069 PA:0x00137fac store:0x00000000
          23818	     11905	00100de8	00812783	lw	x15,8(x2)	  x2:0x00137fa0 x15=0x00020000 PA:0x00137fa8 store:0x00000001
          23822	     11907	00100dec	00412803	lw	x16,4(x2)	  x2:0x00137fa0 x16=0x00000054 PA:0x00137fa4 store:0x00000000
          23826	     11909	00100df0	00012883	lw	x17,0(x2)	  x2:0x00137fa0 x17=0x00030000 PA:0x00137fa0 store:0x00000000
          23828	     11910	00100df4	02010113	addi	x2,x2,32	  x2:0x00137fa0  x2=0x00137fc0
          23830	     11911	00100df8	30200073	mret	
          23836	     11914	001015f0	02049a63	bne	x9,x0,101624	  x9:0x00000000  x0:0x00000000
          23838	     11915	001015f4	028d6863	bltu	x26,x8,101624	 x26:0x00000004  x8:0x00000001
          23842	     11917	001015f8	ec8ff0ef	jal	x1,100cc0	  x1=0x001015fc
          23844	     11918	00100cc0	001027b7	lui	x15,0x102	 x15=0x00102000
          23848	     11920	00100cc4	9e07a503	lw	x10,-1568(x15)	 x15:0x00102000 x10=0x00000002 PA:0x001019e0 store:0x00000000
          23852	     11922	00100cc8	9e47a583	lw	x11,-1564(x15)	 x15:0x00102000 x11=0x00000000 PA:0x001019e4 store:0x00000000
          23856	     11924	00100ccc	00008067	jalr	x0,0(x1)	  x1:0x001015fc  x0=0x00000000
          23858	     11925	001015fc	00040913	addi	x18,x8,0	  x8:0x00000001 x18=0x00000001
          23860	     11926	00101600	00050413	addi	x8,x10,0	 x10:0x00000002  x8=0x00000002
          23862	     11927	00101604	00048b93	addi	x23,x9,0	  x9:0x00000000 x23=0x00000000
          23864	     11928	00101608	00157f93	andi	x31,x10,1	 x10:0x00000002 x31=0x00000000
          23866	     11929	0010160c	00058493	addi	x9,x11,0	 x11:0x00000000  x9=0x00000000
          23868	     11930	00101610	9c8c8513	addi	x10,x25,-1592	 x25:0x00102000 x10=0x001019c8
          23872	     11932	00101614	fd2416e3	bne	x8,x18,1015e0	  x8:0x00000002 x18:0x00000001
          23876	     11934	001015e0	000f9463	bne	x31,x0,1015e8	 x31:0x00000000  x0:0x00000000
          23878	     11935	001015e4	9d0b0513	addi	x10,x22,-1584	 x22:0x00102000 x10=0x001019d0
          23882	     11937	001015e8	ab9fe0ef	jal	x1,1000a0	  x1=0x001015ec
          23886	     11939	001000a0	00054803	lbu	x16,0(x10)	 x10:0x001019d0 x16=0x00000054 PA:0x001019d0 store:0x00000000
          23888	     11940	001000a4	06080663	beq	x16,x0,100110	 x16:0x00000054  x0:0x00000000
          23890	     11941	001000a8	000207b7	lui	x15,0x20	 x15=0x00020000
          23894	     11943	001000ac	0107a023	sw	x16,0(x15)	 x15:0x00020000 x16:0x00000054 PA:0x00020000 store:0x00000054 load:0x00000000
          23898	     11945	001000b0	00154703	lbu	x14,1(x10)	 x10:0x001019d0 x14=0x0000006f PA:0x001019d1 store:0x001015ec
          23900	     11946	001000b4	04070e63	beq	x14,x0,100110	 x14:0x0000006f  x0:0x00000000
          23904	     11948	001000b8	00e7a023	sw	x14,0(x15)	 x15:0x00020000 x14:0x0000006f PA:0x00020000 store:0x0000006f load:0x00000000
          23908	     11950	001000bc	00254283	lbu	x5,2(x10)	 x10:0x001019d0  x5=0x00000063 PA:0x001019d2 store:0x00137fc0
          23910	     11951	001000c0	04028863	beq	x5,x0,100110	  x5:0x00000063  x0:0x00000000
          23914	     11953	001000c4	0057a023	sw	x5,0(x15)	 x15:0x00020000  x5:0x00000063 PA:0x00020000 store:0x00000063 load:0x00000000
          23918	     11955	001000c8	00354303	lbu	x6,3(x10)	 x10:0x001019d0  x6=0x0000006b PA:0x001019d3 store:0x00000000
          23920	     11956	001000cc	04030263	beq	x6,x0,100110	  x6:0x0000006b  x0:0x00000000
          23924	     11958	001000d0	0067a023	sw	x6,0(x15)	 x15:0x00020000  x6:0x0000006b PA:0x00020000 store:0x0000006b load:0x00000000
          23928	     11960	001000d4	00454383	lbu	x7,4(x10)	 x10:0x001019d0  x7=0x00000021 PA:0x001019d4 store:0x00000000
          23930	     11961	001000d8	02038c63	beq	x7,x0,100110	  x7:0x00000021  x0:0x00000000
          23934	     11963	001000dc	0077a023	sw	x7,0(x15)	 x15:0x00020000  x7:0x00000021 PA:0x00020000 store:0x00000021 load:0x00000000
          23938	     11965	001000e0	00554583	lbu	x11,5(x10)	 x10:0x001019d0 x11=0x0000000a PA:0x001019d5 store:0x00000063
          23940	     11966	001000e4	02058663	beq	x11,x0,100110	 x11:0x0000000a  x0:0x00000000
          23944	     11968	001000e8	00b7a023	sw	x11,0(x15)	 x15:0x00020000 x11:0x0000000a PA:0x00020000 store:0x0000000a load:0x00000000
          23948	     11970	001000ec	00654603	lbu	x12,6(x10)	 x10:0x001019d0 x12=0x00000000 PA:0x001019d6 store:0x0000006b
          23952	     11972	001000f0	02060063	beq	x12,x0,100110	 x12:0x00000000  x0:0x00000000
          23956	     11974	00100110	00000513	addi	x10,x0,0	  x0:0x00000000 x10=0x00000000
          23960	     11976	00100114	00008067	jalr	x0,0(x1)	  x1:0x001015ec  x0=0x00000000
          23962	     11977	001015ec	10500073	wfi	
          27744	     13868	0010001c	6890006f	jal	x0,100ea4	  x0=0x00000000
          27748	     13870	00100ea4	e2dff06f	jal	x0,100cd0	  x0=0x00000000
          27750	     13871	00100cd0	fe010113	addi	x2,x2,-32	  x2:0x00137fc0  x2=0x00137fa0
          27754	     13873	00100cd4	00f12423	sw	x15,8(x2)	  x2:0x00137fa0 x15:0x00020000 PA:0x00137fa8 store:0x00020000 load:0x00000a21
          27756	     13874	00100cd8	001027b7	lui	x15,0x102	 x15=0x00102000
          27760	     13876	00100cdc	00b12c23	sw	x11,24(x2)	  x2:0x00137fa0 x11:0x0000000a PA:0x00137fb8 store:0x0000000a load:0x00000a21
          27764	     13878	00100ce0	01012223	sw	x16,4(x2)	  x2:0x00137fa0 x16:0x00000054 PA:0x00137fa4 store:0x00000054 load:0x00000a21
          27768	     13880	00100ce4	9d87a583	lw	x11,-1576(x15)	 x15:0x00102000 x11=0x000007d0 PA:0x001019d8 store:0x00102000
          27772	     13882	00100ce8	9dc7a803	lw	x16,-1572(x15)	 x15:0x00102000 x16=0x00000000 PA:0x001019dc store:0x00000000
          27776	     13884	00100cec	00e12623	sw	x14,12(x2)	  x2:0x00137fa0 x14:0x0000006f PA:0x00137fac store:0x0000006f load:0x00000000
          27778	     13885	00100cf0	00030737	lui	x14,0x30	 x14=0x00030000
          27782	     13887	00100cf4	00c12a23	sw	x12,20(x2)	  x2:0x00137fa0 x12:0x00000000 PA:0x00137fb4 store:0x00000000 load:0x00000000
          27786	     13889	00100cf8	01112023	sw	x17,0(x2)	  x2:0x00137fa0 x17:0x00030000 PA:0x00137fa0 store:0x00030000 load:0x00000000
          27790	     13891	00100cfc	00a12e23	sw	x10,28(x2)	  x2:0x00137fa0 x10:0x00000000 PA:0x00137fbc store:0x00000000 load:0x00000000
          27794	     13893	00100d00	00d12823	sw	x13,16(x2)	  x2:0x00137fa0 x13:0x00001e6d PA:0x00137fb0 store:0x00001e6d load:0x00000000
          27796	     13894	00100d04	00030637	lui	x12,0x30	 x12=0x00030000
          27798	     13895	00100d08	00470893	addi	x17,x14,4	 x14:0x00030000 x17=0x00030004
          27802	     13897	00100d0c	0008a783	lw	x15,0(x17)	 x17:0x00030004 x15=0x00000000 PA:0x00030004 store:0x00000000
          27806	     13899	00100d10	00062683	lw	x13,0(x12)	 x12:0x00030000 x13=0x00003649 PA:0x00030000 store:0x00000000
          27810	     13901	00100d14	0008a503	lw	x10,0(x17)	 x17:0x00030004 x10=0x00000000 PA:0x00030004 store:0x00000000
          27814	     13903	00100d18	06a78a63	beq	x15,x10,100d8c	 x15:0x00000000 x10:0x00000000
          27818	     13905	00100d8c	00b688b3	add	x17,x13,x11	 x13:0x00003649 x11:0x000007d0 x17=0x00003e19
          27820	     13906	00100d90	00030637	lui	x12,0x30	 x12=0x00030000
          27822	     13907	00100d94	00d8b6b3	sltu	x13,x17,x13	 x17:0x00003e19 x13:0x00003649 x13=0x00000000
          27824	     13908	00100d98	01078833	add	x16,x15,x16	 x15:0x00000000 x16:0x00000000 x16=0x00000000
          27826	     13909	00100d9c	fff00513	addi	x10,x0,-1	  x0:0x00000000 x10=0xffffffff
          27830	     13911	00100da0	00a62423	sw	x10,8(x12)	 x12:0x00030000 x10:0xffffffff PA:0x00030008 store:0xffffffff load:0x00003625
          27832	     13912	00100da4	010687b3	add	x15,x13,x16	 x13:0x00000000 x16:0x00000000 x15=0x00000000
          27834	     13913	00100da8	000305b7	lui	x11,0x30	 x11=0x00030000
          27838	     13915	00100dac	00f5a623	sw	x15,12(x11)	 x11:0x00030000 x15:0x00000000 PA:0x0003000c store:0x00000000 load:0x00000000
          27842	     13917	00100db0	01162423	sw	x17,8(x12)	 x12:0x00030000 x17:0x00003e19 PA:0x00030008 store:0x00003e19 load:0xffffffff
          27844	     13918	00100db4	001026b7	lui	x13,0x102	 x13=0x00102000
          27848	     13920	00100db8	9e06a703	lw	x14,-1568(x13)	 x13:0x00102000 x14=0x00000002 PA:0x001019e0 store:0x00000000
          27852	     13922	00100dbc	9e46a883	lw	x17,-1564(x13)	 x13:0x00102000 x17=0x00000000 PA:0x001019e4 store:0x00000000
          27856	     13924	00100dc0	01c12503	lw	x10,28(x2)	  x2:0x00137fa0 x10=0x00000000 PA:0x00137fbc store:0x00000000
          27858	     13925	00100dc4	00170593	addi	x11,x14,1	 x14:0x00000002 x11=0x00000003
          27860	     13926	00100dc8	00e5b633	sltu	x12,x11,x14	 x11:0x00000003 x14:0x00000002 x12=0x00000000
          27862	     13927	00100dcc	01160833	add	x16,x12,x17	 x12:0x00000000 x17:0x00000000 x16=0x00000000
          27866	     13929	00100dd0	9eb6a023	sw	x11,-1568(x13)	 x13:0x00102000 x11:0x00000003 PA:0x001019e0 store:0x00000003 load:0x00000000
          27870	     13931	00100dd4	9f06a223	sw	x16,-1564(x13)	 x13:0x00102000 x16:0x00000000 PA:0x001019e4 store:0x00000000 load:0x00000000
          27874	     13933	00100dd8	01812583	lw	x11,24(x2)	  x2:0x00137fa0 x11=0x0000000a PA:0x00137fb8 store:0x00102000
          27878	     13935	00100ddc	01412603	lw	x12,20(x2)	  x2:0x00137fa0 x12=0x00000000 PA:0x00137fb4 store:0x7f167699
          27882	     13937	00100de0	01012683	lw	x13,16(x2)	  x2:0x00137fa0 x13=0x00001e6d PA:0x00137fb0 store:0x00000000
          27886	     13939	00100de4	00c12703	lw	x14,12(x2)	  x2:0x00137fa0 x14=0x0000006f PA:0x00137fac store:0x00000000
          27890	     13941	00100de8	00812783	lw	x15,8(x2)	  x2:0x00137fa0 x15=0x00020000 PA:0x00137fa8 store:0x00000002
          27894	     13943	00100dec	00412803	lw	x16,4(x2)	  x2:0x00137fa0 x16=0x00000054 PA:0x00137fa4 store:0x00000000
          27898	     13945	00100df0	00012883	lw	x17,0(x2)	  x2:0x00137fa0 x17=0x00030000 PA:0x00137fa0 store:0x00000000
          27900	     13946	00100df4	02010113	addi	x2,x2,32	  x2:0x00137fa0  x2=0x00137fc0
          27902	     13947	00100df8	30200073	mret	
          27908	     13950	001015f0	02049a63	bne	x9,x0,101624	  x9:0x00000000  x0:0x00000000
          27910	     13951	001015f4	028d6863	bltu	x26,x8,101624	 x26:0x00000004  x8:0x00000002
          27914	     13953	001015f8	ec8ff0ef	jal	x1,100cc0	  x1=0x001015fc
          27916	     13954	00100cc0	001027b7	lui	x15,0x102	 x15=0x00102000
          27920	     13956	00100cc4	9e07a503	lw	x10,-1568(x15)	 x15:0x00102000 x10=0x00000003 PA:0x001019e0 store:0x00000000
          27924	     13958	00100cc8	9e47a583	lw	x11,-1564(x15)	 x15:0x00102000 x11=0x00000000 PA:0x001019e4 store:0x00000000
          27928	     13960	00100ccc	00008067	jalr	x0,0(x1)	  x1:0x001015fc  x0=0x00000000
          27930	     13961	001015fc	00040913	addi	x18,x8,0	  x8:0x00000002 x18=0x00000002
          27932	     13962	00101600	00050413	addi	x8,x10,0	 x10:0x00000003  x8=0x00000003
          27934	     13963	00101604	00048b93	addi	x23,x9,0	  x9:0x00000000 x23=0x00000000
          27936	     13964	00101608	00157f93	andi	x31,x10,1	 x10:0x00000003 x31=0x00000001
          27938	     13965	0010160c	00058493	addi	x9,x11,0	 x11:0x00000000  x9=0x00000000
          27940	     13966	00101610	9c8c8513	addi	x10,x25,-1592	 x25:0x00102000 x10=0x001019c8
          27944	     13968	00101614	fd2416e3	bne	x8,x18,1015e0	  x8:0x00000003 x18:0x00000002
          27950	     13971	001015e0	000f9463	bne	x31,x0,1015e8	 x31:0x00000001  x0:0x00000000
          27956	     13974	001015e8	ab9fe0ef	jal	x1,1000a0	  x1=0x001015ec
          27960	     13976	001000a0	00054803	lbu	x16,0(x10)	 x10:0x001019c8 x16=0x00000054 PA:0x001019c8 store:0x00000000
          27962	     13977	001000a4	06080663	beq	x16,x0,100110	 x16:0x00000054  x0:0x00000000
          27964	     13978	001000a8	000207b7	lui	x15,0x20	 x15=0x00020000
          27968	     13980	001000ac	0107a023	sw	x16,0(x15)	 x15:0x00020000 x16:0x00000054 PA:0x00020000 store:0x00000054 load:0x00000000
          27972	     13982	001000b0	00154703	lbu	x14,1(x10)	 x10:0x001019c8 x14=0x00000069 PA:0x001019c9 store:0x001015ec
          27974	     13983	001000b4	04070e63	beq	x14,x0,100110	 x14:0x00000069  x0:0x00000000
          27978	     13985	001000b8	00e7a023	sw	x14,0(x15)	 x15:0x00020000 x14:0x00000069 PA:0x00020000 store:0x00000069 load:0x00000000
          27982	     13987	001000bc	00254283	lbu	x5,2(x10)	 x10:0x001019c8  x5=0x00000063 PA:0x001019ca store:0x00137fc0
          27984	     13988	001000c0	04028863	beq	x5,x0,100110	  x5:0x00000063  x0:0x00000000
          27988	     13990	001000c4	0057a023	sw	x5,0(x15)	 x15:0x00020000  x5:0x00000063 PA:0x00020000 store:0x00000063 load:0x00000000
          27992	     13992	001000c8	00354303	lbu	x6,3(x10)	 x10:0x001019c8  x6=0x0000006b PA:0x001019cb store:0x00000000
          27994	     13993	001000cc	04030263	beq	x6,x0,100110	  x6:0x0000006b  x0:0x00000000
          27998	     13995	001000d0	0067a023	sw	x6,0(x15)	 x15:0x00020000  x6:0x0000006b PA:0x00020000 store:0x0000006b load:0x00000000
          28002	     13997	001000d4	00454383	lbu	x7,4(x10)	 x10:0x001019c8  x7=0x00000021 PA:0x001019cc store:0x00000000
          28004	     13998	001000d8	02038c63	beq	x7,x0,100110	  x7:0x00000021  x0:0x00000000
          28008	     14000	001000dc	0077a023	sw	x7,0(x15)	 x15:0x00020000  x7:0x00000021 PA:0x00020000 store:0x00000021 load:0x00000000
          28012	     14002	001000e0	00554583	lbu	x11,5(x10)	 x10:0x001019c8 x11=0x0000000a PA:0x001019cd store:0x00000063
          28014	     14003	001000e4	02058663	beq	x11,x0,100110	 x11:0x0000000a  x0:0x00000000
          28018	     14005	001000e8	00b7a023	sw	x11,0(x15)	 x15:0x00020000 x11:0x0000000a PA:0x00020000 store:0x0000000a load:0x00000000
          28022	     14007	001000ec	00654603	lbu	x12,6(x10)	 x10:0x001019c8 x12=0x00000000 PA:0x001019ce store:0x0000006b
          28026	     14009	001000f0	02060063	beq	x12,x0,100110	 x12:0x00000000  x0:0x00000000
          28030	     14011	00100110	00000513	addi	x10,x0,0	  x0:0x00000000 x10=0x00000000
          28034	     14013	00100114	00008067	jalr	x0,0(x1)	  x1:0x001015ec  x0=0x00000000
          28036	     14014	001015ec	10500073	wfi	
          31816	     15904	0010001c	6890006f	jal	x0,100ea4	  x0=0x00000000
          31820	     15906	00100ea4	e2dff06f	jal	x0,100cd0	  x0=0x00000000
          31822	     15907	00100cd0	fe010113	addi	x2,x2,-32	  x2:0x00137fc0  x2=0x00137fa0
          31826	     15909	00100cd4	00f12423	sw	x15,8(x2)	  x2:0x00137fa0 x15:0x00020000 PA:0x00137fa8 store:0x00020000 load:0x00000a21
          31828	     15910	00100cd8	001027b7	lui	x15,0x102	 x15=0x00102000
          31832	     15912	00100cdc	00b12c23	sw	x11,24(x2)	  x2:0x00137fa0 x11:0x0000000a PA:0x00137fb8 store:0x0000000a load:0x00000a21
          31836	     15914	00100ce0	01012223	sw	x16,4(x2)	  x2:0x00137fa0 x16:0x00000054 PA:0x00137fa4 store:0x00000054 load:0x00000a21
          31840	     15916	00100ce4	9d87a583	lw	x11,-1576(x15)	 x15:0x00102000 x11=0x000007d0 PA:0x001019d8 store:0x00102000
          31844	     15918	00100ce8	9dc7a803	lw	x16,-1572(x15)	 x15:0x00102000 x16=0x00000000 PA:0x001019dc store:0x00000000
          31848	     15920	00100cec	00e12623	sw	x14,12(x2)	  x2:0x00137fa0 x14:0x00000069 PA:0x00137fac store:0x00000069 load:0x00000000
          31850	     15921	00100cf0	00030737	lui	x14,0x30	 x14=0x00030000
          31854	     15923	00100cf4	00c12a23	sw	x12,20(x2)	  x2:0x00137fa0 x12:0x00000000 PA:0x00137fb4 store:0x00000000 load:0x00000000
          31858	     15925	00100cf8	01112023	sw	x17,0(x2)	  x2:0x00137fa0 x17:0x00030000 PA:0x00137fa0 store:0x00030000 load:0x00000000
          31862	     15927	00100cfc	00a12e23	sw	x10,28(x2)	  x2:0x00137fa0 x10:0x00000000 PA:0x00137fbc store:0x00000000 load:0x00000000
          31866	     15929	00100d00	00d12823	sw	x13,16(x2)	  x2:0x00137fa0 x13:0x00001e6d PA:0x00137fb0 store:0x00001e6d load:0x00000000
          31868	     15930	00100d04	00030637	lui	x12,0x30	 x12=0x00030000
          31870	     15931	00100d08	00470893	addi	x17,x14,4	 x14:0x00030000 x17=0x00030004
          31874	     15933	00100d0c	0008a783	lw	x15,0(x17)	 x17:0x00030004 x15=0x00000000 PA:0x00030004 store:0x00000000
          31878	     15935	00100d10	00062683	lw	x13,0(x12)	 x12:0x00030000 x13=0x00003e3d PA:0x00030000 store:0x00000000
          31882	     15937	00100d14	0008a503	lw	x10,0(x17)	 x17:0x00030004 x10=0x00000000 PA:0x00030004 store:0x00000000
          31886	     15939	00100d18	06a78a63	beq	x15,x10,100d8c	 x15:0x00000000 x10:0x00000000
          31890	     15941	00100d8c	00b688b3	add	x17,x13,x11	 x13:0x00003e3d x11:0x000007d0 x17=0x0000460d
          31892	     15942	00100d90	00030637	lui	x12,0x30	 x12=0x00030000
          31894	     15943	00100d94	00d8b6b3	sltu	x13,x17,x13	 x17:0x0000460d x13:0x00003e3d x13=0x00000000
          31896	     15944	00100d98	01078833	add	x16,x15,x16	 x15:0x00000000 x16:0x00000000 x16=0x00000000
          31898	     15945	00100d9c	fff00513	addi	x10,x0,-1	  x0:0x00000000 x10=0xffffffff
          31902	     15947	00100da0	00a62423	sw	x10,8(x12)	 x12:0x00030000 x10:0xffffffff PA:0x00030008 store:0xffffffff load:0x00003e19
          31904	     15948	00100da4	010687b3	add	x15,x13,x16	 x13:0x00000000 x16:0x00000000 x15=0x00000000
          31906	     15949	00100da8	000305b7	lui	x11,0x30	 x11=0x00030000
          31910	     15951	00100dac	00f5a623	sw	x15,12(x11)	 x11:0x00030000 x15:0x00000000 PA:0x0003000c store:0x00000000 load:0x00000000
          31914	     15953	00100db0	01162423	sw	x17,8(x12)	 x12:0x00030000 x17:0x0000460d PA:0x00030008 store:0x0000460d load:0xffffffff
          31916	     15954	00100db4	001026b7	lui	x13,0x102	 x13=0x00102000
          31920	     15956	00100db8	9e06a703	lw	x14,-1568(x13)	 x13:0x00102000 x14=0x00000003 PA:0x001019e0 store:0x00000000
          31924	     15958	00100dbc	9e46a883	lw	x17,-1564(x13)	 x13:0x00102000 x17=0x00000000 PA:0x001019e4 store:0x00000000
          31928	     15960	00100dc0	01c12503	lw	x10,28(x2)	  x2:0x00137fa0 x10=0x00000000 PA:0x00137fbc store:0x00000000
          31930	     15961	00100dc4	00170593	addi	x11,x14,1	 x14:0x00000003 x11=0x00000004
          31932	     15962	00100dc8	00e5b633	sltu	x12,x11,x14	 x11:0x00000004 x14:0x00000003 x12=0x00000000
          31934	     15963	00100dcc	01160833	add	x16,x12,x17	 x12:0x00000000 x17:0x00000000 x16=0x00000000
          31938	     15965	00100dd0	9eb6a023	sw	x11,-1568(x13)	 x13:0x00102000 x11:0x00000004 PA:0x001019e0 store:0x00000004 load:0x00000000
          31942	     15967	00100dd4	9f06a223	sw	x16,-1564(x13)	 x13:0x00102000 x16:0x00000000 PA:0x001019e4 store:0x00000000 load:0x00000000
          31946	     15969	00100dd8	01812583	lw	x11,24(x2)	  x2:0x00137fa0 x11=0x0000000a PA:0x00137fb8 store:0x00102000
          31950	     15971	00100ddc	01412603	lw	x12,20(x2)	  x2:0x00137fa0 x12=0x00000000 PA:0x00137fb4 store:0x7f167699
          31954	     15973	00100de0	01012683	lw	x13,16(x2)	  x2:0x00137fa0 x13=0x00001e6d PA:0x00137fb0 store:0x00000000
          31958	     15975	00100de4	00c12703	lw	x14,12(x2)	  x2:0x00137fa0 x14=0x00000069 PA:0x00137fac store:0x00000000
          31962	     15977	00100de8	00812783	lw	x15,8(x2)	  x2:0x00137fa0 x15=0x00020000 PA:0x00137fa8 store:0x00000003
          31966	     15979	00100dec	00412803	lw	x16,4(x2)	  x2:0x00137fa0 x16=0x00000054 PA:0x00137fa4 store:0x00000000
          31970	     15981	00100df0	00012883	lw	x17,0(x2)	  x2:0x00137fa0 x17=0x00030000 PA:0x00137fa0 store:0x00000000
          31972	     15982	00100df4	02010113	addi	x2,x2,32	  x2:0x00137fa0  x2=0x00137fc0
          31974	     15983	00100df8	30200073	mret	
          31980	     15986	001015f0	02049a63	bne	x9,x0,101624	  x9:0x00000000  x0:0x00000000
          31982	     15987	001015f4	028d6863	bltu	x26,x8,101624	 x26:0x00000004  x8:0x00000003
          31986	     15989	001015f8	ec8ff0ef	jal	x1,100cc0	  x1=0x001015fc
          31988	     15990	00100cc0	001027b7	lui	x15,0x102	 x15=0x00102000
          31992	     15992	00100cc4	9e07a503	lw	x10,-1568(x15)	 x15:0x00102000 x10=0x00000004 PA:0x001019e0 store:0x00000000
          31996	     15994	00100cc8	9e47a583	lw	x11,-1564(x15)	 x15:0x00102000 x11=0x00000000 PA:0x001019e4 store:0x00000000
          32000	     15996	00100ccc	00008067	jalr	x0,0(x1)	  x1:0x001015fc  x0=0x00000000
          32002	     15997	001015fc	00040913	addi	x18,x8,0	  x8:0x00000003 x18=0x00000003
          32004	     15998	00101600	00050413	addi	x8,x10,0	 x10:0x00000004  x8=0x00000004
          32006	     15999	00101604	00048b93	addi	x23,x9,0	  x9:0x00000000 x23=0x00000000
          32008	     16000	00101608	00157f93	andi	x31,x10,1	 x10:0x00000004 x31=0x00000000
          32010	     16001	0010160c	00058493	addi	x9,x11,0	 x11:0x00000000  x9=0x00000000
          32012	     16002	00101610	9c8c8513	addi	x10,x25,-1592	 x25:0x00102000 x10=0x001019c8
          32016	     16004	00101614	fd2416e3	bne	x8,x18,1015e0	  x8:0x00000004 x18:0x00000003
          32020	     16006	001015e0	000f9463	bne	x31,x0,1015e8	 x31:0x00000000  x0:0x00000000
          32022	     16007	001015e4	9d0b0513	addi	x10,x22,-1584	 x22:0x00102000 x10=0x001019d0
          32026	     16009	001015e8	ab9fe0ef	jal	x1,1000a0	  x1=0x001015ec
          32030	     16011	001000a0	00054803	lbu	x16,0(x10)	 x10:0x001019d0 x16=0x00000054 PA:0x001019d0 store:0x00000000
          32032	     16012	001000a4	06080663	beq	x16,x0,100110	 x16:0x00000054  x0:0x00000000
          32034	     16013	001000a8	000207b7	lui	x15,0x20	 x15=0x00020000
          32038	     16015	001000ac	0107a023	sw	x16,0(x15)	 x15:0x00020000 x16:0x00000054 PA:0x00020000 store:0x00000054 load:0x00000000
          32042	     16017	001000b0	00154703	lbu	x14,1(x10)	 x10:0x001019d0 x14=0x0000006f PA:0x001019d1 store:0x001015ec
          32044	     16018	001000b4	04070e63	beq	x14,x0,100110	 x14:0x0000006f  x0:0x00000000
          32048	     16020	001000b8	00e7a023	sw	x14,0(x15)	 x15:0x00020000 x14:0x0000006f PA:0x00020000 store:0x0000006f load:0x00000000
          32052	     16022	001000bc	00254283	lbu	x5,2(x10)	 x10:0x001019d0  x5=0x00000063 PA:0x001019d2 store:0x00137fc0
          32054	     16023	001000c0	04028863	beq	x5,x0,100110	  x5:0x00000063  x0:0x00000000
          32058	     16025	001000c4	0057a023	sw	x5,0(x15)	 x15:0x00020000  x5:0x00000063 PA:0x00020000 store:0x00000063 load:0x00000000
          32062	     16027	001000c8	00354303	lbu	x6,3(x10)	 x10:0x001019d0  x6=0x0000006b PA:0x001019d3 store:0x00000000
          32064	     16028	001000cc	04030263	beq	x6,x0,100110	  x6:0x0000006b  x0:0x00000000
          32068	     16030	001000d0	0067a023	sw	x6,0(x15)	 x15:0x00020000  x6:0x0000006b PA:0x00020000 store:0x0000006b load:0x00000000
          32072	     16032	001000d4	00454383	lbu	x7,4(x10)	 x10:0x001019d0  x7=0x00000021 PA:0x001019d4 store:0x00000000
          32074	     16033	001000d8	02038c63	beq	x7,x0,100110	  x7:0x00000021  x0:0x00000000
          32078	     16035	001000dc	0077a023	sw	x7,0(x15)	 x15:0x00020000  x7:0x00000021 PA:0x00020000 store:0x00000021 load:0x00000000
          32082	     16037	001000e0	00554583	lbu	x11,5(x10)	 x10:0x001019d0 x11=0x0000000a PA:0x001019d5 store:0x00000063
          32084	     16038	001000e4	02058663	beq	x11,x0,100110	 x11:0x0000000a  x0:0x00000000
          32088	     16040	001000e8	00b7a023	sw	x11,0(x15)	 x15:0x00020000 x11:0x0000000a PA:0x00020000 store:0x0000000a load:0x00000000
          32092	     16042	001000ec	00654603	lbu	x12,6(x10)	 x10:0x001019d0 x12=0x00000000 PA:0x001019d6 store:0x0000006b
          32096	     16044	001000f0	02060063	beq	x12,x0,100110	 x12:0x00000000  x0:0x00000000
          32100	     16046	00100110	00000513	addi	x10,x0,0	  x0:0x00000000 x10=0x00000000
          32104	     16048	00100114	00008067	jalr	x0,0(x1)	  x1:0x001015ec  x0=0x00000000
          32106	     16049	001015ec	10500073	wfi	
          35888	     17940	0010001c	6890006f	jal	x0,100ea4	  x0=0x00000000
          35892	     17942	00100ea4	e2dff06f	jal	x0,100cd0	  x0=0x00000000
          35894	     17943	00100cd0	fe010113	addi	x2,x2,-32	  x2:0x00137fc0  x2=0x00137fa0
          35898	     17945	00100cd4	00f12423	sw	x15,8(x2)	  x2:0x00137fa0 x15:0x00020000 PA:0x00137fa8 store:0x00020000 load:0x00000a21
          35900	     17946	00100cd8	001027b7	lui	x15,0x102	 x15=0x00102000
          35904	     17948	00100cdc	00b12c23	sw	x11,24(x2)	  x2:0x00137fa0 x11:0x0000000a PA:0x00137fb8 store:0x0000000a load:0x00000a21
          35908	     17950	00100ce0	01012223	sw	x16,4(x2)	  x2:0x00137fa0 x16:0x00000054 PA:0x00137fa4 store:0x00000054 load:0x00000a21
          35912	     17952	00100ce4	9d87a583	lw	x11,-1576(x15)	 x15:0x00102000 x11=0x000007d0 PA:0x001019d8 store:0x00102000
          35916	     17954	00100ce8	9dc7a803	lw	x16,-1572(x15)	 x15:0x00102000 x16=0x00000000 PA:0x001019dc store:0x00000000
          35920	     17956	00100cec	00e12623	sw	x14,12(x2)	  x2:0x00137fa0 x14:0x0000006f PA:0x00137fac store:0x0000006f load:0x00000000
          35922	     17957	00100cf0	00030737	lui	x14,0x30	 x14=0x00030000
          35926	     17959	00100cf4	00c12a23	sw	x12,20(x2)	  x2:0x00137fa0 x12:0x00000000 PA:0x00137fb4 store:0x00000000 load:0x00000000
          35930	     17961	00100cf8	01112023	sw	x17,0(x2)	  x2:0x00137fa0 x17:0x00030000 PA:0x00137fa0 store:0x00030000 load:0x00000000
          35934	     17963	00100cfc	00a12e23	sw	x10,28(x2)	  x2:0x00137fa0 x10:0x00000000 PA:0x00137fbc store:0x00000000 load:0x00000000
          35938	     17965	00100d00	00d12823	sw	x13,16(x2)	  x2:0x00137fa0 x13:0x00001e6d PA:0x00137fb0 store:0x00001e6d load:0x00000000
          35940	     17966	00100d04	00030637	lui	x12,0x30	 x12=0x00030000
          35942	     17967	00100d08	00470893	addi	x17,x14,4	 x14:0x00030000 x17=0x00030004
          35946	     17969	00100d0c	0008a783	lw	x15,0(x17)	 x17:0x00030004 x15=0x00000000 PA:0x00030004 store:0x00000000
          35950	     17971	00100d10	00062683	lw	x13,0(x12)	 x12:0x00030000 x13=0x00004631 PA:0x00030000 store:0x00000000
          35954	     17973	00100d14	0008a503	lw	x10,0(x17)	 x17:0x00030004 x10=0x00000000 PA:0x00030004 store:0x00000000
          35958	     17975	00100d18	06a78a63	beq	x15,x10,100d8c	 x15:0x00000000 x10:0x00000000
          35962	     17977	00100d8c	00b688b3	add	x17,x13,x11	 x13:0x00004631 x11:0x000007d0 x17=0x00004e01
          35964	     17978	00100d90	00030637	lui	x12,0x30	 x12=0x00030000
          35966	     17979	00100d94	00d8b6b3	sltu	x13,x17,x13	 x17:0x00004e01 x13:0x00004631 x13=0x00000000
          35968	     17980	00100d98	01078833	add	x16,x15,x16	 x15:0x00000000 x16:0x00000000 x16=0x00000000
          35970	     17981	00100d9c	fff00513	addi	x10,x0,-1	  x0:0x00000000 x10=0xffffffff
          35974	     17983	00100da0	00a62423	sw	x10,8(x12)	 x12:0x00030000 x10:0xffffffff PA:0x00030008 store:0xffffffff load:0x0000460d
          35976	     17984	00100da4	010687b3	add	x15,x13,x16	 x13:0x00000000 x16:0x00000000 x15=0x00000000
          35978	     17985	00100da8	000305b7	lui	x11,0x30	 x11=0x00030000
          35982	     17987	00100dac	00f5a623	sw	x15,12(x11)	 x11:0x00030000 x15:0x00000000 PA:0x0003000c store:0x00000000 load:0x00000000
          35986	     17989	00100db0	01162423	sw	x17,8(x12)	 x12:0x00030000 x17:0x00004e01 PA:0x00030008 store:0x00004e01 load:0xffffffff
          35988	     17990	00100db4	001026b7	lui	x13,0x102	 x13=0x00102000
          35992	     17992	00100db8	9e06a703	lw	x14,-1568(x13)	 x13:0x00102000 x14=0x00000004 PA:0x001019e0 store:0x00000000
          35996	     17994	00100dbc	9e46a883	lw	x17,-1564(x13)	 x13:0x00102000 x17=0x00000000 PA:0x001019e4 store:0x00000000
          36000	     17996	00100dc0	01c12503	lw	x10,28(x2)	  x2:0x00137fa0 x10=0x00000000 PA:0x00137fbc store:0x00000000
          36002	     17997	00100dc4	00170593	addi	x11,x14,1	 x14:0x00000004 x11=0x00000005
          36004	     17998	00100dc8	00e5b633	sltu	x12,x11,x14	 x11:0x00000005 x14:0x00000004 x12=0x00000000
          36006	     17999	00100dcc	01160833	add	x16,x12,x17	 x12:0x00000000 x17:0x00000000 x16=0x00000000
          36010	     18001	00100dd0	9eb6a023	sw	x11,-1568(x13)	 x13:0x00102000 x11:0x00000005 PA:0x001019e0 store:0x00000005 load:0x00000000
          36014	     18003	00100dd4	9f06a223	sw	x16,-1564(x13)	 x13:0x00102000 x16:0x00000000 PA:0x001019e4 store:0x00000000 load:0x00000000
          36018	     18005	00100dd8	01812583	lw	x11,24(x2)	  x2:0x00137fa0 x11=0x0000000a PA:0x00137fb8 store:0x00102000
          36022	     18007	00100ddc	01412603	lw	x12,20(x2)	  x2:0x00137fa0 x12=0x00000000 PA:0x00137fb4 store:0x7f167699
          36026	     18009	00100de0	01012683	lw	x13,16(x2)	  x2:0x00137fa0 x13=0x00001e6d PA:0x00137fb0 store:0x00000000
          36030	     18011	00100de4	00c12703	lw	x14,12(x2)	  x2:0x00137fa0 x14=0x0000006f PA:0x00137fac store:0x00000000
          36034	     18013	00100de8	00812783	lw	x15,8(x2)	  x2:0x00137fa0 x15=0x00020000 PA:0x00137fa8 store:0x00000004
          36038	     18015	00100dec	00412803	lw	x16,4(x2)	  x2:0x00137fa0 x16=0x00000054 PA:0x00137fa4 store:0x00000000
          36042	     18017	00100df0	00012883	lw	x17,0(x2)	  x2:0x00137fa0 x17=0x00030000 PA:0x00137fa0 store:0x00000000
          36044	     18018	00100df4	02010113	addi	x2,x2,32	  x2:0x00137fa0  x2=0x00137fc0
          36046	     18019	00100df8	30200073	mret	
          36052	     18022	001015f0	02049a63	bne	x9,x0,101624	  x9:0x00000000  x0:0x00000000
          36054	     18023	001015f4	028d6863	bltu	x26,x8,101624	 x26:0x00000004  x8:0x00000004
          36058	     18025	001015f8	ec8ff0ef	jal	x1,100cc0	  x1=0x001015fc
          36060	     18026	00100cc0	001027b7	lui	x15,0x102	 x15=0x00102000
          36064	     18028	00100cc4	9e07a503	lw	x10,-1568(x15)	 x15:0x00102000 x10=0x00000005 PA:0x001019e0 store:0x00000000
          36068	     18030	00100cc8	9e47a583	lw	x11,-1564(x15)	 x15:0x00102000 x11=0x00000000 PA:0x001019e4 store:0x00000000
          36072	     18032	00100ccc	00008067	jalr	x0,0(x1)	  x1:0x001015fc  x0=0x00000000
          36074	     18033	001015fc	00040913	addi	x18,x8,0	  x8:0x00000004 x18=0x00000004
          36076	     18034	00101600	00050413	addi	x8,x10,0	 x10:0x00000005  x8=0x00000005
          36078	     18035	00101604	00048b93	addi	x23,x9,0	  x9:0x00000000 x23=0x00000000
          36080	     18036	00101608	00157f93	andi	x31,x10,1	 x10:0x00000005 x31=0x00000001
          36082	     18037	0010160c	00058493	addi	x9,x11,0	 x11:0x00000000  x9=0x00000000
          36084	     18038	00101610	9c8c8513	addi	x10,x25,-1592	 x25:0x00102000 x10=0x001019c8
          36088	     18040	00101614	fd2416e3	bne	x8,x18,1015e0	  x8:0x00000005 x18:0x00000004
          36094	     18043	001015e0	000f9463	bne	x31,x0,1015e8	 x31:0x00000001  x0:0x00000000
          36100	     18046	001015e8	ab9fe0ef	jal	x1,1000a0	  x1=0x001015ec
          36104	     18048	001000a0	00054803	lbu	x16,0(x10)	 x10:0x001019c8 x16=0x00000054 PA:0x001019c8 store:0x00000000
          36106	     18049	001000a4	06080663	beq	x16,x0,100110	 x16:0x00000054  x0:0x00000000
          36108	     18050	001000a8	000207b7	lui	x15,0x20	 x15=0x00020000
          36112	     18052	001000ac	0107a023	sw	x16,0(x15)	 x15:0x00020000 x16:0x00000054 PA:0x00020000 store:0x00000054 load:0x00000000
          36116	     18054	001000b0	00154703	lbu	x14,1(x10)	 x10:0x001019c8 x14=0x00000069 PA:0x001019c9 store:0x001015ec
          36118	     18055	001000b4	04070e63	beq	x14,x0,100110	 x14:0x00000069  x0:0x00000000
          36122	     18057	001000b8	00e7a023	sw	x14,0(x15)	 x15:0x00020000 x14:0x00000069 PA:0x00020000 store:0x00000069 load:0x00000000
          36126	     18059	001000bc	00254283	lbu	x5,2(x10)	 x10:0x001019c8  x5=0x00000063 PA:0x001019ca store:0x00137fc0
          36128	     18060	001000c0	04028863	beq	x5,x0,100110	  x5:0x00000063  x0:0x00000000
          36132	     18062	001000c4	0057a023	sw	x5,0(x15)	 x15:0x00020000  x5:0x00000063 PA:0x00020000 store:0x00000063 load:0x00000000
          36136	     18064	001000c8	00354303	lbu	x6,3(x10)	 x10:0x001019c8  x6=0x0000006b PA:0x001019cb store:0x00000000
          36138	     18065	001000cc	04030263	beq	x6,x0,100110	  x6:0x0000006b  x0:0x00000000
          36142	     18067	001000d0	0067a023	sw	x6,0(x15)	 x15:0x00020000  x6:0x0000006b PA:0x00020000 store:0x0000006b load:0x00000000
          36146	     18069	001000d4	00454383	lbu	x7,4(x10)	 x10:0x001019c8  x7=0x00000021 PA:0x001019cc store:0x00000000
          36148	     18070	001000d8	02038c63	beq	x7,x0,100110	  x7:0x00000021  x0:0x00000000
          36152	     18072	001000dc	0077a023	sw	x7,0(x15)	 x15:0x00020000  x7:0x00000021 PA:0x00020000 store:0x00000021 load:0x00000000
          36156	     18074	001000e0	00554583	lbu	x11,5(x10)	 x10:0x001019c8 x11=0x0000000a PA:0x001019cd store:0x00000063
          36158	     18075	001000e4	02058663	beq	x11,x0,100110	 x11:0x0000000a  x0:0x00000000
          36162	     18077	001000e8	00b7a023	sw	x11,0(x15)	 x15:0x00020000 x11:0x0000000a PA:0x00020000 store:0x0000000a load:0x00000000
          36166	     18079	001000ec	00654603	lbu	x12,6(x10)	 x10:0x001019c8 x12=0x00000000 PA:0x001019ce store:0x0000006b
          36170	     18081	001000f0	02060063	beq	x12,x0,100110	 x12:0x00000000  x0:0x00000000
          36174	     18083	00100110	00000513	addi	x10,x0,0	  x0:0x00000000 x10=0x00000000
          36178	     18085	00100114	00008067	jalr	x0,0(x1)	  x1:0x001015ec  x0=0x00000000
          36180	     18086	001015ec	10500073	wfi	
          39960	     19976	0010001c	6890006f	jal	x0,100ea4	  x0=0x00000000
          39964	     19978	00100ea4	e2dff06f	jal	x0,100cd0	  x0=0x00000000
          39966	     19979	00100cd0	fe010113	addi	x2,x2,-32	  x2:0x00137fc0  x2=0x00137fa0
          39970	     19981	00100cd4	00f12423	sw	x15,8(x2)	  x2:0x00137fa0 x15:0x00020000 PA:0x00137fa8 store:0x00020000 load:0x00000a21
          39972	     19982	00100cd8	001027b7	lui	x15,0x102	 x15=0x00102000
          39976	     19984	00100cdc	00b12c23	sw	x11,24(x2)	  x2:0x00137fa0 x11:0x0000000a PA:0x00137fb8 store:0x0000000a load:0x00000a21
          39980	     19986	00100ce0	01012223	sw	x16,4(x2)	  x2:0x00137fa0 x16:0x00000054 PA:0x00137fa4 store:0x00000054 load:0x00000a21
          39984	     19988	00100ce4	9d87a583	lw	x11,-1576(x15)	 x15:0x00102000 x11=0x000007d0 PA:0x001019d8 store:0x00102000
          39988	     19990	00100ce8	9dc7a803	lw	x16,-1572(x15)	 x15:0x00102000 x16=0x00000000 PA:0x001019dc store:0x00000000
          39992	     19992	00100cec	00e12623	sw	x14,12(x2)	  x2:0x00137fa0 x14:0x00000069 PA:0x00137fac store:0x00000069 load:0x00000000
          39994	     19993	00100cf0	00030737	lui	x14,0x30	 x14=0x00030000
          39998	     19995	00100cf4	00c12a23	sw	x12,20(x2)	  x2:0x00137fa0 x12:0x00000000 PA:0x00137fb4 store:0x00000000 load:0x00000000
          40002	     19997	00100cf8	01112023	sw	x17,0(x2)	  x2:0x00137fa0 x17:0x00030000 PA:0x00137fa0 store:0x00030000 load:0x00000000
          40006	     19999	00100cfc	00a12e23	sw	x10,28(x2)	  x2:0x00137fa0 x10:0x00000000 PA:0x00137fbc store:0x00000000 load:0x00000000
          40010	     20001	00100d00	00d12823	sw	x13,16(x2)	  x2:0x00137fa0 x13:0x00001e6d PA:0x00137fb0 store:0x00001e6d load:0x00000000
          40012	     20002	00100d04	00030637	lui	x12,0x30	 x12=0x00030000
          40014	     20003	00100d08	00470893	addi	x17,x14,4	 x14:0x00030000 x17=0x00030004
          40018	     20005	00100d0c	0008a783	lw	x15,0(x17)	 x17:0x00030004 x15=0x00000000 PA:0x00030004 store:0x00000000
          40022	     20007	00100d10	00062683	lw	x13,0(x12)	 x12:0x00030000 x13=0x00004e25 PA:0x00030000 store:0x00000000
          40026	     20009	00100d14	0008a503	lw	x10,0(x17)	 x17:0x00030004 x10=0x00000000 PA:0x00030004 store:0x00000000
          40030	     20011	00100d18	06a78a63	beq	x15,x10,100d8c	 x15:0x00000000 x10:0x00000000
          40034	     20013	00100d8c	00b688b3	add	x17,x13,x11	 x13:0x00004e25 x11:0x000007d0 x17=0x000055f5
          40036	     20014	00100d90	00030637	lui	x12,0x30	 x12=0x00030000
          40038	     20015	00100d94	00d8b6b3	sltu	x13,x17,x13	 x17:0x000055f5 x13:0x00004e25 x13=0x00000000
          40040	     20016	00100d98	01078833	add	x16,x15,x16	 x15:0x00000000 x16:0x00000000 x16=0x00000000
          40042	     20017	00100d9c	fff00513	addi	x10,x0,-1	  x0:0x00000000 x10=0xffffffff
          40046	     20019	00100da0	00a62423	sw	x10,8(x12)	 x12:0x00030000 x10:0xffffffff PA:0x00030008 store:0xffffffff load:0x00004e01
          40048	     20020	00100da4	010687b3	add	x15,x13,x16	 x13:0x00000000 x16:0x00000000 x15=0x00000000
          40050	     20021	00100da8	000305b7	lui	x11,0x30	 x11=0x00030000
          40054	     20023	00100dac	00f5a623	sw	x15,12(x11)	 x11:0x00030000 x15:0x00000000 PA:0x0003000c store:0x00000000 load:0x00000000
          40058	     20025	00100db0	01162423	sw	x17,8(x12)	 x12:0x00030000 x17:0x000055f5 PA:0x00030008 store:0x000055f5 load:0xffffffff
          40060	     20026	00100db4	001026b7	lui	x13,0x102	 x13=0x00102000
          40064	     20028	00100db8	9e06a703	lw	x14,-1568(x13)	 x13:0x00102000 x14=0x00000005 PA:0x001019e0 store:0x00000000
          40068	     20030	00100dbc	9e46a883	lw	x17,-1564(x13)	 x13:0x00102000 x17=0x00000000 PA:0x001019e4 store:0x00000000
          40072	     20032	00100dc0	01c12503	lw	x10,28(x2)	  x2:0x00137fa0 x10=0x00000000 PA:0x00137fbc store:0x00000000
          40074	     20033	00100dc4	00170593	addi	x11,x14,1	 x14:0x00000005 x11=0x00000006
          40076	     20034	00100dc8	00e5b633	sltu	x12,x11,x14	 x11:0x00000006 x14:0x00000005 x12=0x00000000
          40078	     20035	00100dcc	01160833	add	x16,x12,x17	 x12:0x00000000 x17:0x00000000 x16=0x00000000
          40082	     20037	00100dd0	9eb6a023	sw	x11,-1568(x13)	 x13:0x00102000 x11:0x00000006 PA:0x001019e0 store:0x00000006 load:0x00000000
          40086	     20039	00100dd4	9f06a223	sw	x16,-1564(x13)	 x13:0x00102000 x16:0x00000000 PA:0x001019e4 store:0x00000000 load:0x00000000
          40090	     20041	00100dd8	01812583	lw	x11,24(x2)	  x2:0x00137fa0 x11=0x0000000a PA:0x00137fb8 store:0x00102000
          40094	     20043	00100ddc	01412603	lw	x12,20(x2)	  x2:0x00137fa0 x12=0x00000000 PA:0x00137fb4 store:0x7f167699
          40098	     20045	00100de0	01012683	lw	x13,16(x2)	  x2:0x00137fa0 x13=0x00001e6d PA:0x00137fb0 store:0x00000000
          40102	     20047	00100de4	00c12703	lw	x14,12(x2)	  x2:0x00137fa0 x14=0x00000069 PA:0x00137fac store:0x00000000
          40106	     20049	00100de8	00812783	lw	x15,8(x2)	  x2:0x00137fa0 x15=0x00020000 PA:0x00137fa8 store:0x00000005
          40110	     20051	00100dec	00412803	lw	x16,4(x2)	  x2:0x00137fa0 x16=0x00000054 PA:0x00137fa4 store:0x00000000
          40114	     20053	00100df0	00012883	lw	x17,0(x2)	  x2:0x00137fa0 x17=0x00030000 PA:0x00137fa0 store:0x00000000
          40116	     20054	00100df4	02010113	addi	x2,x2,32	  x2:0x00137fa0  x2=0x00137fc0
          40118	     20055	00100df8	30200073	mret	
          40124	     20058	001015f0	02049a63	bne	x9,x0,101624	  x9:0x00000000  x0:0x00000000
          40128	     20060	001015f4	028d6863	bltu	x26,x8,101624	 x26:0x00000004  x8:0x00000005
          40134	     20063	00101624	03c12083	lw	x1,60(x2)	  x2:0x00137fc0  x1=0x00100f58 PA:0x00137ffc store:0x00000000
          40138	     20065	00101628	03812403	lw	x8,56(x2)	  x2:0x00137fc0  x8=0x00000000 PA:0x00137ff8 store:0x00102000
          40142	     20067	0010162c	03412483	lw	x9,52(x2)	  x2:0x00137fc0  x9=0x00000000 PA:0x00137ff4 store:0x7f167699
          40146	     20069	00101630	03012903	lw	x18,48(x2)	  x2:0x00137fc0 x18=0x00000000 PA:0x00137ff0 store:0x00000054
          40150	     20071	00101634	02c12983	lw	x19,44(x2)	  x2:0x00137fc0 x19=0x00000000 PA:0x00137fec store:0x00000000
          40154	     20073	00101638	02812a03	lw	x20,40(x2)	  x2:0x00137fc0 x20=0x00000000 PA:0x00137fe8 store:0x00000000
          40158	     20075	0010163c	02412a83	lw	x21,36(x2)	  x2:0x00137fc0 x21=0x00000000 PA:0x00137fe4 store:0x00000000
          40162	     20077	00101640	02012b03	lw	x22,32(x2)	  x2:0x00137fc0 x22=0x00000000 PA:0x00137fe0 store:0x00000000
          40166	     20079	00101644	01c12b83	lw	x23,28(x2)	  x2:0x00137fc0 x23=0x00000000 PA:0x00137fdc store:0x00000000
          40170	     20081	00101648	01812c03	lw	x24,24(x2)	  x2:0x00137fc0 x24=0x00000000 PA:0x00137fd8 store:0x00102000
          40174	     20083	0010164c	01412c83	lw	x25,20(x2)	  x2:0x00137fc0 x25=0x00000000 PA:0x00137fd4 store:0x00000000
          40178	     20085	00101650	01012d03	lw	x26,16(x2)	  x2:0x00137fc0 x26=0x00101a44 PA:0x00137fd0 store:0x00000054
          40182	     20087	00101654	00c12d83	lw	x27,12(x2)	  x2:0x00137fc0 x27=0x00101a40 PA:0x00137fcc store:0x00000000
          40184	     20088	00101658	00000513	addi	x10,x0,0	  x0:0x00000000 x10=0x00000000
          40186	     20089	0010165c	04010113	addi	x2,x2,64	  x2:0x00137fc0  x2=0x00138000
          40190	     20091	00101660	00008067	jalr	x0,0(x1)	  x1:0x00100f58  x0=0x00000000
          40192	     20092	00100f58	000202b7	lui	x5,0x20	  x5=0x00020000
          40194	     20093	00100f5c	00828293	addi	x5,x5,8	  x5:0x00020000  x5=0x00020008
          40196	     20094	00100f60	00100313	addi	x6,x0,1	  x0:0x00000000  x6=0x00000001
          40200	     20096	00100f64	0062a023	sw	x6,0(x5)	  x5:0x00020008  x6:0x00000001 PA:0x00020008 store:0x00000001 load:0x00000000
