Time	Cycle	PC	Insn	Decoded instruction	Register and memory contents
             20	         6	00100080	6290006f	jal	x0,100ea8	  x0=0x00000000
             22	         7	00100ea8	00000093	addi	x1,x0,0	  x0:0x00000000  x1=0x00000000
             24	         8	00100eac	00008113	addi	x2,x1,0	  x1:0x00000000  x2=0x00000000
             26	         9	00100eb0	00008193	addi	x3,x1,0	  x1:0x00000000  x3=0x00000000
             28	        10	00100eb4	00008213	addi	x4,x1,0	  x1:0x00000000  x4=0x00000000
             30	        11	00100eb8	00008293	addi	x5,x1,0	  x1:0x00000000  x5=0x00000000
             32	        12	00100ebc	00008313	addi	x6,x1,0	  x1:0x00000000  x6=0x00000000
             34	        13	00100ec0	00008393	addi	x7,x1,0	  x1:0x00000000  x7=0x00000000
             36	        14	00100ec4	00008413	addi	x8,x1,0	  x1:0x00000000  x8=0x00000000
             38	        15	00100ec8	00008493	addi	x9,x1,0	  x1:0x00000000  x9=0x00000000
             40	        16	00100ecc	00008513	addi	x10,x1,0	  x1:0x00000000 x10=0x00000000
             42	        17	00100ed0	00008593	addi	x11,x1,0	  x1:0x00000000 x11=0x00000000
             44	        18	00100ed4	00008613	addi	x12,x1,0	  x1:0x00000000 x12=0x00000000
             46	        19	00100ed8	00008693	addi	x13,x1,0	  x1:0x00000000 x13=0x00000000
             48	        20	00100edc	00008713	addi	x14,x1,0	  x1:0x00000000 x14=0x00000000
             50	        21	00100ee0	00008793	addi	x15,x1,0	  x1:0x00000000 x15=0x00000000
             52	        22	00100ee4	00008813	addi	x16,x1,0	  x1:0x00000000 x16=0x00000000
             54	        23	00100ee8	00008893	addi	x17,x1,0	  x1:0x00000000 x17=0x00000000
             56	        24	00100eec	00008913	addi	x18,x1,0	  x1:0x00000000 x18=0x00000000
             58	        25	00100ef0	00008993	addi	x19,x1,0	  x1:0x00000000 x19=0x00000000
             60	        26	00100ef4	00008a13	addi	x20,x1,0	  x1:0x00000000 x20=0x00000000
             62	        27	00100ef8	00008a93	addi	x21,x1,0	  x1:0x00000000 x21=0x00000000
             64	        28	00100efc	00008b13	addi	x22,x1,0	  x1:0x00000000 x22=0x00000000
             66	        29	00100f00	00008b93	addi	x23,x1,0	  x1:0x00000000 x23=0x00000000
             68	        30	00100f04	00008c13	addi	x24,x1,0	  x1:0x00000000 x24=0x00000000
             70	        31	00100f08	00008c93	addi	x25,x1,0	  x1:0x00000000 x25=0x00000000
             72	        32	00100f0c	00008d13	addi	x26,x1,0	  x1:0x00000000 x26=0x00000000
             74	        33	00100f10	00008d93	addi	x27,x1,0	  x1:0x00000000 x27=0x00000000
             76	        34	00100f14	00008e13	addi	x28,x1,0	  x1:0x00000000 x28=0x00000000
             78	        35	00100f18	00008e93	addi	x29,x1,0	  x1:0x00000000 x29=0x00000000
             80	        36	00100f1c	00008f13	addi	x30,x1,0	  x1:0x00000000 x30=0x00000000
             82	        37	00100f20	00008f93	addi	x31,x1,0	  x1:0x00000000 x31=0x00000000
             84	        38	00100f24	00037117	auipc	x2,0x37	  x2=0x00137f24
             86	        39	00100f28	0dc10113	addi	x2,x2,220	  x2:0x00137f24  x2=0x00138000
             88	        40	00100f2c	00001d17	auipc	x26,0x1	 x26=0x00101f2c
             90	        41	00100f30	db4d0d13	addi	x26,x26,-588	 x26:0x00101f2c x26=0x00101ce0
             92	        42	00100f34	00001d97	auipc	x27,0x1	 x27=0x00101f34
             94	        43	00100f38	e14d8d93	addi	x27,x27,-492	 x27:0x00101f34 x27=0x00101d48
             96	        44	00100f3c	01bd5863	bge	x26,x27,100f4c	 x26:0x00101ce0 x27:0x00101d48
            100	        46	00100f40	000d2023	sw	x0,0(x26)	 x26:0x00101ce0  x0:0x00000000 PA:0x00101ce0 store:0x00000000 load:0x00000000
            102	        47	00100f44	004d0d13	addi	x26,x26,4	 x26:0x00101ce0 x26=0x00101ce4
            106	        49	00100f48	ffaddce3	bge	x27,x26,100f40	 x27:0x00101d48 x26:0x00101ce4
            112	        52	00100f40	000d2023	sw	x0,0(x26)	 x26:0x00101ce4  x0:0x00000000 PA:0x00101ce4 store:0x00000000 load:0x00000000
            114	        53	00100f44	004d0d13	addi	x26,x26,4	 x26:0x00101ce4 x26=0x00101ce8
            118	        55	00100f48	ffaddce3	bge	x27,x26,100f40	 x27:0x00101d48 x26:0x00101ce8
            124	        58	00100f40	000d2023	sw	x0,0(x26)	 x26:0x00101ce8  x0:0x00000000 PA:0x00101ce8 store:0x00000000 load:0x00000000
            126	        59	00100f44	004d0d13	addi	x26,x26,4	 x26:0x00101ce8 x26=0x00101cec
            130	        61	00100f48	ffaddce3	bge	x27,x26,100f40	 x27:0x00101d48 x26:0x00101cec
            136	        64	00100f40	000d2023	sw	x0,0(x26)	 x26:0x00101cec  x0:0x00000000 PA:0x00101cec store:0x00000000 load:0x00000000
            138	        65	00100f44	004d0d13	addi	x26,x26,4	 x26:0x00101cec x26=0x00101cf0
            142	        67	00100f48	ffaddce3	bge	x27,x26,100f40	 x27:0x00101d48 x26:0x00101cf0
            148	        70	00100f40	000d2023	sw	x0,0(x26)	 x26:0x00101cf0  x0:0x00000000 PA:0x00101cf0 store:0x00000000 load:0x00000000
            150	        71	00100f44	004d0d13	addi	x26,x26,4	 x26:0x00101cf0 x26=0x00101cf4
            154	        73	00100f48	ffaddce3	bge	x27,x26,100f40	 x27:0x00101d48 x26:0x00101cf4
            160	        76	00100f40	000d2023	sw	x0,0(x26)	 x26:0x00101cf4  x0:0x00000000 PA:0x00101cf4 store:0x00000000 load:0x00000000
            162	        77	00100f44	004d0d13	addi	x26,x26,4	 x26:0x00101cf4 x26=0x00101cf8
            166	        79	00100f48	ffaddce3	bge	x27,x26,100f40	 x27:0x00101d48 x26:0x00101cf8
            172	        82	00100f40	000d2023	sw	x0,0(x26)	 x26:0x00101cf8  x0:0x00000000 PA:0x00101cf8 store:0x00000000 load:0x00000000
            174	        83	00100f44	004d0d13	addi	x26,x26,4	 x26:0x00101cf8 x26=0x00101cfc
            178	        85	00100f48	ffaddce3	bge	x27,x26,100f40	 x27:0x00101d48 x26:0x00101cfc
            184	        88	00100f40	000d2023	sw	x0,0(x26)	 x26:0x00101cfc  x0:0x00000000 PA:0x00101cfc store:0x00000000 load:0x00000000
            186	        89	00100f44	004d0d13	addi	x26,x26,4	 x26:0x00101cfc x26=0x00101d00
            190	        91	00100f48	ffaddce3	bge	x27,x26,100f40	 x27:0x00101d48 x26:0x00101d00
            196	        94	00100f40	000d2023	sw	x0,0(x26)	 x26:0x00101d00  x0:0x00000000 PA:0x00101d00 store:0x00000000 load:0x00000000
            198	        95	00100f44	004d0d13	addi	x26,x26,4	 x26:0x00101d00 x26=0x00101d04
            202	        97	00100f48	ffaddce3	bge	x27,x26,100f40	 x27:0x00101d48 x26:0x00101d04
            208	       100	00100f40	000d2023	sw	x0,0(x26)	 x26:0x00101d04  x0:0x00000000 PA:0x00101d04 store:0x00000000 load:0x00000000
            210	       101	00100f44	004d0d13	addi	x26,x26,4	 x26:0x00101d04 x26=0x00101d08
            214	       103	00100f48	ffaddce3	bge	x27,x26,100f40	 x27:0x00101d48 x26:0x00101d08
            220	       106	00100f40	000d2023	sw	x0,0(x26)	 x26:0x00101d08  x0:0x00000000 PA:0x00101d08 store:0x00000000 load:0x00000000
            222	       107	00100f44	004d0d13	addi	x26,x26,4	 x26:0x00101d08 x26=0x00101d0c
            226	       109	00100f48	ffaddce3	bge	x27,x26,100f40	 x27:0x00101d48 x26:0x00101d0c
            232	       112	00100f40	000d2023	sw	x0,0(x26)	 x26:0x00101d0c  x0:0x00000000 PA:0x00101d0c store:0x00000000 load:0x00000000
            234	       113	00100f44	004d0d13	addi	x26,x26,4	 x26:0x00101d0c x26=0x00101d10
            238	       115	00100f48	ffaddce3	bge	x27,x26,100f40	 x27:0x00101d48 x26:0x00101d10
            244	       118	00100f40	000d2023	sw	x0,0(x26)	 x26:0x00101d10  x0:0x00000000 PA:0x00101d10 store:0x00000000 load:0x00000000
            246	       119	00100f44	004d0d13	addi	x26,x26,4	 x26:0x00101d10 x26=0x00101d14
            250	       121	00100f48	ffaddce3	bge	x27,x26,100f40	 x27:0x00101d48 x26:0x00101d14
            256	       124	00100f40	000d2023	sw	x0,0(x26)	 x26:0x00101d14  x0:0x00000000 PA:0x00101d14 store:0x00000000 load:0x00000000
            258	       125	00100f44	004d0d13	addi	x26,x26,4	 x26:0x00101d14 x26=0x00101d18
            262	       127	00100f48	ffaddce3	bge	x27,x26,100f40	 x27:0x00101d48 x26:0x00101d18
            268	       130	00100f40	000d2023	sw	x0,0(x26)	 x26:0x00101d18  x0:0x00000000 PA:0x00101d18 store:0x00000000 load:0x00000000
            270	       131	00100f44	004d0d13	addi	x26,x26,4	 x26:0x00101d18 x26=0x00101d1c
            274	       133	00100f48	ffaddce3	bge	x27,x26,100f40	 x27:0x00101d48 x26:0x00101d1c
            280	       136	00100f40	000d2023	sw	x0,0(x26)	 x26:0x00101d1c  x0:0x00000000 PA:0x00101d1c store:0x00000000 load:0x00000000
            282	       137	00100f44	004d0d13	addi	x26,x26,4	 x26:0x00101d1c x26=0x00101d20
            286	       139	00100f48	ffaddce3	bge	x27,x26,100f40	 x27:0x00101d48 x26:0x00101d20
            292	       142	00100f40	000d2023	sw	x0,0(x26)	 x26:0x00101d20  x0:0x00000000 PA:0x00101d20 store:0x00000000 load:0x00000000
            294	       143	00100f44	004d0d13	addi	x26,x26,4	 x26:0x00101d20 x26=0x00101d24
            298	       145	00100f48	ffaddce3	bge	x27,x26,100f40	 x27:0x00101d48 x26:0x00101d24
            304	       148	00100f40	000d2023	sw	x0,0(x26)	 x26:0x00101d24  x0:0x00000000 PA:0x00101d24 store:0x00000000 load:0x00000000
            306	       149	00100f44	004d0d13	addi	x26,x26,4	 x26:0x00101d24 x26=0x00101d28
            310	       151	00100f48	ffaddce3	bge	x27,x26,100f40	 x27:0x00101d48 x26:0x00101d28
            316	       154	00100f40	000d2023	sw	x0,0(x26)	 x26:0x00101d28  x0:0x00000000 PA:0x00101d28 store:0x00000000 load:0x00000000
            318	       155	00100f44	004d0d13	addi	x26,x26,4	 x26:0x00101d28 x26=0x00101d2c
            322	       157	00100f48	ffaddce3	bge	x27,x26,100f40	 x27:0x00101d48 x26:0x00101d2c
            328	       160	00100f40	000d2023	sw	x0,0(x26)	 x26:0x00101d2c  x0:0x00000000 PA:0x00101d2c store:0x00000000 load:0x00000000
            330	       161	00100f44	004d0d13	addi	x26,x26,4	 x26:0x00101d2c x26=0x00101d30
            334	       163	00100f48	ffaddce3	bge	x27,x26,100f40	 x27:0x00101d48 x26:0x00101d30
            340	       166	00100f40	000d2023	sw	x0,0(x26)	 x26:0x00101d30  x0:0x00000000 PA:0x00101d30 store:0x00000000 load:0x00000000
            342	       167	00100f44	004d0d13	addi	x26,x26,4	 x26:0x00101d30 x26=0x00101d34
            346	       169	00100f48	ffaddce3	bge	x27,x26,100f40	 x27:0x00101d48 x26:0x00101d34
            352	       172	00100f40	000d2023	sw	x0,0(x26)	 x26:0x00101d34  x0:0x00000000 PA:0x00101d34 store:0x00000000 load:0x00000000
            354	       173	00100f44	004d0d13	addi	x26,x26,4	 x26:0x00101d34 x26=0x00101d38
            358	       175	00100f48	ffaddce3	bge	x27,x26,100f40	 x27:0x00101d48 x26:0x00101d38
            364	       178	00100f40	000d2023	sw	x0,0(x26)	 x26:0x00101d38  x0:0x00000000 PA:0x00101d38 store:0x00000000 load:0x00000000
            366	       179	00100f44	004d0d13	addi	x26,x26,4	 x26:0x00101d38 x26=0x00101d3c
            370	       181	00100f48	ffaddce3	bge	x27,x26,100f40	 x27:0x00101d48 x26:0x00101d3c
            376	       184	00100f40	000d2023	sw	x0,0(x26)	 x26:0x00101d3c  x0:0x00000000 PA:0x00101d3c store:0x00000000 load:0x00000000
            378	       185	00100f44	004d0d13	addi	x26,x26,4	 x26:0x00101d3c x26=0x00101d40
            382	       187	00100f48	ffaddce3	bge	x27,x26,100f40	 x27:0x00101d48 x26:0x00101d40
            388	       190	00100f40	000d2023	sw	x0,0(x26)	 x26:0x00101d40  x0:0x00000000 PA:0x00101d40 store:0x00000000 load:0x00000000
            390	       191	00100f44	004d0d13	addi	x26,x26,4	 x26:0x00101d40 x26=0x00101d44
            394	       193	00100f48	ffaddce3	bge	x27,x26,100f40	 x27:0x00101d48 x26:0x00101d44
            400	       196	00100f40	000d2023	sw	x0,0(x26)	 x26:0x00101d44  x0:0x00000000 PA:0x00101d44 store:0x00000000 load:0x00000000
            402	       197	00100f44	004d0d13	addi	x26,x26,4	 x26:0x00101d44 x26=0x00101d48
            406	       199	00100f48	ffaddce3	bge	x27,x26,100f40	 x27:0x00101d48 x26:0x00101d48
            412	       202	00100f40	000d2023	sw	x0,0(x26)	 x26:0x00101d48  x0:0x00000000 PA:0x00101d48 store:0x00000000 load:0x00000000
            414	       203	00100f44	004d0d13	addi	x26,x26,4	 x26:0x00101d48 x26=0x00101d4c
            416	       204	00100f48	ffaddce3	bge	x27,x26,100f40	 x27:0x00101d48 x26:0x00101d4c
            418	       205	00100f4c	00000513	addi	x10,x0,0	  x0:0x00000000 x10=0x00000000
            420	       206	00100f50	00000593	addi	x11,x0,0	  x0:0x00000000 x11=0x00000000
            424	       208	00100f54	01c000ef	jal	x1,100f70	  x1=0x00100f58
            426	       209	00100f70	fa010113	addi	x2,x2,-96	  x2:0x00138000  x2=0x00137fa0
            428	       210	00100f74	00000513	addi	x10,x0,0	  x0:0x00000000 x10=0x00000000
            432	       212	00100f78	04112e23	sw	x1,92(x2)	  x2:0x00137fa0  x1:0x00100f58 PA:0x00137ffc store:0x00100f58 load:0x00000000
            436	       214	00100f7c	04812c23	sw	x8,88(x2)	  x2:0x00137fa0  x8:0x00000000 PA:0x00137ff8 store:0x00000000 load:0x00000000
            440	       216	00100f80	04912a23	sw	x9,84(x2)	  x2:0x00137fa0  x9:0x00000000 PA:0x00137ff4 store:0x00000000 load:0x00000000
            444	       218	00100f84	05212823	sw	x18,80(x2)	  x2:0x00137fa0 x18:0x00000000 PA:0x00137ff0 store:0x00000000 load:0x00000000
            448	       220	00100f88	05412423	sw	x20,72(x2)	  x2:0x00137fa0 x20:0x00000000 PA:0x00137fe8 store:0x00000000 load:0x00000000
            452	       222	00100f8c	03712e23	sw	x23,60(x2)	  x2:0x00137fa0 x23:0x00000000 PA:0x00137fdc store:0x00000000 load:0x00000000
            462	       227	00100f90	03912a23	sw	x25,52(x2)	  x2:0x00137fa0 x25:0x00000000 PA:0x00137fd4 store:0x00000000 load:0x00000000
            464	       228	00100f94	00812e27	fsw	f8,28(x2)	  f2:0x00137fa0  f8:0x00000000 PA:0x00137fbc store:0x00000000 load:0x00000000
            466	       229	00100f98	00912c27	fsw	f9,24(x2)	  f2:0x00137fa0  f9:0x00000000 PA:0x00137fb8 store:0x00000000 load:0x00000000
            468	       230	00100f9c	01212a27	fsw	f18,20(x2)	  f2:0x00137fa0 f18:0x00000000 PA:0x00137fb4 store:0x00000000 load:0x00000000
            470	       231	00100fa0	01312827	fsw	f19,16(x2)	  f2:0x00137fa0 f19:0x00000000 PA:0x00137fb0 store:0x00000000 load:0x00000000
            472	       232	00100fa4	05312623	sw	x19,76(x2)	  x2:0x00137fa0 x19:0x00000000 PA:0x00137fec store:0x00000000 load:0x00000000
            474	       233	00100fa8	05512223	sw	x21,68(x2)	  x2:0x00137fa0 x21:0x00000000 PA:0x00137fe4 store:0x00000000 load:0x00000000
            476	       234	00100fac	05612023	sw	x22,64(x2)	  x2:0x00137fa0 x22:0x00000000 PA:0x00137fe0 store:0x00000000 load:0x00000000
            480	       236	00100fb0	03812c23	sw	x24,56(x2)	  x2:0x00137fa0 x24:0x00000000 PA:0x00137fd8 store:0x00000000 load:0x00000000
            484	       238	00100fb4	03a12823	sw	x26,48(x2)	  x2:0x00137fa0 x26:0x00101d4c PA:0x00137fd0 store:0x00101d4c load:0x00000000
            494	       243	00100fb8	03b12623	sw	x27,44(x2)	  x2:0x00137fa0 x27:0x00101d48 PA:0x00137fcc store:0x00101d48 load:0x00000000
            496	       244	00100fbc	01412627	fsw	f20,12(x2)	  f2:0x00137fa0 f20:0x00000000 PA:0x00137fac store:0x00000000 load:0x00000000
            498	       245	00100fc0	01512427	fsw	f21,8(x2)	  f2:0x00137fa0 f21:0x00000000 PA:0x00137fa8 store:0x00000000 load:0x00000000
            500	       246	00100fc4	c9cff0ef	jal	x1,100460	  x1=0x00100fc8
            502	       247	00100460	00153513	sltiu	x10,x10,1	 x10:0x00000000 x10=0x00000001
            504	       248	00100464	40a002b3	sub	x5,x0,x10	  x0:0x00000000 x10:0x00000001  x5=0xffffffff
            506	       249	00100468	32029073	csrrw	x0,mcountinhibit,x5	  x5:0xffffffff  x0=0x00000000
            508	       250	0010046c	00008067	jalr	x0,0(x1)	  x1:0x00100fc8  x0=0x00000000
            510	       251	00100fc8	b98ff0ef	jal	x1,100360	  x1=0x00100fcc
            512	       252	00100360	b0201073	csrrw	x0,minstret,x0	  x0:0x00000000  x0=0x00000000
            514	       253	00100364	b0001073	csrrw	x0,mcycle,x0	  x0:0x00000000  x0=0x00000000
            516	       254	00100368	b0301073	csrrw	x0,mhpmcounter3,x0	  x0:0x00000000  x0=0x00000000
            518	       255	0010036c	b0401073	csrrw	x0,mhpmcounter4,x0	  x0:0x00000000  x0=0x00000000
            520	       256	00100370	b0501073	csrrw	x0,mhpmcounter5,x0	  x0:0x00000000  x0=0x00000000
            522	       257	00100374	b0601073	csrrw	x0,mhpmcounter6,x0	  x0:0x00000000  x0=0x00000000
            524	       258	00100378	b0701073	csrrw	x0,mhpmcounter7,x0	  x0:0x00000000  x0=0x00000000
            526	       259	0010037c	b0801073	csrrw	x0,mhpmcounter8,x0	  x0:0x00000000  x0=0x00000000
            528	       260	00100380	b0901073	csrrw	x0,mhpmcounter9,x0	  x0:0x00000000  x0=0x00000000
            530	       261	00100384	b0a01073	csrrw	x0,mhpmcounter10,x0	  x0:0x00000000  x0=0x00000000
            532	       262	00100388	b0b01073	csrrw	x0,mhpmcounter11,x0	  x0:0x00000000  x0=0x00000000
            534	       263	0010038c	b0c01073	csrrw	x0,mhpmcounter12,x0	  x0:0x00000000  x0=0x00000000
            536	       264	00100390	b0d01073	csrrw	x0,mhpmcounter13,x0	  x0:0x00000000  x0=0x00000000
            538	       265	00100394	b0e01073	csrrw	x0,mhpmcounter14,x0	  x0:0x00000000  x0=0x00000000
            540	       266	00100398	b0f01073	csrrw	x0,mhpmcounter15,x0	  x0:0x00000000  x0=0x00000000
            542	       267	0010039c	b1001073	csrrw	x0,mhpmcounter16,x0	  x0:0x00000000  x0=0x00000000
            544	       268	001003a0	b1101073	csrrw	x0,mhpmcounter17,x0	  x0:0x00000000  x0=0x00000000
            546	       269	001003a4	b1201073	csrrw	x0,mhpmcounter18,x0	  x0:0x00000000  x0=0x00000000
            548	       270	001003a8	b1301073	csrrw	x0,mhpmcounter19,x0	  x0:0x00000000  x0=0x00000000
            550	       271	001003ac	b1401073	csrrw	x0,mhpmcounter20,x0	  x0:0x00000000  x0=0x00000000
            552	       272	001003b0	b1501073	csrrw	x0,mhpmcounter21,x0	  x0:0x00000000  x0=0x00000000
            554	       273	001003b4	b1601073	csrrw	x0,mhpmcounter22,x0	  x0:0x00000000  x0=0x00000000
            556	       274	001003b8	b1701073	csrrw	x0,mhpmcounter23,x0	  x0:0x00000000  x0=0x00000000
            558	       275	001003bc	b1801073	csrrw	x0,mhpmcounter24,x0	  x0:0x00000000  x0=0x00000000
            560	       276	001003c0	b1901073	csrrw	x0,mhpmcounter25,x0	  x0:0x00000000  x0=0x00000000
            562	       277	001003c4	b1a01073	csrrw	x0,mhpmcounter26,x0	  x0:0x00000000  x0=0x00000000
            564	       278	001003c8	b1b01073	csrrw	x0,mhpmcounter27,x0	  x0:0x00000000  x0=0x00000000
            566	       279	001003cc	b1c01073	csrrw	x0,mhpmcounter28,x0	  x0:0x00000000  x0=0x00000000
            568	       280	001003d0	b1d01073	csrrw	x0,mhpmcounter29,x0	  x0:0x00000000  x0=0x00000000
            570	       281	001003d4	b1e01073	csrrw	x0,mhpmcounter30,x0	  x0:0x00000000  x0=0x00000000
            572	       282	001003d8	b1f01073	csrrw	x0,mhpmcounter31,x0	  x0:0x00000000  x0=0x00000000
            574	       283	001003dc	b8201073	csrrw	x0,minstreth,x0	  x0:0x00000000  x0=0x00000000
            576	       284	001003e0	b8001073	csrrw	x0,mcycleh,x0	  x0:0x00000000  x0=0x00000000
            578	       285	001003e4	b8301073	csrrw	x0,mhpmcounter3h,x0	  x0:0x00000000  x0=0x00000000
            580	       286	001003e8	b8401073	csrrw	x0,mhpmcounter4h,x0	  x0:0x00000000  x0=0x00000000
            582	       287	001003ec	b8501073	csrrw	x0,mhpmcounter5h,x0	  x0:0x00000000  x0=0x00000000
            584	       288	001003f0	b8601073	csrrw	x0,mhpmcounter6h,x0	  x0:0x00000000  x0=0x00000000
            586	       289	001003f4	b8701073	csrrw	x0,mhpmcounter7h,x0	  x0:0x00000000  x0=0x00000000
            588	       290	001003f8	b8801073	csrrw	x0,mhpmcounter8h,x0	  x0:0x00000000  x0=0x00000000
            590	       291	001003fc	b8901073	csrrw	x0,mhpmcounter9h,x0	  x0:0x00000000  x0=0x00000000
            592	       292	00100400	b8a01073	csrrw	x0,mhpmcounter10h,x0	  x0:0x00000000  x0=0x00000000
            594	       293	00100404	b8b01073	csrrw	x0,mhpmcounter11h,x0	  x0:0x00000000  x0=0x00000000
            596	       294	00100408	b8c01073	csrrw	x0,mhpmcounter12h,x0	  x0:0x00000000  x0=0x00000000
            598	       295	0010040c	b8d01073	csrrw	x0,mhpmcounter13h,x0	  x0:0x00000000  x0=0x00000000
            600	       296	00100410	b8e01073	csrrw	x0,mhpmcounter14h,x0	  x0:0x00000000  x0=0x00000000
            602	       297	00100414	b8f01073	csrrw	x0,mhpmcounter15h,x0	  x0:0x00000000  x0=0x00000000
            604	       298	00100418	b9001073	csrrw	x0,mhpmcounter16h,x0	  x0:0x00000000  x0=0x00000000
            606	       299	0010041c	b9101073	csrrw	x0,mhpmcounter17h,x0	  x0:0x00000000  x0=0x00000000
            608	       300	00100420	b9201073	csrrw	x0,mhpmcounter18h,x0	  x0:0x00000000  x0=0x00000000
            610	       301	00100424	b9301073	csrrw	x0,mhpmcounter19h,x0	  x0:0x00000000  x0=0x00000000
            612	       302	00100428	b9401073	csrrw	x0,mhpmcounter20h,x0	  x0:0x00000000  x0=0x00000000
            614	       303	0010042c	b9501073	csrrw	x0,mhpmcounter21h,x0	  x0:0x00000000  x0=0x00000000
            616	       304	00100430	b9601073	csrrw	x0,mhpmcounter22h,x0	  x0:0x00000000  x0=0x00000000
            618	       305	00100434	b9701073	csrrw	x0,mhpmcounter23h,x0	  x0:0x00000000  x0=0x00000000
            620	       306	00100438	b9801073	csrrw	x0,mhpmcounter24h,x0	  x0:0x00000000  x0=0x00000000
            622	       307	0010043c	b9901073	csrrw	x0,mhpmcounter25h,x0	  x0:0x00000000  x0=0x00000000
            624	       308	00100440	b9a01073	csrrw	x0,mhpmcounter26h,x0	  x0:0x00000000  x0=0x00000000
            626	       309	00100444	b9b01073	csrrw	x0,mhpmcounter27h,x0	  x0:0x00000000  x0=0x00000000
            628	       310	00100448	b9c01073	csrrw	x0,mhpmcounter28h,x0	  x0:0x00000000  x0=0x00000000
            630	       311	0010044c	b9d01073	csrrw	x0,mhpmcounter29h,x0	  x0:0x00000000  x0=0x00000000
            632	       312	00100450	b9e01073	csrrw	x0,mhpmcounter30h,x0	  x0:0x00000000  x0=0x00000000
            634	       313	00100454	b9f01073	csrrw	x0,mhpmcounter31h,x0	  x0:0x00000000  x0=0x00000000
            638	       315	00100458	00008067	jalr	x0,0(x1)	  x1:0x00100fcc  x0=0x00000000
            640	       316	00100fcc	00100513	addi	x10,x0,1	  x0:0x00000000 x10=0x00000001
            644	       318	00100fd0	c90ff0ef	jal	x1,100460	  x1=0x00100fd4
            646	       319	00100460	00153513	sltiu	x10,x10,1	 x10:0x00000001 x10=0x00000000
            648	       320	00100464	40a002b3	sub	x5,x0,x10	  x0:0x00000000 x10:0x00000000  x5=0x00000000
            650	       321	00100468	32029073	csrrw	x0,mcountinhibit,x5	  x5:0x00000000  x0=0x00000000
            654	       323	0010046c	00008067	jalr	x0,0(x1)	  x1:0x00100fd4  x0=0x00000000
            656	       324	00100fd4	00102537	lui	x10,0x102	 x10=0x00102000
            658	       325	00100fd8	9a850513	addi	x10,x10,-1624	 x10:0x00102000 x10=0x001019a8
            662	       327	00100fdc	8c4ff0ef	jal	x1,1000a0	  x1=0x00100fe0
            666	       329	001000a0	00054803	lbu	x16,0(x10)	 x10:0x001019a8 x16=0x00000048 PA:0x001019a8 store:0x00000000
            668	       330	001000a4	06080663	beq	x16,x0,100110	 x16:0x00000048  x0:0x00000000
            670	       331	001000a8	000207b7	lui	x15,0x20	 x15=0x00020000
            674	       333	001000ac	0107a023	sw	x16,0(x15)	 x15:0x00020000 x16:0x00000048 PA:0x00020000 store:0x00000048 load:0x00000000
            678	       335	001000b0	00154703	lbu	x14,1(x10)	 x10:0x001019a8 x14=0x00000065 PA:0x001019a9 store:0x00100fe0
            680	       336	001000b4	04070e63	beq	x14,x0,100110	 x14:0x00000065  x0:0x00000000
            684	       338	001000b8	00e7a023	sw	x14,0(x15)	 x15:0x00020000 x14:0x00000065 PA:0x00020000 store:0x00000065 load:0x00000000
            688	       340	001000bc	00254283	lbu	x5,2(x10)	 x10:0x001019a8  x5=0x0000006c PA:0x001019aa store:0x00137fa0
            690	       341	001000c0	04028863	beq	x5,x0,100110	  x5:0x0000006c  x0:0x00000000
            694	       343	001000c4	0057a023	sw	x5,0(x15)	 x15:0x00020000  x5:0x0000006c PA:0x00020000 store:0x0000006c load:0x00000000
            698	       345	001000c8	00354303	lbu	x6,3(x10)	 x10:0x001019a8  x6=0x0000006c PA:0x001019ab store:0x00000000
            700	       346	001000cc	04030263	beq	x6,x0,100110	  x6:0x0000006c  x0:0x00000000
            704	       348	001000d0	0067a023	sw	x6,0(x15)	 x15:0x00020000  x6:0x0000006c PA:0x00020000 store:0x0000006c load:0x00000000
            708	       350	001000d4	00454383	lbu	x7,4(x10)	 x10:0x001019a8  x7=0x0000006f PA:0x001019ac store:0x00000000
            710	       351	001000d8	02038c63	beq	x7,x0,100110	  x7:0x0000006f  x0:0x00000000
            714	       353	001000dc	0077a023	sw	x7,0(x15)	 x15:0x00020000  x7:0x0000006f PA:0x00020000 store:0x0000006f load:0x00000000
            718	       355	001000e0	00554583	lbu	x11,5(x10)	 x10:0x001019a8 x11=0x00000020 PA:0x001019ad store:0x0000006c
            720	       356	001000e4	02058663	beq	x11,x0,100110	 x11:0x00000020  x0:0x00000000
            724	       358	001000e8	00b7a023	sw	x11,0(x15)	 x15:0x00020000 x11:0x00000020 PA:0x00020000 store:0x00000020 load:0x00000000
            728	       360	001000ec	00654603	lbu	x12,6(x10)	 x10:0x001019a8 x12=0x00000073 PA:0x001019ae store:0x0000006c
            730	       361	001000f0	02060063	beq	x12,x0,100110	 x12:0x00000073  x0:0x00000000
            734	       363	001000f4	00c7a023	sw	x12,0(x15)	 x15:0x00020000 x12:0x00000073 PA:0x00020000 store:0x00000073 load:0x00000000
            738	       365	001000f8	00754683	lbu	x13,7(x10)	 x10:0x001019a8 x13=0x00000069 PA:0x001019af store:0x0000006f
            740	       366	001000fc	00850513	addi	x10,x10,8	 x10:0x001019a8 x10=0x001019b0
            742	       367	00100100	00068863	beq	x13,x0,100110	 x13:0x00000069  x0:0x00000000
            746	       369	00100104	00d7a023	sw	x13,0(x15)	 x15:0x00020000 x13:0x00000069 PA:0x00020000 store:0x00000069 load:0x00000000
            750	       371	00100108	00054803	lbu	x16,0(x10)	 x10:0x001019b0 x16=0x0000006d PA:0x001019b0 store:0x00000000
            754	       373	0010010c	fa0810e3	bne	x16,x0,1000ac	 x16:0x0000006d  x0:0x00000000
            760	       376	001000ac	0107a023	sw	x16,0(x15)	 x15:0x00020000 x16:0x0000006d PA:0x00020000 store:0x0000006d load:0x00000000
            764	       378	001000b0	00154703	lbu	x14,1(x10)	 x10:0x001019b0 x14=0x00000070 PA:0x001019b1 store:0x00100fe0
            766	       379	001000b4	04070e63	beq	x14,x0,100110	 x14:0x00000070  x0:0x00000000
            770	       381	001000b8	00e7a023	sw	x14,0(x15)	 x15:0x00020000 x14:0x00000070 PA:0x00020000 store:0x00000070 load:0x00000000
            774	       383	001000bc	00254283	lbu	x5,2(x10)	 x10:0x001019b0  x5=0x0000006c PA:0x001019b2 store:0x00137fa0
            776	       384	001000c0	04028863	beq	x5,x0,100110	  x5:0x0000006c  x0:0x00000000
            780	       386	001000c4	0057a023	sw	x5,0(x15)	 x15:0x00020000  x5:0x0000006c PA:0x00020000 store:0x0000006c load:0x00000000
            784	       388	001000c8	00354303	lbu	x6,3(x10)	 x10:0x001019b0  x6=0x00000065 PA:0x001019b3 store:0x00000000
            786	       389	001000cc	04030263	beq	x6,x0,100110	  x6:0x00000065  x0:0x00000000
            790	       391	001000d0	0067a023	sw	x6,0(x15)	 x15:0x00020000  x6:0x00000065 PA:0x00020000 store:0x00000065 load:0x00000000
            794	       393	001000d4	00454383	lbu	x7,4(x10)	 x10:0x001019b0  x7=0x00000020 PA:0x001019b4 store:0x00000000
            796	       394	001000d8	02038c63	beq	x7,x0,100110	  x7:0x00000020  x0:0x00000000
            800	       396	001000dc	0077a023	sw	x7,0(x15)	 x15:0x00020000  x7:0x00000020 PA:0x00020000 store:0x00000020 load:0x00000000
            804	       398	001000e0	00554583	lbu	x11,5(x10)	 x10:0x001019b0 x11=0x00000073 PA:0x001019b5 store:0x0000006c
            806	       399	001000e4	02058663	beq	x11,x0,100110	 x11:0x00000073  x0:0x00000000
            810	       401	001000e8	00b7a023	sw	x11,0(x15)	 x15:0x00020000 x11:0x00000073 PA:0x00020000 store:0x00000073 load:0x00000000
            814	       403	001000ec	00654603	lbu	x12,6(x10)	 x10:0x001019b0 x12=0x00000079 PA:0x001019b6 store:0x00000065
            816	       404	001000f0	02060063	beq	x12,x0,100110	 x12:0x00000079  x0:0x00000000
            820	       406	001000f4	00c7a023	sw	x12,0(x15)	 x15:0x00020000 x12:0x00000079 PA:0x00020000 store:0x00000079 load:0x00000000
            824	       408	001000f8	00754683	lbu	x13,7(x10)	 x10:0x001019b0 x13=0x00000073 PA:0x001019b7 store:0x00000020
            826	       409	001000fc	00850513	addi	x10,x10,8	 x10:0x001019b0 x10=0x001019b8
            828	       410	00100100	00068863	beq	x13,x0,100110	 x13:0x00000073  x0:0x00000000
            832	       412	00100104	00d7a023	sw	x13,0(x15)	 x15:0x00020000 x13:0x00000073 PA:0x00020000 store:0x00000073 load:0x00000000
            836	       414	00100108	00054803	lbu	x16,0(x10)	 x10:0x001019b8 x16=0x00000074 PA:0x001019b8 store:0x00000000
            840	       416	0010010c	fa0810e3	bne	x16,x0,1000ac	 x16:0x00000074  x0:0x00000000
            846	       419	001000ac	0107a023	sw	x16,0(x15)	 x15:0x00020000 x16:0x00000074 PA:0x00020000 store:0x00000074 load:0x00000000
            850	       421	001000b0	00154703	lbu	x14,1(x10)	 x10:0x001019b8 x14=0x00000065 PA:0x001019b9 store:0x00100fe0
            852	       422	001000b4	04070e63	beq	x14,x0,100110	 x14:0x00000065  x0:0x00000000
            856	       424	001000b8	00e7a023	sw	x14,0(x15)	 x15:0x00020000 x14:0x00000065 PA:0x00020000 store:0x00000065 load:0x00000000
            860	       426	001000bc	00254283	lbu	x5,2(x10)	 x10:0x001019b8  x5=0x0000006d PA:0x001019ba store:0x00137fa0
            862	       427	001000c0	04028863	beq	x5,x0,100110	  x5:0x0000006d  x0:0x00000000
            866	       429	001000c4	0057a023	sw	x5,0(x15)	 x15:0x00020000  x5:0x0000006d PA:0x00020000 store:0x0000006d load:0x00000000
            870	       431	001000c8	00354303	lbu	x6,3(x10)	 x10:0x001019b8  x6=0x0000000a PA:0x001019bb store:0x00000000
            872	       432	001000cc	04030263	beq	x6,x0,100110	  x6:0x0000000a  x0:0x00000000
            876	       434	001000d0	0067a023	sw	x6,0(x15)	 x15:0x00020000  x6:0x0000000a PA:0x00020000 store:0x0000000a load:0x00000000
            880	       436	001000d4	00454383	lbu	x7,4(x10)	 x10:0x001019b8  x7=0x0000000a PA:0x001019bc store:0x00000000
            882	       437	001000d8	02038c63	beq	x7,x0,100110	  x7:0x0000000a  x0:0x00000000
            886	       439	001000dc	0077a023	sw	x7,0(x15)	 x15:0x00020000  x7:0x0000000a PA:0x00020000 store:0x0000000a load:0x00000000
            890	       441	001000e0	00554583	lbu	x11,5(x10)	 x10:0x001019b8 x11=0x00000000 PA:0x001019bd store:0x0000006d
            894	       443	001000e4	02058663	beq	x11,x0,100110	 x11:0x00000000  x0:0x00000000
            898	       445	00100110	00000513	addi	x10,x0,0	  x0:0x00000000 x10=0x00000000
            902	       447	00100114	00008067	jalr	x0,0(x1)	  x1:0x00100fe0  x0=0x00000000
            910	       451	00100fe0	001026b7	lui	x13,0x102	 x13=0x00102000
            912	       452	00100fe4	92c6a787	flw	f15,-1748(x13)	 f13:0x00102000 f15=0x00000000 PA:0x0010192c store:0x00000000
            914	       453	00100fe8	00102737	lui	x14,0x102	 x14=0x00102000
            916	       454	00100fec	93072007	flw	f0,-1744(x14)	 f14:0x00102000  f0=0x00000000 PA:0x00101930 store:0x00000000
            918	       455	00100ff0	001027b7	lui	x15,0x102	 x15=0x00102000
            920	       456	00100ff4	9347a087	flw	f1,-1740(x15)	 f15:0x00102000  f1=0x00000000 PA:0x00101934 store:0x00000000
            922	       457	00100ff8	00102bb7	lui	x23,0x102	 x23=0x00102000
            924	       458	00100ffc	d2fba227	fsw	f15,-732(x23)	 f23:0x00102000 f15:0x00102000 PA:0x00101d24 store:0x42f67c6a load:0x3f7d1f60
            926	       459	00101000	00102cb7	lui	x25,0x102	 x25=0x00102000
            928	       460	00101004	d20ca027	fsw	f0,-736(x25)	 f25:0x00102000  f0:0x00000000 PA:0x00101d20 store:0x43edefdf load:0x3f7d1f60
            930	       461	00101008	00102437	lui	x8,0x102	  x8=0x00102000
            932	       462	0010100c	d0142c27	fsw	f1,-744(x8)	  f8:0x00102000  f1:0x00100fe0 PA:0x00101d18 store:0x3f7d1f60 load:0x3f7d1f60
            934	       463	00101010	d24ba107	flw	f2,-732(x23)	 f23:0x00102000  f2=0x00000000 PA:0x00101d24 store:0x00000000
            936	       464	00101014	d20ca707	flw	f14,-736(x25)	 f25:0x00102000 f14=0x00000000 PA:0x00101d20 store:0x43edefdf
            940	       466	00101018	001022b7	lui	x5,0x102	  x5=0x00102000
            942	       467	0010101c	001024b7	lui	x9,0x102	  x9=0x00102000
            944	       468	00101020	00e171d3	fadd.s	f3,f2,f14	  f2:0x00137fa0 f14:0x00102000  f3=0x00000000
            948	       470	00101024	9c028513	addi	x10,x5,-1600	  x5:0x00102000 x10=0x001019c0
            950	       471	00101028	00102937	lui	x18,0x102	 x18=0x00102000
            952	       472	0010102c	00200a13	addi	x20,x0,2	  x0:0x00000000 x20=0x00000002
            954	       473	00101030	d034ae27	fsw	f3,-740(x9)	  f9:0x00102000  f3:0x00000000 PA:0x00101d1c store:0x4415c77d load:0x43edefdf
            956	       474	00101034	86cff0ef	jal	x1,1000a0	  x1=0x00101038
            958	       475	001000a0	00054803	lbu	x16,0(x10)	 x10:0x001019c0 x16=0x00000041 PA:0x001019c0 store:0x00000000
            960	       476	001000a4	06080663	beq	x16,x0,100110	 x16:0x00000041  x0:0x00000000
            962	       477	001000a8	000207b7	lui	x15,0x20	 x15=0x00020000
            964	       478	001000ac	0107a023	sw	x16,0(x15)	 x15:0x00020000 x16:0x00000041 PA:0x00020000 store:0x00000041 load:0x00000000
            966	       479	001000b0	00154703	lbu	x14,1(x10)	 x10:0x001019c0 x14=0x00000064 PA:0x001019c1 store:0x00101038
            968	       480	001000b4	04070e63	beq	x14,x0,100110	 x14:0x00000064  x0:0x00000000
            970	       481	001000b8	00e7a023	sw	x14,0(x15)	 x15:0x00020000 x14:0x00000064 PA:0x00020000 store:0x00000064 load:0x00000000
            974	       483	001000bc	00254283	lbu	x5,2(x10)	 x10:0x001019c0  x5=0x00000064 PA:0x001019c2 store:0x00137fa0
            976	       484	001000c0	04028863	beq	x5,x0,100110	  x5:0x00000064  x0:0x00000000
            980	       486	001000c4	0057a023	sw	x5,0(x15)	 x15:0x00020000  x5:0x00000064 PA:0x00020000 store:0x00000064 load:0x00000000
            984	       488	001000c8	00354303	lbu	x6,3(x10)	 x10:0x001019c0  x6=0x00000020 PA:0x001019c3 store:0x00000000
            986	       489	001000cc	04030263	beq	x6,x0,100110	  x6:0x00000020  x0:0x00000000
            990	       491	001000d0	0067a023	sw	x6,0(x15)	 x15:0x00020000  x6:0x00000020 PA:0x00020000 store:0x00000020 load:0x00000000
            994	       493	001000d4	00454383	lbu	x7,4(x10)	 x10:0x001019c0  x7=0x00000031 PA:0x001019c4 store:0x00000000
            996	       494	001000d8	02038c63	beq	x7,x0,100110	  x7:0x00000031  x0:0x00000000
           1000	       496	001000dc	0077a023	sw	x7,0(x15)	 x15:0x00020000  x7:0x00000031 PA:0x00020000 store:0x00000031 load:0x00000000
           1004	       498	001000e0	00554583	lbu	x11,5(x10)	 x10:0x001019c0 x11=0x00000032 PA:0x001019c5 store:0x00000064
           1006	       499	001000e4	02058663	beq	x11,x0,100110	 x11:0x00000032  x0:0x00000000
           1010	       501	001000e8	00b7a023	sw	x11,0(x15)	 x15:0x00020000 x11:0x00000032 PA:0x00020000 store:0x00000032 load:0x00000000
           1014	       503	001000ec	00654603	lbu	x12,6(x10)	 x10:0x001019c0 x12=0x00000033 PA:0x001019c6 store:0x00000020
           1016	       504	001000f0	02060063	beq	x12,x0,100110	 x12:0x00000033  x0:0x00000000
           1020	       506	001000f4	00c7a023	sw	x12,0(x15)	 x15:0x00020000 x12:0x00000033 PA:0x00020000 store:0x00000033 load:0x00000000
           1024	       508	001000f8	00754683	lbu	x13,7(x10)	 x10:0x001019c0 x13=0x0000002e PA:0x001019c7 store:0x00000031
           1026	       509	001000fc	00850513	addi	x10,x10,8	 x10:0x001019c0 x10=0x001019c8
           1028	       510	00100100	00068863	beq	x13,x0,100110	 x13:0x0000002e  x0:0x00000000
           1032	       512	00100104	00d7a023	sw	x13,0(x15)	 x15:0x00020000 x13:0x0000002e PA:0x00020000 store:0x0000002e load:0x00000000
           1036	       514	00100108	00054803	lbu	x16,0(x10)	 x10:0x001019c8 x16=0x00000032 PA:0x001019c8 store:0x00000000
           1040	       516	0010010c	fa0810e3	bne	x16,x0,1000ac	 x16:0x00000032  x0:0x00000000
           1046	       519	001000ac	0107a023	sw	x16,0(x15)	 x15:0x00020000 x16:0x00000032 PA:0x00020000 store:0x00000032 load:0x00000000
           1050	       521	001000b0	00154703	lbu	x14,1(x10)	 x10:0x001019c8 x14=0x00000034 PA:0x001019c9 store:0x00101038
           1052	       522	001000b4	04070e63	beq	x14,x0,100110	 x14:0x00000034  x0:0x00000000
           1056	       524	001000b8	00e7a023	sw	x14,0(x15)	 x15:0x00020000 x14:0x00000034 PA:0x00020000 store:0x00000034 load:0x00000000
           1060	       526	001000bc	00254283	lbu	x5,2(x10)	 x10:0x001019c8  x5=0x00000033 PA:0x001019ca store:0x00137fa0
           1062	       527	001000c0	04028863	beq	x5,x0,100110	  x5:0x00000033  x0:0x00000000
           1066	       529	001000c4	0057a023	sw	x5,0(x15)	 x15:0x00020000  x5:0x00000033 PA:0x00020000 store:0x00000033 load:0x00000000
           1070	       531	001000c8	00354303	lbu	x6,3(x10)	 x10:0x001019c8  x6=0x00000020 PA:0x001019cb store:0x00000000
           1072	       532	001000cc	04030263	beq	x6,x0,100110	  x6:0x00000020  x0:0x00000000
           1076	       534	001000d0	0067a023	sw	x6,0(x15)	 x15:0x00020000  x6:0x00000020 PA:0x00020000 store:0x00000020 load:0x00000000
           1080	       536	001000d4	00454383	lbu	x7,4(x10)	 x10:0x001019c8  x7=0x00000026 PA:0x001019cc store:0x00000000
           1082	       537	001000d8	02038c63	beq	x7,x0,100110	  x7:0x00000026  x0:0x00000000
           1086	       539	001000dc	0077a023	sw	x7,0(x15)	 x15:0x00020000  x7:0x00000026 PA:0x00020000 store:0x00000026 load:0x00000000
           1090	       541	001000e0	00554583	lbu	x11,5(x10)	 x10:0x001019c8 x11=0x00000020 PA:0x001019cd store:0x00000033
           1092	       542	001000e4	02058663	beq	x11,x0,100110	 x11:0x00000020  x0:0x00000000
           1096	       544	001000e8	00b7a023	sw	x11,0(x15)	 x15:0x00020000 x11:0x00000020 PA:0x00020000 store:0x00000020 load:0x00000000
           1100	       546	001000ec	00654603	lbu	x12,6(x10)	 x10:0x001019c8 x12=0x00000034 PA:0x001019ce store:0x00000020
           1102	       547	001000f0	02060063	beq	x12,x0,100110	 x12:0x00000034  x0:0x00000000
           1106	       549	001000f4	00c7a023	sw	x12,0(x15)	 x15:0x00020000 x12:0x00000034 PA:0x00020000 store:0x00000034 load:0x00000000
           1110	       551	001000f8	00754683	lbu	x13,7(x10)	 x10:0x001019c8 x13=0x00000037 PA:0x001019cf store:0x00000026
           1112	       552	001000fc	00850513	addi	x10,x10,8	 x10:0x001019c8 x10=0x001019d0
           1114	       553	00100100	00068863	beq	x13,x0,100110	 x13:0x00000037  x0:0x00000000
           1118	       555	00100104	00d7a023	sw	x13,0(x15)	 x15:0x00020000 x13:0x00000037 PA:0x00020000 store:0x00000037 load:0x00000000
           1122	       557	00100108	00054803	lbu	x16,0(x10)	 x10:0x001019d0 x16=0x00000035 PA:0x001019d0 store:0x00000000
           1126	       559	0010010c	fa0810e3	bne	x16,x0,1000ac	 x16:0x00000035  x0:0x00000000
           1132	       562	001000ac	0107a023	sw	x16,0(x15)	 x15:0x00020000 x16:0x00000035 PA:0x00020000 store:0x00000035 load:0x00000000
           1136	       564	001000b0	00154703	lbu	x14,1(x10)	 x10:0x001019d0 x14=0x0000002e PA:0x001019d1 store:0x00101038
           1138	       565	001000b4	04070e63	beq	x14,x0,100110	 x14:0x0000002e  x0:0x00000000
           1142	       567	001000b8	00e7a023	sw	x14,0(x15)	 x15:0x00020000 x14:0x0000002e PA:0x00020000 store:0x0000002e load:0x00000000
           1146	       569	001000bc	00254283	lbu	x5,2(x10)	 x10:0x001019d0  x5=0x00000038 PA:0x001019d2 store:0x00137fa0
           1148	       570	001000c0	04028863	beq	x5,x0,100110	  x5:0x00000038  x0:0x00000000
           1152	       572	001000c4	0057a023	sw	x5,0(x15)	 x15:0x00020000  x5:0x00000038 PA:0x00020000 store:0x00000038 load:0x00000000
           1156	       574	001000c8	00354303	lbu	x6,3(x10)	 x10:0x001019d0  x6=0x00000037 PA:0x001019d3 store:0x00000000
           1158	       575	001000cc	04030263	beq	x6,x0,100110	  x6:0x00000037  x0:0x00000000
           1162	       577	001000d0	0067a023	sw	x6,0(x15)	 x15:0x00020000  x6:0x00000037 PA:0x00020000 store:0x00000037 load:0x00000000
           1166	       579	001000d4	00454383	lbu	x7,4(x10)	 x10:0x001019d0  x7=0x00000035 PA:0x001019d4 store:0x00000000
           1168	       580	001000d8	02038c63	beq	x7,x0,100110	  x7:0x00000035  x0:0x00000000
           1172	       582	001000dc	0077a023	sw	x7,0(x15)	 x15:0x00020000  x7:0x00000035 PA:0x00020000 store:0x00000035 load:0x00000000
           1176	       584	001000e0	00554583	lbu	x11,5(x10)	 x10:0x001019d0 x11=0x0000003a PA:0x001019d5 store:0x00000038
           1178	       585	001000e4	02058663	beq	x11,x0,100110	 x11:0x0000003a  x0:0x00000000
           1182	       587	001000e8	00b7a023	sw	x11,0(x15)	 x15:0x00020000 x11:0x0000003a PA:0x00020000 store:0x0000003a load:0x00000000
           1186	       589	001000ec	00654603	lbu	x12,6(x10)	 x10:0x001019d0 x12=0x00000020 PA:0x001019d6 store:0x00000037
           1188	       590	001000f0	02060063	beq	x12,x0,100110	 x12:0x00000020  x0:0x00000000
           1192	       592	001000f4	00c7a023	sw	x12,0(x15)	 x15:0x00020000 x12:0x00000020 PA:0x00020000 store:0x00000020 load:0x00000000
           1196	       594	001000f8	00754683	lbu	x13,7(x10)	 x10:0x001019d0 x13=0x00000000 PA:0x001019d7 store:0x00000035
           1198	       595	001000fc	00850513	addi	x10,x10,8	 x10:0x001019d0 x10=0x001019d8
           1202	       597	00100100	00068863	beq	x13,x0,100110	 x13:0x00000000  x0:0x00000000
           1206	       599	00100110	00000513	addi	x10,x0,0	  x0:0x00000000 x10=0x00000000
           1216	       604	00100114	00008067	jalr	x0,0(x1)	  x1:0x00101038  x0=0x00000000
           1218	       605	00101038	d1c4a507	flw	f10,-740(x9)	  f9:0x00102000 f10=0x00000000 PA:0x00101d1c store:0x00000000
           1220	       606	0010103c	e05ff0ef	jal	x1,100e40	  x1=0x00101040
           1228	       610	00100e40	fe010113	addi	x2,x2,-32	  x2:0x00137fa0  x2=0x00137f80
           1230	       611	00100e44	00812c23	sw	x8,24(x2)	  x2:0x00137f80  x8:0x00102000 PA:0x00137f98 store:0x00102000 load:0x4415c77d
           1232	       612	00100e48	c0151453	fcvt.wu.s	x8,f10	 f10:0x00000000  x8=0x00000257
           1236	       614	00100e4c	00112e23	sw	x1,28(x2)	  x2:0x00137f80  x1:0x00101040 PA:0x00137f9c store:0x00101040 load:0x4415c77d
           1238	       615	00100e50	00812627	fsw	f8,12(x2)	  f2:0x00137f80  f8:0x00000257 PA:0x00137f8c store:0x00000000 load:0x4415c77d
           1240	       616	00100e54	00040513	addi	x10,x8,0	  x8:0x00000257 x10=0x00000257
           1242	       617	00100e58	20a50453	fsgnj.s	f8,f10,f10	 f10:0x00000257 f10:0x00000257  f8=0x00000000
           1244	       618	00100e5c	ac4ff0ef	jal	x1,100120	  x1=0x00100e60
           1246	       619	00100120	01c55793	srli	x15,x10,0x1c	 x10:0x00000257 x15=0x00000000
           1248	       620	00100124	00900713	addi	x14,x0,9	  x0:0x00000000 x14=0x00000009
           1250	       621	00100128	0cf77a63	bgeu	x14,x15,1001fc	 x14:0x00000009 x15:0x00000000
           1252	       622	001001fc	03078393	addi	x7,x15,48	 x15:0x00000000  x7=0x00000030
           1254	       623	00100200	000205b7	lui	x11,0x20	 x11=0x00020000
           1256	       624	00100204	00451613	slli	x12,x10,0x4	 x10:0x00000257 x12=0x00002570
           1260	       626	00100208	0075a023	sw	x7,0(x11)	 x11:0x00020000  x7:0x00000030 PA:0x00020000 store:0x00000030 load:0x00000000
           1262	       627	0010020c	01c65693	srli	x13,x12,0x1c	 x12:0x00002570 x13=0x00000000
           1264	       628	00100210	00900813	addi	x16,x0,9	  x0:0x00000000 x16=0x00000009
           1266	       629	00100214	f2d86ae3	bltu	x16,x13,100148	 x16:0x00000009 x13:0x00000000
           1268	       630	00100218	03068e93	addi	x29,x13,48	 x13:0x00000000 x29=0x00000030
           1270	       631	0010021c	00020f37	lui	x30,0x20	 x30=0x00020000
           1272	       632	00100220	00851f93	slli	x31,x10,0x8	 x10:0x00000257 x31=0x00025700
           1276	       634	00100224	01df2023	sw	x29,0(x30)	 x30:0x00020000 x29:0x00000030 PA:0x00020000 store:0x00000030 load:0x00000000
           1278	       635	00100228	01cfd793	srli	x15,x31,0x1c	 x31:0x00025700 x15=0x00000000
           1280	       636	0010022c	00900713	addi	x14,x0,9	  x0:0x00000000 x14=0x00000009
           1282	       637	00100230	f2f76ae3	bltu	x14,x15,100164	 x14:0x00000009 x15:0x00000000
           1284	       638	00100234	03078393	addi	x7,x15,48	 x15:0x00000000  x7=0x00000030
           1286	       639	00100238	000205b7	lui	x11,0x20	 x11=0x00020000
           1288	       640	0010023c	00c51613	slli	x12,x10,0xc	 x10:0x00000257 x12=0x00257000
           1292	       642	00100240	0075a023	sw	x7,0(x11)	 x11:0x00020000  x7:0x00000030 PA:0x00020000 store:0x00000030 load:0x00000000
           1294	       643	00100244	01c65693	srli	x13,x12,0x1c	 x12:0x00257000 x13=0x00000000
           1296	       644	00100248	00900813	addi	x16,x0,9	  x0:0x00000000 x16=0x00000009
           1298	       645	0010024c	f2d86ae3	bltu	x16,x13,100180	 x16:0x00000009 x13:0x00000000
           1300	       646	00100250	03068e93	addi	x29,x13,48	 x13:0x00000000 x29=0x00000030
           1302	       647	00100254	00020f37	lui	x30,0x20	 x30=0x00020000
           1304	       648	00100258	01051f93	slli	x31,x10,0x10	 x10:0x00000257 x31=0x02570000
           1308	       650	0010025c	01df2023	sw	x29,0(x30)	 x30:0x00020000 x29:0x00000030 PA:0x00020000 store:0x00000030 load:0x00000000
           1310	       651	00100260	01cfd793	srli	x15,x31,0x1c	 x31:0x02570000 x15=0x00000000
           1312	       652	00100264	00900713	addi	x14,x0,9	  x0:0x00000000 x14=0x00000009
           1314	       653	00100268	f2f76ae3	bltu	x14,x15,10019c	 x14:0x00000009 x15:0x00000000
           1316	       654	0010026c	03078393	addi	x7,x15,48	 x15:0x00000000  x7=0x00000030
           1318	       655	00100270	000205b7	lui	x11,0x20	 x11=0x00020000
           1320	       656	00100274	01451613	slli	x12,x10,0x14	 x10:0x00000257 x12=0x25700000
           1324	       658	00100278	0075a023	sw	x7,0(x11)	 x11:0x00020000  x7:0x00000030 PA:0x00020000 store:0x00000030 load:0x00000000
           1326	       659	0010027c	01c65693	srli	x13,x12,0x1c	 x12:0x25700000 x13=0x00000002
           1328	       660	00100280	00900813	addi	x16,x0,9	  x0:0x00000000 x16=0x00000009
           1330	       661	00100284	f2d86ae3	bltu	x16,x13,1001b8	 x16:0x00000009 x13:0x00000002
           1332	       662	00100288	03068e93	addi	x29,x13,48	 x13:0x00000002 x29=0x00000032
           1334	       663	0010028c	00020f37	lui	x30,0x20	 x30=0x00020000
           1336	       664	00100290	01851f93	slli	x31,x10,0x18	 x10:0x00000257 x31=0x57000000
           1340	       666	00100294	01df2023	sw	x29,0(x30)	 x30:0x00020000 x29:0x00000032 PA:0x00020000 store:0x00000032 load:0x00000000
           1342	       667	00100298	01cfd793	srli	x15,x31,0x1c	 x31:0x57000000 x15=0x00000005
           1344	       668	0010029c	00900713	addi	x14,x0,9	  x0:0x00000000 x14=0x00000009
           1346	       669	001002a0	f2f76ae3	bltu	x14,x15,1001d4	 x14:0x00000009 x15:0x00000005
           1348	       670	001002a4	03078393	addi	x7,x15,48	 x15:0x00000005  x7=0x00000035
           1350	       671	001002a8	000205b7	lui	x11,0x20	 x11=0x00020000
           1354	       673	001002ac	0075a023	sw	x7,0(x11)	 x11:0x00020000  x7:0x00000035 PA:0x00020000 store:0x00000035 load:0x00000000
           1356	       674	001002b0	00f57513	andi	x10,x10,15	 x10:0x00000257 x10=0x00000007
           1358	       675	001002b4	00900613	addi	x12,x0,9	  x0:0x00000000 x12=0x00000009
           1362	       677	001002b8	f2a67ae3	bgeu	x12,x10,1001ec	 x12:0x00000009 x10:0x00000007
           1366	       679	001001ec	03050893	addi	x17,x10,48	 x10:0x00000007 x17=0x00000037
           1368	       680	001001f0	00020e37	lui	x28,0x20	 x28=0x00020000
           1372	       682	001001f4	011e2023	sw	x17,0(x28)	 x28:0x00020000 x17:0x00000037 PA:0x00020000 store:0x00000037 load:0x00000000
           1376	       684	001001f8	00008067	jalr	x0,0(x1)	  x1:0x00100e60  x0=0x00000000
           1378	       685	00100e60	00102537	lui	x10,0x102	 x10=0x00102000
           1380	       686	00100e64	a7050513	addi	x10,x10,-1424	 x10:0x00102000 x10=0x00101a70
           1384	       688	00100e68	a38ff0ef	jal	x1,1000a0	  x1=0x00100e6c
           1388	       690	001000a0	00054803	lbu	x16,0(x10)	 x10:0x00101a70 x16=0x0000002e PA:0x00101a70 store:0x00000000
           1390	       691	001000a4	06080663	beq	x16,x0,100110	 x16:0x0000002e  x0:0x00000000
           1392	       692	001000a8	000207b7	lui	x15,0x20	 x15=0x00020000
           1396	       694	001000ac	0107a023	sw	x16,0(x15)	 x15:0x00020000 x16:0x0000002e PA:0x00020000 store:0x0000002e load:0x00000000
           1400	       696	001000b0	00154703	lbu	x14,1(x10)	 x10:0x00101a70 x14=0x00000000 PA:0x00101a71 store:0x00100e6c
           1404	       698	001000b4	04070e63	beq	x14,x0,100110	 x14:0x00000000  x0:0x00000000
           1408	       700	00100110	00000513	addi	x10,x0,0	  x0:0x00000000 x10=0x00000000
           1418	       705	00100114	00008067	jalr	x0,0(x1)	  x1:0x00100e6c  x0=0x00000000
           1420	       706	00100e6c	d01477d3	fcvt.s.wu	f15,x8	  x8:0x00000257 f15=0x00000000
           1422	       707	00100e70	001027b7	lui	x15,0x102	 x15=0x00102000
           1424	       708	00100e74	9287a087	flw	f1,-1752(x15)	 f15:0x00102000  f1=0x00000000 PA:0x00101928 store:0x4415c77d
           1426	       709	00100e78	08f47053	fsub.s	f0,f8,f15	  f8:0x00000257 f15:0x00102000  f0=0x00000000
           1434	       713	00100e7c	01812403	lw	x8,24(x2)	  x2:0x00137f80  x8=0x00102000 PA:0x00137f98 store:0x00000000
           1436	       714	00100e80	01c12083	lw	x1,28(x2)	  x2:0x00137f80  x1=0x00101040 PA:0x00137f9c store:0x00020000
           1438	       715	00100e84	00c12407	flw	f8,12(x2)	  f2:0x00137f80  f8=0x00000000 PA:0x00137f8c store:0x00000000
           1440	       716	00100e88	10107153	fmul.s	f2,f0,f1	  f0:0x00000000  f1:0x00101040  f2=0x00000000
           1442	       717	00100e8c	02010113	addi	x2,x2,32	  x2:0x00137f80  x2=0x00137fa0
           1444	       718	00100e90	c0111553	fcvt.wu.s	x10,f2	  f2:0x00137fa0 x10=0x00002db4
           1446	       719	00100e94	a8cff06f	jal	x0,100120	  x0=0x00000000
           1448	       720	00100120	01c55793	srli	x15,x10,0x1c	 x10:0x00002db4 x15=0x00000000
           1450	       721	00100124	00900713	addi	x14,x0,9	  x0:0x00000000 x14=0x00000009
           1452	       722	00100128	0cf77a63	bgeu	x14,x15,1001fc	 x14:0x00000009 x15:0x00000000
           1454	       723	001001fc	03078393	addi	x7,x15,48	 x15:0x00000000  x7=0x00000030
           1456	       724	00100200	000205b7	lui	x11,0x20	 x11=0x00020000
           1458	       725	00100204	00451613	slli	x12,x10,0x4	 x10:0x00002db4 x12=0x0002db40
           1462	       727	00100208	0075a023	sw	x7,0(x11)	 x11:0x00020000  x7:0x00000030 PA:0x00020000 store:0x00000030 load:0x00000000
           1464	       728	0010020c	01c65693	srli	x13,x12,0x1c	 x12:0x0002db40 x13=0x00000000
           1466	       729	00100210	00900813	addi	x16,x0,9	  x0:0x00000000 x16=0x00000009
           1468	       730	00100214	f2d86ae3	bltu	x16,x13,100148	 x16:0x00000009 x13:0x00000000
           1470	       731	00100218	03068e93	addi	x29,x13,48	 x13:0x00000000 x29=0x00000030
           1472	       732	0010021c	00020f37	lui	x30,0x20	 x30=0x00020000
           1474	       733	00100220	00851f93	slli	x31,x10,0x8	 x10:0x00002db4 x31=0x002db400
           1478	       735	00100224	01df2023	sw	x29,0(x30)	 x30:0x00020000 x29:0x00000030 PA:0x00020000 store:0x00000030 load:0x00000000
           1480	       736	00100228	01cfd793	srli	x15,x31,0x1c	 x31:0x002db400 x15=0x00000000
           1482	       737	0010022c	00900713	addi	x14,x0,9	  x0:0x00000000 x14=0x00000009
           1484	       738	00100230	f2f76ae3	bltu	x14,x15,100164	 x14:0x00000009 x15:0x00000000
           1486	       739	00100234	03078393	addi	x7,x15,48	 x15:0x00000000  x7=0x00000030
           1488	       740	00100238	000205b7	lui	x11,0x20	 x11=0x00020000
           1490	       741	0010023c	00c51613	slli	x12,x10,0xc	 x10:0x00002db4 x12=0x02db4000
           1494	       743	00100240	0075a023	sw	x7,0(x11)	 x11:0x00020000  x7:0x00000030 PA:0x00020000 store:0x00000030 load:0x00000000
           1496	       744	00100244	01c65693	srli	x13,x12,0x1c	 x12:0x02db4000 x13=0x00000000
           1498	       745	00100248	00900813	addi	x16,x0,9	  x0:0x00000000 x16=0x00000009
           1500	       746	0010024c	f2d86ae3	bltu	x16,x13,100180	 x16:0x00000009 x13:0x00000000
           1502	       747	00100250	03068e93	addi	x29,x13,48	 x13:0x00000000 x29=0x00000030
           1504	       748	00100254	00020f37	lui	x30,0x20	 x30=0x00020000
           1506	       749	00100258	01051f93	slli	x31,x10,0x10	 x10:0x00002db4 x31=0x2db40000
           1510	       751	0010025c	01df2023	sw	x29,0(x30)	 x30:0x00020000 x29:0x00000030 PA:0x00020000 store:0x00000030 load:0x00000000
           1512	       752	00100260	01cfd793	srli	x15,x31,0x1c	 x31:0x2db40000 x15=0x00000002
           1514	       753	00100264	00900713	addi	x14,x0,9	  x0:0x00000000 x14=0x00000009
           1516	       754	00100268	f2f76ae3	bltu	x14,x15,10019c	 x14:0x00000009 x15:0x00000002
           1518	       755	0010026c	03078393	addi	x7,x15,48	 x15:0x00000002  x7=0x00000032
           1520	       756	00100270	000205b7	lui	x11,0x20	 x11=0x00020000
           1522	       757	00100274	01451613	slli	x12,x10,0x14	 x10:0x00002db4 x12=0xdb400000
           1526	       759	00100278	0075a023	sw	x7,0(x11)	 x11:0x00020000  x7:0x00000032 PA:0x00020000 store:0x00000032 load:0x00000000
           1528	       760	0010027c	01c65693	srli	x13,x12,0x1c	 x12:0xdb400000 x13=0x0000000d
           1530	       761	00100280	00900813	addi	x16,x0,9	  x0:0x00000000 x16=0x00000009
           1534	       763	00100284	f2d86ae3	bltu	x16,x13,1001b8	 x16:0x00000009 x13:0x0000000d
           1538	       765	001001b8	03768893	addi	x17,x13,55	 x13:0x0000000d x17=0x00000044
           1540	       766	001001bc	00020e37	lui	x28,0x20	 x28=0x00020000
           1542	       767	001001c0	01851f93	slli	x31,x10,0x18	 x10:0x00002db4 x31=0xb4000000
           1546	       769	001001c4	011e2023	sw	x17,0(x28)	 x28:0x00020000 x17:0x00000044 PA:0x00020000 store:0x00000044 load:0x00000000
           1548	       770	001001c8	01cfd793	srli	x15,x31,0x1c	 x31:0xb4000000 x15=0x0000000b
           1550	       771	001001cc	00900713	addi	x14,x0,9	  x0:0x00000000 x14=0x00000009
           1552	       772	001001d0	0cf77a63	bgeu	x14,x15,1002a4	 x14:0x00000009 x15:0x0000000b
           1554	       773	001001d4	03778293	addi	x5,x15,55	 x15:0x0000000b  x5=0x00000042
           1556	       774	001001d8	00020337	lui	x6,0x20	  x6=0x00020000
           1560	       776	001001dc	00532023	sw	x5,0(x6)	  x6:0x00020000  x5:0x00000042 PA:0x00020000 store:0x00000042 load:0x00000000
           1562	       777	001001e0	00f57513	andi	x10,x10,15	 x10:0x00002db4 x10=0x00000004
           1564	       778	001001e4	00900613	addi	x12,x0,9	  x0:0x00000000 x12=0x00000009
           1566	       779	001001e8	0ca66a63	bltu	x12,x10,1002bc	 x12:0x00000009 x10:0x00000004
           1568	       780	001001ec	03050893	addi	x17,x10,48	 x10:0x00000004 x17=0x00000034
           1570	       781	001001f0	00020e37	lui	x28,0x20	 x28=0x00020000
           1574	       783	001001f4	011e2023	sw	x17,0(x28)	 x28:0x00020000 x17:0x00000034 PA:0x00020000 store:0x00000034 load:0x00000000
           1584	       788	001001f8	00008067	jalr	x0,0(x1)	  x1:0x00101040  x0=0x00000000
           1586	       789	00101040	d1842587	flw	f11,-744(x8)	  f8:0x00102000 f11=0x00000000 PA:0x00101d18 store:0x00000000
           1588	       790	00101044	f00002d3	fmv.w.x	f5,x0	  x0:0x00000000  f5=0x00000000
           1590	       791	00101048	d1492607	flw	f12,-748(x18)	 f18:0x00102000 f12=0x00000000 PA:0x00101d14 store:0x00000000
           1592	       792	0010104c	d1c4a207	flw	f4,-740(x9)	  f9:0x00102000  f4=0x00000000 PA:0x00101d1c store:0x00000000
           1594	       793	00101050	d1842687	flw	f13,-744(x8)	  f8:0x00102000 f13=0x00000000 PA:0x00101d18 store:0x00000000
           1596	       794	00101054	60b2f343	fmadd.s	f6,f5,f11,f12	  f5:0x00000042 f11:0x00020000 f12:0x00000042  f6=0x00000000
           1598	       795	00101058	00100313	addi	x6,x0,1	  x0:0x00000000  x6=0x00000001
           1600	       796	0010105c	00d273d3	fadd.s	f7,f4,f13	  f4:0x00000000 f13:0x0000000d  f7=0x00000000
           1602	       797	00101060	d1842407	flw	f8,-744(x8)	  f8:0x00102000  f8=0x00000000 PA:0x00101d18 store:0x00000000
           1604	       798	00101064	d00378d3	fcvt.s.w	f17,x6	  x6:0x00000001 f17=0x00000000
           1606	       799	00101068	d0692a27	fsw	f6,-748(x18)	 f18:0x00102000  f6:0x00000001 PA:0x00101d14 store:0x00000000 load:0x3f7d1f60
           1608	       800	0010106c	d1492487	flw	f9,-748(x18)	 f18:0x00102000  f9=0x00000000 PA:0x00101d14 store:0x00000000
           1610	       801	00101070	d074ae27	fsw	f7,-740(x9)	  f9:0x00102000  f7:0x00000032 PA:0x00101d1c store:0x441606c5 load:0x00000000
           1612	       802	00101074	d1c4a507	flw	f10,-740(x9)	  f9:0x00102000 f10=0x00000000 PA:0x00101d1c store:0x00000000
           1614	       803	00101078	d1842807	flw	f16,-744(x8)	  f8:0x00102000 f16=0x00000000 PA:0x00101d18 store:0x00000000
           1616	       804	0010107c	4888f943	fmadd.s	f18,f17,f8,f9	 f17:0x00000034  f8:0x00102000  f9:0x00000034 f18=0x00000000
           1618	       805	00101080	06400393	addi	x7,x0,100	  x0:0x00000000  x7=0x00000064
           1620	       806	00101084	010579d3	fadd.s	f19,f10,f16	 f10:0x00000004 f16:0x00000009 f19=0x00000000
           1622	       807	00101088	d1292a27	fsw	f18,-748(x18)	 f18:0x00102000 f18:0x00102000 PA:0x00101d14 store:0x3f7d1f60 load:0x3f7d1f60
           1624	       808	0010108c	d134ae27	fsw	f19,-740(x9)	  f9:0x00102000 f19:0x00000000 PA:0x00101d1c store:0x4416460d load:0x3f7d1f60
           1626	       809	00101090	d1842a07	flw	f20,-744(x8)	  f8:0x00102000 f20=0x00000000 PA:0x00101d18 store:0x00000000
           1628	       810	00101094	d00a7ad3	fcvt.s.w	f21,x20	 x20:0x00000002 f21=0x00000000
           1630	       811	00101098	d1492e07	flw	f28,-748(x18)	 f18:0x00102000 f28=0x00000000 PA:0x00101d14 store:0x3f7d1f60
           1632	       812	0010109c	001a0093	addi	x1,x20,1	 x20:0x00000002  x1=0x00000003
           1634	       813	001010a0	d1c4ae87	flw	f29,-740(x9)	  f9:0x00102000 f29=0x00000000 PA:0x00101d1c store:0x3f7d1f60
           1636	       814	001010a4	e14aff43	fmadd.s	f30,f21,f20,f28	 f21:0x00000000 f20:0x00000002 f28:0x00000000 f30=0x00000000
           1638	       815	001010a8	d1842f87	flw	f31,-744(x8)	  f8:0x00102000 f31=0x00000000 PA:0x00101d18 store:0x00000000
           1640	       816	001010ac	d000f053	fcvt.s.w	f0,x1	  x1:0x00000003  f0=0x00000000
           1642	       817	001010b0	d1842087	flw	f1,-744(x8)	  f8:0x00102000  f1=0x00000000 PA:0x00101d18 store:0x00000000
           1644	       818	001010b4	01fef153	fadd.s	f2,f29,f31	 f29:0x00000030 f31:0xb4000000  f2=0x00000000
           1646	       819	001010b8	d1e92a27	fsw	f30,-748(x18)	 f18:0x00102000 f30:0x00020000 PA:0x00101d14 store:0x403dd788 load:0x3f7d1f60
           1648	       820	001010bc	d1492707	flw	f14,-748(x18)	 f18:0x00102000 f14=0x00000000 PA:0x00101d14 store:0x3f7d1f60
           1650	       821	001010c0	002a0593	addi	x11,x20,2	 x20:0x00000002 x11=0x00000004
           1652	       822	001010c4	d005f7d3	fcvt.s.w	f15,x11	 x11:0x00000004 f15=0x00000000
           1654	       823	001010c8	701071c3	fmadd.s	f3,f0,f1,f14	  f0:0x00000000  f1:0x00000003 f14:0x00000000  f3=0x00000000
           1656	       824	001010cc	d024ae27	fsw	f2,-740(x9)	  f9:0x00102000  f2:0x00137fa0 PA:0x00101d1c store:0x44168555 load:0x403dd788
           1658	       825	001010d0	d1c4a207	flw	f4,-740(x9)	  f9:0x00102000  f4=0x00000000 PA:0x00101d1c store:0x3f7d1f60
           1660	       826	001010d4	d1842587	flw	f11,-744(x8)	  f8:0x00102000 f11=0x00000000 PA:0x00101d18 store:0x00000000
           1662	       827	001010d8	d1842607	flw	f12,-744(x8)	  f8:0x00102000 f12=0x00000000 PA:0x00101d18 store:0x00000000
           1664	       828	001010dc	d0392a27	fsw	f3,-748(x18)	 f18:0x00102000  f3:0x00000000 PA:0x00101d14 store:0x40bdd788 load:0x3f7d1f60
           1666	       829	001010e0	d1492287	flw	f5,-748(x18)	 f18:0x00102000  f5=0x00000000 PA:0x00101d14 store:0x3f7d1f60
           1668	       830	001010e4	00b276d3	fadd.s	f13,f4,f11	  f4:0x00000000 f11:0x00000004 f13=0x00000000
           1670	       831	001010e8	003a0613	addi	x12,x20,3	 x20:0x00000002 x12=0x00000005
           1672	       832	001010ec	28c7f343	fmadd.s	f6,f15,f12,f5	 f15:0x0000000b f12:0x00000005  f5:0x0000000b  f6=0x00000000
           1674	       833	001010f0	d00673d3	fcvt.s.w	f7,x12	 x12:0x00000005  f7=0x00000000
           1676	       834	001010f4	004a0813	addi	x16,x20,4	 x20:0x00000002 x16=0x00000006
           1678	       835	001010f8	d0d4ae27	fsw	f13,-740(x9)	  f9:0x00102000 f13:0x0000000d PA:0x00101d1c store:0x4416c49d load:0x40bdd788
           1680	       836	001010fc	d1c4a407	flw	f8,-740(x9)	  f9:0x00102000  f8=0x00000000 PA:0x00101d1c store:0x3f7d1f60
           1682	       837	00101100	d0692a27	fsw	f6,-748(x18)	 f18:0x00102000  f6:0x00000001 PA:0x00101d14 store:0x411e339c load:0x4416c49d
           1684	       838	00101104	d1842487	flw	f9,-744(x8)	  f8:0x00102000  f9=0x00000000 PA:0x00101d18 store:0x00000000
           1686	       839	00101108	d1842507	flw	f10,-744(x8)	  f8:0x00102000 f10=0x00000000 PA:0x00101d18 store:0x00000000
           1688	       840	0010110c	d1492807	flw	f16,-748(x18)	 f18:0x00102000 f16=0x00000000 PA:0x00101d14 store:0x3f7d1f60
           1690	       841	00101110	009478d3	fadd.s	f17,f8,f9	  f8:0x00102000  f9:0x00102000 f17=0x00000000
           1692	       842	00101114	d0087953	fcvt.s.w	f18,x16	 x16:0x00000006 f18=0x00000000
           1694	       843	00101118	80a3f9c3	fmadd.s	f19,f7,f10,f16	  f7:0x00000064 f10:0x00000004 f16:0x00000064 f19=0x00000000
           1696	       844	0010111c	005a0893	addi	x17,x20,5	 x20:0x00000002 x17=0x00000007
           1698	       845	00101120	d008fa53	fcvt.s.w	f20,x17	 x17:0x00000007 f20=0x00000000
           1700	       846	00101124	d114ae27	fsw	f17,-740(x9)	  f9:0x00102000 f17:0x00000007 PA:0x00101d1c store:0x441703e5 load:0x411e339c
           1702	       847	00101128	d1c4aa87	flw	f21,-740(x9)	  f9:0x00102000 f21=0x00000000 PA:0x00101d1c store:0x3f7d1f60
           1704	       848	0010112c	d1392a27	fsw	f19,-748(x18)	 f18:0x00102000 f19:0x00000000 PA:0x00101d14 store:0x416d4d6a load:0x441703e5
           1706	       849	00101130	d1842e07	flw	f28,-744(x8)	  f8:0x00102000 f28=0x00000000 PA:0x00101d18 store:0x00000000
           1708	       850	00101134	d1842e87	flw	f29,-744(x8)	  f8:0x00102000 f29=0x00000000 PA:0x00101d18 store:0x00000000
           1710	       851	00101138	d1492f07	flw	f30,-748(x18)	 f18:0x00102000 f30=0x00000000 PA:0x00101d14 store:0x40e00000
           1712	       852	0010113c	01caffd3	fadd.s	f31,f21,f28	 f21:0x00000000 f28:0x00020000 f31=0x00000000
           1714	       853	00101140	006a0993	addi	x19,x20,6	 x20:0x00000002 x19=0x00000008
           1716	       854	00101144	f1d97043	fmadd.s	f0,f18,f29,f30	 f18:0x00102000 f29:0x00000030 f30:0x00102000  f0=0x00000000
           1718	       855	00101148	d009f0d3	fcvt.s.w	f1,x19	 x19:0x00000008  f1=0x00000000
           1720	       856	0010114c	007a0a13	addi	x20,x20,7	 x20:0x00000002 x20=0x00000009
           1722	       857	00101150	d1f4ae27	fsw	f31,-740(x9)	  f9:0x00102000 f31:0xb4000000 PA:0x00101d1c store:0x4417432d load:0x416d4d6a
           1724	       858	00101154	d1c4a107	flw	f2,-740(x9)	  f9:0x00102000  f2=0x00000000 PA:0x00101d1c store:0x3f7d1f60
           1726	       859	00101158	d0092a27	fsw	f0,-748(x18)	 f18:0x00102000  f0:0x00000000 PA:0x00101d14 store:0x41a61c97 load:0x4417432d
           1728	       860	0010115c	d1842707	flw	f14,-744(x8)	  f8:0x00102000 f14=0x00000000 PA:0x00101d18 store:0x00000000
           1730	       861	00101160	d1842787	flw	f15,-744(x8)	  f8:0x00102000 f15=0x00000000 PA:0x00101d18 store:0x00000000
           1732	       862	00101164	d1492187	flw	f3,-748(x18)	 f18:0x00102000  f3=0x00000000 PA:0x00101d14 store:0x40e00000
           1734	       863	00101168	00e17253	fadd.s	f4,f2,f14	  f2:0x00137fa0 f14:0x00000009  f4=0x00000000
           1736	       864	0010116c	18fa75c3	fmadd.s	f11,f20,f15,f3	 f20:0x00000009 f15:0x0000000b  f3:0x00000009 f11=0x00000000
           1738	       865	00101170	d044ae27	fsw	f4,-740(x9)	  f9:0x00102000  f4:0x00000000 PA:0x00101d1c store:0x44178275 load:0x41a61c97
           1740	       866	00101174	d0b92a27	fsw	f11,-748(x18)	 f18:0x00102000 f11:0x00000004 PA:0x00101d14 store:0x41dd7b74 load:0x41a61c97
           1742	       867	00101178	d1c4a287	flw	f5,-740(x9)	  f9:0x00102000  f5=0x00000000 PA:0x00101d1c store:0x3f7d1f60
           1744	       868	0010117c	d1842307	flw	f6,-744(x8)	  f8:0x00102000  f6=0x00000000 PA:0x00101d18 store:0x00000000
           1746	       869	00101180	d1842607	flw	f12,-744(x8)	  f8:0x00102000 f12=0x00000000 PA:0x00101d18 store:0x00000000
           1748	       870	00101184	d1492687	flw	f13,-748(x18)	 f18:0x00102000 f13=0x00000000 PA:0x00101d14 store:0x40e00000
           1750	       871	00101188	0062f3d3	fadd.s	f7,f5,f6	  f5:0x00000042  f6:0x00000001  f7=0x00000000
           1752	       872	0010118c	68c0f443	fmadd.s	f8,f1,f12,f13	  f1:0x00000003 f12:0x00000005 f13:0x00000003  f8=0x00000000
           1754	       873	00101190	d074ae27	fsw	f7,-740(x9)	  f9:0x00102000  f7:0x00000064 PA:0x00101d1c store:0x4417c1bd load:0x41dd7b74
           1756	       874	00101194	d1c4a487	flw	f9,-740(x9)	  f9:0x00102000  f9=0x00000000 PA:0x00101d1c store:0x3f7d1f60
           1758	       875	00101198	d1842507	flw	f10,-744(x8)	  f8:0x00102000 f10=0x00000000 PA:0x00101d18 store:0x00000000
           1760	       876	0010119c	d0892a27	fsw	f8,-748(x18)	 f18:0x00102000  f8:0x00102000 PA:0x00101d14 store:0x420e61a6 load:0x3f7d1f60
           1762	       877	001011a0	00a4f853	fadd.s	f16,f9,f10	  f9:0x00102000 f10:0x00000004 f16=0x00000000
           1764	       878	001011a4	d104ae27	fsw	f16,-740(x9)	  f9:0x00102000 f16:0x00000006 PA:0x00101d1c store:0x44180105 load:0x3f7d1f60
           1770	       881	001011a8	ee7a14e3	bne	x20,x7,101090	 x20:0x00000009  x7:0x00000064
           1772	       882	00101090	d1842a07	flw	f20,-744(x8)	  f8:0x00102000 f20=0x00000000 PA:0x00101d18 store:0x00000000
           1774	       883	00101094	d00a7ad3	fcvt.s.w	f21,x20	 x20:0x00000009 f21=0x00000000
           1776	       884	00101098	d1492e07	flw	f28,-748(x18)	 f18:0x00102000 f28=0x00000000 PA:0x00101d14 store:0x3f7d1f60
           1778	       885	0010109c	001a0093	addi	x1,x20,1	 x20:0x00000009  x1=0x0000000a
           1780	       886	001010a0	d1c4ae87	flw	f29,-740(x9)	  f9:0x00102000 f29=0x00000000 PA:0x00101d1c store:0x420e61a6
           1782	       887	001010a4	e14aff43	fmadd.s	f30,f21,f20,f28	 f21:0x00000000 f20:0x00000009 f28:0x00000000 f30=0x00000000
           1784	       888	001010a8	d1842f87	flw	f31,-744(x8)	  f8:0x00102000 f31=0x00000000 PA:0x00101d18 store:0x00000000
           1786	       889	001010ac	d000f053	fcvt.s.w	f0,x1	  x1:0x0000000a  f0=0x00000000
           1788	       890	001010b0	d1842087	flw	f1,-744(x8)	  f8:0x00102000  f1=0x00000000 PA:0x00101d18 store:0x00000000
           1790	       891	001010b4	01fef153	fadd.s	f2,f29,f31	 f29:0x00000030 f31:0xb4000000  f2=0x00000000
           1792	       892	001010b8	d1e92a27	fsw	f30,-748(x18)	 f18:0x00102000 f30:0x00020000 PA:0x00101d14 store:0x4231fa10 load:0x3f7d1f60
           1794	       893	001010bc	d1492707	flw	f14,-748(x18)	 f18:0x00102000 f14=0x00000000 PA:0x00101d14 store:0x3f7d1f60
           1796	       894	001010c0	002a0593	addi	x11,x20,2	 x20:0x00000009 x11=0x0000000b
           1798	       895	001010c4	d005f7d3	fcvt.s.w	f15,x11	 x11:0x0000000b f15=0x00000000
           1800	       896	001010c8	701071c3	fmadd.s	f3,f0,f1,f14	  f0:0x00000000  f1:0x0000000a f14:0x00000000  f3=0x00000000
           1802	       897	001010cc	d024ae27	fsw	f2,-740(x9)	  f9:0x00102000  f2:0x00137fa0 PA:0x00101d1c store:0x4418404d load:0x4231fa10
           1804	       898	001010d0	d1c4a207	flw	f4,-740(x9)	  f9:0x00102000  f4=0x00000000 PA:0x00101d1c store:0x420e61a6
           1806	       899	001010d4	d1842587	flw	f11,-744(x8)	  f8:0x00102000 f11=0x00000000 PA:0x00101d18 store:0x00000000
           1808	       900	001010d8	d1842607	flw	f12,-744(x8)	  f8:0x00102000 f12=0x00000000 PA:0x00101d18 store:0x00000000
           1810	       901	001010dc	d0392a27	fsw	f3,-748(x18)	 f18:0x00102000  f3:0x00000000 PA:0x00101d14 store:0x425986f7 load:0x3f7d1f60
           1812	       902	001010e0	d1492287	flw	f5,-748(x18)	 f18:0x00102000  f5=0x00000000 PA:0x00101d14 store:0x3f7d1f60
           1814	       903	001010e4	00b276d3	fadd.s	f13,f4,f11	  f4:0x00000000 f11:0x0000000b f13=0x00000000
           1816	       904	001010e8	003a0613	addi	x12,x20,3	 x20:0x00000009 x12=0x0000000c
           1818	       905	001010ec	28c7f343	fmadd.s	f6,f15,f12,f5	 f15:0x0000000b f12:0x0000000c  f5:0x0000000b  f6=0x00000000
           1820	       906	001010f0	d00673d3	fcvt.s.w	f7,x12	 x12:0x0000000c  f7=0x00000000
           1822	       907	001010f4	004a0813	addi	x16,x20,4	 x20:0x00000009 x16=0x0000000d
           1824	       908	001010f8	d0d4ae27	fsw	f13,-740(x9)	  f9:0x00102000 f13:0x0000000d PA:0x00101d1c store:0x44187f95 load:0x425986f7
           1826	       909	001010fc	d1c4a407	flw	f8,-740(x9)	  f9:0x00102000  f8=0x00000000 PA:0x00101d1c store:0x420e61a6
           1828	       910	00101100	d0692a27	fsw	f6,-748(x18)	 f18:0x00102000  f6:0x00000001 PA:0x00101d14 store:0x4282842e load:0x44187f95
           1830	       911	00101104	d1842487	flw	f9,-744(x8)	  f8:0x00102000  f9=0x00000000 PA:0x00101d18 store:0x00000000
           1832	       912	00101108	d1842507	flw	f10,-744(x8)	  f8:0x00102000 f10=0x00000000 PA:0x00101d18 store:0x00000000
           1834	       913	0010110c	d1492807	flw	f16,-748(x18)	 f18:0x00102000 f16=0x00000000 PA:0x00101d14 store:0x3f7d1f60
           1836	       914	00101110	009478d3	fadd.s	f17,f8,f9	  f8:0x00102000  f9:0x00102000 f17=0x00000000
           1838	       915	00101114	d0087953	fcvt.s.w	f18,x16	 x16:0x0000000d f18=0x00000000
           1840	       916	00101118	80a3f9c3	fmadd.s	f19,f7,f10,f16	  f7:0x00000064 f10:0x00000004 f16:0x00000064 f19=0x00000000
           1842	       917	0010111c	005a0893	addi	x17,x20,5	 x20:0x00000009 x17=0x0000000e
           1844	       918	00101120	d008fa53	fcvt.s.w	f20,x17	 x17:0x0000000e f20=0x00000000
           1846	       919	00101124	d114ae27	fsw	f17,-740(x9)	  f9:0x00102000 f17:0x0000000e PA:0x00101d1c store:0x4418bedd load:0x4282842e
           1848	       920	00101128	d1c4aa87	flw	f21,-740(x9)	  f9:0x00102000 f21=0x00000000 PA:0x00101d1c store:0x420e61a6
           1850	       921	0010112c	d1392a27	fsw	f19,-748(x18)	 f18:0x00102000 f19:0x00000008 PA:0x00101d14 store:0x429a3f1f load:0x4418bedd
           1852	       922	00101130	d1842e07	flw	f28,-744(x8)	  f8:0x00102000 f28=0x00000000 PA:0x00101d18 store:0x00000000
           1854	       923	00101134	d1842e87	flw	f29,-744(x8)	  f8:0x00102000 f29=0x00000000 PA:0x00101d18 store:0x00000000
           1856	       924	00101138	d1492f07	flw	f30,-748(x18)	 f18:0x00102000 f30=0x00000000 PA:0x00101d14 store:0x41600000
           1858	       925	0010113c	01caffd3	fadd.s	f31,f21,f28	 f21:0x00000000 f28:0x00020000 f31=0x00000000
           1860	       926	00101140	006a0993	addi	x19,x20,6	 x20:0x00000009 x19=0x0000000f
           1862	       927	00101144	f1d97043	fmadd.s	f0,f18,f29,f30	 f18:0x00102000 f29:0x00000030 f30:0x00102000  f0=0x00000000
           1864	       928	00101148	d009f0d3	fcvt.s.w	f1,x19	 x19:0x0000000f  f1=0x00000000
           1866	       929	0010114c	007a0a13	addi	x20,x20,7	 x20:0x00000009 x20=0x00000010
           1868	       930	00101150	d1f4ae27	fsw	f31,-740(x9)	  f9:0x00102000 f31:0xb4000000 PA:0x00101d1c store:0x4418fe25 load:0x429a3f1f
           1870	       931	00101154	d1c4a107	flw	f2,-740(x9)	  f9:0x00102000  f2=0x00000000 PA:0x00101d1c store:0x3f7d1f60
           1872	       932	00101158	d0092a27	fsw	f0,-748(x18)	 f18:0x00102000  f0:0x00000000 PA:0x00101d14 store:0x42b3f44f load:0x4418fe25
           1874	       933	0010115c	d1842707	flw	f14,-744(x8)	  f8:0x00102000 f14=0x00000000 PA:0x00101d18 store:0x00000000
           1876	       934	00101160	d1842787	flw	f15,-744(x8)	  f8:0x00102000 f15=0x00000000 PA:0x00101d18 store:0x00000000
           1878	       935	00101164	d1492187	flw	f3,-748(x18)	 f18:0x00102000  f3=0x00000000 PA:0x00101d14 store:0x41600000
           1880	       936	00101168	00e17253	fadd.s	f4,f2,f14	  f2:0x00137fa0 f14:0x00000009  f4=0x00000000
           1882	       937	0010116c	18fa75c3	fmadd.s	f11,f20,f15,f3	 f20:0x00000010 f15:0x0000000b  f3:0x00000010 f11=0x00000000
           1884	       938	00101170	d044ae27	fsw	f4,-740(x9)	  f9:0x00102000  f4:0x00000000 PA:0x00101d1c store:0x44193d6d load:0x42b3f44f
           1886	       939	00101174	d0b92a27	fsw	f11,-748(x18)	 f18:0x00102000 f11:0x0000000b PA:0x00101d14 store:0x42cfa3be load:0x42b3f44f
           1888	       940	00101178	d1c4a287	flw	f5,-740(x9)	  f9:0x00102000  f5=0x00000000 PA:0x00101d1c store:0x3f7d1f60
           1890	       941	0010117c	d1842307	flw	f6,-744(x8)	  f8:0x00102000  f6=0x00000000 PA:0x00101d18 store:0x00000000
           1892	       942	00101180	d1842607	flw	f12,-744(x8)	  f8:0x00102000 f12=0x00000000 PA:0x00101d18 store:0x00000000
           1894	       943	00101184	d1492687	flw	f13,-748(x18)	 f18:0x00102000 f13=0x00000000 PA:0x00101d14 store:0x41600000
           1896	       944	00101188	0062f3d3	fadd.s	f7,f5,f6	  f5:0x00000042  f6:0x00000001  f7=0x00000000
           1898	       945	0010118c	68c0f443	fmadd.s	f8,f1,f12,f13	  f1:0x0000000a f12:0x0000000c f13:0x0000000a  f8=0x00000000
           1900	       946	00101190	d074ae27	fsw	f7,-740(x9)	  f9:0x00102000  f7:0x00000064 PA:0x00101d1c store:0x44197cb5 load:0x42cfa3be
           1902	       947	00101194	d1c4a487	flw	f9,-740(x9)	  f9:0x00102000  f9=0x00000000 PA:0x00101d1c store:0x3f7d1f60
           1904	       948	00101198	d1842507	flw	f10,-744(x8)	  f8:0x00102000 f10=0x00000000 PA:0x00101d18 store:0x00000000
           1906	       949	0010119c	d0892a27	fsw	f8,-748(x18)	 f18:0x00102000  f8:0x00102000 PA:0x00101d14 store:0x42ed4d6b load:0x3f7d1f60
           1908	       950	001011a0	00a4f853	fadd.s	f16,f9,f10	  f9:0x00102000 f10:0x00000004 f16=0x00000000
           1910	       951	001011a4	d104ae27	fsw	f16,-740(x9)	  f9:0x00102000 f16:0x0000000d PA:0x00101d1c store:0x4419bbfd load:0x3f7d1f60
           1916	       954	001011a8	ee7a14e3	bne	x20,x7,101090	 x20:0x00000010  x7:0x00000064
           1918	       955	00101090	d1842a07	flw	f20,-744(x8)	  f8:0x00102000 f20=0x00000000 PA:0x00101d18 store:0x00000000
           1920	       956	00101094	d00a7ad3	fcvt.s.w	f21,x20	 x20:0x00000010 f21=0x00000000
           1922	       957	00101098	d1492e07	flw	f28,-748(x18)	 f18:0x00102000 f28=0x00000000 PA:0x00101d14 store:0x3f7d1f60
           1924	       958	0010109c	001a0093	addi	x1,x20,1	 x20:0x00000010  x1=0x00000011
           1926	       959	001010a0	d1c4ae87	flw	f29,-740(x9)	  f9:0x00102000 f29=0x00000000 PA:0x00101d1c store:0x42ed4d6b
           1928	       960	001010a4	e14aff43	fmadd.s	f30,f21,f20,f28	 f21:0x00000000 f20:0x00000010 f28:0x00000000 f30=0x00000000
           1930	       961	001010a8	d1842f87	flw	f31,-744(x8)	  f8:0x00102000 f31=0x00000000 PA:0x00101d18 store:0x00000000
           1932	       962	001010ac	d000f053	fcvt.s.w	f0,x1	  x1:0x00000011  f0=0x00000000
           1934	       963	001010b0	d1842087	flw	f1,-744(x8)	  f8:0x00102000  f1=0x00000000 PA:0x00101d18 store:0x00000000
           1936	       964	001010b4	01fef153	fadd.s	f2,f29,f31	 f29:0x00000030 f31:0xb4000000  f2=0x00000000
           1938	       965	001010b8	d1e92a27	fsw	f30,-748(x18)	 f18:0x00102000 f30:0x00020000 PA:0x00101d14 store:0x430678ac load:0x3f7d1f60
           1940	       966	001010bc	d1492707	flw	f14,-748(x18)	 f18:0x00102000 f14=0x00000000 PA:0x00101d14 store:0x3f7d1f60
           1942	       967	001010c0	002a0593	addi	x11,x20,2	 x20:0x00000010 x11=0x00000012
           1944	       968	001010c4	d005f7d3	fcvt.s.w	f15,x11	 x11:0x00000012 f15=0x00000000
           1946	       969	001010c8	701071c3	fmadd.s	f3,f0,f1,f14	  f0:0x00000000  f1:0x00000011 f14:0x00000000  f3=0x00000000
           1948	       970	001010cc	d024ae27	fsw	f2,-740(x9)	  f9:0x00102000  f2:0x00137fa0 PA:0x00101d1c store:0x4419fb45 load:0x430678ac
           1950	       971	001010d0	d1c4a207	flw	f4,-740(x9)	  f9:0x00102000  f4=0x00000000 PA:0x00101d1c store:0x42ed4d6b
           1952	       972	001010d4	d1842587	flw	f11,-744(x8)	  f8:0x00102000 f11=0x00000000 PA:0x00101d18 store:0x00000000
           1954	       973	001010d8	d1842607	flw	f12,-744(x8)	  f8:0x00102000 f12=0x00000000 PA:0x00101d18 store:0x00000000
           1956	       974	001010dc	d0392a27	fsw	f3,-748(x18)	 f18:0x00102000  f3:0x00000000 PA:0x00101d14 store:0x431747c1 load:0x3f7d1f60
           1958	       975	001010e0	d1492287	flw	f5,-748(x18)	 f18:0x00102000  f5=0x00000000 PA:0x00101d14 store:0x3f7d1f60
           1960	       976	001010e4	00b276d3	fadd.s	f13,f4,f11	  f4:0x00000000 f11:0x00000012 f13=0x00000000
           1962	       977	001010e8	003a0613	addi	x12,x20,3	 x20:0x00000010 x12=0x00000013
           1964	       978	001010ec	28c7f343	fmadd.s	f6,f15,f12,f5	 f15:0x0000000b f12:0x00000013  f5:0x0000000b  f6=0x00000000
           1966	       979	001010f0	d00673d3	fcvt.s.w	f7,x12	 x12:0x00000013  f7=0x00000000
           1968	       980	001010f4	004a0813	addi	x16,x20,4	 x20:0x00000010 x16=0x00000014
           1970	       981	001010f8	d0d4ae27	fsw	f13,-740(x9)	  f9:0x00102000 f13:0x0000000d PA:0x00101d1c store:0x441a3a8d load:0x431747c1
           1972	       982	001010fc	d1c4a407	flw	f8,-740(x9)	  f9:0x00102000  f8=0x00000000 PA:0x00101d1c store:0x42ed4d6b
           1974	       983	00101100	d0692a27	fsw	f6,-748(x18)	 f18:0x00102000  f6:0x00000001 PA:0x00101d14 store:0x432913f6 load:0x441a3a8d
           1976	       984	00101104	d1842487	flw	f9,-744(x8)	  f8:0x00102000  f9=0x00000000 PA:0x00101d18 store:0x00000000
           1978	       985	00101108	d1842507	flw	f10,-744(x8)	  f8:0x00102000 f10=0x00000000 PA:0x00101d18 store:0x00000000
           1980	       986	0010110c	d1492807	flw	f16,-748(x18)	 f18:0x00102000 f16=0x00000000 PA:0x00101d14 store:0x3f7d1f60
           1982	       987	00101110	009478d3	fadd.s	f17,f8,f9	  f8:0x00102000  f9:0x00102000 f17=0x00000000
           1984	       988	00101114	d0087953	fcvt.s.w	f18,x16	 x16:0x00000014 f18=0x00000000
           1986	       989	00101118	80a3f9c3	fmadd.s	f19,f7,f10,f16	  f7:0x00000064 f10:0x00000004 f16:0x00000064 f19=0x00000000
           1988	       990	0010111c	005a0893	addi	x17,x20,5	 x20:0x00000010 x17=0x00000015
           1990	       991	00101120	d008fa53	fcvt.s.w	f20,x17	 x17:0x00000015 f20=0x00000000
           1992	       992	00101124	d114ae27	fsw	f17,-740(x9)	  f9:0x00102000 f17:0x00000015 PA:0x00101d1c store:0x441a79d5 load:0x432913f6
           1994	       993	00101128	d1c4aa87	flw	f21,-740(x9)	  f9:0x00102000 f21=0x00000000 PA:0x00101d1c store:0x42ed4d6b
           1996	       994	0010112c	d1392a27	fsw	f19,-748(x18)	 f18:0x00102000 f19:0x0000000f PA:0x00101d14 store:0x433bdd4a load:0x441a79d5
           1998	       995	00101130	d1842e07	flw	f28,-744(x8)	  f8:0x00102000 f28=0x00000000 PA:0x00101d18 store:0x00000000
           2000	       996	00101134	d1842e87	flw	f29,-744(x8)	  f8:0x00102000 f29=0x00000000 PA:0x00101d18 store:0x00000000
           2002	       997	00101138	d1492f07	flw	f30,-748(x18)	 f18:0x00102000 f30=0x00000000 PA:0x00101d14 store:0x41a80000
           2004	       998	0010113c	01caffd3	fadd.s	f31,f21,f28	 f21:0x00000000 f28:0x00020000 f31=0x00000000
           2006	       999	00101140	006a0993	addi	x19,x20,6	 x20:0x00000010 x19=0x00000016
           2008	      1000	00101144	f1d97043	fmadd.s	f0,f18,f29,f30	 f18:0x00102000 f29:0x00000030 f30:0x00102000  f0=0x00000000
           2010	      1001	00101148	d009f0d3	fcvt.s.w	f1,x19	 x19:0x00000016  f1=0x00000000
           2012	      1002	0010114c	007a0a13	addi	x20,x20,7	 x20:0x00000010 x20=0x00000017
           2014	      1003	00101150	d1f4ae27	fsw	f31,-740(x9)	  f9:0x00102000 f31:0xb4000000 PA:0x00101d1c store:0x441ab91d load:0x433bdd4a
           2016	      1004	00101154	d1c4a107	flw	f2,-740(x9)	  f9:0x00102000  f2=0x00000000 PA:0x00101d1c store:0x3f7d1f60
           2018	      1005	00101158	d0092a27	fsw	f0,-748(x18)	 f18:0x00102000  f0:0x00000000 PA:0x00101d14 store:0x434fa3be load:0x441ab91d
           2020	      1006	0010115c	d1842707	flw	f14,-744(x8)	  f8:0x00102000 f14=0x00000000 PA:0x00101d18 store:0x00000000
           2022	      1007	00101160	d1842787	flw	f15,-744(x8)	  f8:0x00102000 f15=0x00000000 PA:0x00101d18 store:0x00000000
           2024	      1008	00101164	d1492187	flw	f3,-748(x18)	 f18:0x00102000  f3=0x00000000 PA:0x00101d14 store:0x41a80000
           2026	      1009	00101168	00e17253	fadd.s	f4,f2,f14	  f2:0x00137fa0 f14:0x00000009  f4=0x00000000
           2028	      1010	0010116c	18fa75c3	fmadd.s	f11,f20,f15,f3	 f20:0x00000017 f15:0x0000000b  f3:0x00000017 f11=0x00000000
           2030	      1011	00101170	d044ae27	fsw	f4,-740(x9)	  f9:0x00102000  f4:0x00000000 PA:0x00101d1c store:0x441af865 load:0x434fa3be
           2032	      1012	00101174	d0b92a27	fsw	f11,-748(x18)	 f18:0x00102000 f11:0x00000012 PA:0x00101d14 store:0x43646751 load:0x434fa3be
           2034	      1013	00101178	d1c4a287	flw	f5,-740(x9)	  f9:0x00102000  f5=0x00000000 PA:0x00101d1c store:0x3f7d1f60
           2036	      1014	0010117c	d1842307	flw	f6,-744(x8)	  f8:0x00102000  f6=0x00000000 PA:0x00101d18 store:0x00000000
           2038	      1015	00101180	d1842607	flw	f12,-744(x8)	  f8:0x00102000 f12=0x00000000 PA:0x00101d18 store:0x00000000
           2040	      1016	00101184	d1492687	flw	f13,-748(x18)	 f18:0x00102000 f13=0x00000000 PA:0x00101d14 store:0x41a80000
           2042	      1017	00101188	0062f3d3	fadd.s	f7,f5,f6	  f5:0x00000042  f6:0x00000001  f7=0x00000000
           2044	      1018	0010118c	68c0f443	fmadd.s	f8,f1,f12,f13	  f1:0x00000011 f12:0x00000013 f13:0x00000011  f8=0x00000000
           2046	      1019	00101190	d074ae27	fsw	f7,-740(x9)	  f9:0x00102000  f7:0x00000064 PA:0x00101d1c store:0x441b37ad load:0x43646751
           2048	      1020	00101194	d1c4a487	flw	f9,-740(x9)	  f9:0x00102000  f9=0x00000000 PA:0x00101d1c store:0x3f7d1f60
           2050	      1021	00101198	d1842507	flw	f10,-744(x8)	  f8:0x00102000 f10=0x00000000 PA:0x00101d18 store:0x00000000
           2052	      1022	0010119c	d0892a27	fsw	f8,-748(x18)	 f18:0x00102000  f8:0x00102000 PA:0x00101d14 store:0x437a2803 load:0x3f7d1f60
           2054	      1023	001011a0	00a4f853	fadd.s	f16,f9,f10	  f9:0x00102000 f10:0x00000004 f16=0x00000000
           2056	      1024	001011a4	d104ae27	fsw	f16,-740(x9)	  f9:0x00102000 f16:0x00000014 PA:0x00101d1c store:0x441b76f5 load:0x3f7d1f60
           2062	      1027	001011a8	ee7a14e3	bne	x20,x7,101090	 x20:0x00000017  x7:0x00000064
           2064	      1028	00101090	d1842a07	flw	f20,-744(x8)	  f8:0x00102000 f20=0x00000000 PA:0x00101d18 store:0x00000000
           2066	      1029	00101094	d00a7ad3	fcvt.s.w	f21,x20	 x20:0x00000017 f21=0x00000000
           2068	      1030	00101098	d1492e07	flw	f28,-748(x18)	 f18:0x00102000 f28=0x00000000 PA:0x00101d14 store:0x3f7d1f60
           2070	      1031	0010109c	001a0093	addi	x1,x20,1	 x20:0x00000017  x1=0x00000018
           2072	      1032	001010a0	d1c4ae87	flw	f29,-740(x9)	  f9:0x00102000 f29=0x00000000 PA:0x00101d1c store:0x437a2803
           2074	      1033	001010a4	e14aff43	fmadd.s	f30,f21,f20,f28	 f21:0x00000000 f20:0x00000017 f28:0x00000000 f30=0x00000000
           2076	      1034	001010a8	d1842f87	flw	f31,-744(x8)	  f8:0x00102000 f31=0x00000000 PA:0x00101d18 store:0x00000000
           2078	      1035	001010ac	d000f053	fcvt.s.w	f0,x1	  x1:0x00000018  f0=0x00000000
           2080	      1036	001010b0	d1842087	flw	f1,-744(x8)	  f8:0x00102000  f1=0x00000000 PA:0x00101d18 store:0x00000000
           2082	      1037	001010b4	01fef153	fadd.s	f2,f29,f31	 f29:0x00000030 f31:0xb4000000  f2=0x00000000
           2084	      1038	001010b8	d1e92a27	fsw	f30,-748(x18)	 f18:0x00102000 f30:0x00020000 PA:0x00101d14 store:0x438872ea load:0x3f7d1f60
           2086	      1039	001010bc	d1492707	flw	f14,-748(x18)	 f18:0x00102000 f14=0x00000000 PA:0x00101d14 store:0x3f7d1f60
           2088	      1040	001010c0	002a0593	addi	x11,x20,2	 x20:0x00000017 x11=0x00000019
           2090	      1041	001010c4	d005f7d3	fcvt.s.w	f15,x11	 x11:0x00000019 f15=0x00000000
           2092	      1042	001010c8	701071c3	fmadd.s	f3,f0,f1,f14	  f0:0x00000000  f1:0x00000018 f14:0x00000000  f3=0x00000000
           2094	      1043	001010cc	d024ae27	fsw	f2,-740(x9)	  f9:0x00102000  f2:0x00137fa0 PA:0x00101d1c store:0x441bb63d load:0x438872ea
           2096	      1044	001010d0	d1c4a207	flw	f4,-740(x9)	  f9:0x00102000  f4=0x00000000 PA:0x00101d1c store:0x437a2803
           2098	      1045	001010d4	d1842587	flw	f11,-744(x8)	  f8:0x00102000 f11=0x00000000 PA:0x00101d18 store:0x00000000
           2100	      1046	001010d8	d1842607	flw	f12,-744(x8)	  f8:0x00102000 f12=0x00000000 PA:0x00101d18 store:0x00000000
           2102	      1047	001010dc	d0392a27	fsw	f3,-748(x18)	 f18:0x00102000  f3:0x00000000 PA:0x00101d14 store:0x43945062 load:0x3f7d1f60
           2104	      1048	001010e0	d1492287	flw	f5,-748(x18)	 f18:0x00102000  f5=0x00000000 PA:0x00101d14 store:0x3f7d1f60
           2106	      1049	001010e4	00b276d3	fadd.s	f13,f4,f11	  f4:0x00000000 f11:0x00000019 f13=0x00000000
           2108	      1050	001010e8	003a0613	addi	x12,x20,3	 x20:0x00000017 x12=0x0000001a
           2110	      1051	001010ec	28c7f343	fmadd.s	f6,f15,f12,f5	 f15:0x0000000b f12:0x0000001a  f5:0x0000000b  f6=0x00000000
           2112	      1052	001010f0	d00673d3	fcvt.s.w	f7,x12	 x12:0x0000001a  f7=0x00000000
           2114	      1053	001010f4	004a0813	addi	x16,x20,4	 x20:0x00000017 x16=0x0000001b
           2116	      1054	001010f8	d0d4ae27	fsw	f13,-740(x9)	  f9:0x00102000 f13:0x0000000d PA:0x00101d1c store:0x441bf585 load:0x43945062
           2118	      1055	001010fc	d1c4a407	flw	f8,-740(x9)	  f9:0x00102000  f8=0x00000000 PA:0x00101d1c store:0x437a2803
           2120	      1056	00101100	d0692a27	fsw	f6,-748(x18)	 f18:0x00102000  f6:0x00000001 PA:0x00101d14 store:0x43a0ac6a load:0x441bf585
           2122	      1057	00101104	d1842487	flw	f9,-744(x8)	  f8:0x00102000  f9=0x00000000 PA:0x00101d18 store:0x00000000
           2124	      1058	00101108	d1842507	flw	f10,-744(x8)	  f8:0x00102000 f10=0x00000000 PA:0x00101d18 store:0x00000000
           2126	      1059	0010110c	d1492807	flw	f16,-748(x18)	 f18:0x00102000 f16=0x00000000 PA:0x00101d14 store:0x3f7d1f60
           2128	      1060	00101110	009478d3	fadd.s	f17,f8,f9	  f8:0x00102000  f9:0x00102000 f17=0x00000000
           2130	      1061	00101114	d0087953	fcvt.s.w	f18,x16	 x16:0x0000001b f18=0x00000000
           2132	      1062	00101118	80a3f9c3	fmadd.s	f19,f7,f10,f16	  f7:0x00000064 f10:0x00000004 f16:0x00000064 f19=0x00000000
           2134	      1063	0010111c	005a0893	addi	x17,x20,5	 x20:0x00000017 x17=0x0000001c
           2136	      1064	00101120	d008fa53	fcvt.s.w	f20,x17	 x17:0x0000001c f20=0x00000000
           2138	      1065	00101124	d114ae27	fsw	f17,-740(x9)	  f9:0x00102000 f17:0x0000001c PA:0x00101d1c store:0x441c34cd load:0x43a0ac6a
           2140	      1066	00101128	d1c4aa87	flw	f21,-740(x9)	  f9:0x00102000 f21=0x00000000 PA:0x00101d1c store:0x437a2803
           2142	      1067	0010112c	d1392a27	fsw	f19,-748(x18)	 f18:0x00102000 f19:0x00000016 PA:0x00101d14 store:0x43ad8702 load:0x441c34cd
           2144	      1068	00101130	d1842e07	flw	f28,-744(x8)	  f8:0x00102000 f28=0x00000000 PA:0x00101d18 store:0x00000000
           2146	      1069	00101134	d1842e87	flw	f29,-744(x8)	  f8:0x00102000 f29=0x00000000 PA:0x00101d18 store:0x00000000
           2148	      1070	00101138	d1492f07	flw	f30,-748(x18)	 f18:0x00102000 f30=0x00000000 PA:0x00101d14 store:0x41e00000
           2150	      1071	0010113c	01caffd3	fadd.s	f31,f21,f28	 f21:0x00000000 f28:0x00020000 f31=0x00000000
           2152	      1072	00101140	006a0993	addi	x19,x20,6	 x20:0x00000017 x19=0x0000001d
           2154	      1073	00101144	f1d97043	fmadd.s	f0,f18,f29,f30	 f18:0x00102000 f29:0x00000030 f30:0x00102000  f0=0x00000000
           2156	      1074	00101148	d009f0d3	fcvt.s.w	f1,x19	 x19:0x0000001d  f1=0x00000000
           2158	      1075	0010114c	007a0a13	addi	x20,x20,7	 x20:0x00000017 x20=0x0000001e
           2160	      1076	00101150	d1f4ae27	fsw	f31,-740(x9)	  f9:0x00102000 f31:0xb4000000 PA:0x00101d1c store:0x441c7415 load:0x43ad8702
           2162	      1077	00101154	d1c4a107	flw	f2,-740(x9)	  f9:0x00102000  f2=0x00000000 PA:0x00101d1c store:0x3f7d1f60
           2164	      1078	00101158	d0092a27	fsw	f0,-748(x18)	 f18:0x00102000  f0:0x00000000 PA:0x00101d14 store:0x43bae02a load:0x441c7415
           2166	      1079	0010115c	d1842707	flw	f14,-744(x8)	  f8:0x00102000 f14=0x00000000 PA:0x00101d18 store:0x00000000
           2168	      1080	00101160	d1842787	flw	f15,-744(x8)	  f8:0x00102000 f15=0x00000000 PA:0x00101d18 store:0x00000000
           2170	      1081	00101164	d1492187	flw	f3,-748(x18)	 f18:0x00102000  f3=0x00000000 PA:0x00101d14 store:0x41e00000
           2172	      1082	00101168	00e17253	fadd.s	f4,f2,f14	  f2:0x00137fa0 f14:0x00000009  f4=0x00000000
           2174	      1083	0010116c	18fa75c3	fmadd.s	f11,f20,f15,f3	 f20:0x0000001e f15:0x0000000b  f3:0x0000001e f11=0x00000000
           2176	      1084	00101170	d044ae27	fsw	f4,-740(x9)	  f9:0x00102000  f4:0x00000000 PA:0x00101d1c store:0x441cb35d load:0x43bae02a
           2178	      1085	00101174	d0b92a27	fsw	f11,-748(x18)	 f18:0x00102000 f11:0x00000019 PA:0x00101d14 store:0x43c8b7e1 load:0x43bae02a
           2180	      1086	00101178	d1c4a287	flw	f5,-740(x9)	  f9:0x00102000  f5=0x00000000 PA:0x00101d1c store:0x3f7d1f60
           2182	      1087	0010117c	d1842307	flw	f6,-744(x8)	  f8:0x00102000  f6=0x00000000 PA:0x00101d18 store:0x00000000
           2184	      1088	00101180	d1842607	flw	f12,-744(x8)	  f8:0x00102000 f12=0x00000000 PA:0x00101d18 store:0x00000000
           2186	      1089	00101184	d1492687	flw	f13,-748(x18)	 f18:0x00102000 f13=0x00000000 PA:0x00101d14 store:0x41e00000
           2188	      1090	00101188	0062f3d3	fadd.s	f7,f5,f6	  f5:0x00000042  f6:0x00000001  f7=0x00000000
           2190	      1091	0010118c	68c0f443	fmadd.s	f8,f1,f12,f13	  f1:0x00000018 f12:0x0000001a f13:0x00000018  f8=0x00000000
           2192	      1092	00101190	d074ae27	fsw	f7,-740(x9)	  f9:0x00102000  f7:0x00000064 PA:0x00101d1c store:0x441cf2a5 load:0x43c8b7e1
           2194	      1093	00101194	d1c4a487	flw	f9,-740(x9)	  f9:0x00102000  f9=0x00000000 PA:0x00101d1c store:0x3f7d1f60
           2196	      1094	00101198	d1842507	flw	f10,-744(x8)	  f8:0x00102000 f10=0x00000000 PA:0x00101d18 store:0x00000000
           2198	      1095	0010119c	d0892a27	fsw	f8,-748(x18)	 f18:0x00102000  f8:0x00102000 PA:0x00101d14 store:0x43d70e28 load:0x3f7d1f60
           2200	      1096	001011a0	00a4f853	fadd.s	f16,f9,f10	  f9:0x00102000 f10:0x00000004 f16=0x00000000
           2202	      1097	001011a4	d104ae27	fsw	f16,-740(x9)	  f9:0x00102000 f16:0x0000001b PA:0x00101d1c store:0x441d31ed load:0x3f7d1f60
           2208	      1100	001011a8	ee7a14e3	bne	x20,x7,101090	 x20:0x0000001e  x7:0x00000064
           2210	      1101	00101090	d1842a07	flw	f20,-744(x8)	  f8:0x00102000 f20=0x00000000 PA:0x00101d18 store:0x00000000
           2212	      1102	00101094	d00a7ad3	fcvt.s.w	f21,x20	 x20:0x0000001e f21=0x00000000
           2214	      1103	00101098	d1492e07	flw	f28,-748(x18)	 f18:0x00102000 f28=0x00000000 PA:0x00101d14 store:0x3f7d1f60
           2216	      1104	0010109c	001a0093	addi	x1,x20,1	 x20:0x0000001e  x1=0x0000001f
           2218	      1105	001010a0	d1c4ae87	flw	f29,-740(x9)	  f9:0x00102000 f29=0x00000000 PA:0x00101d1c store:0x43d70e28
           2220	      1106	001010a4	e14aff43	fmadd.s	f30,f21,f20,f28	 f21:0x00000000 f20:0x0000001e f28:0x00000000 f30=0x00000000
           2222	      1107	001010a8	d1842f87	flw	f31,-744(x8)	  f8:0x00102000 f31=0x00000000 PA:0x00101d18 store:0x00000000
           2224	      1108	001010ac	d000f053	fcvt.s.w	f0,x1	  x1:0x0000001f  f0=0x00000000
           2226	      1109	001010b0	d1842087	flw	f1,-744(x8)	  f8:0x00102000  f1=0x00000000 PA:0x00101d18 store:0x00000000
           2228	      1110	001010b4	01fef153	fadd.s	f2,f29,f31	 f29:0x00000030 f31:0xb4000000  f2=0x00000000
           2230	      1111	001010b8	d1e92a27	fsw	f30,-748(x18)	 f18:0x00102000 f30:0x00020000 PA:0x00101d14 store:0x43e5e2ff load:0x3f7d1f60
           2232	      1112	001010bc	d1492707	flw	f14,-748(x18)	 f18:0x00102000 f14=0x00000000 PA:0x00101d14 store:0x3f7d1f60
           2234	      1113	001010c0	002a0593	addi	x11,x20,2	 x20:0x0000001e x11=0x00000020
           2236	      1114	001010c4	d005f7d3	fcvt.s.w	f15,x11	 x11:0x00000020 f15=0x00000000
           2238	      1115	001010c8	701071c3	fmadd.s	f3,f0,f1,f14	  f0:0x00000000  f1:0x0000001f f14:0x00000000  f3=0x00000000
           2240	      1116	001010cc	d024ae27	fsw	f2,-740(x9)	  f9:0x00102000  f2:0x00137fa0 PA:0x00101d1c store:0x441d7135 load:0x43e5e2ff
           2242	      1117	001010d0	d1c4a207	flw	f4,-740(x9)	  f9:0x00102000  f4=0x00000000 PA:0x00101d1c store:0x43d70e28
           2244	      1118	001010d4	d1842587	flw	f11,-744(x8)	  f8:0x00102000 f11=0x00000000 PA:0x00101d18 store:0x00000000
           2246	      1119	001010d8	d1842607	flw	f12,-744(x8)	  f8:0x00102000 f12=0x00000000 PA:0x00101d18 store:0x00000000
           2248	      1120	001010dc	d0392a27	fsw	f3,-748(x18)	 f18:0x00102000  f3:0x00000000 PA:0x00101d14 store:0x43f53665 load:0x3f7d1f60
           2250	      1121	001010e0	d1492287	flw	f5,-748(x18)	 f18:0x00102000  f5=0x00000000 PA:0x00101d14 store:0x3f7d1f60
           2252	      1122	001010e4	00b276d3	fadd.s	f13,f4,f11	  f4:0x00000000 f11:0x00000020 f13=0x00000000
           2254	      1123	001010e8	003a0613	addi	x12,x20,3	 x20:0x0000001e x12=0x00000021
           2256	      1124	001010ec	28c7f343	fmadd.s	f6,f15,f12,f5	 f15:0x0000000b f12:0x00000021  f5:0x0000000b  f6=0x00000000
           2258	      1125	001010f0	d00673d3	fcvt.s.w	f7,x12	 x12:0x00000021  f7=0x00000000
           2260	      1126	001010f4	004a0813	addi	x16,x20,4	 x20:0x0000001e x16=0x00000022
           2262	      1127	001010f8	d0d4ae27	fsw	f13,-740(x9)	  f9:0x00102000 f13:0x0000000d PA:0x00101d1c store:0x441db07d load:0x43f53665
           2264	      1128	001010fc	d1c4a407	flw	f8,-740(x9)	  f9:0x00102000  f8=0x00000000 PA:0x00101d1c store:0x43d70e28
           2266	      1129	00101100	d0692a27	fsw	f6,-748(x18)	 f18:0x00102000  f6:0x00000001 PA:0x00101d14 store:0x4402842e load:0x441db07d
           2268	      1130	00101104	d1842487	flw	f9,-744(x8)	  f8:0x00102000  f9=0x00000000 PA:0x00101d18 store:0x00000000
           2270	      1131	00101108	d1842507	flw	f10,-744(x8)	  f8:0x00102000 f10=0x00000000 PA:0x00101d18 store:0x00000000
           2272	      1132	0010110c	d1492807	flw	f16,-748(x18)	 f18:0x00102000 f16=0x00000000 PA:0x00101d14 store:0x3f7d1f60
           2274	      1133	00101110	009478d3	fadd.s	f17,f8,f9	  f8:0x00102000  f9:0x00102000 f17=0x00000000
           2276	      1134	00101114	d0087953	fcvt.s.w	f18,x16	 x16:0x00000022 f18=0x00000000
           2278	      1135	00101118	80a3f9c3	fmadd.s	f19,f7,f10,f16	  f7:0x00000064 f10:0x00000004 f16:0x00000064 f19=0x00000000
           2280	      1136	0010111c	005a0893	addi	x17,x20,5	 x20:0x0000001e x17=0x00000023
           2282	      1137	00101120	d008fa53	fcvt.s.w	f20,x17	 x17:0x00000023 f20=0x00000000
           2284	      1138	00101124	d114ae27	fsw	f17,-740(x9)	  f9:0x00102000 f17:0x00000023 PA:0x00101d1c store:0x441defc5 load:0x4402842e
           2286	      1139	00101128	d1c4aa87	flw	f21,-740(x9)	  f9:0x00102000 f21=0x00000000 PA:0x00101d1c store:0x43d70e28
           2288	      1140	0010112c	d1392a27	fsw	f19,-748(x18)	 f18:0x00102000 f19:0x0000001d PA:0x00101d14 store:0x440aac71 load:0x441defc5
           2290	      1141	00101130	d1842e07	flw	f28,-744(x8)	  f8:0x00102000 f28=0x00000000 PA:0x00101d18 store:0x00000000
           2292	      1142	00101134	d1842e87	flw	f29,-744(x8)	  f8:0x00102000 f29=0x00000000 PA:0x00101d18 store:0x00000000
           2294	      1143	00101138	d1492f07	flw	f30,-748(x18)	 f18:0x00102000 f30=0x00000000 PA:0x00101d14 store:0x420c0000
           2296	      1144	0010113c	01caffd3	fadd.s	f31,f21,f28	 f21:0x00000000 f28:0x00020000 f31=0x00000000
           2298	      1145	00101140	006a0993	addi	x19,x20,6	 x20:0x0000001e x19=0x00000024
           2300	      1146	00101144	f1d97043	fmadd.s	f0,f18,f29,f30	 f18:0x00102000 f29:0x00000030 f30:0x00102000  f0=0x00000000
           2302	      1147	00101148	d009f0d3	fcvt.s.w	f1,x19	 x19:0x00000024  f1=0x00000000
           2304	      1148	0010114c	007a0a13	addi	x20,x20,7	 x20:0x0000001e x20=0x00000025
           2306	      1149	00101150	d1f4ae27	fsw	f31,-740(x9)	  f9:0x00102000 f31:0xb4000000 PA:0x00101d1c store:0x441e2f0d load:0x440aac71
           2308	      1150	00101154	d1c4a107	flw	f2,-740(x9)	  f9:0x00102000  f2=0x00000000 PA:0x00101d1c store:0x3f7d1f60
           2310	      1151	00101158	d0092a27	fsw	f0,-748(x18)	 f18:0x00102000  f0:0x00000000 PA:0x00101d14 store:0x441313fc load:0x441e2f0d
           2312	      1152	0010115c	d1842707	flw	f14,-744(x8)	  f8:0x00102000 f14=0x00000000 PA:0x00101d18 store:0x00000000
           2314	      1153	00101160	d1842787	flw	f15,-744(x8)	  f8:0x00102000 f15=0x00000000 PA:0x00101d18 store:0x00000000
           2316	      1154	00101164	d1492187	flw	f3,-748(x18)	 f18:0x00102000  f3=0x00000000 PA:0x00101d14 store:0x420c0000
           2318	      1155	00101168	00e17253	fadd.s	f4,f2,f14	  f2:0x00137fa0 f14:0x00000009  f4=0x00000000
           2320	      1156	0010116c	18fa75c3	fmadd.s	f11,f20,f15,f3	 f20:0x00000025 f15:0x0000000b  f3:0x00000025 f11=0x00000000
           2322	      1157	00101170	d044ae27	fsw	f4,-740(x9)	  f9:0x00102000  f4:0x00000000 PA:0x00101d1c store:0x441e6e55 load:0x441313fc
           2324	      1158	00101174	d0b92a27	fsw	f11,-748(x18)	 f18:0x00102000 f11:0x00000020 PA:0x00101d14 store:0x441bbacf load:0x441313fc
           2326	      1159	00101178	d1c4a287	flw	f5,-740(x9)	  f9:0x00102000  f5=0x00000000 PA:0x00101d1c store:0x3f7d1f60
           2328	      1160	0010117c	d1842307	flw	f6,-744(x8)	  f8:0x00102000  f6=0x00000000 PA:0x00101d18 store:0x00000000
           2330	      1161	00101180	d1842607	flw	f12,-744(x8)	  f8:0x00102000 f12=0x00000000 PA:0x00101d18 store:0x00000000
           2332	      1162	00101184	d1492687	flw	f13,-748(x18)	 f18:0x00102000 f13=0x00000000 PA:0x00101d14 store:0x420c0000
           2334	      1163	00101188	0062f3d3	fadd.s	f7,f5,f6	  f5:0x00000042  f6:0x00000001  f7=0x00000000
           2336	      1164	0010118c	68c0f443	fmadd.s	f8,f1,f12,f13	  f1:0x0000001f f12:0x00000021 f13:0x0000001f  f8=0x00000000
           2338	      1165	00101190	d074ae27	fsw	f7,-740(x9)	  f9:0x00102000  f7:0x00000064 PA:0x00101d1c store:0x441ead9d load:0x441bbacf
           2340	      1166	00101194	d1c4a487	flw	f9,-740(x9)	  f9:0x00102000  f9=0x00000000 PA:0x00101d1c store:0x3f7d1f60
           2342	      1167	00101198	d1842507	flw	f10,-744(x8)	  f8:0x00102000 f10=0x00000000 PA:0x00101d18 store:0x00000000
           2344	      1168	0010119c	d0892a27	fsw	f8,-748(x18)	 f18:0x00102000  f8:0x00102000 PA:0x00101d14 store:0x4424a0e9 load:0x3f7d1f60
           2346	      1169	001011a0	00a4f853	fadd.s	f16,f9,f10	  f9:0x00102000 f10:0x00000004 f16=0x00000000
           2348	      1170	001011a4	d104ae27	fsw	f16,-740(x9)	  f9:0x00102000 f16:0x00000022 PA:0x00101d1c store:0x441eece5 load:0x3f7d1f60
           2354	      1173	001011a8	ee7a14e3	bne	x20,x7,101090	 x20:0x00000025  x7:0x00000064
           2356	      1174	00101090	d1842a07	flw	f20,-744(x8)	  f8:0x00102000 f20=0x00000000 PA:0x00101d18 store:0x00000000
           2358	      1175	00101094	d00a7ad3	fcvt.s.w	f21,x20	 x20:0x00000025 f21=0x00000000
           2360	      1176	00101098	d1492e07	flw	f28,-748(x18)	 f18:0x00102000 f28=0x00000000 PA:0x00101d14 store:0x3f7d1f60
           2362	      1177	0010109c	001a0093	addi	x1,x20,1	 x20:0x00000025  x1=0x00000026
           2364	      1178	001010a0	d1c4ae87	flw	f29,-740(x9)	  f9:0x00102000 f29=0x00000000 PA:0x00101d1c store:0x4424a0e9
           2366	      1179	001010a4	e14aff43	fmadd.s	f30,f21,f20,f28	 f21:0x00000000 f20:0x00000025 f28:0x00000000 f30=0x00000000
           2368	      1180	001010a8	d1842f87	flw	f31,-744(x8)	  f8:0x00102000 f31=0x00000000 PA:0x00101d18 store:0x00000000
           2370	      1181	001010ac	d000f053	fcvt.s.w	f0,x1	  x1:0x00000026  f0=0x00000000
           2372	      1182	001010b0	d1842087	flw	f1,-744(x8)	  f8:0x00102000  f1=0x00000000 PA:0x00101d18 store:0x00000000
           2374	      1183	001010b4	01fef153	fadd.s	f2,f29,f31	 f29:0x00000030 f31:0xb4000000  f2=0x00000000
           2376	      1184	001010b8	d1e92a27	fsw	f30,-748(x18)	 f18:0x00102000 f30:0x00020000 PA:0x00101d14 store:0x442dc64b load:0x3f7d1f60
           2378	      1185	001010bc	d1492707	flw	f14,-748(x18)	 f18:0x00102000 f14=0x00000000 PA:0x00101d14 store:0x3f7d1f60
           2380	      1186	001010c0	002a0593	addi	x11,x20,2	 x20:0x00000025 x11=0x00000027
           2382	      1187	001010c4	d005f7d3	fcvt.s.w	f15,x11	 x11:0x00000027 f15=0x00000000
           2384	      1188	001010c8	701071c3	fmadd.s	f3,f0,f1,f14	  f0:0x00000000  f1:0x00000026 f14:0x00000000  f3=0x00000000
           2386	      1189	001010cc	d024ae27	fsw	f2,-740(x9)	  f9:0x00102000  f2:0x00137fa0 PA:0x00101d1c store:0x441f2c2d load:0x442dc64b
           2388	      1190	001010d0	d1c4a207	flw	f4,-740(x9)	  f9:0x00102000  f4=0x00000000 PA:0x00101d1c store:0x4424a0e9
           2390	      1191	001010d4	d1842587	flw	f11,-744(x8)	  f8:0x00102000 f11=0x00000000 PA:0x00101d18 store:0x00000000
           2392	      1192	001010d8	d1842607	flw	f12,-744(x8)	  f8:0x00102000 f12=0x00000000 PA:0x00101d18 store:0x00000000
           2394	      1193	001010dc	d0392a27	fsw	f3,-748(x18)	 f18:0x00102000  f3:0x00000000 PA:0x00101d14 store:0x44372af5 load:0x3f7d1f60
           2396	      1194	001010e0	d1492287	flw	f5,-748(x18)	 f18:0x00102000  f5=0x00000000 PA:0x00101d14 store:0x3f7d1f60
           2398	      1195	001010e4	00b276d3	fadd.s	f13,f4,f11	  f4:0x00000000 f11:0x00000027 f13=0x00000000
           2400	      1196	001010e8	003a0613	addi	x12,x20,3	 x20:0x00000025 x12=0x00000028
           2402	      1197	001010ec	28c7f343	fmadd.s	f6,f15,f12,f5	 f15:0x0000000b f12:0x00000028  f5:0x0000000b  f6=0x00000000
           2404	      1198	001010f0	d00673d3	fcvt.s.w	f7,x12	 x12:0x00000028  f7=0x00000000
           2406	      1199	001010f4	004a0813	addi	x16,x20,4	 x20:0x00000025 x16=0x00000029
           2408	      1200	001010f8	d0d4ae27	fsw	f13,-740(x9)	  f9:0x00102000 f13:0x0000000d PA:0x00101d1c store:0x441f6b75 load:0x44372af5
           2410	      1201	001010fc	d1c4a407	flw	f8,-740(x9)	  f9:0x00102000  f8=0x00000000 PA:0x00101d1c store:0x4424a0e9
           2412	      1202	00101100	d0692a27	fsw	f6,-748(x18)	 f18:0x00102000  f6:0x00000001 PA:0x00101d14 store:0x4440cee7 load:0x441f6b75
           2414	      1203	00101104	d1842487	flw	f9,-744(x8)	  f8:0x00102000  f9=0x00000000 PA:0x00101d18 store:0x00000000
           2416	      1204	00101108	d1842507	flw	f10,-744(x8)	  f8:0x00102000 f10=0x00000000 PA:0x00101d18 store:0x00000000
           2418	      1205	0010110c	d1492807	flw	f16,-748(x18)	 f18:0x00102000 f16=0x00000000 PA:0x00101d14 store:0x3f7d1f60
           2420	      1206	00101110	009478d3	fadd.s	f17,f8,f9	  f8:0x00102000  f9:0x00102000 f17=0x00000000
           2422	      1207	00101114	d0087953	fcvt.s.w	f18,x16	 x16:0x00000029 f18=0x00000000
           2424	      1208	00101118	80a3f9c3	fmadd.s	f19,f7,f10,f16	  f7:0x00000064 f10:0x00000004 f16:0x00000064 f19=0x00000000
           2426	      1209	0010111c	005a0893	addi	x17,x20,5	 x20:0x00000025 x17=0x0000002a
           2428	      1210	00101120	d008fa53	fcvt.s.w	f20,x17	 x17:0x0000002a f20=0x00000000
           2430	      1211	00101124	d114ae27	fsw	f17,-740(x9)	  f9:0x00102000 f17:0x0000002a PA:0x00101d1c store:0x441faabd load:0x4440cee7
           2432	      1212	00101128	d1c4aa87	flw	f21,-740(x9)	  f9:0x00102000 f21=0x00000000 PA:0x00101d1c store:0x4424a0e9
           2434	      1213	0010112c	d1392a27	fsw	f19,-748(x18)	 f18:0x00102000 f19:0x00000024 PA:0x00101d14 store:0x444ab221 load:0x441faabd
           2436	      1214	00101130	d1842e07	flw	f28,-744(x8)	  f8:0x00102000 f28=0x00000000 PA:0x00101d18 store:0x00000000
           2438	      1215	00101134	d1842e87	flw	f29,-744(x8)	  f8:0x00102000 f29=0x00000000 PA:0x00101d18 store:0x00000000
           2440	      1216	00101138	d1492f07	flw	f30,-748(x18)	 f18:0x00102000 f30=0x00000000 PA:0x00101d14 store:0x42280000
           2442	      1217	0010113c	01caffd3	fadd.s	f31,f21,f28	 f21:0x00000000 f28:0x00020000 f31=0x00000000
           2444	      1218	00101140	006a0993	addi	x19,x20,6	 x20:0x00000025 x19=0x0000002b
           2446	      1219	00101144	f1d97043	fmadd.s	f0,f18,f29,f30	 f18:0x00102000 f29:0x00000030 f30:0x00102000  f0=0x00000000
           2448	      1220	00101148	d009f0d3	fcvt.s.w	f1,x19	 x19:0x0000002b  f1=0x00000000
           2450	      1221	0010114c	007a0a13	addi	x20,x20,7	 x20:0x00000025 x20=0x0000002c
           2452	      1222	00101150	d1f4ae27	fsw	f31,-740(x9)	  f9:0x00102000 f31:0xb4000000 PA:0x00101d1c store:0x441fea05 load:0x444ab221
           2454	      1223	00101154	d1c4a107	flw	f2,-740(x9)	  f9:0x00102000  f2=0x00000000 PA:0x00101d1c store:0x3f7d1f60
           2456	      1224	00101158	d0092a27	fsw	f0,-748(x18)	 f18:0x00102000  f0:0x00000000 PA:0x00101d14 store:0x4454d4a3 load:0x441fea05
           2458	      1225	0010115c	d1842707	flw	f14,-744(x8)	  f8:0x00102000 f14=0x00000000 PA:0x00101d18 store:0x00000000
           2460	      1226	00101160	d1842787	flw	f15,-744(x8)	  f8:0x00102000 f15=0x00000000 PA:0x00101d18 store:0x00000000
           2462	      1227	00101164	d1492187	flw	f3,-748(x18)	 f18:0x00102000  f3=0x00000000 PA:0x00101d14 store:0x42280000
           2464	      1228	00101168	00e17253	fadd.s	f4,f2,f14	  f2:0x00137fa0 f14:0x00000009  f4=0x00000000
           2466	      1229	0010116c	18fa75c3	fmadd.s	f11,f20,f15,f3	 f20:0x0000002c f15:0x0000000b  f3:0x0000002c f11=0x00000000
           2468	      1230	00101170	d044ae27	fsw	f4,-740(x9)	  f9:0x00102000  f4:0x00000000 PA:0x00101d1c store:0x4420294d load:0x4454d4a3
           2470	      1231	00101174	d0b92a27	fsw	f11,-748(x18)	 f18:0x00102000 f11:0x00000027 PA:0x00101d14 store:0x445f366c load:0x4454d4a3
           2472	      1232	00101178	d1c4a287	flw	f5,-740(x9)	  f9:0x00102000  f5=0x00000000 PA:0x00101d1c store:0x3f7d1f60
           2474	      1233	0010117c	d1842307	flw	f6,-744(x8)	  f8:0x00102000  f6=0x00000000 PA:0x00101d18 store:0x00000000
           2476	      1234	00101180	d1842607	flw	f12,-744(x8)	  f8:0x00102000 f12=0x00000000 PA:0x00101d18 store:0x00000000
           2478	      1235	00101184	d1492687	flw	f13,-748(x18)	 f18:0x00102000 f13=0x00000000 PA:0x00101d14 store:0x42280000
           2480	      1236	00101188	0062f3d3	fadd.s	f7,f5,f6	  f5:0x00000042  f6:0x00000001  f7=0x00000000
           2482	      1237	0010118c	68c0f443	fmadd.s	f8,f1,f12,f13	  f1:0x00000026 f12:0x00000028 f13:0x00000026  f8=0x00000000
           2484	      1238	00101190	d074ae27	fsw	f7,-740(x9)	  f9:0x00102000  f7:0x00000064 PA:0x00101d1c store:0x44206895 load:0x445f366c
           2486	      1239	00101194	d1c4a487	flw	f9,-740(x9)	  f9:0x00102000  f9=0x00000000 PA:0x00101d1c store:0x3f7d1f60
           2488	      1240	00101198	d1842507	flw	f10,-744(x8)	  f8:0x00102000 f10=0x00000000 PA:0x00101d18 store:0x00000000
           2490	      1241	0010119c	d0892a27	fsw	f8,-748(x18)	 f18:0x00102000  f8:0x00102000 PA:0x00101d14 store:0x4469d77d load:0x3f7d1f60
           2492	      1242	001011a0	00a4f853	fadd.s	f16,f9,f10	  f9:0x00102000 f10:0x00000004 f16=0x00000000
           2494	      1243	001011a4	d104ae27	fsw	f16,-740(x9)	  f9:0x00102000 f16:0x00000029 PA:0x00101d1c store:0x4420a7dd load:0x3f7d1f60
           2500	      1246	001011a8	ee7a14e3	bne	x20,x7,101090	 x20:0x0000002c  x7:0x00000064
           2502	      1247	00101090	d1842a07	flw	f20,-744(x8)	  f8:0x00102000 f20=0x00000000 PA:0x00101d18 store:0x00000000
           2504	      1248	00101094	d00a7ad3	fcvt.s.w	f21,x20	 x20:0x0000002c f21=0x00000000
           2506	      1249	00101098	d1492e07	flw	f28,-748(x18)	 f18:0x00102000 f28=0x00000000 PA:0x00101d14 store:0x3f7d1f60
           2508	      1250	0010109c	001a0093	addi	x1,x20,1	 x20:0x0000002c  x1=0x0000002d
           2510	      1251	001010a0	d1c4ae87	flw	f29,-740(x9)	  f9:0x00102000 f29=0x00000000 PA:0x00101d1c store:0x4469d77d
           2512	      1252	001010a4	e14aff43	fmadd.s	f30,f21,f20,f28	 f21:0x00000000 f20:0x0000002c f28:0x00000000 f30=0x00000000
           2514	      1253	001010a8	d1842f87	flw	f31,-744(x8)	  f8:0x00102000 f31=0x00000000 PA:0x00101d18 store:0x00000000
           2516	      1254	001010ac	d000f053	fcvt.s.w	f0,x1	  x1:0x0000002d  f0=0x00000000
           2518	      1255	001010b0	d1842087	flw	f1,-744(x8)	  f8:0x00102000  f1=0x00000000 PA:0x00101d18 store:0x00000000
           2520	      1256	001010b4	01fef153	fadd.s	f2,f29,f31	 f29:0x00000030 f31:0xb4000000  f2=0x00000000
           2522	      1257	001010b8	d1e92a27	fsw	f30,-748(x18)	 f18:0x00102000 f30:0x00020000 PA:0x00101d14 store:0x4474b7d6 load:0x3f7d1f60
           2524	      1258	001010bc	d1492707	flw	f14,-748(x18)	 f18:0x00102000 f14=0x00000000 PA:0x00101d14 store:0x3f7d1f60
           2526	      1259	001010c0	002a0593	addi	x11,x20,2	 x20:0x0000002c x11=0x0000002e
           2528	      1260	001010c4	d005f7d3	fcvt.s.w	f15,x11	 x11:0x0000002e f15=0x00000000
           2530	      1261	001010c8	701071c3	fmadd.s	f3,f0,f1,f14	  f0:0x00000000  f1:0x0000002d f14:0x00000000  f3=0x00000000
           2532	      1262	001010cc	d024ae27	fsw	f2,-740(x9)	  f9:0x00102000  f2:0x00137fa0 PA:0x00101d1c store:0x4420e725 load:0x4474b7d6
           2534	      1263	001010d0	d1c4a207	flw	f4,-740(x9)	  f9:0x00102000  f4=0x00000000 PA:0x00101d1c store:0x4469d77d
           2536	      1264	001010d4	d1842587	flw	f11,-744(x8)	  f8:0x00102000 f11=0x00000000 PA:0x00101d18 store:0x00000000
           2538	      1265	001010d8	d1842607	flw	f12,-744(x8)	  f8:0x00102000 f12=0x00000000 PA:0x00101d18 store:0x00000000
           2540	      1266	001010dc	d0392a27	fsw	f3,-748(x18)	 f18:0x00102000  f3:0x00000000 PA:0x00101d14 store:0x447fd777 load:0x3f7d1f60
           2542	      1267	001010e0	d1492287	flw	f5,-748(x18)	 f18:0x00102000  f5=0x00000000 PA:0x00101d14 store:0x3f7d1f60
           2544	      1268	001010e4	00b276d3	fadd.s	f13,f4,f11	  f4:0x00000000 f11:0x0000002e f13=0x00000000
           2546	      1269	001010e8	003a0613	addi	x12,x20,3	 x20:0x0000002c x12=0x0000002f
           2548	      1270	001010ec	28c7f343	fmadd.s	f6,f15,f12,f5	 f15:0x0000000b f12:0x0000002f  f5:0x0000000b  f6=0x00000000
           2550	      1271	001010f0	d00673d3	fcvt.s.w	f7,x12	 x12:0x0000002f  f7=0x00000000
           2552	      1272	001010f4	004a0813	addi	x16,x20,4	 x20:0x0000002c x16=0x00000030
           2554	      1273	001010f8	d0d4ae27	fsw	f13,-740(x9)	  f9:0x00102000 f13:0x0000000d PA:0x00101d1c store:0x4421266d load:0x447fd777
           2556	      1274	001010fc	d1c4a407	flw	f8,-740(x9)	  f9:0x00102000  f8=0x00000000 PA:0x00101d1c store:0x4469d77d
           2558	      1275	00101100	d0692a27	fsw	f6,-748(x18)	 f18:0x00102000  f6:0x00000001 PA:0x00101d14 store:0x44859b30 load:0x4421266d
           2560	      1276	00101104	d1842487	flw	f9,-744(x8)	  f8:0x00102000  f9=0x00000000 PA:0x00101d18 store:0x00000000
           2562	      1277	00101108	d1842507	flw	f10,-744(x8)	  f8:0x00102000 f10=0x00000000 PA:0x00101d18 store:0x00000000
           2564	      1278	0010110c	d1492807	flw	f16,-748(x18)	 f18:0x00102000 f16=0x00000000 PA:0x00101d14 store:0x3f7d1f60
           2566	      1279	00101110	009478d3	fadd.s	f17,f8,f9	  f8:0x00102000  f9:0x00102000 f17=0x00000000
           2568	      1280	00101114	d0087953	fcvt.s.w	f18,x16	 x16:0x00000030 f18=0x00000000
           2570	      1281	00101118	80a3f9c3	fmadd.s	f19,f7,f10,f16	  f7:0x00000064 f10:0x00000004 f16:0x00000064 f19=0x00000000
           2572	      1282	0010111c	005a0893	addi	x17,x20,5	 x20:0x0000002c x17=0x00000031
           2574	      1283	00101120	d008fa53	fcvt.s.w	f20,x17	 x17:0x00000031 f20=0x00000000
           2576	      1284	00101124	d114ae27	fsw	f17,-740(x9)	  f9:0x00102000 f17:0x00000031 PA:0x00101d1c store:0x442165b5 load:0x44859b30
           2578	      1285	00101128	d1c4aa87	flw	f21,-740(x9)	  f9:0x00102000 f21=0x00000000 PA:0x00101d1c store:0x4469d77d
           2580	      1286	0010112c	d1392a27	fsw	f19,-748(x18)	 f18:0x00102000 f19:0x0000002b PA:0x00101d14 store:0x448b6a48 load:0x442165b5
           2582	      1287	00101130	d1842e07	flw	f28,-744(x8)	  f8:0x00102000 f28=0x00000000 PA:0x00101d18 store:0x00000000
           2584	      1288	00101134	d1842e87	flw	f29,-744(x8)	  f8:0x00102000 f29=0x00000000 PA:0x00101d18 store:0x00000000
           2586	      1289	00101138	d1492f07	flw	f30,-748(x18)	 f18:0x00102000 f30=0x00000000 PA:0x00101d14 store:0x42440000
           2588	      1290	0010113c	01caffd3	fadd.s	f31,f21,f28	 f21:0x00000000 f28:0x00020000 f31=0x00000000
           2590	      1291	00101140	006a0993	addi	x19,x20,6	 x20:0x0000002c x19=0x00000032
           2592	      1292	00101144	f1d97043	fmadd.s	f0,f18,f29,f30	 f18:0x00102000 f29:0x00000030 f30:0x00102000  f0=0x00000000
           2594	      1293	00101148	d009f0d3	fcvt.s.w	f1,x19	 x19:0x00000032  f1=0x00000000
           2596	      1294	0010114c	007a0a13	addi	x20,x20,7	 x20:0x0000002c x20=0x00000033
           2598	      1295	00101150	d1f4ae27	fsw	f31,-740(x9)	  f9:0x00102000 f31:0xb4000000 PA:0x00101d1c store:0x4421a4fd load:0x448b6a48
           2600	      1296	00101154	d1c4a107	flw	f2,-740(x9)	  f9:0x00102000  f2=0x00000000 PA:0x00101d1c store:0x3f7d1f60
           2602	      1297	00101158	d0092a27	fsw	f0,-748(x18)	 f18:0x00102000  f0:0x00000000 PA:0x00101d14 store:0x44915904 load:0x4421a4fd
           2604	      1298	0010115c	d1842707	flw	f14,-744(x8)	  f8:0x00102000 f14=0x00000000 PA:0x00101d18 store:0x00000000
           2606	      1299	00101160	d1842787	flw	f15,-744(x8)	  f8:0x00102000 f15=0x00000000 PA:0x00101d18 store:0x00000000
           2608	      1300	00101164	d1492187	flw	f3,-748(x18)	 f18:0x00102000  f3=0x00000000 PA:0x00101d14 store:0x42440000
           2610	      1301	00101168	00e17253	fadd.s	f4,f2,f14	  f2:0x00137fa0 f14:0x00000009  f4=0x00000000
           2612	      1302	0010116c	18fa75c3	fmadd.s	f11,f20,f15,f3	 f20:0x00000033 f15:0x0000000b  f3:0x00000033 f11=0x00000000
           2614	      1303	00101170	d044ae27	fsw	f4,-740(x9)	  f9:0x00102000  f4:0x00000000 PA:0x00101d1c store:0x4421e445 load:0x44915904
           2616	      1304	00101174	d0b92a27	fsw	f11,-748(x18)	 f18:0x00102000 f11:0x0000002e PA:0x00101d14 store:0x44976764 load:0x44915904
           2618	      1305	00101178	d1c4a287	flw	f5,-740(x9)	  f9:0x00102000  f5=0x00000000 PA:0x00101d1c store:0x3f7d1f60
           2620	      1306	0010117c	d1842307	flw	f6,-744(x8)	  f8:0x00102000  f6=0x00000000 PA:0x00101d18 store:0x00000000
           2622	      1307	00101180	d1842607	flw	f12,-744(x8)	  f8:0x00102000 f12=0x00000000 PA:0x00101d18 store:0x00000000
           2624	      1308	00101184	d1492687	flw	f13,-748(x18)	 f18:0x00102000 f13=0x00000000 PA:0x00101d14 store:0x42440000
           2626	      1309	00101188	0062f3d3	fadd.s	f7,f5,f6	  f5:0x00000042  f6:0x00000001  f7=0x00000000
           2628	      1310	0010118c	68c0f443	fmadd.s	f8,f1,f12,f13	  f1:0x0000002d f12:0x0000002f f13:0x0000002d  f8=0x00000000
           2630	      1311	00101190	d074ae27	fsw	f7,-740(x9)	  f9:0x00102000  f7:0x00000064 PA:0x00101d1c store:0x4422238d load:0x44976764
           2632	      1312	00101194	d1c4a487	flw	f9,-740(x9)	  f9:0x00102000  f9=0x00000000 PA:0x00101d1c store:0x3f7d1f60
           2634	      1313	00101198	d1842507	flw	f10,-744(x8)	  f8:0x00102000 f10=0x00000000 PA:0x00101d18 store:0x00000000
           2636	      1314	0010119c	d0892a27	fsw	f8,-748(x18)	 f18:0x00102000  f8:0x00102000 PA:0x00101d14 store:0x449d9568 load:0x3f7d1f60
           2638	      1315	001011a0	00a4f853	fadd.s	f16,f9,f10	  f9:0x00102000 f10:0x00000004 f16=0x00000000
           2640	      1316	001011a4	d104ae27	fsw	f16,-740(x9)	  f9:0x00102000 f16:0x00000030 PA:0x00101d1c store:0x442262d5 load:0x3f7d1f60
           2646	      1319	001011a8	ee7a14e3	bne	x20,x7,101090	 x20:0x00000033  x7:0x00000064
           2648	      1320	00101090	d1842a07	flw	f20,-744(x8)	  f8:0x00102000 f20=0x00000000 PA:0x00101d18 store:0x00000000
           2650	      1321	00101094	d00a7ad3	fcvt.s.w	f21,x20	 x20:0x00000033 f21=0x00000000
           2652	      1322	00101098	d1492e07	flw	f28,-748(x18)	 f18:0x00102000 f28=0x00000000 PA:0x00101d14 store:0x3f7d1f60
           2654	      1323	0010109c	001a0093	addi	x1,x20,1	 x20:0x00000033  x1=0x00000034
           2656	      1324	001010a0	d1c4ae87	flw	f29,-740(x9)	  f9:0x00102000 f29=0x00000000 PA:0x00101d1c store:0x449d9568
           2658	      1325	001010a4	e14aff43	fmadd.s	f30,f21,f20,f28	 f21:0x00000000 f20:0x00000033 f28:0x00000000 f30=0x00000000
           2660	      1326	001010a8	d1842f87	flw	f31,-744(x8)	  f8:0x00102000 f31=0x00000000 PA:0x00101d18 store:0x00000000
           2662	      1327	001010ac	d000f053	fcvt.s.w	f0,x1	  x1:0x00000034  f0=0x00000000
           2664	      1328	001010b0	d1842087	flw	f1,-744(x8)	  f8:0x00102000  f1=0x00000000 PA:0x00101d18 store:0x00000000
           2666	      1329	001010b4	01fef153	fadd.s	f2,f29,f31	 f29:0x00000030 f31:0xb4000000  f2=0x00000000
           2668	      1330	001010b8	d1e92a27	fsw	f30,-748(x18)	 f18:0x00102000 f30:0x00020000 PA:0x00101d14 store:0x44a3e310 load:0x3f7d1f60
           2670	      1331	001010bc	d1492707	flw	f14,-748(x18)	 f18:0x00102000 f14=0x00000000 PA:0x00101d14 store:0x3f7d1f60
           2672	      1332	001010c0	002a0593	addi	x11,x20,2	 x20:0x00000033 x11=0x00000035
           2674	      1333	001010c4	d005f7d3	fcvt.s.w	f15,x11	 x11:0x00000035 f15=0x00000000
           2676	      1334	001010c8	701071c3	fmadd.s	f3,f0,f1,f14	  f0:0x00000000  f1:0x00000034 f14:0x00000000  f3=0x00000000
           2678	      1335	001010cc	d024ae27	fsw	f2,-740(x9)	  f9:0x00102000  f2:0x00137fa0 PA:0x00101d1c store:0x4422a21d load:0x44a3e310
           2680	      1336	001010d0	d1c4a207	flw	f4,-740(x9)	  f9:0x00102000  f4=0x00000000 PA:0x00101d1c store:0x449d9568
           2682	      1337	001010d4	d1842587	flw	f11,-744(x8)	  f8:0x00102000 f11=0x00000000 PA:0x00101d18 store:0x00000000
           2684	      1338	001010d8	d1842607	flw	f12,-744(x8)	  f8:0x00102000 f12=0x00000000 PA:0x00101d18 store:0x00000000
           2686	      1339	001010dc	d0392a27	fsw	f3,-748(x18)	 f18:0x00102000  f3:0x00000000 PA:0x00101d14 store:0x44aa505c load:0x3f7d1f60
           2688	      1340	001010e0	d1492287	flw	f5,-748(x18)	 f18:0x00102000  f5=0x00000000 PA:0x00101d14 store:0x3f7d1f60
           2690	      1341	001010e4	00b276d3	fadd.s	f13,f4,f11	  f4:0x00000000 f11:0x00000035 f13=0x00000000
           2692	      1342	001010e8	003a0613	addi	x12,x20,3	 x20:0x00000033 x12=0x00000036
           2694	      1343	001010ec	28c7f343	fmadd.s	f6,f15,f12,f5	 f15:0x0000000b f12:0x00000036  f5:0x0000000b  f6=0x00000000
           2696	      1344	001010f0	d00673d3	fcvt.s.w	f7,x12	 x12:0x00000036  f7=0x00000000
           2698	      1345	001010f4	004a0813	addi	x16,x20,4	 x20:0x00000033 x16=0x00000037
           2700	      1346	001010f8	d0d4ae27	fsw	f13,-740(x9)	  f9:0x00102000 f13:0x0000000d PA:0x00101d1c store:0x4422e165 load:0x44aa505c
           2702	      1347	001010fc	d1c4a407	flw	f8,-740(x9)	  f9:0x00102000  f8=0x00000000 PA:0x00101d1c store:0x449d9568
           2704	      1348	00101100	d0692a27	fsw	f6,-748(x18)	 f18:0x00102000  f6:0x00000001 PA:0x00101d14 store:0x44b0dd4c load:0x4422e165
           2706	      1349	00101104	d1842487	flw	f9,-744(x8)	  f8:0x00102000  f9=0x00000000 PA:0x00101d18 store:0x00000000
           2708	      1350	00101108	d1842507	flw	f10,-744(x8)	  f8:0x00102000 f10=0x00000000 PA:0x00101d18 store:0x00000000
           2710	      1351	0010110c	d1492807	flw	f16,-748(x18)	 f18:0x00102000 f16=0x00000000 PA:0x00101d14 store:0x3f7d1f60
           2712	      1352	00101110	009478d3	fadd.s	f17,f8,f9	  f8:0x00102000  f9:0x00102000 f17=0x00000000
           2714	      1353	00101114	d0087953	fcvt.s.w	f18,x16	 x16:0x00000037 f18=0x00000000
           2716	      1354	00101118	80a3f9c3	fmadd.s	f19,f7,f10,f16	  f7:0x00000064 f10:0x00000004 f16:0x00000064 f19=0x00000000
           2718	      1355	0010111c	005a0893	addi	x17,x20,5	 x20:0x00000033 x17=0x00000038
           2720	      1356	00101120	d008fa53	fcvt.s.w	f20,x17	 x17:0x00000038 f20=0x00000000
           2722	      1357	00101124	d114ae27	fsw	f17,-740(x9)	  f9:0x00102000 f17:0x00000038 PA:0x00101d1c store:0x442320ad load:0x44b0dd4c
           2724	      1358	00101128	d1c4aa87	flw	f21,-740(x9)	  f9:0x00102000 f21=0x00000000 PA:0x00101d1c store:0x449d9568
           2726	      1359	0010112c	d1392a27	fsw	f19,-748(x18)	 f18:0x00102000 f19:0x00000032 PA:0x00101d14 store:0x44b789e0 load:0x442320ad
           2728	      1360	00101130	d1842e07	flw	f28,-744(x8)	  f8:0x00102000 f28=0x00000000 PA:0x00101d18 store:0x00000000
           2730	      1361	00101134	d1842e87	flw	f29,-744(x8)	  f8:0x00102000 f29=0x00000000 PA:0x00101d18 store:0x00000000
           2732	      1362	00101138	d1492f07	flw	f30,-748(x18)	 f18:0x00102000 f30=0x00000000 PA:0x00101d14 store:0x42600000
           2734	      1363	0010113c	01caffd3	fadd.s	f31,f21,f28	 f21:0x00000000 f28:0x00020000 f31=0x00000000
           2736	      1364	00101140	006a0993	addi	x19,x20,6	 x20:0x00000033 x19=0x00000039
           2738	      1365	00101144	f1d97043	fmadd.s	f0,f18,f29,f30	 f18:0x00102000 f29:0x00000030 f30:0x00102000  f0=0x00000000
           2740	      1366	00101148	d009f0d3	fcvt.s.w	f1,x19	 x19:0x00000039  f1=0x00000000
           2742	      1367	0010114c	007a0a13	addi	x20,x20,7	 x20:0x00000033 x20=0x0000003a
           2744	      1368	00101150	d1f4ae27	fsw	f31,-740(x9)	  f9:0x00102000 f31:0xb4000000 PA:0x00101d1c store:0x44235ff5 load:0x44b789e0
           2746	      1369	00101154	d1c4a107	flw	f2,-740(x9)	  f9:0x00102000  f2=0x00000000 PA:0x00101d1c store:0x3f7d1f60
           2748	      1370	00101158	d0092a27	fsw	f0,-748(x18)	 f18:0x00102000  f0:0x00000000 PA:0x00101d14 store:0x44be5618 load:0x44235ff5
           2750	      1371	0010115c	d1842707	flw	f14,-744(x8)	  f8:0x00102000 f14=0x00000000 PA:0x00101d18 store:0x00000000
           2752	      1372	00101160	d1842787	flw	f15,-744(x8)	  f8:0x00102000 f15=0x00000000 PA:0x00101d18 store:0x00000000
           2754	      1373	00101164	d1492187	flw	f3,-748(x18)	 f18:0x00102000  f3=0x00000000 PA:0x00101d14 store:0x42600000
           2756	      1374	00101168	00e17253	fadd.s	f4,f2,f14	  f2:0x00137fa0 f14:0x00000009  f4=0x00000000
           2758	      1375	0010116c	18fa75c3	fmadd.s	f11,f20,f15,f3	 f20:0x0000003a f15:0x0000000b  f3:0x0000003a f11=0x00000000
           2760	      1376	00101170	d044ae27	fsw	f4,-740(x9)	  f9:0x00102000  f4:0x00000000 PA:0x00101d1c store:0x44239f3d load:0x44be5618
           2762	      1377	00101174	d0b92a27	fsw	f11,-748(x18)	 f18:0x00102000 f11:0x00000035 PA:0x00101d14 store:0x44c541f4 load:0x44be5618
           2764	      1378	00101178	d1c4a287	flw	f5,-740(x9)	  f9:0x00102000  f5=0x00000000 PA:0x00101d1c store:0x3f7d1f60
           2766	      1379	0010117c	d1842307	flw	f6,-744(x8)	  f8:0x00102000  f6=0x00000000 PA:0x00101d18 store:0x00000000
           2768	      1380	00101180	d1842607	flw	f12,-744(x8)	  f8:0x00102000 f12=0x00000000 PA:0x00101d18 store:0x00000000
           2770	      1381	00101184	d1492687	flw	f13,-748(x18)	 f18:0x00102000 f13=0x00000000 PA:0x00101d14 store:0x42600000
           2772	      1382	00101188	0062f3d3	fadd.s	f7,f5,f6	  f5:0x00000042  f6:0x00000001  f7=0x00000000
           2774	      1383	0010118c	68c0f443	fmadd.s	f8,f1,f12,f13	  f1:0x00000034 f12:0x00000036 f13:0x00000034  f8=0x00000000
           2776	      1384	00101190	d074ae27	fsw	f7,-740(x9)	  f9:0x00102000  f7:0x00000064 PA:0x00101d1c store:0x4423de85 load:0x44c541f4
           2778	      1385	00101194	d1c4a487	flw	f9,-740(x9)	  f9:0x00102000  f9=0x00000000 PA:0x00101d1c store:0x3f7d1f60
           2780	      1386	00101198	d1842507	flw	f10,-744(x8)	  f8:0x00102000 f10=0x00000000 PA:0x00101d18 store:0x00000000
           2782	      1387	0010119c	d0892a27	fsw	f8,-748(x18)	 f18:0x00102000  f8:0x00102000 PA:0x00101d14 store:0x44cc4d74 load:0x3f7d1f60
           2784	      1388	001011a0	00a4f853	fadd.s	f16,f9,f10	  f9:0x00102000 f10:0x00000004 f16=0x00000000
           2786	      1389	001011a4	d104ae27	fsw	f16,-740(x9)	  f9:0x00102000 f16:0x00000037 PA:0x00101d1c store:0x44241dcd load:0x3f7d1f60
           2792	      1392	001011a8	ee7a14e3	bne	x20,x7,101090	 x20:0x0000003a  x7:0x00000064
           2794	      1393	00101090	d1842a07	flw	f20,-744(x8)	  f8:0x00102000 f20=0x00000000 PA:0x00101d18 store:0x00000000
           2796	      1394	00101094	d00a7ad3	fcvt.s.w	f21,x20	 x20:0x0000003a f21=0x00000000
           2798	      1395	00101098	d1492e07	flw	f28,-748(x18)	 f18:0x00102000 f28=0x00000000 PA:0x00101d14 store:0x3f7d1f60
           2800	      1396	0010109c	001a0093	addi	x1,x20,1	 x20:0x0000003a  x1=0x0000003b
           2802	      1397	001010a0	d1c4ae87	flw	f29,-740(x9)	  f9:0x00102000 f29=0x00000000 PA:0x00101d1c store:0x44cc4d74
           2804	      1398	001010a4	e14aff43	fmadd.s	f30,f21,f20,f28	 f21:0x00000000 f20:0x0000003a f28:0x00000000 f30=0x00000000
           2806	      1399	001010a8	d1842f87	flw	f31,-744(x8)	  f8:0x00102000 f31=0x00000000 PA:0x00101d18 store:0x00000000
           2808	      1400	001010ac	d000f053	fcvt.s.w	f0,x1	  x1:0x0000003b  f0=0x00000000
           2810	      1401	001010b0	d1842087	flw	f1,-744(x8)	  f8:0x00102000  f1=0x00000000 PA:0x00101d18 store:0x00000000
           2812	      1402	001010b4	01fef153	fadd.s	f2,f29,f31	 f29:0x00000030 f31:0xb4000000  f2=0x00000000
           2814	      1403	001010b8	d1e92a27	fsw	f30,-748(x18)	 f18:0x00102000 f30:0x00020000 PA:0x00101d14 store:0x44d37897 load:0x3f7d1f60
           2816	      1404	001010bc	d1492707	flw	f14,-748(x18)	 f18:0x00102000 f14=0x00000000 PA:0x00101d14 store:0x3f7d1f60
           2818	      1405	001010c0	002a0593	addi	x11,x20,2	 x20:0x0000003a x11=0x0000003c
           2820	      1406	001010c4	d005f7d3	fcvt.s.w	f15,x11	 x11:0x0000003c f15=0x00000000
           2822	      1407	001010c8	701071c3	fmadd.s	f3,f0,f1,f14	  f0:0x00000000  f1:0x0000003b f14:0x00000000  f3=0x00000000
           2824	      1408	001010cc	d024ae27	fsw	f2,-740(x9)	  f9:0x00102000  f2:0x00137fa0 PA:0x00101d1c store:0x44245d15 load:0x44d37897
           2826	      1409	001010d0	d1c4a207	flw	f4,-740(x9)	  f9:0x00102000  f4=0x00000000 PA:0x00101d1c store:0x44cc4d74
           2828	      1410	001010d4	d1842587	flw	f11,-744(x8)	  f8:0x00102000 f11=0x00000000 PA:0x00101d18 store:0x00000000
           2830	      1411	001010d8	d1842607	flw	f12,-744(x8)	  f8:0x00102000 f12=0x00000000 PA:0x00101d18 store:0x00000000
           2832	      1412	001010dc	d0392a27	fsw	f3,-748(x18)	 f18:0x00102000  f3:0x00000000 PA:0x00101d14 store:0x44dac35e load:0x3f7d1f60
           2834	      1413	001010e0	d1492287	flw	f5,-748(x18)	 f18:0x00102000  f5=0x00000000 PA:0x00101d14 store:0x3f7d1f60
           2836	      1414	001010e4	00b276d3	fadd.s	f13,f4,f11	  f4:0x00000000 f11:0x0000003c f13=0x00000000
           2838	      1415	001010e8	003a0613	addi	x12,x20,3	 x20:0x0000003a x12=0x0000003d
           2840	      1416	001010ec	28c7f343	fmadd.s	f6,f15,f12,f5	 f15:0x0000000b f12:0x0000003d  f5:0x0000000b  f6=0x00000000
           2842	      1417	001010f0	d00673d3	fcvt.s.w	f7,x12	 x12:0x0000003d  f7=0x00000000
           2844	      1418	001010f4	004a0813	addi	x16,x20,4	 x20:0x0000003a x16=0x0000003e
           2846	      1419	001010f8	d0d4ae27	fsw	f13,-740(x9)	  f9:0x00102000 f13:0x0000000d PA:0x00101d1c store:0x44249c5d load:0x44dac35e
           2848	      1420	001010fc	d1c4a407	flw	f8,-740(x9)	  f9:0x00102000  f8=0x00000000 PA:0x00101d1c store:0x44cc4d74
           2850	      1421	00101100	d0692a27	fsw	f6,-748(x18)	 f18:0x00102000  f6:0x00000001 PA:0x00101d14 store:0x44e22dc9 load:0x44249c5d
           2852	      1422	00101104	d1842487	flw	f9,-744(x8)	  f8:0x00102000  f9=0x00000000 PA:0x00101d18 store:0x00000000
           2854	      1423	00101108	d1842507	flw	f10,-744(x8)	  f8:0x00102000 f10=0x00000000 PA:0x00101d18 store:0x00000000
           2856	      1424	0010110c	d1492807	flw	f16,-748(x18)	 f18:0x00102000 f16=0x00000000 PA:0x00101d14 store:0x3f7d1f60
           2858	      1425	00101110	009478d3	fadd.s	f17,f8,f9	  f8:0x00102000  f9:0x00102000 f17=0x00000000
           2860	      1426	00101114	d0087953	fcvt.s.w	f18,x16	 x16:0x0000003e f18=0x00000000
           2862	      1427	00101118	80a3f9c3	fmadd.s	f19,f7,f10,f16	  f7:0x00000064 f10:0x00000004 f16:0x00000064 f19=0x00000000
           2864	      1428	0010111c	005a0893	addi	x17,x20,5	 x20:0x0000003a x17=0x0000003f
           2866	      1429	00101120	d008fa53	fcvt.s.w	f20,x17	 x17:0x0000003f f20=0x00000000
           2868	      1430	00101124	d114ae27	fsw	f17,-740(x9)	  f9:0x00102000 f17:0x0000003f PA:0x00101d1c store:0x4424dba5 load:0x44e22dc9
           2870	      1431	00101128	d1c4aa87	flw	f21,-740(x9)	  f9:0x00102000 f21=0x00000000 PA:0x00101d1c store:0x44cc4d74
           2872	      1432	0010112c	d1392a27	fsw	f19,-748(x18)	 f18:0x00102000 f19:0x00000039 PA:0x00101d14 store:0x44e9b7d8 load:0x4424dba5
           2874	      1433	00101130	d1842e07	flw	f28,-744(x8)	  f8:0x00102000 f28=0x00000000 PA:0x00101d18 store:0x00000000
           2876	      1434	00101134	d1842e87	flw	f29,-744(x8)	  f8:0x00102000 f29=0x00000000 PA:0x00101d18 store:0x00000000
           2878	      1435	00101138	d1492f07	flw	f30,-748(x18)	 f18:0x00102000 f30=0x00000000 PA:0x00101d14 store:0x427c0000
           2880	      1436	0010113c	01caffd3	fadd.s	f31,f21,f28	 f21:0x00000000 f28:0x00020000 f31=0x00000000
           2882	      1437	00101140	006a0993	addi	x19,x20,6	 x20:0x0000003a x19=0x00000040
           2884	      1438	00101144	f1d97043	fmadd.s	f0,f18,f29,f30	 f18:0x00102000 f29:0x00000030 f30:0x00102000  f0=0x00000000
           2886	      1439	00101148	d009f0d3	fcvt.s.w	f1,x19	 x19:0x00000040  f1=0x00000000
           2888	      1440	0010114c	007a0a13	addi	x20,x20,7	 x20:0x0000003a x20=0x00000041
           2890	      1441	00101150	d1f4ae27	fsw	f31,-740(x9)	  f9:0x00102000 f31:0xb4000000 PA:0x00101d1c store:0x44251aed load:0x44e9b7d8
           2892	      1442	00101154	d1c4a107	flw	f2,-740(x9)	  f9:0x00102000  f2=0x00000000 PA:0x00101d1c store:0x3f7d1f60
           2894	      1443	00101158	d0092a27	fsw	f0,-748(x18)	 f18:0x00102000  f0:0x00000000 PA:0x00101d14 store:0x44f1618b load:0x44251aed
           2896	      1444	0010115c	d1842707	flw	f14,-744(x8)	  f8:0x00102000 f14=0x00000000 PA:0x00101d18 store:0x00000000
           2898	      1445	00101160	d1842787	flw	f15,-744(x8)	  f8:0x00102000 f15=0x00000000 PA:0x00101d18 store:0x00000000
           2900	      1446	00101164	d1492187	flw	f3,-748(x18)	 f18:0x00102000  f3=0x00000000 PA:0x00101d14 store:0x427c0000
           2902	      1447	00101168	00e17253	fadd.s	f4,f2,f14	  f2:0x00137fa0 f14:0x00000009  f4=0x00000000
           2904	      1448	0010116c	18fa75c3	fmadd.s	f11,f20,f15,f3	 f20:0x00000041 f15:0x0000000b  f3:0x00000041 f11=0x00000000
           2906	      1449	00101170	d044ae27	fsw	f4,-740(x9)	  f9:0x00102000  f4:0x00000000 PA:0x00101d1c store:0x44255a35 load:0x44f1618b
           2908	      1450	00101174	d0b92a27	fsw	f11,-748(x18)	 f18:0x00102000 f11:0x0000003c PA:0x00101d14 store:0x44f92ae2 load:0x44f1618b
           2910	      1451	00101178	d1c4a287	flw	f5,-740(x9)	  f9:0x00102000  f5=0x00000000 PA:0x00101d1c store:0x3f7d1f60
           2912	      1452	0010117c	d1842307	flw	f6,-744(x8)	  f8:0x00102000  f6=0x00000000 PA:0x00101d18 store:0x00000000
           2914	      1453	00101180	d1842607	flw	f12,-744(x8)	  f8:0x00102000 f12=0x00000000 PA:0x00101d18 store:0x00000000
           2916	      1454	00101184	d1492687	flw	f13,-748(x18)	 f18:0x00102000 f13=0x00000000 PA:0x00101d14 store:0x427c0000
           2918	      1455	00101188	0062f3d3	fadd.s	f7,f5,f6	  f5:0x00000042  f6:0x00000001  f7=0x00000000
           2920	      1456	0010118c	68c0f443	fmadd.s	f8,f1,f12,f13	  f1:0x0000003b f12:0x0000003d f13:0x0000003b  f8=0x00000000
           2922	      1457	00101190	d074ae27	fsw	f7,-740(x9)	  f9:0x00102000  f7:0x00000064 PA:0x00101d1c store:0x4425997d load:0x44f92ae2
           2924	      1458	00101194	d1c4a487	flw	f9,-740(x9)	  f9:0x00102000  f9=0x00000000 PA:0x00101d1c store:0x3f7d1f60
           2926	      1459	00101198	d1842507	flw	f10,-744(x8)	  f8:0x00102000 f10=0x00000000 PA:0x00101d18 store:0x00000000
           2928	      1460	0010119c	d0892a27	fsw	f8,-748(x18)	 f18:0x00102000  f8:0x00102000 PA:0x00101d14 store:0x450089ee load:0x3f7d1f60
           2930	      1461	001011a0	00a4f853	fadd.s	f16,f9,f10	  f9:0x00102000 f10:0x00000004 f16=0x00000000
           2932	      1462	001011a4	d104ae27	fsw	f16,-740(x9)	  f9:0x00102000 f16:0x0000003e PA:0x00101d1c store:0x4425d8c5 load:0x3f7d1f60
           2938	      1465	001011a8	ee7a14e3	bne	x20,x7,101090	 x20:0x00000041  x7:0x00000064
           2940	      1466	00101090	d1842a07	flw	f20,-744(x8)	  f8:0x00102000 f20=0x00000000 PA:0x00101d18 store:0x00000000
           2942	      1467	00101094	d00a7ad3	fcvt.s.w	f21,x20	 x20:0x00000041 f21=0x00000000
           2944	      1468	00101098	d1492e07	flw	f28,-748(x18)	 f18:0x00102000 f28=0x00000000 PA:0x00101d14 store:0x3f7d1f60
           2946	      1469	0010109c	001a0093	addi	x1,x20,1	 x20:0x00000041  x1=0x00000042
           2948	      1470	001010a0	d1c4ae87	flw	f29,-740(x9)	  f9:0x00102000 f29=0x00000000 PA:0x00101d1c store:0x450089ee
           2950	      1471	001010a4	e14aff43	fmadd.s	f30,f21,f20,f28	 f21:0x00000000 f20:0x00000041 f28:0x00000000 f30=0x00000000
           2952	      1472	001010a8	d1842f87	flw	f31,-744(x8)	  f8:0x00102000 f31=0x00000000 PA:0x00101d18 store:0x00000000
           2954	      1473	001010ac	d000f053	fcvt.s.w	f0,x1	  x1:0x00000042  f0=0x00000000
           2956	      1474	001010b0	d1842087	flw	f1,-744(x8)	  f8:0x00102000  f1=0x00000000 PA:0x00101d18 store:0x00000000
           2958	      1475	001010b4	01fef153	fadd.s	f2,f29,f31	 f29:0x00000030 f31:0xb4000000  f2=0x00000000
           2960	      1476	001010b8	d1e92a27	fsw	f30,-748(x18)	 f18:0x00102000 f30:0x00020000 PA:0x00101d14 store:0x45048e3d load:0x3f7d1f60
           2962	      1477	001010bc	d1492707	flw	f14,-748(x18)	 f18:0x00102000 f14=0x00000000 PA:0x00101d14 store:0x3f7d1f60
           2964	      1478	001010c0	002a0593	addi	x11,x20,2	 x20:0x00000041 x11=0x00000043
           2966	      1479	001010c4	d005f7d3	fcvt.s.w	f15,x11	 x11:0x00000043 f15=0x00000000
           2968	      1480	001010c8	701071c3	fmadd.s	f3,f0,f1,f14	  f0:0x00000000  f1:0x00000042 f14:0x00000000  f3=0x00000000
           2970	      1481	001010cc	d024ae27	fsw	f2,-740(x9)	  f9:0x00102000  f2:0x00137fa0 PA:0x00101d1c store:0x4426180d load:0x45048e3d
           2972	      1482	001010d0	d1c4a207	flw	f4,-740(x9)	  f9:0x00102000  f4=0x00000000 PA:0x00101d1c store:0x450089ee
           2974	      1483	001010d4	d1842587	flw	f11,-744(x8)	  f8:0x00102000 f11=0x00000000 PA:0x00101d18 store:0x00000000
           2976	      1484	001010d8	d1842607	flw	f12,-744(x8)	  f8:0x00102000 f12=0x00000000 PA:0x00101d18 store:0x00000000
           2978	      1485	001010dc	d0392a27	fsw	f3,-748(x18)	 f18:0x00102000  f3:0x00000000 PA:0x00101d14 store:0x4508a25e load:0x3f7d1f60
           2980	      1486	001010e0	d1492287	flw	f5,-748(x18)	 f18:0x00102000  f5=0x00000000 PA:0x00101d14 store:0x3f7d1f60
           2982	      1487	001010e4	00b276d3	fadd.s	f13,f4,f11	  f4:0x00000000 f11:0x00000043 f13=0x00000000
           2984	      1488	001010e8	003a0613	addi	x12,x20,3	 x20:0x00000041 x12=0x00000044
           2986	      1489	001010ec	28c7f343	fmadd.s	f6,f15,f12,f5	 f15:0x0000000b f12:0x00000044  f5:0x0000000b  f6=0x00000000
           2988	      1490	001010f0	d00673d3	fcvt.s.w	f7,x12	 x12:0x00000044  f7=0x00000000
           2990	      1491	001010f4	004a0813	addi	x16,x20,4	 x20:0x00000041 x16=0x00000045
           2992	      1492	001010f8	d0d4ae27	fsw	f13,-740(x9)	  f9:0x00102000 f13:0x0000000d PA:0x00101d1c store:0x44265755 load:0x4508a25e
           2994	      1493	001010fc	d1c4a407	flw	f8,-740(x9)	  f9:0x00102000  f8=0x00000000 PA:0x00101d1c store:0x450089ee
           2996	      1494	00101100	d0692a27	fsw	f6,-748(x18)	 f18:0x00102000  f6:0x00000001 PA:0x00101d14 store:0x450cc651 load:0x44265755
           2998	      1495	00101104	d1842487	flw	f9,-744(x8)	  f8:0x00102000  f9=0x00000000 PA:0x00101d18 store:0x00000000
           3000	      1496	00101108	d1842507	flw	f10,-744(x8)	  f8:0x00102000 f10=0x00000000 PA:0x00101d18 store:0x00000000
           3002	      1497	0010110c	d1492807	flw	f16,-748(x18)	 f18:0x00102000 f16=0x00000000 PA:0x00101d14 store:0x3f7d1f60
           3004	      1498	00101110	009478d3	fadd.s	f17,f8,f9	  f8:0x00102000  f9:0x00102000 f17=0x00000000
           3006	      1499	00101114	d0087953	fcvt.s.w	f18,x16	 x16:0x00000045 f18=0x00000000
           3008	      1500	00101118	80a3f9c3	fmadd.s	f19,f7,f10,f16	  f7:0x00000064 f10:0x00000004 f16:0x00000064 f19=0x00000000
           3010	      1501	0010111c	005a0893	addi	x17,x20,5	 x20:0x00000041 x17=0x00000046
           3012	      1502	00101120	d008fa53	fcvt.s.w	f20,x17	 x17:0x00000046 f20=0x00000000
           3014	      1503	00101124	d114ae27	fsw	f17,-740(x9)	  f9:0x00102000 f17:0x00000046 PA:0x00101d1c store:0x4426969d load:0x450cc651
           3016	      1504	00101128	d1c4aa87	flw	f21,-740(x9)	  f9:0x00102000 f21=0x00000000 PA:0x00101d1c store:0x450089ee
           3018	      1505	0010112c	d1392a27	fsw	f19,-748(x18)	 f18:0x00102000 f19:0x00000040 PA:0x00101d14 store:0x4510fa16 load:0x4426969d
           3020	      1506	00101130	d1842e07	flw	f28,-744(x8)	  f8:0x00102000 f28=0x00000000 PA:0x00101d18 store:0x00000000
           3022	      1507	00101134	d1842e87	flw	f29,-744(x8)	  f8:0x00102000 f29=0x00000000 PA:0x00101d18 store:0x00000000
           3024	      1508	00101138	d1492f07	flw	f30,-748(x18)	 f18:0x00102000 f30=0x00000000 PA:0x00101d14 store:0x428c0000
           3026	      1509	0010113c	01caffd3	fadd.s	f31,f21,f28	 f21:0x00000000 f28:0x00020000 f31=0x00000000
           3028	      1510	00101140	006a0993	addi	x19,x20,6	 x20:0x00000041 x19=0x00000047
           3030	      1511	00101144	f1d97043	fmadd.s	f0,f18,f29,f30	 f18:0x00102000 f29:0x00000030 f30:0x00102000  f0=0x00000000
           3032	      1512	00101148	d009f0d3	fcvt.s.w	f1,x19	 x19:0x00000047  f1=0x00000000
           3034	      1513	0010114c	007a0a13	addi	x20,x20,7	 x20:0x00000041 x20=0x00000048
           3036	      1514	00101150	d1f4ae27	fsw	f31,-740(x9)	  f9:0x00102000 f31:0xb4000000 PA:0x00101d1c store:0x4426d5e5 load:0x4510fa16
           3038	      1515	00101154	d1c4a107	flw	f2,-740(x9)	  f9:0x00102000  f2=0x00000000 PA:0x00101d1c store:0x3f7d1f60
           3040	      1516	00101158	d0092a27	fsw	f0,-748(x18)	 f18:0x00102000  f0:0x00000000 PA:0x00101d14 store:0x45153dad load:0x4426d5e5
           3042	      1517	0010115c	d1842707	flw	f14,-744(x8)	  f8:0x00102000 f14=0x00000000 PA:0x00101d18 store:0x00000000
           3044	      1518	00101160	d1842787	flw	f15,-744(x8)	  f8:0x00102000 f15=0x00000000 PA:0x00101d18 store:0x00000000
           3046	      1519	00101164	d1492187	flw	f3,-748(x18)	 f18:0x00102000  f3=0x00000000 PA:0x00101d14 store:0x428c0000
           3048	      1520	00101168	00e17253	fadd.s	f4,f2,f14	  f2:0x00137fa0 f14:0x00000009  f4=0x00000000
           3050	      1521	0010116c	18fa75c3	fmadd.s	f11,f20,f15,f3	 f20:0x00000048 f15:0x0000000b  f3:0x00000048 f11=0x00000000
           3052	      1522	00101170	d044ae27	fsw	f4,-740(x9)	  f9:0x00102000  f4:0x00000000 PA:0x00101d1c store:0x4427152d load:0x45153dad
           3054	      1523	00101174	d0b92a27	fsw	f11,-748(x18)	 f18:0x00102000 f11:0x00000043 PA:0x00101d14 store:0x45199116 load:0x45153dad
           3056	      1524	00101178	d1c4a287	flw	f5,-740(x9)	  f9:0x00102000  f5=0x00000000 PA:0x00101d1c store:0x3f7d1f60
           3058	      1525	0010117c	d1842307	flw	f6,-744(x8)	  f8:0x00102000  f6=0x00000000 PA:0x00101d18 store:0x00000000
           3060	      1526	00101180	d1842607	flw	f12,-744(x8)	  f8:0x00102000 f12=0x00000000 PA:0x00101d18 store:0x00000000
           3062	      1527	00101184	d1492687	flw	f13,-748(x18)	 f18:0x00102000 f13=0x00000000 PA:0x00101d14 store:0x428c0000
           3064	      1528	00101188	0062f3d3	fadd.s	f7,f5,f6	  f5:0x00000042  f6:0x00000001  f7=0x00000000
           3066	      1529	0010118c	68c0f443	fmadd.s	f8,f1,f12,f13	  f1:0x00000042 f12:0x00000044 f13:0x00000042  f8=0x00000000
           3068	      1530	00101190	d074ae27	fsw	f7,-740(x9)	  f9:0x00102000  f7:0x00000064 PA:0x00101d1c store:0x44275475 load:0x45199116
           3070	      1531	00101194	d1c4a487	flw	f9,-740(x9)	  f9:0x00102000  f9=0x00000000 PA:0x00101d1c store:0x3f7d1f60
           3072	      1532	00101198	d1842507	flw	f10,-744(x8)	  f8:0x00102000 f10=0x00000000 PA:0x00101d18 store:0x00000000
           3074	      1533	0010119c	d0892a27	fsw	f8,-748(x18)	 f18:0x00102000  f8:0x00102000 PA:0x00101d14 store:0x451df451 load:0x3f7d1f60
           3076	      1534	001011a0	00a4f853	fadd.s	f16,f9,f10	  f9:0x00102000 f10:0x00000004 f16=0x00000000
           3078	      1535	001011a4	d104ae27	fsw	f16,-740(x9)	  f9:0x00102000 f16:0x00000045 PA:0x00101d1c store:0x442793bd load:0x3f7d1f60
           3084	      1538	001011a8	ee7a14e3	bne	x20,x7,101090	 x20:0x00000048  x7:0x00000064
           3086	      1539	00101090	d1842a07	flw	f20,-744(x8)	  f8:0x00102000 f20=0x00000000 PA:0x00101d18 store:0x00000000
           3088	      1540	00101094	d00a7ad3	fcvt.s.w	f21,x20	 x20:0x00000048 f21=0x00000000
           3090	      1541	00101098	d1492e07	flw	f28,-748(x18)	 f18:0x00102000 f28=0x00000000 PA:0x00101d14 store:0x3f7d1f60
           3092	      1542	0010109c	001a0093	addi	x1,x20,1	 x20:0x00000048  x1=0x00000049
           3094	      1543	001010a0	d1c4ae87	flw	f29,-740(x9)	  f9:0x00102000 f29=0x00000000 PA:0x00101d1c store:0x451df451
           3096	      1544	001010a4	e14aff43	fmadd.s	f30,f21,f20,f28	 f21:0x00000000 f20:0x00000048 f28:0x00000000 f30=0x00000000
           3098	      1545	001010a8	d1842f87	flw	f31,-744(x8)	  f8:0x00102000 f31=0x00000000 PA:0x00101d18 store:0x00000000
           3100	      1546	001010ac	d000f053	fcvt.s.w	f0,x1	  x1:0x00000049  f0=0x00000000
           3102	      1547	001010b0	d1842087	flw	f1,-744(x8)	  f8:0x00102000  f1=0x00000000 PA:0x00101d18 store:0x00000000
           3104	      1548	001010b4	01fef153	fadd.s	f2,f29,f31	 f29:0x00000030 f31:0xb4000000  f2=0x00000000
           3106	      1549	001010b8	d1e92a27	fsw	f30,-748(x18)	 f18:0x00102000 f30:0x00020000 PA:0x00101d14 store:0x4522675e load:0x3f7d1f60
           3108	      1550	001010bc	d1492707	flw	f14,-748(x18)	 f18:0x00102000 f14=0x00000000 PA:0x00101d14 store:0x3f7d1f60
           3110	      1551	001010c0	002a0593	addi	x11,x20,2	 x20:0x00000048 x11=0x0000004a
           3112	      1552	001010c4	d005f7d3	fcvt.s.w	f15,x11	 x11:0x0000004a f15=0x00000000
           3114	      1553	001010c8	701071c3	fmadd.s	f3,f0,f1,f14	  f0:0x00000000  f1:0x00000049 f14:0x00000000  f3=0x00000000
           3116	      1554	001010cc	d024ae27	fsw	f2,-740(x9)	  f9:0x00102000  f2:0x00137fa0 PA:0x00101d1c store:0x4427d305 load:0x4522675e
           3118	      1555	001010d0	d1c4a207	flw	f4,-740(x9)	  f9:0x00102000  f4=0x00000000 PA:0x00101d1c store:0x451df451
           3120	      1556	001010d4	d1842587	flw	f11,-744(x8)	  f8:0x00102000 f11=0x00000000 PA:0x00101d18 store:0x00000000
           3122	      1557	001010d8	d1842607	flw	f12,-744(x8)	  f8:0x00102000 f12=0x00000000 PA:0x00101d18 store:0x00000000
           3124	      1558	001010dc	d0392a27	fsw	f3,-748(x18)	 f18:0x00102000  f3:0x00000000 PA:0x00101d14 store:0x4526ea3d load:0x3f7d1f60
           3126	      1559	001010e0	d1492287	flw	f5,-748(x18)	 f18:0x00102000  f5=0x00000000 PA:0x00101d14 store:0x3f7d1f60
           3128	      1560	001010e4	00b276d3	fadd.s	f13,f4,f11	  f4:0x00000000 f11:0x0000004a f13=0x00000000
           3130	      1561	001010e8	003a0613	addi	x12,x20,3	 x20:0x00000048 x12=0x0000004b
           3132	      1562	001010ec	28c7f343	fmadd.s	f6,f15,f12,f5	 f15:0x0000000b f12:0x0000004b  f5:0x0000000b  f6=0x00000000
           3134	      1563	001010f0	d00673d3	fcvt.s.w	f7,x12	 x12:0x0000004b  f7=0x00000000
           3136	      1564	001010f4	004a0813	addi	x16,x20,4	 x20:0x00000048 x16=0x0000004c
           3138	      1565	001010f8	d0d4ae27	fsw	f13,-740(x9)	  f9:0x00102000 f13:0x0000000d PA:0x00101d1c store:0x4428124d load:0x4526ea3d
           3140	      1566	001010fc	d1c4a407	flw	f8,-740(x9)	  f9:0x00102000  f8=0x00000000 PA:0x00101d1c store:0x451df451
           3142	      1567	00101100	d0692a27	fsw	f6,-748(x18)	 f18:0x00102000  f6:0x00000001 PA:0x00101d14 store:0x452b7cee load:0x4428124d
           3144	      1568	00101104	d1842487	flw	f9,-744(x8)	  f8:0x00102000  f9=0x00000000 PA:0x00101d18 store:0x00000000
           3146	      1569	00101108	d1842507	flw	f10,-744(x8)	  f8:0x00102000 f10=0x00000000 PA:0x00101d18 store:0x00000000
           3148	      1570	0010110c	d1492807	flw	f16,-748(x18)	 f18:0x00102000 f16=0x00000000 PA:0x00101d14 store:0x3f7d1f60
           3150	      1571	00101110	009478d3	fadd.s	f17,f8,f9	  f8:0x00102000  f9:0x00102000 f17=0x00000000
           3152	      1572	00101114	d0087953	fcvt.s.w	f18,x16	 x16:0x0000004c f18=0x00000000
           3154	      1573	00101118	80a3f9c3	fmadd.s	f19,f7,f10,f16	  f7:0x00000064 f10:0x00000004 f16:0x00000064 f19=0x00000000
           3156	      1574	0010111c	005a0893	addi	x17,x20,5	 x20:0x00000048 x17=0x0000004d
           3158	      1575	00101120	d008fa53	fcvt.s.w	f20,x17	 x17:0x0000004d f20=0x00000000
           3160	      1576	00101124	d114ae27	fsw	f17,-740(x9)	  f9:0x00102000 f17:0x0000004d PA:0x00101d1c store:0x44285195 load:0x452b7cee
           3162	      1577	00101128	d1c4aa87	flw	f21,-740(x9)	  f9:0x00102000 f21=0x00000000 PA:0x00101d1c store:0x451df451
           3164	      1578	0010112c	d1392a27	fsw	f19,-748(x18)	 f18:0x00102000 f19:0x00000047 PA:0x00101d14 store:0x45301f71 load:0x44285195
           3166	      1579	00101130	d1842e07	flw	f28,-744(x8)	  f8:0x00102000 f28=0x00000000 PA:0x00101d18 store:0x00000000
           3168	      1580	00101134	d1842e87	flw	f29,-744(x8)	  f8:0x00102000 f29=0x00000000 PA:0x00101d18 store:0x00000000
           3170	      1581	00101138	d1492f07	flw	f30,-748(x18)	 f18:0x00102000 f30=0x00000000 PA:0x00101d14 store:0x429a0000
           3172	      1582	0010113c	01caffd3	fadd.s	f31,f21,f28	 f21:0x00000000 f28:0x00020000 f31=0x00000000
           3174	      1583	00101140	006a0993	addi	x19,x20,6	 x20:0x00000048 x19=0x0000004e
           3176	      1584	00101144	f1d97043	fmadd.s	f0,f18,f29,f30	 f18:0x00102000 f29:0x00000030 f30:0x00102000  f0=0x00000000
           3178	      1585	00101148	d009f0d3	fcvt.s.w	f1,x19	 x19:0x0000004e  f1=0x00000000
           3180	      1586	0010114c	007a0a13	addi	x20,x20,7	 x20:0x00000048 x20=0x0000004f
           3182	      1587	00101150	d1f4ae27	fsw	f31,-740(x9)	  f9:0x00102000 f31:0xb4000000 PA:0x00101d1c store:0x442890dd load:0x45301f71
           3184	      1588	00101154	d1c4a107	flw	f2,-740(x9)	  f9:0x00102000  f2=0x00000000 PA:0x00101d1c store:0x3f7d1f60
           3186	      1589	00101158	d0092a27	fsw	f0,-748(x18)	 f18:0x00102000  f0:0x00000000 PA:0x00101d14 store:0x4534d1c6 load:0x442890dd
           3188	      1590	0010115c	d1842707	flw	f14,-744(x8)	  f8:0x00102000 f14=0x00000000 PA:0x00101d18 store:0x00000000
           3190	      1591	00101160	d1842787	flw	f15,-744(x8)	  f8:0x00102000 f15=0x00000000 PA:0x00101d18 store:0x00000000
           3192	      1592	00101164	d1492187	flw	f3,-748(x18)	 f18:0x00102000  f3=0x00000000 PA:0x00101d14 store:0x429a0000
           3194	      1593	00101168	00e17253	fadd.s	f4,f2,f14	  f2:0x00137fa0 f14:0x00000009  f4=0x00000000
           3196	      1594	0010116c	18fa75c3	fmadd.s	f11,f20,f15,f3	 f20:0x0000004f f15:0x0000000b  f3:0x0000004f f11=0x00000000
           3198	      1595	00101170	d044ae27	fsw	f4,-740(x9)	  f9:0x00102000  f4:0x00000000 PA:0x00101d1c store:0x4428d025 load:0x4534d1c6
           3200	      1596	00101174	d0b92a27	fsw	f11,-748(x18)	 f18:0x00102000 f11:0x0000004a PA:0x00101d14 store:0x453993ed load:0x4534d1c6
           3202	      1597	00101178	d1c4a287	flw	f5,-740(x9)	  f9:0x00102000  f5=0x00000000 PA:0x00101d1c store:0x3f7d1f60
           3204	      1598	0010117c	d1842307	flw	f6,-744(x8)	  f8:0x00102000  f6=0x00000000 PA:0x00101d18 store:0x00000000
           3206	      1599	00101180	d1842607	flw	f12,-744(x8)	  f8:0x00102000 f12=0x00000000 PA:0x00101d18 store:0x00000000
           3208	      1600	00101184	d1492687	flw	f13,-748(x18)	 f18:0x00102000 f13=0x00000000 PA:0x00101d14 store:0x429a0000
           3210	      1601	00101188	0062f3d3	fadd.s	f7,f5,f6	  f5:0x00000042  f6:0x00000001  f7=0x00000000
           3212	      1602	0010118c	68c0f443	fmadd.s	f8,f1,f12,f13	  f1:0x00000049 f12:0x0000004b f13:0x00000049  f8=0x00000000
           3214	      1603	00101190	d074ae27	fsw	f7,-740(x9)	  f9:0x00102000  f7:0x00000064 PA:0x00101d1c store:0x44290f6d load:0x453993ed
           3216	      1604	00101194	d1c4a487	flw	f9,-740(x9)	  f9:0x00102000  f9=0x00000000 PA:0x00101d1c store:0x3f7d1f60
           3218	      1605	00101198	d1842507	flw	f10,-744(x8)	  f8:0x00102000 f10=0x00000000 PA:0x00101d18 store:0x00000000
           3220	      1606	0010119c	d0892a27	fsw	f8,-748(x18)	 f18:0x00102000  f8:0x00102000 PA:0x00101d14 store:0x453e65e6 load:0x3f7d1f60
           3222	      1607	001011a0	00a4f853	fadd.s	f16,f9,f10	  f9:0x00102000 f10:0x00000004 f16=0x00000000
           3224	      1608	001011a4	d104ae27	fsw	f16,-740(x9)	  f9:0x00102000 f16:0x0000004c PA:0x00101d1c store:0x44294eb5 load:0x3f7d1f60
           3230	      1611	001011a8	ee7a14e3	bne	x20,x7,101090	 x20:0x0000004f  x7:0x00000064
           3232	      1612	00101090	d1842a07	flw	f20,-744(x8)	  f8:0x00102000 f20=0x00000000 PA:0x00101d18 store:0x00000000
           3234	      1613	00101094	d00a7ad3	fcvt.s.w	f21,x20	 x20:0x0000004f f21=0x00000000
           3236	      1614	00101098	d1492e07	flw	f28,-748(x18)	 f18:0x00102000 f28=0x00000000 PA:0x00101d14 store:0x3f7d1f60
           3238	      1615	0010109c	001a0093	addi	x1,x20,1	 x20:0x0000004f  x1=0x00000050
           3240	      1616	001010a0	d1c4ae87	flw	f29,-740(x9)	  f9:0x00102000 f29=0x00000000 PA:0x00101d1c store:0x453e65e6
           3242	      1617	001010a4	e14aff43	fmadd.s	f30,f21,f20,f28	 f21:0x00000000 f20:0x0000004f f28:0x00000000 f30=0x00000000
           3244	      1618	001010a8	d1842f87	flw	f31,-744(x8)	  f8:0x00102000 f31=0x00000000 PA:0x00101d18 store:0x00000000
           3246	      1619	001010ac	d000f053	fcvt.s.w	f0,x1	  x1:0x00000050  f0=0x00000000
           3248	      1620	001010b0	d1842087	flw	f1,-744(x8)	  f8:0x00102000  f1=0x00000000 PA:0x00101d18 store:0x00000000
           3250	      1621	001010b4	01fef153	fadd.s	f2,f29,f31	 f29:0x00000030 f31:0xb4000000  f2=0x00000000
           3252	      1622	001010b8	d1e92a27	fsw	f30,-748(x18)	 f18:0x00102000 f30:0x00020000 PA:0x00101d14 store:0x454347b1 load:0x3f7d1f60
           3254	      1623	001010bc	d1492707	flw	f14,-748(x18)	 f18:0x00102000 f14=0x00000000 PA:0x00101d14 store:0x3f7d1f60
           3256	      1624	001010c0	002a0593	addi	x11,x20,2	 x20:0x0000004f x11=0x00000051
           3258	      1625	001010c4	d005f7d3	fcvt.s.w	f15,x11	 x11:0x00000051 f15=0x00000000
           3260	      1626	001010c8	701071c3	fmadd.s	f3,f0,f1,f14	  f0:0x00000000  f1:0x00000050 f14:0x00000000  f3=0x00000000
           3262	      1627	001010cc	d024ae27	fsw	f2,-740(x9)	  f9:0x00102000  f2:0x00137fa0 PA:0x00101d1c store:0x44298dfd load:0x454347b1
           3264	      1628	001010d0	d1c4a207	flw	f4,-740(x9)	  f9:0x00102000  f4=0x00000000 PA:0x00101d1c store:0x453e65e6
           3266	      1629	001010d4	d1842587	flw	f11,-744(x8)	  f8:0x00102000 f11=0x00000000 PA:0x00101d18 store:0x00000000
           3268	      1630	001010d8	d1842607	flw	f12,-744(x8)	  f8:0x00102000 f12=0x00000000 PA:0x00101d18 store:0x00000000
           3270	      1631	001010dc	d0392a27	fsw	f3,-748(x18)	 f18:0x00102000  f3:0x00000000 PA:0x00101d14 store:0x4548394e load:0x3f7d1f60
           3272	      1632	001010e0	d1492287	flw	f5,-748(x18)	 f18:0x00102000  f5=0x00000000 PA:0x00101d14 store:0x3f7d1f60
           3274	      1633	001010e4	00b276d3	fadd.s	f13,f4,f11	  f4:0x00000000 f11:0x00000051 f13=0x00000000
           3276	      1634	001010e8	003a0613	addi	x12,x20,3	 x20:0x0000004f x12=0x00000052
           3278	      1635	001010ec	28c7f343	fmadd.s	f6,f15,f12,f5	 f15:0x0000000b f12:0x00000052  f5:0x0000000b  f6=0x00000000
           3280	      1636	001010f0	d00673d3	fcvt.s.w	f7,x12	 x12:0x00000052  f7=0x00000000
           3282	      1637	001010f4	004a0813	addi	x16,x20,4	 x20:0x0000004f x16=0x00000053
           3284	      1638	001010f8	d0d4ae27	fsw	f13,-740(x9)	  f9:0x00102000 f13:0x0000000d PA:0x00101d1c store:0x4429cd45 load:0x4548394e
           3286	      1639	001010fc	d1c4a407	flw	f8,-740(x9)	  f9:0x00102000  f8=0x00000000 PA:0x00101d1c store:0x453e65e6
           3288	      1640	00101100	d0692a27	fsw	f6,-748(x18)	 f18:0x00102000  f6:0x00000001 PA:0x00101d14 store:0x454d3abd load:0x4429cd45
           3290	      1641	00101104	d1842487	flw	f9,-744(x8)	  f8:0x00102000  f9=0x00000000 PA:0x00101d18 store:0x00000000
           3292	      1642	00101108	d1842507	flw	f10,-744(x8)	  f8:0x00102000 f10=0x00000000 PA:0x00101d18 store:0x00000000
           3294	      1643	0010110c	d1492807	flw	f16,-748(x18)	 f18:0x00102000 f16=0x00000000 PA:0x00101d14 store:0x3f7d1f60
           3296	      1644	00101110	009478d3	fadd.s	f17,f8,f9	  f8:0x00102000  f9:0x00102000 f17=0x00000000
           3298	      1645	00101114	d0087953	fcvt.s.w	f18,x16	 x16:0x00000053 f18=0x00000000
           3300	      1646	00101118	80a3f9c3	fmadd.s	f19,f7,f10,f16	  f7:0x00000064 f10:0x00000004 f16:0x00000064 f19=0x00000000
           3302	      1647	0010111c	005a0893	addi	x17,x20,5	 x20:0x0000004f x17=0x00000054
           3304	      1648	00101120	d008fa53	fcvt.s.w	f20,x17	 x17:0x00000054 f20=0x00000000
           3306	      1649	00101124	d114ae27	fsw	f17,-740(x9)	  f9:0x00102000 f17:0x00000054 PA:0x00101d1c store:0x442a0c8d load:0x454d3abd
           3308	      1650	00101128	d1c4aa87	flw	f21,-740(x9)	  f9:0x00102000 f21=0x00000000 PA:0x00101d1c store:0x453e65e6
           3310	      1651	0010112c	d1392a27	fsw	f19,-748(x18)	 f18:0x00102000 f19:0x0000004e PA:0x00101d14 store:0x45524bfe load:0x442a0c8d
           3312	      1652	00101130	d1842e07	flw	f28,-744(x8)	  f8:0x00102000 f28=0x00000000 PA:0x00101d18 store:0x00000000
           3314	      1653	00101134	d1842e87	flw	f29,-744(x8)	  f8:0x00102000 f29=0x00000000 PA:0x00101d18 store:0x00000000
           3316	      1654	00101138	d1492f07	flw	f30,-748(x18)	 f18:0x00102000 f30=0x00000000 PA:0x00101d14 store:0x42a80000
           3318	      1655	0010113c	01caffd3	fadd.s	f31,f21,f28	 f21:0x00000000 f28:0x00020000 f31=0x00000000
           3320	      1656	00101140	006a0993	addi	x19,x20,6	 x20:0x0000004f x19=0x00000055
           3322	      1657	00101144	f1d97043	fmadd.s	f0,f18,f29,f30	 f18:0x00102000 f29:0x00000030 f30:0x00102000  f0=0x00000000
           3324	      1658	00101148	d009f0d3	fcvt.s.w	f1,x19	 x19:0x00000055  f1=0x00000000
           3326	      1659	0010114c	007a0a13	addi	x20,x20,7	 x20:0x0000004f x20=0x00000056
           3328	      1660	00101150	d1f4ae27	fsw	f31,-740(x9)	  f9:0x00102000 f31:0xb4000000 PA:0x00101d1c store:0x442a4bd5 load:0x45524bfe
           3330	      1661	00101154	d1c4a107	flw	f2,-740(x9)	  f9:0x00102000  f2=0x00000000 PA:0x00101d1c store:0x3f7d1f60
           3332	      1662	00101158	d0092a27	fsw	f0,-748(x18)	 f18:0x00102000  f0:0x00000000 PA:0x00101d14 store:0x45576d11 load:0x442a4bd5
           3334	      1663	0010115c	d1842707	flw	f14,-744(x8)	  f8:0x00102000 f14=0x00000000 PA:0x00101d18 store:0x00000000
           3336	      1664	00101160	d1842787	flw	f15,-744(x8)	  f8:0x00102000 f15=0x00000000 PA:0x00101d18 store:0x00000000
           3338	      1665	00101164	d1492187	flw	f3,-748(x18)	 f18:0x00102000  f3=0x00000000 PA:0x00101d14 store:0x42a80000
           3340	      1666	00101168	00e17253	fadd.s	f4,f2,f14	  f2:0x00137fa0 f14:0x00000009  f4=0x00000000
           3342	      1667	0010116c	18fa75c3	fmadd.s	f11,f20,f15,f3	 f20:0x00000056 f15:0x0000000b  f3:0x00000056 f11=0x00000000
           3344	      1668	00101170	d044ae27	fsw	f4,-740(x9)	  f9:0x00102000  f4:0x00000000 PA:0x00101d1c store:0x442a8b1d load:0x45576d11
           3346	      1669	00101174	d0b92a27	fsw	f11,-748(x18)	 f18:0x00102000 f11:0x00000051 PA:0x00101d14 store:0x455c9df6 load:0x45576d11
           3348	      1670	00101178	d1c4a287	flw	f5,-740(x9)	  f9:0x00102000  f5=0x00000000 PA:0x00101d1c store:0x3f7d1f60
           3350	      1671	0010117c	d1842307	flw	f6,-744(x8)	  f8:0x00102000  f6=0x00000000 PA:0x00101d18 store:0x00000000
           3352	      1672	00101180	d1842607	flw	f12,-744(x8)	  f8:0x00102000 f12=0x00000000 PA:0x00101d18 store:0x00000000
           3354	      1673	00101184	d1492687	flw	f13,-748(x18)	 f18:0x00102000 f13=0x00000000 PA:0x00101d14 store:0x42a80000
           3356	      1674	00101188	0062f3d3	fadd.s	f7,f5,f6	  f5:0x00000042  f6:0x00000001  f7=0x00000000
           3358	      1675	0010118c	68c0f443	fmadd.s	f8,f1,f12,f13	  f1:0x00000050 f12:0x00000052 f13:0x00000050  f8=0x00000000
           3360	      1676	00101190	d074ae27	fsw	f7,-740(x9)	  f9:0x00102000  f7:0x00000064 PA:0x00101d1c store:0x442aca65 load:0x455c9df6
           3362	      1677	00101194	d1c4a487	flw	f9,-740(x9)	  f9:0x00102000  f9=0x00000000 PA:0x00101d1c store:0x3f7d1f60
           3364	      1678	00101198	d1842507	flw	f10,-744(x8)	  f8:0x00102000 f10=0x00000000 PA:0x00101d18 store:0x00000000
           3366	      1679	0010119c	d0892a27	fsw	f8,-748(x18)	 f18:0x00102000  f8:0x00102000 PA:0x00101d14 store:0x4561dead load:0x3f7d1f60
           3368	      1680	001011a0	00a4f853	fadd.s	f16,f9,f10	  f9:0x00102000 f10:0x00000004 f16=0x00000000
           3370	      1681	001011a4	d104ae27	fsw	f16,-740(x9)	  f9:0x00102000 f16:0x00000053 PA:0x00101d1c store:0x442b09ad load:0x3f7d1f60
           3376	      1684	001011a8	ee7a14e3	bne	x20,x7,101090	 x20:0x00000056  x7:0x00000064
           3378	      1685	00101090	d1842a07	flw	f20,-744(x8)	  f8:0x00102000 f20=0x00000000 PA:0x00101d18 store:0x00000000
           3380	      1686	00101094	d00a7ad3	fcvt.s.w	f21,x20	 x20:0x00000056 f21=0x00000000
           3382	      1687	00101098	d1492e07	flw	f28,-748(x18)	 f18:0x00102000 f28=0x00000000 PA:0x00101d14 store:0x3f7d1f60
           3384	      1688	0010109c	001a0093	addi	x1,x20,1	 x20:0x00000056  x1=0x00000057
           3386	      1689	001010a0	d1c4ae87	flw	f29,-740(x9)	  f9:0x00102000 f29=0x00000000 PA:0x00101d1c store:0x4561dead
           3388	      1690	001010a4	e14aff43	fmadd.s	f30,f21,f20,f28	 f21:0x00000000 f20:0x00000056 f28:0x00000000 f30=0x00000000
           3390	      1691	001010a8	d1842f87	flw	f31,-744(x8)	  f8:0x00102000 f31=0x00000000 PA:0x00101d18 store:0x00000000
           3392	      1692	001010ac	d000f053	fcvt.s.w	f0,x1	  x1:0x00000057  f0=0x00000000
           3394	      1693	001010b0	d1842087	flw	f1,-744(x8)	  f8:0x00102000  f1=0x00000000 PA:0x00101d18 store:0x00000000
           3396	      1694	001010b4	01fef153	fadd.s	f2,f29,f31	 f29:0x00000030 f31:0xb4000000  f2=0x00000000
           3398	      1695	001010b8	d1e92a27	fsw	f30,-748(x18)	 f18:0x00102000 f30:0x00020000 PA:0x00101d14 store:0x45672f36 load:0x3f7d1f60
           3400	      1696	001010bc	d1492707	flw	f14,-748(x18)	 f18:0x00102000 f14=0x00000000 PA:0x00101d14 store:0x3f7d1f60
           3402	      1697	001010c0	002a0593	addi	x11,x20,2	 x20:0x00000056 x11=0x00000058
           3404	      1698	001010c4	d005f7d3	fcvt.s.w	f15,x11	 x11:0x00000058 f15=0x00000000
           3406	      1699	001010c8	701071c3	fmadd.s	f3,f0,f1,f14	  f0:0x00000000  f1:0x00000057 f14:0x00000000  f3=0x00000000
           3408	      1700	001010cc	d024ae27	fsw	f2,-740(x9)	  f9:0x00102000  f2:0x00137fa0 PA:0x00101d1c store:0x442b48f5 load:0x45672f36
           3410	      1701	001010d0	d1c4a207	flw	f4,-740(x9)	  f9:0x00102000  f4=0x00000000 PA:0x00101d1c store:0x4561dead
           3412	      1702	001010d4	d1842587	flw	f11,-744(x8)	  f8:0x00102000 f11=0x00000000 PA:0x00101d18 store:0x00000000
           3414	      1703	001010d8	d1842607	flw	f12,-744(x8)	  f8:0x00102000 f12=0x00000000 PA:0x00101d18 store:0x00000000
           3416	      1704	001010dc	d0392a27	fsw	f3,-748(x18)	 f18:0x00102000  f3:0x00000000 PA:0x00101d14 store:0x456c8f91 load:0x3f7d1f60
           3418	      1705	001010e0	d1492287	flw	f5,-748(x18)	 f18:0x00102000  f5=0x00000000 PA:0x00101d14 store:0x3f7d1f60
           3420	      1706	001010e4	00b276d3	fadd.s	f13,f4,f11	  f4:0x00000000 f11:0x00000058 f13=0x00000000
           3422	      1707	001010e8	003a0613	addi	x12,x20,3	 x20:0x00000056 x12=0x00000059
           3424	      1708	001010ec	28c7f343	fmadd.s	f6,f15,f12,f5	 f15:0x0000000b f12:0x00000059  f5:0x0000000b  f6=0x00000000
           3426	      1709	001010f0	d00673d3	fcvt.s.w	f7,x12	 x12:0x00000059  f7=0x00000000
           3428	      1710	001010f4	004a0813	addi	x16,x20,4	 x20:0x00000056 x16=0x0000005a
           3430	      1711	001010f8	d0d4ae27	fsw	f13,-740(x9)	  f9:0x00102000 f13:0x0000000d PA:0x00101d1c store:0x442b883d load:0x456c8f91
           3432	      1712	001010fc	d1c4a407	flw	f8,-740(x9)	  f9:0x00102000  f8=0x00000000 PA:0x00101d1c store:0x4561dead
           3434	      1713	00101100	d0692a27	fsw	f6,-748(x18)	 f18:0x00102000  f6:0x00000001 PA:0x00101d14 store:0x4571ffbe load:0x442b883d
           3436	      1714	00101104	d1842487	flw	f9,-744(x8)	  f8:0x00102000  f9=0x00000000 PA:0x00101d18 store:0x00000000
           3438	      1715	00101108	d1842507	flw	f10,-744(x8)	  f8:0x00102000 f10=0x00000000 PA:0x00101d18 store:0x00000000
           3440	      1716	0010110c	d1492807	flw	f16,-748(x18)	 f18:0x00102000 f16=0x00000000 PA:0x00101d14 store:0x3f7d1f60
           3442	      1717	00101110	009478d3	fadd.s	f17,f8,f9	  f8:0x00102000  f9:0x00102000 f17=0x00000000
           3444	      1718	00101114	d0087953	fcvt.s.w	f18,x16	 x16:0x0000005a f18=0x00000000
           3446	      1719	00101118	80a3f9c3	fmadd.s	f19,f7,f10,f16	  f7:0x00000064 f10:0x00000004 f16:0x00000064 f19=0x00000000
           3448	      1720	0010111c	005a0893	addi	x17,x20,5	 x20:0x00000056 x17=0x0000005b
           3450	      1721	00101120	d008fa53	fcvt.s.w	f20,x17	 x17:0x0000005b f20=0x00000000
           3452	      1722	00101124	d114ae27	fsw	f17,-740(x9)	  f9:0x00102000 f17:0x0000005b PA:0x00101d1c store:0x442bc785 load:0x4571ffbe
           3454	      1723	00101128	d1c4aa87	flw	f21,-740(x9)	  f9:0x00102000 f21=0x00000000 PA:0x00101d1c store:0x4561dead
           3456	      1724	0010112c	d1392a27	fsw	f19,-748(x18)	 f18:0x00102000 f19:0x00000055 PA:0x00101d14 store:0x45777fbd load:0x442bc785
           3458	      1725	00101130	d1842e07	flw	f28,-744(x8)	  f8:0x00102000 f28=0x00000000 PA:0x00101d18 store:0x00000000
           3460	      1726	00101134	d1842e87	flw	f29,-744(x8)	  f8:0x00102000 f29=0x00000000 PA:0x00101d18 store:0x00000000
           3462	      1727	00101138	d1492f07	flw	f30,-748(x18)	 f18:0x00102000 f30=0x00000000 PA:0x00101d14 store:0x42b60000
           3464	      1728	0010113c	01caffd3	fadd.s	f31,f21,f28	 f21:0x00000000 f28:0x00020000 f31=0x00000000
           3466	      1729	00101140	006a0993	addi	x19,x20,6	 x20:0x00000056 x19=0x0000005c
           3468	      1730	00101144	f1d97043	fmadd.s	f0,f18,f29,f30	 f18:0x00102000 f29:0x00000030 f30:0x00102000  f0=0x00000000
           3470	      1731	00101148	d009f0d3	fcvt.s.w	f1,x19	 x19:0x0000005c  f1=0x00000000
           3472	      1732	0010114c	007a0a13	addi	x20,x20,7	 x20:0x00000056 x20=0x0000005d
           3474	      1733	00101150	d1f4ae27	fsw	f31,-740(x9)	  f9:0x00102000 f31:0xb4000000 PA:0x00101d1c store:0x442c06cd load:0x45777fbd
           3476	      1734	00101154	d1c4a107	flw	f2,-740(x9)	  f9:0x00102000  f2=0x00000000 PA:0x00101d1c store:0x3f7d1f60
           3478	      1735	00101158	d0092a27	fsw	f0,-748(x18)	 f18:0x00102000  f0:0x00000000 PA:0x00101d14 store:0x457d0f8d load:0x442c06cd
           3480	      1736	0010115c	d1842707	flw	f14,-744(x8)	  f8:0x00102000 f14=0x00000000 PA:0x00101d18 store:0x00000000
           3482	      1737	00101160	d1842787	flw	f15,-744(x8)	  f8:0x00102000 f15=0x00000000 PA:0x00101d18 store:0x00000000
           3484	      1738	00101164	d1492187	flw	f3,-748(x18)	 f18:0x00102000  f3=0x00000000 PA:0x00101d14 store:0x42b60000
           3486	      1739	00101168	00e17253	fadd.s	f4,f2,f14	  f2:0x00137fa0 f14:0x00000009  f4=0x00000000
           3488	      1740	0010116c	18fa75c3	fmadd.s	f11,f20,f15,f3	 f20:0x0000005d f15:0x0000000b  f3:0x0000005d f11=0x00000000
           3490	      1741	00101170	d044ae27	fsw	f4,-740(x9)	  f9:0x00102000  f4:0x00000000 PA:0x00101d1c store:0x442c4615 load:0x457d0f8d
           3492	      1742	00101174	d0b92a27	fsw	f11,-748(x18)	 f18:0x00102000 f11:0x00000058 PA:0x00101d14 store:0x45815798 load:0x457d0f8d
           3494	      1743	00101178	d1c4a287	flw	f5,-740(x9)	  f9:0x00102000  f5=0x00000000 PA:0x00101d1c store:0x3f7d1f60
           3496	      1744	0010117c	d1842307	flw	f6,-744(x8)	  f8:0x00102000  f6=0x00000000 PA:0x00101d18 store:0x00000000
           3498	      1745	00101180	d1842607	flw	f12,-744(x8)	  f8:0x00102000 f12=0x00000000 PA:0x00101d18 store:0x00000000
           3500	      1746	00101184	d1492687	flw	f13,-748(x18)	 f18:0x00102000 f13=0x00000000 PA:0x00101d14 store:0x42b60000
           3502	      1747	00101188	0062f3d3	fadd.s	f7,f5,f6	  f5:0x00000042  f6:0x00000001  f7=0x00000000
           3504	      1748	0010118c	68c0f443	fmadd.s	f8,f1,f12,f13	  f1:0x00000057 f12:0x00000059 f13:0x00000057  f8=0x00000000
           3506	      1749	00101190	d074ae27	fsw	f7,-740(x9)	  f9:0x00102000  f7:0x00000064 PA:0x00101d1c store:0x442c855d load:0x45815798
           3508	      1750	00101194	d1c4a487	flw	f9,-740(x9)	  f9:0x00102000  f9=0x00000000 PA:0x00101d1c store:0x3f7d1f60
           3510	      1751	00101198	d1842507	flw	f10,-744(x8)	  f8:0x00102000 f10=0x00000000 PA:0x00101d18 store:0x00000000
           3512	      1752	0010119c	d0892a27	fsw	f8,-748(x18)	 f18:0x00102000  f8:0x00102000 PA:0x00101d14 store:0x45842f52 load:0x3f7d1f60
           3514	      1753	001011a0	00a4f853	fadd.s	f16,f9,f10	  f9:0x00102000 f10:0x00000004 f16=0x00000000
           3516	      1754	001011a4	d104ae27	fsw	f16,-740(x9)	  f9:0x00102000 f16:0x0000005a PA:0x00101d1c store:0x442cc4a5 load:0x3f7d1f60
           3522	      1757	001011a8	ee7a14e3	bne	x20,x7,101090	 x20:0x0000005d  x7:0x00000064
           3524	      1758	00101090	d1842a07	flw	f20,-744(x8)	  f8:0x00102000 f20=0x00000000 PA:0x00101d18 store:0x00000000
           3526	      1759	00101094	d00a7ad3	fcvt.s.w	f21,x20	 x20:0x0000005d f21=0x00000000
           3528	      1760	00101098	d1492e07	flw	f28,-748(x18)	 f18:0x00102000 f28=0x00000000 PA:0x00101d14 store:0x3f7d1f60
           3530	      1761	0010109c	001a0093	addi	x1,x20,1	 x20:0x0000005d  x1=0x0000005e
           3532	      1762	001010a0	d1c4ae87	flw	f29,-740(x9)	  f9:0x00102000 f29=0x00000000 PA:0x00101d1c store:0x45842f52
           3534	      1763	001010a4	e14aff43	fmadd.s	f30,f21,f20,f28	 f21:0x00000000 f20:0x0000005d f28:0x00000000 f30=0x00000000
           3536	      1764	001010a8	d1842f87	flw	f31,-744(x8)	  f8:0x00102000 f31=0x00000000 PA:0x00101d18 store:0x00000000
           3538	      1765	001010ac	d000f053	fcvt.s.w	f0,x1	  x1:0x0000005e  f0=0x00000000
           3540	      1766	001010b0	d1842087	flw	f1,-744(x8)	  f8:0x00102000  f1=0x00000000 PA:0x00101d18 store:0x00000000
           3542	      1767	001010b4	01fef153	fadd.s	f2,f29,f31	 f29:0x00000030 f31:0xb4000000  f2=0x00000000
           3544	      1768	001010b8	d1e92a27	fsw	f30,-748(x18)	 f18:0x00102000 f30:0x00020000 PA:0x00101d14 store:0x45870ef5 load:0x3f7d1f60
           3546	      1769	001010bc	d1492707	flw	f14,-748(x18)	 f18:0x00102000 f14=0x00000000 PA:0x00101d14 store:0x3f7d1f60
           3548	      1770	001010c0	002a0593	addi	x11,x20,2	 x20:0x0000005d x11=0x0000005f
           3550	      1771	001010c4	d005f7d3	fcvt.s.w	f15,x11	 x11:0x0000005f f15=0x00000000
           3552	      1772	001010c8	701071c3	fmadd.s	f3,f0,f1,f14	  f0:0x00000000  f1:0x0000005e f14:0x00000000  f3=0x00000000
           3554	      1773	001010cc	d024ae27	fsw	f2,-740(x9)	  f9:0x00102000  f2:0x00137fa0 PA:0x00101d1c store:0x442d03ed load:0x45870ef5
           3556	      1774	001010d0	d1c4a207	flw	f4,-740(x9)	  f9:0x00102000  f4=0x00000000 PA:0x00101d1c store:0x45842f52
           3558	      1775	001010d4	d1842587	flw	f11,-744(x8)	  f8:0x00102000 f11=0x00000000 PA:0x00101d18 store:0x00000000
           3560	      1776	001010d8	d1842607	flw	f12,-744(x8)	  f8:0x00102000 f12=0x00000000 PA:0x00101d18 store:0x00000000
           3562	      1777	001010dc	d0392a27	fsw	f3,-748(x18)	 f18:0x00102000  f3:0x00000000 PA:0x00101d14 store:0x4589f681 load:0x3f7d1f60
           3564	      1778	001010e0	d1492287	flw	f5,-748(x18)	 f18:0x00102000  f5=0x00000000 PA:0x00101d14 store:0x3f7d1f60
           3566	      1779	001010e4	00b276d3	fadd.s	f13,f4,f11	  f4:0x00000000 f11:0x0000005f f13=0x00000000
           3568	      1780	001010e8	003a0613	addi	x12,x20,3	 x20:0x0000005d x12=0x00000060
           3570	      1781	001010ec	28c7f343	fmadd.s	f6,f15,f12,f5	 f15:0x0000000b f12:0x00000060  f5:0x0000000b  f6=0x00000000
           3572	      1782	001010f0	d00673d3	fcvt.s.w	f7,x12	 x12:0x00000060  f7=0x00000000
           3574	      1783	001010f4	004a0813	addi	x16,x20,4	 x20:0x0000005d x16=0x00000061
           3576	      1784	001010f8	d0d4ae27	fsw	f13,-740(x9)	  f9:0x00102000 f13:0x0000000d PA:0x00101d1c store:0x442d4335 load:0x4589f681
           3578	      1785	001010fc	d1c4a407	flw	f8,-740(x9)	  f9:0x00102000  f8=0x00000000 PA:0x00101d1c store:0x45842f52
           3580	      1786	00101100	d0692a27	fsw	f6,-748(x18)	 f18:0x00102000  f6:0x00000001 PA:0x00101d14 store:0x458ce5f6 load:0x442d4335
           3582	      1787	00101104	d1842487	flw	f9,-744(x8)	  f8:0x00102000  f9=0x00000000 PA:0x00101d18 store:0x00000000
           3584	      1788	00101108	d1842507	flw	f10,-744(x8)	  f8:0x00102000 f10=0x00000000 PA:0x00101d18 store:0x00000000
           3586	      1789	0010110c	d1492807	flw	f16,-748(x18)	 f18:0x00102000 f16=0x00000000 PA:0x00101d14 store:0x3f7d1f60
           3588	      1790	00101110	009478d3	fadd.s	f17,f8,f9	  f8:0x00102000  f9:0x00102000 f17=0x00000000
           3590	      1791	00101114	d0087953	fcvt.s.w	f18,x16	 x16:0x00000061 f18=0x00000000
           3592	      1792	00101118	80a3f9c3	fmadd.s	f19,f7,f10,f16	  f7:0x00000064 f10:0x00000004 f16:0x00000064 f19=0x00000000
           3594	      1793	0010111c	005a0893	addi	x17,x20,5	 x20:0x0000005d x17=0x00000062
           3596	      1794	00101120	d008fa53	fcvt.s.w	f20,x17	 x17:0x00000062 f20=0x00000000
           3598	      1795	00101124	d114ae27	fsw	f17,-740(x9)	  f9:0x00102000 f17:0x00000062 PA:0x00101d1c store:0x442d827d load:0x458ce5f6
           3600	      1796	00101128	d1c4aa87	flw	f21,-740(x9)	  f9:0x00102000 f21=0x00000000 PA:0x00101d1c store:0x45842f52
           3602	      1797	0010112c	d1392a27	fsw	f19,-748(x18)	 f18:0x00102000 f19:0x0000005c PA:0x00101d14 store:0x458fdd54 load:0x442d827d
           3604	      1798	00101130	d1842e07	flw	f28,-744(x8)	  f8:0x00102000 f28=0x00000000 PA:0x00101d18 store:0x00000000
           3606	      1799	00101134	d1842e87	flw	f29,-744(x8)	  f8:0x00102000 f29=0x00000000 PA:0x00101d18 store:0x00000000
           3608	      1800	00101138	d1492f07	flw	f30,-748(x18)	 f18:0x00102000 f30=0x00000000 PA:0x00101d14 store:0x42c40000
           3610	      1801	0010113c	01caffd3	fadd.s	f31,f21,f28	 f21:0x00000000 f28:0x00020000 f31=0x00000000
           3612	      1802	00101140	006a0993	addi	x19,x20,6	 x20:0x0000005d x19=0x00000063
           3614	      1803	00101144	f1d97043	fmadd.s	f0,f18,f29,f30	 f18:0x00102000 f29:0x00000030 f30:0x00102000  f0=0x00000000
           3616	      1804	00101148	d009f0d3	fcvt.s.w	f1,x19	 x19:0x00000063  f1=0x00000000
           3618	      1805	0010114c	007a0a13	addi	x20,x20,7	 x20:0x0000005d x20=0x00000064
           3620	      1806	00101150	d1f4ae27	fsw	f31,-740(x9)	  f9:0x00102000 f31:0xb4000000 PA:0x00101d1c store:0x442dc1c5 load:0x458fdd54
           3622	      1807	00101154	d1c4a107	flw	f2,-740(x9)	  f9:0x00102000  f2=0x00000000 PA:0x00101d1c store:0x3f7d1f60
           3624	      1808	00101158	d0092a27	fsw	f0,-748(x18)	 f18:0x00102000  f0:0x00000000 PA:0x00101d14 store:0x4592dc9b load:0x442dc1c5
           3626	      1809	0010115c	d1842707	flw	f14,-744(x8)	  f8:0x00102000 f14=0x00000000 PA:0x00101d18 store:0x00000000
           3628	      1810	00101160	d1842787	flw	f15,-744(x8)	  f8:0x00102000 f15=0x00000000 PA:0x00101d18 store:0x00000000
           3630	      1811	00101164	d1492187	flw	f3,-748(x18)	 f18:0x00102000  f3=0x00000000 PA:0x00101d14 store:0x42c40000
           3632	      1812	00101168	00e17253	fadd.s	f4,f2,f14	  f2:0x00137fa0 f14:0x00000009  f4=0x00000000
           3634	      1813	0010116c	18fa75c3	fmadd.s	f11,f20,f15,f3	 f20:0x00000064 f15:0x0000000b  f3:0x00000064 f11=0x00000000
           3636	      1814	00101170	d044ae27	fsw	f4,-740(x9)	  f9:0x00102000  f4:0x00000000 PA:0x00101d1c store:0x442e010d load:0x4592dc9b
           3638	      1815	00101174	d0b92a27	fsw	f11,-748(x18)	 f18:0x00102000 f11:0x0000005f PA:0x00101d14 store:0x4595e3cb load:0x4592dc9b
           3640	      1816	00101178	d1c4a287	flw	f5,-740(x9)	  f9:0x00102000  f5=0x00000000 PA:0x00101d1c store:0x3f7d1f60
           3642	      1817	0010117c	d1842307	flw	f6,-744(x8)	  f8:0x00102000  f6=0x00000000 PA:0x00101d18 store:0x00000000
           3644	      1818	00101180	d1842607	flw	f12,-744(x8)	  f8:0x00102000 f12=0x00000000 PA:0x00101d18 store:0x00000000
           3646	      1819	00101184	d1492687	flw	f13,-748(x18)	 f18:0x00102000 f13=0x00000000 PA:0x00101d14 store:0x42c40000
           3648	      1820	00101188	0062f3d3	fadd.s	f7,f5,f6	  f5:0x00000042  f6:0x00000001  f7=0x00000000
           3650	      1821	0010118c	68c0f443	fmadd.s	f8,f1,f12,f13	  f1:0x0000005e f12:0x00000060 f13:0x0000005e  f8=0x00000000
           3652	      1822	00101190	d074ae27	fsw	f7,-740(x9)	  f9:0x00102000  f7:0x00000064 PA:0x00101d1c store:0x442e4055 load:0x4595e3cb
           3654	      1823	00101194	d1c4a487	flw	f9,-740(x9)	  f9:0x00102000  f9=0x00000000 PA:0x00101d1c store:0x3f7d1f60
           3656	      1824	00101198	d1842507	flw	f10,-744(x8)	  f8:0x00102000 f10=0x00000000 PA:0x00101d18 store:0x00000000
           3658	      1825	0010119c	d0892a27	fsw	f8,-748(x18)	 f18:0x00102000  f8:0x00102000 PA:0x00101d14 store:0x4598f2e4 load:0x3f7d1f60
           3660	      1826	001011a0	00a4f853	fadd.s	f16,f9,f10	  f9:0x00102000 f10:0x00000004 f16=0x00000000
           3662	      1827	001011a4	d104ae27	fsw	f16,-740(x9)	  f9:0x00102000 f16:0x00000061 PA:0x00101d1c store:0x442e7f9d load:0x3f7d1f60
           3664	      1828	001011a8	ee7a14e3	bne	x20,x7,101090	 x20:0x00000064  x7:0x00000064
           3666	      1829	001011ac	d1c4a887	flw	f17,-740(x9)	  f9:0x00102000 f17=0x00000000 PA:0x00101d1c store:0x3f7d1f60
           3672	      1832	001011b0	00102ab7	lui	x21,0x102	 x21=0x00102000
           3674	      1833	001011b4	00102a37	lui	x20,0x102	 x20=0x00102000
           3676	      1834	001011b8	9d8a8513	addi	x10,x21,-1576	 x21:0x00102000 x10=0x001019d8
           3678	      1835	001011bc	e0088b53	fmv.x.w	x22,f17	 f17:0x00000062 x22=0x442e7f9d
           3680	      1836	001011c0	cf6a2c23	sw	x22,-776(x20)	 x20:0x00102000 x22:0x442e7f9d PA:0x00101cf8 store:0x442e7f9d load:0x442e7f9d
           3682	      1837	001011c4	eddfe0ef	jal	x1,1000a0	  x1=0x001011c8
           3684	      1838	001000a0	00054803	lbu	x16,0(x10)	 x10:0x001019d8 x16=0x0000000a PA:0x001019d8 store:0x00000000
           3686	      1839	001000a4	06080663	beq	x16,x0,100110	 x16:0x0000000a  x0:0x00000000
           3688	      1840	001000a8	000207b7	lui	x15,0x20	 x15=0x00020000
           3690	      1841	001000ac	0107a023	sw	x16,0(x15)	 x15:0x00020000 x16:0x0000000a PA:0x00020000 store:0x0000000a load:0x00000000
           3694	      1843	001000b0	00154703	lbu	x14,1(x10)	 x10:0x001019d8 x14=0x0000000a PA:0x001019d9 store:0x001011c8
           3696	      1844	001000b4	04070e63	beq	x14,x0,100110	 x14:0x0000000a  x0:0x00000000
           3700	      1846	001000b8	00e7a023	sw	x14,0(x15)	 x15:0x00020000 x14:0x0000000a PA:0x00020000 store:0x0000000a load:0x00000000
           3704	      1848	001000bc	00254283	lbu	x5,2(x10)	 x10:0x001019d8  x5=0x00000031 PA:0x001019da store:0x00137fa0
           3706	      1849	001000c0	04028863	beq	x5,x0,100110	  x5:0x00000031  x0:0x00000000
           3710	      1851	001000c4	0057a023	sw	x5,0(x15)	 x15:0x00020000  x5:0x00000031 PA:0x00020000 store:0x00000031 load:0x00000000
           3714	      1853	001000c8	00354303	lbu	x6,3(x10)	 x10:0x001019d8  x6=0x00000030 PA:0x001019db store:0x00000000
           3716	      1854	001000cc	04030263	beq	x6,x0,100110	  x6:0x00000030  x0:0x00000000
           3720	      1856	001000d0	0067a023	sw	x6,0(x15)	 x15:0x00020000  x6:0x00000030 PA:0x00020000 store:0x00000030 load:0x00000000
           3724	      1858	001000d4	00454383	lbu	x7,4(x10)	 x10:0x001019d8  x7=0x00000030 PA:0x001019dc store:0x00000000
           3726	      1859	001000d8	02038c63	beq	x7,x0,100110	  x7:0x00000030  x0:0x00000000
           3730	      1861	001000dc	0077a023	sw	x7,0(x15)	 x15:0x00020000  x7:0x00000030 PA:0x00020000 store:0x00000030 load:0x00000000
           3734	      1863	001000e0	00554583	lbu	x11,5(x10)	 x10:0x001019d8 x11=0x00000020 PA:0x001019dd store:0x00000031
           3736	      1864	001000e4	02058663	beq	x11,x0,100110	 x11:0x00000020  x0:0x00000000
           3740	      1866	001000e8	00b7a023	sw	x11,0(x15)	 x15:0x00020000 x11:0x00000020 PA:0x00020000 store:0x00000020 load:0x00000000
           3744	      1868	001000ec	00654603	lbu	x12,6(x10)	 x10:0x001019d8 x12=0x00000046 PA:0x001019de store:0x00000030
           3746	      1869	001000f0	02060063	beq	x12,x0,100110	 x12:0x00000046  x0:0x00000000
           3750	      1871	001000f4	00c7a023	sw	x12,0(x15)	 x15:0x00020000 x12:0x00000046 PA:0x00020000 store:0x00000046 load:0x00000000
           3754	      1873	001000f8	00754683	lbu	x13,7(x10)	 x10:0x001019d8 x13=0x0000004d PA:0x001019df store:0x00000030
           3756	      1874	001000fc	00850513	addi	x10,x10,8	 x10:0x001019d8 x10=0x001019e0
           3758	      1875	00100100	00068863	beq	x13,x0,100110	 x13:0x0000004d  x0:0x00000000
           3762	      1877	00100104	00d7a023	sw	x13,0(x15)	 x15:0x00020000 x13:0x0000004d PA:0x00020000 store:0x0000004d load:0x00000000
           3766	      1879	00100108	00054803	lbu	x16,0(x10)	 x10:0x001019e0 x16=0x00000041 PA:0x001019e0 store:0x00000000
           3770	      1881	0010010c	fa0810e3	bne	x16,x0,1000ac	 x16:0x00000041  x0:0x00000000
           3776	      1884	001000ac	0107a023	sw	x16,0(x15)	 x15:0x00020000 x16:0x00000041 PA:0x00020000 store:0x00000041 load:0x00000000
           3780	      1886	001000b0	00154703	lbu	x14,1(x10)	 x10:0x001019e0 x14=0x00000044 PA:0x001019e1 store:0x001011c8
           3782	      1887	001000b4	04070e63	beq	x14,x0,100110	 x14:0x00000044  x0:0x00000000
           3786	      1889	001000b8	00e7a023	sw	x14,0(x15)	 x15:0x00020000 x14:0x00000044 PA:0x00020000 store:0x00000044 load:0x00000000
           3790	      1891	001000bc	00254283	lbu	x5,2(x10)	 x10:0x001019e0  x5=0x00000044 PA:0x001019e2 store:0x00137fa0
           3792	      1892	001000c0	04028863	beq	x5,x0,100110	  x5:0x00000044  x0:0x00000000
           3796	      1894	001000c4	0057a023	sw	x5,0(x15)	 x15:0x00020000  x5:0x00000044 PA:0x00020000 store:0x00000044 load:0x00000000
           3800	      1896	001000c8	00354303	lbu	x6,3(x10)	 x10:0x001019e0  x6=0x00000073 PA:0x001019e3 store:0x00000000
           3802	      1897	001000cc	04030263	beq	x6,x0,100110	  x6:0x00000073  x0:0x00000000
           3806	      1899	001000d0	0067a023	sw	x6,0(x15)	 x15:0x00020000  x6:0x00000073 PA:0x00020000 store:0x00000073 load:0x00000000
           3810	      1901	001000d4	00454383	lbu	x7,4(x10)	 x10:0x001019e0  x7=0x00000020 PA:0x001019e4 store:0x00000000
           3812	      1902	001000d8	02038c63	beq	x7,x0,100110	  x7:0x00000020  x0:0x00000000
           3816	      1904	001000dc	0077a023	sw	x7,0(x15)	 x15:0x00020000  x7:0x00000020 PA:0x00020000 store:0x00000020 load:0x00000000
           3820	      1906	001000e0	00554583	lbu	x11,5(x10)	 x10:0x001019e0 x11=0x00000072 PA:0x001019e5 store:0x00000044
           3822	      1907	001000e4	02058663	beq	x11,x0,100110	 x11:0x00000072  x0:0x00000000
           3826	      1909	001000e8	00b7a023	sw	x11,0(x15)	 x15:0x00020000 x11:0x00000072 PA:0x00020000 store:0x00000072 load:0x00000000
           3830	      1911	001000ec	00654603	lbu	x12,6(x10)	 x10:0x001019e0 x12=0x00000065 PA:0x001019e6 store:0x00000073
           3832	      1912	001000f0	02060063	beq	x12,x0,100110	 x12:0x00000065  x0:0x00000000
           3836	      1914	001000f4	00c7a023	sw	x12,0(x15)	 x15:0x00020000 x12:0x00000065 PA:0x00020000 store:0x00000065 load:0x00000000
           3840	      1916	001000f8	00754683	lbu	x13,7(x10)	 x10:0x001019e0 x13=0x00000073 PA:0x001019e7 store:0x00000020
           3842	      1917	001000fc	00850513	addi	x10,x10,8	 x10:0x001019e0 x10=0x001019e8
           3844	      1918	00100100	00068863	beq	x13,x0,100110	 x13:0x00000073  x0:0x00000000
           3848	      1920	00100104	00d7a023	sw	x13,0(x15)	 x15:0x00020000 x13:0x00000073 PA:0x00020000 store:0x00000073 load:0x00000000
           3852	      1922	00100108	00054803	lbu	x16,0(x10)	 x10:0x001019e8 x16=0x00000075 PA:0x001019e8 store:0x00000000
           3856	      1924	0010010c	fa0810e3	bne	x16,x0,1000ac	 x16:0x00000075  x0:0x00000000
           3862	      1927	001000ac	0107a023	sw	x16,0(x15)	 x15:0x00020000 x16:0x00000075 PA:0x00020000 store:0x00000075 load:0x00000000
           3866	      1929	001000b0	00154703	lbu	x14,1(x10)	 x10:0x001019e8 x14=0x0000006c PA:0x001019e9 store:0x001011c8
           3868	      1930	001000b4	04070e63	beq	x14,x0,100110	 x14:0x0000006c  x0:0x00000000
           3872	      1932	001000b8	00e7a023	sw	x14,0(x15)	 x15:0x00020000 x14:0x0000006c PA:0x00020000 store:0x0000006c load:0x00000000
           3876	      1934	001000bc	00254283	lbu	x5,2(x10)	 x10:0x001019e8  x5=0x00000074 PA:0x001019ea store:0x00137fa0
           3878	      1935	001000c0	04028863	beq	x5,x0,100110	  x5:0x00000074  x0:0x00000000
           3882	      1937	001000c4	0057a023	sw	x5,0(x15)	 x15:0x00020000  x5:0x00000074 PA:0x00020000 store:0x00000074 load:0x00000000
           3886	      1939	001000c8	00354303	lbu	x6,3(x10)	 x10:0x001019e8  x6=0x00000020 PA:0x001019eb store:0x00000000
           3888	      1940	001000cc	04030263	beq	x6,x0,100110	  x6:0x00000020  x0:0x00000000
           3892	      1942	001000d0	0067a023	sw	x6,0(x15)	 x15:0x00020000  x6:0x00000020 PA:0x00020000 store:0x00000020 load:0x00000000
           3896	      1944	001000d4	00454383	lbu	x7,4(x10)	 x10:0x001019e8  x7=0x00000069 PA:0x001019ec store:0x00000000
           3898	      1945	001000d8	02038c63	beq	x7,x0,100110	  x7:0x00000069  x0:0x00000000
           3902	      1947	001000dc	0077a023	sw	x7,0(x15)	 x15:0x00020000  x7:0x00000069 PA:0x00020000 store:0x00000069 load:0x00000000
           3906	      1949	001000e0	00554583	lbu	x11,5(x10)	 x10:0x001019e8 x11=0x0000006e PA:0x001019ed store:0x00000074
           3908	      1950	001000e4	02058663	beq	x11,x0,100110	 x11:0x0000006e  x0:0x00000000
           3912	      1952	001000e8	00b7a023	sw	x11,0(x15)	 x15:0x00020000 x11:0x0000006e PA:0x00020000 store:0x0000006e load:0x00000000
           3916	      1954	001000ec	00654603	lbu	x12,6(x10)	 x10:0x001019e8 x12=0x0000003a PA:0x001019ee store:0x00000020
           3918	      1955	001000f0	02060063	beq	x12,x0,100110	 x12:0x0000003a  x0:0x00000000
           3922	      1957	001000f4	00c7a023	sw	x12,0(x15)	 x15:0x00020000 x12:0x0000003a PA:0x00020000 store:0x0000003a load:0x00000000
           3926	      1959	001000f8	00754683	lbu	x13,7(x10)	 x10:0x001019e8 x13=0x00000020 PA:0x001019ef store:0x00000069
           3928	      1960	001000fc	00850513	addi	x10,x10,8	 x10:0x001019e8 x10=0x001019f0
           3930	      1961	00100100	00068863	beq	x13,x0,100110	 x13:0x00000020  x0:0x00000000
           3934	      1963	00100104	00d7a023	sw	x13,0(x15)	 x15:0x00020000 x13:0x00000020 PA:0x00020000 store:0x00000020 load:0x00000000
           3938	      1965	00100108	00054803	lbu	x16,0(x10)	 x10:0x001019f0 x16=0x00000000 PA:0x001019f0 store:0x00000000
           3940	      1966	0010010c	fa0810e3	bne	x16,x0,1000ac	 x16:0x00000000  x0:0x00000000
           3942	      1967	00100110	00000513	addi	x10,x0,0	  x0:0x00000000 x10=0x00000000
           3946	      1969	00100114	00008067	jalr	x0,0(x1)	  x1:0x001011c8  x0=0x00000000
           3950	      1971	001011c8	cf8a2503	lw	x10,-776(x20)	 x20:0x00102000 x10=0x442e7f9d PA:0x00101cf8 store:0x00000000
           3952	      1972	001011cc	00102c37	lui	x24,0x102	 x24=0x00102000
           3954	      1973	001011d0	001029b7	lui	x19,0x102	 x19=0x00102000
           3958	      1975	001011d4	f4dfe0ef	jal	x1,100120	  x1=0x001011d8
           3960	      1976	00100120	01c55793	srli	x15,x10,0x1c	 x10:0x442e7f9d x15=0x00000004
           3962	      1977	00100124	00900713	addi	x14,x0,9	  x0:0x00000000 x14=0x00000009
           3966	      1979	00100128	0cf77a63	bgeu	x14,x15,1001fc	 x14:0x00000009 x15:0x00000004
           3970	      1981	001001fc	03078393	addi	x7,x15,48	 x15:0x00000004  x7=0x00000034
           3972	      1982	00100200	000205b7	lui	x11,0x20	 x11=0x00020000
           3974	      1983	00100204	00451613	slli	x12,x10,0x4	 x10:0x442e7f9d x12=0x42e7f9d0
           3978	      1985	00100208	0075a023	sw	x7,0(x11)	 x11:0x00020000  x7:0x00000034 PA:0x00020000 store:0x00000034 load:0x00000000
           3980	      1986	0010020c	01c65693	srli	x13,x12,0x1c	 x12:0x42e7f9d0 x13=0x00000004
           3982	      1987	00100210	00900813	addi	x16,x0,9	  x0:0x00000000 x16=0x00000009
           3984	      1988	00100214	f2d86ae3	bltu	x16,x13,100148	 x16:0x00000009 x13:0x00000004
           3986	      1989	00100218	03068e93	addi	x29,x13,48	 x13:0x00000004 x29=0x00000034
           3988	      1990	0010021c	00020f37	lui	x30,0x20	 x30=0x00020000
           3990	      1991	00100220	00851f93	slli	x31,x10,0x8	 x10:0x442e7f9d x31=0x2e7f9d00
           3994	      1993	00100224	01df2023	sw	x29,0(x30)	 x30:0x00020000 x29:0x00000034 PA:0x00020000 store:0x00000034 load:0x00000000
           3996	      1994	00100228	01cfd793	srli	x15,x31,0x1c	 x31:0x2e7f9d00 x15=0x00000002
           3998	      1995	0010022c	00900713	addi	x14,x0,9	  x0:0x00000000 x14=0x00000009
           4000	      1996	00100230	f2f76ae3	bltu	x14,x15,100164	 x14:0x00000009 x15:0x00000002
           4002	      1997	00100234	03078393	addi	x7,x15,48	 x15:0x00000002  x7=0x00000032
           4004	      1998	00100238	000205b7	lui	x11,0x20	 x11=0x00020000
           4006	      1999	0010023c	00c51613	slli	x12,x10,0xc	 x10:0x442e7f9d x12=0xe7f9d000
           4010	      2001	00100240	0075a023	sw	x7,0(x11)	 x11:0x00020000  x7:0x00000032 PA:0x00020000 store:0x00000032 load:0x00000000
           4012	      2002	00100244	01c65693	srli	x13,x12,0x1c	 x12:0xe7f9d000 x13=0x0000000e
           4014	      2003	00100248	00900813	addi	x16,x0,9	  x0:0x00000000 x16=0x00000009
           4018	      2005	0010024c	f2d86ae3	bltu	x16,x13,100180	 x16:0x00000009 x13:0x0000000e
           4022	      2007	00100180	03768893	addi	x17,x13,55	 x13:0x0000000e x17=0x00000045
           4024	      2008	00100184	00020e37	lui	x28,0x20	 x28=0x00020000
           4026	      2009	00100188	01051f93	slli	x31,x10,0x10	 x10:0x442e7f9d x31=0x7f9d0000
           4030	      2011	0010018c	011e2023	sw	x17,0(x28)	 x28:0x00020000 x17:0x00000045 PA:0x00020000 store:0x00000045 load:0x00000000
           4032	      2012	00100190	01cfd793	srli	x15,x31,0x1c	 x31:0x7f9d0000 x15=0x00000007
           4034	      2013	00100194	00900713	addi	x14,x0,9	  x0:0x00000000 x14=0x00000009
           4038	      2015	00100198	0cf77a63	bgeu	x14,x15,10026c	 x14:0x00000009 x15:0x00000007
           4042	      2017	0010026c	03078393	addi	x7,x15,48	 x15:0x00000007  x7=0x00000037
           4044	      2018	00100270	000205b7	lui	x11,0x20	 x11=0x00020000
           4046	      2019	00100274	01451613	slli	x12,x10,0x14	 x10:0x442e7f9d x12=0xf9d00000
           4050	      2021	00100278	0075a023	sw	x7,0(x11)	 x11:0x00020000  x7:0x00000037 PA:0x00020000 store:0x00000037 load:0x00000000
           4052	      2022	0010027c	01c65693	srli	x13,x12,0x1c	 x12:0xf9d00000 x13=0x0000000f
           4054	      2023	00100280	00900813	addi	x16,x0,9	  x0:0x00000000 x16=0x00000009
           4058	      2025	00100284	f2d86ae3	bltu	x16,x13,1001b8	 x16:0x00000009 x13:0x0000000f
           4062	      2027	001001b8	03768893	addi	x17,x13,55	 x13:0x0000000f x17=0x00000046
           4064	      2028	001001bc	00020e37	lui	x28,0x20	 x28=0x00020000
           4066	      2029	001001c0	01851f93	slli	x31,x10,0x18	 x10:0x442e7f9d x31=0x9d000000
           4070	      2031	001001c4	011e2023	sw	x17,0(x28)	 x28:0x00020000 x17:0x00000046 PA:0x00020000 store:0x00000046 load:0x00000000
           4072	      2032	001001c8	01cfd793	srli	x15,x31,0x1c	 x31:0x9d000000 x15=0x00000009
           4074	      2033	001001cc	00900713	addi	x14,x0,9	  x0:0x00000000 x14=0x00000009
           4078	      2035	001001d0	0cf77a63	bgeu	x14,x15,1002a4	 x14:0x00000009 x15:0x00000009
           4082	      2037	001002a4	03078393	addi	x7,x15,48	 x15:0x00000009  x7=0x00000039
           4084	      2038	001002a8	000205b7	lui	x11,0x20	 x11=0x00020000
           4088	      2040	001002ac	0075a023	sw	x7,0(x11)	 x11:0x00020000  x7:0x00000039 PA:0x00020000 store:0x00000039 load:0x00000000
           4090	      2041	001002b0	00f57513	andi	x10,x10,15	 x10:0x442e7f9d x10=0x0000000d
           4092	      2042	001002b4	00900613	addi	x12,x0,9	  x0:0x00000000 x12=0x00000009
           4094	      2043	001002b8	f2a67ae3	bgeu	x12,x10,1001ec	 x12:0x00000009 x10:0x0000000d
           4096	      2044	001002bc	03750693	addi	x13,x10,55	 x10:0x0000000d x13=0x00000044
           4098	      2045	001002c0	00020837	lui	x16,0x20	 x16=0x00020000
           4102	      2047	001002c4	00d82023	sw	x13,0(x16)	 x16:0x00020000 x13:0x00000044 PA:0x00020000 store:0x00000044 load:0x00000000
           4112	      2052	001002c8	00008067	jalr	x0,0(x1)	  x1:0x001011d8  x0=0x00000000
           4114	      2053	001011d8	d20ca907	flw	f18,-736(x25)	 f25:0x00102000 f18=0x00000000 PA:0x00101d20 store:0x4592dc9b
           4118	      2055	001011dc	9f4c0513	addi	x10,x24,-1548	 x24:0x00102000 x10=0x001019f4
           4120	      2056	001011e0	00102ab7	lui	x21,0x102	 x21=0x00102000
           4122	      2057	001011e4	d129a427	fsw	f18,-760(x19)	 f19:0x00102000 f18:0x00102000 PA:0x00101d08 store:0x43edefdf load:0x43edefdf
           4124	      2058	001011e8	00000c13	addi	x24,x0,0	  x0:0x00000000 x24=0x00000000
           4126	      2059	001011ec	eb5fe0ef	jal	x1,1000a0	  x1=0x001011f0
           4128	      2060	001000a0	00054803	lbu	x16,0(x10)	 x10:0x001019f4 x16=0x0000000a PA:0x001019f4 store:0x00000000
           4130	      2061	001000a4	06080663	beq	x16,x0,100110	 x16:0x0000000a  x0:0x00000000
           4132	      2062	001000a8	000207b7	lui	x15,0x20	 x15=0x00020000
           4134	      2063	001000ac	0107a023	sw	x16,0(x15)	 x15:0x00020000 x16:0x0000000a PA:0x00020000 store:0x0000000a load:0x00000000
           4136	      2064	001000b0	00154703	lbu	x14,1(x10)	 x10:0x001019f4 x14=0x0000000a PA:0x001019f5 store:0x001011f0
           4138	      2065	001000b4	04070e63	beq	x14,x0,100110	 x14:0x0000000a  x0:0x00000000
           4142	      2067	001000b8	00e7a023	sw	x14,0(x15)	 x15:0x00020000 x14:0x0000000a PA:0x00020000 store:0x0000000a load:0x00000000
           4146	      2069	001000bc	00254283	lbu	x5,2(x10)	 x10:0x001019f4  x5=0x00000050 PA:0x001019f6 store:0x00137fa0
           4148	      2070	001000c0	04028863	beq	x5,x0,100110	  x5:0x00000050  x0:0x00000000
           4152	      2072	001000c4	0057a023	sw	x5,0(x15)	 x15:0x00020000  x5:0x00000050 PA:0x00020000 store:0x00000050 load:0x00000000
           4156	      2074	001000c8	00354303	lbu	x6,3(x10)	 x10:0x001019f4  x6=0x00000065 PA:0x001019f7 store:0x00000000
           4158	      2075	001000cc	04030263	beq	x6,x0,100110	  x6:0x00000065  x0:0x00000000
           4162	      2077	001000d0	0067a023	sw	x6,0(x15)	 x15:0x00020000  x6:0x00000065 PA:0x00020000 store:0x00000065 load:0x00000000
           4166	      2079	001000d4	00454383	lbu	x7,4(x10)	 x10:0x001019f4  x7=0x00000072 PA:0x001019f8 store:0x00000000
           4168	      2080	001000d8	02038c63	beq	x7,x0,100110	  x7:0x00000072  x0:0x00000000
           4172	      2082	001000dc	0077a023	sw	x7,0(x15)	 x15:0x00020000  x7:0x00000072 PA:0x00020000 store:0x00000072 load:0x00000000
           4176	      2084	001000e0	00554583	lbu	x11,5(x10)	 x10:0x001019f4 x11=0x00000066 PA:0x001019f9 store:0x00000050
           4178	      2085	001000e4	02058663	beq	x11,x0,100110	 x11:0x00000066  x0:0x00000000
           4182	      2087	001000e8	00b7a023	sw	x11,0(x15)	 x15:0x00020000 x11:0x00000066 PA:0x00020000 store:0x00000066 load:0x00000000
           4186	      2089	001000ec	00654603	lbu	x12,6(x10)	 x10:0x001019f4 x12=0x0000006f PA:0x001019fa store:0x00000065
           4188	      2090	001000f0	02060063	beq	x12,x0,100110	 x12:0x0000006f  x0:0x00000000
           4192	      2092	001000f4	00c7a023	sw	x12,0(x15)	 x15:0x00020000 x12:0x0000006f PA:0x00020000 store:0x0000006f load:0x00000000
           4196	      2094	001000f8	00754683	lbu	x13,7(x10)	 x10:0x001019f4 x13=0x00000072 PA:0x001019fb store:0x00000072
           4198	      2095	001000fc	00850513	addi	x10,x10,8	 x10:0x001019f4 x10=0x001019fc
           4200	      2096	00100100	00068863	beq	x13,x0,100110	 x13:0x00000072  x0:0x00000000
           4204	      2098	00100104	00d7a023	sw	x13,0(x15)	 x15:0x00020000 x13:0x00000072 PA:0x00020000 store:0x00000072 load:0x00000000
           4208	      2100	00100108	00054803	lbu	x16,0(x10)	 x10:0x001019fc x16=0x0000006d PA:0x001019fc store:0x00000000
           4212	      2102	0010010c	fa0810e3	bne	x16,x0,1000ac	 x16:0x0000006d  x0:0x00000000
           4218	      2105	001000ac	0107a023	sw	x16,0(x15)	 x15:0x00020000 x16:0x0000006d PA:0x00020000 store:0x0000006d load:0x00000000
           4222	      2107	001000b0	00154703	lbu	x14,1(x10)	 x10:0x001019fc x14=0x00000069 PA:0x001019fd store:0x001011f0
           4224	      2108	001000b4	04070e63	beq	x14,x0,100110	 x14:0x00000069  x0:0x00000000
           4228	      2110	001000b8	00e7a023	sw	x14,0(x15)	 x15:0x00020000 x14:0x00000069 PA:0x00020000 store:0x00000069 load:0x00000000
           4232	      2112	001000bc	00254283	lbu	x5,2(x10)	 x10:0x001019fc  x5=0x0000006e PA:0x001019fe store:0x00137fa0
           4234	      2113	001000c0	04028863	beq	x5,x0,100110	  x5:0x0000006e  x0:0x00000000
           4238	      2115	001000c4	0057a023	sw	x5,0(x15)	 x15:0x00020000  x5:0x0000006e PA:0x00020000 store:0x0000006e load:0x00000000
           4242	      2117	001000c8	00354303	lbu	x6,3(x10)	 x10:0x001019fc  x6=0x00000067 PA:0x001019ff store:0x00000000
           4244	      2118	001000cc	04030263	beq	x6,x0,100110	  x6:0x00000067  x0:0x00000000
           4248	      2120	001000d0	0067a023	sw	x6,0(x15)	 x15:0x00020000  x6:0x00000067 PA:0x00020000 store:0x00000067 load:0x00000000
           4252	      2122	001000d4	00454383	lbu	x7,4(x10)	 x10:0x001019fc  x7=0x00000020 PA:0x00101a00 store:0x00000000
           4254	      2123	001000d8	02038c63	beq	x7,x0,100110	  x7:0x00000020  x0:0x00000000
           4258	      2125	001000dc	0077a023	sw	x7,0(x15)	 x15:0x00020000  x7:0x00000020 PA:0x00020000 store:0x00000020 load:0x00000000
           4262	      2127	001000e0	00554583	lbu	x11,5(x10)	 x10:0x001019fc x11=0x00000032 PA:0x00101a01 store:0x0000006e
           4264	      2128	001000e4	02058663	beq	x11,x0,100110	 x11:0x00000032  x0:0x00000000
           4268	      2130	001000e8	00b7a023	sw	x11,0(x15)	 x15:0x00020000 x11:0x00000032 PA:0x00020000 store:0x00000032 load:0x00000000
           4272	      2132	001000ec	00654603	lbu	x12,6(x10)	 x10:0x001019fc x12=0x00000030 PA:0x00101a02 store:0x00000067
           4274	      2133	001000f0	02060063	beq	x12,x0,100110	 x12:0x00000030  x0:0x00000000
           4278	      2135	001000f4	00c7a023	sw	x12,0(x15)	 x15:0x00020000 x12:0x00000030 PA:0x00020000 store:0x00000030 load:0x00000000
           4282	      2137	001000f8	00754683	lbu	x13,7(x10)	 x10:0x001019fc x13=0x00000020 PA:0x00101a03 store:0x00000020
           4284	      2138	001000fc	00850513	addi	x10,x10,8	 x10:0x001019fc x10=0x00101a04
           4286	      2139	00100100	00068863	beq	x13,x0,100110	 x13:0x00000020  x0:0x00000000
           4290	      2141	00100104	00d7a023	sw	x13,0(x15)	 x15:0x00020000 x13:0x00000020 PA:0x00020000 store:0x00000020 load:0x00000000
           4294	      2143	00100108	00054803	lbu	x16,0(x10)	 x10:0x00101a04 x16=0x00000064 PA:0x00101a04 store:0x00000000
           4298	      2145	0010010c	fa0810e3	bne	x16,x0,1000ac	 x16:0x00000064  x0:0x00000000
           4304	      2148	001000ac	0107a023	sw	x16,0(x15)	 x15:0x00020000 x16:0x00000064 PA:0x00020000 store:0x00000064 load:0x00000000
           4308	      2150	001000b0	00154703	lbu	x14,1(x10)	 x10:0x00101a04 x14=0x00000069 PA:0x00101a05 store:0x001011f0
           4310	      2151	001000b4	04070e63	beq	x14,x0,100110	 x14:0x00000069  x0:0x00000000
           4314	      2153	001000b8	00e7a023	sw	x14,0(x15)	 x15:0x00020000 x14:0x00000069 PA:0x00020000 store:0x00000069 load:0x00000000
           4318	      2155	001000bc	00254283	lbu	x5,2(x10)	 x10:0x00101a04  x5=0x00000076 PA:0x00101a06 store:0x00137fa0
           4320	      2156	001000c0	04028863	beq	x5,x0,100110	  x5:0x00000076  x0:0x00000000
           4324	      2158	001000c4	0057a023	sw	x5,0(x15)	 x15:0x00020000  x5:0x00000076 PA:0x00020000 store:0x00000076 load:0x00000000
           4328	      2160	001000c8	00354303	lbu	x6,3(x10)	 x10:0x00101a04  x6=0x00000069 PA:0x00101a07 store:0x00000000
           4330	      2161	001000cc	04030263	beq	x6,x0,100110	  x6:0x00000069  x0:0x00000000
           4334	      2163	001000d0	0067a023	sw	x6,0(x15)	 x15:0x00020000  x6:0x00000069 PA:0x00020000 store:0x00000069 load:0x00000000
           4338	      2165	001000d4	00454383	lbu	x7,4(x10)	 x10:0x00101a04  x7=0x00000073 PA:0x00101a08 store:0x00000000
           4340	      2166	001000d8	02038c63	beq	x7,x0,100110	  x7:0x00000073  x0:0x00000000
           4344	      2168	001000dc	0077a023	sw	x7,0(x15)	 x15:0x00020000  x7:0x00000073 PA:0x00020000 store:0x00000073 load:0x00000000
           4348	      2170	001000e0	00554583	lbu	x11,5(x10)	 x10:0x00101a04 x11=0x00000069 PA:0x00101a09 store:0x00000076
           4350	      2171	001000e4	02058663	beq	x11,x0,100110	 x11:0x00000069  x0:0x00000000
           4354	      2173	001000e8	00b7a023	sw	x11,0(x15)	 x15:0x00020000 x11:0x00000069 PA:0x00020000 store:0x00000069 load:0x00000000
           4358	      2175	001000ec	00654603	lbu	x12,6(x10)	 x10:0x00101a04 x12=0x0000006f PA:0x00101a0a store:0x00000069
           4360	      2176	001000f0	02060063	beq	x12,x0,100110	 x12:0x0000006f  x0:0x00000000
           4364	      2178	001000f4	00c7a023	sw	x12,0(x15)	 x15:0x00020000 x12:0x0000006f PA:0x00020000 store:0x0000006f load:0x00000000
           4368	      2180	001000f8	00754683	lbu	x13,7(x10)	 x10:0x00101a04 x13=0x0000006e PA:0x00101a0b store:0x00000073
           4370	      2181	001000fc	00850513	addi	x10,x10,8	 x10:0x00101a04 x10=0x00101a0c
           4372	      2182	00100100	00068863	beq	x13,x0,100110	 x13:0x0000006e  x0:0x00000000
           4376	      2184	00100104	00d7a023	sw	x13,0(x15)	 x15:0x00020000 x13:0x0000006e PA:0x00020000 store:0x0000006e load:0x00000000
           4380	      2186	00100108	00054803	lbu	x16,0(x10)	 x10:0x00101a0c x16=0x00000073 PA:0x00101a0c store:0x00000000
           4384	      2188	0010010c	fa0810e3	bne	x16,x0,1000ac	 x16:0x00000073  x0:0x00000000
           4390	      2191	001000ac	0107a023	sw	x16,0(x15)	 x15:0x00020000 x16:0x00000073 PA:0x00020000 store:0x00000073 load:0x00000000
           4394	      2193	001000b0	00154703	lbu	x14,1(x10)	 x10:0x00101a0c x14=0x0000003a PA:0x00101a0d store:0x001011f0
           4396	      2194	001000b4	04070e63	beq	x14,x0,100110	 x14:0x0000003a  x0:0x00000000
           4400	      2196	001000b8	00e7a023	sw	x14,0(x15)	 x15:0x00020000 x14:0x0000003a PA:0x00020000 store:0x0000003a load:0x00000000
           4404	      2198	001000bc	00254283	lbu	x5,2(x10)	 x10:0x00101a0c  x5=0x00000000 PA:0x00101a0e store:0x00137fa0
           4408	      2200	001000c0	04028863	beq	x5,x0,100110	  x5:0x00000000  x0:0x00000000
           4412	      2202	00100110	00000513	addi	x10,x0,0	  x0:0x00000000 x10=0x00000000
           4416	      2204	00100114	00008067	jalr	x0,0(x1)	  x1:0x001011f0  x0=0x00000000
           4418	      2205	001011f0	00102b37	lui	x22,0x102	 x22=0x00102000
           4426	      2209	001011f4	01400d13	addi	x26,x0,20	  x0:0x00000000 x26=0x00000014
           4428	      2210	001011f8	d089a987	flw	f19,-760(x19)	 f19:0x00102000 f19=0x00000000 PA:0x00101d08 store:0x4598f2e4
           4430	      2211	001011fc	d24baa07	flw	f20,-732(x23)	 f23:0x00102000 f20=0x00000000 PA:0x00101d24 store:0x442e010d
           4452	      2222	00101200	a10a8513	addi	x10,x21,-1520	 x21:0x00102000 x10=0x00101a10
           4454	      2223	00101204	1949fad3	fdiv.s	f21,f19,f20	 f19:0x00102000 f20:0x00102000 f21=0x00000000
           4456	      2224	00101208	d159a427	fsw	f21,-760(x19)	 f19:0x00102000 f21:0x00102000 PA:0x00101d08 store:0x40771efb load:0x42f67c6a
           4458	      2225	0010120c	d089ae07	flw	f28,-760(x19)	 f19:0x00102000 f28=0x00000000 PA:0x00101d08 store:0x4598f2e4
           4460	      2226	00101210	e00e0dd3	fmv.x.w	x27,f28	 f28:0x00020000 x27=0x40771efb
           4462	      2227	00101214	cfba2c23	sw	x27,-776(x20)	 x20:0x00102000 x27:0x40771efb PA:0x00101cf8 store:0x40771efb load:0x40771efb
           4464	      2228	00101218	e89fe0ef	jal	x1,1000a0	  x1=0x0010121c
           4468	      2230	001000a0	00054803	lbu	x16,0(x10)	 x10:0x00101a10 x16=0x0000000a PA:0x00101a10 store:0x00000000
           4470	      2231	001000a4	06080663	beq	x16,x0,100110	 x16:0x0000000a  x0:0x00000000
           4472	      2232	001000a8	000207b7	lui	x15,0x20	 x15=0x00020000
           4476	      2234	001000ac	0107a023	sw	x16,0(x15)	 x15:0x00020000 x16:0x0000000a PA:0x00020000 store:0x0000000a load:0x00000000
           4480	      2236	001000b0	00154703	lbu	x14,1(x10)	 x10:0x00101a10 x14=0x00000020 PA:0x00101a11 store:0x0010121c
           4482	      2237	001000b4	04070e63	beq	x14,x0,100110	 x14:0x00000020  x0:0x00000000
           4486	      2239	001000b8	00e7a023	sw	x14,0(x15)	 x15:0x00020000 x14:0x00000020 PA:0x00020000 store:0x00000020 load:0x00000000
           4490	      2241	001000bc	00254283	lbu	x5,2(x10)	 x10:0x00101a10  x5=0x00000069 PA:0x00101a12 store:0x00137fa0
           4492	      2242	001000c0	04028863	beq	x5,x0,100110	  x5:0x00000069  x0:0x00000000
           4496	      2244	001000c4	0057a023	sw	x5,0(x15)	 x15:0x00020000  x5:0x00000069 PA:0x00020000 store:0x00000069 load:0x00000000
           4500	      2246	001000c8	00354303	lbu	x6,3(x10)	 x10:0x00101a10  x6=0x0000003d PA:0x00101a13 store:0x00000000
           4502	      2247	001000cc	04030263	beq	x6,x0,100110	  x6:0x0000003d  x0:0x00000000
           4506	      2249	001000d0	0067a023	sw	x6,0(x15)	 x15:0x00020000  x6:0x0000003d PA:0x00020000 store:0x0000003d load:0x00000000
           4510	      2251	001000d4	00454383	lbu	x7,4(x10)	 x10:0x00101a10  x7=0x00000000 PA:0x00101a14 store:0x00000000
           4514	      2253	001000d8	02038c63	beq	x7,x0,100110	  x7:0x00000000  x0:0x00000000
           4518	      2255	00100110	00000513	addi	x10,x0,0	  x0:0x00000000 x10=0x00000000
           4522	      2257	00100114	00008067	jalr	x0,0(x1)	  x1:0x0010121c  x0=0x00000000
           4524	      2258	0010121c	000c0513	addi	x10,x24,0	 x24:0x00000000 x10=0x00000000
           4528	      2260	00101220	f01fe0ef	jal	x1,100120	  x1=0x00101224
           4530	      2261	00100120	01c55793	srli	x15,x10,0x1c	 x10:0x00000000 x15=0x00000000
           4532	      2262	00100124	00900713	addi	x14,x0,9	  x0:0x00000000 x14=0x00000009
           4536	      2264	00100128	0cf77a63	bgeu	x14,x15,1001fc	 x14:0x00000009 x15:0x00000000
           4540	      2266	001001fc	03078393	addi	x7,x15,48	 x15:0x00000000  x7=0x00000030
           4542	      2267	00100200	000205b7	lui	x11,0x20	 x11=0x00020000
           4544	      2268	00100204	00451613	slli	x12,x10,0x4	 x10:0x00000000 x12=0x00000000
           4548	      2270	00100208	0075a023	sw	x7,0(x11)	 x11:0x00020000  x7:0x00000030 PA:0x00020000 store:0x00000030 load:0x00000000
           4550	      2271	0010020c	01c65693	srli	x13,x12,0x1c	 x12:0x00000000 x13=0x00000000
           4552	      2272	00100210	00900813	addi	x16,x0,9	  x0:0x00000000 x16=0x00000009
           4554	      2273	00100214	f2d86ae3	bltu	x16,x13,100148	 x16:0x00000009 x13:0x00000000
           4556	      2274	00100218	03068e93	addi	x29,x13,48	 x13:0x00000000 x29=0x00000030
           4558	      2275	0010021c	00020f37	lui	x30,0x20	 x30=0x00020000
           4560	      2276	00100220	00851f93	slli	x31,x10,0x8	 x10:0x00000000 x31=0x00000000
           4564	      2278	00100224	01df2023	sw	x29,0(x30)	 x30:0x00020000 x29:0x00000030 PA:0x00020000 store:0x00000030 load:0x00000000
           4566	      2279	00100228	01cfd793	srli	x15,x31,0x1c	 x31:0x00000000 x15=0x00000000
           4568	      2280	0010022c	00900713	addi	x14,x0,9	  x0:0x00000000 x14=0x00000009
           4570	      2281	00100230	f2f76ae3	bltu	x14,x15,100164	 x14:0x00000009 x15:0x00000000
           4572	      2282	00100234	03078393	addi	x7,x15,48	 x15:0x00000000  x7=0x00000030
           4574	      2283	00100238	000205b7	lui	x11,0x20	 x11=0x00020000
           4576	      2284	0010023c	00c51613	slli	x12,x10,0xc	 x10:0x00000000 x12=0x00000000
           4580	      2286	00100240	0075a023	sw	x7,0(x11)	 x11:0x00020000  x7:0x00000030 PA:0x00020000 store:0x00000030 load:0x00000000
           4582	      2287	00100244	01c65693	srli	x13,x12,0x1c	 x12:0x00000000 x13=0x00000000
           4584	      2288	00100248	00900813	addi	x16,x0,9	  x0:0x00000000 x16=0x00000009
           4586	      2289	0010024c	f2d86ae3	bltu	x16,x13,100180	 x16:0x00000009 x13:0x00000000
           4588	      2290	00100250	03068e93	addi	x29,x13,48	 x13:0x00000000 x29=0x00000030
           4590	      2291	00100254	00020f37	lui	x30,0x20	 x30=0x00020000
           4592	      2292	00100258	01051f93	slli	x31,x10,0x10	 x10:0x00000000 x31=0x00000000
           4596	      2294	0010025c	01df2023	sw	x29,0(x30)	 x30:0x00020000 x29:0x00000030 PA:0x00020000 store:0x00000030 load:0x00000000
           4598	      2295	00100260	01cfd793	srli	x15,x31,0x1c	 x31:0x00000000 x15=0x00000000
           4600	      2296	00100264	00900713	addi	x14,x0,9	  x0:0x00000000 x14=0x00000009
           4602	      2297	00100268	f2f76ae3	bltu	x14,x15,10019c	 x14:0x00000009 x15:0x00000000
           4604	      2298	0010026c	03078393	addi	x7,x15,48	 x15:0x00000000  x7=0x00000030
           4606	      2299	00100270	000205b7	lui	x11,0x20	 x11=0x00020000
           4608	      2300	00100274	01451613	slli	x12,x10,0x14	 x10:0x00000000 x12=0x00000000
           4612	      2302	00100278	0075a023	sw	x7,0(x11)	 x11:0x00020000  x7:0x00000030 PA:0x00020000 store:0x00000030 load:0x00000000
           4614	      2303	0010027c	01c65693	srli	x13,x12,0x1c	 x12:0x00000000 x13=0x00000000
           4616	      2304	00100280	00900813	addi	x16,x0,9	  x0:0x00000000 x16=0x00000009
           4618	      2305	00100284	f2d86ae3	bltu	x16,x13,1001b8	 x16:0x00000009 x13:0x00000000
           4620	      2306	00100288	03068e93	addi	x29,x13,48	 x13:0x00000000 x29=0x00000030
           4622	      2307	0010028c	00020f37	lui	x30,0x20	 x30=0x00020000
           4624	      2308	00100290	01851f93	slli	x31,x10,0x18	 x10:0x00000000 x31=0x00000000
           4628	      2310	00100294	01df2023	sw	x29,0(x30)	 x30:0x00020000 x29:0x00000030 PA:0x00020000 store:0x00000030 load:0x00000000
           4630	      2311	00100298	01cfd793	srli	x15,x31,0x1c	 x31:0x00000000 x15=0x00000000
           4632	      2312	0010029c	00900713	addi	x14,x0,9	  x0:0x00000000 x14=0x00000009
           4634	      2313	001002a0	f2f76ae3	bltu	x14,x15,1001d4	 x14:0x00000009 x15:0x00000000
           4636	      2314	001002a4	03078393	addi	x7,x15,48	 x15:0x00000000  x7=0x00000030
           4638	      2315	001002a8	000205b7	lui	x11,0x20	 x11=0x00020000
           4642	      2317	001002ac	0075a023	sw	x7,0(x11)	 x11:0x00020000  x7:0x00000030 PA:0x00020000 store:0x00000030 load:0x00000000
           4644	      2318	001002b0	00f57513	andi	x10,x10,15	 x10:0x00000000 x10=0x00000000
           4646	      2319	001002b4	00900613	addi	x12,x0,9	  x0:0x00000000 x12=0x00000009
           4650	      2321	001002b8	f2a67ae3	bgeu	x12,x10,1001ec	 x12:0x00000009 x10:0x00000000
           4654	      2323	001001ec	03050893	addi	x17,x10,48	 x10:0x00000000 x17=0x00000030
           4656	      2324	001001f0	00020e37	lui	x28,0x20	 x28=0x00020000
           4660	      2326	001001f4	011e2023	sw	x17,0(x28)	 x28:0x00020000 x17:0x00000030 PA:0x00020000 store:0x00000030 load:0x00000000
           4664	      2328	001001f8	00008067	jalr	x0,0(x1)	  x1:0x00101224  x0=0x00000000
           4666	      2329	00101224	a18b0513	addi	x10,x22,-1512	 x22:0x00102000 x10=0x00101a18
           4670	      2331	00101228	e79fe0ef	jal	x1,1000a0	  x1=0x0010122c
           4674	      2333	001000a0	00054803	lbu	x16,0(x10)	 x10:0x00101a18 x16=0x00000020 PA:0x00101a18 store:0x00000000
           4676	      2334	001000a4	06080663	beq	x16,x0,100110	 x16:0x00000020  x0:0x00000000
           4678	      2335	001000a8	000207b7	lui	x15,0x20	 x15=0x00020000
           4682	      2337	001000ac	0107a023	sw	x16,0(x15)	 x15:0x00020000 x16:0x00000020 PA:0x00020000 store:0x00000020 load:0x00000000
           4686	      2339	001000b0	00154703	lbu	x14,1(x10)	 x10:0x00101a18 x14=0x00000072 PA:0x00101a19 store:0x0010122c
           4688	      2340	001000b4	04070e63	beq	x14,x0,100110	 x14:0x00000072  x0:0x00000000
           4692	      2342	001000b8	00e7a023	sw	x14,0(x15)	 x15:0x00020000 x14:0x00000072 PA:0x00020000 store:0x00000072 load:0x00000000
           4696	      2344	001000bc	00254283	lbu	x5,2(x10)	 x10:0x00101a18  x5=0x00000065 PA:0x00101a1a store:0x00137fa0
           4698	      2345	001000c0	04028863	beq	x5,x0,100110	  x5:0x00000065  x0:0x00000000
           4702	      2347	001000c4	0057a023	sw	x5,0(x15)	 x15:0x00020000  x5:0x00000065 PA:0x00020000 store:0x00000065 load:0x00000000
           4706	      2349	001000c8	00354303	lbu	x6,3(x10)	 x10:0x00101a18  x6=0x00000073 PA:0x00101a1b store:0x00000000
           4708	      2350	001000cc	04030263	beq	x6,x0,100110	  x6:0x00000073  x0:0x00000000
           4712	      2352	001000d0	0067a023	sw	x6,0(x15)	 x15:0x00020000  x6:0x00000073 PA:0x00020000 store:0x00000073 load:0x00000000
           4716	      2354	001000d4	00454383	lbu	x7,4(x10)	 x10:0x00101a18  x7=0x00000075 PA:0x00101a1c store:0x00000000
           4718	      2355	001000d8	02038c63	beq	x7,x0,100110	  x7:0x00000075  x0:0x00000000
           4722	      2357	001000dc	0077a023	sw	x7,0(x15)	 x15:0x00020000  x7:0x00000075 PA:0x00020000 store:0x00000075 load:0x00000000
           4726	      2359	001000e0	00554583	lbu	x11,5(x10)	 x10:0x00101a18 x11=0x0000006c PA:0x00101a1d store:0x00000065
           4728	      2360	001000e4	02058663	beq	x11,x0,100110	 x11:0x0000006c  x0:0x00000000
           4732	      2362	001000e8	00b7a023	sw	x11,0(x15)	 x15:0x00020000 x11:0x0000006c PA:0x00020000 store:0x0000006c load:0x00000000
           4736	      2364	001000ec	00654603	lbu	x12,6(x10)	 x10:0x00101a18 x12=0x00000074 PA:0x00101a1e store:0x00000073
           4738	      2365	001000f0	02060063	beq	x12,x0,100110	 x12:0x00000074  x0:0x00000000
           4742	      2367	001000f4	00c7a023	sw	x12,0(x15)	 x15:0x00020000 x12:0x00000074 PA:0x00020000 store:0x00000074 load:0x00000000
           4746	      2369	001000f8	00754683	lbu	x13,7(x10)	 x10:0x00101a18 x13=0x0000003a PA:0x00101a1f store:0x00000075
           4748	      2370	001000fc	00850513	addi	x10,x10,8	 x10:0x00101a18 x10=0x00101a20
           4750	      2371	00100100	00068863	beq	x13,x0,100110	 x13:0x0000003a  x0:0x00000000
           4754	      2373	00100104	00d7a023	sw	x13,0(x15)	 x15:0x00020000 x13:0x0000003a PA:0x00020000 store:0x0000003a load:0x00000000
           4758	      2375	00100108	00054803	lbu	x16,0(x10)	 x10:0x00101a20 x16=0x00000020 PA:0x00101a20 store:0x00000000
           4762	      2377	0010010c	fa0810e3	bne	x16,x0,1000ac	 x16:0x00000020  x0:0x00000000
           4768	      2380	001000ac	0107a023	sw	x16,0(x15)	 x15:0x00020000 x16:0x00000020 PA:0x00020000 store:0x00000020 load:0x00000000
           4772	      2382	001000b0	00154703	lbu	x14,1(x10)	 x10:0x00101a20 x14=0x00000000 PA:0x00101a21 store:0x0010122c
           4776	      2384	001000b4	04070e63	beq	x14,x0,100110	 x14:0x00000000  x0:0x00000000
           4780	      2386	00100110	00000513	addi	x10,x0,0	  x0:0x00000000 x10=0x00000000
           4784	      2388	00100114	00008067	jalr	x0,0(x1)	  x1:0x0010122c  x0=0x00000000
           4788	      2390	0010122c	cf8a2503	lw	x10,-776(x20)	 x20:0x00102000 x10=0x40771efb PA:0x00101cf8 store:0x00000000
           4790	      2391	00101230	001c0d93	addi	x27,x24,1	 x24:0x00000000 x27=0x00000001
           4794	      2393	00101234	eedfe0ef	jal	x1,100120	  x1=0x00101238
           4796	      2394	00100120	01c55793	srli	x15,x10,0x1c	 x10:0x40771efb x15=0x00000004
           4798	      2395	00100124	00900713	addi	x14,x0,9	  x0:0x00000000 x14=0x00000009
           4802	      2397	00100128	0cf77a63	bgeu	x14,x15,1001fc	 x14:0x00000009 x15:0x00000004
           4806	      2399	001001fc	03078393	addi	x7,x15,48	 x15:0x00000004  x7=0x00000034
           4808	      2400	00100200	000205b7	lui	x11,0x20	 x11=0x00020000
           4810	      2401	00100204	00451613	slli	x12,x10,0x4	 x10:0x40771efb x12=0x0771efb0
           4814	      2403	00100208	0075a023	sw	x7,0(x11)	 x11:0x00020000  x7:0x00000034 PA:0x00020000 store:0x00000034 load:0x00000000
           4816	      2404	0010020c	01c65693	srli	x13,x12,0x1c	 x12:0x0771efb0 x13=0x00000000
           4818	      2405	00100210	00900813	addi	x16,x0,9	  x0:0x00000000 x16=0x00000009
           4820	      2406	00100214	f2d86ae3	bltu	x16,x13,100148	 x16:0x00000009 x13:0x00000000
           4822	      2407	00100218	03068e93	addi	x29,x13,48	 x13:0x00000000 x29=0x00000030
           4824	      2408	0010021c	00020f37	lui	x30,0x20	 x30=0x00020000
           4826	      2409	00100220	00851f93	slli	x31,x10,0x8	 x10:0x40771efb x31=0x771efb00
           4830	      2411	00100224	01df2023	sw	x29,0(x30)	 x30:0x00020000 x29:0x00000030 PA:0x00020000 store:0x00000030 load:0x00000000
           4832	      2412	00100228	01cfd793	srli	x15,x31,0x1c	 x31:0x771efb00 x15=0x00000007
           4834	      2413	0010022c	00900713	addi	x14,x0,9	  x0:0x00000000 x14=0x00000009
           4836	      2414	00100230	f2f76ae3	bltu	x14,x15,100164	 x14:0x00000009 x15:0x00000007
           4838	      2415	00100234	03078393	addi	x7,x15,48	 x15:0x00000007  x7=0x00000037
           4840	      2416	00100238	000205b7	lui	x11,0x20	 x11=0x00020000
           4842	      2417	0010023c	00c51613	slli	x12,x10,0xc	 x10:0x40771efb x12=0x71efb000
           4846	      2419	00100240	0075a023	sw	x7,0(x11)	 x11:0x00020000  x7:0x00000037 PA:0x00020000 store:0x00000037 load:0x00000000
           4848	      2420	00100244	01c65693	srli	x13,x12,0x1c	 x12:0x71efb000 x13=0x00000007
           4850	      2421	00100248	00900813	addi	x16,x0,9	  x0:0x00000000 x16=0x00000009
           4852	      2422	0010024c	f2d86ae3	bltu	x16,x13,100180	 x16:0x00000009 x13:0x00000007
           4854	      2423	00100250	03068e93	addi	x29,x13,48	 x13:0x00000007 x29=0x00000037
           4856	      2424	00100254	00020f37	lui	x30,0x20	 x30=0x00020000
           4858	      2425	00100258	01051f93	slli	x31,x10,0x10	 x10:0x40771efb x31=0x1efb0000
           4862	      2427	0010025c	01df2023	sw	x29,0(x30)	 x30:0x00020000 x29:0x00000037 PA:0x00020000 store:0x00000037 load:0x00000000
           4864	      2428	00100260	01cfd793	srli	x15,x31,0x1c	 x31:0x1efb0000 x15=0x00000001
           4866	      2429	00100264	00900713	addi	x14,x0,9	  x0:0x00000000 x14=0x00000009
           4868	      2430	00100268	f2f76ae3	bltu	x14,x15,10019c	 x14:0x00000009 x15:0x00000001
           4870	      2431	0010026c	03078393	addi	x7,x15,48	 x15:0x00000001  x7=0x00000031
           4872	      2432	00100270	000205b7	lui	x11,0x20	 x11=0x00020000
           4874	      2433	00100274	01451613	slli	x12,x10,0x14	 x10:0x40771efb x12=0xefb00000
           4878	      2435	00100278	0075a023	sw	x7,0(x11)	 x11:0x00020000  x7:0x00000031 PA:0x00020000 store:0x00000031 load:0x00000000
           4880	      2436	0010027c	01c65693	srli	x13,x12,0x1c	 x12:0xefb00000 x13=0x0000000e
           4882	      2437	00100280	00900813	addi	x16,x0,9	  x0:0x00000000 x16=0x00000009
           4886	      2439	00100284	f2d86ae3	bltu	x16,x13,1001b8	 x16:0x00000009 x13:0x0000000e
           4890	      2441	001001b8	03768893	addi	x17,x13,55	 x13:0x0000000e x17=0x00000045
           4892	      2442	001001bc	00020e37	lui	x28,0x20	 x28=0x00020000
           4894	      2443	001001c0	01851f93	slli	x31,x10,0x18	 x10:0x40771efb x31=0xfb000000
           4898	      2445	001001c4	011e2023	sw	x17,0(x28)	 x28:0x00020000 x17:0x00000045 PA:0x00020000 store:0x00000045 load:0x00000000
           4900	      2446	001001c8	01cfd793	srli	x15,x31,0x1c	 x31:0xfb000000 x15=0x0000000f
           4902	      2447	001001cc	00900713	addi	x14,x0,9	  x0:0x00000000 x14=0x00000009
           4904	      2448	001001d0	0cf77a63	bgeu	x14,x15,1002a4	 x14:0x00000009 x15:0x0000000f
           4906	      2449	001001d4	03778293	addi	x5,x15,55	 x15:0x0000000f  x5=0x00000046
           4908	      2450	001001d8	00020337	lui	x6,0x20	  x6=0x00020000
           4912	      2452	001001dc	00532023	sw	x5,0(x6)	  x6:0x00020000  x5:0x00000046 PA:0x00020000 store:0x00000046 load:0x00000000
           4914	      2453	001001e0	00f57513	andi	x10,x10,15	 x10:0x40771efb x10=0x0000000b
           4916	      2454	001001e4	00900613	addi	x12,x0,9	  x0:0x00000000 x12=0x00000009
           4920	      2456	001001e8	0ca66a63	bltu	x12,x10,1002bc	 x12:0x00000009 x10:0x0000000b
           4924	      2458	001002bc	03750693	addi	x13,x10,55	 x10:0x0000000b x13=0x00000042
           4926	      2459	001002c0	00020837	lui	x16,0x20	 x16=0x00020000
           4930	      2461	001002c4	00d82023	sw	x13,0(x16)	 x16:0x00020000 x13:0x00000042 PA:0x00020000 store:0x00000042 load:0x00000000
           4940	      2466	001002c8	00008067	jalr	x0,0(x1)	  x1:0x00101238  x0=0x00000000
           4942	      2467	00101238	d089ae87	flw	f29,-760(x19)	 f19:0x00102000 f29=0x00000000 PA:0x00101d08 store:0x4598f2e4
           4944	      2468	0010123c	d24baf07	flw	f30,-732(x23)	 f23:0x00102000 f30=0x00000000 PA:0x00101d24 store:0x442e010d
           4966	      2479	00101240	a10a8513	addi	x10,x21,-1520	 x21:0x00102000 x10=0x00101a10
           4968	      2480	00101244	19eeffd3	fdiv.s	f31,f29,f30	 f29:0x00000037 f30:0x00020000 f31=0x00000000
           4970	      2481	00101248	d1f9a427	fsw	f31,-760(x19)	 f19:0x00102000 f31:0xfb000000 PA:0x00101d08 store:0x3d00546c load:0x42f67c6a
           4972	      2482	0010124c	d089a007	flw	f0,-760(x19)	 f19:0x00102000  f0=0x00000000 PA:0x00101d08 store:0x4598f2e4
           4974	      2483	00101250	e0000e53	fmv.x.w	x28,f0	  f0:0x00000000 x28=0x3d00546c
           4976	      2484	00101254	cfca2c23	sw	x28,-776(x20)	 x20:0x00102000 x28:0x3d00546c PA:0x00101cf8 store:0x3d00546c load:0x3d00546c
           4978	      2485	00101258	e49fe0ef	jal	x1,1000a0	  x1=0x0010125c
           4982	      2487	001000a0	00054803	lbu	x16,0(x10)	 x10:0x00101a10 x16=0x0000000a PA:0x00101a10 store:0x00000000
           4984	      2488	001000a4	06080663	beq	x16,x0,100110	 x16:0x0000000a  x0:0x00000000
           4986	      2489	001000a8	000207b7	lui	x15,0x20	 x15=0x00020000
           4990	      2491	001000ac	0107a023	sw	x16,0(x15)	 x15:0x00020000 x16:0x0000000a PA:0x00020000 store:0x0000000a load:0x00000000
           4994	      2493	001000b0	00154703	lbu	x14,1(x10)	 x10:0x00101a10 x14=0x00000020 PA:0x00101a11 store:0x0010125c
           4996	      2494	001000b4	04070e63	beq	x14,x0,100110	 x14:0x00000020  x0:0x00000000
           5000	      2496	001000b8	00e7a023	sw	x14,0(x15)	 x15:0x00020000 x14:0x00000020 PA:0x00020000 store:0x00000020 load:0x00000000
           5004	      2498	001000bc	00254283	lbu	x5,2(x10)	 x10:0x00101a10  x5=0x00000069 PA:0x00101a12 store:0x00137fa0
           5006	      2499	001000c0	04028863	beq	x5,x0,100110	  x5:0x00000069  x0:0x00000000
           5010	      2501	001000c4	0057a023	sw	x5,0(x15)	 x15:0x00020000  x5:0x00000069 PA:0x00020000 store:0x00000069 load:0x00000000
           5014	      2503	001000c8	00354303	lbu	x6,3(x10)	 x10:0x00101a10  x6=0x0000003d PA:0x00101a13 store:0x00000000
           5016	      2504	001000cc	04030263	beq	x6,x0,100110	  x6:0x0000003d  x0:0x00000000
           5020	      2506	001000d0	0067a023	sw	x6,0(x15)	 x15:0x00020000  x6:0x0000003d PA:0x00020000 store:0x0000003d load:0x00000000
           5024	      2508	001000d4	00454383	lbu	x7,4(x10)	 x10:0x00101a10  x7=0x00000000 PA:0x00101a14 store:0x00000000
           5028	      2510	001000d8	02038c63	beq	x7,x0,100110	  x7:0x00000000  x0:0x00000000
           5032	      2512	00100110	00000513	addi	x10,x0,0	  x0:0x00000000 x10=0x00000000
           5036	      2514	00100114	00008067	jalr	x0,0(x1)	  x1:0x0010125c  x0=0x00000000
           5038	      2515	0010125c	000d8513	addi	x10,x27,0	 x27:0x00000001 x10=0x00000001
           5042	      2517	00101260	ec1fe0ef	jal	x1,100120	  x1=0x00101264
           5044	      2518	00100120	01c55793	srli	x15,x10,0x1c	 x10:0x00000001 x15=0x00000000
           5046	      2519	00100124	00900713	addi	x14,x0,9	  x0:0x00000000 x14=0x00000009
           5050	      2521	00100128	0cf77a63	bgeu	x14,x15,1001fc	 x14:0x00000009 x15:0x00000000
           5054	      2523	001001fc	03078393	addi	x7,x15,48	 x15:0x00000000  x7=0x00000030
           5056	      2524	00100200	000205b7	lui	x11,0x20	 x11=0x00020000
           5058	      2525	00100204	00451613	slli	x12,x10,0x4	 x10:0x00000001 x12=0x00000010
           5062	      2527	00100208	0075a023	sw	x7,0(x11)	 x11:0x00020000  x7:0x00000030 PA:0x00020000 store:0x00000030 load:0x00000000
           5064	      2528	0010020c	01c65693	srli	x13,x12,0x1c	 x12:0x00000010 x13=0x00000000
           5066	      2529	00100210	00900813	addi	x16,x0,9	  x0:0x00000000 x16=0x00000009
           5068	      2530	00100214	f2d86ae3	bltu	x16,x13,100148	 x16:0x00000009 x13:0x00000000
           5070	      2531	00100218	03068e93	addi	x29,x13,48	 x13:0x00000000 x29=0x00000030
           5072	      2532	0010021c	00020f37	lui	x30,0x20	 x30=0x00020000
           5074	      2533	00100220	00851f93	slli	x31,x10,0x8	 x10:0x00000001 x31=0x00000100
           5078	      2535	00100224	01df2023	sw	x29,0(x30)	 x30:0x00020000 x29:0x00000030 PA:0x00020000 store:0x00000030 load:0x00000000
           5080	      2536	00100228	01cfd793	srli	x15,x31,0x1c	 x31:0x00000100 x15=0x00000000
           5082	      2537	0010022c	00900713	addi	x14,x0,9	  x0:0x00000000 x14=0x00000009
           5084	      2538	00100230	f2f76ae3	bltu	x14,x15,100164	 x14:0x00000009 x15:0x00000000
           5086	      2539	00100234	03078393	addi	x7,x15,48	 x15:0x00000000  x7=0x00000030
           5088	      2540	00100238	000205b7	lui	x11,0x20	 x11=0x00020000
           5090	      2541	0010023c	00c51613	slli	x12,x10,0xc	 x10:0x00000001 x12=0x00001000
           5094	      2543	00100240	0075a023	sw	x7,0(x11)	 x11:0x00020000  x7:0x00000030 PA:0x00020000 store:0x00000030 load:0x00000000
           5096	      2544	00100244	01c65693	srli	x13,x12,0x1c	 x12:0x00001000 x13=0x00000000
           5098	      2545	00100248	00900813	addi	x16,x0,9	  x0:0x00000000 x16=0x00000009
           5100	      2546	0010024c	f2d86ae3	bltu	x16,x13,100180	 x16:0x00000009 x13:0x00000000
           5102	      2547	00100250	03068e93	addi	x29,x13,48	 x13:0x00000000 x29=0x00000030
           5104	      2548	00100254	00020f37	lui	x30,0x20	 x30=0x00020000
           5106	      2549	00100258	01051f93	slli	x31,x10,0x10	 x10:0x00000001 x31=0x00010000
           5110	      2551	0010025c	01df2023	sw	x29,0(x30)	 x30:0x00020000 x29:0x00000030 PA:0x00020000 store:0x00000030 load:0x00000000
           5112	      2552	00100260	01cfd793	srli	x15,x31,0x1c	 x31:0x00010000 x15=0x00000000
           5114	      2553	00100264	00900713	addi	x14,x0,9	  x0:0x00000000 x14=0x00000009
           5116	      2554	00100268	f2f76ae3	bltu	x14,x15,10019c	 x14:0x00000009 x15:0x00000000
           5118	      2555	0010026c	03078393	addi	x7,x15,48	 x15:0x00000000  x7=0x00000030
           5120	      2556	00100270	000205b7	lui	x11,0x20	 x11=0x00020000
           5122	      2557	00100274	01451613	slli	x12,x10,0x14	 x10:0x00000001 x12=0x00100000
           5126	      2559	00100278	0075a023	sw	x7,0(x11)	 x11:0x00020000  x7:0x00000030 PA:0x00020000 store:0x00000030 load:0x00000000
           5128	      2560	0010027c	01c65693	srli	x13,x12,0x1c	 x12:0x00100000 x13=0x00000000
           5130	      2561	00100280	00900813	addi	x16,x0,9	  x0:0x00000000 x16=0x00000009
           5132	      2562	00100284	f2d86ae3	bltu	x16,x13,1001b8	 x16:0x00000009 x13:0x00000000
           5134	      2563	00100288	03068e93	addi	x29,x13,48	 x13:0x00000000 x29=0x00000030
           5136	      2564	0010028c	00020f37	lui	x30,0x20	 x30=0x00020000
           5138	      2565	00100290	01851f93	slli	x31,x10,0x18	 x10:0x00000001 x31=0x01000000
           5142	      2567	00100294	01df2023	sw	x29,0(x30)	 x30:0x00020000 x29:0x00000030 PA:0x00020000 store:0x00000030 load:0x00000000
           5144	      2568	00100298	01cfd793	srli	x15,x31,0x1c	 x31:0x01000000 x15=0x00000000
           5146	      2569	0010029c	00900713	addi	x14,x0,9	  x0:0x00000000 x14=0x00000009
           5148	      2570	001002a0	f2f76ae3	bltu	x14,x15,1001d4	 x14:0x00000009 x15:0x00000000
           5150	      2571	001002a4	03078393	addi	x7,x15,48	 x15:0x00000000  x7=0x00000030
           5152	      2572	001002a8	000205b7	lui	x11,0x20	 x11=0x00020000
           5156	      2574	001002ac	0075a023	sw	x7,0(x11)	 x11:0x00020000  x7:0x00000030 PA:0x00020000 store:0x00000030 load:0x00000000
           5158	      2575	001002b0	00f57513	andi	x10,x10,15	 x10:0x00000001 x10=0x00000001
           5160	      2576	001002b4	00900613	addi	x12,x0,9	  x0:0x00000000 x12=0x00000009
           5164	      2578	001002b8	f2a67ae3	bgeu	x12,x10,1001ec	 x12:0x00000009 x10:0x00000001
           5168	      2580	001001ec	03050893	addi	x17,x10,48	 x10:0x00000001 x17=0x00000031
           5170	      2581	001001f0	00020e37	lui	x28,0x20	 x28=0x00020000
           5174	      2583	001001f4	011e2023	sw	x17,0(x28)	 x28:0x00020000 x17:0x00000031 PA:0x00020000 store:0x00000031 load:0x00000000
           5178	      2585	001001f8	00008067	jalr	x0,0(x1)	  x1:0x00101264  x0=0x00000000
           5180	      2586	00101264	a18b0513	addi	x10,x22,-1512	 x22:0x00102000 x10=0x00101a18
           5184	      2588	00101268	e39fe0ef	jal	x1,1000a0	  x1=0x0010126c
           5188	      2590	001000a0	00054803	lbu	x16,0(x10)	 x10:0x00101a18 x16=0x00000020 PA:0x00101a18 store:0x00000000
           5190	      2591	001000a4	06080663	beq	x16,x0,100110	 x16:0x00000020  x0:0x00000000
           5192	      2592	001000a8	000207b7	lui	x15,0x20	 x15=0x00020000
           5196	      2594	001000ac	0107a023	sw	x16,0(x15)	 x15:0x00020000 x16:0x00000020 PA:0x00020000 store:0x00000020 load:0x00000000
           5200	      2596	001000b0	00154703	lbu	x14,1(x10)	 x10:0x00101a18 x14=0x00000072 PA:0x00101a19 store:0x0010126c
           5202	      2597	001000b4	04070e63	beq	x14,x0,100110	 x14:0x00000072  x0:0x00000000
           5206	      2599	001000b8	00e7a023	sw	x14,0(x15)	 x15:0x00020000 x14:0x00000072 PA:0x00020000 store:0x00000072 load:0x00000000
           5210	      2601	001000bc	00254283	lbu	x5,2(x10)	 x10:0x00101a18  x5=0x00000065 PA:0x00101a1a store:0x00137fa0
           5212	      2602	001000c0	04028863	beq	x5,x0,100110	  x5:0x00000065  x0:0x00000000
           5216	      2604	001000c4	0057a023	sw	x5,0(x15)	 x15:0x00020000  x5:0x00000065 PA:0x00020000 store:0x00000065 load:0x00000000
           5220	      2606	001000c8	00354303	lbu	x6,3(x10)	 x10:0x00101a18  x6=0x00000073 PA:0x00101a1b store:0x00000000
           5222	      2607	001000cc	04030263	beq	x6,x0,100110	  x6:0x00000073  x0:0x00000000
           5226	      2609	001000d0	0067a023	sw	x6,0(x15)	 x15:0x00020000  x6:0x00000073 PA:0x00020000 store:0x00000073 load:0x00000000
           5230	      2611	001000d4	00454383	lbu	x7,4(x10)	 x10:0x00101a18  x7=0x00000075 PA:0x00101a1c store:0x00000000
           5232	      2612	001000d8	02038c63	beq	x7,x0,100110	  x7:0x00000075  x0:0x00000000
           5236	      2614	001000dc	0077a023	sw	x7,0(x15)	 x15:0x00020000  x7:0x00000075 PA:0x00020000 store:0x00000075 load:0x00000000
           5240	      2616	001000e0	00554583	lbu	x11,5(x10)	 x10:0x00101a18 x11=0x0000006c PA:0x00101a1d store:0x00000065
           5242	      2617	001000e4	02058663	beq	x11,x0,100110	 x11:0x0000006c  x0:0x00000000
           5246	      2619	001000e8	00b7a023	sw	x11,0(x15)	 x15:0x00020000 x11:0x0000006c PA:0x00020000 store:0x0000006c load:0x00000000
           5250	      2621	001000ec	00654603	lbu	x12,6(x10)	 x10:0x00101a18 x12=0x00000074 PA:0x00101a1e store:0x00000073
           5252	      2622	001000f0	02060063	beq	x12,x0,100110	 x12:0x00000074  x0:0x00000000
           5256	      2624	001000f4	00c7a023	sw	x12,0(x15)	 x15:0x00020000 x12:0x00000074 PA:0x00020000 store:0x00000074 load:0x00000000
           5260	      2626	001000f8	00754683	lbu	x13,7(x10)	 x10:0x00101a18 x13=0x0000003a PA:0x00101a1f store:0x00000075
           5262	      2627	001000fc	00850513	addi	x10,x10,8	 x10:0x00101a18 x10=0x00101a20
           5264	      2628	00100100	00068863	beq	x13,x0,100110	 x13:0x0000003a  x0:0x00000000
           5268	      2630	00100104	00d7a023	sw	x13,0(x15)	 x15:0x00020000 x13:0x0000003a PA:0x00020000 store:0x0000003a load:0x00000000
           5272	      2632	00100108	00054803	lbu	x16,0(x10)	 x10:0x00101a20 x16=0x00000020 PA:0x00101a20 store:0x00000000
           5276	      2634	0010010c	fa0810e3	bne	x16,x0,1000ac	 x16:0x00000020  x0:0x00000000
           5282	      2637	001000ac	0107a023	sw	x16,0(x15)	 x15:0x00020000 x16:0x00000020 PA:0x00020000 store:0x00000020 load:0x00000000
           5286	      2639	001000b0	00154703	lbu	x14,1(x10)	 x10:0x00101a20 x14=0x00000000 PA:0x00101a21 store:0x0010126c
           5290	      2641	001000b4	04070e63	beq	x14,x0,100110	 x14:0x00000000  x0:0x00000000
           5294	      2643	00100110	00000513	addi	x10,x0,0	  x0:0x00000000 x10=0x00000000
           5298	      2645	00100114	00008067	jalr	x0,0(x1)	  x1:0x0010126c  x0=0x00000000
           5302	      2647	0010126c	cf8a2503	lw	x10,-776(x20)	 x20:0x00102000 x10=0x3d00546c PA:0x00101cf8 store:0x00000000
           5304	      2648	00101270	002c0d93	addi	x27,x24,2	 x24:0x00000000 x27=0x00000002
           5308	      2650	00101274	eadfe0ef	jal	x1,100120	  x1=0x00101278
           5310	      2651	00100120	01c55793	srli	x15,x10,0x1c	 x10:0x3d00546c x15=0x00000003
           5312	      2652	00100124	00900713	addi	x14,x0,9	  x0:0x00000000 x14=0x00000009
           5316	      2654	00100128	0cf77a63	bgeu	x14,x15,1001fc	 x14:0x00000009 x15:0x00000003
           5320	      2656	001001fc	03078393	addi	x7,x15,48	 x15:0x00000003  x7=0x00000033
           5322	      2657	00100200	000205b7	lui	x11,0x20	 x11=0x00020000
           5324	      2658	00100204	00451613	slli	x12,x10,0x4	 x10:0x3d00546c x12=0xd00546c0
           5328	      2660	00100208	0075a023	sw	x7,0(x11)	 x11:0x00020000  x7:0x00000033 PA:0x00020000 store:0x00000033 load:0x00000000
           5330	      2661	0010020c	01c65693	srli	x13,x12,0x1c	 x12:0xd00546c0 x13=0x0000000d
           5332	      2662	00100210	00900813	addi	x16,x0,9	  x0:0x00000000 x16=0x00000009
           5336	      2664	00100214	f2d86ae3	bltu	x16,x13,100148	 x16:0x00000009 x13:0x0000000d
           5340	      2666	00100148	03768893	addi	x17,x13,55	 x13:0x0000000d x17=0x00000044
           5342	      2667	0010014c	00020e37	lui	x28,0x20	 x28=0x00020000
           5344	      2668	00100150	00851f93	slli	x31,x10,0x8	 x10:0x3d00546c x31=0x00546c00
           5348	      2670	00100154	011e2023	sw	x17,0(x28)	 x28:0x00020000 x17:0x00000044 PA:0x00020000 store:0x00000044 load:0x00000000
           5350	      2671	00100158	01cfd793	srli	x15,x31,0x1c	 x31:0x00546c00 x15=0x00000000
           5352	      2672	0010015c	00900713	addi	x14,x0,9	  x0:0x00000000 x14=0x00000009
           5356	      2674	00100160	0cf77a63	bgeu	x14,x15,100234	 x14:0x00000009 x15:0x00000000
           5360	      2676	00100234	03078393	addi	x7,x15,48	 x15:0x00000000  x7=0x00000030
           5362	      2677	00100238	000205b7	lui	x11,0x20	 x11=0x00020000
           5364	      2678	0010023c	00c51613	slli	x12,x10,0xc	 x10:0x3d00546c x12=0x0546c000
           5368	      2680	00100240	0075a023	sw	x7,0(x11)	 x11:0x00020000  x7:0x00000030 PA:0x00020000 store:0x00000030 load:0x00000000
           5370	      2681	00100244	01c65693	srli	x13,x12,0x1c	 x12:0x0546c000 x13=0x00000000
           5372	      2682	00100248	00900813	addi	x16,x0,9	  x0:0x00000000 x16=0x00000009
           5374	      2683	0010024c	f2d86ae3	bltu	x16,x13,100180	 x16:0x00000009 x13:0x00000000
           5376	      2684	00100250	03068e93	addi	x29,x13,48	 x13:0x00000000 x29=0x00000030
           5378	      2685	00100254	00020f37	lui	x30,0x20	 x30=0x00020000
           5380	      2686	00100258	01051f93	slli	x31,x10,0x10	 x10:0x3d00546c x31=0x546c0000
           5384	      2688	0010025c	01df2023	sw	x29,0(x30)	 x30:0x00020000 x29:0x00000030 PA:0x00020000 store:0x00000030 load:0x00000000
           5386	      2689	00100260	01cfd793	srli	x15,x31,0x1c	 x31:0x546c0000 x15=0x00000005
           5388	      2690	00100264	00900713	addi	x14,x0,9	  x0:0x00000000 x14=0x00000009
           5390	      2691	00100268	f2f76ae3	bltu	x14,x15,10019c	 x14:0x00000009 x15:0x00000005
           5392	      2692	0010026c	03078393	addi	x7,x15,48	 x15:0x00000005  x7=0x00000035
           5394	      2693	00100270	000205b7	lui	x11,0x20	 x11=0x00020000
           5396	      2694	00100274	01451613	slli	x12,x10,0x14	 x10:0x3d00546c x12=0x46c00000
           5400	      2696	00100278	0075a023	sw	x7,0(x11)	 x11:0x00020000  x7:0x00000035 PA:0x00020000 store:0x00000035 load:0x00000000
           5402	      2697	0010027c	01c65693	srli	x13,x12,0x1c	 x12:0x46c00000 x13=0x00000004
           5404	      2698	00100280	00900813	addi	x16,x0,9	  x0:0x00000000 x16=0x00000009
           5406	      2699	00100284	f2d86ae3	bltu	x16,x13,1001b8	 x16:0x00000009 x13:0x00000004
           5408	      2700	00100288	03068e93	addi	x29,x13,48	 x13:0x00000004 x29=0x00000034
           5410	      2701	0010028c	00020f37	lui	x30,0x20	 x30=0x00020000
           5412	      2702	00100290	01851f93	slli	x31,x10,0x18	 x10:0x3d00546c x31=0x6c000000
           5416	      2704	00100294	01df2023	sw	x29,0(x30)	 x30:0x00020000 x29:0x00000034 PA:0x00020000 store:0x00000034 load:0x00000000
           5418	      2705	00100298	01cfd793	srli	x15,x31,0x1c	 x31:0x6c000000 x15=0x00000006
           5420	      2706	0010029c	00900713	addi	x14,x0,9	  x0:0x00000000 x14=0x00000009
           5422	      2707	001002a0	f2f76ae3	bltu	x14,x15,1001d4	 x14:0x00000009 x15:0x00000006
           5424	      2708	001002a4	03078393	addi	x7,x15,48	 x15:0x00000006  x7=0x00000036
           5426	      2709	001002a8	000205b7	lui	x11,0x20	 x11=0x00020000
           5430	      2711	001002ac	0075a023	sw	x7,0(x11)	 x11:0x00020000  x7:0x00000036 PA:0x00020000 store:0x00000036 load:0x00000000
           5432	      2712	001002b0	00f57513	andi	x10,x10,15	 x10:0x3d00546c x10=0x0000000c
           5434	      2713	001002b4	00900613	addi	x12,x0,9	  x0:0x00000000 x12=0x00000009
           5436	      2714	001002b8	f2a67ae3	bgeu	x12,x10,1001ec	 x12:0x00000009 x10:0x0000000c
           5438	      2715	001002bc	03750693	addi	x13,x10,55	 x10:0x0000000c x13=0x00000043
           5440	      2716	001002c0	00020837	lui	x16,0x20	 x16=0x00020000
           5444	      2718	001002c4	00d82023	sw	x13,0(x16)	 x16:0x00020000 x13:0x00000043 PA:0x00020000 store:0x00000043 load:0x00000000
           5454	      2723	001002c8	00008067	jalr	x0,0(x1)	  x1:0x00101278  x0=0x00000000
           5456	      2724	00101278	d089a087	flw	f1,-760(x19)	 f19:0x00102000  f1=0x00000000 PA:0x00101d08 store:0x4598f2e4
           5458	      2725	0010127c	d24ba107	flw	f2,-732(x23)	 f23:0x00102000  f2=0x00000000 PA:0x00101d24 store:0x442e010d
           5480	      2736	00101280	a10a8513	addi	x10,x21,-1520	 x21:0x00102000 x10=0x00101a10
           5482	      2737	00101284	1820f753	fdiv.s	f14,f1,f2	  f1:0x00101278  f2:0x00137fa0 f14=0x00000000
           5484	      2738	00101288	d0e9a427	fsw	f14,-760(x19)	 f19:0x00102000 f14:0x00000009 PA:0x00101d08 store:0x3985487a load:0x42f67c6a
           5486	      2739	0010128c	d089a787	flw	f15,-760(x19)	 f19:0x00102000 f15=0x00000000 PA:0x00101d08 store:0x4598f2e4
           5488	      2740	00101290	e0078ed3	fmv.x.w	x29,f15	 f15:0x00000006 x29=0x3985487a
           5490	      2741	00101294	cfda2c23	sw	x29,-776(x20)	 x20:0x00102000 x29:0x3985487a PA:0x00101cf8 store:0x3985487a load:0x3985487a
           5492	      2742	00101298	e09fe0ef	jal	x1,1000a0	  x1=0x0010129c
           5496	      2744	001000a0	00054803	lbu	x16,0(x10)	 x10:0x00101a10 x16=0x0000000a PA:0x00101a10 store:0x00000000
           5498	      2745	001000a4	06080663	beq	x16,x0,100110	 x16:0x0000000a  x0:0x00000000
           5500	      2746	001000a8	000207b7	lui	x15,0x20	 x15=0x00020000
           5504	      2748	001000ac	0107a023	sw	x16,0(x15)	 x15:0x00020000 x16:0x0000000a PA:0x00020000 store:0x0000000a load:0x00000000
           5508	      2750	001000b0	00154703	lbu	x14,1(x10)	 x10:0x00101a10 x14=0x00000020 PA:0x00101a11 store:0x0010129c
           5510	      2751	001000b4	04070e63	beq	x14,x0,100110	 x14:0x00000020  x0:0x00000000
           5514	      2753	001000b8	00e7a023	sw	x14,0(x15)	 x15:0x00020000 x14:0x00000020 PA:0x00020000 store:0x00000020 load:0x00000000
           5518	      2755	001000bc	00254283	lbu	x5,2(x10)	 x10:0x00101a10  x5=0x00000069 PA:0x00101a12 store:0x00137fa0
           5520	      2756	001000c0	04028863	beq	x5,x0,100110	  x5:0x00000069  x0:0x00000000
           5524	      2758	001000c4	0057a023	sw	x5,0(x15)	 x15:0x00020000  x5:0x00000069 PA:0x00020000 store:0x00000069 load:0x00000000
           5528	      2760	001000c8	00354303	lbu	x6,3(x10)	 x10:0x00101a10  x6=0x0000003d PA:0x00101a13 store:0x00000000
           5530	      2761	001000cc	04030263	beq	x6,x0,100110	  x6:0x0000003d  x0:0x00000000
           5534	      2763	001000d0	0067a023	sw	x6,0(x15)	 x15:0x00020000  x6:0x0000003d PA:0x00020000 store:0x0000003d load:0x00000000
           5538	      2765	001000d4	00454383	lbu	x7,4(x10)	 x10:0x00101a10  x7=0x00000000 PA:0x00101a14 store:0x00000000
           5542	      2767	001000d8	02038c63	beq	x7,x0,100110	  x7:0x00000000  x0:0x00000000
           5546	      2769	00100110	00000513	addi	x10,x0,0	  x0:0x00000000 x10=0x00000000
           5550	      2771	00100114	00008067	jalr	x0,0(x1)	  x1:0x0010129c  x0=0x00000000
           5552	      2772	0010129c	000d8513	addi	x10,x27,0	 x27:0x00000002 x10=0x00000002
           5556	      2774	001012a0	e81fe0ef	jal	x1,100120	  x1=0x001012a4
           5558	      2775	00100120	01c55793	srli	x15,x10,0x1c	 x10:0x00000002 x15=0x00000000
           5560	      2776	00100124	00900713	addi	x14,x0,9	  x0:0x00000000 x14=0x00000009
           5564	      2778	00100128	0cf77a63	bgeu	x14,x15,1001fc	 x14:0x00000009 x15:0x00000000
           5568	      2780	001001fc	03078393	addi	x7,x15,48	 x15:0x00000000  x7=0x00000030
           5570	      2781	00100200	000205b7	lui	x11,0x20	 x11=0x00020000
           5572	      2782	00100204	00451613	slli	x12,x10,0x4	 x10:0x00000002 x12=0x00000020
           5576	      2784	00100208	0075a023	sw	x7,0(x11)	 x11:0x00020000  x7:0x00000030 PA:0x00020000 store:0x00000030 load:0x00000000
           5578	      2785	0010020c	01c65693	srli	x13,x12,0x1c	 x12:0x00000020 x13=0x00000000
           5580	      2786	00100210	00900813	addi	x16,x0,9	  x0:0x00000000 x16=0x00000009
           5582	      2787	00100214	f2d86ae3	bltu	x16,x13,100148	 x16:0x00000009 x13:0x00000000
           5584	      2788	00100218	03068e93	addi	x29,x13,48	 x13:0x00000000 x29=0x00000030
           5586	      2789	0010021c	00020f37	lui	x30,0x20	 x30=0x00020000
           5588	      2790	00100220	00851f93	slli	x31,x10,0x8	 x10:0x00000002 x31=0x00000200
           5592	      2792	00100224	01df2023	sw	x29,0(x30)	 x30:0x00020000 x29:0x00000030 PA:0x00020000 store:0x00000030 load:0x00000000
           5594	      2793	00100228	01cfd793	srli	x15,x31,0x1c	 x31:0x00000200 x15=0x00000000
           5596	      2794	0010022c	00900713	addi	x14,x0,9	  x0:0x00000000 x14=0x00000009
           5598	      2795	00100230	f2f76ae3	bltu	x14,x15,100164	 x14:0x00000009 x15:0x00000000
           5600	      2796	00100234	03078393	addi	x7,x15,48	 x15:0x00000000  x7=0x00000030
           5602	      2797	00100238	000205b7	lui	x11,0x20	 x11=0x00020000
           5604	      2798	0010023c	00c51613	slli	x12,x10,0xc	 x10:0x00000002 x12=0x00002000
           5608	      2800	00100240	0075a023	sw	x7,0(x11)	 x11:0x00020000  x7:0x00000030 PA:0x00020000 store:0x00000030 load:0x00000000
           5610	      2801	00100244	01c65693	srli	x13,x12,0x1c	 x12:0x00002000 x13=0x00000000
           5612	      2802	00100248	00900813	addi	x16,x0,9	  x0:0x00000000 x16=0x00000009
           5614	      2803	0010024c	f2d86ae3	bltu	x16,x13,100180	 x16:0x00000009 x13:0x00000000
           5616	      2804	00100250	03068e93	addi	x29,x13,48	 x13:0x00000000 x29=0x00000030
           5618	      2805	00100254	00020f37	lui	x30,0x20	 x30=0x00020000
           5620	      2806	00100258	01051f93	slli	x31,x10,0x10	 x10:0x00000002 x31=0x00020000
           5624	      2808	0010025c	01df2023	sw	x29,0(x30)	 x30:0x00020000 x29:0x00000030 PA:0x00020000 store:0x00000030 load:0x00000000
           5626	      2809	00100260	01cfd793	srli	x15,x31,0x1c	 x31:0x00020000 x15=0x00000000
           5628	      2810	00100264	00900713	addi	x14,x0,9	  x0:0x00000000 x14=0x00000009
           5630	      2811	00100268	f2f76ae3	bltu	x14,x15,10019c	 x14:0x00000009 x15:0x00000000
           5632	      2812	0010026c	03078393	addi	x7,x15,48	 x15:0x00000000  x7=0x00000030
           5634	      2813	00100270	000205b7	lui	x11,0x20	 x11=0x00020000
           5636	      2814	00100274	01451613	slli	x12,x10,0x14	 x10:0x00000002 x12=0x00200000
           5640	      2816	00100278	0075a023	sw	x7,0(x11)	 x11:0x00020000  x7:0x00000030 PA:0x00020000 store:0x00000030 load:0x00000000
           5642	      2817	0010027c	01c65693	srli	x13,x12,0x1c	 x12:0x00200000 x13=0x00000000
           5644	      2818	00100280	00900813	addi	x16,x0,9	  x0:0x00000000 x16=0x00000009
           5646	      2819	00100284	f2d86ae3	bltu	x16,x13,1001b8	 x16:0x00000009 x13:0x00000000
           5648	      2820	00100288	03068e93	addi	x29,x13,48	 x13:0x00000000 x29=0x00000030
           5650	      2821	0010028c	00020f37	lui	x30,0x20	 x30=0x00020000
           5652	      2822	00100290	01851f93	slli	x31,x10,0x18	 x10:0x00000002 x31=0x02000000
           5656	      2824	00100294	01df2023	sw	x29,0(x30)	 x30:0x00020000 x29:0x00000030 PA:0x00020000 store:0x00000030 load:0x00000000
           5658	      2825	00100298	01cfd793	srli	x15,x31,0x1c	 x31:0x02000000 x15=0x00000000
           5660	      2826	0010029c	00900713	addi	x14,x0,9	  x0:0x00000000 x14=0x00000009
           5662	      2827	001002a0	f2f76ae3	bltu	x14,x15,1001d4	 x14:0x00000009 x15:0x00000000
           5664	      2828	001002a4	03078393	addi	x7,x15,48	 x15:0x00000000  x7=0x00000030
           5666	      2829	001002a8	000205b7	lui	x11,0x20	 x11=0x00020000
           5670	      2831	001002ac	0075a023	sw	x7,0(x11)	 x11:0x00020000  x7:0x00000030 PA:0x00020000 store:0x00000030 load:0x00000000
           5672	      2832	001002b0	00f57513	andi	x10,x10,15	 x10:0x00000002 x10=0x00000002
           5674	      2833	001002b4	00900613	addi	x12,x0,9	  x0:0x00000000 x12=0x00000009
           5678	      2835	001002b8	f2a67ae3	bgeu	x12,x10,1001ec	 x12:0x00000009 x10:0x00000002
           5682	      2837	001001ec	03050893	addi	x17,x10,48	 x10:0x00000002 x17=0x00000032
           5684	      2838	001001f0	00020e37	lui	x28,0x20	 x28=0x00020000
           5688	      2840	001001f4	011e2023	sw	x17,0(x28)	 x28:0x00020000 x17:0x00000032 PA:0x00020000 store:0x00000032 load:0x00000000
           5692	      2842	001001f8	00008067	jalr	x0,0(x1)	  x1:0x001012a4  x0=0x00000000
           5694	      2843	001012a4	a18b0513	addi	x10,x22,-1512	 x22:0x00102000 x10=0x00101a18
           5698	      2845	001012a8	df9fe0ef	jal	x1,1000a0	  x1=0x001012ac
           5702	      2847	001000a0	00054803	lbu	x16,0(x10)	 x10:0x00101a18 x16=0x00000020 PA:0x00101a18 store:0x00000000
           5704	      2848	001000a4	06080663	beq	x16,x0,100110	 x16:0x00000020  x0:0x00000000
           5706	      2849	001000a8	000207b7	lui	x15,0x20	 x15=0x00020000
           5710	      2851	001000ac	0107a023	sw	x16,0(x15)	 x15:0x00020000 x16:0x00000020 PA:0x00020000 store:0x00000020 load:0x00000000
           5714	      2853	001000b0	00154703	lbu	x14,1(x10)	 x10:0x00101a18 x14=0x00000072 PA:0x00101a19 store:0x001012ac
           5716	      2854	001000b4	04070e63	beq	x14,x0,100110	 x14:0x00000072  x0:0x00000000
           5720	      2856	001000b8	00e7a023	sw	x14,0(x15)	 x15:0x00020000 x14:0x00000072 PA:0x00020000 store:0x00000072 load:0x00000000
           5724	      2858	001000bc	00254283	lbu	x5,2(x10)	 x10:0x00101a18  x5=0x00000065 PA:0x00101a1a store:0x00137fa0
           5726	      2859	001000c0	04028863	beq	x5,x0,100110	  x5:0x00000065  x0:0x00000000
           5730	      2861	001000c4	0057a023	sw	x5,0(x15)	 x15:0x00020000  x5:0x00000065 PA:0x00020000 store:0x00000065 load:0x00000000
           5734	      2863	001000c8	00354303	lbu	x6,3(x10)	 x10:0x00101a18  x6=0x00000073 PA:0x00101a1b store:0x00000000
           5736	      2864	001000cc	04030263	beq	x6,x0,100110	  x6:0x00000073  x0:0x00000000
           5740	      2866	001000d0	0067a023	sw	x6,0(x15)	 x15:0x00020000  x6:0x00000073 PA:0x00020000 store:0x00000073 load:0x00000000
           5744	      2868	001000d4	00454383	lbu	x7,4(x10)	 x10:0x00101a18  x7=0x00000075 PA:0x00101a1c store:0x00000000
           5746	      2869	001000d8	02038c63	beq	x7,x0,100110	  x7:0x00000075  x0:0x00000000
           5750	      2871	001000dc	0077a023	sw	x7,0(x15)	 x15:0x00020000  x7:0x00000075 PA:0x00020000 store:0x00000075 load:0x00000000
           5754	      2873	001000e0	00554583	lbu	x11,5(x10)	 x10:0x00101a18 x11=0x0000006c PA:0x00101a1d store:0x00000065
           5756	      2874	001000e4	02058663	beq	x11,x0,100110	 x11:0x0000006c  x0:0x00000000
           5760	      2876	001000e8	00b7a023	sw	x11,0(x15)	 x15:0x00020000 x11:0x0000006c PA:0x00020000 store:0x0000006c load:0x00000000
           5764	      2878	001000ec	00654603	lbu	x12,6(x10)	 x10:0x00101a18 x12=0x00000074 PA:0x00101a1e store:0x00000073
           5766	      2879	001000f0	02060063	beq	x12,x0,100110	 x12:0x00000074  x0:0x00000000
           5770	      2881	001000f4	00c7a023	sw	x12,0(x15)	 x15:0x00020000 x12:0x00000074 PA:0x00020000 store:0x00000074 load:0x00000000
           5774	      2883	001000f8	00754683	lbu	x13,7(x10)	 x10:0x00101a18 x13=0x0000003a PA:0x00101a1f store:0x00000075
           5776	      2884	001000fc	00850513	addi	x10,x10,8	 x10:0x00101a18 x10=0x00101a20
           5778	      2885	00100100	00068863	beq	x13,x0,100110	 x13:0x0000003a  x0:0x00000000
           5782	      2887	00100104	00d7a023	sw	x13,0(x15)	 x15:0x00020000 x13:0x0000003a PA:0x00020000 store:0x0000003a load:0x00000000
           5786	      2889	00100108	00054803	lbu	x16,0(x10)	 x10:0x00101a20 x16=0x00000020 PA:0x00101a20 store:0x00000000
           5790	      2891	0010010c	fa0810e3	bne	x16,x0,1000ac	 x16:0x00000020  x0:0x00000000
           5796	      2894	001000ac	0107a023	sw	x16,0(x15)	 x15:0x00020000 x16:0x00000020 PA:0x00020000 store:0x00000020 load:0x00000000
           5800	      2896	001000b0	00154703	lbu	x14,1(x10)	 x10:0x00101a20 x14=0x00000000 PA:0x00101a21 store:0x001012ac
           5804	      2898	001000b4	04070e63	beq	x14,x0,100110	 x14:0x00000000  x0:0x00000000
           5808	      2900	00100110	00000513	addi	x10,x0,0	  x0:0x00000000 x10=0x00000000
           5812	      2902	00100114	00008067	jalr	x0,0(x1)	  x1:0x001012ac  x0=0x00000000
           5816	      2904	001012ac	cf8a2503	lw	x10,-776(x20)	 x20:0x00102000 x10=0x3985487a PA:0x00101cf8 store:0x00000000
           5818	      2905	001012b0	003c0d93	addi	x27,x24,3	 x24:0x00000000 x27=0x00000003
           5820	      2906	001012b4	004c0c13	addi	x24,x24,4	 x24:0x00000000 x24=0x00000004
           5824	      2908	001012b8	e69fe0ef	jal	x1,100120	  x1=0x001012bc
           5826	      2909	00100120	01c55793	srli	x15,x10,0x1c	 x10:0x3985487a x15=0x00000003
           5828	      2910	00100124	00900713	addi	x14,x0,9	  x0:0x00000000 x14=0x00000009
           5832	      2912	00100128	0cf77a63	bgeu	x14,x15,1001fc	 x14:0x00000009 x15:0x00000003
           5836	      2914	001001fc	03078393	addi	x7,x15,48	 x15:0x00000003  x7=0x00000033
           5838	      2915	00100200	000205b7	lui	x11,0x20	 x11=0x00020000
           5840	      2916	00100204	00451613	slli	x12,x10,0x4	 x10:0x3985487a x12=0x985487a0
           5844	      2918	00100208	0075a023	sw	x7,0(x11)	 x11:0x00020000  x7:0x00000033 PA:0x00020000 store:0x00000033 load:0x00000000
           5846	      2919	0010020c	01c65693	srli	x13,x12,0x1c	 x12:0x985487a0 x13=0x00000009
           5848	      2920	00100210	00900813	addi	x16,x0,9	  x0:0x00000000 x16=0x00000009
           5850	      2921	00100214	f2d86ae3	bltu	x16,x13,100148	 x16:0x00000009 x13:0x00000009
           5852	      2922	00100218	03068e93	addi	x29,x13,48	 x13:0x00000009 x29=0x00000039
           5854	      2923	0010021c	00020f37	lui	x30,0x20	 x30=0x00020000
           5856	      2924	00100220	00851f93	slli	x31,x10,0x8	 x10:0x3985487a x31=0x85487a00
           5860	      2926	00100224	01df2023	sw	x29,0(x30)	 x30:0x00020000 x29:0x00000039 PA:0x00020000 store:0x00000039 load:0x00000000
           5862	      2927	00100228	01cfd793	srli	x15,x31,0x1c	 x31:0x85487a00 x15=0x00000008
           5864	      2928	0010022c	00900713	addi	x14,x0,9	  x0:0x00000000 x14=0x00000009
           5866	      2929	00100230	f2f76ae3	bltu	x14,x15,100164	 x14:0x00000009 x15:0x00000008
           5868	      2930	00100234	03078393	addi	x7,x15,48	 x15:0x00000008  x7=0x00000038
           5870	      2931	00100238	000205b7	lui	x11,0x20	 x11=0x00020000
           5872	      2932	0010023c	00c51613	slli	x12,x10,0xc	 x10:0x3985487a x12=0x5487a000
           5876	      2934	00100240	0075a023	sw	x7,0(x11)	 x11:0x00020000  x7:0x00000038 PA:0x00020000 store:0x00000038 load:0x00000000
           5878	      2935	00100244	01c65693	srli	x13,x12,0x1c	 x12:0x5487a000 x13=0x00000005
           5880	      2936	00100248	00900813	addi	x16,x0,9	  x0:0x00000000 x16=0x00000009
           5882	      2937	0010024c	f2d86ae3	bltu	x16,x13,100180	 x16:0x00000009 x13:0x00000005
           5884	      2938	00100250	03068e93	addi	x29,x13,48	 x13:0x00000005 x29=0x00000035
           5886	      2939	00100254	00020f37	lui	x30,0x20	 x30=0x00020000
           5888	      2940	00100258	01051f93	slli	x31,x10,0x10	 x10:0x3985487a x31=0x487a0000
           5892	      2942	0010025c	01df2023	sw	x29,0(x30)	 x30:0x00020000 x29:0x00000035 PA:0x00020000 store:0x00000035 load:0x00000000
           5894	      2943	00100260	01cfd793	srli	x15,x31,0x1c	 x31:0x487a0000 x15=0x00000004
           5896	      2944	00100264	00900713	addi	x14,x0,9	  x0:0x00000000 x14=0x00000009
           5898	      2945	00100268	f2f76ae3	bltu	x14,x15,10019c	 x14:0x00000009 x15:0x00000004
           5900	      2946	0010026c	03078393	addi	x7,x15,48	 x15:0x00000004  x7=0x00000034
           5902	      2947	00100270	000205b7	lui	x11,0x20	 x11=0x00020000
           5904	      2948	00100274	01451613	slli	x12,x10,0x14	 x10:0x3985487a x12=0x87a00000
           5908	      2950	00100278	0075a023	sw	x7,0(x11)	 x11:0x00020000  x7:0x00000034 PA:0x00020000 store:0x00000034 load:0x00000000
           5910	      2951	0010027c	01c65693	srli	x13,x12,0x1c	 x12:0x87a00000 x13=0x00000008
           5912	      2952	00100280	00900813	addi	x16,x0,9	  x0:0x00000000 x16=0x00000009
           5914	      2953	00100284	f2d86ae3	bltu	x16,x13,1001b8	 x16:0x00000009 x13:0x00000008
           5916	      2954	00100288	03068e93	addi	x29,x13,48	 x13:0x00000008 x29=0x00000038
           5918	      2955	0010028c	00020f37	lui	x30,0x20	 x30=0x00020000
           5920	      2956	00100290	01851f93	slli	x31,x10,0x18	 x10:0x3985487a x31=0x7a000000
           5924	      2958	00100294	01df2023	sw	x29,0(x30)	 x30:0x00020000 x29:0x00000038 PA:0x00020000 store:0x00000038 load:0x00000000
           5926	      2959	00100298	01cfd793	srli	x15,x31,0x1c	 x31:0x7a000000 x15=0x00000007
           5928	      2960	0010029c	00900713	addi	x14,x0,9	  x0:0x00000000 x14=0x00000009
           5930	      2961	001002a0	f2f76ae3	bltu	x14,x15,1001d4	 x14:0x00000009 x15:0x00000007
           5932	      2962	001002a4	03078393	addi	x7,x15,48	 x15:0x00000007  x7=0x00000037
           5934	      2963	001002a8	000205b7	lui	x11,0x20	 x11=0x00020000
           5938	      2965	001002ac	0075a023	sw	x7,0(x11)	 x11:0x00020000  x7:0x00000037 PA:0x00020000 store:0x00000037 load:0x00000000
           5940	      2966	001002b0	00f57513	andi	x10,x10,15	 x10:0x3985487a x10=0x0000000a
           5942	      2967	001002b4	00900613	addi	x12,x0,9	  x0:0x00000000 x12=0x00000009
           5944	      2968	001002b8	f2a67ae3	bgeu	x12,x10,1001ec	 x12:0x00000009 x10:0x0000000a
           5946	      2969	001002bc	03750693	addi	x13,x10,55	 x10:0x0000000a x13=0x00000041
           5948	      2970	001002c0	00020837	lui	x16,0x20	 x16=0x00020000
           5952	      2972	001002c4	00d82023	sw	x13,0(x16)	 x16:0x00020000 x13:0x00000041 PA:0x00020000 store:0x00000041 load:0x00000000
           5962	      2977	001002c8	00008067	jalr	x0,0(x1)	  x1:0x001012bc  x0=0x00000000
           5964	      2978	001012bc	d089a187	flw	f3,-760(x19)	 f19:0x00102000  f3=0x00000000 PA:0x00101d08 store:0x4598f2e4
           5966	      2979	001012c0	d24ba207	flw	f4,-732(x23)	 f23:0x00102000  f4=0x00000000 PA:0x00101d24 store:0x442e010d
           5988	      2990	001012c4	a10a8513	addi	x10,x21,-1520	 x21:0x00102000 x10=0x00101a10
           5990	      2991	001012c8	1841f5d3	fdiv.s	f11,f3,f4	  f3:0x00000000  f4:0x00000000 f11=0x00000000
           5992	      2992	001012cc	d0b9a427	fsw	f11,-760(x19)	 f19:0x00102000 f11:0x00020000 PA:0x00101d08 store:0x360a6d7a load:0x42f67c6a
           5994	      2993	001012d0	d089a287	flw	f5,-760(x19)	 f19:0x00102000  f5=0x00000000 PA:0x00101d08 store:0x4598f2e4
           5996	      2994	001012d4	e0028f53	fmv.x.w	x30,f5	  f5:0x00000065 x30=0x360a6d7a
           5998	      2995	001012d8	cfea2c23	sw	x30,-776(x20)	 x20:0x00102000 x30:0x360a6d7a PA:0x00101cf8 store:0x360a6d7a load:0x360a6d7a
           6000	      2996	001012dc	dc5fe0ef	jal	x1,1000a0	  x1=0x001012e0
           6004	      2998	001000a0	00054803	lbu	x16,0(x10)	 x10:0x00101a10 x16=0x0000000a PA:0x00101a10 store:0x00000000
           6006	      2999	001000a4	06080663	beq	x16,x0,100110	 x16:0x0000000a  x0:0x00000000
           6008	      3000	001000a8	000207b7	lui	x15,0x20	 x15=0x00020000
           6012	      3002	001000ac	0107a023	sw	x16,0(x15)	 x15:0x00020000 x16:0x0000000a PA:0x00020000 store:0x0000000a load:0x00000000
           6016	      3004	001000b0	00154703	lbu	x14,1(x10)	 x10:0x00101a10 x14=0x00000020 PA:0x00101a11 store:0x001012e0
           6018	      3005	001000b4	04070e63	beq	x14,x0,100110	 x14:0x00000020  x0:0x00000000
           6022	      3007	001000b8	00e7a023	sw	x14,0(x15)	 x15:0x00020000 x14:0x00000020 PA:0x00020000 store:0x00000020 load:0x00000000
           6026	      3009	001000bc	00254283	lbu	x5,2(x10)	 x10:0x00101a10  x5=0x00000069 PA:0x00101a12 store:0x00137fa0
           6028	      3010	001000c0	04028863	beq	x5,x0,100110	  x5:0x00000069  x0:0x00000000
           6032	      3012	001000c4	0057a023	sw	x5,0(x15)	 x15:0x00020000  x5:0x00000069 PA:0x00020000 store:0x00000069 load:0x00000000
           6036	      3014	001000c8	00354303	lbu	x6,3(x10)	 x10:0x00101a10  x6=0x0000003d PA:0x00101a13 store:0x00000000
           6038	      3015	001000cc	04030263	beq	x6,x0,100110	  x6:0x0000003d  x0:0x00000000
           6042	      3017	001000d0	0067a023	sw	x6,0(x15)	 x15:0x00020000  x6:0x0000003d PA:0x00020000 store:0x0000003d load:0x00000000
           6046	      3019	001000d4	00454383	lbu	x7,4(x10)	 x10:0x00101a10  x7=0x00000000 PA:0x00101a14 store:0x00000000
           6050	      3021	001000d8	02038c63	beq	x7,x0,100110	  x7:0x00000000  x0:0x00000000
           6054	      3023	00100110	00000513	addi	x10,x0,0	  x0:0x00000000 x10=0x00000000
           6058	      3025	00100114	00008067	jalr	x0,0(x1)	  x1:0x001012e0  x0=0x00000000
           6060	      3026	001012e0	000d8513	addi	x10,x27,0	 x27:0x00000003 x10=0x00000003
           6064	      3028	001012e4	e3dfe0ef	jal	x1,100120	  x1=0x001012e8
           6066	      3029	00100120	01c55793	srli	x15,x10,0x1c	 x10:0x00000003 x15=0x00000000
           6068	      3030	00100124	00900713	addi	x14,x0,9	  x0:0x00000000 x14=0x00000009
           6072	      3032	00100128	0cf77a63	bgeu	x14,x15,1001fc	 x14:0x00000009 x15:0x00000000
           6076	      3034	001001fc	03078393	addi	x7,x15,48	 x15:0x00000000  x7=0x00000030
           6078	      3035	00100200	000205b7	lui	x11,0x20	 x11=0x00020000
           6080	      3036	00100204	00451613	slli	x12,x10,0x4	 x10:0x00000003 x12=0x00000030
           6084	      3038	00100208	0075a023	sw	x7,0(x11)	 x11:0x00020000  x7:0x00000030 PA:0x00020000 store:0x00000030 load:0x00000000
           6086	      3039	0010020c	01c65693	srli	x13,x12,0x1c	 x12:0x00000030 x13=0x00000000
           6088	      3040	00100210	00900813	addi	x16,x0,9	  x0:0x00000000 x16=0x00000009
           6090	      3041	00100214	f2d86ae3	bltu	x16,x13,100148	 x16:0x00000009 x13:0x00000000
           6092	      3042	00100218	03068e93	addi	x29,x13,48	 x13:0x00000000 x29=0x00000030
           6094	      3043	0010021c	00020f37	lui	x30,0x20	 x30=0x00020000
           6096	      3044	00100220	00851f93	slli	x31,x10,0x8	 x10:0x00000003 x31=0x00000300
           6100	      3046	00100224	01df2023	sw	x29,0(x30)	 x30:0x00020000 x29:0x00000030 PA:0x00020000 store:0x00000030 load:0x00000000
           6102	      3047	00100228	01cfd793	srli	x15,x31,0x1c	 x31:0x00000300 x15=0x00000000
           6104	      3048	0010022c	00900713	addi	x14,x0,9	  x0:0x00000000 x14=0x00000009
           6106	      3049	00100230	f2f76ae3	bltu	x14,x15,100164	 x14:0x00000009 x15:0x00000000
           6108	      3050	00100234	03078393	addi	x7,x15,48	 x15:0x00000000  x7=0x00000030
           6110	      3051	00100238	000205b7	lui	x11,0x20	 x11=0x00020000
           6112	      3052	0010023c	00c51613	slli	x12,x10,0xc	 x10:0x00000003 x12=0x00003000
           6116	      3054	00100240	0075a023	sw	x7,0(x11)	 x11:0x00020000  x7:0x00000030 PA:0x00020000 store:0x00000030 load:0x00000000
           6118	      3055	00100244	01c65693	srli	x13,x12,0x1c	 x12:0x00003000 x13=0x00000000
           6120	      3056	00100248	00900813	addi	x16,x0,9	  x0:0x00000000 x16=0x00000009
           6122	      3057	0010024c	f2d86ae3	bltu	x16,x13,100180	 x16:0x00000009 x13:0x00000000
           6124	      3058	00100250	03068e93	addi	x29,x13,48	 x13:0x00000000 x29=0x00000030
           6126	      3059	00100254	00020f37	lui	x30,0x20	 x30=0x00020000
           6128	      3060	00100258	01051f93	slli	x31,x10,0x10	 x10:0x00000003 x31=0x00030000
           6132	      3062	0010025c	01df2023	sw	x29,0(x30)	 x30:0x00020000 x29:0x00000030 PA:0x00020000 store:0x00000030 load:0x00000000
           6134	      3063	00100260	01cfd793	srli	x15,x31,0x1c	 x31:0x00030000 x15=0x00000000
           6136	      3064	00100264	00900713	addi	x14,x0,9	  x0:0x00000000 x14=0x00000009
           6138	      3065	00100268	f2f76ae3	bltu	x14,x15,10019c	 x14:0x00000009 x15:0x00000000
           6140	      3066	0010026c	03078393	addi	x7,x15,48	 x15:0x00000000  x7=0x00000030
           6142	      3067	00100270	000205b7	lui	x11,0x20	 x11=0x00020000
           6144	      3068	00100274	01451613	slli	x12,x10,0x14	 x10:0x00000003 x12=0x00300000
           6148	      3070	00100278	0075a023	sw	x7,0(x11)	 x11:0x00020000  x7:0x00000030 PA:0x00020000 store:0x00000030 load:0x00000000
           6150	      3071	0010027c	01c65693	srli	x13,x12,0x1c	 x12:0x00300000 x13=0x00000000
           6152	      3072	00100280	00900813	addi	x16,x0,9	  x0:0x00000000 x16=0x00000009
           6154	      3073	00100284	f2d86ae3	bltu	x16,x13,1001b8	 x16:0x00000009 x13:0x00000000
           6156	      3074	00100288	03068e93	addi	x29,x13,48	 x13:0x00000000 x29=0x00000030
           6158	      3075	0010028c	00020f37	lui	x30,0x20	 x30=0x00020000
           6160	      3076	00100290	01851f93	slli	x31,x10,0x18	 x10:0x00000003 x31=0x03000000
           6164	      3078	00100294	01df2023	sw	x29,0(x30)	 x30:0x00020000 x29:0x00000030 PA:0x00020000 store:0x00000030 load:0x00000000
           6166	      3079	00100298	01cfd793	srli	x15,x31,0x1c	 x31:0x03000000 x15=0x00000000
           6168	      3080	0010029c	00900713	addi	x14,x0,9	  x0:0x00000000 x14=0x00000009
           6170	      3081	001002a0	f2f76ae3	bltu	x14,x15,1001d4	 x14:0x00000009 x15:0x00000000
           6172	      3082	001002a4	03078393	addi	x7,x15,48	 x15:0x00000000  x7=0x00000030
           6174	      3083	001002a8	000205b7	lui	x11,0x20	 x11=0x00020000
           6178	      3085	001002ac	0075a023	sw	x7,0(x11)	 x11:0x00020000  x7:0x00000030 PA:0x00020000 store:0x00000030 load:0x00000000
           6180	      3086	001002b0	00f57513	andi	x10,x10,15	 x10:0x00000003 x10=0x00000003
           6182	      3087	001002b4	00900613	addi	x12,x0,9	  x0:0x00000000 x12=0x00000009
           6186	      3089	001002b8	f2a67ae3	bgeu	x12,x10,1001ec	 x12:0x00000009 x10:0x00000003
           6190	      3091	001001ec	03050893	addi	x17,x10,48	 x10:0x00000003 x17=0x00000033
           6192	      3092	001001f0	00020e37	lui	x28,0x20	 x28=0x00020000
           6196	      3094	001001f4	011e2023	sw	x17,0(x28)	 x28:0x00020000 x17:0x00000033 PA:0x00020000 store:0x00000033 load:0x00000000
           6200	      3096	001001f8	00008067	jalr	x0,0(x1)	  x1:0x001012e8  x0=0x00000000
           6202	      3097	001012e8	a18b0513	addi	x10,x22,-1512	 x22:0x00102000 x10=0x00101a18
           6206	      3099	001012ec	db5fe0ef	jal	x1,1000a0	  x1=0x001012f0
           6210	      3101	001000a0	00054803	lbu	x16,0(x10)	 x10:0x00101a18 x16=0x00000020 PA:0x00101a18 store:0x00000000
           6212	      3102	001000a4	06080663	beq	x16,x0,100110	 x16:0x00000020  x0:0x00000000
           6214	      3103	001000a8	000207b7	lui	x15,0x20	 x15=0x00020000
           6218	      3105	001000ac	0107a023	sw	x16,0(x15)	 x15:0x00020000 x16:0x00000020 PA:0x00020000 store:0x00000020 load:0x00000000
           6222	      3107	001000b0	00154703	lbu	x14,1(x10)	 x10:0x00101a18 x14=0x00000072 PA:0x00101a19 store:0x001012f0
           6224	      3108	001000b4	04070e63	beq	x14,x0,100110	 x14:0x00000072  x0:0x00000000
           6228	      3110	001000b8	00e7a023	sw	x14,0(x15)	 x15:0x00020000 x14:0x00000072 PA:0x00020000 store:0x00000072 load:0x00000000
           6232	      3112	001000bc	00254283	lbu	x5,2(x10)	 x10:0x00101a18  x5=0x00000065 PA:0x00101a1a store:0x00137fa0
           6234	      3113	001000c0	04028863	beq	x5,x0,100110	  x5:0x00000065  x0:0x00000000
           6238	      3115	001000c4	0057a023	sw	x5,0(x15)	 x15:0x00020000  x5:0x00000065 PA:0x00020000 store:0x00000065 load:0x00000000
           6242	      3117	001000c8	00354303	lbu	x6,3(x10)	 x10:0x00101a18  x6=0x00000073 PA:0x00101a1b store:0x00000000
           6244	      3118	001000cc	04030263	beq	x6,x0,100110	  x6:0x00000073  x0:0x00000000
           6248	      3120	001000d0	0067a023	sw	x6,0(x15)	 x15:0x00020000  x6:0x00000073 PA:0x00020000 store:0x00000073 load:0x00000000
           6252	      3122	001000d4	00454383	lbu	x7,4(x10)	 x10:0x00101a18  x7=0x00000075 PA:0x00101a1c store:0x00000000
           6254	      3123	001000d8	02038c63	beq	x7,x0,100110	  x7:0x00000075  x0:0x00000000
           6258	      3125	001000dc	0077a023	sw	x7,0(x15)	 x15:0x00020000  x7:0x00000075 PA:0x00020000 store:0x00000075 load:0x00000000
           6262	      3127	001000e0	00554583	lbu	x11,5(x10)	 x10:0x00101a18 x11=0x0000006c PA:0x00101a1d store:0x00000065
           6264	      3128	001000e4	02058663	beq	x11,x0,100110	 x11:0x0000006c  x0:0x00000000
           6268	      3130	001000e8	00b7a023	sw	x11,0(x15)	 x15:0x00020000 x11:0x0000006c PA:0x00020000 store:0x0000006c load:0x00000000
           6272	      3132	001000ec	00654603	lbu	x12,6(x10)	 x10:0x00101a18 x12=0x00000074 PA:0x00101a1e store:0x00000073
           6274	      3133	001000f0	02060063	beq	x12,x0,100110	 x12:0x00000074  x0:0x00000000
           6278	      3135	001000f4	00c7a023	sw	x12,0(x15)	 x15:0x00020000 x12:0x00000074 PA:0x00020000 store:0x00000074 load:0x00000000
           6282	      3137	001000f8	00754683	lbu	x13,7(x10)	 x10:0x00101a18 x13=0x0000003a PA:0x00101a1f store:0x00000075
           6284	      3138	001000fc	00850513	addi	x10,x10,8	 x10:0x00101a18 x10=0x00101a20
           6286	      3139	00100100	00068863	beq	x13,x0,100110	 x13:0x0000003a  x0:0x00000000
           6290	      3141	00100104	00d7a023	sw	x13,0(x15)	 x15:0x00020000 x13:0x0000003a PA:0x00020000 store:0x0000003a load:0x00000000
           6294	      3143	00100108	00054803	lbu	x16,0(x10)	 x10:0x00101a20 x16=0x00000020 PA:0x00101a20 store:0x00000000
           6298	      3145	0010010c	fa0810e3	bne	x16,x0,1000ac	 x16:0x00000020  x0:0x00000000
           6304	      3148	001000ac	0107a023	sw	x16,0(x15)	 x15:0x00020000 x16:0x00000020 PA:0x00020000 store:0x00000020 load:0x00000000
           6308	      3150	001000b0	00154703	lbu	x14,1(x10)	 x10:0x00101a20 x14=0x00000000 PA:0x00101a21 store:0x001012f0
           6312	      3152	001000b4	04070e63	beq	x14,x0,100110	 x14:0x00000000  x0:0x00000000
           6316	      3154	00100110	00000513	addi	x10,x0,0	  x0:0x00000000 x10=0x00000000
           6320	      3156	00100114	00008067	jalr	x0,0(x1)	  x1:0x001012f0  x0=0x00000000
           6324	      3158	001012f0	cf8a2503	lw	x10,-776(x20)	 x20:0x00102000 x10=0x360a6d7a PA:0x00101cf8 store:0x00000004
           6328	      3160	001012f4	e2dfe0ef	jal	x1,100120	  x1=0x001012f8
           6330	      3161	00100120	01c55793	srli	x15,x10,0x1c	 x10:0x360a6d7a x15=0x00000003
           6332	      3162	00100124	00900713	addi	x14,x0,9	  x0:0x00000000 x14=0x00000009
           6336	      3164	00100128	0cf77a63	bgeu	x14,x15,1001fc	 x14:0x00000009 x15:0x00000003
           6340	      3166	001001fc	03078393	addi	x7,x15,48	 x15:0x00000003  x7=0x00000033
           6342	      3167	00100200	000205b7	lui	x11,0x20	 x11=0x00020000
           6344	      3168	00100204	00451613	slli	x12,x10,0x4	 x10:0x360a6d7a x12=0x60a6d7a0
           6348	      3170	00100208	0075a023	sw	x7,0(x11)	 x11:0x00020000  x7:0x00000033 PA:0x00020000 store:0x00000033 load:0x00000000
           6350	      3171	0010020c	01c65693	srli	x13,x12,0x1c	 x12:0x60a6d7a0 x13=0x00000006
           6352	      3172	00100210	00900813	addi	x16,x0,9	  x0:0x00000000 x16=0x00000009
           6354	      3173	00100214	f2d86ae3	bltu	x16,x13,100148	 x16:0x00000009 x13:0x00000006
           6356	      3174	00100218	03068e93	addi	x29,x13,48	 x13:0x00000006 x29=0x00000036
           6358	      3175	0010021c	00020f37	lui	x30,0x20	 x30=0x00020000
           6360	      3176	00100220	00851f93	slli	x31,x10,0x8	 x10:0x360a6d7a x31=0x0a6d7a00
           6364	      3178	00100224	01df2023	sw	x29,0(x30)	 x30:0x00020000 x29:0x00000036 PA:0x00020000 store:0x00000036 load:0x00000000
           6366	      3179	00100228	01cfd793	srli	x15,x31,0x1c	 x31:0x0a6d7a00 x15=0x00000000
           6368	      3180	0010022c	00900713	addi	x14,x0,9	  x0:0x00000000 x14=0x00000009
           6370	      3181	00100230	f2f76ae3	bltu	x14,x15,100164	 x14:0x00000009 x15:0x00000000
           6372	      3182	00100234	03078393	addi	x7,x15,48	 x15:0x00000000  x7=0x00000030
           6374	      3183	00100238	000205b7	lui	x11,0x20	 x11=0x00020000
           6376	      3184	0010023c	00c51613	slli	x12,x10,0xc	 x10:0x360a6d7a x12=0xa6d7a000
           6380	      3186	00100240	0075a023	sw	x7,0(x11)	 x11:0x00020000  x7:0x00000030 PA:0x00020000 store:0x00000030 load:0x00000000
           6382	      3187	00100244	01c65693	srli	x13,x12,0x1c	 x12:0xa6d7a000 x13=0x0000000a
           6384	      3188	00100248	00900813	addi	x16,x0,9	  x0:0x00000000 x16=0x00000009
           6388	      3190	0010024c	f2d86ae3	bltu	x16,x13,100180	 x16:0x00000009 x13:0x0000000a
           6392	      3192	00100180	03768893	addi	x17,x13,55	 x13:0x0000000a x17=0x00000041
           6394	      3193	00100184	00020e37	lui	x28,0x20	 x28=0x00020000
           6396	      3194	00100188	01051f93	slli	x31,x10,0x10	 x10:0x360a6d7a x31=0x6d7a0000
           6400	      3196	0010018c	011e2023	sw	x17,0(x28)	 x28:0x00020000 x17:0x00000041 PA:0x00020000 store:0x00000041 load:0x00000000
           6402	      3197	00100190	01cfd793	srli	x15,x31,0x1c	 x31:0x6d7a0000 x15=0x00000006
           6404	      3198	00100194	00900713	addi	x14,x0,9	  x0:0x00000000 x14=0x00000009
           6408	      3200	00100198	0cf77a63	bgeu	x14,x15,10026c	 x14:0x00000009 x15:0x00000006
           6412	      3202	0010026c	03078393	addi	x7,x15,48	 x15:0x00000006  x7=0x00000036
           6414	      3203	00100270	000205b7	lui	x11,0x20	 x11=0x00020000
           6416	      3204	00100274	01451613	slli	x12,x10,0x14	 x10:0x360a6d7a x12=0xd7a00000
           6420	      3206	00100278	0075a023	sw	x7,0(x11)	 x11:0x00020000  x7:0x00000036 PA:0x00020000 store:0x00000036 load:0x00000000
           6422	      3207	0010027c	01c65693	srli	x13,x12,0x1c	 x12:0xd7a00000 x13=0x0000000d
           6424	      3208	00100280	00900813	addi	x16,x0,9	  x0:0x00000000 x16=0x00000009
           6428	      3210	00100284	f2d86ae3	bltu	x16,x13,1001b8	 x16:0x00000009 x13:0x0000000d
           6432	      3212	001001b8	03768893	addi	x17,x13,55	 x13:0x0000000d x17=0x00000044
           6434	      3213	001001bc	00020e37	lui	x28,0x20	 x28=0x00020000
           6436	      3214	001001c0	01851f93	slli	x31,x10,0x18	 x10:0x360a6d7a x31=0x7a000000
           6440	      3216	001001c4	011e2023	sw	x17,0(x28)	 x28:0x00020000 x17:0x00000044 PA:0x00020000 store:0x00000044 load:0x00000000
           6442	      3217	001001c8	01cfd793	srli	x15,x31,0x1c	 x31:0x7a000000 x15=0x00000007
           6444	      3218	001001cc	00900713	addi	x14,x0,9	  x0:0x00000000 x14=0x00000009
           6448	      3220	001001d0	0cf77a63	bgeu	x14,x15,1002a4	 x14:0x00000009 x15:0x00000007
           6452	      3222	001002a4	03078393	addi	x7,x15,48	 x15:0x00000007  x7=0x00000037
           6454	      3223	001002a8	000205b7	lui	x11,0x20	 x11=0x00020000
           6458	      3225	001002ac	0075a023	sw	x7,0(x11)	 x11:0x00020000  x7:0x00000037 PA:0x00020000 store:0x00000037 load:0x00000000
           6460	      3226	001002b0	00f57513	andi	x10,x10,15	 x10:0x360a6d7a x10=0x0000000a
           6462	      3227	001002b4	00900613	addi	x12,x0,9	  x0:0x00000000 x12=0x00000009
           6464	      3228	001002b8	f2a67ae3	bgeu	x12,x10,1001ec	 x12:0x00000009 x10:0x0000000a
           6466	      3229	001002bc	03750693	addi	x13,x10,55	 x10:0x0000000a x13=0x00000041
           6468	      3230	001002c0	00020837	lui	x16,0x20	 x16=0x00020000
           6472	      3232	001002c4	00d82023	sw	x13,0(x16)	 x16:0x00020000 x13:0x00000041 PA:0x00020000 store:0x00000041 load:0x00000000
           6476	      3234	001002c8	00008067	jalr	x0,0(x1)	  x1:0x001012f8  x0=0x00000000
           6480	      3236	001012f8	f1ac10e3	bne	x24,x26,1011f8	 x24:0x00000004 x26:0x00000014
           6488	      3240	001011f8	d089a987	flw	f19,-760(x19)	 f19:0x00102000 f19=0x00000000 PA:0x00101d08 store:0x4598f2e4
           6490	      3241	001011fc	d24baa07	flw	f20,-732(x23)	 f23:0x00102000 f20=0x00000000 PA:0x00101d24 store:0x42f67c6a
           6514	      3253	00101200	a10a8513	addi	x10,x21,-1520	 x21:0x00102000 x10=0x00101a10
           6516	      3254	00101204	1949fad3	fdiv.s	f21,f19,f20	 f19:0x00102000 f20:0x00102000 f21=0x00000000
           6518	      3255	00101208	d159a427	fsw	f21,-760(x19)	 f19:0x00102000 f21:0x00102000 PA:0x00101d08 store:0x328fc550 load:0x42f67c6a
           6520	      3256	0010120c	d089ae07	flw	f28,-760(x19)	 f19:0x00102000 f28=0x00000000 PA:0x00101d08 store:0x4598f2e4
           6522	      3257	00101210	e00e0dd3	fmv.x.w	x27,f28	 f28:0x00020000 x27=0x328fc550
           6524	      3258	00101214	cfba2c23	sw	x27,-776(x20)	 x20:0x00102000 x27:0x328fc550 PA:0x00101cf8 store:0x328fc550 load:0x328fc550
           6526	      3259	00101218	e89fe0ef	jal	x1,1000a0	  x1=0x0010121c
           6530	      3261	001000a0	00054803	lbu	x16,0(x10)	 x10:0x00101a10 x16=0x0000000a PA:0x00101a10 store:0x00000000
           6532	      3262	001000a4	06080663	beq	x16,x0,100110	 x16:0x0000000a  x0:0x00000000
           6534	      3263	001000a8	000207b7	lui	x15,0x20	 x15=0x00020000
           6538	      3265	001000ac	0107a023	sw	x16,0(x15)	 x15:0x00020000 x16:0x0000000a PA:0x00020000 store:0x0000000a load:0x00000000
           6542	      3267	001000b0	00154703	lbu	x14,1(x10)	 x10:0x00101a10 x14=0x00000020 PA:0x00101a11 store:0x0010121c
           6544	      3268	001000b4	04070e63	beq	x14,x0,100110	 x14:0x00000020  x0:0x00000000
           6548	      3270	001000b8	00e7a023	sw	x14,0(x15)	 x15:0x00020000 x14:0x00000020 PA:0x00020000 store:0x00000020 load:0x00000000
           6552	      3272	001000bc	00254283	lbu	x5,2(x10)	 x10:0x00101a10  x5=0x00000069 PA:0x00101a12 store:0x00137fa0
           6554	      3273	001000c0	04028863	beq	x5,x0,100110	  x5:0x00000069  x0:0x00000000
           6558	      3275	001000c4	0057a023	sw	x5,0(x15)	 x15:0x00020000  x5:0x00000069 PA:0x00020000 store:0x00000069 load:0x00000000
           6562	      3277	001000c8	00354303	lbu	x6,3(x10)	 x10:0x00101a10  x6=0x0000003d PA:0x00101a13 store:0x00000000
           6564	      3278	001000cc	04030263	beq	x6,x0,100110	  x6:0x0000003d  x0:0x00000000
           6568	      3280	001000d0	0067a023	sw	x6,0(x15)	 x15:0x00020000  x6:0x0000003d PA:0x00020000 store:0x0000003d load:0x00000000
           6572	      3282	001000d4	00454383	lbu	x7,4(x10)	 x10:0x00101a10  x7=0x00000000 PA:0x00101a14 store:0x00000000
           6576	      3284	001000d8	02038c63	beq	x7,x0,100110	  x7:0x00000000  x0:0x00000000
           6580	      3286	00100110	00000513	addi	x10,x0,0	  x0:0x00000000 x10=0x00000000
           6584	      3288	00100114	00008067	jalr	x0,0(x1)	  x1:0x0010121c  x0=0x00000000
           6586	      3289	0010121c	000c0513	addi	x10,x24,0	 x24:0x00000004 x10=0x00000004
           6590	      3291	00101220	f01fe0ef	jal	x1,100120	  x1=0x00101224
           6592	      3292	00100120	01c55793	srli	x15,x10,0x1c	 x10:0x00000004 x15=0x00000000
           6594	      3293	00100124	00900713	addi	x14,x0,9	  x0:0x00000000 x14=0x00000009
           6598	      3295	00100128	0cf77a63	bgeu	x14,x15,1001fc	 x14:0x00000009 x15:0x00000000
           6602	      3297	001001fc	03078393	addi	x7,x15,48	 x15:0x00000000  x7=0x00000030
           6604	      3298	00100200	000205b7	lui	x11,0x20	 x11=0x00020000
           6606	      3299	00100204	00451613	slli	x12,x10,0x4	 x10:0x00000004 x12=0x00000040
           6610	      3301	00100208	0075a023	sw	x7,0(x11)	 x11:0x00020000  x7:0x00000030 PA:0x00020000 store:0x00000030 load:0x00000000
           6612	      3302	0010020c	01c65693	srli	x13,x12,0x1c	 x12:0x00000040 x13=0x00000000
           6614	      3303	00100210	00900813	addi	x16,x0,9	  x0:0x00000000 x16=0x00000009
           6616	      3304	00100214	f2d86ae3	bltu	x16,x13,100148	 x16:0x00000009 x13:0x00000000
           6618	      3305	00100218	03068e93	addi	x29,x13,48	 x13:0x00000000 x29=0x00000030
           6620	      3306	0010021c	00020f37	lui	x30,0x20	 x30=0x00020000
           6622	      3307	00100220	00851f93	slli	x31,x10,0x8	 x10:0x00000004 x31=0x00000400
           6626	      3309	00100224	01df2023	sw	x29,0(x30)	 x30:0x00020000 x29:0x00000030 PA:0x00020000 store:0x00000030 load:0x00000000
           6628	      3310	00100228	01cfd793	srli	x15,x31,0x1c	 x31:0x00000400 x15=0x00000000
           6630	      3311	0010022c	00900713	addi	x14,x0,9	  x0:0x00000000 x14=0x00000009
           6632	      3312	00100230	f2f76ae3	bltu	x14,x15,100164	 x14:0x00000009 x15:0x00000000
           6634	      3313	00100234	03078393	addi	x7,x15,48	 x15:0x00000000  x7=0x00000030
           6636	      3314	00100238	000205b7	lui	x11,0x20	 x11=0x00020000
           6638	      3315	0010023c	00c51613	slli	x12,x10,0xc	 x10:0x00000004 x12=0x00004000
           6642	      3317	00100240	0075a023	sw	x7,0(x11)	 x11:0x00020000  x7:0x00000030 PA:0x00020000 store:0x00000030 load:0x00000000
           6644	      3318	00100244	01c65693	srli	x13,x12,0x1c	 x12:0x00004000 x13=0x00000000
           6646	      3319	00100248	00900813	addi	x16,x0,9	  x0:0x00000000 x16=0x00000009
           6648	      3320	0010024c	f2d86ae3	bltu	x16,x13,100180	 x16:0x00000009 x13:0x00000000
           6650	      3321	00100250	03068e93	addi	x29,x13,48	 x13:0x00000000 x29=0x00000030
           6652	      3322	00100254	00020f37	lui	x30,0x20	 x30=0x00020000
           6654	      3323	00100258	01051f93	slli	x31,x10,0x10	 x10:0x00000004 x31=0x00040000
           6658	      3325	0010025c	01df2023	sw	x29,0(x30)	 x30:0x00020000 x29:0x00000030 PA:0x00020000 store:0x00000030 load:0x00000000
           6660	      3326	00100260	01cfd793	srli	x15,x31,0x1c	 x31:0x00040000 x15=0x00000000
           6662	      3327	00100264	00900713	addi	x14,x0,9	  x0:0x00000000 x14=0x00000009
           6664	      3328	00100268	f2f76ae3	bltu	x14,x15,10019c	 x14:0x00000009 x15:0x00000000
           6666	      3329	0010026c	03078393	addi	x7,x15,48	 x15:0x00000000  x7=0x00000030
           6668	      3330	00100270	000205b7	lui	x11,0x20	 x11=0x00020000
           6670	      3331	00100274	01451613	slli	x12,x10,0x14	 x10:0x00000004 x12=0x00400000
           6674	      3333	00100278	0075a023	sw	x7,0(x11)	 x11:0x00020000  x7:0x00000030 PA:0x00020000 store:0x00000030 load:0x00000000
           6676	      3334	0010027c	01c65693	srli	x13,x12,0x1c	 x12:0x00400000 x13=0x00000000
           6678	      3335	00100280	00900813	addi	x16,x0,9	  x0:0x00000000 x16=0x00000009
           6680	      3336	00100284	f2d86ae3	bltu	x16,x13,1001b8	 x16:0x00000009 x13:0x00000000
           6682	      3337	00100288	03068e93	addi	x29,x13,48	 x13:0x00000000 x29=0x00000030
           6684	      3338	0010028c	00020f37	lui	x30,0x20	 x30=0x00020000
           6686	      3339	00100290	01851f93	slli	x31,x10,0x18	 x10:0x00000004 x31=0x04000000
           6690	      3341	00100294	01df2023	sw	x29,0(x30)	 x30:0x00020000 x29:0x00000030 PA:0x00020000 store:0x00000030 load:0x00000000
           6692	      3342	00100298	01cfd793	srli	x15,x31,0x1c	 x31:0x04000000 x15=0x00000000
           6694	      3343	0010029c	00900713	addi	x14,x0,9	  x0:0x00000000 x14=0x00000009
           6696	      3344	001002a0	f2f76ae3	bltu	x14,x15,1001d4	 x14:0x00000009 x15:0x00000000
           6698	      3345	001002a4	03078393	addi	x7,x15,48	 x15:0x00000000  x7=0x00000030
           6700	      3346	001002a8	000205b7	lui	x11,0x20	 x11=0x00020000
           6704	      3348	001002ac	0075a023	sw	x7,0(x11)	 x11:0x00020000  x7:0x00000030 PA:0x00020000 store:0x00000030 load:0x00000000
           6706	      3349	001002b0	00f57513	andi	x10,x10,15	 x10:0x00000004 x10=0x00000004
           6708	      3350	001002b4	00900613	addi	x12,x0,9	  x0:0x00000000 x12=0x00000009
           6712	      3352	001002b8	f2a67ae3	bgeu	x12,x10,1001ec	 x12:0x00000009 x10:0x00000004
           6716	      3354	001001ec	03050893	addi	x17,x10,48	 x10:0x00000004 x17=0x00000034
           6718	      3355	001001f0	00020e37	lui	x28,0x20	 x28=0x00020000
           6722	      3357	001001f4	011e2023	sw	x17,0(x28)	 x28:0x00020000 x17:0x00000034 PA:0x00020000 store:0x00000034 load:0x00000000
           6726	      3359	001001f8	00008067	jalr	x0,0(x1)	  x1:0x00101224  x0=0x00000000
           6728	      3360	00101224	a18b0513	addi	x10,x22,-1512	 x22:0x00102000 x10=0x00101a18
           6732	      3362	00101228	e79fe0ef	jal	x1,1000a0	  x1=0x0010122c
           6736	      3364	001000a0	00054803	lbu	x16,0(x10)	 x10:0x00101a18 x16=0x00000020 PA:0x00101a18 store:0x00000000
           6738	      3365	001000a4	06080663	beq	x16,x0,100110	 x16:0x00000020  x0:0x00000000
           6740	      3366	001000a8	000207b7	lui	x15,0x20	 x15=0x00020000
           6744	      3368	001000ac	0107a023	sw	x16,0(x15)	 x15:0x00020000 x16:0x00000020 PA:0x00020000 store:0x00000020 load:0x00000000
           6748	      3370	001000b0	00154703	lbu	x14,1(x10)	 x10:0x00101a18 x14=0x00000072 PA:0x00101a19 store:0x0010122c
           6750	      3371	001000b4	04070e63	beq	x14,x0,100110	 x14:0x00000072  x0:0x00000000
           6754	      3373	001000b8	00e7a023	sw	x14,0(x15)	 x15:0x00020000 x14:0x00000072 PA:0x00020000 store:0x00000072 load:0x00000000
           6758	      3375	001000bc	00254283	lbu	x5,2(x10)	 x10:0x00101a18  x5=0x00000065 PA:0x00101a1a store:0x00137fa0
           6760	      3376	001000c0	04028863	beq	x5,x0,100110	  x5:0x00000065  x0:0x00000000
           6764	      3378	001000c4	0057a023	sw	x5,0(x15)	 x15:0x00020000  x5:0x00000065 PA:0x00020000 store:0x00000065 load:0x00000000
           6768	      3380	001000c8	00354303	lbu	x6,3(x10)	 x10:0x00101a18  x6=0x00000073 PA:0x00101a1b store:0x00000000
           6770	      3381	001000cc	04030263	beq	x6,x0,100110	  x6:0x00000073  x0:0x00000000
           6774	      3383	001000d0	0067a023	sw	x6,0(x15)	 x15:0x00020000  x6:0x00000073 PA:0x00020000 store:0x00000073 load:0x00000000
           6778	      3385	001000d4	00454383	lbu	x7,4(x10)	 x10:0x00101a18  x7=0x00000075 PA:0x00101a1c store:0x00000000
           6780	      3386	001000d8	02038c63	beq	x7,x0,100110	  x7:0x00000075  x0:0x00000000
           6784	      3388	001000dc	0077a023	sw	x7,0(x15)	 x15:0x00020000  x7:0x00000075 PA:0x00020000 store:0x00000075 load:0x00000000
           6788	      3390	001000e0	00554583	lbu	x11,5(x10)	 x10:0x00101a18 x11=0x0000006c PA:0x00101a1d store:0x00000065
           6790	      3391	001000e4	02058663	beq	x11,x0,100110	 x11:0x0000006c  x0:0x00000000
           6794	      3393	001000e8	00b7a023	sw	x11,0(x15)	 x15:0x00020000 x11:0x0000006c PA:0x00020000 store:0x0000006c load:0x00000000
           6798	      3395	001000ec	00654603	lbu	x12,6(x10)	 x10:0x00101a18 x12=0x00000074 PA:0x00101a1e store:0x00000073
           6800	      3396	001000f0	02060063	beq	x12,x0,100110	 x12:0x00000074  x0:0x00000000
           6804	      3398	001000f4	00c7a023	sw	x12,0(x15)	 x15:0x00020000 x12:0x00000074 PA:0x00020000 store:0x00000074 load:0x00000000
           6808	      3400	001000f8	00754683	lbu	x13,7(x10)	 x10:0x00101a18 x13=0x0000003a PA:0x00101a1f store:0x00000075
           6810	      3401	001000fc	00850513	addi	x10,x10,8	 x10:0x00101a18 x10=0x00101a20
           6812	      3402	00100100	00068863	beq	x13,x0,100110	 x13:0x0000003a  x0:0x00000000
           6816	      3404	00100104	00d7a023	sw	x13,0(x15)	 x15:0x00020000 x13:0x0000003a PA:0x00020000 store:0x0000003a load:0x00000000
           6820	      3406	00100108	00054803	lbu	x16,0(x10)	 x10:0x00101a20 x16=0x00000020 PA:0x00101a20 store:0x00000000
           6824	      3408	0010010c	fa0810e3	bne	x16,x0,1000ac	 x16:0x00000020  x0:0x00000000
           6830	      3411	001000ac	0107a023	sw	x16,0(x15)	 x15:0x00020000 x16:0x00000020 PA:0x00020000 store:0x00000020 load:0x00000000
           6834	      3413	001000b0	00154703	lbu	x14,1(x10)	 x10:0x00101a20 x14=0x00000000 PA:0x00101a21 store:0x0010122c
           6838	      3415	001000b4	04070e63	beq	x14,x0,100110	 x14:0x00000000  x0:0x00000000
           6842	      3417	00100110	00000513	addi	x10,x0,0	  x0:0x00000000 x10=0x00000000
           6846	      3419	00100114	00008067	jalr	x0,0(x1)	  x1:0x0010122c  x0=0x00000000
           6850	      3421	0010122c	cf8a2503	lw	x10,-776(x20)	 x20:0x00102000 x10=0x328fc550 PA:0x00101cf8 store:0x00000004
           6852	      3422	00101230	001c0d93	addi	x27,x24,1	 x24:0x00000004 x27=0x00000005
           6856	      3424	00101234	eedfe0ef	jal	x1,100120	  x1=0x00101238
           6858	      3425	00100120	01c55793	srli	x15,x10,0x1c	 x10:0x328fc550 x15=0x00000003
           6860	      3426	00100124	00900713	addi	x14,x0,9	  x0:0x00000000 x14=0x00000009
           6864	      3428	00100128	0cf77a63	bgeu	x14,x15,1001fc	 x14:0x00000009 x15:0x00000003
           6868	      3430	001001fc	03078393	addi	x7,x15,48	 x15:0x00000003  x7=0x00000033
           6870	      3431	00100200	000205b7	lui	x11,0x20	 x11=0x00020000
           6872	      3432	00100204	00451613	slli	x12,x10,0x4	 x10:0x328fc550 x12=0x28fc5500
           6876	      3434	00100208	0075a023	sw	x7,0(x11)	 x11:0x00020000  x7:0x00000033 PA:0x00020000 store:0x00000033 load:0x00000000
           6878	      3435	0010020c	01c65693	srli	x13,x12,0x1c	 x12:0x28fc5500 x13=0x00000002
           6880	      3436	00100210	00900813	addi	x16,x0,9	  x0:0x00000000 x16=0x00000009
           6882	      3437	00100214	f2d86ae3	bltu	x16,x13,100148	 x16:0x00000009 x13:0x00000002
           6884	      3438	00100218	03068e93	addi	x29,x13,48	 x13:0x00000002 x29=0x00000032
           6886	      3439	0010021c	00020f37	lui	x30,0x20	 x30=0x00020000
           6888	      3440	00100220	00851f93	slli	x31,x10,0x8	 x10:0x328fc550 x31=0x8fc55000
           6892	      3442	00100224	01df2023	sw	x29,0(x30)	 x30:0x00020000 x29:0x00000032 PA:0x00020000 store:0x00000032 load:0x00000000
           6894	      3443	00100228	01cfd793	srli	x15,x31,0x1c	 x31:0x8fc55000 x15=0x00000008
           6896	      3444	0010022c	00900713	addi	x14,x0,9	  x0:0x00000000 x14=0x00000009
           6898	      3445	00100230	f2f76ae3	bltu	x14,x15,100164	 x14:0x00000009 x15:0x00000008
           6900	      3446	00100234	03078393	addi	x7,x15,48	 x15:0x00000008  x7=0x00000038
           6902	      3447	00100238	000205b7	lui	x11,0x20	 x11=0x00020000
           6904	      3448	0010023c	00c51613	slli	x12,x10,0xc	 x10:0x328fc550 x12=0xfc550000
           6908	      3450	00100240	0075a023	sw	x7,0(x11)	 x11:0x00020000  x7:0x00000038 PA:0x00020000 store:0x00000038 load:0x00000000
           6910	      3451	00100244	01c65693	srli	x13,x12,0x1c	 x12:0xfc550000 x13=0x0000000f
           6912	      3452	00100248	00900813	addi	x16,x0,9	  x0:0x00000000 x16=0x00000009
           6916	      3454	0010024c	f2d86ae3	bltu	x16,x13,100180	 x16:0x00000009 x13:0x0000000f
           6920	      3456	00100180	03768893	addi	x17,x13,55	 x13:0x0000000f x17=0x00000046
           6922	      3457	00100184	00020e37	lui	x28,0x20	 x28=0x00020000
           6924	      3458	00100188	01051f93	slli	x31,x10,0x10	 x10:0x328fc550 x31=0xc5500000
           6928	      3460	0010018c	011e2023	sw	x17,0(x28)	 x28:0x00020000 x17:0x00000046 PA:0x00020000 store:0x00000046 load:0x00000000
           6930	      3461	00100190	01cfd793	srli	x15,x31,0x1c	 x31:0xc5500000 x15=0x0000000c
           6932	      3462	00100194	00900713	addi	x14,x0,9	  x0:0x00000000 x14=0x00000009
           6934	      3463	00100198	0cf77a63	bgeu	x14,x15,10026c	 x14:0x00000009 x15:0x0000000c
           6936	      3464	0010019c	03778293	addi	x5,x15,55	 x15:0x0000000c  x5=0x00000043
           6938	      3465	001001a0	00020337	lui	x6,0x20	  x6=0x00020000
           6940	      3466	001001a4	01451613	slli	x12,x10,0x14	 x10:0x328fc550 x12=0x55000000
           6944	      3468	001001a8	00532023	sw	x5,0(x6)	  x6:0x00020000  x5:0x00000043 PA:0x00020000 store:0x00000043 load:0x00000000
           6946	      3469	001001ac	01c65693	srli	x13,x12,0x1c	 x12:0x55000000 x13=0x00000005
           6948	      3470	001001b0	00900813	addi	x16,x0,9	  x0:0x00000000 x16=0x00000009
           6952	      3472	001001b4	0cd87a63	bgeu	x16,x13,100288	 x16:0x00000009 x13:0x00000005
           6956	      3474	00100288	03068e93	addi	x29,x13,48	 x13:0x00000005 x29=0x00000035
           6958	      3475	0010028c	00020f37	lui	x30,0x20	 x30=0x00020000
           6960	      3476	00100290	01851f93	slli	x31,x10,0x18	 x10:0x328fc550 x31=0x50000000
           6964	      3478	00100294	01df2023	sw	x29,0(x30)	 x30:0x00020000 x29:0x00000035 PA:0x00020000 store:0x00000035 load:0x00000000
           6966	      3479	00100298	01cfd793	srli	x15,x31,0x1c	 x31:0x50000000 x15=0x00000005
           6968	      3480	0010029c	00900713	addi	x14,x0,9	  x0:0x00000000 x14=0x00000009
           6970	      3481	001002a0	f2f76ae3	bltu	x14,x15,1001d4	 x14:0x00000009 x15:0x00000005
           6972	      3482	001002a4	03078393	addi	x7,x15,48	 x15:0x00000005  x7=0x00000035
           6974	      3483	001002a8	000205b7	lui	x11,0x20	 x11=0x00020000
           6978	      3485	001002ac	0075a023	sw	x7,0(x11)	 x11:0x00020000  x7:0x00000035 PA:0x00020000 store:0x00000035 load:0x00000000
           6980	      3486	001002b0	00f57513	andi	x10,x10,15	 x10:0x328fc550 x10=0x00000000
           6982	      3487	001002b4	00900613	addi	x12,x0,9	  x0:0x00000000 x12=0x00000009
           6986	      3489	001002b8	f2a67ae3	bgeu	x12,x10,1001ec	 x12:0x00000009 x10:0x00000000
           6990	      3491	001001ec	03050893	addi	x17,x10,48	 x10:0x00000000 x17=0x00000030
           6992	      3492	001001f0	00020e37	lui	x28,0x20	 x28=0x00020000
           6996	      3494	001001f4	011e2023	sw	x17,0(x28)	 x28:0x00020000 x17:0x00000030 PA:0x00020000 store:0x00000030 load:0x00000000
           7006	      3499	001001f8	00008067	jalr	x0,0(x1)	  x1:0x00101238  x0=0x00000000
           7008	      3500	00101238	d089ae87	flw	f29,-760(x19)	 f19:0x00102000 f29=0x00000000 PA:0x00101d08 store:0x4598f2e4
           7010	      3501	0010123c	d24baf07	flw	f30,-732(x23)	 f23:0x00102000 f30=0x00000000 PA:0x00101d24 store:0x42f67c6a
           7032	      3512	00101240	a10a8513	addi	x10,x21,-1520	 x21:0x00102000 x10=0x00101a10
           7034	      3513	00101244	19eeffd3	fdiv.s	f31,f29,f30	 f29:0x00000035 f30:0x00020000 f31=0x00000000
           7036	      3514	00101248	d1f9a427	fsw	f31,-760(x19)	 f19:0x00102000 f31:0x50000000 PA:0x00101d08 store:0x2f1551f2 load:0x42f67c6a
           7038	      3515	0010124c	d089a007	flw	f0,-760(x19)	 f19:0x00102000  f0=0x00000000 PA:0x00101d08 store:0x4598f2e4
           7040	      3516	00101250	e0000e53	fmv.x.w	x28,f0	  f0:0x00000000 x28=0x2f1551f2
           7042	      3517	00101254	cfca2c23	sw	x28,-776(x20)	 x20:0x00102000 x28:0x2f1551f2 PA:0x00101cf8 store:0x2f1551f2 load:0x2f1551f2
           7044	      3518	00101258	e49fe0ef	jal	x1,1000a0	  x1=0x0010125c
           7048	      3520	001000a0	00054803	lbu	x16,0(x10)	 x10:0x00101a10 x16=0x0000000a PA:0x00101a10 store:0x00000000
           7050	      3521	001000a4	06080663	beq	x16,x0,100110	 x16:0x0000000a  x0:0x00000000
           7052	      3522	001000a8	000207b7	lui	x15,0x20	 x15=0x00020000
           7056	      3524	001000ac	0107a023	sw	x16,0(x15)	 x15:0x00020000 x16:0x0000000a PA:0x00020000 store:0x0000000a load:0x00000000
           7060	      3526	001000b0	00154703	lbu	x14,1(x10)	 x10:0x00101a10 x14=0x00000020 PA:0x00101a11 store:0x0010125c
           7062	      3527	001000b4	04070e63	beq	x14,x0,100110	 x14:0x00000020  x0:0x00000000
           7066	      3529	001000b8	00e7a023	sw	x14,0(x15)	 x15:0x00020000 x14:0x00000020 PA:0x00020000 store:0x00000020 load:0x00000000
           7070	      3531	001000bc	00254283	lbu	x5,2(x10)	 x10:0x00101a10  x5=0x00000069 PA:0x00101a12 store:0x00137fa0
           7072	      3532	001000c0	04028863	beq	x5,x0,100110	  x5:0x00000069  x0:0x00000000
           7076	      3534	001000c4	0057a023	sw	x5,0(x15)	 x15:0x00020000  x5:0x00000069 PA:0x00020000 store:0x00000069 load:0x00000000
           7080	      3536	001000c8	00354303	lbu	x6,3(x10)	 x10:0x00101a10  x6=0x0000003d PA:0x00101a13 store:0x00000000
           7082	      3537	001000cc	04030263	beq	x6,x0,100110	  x6:0x0000003d  x0:0x00000000
           7086	      3539	001000d0	0067a023	sw	x6,0(x15)	 x15:0x00020000  x6:0x0000003d PA:0x00020000 store:0x0000003d load:0x00000000
           7090	      3541	001000d4	00454383	lbu	x7,4(x10)	 x10:0x00101a10  x7=0x00000000 PA:0x00101a14 store:0x00000000
           7094	      3543	001000d8	02038c63	beq	x7,x0,100110	  x7:0x00000000  x0:0x00000000
           7098	      3545	00100110	00000513	addi	x10,x0,0	  x0:0x00000000 x10=0x00000000
           7102	      3547	00100114	00008067	jalr	x0,0(x1)	  x1:0x0010125c  x0=0x00000000
           7104	      3548	0010125c	000d8513	addi	x10,x27,0	 x27:0x00000005 x10=0x00000005
           7108	      3550	00101260	ec1fe0ef	jal	x1,100120	  x1=0x00101264
           7110	      3551	00100120	01c55793	srli	x15,x10,0x1c	 x10:0x00000005 x15=0x00000000
           7112	      3552	00100124	00900713	addi	x14,x0,9	  x0:0x00000000 x14=0x00000009
           7116	      3554	00100128	0cf77a63	bgeu	x14,x15,1001fc	 x14:0x00000009 x15:0x00000000
           7120	      3556	001001fc	03078393	addi	x7,x15,48	 x15:0x00000000  x7=0x00000030
           7122	      3557	00100200	000205b7	lui	x11,0x20	 x11=0x00020000
           7124	      3558	00100204	00451613	slli	x12,x10,0x4	 x10:0x00000005 x12=0x00000050
           7128	      3560	00100208	0075a023	sw	x7,0(x11)	 x11:0x00020000  x7:0x00000030 PA:0x00020000 store:0x00000030 load:0x00000000
           7130	      3561	0010020c	01c65693	srli	x13,x12,0x1c	 x12:0x00000050 x13=0x00000000
           7132	      3562	00100210	00900813	addi	x16,x0,9	  x0:0x00000000 x16=0x00000009
           7134	      3563	00100214	f2d86ae3	bltu	x16,x13,100148	 x16:0x00000009 x13:0x00000000
           7136	      3564	00100218	03068e93	addi	x29,x13,48	 x13:0x00000000 x29=0x00000030
           7138	      3565	0010021c	00020f37	lui	x30,0x20	 x30=0x00020000
           7140	      3566	00100220	00851f93	slli	x31,x10,0x8	 x10:0x00000005 x31=0x00000500
           7144	      3568	00100224	01df2023	sw	x29,0(x30)	 x30:0x00020000 x29:0x00000030 PA:0x00020000 store:0x00000030 load:0x00000000
           7146	      3569	00100228	01cfd793	srli	x15,x31,0x1c	 x31:0x00000500 x15=0x00000000
           7148	      3570	0010022c	00900713	addi	x14,x0,9	  x0:0x00000000 x14=0x00000009
           7150	      3571	00100230	f2f76ae3	bltu	x14,x15,100164	 x14:0x00000009 x15:0x00000000
           7152	      3572	00100234	03078393	addi	x7,x15,48	 x15:0x00000000  x7=0x00000030
           7154	      3573	00100238	000205b7	lui	x11,0x20	 x11=0x00020000
           7156	      3574	0010023c	00c51613	slli	x12,x10,0xc	 x10:0x00000005 x12=0x00005000
           7160	      3576	00100240	0075a023	sw	x7,0(x11)	 x11:0x00020000  x7:0x00000030 PA:0x00020000 store:0x00000030 load:0x00000000
           7162	      3577	00100244	01c65693	srli	x13,x12,0x1c	 x12:0x00005000 x13=0x00000000
           7164	      3578	00100248	00900813	addi	x16,x0,9	  x0:0x00000000 x16=0x00000009
           7166	      3579	0010024c	f2d86ae3	bltu	x16,x13,100180	 x16:0x00000009 x13:0x00000000
           7168	      3580	00100250	03068e93	addi	x29,x13,48	 x13:0x00000000 x29=0x00000030
           7170	      3581	00100254	00020f37	lui	x30,0x20	 x30=0x00020000
           7172	      3582	00100258	01051f93	slli	x31,x10,0x10	 x10:0x00000005 x31=0x00050000
           7176	      3584	0010025c	01df2023	sw	x29,0(x30)	 x30:0x00020000 x29:0x00000030 PA:0x00020000 store:0x00000030 load:0x00000000
           7178	      3585	00100260	01cfd793	srli	x15,x31,0x1c	 x31:0x00050000 x15=0x00000000
           7180	      3586	00100264	00900713	addi	x14,x0,9	  x0:0x00000000 x14=0x00000009
           7182	      3587	00100268	f2f76ae3	bltu	x14,x15,10019c	 x14:0x00000009 x15:0x00000000
           7184	      3588	0010026c	03078393	addi	x7,x15,48	 x15:0x00000000  x7=0x00000030
           7186	      3589	00100270	000205b7	lui	x11,0x20	 x11=0x00020000
           7188	      3590	00100274	01451613	slli	x12,x10,0x14	 x10:0x00000005 x12=0x00500000
           7192	      3592	00100278	0075a023	sw	x7,0(x11)	 x11:0x00020000  x7:0x00000030 PA:0x00020000 store:0x00000030 load:0x00000000
           7194	      3593	0010027c	01c65693	srli	x13,x12,0x1c	 x12:0x00500000 x13=0x00000000
           7196	      3594	00100280	00900813	addi	x16,x0,9	  x0:0x00000000 x16=0x00000009
           7198	      3595	00100284	f2d86ae3	bltu	x16,x13,1001b8	 x16:0x00000009 x13:0x00000000
           7200	      3596	00100288	03068e93	addi	x29,x13,48	 x13:0x00000000 x29=0x00000030
           7202	      3597	0010028c	00020f37	lui	x30,0x20	 x30=0x00020000
           7204	      3598	00100290	01851f93	slli	x31,x10,0x18	 x10:0x00000005 x31=0x05000000
           7208	      3600	00100294	01df2023	sw	x29,0(x30)	 x30:0x00020000 x29:0x00000030 PA:0x00020000 store:0x00000030 load:0x00000000
           7210	      3601	00100298	01cfd793	srli	x15,x31,0x1c	 x31:0x05000000 x15=0x00000000
           7212	      3602	0010029c	00900713	addi	x14,x0,9	  x0:0x00000000 x14=0x00000009
           7214	      3603	001002a0	f2f76ae3	bltu	x14,x15,1001d4	 x14:0x00000009 x15:0x00000000
           7216	      3604	001002a4	03078393	addi	x7,x15,48	 x15:0x00000000  x7=0x00000030
           7218	      3605	001002a8	000205b7	lui	x11,0x20	 x11=0x00020000
           7222	      3607	001002ac	0075a023	sw	x7,0(x11)	 x11:0x00020000  x7:0x00000030 PA:0x00020000 store:0x00000030 load:0x00000000
           7224	      3608	001002b0	00f57513	andi	x10,x10,15	 x10:0x00000005 x10=0x00000005
           7226	      3609	001002b4	00900613	addi	x12,x0,9	  x0:0x00000000 x12=0x00000009
           7230	      3611	001002b8	f2a67ae3	bgeu	x12,x10,1001ec	 x12:0x00000009 x10:0x00000005
           7234	      3613	001001ec	03050893	addi	x17,x10,48	 x10:0x00000005 x17=0x00000035
           7236	      3614	001001f0	00020e37	lui	x28,0x20	 x28=0x00020000
           7240	      3616	001001f4	011e2023	sw	x17,0(x28)	 x28:0x00020000 x17:0x00000035 PA:0x00020000 store:0x00000035 load:0x00000000
           7244	      3618	001001f8	00008067	jalr	x0,0(x1)	  x1:0x00101264  x0=0x00000000
           7246	      3619	00101264	a18b0513	addi	x10,x22,-1512	 x22:0x00102000 x10=0x00101a18
           7250	      3621	00101268	e39fe0ef	jal	x1,1000a0	  x1=0x0010126c
           7254	      3623	001000a0	00054803	lbu	x16,0(x10)	 x10:0x00101a18 x16=0x00000020 PA:0x00101a18 store:0x00000000
           7256	      3624	001000a4	06080663	beq	x16,x0,100110	 x16:0x00000020  x0:0x00000000
           7258	      3625	001000a8	000207b7	lui	x15,0x20	 x15=0x00020000
           7262	      3627	001000ac	0107a023	sw	x16,0(x15)	 x15:0x00020000 x16:0x00000020 PA:0x00020000 store:0x00000020 load:0x00000000
           7266	      3629	001000b0	00154703	lbu	x14,1(x10)	 x10:0x00101a18 x14=0x00000072 PA:0x00101a19 store:0x0010126c
           7268	      3630	001000b4	04070e63	beq	x14,x0,100110	 x14:0x00000072  x0:0x00000000
           7272	      3632	001000b8	00e7a023	sw	x14,0(x15)	 x15:0x00020000 x14:0x00000072 PA:0x00020000 store:0x00000072 load:0x00000000
           7276	      3634	001000bc	00254283	lbu	x5,2(x10)	 x10:0x00101a18  x5=0x00000065 PA:0x00101a1a store:0x00137fa0
           7278	      3635	001000c0	04028863	beq	x5,x0,100110	  x5:0x00000065  x0:0x00000000
           7282	      3637	001000c4	0057a023	sw	x5,0(x15)	 x15:0x00020000  x5:0x00000065 PA:0x00020000 store:0x00000065 load:0x00000000
           7286	      3639	001000c8	00354303	lbu	x6,3(x10)	 x10:0x00101a18  x6=0x00000073 PA:0x00101a1b store:0x00000000
           7288	      3640	001000cc	04030263	beq	x6,x0,100110	  x6:0x00000073  x0:0x00000000
           7292	      3642	001000d0	0067a023	sw	x6,0(x15)	 x15:0x00020000  x6:0x00000073 PA:0x00020000 store:0x00000073 load:0x00000000
           7296	      3644	001000d4	00454383	lbu	x7,4(x10)	 x10:0x00101a18  x7=0x00000075 PA:0x00101a1c store:0x00000000
           7298	      3645	001000d8	02038c63	beq	x7,x0,100110	  x7:0x00000075  x0:0x00000000
           7302	      3647	001000dc	0077a023	sw	x7,0(x15)	 x15:0x00020000  x7:0x00000075 PA:0x00020000 store:0x00000075 load:0x00000000
           7306	      3649	001000e0	00554583	lbu	x11,5(x10)	 x10:0x00101a18 x11=0x0000006c PA:0x00101a1d store:0x00000065
           7308	      3650	001000e4	02058663	beq	x11,x0,100110	 x11:0x0000006c  x0:0x00000000
           7312	      3652	001000e8	00b7a023	sw	x11,0(x15)	 x15:0x00020000 x11:0x0000006c PA:0x00020000 store:0x0000006c load:0x00000000
           7316	      3654	001000ec	00654603	lbu	x12,6(x10)	 x10:0x00101a18 x12=0x00000074 PA:0x00101a1e store:0x00000073
           7318	      3655	001000f0	02060063	beq	x12,x0,100110	 x12:0x00000074  x0:0x00000000
           7322	      3657	001000f4	00c7a023	sw	x12,0(x15)	 x15:0x00020000 x12:0x00000074 PA:0x00020000 store:0x00000074 load:0x00000000
           7326	      3659	001000f8	00754683	lbu	x13,7(x10)	 x10:0x00101a18 x13=0x0000003a PA:0x00101a1f store:0x00000075
           7328	      3660	001000fc	00850513	addi	x10,x10,8	 x10:0x00101a18 x10=0x00101a20
           7330	      3661	00100100	00068863	beq	x13,x0,100110	 x13:0x0000003a  x0:0x00000000
           7334	      3663	00100104	00d7a023	sw	x13,0(x15)	 x15:0x00020000 x13:0x0000003a PA:0x00020000 store:0x0000003a load:0x00000000
           7338	      3665	00100108	00054803	lbu	x16,0(x10)	 x10:0x00101a20 x16=0x00000020 PA:0x00101a20 store:0x00000000
           7342	      3667	0010010c	fa0810e3	bne	x16,x0,1000ac	 x16:0x00000020  x0:0x00000000
           7348	      3670	001000ac	0107a023	sw	x16,0(x15)	 x15:0x00020000 x16:0x00000020 PA:0x00020000 store:0x00000020 load:0x00000000
           7352	      3672	001000b0	00154703	lbu	x14,1(x10)	 x10:0x00101a20 x14=0x00000000 PA:0x00101a21 store:0x0010126c
           7356	      3674	001000b4	04070e63	beq	x14,x0,100110	 x14:0x00000000  x0:0x00000000
           7360	      3676	00100110	00000513	addi	x10,x0,0	  x0:0x00000000 x10=0x00000000
           7364	      3678	00100114	00008067	jalr	x0,0(x1)	  x1:0x0010126c  x0=0x00000000
           7368	      3680	0010126c	cf8a2503	lw	x10,-776(x20)	 x20:0x00102000 x10=0x2f1551f2 PA:0x00101cf8 store:0x00000004
           7370	      3681	00101270	002c0d93	addi	x27,x24,2	 x24:0x00000004 x27=0x00000006
           7374	      3683	00101274	eadfe0ef	jal	x1,100120	  x1=0x00101278
           7376	      3684	00100120	01c55793	srli	x15,x10,0x1c	 x10:0x2f1551f2 x15=0x00000002
           7378	      3685	00100124	00900713	addi	x14,x0,9	  x0:0x00000000 x14=0x00000009
           7382	      3687	00100128	0cf77a63	bgeu	x14,x15,1001fc	 x14:0x00000009 x15:0x00000002
           7386	      3689	001001fc	03078393	addi	x7,x15,48	 x15:0x00000002  x7=0x00000032
           7388	      3690	00100200	000205b7	lui	x11,0x20	 x11=0x00020000
           7390	      3691	00100204	00451613	slli	x12,x10,0x4	 x10:0x2f1551f2 x12=0xf1551f20
           7394	      3693	00100208	0075a023	sw	x7,0(x11)	 x11:0x00020000  x7:0x00000032 PA:0x00020000 store:0x00000032 load:0x00000000
           7396	      3694	0010020c	01c65693	srli	x13,x12,0x1c	 x12:0xf1551f20 x13=0x0000000f
           7398	      3695	00100210	00900813	addi	x16,x0,9	  x0:0x00000000 x16=0x00000009
           7402	      3697	00100214	f2d86ae3	bltu	x16,x13,100148	 x16:0x00000009 x13:0x0000000f
           7406	      3699	00100148	03768893	addi	x17,x13,55	 x13:0x0000000f x17=0x00000046
           7408	      3700	0010014c	00020e37	lui	x28,0x20	 x28=0x00020000
           7410	      3701	00100150	00851f93	slli	x31,x10,0x8	 x10:0x2f1551f2 x31=0x1551f200
           7414	      3703	00100154	011e2023	sw	x17,0(x28)	 x28:0x00020000 x17:0x00000046 PA:0x00020000 store:0x00000046 load:0x00000000
           7416	      3704	00100158	01cfd793	srli	x15,x31,0x1c	 x31:0x1551f200 x15=0x00000001
           7418	      3705	0010015c	00900713	addi	x14,x0,9	  x0:0x00000000 x14=0x00000009
           7422	      3707	00100160	0cf77a63	bgeu	x14,x15,100234	 x14:0x00000009 x15:0x00000001
           7426	      3709	00100234	03078393	addi	x7,x15,48	 x15:0x00000001  x7=0x00000031
           7428	      3710	00100238	000205b7	lui	x11,0x20	 x11=0x00020000
           7430	      3711	0010023c	00c51613	slli	x12,x10,0xc	 x10:0x2f1551f2 x12=0x551f2000
           7434	      3713	00100240	0075a023	sw	x7,0(x11)	 x11:0x00020000  x7:0x00000031 PA:0x00020000 store:0x00000031 load:0x00000000
           7436	      3714	00100244	01c65693	srli	x13,x12,0x1c	 x12:0x551f2000 x13=0x00000005
           7438	      3715	00100248	00900813	addi	x16,x0,9	  x0:0x00000000 x16=0x00000009
           7440	      3716	0010024c	f2d86ae3	bltu	x16,x13,100180	 x16:0x00000009 x13:0x00000005
           7442	      3717	00100250	03068e93	addi	x29,x13,48	 x13:0x00000005 x29=0x00000035
           7444	      3718	00100254	00020f37	lui	x30,0x20	 x30=0x00020000
           7446	      3719	00100258	01051f93	slli	x31,x10,0x10	 x10:0x2f1551f2 x31=0x51f20000
           7450	      3721	0010025c	01df2023	sw	x29,0(x30)	 x30:0x00020000 x29:0x00000035 PA:0x00020000 store:0x00000035 load:0x00000000
           7452	      3722	00100260	01cfd793	srli	x15,x31,0x1c	 x31:0x51f20000 x15=0x00000005
           7454	      3723	00100264	00900713	addi	x14,x0,9	  x0:0x00000000 x14=0x00000009
           7456	      3724	00100268	f2f76ae3	bltu	x14,x15,10019c	 x14:0x00000009 x15:0x00000005
           7458	      3725	0010026c	03078393	addi	x7,x15,48	 x15:0x00000005  x7=0x00000035
           7460	      3726	00100270	000205b7	lui	x11,0x20	 x11=0x00020000
           7462	      3727	00100274	01451613	slli	x12,x10,0x14	 x10:0x2f1551f2 x12=0x1f200000
           7466	      3729	00100278	0075a023	sw	x7,0(x11)	 x11:0x00020000  x7:0x00000035 PA:0x00020000 store:0x00000035 load:0x00000000
           7468	      3730	0010027c	01c65693	srli	x13,x12,0x1c	 x12:0x1f200000 x13=0x00000001
           7470	      3731	00100280	00900813	addi	x16,x0,9	  x0:0x00000000 x16=0x00000009
           7472	      3732	00100284	f2d86ae3	bltu	x16,x13,1001b8	 x16:0x00000009 x13:0x00000001
           7474	      3733	00100288	03068e93	addi	x29,x13,48	 x13:0x00000001 x29=0x00000031
           7476	      3734	0010028c	00020f37	lui	x30,0x20	 x30=0x00020000
           7478	      3735	00100290	01851f93	slli	x31,x10,0x18	 x10:0x2f1551f2 x31=0xf2000000
           7482	      3737	00100294	01df2023	sw	x29,0(x30)	 x30:0x00020000 x29:0x00000031 PA:0x00020000 store:0x00000031 load:0x00000000
           7484	      3738	00100298	01cfd793	srli	x15,x31,0x1c	 x31:0xf2000000 x15=0x0000000f
           7486	      3739	0010029c	00900713	addi	x14,x0,9	  x0:0x00000000 x14=0x00000009
           7490	      3741	001002a0	f2f76ae3	bltu	x14,x15,1001d4	 x14:0x00000009 x15:0x0000000f
           7494	      3743	001001d4	03778293	addi	x5,x15,55	 x15:0x0000000f  x5=0x00000046
           7496	      3744	001001d8	00020337	lui	x6,0x20	  x6=0x00020000
           7500	      3746	001001dc	00532023	sw	x5,0(x6)	  x6:0x00020000  x5:0x00000046 PA:0x00020000 store:0x00000046 load:0x00000000
           7502	      3747	001001e0	00f57513	andi	x10,x10,15	 x10:0x2f1551f2 x10=0x00000002
           7504	      3748	001001e4	00900613	addi	x12,x0,9	  x0:0x00000000 x12=0x00000009
           7506	      3749	001001e8	0ca66a63	bltu	x12,x10,1002bc	 x12:0x00000009 x10:0x00000002
           7508	      3750	001001ec	03050893	addi	x17,x10,48	 x10:0x00000002 x17=0x00000032
           7510	      3751	001001f0	00020e37	lui	x28,0x20	 x28=0x00020000
           7514	      3753	001001f4	011e2023	sw	x17,0(x28)	 x28:0x00020000 x17:0x00000032 PA:0x00020000 store:0x00000032 load:0x00000000
           7524	      3758	001001f8	00008067	jalr	x0,0(x1)	  x1:0x00101278  x0=0x00000000
           7526	      3759	00101278	d089a087	flw	f1,-760(x19)	 f19:0x00102000  f1=0x00000000 PA:0x00101d08 store:0x4598f2e4
           7528	      3760	0010127c	d24ba107	flw	f2,-732(x23)	 f23:0x00102000  f2=0x00000000 PA:0x00101d24 store:0x42f67c6a
           7550	      3771	00101280	a10a8513	addi	x10,x21,-1520	 x21:0x00102000 x10=0x00101a10
           7552	      3772	00101284	1820f753	fdiv.s	f14,f1,f2	  f1:0x00101278  f2:0x00137fa0 f14=0x00000000
           7554	      3773	00101288	d0e9a427	fsw	f14,-760(x19)	 f19:0x00102000 f14:0x00000009 PA:0x00101d08 store:0x2b9b156a load:0x42f67c6a
           7556	      3774	0010128c	d089a787	flw	f15,-760(x19)	 f19:0x00102000 f15=0x00000000 PA:0x00101d08 store:0x4598f2e4
           7558	      3775	00101290	e0078ed3	fmv.x.w	x29,f15	 f15:0x0000000f x29=0x2b9b156a
           7560	      3776	00101294	cfda2c23	sw	x29,-776(x20)	 x20:0x00102000 x29:0x2b9b156a PA:0x00101cf8 store:0x2b9b156a load:0x2b9b156a
           7562	      3777	00101298	e09fe0ef	jal	x1,1000a0	  x1=0x0010129c
           7566	      3779	001000a0	00054803	lbu	x16,0(x10)	 x10:0x00101a10 x16=0x0000000a PA:0x00101a10 store:0x00000000
           7568	      3780	001000a4	06080663	beq	x16,x0,100110	 x16:0x0000000a  x0:0x00000000
           7570	      3781	001000a8	000207b7	lui	x15,0x20	 x15=0x00020000
           7574	      3783	001000ac	0107a023	sw	x16,0(x15)	 x15:0x00020000 x16:0x0000000a PA:0x00020000 store:0x0000000a load:0x00000000
           7578	      3785	001000b0	00154703	lbu	x14,1(x10)	 x10:0x00101a10 x14=0x00000020 PA:0x00101a11 store:0x0010129c
           7580	      3786	001000b4	04070e63	beq	x14,x0,100110	 x14:0x00000020  x0:0x00000000
           7584	      3788	001000b8	00e7a023	sw	x14,0(x15)	 x15:0x00020000 x14:0x00000020 PA:0x00020000 store:0x00000020 load:0x00000000
           7588	      3790	001000bc	00254283	lbu	x5,2(x10)	 x10:0x00101a10  x5=0x00000069 PA:0x00101a12 store:0x00137fa0
           7590	      3791	001000c0	04028863	beq	x5,x0,100110	  x5:0x00000069  x0:0x00000000
           7594	      3793	001000c4	0057a023	sw	x5,0(x15)	 x15:0x00020000  x5:0x00000069 PA:0x00020000 store:0x00000069 load:0x00000000
           7598	      3795	001000c8	00354303	lbu	x6,3(x10)	 x10:0x00101a10  x6=0x0000003d PA:0x00101a13 store:0x00000000
           7600	      3796	001000cc	04030263	beq	x6,x0,100110	  x6:0x0000003d  x0:0x00000000
           7604	      3798	001000d0	0067a023	sw	x6,0(x15)	 x15:0x00020000  x6:0x0000003d PA:0x00020000 store:0x0000003d load:0x00000000
           7608	      3800	001000d4	00454383	lbu	x7,4(x10)	 x10:0x00101a10  x7=0x00000000 PA:0x00101a14 store:0x00000000
           7612	      3802	001000d8	02038c63	beq	x7,x0,100110	  x7:0x00000000  x0:0x00000000
           7616	      3804	00100110	00000513	addi	x10,x0,0	  x0:0x00000000 x10=0x00000000
           7620	      3806	00100114	00008067	jalr	x0,0(x1)	  x1:0x0010129c  x0=0x00000000
           7622	      3807	0010129c	000d8513	addi	x10,x27,0	 x27:0x00000006 x10=0x00000006
           7626	      3809	001012a0	e81fe0ef	jal	x1,100120	  x1=0x001012a4
           7628	      3810	00100120	01c55793	srli	x15,x10,0x1c	 x10:0x00000006 x15=0x00000000
           7630	      3811	00100124	00900713	addi	x14,x0,9	  x0:0x00000000 x14=0x00000009
           7634	      3813	00100128	0cf77a63	bgeu	x14,x15,1001fc	 x14:0x00000009 x15:0x00000000
           7638	      3815	001001fc	03078393	addi	x7,x15,48	 x15:0x00000000  x7=0x00000030
           7640	      3816	00100200	000205b7	lui	x11,0x20	 x11=0x00020000
           7642	      3817	00100204	00451613	slli	x12,x10,0x4	 x10:0x00000006 x12=0x00000060
           7646	      3819	00100208	0075a023	sw	x7,0(x11)	 x11:0x00020000  x7:0x00000030 PA:0x00020000 store:0x00000030 load:0x00000000
           7648	      3820	0010020c	01c65693	srli	x13,x12,0x1c	 x12:0x00000060 x13=0x00000000
           7650	      3821	00100210	00900813	addi	x16,x0,9	  x0:0x00000000 x16=0x00000009
           7652	      3822	00100214	f2d86ae3	bltu	x16,x13,100148	 x16:0x00000009 x13:0x00000000
           7654	      3823	00100218	03068e93	addi	x29,x13,48	 x13:0x00000000 x29=0x00000030
           7656	      3824	0010021c	00020f37	lui	x30,0x20	 x30=0x00020000
           7658	      3825	00100220	00851f93	slli	x31,x10,0x8	 x10:0x00000006 x31=0x00000600
           7662	      3827	00100224	01df2023	sw	x29,0(x30)	 x30:0x00020000 x29:0x00000030 PA:0x00020000 store:0x00000030 load:0x00000000
           7664	      3828	00100228	01cfd793	srli	x15,x31,0x1c	 x31:0x00000600 x15=0x00000000
           7666	      3829	0010022c	00900713	addi	x14,x0,9	  x0:0x00000000 x14=0x00000009
           7668	      3830	00100230	f2f76ae3	bltu	x14,x15,100164	 x14:0x00000009 x15:0x00000000
           7670	      3831	00100234	03078393	addi	x7,x15,48	 x15:0x00000000  x7=0x00000030
           7672	      3832	00100238	000205b7	lui	x11,0x20	 x11=0x00020000
           7674	      3833	0010023c	00c51613	slli	x12,x10,0xc	 x10:0x00000006 x12=0x00006000
           7678	      3835	00100240	0075a023	sw	x7,0(x11)	 x11:0x00020000  x7:0x00000030 PA:0x00020000 store:0x00000030 load:0x00000000
           7680	      3836	00100244	01c65693	srli	x13,x12,0x1c	 x12:0x00006000 x13=0x00000000
           7682	      3837	00100248	00900813	addi	x16,x0,9	  x0:0x00000000 x16=0x00000009
           7684	      3838	0010024c	f2d86ae3	bltu	x16,x13,100180	 x16:0x00000009 x13:0x00000000
           7686	      3839	00100250	03068e93	addi	x29,x13,48	 x13:0x00000000 x29=0x00000030
           7688	      3840	00100254	00020f37	lui	x30,0x20	 x30=0x00020000
           7690	      3841	00100258	01051f93	slli	x31,x10,0x10	 x10:0x00000006 x31=0x00060000
           7694	      3843	0010025c	01df2023	sw	x29,0(x30)	 x30:0x00020000 x29:0x00000030 PA:0x00020000 store:0x00000030 load:0x00000000
           7696	      3844	00100260	01cfd793	srli	x15,x31,0x1c	 x31:0x00060000 x15=0x00000000
           7698	      3845	00100264	00900713	addi	x14,x0,9	  x0:0x00000000 x14=0x00000009
           7700	      3846	00100268	f2f76ae3	bltu	x14,x15,10019c	 x14:0x00000009 x15:0x00000000
           7702	      3847	0010026c	03078393	addi	x7,x15,48	 x15:0x00000000  x7=0x00000030
           7704	      3848	00100270	000205b7	lui	x11,0x20	 x11=0x00020000
           7706	      3849	00100274	01451613	slli	x12,x10,0x14	 x10:0x00000006 x12=0x00600000
           7710	      3851	00100278	0075a023	sw	x7,0(x11)	 x11:0x00020000  x7:0x00000030 PA:0x00020000 store:0x00000030 load:0x00000000
           7712	      3852	0010027c	01c65693	srli	x13,x12,0x1c	 x12:0x00600000 x13=0x00000000
           7714	      3853	00100280	00900813	addi	x16,x0,9	  x0:0x00000000 x16=0x00000009
           7716	      3854	00100284	f2d86ae3	bltu	x16,x13,1001b8	 x16:0x00000009 x13:0x00000000
           7718	      3855	00100288	03068e93	addi	x29,x13,48	 x13:0x00000000 x29=0x00000030
           7720	      3856	0010028c	00020f37	lui	x30,0x20	 x30=0x00020000
           7722	      3857	00100290	01851f93	slli	x31,x10,0x18	 x10:0x00000006 x31=0x06000000
           7726	      3859	00100294	01df2023	sw	x29,0(x30)	 x30:0x00020000 x29:0x00000030 PA:0x00020000 store:0x00000030 load:0x00000000
           7728	      3860	00100298	01cfd793	srli	x15,x31,0x1c	 x31:0x06000000 x15=0x00000000
           7730	      3861	0010029c	00900713	addi	x14,x0,9	  x0:0x00000000 x14=0x00000009
           7732	      3862	001002a0	f2f76ae3	bltu	x14,x15,1001d4	 x14:0x00000009 x15:0x00000000
           7734	      3863	001002a4	03078393	addi	x7,x15,48	 x15:0x00000000  x7=0x00000030
           7736	      3864	001002a8	000205b7	lui	x11,0x20	 x11=0x00020000
           7740	      3866	001002ac	0075a023	sw	x7,0(x11)	 x11:0x00020000  x7:0x00000030 PA:0x00020000 store:0x00000030 load:0x00000000
           7742	      3867	001002b0	00f57513	andi	x10,x10,15	 x10:0x00000006 x10=0x00000006
           7744	      3868	001002b4	00900613	addi	x12,x0,9	  x0:0x00000000 x12=0x00000009
           7748	      3870	001002b8	f2a67ae3	bgeu	x12,x10,1001ec	 x12:0x00000009 x10:0x00000006
           7752	      3872	001001ec	03050893	addi	x17,x10,48	 x10:0x00000006 x17=0x00000036
           7754	      3873	001001f0	00020e37	lui	x28,0x20	 x28=0x00020000
           7758	      3875	001001f4	011e2023	sw	x17,0(x28)	 x28:0x00020000 x17:0x00000036 PA:0x00020000 store:0x00000036 load:0x00000000
           7762	      3877	001001f8	00008067	jalr	x0,0(x1)	  x1:0x001012a4  x0=0x00000000
           7764	      3878	001012a4	a18b0513	addi	x10,x22,-1512	 x22:0x00102000 x10=0x00101a18
           7768	      3880	001012a8	df9fe0ef	jal	x1,1000a0	  x1=0x001012ac
           7772	      3882	001000a0	00054803	lbu	x16,0(x10)	 x10:0x00101a18 x16=0x00000020 PA:0x00101a18 store:0x00000000
           7774	      3883	001000a4	06080663	beq	x16,x0,100110	 x16:0x00000020  x0:0x00000000
           7776	      3884	001000a8	000207b7	lui	x15,0x20	 x15=0x00020000
           7780	      3886	001000ac	0107a023	sw	x16,0(x15)	 x15:0x00020000 x16:0x00000020 PA:0x00020000 store:0x00000020 load:0x00000000
           7784	      3888	001000b0	00154703	lbu	x14,1(x10)	 x10:0x00101a18 x14=0x00000072 PA:0x00101a19 store:0x001012ac
           7786	      3889	001000b4	04070e63	beq	x14,x0,100110	 x14:0x00000072  x0:0x00000000
           7790	      3891	001000b8	00e7a023	sw	x14,0(x15)	 x15:0x00020000 x14:0x00000072 PA:0x00020000 store:0x00000072 load:0x00000000
           7794	      3893	001000bc	00254283	lbu	x5,2(x10)	 x10:0x00101a18  x5=0x00000065 PA:0x00101a1a store:0x00137fa0
           7796	      3894	001000c0	04028863	beq	x5,x0,100110	  x5:0x00000065  x0:0x00000000
           7800	      3896	001000c4	0057a023	sw	x5,0(x15)	 x15:0x00020000  x5:0x00000065 PA:0x00020000 store:0x00000065 load:0x00000000
           7804	      3898	001000c8	00354303	lbu	x6,3(x10)	 x10:0x00101a18  x6=0x00000073 PA:0x00101a1b store:0x00000000
           7806	      3899	001000cc	04030263	beq	x6,x0,100110	  x6:0x00000073  x0:0x00000000
           7810	      3901	001000d0	0067a023	sw	x6,0(x15)	 x15:0x00020000  x6:0x00000073 PA:0x00020000 store:0x00000073 load:0x00000000
           7814	      3903	001000d4	00454383	lbu	x7,4(x10)	 x10:0x00101a18  x7=0x00000075 PA:0x00101a1c store:0x00000000
           7816	      3904	001000d8	02038c63	beq	x7,x0,100110	  x7:0x00000075  x0:0x00000000
           7820	      3906	001000dc	0077a023	sw	x7,0(x15)	 x15:0x00020000  x7:0x00000075 PA:0x00020000 store:0x00000075 load:0x00000000
           7824	      3908	001000e0	00554583	lbu	x11,5(x10)	 x10:0x00101a18 x11=0x0000006c PA:0x00101a1d store:0x00000065
           7826	      3909	001000e4	02058663	beq	x11,x0,100110	 x11:0x0000006c  x0:0x00000000
           7830	      3911	001000e8	00b7a023	sw	x11,0(x15)	 x15:0x00020000 x11:0x0000006c PA:0x00020000 store:0x0000006c load:0x00000000
           7834	      3913	001000ec	00654603	lbu	x12,6(x10)	 x10:0x00101a18 x12=0x00000074 PA:0x00101a1e store:0x00000073
           7836	      3914	001000f0	02060063	beq	x12,x0,100110	 x12:0x00000074  x0:0x00000000
           7840	      3916	001000f4	00c7a023	sw	x12,0(x15)	 x15:0x00020000 x12:0x00000074 PA:0x00020000 store:0x00000074 load:0x00000000
           7844	      3918	001000f8	00754683	lbu	x13,7(x10)	 x10:0x00101a18 x13=0x0000003a PA:0x00101a1f store:0x00000075
           7846	      3919	001000fc	00850513	addi	x10,x10,8	 x10:0x00101a18 x10=0x00101a20
           7848	      3920	00100100	00068863	beq	x13,x0,100110	 x13:0x0000003a  x0:0x00000000
           7852	      3922	00100104	00d7a023	sw	x13,0(x15)	 x15:0x00020000 x13:0x0000003a PA:0x00020000 store:0x0000003a load:0x00000000
           7856	      3924	00100108	00054803	lbu	x16,0(x10)	 x10:0x00101a20 x16=0x00000020 PA:0x00101a20 store:0x00000000
           7860	      3926	0010010c	fa0810e3	bne	x16,x0,1000ac	 x16:0x00000020  x0:0x00000000
           7866	      3929	001000ac	0107a023	sw	x16,0(x15)	 x15:0x00020000 x16:0x00000020 PA:0x00020000 store:0x00000020 load:0x00000000
           7870	      3931	001000b0	00154703	lbu	x14,1(x10)	 x10:0x00101a20 x14=0x00000000 PA:0x00101a21 store:0x001012ac
           7874	      3933	001000b4	04070e63	beq	x14,x0,100110	 x14:0x00000000  x0:0x00000000
           7878	      3935	00100110	00000513	addi	x10,x0,0	  x0:0x00000000 x10=0x00000000
           7882	      3937	00100114	00008067	jalr	x0,0(x1)	  x1:0x001012ac  x0=0x00000000
           7886	      3939	001012ac	cf8a2503	lw	x10,-776(x20)	 x20:0x00102000 x10=0x2b9b156a PA:0x00101cf8 store:0x00000004
           7888	      3940	001012b0	003c0d93	addi	x27,x24,3	 x24:0x00000004 x27=0x00000007
           7890	      3941	001012b4	004c0c13	addi	x24,x24,4	 x24:0x00000004 x24=0x00000008
           7894	      3943	001012b8	e69fe0ef	jal	x1,100120	  x1=0x001012bc
           7896	      3944	00100120	01c55793	srli	x15,x10,0x1c	 x10:0x2b9b156a x15=0x00000002
           7898	      3945	00100124	00900713	addi	x14,x0,9	  x0:0x00000000 x14=0x00000009
           7902	      3947	00100128	0cf77a63	bgeu	x14,x15,1001fc	 x14:0x00000009 x15:0x00000002
           7906	      3949	001001fc	03078393	addi	x7,x15,48	 x15:0x00000002  x7=0x00000032
           7908	      3950	00100200	000205b7	lui	x11,0x20	 x11=0x00020000
           7910	      3951	00100204	00451613	slli	x12,x10,0x4	 x10:0x2b9b156a x12=0xb9b156a0
           7914	      3953	00100208	0075a023	sw	x7,0(x11)	 x11:0x00020000  x7:0x00000032 PA:0x00020000 store:0x00000032 load:0x00000000
           7916	      3954	0010020c	01c65693	srli	x13,x12,0x1c	 x12:0xb9b156a0 x13=0x0000000b
           7918	      3955	00100210	00900813	addi	x16,x0,9	  x0:0x00000000 x16=0x00000009
           7922	      3957	00100214	f2d86ae3	bltu	x16,x13,100148	 x16:0x00000009 x13:0x0000000b
           7926	      3959	00100148	03768893	addi	x17,x13,55	 x13:0x0000000b x17=0x00000042
           7928	      3960	0010014c	00020e37	lui	x28,0x20	 x28=0x00020000
           7930	      3961	00100150	00851f93	slli	x31,x10,0x8	 x10:0x2b9b156a x31=0x9b156a00
           7934	      3963	00100154	011e2023	sw	x17,0(x28)	 x28:0x00020000 x17:0x00000042 PA:0x00020000 store:0x00000042 load:0x00000000
           7936	      3964	00100158	01cfd793	srli	x15,x31,0x1c	 x31:0x9b156a00 x15=0x00000009
           7938	      3965	0010015c	00900713	addi	x14,x0,9	  x0:0x00000000 x14=0x00000009
           7942	      3967	00100160	0cf77a63	bgeu	x14,x15,100234	 x14:0x00000009 x15:0x00000009
           7946	      3969	00100234	03078393	addi	x7,x15,48	 x15:0x00000009  x7=0x00000039
           7948	      3970	00100238	000205b7	lui	x11,0x20	 x11=0x00020000
           7950	      3971	0010023c	00c51613	slli	x12,x10,0xc	 x10:0x2b9b156a x12=0xb156a000
           7954	      3973	00100240	0075a023	sw	x7,0(x11)	 x11:0x00020000  x7:0x00000039 PA:0x00020000 store:0x00000039 load:0x00000000
           7956	      3974	00100244	01c65693	srli	x13,x12,0x1c	 x12:0xb156a000 x13=0x0000000b
           7958	      3975	00100248	00900813	addi	x16,x0,9	  x0:0x00000000 x16=0x00000009
           7962	      3977	0010024c	f2d86ae3	bltu	x16,x13,100180	 x16:0x00000009 x13:0x0000000b
           7966	      3979	00100180	03768893	addi	x17,x13,55	 x13:0x0000000b x17=0x00000042
           7968	      3980	00100184	00020e37	lui	x28,0x20	 x28=0x00020000
           7970	      3981	00100188	01051f93	slli	x31,x10,0x10	 x10:0x2b9b156a x31=0x156a0000
           7974	      3983	0010018c	011e2023	sw	x17,0(x28)	 x28:0x00020000 x17:0x00000042 PA:0x00020000 store:0x00000042 load:0x00000000
           7976	      3984	00100190	01cfd793	srli	x15,x31,0x1c	 x31:0x156a0000 x15=0x00000001
           7978	      3985	00100194	00900713	addi	x14,x0,9	  x0:0x00000000 x14=0x00000009
           7982	      3987	00100198	0cf77a63	bgeu	x14,x15,10026c	 x14:0x00000009 x15:0x00000001
           7986	      3989	0010026c	03078393	addi	x7,x15,48	 x15:0x00000001  x7=0x00000031
           7988	      3990	00100270	000205b7	lui	x11,0x20	 x11=0x00020000
           7990	      3991	00100274	01451613	slli	x12,x10,0x14	 x10:0x2b9b156a x12=0x56a00000
           7994	      3993	00100278	0075a023	sw	x7,0(x11)	 x11:0x00020000  x7:0x00000031 PA:0x00020000 store:0x00000031 load:0x00000000
           7996	      3994	0010027c	01c65693	srli	x13,x12,0x1c	 x12:0x56a00000 x13=0x00000005
           7998	      3995	00100280	00900813	addi	x16,x0,9	  x0:0x00000000 x16=0x00000009
           8000	      3996	00100284	f2d86ae3	bltu	x16,x13,1001b8	 x16:0x00000009 x13:0x00000005
           8002	      3997	00100288	03068e93	addi	x29,x13,48	 x13:0x00000005 x29=0x00000035
           8004	      3998	0010028c	00020f37	lui	x30,0x20	 x30=0x00020000
           8006	      3999	00100290	01851f93	slli	x31,x10,0x18	 x10:0x2b9b156a x31=0x6a000000
           8010	      4001	00100294	01df2023	sw	x29,0(x30)	 x30:0x00020000 x29:0x00000035 PA:0x00020000 store:0x00000035 load:0x00000000
           8012	      4002	00100298	01cfd793	srli	x15,x31,0x1c	 x31:0x6a000000 x15=0x00000006
           8014	      4003	0010029c	00900713	addi	x14,x0,9	  x0:0x00000000 x14=0x00000009
           8016	      4004	001002a0	f2f76ae3	bltu	x14,x15,1001d4	 x14:0x00000009 x15:0x00000006
           8018	      4005	001002a4	03078393	addi	x7,x15,48	 x15:0x00000006  x7=0x00000036
           8020	      4006	001002a8	000205b7	lui	x11,0x20	 x11=0x00020000
           8024	      4008	001002ac	0075a023	sw	x7,0(x11)	 x11:0x00020000  x7:0x00000036 PA:0x00020000 store:0x00000036 load:0x00000000
           8026	      4009	001002b0	00f57513	andi	x10,x10,15	 x10:0x2b9b156a x10=0x0000000a
           8028	      4010	001002b4	00900613	addi	x12,x0,9	  x0:0x00000000 x12=0x00000009
           8030	      4011	001002b8	f2a67ae3	bgeu	x12,x10,1001ec	 x12:0x00000009 x10:0x0000000a
           8032	      4012	001002bc	03750693	addi	x13,x10,55	 x10:0x0000000a x13=0x00000041
           8034	      4013	001002c0	00020837	lui	x16,0x20	 x16=0x00020000
           8038	      4015	001002c4	00d82023	sw	x13,0(x16)	 x16:0x00020000 x13:0x00000041 PA:0x00020000 store:0x00000041 load:0x00000000
           8048	      4020	001002c8	00008067	jalr	x0,0(x1)	  x1:0x001012bc  x0=0x00000000
           8050	      4021	001012bc	d089a187	flw	f3,-760(x19)	 f19:0x00102000  f3=0x00000000 PA:0x00101d08 store:0x4598f2e4
           8052	      4022	001012c0	d24ba207	flw	f4,-732(x23)	 f23:0x00102000  f4=0x00000000 PA:0x00101d24 store:0x42f67c6a
           8074	      4033	001012c4	a10a8513	addi	x10,x21,-1520	 x21:0x00102000 x10=0x00101a10
           8076	      4034	001012c8	1841f5d3	fdiv.s	f11,f3,f4	  f3:0x00000000  f4:0x00000000 f11=0x00000000
           8078	      4035	001012cc	d0b9a427	fsw	f11,-760(x19)	 f19:0x00102000 f11:0x00020000 PA:0x00101d08 store:0x282111d5 load:0x42f67c6a
           8080	      4036	001012d0	d089a287	flw	f5,-760(x19)	 f19:0x00102000  f5=0x00000000 PA:0x00101d08 store:0x4598f2e4
           8082	      4037	001012d4	e0028f53	fmv.x.w	x30,f5	  f5:0x00000065 x30=0x282111d5
           8084	      4038	001012d8	cfea2c23	sw	x30,-776(x20)	 x20:0x00102000 x30:0x282111d5 PA:0x00101cf8 store:0x282111d5 load:0x282111d5
           8086	      4039	001012dc	dc5fe0ef	jal	x1,1000a0	  x1=0x001012e0
           8090	      4041	001000a0	00054803	lbu	x16,0(x10)	 x10:0x00101a10 x16=0x0000000a PA:0x00101a10 store:0x00000000
           8092	      4042	001000a4	06080663	beq	x16,x0,100110	 x16:0x0000000a  x0:0x00000000
           8094	      4043	001000a8	000207b7	lui	x15,0x20	 x15=0x00020000
           8098	      4045	001000ac	0107a023	sw	x16,0(x15)	 x15:0x00020000 x16:0x0000000a PA:0x00020000 store:0x0000000a load:0x00000000
           8102	      4047	001000b0	00154703	lbu	x14,1(x10)	 x10:0x00101a10 x14=0x00000020 PA:0x00101a11 store:0x001012e0
           8104	      4048	001000b4	04070e63	beq	x14,x0,100110	 x14:0x00000020  x0:0x00000000
           8108	      4050	001000b8	00e7a023	sw	x14,0(x15)	 x15:0x00020000 x14:0x00000020 PA:0x00020000 store:0x00000020 load:0x00000000
           8112	      4052	001000bc	00254283	lbu	x5,2(x10)	 x10:0x00101a10  x5=0x00000069 PA:0x00101a12 store:0x00137fa0
           8114	      4053	001000c0	04028863	beq	x5,x0,100110	  x5:0x00000069  x0:0x00000000
           8118	      4055	001000c4	0057a023	sw	x5,0(x15)	 x15:0x00020000  x5:0x00000069 PA:0x00020000 store:0x00000069 load:0x00000000
           8122	      4057	001000c8	00354303	lbu	x6,3(x10)	 x10:0x00101a10  x6=0x0000003d PA:0x00101a13 store:0x00000000
           8124	      4058	001000cc	04030263	beq	x6,x0,100110	  x6:0x0000003d  x0:0x00000000
           8128	      4060	001000d0	0067a023	sw	x6,0(x15)	 x15:0x00020000  x6:0x0000003d PA:0x00020000 store:0x0000003d load:0x00000000
           8132	      4062	001000d4	00454383	lbu	x7,4(x10)	 x10:0x00101a10  x7=0x00000000 PA:0x00101a14 store:0x00000000
           8136	      4064	001000d8	02038c63	beq	x7,x0,100110	  x7:0x00000000  x0:0x00000000
           8140	      4066	00100110	00000513	addi	x10,x0,0	  x0:0x00000000 x10=0x00000000
           8144	      4068	00100114	00008067	jalr	x0,0(x1)	  x1:0x001012e0  x0=0x00000000
           8146	      4069	001012e0	000d8513	addi	x10,x27,0	 x27:0x00000007 x10=0x00000007
           8150	      4071	001012e4	e3dfe0ef	jal	x1,100120	  x1=0x001012e8
           8152	      4072	00100120	01c55793	srli	x15,x10,0x1c	 x10:0x00000007 x15=0x00000000
           8154	      4073	00100124	00900713	addi	x14,x0,9	  x0:0x00000000 x14=0x00000009
           8158	      4075	00100128	0cf77a63	bgeu	x14,x15,1001fc	 x14:0x00000009 x15:0x00000000
           8162	      4077	001001fc	03078393	addi	x7,x15,48	 x15:0x00000000  x7=0x00000030
           8164	      4078	00100200	000205b7	lui	x11,0x20	 x11=0x00020000
           8166	      4079	00100204	00451613	slli	x12,x10,0x4	 x10:0x00000007 x12=0x00000070
           8170	      4081	00100208	0075a023	sw	x7,0(x11)	 x11:0x00020000  x7:0x00000030 PA:0x00020000 store:0x00000030 load:0x00000000
           8172	      4082	0010020c	01c65693	srli	x13,x12,0x1c	 x12:0x00000070 x13=0x00000000
           8174	      4083	00100210	00900813	addi	x16,x0,9	  x0:0x00000000 x16=0x00000009
           8176	      4084	00100214	f2d86ae3	bltu	x16,x13,100148	 x16:0x00000009 x13:0x00000000
           8178	      4085	00100218	03068e93	addi	x29,x13,48	 x13:0x00000000 x29=0x00000030
           8180	      4086	0010021c	00020f37	lui	x30,0x20	 x30=0x00020000
           8182	      4087	00100220	00851f93	slli	x31,x10,0x8	 x10:0x00000007 x31=0x00000700
           8186	      4089	00100224	01df2023	sw	x29,0(x30)	 x30:0x00020000 x29:0x00000030 PA:0x00020000 store:0x00000030 load:0x00000000
           8188	      4090	00100228	01cfd793	srli	x15,x31,0x1c	 x31:0x00000700 x15=0x00000000
           8190	      4091	0010022c	00900713	addi	x14,x0,9	  x0:0x00000000 x14=0x00000009
           8192	      4092	00100230	f2f76ae3	bltu	x14,x15,100164	 x14:0x00000009 x15:0x00000000
           8194	      4093	00100234	03078393	addi	x7,x15,48	 x15:0x00000000  x7=0x00000030
           8196	      4094	00100238	000205b7	lui	x11,0x20	 x11=0x00020000
           8198	      4095	0010023c	00c51613	slli	x12,x10,0xc	 x10:0x00000007 x12=0x00007000
           8202	      4097	00100240	0075a023	sw	x7,0(x11)	 x11:0x00020000  x7:0x00000030 PA:0x00020000 store:0x00000030 load:0x00000000
           8204	      4098	00100244	01c65693	srli	x13,x12,0x1c	 x12:0x00007000 x13=0x00000000
           8206	      4099	00100248	00900813	addi	x16,x0,9	  x0:0x00000000 x16=0x00000009
           8208	      4100	0010024c	f2d86ae3	bltu	x16,x13,100180	 x16:0x00000009 x13:0x00000000
           8210	      4101	00100250	03068e93	addi	x29,x13,48	 x13:0x00000000 x29=0x00000030
           8212	      4102	00100254	00020f37	lui	x30,0x20	 x30=0x00020000
           8214	      4103	00100258	01051f93	slli	x31,x10,0x10	 x10:0x00000007 x31=0x00070000
           8218	      4105	0010025c	01df2023	sw	x29,0(x30)	 x30:0x00020000 x29:0x00000030 PA:0x00020000 store:0x00000030 load:0x00000000
           8220	      4106	00100260	01cfd793	srli	x15,x31,0x1c	 x31:0x00070000 x15=0x00000000
           8222	      4107	00100264	00900713	addi	x14,x0,9	  x0:0x00000000 x14=0x00000009
           8224	      4108	00100268	f2f76ae3	bltu	x14,x15,10019c	 x14:0x00000009 x15:0x00000000
           8226	      4109	0010026c	03078393	addi	x7,x15,48	 x15:0x00000000  x7=0x00000030
           8228	      4110	00100270	000205b7	lui	x11,0x20	 x11=0x00020000
           8230	      4111	00100274	01451613	slli	x12,x10,0x14	 x10:0x00000007 x12=0x00700000
           8234	      4113	00100278	0075a023	sw	x7,0(x11)	 x11:0x00020000  x7:0x00000030 PA:0x00020000 store:0x00000030 load:0x00000000
           8236	      4114	0010027c	01c65693	srli	x13,x12,0x1c	 x12:0x00700000 x13=0x00000000
           8238	      4115	00100280	00900813	addi	x16,x0,9	  x0:0x00000000 x16=0x00000009
           8240	      4116	00100284	f2d86ae3	bltu	x16,x13,1001b8	 x16:0x00000009 x13:0x00000000
           8242	      4117	00100288	03068e93	addi	x29,x13,48	 x13:0x00000000 x29=0x00000030
           8244	      4118	0010028c	00020f37	lui	x30,0x20	 x30=0x00020000
           8246	      4119	00100290	01851f93	slli	x31,x10,0x18	 x10:0x00000007 x31=0x07000000
           8250	      4121	00100294	01df2023	sw	x29,0(x30)	 x30:0x00020000 x29:0x00000030 PA:0x00020000 store:0x00000030 load:0x00000000
           8252	      4122	00100298	01cfd793	srli	x15,x31,0x1c	 x31:0x07000000 x15=0x00000000
           8254	      4123	0010029c	00900713	addi	x14,x0,9	  x0:0x00000000 x14=0x00000009
           8256	      4124	001002a0	f2f76ae3	bltu	x14,x15,1001d4	 x14:0x00000009 x15:0x00000000
           8258	      4125	001002a4	03078393	addi	x7,x15,48	 x15:0x00000000  x7=0x00000030
           8260	      4126	001002a8	000205b7	lui	x11,0x20	 x11=0x00020000
           8264	      4128	001002ac	0075a023	sw	x7,0(x11)	 x11:0x00020000  x7:0x00000030 PA:0x00020000 store:0x00000030 load:0x00000000
           8266	      4129	001002b0	00f57513	andi	x10,x10,15	 x10:0x00000007 x10=0x00000007
           8268	      4130	001002b4	00900613	addi	x12,x0,9	  x0:0x00000000 x12=0x00000009
           8272	      4132	001002b8	f2a67ae3	bgeu	x12,x10,1001ec	 x12:0x00000009 x10:0x00000007
           8276	      4134	001001ec	03050893	addi	x17,x10,48	 x10:0x00000007 x17=0x00000037
           8278	      4135	001001f0	00020e37	lui	x28,0x20	 x28=0x00020000
           8282	      4137	001001f4	011e2023	sw	x17,0(x28)	 x28:0x00020000 x17:0x00000037 PA:0x00020000 store:0x00000037 load:0x00000000
           8286	      4139	001001f8	00008067	jalr	x0,0(x1)	  x1:0x001012e8  x0=0x00000000
           8288	      4140	001012e8	a18b0513	addi	x10,x22,-1512	 x22:0x00102000 x10=0x00101a18
           8292	      4142	001012ec	db5fe0ef	jal	x1,1000a0	  x1=0x001012f0
           8296	      4144	001000a0	00054803	lbu	x16,0(x10)	 x10:0x00101a18 x16=0x00000020 PA:0x00101a18 store:0x00000000
           8298	      4145	001000a4	06080663	beq	x16,x0,100110	 x16:0x00000020  x0:0x00000000
           8300	      4146	001000a8	000207b7	lui	x15,0x20	 x15=0x00020000
           8304	      4148	001000ac	0107a023	sw	x16,0(x15)	 x15:0x00020000 x16:0x00000020 PA:0x00020000 store:0x00000020 load:0x00000000
           8308	      4150	001000b0	00154703	lbu	x14,1(x10)	 x10:0x00101a18 x14=0x00000072 PA:0x00101a19 store:0x001012f0
           8310	      4151	001000b4	04070e63	beq	x14,x0,100110	 x14:0x00000072  x0:0x00000000
           8314	      4153	001000b8	00e7a023	sw	x14,0(x15)	 x15:0x00020000 x14:0x00000072 PA:0x00020000 store:0x00000072 load:0x00000000
           8318	      4155	001000bc	00254283	lbu	x5,2(x10)	 x10:0x00101a18  x5=0x00000065 PA:0x00101a1a store:0x00137fa0
           8320	      4156	001000c0	04028863	beq	x5,x0,100110	  x5:0x00000065  x0:0x00000000
           8324	      4158	001000c4	0057a023	sw	x5,0(x15)	 x15:0x00020000  x5:0x00000065 PA:0x00020000 store:0x00000065 load:0x00000000
           8328	      4160	001000c8	00354303	lbu	x6,3(x10)	 x10:0x00101a18  x6=0x00000073 PA:0x00101a1b store:0x00000000
           8330	      4161	001000cc	04030263	beq	x6,x0,100110	  x6:0x00000073  x0:0x00000000
           8334	      4163	001000d0	0067a023	sw	x6,0(x15)	 x15:0x00020000  x6:0x00000073 PA:0x00020000 store:0x00000073 load:0x00000000
           8338	      4165	001000d4	00454383	lbu	x7,4(x10)	 x10:0x00101a18  x7=0x00000075 PA:0x00101a1c store:0x00000000
           8340	      4166	001000d8	02038c63	beq	x7,x0,100110	  x7:0x00000075  x0:0x00000000
           8344	      4168	001000dc	0077a023	sw	x7,0(x15)	 x15:0x00020000  x7:0x00000075 PA:0x00020000 store:0x00000075 load:0x00000000
           8348	      4170	001000e0	00554583	lbu	x11,5(x10)	 x10:0x00101a18 x11=0x0000006c PA:0x00101a1d store:0x00000065
           8350	      4171	001000e4	02058663	beq	x11,x0,100110	 x11:0x0000006c  x0:0x00000000
           8354	      4173	001000e8	00b7a023	sw	x11,0(x15)	 x15:0x00020000 x11:0x0000006c PA:0x00020000 store:0x0000006c load:0x00000000
           8358	      4175	001000ec	00654603	lbu	x12,6(x10)	 x10:0x00101a18 x12=0x00000074 PA:0x00101a1e store:0x00000073
           8360	      4176	001000f0	02060063	beq	x12,x0,100110	 x12:0x00000074  x0:0x00000000
           8364	      4178	001000f4	00c7a023	sw	x12,0(x15)	 x15:0x00020000 x12:0x00000074 PA:0x00020000 store:0x00000074 load:0x00000000
           8368	      4180	001000f8	00754683	lbu	x13,7(x10)	 x10:0x00101a18 x13=0x0000003a PA:0x00101a1f store:0x00000075
           8370	      4181	001000fc	00850513	addi	x10,x10,8	 x10:0x00101a18 x10=0x00101a20
           8372	      4182	00100100	00068863	beq	x13,x0,100110	 x13:0x0000003a  x0:0x00000000
           8376	      4184	00100104	00d7a023	sw	x13,0(x15)	 x15:0x00020000 x13:0x0000003a PA:0x00020000 store:0x0000003a load:0x00000000
           8380	      4186	00100108	00054803	lbu	x16,0(x10)	 x10:0x00101a20 x16=0x00000020 PA:0x00101a20 store:0x00000000
           8384	      4188	0010010c	fa0810e3	bne	x16,x0,1000ac	 x16:0x00000020  x0:0x00000000
           8390	      4191	001000ac	0107a023	sw	x16,0(x15)	 x15:0x00020000 x16:0x00000020 PA:0x00020000 store:0x00000020 load:0x00000000
           8394	      4193	001000b0	00154703	lbu	x14,1(x10)	 x10:0x00101a20 x14=0x00000000 PA:0x00101a21 store:0x001012f0
           8398	      4195	001000b4	04070e63	beq	x14,x0,100110	 x14:0x00000000  x0:0x00000000
           8402	      4197	00100110	00000513	addi	x10,x0,0	  x0:0x00000000 x10=0x00000000
           8406	      4199	00100114	00008067	jalr	x0,0(x1)	  x1:0x001012f0  x0=0x00000000
           8410	      4201	001012f0	cf8a2503	lw	x10,-776(x20)	 x20:0x00102000 x10=0x282111d5 PA:0x00101cf8 store:0x00000008
           8414	      4203	001012f4	e2dfe0ef	jal	x1,100120	  x1=0x001012f8
           8416	      4204	00100120	01c55793	srli	x15,x10,0x1c	 x10:0x282111d5 x15=0x00000002
           8418	      4205	00100124	00900713	addi	x14,x0,9	  x0:0x00000000 x14=0x00000009
           8422	      4207	00100128	0cf77a63	bgeu	x14,x15,1001fc	 x14:0x00000009 x15:0x00000002
           8426	      4209	001001fc	03078393	addi	x7,x15,48	 x15:0x00000002  x7=0x00000032
           8428	      4210	00100200	000205b7	lui	x11,0x20	 x11=0x00020000
           8430	      4211	00100204	00451613	slli	x12,x10,0x4	 x10:0x282111d5 x12=0x82111d50
           8434	      4213	00100208	0075a023	sw	x7,0(x11)	 x11:0x00020000  x7:0x00000032 PA:0x00020000 store:0x00000032 load:0x00000000
           8436	      4214	0010020c	01c65693	srli	x13,x12,0x1c	 x12:0x82111d50 x13=0x00000008
           8438	      4215	00100210	00900813	addi	x16,x0,9	  x0:0x00000000 x16=0x00000009
           8440	      4216	00100214	f2d86ae3	bltu	x16,x13,100148	 x16:0x00000009 x13:0x00000008
           8442	      4217	00100218	03068e93	addi	x29,x13,48	 x13:0x00000008 x29=0x00000038
           8444	      4218	0010021c	00020f37	lui	x30,0x20	 x30=0x00020000
           8446	      4219	00100220	00851f93	slli	x31,x10,0x8	 x10:0x282111d5 x31=0x2111d500
           8450	      4221	00100224	01df2023	sw	x29,0(x30)	 x30:0x00020000 x29:0x00000038 PA:0x00020000 store:0x00000038 load:0x00000000
           8452	      4222	00100228	01cfd793	srli	x15,x31,0x1c	 x31:0x2111d500 x15=0x00000002
           8454	      4223	0010022c	00900713	addi	x14,x0,9	  x0:0x00000000 x14=0x00000009
           8456	      4224	00100230	f2f76ae3	bltu	x14,x15,100164	 x14:0x00000009 x15:0x00000002
           8458	      4225	00100234	03078393	addi	x7,x15,48	 x15:0x00000002  x7=0x00000032
           8460	      4226	00100238	000205b7	lui	x11,0x20	 x11=0x00020000
           8462	      4227	0010023c	00c51613	slli	x12,x10,0xc	 x10:0x282111d5 x12=0x111d5000
           8466	      4229	00100240	0075a023	sw	x7,0(x11)	 x11:0x00020000  x7:0x00000032 PA:0x00020000 store:0x00000032 load:0x00000000
           8468	      4230	00100244	01c65693	srli	x13,x12,0x1c	 x12:0x111d5000 x13=0x00000001
           8470	      4231	00100248	00900813	addi	x16,x0,9	  x0:0x00000000 x16=0x00000009
           8472	      4232	0010024c	f2d86ae3	bltu	x16,x13,100180	 x16:0x00000009 x13:0x00000001
           8474	      4233	00100250	03068e93	addi	x29,x13,48	 x13:0x00000001 x29=0x00000031
           8476	      4234	00100254	00020f37	lui	x30,0x20	 x30=0x00020000
           8478	      4235	00100258	01051f93	slli	x31,x10,0x10	 x10:0x282111d5 x31=0x11d50000
           8482	      4237	0010025c	01df2023	sw	x29,0(x30)	 x30:0x00020000 x29:0x00000031 PA:0x00020000 store:0x00000031 load:0x00000000
           8484	      4238	00100260	01cfd793	srli	x15,x31,0x1c	 x31:0x11d50000 x15=0x00000001
           8486	      4239	00100264	00900713	addi	x14,x0,9	  x0:0x00000000 x14=0x00000009
           8488	      4240	00100268	f2f76ae3	bltu	x14,x15,10019c	 x14:0x00000009 x15:0x00000001
           8490	      4241	0010026c	03078393	addi	x7,x15,48	 x15:0x00000001  x7=0x00000031
           8492	      4242	00100270	000205b7	lui	x11,0x20	 x11=0x00020000
           8494	      4243	00100274	01451613	slli	x12,x10,0x14	 x10:0x282111d5 x12=0x1d500000
           8498	      4245	00100278	0075a023	sw	x7,0(x11)	 x11:0x00020000  x7:0x00000031 PA:0x00020000 store:0x00000031 load:0x00000000
           8500	      4246	0010027c	01c65693	srli	x13,x12,0x1c	 x12:0x1d500000 x13=0x00000001
           8502	      4247	00100280	00900813	addi	x16,x0,9	  x0:0x00000000 x16=0x00000009
           8504	      4248	00100284	f2d86ae3	bltu	x16,x13,1001b8	 x16:0x00000009 x13:0x00000001
           8506	      4249	00100288	03068e93	addi	x29,x13,48	 x13:0x00000001 x29=0x00000031
           8508	      4250	0010028c	00020f37	lui	x30,0x20	 x30=0x00020000
           8510	      4251	00100290	01851f93	slli	x31,x10,0x18	 x10:0x282111d5 x31=0xd5000000
           8514	      4253	00100294	01df2023	sw	x29,0(x30)	 x30:0x00020000 x29:0x00000031 PA:0x00020000 store:0x00000031 load:0x00000000
           8516	      4254	00100298	01cfd793	srli	x15,x31,0x1c	 x31:0xd5000000 x15=0x0000000d
           8518	      4255	0010029c	00900713	addi	x14,x0,9	  x0:0x00000000 x14=0x00000009
           8522	      4257	001002a0	f2f76ae3	bltu	x14,x15,1001d4	 x14:0x00000009 x15:0x0000000d
           8526	      4259	001001d4	03778293	addi	x5,x15,55	 x15:0x0000000d  x5=0x00000044
           8528	      4260	001001d8	00020337	lui	x6,0x20	  x6=0x00020000
           8532	      4262	001001dc	00532023	sw	x5,0(x6)	  x6:0x00020000  x5:0x00000044 PA:0x00020000 store:0x00000044 load:0x00000000
           8534	      4263	001001e0	00f57513	andi	x10,x10,15	 x10:0x282111d5 x10=0x00000005
           8536	      4264	001001e4	00900613	addi	x12,x0,9	  x0:0x00000000 x12=0x00000009
           8538	      4265	001001e8	0ca66a63	bltu	x12,x10,1002bc	 x12:0x00000009 x10:0x00000005
           8540	      4266	001001ec	03050893	addi	x17,x10,48	 x10:0x00000005 x17=0x00000035
           8542	      4267	001001f0	00020e37	lui	x28,0x20	 x28=0x00020000
           8546	      4269	001001f4	011e2023	sw	x17,0(x28)	 x28:0x00020000 x17:0x00000035 PA:0x00020000 store:0x00000035 load:0x00000000
           8550	      4271	001001f8	00008067	jalr	x0,0(x1)	  x1:0x001012f8  x0=0x00000000
           8554	      4273	001012f8	f1ac10e3	bne	x24,x26,1011f8	 x24:0x00000008 x26:0x00000014
           8562	      4277	001011f8	d089a987	flw	f19,-760(x19)	 f19:0x00102000 f19=0x00000000 PA:0x00101d08 store:0x4598f2e4
           8564	      4278	001011fc	d24baa07	flw	f20,-732(x23)	 f23:0x00102000 f20=0x00000000 PA:0x00101d24 store:0x42f67c6a
           8588	      4290	00101200	a10a8513	addi	x10,x21,-1520	 x21:0x00102000 x10=0x00101a10
           8590	      4291	00101204	1949fad3	fdiv.s	f21,f19,f20	 f19:0x00102000 f20:0x00102000 f21=0x00000000
           8592	      4292	00101208	d159a427	fsw	f21,-760(x19)	 f19:0x00102000 f21:0x00102000 PA:0x00101d08 store:0x24a74966 load:0x42f67c6a
           8594	      4293	0010120c	d089ae07	flw	f28,-760(x19)	 f19:0x00102000 f28=0x00000000 PA:0x00101d08 store:0x4598f2e4
           8596	      4294	00101210	e00e0dd3	fmv.x.w	x27,f28	 f28:0x00020000 x27=0x24a74966
           8598	      4295	00101214	cfba2c23	sw	x27,-776(x20)	 x20:0x00102000 x27:0x24a74966 PA:0x00101cf8 store:0x24a74966 load:0x24a74966
           8600	      4296	00101218	e89fe0ef	jal	x1,1000a0	  x1=0x0010121c
           8604	      4298	001000a0	00054803	lbu	x16,0(x10)	 x10:0x00101a10 x16=0x0000000a PA:0x00101a10 store:0x00000000
           8606	      4299	001000a4	06080663	beq	x16,x0,100110	 x16:0x0000000a  x0:0x00000000
           8608	      4300	001000a8	000207b7	lui	x15,0x20	 x15=0x00020000
           8612	      4302	001000ac	0107a023	sw	x16,0(x15)	 x15:0x00020000 x16:0x0000000a PA:0x00020000 store:0x0000000a load:0x00000000
           8616	      4304	001000b0	00154703	lbu	x14,1(x10)	 x10:0x00101a10 x14=0x00000020 PA:0x00101a11 store:0x0010121c
           8618	      4305	001000b4	04070e63	beq	x14,x0,100110	 x14:0x00000020  x0:0x00000000
           8622	      4307	001000b8	00e7a023	sw	x14,0(x15)	 x15:0x00020000 x14:0x00000020 PA:0x00020000 store:0x00000020 load:0x00000000
           8626	      4309	001000bc	00254283	lbu	x5,2(x10)	 x10:0x00101a10  x5=0x00000069 PA:0x00101a12 store:0x00137fa0
           8628	      4310	001000c0	04028863	beq	x5,x0,100110	  x5:0x00000069  x0:0x00000000
           8632	      4312	001000c4	0057a023	sw	x5,0(x15)	 x15:0x00020000  x5:0x00000069 PA:0x00020000 store:0x00000069 load:0x00000000
           8636	      4314	001000c8	00354303	lbu	x6,3(x10)	 x10:0x00101a10  x6=0x0000003d PA:0x00101a13 store:0x00000000
           8638	      4315	001000cc	04030263	beq	x6,x0,100110	  x6:0x0000003d  x0:0x00000000
           8642	      4317	001000d0	0067a023	sw	x6,0(x15)	 x15:0x00020000  x6:0x0000003d PA:0x00020000 store:0x0000003d load:0x00000000
           8646	      4319	001000d4	00454383	lbu	x7,4(x10)	 x10:0x00101a10  x7=0x00000000 PA:0x00101a14 store:0x00000000
           8650	      4321	001000d8	02038c63	beq	x7,x0,100110	  x7:0x00000000  x0:0x00000000
           8654	      4323	00100110	00000513	addi	x10,x0,0	  x0:0x00000000 x10=0x00000000
           8658	      4325	00100114	00008067	jalr	x0,0(x1)	  x1:0x0010121c  x0=0x00000000
           8660	      4326	0010121c	000c0513	addi	x10,x24,0	 x24:0x00000008 x10=0x00000008
           8664	      4328	00101220	f01fe0ef	jal	x1,100120	  x1=0x00101224
           8666	      4329	00100120	01c55793	srli	x15,x10,0x1c	 x10:0x00000008 x15=0x00000000
           8668	      4330	00100124	00900713	addi	x14,x0,9	  x0:0x00000000 x14=0x00000009
           8672	      4332	00100128	0cf77a63	bgeu	x14,x15,1001fc	 x14:0x00000009 x15:0x00000000
           8676	      4334	001001fc	03078393	addi	x7,x15,48	 x15:0x00000000  x7=0x00000030
           8678	      4335	00100200	000205b7	lui	x11,0x20	 x11=0x00020000
           8680	      4336	00100204	00451613	slli	x12,x10,0x4	 x10:0x00000008 x12=0x00000080
           8684	      4338	00100208	0075a023	sw	x7,0(x11)	 x11:0x00020000  x7:0x00000030 PA:0x00020000 store:0x00000030 load:0x00000000
           8686	      4339	0010020c	01c65693	srli	x13,x12,0x1c	 x12:0x00000080 x13=0x00000000
           8688	      4340	00100210	00900813	addi	x16,x0,9	  x0:0x00000000 x16=0x00000009
           8690	      4341	00100214	f2d86ae3	bltu	x16,x13,100148	 x16:0x00000009 x13:0x00000000
           8692	      4342	00100218	03068e93	addi	x29,x13,48	 x13:0x00000000 x29=0x00000030
           8694	      4343	0010021c	00020f37	lui	x30,0x20	 x30=0x00020000
           8696	      4344	00100220	00851f93	slli	x31,x10,0x8	 x10:0x00000008 x31=0x00000800
           8700	      4346	00100224	01df2023	sw	x29,0(x30)	 x30:0x00020000 x29:0x00000030 PA:0x00020000 store:0x00000030 load:0x00000000
           8702	      4347	00100228	01cfd793	srli	x15,x31,0x1c	 x31:0x00000800 x15=0x00000000
           8704	      4348	0010022c	00900713	addi	x14,x0,9	  x0:0x00000000 x14=0x00000009
           8706	      4349	00100230	f2f76ae3	bltu	x14,x15,100164	 x14:0x00000009 x15:0x00000000
           8708	      4350	00100234	03078393	addi	x7,x15,48	 x15:0x00000000  x7=0x00000030
           8710	      4351	00100238	000205b7	lui	x11,0x20	 x11=0x00020000
           8712	      4352	0010023c	00c51613	slli	x12,x10,0xc	 x10:0x00000008 x12=0x00008000
           8716	      4354	00100240	0075a023	sw	x7,0(x11)	 x11:0x00020000  x7:0x00000030 PA:0x00020000 store:0x00000030 load:0x00000000
           8718	      4355	00100244	01c65693	srli	x13,x12,0x1c	 x12:0x00008000 x13=0x00000000
           8720	      4356	00100248	00900813	addi	x16,x0,9	  x0:0x00000000 x16=0x00000009
           8722	      4357	0010024c	f2d86ae3	bltu	x16,x13,100180	 x16:0x00000009 x13:0x00000000
           8724	      4358	00100250	03068e93	addi	x29,x13,48	 x13:0x00000000 x29=0x00000030
           8726	      4359	00100254	00020f37	lui	x30,0x20	 x30=0x00020000
           8728	      4360	00100258	01051f93	slli	x31,x10,0x10	 x10:0x00000008 x31=0x00080000
           8732	      4362	0010025c	01df2023	sw	x29,0(x30)	 x30:0x00020000 x29:0x00000030 PA:0x00020000 store:0x00000030 load:0x00000000
           8734	      4363	00100260	01cfd793	srli	x15,x31,0x1c	 x31:0x00080000 x15=0x00000000
           8736	      4364	00100264	00900713	addi	x14,x0,9	  x0:0x00000000 x14=0x00000009
           8738	      4365	00100268	f2f76ae3	bltu	x14,x15,10019c	 x14:0x00000009 x15:0x00000000
           8740	      4366	0010026c	03078393	addi	x7,x15,48	 x15:0x00000000  x7=0x00000030
           8742	      4367	00100270	000205b7	lui	x11,0x20	 x11=0x00020000
           8744	      4368	00100274	01451613	slli	x12,x10,0x14	 x10:0x00000008 x12=0x00800000
           8748	      4370	00100278	0075a023	sw	x7,0(x11)	 x11:0x00020000  x7:0x00000030 PA:0x00020000 store:0x00000030 load:0x00000000
           8750	      4371	0010027c	01c65693	srli	x13,x12,0x1c	 x12:0x00800000 x13=0x00000000
           8752	      4372	00100280	00900813	addi	x16,x0,9	  x0:0x00000000 x16=0x00000009
           8754	      4373	00100284	f2d86ae3	bltu	x16,x13,1001b8	 x16:0x00000009 x13:0x00000000
           8756	      4374	00100288	03068e93	addi	x29,x13,48	 x13:0x00000000 x29=0x00000030
           8758	      4375	0010028c	00020f37	lui	x30,0x20	 x30=0x00020000
           8760	      4376	00100290	01851f93	slli	x31,x10,0x18	 x10:0x00000008 x31=0x08000000
           8764	      4378	00100294	01df2023	sw	x29,0(x30)	 x30:0x00020000 x29:0x00000030 PA:0x00020000 store:0x00000030 load:0x00000000
           8766	      4379	00100298	01cfd793	srli	x15,x31,0x1c	 x31:0x08000000 x15=0x00000000
           8768	      4380	0010029c	00900713	addi	x14,x0,9	  x0:0x00000000 x14=0x00000009
           8770	      4381	001002a0	f2f76ae3	bltu	x14,x15,1001d4	 x14:0x00000009 x15:0x00000000
           8772	      4382	001002a4	03078393	addi	x7,x15,48	 x15:0x00000000  x7=0x00000030
           8774	      4383	001002a8	000205b7	lui	x11,0x20	 x11=0x00020000
           8778	      4385	001002ac	0075a023	sw	x7,0(x11)	 x11:0x00020000  x7:0x00000030 PA:0x00020000 store:0x00000030 load:0x00000000
           8780	      4386	001002b0	00f57513	andi	x10,x10,15	 x10:0x00000008 x10=0x00000008
           8782	      4387	001002b4	00900613	addi	x12,x0,9	  x0:0x00000000 x12=0x00000009
           8786	      4389	001002b8	f2a67ae3	bgeu	x12,x10,1001ec	 x12:0x00000009 x10:0x00000008
           8790	      4391	001001ec	03050893	addi	x17,x10,48	 x10:0x00000008 x17=0x00000038
           8792	      4392	001001f0	00020e37	lui	x28,0x20	 x28=0x00020000
           8796	      4394	001001f4	011e2023	sw	x17,0(x28)	 x28:0x00020000 x17:0x00000038 PA:0x00020000 store:0x00000038 load:0x00000000
           8800	      4396	001001f8	00008067	jalr	x0,0(x1)	  x1:0x00101224  x0=0x00000000
           8802	      4397	00101224	a18b0513	addi	x10,x22,-1512	 x22:0x00102000 x10=0x00101a18
           8806	      4399	00101228	e79fe0ef	jal	x1,1000a0	  x1=0x0010122c
           8810	      4401	001000a0	00054803	lbu	x16,0(x10)	 x10:0x00101a18 x16=0x00000020 PA:0x00101a18 store:0x00000000
           8812	      4402	001000a4	06080663	beq	x16,x0,100110	 x16:0x00000020  x0:0x00000000
           8814	      4403	001000a8	000207b7	lui	x15,0x20	 x15=0x00020000
           8818	      4405	001000ac	0107a023	sw	x16,0(x15)	 x15:0x00020000 x16:0x00000020 PA:0x00020000 store:0x00000020 load:0x00000000
           8822	      4407	001000b0	00154703	lbu	x14,1(x10)	 x10:0x00101a18 x14=0x00000072 PA:0x00101a19 store:0x0010122c
           8824	      4408	001000b4	04070e63	beq	x14,x0,100110	 x14:0x00000072  x0:0x00000000
           8828	      4410	001000b8	00e7a023	sw	x14,0(x15)	 x15:0x00020000 x14:0x00000072 PA:0x00020000 store:0x00000072 load:0x00000000
           8832	      4412	001000bc	00254283	lbu	x5,2(x10)	 x10:0x00101a18  x5=0x00000065 PA:0x00101a1a store:0x00137fa0
           8834	      4413	001000c0	04028863	beq	x5,x0,100110	  x5:0x00000065  x0:0x00000000
           8838	      4415	001000c4	0057a023	sw	x5,0(x15)	 x15:0x00020000  x5:0x00000065 PA:0x00020000 store:0x00000065 load:0x00000000
           8842	      4417	001000c8	00354303	lbu	x6,3(x10)	 x10:0x00101a18  x6=0x00000073 PA:0x00101a1b store:0x00000000
           8844	      4418	001000cc	04030263	beq	x6,x0,100110	  x6:0x00000073  x0:0x00000000
           8848	      4420	001000d0	0067a023	sw	x6,0(x15)	 x15:0x00020000  x6:0x00000073 PA:0x00020000 store:0x00000073 load:0x00000000
           8852	      4422	001000d4	00454383	lbu	x7,4(x10)	 x10:0x00101a18  x7=0x00000075 PA:0x00101a1c store:0x00000000
           8854	      4423	001000d8	02038c63	beq	x7,x0,100110	  x7:0x00000075  x0:0x00000000
           8858	      4425	001000dc	0077a023	sw	x7,0(x15)	 x15:0x00020000  x7:0x00000075 PA:0x00020000 store:0x00000075 load:0x00000000
           8862	      4427	001000e0	00554583	lbu	x11,5(x10)	 x10:0x00101a18 x11=0x0000006c PA:0x00101a1d store:0x00000065
           8864	      4428	001000e4	02058663	beq	x11,x0,100110	 x11:0x0000006c  x0:0x00000000
           8868	      4430	001000e8	00b7a023	sw	x11,0(x15)	 x15:0x00020000 x11:0x0000006c PA:0x00020000 store:0x0000006c load:0x00000000
           8872	      4432	001000ec	00654603	lbu	x12,6(x10)	 x10:0x00101a18 x12=0x00000074 PA:0x00101a1e store:0x00000073
           8874	      4433	001000f0	02060063	beq	x12,x0,100110	 x12:0x00000074  x0:0x00000000
           8878	      4435	001000f4	00c7a023	sw	x12,0(x15)	 x15:0x00020000 x12:0x00000074 PA:0x00020000 store:0x00000074 load:0x00000000
           8882	      4437	001000f8	00754683	lbu	x13,7(x10)	 x10:0x00101a18 x13=0x0000003a PA:0x00101a1f store:0x00000075
           8884	      4438	001000fc	00850513	addi	x10,x10,8	 x10:0x00101a18 x10=0x00101a20
           8886	      4439	00100100	00068863	beq	x13,x0,100110	 x13:0x0000003a  x0:0x00000000
           8890	      4441	00100104	00d7a023	sw	x13,0(x15)	 x15:0x00020000 x13:0x0000003a PA:0x00020000 store:0x0000003a load:0x00000000
           8894	      4443	00100108	00054803	lbu	x16,0(x10)	 x10:0x00101a20 x16=0x00000020 PA:0x00101a20 store:0x00000000
           8898	      4445	0010010c	fa0810e3	bne	x16,x0,1000ac	 x16:0x00000020  x0:0x00000000
           8904	      4448	001000ac	0107a023	sw	x16,0(x15)	 x15:0x00020000 x16:0x00000020 PA:0x00020000 store:0x00000020 load:0x00000000
           8908	      4450	001000b0	00154703	lbu	x14,1(x10)	 x10:0x00101a20 x14=0x00000000 PA:0x00101a21 store:0x0010122c
           8912	      4452	001000b4	04070e63	beq	x14,x0,100110	 x14:0x00000000  x0:0x00000000
           8916	      4454	00100110	00000513	addi	x10,x0,0	  x0:0x00000000 x10=0x00000000
           8920	      4456	00100114	00008067	jalr	x0,0(x1)	  x1:0x0010122c  x0=0x00000000
           8924	      4458	0010122c	cf8a2503	lw	x10,-776(x20)	 x20:0x00102000 x10=0x24a74966 PA:0x00101cf8 store:0x00000008
           8926	      4459	00101230	001c0d93	addi	x27,x24,1	 x24:0x00000008 x27=0x00000009
           8930	      4461	00101234	eedfe0ef	jal	x1,100120	  x1=0x00101238
           8932	      4462	00100120	01c55793	srli	x15,x10,0x1c	 x10:0x24a74966 x15=0x00000002
           8934	      4463	00100124	00900713	addi	x14,x0,9	  x0:0x00000000 x14=0x00000009
           8938	      4465	00100128	0cf77a63	bgeu	x14,x15,1001fc	 x14:0x00000009 x15:0x00000002
           8942	      4467	001001fc	03078393	addi	x7,x15,48	 x15:0x00000002  x7=0x00000032
           8944	      4468	00100200	000205b7	lui	x11,0x20	 x11=0x00020000
           8946	      4469	00100204	00451613	slli	x12,x10,0x4	 x10:0x24a74966 x12=0x4a749660
           8950	      4471	00100208	0075a023	sw	x7,0(x11)	 x11:0x00020000  x7:0x00000032 PA:0x00020000 store:0x00000032 load:0x00000000
           8952	      4472	0010020c	01c65693	srli	x13,x12,0x1c	 x12:0x4a749660 x13=0x00000004
           8954	      4473	00100210	00900813	addi	x16,x0,9	  x0:0x00000000 x16=0x00000009
           8956	      4474	00100214	f2d86ae3	bltu	x16,x13,100148	 x16:0x00000009 x13:0x00000004
           8958	      4475	00100218	03068e93	addi	x29,x13,48	 x13:0x00000004 x29=0x00000034
           8960	      4476	0010021c	00020f37	lui	x30,0x20	 x30=0x00020000
           8962	      4477	00100220	00851f93	slli	x31,x10,0x8	 x10:0x24a74966 x31=0xa7496600
           8966	      4479	00100224	01df2023	sw	x29,0(x30)	 x30:0x00020000 x29:0x00000034 PA:0x00020000 store:0x00000034 load:0x00000000
           8968	      4480	00100228	01cfd793	srli	x15,x31,0x1c	 x31:0xa7496600 x15=0x0000000a
           8970	      4481	0010022c	00900713	addi	x14,x0,9	  x0:0x00000000 x14=0x00000009
           8974	      4483	00100230	f2f76ae3	bltu	x14,x15,100164	 x14:0x00000009 x15:0x0000000a
           8978	      4485	00100164	03778293	addi	x5,x15,55	 x15:0x0000000a  x5=0x00000041
           8980	      4486	00100168	00020337	lui	x6,0x20	  x6=0x00020000
           8982	      4487	0010016c	00c51613	slli	x12,x10,0xc	 x10:0x24a74966 x12=0x74966000
           8986	      4489	00100170	00532023	sw	x5,0(x6)	  x6:0x00020000  x5:0x00000041 PA:0x00020000 store:0x00000041 load:0x00000000
           8988	      4490	00100174	01c65693	srli	x13,x12,0x1c	 x12:0x74966000 x13=0x00000007
           8990	      4491	00100178	00900813	addi	x16,x0,9	  x0:0x00000000 x16=0x00000009
           8994	      4493	0010017c	0cd87a63	bgeu	x16,x13,100250	 x16:0x00000009 x13:0x00000007
           8998	      4495	00100250	03068e93	addi	x29,x13,48	 x13:0x00000007 x29=0x00000037
           9000	      4496	00100254	00020f37	lui	x30,0x20	 x30=0x00020000
           9002	      4497	00100258	01051f93	slli	x31,x10,0x10	 x10:0x24a74966 x31=0x49660000
           9006	      4499	0010025c	01df2023	sw	x29,0(x30)	 x30:0x00020000 x29:0x00000037 PA:0x00020000 store:0x00000037 load:0x00000000
           9008	      4500	00100260	01cfd793	srli	x15,x31,0x1c	 x31:0x49660000 x15=0x00000004
           9010	      4501	00100264	00900713	addi	x14,x0,9	  x0:0x00000000 x14=0x00000009
           9012	      4502	00100268	f2f76ae3	bltu	x14,x15,10019c	 x14:0x00000009 x15:0x00000004
           9014	      4503	0010026c	03078393	addi	x7,x15,48	 x15:0x00000004  x7=0x00000034
           9016	      4504	00100270	000205b7	lui	x11,0x20	 x11=0x00020000
           9018	      4505	00100274	01451613	slli	x12,x10,0x14	 x10:0x24a74966 x12=0x96600000
           9022	      4507	00100278	0075a023	sw	x7,0(x11)	 x11:0x00020000  x7:0x00000034 PA:0x00020000 store:0x00000034 load:0x00000000
           9024	      4508	0010027c	01c65693	srli	x13,x12,0x1c	 x12:0x96600000 x13=0x00000009
           9026	      4509	00100280	00900813	addi	x16,x0,9	  x0:0x00000000 x16=0x00000009
           9028	      4510	00100284	f2d86ae3	bltu	x16,x13,1001b8	 x16:0x00000009 x13:0x00000009
           9030	      4511	00100288	03068e93	addi	x29,x13,48	 x13:0x00000009 x29=0x00000039
           9032	      4512	0010028c	00020f37	lui	x30,0x20	 x30=0x00020000
           9034	      4513	00100290	01851f93	slli	x31,x10,0x18	 x10:0x24a74966 x31=0x66000000
           9038	      4515	00100294	01df2023	sw	x29,0(x30)	 x30:0x00020000 x29:0x00000039 PA:0x00020000 store:0x00000039 load:0x00000000
           9040	      4516	00100298	01cfd793	srli	x15,x31,0x1c	 x31:0x66000000 x15=0x00000006
           9042	      4517	0010029c	00900713	addi	x14,x0,9	  x0:0x00000000 x14=0x00000009
           9044	      4518	001002a0	f2f76ae3	bltu	x14,x15,1001d4	 x14:0x00000009 x15:0x00000006
           9046	      4519	001002a4	03078393	addi	x7,x15,48	 x15:0x00000006  x7=0x00000036
           9048	      4520	001002a8	000205b7	lui	x11,0x20	 x11=0x00020000
           9052	      4522	001002ac	0075a023	sw	x7,0(x11)	 x11:0x00020000  x7:0x00000036 PA:0x00020000 store:0x00000036 load:0x00000000
           9054	      4523	001002b0	00f57513	andi	x10,x10,15	 x10:0x24a74966 x10=0x00000006
           9056	      4524	001002b4	00900613	addi	x12,x0,9	  x0:0x00000000 x12=0x00000009
           9060	      4526	001002b8	f2a67ae3	bgeu	x12,x10,1001ec	 x12:0x00000009 x10:0x00000006
           9064	      4528	001001ec	03050893	addi	x17,x10,48	 x10:0x00000006 x17=0x00000036
           9066	      4529	001001f0	00020e37	lui	x28,0x20	 x28=0x00020000
           9070	      4531	001001f4	011e2023	sw	x17,0(x28)	 x28:0x00020000 x17:0x00000036 PA:0x00020000 store:0x00000036 load:0x00000000
           9080	      4536	001001f8	00008067	jalr	x0,0(x1)	  x1:0x00101238  x0=0x00000000
           9082	      4537	00101238	d089ae87	flw	f29,-760(x19)	 f19:0x00102000 f29=0x00000000 PA:0x00101d08 store:0x4598f2e4
           9084	      4538	0010123c	d24baf07	flw	f30,-732(x23)	 f23:0x00102000 f30=0x00000000 PA:0x00101d24 store:0x42f67c6a
           9106	      4549	00101240	a10a8513	addi	x10,x21,-1520	 x21:0x00102000 x10=0x00101a10
           9108	      4550	00101244	19eeffd3	fdiv.s	f31,f29,f30	 f29:0x00000039 f30:0x00020000 f31=0x00000000
           9110	      4551	00101248	d1f9a427	fsw	f31,-760(x19)	 f19:0x00102000 f31:0x66000000 PA:0x00101d08 store:0x212dbe66 load:0x42f67c6a
           9112	      4552	0010124c	d089a007	flw	f0,-760(x19)	 f19:0x00102000  f0=0x00000000 PA:0x00101d08 store:0x4598f2e4
           9114	      4553	00101250	e0000e53	fmv.x.w	x28,f0	  f0:0x00000000 x28=0x212dbe66
           9116	      4554	00101254	cfca2c23	sw	x28,-776(x20)	 x20:0x00102000 x28:0x212dbe66 PA:0x00101cf8 store:0x212dbe66 load:0x212dbe66
           9118	      4555	00101258	e49fe0ef	jal	x1,1000a0	  x1=0x0010125c
           9122	      4557	001000a0	00054803	lbu	x16,0(x10)	 x10:0x00101a10 x16=0x0000000a PA:0x00101a10 store:0x00000000
           9124	      4558	001000a4	06080663	beq	x16,x0,100110	 x16:0x0000000a  x0:0x00000000
           9126	      4559	001000a8	000207b7	lui	x15,0x20	 x15=0x00020000
           9130	      4561	001000ac	0107a023	sw	x16,0(x15)	 x15:0x00020000 x16:0x0000000a PA:0x00020000 store:0x0000000a load:0x00000000
           9134	      4563	001000b0	00154703	lbu	x14,1(x10)	 x10:0x00101a10 x14=0x00000020 PA:0x00101a11 store:0x0010125c
           9136	      4564	001000b4	04070e63	beq	x14,x0,100110	 x14:0x00000020  x0:0x00000000
           9140	      4566	001000b8	00e7a023	sw	x14,0(x15)	 x15:0x00020000 x14:0x00000020 PA:0x00020000 store:0x00000020 load:0x00000000
           9144	      4568	001000bc	00254283	lbu	x5,2(x10)	 x10:0x00101a10  x5=0x00000069 PA:0x00101a12 store:0x00137fa0
           9146	      4569	001000c0	04028863	beq	x5,x0,100110	  x5:0x00000069  x0:0x00000000
           9150	      4571	001000c4	0057a023	sw	x5,0(x15)	 x15:0x00020000  x5:0x00000069 PA:0x00020000 store:0x00000069 load:0x00000000
           9154	      4573	001000c8	00354303	lbu	x6,3(x10)	 x10:0x00101a10  x6=0x0000003d PA:0x00101a13 store:0x00000000
           9156	      4574	001000cc	04030263	beq	x6,x0,100110	  x6:0x0000003d  x0:0x00000000
           9160	      4576	001000d0	0067a023	sw	x6,0(x15)	 x15:0x00020000  x6:0x0000003d PA:0x00020000 store:0x0000003d load:0x00000000
           9164	      4578	001000d4	00454383	lbu	x7,4(x10)	 x10:0x00101a10  x7=0x00000000 PA:0x00101a14 store:0x00000000
           9168	      4580	001000d8	02038c63	beq	x7,x0,100110	  x7:0x00000000  x0:0x00000000
           9172	      4582	00100110	00000513	addi	x10,x0,0	  x0:0x00000000 x10=0x00000000
           9176	      4584	00100114	00008067	jalr	x0,0(x1)	  x1:0x0010125c  x0=0x00000000
           9178	      4585	0010125c	000d8513	addi	x10,x27,0	 x27:0x00000009 x10=0x00000009
           9182	      4587	00101260	ec1fe0ef	jal	x1,100120	  x1=0x00101264
           9184	      4588	00100120	01c55793	srli	x15,x10,0x1c	 x10:0x00000009 x15=0x00000000
           9186	      4589	00100124	00900713	addi	x14,x0,9	  x0:0x00000000 x14=0x00000009
           9190	      4591	00100128	0cf77a63	bgeu	x14,x15,1001fc	 x14:0x00000009 x15:0x00000000
           9194	      4593	001001fc	03078393	addi	x7,x15,48	 x15:0x00000000  x7=0x00000030
           9196	      4594	00100200	000205b7	lui	x11,0x20	 x11=0x00020000
           9198	      4595	00100204	00451613	slli	x12,x10,0x4	 x10:0x00000009 x12=0x00000090
           9202	      4597	00100208	0075a023	sw	x7,0(x11)	 x11:0x00020000  x7:0x00000030 PA:0x00020000 store:0x00000030 load:0x00000000
           9204	      4598	0010020c	01c65693	srli	x13,x12,0x1c	 x12:0x00000090 x13=0x00000000
           9206	      4599	00100210	00900813	addi	x16,x0,9	  x0:0x00000000 x16=0x00000009
           9208	      4600	00100214	f2d86ae3	bltu	x16,x13,100148	 x16:0x00000009 x13:0x00000000
           9210	      4601	00100218	03068e93	addi	x29,x13,48	 x13:0x00000000 x29=0x00000030
           9212	      4602	0010021c	00020f37	lui	x30,0x20	 x30=0x00020000
           9214	      4603	00100220	00851f93	slli	x31,x10,0x8	 x10:0x00000009 x31=0x00000900
           9218	      4605	00100224	01df2023	sw	x29,0(x30)	 x30:0x00020000 x29:0x00000030 PA:0x00020000 store:0x00000030 load:0x00000000
           9220	      4606	00100228	01cfd793	srli	x15,x31,0x1c	 x31:0x00000900 x15=0x00000000
           9222	      4607	0010022c	00900713	addi	x14,x0,9	  x0:0x00000000 x14=0x00000009
           9224	      4608	00100230	f2f76ae3	bltu	x14,x15,100164	 x14:0x00000009 x15:0x00000000
           9226	      4609	00100234	03078393	addi	x7,x15,48	 x15:0x00000000  x7=0x00000030
           9228	      4610	00100238	000205b7	lui	x11,0x20	 x11=0x00020000
           9230	      4611	0010023c	00c51613	slli	x12,x10,0xc	 x10:0x00000009 x12=0x00009000
           9234	      4613	00100240	0075a023	sw	x7,0(x11)	 x11:0x00020000  x7:0x00000030 PA:0x00020000 store:0x00000030 load:0x00000000
           9236	      4614	00100244	01c65693	srli	x13,x12,0x1c	 x12:0x00009000 x13=0x00000000
           9238	      4615	00100248	00900813	addi	x16,x0,9	  x0:0x00000000 x16=0x00000009
           9240	      4616	0010024c	f2d86ae3	bltu	x16,x13,100180	 x16:0x00000009 x13:0x00000000
           9242	      4617	00100250	03068e93	addi	x29,x13,48	 x13:0x00000000 x29=0x00000030
           9244	      4618	00100254	00020f37	lui	x30,0x20	 x30=0x00020000
           9246	      4619	00100258	01051f93	slli	x31,x10,0x10	 x10:0x00000009 x31=0x00090000
           9250	      4621	0010025c	01df2023	sw	x29,0(x30)	 x30:0x00020000 x29:0x00000030 PA:0x00020000 store:0x00000030 load:0x00000000
           9252	      4622	00100260	01cfd793	srli	x15,x31,0x1c	 x31:0x00090000 x15=0x00000000
           9254	      4623	00100264	00900713	addi	x14,x0,9	  x0:0x00000000 x14=0x00000009
           9256	      4624	00100268	f2f76ae3	bltu	x14,x15,10019c	 x14:0x00000009 x15:0x00000000
           9258	      4625	0010026c	03078393	addi	x7,x15,48	 x15:0x00000000  x7=0x00000030
           9260	      4626	00100270	000205b7	lui	x11,0x20	 x11=0x00020000
           9262	      4627	00100274	01451613	slli	x12,x10,0x14	 x10:0x00000009 x12=0x00900000
           9266	      4629	00100278	0075a023	sw	x7,0(x11)	 x11:0x00020000  x7:0x00000030 PA:0x00020000 store:0x00000030 load:0x00000000
           9268	      4630	0010027c	01c65693	srli	x13,x12,0x1c	 x12:0x00900000 x13=0x00000000
           9270	      4631	00100280	00900813	addi	x16,x0,9	  x0:0x00000000 x16=0x00000009
           9272	      4632	00100284	f2d86ae3	bltu	x16,x13,1001b8	 x16:0x00000009 x13:0x00000000
           9274	      4633	00100288	03068e93	addi	x29,x13,48	 x13:0x00000000 x29=0x00000030
           9276	      4634	0010028c	00020f37	lui	x30,0x20	 x30=0x00020000
           9278	      4635	00100290	01851f93	slli	x31,x10,0x18	 x10:0x00000009 x31=0x09000000
           9282	      4637	00100294	01df2023	sw	x29,0(x30)	 x30:0x00020000 x29:0x00000030 PA:0x00020000 store:0x00000030 load:0x00000000
           9284	      4638	00100298	01cfd793	srli	x15,x31,0x1c	 x31:0x09000000 x15=0x00000000
           9286	      4639	0010029c	00900713	addi	x14,x0,9	  x0:0x00000000 x14=0x00000009
           9288	      4640	001002a0	f2f76ae3	bltu	x14,x15,1001d4	 x14:0x00000009 x15:0x00000000
           9290	      4641	001002a4	03078393	addi	x7,x15,48	 x15:0x00000000  x7=0x00000030
           9292	      4642	001002a8	000205b7	lui	x11,0x20	 x11=0x00020000
           9296	      4644	001002ac	0075a023	sw	x7,0(x11)	 x11:0x00020000  x7:0x00000030 PA:0x00020000 store:0x00000030 load:0x00000000
           9298	      4645	001002b0	00f57513	andi	x10,x10,15	 x10:0x00000009 x10=0x00000009
           9300	      4646	001002b4	00900613	addi	x12,x0,9	  x0:0x00000000 x12=0x00000009
           9304	      4648	001002b8	f2a67ae3	bgeu	x12,x10,1001ec	 x12:0x00000009 x10:0x00000009
           9308	      4650	001001ec	03050893	addi	x17,x10,48	 x10:0x00000009 x17=0x00000039
           9310	      4651	001001f0	00020e37	lui	x28,0x20	 x28=0x00020000
           9314	      4653	001001f4	011e2023	sw	x17,0(x28)	 x28:0x00020000 x17:0x00000039 PA:0x00020000 store:0x00000039 load:0x00000000
           9318	      4655	001001f8	00008067	jalr	x0,0(x1)	  x1:0x00101264  x0=0x00000000
           9320	      4656	00101264	a18b0513	addi	x10,x22,-1512	 x22:0x00102000 x10=0x00101a18
           9324	      4658	00101268	e39fe0ef	jal	x1,1000a0	  x1=0x0010126c
           9328	      4660	001000a0	00054803	lbu	x16,0(x10)	 x10:0x00101a18 x16=0x00000020 PA:0x00101a18 store:0x00000000
           9330	      4661	001000a4	06080663	beq	x16,x0,100110	 x16:0x00000020  x0:0x00000000
           9332	      4662	001000a8	000207b7	lui	x15,0x20	 x15=0x00020000
           9336	      4664	001000ac	0107a023	sw	x16,0(x15)	 x15:0x00020000 x16:0x00000020 PA:0x00020000 store:0x00000020 load:0x00000000
           9340	      4666	001000b0	00154703	lbu	x14,1(x10)	 x10:0x00101a18 x14=0x00000072 PA:0x00101a19 store:0x0010126c
           9342	      4667	001000b4	04070e63	beq	x14,x0,100110	 x14:0x00000072  x0:0x00000000
           9346	      4669	001000b8	00e7a023	sw	x14,0(x15)	 x15:0x00020000 x14:0x00000072 PA:0x00020000 store:0x00000072 load:0x00000000
           9350	      4671	001000bc	00254283	lbu	x5,2(x10)	 x10:0x00101a18  x5=0x00000065 PA:0x00101a1a store:0x00137fa0
           9352	      4672	001000c0	04028863	beq	x5,x0,100110	  x5:0x00000065  x0:0x00000000
           9356	      4674	001000c4	0057a023	sw	x5,0(x15)	 x15:0x00020000  x5:0x00000065 PA:0x00020000 store:0x00000065 load:0x00000000
           9360	      4676	001000c8	00354303	lbu	x6,3(x10)	 x10:0x00101a18  x6=0x00000073 PA:0x00101a1b store:0x00000000
           9362	      4677	001000cc	04030263	beq	x6,x0,100110	  x6:0x00000073  x0:0x00000000
           9366	      4679	001000d0	0067a023	sw	x6,0(x15)	 x15:0x00020000  x6:0x00000073 PA:0x00020000 store:0x00000073 load:0x00000000
           9370	      4681	001000d4	00454383	lbu	x7,4(x10)	 x10:0x00101a18  x7=0x00000075 PA:0x00101a1c store:0x00000000
           9372	      4682	001000d8	02038c63	beq	x7,x0,100110	  x7:0x00000075  x0:0x00000000
           9376	      4684	001000dc	0077a023	sw	x7,0(x15)	 x15:0x00020000  x7:0x00000075 PA:0x00020000 store:0x00000075 load:0x00000000
           9380	      4686	001000e0	00554583	lbu	x11,5(x10)	 x10:0x00101a18 x11=0x0000006c PA:0x00101a1d store:0x00000065
           9382	      4687	001000e4	02058663	beq	x11,x0,100110	 x11:0x0000006c  x0:0x00000000
           9386	      4689	001000e8	00b7a023	sw	x11,0(x15)	 x15:0x00020000 x11:0x0000006c PA:0x00020000 store:0x0000006c load:0x00000000
           9390	      4691	001000ec	00654603	lbu	x12,6(x10)	 x10:0x00101a18 x12=0x00000074 PA:0x00101a1e store:0x00000073
           9392	      4692	001000f0	02060063	beq	x12,x0,100110	 x12:0x00000074  x0:0x00000000
           9396	      4694	001000f4	00c7a023	sw	x12,0(x15)	 x15:0x00020000 x12:0x00000074 PA:0x00020000 store:0x00000074 load:0x00000000
           9400	      4696	001000f8	00754683	lbu	x13,7(x10)	 x10:0x00101a18 x13=0x0000003a PA:0x00101a1f store:0x00000075
           9402	      4697	001000fc	00850513	addi	x10,x10,8	 x10:0x00101a18 x10=0x00101a20
           9404	      4698	00100100	00068863	beq	x13,x0,100110	 x13:0x0000003a  x0:0x00000000
           9408	      4700	00100104	00d7a023	sw	x13,0(x15)	 x15:0x00020000 x13:0x0000003a PA:0x00020000 store:0x0000003a load:0x00000000
           9412	      4702	00100108	00054803	lbu	x16,0(x10)	 x10:0x00101a20 x16=0x00000020 PA:0x00101a20 store:0x00000000
           9416	      4704	0010010c	fa0810e3	bne	x16,x0,1000ac	 x16:0x00000020  x0:0x00000000
           9422	      4707	001000ac	0107a023	sw	x16,0(x15)	 x15:0x00020000 x16:0x00000020 PA:0x00020000 store:0x00000020 load:0x00000000
           9426	      4709	001000b0	00154703	lbu	x14,1(x10)	 x10:0x00101a20 x14=0x00000000 PA:0x00101a21 store:0x0010126c
           9430	      4711	001000b4	04070e63	beq	x14,x0,100110	 x14:0x00000000  x0:0x00000000
           9434	      4713	00100110	00000513	addi	x10,x0,0	  x0:0x00000000 x10=0x00000000
           9438	      4715	00100114	00008067	jalr	x0,0(x1)	  x1:0x0010126c  x0=0x00000000
           9442	      4717	0010126c	cf8a2503	lw	x10,-776(x20)	 x20:0x00102000 x10=0x212dbe66 PA:0x00101cf8 store:0x00000008
           9444	      4718	00101270	002c0d93	addi	x27,x24,2	 x24:0x00000008 x27=0x0000000a
           9448	      4720	00101274	eadfe0ef	jal	x1,100120	  x1=0x00101278
           9450	      4721	00100120	01c55793	srli	x15,x10,0x1c	 x10:0x212dbe66 x15=0x00000002
           9452	      4722	00100124	00900713	addi	x14,x0,9	  x0:0x00000000 x14=0x00000009
           9456	      4724	00100128	0cf77a63	bgeu	x14,x15,1001fc	 x14:0x00000009 x15:0x00000002
           9460	      4726	001001fc	03078393	addi	x7,x15,48	 x15:0x00000002  x7=0x00000032
           9462	      4727	00100200	000205b7	lui	x11,0x20	 x11=0x00020000
           9464	      4728	00100204	00451613	slli	x12,x10,0x4	 x10:0x212dbe66 x12=0x12dbe660
           9468	      4730	00100208	0075a023	sw	x7,0(x11)	 x11:0x00020000  x7:0x00000032 PA:0x00020000 store:0x00000032 load:0x00000000
           9470	      4731	0010020c	01c65693	srli	x13,x12,0x1c	 x12:0x12dbe660 x13=0x00000001
           9472	      4732	00100210	00900813	addi	x16,x0,9	  x0:0x00000000 x16=0x00000009
           9474	      4733	00100214	f2d86ae3	bltu	x16,x13,100148	 x16:0x00000009 x13:0x00000001
           9476	      4734	00100218	03068e93	addi	x29,x13,48	 x13:0x00000001 x29=0x00000031
           9478	      4735	0010021c	00020f37	lui	x30,0x20	 x30=0x00020000
           9480	      4736	00100220	00851f93	slli	x31,x10,0x8	 x10:0x212dbe66 x31=0x2dbe6600
           9484	      4738	00100224	01df2023	sw	x29,0(x30)	 x30:0x00020000 x29:0x00000031 PA:0x00020000 store:0x00000031 load:0x00000000
           9486	      4739	00100228	01cfd793	srli	x15,x31,0x1c	 x31:0x2dbe6600 x15=0x00000002
           9488	      4740	0010022c	00900713	addi	x14,x0,9	  x0:0x00000000 x14=0x00000009
           9490	      4741	00100230	f2f76ae3	bltu	x14,x15,100164	 x14:0x00000009 x15:0x00000002
           9492	      4742	00100234	03078393	addi	x7,x15,48	 x15:0x00000002  x7=0x00000032
           9494	      4743	00100238	000205b7	lui	x11,0x20	 x11=0x00020000
           9496	      4744	0010023c	00c51613	slli	x12,x10,0xc	 x10:0x212dbe66 x12=0xdbe66000
           9500	      4746	00100240	0075a023	sw	x7,0(x11)	 x11:0x00020000  x7:0x00000032 PA:0x00020000 store:0x00000032 load:0x00000000
           9502	      4747	00100244	01c65693	srli	x13,x12,0x1c	 x12:0xdbe66000 x13=0x0000000d
           9504	      4748	00100248	00900813	addi	x16,x0,9	  x0:0x00000000 x16=0x00000009
           9508	      4750	0010024c	f2d86ae3	bltu	x16,x13,100180	 x16:0x00000009 x13:0x0000000d
           9512	      4752	00100180	03768893	addi	x17,x13,55	 x13:0x0000000d x17=0x00000044
           9514	      4753	00100184	00020e37	lui	x28,0x20	 x28=0x00020000
           9516	      4754	00100188	01051f93	slli	x31,x10,0x10	 x10:0x212dbe66 x31=0xbe660000
           9520	      4756	0010018c	011e2023	sw	x17,0(x28)	 x28:0x00020000 x17:0x00000044 PA:0x00020000 store:0x00000044 load:0x00000000
           9522	      4757	00100190	01cfd793	srli	x15,x31,0x1c	 x31:0xbe660000 x15=0x0000000b
           9524	      4758	00100194	00900713	addi	x14,x0,9	  x0:0x00000000 x14=0x00000009
           9526	      4759	00100198	0cf77a63	bgeu	x14,x15,10026c	 x14:0x00000009 x15:0x0000000b
           9528	      4760	0010019c	03778293	addi	x5,x15,55	 x15:0x0000000b  x5=0x00000042
           9530	      4761	001001a0	00020337	lui	x6,0x20	  x6=0x00020000
           9532	      4762	001001a4	01451613	slli	x12,x10,0x14	 x10:0x212dbe66 x12=0xe6600000
           9536	      4764	001001a8	00532023	sw	x5,0(x6)	  x6:0x00020000  x5:0x00000042 PA:0x00020000 store:0x00000042 load:0x00000000
           9538	      4765	001001ac	01c65693	srli	x13,x12,0x1c	 x12:0xe6600000 x13=0x0000000e
           9540	      4766	001001b0	00900813	addi	x16,x0,9	  x0:0x00000000 x16=0x00000009
           9542	      4767	001001b4	0cd87a63	bgeu	x16,x13,100288	 x16:0x00000009 x13:0x0000000e
           9544	      4768	001001b8	03768893	addi	x17,x13,55	 x13:0x0000000e x17=0x00000045
           9546	      4769	001001bc	00020e37	lui	x28,0x20	 x28=0x00020000
           9548	      4770	001001c0	01851f93	slli	x31,x10,0x18	 x10:0x212dbe66 x31=0x66000000
           9552	      4772	001001c4	011e2023	sw	x17,0(x28)	 x28:0x00020000 x17:0x00000045 PA:0x00020000 store:0x00000045 load:0x00000000
           9554	      4773	001001c8	01cfd793	srli	x15,x31,0x1c	 x31:0x66000000 x15=0x00000006
           9556	      4774	001001cc	00900713	addi	x14,x0,9	  x0:0x00000000 x14=0x00000009
           9560	      4776	001001d0	0cf77a63	bgeu	x14,x15,1002a4	 x14:0x00000009 x15:0x00000006
           9564	      4778	001002a4	03078393	addi	x7,x15,48	 x15:0x00000006  x7=0x00000036
           9566	      4779	001002a8	000205b7	lui	x11,0x20	 x11=0x00020000
           9570	      4781	001002ac	0075a023	sw	x7,0(x11)	 x11:0x00020000  x7:0x00000036 PA:0x00020000 store:0x00000036 load:0x00000000
           9572	      4782	001002b0	00f57513	andi	x10,x10,15	 x10:0x212dbe66 x10=0x00000006
           9574	      4783	001002b4	00900613	addi	x12,x0,9	  x0:0x00000000 x12=0x00000009
           9578	      4785	001002b8	f2a67ae3	bgeu	x12,x10,1001ec	 x12:0x00000009 x10:0x00000006
           9582	      4787	001001ec	03050893	addi	x17,x10,48	 x10:0x00000006 x17=0x00000036
           9584	      4788	001001f0	00020e37	lui	x28,0x20	 x28=0x00020000
           9588	      4790	001001f4	011e2023	sw	x17,0(x28)	 x28:0x00020000 x17:0x00000036 PA:0x00020000 store:0x00000036 load:0x00000000
           9598	      4795	001001f8	00008067	jalr	x0,0(x1)	  x1:0x00101278  x0=0x00000000
           9600	      4796	00101278	d089a087	flw	f1,-760(x19)	 f19:0x00102000  f1=0x00000000 PA:0x00101d08 store:0x4598f2e4
           9602	      4797	0010127c	d24ba107	flw	f2,-732(x23)	 f23:0x00102000  f2=0x00000000 PA:0x00101d24 store:0x42f67c6a
           9624	      4808	00101280	a10a8513	addi	x10,x21,-1520	 x21:0x00102000 x10=0x00101a10
           9626	      4809	00101284	1820f753	fdiv.s	f14,f1,f2	  f1:0x00101278  f2:0x00137fa0 f14=0x00000000
           9628	      4810	00101288	d0e9a427	fsw	f14,-760(x19)	 f19:0x00102000 f14:0x00000009 PA:0x00101d08 store:0x1db47333 load:0x42f67c6a
           9630	      4811	0010128c	d089a787	flw	f15,-760(x19)	 f19:0x00102000 f15=0x00000000 PA:0x00101d08 store:0x4598f2e4
           9632	      4812	00101290	e0078ed3	fmv.x.w	x29,f15	 f15:0x00000006 x29=0x1db47333
           9634	      4813	00101294	cfda2c23	sw	x29,-776(x20)	 x20:0x00102000 x29:0x1db47333 PA:0x00101cf8 store:0x1db47333 load:0x1db47333
           9636	      4814	00101298	e09fe0ef	jal	x1,1000a0	  x1=0x0010129c
           9640	      4816	001000a0	00054803	lbu	x16,0(x10)	 x10:0x00101a10 x16=0x0000000a PA:0x00101a10 store:0x00000000
           9642	      4817	001000a4	06080663	beq	x16,x0,100110	 x16:0x0000000a  x0:0x00000000
           9644	      4818	001000a8	000207b7	lui	x15,0x20	 x15=0x00020000
           9648	      4820	001000ac	0107a023	sw	x16,0(x15)	 x15:0x00020000 x16:0x0000000a PA:0x00020000 store:0x0000000a load:0x00000000
           9652	      4822	001000b0	00154703	lbu	x14,1(x10)	 x10:0x00101a10 x14=0x00000020 PA:0x00101a11 store:0x0010129c
           9654	      4823	001000b4	04070e63	beq	x14,x0,100110	 x14:0x00000020  x0:0x00000000
           9658	      4825	001000b8	00e7a023	sw	x14,0(x15)	 x15:0x00020000 x14:0x00000020 PA:0x00020000 store:0x00000020 load:0x00000000
           9662	      4827	001000bc	00254283	lbu	x5,2(x10)	 x10:0x00101a10  x5=0x00000069 PA:0x00101a12 store:0x00137fa0
           9664	      4828	001000c0	04028863	beq	x5,x0,100110	  x5:0x00000069  x0:0x00000000
           9668	      4830	001000c4	0057a023	sw	x5,0(x15)	 x15:0x00020000  x5:0x00000069 PA:0x00020000 store:0x00000069 load:0x00000000
           9672	      4832	001000c8	00354303	lbu	x6,3(x10)	 x10:0x00101a10  x6=0x0000003d PA:0x00101a13 store:0x00000000
           9674	      4833	001000cc	04030263	beq	x6,x0,100110	  x6:0x0000003d  x0:0x00000000
           9678	      4835	001000d0	0067a023	sw	x6,0(x15)	 x15:0x00020000  x6:0x0000003d PA:0x00020000 store:0x0000003d load:0x00000000
           9682	      4837	001000d4	00454383	lbu	x7,4(x10)	 x10:0x00101a10  x7=0x00000000 PA:0x00101a14 store:0x00000000
           9686	      4839	001000d8	02038c63	beq	x7,x0,100110	  x7:0x00000000  x0:0x00000000
           9690	      4841	00100110	00000513	addi	x10,x0,0	  x0:0x00000000 x10=0x00000000
           9694	      4843	00100114	00008067	jalr	x0,0(x1)	  x1:0x0010129c  x0=0x00000000
           9696	      4844	0010129c	000d8513	addi	x10,x27,0	 x27:0x0000000a x10=0x0000000a
           9700	      4846	001012a0	e81fe0ef	jal	x1,100120	  x1=0x001012a4
           9702	      4847	00100120	01c55793	srli	x15,x10,0x1c	 x10:0x0000000a x15=0x00000000
           9704	      4848	00100124	00900713	addi	x14,x0,9	  x0:0x00000000 x14=0x00000009
           9708	      4850	00100128	0cf77a63	bgeu	x14,x15,1001fc	 x14:0x00000009 x15:0x00000000
           9712	      4852	001001fc	03078393	addi	x7,x15,48	 x15:0x00000000  x7=0x00000030
           9714	      4853	00100200	000205b7	lui	x11,0x20	 x11=0x00020000
           9716	      4854	00100204	00451613	slli	x12,x10,0x4	 x10:0x0000000a x12=0x000000a0
           9720	      4856	00100208	0075a023	sw	x7,0(x11)	 x11:0x00020000  x7:0x00000030 PA:0x00020000 store:0x00000030 load:0x00000000
           9722	      4857	0010020c	01c65693	srli	x13,x12,0x1c	 x12:0x000000a0 x13=0x00000000
           9724	      4858	00100210	00900813	addi	x16,x0,9	  x0:0x00000000 x16=0x00000009
           9726	      4859	00100214	f2d86ae3	bltu	x16,x13,100148	 x16:0x00000009 x13:0x00000000
           9728	      4860	00100218	03068e93	addi	x29,x13,48	 x13:0x00000000 x29=0x00000030
           9730	      4861	0010021c	00020f37	lui	x30,0x20	 x30=0x00020000
           9732	      4862	00100220	00851f93	slli	x31,x10,0x8	 x10:0x0000000a x31=0x00000a00
           9736	      4864	00100224	01df2023	sw	x29,0(x30)	 x30:0x00020000 x29:0x00000030 PA:0x00020000 store:0x00000030 load:0x00000000
           9738	      4865	00100228	01cfd793	srli	x15,x31,0x1c	 x31:0x00000a00 x15=0x00000000
           9740	      4866	0010022c	00900713	addi	x14,x0,9	  x0:0x00000000 x14=0x00000009
           9742	      4867	00100230	f2f76ae3	bltu	x14,x15,100164	 x14:0x00000009 x15:0x00000000
           9744	      4868	00100234	03078393	addi	x7,x15,48	 x15:0x00000000  x7=0x00000030
           9746	      4869	00100238	000205b7	lui	x11,0x20	 x11=0x00020000
           9748	      4870	0010023c	00c51613	slli	x12,x10,0xc	 x10:0x0000000a x12=0x0000a000
           9752	      4872	00100240	0075a023	sw	x7,0(x11)	 x11:0x00020000  x7:0x00000030 PA:0x00020000 store:0x00000030 load:0x00000000
           9754	      4873	00100244	01c65693	srli	x13,x12,0x1c	 x12:0x0000a000 x13=0x00000000
           9756	      4874	00100248	00900813	addi	x16,x0,9	  x0:0x00000000 x16=0x00000009
           9758	      4875	0010024c	f2d86ae3	bltu	x16,x13,100180	 x16:0x00000009 x13:0x00000000
           9760	      4876	00100250	03068e93	addi	x29,x13,48	 x13:0x00000000 x29=0x00000030
           9762	      4877	00100254	00020f37	lui	x30,0x20	 x30=0x00020000
           9764	      4878	00100258	01051f93	slli	x31,x10,0x10	 x10:0x0000000a x31=0x000a0000
           9768	      4880	0010025c	01df2023	sw	x29,0(x30)	 x30:0x00020000 x29:0x00000030 PA:0x00020000 store:0x00000030 load:0x00000000
           9770	      4881	00100260	01cfd793	srli	x15,x31,0x1c	 x31:0x000a0000 x15=0x00000000
           9772	      4882	00100264	00900713	addi	x14,x0,9	  x0:0x00000000 x14=0x00000009
           9774	      4883	00100268	f2f76ae3	bltu	x14,x15,10019c	 x14:0x00000009 x15:0x00000000
           9776	      4884	0010026c	03078393	addi	x7,x15,48	 x15:0x00000000  x7=0x00000030
           9778	      4885	00100270	000205b7	lui	x11,0x20	 x11=0x00020000
           9780	      4886	00100274	01451613	slli	x12,x10,0x14	 x10:0x0000000a x12=0x00a00000
           9784	      4888	00100278	0075a023	sw	x7,0(x11)	 x11:0x00020000  x7:0x00000030 PA:0x00020000 store:0x00000030 load:0x00000000
           9786	      4889	0010027c	01c65693	srli	x13,x12,0x1c	 x12:0x00a00000 x13=0x00000000
           9788	      4890	00100280	00900813	addi	x16,x0,9	  x0:0x00000000 x16=0x00000009
           9790	      4891	00100284	f2d86ae3	bltu	x16,x13,1001b8	 x16:0x00000009 x13:0x00000000
           9792	      4892	00100288	03068e93	addi	x29,x13,48	 x13:0x00000000 x29=0x00000030
           9794	      4893	0010028c	00020f37	lui	x30,0x20	 x30=0x00020000
           9796	      4894	00100290	01851f93	slli	x31,x10,0x18	 x10:0x0000000a x31=0x0a000000
           9800	      4896	00100294	01df2023	sw	x29,0(x30)	 x30:0x00020000 x29:0x00000030 PA:0x00020000 store:0x00000030 load:0x00000000
           9802	      4897	00100298	01cfd793	srli	x15,x31,0x1c	 x31:0x0a000000 x15=0x00000000
           9804	      4898	0010029c	00900713	addi	x14,x0,9	  x0:0x00000000 x14=0x00000009
           9806	      4899	001002a0	f2f76ae3	bltu	x14,x15,1001d4	 x14:0x00000009 x15:0x00000000
           9808	      4900	001002a4	03078393	addi	x7,x15,48	 x15:0x00000000  x7=0x00000030
           9810	      4901	001002a8	000205b7	lui	x11,0x20	 x11=0x00020000
           9814	      4903	001002ac	0075a023	sw	x7,0(x11)	 x11:0x00020000  x7:0x00000030 PA:0x00020000 store:0x00000030 load:0x00000000
           9816	      4904	001002b0	00f57513	andi	x10,x10,15	 x10:0x0000000a x10=0x0000000a
           9818	      4905	001002b4	00900613	addi	x12,x0,9	  x0:0x00000000 x12=0x00000009
           9820	      4906	001002b8	f2a67ae3	bgeu	x12,x10,1001ec	 x12:0x00000009 x10:0x0000000a
           9822	      4907	001002bc	03750693	addi	x13,x10,55	 x10:0x0000000a x13=0x00000041
           9824	      4908	001002c0	00020837	lui	x16,0x20	 x16=0x00020000
           9828	      4910	001002c4	00d82023	sw	x13,0(x16)	 x16:0x00020000 x13:0x00000041 PA:0x00020000 store:0x00000041 load:0x00000000
           9832	      4912	001002c8	00008067	jalr	x0,0(x1)	  x1:0x001012a4  x0=0x00000000
           9834	      4913	001012a4	a18b0513	addi	x10,x22,-1512	 x22:0x00102000 x10=0x00101a18
           9838	      4915	001012a8	df9fe0ef	jal	x1,1000a0	  x1=0x001012ac
           9842	      4917	001000a0	00054803	lbu	x16,0(x10)	 x10:0x00101a18 x16=0x00000020 PA:0x00101a18 store:0x00000000
           9844	      4918	001000a4	06080663	beq	x16,x0,100110	 x16:0x00000020  x0:0x00000000
           9846	      4919	001000a8	000207b7	lui	x15,0x20	 x15=0x00020000
           9850	      4921	001000ac	0107a023	sw	x16,0(x15)	 x15:0x00020000 x16:0x00000020 PA:0x00020000 store:0x00000020 load:0x00000000
           9854	      4923	001000b0	00154703	lbu	x14,1(x10)	 x10:0x00101a18 x14=0x00000072 PA:0x00101a19 store:0x001012ac
           9856	      4924	001000b4	04070e63	beq	x14,x0,100110	 x14:0x00000072  x0:0x00000000
           9860	      4926	001000b8	00e7a023	sw	x14,0(x15)	 x15:0x00020000 x14:0x00000072 PA:0x00020000 store:0x00000072 load:0x00000000
           9864	      4928	001000bc	00254283	lbu	x5,2(x10)	 x10:0x00101a18  x5=0x00000065 PA:0x00101a1a store:0x00137fa0
           9866	      4929	001000c0	04028863	beq	x5,x0,100110	  x5:0x00000065  x0:0x00000000
           9870	      4931	001000c4	0057a023	sw	x5,0(x15)	 x15:0x00020000  x5:0x00000065 PA:0x00020000 store:0x00000065 load:0x00000000
           9874	      4933	001000c8	00354303	lbu	x6,3(x10)	 x10:0x00101a18  x6=0x00000073 PA:0x00101a1b store:0x00000000
           9876	      4934	001000cc	04030263	beq	x6,x0,100110	  x6:0x00000073  x0:0x00000000
           9880	      4936	001000d0	0067a023	sw	x6,0(x15)	 x15:0x00020000  x6:0x00000073 PA:0x00020000 store:0x00000073 load:0x00000000
           9884	      4938	001000d4	00454383	lbu	x7,4(x10)	 x10:0x00101a18  x7=0x00000075 PA:0x00101a1c store:0x00000000
           9886	      4939	001000d8	02038c63	beq	x7,x0,100110	  x7:0x00000075  x0:0x00000000
           9890	      4941	001000dc	0077a023	sw	x7,0(x15)	 x15:0x00020000  x7:0x00000075 PA:0x00020000 store:0x00000075 load:0x00000000
           9894	      4943	001000e0	00554583	lbu	x11,5(x10)	 x10:0x00101a18 x11=0x0000006c PA:0x00101a1d store:0x00000065
           9896	      4944	001000e4	02058663	beq	x11,x0,100110	 x11:0x0000006c  x0:0x00000000
           9900	      4946	001000e8	00b7a023	sw	x11,0(x15)	 x15:0x00020000 x11:0x0000006c PA:0x00020000 store:0x0000006c load:0x00000000
           9904	      4948	001000ec	00654603	lbu	x12,6(x10)	 x10:0x00101a18 x12=0x00000074 PA:0x00101a1e store:0x00000073
           9906	      4949	001000f0	02060063	beq	x12,x0,100110	 x12:0x00000074  x0:0x00000000
           9910	      4951	001000f4	00c7a023	sw	x12,0(x15)	 x15:0x00020000 x12:0x00000074 PA:0x00020000 store:0x00000074 load:0x00000000
           9914	      4953	001000f8	00754683	lbu	x13,7(x10)	 x10:0x00101a18 x13=0x0000003a PA:0x00101a1f store:0x00000075
           9916	      4954	001000fc	00850513	addi	x10,x10,8	 x10:0x00101a18 x10=0x00101a20
           9918	      4955	00100100	00068863	beq	x13,x0,100110	 x13:0x0000003a  x0:0x00000000
           9922	      4957	00100104	00d7a023	sw	x13,0(x15)	 x15:0x00020000 x13:0x0000003a PA:0x00020000 store:0x0000003a load:0x00000000
           9926	      4959	00100108	00054803	lbu	x16,0(x10)	 x10:0x00101a20 x16=0x00000020 PA:0x00101a20 store:0x00000000
           9930	      4961	0010010c	fa0810e3	bne	x16,x0,1000ac	 x16:0x00000020  x0:0x00000000
           9936	      4964	001000ac	0107a023	sw	x16,0(x15)	 x15:0x00020000 x16:0x00000020 PA:0x00020000 store:0x00000020 load:0x00000000
           9940	      4966	001000b0	00154703	lbu	x14,1(x10)	 x10:0x00101a20 x14=0x00000000 PA:0x00101a21 store:0x001012ac
           9944	      4968	001000b4	04070e63	beq	x14,x0,100110	 x14:0x00000000  x0:0x00000000
           9948	      4970	00100110	00000513	addi	x10,x0,0	  x0:0x00000000 x10=0x00000000
           9952	      4972	00100114	00008067	jalr	x0,0(x1)	  x1:0x001012ac  x0=0x00000000
           9956	      4974	001012ac	cf8a2503	lw	x10,-776(x20)	 x20:0x00102000 x10=0x1db47333 PA:0x00101cf8 store:0x00000008
           9958	      4975	001012b0	003c0d93	addi	x27,x24,3	 x24:0x00000008 x27=0x0000000b
           9960	      4976	001012b4	004c0c13	addi	x24,x24,4	 x24:0x00000008 x24=0x0000000c
           9964	      4978	001012b8	e69fe0ef	jal	x1,100120	  x1=0x001012bc
           9966	      4979	00100120	01c55793	srli	x15,x10,0x1c	 x10:0x1db47333 x15=0x00000001
           9968	      4980	00100124	00900713	addi	x14,x0,9	  x0:0x00000000 x14=0x00000009
           9972	      4982	00100128	0cf77a63	bgeu	x14,x15,1001fc	 x14:0x00000009 x15:0x00000001
           9976	      4984	001001fc	03078393	addi	x7,x15,48	 x15:0x00000001  x7=0x00000031
           9978	      4985	00100200	000205b7	lui	x11,0x20	 x11=0x00020000
           9980	      4986	00100204	00451613	slli	x12,x10,0x4	 x10:0x1db47333 x12=0xdb473330
           9984	      4988	00100208	0075a023	sw	x7,0(x11)	 x11:0x00020000  x7:0x00000031 PA:0x00020000 store:0x00000031 load:0x00000000
           9986	      4989	0010020c	01c65693	srli	x13,x12,0x1c	 x12:0xdb473330 x13=0x0000000d
           9988	      4990	00100210	00900813	addi	x16,x0,9	  x0:0x00000000 x16=0x00000009
           9992	      4992	00100214	f2d86ae3	bltu	x16,x13,100148	 x16:0x00000009 x13:0x0000000d
           9996	      4994	00100148	03768893	addi	x17,x13,55	 x13:0x0000000d x17=0x00000044
           9998	      4995	0010014c	00020e37	lui	x28,0x20	 x28=0x00020000
          10000	      4996	00100150	00851f93	slli	x31,x10,0x8	 x10:0x1db47333 x31=0xb4733300
          10004	      4998	00100154	011e2023	sw	x17,0(x28)	 x28:0x00020000 x17:0x00000044 PA:0x00020000 store:0x00000044 load:0x00000000
          10006	      4999	00100158	01cfd793	srli	x15,x31,0x1c	 x31:0xb4733300 x15=0x0000000b
          10008	      5000	0010015c	00900713	addi	x14,x0,9	  x0:0x00000000 x14=0x00000009
          10010	      5001	00100160	0cf77a63	bgeu	x14,x15,100234	 x14:0x00000009 x15:0x0000000b
          10012	      5002	00100164	03778293	addi	x5,x15,55	 x15:0x0000000b  x5=0x00000042
          10014	      5003	00100168	00020337	lui	x6,0x20	  x6=0x00020000
          10016	      5004	0010016c	00c51613	slli	x12,x10,0xc	 x10:0x1db47333 x12=0x47333000
          10020	      5006	00100170	00532023	sw	x5,0(x6)	  x6:0x00020000  x5:0x00000042 PA:0x00020000 store:0x00000042 load:0x00000000
          10022	      5007	00100174	01c65693	srli	x13,x12,0x1c	 x12:0x47333000 x13=0x00000004
          10024	      5008	00100178	00900813	addi	x16,x0,9	  x0:0x00000000 x16=0x00000009
          10028	      5010	0010017c	0cd87a63	bgeu	x16,x13,100250	 x16:0x00000009 x13:0x00000004
          10032	      5012	00100250	03068e93	addi	x29,x13,48	 x13:0x00000004 x29=0x00000034
          10034	      5013	00100254	00020f37	lui	x30,0x20	 x30=0x00020000
          10036	      5014	00100258	01051f93	slli	x31,x10,0x10	 x10:0x1db47333 x31=0x73330000
          10040	      5016	0010025c	01df2023	sw	x29,0(x30)	 x30:0x00020000 x29:0x00000034 PA:0x00020000 store:0x00000034 load:0x00000000
          10042	      5017	00100260	01cfd793	srli	x15,x31,0x1c	 x31:0x73330000 x15=0x00000007
          10044	      5018	00100264	00900713	addi	x14,x0,9	  x0:0x00000000 x14=0x00000009
          10046	      5019	00100268	f2f76ae3	bltu	x14,x15,10019c	 x14:0x00000009 x15:0x00000007
          10048	      5020	0010026c	03078393	addi	x7,x15,48	 x15:0x00000007  x7=0x00000037
          10050	      5021	00100270	000205b7	lui	x11,0x20	 x11=0x00020000
          10052	      5022	00100274	01451613	slli	x12,x10,0x14	 x10:0x1db47333 x12=0x33300000
          10056	      5024	00100278	0075a023	sw	x7,0(x11)	 x11:0x00020000  x7:0x00000037 PA:0x00020000 store:0x00000037 load:0x00000000
          10058	      5025	0010027c	01c65693	srli	x13,x12,0x1c	 x12:0x33300000 x13=0x00000003
          10060	      5026	00100280	00900813	addi	x16,x0,9	  x0:0x00000000 x16=0x00000009
          10062	      5027	00100284	f2d86ae3	bltu	x16,x13,1001b8	 x16:0x00000009 x13:0x00000003
          10064	      5028	00100288	03068e93	addi	x29,x13,48	 x13:0x00000003 x29=0x00000033
          10066	      5029	0010028c	00020f37	lui	x30,0x20	 x30=0x00020000
          10068	      5030	00100290	01851f93	slli	x31,x10,0x18	 x10:0x1db47333 x31=0x33000000
          10072	      5032	00100294	01df2023	sw	x29,0(x30)	 x30:0x00020000 x29:0x00000033 PA:0x00020000 store:0x00000033 load:0x00000000
          10074	      5033	00100298	01cfd793	srli	x15,x31,0x1c	 x31:0x33000000 x15=0x00000003
          10076	      5034	0010029c	00900713	addi	x14,x0,9	  x0:0x00000000 x14=0x00000009
          10078	      5035	001002a0	f2f76ae3	bltu	x14,x15,1001d4	 x14:0x00000009 x15:0x00000003
          10080	      5036	001002a4	03078393	addi	x7,x15,48	 x15:0x00000003  x7=0x00000033
          10082	      5037	001002a8	000205b7	lui	x11,0x20	 x11=0x00020000
          10086	      5039	001002ac	0075a023	sw	x7,0(x11)	 x11:0x00020000  x7:0x00000033 PA:0x00020000 store:0x00000033 load:0x00000000
          10088	      5040	001002b0	00f57513	andi	x10,x10,15	 x10:0x1db47333 x10=0x00000003
          10090	      5041	001002b4	00900613	addi	x12,x0,9	  x0:0x00000000 x12=0x00000009
          10094	      5043	001002b8	f2a67ae3	bgeu	x12,x10,1001ec	 x12:0x00000009 x10:0x00000003
          10098	      5045	001001ec	03050893	addi	x17,x10,48	 x10:0x00000003 x17=0x00000033
          10100	      5046	001001f0	00020e37	lui	x28,0x20	 x28=0x00020000
          10104	      5048	001001f4	011e2023	sw	x17,0(x28)	 x28:0x00020000 x17:0x00000033 PA:0x00020000 store:0x00000033 load:0x00000000
          10114	      5053	001001f8	00008067	jalr	x0,0(x1)	  x1:0x001012bc  x0=0x00000000
          10116	      5054	001012bc	d089a187	flw	f3,-760(x19)	 f19:0x00102000  f3=0x00000000 PA:0x00101d08 store:0x4598f2e4
          10118	      5055	001012c0	d24ba207	flw	f4,-732(x23)	 f23:0x00102000  f4=0x00000000 PA:0x00101d24 store:0x42f67c6a
          10140	      5066	001012c4	a10a8513	addi	x10,x21,-1520	 x21:0x00102000 x10=0x00101a10
          10142	      5067	001012c8	1841f5d3	fdiv.s	f11,f3,f4	  f3:0x00000000  f4:0x00000000 f11=0x00000000
          10144	      5068	001012cc	d0b9a427	fsw	f11,-760(x19)	 f19:0x00102000 f11:0x00020000 PA:0x00101d08 store:0x1a3b6a45 load:0x42f67c6a
          10146	      5069	001012d0	d089a287	flw	f5,-760(x19)	 f19:0x00102000  f5=0x00000000 PA:0x00101d08 store:0x4598f2e4
          10148	      5070	001012d4	e0028f53	fmv.x.w	x30,f5	  f5:0x00000042 x30=0x1a3b6a45
          10150	      5071	001012d8	cfea2c23	sw	x30,-776(x20)	 x20:0x00102000 x30:0x1a3b6a45 PA:0x00101cf8 store:0x1a3b6a45 load:0x1a3b6a45
          10152	      5072	001012dc	dc5fe0ef	jal	x1,1000a0	  x1=0x001012e0
          10156	      5074	001000a0	00054803	lbu	x16,0(x10)	 x10:0x00101a10 x16=0x0000000a PA:0x00101a10 store:0x00000000
          10158	      5075	001000a4	06080663	beq	x16,x0,100110	 x16:0x0000000a  x0:0x00000000
          10160	      5076	001000a8	000207b7	lui	x15,0x20	 x15=0x00020000
          10164	      5078	001000ac	0107a023	sw	x16,0(x15)	 x15:0x00020000 x16:0x0000000a PA:0x00020000 store:0x0000000a load:0x00000000
          10168	      5080	001000b0	00154703	lbu	x14,1(x10)	 x10:0x00101a10 x14=0x00000020 PA:0x00101a11 store:0x001012e0
          10170	      5081	001000b4	04070e63	beq	x14,x0,100110	 x14:0x00000020  x0:0x00000000
          10174	      5083	001000b8	00e7a023	sw	x14,0(x15)	 x15:0x00020000 x14:0x00000020 PA:0x00020000 store:0x00000020 load:0x00000000
          10178	      5085	001000bc	00254283	lbu	x5,2(x10)	 x10:0x00101a10  x5=0x00000069 PA:0x00101a12 store:0x00137fa0
          10180	      5086	001000c0	04028863	beq	x5,x0,100110	  x5:0x00000069  x0:0x00000000
          10184	      5088	001000c4	0057a023	sw	x5,0(x15)	 x15:0x00020000  x5:0x00000069 PA:0x00020000 store:0x00000069 load:0x00000000
          10188	      5090	001000c8	00354303	lbu	x6,3(x10)	 x10:0x00101a10  x6=0x0000003d PA:0x00101a13 store:0x00000000
          10190	      5091	001000cc	04030263	beq	x6,x0,100110	  x6:0x0000003d  x0:0x00000000
          10194	      5093	001000d0	0067a023	sw	x6,0(x15)	 x15:0x00020000  x6:0x0000003d PA:0x00020000 store:0x0000003d load:0x00000000
          10198	      5095	001000d4	00454383	lbu	x7,4(x10)	 x10:0x00101a10  x7=0x00000000 PA:0x00101a14 store:0x00000000
          10202	      5097	001000d8	02038c63	beq	x7,x0,100110	  x7:0x00000000  x0:0x00000000
          10206	      5099	00100110	00000513	addi	x10,x0,0	  x0:0x00000000 x10=0x00000000
          10210	      5101	00100114	00008067	jalr	x0,0(x1)	  x1:0x001012e0  x0=0x00000000
          10212	      5102	001012e0	000d8513	addi	x10,x27,0	 x27:0x0000000b x10=0x0000000b
          10216	      5104	001012e4	e3dfe0ef	jal	x1,100120	  x1=0x001012e8
          10218	      5105	00100120	01c55793	srli	x15,x10,0x1c	 x10:0x0000000b x15=0x00000000
          10220	      5106	00100124	00900713	addi	x14,x0,9	  x0:0x00000000 x14=0x00000009
          10224	      5108	00100128	0cf77a63	bgeu	x14,x15,1001fc	 x14:0x00000009 x15:0x00000000
          10228	      5110	001001fc	03078393	addi	x7,x15,48	 x15:0x00000000  x7=0x00000030
          10230	      5111	00100200	000205b7	lui	x11,0x20	 x11=0x00020000
          10232	      5112	00100204	00451613	slli	x12,x10,0x4	 x10:0x0000000b x12=0x000000b0
          10236	      5114	00100208	0075a023	sw	x7,0(x11)	 x11:0x00020000  x7:0x00000030 PA:0x00020000 store:0x00000030 load:0x00000000
          10238	      5115	0010020c	01c65693	srli	x13,x12,0x1c	 x12:0x000000b0 x13=0x00000000
          10240	      5116	00100210	00900813	addi	x16,x0,9	  x0:0x00000000 x16=0x00000009
          10242	      5117	00100214	f2d86ae3	bltu	x16,x13,100148	 x16:0x00000009 x13:0x00000000
          10244	      5118	00100218	03068e93	addi	x29,x13,48	 x13:0x00000000 x29=0x00000030
          10246	      5119	0010021c	00020f37	lui	x30,0x20	 x30=0x00020000
          10248	      5120	00100220	00851f93	slli	x31,x10,0x8	 x10:0x0000000b x31=0x00000b00
          10252	      5122	00100224	01df2023	sw	x29,0(x30)	 x30:0x00020000 x29:0x00000030 PA:0x00020000 store:0x00000030 load:0x00000000
          10254	      5123	00100228	01cfd793	srli	x15,x31,0x1c	 x31:0x00000b00 x15=0x00000000
          10256	      5124	0010022c	00900713	addi	x14,x0,9	  x0:0x00000000 x14=0x00000009
          10258	      5125	00100230	f2f76ae3	bltu	x14,x15,100164	 x14:0x00000009 x15:0x00000000
          10260	      5126	00100234	03078393	addi	x7,x15,48	 x15:0x00000000  x7=0x00000030
          10262	      5127	00100238	000205b7	lui	x11,0x20	 x11=0x00020000
          10264	      5128	0010023c	00c51613	slli	x12,x10,0xc	 x10:0x0000000b x12=0x0000b000
          10268	      5130	00100240	0075a023	sw	x7,0(x11)	 x11:0x00020000  x7:0x00000030 PA:0x00020000 store:0x00000030 load:0x00000000
          10270	      5131	00100244	01c65693	srli	x13,x12,0x1c	 x12:0x0000b000 x13=0x00000000
          10272	      5132	00100248	00900813	addi	x16,x0,9	  x0:0x00000000 x16=0x00000009
          10274	      5133	0010024c	f2d86ae3	bltu	x16,x13,100180	 x16:0x00000009 x13:0x00000000
          10276	      5134	00100250	03068e93	addi	x29,x13,48	 x13:0x00000000 x29=0x00000030
          10278	      5135	00100254	00020f37	lui	x30,0x20	 x30=0x00020000
          10280	      5136	00100258	01051f93	slli	x31,x10,0x10	 x10:0x0000000b x31=0x000b0000
          10284	      5138	0010025c	01df2023	sw	x29,0(x30)	 x30:0x00020000 x29:0x00000030 PA:0x00020000 store:0x00000030 load:0x00000000
          10286	      5139	00100260	01cfd793	srli	x15,x31,0x1c	 x31:0x000b0000 x15=0x00000000
          10288	      5140	00100264	00900713	addi	x14,x0,9	  x0:0x00000000 x14=0x00000009
          10290	      5141	00100268	f2f76ae3	bltu	x14,x15,10019c	 x14:0x00000009 x15:0x00000000
          10292	      5142	0010026c	03078393	addi	x7,x15,48	 x15:0x00000000  x7=0x00000030
          10294	      5143	00100270	000205b7	lui	x11,0x20	 x11=0x00020000
          10296	      5144	00100274	01451613	slli	x12,x10,0x14	 x10:0x0000000b x12=0x00b00000
          10300	      5146	00100278	0075a023	sw	x7,0(x11)	 x11:0x00020000  x7:0x00000030 PA:0x00020000 store:0x00000030 load:0x00000000
          10302	      5147	0010027c	01c65693	srli	x13,x12,0x1c	 x12:0x00b00000 x13=0x00000000
          10304	      5148	00100280	00900813	addi	x16,x0,9	  x0:0x00000000 x16=0x00000009
          10306	      5149	00100284	f2d86ae3	bltu	x16,x13,1001b8	 x16:0x00000009 x13:0x00000000
          10308	      5150	00100288	03068e93	addi	x29,x13,48	 x13:0x00000000 x29=0x00000030
          10310	      5151	0010028c	00020f37	lui	x30,0x20	 x30=0x00020000
          10312	      5152	00100290	01851f93	slli	x31,x10,0x18	 x10:0x0000000b x31=0x0b000000
          10316	      5154	00100294	01df2023	sw	x29,0(x30)	 x30:0x00020000 x29:0x00000030 PA:0x00020000 store:0x00000030 load:0x00000000
          10318	      5155	00100298	01cfd793	srli	x15,x31,0x1c	 x31:0x0b000000 x15=0x00000000
          10320	      5156	0010029c	00900713	addi	x14,x0,9	  x0:0x00000000 x14=0x00000009
          10322	      5157	001002a0	f2f76ae3	bltu	x14,x15,1001d4	 x14:0x00000009 x15:0x00000000
          10324	      5158	001002a4	03078393	addi	x7,x15,48	 x15:0x00000000  x7=0x00000030
          10326	      5159	001002a8	000205b7	lui	x11,0x20	 x11=0x00020000
          10330	      5161	001002ac	0075a023	sw	x7,0(x11)	 x11:0x00020000  x7:0x00000030 PA:0x00020000 store:0x00000030 load:0x00000000
          10332	      5162	001002b0	00f57513	andi	x10,x10,15	 x10:0x0000000b x10=0x0000000b
          10334	      5163	001002b4	00900613	addi	x12,x0,9	  x0:0x00000000 x12=0x00000009
          10336	      5164	001002b8	f2a67ae3	bgeu	x12,x10,1001ec	 x12:0x00000009 x10:0x0000000b
          10338	      5165	001002bc	03750693	addi	x13,x10,55	 x10:0x0000000b x13=0x00000042
          10340	      5166	001002c0	00020837	lui	x16,0x20	 x16=0x00020000
          10344	      5168	001002c4	00d82023	sw	x13,0(x16)	 x16:0x00020000 x13:0x00000042 PA:0x00020000 store:0x00000042 load:0x00000000
          10348	      5170	001002c8	00008067	jalr	x0,0(x1)	  x1:0x001012e8  x0=0x00000000
          10350	      5171	001012e8	a18b0513	addi	x10,x22,-1512	 x22:0x00102000 x10=0x00101a18
          10354	      5173	001012ec	db5fe0ef	jal	x1,1000a0	  x1=0x001012f0
          10358	      5175	001000a0	00054803	lbu	x16,0(x10)	 x10:0x00101a18 x16=0x00000020 PA:0x00101a18 store:0x00000000
          10360	      5176	001000a4	06080663	beq	x16,x0,100110	 x16:0x00000020  x0:0x00000000
          10362	      5177	001000a8	000207b7	lui	x15,0x20	 x15=0x00020000
          10366	      5179	001000ac	0107a023	sw	x16,0(x15)	 x15:0x00020000 x16:0x00000020 PA:0x00020000 store:0x00000020 load:0x00000000
          10370	      5181	001000b0	00154703	lbu	x14,1(x10)	 x10:0x00101a18 x14=0x00000072 PA:0x00101a19 store:0x001012f0
          10372	      5182	001000b4	04070e63	beq	x14,x0,100110	 x14:0x00000072  x0:0x00000000
          10376	      5184	001000b8	00e7a023	sw	x14,0(x15)	 x15:0x00020000 x14:0x00000072 PA:0x00020000 store:0x00000072 load:0x00000000
          10380	      5186	001000bc	00254283	lbu	x5,2(x10)	 x10:0x00101a18  x5=0x00000065 PA:0x00101a1a store:0x00137fa0
          10382	      5187	001000c0	04028863	beq	x5,x0,100110	  x5:0x00000065  x0:0x00000000
          10386	      5189	001000c4	0057a023	sw	x5,0(x15)	 x15:0x00020000  x5:0x00000065 PA:0x00020000 store:0x00000065 load:0x00000000
          10390	      5191	001000c8	00354303	lbu	x6,3(x10)	 x10:0x00101a18  x6=0x00000073 PA:0x00101a1b store:0x00000000
          10392	      5192	001000cc	04030263	beq	x6,x0,100110	  x6:0x00000073  x0:0x00000000
          10396	      5194	001000d0	0067a023	sw	x6,0(x15)	 x15:0x00020000  x6:0x00000073 PA:0x00020000 store:0x00000073 load:0x00000000
          10400	      5196	001000d4	00454383	lbu	x7,4(x10)	 x10:0x00101a18  x7=0x00000075 PA:0x00101a1c store:0x00000000
          10402	      5197	001000d8	02038c63	beq	x7,x0,100110	  x7:0x00000075  x0:0x00000000
          10406	      5199	001000dc	0077a023	sw	x7,0(x15)	 x15:0x00020000  x7:0x00000075 PA:0x00020000 store:0x00000075 load:0x00000000
          10410	      5201	001000e0	00554583	lbu	x11,5(x10)	 x10:0x00101a18 x11=0x0000006c PA:0x00101a1d store:0x00000065
          10412	      5202	001000e4	02058663	beq	x11,x0,100110	 x11:0x0000006c  x0:0x00000000
          10416	      5204	001000e8	00b7a023	sw	x11,0(x15)	 x15:0x00020000 x11:0x0000006c PA:0x00020000 store:0x0000006c load:0x00000000
          10420	      5206	001000ec	00654603	lbu	x12,6(x10)	 x10:0x00101a18 x12=0x00000074 PA:0x00101a1e store:0x00000073
          10422	      5207	001000f0	02060063	beq	x12,x0,100110	 x12:0x00000074  x0:0x00000000
          10426	      5209	001000f4	00c7a023	sw	x12,0(x15)	 x15:0x00020000 x12:0x00000074 PA:0x00020000 store:0x00000074 load:0x00000000
          10430	      5211	001000f8	00754683	lbu	x13,7(x10)	 x10:0x00101a18 x13=0x0000003a PA:0x00101a1f store:0x00000075
          10432	      5212	001000fc	00850513	addi	x10,x10,8	 x10:0x00101a18 x10=0x00101a20
          10434	      5213	00100100	00068863	beq	x13,x0,100110	 x13:0x0000003a  x0:0x00000000
          10438	      5215	00100104	00d7a023	sw	x13,0(x15)	 x15:0x00020000 x13:0x0000003a PA:0x00020000 store:0x0000003a load:0x00000000
          10442	      5217	00100108	00054803	lbu	x16,0(x10)	 x10:0x00101a20 x16=0x00000020 PA:0x00101a20 store:0x00000000
          10446	      5219	0010010c	fa0810e3	bne	x16,x0,1000ac	 x16:0x00000020  x0:0x00000000
          10452	      5222	001000ac	0107a023	sw	x16,0(x15)	 x15:0x00020000 x16:0x00000020 PA:0x00020000 store:0x00000020 load:0x00000000
          10456	      5224	001000b0	00154703	lbu	x14,1(x10)	 x10:0x00101a20 x14=0x00000000 PA:0x00101a21 store:0x001012f0
          10460	      5226	001000b4	04070e63	beq	x14,x0,100110	 x14:0x00000000  x0:0x00000000
          10464	      5228	00100110	00000513	addi	x10,x0,0	  x0:0x00000000 x10=0x00000000
          10468	      5230	00100114	00008067	jalr	x0,0(x1)	  x1:0x001012f0  x0=0x00000000
          10472	      5232	001012f0	cf8a2503	lw	x10,-776(x20)	 x20:0x00102000 x10=0x1a3b6a45 PA:0x00101cf8 store:0x0000000c
          10476	      5234	001012f4	e2dfe0ef	jal	x1,100120	  x1=0x001012f8
          10478	      5235	00100120	01c55793	srli	x15,x10,0x1c	 x10:0x1a3b6a45 x15=0x00000001
          10480	      5236	00100124	00900713	addi	x14,x0,9	  x0:0x00000000 x14=0x00000009
          10484	      5238	00100128	0cf77a63	bgeu	x14,x15,1001fc	 x14:0x00000009 x15:0x00000001
          10488	      5240	001001fc	03078393	addi	x7,x15,48	 x15:0x00000001  x7=0x00000031
          10490	      5241	00100200	000205b7	lui	x11,0x20	 x11=0x00020000
          10492	      5242	00100204	00451613	slli	x12,x10,0x4	 x10:0x1a3b6a45 x12=0xa3b6a450
          10496	      5244	00100208	0075a023	sw	x7,0(x11)	 x11:0x00020000  x7:0x00000031 PA:0x00020000 store:0x00000031 load:0x00000000
          10498	      5245	0010020c	01c65693	srli	x13,x12,0x1c	 x12:0xa3b6a450 x13=0x0000000a
          10500	      5246	00100210	00900813	addi	x16,x0,9	  x0:0x00000000 x16=0x00000009
          10504	      5248	00100214	f2d86ae3	bltu	x16,x13,100148	 x16:0x00000009 x13:0x0000000a
          10508	      5250	00100148	03768893	addi	x17,x13,55	 x13:0x0000000a x17=0x00000041
          10510	      5251	0010014c	00020e37	lui	x28,0x20	 x28=0x00020000
          10512	      5252	00100150	00851f93	slli	x31,x10,0x8	 x10:0x1a3b6a45 x31=0x3b6a4500
          10516	      5254	00100154	011e2023	sw	x17,0(x28)	 x28:0x00020000 x17:0x00000041 PA:0x00020000 store:0x00000041 load:0x00000000
          10518	      5255	00100158	01cfd793	srli	x15,x31,0x1c	 x31:0x3b6a4500 x15=0x00000003
          10520	      5256	0010015c	00900713	addi	x14,x0,9	  x0:0x00000000 x14=0x00000009
          10524	      5258	00100160	0cf77a63	bgeu	x14,x15,100234	 x14:0x00000009 x15:0x00000003
          10528	      5260	00100234	03078393	addi	x7,x15,48	 x15:0x00000003  x7=0x00000033
          10530	      5261	00100238	000205b7	lui	x11,0x20	 x11=0x00020000
          10532	      5262	0010023c	00c51613	slli	x12,x10,0xc	 x10:0x1a3b6a45 x12=0xb6a45000
          10536	      5264	00100240	0075a023	sw	x7,0(x11)	 x11:0x00020000  x7:0x00000033 PA:0x00020000 store:0x00000033 load:0x00000000
          10538	      5265	00100244	01c65693	srli	x13,x12,0x1c	 x12:0xb6a45000 x13=0x0000000b
          10540	      5266	00100248	00900813	addi	x16,x0,9	  x0:0x00000000 x16=0x00000009
          10544	      5268	0010024c	f2d86ae3	bltu	x16,x13,100180	 x16:0x00000009 x13:0x0000000b
          10548	      5270	00100180	03768893	addi	x17,x13,55	 x13:0x0000000b x17=0x00000042
          10550	      5271	00100184	00020e37	lui	x28,0x20	 x28=0x00020000
          10552	      5272	00100188	01051f93	slli	x31,x10,0x10	 x10:0x1a3b6a45 x31=0x6a450000
          10556	      5274	0010018c	011e2023	sw	x17,0(x28)	 x28:0x00020000 x17:0x00000042 PA:0x00020000 store:0x00000042 load:0x00000000
          10558	      5275	00100190	01cfd793	srli	x15,x31,0x1c	 x31:0x6a450000 x15=0x00000006
          10560	      5276	00100194	00900713	addi	x14,x0,9	  x0:0x00000000 x14=0x00000009
          10564	      5278	00100198	0cf77a63	bgeu	x14,x15,10026c	 x14:0x00000009 x15:0x00000006
          10568	      5280	0010026c	03078393	addi	x7,x15,48	 x15:0x00000006  x7=0x00000036
          10570	      5281	00100270	000205b7	lui	x11,0x20	 x11=0x00020000
          10572	      5282	00100274	01451613	slli	x12,x10,0x14	 x10:0x1a3b6a45 x12=0xa4500000
          10576	      5284	00100278	0075a023	sw	x7,0(x11)	 x11:0x00020000  x7:0x00000036 PA:0x00020000 store:0x00000036 load:0x00000000
          10578	      5285	0010027c	01c65693	srli	x13,x12,0x1c	 x12:0xa4500000 x13=0x0000000a
          10580	      5286	00100280	00900813	addi	x16,x0,9	  x0:0x00000000 x16=0x00000009
          10584	      5288	00100284	f2d86ae3	bltu	x16,x13,1001b8	 x16:0x00000009 x13:0x0000000a
          10588	      5290	001001b8	03768893	addi	x17,x13,55	 x13:0x0000000a x17=0x00000041
          10590	      5291	001001bc	00020e37	lui	x28,0x20	 x28=0x00020000
          10592	      5292	001001c0	01851f93	slli	x31,x10,0x18	 x10:0x1a3b6a45 x31=0x45000000
          10596	      5294	001001c4	011e2023	sw	x17,0(x28)	 x28:0x00020000 x17:0x00000041 PA:0x00020000 store:0x00000041 load:0x00000000
          10598	      5295	001001c8	01cfd793	srli	x15,x31,0x1c	 x31:0x45000000 x15=0x00000004
          10600	      5296	001001cc	00900713	addi	x14,x0,9	  x0:0x00000000 x14=0x00000009
          10604	      5298	001001d0	0cf77a63	bgeu	x14,x15,1002a4	 x14:0x00000009 x15:0x00000004
          10608	      5300	001002a4	03078393	addi	x7,x15,48	 x15:0x00000004  x7=0x00000034
          10610	      5301	001002a8	000205b7	lui	x11,0x20	 x11=0x00020000
          10614	      5303	001002ac	0075a023	sw	x7,0(x11)	 x11:0x00020000  x7:0x00000034 PA:0x00020000 store:0x00000034 load:0x00000000
          10616	      5304	001002b0	00f57513	andi	x10,x10,15	 x10:0x1a3b6a45 x10=0x00000005
          10618	      5305	001002b4	00900613	addi	x12,x0,9	  x0:0x00000000 x12=0x00000009
          10622	      5307	001002b8	f2a67ae3	bgeu	x12,x10,1001ec	 x12:0x00000009 x10:0x00000005
          10626	      5309	001001ec	03050893	addi	x17,x10,48	 x10:0x00000005 x17=0x00000035
          10628	      5310	001001f0	00020e37	lui	x28,0x20	 x28=0x00020000
          10632	      5312	001001f4	011e2023	sw	x17,0(x28)	 x28:0x00020000 x17:0x00000035 PA:0x00020000 store:0x00000035 load:0x00000000
          10636	      5314	001001f8	00008067	jalr	x0,0(x1)	  x1:0x001012f8  x0=0x00000000
          10640	      5316	001012f8	f1ac10e3	bne	x24,x26,1011f8	 x24:0x0000000c x26:0x00000014
          10648	      5320	001011f8	d089a987	flw	f19,-760(x19)	 f19:0x00102000 f19=0x00000000 PA:0x00101d08 store:0x4598f2e4
          10650	      5321	001011fc	d24baa07	flw	f20,-732(x23)	 f23:0x00102000 f20=0x00000000 PA:0x00101d24 store:0x42f67c6a
          10674	      5333	00101200	a10a8513	addi	x10,x21,-1520	 x21:0x00102000 x10=0x00101a10
          10676	      5334	00101204	1949fad3	fdiv.s	f21,f19,f20	 f19:0x00102000 f20:0x00102000 f21=0x00000000
          10678	      5335	00101208	d159a427	fsw	f21,-760(x19)	 f19:0x00102000 f21:0x00102000 PA:0x00101d08 store:0x16c2a62a load:0x42f67c6a
          10680	      5336	0010120c	d089ae07	flw	f28,-760(x19)	 f19:0x00102000 f28=0x00000000 PA:0x00101d08 store:0x4598f2e4
          10682	      5337	00101210	e00e0dd3	fmv.x.w	x27,f28	 f28:0x00020000 x27=0x16c2a62a
          10684	      5338	00101214	cfba2c23	sw	x27,-776(x20)	 x20:0x00102000 x27:0x16c2a62a PA:0x00101cf8 store:0x16c2a62a load:0x16c2a62a
          10686	      5339	00101218	e89fe0ef	jal	x1,1000a0	  x1=0x0010121c
          10690	      5341	001000a0	00054803	lbu	x16,0(x10)	 x10:0x00101a10 x16=0x0000000a PA:0x00101a10 store:0x00000000
          10692	      5342	001000a4	06080663	beq	x16,x0,100110	 x16:0x0000000a  x0:0x00000000
          10694	      5343	001000a8	000207b7	lui	x15,0x20	 x15=0x00020000
          10698	      5345	001000ac	0107a023	sw	x16,0(x15)	 x15:0x00020000 x16:0x0000000a PA:0x00020000 store:0x0000000a load:0x00000000
          10702	      5347	001000b0	00154703	lbu	x14,1(x10)	 x10:0x00101a10 x14=0x00000020 PA:0x00101a11 store:0x0010121c
          10704	      5348	001000b4	04070e63	beq	x14,x0,100110	 x14:0x00000020  x0:0x00000000
          10708	      5350	001000b8	00e7a023	sw	x14,0(x15)	 x15:0x00020000 x14:0x00000020 PA:0x00020000 store:0x00000020 load:0x00000000
          10712	      5352	001000bc	00254283	lbu	x5,2(x10)	 x10:0x00101a10  x5=0x00000069 PA:0x00101a12 store:0x00137fa0
          10714	      5353	001000c0	04028863	beq	x5,x0,100110	  x5:0x00000069  x0:0x00000000
          10718	      5355	001000c4	0057a023	sw	x5,0(x15)	 x15:0x00020000  x5:0x00000069 PA:0x00020000 store:0x00000069 load:0x00000000
          10722	      5357	001000c8	00354303	lbu	x6,3(x10)	 x10:0x00101a10  x6=0x0000003d PA:0x00101a13 store:0x00000000
          10724	      5358	001000cc	04030263	beq	x6,x0,100110	  x6:0x0000003d  x0:0x00000000
          10728	      5360	001000d0	0067a023	sw	x6,0(x15)	 x15:0x00020000  x6:0x0000003d PA:0x00020000 store:0x0000003d load:0x00000000
          10732	      5362	001000d4	00454383	lbu	x7,4(x10)	 x10:0x00101a10  x7=0x00000000 PA:0x00101a14 store:0x00000000
          10736	      5364	001000d8	02038c63	beq	x7,x0,100110	  x7:0x00000000  x0:0x00000000
          10740	      5366	00100110	00000513	addi	x10,x0,0	  x0:0x00000000 x10=0x00000000
          10744	      5368	00100114	00008067	jalr	x0,0(x1)	  x1:0x0010121c  x0=0x00000000
          10746	      5369	0010121c	000c0513	addi	x10,x24,0	 x24:0x0000000c x10=0x0000000c
          10750	      5371	00101220	f01fe0ef	jal	x1,100120	  x1=0x00101224
          10752	      5372	00100120	01c55793	srli	x15,x10,0x1c	 x10:0x0000000c x15=0x00000000
          10754	      5373	00100124	00900713	addi	x14,x0,9	  x0:0x00000000 x14=0x00000009
          10758	      5375	00100128	0cf77a63	bgeu	x14,x15,1001fc	 x14:0x00000009 x15:0x00000000
          10762	      5377	001001fc	03078393	addi	x7,x15,48	 x15:0x00000000  x7=0x00000030
          10764	      5378	00100200	000205b7	lui	x11,0x20	 x11=0x00020000
          10766	      5379	00100204	00451613	slli	x12,x10,0x4	 x10:0x0000000c x12=0x000000c0
          10770	      5381	00100208	0075a023	sw	x7,0(x11)	 x11:0x00020000  x7:0x00000030 PA:0x00020000 store:0x00000030 load:0x00000000
          10772	      5382	0010020c	01c65693	srli	x13,x12,0x1c	 x12:0x000000c0 x13=0x00000000
          10774	      5383	00100210	00900813	addi	x16,x0,9	  x0:0x00000000 x16=0x00000009
          10776	      5384	00100214	f2d86ae3	bltu	x16,x13,100148	 x16:0x00000009 x13:0x00000000
          10778	      5385	00100218	03068e93	addi	x29,x13,48	 x13:0x00000000 x29=0x00000030
          10780	      5386	0010021c	00020f37	lui	x30,0x20	 x30=0x00020000
          10782	      5387	00100220	00851f93	slli	x31,x10,0x8	 x10:0x0000000c x31=0x00000c00
          10786	      5389	00100224	01df2023	sw	x29,0(x30)	 x30:0x00020000 x29:0x00000030 PA:0x00020000 store:0x00000030 load:0x00000000
          10788	      5390	00100228	01cfd793	srli	x15,x31,0x1c	 x31:0x00000c00 x15=0x00000000
          10790	      5391	0010022c	00900713	addi	x14,x0,9	  x0:0x00000000 x14=0x00000009
          10792	      5392	00100230	f2f76ae3	bltu	x14,x15,100164	 x14:0x00000009 x15:0x00000000
          10794	      5393	00100234	03078393	addi	x7,x15,48	 x15:0x00000000  x7=0x00000030
          10796	      5394	00100238	000205b7	lui	x11,0x20	 x11=0x00020000
          10798	      5395	0010023c	00c51613	slli	x12,x10,0xc	 x10:0x0000000c x12=0x0000c000
          10802	      5397	00100240	0075a023	sw	x7,0(x11)	 x11:0x00020000  x7:0x00000030 PA:0x00020000 store:0x00000030 load:0x00000000
          10804	      5398	00100244	01c65693	srli	x13,x12,0x1c	 x12:0x0000c000 x13=0x00000000
          10806	      5399	00100248	00900813	addi	x16,x0,9	  x0:0x00000000 x16=0x00000009
          10808	      5400	0010024c	f2d86ae3	bltu	x16,x13,100180	 x16:0x00000009 x13:0x00000000
          10810	      5401	00100250	03068e93	addi	x29,x13,48	 x13:0x00000000 x29=0x00000030
          10812	      5402	00100254	00020f37	lui	x30,0x20	 x30=0x00020000
          10814	      5403	00100258	01051f93	slli	x31,x10,0x10	 x10:0x0000000c x31=0x000c0000
          10818	      5405	0010025c	01df2023	sw	x29,0(x30)	 x30:0x00020000 x29:0x00000030 PA:0x00020000 store:0x00000030 load:0x00000000
          10820	      5406	00100260	01cfd793	srli	x15,x31,0x1c	 x31:0x000c0000 x15=0x00000000
          10822	      5407	00100264	00900713	addi	x14,x0,9	  x0:0x00000000 x14=0x00000009
          10824	      5408	00100268	f2f76ae3	bltu	x14,x15,10019c	 x14:0x00000009 x15:0x00000000
          10826	      5409	0010026c	03078393	addi	x7,x15,48	 x15:0x00000000  x7=0x00000030
          10828	      5410	00100270	000205b7	lui	x11,0x20	 x11=0x00020000
          10830	      5411	00100274	01451613	slli	x12,x10,0x14	 x10:0x0000000c x12=0x00c00000
          10834	      5413	00100278	0075a023	sw	x7,0(x11)	 x11:0x00020000  x7:0x00000030 PA:0x00020000 store:0x00000030 load:0x00000000
          10836	      5414	0010027c	01c65693	srli	x13,x12,0x1c	 x12:0x00c00000 x13=0x00000000
          10838	      5415	00100280	00900813	addi	x16,x0,9	  x0:0x00000000 x16=0x00000009
          10840	      5416	00100284	f2d86ae3	bltu	x16,x13,1001b8	 x16:0x00000009 x13:0x00000000
          10842	      5417	00100288	03068e93	addi	x29,x13,48	 x13:0x00000000 x29=0x00000030
          10844	      5418	0010028c	00020f37	lui	x30,0x20	 x30=0x00020000
          10846	      5419	00100290	01851f93	slli	x31,x10,0x18	 x10:0x0000000c x31=0x0c000000
          10850	      5421	00100294	01df2023	sw	x29,0(x30)	 x30:0x00020000 x29:0x00000030 PA:0x00020000 store:0x00000030 load:0x00000000
          10852	      5422	00100298	01cfd793	srli	x15,x31,0x1c	 x31:0x0c000000 x15=0x00000000
          10854	      5423	0010029c	00900713	addi	x14,x0,9	  x0:0x00000000 x14=0x00000009
          10856	      5424	001002a0	f2f76ae3	bltu	x14,x15,1001d4	 x14:0x00000009 x15:0x00000000
          10858	      5425	001002a4	03078393	addi	x7,x15,48	 x15:0x00000000  x7=0x00000030
          10860	      5426	001002a8	000205b7	lui	x11,0x20	 x11=0x00020000
          10864	      5428	001002ac	0075a023	sw	x7,0(x11)	 x11:0x00020000  x7:0x00000030 PA:0x00020000 store:0x00000030 load:0x00000000
          10866	      5429	001002b0	00f57513	andi	x10,x10,15	 x10:0x0000000c x10=0x0000000c
          10868	      5430	001002b4	00900613	addi	x12,x0,9	  x0:0x00000000 x12=0x00000009
          10870	      5431	001002b8	f2a67ae3	bgeu	x12,x10,1001ec	 x12:0x00000009 x10:0x0000000c
          10872	      5432	001002bc	03750693	addi	x13,x10,55	 x10:0x0000000c x13=0x00000043
          10874	      5433	001002c0	00020837	lui	x16,0x20	 x16=0x00020000
          10878	      5435	001002c4	00d82023	sw	x13,0(x16)	 x16:0x00020000 x13:0x00000043 PA:0x00020000 store:0x00000043 load:0x00000000
          10882	      5437	001002c8	00008067	jalr	x0,0(x1)	  x1:0x00101224  x0=0x00000000
          10884	      5438	00101224	a18b0513	addi	x10,x22,-1512	 x22:0x00102000 x10=0x00101a18
          10888	      5440	00101228	e79fe0ef	jal	x1,1000a0	  x1=0x0010122c
          10892	      5442	001000a0	00054803	lbu	x16,0(x10)	 x10:0x00101a18 x16=0x00000020 PA:0x00101a18 store:0x00000000
          10894	      5443	001000a4	06080663	beq	x16,x0,100110	 x16:0x00000020  x0:0x00000000
          10896	      5444	001000a8	000207b7	lui	x15,0x20	 x15=0x00020000
          10900	      5446	001000ac	0107a023	sw	x16,0(x15)	 x15:0x00020000 x16:0x00000020 PA:0x00020000 store:0x00000020 load:0x00000000
          10904	      5448	001000b0	00154703	lbu	x14,1(x10)	 x10:0x00101a18 x14=0x00000072 PA:0x00101a19 store:0x0010122c
          10906	      5449	001000b4	04070e63	beq	x14,x0,100110	 x14:0x00000072  x0:0x00000000
          10910	      5451	001000b8	00e7a023	sw	x14,0(x15)	 x15:0x00020000 x14:0x00000072 PA:0x00020000 store:0x00000072 load:0x00000000
          10914	      5453	001000bc	00254283	lbu	x5,2(x10)	 x10:0x00101a18  x5=0x00000065 PA:0x00101a1a store:0x00137fa0
          10916	      5454	001000c0	04028863	beq	x5,x0,100110	  x5:0x00000065  x0:0x00000000
          10920	      5456	001000c4	0057a023	sw	x5,0(x15)	 x15:0x00020000  x5:0x00000065 PA:0x00020000 store:0x00000065 load:0x00000000
          10924	      5458	001000c8	00354303	lbu	x6,3(x10)	 x10:0x00101a18  x6=0x00000073 PA:0x00101a1b store:0x00000000
          10926	      5459	001000cc	04030263	beq	x6,x0,100110	  x6:0x00000073  x0:0x00000000
          10930	      5461	001000d0	0067a023	sw	x6,0(x15)	 x15:0x00020000  x6:0x00000073 PA:0x00020000 store:0x00000073 load:0x00000000
          10934	      5463	001000d4	00454383	lbu	x7,4(x10)	 x10:0x00101a18  x7=0x00000075 PA:0x00101a1c store:0x00000000
          10936	      5464	001000d8	02038c63	beq	x7,x0,100110	  x7:0x00000075  x0:0x00000000
          10940	      5466	001000dc	0077a023	sw	x7,0(x15)	 x15:0x00020000  x7:0x00000075 PA:0x00020000 store:0x00000075 load:0x00000000
          10944	      5468	001000e0	00554583	lbu	x11,5(x10)	 x10:0x00101a18 x11=0x0000006c PA:0x00101a1d store:0x00000065
          10946	      5469	001000e4	02058663	beq	x11,x0,100110	 x11:0x0000006c  x0:0x00000000
          10950	      5471	001000e8	00b7a023	sw	x11,0(x15)	 x15:0x00020000 x11:0x0000006c PA:0x00020000 store:0x0000006c load:0x00000000
          10954	      5473	001000ec	00654603	lbu	x12,6(x10)	 x10:0x00101a18 x12=0x00000074 PA:0x00101a1e store:0x00000073
          10956	      5474	001000f0	02060063	beq	x12,x0,100110	 x12:0x00000074  x0:0x00000000
          10960	      5476	001000f4	00c7a023	sw	x12,0(x15)	 x15:0x00020000 x12:0x00000074 PA:0x00020000 store:0x00000074 load:0x00000000
          10964	      5478	001000f8	00754683	lbu	x13,7(x10)	 x10:0x00101a18 x13=0x0000003a PA:0x00101a1f store:0x00000075
          10966	      5479	001000fc	00850513	addi	x10,x10,8	 x10:0x00101a18 x10=0x00101a20
          10968	      5480	00100100	00068863	beq	x13,x0,100110	 x13:0x0000003a  x0:0x00000000
          10972	      5482	00100104	00d7a023	sw	x13,0(x15)	 x15:0x00020000 x13:0x0000003a PA:0x00020000 store:0x0000003a load:0x00000000
          10976	      5484	00100108	00054803	lbu	x16,0(x10)	 x10:0x00101a20 x16=0x00000020 PA:0x00101a20 store:0x00000000
          10980	      5486	0010010c	fa0810e3	bne	x16,x0,1000ac	 x16:0x00000020  x0:0x00000000
          10986	      5489	001000ac	0107a023	sw	x16,0(x15)	 x15:0x00020000 x16:0x00000020 PA:0x00020000 store:0x00000020 load:0x00000000
          10990	      5491	001000b0	00154703	lbu	x14,1(x10)	 x10:0x00101a20 x14=0x00000000 PA:0x00101a21 store:0x0010122c
          10994	      5493	001000b4	04070e63	beq	x14,x0,100110	 x14:0x00000000  x0:0x00000000
          10998	      5495	00100110	00000513	addi	x10,x0,0	  x0:0x00000000 x10=0x00000000
          11002	      5497	00100114	00008067	jalr	x0,0(x1)	  x1:0x0010122c  x0=0x00000000
          11006	      5499	0010122c	cf8a2503	lw	x10,-776(x20)	 x20:0x00102000 x10=0x16c2a62a PA:0x00101cf8 store:0x0000000c
          11008	      5500	00101230	001c0d93	addi	x27,x24,1	 x24:0x0000000c x27=0x0000000d
          11012	      5502	00101234	eedfe0ef	jal	x1,100120	  x1=0x00101238
          11014	      5503	00100120	01c55793	srli	x15,x10,0x1c	 x10:0x16c2a62a x15=0x00000001
          11016	      5504	00100124	00900713	addi	x14,x0,9	  x0:0x00000000 x14=0x00000009
          11020	      5506	00100128	0cf77a63	bgeu	x14,x15,1001fc	 x14:0x00000009 x15:0x00000001
          11024	      5508	001001fc	03078393	addi	x7,x15,48	 x15:0x00000001  x7=0x00000031
          11026	      5509	00100200	000205b7	lui	x11,0x20	 x11=0x00020000
          11028	      5510	00100204	00451613	slli	x12,x10,0x4	 x10:0x16c2a62a x12=0x6c2a62a0
          11032	      5512	00100208	0075a023	sw	x7,0(x11)	 x11:0x00020000  x7:0x00000031 PA:0x00020000 store:0x00000031 load:0x00000000
          11034	      5513	0010020c	01c65693	srli	x13,x12,0x1c	 x12:0x6c2a62a0 x13=0x00000006
          11036	      5514	00100210	00900813	addi	x16,x0,9	  x0:0x00000000 x16=0x00000009
          11038	      5515	00100214	f2d86ae3	bltu	x16,x13,100148	 x16:0x00000009 x13:0x00000006
          11040	      5516	00100218	03068e93	addi	x29,x13,48	 x13:0x00000006 x29=0x00000036
          11042	      5517	0010021c	00020f37	lui	x30,0x20	 x30=0x00020000
          11044	      5518	00100220	00851f93	slli	x31,x10,0x8	 x10:0x16c2a62a x31=0xc2a62a00
          11048	      5520	00100224	01df2023	sw	x29,0(x30)	 x30:0x00020000 x29:0x00000036 PA:0x00020000 store:0x00000036 load:0x00000000
          11050	      5521	00100228	01cfd793	srli	x15,x31,0x1c	 x31:0xc2a62a00 x15=0x0000000c
          11052	      5522	0010022c	00900713	addi	x14,x0,9	  x0:0x00000000 x14=0x00000009
          11056	      5524	00100230	f2f76ae3	bltu	x14,x15,100164	 x14:0x00000009 x15:0x0000000c
          11060	      5526	00100164	03778293	addi	x5,x15,55	 x15:0x0000000c  x5=0x00000043
          11062	      5527	00100168	00020337	lui	x6,0x20	  x6=0x00020000
          11064	      5528	0010016c	00c51613	slli	x12,x10,0xc	 x10:0x16c2a62a x12=0x2a62a000
          11068	      5530	00100170	00532023	sw	x5,0(x6)	  x6:0x00020000  x5:0x00000043 PA:0x00020000 store:0x00000043 load:0x00000000
          11070	      5531	00100174	01c65693	srli	x13,x12,0x1c	 x12:0x2a62a000 x13=0x00000002
          11072	      5532	00100178	00900813	addi	x16,x0,9	  x0:0x00000000 x16=0x00000009
          11076	      5534	0010017c	0cd87a63	bgeu	x16,x13,100250	 x16:0x00000009 x13:0x00000002
          11080	      5536	00100250	03068e93	addi	x29,x13,48	 x13:0x00000002 x29=0x00000032
          11082	      5537	00100254	00020f37	lui	x30,0x20	 x30=0x00020000
          11084	      5538	00100258	01051f93	slli	x31,x10,0x10	 x10:0x16c2a62a x31=0xa62a0000
          11088	      5540	0010025c	01df2023	sw	x29,0(x30)	 x30:0x00020000 x29:0x00000032 PA:0x00020000 store:0x00000032 load:0x00000000
          11090	      5541	00100260	01cfd793	srli	x15,x31,0x1c	 x31:0xa62a0000 x15=0x0000000a
          11092	      5542	00100264	00900713	addi	x14,x0,9	  x0:0x00000000 x14=0x00000009
          11096	      5544	00100268	f2f76ae3	bltu	x14,x15,10019c	 x14:0x00000009 x15:0x0000000a
          11100	      5546	0010019c	03778293	addi	x5,x15,55	 x15:0x0000000a  x5=0x00000041
          11102	      5547	001001a0	00020337	lui	x6,0x20	  x6=0x00020000
          11104	      5548	001001a4	01451613	slli	x12,x10,0x14	 x10:0x16c2a62a x12=0x62a00000
          11108	      5550	001001a8	00532023	sw	x5,0(x6)	  x6:0x00020000  x5:0x00000041 PA:0x00020000 store:0x00000041 load:0x00000000
          11110	      5551	001001ac	01c65693	srli	x13,x12,0x1c	 x12:0x62a00000 x13=0x00000006
          11112	      5552	001001b0	00900813	addi	x16,x0,9	  x0:0x00000000 x16=0x00000009
          11116	      5554	001001b4	0cd87a63	bgeu	x16,x13,100288	 x16:0x00000009 x13:0x00000006
          11120	      5556	00100288	03068e93	addi	x29,x13,48	 x13:0x00000006 x29=0x00000036
          11122	      5557	0010028c	00020f37	lui	x30,0x20	 x30=0x00020000
          11124	      5558	00100290	01851f93	slli	x31,x10,0x18	 x10:0x16c2a62a x31=0x2a000000
          11128	      5560	00100294	01df2023	sw	x29,0(x30)	 x30:0x00020000 x29:0x00000036 PA:0x00020000 store:0x00000036 load:0x00000000
          11130	      5561	00100298	01cfd793	srli	x15,x31,0x1c	 x31:0x2a000000 x15=0x00000002
          11132	      5562	0010029c	00900713	addi	x14,x0,9	  x0:0x00000000 x14=0x00000009
          11134	      5563	001002a0	f2f76ae3	bltu	x14,x15,1001d4	 x14:0x00000009 x15:0x00000002
          11136	      5564	001002a4	03078393	addi	x7,x15,48	 x15:0x00000002  x7=0x00000032
          11138	      5565	001002a8	000205b7	lui	x11,0x20	 x11=0x00020000
          11142	      5567	001002ac	0075a023	sw	x7,0(x11)	 x11:0x00020000  x7:0x00000032 PA:0x00020000 store:0x00000032 load:0x00000000
          11144	      5568	001002b0	00f57513	andi	x10,x10,15	 x10:0x16c2a62a x10=0x0000000a
          11146	      5569	001002b4	00900613	addi	x12,x0,9	  x0:0x00000000 x12=0x00000009
          11148	      5570	001002b8	f2a67ae3	bgeu	x12,x10,1001ec	 x12:0x00000009 x10:0x0000000a
          11150	      5571	001002bc	03750693	addi	x13,x10,55	 x10:0x0000000a x13=0x00000041
          11152	      5572	001002c0	00020837	lui	x16,0x20	 x16=0x00020000
          11156	      5574	001002c4	00d82023	sw	x13,0(x16)	 x16:0x00020000 x13:0x00000041 PA:0x00020000 store:0x00000041 load:0x00000000
          11166	      5579	001002c8	00008067	jalr	x0,0(x1)	  x1:0x00101238  x0=0x00000000
          11168	      5580	00101238	d089ae87	flw	f29,-760(x19)	 f19:0x00102000 f29=0x00000000 PA:0x00101d08 store:0x4598f2e4
          11170	      5581	0010123c	d24baf07	flw	f30,-732(x23)	 f23:0x00102000 f30=0x00000000 PA:0x00101d24 store:0x42f67c6a
          11192	      5592	00101240	a10a8513	addi	x10,x21,-1520	 x21:0x00102000 x10=0x00101a10
          11194	      5593	00101244	19eeffd3	fdiv.s	f31,f29,f30	 f29:0x00000036 f30:0x00020000 f31=0x00000000
          11196	      5594	00101248	d1f9a427	fsw	f31,-760(x19)	 f19:0x00102000 f31:0x2a000000 PA:0x00101d08 store:0x134a298a load:0x42f67c6a
          11198	      5595	0010124c	d089a007	flw	f0,-760(x19)	 f19:0x00102000  f0=0x00000000 PA:0x00101d08 store:0x4598f2e4
          11200	      5596	00101250	e0000e53	fmv.x.w	x28,f0	  f0:0x00000000 x28=0x134a298a
          11202	      5597	00101254	cfca2c23	sw	x28,-776(x20)	 x20:0x00102000 x28:0x134a298a PA:0x00101cf8 store:0x134a298a load:0x134a298a
          11204	      5598	00101258	e49fe0ef	jal	x1,1000a0	  x1=0x0010125c
          11208	      5600	001000a0	00054803	lbu	x16,0(x10)	 x10:0x00101a10 x16=0x0000000a PA:0x00101a10 store:0x00000000
          11210	      5601	001000a4	06080663	beq	x16,x0,100110	 x16:0x0000000a  x0:0x00000000
          11212	      5602	001000a8	000207b7	lui	x15,0x20	 x15=0x00020000
          11216	      5604	001000ac	0107a023	sw	x16,0(x15)	 x15:0x00020000 x16:0x0000000a PA:0x00020000 store:0x0000000a load:0x00000000
          11220	      5606	001000b0	00154703	lbu	x14,1(x10)	 x10:0x00101a10 x14=0x00000020 PA:0x00101a11 store:0x0010125c
          11222	      5607	001000b4	04070e63	beq	x14,x0,100110	 x14:0x00000020  x0:0x00000000
          11226	      5609	001000b8	00e7a023	sw	x14,0(x15)	 x15:0x00020000 x14:0x00000020 PA:0x00020000 store:0x00000020 load:0x00000000
          11230	      5611	001000bc	00254283	lbu	x5,2(x10)	 x10:0x00101a10  x5=0x00000069 PA:0x00101a12 store:0x00137fa0
          11232	      5612	001000c0	04028863	beq	x5,x0,100110	  x5:0x00000069  x0:0x00000000
          11236	      5614	001000c4	0057a023	sw	x5,0(x15)	 x15:0x00020000  x5:0x00000069 PA:0x00020000 store:0x00000069 load:0x00000000
          11240	      5616	001000c8	00354303	lbu	x6,3(x10)	 x10:0x00101a10  x6=0x0000003d PA:0x00101a13 store:0x00000000
          11242	      5617	001000cc	04030263	beq	x6,x0,100110	  x6:0x0000003d  x0:0x00000000
          11246	      5619	001000d0	0067a023	sw	x6,0(x15)	 x15:0x00020000  x6:0x0000003d PA:0x00020000 store:0x0000003d load:0x00000000
          11250	      5621	001000d4	00454383	lbu	x7,4(x10)	 x10:0x00101a10  x7=0x00000000 PA:0x00101a14 store:0x00000000
          11254	      5623	001000d8	02038c63	beq	x7,x0,100110	  x7:0x00000000  x0:0x00000000
          11258	      5625	00100110	00000513	addi	x10,x0,0	  x0:0x00000000 x10=0x00000000
          11262	      5627	00100114	00008067	jalr	x0,0(x1)	  x1:0x0010125c  x0=0x00000000
          11264	      5628	0010125c	000d8513	addi	x10,x27,0	 x27:0x0000000d x10=0x0000000d
          11268	      5630	00101260	ec1fe0ef	jal	x1,100120	  x1=0x00101264
          11270	      5631	00100120	01c55793	srli	x15,x10,0x1c	 x10:0x0000000d x15=0x00000000
          11272	      5632	00100124	00900713	addi	x14,x0,9	  x0:0x00000000 x14=0x00000009
          11276	      5634	00100128	0cf77a63	bgeu	x14,x15,1001fc	 x14:0x00000009 x15:0x00000000
          11280	      5636	001001fc	03078393	addi	x7,x15,48	 x15:0x00000000  x7=0x00000030
          11282	      5637	00100200	000205b7	lui	x11,0x20	 x11=0x00020000
          11284	      5638	00100204	00451613	slli	x12,x10,0x4	 x10:0x0000000d x12=0x000000d0
          11288	      5640	00100208	0075a023	sw	x7,0(x11)	 x11:0x00020000  x7:0x00000030 PA:0x00020000 store:0x00000030 load:0x00000000
          11290	      5641	0010020c	01c65693	srli	x13,x12,0x1c	 x12:0x000000d0 x13=0x00000000
          11292	      5642	00100210	00900813	addi	x16,x0,9	  x0:0x00000000 x16=0x00000009
          11294	      5643	00100214	f2d86ae3	bltu	x16,x13,100148	 x16:0x00000009 x13:0x00000000
          11296	      5644	00100218	03068e93	addi	x29,x13,48	 x13:0x00000000 x29=0x00000030
          11298	      5645	0010021c	00020f37	lui	x30,0x20	 x30=0x00020000
          11300	      5646	00100220	00851f93	slli	x31,x10,0x8	 x10:0x0000000d x31=0x00000d00
          11304	      5648	00100224	01df2023	sw	x29,0(x30)	 x30:0x00020000 x29:0x00000030 PA:0x00020000 store:0x00000030 load:0x00000000
          11306	      5649	00100228	01cfd793	srli	x15,x31,0x1c	 x31:0x00000d00 x15=0x00000000
          11308	      5650	0010022c	00900713	addi	x14,x0,9	  x0:0x00000000 x14=0x00000009
          11310	      5651	00100230	f2f76ae3	bltu	x14,x15,100164	 x14:0x00000009 x15:0x00000000
          11312	      5652	00100234	03078393	addi	x7,x15,48	 x15:0x00000000  x7=0x00000030
          11314	      5653	00100238	000205b7	lui	x11,0x20	 x11=0x00020000
          11316	      5654	0010023c	00c51613	slli	x12,x10,0xc	 x10:0x0000000d x12=0x0000d000
          11320	      5656	00100240	0075a023	sw	x7,0(x11)	 x11:0x00020000  x7:0x00000030 PA:0x00020000 store:0x00000030 load:0x00000000
          11322	      5657	00100244	01c65693	srli	x13,x12,0x1c	 x12:0x0000d000 x13=0x00000000
          11324	      5658	00100248	00900813	addi	x16,x0,9	  x0:0x00000000 x16=0x00000009
          11326	      5659	0010024c	f2d86ae3	bltu	x16,x13,100180	 x16:0x00000009 x13:0x00000000
          11328	      5660	00100250	03068e93	addi	x29,x13,48	 x13:0x00000000 x29=0x00000030
          11330	      5661	00100254	00020f37	lui	x30,0x20	 x30=0x00020000
          11332	      5662	00100258	01051f93	slli	x31,x10,0x10	 x10:0x0000000d x31=0x000d0000
          11336	      5664	0010025c	01df2023	sw	x29,0(x30)	 x30:0x00020000 x29:0x00000030 PA:0x00020000 store:0x00000030 load:0x00000000
          11338	      5665	00100260	01cfd793	srli	x15,x31,0x1c	 x31:0x000d0000 x15=0x00000000
          11340	      5666	00100264	00900713	addi	x14,x0,9	  x0:0x00000000 x14=0x00000009
          11342	      5667	00100268	f2f76ae3	bltu	x14,x15,10019c	 x14:0x00000009 x15:0x00000000
          11344	      5668	0010026c	03078393	addi	x7,x15,48	 x15:0x00000000  x7=0x00000030
          11346	      5669	00100270	000205b7	lui	x11,0x20	 x11=0x00020000
          11348	      5670	00100274	01451613	slli	x12,x10,0x14	 x10:0x0000000d x12=0x00d00000
          11352	      5672	00100278	0075a023	sw	x7,0(x11)	 x11:0x00020000  x7:0x00000030 PA:0x00020000 store:0x00000030 load:0x00000000
          11354	      5673	0010027c	01c65693	srli	x13,x12,0x1c	 x12:0x00d00000 x13=0x00000000
          11356	      5674	00100280	00900813	addi	x16,x0,9	  x0:0x00000000 x16=0x00000009
          11358	      5675	00100284	f2d86ae3	bltu	x16,x13,1001b8	 x16:0x00000009 x13:0x00000000
          11360	      5676	00100288	03068e93	addi	x29,x13,48	 x13:0x00000000 x29=0x00000030
          11362	      5677	0010028c	00020f37	lui	x30,0x20	 x30=0x00020000
          11364	      5678	00100290	01851f93	slli	x31,x10,0x18	 x10:0x0000000d x31=0x0d000000
          11368	      5680	00100294	01df2023	sw	x29,0(x30)	 x30:0x00020000 x29:0x00000030 PA:0x00020000 store:0x00000030 load:0x00000000
          11370	      5681	00100298	01cfd793	srli	x15,x31,0x1c	 x31:0x0d000000 x15=0x00000000
          11372	      5682	0010029c	00900713	addi	x14,x0,9	  x0:0x00000000 x14=0x00000009
          11374	      5683	001002a0	f2f76ae3	bltu	x14,x15,1001d4	 x14:0x00000009 x15:0x00000000
          11376	      5684	001002a4	03078393	addi	x7,x15,48	 x15:0x00000000  x7=0x00000030
          11378	      5685	001002a8	000205b7	lui	x11,0x20	 x11=0x00020000
          11382	      5687	001002ac	0075a023	sw	x7,0(x11)	 x11:0x00020000  x7:0x00000030 PA:0x00020000 store:0x00000030 load:0x00000000
          11384	      5688	001002b0	00f57513	andi	x10,x10,15	 x10:0x0000000d x10=0x0000000d
          11386	      5689	001002b4	00900613	addi	x12,x0,9	  x0:0x00000000 x12=0x00000009
          11388	      5690	001002b8	f2a67ae3	bgeu	x12,x10,1001ec	 x12:0x00000009 x10:0x0000000d
          11390	      5691	001002bc	03750693	addi	x13,x10,55	 x10:0x0000000d x13=0x00000044
          11392	      5692	001002c0	00020837	lui	x16,0x20	 x16=0x00020000
          11396	      5694	001002c4	00d82023	sw	x13,0(x16)	 x16:0x00020000 x13:0x00000044 PA:0x00020000 store:0x00000044 load:0x00000000
          11400	      5696	001002c8	00008067	jalr	x0,0(x1)	  x1:0x00101264  x0=0x00000000
          11402	      5697	00101264	a18b0513	addi	x10,x22,-1512	 x22:0x00102000 x10=0x00101a18
          11406	      5699	00101268	e39fe0ef	jal	x1,1000a0	  x1=0x0010126c
          11410	      5701	001000a0	00054803	lbu	x16,0(x10)	 x10:0x00101a18 x16=0x00000020 PA:0x00101a18 store:0x00000000
          11412	      5702	001000a4	06080663	beq	x16,x0,100110	 x16:0x00000020  x0:0x00000000
          11414	      5703	001000a8	000207b7	lui	x15,0x20	 x15=0x00020000
          11418	      5705	001000ac	0107a023	sw	x16,0(x15)	 x15:0x00020000 x16:0x00000020 PA:0x00020000 store:0x00000020 load:0x00000000
          11422	      5707	001000b0	00154703	lbu	x14,1(x10)	 x10:0x00101a18 x14=0x00000072 PA:0x00101a19 store:0x0010126c
          11424	      5708	001000b4	04070e63	beq	x14,x0,100110	 x14:0x00000072  x0:0x00000000
          11428	      5710	001000b8	00e7a023	sw	x14,0(x15)	 x15:0x00020000 x14:0x00000072 PA:0x00020000 store:0x00000072 load:0x00000000
          11432	      5712	001000bc	00254283	lbu	x5,2(x10)	 x10:0x00101a18  x5=0x00000065 PA:0x00101a1a store:0x00137fa0
          11434	      5713	001000c0	04028863	beq	x5,x0,100110	  x5:0x00000065  x0:0x00000000
          11438	      5715	001000c4	0057a023	sw	x5,0(x15)	 x15:0x00020000  x5:0x00000065 PA:0x00020000 store:0x00000065 load:0x00000000
          11442	      5717	001000c8	00354303	lbu	x6,3(x10)	 x10:0x00101a18  x6=0x00000073 PA:0x00101a1b store:0x00000000
          11444	      5718	001000cc	04030263	beq	x6,x0,100110	  x6:0x00000073  x0:0x00000000
          11448	      5720	001000d0	0067a023	sw	x6,0(x15)	 x15:0x00020000  x6:0x00000073 PA:0x00020000 store:0x00000073 load:0x00000000
          11452	      5722	001000d4	00454383	lbu	x7,4(x10)	 x10:0x00101a18  x7=0x00000075 PA:0x00101a1c store:0x00000000
          11454	      5723	001000d8	02038c63	beq	x7,x0,100110	  x7:0x00000075  x0:0x00000000
          11458	      5725	001000dc	0077a023	sw	x7,0(x15)	 x15:0x00020000  x7:0x00000075 PA:0x00020000 store:0x00000075 load:0x00000000
          11462	      5727	001000e0	00554583	lbu	x11,5(x10)	 x10:0x00101a18 x11=0x0000006c PA:0x00101a1d store:0x00000065
          11464	      5728	001000e4	02058663	beq	x11,x0,100110	 x11:0x0000006c  x0:0x00000000
          11468	      5730	001000e8	00b7a023	sw	x11,0(x15)	 x15:0x00020000 x11:0x0000006c PA:0x00020000 store:0x0000006c load:0x00000000
          11472	      5732	001000ec	00654603	lbu	x12,6(x10)	 x10:0x00101a18 x12=0x00000074 PA:0x00101a1e store:0x00000073
          11474	      5733	001000f0	02060063	beq	x12,x0,100110	 x12:0x00000074  x0:0x00000000
          11478	      5735	001000f4	00c7a023	sw	x12,0(x15)	 x15:0x00020000 x12:0x00000074 PA:0x00020000 store:0x00000074 load:0x00000000
          11482	      5737	001000f8	00754683	lbu	x13,7(x10)	 x10:0x00101a18 x13=0x0000003a PA:0x00101a1f store:0x00000075
          11484	      5738	001000fc	00850513	addi	x10,x10,8	 x10:0x00101a18 x10=0x00101a20
          11486	      5739	00100100	00068863	beq	x13,x0,100110	 x13:0x0000003a  x0:0x00000000
          11490	      5741	00100104	00d7a023	sw	x13,0(x15)	 x15:0x00020000 x13:0x0000003a PA:0x00020000 store:0x0000003a load:0x00000000
          11494	      5743	00100108	00054803	lbu	x16,0(x10)	 x10:0x00101a20 x16=0x00000020 PA:0x00101a20 store:0x00000000
          11498	      5745	0010010c	fa0810e3	bne	x16,x0,1000ac	 x16:0x00000020  x0:0x00000000
          11504	      5748	001000ac	0107a023	sw	x16,0(x15)	 x15:0x00020000 x16:0x00000020 PA:0x00020000 store:0x00000020 load:0x00000000
          11508	      5750	001000b0	00154703	lbu	x14,1(x10)	 x10:0x00101a20 x14=0x00000000 PA:0x00101a21 store:0x0010126c
          11512	      5752	001000b4	04070e63	beq	x14,x0,100110	 x14:0x00000000  x0:0x00000000
          11516	      5754	00100110	00000513	addi	x10,x0,0	  x0:0x00000000 x10=0x00000000
          11520	      5756	00100114	00008067	jalr	x0,0(x1)	  x1:0x0010126c  x0=0x00000000
          11524	      5758	0010126c	cf8a2503	lw	x10,-776(x20)	 x20:0x00102000 x10=0x134a298a PA:0x00101cf8 store:0x0000000c
          11526	      5759	00101270	002c0d93	addi	x27,x24,2	 x24:0x0000000c x27=0x0000000e
          11530	      5761	00101274	eadfe0ef	jal	x1,100120	  x1=0x00101278
          11532	      5762	00100120	01c55793	srli	x15,x10,0x1c	 x10:0x134a298a x15=0x00000001
          11534	      5763	00100124	00900713	addi	x14,x0,9	  x0:0x00000000 x14=0x00000009
          11538	      5765	00100128	0cf77a63	bgeu	x14,x15,1001fc	 x14:0x00000009 x15:0x00000001
          11542	      5767	001001fc	03078393	addi	x7,x15,48	 x15:0x00000001  x7=0x00000031
          11544	      5768	00100200	000205b7	lui	x11,0x20	 x11=0x00020000
          11546	      5769	00100204	00451613	slli	x12,x10,0x4	 x10:0x134a298a x12=0x34a298a0
          11550	      5771	00100208	0075a023	sw	x7,0(x11)	 x11:0x00020000  x7:0x00000031 PA:0x00020000 store:0x00000031 load:0x00000000
          11552	      5772	0010020c	01c65693	srli	x13,x12,0x1c	 x12:0x34a298a0 x13=0x00000003
          11554	      5773	00100210	00900813	addi	x16,x0,9	  x0:0x00000000 x16=0x00000009
          11556	      5774	00100214	f2d86ae3	bltu	x16,x13,100148	 x16:0x00000009 x13:0x00000003
          11558	      5775	00100218	03068e93	addi	x29,x13,48	 x13:0x00000003 x29=0x00000033
          11560	      5776	0010021c	00020f37	lui	x30,0x20	 x30=0x00020000
          11562	      5777	00100220	00851f93	slli	x31,x10,0x8	 x10:0x134a298a x31=0x4a298a00
          11566	      5779	00100224	01df2023	sw	x29,0(x30)	 x30:0x00020000 x29:0x00000033 PA:0x00020000 store:0x00000033 load:0x00000000
          11568	      5780	00100228	01cfd793	srli	x15,x31,0x1c	 x31:0x4a298a00 x15=0x00000004
          11570	      5781	0010022c	00900713	addi	x14,x0,9	  x0:0x00000000 x14=0x00000009
          11572	      5782	00100230	f2f76ae3	bltu	x14,x15,100164	 x14:0x00000009 x15:0x00000004
          11574	      5783	00100234	03078393	addi	x7,x15,48	 x15:0x00000004  x7=0x00000034
          11576	      5784	00100238	000205b7	lui	x11,0x20	 x11=0x00020000
          11578	      5785	0010023c	00c51613	slli	x12,x10,0xc	 x10:0x134a298a x12=0xa298a000
          11582	      5787	00100240	0075a023	sw	x7,0(x11)	 x11:0x00020000  x7:0x00000034 PA:0x00020000 store:0x00000034 load:0x00000000
          11584	      5788	00100244	01c65693	srli	x13,x12,0x1c	 x12:0xa298a000 x13=0x0000000a
          11586	      5789	00100248	00900813	addi	x16,x0,9	  x0:0x00000000 x16=0x00000009
          11590	      5791	0010024c	f2d86ae3	bltu	x16,x13,100180	 x16:0x00000009 x13:0x0000000a
          11594	      5793	00100180	03768893	addi	x17,x13,55	 x13:0x0000000a x17=0x00000041
          11596	      5794	00100184	00020e37	lui	x28,0x20	 x28=0x00020000
          11598	      5795	00100188	01051f93	slli	x31,x10,0x10	 x10:0x134a298a x31=0x298a0000
          11602	      5797	0010018c	011e2023	sw	x17,0(x28)	 x28:0x00020000 x17:0x00000041 PA:0x00020000 store:0x00000041 load:0x00000000
          11604	      5798	00100190	01cfd793	srli	x15,x31,0x1c	 x31:0x298a0000 x15=0x00000002
          11606	      5799	00100194	00900713	addi	x14,x0,9	  x0:0x00000000 x14=0x00000009
          11610	      5801	00100198	0cf77a63	bgeu	x14,x15,10026c	 x14:0x00000009 x15:0x00000002
          11614	      5803	0010026c	03078393	addi	x7,x15,48	 x15:0x00000002  x7=0x00000032
          11616	      5804	00100270	000205b7	lui	x11,0x20	 x11=0x00020000
          11618	      5805	00100274	01451613	slli	x12,x10,0x14	 x10:0x134a298a x12=0x98a00000
          11622	      5807	00100278	0075a023	sw	x7,0(x11)	 x11:0x00020000  x7:0x00000032 PA:0x00020000 store:0x00000032 load:0x00000000
          11624	      5808	0010027c	01c65693	srli	x13,x12,0x1c	 x12:0x98a00000 x13=0x00000009
          11626	      5809	00100280	00900813	addi	x16,x0,9	  x0:0x00000000 x16=0x00000009
          11628	      5810	00100284	f2d86ae3	bltu	x16,x13,1001b8	 x16:0x00000009 x13:0x00000009
          11630	      5811	00100288	03068e93	addi	x29,x13,48	 x13:0x00000009 x29=0x00000039
          11632	      5812	0010028c	00020f37	lui	x30,0x20	 x30=0x00020000
          11634	      5813	00100290	01851f93	slli	x31,x10,0x18	 x10:0x134a298a x31=0x8a000000
          11638	      5815	00100294	01df2023	sw	x29,0(x30)	 x30:0x00020000 x29:0x00000039 PA:0x00020000 store:0x00000039 load:0x00000000
          11640	      5816	00100298	01cfd793	srli	x15,x31,0x1c	 x31:0x8a000000 x15=0x00000008
          11642	      5817	0010029c	00900713	addi	x14,x0,9	  x0:0x00000000 x14=0x00000009
          11644	      5818	001002a0	f2f76ae3	bltu	x14,x15,1001d4	 x14:0x00000009 x15:0x00000008
          11646	      5819	001002a4	03078393	addi	x7,x15,48	 x15:0x00000008  x7=0x00000038
          11648	      5820	001002a8	000205b7	lui	x11,0x20	 x11=0x00020000
          11652	      5822	001002ac	0075a023	sw	x7,0(x11)	 x11:0x00020000  x7:0x00000038 PA:0x00020000 store:0x00000038 load:0x00000000
          11654	      5823	001002b0	00f57513	andi	x10,x10,15	 x10:0x134a298a x10=0x0000000a
          11656	      5824	001002b4	00900613	addi	x12,x0,9	  x0:0x00000000 x12=0x00000009
          11658	      5825	001002b8	f2a67ae3	bgeu	x12,x10,1001ec	 x12:0x00000009 x10:0x0000000a
          11660	      5826	001002bc	03750693	addi	x13,x10,55	 x10:0x0000000a x13=0x00000041
          11662	      5827	001002c0	00020837	lui	x16,0x20	 x16=0x00020000
          11666	      5829	001002c4	00d82023	sw	x13,0(x16)	 x16:0x00020000 x13:0x00000041 PA:0x00020000 store:0x00000041 load:0x00000000
          11676	      5834	001002c8	00008067	jalr	x0,0(x1)	  x1:0x00101278  x0=0x00000000
          11678	      5835	00101278	d089a087	flw	f1,-760(x19)	 f19:0x00102000  f1=0x00000000 PA:0x00101d08 store:0x4598f2e4
          11680	      5836	0010127c	d24ba107	flw	f2,-732(x23)	 f23:0x00102000  f2=0x00000000 PA:0x00101d24 store:0x42f67c6a
          11702	      5847	00101280	a10a8513	addi	x10,x21,-1520	 x21:0x00102000 x10=0x00101a10
          11704	      5848	00101284	1820f753	fdiv.s	f14,f1,f2	  f1:0x00101278  f2:0x00137fa0 f14=0x00000000
          11706	      5849	00101288	d0e9a427	fsw	f14,-760(x19)	 f19:0x00102000 f14:0x00000009 PA:0x00101d08 store:0x0fd1f727 load:0x42f67c6a
          11708	      5850	0010128c	d089a787	flw	f15,-760(x19)	 f19:0x00102000 f15=0x00000000 PA:0x00101d08 store:0x4598f2e4
          11710	      5851	00101290	e0078ed3	fmv.x.w	x29,f15	 f15:0x00000008 x29=0x0fd1f727
          11712	      5852	00101294	cfda2c23	sw	x29,-776(x20)	 x20:0x00102000 x29:0x0fd1f727 PA:0x00101cf8 store:0x0fd1f727 load:0x0fd1f727
          11714	      5853	00101298	e09fe0ef	jal	x1,1000a0	  x1=0x0010129c
          11718	      5855	001000a0	00054803	lbu	x16,0(x10)	 x10:0x00101a10 x16=0x0000000a PA:0x00101a10 store:0x00000000
          11720	      5856	001000a4	06080663	beq	x16,x0,100110	 x16:0x0000000a  x0:0x00000000
          11722	      5857	001000a8	000207b7	lui	x15,0x20	 x15=0x00020000
          11726	      5859	001000ac	0107a023	sw	x16,0(x15)	 x15:0x00020000 x16:0x0000000a PA:0x00020000 store:0x0000000a load:0x00000000
          11730	      5861	001000b0	00154703	lbu	x14,1(x10)	 x10:0x00101a10 x14=0x00000020 PA:0x00101a11 store:0x0010129c
          11732	      5862	001000b4	04070e63	beq	x14,x0,100110	 x14:0x00000020  x0:0x00000000
          11736	      5864	001000b8	00e7a023	sw	x14,0(x15)	 x15:0x00020000 x14:0x00000020 PA:0x00020000 store:0x00000020 load:0x00000000
          11740	      5866	001000bc	00254283	lbu	x5,2(x10)	 x10:0x00101a10  x5=0x00000069 PA:0x00101a12 store:0x00137fa0
          11742	      5867	001000c0	04028863	beq	x5,x0,100110	  x5:0x00000069  x0:0x00000000
          11746	      5869	001000c4	0057a023	sw	x5,0(x15)	 x15:0x00020000  x5:0x00000069 PA:0x00020000 store:0x00000069 load:0x00000000
          11750	      5871	001000c8	00354303	lbu	x6,3(x10)	 x10:0x00101a10  x6=0x0000003d PA:0x00101a13 store:0x00000000
          11752	      5872	001000cc	04030263	beq	x6,x0,100110	  x6:0x0000003d  x0:0x00000000
          11756	      5874	001000d0	0067a023	sw	x6,0(x15)	 x15:0x00020000  x6:0x0000003d PA:0x00020000 store:0x0000003d load:0x00000000
          11760	      5876	001000d4	00454383	lbu	x7,4(x10)	 x10:0x00101a10  x7=0x00000000 PA:0x00101a14 store:0x00000000
          11764	      5878	001000d8	02038c63	beq	x7,x0,100110	  x7:0x00000000  x0:0x00000000
          11768	      5880	00100110	00000513	addi	x10,x0,0	  x0:0x00000000 x10=0x00000000
          11772	      5882	00100114	00008067	jalr	x0,0(x1)	  x1:0x0010129c  x0=0x00000000
          11774	      5883	0010129c	000d8513	addi	x10,x27,0	 x27:0x0000000e x10=0x0000000e
          11778	      5885	001012a0	e81fe0ef	jal	x1,100120	  x1=0x001012a4
          11780	      5886	00100120	01c55793	srli	x15,x10,0x1c	 x10:0x0000000e x15=0x00000000
          11782	      5887	00100124	00900713	addi	x14,x0,9	  x0:0x00000000 x14=0x00000009
          11786	      5889	00100128	0cf77a63	bgeu	x14,x15,1001fc	 x14:0x00000009 x15:0x00000000
          11790	      5891	001001fc	03078393	addi	x7,x15,48	 x15:0x00000000  x7=0x00000030
          11792	      5892	00100200	000205b7	lui	x11,0x20	 x11=0x00020000
          11794	      5893	00100204	00451613	slli	x12,x10,0x4	 x10:0x0000000e x12=0x000000e0
          11798	      5895	00100208	0075a023	sw	x7,0(x11)	 x11:0x00020000  x7:0x00000030 PA:0x00020000 store:0x00000030 load:0x00000000
          11800	      5896	0010020c	01c65693	srli	x13,x12,0x1c	 x12:0x000000e0 x13=0x00000000
          11802	      5897	00100210	00900813	addi	x16,x0,9	  x0:0x00000000 x16=0x00000009
          11804	      5898	00100214	f2d86ae3	bltu	x16,x13,100148	 x16:0x00000009 x13:0x00000000
          11806	      5899	00100218	03068e93	addi	x29,x13,48	 x13:0x00000000 x29=0x00000030
          11808	      5900	0010021c	00020f37	lui	x30,0x20	 x30=0x00020000
          11810	      5901	00100220	00851f93	slli	x31,x10,0x8	 x10:0x0000000e x31=0x00000e00
          11814	      5903	00100224	01df2023	sw	x29,0(x30)	 x30:0x00020000 x29:0x00000030 PA:0x00020000 store:0x00000030 load:0x00000000
          11816	      5904	00100228	01cfd793	srli	x15,x31,0x1c	 x31:0x00000e00 x15=0x00000000
          11818	      5905	0010022c	00900713	addi	x14,x0,9	  x0:0x00000000 x14=0x00000009
          11820	      5906	00100230	f2f76ae3	bltu	x14,x15,100164	 x14:0x00000009 x15:0x00000000
          11822	      5907	00100234	03078393	addi	x7,x15,48	 x15:0x00000000  x7=0x00000030
          11824	      5908	00100238	000205b7	lui	x11,0x20	 x11=0x00020000
          11826	      5909	0010023c	00c51613	slli	x12,x10,0xc	 x10:0x0000000e x12=0x0000e000
          11830	      5911	00100240	0075a023	sw	x7,0(x11)	 x11:0x00020000  x7:0x00000030 PA:0x00020000 store:0x00000030 load:0x00000000
          11832	      5912	00100244	01c65693	srli	x13,x12,0x1c	 x12:0x0000e000 x13=0x00000000
          11834	      5913	00100248	00900813	addi	x16,x0,9	  x0:0x00000000 x16=0x00000009
          11836	      5914	0010024c	f2d86ae3	bltu	x16,x13,100180	 x16:0x00000009 x13:0x00000000
          11838	      5915	00100250	03068e93	addi	x29,x13,48	 x13:0x00000000 x29=0x00000030
          11840	      5916	00100254	00020f37	lui	x30,0x20	 x30=0x00020000
          11842	      5917	00100258	01051f93	slli	x31,x10,0x10	 x10:0x0000000e x31=0x000e0000
          11846	      5919	0010025c	01df2023	sw	x29,0(x30)	 x30:0x00020000 x29:0x00000030 PA:0x00020000 store:0x00000030 load:0x00000000
          11848	      5920	00100260	01cfd793	srli	x15,x31,0x1c	 x31:0x000e0000 x15=0x00000000
          11850	      5921	00100264	00900713	addi	x14,x0,9	  x0:0x00000000 x14=0x00000009
          11852	      5922	00100268	f2f76ae3	bltu	x14,x15,10019c	 x14:0x00000009 x15:0x00000000
          11854	      5923	0010026c	03078393	addi	x7,x15,48	 x15:0x00000000  x7=0x00000030
          11856	      5924	00100270	000205b7	lui	x11,0x20	 x11=0x00020000
          11858	      5925	00100274	01451613	slli	x12,x10,0x14	 x10:0x0000000e x12=0x00e00000
          11862	      5927	00100278	0075a023	sw	x7,0(x11)	 x11:0x00020000  x7:0x00000030 PA:0x00020000 store:0x00000030 load:0x00000000
          11864	      5928	0010027c	01c65693	srli	x13,x12,0x1c	 x12:0x00e00000 x13=0x00000000
          11866	      5929	00100280	00900813	addi	x16,x0,9	  x0:0x00000000 x16=0x00000009
          11868	      5930	00100284	f2d86ae3	bltu	x16,x13,1001b8	 x16:0x00000009 x13:0x00000000
          11870	      5931	00100288	03068e93	addi	x29,x13,48	 x13:0x00000000 x29=0x00000030
          11872	      5932	0010028c	00020f37	lui	x30,0x20	 x30=0x00020000
          11874	      5933	00100290	01851f93	slli	x31,x10,0x18	 x10:0x0000000e x31=0x0e000000
          11878	      5935	00100294	01df2023	sw	x29,0(x30)	 x30:0x00020000 x29:0x00000030 PA:0x00020000 store:0x00000030 load:0x00000000
          11880	      5936	00100298	01cfd793	srli	x15,x31,0x1c	 x31:0x0e000000 x15=0x00000000
          11882	      5937	0010029c	00900713	addi	x14,x0,9	  x0:0x00000000 x14=0x00000009
          11884	      5938	001002a0	f2f76ae3	bltu	x14,x15,1001d4	 x14:0x00000009 x15:0x00000000
          11886	      5939	001002a4	03078393	addi	x7,x15,48	 x15:0x00000000  x7=0x00000030
          11888	      5940	001002a8	000205b7	lui	x11,0x20	 x11=0x00020000
          11892	      5942	001002ac	0075a023	sw	x7,0(x11)	 x11:0x00020000  x7:0x00000030 PA:0x00020000 store:0x00000030 load:0x00000000
          11894	      5943	001002b0	00f57513	andi	x10,x10,15	 x10:0x0000000e x10=0x0000000e
          11896	      5944	001002b4	00900613	addi	x12,x0,9	  x0:0x00000000 x12=0x00000009
          11898	      5945	001002b8	f2a67ae3	bgeu	x12,x10,1001ec	 x12:0x00000009 x10:0x0000000e
          11900	      5946	001002bc	03750693	addi	x13,x10,55	 x10:0x0000000e x13=0x00000045
          11902	      5947	001002c0	00020837	lui	x16,0x20	 x16=0x00020000
          11906	      5949	001002c4	00d82023	sw	x13,0(x16)	 x16:0x00020000 x13:0x00000045 PA:0x00020000 store:0x00000045 load:0x00000000
          11910	      5951	001002c8	00008067	jalr	x0,0(x1)	  x1:0x001012a4  x0=0x00000000
          11912	      5952	001012a4	a18b0513	addi	x10,x22,-1512	 x22:0x00102000 x10=0x00101a18
          11916	      5954	001012a8	df9fe0ef	jal	x1,1000a0	  x1=0x001012ac
          11920	      5956	001000a0	00054803	lbu	x16,0(x10)	 x10:0x00101a18 x16=0x00000020 PA:0x00101a18 store:0x00000000
          11922	      5957	001000a4	06080663	beq	x16,x0,100110	 x16:0x00000020  x0:0x00000000
          11924	      5958	001000a8	000207b7	lui	x15,0x20	 x15=0x00020000
          11928	      5960	001000ac	0107a023	sw	x16,0(x15)	 x15:0x00020000 x16:0x00000020 PA:0x00020000 store:0x00000020 load:0x00000000
          11932	      5962	001000b0	00154703	lbu	x14,1(x10)	 x10:0x00101a18 x14=0x00000072 PA:0x00101a19 store:0x001012ac
          11934	      5963	001000b4	04070e63	beq	x14,x0,100110	 x14:0x00000072  x0:0x00000000
          11938	      5965	001000b8	00e7a023	sw	x14,0(x15)	 x15:0x00020000 x14:0x00000072 PA:0x00020000 store:0x00000072 load:0x00000000
          11942	      5967	001000bc	00254283	lbu	x5,2(x10)	 x10:0x00101a18  x5=0x00000065 PA:0x00101a1a store:0x00137fa0
          11944	      5968	001000c0	04028863	beq	x5,x0,100110	  x5:0x00000065  x0:0x00000000
          11948	      5970	001000c4	0057a023	sw	x5,0(x15)	 x15:0x00020000  x5:0x00000065 PA:0x00020000 store:0x00000065 load:0x00000000
          11952	      5972	001000c8	00354303	lbu	x6,3(x10)	 x10:0x00101a18  x6=0x00000073 PA:0x00101a1b store:0x00000000
          11954	      5973	001000cc	04030263	beq	x6,x0,100110	  x6:0x00000073  x0:0x00000000
          11958	      5975	001000d0	0067a023	sw	x6,0(x15)	 x15:0x00020000  x6:0x00000073 PA:0x00020000 store:0x00000073 load:0x00000000
          11962	      5977	001000d4	00454383	lbu	x7,4(x10)	 x10:0x00101a18  x7=0x00000075 PA:0x00101a1c store:0x00000000
          11964	      5978	001000d8	02038c63	beq	x7,x0,100110	  x7:0x00000075  x0:0x00000000
          11968	      5980	001000dc	0077a023	sw	x7,0(x15)	 x15:0x00020000  x7:0x00000075 PA:0x00020000 store:0x00000075 load:0x00000000
          11972	      5982	001000e0	00554583	lbu	x11,5(x10)	 x10:0x00101a18 x11=0x0000006c PA:0x00101a1d store:0x00000065
          11974	      5983	001000e4	02058663	beq	x11,x0,100110	 x11:0x0000006c  x0:0x00000000
          11978	      5985	001000e8	00b7a023	sw	x11,0(x15)	 x15:0x00020000 x11:0x0000006c PA:0x00020000 store:0x0000006c load:0x00000000
          11982	      5987	001000ec	00654603	lbu	x12,6(x10)	 x10:0x00101a18 x12=0x00000074 PA:0x00101a1e store:0x00000073
          11984	      5988	001000f0	02060063	beq	x12,x0,100110	 x12:0x00000074  x0:0x00000000
          11988	      5990	001000f4	00c7a023	sw	x12,0(x15)	 x15:0x00020000 x12:0x00000074 PA:0x00020000 store:0x00000074 load:0x00000000
          11992	      5992	001000f8	00754683	lbu	x13,7(x10)	 x10:0x00101a18 x13=0x0000003a PA:0x00101a1f store:0x00000075
          11994	      5993	001000fc	00850513	addi	x10,x10,8	 x10:0x00101a18 x10=0x00101a20
          11996	      5994	00100100	00068863	beq	x13,x0,100110	 x13:0x0000003a  x0:0x00000000
          12000	      5996	00100104	00d7a023	sw	x13,0(x15)	 x15:0x00020000 x13:0x0000003a PA:0x00020000 store:0x0000003a load:0x00000000
          12004	      5998	00100108	00054803	lbu	x16,0(x10)	 x10:0x00101a20 x16=0x00000020 PA:0x00101a20 store:0x00000000
          12008	      6000	0010010c	fa0810e3	bne	x16,x0,1000ac	 x16:0x00000020  x0:0x00000000
          12014	      6003	001000ac	0107a023	sw	x16,0(x15)	 x15:0x00020000 x16:0x00000020 PA:0x00020000 store:0x00000020 load:0x00000000
          12018	      6005	001000b0	00154703	lbu	x14,1(x10)	 x10:0x00101a20 x14=0x00000000 PA:0x00101a21 store:0x001012ac
          12022	      6007	001000b4	04070e63	beq	x14,x0,100110	 x14:0x00000000  x0:0x00000000
          12026	      6009	00100110	00000513	addi	x10,x0,0	  x0:0x00000000 x10=0x00000000
          12030	      6011	00100114	00008067	jalr	x0,0(x1)	  x1:0x001012ac  x0=0x00000000
          12034	      6013	001012ac	cf8a2503	lw	x10,-776(x20)	 x20:0x00102000 x10=0x0fd1f727 PA:0x00101cf8 store:0x0000000c
          12036	      6014	001012b0	003c0d93	addi	x27,x24,3	 x24:0x0000000c x27=0x0000000f
          12038	      6015	001012b4	004c0c13	addi	x24,x24,4	 x24:0x0000000c x24=0x00000010
          12042	      6017	001012b8	e69fe0ef	jal	x1,100120	  x1=0x001012bc
          12044	      6018	00100120	01c55793	srli	x15,x10,0x1c	 x10:0x0fd1f727 x15=0x00000000
          12046	      6019	00100124	00900713	addi	x14,x0,9	  x0:0x00000000 x14=0x00000009
          12050	      6021	00100128	0cf77a63	bgeu	x14,x15,1001fc	 x14:0x00000009 x15:0x00000000
          12054	      6023	001001fc	03078393	addi	x7,x15,48	 x15:0x00000000  x7=0x00000030
          12056	      6024	00100200	000205b7	lui	x11,0x20	 x11=0x00020000
          12058	      6025	00100204	00451613	slli	x12,x10,0x4	 x10:0x0fd1f727 x12=0xfd1f7270
          12062	      6027	00100208	0075a023	sw	x7,0(x11)	 x11:0x00020000  x7:0x00000030 PA:0x00020000 store:0x00000030 load:0x00000000
          12064	      6028	0010020c	01c65693	srli	x13,x12,0x1c	 x12:0xfd1f7270 x13=0x0000000f
          12066	      6029	00100210	00900813	addi	x16,x0,9	  x0:0x00000000 x16=0x00000009
          12070	      6031	00100214	f2d86ae3	bltu	x16,x13,100148	 x16:0x00000009 x13:0x0000000f
          12074	      6033	00100148	03768893	addi	x17,x13,55	 x13:0x0000000f x17=0x00000046
          12076	      6034	0010014c	00020e37	lui	x28,0x20	 x28=0x00020000
          12078	      6035	00100150	00851f93	slli	x31,x10,0x8	 x10:0x0fd1f727 x31=0xd1f72700
          12082	      6037	00100154	011e2023	sw	x17,0(x28)	 x28:0x00020000 x17:0x00000046 PA:0x00020000 store:0x00000046 load:0x00000000
          12084	      6038	00100158	01cfd793	srli	x15,x31,0x1c	 x31:0xd1f72700 x15=0x0000000d
          12086	      6039	0010015c	00900713	addi	x14,x0,9	  x0:0x00000000 x14=0x00000009
          12088	      6040	00100160	0cf77a63	bgeu	x14,x15,100234	 x14:0x00000009 x15:0x0000000d
          12090	      6041	00100164	03778293	addi	x5,x15,55	 x15:0x0000000d  x5=0x00000044
          12092	      6042	00100168	00020337	lui	x6,0x20	  x6=0x00020000
          12094	      6043	0010016c	00c51613	slli	x12,x10,0xc	 x10:0x0fd1f727 x12=0x1f727000
          12098	      6045	00100170	00532023	sw	x5,0(x6)	  x6:0x00020000  x5:0x00000044 PA:0x00020000 store:0x00000044 load:0x00000000
          12100	      6046	00100174	01c65693	srli	x13,x12,0x1c	 x12:0x1f727000 x13=0x00000001
          12102	      6047	00100178	00900813	addi	x16,x0,9	  x0:0x00000000 x16=0x00000009
          12106	      6049	0010017c	0cd87a63	bgeu	x16,x13,100250	 x16:0x00000009 x13:0x00000001
          12110	      6051	00100250	03068e93	addi	x29,x13,48	 x13:0x00000001 x29=0x00000031
          12112	      6052	00100254	00020f37	lui	x30,0x20	 x30=0x00020000
          12114	      6053	00100258	01051f93	slli	x31,x10,0x10	 x10:0x0fd1f727 x31=0xf7270000
          12118	      6055	0010025c	01df2023	sw	x29,0(x30)	 x30:0x00020000 x29:0x00000031 PA:0x00020000 store:0x00000031 load:0x00000000
          12120	      6056	00100260	01cfd793	srli	x15,x31,0x1c	 x31:0xf7270000 x15=0x0000000f
          12122	      6057	00100264	00900713	addi	x14,x0,9	  x0:0x00000000 x14=0x00000009
          12126	      6059	00100268	f2f76ae3	bltu	x14,x15,10019c	 x14:0x00000009 x15:0x0000000f
          12130	      6061	0010019c	03778293	addi	x5,x15,55	 x15:0x0000000f  x5=0x00000046
          12132	      6062	001001a0	00020337	lui	x6,0x20	  x6=0x00020000
          12134	      6063	001001a4	01451613	slli	x12,x10,0x14	 x10:0x0fd1f727 x12=0x72700000
          12138	      6065	001001a8	00532023	sw	x5,0(x6)	  x6:0x00020000  x5:0x00000046 PA:0x00020000 store:0x00000046 load:0x00000000
          12140	      6066	001001ac	01c65693	srli	x13,x12,0x1c	 x12:0x72700000 x13=0x00000007
          12142	      6067	001001b0	00900813	addi	x16,x0,9	  x0:0x00000000 x16=0x00000009
          12146	      6069	001001b4	0cd87a63	bgeu	x16,x13,100288	 x16:0x00000009 x13:0x00000007
          12150	      6071	00100288	03068e93	addi	x29,x13,48	 x13:0x00000007 x29=0x00000037
          12152	      6072	0010028c	00020f37	lui	x30,0x20	 x30=0x00020000
          12154	      6073	00100290	01851f93	slli	x31,x10,0x18	 x10:0x0fd1f727 x31=0x27000000
          12158	      6075	00100294	01df2023	sw	x29,0(x30)	 x30:0x00020000 x29:0x00000037 PA:0x00020000 store:0x00000037 load:0x00000000
          12160	      6076	00100298	01cfd793	srli	x15,x31,0x1c	 x31:0x27000000 x15=0x00000002
          12162	      6077	0010029c	00900713	addi	x14,x0,9	  x0:0x00000000 x14=0x00000009
          12164	      6078	001002a0	f2f76ae3	bltu	x14,x15,1001d4	 x14:0x00000009 x15:0x00000002
          12166	      6079	001002a4	03078393	addi	x7,x15,48	 x15:0x00000002  x7=0x00000032
          12168	      6080	001002a8	000205b7	lui	x11,0x20	 x11=0x00020000
          12172	      6082	001002ac	0075a023	sw	x7,0(x11)	 x11:0x00020000  x7:0x00000032 PA:0x00020000 store:0x00000032 load:0x00000000
          12174	      6083	001002b0	00f57513	andi	x10,x10,15	 x10:0x0fd1f727 x10=0x00000007
          12176	      6084	001002b4	00900613	addi	x12,x0,9	  x0:0x00000000 x12=0x00000009
          12180	      6086	001002b8	f2a67ae3	bgeu	x12,x10,1001ec	 x12:0x00000009 x10:0x00000007
          12184	      6088	001001ec	03050893	addi	x17,x10,48	 x10:0x00000007 x17=0x00000037
          12186	      6089	001001f0	00020e37	lui	x28,0x20	 x28=0x00020000
          12190	      6091	001001f4	011e2023	sw	x17,0(x28)	 x28:0x00020000 x17:0x00000037 PA:0x00020000 store:0x00000037 load:0x00000000
          12200	      6096	001001f8	00008067	jalr	x0,0(x1)	  x1:0x001012bc  x0=0x00000000
          12202	      6097	001012bc	d089a187	flw	f3,-760(x19)	 f19:0x00102000  f3=0x00000000 PA:0x00101d08 store:0x4598f2e4
          12204	      6098	001012c0	d24ba207	flw	f4,-732(x23)	 f23:0x00102000  f4=0x00000000 PA:0x00101d24 store:0x42f67c6a
          12226	      6109	001012c4	a10a8513	addi	x10,x21,-1520	 x21:0x00102000 x10=0x00101a10
          12228	      6110	001012c8	1841f5d3	fdiv.s	f11,f3,f4	  f3:0x00000000  f4:0x00000000 f11=0x00000000
          12230	      6111	001012cc	d0b9a427	fsw	f11,-760(x19)	 f19:0x00102000 f11:0x00020000 PA:0x00101d08 store:0x0c5a11df load:0x42f67c6a
          12232	      6112	001012d0	d089a287	flw	f5,-760(x19)	 f19:0x00102000  f5=0x00000000 PA:0x00101d08 store:0x4598f2e4
          12234	      6113	001012d4	e0028f53	fmv.x.w	x30,f5	  f5:0x00000046 x30=0x0c5a11df
          12236	      6114	001012d8	cfea2c23	sw	x30,-776(x20)	 x20:0x00102000 x30:0x0c5a11df PA:0x00101cf8 store:0x0c5a11df load:0x0c5a11df
          12238	      6115	001012dc	dc5fe0ef	jal	x1,1000a0	  x1=0x001012e0
          12242	      6117	001000a0	00054803	lbu	x16,0(x10)	 x10:0x00101a10 x16=0x0000000a PA:0x00101a10 store:0x00000000
          12244	      6118	001000a4	06080663	beq	x16,x0,100110	 x16:0x0000000a  x0:0x00000000
          12246	      6119	001000a8	000207b7	lui	x15,0x20	 x15=0x00020000
          12250	      6121	001000ac	0107a023	sw	x16,0(x15)	 x15:0x00020000 x16:0x0000000a PA:0x00020000 store:0x0000000a load:0x00000000
          12254	      6123	001000b0	00154703	lbu	x14,1(x10)	 x10:0x00101a10 x14=0x00000020 PA:0x00101a11 store:0x001012e0
          12256	      6124	001000b4	04070e63	beq	x14,x0,100110	 x14:0x00000020  x0:0x00000000
          12260	      6126	001000b8	00e7a023	sw	x14,0(x15)	 x15:0x00020000 x14:0x00000020 PA:0x00020000 store:0x00000020 load:0x00000000
          12264	      6128	001000bc	00254283	lbu	x5,2(x10)	 x10:0x00101a10  x5=0x00000069 PA:0x00101a12 store:0x00137fa0
          12266	      6129	001000c0	04028863	beq	x5,x0,100110	  x5:0x00000069  x0:0x00000000
          12270	      6131	001000c4	0057a023	sw	x5,0(x15)	 x15:0x00020000  x5:0x00000069 PA:0x00020000 store:0x00000069 load:0x00000000
          12274	      6133	001000c8	00354303	lbu	x6,3(x10)	 x10:0x00101a10  x6=0x0000003d PA:0x00101a13 store:0x00000000
          12276	      6134	001000cc	04030263	beq	x6,x0,100110	  x6:0x0000003d  x0:0x00000000
          12280	      6136	001000d0	0067a023	sw	x6,0(x15)	 x15:0x00020000  x6:0x0000003d PA:0x00020000 store:0x0000003d load:0x00000000
          12284	      6138	001000d4	00454383	lbu	x7,4(x10)	 x10:0x00101a10  x7=0x00000000 PA:0x00101a14 store:0x00000000
          12288	      6140	001000d8	02038c63	beq	x7,x0,100110	  x7:0x00000000  x0:0x00000000
          12292	      6142	00100110	00000513	addi	x10,x0,0	  x0:0x00000000 x10=0x00000000
          12296	      6144	00100114	00008067	jalr	x0,0(x1)	  x1:0x001012e0  x0=0x00000000
          12298	      6145	001012e0	000d8513	addi	x10,x27,0	 x27:0x0000000f x10=0x0000000f
          12302	      6147	001012e4	e3dfe0ef	jal	x1,100120	  x1=0x001012e8
          12304	      6148	00100120	01c55793	srli	x15,x10,0x1c	 x10:0x0000000f x15=0x00000000
          12306	      6149	00100124	00900713	addi	x14,x0,9	  x0:0x00000000 x14=0x00000009
          12310	      6151	00100128	0cf77a63	bgeu	x14,x15,1001fc	 x14:0x00000009 x15:0x00000000
          12314	      6153	001001fc	03078393	addi	x7,x15,48	 x15:0x00000000  x7=0x00000030
          12316	      6154	00100200	000205b7	lui	x11,0x20	 x11=0x00020000
          12318	      6155	00100204	00451613	slli	x12,x10,0x4	 x10:0x0000000f x12=0x000000f0
          12322	      6157	00100208	0075a023	sw	x7,0(x11)	 x11:0x00020000  x7:0x00000030 PA:0x00020000 store:0x00000030 load:0x00000000
          12324	      6158	0010020c	01c65693	srli	x13,x12,0x1c	 x12:0x000000f0 x13=0x00000000
          12326	      6159	00100210	00900813	addi	x16,x0,9	  x0:0x00000000 x16=0x00000009
          12328	      6160	00100214	f2d86ae3	bltu	x16,x13,100148	 x16:0x00000009 x13:0x00000000
          12330	      6161	00100218	03068e93	addi	x29,x13,48	 x13:0x00000000 x29=0x00000030
          12332	      6162	0010021c	00020f37	lui	x30,0x20	 x30=0x00020000
          12334	      6163	00100220	00851f93	slli	x31,x10,0x8	 x10:0x0000000f x31=0x00000f00
          12338	      6165	00100224	01df2023	sw	x29,0(x30)	 x30:0x00020000 x29:0x00000030 PA:0x00020000 store:0x00000030 load:0x00000000
          12340	      6166	00100228	01cfd793	srli	x15,x31,0x1c	 x31:0x00000f00 x15=0x00000000
          12342	      6167	0010022c	00900713	addi	x14,x0,9	  x0:0x00000000 x14=0x00000009
          12344	      6168	00100230	f2f76ae3	bltu	x14,x15,100164	 x14:0x00000009 x15:0x00000000
          12346	      6169	00100234	03078393	addi	x7,x15,48	 x15:0x00000000  x7=0x00000030
          12348	      6170	00100238	000205b7	lui	x11,0x20	 x11=0x00020000
          12350	      6171	0010023c	00c51613	slli	x12,x10,0xc	 x10:0x0000000f x12=0x0000f000
          12354	      6173	00100240	0075a023	sw	x7,0(x11)	 x11:0x00020000  x7:0x00000030 PA:0x00020000 store:0x00000030 load:0x00000000
          12356	      6174	00100244	01c65693	srli	x13,x12,0x1c	 x12:0x0000f000 x13=0x00000000
          12358	      6175	00100248	00900813	addi	x16,x0,9	  x0:0x00000000 x16=0x00000009
          12360	      6176	0010024c	f2d86ae3	bltu	x16,x13,100180	 x16:0x00000009 x13:0x00000000
          12362	      6177	00100250	03068e93	addi	x29,x13,48	 x13:0x00000000 x29=0x00000030
          12364	      6178	00100254	00020f37	lui	x30,0x20	 x30=0x00020000
          12366	      6179	00100258	01051f93	slli	x31,x10,0x10	 x10:0x0000000f x31=0x000f0000
          12370	      6181	0010025c	01df2023	sw	x29,0(x30)	 x30:0x00020000 x29:0x00000030 PA:0x00020000 store:0x00000030 load:0x00000000
          12372	      6182	00100260	01cfd793	srli	x15,x31,0x1c	 x31:0x000f0000 x15=0x00000000
          12374	      6183	00100264	00900713	addi	x14,x0,9	  x0:0x00000000 x14=0x00000009
          12376	      6184	00100268	f2f76ae3	bltu	x14,x15,10019c	 x14:0x00000009 x15:0x00000000
          12378	      6185	0010026c	03078393	addi	x7,x15,48	 x15:0x00000000  x7=0x00000030
          12380	      6186	00100270	000205b7	lui	x11,0x20	 x11=0x00020000
          12382	      6187	00100274	01451613	slli	x12,x10,0x14	 x10:0x0000000f x12=0x00f00000
          12386	      6189	00100278	0075a023	sw	x7,0(x11)	 x11:0x00020000  x7:0x00000030 PA:0x00020000 store:0x00000030 load:0x00000000
          12388	      6190	0010027c	01c65693	srli	x13,x12,0x1c	 x12:0x00f00000 x13=0x00000000
          12390	      6191	00100280	00900813	addi	x16,x0,9	  x0:0x00000000 x16=0x00000009
          12392	      6192	00100284	f2d86ae3	bltu	x16,x13,1001b8	 x16:0x00000009 x13:0x00000000
          12394	      6193	00100288	03068e93	addi	x29,x13,48	 x13:0x00000000 x29=0x00000030
          12396	      6194	0010028c	00020f37	lui	x30,0x20	 x30=0x00020000
          12398	      6195	00100290	01851f93	slli	x31,x10,0x18	 x10:0x0000000f x31=0x0f000000
          12402	      6197	00100294	01df2023	sw	x29,0(x30)	 x30:0x00020000 x29:0x00000030 PA:0x00020000 store:0x00000030 load:0x00000000
          12404	      6198	00100298	01cfd793	srli	x15,x31,0x1c	 x31:0x0f000000 x15=0x00000000
          12406	      6199	0010029c	00900713	addi	x14,x0,9	  x0:0x00000000 x14=0x00000009
          12408	      6200	001002a0	f2f76ae3	bltu	x14,x15,1001d4	 x14:0x00000009 x15:0x00000000
          12410	      6201	001002a4	03078393	addi	x7,x15,48	 x15:0x00000000  x7=0x00000030
          12412	      6202	001002a8	000205b7	lui	x11,0x20	 x11=0x00020000
          12416	      6204	001002ac	0075a023	sw	x7,0(x11)	 x11:0x00020000  x7:0x00000030 PA:0x00020000 store:0x00000030 load:0x00000000
          12418	      6205	001002b0	00f57513	andi	x10,x10,15	 x10:0x0000000f x10=0x0000000f
          12420	      6206	001002b4	00900613	addi	x12,x0,9	  x0:0x00000000 x12=0x00000009
          12422	      6207	001002b8	f2a67ae3	bgeu	x12,x10,1001ec	 x12:0x00000009 x10:0x0000000f
          12424	      6208	001002bc	03750693	addi	x13,x10,55	 x10:0x0000000f x13=0x00000046
          12426	      6209	001002c0	00020837	lui	x16,0x20	 x16=0x00020000
          12430	      6211	001002c4	00d82023	sw	x13,0(x16)	 x16:0x00020000 x13:0x00000046 PA:0x00020000 store:0x00000046 load:0x00000000
          12434	      6213	001002c8	00008067	jalr	x0,0(x1)	  x1:0x001012e8  x0=0x00000000
          12436	      6214	001012e8	a18b0513	addi	x10,x22,-1512	 x22:0x00102000 x10=0x00101a18
          12440	      6216	001012ec	db5fe0ef	jal	x1,1000a0	  x1=0x001012f0
          12444	      6218	001000a0	00054803	lbu	x16,0(x10)	 x10:0x00101a18 x16=0x00000020 PA:0x00101a18 store:0x00000000
          12446	      6219	001000a4	06080663	beq	x16,x0,100110	 x16:0x00000020  x0:0x00000000
          12448	      6220	001000a8	000207b7	lui	x15,0x20	 x15=0x00020000
          12452	      6222	001000ac	0107a023	sw	x16,0(x15)	 x15:0x00020000 x16:0x00000020 PA:0x00020000 store:0x00000020 load:0x00000000
          12456	      6224	001000b0	00154703	lbu	x14,1(x10)	 x10:0x00101a18 x14=0x00000072 PA:0x00101a19 store:0x001012f0
          12458	      6225	001000b4	04070e63	beq	x14,x0,100110	 x14:0x00000072  x0:0x00000000
          12462	      6227	001000b8	00e7a023	sw	x14,0(x15)	 x15:0x00020000 x14:0x00000072 PA:0x00020000 store:0x00000072 load:0x00000000
          12466	      6229	001000bc	00254283	lbu	x5,2(x10)	 x10:0x00101a18  x5=0x00000065 PA:0x00101a1a store:0x00137fa0
          12468	      6230	001000c0	04028863	beq	x5,x0,100110	  x5:0x00000065  x0:0x00000000
          12472	      6232	001000c4	0057a023	sw	x5,0(x15)	 x15:0x00020000  x5:0x00000065 PA:0x00020000 store:0x00000065 load:0x00000000
          12476	      6234	001000c8	00354303	lbu	x6,3(x10)	 x10:0x00101a18  x6=0x00000073 PA:0x00101a1b store:0x00000000
          12478	      6235	001000cc	04030263	beq	x6,x0,100110	  x6:0x00000073  x0:0x00000000
          12482	      6237	001000d0	0067a023	sw	x6,0(x15)	 x15:0x00020000  x6:0x00000073 PA:0x00020000 store:0x00000073 load:0x00000000
          12486	      6239	001000d4	00454383	lbu	x7,4(x10)	 x10:0x00101a18  x7=0x00000075 PA:0x00101a1c store:0x00000000
          12488	      6240	001000d8	02038c63	beq	x7,x0,100110	  x7:0x00000075  x0:0x00000000
          12492	      6242	001000dc	0077a023	sw	x7,0(x15)	 x15:0x00020000  x7:0x00000075 PA:0x00020000 store:0x00000075 load:0x00000000
          12496	      6244	001000e0	00554583	lbu	x11,5(x10)	 x10:0x00101a18 x11=0x0000006c PA:0x00101a1d store:0x00000065
          12498	      6245	001000e4	02058663	beq	x11,x0,100110	 x11:0x0000006c  x0:0x00000000
          12502	      6247	001000e8	00b7a023	sw	x11,0(x15)	 x15:0x00020000 x11:0x0000006c PA:0x00020000 store:0x0000006c load:0x00000000
          12506	      6249	001000ec	00654603	lbu	x12,6(x10)	 x10:0x00101a18 x12=0x00000074 PA:0x00101a1e store:0x00000073
          12508	      6250	001000f0	02060063	beq	x12,x0,100110	 x12:0x00000074  x0:0x00000000
          12512	      6252	001000f4	00c7a023	sw	x12,0(x15)	 x15:0x00020000 x12:0x00000074 PA:0x00020000 store:0x00000074 load:0x00000000
          12516	      6254	001000f8	00754683	lbu	x13,7(x10)	 x10:0x00101a18 x13=0x0000003a PA:0x00101a1f store:0x00000075
          12518	      6255	001000fc	00850513	addi	x10,x10,8	 x10:0x00101a18 x10=0x00101a20
          12520	      6256	00100100	00068863	beq	x13,x0,100110	 x13:0x0000003a  x0:0x00000000
          12524	      6258	00100104	00d7a023	sw	x13,0(x15)	 x15:0x00020000 x13:0x0000003a PA:0x00020000 store:0x0000003a load:0x00000000
          12528	      6260	00100108	00054803	lbu	x16,0(x10)	 x10:0x00101a20 x16=0x00000020 PA:0x00101a20 store:0x00000000
          12532	      6262	0010010c	fa0810e3	bne	x16,x0,1000ac	 x16:0x00000020  x0:0x00000000
          12538	      6265	001000ac	0107a023	sw	x16,0(x15)	 x15:0x00020000 x16:0x00000020 PA:0x00020000 store:0x00000020 load:0x00000000
          12542	      6267	001000b0	00154703	lbu	x14,1(x10)	 x10:0x00101a20 x14=0x00000000 PA:0x00101a21 store:0x001012f0
          12546	      6269	001000b4	04070e63	beq	x14,x0,100110	 x14:0x00000000  x0:0x00000000
          12550	      6271	00100110	00000513	addi	x10,x0,0	  x0:0x00000000 x10=0x00000000
          12554	      6273	00100114	00008067	jalr	x0,0(x1)	  x1:0x001012f0  x0=0x00000000
          12558	      6275	001012f0	cf8a2503	lw	x10,-776(x20)	 x20:0x00102000 x10=0x0c5a11df PA:0x00101cf8 store:0x00000010
          12562	      6277	001012f4	e2dfe0ef	jal	x1,100120	  x1=0x001012f8
          12564	      6278	00100120	01c55793	srli	x15,x10,0x1c	 x10:0x0c5a11df x15=0x00000000
          12566	      6279	00100124	00900713	addi	x14,x0,9	  x0:0x00000000 x14=0x00000009
          12570	      6281	00100128	0cf77a63	bgeu	x14,x15,1001fc	 x14:0x00000009 x15:0x00000000
          12574	      6283	001001fc	03078393	addi	x7,x15,48	 x15:0x00000000  x7=0x00000030
          12576	      6284	00100200	000205b7	lui	x11,0x20	 x11=0x00020000
          12578	      6285	00100204	00451613	slli	x12,x10,0x4	 x10:0x0c5a11df x12=0xc5a11df0
          12582	      6287	00100208	0075a023	sw	x7,0(x11)	 x11:0x00020000  x7:0x00000030 PA:0x00020000 store:0x00000030 load:0x00000000
          12584	      6288	0010020c	01c65693	srli	x13,x12,0x1c	 x12:0xc5a11df0 x13=0x0000000c
          12586	      6289	00100210	00900813	addi	x16,x0,9	  x0:0x00000000 x16=0x00000009
          12590	      6291	00100214	f2d86ae3	bltu	x16,x13,100148	 x16:0x00000009 x13:0x0000000c
          12594	      6293	00100148	03768893	addi	x17,x13,55	 x13:0x0000000c x17=0x00000043
          12596	      6294	0010014c	00020e37	lui	x28,0x20	 x28=0x00020000
          12598	      6295	00100150	00851f93	slli	x31,x10,0x8	 x10:0x0c5a11df x31=0x5a11df00
          12602	      6297	00100154	011e2023	sw	x17,0(x28)	 x28:0x00020000 x17:0x00000043 PA:0x00020000 store:0x00000043 load:0x00000000
          12604	      6298	00100158	01cfd793	srli	x15,x31,0x1c	 x31:0x5a11df00 x15=0x00000005
          12606	      6299	0010015c	00900713	addi	x14,x0,9	  x0:0x00000000 x14=0x00000009
          12610	      6301	00100160	0cf77a63	bgeu	x14,x15,100234	 x14:0x00000009 x15:0x00000005
          12614	      6303	00100234	03078393	addi	x7,x15,48	 x15:0x00000005  x7=0x00000035
          12616	      6304	00100238	000205b7	lui	x11,0x20	 x11=0x00020000
          12618	      6305	0010023c	00c51613	slli	x12,x10,0xc	 x10:0x0c5a11df x12=0xa11df000
          12622	      6307	00100240	0075a023	sw	x7,0(x11)	 x11:0x00020000  x7:0x00000035 PA:0x00020000 store:0x00000035 load:0x00000000
          12624	      6308	00100244	01c65693	srli	x13,x12,0x1c	 x12:0xa11df000 x13=0x0000000a
          12626	      6309	00100248	00900813	addi	x16,x0,9	  x0:0x00000000 x16=0x00000009
          12630	      6311	0010024c	f2d86ae3	bltu	x16,x13,100180	 x16:0x00000009 x13:0x0000000a
          12634	      6313	00100180	03768893	addi	x17,x13,55	 x13:0x0000000a x17=0x00000041
          12636	      6314	00100184	00020e37	lui	x28,0x20	 x28=0x00020000
          12638	      6315	00100188	01051f93	slli	x31,x10,0x10	 x10:0x0c5a11df x31=0x11df0000
          12642	      6317	0010018c	011e2023	sw	x17,0(x28)	 x28:0x00020000 x17:0x00000041 PA:0x00020000 store:0x00000041 load:0x00000000
          12644	      6318	00100190	01cfd793	srli	x15,x31,0x1c	 x31:0x11df0000 x15=0x00000001
          12646	      6319	00100194	00900713	addi	x14,x0,9	  x0:0x00000000 x14=0x00000009
          12650	      6321	00100198	0cf77a63	bgeu	x14,x15,10026c	 x14:0x00000009 x15:0x00000001
          12654	      6323	0010026c	03078393	addi	x7,x15,48	 x15:0x00000001  x7=0x00000031
          12656	      6324	00100270	000205b7	lui	x11,0x20	 x11=0x00020000
          12658	      6325	00100274	01451613	slli	x12,x10,0x14	 x10:0x0c5a11df x12=0x1df00000
          12662	      6327	00100278	0075a023	sw	x7,0(x11)	 x11:0x00020000  x7:0x00000031 PA:0x00020000 store:0x00000031 load:0x00000000
          12664	      6328	0010027c	01c65693	srli	x13,x12,0x1c	 x12:0x1df00000 x13=0x00000001
          12666	      6329	00100280	00900813	addi	x16,x0,9	  x0:0x00000000 x16=0x00000009
          12668	      6330	00100284	f2d86ae3	bltu	x16,x13,1001b8	 x16:0x00000009 x13:0x00000001
          12670	      6331	00100288	03068e93	addi	x29,x13,48	 x13:0x00000001 x29=0x00000031
          12672	      6332	0010028c	00020f37	lui	x30,0x20	 x30=0x00020000
          12674	      6333	00100290	01851f93	slli	x31,x10,0x18	 x10:0x0c5a11df x31=0xdf000000
          12678	      6335	00100294	01df2023	sw	x29,0(x30)	 x30:0x00020000 x29:0x00000031 PA:0x00020000 store:0x00000031 load:0x00000000
          12680	      6336	00100298	01cfd793	srli	x15,x31,0x1c	 x31:0xdf000000 x15=0x0000000d
          12682	      6337	0010029c	00900713	addi	x14,x0,9	  x0:0x00000000 x14=0x00000009
          12686	      6339	001002a0	f2f76ae3	bltu	x14,x15,1001d4	 x14:0x00000009 x15:0x0000000d
          12690	      6341	001001d4	03778293	addi	x5,x15,55	 x15:0x0000000d  x5=0x00000044
          12692	      6342	001001d8	00020337	lui	x6,0x20	  x6=0x00020000
          12696	      6344	001001dc	00532023	sw	x5,0(x6)	  x6:0x00020000  x5:0x00000044 PA:0x00020000 store:0x00000044 load:0x00000000
          12698	      6345	001001e0	00f57513	andi	x10,x10,15	 x10:0x0c5a11df x10=0x0000000f
          12700	      6346	001001e4	00900613	addi	x12,x0,9	  x0:0x00000000 x12=0x00000009
          12704	      6348	001001e8	0ca66a63	bltu	x12,x10,1002bc	 x12:0x00000009 x10:0x0000000f
          12708	      6350	001002bc	03750693	addi	x13,x10,55	 x10:0x0000000f x13=0x00000046
          12710	      6351	001002c0	00020837	lui	x16,0x20	 x16=0x00020000
          12714	      6353	001002c4	00d82023	sw	x13,0(x16)	 x16:0x00020000 x13:0x00000046 PA:0x00020000 store:0x00000046 load:0x00000000
          12718	      6355	001002c8	00008067	jalr	x0,0(x1)	  x1:0x001012f8  x0=0x00000000
          12722	      6357	001012f8	f1ac10e3	bne	x24,x26,1011f8	 x24:0x00000010 x26:0x00000014
          12730	      6361	001011f8	d089a987	flw	f19,-760(x19)	 f19:0x00102000 f19=0x00000000 PA:0x00101d08 store:0x4598f2e4
          12732	      6362	001011fc	d24baa07	flw	f20,-732(x23)	 f23:0x00102000 f20=0x00000000 PA:0x00101d24 store:0x42f67c6a
          12756	      6374	00101200	a10a8513	addi	x10,x21,-1520	 x21:0x00102000 x10=0x00101a10
          12758	      6375	00101204	1949fad3	fdiv.s	f21,f19,f20	 f19:0x00102000 f20:0x00102000 f21=0x00000000
          12760	      6376	00101208	d159a427	fsw	f21,-760(x19)	 f19:0x00102000 f21:0x00102000 PA:0x00101d08 store:0x08e27cac load:0x42f67c6a
          12762	      6377	0010120c	d089ae07	flw	f28,-760(x19)	 f19:0x00102000 f28=0x00000000 PA:0x00101d08 store:0x4598f2e4
          12764	      6378	00101210	e00e0dd3	fmv.x.w	x27,f28	 f28:0x00020000 x27=0x08e27cac
          12766	      6379	00101214	cfba2c23	sw	x27,-776(x20)	 x20:0x00102000 x27:0x08e27cac PA:0x00101cf8 store:0x08e27cac load:0x08e27cac
          12768	      6380	00101218	e89fe0ef	jal	x1,1000a0	  x1=0x0010121c
          12772	      6382	001000a0	00054803	lbu	x16,0(x10)	 x10:0x00101a10 x16=0x0000000a PA:0x00101a10 store:0x00000000
          12774	      6383	001000a4	06080663	beq	x16,x0,100110	 x16:0x0000000a  x0:0x00000000
          12776	      6384	001000a8	000207b7	lui	x15,0x20	 x15=0x00020000
          12780	      6386	001000ac	0107a023	sw	x16,0(x15)	 x15:0x00020000 x16:0x0000000a PA:0x00020000 store:0x0000000a load:0x00000000
          12784	      6388	001000b0	00154703	lbu	x14,1(x10)	 x10:0x00101a10 x14=0x00000020 PA:0x00101a11 store:0x0010121c
          12786	      6389	001000b4	04070e63	beq	x14,x0,100110	 x14:0x00000020  x0:0x00000000
          12790	      6391	001000b8	00e7a023	sw	x14,0(x15)	 x15:0x00020000 x14:0x00000020 PA:0x00020000 store:0x00000020 load:0x00000000
          12794	      6393	001000bc	00254283	lbu	x5,2(x10)	 x10:0x00101a10  x5=0x00000069 PA:0x00101a12 store:0x00137fa0
          12796	      6394	001000c0	04028863	beq	x5,x0,100110	  x5:0x00000069  x0:0x00000000
          12800	      6396	001000c4	0057a023	sw	x5,0(x15)	 x15:0x00020000  x5:0x00000069 PA:0x00020000 store:0x00000069 load:0x00000000
          12804	      6398	001000c8	00354303	lbu	x6,3(x10)	 x10:0x00101a10  x6=0x0000003d PA:0x00101a13 store:0x00000000
          12806	      6399	001000cc	04030263	beq	x6,x0,100110	  x6:0x0000003d  x0:0x00000000
          12810	      6401	001000d0	0067a023	sw	x6,0(x15)	 x15:0x00020000  x6:0x0000003d PA:0x00020000 store:0x0000003d load:0x00000000
          12814	      6403	001000d4	00454383	lbu	x7,4(x10)	 x10:0x00101a10  x7=0x00000000 PA:0x00101a14 store:0x00000000
          12818	      6405	001000d8	02038c63	beq	x7,x0,100110	  x7:0x00000000  x0:0x00000000
          12822	      6407	00100110	00000513	addi	x10,x0,0	  x0:0x00000000 x10=0x00000000
          12826	      6409	00100114	00008067	jalr	x0,0(x1)	  x1:0x0010121c  x0=0x00000000
          12828	      6410	0010121c	000c0513	addi	x10,x24,0	 x24:0x00000010 x10=0x00000010
          12832	      6412	00101220	f01fe0ef	jal	x1,100120	  x1=0x00101224
          12834	      6413	00100120	01c55793	srli	x15,x10,0x1c	 x10:0x00000010 x15=0x00000000
          12836	      6414	00100124	00900713	addi	x14,x0,9	  x0:0x00000000 x14=0x00000009
          12840	      6416	00100128	0cf77a63	bgeu	x14,x15,1001fc	 x14:0x00000009 x15:0x00000000
          12844	      6418	001001fc	03078393	addi	x7,x15,48	 x15:0x00000000  x7=0x00000030
          12846	      6419	00100200	000205b7	lui	x11,0x20	 x11=0x00020000
          12848	      6420	00100204	00451613	slli	x12,x10,0x4	 x10:0x00000010 x12=0x00000100
          12852	      6422	00100208	0075a023	sw	x7,0(x11)	 x11:0x00020000  x7:0x00000030 PA:0x00020000 store:0x00000030 load:0x00000000
          12854	      6423	0010020c	01c65693	srli	x13,x12,0x1c	 x12:0x00000100 x13=0x00000000
          12856	      6424	00100210	00900813	addi	x16,x0,9	  x0:0x00000000 x16=0x00000009
          12858	      6425	00100214	f2d86ae3	bltu	x16,x13,100148	 x16:0x00000009 x13:0x00000000
          12860	      6426	00100218	03068e93	addi	x29,x13,48	 x13:0x00000000 x29=0x00000030
          12862	      6427	0010021c	00020f37	lui	x30,0x20	 x30=0x00020000
          12864	      6428	00100220	00851f93	slli	x31,x10,0x8	 x10:0x00000010 x31=0x00001000
          12868	      6430	00100224	01df2023	sw	x29,0(x30)	 x30:0x00020000 x29:0x00000030 PA:0x00020000 store:0x00000030 load:0x00000000
          12870	      6431	00100228	01cfd793	srli	x15,x31,0x1c	 x31:0x00001000 x15=0x00000000
          12872	      6432	0010022c	00900713	addi	x14,x0,9	  x0:0x00000000 x14=0x00000009
          12874	      6433	00100230	f2f76ae3	bltu	x14,x15,100164	 x14:0x00000009 x15:0x00000000
          12876	      6434	00100234	03078393	addi	x7,x15,48	 x15:0x00000000  x7=0x00000030
          12878	      6435	00100238	000205b7	lui	x11,0x20	 x11=0x00020000
          12880	      6436	0010023c	00c51613	slli	x12,x10,0xc	 x10:0x00000010 x12=0x00010000
          12884	      6438	00100240	0075a023	sw	x7,0(x11)	 x11:0x00020000  x7:0x00000030 PA:0x00020000 store:0x00000030 load:0x00000000
          12886	      6439	00100244	01c65693	srli	x13,x12,0x1c	 x12:0x00010000 x13=0x00000000
          12888	      6440	00100248	00900813	addi	x16,x0,9	  x0:0x00000000 x16=0x00000009
          12890	      6441	0010024c	f2d86ae3	bltu	x16,x13,100180	 x16:0x00000009 x13:0x00000000
          12892	      6442	00100250	03068e93	addi	x29,x13,48	 x13:0x00000000 x29=0x00000030
          12894	      6443	00100254	00020f37	lui	x30,0x20	 x30=0x00020000
          12896	      6444	00100258	01051f93	slli	x31,x10,0x10	 x10:0x00000010 x31=0x00100000
          12900	      6446	0010025c	01df2023	sw	x29,0(x30)	 x30:0x00020000 x29:0x00000030 PA:0x00020000 store:0x00000030 load:0x00000000
          12902	      6447	00100260	01cfd793	srli	x15,x31,0x1c	 x31:0x00100000 x15=0x00000000
          12904	      6448	00100264	00900713	addi	x14,x0,9	  x0:0x00000000 x14=0x00000009
          12906	      6449	00100268	f2f76ae3	bltu	x14,x15,10019c	 x14:0x00000009 x15:0x00000000
          12908	      6450	0010026c	03078393	addi	x7,x15,48	 x15:0x00000000  x7=0x00000030
          12910	      6451	00100270	000205b7	lui	x11,0x20	 x11=0x00020000
          12912	      6452	00100274	01451613	slli	x12,x10,0x14	 x10:0x00000010 x12=0x01000000
          12916	      6454	00100278	0075a023	sw	x7,0(x11)	 x11:0x00020000  x7:0x00000030 PA:0x00020000 store:0x00000030 load:0x00000000
          12918	      6455	0010027c	01c65693	srli	x13,x12,0x1c	 x12:0x01000000 x13=0x00000000
          12920	      6456	00100280	00900813	addi	x16,x0,9	  x0:0x00000000 x16=0x00000009
          12922	      6457	00100284	f2d86ae3	bltu	x16,x13,1001b8	 x16:0x00000009 x13:0x00000000
          12924	      6458	00100288	03068e93	addi	x29,x13,48	 x13:0x00000000 x29=0x00000030
          12926	      6459	0010028c	00020f37	lui	x30,0x20	 x30=0x00020000
          12928	      6460	00100290	01851f93	slli	x31,x10,0x18	 x10:0x00000010 x31=0x10000000
          12932	      6462	00100294	01df2023	sw	x29,0(x30)	 x30:0x00020000 x29:0x00000030 PA:0x00020000 store:0x00000030 load:0x00000000
          12934	      6463	00100298	01cfd793	srli	x15,x31,0x1c	 x31:0x10000000 x15=0x00000001
          12936	      6464	0010029c	00900713	addi	x14,x0,9	  x0:0x00000000 x14=0x00000009
          12938	      6465	001002a0	f2f76ae3	bltu	x14,x15,1001d4	 x14:0x00000009 x15:0x00000001
          12940	      6466	001002a4	03078393	addi	x7,x15,48	 x15:0x00000001  x7=0x00000031
          12942	      6467	001002a8	000205b7	lui	x11,0x20	 x11=0x00020000
          12946	      6469	001002ac	0075a023	sw	x7,0(x11)	 x11:0x00020000  x7:0x00000031 PA:0x00020000 store:0x00000031 load:0x00000000
          12948	      6470	001002b0	00f57513	andi	x10,x10,15	 x10:0x00000010 x10=0x00000000
          12950	      6471	001002b4	00900613	addi	x12,x0,9	  x0:0x00000000 x12=0x00000009
          12954	      6473	001002b8	f2a67ae3	bgeu	x12,x10,1001ec	 x12:0x00000009 x10:0x00000000
          12958	      6475	001001ec	03050893	addi	x17,x10,48	 x10:0x00000000 x17=0x00000030
          12960	      6476	001001f0	00020e37	lui	x28,0x20	 x28=0x00020000
          12964	      6478	001001f4	011e2023	sw	x17,0(x28)	 x28:0x00020000 x17:0x00000030 PA:0x00020000 store:0x00000030 load:0x00000000
          12968	      6480	001001f8	00008067	jalr	x0,0(x1)	  x1:0x00101224  x0=0x00000000
          12970	      6481	00101224	a18b0513	addi	x10,x22,-1512	 x22:0x00102000 x10=0x00101a18
          12974	      6483	00101228	e79fe0ef	jal	x1,1000a0	  x1=0x0010122c
          12978	      6485	001000a0	00054803	lbu	x16,0(x10)	 x10:0x00101a18 x16=0x00000020 PA:0x00101a18 store:0x00000000
          12980	      6486	001000a4	06080663	beq	x16,x0,100110	 x16:0x00000020  x0:0x00000000
          12982	      6487	001000a8	000207b7	lui	x15,0x20	 x15=0x00020000
          12986	      6489	001000ac	0107a023	sw	x16,0(x15)	 x15:0x00020000 x16:0x00000020 PA:0x00020000 store:0x00000020 load:0x00000000
          12990	      6491	001000b0	00154703	lbu	x14,1(x10)	 x10:0x00101a18 x14=0x00000072 PA:0x00101a19 store:0x0010122c
          12992	      6492	001000b4	04070e63	beq	x14,x0,100110	 x14:0x00000072  x0:0x00000000
          12996	      6494	001000b8	00e7a023	sw	x14,0(x15)	 x15:0x00020000 x14:0x00000072 PA:0x00020000 store:0x00000072 load:0x00000000
          13000	      6496	001000bc	00254283	lbu	x5,2(x10)	 x10:0x00101a18  x5=0x00000065 PA:0x00101a1a store:0x00137fa0
          13002	      6497	001000c0	04028863	beq	x5,x0,100110	  x5:0x00000065  x0:0x00000000
          13006	      6499	001000c4	0057a023	sw	x5,0(x15)	 x15:0x00020000  x5:0x00000065 PA:0x00020000 store:0x00000065 load:0x00000000
          13010	      6501	001000c8	00354303	lbu	x6,3(x10)	 x10:0x00101a18  x6=0x00000073 PA:0x00101a1b store:0x00000000
          13012	      6502	001000cc	04030263	beq	x6,x0,100110	  x6:0x00000073  x0:0x00000000
          13016	      6504	001000d0	0067a023	sw	x6,0(x15)	 x15:0x00020000  x6:0x00000073 PA:0x00020000 store:0x00000073 load:0x00000000
          13020	      6506	001000d4	00454383	lbu	x7,4(x10)	 x10:0x00101a18  x7=0x00000075 PA:0x00101a1c store:0x00000000
          13022	      6507	001000d8	02038c63	beq	x7,x0,100110	  x7:0x00000075  x0:0x00000000
          13026	      6509	001000dc	0077a023	sw	x7,0(x15)	 x15:0x00020000  x7:0x00000075 PA:0x00020000 store:0x00000075 load:0x00000000
          13030	      6511	001000e0	00554583	lbu	x11,5(x10)	 x10:0x00101a18 x11=0x0000006c PA:0x00101a1d store:0x00000065
          13032	      6512	001000e4	02058663	beq	x11,x0,100110	 x11:0x0000006c  x0:0x00000000
          13036	      6514	001000e8	00b7a023	sw	x11,0(x15)	 x15:0x00020000 x11:0x0000006c PA:0x00020000 store:0x0000006c load:0x00000000
          13040	      6516	001000ec	00654603	lbu	x12,6(x10)	 x10:0x00101a18 x12=0x00000074 PA:0x00101a1e store:0x00000073
          13042	      6517	001000f0	02060063	beq	x12,x0,100110	 x12:0x00000074  x0:0x00000000
          13046	      6519	001000f4	00c7a023	sw	x12,0(x15)	 x15:0x00020000 x12:0x00000074 PA:0x00020000 store:0x00000074 load:0x00000000
          13050	      6521	001000f8	00754683	lbu	x13,7(x10)	 x10:0x00101a18 x13=0x0000003a PA:0x00101a1f store:0x00000075
          13052	      6522	001000fc	00850513	addi	x10,x10,8	 x10:0x00101a18 x10=0x00101a20
          13054	      6523	00100100	00068863	beq	x13,x0,100110	 x13:0x0000003a  x0:0x00000000
          13058	      6525	00100104	00d7a023	sw	x13,0(x15)	 x15:0x00020000 x13:0x0000003a PA:0x00020000 store:0x0000003a load:0x00000000
          13062	      6527	00100108	00054803	lbu	x16,0(x10)	 x10:0x00101a20 x16=0x00000020 PA:0x00101a20 store:0x00000000
          13066	      6529	0010010c	fa0810e3	bne	x16,x0,1000ac	 x16:0x00000020  x0:0x00000000
          13072	      6532	001000ac	0107a023	sw	x16,0(x15)	 x15:0x00020000 x16:0x00000020 PA:0x00020000 store:0x00000020 load:0x00000000
          13076	      6534	001000b0	00154703	lbu	x14,1(x10)	 x10:0x00101a20 x14=0x00000000 PA:0x00101a21 store:0x0010122c
          13080	      6536	001000b4	04070e63	beq	x14,x0,100110	 x14:0x00000000  x0:0x00000000
          13084	      6538	00100110	00000513	addi	x10,x0,0	  x0:0x00000000 x10=0x00000000
          13088	      6540	00100114	00008067	jalr	x0,0(x1)	  x1:0x0010122c  x0=0x00000000
          13092	      6542	0010122c	cf8a2503	lw	x10,-776(x20)	 x20:0x00102000 x10=0x08e27cac PA:0x00101cf8 store:0x00000010
          13094	      6543	00101230	001c0d93	addi	x27,x24,1	 x24:0x00000010 x27=0x00000011
          13098	      6545	00101234	eedfe0ef	jal	x1,100120	  x1=0x00101238
          13100	      6546	00100120	01c55793	srli	x15,x10,0x1c	 x10:0x08e27cac x15=0x00000000
          13102	      6547	00100124	00900713	addi	x14,x0,9	  x0:0x00000000 x14=0x00000009
          13106	      6549	00100128	0cf77a63	bgeu	x14,x15,1001fc	 x14:0x00000009 x15:0x00000000
          13110	      6551	001001fc	03078393	addi	x7,x15,48	 x15:0x00000000  x7=0x00000030
          13112	      6552	00100200	000205b7	lui	x11,0x20	 x11=0x00020000
          13114	      6553	00100204	00451613	slli	x12,x10,0x4	 x10:0x08e27cac x12=0x8e27cac0
          13118	      6555	00100208	0075a023	sw	x7,0(x11)	 x11:0x00020000  x7:0x00000030 PA:0x00020000 store:0x00000030 load:0x00000000
          13120	      6556	0010020c	01c65693	srli	x13,x12,0x1c	 x12:0x8e27cac0 x13=0x00000008
          13122	      6557	00100210	00900813	addi	x16,x0,9	  x0:0x00000000 x16=0x00000009
          13124	      6558	00100214	f2d86ae3	bltu	x16,x13,100148	 x16:0x00000009 x13:0x00000008
          13126	      6559	00100218	03068e93	addi	x29,x13,48	 x13:0x00000008 x29=0x00000038
          13128	      6560	0010021c	00020f37	lui	x30,0x20	 x30=0x00020000
          13130	      6561	00100220	00851f93	slli	x31,x10,0x8	 x10:0x08e27cac x31=0xe27cac00
          13134	      6563	00100224	01df2023	sw	x29,0(x30)	 x30:0x00020000 x29:0x00000038 PA:0x00020000 store:0x00000038 load:0x00000000
          13136	      6564	00100228	01cfd793	srli	x15,x31,0x1c	 x31:0xe27cac00 x15=0x0000000e
          13138	      6565	0010022c	00900713	addi	x14,x0,9	  x0:0x00000000 x14=0x00000009
          13142	      6567	00100230	f2f76ae3	bltu	x14,x15,100164	 x14:0x00000009 x15:0x0000000e
          13146	      6569	00100164	03778293	addi	x5,x15,55	 x15:0x0000000e  x5=0x00000045
          13148	      6570	00100168	00020337	lui	x6,0x20	  x6=0x00020000
          13150	      6571	0010016c	00c51613	slli	x12,x10,0xc	 x10:0x08e27cac x12=0x27cac000
          13154	      6573	00100170	00532023	sw	x5,0(x6)	  x6:0x00020000  x5:0x00000045 PA:0x00020000 store:0x00000045 load:0x00000000
          13156	      6574	00100174	01c65693	srli	x13,x12,0x1c	 x12:0x27cac000 x13=0x00000002
          13158	      6575	00100178	00900813	addi	x16,x0,9	  x0:0x00000000 x16=0x00000009
          13162	      6577	0010017c	0cd87a63	bgeu	x16,x13,100250	 x16:0x00000009 x13:0x00000002
          13166	      6579	00100250	03068e93	addi	x29,x13,48	 x13:0x00000002 x29=0x00000032
          13168	      6580	00100254	00020f37	lui	x30,0x20	 x30=0x00020000
          13170	      6581	00100258	01051f93	slli	x31,x10,0x10	 x10:0x08e27cac x31=0x7cac0000
          13174	      6583	0010025c	01df2023	sw	x29,0(x30)	 x30:0x00020000 x29:0x00000032 PA:0x00020000 store:0x00000032 load:0x00000000
          13176	      6584	00100260	01cfd793	srli	x15,x31,0x1c	 x31:0x7cac0000 x15=0x00000007
          13178	      6585	00100264	00900713	addi	x14,x0,9	  x0:0x00000000 x14=0x00000009
          13180	      6586	00100268	f2f76ae3	bltu	x14,x15,10019c	 x14:0x00000009 x15:0x00000007
          13182	      6587	0010026c	03078393	addi	x7,x15,48	 x15:0x00000007  x7=0x00000037
          13184	      6588	00100270	000205b7	lui	x11,0x20	 x11=0x00020000
          13186	      6589	00100274	01451613	slli	x12,x10,0x14	 x10:0x08e27cac x12=0xcac00000
          13190	      6591	00100278	0075a023	sw	x7,0(x11)	 x11:0x00020000  x7:0x00000037 PA:0x00020000 store:0x00000037 load:0x00000000
          13192	      6592	0010027c	01c65693	srli	x13,x12,0x1c	 x12:0xcac00000 x13=0x0000000c
          13194	      6593	00100280	00900813	addi	x16,x0,9	  x0:0x00000000 x16=0x00000009
          13198	      6595	00100284	f2d86ae3	bltu	x16,x13,1001b8	 x16:0x00000009 x13:0x0000000c
          13202	      6597	001001b8	03768893	addi	x17,x13,55	 x13:0x0000000c x17=0x00000043
          13204	      6598	001001bc	00020e37	lui	x28,0x20	 x28=0x00020000
          13206	      6599	001001c0	01851f93	slli	x31,x10,0x18	 x10:0x08e27cac x31=0xac000000
          13210	      6601	001001c4	011e2023	sw	x17,0(x28)	 x28:0x00020000 x17:0x00000043 PA:0x00020000 store:0x00000043 load:0x00000000
          13212	      6602	001001c8	01cfd793	srli	x15,x31,0x1c	 x31:0xac000000 x15=0x0000000a
          13214	      6603	001001cc	00900713	addi	x14,x0,9	  x0:0x00000000 x14=0x00000009
          13216	      6604	001001d0	0cf77a63	bgeu	x14,x15,1002a4	 x14:0x00000009 x15:0x0000000a
          13218	      6605	001001d4	03778293	addi	x5,x15,55	 x15:0x0000000a  x5=0x00000041
          13220	      6606	001001d8	00020337	lui	x6,0x20	  x6=0x00020000
          13224	      6608	001001dc	00532023	sw	x5,0(x6)	  x6:0x00020000  x5:0x00000041 PA:0x00020000 store:0x00000041 load:0x00000000
          13226	      6609	001001e0	00f57513	andi	x10,x10,15	 x10:0x08e27cac x10=0x0000000c
          13228	      6610	001001e4	00900613	addi	x12,x0,9	  x0:0x00000000 x12=0x00000009
          13232	      6612	001001e8	0ca66a63	bltu	x12,x10,1002bc	 x12:0x00000009 x10:0x0000000c
          13236	      6614	001002bc	03750693	addi	x13,x10,55	 x10:0x0000000c x13=0x00000043
          13238	      6615	001002c0	00020837	lui	x16,0x20	 x16=0x00020000
          13242	      6617	001002c4	00d82023	sw	x13,0(x16)	 x16:0x00020000 x13:0x00000043 PA:0x00020000 store:0x00000043 load:0x00000000
          13252	      6622	001002c8	00008067	jalr	x0,0(x1)	  x1:0x00101238  x0=0x00000000
          13254	      6623	00101238	d089ae87	flw	f29,-760(x19)	 f19:0x00102000 f29=0x00000000 PA:0x00101d08 store:0x4598f2e4
          13256	      6624	0010123c	d24baf07	flw	f30,-732(x23)	 f23:0x00102000 f30=0x00000000 PA:0x00101d24 store:0x42f67c6a
          13278	      6635	00101240	a10a8513	addi	x10,x21,-1520	 x21:0x00102000 x10=0x00101a10
          13280	      6636	00101244	19eeffd3	fdiv.s	f31,f29,f30	 f29:0x00000032 f30:0x00020000 f31=0x00000000
          13282	      6637	00101248	d1f9a427	fsw	f31,-760(x19)	 f19:0x00102000 f31:0xac000000 PA:0x00101d08 store:0x056b3aa5 load:0x42f67c6a
          13284	      6638	0010124c	d089a007	flw	f0,-760(x19)	 f19:0x00102000  f0=0x00000000 PA:0x00101d08 store:0x4598f2e4
          13286	      6639	00101250	e0000e53	fmv.x.w	x28,f0	  f0:0x00000000 x28=0x056b3aa5
          13288	      6640	00101254	cfca2c23	sw	x28,-776(x20)	 x20:0x00102000 x28:0x056b3aa5 PA:0x00101cf8 store:0x056b3aa5 load:0x056b3aa5
          13290	      6641	00101258	e49fe0ef	jal	x1,1000a0	  x1=0x0010125c
          13294	      6643	001000a0	00054803	lbu	x16,0(x10)	 x10:0x00101a10 x16=0x0000000a PA:0x00101a10 store:0x00000000
          13296	      6644	001000a4	06080663	beq	x16,x0,100110	 x16:0x0000000a  x0:0x00000000
          13298	      6645	001000a8	000207b7	lui	x15,0x20	 x15=0x00020000
          13302	      6647	001000ac	0107a023	sw	x16,0(x15)	 x15:0x00020000 x16:0x0000000a PA:0x00020000 store:0x0000000a load:0x00000000
          13306	      6649	001000b0	00154703	lbu	x14,1(x10)	 x10:0x00101a10 x14=0x00000020 PA:0x00101a11 store:0x0010125c
          13308	      6650	001000b4	04070e63	beq	x14,x0,100110	 x14:0x00000020  x0:0x00000000
          13312	      6652	001000b8	00e7a023	sw	x14,0(x15)	 x15:0x00020000 x14:0x00000020 PA:0x00020000 store:0x00000020 load:0x00000000
          13316	      6654	001000bc	00254283	lbu	x5,2(x10)	 x10:0x00101a10  x5=0x00000069 PA:0x00101a12 store:0x00137fa0
          13318	      6655	001000c0	04028863	beq	x5,x0,100110	  x5:0x00000069  x0:0x00000000
          13322	      6657	001000c4	0057a023	sw	x5,0(x15)	 x15:0x00020000  x5:0x00000069 PA:0x00020000 store:0x00000069 load:0x00000000
          13326	      6659	001000c8	00354303	lbu	x6,3(x10)	 x10:0x00101a10  x6=0x0000003d PA:0x00101a13 store:0x00000000
          13328	      6660	001000cc	04030263	beq	x6,x0,100110	  x6:0x0000003d  x0:0x00000000
          13332	      6662	001000d0	0067a023	sw	x6,0(x15)	 x15:0x00020000  x6:0x0000003d PA:0x00020000 store:0x0000003d load:0x00000000
          13336	      6664	001000d4	00454383	lbu	x7,4(x10)	 x10:0x00101a10  x7=0x00000000 PA:0x00101a14 store:0x00000000
          13340	      6666	001000d8	02038c63	beq	x7,x0,100110	  x7:0x00000000  x0:0x00000000
          13344	      6668	00100110	00000513	addi	x10,x0,0	  x0:0x00000000 x10=0x00000000
          13348	      6670	00100114	00008067	jalr	x0,0(x1)	  x1:0x0010125c  x0=0x00000000
          13350	      6671	0010125c	000d8513	addi	x10,x27,0	 x27:0x00000011 x10=0x00000011
          13354	      6673	00101260	ec1fe0ef	jal	x1,100120	  x1=0x00101264
          13356	      6674	00100120	01c55793	srli	x15,x10,0x1c	 x10:0x00000011 x15=0x00000000
          13358	      6675	00100124	00900713	addi	x14,x0,9	  x0:0x00000000 x14=0x00000009
          13362	      6677	00100128	0cf77a63	bgeu	x14,x15,1001fc	 x14:0x00000009 x15:0x00000000
          13366	      6679	001001fc	03078393	addi	x7,x15,48	 x15:0x00000000  x7=0x00000030
          13368	      6680	00100200	000205b7	lui	x11,0x20	 x11=0x00020000
          13370	      6681	00100204	00451613	slli	x12,x10,0x4	 x10:0x00000011 x12=0x00000110
          13374	      6683	00100208	0075a023	sw	x7,0(x11)	 x11:0x00020000  x7:0x00000030 PA:0x00020000 store:0x00000030 load:0x00000000
          13376	      6684	0010020c	01c65693	srli	x13,x12,0x1c	 x12:0x00000110 x13=0x00000000
          13378	      6685	00100210	00900813	addi	x16,x0,9	  x0:0x00000000 x16=0x00000009
          13380	      6686	00100214	f2d86ae3	bltu	x16,x13,100148	 x16:0x00000009 x13:0x00000000
          13382	      6687	00100218	03068e93	addi	x29,x13,48	 x13:0x00000000 x29=0x00000030
          13384	      6688	0010021c	00020f37	lui	x30,0x20	 x30=0x00020000
          13386	      6689	00100220	00851f93	slli	x31,x10,0x8	 x10:0x00000011 x31=0x00001100
          13390	      6691	00100224	01df2023	sw	x29,0(x30)	 x30:0x00020000 x29:0x00000030 PA:0x00020000 store:0x00000030 load:0x00000000
          13392	      6692	00100228	01cfd793	srli	x15,x31,0x1c	 x31:0x00001100 x15=0x00000000
          13394	      6693	0010022c	00900713	addi	x14,x0,9	  x0:0x00000000 x14=0x00000009
          13396	      6694	00100230	f2f76ae3	bltu	x14,x15,100164	 x14:0x00000009 x15:0x00000000
          13398	      6695	00100234	03078393	addi	x7,x15,48	 x15:0x00000000  x7=0x00000030
          13400	      6696	00100238	000205b7	lui	x11,0x20	 x11=0x00020000
          13402	      6697	0010023c	00c51613	slli	x12,x10,0xc	 x10:0x00000011 x12=0x00011000
          13406	      6699	00100240	0075a023	sw	x7,0(x11)	 x11:0x00020000  x7:0x00000030 PA:0x00020000 store:0x00000030 load:0x00000000
          13408	      6700	00100244	01c65693	srli	x13,x12,0x1c	 x12:0x00011000 x13=0x00000000
          13410	      6701	00100248	00900813	addi	x16,x0,9	  x0:0x00000000 x16=0x00000009
          13412	      6702	0010024c	f2d86ae3	bltu	x16,x13,100180	 x16:0x00000009 x13:0x00000000
          13414	      6703	00100250	03068e93	addi	x29,x13,48	 x13:0x00000000 x29=0x00000030
          13416	      6704	00100254	00020f37	lui	x30,0x20	 x30=0x00020000
          13418	      6705	00100258	01051f93	slli	x31,x10,0x10	 x10:0x00000011 x31=0x00110000
          13422	      6707	0010025c	01df2023	sw	x29,0(x30)	 x30:0x00020000 x29:0x00000030 PA:0x00020000 store:0x00000030 load:0x00000000
          13424	      6708	00100260	01cfd793	srli	x15,x31,0x1c	 x31:0x00110000 x15=0x00000000
          13426	      6709	00100264	00900713	addi	x14,x0,9	  x0:0x00000000 x14=0x00000009
          13428	      6710	00100268	f2f76ae3	bltu	x14,x15,10019c	 x14:0x00000009 x15:0x00000000
          13430	      6711	0010026c	03078393	addi	x7,x15,48	 x15:0x00000000  x7=0x00000030
          13432	      6712	00100270	000205b7	lui	x11,0x20	 x11=0x00020000
          13434	      6713	00100274	01451613	slli	x12,x10,0x14	 x10:0x00000011 x12=0x01100000
          13438	      6715	00100278	0075a023	sw	x7,0(x11)	 x11:0x00020000  x7:0x00000030 PA:0x00020000 store:0x00000030 load:0x00000000
          13440	      6716	0010027c	01c65693	srli	x13,x12,0x1c	 x12:0x01100000 x13=0x00000000
          13442	      6717	00100280	00900813	addi	x16,x0,9	  x0:0x00000000 x16=0x00000009
          13444	      6718	00100284	f2d86ae3	bltu	x16,x13,1001b8	 x16:0x00000009 x13:0x00000000
          13446	      6719	00100288	03068e93	addi	x29,x13,48	 x13:0x00000000 x29=0x00000030
          13448	      6720	0010028c	00020f37	lui	x30,0x20	 x30=0x00020000
          13450	      6721	00100290	01851f93	slli	x31,x10,0x18	 x10:0x00000011 x31=0x11000000
          13454	      6723	00100294	01df2023	sw	x29,0(x30)	 x30:0x00020000 x29:0x00000030 PA:0x00020000 store:0x00000030 load:0x00000000
          13456	      6724	00100298	01cfd793	srli	x15,x31,0x1c	 x31:0x11000000 x15=0x00000001
          13458	      6725	0010029c	00900713	addi	x14,x0,9	  x0:0x00000000 x14=0x00000009
          13460	      6726	001002a0	f2f76ae3	bltu	x14,x15,1001d4	 x14:0x00000009 x15:0x00000001
          13462	      6727	001002a4	03078393	addi	x7,x15,48	 x15:0x00000001  x7=0x00000031
          13464	      6728	001002a8	000205b7	lui	x11,0x20	 x11=0x00020000
          13468	      6730	001002ac	0075a023	sw	x7,0(x11)	 x11:0x00020000  x7:0x00000031 PA:0x00020000 store:0x00000031 load:0x00000000
          13470	      6731	001002b0	00f57513	andi	x10,x10,15	 x10:0x00000011 x10=0x00000001
          13472	      6732	001002b4	00900613	addi	x12,x0,9	  x0:0x00000000 x12=0x00000009
          13476	      6734	001002b8	f2a67ae3	bgeu	x12,x10,1001ec	 x12:0x00000009 x10:0x00000001
          13480	      6736	001001ec	03050893	addi	x17,x10,48	 x10:0x00000001 x17=0x00000031
          13482	      6737	001001f0	00020e37	lui	x28,0x20	 x28=0x00020000
          13486	      6739	001001f4	011e2023	sw	x17,0(x28)	 x28:0x00020000 x17:0x00000031 PA:0x00020000 store:0x00000031 load:0x00000000
          13490	      6741	001001f8	00008067	jalr	x0,0(x1)	  x1:0x00101264  x0=0x00000000
          13492	      6742	00101264	a18b0513	addi	x10,x22,-1512	 x22:0x00102000 x10=0x00101a18
          13496	      6744	00101268	e39fe0ef	jal	x1,1000a0	  x1=0x0010126c
          13500	      6746	001000a0	00054803	lbu	x16,0(x10)	 x10:0x00101a18 x16=0x00000020 PA:0x00101a18 store:0x00000000
          13502	      6747	001000a4	06080663	beq	x16,x0,100110	 x16:0x00000020  x0:0x00000000
          13504	      6748	001000a8	000207b7	lui	x15,0x20	 x15=0x00020000
          13508	      6750	001000ac	0107a023	sw	x16,0(x15)	 x15:0x00020000 x16:0x00000020 PA:0x00020000 store:0x00000020 load:0x00000000
          13512	      6752	001000b0	00154703	lbu	x14,1(x10)	 x10:0x00101a18 x14=0x00000072 PA:0x00101a19 store:0x0010126c
          13514	      6753	001000b4	04070e63	beq	x14,x0,100110	 x14:0x00000072  x0:0x00000000
          13518	      6755	001000b8	00e7a023	sw	x14,0(x15)	 x15:0x00020000 x14:0x00000072 PA:0x00020000 store:0x00000072 load:0x00000000
          13522	      6757	001000bc	00254283	lbu	x5,2(x10)	 x10:0x00101a18  x5=0x00000065 PA:0x00101a1a store:0x00137fa0
          13524	      6758	001000c0	04028863	beq	x5,x0,100110	  x5:0x00000065  x0:0x00000000
          13528	      6760	001000c4	0057a023	sw	x5,0(x15)	 x15:0x00020000  x5:0x00000065 PA:0x00020000 store:0x00000065 load:0x00000000
          13532	      6762	001000c8	00354303	lbu	x6,3(x10)	 x10:0x00101a18  x6=0x00000073 PA:0x00101a1b store:0x00000000
          13534	      6763	001000cc	04030263	beq	x6,x0,100110	  x6:0x00000073  x0:0x00000000
          13538	      6765	001000d0	0067a023	sw	x6,0(x15)	 x15:0x00020000  x6:0x00000073 PA:0x00020000 store:0x00000073 load:0x00000000
          13542	      6767	001000d4	00454383	lbu	x7,4(x10)	 x10:0x00101a18  x7=0x00000075 PA:0x00101a1c store:0x00000000
          13544	      6768	001000d8	02038c63	beq	x7,x0,100110	  x7:0x00000075  x0:0x00000000
          13548	      6770	001000dc	0077a023	sw	x7,0(x15)	 x15:0x00020000  x7:0x00000075 PA:0x00020000 store:0x00000075 load:0x00000000
          13552	      6772	001000e0	00554583	lbu	x11,5(x10)	 x10:0x00101a18 x11=0x0000006c PA:0x00101a1d store:0x00000065
          13554	      6773	001000e4	02058663	beq	x11,x0,100110	 x11:0x0000006c  x0:0x00000000
          13558	      6775	001000e8	00b7a023	sw	x11,0(x15)	 x15:0x00020000 x11:0x0000006c PA:0x00020000 store:0x0000006c load:0x00000000
          13562	      6777	001000ec	00654603	lbu	x12,6(x10)	 x10:0x00101a18 x12=0x00000074 PA:0x00101a1e store:0x00000073
          13564	      6778	001000f0	02060063	beq	x12,x0,100110	 x12:0x00000074  x0:0x00000000
          13568	      6780	001000f4	00c7a023	sw	x12,0(x15)	 x15:0x00020000 x12:0x00000074 PA:0x00020000 store:0x00000074 load:0x00000000
          13572	      6782	001000f8	00754683	lbu	x13,7(x10)	 x10:0x00101a18 x13=0x0000003a PA:0x00101a1f store:0x00000075
          13574	      6783	001000fc	00850513	addi	x10,x10,8	 x10:0x00101a18 x10=0x00101a20
          13576	      6784	00100100	00068863	beq	x13,x0,100110	 x13:0x0000003a  x0:0x00000000
          13580	      6786	00100104	00d7a023	sw	x13,0(x15)	 x15:0x00020000 x13:0x0000003a PA:0x00020000 store:0x0000003a load:0x00000000
          13584	      6788	00100108	00054803	lbu	x16,0(x10)	 x10:0x00101a20 x16=0x00000020 PA:0x00101a20 store:0x00000000
          13588	      6790	0010010c	fa0810e3	bne	x16,x0,1000ac	 x16:0x00000020  x0:0x00000000
          13594	      6793	001000ac	0107a023	sw	x16,0(x15)	 x15:0x00020000 x16:0x00000020 PA:0x00020000 store:0x00000020 load:0x00000000
          13598	      6795	001000b0	00154703	lbu	x14,1(x10)	 x10:0x00101a20 x14=0x00000000 PA:0x00101a21 store:0x0010126c
          13602	      6797	001000b4	04070e63	beq	x14,x0,100110	 x14:0x00000000  x0:0x00000000
          13606	      6799	00100110	00000513	addi	x10,x0,0	  x0:0x00000000 x10=0x00000000
          13610	      6801	00100114	00008067	jalr	x0,0(x1)	  x1:0x0010126c  x0=0x00000000
          13614	      6803	0010126c	cf8a2503	lw	x10,-776(x20)	 x20:0x00102000 x10=0x056b3aa5 PA:0x00101cf8 store:0x00000010
          13616	      6804	00101270	002c0d93	addi	x27,x24,2	 x24:0x00000010 x27=0x00000012
          13620	      6806	00101274	eadfe0ef	jal	x1,100120	  x1=0x00101278
          13622	      6807	00100120	01c55793	srli	x15,x10,0x1c	 x10:0x056b3aa5 x15=0x00000000
          13624	      6808	00100124	00900713	addi	x14,x0,9	  x0:0x00000000 x14=0x00000009
          13628	      6810	00100128	0cf77a63	bgeu	x14,x15,1001fc	 x14:0x00000009 x15:0x00000000
          13632	      6812	001001fc	03078393	addi	x7,x15,48	 x15:0x00000000  x7=0x00000030
          13634	      6813	00100200	000205b7	lui	x11,0x20	 x11=0x00020000
          13636	      6814	00100204	00451613	slli	x12,x10,0x4	 x10:0x056b3aa5 x12=0x56b3aa50
          13640	      6816	00100208	0075a023	sw	x7,0(x11)	 x11:0x00020000  x7:0x00000030 PA:0x00020000 store:0x00000030 load:0x00000000
          13642	      6817	0010020c	01c65693	srli	x13,x12,0x1c	 x12:0x56b3aa50 x13=0x00000005
          13644	      6818	00100210	00900813	addi	x16,x0,9	  x0:0x00000000 x16=0x00000009
          13646	      6819	00100214	f2d86ae3	bltu	x16,x13,100148	 x16:0x00000009 x13:0x00000005
          13648	      6820	00100218	03068e93	addi	x29,x13,48	 x13:0x00000005 x29=0x00000035
          13650	      6821	0010021c	00020f37	lui	x30,0x20	 x30=0x00020000
          13652	      6822	00100220	00851f93	slli	x31,x10,0x8	 x10:0x056b3aa5 x31=0x6b3aa500
          13656	      6824	00100224	01df2023	sw	x29,0(x30)	 x30:0x00020000 x29:0x00000035 PA:0x00020000 store:0x00000035 load:0x00000000
          13658	      6825	00100228	01cfd793	srli	x15,x31,0x1c	 x31:0x6b3aa500 x15=0x00000006
          13660	      6826	0010022c	00900713	addi	x14,x0,9	  x0:0x00000000 x14=0x00000009
          13662	      6827	00100230	f2f76ae3	bltu	x14,x15,100164	 x14:0x00000009 x15:0x00000006
          13664	      6828	00100234	03078393	addi	x7,x15,48	 x15:0x00000006  x7=0x00000036
          13666	      6829	00100238	000205b7	lui	x11,0x20	 x11=0x00020000
          13668	      6830	0010023c	00c51613	slli	x12,x10,0xc	 x10:0x056b3aa5 x12=0xb3aa5000
          13672	      6832	00100240	0075a023	sw	x7,0(x11)	 x11:0x00020000  x7:0x00000036 PA:0x00020000 store:0x00000036 load:0x00000000
          13674	      6833	00100244	01c65693	srli	x13,x12,0x1c	 x12:0xb3aa5000 x13=0x0000000b
          13676	      6834	00100248	00900813	addi	x16,x0,9	  x0:0x00000000 x16=0x00000009
          13680	      6836	0010024c	f2d86ae3	bltu	x16,x13,100180	 x16:0x00000009 x13:0x0000000b
          13684	      6838	00100180	03768893	addi	x17,x13,55	 x13:0x0000000b x17=0x00000042
          13686	      6839	00100184	00020e37	lui	x28,0x20	 x28=0x00020000
          13688	      6840	00100188	01051f93	slli	x31,x10,0x10	 x10:0x056b3aa5 x31=0x3aa50000
          13692	      6842	0010018c	011e2023	sw	x17,0(x28)	 x28:0x00020000 x17:0x00000042 PA:0x00020000 store:0x00000042 load:0x00000000
          13694	      6843	00100190	01cfd793	srli	x15,x31,0x1c	 x31:0x3aa50000 x15=0x00000003
          13696	      6844	00100194	00900713	addi	x14,x0,9	  x0:0x00000000 x14=0x00000009
          13700	      6846	00100198	0cf77a63	bgeu	x14,x15,10026c	 x14:0x00000009 x15:0x00000003
          13704	      6848	0010026c	03078393	addi	x7,x15,48	 x15:0x00000003  x7=0x00000033
          13706	      6849	00100270	000205b7	lui	x11,0x20	 x11=0x00020000
          13708	      6850	00100274	01451613	slli	x12,x10,0x14	 x10:0x056b3aa5 x12=0xaa500000
          13712	      6852	00100278	0075a023	sw	x7,0(x11)	 x11:0x00020000  x7:0x00000033 PA:0x00020000 store:0x00000033 load:0x00000000
          13714	      6853	0010027c	01c65693	srli	x13,x12,0x1c	 x12:0xaa500000 x13=0x0000000a
          13716	      6854	00100280	00900813	addi	x16,x0,9	  x0:0x00000000 x16=0x00000009
          13720	      6856	00100284	f2d86ae3	bltu	x16,x13,1001b8	 x16:0x00000009 x13:0x0000000a
          13724	      6858	001001b8	03768893	addi	x17,x13,55	 x13:0x0000000a x17=0x00000041
          13726	      6859	001001bc	00020e37	lui	x28,0x20	 x28=0x00020000
          13728	      6860	001001c0	01851f93	slli	x31,x10,0x18	 x10:0x056b3aa5 x31=0xa5000000
          13732	      6862	001001c4	011e2023	sw	x17,0(x28)	 x28:0x00020000 x17:0x00000041 PA:0x00020000 store:0x00000041 load:0x00000000
          13734	      6863	001001c8	01cfd793	srli	x15,x31,0x1c	 x31:0xa5000000 x15=0x0000000a
          13736	      6864	001001cc	00900713	addi	x14,x0,9	  x0:0x00000000 x14=0x00000009
          13738	      6865	001001d0	0cf77a63	bgeu	x14,x15,1002a4	 x14:0x00000009 x15:0x0000000a
          13740	      6866	001001d4	03778293	addi	x5,x15,55	 x15:0x0000000a  x5=0x00000041
          13742	      6867	001001d8	00020337	lui	x6,0x20	  x6=0x00020000
          13746	      6869	001001dc	00532023	sw	x5,0(x6)	  x6:0x00020000  x5:0x00000041 PA:0x00020000 store:0x00000041 load:0x00000000
          13748	      6870	001001e0	00f57513	andi	x10,x10,15	 x10:0x056b3aa5 x10=0x00000005
          13750	      6871	001001e4	00900613	addi	x12,x0,9	  x0:0x00000000 x12=0x00000009
          13752	      6872	001001e8	0ca66a63	bltu	x12,x10,1002bc	 x12:0x00000009 x10:0x00000005
          13754	      6873	001001ec	03050893	addi	x17,x10,48	 x10:0x00000005 x17=0x00000035
          13756	      6874	001001f0	00020e37	lui	x28,0x20	 x28=0x00020000
          13760	      6876	001001f4	011e2023	sw	x17,0(x28)	 x28:0x00020000 x17:0x00000035 PA:0x00020000 store:0x00000035 load:0x00000000
          13770	      6881	001001f8	00008067	jalr	x0,0(x1)	  x1:0x00101278  x0=0x00000000
          13772	      6882	00101278	d089a087	flw	f1,-760(x19)	 f19:0x00102000  f1=0x00000000 PA:0x00101d08 store:0x4598f2e4
          13774	      6883	0010127c	d24ba107	flw	f2,-732(x23)	 f23:0x00102000  f2=0x00000000 PA:0x00101d24 store:0x42f67c6a
          13796	      6894	00101280	a10a8513	addi	x10,x21,-1520	 x21:0x00102000 x10=0x00101a10
          13798	      6895	00101284	1820f753	fdiv.s	f14,f1,f2	  f1:0x00101278  f2:0x00137fa0 f14=0x00000000
          13800	      6896	00101288	d0e9a427	fsw	f14,-760(x19)	 f19:0x00102000 f14:0x00000009 PA:0x00101d08 store:0x01f44f00 load:0x42f67c6a
          13802	      6897	0010128c	d089a787	flw	f15,-760(x19)	 f19:0x00102000 f15=0x00000000 PA:0x00101d08 store:0x4598f2e4
          13804	      6898	00101290	e0078ed3	fmv.x.w	x29,f15	 f15:0x0000000a x29=0x01f44f00
          13806	      6899	00101294	cfda2c23	sw	x29,-776(x20)	 x20:0x00102000 x29:0x01f44f00 PA:0x00101cf8 store:0x01f44f00 load:0x01f44f00
          13808	      6900	00101298	e09fe0ef	jal	x1,1000a0	  x1=0x0010129c
          13812	      6902	001000a0	00054803	lbu	x16,0(x10)	 x10:0x00101a10 x16=0x0000000a PA:0x00101a10 store:0x00000000
          13814	      6903	001000a4	06080663	beq	x16,x0,100110	 x16:0x0000000a  x0:0x00000000
          13816	      6904	001000a8	000207b7	lui	x15,0x20	 x15=0x00020000
          13820	      6906	001000ac	0107a023	sw	x16,0(x15)	 x15:0x00020000 x16:0x0000000a PA:0x00020000 store:0x0000000a load:0x00000000
          13824	      6908	001000b0	00154703	lbu	x14,1(x10)	 x10:0x00101a10 x14=0x00000020 PA:0x00101a11 store:0x0010129c
          13826	      6909	001000b4	04070e63	beq	x14,x0,100110	 x14:0x00000020  x0:0x00000000
          13830	      6911	001000b8	00e7a023	sw	x14,0(x15)	 x15:0x00020000 x14:0x00000020 PA:0x00020000 store:0x00000020 load:0x00000000
          13834	      6913	001000bc	00254283	lbu	x5,2(x10)	 x10:0x00101a10  x5=0x00000069 PA:0x00101a12 store:0x00137fa0
          13836	      6914	001000c0	04028863	beq	x5,x0,100110	  x5:0x00000069  x0:0x00000000
          13840	      6916	001000c4	0057a023	sw	x5,0(x15)	 x15:0x00020000  x5:0x00000069 PA:0x00020000 store:0x00000069 load:0x00000000
          13844	      6918	001000c8	00354303	lbu	x6,3(x10)	 x10:0x00101a10  x6=0x0000003d PA:0x00101a13 store:0x00000000
          13846	      6919	001000cc	04030263	beq	x6,x0,100110	  x6:0x0000003d  x0:0x00000000
          13850	      6921	001000d0	0067a023	sw	x6,0(x15)	 x15:0x00020000  x6:0x0000003d PA:0x00020000 store:0x0000003d load:0x00000000
          13854	      6923	001000d4	00454383	lbu	x7,4(x10)	 x10:0x00101a10  x7=0x00000000 PA:0x00101a14 store:0x00000000
          13858	      6925	001000d8	02038c63	beq	x7,x0,100110	  x7:0x00000000  x0:0x00000000
          13862	      6927	00100110	00000513	addi	x10,x0,0	  x0:0x00000000 x10=0x00000000
          13866	      6929	00100114	00008067	jalr	x0,0(x1)	  x1:0x0010129c  x0=0x00000000
          13868	      6930	0010129c	000d8513	addi	x10,x27,0	 x27:0x00000012 x10=0x00000012
          13872	      6932	001012a0	e81fe0ef	jal	x1,100120	  x1=0x001012a4
          13874	      6933	00100120	01c55793	srli	x15,x10,0x1c	 x10:0x00000012 x15=0x00000000
          13876	      6934	00100124	00900713	addi	x14,x0,9	  x0:0x00000000 x14=0x00000009
          13880	      6936	00100128	0cf77a63	bgeu	x14,x15,1001fc	 x14:0x00000009 x15:0x00000000
          13884	      6938	001001fc	03078393	addi	x7,x15,48	 x15:0x00000000  x7=0x00000030
          13886	      6939	00100200	000205b7	lui	x11,0x20	 x11=0x00020000
          13888	      6940	00100204	00451613	slli	x12,x10,0x4	 x10:0x00000012 x12=0x00000120
          13892	      6942	00100208	0075a023	sw	x7,0(x11)	 x11:0x00020000  x7:0x00000030 PA:0x00020000 store:0x00000030 load:0x00000000
          13894	      6943	0010020c	01c65693	srli	x13,x12,0x1c	 x12:0x00000120 x13=0x00000000
          13896	      6944	00100210	00900813	addi	x16,x0,9	  x0:0x00000000 x16=0x00000009
          13898	      6945	00100214	f2d86ae3	bltu	x16,x13,100148	 x16:0x00000009 x13:0x00000000
          13900	      6946	00100218	03068e93	addi	x29,x13,48	 x13:0x00000000 x29=0x00000030
          13902	      6947	0010021c	00020f37	lui	x30,0x20	 x30=0x00020000
          13904	      6948	00100220	00851f93	slli	x31,x10,0x8	 x10:0x00000012 x31=0x00001200
          13908	      6950	00100224	01df2023	sw	x29,0(x30)	 x30:0x00020000 x29:0x00000030 PA:0x00020000 store:0x00000030 load:0x00000000
          13910	      6951	00100228	01cfd793	srli	x15,x31,0x1c	 x31:0x00001200 x15=0x00000000
          13912	      6952	0010022c	00900713	addi	x14,x0,9	  x0:0x00000000 x14=0x00000009
          13914	      6953	00100230	f2f76ae3	bltu	x14,x15,100164	 x14:0x00000009 x15:0x00000000
          13916	      6954	00100234	03078393	addi	x7,x15,48	 x15:0x00000000  x7=0x00000030
          13918	      6955	00100238	000205b7	lui	x11,0x20	 x11=0x00020000
          13920	      6956	0010023c	00c51613	slli	x12,x10,0xc	 x10:0x00000012 x12=0x00012000
          13924	      6958	00100240	0075a023	sw	x7,0(x11)	 x11:0x00020000  x7:0x00000030 PA:0x00020000 store:0x00000030 load:0x00000000
          13926	      6959	00100244	01c65693	srli	x13,x12,0x1c	 x12:0x00012000 x13=0x00000000
          13928	      6960	00100248	00900813	addi	x16,x0,9	  x0:0x00000000 x16=0x00000009
          13930	      6961	0010024c	f2d86ae3	bltu	x16,x13,100180	 x16:0x00000009 x13:0x00000000
          13932	      6962	00100250	03068e93	addi	x29,x13,48	 x13:0x00000000 x29=0x00000030
          13934	      6963	00100254	00020f37	lui	x30,0x20	 x30=0x00020000
          13936	      6964	00100258	01051f93	slli	x31,x10,0x10	 x10:0x00000012 x31=0x00120000
          13940	      6966	0010025c	01df2023	sw	x29,0(x30)	 x30:0x00020000 x29:0x00000030 PA:0x00020000 store:0x00000030 load:0x00000000
          13942	      6967	00100260	01cfd793	srli	x15,x31,0x1c	 x31:0x00120000 x15=0x00000000
          13944	      6968	00100264	00900713	addi	x14,x0,9	  x0:0x00000000 x14=0x00000009
          13946	      6969	00100268	f2f76ae3	bltu	x14,x15,10019c	 x14:0x00000009 x15:0x00000000
          13948	      6970	0010026c	03078393	addi	x7,x15,48	 x15:0x00000000  x7=0x00000030
          13950	      6971	00100270	000205b7	lui	x11,0x20	 x11=0x00020000
          13952	      6972	00100274	01451613	slli	x12,x10,0x14	 x10:0x00000012 x12=0x01200000
          13956	      6974	00100278	0075a023	sw	x7,0(x11)	 x11:0x00020000  x7:0x00000030 PA:0x00020000 store:0x00000030 load:0x00000000
          13958	      6975	0010027c	01c65693	srli	x13,x12,0x1c	 x12:0x01200000 x13=0x00000000
          13960	      6976	00100280	00900813	addi	x16,x0,9	  x0:0x00000000 x16=0x00000009
          13962	      6977	00100284	f2d86ae3	bltu	x16,x13,1001b8	 x16:0x00000009 x13:0x00000000
          13964	      6978	00100288	03068e93	addi	x29,x13,48	 x13:0x00000000 x29=0x00000030
          13966	      6979	0010028c	00020f37	lui	x30,0x20	 x30=0x00020000
          13968	      6980	00100290	01851f93	slli	x31,x10,0x18	 x10:0x00000012 x31=0x12000000
          13972	      6982	00100294	01df2023	sw	x29,0(x30)	 x30:0x00020000 x29:0x00000030 PA:0x00020000 store:0x00000030 load:0x00000000
          13974	      6983	00100298	01cfd793	srli	x15,x31,0x1c	 x31:0x12000000 x15=0x00000001
          13976	      6984	0010029c	00900713	addi	x14,x0,9	  x0:0x00000000 x14=0x00000009
          13978	      6985	001002a0	f2f76ae3	bltu	x14,x15,1001d4	 x14:0x00000009 x15:0x00000001
          13980	      6986	001002a4	03078393	addi	x7,x15,48	 x15:0x00000001  x7=0x00000031
          13982	      6987	001002a8	000205b7	lui	x11,0x20	 x11=0x00020000
          13986	      6989	001002ac	0075a023	sw	x7,0(x11)	 x11:0x00020000  x7:0x00000031 PA:0x00020000 store:0x00000031 load:0x00000000
          13988	      6990	001002b0	00f57513	andi	x10,x10,15	 x10:0x00000012 x10=0x00000002
          13990	      6991	001002b4	00900613	addi	x12,x0,9	  x0:0x00000000 x12=0x00000009
          13994	      6993	001002b8	f2a67ae3	bgeu	x12,x10,1001ec	 x12:0x00000009 x10:0x00000002
          13998	      6995	001001ec	03050893	addi	x17,x10,48	 x10:0x00000002 x17=0x00000032
          14000	      6996	001001f0	00020e37	lui	x28,0x20	 x28=0x00020000
          14004	      6998	001001f4	011e2023	sw	x17,0(x28)	 x28:0x00020000 x17:0x00000032 PA:0x00020000 store:0x00000032 load:0x00000000
          14008	      7000	001001f8	00008067	jalr	x0,0(x1)	  x1:0x001012a4  x0=0x00000000
          14010	      7001	001012a4	a18b0513	addi	x10,x22,-1512	 x22:0x00102000 x10=0x00101a18
          14014	      7003	001012a8	df9fe0ef	jal	x1,1000a0	  x1=0x001012ac
          14018	      7005	001000a0	00054803	lbu	x16,0(x10)	 x10:0x00101a18 x16=0x00000020 PA:0x00101a18 store:0x00000000
          14020	      7006	001000a4	06080663	beq	x16,x0,100110	 x16:0x00000020  x0:0x00000000
          14022	      7007	001000a8	000207b7	lui	x15,0x20	 x15=0x00020000
          14026	      7009	001000ac	0107a023	sw	x16,0(x15)	 x15:0x00020000 x16:0x00000020 PA:0x00020000 store:0x00000020 load:0x00000000
          14030	      7011	001000b0	00154703	lbu	x14,1(x10)	 x10:0x00101a18 x14=0x00000072 PA:0x00101a19 store:0x001012ac
          14032	      7012	001000b4	04070e63	beq	x14,x0,100110	 x14:0x00000072  x0:0x00000000
          14036	      7014	001000b8	00e7a023	sw	x14,0(x15)	 x15:0x00020000 x14:0x00000072 PA:0x00020000 store:0x00000072 load:0x00000000
          14040	      7016	001000bc	00254283	lbu	x5,2(x10)	 x10:0x00101a18  x5=0x00000065 PA:0x00101a1a store:0x00137fa0
          14042	      7017	001000c0	04028863	beq	x5,x0,100110	  x5:0x00000065  x0:0x00000000
          14046	      7019	001000c4	0057a023	sw	x5,0(x15)	 x15:0x00020000  x5:0x00000065 PA:0x00020000 store:0x00000065 load:0x00000000
          14050	      7021	001000c8	00354303	lbu	x6,3(x10)	 x10:0x00101a18  x6=0x00000073 PA:0x00101a1b store:0x00000000
          14052	      7022	001000cc	04030263	beq	x6,x0,100110	  x6:0x00000073  x0:0x00000000
          14056	      7024	001000d0	0067a023	sw	x6,0(x15)	 x15:0x00020000  x6:0x00000073 PA:0x00020000 store:0x00000073 load:0x00000000
          14060	      7026	001000d4	00454383	lbu	x7,4(x10)	 x10:0x00101a18  x7=0x00000075 PA:0x00101a1c store:0x00000000
          14062	      7027	001000d8	02038c63	beq	x7,x0,100110	  x7:0x00000075  x0:0x00000000
          14066	      7029	001000dc	0077a023	sw	x7,0(x15)	 x15:0x00020000  x7:0x00000075 PA:0x00020000 store:0x00000075 load:0x00000000
          14070	      7031	001000e0	00554583	lbu	x11,5(x10)	 x10:0x00101a18 x11=0x0000006c PA:0x00101a1d store:0x00000065
          14072	      7032	001000e4	02058663	beq	x11,x0,100110	 x11:0x0000006c  x0:0x00000000
          14076	      7034	001000e8	00b7a023	sw	x11,0(x15)	 x15:0x00020000 x11:0x0000006c PA:0x00020000 store:0x0000006c load:0x00000000
          14080	      7036	001000ec	00654603	lbu	x12,6(x10)	 x10:0x00101a18 x12=0x00000074 PA:0x00101a1e store:0x00000073
          14082	      7037	001000f0	02060063	beq	x12,x0,100110	 x12:0x00000074  x0:0x00000000
          14086	      7039	001000f4	00c7a023	sw	x12,0(x15)	 x15:0x00020000 x12:0x00000074 PA:0x00020000 store:0x00000074 load:0x00000000
          14090	      7041	001000f8	00754683	lbu	x13,7(x10)	 x10:0x00101a18 x13=0x0000003a PA:0x00101a1f store:0x00000075
          14092	      7042	001000fc	00850513	addi	x10,x10,8	 x10:0x00101a18 x10=0x00101a20
          14094	      7043	00100100	00068863	beq	x13,x0,100110	 x13:0x0000003a  x0:0x00000000
          14098	      7045	00100104	00d7a023	sw	x13,0(x15)	 x15:0x00020000 x13:0x0000003a PA:0x00020000 store:0x0000003a load:0x00000000
          14102	      7047	00100108	00054803	lbu	x16,0(x10)	 x10:0x00101a20 x16=0x00000020 PA:0x00101a20 store:0x00000000
          14106	      7049	0010010c	fa0810e3	bne	x16,x0,1000ac	 x16:0x00000020  x0:0x00000000
          14112	      7052	001000ac	0107a023	sw	x16,0(x15)	 x15:0x00020000 x16:0x00000020 PA:0x00020000 store:0x00000020 load:0x00000000
          14116	      7054	001000b0	00154703	lbu	x14,1(x10)	 x10:0x00101a20 x14=0x00000000 PA:0x00101a21 store:0x001012ac
          14120	      7056	001000b4	04070e63	beq	x14,x0,100110	 x14:0x00000000  x0:0x00000000
          14124	      7058	00100110	00000513	addi	x10,x0,0	  x0:0x00000000 x10=0x00000000
          14128	      7060	00100114	00008067	jalr	x0,0(x1)	  x1:0x001012ac  x0=0x00000000
          14132	      7062	001012ac	cf8a2503	lw	x10,-776(x20)	 x20:0x00102000 x10=0x01f44f00 PA:0x00101cf8 store:0x00000010
          14134	      7063	001012b0	003c0d93	addi	x27,x24,3	 x24:0x00000010 x27=0x00000013
          14136	      7064	001012b4	004c0c13	addi	x24,x24,4	 x24:0x00000010 x24=0x00000014
          14140	      7066	001012b8	e69fe0ef	jal	x1,100120	  x1=0x001012bc
          14142	      7067	00100120	01c55793	srli	x15,x10,0x1c	 x10:0x01f44f00 x15=0x00000000
          14144	      7068	00100124	00900713	addi	x14,x0,9	  x0:0x00000000 x14=0x00000009
          14148	      7070	00100128	0cf77a63	bgeu	x14,x15,1001fc	 x14:0x00000009 x15:0x00000000
          14152	      7072	001001fc	03078393	addi	x7,x15,48	 x15:0x00000000  x7=0x00000030
          14154	      7073	00100200	000205b7	lui	x11,0x20	 x11=0x00020000
          14156	      7074	00100204	00451613	slli	x12,x10,0x4	 x10:0x01f44f00 x12=0x1f44f000
          14160	      7076	00100208	0075a023	sw	x7,0(x11)	 x11:0x00020000  x7:0x00000030 PA:0x00020000 store:0x00000030 load:0x00000000
          14162	      7077	0010020c	01c65693	srli	x13,x12,0x1c	 x12:0x1f44f000 x13=0x00000001
          14164	      7078	00100210	00900813	addi	x16,x0,9	  x0:0x00000000 x16=0x00000009
          14166	      7079	00100214	f2d86ae3	bltu	x16,x13,100148	 x16:0x00000009 x13:0x00000001
          14168	      7080	00100218	03068e93	addi	x29,x13,48	 x13:0x00000001 x29=0x00000031
          14170	      7081	0010021c	00020f37	lui	x30,0x20	 x30=0x00020000
          14172	      7082	00100220	00851f93	slli	x31,x10,0x8	 x10:0x01f44f00 x31=0xf44f0000
          14176	      7084	00100224	01df2023	sw	x29,0(x30)	 x30:0x00020000 x29:0x00000031 PA:0x00020000 store:0x00000031 load:0x00000000
          14178	      7085	00100228	01cfd793	srli	x15,x31,0x1c	 x31:0xf44f0000 x15=0x0000000f
          14180	      7086	0010022c	00900713	addi	x14,x0,9	  x0:0x00000000 x14=0x00000009
          14184	      7088	00100230	f2f76ae3	bltu	x14,x15,100164	 x14:0x00000009 x15:0x0000000f
          14188	      7090	00100164	03778293	addi	x5,x15,55	 x15:0x0000000f  x5=0x00000046
          14190	      7091	00100168	00020337	lui	x6,0x20	  x6=0x00020000
          14192	      7092	0010016c	00c51613	slli	x12,x10,0xc	 x10:0x01f44f00 x12=0x44f00000
          14196	      7094	00100170	00532023	sw	x5,0(x6)	  x6:0x00020000  x5:0x00000046 PA:0x00020000 store:0x00000046 load:0x00000000
          14198	      7095	00100174	01c65693	srli	x13,x12,0x1c	 x12:0x44f00000 x13=0x00000004
          14200	      7096	00100178	00900813	addi	x16,x0,9	  x0:0x00000000 x16=0x00000009
          14204	      7098	0010017c	0cd87a63	bgeu	x16,x13,100250	 x16:0x00000009 x13:0x00000004
          14208	      7100	00100250	03068e93	addi	x29,x13,48	 x13:0x00000004 x29=0x00000034
          14210	      7101	00100254	00020f37	lui	x30,0x20	 x30=0x00020000
          14212	      7102	00100258	01051f93	slli	x31,x10,0x10	 x10:0x01f44f00 x31=0x4f000000
          14216	      7104	0010025c	01df2023	sw	x29,0(x30)	 x30:0x00020000 x29:0x00000034 PA:0x00020000 store:0x00000034 load:0x00000000
          14218	      7105	00100260	01cfd793	srli	x15,x31,0x1c	 x31:0x4f000000 x15=0x00000004
          14220	      7106	00100264	00900713	addi	x14,x0,9	  x0:0x00000000 x14=0x00000009
          14222	      7107	00100268	f2f76ae3	bltu	x14,x15,10019c	 x14:0x00000009 x15:0x00000004
          14224	      7108	0010026c	03078393	addi	x7,x15,48	 x15:0x00000004  x7=0x00000034
          14226	      7109	00100270	000205b7	lui	x11,0x20	 x11=0x00020000
          14228	      7110	00100274	01451613	slli	x12,x10,0x14	 x10:0x01f44f00 x12=0xf0000000
          14232	      7112	00100278	0075a023	sw	x7,0(x11)	 x11:0x00020000  x7:0x00000034 PA:0x00020000 store:0x00000034 load:0x00000000
          14234	      7113	0010027c	01c65693	srli	x13,x12,0x1c	 x12:0xf0000000 x13=0x0000000f
          14236	      7114	00100280	00900813	addi	x16,x0,9	  x0:0x00000000 x16=0x00000009
          14240	      7116	00100284	f2d86ae3	bltu	x16,x13,1001b8	 x16:0x00000009 x13:0x0000000f
          14244	      7118	001001b8	03768893	addi	x17,x13,55	 x13:0x0000000f x17=0x00000046
          14246	      7119	001001bc	00020e37	lui	x28,0x20	 x28=0x00020000
          14248	      7120	001001c0	01851f93	slli	x31,x10,0x18	 x10:0x01f44f00 x31=0x00000000
          14252	      7122	001001c4	011e2023	sw	x17,0(x28)	 x28:0x00020000 x17:0x00000046 PA:0x00020000 store:0x00000046 load:0x00000000
          14254	      7123	001001c8	01cfd793	srli	x15,x31,0x1c	 x31:0x00000000 x15=0x00000000
          14256	      7124	001001cc	00900713	addi	x14,x0,9	  x0:0x00000000 x14=0x00000009
          14260	      7126	001001d0	0cf77a63	bgeu	x14,x15,1002a4	 x14:0x00000009 x15:0x00000000
          14264	      7128	001002a4	03078393	addi	x7,x15,48	 x15:0x00000000  x7=0x00000030
          14266	      7129	001002a8	000205b7	lui	x11,0x20	 x11=0x00020000
          14270	      7131	001002ac	0075a023	sw	x7,0(x11)	 x11:0x00020000  x7:0x00000030 PA:0x00020000 store:0x00000030 load:0x00000000
          14272	      7132	001002b0	00f57513	andi	x10,x10,15	 x10:0x01f44f00 x10=0x00000000
          14274	      7133	001002b4	00900613	addi	x12,x0,9	  x0:0x00000000 x12=0x00000009
          14278	      7135	001002b8	f2a67ae3	bgeu	x12,x10,1001ec	 x12:0x00000009 x10:0x00000000
          14282	      7137	001001ec	03050893	addi	x17,x10,48	 x10:0x00000000 x17=0x00000030
          14284	      7138	001001f0	00020e37	lui	x28,0x20	 x28=0x00020000
          14288	      7140	001001f4	011e2023	sw	x17,0(x28)	 x28:0x00020000 x17:0x00000030 PA:0x00020000 store:0x00000030 load:0x00000000
          14298	      7145	001001f8	00008067	jalr	x0,0(x1)	  x1:0x001012bc  x0=0x00000000
          14300	      7146	001012bc	d089a187	flw	f3,-760(x19)	 f19:0x00102000  f3=0x00000000 PA:0x00101d08 store:0x4598f2e4
          14302	      7147	001012c0	d24ba207	flw	f4,-732(x23)	 f23:0x00102000  f4=0x00000000 PA:0x00101d24 store:0x42f67c6a
          14324	      7158	001012c4	a10a8513	addi	x10,x21,-1520	 x21:0x00102000 x10=0x00101a10
          14326	      7159	001012c8	1841f5d3	fdiv.s	f11,f3,f4	  f3:0x00000000  f4:0x00000000 f11=0x00000000
          14328	      7160	001012cc	d0b9a427	fsw	f11,-760(x19)	 f19:0x00102000 f11:0x00020000 PA:0x00101d08 store:0x0007ede9 load:0x42f67c6a
          14330	      7161	001012d0	d089a287	flw	f5,-760(x19)	 f19:0x00102000  f5=0x00000000 PA:0x00101d08 store:0x4598f2e4
          14332	      7162	001012d4	e0028f53	fmv.x.w	x30,f5	  f5:0x00000046 x30=0x0007ede9
          14334	      7163	001012d8	cfea2c23	sw	x30,-776(x20)	 x20:0x00102000 x30:0x0007ede9 PA:0x00101cf8 store:0x0007ede9 load:0x0007ede9
          14336	      7164	001012dc	dc5fe0ef	jal	x1,1000a0	  x1=0x001012e0
          14340	      7166	001000a0	00054803	lbu	x16,0(x10)	 x10:0x00101a10 x16=0x0000000a PA:0x00101a10 store:0x00000000
          14342	      7167	001000a4	06080663	beq	x16,x0,100110	 x16:0x0000000a  x0:0x00000000
          14344	      7168	001000a8	000207b7	lui	x15,0x20	 x15=0x00020000
          14348	      7170	001000ac	0107a023	sw	x16,0(x15)	 x15:0x00020000 x16:0x0000000a PA:0x00020000 store:0x0000000a load:0x00000000
          14352	      7172	001000b0	00154703	lbu	x14,1(x10)	 x10:0x00101a10 x14=0x00000020 PA:0x00101a11 store:0x001012e0
          14354	      7173	001000b4	04070e63	beq	x14,x0,100110	 x14:0x00000020  x0:0x00000000
          14358	      7175	001000b8	00e7a023	sw	x14,0(x15)	 x15:0x00020000 x14:0x00000020 PA:0x00020000 store:0x00000020 load:0x00000000
          14362	      7177	001000bc	00254283	lbu	x5,2(x10)	 x10:0x00101a10  x5=0x00000069 PA:0x00101a12 store:0x00137fa0
          14364	      7178	001000c0	04028863	beq	x5,x0,100110	  x5:0x00000069  x0:0x00000000
          14368	      7180	001000c4	0057a023	sw	x5,0(x15)	 x15:0x00020000  x5:0x00000069 PA:0x00020000 store:0x00000069 load:0x00000000
          14372	      7182	001000c8	00354303	lbu	x6,3(x10)	 x10:0x00101a10  x6=0x0000003d PA:0x00101a13 store:0x00000000
          14374	      7183	001000cc	04030263	beq	x6,x0,100110	  x6:0x0000003d  x0:0x00000000
          14378	      7185	001000d0	0067a023	sw	x6,0(x15)	 x15:0x00020000  x6:0x0000003d PA:0x00020000 store:0x0000003d load:0x00000000
          14382	      7187	001000d4	00454383	lbu	x7,4(x10)	 x10:0x00101a10  x7=0x00000000 PA:0x00101a14 store:0x00000000
          14386	      7189	001000d8	02038c63	beq	x7,x0,100110	  x7:0x00000000  x0:0x00000000
          14390	      7191	00100110	00000513	addi	x10,x0,0	  x0:0x00000000 x10=0x00000000
          14394	      7193	00100114	00008067	jalr	x0,0(x1)	  x1:0x001012e0  x0=0x00000000
          14396	      7194	001012e0	000d8513	addi	x10,x27,0	 x27:0x00000013 x10=0x00000013
          14400	      7196	001012e4	e3dfe0ef	jal	x1,100120	  x1=0x001012e8
          14402	      7197	00100120	01c55793	srli	x15,x10,0x1c	 x10:0x00000013 x15=0x00000000
          14404	      7198	00100124	00900713	addi	x14,x0,9	  x0:0x00000000 x14=0x00000009
          14408	      7200	00100128	0cf77a63	bgeu	x14,x15,1001fc	 x14:0x00000009 x15:0x00000000
          14412	      7202	001001fc	03078393	addi	x7,x15,48	 x15:0x00000000  x7=0x00000030
          14414	      7203	00100200	000205b7	lui	x11,0x20	 x11=0x00020000
          14416	      7204	00100204	00451613	slli	x12,x10,0x4	 x10:0x00000013 x12=0x00000130
          14420	      7206	00100208	0075a023	sw	x7,0(x11)	 x11:0x00020000  x7:0x00000030 PA:0x00020000 store:0x00000030 load:0x00000000
          14422	      7207	0010020c	01c65693	srli	x13,x12,0x1c	 x12:0x00000130 x13=0x00000000
          14424	      7208	00100210	00900813	addi	x16,x0,9	  x0:0x00000000 x16=0x00000009
          14426	      7209	00100214	f2d86ae3	bltu	x16,x13,100148	 x16:0x00000009 x13:0x00000000
          14428	      7210	00100218	03068e93	addi	x29,x13,48	 x13:0x00000000 x29=0x00000030
          14430	      7211	0010021c	00020f37	lui	x30,0x20	 x30=0x00020000
          14432	      7212	00100220	00851f93	slli	x31,x10,0x8	 x10:0x00000013 x31=0x00001300
          14436	      7214	00100224	01df2023	sw	x29,0(x30)	 x30:0x00020000 x29:0x00000030 PA:0x00020000 store:0x00000030 load:0x00000000
          14438	      7215	00100228	01cfd793	srli	x15,x31,0x1c	 x31:0x00001300 x15=0x00000000
          14440	      7216	0010022c	00900713	addi	x14,x0,9	  x0:0x00000000 x14=0x00000009
          14442	      7217	00100230	f2f76ae3	bltu	x14,x15,100164	 x14:0x00000009 x15:0x00000000
          14444	      7218	00100234	03078393	addi	x7,x15,48	 x15:0x00000000  x7=0x00000030
          14446	      7219	00100238	000205b7	lui	x11,0x20	 x11=0x00020000
          14448	      7220	0010023c	00c51613	slli	x12,x10,0xc	 x10:0x00000013 x12=0x00013000
          14452	      7222	00100240	0075a023	sw	x7,0(x11)	 x11:0x00020000  x7:0x00000030 PA:0x00020000 store:0x00000030 load:0x00000000
          14454	      7223	00100244	01c65693	srli	x13,x12,0x1c	 x12:0x00013000 x13=0x00000000
          14456	      7224	00100248	00900813	addi	x16,x0,9	  x0:0x00000000 x16=0x00000009
          14458	      7225	0010024c	f2d86ae3	bltu	x16,x13,100180	 x16:0x00000009 x13:0x00000000
          14460	      7226	00100250	03068e93	addi	x29,x13,48	 x13:0x00000000 x29=0x00000030
          14462	      7227	00100254	00020f37	lui	x30,0x20	 x30=0x00020000
          14464	      7228	00100258	01051f93	slli	x31,x10,0x10	 x10:0x00000013 x31=0x00130000
          14468	      7230	0010025c	01df2023	sw	x29,0(x30)	 x30:0x00020000 x29:0x00000030 PA:0x00020000 store:0x00000030 load:0x00000000
          14470	      7231	00100260	01cfd793	srli	x15,x31,0x1c	 x31:0x00130000 x15=0x00000000
          14472	      7232	00100264	00900713	addi	x14,x0,9	  x0:0x00000000 x14=0x00000009
          14474	      7233	00100268	f2f76ae3	bltu	x14,x15,10019c	 x14:0x00000009 x15:0x00000000
          14476	      7234	0010026c	03078393	addi	x7,x15,48	 x15:0x00000000  x7=0x00000030
          14478	      7235	00100270	000205b7	lui	x11,0x20	 x11=0x00020000
          14480	      7236	00100274	01451613	slli	x12,x10,0x14	 x10:0x00000013 x12=0x01300000
          14484	      7238	00100278	0075a023	sw	x7,0(x11)	 x11:0x00020000  x7:0x00000030 PA:0x00020000 store:0x00000030 load:0x00000000
          14486	      7239	0010027c	01c65693	srli	x13,x12,0x1c	 x12:0x01300000 x13=0x00000000
          14488	      7240	00100280	00900813	addi	x16,x0,9	  x0:0x00000000 x16=0x00000009
          14490	      7241	00100284	f2d86ae3	bltu	x16,x13,1001b8	 x16:0x00000009 x13:0x00000000
          14492	      7242	00100288	03068e93	addi	x29,x13,48	 x13:0x00000000 x29=0x00000030
          14494	      7243	0010028c	00020f37	lui	x30,0x20	 x30=0x00020000
          14496	      7244	00100290	01851f93	slli	x31,x10,0x18	 x10:0x00000013 x31=0x13000000
          14500	      7246	00100294	01df2023	sw	x29,0(x30)	 x30:0x00020000 x29:0x00000030 PA:0x00020000 store:0x00000030 load:0x00000000
          14502	      7247	00100298	01cfd793	srli	x15,x31,0x1c	 x31:0x13000000 x15=0x00000001
          14504	      7248	0010029c	00900713	addi	x14,x0,9	  x0:0x00000000 x14=0x00000009
          14506	      7249	001002a0	f2f76ae3	bltu	x14,x15,1001d4	 x14:0x00000009 x15:0x00000001
          14508	      7250	001002a4	03078393	addi	x7,x15,48	 x15:0x00000001  x7=0x00000031
          14510	      7251	001002a8	000205b7	lui	x11,0x20	 x11=0x00020000
          14514	      7253	001002ac	0075a023	sw	x7,0(x11)	 x11:0x00020000  x7:0x00000031 PA:0x00020000 store:0x00000031 load:0x00000000
          14516	      7254	001002b0	00f57513	andi	x10,x10,15	 x10:0x00000013 x10=0x00000003
          14518	      7255	001002b4	00900613	addi	x12,x0,9	  x0:0x00000000 x12=0x00000009
          14522	      7257	001002b8	f2a67ae3	bgeu	x12,x10,1001ec	 x12:0x00000009 x10:0x00000003
          14526	      7259	001001ec	03050893	addi	x17,x10,48	 x10:0x00000003 x17=0x00000033
          14528	      7260	001001f0	00020e37	lui	x28,0x20	 x28=0x00020000
          14532	      7262	001001f4	011e2023	sw	x17,0(x28)	 x28:0x00020000 x17:0x00000033 PA:0x00020000 store:0x00000033 load:0x00000000
          14536	      7264	001001f8	00008067	jalr	x0,0(x1)	  x1:0x001012e8  x0=0x00000000
          14538	      7265	001012e8	a18b0513	addi	x10,x22,-1512	 x22:0x00102000 x10=0x00101a18
          14542	      7267	001012ec	db5fe0ef	jal	x1,1000a0	  x1=0x001012f0
          14546	      7269	001000a0	00054803	lbu	x16,0(x10)	 x10:0x00101a18 x16=0x00000020 PA:0x00101a18 store:0x00000000
          14548	      7270	001000a4	06080663	beq	x16,x0,100110	 x16:0x00000020  x0:0x00000000
          14550	      7271	001000a8	000207b7	lui	x15,0x20	 x15=0x00020000
          14554	      7273	001000ac	0107a023	sw	x16,0(x15)	 x15:0x00020000 x16:0x00000020 PA:0x00020000 store:0x00000020 load:0x00000000
          14558	      7275	001000b0	00154703	lbu	x14,1(x10)	 x10:0x00101a18 x14=0x00000072 PA:0x00101a19 store:0x001012f0
          14560	      7276	001000b4	04070e63	beq	x14,x0,100110	 x14:0x00000072  x0:0x00000000
          14564	      7278	001000b8	00e7a023	sw	x14,0(x15)	 x15:0x00020000 x14:0x00000072 PA:0x00020000 store:0x00000072 load:0x00000000
          14568	      7280	001000bc	00254283	lbu	x5,2(x10)	 x10:0x00101a18  x5=0x00000065 PA:0x00101a1a store:0x00137fa0
          14570	      7281	001000c0	04028863	beq	x5,x0,100110	  x5:0x00000065  x0:0x00000000
          14574	      7283	001000c4	0057a023	sw	x5,0(x15)	 x15:0x00020000  x5:0x00000065 PA:0x00020000 store:0x00000065 load:0x00000000
          14578	      7285	001000c8	00354303	lbu	x6,3(x10)	 x10:0x00101a18  x6=0x00000073 PA:0x00101a1b store:0x00000000
          14580	      7286	001000cc	04030263	beq	x6,x0,100110	  x6:0x00000073  x0:0x00000000
          14584	      7288	001000d0	0067a023	sw	x6,0(x15)	 x15:0x00020000  x6:0x00000073 PA:0x00020000 store:0x00000073 load:0x00000000
          14588	      7290	001000d4	00454383	lbu	x7,4(x10)	 x10:0x00101a18  x7=0x00000075 PA:0x00101a1c store:0x00000000
          14590	      7291	001000d8	02038c63	beq	x7,x0,100110	  x7:0x00000075  x0:0x00000000
          14594	      7293	001000dc	0077a023	sw	x7,0(x15)	 x15:0x00020000  x7:0x00000075 PA:0x00020000 store:0x00000075 load:0x00000000
          14598	      7295	001000e0	00554583	lbu	x11,5(x10)	 x10:0x00101a18 x11=0x0000006c PA:0x00101a1d store:0x00000065
          14600	      7296	001000e4	02058663	beq	x11,x0,100110	 x11:0x0000006c  x0:0x00000000
          14604	      7298	001000e8	00b7a023	sw	x11,0(x15)	 x15:0x00020000 x11:0x0000006c PA:0x00020000 store:0x0000006c load:0x00000000
          14608	      7300	001000ec	00654603	lbu	x12,6(x10)	 x10:0x00101a18 x12=0x00000074 PA:0x00101a1e store:0x00000073
          14610	      7301	001000f0	02060063	beq	x12,x0,100110	 x12:0x00000074  x0:0x00000000
          14614	      7303	001000f4	00c7a023	sw	x12,0(x15)	 x15:0x00020000 x12:0x00000074 PA:0x00020000 store:0x00000074 load:0x00000000
          14618	      7305	001000f8	00754683	lbu	x13,7(x10)	 x10:0x00101a18 x13=0x0000003a PA:0x00101a1f store:0x00000075
          14620	      7306	001000fc	00850513	addi	x10,x10,8	 x10:0x00101a18 x10=0x00101a20
          14622	      7307	00100100	00068863	beq	x13,x0,100110	 x13:0x0000003a  x0:0x00000000
          14626	      7309	00100104	00d7a023	sw	x13,0(x15)	 x15:0x00020000 x13:0x0000003a PA:0x00020000 store:0x0000003a load:0x00000000
          14630	      7311	00100108	00054803	lbu	x16,0(x10)	 x10:0x00101a20 x16=0x00000020 PA:0x00101a20 store:0x00000000
          14634	      7313	0010010c	fa0810e3	bne	x16,x0,1000ac	 x16:0x00000020  x0:0x00000000
          14640	      7316	001000ac	0107a023	sw	x16,0(x15)	 x15:0x00020000 x16:0x00000020 PA:0x00020000 store:0x00000020 load:0x00000000
          14644	      7318	001000b0	00154703	lbu	x14,1(x10)	 x10:0x00101a20 x14=0x00000000 PA:0x00101a21 store:0x001012f0
          14648	      7320	001000b4	04070e63	beq	x14,x0,100110	 x14:0x00000000  x0:0x00000000
          14652	      7322	00100110	00000513	addi	x10,x0,0	  x0:0x00000000 x10=0x00000000
          14656	      7324	00100114	00008067	jalr	x0,0(x1)	  x1:0x001012f0  x0=0x00000000
          14660	      7326	001012f0	cf8a2503	lw	x10,-776(x20)	 x20:0x00102000 x10=0x0007ede9 PA:0x00101cf8 store:0x00000014
          14664	      7328	001012f4	e2dfe0ef	jal	x1,100120	  x1=0x001012f8
          14666	      7329	00100120	01c55793	srli	x15,x10,0x1c	 x10:0x0007ede9 x15=0x00000000
          14668	      7330	00100124	00900713	addi	x14,x0,9	  x0:0x00000000 x14=0x00000009
          14672	      7332	00100128	0cf77a63	bgeu	x14,x15,1001fc	 x14:0x00000009 x15:0x00000000
          14676	      7334	001001fc	03078393	addi	x7,x15,48	 x15:0x00000000  x7=0x00000030
          14678	      7335	00100200	000205b7	lui	x11,0x20	 x11=0x00020000
          14680	      7336	00100204	00451613	slli	x12,x10,0x4	 x10:0x0007ede9 x12=0x007ede90
          14684	      7338	00100208	0075a023	sw	x7,0(x11)	 x11:0x00020000  x7:0x00000030 PA:0x00020000 store:0x00000030 load:0x00000000
          14686	      7339	0010020c	01c65693	srli	x13,x12,0x1c	 x12:0x007ede90 x13=0x00000000
          14688	      7340	00100210	00900813	addi	x16,x0,9	  x0:0x00000000 x16=0x00000009
          14690	      7341	00100214	f2d86ae3	bltu	x16,x13,100148	 x16:0x00000009 x13:0x00000000
          14692	      7342	00100218	03068e93	addi	x29,x13,48	 x13:0x00000000 x29=0x00000030
          14694	      7343	0010021c	00020f37	lui	x30,0x20	 x30=0x00020000
          14696	      7344	00100220	00851f93	slli	x31,x10,0x8	 x10:0x0007ede9 x31=0x07ede900
          14700	      7346	00100224	01df2023	sw	x29,0(x30)	 x30:0x00020000 x29:0x00000030 PA:0x00020000 store:0x00000030 load:0x00000000
          14702	      7347	00100228	01cfd793	srli	x15,x31,0x1c	 x31:0x07ede900 x15=0x00000000
          14704	      7348	0010022c	00900713	addi	x14,x0,9	  x0:0x00000000 x14=0x00000009
          14706	      7349	00100230	f2f76ae3	bltu	x14,x15,100164	 x14:0x00000009 x15:0x00000000
          14708	      7350	00100234	03078393	addi	x7,x15,48	 x15:0x00000000  x7=0x00000030
          14710	      7351	00100238	000205b7	lui	x11,0x20	 x11=0x00020000
          14712	      7352	0010023c	00c51613	slli	x12,x10,0xc	 x10:0x0007ede9 x12=0x7ede9000
          14716	      7354	00100240	0075a023	sw	x7,0(x11)	 x11:0x00020000  x7:0x00000030 PA:0x00020000 store:0x00000030 load:0x00000000
          14718	      7355	00100244	01c65693	srli	x13,x12,0x1c	 x12:0x7ede9000 x13=0x00000007
          14720	      7356	00100248	00900813	addi	x16,x0,9	  x0:0x00000000 x16=0x00000009
          14722	      7357	0010024c	f2d86ae3	bltu	x16,x13,100180	 x16:0x00000009 x13:0x00000007
          14724	      7358	00100250	03068e93	addi	x29,x13,48	 x13:0x00000007 x29=0x00000037
          14726	      7359	00100254	00020f37	lui	x30,0x20	 x30=0x00020000
          14728	      7360	00100258	01051f93	slli	x31,x10,0x10	 x10:0x0007ede9 x31=0xede90000
          14732	      7362	0010025c	01df2023	sw	x29,0(x30)	 x30:0x00020000 x29:0x00000037 PA:0x00020000 store:0x00000037 load:0x00000000
          14734	      7363	00100260	01cfd793	srli	x15,x31,0x1c	 x31:0xede90000 x15=0x0000000e
          14736	      7364	00100264	00900713	addi	x14,x0,9	  x0:0x00000000 x14=0x00000009
          14740	      7366	00100268	f2f76ae3	bltu	x14,x15,10019c	 x14:0x00000009 x15:0x0000000e
          14744	      7368	0010019c	03778293	addi	x5,x15,55	 x15:0x0000000e  x5=0x00000045
          14746	      7369	001001a0	00020337	lui	x6,0x20	  x6=0x00020000
          14748	      7370	001001a4	01451613	slli	x12,x10,0x14	 x10:0x0007ede9 x12=0xde900000
          14752	      7372	001001a8	00532023	sw	x5,0(x6)	  x6:0x00020000  x5:0x00000045 PA:0x00020000 store:0x00000045 load:0x00000000
          14754	      7373	001001ac	01c65693	srli	x13,x12,0x1c	 x12:0xde900000 x13=0x0000000d
          14756	      7374	001001b0	00900813	addi	x16,x0,9	  x0:0x00000000 x16=0x00000009
          14758	      7375	001001b4	0cd87a63	bgeu	x16,x13,100288	 x16:0x00000009 x13:0x0000000d
          14760	      7376	001001b8	03768893	addi	x17,x13,55	 x13:0x0000000d x17=0x00000044
          14762	      7377	001001bc	00020e37	lui	x28,0x20	 x28=0x00020000
          14764	      7378	001001c0	01851f93	slli	x31,x10,0x18	 x10:0x0007ede9 x31=0xe9000000
          14768	      7380	001001c4	011e2023	sw	x17,0(x28)	 x28:0x00020000 x17:0x00000044 PA:0x00020000 store:0x00000044 load:0x00000000
          14770	      7381	001001c8	01cfd793	srli	x15,x31,0x1c	 x31:0xe9000000 x15=0x0000000e
          14772	      7382	001001cc	00900713	addi	x14,x0,9	  x0:0x00000000 x14=0x00000009
          14774	      7383	001001d0	0cf77a63	bgeu	x14,x15,1002a4	 x14:0x00000009 x15:0x0000000e
          14776	      7384	001001d4	03778293	addi	x5,x15,55	 x15:0x0000000e  x5=0x00000045
          14778	      7385	001001d8	00020337	lui	x6,0x20	  x6=0x00020000
          14782	      7387	001001dc	00532023	sw	x5,0(x6)	  x6:0x00020000  x5:0x00000045 PA:0x00020000 store:0x00000045 load:0x00000000
          14784	      7388	001001e0	00f57513	andi	x10,x10,15	 x10:0x0007ede9 x10=0x00000009
          14786	      7389	001001e4	00900613	addi	x12,x0,9	  x0:0x00000000 x12=0x00000009
          14788	      7390	001001e8	0ca66a63	bltu	x12,x10,1002bc	 x12:0x00000009 x10:0x00000009
          14790	      7391	001001ec	03050893	addi	x17,x10,48	 x10:0x00000009 x17=0x00000039
          14792	      7392	001001f0	00020e37	lui	x28,0x20	 x28=0x00020000
          14796	      7394	001001f4	011e2023	sw	x17,0(x28)	 x28:0x00020000 x17:0x00000039 PA:0x00020000 store:0x00000039 load:0x00000000
          14800	      7396	001001f8	00008067	jalr	x0,0(x1)	  x1:0x001012f8  x0=0x00000000
          14808	      7400	001012f8	f1ac10e3	bne	x24,x26,1011f8	 x24:0x00000014 x26:0x00000014
          14810	      7401	001012fc	d20ca307	flw	f6,-736(x25)	 f25:0x00102000  f6=0x00000000 PA:0x00101d20 store:0x056b3aa5
          14814	      7403	00101300	00102fb7	lui	x31,0x102	 x31=0x00102000
          14816	      7404	00101304	a24f8513	addi	x10,x31,-1500	 x31:0x00102000 x10=0x00101a24
          14818	      7405	00101308	d069a427	fsw	f6,-760(x19)	 f19:0x00102000  f6:0x00020000 PA:0x00101d08 store:0x43edefdf load:0x43edefdf
          14820	      7406	0010130c	00000c13	addi	x24,x0,0	  x0:0x00000000 x24=0x00000000
          14822	      7407	00101310	d91fe0ef	jal	x1,1000a0	  x1=0x00101314
          14824	      7408	001000a0	00054803	lbu	x16,0(x10)	 x10:0x00101a24 x16=0x0000000a PA:0x00101a24 store:0x00000000
          14826	      7409	001000a4	06080663	beq	x16,x0,100110	 x16:0x0000000a  x0:0x00000000
          14828	      7410	001000a8	000207b7	lui	x15,0x20	 x15=0x00020000
          14830	      7411	001000ac	0107a023	sw	x16,0(x15)	 x15:0x00020000 x16:0x0000000a PA:0x00020000 store:0x0000000a load:0x00000000
          14832	      7412	001000b0	00154703	lbu	x14,1(x10)	 x10:0x00101a24 x14=0x0000000a PA:0x00101a25 store:0x00101314
          14834	      7413	001000b4	04070e63	beq	x14,x0,100110	 x14:0x0000000a  x0:0x00000000
          14838	      7415	001000b8	00e7a023	sw	x14,0(x15)	 x15:0x00020000 x14:0x0000000a PA:0x00020000 store:0x0000000a load:0x00000000
          14842	      7417	001000bc	00254283	lbu	x5,2(x10)	 x10:0x00101a24  x5=0x00000050 PA:0x00101a26 store:0x00137fa0
          14844	      7418	001000c0	04028863	beq	x5,x0,100110	  x5:0x00000050  x0:0x00000000
          14848	      7420	001000c4	0057a023	sw	x5,0(x15)	 x15:0x00020000  x5:0x00000050 PA:0x00020000 store:0x00000050 load:0x00000000
          14852	      7422	001000c8	00354303	lbu	x6,3(x10)	 x10:0x00101a24  x6=0x00000065 PA:0x00101a27 store:0x00000000
          14854	      7423	001000cc	04030263	beq	x6,x0,100110	  x6:0x00000065  x0:0x00000000
          14858	      7425	001000d0	0067a023	sw	x6,0(x15)	 x15:0x00020000  x6:0x00000065 PA:0x00020000 store:0x00000065 load:0x00000000
          14862	      7427	001000d4	00454383	lbu	x7,4(x10)	 x10:0x00101a24  x7=0x00000072 PA:0x00101a28 store:0x00000000
          14864	      7428	001000d8	02038c63	beq	x7,x0,100110	  x7:0x00000072  x0:0x00000000
          14868	      7430	001000dc	0077a023	sw	x7,0(x15)	 x15:0x00020000  x7:0x00000072 PA:0x00020000 store:0x00000072 load:0x00000000
          14872	      7432	001000e0	00554583	lbu	x11,5(x10)	 x10:0x00101a24 x11=0x00000066 PA:0x00101a29 store:0x00000050
          14874	      7433	001000e4	02058663	beq	x11,x0,100110	 x11:0x00000066  x0:0x00000000
          14878	      7435	001000e8	00b7a023	sw	x11,0(x15)	 x15:0x00020000 x11:0x00000066 PA:0x00020000 store:0x00000066 load:0x00000000
          14882	      7437	001000ec	00654603	lbu	x12,6(x10)	 x10:0x00101a24 x12=0x0000006f PA:0x00101a2a store:0x00000065
          14884	      7438	001000f0	02060063	beq	x12,x0,100110	 x12:0x0000006f  x0:0x00000000
          14888	      7440	001000f4	00c7a023	sw	x12,0(x15)	 x15:0x00020000 x12:0x0000006f PA:0x00020000 store:0x0000006f load:0x00000000
          14892	      7442	001000f8	00754683	lbu	x13,7(x10)	 x10:0x00101a24 x13=0x00000072 PA:0x00101a2b store:0x00000072
          14894	      7443	001000fc	00850513	addi	x10,x10,8	 x10:0x00101a24 x10=0x00101a2c
          14896	      7444	00100100	00068863	beq	x13,x0,100110	 x13:0x00000072  x0:0x00000000
          14900	      7446	00100104	00d7a023	sw	x13,0(x15)	 x15:0x00020000 x13:0x00000072 PA:0x00020000 store:0x00000072 load:0x00000000
          14904	      7448	00100108	00054803	lbu	x16,0(x10)	 x10:0x00101a2c x16=0x0000006d PA:0x00101a2c store:0x00000000
          14908	      7450	0010010c	fa0810e3	bne	x16,x0,1000ac	 x16:0x0000006d  x0:0x00000000
          14914	      7453	001000ac	0107a023	sw	x16,0(x15)	 x15:0x00020000 x16:0x0000006d PA:0x00020000 store:0x0000006d load:0x00000000
          14918	      7455	001000b0	00154703	lbu	x14,1(x10)	 x10:0x00101a2c x14=0x00000069 PA:0x00101a2d store:0x00101314
          14920	      7456	001000b4	04070e63	beq	x14,x0,100110	 x14:0x00000069  x0:0x00000000
          14924	      7458	001000b8	00e7a023	sw	x14,0(x15)	 x15:0x00020000 x14:0x00000069 PA:0x00020000 store:0x00000069 load:0x00000000
          14928	      7460	001000bc	00254283	lbu	x5,2(x10)	 x10:0x00101a2c  x5=0x0000006e PA:0x00101a2e store:0x00137fa0
          14930	      7461	001000c0	04028863	beq	x5,x0,100110	  x5:0x0000006e  x0:0x00000000
          14934	      7463	001000c4	0057a023	sw	x5,0(x15)	 x15:0x00020000  x5:0x0000006e PA:0x00020000 store:0x0000006e load:0x00000000
          14938	      7465	001000c8	00354303	lbu	x6,3(x10)	 x10:0x00101a2c  x6=0x00000067 PA:0x00101a2f store:0x00000000
          14940	      7466	001000cc	04030263	beq	x6,x0,100110	  x6:0x00000067  x0:0x00000000
          14944	      7468	001000d0	0067a023	sw	x6,0(x15)	 x15:0x00020000  x6:0x00000067 PA:0x00020000 store:0x00000067 load:0x00000000
          14948	      7470	001000d4	00454383	lbu	x7,4(x10)	 x10:0x00101a2c  x7=0x00000020 PA:0x00101a30 store:0x00000000
          14950	      7471	001000d8	02038c63	beq	x7,x0,100110	  x7:0x00000020  x0:0x00000000
          14954	      7473	001000dc	0077a023	sw	x7,0(x15)	 x15:0x00020000  x7:0x00000020 PA:0x00020000 store:0x00000020 load:0x00000000
          14958	      7475	001000e0	00554583	lbu	x11,5(x10)	 x10:0x00101a2c x11=0x00000032 PA:0x00101a31 store:0x0000006e
          14960	      7476	001000e4	02058663	beq	x11,x0,100110	 x11:0x00000032  x0:0x00000000
          14964	      7478	001000e8	00b7a023	sw	x11,0(x15)	 x15:0x00020000 x11:0x00000032 PA:0x00020000 store:0x00000032 load:0x00000000
          14968	      7480	001000ec	00654603	lbu	x12,6(x10)	 x10:0x00101a2c x12=0x00000030 PA:0x00101a32 store:0x00000067
          14970	      7481	001000f0	02060063	beq	x12,x0,100110	 x12:0x00000030  x0:0x00000000
          14974	      7483	001000f4	00c7a023	sw	x12,0(x15)	 x15:0x00020000 x12:0x00000030 PA:0x00020000 store:0x00000030 load:0x00000000
          14978	      7485	001000f8	00754683	lbu	x13,7(x10)	 x10:0x00101a2c x13=0x00000020 PA:0x00101a33 store:0x00000020
          14980	      7486	001000fc	00850513	addi	x10,x10,8	 x10:0x00101a2c x10=0x00101a34
          14982	      7487	00100100	00068863	beq	x13,x0,100110	 x13:0x00000020  x0:0x00000000
          14986	      7489	00100104	00d7a023	sw	x13,0(x15)	 x15:0x00020000 x13:0x00000020 PA:0x00020000 store:0x00000020 load:0x00000000
          14990	      7491	00100108	00054803	lbu	x16,0(x10)	 x10:0x00101a34 x16=0x00000073 PA:0x00101a34 store:0x00000000
          14994	      7493	0010010c	fa0810e3	bne	x16,x0,1000ac	 x16:0x00000073  x0:0x00000000
          15000	      7496	001000ac	0107a023	sw	x16,0(x15)	 x15:0x00020000 x16:0x00000073 PA:0x00020000 store:0x00000073 load:0x00000000
          15004	      7498	001000b0	00154703	lbu	x14,1(x10)	 x10:0x00101a34 x14=0x00000071 PA:0x00101a35 store:0x00101314
          15006	      7499	001000b4	04070e63	beq	x14,x0,100110	 x14:0x00000071  x0:0x00000000
          15010	      7501	001000b8	00e7a023	sw	x14,0(x15)	 x15:0x00020000 x14:0x00000071 PA:0x00020000 store:0x00000071 load:0x00000000
          15014	      7503	001000bc	00254283	lbu	x5,2(x10)	 x10:0x00101a34  x5=0x00000075 PA:0x00101a36 store:0x00137fa0
          15016	      7504	001000c0	04028863	beq	x5,x0,100110	  x5:0x00000075  x0:0x00000000
          15020	      7506	001000c4	0057a023	sw	x5,0(x15)	 x15:0x00020000  x5:0x00000075 PA:0x00020000 store:0x00000075 load:0x00000000
          15024	      7508	001000c8	00354303	lbu	x6,3(x10)	 x10:0x00101a34  x6=0x00000061 PA:0x00101a37 store:0x00000000
          15026	      7509	001000cc	04030263	beq	x6,x0,100110	  x6:0x00000061  x0:0x00000000
          15030	      7511	001000d0	0067a023	sw	x6,0(x15)	 x15:0x00020000  x6:0x00000061 PA:0x00020000 store:0x00000061 load:0x00000000
          15034	      7513	001000d4	00454383	lbu	x7,4(x10)	 x10:0x00101a34  x7=0x00000072 PA:0x00101a38 store:0x00000000
          15036	      7514	001000d8	02038c63	beq	x7,x0,100110	  x7:0x00000072  x0:0x00000000
          15040	      7516	001000dc	0077a023	sw	x7,0(x15)	 x15:0x00020000  x7:0x00000072 PA:0x00020000 store:0x00000072 load:0x00000000
          15044	      7518	001000e0	00554583	lbu	x11,5(x10)	 x10:0x00101a34 x11=0x00000065 PA:0x00101a39 store:0x00000075
          15046	      7519	001000e4	02058663	beq	x11,x0,100110	 x11:0x00000065  x0:0x00000000
          15050	      7521	001000e8	00b7a023	sw	x11,0(x15)	 x15:0x00020000 x11:0x00000065 PA:0x00020000 store:0x00000065 load:0x00000000
          15054	      7523	001000ec	00654603	lbu	x12,6(x10)	 x10:0x00101a34 x12=0x00000020 PA:0x00101a3a store:0x00000061
          15056	      7524	001000f0	02060063	beq	x12,x0,100110	 x12:0x00000020  x0:0x00000000
          15060	      7526	001000f4	00c7a023	sw	x12,0(x15)	 x15:0x00020000 x12:0x00000020 PA:0x00020000 store:0x00000020 load:0x00000000
          15064	      7528	001000f8	00754683	lbu	x13,7(x10)	 x10:0x00101a34 x13=0x00000072 PA:0x00101a3b store:0x00000072
          15066	      7529	001000fc	00850513	addi	x10,x10,8	 x10:0x00101a34 x10=0x00101a3c
          15068	      7530	00100100	00068863	beq	x13,x0,100110	 x13:0x00000072  x0:0x00000000
          15072	      7532	00100104	00d7a023	sw	x13,0(x15)	 x15:0x00020000 x13:0x00000072 PA:0x00020000 store:0x00000072 load:0x00000000
          15076	      7534	00100108	00054803	lbu	x16,0(x10)	 x10:0x00101a3c x16=0x0000006f PA:0x00101a3c store:0x00000000
          15080	      7536	0010010c	fa0810e3	bne	x16,x0,1000ac	 x16:0x0000006f  x0:0x00000000
          15086	      7539	001000ac	0107a023	sw	x16,0(x15)	 x15:0x00020000 x16:0x0000006f PA:0x00020000 store:0x0000006f load:0x00000000
          15090	      7541	001000b0	00154703	lbu	x14,1(x10)	 x10:0x00101a3c x14=0x0000006f PA:0x00101a3d store:0x00101314
          15092	      7542	001000b4	04070e63	beq	x14,x0,100110	 x14:0x0000006f  x0:0x00000000
          15096	      7544	001000b8	00e7a023	sw	x14,0(x15)	 x15:0x00020000 x14:0x0000006f PA:0x00020000 store:0x0000006f load:0x00000000
          15100	      7546	001000bc	00254283	lbu	x5,2(x10)	 x10:0x00101a3c  x5=0x00000074 PA:0x00101a3e store:0x00137fa0
          15102	      7547	001000c0	04028863	beq	x5,x0,100110	  x5:0x00000074  x0:0x00000000
          15106	      7549	001000c4	0057a023	sw	x5,0(x15)	 x15:0x00020000  x5:0x00000074 PA:0x00020000 store:0x00000074 load:0x00000000
          15110	      7551	001000c8	00354303	lbu	x6,3(x10)	 x10:0x00101a3c  x6=0x00000073 PA:0x00101a3f store:0x00000000
          15112	      7552	001000cc	04030263	beq	x6,x0,100110	  x6:0x00000073  x0:0x00000000
          15116	      7554	001000d0	0067a023	sw	x6,0(x15)	 x15:0x00020000  x6:0x00000073 PA:0x00020000 store:0x00000073 load:0x00000000
          15120	      7556	001000d4	00454383	lbu	x7,4(x10)	 x10:0x00101a3c  x7=0x0000003a PA:0x00101a40 store:0x00000000
          15122	      7557	001000d8	02038c63	beq	x7,x0,100110	  x7:0x0000003a  x0:0x00000000
          15126	      7559	001000dc	0077a023	sw	x7,0(x15)	 x15:0x00020000  x7:0x0000003a PA:0x00020000 store:0x0000003a load:0x00000000
          15130	      7561	001000e0	00554583	lbu	x11,5(x10)	 x10:0x00101a3c x11=0x00000000 PA:0x00101a41 store:0x00000074
          15134	      7563	001000e4	02058663	beq	x11,x0,100110	 x11:0x00000000  x0:0x00000000
          15138	      7565	00100110	00000513	addi	x10,x0,0	  x0:0x00000000 x10=0x00000000
          15142	      7567	00100114	00008067	jalr	x0,0(x1)	  x1:0x00101314  x0=0x00000000
          15150	      7571	00101314	01400d13	addi	x26,x0,20	  x0:0x00000000 x26=0x00000014
          15152	      7572	00101318	d089a607	flw	f12,-760(x19)	 f19:0x00102000 f12=0x00000000 PA:0x00101d08 store:0x4598f2e4
          15172	      7582	0010131c	580676d3	fsqrt.s	f13,f12	 f12:0x00000020 f13=0x00000000
          15174	      7583	00101320	d0d9a427	fsw	f13,-760(x19)	 f19:0x00102000 f13:0x00000072 PA:0x00101d08 store:0x41ae842c load:0x43edefdf
          15176	      7584	00101324	d089a387	flw	f7,-760(x19)	 f19:0x00102000  f7=0x00000000 PA:0x00101d08 store:0x4598f2e4
          15180	      7586	00101328	a10a8513	addi	x10,x21,-1520	 x21:0x00102000 x10=0x00101a10
          15182	      7587	0010132c	e00386d3	fmv.x.w	x13,f7	  f7:0x0000003a x13=0x41ae842c
          15184	      7588	00101330	ceda2c23	sw	x13,-776(x20)	 x20:0x00102000 x13:0x41ae842c PA:0x00101cf8 store:0x41ae842c load:0x41ae842c
          15186	      7589	00101334	d6dfe0ef	jal	x1,1000a0	  x1=0x00101338
          15190	      7591	001000a0	00054803	lbu	x16,0(x10)	 x10:0x00101a10 x16=0x0000000a PA:0x00101a10 store:0x00000000
          15192	      7592	001000a4	06080663	beq	x16,x0,100110	 x16:0x0000000a  x0:0x00000000
          15194	      7593	001000a8	000207b7	lui	x15,0x20	 x15=0x00020000
          15198	      7595	001000ac	0107a023	sw	x16,0(x15)	 x15:0x00020000 x16:0x0000000a PA:0x00020000 store:0x0000000a load:0x00000000
          15202	      7597	001000b0	00154703	lbu	x14,1(x10)	 x10:0x00101a10 x14=0x00000020 PA:0x00101a11 store:0x00101338
          15204	      7598	001000b4	04070e63	beq	x14,x0,100110	 x14:0x00000020  x0:0x00000000
          15208	      7600	001000b8	00e7a023	sw	x14,0(x15)	 x15:0x00020000 x14:0x00000020 PA:0x00020000 store:0x00000020 load:0x00000000
          15212	      7602	001000bc	00254283	lbu	x5,2(x10)	 x10:0x00101a10  x5=0x00000069 PA:0x00101a12 store:0x00137fa0
          15214	      7603	001000c0	04028863	beq	x5,x0,100110	  x5:0x00000069  x0:0x00000000
          15218	      7605	001000c4	0057a023	sw	x5,0(x15)	 x15:0x00020000  x5:0x00000069 PA:0x00020000 store:0x00000069 load:0x00000000
          15222	      7607	001000c8	00354303	lbu	x6,3(x10)	 x10:0x00101a10  x6=0x0000003d PA:0x00101a13 store:0x00000000
          15224	      7608	001000cc	04030263	beq	x6,x0,100110	  x6:0x0000003d  x0:0x00000000
          15228	      7610	001000d0	0067a023	sw	x6,0(x15)	 x15:0x00020000  x6:0x0000003d PA:0x00020000 store:0x0000003d load:0x00000000
          15232	      7612	001000d4	00454383	lbu	x7,4(x10)	 x10:0x00101a10  x7=0x00000000 PA:0x00101a14 store:0x00000000
          15236	      7614	001000d8	02038c63	beq	x7,x0,100110	  x7:0x00000000  x0:0x00000000
          15240	      7616	00100110	00000513	addi	x10,x0,0	  x0:0x00000000 x10=0x00000000
          15244	      7618	00100114	00008067	jalr	x0,0(x1)	  x1:0x00101338  x0=0x00000000
          15246	      7619	00101338	000c0513	addi	x10,x24,0	 x24:0x00000000 x10=0x00000000
          15250	      7621	0010133c	de5fe0ef	jal	x1,100120	  x1=0x00101340
          15252	      7622	00100120	01c55793	srli	x15,x10,0x1c	 x10:0x00000000 x15=0x00000000
          15254	      7623	00100124	00900713	addi	x14,x0,9	  x0:0x00000000 x14=0x00000009
          15258	      7625	00100128	0cf77a63	bgeu	x14,x15,1001fc	 x14:0x00000009 x15:0x00000000
          15262	      7627	001001fc	03078393	addi	x7,x15,48	 x15:0x00000000  x7=0x00000030
          15264	      7628	00100200	000205b7	lui	x11,0x20	 x11=0x00020000
          15266	      7629	00100204	00451613	slli	x12,x10,0x4	 x10:0x00000000 x12=0x00000000
          15270	      7631	00100208	0075a023	sw	x7,0(x11)	 x11:0x00020000  x7:0x00000030 PA:0x00020000 store:0x00000030 load:0x00000000
          15272	      7632	0010020c	01c65693	srli	x13,x12,0x1c	 x12:0x00000000 x13=0x00000000
          15274	      7633	00100210	00900813	addi	x16,x0,9	  x0:0x00000000 x16=0x00000009
          15276	      7634	00100214	f2d86ae3	bltu	x16,x13,100148	 x16:0x00000009 x13:0x00000000
          15278	      7635	00100218	03068e93	addi	x29,x13,48	 x13:0x00000000 x29=0x00000030
          15280	      7636	0010021c	00020f37	lui	x30,0x20	 x30=0x00020000
          15282	      7637	00100220	00851f93	slli	x31,x10,0x8	 x10:0x00000000 x31=0x00000000
          15286	      7639	00100224	01df2023	sw	x29,0(x30)	 x30:0x00020000 x29:0x00000030 PA:0x00020000 store:0x00000030 load:0x00000000
          15288	      7640	00100228	01cfd793	srli	x15,x31,0x1c	 x31:0x00000000 x15=0x00000000
          15290	      7641	0010022c	00900713	addi	x14,x0,9	  x0:0x00000000 x14=0x00000009
          15292	      7642	00100230	f2f76ae3	bltu	x14,x15,100164	 x14:0x00000009 x15:0x00000000
          15294	      7643	00100234	03078393	addi	x7,x15,48	 x15:0x00000000  x7=0x00000030
          15296	      7644	00100238	000205b7	lui	x11,0x20	 x11=0x00020000
          15298	      7645	0010023c	00c51613	slli	x12,x10,0xc	 x10:0x00000000 x12=0x00000000
          15302	      7647	00100240	0075a023	sw	x7,0(x11)	 x11:0x00020000  x7:0x00000030 PA:0x00020000 store:0x00000030 load:0x00000000
          15304	      7648	00100244	01c65693	srli	x13,x12,0x1c	 x12:0x00000000 x13=0x00000000
          15306	      7649	00100248	00900813	addi	x16,x0,9	  x0:0x00000000 x16=0x00000009
          15308	      7650	0010024c	f2d86ae3	bltu	x16,x13,100180	 x16:0x00000009 x13:0x00000000
          15310	      7651	00100250	03068e93	addi	x29,x13,48	 x13:0x00000000 x29=0x00000030
          15312	      7652	00100254	00020f37	lui	x30,0x20	 x30=0x00020000
          15314	      7653	00100258	01051f93	slli	x31,x10,0x10	 x10:0x00000000 x31=0x00000000
          15318	      7655	0010025c	01df2023	sw	x29,0(x30)	 x30:0x00020000 x29:0x00000030 PA:0x00020000 store:0x00000030 load:0x00000000
          15320	      7656	00100260	01cfd793	srli	x15,x31,0x1c	 x31:0x00000000 x15=0x00000000
          15322	      7657	00100264	00900713	addi	x14,x0,9	  x0:0x00000000 x14=0x00000009
          15324	      7658	00100268	f2f76ae3	bltu	x14,x15,10019c	 x14:0x00000009 x15:0x00000000
          15326	      7659	0010026c	03078393	addi	x7,x15,48	 x15:0x00000000  x7=0x00000030
          15328	      7660	00100270	000205b7	lui	x11,0x20	 x11=0x00020000
          15330	      7661	00100274	01451613	slli	x12,x10,0x14	 x10:0x00000000 x12=0x00000000
          15334	      7663	00100278	0075a023	sw	x7,0(x11)	 x11:0x00020000  x7:0x00000030 PA:0x00020000 store:0x00000030 load:0x00000000
          15336	      7664	0010027c	01c65693	srli	x13,x12,0x1c	 x12:0x00000000 x13=0x00000000
          15338	      7665	00100280	00900813	addi	x16,x0,9	  x0:0x00000000 x16=0x00000009
          15340	      7666	00100284	f2d86ae3	bltu	x16,x13,1001b8	 x16:0x00000009 x13:0x00000000
          15342	      7667	00100288	03068e93	addi	x29,x13,48	 x13:0x00000000 x29=0x00000030
          15344	      7668	0010028c	00020f37	lui	x30,0x20	 x30=0x00020000
          15346	      7669	00100290	01851f93	slli	x31,x10,0x18	 x10:0x00000000 x31=0x00000000
          15350	      7671	00100294	01df2023	sw	x29,0(x30)	 x30:0x00020000 x29:0x00000030 PA:0x00020000 store:0x00000030 load:0x00000000
          15352	      7672	00100298	01cfd793	srli	x15,x31,0x1c	 x31:0x00000000 x15=0x00000000
          15354	      7673	0010029c	00900713	addi	x14,x0,9	  x0:0x00000000 x14=0x00000009
          15356	      7674	001002a0	f2f76ae3	bltu	x14,x15,1001d4	 x14:0x00000009 x15:0x00000000
          15358	      7675	001002a4	03078393	addi	x7,x15,48	 x15:0x00000000  x7=0x00000030
          15360	      7676	001002a8	000205b7	lui	x11,0x20	 x11=0x00020000
          15364	      7678	001002ac	0075a023	sw	x7,0(x11)	 x11:0x00020000  x7:0x00000030 PA:0x00020000 store:0x00000030 load:0x00000000
          15366	      7679	001002b0	00f57513	andi	x10,x10,15	 x10:0x00000000 x10=0x00000000
          15368	      7680	001002b4	00900613	addi	x12,x0,9	  x0:0x00000000 x12=0x00000009
          15372	      7682	001002b8	f2a67ae3	bgeu	x12,x10,1001ec	 x12:0x00000009 x10:0x00000000
          15376	      7684	001001ec	03050893	addi	x17,x10,48	 x10:0x00000000 x17=0x00000030
          15378	      7685	001001f0	00020e37	lui	x28,0x20	 x28=0x00020000
          15382	      7687	001001f4	011e2023	sw	x17,0(x28)	 x28:0x00020000 x17:0x00000030 PA:0x00020000 store:0x00000030 load:0x00000000
          15386	      7689	001001f8	00008067	jalr	x0,0(x1)	  x1:0x00101340  x0=0x00000000
          15388	      7690	00101340	a18b0513	addi	x10,x22,-1512	 x22:0x00102000 x10=0x00101a18
          15392	      7692	00101344	d5dfe0ef	jal	x1,1000a0	  x1=0x00101348
          15396	      7694	001000a0	00054803	lbu	x16,0(x10)	 x10:0x00101a18 x16=0x00000020 PA:0x00101a18 store:0x00000000
          15398	      7695	001000a4	06080663	beq	x16,x0,100110	 x16:0x00000020  x0:0x00000000
          15400	      7696	001000a8	000207b7	lui	x15,0x20	 x15=0x00020000
          15404	      7698	001000ac	0107a023	sw	x16,0(x15)	 x15:0x00020000 x16:0x00000020 PA:0x00020000 store:0x00000020 load:0x00000000
          15408	      7700	001000b0	00154703	lbu	x14,1(x10)	 x10:0x00101a18 x14=0x00000072 PA:0x00101a19 store:0x00101348
          15410	      7701	001000b4	04070e63	beq	x14,x0,100110	 x14:0x00000072  x0:0x00000000
          15414	      7703	001000b8	00e7a023	sw	x14,0(x15)	 x15:0x00020000 x14:0x00000072 PA:0x00020000 store:0x00000072 load:0x00000000
          15418	      7705	001000bc	00254283	lbu	x5,2(x10)	 x10:0x00101a18  x5=0x00000065 PA:0x00101a1a store:0x00137fa0
          15420	      7706	001000c0	04028863	beq	x5,x0,100110	  x5:0x00000065  x0:0x00000000
          15424	      7708	001000c4	0057a023	sw	x5,0(x15)	 x15:0x00020000  x5:0x00000065 PA:0x00020000 store:0x00000065 load:0x00000000
          15428	      7710	001000c8	00354303	lbu	x6,3(x10)	 x10:0x00101a18  x6=0x00000073 PA:0x00101a1b store:0x00000000
          15430	      7711	001000cc	04030263	beq	x6,x0,100110	  x6:0x00000073  x0:0x00000000
          15434	      7713	001000d0	0067a023	sw	x6,0(x15)	 x15:0x00020000  x6:0x00000073 PA:0x00020000 store:0x00000073 load:0x00000000
          15438	      7715	001000d4	00454383	lbu	x7,4(x10)	 x10:0x00101a18  x7=0x00000075 PA:0x00101a1c store:0x00000000
          15440	      7716	001000d8	02038c63	beq	x7,x0,100110	  x7:0x00000075  x0:0x00000000
          15444	      7718	001000dc	0077a023	sw	x7,0(x15)	 x15:0x00020000  x7:0x00000075 PA:0x00020000 store:0x00000075 load:0x00000000
          15448	      7720	001000e0	00554583	lbu	x11,5(x10)	 x10:0x00101a18 x11=0x0000006c PA:0x00101a1d store:0x00000065
          15450	      7721	001000e4	02058663	beq	x11,x0,100110	 x11:0x0000006c  x0:0x00000000
          15454	      7723	001000e8	00b7a023	sw	x11,0(x15)	 x15:0x00020000 x11:0x0000006c PA:0x00020000 store:0x0000006c load:0x00000000
          15458	      7725	001000ec	00654603	lbu	x12,6(x10)	 x10:0x00101a18 x12=0x00000074 PA:0x00101a1e store:0x00000073
          15460	      7726	001000f0	02060063	beq	x12,x0,100110	 x12:0x00000074  x0:0x00000000
          15464	      7728	001000f4	00c7a023	sw	x12,0(x15)	 x15:0x00020000 x12:0x00000074 PA:0x00020000 store:0x00000074 load:0x00000000
          15468	      7730	001000f8	00754683	lbu	x13,7(x10)	 x10:0x00101a18 x13=0x0000003a PA:0x00101a1f store:0x00000075
          15470	      7731	001000fc	00850513	addi	x10,x10,8	 x10:0x00101a18 x10=0x00101a20
          15472	      7732	00100100	00068863	beq	x13,x0,100110	 x13:0x0000003a  x0:0x00000000
          15476	      7734	00100104	00d7a023	sw	x13,0(x15)	 x15:0x00020000 x13:0x0000003a PA:0x00020000 store:0x0000003a load:0x00000000
          15480	      7736	00100108	00054803	lbu	x16,0(x10)	 x10:0x00101a20 x16=0x00000020 PA:0x00101a20 store:0x00000000
          15484	      7738	0010010c	fa0810e3	bne	x16,x0,1000ac	 x16:0x00000020  x0:0x00000000
          15490	      7741	001000ac	0107a023	sw	x16,0(x15)	 x15:0x00020000 x16:0x00000020 PA:0x00020000 store:0x00000020 load:0x00000000
          15494	      7743	001000b0	00154703	lbu	x14,1(x10)	 x10:0x00101a20 x14=0x00000000 PA:0x00101a21 store:0x00101348
          15498	      7745	001000b4	04070e63	beq	x14,x0,100110	 x14:0x00000000  x0:0x00000000
          15502	      7747	00100110	00000513	addi	x10,x0,0	  x0:0x00000000 x10=0x00000000
          15506	      7749	00100114	00008067	jalr	x0,0(x1)	  x1:0x00101348  x0=0x00000000
          15510	      7751	00101348	cf8a2503	lw	x10,-776(x20)	 x20:0x00102000 x10=0x41ae842c PA:0x00101cf8 store:0x00000000
          15512	      7752	0010134c	001c0d93	addi	x27,x24,1	 x24:0x00000000 x27=0x00000001
          15516	      7754	00101350	dd1fe0ef	jal	x1,100120	  x1=0x00101354
          15518	      7755	00100120	01c55793	srli	x15,x10,0x1c	 x10:0x41ae842c x15=0x00000004
          15520	      7756	00100124	00900713	addi	x14,x0,9	  x0:0x00000000 x14=0x00000009
          15524	      7758	00100128	0cf77a63	bgeu	x14,x15,1001fc	 x14:0x00000009 x15:0x00000004
          15528	      7760	001001fc	03078393	addi	x7,x15,48	 x15:0x00000004  x7=0x00000034
          15530	      7761	00100200	000205b7	lui	x11,0x20	 x11=0x00020000
          15532	      7762	00100204	00451613	slli	x12,x10,0x4	 x10:0x41ae842c x12=0x1ae842c0
          15536	      7764	00100208	0075a023	sw	x7,0(x11)	 x11:0x00020000  x7:0x00000034 PA:0x00020000 store:0x00000034 load:0x00000000
          15538	      7765	0010020c	01c65693	srli	x13,x12,0x1c	 x12:0x1ae842c0 x13=0x00000001
          15540	      7766	00100210	00900813	addi	x16,x0,9	  x0:0x00000000 x16=0x00000009
          15542	      7767	00100214	f2d86ae3	bltu	x16,x13,100148	 x16:0x00000009 x13:0x00000001
          15544	      7768	00100218	03068e93	addi	x29,x13,48	 x13:0x00000001 x29=0x00000031
          15546	      7769	0010021c	00020f37	lui	x30,0x20	 x30=0x00020000
          15548	      7770	00100220	00851f93	slli	x31,x10,0x8	 x10:0x41ae842c x31=0xae842c00
          15552	      7772	00100224	01df2023	sw	x29,0(x30)	 x30:0x00020000 x29:0x00000031 PA:0x00020000 store:0x00000031 load:0x00000000
          15554	      7773	00100228	01cfd793	srli	x15,x31,0x1c	 x31:0xae842c00 x15=0x0000000a
          15556	      7774	0010022c	00900713	addi	x14,x0,9	  x0:0x00000000 x14=0x00000009
          15560	      7776	00100230	f2f76ae3	bltu	x14,x15,100164	 x14:0x00000009 x15:0x0000000a
          15564	      7778	00100164	03778293	addi	x5,x15,55	 x15:0x0000000a  x5=0x00000041
          15566	      7779	00100168	00020337	lui	x6,0x20	  x6=0x00020000
          15568	      7780	0010016c	00c51613	slli	x12,x10,0xc	 x10:0x41ae842c x12=0xe842c000
          15572	      7782	00100170	00532023	sw	x5,0(x6)	  x6:0x00020000  x5:0x00000041 PA:0x00020000 store:0x00000041 load:0x00000000
          15574	      7783	00100174	01c65693	srli	x13,x12,0x1c	 x12:0xe842c000 x13=0x0000000e
          15576	      7784	00100178	00900813	addi	x16,x0,9	  x0:0x00000000 x16=0x00000009
          15578	      7785	0010017c	0cd87a63	bgeu	x16,x13,100250	 x16:0x00000009 x13:0x0000000e
          15580	      7786	00100180	03768893	addi	x17,x13,55	 x13:0x0000000e x17=0x00000045
          15582	      7787	00100184	00020e37	lui	x28,0x20	 x28=0x00020000
          15584	      7788	00100188	01051f93	slli	x31,x10,0x10	 x10:0x41ae842c x31=0x842c0000
          15588	      7790	0010018c	011e2023	sw	x17,0(x28)	 x28:0x00020000 x17:0x00000045 PA:0x00020000 store:0x00000045 load:0x00000000
          15590	      7791	00100190	01cfd793	srli	x15,x31,0x1c	 x31:0x842c0000 x15=0x00000008
          15592	      7792	00100194	00900713	addi	x14,x0,9	  x0:0x00000000 x14=0x00000009
          15596	      7794	00100198	0cf77a63	bgeu	x14,x15,10026c	 x14:0x00000009 x15:0x00000008
          15600	      7796	0010026c	03078393	addi	x7,x15,48	 x15:0x00000008  x7=0x00000038
          15602	      7797	00100270	000205b7	lui	x11,0x20	 x11=0x00020000
          15604	      7798	00100274	01451613	slli	x12,x10,0x14	 x10:0x41ae842c x12=0x42c00000
          15608	      7800	00100278	0075a023	sw	x7,0(x11)	 x11:0x00020000  x7:0x00000038 PA:0x00020000 store:0x00000038 load:0x00000000
          15610	      7801	0010027c	01c65693	srli	x13,x12,0x1c	 x12:0x42c00000 x13=0x00000004
          15612	      7802	00100280	00900813	addi	x16,x0,9	  x0:0x00000000 x16=0x00000009
          15614	      7803	00100284	f2d86ae3	bltu	x16,x13,1001b8	 x16:0x00000009 x13:0x00000004
          15616	      7804	00100288	03068e93	addi	x29,x13,48	 x13:0x00000004 x29=0x00000034
          15618	      7805	0010028c	00020f37	lui	x30,0x20	 x30=0x00020000
          15620	      7806	00100290	01851f93	slli	x31,x10,0x18	 x10:0x41ae842c x31=0x2c000000
          15624	      7808	00100294	01df2023	sw	x29,0(x30)	 x30:0x00020000 x29:0x00000034 PA:0x00020000 store:0x00000034 load:0x00000000
          15626	      7809	00100298	01cfd793	srli	x15,x31,0x1c	 x31:0x2c000000 x15=0x00000002
          15628	      7810	0010029c	00900713	addi	x14,x0,9	  x0:0x00000000 x14=0x00000009
          15630	      7811	001002a0	f2f76ae3	bltu	x14,x15,1001d4	 x14:0x00000009 x15:0x00000002
          15632	      7812	001002a4	03078393	addi	x7,x15,48	 x15:0x00000002  x7=0x00000032
          15634	      7813	001002a8	000205b7	lui	x11,0x20	 x11=0x00020000
          15638	      7815	001002ac	0075a023	sw	x7,0(x11)	 x11:0x00020000  x7:0x00000032 PA:0x00020000 store:0x00000032 load:0x00000000
          15640	      7816	001002b0	00f57513	andi	x10,x10,15	 x10:0x41ae842c x10=0x0000000c
          15642	      7817	001002b4	00900613	addi	x12,x0,9	  x0:0x00000000 x12=0x00000009
          15644	      7818	001002b8	f2a67ae3	bgeu	x12,x10,1001ec	 x12:0x00000009 x10:0x0000000c
          15646	      7819	001002bc	03750693	addi	x13,x10,55	 x10:0x0000000c x13=0x00000043
          15648	      7820	001002c0	00020837	lui	x16,0x20	 x16=0x00020000
          15652	      7822	001002c4	00d82023	sw	x13,0(x16)	 x16:0x00020000 x13:0x00000043 PA:0x00020000 store:0x00000043 load:0x00000000
          15662	      7827	001002c8	00008067	jalr	x0,0(x1)	  x1:0x00101354  x0=0x00000000
          15664	      7828	00101354	d089a407	flw	f8,-760(x19)	 f19:0x00102000  f8=0x00000000 PA:0x00101d08 store:0x4598f2e4
          15684	      7838	00101358	580474d3	fsqrt.s	f9,f8	  f8:0x00102000  f9=0x00000000
          15686	      7839	0010135c	d099a427	fsw	f9,-760(x19)	 f19:0x00102000  f9:0x00102000 PA:0x00101d08 store:0x40957595 load:0x41ae842c
          15688	      7840	00101360	d089a507	flw	f10,-760(x19)	 f19:0x00102000 f10=0x00000000 PA:0x00101d08 store:0x41ae842c
          15692	      7842	00101364	a10a8513	addi	x10,x21,-1520	 x21:0x00102000 x10=0x00101a10
          15694	      7843	00101368	e0050753	fmv.x.w	x14,f10	 f10:0x00101a10 x14=0x40957595
          15696	      7844	0010136c	ceea2c23	sw	x14,-776(x20)	 x20:0x00102000 x14:0x40957595 PA:0x00101cf8 store:0x40957595 load:0x40957595
          15698	      7845	00101370	d31fe0ef	jal	x1,1000a0	  x1=0x00101374
          15702	      7847	001000a0	00054803	lbu	x16,0(x10)	 x10:0x00101a10 x16=0x0000000a PA:0x00101a10 store:0x00000000
          15704	      7848	001000a4	06080663	beq	x16,x0,100110	 x16:0x0000000a  x0:0x00000000
          15706	      7849	001000a8	000207b7	lui	x15,0x20	 x15=0x00020000
          15710	      7851	001000ac	0107a023	sw	x16,0(x15)	 x15:0x00020000 x16:0x0000000a PA:0x00020000 store:0x0000000a load:0x00000000
          15714	      7853	001000b0	00154703	lbu	x14,1(x10)	 x10:0x00101a10 x14=0x00000020 PA:0x00101a11 store:0x00101374
          15716	      7854	001000b4	04070e63	beq	x14,x0,100110	 x14:0x00000020  x0:0x00000000
          15720	      7856	001000b8	00e7a023	sw	x14,0(x15)	 x15:0x00020000 x14:0x00000020 PA:0x00020000 store:0x00000020 load:0x00000000
          15724	      7858	001000bc	00254283	lbu	x5,2(x10)	 x10:0x00101a10  x5=0x00000069 PA:0x00101a12 store:0x00137fa0
          15726	      7859	001000c0	04028863	beq	x5,x0,100110	  x5:0x00000069  x0:0x00000000
          15730	      7861	001000c4	0057a023	sw	x5,0(x15)	 x15:0x00020000  x5:0x00000069 PA:0x00020000 store:0x00000069 load:0x00000000
          15734	      7863	001000c8	00354303	lbu	x6,3(x10)	 x10:0x00101a10  x6=0x0000003d PA:0x00101a13 store:0x00000000
          15736	      7864	001000cc	04030263	beq	x6,x0,100110	  x6:0x0000003d  x0:0x00000000
          15740	      7866	001000d0	0067a023	sw	x6,0(x15)	 x15:0x00020000  x6:0x0000003d PA:0x00020000 store:0x0000003d load:0x00000000
          15744	      7868	001000d4	00454383	lbu	x7,4(x10)	 x10:0x00101a10  x7=0x00000000 PA:0x00101a14 store:0x00000000
          15748	      7870	001000d8	02038c63	beq	x7,x0,100110	  x7:0x00000000  x0:0x00000000
          15752	      7872	00100110	00000513	addi	x10,x0,0	  x0:0x00000000 x10=0x00000000
          15756	      7874	00100114	00008067	jalr	x0,0(x1)	  x1:0x00101374  x0=0x00000000
          15758	      7875	00101374	000d8513	addi	x10,x27,0	 x27:0x00000001 x10=0x00000001
          15762	      7877	00101378	da9fe0ef	jal	x1,100120	  x1=0x0010137c
          15764	      7878	00100120	01c55793	srli	x15,x10,0x1c	 x10:0x00000001 x15=0x00000000
          15766	      7879	00100124	00900713	addi	x14,x0,9	  x0:0x00000000 x14=0x00000009
          15770	      7881	00100128	0cf77a63	bgeu	x14,x15,1001fc	 x14:0x00000009 x15:0x00000000
          15774	      7883	001001fc	03078393	addi	x7,x15,48	 x15:0x00000000  x7=0x00000030
          15776	      7884	00100200	000205b7	lui	x11,0x20	 x11=0x00020000
          15778	      7885	00100204	00451613	slli	x12,x10,0x4	 x10:0x00000001 x12=0x00000010
          15782	      7887	00100208	0075a023	sw	x7,0(x11)	 x11:0x00020000  x7:0x00000030 PA:0x00020000 store:0x00000030 load:0x00000000
          15784	      7888	0010020c	01c65693	srli	x13,x12,0x1c	 x12:0x00000010 x13=0x00000000
          15786	      7889	00100210	00900813	addi	x16,x0,9	  x0:0x00000000 x16=0x00000009
          15788	      7890	00100214	f2d86ae3	bltu	x16,x13,100148	 x16:0x00000009 x13:0x00000000
          15790	      7891	00100218	03068e93	addi	x29,x13,48	 x13:0x00000000 x29=0x00000030
          15792	      7892	0010021c	00020f37	lui	x30,0x20	 x30=0x00020000
          15794	      7893	00100220	00851f93	slli	x31,x10,0x8	 x10:0x00000001 x31=0x00000100
          15798	      7895	00100224	01df2023	sw	x29,0(x30)	 x30:0x00020000 x29:0x00000030 PA:0x00020000 store:0x00000030 load:0x00000000
          15800	      7896	00100228	01cfd793	srli	x15,x31,0x1c	 x31:0x00000100 x15=0x00000000
          15802	      7897	0010022c	00900713	addi	x14,x0,9	  x0:0x00000000 x14=0x00000009
          15804	      7898	00100230	f2f76ae3	bltu	x14,x15,100164	 x14:0x00000009 x15:0x00000000
          15806	      7899	00100234	03078393	addi	x7,x15,48	 x15:0x00000000  x7=0x00000030
          15808	      7900	00100238	000205b7	lui	x11,0x20	 x11=0x00020000
          15810	      7901	0010023c	00c51613	slli	x12,x10,0xc	 x10:0x00000001 x12=0x00001000
          15814	      7903	00100240	0075a023	sw	x7,0(x11)	 x11:0x00020000  x7:0x00000030 PA:0x00020000 store:0x00000030 load:0x00000000
          15816	      7904	00100244	01c65693	srli	x13,x12,0x1c	 x12:0x00001000 x13=0x00000000
          15818	      7905	00100248	00900813	addi	x16,x0,9	  x0:0x00000000 x16=0x00000009
          15820	      7906	0010024c	f2d86ae3	bltu	x16,x13,100180	 x16:0x00000009 x13:0x00000000
          15822	      7907	00100250	03068e93	addi	x29,x13,48	 x13:0x00000000 x29=0x00000030
          15824	      7908	00100254	00020f37	lui	x30,0x20	 x30=0x00020000
          15826	      7909	00100258	01051f93	slli	x31,x10,0x10	 x10:0x00000001 x31=0x00010000
          15830	      7911	0010025c	01df2023	sw	x29,0(x30)	 x30:0x00020000 x29:0x00000030 PA:0x00020000 store:0x00000030 load:0x00000000
          15832	      7912	00100260	01cfd793	srli	x15,x31,0x1c	 x31:0x00010000 x15=0x00000000
          15834	      7913	00100264	00900713	addi	x14,x0,9	  x0:0x00000000 x14=0x00000009
          15836	      7914	00100268	f2f76ae3	bltu	x14,x15,10019c	 x14:0x00000009 x15:0x00000000
          15838	      7915	0010026c	03078393	addi	x7,x15,48	 x15:0x00000000  x7=0x00000030
          15840	      7916	00100270	000205b7	lui	x11,0x20	 x11=0x00020000
          15842	      7917	00100274	01451613	slli	x12,x10,0x14	 x10:0x00000001 x12=0x00100000
          15846	      7919	00100278	0075a023	sw	x7,0(x11)	 x11:0x00020000  x7:0x00000030 PA:0x00020000 store:0x00000030 load:0x00000000
          15848	      7920	0010027c	01c65693	srli	x13,x12,0x1c	 x12:0x00100000 x13=0x00000000
          15850	      7921	00100280	00900813	addi	x16,x0,9	  x0:0x00000000 x16=0x00000009
          15852	      7922	00100284	f2d86ae3	bltu	x16,x13,1001b8	 x16:0x00000009 x13:0x00000000
          15854	      7923	00100288	03068e93	addi	x29,x13,48	 x13:0x00000000 x29=0x00000030
          15856	      7924	0010028c	00020f37	lui	x30,0x20	 x30=0x00020000
          15858	      7925	00100290	01851f93	slli	x31,x10,0x18	 x10:0x00000001 x31=0x01000000
          15862	      7927	00100294	01df2023	sw	x29,0(x30)	 x30:0x00020000 x29:0x00000030 PA:0x00020000 store:0x00000030 load:0x00000000
          15864	      7928	00100298	01cfd793	srli	x15,x31,0x1c	 x31:0x01000000 x15=0x00000000
          15866	      7929	0010029c	00900713	addi	x14,x0,9	  x0:0x00000000 x14=0x00000009
          15868	      7930	001002a0	f2f76ae3	bltu	x14,x15,1001d4	 x14:0x00000009 x15:0x00000000
          15870	      7931	001002a4	03078393	addi	x7,x15,48	 x15:0x00000000  x7=0x00000030
          15872	      7932	001002a8	000205b7	lui	x11,0x20	 x11=0x00020000
          15876	      7934	001002ac	0075a023	sw	x7,0(x11)	 x11:0x00020000  x7:0x00000030 PA:0x00020000 store:0x00000030 load:0x00000000
          15878	      7935	001002b0	00f57513	andi	x10,x10,15	 x10:0x00000001 x10=0x00000001
          15880	      7936	001002b4	00900613	addi	x12,x0,9	  x0:0x00000000 x12=0x00000009
          15884	      7938	001002b8	f2a67ae3	bgeu	x12,x10,1001ec	 x12:0x00000009 x10:0x00000001
          15888	      7940	001001ec	03050893	addi	x17,x10,48	 x10:0x00000001 x17=0x00000031
          15890	      7941	001001f0	00020e37	lui	x28,0x20	 x28=0x00020000
          15894	      7943	001001f4	011e2023	sw	x17,0(x28)	 x28:0x00020000 x17:0x00000031 PA:0x00020000 store:0x00000031 load:0x00000000
          15898	      7945	001001f8	00008067	jalr	x0,0(x1)	  x1:0x0010137c  x0=0x00000000
          15900	      7946	0010137c	a18b0513	addi	x10,x22,-1512	 x22:0x00102000 x10=0x00101a18
          15904	      7948	00101380	d21fe0ef	jal	x1,1000a0	  x1=0x00101384
          15908	      7950	001000a0	00054803	lbu	x16,0(x10)	 x10:0x00101a18 x16=0x00000020 PA:0x00101a18 store:0x00000000
          15910	      7951	001000a4	06080663	beq	x16,x0,100110	 x16:0x00000020  x0:0x00000000
          15912	      7952	001000a8	000207b7	lui	x15,0x20	 x15=0x00020000
          15916	      7954	001000ac	0107a023	sw	x16,0(x15)	 x15:0x00020000 x16:0x00000020 PA:0x00020000 store:0x00000020 load:0x00000000
          15920	      7956	001000b0	00154703	lbu	x14,1(x10)	 x10:0x00101a18 x14=0x00000072 PA:0x00101a19 store:0x00101384
          15922	      7957	001000b4	04070e63	beq	x14,x0,100110	 x14:0x00000072  x0:0x00000000
          15926	      7959	001000b8	00e7a023	sw	x14,0(x15)	 x15:0x00020000 x14:0x00000072 PA:0x00020000 store:0x00000072 load:0x00000000
          15930	      7961	001000bc	00254283	lbu	x5,2(x10)	 x10:0x00101a18  x5=0x00000065 PA:0x00101a1a store:0x00137fa0
          15932	      7962	001000c0	04028863	beq	x5,x0,100110	  x5:0x00000065  x0:0x00000000
          15936	      7964	001000c4	0057a023	sw	x5,0(x15)	 x15:0x00020000  x5:0x00000065 PA:0x00020000 store:0x00000065 load:0x00000000
          15940	      7966	001000c8	00354303	lbu	x6,3(x10)	 x10:0x00101a18  x6=0x00000073 PA:0x00101a1b store:0x00000000
          15942	      7967	001000cc	04030263	beq	x6,x0,100110	  x6:0x00000073  x0:0x00000000
          15946	      7969	001000d0	0067a023	sw	x6,0(x15)	 x15:0x00020000  x6:0x00000073 PA:0x00020000 store:0x00000073 load:0x00000000
          15950	      7971	001000d4	00454383	lbu	x7,4(x10)	 x10:0x00101a18  x7=0x00000075 PA:0x00101a1c store:0x00000000
          15952	      7972	001000d8	02038c63	beq	x7,x0,100110	  x7:0x00000075  x0:0x00000000
          15956	      7974	001000dc	0077a023	sw	x7,0(x15)	 x15:0x00020000  x7:0x00000075 PA:0x00020000 store:0x00000075 load:0x00000000
          15960	      7976	001000e0	00554583	lbu	x11,5(x10)	 x10:0x00101a18 x11=0x0000006c PA:0x00101a1d store:0x00000065
          15962	      7977	001000e4	02058663	beq	x11,x0,100110	 x11:0x0000006c  x0:0x00000000
          15966	      7979	001000e8	00b7a023	sw	x11,0(x15)	 x15:0x00020000 x11:0x0000006c PA:0x00020000 store:0x0000006c load:0x00000000
          15970	      7981	001000ec	00654603	lbu	x12,6(x10)	 x10:0x00101a18 x12=0x00000074 PA:0x00101a1e store:0x00000073
          15972	      7982	001000f0	02060063	beq	x12,x0,100110	 x12:0x00000074  x0:0x00000000
          15976	      7984	001000f4	00c7a023	sw	x12,0(x15)	 x15:0x00020000 x12:0x00000074 PA:0x00020000 store:0x00000074 load:0x00000000
          15980	      7986	001000f8	00754683	lbu	x13,7(x10)	 x10:0x00101a18 x13=0x0000003a PA:0x00101a1f store:0x00000075
          15982	      7987	001000fc	00850513	addi	x10,x10,8	 x10:0x00101a18 x10=0x00101a20
          15984	      7988	00100100	00068863	beq	x13,x0,100110	 x13:0x0000003a  x0:0x00000000
          15988	      7990	00100104	00d7a023	sw	x13,0(x15)	 x15:0x00020000 x13:0x0000003a PA:0x00020000 store:0x0000003a load:0x00000000
          15992	      7992	00100108	00054803	lbu	x16,0(x10)	 x10:0x00101a20 x16=0x00000020 PA:0x00101a20 store:0x00000000
          15996	      7994	0010010c	fa0810e3	bne	x16,x0,1000ac	 x16:0x00000020  x0:0x00000000
          16002	      7997	001000ac	0107a023	sw	x16,0(x15)	 x15:0x00020000 x16:0x00000020 PA:0x00020000 store:0x00000020 load:0x00000000
          16006	      7999	001000b0	00154703	lbu	x14,1(x10)	 x10:0x00101a20 x14=0x00000000 PA:0x00101a21 store:0x00101384
          16010	      8001	001000b4	04070e63	beq	x14,x0,100110	 x14:0x00000000  x0:0x00000000
          16014	      8003	00100110	00000513	addi	x10,x0,0	  x0:0x00000000 x10=0x00000000
          16018	      8005	00100114	00008067	jalr	x0,0(x1)	  x1:0x00101384  x0=0x00000000
          16022	      8007	00101384	cf8a2503	lw	x10,-776(x20)	 x20:0x00102000 x10=0x40957595 PA:0x00101cf8 store:0x00000000
          16024	      8008	00101388	002c0d93	addi	x27,x24,2	 x24:0x00000000 x27=0x00000002
          16028	      8010	0010138c	d95fe0ef	jal	x1,100120	  x1=0x00101390
          16030	      8011	00100120	01c55793	srli	x15,x10,0x1c	 x10:0x40957595 x15=0x00000004
          16032	      8012	00100124	00900713	addi	x14,x0,9	  x0:0x00000000 x14=0x00000009
          16036	      8014	00100128	0cf77a63	bgeu	x14,x15,1001fc	 x14:0x00000009 x15:0x00000004
          16040	      8016	001001fc	03078393	addi	x7,x15,48	 x15:0x00000004  x7=0x00000034
          16042	      8017	00100200	000205b7	lui	x11,0x20	 x11=0x00020000
          16044	      8018	00100204	00451613	slli	x12,x10,0x4	 x10:0x40957595 x12=0x09575950
          16048	      8020	00100208	0075a023	sw	x7,0(x11)	 x11:0x00020000  x7:0x00000034 PA:0x00020000 store:0x00000034 load:0x00000000
          16050	      8021	0010020c	01c65693	srli	x13,x12,0x1c	 x12:0x09575950 x13=0x00000000
          16052	      8022	00100210	00900813	addi	x16,x0,9	  x0:0x00000000 x16=0x00000009
          16054	      8023	00100214	f2d86ae3	bltu	x16,x13,100148	 x16:0x00000009 x13:0x00000000
          16056	      8024	00100218	03068e93	addi	x29,x13,48	 x13:0x00000000 x29=0x00000030
          16058	      8025	0010021c	00020f37	lui	x30,0x20	 x30=0x00020000
          16060	      8026	00100220	00851f93	slli	x31,x10,0x8	 x10:0x40957595 x31=0x95759500
          16064	      8028	00100224	01df2023	sw	x29,0(x30)	 x30:0x00020000 x29:0x00000030 PA:0x00020000 store:0x00000030 load:0x00000000
          16066	      8029	00100228	01cfd793	srli	x15,x31,0x1c	 x31:0x95759500 x15=0x00000009
          16068	      8030	0010022c	00900713	addi	x14,x0,9	  x0:0x00000000 x14=0x00000009
          16070	      8031	00100230	f2f76ae3	bltu	x14,x15,100164	 x14:0x00000009 x15:0x00000009
          16072	      8032	00100234	03078393	addi	x7,x15,48	 x15:0x00000009  x7=0x00000039
          16074	      8033	00100238	000205b7	lui	x11,0x20	 x11=0x00020000
          16076	      8034	0010023c	00c51613	slli	x12,x10,0xc	 x10:0x40957595 x12=0x57595000
          16080	      8036	00100240	0075a023	sw	x7,0(x11)	 x11:0x00020000  x7:0x00000039 PA:0x00020000 store:0x00000039 load:0x00000000
          16082	      8037	00100244	01c65693	srli	x13,x12,0x1c	 x12:0x57595000 x13=0x00000005
          16084	      8038	00100248	00900813	addi	x16,x0,9	  x0:0x00000000 x16=0x00000009
          16086	      8039	0010024c	f2d86ae3	bltu	x16,x13,100180	 x16:0x00000009 x13:0x00000005
          16088	      8040	00100250	03068e93	addi	x29,x13,48	 x13:0x00000005 x29=0x00000035
          16090	      8041	00100254	00020f37	lui	x30,0x20	 x30=0x00020000
          16092	      8042	00100258	01051f93	slli	x31,x10,0x10	 x10:0x40957595 x31=0x75950000
          16096	      8044	0010025c	01df2023	sw	x29,0(x30)	 x30:0x00020000 x29:0x00000035 PA:0x00020000 store:0x00000035 load:0x00000000
          16098	      8045	00100260	01cfd793	srli	x15,x31,0x1c	 x31:0x75950000 x15=0x00000007
          16100	      8046	00100264	00900713	addi	x14,x0,9	  x0:0x00000000 x14=0x00000009
          16102	      8047	00100268	f2f76ae3	bltu	x14,x15,10019c	 x14:0x00000009 x15:0x00000007
          16104	      8048	0010026c	03078393	addi	x7,x15,48	 x15:0x00000007  x7=0x00000037
          16106	      8049	00100270	000205b7	lui	x11,0x20	 x11=0x00020000
          16108	      8050	00100274	01451613	slli	x12,x10,0x14	 x10:0x40957595 x12=0x59500000
          16112	      8052	00100278	0075a023	sw	x7,0(x11)	 x11:0x00020000  x7:0x00000037 PA:0x00020000 store:0x00000037 load:0x00000000
          16114	      8053	0010027c	01c65693	srli	x13,x12,0x1c	 x12:0x59500000 x13=0x00000005
          16116	      8054	00100280	00900813	addi	x16,x0,9	  x0:0x00000000 x16=0x00000009
          16118	      8055	00100284	f2d86ae3	bltu	x16,x13,1001b8	 x16:0x00000009 x13:0x00000005
          16120	      8056	00100288	03068e93	addi	x29,x13,48	 x13:0x00000005 x29=0x00000035
          16122	      8057	0010028c	00020f37	lui	x30,0x20	 x30=0x00020000
          16124	      8058	00100290	01851f93	slli	x31,x10,0x18	 x10:0x40957595 x31=0x95000000
          16128	      8060	00100294	01df2023	sw	x29,0(x30)	 x30:0x00020000 x29:0x00000035 PA:0x00020000 store:0x00000035 load:0x00000000
          16130	      8061	00100298	01cfd793	srli	x15,x31,0x1c	 x31:0x95000000 x15=0x00000009
          16132	      8062	0010029c	00900713	addi	x14,x0,9	  x0:0x00000000 x14=0x00000009
          16134	      8063	001002a0	f2f76ae3	bltu	x14,x15,1001d4	 x14:0x00000009 x15:0x00000009
          16136	      8064	001002a4	03078393	addi	x7,x15,48	 x15:0x00000009  x7=0x00000039
          16138	      8065	001002a8	000205b7	lui	x11,0x20	 x11=0x00020000
          16142	      8067	001002ac	0075a023	sw	x7,0(x11)	 x11:0x00020000  x7:0x00000039 PA:0x00020000 store:0x00000039 load:0x00000000
          16144	      8068	001002b0	00f57513	andi	x10,x10,15	 x10:0x40957595 x10=0x00000005
          16146	      8069	001002b4	00900613	addi	x12,x0,9	  x0:0x00000000 x12=0x00000009
          16150	      8071	001002b8	f2a67ae3	bgeu	x12,x10,1001ec	 x12:0x00000009 x10:0x00000005
          16154	      8073	001001ec	03050893	addi	x17,x10,48	 x10:0x00000005 x17=0x00000035
          16156	      8074	001001f0	00020e37	lui	x28,0x20	 x28=0x00020000
          16160	      8076	001001f4	011e2023	sw	x17,0(x28)	 x28:0x00020000 x17:0x00000035 PA:0x00020000 store:0x00000035 load:0x00000000
          16170	      8081	001001f8	00008067	jalr	x0,0(x1)	  x1:0x00101390  x0=0x00000000
          16172	      8082	00101390	d089a807	flw	f16,-760(x19)	 f19:0x00102000 f16=0x00000000 PA:0x00101d08 store:0x41ae842c
          16194	      8093	00101394	a10a8513	addi	x10,x21,-1520	 x21:0x00102000 x10=0x00101a10
          16196	      8094	00101398	580878d3	fsqrt.s	f17,f16	 f16:0x00000009 f17=0x00000000
          16198	      8095	0010139c	d119a427	fsw	f17,-760(x19)	 f19:0x00102000 f17:0x00000035 PA:0x00101d08 store:0x400a5069 load:0x40957595
          16200	      8096	001013a0	d089a907	flw	f18,-760(x19)	 f19:0x00102000 f18=0x00000000 PA:0x00101d08 store:0x41ae842c
          16202	      8097	001013a4	e00907d3	fmv.x.w	x15,f18	 f18:0x00102000 x15=0x400a5069
          16204	      8098	001013a8	cefa2c23	sw	x15,-776(x20)	 x20:0x00102000 x15:0x400a5069 PA:0x00101cf8 store:0x400a5069 load:0x400a5069
          16206	      8099	001013ac	cf5fe0ef	jal	x1,1000a0	  x1=0x001013b0
          16210	      8101	001000a0	00054803	lbu	x16,0(x10)	 x10:0x00101a10 x16=0x0000000a PA:0x00101a10 store:0x00000000
          16212	      8102	001000a4	06080663	beq	x16,x0,100110	 x16:0x0000000a  x0:0x00000000
          16214	      8103	001000a8	000207b7	lui	x15,0x20	 x15=0x00020000
          16218	      8105	001000ac	0107a023	sw	x16,0(x15)	 x15:0x00020000 x16:0x0000000a PA:0x00020000 store:0x0000000a load:0x00000000
          16222	      8107	001000b0	00154703	lbu	x14,1(x10)	 x10:0x00101a10 x14=0x00000020 PA:0x00101a11 store:0x001013b0
          16224	      8108	001000b4	04070e63	beq	x14,x0,100110	 x14:0x00000020  x0:0x00000000
          16228	      8110	001000b8	00e7a023	sw	x14,0(x15)	 x15:0x00020000 x14:0x00000020 PA:0x00020000 store:0x00000020 load:0x00000000
          16232	      8112	001000bc	00254283	lbu	x5,2(x10)	 x10:0x00101a10  x5=0x00000069 PA:0x00101a12 store:0x00137fa0
          16234	      8113	001000c0	04028863	beq	x5,x0,100110	  x5:0x00000069  x0:0x00000000
          16238	      8115	001000c4	0057a023	sw	x5,0(x15)	 x15:0x00020000  x5:0x00000069 PA:0x00020000 store:0x00000069 load:0x00000000
          16242	      8117	001000c8	00354303	lbu	x6,3(x10)	 x10:0x00101a10  x6=0x0000003d PA:0x00101a13 store:0x00000000
          16244	      8118	001000cc	04030263	beq	x6,x0,100110	  x6:0x0000003d  x0:0x00000000
          16248	      8120	001000d0	0067a023	sw	x6,0(x15)	 x15:0x00020000  x6:0x0000003d PA:0x00020000 store:0x0000003d load:0x00000000
          16252	      8122	001000d4	00454383	lbu	x7,4(x10)	 x10:0x00101a10  x7=0x00000000 PA:0x00101a14 store:0x00000000
          16256	      8124	001000d8	02038c63	beq	x7,x0,100110	  x7:0x00000000  x0:0x00000000
          16260	      8126	00100110	00000513	addi	x10,x0,0	  x0:0x00000000 x10=0x00000000
          16264	      8128	00100114	00008067	jalr	x0,0(x1)	  x1:0x001013b0  x0=0x00000000
          16266	      8129	001013b0	000d8513	addi	x10,x27,0	 x27:0x00000002 x10=0x00000002
          16270	      8131	001013b4	d6dfe0ef	jal	x1,100120	  x1=0x001013b8
          16272	      8132	00100120	01c55793	srli	x15,x10,0x1c	 x10:0x00000002 x15=0x00000000
          16274	      8133	00100124	00900713	addi	x14,x0,9	  x0:0x00000000 x14=0x00000009
          16278	      8135	00100128	0cf77a63	bgeu	x14,x15,1001fc	 x14:0x00000009 x15:0x00000000
          16282	      8137	001001fc	03078393	addi	x7,x15,48	 x15:0x00000000  x7=0x00000030
          16284	      8138	00100200	000205b7	lui	x11,0x20	 x11=0x00020000
          16286	      8139	00100204	00451613	slli	x12,x10,0x4	 x10:0x00000002 x12=0x00000020
          16290	      8141	00100208	0075a023	sw	x7,0(x11)	 x11:0x00020000  x7:0x00000030 PA:0x00020000 store:0x00000030 load:0x00000000
          16292	      8142	0010020c	01c65693	srli	x13,x12,0x1c	 x12:0x00000020 x13=0x00000000
          16294	      8143	00100210	00900813	addi	x16,x0,9	  x0:0x00000000 x16=0x00000009
          16296	      8144	00100214	f2d86ae3	bltu	x16,x13,100148	 x16:0x00000009 x13:0x00000000
          16298	      8145	00100218	03068e93	addi	x29,x13,48	 x13:0x00000000 x29=0x00000030
          16300	      8146	0010021c	00020f37	lui	x30,0x20	 x30=0x00020000
          16302	      8147	00100220	00851f93	slli	x31,x10,0x8	 x10:0x00000002 x31=0x00000200
          16306	      8149	00100224	01df2023	sw	x29,0(x30)	 x30:0x00020000 x29:0x00000030 PA:0x00020000 store:0x00000030 load:0x00000000
          16308	      8150	00100228	01cfd793	srli	x15,x31,0x1c	 x31:0x00000200 x15=0x00000000
          16310	      8151	0010022c	00900713	addi	x14,x0,9	  x0:0x00000000 x14=0x00000009
          16312	      8152	00100230	f2f76ae3	bltu	x14,x15,100164	 x14:0x00000009 x15:0x00000000
          16314	      8153	00100234	03078393	addi	x7,x15,48	 x15:0x00000000  x7=0x00000030
          16316	      8154	00100238	000205b7	lui	x11,0x20	 x11=0x00020000
          16318	      8155	0010023c	00c51613	slli	x12,x10,0xc	 x10:0x00000002 x12=0x00002000
          16322	      8157	00100240	0075a023	sw	x7,0(x11)	 x11:0x00020000  x7:0x00000030 PA:0x00020000 store:0x00000030 load:0x00000000
          16324	      8158	00100244	01c65693	srli	x13,x12,0x1c	 x12:0x00002000 x13=0x00000000
          16326	      8159	00100248	00900813	addi	x16,x0,9	  x0:0x00000000 x16=0x00000009
          16328	      8160	0010024c	f2d86ae3	bltu	x16,x13,100180	 x16:0x00000009 x13:0x00000000
          16330	      8161	00100250	03068e93	addi	x29,x13,48	 x13:0x00000000 x29=0x00000030
          16332	      8162	00100254	00020f37	lui	x30,0x20	 x30=0x00020000
          16334	      8163	00100258	01051f93	slli	x31,x10,0x10	 x10:0x00000002 x31=0x00020000
          16338	      8165	0010025c	01df2023	sw	x29,0(x30)	 x30:0x00020000 x29:0x00000030 PA:0x00020000 store:0x00000030 load:0x00000000
          16340	      8166	00100260	01cfd793	srli	x15,x31,0x1c	 x31:0x00020000 x15=0x00000000
          16342	      8167	00100264	00900713	addi	x14,x0,9	  x0:0x00000000 x14=0x00000009
          16344	      8168	00100268	f2f76ae3	bltu	x14,x15,10019c	 x14:0x00000009 x15:0x00000000
          16346	      8169	0010026c	03078393	addi	x7,x15,48	 x15:0x00000000  x7=0x00000030
          16348	      8170	00100270	000205b7	lui	x11,0x20	 x11=0x00020000
          16350	      8171	00100274	01451613	slli	x12,x10,0x14	 x10:0x00000002 x12=0x00200000
          16354	      8173	00100278	0075a023	sw	x7,0(x11)	 x11:0x00020000  x7:0x00000030 PA:0x00020000 store:0x00000030 load:0x00000000
          16356	      8174	0010027c	01c65693	srli	x13,x12,0x1c	 x12:0x00200000 x13=0x00000000
          16358	      8175	00100280	00900813	addi	x16,x0,9	  x0:0x00000000 x16=0x00000009
          16360	      8176	00100284	f2d86ae3	bltu	x16,x13,1001b8	 x16:0x00000009 x13:0x00000000
          16362	      8177	00100288	03068e93	addi	x29,x13,48	 x13:0x00000000 x29=0x00000030
          16364	      8178	0010028c	00020f37	lui	x30,0x20	 x30=0x00020000
          16366	      8179	00100290	01851f93	slli	x31,x10,0x18	 x10:0x00000002 x31=0x02000000
          16370	      8181	00100294	01df2023	sw	x29,0(x30)	 x30:0x00020000 x29:0x00000030 PA:0x00020000 store:0x00000030 load:0x00000000
          16372	      8182	00100298	01cfd793	srli	x15,x31,0x1c	 x31:0x02000000 x15=0x00000000
          16374	      8183	0010029c	00900713	addi	x14,x0,9	  x0:0x00000000 x14=0x00000009
          16376	      8184	001002a0	f2f76ae3	bltu	x14,x15,1001d4	 x14:0x00000009 x15:0x00000000
          16378	      8185	001002a4	03078393	addi	x7,x15,48	 x15:0x00000000  x7=0x00000030
          16380	      8186	001002a8	000205b7	lui	x11,0x20	 x11=0x00020000
          16384	      8188	001002ac	0075a023	sw	x7,0(x11)	 x11:0x00020000  x7:0x00000030 PA:0x00020000 store:0x00000030 load:0x00000000
          16386	      8189	001002b0	00f57513	andi	x10,x10,15	 x10:0x00000002 x10=0x00000002
          16388	      8190	001002b4	00900613	addi	x12,x0,9	  x0:0x00000000 x12=0x00000009
          16392	      8192	001002b8	f2a67ae3	bgeu	x12,x10,1001ec	 x12:0x00000009 x10:0x00000002
          16396	      8194	001001ec	03050893	addi	x17,x10,48	 x10:0x00000002 x17=0x00000032
          16398	      8195	001001f0	00020e37	lui	x28,0x20	 x28=0x00020000
          16402	      8197	001001f4	011e2023	sw	x17,0(x28)	 x28:0x00020000 x17:0x00000032 PA:0x00020000 store:0x00000032 load:0x00000000
          16406	      8199	001001f8	00008067	jalr	x0,0(x1)	  x1:0x001013b8  x0=0x00000000
          16408	      8200	001013b8	a18b0513	addi	x10,x22,-1512	 x22:0x00102000 x10=0x00101a18
          16412	      8202	001013bc	ce5fe0ef	jal	x1,1000a0	  x1=0x001013c0
          16416	      8204	001000a0	00054803	lbu	x16,0(x10)	 x10:0x00101a18 x16=0x00000020 PA:0x00101a18 store:0x00000000
          16418	      8205	001000a4	06080663	beq	x16,x0,100110	 x16:0x00000020  x0:0x00000000
          16420	      8206	001000a8	000207b7	lui	x15,0x20	 x15=0x00020000
          16424	      8208	001000ac	0107a023	sw	x16,0(x15)	 x15:0x00020000 x16:0x00000020 PA:0x00020000 store:0x00000020 load:0x00000000
          16428	      8210	001000b0	00154703	lbu	x14,1(x10)	 x10:0x00101a18 x14=0x00000072 PA:0x00101a19 store:0x001013c0
          16430	      8211	001000b4	04070e63	beq	x14,x0,100110	 x14:0x00000072  x0:0x00000000
          16434	      8213	001000b8	00e7a023	sw	x14,0(x15)	 x15:0x00020000 x14:0x00000072 PA:0x00020000 store:0x00000072 load:0x00000000
          16438	      8215	001000bc	00254283	lbu	x5,2(x10)	 x10:0x00101a18  x5=0x00000065 PA:0x00101a1a store:0x00137fa0
          16440	      8216	001000c0	04028863	beq	x5,x0,100110	  x5:0x00000065  x0:0x00000000
          16444	      8218	001000c4	0057a023	sw	x5,0(x15)	 x15:0x00020000  x5:0x00000065 PA:0x00020000 store:0x00000065 load:0x00000000
          16448	      8220	001000c8	00354303	lbu	x6,3(x10)	 x10:0x00101a18  x6=0x00000073 PA:0x00101a1b store:0x00000000
          16450	      8221	001000cc	04030263	beq	x6,x0,100110	  x6:0x00000073  x0:0x00000000
          16454	      8223	001000d0	0067a023	sw	x6,0(x15)	 x15:0x00020000  x6:0x00000073 PA:0x00020000 store:0x00000073 load:0x00000000
          16458	      8225	001000d4	00454383	lbu	x7,4(x10)	 x10:0x00101a18  x7=0x00000075 PA:0x00101a1c store:0x00000000
          16460	      8226	001000d8	02038c63	beq	x7,x0,100110	  x7:0x00000075  x0:0x00000000
          16464	      8228	001000dc	0077a023	sw	x7,0(x15)	 x15:0x00020000  x7:0x00000075 PA:0x00020000 store:0x00000075 load:0x00000000
          16468	      8230	001000e0	00554583	lbu	x11,5(x10)	 x10:0x00101a18 x11=0x0000006c PA:0x00101a1d store:0x00000065
          16470	      8231	001000e4	02058663	beq	x11,x0,100110	 x11:0x0000006c  x0:0x00000000
          16474	      8233	001000e8	00b7a023	sw	x11,0(x15)	 x15:0x00020000 x11:0x0000006c PA:0x00020000 store:0x0000006c load:0x00000000
          16478	      8235	001000ec	00654603	lbu	x12,6(x10)	 x10:0x00101a18 x12=0x00000074 PA:0x00101a1e store:0x00000073
          16480	      8236	001000f0	02060063	beq	x12,x0,100110	 x12:0x00000074  x0:0x00000000
          16484	      8238	001000f4	00c7a023	sw	x12,0(x15)	 x15:0x00020000 x12:0x00000074 PA:0x00020000 store:0x00000074 load:0x00000000
          16488	      8240	001000f8	00754683	lbu	x13,7(x10)	 x10:0x00101a18 x13=0x0000003a PA:0x00101a1f store:0x00000075
          16490	      8241	001000fc	00850513	addi	x10,x10,8	 x10:0x00101a18 x10=0x00101a20
          16492	      8242	00100100	00068863	beq	x13,x0,100110	 x13:0x0000003a  x0:0x00000000
          16496	      8244	00100104	00d7a023	sw	x13,0(x15)	 x15:0x00020000 x13:0x0000003a PA:0x00020000 store:0x0000003a load:0x00000000
          16500	      8246	00100108	00054803	lbu	x16,0(x10)	 x10:0x00101a20 x16=0x00000020 PA:0x00101a20 store:0x00000000
          16504	      8248	0010010c	fa0810e3	bne	x16,x0,1000ac	 x16:0x00000020  x0:0x00000000
          16510	      8251	001000ac	0107a023	sw	x16,0(x15)	 x15:0x00020000 x16:0x00000020 PA:0x00020000 store:0x00000020 load:0x00000000
          16514	      8253	001000b0	00154703	lbu	x14,1(x10)	 x10:0x00101a20 x14=0x00000000 PA:0x00101a21 store:0x001013c0
          16518	      8255	001000b4	04070e63	beq	x14,x0,100110	 x14:0x00000000  x0:0x00000000
          16522	      8257	00100110	00000513	addi	x10,x0,0	  x0:0x00000000 x10=0x00000000
          16526	      8259	00100114	00008067	jalr	x0,0(x1)	  x1:0x001013c0  x0=0x00000000
          16530	      8261	001013c0	cf8a2503	lw	x10,-776(x20)	 x20:0x00102000 x10=0x400a5069 PA:0x00101cf8 store:0x00000000
          16532	      8262	001013c4	003c0d93	addi	x27,x24,3	 x24:0x00000000 x27=0x00000003
          16534	      8263	001013c8	004c0c13	addi	x24,x24,4	 x24:0x00000000 x24=0x00000004
          16538	      8265	001013cc	d55fe0ef	jal	x1,100120	  x1=0x001013d0
          16540	      8266	00100120	01c55793	srli	x15,x10,0x1c	 x10:0x400a5069 x15=0x00000004
          16542	      8267	00100124	00900713	addi	x14,x0,9	  x0:0x00000000 x14=0x00000009
          16546	      8269	00100128	0cf77a63	bgeu	x14,x15,1001fc	 x14:0x00000009 x15:0x00000004
          16550	      8271	001001fc	03078393	addi	x7,x15,48	 x15:0x00000004  x7=0x00000034
          16552	      8272	00100200	000205b7	lui	x11,0x20	 x11=0x00020000
          16554	      8273	00100204	00451613	slli	x12,x10,0x4	 x10:0x400a5069 x12=0x00a50690
          16558	      8275	00100208	0075a023	sw	x7,0(x11)	 x11:0x00020000  x7:0x00000034 PA:0x00020000 store:0x00000034 load:0x00000000
          16560	      8276	0010020c	01c65693	srli	x13,x12,0x1c	 x12:0x00a50690 x13=0x00000000
          16562	      8277	00100210	00900813	addi	x16,x0,9	  x0:0x00000000 x16=0x00000009
          16564	      8278	00100214	f2d86ae3	bltu	x16,x13,100148	 x16:0x00000009 x13:0x00000000
          16566	      8279	00100218	03068e93	addi	x29,x13,48	 x13:0x00000000 x29=0x00000030
          16568	      8280	0010021c	00020f37	lui	x30,0x20	 x30=0x00020000
          16570	      8281	00100220	00851f93	slli	x31,x10,0x8	 x10:0x400a5069 x31=0x0a506900
          16574	      8283	00100224	01df2023	sw	x29,0(x30)	 x30:0x00020000 x29:0x00000030 PA:0x00020000 store:0x00000030 load:0x00000000
          16576	      8284	00100228	01cfd793	srli	x15,x31,0x1c	 x31:0x0a506900 x15=0x00000000
          16578	      8285	0010022c	00900713	addi	x14,x0,9	  x0:0x00000000 x14=0x00000009
          16580	      8286	00100230	f2f76ae3	bltu	x14,x15,100164	 x14:0x00000009 x15:0x00000000
          16582	      8287	00100234	03078393	addi	x7,x15,48	 x15:0x00000000  x7=0x00000030
          16584	      8288	00100238	000205b7	lui	x11,0x20	 x11=0x00020000
          16586	      8289	0010023c	00c51613	slli	x12,x10,0xc	 x10:0x400a5069 x12=0xa5069000
          16590	      8291	00100240	0075a023	sw	x7,0(x11)	 x11:0x00020000  x7:0x00000030 PA:0x00020000 store:0x00000030 load:0x00000000
          16592	      8292	00100244	01c65693	srli	x13,x12,0x1c	 x12:0xa5069000 x13=0x0000000a
          16594	      8293	00100248	00900813	addi	x16,x0,9	  x0:0x00000000 x16=0x00000009
          16598	      8295	0010024c	f2d86ae3	bltu	x16,x13,100180	 x16:0x00000009 x13:0x0000000a
          16602	      8297	00100180	03768893	addi	x17,x13,55	 x13:0x0000000a x17=0x00000041
          16604	      8298	00100184	00020e37	lui	x28,0x20	 x28=0x00020000
          16606	      8299	00100188	01051f93	slli	x31,x10,0x10	 x10:0x400a5069 x31=0x50690000
          16610	      8301	0010018c	011e2023	sw	x17,0(x28)	 x28:0x00020000 x17:0x00000041 PA:0x00020000 store:0x00000041 load:0x00000000
          16612	      8302	00100190	01cfd793	srli	x15,x31,0x1c	 x31:0x50690000 x15=0x00000005
          16614	      8303	00100194	00900713	addi	x14,x0,9	  x0:0x00000000 x14=0x00000009
          16618	      8305	00100198	0cf77a63	bgeu	x14,x15,10026c	 x14:0x00000009 x15:0x00000005
          16622	      8307	0010026c	03078393	addi	x7,x15,48	 x15:0x00000005  x7=0x00000035
          16624	      8308	00100270	000205b7	lui	x11,0x20	 x11=0x00020000
          16626	      8309	00100274	01451613	slli	x12,x10,0x14	 x10:0x400a5069 x12=0x06900000
          16630	      8311	00100278	0075a023	sw	x7,0(x11)	 x11:0x00020000  x7:0x00000035 PA:0x00020000 store:0x00000035 load:0x00000000
          16632	      8312	0010027c	01c65693	srli	x13,x12,0x1c	 x12:0x06900000 x13=0x00000000
          16634	      8313	00100280	00900813	addi	x16,x0,9	  x0:0x00000000 x16=0x00000009
          16636	      8314	00100284	f2d86ae3	bltu	x16,x13,1001b8	 x16:0x00000009 x13:0x00000000
          16638	      8315	00100288	03068e93	addi	x29,x13,48	 x13:0x00000000 x29=0x00000030
          16640	      8316	0010028c	00020f37	lui	x30,0x20	 x30=0x00020000
          16642	      8317	00100290	01851f93	slli	x31,x10,0x18	 x10:0x400a5069 x31=0x69000000
          16646	      8319	00100294	01df2023	sw	x29,0(x30)	 x30:0x00020000 x29:0x00000030 PA:0x00020000 store:0x00000030 load:0x00000000
          16648	      8320	00100298	01cfd793	srli	x15,x31,0x1c	 x31:0x69000000 x15=0x00000006
          16650	      8321	0010029c	00900713	addi	x14,x0,9	  x0:0x00000000 x14=0x00000009
          16652	      8322	001002a0	f2f76ae3	bltu	x14,x15,1001d4	 x14:0x00000009 x15:0x00000006
          16654	      8323	001002a4	03078393	addi	x7,x15,48	 x15:0x00000006  x7=0x00000036
          16656	      8324	001002a8	000205b7	lui	x11,0x20	 x11=0x00020000
          16660	      8326	001002ac	0075a023	sw	x7,0(x11)	 x11:0x00020000  x7:0x00000036 PA:0x00020000 store:0x00000036 load:0x00000000
          16662	      8327	001002b0	00f57513	andi	x10,x10,15	 x10:0x400a5069 x10=0x00000009
          16664	      8328	001002b4	00900613	addi	x12,x0,9	  x0:0x00000000 x12=0x00000009
          16668	      8330	001002b8	f2a67ae3	bgeu	x12,x10,1001ec	 x12:0x00000009 x10:0x00000009
          16672	      8332	001001ec	03050893	addi	x17,x10,48	 x10:0x00000009 x17=0x00000039
          16674	      8333	001001f0	00020e37	lui	x28,0x20	 x28=0x00020000
          16678	      8335	001001f4	011e2023	sw	x17,0(x28)	 x28:0x00020000 x17:0x00000039 PA:0x00020000 store:0x00000039 load:0x00000000
          16682	      8337	001001f8	00008067	jalr	x0,0(x1)	  x1:0x001013d0  x0=0x00000000
          16690	      8341	001013d0	a10a8513	addi	x10,x21,-1520	 x21:0x00102000 x10=0x00101a10
          16692	      8342	001013d4	d089a987	flw	f19,-760(x19)	 f19:0x00102000 f19=0x00000000 PA:0x00101d08 store:0x41ae842c
          16712	      8352	001013d8	5809fa53	fsqrt.s	f20,f19	 f19:0x00102000 f20=0x00000000
          16714	      8353	001013dc	d149a427	fsw	f20,-760(x19)	 f19:0x00102000 f20:0x00102000 PA:0x00101d08 store:0x3fbc2bd5 load:0x400a5069
          16716	      8354	001013e0	d089aa87	flw	f21,-760(x19)	 f19:0x00102000 f21=0x00000000 PA:0x00101d08 store:0x41ae842c
          16718	      8355	001013e4	e00a82d3	fmv.x.w	x5,f21	 f21:0x00102000  x5=0x3fbc2bd5
          16720	      8356	001013e8	ce5a2c23	sw	x5,-776(x20)	 x20:0x00102000  x5:0x3fbc2bd5 PA:0x00101cf8 store:0x3fbc2bd5 load:0x3fbc2bd5
          16724	      8358	001013ec	cb5fe0ef	jal	x1,1000a0	  x1=0x001013f0
          16728	      8360	001000a0	00054803	lbu	x16,0(x10)	 x10:0x00101a10 x16=0x0000000a PA:0x00101a10 store:0x00000000
          16730	      8361	001000a4	06080663	beq	x16,x0,100110	 x16:0x0000000a  x0:0x00000000
          16732	      8362	001000a8	000207b7	lui	x15,0x20	 x15=0x00020000
          16736	      8364	001000ac	0107a023	sw	x16,0(x15)	 x15:0x00020000 x16:0x0000000a PA:0x00020000 store:0x0000000a load:0x00000000
          16740	      8366	001000b0	00154703	lbu	x14,1(x10)	 x10:0x00101a10 x14=0x00000020 PA:0x00101a11 store:0x001013f0
          16742	      8367	001000b4	04070e63	beq	x14,x0,100110	 x14:0x00000020  x0:0x00000000
          16746	      8369	001000b8	00e7a023	sw	x14,0(x15)	 x15:0x00020000 x14:0x00000020 PA:0x00020000 store:0x00000020 load:0x00000000
          16750	      8371	001000bc	00254283	lbu	x5,2(x10)	 x10:0x00101a10  x5=0x00000069 PA:0x00101a12 store:0x00137fa0
          16752	      8372	001000c0	04028863	beq	x5,x0,100110	  x5:0x00000069  x0:0x00000000
          16756	      8374	001000c4	0057a023	sw	x5,0(x15)	 x15:0x00020000  x5:0x00000069 PA:0x00020000 store:0x00000069 load:0x00000000
          16760	      8376	001000c8	00354303	lbu	x6,3(x10)	 x10:0x00101a10  x6=0x0000003d PA:0x00101a13 store:0x00000000
          16762	      8377	001000cc	04030263	beq	x6,x0,100110	  x6:0x0000003d  x0:0x00000000
          16766	      8379	001000d0	0067a023	sw	x6,0(x15)	 x15:0x00020000  x6:0x0000003d PA:0x00020000 store:0x0000003d load:0x00000000
          16770	      8381	001000d4	00454383	lbu	x7,4(x10)	 x10:0x00101a10  x7=0x00000000 PA:0x00101a14 store:0x00000000
          16774	      8383	001000d8	02038c63	beq	x7,x0,100110	  x7:0x00000000  x0:0x00000000
          16778	      8385	00100110	00000513	addi	x10,x0,0	  x0:0x00000000 x10=0x00000000
          16782	      8387	00100114	00008067	jalr	x0,0(x1)	  x1:0x001013f0  x0=0x00000000
          16784	      8388	001013f0	000d8513	addi	x10,x27,0	 x27:0x00000003 x10=0x00000003
          16788	      8390	001013f4	d2dfe0ef	jal	x1,100120	  x1=0x001013f8
          16790	      8391	00100120	01c55793	srli	x15,x10,0x1c	 x10:0x00000003 x15=0x00000000
          16792	      8392	00100124	00900713	addi	x14,x0,9	  x0:0x00000000 x14=0x00000009
          16796	      8394	00100128	0cf77a63	bgeu	x14,x15,1001fc	 x14:0x00000009 x15:0x00000000
          16800	      8396	001001fc	03078393	addi	x7,x15,48	 x15:0x00000000  x7=0x00000030
          16802	      8397	00100200	000205b7	lui	x11,0x20	 x11=0x00020000
          16804	      8398	00100204	00451613	slli	x12,x10,0x4	 x10:0x00000003 x12=0x00000030
          16808	      8400	00100208	0075a023	sw	x7,0(x11)	 x11:0x00020000  x7:0x00000030 PA:0x00020000 store:0x00000030 load:0x00000000
          16810	      8401	0010020c	01c65693	srli	x13,x12,0x1c	 x12:0x00000030 x13=0x00000000
          16812	      8402	00100210	00900813	addi	x16,x0,9	  x0:0x00000000 x16=0x00000009
          16814	      8403	00100214	f2d86ae3	bltu	x16,x13,100148	 x16:0x00000009 x13:0x00000000
          16816	      8404	00100218	03068e93	addi	x29,x13,48	 x13:0x00000000 x29=0x00000030
          16818	      8405	0010021c	00020f37	lui	x30,0x20	 x30=0x00020000
          16820	      8406	00100220	00851f93	slli	x31,x10,0x8	 x10:0x00000003 x31=0x00000300
          16824	      8408	00100224	01df2023	sw	x29,0(x30)	 x30:0x00020000 x29:0x00000030 PA:0x00020000 store:0x00000030 load:0x00000000
          16826	      8409	00100228	01cfd793	srli	x15,x31,0x1c	 x31:0x00000300 x15=0x00000000
          16828	      8410	0010022c	00900713	addi	x14,x0,9	  x0:0x00000000 x14=0x00000009
          16830	      8411	00100230	f2f76ae3	bltu	x14,x15,100164	 x14:0x00000009 x15:0x00000000
          16832	      8412	00100234	03078393	addi	x7,x15,48	 x15:0x00000000  x7=0x00000030
          16834	      8413	00100238	000205b7	lui	x11,0x20	 x11=0x00020000
          16836	      8414	0010023c	00c51613	slli	x12,x10,0xc	 x10:0x00000003 x12=0x00003000
          16840	      8416	00100240	0075a023	sw	x7,0(x11)	 x11:0x00020000  x7:0x00000030 PA:0x00020000 store:0x00000030 load:0x00000000
          16842	      8417	00100244	01c65693	srli	x13,x12,0x1c	 x12:0x00003000 x13=0x00000000
          16844	      8418	00100248	00900813	addi	x16,x0,9	  x0:0x00000000 x16=0x00000009
          16846	      8419	0010024c	f2d86ae3	bltu	x16,x13,100180	 x16:0x00000009 x13:0x00000000
          16848	      8420	00100250	03068e93	addi	x29,x13,48	 x13:0x00000000 x29=0x00000030
          16850	      8421	00100254	00020f37	lui	x30,0x20	 x30=0x00020000
          16852	      8422	00100258	01051f93	slli	x31,x10,0x10	 x10:0x00000003 x31=0x00030000
          16856	      8424	0010025c	01df2023	sw	x29,0(x30)	 x30:0x00020000 x29:0x00000030 PA:0x00020000 store:0x00000030 load:0x00000000
          16858	      8425	00100260	01cfd793	srli	x15,x31,0x1c	 x31:0x00030000 x15=0x00000000
          16860	      8426	00100264	00900713	addi	x14,x0,9	  x0:0x00000000 x14=0x00000009
          16862	      8427	00100268	f2f76ae3	bltu	x14,x15,10019c	 x14:0x00000009 x15:0x00000000
          16864	      8428	0010026c	03078393	addi	x7,x15,48	 x15:0x00000000  x7=0x00000030
          16866	      8429	00100270	000205b7	lui	x11,0x20	 x11=0x00020000
          16868	      8430	00100274	01451613	slli	x12,x10,0x14	 x10:0x00000003 x12=0x00300000
          16872	      8432	00100278	0075a023	sw	x7,0(x11)	 x11:0x00020000  x7:0x00000030 PA:0x00020000 store:0x00000030 load:0x00000000
          16874	      8433	0010027c	01c65693	srli	x13,x12,0x1c	 x12:0x00300000 x13=0x00000000
          16876	      8434	00100280	00900813	addi	x16,x0,9	  x0:0x00000000 x16=0x00000009
          16878	      8435	00100284	f2d86ae3	bltu	x16,x13,1001b8	 x16:0x00000009 x13:0x00000000
          16880	      8436	00100288	03068e93	addi	x29,x13,48	 x13:0x00000000 x29=0x00000030
          16882	      8437	0010028c	00020f37	lui	x30,0x20	 x30=0x00020000
          16884	      8438	00100290	01851f93	slli	x31,x10,0x18	 x10:0x00000003 x31=0x03000000
          16888	      8440	00100294	01df2023	sw	x29,0(x30)	 x30:0x00020000 x29:0x00000030 PA:0x00020000 store:0x00000030 load:0x00000000
          16890	      8441	00100298	01cfd793	srli	x15,x31,0x1c	 x31:0x03000000 x15=0x00000000
          16892	      8442	0010029c	00900713	addi	x14,x0,9	  x0:0x00000000 x14=0x00000009
          16894	      8443	001002a0	f2f76ae3	bltu	x14,x15,1001d4	 x14:0x00000009 x15:0x00000000
          16896	      8444	001002a4	03078393	addi	x7,x15,48	 x15:0x00000000  x7=0x00000030
          16898	      8445	001002a8	000205b7	lui	x11,0x20	 x11=0x00020000
          16902	      8447	001002ac	0075a023	sw	x7,0(x11)	 x11:0x00020000  x7:0x00000030 PA:0x00020000 store:0x00000030 load:0x00000000
          16904	      8448	001002b0	00f57513	andi	x10,x10,15	 x10:0x00000003 x10=0x00000003
          16906	      8449	001002b4	00900613	addi	x12,x0,9	  x0:0x00000000 x12=0x00000009
          16910	      8451	001002b8	f2a67ae3	bgeu	x12,x10,1001ec	 x12:0x00000009 x10:0x00000003
          16914	      8453	001001ec	03050893	addi	x17,x10,48	 x10:0x00000003 x17=0x00000033
          16916	      8454	001001f0	00020e37	lui	x28,0x20	 x28=0x00020000
          16920	      8456	001001f4	011e2023	sw	x17,0(x28)	 x28:0x00020000 x17:0x00000033 PA:0x00020000 store:0x00000033 load:0x00000000
          16924	      8458	001001f8	00008067	jalr	x0,0(x1)	  x1:0x001013f8  x0=0x00000000
          16926	      8459	001013f8	a18b0513	addi	x10,x22,-1512	 x22:0x00102000 x10=0x00101a18
          16930	      8461	001013fc	ca5fe0ef	jal	x1,1000a0	  x1=0x00101400
          16934	      8463	001000a0	00054803	lbu	x16,0(x10)	 x10:0x00101a18 x16=0x00000020 PA:0x00101a18 store:0x00000000
          16936	      8464	001000a4	06080663	beq	x16,x0,100110	 x16:0x00000020  x0:0x00000000
          16938	      8465	001000a8	000207b7	lui	x15,0x20	 x15=0x00020000
          16942	      8467	001000ac	0107a023	sw	x16,0(x15)	 x15:0x00020000 x16:0x00000020 PA:0x00020000 store:0x00000020 load:0x00000000
          16946	      8469	001000b0	00154703	lbu	x14,1(x10)	 x10:0x00101a18 x14=0x00000072 PA:0x00101a19 store:0x00101400
          16948	      8470	001000b4	04070e63	beq	x14,x0,100110	 x14:0x00000072  x0:0x00000000
          16952	      8472	001000b8	00e7a023	sw	x14,0(x15)	 x15:0x00020000 x14:0x00000072 PA:0x00020000 store:0x00000072 load:0x00000000
          16956	      8474	001000bc	00254283	lbu	x5,2(x10)	 x10:0x00101a18  x5=0x00000065 PA:0x00101a1a store:0x00137fa0
          16958	      8475	001000c0	04028863	beq	x5,x0,100110	  x5:0x00000065  x0:0x00000000
          16962	      8477	001000c4	0057a023	sw	x5,0(x15)	 x15:0x00020000  x5:0x00000065 PA:0x00020000 store:0x00000065 load:0x00000000
          16966	      8479	001000c8	00354303	lbu	x6,3(x10)	 x10:0x00101a18  x6=0x00000073 PA:0x00101a1b store:0x00000000
          16968	      8480	001000cc	04030263	beq	x6,x0,100110	  x6:0x00000073  x0:0x00000000
          16972	      8482	001000d0	0067a023	sw	x6,0(x15)	 x15:0x00020000  x6:0x00000073 PA:0x00020000 store:0x00000073 load:0x00000000
          16976	      8484	001000d4	00454383	lbu	x7,4(x10)	 x10:0x00101a18  x7=0x00000075 PA:0x00101a1c store:0x00000000
          16978	      8485	001000d8	02038c63	beq	x7,x0,100110	  x7:0x00000075  x0:0x00000000
          16982	      8487	001000dc	0077a023	sw	x7,0(x15)	 x15:0x00020000  x7:0x00000075 PA:0x00020000 store:0x00000075 load:0x00000000
          16986	      8489	001000e0	00554583	lbu	x11,5(x10)	 x10:0x00101a18 x11=0x0000006c PA:0x00101a1d store:0x00000065
          16988	      8490	001000e4	02058663	beq	x11,x0,100110	 x11:0x0000006c  x0:0x00000000
          16992	      8492	001000e8	00b7a023	sw	x11,0(x15)	 x15:0x00020000 x11:0x0000006c PA:0x00020000 store:0x0000006c load:0x00000000
          16996	      8494	001000ec	00654603	lbu	x12,6(x10)	 x10:0x00101a18 x12=0x00000074 PA:0x00101a1e store:0x00000073
          16998	      8495	001000f0	02060063	beq	x12,x0,100110	 x12:0x00000074  x0:0x00000000
          17002	      8497	001000f4	00c7a023	sw	x12,0(x15)	 x15:0x00020000 x12:0x00000074 PA:0x00020000 store:0x00000074 load:0x00000000
          17006	      8499	001000f8	00754683	lbu	x13,7(x10)	 x10:0x00101a18 x13=0x0000003a PA:0x00101a1f store:0x00000075
          17008	      8500	001000fc	00850513	addi	x10,x10,8	 x10:0x00101a18 x10=0x00101a20
          17010	      8501	00100100	00068863	beq	x13,x0,100110	 x13:0x0000003a  x0:0x00000000
          17014	      8503	00100104	00d7a023	sw	x13,0(x15)	 x15:0x00020000 x13:0x0000003a PA:0x00020000 store:0x0000003a load:0x00000000
          17018	      8505	00100108	00054803	lbu	x16,0(x10)	 x10:0x00101a20 x16=0x00000020 PA:0x00101a20 store:0x00000000
          17022	      8507	0010010c	fa0810e3	bne	x16,x0,1000ac	 x16:0x00000020  x0:0x00000000
          17028	      8510	001000ac	0107a023	sw	x16,0(x15)	 x15:0x00020000 x16:0x00000020 PA:0x00020000 store:0x00000020 load:0x00000000
          17032	      8512	001000b0	00154703	lbu	x14,1(x10)	 x10:0x00101a20 x14=0x00000000 PA:0x00101a21 store:0x00101400
          17036	      8514	001000b4	04070e63	beq	x14,x0,100110	 x14:0x00000000  x0:0x00000000
          17040	      8516	00100110	00000513	addi	x10,x0,0	  x0:0x00000000 x10=0x00000000
          17044	      8518	00100114	00008067	jalr	x0,0(x1)	  x1:0x00101400  x0=0x00000000
          17048	      8520	00101400	cf8a2503	lw	x10,-776(x20)	 x20:0x00102000 x10=0x3fbc2bd5 PA:0x00101cf8 store:0x00000004
          17052	      8522	00101404	d1dfe0ef	jal	x1,100120	  x1=0x00101408
          17054	      8523	00100120	01c55793	srli	x15,x10,0x1c	 x10:0x3fbc2bd5 x15=0x00000003
          17056	      8524	00100124	00900713	addi	x14,x0,9	  x0:0x00000000 x14=0x00000009
          17060	      8526	00100128	0cf77a63	bgeu	x14,x15,1001fc	 x14:0x00000009 x15:0x00000003
          17064	      8528	001001fc	03078393	addi	x7,x15,48	 x15:0x00000003  x7=0x00000033
          17066	      8529	00100200	000205b7	lui	x11,0x20	 x11=0x00020000
          17068	      8530	00100204	00451613	slli	x12,x10,0x4	 x10:0x3fbc2bd5 x12=0xfbc2bd50
          17072	      8532	00100208	0075a023	sw	x7,0(x11)	 x11:0x00020000  x7:0x00000033 PA:0x00020000 store:0x00000033 load:0x00000000
          17074	      8533	0010020c	01c65693	srli	x13,x12,0x1c	 x12:0xfbc2bd50 x13=0x0000000f
          17076	      8534	00100210	00900813	addi	x16,x0,9	  x0:0x00000000 x16=0x00000009
          17080	      8536	00100214	f2d86ae3	bltu	x16,x13,100148	 x16:0x00000009 x13:0x0000000f
          17084	      8538	00100148	03768893	addi	x17,x13,55	 x13:0x0000000f x17=0x00000046
          17086	      8539	0010014c	00020e37	lui	x28,0x20	 x28=0x00020000
          17088	      8540	00100150	00851f93	slli	x31,x10,0x8	 x10:0x3fbc2bd5 x31=0xbc2bd500
          17092	      8542	00100154	011e2023	sw	x17,0(x28)	 x28:0x00020000 x17:0x00000046 PA:0x00020000 store:0x00000046 load:0x00000000
          17094	      8543	00100158	01cfd793	srli	x15,x31,0x1c	 x31:0xbc2bd500 x15=0x0000000b
          17096	      8544	0010015c	00900713	addi	x14,x0,9	  x0:0x00000000 x14=0x00000009
          17098	      8545	00100160	0cf77a63	bgeu	x14,x15,100234	 x14:0x00000009 x15:0x0000000b
          17100	      8546	00100164	03778293	addi	x5,x15,55	 x15:0x0000000b  x5=0x00000042
          17102	      8547	00100168	00020337	lui	x6,0x20	  x6=0x00020000
          17104	      8548	0010016c	00c51613	slli	x12,x10,0xc	 x10:0x3fbc2bd5 x12=0xc2bd5000
          17108	      8550	00100170	00532023	sw	x5,0(x6)	  x6:0x00020000  x5:0x00000042 PA:0x00020000 store:0x00000042 load:0x00000000
          17110	      8551	00100174	01c65693	srli	x13,x12,0x1c	 x12:0xc2bd5000 x13=0x0000000c
          17112	      8552	00100178	00900813	addi	x16,x0,9	  x0:0x00000000 x16=0x00000009
          17114	      8553	0010017c	0cd87a63	bgeu	x16,x13,100250	 x16:0x00000009 x13:0x0000000c
          17116	      8554	00100180	03768893	addi	x17,x13,55	 x13:0x0000000c x17=0x00000043
          17118	      8555	00100184	00020e37	lui	x28,0x20	 x28=0x00020000
          17120	      8556	00100188	01051f93	slli	x31,x10,0x10	 x10:0x3fbc2bd5 x31=0x2bd50000
          17124	      8558	0010018c	011e2023	sw	x17,0(x28)	 x28:0x00020000 x17:0x00000043 PA:0x00020000 store:0x00000043 load:0x00000000
          17126	      8559	00100190	01cfd793	srli	x15,x31,0x1c	 x31:0x2bd50000 x15=0x00000002
          17128	      8560	00100194	00900713	addi	x14,x0,9	  x0:0x00000000 x14=0x00000009
          17132	      8562	00100198	0cf77a63	bgeu	x14,x15,10026c	 x14:0x00000009 x15:0x00000002
          17136	      8564	0010026c	03078393	addi	x7,x15,48	 x15:0x00000002  x7=0x00000032
          17138	      8565	00100270	000205b7	lui	x11,0x20	 x11=0x00020000
          17140	      8566	00100274	01451613	slli	x12,x10,0x14	 x10:0x3fbc2bd5 x12=0xbd500000
          17144	      8568	00100278	0075a023	sw	x7,0(x11)	 x11:0x00020000  x7:0x00000032 PA:0x00020000 store:0x00000032 load:0x00000000
          17146	      8569	0010027c	01c65693	srli	x13,x12,0x1c	 x12:0xbd500000 x13=0x0000000b
          17148	      8570	00100280	00900813	addi	x16,x0,9	  x0:0x00000000 x16=0x00000009
          17152	      8572	00100284	f2d86ae3	bltu	x16,x13,1001b8	 x16:0x00000009 x13:0x0000000b
          17156	      8574	001001b8	03768893	addi	x17,x13,55	 x13:0x0000000b x17=0x00000042
          17158	      8575	001001bc	00020e37	lui	x28,0x20	 x28=0x00020000
          17160	      8576	001001c0	01851f93	slli	x31,x10,0x18	 x10:0x3fbc2bd5 x31=0xd5000000
          17164	      8578	001001c4	011e2023	sw	x17,0(x28)	 x28:0x00020000 x17:0x00000042 PA:0x00020000 store:0x00000042 load:0x00000000
          17166	      8579	001001c8	01cfd793	srli	x15,x31,0x1c	 x31:0xd5000000 x15=0x0000000d
          17168	      8580	001001cc	00900713	addi	x14,x0,9	  x0:0x00000000 x14=0x00000009
          17170	      8581	001001d0	0cf77a63	bgeu	x14,x15,1002a4	 x14:0x00000009 x15:0x0000000d
          17172	      8582	001001d4	03778293	addi	x5,x15,55	 x15:0x0000000d  x5=0x00000044
          17174	      8583	001001d8	00020337	lui	x6,0x20	  x6=0x00020000
          17178	      8585	001001dc	00532023	sw	x5,0(x6)	  x6:0x00020000  x5:0x00000044 PA:0x00020000 store:0x00000044 load:0x00000000
          17180	      8586	001001e0	00f57513	andi	x10,x10,15	 x10:0x3fbc2bd5 x10=0x00000005
          17182	      8587	001001e4	00900613	addi	x12,x0,9	  x0:0x00000000 x12=0x00000009
          17184	      8588	001001e8	0ca66a63	bltu	x12,x10,1002bc	 x12:0x00000009 x10:0x00000005
          17186	      8589	001001ec	03050893	addi	x17,x10,48	 x10:0x00000005 x17=0x00000035
          17188	      8590	001001f0	00020e37	lui	x28,0x20	 x28=0x00020000
          17192	      8592	001001f4	011e2023	sw	x17,0(x28)	 x28:0x00020000 x17:0x00000035 PA:0x00020000 store:0x00000035 load:0x00000000
          17196	      8594	001001f8	00008067	jalr	x0,0(x1)	  x1:0x00101408  x0=0x00000000
          17200	      8596	00101408	f1ac18e3	bne	x24,x26,101318	 x24:0x00000004 x26:0x00000014
          17208	      8600	00101318	d089a607	flw	f12,-760(x19)	 f19:0x00102000 f12=0x00000000 PA:0x00101d08 store:0x41ae842c
          17230	      8611	0010131c	580676d3	fsqrt.s	f13,f12	 f12:0x00000009 f13=0x00000000
          17232	      8612	00101320	d0d9a427	fsw	f13,-760(x19)	 f19:0x00102000 f13:0x0000000b PA:0x00101d08 store:0x3f9b3246 load:0x3fbc2bd5
          17234	      8613	00101324	d089a387	flw	f7,-760(x19)	 f19:0x00102000  f7=0x00000000 PA:0x00101d08 store:0x41ae842c
          17238	      8615	00101328	a10a8513	addi	x10,x21,-1520	 x21:0x00102000 x10=0x00101a10
          17240	      8616	0010132c	e00386d3	fmv.x.w	x13,f7	  f7:0x00000032 x13=0x3f9b3246
          17242	      8617	00101330	ceda2c23	sw	x13,-776(x20)	 x20:0x00102000 x13:0x3f9b3246 PA:0x00101cf8 store:0x3f9b3246 load:0x3f9b3246
          17244	      8618	00101334	d6dfe0ef	jal	x1,1000a0	  x1=0x00101338
          17248	      8620	001000a0	00054803	lbu	x16,0(x10)	 x10:0x00101a10 x16=0x0000000a PA:0x00101a10 store:0x00000000
          17250	      8621	001000a4	06080663	beq	x16,x0,100110	 x16:0x0000000a  x0:0x00000000
          17252	      8622	001000a8	000207b7	lui	x15,0x20	 x15=0x00020000
          17256	      8624	001000ac	0107a023	sw	x16,0(x15)	 x15:0x00020000 x16:0x0000000a PA:0x00020000 store:0x0000000a load:0x00000000
          17260	      8626	001000b0	00154703	lbu	x14,1(x10)	 x10:0x00101a10 x14=0x00000020 PA:0x00101a11 store:0x00101338
          17262	      8627	001000b4	04070e63	beq	x14,x0,100110	 x14:0x00000020  x0:0x00000000
          17266	      8629	001000b8	00e7a023	sw	x14,0(x15)	 x15:0x00020000 x14:0x00000020 PA:0x00020000 store:0x00000020 load:0x00000000
          17270	      8631	001000bc	00254283	lbu	x5,2(x10)	 x10:0x00101a10  x5=0x00000069 PA:0x00101a12 store:0x00137fa0
          17272	      8632	001000c0	04028863	beq	x5,x0,100110	  x5:0x00000069  x0:0x00000000
          17276	      8634	001000c4	0057a023	sw	x5,0(x15)	 x15:0x00020000  x5:0x00000069 PA:0x00020000 store:0x00000069 load:0x00000000
          17280	      8636	001000c8	00354303	lbu	x6,3(x10)	 x10:0x00101a10  x6=0x0000003d PA:0x00101a13 store:0x00000000
          17282	      8637	001000cc	04030263	beq	x6,x0,100110	  x6:0x0000003d  x0:0x00000000
          17286	      8639	001000d0	0067a023	sw	x6,0(x15)	 x15:0x00020000  x6:0x0000003d PA:0x00020000 store:0x0000003d load:0x00000000
          17290	      8641	001000d4	00454383	lbu	x7,4(x10)	 x10:0x00101a10  x7=0x00000000 PA:0x00101a14 store:0x00000000
          17294	      8643	001000d8	02038c63	beq	x7,x0,100110	  x7:0x00000000  x0:0x00000000
          17298	      8645	00100110	00000513	addi	x10,x0,0	  x0:0x00000000 x10=0x00000000
          17302	      8647	00100114	00008067	jalr	x0,0(x1)	  x1:0x00101338  x0=0x00000000
          17304	      8648	00101338	000c0513	addi	x10,x24,0	 x24:0x00000004 x10=0x00000004
          17308	      8650	0010133c	de5fe0ef	jal	x1,100120	  x1=0x00101340
          17310	      8651	00100120	01c55793	srli	x15,x10,0x1c	 x10:0x00000004 x15=0x00000000
          17312	      8652	00100124	00900713	addi	x14,x0,9	  x0:0x00000000 x14=0x00000009
          17316	      8654	00100128	0cf77a63	bgeu	x14,x15,1001fc	 x14:0x00000009 x15:0x00000000
          17320	      8656	001001fc	03078393	addi	x7,x15,48	 x15:0x00000000  x7=0x00000030
          17322	      8657	00100200	000205b7	lui	x11,0x20	 x11=0x00020000
          17324	      8658	00100204	00451613	slli	x12,x10,0x4	 x10:0x00000004 x12=0x00000040
          17328	      8660	00100208	0075a023	sw	x7,0(x11)	 x11:0x00020000  x7:0x00000030 PA:0x00020000 store:0x00000030 load:0x00000000
          17330	      8661	0010020c	01c65693	srli	x13,x12,0x1c	 x12:0x00000040 x13=0x00000000
          17332	      8662	00100210	00900813	addi	x16,x0,9	  x0:0x00000000 x16=0x00000009
          17334	      8663	00100214	f2d86ae3	bltu	x16,x13,100148	 x16:0x00000009 x13:0x00000000
          17336	      8664	00100218	03068e93	addi	x29,x13,48	 x13:0x00000000 x29=0x00000030
          17338	      8665	0010021c	00020f37	lui	x30,0x20	 x30=0x00020000
          17340	      8666	00100220	00851f93	slli	x31,x10,0x8	 x10:0x00000004 x31=0x00000400
          17344	      8668	00100224	01df2023	sw	x29,0(x30)	 x30:0x00020000 x29:0x00000030 PA:0x00020000 store:0x00000030 load:0x00000000
          17346	      8669	00100228	01cfd793	srli	x15,x31,0x1c	 x31:0x00000400 x15=0x00000000
          17348	      8670	0010022c	00900713	addi	x14,x0,9	  x0:0x00000000 x14=0x00000009
          17350	      8671	00100230	f2f76ae3	bltu	x14,x15,100164	 x14:0x00000009 x15:0x00000000
          17352	      8672	00100234	03078393	addi	x7,x15,48	 x15:0x00000000  x7=0x00000030
          17354	      8673	00100238	000205b7	lui	x11,0x20	 x11=0x00020000
          17356	      8674	0010023c	00c51613	slli	x12,x10,0xc	 x10:0x00000004 x12=0x00004000
          17360	      8676	00100240	0075a023	sw	x7,0(x11)	 x11:0x00020000  x7:0x00000030 PA:0x00020000 store:0x00000030 load:0x00000000
          17362	      8677	00100244	01c65693	srli	x13,x12,0x1c	 x12:0x00004000 x13=0x00000000
          17364	      8678	00100248	00900813	addi	x16,x0,9	  x0:0x00000000 x16=0x00000009
          17366	      8679	0010024c	f2d86ae3	bltu	x16,x13,100180	 x16:0x00000009 x13:0x00000000
          17368	      8680	00100250	03068e93	addi	x29,x13,48	 x13:0x00000000 x29=0x00000030
          17370	      8681	00100254	00020f37	lui	x30,0x20	 x30=0x00020000
          17372	      8682	00100258	01051f93	slli	x31,x10,0x10	 x10:0x00000004 x31=0x00040000
          17376	      8684	0010025c	01df2023	sw	x29,0(x30)	 x30:0x00020000 x29:0x00000030 PA:0x00020000 store:0x00000030 load:0x00000000
          17378	      8685	00100260	01cfd793	srli	x15,x31,0x1c	 x31:0x00040000 x15=0x00000000
          17380	      8686	00100264	00900713	addi	x14,x0,9	  x0:0x00000000 x14=0x00000009
          17382	      8687	00100268	f2f76ae3	bltu	x14,x15,10019c	 x14:0x00000009 x15:0x00000000
          17384	      8688	0010026c	03078393	addi	x7,x15,48	 x15:0x00000000  x7=0x00000030
          17386	      8689	00100270	000205b7	lui	x11,0x20	 x11=0x00020000
          17388	      8690	00100274	01451613	slli	x12,x10,0x14	 x10:0x00000004 x12=0x00400000
          17392	      8692	00100278	0075a023	sw	x7,0(x11)	 x11:0x00020000  x7:0x00000030 PA:0x00020000 store:0x00000030 load:0x00000000
          17394	      8693	0010027c	01c65693	srli	x13,x12,0x1c	 x12:0x00400000 x13=0x00000000
          17396	      8694	00100280	00900813	addi	x16,x0,9	  x0:0x00000000 x16=0x00000009
          17398	      8695	00100284	f2d86ae3	bltu	x16,x13,1001b8	 x16:0x00000009 x13:0x00000000
          17400	      8696	00100288	03068e93	addi	x29,x13,48	 x13:0x00000000 x29=0x00000030
          17402	      8697	0010028c	00020f37	lui	x30,0x20	 x30=0x00020000
          17404	      8698	00100290	01851f93	slli	x31,x10,0x18	 x10:0x00000004 x31=0x04000000
          17408	      8700	00100294	01df2023	sw	x29,0(x30)	 x30:0x00020000 x29:0x00000030 PA:0x00020000 store:0x00000030 load:0x00000000
          17410	      8701	00100298	01cfd793	srli	x15,x31,0x1c	 x31:0x04000000 x15=0x00000000
          17412	      8702	0010029c	00900713	addi	x14,x0,9	  x0:0x00000000 x14=0x00000009
          17414	      8703	001002a0	f2f76ae3	bltu	x14,x15,1001d4	 x14:0x00000009 x15:0x00000000
          17416	      8704	001002a4	03078393	addi	x7,x15,48	 x15:0x00000000  x7=0x00000030
          17418	      8705	001002a8	000205b7	lui	x11,0x20	 x11=0x00020000
          17422	      8707	001002ac	0075a023	sw	x7,0(x11)	 x11:0x00020000  x7:0x00000030 PA:0x00020000 store:0x00000030 load:0x00000000
          17424	      8708	001002b0	00f57513	andi	x10,x10,15	 x10:0x00000004 x10=0x00000004
          17426	      8709	001002b4	00900613	addi	x12,x0,9	  x0:0x00000000 x12=0x00000009
          17430	      8711	001002b8	f2a67ae3	bgeu	x12,x10,1001ec	 x12:0x00000009 x10:0x00000004
          17434	      8713	001001ec	03050893	addi	x17,x10,48	 x10:0x00000004 x17=0x00000034
          17436	      8714	001001f0	00020e37	lui	x28,0x20	 x28=0x00020000
          17440	      8716	001001f4	011e2023	sw	x17,0(x28)	 x28:0x00020000 x17:0x00000034 PA:0x00020000 store:0x00000034 load:0x00000000
          17444	      8718	001001f8	00008067	jalr	x0,0(x1)	  x1:0x00101340  x0=0x00000000
          17446	      8719	00101340	a18b0513	addi	x10,x22,-1512	 x22:0x00102000 x10=0x00101a18
          17450	      8721	00101344	d5dfe0ef	jal	x1,1000a0	  x1=0x00101348
          17454	      8723	001000a0	00054803	lbu	x16,0(x10)	 x10:0x00101a18 x16=0x00000020 PA:0x00101a18 store:0x00000000
          17456	      8724	001000a4	06080663	beq	x16,x0,100110	 x16:0x00000020  x0:0x00000000
          17458	      8725	001000a8	000207b7	lui	x15,0x20	 x15=0x00020000
          17462	      8727	001000ac	0107a023	sw	x16,0(x15)	 x15:0x00020000 x16:0x00000020 PA:0x00020000 store:0x00000020 load:0x00000000
          17466	      8729	001000b0	00154703	lbu	x14,1(x10)	 x10:0x00101a18 x14=0x00000072 PA:0x00101a19 store:0x00101348
          17468	      8730	001000b4	04070e63	beq	x14,x0,100110	 x14:0x00000072  x0:0x00000000
          17472	      8732	001000b8	00e7a023	sw	x14,0(x15)	 x15:0x00020000 x14:0x00000072 PA:0x00020000 store:0x00000072 load:0x00000000
          17476	      8734	001000bc	00254283	lbu	x5,2(x10)	 x10:0x00101a18  x5=0x00000065 PA:0x00101a1a store:0x00137fa0
          17478	      8735	001000c0	04028863	beq	x5,x0,100110	  x5:0x00000065  x0:0x00000000
          17482	      8737	001000c4	0057a023	sw	x5,0(x15)	 x15:0x00020000  x5:0x00000065 PA:0x00020000 store:0x00000065 load:0x00000000
          17486	      8739	001000c8	00354303	lbu	x6,3(x10)	 x10:0x00101a18  x6=0x00000073 PA:0x00101a1b store:0x00000000
          17488	      8740	001000cc	04030263	beq	x6,x0,100110	  x6:0x00000073  x0:0x00000000
          17492	      8742	001000d0	0067a023	sw	x6,0(x15)	 x15:0x00020000  x6:0x00000073 PA:0x00020000 store:0x00000073 load:0x00000000
          17496	      8744	001000d4	00454383	lbu	x7,4(x10)	 x10:0x00101a18  x7=0x00000075 PA:0x00101a1c store:0x00000000
          17498	      8745	001000d8	02038c63	beq	x7,x0,100110	  x7:0x00000075  x0:0x00000000
          17502	      8747	001000dc	0077a023	sw	x7,0(x15)	 x15:0x00020000  x7:0x00000075 PA:0x00020000 store:0x00000075 load:0x00000000
          17506	      8749	001000e0	00554583	lbu	x11,5(x10)	 x10:0x00101a18 x11=0x0000006c PA:0x00101a1d store:0x00000065
          17508	      8750	001000e4	02058663	beq	x11,x0,100110	 x11:0x0000006c  x0:0x00000000
          17512	      8752	001000e8	00b7a023	sw	x11,0(x15)	 x15:0x00020000 x11:0x0000006c PA:0x00020000 store:0x0000006c load:0x00000000
          17516	      8754	001000ec	00654603	lbu	x12,6(x10)	 x10:0x00101a18 x12=0x00000074 PA:0x00101a1e store:0x00000073
          17518	      8755	001000f0	02060063	beq	x12,x0,100110	 x12:0x00000074  x0:0x00000000
          17522	      8757	001000f4	00c7a023	sw	x12,0(x15)	 x15:0x00020000 x12:0x00000074 PA:0x00020000 store:0x00000074 load:0x00000000
          17526	      8759	001000f8	00754683	lbu	x13,7(x10)	 x10:0x00101a18 x13=0x0000003a PA:0x00101a1f store:0x00000075
          17528	      8760	001000fc	00850513	addi	x10,x10,8	 x10:0x00101a18 x10=0x00101a20
          17530	      8761	00100100	00068863	beq	x13,x0,100110	 x13:0x0000003a  x0:0x00000000
          17534	      8763	00100104	00d7a023	sw	x13,0(x15)	 x15:0x00020000 x13:0x0000003a PA:0x00020000 store:0x0000003a load:0x00000000
          17538	      8765	00100108	00054803	lbu	x16,0(x10)	 x10:0x00101a20 x16=0x00000020 PA:0x00101a20 store:0x00000000
          17542	      8767	0010010c	fa0810e3	bne	x16,x0,1000ac	 x16:0x00000020  x0:0x00000000
          17548	      8770	001000ac	0107a023	sw	x16,0(x15)	 x15:0x00020000 x16:0x00000020 PA:0x00020000 store:0x00000020 load:0x00000000
          17552	      8772	001000b0	00154703	lbu	x14,1(x10)	 x10:0x00101a20 x14=0x00000000 PA:0x00101a21 store:0x00101348
          17556	      8774	001000b4	04070e63	beq	x14,x0,100110	 x14:0x00000000  x0:0x00000000
          17560	      8776	00100110	00000513	addi	x10,x0,0	  x0:0x00000000 x10=0x00000000
          17564	      8778	00100114	00008067	jalr	x0,0(x1)	  x1:0x00101348  x0=0x00000000
          17568	      8780	00101348	cf8a2503	lw	x10,-776(x20)	 x20:0x00102000 x10=0x3f9b3246 PA:0x00101cf8 store:0x00000004
          17570	      8781	0010134c	001c0d93	addi	x27,x24,1	 x24:0x00000004 x27=0x00000005
          17574	      8783	00101350	dd1fe0ef	jal	x1,100120	  x1=0x00101354
          17576	      8784	00100120	01c55793	srli	x15,x10,0x1c	 x10:0x3f9b3246 x15=0x00000003
          17578	      8785	00100124	00900713	addi	x14,x0,9	  x0:0x00000000 x14=0x00000009
          17582	      8787	00100128	0cf77a63	bgeu	x14,x15,1001fc	 x14:0x00000009 x15:0x00000003
          17586	      8789	001001fc	03078393	addi	x7,x15,48	 x15:0x00000003  x7=0x00000033
          17588	      8790	00100200	000205b7	lui	x11,0x20	 x11=0x00020000
          17590	      8791	00100204	00451613	slli	x12,x10,0x4	 x10:0x3f9b3246 x12=0xf9b32460
          17594	      8793	00100208	0075a023	sw	x7,0(x11)	 x11:0x00020000  x7:0x00000033 PA:0x00020000 store:0x00000033 load:0x00000000
          17596	      8794	0010020c	01c65693	srli	x13,x12,0x1c	 x12:0xf9b32460 x13=0x0000000f
          17598	      8795	00100210	00900813	addi	x16,x0,9	  x0:0x00000000 x16=0x00000009
          17602	      8797	00100214	f2d86ae3	bltu	x16,x13,100148	 x16:0x00000009 x13:0x0000000f
          17606	      8799	00100148	03768893	addi	x17,x13,55	 x13:0x0000000f x17=0x00000046
          17608	      8800	0010014c	00020e37	lui	x28,0x20	 x28=0x00020000
          17610	      8801	00100150	00851f93	slli	x31,x10,0x8	 x10:0x3f9b3246 x31=0x9b324600
          17614	      8803	00100154	011e2023	sw	x17,0(x28)	 x28:0x00020000 x17:0x00000046 PA:0x00020000 store:0x00000046 load:0x00000000
          17616	      8804	00100158	01cfd793	srli	x15,x31,0x1c	 x31:0x9b324600 x15=0x00000009
          17618	      8805	0010015c	00900713	addi	x14,x0,9	  x0:0x00000000 x14=0x00000009
          17622	      8807	00100160	0cf77a63	bgeu	x14,x15,100234	 x14:0x00000009 x15:0x00000009
          17626	      8809	00100234	03078393	addi	x7,x15,48	 x15:0x00000009  x7=0x00000039
          17628	      8810	00100238	000205b7	lui	x11,0x20	 x11=0x00020000
          17630	      8811	0010023c	00c51613	slli	x12,x10,0xc	 x10:0x3f9b3246 x12=0xb3246000
          17634	      8813	00100240	0075a023	sw	x7,0(x11)	 x11:0x00020000  x7:0x00000039 PA:0x00020000 store:0x00000039 load:0x00000000
          17636	      8814	00100244	01c65693	srli	x13,x12,0x1c	 x12:0xb3246000 x13=0x0000000b
          17638	      8815	00100248	00900813	addi	x16,x0,9	  x0:0x00000000 x16=0x00000009
          17642	      8817	0010024c	f2d86ae3	bltu	x16,x13,100180	 x16:0x00000009 x13:0x0000000b
          17646	      8819	00100180	03768893	addi	x17,x13,55	 x13:0x0000000b x17=0x00000042
          17648	      8820	00100184	00020e37	lui	x28,0x20	 x28=0x00020000
          17650	      8821	00100188	01051f93	slli	x31,x10,0x10	 x10:0x3f9b3246 x31=0x32460000
          17654	      8823	0010018c	011e2023	sw	x17,0(x28)	 x28:0x00020000 x17:0x00000042 PA:0x00020000 store:0x00000042 load:0x00000000
          17656	      8824	00100190	01cfd793	srli	x15,x31,0x1c	 x31:0x32460000 x15=0x00000003
          17658	      8825	00100194	00900713	addi	x14,x0,9	  x0:0x00000000 x14=0x00000009
          17662	      8827	00100198	0cf77a63	bgeu	x14,x15,10026c	 x14:0x00000009 x15:0x00000003
          17666	      8829	0010026c	03078393	addi	x7,x15,48	 x15:0x00000003  x7=0x00000033
          17668	      8830	00100270	000205b7	lui	x11,0x20	 x11=0x00020000
          17670	      8831	00100274	01451613	slli	x12,x10,0x14	 x10:0x3f9b3246 x12=0x24600000
          17674	      8833	00100278	0075a023	sw	x7,0(x11)	 x11:0x00020000  x7:0x00000033 PA:0x00020000 store:0x00000033 load:0x00000000
          17676	      8834	0010027c	01c65693	srli	x13,x12,0x1c	 x12:0x24600000 x13=0x00000002
          17678	      8835	00100280	00900813	addi	x16,x0,9	  x0:0x00000000 x16=0x00000009
          17680	      8836	00100284	f2d86ae3	bltu	x16,x13,1001b8	 x16:0x00000009 x13:0x00000002
          17682	      8837	00100288	03068e93	addi	x29,x13,48	 x13:0x00000002 x29=0x00000032
          17684	      8838	0010028c	00020f37	lui	x30,0x20	 x30=0x00020000
          17686	      8839	00100290	01851f93	slli	x31,x10,0x18	 x10:0x3f9b3246 x31=0x46000000
          17690	      8841	00100294	01df2023	sw	x29,0(x30)	 x30:0x00020000 x29:0x00000032 PA:0x00020000 store:0x00000032 load:0x00000000
          17692	      8842	00100298	01cfd793	srli	x15,x31,0x1c	 x31:0x46000000 x15=0x00000004
          17694	      8843	0010029c	00900713	addi	x14,x0,9	  x0:0x00000000 x14=0x00000009
          17696	      8844	001002a0	f2f76ae3	bltu	x14,x15,1001d4	 x14:0x00000009 x15:0x00000004
          17698	      8845	001002a4	03078393	addi	x7,x15,48	 x15:0x00000004  x7=0x00000034
          17700	      8846	001002a8	000205b7	lui	x11,0x20	 x11=0x00020000
          17704	      8848	001002ac	0075a023	sw	x7,0(x11)	 x11:0x00020000  x7:0x00000034 PA:0x00020000 store:0x00000034 load:0x00000000
          17706	      8849	001002b0	00f57513	andi	x10,x10,15	 x10:0x3f9b3246 x10=0x00000006
          17708	      8850	001002b4	00900613	addi	x12,x0,9	  x0:0x00000000 x12=0x00000009
          17712	      8852	001002b8	f2a67ae3	bgeu	x12,x10,1001ec	 x12:0x00000009 x10:0x00000006
          17716	      8854	001001ec	03050893	addi	x17,x10,48	 x10:0x00000006 x17=0x00000036
          17718	      8855	001001f0	00020e37	lui	x28,0x20	 x28=0x00020000
          17722	      8857	001001f4	011e2023	sw	x17,0(x28)	 x28:0x00020000 x17:0x00000036 PA:0x00020000 store:0x00000036 load:0x00000000
          17732	      8862	001001f8	00008067	jalr	x0,0(x1)	  x1:0x00101354  x0=0x00000000
          17734	      8863	00101354	d089a407	flw	f8,-760(x19)	 f19:0x00102000  f8=0x00000000 PA:0x00101d08 store:0x41ae842c
          17754	      8873	00101358	580474d3	fsqrt.s	f9,f8	  f8:0x00102000  f9=0x00000000
          17756	      8874	0010135c	d099a427	fsw	f9,-760(x19)	 f19:0x00102000  f9:0x00102000 PA:0x00101d08 store:0x3f8cf199 load:0x3f9b3246
          17758	      8875	00101360	d089a507	flw	f10,-760(x19)	 f19:0x00102000 f10=0x00000000 PA:0x00101d08 store:0x3f9b3246
          17762	      8877	00101364	a10a8513	addi	x10,x21,-1520	 x21:0x00102000 x10=0x00101a10
          17764	      8878	00101368	e0050753	fmv.x.w	x14,f10	 f10:0x00101a10 x14=0x3f8cf199
          17766	      8879	0010136c	ceea2c23	sw	x14,-776(x20)	 x20:0x00102000 x14:0x3f8cf199 PA:0x00101cf8 store:0x3f8cf199 load:0x3f8cf199
          17768	      8880	00101370	d31fe0ef	jal	x1,1000a0	  x1=0x00101374
          17772	      8882	001000a0	00054803	lbu	x16,0(x10)	 x10:0x00101a10 x16=0x0000000a PA:0x00101a10 store:0x00000000
          17774	      8883	001000a4	06080663	beq	x16,x0,100110	 x16:0x0000000a  x0:0x00000000
          17776	      8884	001000a8	000207b7	lui	x15,0x20	 x15=0x00020000
          17780	      8886	001000ac	0107a023	sw	x16,0(x15)	 x15:0x00020000 x16:0x0000000a PA:0x00020000 store:0x0000000a load:0x00000000
          17784	      8888	001000b0	00154703	lbu	x14,1(x10)	 x10:0x00101a10 x14=0x00000020 PA:0x00101a11 store:0x00101374
          17786	      8889	001000b4	04070e63	beq	x14,x0,100110	 x14:0x00000020  x0:0x00000000
          17790	      8891	001000b8	00e7a023	sw	x14,0(x15)	 x15:0x00020000 x14:0x00000020 PA:0x00020000 store:0x00000020 load:0x00000000
          17794	      8893	001000bc	00254283	lbu	x5,2(x10)	 x10:0x00101a10  x5=0x00000069 PA:0x00101a12 store:0x00137fa0
          17796	      8894	001000c0	04028863	beq	x5,x0,100110	  x5:0x00000069  x0:0x00000000
          17800	      8896	001000c4	0057a023	sw	x5,0(x15)	 x15:0x00020000  x5:0x00000069 PA:0x00020000 store:0x00000069 load:0x00000000
          17804	      8898	001000c8	00354303	lbu	x6,3(x10)	 x10:0x00101a10  x6=0x0000003d PA:0x00101a13 store:0x00000000
          17806	      8899	001000cc	04030263	beq	x6,x0,100110	  x6:0x0000003d  x0:0x00000000
          17810	      8901	001000d0	0067a023	sw	x6,0(x15)	 x15:0x00020000  x6:0x0000003d PA:0x00020000 store:0x0000003d load:0x00000000
          17814	      8903	001000d4	00454383	lbu	x7,4(x10)	 x10:0x00101a10  x7=0x00000000 PA:0x00101a14 store:0x00000000
          17818	      8905	001000d8	02038c63	beq	x7,x0,100110	  x7:0x00000000  x0:0x00000000
          17822	      8907	00100110	00000513	addi	x10,x0,0	  x0:0x00000000 x10=0x00000000
          17826	      8909	00100114	00008067	jalr	x0,0(x1)	  x1:0x00101374  x0=0x00000000
          17828	      8910	00101374	000d8513	addi	x10,x27,0	 x27:0x00000005 x10=0x00000005
          17832	      8912	00101378	da9fe0ef	jal	x1,100120	  x1=0x0010137c
          17834	      8913	00100120	01c55793	srli	x15,x10,0x1c	 x10:0x00000005 x15=0x00000000
          17836	      8914	00100124	00900713	addi	x14,x0,9	  x0:0x00000000 x14=0x00000009
          17840	      8916	00100128	0cf77a63	bgeu	x14,x15,1001fc	 x14:0x00000009 x15:0x00000000
          17844	      8918	001001fc	03078393	addi	x7,x15,48	 x15:0x00000000  x7=0x00000030
          17846	      8919	00100200	000205b7	lui	x11,0x20	 x11=0x00020000
          17848	      8920	00100204	00451613	slli	x12,x10,0x4	 x10:0x00000005 x12=0x00000050
          17852	      8922	00100208	0075a023	sw	x7,0(x11)	 x11:0x00020000  x7:0x00000030 PA:0x00020000 store:0x00000030 load:0x00000000
          17854	      8923	0010020c	01c65693	srli	x13,x12,0x1c	 x12:0x00000050 x13=0x00000000
          17856	      8924	00100210	00900813	addi	x16,x0,9	  x0:0x00000000 x16=0x00000009
          17858	      8925	00100214	f2d86ae3	bltu	x16,x13,100148	 x16:0x00000009 x13:0x00000000
          17860	      8926	00100218	03068e93	addi	x29,x13,48	 x13:0x00000000 x29=0x00000030
          17862	      8927	0010021c	00020f37	lui	x30,0x20	 x30=0x00020000
          17864	      8928	00100220	00851f93	slli	x31,x10,0x8	 x10:0x00000005 x31=0x00000500
          17868	      8930	00100224	01df2023	sw	x29,0(x30)	 x30:0x00020000 x29:0x00000030 PA:0x00020000 store:0x00000030 load:0x00000000
          17870	      8931	00100228	01cfd793	srli	x15,x31,0x1c	 x31:0x00000500 x15=0x00000000
          17872	      8932	0010022c	00900713	addi	x14,x0,9	  x0:0x00000000 x14=0x00000009
          17874	      8933	00100230	f2f76ae3	bltu	x14,x15,100164	 x14:0x00000009 x15:0x00000000
          17876	      8934	00100234	03078393	addi	x7,x15,48	 x15:0x00000000  x7=0x00000030
          17878	      8935	00100238	000205b7	lui	x11,0x20	 x11=0x00020000
          17880	      8936	0010023c	00c51613	slli	x12,x10,0xc	 x10:0x00000005 x12=0x00005000
          17884	      8938	00100240	0075a023	sw	x7,0(x11)	 x11:0x00020000  x7:0x00000030 PA:0x00020000 store:0x00000030 load:0x00000000
          17886	      8939	00100244	01c65693	srli	x13,x12,0x1c	 x12:0x00005000 x13=0x00000000
          17888	      8940	00100248	00900813	addi	x16,x0,9	  x0:0x00000000 x16=0x00000009
          17890	      8941	0010024c	f2d86ae3	bltu	x16,x13,100180	 x16:0x00000009 x13:0x00000000
          17892	      8942	00100250	03068e93	addi	x29,x13,48	 x13:0x00000000 x29=0x00000030
          17894	      8943	00100254	00020f37	lui	x30,0x20	 x30=0x00020000
          17896	      8944	00100258	01051f93	slli	x31,x10,0x10	 x10:0x00000005 x31=0x00050000
          17900	      8946	0010025c	01df2023	sw	x29,0(x30)	 x30:0x00020000 x29:0x00000030 PA:0x00020000 store:0x00000030 load:0x00000000
          17902	      8947	00100260	01cfd793	srli	x15,x31,0x1c	 x31:0x00050000 x15=0x00000000
          17904	      8948	00100264	00900713	addi	x14,x0,9	  x0:0x00000000 x14=0x00000009
          17906	      8949	00100268	f2f76ae3	bltu	x14,x15,10019c	 x14:0x00000009 x15:0x00000000
          17908	      8950	0010026c	03078393	addi	x7,x15,48	 x15:0x00000000  x7=0x00000030
          17910	      8951	00100270	000205b7	lui	x11,0x20	 x11=0x00020000
          17912	      8952	00100274	01451613	slli	x12,x10,0x14	 x10:0x00000005 x12=0x00500000
          17916	      8954	00100278	0075a023	sw	x7,0(x11)	 x11:0x00020000  x7:0x00000030 PA:0x00020000 store:0x00000030 load:0x00000000
          17918	      8955	0010027c	01c65693	srli	x13,x12,0x1c	 x12:0x00500000 x13=0x00000000
          17920	      8956	00100280	00900813	addi	x16,x0,9	  x0:0x00000000 x16=0x00000009
          17922	      8957	00100284	f2d86ae3	bltu	x16,x13,1001b8	 x16:0x00000009 x13:0x00000000
          17924	      8958	00100288	03068e93	addi	x29,x13,48	 x13:0x00000000 x29=0x00000030
          17926	      8959	0010028c	00020f37	lui	x30,0x20	 x30=0x00020000
          17928	      8960	00100290	01851f93	slli	x31,x10,0x18	 x10:0x00000005 x31=0x05000000
          17932	      8962	00100294	01df2023	sw	x29,0(x30)	 x30:0x00020000 x29:0x00000030 PA:0x00020000 store:0x00000030 load:0x00000000
          17934	      8963	00100298	01cfd793	srli	x15,x31,0x1c	 x31:0x05000000 x15=0x00000000
          17936	      8964	0010029c	00900713	addi	x14,x0,9	  x0:0x00000000 x14=0x00000009
          17938	      8965	001002a0	f2f76ae3	bltu	x14,x15,1001d4	 x14:0x00000009 x15:0x00000000
          17940	      8966	001002a4	03078393	addi	x7,x15,48	 x15:0x00000000  x7=0x00000030
          17942	      8967	001002a8	000205b7	lui	x11,0x20	 x11=0x00020000
          17946	      8969	001002ac	0075a023	sw	x7,0(x11)	 x11:0x00020000  x7:0x00000030 PA:0x00020000 store:0x00000030 load:0x00000000
          17948	      8970	001002b0	00f57513	andi	x10,x10,15	 x10:0x00000005 x10=0x00000005
          17950	      8971	001002b4	00900613	addi	x12,x0,9	  x0:0x00000000 x12=0x00000009
          17954	      8973	001002b8	f2a67ae3	bgeu	x12,x10,1001ec	 x12:0x00000009 x10:0x00000005
          17958	      8975	001001ec	03050893	addi	x17,x10,48	 x10:0x00000005 x17=0x00000035
          17960	      8976	001001f0	00020e37	lui	x28,0x20	 x28=0x00020000
          17964	      8978	001001f4	011e2023	sw	x17,0(x28)	 x28:0x00020000 x17:0x00000035 PA:0x00020000 store:0x00000035 load:0x00000000
          17968	      8980	001001f8	00008067	jalr	x0,0(x1)	  x1:0x0010137c  x0=0x00000000
          17970	      8981	0010137c	a18b0513	addi	x10,x22,-1512	 x22:0x00102000 x10=0x00101a18
          17974	      8983	00101380	d21fe0ef	jal	x1,1000a0	  x1=0x00101384
          17978	      8985	001000a0	00054803	lbu	x16,0(x10)	 x10:0x00101a18 x16=0x00000020 PA:0x00101a18 store:0x00000000
          17980	      8986	001000a4	06080663	beq	x16,x0,100110	 x16:0x00000020  x0:0x00000000
          17982	      8987	001000a8	000207b7	lui	x15,0x20	 x15=0x00020000
          17986	      8989	001000ac	0107a023	sw	x16,0(x15)	 x15:0x00020000 x16:0x00000020 PA:0x00020000 store:0x00000020 load:0x00000000
          17990	      8991	001000b0	00154703	lbu	x14,1(x10)	 x10:0x00101a18 x14=0x00000072 PA:0x00101a19 store:0x00101384
          17992	      8992	001000b4	04070e63	beq	x14,x0,100110	 x14:0x00000072  x0:0x00000000
          17996	      8994	001000b8	00e7a023	sw	x14,0(x15)	 x15:0x00020000 x14:0x00000072 PA:0x00020000 store:0x00000072 load:0x00000000
          18000	      8996	001000bc	00254283	lbu	x5,2(x10)	 x10:0x00101a18  x5=0x00000065 PA:0x00101a1a store:0x00137fa0
          18002	      8997	001000c0	04028863	beq	x5,x0,100110	  x5:0x00000065  x0:0x00000000
          18006	      8999	001000c4	0057a023	sw	x5,0(x15)	 x15:0x00020000  x5:0x00000065 PA:0x00020000 store:0x00000065 load:0x00000000
          18010	      9001	001000c8	00354303	lbu	x6,3(x10)	 x10:0x00101a18  x6=0x00000073 PA:0x00101a1b store:0x00000000
          18012	      9002	001000cc	04030263	beq	x6,x0,100110	  x6:0x00000073  x0:0x00000000
          18016	      9004	001000d0	0067a023	sw	x6,0(x15)	 x15:0x00020000  x6:0x00000073 PA:0x00020000 store:0x00000073 load:0x00000000
          18020	      9006	001000d4	00454383	lbu	x7,4(x10)	 x10:0x00101a18  x7=0x00000075 PA:0x00101a1c store:0x00000000
          18022	      9007	001000d8	02038c63	beq	x7,x0,100110	  x7:0x00000075  x0:0x00000000
          18026	      9009	001000dc	0077a023	sw	x7,0(x15)	 x15:0x00020000  x7:0x00000075 PA:0x00020000 store:0x00000075 load:0x00000000
          18030	      9011	001000e0	00554583	lbu	x11,5(x10)	 x10:0x00101a18 x11=0x0000006c PA:0x00101a1d store:0x00000065
          18032	      9012	001000e4	02058663	beq	x11,x0,100110	 x11:0x0000006c  x0:0x00000000
          18036	      9014	001000e8	00b7a023	sw	x11,0(x15)	 x15:0x00020000 x11:0x0000006c PA:0x00020000 store:0x0000006c load:0x00000000
          18040	      9016	001000ec	00654603	lbu	x12,6(x10)	 x10:0x00101a18 x12=0x00000074 PA:0x00101a1e store:0x00000073
          18042	      9017	001000f0	02060063	beq	x12,x0,100110	 x12:0x00000074  x0:0x00000000
          18046	      9019	001000f4	00c7a023	sw	x12,0(x15)	 x15:0x00020000 x12:0x00000074 PA:0x00020000 store:0x00000074 load:0x00000000
          18050	      9021	001000f8	00754683	lbu	x13,7(x10)	 x10:0x00101a18 x13=0x0000003a PA:0x00101a1f store:0x00000075
          18052	      9022	001000fc	00850513	addi	x10,x10,8	 x10:0x00101a18 x10=0x00101a20
          18054	      9023	00100100	00068863	beq	x13,x0,100110	 x13:0x0000003a  x0:0x00000000
          18058	      9025	00100104	00d7a023	sw	x13,0(x15)	 x15:0x00020000 x13:0x0000003a PA:0x00020000 store:0x0000003a load:0x00000000
          18062	      9027	00100108	00054803	lbu	x16,0(x10)	 x10:0x00101a20 x16=0x00000020 PA:0x00101a20 store:0x00000000
          18066	      9029	0010010c	fa0810e3	bne	x16,x0,1000ac	 x16:0x00000020  x0:0x00000000
          18072	      9032	001000ac	0107a023	sw	x16,0(x15)	 x15:0x00020000 x16:0x00000020 PA:0x00020000 store:0x00000020 load:0x00000000
          18076	      9034	001000b0	00154703	lbu	x14,1(x10)	 x10:0x00101a20 x14=0x00000000 PA:0x00101a21 store:0x00101384
          18080	      9036	001000b4	04070e63	beq	x14,x0,100110	 x14:0x00000000  x0:0x00000000
          18084	      9038	00100110	00000513	addi	x10,x0,0	  x0:0x00000000 x10=0x00000000
          18088	      9040	00100114	00008067	jalr	x0,0(x1)	  x1:0x00101384  x0=0x00000000
          18092	      9042	00101384	cf8a2503	lw	x10,-776(x20)	 x20:0x00102000 x10=0x3f8cf199 PA:0x00101cf8 store:0x00000004
          18094	      9043	00101388	002c0d93	addi	x27,x24,2	 x24:0x00000004 x27=0x00000006
          18098	      9045	0010138c	d95fe0ef	jal	x1,100120	  x1=0x00101390
          18100	      9046	00100120	01c55793	srli	x15,x10,0x1c	 x10:0x3f8cf199 x15=0x00000003
          18102	      9047	00100124	00900713	addi	x14,x0,9	  x0:0x00000000 x14=0x00000009
          18106	      9049	00100128	0cf77a63	bgeu	x14,x15,1001fc	 x14:0x00000009 x15:0x00000003
          18110	      9051	001001fc	03078393	addi	x7,x15,48	 x15:0x00000003  x7=0x00000033
          18112	      9052	00100200	000205b7	lui	x11,0x20	 x11=0x00020000
          18114	      9053	00100204	00451613	slli	x12,x10,0x4	 x10:0x3f8cf199 x12=0xf8cf1990
          18118	      9055	00100208	0075a023	sw	x7,0(x11)	 x11:0x00020000  x7:0x00000033 PA:0x00020000 store:0x00000033 load:0x00000000
          18120	      9056	0010020c	01c65693	srli	x13,x12,0x1c	 x12:0xf8cf1990 x13=0x0000000f
          18122	      9057	00100210	00900813	addi	x16,x0,9	  x0:0x00000000 x16=0x00000009
          18126	      9059	00100214	f2d86ae3	bltu	x16,x13,100148	 x16:0x00000009 x13:0x0000000f
          18130	      9061	00100148	03768893	addi	x17,x13,55	 x13:0x0000000f x17=0x00000046
          18132	      9062	0010014c	00020e37	lui	x28,0x20	 x28=0x00020000
          18134	      9063	00100150	00851f93	slli	x31,x10,0x8	 x10:0x3f8cf199 x31=0x8cf19900
          18138	      9065	00100154	011e2023	sw	x17,0(x28)	 x28:0x00020000 x17:0x00000046 PA:0x00020000 store:0x00000046 load:0x00000000
          18140	      9066	00100158	01cfd793	srli	x15,x31,0x1c	 x31:0x8cf19900 x15=0x00000008
          18142	      9067	0010015c	00900713	addi	x14,x0,9	  x0:0x00000000 x14=0x00000009
          18146	      9069	00100160	0cf77a63	bgeu	x14,x15,100234	 x14:0x00000009 x15:0x00000008
          18150	      9071	00100234	03078393	addi	x7,x15,48	 x15:0x00000008  x7=0x00000038
          18152	      9072	00100238	000205b7	lui	x11,0x20	 x11=0x00020000
          18154	      9073	0010023c	00c51613	slli	x12,x10,0xc	 x10:0x3f8cf199 x12=0xcf199000
          18158	      9075	00100240	0075a023	sw	x7,0(x11)	 x11:0x00020000  x7:0x00000038 PA:0x00020000 store:0x00000038 load:0x00000000
          18160	      9076	00100244	01c65693	srli	x13,x12,0x1c	 x12:0xcf199000 x13=0x0000000c
          18162	      9077	00100248	00900813	addi	x16,x0,9	  x0:0x00000000 x16=0x00000009
          18166	      9079	0010024c	f2d86ae3	bltu	x16,x13,100180	 x16:0x00000009 x13:0x0000000c
          18170	      9081	00100180	03768893	addi	x17,x13,55	 x13:0x0000000c x17=0x00000043
          18172	      9082	00100184	00020e37	lui	x28,0x20	 x28=0x00020000
          18174	      9083	00100188	01051f93	slli	x31,x10,0x10	 x10:0x3f8cf199 x31=0xf1990000
          18178	      9085	0010018c	011e2023	sw	x17,0(x28)	 x28:0x00020000 x17:0x00000043 PA:0x00020000 store:0x00000043 load:0x00000000
          18180	      9086	00100190	01cfd793	srli	x15,x31,0x1c	 x31:0xf1990000 x15=0x0000000f
          18182	      9087	00100194	00900713	addi	x14,x0,9	  x0:0x00000000 x14=0x00000009
          18184	      9088	00100198	0cf77a63	bgeu	x14,x15,10026c	 x14:0x00000009 x15:0x0000000f
          18186	      9089	0010019c	03778293	addi	x5,x15,55	 x15:0x0000000f  x5=0x00000046
          18188	      9090	001001a0	00020337	lui	x6,0x20	  x6=0x00020000
          18190	      9091	001001a4	01451613	slli	x12,x10,0x14	 x10:0x3f8cf199 x12=0x19900000
          18194	      9093	001001a8	00532023	sw	x5,0(x6)	  x6:0x00020000  x5:0x00000046 PA:0x00020000 store:0x00000046 load:0x00000000
          18196	      9094	001001ac	01c65693	srli	x13,x12,0x1c	 x12:0x19900000 x13=0x00000001
          18198	      9095	001001b0	00900813	addi	x16,x0,9	  x0:0x00000000 x16=0x00000009
          18202	      9097	001001b4	0cd87a63	bgeu	x16,x13,100288	 x16:0x00000009 x13:0x00000001
          18206	      9099	00100288	03068e93	addi	x29,x13,48	 x13:0x00000001 x29=0x00000031
          18208	      9100	0010028c	00020f37	lui	x30,0x20	 x30=0x00020000
          18210	      9101	00100290	01851f93	slli	x31,x10,0x18	 x10:0x3f8cf199 x31=0x99000000
          18214	      9103	00100294	01df2023	sw	x29,0(x30)	 x30:0x00020000 x29:0x00000031 PA:0x00020000 store:0x00000031 load:0x00000000
          18216	      9104	00100298	01cfd793	srli	x15,x31,0x1c	 x31:0x99000000 x15=0x00000009
          18218	      9105	0010029c	00900713	addi	x14,x0,9	  x0:0x00000000 x14=0x00000009
          18220	      9106	001002a0	f2f76ae3	bltu	x14,x15,1001d4	 x14:0x00000009 x15:0x00000009
          18222	      9107	001002a4	03078393	addi	x7,x15,48	 x15:0x00000009  x7=0x00000039
          18224	      9108	001002a8	000205b7	lui	x11,0x20	 x11=0x00020000
          18228	      9110	001002ac	0075a023	sw	x7,0(x11)	 x11:0x00020000  x7:0x00000039 PA:0x00020000 store:0x00000039 load:0x00000000
          18230	      9111	001002b0	00f57513	andi	x10,x10,15	 x10:0x3f8cf199 x10=0x00000009
          18232	      9112	001002b4	00900613	addi	x12,x0,9	  x0:0x00000000 x12=0x00000009
          18236	      9114	001002b8	f2a67ae3	bgeu	x12,x10,1001ec	 x12:0x00000009 x10:0x00000009
          18240	      9116	001001ec	03050893	addi	x17,x10,48	 x10:0x00000009 x17=0x00000039
          18242	      9117	001001f0	00020e37	lui	x28,0x20	 x28=0x00020000
          18246	      9119	001001f4	011e2023	sw	x17,0(x28)	 x28:0x00020000 x17:0x00000039 PA:0x00020000 store:0x00000039 load:0x00000000
          18256	      9124	001001f8	00008067	jalr	x0,0(x1)	  x1:0x00101390  x0=0x00000000
          18258	      9125	00101390	d089a807	flw	f16,-760(x19)	 f19:0x00102000 f16=0x00000000 PA:0x00101d08 store:0x3f9b3246
          18280	      9136	00101394	a10a8513	addi	x10,x21,-1520	 x21:0x00102000 x10=0x00101a10
          18282	      9137	00101398	580878d3	fsqrt.s	f17,f16	 f16:0x00000009 f17=0x00000000
          18284	      9138	0010139c	d119a427	fsw	f17,-760(x19)	 f19:0x00102000 f17:0x00000039 PA:0x00101d08 store:0x3f8650e8 load:0x3f8cf199
          18286	      9139	001013a0	d089a907	flw	f18,-760(x19)	 f19:0x00102000 f18=0x00000000 PA:0x00101d08 store:0x3f9b3246
          18288	      9140	001013a4	e00907d3	fmv.x.w	x15,f18	 f18:0x00102000 x15=0x3f8650e8
          18290	      9141	001013a8	cefa2c23	sw	x15,-776(x20)	 x20:0x00102000 x15:0x3f8650e8 PA:0x00101cf8 store:0x3f8650e8 load:0x3f8650e8
          18292	      9142	001013ac	cf5fe0ef	jal	x1,1000a0	  x1=0x001013b0
          18296	      9144	001000a0	00054803	lbu	x16,0(x10)	 x10:0x00101a10 x16=0x0000000a PA:0x00101a10 store:0x00000000
          18298	      9145	001000a4	06080663	beq	x16,x0,100110	 x16:0x0000000a  x0:0x00000000
          18300	      9146	001000a8	000207b7	lui	x15,0x20	 x15=0x00020000
          18304	      9148	001000ac	0107a023	sw	x16,0(x15)	 x15:0x00020000 x16:0x0000000a PA:0x00020000 store:0x0000000a load:0x00000000
          18308	      9150	001000b0	00154703	lbu	x14,1(x10)	 x10:0x00101a10 x14=0x00000020 PA:0x00101a11 store:0x001013b0
          18310	      9151	001000b4	04070e63	beq	x14,x0,100110	 x14:0x00000020  x0:0x00000000
          18314	      9153	001000b8	00e7a023	sw	x14,0(x15)	 x15:0x00020000 x14:0x00000020 PA:0x00020000 store:0x00000020 load:0x00000000
          18318	      9155	001000bc	00254283	lbu	x5,2(x10)	 x10:0x00101a10  x5=0x00000069 PA:0x00101a12 store:0x00137fa0
          18320	      9156	001000c0	04028863	beq	x5,x0,100110	  x5:0x00000069  x0:0x00000000
          18324	      9158	001000c4	0057a023	sw	x5,0(x15)	 x15:0x00020000  x5:0x00000069 PA:0x00020000 store:0x00000069 load:0x00000000
          18328	      9160	001000c8	00354303	lbu	x6,3(x10)	 x10:0x00101a10  x6=0x0000003d PA:0x00101a13 store:0x00000000
          18330	      9161	001000cc	04030263	beq	x6,x0,100110	  x6:0x0000003d  x0:0x00000000
          18334	      9163	001000d0	0067a023	sw	x6,0(x15)	 x15:0x00020000  x6:0x0000003d PA:0x00020000 store:0x0000003d load:0x00000000
          18338	      9165	001000d4	00454383	lbu	x7,4(x10)	 x10:0x00101a10  x7=0x00000000 PA:0x00101a14 store:0x00000000
          18342	      9167	001000d8	02038c63	beq	x7,x0,100110	  x7:0x00000000  x0:0x00000000
          18346	      9169	00100110	00000513	addi	x10,x0,0	  x0:0x00000000 x10=0x00000000
          18350	      9171	00100114	00008067	jalr	x0,0(x1)	  x1:0x001013b0  x0=0x00000000
          18352	      9172	001013b0	000d8513	addi	x10,x27,0	 x27:0x00000006 x10=0x00000006
          18356	      9174	001013b4	d6dfe0ef	jal	x1,100120	  x1=0x001013b8
          18358	      9175	00100120	01c55793	srli	x15,x10,0x1c	 x10:0x00000006 x15=0x00000000
          18360	      9176	00100124	00900713	addi	x14,x0,9	  x0:0x00000000 x14=0x00000009
          18364	      9178	00100128	0cf77a63	bgeu	x14,x15,1001fc	 x14:0x00000009 x15:0x00000000
          18368	      9180	001001fc	03078393	addi	x7,x15,48	 x15:0x00000000  x7=0x00000030
          18370	      9181	00100200	000205b7	lui	x11,0x20	 x11=0x00020000
          18372	      9182	00100204	00451613	slli	x12,x10,0x4	 x10:0x00000006 x12=0x00000060
          18376	      9184	00100208	0075a023	sw	x7,0(x11)	 x11:0x00020000  x7:0x00000030 PA:0x00020000 store:0x00000030 load:0x00000000
          18378	      9185	0010020c	01c65693	srli	x13,x12,0x1c	 x12:0x00000060 x13=0x00000000
          18380	      9186	00100210	00900813	addi	x16,x0,9	  x0:0x00000000 x16=0x00000009
          18382	      9187	00100214	f2d86ae3	bltu	x16,x13,100148	 x16:0x00000009 x13:0x00000000
          18384	      9188	00100218	03068e93	addi	x29,x13,48	 x13:0x00000000 x29=0x00000030
          18386	      9189	0010021c	00020f37	lui	x30,0x20	 x30=0x00020000
          18388	      9190	00100220	00851f93	slli	x31,x10,0x8	 x10:0x00000006 x31=0x00000600
          18392	      9192	00100224	01df2023	sw	x29,0(x30)	 x30:0x00020000 x29:0x00000030 PA:0x00020000 store:0x00000030 load:0x00000000
          18394	      9193	00100228	01cfd793	srli	x15,x31,0x1c	 x31:0x00000600 x15=0x00000000
          18396	      9194	0010022c	00900713	addi	x14,x0,9	  x0:0x00000000 x14=0x00000009
          18398	      9195	00100230	f2f76ae3	bltu	x14,x15,100164	 x14:0x00000009 x15:0x00000000
          18400	      9196	00100234	03078393	addi	x7,x15,48	 x15:0x00000000  x7=0x00000030
          18402	      9197	00100238	000205b7	lui	x11,0x20	 x11=0x00020000
          18404	      9198	0010023c	00c51613	slli	x12,x10,0xc	 x10:0x00000006 x12=0x00006000
          18408	      9200	00100240	0075a023	sw	x7,0(x11)	 x11:0x00020000  x7:0x00000030 PA:0x00020000 store:0x00000030 load:0x00000000
          18410	      9201	00100244	01c65693	srli	x13,x12,0x1c	 x12:0x00006000 x13=0x00000000
          18412	      9202	00100248	00900813	addi	x16,x0,9	  x0:0x00000000 x16=0x00000009
          18414	      9203	0010024c	f2d86ae3	bltu	x16,x13,100180	 x16:0x00000009 x13:0x00000000
          18416	      9204	00100250	03068e93	addi	x29,x13,48	 x13:0x00000000 x29=0x00000030
          18418	      9205	00100254	00020f37	lui	x30,0x20	 x30=0x00020000
          18420	      9206	00100258	01051f93	slli	x31,x10,0x10	 x10:0x00000006 x31=0x00060000
          18424	      9208	0010025c	01df2023	sw	x29,0(x30)	 x30:0x00020000 x29:0x00000030 PA:0x00020000 store:0x00000030 load:0x00000000
          18426	      9209	00100260	01cfd793	srli	x15,x31,0x1c	 x31:0x00060000 x15=0x00000000
          18428	      9210	00100264	00900713	addi	x14,x0,9	  x0:0x00000000 x14=0x00000009
          18430	      9211	00100268	f2f76ae3	bltu	x14,x15,10019c	 x14:0x00000009 x15:0x00000000
          18432	      9212	0010026c	03078393	addi	x7,x15,48	 x15:0x00000000  x7=0x00000030
          18434	      9213	00100270	000205b7	lui	x11,0x20	 x11=0x00020000
          18436	      9214	00100274	01451613	slli	x12,x10,0x14	 x10:0x00000006 x12=0x00600000
          18440	      9216	00100278	0075a023	sw	x7,0(x11)	 x11:0x00020000  x7:0x00000030 PA:0x00020000 store:0x00000030 load:0x00000000
          18442	      9217	0010027c	01c65693	srli	x13,x12,0x1c	 x12:0x00600000 x13=0x00000000
          18444	      9218	00100280	00900813	addi	x16,x0,9	  x0:0x00000000 x16=0x00000009
          18446	      9219	00100284	f2d86ae3	bltu	x16,x13,1001b8	 x16:0x00000009 x13:0x00000000
          18448	      9220	00100288	03068e93	addi	x29,x13,48	 x13:0x00000000 x29=0x00000030
          18450	      9221	0010028c	00020f37	lui	x30,0x20	 x30=0x00020000
          18452	      9222	00100290	01851f93	slli	x31,x10,0x18	 x10:0x00000006 x31=0x06000000
          18456	      9224	00100294	01df2023	sw	x29,0(x30)	 x30:0x00020000 x29:0x00000030 PA:0x00020000 store:0x00000030 load:0x00000000
          18458	      9225	00100298	01cfd793	srli	x15,x31,0x1c	 x31:0x06000000 x15=0x00000000
          18460	      9226	0010029c	00900713	addi	x14,x0,9	  x0:0x00000000 x14=0x00000009
          18462	      9227	001002a0	f2f76ae3	bltu	x14,x15,1001d4	 x14:0x00000009 x15:0x00000000
          18464	      9228	001002a4	03078393	addi	x7,x15,48	 x15:0x00000000  x7=0x00000030
          18466	      9229	001002a8	000205b7	lui	x11,0x20	 x11=0x00020000
          18470	      9231	001002ac	0075a023	sw	x7,0(x11)	 x11:0x00020000  x7:0x00000030 PA:0x00020000 store:0x00000030 load:0x00000000
          18472	      9232	001002b0	00f57513	andi	x10,x10,15	 x10:0x00000006 x10=0x00000006
          18474	      9233	001002b4	00900613	addi	x12,x0,9	  x0:0x00000000 x12=0x00000009
          18478	      9235	001002b8	f2a67ae3	bgeu	x12,x10,1001ec	 x12:0x00000009 x10:0x00000006
          18482	      9237	001001ec	03050893	addi	x17,x10,48	 x10:0x00000006 x17=0x00000036
          18484	      9238	001001f0	00020e37	lui	x28,0x20	 x28=0x00020000
          18488	      9240	001001f4	011e2023	sw	x17,0(x28)	 x28:0x00020000 x17:0x00000036 PA:0x00020000 store:0x00000036 load:0x00000000
          18492	      9242	001001f8	00008067	jalr	x0,0(x1)	  x1:0x001013b8  x0=0x00000000
          18494	      9243	001013b8	a18b0513	addi	x10,x22,-1512	 x22:0x00102000 x10=0x00101a18
          18498	      9245	001013bc	ce5fe0ef	jal	x1,1000a0	  x1=0x001013c0
          18502	      9247	001000a0	00054803	lbu	x16,0(x10)	 x10:0x00101a18 x16=0x00000020 PA:0x00101a18 store:0x00000000
          18504	      9248	001000a4	06080663	beq	x16,x0,100110	 x16:0x00000020  x0:0x00000000
          18506	      9249	001000a8	000207b7	lui	x15,0x20	 x15=0x00020000
          18510	      9251	001000ac	0107a023	sw	x16,0(x15)	 x15:0x00020000 x16:0x00000020 PA:0x00020000 store:0x00000020 load:0x00000000
          18514	      9253	001000b0	00154703	lbu	x14,1(x10)	 x10:0x00101a18 x14=0x00000072 PA:0x00101a19 store:0x001013c0
          18516	      9254	001000b4	04070e63	beq	x14,x0,100110	 x14:0x00000072  x0:0x00000000
          18520	      9256	001000b8	00e7a023	sw	x14,0(x15)	 x15:0x00020000 x14:0x00000072 PA:0x00020000 store:0x00000072 load:0x00000000
          18524	      9258	001000bc	00254283	lbu	x5,2(x10)	 x10:0x00101a18  x5=0x00000065 PA:0x00101a1a store:0x00137fa0
          18526	      9259	001000c0	04028863	beq	x5,x0,100110	  x5:0x00000065  x0:0x00000000
          18530	      9261	001000c4	0057a023	sw	x5,0(x15)	 x15:0x00020000  x5:0x00000065 PA:0x00020000 store:0x00000065 load:0x00000000
          18534	      9263	001000c8	00354303	lbu	x6,3(x10)	 x10:0x00101a18  x6=0x00000073 PA:0x00101a1b store:0x00000000
          18536	      9264	001000cc	04030263	beq	x6,x0,100110	  x6:0x00000073  x0:0x00000000
          18540	      9266	001000d0	0067a023	sw	x6,0(x15)	 x15:0x00020000  x6:0x00000073 PA:0x00020000 store:0x00000073 load:0x00000000
          18544	      9268	001000d4	00454383	lbu	x7,4(x10)	 x10:0x00101a18  x7=0x00000075 PA:0x00101a1c store:0x00000000
          18546	      9269	001000d8	02038c63	beq	x7,x0,100110	  x7:0x00000075  x0:0x00000000
          18550	      9271	001000dc	0077a023	sw	x7,0(x15)	 x15:0x00020000  x7:0x00000075 PA:0x00020000 store:0x00000075 load:0x00000000
          18554	      9273	001000e0	00554583	lbu	x11,5(x10)	 x10:0x00101a18 x11=0x0000006c PA:0x00101a1d store:0x00000065
          18556	      9274	001000e4	02058663	beq	x11,x0,100110	 x11:0x0000006c  x0:0x00000000
          18560	      9276	001000e8	00b7a023	sw	x11,0(x15)	 x15:0x00020000 x11:0x0000006c PA:0x00020000 store:0x0000006c load:0x00000000
          18564	      9278	001000ec	00654603	lbu	x12,6(x10)	 x10:0x00101a18 x12=0x00000074 PA:0x00101a1e store:0x00000073
          18566	      9279	001000f0	02060063	beq	x12,x0,100110	 x12:0x00000074  x0:0x00000000
          18570	      9281	001000f4	00c7a023	sw	x12,0(x15)	 x15:0x00020000 x12:0x00000074 PA:0x00020000 store:0x00000074 load:0x00000000
          18574	      9283	001000f8	00754683	lbu	x13,7(x10)	 x10:0x00101a18 x13=0x0000003a PA:0x00101a1f store:0x00000075
          18576	      9284	001000fc	00850513	addi	x10,x10,8	 x10:0x00101a18 x10=0x00101a20
          18578	      9285	00100100	00068863	beq	x13,x0,100110	 x13:0x0000003a  x0:0x00000000
          18582	      9287	00100104	00d7a023	sw	x13,0(x15)	 x15:0x00020000 x13:0x0000003a PA:0x00020000 store:0x0000003a load:0x00000000
          18586	      9289	00100108	00054803	lbu	x16,0(x10)	 x10:0x00101a20 x16=0x00000020 PA:0x00101a20 store:0x00000000
          18590	      9291	0010010c	fa0810e3	bne	x16,x0,1000ac	 x16:0x00000020  x0:0x00000000
          18596	      9294	001000ac	0107a023	sw	x16,0(x15)	 x15:0x00020000 x16:0x00000020 PA:0x00020000 store:0x00000020 load:0x00000000
          18600	      9296	001000b0	00154703	lbu	x14,1(x10)	 x10:0x00101a20 x14=0x00000000 PA:0x00101a21 store:0x001013c0
          18604	      9298	001000b4	04070e63	beq	x14,x0,100110	 x14:0x00000000  x0:0x00000000
          18608	      9300	00100110	00000513	addi	x10,x0,0	  x0:0x00000000 x10=0x00000000
          18612	      9302	00100114	00008067	jalr	x0,0(x1)	  x1:0x001013c0  x0=0x00000000
          18616	      9304	001013c0	cf8a2503	lw	x10,-776(x20)	 x20:0x00102000 x10=0x3f8650e8 PA:0x00101cf8 store:0x00000004
          18618	      9305	001013c4	003c0d93	addi	x27,x24,3	 x24:0x00000004 x27=0x00000007
          18620	      9306	001013c8	004c0c13	addi	x24,x24,4	 x24:0x00000004 x24=0x00000008
          18624	      9308	001013cc	d55fe0ef	jal	x1,100120	  x1=0x001013d0
          18626	      9309	00100120	01c55793	srli	x15,x10,0x1c	 x10:0x3f8650e8 x15=0x00000003
          18628	      9310	00100124	00900713	addi	x14,x0,9	  x0:0x00000000 x14=0x00000009
          18632	      9312	00100128	0cf77a63	bgeu	x14,x15,1001fc	 x14:0x00000009 x15:0x00000003
          18636	      9314	001001fc	03078393	addi	x7,x15,48	 x15:0x00000003  x7=0x00000033
          18638	      9315	00100200	000205b7	lui	x11,0x20	 x11=0x00020000
          18640	      9316	00100204	00451613	slli	x12,x10,0x4	 x10:0x3f8650e8 x12=0xf8650e80
          18644	      9318	00100208	0075a023	sw	x7,0(x11)	 x11:0x00020000  x7:0x00000033 PA:0x00020000 store:0x00000033 load:0x00000000
          18646	      9319	0010020c	01c65693	srli	x13,x12,0x1c	 x12:0xf8650e80 x13=0x0000000f
          18648	      9320	00100210	00900813	addi	x16,x0,9	  x0:0x00000000 x16=0x00000009
          18652	      9322	00100214	f2d86ae3	bltu	x16,x13,100148	 x16:0x00000009 x13:0x0000000f
          18656	      9324	00100148	03768893	addi	x17,x13,55	 x13:0x0000000f x17=0x00000046
          18658	      9325	0010014c	00020e37	lui	x28,0x20	 x28=0x00020000
          18660	      9326	00100150	00851f93	slli	x31,x10,0x8	 x10:0x3f8650e8 x31=0x8650e800
          18664	      9328	00100154	011e2023	sw	x17,0(x28)	 x28:0x00020000 x17:0x00000046 PA:0x00020000 store:0x00000046 load:0x00000000
          18666	      9329	00100158	01cfd793	srli	x15,x31,0x1c	 x31:0x8650e800 x15=0x00000008
          18668	      9330	0010015c	00900713	addi	x14,x0,9	  x0:0x00000000 x14=0x00000009
          18672	      9332	00100160	0cf77a63	bgeu	x14,x15,100234	 x14:0x00000009 x15:0x00000008
          18676	      9334	00100234	03078393	addi	x7,x15,48	 x15:0x00000008  x7=0x00000038
          18678	      9335	00100238	000205b7	lui	x11,0x20	 x11=0x00020000
          18680	      9336	0010023c	00c51613	slli	x12,x10,0xc	 x10:0x3f8650e8 x12=0x650e8000
          18684	      9338	00100240	0075a023	sw	x7,0(x11)	 x11:0x00020000  x7:0x00000038 PA:0x00020000 store:0x00000038 load:0x00000000
          18686	      9339	00100244	01c65693	srli	x13,x12,0x1c	 x12:0x650e8000 x13=0x00000006
          18688	      9340	00100248	00900813	addi	x16,x0,9	  x0:0x00000000 x16=0x00000009
          18690	      9341	0010024c	f2d86ae3	bltu	x16,x13,100180	 x16:0x00000009 x13:0x00000006
          18692	      9342	00100250	03068e93	addi	x29,x13,48	 x13:0x00000006 x29=0x00000036
          18694	      9343	00100254	00020f37	lui	x30,0x20	 x30=0x00020000
          18696	      9344	00100258	01051f93	slli	x31,x10,0x10	 x10:0x3f8650e8 x31=0x50e80000
          18700	      9346	0010025c	01df2023	sw	x29,0(x30)	 x30:0x00020000 x29:0x00000036 PA:0x00020000 store:0x00000036 load:0x00000000
          18702	      9347	00100260	01cfd793	srli	x15,x31,0x1c	 x31:0x50e80000 x15=0x00000005
          18704	      9348	00100264	00900713	addi	x14,x0,9	  x0:0x00000000 x14=0x00000009
          18706	      9349	00100268	f2f76ae3	bltu	x14,x15,10019c	 x14:0x00000009 x15:0x00000005
          18708	      9350	0010026c	03078393	addi	x7,x15,48	 x15:0x00000005  x7=0x00000035
          18710	      9351	00100270	000205b7	lui	x11,0x20	 x11=0x00020000
          18712	      9352	00100274	01451613	slli	x12,x10,0x14	 x10:0x3f8650e8 x12=0x0e800000
          18716	      9354	00100278	0075a023	sw	x7,0(x11)	 x11:0x00020000  x7:0x00000035 PA:0x00020000 store:0x00000035 load:0x00000000
          18718	      9355	0010027c	01c65693	srli	x13,x12,0x1c	 x12:0x0e800000 x13=0x00000000
          18720	      9356	00100280	00900813	addi	x16,x0,9	  x0:0x00000000 x16=0x00000009
          18722	      9357	00100284	f2d86ae3	bltu	x16,x13,1001b8	 x16:0x00000009 x13:0x00000000
          18724	      9358	00100288	03068e93	addi	x29,x13,48	 x13:0x00000000 x29=0x00000030
          18726	      9359	0010028c	00020f37	lui	x30,0x20	 x30=0x00020000
          18728	      9360	00100290	01851f93	slli	x31,x10,0x18	 x10:0x3f8650e8 x31=0xe8000000
          18732	      9362	00100294	01df2023	sw	x29,0(x30)	 x30:0x00020000 x29:0x00000030 PA:0x00020000 store:0x00000030 load:0x00000000
          18734	      9363	00100298	01cfd793	srli	x15,x31,0x1c	 x31:0xe8000000 x15=0x0000000e
          18736	      9364	0010029c	00900713	addi	x14,x0,9	  x0:0x00000000 x14=0x00000009
          18740	      9366	001002a0	f2f76ae3	bltu	x14,x15,1001d4	 x14:0x00000009 x15:0x0000000e
          18744	      9368	001001d4	03778293	addi	x5,x15,55	 x15:0x0000000e  x5=0x00000045
          18746	      9369	001001d8	00020337	lui	x6,0x20	  x6=0x00020000
          18750	      9371	001001dc	00532023	sw	x5,0(x6)	  x6:0x00020000  x5:0x00000045 PA:0x00020000 store:0x00000045 load:0x00000000
          18752	      9372	001001e0	00f57513	andi	x10,x10,15	 x10:0x3f8650e8 x10=0x00000008
          18754	      9373	001001e4	00900613	addi	x12,x0,9	  x0:0x00000000 x12=0x00000009
          18756	      9374	001001e8	0ca66a63	bltu	x12,x10,1002bc	 x12:0x00000009 x10:0x00000008
          18758	      9375	001001ec	03050893	addi	x17,x10,48	 x10:0x00000008 x17=0x00000038
          18760	      9376	001001f0	00020e37	lui	x28,0x20	 x28=0x00020000
          18764	      9378	001001f4	011e2023	sw	x17,0(x28)	 x28:0x00020000 x17:0x00000038 PA:0x00020000 store:0x00000038 load:0x00000000
          18768	      9380	001001f8	00008067	jalr	x0,0(x1)	  x1:0x001013d0  x0=0x00000000
          18776	      9384	001013d0	a10a8513	addi	x10,x21,-1520	 x21:0x00102000 x10=0x00101a10
          18778	      9385	001013d4	d089a987	flw	f19,-760(x19)	 f19:0x00102000 f19=0x00000000 PA:0x00101d08 store:0x3f9b3246
          18798	      9395	001013d8	5809fa53	fsqrt.s	f20,f19	 f19:0x00102000 f20=0x00000000
          18800	      9396	001013dc	d149a427	fsw	f20,-760(x19)	 f19:0x00102000 f20:0x00102000 PA:0x00101d08 store:0x3f831eb8 load:0x3f8650e8
          18802	      9397	001013e0	d089aa87	flw	f21,-760(x19)	 f19:0x00102000 f21=0x00000000 PA:0x00101d08 store:0x3f9b3246
          18804	      9398	001013e4	e00a82d3	fmv.x.w	x5,f21	 f21:0x00102000  x5=0x3f831eb8
          18806	      9399	001013e8	ce5a2c23	sw	x5,-776(x20)	 x20:0x00102000  x5:0x3f831eb8 PA:0x00101cf8 store:0x3f831eb8 load:0x3f831eb8
          18810	      9401	001013ec	cb5fe0ef	jal	x1,1000a0	  x1=0x001013f0
          18814	      9403	001000a0	00054803	lbu	x16,0(x10)	 x10:0x00101a10 x16=0x0000000a PA:0x00101a10 store:0x00000000
          18816	      9404	001000a4	06080663	beq	x16,x0,100110	 x16:0x0000000a  x0:0x00000000
          18818	      9405	001000a8	000207b7	lui	x15,0x20	 x15=0x00020000
          18822	      9407	001000ac	0107a023	sw	x16,0(x15)	 x15:0x00020000 x16:0x0000000a PA:0x00020000 store:0x0000000a load:0x00000000
          18826	      9409	001000b0	00154703	lbu	x14,1(x10)	 x10:0x00101a10 x14=0x00000020 PA:0x00101a11 store:0x001013f0
          18828	      9410	001000b4	04070e63	beq	x14,x0,100110	 x14:0x00000020  x0:0x00000000
          18832	      9412	001000b8	00e7a023	sw	x14,0(x15)	 x15:0x00020000 x14:0x00000020 PA:0x00020000 store:0x00000020 load:0x00000000
          18836	      9414	001000bc	00254283	lbu	x5,2(x10)	 x10:0x00101a10  x5=0x00000069 PA:0x00101a12 store:0x00137fa0
          18838	      9415	001000c0	04028863	beq	x5,x0,100110	  x5:0x00000069  x0:0x00000000
          18842	      9417	001000c4	0057a023	sw	x5,0(x15)	 x15:0x00020000  x5:0x00000069 PA:0x00020000 store:0x00000069 load:0x00000000
          18846	      9419	001000c8	00354303	lbu	x6,3(x10)	 x10:0x00101a10  x6=0x0000003d PA:0x00101a13 store:0x00000000
          18848	      9420	001000cc	04030263	beq	x6,x0,100110	  x6:0x0000003d  x0:0x00000000
          18852	      9422	001000d0	0067a023	sw	x6,0(x15)	 x15:0x00020000  x6:0x0000003d PA:0x00020000 store:0x0000003d load:0x00000000
          18856	      9424	001000d4	00454383	lbu	x7,4(x10)	 x10:0x00101a10  x7=0x00000000 PA:0x00101a14 store:0x00000000
          18860	      9426	001000d8	02038c63	beq	x7,x0,100110	  x7:0x00000000  x0:0x00000000
          18864	      9428	00100110	00000513	addi	x10,x0,0	  x0:0x00000000 x10=0x00000000
          18868	      9430	00100114	00008067	jalr	x0,0(x1)	  x1:0x001013f0  x0=0x00000000
          18870	      9431	001013f0	000d8513	addi	x10,x27,0	 x27:0x00000007 x10=0x00000007
          18874	      9433	001013f4	d2dfe0ef	jal	x1,100120	  x1=0x001013f8
          18876	      9434	00100120	01c55793	srli	x15,x10,0x1c	 x10:0x00000007 x15=0x00000000
          18878	      9435	00100124	00900713	addi	x14,x0,9	  x0:0x00000000 x14=0x00000009
          18882	      9437	00100128	0cf77a63	bgeu	x14,x15,1001fc	 x14:0x00000009 x15:0x00000000
          18886	      9439	001001fc	03078393	addi	x7,x15,48	 x15:0x00000000  x7=0x00000030
          18888	      9440	00100200	000205b7	lui	x11,0x20	 x11=0x00020000
          18890	      9441	00100204	00451613	slli	x12,x10,0x4	 x10:0x00000007 x12=0x00000070
          18894	      9443	00100208	0075a023	sw	x7,0(x11)	 x11:0x00020000  x7:0x00000030 PA:0x00020000 store:0x00000030 load:0x00000000
          18896	      9444	0010020c	01c65693	srli	x13,x12,0x1c	 x12:0x00000070 x13=0x00000000
          18898	      9445	00100210	00900813	addi	x16,x0,9	  x0:0x00000000 x16=0x00000009
          18900	      9446	00100214	f2d86ae3	bltu	x16,x13,100148	 x16:0x00000009 x13:0x00000000
          18902	      9447	00100218	03068e93	addi	x29,x13,48	 x13:0x00000000 x29=0x00000030
          18904	      9448	0010021c	00020f37	lui	x30,0x20	 x30=0x00020000
          18906	      9449	00100220	00851f93	slli	x31,x10,0x8	 x10:0x00000007 x31=0x00000700
          18910	      9451	00100224	01df2023	sw	x29,0(x30)	 x30:0x00020000 x29:0x00000030 PA:0x00020000 store:0x00000030 load:0x00000000
          18912	      9452	00100228	01cfd793	srli	x15,x31,0x1c	 x31:0x00000700 x15=0x00000000
          18914	      9453	0010022c	00900713	addi	x14,x0,9	  x0:0x00000000 x14=0x00000009
          18916	      9454	00100230	f2f76ae3	bltu	x14,x15,100164	 x14:0x00000009 x15:0x00000000
          18918	      9455	00100234	03078393	addi	x7,x15,48	 x15:0x00000000  x7=0x00000030
          18920	      9456	00100238	000205b7	lui	x11,0x20	 x11=0x00020000
          18922	      9457	0010023c	00c51613	slli	x12,x10,0xc	 x10:0x00000007 x12=0x00007000
          18926	      9459	00100240	0075a023	sw	x7,0(x11)	 x11:0x00020000  x7:0x00000030 PA:0x00020000 store:0x00000030 load:0x00000000
          18928	      9460	00100244	01c65693	srli	x13,x12,0x1c	 x12:0x00007000 x13=0x00000000
          18930	      9461	00100248	00900813	addi	x16,x0,9	  x0:0x00000000 x16=0x00000009
          18932	      9462	0010024c	f2d86ae3	bltu	x16,x13,100180	 x16:0x00000009 x13:0x00000000
          18934	      9463	00100250	03068e93	addi	x29,x13,48	 x13:0x00000000 x29=0x00000030
          18936	      9464	00100254	00020f37	lui	x30,0x20	 x30=0x00020000
          18938	      9465	00100258	01051f93	slli	x31,x10,0x10	 x10:0x00000007 x31=0x00070000
          18942	      9467	0010025c	01df2023	sw	x29,0(x30)	 x30:0x00020000 x29:0x00000030 PA:0x00020000 store:0x00000030 load:0x00000000
          18944	      9468	00100260	01cfd793	srli	x15,x31,0x1c	 x31:0x00070000 x15=0x00000000
          18946	      9469	00100264	00900713	addi	x14,x0,9	  x0:0x00000000 x14=0x00000009
          18948	      9470	00100268	f2f76ae3	bltu	x14,x15,10019c	 x14:0x00000009 x15:0x00000000
          18950	      9471	0010026c	03078393	addi	x7,x15,48	 x15:0x00000000  x7=0x00000030
          18952	      9472	00100270	000205b7	lui	x11,0x20	 x11=0x00020000
          18954	      9473	00100274	01451613	slli	x12,x10,0x14	 x10:0x00000007 x12=0x00700000
          18958	      9475	00100278	0075a023	sw	x7,0(x11)	 x11:0x00020000  x7:0x00000030 PA:0x00020000 store:0x00000030 load:0x00000000
          18960	      9476	0010027c	01c65693	srli	x13,x12,0x1c	 x12:0x00700000 x13=0x00000000
          18962	      9477	00100280	00900813	addi	x16,x0,9	  x0:0x00000000 x16=0x00000009
          18964	      9478	00100284	f2d86ae3	bltu	x16,x13,1001b8	 x16:0x00000009 x13:0x00000000
          18966	      9479	00100288	03068e93	addi	x29,x13,48	 x13:0x00000000 x29=0x00000030
          18968	      9480	0010028c	00020f37	lui	x30,0x20	 x30=0x00020000
          18970	      9481	00100290	01851f93	slli	x31,x10,0x18	 x10:0x00000007 x31=0x07000000
          18974	      9483	00100294	01df2023	sw	x29,0(x30)	 x30:0x00020000 x29:0x00000030 PA:0x00020000 store:0x00000030 load:0x00000000
          18976	      9484	00100298	01cfd793	srli	x15,x31,0x1c	 x31:0x07000000 x15=0x00000000
          18978	      9485	0010029c	00900713	addi	x14,x0,9	  x0:0x00000000 x14=0x00000009
          18980	      9486	001002a0	f2f76ae3	bltu	x14,x15,1001d4	 x14:0x00000009 x15:0x00000000
          18982	      9487	001002a4	03078393	addi	x7,x15,48	 x15:0x00000000  x7=0x00000030
          18984	      9488	001002a8	000205b7	lui	x11,0x20	 x11=0x00020000
          18988	      9490	001002ac	0075a023	sw	x7,0(x11)	 x11:0x00020000  x7:0x00000030 PA:0x00020000 store:0x00000030 load:0x00000000
          18990	      9491	001002b0	00f57513	andi	x10,x10,15	 x10:0x00000007 x10=0x00000007
          18992	      9492	001002b4	00900613	addi	x12,x0,9	  x0:0x00000000 x12=0x00000009
          18996	      9494	001002b8	f2a67ae3	bgeu	x12,x10,1001ec	 x12:0x00000009 x10:0x00000007
          19000	      9496	001001ec	03050893	addi	x17,x10,48	 x10:0x00000007 x17=0x00000037
          19002	      9497	001001f0	00020e37	lui	x28,0x20	 x28=0x00020000
          19006	      9499	001001f4	011e2023	sw	x17,0(x28)	 x28:0x00020000 x17:0x00000037 PA:0x00020000 store:0x00000037 load:0x00000000
          19010	      9501	001001f8	00008067	jalr	x0,0(x1)	  x1:0x001013f8  x0=0x00000000
          19012	      9502	001013f8	a18b0513	addi	x10,x22,-1512	 x22:0x00102000 x10=0x00101a18
          19016	      9504	001013fc	ca5fe0ef	jal	x1,1000a0	  x1=0x00101400
          19020	      9506	001000a0	00054803	lbu	x16,0(x10)	 x10:0x00101a18 x16=0x00000020 PA:0x00101a18 store:0x00000000
          19022	      9507	001000a4	06080663	beq	x16,x0,100110	 x16:0x00000020  x0:0x00000000
          19024	      9508	001000a8	000207b7	lui	x15,0x20	 x15=0x00020000
          19028	      9510	001000ac	0107a023	sw	x16,0(x15)	 x15:0x00020000 x16:0x00000020 PA:0x00020000 store:0x00000020 load:0x00000000
          19032	      9512	001000b0	00154703	lbu	x14,1(x10)	 x10:0x00101a18 x14=0x00000072 PA:0x00101a19 store:0x00101400
          19034	      9513	001000b4	04070e63	beq	x14,x0,100110	 x14:0x00000072  x0:0x00000000
          19038	      9515	001000b8	00e7a023	sw	x14,0(x15)	 x15:0x00020000 x14:0x00000072 PA:0x00020000 store:0x00000072 load:0x00000000
          19042	      9517	001000bc	00254283	lbu	x5,2(x10)	 x10:0x00101a18  x5=0x00000065 PA:0x00101a1a store:0x00137fa0
          19044	      9518	001000c0	04028863	beq	x5,x0,100110	  x5:0x00000065  x0:0x00000000
          19048	      9520	001000c4	0057a023	sw	x5,0(x15)	 x15:0x00020000  x5:0x00000065 PA:0x00020000 store:0x00000065 load:0x00000000
          19052	      9522	001000c8	00354303	lbu	x6,3(x10)	 x10:0x00101a18  x6=0x00000073 PA:0x00101a1b store:0x00000000
          19054	      9523	001000cc	04030263	beq	x6,x0,100110	  x6:0x00000073  x0:0x00000000
          19058	      9525	001000d0	0067a023	sw	x6,0(x15)	 x15:0x00020000  x6:0x00000073 PA:0x00020000 store:0x00000073 load:0x00000000
          19062	      9527	001000d4	00454383	lbu	x7,4(x10)	 x10:0x00101a18  x7=0x00000075 PA:0x00101a1c store:0x00000000
          19064	      9528	001000d8	02038c63	beq	x7,x0,100110	  x7:0x00000075  x0:0x00000000
          19068	      9530	001000dc	0077a023	sw	x7,0(x15)	 x15:0x00020000  x7:0x00000075 PA:0x00020000 store:0x00000075 load:0x00000000
          19072	      9532	001000e0	00554583	lbu	x11,5(x10)	 x10:0x00101a18 x11=0x0000006c PA:0x00101a1d store:0x00000065
          19074	      9533	001000e4	02058663	beq	x11,x0,100110	 x11:0x0000006c  x0:0x00000000
          19078	      9535	001000e8	00b7a023	sw	x11,0(x15)	 x15:0x00020000 x11:0x0000006c PA:0x00020000 store:0x0000006c load:0x00000000
          19082	      9537	001000ec	00654603	lbu	x12,6(x10)	 x10:0x00101a18 x12=0x00000074 PA:0x00101a1e store:0x00000073
          19084	      9538	001000f0	02060063	beq	x12,x0,100110	 x12:0x00000074  x0:0x00000000
          19088	      9540	001000f4	00c7a023	sw	x12,0(x15)	 x15:0x00020000 x12:0x00000074 PA:0x00020000 store:0x00000074 load:0x00000000
          19092	      9542	001000f8	00754683	lbu	x13,7(x10)	 x10:0x00101a18 x13=0x0000003a PA:0x00101a1f store:0x00000075
          19094	      9543	001000fc	00850513	addi	x10,x10,8	 x10:0x00101a18 x10=0x00101a20
          19096	      9544	00100100	00068863	beq	x13,x0,100110	 x13:0x0000003a  x0:0x00000000
          19100	      9546	00100104	00d7a023	sw	x13,0(x15)	 x15:0x00020000 x13:0x0000003a PA:0x00020000 store:0x0000003a load:0x00000000
          19104	      9548	00100108	00054803	lbu	x16,0(x10)	 x10:0x00101a20 x16=0x00000020 PA:0x00101a20 store:0x00000000
          19108	      9550	0010010c	fa0810e3	bne	x16,x0,1000ac	 x16:0x00000020  x0:0x00000000
          19114	      9553	001000ac	0107a023	sw	x16,0(x15)	 x15:0x00020000 x16:0x00000020 PA:0x00020000 store:0x00000020 load:0x00000000
          19118	      9555	001000b0	00154703	lbu	x14,1(x10)	 x10:0x00101a20 x14=0x00000000 PA:0x00101a21 store:0x00101400
          19122	      9557	001000b4	04070e63	beq	x14,x0,100110	 x14:0x00000000  x0:0x00000000
          19126	      9559	00100110	00000513	addi	x10,x0,0	  x0:0x00000000 x10=0x00000000
          19130	      9561	00100114	00008067	jalr	x0,0(x1)	  x1:0x00101400  x0=0x00000000
          19134	      9563	00101400	cf8a2503	lw	x10,-776(x20)	 x20:0x00102000 x10=0x3f831eb8 PA:0x00101cf8 store:0x00000008
          19138	      9565	00101404	d1dfe0ef	jal	x1,100120	  x1=0x00101408
          19140	      9566	00100120	01c55793	srli	x15,x10,0x1c	 x10:0x3f831eb8 x15=0x00000003
          19142	      9567	00100124	00900713	addi	x14,x0,9	  x0:0x00000000 x14=0x00000009
          19146	      9569	00100128	0cf77a63	bgeu	x14,x15,1001fc	 x14:0x00000009 x15:0x00000003
          19150	      9571	001001fc	03078393	addi	x7,x15,48	 x15:0x00000003  x7=0x00000033
          19152	      9572	00100200	000205b7	lui	x11,0x20	 x11=0x00020000
          19154	      9573	00100204	00451613	slli	x12,x10,0x4	 x10:0x3f831eb8 x12=0xf831eb80
          19158	      9575	00100208	0075a023	sw	x7,0(x11)	 x11:0x00020000  x7:0x00000033 PA:0x00020000 store:0x00000033 load:0x00000000
          19160	      9576	0010020c	01c65693	srli	x13,x12,0x1c	 x12:0xf831eb80 x13=0x0000000f
          19162	      9577	00100210	00900813	addi	x16,x0,9	  x0:0x00000000 x16=0x00000009
          19166	      9579	00100214	f2d86ae3	bltu	x16,x13,100148	 x16:0x00000009 x13:0x0000000f
          19170	      9581	00100148	03768893	addi	x17,x13,55	 x13:0x0000000f x17=0x00000046
          19172	      9582	0010014c	00020e37	lui	x28,0x20	 x28=0x00020000
          19174	      9583	00100150	00851f93	slli	x31,x10,0x8	 x10:0x3f831eb8 x31=0x831eb800
          19178	      9585	00100154	011e2023	sw	x17,0(x28)	 x28:0x00020000 x17:0x00000046 PA:0x00020000 store:0x00000046 load:0x00000000
          19180	      9586	00100158	01cfd793	srli	x15,x31,0x1c	 x31:0x831eb800 x15=0x00000008
          19182	      9587	0010015c	00900713	addi	x14,x0,9	  x0:0x00000000 x14=0x00000009
          19186	      9589	00100160	0cf77a63	bgeu	x14,x15,100234	 x14:0x00000009 x15:0x00000008
          19190	      9591	00100234	03078393	addi	x7,x15,48	 x15:0x00000008  x7=0x00000038
          19192	      9592	00100238	000205b7	lui	x11,0x20	 x11=0x00020000
          19194	      9593	0010023c	00c51613	slli	x12,x10,0xc	 x10:0x3f831eb8 x12=0x31eb8000
          19198	      9595	00100240	0075a023	sw	x7,0(x11)	 x11:0x00020000  x7:0x00000038 PA:0x00020000 store:0x00000038 load:0x00000000
          19200	      9596	00100244	01c65693	srli	x13,x12,0x1c	 x12:0x31eb8000 x13=0x00000003
          19202	      9597	00100248	00900813	addi	x16,x0,9	  x0:0x00000000 x16=0x00000009
          19204	      9598	0010024c	f2d86ae3	bltu	x16,x13,100180	 x16:0x00000009 x13:0x00000003
          19206	      9599	00100250	03068e93	addi	x29,x13,48	 x13:0x00000003 x29=0x00000033
          19208	      9600	00100254	00020f37	lui	x30,0x20	 x30=0x00020000
          19210	      9601	00100258	01051f93	slli	x31,x10,0x10	 x10:0x3f831eb8 x31=0x1eb80000
          19214	      9603	0010025c	01df2023	sw	x29,0(x30)	 x30:0x00020000 x29:0x00000033 PA:0x00020000 store:0x00000033 load:0x00000000
          19216	      9604	00100260	01cfd793	srli	x15,x31,0x1c	 x31:0x1eb80000 x15=0x00000001
          19218	      9605	00100264	00900713	addi	x14,x0,9	  x0:0x00000000 x14=0x00000009
          19220	      9606	00100268	f2f76ae3	bltu	x14,x15,10019c	 x14:0x00000009 x15:0x00000001
          19222	      9607	0010026c	03078393	addi	x7,x15,48	 x15:0x00000001  x7=0x00000031
          19224	      9608	00100270	000205b7	lui	x11,0x20	 x11=0x00020000
          19226	      9609	00100274	01451613	slli	x12,x10,0x14	 x10:0x3f831eb8 x12=0xeb800000
          19230	      9611	00100278	0075a023	sw	x7,0(x11)	 x11:0x00020000  x7:0x00000031 PA:0x00020000 store:0x00000031 load:0x00000000
          19232	      9612	0010027c	01c65693	srli	x13,x12,0x1c	 x12:0xeb800000 x13=0x0000000e
          19234	      9613	00100280	00900813	addi	x16,x0,9	  x0:0x00000000 x16=0x00000009
          19238	      9615	00100284	f2d86ae3	bltu	x16,x13,1001b8	 x16:0x00000009 x13:0x0000000e
          19242	      9617	001001b8	03768893	addi	x17,x13,55	 x13:0x0000000e x17=0x00000045
          19244	      9618	001001bc	00020e37	lui	x28,0x20	 x28=0x00020000
          19246	      9619	001001c0	01851f93	slli	x31,x10,0x18	 x10:0x3f831eb8 x31=0xb8000000
          19250	      9621	001001c4	011e2023	sw	x17,0(x28)	 x28:0x00020000 x17:0x00000045 PA:0x00020000 store:0x00000045 load:0x00000000
          19252	      9622	001001c8	01cfd793	srli	x15,x31,0x1c	 x31:0xb8000000 x15=0x0000000b
          19254	      9623	001001cc	00900713	addi	x14,x0,9	  x0:0x00000000 x14=0x00000009
          19256	      9624	001001d0	0cf77a63	bgeu	x14,x15,1002a4	 x14:0x00000009 x15:0x0000000b
          19258	      9625	001001d4	03778293	addi	x5,x15,55	 x15:0x0000000b  x5=0x00000042
          19260	      9626	001001d8	00020337	lui	x6,0x20	  x6=0x00020000
          19264	      9628	001001dc	00532023	sw	x5,0(x6)	  x6:0x00020000  x5:0x00000042 PA:0x00020000 store:0x00000042 load:0x00000000
          19266	      9629	001001e0	00f57513	andi	x10,x10,15	 x10:0x3f831eb8 x10=0x00000008
          19268	      9630	001001e4	00900613	addi	x12,x0,9	  x0:0x00000000 x12=0x00000009
          19270	      9631	001001e8	0ca66a63	bltu	x12,x10,1002bc	 x12:0x00000009 x10:0x00000008
          19272	      9632	001001ec	03050893	addi	x17,x10,48	 x10:0x00000008 x17=0x00000038
          19274	      9633	001001f0	00020e37	lui	x28,0x20	 x28=0x00020000
          19278	      9635	001001f4	011e2023	sw	x17,0(x28)	 x28:0x00020000 x17:0x00000038 PA:0x00020000 store:0x00000038 load:0x00000000
          19282	      9637	001001f8	00008067	jalr	x0,0(x1)	  x1:0x00101408  x0=0x00000000
          19286	      9639	00101408	f1ac18e3	bne	x24,x26,101318	 x24:0x00000008 x26:0x00000014
          19294	      9643	00101318	d089a607	flw	f12,-760(x19)	 f19:0x00102000 f12=0x00000000 PA:0x00101d08 store:0x3f9b3246
          19316	      9654	0010131c	580676d3	fsqrt.s	f13,f12	 f12:0x00000009 f13=0x00000000
          19318	      9655	00101320	d0d9a427	fsw	f13,-760(x19)	 f19:0x00102000 f13:0x0000000e PA:0x00101d08 store:0x3f818cf4 load:0x3f831eb8
          19320	      9656	00101324	d089a387	flw	f7,-760(x19)	 f19:0x00102000  f7=0x00000000 PA:0x00101d08 store:0x3f9b3246
          19324	      9658	00101328	a10a8513	addi	x10,x21,-1520	 x21:0x00102000 x10=0x00101a10
          19326	      9659	0010132c	e00386d3	fmv.x.w	x13,f7	  f7:0x00000031 x13=0x3f818cf4
          19328	      9660	00101330	ceda2c23	sw	x13,-776(x20)	 x20:0x00102000 x13:0x3f818cf4 PA:0x00101cf8 store:0x3f818cf4 load:0x3f818cf4
          19330	      9661	00101334	d6dfe0ef	jal	x1,1000a0	  x1=0x00101338
          19334	      9663	001000a0	00054803	lbu	x16,0(x10)	 x10:0x00101a10 x16=0x0000000a PA:0x00101a10 store:0x00000000
          19336	      9664	001000a4	06080663	beq	x16,x0,100110	 x16:0x0000000a  x0:0x00000000
          19338	      9665	001000a8	000207b7	lui	x15,0x20	 x15=0x00020000
          19342	      9667	001000ac	0107a023	sw	x16,0(x15)	 x15:0x00020000 x16:0x0000000a PA:0x00020000 store:0x0000000a load:0x00000000
          19346	      9669	001000b0	00154703	lbu	x14,1(x10)	 x10:0x00101a10 x14=0x00000020 PA:0x00101a11 store:0x00101338
          19348	      9670	001000b4	04070e63	beq	x14,x0,100110	 x14:0x00000020  x0:0x00000000
          19352	      9672	001000b8	00e7a023	sw	x14,0(x15)	 x15:0x00020000 x14:0x00000020 PA:0x00020000 store:0x00000020 load:0x00000000
          19356	      9674	001000bc	00254283	lbu	x5,2(x10)	 x10:0x00101a10  x5=0x00000069 PA:0x00101a12 store:0x00137fa0
          19358	      9675	001000c0	04028863	beq	x5,x0,100110	  x5:0x00000069  x0:0x00000000
          19362	      9677	001000c4	0057a023	sw	x5,0(x15)	 x15:0x00020000  x5:0x00000069 PA:0x00020000 store:0x00000069 load:0x00000000
          19366	      9679	001000c8	00354303	lbu	x6,3(x10)	 x10:0x00101a10  x6=0x0000003d PA:0x00101a13 store:0x00000000
          19368	      9680	001000cc	04030263	beq	x6,x0,100110	  x6:0x0000003d  x0:0x00000000
          19372	      9682	001000d0	0067a023	sw	x6,0(x15)	 x15:0x00020000  x6:0x0000003d PA:0x00020000 store:0x0000003d load:0x00000000
          19376	      9684	001000d4	00454383	lbu	x7,4(x10)	 x10:0x00101a10  x7=0x00000000 PA:0x00101a14 store:0x00000000
          19380	      9686	001000d8	02038c63	beq	x7,x0,100110	  x7:0x00000000  x0:0x00000000
          19384	      9688	00100110	00000513	addi	x10,x0,0	  x0:0x00000000 x10=0x00000000
          19388	      9690	00100114	00008067	jalr	x0,0(x1)	  x1:0x00101338  x0=0x00000000
          19390	      9691	00101338	000c0513	addi	x10,x24,0	 x24:0x00000008 x10=0x00000008
          19394	      9693	0010133c	de5fe0ef	jal	x1,100120	  x1=0x00101340
          19396	      9694	00100120	01c55793	srli	x15,x10,0x1c	 x10:0x00000008 x15=0x00000000
          19398	      9695	00100124	00900713	addi	x14,x0,9	  x0:0x00000000 x14=0x00000009
          19402	      9697	00100128	0cf77a63	bgeu	x14,x15,1001fc	 x14:0x00000009 x15:0x00000000
          19406	      9699	001001fc	03078393	addi	x7,x15,48	 x15:0x00000000  x7=0x00000030
          19408	      9700	00100200	000205b7	lui	x11,0x20	 x11=0x00020000
          19410	      9701	00100204	00451613	slli	x12,x10,0x4	 x10:0x00000008 x12=0x00000080
          19414	      9703	00100208	0075a023	sw	x7,0(x11)	 x11:0x00020000  x7:0x00000030 PA:0x00020000 store:0x00000030 load:0x00000000
          19416	      9704	0010020c	01c65693	srli	x13,x12,0x1c	 x12:0x00000080 x13=0x00000000
          19418	      9705	00100210	00900813	addi	x16,x0,9	  x0:0x00000000 x16=0x00000009
          19420	      9706	00100214	f2d86ae3	bltu	x16,x13,100148	 x16:0x00000009 x13:0x00000000
          19422	      9707	00100218	03068e93	addi	x29,x13,48	 x13:0x00000000 x29=0x00000030
          19424	      9708	0010021c	00020f37	lui	x30,0x20	 x30=0x00020000
          19426	      9709	00100220	00851f93	slli	x31,x10,0x8	 x10:0x00000008 x31=0x00000800
          19430	      9711	00100224	01df2023	sw	x29,0(x30)	 x30:0x00020000 x29:0x00000030 PA:0x00020000 store:0x00000030 load:0x00000000
          19432	      9712	00100228	01cfd793	srli	x15,x31,0x1c	 x31:0x00000800 x15=0x00000000
          19434	      9713	0010022c	00900713	addi	x14,x0,9	  x0:0x00000000 x14=0x00000009
          19436	      9714	00100230	f2f76ae3	bltu	x14,x15,100164	 x14:0x00000009 x15:0x00000000
          19438	      9715	00100234	03078393	addi	x7,x15,48	 x15:0x00000000  x7=0x00000030
          19440	      9716	00100238	000205b7	lui	x11,0x20	 x11=0x00020000
          19442	      9717	0010023c	00c51613	slli	x12,x10,0xc	 x10:0x00000008 x12=0x00008000
          19446	      9719	00100240	0075a023	sw	x7,0(x11)	 x11:0x00020000  x7:0x00000030 PA:0x00020000 store:0x00000030 load:0x00000000
          19448	      9720	00100244	01c65693	srli	x13,x12,0x1c	 x12:0x00008000 x13=0x00000000
          19450	      9721	00100248	00900813	addi	x16,x0,9	  x0:0x00000000 x16=0x00000009
          19452	      9722	0010024c	f2d86ae3	bltu	x16,x13,100180	 x16:0x00000009 x13:0x00000000
          19454	      9723	00100250	03068e93	addi	x29,x13,48	 x13:0x00000000 x29=0x00000030
          19456	      9724	00100254	00020f37	lui	x30,0x20	 x30=0x00020000
          19458	      9725	00100258	01051f93	slli	x31,x10,0x10	 x10:0x00000008 x31=0x00080000
          19462	      9727	0010025c	01df2023	sw	x29,0(x30)	 x30:0x00020000 x29:0x00000030 PA:0x00020000 store:0x00000030 load:0x00000000
          19464	      9728	00100260	01cfd793	srli	x15,x31,0x1c	 x31:0x00080000 x15=0x00000000
          19466	      9729	00100264	00900713	addi	x14,x0,9	  x0:0x00000000 x14=0x00000009
          19468	      9730	00100268	f2f76ae3	bltu	x14,x15,10019c	 x14:0x00000009 x15:0x00000000
          19470	      9731	0010026c	03078393	addi	x7,x15,48	 x15:0x00000000  x7=0x00000030
          19472	      9732	00100270	000205b7	lui	x11,0x20	 x11=0x00020000
          19474	      9733	00100274	01451613	slli	x12,x10,0x14	 x10:0x00000008 x12=0x00800000
          19478	      9735	00100278	0075a023	sw	x7,0(x11)	 x11:0x00020000  x7:0x00000030 PA:0x00020000 store:0x00000030 load:0x00000000
          19480	      9736	0010027c	01c65693	srli	x13,x12,0x1c	 x12:0x00800000 x13=0x00000000
          19482	      9737	00100280	00900813	addi	x16,x0,9	  x0:0x00000000 x16=0x00000009
          19484	      9738	00100284	f2d86ae3	bltu	x16,x13,1001b8	 x16:0x00000009 x13:0x00000000
          19486	      9739	00100288	03068e93	addi	x29,x13,48	 x13:0x00000000 x29=0x00000030
          19488	      9740	0010028c	00020f37	lui	x30,0x20	 x30=0x00020000
          19490	      9741	00100290	01851f93	slli	x31,x10,0x18	 x10:0x00000008 x31=0x08000000
          19494	      9743	00100294	01df2023	sw	x29,0(x30)	 x30:0x00020000 x29:0x00000030 PA:0x00020000 store:0x00000030 load:0x00000000
          19496	      9744	00100298	01cfd793	srli	x15,x31,0x1c	 x31:0x08000000 x15=0x00000000
          19498	      9745	0010029c	00900713	addi	x14,x0,9	  x0:0x00000000 x14=0x00000009
          19500	      9746	001002a0	f2f76ae3	bltu	x14,x15,1001d4	 x14:0x00000009 x15:0x00000000
          19502	      9747	001002a4	03078393	addi	x7,x15,48	 x15:0x00000000  x7=0x00000030
          19504	      9748	001002a8	000205b7	lui	x11,0x20	 x11=0x00020000
          19508	      9750	001002ac	0075a023	sw	x7,0(x11)	 x11:0x00020000  x7:0x00000030 PA:0x00020000 store:0x00000030 load:0x00000000
          19510	      9751	001002b0	00f57513	andi	x10,x10,15	 x10:0x00000008 x10=0x00000008
          19512	      9752	001002b4	00900613	addi	x12,x0,9	  x0:0x00000000 x12=0x00000009
          19516	      9754	001002b8	f2a67ae3	bgeu	x12,x10,1001ec	 x12:0x00000009 x10:0x00000008
          19520	      9756	001001ec	03050893	addi	x17,x10,48	 x10:0x00000008 x17=0x00000038
          19522	      9757	001001f0	00020e37	lui	x28,0x20	 x28=0x00020000
          19526	      9759	001001f4	011e2023	sw	x17,0(x28)	 x28:0x00020000 x17:0x00000038 PA:0x00020000 store:0x00000038 load:0x00000000
          19530	      9761	001001f8	00008067	jalr	x0,0(x1)	  x1:0x00101340  x0=0x00000000
          19532	      9762	00101340	a18b0513	addi	x10,x22,-1512	 x22:0x00102000 x10=0x00101a18
          19536	      9764	00101344	d5dfe0ef	jal	x1,1000a0	  x1=0x00101348
          19540	      9766	001000a0	00054803	lbu	x16,0(x10)	 x10:0x00101a18 x16=0x00000020 PA:0x00101a18 store:0x00000000
          19542	      9767	001000a4	06080663	beq	x16,x0,100110	 x16:0x00000020  x0:0x00000000
          19544	      9768	001000a8	000207b7	lui	x15,0x20	 x15=0x00020000
          19548	      9770	001000ac	0107a023	sw	x16,0(x15)	 x15:0x00020000 x16:0x00000020 PA:0x00020000 store:0x00000020 load:0x00000000
          19552	      9772	001000b0	00154703	lbu	x14,1(x10)	 x10:0x00101a18 x14=0x00000072 PA:0x00101a19 store:0x00101348
          19554	      9773	001000b4	04070e63	beq	x14,x0,100110	 x14:0x00000072  x0:0x00000000
          19558	      9775	001000b8	00e7a023	sw	x14,0(x15)	 x15:0x00020000 x14:0x00000072 PA:0x00020000 store:0x00000072 load:0x00000000
          19562	      9777	001000bc	00254283	lbu	x5,2(x10)	 x10:0x00101a18  x5=0x00000065 PA:0x00101a1a store:0x00137fa0
          19564	      9778	001000c0	04028863	beq	x5,x0,100110	  x5:0x00000065  x0:0x00000000
          19568	      9780	001000c4	0057a023	sw	x5,0(x15)	 x15:0x00020000  x5:0x00000065 PA:0x00020000 store:0x00000065 load:0x00000000
          19572	      9782	001000c8	00354303	lbu	x6,3(x10)	 x10:0x00101a18  x6=0x00000073 PA:0x00101a1b store:0x00000000
          19574	      9783	001000cc	04030263	beq	x6,x0,100110	  x6:0x00000073  x0:0x00000000
          19578	      9785	001000d0	0067a023	sw	x6,0(x15)	 x15:0x00020000  x6:0x00000073 PA:0x00020000 store:0x00000073 load:0x00000000
          19582	      9787	001000d4	00454383	lbu	x7,4(x10)	 x10:0x00101a18  x7=0x00000075 PA:0x00101a1c store:0x00000000
          19584	      9788	001000d8	02038c63	beq	x7,x0,100110	  x7:0x00000075  x0:0x00000000
          19588	      9790	001000dc	0077a023	sw	x7,0(x15)	 x15:0x00020000  x7:0x00000075 PA:0x00020000 store:0x00000075 load:0x00000000
          19592	      9792	001000e0	00554583	lbu	x11,5(x10)	 x10:0x00101a18 x11=0x0000006c PA:0x00101a1d store:0x00000065
          19594	      9793	001000e4	02058663	beq	x11,x0,100110	 x11:0x0000006c  x0:0x00000000
          19598	      9795	001000e8	00b7a023	sw	x11,0(x15)	 x15:0x00020000 x11:0x0000006c PA:0x00020000 store:0x0000006c load:0x00000000
          19602	      9797	001000ec	00654603	lbu	x12,6(x10)	 x10:0x00101a18 x12=0x00000074 PA:0x00101a1e store:0x00000073
          19604	      9798	001000f0	02060063	beq	x12,x0,100110	 x12:0x00000074  x0:0x00000000
          19608	      9800	001000f4	00c7a023	sw	x12,0(x15)	 x15:0x00020000 x12:0x00000074 PA:0x00020000 store:0x00000074 load:0x00000000
          19612	      9802	001000f8	00754683	lbu	x13,7(x10)	 x10:0x00101a18 x13=0x0000003a PA:0x00101a1f store:0x00000075
          19614	      9803	001000fc	00850513	addi	x10,x10,8	 x10:0x00101a18 x10=0x00101a20
          19616	      9804	00100100	00068863	beq	x13,x0,100110	 x13:0x0000003a  x0:0x00000000
          19620	      9806	00100104	00d7a023	sw	x13,0(x15)	 x15:0x00020000 x13:0x0000003a PA:0x00020000 store:0x0000003a load:0x00000000
          19624	      9808	00100108	00054803	lbu	x16,0(x10)	 x10:0x00101a20 x16=0x00000020 PA:0x00101a20 store:0x00000000
          19628	      9810	0010010c	fa0810e3	bne	x16,x0,1000ac	 x16:0x00000020  x0:0x00000000
          19634	      9813	001000ac	0107a023	sw	x16,0(x15)	 x15:0x00020000 x16:0x00000020 PA:0x00020000 store:0x00000020 load:0x00000000
          19638	      9815	001000b0	00154703	lbu	x14,1(x10)	 x10:0x00101a20 x14=0x00000000 PA:0x00101a21 store:0x00101348
          19642	      9817	001000b4	04070e63	beq	x14,x0,100110	 x14:0x00000000  x0:0x00000000
          19646	      9819	00100110	00000513	addi	x10,x0,0	  x0:0x00000000 x10=0x00000000
          19650	      9821	00100114	00008067	jalr	x0,0(x1)	  x1:0x00101348  x0=0x00000000
          19654	      9823	00101348	cf8a2503	lw	x10,-776(x20)	 x20:0x00102000 x10=0x3f818cf4 PA:0x00101cf8 store:0x00000008
          19656	      9824	0010134c	001c0d93	addi	x27,x24,1	 x24:0x00000008 x27=0x00000009
          19660	      9826	00101350	dd1fe0ef	jal	x1,100120	  x1=0x00101354
          19662	      9827	00100120	01c55793	srli	x15,x10,0x1c	 x10:0x3f818cf4 x15=0x00000003
          19664	      9828	00100124	00900713	addi	x14,x0,9	  x0:0x00000000 x14=0x00000009
          19668	      9830	00100128	0cf77a63	bgeu	x14,x15,1001fc	 x14:0x00000009 x15:0x00000003
          19672	      9832	001001fc	03078393	addi	x7,x15,48	 x15:0x00000003  x7=0x00000033
          19674	      9833	00100200	000205b7	lui	x11,0x20	 x11=0x00020000
          19676	      9834	00100204	00451613	slli	x12,x10,0x4	 x10:0x3f818cf4 x12=0xf818cf40
          19680	      9836	00100208	0075a023	sw	x7,0(x11)	 x11:0x00020000  x7:0x00000033 PA:0x00020000 store:0x00000033 load:0x00000000
          19682	      9837	0010020c	01c65693	srli	x13,x12,0x1c	 x12:0xf818cf40 x13=0x0000000f
          19684	      9838	00100210	00900813	addi	x16,x0,9	  x0:0x00000000 x16=0x00000009
          19688	      9840	00100214	f2d86ae3	bltu	x16,x13,100148	 x16:0x00000009 x13:0x0000000f
          19692	      9842	00100148	03768893	addi	x17,x13,55	 x13:0x0000000f x17=0x00000046
          19694	      9843	0010014c	00020e37	lui	x28,0x20	 x28=0x00020000
          19696	      9844	00100150	00851f93	slli	x31,x10,0x8	 x10:0x3f818cf4 x31=0x818cf400
          19700	      9846	00100154	011e2023	sw	x17,0(x28)	 x28:0x00020000 x17:0x00000046 PA:0x00020000 store:0x00000046 load:0x00000000
          19702	      9847	00100158	01cfd793	srli	x15,x31,0x1c	 x31:0x818cf400 x15=0x00000008
          19704	      9848	0010015c	00900713	addi	x14,x0,9	  x0:0x00000000 x14=0x00000009
          19708	      9850	00100160	0cf77a63	bgeu	x14,x15,100234	 x14:0x00000009 x15:0x00000008
          19712	      9852	00100234	03078393	addi	x7,x15,48	 x15:0x00000008  x7=0x00000038
          19714	      9853	00100238	000205b7	lui	x11,0x20	 x11=0x00020000
          19716	      9854	0010023c	00c51613	slli	x12,x10,0xc	 x10:0x3f818cf4 x12=0x18cf4000
          19720	      9856	00100240	0075a023	sw	x7,0(x11)	 x11:0x00020000  x7:0x00000038 PA:0x00020000 store:0x00000038 load:0x00000000
          19722	      9857	00100244	01c65693	srli	x13,x12,0x1c	 x12:0x18cf4000 x13=0x00000001
          19724	      9858	00100248	00900813	addi	x16,x0,9	  x0:0x00000000 x16=0x00000009
          19726	      9859	0010024c	f2d86ae3	bltu	x16,x13,100180	 x16:0x00000009 x13:0x00000001
          19728	      9860	00100250	03068e93	addi	x29,x13,48	 x13:0x00000001 x29=0x00000031
          19730	      9861	00100254	00020f37	lui	x30,0x20	 x30=0x00020000
          19732	      9862	00100258	01051f93	slli	x31,x10,0x10	 x10:0x3f818cf4 x31=0x8cf40000
          19736	      9864	0010025c	01df2023	sw	x29,0(x30)	 x30:0x00020000 x29:0x00000031 PA:0x00020000 store:0x00000031 load:0x00000000
          19738	      9865	00100260	01cfd793	srli	x15,x31,0x1c	 x31:0x8cf40000 x15=0x00000008
          19740	      9866	00100264	00900713	addi	x14,x0,9	  x0:0x00000000 x14=0x00000009
          19742	      9867	00100268	f2f76ae3	bltu	x14,x15,10019c	 x14:0x00000009 x15:0x00000008
          19744	      9868	0010026c	03078393	addi	x7,x15,48	 x15:0x00000008  x7=0x00000038
          19746	      9869	00100270	000205b7	lui	x11,0x20	 x11=0x00020000
          19748	      9870	00100274	01451613	slli	x12,x10,0x14	 x10:0x3f818cf4 x12=0xcf400000
          19752	      9872	00100278	0075a023	sw	x7,0(x11)	 x11:0x00020000  x7:0x00000038 PA:0x00020000 store:0x00000038 load:0x00000000
          19754	      9873	0010027c	01c65693	srli	x13,x12,0x1c	 x12:0xcf400000 x13=0x0000000c
          19756	      9874	00100280	00900813	addi	x16,x0,9	  x0:0x00000000 x16=0x00000009
          19760	      9876	00100284	f2d86ae3	bltu	x16,x13,1001b8	 x16:0x00000009 x13:0x0000000c
          19764	      9878	001001b8	03768893	addi	x17,x13,55	 x13:0x0000000c x17=0x00000043
          19766	      9879	001001bc	00020e37	lui	x28,0x20	 x28=0x00020000
          19768	      9880	001001c0	01851f93	slli	x31,x10,0x18	 x10:0x3f818cf4 x31=0xf4000000
          19772	      9882	001001c4	011e2023	sw	x17,0(x28)	 x28:0x00020000 x17:0x00000043 PA:0x00020000 store:0x00000043 load:0x00000000
          19774	      9883	001001c8	01cfd793	srli	x15,x31,0x1c	 x31:0xf4000000 x15=0x0000000f
          19776	      9884	001001cc	00900713	addi	x14,x0,9	  x0:0x00000000 x14=0x00000009
          19778	      9885	001001d0	0cf77a63	bgeu	x14,x15,1002a4	 x14:0x00000009 x15:0x0000000f
          19780	      9886	001001d4	03778293	addi	x5,x15,55	 x15:0x0000000f  x5=0x00000046
          19782	      9887	001001d8	00020337	lui	x6,0x20	  x6=0x00020000
          19786	      9889	001001dc	00532023	sw	x5,0(x6)	  x6:0x00020000  x5:0x00000046 PA:0x00020000 store:0x00000046 load:0x00000000
          19788	      9890	001001e0	00f57513	andi	x10,x10,15	 x10:0x3f818cf4 x10=0x00000004
          19790	      9891	001001e4	00900613	addi	x12,x0,9	  x0:0x00000000 x12=0x00000009
          19792	      9892	001001e8	0ca66a63	bltu	x12,x10,1002bc	 x12:0x00000009 x10:0x00000004
          19794	      9893	001001ec	03050893	addi	x17,x10,48	 x10:0x00000004 x17=0x00000034
          19796	      9894	001001f0	00020e37	lui	x28,0x20	 x28=0x00020000
          19800	      9896	001001f4	011e2023	sw	x17,0(x28)	 x28:0x00020000 x17:0x00000034 PA:0x00020000 store:0x00000034 load:0x00000000
          19810	      9901	001001f8	00008067	jalr	x0,0(x1)	  x1:0x00101354  x0=0x00000000
          19812	      9902	00101354	d089a407	flw	f8,-760(x19)	 f19:0x00102000  f8=0x00000000 PA:0x00101d08 store:0x3f9b3246
          19832	      9912	00101358	580474d3	fsqrt.s	f9,f8	  f8:0x00102000  f9=0x00000000
          19834	      9913	0010135c	d099a427	fsw	f9,-760(x19)	 f19:0x00102000  f9:0x00102000 PA:0x00101d08 store:0x3f80c5e1 load:0x3f818cf4
          19836	      9914	00101360	d089a507	flw	f10,-760(x19)	 f19:0x00102000 f10=0x00000000 PA:0x00101d08 store:0x3f818cf4
          19840	      9916	00101364	a10a8513	addi	x10,x21,-1520	 x21:0x00102000 x10=0x00101a10
          19842	      9917	00101368	e0050753	fmv.x.w	x14,f10	 f10:0x00101a10 x14=0x3f80c5e1
          19844	      9918	0010136c	ceea2c23	sw	x14,-776(x20)	 x20:0x00102000 x14:0x3f80c5e1 PA:0x00101cf8 store:0x3f80c5e1 load:0x3f80c5e1
          19846	      9919	00101370	d31fe0ef	jal	x1,1000a0	  x1=0x00101374
          19850	      9921	001000a0	00054803	lbu	x16,0(x10)	 x10:0x00101a10 x16=0x0000000a PA:0x00101a10 store:0x00000000
          19852	      9922	001000a4	06080663	beq	x16,x0,100110	 x16:0x0000000a  x0:0x00000000
          19854	      9923	001000a8	000207b7	lui	x15,0x20	 x15=0x00020000
          19858	      9925	001000ac	0107a023	sw	x16,0(x15)	 x15:0x00020000 x16:0x0000000a PA:0x00020000 store:0x0000000a load:0x00000000
          19862	      9927	001000b0	00154703	lbu	x14,1(x10)	 x10:0x00101a10 x14=0x00000020 PA:0x00101a11 store:0x00101374
          19864	      9928	001000b4	04070e63	beq	x14,x0,100110	 x14:0x00000020  x0:0x00000000
          19868	      9930	001000b8	00e7a023	sw	x14,0(x15)	 x15:0x00020000 x14:0x00000020 PA:0x00020000 store:0x00000020 load:0x00000000
          19872	      9932	001000bc	00254283	lbu	x5,2(x10)	 x10:0x00101a10  x5=0x00000069 PA:0x00101a12 store:0x00137fa0
          19874	      9933	001000c0	04028863	beq	x5,x0,100110	  x5:0x00000069  x0:0x00000000
          19878	      9935	001000c4	0057a023	sw	x5,0(x15)	 x15:0x00020000  x5:0x00000069 PA:0x00020000 store:0x00000069 load:0x00000000
          19882	      9937	001000c8	00354303	lbu	x6,3(x10)	 x10:0x00101a10  x6=0x0000003d PA:0x00101a13 store:0x00000000
          19884	      9938	001000cc	04030263	beq	x6,x0,100110	  x6:0x0000003d  x0:0x00000000
          19888	      9940	001000d0	0067a023	sw	x6,0(x15)	 x15:0x00020000  x6:0x0000003d PA:0x00020000 store:0x0000003d load:0x00000000
          19892	      9942	001000d4	00454383	lbu	x7,4(x10)	 x10:0x00101a10  x7=0x00000000 PA:0x00101a14 store:0x00000000
          19896	      9944	001000d8	02038c63	beq	x7,x0,100110	  x7:0x00000000  x0:0x00000000
          19900	      9946	00100110	00000513	addi	x10,x0,0	  x0:0x00000000 x10=0x00000000
          19904	      9948	00100114	00008067	jalr	x0,0(x1)	  x1:0x00101374  x0=0x00000000
          19906	      9949	00101374	000d8513	addi	x10,x27,0	 x27:0x00000009 x10=0x00000009
          19910	      9951	00101378	da9fe0ef	jal	x1,100120	  x1=0x0010137c
          19912	      9952	00100120	01c55793	srli	x15,x10,0x1c	 x10:0x00000009 x15=0x00000000
          19914	      9953	00100124	00900713	addi	x14,x0,9	  x0:0x00000000 x14=0x00000009
          19918	      9955	00100128	0cf77a63	bgeu	x14,x15,1001fc	 x14:0x00000009 x15:0x00000000
          19922	      9957	001001fc	03078393	addi	x7,x15,48	 x15:0x00000000  x7=0x00000030
          19924	      9958	00100200	000205b7	lui	x11,0x20	 x11=0x00020000
          19926	      9959	00100204	00451613	slli	x12,x10,0x4	 x10:0x00000009 x12=0x00000090
          19930	      9961	00100208	0075a023	sw	x7,0(x11)	 x11:0x00020000  x7:0x00000030 PA:0x00020000 store:0x00000030 load:0x00000000
          19932	      9962	0010020c	01c65693	srli	x13,x12,0x1c	 x12:0x00000090 x13=0x00000000
          19934	      9963	00100210	00900813	addi	x16,x0,9	  x0:0x00000000 x16=0x00000009
          19936	      9964	00100214	f2d86ae3	bltu	x16,x13,100148	 x16:0x00000009 x13:0x00000000
          19938	      9965	00100218	03068e93	addi	x29,x13,48	 x13:0x00000000 x29=0x00000030
          19940	      9966	0010021c	00020f37	lui	x30,0x20	 x30=0x00020000
          19942	      9967	00100220	00851f93	slli	x31,x10,0x8	 x10:0x00000009 x31=0x00000900
          19946	      9969	00100224	01df2023	sw	x29,0(x30)	 x30:0x00020000 x29:0x00000030 PA:0x00020000 store:0x00000030 load:0x00000000
          19948	      9970	00100228	01cfd793	srli	x15,x31,0x1c	 x31:0x00000900 x15=0x00000000
          19950	      9971	0010022c	00900713	addi	x14,x0,9	  x0:0x00000000 x14=0x00000009
          19952	      9972	00100230	f2f76ae3	bltu	x14,x15,100164	 x14:0x00000009 x15:0x00000000
          19954	      9973	00100234	03078393	addi	x7,x15,48	 x15:0x00000000  x7=0x00000030
          19956	      9974	00100238	000205b7	lui	x11,0x20	 x11=0x00020000
          19958	      9975	0010023c	00c51613	slli	x12,x10,0xc	 x10:0x00000009 x12=0x00009000
          19962	      9977	00100240	0075a023	sw	x7,0(x11)	 x11:0x00020000  x7:0x00000030 PA:0x00020000 store:0x00000030 load:0x00000000
          19964	      9978	00100244	01c65693	srli	x13,x12,0x1c	 x12:0x00009000 x13=0x00000000
          19966	      9979	00100248	00900813	addi	x16,x0,9	  x0:0x00000000 x16=0x00000009
          19968	      9980	0010024c	f2d86ae3	bltu	x16,x13,100180	 x16:0x00000009 x13:0x00000000
          19970	      9981	00100250	03068e93	addi	x29,x13,48	 x13:0x00000000 x29=0x00000030
          19972	      9982	00100254	00020f37	lui	x30,0x20	 x30=0x00020000
          19974	      9983	00100258	01051f93	slli	x31,x10,0x10	 x10:0x00000009 x31=0x00090000
          19978	      9985	0010025c	01df2023	sw	x29,0(x30)	 x30:0x00020000 x29:0x00000030 PA:0x00020000 store:0x00000030 load:0x00000000
          19980	      9986	00100260	01cfd793	srli	x15,x31,0x1c	 x31:0x00090000 x15=0x00000000
          19982	      9987	00100264	00900713	addi	x14,x0,9	  x0:0x00000000 x14=0x00000009
          19984	      9988	00100268	f2f76ae3	bltu	x14,x15,10019c	 x14:0x00000009 x15:0x00000000
          19986	      9989	0010026c	03078393	addi	x7,x15,48	 x15:0x00000000  x7=0x00000030
          19988	      9990	00100270	000205b7	lui	x11,0x20	 x11=0x00020000
          19990	      9991	00100274	01451613	slli	x12,x10,0x14	 x10:0x00000009 x12=0x00900000
          19994	      9993	00100278	0075a023	sw	x7,0(x11)	 x11:0x00020000  x7:0x00000030 PA:0x00020000 store:0x00000030 load:0x00000000
          19996	      9994	0010027c	01c65693	srli	x13,x12,0x1c	 x12:0x00900000 x13=0x00000000
          19998	      9995	00100280	00900813	addi	x16,x0,9	  x0:0x00000000 x16=0x00000009
          20000	      9996	00100284	f2d86ae3	bltu	x16,x13,1001b8	 x16:0x00000009 x13:0x00000000
          20002	      9997	00100288	03068e93	addi	x29,x13,48	 x13:0x00000000 x29=0x00000030
          20004	      9998	0010028c	00020f37	lui	x30,0x20	 x30=0x00020000
          20006	      9999	00100290	01851f93	slli	x31,x10,0x18	 x10:0x00000009 x31=0x09000000
          20010	     10001	00100294	01df2023	sw	x29,0(x30)	 x30:0x00020000 x29:0x00000030 PA:0x00020000 store:0x00000030 load:0x00000000
          20012	     10002	00100298	01cfd793	srli	x15,x31,0x1c	 x31:0x09000000 x15=0x00000000
          20014	     10003	0010029c	00900713	addi	x14,x0,9	  x0:0x00000000 x14=0x00000009
          20016	     10004	001002a0	f2f76ae3	bltu	x14,x15,1001d4	 x14:0x00000009 x15:0x00000000
          20018	     10005	001002a4	03078393	addi	x7,x15,48	 x15:0x00000000  x7=0x00000030
          20020	     10006	001002a8	000205b7	lui	x11,0x20	 x11=0x00020000
          20024	     10008	001002ac	0075a023	sw	x7,0(x11)	 x11:0x00020000  x7:0x00000030 PA:0x00020000 store:0x00000030 load:0x00000000
          20026	     10009	001002b0	00f57513	andi	x10,x10,15	 x10:0x00000009 x10=0x00000009
          20028	     10010	001002b4	00900613	addi	x12,x0,9	  x0:0x00000000 x12=0x00000009
          20032	     10012	001002b8	f2a67ae3	bgeu	x12,x10,1001ec	 x12:0x00000009 x10:0x00000009
          20036	     10014	001001ec	03050893	addi	x17,x10,48	 x10:0x00000009 x17=0x00000039
          20038	     10015	001001f0	00020e37	lui	x28,0x20	 x28=0x00020000
          20042	     10017	001001f4	011e2023	sw	x17,0(x28)	 x28:0x00020000 x17:0x00000039 PA:0x00020000 store:0x00000039 load:0x00000000
          20046	     10019	001001f8	00008067	jalr	x0,0(x1)	  x1:0x0010137c  x0=0x00000000
          20048	     10020	0010137c	a18b0513	addi	x10,x22,-1512	 x22:0x00102000 x10=0x00101a18
          20052	     10022	00101380	d21fe0ef	jal	x1,1000a0	  x1=0x00101384
          20056	     10024	001000a0	00054803	lbu	x16,0(x10)	 x10:0x00101a18 x16=0x00000020 PA:0x00101a18 store:0x00000000
          20058	     10025	001000a4	06080663	beq	x16,x0,100110	 x16:0x00000020  x0:0x00000000
          20060	     10026	001000a8	000207b7	lui	x15,0x20	 x15=0x00020000
          20064	     10028	001000ac	0107a023	sw	x16,0(x15)	 x15:0x00020000 x16:0x00000020 PA:0x00020000 store:0x00000020 load:0x00000000
          20068	     10030	001000b0	00154703	lbu	x14,1(x10)	 x10:0x00101a18 x14=0x00000072 PA:0x00101a19 store:0x00101384
          20070	     10031	001000b4	04070e63	beq	x14,x0,100110	 x14:0x00000072  x0:0x00000000
          20074	     10033	001000b8	00e7a023	sw	x14,0(x15)	 x15:0x00020000 x14:0x00000072 PA:0x00020000 store:0x00000072 load:0x00000000
          20078	     10035	001000bc	00254283	lbu	x5,2(x10)	 x10:0x00101a18  x5=0x00000065 PA:0x00101a1a store:0x00137fa0
          20080	     10036	001000c0	04028863	beq	x5,x0,100110	  x5:0x00000065  x0:0x00000000
          20084	     10038	001000c4	0057a023	sw	x5,0(x15)	 x15:0x00020000  x5:0x00000065 PA:0x00020000 store:0x00000065 load:0x00000000
          20088	     10040	001000c8	00354303	lbu	x6,3(x10)	 x10:0x00101a18  x6=0x00000073 PA:0x00101a1b store:0x00000000
          20090	     10041	001000cc	04030263	beq	x6,x0,100110	  x6:0x00000073  x0:0x00000000
          20094	     10043	001000d0	0067a023	sw	x6,0(x15)	 x15:0x00020000  x6:0x00000073 PA:0x00020000 store:0x00000073 load:0x00000000
          20098	     10045	001000d4	00454383	lbu	x7,4(x10)	 x10:0x00101a18  x7=0x00000075 PA:0x00101a1c store:0x00000000
          20100	     10046	001000d8	02038c63	beq	x7,x0,100110	  x7:0x00000075  x0:0x00000000
          20104	     10048	001000dc	0077a023	sw	x7,0(x15)	 x15:0x00020000  x7:0x00000075 PA:0x00020000 store:0x00000075 load:0x00000000
          20108	     10050	001000e0	00554583	lbu	x11,5(x10)	 x10:0x00101a18 x11=0x0000006c PA:0x00101a1d store:0x00000065
          20110	     10051	001000e4	02058663	beq	x11,x0,100110	 x11:0x0000006c  x0:0x00000000
          20114	     10053	001000e8	00b7a023	sw	x11,0(x15)	 x15:0x00020000 x11:0x0000006c PA:0x00020000 store:0x0000006c load:0x00000000
          20118	     10055	001000ec	00654603	lbu	x12,6(x10)	 x10:0x00101a18 x12=0x00000074 PA:0x00101a1e store:0x00000073
          20120	     10056	001000f0	02060063	beq	x12,x0,100110	 x12:0x00000074  x0:0x00000000
          20124	     10058	001000f4	00c7a023	sw	x12,0(x15)	 x15:0x00020000 x12:0x00000074 PA:0x00020000 store:0x00000074 load:0x00000000
          20128	     10060	001000f8	00754683	lbu	x13,7(x10)	 x10:0x00101a18 x13=0x0000003a PA:0x00101a1f store:0x00000075
          20130	     10061	001000fc	00850513	addi	x10,x10,8	 x10:0x00101a18 x10=0x00101a20
          20132	     10062	00100100	00068863	beq	x13,x0,100110	 x13:0x0000003a  x0:0x00000000
          20136	     10064	00100104	00d7a023	sw	x13,0(x15)	 x15:0x00020000 x13:0x0000003a PA:0x00020000 store:0x0000003a load:0x00000000
          20140	     10066	00100108	00054803	lbu	x16,0(x10)	 x10:0x00101a20 x16=0x00000020 PA:0x00101a20 store:0x00000000
          20144	     10068	0010010c	fa0810e3	bne	x16,x0,1000ac	 x16:0x00000020  x0:0x00000000
          20150	     10071	001000ac	0107a023	sw	x16,0(x15)	 x15:0x00020000 x16:0x00000020 PA:0x00020000 store:0x00000020 load:0x00000000
          20154	     10073	001000b0	00154703	lbu	x14,1(x10)	 x10:0x00101a20 x14=0x00000000 PA:0x00101a21 store:0x00101384
          20158	     10075	001000b4	04070e63	beq	x14,x0,100110	 x14:0x00000000  x0:0x00000000
          20162	     10077	00100110	00000513	addi	x10,x0,0	  x0:0x00000000 x10=0x00000000
          20166	     10079	00100114	00008067	jalr	x0,0(x1)	  x1:0x00101384  x0=0x00000000
          20170	     10081	00101384	cf8a2503	lw	x10,-776(x20)	 x20:0x00102000 x10=0x3f80c5e1 PA:0x00101cf8 store:0x00000008
          20172	     10082	00101388	002c0d93	addi	x27,x24,2	 x24:0x00000008 x27=0x0000000a
          20176	     10084	0010138c	d95fe0ef	jal	x1,100120	  x1=0x00101390
          20178	     10085	00100120	01c55793	srli	x15,x10,0x1c	 x10:0x3f80c5e1 x15=0x00000003
          20180	     10086	00100124	00900713	addi	x14,x0,9	  x0:0x00000000 x14=0x00000009
          20184	     10088	00100128	0cf77a63	bgeu	x14,x15,1001fc	 x14:0x00000009 x15:0x00000003
          20188	     10090	001001fc	03078393	addi	x7,x15,48	 x15:0x00000003  x7=0x00000033
          20190	     10091	00100200	000205b7	lui	x11,0x20	 x11=0x00020000
          20192	     10092	00100204	00451613	slli	x12,x10,0x4	 x10:0x3f80c5e1 x12=0xf80c5e10
          20196	     10094	00100208	0075a023	sw	x7,0(x11)	 x11:0x00020000  x7:0x00000033 PA:0x00020000 store:0x00000033 load:0x00000000
          20198	     10095	0010020c	01c65693	srli	x13,x12,0x1c	 x12:0xf80c5e10 x13=0x0000000f
          20200	     10096	00100210	00900813	addi	x16,x0,9	  x0:0x00000000 x16=0x00000009
          20204	     10098	00100214	f2d86ae3	bltu	x16,x13,100148	 x16:0x00000009 x13:0x0000000f
          20208	     10100	00100148	03768893	addi	x17,x13,55	 x13:0x0000000f x17=0x00000046
          20210	     10101	0010014c	00020e37	lui	x28,0x20	 x28=0x00020000
          20212	     10102	00100150	00851f93	slli	x31,x10,0x8	 x10:0x3f80c5e1 x31=0x80c5e100
          20216	     10104	00100154	011e2023	sw	x17,0(x28)	 x28:0x00020000 x17:0x00000046 PA:0x00020000 store:0x00000046 load:0x00000000
          20218	     10105	00100158	01cfd793	srli	x15,x31,0x1c	 x31:0x80c5e100 x15=0x00000008
          20220	     10106	0010015c	00900713	addi	x14,x0,9	  x0:0x00000000 x14=0x00000009
          20224	     10108	00100160	0cf77a63	bgeu	x14,x15,100234	 x14:0x00000009 x15:0x00000008
          20228	     10110	00100234	03078393	addi	x7,x15,48	 x15:0x00000008  x7=0x00000038
          20230	     10111	00100238	000205b7	lui	x11,0x20	 x11=0x00020000
          20232	     10112	0010023c	00c51613	slli	x12,x10,0xc	 x10:0x3f80c5e1 x12=0x0c5e1000
          20236	     10114	00100240	0075a023	sw	x7,0(x11)	 x11:0x00020000  x7:0x00000038 PA:0x00020000 store:0x00000038 load:0x00000000
          20238	     10115	00100244	01c65693	srli	x13,x12,0x1c	 x12:0x0c5e1000 x13=0x00000000
          20240	     10116	00100248	00900813	addi	x16,x0,9	  x0:0x00000000 x16=0x00000009
          20242	     10117	0010024c	f2d86ae3	bltu	x16,x13,100180	 x16:0x00000009 x13:0x00000000
          20244	     10118	00100250	03068e93	addi	x29,x13,48	 x13:0x00000000 x29=0x00000030
          20246	     10119	00100254	00020f37	lui	x30,0x20	 x30=0x00020000
          20248	     10120	00100258	01051f93	slli	x31,x10,0x10	 x10:0x3f80c5e1 x31=0xc5e10000
          20252	     10122	0010025c	01df2023	sw	x29,0(x30)	 x30:0x00020000 x29:0x00000030 PA:0x00020000 store:0x00000030 load:0x00000000
          20254	     10123	00100260	01cfd793	srli	x15,x31,0x1c	 x31:0xc5e10000 x15=0x0000000c
          20256	     10124	00100264	00900713	addi	x14,x0,9	  x0:0x00000000 x14=0x00000009
          20260	     10126	00100268	f2f76ae3	bltu	x14,x15,10019c	 x14:0x00000009 x15:0x0000000c
          20264	     10128	0010019c	03778293	addi	x5,x15,55	 x15:0x0000000c  x5=0x00000043
          20266	     10129	001001a0	00020337	lui	x6,0x20	  x6=0x00020000
          20268	     10130	001001a4	01451613	slli	x12,x10,0x14	 x10:0x3f80c5e1 x12=0x5e100000
          20272	     10132	001001a8	00532023	sw	x5,0(x6)	  x6:0x00020000  x5:0x00000043 PA:0x00020000 store:0x00000043 load:0x00000000
          20274	     10133	001001ac	01c65693	srli	x13,x12,0x1c	 x12:0x5e100000 x13=0x00000005
          20276	     10134	001001b0	00900813	addi	x16,x0,9	  x0:0x00000000 x16=0x00000009
          20280	     10136	001001b4	0cd87a63	bgeu	x16,x13,100288	 x16:0x00000009 x13:0x00000005
          20284	     10138	00100288	03068e93	addi	x29,x13,48	 x13:0x00000005 x29=0x00000035
          20286	     10139	0010028c	00020f37	lui	x30,0x20	 x30=0x00020000
          20288	     10140	00100290	01851f93	slli	x31,x10,0x18	 x10:0x3f80c5e1 x31=0xe1000000
          20292	     10142	00100294	01df2023	sw	x29,0(x30)	 x30:0x00020000 x29:0x00000035 PA:0x00020000 store:0x00000035 load:0x00000000
          20294	     10143	00100298	01cfd793	srli	x15,x31,0x1c	 x31:0xe1000000 x15=0x0000000e
          20296	     10144	0010029c	00900713	addi	x14,x0,9	  x0:0x00000000 x14=0x00000009
          20300	     10146	001002a0	f2f76ae3	bltu	x14,x15,1001d4	 x14:0x00000009 x15:0x0000000e
          20304	     10148	001001d4	03778293	addi	x5,x15,55	 x15:0x0000000e  x5=0x00000045
          20306	     10149	001001d8	00020337	lui	x6,0x20	  x6=0x00020000
          20310	     10151	001001dc	00532023	sw	x5,0(x6)	  x6:0x00020000  x5:0x00000045 PA:0x00020000 store:0x00000045 load:0x00000000
          20312	     10152	001001e0	00f57513	andi	x10,x10,15	 x10:0x3f80c5e1 x10=0x00000001
          20314	     10153	001001e4	00900613	addi	x12,x0,9	  x0:0x00000000 x12=0x00000009
          20316	     10154	001001e8	0ca66a63	bltu	x12,x10,1002bc	 x12:0x00000009 x10:0x00000001
          20318	     10155	001001ec	03050893	addi	x17,x10,48	 x10:0x00000001 x17=0x00000031
          20320	     10156	001001f0	00020e37	lui	x28,0x20	 x28=0x00020000
          20324	     10158	001001f4	011e2023	sw	x17,0(x28)	 x28:0x00020000 x17:0x00000031 PA:0x00020000 store:0x00000031 load:0x00000000
          20334	     10163	001001f8	00008067	jalr	x0,0(x1)	  x1:0x00101390  x0=0x00000000
          20336	     10164	00101390	d089a807	flw	f16,-760(x19)	 f19:0x00102000 f16=0x00000000 PA:0x00101d08 store:0x3f818cf4
          20358	     10175	00101394	a10a8513	addi	x10,x21,-1520	 x21:0x00102000 x10=0x00101a10
          20360	     10176	00101398	580878d3	fsqrt.s	f17,f16	 f16:0x00000009 f17=0x00000000
          20362	     10177	0010139c	d119a427	fsw	f17,-760(x19)	 f19:0x00102000 f17:0x00000031 PA:0x00101d08 store:0x3f8062ca load:0x3f80c5e1
          20364	     10178	001013a0	d089a907	flw	f18,-760(x19)	 f19:0x00102000 f18=0x00000000 PA:0x00101d08 store:0x3f818cf4
          20366	     10179	001013a4	e00907d3	fmv.x.w	x15,f18	 f18:0x00102000 x15=0x3f8062ca
          20368	     10180	001013a8	cefa2c23	sw	x15,-776(x20)	 x20:0x00102000 x15:0x3f8062ca PA:0x00101cf8 store:0x3f8062ca load:0x3f8062ca
          20370	     10181	001013ac	cf5fe0ef	jal	x1,1000a0	  x1=0x001013b0
          20374	     10183	001000a0	00054803	lbu	x16,0(x10)	 x10:0x00101a10 x16=0x0000000a PA:0x00101a10 store:0x00000000
          20376	     10184	001000a4	06080663	beq	x16,x0,100110	 x16:0x0000000a  x0:0x00000000
          20378	     10185	001000a8	000207b7	lui	x15,0x20	 x15=0x00020000
          20382	     10187	001000ac	0107a023	sw	x16,0(x15)	 x15:0x00020000 x16:0x0000000a PA:0x00020000 store:0x0000000a load:0x00000000
          20386	     10189	001000b0	00154703	lbu	x14,1(x10)	 x10:0x00101a10 x14=0x00000020 PA:0x00101a11 store:0x001013b0
          20388	     10190	001000b4	04070e63	beq	x14,x0,100110	 x14:0x00000020  x0:0x00000000
          20392	     10192	001000b8	00e7a023	sw	x14,0(x15)	 x15:0x00020000 x14:0x00000020 PA:0x00020000 store:0x00000020 load:0x00000000
          20396	     10194	001000bc	00254283	lbu	x5,2(x10)	 x10:0x00101a10  x5=0x00000069 PA:0x00101a12 store:0x00137fa0
          20398	     10195	001000c0	04028863	beq	x5,x0,100110	  x5:0x00000069  x0:0x00000000
          20402	     10197	001000c4	0057a023	sw	x5,0(x15)	 x15:0x00020000  x5:0x00000069 PA:0x00020000 store:0x00000069 load:0x00000000
          20406	     10199	001000c8	00354303	lbu	x6,3(x10)	 x10:0x00101a10  x6=0x0000003d PA:0x00101a13 store:0x00000000
          20408	     10200	001000cc	04030263	beq	x6,x0,100110	  x6:0x0000003d  x0:0x00000000
          20412	     10202	001000d0	0067a023	sw	x6,0(x15)	 x15:0x00020000  x6:0x0000003d PA:0x00020000 store:0x0000003d load:0x00000000
          20416	     10204	001000d4	00454383	lbu	x7,4(x10)	 x10:0x00101a10  x7=0x00000000 PA:0x00101a14 store:0x00000000
          20420	     10206	001000d8	02038c63	beq	x7,x0,100110	  x7:0x00000000  x0:0x00000000
          20424	     10208	00100110	00000513	addi	x10,x0,0	  x0:0x00000000 x10=0x00000000
          20428	     10210	00100114	00008067	jalr	x0,0(x1)	  x1:0x001013b0  x0=0x00000000
          20430	     10211	001013b0	000d8513	addi	x10,x27,0	 x27:0x0000000a x10=0x0000000a
          20434	     10213	001013b4	d6dfe0ef	jal	x1,100120	  x1=0x001013b8
          20436	     10214	00100120	01c55793	srli	x15,x10,0x1c	 x10:0x0000000a x15=0x00000000
          20438	     10215	00100124	00900713	addi	x14,x0,9	  x0:0x00000000 x14=0x00000009
          20442	     10217	00100128	0cf77a63	bgeu	x14,x15,1001fc	 x14:0x00000009 x15:0x00000000
          20446	     10219	001001fc	03078393	addi	x7,x15,48	 x15:0x00000000  x7=0x00000030
          20448	     10220	00100200	000205b7	lui	x11,0x20	 x11=0x00020000
          20450	     10221	00100204	00451613	slli	x12,x10,0x4	 x10:0x0000000a x12=0x000000a0
          20454	     10223	00100208	0075a023	sw	x7,0(x11)	 x11:0x00020000  x7:0x00000030 PA:0x00020000 store:0x00000030 load:0x00000000
          20456	     10224	0010020c	01c65693	srli	x13,x12,0x1c	 x12:0x000000a0 x13=0x00000000
          20458	     10225	00100210	00900813	addi	x16,x0,9	  x0:0x00000000 x16=0x00000009
          20460	     10226	00100214	f2d86ae3	bltu	x16,x13,100148	 x16:0x00000009 x13:0x00000000
          20462	     10227	00100218	03068e93	addi	x29,x13,48	 x13:0x00000000 x29=0x00000030
          20464	     10228	0010021c	00020f37	lui	x30,0x20	 x30=0x00020000
          20466	     10229	00100220	00851f93	slli	x31,x10,0x8	 x10:0x0000000a x31=0x00000a00
          20470	     10231	00100224	01df2023	sw	x29,0(x30)	 x30:0x00020000 x29:0x00000030 PA:0x00020000 store:0x00000030 load:0x00000000
          20472	     10232	00100228	01cfd793	srli	x15,x31,0x1c	 x31:0x00000a00 x15=0x00000000
          20474	     10233	0010022c	00900713	addi	x14,x0,9	  x0:0x00000000 x14=0x00000009
          20476	     10234	00100230	f2f76ae3	bltu	x14,x15,100164	 x14:0x00000009 x15:0x00000000
          20478	     10235	00100234	03078393	addi	x7,x15,48	 x15:0x00000000  x7=0x00000030
          20480	     10236	00100238	000205b7	lui	x11,0x20	 x11=0x00020000
          20482	     10237	0010023c	00c51613	slli	x12,x10,0xc	 x10:0x0000000a x12=0x0000a000
          20486	     10239	00100240	0075a023	sw	x7,0(x11)	 x11:0x00020000  x7:0x00000030 PA:0x00020000 store:0x00000030 load:0x00000000
          20488	     10240	00100244	01c65693	srli	x13,x12,0x1c	 x12:0x0000a000 x13=0x00000000
          20490	     10241	00100248	00900813	addi	x16,x0,9	  x0:0x00000000 x16=0x00000009
          20492	     10242	0010024c	f2d86ae3	bltu	x16,x13,100180	 x16:0x00000009 x13:0x00000000
          20494	     10243	00100250	03068e93	addi	x29,x13,48	 x13:0x00000000 x29=0x00000030
          20496	     10244	00100254	00020f37	lui	x30,0x20	 x30=0x00020000
          20498	     10245	00100258	01051f93	slli	x31,x10,0x10	 x10:0x0000000a x31=0x000a0000
          20502	     10247	0010025c	01df2023	sw	x29,0(x30)	 x30:0x00020000 x29:0x00000030 PA:0x00020000 store:0x00000030 load:0x00000000
          20504	     10248	00100260	01cfd793	srli	x15,x31,0x1c	 x31:0x000a0000 x15=0x00000000
          20506	     10249	00100264	00900713	addi	x14,x0,9	  x0:0x00000000 x14=0x00000009
          20508	     10250	00100268	f2f76ae3	bltu	x14,x15,10019c	 x14:0x00000009 x15:0x00000000
          20510	     10251	0010026c	03078393	addi	x7,x15,48	 x15:0x00000000  x7=0x00000030
          20512	     10252	00100270	000205b7	lui	x11,0x20	 x11=0x00020000
          20514	     10253	00100274	01451613	slli	x12,x10,0x14	 x10:0x0000000a x12=0x00a00000
          20518	     10255	00100278	0075a023	sw	x7,0(x11)	 x11:0x00020000  x7:0x00000030 PA:0x00020000 store:0x00000030 load:0x00000000
          20520	     10256	0010027c	01c65693	srli	x13,x12,0x1c	 x12:0x00a00000 x13=0x00000000
          20522	     10257	00100280	00900813	addi	x16,x0,9	  x0:0x00000000 x16=0x00000009
          20524	     10258	00100284	f2d86ae3	bltu	x16,x13,1001b8	 x16:0x00000009 x13:0x00000000
          20526	     10259	00100288	03068e93	addi	x29,x13,48	 x13:0x00000000 x29=0x00000030
          20528	     10260	0010028c	00020f37	lui	x30,0x20	 x30=0x00020000
          20530	     10261	00100290	01851f93	slli	x31,x10,0x18	 x10:0x0000000a x31=0x0a000000
          20534	     10263	00100294	01df2023	sw	x29,0(x30)	 x30:0x00020000 x29:0x00000030 PA:0x00020000 store:0x00000030 load:0x00000000
          20536	     10264	00100298	01cfd793	srli	x15,x31,0x1c	 x31:0x0a000000 x15=0x00000000
          20538	     10265	0010029c	00900713	addi	x14,x0,9	  x0:0x00000000 x14=0x00000009
          20540	     10266	001002a0	f2f76ae3	bltu	x14,x15,1001d4	 x14:0x00000009 x15:0x00000000
          20542	     10267	001002a4	03078393	addi	x7,x15,48	 x15:0x00000000  x7=0x00000030
          20544	     10268	001002a8	000205b7	lui	x11,0x20	 x11=0x00020000
          20548	     10270	001002ac	0075a023	sw	x7,0(x11)	 x11:0x00020000  x7:0x00000030 PA:0x00020000 store:0x00000030 load:0x00000000
          20550	     10271	001002b0	00f57513	andi	x10,x10,15	 x10:0x0000000a x10=0x0000000a
          20552	     10272	001002b4	00900613	addi	x12,x0,9	  x0:0x00000000 x12=0x00000009
          20554	     10273	001002b8	f2a67ae3	bgeu	x12,x10,1001ec	 x12:0x00000009 x10:0x0000000a
          20556	     10274	001002bc	03750693	addi	x13,x10,55	 x10:0x0000000a x13=0x00000041
          20558	     10275	001002c0	00020837	lui	x16,0x20	 x16=0x00020000
          20562	     10277	001002c4	00d82023	sw	x13,0(x16)	 x16:0x00020000 x13:0x00000041 PA:0x00020000 store:0x00000041 load:0x00000000
          20566	     10279	001002c8	00008067	jalr	x0,0(x1)	  x1:0x001013b8  x0=0x00000000
          20568	     10280	001013b8	a18b0513	addi	x10,x22,-1512	 x22:0x00102000 x10=0x00101a18
          20572	     10282	001013bc	ce5fe0ef	jal	x1,1000a0	  x1=0x001013c0
          20576	     10284	001000a0	00054803	lbu	x16,0(x10)	 x10:0x00101a18 x16=0x00000020 PA:0x00101a18 store:0x00000000
          20578	     10285	001000a4	06080663	beq	x16,x0,100110	 x16:0x00000020  x0:0x00000000
          20580	     10286	001000a8	000207b7	lui	x15,0x20	 x15=0x00020000
          20584	     10288	001000ac	0107a023	sw	x16,0(x15)	 x15:0x00020000 x16:0x00000020 PA:0x00020000 store:0x00000020 load:0x00000000
          20588	     10290	001000b0	00154703	lbu	x14,1(x10)	 x10:0x00101a18 x14=0x00000072 PA:0x00101a19 store:0x001013c0
          20590	     10291	001000b4	04070e63	beq	x14,x0,100110	 x14:0x00000072  x0:0x00000000
          20594	     10293	001000b8	00e7a023	sw	x14,0(x15)	 x15:0x00020000 x14:0x00000072 PA:0x00020000 store:0x00000072 load:0x00000000
          20598	     10295	001000bc	00254283	lbu	x5,2(x10)	 x10:0x00101a18  x5=0x00000065 PA:0x00101a1a store:0x00137fa0
          20600	     10296	001000c0	04028863	beq	x5,x0,100110	  x5:0x00000065  x0:0x00000000
          20604	     10298	001000c4	0057a023	sw	x5,0(x15)	 x15:0x00020000  x5:0x00000065 PA:0x00020000 store:0x00000065 load:0x00000000
          20608	     10300	001000c8	00354303	lbu	x6,3(x10)	 x10:0x00101a18  x6=0x00000073 PA:0x00101a1b store:0x00000000
          20610	     10301	001000cc	04030263	beq	x6,x0,100110	  x6:0x00000073  x0:0x00000000
          20614	     10303	001000d0	0067a023	sw	x6,0(x15)	 x15:0x00020000  x6:0x00000073 PA:0x00020000 store:0x00000073 load:0x00000000
          20618	     10305	001000d4	00454383	lbu	x7,4(x10)	 x10:0x00101a18  x7=0x00000075 PA:0x00101a1c store:0x00000000
          20620	     10306	001000d8	02038c63	beq	x7,x0,100110	  x7:0x00000075  x0:0x00000000
          20624	     10308	001000dc	0077a023	sw	x7,0(x15)	 x15:0x00020000  x7:0x00000075 PA:0x00020000 store:0x00000075 load:0x00000000
          20628	     10310	001000e0	00554583	lbu	x11,5(x10)	 x10:0x00101a18 x11=0x0000006c PA:0x00101a1d store:0x00000065
          20630	     10311	001000e4	02058663	beq	x11,x0,100110	 x11:0x0000006c  x0:0x00000000
          20634	     10313	001000e8	00b7a023	sw	x11,0(x15)	 x15:0x00020000 x11:0x0000006c PA:0x00020000 store:0x0000006c load:0x00000000
          20638	     10315	001000ec	00654603	lbu	x12,6(x10)	 x10:0x00101a18 x12=0x00000074 PA:0x00101a1e store:0x00000073
          20640	     10316	001000f0	02060063	beq	x12,x0,100110	 x12:0x00000074  x0:0x00000000
          20644	     10318	001000f4	00c7a023	sw	x12,0(x15)	 x15:0x00020000 x12:0x00000074 PA:0x00020000 store:0x00000074 load:0x00000000
          20648	     10320	001000f8	00754683	lbu	x13,7(x10)	 x10:0x00101a18 x13=0x0000003a PA:0x00101a1f store:0x00000075
          20650	     10321	001000fc	00850513	addi	x10,x10,8	 x10:0x00101a18 x10=0x00101a20
          20652	     10322	00100100	00068863	beq	x13,x0,100110	 x13:0x0000003a  x0:0x00000000
          20656	     10324	00100104	00d7a023	sw	x13,0(x15)	 x15:0x00020000 x13:0x0000003a PA:0x00020000 store:0x0000003a load:0x00000000
          20660	     10326	00100108	00054803	lbu	x16,0(x10)	 x10:0x00101a20 x16=0x00000020 PA:0x00101a20 store:0x00000000
          20664	     10328	0010010c	fa0810e3	bne	x16,x0,1000ac	 x16:0x00000020  x0:0x00000000
          20670	     10331	001000ac	0107a023	sw	x16,0(x15)	 x15:0x00020000 x16:0x00000020 PA:0x00020000 store:0x00000020 load:0x00000000
          20674	     10333	001000b0	00154703	lbu	x14,1(x10)	 x10:0x00101a20 x14=0x00000000 PA:0x00101a21 store:0x001013c0
          20678	     10335	001000b4	04070e63	beq	x14,x0,100110	 x14:0x00000000  x0:0x00000000
          20682	     10337	00100110	00000513	addi	x10,x0,0	  x0:0x00000000 x10=0x00000000
          20686	     10339	00100114	00008067	jalr	x0,0(x1)	  x1:0x001013c0  x0=0x00000000
          20690	     10341	001013c0	cf8a2503	lw	x10,-776(x20)	 x20:0x00102000 x10=0x3f8062ca PA:0x00101cf8 store:0x00000008
          20692	     10342	001013c4	003c0d93	addi	x27,x24,3	 x24:0x00000008 x27=0x0000000b
          20694	     10343	001013c8	004c0c13	addi	x24,x24,4	 x24:0x00000008 x24=0x0000000c
          20698	     10345	001013cc	d55fe0ef	jal	x1,100120	  x1=0x001013d0
          20700	     10346	00100120	01c55793	srli	x15,x10,0x1c	 x10:0x3f8062ca x15=0x00000003
          20702	     10347	00100124	00900713	addi	x14,x0,9	  x0:0x00000000 x14=0x00000009
          20706	     10349	00100128	0cf77a63	bgeu	x14,x15,1001fc	 x14:0x00000009 x15:0x00000003
          20710	     10351	001001fc	03078393	addi	x7,x15,48	 x15:0x00000003  x7=0x00000033
          20712	     10352	00100200	000205b7	lui	x11,0x20	 x11=0x00020000
          20714	     10353	00100204	00451613	slli	x12,x10,0x4	 x10:0x3f8062ca x12=0xf8062ca0
          20718	     10355	00100208	0075a023	sw	x7,0(x11)	 x11:0x00020000  x7:0x00000033 PA:0x00020000 store:0x00000033 load:0x00000000
          20720	     10356	0010020c	01c65693	srli	x13,x12,0x1c	 x12:0xf8062ca0 x13=0x0000000f
          20722	     10357	00100210	00900813	addi	x16,x0,9	  x0:0x00000000 x16=0x00000009
          20726	     10359	00100214	f2d86ae3	bltu	x16,x13,100148	 x16:0x00000009 x13:0x0000000f
          20730	     10361	00100148	03768893	addi	x17,x13,55	 x13:0x0000000f x17=0x00000046
          20732	     10362	0010014c	00020e37	lui	x28,0x20	 x28=0x00020000
          20734	     10363	00100150	00851f93	slli	x31,x10,0x8	 x10:0x3f8062ca x31=0x8062ca00
          20738	     10365	00100154	011e2023	sw	x17,0(x28)	 x28:0x00020000 x17:0x00000046 PA:0x00020000 store:0x00000046 load:0x00000000
          20740	     10366	00100158	01cfd793	srli	x15,x31,0x1c	 x31:0x8062ca00 x15=0x00000008
          20742	     10367	0010015c	00900713	addi	x14,x0,9	  x0:0x00000000 x14=0x00000009
          20746	     10369	00100160	0cf77a63	bgeu	x14,x15,100234	 x14:0x00000009 x15:0x00000008
          20750	     10371	00100234	03078393	addi	x7,x15,48	 x15:0x00000008  x7=0x00000038
          20752	     10372	00100238	000205b7	lui	x11,0x20	 x11=0x00020000
          20754	     10373	0010023c	00c51613	slli	x12,x10,0xc	 x10:0x3f8062ca x12=0x062ca000
          20758	     10375	00100240	0075a023	sw	x7,0(x11)	 x11:0x00020000  x7:0x00000038 PA:0x00020000 store:0x00000038 load:0x00000000
          20760	     10376	00100244	01c65693	srli	x13,x12,0x1c	 x12:0x062ca000 x13=0x00000000
          20762	     10377	00100248	00900813	addi	x16,x0,9	  x0:0x00000000 x16=0x00000009
          20764	     10378	0010024c	f2d86ae3	bltu	x16,x13,100180	 x16:0x00000009 x13:0x00000000
          20766	     10379	00100250	03068e93	addi	x29,x13,48	 x13:0x00000000 x29=0x00000030
          20768	     10380	00100254	00020f37	lui	x30,0x20	 x30=0x00020000
          20770	     10381	00100258	01051f93	slli	x31,x10,0x10	 x10:0x3f8062ca x31=0x62ca0000
          20774	     10383	0010025c	01df2023	sw	x29,0(x30)	 x30:0x00020000 x29:0x00000030 PA:0x00020000 store:0x00000030 load:0x00000000
          20776	     10384	00100260	01cfd793	srli	x15,x31,0x1c	 x31:0x62ca0000 x15=0x00000006
          20778	     10385	00100264	00900713	addi	x14,x0,9	  x0:0x00000000 x14=0x00000009
          20780	     10386	00100268	f2f76ae3	bltu	x14,x15,10019c	 x14:0x00000009 x15:0x00000006
          20782	     10387	0010026c	03078393	addi	x7,x15,48	 x15:0x00000006  x7=0x00000036
          20784	     10388	00100270	000205b7	lui	x11,0x20	 x11=0x00020000
          20786	     10389	00100274	01451613	slli	x12,x10,0x14	 x10:0x3f8062ca x12=0x2ca00000
          20790	     10391	00100278	0075a023	sw	x7,0(x11)	 x11:0x00020000  x7:0x00000036 PA:0x00020000 store:0x00000036 load:0x00000000
          20792	     10392	0010027c	01c65693	srli	x13,x12,0x1c	 x12:0x2ca00000 x13=0x00000002
          20794	     10393	00100280	00900813	addi	x16,x0,9	  x0:0x00000000 x16=0x00000009
          20796	     10394	00100284	f2d86ae3	bltu	x16,x13,1001b8	 x16:0x00000009 x13:0x00000002
          20798	     10395	00100288	03068e93	addi	x29,x13,48	 x13:0x00000002 x29=0x00000032
          20800	     10396	0010028c	00020f37	lui	x30,0x20	 x30=0x00020000
          20802	     10397	00100290	01851f93	slli	x31,x10,0x18	 x10:0x3f8062ca x31=0xca000000
          20806	     10399	00100294	01df2023	sw	x29,0(x30)	 x30:0x00020000 x29:0x00000032 PA:0x00020000 store:0x00000032 load:0x00000000
          20808	     10400	00100298	01cfd793	srli	x15,x31,0x1c	 x31:0xca000000 x15=0x0000000c
          20810	     10401	0010029c	00900713	addi	x14,x0,9	  x0:0x00000000 x14=0x00000009
          20814	     10403	001002a0	f2f76ae3	bltu	x14,x15,1001d4	 x14:0x00000009 x15:0x0000000c
          20818	     10405	001001d4	03778293	addi	x5,x15,55	 x15:0x0000000c  x5=0x00000043
          20820	     10406	001001d8	00020337	lui	x6,0x20	  x6=0x00020000
          20824	     10408	001001dc	00532023	sw	x5,0(x6)	  x6:0x00020000  x5:0x00000043 PA:0x00020000 store:0x00000043 load:0x00000000
          20826	     10409	001001e0	00f57513	andi	x10,x10,15	 x10:0x3f8062ca x10=0x0000000a
          20828	     10410	001001e4	00900613	addi	x12,x0,9	  x0:0x00000000 x12=0x00000009
          20832	     10412	001001e8	0ca66a63	bltu	x12,x10,1002bc	 x12:0x00000009 x10:0x0000000a
          20836	     10414	001002bc	03750693	addi	x13,x10,55	 x10:0x0000000a x13=0x00000041
          20838	     10415	001002c0	00020837	lui	x16,0x20	 x16=0x00020000
          20842	     10417	001002c4	00d82023	sw	x13,0(x16)	 x16:0x00020000 x13:0x00000041 PA:0x00020000 store:0x00000041 load:0x00000000
          20846	     10419	001002c8	00008067	jalr	x0,0(x1)	  x1:0x001013d0  x0=0x00000000
          20854	     10423	001013d0	a10a8513	addi	x10,x21,-1520	 x21:0x00102000 x10=0x00101a10
          20856	     10424	001013d4	d089a987	flw	f19,-760(x19)	 f19:0x00102000 f19=0x00000000 PA:0x00101d08 store:0x3f818cf4
          20876	     10434	001013d8	5809fa53	fsqrt.s	f20,f19	 f19:0x00102000 f20=0x00000000
          20878	     10435	001013dc	d149a427	fsw	f20,-760(x19)	 f19:0x00102000 f20:0x00102000 PA:0x00101d08 store:0x3f80315b load:0x3f8062ca
          20880	     10436	001013e0	d089aa87	flw	f21,-760(x19)	 f19:0x00102000 f21=0x00000000 PA:0x00101d08 store:0x3f818cf4
          20882	     10437	001013e4	e00a82d3	fmv.x.w	x5,f21	 f21:0x00102000  x5=0x3f80315b
          20884	     10438	001013e8	ce5a2c23	sw	x5,-776(x20)	 x20:0x00102000  x5:0x3f80315b PA:0x00101cf8 store:0x3f80315b load:0x3f80315b
          20888	     10440	001013ec	cb5fe0ef	jal	x1,1000a0	  x1=0x001013f0
          20892	     10442	001000a0	00054803	lbu	x16,0(x10)	 x10:0x00101a10 x16=0x0000000a PA:0x00101a10 store:0x00000000
          20894	     10443	001000a4	06080663	beq	x16,x0,100110	 x16:0x0000000a  x0:0x00000000
          20896	     10444	001000a8	000207b7	lui	x15,0x20	 x15=0x00020000
          20900	     10446	001000ac	0107a023	sw	x16,0(x15)	 x15:0x00020000 x16:0x0000000a PA:0x00020000 store:0x0000000a load:0x00000000
          20904	     10448	001000b0	00154703	lbu	x14,1(x10)	 x10:0x00101a10 x14=0x00000020 PA:0x00101a11 store:0x001013f0
          20906	     10449	001000b4	04070e63	beq	x14,x0,100110	 x14:0x00000020  x0:0x00000000
          20910	     10451	001000b8	00e7a023	sw	x14,0(x15)	 x15:0x00020000 x14:0x00000020 PA:0x00020000 store:0x00000020 load:0x00000000
          20914	     10453	001000bc	00254283	lbu	x5,2(x10)	 x10:0x00101a10  x5=0x00000069 PA:0x00101a12 store:0x00137fa0
          20916	     10454	001000c0	04028863	beq	x5,x0,100110	  x5:0x00000069  x0:0x00000000
          20920	     10456	001000c4	0057a023	sw	x5,0(x15)	 x15:0x00020000  x5:0x00000069 PA:0x00020000 store:0x00000069 load:0x00000000
          20924	     10458	001000c8	00354303	lbu	x6,3(x10)	 x10:0x00101a10  x6=0x0000003d PA:0x00101a13 store:0x00000000
          20926	     10459	001000cc	04030263	beq	x6,x0,100110	  x6:0x0000003d  x0:0x00000000
          20930	     10461	001000d0	0067a023	sw	x6,0(x15)	 x15:0x00020000  x6:0x0000003d PA:0x00020000 store:0x0000003d load:0x00000000
          20934	     10463	001000d4	00454383	lbu	x7,4(x10)	 x10:0x00101a10  x7=0x00000000 PA:0x00101a14 store:0x00000000
          20938	     10465	001000d8	02038c63	beq	x7,x0,100110	  x7:0x00000000  x0:0x00000000
          20942	     10467	00100110	00000513	addi	x10,x0,0	  x0:0x00000000 x10=0x00000000
          20946	     10469	00100114	00008067	jalr	x0,0(x1)	  x1:0x001013f0  x0=0x00000000
          20948	     10470	001013f0	000d8513	addi	x10,x27,0	 x27:0x0000000b x10=0x0000000b
          20952	     10472	001013f4	d2dfe0ef	jal	x1,100120	  x1=0x001013f8
          20954	     10473	00100120	01c55793	srli	x15,x10,0x1c	 x10:0x0000000b x15=0x00000000
          20956	     10474	00100124	00900713	addi	x14,x0,9	  x0:0x00000000 x14=0x00000009
          20960	     10476	00100128	0cf77a63	bgeu	x14,x15,1001fc	 x14:0x00000009 x15:0x00000000
          20964	     10478	001001fc	03078393	addi	x7,x15,48	 x15:0x00000000  x7=0x00000030
          20966	     10479	00100200	000205b7	lui	x11,0x20	 x11=0x00020000
          20968	     10480	00100204	00451613	slli	x12,x10,0x4	 x10:0x0000000b x12=0x000000b0
          20972	     10482	00100208	0075a023	sw	x7,0(x11)	 x11:0x00020000  x7:0x00000030 PA:0x00020000 store:0x00000030 load:0x00000000
          20974	     10483	0010020c	01c65693	srli	x13,x12,0x1c	 x12:0x000000b0 x13=0x00000000
          20976	     10484	00100210	00900813	addi	x16,x0,9	  x0:0x00000000 x16=0x00000009
          20978	     10485	00100214	f2d86ae3	bltu	x16,x13,100148	 x16:0x00000009 x13:0x00000000
          20980	     10486	00100218	03068e93	addi	x29,x13,48	 x13:0x00000000 x29=0x00000030
          20982	     10487	0010021c	00020f37	lui	x30,0x20	 x30=0x00020000
          20984	     10488	00100220	00851f93	slli	x31,x10,0x8	 x10:0x0000000b x31=0x00000b00
          20988	     10490	00100224	01df2023	sw	x29,0(x30)	 x30:0x00020000 x29:0x00000030 PA:0x00020000 store:0x00000030 load:0x00000000
          20990	     10491	00100228	01cfd793	srli	x15,x31,0x1c	 x31:0x00000b00 x15=0x00000000
          20992	     10492	0010022c	00900713	addi	x14,x0,9	  x0:0x00000000 x14=0x00000009
          20994	     10493	00100230	f2f76ae3	bltu	x14,x15,100164	 x14:0x00000009 x15:0x00000000
          20996	     10494	00100234	03078393	addi	x7,x15,48	 x15:0x00000000  x7=0x00000030
          20998	     10495	00100238	000205b7	lui	x11,0x20	 x11=0x00020000
          21000	     10496	0010023c	00c51613	slli	x12,x10,0xc	 x10:0x0000000b x12=0x0000b000
          21004	     10498	00100240	0075a023	sw	x7,0(x11)	 x11:0x00020000  x7:0x00000030 PA:0x00020000 store:0x00000030 load:0x00000000
          21006	     10499	00100244	01c65693	srli	x13,x12,0x1c	 x12:0x0000b000 x13=0x00000000
          21008	     10500	00100248	00900813	addi	x16,x0,9	  x0:0x00000000 x16=0x00000009
          21010	     10501	0010024c	f2d86ae3	bltu	x16,x13,100180	 x16:0x00000009 x13:0x00000000
          21012	     10502	00100250	03068e93	addi	x29,x13,48	 x13:0x00000000 x29=0x00000030
          21014	     10503	00100254	00020f37	lui	x30,0x20	 x30=0x00020000
          21016	     10504	00100258	01051f93	slli	x31,x10,0x10	 x10:0x0000000b x31=0x000b0000
          21020	     10506	0010025c	01df2023	sw	x29,0(x30)	 x30:0x00020000 x29:0x00000030 PA:0x00020000 store:0x00000030 load:0x00000000
          21022	     10507	00100260	01cfd793	srli	x15,x31,0x1c	 x31:0x000b0000 x15=0x00000000
          21024	     10508	00100264	00900713	addi	x14,x0,9	  x0:0x00000000 x14=0x00000009
          21026	     10509	00100268	f2f76ae3	bltu	x14,x15,10019c	 x14:0x00000009 x15:0x00000000
          21028	     10510	0010026c	03078393	addi	x7,x15,48	 x15:0x00000000  x7=0x00000030
          21030	     10511	00100270	000205b7	lui	x11,0x20	 x11=0x00020000
          21032	     10512	00100274	01451613	slli	x12,x10,0x14	 x10:0x0000000b x12=0x00b00000
          21036	     10514	00100278	0075a023	sw	x7,0(x11)	 x11:0x00020000  x7:0x00000030 PA:0x00020000 store:0x00000030 load:0x00000000
          21038	     10515	0010027c	01c65693	srli	x13,x12,0x1c	 x12:0x00b00000 x13=0x00000000
          21040	     10516	00100280	00900813	addi	x16,x0,9	  x0:0x00000000 x16=0x00000009
          21042	     10517	00100284	f2d86ae3	bltu	x16,x13,1001b8	 x16:0x00000009 x13:0x00000000
          21044	     10518	00100288	03068e93	addi	x29,x13,48	 x13:0x00000000 x29=0x00000030
          21046	     10519	0010028c	00020f37	lui	x30,0x20	 x30=0x00020000
          21048	     10520	00100290	01851f93	slli	x31,x10,0x18	 x10:0x0000000b x31=0x0b000000
          21052	     10522	00100294	01df2023	sw	x29,0(x30)	 x30:0x00020000 x29:0x00000030 PA:0x00020000 store:0x00000030 load:0x00000000
          21054	     10523	00100298	01cfd793	srli	x15,x31,0x1c	 x31:0x0b000000 x15=0x00000000
          21056	     10524	0010029c	00900713	addi	x14,x0,9	  x0:0x00000000 x14=0x00000009
          21058	     10525	001002a0	f2f76ae3	bltu	x14,x15,1001d4	 x14:0x00000009 x15:0x00000000
          21060	     10526	001002a4	03078393	addi	x7,x15,48	 x15:0x00000000  x7=0x00000030
          21062	     10527	001002a8	000205b7	lui	x11,0x20	 x11=0x00020000
          21066	     10529	001002ac	0075a023	sw	x7,0(x11)	 x11:0x00020000  x7:0x00000030 PA:0x00020000 store:0x00000030 load:0x00000000
          21068	     10530	001002b0	00f57513	andi	x10,x10,15	 x10:0x0000000b x10=0x0000000b
          21070	     10531	001002b4	00900613	addi	x12,x0,9	  x0:0x00000000 x12=0x00000009
          21072	     10532	001002b8	f2a67ae3	bgeu	x12,x10,1001ec	 x12:0x00000009 x10:0x0000000b
          21074	     10533	001002bc	03750693	addi	x13,x10,55	 x10:0x0000000b x13=0x00000042
          21076	     10534	001002c0	00020837	lui	x16,0x20	 x16=0x00020000
          21080	     10536	001002c4	00d82023	sw	x13,0(x16)	 x16:0x00020000 x13:0x00000042 PA:0x00020000 store:0x00000042 load:0x00000000
          21084	     10538	001002c8	00008067	jalr	x0,0(x1)	  x1:0x001013f8  x0=0x00000000
          21086	     10539	001013f8	a18b0513	addi	x10,x22,-1512	 x22:0x00102000 x10=0x00101a18
          21090	     10541	001013fc	ca5fe0ef	jal	x1,1000a0	  x1=0x00101400
          21094	     10543	001000a0	00054803	lbu	x16,0(x10)	 x10:0x00101a18 x16=0x00000020 PA:0x00101a18 store:0x00000000
          21096	     10544	001000a4	06080663	beq	x16,x0,100110	 x16:0x00000020  x0:0x00000000
          21098	     10545	001000a8	000207b7	lui	x15,0x20	 x15=0x00020000
          21102	     10547	001000ac	0107a023	sw	x16,0(x15)	 x15:0x00020000 x16:0x00000020 PA:0x00020000 store:0x00000020 load:0x00000000
          21106	     10549	001000b0	00154703	lbu	x14,1(x10)	 x10:0x00101a18 x14=0x00000072 PA:0x00101a19 store:0x00101400
          21108	     10550	001000b4	04070e63	beq	x14,x0,100110	 x14:0x00000072  x0:0x00000000
          21112	     10552	001000b8	00e7a023	sw	x14,0(x15)	 x15:0x00020000 x14:0x00000072 PA:0x00020000 store:0x00000072 load:0x00000000
          21116	     10554	001000bc	00254283	lbu	x5,2(x10)	 x10:0x00101a18  x5=0x00000065 PA:0x00101a1a store:0x00137fa0
          21118	     10555	001000c0	04028863	beq	x5,x0,100110	  x5:0x00000065  x0:0x00000000
          21122	     10557	001000c4	0057a023	sw	x5,0(x15)	 x15:0x00020000  x5:0x00000065 PA:0x00020000 store:0x00000065 load:0x00000000
          21126	     10559	001000c8	00354303	lbu	x6,3(x10)	 x10:0x00101a18  x6=0x00000073 PA:0x00101a1b store:0x00000000
          21128	     10560	001000cc	04030263	beq	x6,x0,100110	  x6:0x00000073  x0:0x00000000
          21132	     10562	001000d0	0067a023	sw	x6,0(x15)	 x15:0x00020000  x6:0x00000073 PA:0x00020000 store:0x00000073 load:0x00000000
          21136	     10564	001000d4	00454383	lbu	x7,4(x10)	 x10:0x00101a18  x7=0x00000075 PA:0x00101a1c store:0x00000000
          21138	     10565	001000d8	02038c63	beq	x7,x0,100110	  x7:0x00000075  x0:0x00000000
          21142	     10567	001000dc	0077a023	sw	x7,0(x15)	 x15:0x00020000  x7:0x00000075 PA:0x00020000 store:0x00000075 load:0x00000000
          21146	     10569	001000e0	00554583	lbu	x11,5(x10)	 x10:0x00101a18 x11=0x0000006c PA:0x00101a1d store:0x00000065
          21148	     10570	001000e4	02058663	beq	x11,x0,100110	 x11:0x0000006c  x0:0x00000000
          21152	     10572	001000e8	00b7a023	sw	x11,0(x15)	 x15:0x00020000 x11:0x0000006c PA:0x00020000 store:0x0000006c load:0x00000000
          21156	     10574	001000ec	00654603	lbu	x12,6(x10)	 x10:0x00101a18 x12=0x00000074 PA:0x00101a1e store:0x00000073
          21158	     10575	001000f0	02060063	beq	x12,x0,100110	 x12:0x00000074  x0:0x00000000
          21162	     10577	001000f4	00c7a023	sw	x12,0(x15)	 x15:0x00020000 x12:0x00000074 PA:0x00020000 store:0x00000074 load:0x00000000
          21166	     10579	001000f8	00754683	lbu	x13,7(x10)	 x10:0x00101a18 x13=0x0000003a PA:0x00101a1f store:0x00000075
          21168	     10580	001000fc	00850513	addi	x10,x10,8	 x10:0x00101a18 x10=0x00101a20
          21170	     10581	00100100	00068863	beq	x13,x0,100110	 x13:0x0000003a  x0:0x00000000
          21174	     10583	00100104	00d7a023	sw	x13,0(x15)	 x15:0x00020000 x13:0x0000003a PA:0x00020000 store:0x0000003a load:0x00000000
          21178	     10585	00100108	00054803	lbu	x16,0(x10)	 x10:0x00101a20 x16=0x00000020 PA:0x00101a20 store:0x00000000
          21182	     10587	0010010c	fa0810e3	bne	x16,x0,1000ac	 x16:0x00000020  x0:0x00000000
          21188	     10590	001000ac	0107a023	sw	x16,0(x15)	 x15:0x00020000 x16:0x00000020 PA:0x00020000 store:0x00000020 load:0x00000000
          21192	     10592	001000b0	00154703	lbu	x14,1(x10)	 x10:0x00101a20 x14=0x00000000 PA:0x00101a21 store:0x00101400
          21196	     10594	001000b4	04070e63	beq	x14,x0,100110	 x14:0x00000000  x0:0x00000000
          21200	     10596	00100110	00000513	addi	x10,x0,0	  x0:0x00000000 x10=0x00000000
          21204	     10598	00100114	00008067	jalr	x0,0(x1)	  x1:0x00101400  x0=0x00000000
          21208	     10600	00101400	cf8a2503	lw	x10,-776(x20)	 x20:0x00102000 x10=0x3f80315b PA:0x00101cf8 store:0x0000000c
          21212	     10602	00101404	d1dfe0ef	jal	x1,100120	  x1=0x00101408
          21214	     10603	00100120	01c55793	srli	x15,x10,0x1c	 x10:0x3f80315b x15=0x00000003
          21216	     10604	00100124	00900713	addi	x14,x0,9	  x0:0x00000000 x14=0x00000009
          21220	     10606	00100128	0cf77a63	bgeu	x14,x15,1001fc	 x14:0x00000009 x15:0x00000003
          21224	     10608	001001fc	03078393	addi	x7,x15,48	 x15:0x00000003  x7=0x00000033
          21226	     10609	00100200	000205b7	lui	x11,0x20	 x11=0x00020000
          21228	     10610	00100204	00451613	slli	x12,x10,0x4	 x10:0x3f80315b x12=0xf80315b0
          21232	     10612	00100208	0075a023	sw	x7,0(x11)	 x11:0x00020000  x7:0x00000033 PA:0x00020000 store:0x00000033 load:0x00000000
          21234	     10613	0010020c	01c65693	srli	x13,x12,0x1c	 x12:0xf80315b0 x13=0x0000000f
          21236	     10614	00100210	00900813	addi	x16,x0,9	  x0:0x00000000 x16=0x00000009
          21240	     10616	00100214	f2d86ae3	bltu	x16,x13,100148	 x16:0x00000009 x13:0x0000000f
          21244	     10618	00100148	03768893	addi	x17,x13,55	 x13:0x0000000f x17=0x00000046
          21246	     10619	0010014c	00020e37	lui	x28,0x20	 x28=0x00020000
          21248	     10620	00100150	00851f93	slli	x31,x10,0x8	 x10:0x3f80315b x31=0x80315b00
          21252	     10622	00100154	011e2023	sw	x17,0(x28)	 x28:0x00020000 x17:0x00000046 PA:0x00020000 store:0x00000046 load:0x00000000
          21254	     10623	00100158	01cfd793	srli	x15,x31,0x1c	 x31:0x80315b00 x15=0x00000008
          21256	     10624	0010015c	00900713	addi	x14,x0,9	  x0:0x00000000 x14=0x00000009
          21260	     10626	00100160	0cf77a63	bgeu	x14,x15,100234	 x14:0x00000009 x15:0x00000008
          21264	     10628	00100234	03078393	addi	x7,x15,48	 x15:0x00000008  x7=0x00000038
          21266	     10629	00100238	000205b7	lui	x11,0x20	 x11=0x00020000
          21268	     10630	0010023c	00c51613	slli	x12,x10,0xc	 x10:0x3f80315b x12=0x0315b000
          21272	     10632	00100240	0075a023	sw	x7,0(x11)	 x11:0x00020000  x7:0x00000038 PA:0x00020000 store:0x00000038 load:0x00000000
          21274	     10633	00100244	01c65693	srli	x13,x12,0x1c	 x12:0x0315b000 x13=0x00000000
          21276	     10634	00100248	00900813	addi	x16,x0,9	  x0:0x00000000 x16=0x00000009
          21278	     10635	0010024c	f2d86ae3	bltu	x16,x13,100180	 x16:0x00000009 x13:0x00000000
          21280	     10636	00100250	03068e93	addi	x29,x13,48	 x13:0x00000000 x29=0x00000030
          21282	     10637	00100254	00020f37	lui	x30,0x20	 x30=0x00020000
          21284	     10638	00100258	01051f93	slli	x31,x10,0x10	 x10:0x3f80315b x31=0x315b0000
          21288	     10640	0010025c	01df2023	sw	x29,0(x30)	 x30:0x00020000 x29:0x00000030 PA:0x00020000 store:0x00000030 load:0x00000000
          21290	     10641	00100260	01cfd793	srli	x15,x31,0x1c	 x31:0x315b0000 x15=0x00000003
          21292	     10642	00100264	00900713	addi	x14,x0,9	  x0:0x00000000 x14=0x00000009
          21294	     10643	00100268	f2f76ae3	bltu	x14,x15,10019c	 x14:0x00000009 x15:0x00000003
          21296	     10644	0010026c	03078393	addi	x7,x15,48	 x15:0x00000003  x7=0x00000033
          21298	     10645	00100270	000205b7	lui	x11,0x20	 x11=0x00020000
          21300	     10646	00100274	01451613	slli	x12,x10,0x14	 x10:0x3f80315b x12=0x15b00000
          21304	     10648	00100278	0075a023	sw	x7,0(x11)	 x11:0x00020000  x7:0x00000033 PA:0x00020000 store:0x00000033 load:0x00000000
          21306	     10649	0010027c	01c65693	srli	x13,x12,0x1c	 x12:0x15b00000 x13=0x00000001
          21308	     10650	00100280	00900813	addi	x16,x0,9	  x0:0x00000000 x16=0x00000009
          21310	     10651	00100284	f2d86ae3	bltu	x16,x13,1001b8	 x16:0x00000009 x13:0x00000001
          21312	     10652	00100288	03068e93	addi	x29,x13,48	 x13:0x00000001 x29=0x00000031
          21314	     10653	0010028c	00020f37	lui	x30,0x20	 x30=0x00020000
          21316	     10654	00100290	01851f93	slli	x31,x10,0x18	 x10:0x3f80315b x31=0x5b000000
          21320	     10656	00100294	01df2023	sw	x29,0(x30)	 x30:0x00020000 x29:0x00000031 PA:0x00020000 store:0x00000031 load:0x00000000
          21322	     10657	00100298	01cfd793	srli	x15,x31,0x1c	 x31:0x5b000000 x15=0x00000005
          21324	     10658	0010029c	00900713	addi	x14,x0,9	  x0:0x00000000 x14=0x00000009
          21326	     10659	001002a0	f2f76ae3	bltu	x14,x15,1001d4	 x14:0x00000009 x15:0x00000005
          21328	     10660	001002a4	03078393	addi	x7,x15,48	 x15:0x00000005  x7=0x00000035
          21330	     10661	001002a8	000205b7	lui	x11,0x20	 x11=0x00020000
          21334	     10663	001002ac	0075a023	sw	x7,0(x11)	 x11:0x00020000  x7:0x00000035 PA:0x00020000 store:0x00000035 load:0x00000000
          21336	     10664	001002b0	00f57513	andi	x10,x10,15	 x10:0x3f80315b x10=0x0000000b
          21338	     10665	001002b4	00900613	addi	x12,x0,9	  x0:0x00000000 x12=0x00000009
          21340	     10666	001002b8	f2a67ae3	bgeu	x12,x10,1001ec	 x12:0x00000009 x10:0x0000000b
          21342	     10667	001002bc	03750693	addi	x13,x10,55	 x10:0x0000000b x13=0x00000042
          21344	     10668	001002c0	00020837	lui	x16,0x20	 x16=0x00020000
          21348	     10670	001002c4	00d82023	sw	x13,0(x16)	 x16:0x00020000 x13:0x00000042 PA:0x00020000 store:0x00000042 load:0x00000000
          21352	     10672	001002c8	00008067	jalr	x0,0(x1)	  x1:0x00101408  x0=0x00000000
          21356	     10674	00101408	f1ac18e3	bne	x24,x26,101318	 x24:0x0000000c x26:0x00000014
          21364	     10678	00101318	d089a607	flw	f12,-760(x19)	 f19:0x00102000 f12=0x00000000 PA:0x00101d08 store:0x3f818cf4
          21386	     10689	0010131c	580676d3	fsqrt.s	f13,f12	 f12:0x00000009 f13=0x00000000
          21388	     10690	00101320	d0d9a427	fsw	f13,-760(x19)	 f19:0x00102000 f13:0x00000042 PA:0x00101d08 store:0x3f8018ab load:0x3f80315b
          21390	     10691	00101324	d089a387	flw	f7,-760(x19)	 f19:0x00102000  f7=0x00000000 PA:0x00101d08 store:0x3f818cf4
          21394	     10693	00101328	a10a8513	addi	x10,x21,-1520	 x21:0x00102000 x10=0x00101a10
          21396	     10694	0010132c	e00386d3	fmv.x.w	x13,f7	  f7:0x00000035 x13=0x3f8018ab
          21398	     10695	00101330	ceda2c23	sw	x13,-776(x20)	 x20:0x00102000 x13:0x3f8018ab PA:0x00101cf8 store:0x3f8018ab load:0x3f8018ab
          21400	     10696	00101334	d6dfe0ef	jal	x1,1000a0	  x1=0x00101338
          21404	     10698	001000a0	00054803	lbu	x16,0(x10)	 x10:0x00101a10 x16=0x0000000a PA:0x00101a10 store:0x00000000
          21406	     10699	001000a4	06080663	beq	x16,x0,100110	 x16:0x0000000a  x0:0x00000000
          21408	     10700	001000a8	000207b7	lui	x15,0x20	 x15=0x00020000
          21412	     10702	001000ac	0107a023	sw	x16,0(x15)	 x15:0x00020000 x16:0x0000000a PA:0x00020000 store:0x0000000a load:0x00000000
          21416	     10704	001000b0	00154703	lbu	x14,1(x10)	 x10:0x00101a10 x14=0x00000020 PA:0x00101a11 store:0x00101338
          21418	     10705	001000b4	04070e63	beq	x14,x0,100110	 x14:0x00000020  x0:0x00000000
          21422	     10707	001000b8	00e7a023	sw	x14,0(x15)	 x15:0x00020000 x14:0x00000020 PA:0x00020000 store:0x00000020 load:0x00000000
          21426	     10709	001000bc	00254283	lbu	x5,2(x10)	 x10:0x00101a10  x5=0x00000069 PA:0x00101a12 store:0x00137fa0
          21428	     10710	001000c0	04028863	beq	x5,x0,100110	  x5:0x00000069  x0:0x00000000
          21432	     10712	001000c4	0057a023	sw	x5,0(x15)	 x15:0x00020000  x5:0x00000069 PA:0x00020000 store:0x00000069 load:0x00000000
          21436	     10714	001000c8	00354303	lbu	x6,3(x10)	 x10:0x00101a10  x6=0x0000003d PA:0x00101a13 store:0x00000000
          21438	     10715	001000cc	04030263	beq	x6,x0,100110	  x6:0x0000003d  x0:0x00000000
          21442	     10717	001000d0	0067a023	sw	x6,0(x15)	 x15:0x00020000  x6:0x0000003d PA:0x00020000 store:0x0000003d load:0x00000000
          21446	     10719	001000d4	00454383	lbu	x7,4(x10)	 x10:0x00101a10  x7=0x00000000 PA:0x00101a14 store:0x00000000
          21450	     10721	001000d8	02038c63	beq	x7,x0,100110	  x7:0x00000000  x0:0x00000000
          21454	     10723	00100110	00000513	addi	x10,x0,0	  x0:0x00000000 x10=0x00000000
          21458	     10725	00100114	00008067	jalr	x0,0(x1)	  x1:0x00101338  x0=0x00000000
          21460	     10726	00101338	000c0513	addi	x10,x24,0	 x24:0x0000000c x10=0x0000000c
          21464	     10728	0010133c	de5fe0ef	jal	x1,100120	  x1=0x00101340
          21466	     10729	00100120	01c55793	srli	x15,x10,0x1c	 x10:0x0000000c x15=0x00000000
          21468	     10730	00100124	00900713	addi	x14,x0,9	  x0:0x00000000 x14=0x00000009
          21472	     10732	00100128	0cf77a63	bgeu	x14,x15,1001fc	 x14:0x00000009 x15:0x00000000
          21476	     10734	001001fc	03078393	addi	x7,x15,48	 x15:0x00000000  x7=0x00000030
          21478	     10735	00100200	000205b7	lui	x11,0x20	 x11=0x00020000
          21480	     10736	00100204	00451613	slli	x12,x10,0x4	 x10:0x0000000c x12=0x000000c0
          21484	     10738	00100208	0075a023	sw	x7,0(x11)	 x11:0x00020000  x7:0x00000030 PA:0x00020000 store:0x00000030 load:0x00000000
          21486	     10739	0010020c	01c65693	srli	x13,x12,0x1c	 x12:0x000000c0 x13=0x00000000
          21488	     10740	00100210	00900813	addi	x16,x0,9	  x0:0x00000000 x16=0x00000009
          21490	     10741	00100214	f2d86ae3	bltu	x16,x13,100148	 x16:0x00000009 x13:0x00000000
          21492	     10742	00100218	03068e93	addi	x29,x13,48	 x13:0x00000000 x29=0x00000030
          21494	     10743	0010021c	00020f37	lui	x30,0x20	 x30=0x00020000
          21496	     10744	00100220	00851f93	slli	x31,x10,0x8	 x10:0x0000000c x31=0x00000c00
          21500	     10746	00100224	01df2023	sw	x29,0(x30)	 x30:0x00020000 x29:0x00000030 PA:0x00020000 store:0x00000030 load:0x00000000
          21502	     10747	00100228	01cfd793	srli	x15,x31,0x1c	 x31:0x00000c00 x15=0x00000000
          21504	     10748	0010022c	00900713	addi	x14,x0,9	  x0:0x00000000 x14=0x00000009
          21506	     10749	00100230	f2f76ae3	bltu	x14,x15,100164	 x14:0x00000009 x15:0x00000000
          21508	     10750	00100234	03078393	addi	x7,x15,48	 x15:0x00000000  x7=0x00000030
          21510	     10751	00100238	000205b7	lui	x11,0x20	 x11=0x00020000
          21512	     10752	0010023c	00c51613	slli	x12,x10,0xc	 x10:0x0000000c x12=0x0000c000
          21516	     10754	00100240	0075a023	sw	x7,0(x11)	 x11:0x00020000  x7:0x00000030 PA:0x00020000 store:0x00000030 load:0x00000000
          21518	     10755	00100244	01c65693	srli	x13,x12,0x1c	 x12:0x0000c000 x13=0x00000000
          21520	     10756	00100248	00900813	addi	x16,x0,9	  x0:0x00000000 x16=0x00000009
          21522	     10757	0010024c	f2d86ae3	bltu	x16,x13,100180	 x16:0x00000009 x13:0x00000000
          21524	     10758	00100250	03068e93	addi	x29,x13,48	 x13:0x00000000 x29=0x00000030
          21526	     10759	00100254	00020f37	lui	x30,0x20	 x30=0x00020000
          21528	     10760	00100258	01051f93	slli	x31,x10,0x10	 x10:0x0000000c x31=0x000c0000
          21532	     10762	0010025c	01df2023	sw	x29,0(x30)	 x30:0x00020000 x29:0x00000030 PA:0x00020000 store:0x00000030 load:0x00000000
          21534	     10763	00100260	01cfd793	srli	x15,x31,0x1c	 x31:0x000c0000 x15=0x00000000
          21536	     10764	00100264	00900713	addi	x14,x0,9	  x0:0x00000000 x14=0x00000009
          21538	     10765	00100268	f2f76ae3	bltu	x14,x15,10019c	 x14:0x00000009 x15:0x00000000
          21540	     10766	0010026c	03078393	addi	x7,x15,48	 x15:0x00000000  x7=0x00000030
          21542	     10767	00100270	000205b7	lui	x11,0x20	 x11=0x00020000
          21544	     10768	00100274	01451613	slli	x12,x10,0x14	 x10:0x0000000c x12=0x00c00000
          21548	     10770	00100278	0075a023	sw	x7,0(x11)	 x11:0x00020000  x7:0x00000030 PA:0x00020000 store:0x00000030 load:0x00000000
          21550	     10771	0010027c	01c65693	srli	x13,x12,0x1c	 x12:0x00c00000 x13=0x00000000
          21552	     10772	00100280	00900813	addi	x16,x0,9	  x0:0x00000000 x16=0x00000009
          21554	     10773	00100284	f2d86ae3	bltu	x16,x13,1001b8	 x16:0x00000009 x13:0x00000000
          21556	     10774	00100288	03068e93	addi	x29,x13,48	 x13:0x00000000 x29=0x00000030
          21558	     10775	0010028c	00020f37	lui	x30,0x20	 x30=0x00020000
          21560	     10776	00100290	01851f93	slli	x31,x10,0x18	 x10:0x0000000c x31=0x0c000000
          21564	     10778	00100294	01df2023	sw	x29,0(x30)	 x30:0x00020000 x29:0x00000030 PA:0x00020000 store:0x00000030 load:0x00000000
          21566	     10779	00100298	01cfd793	srli	x15,x31,0x1c	 x31:0x0c000000 x15=0x00000000
          21568	     10780	0010029c	00900713	addi	x14,x0,9	  x0:0x00000000 x14=0x00000009
          21570	     10781	001002a0	f2f76ae3	bltu	x14,x15,1001d4	 x14:0x00000009 x15:0x00000000
          21572	     10782	001002a4	03078393	addi	x7,x15,48	 x15:0x00000000  x7=0x00000030
          21574	     10783	001002a8	000205b7	lui	x11,0x20	 x11=0x00020000
          21578	     10785	001002ac	0075a023	sw	x7,0(x11)	 x11:0x00020000  x7:0x00000030 PA:0x00020000 store:0x00000030 load:0x00000000
          21580	     10786	001002b0	00f57513	andi	x10,x10,15	 x10:0x0000000c x10=0x0000000c
          21582	     10787	001002b4	00900613	addi	x12,x0,9	  x0:0x00000000 x12=0x00000009
          21584	     10788	001002b8	f2a67ae3	bgeu	x12,x10,1001ec	 x12:0x00000009 x10:0x0000000c
          21586	     10789	001002bc	03750693	addi	x13,x10,55	 x10:0x0000000c x13=0x00000043
          21588	     10790	001002c0	00020837	lui	x16,0x20	 x16=0x00020000
          21592	     10792	001002c4	00d82023	sw	x13,0(x16)	 x16:0x00020000 x13:0x00000043 PA:0x00020000 store:0x00000043 load:0x00000000
          21596	     10794	001002c8	00008067	jalr	x0,0(x1)	  x1:0x00101340  x0=0x00000000
          21598	     10795	00101340	a18b0513	addi	x10,x22,-1512	 x22:0x00102000 x10=0x00101a18
          21602	     10797	00101344	d5dfe0ef	jal	x1,1000a0	  x1=0x00101348
          21606	     10799	001000a0	00054803	lbu	x16,0(x10)	 x10:0x00101a18 x16=0x00000020 PA:0x00101a18 store:0x00000000
          21608	     10800	001000a4	06080663	beq	x16,x0,100110	 x16:0x00000020  x0:0x00000000
          21610	     10801	001000a8	000207b7	lui	x15,0x20	 x15=0x00020000
          21614	     10803	001000ac	0107a023	sw	x16,0(x15)	 x15:0x00020000 x16:0x00000020 PA:0x00020000 store:0x00000020 load:0x00000000
          21618	     10805	001000b0	00154703	lbu	x14,1(x10)	 x10:0x00101a18 x14=0x00000072 PA:0x00101a19 store:0x00101348
          21620	     10806	001000b4	04070e63	beq	x14,x0,100110	 x14:0x00000072  x0:0x00000000
          21624	     10808	001000b8	00e7a023	sw	x14,0(x15)	 x15:0x00020000 x14:0x00000072 PA:0x00020000 store:0x00000072 load:0x00000000
          21628	     10810	001000bc	00254283	lbu	x5,2(x10)	 x10:0x00101a18  x5=0x00000065 PA:0x00101a1a store:0x00137fa0
          21630	     10811	001000c0	04028863	beq	x5,x0,100110	  x5:0x00000065  x0:0x00000000
          21634	     10813	001000c4	0057a023	sw	x5,0(x15)	 x15:0x00020000  x5:0x00000065 PA:0x00020000 store:0x00000065 load:0x00000000
          21638	     10815	001000c8	00354303	lbu	x6,3(x10)	 x10:0x00101a18  x6=0x00000073 PA:0x00101a1b store:0x00000000
          21640	     10816	001000cc	04030263	beq	x6,x0,100110	  x6:0x00000073  x0:0x00000000
          21644	     10818	001000d0	0067a023	sw	x6,0(x15)	 x15:0x00020000  x6:0x00000073 PA:0x00020000 store:0x00000073 load:0x00000000
          21648	     10820	001000d4	00454383	lbu	x7,4(x10)	 x10:0x00101a18  x7=0x00000075 PA:0x00101a1c store:0x00000000
          21650	     10821	001000d8	02038c63	beq	x7,x0,100110	  x7:0x00000075  x0:0x00000000
          21654	     10823	001000dc	0077a023	sw	x7,0(x15)	 x15:0x00020000  x7:0x00000075 PA:0x00020000 store:0x00000075 load:0x00000000
          21658	     10825	001000e0	00554583	lbu	x11,5(x10)	 x10:0x00101a18 x11=0x0000006c PA:0x00101a1d store:0x00000065
          21660	     10826	001000e4	02058663	beq	x11,x0,100110	 x11:0x0000006c  x0:0x00000000
          21664	     10828	001000e8	00b7a023	sw	x11,0(x15)	 x15:0x00020000 x11:0x0000006c PA:0x00020000 store:0x0000006c load:0x00000000
          21668	     10830	001000ec	00654603	lbu	x12,6(x10)	 x10:0x00101a18 x12=0x00000074 PA:0x00101a1e store:0x00000073
          21670	     10831	001000f0	02060063	beq	x12,x0,100110	 x12:0x00000074  x0:0x00000000
          21674	     10833	001000f4	00c7a023	sw	x12,0(x15)	 x15:0x00020000 x12:0x00000074 PA:0x00020000 store:0x00000074 load:0x00000000
          21678	     10835	001000f8	00754683	lbu	x13,7(x10)	 x10:0x00101a18 x13=0x0000003a PA:0x00101a1f store:0x00000075
          21680	     10836	001000fc	00850513	addi	x10,x10,8	 x10:0x00101a18 x10=0x00101a20
          21682	     10837	00100100	00068863	beq	x13,x0,100110	 x13:0x0000003a  x0:0x00000000
          21686	     10839	00100104	00d7a023	sw	x13,0(x15)	 x15:0x00020000 x13:0x0000003a PA:0x00020000 store:0x0000003a load:0x00000000
          21690	     10841	00100108	00054803	lbu	x16,0(x10)	 x10:0x00101a20 x16=0x00000020 PA:0x00101a20 store:0x00000000
          21694	     10843	0010010c	fa0810e3	bne	x16,x0,1000ac	 x16:0x00000020  x0:0x00000000
          21700	     10846	001000ac	0107a023	sw	x16,0(x15)	 x15:0x00020000 x16:0x00000020 PA:0x00020000 store:0x00000020 load:0x00000000
          21704	     10848	001000b0	00154703	lbu	x14,1(x10)	 x10:0x00101a20 x14=0x00000000 PA:0x00101a21 store:0x00101348
          21708	     10850	001000b4	04070e63	beq	x14,x0,100110	 x14:0x00000000  x0:0x00000000
          21712	     10852	00100110	00000513	addi	x10,x0,0	  x0:0x00000000 x10=0x00000000
          21716	     10854	00100114	00008067	jalr	x0,0(x1)	  x1:0x00101348  x0=0x00000000
          21720	     10856	00101348	cf8a2503	lw	x10,-776(x20)	 x20:0x00102000 x10=0x3f8018ab PA:0x00101cf8 store:0x0000000c
          21722	     10857	0010134c	001c0d93	addi	x27,x24,1	 x24:0x0000000c x27=0x0000000d
          21726	     10859	00101350	dd1fe0ef	jal	x1,100120	  x1=0x00101354
          21728	     10860	00100120	01c55793	srli	x15,x10,0x1c	 x10:0x3f8018ab x15=0x00000003
          21730	     10861	00100124	00900713	addi	x14,x0,9	  x0:0x00000000 x14=0x00000009
          21734	     10863	00100128	0cf77a63	bgeu	x14,x15,1001fc	 x14:0x00000009 x15:0x00000003
          21738	     10865	001001fc	03078393	addi	x7,x15,48	 x15:0x00000003  x7=0x00000033
          21740	     10866	00100200	000205b7	lui	x11,0x20	 x11=0x00020000
          21742	     10867	00100204	00451613	slli	x12,x10,0x4	 x10:0x3f8018ab x12=0xf8018ab0
          21746	     10869	00100208	0075a023	sw	x7,0(x11)	 x11:0x00020000  x7:0x00000033 PA:0x00020000 store:0x00000033 load:0x00000000
          21748	     10870	0010020c	01c65693	srli	x13,x12,0x1c	 x12:0xf8018ab0 x13=0x0000000f
          21750	     10871	00100210	00900813	addi	x16,x0,9	  x0:0x00000000 x16=0x00000009
          21754	     10873	00100214	f2d86ae3	bltu	x16,x13,100148	 x16:0x00000009 x13:0x0000000f
          21758	     10875	00100148	03768893	addi	x17,x13,55	 x13:0x0000000f x17=0x00000046
          21760	     10876	0010014c	00020e37	lui	x28,0x20	 x28=0x00020000
          21762	     10877	00100150	00851f93	slli	x31,x10,0x8	 x10:0x3f8018ab x31=0x8018ab00
          21766	     10879	00100154	011e2023	sw	x17,0(x28)	 x28:0x00020000 x17:0x00000046 PA:0x00020000 store:0x00000046 load:0x00000000
          21768	     10880	00100158	01cfd793	srli	x15,x31,0x1c	 x31:0x8018ab00 x15=0x00000008
          21770	     10881	0010015c	00900713	addi	x14,x0,9	  x0:0x00000000 x14=0x00000009
          21774	     10883	00100160	0cf77a63	bgeu	x14,x15,100234	 x14:0x00000009 x15:0x00000008
          21778	     10885	00100234	03078393	addi	x7,x15,48	 x15:0x00000008  x7=0x00000038
          21780	     10886	00100238	000205b7	lui	x11,0x20	 x11=0x00020000
          21782	     10887	0010023c	00c51613	slli	x12,x10,0xc	 x10:0x3f8018ab x12=0x018ab000
          21786	     10889	00100240	0075a023	sw	x7,0(x11)	 x11:0x00020000  x7:0x00000038 PA:0x00020000 store:0x00000038 load:0x00000000
          21788	     10890	00100244	01c65693	srli	x13,x12,0x1c	 x12:0x018ab000 x13=0x00000000
          21790	     10891	00100248	00900813	addi	x16,x0,9	  x0:0x00000000 x16=0x00000009
          21792	     10892	0010024c	f2d86ae3	bltu	x16,x13,100180	 x16:0x00000009 x13:0x00000000
          21794	     10893	00100250	03068e93	addi	x29,x13,48	 x13:0x00000000 x29=0x00000030
          21796	     10894	00100254	00020f37	lui	x30,0x20	 x30=0x00020000
          21798	     10895	00100258	01051f93	slli	x31,x10,0x10	 x10:0x3f8018ab x31=0x18ab0000
          21802	     10897	0010025c	01df2023	sw	x29,0(x30)	 x30:0x00020000 x29:0x00000030 PA:0x00020000 store:0x00000030 load:0x00000000
          21804	     10898	00100260	01cfd793	srli	x15,x31,0x1c	 x31:0x18ab0000 x15=0x00000001
          21806	     10899	00100264	00900713	addi	x14,x0,9	  x0:0x00000000 x14=0x00000009
          21808	     10900	00100268	f2f76ae3	bltu	x14,x15,10019c	 x14:0x00000009 x15:0x00000001
          21810	     10901	0010026c	03078393	addi	x7,x15,48	 x15:0x00000001  x7=0x00000031
          21812	     10902	00100270	000205b7	lui	x11,0x20	 x11=0x00020000
          21814	     10903	00100274	01451613	slli	x12,x10,0x14	 x10:0x3f8018ab x12=0x8ab00000
          21818	     10905	00100278	0075a023	sw	x7,0(x11)	 x11:0x00020000  x7:0x00000031 PA:0x00020000 store:0x00000031 load:0x00000000
          21820	     10906	0010027c	01c65693	srli	x13,x12,0x1c	 x12:0x8ab00000 x13=0x00000008
          21822	     10907	00100280	00900813	addi	x16,x0,9	  x0:0x00000000 x16=0x00000009
          21824	     10908	00100284	f2d86ae3	bltu	x16,x13,1001b8	 x16:0x00000009 x13:0x00000008
          21826	     10909	00100288	03068e93	addi	x29,x13,48	 x13:0x00000008 x29=0x00000038
          21828	     10910	0010028c	00020f37	lui	x30,0x20	 x30=0x00020000
          21830	     10911	00100290	01851f93	slli	x31,x10,0x18	 x10:0x3f8018ab x31=0xab000000
          21834	     10913	00100294	01df2023	sw	x29,0(x30)	 x30:0x00020000 x29:0x00000038 PA:0x00020000 store:0x00000038 load:0x00000000
          21836	     10914	00100298	01cfd793	srli	x15,x31,0x1c	 x31:0xab000000 x15=0x0000000a
          21838	     10915	0010029c	00900713	addi	x14,x0,9	  x0:0x00000000 x14=0x00000009
          21842	     10917	001002a0	f2f76ae3	bltu	x14,x15,1001d4	 x14:0x00000009 x15:0x0000000a
          21846	     10919	001001d4	03778293	addi	x5,x15,55	 x15:0x0000000a  x5=0x00000041
          21848	     10920	001001d8	00020337	lui	x6,0x20	  x6=0x00020000
          21852	     10922	001001dc	00532023	sw	x5,0(x6)	  x6:0x00020000  x5:0x00000041 PA:0x00020000 store:0x00000041 load:0x00000000
          21854	     10923	001001e0	00f57513	andi	x10,x10,15	 x10:0x3f8018ab x10=0x0000000b
          21856	     10924	001001e4	00900613	addi	x12,x0,9	  x0:0x00000000 x12=0x00000009
          21860	     10926	001001e8	0ca66a63	bltu	x12,x10,1002bc	 x12:0x00000009 x10:0x0000000b
          21864	     10928	001002bc	03750693	addi	x13,x10,55	 x10:0x0000000b x13=0x00000042
          21866	     10929	001002c0	00020837	lui	x16,0x20	 x16=0x00020000
          21870	     10931	001002c4	00d82023	sw	x13,0(x16)	 x16:0x00020000 x13:0x00000042 PA:0x00020000 store:0x00000042 load:0x00000000
          21880	     10936	001002c8	00008067	jalr	x0,0(x1)	  x1:0x00101354  x0=0x00000000
          21882	     10937	00101354	d089a407	flw	f8,-760(x19)	 f19:0x00102000  f8=0x00000000 PA:0x00101d08 store:0x3f818cf4
          21902	     10947	00101358	580474d3	fsqrt.s	f9,f8	  f8:0x00102000  f9=0x00000000
          21904	     10948	0010135c	d099a427	fsw	f9,-760(x19)	 f19:0x00102000  f9:0x00102000 PA:0x00101d08 store:0x3f800c55 load:0x3f8018ab
          21906	     10949	00101360	d089a507	flw	f10,-760(x19)	 f19:0x00102000 f10=0x00000000 PA:0x00101d08 store:0x3f8018ab
          21910	     10951	00101364	a10a8513	addi	x10,x21,-1520	 x21:0x00102000 x10=0x00101a10
          21912	     10952	00101368	e0050753	fmv.x.w	x14,f10	 f10:0x00101a10 x14=0x3f800c55
          21914	     10953	0010136c	ceea2c23	sw	x14,-776(x20)	 x20:0x00102000 x14:0x3f800c55 PA:0x00101cf8 store:0x3f800c55 load:0x3f800c55
          21916	     10954	00101370	d31fe0ef	jal	x1,1000a0	  x1=0x00101374
          21920	     10956	001000a0	00054803	lbu	x16,0(x10)	 x10:0x00101a10 x16=0x0000000a PA:0x00101a10 store:0x00000000
          21922	     10957	001000a4	06080663	beq	x16,x0,100110	 x16:0x0000000a  x0:0x00000000
          21924	     10958	001000a8	000207b7	lui	x15,0x20	 x15=0x00020000
          21928	     10960	001000ac	0107a023	sw	x16,0(x15)	 x15:0x00020000 x16:0x0000000a PA:0x00020000 store:0x0000000a load:0x00000000
          21932	     10962	001000b0	00154703	lbu	x14,1(x10)	 x10:0x00101a10 x14=0x00000020 PA:0x00101a11 store:0x00101374
          21934	     10963	001000b4	04070e63	beq	x14,x0,100110	 x14:0x00000020  x0:0x00000000
          21938	     10965	001000b8	00e7a023	sw	x14,0(x15)	 x15:0x00020000 x14:0x00000020 PA:0x00020000 store:0x00000020 load:0x00000000
          21942	     10967	001000bc	00254283	lbu	x5,2(x10)	 x10:0x00101a10  x5=0x00000069 PA:0x00101a12 store:0x00137fa0
          21944	     10968	001000c0	04028863	beq	x5,x0,100110	  x5:0x00000069  x0:0x00000000
          21948	     10970	001000c4	0057a023	sw	x5,0(x15)	 x15:0x00020000  x5:0x00000069 PA:0x00020000 store:0x00000069 load:0x00000000
          21952	     10972	001000c8	00354303	lbu	x6,3(x10)	 x10:0x00101a10  x6=0x0000003d PA:0x00101a13 store:0x00000000
          21954	     10973	001000cc	04030263	beq	x6,x0,100110	  x6:0x0000003d  x0:0x00000000
          21958	     10975	001000d0	0067a023	sw	x6,0(x15)	 x15:0x00020000  x6:0x0000003d PA:0x00020000 store:0x0000003d load:0x00000000
          21962	     10977	001000d4	00454383	lbu	x7,4(x10)	 x10:0x00101a10  x7=0x00000000 PA:0x00101a14 store:0x00000000
          21966	     10979	001000d8	02038c63	beq	x7,x0,100110	  x7:0x00000000  x0:0x00000000
          21970	     10981	00100110	00000513	addi	x10,x0,0	  x0:0x00000000 x10=0x00000000
          21974	     10983	00100114	00008067	jalr	x0,0(x1)	  x1:0x00101374  x0=0x00000000
          21976	     10984	00101374	000d8513	addi	x10,x27,0	 x27:0x0000000d x10=0x0000000d
          21980	     10986	00101378	da9fe0ef	jal	x1,100120	  x1=0x0010137c
          21982	     10987	00100120	01c55793	srli	x15,x10,0x1c	 x10:0x0000000d x15=0x00000000
          21984	     10988	00100124	00900713	addi	x14,x0,9	  x0:0x00000000 x14=0x00000009
          21988	     10990	00100128	0cf77a63	bgeu	x14,x15,1001fc	 x14:0x00000009 x15:0x00000000
          21992	     10992	001001fc	03078393	addi	x7,x15,48	 x15:0x00000000  x7=0x00000030
          21994	     10993	00100200	000205b7	lui	x11,0x20	 x11=0x00020000
          21996	     10994	00100204	00451613	slli	x12,x10,0x4	 x10:0x0000000d x12=0x000000d0
          22000	     10996	00100208	0075a023	sw	x7,0(x11)	 x11:0x00020000  x7:0x00000030 PA:0x00020000 store:0x00000030 load:0x00000000
          22002	     10997	0010020c	01c65693	srli	x13,x12,0x1c	 x12:0x000000d0 x13=0x00000000
          22004	     10998	00100210	00900813	addi	x16,x0,9	  x0:0x00000000 x16=0x00000009
          22006	     10999	00100214	f2d86ae3	bltu	x16,x13,100148	 x16:0x00000009 x13:0x00000000
          22008	     11000	00100218	03068e93	addi	x29,x13,48	 x13:0x00000000 x29=0x00000030
          22010	     11001	0010021c	00020f37	lui	x30,0x20	 x30=0x00020000
          22012	     11002	00100220	00851f93	slli	x31,x10,0x8	 x10:0x0000000d x31=0x00000d00
          22016	     11004	00100224	01df2023	sw	x29,0(x30)	 x30:0x00020000 x29:0x00000030 PA:0x00020000 store:0x00000030 load:0x00000000
          22018	     11005	00100228	01cfd793	srli	x15,x31,0x1c	 x31:0x00000d00 x15=0x00000000
          22020	     11006	0010022c	00900713	addi	x14,x0,9	  x0:0x00000000 x14=0x00000009
          22022	     11007	00100230	f2f76ae3	bltu	x14,x15,100164	 x14:0x00000009 x15:0x00000000
          22024	     11008	00100234	03078393	addi	x7,x15,48	 x15:0x00000000  x7=0x00000030
          22026	     11009	00100238	000205b7	lui	x11,0x20	 x11=0x00020000
          22028	     11010	0010023c	00c51613	slli	x12,x10,0xc	 x10:0x0000000d x12=0x0000d000
          22032	     11012	00100240	0075a023	sw	x7,0(x11)	 x11:0x00020000  x7:0x00000030 PA:0x00020000 store:0x00000030 load:0x00000000
          22034	     11013	00100244	01c65693	srli	x13,x12,0x1c	 x12:0x0000d000 x13=0x00000000
          22036	     11014	00100248	00900813	addi	x16,x0,9	  x0:0x00000000 x16=0x00000009
          22038	     11015	0010024c	f2d86ae3	bltu	x16,x13,100180	 x16:0x00000009 x13:0x00000000
          22040	     11016	00100250	03068e93	addi	x29,x13,48	 x13:0x00000000 x29=0x00000030
          22042	     11017	00100254	00020f37	lui	x30,0x20	 x30=0x00020000
          22044	     11018	00100258	01051f93	slli	x31,x10,0x10	 x10:0x0000000d x31=0x000d0000
          22048	     11020	0010025c	01df2023	sw	x29,0(x30)	 x30:0x00020000 x29:0x00000030 PA:0x00020000 store:0x00000030 load:0x00000000
          22050	     11021	00100260	01cfd793	srli	x15,x31,0x1c	 x31:0x000d0000 x15=0x00000000
          22052	     11022	00100264	00900713	addi	x14,x0,9	  x0:0x00000000 x14=0x00000009
          22054	     11023	00100268	f2f76ae3	bltu	x14,x15,10019c	 x14:0x00000009 x15:0x00000000
          22056	     11024	0010026c	03078393	addi	x7,x15,48	 x15:0x00000000  x7=0x00000030
          22058	     11025	00100270	000205b7	lui	x11,0x20	 x11=0x00020000
          22060	     11026	00100274	01451613	slli	x12,x10,0x14	 x10:0x0000000d x12=0x00d00000
          22064	     11028	00100278	0075a023	sw	x7,0(x11)	 x11:0x00020000  x7:0x00000030 PA:0x00020000 store:0x00000030 load:0x00000000
          22066	     11029	0010027c	01c65693	srli	x13,x12,0x1c	 x12:0x00d00000 x13=0x00000000
          22068	     11030	00100280	00900813	addi	x16,x0,9	  x0:0x00000000 x16=0x00000009
          22070	     11031	00100284	f2d86ae3	bltu	x16,x13,1001b8	 x16:0x00000009 x13:0x00000000
          22072	     11032	00100288	03068e93	addi	x29,x13,48	 x13:0x00000000 x29=0x00000030
          22074	     11033	0010028c	00020f37	lui	x30,0x20	 x30=0x00020000
          22076	     11034	00100290	01851f93	slli	x31,x10,0x18	 x10:0x0000000d x31=0x0d000000
          22080	     11036	00100294	01df2023	sw	x29,0(x30)	 x30:0x00020000 x29:0x00000030 PA:0x00020000 store:0x00000030 load:0x00000000
          22082	     11037	00100298	01cfd793	srli	x15,x31,0x1c	 x31:0x0d000000 x15=0x00000000
          22084	     11038	0010029c	00900713	addi	x14,x0,9	  x0:0x00000000 x14=0x00000009
          22086	     11039	001002a0	f2f76ae3	bltu	x14,x15,1001d4	 x14:0x00000009 x15:0x00000000
          22088	     11040	001002a4	03078393	addi	x7,x15,48	 x15:0x00000000  x7=0x00000030
          22090	     11041	001002a8	000205b7	lui	x11,0x20	 x11=0x00020000
          22094	     11043	001002ac	0075a023	sw	x7,0(x11)	 x11:0x00020000  x7:0x00000030 PA:0x00020000 store:0x00000030 load:0x00000000
          22096	     11044	001002b0	00f57513	andi	x10,x10,15	 x10:0x0000000d x10=0x0000000d
          22098	     11045	001002b4	00900613	addi	x12,x0,9	  x0:0x00000000 x12=0x00000009
          22100	     11046	001002b8	f2a67ae3	bgeu	x12,x10,1001ec	 x12:0x00000009 x10:0x0000000d
          22102	     11047	001002bc	03750693	addi	x13,x10,55	 x10:0x0000000d x13=0x00000044
          22104	     11048	001002c0	00020837	lui	x16,0x20	 x16=0x00020000
          22108	     11050	001002c4	00d82023	sw	x13,0(x16)	 x16:0x00020000 x13:0x00000044 PA:0x00020000 store:0x00000044 load:0x00000000
          22112	     11052	001002c8	00008067	jalr	x0,0(x1)	  x1:0x0010137c  x0=0x00000000
          22114	     11053	0010137c	a18b0513	addi	x10,x22,-1512	 x22:0x00102000 x10=0x00101a18
          22118	     11055	00101380	d21fe0ef	jal	x1,1000a0	  x1=0x00101384
          22122	     11057	001000a0	00054803	lbu	x16,0(x10)	 x10:0x00101a18 x16=0x00000020 PA:0x00101a18 store:0x00000000
          22124	     11058	001000a4	06080663	beq	x16,x0,100110	 x16:0x00000020  x0:0x00000000
          22126	     11059	001000a8	000207b7	lui	x15,0x20	 x15=0x00020000
          22130	     11061	001000ac	0107a023	sw	x16,0(x15)	 x15:0x00020000 x16:0x00000020 PA:0x00020000 store:0x00000020 load:0x00000000
          22134	     11063	001000b0	00154703	lbu	x14,1(x10)	 x10:0x00101a18 x14=0x00000072 PA:0x00101a19 store:0x00101384
          22136	     11064	001000b4	04070e63	beq	x14,x0,100110	 x14:0x00000072  x0:0x00000000
          22140	     11066	001000b8	00e7a023	sw	x14,0(x15)	 x15:0x00020000 x14:0x00000072 PA:0x00020000 store:0x00000072 load:0x00000000
          22144	     11068	001000bc	00254283	lbu	x5,2(x10)	 x10:0x00101a18  x5=0x00000065 PA:0x00101a1a store:0x00137fa0
          22146	     11069	001000c0	04028863	beq	x5,x0,100110	  x5:0x00000065  x0:0x00000000
          22150	     11071	001000c4	0057a023	sw	x5,0(x15)	 x15:0x00020000  x5:0x00000065 PA:0x00020000 store:0x00000065 load:0x00000000
          22154	     11073	001000c8	00354303	lbu	x6,3(x10)	 x10:0x00101a18  x6=0x00000073 PA:0x00101a1b store:0x00000000
          22156	     11074	001000cc	04030263	beq	x6,x0,100110	  x6:0x00000073  x0:0x00000000
          22160	     11076	001000d0	0067a023	sw	x6,0(x15)	 x15:0x00020000  x6:0x00000073 PA:0x00020000 store:0x00000073 load:0x00000000
          22164	     11078	001000d4	00454383	lbu	x7,4(x10)	 x10:0x00101a18  x7=0x00000075 PA:0x00101a1c store:0x00000000
          22166	     11079	001000d8	02038c63	beq	x7,x0,100110	  x7:0x00000075  x0:0x00000000
          22170	     11081	001000dc	0077a023	sw	x7,0(x15)	 x15:0x00020000  x7:0x00000075 PA:0x00020000 store:0x00000075 load:0x00000000
          22174	     11083	001000e0	00554583	lbu	x11,5(x10)	 x10:0x00101a18 x11=0x0000006c PA:0x00101a1d store:0x00000065
          22176	     11084	001000e4	02058663	beq	x11,x0,100110	 x11:0x0000006c  x0:0x00000000
          22180	     11086	001000e8	00b7a023	sw	x11,0(x15)	 x15:0x00020000 x11:0x0000006c PA:0x00020000 store:0x0000006c load:0x00000000
          22184	     11088	001000ec	00654603	lbu	x12,6(x10)	 x10:0x00101a18 x12=0x00000074 PA:0x00101a1e store:0x00000073
          22186	     11089	001000f0	02060063	beq	x12,x0,100110	 x12:0x00000074  x0:0x00000000
          22190	     11091	001000f4	00c7a023	sw	x12,0(x15)	 x15:0x00020000 x12:0x00000074 PA:0x00020000 store:0x00000074 load:0x00000000
          22194	     11093	001000f8	00754683	lbu	x13,7(x10)	 x10:0x00101a18 x13=0x0000003a PA:0x00101a1f store:0x00000075
          22196	     11094	001000fc	00850513	addi	x10,x10,8	 x10:0x00101a18 x10=0x00101a20
          22198	     11095	00100100	00068863	beq	x13,x0,100110	 x13:0x0000003a  x0:0x00000000
          22202	     11097	00100104	00d7a023	sw	x13,0(x15)	 x15:0x00020000 x13:0x0000003a PA:0x00020000 store:0x0000003a load:0x00000000
          22206	     11099	00100108	00054803	lbu	x16,0(x10)	 x10:0x00101a20 x16=0x00000020 PA:0x00101a20 store:0x00000000
          22210	     11101	0010010c	fa0810e3	bne	x16,x0,1000ac	 x16:0x00000020  x0:0x00000000
          22216	     11104	001000ac	0107a023	sw	x16,0(x15)	 x15:0x00020000 x16:0x00000020 PA:0x00020000 store:0x00000020 load:0x00000000
          22220	     11106	001000b0	00154703	lbu	x14,1(x10)	 x10:0x00101a20 x14=0x00000000 PA:0x00101a21 store:0x00101384
          22224	     11108	001000b4	04070e63	beq	x14,x0,100110	 x14:0x00000000  x0:0x00000000
          22228	     11110	00100110	00000513	addi	x10,x0,0	  x0:0x00000000 x10=0x00000000
          22232	     11112	00100114	00008067	jalr	x0,0(x1)	  x1:0x00101384  x0=0x00000000
          22236	     11114	00101384	cf8a2503	lw	x10,-776(x20)	 x20:0x00102000 x10=0x3f800c55 PA:0x00101cf8 store:0x0000000c
          22238	     11115	00101388	002c0d93	addi	x27,x24,2	 x24:0x0000000c x27=0x0000000e
          22242	     11117	0010138c	d95fe0ef	jal	x1,100120	  x1=0x00101390
          22244	     11118	00100120	01c55793	srli	x15,x10,0x1c	 x10:0x3f800c55 x15=0x00000003
          22246	     11119	00100124	00900713	addi	x14,x0,9	  x0:0x00000000 x14=0x00000009
          22250	     11121	00100128	0cf77a63	bgeu	x14,x15,1001fc	 x14:0x00000009 x15:0x00000003
          22254	     11123	001001fc	03078393	addi	x7,x15,48	 x15:0x00000003  x7=0x00000033
          22256	     11124	00100200	000205b7	lui	x11,0x20	 x11=0x00020000
          22258	     11125	00100204	00451613	slli	x12,x10,0x4	 x10:0x3f800c55 x12=0xf800c550
          22262	     11127	00100208	0075a023	sw	x7,0(x11)	 x11:0x00020000  x7:0x00000033 PA:0x00020000 store:0x00000033 load:0x00000000
          22264	     11128	0010020c	01c65693	srli	x13,x12,0x1c	 x12:0xf800c550 x13=0x0000000f
          22266	     11129	00100210	00900813	addi	x16,x0,9	  x0:0x00000000 x16=0x00000009
          22270	     11131	00100214	f2d86ae3	bltu	x16,x13,100148	 x16:0x00000009 x13:0x0000000f
          22274	     11133	00100148	03768893	addi	x17,x13,55	 x13:0x0000000f x17=0x00000046
          22276	     11134	0010014c	00020e37	lui	x28,0x20	 x28=0x00020000
          22278	     11135	00100150	00851f93	slli	x31,x10,0x8	 x10:0x3f800c55 x31=0x800c5500
          22282	     11137	00100154	011e2023	sw	x17,0(x28)	 x28:0x00020000 x17:0x00000046 PA:0x00020000 store:0x00000046 load:0x00000000
          22284	     11138	00100158	01cfd793	srli	x15,x31,0x1c	 x31:0x800c5500 x15=0x00000008
          22286	     11139	0010015c	00900713	addi	x14,x0,9	  x0:0x00000000 x14=0x00000009
          22290	     11141	00100160	0cf77a63	bgeu	x14,x15,100234	 x14:0x00000009 x15:0x00000008
          22294	     11143	00100234	03078393	addi	x7,x15,48	 x15:0x00000008  x7=0x00000038
          22296	     11144	00100238	000205b7	lui	x11,0x20	 x11=0x00020000
          22298	     11145	0010023c	00c51613	slli	x12,x10,0xc	 x10:0x3f800c55 x12=0x00c55000
          22302	     11147	00100240	0075a023	sw	x7,0(x11)	 x11:0x00020000  x7:0x00000038 PA:0x00020000 store:0x00000038 load:0x00000000
          22304	     11148	00100244	01c65693	srli	x13,x12,0x1c	 x12:0x00c55000 x13=0x00000000
          22306	     11149	00100248	00900813	addi	x16,x0,9	  x0:0x00000000 x16=0x00000009
          22308	     11150	0010024c	f2d86ae3	bltu	x16,x13,100180	 x16:0x00000009 x13:0x00000000
          22310	     11151	00100250	03068e93	addi	x29,x13,48	 x13:0x00000000 x29=0x00000030
          22312	     11152	00100254	00020f37	lui	x30,0x20	 x30=0x00020000
          22314	     11153	00100258	01051f93	slli	x31,x10,0x10	 x10:0x3f800c55 x31=0x0c550000
          22318	     11155	0010025c	01df2023	sw	x29,0(x30)	 x30:0x00020000 x29:0x00000030 PA:0x00020000 store:0x00000030 load:0x00000000
          22320	     11156	00100260	01cfd793	srli	x15,x31,0x1c	 x31:0x0c550000 x15=0x00000000
          22322	     11157	00100264	00900713	addi	x14,x0,9	  x0:0x00000000 x14=0x00000009
          22324	     11158	00100268	f2f76ae3	bltu	x14,x15,10019c	 x14:0x00000009 x15:0x00000000
          22326	     11159	0010026c	03078393	addi	x7,x15,48	 x15:0x00000000  x7=0x00000030
          22328	     11160	00100270	000205b7	lui	x11,0x20	 x11=0x00020000
          22330	     11161	00100274	01451613	slli	x12,x10,0x14	 x10:0x3f800c55 x12=0xc5500000
          22334	     11163	00100278	0075a023	sw	x7,0(x11)	 x11:0x00020000  x7:0x00000030 PA:0x00020000 store:0x00000030 load:0x00000000
          22336	     11164	0010027c	01c65693	srli	x13,x12,0x1c	 x12:0xc5500000 x13=0x0000000c
          22338	     11165	00100280	00900813	addi	x16,x0,9	  x0:0x00000000 x16=0x00000009
          22342	     11167	00100284	f2d86ae3	bltu	x16,x13,1001b8	 x16:0x00000009 x13:0x0000000c
          22346	     11169	001001b8	03768893	addi	x17,x13,55	 x13:0x0000000c x17=0x00000043
          22348	     11170	001001bc	00020e37	lui	x28,0x20	 x28=0x00020000
          22350	     11171	001001c0	01851f93	slli	x31,x10,0x18	 x10:0x3f800c55 x31=0x55000000
          22354	     11173	001001c4	011e2023	sw	x17,0(x28)	 x28:0x00020000 x17:0x00000043 PA:0x00020000 store:0x00000043 load:0x00000000
          22356	     11174	001001c8	01cfd793	srli	x15,x31,0x1c	 x31:0x55000000 x15=0x00000005
          22358	     11175	001001cc	00900713	addi	x14,x0,9	  x0:0x00000000 x14=0x00000009
          22362	     11177	001001d0	0cf77a63	bgeu	x14,x15,1002a4	 x14:0x00000009 x15:0x00000005
          22366	     11179	001002a4	03078393	addi	x7,x15,48	 x15:0x00000005  x7=0x00000035
          22368	     11180	001002a8	000205b7	lui	x11,0x20	 x11=0x00020000
          22372	     11182	001002ac	0075a023	sw	x7,0(x11)	 x11:0x00020000  x7:0x00000035 PA:0x00020000 store:0x00000035 load:0x00000000
          22374	     11183	001002b0	00f57513	andi	x10,x10,15	 x10:0x3f800c55 x10=0x00000005
          22376	     11184	001002b4	00900613	addi	x12,x0,9	  x0:0x00000000 x12=0x00000009
          22380	     11186	001002b8	f2a67ae3	bgeu	x12,x10,1001ec	 x12:0x00000009 x10:0x00000005
          22384	     11188	001001ec	03050893	addi	x17,x10,48	 x10:0x00000005 x17=0x00000035
          22386	     11189	001001f0	00020e37	lui	x28,0x20	 x28=0x00020000
          22390	     11191	001001f4	011e2023	sw	x17,0(x28)	 x28:0x00020000 x17:0x00000035 PA:0x00020000 store:0x00000035 load:0x00000000
          22400	     11196	001001f8	00008067	jalr	x0,0(x1)	  x1:0x00101390  x0=0x00000000
          22402	     11197	00101390	d089a807	flw	f16,-760(x19)	 f19:0x00102000 f16=0x00000000 PA:0x00101d08 store:0x3f8018ab
          22424	     11208	00101394	a10a8513	addi	x10,x21,-1520	 x21:0x00102000 x10=0x00101a10
          22426	     11209	00101398	580878d3	fsqrt.s	f17,f16	 f16:0x00000009 f17=0x00000000
          22428	     11210	0010139c	d119a427	fsw	f17,-760(x19)	 f19:0x00102000 f17:0x00000035 PA:0x00101d08 store:0x3f80062a load:0x3f800c55
          22430	     11211	001013a0	d089a907	flw	f18,-760(x19)	 f19:0x00102000 f18=0x00000000 PA:0x00101d08 store:0x3f8018ab
          22432	     11212	001013a4	e00907d3	fmv.x.w	x15,f18	 f18:0x00102000 x15=0x3f80062a
          22434	     11213	001013a8	cefa2c23	sw	x15,-776(x20)	 x20:0x00102000 x15:0x3f80062a PA:0x00101cf8 store:0x3f80062a load:0x3f80062a
          22436	     11214	001013ac	cf5fe0ef	jal	x1,1000a0	  x1=0x001013b0
          22440	     11216	001000a0	00054803	lbu	x16,0(x10)	 x10:0x00101a10 x16=0x0000000a PA:0x00101a10 store:0x00000000
          22442	     11217	001000a4	06080663	beq	x16,x0,100110	 x16:0x0000000a  x0:0x00000000
          22444	     11218	001000a8	000207b7	lui	x15,0x20	 x15=0x00020000
          22448	     11220	001000ac	0107a023	sw	x16,0(x15)	 x15:0x00020000 x16:0x0000000a PA:0x00020000 store:0x0000000a load:0x00000000
          22452	     11222	001000b0	00154703	lbu	x14,1(x10)	 x10:0x00101a10 x14=0x00000020 PA:0x00101a11 store:0x001013b0
          22454	     11223	001000b4	04070e63	beq	x14,x0,100110	 x14:0x00000020  x0:0x00000000
          22458	     11225	001000b8	00e7a023	sw	x14,0(x15)	 x15:0x00020000 x14:0x00000020 PA:0x00020000 store:0x00000020 load:0x00000000
          22462	     11227	001000bc	00254283	lbu	x5,2(x10)	 x10:0x00101a10  x5=0x00000069 PA:0x00101a12 store:0x00137fa0
          22464	     11228	001000c0	04028863	beq	x5,x0,100110	  x5:0x00000069  x0:0x00000000
          22468	     11230	001000c4	0057a023	sw	x5,0(x15)	 x15:0x00020000  x5:0x00000069 PA:0x00020000 store:0x00000069 load:0x00000000
          22472	     11232	001000c8	00354303	lbu	x6,3(x10)	 x10:0x00101a10  x6=0x0000003d PA:0x00101a13 store:0x00000000
          22474	     11233	001000cc	04030263	beq	x6,x0,100110	  x6:0x0000003d  x0:0x00000000
          22478	     11235	001000d0	0067a023	sw	x6,0(x15)	 x15:0x00020000  x6:0x0000003d PA:0x00020000 store:0x0000003d load:0x00000000
          22482	     11237	001000d4	00454383	lbu	x7,4(x10)	 x10:0x00101a10  x7=0x00000000 PA:0x00101a14 store:0x00000000
          22486	     11239	001000d8	02038c63	beq	x7,x0,100110	  x7:0x00000000  x0:0x00000000
          22490	     11241	00100110	00000513	addi	x10,x0,0	  x0:0x00000000 x10=0x00000000
          22494	     11243	00100114	00008067	jalr	x0,0(x1)	  x1:0x001013b0  x0=0x00000000
          22496	     11244	001013b0	000d8513	addi	x10,x27,0	 x27:0x0000000e x10=0x0000000e
          22500	     11246	001013b4	d6dfe0ef	jal	x1,100120	  x1=0x001013b8
          22502	     11247	00100120	01c55793	srli	x15,x10,0x1c	 x10:0x0000000e x15=0x00000000
          22504	     11248	00100124	00900713	addi	x14,x0,9	  x0:0x00000000 x14=0x00000009
          22508	     11250	00100128	0cf77a63	bgeu	x14,x15,1001fc	 x14:0x00000009 x15:0x00000000
          22512	     11252	001001fc	03078393	addi	x7,x15,48	 x15:0x00000000  x7=0x00000030
          22514	     11253	00100200	000205b7	lui	x11,0x20	 x11=0x00020000
          22516	     11254	00100204	00451613	slli	x12,x10,0x4	 x10:0x0000000e x12=0x000000e0
          22520	     11256	00100208	0075a023	sw	x7,0(x11)	 x11:0x00020000  x7:0x00000030 PA:0x00020000 store:0x00000030 load:0x00000000
          22522	     11257	0010020c	01c65693	srli	x13,x12,0x1c	 x12:0x000000e0 x13=0x00000000
          22524	     11258	00100210	00900813	addi	x16,x0,9	  x0:0x00000000 x16=0x00000009
          22526	     11259	00100214	f2d86ae3	bltu	x16,x13,100148	 x16:0x00000009 x13:0x00000000
          22528	     11260	00100218	03068e93	addi	x29,x13,48	 x13:0x00000000 x29=0x00000030
          22530	     11261	0010021c	00020f37	lui	x30,0x20	 x30=0x00020000
          22532	     11262	00100220	00851f93	slli	x31,x10,0x8	 x10:0x0000000e x31=0x00000e00
          22536	     11264	00100224	01df2023	sw	x29,0(x30)	 x30:0x00020000 x29:0x00000030 PA:0x00020000 store:0x00000030 load:0x00000000
          22538	     11265	00100228	01cfd793	srli	x15,x31,0x1c	 x31:0x00000e00 x15=0x00000000
          22540	     11266	0010022c	00900713	addi	x14,x0,9	  x0:0x00000000 x14=0x00000009
          22542	     11267	00100230	f2f76ae3	bltu	x14,x15,100164	 x14:0x00000009 x15:0x00000000
          22544	     11268	00100234	03078393	addi	x7,x15,48	 x15:0x00000000  x7=0x00000030
          22546	     11269	00100238	000205b7	lui	x11,0x20	 x11=0x00020000
          22548	     11270	0010023c	00c51613	slli	x12,x10,0xc	 x10:0x0000000e x12=0x0000e000
          22552	     11272	00100240	0075a023	sw	x7,0(x11)	 x11:0x00020000  x7:0x00000030 PA:0x00020000 store:0x00000030 load:0x00000000
          22554	     11273	00100244	01c65693	srli	x13,x12,0x1c	 x12:0x0000e000 x13=0x00000000
          22556	     11274	00100248	00900813	addi	x16,x0,9	  x0:0x00000000 x16=0x00000009
          22558	     11275	0010024c	f2d86ae3	bltu	x16,x13,100180	 x16:0x00000009 x13:0x00000000
          22560	     11276	00100250	03068e93	addi	x29,x13,48	 x13:0x00000000 x29=0x00000030
          22562	     11277	00100254	00020f37	lui	x30,0x20	 x30=0x00020000
          22564	     11278	00100258	01051f93	slli	x31,x10,0x10	 x10:0x0000000e x31=0x000e0000
          22568	     11280	0010025c	01df2023	sw	x29,0(x30)	 x30:0x00020000 x29:0x00000030 PA:0x00020000 store:0x00000030 load:0x00000000
          22570	     11281	00100260	01cfd793	srli	x15,x31,0x1c	 x31:0x000e0000 x15=0x00000000
          22572	     11282	00100264	00900713	addi	x14,x0,9	  x0:0x00000000 x14=0x00000009
          22574	     11283	00100268	f2f76ae3	bltu	x14,x15,10019c	 x14:0x00000009 x15:0x00000000
          22576	     11284	0010026c	03078393	addi	x7,x15,48	 x15:0x00000000  x7=0x00000030
          22578	     11285	00100270	000205b7	lui	x11,0x20	 x11=0x00020000
          22580	     11286	00100274	01451613	slli	x12,x10,0x14	 x10:0x0000000e x12=0x00e00000
          22584	     11288	00100278	0075a023	sw	x7,0(x11)	 x11:0x00020000  x7:0x00000030 PA:0x00020000 store:0x00000030 load:0x00000000
          22586	     11289	0010027c	01c65693	srli	x13,x12,0x1c	 x12:0x00e00000 x13=0x00000000
          22588	     11290	00100280	00900813	addi	x16,x0,9	  x0:0x00000000 x16=0x00000009
          22590	     11291	00100284	f2d86ae3	bltu	x16,x13,1001b8	 x16:0x00000009 x13:0x00000000
          22592	     11292	00100288	03068e93	addi	x29,x13,48	 x13:0x00000000 x29=0x00000030
          22594	     11293	0010028c	00020f37	lui	x30,0x20	 x30=0x00020000
          22596	     11294	00100290	01851f93	slli	x31,x10,0x18	 x10:0x0000000e x31=0x0e000000
          22600	     11296	00100294	01df2023	sw	x29,0(x30)	 x30:0x00020000 x29:0x00000030 PA:0x00020000 store:0x00000030 load:0x00000000
          22602	     11297	00100298	01cfd793	srli	x15,x31,0x1c	 x31:0x0e000000 x15=0x00000000
          22604	     11298	0010029c	00900713	addi	x14,x0,9	  x0:0x00000000 x14=0x00000009
          22606	     11299	001002a0	f2f76ae3	bltu	x14,x15,1001d4	 x14:0x00000009 x15:0x00000000
          22608	     11300	001002a4	03078393	addi	x7,x15,48	 x15:0x00000000  x7=0x00000030
          22610	     11301	001002a8	000205b7	lui	x11,0x20	 x11=0x00020000
          22614	     11303	001002ac	0075a023	sw	x7,0(x11)	 x11:0x00020000  x7:0x00000030 PA:0x00020000 store:0x00000030 load:0x00000000
          22616	     11304	001002b0	00f57513	andi	x10,x10,15	 x10:0x0000000e x10=0x0000000e
          22618	     11305	001002b4	00900613	addi	x12,x0,9	  x0:0x00000000 x12=0x00000009
          22620	     11306	001002b8	f2a67ae3	bgeu	x12,x10,1001ec	 x12:0x00000009 x10:0x0000000e
          22622	     11307	001002bc	03750693	addi	x13,x10,55	 x10:0x0000000e x13=0x00000045
          22624	     11308	001002c0	00020837	lui	x16,0x20	 x16=0x00020000
          22628	     11310	001002c4	00d82023	sw	x13,0(x16)	 x16:0x00020000 x13:0x00000045 PA:0x00020000 store:0x00000045 load:0x00000000
          22632	     11312	001002c8	00008067	jalr	x0,0(x1)	  x1:0x001013b8  x0=0x00000000
          22634	     11313	001013b8	a18b0513	addi	x10,x22,-1512	 x22:0x00102000 x10=0x00101a18
          22638	     11315	001013bc	ce5fe0ef	jal	x1,1000a0	  x1=0x001013c0
          22642	     11317	001000a0	00054803	lbu	x16,0(x10)	 x10:0x00101a18 x16=0x00000020 PA:0x00101a18 store:0x00000000
          22644	     11318	001000a4	06080663	beq	x16,x0,100110	 x16:0x00000020  x0:0x00000000
          22646	     11319	001000a8	000207b7	lui	x15,0x20	 x15=0x00020000
          22650	     11321	001000ac	0107a023	sw	x16,0(x15)	 x15:0x00020000 x16:0x00000020 PA:0x00020000 store:0x00000020 load:0x00000000
          22654	     11323	001000b0	00154703	lbu	x14,1(x10)	 x10:0x00101a18 x14=0x00000072 PA:0x00101a19 store:0x001013c0
          22656	     11324	001000b4	04070e63	beq	x14,x0,100110	 x14:0x00000072  x0:0x00000000
          22660	     11326	001000b8	00e7a023	sw	x14,0(x15)	 x15:0x00020000 x14:0x00000072 PA:0x00020000 store:0x00000072 load:0x00000000
          22664	     11328	001000bc	00254283	lbu	x5,2(x10)	 x10:0x00101a18  x5=0x00000065 PA:0x00101a1a store:0x00137fa0
          22666	     11329	001000c0	04028863	beq	x5,x0,100110	  x5:0x00000065  x0:0x00000000
          22670	     11331	001000c4	0057a023	sw	x5,0(x15)	 x15:0x00020000  x5:0x00000065 PA:0x00020000 store:0x00000065 load:0x00000000
          22674	     11333	001000c8	00354303	lbu	x6,3(x10)	 x10:0x00101a18  x6=0x00000073 PA:0x00101a1b store:0x00000000
          22676	     11334	001000cc	04030263	beq	x6,x0,100110	  x6:0x00000073  x0:0x00000000
          22680	     11336	001000d0	0067a023	sw	x6,0(x15)	 x15:0x00020000  x6:0x00000073 PA:0x00020000 store:0x00000073 load:0x00000000
          22684	     11338	001000d4	00454383	lbu	x7,4(x10)	 x10:0x00101a18  x7=0x00000075 PA:0x00101a1c store:0x00000000
          22686	     11339	001000d8	02038c63	beq	x7,x0,100110	  x7:0x00000075  x0:0x00000000
          22690	     11341	001000dc	0077a023	sw	x7,0(x15)	 x15:0x00020000  x7:0x00000075 PA:0x00020000 store:0x00000075 load:0x00000000
          22694	     11343	001000e0	00554583	lbu	x11,5(x10)	 x10:0x00101a18 x11=0x0000006c PA:0x00101a1d store:0x00000065
          22696	     11344	001000e4	02058663	beq	x11,x0,100110	 x11:0x0000006c  x0:0x00000000
          22700	     11346	001000e8	00b7a023	sw	x11,0(x15)	 x15:0x00020000 x11:0x0000006c PA:0x00020000 store:0x0000006c load:0x00000000
          22704	     11348	001000ec	00654603	lbu	x12,6(x10)	 x10:0x00101a18 x12=0x00000074 PA:0x00101a1e store:0x00000073
          22706	     11349	001000f0	02060063	beq	x12,x0,100110	 x12:0x00000074  x0:0x00000000
          22710	     11351	001000f4	00c7a023	sw	x12,0(x15)	 x15:0x00020000 x12:0x00000074 PA:0x00020000 store:0x00000074 load:0x00000000
          22714	     11353	001000f8	00754683	lbu	x13,7(x10)	 x10:0x00101a18 x13=0x0000003a PA:0x00101a1f store:0x00000075
          22716	     11354	001000fc	00850513	addi	x10,x10,8	 x10:0x00101a18 x10=0x00101a20
          22718	     11355	00100100	00068863	beq	x13,x0,100110	 x13:0x0000003a  x0:0x00000000
          22722	     11357	00100104	00d7a023	sw	x13,0(x15)	 x15:0x00020000 x13:0x0000003a PA:0x00020000 store:0x0000003a load:0x00000000
          22726	     11359	00100108	00054803	lbu	x16,0(x10)	 x10:0x00101a20 x16=0x00000020 PA:0x00101a20 store:0x00000000
          22730	     11361	0010010c	fa0810e3	bne	x16,x0,1000ac	 x16:0x00000020  x0:0x00000000
          22736	     11364	001000ac	0107a023	sw	x16,0(x15)	 x15:0x00020000 x16:0x00000020 PA:0x00020000 store:0x00000020 load:0x00000000
          22740	     11366	001000b0	00154703	lbu	x14,1(x10)	 x10:0x00101a20 x14=0x00000000 PA:0x00101a21 store:0x001013c0
          22744	     11368	001000b4	04070e63	beq	x14,x0,100110	 x14:0x00000000  x0:0x00000000
          22748	     11370	00100110	00000513	addi	x10,x0,0	  x0:0x00000000 x10=0x00000000
          22752	     11372	00100114	00008067	jalr	x0,0(x1)	  x1:0x001013c0  x0=0x00000000
          22756	     11374	001013c0	cf8a2503	lw	x10,-776(x20)	 x20:0x00102000 x10=0x3f80062a PA:0x00101cf8 store:0x0000000c
          22758	     11375	001013c4	003c0d93	addi	x27,x24,3	 x24:0x0000000c x27=0x0000000f
          22760	     11376	001013c8	004c0c13	addi	x24,x24,4	 x24:0x0000000c x24=0x00000010
          22764	     11378	001013cc	d55fe0ef	jal	x1,100120	  x1=0x001013d0
          22766	     11379	00100120	01c55793	srli	x15,x10,0x1c	 x10:0x3f80062a x15=0x00000003
          22768	     11380	00100124	00900713	addi	x14,x0,9	  x0:0x00000000 x14=0x00000009
          22772	     11382	00100128	0cf77a63	bgeu	x14,x15,1001fc	 x14:0x00000009 x15:0x00000003
          22776	     11384	001001fc	03078393	addi	x7,x15,48	 x15:0x00000003  x7=0x00000033
          22778	     11385	00100200	000205b7	lui	x11,0x20	 x11=0x00020000
          22780	     11386	00100204	00451613	slli	x12,x10,0x4	 x10:0x3f80062a x12=0xf80062a0
          22784	     11388	00100208	0075a023	sw	x7,0(x11)	 x11:0x00020000  x7:0x00000033 PA:0x00020000 store:0x00000033 load:0x00000000
          22786	     11389	0010020c	01c65693	srli	x13,x12,0x1c	 x12:0xf80062a0 x13=0x0000000f
          22788	     11390	00100210	00900813	addi	x16,x0,9	  x0:0x00000000 x16=0x00000009
          22792	     11392	00100214	f2d86ae3	bltu	x16,x13,100148	 x16:0x00000009 x13:0x0000000f
          22796	     11394	00100148	03768893	addi	x17,x13,55	 x13:0x0000000f x17=0x00000046
          22798	     11395	0010014c	00020e37	lui	x28,0x20	 x28=0x00020000
          22800	     11396	00100150	00851f93	slli	x31,x10,0x8	 x10:0x3f80062a x31=0x80062a00
          22804	     11398	00100154	011e2023	sw	x17,0(x28)	 x28:0x00020000 x17:0x00000046 PA:0x00020000 store:0x00000046 load:0x00000000
          22806	     11399	00100158	01cfd793	srli	x15,x31,0x1c	 x31:0x80062a00 x15=0x00000008
          22808	     11400	0010015c	00900713	addi	x14,x0,9	  x0:0x00000000 x14=0x00000009
          22812	     11402	00100160	0cf77a63	bgeu	x14,x15,100234	 x14:0x00000009 x15:0x00000008
          22816	     11404	00100234	03078393	addi	x7,x15,48	 x15:0x00000008  x7=0x00000038
          22818	     11405	00100238	000205b7	lui	x11,0x20	 x11=0x00020000
          22820	     11406	0010023c	00c51613	slli	x12,x10,0xc	 x10:0x3f80062a x12=0x0062a000
          22824	     11408	00100240	0075a023	sw	x7,0(x11)	 x11:0x00020000  x7:0x00000038 PA:0x00020000 store:0x00000038 load:0x00000000
          22826	     11409	00100244	01c65693	srli	x13,x12,0x1c	 x12:0x0062a000 x13=0x00000000
          22828	     11410	00100248	00900813	addi	x16,x0,9	  x0:0x00000000 x16=0x00000009
          22830	     11411	0010024c	f2d86ae3	bltu	x16,x13,100180	 x16:0x00000009 x13:0x00000000
          22832	     11412	00100250	03068e93	addi	x29,x13,48	 x13:0x00000000 x29=0x00000030
          22834	     11413	00100254	00020f37	lui	x30,0x20	 x30=0x00020000
          22836	     11414	00100258	01051f93	slli	x31,x10,0x10	 x10:0x3f80062a x31=0x062a0000
          22840	     11416	0010025c	01df2023	sw	x29,0(x30)	 x30:0x00020000 x29:0x00000030 PA:0x00020000 store:0x00000030 load:0x00000000
          22842	     11417	00100260	01cfd793	srli	x15,x31,0x1c	 x31:0x062a0000 x15=0x00000000
          22844	     11418	00100264	00900713	addi	x14,x0,9	  x0:0x00000000 x14=0x00000009
          22846	     11419	00100268	f2f76ae3	bltu	x14,x15,10019c	 x14:0x00000009 x15:0x00000000
          22848	     11420	0010026c	03078393	addi	x7,x15,48	 x15:0x00000000  x7=0x00000030
          22850	     11421	00100270	000205b7	lui	x11,0x20	 x11=0x00020000
          22852	     11422	00100274	01451613	slli	x12,x10,0x14	 x10:0x3f80062a x12=0x62a00000
          22856	     11424	00100278	0075a023	sw	x7,0(x11)	 x11:0x00020000  x7:0x00000030 PA:0x00020000 store:0x00000030 load:0x00000000
          22858	     11425	0010027c	01c65693	srli	x13,x12,0x1c	 x12:0x62a00000 x13=0x00000006
          22860	     11426	00100280	00900813	addi	x16,x0,9	  x0:0x00000000 x16=0x00000009
          22862	     11427	00100284	f2d86ae3	bltu	x16,x13,1001b8	 x16:0x00000009 x13:0x00000006
          22864	     11428	00100288	03068e93	addi	x29,x13,48	 x13:0x00000006 x29=0x00000036
          22866	     11429	0010028c	00020f37	lui	x30,0x20	 x30=0x00020000
          22868	     11430	00100290	01851f93	slli	x31,x10,0x18	 x10:0x3f80062a x31=0x2a000000
          22872	     11432	00100294	01df2023	sw	x29,0(x30)	 x30:0x00020000 x29:0x00000036 PA:0x00020000 store:0x00000036 load:0x00000000
          22874	     11433	00100298	01cfd793	srli	x15,x31,0x1c	 x31:0x2a000000 x15=0x00000002
          22876	     11434	0010029c	00900713	addi	x14,x0,9	  x0:0x00000000 x14=0x00000009
          22878	     11435	001002a0	f2f76ae3	bltu	x14,x15,1001d4	 x14:0x00000009 x15:0x00000002
          22880	     11436	001002a4	03078393	addi	x7,x15,48	 x15:0x00000002  x7=0x00000032
          22882	     11437	001002a8	000205b7	lui	x11,0x20	 x11=0x00020000
          22886	     11439	001002ac	0075a023	sw	x7,0(x11)	 x11:0x00020000  x7:0x00000032 PA:0x00020000 store:0x00000032 load:0x00000000
          22888	     11440	001002b0	00f57513	andi	x10,x10,15	 x10:0x3f80062a x10=0x0000000a
          22890	     11441	001002b4	00900613	addi	x12,x0,9	  x0:0x00000000 x12=0x00000009
          22892	     11442	001002b8	f2a67ae3	bgeu	x12,x10,1001ec	 x12:0x00000009 x10:0x0000000a
          22894	     11443	001002bc	03750693	addi	x13,x10,55	 x10:0x0000000a x13=0x00000041
          22896	     11444	001002c0	00020837	lui	x16,0x20	 x16=0x00020000
          22900	     11446	001002c4	00d82023	sw	x13,0(x16)	 x16:0x00020000 x13:0x00000041 PA:0x00020000 store:0x00000041 load:0x00000000
          22904	     11448	001002c8	00008067	jalr	x0,0(x1)	  x1:0x001013d0  x0=0x00000000
          22912	     11452	001013d0	a10a8513	addi	x10,x21,-1520	 x21:0x00102000 x10=0x00101a10
          22914	     11453	001013d4	d089a987	flw	f19,-760(x19)	 f19:0x00102000 f19=0x00000000 PA:0x00101d08 store:0x3f8018ab
          22934	     11463	001013d8	5809fa53	fsqrt.s	f20,f19	 f19:0x00102000 f20=0x00000000
          22936	     11464	001013dc	d149a427	fsw	f20,-760(x19)	 f19:0x00102000 f20:0x00102000 PA:0x00101d08 store:0x3f800315 load:0x3f80062a
          22938	     11465	001013e0	d089aa87	flw	f21,-760(x19)	 f19:0x00102000 f21=0x00000000 PA:0x00101d08 store:0x3f8018ab
          22940	     11466	001013e4	e00a82d3	fmv.x.w	x5,f21	 f21:0x00102000  x5=0x3f800315
          22942	     11467	001013e8	ce5a2c23	sw	x5,-776(x20)	 x20:0x00102000  x5:0x3f800315 PA:0x00101cf8 store:0x3f800315 load:0x3f800315
          22946	     11469	001013ec	cb5fe0ef	jal	x1,1000a0	  x1=0x001013f0
          22950	     11471	001000a0	00054803	lbu	x16,0(x10)	 x10:0x00101a10 x16=0x0000000a PA:0x00101a10 store:0x00000000
          22952	     11472	001000a4	06080663	beq	x16,x0,100110	 x16:0x0000000a  x0:0x00000000
          22954	     11473	001000a8	000207b7	lui	x15,0x20	 x15=0x00020000
          22958	     11475	001000ac	0107a023	sw	x16,0(x15)	 x15:0x00020000 x16:0x0000000a PA:0x00020000 store:0x0000000a load:0x00000000
          22962	     11477	001000b0	00154703	lbu	x14,1(x10)	 x10:0x00101a10 x14=0x00000020 PA:0x00101a11 store:0x001013f0
          22964	     11478	001000b4	04070e63	beq	x14,x0,100110	 x14:0x00000020  x0:0x00000000
          22968	     11480	001000b8	00e7a023	sw	x14,0(x15)	 x15:0x00020000 x14:0x00000020 PA:0x00020000 store:0x00000020 load:0x00000000
          22972	     11482	001000bc	00254283	lbu	x5,2(x10)	 x10:0x00101a10  x5=0x00000069 PA:0x00101a12 store:0x00137fa0
          22974	     11483	001000c0	04028863	beq	x5,x0,100110	  x5:0x00000069  x0:0x00000000
          22978	     11485	001000c4	0057a023	sw	x5,0(x15)	 x15:0x00020000  x5:0x00000069 PA:0x00020000 store:0x00000069 load:0x00000000
          22982	     11487	001000c8	00354303	lbu	x6,3(x10)	 x10:0x00101a10  x6=0x0000003d PA:0x00101a13 store:0x00000000
          22984	     11488	001000cc	04030263	beq	x6,x0,100110	  x6:0x0000003d  x0:0x00000000
          22988	     11490	001000d0	0067a023	sw	x6,0(x15)	 x15:0x00020000  x6:0x0000003d PA:0x00020000 store:0x0000003d load:0x00000000
          22992	     11492	001000d4	00454383	lbu	x7,4(x10)	 x10:0x00101a10  x7=0x00000000 PA:0x00101a14 store:0x00000000
          22996	     11494	001000d8	02038c63	beq	x7,x0,100110	  x7:0x00000000  x0:0x00000000
          23000	     11496	00100110	00000513	addi	x10,x0,0	  x0:0x00000000 x10=0x00000000
          23004	     11498	00100114	00008067	jalr	x0,0(x1)	  x1:0x001013f0  x0=0x00000000
          23006	     11499	001013f0	000d8513	addi	x10,x27,0	 x27:0x0000000f x10=0x0000000f
          23010	     11501	001013f4	d2dfe0ef	jal	x1,100120	  x1=0x001013f8
          23012	     11502	00100120	01c55793	srli	x15,x10,0x1c	 x10:0x0000000f x15=0x00000000
          23014	     11503	00100124	00900713	addi	x14,x0,9	  x0:0x00000000 x14=0x00000009
          23018	     11505	00100128	0cf77a63	bgeu	x14,x15,1001fc	 x14:0x00000009 x15:0x00000000
          23022	     11507	001001fc	03078393	addi	x7,x15,48	 x15:0x00000000  x7=0x00000030
          23024	     11508	00100200	000205b7	lui	x11,0x20	 x11=0x00020000
          23026	     11509	00100204	00451613	slli	x12,x10,0x4	 x10:0x0000000f x12=0x000000f0
          23030	     11511	00100208	0075a023	sw	x7,0(x11)	 x11:0x00020000  x7:0x00000030 PA:0x00020000 store:0x00000030 load:0x00000000
          23032	     11512	0010020c	01c65693	srli	x13,x12,0x1c	 x12:0x000000f0 x13=0x00000000
          23034	     11513	00100210	00900813	addi	x16,x0,9	  x0:0x00000000 x16=0x00000009
          23036	     11514	00100214	f2d86ae3	bltu	x16,x13,100148	 x16:0x00000009 x13:0x00000000
          23038	     11515	00100218	03068e93	addi	x29,x13,48	 x13:0x00000000 x29=0x00000030
          23040	     11516	0010021c	00020f37	lui	x30,0x20	 x30=0x00020000
          23042	     11517	00100220	00851f93	slli	x31,x10,0x8	 x10:0x0000000f x31=0x00000f00
          23046	     11519	00100224	01df2023	sw	x29,0(x30)	 x30:0x00020000 x29:0x00000030 PA:0x00020000 store:0x00000030 load:0x00000000
          23048	     11520	00100228	01cfd793	srli	x15,x31,0x1c	 x31:0x00000f00 x15=0x00000000
          23050	     11521	0010022c	00900713	addi	x14,x0,9	  x0:0x00000000 x14=0x00000009
          23052	     11522	00100230	f2f76ae3	bltu	x14,x15,100164	 x14:0x00000009 x15:0x00000000
          23054	     11523	00100234	03078393	addi	x7,x15,48	 x15:0x00000000  x7=0x00000030
          23056	     11524	00100238	000205b7	lui	x11,0x20	 x11=0x00020000
          23058	     11525	0010023c	00c51613	slli	x12,x10,0xc	 x10:0x0000000f x12=0x0000f000
          23062	     11527	00100240	0075a023	sw	x7,0(x11)	 x11:0x00020000  x7:0x00000030 PA:0x00020000 store:0x00000030 load:0x00000000
          23064	     11528	00100244	01c65693	srli	x13,x12,0x1c	 x12:0x0000f000 x13=0x00000000
          23066	     11529	00100248	00900813	addi	x16,x0,9	  x0:0x00000000 x16=0x00000009
          23068	     11530	0010024c	f2d86ae3	bltu	x16,x13,100180	 x16:0x00000009 x13:0x00000000
          23070	     11531	00100250	03068e93	addi	x29,x13,48	 x13:0x00000000 x29=0x00000030
          23072	     11532	00100254	00020f37	lui	x30,0x20	 x30=0x00020000
          23074	     11533	00100258	01051f93	slli	x31,x10,0x10	 x10:0x0000000f x31=0x000f0000
          23078	     11535	0010025c	01df2023	sw	x29,0(x30)	 x30:0x00020000 x29:0x00000030 PA:0x00020000 store:0x00000030 load:0x00000000
          23080	     11536	00100260	01cfd793	srli	x15,x31,0x1c	 x31:0x000f0000 x15=0x00000000
          23082	     11537	00100264	00900713	addi	x14,x0,9	  x0:0x00000000 x14=0x00000009
          23084	     11538	00100268	f2f76ae3	bltu	x14,x15,10019c	 x14:0x00000009 x15:0x00000000
          23086	     11539	0010026c	03078393	addi	x7,x15,48	 x15:0x00000000  x7=0x00000030
          23088	     11540	00100270	000205b7	lui	x11,0x20	 x11=0x00020000
          23090	     11541	00100274	01451613	slli	x12,x10,0x14	 x10:0x0000000f x12=0x00f00000
          23094	     11543	00100278	0075a023	sw	x7,0(x11)	 x11:0x00020000  x7:0x00000030 PA:0x00020000 store:0x00000030 load:0x00000000
          23096	     11544	0010027c	01c65693	srli	x13,x12,0x1c	 x12:0x00f00000 x13=0x00000000
          23098	     11545	00100280	00900813	addi	x16,x0,9	  x0:0x00000000 x16=0x00000009
          23100	     11546	00100284	f2d86ae3	bltu	x16,x13,1001b8	 x16:0x00000009 x13:0x00000000
          23102	     11547	00100288	03068e93	addi	x29,x13,48	 x13:0x00000000 x29=0x00000030
          23104	     11548	0010028c	00020f37	lui	x30,0x20	 x30=0x00020000
          23106	     11549	00100290	01851f93	slli	x31,x10,0x18	 x10:0x0000000f x31=0x0f000000
          23110	     11551	00100294	01df2023	sw	x29,0(x30)	 x30:0x00020000 x29:0x00000030 PA:0x00020000 store:0x00000030 load:0x00000000
          23112	     11552	00100298	01cfd793	srli	x15,x31,0x1c	 x31:0x0f000000 x15=0x00000000
          23114	     11553	0010029c	00900713	addi	x14,x0,9	  x0:0x00000000 x14=0x00000009
          23116	     11554	001002a0	f2f76ae3	bltu	x14,x15,1001d4	 x14:0x00000009 x15:0x00000000
          23118	     11555	001002a4	03078393	addi	x7,x15,48	 x15:0x00000000  x7=0x00000030
          23120	     11556	001002a8	000205b7	lui	x11,0x20	 x11=0x00020000
          23124	     11558	001002ac	0075a023	sw	x7,0(x11)	 x11:0x00020000  x7:0x00000030 PA:0x00020000 store:0x00000030 load:0x00000000
          23126	     11559	001002b0	00f57513	andi	x10,x10,15	 x10:0x0000000f x10=0x0000000f
          23128	     11560	001002b4	00900613	addi	x12,x0,9	  x0:0x00000000 x12=0x00000009
          23130	     11561	001002b8	f2a67ae3	bgeu	x12,x10,1001ec	 x12:0x00000009 x10:0x0000000f
          23132	     11562	001002bc	03750693	addi	x13,x10,55	 x10:0x0000000f x13=0x00000046
          23134	     11563	001002c0	00020837	lui	x16,0x20	 x16=0x00020000
          23138	     11565	001002c4	00d82023	sw	x13,0(x16)	 x16:0x00020000 x13:0x00000046 PA:0x00020000 store:0x00000046 load:0x00000000
          23142	     11567	001002c8	00008067	jalr	x0,0(x1)	  x1:0x001013f8  x0=0x00000000
          23144	     11568	001013f8	a18b0513	addi	x10,x22,-1512	 x22:0x00102000 x10=0x00101a18
          23148	     11570	001013fc	ca5fe0ef	jal	x1,1000a0	  x1=0x00101400
          23152	     11572	001000a0	00054803	lbu	x16,0(x10)	 x10:0x00101a18 x16=0x00000020 PA:0x00101a18 store:0x00000000
          23154	     11573	001000a4	06080663	beq	x16,x0,100110	 x16:0x00000020  x0:0x00000000
          23156	     11574	001000a8	000207b7	lui	x15,0x20	 x15=0x00020000
          23160	     11576	001000ac	0107a023	sw	x16,0(x15)	 x15:0x00020000 x16:0x00000020 PA:0x00020000 store:0x00000020 load:0x00000000
          23164	     11578	001000b0	00154703	lbu	x14,1(x10)	 x10:0x00101a18 x14=0x00000072 PA:0x00101a19 store:0x00101400
          23166	     11579	001000b4	04070e63	beq	x14,x0,100110	 x14:0x00000072  x0:0x00000000
          23170	     11581	001000b8	00e7a023	sw	x14,0(x15)	 x15:0x00020000 x14:0x00000072 PA:0x00020000 store:0x00000072 load:0x00000000
          23174	     11583	001000bc	00254283	lbu	x5,2(x10)	 x10:0x00101a18  x5=0x00000065 PA:0x00101a1a store:0x00137fa0
          23176	     11584	001000c0	04028863	beq	x5,x0,100110	  x5:0x00000065  x0:0x00000000
          23180	     11586	001000c4	0057a023	sw	x5,0(x15)	 x15:0x00020000  x5:0x00000065 PA:0x00020000 store:0x00000065 load:0x00000000
          23184	     11588	001000c8	00354303	lbu	x6,3(x10)	 x10:0x00101a18  x6=0x00000073 PA:0x00101a1b store:0x00000000
          23186	     11589	001000cc	04030263	beq	x6,x0,100110	  x6:0x00000073  x0:0x00000000
          23190	     11591	001000d0	0067a023	sw	x6,0(x15)	 x15:0x00020000  x6:0x00000073 PA:0x00020000 store:0x00000073 load:0x00000000
          23194	     11593	001000d4	00454383	lbu	x7,4(x10)	 x10:0x00101a18  x7=0x00000075 PA:0x00101a1c store:0x00000000
          23196	     11594	001000d8	02038c63	beq	x7,x0,100110	  x7:0x00000075  x0:0x00000000
          23200	     11596	001000dc	0077a023	sw	x7,0(x15)	 x15:0x00020000  x7:0x00000075 PA:0x00020000 store:0x00000075 load:0x00000000
          23204	     11598	001000e0	00554583	lbu	x11,5(x10)	 x10:0x00101a18 x11=0x0000006c PA:0x00101a1d store:0x00000065
          23206	     11599	001000e4	02058663	beq	x11,x0,100110	 x11:0x0000006c  x0:0x00000000
          23210	     11601	001000e8	00b7a023	sw	x11,0(x15)	 x15:0x00020000 x11:0x0000006c PA:0x00020000 store:0x0000006c load:0x00000000
          23214	     11603	001000ec	00654603	lbu	x12,6(x10)	 x10:0x00101a18 x12=0x00000074 PA:0x00101a1e store:0x00000073
          23216	     11604	001000f0	02060063	beq	x12,x0,100110	 x12:0x00000074  x0:0x00000000
          23220	     11606	001000f4	00c7a023	sw	x12,0(x15)	 x15:0x00020000 x12:0x00000074 PA:0x00020000 store:0x00000074 load:0x00000000
          23224	     11608	001000f8	00754683	lbu	x13,7(x10)	 x10:0x00101a18 x13=0x0000003a PA:0x00101a1f store:0x00000075
          23226	     11609	001000fc	00850513	addi	x10,x10,8	 x10:0x00101a18 x10=0x00101a20
          23228	     11610	00100100	00068863	beq	x13,x0,100110	 x13:0x0000003a  x0:0x00000000
          23232	     11612	00100104	00d7a023	sw	x13,0(x15)	 x15:0x00020000 x13:0x0000003a PA:0x00020000 store:0x0000003a load:0x00000000
          23236	     11614	00100108	00054803	lbu	x16,0(x10)	 x10:0x00101a20 x16=0x00000020 PA:0x00101a20 store:0x00000000
          23240	     11616	0010010c	fa0810e3	bne	x16,x0,1000ac	 x16:0x00000020  x0:0x00000000
          23246	     11619	001000ac	0107a023	sw	x16,0(x15)	 x15:0x00020000 x16:0x00000020 PA:0x00020000 store:0x00000020 load:0x00000000
          23250	     11621	001000b0	00154703	lbu	x14,1(x10)	 x10:0x00101a20 x14=0x00000000 PA:0x00101a21 store:0x00101400
          23254	     11623	001000b4	04070e63	beq	x14,x0,100110	 x14:0x00000000  x0:0x00000000
          23258	     11625	00100110	00000513	addi	x10,x0,0	  x0:0x00000000 x10=0x00000000
          23262	     11627	00100114	00008067	jalr	x0,0(x1)	  x1:0x00101400  x0=0x00000000
          23266	     11629	00101400	cf8a2503	lw	x10,-776(x20)	 x20:0x00102000 x10=0x3f800315 PA:0x00101cf8 store:0x00000010
          23270	     11631	00101404	d1dfe0ef	jal	x1,100120	  x1=0x00101408
          23272	     11632	00100120	01c55793	srli	x15,x10,0x1c	 x10:0x3f800315 x15=0x00000003
          23274	     11633	00100124	00900713	addi	x14,x0,9	  x0:0x00000000 x14=0x00000009
          23278	     11635	00100128	0cf77a63	bgeu	x14,x15,1001fc	 x14:0x00000009 x15:0x00000003
          23282	     11637	001001fc	03078393	addi	x7,x15,48	 x15:0x00000003  x7=0x00000033
          23284	     11638	00100200	000205b7	lui	x11,0x20	 x11=0x00020000
          23286	     11639	00100204	00451613	slli	x12,x10,0x4	 x10:0x3f800315 x12=0xf8003150
          23290	     11641	00100208	0075a023	sw	x7,0(x11)	 x11:0x00020000  x7:0x00000033 PA:0x00020000 store:0x00000033 load:0x00000000
          23292	     11642	0010020c	01c65693	srli	x13,x12,0x1c	 x12:0xf8003150 x13=0x0000000f
          23294	     11643	00100210	00900813	addi	x16,x0,9	  x0:0x00000000 x16=0x00000009
          23298	     11645	00100214	f2d86ae3	bltu	x16,x13,100148	 x16:0x00000009 x13:0x0000000f
          23302	     11647	00100148	03768893	addi	x17,x13,55	 x13:0x0000000f x17=0x00000046
          23304	     11648	0010014c	00020e37	lui	x28,0x20	 x28=0x00020000
          23306	     11649	00100150	00851f93	slli	x31,x10,0x8	 x10:0x3f800315 x31=0x80031500
          23310	     11651	00100154	011e2023	sw	x17,0(x28)	 x28:0x00020000 x17:0x00000046 PA:0x00020000 store:0x00000046 load:0x00000000
          23312	     11652	00100158	01cfd793	srli	x15,x31,0x1c	 x31:0x80031500 x15=0x00000008
          23314	     11653	0010015c	00900713	addi	x14,x0,9	  x0:0x00000000 x14=0x00000009
          23318	     11655	00100160	0cf77a63	bgeu	x14,x15,100234	 x14:0x00000009 x15:0x00000008
          23322	     11657	00100234	03078393	addi	x7,x15,48	 x15:0x00000008  x7=0x00000038
          23324	     11658	00100238	000205b7	lui	x11,0x20	 x11=0x00020000
          23326	     11659	0010023c	00c51613	slli	x12,x10,0xc	 x10:0x3f800315 x12=0x00315000
          23330	     11661	00100240	0075a023	sw	x7,0(x11)	 x11:0x00020000  x7:0x00000038 PA:0x00020000 store:0x00000038 load:0x00000000
          23332	     11662	00100244	01c65693	srli	x13,x12,0x1c	 x12:0x00315000 x13=0x00000000
          23334	     11663	00100248	00900813	addi	x16,x0,9	  x0:0x00000000 x16=0x00000009
          23336	     11664	0010024c	f2d86ae3	bltu	x16,x13,100180	 x16:0x00000009 x13:0x00000000
          23338	     11665	00100250	03068e93	addi	x29,x13,48	 x13:0x00000000 x29=0x00000030
          23340	     11666	00100254	00020f37	lui	x30,0x20	 x30=0x00020000
          23342	     11667	00100258	01051f93	slli	x31,x10,0x10	 x10:0x3f800315 x31=0x03150000
          23346	     11669	0010025c	01df2023	sw	x29,0(x30)	 x30:0x00020000 x29:0x00000030 PA:0x00020000 store:0x00000030 load:0x00000000
          23348	     11670	00100260	01cfd793	srli	x15,x31,0x1c	 x31:0x03150000 x15=0x00000000
          23350	     11671	00100264	00900713	addi	x14,x0,9	  x0:0x00000000 x14=0x00000009
          23352	     11672	00100268	f2f76ae3	bltu	x14,x15,10019c	 x14:0x00000009 x15:0x00000000
          23354	     11673	0010026c	03078393	addi	x7,x15,48	 x15:0x00000000  x7=0x00000030
          23356	     11674	00100270	000205b7	lui	x11,0x20	 x11=0x00020000
          23358	     11675	00100274	01451613	slli	x12,x10,0x14	 x10:0x3f800315 x12=0x31500000
          23362	     11677	00100278	0075a023	sw	x7,0(x11)	 x11:0x00020000  x7:0x00000030 PA:0x00020000 store:0x00000030 load:0x00000000
          23364	     11678	0010027c	01c65693	srli	x13,x12,0x1c	 x12:0x31500000 x13=0x00000003
          23366	     11679	00100280	00900813	addi	x16,x0,9	  x0:0x00000000 x16=0x00000009
          23368	     11680	00100284	f2d86ae3	bltu	x16,x13,1001b8	 x16:0x00000009 x13:0x00000003
          23370	     11681	00100288	03068e93	addi	x29,x13,48	 x13:0x00000003 x29=0x00000033
          23372	     11682	0010028c	00020f37	lui	x30,0x20	 x30=0x00020000
          23374	     11683	00100290	01851f93	slli	x31,x10,0x18	 x10:0x3f800315 x31=0x15000000
          23378	     11685	00100294	01df2023	sw	x29,0(x30)	 x30:0x00020000 x29:0x00000033 PA:0x00020000 store:0x00000033 load:0x00000000
          23380	     11686	00100298	01cfd793	srli	x15,x31,0x1c	 x31:0x15000000 x15=0x00000001
          23382	     11687	0010029c	00900713	addi	x14,x0,9	  x0:0x00000000 x14=0x00000009
          23384	     11688	001002a0	f2f76ae3	bltu	x14,x15,1001d4	 x14:0x00000009 x15:0x00000001
          23386	     11689	001002a4	03078393	addi	x7,x15,48	 x15:0x00000001  x7=0x00000031
          23388	     11690	001002a8	000205b7	lui	x11,0x20	 x11=0x00020000
          23392	     11692	001002ac	0075a023	sw	x7,0(x11)	 x11:0x00020000  x7:0x00000031 PA:0x00020000 store:0x00000031 load:0x00000000
          23394	     11693	001002b0	00f57513	andi	x10,x10,15	 x10:0x3f800315 x10=0x00000005
          23396	     11694	001002b4	00900613	addi	x12,x0,9	  x0:0x00000000 x12=0x00000009
          23400	     11696	001002b8	f2a67ae3	bgeu	x12,x10,1001ec	 x12:0x00000009 x10:0x00000005
          23404	     11698	001001ec	03050893	addi	x17,x10,48	 x10:0x00000005 x17=0x00000035
          23406	     11699	001001f0	00020e37	lui	x28,0x20	 x28=0x00020000
          23410	     11701	001001f4	011e2023	sw	x17,0(x28)	 x28:0x00020000 x17:0x00000035 PA:0x00020000 store:0x00000035 load:0x00000000
          23414	     11703	001001f8	00008067	jalr	x0,0(x1)	  x1:0x00101408  x0=0x00000000
          23418	     11705	00101408	f1ac18e3	bne	x24,x26,101318	 x24:0x00000010 x26:0x00000014
          23426	     11709	00101318	d089a607	flw	f12,-760(x19)	 f19:0x00102000 f12=0x00000000 PA:0x00101d08 store:0x3f8018ab
          23448	     11720	0010131c	580676d3	fsqrt.s	f13,f12	 f12:0x00000009 f13=0x00000000
          23450	     11721	00101320	d0d9a427	fsw	f13,-760(x19)	 f19:0x00102000 f13:0x00000003 PA:0x00101d08 store:0x3f80018a load:0x3f800315
          23452	     11722	00101324	d089a387	flw	f7,-760(x19)	 f19:0x00102000  f7=0x00000000 PA:0x00101d08 store:0x3f8018ab
          23456	     11724	00101328	a10a8513	addi	x10,x21,-1520	 x21:0x00102000 x10=0x00101a10
          23458	     11725	0010132c	e00386d3	fmv.x.w	x13,f7	  f7:0x00000031 x13=0x3f80018a
          23460	     11726	00101330	ceda2c23	sw	x13,-776(x20)	 x20:0x00102000 x13:0x3f80018a PA:0x00101cf8 store:0x3f80018a load:0x3f80018a
          23462	     11727	00101334	d6dfe0ef	jal	x1,1000a0	  x1=0x00101338
          23466	     11729	001000a0	00054803	lbu	x16,0(x10)	 x10:0x00101a10 x16=0x0000000a PA:0x00101a10 store:0x00000000
          23468	     11730	001000a4	06080663	beq	x16,x0,100110	 x16:0x0000000a  x0:0x00000000
          23470	     11731	001000a8	000207b7	lui	x15,0x20	 x15=0x00020000
          23474	     11733	001000ac	0107a023	sw	x16,0(x15)	 x15:0x00020000 x16:0x0000000a PA:0x00020000 store:0x0000000a load:0x00000000
          23478	     11735	001000b0	00154703	lbu	x14,1(x10)	 x10:0x00101a10 x14=0x00000020 PA:0x00101a11 store:0x00101338
          23480	     11736	001000b4	04070e63	beq	x14,x0,100110	 x14:0x00000020  x0:0x00000000
          23484	     11738	001000b8	00e7a023	sw	x14,0(x15)	 x15:0x00020000 x14:0x00000020 PA:0x00020000 store:0x00000020 load:0x00000000
          23488	     11740	001000bc	00254283	lbu	x5,2(x10)	 x10:0x00101a10  x5=0x00000069 PA:0x00101a12 store:0x00137fa0
          23490	     11741	001000c0	04028863	beq	x5,x0,100110	  x5:0x00000069  x0:0x00000000
          23494	     11743	001000c4	0057a023	sw	x5,0(x15)	 x15:0x00020000  x5:0x00000069 PA:0x00020000 store:0x00000069 load:0x00000000
          23498	     11745	001000c8	00354303	lbu	x6,3(x10)	 x10:0x00101a10  x6=0x0000003d PA:0x00101a13 store:0x00000000
          23500	     11746	001000cc	04030263	beq	x6,x0,100110	  x6:0x0000003d  x0:0x00000000
          23504	     11748	001000d0	0067a023	sw	x6,0(x15)	 x15:0x00020000  x6:0x0000003d PA:0x00020000 store:0x0000003d load:0x00000000
          23508	     11750	001000d4	00454383	lbu	x7,4(x10)	 x10:0x00101a10  x7=0x00000000 PA:0x00101a14 store:0x00000000
          23512	     11752	001000d8	02038c63	beq	x7,x0,100110	  x7:0x00000000  x0:0x00000000
          23516	     11754	00100110	00000513	addi	x10,x0,0	  x0:0x00000000 x10=0x00000000
          23520	     11756	00100114	00008067	jalr	x0,0(x1)	  x1:0x00101338  x0=0x00000000
          23522	     11757	00101338	000c0513	addi	x10,x24,0	 x24:0x00000010 x10=0x00000010
          23526	     11759	0010133c	de5fe0ef	jal	x1,100120	  x1=0x00101340
          23528	     11760	00100120	01c55793	srli	x15,x10,0x1c	 x10:0x00000010 x15=0x00000000
          23530	     11761	00100124	00900713	addi	x14,x0,9	  x0:0x00000000 x14=0x00000009
          23534	     11763	00100128	0cf77a63	bgeu	x14,x15,1001fc	 x14:0x00000009 x15:0x00000000
          23538	     11765	001001fc	03078393	addi	x7,x15,48	 x15:0x00000000  x7=0x00000030
          23540	     11766	00100200	000205b7	lui	x11,0x20	 x11=0x00020000
          23542	     11767	00100204	00451613	slli	x12,x10,0x4	 x10:0x00000010 x12=0x00000100
          23546	     11769	00100208	0075a023	sw	x7,0(x11)	 x11:0x00020000  x7:0x00000030 PA:0x00020000 store:0x00000030 load:0x00000000
          23548	     11770	0010020c	01c65693	srli	x13,x12,0x1c	 x12:0x00000100 x13=0x00000000
          23550	     11771	00100210	00900813	addi	x16,x0,9	  x0:0x00000000 x16=0x00000009
          23552	     11772	00100214	f2d86ae3	bltu	x16,x13,100148	 x16:0x00000009 x13:0x00000000
          23554	     11773	00100218	03068e93	addi	x29,x13,48	 x13:0x00000000 x29=0x00000030
          23556	     11774	0010021c	00020f37	lui	x30,0x20	 x30=0x00020000
          23558	     11775	00100220	00851f93	slli	x31,x10,0x8	 x10:0x00000010 x31=0x00001000
          23562	     11777	00100224	01df2023	sw	x29,0(x30)	 x30:0x00020000 x29:0x00000030 PA:0x00020000 store:0x00000030 load:0x00000000
          23564	     11778	00100228	01cfd793	srli	x15,x31,0x1c	 x31:0x00001000 x15=0x00000000
          23566	     11779	0010022c	00900713	addi	x14,x0,9	  x0:0x00000000 x14=0x00000009
          23568	     11780	00100230	f2f76ae3	bltu	x14,x15,100164	 x14:0x00000009 x15:0x00000000
          23570	     11781	00100234	03078393	addi	x7,x15,48	 x15:0x00000000  x7=0x00000030
          23572	     11782	00100238	000205b7	lui	x11,0x20	 x11=0x00020000
          23574	     11783	0010023c	00c51613	slli	x12,x10,0xc	 x10:0x00000010 x12=0x00010000
          23578	     11785	00100240	0075a023	sw	x7,0(x11)	 x11:0x00020000  x7:0x00000030 PA:0x00020000 store:0x00000030 load:0x00000000
          23580	     11786	00100244	01c65693	srli	x13,x12,0x1c	 x12:0x00010000 x13=0x00000000
          23582	     11787	00100248	00900813	addi	x16,x0,9	  x0:0x00000000 x16=0x00000009
          23584	     11788	0010024c	f2d86ae3	bltu	x16,x13,100180	 x16:0x00000009 x13:0x00000000
          23586	     11789	00100250	03068e93	addi	x29,x13,48	 x13:0x00000000 x29=0x00000030
          23588	     11790	00100254	00020f37	lui	x30,0x20	 x30=0x00020000
          23590	     11791	00100258	01051f93	slli	x31,x10,0x10	 x10:0x00000010 x31=0x00100000
          23594	     11793	0010025c	01df2023	sw	x29,0(x30)	 x30:0x00020000 x29:0x00000030 PA:0x00020000 store:0x00000030 load:0x00000000
          23596	     11794	00100260	01cfd793	srli	x15,x31,0x1c	 x31:0x00100000 x15=0x00000000
          23598	     11795	00100264	00900713	addi	x14,x0,9	  x0:0x00000000 x14=0x00000009
          23600	     11796	00100268	f2f76ae3	bltu	x14,x15,10019c	 x14:0x00000009 x15:0x00000000
          23602	     11797	0010026c	03078393	addi	x7,x15,48	 x15:0x00000000  x7=0x00000030
          23604	     11798	00100270	000205b7	lui	x11,0x20	 x11=0x00020000
          23606	     11799	00100274	01451613	slli	x12,x10,0x14	 x10:0x00000010 x12=0x01000000
          23610	     11801	00100278	0075a023	sw	x7,0(x11)	 x11:0x00020000  x7:0x00000030 PA:0x00020000 store:0x00000030 load:0x00000000
          23612	     11802	0010027c	01c65693	srli	x13,x12,0x1c	 x12:0x01000000 x13=0x00000000
          23614	     11803	00100280	00900813	addi	x16,x0,9	  x0:0x00000000 x16=0x00000009
          23616	     11804	00100284	f2d86ae3	bltu	x16,x13,1001b8	 x16:0x00000009 x13:0x00000000
          23618	     11805	00100288	03068e93	addi	x29,x13,48	 x13:0x00000000 x29=0x00000030
          23620	     11806	0010028c	00020f37	lui	x30,0x20	 x30=0x00020000
          23622	     11807	00100290	01851f93	slli	x31,x10,0x18	 x10:0x00000010 x31=0x10000000
          23626	     11809	00100294	01df2023	sw	x29,0(x30)	 x30:0x00020000 x29:0x00000030 PA:0x00020000 store:0x00000030 load:0x00000000
          23628	     11810	00100298	01cfd793	srli	x15,x31,0x1c	 x31:0x10000000 x15=0x00000001
          23630	     11811	0010029c	00900713	addi	x14,x0,9	  x0:0x00000000 x14=0x00000009
          23632	     11812	001002a0	f2f76ae3	bltu	x14,x15,1001d4	 x14:0x00000009 x15:0x00000001
          23634	     11813	001002a4	03078393	addi	x7,x15,48	 x15:0x00000001  x7=0x00000031
          23636	     11814	001002a8	000205b7	lui	x11,0x20	 x11=0x00020000
          23640	     11816	001002ac	0075a023	sw	x7,0(x11)	 x11:0x00020000  x7:0x00000031 PA:0x00020000 store:0x00000031 load:0x00000000
          23642	     11817	001002b0	00f57513	andi	x10,x10,15	 x10:0x00000010 x10=0x00000000
          23644	     11818	001002b4	00900613	addi	x12,x0,9	  x0:0x00000000 x12=0x00000009
          23648	     11820	001002b8	f2a67ae3	bgeu	x12,x10,1001ec	 x12:0x00000009 x10:0x00000000
          23652	     11822	001001ec	03050893	addi	x17,x10,48	 x10:0x00000000 x17=0x00000030
          23654	     11823	001001f0	00020e37	lui	x28,0x20	 x28=0x00020000
          23658	     11825	001001f4	011e2023	sw	x17,0(x28)	 x28:0x00020000 x17:0x00000030 PA:0x00020000 store:0x00000030 load:0x00000000
          23662	     11827	001001f8	00008067	jalr	x0,0(x1)	  x1:0x00101340  x0=0x00000000
          23664	     11828	00101340	a18b0513	addi	x10,x22,-1512	 x22:0x00102000 x10=0x00101a18
          23668	     11830	00101344	d5dfe0ef	jal	x1,1000a0	  x1=0x00101348
          23672	     11832	001000a0	00054803	lbu	x16,0(x10)	 x10:0x00101a18 x16=0x00000020 PA:0x00101a18 store:0x00000000
          23674	     11833	001000a4	06080663	beq	x16,x0,100110	 x16:0x00000020  x0:0x00000000
          23676	     11834	001000a8	000207b7	lui	x15,0x20	 x15=0x00020000
          23680	     11836	001000ac	0107a023	sw	x16,0(x15)	 x15:0x00020000 x16:0x00000020 PA:0x00020000 store:0x00000020 load:0x00000000
          23684	     11838	001000b0	00154703	lbu	x14,1(x10)	 x10:0x00101a18 x14=0x00000072 PA:0x00101a19 store:0x00101348
          23686	     11839	001000b4	04070e63	beq	x14,x0,100110	 x14:0x00000072  x0:0x00000000
          23690	     11841	001000b8	00e7a023	sw	x14,0(x15)	 x15:0x00020000 x14:0x00000072 PA:0x00020000 store:0x00000072 load:0x00000000
          23694	     11843	001000bc	00254283	lbu	x5,2(x10)	 x10:0x00101a18  x5=0x00000065 PA:0x00101a1a store:0x00137fa0
          23696	     11844	001000c0	04028863	beq	x5,x0,100110	  x5:0x00000065  x0:0x00000000
          23700	     11846	001000c4	0057a023	sw	x5,0(x15)	 x15:0x00020000  x5:0x00000065 PA:0x00020000 store:0x00000065 load:0x00000000
          23704	     11848	001000c8	00354303	lbu	x6,3(x10)	 x10:0x00101a18  x6=0x00000073 PA:0x00101a1b store:0x00000000
          23706	     11849	001000cc	04030263	beq	x6,x0,100110	  x6:0x00000073  x0:0x00000000
          23710	     11851	001000d0	0067a023	sw	x6,0(x15)	 x15:0x00020000  x6:0x00000073 PA:0x00020000 store:0x00000073 load:0x00000000
          23714	     11853	001000d4	00454383	lbu	x7,4(x10)	 x10:0x00101a18  x7=0x00000075 PA:0x00101a1c store:0x00000000
          23716	     11854	001000d8	02038c63	beq	x7,x0,100110	  x7:0x00000075  x0:0x00000000
          23720	     11856	001000dc	0077a023	sw	x7,0(x15)	 x15:0x00020000  x7:0x00000075 PA:0x00020000 store:0x00000075 load:0x00000000
          23724	     11858	001000e0	00554583	lbu	x11,5(x10)	 x10:0x00101a18 x11=0x0000006c PA:0x00101a1d store:0x00000065
          23726	     11859	001000e4	02058663	beq	x11,x0,100110	 x11:0x0000006c  x0:0x00000000
          23730	     11861	001000e8	00b7a023	sw	x11,0(x15)	 x15:0x00020000 x11:0x0000006c PA:0x00020000 store:0x0000006c load:0x00000000
          23734	     11863	001000ec	00654603	lbu	x12,6(x10)	 x10:0x00101a18 x12=0x00000074 PA:0x00101a1e store:0x00000073
          23736	     11864	001000f0	02060063	beq	x12,x0,100110	 x12:0x00000074  x0:0x00000000
          23740	     11866	001000f4	00c7a023	sw	x12,0(x15)	 x15:0x00020000 x12:0x00000074 PA:0x00020000 store:0x00000074 load:0x00000000
          23744	     11868	001000f8	00754683	lbu	x13,7(x10)	 x10:0x00101a18 x13=0x0000003a PA:0x00101a1f store:0x00000075
          23746	     11869	001000fc	00850513	addi	x10,x10,8	 x10:0x00101a18 x10=0x00101a20
          23748	     11870	00100100	00068863	beq	x13,x0,100110	 x13:0x0000003a  x0:0x00000000
          23752	     11872	00100104	00d7a023	sw	x13,0(x15)	 x15:0x00020000 x13:0x0000003a PA:0x00020000 store:0x0000003a load:0x00000000
          23756	     11874	00100108	00054803	lbu	x16,0(x10)	 x10:0x00101a20 x16=0x00000020 PA:0x00101a20 store:0x00000000
          23760	     11876	0010010c	fa0810e3	bne	x16,x0,1000ac	 x16:0x00000020  x0:0x00000000
          23766	     11879	001000ac	0107a023	sw	x16,0(x15)	 x15:0x00020000 x16:0x00000020 PA:0x00020000 store:0x00000020 load:0x00000000
          23770	     11881	001000b0	00154703	lbu	x14,1(x10)	 x10:0x00101a20 x14=0x00000000 PA:0x00101a21 store:0x00101348
          23774	     11883	001000b4	04070e63	beq	x14,x0,100110	 x14:0x00000000  x0:0x00000000
          23778	     11885	00100110	00000513	addi	x10,x0,0	  x0:0x00000000 x10=0x00000000
          23782	     11887	00100114	00008067	jalr	x0,0(x1)	  x1:0x00101348  x0=0x00000000
          23786	     11889	00101348	cf8a2503	lw	x10,-776(x20)	 x20:0x00102000 x10=0x3f80018a PA:0x00101cf8 store:0x00000010
          23788	     11890	0010134c	001c0d93	addi	x27,x24,1	 x24:0x00000010 x27=0x00000011
          23792	     11892	00101350	dd1fe0ef	jal	x1,100120	  x1=0x00101354
          23794	     11893	00100120	01c55793	srli	x15,x10,0x1c	 x10:0x3f80018a x15=0x00000003
          23796	     11894	00100124	00900713	addi	x14,x0,9	  x0:0x00000000 x14=0x00000009
          23800	     11896	00100128	0cf77a63	bgeu	x14,x15,1001fc	 x14:0x00000009 x15:0x00000003
          23804	     11898	001001fc	03078393	addi	x7,x15,48	 x15:0x00000003  x7=0x00000033
          23806	     11899	00100200	000205b7	lui	x11,0x20	 x11=0x00020000
          23808	     11900	00100204	00451613	slli	x12,x10,0x4	 x10:0x3f80018a x12=0xf80018a0
          23812	     11902	00100208	0075a023	sw	x7,0(x11)	 x11:0x00020000  x7:0x00000033 PA:0x00020000 store:0x00000033 load:0x00000000
          23814	     11903	0010020c	01c65693	srli	x13,x12,0x1c	 x12:0xf80018a0 x13=0x0000000f
          23816	     11904	00100210	00900813	addi	x16,x0,9	  x0:0x00000000 x16=0x00000009
          23820	     11906	00100214	f2d86ae3	bltu	x16,x13,100148	 x16:0x00000009 x13:0x0000000f
          23824	     11908	00100148	03768893	addi	x17,x13,55	 x13:0x0000000f x17=0x00000046
          23826	     11909	0010014c	00020e37	lui	x28,0x20	 x28=0x00020000
          23828	     11910	00100150	00851f93	slli	x31,x10,0x8	 x10:0x3f80018a x31=0x80018a00
          23832	     11912	00100154	011e2023	sw	x17,0(x28)	 x28:0x00020000 x17:0x00000046 PA:0x00020000 store:0x00000046 load:0x00000000
          23834	     11913	00100158	01cfd793	srli	x15,x31,0x1c	 x31:0x80018a00 x15=0x00000008
          23836	     11914	0010015c	00900713	addi	x14,x0,9	  x0:0x00000000 x14=0x00000009
          23840	     11916	00100160	0cf77a63	bgeu	x14,x15,100234	 x14:0x00000009 x15:0x00000008
          23844	     11918	00100234	03078393	addi	x7,x15,48	 x15:0x00000008  x7=0x00000038
          23846	     11919	00100238	000205b7	lui	x11,0x20	 x11=0x00020000
          23848	     11920	0010023c	00c51613	slli	x12,x10,0xc	 x10:0x3f80018a x12=0x0018a000
          23852	     11922	00100240	0075a023	sw	x7,0(x11)	 x11:0x00020000  x7:0x00000038 PA:0x00020000 store:0x00000038 load:0x00000000
          23854	     11923	00100244	01c65693	srli	x13,x12,0x1c	 x12:0x0018a000 x13=0x00000000
          23856	     11924	00100248	00900813	addi	x16,x0,9	  x0:0x00000000 x16=0x00000009
          23858	     11925	0010024c	f2d86ae3	bltu	x16,x13,100180	 x16:0x00000009 x13:0x00000000
          23860	     11926	00100250	03068e93	addi	x29,x13,48	 x13:0x00000000 x29=0x00000030
          23862	     11927	00100254	00020f37	lui	x30,0x20	 x30=0x00020000
          23864	     11928	00100258	01051f93	slli	x31,x10,0x10	 x10:0x3f80018a x31=0x018a0000
          23868	     11930	0010025c	01df2023	sw	x29,0(x30)	 x30:0x00020000 x29:0x00000030 PA:0x00020000 store:0x00000030 load:0x00000000
          23870	     11931	00100260	01cfd793	srli	x15,x31,0x1c	 x31:0x018a0000 x15=0x00000000
          23872	     11932	00100264	00900713	addi	x14,x0,9	  x0:0x00000000 x14=0x00000009
          23874	     11933	00100268	f2f76ae3	bltu	x14,x15,10019c	 x14:0x00000009 x15:0x00000000
          23876	     11934	0010026c	03078393	addi	x7,x15,48	 x15:0x00000000  x7=0x00000030
          23878	     11935	00100270	000205b7	lui	x11,0x20	 x11=0x00020000
          23880	     11936	00100274	01451613	slli	x12,x10,0x14	 x10:0x3f80018a x12=0x18a00000
          23884	     11938	00100278	0075a023	sw	x7,0(x11)	 x11:0x00020000  x7:0x00000030 PA:0x00020000 store:0x00000030 load:0x00000000
          23886	     11939	0010027c	01c65693	srli	x13,x12,0x1c	 x12:0x18a00000 x13=0x00000001
          23888	     11940	00100280	00900813	addi	x16,x0,9	  x0:0x00000000 x16=0x00000009
          23890	     11941	00100284	f2d86ae3	bltu	x16,x13,1001b8	 x16:0x00000009 x13:0x00000001
          23892	     11942	00100288	03068e93	addi	x29,x13,48	 x13:0x00000001 x29=0x00000031
          23894	     11943	0010028c	00020f37	lui	x30,0x20	 x30=0x00020000
          23896	     11944	00100290	01851f93	slli	x31,x10,0x18	 x10:0x3f80018a x31=0x8a000000
          23900	     11946	00100294	01df2023	sw	x29,0(x30)	 x30:0x00020000 x29:0x00000031 PA:0x00020000 store:0x00000031 load:0x00000000
          23902	     11947	00100298	01cfd793	srli	x15,x31,0x1c	 x31:0x8a000000 x15=0x00000008
          23904	     11948	0010029c	00900713	addi	x14,x0,9	  x0:0x00000000 x14=0x00000009
          23906	     11949	001002a0	f2f76ae3	bltu	x14,x15,1001d4	 x14:0x00000009 x15:0x00000008
          23908	     11950	001002a4	03078393	addi	x7,x15,48	 x15:0x00000008  x7=0x00000038
          23910	     11951	001002a8	000205b7	lui	x11,0x20	 x11=0x00020000
          23914	     11953	001002ac	0075a023	sw	x7,0(x11)	 x11:0x00020000  x7:0x00000038 PA:0x00020000 store:0x00000038 load:0x00000000
          23916	     11954	001002b0	00f57513	andi	x10,x10,15	 x10:0x3f80018a x10=0x0000000a
          23918	     11955	001002b4	00900613	addi	x12,x0,9	  x0:0x00000000 x12=0x00000009
          23920	     11956	001002b8	f2a67ae3	bgeu	x12,x10,1001ec	 x12:0x00000009 x10:0x0000000a
          23922	     11957	001002bc	03750693	addi	x13,x10,55	 x10:0x0000000a x13=0x00000041
          23924	     11958	001002c0	00020837	lui	x16,0x20	 x16=0x00020000
          23928	     11960	001002c4	00d82023	sw	x13,0(x16)	 x16:0x00020000 x13:0x00000041 PA:0x00020000 store:0x00000041 load:0x00000000
          23938	     11965	001002c8	00008067	jalr	x0,0(x1)	  x1:0x00101354  x0=0x00000000
          23940	     11966	00101354	d089a407	flw	f8,-760(x19)	 f19:0x00102000  f8=0x00000000 PA:0x00101d08 store:0x3f8018ab
          23960	     11976	00101358	580474d3	fsqrt.s	f9,f8	  f8:0x00102000  f9=0x00000000
          23962	     11977	0010135c	d099a427	fsw	f9,-760(x19)	 f19:0x00102000  f9:0x00102000 PA:0x00101d08 store:0x3f8000c5 load:0x3f80018a
          23964	     11978	00101360	d089a507	flw	f10,-760(x19)	 f19:0x00102000 f10=0x00000000 PA:0x00101d08 store:0x3f80018a
          23968	     11980	00101364	a10a8513	addi	x10,x21,-1520	 x21:0x00102000 x10=0x00101a10
          23970	     11981	00101368	e0050753	fmv.x.w	x14,f10	 f10:0x00101a10 x14=0x3f8000c5
          23972	     11982	0010136c	ceea2c23	sw	x14,-776(x20)	 x20:0x00102000 x14:0x3f8000c5 PA:0x00101cf8 store:0x3f8000c5 load:0x3f8000c5
          23974	     11983	00101370	d31fe0ef	jal	x1,1000a0	  x1=0x00101374
          23978	     11985	001000a0	00054803	lbu	x16,0(x10)	 x10:0x00101a10 x16=0x0000000a PA:0x00101a10 store:0x00000000
          23980	     11986	001000a4	06080663	beq	x16,x0,100110	 x16:0x0000000a  x0:0x00000000
          23982	     11987	001000a8	000207b7	lui	x15,0x20	 x15=0x00020000
          23986	     11989	001000ac	0107a023	sw	x16,0(x15)	 x15:0x00020000 x16:0x0000000a PA:0x00020000 store:0x0000000a load:0x00000000
          23990	     11991	001000b0	00154703	lbu	x14,1(x10)	 x10:0x00101a10 x14=0x00000020 PA:0x00101a11 store:0x00101374
          23992	     11992	001000b4	04070e63	beq	x14,x0,100110	 x14:0x00000020  x0:0x00000000
          23996	     11994	001000b8	00e7a023	sw	x14,0(x15)	 x15:0x00020000 x14:0x00000020 PA:0x00020000 store:0x00000020 load:0x00000000
          24000	     11996	001000bc	00254283	lbu	x5,2(x10)	 x10:0x00101a10  x5=0x00000069 PA:0x00101a12 store:0x00137fa0
          24002	     11997	001000c0	04028863	beq	x5,x0,100110	  x5:0x00000069  x0:0x00000000
          24006	     11999	001000c4	0057a023	sw	x5,0(x15)	 x15:0x00020000  x5:0x00000069 PA:0x00020000 store:0x00000069 load:0x00000000
          24010	     12001	001000c8	00354303	lbu	x6,3(x10)	 x10:0x00101a10  x6=0x0000003d PA:0x00101a13 store:0x00000000
          24012	     12002	001000cc	04030263	beq	x6,x0,100110	  x6:0x0000003d  x0:0x00000000
          24016	     12004	001000d0	0067a023	sw	x6,0(x15)	 x15:0x00020000  x6:0x0000003d PA:0x00020000 store:0x0000003d load:0x00000000
          24020	     12006	001000d4	00454383	lbu	x7,4(x10)	 x10:0x00101a10  x7=0x00000000 PA:0x00101a14 store:0x00000000
          24024	     12008	001000d8	02038c63	beq	x7,x0,100110	  x7:0x00000000  x0:0x00000000
          24028	     12010	00100110	00000513	addi	x10,x0,0	  x0:0x00000000 x10=0x00000000
          24032	     12012	00100114	00008067	jalr	x0,0(x1)	  x1:0x00101374  x0=0x00000000
          24034	     12013	00101374	000d8513	addi	x10,x27,0	 x27:0x00000011 x10=0x00000011
          24038	     12015	00101378	da9fe0ef	jal	x1,100120	  x1=0x0010137c
          24040	     12016	00100120	01c55793	srli	x15,x10,0x1c	 x10:0x00000011 x15=0x00000000
          24042	     12017	00100124	00900713	addi	x14,x0,9	  x0:0x00000000 x14=0x00000009
          24046	     12019	00100128	0cf77a63	bgeu	x14,x15,1001fc	 x14:0x00000009 x15:0x00000000
          24050	     12021	001001fc	03078393	addi	x7,x15,48	 x15:0x00000000  x7=0x00000030
          24052	     12022	00100200	000205b7	lui	x11,0x20	 x11=0x00020000
          24054	     12023	00100204	00451613	slli	x12,x10,0x4	 x10:0x00000011 x12=0x00000110
          24058	     12025	00100208	0075a023	sw	x7,0(x11)	 x11:0x00020000  x7:0x00000030 PA:0x00020000 store:0x00000030 load:0x00000000
          24060	     12026	0010020c	01c65693	srli	x13,x12,0x1c	 x12:0x00000110 x13=0x00000000
          24062	     12027	00100210	00900813	addi	x16,x0,9	  x0:0x00000000 x16=0x00000009
          24064	     12028	00100214	f2d86ae3	bltu	x16,x13,100148	 x16:0x00000009 x13:0x00000000
          24066	     12029	00100218	03068e93	addi	x29,x13,48	 x13:0x00000000 x29=0x00000030
          24068	     12030	0010021c	00020f37	lui	x30,0x20	 x30=0x00020000
          24070	     12031	00100220	00851f93	slli	x31,x10,0x8	 x10:0x00000011 x31=0x00001100
          24074	     12033	00100224	01df2023	sw	x29,0(x30)	 x30:0x00020000 x29:0x00000030 PA:0x00020000 store:0x00000030 load:0x00000000
          24076	     12034	00100228	01cfd793	srli	x15,x31,0x1c	 x31:0x00001100 x15=0x00000000
          24078	     12035	0010022c	00900713	addi	x14,x0,9	  x0:0x00000000 x14=0x00000009
          24080	     12036	00100230	f2f76ae3	bltu	x14,x15,100164	 x14:0x00000009 x15:0x00000000
          24082	     12037	00100234	03078393	addi	x7,x15,48	 x15:0x00000000  x7=0x00000030
          24084	     12038	00100238	000205b7	lui	x11,0x20	 x11=0x00020000
          24086	     12039	0010023c	00c51613	slli	x12,x10,0xc	 x10:0x00000011 x12=0x00011000
          24090	     12041	00100240	0075a023	sw	x7,0(x11)	 x11:0x00020000  x7:0x00000030 PA:0x00020000 store:0x00000030 load:0x00000000
          24092	     12042	00100244	01c65693	srli	x13,x12,0x1c	 x12:0x00011000 x13=0x00000000
          24094	     12043	00100248	00900813	addi	x16,x0,9	  x0:0x00000000 x16=0x00000009
          24096	     12044	0010024c	f2d86ae3	bltu	x16,x13,100180	 x16:0x00000009 x13:0x00000000
          24098	     12045	00100250	03068e93	addi	x29,x13,48	 x13:0x00000000 x29=0x00000030
          24100	     12046	00100254	00020f37	lui	x30,0x20	 x30=0x00020000
          24102	     12047	00100258	01051f93	slli	x31,x10,0x10	 x10:0x00000011 x31=0x00110000
          24106	     12049	0010025c	01df2023	sw	x29,0(x30)	 x30:0x00020000 x29:0x00000030 PA:0x00020000 store:0x00000030 load:0x00000000
          24108	     12050	00100260	01cfd793	srli	x15,x31,0x1c	 x31:0x00110000 x15=0x00000000
          24110	     12051	00100264	00900713	addi	x14,x0,9	  x0:0x00000000 x14=0x00000009
          24112	     12052	00100268	f2f76ae3	bltu	x14,x15,10019c	 x14:0x00000009 x15:0x00000000
          24114	     12053	0010026c	03078393	addi	x7,x15,48	 x15:0x00000000  x7=0x00000030
          24116	     12054	00100270	000205b7	lui	x11,0x20	 x11=0x00020000
          24118	     12055	00100274	01451613	slli	x12,x10,0x14	 x10:0x00000011 x12=0x01100000
          24122	     12057	00100278	0075a023	sw	x7,0(x11)	 x11:0x00020000  x7:0x00000030 PA:0x00020000 store:0x00000030 load:0x00000000
          24124	     12058	0010027c	01c65693	srli	x13,x12,0x1c	 x12:0x01100000 x13=0x00000000
          24126	     12059	00100280	00900813	addi	x16,x0,9	  x0:0x00000000 x16=0x00000009
          24128	     12060	00100284	f2d86ae3	bltu	x16,x13,1001b8	 x16:0x00000009 x13:0x00000000
          24130	     12061	00100288	03068e93	addi	x29,x13,48	 x13:0x00000000 x29=0x00000030
          24132	     12062	0010028c	00020f37	lui	x30,0x20	 x30=0x00020000
          24134	     12063	00100290	01851f93	slli	x31,x10,0x18	 x10:0x00000011 x31=0x11000000
          24138	     12065	00100294	01df2023	sw	x29,0(x30)	 x30:0x00020000 x29:0x00000030 PA:0x00020000 store:0x00000030 load:0x00000000
          24140	     12066	00100298	01cfd793	srli	x15,x31,0x1c	 x31:0x11000000 x15=0x00000001
          24142	     12067	0010029c	00900713	addi	x14,x0,9	  x0:0x00000000 x14=0x00000009
          24144	     12068	001002a0	f2f76ae3	bltu	x14,x15,1001d4	 x14:0x00000009 x15:0x00000001
          24146	     12069	001002a4	03078393	addi	x7,x15,48	 x15:0x00000001  x7=0x00000031
          24148	     12070	001002a8	000205b7	lui	x11,0x20	 x11=0x00020000
          24152	     12072	001002ac	0075a023	sw	x7,0(x11)	 x11:0x00020000  x7:0x00000031 PA:0x00020000 store:0x00000031 load:0x00000000
          24154	     12073	001002b0	00f57513	andi	x10,x10,15	 x10:0x00000011 x10=0x00000001
          24156	     12074	001002b4	00900613	addi	x12,x0,9	  x0:0x00000000 x12=0x00000009
          24160	     12076	001002b8	f2a67ae3	bgeu	x12,x10,1001ec	 x12:0x00000009 x10:0x00000001
          24164	     12078	001001ec	03050893	addi	x17,x10,48	 x10:0x00000001 x17=0x00000031
          24166	     12079	001001f0	00020e37	lui	x28,0x20	 x28=0x00020000
          24170	     12081	001001f4	011e2023	sw	x17,0(x28)	 x28:0x00020000 x17:0x00000031 PA:0x00020000 store:0x00000031 load:0x00000000
          24174	     12083	001001f8	00008067	jalr	x0,0(x1)	  x1:0x0010137c  x0=0x00000000
          24176	     12084	0010137c	a18b0513	addi	x10,x22,-1512	 x22:0x00102000 x10=0x00101a18
          24180	     12086	00101380	d21fe0ef	jal	x1,1000a0	  x1=0x00101384
          24184	     12088	001000a0	00054803	lbu	x16,0(x10)	 x10:0x00101a18 x16=0x00000020 PA:0x00101a18 store:0x00000000
          24186	     12089	001000a4	06080663	beq	x16,x0,100110	 x16:0x00000020  x0:0x00000000
          24188	     12090	001000a8	000207b7	lui	x15,0x20	 x15=0x00020000
          24192	     12092	001000ac	0107a023	sw	x16,0(x15)	 x15:0x00020000 x16:0x00000020 PA:0x00020000 store:0x00000020 load:0x00000000
          24196	     12094	001000b0	00154703	lbu	x14,1(x10)	 x10:0x00101a18 x14=0x00000072 PA:0x00101a19 store:0x00101384
          24198	     12095	001000b4	04070e63	beq	x14,x0,100110	 x14:0x00000072  x0:0x00000000
          24202	     12097	001000b8	00e7a023	sw	x14,0(x15)	 x15:0x00020000 x14:0x00000072 PA:0x00020000 store:0x00000072 load:0x00000000
          24206	     12099	001000bc	00254283	lbu	x5,2(x10)	 x10:0x00101a18  x5=0x00000065 PA:0x00101a1a store:0x00137fa0
          24208	     12100	001000c0	04028863	beq	x5,x0,100110	  x5:0x00000065  x0:0x00000000
          24212	     12102	001000c4	0057a023	sw	x5,0(x15)	 x15:0x00020000  x5:0x00000065 PA:0x00020000 store:0x00000065 load:0x00000000
          24216	     12104	001000c8	00354303	lbu	x6,3(x10)	 x10:0x00101a18  x6=0x00000073 PA:0x00101a1b store:0x00000000
          24218	     12105	001000cc	04030263	beq	x6,x0,100110	  x6:0x00000073  x0:0x00000000
          24222	     12107	001000d0	0067a023	sw	x6,0(x15)	 x15:0x00020000  x6:0x00000073 PA:0x00020000 store:0x00000073 load:0x00000000
          24226	     12109	001000d4	00454383	lbu	x7,4(x10)	 x10:0x00101a18  x7=0x00000075 PA:0x00101a1c store:0x00000000
          24228	     12110	001000d8	02038c63	beq	x7,x0,100110	  x7:0x00000075  x0:0x00000000
          24232	     12112	001000dc	0077a023	sw	x7,0(x15)	 x15:0x00020000  x7:0x00000075 PA:0x00020000 store:0x00000075 load:0x00000000
          24236	     12114	001000e0	00554583	lbu	x11,5(x10)	 x10:0x00101a18 x11=0x0000006c PA:0x00101a1d store:0x00000065
          24238	     12115	001000e4	02058663	beq	x11,x0,100110	 x11:0x0000006c  x0:0x00000000
          24242	     12117	001000e8	00b7a023	sw	x11,0(x15)	 x15:0x00020000 x11:0x0000006c PA:0x00020000 store:0x0000006c load:0x00000000
          24246	     12119	001000ec	00654603	lbu	x12,6(x10)	 x10:0x00101a18 x12=0x00000074 PA:0x00101a1e store:0x00000073
          24248	     12120	001000f0	02060063	beq	x12,x0,100110	 x12:0x00000074  x0:0x00000000
          24252	     12122	001000f4	00c7a023	sw	x12,0(x15)	 x15:0x00020000 x12:0x00000074 PA:0x00020000 store:0x00000074 load:0x00000000
          24256	     12124	001000f8	00754683	lbu	x13,7(x10)	 x10:0x00101a18 x13=0x0000003a PA:0x00101a1f store:0x00000075
          24258	     12125	001000fc	00850513	addi	x10,x10,8	 x10:0x00101a18 x10=0x00101a20
          24260	     12126	00100100	00068863	beq	x13,x0,100110	 x13:0x0000003a  x0:0x00000000
          24264	     12128	00100104	00d7a023	sw	x13,0(x15)	 x15:0x00020000 x13:0x0000003a PA:0x00020000 store:0x0000003a load:0x00000000
          24268	     12130	00100108	00054803	lbu	x16,0(x10)	 x10:0x00101a20 x16=0x00000020 PA:0x00101a20 store:0x00000000
          24272	     12132	0010010c	fa0810e3	bne	x16,x0,1000ac	 x16:0x00000020  x0:0x00000000
          24278	     12135	001000ac	0107a023	sw	x16,0(x15)	 x15:0x00020000 x16:0x00000020 PA:0x00020000 store:0x00000020 load:0x00000000
          24282	     12137	001000b0	00154703	lbu	x14,1(x10)	 x10:0x00101a20 x14=0x00000000 PA:0x00101a21 store:0x00101384
          24286	     12139	001000b4	04070e63	beq	x14,x0,100110	 x14:0x00000000  x0:0x00000000
          24290	     12141	00100110	00000513	addi	x10,x0,0	  x0:0x00000000 x10=0x00000000
          24294	     12143	00100114	00008067	jalr	x0,0(x1)	  x1:0x00101384  x0=0x00000000
          24298	     12145	00101384	cf8a2503	lw	x10,-776(x20)	 x20:0x00102000 x10=0x3f8000c5 PA:0x00101cf8 store:0x00000010
          24300	     12146	00101388	002c0d93	addi	x27,x24,2	 x24:0x00000010 x27=0x00000012
          24304	     12148	0010138c	d95fe0ef	jal	x1,100120	  x1=0x00101390
          24306	     12149	00100120	01c55793	srli	x15,x10,0x1c	 x10:0x3f8000c5 x15=0x00000003
          24308	     12150	00100124	00900713	addi	x14,x0,9	  x0:0x00000000 x14=0x00000009
          24312	     12152	00100128	0cf77a63	bgeu	x14,x15,1001fc	 x14:0x00000009 x15:0x00000003
          24316	     12154	001001fc	03078393	addi	x7,x15,48	 x15:0x00000003  x7=0x00000033
          24318	     12155	00100200	000205b7	lui	x11,0x20	 x11=0x00020000
          24320	     12156	00100204	00451613	slli	x12,x10,0x4	 x10:0x3f8000c5 x12=0xf8000c50
          24324	     12158	00100208	0075a023	sw	x7,0(x11)	 x11:0x00020000  x7:0x00000033 PA:0x00020000 store:0x00000033 load:0x00000000
          24326	     12159	0010020c	01c65693	srli	x13,x12,0x1c	 x12:0xf8000c50 x13=0x0000000f
          24328	     12160	00100210	00900813	addi	x16,x0,9	  x0:0x00000000 x16=0x00000009
          24332	     12162	00100214	f2d86ae3	bltu	x16,x13,100148	 x16:0x00000009 x13:0x0000000f
          24336	     12164	00100148	03768893	addi	x17,x13,55	 x13:0x0000000f x17=0x00000046
          24338	     12165	0010014c	00020e37	lui	x28,0x20	 x28=0x00020000
          24340	     12166	00100150	00851f93	slli	x31,x10,0x8	 x10:0x3f8000c5 x31=0x8000c500
          24344	     12168	00100154	011e2023	sw	x17,0(x28)	 x28:0x00020000 x17:0x00000046 PA:0x00020000 store:0x00000046 load:0x00000000
          24346	     12169	00100158	01cfd793	srli	x15,x31,0x1c	 x31:0x8000c500 x15=0x00000008
          24348	     12170	0010015c	00900713	addi	x14,x0,9	  x0:0x00000000 x14=0x00000009
          24352	     12172	00100160	0cf77a63	bgeu	x14,x15,100234	 x14:0x00000009 x15:0x00000008
          24356	     12174	00100234	03078393	addi	x7,x15,48	 x15:0x00000008  x7=0x00000038
          24358	     12175	00100238	000205b7	lui	x11,0x20	 x11=0x00020000
          24360	     12176	0010023c	00c51613	slli	x12,x10,0xc	 x10:0x3f8000c5 x12=0x000c5000
          24364	     12178	00100240	0075a023	sw	x7,0(x11)	 x11:0x00020000  x7:0x00000038 PA:0x00020000 store:0x00000038 load:0x00000000
          24366	     12179	00100244	01c65693	srli	x13,x12,0x1c	 x12:0x000c5000 x13=0x00000000
          24368	     12180	00100248	00900813	addi	x16,x0,9	  x0:0x00000000 x16=0x00000009
          24370	     12181	0010024c	f2d86ae3	bltu	x16,x13,100180	 x16:0x00000009 x13:0x00000000
          24372	     12182	00100250	03068e93	addi	x29,x13,48	 x13:0x00000000 x29=0x00000030
          24374	     12183	00100254	00020f37	lui	x30,0x20	 x30=0x00020000
          24376	     12184	00100258	01051f93	slli	x31,x10,0x10	 x10:0x3f8000c5 x31=0x00c50000
          24380	     12186	0010025c	01df2023	sw	x29,0(x30)	 x30:0x00020000 x29:0x00000030 PA:0x00020000 store:0x00000030 load:0x00000000
          24382	     12187	00100260	01cfd793	srli	x15,x31,0x1c	 x31:0x00c50000 x15=0x00000000
          24384	     12188	00100264	00900713	addi	x14,x0,9	  x0:0x00000000 x14=0x00000009
          24386	     12189	00100268	f2f76ae3	bltu	x14,x15,10019c	 x14:0x00000009 x15:0x00000000
          24388	     12190	0010026c	03078393	addi	x7,x15,48	 x15:0x00000000  x7=0x00000030
          24390	     12191	00100270	000205b7	lui	x11,0x20	 x11=0x00020000
          24392	     12192	00100274	01451613	slli	x12,x10,0x14	 x10:0x3f8000c5 x12=0x0c500000
          24396	     12194	00100278	0075a023	sw	x7,0(x11)	 x11:0x00020000  x7:0x00000030 PA:0x00020000 store:0x00000030 load:0x00000000
          24398	     12195	0010027c	01c65693	srli	x13,x12,0x1c	 x12:0x0c500000 x13=0x00000000
          24400	     12196	00100280	00900813	addi	x16,x0,9	  x0:0x00000000 x16=0x00000009
          24402	     12197	00100284	f2d86ae3	bltu	x16,x13,1001b8	 x16:0x00000009 x13:0x00000000
          24404	     12198	00100288	03068e93	addi	x29,x13,48	 x13:0x00000000 x29=0x00000030
          24406	     12199	0010028c	00020f37	lui	x30,0x20	 x30=0x00020000
          24408	     12200	00100290	01851f93	slli	x31,x10,0x18	 x10:0x3f8000c5 x31=0xc5000000
          24412	     12202	00100294	01df2023	sw	x29,0(x30)	 x30:0x00020000 x29:0x00000030 PA:0x00020000 store:0x00000030 load:0x00000000
          24414	     12203	00100298	01cfd793	srli	x15,x31,0x1c	 x31:0xc5000000 x15=0x0000000c
          24416	     12204	0010029c	00900713	addi	x14,x0,9	  x0:0x00000000 x14=0x00000009
          24420	     12206	001002a0	f2f76ae3	bltu	x14,x15,1001d4	 x14:0x00000009 x15:0x0000000c
          24424	     12208	001001d4	03778293	addi	x5,x15,55	 x15:0x0000000c  x5=0x00000043
          24426	     12209	001001d8	00020337	lui	x6,0x20	  x6=0x00020000
          24430	     12211	001001dc	00532023	sw	x5,0(x6)	  x6:0x00020000  x5:0x00000043 PA:0x00020000 store:0x00000043 load:0x00000000
          24432	     12212	001001e0	00f57513	andi	x10,x10,15	 x10:0x3f8000c5 x10=0x00000005
          24434	     12213	001001e4	00900613	addi	x12,x0,9	  x0:0x00000000 x12=0x00000009
          24436	     12214	001001e8	0ca66a63	bltu	x12,x10,1002bc	 x12:0x00000009 x10:0x00000005
          24438	     12215	001001ec	03050893	addi	x17,x10,48	 x10:0x00000005 x17=0x00000035
          24440	     12216	001001f0	00020e37	lui	x28,0x20	 x28=0x00020000
          24444	     12218	001001f4	011e2023	sw	x17,0(x28)	 x28:0x00020000 x17:0x00000035 PA:0x00020000 store:0x00000035 load:0x00000000
          24454	     12223	001001f8	00008067	jalr	x0,0(x1)	  x1:0x00101390  x0=0x00000000
          24456	     12224	00101390	d089a807	flw	f16,-760(x19)	 f19:0x00102000 f16=0x00000000 PA:0x00101d08 store:0x3f80018a
          24478	     12235	00101394	a10a8513	addi	x10,x21,-1520	 x21:0x00102000 x10=0x00101a10
          24480	     12236	00101398	580878d3	fsqrt.s	f17,f16	 f16:0x00000009 f17=0x00000000
          24482	     12237	0010139c	d119a427	fsw	f17,-760(x19)	 f19:0x00102000 f17:0x00000035 PA:0x00101d08 store:0x3f800062 load:0x3f8000c5
          24484	     12238	001013a0	d089a907	flw	f18,-760(x19)	 f19:0x00102000 f18=0x00000000 PA:0x00101d08 store:0x3f80018a
          24486	     12239	001013a4	e00907d3	fmv.x.w	x15,f18	 f18:0x00102000 x15=0x3f800062
          24488	     12240	001013a8	cefa2c23	sw	x15,-776(x20)	 x20:0x00102000 x15:0x3f800062 PA:0x00101cf8 store:0x3f800062 load:0x3f800062
          24490	     12241	001013ac	cf5fe0ef	jal	x1,1000a0	  x1=0x001013b0
          24494	     12243	001000a0	00054803	lbu	x16,0(x10)	 x10:0x00101a10 x16=0x0000000a PA:0x00101a10 store:0x00000000
          24496	     12244	001000a4	06080663	beq	x16,x0,100110	 x16:0x0000000a  x0:0x00000000
          24498	     12245	001000a8	000207b7	lui	x15,0x20	 x15=0x00020000
          24502	     12247	001000ac	0107a023	sw	x16,0(x15)	 x15:0x00020000 x16:0x0000000a PA:0x00020000 store:0x0000000a load:0x00000000
          24506	     12249	001000b0	00154703	lbu	x14,1(x10)	 x10:0x00101a10 x14=0x00000020 PA:0x00101a11 store:0x001013b0
          24508	     12250	001000b4	04070e63	beq	x14,x0,100110	 x14:0x00000020  x0:0x00000000
          24512	     12252	001000b8	00e7a023	sw	x14,0(x15)	 x15:0x00020000 x14:0x00000020 PA:0x00020000 store:0x00000020 load:0x00000000
          24516	     12254	001000bc	00254283	lbu	x5,2(x10)	 x10:0x00101a10  x5=0x00000069 PA:0x00101a12 store:0x00137fa0
          24518	     12255	001000c0	04028863	beq	x5,x0,100110	  x5:0x00000069  x0:0x00000000
          24522	     12257	001000c4	0057a023	sw	x5,0(x15)	 x15:0x00020000  x5:0x00000069 PA:0x00020000 store:0x00000069 load:0x00000000
          24526	     12259	001000c8	00354303	lbu	x6,3(x10)	 x10:0x00101a10  x6=0x0000003d PA:0x00101a13 store:0x00000000
          24528	     12260	001000cc	04030263	beq	x6,x0,100110	  x6:0x0000003d  x0:0x00000000
          24532	     12262	001000d0	0067a023	sw	x6,0(x15)	 x15:0x00020000  x6:0x0000003d PA:0x00020000 store:0x0000003d load:0x00000000
          24536	     12264	001000d4	00454383	lbu	x7,4(x10)	 x10:0x00101a10  x7=0x00000000 PA:0x00101a14 store:0x00000000
          24540	     12266	001000d8	02038c63	beq	x7,x0,100110	  x7:0x00000000  x0:0x00000000
          24544	     12268	00100110	00000513	addi	x10,x0,0	  x0:0x00000000 x10=0x00000000
          24548	     12270	00100114	00008067	jalr	x0,0(x1)	  x1:0x001013b0  x0=0x00000000
          24550	     12271	001013b0	000d8513	addi	x10,x27,0	 x27:0x00000012 x10=0x00000012
          24554	     12273	001013b4	d6dfe0ef	jal	x1,100120	  x1=0x001013b8
          24556	     12274	00100120	01c55793	srli	x15,x10,0x1c	 x10:0x00000012 x15=0x00000000
          24558	     12275	00100124	00900713	addi	x14,x0,9	  x0:0x00000000 x14=0x00000009
          24562	     12277	00100128	0cf77a63	bgeu	x14,x15,1001fc	 x14:0x00000009 x15:0x00000000
          24566	     12279	001001fc	03078393	addi	x7,x15,48	 x15:0x00000000  x7=0x00000030
          24568	     12280	00100200	000205b7	lui	x11,0x20	 x11=0x00020000
          24570	     12281	00100204	00451613	slli	x12,x10,0x4	 x10:0x00000012 x12=0x00000120
          24574	     12283	00100208	0075a023	sw	x7,0(x11)	 x11:0x00020000  x7:0x00000030 PA:0x00020000 store:0x00000030 load:0x00000000
          24576	     12284	0010020c	01c65693	srli	x13,x12,0x1c	 x12:0x00000120 x13=0x00000000
          24578	     12285	00100210	00900813	addi	x16,x0,9	  x0:0x00000000 x16=0x00000009
          24580	     12286	00100214	f2d86ae3	bltu	x16,x13,100148	 x16:0x00000009 x13:0x00000000
          24582	     12287	00100218	03068e93	addi	x29,x13,48	 x13:0x00000000 x29=0x00000030
          24584	     12288	0010021c	00020f37	lui	x30,0x20	 x30=0x00020000
          24586	     12289	00100220	00851f93	slli	x31,x10,0x8	 x10:0x00000012 x31=0x00001200
          24590	     12291	00100224	01df2023	sw	x29,0(x30)	 x30:0x00020000 x29:0x00000030 PA:0x00020000 store:0x00000030 load:0x00000000
          24592	     12292	00100228	01cfd793	srli	x15,x31,0x1c	 x31:0x00001200 x15=0x00000000
          24594	     12293	0010022c	00900713	addi	x14,x0,9	  x0:0x00000000 x14=0x00000009
          24596	     12294	00100230	f2f76ae3	bltu	x14,x15,100164	 x14:0x00000009 x15:0x00000000
          24598	     12295	00100234	03078393	addi	x7,x15,48	 x15:0x00000000  x7=0x00000030
          24600	     12296	00100238	000205b7	lui	x11,0x20	 x11=0x00020000
          24602	     12297	0010023c	00c51613	slli	x12,x10,0xc	 x10:0x00000012 x12=0x00012000
          24606	     12299	00100240	0075a023	sw	x7,0(x11)	 x11:0x00020000  x7:0x00000030 PA:0x00020000 store:0x00000030 load:0x00000000
          24608	     12300	00100244	01c65693	srli	x13,x12,0x1c	 x12:0x00012000 x13=0x00000000
          24610	     12301	00100248	00900813	addi	x16,x0,9	  x0:0x00000000 x16=0x00000009
          24612	     12302	0010024c	f2d86ae3	bltu	x16,x13,100180	 x16:0x00000009 x13:0x00000000
          24614	     12303	00100250	03068e93	addi	x29,x13,48	 x13:0x00000000 x29=0x00000030
          24616	     12304	00100254	00020f37	lui	x30,0x20	 x30=0x00020000
          24618	     12305	00100258	01051f93	slli	x31,x10,0x10	 x10:0x00000012 x31=0x00120000
          24622	     12307	0010025c	01df2023	sw	x29,0(x30)	 x30:0x00020000 x29:0x00000030 PA:0x00020000 store:0x00000030 load:0x00000000
          24624	     12308	00100260	01cfd793	srli	x15,x31,0x1c	 x31:0x00120000 x15=0x00000000
          24626	     12309	00100264	00900713	addi	x14,x0,9	  x0:0x00000000 x14=0x00000009
          24628	     12310	00100268	f2f76ae3	bltu	x14,x15,10019c	 x14:0x00000009 x15:0x00000000
          24630	     12311	0010026c	03078393	addi	x7,x15,48	 x15:0x00000000  x7=0x00000030
          24632	     12312	00100270	000205b7	lui	x11,0x20	 x11=0x00020000
          24634	     12313	00100274	01451613	slli	x12,x10,0x14	 x10:0x00000012 x12=0x01200000
          24638	     12315	00100278	0075a023	sw	x7,0(x11)	 x11:0x00020000  x7:0x00000030 PA:0x00020000 store:0x00000030 load:0x00000000
          24640	     12316	0010027c	01c65693	srli	x13,x12,0x1c	 x12:0x01200000 x13=0x00000000
          24642	     12317	00100280	00900813	addi	x16,x0,9	  x0:0x00000000 x16=0x00000009
          24644	     12318	00100284	f2d86ae3	bltu	x16,x13,1001b8	 x16:0x00000009 x13:0x00000000
          24646	     12319	00100288	03068e93	addi	x29,x13,48	 x13:0x00000000 x29=0x00000030
          24648	     12320	0010028c	00020f37	lui	x30,0x20	 x30=0x00020000
          24650	     12321	00100290	01851f93	slli	x31,x10,0x18	 x10:0x00000012 x31=0x12000000
          24654	     12323	00100294	01df2023	sw	x29,0(x30)	 x30:0x00020000 x29:0x00000030 PA:0x00020000 store:0x00000030 load:0x00000000
          24656	     12324	00100298	01cfd793	srli	x15,x31,0x1c	 x31:0x12000000 x15=0x00000001
          24658	     12325	0010029c	00900713	addi	x14,x0,9	  x0:0x00000000 x14=0x00000009
          24660	     12326	001002a0	f2f76ae3	bltu	x14,x15,1001d4	 x14:0x00000009 x15:0x00000001
          24662	     12327	001002a4	03078393	addi	x7,x15,48	 x15:0x00000001  x7=0x00000031
          24664	     12328	001002a8	000205b7	lui	x11,0x20	 x11=0x00020000
          24668	     12330	001002ac	0075a023	sw	x7,0(x11)	 x11:0x00020000  x7:0x00000031 PA:0x00020000 store:0x00000031 load:0x00000000
          24670	     12331	001002b0	00f57513	andi	x10,x10,15	 x10:0x00000012 x10=0x00000002
          24672	     12332	001002b4	00900613	addi	x12,x0,9	  x0:0x00000000 x12=0x00000009
          24676	     12334	001002b8	f2a67ae3	bgeu	x12,x10,1001ec	 x12:0x00000009 x10:0x00000002
          24680	     12336	001001ec	03050893	addi	x17,x10,48	 x10:0x00000002 x17=0x00000032
          24682	     12337	001001f0	00020e37	lui	x28,0x20	 x28=0x00020000
          24686	     12339	001001f4	011e2023	sw	x17,0(x28)	 x28:0x00020000 x17:0x00000032 PA:0x00020000 store:0x00000032 load:0x00000000
          24690	     12341	001001f8	00008067	jalr	x0,0(x1)	  x1:0x001013b8  x0=0x00000000
          24692	     12342	001013b8	a18b0513	addi	x10,x22,-1512	 x22:0x00102000 x10=0x00101a18
          24696	     12344	001013bc	ce5fe0ef	jal	x1,1000a0	  x1=0x001013c0
          24700	     12346	001000a0	00054803	lbu	x16,0(x10)	 x10:0x00101a18 x16=0x00000020 PA:0x00101a18 store:0x00000000
          24702	     12347	001000a4	06080663	beq	x16,x0,100110	 x16:0x00000020  x0:0x00000000
          24704	     12348	001000a8	000207b7	lui	x15,0x20	 x15=0x00020000
          24708	     12350	001000ac	0107a023	sw	x16,0(x15)	 x15:0x00020000 x16:0x00000020 PA:0x00020000 store:0x00000020 load:0x00000000
          24712	     12352	001000b0	00154703	lbu	x14,1(x10)	 x10:0x00101a18 x14=0x00000072 PA:0x00101a19 store:0x001013c0
          24714	     12353	001000b4	04070e63	beq	x14,x0,100110	 x14:0x00000072  x0:0x00000000
          24718	     12355	001000b8	00e7a023	sw	x14,0(x15)	 x15:0x00020000 x14:0x00000072 PA:0x00020000 store:0x00000072 load:0x00000000
          24722	     12357	001000bc	00254283	lbu	x5,2(x10)	 x10:0x00101a18  x5=0x00000065 PA:0x00101a1a store:0x00137fa0
          24724	     12358	001000c0	04028863	beq	x5,x0,100110	  x5:0x00000065  x0:0x00000000
          24728	     12360	001000c4	0057a023	sw	x5,0(x15)	 x15:0x00020000  x5:0x00000065 PA:0x00020000 store:0x00000065 load:0x00000000
          24732	     12362	001000c8	00354303	lbu	x6,3(x10)	 x10:0x00101a18  x6=0x00000073 PA:0x00101a1b store:0x00000000
          24734	     12363	001000cc	04030263	beq	x6,x0,100110	  x6:0x00000073  x0:0x00000000
          24738	     12365	001000d0	0067a023	sw	x6,0(x15)	 x15:0x00020000  x6:0x00000073 PA:0x00020000 store:0x00000073 load:0x00000000
          24742	     12367	001000d4	00454383	lbu	x7,4(x10)	 x10:0x00101a18  x7=0x00000075 PA:0x00101a1c store:0x00000000
          24744	     12368	001000d8	02038c63	beq	x7,x0,100110	  x7:0x00000075  x0:0x00000000
          24748	     12370	001000dc	0077a023	sw	x7,0(x15)	 x15:0x00020000  x7:0x00000075 PA:0x00020000 store:0x00000075 load:0x00000000
          24752	     12372	001000e0	00554583	lbu	x11,5(x10)	 x10:0x00101a18 x11=0x0000006c PA:0x00101a1d store:0x00000065
          24754	     12373	001000e4	02058663	beq	x11,x0,100110	 x11:0x0000006c  x0:0x00000000
          24758	     12375	001000e8	00b7a023	sw	x11,0(x15)	 x15:0x00020000 x11:0x0000006c PA:0x00020000 store:0x0000006c load:0x00000000
          24762	     12377	001000ec	00654603	lbu	x12,6(x10)	 x10:0x00101a18 x12=0x00000074 PA:0x00101a1e store:0x00000073
          24764	     12378	001000f0	02060063	beq	x12,x0,100110	 x12:0x00000074  x0:0x00000000
          24768	     12380	001000f4	00c7a023	sw	x12,0(x15)	 x15:0x00020000 x12:0x00000074 PA:0x00020000 store:0x00000074 load:0x00000000
          24772	     12382	001000f8	00754683	lbu	x13,7(x10)	 x10:0x00101a18 x13=0x0000003a PA:0x00101a1f store:0x00000075
          24774	     12383	001000fc	00850513	addi	x10,x10,8	 x10:0x00101a18 x10=0x00101a20
          24776	     12384	00100100	00068863	beq	x13,x0,100110	 x13:0x0000003a  x0:0x00000000
          24780	     12386	00100104	00d7a023	sw	x13,0(x15)	 x15:0x00020000 x13:0x0000003a PA:0x00020000 store:0x0000003a load:0x00000000
          24784	     12388	00100108	00054803	lbu	x16,0(x10)	 x10:0x00101a20 x16=0x00000020 PA:0x00101a20 store:0x00000000
          24788	     12390	0010010c	fa0810e3	bne	x16,x0,1000ac	 x16:0x00000020  x0:0x00000000
          24794	     12393	001000ac	0107a023	sw	x16,0(x15)	 x15:0x00020000 x16:0x00000020 PA:0x00020000 store:0x00000020 load:0x00000000
          24798	     12395	001000b0	00154703	lbu	x14,1(x10)	 x10:0x00101a20 x14=0x00000000 PA:0x00101a21 store:0x001013c0
          24802	     12397	001000b4	04070e63	beq	x14,x0,100110	 x14:0x00000000  x0:0x00000000
          24806	     12399	00100110	00000513	addi	x10,x0,0	  x0:0x00000000 x10=0x00000000
          24810	     12401	00100114	00008067	jalr	x0,0(x1)	  x1:0x001013c0  x0=0x00000000
          24814	     12403	001013c0	cf8a2503	lw	x10,-776(x20)	 x20:0x00102000 x10=0x3f800062 PA:0x00101cf8 store:0x00000010
          24816	     12404	001013c4	003c0d93	addi	x27,x24,3	 x24:0x00000010 x27=0x00000013
          24818	     12405	001013c8	004c0c13	addi	x24,x24,4	 x24:0x00000010 x24=0x00000014
          24822	     12407	001013cc	d55fe0ef	jal	x1,100120	  x1=0x001013d0
          24824	     12408	00100120	01c55793	srli	x15,x10,0x1c	 x10:0x3f800062 x15=0x00000003
          24826	     12409	00100124	00900713	addi	x14,x0,9	  x0:0x00000000 x14=0x00000009
          24830	     12411	00100128	0cf77a63	bgeu	x14,x15,1001fc	 x14:0x00000009 x15:0x00000003
          24834	     12413	001001fc	03078393	addi	x7,x15,48	 x15:0x00000003  x7=0x00000033
          24836	     12414	00100200	000205b7	lui	x11,0x20	 x11=0x00020000
          24838	     12415	00100204	00451613	slli	x12,x10,0x4	 x10:0x3f800062 x12=0xf8000620
          24842	     12417	00100208	0075a023	sw	x7,0(x11)	 x11:0x00020000  x7:0x00000033 PA:0x00020000 store:0x00000033 load:0x00000000
          24844	     12418	0010020c	01c65693	srli	x13,x12,0x1c	 x12:0xf8000620 x13=0x0000000f
          24846	     12419	00100210	00900813	addi	x16,x0,9	  x0:0x00000000 x16=0x00000009
          24850	     12421	00100214	f2d86ae3	bltu	x16,x13,100148	 x16:0x00000009 x13:0x0000000f
          24854	     12423	00100148	03768893	addi	x17,x13,55	 x13:0x0000000f x17=0x00000046
          24856	     12424	0010014c	00020e37	lui	x28,0x20	 x28=0x00020000
          24858	     12425	00100150	00851f93	slli	x31,x10,0x8	 x10:0x3f800062 x31=0x80006200
          24862	     12427	00100154	011e2023	sw	x17,0(x28)	 x28:0x00020000 x17:0x00000046 PA:0x00020000 store:0x00000046 load:0x00000000
          24864	     12428	00100158	01cfd793	srli	x15,x31,0x1c	 x31:0x80006200 x15=0x00000008
          24866	     12429	0010015c	00900713	addi	x14,x0,9	  x0:0x00000000 x14=0x00000009
          24870	     12431	00100160	0cf77a63	bgeu	x14,x15,100234	 x14:0x00000009 x15:0x00000008
          24874	     12433	00100234	03078393	addi	x7,x15,48	 x15:0x00000008  x7=0x00000038
          24876	     12434	00100238	000205b7	lui	x11,0x20	 x11=0x00020000
          24878	     12435	0010023c	00c51613	slli	x12,x10,0xc	 x10:0x3f800062 x12=0x00062000
          24882	     12437	00100240	0075a023	sw	x7,0(x11)	 x11:0x00020000  x7:0x00000038 PA:0x00020000 store:0x00000038 load:0x00000000
          24884	     12438	00100244	01c65693	srli	x13,x12,0x1c	 x12:0x00062000 x13=0x00000000
          24886	     12439	00100248	00900813	addi	x16,x0,9	  x0:0x00000000 x16=0x00000009
          24888	     12440	0010024c	f2d86ae3	bltu	x16,x13,100180	 x16:0x00000009 x13:0x00000000
          24890	     12441	00100250	03068e93	addi	x29,x13,48	 x13:0x00000000 x29=0x00000030
          24892	     12442	00100254	00020f37	lui	x30,0x20	 x30=0x00020000
          24894	     12443	00100258	01051f93	slli	x31,x10,0x10	 x10:0x3f800062 x31=0x00620000
          24898	     12445	0010025c	01df2023	sw	x29,0(x30)	 x30:0x00020000 x29:0x00000030 PA:0x00020000 store:0x00000030 load:0x00000000
          24900	     12446	00100260	01cfd793	srli	x15,x31,0x1c	 x31:0x00620000 x15=0x00000000
          24902	     12447	00100264	00900713	addi	x14,x0,9	  x0:0x00000000 x14=0x00000009
          24904	     12448	00100268	f2f76ae3	bltu	x14,x15,10019c	 x14:0x00000009 x15:0x00000000
          24906	     12449	0010026c	03078393	addi	x7,x15,48	 x15:0x00000000  x7=0x00000030
          24908	     12450	00100270	000205b7	lui	x11,0x20	 x11=0x00020000
          24910	     12451	00100274	01451613	slli	x12,x10,0x14	 x10:0x3f800062 x12=0x06200000
          24914	     12453	00100278	0075a023	sw	x7,0(x11)	 x11:0x00020000  x7:0x00000030 PA:0x00020000 store:0x00000030 load:0x00000000
          24916	     12454	0010027c	01c65693	srli	x13,x12,0x1c	 x12:0x06200000 x13=0x00000000
          24918	     12455	00100280	00900813	addi	x16,x0,9	  x0:0x00000000 x16=0x00000009
          24920	     12456	00100284	f2d86ae3	bltu	x16,x13,1001b8	 x16:0x00000009 x13:0x00000000
          24922	     12457	00100288	03068e93	addi	x29,x13,48	 x13:0x00000000 x29=0x00000030
          24924	     12458	0010028c	00020f37	lui	x30,0x20	 x30=0x00020000
          24926	     12459	00100290	01851f93	slli	x31,x10,0x18	 x10:0x3f800062 x31=0x62000000
          24930	     12461	00100294	01df2023	sw	x29,0(x30)	 x30:0x00020000 x29:0x00000030 PA:0x00020000 store:0x00000030 load:0x00000000
          24932	     12462	00100298	01cfd793	srli	x15,x31,0x1c	 x31:0x62000000 x15=0x00000006
          24934	     12463	0010029c	00900713	addi	x14,x0,9	  x0:0x00000000 x14=0x00000009
          24936	     12464	001002a0	f2f76ae3	bltu	x14,x15,1001d4	 x14:0x00000009 x15:0x00000006
          24938	     12465	001002a4	03078393	addi	x7,x15,48	 x15:0x00000006  x7=0x00000036
          24940	     12466	001002a8	000205b7	lui	x11,0x20	 x11=0x00020000
          24944	     12468	001002ac	0075a023	sw	x7,0(x11)	 x11:0x00020000  x7:0x00000036 PA:0x00020000 store:0x00000036 load:0x00000000
          24946	     12469	001002b0	00f57513	andi	x10,x10,15	 x10:0x3f800062 x10=0x00000002
          24948	     12470	001002b4	00900613	addi	x12,x0,9	  x0:0x00000000 x12=0x00000009
          24952	     12472	001002b8	f2a67ae3	bgeu	x12,x10,1001ec	 x12:0x00000009 x10:0x00000002
          24956	     12474	001001ec	03050893	addi	x17,x10,48	 x10:0x00000002 x17=0x00000032
          24958	     12475	001001f0	00020e37	lui	x28,0x20	 x28=0x00020000
          24962	     12477	001001f4	011e2023	sw	x17,0(x28)	 x28:0x00020000 x17:0x00000032 PA:0x00020000 store:0x00000032 load:0x00000000
          24966	     12479	001001f8	00008067	jalr	x0,0(x1)	  x1:0x001013d0  x0=0x00000000
          24974	     12483	001013d0	a10a8513	addi	x10,x21,-1520	 x21:0x00102000 x10=0x00101a10
          24976	     12484	001013d4	d089a987	flw	f19,-760(x19)	 f19:0x00102000 f19=0x00000000 PA:0x00101d08 store:0x3f80018a
          24996	     12494	001013d8	5809fa53	fsqrt.s	f20,f19	 f19:0x00102000 f20=0x00000000
          24998	     12495	001013dc	d149a427	fsw	f20,-760(x19)	 f19:0x00102000 f20:0x00102000 PA:0x00101d08 store:0x3f800031 load:0x3f800062
          25000	     12496	001013e0	d089aa87	flw	f21,-760(x19)	 f19:0x00102000 f21=0x00000000 PA:0x00101d08 store:0x3f80018a
          25002	     12497	001013e4	e00a82d3	fmv.x.w	x5,f21	 f21:0x00102000  x5=0x3f800031
          25004	     12498	001013e8	ce5a2c23	sw	x5,-776(x20)	 x20:0x00102000  x5:0x3f800031 PA:0x00101cf8 store:0x3f800031 load:0x3f800031
          25008	     12500	001013ec	cb5fe0ef	jal	x1,1000a0	  x1=0x001013f0
          25012	     12502	001000a0	00054803	lbu	x16,0(x10)	 x10:0x00101a10 x16=0x0000000a PA:0x00101a10 store:0x00000000
          25014	     12503	001000a4	06080663	beq	x16,x0,100110	 x16:0x0000000a  x0:0x00000000
          25016	     12504	001000a8	000207b7	lui	x15,0x20	 x15=0x00020000
          25020	     12506	001000ac	0107a023	sw	x16,0(x15)	 x15:0x00020000 x16:0x0000000a PA:0x00020000 store:0x0000000a load:0x00000000
          25024	     12508	001000b0	00154703	lbu	x14,1(x10)	 x10:0x00101a10 x14=0x00000020 PA:0x00101a11 store:0x001013f0
          25026	     12509	001000b4	04070e63	beq	x14,x0,100110	 x14:0x00000020  x0:0x00000000
          25030	     12511	001000b8	00e7a023	sw	x14,0(x15)	 x15:0x00020000 x14:0x00000020 PA:0x00020000 store:0x00000020 load:0x00000000
          25034	     12513	001000bc	00254283	lbu	x5,2(x10)	 x10:0x00101a10  x5=0x00000069 PA:0x00101a12 store:0x00137fa0
          25036	     12514	001000c0	04028863	beq	x5,x0,100110	  x5:0x00000069  x0:0x00000000
          25040	     12516	001000c4	0057a023	sw	x5,0(x15)	 x15:0x00020000  x5:0x00000069 PA:0x00020000 store:0x00000069 load:0x00000000
          25044	     12518	001000c8	00354303	lbu	x6,3(x10)	 x10:0x00101a10  x6=0x0000003d PA:0x00101a13 store:0x00000000
          25046	     12519	001000cc	04030263	beq	x6,x0,100110	  x6:0x0000003d  x0:0x00000000
          25050	     12521	001000d0	0067a023	sw	x6,0(x15)	 x15:0x00020000  x6:0x0000003d PA:0x00020000 store:0x0000003d load:0x00000000
          25054	     12523	001000d4	00454383	lbu	x7,4(x10)	 x10:0x00101a10  x7=0x00000000 PA:0x00101a14 store:0x00000000
          25058	     12525	001000d8	02038c63	beq	x7,x0,100110	  x7:0x00000000  x0:0x00000000
          25062	     12527	00100110	00000513	addi	x10,x0,0	  x0:0x00000000 x10=0x00000000
          25066	     12529	00100114	00008067	jalr	x0,0(x1)	  x1:0x001013f0  x0=0x00000000
          25068	     12530	001013f0	000d8513	addi	x10,x27,0	 x27:0x00000013 x10=0x00000013
          25072	     12532	001013f4	d2dfe0ef	jal	x1,100120	  x1=0x001013f8
          25074	     12533	00100120	01c55793	srli	x15,x10,0x1c	 x10:0x00000013 x15=0x00000000
          25076	     12534	00100124	00900713	addi	x14,x0,9	  x0:0x00000000 x14=0x00000009
          25080	     12536	00100128	0cf77a63	bgeu	x14,x15,1001fc	 x14:0x00000009 x15:0x00000000
          25084	     12538	001001fc	03078393	addi	x7,x15,48	 x15:0x00000000  x7=0x00000030
          25086	     12539	00100200	000205b7	lui	x11,0x20	 x11=0x00020000
          25088	     12540	00100204	00451613	slli	x12,x10,0x4	 x10:0x00000013 x12=0x00000130
          25092	     12542	00100208	0075a023	sw	x7,0(x11)	 x11:0x00020000  x7:0x00000030 PA:0x00020000 store:0x00000030 load:0x00000000
          25094	     12543	0010020c	01c65693	srli	x13,x12,0x1c	 x12:0x00000130 x13=0x00000000
          25096	     12544	00100210	00900813	addi	x16,x0,9	  x0:0x00000000 x16=0x00000009
          25098	     12545	00100214	f2d86ae3	bltu	x16,x13,100148	 x16:0x00000009 x13:0x00000000
          25100	     12546	00100218	03068e93	addi	x29,x13,48	 x13:0x00000000 x29=0x00000030
          25102	     12547	0010021c	00020f37	lui	x30,0x20	 x30=0x00020000
          25104	     12548	00100220	00851f93	slli	x31,x10,0x8	 x10:0x00000013 x31=0x00001300
          25108	     12550	00100224	01df2023	sw	x29,0(x30)	 x30:0x00020000 x29:0x00000030 PA:0x00020000 store:0x00000030 load:0x00000000
          25110	     12551	00100228	01cfd793	srli	x15,x31,0x1c	 x31:0x00001300 x15=0x00000000
          25112	     12552	0010022c	00900713	addi	x14,x0,9	  x0:0x00000000 x14=0x00000009
          25114	     12553	00100230	f2f76ae3	bltu	x14,x15,100164	 x14:0x00000009 x15:0x00000000
          25116	     12554	00100234	03078393	addi	x7,x15,48	 x15:0x00000000  x7=0x00000030
          25118	     12555	00100238	000205b7	lui	x11,0x20	 x11=0x00020000
          25120	     12556	0010023c	00c51613	slli	x12,x10,0xc	 x10:0x00000013 x12=0x00013000
          25124	     12558	00100240	0075a023	sw	x7,0(x11)	 x11:0x00020000  x7:0x00000030 PA:0x00020000 store:0x00000030 load:0x00000000
          25126	     12559	00100244	01c65693	srli	x13,x12,0x1c	 x12:0x00013000 x13=0x00000000
          25128	     12560	00100248	00900813	addi	x16,x0,9	  x0:0x00000000 x16=0x00000009
          25130	     12561	0010024c	f2d86ae3	bltu	x16,x13,100180	 x16:0x00000009 x13:0x00000000
          25132	     12562	00100250	03068e93	addi	x29,x13,48	 x13:0x00000000 x29=0x00000030
          25134	     12563	00100254	00020f37	lui	x30,0x20	 x30=0x00020000
          25136	     12564	00100258	01051f93	slli	x31,x10,0x10	 x10:0x00000013 x31=0x00130000
          25140	     12566	0010025c	01df2023	sw	x29,0(x30)	 x30:0x00020000 x29:0x00000030 PA:0x00020000 store:0x00000030 load:0x00000000
          25142	     12567	00100260	01cfd793	srli	x15,x31,0x1c	 x31:0x00130000 x15=0x00000000
          25144	     12568	00100264	00900713	addi	x14,x0,9	  x0:0x00000000 x14=0x00000009
          25146	     12569	00100268	f2f76ae3	bltu	x14,x15,10019c	 x14:0x00000009 x15:0x00000000
          25148	     12570	0010026c	03078393	addi	x7,x15,48	 x15:0x00000000  x7=0x00000030
          25150	     12571	00100270	000205b7	lui	x11,0x20	 x11=0x00020000
          25152	     12572	00100274	01451613	slli	x12,x10,0x14	 x10:0x00000013 x12=0x01300000
          25156	     12574	00100278	0075a023	sw	x7,0(x11)	 x11:0x00020000  x7:0x00000030 PA:0x00020000 store:0x00000030 load:0x00000000
          25158	     12575	0010027c	01c65693	srli	x13,x12,0x1c	 x12:0x01300000 x13=0x00000000
          25160	     12576	00100280	00900813	addi	x16,x0,9	  x0:0x00000000 x16=0x00000009
          25162	     12577	00100284	f2d86ae3	bltu	x16,x13,1001b8	 x16:0x00000009 x13:0x00000000
          25164	     12578	00100288	03068e93	addi	x29,x13,48	 x13:0x00000000 x29=0x00000030
          25166	     12579	0010028c	00020f37	lui	x30,0x20	 x30=0x00020000
          25168	     12580	00100290	01851f93	slli	x31,x10,0x18	 x10:0x00000013 x31=0x13000000
          25172	     12582	00100294	01df2023	sw	x29,0(x30)	 x30:0x00020000 x29:0x00000030 PA:0x00020000 store:0x00000030 load:0x00000000
          25174	     12583	00100298	01cfd793	srli	x15,x31,0x1c	 x31:0x13000000 x15=0x00000001
          25176	     12584	0010029c	00900713	addi	x14,x0,9	  x0:0x00000000 x14=0x00000009
          25178	     12585	001002a0	f2f76ae3	bltu	x14,x15,1001d4	 x14:0x00000009 x15:0x00000001
          25180	     12586	001002a4	03078393	addi	x7,x15,48	 x15:0x00000001  x7=0x00000031
          25182	     12587	001002a8	000205b7	lui	x11,0x20	 x11=0x00020000
          25186	     12589	001002ac	0075a023	sw	x7,0(x11)	 x11:0x00020000  x7:0x00000031 PA:0x00020000 store:0x00000031 load:0x00000000
          25188	     12590	001002b0	00f57513	andi	x10,x10,15	 x10:0x00000013 x10=0x00000003
          25190	     12591	001002b4	00900613	addi	x12,x0,9	  x0:0x00000000 x12=0x00000009
          25194	     12593	001002b8	f2a67ae3	bgeu	x12,x10,1001ec	 x12:0x00000009 x10:0x00000003
          25198	     12595	001001ec	03050893	addi	x17,x10,48	 x10:0x00000003 x17=0x00000033
          25200	     12596	001001f0	00020e37	lui	x28,0x20	 x28=0x00020000
          25204	     12598	001001f4	011e2023	sw	x17,0(x28)	 x28:0x00020000 x17:0x00000033 PA:0x00020000 store:0x00000033 load:0x00000000
          25208	     12600	001001f8	00008067	jalr	x0,0(x1)	  x1:0x001013f8  x0=0x00000000
          25210	     12601	001013f8	a18b0513	addi	x10,x22,-1512	 x22:0x00102000 x10=0x00101a18
          25214	     12603	001013fc	ca5fe0ef	jal	x1,1000a0	  x1=0x00101400
          25218	     12605	001000a0	00054803	lbu	x16,0(x10)	 x10:0x00101a18 x16=0x00000020 PA:0x00101a18 store:0x00000000
          25220	     12606	001000a4	06080663	beq	x16,x0,100110	 x16:0x00000020  x0:0x00000000
          25222	     12607	001000a8	000207b7	lui	x15,0x20	 x15=0x00020000
          25226	     12609	001000ac	0107a023	sw	x16,0(x15)	 x15:0x00020000 x16:0x00000020 PA:0x00020000 store:0x00000020 load:0x00000000
          25230	     12611	001000b0	00154703	lbu	x14,1(x10)	 x10:0x00101a18 x14=0x00000072 PA:0x00101a19 store:0x00101400
          25232	     12612	001000b4	04070e63	beq	x14,x0,100110	 x14:0x00000072  x0:0x00000000
          25236	     12614	001000b8	00e7a023	sw	x14,0(x15)	 x15:0x00020000 x14:0x00000072 PA:0x00020000 store:0x00000072 load:0x00000000
          25240	     12616	001000bc	00254283	lbu	x5,2(x10)	 x10:0x00101a18  x5=0x00000065 PA:0x00101a1a store:0x00137fa0
          25242	     12617	001000c0	04028863	beq	x5,x0,100110	  x5:0x00000065  x0:0x00000000
          25246	     12619	001000c4	0057a023	sw	x5,0(x15)	 x15:0x00020000  x5:0x00000065 PA:0x00020000 store:0x00000065 load:0x00000000
          25250	     12621	001000c8	00354303	lbu	x6,3(x10)	 x10:0x00101a18  x6=0x00000073 PA:0x00101a1b store:0x00000000
          25252	     12622	001000cc	04030263	beq	x6,x0,100110	  x6:0x00000073  x0:0x00000000
          25256	     12624	001000d0	0067a023	sw	x6,0(x15)	 x15:0x00020000  x6:0x00000073 PA:0x00020000 store:0x00000073 load:0x00000000
          25260	     12626	001000d4	00454383	lbu	x7,4(x10)	 x10:0x00101a18  x7=0x00000075 PA:0x00101a1c store:0x00000000
          25262	     12627	001000d8	02038c63	beq	x7,x0,100110	  x7:0x00000075  x0:0x00000000
          25266	     12629	001000dc	0077a023	sw	x7,0(x15)	 x15:0x00020000  x7:0x00000075 PA:0x00020000 store:0x00000075 load:0x00000000
          25270	     12631	001000e0	00554583	lbu	x11,5(x10)	 x10:0x00101a18 x11=0x0000006c PA:0x00101a1d store:0x00000065
          25272	     12632	001000e4	02058663	beq	x11,x0,100110	 x11:0x0000006c  x0:0x00000000
          25276	     12634	001000e8	00b7a023	sw	x11,0(x15)	 x15:0x00020000 x11:0x0000006c PA:0x00020000 store:0x0000006c load:0x00000000
          25280	     12636	001000ec	00654603	lbu	x12,6(x10)	 x10:0x00101a18 x12=0x00000074 PA:0x00101a1e store:0x00000073
          25282	     12637	001000f0	02060063	beq	x12,x0,100110	 x12:0x00000074  x0:0x00000000
          25286	     12639	001000f4	00c7a023	sw	x12,0(x15)	 x15:0x00020000 x12:0x00000074 PA:0x00020000 store:0x00000074 load:0x00000000
          25290	     12641	001000f8	00754683	lbu	x13,7(x10)	 x10:0x00101a18 x13=0x0000003a PA:0x00101a1f store:0x00000075
          25292	     12642	001000fc	00850513	addi	x10,x10,8	 x10:0x00101a18 x10=0x00101a20
          25294	     12643	00100100	00068863	beq	x13,x0,100110	 x13:0x0000003a  x0:0x00000000
          25298	     12645	00100104	00d7a023	sw	x13,0(x15)	 x15:0x00020000 x13:0x0000003a PA:0x00020000 store:0x0000003a load:0x00000000
          25302	     12647	00100108	00054803	lbu	x16,0(x10)	 x10:0x00101a20 x16=0x00000020 PA:0x00101a20 store:0x00000000
          25306	     12649	0010010c	fa0810e3	bne	x16,x0,1000ac	 x16:0x00000020  x0:0x00000000
          25312	     12652	001000ac	0107a023	sw	x16,0(x15)	 x15:0x00020000 x16:0x00000020 PA:0x00020000 store:0x00000020 load:0x00000000
          25316	     12654	001000b0	00154703	lbu	x14,1(x10)	 x10:0x00101a20 x14=0x00000000 PA:0x00101a21 store:0x00101400
          25320	     12656	001000b4	04070e63	beq	x14,x0,100110	 x14:0x00000000  x0:0x00000000
          25324	     12658	00100110	00000513	addi	x10,x0,0	  x0:0x00000000 x10=0x00000000
          25328	     12660	00100114	00008067	jalr	x0,0(x1)	  x1:0x00101400  x0=0x00000000
          25332	     12662	00101400	cf8a2503	lw	x10,-776(x20)	 x20:0x00102000 x10=0x3f800031 PA:0x00101cf8 store:0x00000014
          25336	     12664	00101404	d1dfe0ef	jal	x1,100120	  x1=0x00101408
          25338	     12665	00100120	01c55793	srli	x15,x10,0x1c	 x10:0x3f800031 x15=0x00000003
          25340	     12666	00100124	00900713	addi	x14,x0,9	  x0:0x00000000 x14=0x00000009
          25344	     12668	00100128	0cf77a63	bgeu	x14,x15,1001fc	 x14:0x00000009 x15:0x00000003
          25348	     12670	001001fc	03078393	addi	x7,x15,48	 x15:0x00000003  x7=0x00000033
          25350	     12671	00100200	000205b7	lui	x11,0x20	 x11=0x00020000
          25352	     12672	00100204	00451613	slli	x12,x10,0x4	 x10:0x3f800031 x12=0xf8000310
          25356	     12674	00100208	0075a023	sw	x7,0(x11)	 x11:0x00020000  x7:0x00000033 PA:0x00020000 store:0x00000033 load:0x00000000
          25358	     12675	0010020c	01c65693	srli	x13,x12,0x1c	 x12:0xf8000310 x13=0x0000000f
          25360	     12676	00100210	00900813	addi	x16,x0,9	  x0:0x00000000 x16=0x00000009
          25364	     12678	00100214	f2d86ae3	bltu	x16,x13,100148	 x16:0x00000009 x13:0x0000000f
          25368	     12680	00100148	03768893	addi	x17,x13,55	 x13:0x0000000f x17=0x00000046
          25370	     12681	0010014c	00020e37	lui	x28,0x20	 x28=0x00020000
          25372	     12682	00100150	00851f93	slli	x31,x10,0x8	 x10:0x3f800031 x31=0x80003100
          25376	     12684	00100154	011e2023	sw	x17,0(x28)	 x28:0x00020000 x17:0x00000046 PA:0x00020000 store:0x00000046 load:0x00000000
          25378	     12685	00100158	01cfd793	srli	x15,x31,0x1c	 x31:0x80003100 x15=0x00000008
          25380	     12686	0010015c	00900713	addi	x14,x0,9	  x0:0x00000000 x14=0x00000009
          25384	     12688	00100160	0cf77a63	bgeu	x14,x15,100234	 x14:0x00000009 x15:0x00000008
          25388	     12690	00100234	03078393	addi	x7,x15,48	 x15:0x00000008  x7=0x00000038
          25390	     12691	00100238	000205b7	lui	x11,0x20	 x11=0x00020000
          25392	     12692	0010023c	00c51613	slli	x12,x10,0xc	 x10:0x3f800031 x12=0x00031000
          25396	     12694	00100240	0075a023	sw	x7,0(x11)	 x11:0x00020000  x7:0x00000038 PA:0x00020000 store:0x00000038 load:0x00000000
          25398	     12695	00100244	01c65693	srli	x13,x12,0x1c	 x12:0x00031000 x13=0x00000000
          25400	     12696	00100248	00900813	addi	x16,x0,9	  x0:0x00000000 x16=0x00000009
          25402	     12697	0010024c	f2d86ae3	bltu	x16,x13,100180	 x16:0x00000009 x13:0x00000000
          25404	     12698	00100250	03068e93	addi	x29,x13,48	 x13:0x00000000 x29=0x00000030
          25406	     12699	00100254	00020f37	lui	x30,0x20	 x30=0x00020000
          25408	     12700	00100258	01051f93	slli	x31,x10,0x10	 x10:0x3f800031 x31=0x00310000
          25412	     12702	0010025c	01df2023	sw	x29,0(x30)	 x30:0x00020000 x29:0x00000030 PA:0x00020000 store:0x00000030 load:0x00000000
          25414	     12703	00100260	01cfd793	srli	x15,x31,0x1c	 x31:0x00310000 x15=0x00000000
          25416	     12704	00100264	00900713	addi	x14,x0,9	  x0:0x00000000 x14=0x00000009
          25418	     12705	00100268	f2f76ae3	bltu	x14,x15,10019c	 x14:0x00000009 x15:0x00000000
          25420	     12706	0010026c	03078393	addi	x7,x15,48	 x15:0x00000000  x7=0x00000030
          25422	     12707	00100270	000205b7	lui	x11,0x20	 x11=0x00020000
          25424	     12708	00100274	01451613	slli	x12,x10,0x14	 x10:0x3f800031 x12=0x03100000
          25428	     12710	00100278	0075a023	sw	x7,0(x11)	 x11:0x00020000  x7:0x00000030 PA:0x00020000 store:0x00000030 load:0x00000000
          25430	     12711	0010027c	01c65693	srli	x13,x12,0x1c	 x12:0x03100000 x13=0x00000000
          25432	     12712	00100280	00900813	addi	x16,x0,9	  x0:0x00000000 x16=0x00000009
          25434	     12713	00100284	f2d86ae3	bltu	x16,x13,1001b8	 x16:0x00000009 x13:0x00000000
          25436	     12714	00100288	03068e93	addi	x29,x13,48	 x13:0x00000000 x29=0x00000030
          25438	     12715	0010028c	00020f37	lui	x30,0x20	 x30=0x00020000
          25440	     12716	00100290	01851f93	slli	x31,x10,0x18	 x10:0x3f800031 x31=0x31000000
          25444	     12718	00100294	01df2023	sw	x29,0(x30)	 x30:0x00020000 x29:0x00000030 PA:0x00020000 store:0x00000030 load:0x00000000
          25446	     12719	00100298	01cfd793	srli	x15,x31,0x1c	 x31:0x31000000 x15=0x00000003
          25448	     12720	0010029c	00900713	addi	x14,x0,9	  x0:0x00000000 x14=0x00000009
          25450	     12721	001002a0	f2f76ae3	bltu	x14,x15,1001d4	 x14:0x00000009 x15:0x00000003
          25452	     12722	001002a4	03078393	addi	x7,x15,48	 x15:0x00000003  x7=0x00000033
          25454	     12723	001002a8	000205b7	lui	x11,0x20	 x11=0x00020000
          25458	     12725	001002ac	0075a023	sw	x7,0(x11)	 x11:0x00020000  x7:0x00000033 PA:0x00020000 store:0x00000033 load:0x00000000
          25460	     12726	001002b0	00f57513	andi	x10,x10,15	 x10:0x3f800031 x10=0x00000001
          25462	     12727	001002b4	00900613	addi	x12,x0,9	  x0:0x00000000 x12=0x00000009
          25466	     12729	001002b8	f2a67ae3	bgeu	x12,x10,1001ec	 x12:0x00000009 x10:0x00000001
          25470	     12731	001001ec	03050893	addi	x17,x10,48	 x10:0x00000001 x17=0x00000031
          25472	     12732	001001f0	00020e37	lui	x28,0x20	 x28=0x00020000
          25476	     12734	001001f4	011e2023	sw	x17,0(x28)	 x28:0x00020000 x17:0x00000031 PA:0x00020000 store:0x00000031 load:0x00000000
          25480	     12736	001001f8	00008067	jalr	x0,0(x1)	  x1:0x00101408  x0=0x00000000
          25482	     12737	00101408	f1ac18e3	bne	x24,x26,101318	 x24:0x00000014 x26:0x00000014
          25490	     12741	0010140c	00102537	lui	x10,0x102	 x10=0x00102000
          25492	     12742	00101410	93852e87	flw	f29,-1736(x10)	 f10:0x00102000 f29=0x00000000 PA:0x00101938 store:0x00000000
          25494	     12743	00101414	00102337	lui	x6,0x102	  x6=0x00102000
          25496	     12744	00101418	93c32f07	flw	f30,-1732(x6)	  f6:0x00102000 f30=0x00000000 PA:0x0010193c store:0x08e27cac
          25498	     12745	0010141c	00102c37	lui	x24,0x102	 x24=0x00102000
          25500	     12746	00101420	940c2e07	flw	f28,-1728(x24)	 f24:0x00102000 f28=0x00000000 PA:0x00101940 store:0x056b3aa5
          25504	     12748	00101424	001023b7	lui	x7,0x102	  x7=0x00102000
          25506	     12749	00101428	00102ab7	lui	x21,0x102	 x21=0x00102000
          25508	     12750	0010142c	d1daa027	fsw	f29,-768(x21)	 f21:0x00102000 f29:0x00000030 PA:0x00101d00 store:0x42f64a98 load:0x80000000
          25510	     12751	00101430	9443af87	flw	f31,-1724(x7)	  f7:0x00102000 f31=0x00000000 PA:0x00101944 store:0x42f67c6a
          25512	     12752	00101434	d1e9a427	fsw	f30,-760(x19)	 f19:0x00102000 f30:0x00020000 PA:0x00101d08 store:0x41433afb load:0x3ea4b87c
          25514	     12753	00101438	001020b7	lui	x1,0x102	  x1=0x00102000
          25516	     12754	0010143c	00102b37	lui	x22,0x102	 x22=0x00102000
          25518	     12755	00101440	d1cb2627	fsw	f28,-756(x22)	 f22:0x00102000 f28:0x00020000 PA:0x00101d0c store:0x80000000 load:0x3ea4b87c
          25520	     12756	00101444	a4408513	addi	x10,x1,-1468	  x1:0x00102000 x10=0x00101a44
          25522	     12757	00101448	d1f42c27	fsw	f31,-744(x8)	  f8:0x00102000 f31:0x31000000 PA:0x00101d18 store:0x3ea4b87c load:0x3ea4b87c
          25524	     12758	0010144c	c55fe0ef	jal	x1,1000a0	  x1=0x00101450
          25526	     12759	001000a0	00054803	lbu	x16,0(x10)	 x10:0x00101a44 x16=0x0000000a PA:0x00101a44 store:0x00000000
          25528	     12760	001000a4	06080663	beq	x16,x0,100110	 x16:0x0000000a  x0:0x00000000
          25530	     12761	001000a8	000207b7	lui	x15,0x20	 x15=0x00020000
          25532	     12762	001000ac	0107a023	sw	x16,0(x15)	 x15:0x00020000 x16:0x0000000a PA:0x00020000 store:0x0000000a load:0x00000000
          25534	     12763	001000b0	00154703	lbu	x14,1(x10)	 x10:0x00101a44 x14=0x0000000a PA:0x00101a45 store:0x00101450
          25536	     12764	001000b4	04070e63	beq	x14,x0,100110	 x14:0x0000000a  x0:0x00000000
          25540	     12766	001000b8	00e7a023	sw	x14,0(x15)	 x15:0x00020000 x14:0x0000000a PA:0x00020000 store:0x0000000a load:0x00000000
          25544	     12768	001000bc	00254283	lbu	x5,2(x10)	 x10:0x00101a44  x5=0x00000053 PA:0x00101a46 store:0x00137fa0
          25546	     12769	001000c0	04028863	beq	x5,x0,100110	  x5:0x00000053  x0:0x00000000
          25550	     12771	001000c4	0057a023	sw	x5,0(x15)	 x15:0x00020000  x5:0x00000053 PA:0x00020000 store:0x00000053 load:0x00000000
          25554	     12773	001000c8	00354303	lbu	x6,3(x10)	 x10:0x00101a44  x6=0x00000069 PA:0x00101a47 store:0x00000000
          25556	     12774	001000cc	04030263	beq	x6,x0,100110	  x6:0x00000069  x0:0x00000000
          25560	     12776	001000d0	0067a023	sw	x6,0(x15)	 x15:0x00020000  x6:0x00000069 PA:0x00020000 store:0x00000069 load:0x00000000
          25564	     12778	001000d4	00454383	lbu	x7,4(x10)	 x10:0x00101a44  x7=0x00000067 PA:0x00101a48 store:0x00000000
          25566	     12779	001000d8	02038c63	beq	x7,x0,100110	  x7:0x00000067  x0:0x00000000
          25570	     12781	001000dc	0077a023	sw	x7,0(x15)	 x15:0x00020000  x7:0x00000067 PA:0x00020000 store:0x00000067 load:0x00000000
          25574	     12783	001000e0	00554583	lbu	x11,5(x10)	 x10:0x00101a44 x11=0x0000006e PA:0x00101a49 store:0x00000053
          25576	     12784	001000e4	02058663	beq	x11,x0,100110	 x11:0x0000006e  x0:0x00000000
          25580	     12786	001000e8	00b7a023	sw	x11,0(x15)	 x15:0x00020000 x11:0x0000006e PA:0x00020000 store:0x0000006e load:0x00000000
          25584	     12788	001000ec	00654603	lbu	x12,6(x10)	 x10:0x00101a44 x12=0x0000002c PA:0x00101a4a store:0x00000069
          25586	     12789	001000f0	02060063	beq	x12,x0,100110	 x12:0x0000002c  x0:0x00000000
          25590	     12791	001000f4	00c7a023	sw	x12,0(x15)	 x15:0x00020000 x12:0x0000002c PA:0x00020000 store:0x0000002c load:0x00000000
          25594	     12793	001000f8	00754683	lbu	x13,7(x10)	 x10:0x00101a44 x13=0x00000020 PA:0x00101a4b store:0x00000067
          25596	     12794	001000fc	00850513	addi	x10,x10,8	 x10:0x00101a44 x10=0x00101a4c
          25598	     12795	00100100	00068863	beq	x13,x0,100110	 x13:0x00000020  x0:0x00000000
          25602	     12797	00100104	00d7a023	sw	x13,0(x15)	 x15:0x00020000 x13:0x00000020 PA:0x00020000 store:0x00000020 load:0x00000000
          25606	     12799	00100108	00054803	lbu	x16,0(x10)	 x10:0x00101a4c x16=0x0000006d PA:0x00101a4c store:0x00000000
          25610	     12801	0010010c	fa0810e3	bne	x16,x0,1000ac	 x16:0x0000006d  x0:0x00000000
          25616	     12804	001000ac	0107a023	sw	x16,0(x15)	 x15:0x00020000 x16:0x0000006d PA:0x00020000 store:0x0000006d load:0x00000000
          25620	     12806	001000b0	00154703	lbu	x14,1(x10)	 x10:0x00101a4c x14=0x00000061 PA:0x00101a4d store:0x00101450
          25622	     12807	001000b4	04070e63	beq	x14,x0,100110	 x14:0x00000061  x0:0x00000000
          25626	     12809	001000b8	00e7a023	sw	x14,0(x15)	 x15:0x00020000 x14:0x00000061 PA:0x00020000 store:0x00000061 load:0x00000000
          25630	     12811	001000bc	00254283	lbu	x5,2(x10)	 x10:0x00101a4c  x5=0x00000078 PA:0x00101a4e store:0x00137fa0
          25632	     12812	001000c0	04028863	beq	x5,x0,100110	  x5:0x00000078  x0:0x00000000
          25636	     12814	001000c4	0057a023	sw	x5,0(x15)	 x15:0x00020000  x5:0x00000078 PA:0x00020000 store:0x00000078 load:0x00000000
          25640	     12816	001000c8	00354303	lbu	x6,3(x10)	 x10:0x00101a4c  x6=0x00000020 PA:0x00101a4f store:0x00000000
          25642	     12817	001000cc	04030263	beq	x6,x0,100110	  x6:0x00000020  x0:0x00000000
          25646	     12819	001000d0	0067a023	sw	x6,0(x15)	 x15:0x00020000  x6:0x00000020 PA:0x00020000 store:0x00000020 load:0x00000000
          25650	     12821	001000d4	00454383	lbu	x7,4(x10)	 x10:0x00101a4c  x7=0x00000061 PA:0x00101a50 store:0x00000000
          25652	     12822	001000d8	02038c63	beq	x7,x0,100110	  x7:0x00000061  x0:0x00000000
          25656	     12824	001000dc	0077a023	sw	x7,0(x15)	 x15:0x00020000  x7:0x00000061 PA:0x00020000 store:0x00000061 load:0x00000000
          25660	     12826	001000e0	00554583	lbu	x11,5(x10)	 x10:0x00101a4c x11=0x0000006e PA:0x00101a51 store:0x00000078
          25662	     12827	001000e4	02058663	beq	x11,x0,100110	 x11:0x0000006e  x0:0x00000000
          25666	     12829	001000e8	00b7a023	sw	x11,0(x15)	 x15:0x00020000 x11:0x0000006e PA:0x00020000 store:0x0000006e load:0x00000000
          25670	     12831	001000ec	00654603	lbu	x12,6(x10)	 x10:0x00101a4c x12=0x00000064 PA:0x00101a52 store:0x00000020
          25672	     12832	001000f0	02060063	beq	x12,x0,100110	 x12:0x00000064  x0:0x00000000
          25676	     12834	001000f4	00c7a023	sw	x12,0(x15)	 x15:0x00020000 x12:0x00000064 PA:0x00020000 store:0x00000064 load:0x00000000
          25680	     12836	001000f8	00754683	lbu	x13,7(x10)	 x10:0x00101a4c x13=0x00000020 PA:0x00101a53 store:0x00000061
          25682	     12837	001000fc	00850513	addi	x10,x10,8	 x10:0x00101a4c x10=0x00101a54
          25684	     12838	00100100	00068863	beq	x13,x0,100110	 x13:0x00000020  x0:0x00000000
          25688	     12840	00100104	00d7a023	sw	x13,0(x15)	 x15:0x00020000 x13:0x00000020 PA:0x00020000 store:0x00000020 load:0x00000000
          25692	     12842	00100108	00054803	lbu	x16,0(x10)	 x10:0x00101a54 x16=0x00000066 PA:0x00101a54 store:0x00000000
          25696	     12844	0010010c	fa0810e3	bne	x16,x0,1000ac	 x16:0x00000066  x0:0x00000000
          25702	     12847	001000ac	0107a023	sw	x16,0(x15)	 x15:0x00020000 x16:0x00000066 PA:0x00020000 store:0x00000066 load:0x00000000
          25706	     12849	001000b0	00154703	lbu	x14,1(x10)	 x10:0x00101a54 x14=0x0000006e PA:0x00101a55 store:0x00101450
          25708	     12850	001000b4	04070e63	beq	x14,x0,100110	 x14:0x0000006e  x0:0x00000000
          25712	     12852	001000b8	00e7a023	sw	x14,0(x15)	 x15:0x00020000 x14:0x0000006e PA:0x00020000 store:0x0000006e load:0x00000000
          25716	     12854	001000bc	00254283	lbu	x5,2(x10)	 x10:0x00101a54  x5=0x0000006d PA:0x00101a56 store:0x00137fa0
          25718	     12855	001000c0	04028863	beq	x5,x0,100110	  x5:0x0000006d  x0:0x00000000
          25722	     12857	001000c4	0057a023	sw	x5,0(x15)	 x15:0x00020000  x5:0x0000006d PA:0x00020000 store:0x0000006d load:0x00000000
          25726	     12859	001000c8	00354303	lbu	x6,3(x10)	 x10:0x00101a54  x6=0x00000073 PA:0x00101a57 store:0x00000000
          25728	     12860	001000cc	04030263	beq	x6,x0,100110	  x6:0x00000073  x0:0x00000000
          25732	     12862	001000d0	0067a023	sw	x6,0(x15)	 x15:0x00020000  x6:0x00000073 PA:0x00020000 store:0x00000073 load:0x00000000
          25736	     12864	001000d4	00454383	lbu	x7,4(x10)	 x10:0x00101a54  x7=0x00000075 PA:0x00101a58 store:0x00000000
          25738	     12865	001000d8	02038c63	beq	x7,x0,100110	  x7:0x00000075  x0:0x00000000
          25742	     12867	001000dc	0077a023	sw	x7,0(x15)	 x15:0x00020000  x7:0x00000075 PA:0x00020000 store:0x00000075 load:0x00000000
          25746	     12869	001000e0	00554583	lbu	x11,5(x10)	 x10:0x00101a54 x11=0x00000062 PA:0x00101a59 store:0x0000006d
          25748	     12870	001000e4	02058663	beq	x11,x0,100110	 x11:0x00000062  x0:0x00000000
          25752	     12872	001000e8	00b7a023	sw	x11,0(x15)	 x15:0x00020000 x11:0x00000062 PA:0x00020000 store:0x00000062 load:0x00000000
          25756	     12874	001000ec	00654603	lbu	x12,6(x10)	 x10:0x00101a54 x12=0x00000020 PA:0x00101a5a store:0x00000073
          25758	     12875	001000f0	02060063	beq	x12,x0,100110	 x12:0x00000020  x0:0x00000000
          25762	     12877	001000f4	00c7a023	sw	x12,0(x15)	 x15:0x00020000 x12:0x00000020 PA:0x00020000 store:0x00000020 load:0x00000000
          25766	     12879	001000f8	00754683	lbu	x13,7(x10)	 x10:0x00101a54 x13=0x00000069 PA:0x00101a5b store:0x00000075
          25768	     12880	001000fc	00850513	addi	x10,x10,8	 x10:0x00101a54 x10=0x00101a5c
          25770	     12881	00100100	00068863	beq	x13,x0,100110	 x13:0x00000069  x0:0x00000000
          25774	     12883	00100104	00d7a023	sw	x13,0(x15)	 x15:0x00020000 x13:0x00000069 PA:0x00020000 store:0x00000069 load:0x00000000
          25778	     12885	00100108	00054803	lbu	x16,0(x10)	 x10:0x00101a5c x16=0x0000006e PA:0x00101a5c store:0x00000000
          25782	     12887	0010010c	fa0810e3	bne	x16,x0,1000ac	 x16:0x0000006e  x0:0x00000000
          25788	     12890	001000ac	0107a023	sw	x16,0(x15)	 x15:0x00020000 x16:0x0000006e PA:0x00020000 store:0x0000006e load:0x00000000
          25792	     12892	001000b0	00154703	lbu	x14,1(x10)	 x10:0x00101a5c x14=0x00000020 PA:0x00101a5d store:0x00101450
          25794	     12893	001000b4	04070e63	beq	x14,x0,100110	 x14:0x00000020  x0:0x00000000
          25798	     12895	001000b8	00e7a023	sw	x14,0(x15)	 x15:0x00020000 x14:0x00000020 PA:0x00020000 store:0x00000020 load:0x00000000
          25802	     12897	001000bc	00254283	lbu	x5,2(x10)	 x10:0x00101a5c  x5=0x00000077 PA:0x00101a5e store:0x00137fa0
          25804	     12898	001000c0	04028863	beq	x5,x0,100110	  x5:0x00000077  x0:0x00000000
          25808	     12900	001000c4	0057a023	sw	x5,0(x15)	 x15:0x00020000  x5:0x00000077 PA:0x00020000 store:0x00000077 load:0x00000000
          25812	     12902	001000c8	00354303	lbu	x6,3(x10)	 x10:0x00101a5c  x6=0x00000068 PA:0x00101a5f store:0x00000000
          25814	     12903	001000cc	04030263	beq	x6,x0,100110	  x6:0x00000068  x0:0x00000000
          25818	     12905	001000d0	0067a023	sw	x6,0(x15)	 x15:0x00020000  x6:0x00000068 PA:0x00020000 store:0x00000068 load:0x00000000
          25822	     12907	001000d4	00454383	lbu	x7,4(x10)	 x10:0x00101a5c  x7=0x00000069 PA:0x00101a60 store:0x00000000
          25824	     12908	001000d8	02038c63	beq	x7,x0,100110	  x7:0x00000069  x0:0x00000000
          25828	     12910	001000dc	0077a023	sw	x7,0(x15)	 x15:0x00020000  x7:0x00000069 PA:0x00020000 store:0x00000069 load:0x00000000
          25832	     12912	001000e0	00554583	lbu	x11,5(x10)	 x10:0x00101a5c x11=0x0000006c PA:0x00101a61 store:0x00000077
          25834	     12913	001000e4	02058663	beq	x11,x0,100110	 x11:0x0000006c  x0:0x00000000
          25838	     12915	001000e8	00b7a023	sw	x11,0(x15)	 x15:0x00020000 x11:0x0000006c PA:0x00020000 store:0x0000006c load:0x00000000
          25842	     12917	001000ec	00654603	lbu	x12,6(x10)	 x10:0x00101a5c x12=0x00000065 PA:0x00101a62 store:0x00000068
          25844	     12918	001000f0	02060063	beq	x12,x0,100110	 x12:0x00000065  x0:0x00000000
          25848	     12920	001000f4	00c7a023	sw	x12,0(x15)	 x15:0x00020000 x12:0x00000065 PA:0x00020000 store:0x00000065 load:0x00000000
          25852	     12922	001000f8	00754683	lbu	x13,7(x10)	 x10:0x00101a5c x13=0x00000020 PA:0x00101a63 store:0x00000069
          25854	     12923	001000fc	00850513	addi	x10,x10,8	 x10:0x00101a5c x10=0x00101a64
          25856	     12924	00100100	00068863	beq	x13,x0,100110	 x13:0x00000020  x0:0x00000000
          25860	     12926	00100104	00d7a023	sw	x13,0(x15)	 x15:0x00020000 x13:0x00000020 PA:0x00020000 store:0x00000020 load:0x00000000
          25864	     12928	00100108	00054803	lbu	x16,0(x10)	 x10:0x00101a64 x16=0x0000006c PA:0x00101a64 store:0x00000000
          25868	     12930	0010010c	fa0810e3	bne	x16,x0,1000ac	 x16:0x0000006c  x0:0x00000000
          25874	     12933	001000ac	0107a023	sw	x16,0(x15)	 x15:0x00020000 x16:0x0000006c PA:0x00020000 store:0x0000006c load:0x00000000
          25878	     12935	001000b0	00154703	lbu	x14,1(x10)	 x10:0x00101a64 x14=0x0000006f PA:0x00101a65 store:0x00101450
          25880	     12936	001000b4	04070e63	beq	x14,x0,100110	 x14:0x0000006f  x0:0x00000000
          25884	     12938	001000b8	00e7a023	sw	x14,0(x15)	 x15:0x00020000 x14:0x0000006f PA:0x00020000 store:0x0000006f load:0x00000000
          25888	     12940	001000bc	00254283	lbu	x5,2(x10)	 x10:0x00101a64  x5=0x0000006f PA:0x00101a66 store:0x00137fa0
          25890	     12941	001000c0	04028863	beq	x5,x0,100110	  x5:0x0000006f  x0:0x00000000
          25894	     12943	001000c4	0057a023	sw	x5,0(x15)	 x15:0x00020000  x5:0x0000006f PA:0x00020000 store:0x0000006f load:0x00000000
          25898	     12945	001000c8	00354303	lbu	x6,3(x10)	 x10:0x00101a64  x6=0x00000070 PA:0x00101a67 store:0x00000000
          25900	     12946	001000cc	04030263	beq	x6,x0,100110	  x6:0x00000070  x0:0x00000000
          25904	     12948	001000d0	0067a023	sw	x6,0(x15)	 x15:0x00020000  x6:0x00000070 PA:0x00020000 store:0x00000070 load:0x00000000
          25908	     12950	001000d4	00454383	lbu	x7,4(x10)	 x10:0x00101a64  x7=0x00000020 PA:0x00101a68 store:0x00000000
          25910	     12951	001000d8	02038c63	beq	x7,x0,100110	  x7:0x00000020  x0:0x00000000
          25914	     12953	001000dc	0077a023	sw	x7,0(x15)	 x15:0x00020000  x7:0x00000020 PA:0x00020000 store:0x00000020 load:0x00000000
          25918	     12955	001000e0	00554583	lbu	x11,5(x10)	 x10:0x00101a64 x11=0x00000074 PA:0x00101a69 store:0x0000006f
          25920	     12956	001000e4	02058663	beq	x11,x0,100110	 x11:0x00000074  x0:0x00000000
          25924	     12958	001000e8	00b7a023	sw	x11,0(x15)	 x15:0x00020000 x11:0x00000074 PA:0x00020000 store:0x00000074 load:0x00000000
          25928	     12960	001000ec	00654603	lbu	x12,6(x10)	 x10:0x00101a64 x12=0x00000065 PA:0x00101a6a store:0x00000070
          25930	     12961	001000f0	02060063	beq	x12,x0,100110	 x12:0x00000065  x0:0x00000000
          25934	     12963	001000f4	00c7a023	sw	x12,0(x15)	 x15:0x00020000 x12:0x00000065 PA:0x00020000 store:0x00000065 load:0x00000000
          25938	     12965	001000f8	00754683	lbu	x13,7(x10)	 x10:0x00101a64 x13=0x00000073 PA:0x00101a6b store:0x00000020
          25940	     12966	001000fc	00850513	addi	x10,x10,8	 x10:0x00101a64 x10=0x00101a6c
          25942	     12967	00100100	00068863	beq	x13,x0,100110	 x13:0x00000073  x0:0x00000000
          25946	     12969	00100104	00d7a023	sw	x13,0(x15)	 x15:0x00020000 x13:0x00000073 PA:0x00020000 store:0x00000073 load:0x00000000
          25950	     12971	00100108	00054803	lbu	x16,0(x10)	 x10:0x00101a6c x16=0x00000074 PA:0x00101a6c store:0x00000000
          25954	     12973	0010010c	fa0810e3	bne	x16,x0,1000ac	 x16:0x00000074  x0:0x00000000
          25960	     12976	001000ac	0107a023	sw	x16,0(x15)	 x15:0x00020000 x16:0x00000074 PA:0x00020000 store:0x00000074 load:0x00000000
          25964	     12978	001000b0	00154703	lbu	x14,1(x10)	 x10:0x00101a6c x14=0x00000069 PA:0x00101a6d store:0x00101450
          25966	     12979	001000b4	04070e63	beq	x14,x0,100110	 x14:0x00000069  x0:0x00000000
          25970	     12981	001000b8	00e7a023	sw	x14,0(x15)	 x15:0x00020000 x14:0x00000069 PA:0x00020000 store:0x00000069 load:0x00000000
          25974	     12983	001000bc	00254283	lbu	x5,2(x10)	 x10:0x00101a6c  x5=0x0000006e PA:0x00101a6e store:0x00137fa0
          25976	     12984	001000c0	04028863	beq	x5,x0,100110	  x5:0x0000006e  x0:0x00000000
          25980	     12986	001000c4	0057a023	sw	x5,0(x15)	 x15:0x00020000  x5:0x0000006e PA:0x00020000 store:0x0000006e load:0x00000000
          25984	     12988	001000c8	00354303	lbu	x6,3(x10)	 x10:0x00101a6c  x6=0x00000067 PA:0x00101a6f store:0x00000000
          25986	     12989	001000cc	04030263	beq	x6,x0,100110	  x6:0x00000067  x0:0x00000000
          25990	     12991	001000d0	0067a023	sw	x6,0(x15)	 x15:0x00020000  x6:0x00000067 PA:0x00020000 store:0x00000067 load:0x00000000
          25994	     12993	001000d4	00454383	lbu	x7,4(x10)	 x10:0x00101a6c  x7=0x0000002e PA:0x00101a70 store:0x00000000
          25996	     12994	001000d8	02038c63	beq	x7,x0,100110	  x7:0x0000002e  x0:0x00000000
          26000	     12996	001000dc	0077a023	sw	x7,0(x15)	 x15:0x00020000  x7:0x0000002e PA:0x00020000 store:0x0000002e load:0x00000000
          26004	     12998	001000e0	00554583	lbu	x11,5(x10)	 x10:0x00101a6c x11=0x00000000 PA:0x00101a71 store:0x0000006e
          26008	     13000	001000e4	02058663	beq	x11,x0,100110	 x11:0x00000000  x0:0x00000000
          26012	     13002	00100110	00000513	addi	x10,x0,0	  x0:0x00000000 x10=0x00000000
          26022	     13007	00100114	00008067	jalr	x0,0(x1)	  x1:0x00101450  x0=0x00000000
          26024	     13008	00101450	f0000053	fmv.w.x	f0,x0	  x0:0x00000000  f0=0x00000000
          26026	     13009	00101454	d00aa087	flw	f1,-768(x21)	 f21:0x00102000  f1=0x00000000 PA:0x00101d00 store:0x056b3aa5
          26028	     13010	00101458	d089a107	flw	f2,-760(x19)	 f19:0x00102000  f2=0x00000000 PA:0x00101d08 store:0x3f80018a
          26030	     13011	0010145c	a01015d3	flt.s	x11,f0,f1	  f0:0x00000000  f1:0x00101450 x11=0x00000001
          26038	     13015	00101460	00059463	bne	x11,x0,101468	 x11:0x00000001  x0:0x00000000
          26040	     13016	00101468	d029a427	fsw	f2,-760(x19)	 f19:0x00102000  f2:0x00137fa0 PA:0x00101d08 store:0x41433afb load:0x41433afb
          26042	     13017	0010146c	d089a707	flw	f14,-760(x19)	 f19:0x00102000 f14=0x00000000 PA:0x00101d08 store:0x3f80018a
          26044	     13018	00101470	d00aa787	flw	f15,-768(x21)	 f21:0x00102000 f15=0x00000000 PA:0x00101d00 store:0x00000000
          26046	     13019	00101474	28f711d3	fmax.s	f3,f14,f15	 f14:0x00000069 f15:0x00020000  f3=0x00000000
          26048	     13020	00101478	d03b2627	fsw	f3,-756(x22)	 f22:0x00102000  f3:0x00000000 PA:0x00101d0c store:0x42f64a98 load:0x42f64a98
          26050	     13021	0010147c	d00aa207	flw	f4,-768(x21)	 f21:0x00102000  f4=0x00000000 PA:0x00101d00 store:0x00000000
          26052	     13022	00101480	d0cb2587	flw	f11,-756(x22)	 f22:0x00102000 f11=0x00000000 PA:0x00101d0c store:0x3f800315
          26054	     13023	00101484	d1842287	flw	f5,-744(x8)	  f8:0x00102000  f5=0x00000000 PA:0x00101d18 store:0x00000000
          26056	     13024	00101488	2055f34b	fnmsub.s	f6,f11,f5,f4	 f11:0x00000001  f5:0x0000006e  f4:0x00000001  f6=0x00000000
          26058	     13025	0010148c	d06aa027	fsw	f6,-768(x21)	 f21:0x00102000  f6:0x00000067 PA:0x00101d00 store:0x42a70df5 load:0x3ea4b87c
          26060	     13026	00101490	d00aa607	flw	f12,-768(x21)	 f21:0x00102000 f12=0x00000000 PA:0x00101d00 store:0x00000000
          26062	     13027	00101494	a0061653	flt.s	x12,f12,f0	 f12:0x00000065  f0:0x00000000 x12=0x00000000
          26070	     13031	00101498	fa060ee3	beq	x12,x0,101454	 x12:0x00000000  x0:0x00000000
          26072	     13032	00101454	d00aa087	flw	f1,-768(x21)	 f21:0x00102000  f1=0x00000000 PA:0x00101d00 store:0x00000000
          26074	     13033	00101458	d089a107	flw	f2,-760(x19)	 f19:0x00102000  f2=0x00000000 PA:0x00101d08 store:0x3f80018a
          26076	     13034	0010145c	a01015d3	flt.s	x11,f0,f1	  f0:0x00000000  f1:0x00101450 x11=0x00000001
          26084	     13038	00101460	00059463	bne	x11,x0,101468	 x11:0x00000001  x0:0x00000000
          26086	     13039	00101468	d029a427	fsw	f2,-760(x19)	 f19:0x00102000  f2:0x00137fa0 PA:0x00101d08 store:0x41433afb load:0x41433afb
          26088	     13040	0010146c	d089a707	flw	f14,-760(x19)	 f19:0x00102000 f14=0x00000000 PA:0x00101d08 store:0x3f80018a
          26090	     13041	00101470	d00aa787	flw	f15,-768(x21)	 f21:0x00102000 f15=0x00000000 PA:0x00101d00 store:0x00000000
          26092	     13042	00101474	28f711d3	fmax.s	f3,f14,f15	 f14:0x00000069 f15:0x00020000  f3=0x00000000
          26094	     13043	00101478	d03b2627	fsw	f3,-756(x22)	 f22:0x00102000  f3:0x00000000 PA:0x00101d0c store:0x42a70df5 load:0x42a70df5
          26096	     13044	0010147c	d00aa207	flw	f4,-768(x21)	 f21:0x00102000  f4=0x00000000 PA:0x00101d00 store:0x00000000
          26098	     13045	00101480	d0cb2587	flw	f11,-756(x22)	 f22:0x00102000 f11=0x00000000 PA:0x00101d0c store:0x42a70df5
          26100	     13046	00101484	d1842287	flw	f5,-744(x8)	  f8:0x00102000  f5=0x00000000 PA:0x00101d18 store:0x00000000
          26102	     13047	00101488	2055f34b	fnmsub.s	f6,f11,f5,f4	 f11:0x00000001  f5:0x0000006e  f4:0x00000001  f6=0x00000000
          26104	     13048	0010148c	d06aa027	fsw	f6,-768(x21)	 f21:0x00102000  f6:0x00000067 PA:0x00101d00 store:0x42629e96 load:0x3ea4b87c
          26106	     13049	00101490	d00aa607	flw	f12,-768(x21)	 f21:0x00102000 f12=0x00000000 PA:0x00101d00 store:0x00000000
          26108	     13050	00101494	a0061653	flt.s	x12,f12,f0	 f12:0x00000000  f0:0x00000000 x12=0x00000000
          26116	     13054	00101498	fa060ee3	beq	x12,x0,101454	 x12:0x00000000  x0:0x00000000
          26118	     13055	00101454	d00aa087	flw	f1,-768(x21)	 f21:0x00102000  f1=0x00000000 PA:0x00101d00 store:0x00000000
          26120	     13056	00101458	d089a107	flw	f2,-760(x19)	 f19:0x00102000  f2=0x00000000 PA:0x00101d08 store:0x3f80018a
          26122	     13057	0010145c	a01015d3	flt.s	x11,f0,f1	  f0:0x00000000  f1:0x00101450 x11=0x00000001
          26130	     13061	00101460	00059463	bne	x11,x0,101468	 x11:0x00000001  x0:0x00000000
          26132	     13062	00101468	d029a427	fsw	f2,-760(x19)	 f19:0x00102000  f2:0x00137fa0 PA:0x00101d08 store:0x41433afb load:0x41433afb
          26134	     13063	0010146c	d089a707	flw	f14,-760(x19)	 f19:0x00102000 f14=0x00000000 PA:0x00101d08 store:0x3f80018a
          26136	     13064	00101470	d00aa787	flw	f15,-768(x21)	 f21:0x00102000 f15=0x00000000 PA:0x00101d00 store:0x00000000
          26138	     13065	00101474	28f711d3	fmax.s	f3,f14,f15	 f14:0x00000069 f15:0x00020000  f3=0x00000000
          26140	     13066	00101478	d03b2627	fsw	f3,-756(x22)	 f22:0x00102000  f3:0x00000000 PA:0x00101d0c store:0x42629e96 load:0x42629e96
          26142	     13067	0010147c	d00aa207	flw	f4,-768(x21)	 f21:0x00102000  f4=0x00000000 PA:0x00101d00 store:0x00000000
          26144	     13068	00101480	d0cb2587	flw	f11,-756(x22)	 f22:0x00102000 f11=0x00000000 PA:0x00101d0c store:0x42629e96
          26146	     13069	00101484	d1842287	flw	f5,-744(x8)	  f8:0x00102000  f5=0x00000000 PA:0x00101d18 store:0x00000000
          26148	     13070	00101488	2055f34b	fnmsub.s	f6,f11,f5,f4	 f11:0x00000001  f5:0x0000006e  f4:0x00000001  f6=0x00000000
          26150	     13071	0010148c	d06aa027	fsw	f6,-768(x21)	 f21:0x00102000  f6:0x00000067 PA:0x00101d00 store:0x4219b622 load:0x3ea4b87c
          26152	     13072	00101490	d00aa607	flw	f12,-768(x21)	 f21:0x00102000 f12=0x00000000 PA:0x00101d00 store:0x00000000
          26154	     13073	00101494	a0061653	flt.s	x12,f12,f0	 f12:0x00000000  f0:0x00000000 x12=0x00000000
          26162	     13077	00101498	fa060ee3	beq	x12,x0,101454	 x12:0x00000000  x0:0x00000000
          26164	     13078	00101454	d00aa087	flw	f1,-768(x21)	 f21:0x00102000  f1=0x00000000 PA:0x00101d00 store:0x00000000
          26166	     13079	00101458	d089a107	flw	f2,-760(x19)	 f19:0x00102000  f2=0x00000000 PA:0x00101d08 store:0x3f80018a
          26168	     13080	0010145c	a01015d3	flt.s	x11,f0,f1	  f0:0x00000000  f1:0x00101450 x11=0x00000001
          26176	     13084	00101460	00059463	bne	x11,x0,101468	 x11:0x00000001  x0:0x00000000
          26178	     13085	00101468	d029a427	fsw	f2,-760(x19)	 f19:0x00102000  f2:0x00137fa0 PA:0x00101d08 store:0x41433afb load:0x41433afb
          26180	     13086	0010146c	d089a707	flw	f14,-760(x19)	 f19:0x00102000 f14=0x00000000 PA:0x00101d08 store:0x3f80018a
          26182	     13087	00101470	d00aa787	flw	f15,-768(x21)	 f21:0x00102000 f15=0x00000000 PA:0x00101d00 store:0x00000000
          26184	     13088	00101474	28f711d3	fmax.s	f3,f14,f15	 f14:0x00000069 f15:0x00020000  f3=0x00000000
          26186	     13089	00101478	d03b2627	fsw	f3,-756(x22)	 f22:0x00102000  f3:0x00000000 PA:0x00101d0c store:0x4219b622 load:0x4219b622
          26188	     13090	0010147c	d00aa207	flw	f4,-768(x21)	 f21:0x00102000  f4=0x00000000 PA:0x00101d00 store:0x00000000
          26190	     13091	00101480	d0cb2587	flw	f11,-756(x22)	 f22:0x00102000 f11=0x00000000 PA:0x00101d0c store:0x4219b622
          26192	     13092	00101484	d1842287	flw	f5,-744(x8)	  f8:0x00102000  f5=0x00000000 PA:0x00101d18 store:0x00000000
          26194	     13093	00101488	2055f34b	fnmsub.s	f6,f11,f5,f4	 f11:0x00000001  f5:0x0000006e  f4:0x00000001  f6=0x00000000
          26196	     13094	0010148c	d06aa027	fsw	f6,-768(x21)	 f21:0x00102000  f6:0x00000067 PA:0x00101d00 store:0x41d084d1 load:0x3ea4b87c
          26198	     13095	00101490	d00aa607	flw	f12,-768(x21)	 f21:0x00102000 f12=0x00000000 PA:0x00101d00 store:0x00000000
          26200	     13096	00101494	a0061653	flt.s	x12,f12,f0	 f12:0x00000000  f0:0x00000000 x12=0x00000000
          26208	     13100	00101498	fa060ee3	beq	x12,x0,101454	 x12:0x00000000  x0:0x00000000
          26210	     13101	00101454	d00aa087	flw	f1,-768(x21)	 f21:0x00102000  f1=0x00000000 PA:0x00101d00 store:0x00000000
          26212	     13102	00101458	d089a107	flw	f2,-760(x19)	 f19:0x00102000  f2=0x00000000 PA:0x00101d08 store:0x3f80018a
          26214	     13103	0010145c	a01015d3	flt.s	x11,f0,f1	  f0:0x00000000  f1:0x00101450 x11=0x00000001
          26222	     13107	00101460	00059463	bne	x11,x0,101468	 x11:0x00000001  x0:0x00000000
          26224	     13108	00101468	d029a427	fsw	f2,-760(x19)	 f19:0x00102000  f2:0x00137fa0 PA:0x00101d08 store:0x41433afb load:0x41433afb
          26226	     13109	0010146c	d089a707	flw	f14,-760(x19)	 f19:0x00102000 f14=0x00000000 PA:0x00101d08 store:0x3f80018a
          26228	     13110	00101470	d00aa787	flw	f15,-768(x21)	 f21:0x00102000 f15=0x00000000 PA:0x00101d00 store:0x00000000
          26230	     13111	00101474	28f711d3	fmax.s	f3,f14,f15	 f14:0x00000069 f15:0x00020000  f3=0x00000000
          26232	     13112	00101478	d03b2627	fsw	f3,-756(x22)	 f22:0x00102000  f3:0x00000000 PA:0x00101d0c store:0x41d084d1 load:0x41d084d1
          26234	     13113	0010147c	d00aa207	flw	f4,-768(x21)	 f21:0x00102000  f4=0x00000000 PA:0x00101d00 store:0x00000000
          26236	     13114	00101480	d0cb2587	flw	f11,-756(x22)	 f22:0x00102000 f11=0x00000000 PA:0x00101d0c store:0x41d084d1
          26238	     13115	00101484	d1842287	flw	f5,-744(x8)	  f8:0x00102000  f5=0x00000000 PA:0x00101d18 store:0x00000000
          26240	     13116	00101488	2055f34b	fnmsub.s	f6,f11,f5,f4	 f11:0x00000001  f5:0x0000006e  f4:0x00000001  f6=0x00000000
          26242	     13117	0010148c	d06aa027	fsw	f6,-768(x21)	 f21:0x00102000  f6:0x00000067 PA:0x00101d00 store:0x418d6f24 load:0x3ea4b87c
          26244	     13118	00101490	d00aa607	flw	f12,-768(x21)	 f21:0x00102000 f12=0x00000000 PA:0x00101d00 store:0x00000000
          26246	     13119	00101494	a0061653	flt.s	x12,f12,f0	 f12:0x00000000  f0:0x00000000 x12=0x00000000
          26254	     13123	00101498	fa060ee3	beq	x12,x0,101454	 x12:0x00000000  x0:0x00000000
          26256	     13124	00101454	d00aa087	flw	f1,-768(x21)	 f21:0x00102000  f1=0x00000000 PA:0x00101d00 store:0x00000000
          26258	     13125	00101458	d089a107	flw	f2,-760(x19)	 f19:0x00102000  f2=0x00000000 PA:0x00101d08 store:0x3f80018a
          26260	     13126	0010145c	a01015d3	flt.s	x11,f0,f1	  f0:0x00000000  f1:0x00101450 x11=0x00000001
          26268	     13130	00101460	00059463	bne	x11,x0,101468	 x11:0x00000001  x0:0x00000000
          26270	     13131	00101468	d029a427	fsw	f2,-760(x19)	 f19:0x00102000  f2:0x00137fa0 PA:0x00101d08 store:0x41433afb load:0x41433afb
          26272	     13132	0010146c	d089a707	flw	f14,-760(x19)	 f19:0x00102000 f14=0x00000000 PA:0x00101d08 store:0x3f80018a
          26274	     13133	00101470	d00aa787	flw	f15,-768(x21)	 f21:0x00102000 f15=0x00000000 PA:0x00101d00 store:0x00000000
          26276	     13134	00101474	28f711d3	fmax.s	f3,f14,f15	 f14:0x00000069 f15:0x00020000  f3=0x00000000
          26278	     13135	00101478	d03b2627	fsw	f3,-756(x22)	 f22:0x00102000  f3:0x00000000 PA:0x00101d0c store:0x418d6f24 load:0x418d6f24
          26280	     13136	0010147c	d00aa207	flw	f4,-768(x21)	 f21:0x00102000  f4=0x00000000 PA:0x00101d00 store:0x00000000
          26282	     13137	00101480	d0cb2587	flw	f11,-756(x22)	 f22:0x00102000 f11=0x00000000 PA:0x00101d0c store:0x418d6f24
          26284	     13138	00101484	d1842287	flw	f5,-744(x8)	  f8:0x00102000  f5=0x00000000 PA:0x00101d18 store:0x00000000
          26286	     13139	00101488	2055f34b	fnmsub.s	f6,f11,f5,f4	 f11:0x00000001  f5:0x0000006e  f4:0x00000001  f6=0x00000000
          26288	     13140	0010148c	d06aa027	fsw	f6,-768(x21)	 f21:0x00102000  f6:0x00000067 PA:0x00101d00 store:0x413fdd29 load:0x3ea4b87c
          26290	     13141	00101490	d00aa607	flw	f12,-768(x21)	 f21:0x00102000 f12=0x00000000 PA:0x00101d00 store:0x00000000
          26292	     13142	00101494	a0061653	flt.s	x12,f12,f0	 f12:0x00000000  f0:0x00000000 x12=0x00000000
          26300	     13146	00101498	fa060ee3	beq	x12,x0,101454	 x12:0x00000000  x0:0x00000000
          26302	     13147	00101454	d00aa087	flw	f1,-768(x21)	 f21:0x00102000  f1=0x00000000 PA:0x00101d00 store:0x00000000
          26304	     13148	00101458	d089a107	flw	f2,-760(x19)	 f19:0x00102000  f2=0x00000000 PA:0x00101d08 store:0x3f80018a
          26306	     13149	0010145c	a01015d3	flt.s	x11,f0,f1	  f0:0x00000000  f1:0x00101450 x11=0x00000001
          26314	     13153	00101460	00059463	bne	x11,x0,101468	 x11:0x00000001  x0:0x00000000
          26316	     13154	00101468	d029a427	fsw	f2,-760(x19)	 f19:0x00102000  f2:0x00137fa0 PA:0x00101d08 store:0x41433afb load:0x41433afb
          26318	     13155	0010146c	d089a707	flw	f14,-760(x19)	 f19:0x00102000 f14=0x00000000 PA:0x00101d08 store:0x3f80018a
          26320	     13156	00101470	d00aa787	flw	f15,-768(x21)	 f21:0x00102000 f15=0x00000000 PA:0x00101d00 store:0x00000000
          26322	     13157	00101474	28f711d3	fmax.s	f3,f14,f15	 f14:0x00000069 f15:0x00020000  f3=0x00000000
          26324	     13158	00101478	d03b2627	fsw	f3,-756(x22)	 f22:0x00102000  f3:0x00000000 PA:0x00101d0c store:0x41433afb load:0x413fdd29
          26326	     13159	0010147c	d00aa207	flw	f4,-768(x21)	 f21:0x00102000  f4=0x00000000 PA:0x00101d00 store:0x00000000
          26328	     13160	00101480	d0cb2587	flw	f11,-756(x22)	 f22:0x00102000 f11=0x00000000 PA:0x00101d0c store:0x413fdd29
          26330	     13161	00101484	d1842287	flw	f5,-744(x8)	  f8:0x00102000  f5=0x00000000 PA:0x00101d18 store:0x00000000
          26332	     13162	00101488	2055f34b	fnmsub.s	f6,f11,f5,f4	 f11:0x00000001  f5:0x0000006e  f4:0x00000001  f6=0x00000000
          26334	     13163	0010148c	d06aa027	fsw	f6,-768(x21)	 f21:0x00102000  f6:0x00000067 PA:0x00101d00 store:0x41010dec load:0x3ea4b87c
          26336	     13164	00101490	d00aa607	flw	f12,-768(x21)	 f21:0x00102000 f12=0x00000000 PA:0x00101d00 store:0x00000000
          26338	     13165	00101494	a0061653	flt.s	x12,f12,f0	 f12:0x00000000  f0:0x00000000 x12=0x00000000
          26346	     13169	00101498	fa060ee3	beq	x12,x0,101454	 x12:0x00000000  x0:0x00000000
          26348	     13170	00101454	d00aa087	flw	f1,-768(x21)	 f21:0x00102000  f1=0x00000000 PA:0x00101d00 store:0x00000000
          26350	     13171	00101458	d089a107	flw	f2,-760(x19)	 f19:0x00102000  f2=0x00000000 PA:0x00101d08 store:0x3f80018a
          26352	     13172	0010145c	a01015d3	flt.s	x11,f0,f1	  f0:0x00000000  f1:0x00101450 x11=0x00000001
          26360	     13176	00101460	00059463	bne	x11,x0,101468	 x11:0x00000001  x0:0x00000000
          26362	     13177	00101468	d029a427	fsw	f2,-760(x19)	 f19:0x00102000  f2:0x00137fa0 PA:0x00101d08 store:0x41433afb load:0x41433afb
          26364	     13178	0010146c	d089a707	flw	f14,-760(x19)	 f19:0x00102000 f14=0x00000000 PA:0x00101d08 store:0x3f80018a
          26366	     13179	00101470	d00aa787	flw	f15,-768(x21)	 f21:0x00102000 f15=0x00000000 PA:0x00101d00 store:0x00000000
          26368	     13180	00101474	28f711d3	fmax.s	f3,f14,f15	 f14:0x00000069 f15:0x00020000  f3=0x00000000
          26370	     13181	00101478	d03b2627	fsw	f3,-756(x22)	 f22:0x00102000  f3:0x00000000 PA:0x00101d0c store:0x41433afb load:0x41010dec
          26372	     13182	0010147c	d00aa207	flw	f4,-768(x21)	 f21:0x00102000  f4=0x00000000 PA:0x00101d00 store:0x00000000
          26374	     13183	00101480	d0cb2587	flw	f11,-756(x22)	 f22:0x00102000 f11=0x00000000 PA:0x00101d0c store:0x41010dec
          26376	     13184	00101484	d1842287	flw	f5,-744(x8)	  f8:0x00102000  f5=0x00000000 PA:0x00101d18 store:0x00000000
          26378	     13185	00101488	2055f34b	fnmsub.s	f6,f11,f5,f4	 f11:0x00000001  f5:0x0000006e  f4:0x00000001  f6=0x00000000
          26380	     13186	0010148c	d06aa027	fsw	f6,-768(x21)	 f21:0x00102000  f6:0x00000067 PA:0x00101d00 store:0x40847d5e load:0x3ea4b87c
          26382	     13187	00101490	d00aa607	flw	f12,-768(x21)	 f21:0x00102000 f12=0x00000000 PA:0x00101d00 store:0x00000000
          26384	     13188	00101494	a0061653	flt.s	x12,f12,f0	 f12:0x00000000  f0:0x00000000 x12=0x00000000
          26392	     13192	00101498	fa060ee3	beq	x12,x0,101454	 x12:0x00000000  x0:0x00000000
          26394	     13193	00101454	d00aa087	flw	f1,-768(x21)	 f21:0x00102000  f1=0x00000000 PA:0x00101d00 store:0x00000000
          26396	     13194	00101458	d089a107	flw	f2,-760(x19)	 f19:0x00102000  f2=0x00000000 PA:0x00101d08 store:0x3f80018a
          26398	     13195	0010145c	a01015d3	flt.s	x11,f0,f1	  f0:0x00000000  f1:0x00101450 x11=0x00000001
          26406	     13199	00101460	00059463	bne	x11,x0,101468	 x11:0x00000001  x0:0x00000000
          26408	     13200	00101468	d029a427	fsw	f2,-760(x19)	 f19:0x00102000  f2:0x00137fa0 PA:0x00101d08 store:0x41433afb load:0x41433afb
          26410	     13201	0010146c	d089a707	flw	f14,-760(x19)	 f19:0x00102000 f14=0x00000000 PA:0x00101d08 store:0x3f80018a
          26412	     13202	00101470	d00aa787	flw	f15,-768(x21)	 f21:0x00102000 f15=0x00000000 PA:0x00101d00 store:0x00000000
          26414	     13203	00101474	28f711d3	fmax.s	f3,f14,f15	 f14:0x00000069 f15:0x00020000  f3=0x00000000
          26416	     13204	00101478	d03b2627	fsw	f3,-756(x22)	 f22:0x00102000  f3:0x00000000 PA:0x00101d0c store:0x41433afb load:0x40847d5e
          26418	     13205	0010147c	d00aa207	flw	f4,-768(x21)	 f21:0x00102000  f4=0x00000000 PA:0x00101d00 store:0x00000000
          26420	     13206	00101480	d0cb2587	flw	f11,-756(x22)	 f22:0x00102000 f11=0x00000000 PA:0x00101d0c store:0x40847d5e
          26422	     13207	00101484	d1842287	flw	f5,-744(x8)	  f8:0x00102000  f5=0x00000000 PA:0x00101d18 store:0x00000000
          26424	     13208	00101488	2055f34b	fnmsub.s	f6,f11,f5,f4	 f11:0x00000001  f5:0x0000006e  f4:0x00000001  f6=0x00000000
          26426	     13209	0010148c	d06aa027	fsw	f6,-768(x21)	 f21:0x00102000  f6:0x00000067 PA:0x00101d00 store:0x3e5bdc88 load:0x3ea4b87c
          26428	     13210	00101490	d00aa607	flw	f12,-768(x21)	 f21:0x00102000 f12=0x00000000 PA:0x00101d00 store:0x00000000
          26430	     13211	00101494	a0061653	flt.s	x12,f12,f0	 f12:0x00000000  f0:0x00000000 x12=0x00000000
          26438	     13215	00101498	fa060ee3	beq	x12,x0,101454	 x12:0x00000000  x0:0x00000000
          26440	     13216	00101454	d00aa087	flw	f1,-768(x21)	 f21:0x00102000  f1=0x00000000 PA:0x00101d00 store:0x00000000
          26442	     13217	00101458	d089a107	flw	f2,-760(x19)	 f19:0x00102000  f2=0x00000000 PA:0x00101d08 store:0x3f80018a
          26444	     13218	0010145c	a01015d3	flt.s	x11,f0,f1	  f0:0x00000000  f1:0x00101450 x11=0x00000001
          26452	     13222	00101460	00059463	bne	x11,x0,101468	 x11:0x00000001  x0:0x00000000
          26454	     13223	00101468	d029a427	fsw	f2,-760(x19)	 f19:0x00102000  f2:0x00137fa0 PA:0x00101d08 store:0x41433afb load:0x41433afb
          26456	     13224	0010146c	d089a707	flw	f14,-760(x19)	 f19:0x00102000 f14=0x00000000 PA:0x00101d08 store:0x3f80018a
          26458	     13225	00101470	d00aa787	flw	f15,-768(x21)	 f21:0x00102000 f15=0x00000000 PA:0x00101d00 store:0x00000000
          26460	     13226	00101474	28f711d3	fmax.s	f3,f14,f15	 f14:0x00000069 f15:0x00020000  f3=0x00000000
          26462	     13227	00101478	d03b2627	fsw	f3,-756(x22)	 f22:0x00102000  f3:0x00000000 PA:0x00101d0c store:0x41433afb load:0x3e5bdc88
          26464	     13228	0010147c	d00aa207	flw	f4,-768(x21)	 f21:0x00102000  f4=0x00000000 PA:0x00101d00 store:0x00000000
          26466	     13229	00101480	d0cb2587	flw	f11,-756(x22)	 f22:0x00102000 f11=0x00000000 PA:0x00101d0c store:0x3e5bdc88
          26468	     13230	00101484	d1842287	flw	f5,-744(x8)	  f8:0x00102000  f5=0x00000000 PA:0x00101d18 store:0x00000000
          26470	     13231	00101488	2055f34b	fnmsub.s	f6,f11,f5,f4	 f11:0x00000001  f5:0x0000006e  f4:0x00000001  f6=0x00000000
          26472	     13232	0010148c	d06aa027	fsw	f6,-768(x21)	 f21:0x00102000  f6:0x00000067 PA:0x00101d00 store:0xc06d7f2b load:0x3ea4b87c
          26474	     13233	00101490	d00aa607	flw	f12,-768(x21)	 f21:0x00102000 f12=0x00000000 PA:0x00101d00 store:0x00000000
          26476	     13234	00101494	a0061653	flt.s	x12,f12,f0	 f12:0x00000000  f0:0x00000000 x12=0x00000001
          26480	     13236	00101498	fa060ee3	beq	x12,x0,101454	 x12:0x00000001  x0:0x00000000
          26482	     13237	0010149c	d00aa687	flw	f13,-768(x21)	 f21:0x00102000 f13=0x00000000 PA:0x00101d00 store:0x00000000
          26486	     13239	001014a0	00102837	lui	x16,0x102	 x16=0x00102000
          26488	     13240	001014a4	a7480513	addi	x10,x16,-1420	 x16:0x00102000 x10=0x00101a74
          26490	     13241	001014a8	e00688d3	fmv.x.w	x17,f13	 f13:0x00000073 x17=0xc06d7f2b
          26492	     13242	001014ac	cf1a2c23	sw	x17,-776(x20)	 x20:0x00102000 x17:0xc06d7f2b PA:0x00101cf8 store:0xc06d7f2b load:0xc06d7f2b
          26494	     13243	001014b0	bf1fe0ef	jal	x1,1000a0	  x1=0x001014b4
          26496	     13244	001000a0	00054803	lbu	x16,0(x10)	 x10:0x00101a74 x16=0x0000000a PA:0x00101a74 store:0x00000000
          26498	     13245	001000a4	06080663	beq	x16,x0,100110	 x16:0x0000000a  x0:0x00000000
          26500	     13246	001000a8	000207b7	lui	x15,0x20	 x15=0x00020000
          26504	     13248	001000ac	0107a023	sw	x16,0(x15)	 x15:0x00020000 x16:0x0000000a PA:0x00020000 store:0x0000000a load:0x00000000
          26508	     13250	001000b0	00154703	lbu	x14,1(x10)	 x10:0x00101a74 x14=0x00000020 PA:0x00101a75 store:0x001014b4
          26510	     13251	001000b4	04070e63	beq	x14,x0,100110	 x14:0x00000020  x0:0x00000000
          26514	     13253	001000b8	00e7a023	sw	x14,0(x15)	 x15:0x00020000 x14:0x00000020 PA:0x00020000 store:0x00000020 load:0x00000000
          26518	     13255	001000bc	00254283	lbu	x5,2(x10)	 x10:0x00101a74  x5=0x00000046 PA:0x00101a76 store:0x00137fa0
          26520	     13256	001000c0	04028863	beq	x5,x0,100110	  x5:0x00000046  x0:0x00000000
          26524	     13258	001000c4	0057a023	sw	x5,0(x15)	 x15:0x00020000  x5:0x00000046 PA:0x00020000 store:0x00000046 load:0x00000000
          26528	     13260	001000c8	00354303	lbu	x6,3(x10)	 x10:0x00101a74  x6=0x00000069 PA:0x00101a77 store:0x00000000
          26530	     13261	001000cc	04030263	beq	x6,x0,100110	  x6:0x00000069  x0:0x00000000
          26534	     13263	001000d0	0067a023	sw	x6,0(x15)	 x15:0x00020000  x6:0x00000069 PA:0x00020000 store:0x00000069 load:0x00000000
          26538	     13265	001000d4	00454383	lbu	x7,4(x10)	 x10:0x00101a74  x7=0x0000006e PA:0x00101a78 store:0x00000000
          26540	     13266	001000d8	02038c63	beq	x7,x0,100110	  x7:0x0000006e  x0:0x00000000
          26544	     13268	001000dc	0077a023	sw	x7,0(x15)	 x15:0x00020000  x7:0x0000006e PA:0x00020000 store:0x0000006e load:0x00000000
          26548	     13270	001000e0	00554583	lbu	x11,5(x10)	 x10:0x00101a74 x11=0x00000061 PA:0x00101a79 store:0x00000046
          26550	     13271	001000e4	02058663	beq	x11,x0,100110	 x11:0x00000061  x0:0x00000000
          26554	     13273	001000e8	00b7a023	sw	x11,0(x15)	 x15:0x00020000 x11:0x00000061 PA:0x00020000 store:0x00000061 load:0x00000000
          26558	     13275	001000ec	00654603	lbu	x12,6(x10)	 x10:0x00101a74 x12=0x0000006c PA:0x00101a7a store:0x00000069
          26560	     13276	001000f0	02060063	beq	x12,x0,100110	 x12:0x0000006c  x0:0x00000000
          26564	     13278	001000f4	00c7a023	sw	x12,0(x15)	 x15:0x00020000 x12:0x0000006c PA:0x00020000 store:0x0000006c load:0x00000000
          26568	     13280	001000f8	00754683	lbu	x13,7(x10)	 x10:0x00101a74 x13=0x00000020 PA:0x00101a7b store:0x0000006e
          26570	     13281	001000fc	00850513	addi	x10,x10,8	 x10:0x00101a74 x10=0x00101a7c
          26572	     13282	00100100	00068863	beq	x13,x0,100110	 x13:0x00000020  x0:0x00000000
          26576	     13284	00100104	00d7a023	sw	x13,0(x15)	 x15:0x00020000 x13:0x00000020 PA:0x00020000 store:0x00000020 load:0x00000000
          26580	     13286	00100108	00054803	lbu	x16,0(x10)	 x10:0x00101a7c x16=0x00000072 PA:0x00101a7c store:0x00000000
          26584	     13288	0010010c	fa0810e3	bne	x16,x0,1000ac	 x16:0x00000072  x0:0x00000000
          26590	     13291	001000ac	0107a023	sw	x16,0(x15)	 x15:0x00020000 x16:0x00000072 PA:0x00020000 store:0x00000072 load:0x00000000
          26594	     13293	001000b0	00154703	lbu	x14,1(x10)	 x10:0x00101a7c x14=0x00000065 PA:0x00101a7d store:0x001014b4
          26596	     13294	001000b4	04070e63	beq	x14,x0,100110	 x14:0x00000065  x0:0x00000000
          26600	     13296	001000b8	00e7a023	sw	x14,0(x15)	 x15:0x00020000 x14:0x00000065 PA:0x00020000 store:0x00000065 load:0x00000000
          26604	     13298	001000bc	00254283	lbu	x5,2(x10)	 x10:0x00101a7c  x5=0x00000073 PA:0x00101a7e store:0x00137fa0
          26606	     13299	001000c0	04028863	beq	x5,x0,100110	  x5:0x00000073  x0:0x00000000
          26610	     13301	001000c4	0057a023	sw	x5,0(x15)	 x15:0x00020000  x5:0x00000073 PA:0x00020000 store:0x00000073 load:0x00000000
          26614	     13303	001000c8	00354303	lbu	x6,3(x10)	 x10:0x00101a7c  x6=0x00000075 PA:0x00101a7f store:0x00000000
          26616	     13304	001000cc	04030263	beq	x6,x0,100110	  x6:0x00000075  x0:0x00000000
          26620	     13306	001000d0	0067a023	sw	x6,0(x15)	 x15:0x00020000  x6:0x00000075 PA:0x00020000 store:0x00000075 load:0x00000000
          26624	     13308	001000d4	00454383	lbu	x7,4(x10)	 x10:0x00101a7c  x7=0x0000006c PA:0x00101a80 store:0x00000000
          26626	     13309	001000d8	02038c63	beq	x7,x0,100110	  x7:0x0000006c  x0:0x00000000
          26630	     13311	001000dc	0077a023	sw	x7,0(x15)	 x15:0x00020000  x7:0x0000006c PA:0x00020000 store:0x0000006c load:0x00000000
          26634	     13313	001000e0	00554583	lbu	x11,5(x10)	 x10:0x00101a7c x11=0x00000074 PA:0x00101a81 store:0x00000073
          26636	     13314	001000e4	02058663	beq	x11,x0,100110	 x11:0x00000074  x0:0x00000000
          26640	     13316	001000e8	00b7a023	sw	x11,0(x15)	 x15:0x00020000 x11:0x00000074 PA:0x00020000 store:0x00000074 load:0x00000000
          26644	     13318	001000ec	00654603	lbu	x12,6(x10)	 x10:0x00101a7c x12=0x0000003a PA:0x00101a82 store:0x00000075
          26646	     13319	001000f0	02060063	beq	x12,x0,100110	 x12:0x0000003a  x0:0x00000000
          26650	     13321	001000f4	00c7a023	sw	x12,0(x15)	 x15:0x00020000 x12:0x0000003a PA:0x00020000 store:0x0000003a load:0x00000000
          26654	     13323	001000f8	00754683	lbu	x13,7(x10)	 x10:0x00101a7c x13=0x00000000 PA:0x00101a83 store:0x0000006c
          26656	     13324	001000fc	00850513	addi	x10,x10,8	 x10:0x00101a7c x10=0x00101a84
          26660	     13326	00100100	00068863	beq	x13,x0,100110	 x13:0x00000000  x0:0x00000000
          26664	     13328	00100110	00000513	addi	x10,x0,0	  x0:0x00000000 x10=0x00000000
          26668	     13330	00100114	00008067	jalr	x0,0(x1)	  x1:0x001014b4  x0=0x00000000
          26672	     13332	001014b4	cf8a2503	lw	x10,-776(x20)	 x20:0x00102000 x10=0xc06d7f2b PA:0x00101cf8 store:0x00102000
          26674	     13333	001014b8	00102db7	lui	x27,0x102	 x27=0x00102000
          26678	     13335	001014bc	c65fe0ef	jal	x1,100120	  x1=0x001014c0
          26680	     13336	00100120	01c55793	srli	x15,x10,0x1c	 x10:0xc06d7f2b x15=0x0000000c
          26682	     13337	00100124	00900713	addi	x14,x0,9	  x0:0x00000000 x14=0x00000009
          26684	     13338	00100128	0cf77a63	bgeu	x14,x15,1001fc	 x14:0x00000009 x15:0x0000000c
          26686	     13339	0010012c	03778293	addi	x5,x15,55	 x15:0x0000000c  x5=0x00000043
          26688	     13340	00100130	00020337	lui	x6,0x20	  x6=0x00020000
          26690	     13341	00100134	00451613	slli	x12,x10,0x4	 x10:0xc06d7f2b x12=0x06d7f2b0
          26694	     13343	00100138	00532023	sw	x5,0(x6)	  x6:0x00020000  x5:0x00000043 PA:0x00020000 store:0x00000043 load:0x00000000
          26696	     13344	0010013c	01c65693	srli	x13,x12,0x1c	 x12:0x06d7f2b0 x13=0x00000000
          26698	     13345	00100140	00900813	addi	x16,x0,9	  x0:0x00000000 x16=0x00000009
          26702	     13347	00100144	0cd87a63	bgeu	x16,x13,100218	 x16:0x00000009 x13:0x00000000
          26706	     13349	00100218	03068e93	addi	x29,x13,48	 x13:0x00000000 x29=0x00000030
          26708	     13350	0010021c	00020f37	lui	x30,0x20	 x30=0x00020000
          26710	     13351	00100220	00851f93	slli	x31,x10,0x8	 x10:0xc06d7f2b x31=0x6d7f2b00
          26714	     13353	00100224	01df2023	sw	x29,0(x30)	 x30:0x00020000 x29:0x00000030 PA:0x00020000 store:0x00000030 load:0x00000000
          26716	     13354	00100228	01cfd793	srli	x15,x31,0x1c	 x31:0x6d7f2b00 x15=0x00000006
          26718	     13355	0010022c	00900713	addi	x14,x0,9	  x0:0x00000000 x14=0x00000009
          26720	     13356	00100230	f2f76ae3	bltu	x14,x15,100164	 x14:0x00000009 x15:0x00000006
          26722	     13357	00100234	03078393	addi	x7,x15,48	 x15:0x00000006  x7=0x00000036
          26724	     13358	00100238	000205b7	lui	x11,0x20	 x11=0x00020000
          26726	     13359	0010023c	00c51613	slli	x12,x10,0xc	 x10:0xc06d7f2b x12=0xd7f2b000
          26730	     13361	00100240	0075a023	sw	x7,0(x11)	 x11:0x00020000  x7:0x00000036 PA:0x00020000 store:0x00000036 load:0x00000000
          26732	     13362	00100244	01c65693	srli	x13,x12,0x1c	 x12:0xd7f2b000 x13=0x0000000d
          26734	     13363	00100248	00900813	addi	x16,x0,9	  x0:0x00000000 x16=0x00000009
          26738	     13365	0010024c	f2d86ae3	bltu	x16,x13,100180	 x16:0x00000009 x13:0x0000000d
          26742	     13367	00100180	03768893	addi	x17,x13,55	 x13:0x0000000d x17=0x00000044
          26744	     13368	00100184	00020e37	lui	x28,0x20	 x28=0x00020000
          26746	     13369	00100188	01051f93	slli	x31,x10,0x10	 x10:0xc06d7f2b x31=0x7f2b0000
          26750	     13371	0010018c	011e2023	sw	x17,0(x28)	 x28:0x00020000 x17:0x00000044 PA:0x00020000 store:0x00000044 load:0x00000000
          26752	     13372	00100190	01cfd793	srli	x15,x31,0x1c	 x31:0x7f2b0000 x15=0x00000007
          26754	     13373	00100194	00900713	addi	x14,x0,9	  x0:0x00000000 x14=0x00000009
          26758	     13375	00100198	0cf77a63	bgeu	x14,x15,10026c	 x14:0x00000009 x15:0x00000007
          26762	     13377	0010026c	03078393	addi	x7,x15,48	 x15:0x00000007  x7=0x00000037
          26764	     13378	00100270	000205b7	lui	x11,0x20	 x11=0x00020000
          26766	     13379	00100274	01451613	slli	x12,x10,0x14	 x10:0xc06d7f2b x12=0xf2b00000
          26770	     13381	00100278	0075a023	sw	x7,0(x11)	 x11:0x00020000  x7:0x00000037 PA:0x00020000 store:0x00000037 load:0x00000000
          26772	     13382	0010027c	01c65693	srli	x13,x12,0x1c	 x12:0xf2b00000 x13=0x0000000f
          26774	     13383	00100280	00900813	addi	x16,x0,9	  x0:0x00000000 x16=0x00000009
          26778	     13385	00100284	f2d86ae3	bltu	x16,x13,1001b8	 x16:0x00000009 x13:0x0000000f
          26782	     13387	001001b8	03768893	addi	x17,x13,55	 x13:0x0000000f x17=0x00000046
          26784	     13388	001001bc	00020e37	lui	x28,0x20	 x28=0x00020000
          26786	     13389	001001c0	01851f93	slli	x31,x10,0x18	 x10:0xc06d7f2b x31=0x2b000000
          26790	     13391	001001c4	011e2023	sw	x17,0(x28)	 x28:0x00020000 x17:0x00000046 PA:0x00020000 store:0x00000046 load:0x00000000
          26792	     13392	001001c8	01cfd793	srli	x15,x31,0x1c	 x31:0x2b000000 x15=0x00000002
          26794	     13393	001001cc	00900713	addi	x14,x0,9	  x0:0x00000000 x14=0x00000009
          26798	     13395	001001d0	0cf77a63	bgeu	x14,x15,1002a4	 x14:0x00000009 x15:0x00000002
          26802	     13397	001002a4	03078393	addi	x7,x15,48	 x15:0x00000002  x7=0x00000032
          26804	     13398	001002a8	000205b7	lui	x11,0x20	 x11=0x00020000
          26808	     13400	001002ac	0075a023	sw	x7,0(x11)	 x11:0x00020000  x7:0x00000032 PA:0x00020000 store:0x00000032 load:0x00000000
          26810	     13401	001002b0	00f57513	andi	x10,x10,15	 x10:0xc06d7f2b x10=0x0000000b
          26812	     13402	001002b4	00900613	addi	x12,x0,9	  x0:0x00000000 x12=0x00000009
          26814	     13403	001002b8	f2a67ae3	bgeu	x12,x10,1001ec	 x12:0x00000009 x10:0x0000000b
          26816	     13404	001002bc	03750693	addi	x13,x10,55	 x10:0x0000000b x13=0x00000042
          26818	     13405	001002c0	00020837	lui	x16,0x20	 x16=0x00020000
          26822	     13407	001002c4	00d82023	sw	x13,0(x16)	 x16:0x00020000 x13:0x00000042 PA:0x00020000 store:0x00000042 load:0x00000000
          26826	     13409	001002c8	00008067	jalr	x0,0(x1)	  x1:0x001014c0  x0=0x00000000
          26828	     13410	001014c0	00102e37	lui	x28,0x102	 x28=0x00102000
          26830	     13411	001014c4	a84e0513	addi	x10,x28,-1404	 x28:0x00102000 x10=0x00101a84
          26834	     13413	001014c8	bd9fe0ef	jal	x1,1000a0	  x1=0x001014cc
          26838	     13415	001000a0	00054803	lbu	x16,0(x10)	 x10:0x00101a84 x16=0x0000000a PA:0x00101a84 store:0x00000000
          26840	     13416	001000a4	06080663	beq	x16,x0,100110	 x16:0x0000000a  x0:0x00000000
          26842	     13417	001000a8	000207b7	lui	x15,0x20	 x15=0x00020000
          26846	     13419	001000ac	0107a023	sw	x16,0(x15)	 x15:0x00020000 x16:0x0000000a PA:0x00020000 store:0x0000000a load:0x00000000
          26850	     13421	001000b0	00154703	lbu	x14,1(x10)	 x10:0x00101a84 x14=0x0000000a PA:0x00101a85 store:0x001014cc
          26852	     13422	001000b4	04070e63	beq	x14,x0,100110	 x14:0x0000000a  x0:0x00000000
          26856	     13424	001000b8	00e7a023	sw	x14,0(x15)	 x15:0x00020000 x14:0x0000000a PA:0x00020000 store:0x0000000a load:0x00000000
          26860	     13426	001000bc	00254283	lbu	x5,2(x10)	 x10:0x00101a84  x5=0x00000054 PA:0x00101a86 store:0x00137fa0
          26862	     13427	001000c0	04028863	beq	x5,x0,100110	  x5:0x00000054  x0:0x00000000
          26866	     13429	001000c4	0057a023	sw	x5,0(x15)	 x15:0x00020000  x5:0x00000054 PA:0x00020000 store:0x00000054 load:0x00000000
          26870	     13431	001000c8	00354303	lbu	x6,3(x10)	 x10:0x00101a84  x6=0x00000065 PA:0x00101a87 store:0x00000000
          26872	     13432	001000cc	04030263	beq	x6,x0,100110	  x6:0x00000065  x0:0x00000000
          26876	     13434	001000d0	0067a023	sw	x6,0(x15)	 x15:0x00020000  x6:0x00000065 PA:0x00020000 store:0x00000065 load:0x00000000
          26880	     13436	001000d4	00454383	lbu	x7,4(x10)	 x10:0x00101a84  x7=0x00000073 PA:0x00101a88 store:0x00000000
          26882	     13437	001000d8	02038c63	beq	x7,x0,100110	  x7:0x00000073  x0:0x00000000
          26886	     13439	001000dc	0077a023	sw	x7,0(x15)	 x15:0x00020000  x7:0x00000073 PA:0x00020000 store:0x00000073 load:0x00000000
          26890	     13441	001000e0	00554583	lbu	x11,5(x10)	 x10:0x00101a84 x11=0x00000074 PA:0x00101a89 store:0x00000054
          26892	     13442	001000e4	02058663	beq	x11,x0,100110	 x11:0x00000074  x0:0x00000000
          26896	     13444	001000e8	00b7a023	sw	x11,0(x15)	 x15:0x00020000 x11:0x00000074 PA:0x00020000 store:0x00000074 load:0x00000000
          26900	     13446	001000ec	00654603	lbu	x12,6(x10)	 x10:0x00101a84 x12=0x00000069 PA:0x00101a8a store:0x00000065
          26902	     13447	001000f0	02060063	beq	x12,x0,100110	 x12:0x00000069  x0:0x00000000
          26906	     13449	001000f4	00c7a023	sw	x12,0(x15)	 x15:0x00020000 x12:0x00000069 PA:0x00020000 store:0x00000069 load:0x00000000
          26910	     13451	001000f8	00754683	lbu	x13,7(x10)	 x10:0x00101a84 x13=0x0000006e PA:0x00101a8b store:0x00000073
          26912	     13452	001000fc	00850513	addi	x10,x10,8	 x10:0x00101a84 x10=0x00101a8c
          26914	     13453	00100100	00068863	beq	x13,x0,100110	 x13:0x0000006e  x0:0x00000000
          26918	     13455	00100104	00d7a023	sw	x13,0(x15)	 x15:0x00020000 x13:0x0000006e PA:0x00020000 store:0x0000006e load:0x00000000
          26922	     13457	00100108	00054803	lbu	x16,0(x10)	 x10:0x00101a8c x16=0x00000067 PA:0x00101a8c store:0x00000000
          26926	     13459	0010010c	fa0810e3	bne	x16,x0,1000ac	 x16:0x00000067  x0:0x00000000
          26932	     13462	001000ac	0107a023	sw	x16,0(x15)	 x15:0x00020000 x16:0x00000067 PA:0x00020000 store:0x00000067 load:0x00000000
          26936	     13464	001000b0	00154703	lbu	x14,1(x10)	 x10:0x00101a8c x14=0x00000020 PA:0x00101a8d store:0x001014cc
          26938	     13465	001000b4	04070e63	beq	x14,x0,100110	 x14:0x00000020  x0:0x00000000
          26942	     13467	001000b8	00e7a023	sw	x14,0(x15)	 x15:0x00020000 x14:0x00000020 PA:0x00020000 store:0x00000020 load:0x00000000
          26946	     13469	001000bc	00254283	lbu	x5,2(x10)	 x10:0x00101a8c  x5=0x00000043 PA:0x00101a8e store:0x00137fa0
          26948	     13470	001000c0	04028863	beq	x5,x0,100110	  x5:0x00000043  x0:0x00000000
          26952	     13472	001000c4	0057a023	sw	x5,0(x15)	 x15:0x00020000  x5:0x00000043 PA:0x00020000 store:0x00000043 load:0x00000000
          26956	     13474	001000c8	00354303	lbu	x6,3(x10)	 x10:0x00101a8c  x6=0x0000006c PA:0x00101a8f store:0x00000000
          26958	     13475	001000cc	04030263	beq	x6,x0,100110	  x6:0x0000006c  x0:0x00000000
          26962	     13477	001000d0	0067a023	sw	x6,0(x15)	 x15:0x00020000  x6:0x0000006c PA:0x00020000 store:0x0000006c load:0x00000000
          26966	     13479	001000d4	00454383	lbu	x7,4(x10)	 x10:0x00101a8c  x7=0x00000061 PA:0x00101a90 store:0x00000000
          26968	     13480	001000d8	02038c63	beq	x7,x0,100110	  x7:0x00000061  x0:0x00000000
          26972	     13482	001000dc	0077a023	sw	x7,0(x15)	 x15:0x00020000  x7:0x00000061 PA:0x00020000 store:0x00000061 load:0x00000000
          26976	     13484	001000e0	00554583	lbu	x11,5(x10)	 x10:0x00101a8c x11=0x00000073 PA:0x00101a91 store:0x00000043
          26978	     13485	001000e4	02058663	beq	x11,x0,100110	 x11:0x00000073  x0:0x00000000
          26982	     13487	001000e8	00b7a023	sw	x11,0(x15)	 x15:0x00020000 x11:0x00000073 PA:0x00020000 store:0x00000073 load:0x00000000
          26986	     13489	001000ec	00654603	lbu	x12,6(x10)	 x10:0x00101a8c x12=0x00000073 PA:0x00101a92 store:0x0000006c
          26988	     13490	001000f0	02060063	beq	x12,x0,100110	 x12:0x00000073  x0:0x00000000
          26992	     13492	001000f4	00c7a023	sw	x12,0(x15)	 x15:0x00020000 x12:0x00000073 PA:0x00020000 store:0x00000073 load:0x00000000
          26996	     13494	001000f8	00754683	lbu	x13,7(x10)	 x10:0x00101a8c x13=0x00000069 PA:0x00101a93 store:0x00000061
          26998	     13495	001000fc	00850513	addi	x10,x10,8	 x10:0x00101a8c x10=0x00101a94
          27000	     13496	00100100	00068863	beq	x13,x0,100110	 x13:0x00000069  x0:0x00000000
          27004	     13498	00100104	00d7a023	sw	x13,0(x15)	 x15:0x00020000 x13:0x00000069 PA:0x00020000 store:0x00000069 load:0x00000000
          27008	     13500	00100108	00054803	lbu	x16,0(x10)	 x10:0x00101a94 x16=0x00000066 PA:0x00101a94 store:0x00000000
          27012	     13502	0010010c	fa0810e3	bne	x16,x0,1000ac	 x16:0x00000066  x0:0x00000000
          27018	     13505	001000ac	0107a023	sw	x16,0(x15)	 x15:0x00020000 x16:0x00000066 PA:0x00020000 store:0x00000066 load:0x00000000
          27022	     13507	001000b0	00154703	lbu	x14,1(x10)	 x10:0x00101a94 x14=0x00000079 PA:0x00101a95 store:0x001014cc
          27024	     13508	001000b4	04070e63	beq	x14,x0,100110	 x14:0x00000079  x0:0x00000000
          27028	     13510	001000b8	00e7a023	sw	x14,0(x15)	 x15:0x00020000 x14:0x00000079 PA:0x00020000 store:0x00000079 load:0x00000000
          27032	     13512	001000bc	00254283	lbu	x5,2(x10)	 x10:0x00101a94  x5=0x00000020 PA:0x00101a96 store:0x00137fa0
          27034	     13513	001000c0	04028863	beq	x5,x0,100110	  x5:0x00000020  x0:0x00000000
          27038	     13515	001000c4	0057a023	sw	x5,0(x15)	 x15:0x00020000  x5:0x00000020 PA:0x00020000 store:0x00000020 load:0x00000000
          27042	     13517	001000c8	00354303	lbu	x6,3(x10)	 x10:0x00101a94  x6=0x00000069 PA:0x00101a97 store:0x00000000
          27044	     13518	001000cc	04030263	beq	x6,x0,100110	  x6:0x00000069  x0:0x00000000
          27048	     13520	001000d0	0067a023	sw	x6,0(x15)	 x15:0x00020000  x6:0x00000069 PA:0x00020000 store:0x00000069 load:0x00000000
          27052	     13522	001000d4	00454383	lbu	x7,4(x10)	 x10:0x00101a94  x7=0x0000006e PA:0x00101a98 store:0x00000000
          27054	     13523	001000d8	02038c63	beq	x7,x0,100110	  x7:0x0000006e  x0:0x00000000
          27058	     13525	001000dc	0077a023	sw	x7,0(x15)	 x15:0x00020000  x7:0x0000006e PA:0x00020000 store:0x0000006e load:0x00000000
          27062	     13527	001000e0	00554583	lbu	x11,5(x10)	 x10:0x00101a94 x11=0x00000073 PA:0x00101a99 store:0x00000020
          27064	     13528	001000e4	02058663	beq	x11,x0,100110	 x11:0x00000073  x0:0x00000000
          27068	     13530	001000e8	00b7a023	sw	x11,0(x15)	 x15:0x00020000 x11:0x00000073 PA:0x00020000 store:0x00000073 load:0x00000000
          27072	     13532	001000ec	00654603	lbu	x12,6(x10)	 x10:0x00101a94 x12=0x00000074 PA:0x00101a9a store:0x00000069
          27074	     13533	001000f0	02060063	beq	x12,x0,100110	 x12:0x00000074  x0:0x00000000
          27078	     13535	001000f4	00c7a023	sw	x12,0(x15)	 x15:0x00020000 x12:0x00000074 PA:0x00020000 store:0x00000074 load:0x00000000
          27082	     13537	001000f8	00754683	lbu	x13,7(x10)	 x10:0x00101a94 x13=0x00000072 PA:0x00101a9b store:0x0000006e
          27084	     13538	001000fc	00850513	addi	x10,x10,8	 x10:0x00101a94 x10=0x00101a9c
          27086	     13539	00100100	00068863	beq	x13,x0,100110	 x13:0x00000072  x0:0x00000000
          27090	     13541	00100104	00d7a023	sw	x13,0(x15)	 x15:0x00020000 x13:0x00000072 PA:0x00020000 store:0x00000072 load:0x00000000
          27094	     13543	00100108	00054803	lbu	x16,0(x10)	 x10:0x00101a9c x16=0x00000075 PA:0x00101a9c store:0x00000000
          27098	     13545	0010010c	fa0810e3	bne	x16,x0,1000ac	 x16:0x00000075  x0:0x00000000
          27104	     13548	001000ac	0107a023	sw	x16,0(x15)	 x15:0x00020000 x16:0x00000075 PA:0x00020000 store:0x00000075 load:0x00000000
          27108	     13550	001000b0	00154703	lbu	x14,1(x10)	 x10:0x00101a9c x14=0x00000063 PA:0x00101a9d store:0x001014cc
          27110	     13551	001000b4	04070e63	beq	x14,x0,100110	 x14:0x00000063  x0:0x00000000
          27114	     13553	001000b8	00e7a023	sw	x14,0(x15)	 x15:0x00020000 x14:0x00000063 PA:0x00020000 store:0x00000063 load:0x00000000
          27118	     13555	001000bc	00254283	lbu	x5,2(x10)	 x10:0x00101a9c  x5=0x00000074 PA:0x00101a9e store:0x00137fa0
          27120	     13556	001000c0	04028863	beq	x5,x0,100110	  x5:0x00000074  x0:0x00000000
          27124	     13558	001000c4	0057a023	sw	x5,0(x15)	 x15:0x00020000  x5:0x00000074 PA:0x00020000 store:0x00000074 load:0x00000000
          27128	     13560	001000c8	00354303	lbu	x6,3(x10)	 x10:0x00101a9c  x6=0x00000069 PA:0x00101a9f store:0x00000000
          27130	     13561	001000cc	04030263	beq	x6,x0,100110	  x6:0x00000069  x0:0x00000000
          27134	     13563	001000d0	0067a023	sw	x6,0(x15)	 x15:0x00020000  x6:0x00000069 PA:0x00020000 store:0x00000069 load:0x00000000
          27138	     13565	001000d4	00454383	lbu	x7,4(x10)	 x10:0x00101a9c  x7=0x0000006f PA:0x00101aa0 store:0x00000000
          27140	     13566	001000d8	02038c63	beq	x7,x0,100110	  x7:0x0000006f  x0:0x00000000
          27144	     13568	001000dc	0077a023	sw	x7,0(x15)	 x15:0x00020000  x7:0x0000006f PA:0x00020000 store:0x0000006f load:0x00000000
          27148	     13570	001000e0	00554583	lbu	x11,5(x10)	 x10:0x00101a9c x11=0x0000006e PA:0x00101aa1 store:0x00000074
          27150	     13571	001000e4	02058663	beq	x11,x0,100110	 x11:0x0000006e  x0:0x00000000
          27154	     13573	001000e8	00b7a023	sw	x11,0(x15)	 x15:0x00020000 x11:0x0000006e PA:0x00020000 store:0x0000006e load:0x00000000
          27158	     13575	001000ec	00654603	lbu	x12,6(x10)	 x10:0x00101a9c x12=0x00000073 PA:0x00101aa2 store:0x00000069
          27160	     13576	001000f0	02060063	beq	x12,x0,100110	 x12:0x00000073  x0:0x00000000
          27164	     13578	001000f4	00c7a023	sw	x12,0(x15)	 x15:0x00020000 x12:0x00000073 PA:0x00020000 store:0x00000073 load:0x00000000
          27168	     13580	001000f8	00754683	lbu	x13,7(x10)	 x10:0x00101a9c x13=0x0000003a PA:0x00101aa3 store:0x0000006f
          27170	     13581	001000fc	00850513	addi	x10,x10,8	 x10:0x00101a9c x10=0x00101aa4
          27172	     13582	00100100	00068863	beq	x13,x0,100110	 x13:0x0000003a  x0:0x00000000
          27176	     13584	00100104	00d7a023	sw	x13,0(x15)	 x15:0x00020000 x13:0x0000003a PA:0x00020000 store:0x0000003a load:0x00000000
          27180	     13586	00100108	00054803	lbu	x16,0(x10)	 x10:0x00101aa4 x16=0x00000020 PA:0x00101aa4 store:0x00000000
          27184	     13588	0010010c	fa0810e3	bne	x16,x0,1000ac	 x16:0x00000020  x0:0x00000000
          27190	     13591	001000ac	0107a023	sw	x16,0(x15)	 x15:0x00020000 x16:0x00000020 PA:0x00020000 store:0x00000020 load:0x00000000
          27194	     13593	001000b0	00154703	lbu	x14,1(x10)	 x10:0x00101aa4 x14=0x0000000a PA:0x00101aa5 store:0x001014cc
          27196	     13594	001000b4	04070e63	beq	x14,x0,100110	 x14:0x0000000a  x0:0x00000000
          27200	     13596	001000b8	00e7a023	sw	x14,0(x15)	 x15:0x00020000 x14:0x0000000a PA:0x00020000 store:0x0000000a load:0x00000000
          27204	     13598	001000bc	00254283	lbu	x5,2(x10)	 x10:0x00101aa4  x5=0x00000000 PA:0x00101aa6 store:0x00137fa0
          27208	     13600	001000c0	04028863	beq	x5,x0,100110	  x5:0x00000000  x0:0x00000000
          27212	     13602	00100110	00000513	addi	x10,x0,0	  x0:0x00000000 x10=0x00000000
          27216	     13604	00100114	00008067	jalr	x0,0(x1)	  x1:0x001014cc  x0=0x00000000
          27218	     13605	001014cc	ff800eb7	lui	x29,0xff800	 x29=0xff800000
          27222	     13607	001014d0	cfda2c23	sw	x29,-776(x20)	 x20:0x00102000 x29:0xff800000 PA:0x00101cf8 store:0xff800000 load:0x00000a20
          27226	     13609	001014d4	cf8a2f03	lw	x30,-776(x20)	 x20:0x00102000 x30=0xff800000 PA:0x00101cf8 store:0x00102000
          27234	     13613	001014d8	00102fb7	lui	x31,0x102	 x31=0x00102000
          27236	     13614	001014dc	f00f03d3	fmv.w.x	f7,x30	 x30:0xff800000  f7=0x00000000
          27238	     13615	001014e0	aa8f8513	addi	x10,x31,-1368	 x31:0x00102000 x10=0x00101aa8
          27240	     13616	001014e4	d27ba227	fsw	f7,-732(x23)	 f23:0x00102000  f7:0x0000006f PA:0x00101d24 store:0xff800000 load:0xff800000
          27242	     13617	001014e8	d24ba407	flw	f8,-732(x23)	 f23:0x00102000  f8=0x00000000 PA:0x00101d24 store:0x3e5bdc88
          27244	     13618	001014ec	e0041d53	fclass.s	x26,f8	  f8:0x00102000 x26=0x00000001
          27246	     13619	001014f0	cfaa2c23	sw	x26,-776(x20)	 x20:0x00102000 x26:0x00000001 PA:0x00101cf8 store:0x00000001 load:0xff800000
          27248	     13620	001014f4	badfe0ef	jal	x1,1000a0	  x1=0x001014f8
          27252	     13622	001000a0	00054803	lbu	x16,0(x10)	 x10:0x00101aa8 x16=0x00000020 PA:0x00101aa8 store:0x00000000
          27254	     13623	001000a4	06080663	beq	x16,x0,100110	 x16:0x00000020  x0:0x00000000
          27256	     13624	001000a8	000207b7	lui	x15,0x20	 x15=0x00020000
          27260	     13626	001000ac	0107a023	sw	x16,0(x15)	 x15:0x00020000 x16:0x00000020 PA:0x00020000 store:0x00000020 load:0x00000000
          27264	     13628	001000b0	00154703	lbu	x14,1(x10)	 x10:0x00101aa8 x14=0x00000045 PA:0x00101aa9 store:0x001014f8
          27266	     13629	001000b4	04070e63	beq	x14,x0,100110	 x14:0x00000045  x0:0x00000000
          27270	     13631	001000b8	00e7a023	sw	x14,0(x15)	 x15:0x00020000 x14:0x00000045 PA:0x00020000 store:0x00000045 load:0x00000000
          27274	     13633	001000bc	00254283	lbu	x5,2(x10)	 x10:0x00101aa8  x5=0x00000078 PA:0x00101aaa store:0x00137fa0
          27276	     13634	001000c0	04028863	beq	x5,x0,100110	  x5:0x00000078  x0:0x00000000
          27280	     13636	001000c4	0057a023	sw	x5,0(x15)	 x15:0x00020000  x5:0x00000078 PA:0x00020000 store:0x00000078 load:0x00000000
          27284	     13638	001000c8	00354303	lbu	x6,3(x10)	 x10:0x00101aa8  x6=0x00000070 PA:0x00101aab store:0x00000000
          27286	     13639	001000cc	04030263	beq	x6,x0,100110	  x6:0x00000070  x0:0x00000000
          27290	     13641	001000d0	0067a023	sw	x6,0(x15)	 x15:0x00020000  x6:0x00000070 PA:0x00020000 store:0x00000070 load:0x00000000
          27294	     13643	001000d4	00454383	lbu	x7,4(x10)	 x10:0x00101aa8  x7=0x00000065 PA:0x00101aac store:0x00000000
          27296	     13644	001000d8	02038c63	beq	x7,x0,100110	  x7:0x00000065  x0:0x00000000
          27300	     13646	001000dc	0077a023	sw	x7,0(x15)	 x15:0x00020000  x7:0x00000065 PA:0x00020000 store:0x00000065 load:0x00000000
          27304	     13648	001000e0	00554583	lbu	x11,5(x10)	 x10:0x00101aa8 x11=0x00000063 PA:0x00101aad store:0x00000078
          27306	     13649	001000e4	02058663	beq	x11,x0,100110	 x11:0x00000063  x0:0x00000000
          27310	     13651	001000e8	00b7a023	sw	x11,0(x15)	 x15:0x00020000 x11:0x00000063 PA:0x00020000 store:0x00000063 load:0x00000000
          27314	     13653	001000ec	00654603	lbu	x12,6(x10)	 x10:0x00101aa8 x12=0x00000074 PA:0x00101aae store:0x00000070
          27316	     13654	001000f0	02060063	beq	x12,x0,100110	 x12:0x00000074  x0:0x00000000
          27320	     13656	001000f4	00c7a023	sw	x12,0(x15)	 x15:0x00020000 x12:0x00000074 PA:0x00020000 store:0x00000074 load:0x00000000
          27324	     13658	001000f8	00754683	lbu	x13,7(x10)	 x10:0x00101aa8 x13=0x00000069 PA:0x00101aaf store:0x00000065
          27326	     13659	001000fc	00850513	addi	x10,x10,8	 x10:0x00101aa8 x10=0x00101ab0
          27328	     13660	00100100	00068863	beq	x13,x0,100110	 x13:0x00000069  x0:0x00000000
          27332	     13662	00100104	00d7a023	sw	x13,0(x15)	 x15:0x00020000 x13:0x00000069 PA:0x00020000 store:0x00000069 load:0x00000000
          27336	     13664	00100108	00054803	lbu	x16,0(x10)	 x10:0x00101ab0 x16=0x0000006e PA:0x00101ab0 store:0x00000000
          27340	     13666	0010010c	fa0810e3	bne	x16,x0,1000ac	 x16:0x0000006e  x0:0x00000000
          27346	     13669	001000ac	0107a023	sw	x16,0(x15)	 x15:0x00020000 x16:0x0000006e PA:0x00020000 store:0x0000006e load:0x00000000
          27350	     13671	001000b0	00154703	lbu	x14,1(x10)	 x10:0x00101ab0 x14=0x00000067 PA:0x00101ab1 store:0x001014f8
          27352	     13672	001000b4	04070e63	beq	x14,x0,100110	 x14:0x00000067  x0:0x00000000
          27356	     13674	001000b8	00e7a023	sw	x14,0(x15)	 x15:0x00020000 x14:0x00000067 PA:0x00020000 store:0x00000067 load:0x00000000
          27360	     13676	001000bc	00254283	lbu	x5,2(x10)	 x10:0x00101ab0  x5=0x00000020 PA:0x00101ab2 store:0x00137fa0
          27362	     13677	001000c0	04028863	beq	x5,x0,100110	  x5:0x00000020  x0:0x00000000
          27366	     13679	001000c4	0057a023	sw	x5,0(x15)	 x15:0x00020000  x5:0x00000020 PA:0x00020000 store:0x00000020 load:0x00000000
          27370	     13681	001000c8	00354303	lbu	x6,3(x10)	 x10:0x00101ab0  x6=0x00000030 PA:0x00101ab3 store:0x00000000
          27372	     13682	001000cc	04030263	beq	x6,x0,100110	  x6:0x00000030  x0:0x00000000
          27376	     13684	001000d0	0067a023	sw	x6,0(x15)	 x15:0x00020000  x6:0x00000030 PA:0x00020000 store:0x00000030 load:0x00000000
          27380	     13686	001000d4	00454383	lbu	x7,4(x10)	 x10:0x00101ab0  x7=0x00000078 PA:0x00101ab4 store:0x00000000
          27382	     13687	001000d8	02038c63	beq	x7,x0,100110	  x7:0x00000078  x0:0x00000000
          27386	     13689	001000dc	0077a023	sw	x7,0(x15)	 x15:0x00020000  x7:0x00000078 PA:0x00020000 store:0x00000078 load:0x00000000
          27390	     13691	001000e0	00554583	lbu	x11,5(x10)	 x10:0x00101ab0 x11=0x00000031 PA:0x00101ab5 store:0x00000020
          27392	     13692	001000e4	02058663	beq	x11,x0,100110	 x11:0x00000031  x0:0x00000000
          27396	     13694	001000e8	00b7a023	sw	x11,0(x15)	 x15:0x00020000 x11:0x00000031 PA:0x00020000 store:0x00000031 load:0x00000000
          27400	     13696	001000ec	00654603	lbu	x12,6(x10)	 x10:0x00101ab0 x12=0x0000003a PA:0x00101ab6 store:0x00000030
          27402	     13697	001000f0	02060063	beq	x12,x0,100110	 x12:0x0000003a  x0:0x00000000
          27406	     13699	001000f4	00c7a023	sw	x12,0(x15)	 x15:0x00020000 x12:0x0000003a PA:0x00020000 store:0x0000003a load:0x00000000
          27410	     13701	001000f8	00754683	lbu	x13,7(x10)	 x10:0x00101ab0 x13=0x00000020 PA:0x00101ab7 store:0x00000078
          27412	     13702	001000fc	00850513	addi	x10,x10,8	 x10:0x00101ab0 x10=0x00101ab8
          27414	     13703	00100100	00068863	beq	x13,x0,100110	 x13:0x00000020  x0:0x00000000
          27418	     13705	00100104	00d7a023	sw	x13,0(x15)	 x15:0x00020000 x13:0x00000020 PA:0x00020000 store:0x00000020 load:0x00000000
          27422	     13707	00100108	00054803	lbu	x16,0(x10)	 x10:0x00101ab8 x16=0x00000000 PA:0x00101ab8 store:0x00000000
          27424	     13708	0010010c	fa0810e3	bne	x16,x0,1000ac	 x16:0x00000000  x0:0x00000000
          27426	     13709	00100110	00000513	addi	x10,x0,0	  x0:0x00000000 x10=0x00000000
          27430	     13711	00100114	00008067	jalr	x0,0(x1)	  x1:0x001014f8  x0=0x00000000
          27434	     13713	001014f8	cf8a2503	lw	x10,-776(x20)	 x20:0x00102000 x10=0x00000001 PA:0x00101cf8 store:0x00102000
          27436	     13714	001014fc	00102d37	lui	x26,0x102	 x26=0x00102000
          27440	     13716	00101500	c21fe0ef	jal	x1,100120	  x1=0x00101504
          27442	     13717	00100120	01c55793	srli	x15,x10,0x1c	 x10:0x00000001 x15=0x00000000
          27444	     13718	00100124	00900713	addi	x14,x0,9	  x0:0x00000000 x14=0x00000009
          27448	     13720	00100128	0cf77a63	bgeu	x14,x15,1001fc	 x14:0x00000009 x15:0x00000000
          27452	     13722	001001fc	03078393	addi	x7,x15,48	 x15:0x00000000  x7=0x00000030
          27454	     13723	00100200	000205b7	lui	x11,0x20	 x11=0x00020000
          27456	     13724	00100204	00451613	slli	x12,x10,0x4	 x10:0x00000001 x12=0x00000010
          27460	     13726	00100208	0075a023	sw	x7,0(x11)	 x11:0x00020000  x7:0x00000030 PA:0x00020000 store:0x00000030 load:0x00000000
          27462	     13727	0010020c	01c65693	srli	x13,x12,0x1c	 x12:0x00000010 x13=0x00000000
          27464	     13728	00100210	00900813	addi	x16,x0,9	  x0:0x00000000 x16=0x00000009
          27466	     13729	00100214	f2d86ae3	bltu	x16,x13,100148	 x16:0x00000009 x13:0x00000000
          27468	     13730	00100218	03068e93	addi	x29,x13,48	 x13:0x00000000 x29=0x00000030
          27470	     13731	0010021c	00020f37	lui	x30,0x20	 x30=0x00020000
          27472	     13732	00100220	00851f93	slli	x31,x10,0x8	 x10:0x00000001 x31=0x00000100
          27476	     13734	00100224	01df2023	sw	x29,0(x30)	 x30:0x00020000 x29:0x00000030 PA:0x00020000 store:0x00000030 load:0x00000000
          27478	     13735	00100228	01cfd793	srli	x15,x31,0x1c	 x31:0x00000100 x15=0x00000000
          27480	     13736	0010022c	00900713	addi	x14,x0,9	  x0:0x00000000 x14=0x00000009
          27482	     13737	00100230	f2f76ae3	bltu	x14,x15,100164	 x14:0x00000009 x15:0x00000000
          27484	     13738	00100234	03078393	addi	x7,x15,48	 x15:0x00000000  x7=0x00000030
          27486	     13739	00100238	000205b7	lui	x11,0x20	 x11=0x00020000
          27488	     13740	0010023c	00c51613	slli	x12,x10,0xc	 x10:0x00000001 x12=0x00001000
          27492	     13742	00100240	0075a023	sw	x7,0(x11)	 x11:0x00020000  x7:0x00000030 PA:0x00020000 store:0x00000030 load:0x00000000
          27494	     13743	00100244	01c65693	srli	x13,x12,0x1c	 x12:0x00001000 x13=0x00000000
          27496	     13744	00100248	00900813	addi	x16,x0,9	  x0:0x00000000 x16=0x00000009
          27498	     13745	0010024c	f2d86ae3	bltu	x16,x13,100180	 x16:0x00000009 x13:0x00000000
          27500	     13746	00100250	03068e93	addi	x29,x13,48	 x13:0x00000000 x29=0x00000030
          27502	     13747	00100254	00020f37	lui	x30,0x20	 x30=0x00020000
          27504	     13748	00100258	01051f93	slli	x31,x10,0x10	 x10:0x00000001 x31=0x00010000
          27508	     13750	0010025c	01df2023	sw	x29,0(x30)	 x30:0x00020000 x29:0x00000030 PA:0x00020000 store:0x00000030 load:0x00000000
          27510	     13751	00100260	01cfd793	srli	x15,x31,0x1c	 x31:0x00010000 x15=0x00000000
          27512	     13752	00100264	00900713	addi	x14,x0,9	  x0:0x00000000 x14=0x00000009
          27514	     13753	00100268	f2f76ae3	bltu	x14,x15,10019c	 x14:0x00000009 x15:0x00000000
          27516	     13754	0010026c	03078393	addi	x7,x15,48	 x15:0x00000000  x7=0x00000030
          27518	     13755	00100270	000205b7	lui	x11,0x20	 x11=0x00020000
          27520	     13756	00100274	01451613	slli	x12,x10,0x14	 x10:0x00000001 x12=0x00100000
          27524	     13758	00100278	0075a023	sw	x7,0(x11)	 x11:0x00020000  x7:0x00000030 PA:0x00020000 store:0x00000030 load:0x00000000
          27526	     13759	0010027c	01c65693	srli	x13,x12,0x1c	 x12:0x00100000 x13=0x00000000
          27528	     13760	00100280	00900813	addi	x16,x0,9	  x0:0x00000000 x16=0x00000009
          27530	     13761	00100284	f2d86ae3	bltu	x16,x13,1001b8	 x16:0x00000009 x13:0x00000000
          27532	     13762	00100288	03068e93	addi	x29,x13,48	 x13:0x00000000 x29=0x00000030
          27534	     13763	0010028c	00020f37	lui	x30,0x20	 x30=0x00020000
          27536	     13764	00100290	01851f93	slli	x31,x10,0x18	 x10:0x00000001 x31=0x01000000
          27540	     13766	00100294	01df2023	sw	x29,0(x30)	 x30:0x00020000 x29:0x00000030 PA:0x00020000 store:0x00000030 load:0x00000000
          27542	     13767	00100298	01cfd793	srli	x15,x31,0x1c	 x31:0x01000000 x15=0x00000000
          27544	     13768	0010029c	00900713	addi	x14,x0,9	  x0:0x00000000 x14=0x00000009
          27546	     13769	001002a0	f2f76ae3	bltu	x14,x15,1001d4	 x14:0x00000009 x15:0x00000000
          27548	     13770	001002a4	03078393	addi	x7,x15,48	 x15:0x00000000  x7=0x00000030
          27550	     13771	001002a8	000205b7	lui	x11,0x20	 x11=0x00020000
          27554	     13773	001002ac	0075a023	sw	x7,0(x11)	 x11:0x00020000  x7:0x00000030 PA:0x00020000 store:0x00000030 load:0x00000000
          27556	     13774	001002b0	00f57513	andi	x10,x10,15	 x10:0x00000001 x10=0x00000001
          27558	     13775	001002b4	00900613	addi	x12,x0,9	  x0:0x00000000 x12=0x00000009
          27562	     13777	001002b8	f2a67ae3	bgeu	x12,x10,1001ec	 x12:0x00000009 x10:0x00000001
          27566	     13779	001001ec	03050893	addi	x17,x10,48	 x10:0x00000001 x17=0x00000031
          27568	     13780	001001f0	00020e37	lui	x28,0x20	 x28=0x00020000
          27572	     13782	001001f4	011e2023	sw	x17,0(x28)	 x28:0x00020000 x17:0x00000031 PA:0x00020000 store:0x00000031 load:0x00000000
          27576	     13784	001001f8	00008067	jalr	x0,0(x1)	  x1:0x00101504  x0=0x00000000
          27584	     13788	00101504	001026b7	lui	x13,0x102	 x13=0x00102000
          27586	     13789	00101508	9486a487	flw	f9,-1720(x13)	 f13:0x00102000  f9=0x00000000 PA:0x00101948 store:0xff800000
          27590	     13791	0010150c	00102737	lui	x14,0x102	 x14=0x00102000
          27592	     13792	00101510	abc70513	addi	x10,x14,-1348	 x14:0x00102000 x10=0x00101abc
          27594	     13793	00101514	d29ca027	fsw	f9,-736(x25)	 f25:0x00102000  f9:0x00102000 PA:0x00101d20 store:0xc019999a load:0xc019999a
          27596	     13794	00101518	d20ca507	flw	f10,-736(x25)	 f25:0x00102000 f10=0x00000000 PA:0x00101d20 store:0x00000000
          27598	     13795	0010151c	e00517d3	fclass.s	x15,f10	 f10:0x00101abc x15=0x00000002
          27600	     13796	00101520	cefdaa23	sw	x15,-780(x27)	 x27:0x00102000 x15:0x00000002 PA:0x00101cf4 store:0x00000002 load:0xc019999a
          27602	     13797	00101524	b7dfe0ef	jal	x1,1000a0	  x1=0x00101528
          27604	     13798	001000a0	00054803	lbu	x16,0(x10)	 x10:0x00101abc x16=0x0000000a PA:0x00101abc store:0x00000000
          27606	     13799	001000a4	06080663	beq	x16,x0,100110	 x16:0x0000000a  x0:0x00000000
          27608	     13800	001000a8	000207b7	lui	x15,0x20	 x15=0x00020000
          27612	     13802	001000ac	0107a023	sw	x16,0(x15)	 x15:0x00020000 x16:0x0000000a PA:0x00020000 store:0x0000000a load:0x00000000
          27616	     13804	001000b0	00154703	lbu	x14,1(x10)	 x10:0x00101abc x14=0x00000020 PA:0x00101abd store:0x00101528
          27618	     13805	001000b4	04070e63	beq	x14,x0,100110	 x14:0x00000020  x0:0x00000000
          27622	     13807	001000b8	00e7a023	sw	x14,0(x15)	 x15:0x00020000 x14:0x00000020 PA:0x00020000 store:0x00000020 load:0x00000000
          27626	     13809	001000bc	00254283	lbu	x5,2(x10)	 x10:0x00101abc  x5=0x00000045 PA:0x00101abe store:0x00137fa0
          27628	     13810	001000c0	04028863	beq	x5,x0,100110	  x5:0x00000045  x0:0x00000000
          27632	     13812	001000c4	0057a023	sw	x5,0(x15)	 x15:0x00020000  x5:0x00000045 PA:0x00020000 store:0x00000045 load:0x00000000
          27636	     13814	001000c8	00354303	lbu	x6,3(x10)	 x10:0x00101abc  x6=0x00000078 PA:0x00101abf store:0x00000000
          27638	     13815	001000cc	04030263	beq	x6,x0,100110	  x6:0x00000078  x0:0x00000000
          27642	     13817	001000d0	0067a023	sw	x6,0(x15)	 x15:0x00020000  x6:0x00000078 PA:0x00020000 store:0x00000078 load:0x00000000
          27646	     13819	001000d4	00454383	lbu	x7,4(x10)	 x10:0x00101abc  x7=0x00000070 PA:0x00101ac0 store:0x00000000
          27648	     13820	001000d8	02038c63	beq	x7,x0,100110	  x7:0x00000070  x0:0x00000000
          27652	     13822	001000dc	0077a023	sw	x7,0(x15)	 x15:0x00020000  x7:0x00000070 PA:0x00020000 store:0x00000070 load:0x00000000
          27656	     13824	001000e0	00554583	lbu	x11,5(x10)	 x10:0x00101abc x11=0x00000065 PA:0x00101ac1 store:0x00000045
          27658	     13825	001000e4	02058663	beq	x11,x0,100110	 x11:0x00000065  x0:0x00000000
          27662	     13827	001000e8	00b7a023	sw	x11,0(x15)	 x15:0x00020000 x11:0x00000065 PA:0x00020000 store:0x00000065 load:0x00000000
          27666	     13829	001000ec	00654603	lbu	x12,6(x10)	 x10:0x00101abc x12=0x00000063 PA:0x00101ac2 store:0x00000078
          27668	     13830	001000f0	02060063	beq	x12,x0,100110	 x12:0x00000063  x0:0x00000000
          27672	     13832	001000f4	00c7a023	sw	x12,0(x15)	 x15:0x00020000 x12:0x00000063 PA:0x00020000 store:0x00000063 load:0x00000000
          27676	     13834	001000f8	00754683	lbu	x13,7(x10)	 x10:0x00101abc x13=0x00000074 PA:0x00101ac3 store:0x00000070
          27678	     13835	001000fc	00850513	addi	x10,x10,8	 x10:0x00101abc x10=0x00101ac4
          27680	     13836	00100100	00068863	beq	x13,x0,100110	 x13:0x00000074  x0:0x00000000
          27684	     13838	00100104	00d7a023	sw	x13,0(x15)	 x15:0x00020000 x13:0x00000074 PA:0x00020000 store:0x00000074 load:0x00000000
          27688	     13840	00100108	00054803	lbu	x16,0(x10)	 x10:0x00101ac4 x16=0x00000069 PA:0x00101ac4 store:0x00000000
          27692	     13842	0010010c	fa0810e3	bne	x16,x0,1000ac	 x16:0x00000069  x0:0x00000000
          27698	     13845	001000ac	0107a023	sw	x16,0(x15)	 x15:0x00020000 x16:0x00000069 PA:0x00020000 store:0x00000069 load:0x00000000
          27702	     13847	001000b0	00154703	lbu	x14,1(x10)	 x10:0x00101ac4 x14=0x0000006e PA:0x00101ac5 store:0x00101528
          27704	     13848	001000b4	04070e63	beq	x14,x0,100110	 x14:0x0000006e  x0:0x00000000
          27708	     13850	001000b8	00e7a023	sw	x14,0(x15)	 x15:0x00020000 x14:0x0000006e PA:0x00020000 store:0x0000006e load:0x00000000
          27712	     13852	001000bc	00254283	lbu	x5,2(x10)	 x10:0x00101ac4  x5=0x00000067 PA:0x00101ac6 store:0x00137fa0
          27714	     13853	001000c0	04028863	beq	x5,x0,100110	  x5:0x00000067  x0:0x00000000
          27718	     13855	001000c4	0057a023	sw	x5,0(x15)	 x15:0x00020000  x5:0x00000067 PA:0x00020000 store:0x00000067 load:0x00000000
          27722	     13857	001000c8	00354303	lbu	x6,3(x10)	 x10:0x00101ac4  x6=0x00000020 PA:0x00101ac7 store:0x00000000
          27724	     13858	001000cc	04030263	beq	x6,x0,100110	  x6:0x00000020  x0:0x00000000
          27728	     13860	001000d0	0067a023	sw	x6,0(x15)	 x15:0x00020000  x6:0x00000020 PA:0x00020000 store:0x00000020 load:0x00000000
          27732	     13862	001000d4	00454383	lbu	x7,4(x10)	 x10:0x00101ac4  x7=0x00000030 PA:0x00101ac8 store:0x00000000
          27734	     13863	001000d8	02038c63	beq	x7,x0,100110	  x7:0x00000030  x0:0x00000000
          27738	     13865	001000dc	0077a023	sw	x7,0(x15)	 x15:0x00020000  x7:0x00000030 PA:0x00020000 store:0x00000030 load:0x00000000
          27742	     13867	001000e0	00554583	lbu	x11,5(x10)	 x10:0x00101ac4 x11=0x00000078 PA:0x00101ac9 store:0x00000067
          27744	     13868	001000e4	02058663	beq	x11,x0,100110	 x11:0x00000078  x0:0x00000000
          27748	     13870	001000e8	00b7a023	sw	x11,0(x15)	 x15:0x00020000 x11:0x00000078 PA:0x00020000 store:0x00000078 load:0x00000000
          27752	     13872	001000ec	00654603	lbu	x12,6(x10)	 x10:0x00101ac4 x12=0x00000032 PA:0x00101aca store:0x00000020
          27754	     13873	001000f0	02060063	beq	x12,x0,100110	 x12:0x00000032  x0:0x00000000
          27758	     13875	001000f4	00c7a023	sw	x12,0(x15)	 x15:0x00020000 x12:0x00000032 PA:0x00020000 store:0x00000032 load:0x00000000
          27762	     13877	001000f8	00754683	lbu	x13,7(x10)	 x10:0x00101ac4 x13=0x0000003a PA:0x00101acb store:0x00000030
          27764	     13878	001000fc	00850513	addi	x10,x10,8	 x10:0x00101ac4 x10=0x00101acc
          27766	     13879	00100100	00068863	beq	x13,x0,100110	 x13:0x0000003a  x0:0x00000000
          27770	     13881	00100104	00d7a023	sw	x13,0(x15)	 x15:0x00020000 x13:0x0000003a PA:0x00020000 store:0x0000003a load:0x00000000
          27774	     13883	00100108	00054803	lbu	x16,0(x10)	 x10:0x00101acc x16=0x00000020 PA:0x00101acc store:0x00000000
          27778	     13885	0010010c	fa0810e3	bne	x16,x0,1000ac	 x16:0x00000020  x0:0x00000000
          27784	     13888	001000ac	0107a023	sw	x16,0(x15)	 x15:0x00020000 x16:0x00000020 PA:0x00020000 store:0x00000020 load:0x00000000
          27788	     13890	001000b0	00154703	lbu	x14,1(x10)	 x10:0x00101acc x14=0x00000000 PA:0x00101acd store:0x00101528
          27792	     13892	001000b4	04070e63	beq	x14,x0,100110	 x14:0x00000000  x0:0x00000000
          27796	     13894	00100110	00000513	addi	x10,x0,0	  x0:0x00000000 x10=0x00000000
          27800	     13896	00100114	00008067	jalr	x0,0(x1)	  x1:0x00101528  x0=0x00000000
          27804	     13898	00101528	cf4da503	lw	x10,-780(x27)	 x27:0x00102000 x10=0x00000002 PA:0x00101cf4 store:0x00102000
          27808	     13900	0010152c	bf5fe0ef	jal	x1,100120	  x1=0x00101530
          27810	     13901	00100120	01c55793	srli	x15,x10,0x1c	 x10:0x00000002 x15=0x00000000
          27812	     13902	00100124	00900713	addi	x14,x0,9	  x0:0x00000000 x14=0x00000009
          27816	     13904	00100128	0cf77a63	bgeu	x14,x15,1001fc	 x14:0x00000009 x15:0x00000000
          27820	     13906	001001fc	03078393	addi	x7,x15,48	 x15:0x00000000  x7=0x00000030
          27822	     13907	00100200	000205b7	lui	x11,0x20	 x11=0x00020000
          27824	     13908	00100204	00451613	slli	x12,x10,0x4	 x10:0x00000002 x12=0x00000020
          27828	     13910	00100208	0075a023	sw	x7,0(x11)	 x11:0x00020000  x7:0x00000030 PA:0x00020000 store:0x00000030 load:0x00000000
          27830	     13911	0010020c	01c65693	srli	x13,x12,0x1c	 x12:0x00000020 x13=0x00000000
          27832	     13912	00100210	00900813	addi	x16,x0,9	  x0:0x00000000 x16=0x00000009
          27834	     13913	00100214	f2d86ae3	bltu	x16,x13,100148	 x16:0x00000009 x13:0x00000000
          27836	     13914	00100218	03068e93	addi	x29,x13,48	 x13:0x00000000 x29=0x00000030
          27838	     13915	0010021c	00020f37	lui	x30,0x20	 x30=0x00020000
          27840	     13916	00100220	00851f93	slli	x31,x10,0x8	 x10:0x00000002 x31=0x00000200
          27844	     13918	00100224	01df2023	sw	x29,0(x30)	 x30:0x00020000 x29:0x00000030 PA:0x00020000 store:0x00000030 load:0x00000000
          27846	     13919	00100228	01cfd793	srli	x15,x31,0x1c	 x31:0x00000200 x15=0x00000000
          27848	     13920	0010022c	00900713	addi	x14,x0,9	  x0:0x00000000 x14=0x00000009
          27850	     13921	00100230	f2f76ae3	bltu	x14,x15,100164	 x14:0x00000009 x15:0x00000000
          27852	     13922	00100234	03078393	addi	x7,x15,48	 x15:0x00000000  x7=0x00000030
          27854	     13923	00100238	000205b7	lui	x11,0x20	 x11=0x00020000
          27856	     13924	0010023c	00c51613	slli	x12,x10,0xc	 x10:0x00000002 x12=0x00002000
          27860	     13926	00100240	0075a023	sw	x7,0(x11)	 x11:0x00020000  x7:0x00000030 PA:0x00020000 store:0x00000030 load:0x00000000
          27862	     13927	00100244	01c65693	srli	x13,x12,0x1c	 x12:0x00002000 x13=0x00000000
          27864	     13928	00100248	00900813	addi	x16,x0,9	  x0:0x00000000 x16=0x00000009
          27866	     13929	0010024c	f2d86ae3	bltu	x16,x13,100180	 x16:0x00000009 x13:0x00000000
          27868	     13930	00100250	03068e93	addi	x29,x13,48	 x13:0x00000000 x29=0x00000030
          27870	     13931	00100254	00020f37	lui	x30,0x20	 x30=0x00020000
          27872	     13932	00100258	01051f93	slli	x31,x10,0x10	 x10:0x00000002 x31=0x00020000
          27876	     13934	0010025c	01df2023	sw	x29,0(x30)	 x30:0x00020000 x29:0x00000030 PA:0x00020000 store:0x00000030 load:0x00000000
          27878	     13935	00100260	01cfd793	srli	x15,x31,0x1c	 x31:0x00020000 x15=0x00000000
          27880	     13936	00100264	00900713	addi	x14,x0,9	  x0:0x00000000 x14=0x00000009
          27882	     13937	00100268	f2f76ae3	bltu	x14,x15,10019c	 x14:0x00000009 x15:0x00000000
          27884	     13938	0010026c	03078393	addi	x7,x15,48	 x15:0x00000000  x7=0x00000030
          27886	     13939	00100270	000205b7	lui	x11,0x20	 x11=0x00020000
          27888	     13940	00100274	01451613	slli	x12,x10,0x14	 x10:0x00000002 x12=0x00200000
          27892	     13942	00100278	0075a023	sw	x7,0(x11)	 x11:0x00020000  x7:0x00000030 PA:0x00020000 store:0x00000030 load:0x00000000
          27894	     13943	0010027c	01c65693	srli	x13,x12,0x1c	 x12:0x00200000 x13=0x00000000
          27896	     13944	00100280	00900813	addi	x16,x0,9	  x0:0x00000000 x16=0x00000009
          27898	     13945	00100284	f2d86ae3	bltu	x16,x13,1001b8	 x16:0x00000009 x13:0x00000000
          27900	     13946	00100288	03068e93	addi	x29,x13,48	 x13:0x00000000 x29=0x00000030
          27902	     13947	0010028c	00020f37	lui	x30,0x20	 x30=0x00020000
          27904	     13948	00100290	01851f93	slli	x31,x10,0x18	 x10:0x00000002 x31=0x02000000
          27908	     13950	00100294	01df2023	sw	x29,0(x30)	 x30:0x00020000 x29:0x00000030 PA:0x00020000 store:0x00000030 load:0x00000000
          27910	     13951	00100298	01cfd793	srli	x15,x31,0x1c	 x31:0x02000000 x15=0x00000000
          27912	     13952	0010029c	00900713	addi	x14,x0,9	  x0:0x00000000 x14=0x00000009
          27914	     13953	001002a0	f2f76ae3	bltu	x14,x15,1001d4	 x14:0x00000009 x15:0x00000000
          27916	     13954	001002a4	03078393	addi	x7,x15,48	 x15:0x00000000  x7=0x00000030
          27918	     13955	001002a8	000205b7	lui	x11,0x20	 x11=0x00020000
          27922	     13957	001002ac	0075a023	sw	x7,0(x11)	 x11:0x00020000  x7:0x00000030 PA:0x00020000 store:0x00000030 load:0x00000000
          27924	     13958	001002b0	00f57513	andi	x10,x10,15	 x10:0x00000002 x10=0x00000002
          27926	     13959	001002b4	00900613	addi	x12,x0,9	  x0:0x00000000 x12=0x00000009
          27930	     13961	001002b8	f2a67ae3	bgeu	x12,x10,1001ec	 x12:0x00000009 x10:0x00000002
          27934	     13963	001001ec	03050893	addi	x17,x10,48	 x10:0x00000002 x17=0x00000032
          27936	     13964	001001f0	00020e37	lui	x28,0x20	 x28=0x00020000
          27940	     13966	001001f4	011e2023	sw	x17,0(x28)	 x28:0x00020000 x17:0x00000032 PA:0x00020000 store:0x00000032 load:0x00000000
          27944	     13968	001001f8	00008067	jalr	x0,0(x1)	  x1:0x00101530  x0=0x00000000
          27952	     13972	00101530	001022b7	lui	x5,0x102	  x5=0x00102000
          27954	     13973	00101534	94c2a807	flw	f16,-1716(x5)	  f5:0x00102000 f16=0x00000000 PA:0x0010194c store:0xc06d7f2b
          27958	     13975	00101538	00102537	lui	x10,0x102	 x10=0x00102000
          27960	     13976	0010153c	ad050513	addi	x10,x10,-1328	 x10:0x00102000 x10=0x00101ad0
          27962	     13977	00101540	d104ae27	fsw	f16,-740(x9)	  f9:0x00102000 f16:0x00000009 PA:0x00101d1c store:0x80000047 load:0x80000047
          27964	     13978	00101544	d1c4a887	flw	f17,-740(x9)	  f9:0x00102000 f17=0x00000000 PA:0x00101d1c store:0x80000000
          27966	     13979	00101548	e00894d3	fclass.s	x9,f17	 f17:0x00000032  x9=0x00000004
          27968	     13980	0010154c	ce9d2823	sw	x9,-784(x26)	 x26:0x00102000  x9:0x00000004 PA:0x00101cf0 store:0x00000004 load:0x80000047
          27970	     13981	00101550	b51fe0ef	jal	x1,1000a0	  x1=0x00101554
          27972	     13982	001000a0	00054803	lbu	x16,0(x10)	 x10:0x00101ad0 x16=0x0000000a PA:0x00101ad0 store:0x00000000
          27974	     13983	001000a4	06080663	beq	x16,x0,100110	 x16:0x0000000a  x0:0x00000000
          27976	     13984	001000a8	000207b7	lui	x15,0x20	 x15=0x00020000
          27980	     13986	001000ac	0107a023	sw	x16,0(x15)	 x15:0x00020000 x16:0x0000000a PA:0x00020000 store:0x0000000a load:0x00000000
          27984	     13988	001000b0	00154703	lbu	x14,1(x10)	 x10:0x00101ad0 x14=0x00000020 PA:0x00101ad1 store:0x00101554
          27986	     13989	001000b4	04070e63	beq	x14,x0,100110	 x14:0x00000020  x0:0x00000000
          27990	     13991	001000b8	00e7a023	sw	x14,0(x15)	 x15:0x00020000 x14:0x00000020 PA:0x00020000 store:0x00000020 load:0x00000000
          27994	     13993	001000bc	00254283	lbu	x5,2(x10)	 x10:0x00101ad0  x5=0x00000045 PA:0x00101ad2 store:0x00137fa0
          27996	     13994	001000c0	04028863	beq	x5,x0,100110	  x5:0x00000045  x0:0x00000000
          28000	     13996	001000c4	0057a023	sw	x5,0(x15)	 x15:0x00020000  x5:0x00000045 PA:0x00020000 store:0x00000045 load:0x00000000
          28004	     13998	001000c8	00354303	lbu	x6,3(x10)	 x10:0x00101ad0  x6=0x00000078 PA:0x00101ad3 store:0x00000000
          28006	     13999	001000cc	04030263	beq	x6,x0,100110	  x6:0x00000078  x0:0x00000000
          28010	     14001	001000d0	0067a023	sw	x6,0(x15)	 x15:0x00020000  x6:0x00000078 PA:0x00020000 store:0x00000078 load:0x00000000
          28014	     14003	001000d4	00454383	lbu	x7,4(x10)	 x10:0x00101ad0  x7=0x00000070 PA:0x00101ad4 store:0x00000000
          28016	     14004	001000d8	02038c63	beq	x7,x0,100110	  x7:0x00000070  x0:0x00000000
          28020	     14006	001000dc	0077a023	sw	x7,0(x15)	 x15:0x00020000  x7:0x00000070 PA:0x00020000 store:0x00000070 load:0x00000000
          28024	     14008	001000e0	00554583	lbu	x11,5(x10)	 x10:0x00101ad0 x11=0x00000065 PA:0x00101ad5 store:0x00000045
          28026	     14009	001000e4	02058663	beq	x11,x0,100110	 x11:0x00000065  x0:0x00000000
          28030	     14011	001000e8	00b7a023	sw	x11,0(x15)	 x15:0x00020000 x11:0x00000065 PA:0x00020000 store:0x00000065 load:0x00000000
          28034	     14013	001000ec	00654603	lbu	x12,6(x10)	 x10:0x00101ad0 x12=0x00000063 PA:0x00101ad6 store:0x00000078
          28036	     14014	001000f0	02060063	beq	x12,x0,100110	 x12:0x00000063  x0:0x00000000
          28040	     14016	001000f4	00c7a023	sw	x12,0(x15)	 x15:0x00020000 x12:0x00000063 PA:0x00020000 store:0x00000063 load:0x00000000
          28044	     14018	001000f8	00754683	lbu	x13,7(x10)	 x10:0x00101ad0 x13=0x00000074 PA:0x00101ad7 store:0x00000070
          28046	     14019	001000fc	00850513	addi	x10,x10,8	 x10:0x00101ad0 x10=0x00101ad8
          28048	     14020	00100100	00068863	beq	x13,x0,100110	 x13:0x00000074  x0:0x00000000
          28052	     14022	00100104	00d7a023	sw	x13,0(x15)	 x15:0x00020000 x13:0x00000074 PA:0x00020000 store:0x00000074 load:0x00000000
          28056	     14024	00100108	00054803	lbu	x16,0(x10)	 x10:0x00101ad8 x16=0x00000069 PA:0x00101ad8 store:0x00000000
          28060	     14026	0010010c	fa0810e3	bne	x16,x0,1000ac	 x16:0x00000069  x0:0x00000000
          28066	     14029	001000ac	0107a023	sw	x16,0(x15)	 x15:0x00020000 x16:0x00000069 PA:0x00020000 store:0x00000069 load:0x00000000
          28070	     14031	001000b0	00154703	lbu	x14,1(x10)	 x10:0x00101ad8 x14=0x0000006e PA:0x00101ad9 store:0x00101554
          28072	     14032	001000b4	04070e63	beq	x14,x0,100110	 x14:0x0000006e  x0:0x00000000
          28076	     14034	001000b8	00e7a023	sw	x14,0(x15)	 x15:0x00020000 x14:0x0000006e PA:0x00020000 store:0x0000006e load:0x00000000
          28080	     14036	001000bc	00254283	lbu	x5,2(x10)	 x10:0x00101ad8  x5=0x00000067 PA:0x00101ada store:0x00137fa0
          28082	     14037	001000c0	04028863	beq	x5,x0,100110	  x5:0x00000067  x0:0x00000000
          28086	     14039	001000c4	0057a023	sw	x5,0(x15)	 x15:0x00020000  x5:0x00000067 PA:0x00020000 store:0x00000067 load:0x00000000
          28090	     14041	001000c8	00354303	lbu	x6,3(x10)	 x10:0x00101ad8  x6=0x00000020 PA:0x00101adb store:0x00000000
          28092	     14042	001000cc	04030263	beq	x6,x0,100110	  x6:0x00000020  x0:0x00000000
          28096	     14044	001000d0	0067a023	sw	x6,0(x15)	 x15:0x00020000  x6:0x00000020 PA:0x00020000 store:0x00000020 load:0x00000000
          28100	     14046	001000d4	00454383	lbu	x7,4(x10)	 x10:0x00101ad8  x7=0x00000030 PA:0x00101adc store:0x00000000
          28102	     14047	001000d8	02038c63	beq	x7,x0,100110	  x7:0x00000030  x0:0x00000000
          28106	     14049	001000dc	0077a023	sw	x7,0(x15)	 x15:0x00020000  x7:0x00000030 PA:0x00020000 store:0x00000030 load:0x00000000
          28110	     14051	001000e0	00554583	lbu	x11,5(x10)	 x10:0x00101ad8 x11=0x00000078 PA:0x00101add store:0x00000067
          28112	     14052	001000e4	02058663	beq	x11,x0,100110	 x11:0x00000078  x0:0x00000000
          28116	     14054	001000e8	00b7a023	sw	x11,0(x15)	 x15:0x00020000 x11:0x00000078 PA:0x00020000 store:0x00000078 load:0x00000000
          28120	     14056	001000ec	00654603	lbu	x12,6(x10)	 x10:0x00101ad8 x12=0x00000034 PA:0x00101ade store:0x00000020
          28122	     14057	001000f0	02060063	beq	x12,x0,100110	 x12:0x00000034  x0:0x00000000
          28126	     14059	001000f4	00c7a023	sw	x12,0(x15)	 x15:0x00020000 x12:0x00000034 PA:0x00020000 store:0x00000034 load:0x00000000
          28130	     14061	001000f8	00754683	lbu	x13,7(x10)	 x10:0x00101ad8 x13=0x0000003a PA:0x00101adf store:0x00000030
          28132	     14062	001000fc	00850513	addi	x10,x10,8	 x10:0x00101ad8 x10=0x00101ae0
          28134	     14063	00100100	00068863	beq	x13,x0,100110	 x13:0x0000003a  x0:0x00000000
          28138	     14065	00100104	00d7a023	sw	x13,0(x15)	 x15:0x00020000 x13:0x0000003a PA:0x00020000 store:0x0000003a load:0x00000000
          28142	     14067	00100108	00054803	lbu	x16,0(x10)	 x10:0x00101ae0 x16=0x00000020 PA:0x00101ae0 store:0x00000000
          28146	     14069	0010010c	fa0810e3	bne	x16,x0,1000ac	 x16:0x00000020  x0:0x00000000
          28152	     14072	001000ac	0107a023	sw	x16,0(x15)	 x15:0x00020000 x16:0x00000020 PA:0x00020000 store:0x00000020 load:0x00000000
          28156	     14074	001000b0	00154703	lbu	x14,1(x10)	 x10:0x00101ae0 x14=0x00000000 PA:0x00101ae1 store:0x00101554
          28160	     14076	001000b4	04070e63	beq	x14,x0,100110	 x14:0x00000000  x0:0x00000000
          28164	     14078	00100110	00000513	addi	x10,x0,0	  x0:0x00000000 x10=0x00000000
          28168	     14080	00100114	00008067	jalr	x0,0(x1)	  x1:0x00101554  x0=0x00000000
          28172	     14082	00101554	cf0d2503	lw	x10,-784(x26)	 x26:0x00102000 x10=0x00000004 PA:0x00101cf0 store:0x00000020
          28176	     14084	00101558	bc9fe0ef	jal	x1,100120	  x1=0x0010155c
          28178	     14085	00100120	01c55793	srli	x15,x10,0x1c	 x10:0x00000004 x15=0x00000000
          28180	     14086	00100124	00900713	addi	x14,x0,9	  x0:0x00000000 x14=0x00000009
          28184	     14088	00100128	0cf77a63	bgeu	x14,x15,1001fc	 x14:0x00000009 x15:0x00000000
          28188	     14090	001001fc	03078393	addi	x7,x15,48	 x15:0x00000000  x7=0x00000030
          28190	     14091	00100200	000205b7	lui	x11,0x20	 x11=0x00020000
          28192	     14092	00100204	00451613	slli	x12,x10,0x4	 x10:0x00000004 x12=0x00000040
          28196	     14094	00100208	0075a023	sw	x7,0(x11)	 x11:0x00020000  x7:0x00000030 PA:0x00020000 store:0x00000030 load:0x00000000
          28198	     14095	0010020c	01c65693	srli	x13,x12,0x1c	 x12:0x00000040 x13=0x00000000
          28200	     14096	00100210	00900813	addi	x16,x0,9	  x0:0x00000000 x16=0x00000009
          28202	     14097	00100214	f2d86ae3	bltu	x16,x13,100148	 x16:0x00000009 x13:0x00000000
          28204	     14098	00100218	03068e93	addi	x29,x13,48	 x13:0x00000000 x29=0x00000030
          28206	     14099	0010021c	00020f37	lui	x30,0x20	 x30=0x00020000
          28208	     14100	00100220	00851f93	slli	x31,x10,0x8	 x10:0x00000004 x31=0x00000400
          28212	     14102	00100224	01df2023	sw	x29,0(x30)	 x30:0x00020000 x29:0x00000030 PA:0x00020000 store:0x00000030 load:0x00000000
          28214	     14103	00100228	01cfd793	srli	x15,x31,0x1c	 x31:0x00000400 x15=0x00000000
          28216	     14104	0010022c	00900713	addi	x14,x0,9	  x0:0x00000000 x14=0x00000009
          28218	     14105	00100230	f2f76ae3	bltu	x14,x15,100164	 x14:0x00000009 x15:0x00000000
          28220	     14106	00100234	03078393	addi	x7,x15,48	 x15:0x00000000  x7=0x00000030
          28222	     14107	00100238	000205b7	lui	x11,0x20	 x11=0x00020000
          28224	     14108	0010023c	00c51613	slli	x12,x10,0xc	 x10:0x00000004 x12=0x00004000
          28228	     14110	00100240	0075a023	sw	x7,0(x11)	 x11:0x00020000  x7:0x00000030 PA:0x00020000 store:0x00000030 load:0x00000000
          28230	     14111	00100244	01c65693	srli	x13,x12,0x1c	 x12:0x00004000 x13=0x00000000
          28232	     14112	00100248	00900813	addi	x16,x0,9	  x0:0x00000000 x16=0x00000009
          28234	     14113	0010024c	f2d86ae3	bltu	x16,x13,100180	 x16:0x00000009 x13:0x00000000
          28236	     14114	00100250	03068e93	addi	x29,x13,48	 x13:0x00000000 x29=0x00000030
          28238	     14115	00100254	00020f37	lui	x30,0x20	 x30=0x00020000
          28240	     14116	00100258	01051f93	slli	x31,x10,0x10	 x10:0x00000004 x31=0x00040000
          28244	     14118	0010025c	01df2023	sw	x29,0(x30)	 x30:0x00020000 x29:0x00000030 PA:0x00020000 store:0x00000030 load:0x00000000
          28246	     14119	00100260	01cfd793	srli	x15,x31,0x1c	 x31:0x00040000 x15=0x00000000
          28248	     14120	00100264	00900713	addi	x14,x0,9	  x0:0x00000000 x14=0x00000009
          28250	     14121	00100268	f2f76ae3	bltu	x14,x15,10019c	 x14:0x00000009 x15:0x00000000
          28252	     14122	0010026c	03078393	addi	x7,x15,48	 x15:0x00000000  x7=0x00000030
          28254	     14123	00100270	000205b7	lui	x11,0x20	 x11=0x00020000
          28256	     14124	00100274	01451613	slli	x12,x10,0x14	 x10:0x00000004 x12=0x00400000
          28260	     14126	00100278	0075a023	sw	x7,0(x11)	 x11:0x00020000  x7:0x00000030 PA:0x00020000 store:0x00000030 load:0x00000000
          28262	     14127	0010027c	01c65693	srli	x13,x12,0x1c	 x12:0x00400000 x13=0x00000000
          28264	     14128	00100280	00900813	addi	x16,x0,9	  x0:0x00000000 x16=0x00000009
          28266	     14129	00100284	f2d86ae3	bltu	x16,x13,1001b8	 x16:0x00000009 x13:0x00000000
          28268	     14130	00100288	03068e93	addi	x29,x13,48	 x13:0x00000000 x29=0x00000030
          28270	     14131	0010028c	00020f37	lui	x30,0x20	 x30=0x00020000
          28272	     14132	00100290	01851f93	slli	x31,x10,0x18	 x10:0x00000004 x31=0x04000000
          28276	     14134	00100294	01df2023	sw	x29,0(x30)	 x30:0x00020000 x29:0x00000030 PA:0x00020000 store:0x00000030 load:0x00000000
          28278	     14135	00100298	01cfd793	srli	x15,x31,0x1c	 x31:0x04000000 x15=0x00000000
          28280	     14136	0010029c	00900713	addi	x14,x0,9	  x0:0x00000000 x14=0x00000009
          28282	     14137	001002a0	f2f76ae3	bltu	x14,x15,1001d4	 x14:0x00000009 x15:0x00000000
          28284	     14138	001002a4	03078393	addi	x7,x15,48	 x15:0x00000000  x7=0x00000030
          28286	     14139	001002a8	000205b7	lui	x11,0x20	 x11=0x00020000
          28290	     14141	001002ac	0075a023	sw	x7,0(x11)	 x11:0x00020000  x7:0x00000030 PA:0x00020000 store:0x00000030 load:0x00000000
          28292	     14142	001002b0	00f57513	andi	x10,x10,15	 x10:0x00000004 x10=0x00000004
          28294	     14143	001002b4	00900613	addi	x12,x0,9	  x0:0x00000000 x12=0x00000009
          28298	     14145	001002b8	f2a67ae3	bgeu	x12,x10,1001ec	 x12:0x00000009 x10:0x00000004
          28302	     14147	001001ec	03050893	addi	x17,x10,48	 x10:0x00000004 x17=0x00000034
          28304	     14148	001001f0	00020e37	lui	x28,0x20	 x28=0x00020000
          28308	     14150	001001f4	011e2023	sw	x17,0(x28)	 x28:0x00020000 x17:0x00000034 PA:0x00020000 store:0x00000034 load:0x00000000
          28318	     14155	001001f8	00008067	jalr	x0,0(x1)	  x1:0x0010155c  x0=0x00000000
          28320	     14156	0010155c	940c2487	flw	f9,-1728(x24)	 f24:0x00102000  f9=0x00000000 PA:0x00101940 store:0x00000000
          28324	     14158	00101560	00102337	lui	x6,0x102	  x6=0x00102000
          28326	     14159	00101564	ae430513	addi	x10,x6,-1308	  x6:0x00102000 x10=0x00101ae4
          28328	     14160	00101568	d0942c27	fsw	f9,-744(x8)	  f8:0x00102000  f9:0x00000004 PA:0x00101d18 store:0x80000000 load:0x80000000
          28330	     14161	0010156c	d1842907	flw	f18,-744(x8)	  f8:0x00102000 f18=0x00000000 PA:0x00101d18 store:0x00000000
          28332	     14162	00101570	e0091453	fclass.s	x8,f18	 f18:0x00102000  x8=0x00000008
          28334	     14163	00101574	ce8a2c23	sw	x8,-776(x20)	 x20:0x00102000  x8:0x00000008 PA:0x00101cf8 store:0x00000008 load:0x80000000
          28336	     14164	00101578	b29fe0ef	jal	x1,1000a0	  x1=0x0010157c
          28338	     14165	001000a0	00054803	lbu	x16,0(x10)	 x10:0x00101ae4 x16=0x0000000a PA:0x00101ae4 store:0x00000000
          28340	     14166	001000a4	06080663	beq	x16,x0,100110	 x16:0x0000000a  x0:0x00000000
          28342	     14167	001000a8	000207b7	lui	x15,0x20	 x15=0x00020000
          28346	     14169	001000ac	0107a023	sw	x16,0(x15)	 x15:0x00020000 x16:0x0000000a PA:0x00020000 store:0x0000000a load:0x00000000
          28350	     14171	001000b0	00154703	lbu	x14,1(x10)	 x10:0x00101ae4 x14=0x00000020 PA:0x00101ae5 store:0x0010157c
          28352	     14172	001000b4	04070e63	beq	x14,x0,100110	 x14:0x00000020  x0:0x00000000
          28356	     14174	001000b8	00e7a023	sw	x14,0(x15)	 x15:0x00020000 x14:0x00000020 PA:0x00020000 store:0x00000020 load:0x00000000
          28360	     14176	001000bc	00254283	lbu	x5,2(x10)	 x10:0x00101ae4  x5=0x00000045 PA:0x00101ae6 store:0x00137fa0
          28362	     14177	001000c0	04028863	beq	x5,x0,100110	  x5:0x00000045  x0:0x00000000
          28366	     14179	001000c4	0057a023	sw	x5,0(x15)	 x15:0x00020000  x5:0x00000045 PA:0x00020000 store:0x00000045 load:0x00000000
          28370	     14181	001000c8	00354303	lbu	x6,3(x10)	 x10:0x00101ae4  x6=0x00000078 PA:0x00101ae7 store:0x00000000
          28372	     14182	001000cc	04030263	beq	x6,x0,100110	  x6:0x00000078  x0:0x00000000
          28376	     14184	001000d0	0067a023	sw	x6,0(x15)	 x15:0x00020000  x6:0x00000078 PA:0x00020000 store:0x00000078 load:0x00000000
          28380	     14186	001000d4	00454383	lbu	x7,4(x10)	 x10:0x00101ae4  x7=0x00000070 PA:0x00101ae8 store:0x00000000
          28382	     14187	001000d8	02038c63	beq	x7,x0,100110	  x7:0x00000070  x0:0x00000000
          28386	     14189	001000dc	0077a023	sw	x7,0(x15)	 x15:0x00020000  x7:0x00000070 PA:0x00020000 store:0x00000070 load:0x00000000
          28390	     14191	001000e0	00554583	lbu	x11,5(x10)	 x10:0x00101ae4 x11=0x00000065 PA:0x00101ae9 store:0x00000045
          28392	     14192	001000e4	02058663	beq	x11,x0,100110	 x11:0x00000065  x0:0x00000000
          28396	     14194	001000e8	00b7a023	sw	x11,0(x15)	 x15:0x00020000 x11:0x00000065 PA:0x00020000 store:0x00000065 load:0x00000000
          28400	     14196	001000ec	00654603	lbu	x12,6(x10)	 x10:0x00101ae4 x12=0x00000063 PA:0x00101aea store:0x00000078
          28402	     14197	001000f0	02060063	beq	x12,x0,100110	 x12:0x00000063  x0:0x00000000
          28406	     14199	001000f4	00c7a023	sw	x12,0(x15)	 x15:0x00020000 x12:0x00000063 PA:0x00020000 store:0x00000063 load:0x00000000
          28410	     14201	001000f8	00754683	lbu	x13,7(x10)	 x10:0x00101ae4 x13=0x00000074 PA:0x00101aeb store:0x00000070
          28412	     14202	001000fc	00850513	addi	x10,x10,8	 x10:0x00101ae4 x10=0x00101aec
          28414	     14203	00100100	00068863	beq	x13,x0,100110	 x13:0x00000074  x0:0x00000000
          28418	     14205	00100104	00d7a023	sw	x13,0(x15)	 x15:0x00020000 x13:0x00000074 PA:0x00020000 store:0x00000074 load:0x00000000
          28422	     14207	00100108	00054803	lbu	x16,0(x10)	 x10:0x00101aec x16=0x00000069 PA:0x00101aec store:0x00000000
          28426	     14209	0010010c	fa0810e3	bne	x16,x0,1000ac	 x16:0x00000069  x0:0x00000000
          28432	     14212	001000ac	0107a023	sw	x16,0(x15)	 x15:0x00020000 x16:0x00000069 PA:0x00020000 store:0x00000069 load:0x00000000
          28436	     14214	001000b0	00154703	lbu	x14,1(x10)	 x10:0x00101aec x14=0x0000006e PA:0x00101aed store:0x0010157c
          28438	     14215	001000b4	04070e63	beq	x14,x0,100110	 x14:0x0000006e  x0:0x00000000
          28442	     14217	001000b8	00e7a023	sw	x14,0(x15)	 x15:0x00020000 x14:0x0000006e PA:0x00020000 store:0x0000006e load:0x00000000
          28446	     14219	001000bc	00254283	lbu	x5,2(x10)	 x10:0x00101aec  x5=0x00000067 PA:0x00101aee store:0x00137fa0
          28448	     14220	001000c0	04028863	beq	x5,x0,100110	  x5:0x00000067  x0:0x00000000
          28452	     14222	001000c4	0057a023	sw	x5,0(x15)	 x15:0x00020000  x5:0x00000067 PA:0x00020000 store:0x00000067 load:0x00000000
          28456	     14224	001000c8	00354303	lbu	x6,3(x10)	 x10:0x00101aec  x6=0x00000020 PA:0x00101aef store:0x00000000
          28458	     14225	001000cc	04030263	beq	x6,x0,100110	  x6:0x00000020  x0:0x00000000
          28462	     14227	001000d0	0067a023	sw	x6,0(x15)	 x15:0x00020000  x6:0x00000020 PA:0x00020000 store:0x00000020 load:0x00000000
          28466	     14229	001000d4	00454383	lbu	x7,4(x10)	 x10:0x00101aec  x7=0x00000030 PA:0x00101af0 store:0x00000000
          28468	     14230	001000d8	02038c63	beq	x7,x0,100110	  x7:0x00000030  x0:0x00000000
          28472	     14232	001000dc	0077a023	sw	x7,0(x15)	 x15:0x00020000  x7:0x00000030 PA:0x00020000 store:0x00000030 load:0x00000000
          28476	     14234	001000e0	00554583	lbu	x11,5(x10)	 x10:0x00101aec x11=0x00000078 PA:0x00101af1 store:0x00000067
          28478	     14235	001000e4	02058663	beq	x11,x0,100110	 x11:0x00000078  x0:0x00000000
          28482	     14237	001000e8	00b7a023	sw	x11,0(x15)	 x15:0x00020000 x11:0x00000078 PA:0x00020000 store:0x00000078 load:0x00000000
          28486	     14239	001000ec	00654603	lbu	x12,6(x10)	 x10:0x00101aec x12=0x00000038 PA:0x00101af2 store:0x00000020
          28488	     14240	001000f0	02060063	beq	x12,x0,100110	 x12:0x00000038  x0:0x00000000
          28492	     14242	001000f4	00c7a023	sw	x12,0(x15)	 x15:0x00020000 x12:0x00000038 PA:0x00020000 store:0x00000038 load:0x00000000
          28496	     14244	001000f8	00754683	lbu	x13,7(x10)	 x10:0x00101aec x13=0x0000003a PA:0x00101af3 store:0x00000030
          28498	     14245	001000fc	00850513	addi	x10,x10,8	 x10:0x00101aec x10=0x00101af4
          28500	     14246	00100100	00068863	beq	x13,x0,100110	 x13:0x0000003a  x0:0x00000000
          28504	     14248	00100104	00d7a023	sw	x13,0(x15)	 x15:0x00020000 x13:0x0000003a PA:0x00020000 store:0x0000003a load:0x00000000
          28508	     14250	00100108	00054803	lbu	x16,0(x10)	 x10:0x00101af4 x16=0x00000020 PA:0x00101af4 store:0x00000000
          28512	     14252	0010010c	fa0810e3	bne	x16,x0,1000ac	 x16:0x00000020  x0:0x00000000
          28518	     14255	001000ac	0107a023	sw	x16,0(x15)	 x15:0x00020000 x16:0x00000020 PA:0x00020000 store:0x00000020 load:0x00000000
          28522	     14257	001000b0	00154703	lbu	x14,1(x10)	 x10:0x00101af4 x14=0x00000000 PA:0x00101af5 store:0x0010157c
          28526	     14259	001000b4	04070e63	beq	x14,x0,100110	 x14:0x00000000  x0:0x00000000
          28530	     14261	00100110	00000513	addi	x10,x0,0	  x0:0x00000000 x10=0x00000000
          28534	     14263	00100114	00008067	jalr	x0,0(x1)	  x1:0x0010157c  x0=0x00000000
          28544	     14268	0010157c	cf8a2503	lw	x10,-776(x20)	 x20:0x00102000 x10=0x00000008 PA:0x00101cf8 store:0x00102000
          28546	     14269	00101580	f0000953	fmv.w.x	f18,x0	  x0:0x00000000 f18=0x00000000
          28548	     14270	00101584	00102c37	lui	x24,0x102	 x24=0x00102000
          28550	     14271	00101588	b99fe0ef	jal	x1,100120	  x1=0x0010158c
          28552	     14272	00100120	01c55793	srli	x15,x10,0x1c	 x10:0x00000008 x15=0x00000000
          28554	     14273	00100124	00900713	addi	x14,x0,9	  x0:0x00000000 x14=0x00000009
          28556	     14274	00100128	0cf77a63	bgeu	x14,x15,1001fc	 x14:0x00000009 x15:0x00000000
          28558	     14275	001001fc	03078393	addi	x7,x15,48	 x15:0x00000000  x7=0x00000030
          28560	     14276	00100200	000205b7	lui	x11,0x20	 x11=0x00020000
          28562	     14277	00100204	00451613	slli	x12,x10,0x4	 x10:0x00000008 x12=0x00000080
          28566	     14279	00100208	0075a023	sw	x7,0(x11)	 x11:0x00020000  x7:0x00000030 PA:0x00020000 store:0x00000030 load:0x00000000
          28568	     14280	0010020c	01c65693	srli	x13,x12,0x1c	 x12:0x00000080 x13=0x00000000
          28570	     14281	00100210	00900813	addi	x16,x0,9	  x0:0x00000000 x16=0x00000009
          28572	     14282	00100214	f2d86ae3	bltu	x16,x13,100148	 x16:0x00000009 x13:0x00000000
          28574	     14283	00100218	03068e93	addi	x29,x13,48	 x13:0x00000000 x29=0x00000030
          28576	     14284	0010021c	00020f37	lui	x30,0x20	 x30=0x00020000
          28578	     14285	00100220	00851f93	slli	x31,x10,0x8	 x10:0x00000008 x31=0x00000800
          28582	     14287	00100224	01df2023	sw	x29,0(x30)	 x30:0x00020000 x29:0x00000030 PA:0x00020000 store:0x00000030 load:0x00000000
          28584	     14288	00100228	01cfd793	srli	x15,x31,0x1c	 x31:0x00000800 x15=0x00000000
          28586	     14289	0010022c	00900713	addi	x14,x0,9	  x0:0x00000000 x14=0x00000009
          28588	     14290	00100230	f2f76ae3	bltu	x14,x15,100164	 x14:0x00000009 x15:0x00000000
          28590	     14291	00100234	03078393	addi	x7,x15,48	 x15:0x00000000  x7=0x00000030
          28592	     14292	00100238	000205b7	lui	x11,0x20	 x11=0x00020000
          28594	     14293	0010023c	00c51613	slli	x12,x10,0xc	 x10:0x00000008 x12=0x00008000
          28598	     14295	00100240	0075a023	sw	x7,0(x11)	 x11:0x00020000  x7:0x00000030 PA:0x00020000 store:0x00000030 load:0x00000000
          28600	     14296	00100244	01c65693	srli	x13,x12,0x1c	 x12:0x00008000 x13=0x00000000
          28602	     14297	00100248	00900813	addi	x16,x0,9	  x0:0x00000000 x16=0x00000009
          28604	     14298	0010024c	f2d86ae3	bltu	x16,x13,100180	 x16:0x00000009 x13:0x00000000
          28606	     14299	00100250	03068e93	addi	x29,x13,48	 x13:0x00000000 x29=0x00000030
          28608	     14300	00100254	00020f37	lui	x30,0x20	 x30=0x00020000
          28610	     14301	00100258	01051f93	slli	x31,x10,0x10	 x10:0x00000008 x31=0x00080000
          28614	     14303	0010025c	01df2023	sw	x29,0(x30)	 x30:0x00020000 x29:0x00000030 PA:0x00020000 store:0x00000030 load:0x00000000
          28616	     14304	00100260	01cfd793	srli	x15,x31,0x1c	 x31:0x00080000 x15=0x00000000
          28618	     14305	00100264	00900713	addi	x14,x0,9	  x0:0x00000000 x14=0x00000009
          28620	     14306	00100268	f2f76ae3	bltu	x14,x15,10019c	 x14:0x00000009 x15:0x00000000
          28622	     14307	0010026c	03078393	addi	x7,x15,48	 x15:0x00000000  x7=0x00000030
          28624	     14308	00100270	000205b7	lui	x11,0x20	 x11=0x00020000
          28626	     14309	00100274	01451613	slli	x12,x10,0x14	 x10:0x00000008 x12=0x00800000
          28630	     14311	00100278	0075a023	sw	x7,0(x11)	 x11:0x00020000  x7:0x00000030 PA:0x00020000 store:0x00000030 load:0x00000000
          28632	     14312	0010027c	01c65693	srli	x13,x12,0x1c	 x12:0x00800000 x13=0x00000000
          28634	     14313	00100280	00900813	addi	x16,x0,9	  x0:0x00000000 x16=0x00000009
          28636	     14314	00100284	f2d86ae3	bltu	x16,x13,1001b8	 x16:0x00000009 x13:0x00000000
          28638	     14315	00100288	03068e93	addi	x29,x13,48	 x13:0x00000000 x29=0x00000030
          28640	     14316	0010028c	00020f37	lui	x30,0x20	 x30=0x00020000
          28642	     14317	00100290	01851f93	slli	x31,x10,0x18	 x10:0x00000008 x31=0x08000000
          28646	     14319	00100294	01df2023	sw	x29,0(x30)	 x30:0x00020000 x29:0x00000030 PA:0x00020000 store:0x00000030 load:0x00000000
          28648	     14320	00100298	01cfd793	srli	x15,x31,0x1c	 x31:0x08000000 x15=0x00000000
          28650	     14321	0010029c	00900713	addi	x14,x0,9	  x0:0x00000000 x14=0x00000009
          28652	     14322	001002a0	f2f76ae3	bltu	x14,x15,1001d4	 x14:0x00000009 x15:0x00000000
          28654	     14323	001002a4	03078393	addi	x7,x15,48	 x15:0x00000000  x7=0x00000030
          28656	     14324	001002a8	000205b7	lui	x11,0x20	 x11=0x00020000
          28660	     14326	001002ac	0075a023	sw	x7,0(x11)	 x11:0x00020000  x7:0x00000030 PA:0x00020000 store:0x00000030 load:0x00000000
          28662	     14327	001002b0	00f57513	andi	x10,x10,15	 x10:0x00000008 x10=0x00000008
          28664	     14328	001002b4	00900613	addi	x12,x0,9	  x0:0x00000000 x12=0x00000009
          28668	     14330	001002b8	f2a67ae3	bgeu	x12,x10,1001ec	 x12:0x00000009 x10:0x00000008
          28672	     14332	001001ec	03050893	addi	x17,x10,48	 x10:0x00000008 x17=0x00000038
          28674	     14333	001001f0	00020e37	lui	x28,0x20	 x28=0x00020000
          28678	     14335	001001f4	011e2023	sw	x17,0(x28)	 x28:0x00020000 x17:0x00000038 PA:0x00020000 store:0x00000038 load:0x00000000
          28682	     14337	001001f8	00008067	jalr	x0,0(x1)	  x1:0x0010158c  x0=0x00000000
          28690	     14341	0010158c	af8c0513	addi	x10,x24,-1288	 x24:0x00102000 x10=0x00101af8
          28692	     14342	00101590	d1292a27	fsw	f18,-748(x18)	 f18:0x00102000 f18:0x00102000 PA:0x00101d14 store:0x00000000 load:0x00000000
          28694	     14343	00101594	d1492987	flw	f19,-748(x18)	 f18:0x00102000 f19=0x00000000 PA:0x00101d14 store:0x3f800031
          28696	     14344	00101598	e0099953	fclass.s	x18,f19	 f19:0x00102000 x18=0x00000010
          28698	     14345	0010159c	cf2daa23	sw	x18,-780(x27)	 x27:0x00102000 x18:0x00000010 PA:0x00101cf4 store:0x00000010 load:0x00000000
          28700	     14346	001015a0	b01fe0ef	jal	x1,1000a0	  x1=0x001015a4
          28704	     14348	001000a0	00054803	lbu	x16,0(x10)	 x10:0x00101af8 x16=0x0000000a PA:0x00101af8 store:0x00000000
          28706	     14349	001000a4	06080663	beq	x16,x0,100110	 x16:0x0000000a  x0:0x00000000
          28708	     14350	001000a8	000207b7	lui	x15,0x20	 x15=0x00020000
          28712	     14352	001000ac	0107a023	sw	x16,0(x15)	 x15:0x00020000 x16:0x0000000a PA:0x00020000 store:0x0000000a load:0x00000000
          28716	     14354	001000b0	00154703	lbu	x14,1(x10)	 x10:0x00101af8 x14=0x00000020 PA:0x00101af9 store:0x001015a4
          28718	     14355	001000b4	04070e63	beq	x14,x0,100110	 x14:0x00000020  x0:0x00000000
          28722	     14357	001000b8	00e7a023	sw	x14,0(x15)	 x15:0x00020000 x14:0x00000020 PA:0x00020000 store:0x00000020 load:0x00000000
          28726	     14359	001000bc	00254283	lbu	x5,2(x10)	 x10:0x00101af8  x5=0x00000045 PA:0x00101afa store:0x00137fa0
          28728	     14360	001000c0	04028863	beq	x5,x0,100110	  x5:0x00000045  x0:0x00000000
          28732	     14362	001000c4	0057a023	sw	x5,0(x15)	 x15:0x00020000  x5:0x00000045 PA:0x00020000 store:0x00000045 load:0x00000000
          28736	     14364	001000c8	00354303	lbu	x6,3(x10)	 x10:0x00101af8  x6=0x00000078 PA:0x00101afb store:0x00000000
          28738	     14365	001000cc	04030263	beq	x6,x0,100110	  x6:0x00000078  x0:0x00000000
          28742	     14367	001000d0	0067a023	sw	x6,0(x15)	 x15:0x00020000  x6:0x00000078 PA:0x00020000 store:0x00000078 load:0x00000000
          28746	     14369	001000d4	00454383	lbu	x7,4(x10)	 x10:0x00101af8  x7=0x00000070 PA:0x00101afc store:0x00000000
          28748	     14370	001000d8	02038c63	beq	x7,x0,100110	  x7:0x00000070  x0:0x00000000
          28752	     14372	001000dc	0077a023	sw	x7,0(x15)	 x15:0x00020000  x7:0x00000070 PA:0x00020000 store:0x00000070 load:0x00000000
          28756	     14374	001000e0	00554583	lbu	x11,5(x10)	 x10:0x00101af8 x11=0x00000065 PA:0x00101afd store:0x00000045
          28758	     14375	001000e4	02058663	beq	x11,x0,100110	 x11:0x00000065  x0:0x00000000
          28762	     14377	001000e8	00b7a023	sw	x11,0(x15)	 x15:0x00020000 x11:0x00000065 PA:0x00020000 store:0x00000065 load:0x00000000
          28766	     14379	001000ec	00654603	lbu	x12,6(x10)	 x10:0x00101af8 x12=0x00000063 PA:0x00101afe store:0x00000078
          28768	     14380	001000f0	02060063	beq	x12,x0,100110	 x12:0x00000063  x0:0x00000000
          28772	     14382	001000f4	00c7a023	sw	x12,0(x15)	 x15:0x00020000 x12:0x00000063 PA:0x00020000 store:0x00000063 load:0x00000000
          28776	     14384	001000f8	00754683	lbu	x13,7(x10)	 x10:0x00101af8 x13=0x00000074 PA:0x00101aff store:0x00000070
          28778	     14385	001000fc	00850513	addi	x10,x10,8	 x10:0x00101af8 x10=0x00101b00
          28780	     14386	00100100	00068863	beq	x13,x0,100110	 x13:0x00000074  x0:0x00000000
          28784	     14388	00100104	00d7a023	sw	x13,0(x15)	 x15:0x00020000 x13:0x00000074 PA:0x00020000 store:0x00000074 load:0x00000000
          28788	     14390	00100108	00054803	lbu	x16,0(x10)	 x10:0x00101b00 x16=0x00000069 PA:0x00101b00 store:0x00000000
          28792	     14392	0010010c	fa0810e3	bne	x16,x0,1000ac	 x16:0x00000069  x0:0x00000000
          28798	     14395	001000ac	0107a023	sw	x16,0(x15)	 x15:0x00020000 x16:0x00000069 PA:0x00020000 store:0x00000069 load:0x00000000
          28802	     14397	001000b0	00154703	lbu	x14,1(x10)	 x10:0x00101b00 x14=0x0000006e PA:0x00101b01 store:0x001015a4
          28804	     14398	001000b4	04070e63	beq	x14,x0,100110	 x14:0x0000006e  x0:0x00000000
          28808	     14400	001000b8	00e7a023	sw	x14,0(x15)	 x15:0x00020000 x14:0x0000006e PA:0x00020000 store:0x0000006e load:0x00000000
          28812	     14402	001000bc	00254283	lbu	x5,2(x10)	 x10:0x00101b00  x5=0x00000067 PA:0x00101b02 store:0x00137fa0
          28814	     14403	001000c0	04028863	beq	x5,x0,100110	  x5:0x00000067  x0:0x00000000
          28818	     14405	001000c4	0057a023	sw	x5,0(x15)	 x15:0x00020000  x5:0x00000067 PA:0x00020000 store:0x00000067 load:0x00000000
          28822	     14407	001000c8	00354303	lbu	x6,3(x10)	 x10:0x00101b00  x6=0x00000020 PA:0x00101b03 store:0x00000000
          28824	     14408	001000cc	04030263	beq	x6,x0,100110	  x6:0x00000020  x0:0x00000000
          28828	     14410	001000d0	0067a023	sw	x6,0(x15)	 x15:0x00020000  x6:0x00000020 PA:0x00020000 store:0x00000020 load:0x00000000
          28832	     14412	001000d4	00454383	lbu	x7,4(x10)	 x10:0x00101b00  x7=0x00000030 PA:0x00101b04 store:0x00000000
          28834	     14413	001000d8	02038c63	beq	x7,x0,100110	  x7:0x00000030  x0:0x00000000
          28838	     14415	001000dc	0077a023	sw	x7,0(x15)	 x15:0x00020000  x7:0x00000030 PA:0x00020000 store:0x00000030 load:0x00000000
          28842	     14417	001000e0	00554583	lbu	x11,5(x10)	 x10:0x00101b00 x11=0x00000078 PA:0x00101b05 store:0x00000067
          28844	     14418	001000e4	02058663	beq	x11,x0,100110	 x11:0x00000078  x0:0x00000000
          28848	     14420	001000e8	00b7a023	sw	x11,0(x15)	 x15:0x00020000 x11:0x00000078 PA:0x00020000 store:0x00000078 load:0x00000000
          28852	     14422	001000ec	00654603	lbu	x12,6(x10)	 x10:0x00101b00 x12=0x00000031 PA:0x00101b06 store:0x00000020
          28854	     14423	001000f0	02060063	beq	x12,x0,100110	 x12:0x00000031  x0:0x00000000
          28858	     14425	001000f4	00c7a023	sw	x12,0(x15)	 x15:0x00020000 x12:0x00000031 PA:0x00020000 store:0x00000031 load:0x00000000
          28862	     14427	001000f8	00754683	lbu	x13,7(x10)	 x10:0x00101b00 x13=0x00000030 PA:0x00101b07 store:0x00000030
          28864	     14428	001000fc	00850513	addi	x10,x10,8	 x10:0x00101b00 x10=0x00101b08
          28866	     14429	00100100	00068863	beq	x13,x0,100110	 x13:0x00000030  x0:0x00000000
          28870	     14431	00100104	00d7a023	sw	x13,0(x15)	 x15:0x00020000 x13:0x00000030 PA:0x00020000 store:0x00000030 load:0x00000000
          28874	     14433	00100108	00054803	lbu	x16,0(x10)	 x10:0x00101b08 x16=0x0000003a PA:0x00101b08 store:0x00000000
          28878	     14435	0010010c	fa0810e3	bne	x16,x0,1000ac	 x16:0x0000003a  x0:0x00000000
          28884	     14438	001000ac	0107a023	sw	x16,0(x15)	 x15:0x00020000 x16:0x0000003a PA:0x00020000 store:0x0000003a load:0x00000000
          28888	     14440	001000b0	00154703	lbu	x14,1(x10)	 x10:0x00101b08 x14=0x00000020 PA:0x00101b09 store:0x001015a4
          28890	     14441	001000b4	04070e63	beq	x14,x0,100110	 x14:0x00000020  x0:0x00000000
          28894	     14443	001000b8	00e7a023	sw	x14,0(x15)	 x15:0x00020000 x14:0x00000020 PA:0x00020000 store:0x00000020 load:0x00000000
          28898	     14445	001000bc	00254283	lbu	x5,2(x10)	 x10:0x00101b08  x5=0x00000000 PA:0x00101b0a store:0x00137fa0
          28902	     14447	001000c0	04028863	beq	x5,x0,100110	  x5:0x00000000  x0:0x00000000
          28906	     14449	00100110	00000513	addi	x10,x0,0	  x0:0x00000000 x10=0x00000000
          28910	     14451	00100114	00008067	jalr	x0,0(x1)	  x1:0x001015a4  x0=0x00000000
          28914	     14453	001015a4	cf4da503	lw	x10,-780(x27)	 x27:0x00102000 x10=0x00000010 PA:0x00101cf4 store:0x00102000
          28916	     14454	001015a8	00102437	lui	x8,0x102	  x8=0x00102000
          28918	     14455	001015ac	00102937	lui	x18,0x102	 x18=0x00102000
          28922	     14457	001015b0	b71fe0ef	jal	x1,100120	  x1=0x001015b4
          28924	     14458	00100120	01c55793	srli	x15,x10,0x1c	 x10:0x00000010 x15=0x00000000
          28926	     14459	00100124	00900713	addi	x14,x0,9	  x0:0x00000000 x14=0x00000009
          28930	     14461	00100128	0cf77a63	bgeu	x14,x15,1001fc	 x14:0x00000009 x15:0x00000000
          28934	     14463	001001fc	03078393	addi	x7,x15,48	 x15:0x00000000  x7=0x00000030
          28936	     14464	00100200	000205b7	lui	x11,0x20	 x11=0x00020000
          28938	     14465	00100204	00451613	slli	x12,x10,0x4	 x10:0x00000010 x12=0x00000100
          28942	     14467	00100208	0075a023	sw	x7,0(x11)	 x11:0x00020000  x7:0x00000030 PA:0x00020000 store:0x00000030 load:0x00000000
          28944	     14468	0010020c	01c65693	srli	x13,x12,0x1c	 x12:0x00000100 x13=0x00000000
          28946	     14469	00100210	00900813	addi	x16,x0,9	  x0:0x00000000 x16=0x00000009
          28948	     14470	00100214	f2d86ae3	bltu	x16,x13,100148	 x16:0x00000009 x13:0x00000000
          28950	     14471	00100218	03068e93	addi	x29,x13,48	 x13:0x00000000 x29=0x00000030
          28952	     14472	0010021c	00020f37	lui	x30,0x20	 x30=0x00020000
          28954	     14473	00100220	00851f93	slli	x31,x10,0x8	 x10:0x00000010 x31=0x00001000
          28958	     14475	00100224	01df2023	sw	x29,0(x30)	 x30:0x00020000 x29:0x00000030 PA:0x00020000 store:0x00000030 load:0x00000000
          28960	     14476	00100228	01cfd793	srli	x15,x31,0x1c	 x31:0x00001000 x15=0x00000000
          28962	     14477	0010022c	00900713	addi	x14,x0,9	  x0:0x00000000 x14=0x00000009
          28964	     14478	00100230	f2f76ae3	bltu	x14,x15,100164	 x14:0x00000009 x15:0x00000000
          28966	     14479	00100234	03078393	addi	x7,x15,48	 x15:0x00000000  x7=0x00000030
          28968	     14480	00100238	000205b7	lui	x11,0x20	 x11=0x00020000
          28970	     14481	0010023c	00c51613	slli	x12,x10,0xc	 x10:0x00000010 x12=0x00010000
          28974	     14483	00100240	0075a023	sw	x7,0(x11)	 x11:0x00020000  x7:0x00000030 PA:0x00020000 store:0x00000030 load:0x00000000
          28976	     14484	00100244	01c65693	srli	x13,x12,0x1c	 x12:0x00010000 x13=0x00000000
          28978	     14485	00100248	00900813	addi	x16,x0,9	  x0:0x00000000 x16=0x00000009
          28980	     14486	0010024c	f2d86ae3	bltu	x16,x13,100180	 x16:0x00000009 x13:0x00000000
          28982	     14487	00100250	03068e93	addi	x29,x13,48	 x13:0x00000000 x29=0x00000030
          28984	     14488	00100254	00020f37	lui	x30,0x20	 x30=0x00020000
          28986	     14489	00100258	01051f93	slli	x31,x10,0x10	 x10:0x00000010 x31=0x00100000
          28990	     14491	0010025c	01df2023	sw	x29,0(x30)	 x30:0x00020000 x29:0x00000030 PA:0x00020000 store:0x00000030 load:0x00000000
          28992	     14492	00100260	01cfd793	srli	x15,x31,0x1c	 x31:0x00100000 x15=0x00000000
          28994	     14493	00100264	00900713	addi	x14,x0,9	  x0:0x00000000 x14=0x00000009
          28996	     14494	00100268	f2f76ae3	bltu	x14,x15,10019c	 x14:0x00000009 x15:0x00000000
          28998	     14495	0010026c	03078393	addi	x7,x15,48	 x15:0x00000000  x7=0x00000030
          29000	     14496	00100270	000205b7	lui	x11,0x20	 x11=0x00020000
          29002	     14497	00100274	01451613	slli	x12,x10,0x14	 x10:0x00000010 x12=0x01000000
          29006	     14499	00100278	0075a023	sw	x7,0(x11)	 x11:0x00020000  x7:0x00000030 PA:0x00020000 store:0x00000030 load:0x00000000
          29008	     14500	0010027c	01c65693	srli	x13,x12,0x1c	 x12:0x01000000 x13=0x00000000
          29010	     14501	00100280	00900813	addi	x16,x0,9	  x0:0x00000000 x16=0x00000009
          29012	     14502	00100284	f2d86ae3	bltu	x16,x13,1001b8	 x16:0x00000009 x13:0x00000000
          29014	     14503	00100288	03068e93	addi	x29,x13,48	 x13:0x00000000 x29=0x00000030
          29016	     14504	0010028c	00020f37	lui	x30,0x20	 x30=0x00020000
          29018	     14505	00100290	01851f93	slli	x31,x10,0x18	 x10:0x00000010 x31=0x10000000
          29022	     14507	00100294	01df2023	sw	x29,0(x30)	 x30:0x00020000 x29:0x00000030 PA:0x00020000 store:0x00000030 load:0x00000000
          29024	     14508	00100298	01cfd793	srli	x15,x31,0x1c	 x31:0x10000000 x15=0x00000001
          29026	     14509	0010029c	00900713	addi	x14,x0,9	  x0:0x00000000 x14=0x00000009
          29028	     14510	001002a0	f2f76ae3	bltu	x14,x15,1001d4	 x14:0x00000009 x15:0x00000001
          29030	     14511	001002a4	03078393	addi	x7,x15,48	 x15:0x00000001  x7=0x00000031
          29032	     14512	001002a8	000205b7	lui	x11,0x20	 x11=0x00020000
          29036	     14514	001002ac	0075a023	sw	x7,0(x11)	 x11:0x00020000  x7:0x00000031 PA:0x00020000 store:0x00000031 load:0x00000000
          29038	     14515	001002b0	00f57513	andi	x10,x10,15	 x10:0x00000010 x10=0x00000000
          29040	     14516	001002b4	00900613	addi	x12,x0,9	  x0:0x00000000 x12=0x00000009
          29044	     14518	001002b8	f2a67ae3	bgeu	x12,x10,1001ec	 x12:0x00000009 x10:0x00000000
          29048	     14520	001001ec	03050893	addi	x17,x10,48	 x10:0x00000000 x17=0x00000030
          29050	     14521	001001f0	00020e37	lui	x28,0x20	 x28=0x00020000
          29054	     14523	001001f4	011e2023	sw	x17,0(x28)	 x28:0x00020000 x17:0x00000030 PA:0x00020000 store:0x00000030 load:0x00000000
          29058	     14525	001001f8	00008067	jalr	x0,0(x1)	  x1:0x001015b4  x0=0x00000000
          29066	     14529	001015b4	001023b7	lui	x7,0x102	  x7=0x00102000
          29068	     14530	001015b8	9503a407	flw	f8,-1712(x7)	  f7:0x00102000  f8=0x00000000 PA:0x00101950 store:0x80000047
          29072	     14532	001015bc	00102637	lui	x12,0x102	 x12=0x00102000
          29074	     14533	001015c0	001025b7	lui	x11,0x102	 x11=0x00102000
          29076	     14534	001015c4	d085a827	fsw	f8,-752(x11)	 f11:0x00102000  f8:0x00102000 PA:0x00101d10 store:0x00000047 load:0x00000047
          29078	     14535	001015c8	b0c60513	addi	x10,x12,-1268	 x12:0x00102000 x10=0x00101b0c
          29080	     14536	001015cc	d105aa07	flw	f20,-752(x11)	 f11:0x00102000 f20=0x00000000 PA:0x00101d10 store:0x80000047
          29082	     14537	001015d0	e00a1853	fclass.s	x16,f20	 f20:0x00102000 x16=0x00000020
          29084	     14538	001015d4	cf0d2823	sw	x16,-784(x26)	 x26:0x00102000 x16:0x00000020 PA:0x00101cf0 store:0x00000020 load:0x00000047
          29086	     14539	001015d8	ac9fe0ef	jal	x1,1000a0	  x1=0x001015dc
          29088	     14540	001000a0	00054803	lbu	x16,0(x10)	 x10:0x00101b0c x16=0x0000000a PA:0x00101b0c store:0x00000000
          29090	     14541	001000a4	06080663	beq	x16,x0,100110	 x16:0x0000000a  x0:0x00000000
          29092	     14542	001000a8	000207b7	lui	x15,0x20	 x15=0x00020000
          29096	     14544	001000ac	0107a023	sw	x16,0(x15)	 x15:0x00020000 x16:0x0000000a PA:0x00020000 store:0x0000000a load:0x00000000
          29100	     14546	001000b0	00154703	lbu	x14,1(x10)	 x10:0x00101b0c x14=0x00000020 PA:0x00101b0d store:0x001015dc
          29102	     14547	001000b4	04070e63	beq	x14,x0,100110	 x14:0x00000020  x0:0x00000000
          29106	     14549	001000b8	00e7a023	sw	x14,0(x15)	 x15:0x00020000 x14:0x00000020 PA:0x00020000 store:0x00000020 load:0x00000000
          29110	     14551	001000bc	00254283	lbu	x5,2(x10)	 x10:0x00101b0c  x5=0x00000045 PA:0x00101b0e store:0x00137fa0
          29112	     14552	001000c0	04028863	beq	x5,x0,100110	  x5:0x00000045  x0:0x00000000
          29116	     14554	001000c4	0057a023	sw	x5,0(x15)	 x15:0x00020000  x5:0x00000045 PA:0x00020000 store:0x00000045 load:0x00000000
          29120	     14556	001000c8	00354303	lbu	x6,3(x10)	 x10:0x00101b0c  x6=0x00000078 PA:0x00101b0f store:0x00000000
          29122	     14557	001000cc	04030263	beq	x6,x0,100110	  x6:0x00000078  x0:0x00000000
          29126	     14559	001000d0	0067a023	sw	x6,0(x15)	 x15:0x00020000  x6:0x00000078 PA:0x00020000 store:0x00000078 load:0x00000000
          29130	     14561	001000d4	00454383	lbu	x7,4(x10)	 x10:0x00101b0c  x7=0x00000070 PA:0x00101b10 store:0x00000000
          29132	     14562	001000d8	02038c63	beq	x7,x0,100110	  x7:0x00000070  x0:0x00000000
          29136	     14564	001000dc	0077a023	sw	x7,0(x15)	 x15:0x00020000  x7:0x00000070 PA:0x00020000 store:0x00000070 load:0x00000000
          29140	     14566	001000e0	00554583	lbu	x11,5(x10)	 x10:0x00101b0c x11=0x00000065 PA:0x00101b11 store:0x00000045
          29142	     14567	001000e4	02058663	beq	x11,x0,100110	 x11:0x00000065  x0:0x00000000
          29146	     14569	001000e8	00b7a023	sw	x11,0(x15)	 x15:0x00020000 x11:0x00000065 PA:0x00020000 store:0x00000065 load:0x00000000
          29150	     14571	001000ec	00654603	lbu	x12,6(x10)	 x10:0x00101b0c x12=0x00000063 PA:0x00101b12 store:0x00000078
          29152	     14572	001000f0	02060063	beq	x12,x0,100110	 x12:0x00000063  x0:0x00000000
          29156	     14574	001000f4	00c7a023	sw	x12,0(x15)	 x15:0x00020000 x12:0x00000063 PA:0x00020000 store:0x00000063 load:0x00000000
          29160	     14576	001000f8	00754683	lbu	x13,7(x10)	 x10:0x00101b0c x13=0x00000074 PA:0x00101b13 store:0x00000070
          29162	     14577	001000fc	00850513	addi	x10,x10,8	 x10:0x00101b0c x10=0x00101b14
          29164	     14578	00100100	00068863	beq	x13,x0,100110	 x13:0x00000074  x0:0x00000000
          29168	     14580	00100104	00d7a023	sw	x13,0(x15)	 x15:0x00020000 x13:0x00000074 PA:0x00020000 store:0x00000074 load:0x00000000
          29172	     14582	00100108	00054803	lbu	x16,0(x10)	 x10:0x00101b14 x16=0x00000069 PA:0x00101b14 store:0x00000000
          29176	     14584	0010010c	fa0810e3	bne	x16,x0,1000ac	 x16:0x00000069  x0:0x00000000
          29182	     14587	001000ac	0107a023	sw	x16,0(x15)	 x15:0x00020000 x16:0x00000069 PA:0x00020000 store:0x00000069 load:0x00000000
          29186	     14589	001000b0	00154703	lbu	x14,1(x10)	 x10:0x00101b14 x14=0x0000006e PA:0x00101b15 store:0x001015dc
          29188	     14590	001000b4	04070e63	beq	x14,x0,100110	 x14:0x0000006e  x0:0x00000000
          29192	     14592	001000b8	00e7a023	sw	x14,0(x15)	 x15:0x00020000 x14:0x0000006e PA:0x00020000 store:0x0000006e load:0x00000000
          29196	     14594	001000bc	00254283	lbu	x5,2(x10)	 x10:0x00101b14  x5=0x00000067 PA:0x00101b16 store:0x00137fa0
          29198	     14595	001000c0	04028863	beq	x5,x0,100110	  x5:0x00000067  x0:0x00000000
          29202	     14597	001000c4	0057a023	sw	x5,0(x15)	 x15:0x00020000  x5:0x00000067 PA:0x00020000 store:0x00000067 load:0x00000000
          29206	     14599	001000c8	00354303	lbu	x6,3(x10)	 x10:0x00101b14  x6=0x00000020 PA:0x00101b17 store:0x00000000
          29208	     14600	001000cc	04030263	beq	x6,x0,100110	  x6:0x00000020  x0:0x00000000
          29212	     14602	001000d0	0067a023	sw	x6,0(x15)	 x15:0x00020000  x6:0x00000020 PA:0x00020000 store:0x00000020 load:0x00000000
          29216	     14604	001000d4	00454383	lbu	x7,4(x10)	 x10:0x00101b14  x7=0x00000030 PA:0x00101b18 store:0x00000000
          29218	     14605	001000d8	02038c63	beq	x7,x0,100110	  x7:0x00000030  x0:0x00000000
          29222	     14607	001000dc	0077a023	sw	x7,0(x15)	 x15:0x00020000  x7:0x00000030 PA:0x00020000 store:0x00000030 load:0x00000000
          29226	     14609	001000e0	00554583	lbu	x11,5(x10)	 x10:0x00101b14 x11=0x00000078 PA:0x00101b19 store:0x00000067
          29228	     14610	001000e4	02058663	beq	x11,x0,100110	 x11:0x00000078  x0:0x00000000
          29232	     14612	001000e8	00b7a023	sw	x11,0(x15)	 x15:0x00020000 x11:0x00000078 PA:0x00020000 store:0x00000078 load:0x00000000
          29236	     14614	001000ec	00654603	lbu	x12,6(x10)	 x10:0x00101b14 x12=0x00000032 PA:0x00101b1a store:0x00000020
          29238	     14615	001000f0	02060063	beq	x12,x0,100110	 x12:0x00000032  x0:0x00000000
          29242	     14617	001000f4	00c7a023	sw	x12,0(x15)	 x15:0x00020000 x12:0x00000032 PA:0x00020000 store:0x00000032 load:0x00000000
          29246	     14619	001000f8	00754683	lbu	x13,7(x10)	 x10:0x00101b14 x13=0x00000030 PA:0x00101b1b store:0x00000030
          29248	     14620	001000fc	00850513	addi	x10,x10,8	 x10:0x00101b14 x10=0x00101b1c
          29250	     14621	00100100	00068863	beq	x13,x0,100110	 x13:0x00000030  x0:0x00000000
          29254	     14623	00100104	00d7a023	sw	x13,0(x15)	 x15:0x00020000 x13:0x00000030 PA:0x00020000 store:0x00000030 load:0x00000000
          29258	     14625	00100108	00054803	lbu	x16,0(x10)	 x10:0x00101b1c x16=0x0000003a PA:0x00101b1c store:0x00000000
          29262	     14627	0010010c	fa0810e3	bne	x16,x0,1000ac	 x16:0x0000003a  x0:0x00000000
          29268	     14630	001000ac	0107a023	sw	x16,0(x15)	 x15:0x00020000 x16:0x0000003a PA:0x00020000 store:0x0000003a load:0x00000000
          29272	     14632	001000b0	00154703	lbu	x14,1(x10)	 x10:0x00101b1c x14=0x00000020 PA:0x00101b1d store:0x001015dc
          29274	     14633	001000b4	04070e63	beq	x14,x0,100110	 x14:0x00000020  x0:0x00000000
          29278	     14635	001000b8	00e7a023	sw	x14,0(x15)	 x15:0x00020000 x14:0x00000020 PA:0x00020000 store:0x00000020 load:0x00000000
          29282	     14637	001000bc	00254283	lbu	x5,2(x10)	 x10:0x00101b1c  x5=0x00000000 PA:0x00101b1e store:0x00137fa0
          29286	     14639	001000c0	04028863	beq	x5,x0,100110	  x5:0x00000000  x0:0x00000000
          29290	     14641	00100110	00000513	addi	x10,x0,0	  x0:0x00000000 x10=0x00000000
          29294	     14643	00100114	00008067	jalr	x0,0(x1)	  x1:0x001015dc  x0=0x00000000
          29298	     14645	001015dc	cf0d2503	lw	x10,-784(x26)	 x26:0x00102000 x10=0x00000020 PA:0x00101cf0 store:0x0000003a
          29302	     14647	001015e0	b41fe0ef	jal	x1,100120	  x1=0x001015e4
          29304	     14648	00100120	01c55793	srli	x15,x10,0x1c	 x10:0x00000020 x15=0x00000000
          29306	     14649	00100124	00900713	addi	x14,x0,9	  x0:0x00000000 x14=0x00000009
          29310	     14651	00100128	0cf77a63	bgeu	x14,x15,1001fc	 x14:0x00000009 x15:0x00000000
          29314	     14653	001001fc	03078393	addi	x7,x15,48	 x15:0x00000000  x7=0x00000030
          29316	     14654	00100200	000205b7	lui	x11,0x20	 x11=0x00020000
          29318	     14655	00100204	00451613	slli	x12,x10,0x4	 x10:0x00000020 x12=0x00000200
          29322	     14657	00100208	0075a023	sw	x7,0(x11)	 x11:0x00020000  x7:0x00000030 PA:0x00020000 store:0x00000030 load:0x00000000
          29324	     14658	0010020c	01c65693	srli	x13,x12,0x1c	 x12:0x00000200 x13=0x00000000
          29326	     14659	00100210	00900813	addi	x16,x0,9	  x0:0x00000000 x16=0x00000009
          29328	     14660	00100214	f2d86ae3	bltu	x16,x13,100148	 x16:0x00000009 x13:0x00000000
          29330	     14661	00100218	03068e93	addi	x29,x13,48	 x13:0x00000000 x29=0x00000030
          29332	     14662	0010021c	00020f37	lui	x30,0x20	 x30=0x00020000
          29334	     14663	00100220	00851f93	slli	x31,x10,0x8	 x10:0x00000020 x31=0x00002000
          29338	     14665	00100224	01df2023	sw	x29,0(x30)	 x30:0x00020000 x29:0x00000030 PA:0x00020000 store:0x00000030 load:0x00000000
          29340	     14666	00100228	01cfd793	srli	x15,x31,0x1c	 x31:0x00002000 x15=0x00000000
          29342	     14667	0010022c	00900713	addi	x14,x0,9	  x0:0x00000000 x14=0x00000009
          29344	     14668	00100230	f2f76ae3	bltu	x14,x15,100164	 x14:0x00000009 x15:0x00000000
          29346	     14669	00100234	03078393	addi	x7,x15,48	 x15:0x00000000  x7=0x00000030
          29348	     14670	00100238	000205b7	lui	x11,0x20	 x11=0x00020000
          29350	     14671	0010023c	00c51613	slli	x12,x10,0xc	 x10:0x00000020 x12=0x00020000
          29354	     14673	00100240	0075a023	sw	x7,0(x11)	 x11:0x00020000  x7:0x00000030 PA:0x00020000 store:0x00000030 load:0x00000000
          29356	     14674	00100244	01c65693	srli	x13,x12,0x1c	 x12:0x00020000 x13=0x00000000
          29358	     14675	00100248	00900813	addi	x16,x0,9	  x0:0x00000000 x16=0x00000009
          29360	     14676	0010024c	f2d86ae3	bltu	x16,x13,100180	 x16:0x00000009 x13:0x00000000
          29362	     14677	00100250	03068e93	addi	x29,x13,48	 x13:0x00000000 x29=0x00000030
          29364	     14678	00100254	00020f37	lui	x30,0x20	 x30=0x00020000
          29366	     14679	00100258	01051f93	slli	x31,x10,0x10	 x10:0x00000020 x31=0x00200000
          29370	     14681	0010025c	01df2023	sw	x29,0(x30)	 x30:0x00020000 x29:0x00000030 PA:0x00020000 store:0x00000030 load:0x00000000
          29372	     14682	00100260	01cfd793	srli	x15,x31,0x1c	 x31:0x00200000 x15=0x00000000
          29374	     14683	00100264	00900713	addi	x14,x0,9	  x0:0x00000000 x14=0x00000009
          29376	     14684	00100268	f2f76ae3	bltu	x14,x15,10019c	 x14:0x00000009 x15:0x00000000
          29378	     14685	0010026c	03078393	addi	x7,x15,48	 x15:0x00000000  x7=0x00000030
          29380	     14686	00100270	000205b7	lui	x11,0x20	 x11=0x00020000
          29382	     14687	00100274	01451613	slli	x12,x10,0x14	 x10:0x00000020 x12=0x02000000
          29386	     14689	00100278	0075a023	sw	x7,0(x11)	 x11:0x00020000  x7:0x00000030 PA:0x00020000 store:0x00000030 load:0x00000000
          29388	     14690	0010027c	01c65693	srli	x13,x12,0x1c	 x12:0x02000000 x13=0x00000000
          29390	     14691	00100280	00900813	addi	x16,x0,9	  x0:0x00000000 x16=0x00000009
          29392	     14692	00100284	f2d86ae3	bltu	x16,x13,1001b8	 x16:0x00000009 x13:0x00000000
          29394	     14693	00100288	03068e93	addi	x29,x13,48	 x13:0x00000000 x29=0x00000030
          29396	     14694	0010028c	00020f37	lui	x30,0x20	 x30=0x00020000
          29398	     14695	00100290	01851f93	slli	x31,x10,0x18	 x10:0x00000020 x31=0x20000000
          29402	     14697	00100294	01df2023	sw	x29,0(x30)	 x30:0x00020000 x29:0x00000030 PA:0x00020000 store:0x00000030 load:0x00000000
          29404	     14698	00100298	01cfd793	srli	x15,x31,0x1c	 x31:0x20000000 x15=0x00000002
          29406	     14699	0010029c	00900713	addi	x14,x0,9	  x0:0x00000000 x14=0x00000009
          29408	     14700	001002a0	f2f76ae3	bltu	x14,x15,1001d4	 x14:0x00000009 x15:0x00000002
          29410	     14701	001002a4	03078393	addi	x7,x15,48	 x15:0x00000002  x7=0x00000032
          29412	     14702	001002a8	000205b7	lui	x11,0x20	 x11=0x00020000
          29416	     14704	001002ac	0075a023	sw	x7,0(x11)	 x11:0x00020000  x7:0x00000032 PA:0x00020000 store:0x00000032 load:0x00000000
          29418	     14705	001002b0	00f57513	andi	x10,x10,15	 x10:0x00000020 x10=0x00000000
          29420	     14706	001002b4	00900613	addi	x12,x0,9	  x0:0x00000000 x12=0x00000009
          29424	     14708	001002b8	f2a67ae3	bgeu	x12,x10,1001ec	 x12:0x00000009 x10:0x00000000
          29428	     14710	001001ec	03050893	addi	x17,x10,48	 x10:0x00000000 x17=0x00000030
          29430	     14711	001001f0	00020e37	lui	x28,0x20	 x28=0x00020000
          29434	     14713	001001f4	011e2023	sw	x17,0(x28)	 x28:0x00020000 x17:0x00000030 PA:0x00020000 store:0x00000030 load:0x00000000
          29438	     14715	001001f8	00008067	jalr	x0,0(x1)	  x1:0x001015e4  x0=0x00000000
          29446	     14719	001015e4	001028b7	lui	x17,0x102	 x17=0x00102000
          29448	     14720	001015e8	9548aa87	flw	f21,-1708(x17)	 f17:0x00102000 f21=0x00000000 PA:0x00101954 store:0x00000047
          29452	     14722	001015ec	00102e37	lui	x28,0x102	 x28=0x00102000
          29454	     14723	001015f0	b20e0513	addi	x10,x28,-1248	 x28:0x00102000 x10=0x00101b20
          29456	     14724	001015f4	d15b2627	fsw	f21,-756(x22)	 f22:0x00102000 f21:0x00102000 PA:0x00101d0c store:0x4019999a load:0x4019999a
          29458	     14725	001015f8	d0cb2e07	flw	f28,-756(x22)	 f22:0x00102000 f28=0x00000000 PA:0x00101d0c store:0xc06d7f2b
          29460	     14726	001015fc	e00e1b53	fclass.s	x22,f28	 f28:0x00102000 x22=0x00000040
          29462	     14727	00101600	cf6a2c23	sw	x22,-776(x20)	 x20:0x00102000 x22:0x00000040 PA:0x00101cf8 store:0x00000040 load:0x4019999a
          29464	     14728	00101604	a9dfe0ef	jal	x1,1000a0	  x1=0x00101608
          29466	     14729	001000a0	00054803	lbu	x16,0(x10)	 x10:0x00101b20 x16=0x0000000a PA:0x00101b20 store:0x00000000
          29468	     14730	001000a4	06080663	beq	x16,x0,100110	 x16:0x0000000a  x0:0x00000000
          29470	     14731	001000a8	000207b7	lui	x15,0x20	 x15=0x00020000
          29474	     14733	001000ac	0107a023	sw	x16,0(x15)	 x15:0x00020000 x16:0x0000000a PA:0x00020000 store:0x0000000a load:0x00000000
          29478	     14735	001000b0	00154703	lbu	x14,1(x10)	 x10:0x00101b20 x14=0x00000020 PA:0x00101b21 store:0x00101608
          29480	     14736	001000b4	04070e63	beq	x14,x0,100110	 x14:0x00000020  x0:0x00000000
          29484	     14738	001000b8	00e7a023	sw	x14,0(x15)	 x15:0x00020000 x14:0x00000020 PA:0x00020000 store:0x00000020 load:0x00000000
          29488	     14740	001000bc	00254283	lbu	x5,2(x10)	 x10:0x00101b20  x5=0x00000045 PA:0x00101b22 store:0x00137fa0
          29490	     14741	001000c0	04028863	beq	x5,x0,100110	  x5:0x00000045  x0:0x00000000
          29494	     14743	001000c4	0057a023	sw	x5,0(x15)	 x15:0x00020000  x5:0x00000045 PA:0x00020000 store:0x00000045 load:0x00000000
          29498	     14745	001000c8	00354303	lbu	x6,3(x10)	 x10:0x00101b20  x6=0x00000078 PA:0x00101b23 store:0x00000000
          29500	     14746	001000cc	04030263	beq	x6,x0,100110	  x6:0x00000078  x0:0x00000000
          29504	     14748	001000d0	0067a023	sw	x6,0(x15)	 x15:0x00020000  x6:0x00000078 PA:0x00020000 store:0x00000078 load:0x00000000
          29508	     14750	001000d4	00454383	lbu	x7,4(x10)	 x10:0x00101b20  x7=0x00000070 PA:0x00101b24 store:0x00000000
          29510	     14751	001000d8	02038c63	beq	x7,x0,100110	  x7:0x00000070  x0:0x00000000
          29514	     14753	001000dc	0077a023	sw	x7,0(x15)	 x15:0x00020000  x7:0x00000070 PA:0x00020000 store:0x00000070 load:0x00000000
          29518	     14755	001000e0	00554583	lbu	x11,5(x10)	 x10:0x00101b20 x11=0x00000065 PA:0x00101b25 store:0x00000045
          29520	     14756	001000e4	02058663	beq	x11,x0,100110	 x11:0x00000065  x0:0x00000000
          29524	     14758	001000e8	00b7a023	sw	x11,0(x15)	 x15:0x00020000 x11:0x00000065 PA:0x00020000 store:0x00000065 load:0x00000000
          29528	     14760	001000ec	00654603	lbu	x12,6(x10)	 x10:0x00101b20 x12=0x00000063 PA:0x00101b26 store:0x00000078
          29530	     14761	001000f0	02060063	beq	x12,x0,100110	 x12:0x00000063  x0:0x00000000
          29534	     14763	001000f4	00c7a023	sw	x12,0(x15)	 x15:0x00020000 x12:0x00000063 PA:0x00020000 store:0x00000063 load:0x00000000
          29538	     14765	001000f8	00754683	lbu	x13,7(x10)	 x10:0x00101b20 x13=0x00000074 PA:0x00101b27 store:0x00000070
          29540	     14766	001000fc	00850513	addi	x10,x10,8	 x10:0x00101b20 x10=0x00101b28
          29542	     14767	00100100	00068863	beq	x13,x0,100110	 x13:0x00000074  x0:0x00000000
          29546	     14769	00100104	00d7a023	sw	x13,0(x15)	 x15:0x00020000 x13:0x00000074 PA:0x00020000 store:0x00000074 load:0x00000000
          29550	     14771	00100108	00054803	lbu	x16,0(x10)	 x10:0x00101b28 x16=0x00000069 PA:0x00101b28 store:0x00000000
          29554	     14773	0010010c	fa0810e3	bne	x16,x0,1000ac	 x16:0x00000069  x0:0x00000000
          29560	     14776	001000ac	0107a023	sw	x16,0(x15)	 x15:0x00020000 x16:0x00000069 PA:0x00020000 store:0x00000069 load:0x00000000
          29564	     14778	001000b0	00154703	lbu	x14,1(x10)	 x10:0x00101b28 x14=0x0000006e PA:0x00101b29 store:0x00101608
          29566	     14779	001000b4	04070e63	beq	x14,x0,100110	 x14:0x0000006e  x0:0x00000000
          29570	     14781	001000b8	00e7a023	sw	x14,0(x15)	 x15:0x00020000 x14:0x0000006e PA:0x00020000 store:0x0000006e load:0x00000000
          29574	     14783	001000bc	00254283	lbu	x5,2(x10)	 x10:0x00101b28  x5=0x00000067 PA:0x00101b2a store:0x00137fa0
          29576	     14784	001000c0	04028863	beq	x5,x0,100110	  x5:0x00000067  x0:0x00000000
          29580	     14786	001000c4	0057a023	sw	x5,0(x15)	 x15:0x00020000  x5:0x00000067 PA:0x00020000 store:0x00000067 load:0x00000000
          29584	     14788	001000c8	00354303	lbu	x6,3(x10)	 x10:0x00101b28  x6=0x00000020 PA:0x00101b2b store:0x00000000
          29586	     14789	001000cc	04030263	beq	x6,x0,100110	  x6:0x00000020  x0:0x00000000
          29590	     14791	001000d0	0067a023	sw	x6,0(x15)	 x15:0x00020000  x6:0x00000020 PA:0x00020000 store:0x00000020 load:0x00000000
          29594	     14793	001000d4	00454383	lbu	x7,4(x10)	 x10:0x00101b28  x7=0x00000030 PA:0x00101b2c store:0x00000000
          29596	     14794	001000d8	02038c63	beq	x7,x0,100110	  x7:0x00000030  x0:0x00000000
          29600	     14796	001000dc	0077a023	sw	x7,0(x15)	 x15:0x00020000  x7:0x00000030 PA:0x00020000 store:0x00000030 load:0x00000000
          29604	     14798	001000e0	00554583	lbu	x11,5(x10)	 x10:0x00101b28 x11=0x00000078 PA:0x00101b2d store:0x00000067
          29606	     14799	001000e4	02058663	beq	x11,x0,100110	 x11:0x00000078  x0:0x00000000
          29610	     14801	001000e8	00b7a023	sw	x11,0(x15)	 x15:0x00020000 x11:0x00000078 PA:0x00020000 store:0x00000078 load:0x00000000
          29614	     14803	001000ec	00654603	lbu	x12,6(x10)	 x10:0x00101b28 x12=0x00000034 PA:0x00101b2e store:0x00000020
          29616	     14804	001000f0	02060063	beq	x12,x0,100110	 x12:0x00000034  x0:0x00000000
          29620	     14806	001000f4	00c7a023	sw	x12,0(x15)	 x15:0x00020000 x12:0x00000034 PA:0x00020000 store:0x00000034 load:0x00000000
          29624	     14808	001000f8	00754683	lbu	x13,7(x10)	 x10:0x00101b28 x13=0x00000030 PA:0x00101b2f store:0x00000030
          29626	     14809	001000fc	00850513	addi	x10,x10,8	 x10:0x00101b28 x10=0x00101b30
          29628	     14810	00100100	00068863	beq	x13,x0,100110	 x13:0x00000030  x0:0x00000000
          29632	     14812	00100104	00d7a023	sw	x13,0(x15)	 x15:0x00020000 x13:0x00000030 PA:0x00020000 store:0x00000030 load:0x00000000
          29636	     14814	00100108	00054803	lbu	x16,0(x10)	 x10:0x00101b30 x16=0x0000003a PA:0x00101b30 store:0x00000000
          29640	     14816	0010010c	fa0810e3	bne	x16,x0,1000ac	 x16:0x0000003a  x0:0x00000000
          29646	     14819	001000ac	0107a023	sw	x16,0(x15)	 x15:0x00020000 x16:0x0000003a PA:0x00020000 store:0x0000003a load:0x00000000
          29650	     14821	001000b0	00154703	lbu	x14,1(x10)	 x10:0x00101b30 x14=0x00000020 PA:0x00101b31 store:0x00101608
          29652	     14822	001000b4	04070e63	beq	x14,x0,100110	 x14:0x00000020  x0:0x00000000
          29656	     14824	001000b8	00e7a023	sw	x14,0(x15)	 x15:0x00020000 x14:0x00000020 PA:0x00020000 store:0x00000020 load:0x00000000
          29660	     14826	001000bc	00254283	lbu	x5,2(x10)	 x10:0x00101b30  x5=0x00000000 PA:0x00101b32 store:0x00137fa0
          29664	     14828	001000c0	04028863	beq	x5,x0,100110	  x5:0x00000000  x0:0x00000000
          29668	     14830	00100110	00000513	addi	x10,x0,0	  x0:0x00000000 x10=0x00000000
          29672	     14832	00100114	00008067	jalr	x0,0(x1)	  x1:0x00101608  x0=0x00000000
          29676	     14834	00101608	cf8a2503	lw	x10,-776(x20)	 x20:0x00102000 x10=0x00000040 PA:0x00101cf8 store:0x00102000
          29678	     14835	0010160c	00102b37	lui	x22,0x102	 x22=0x00102000
          29682	     14837	00101610	b11fe0ef	jal	x1,100120	  x1=0x00101614
          29684	     14838	00100120	01c55793	srli	x15,x10,0x1c	 x10:0x00000040 x15=0x00000000
          29686	     14839	00100124	00900713	addi	x14,x0,9	  x0:0x00000000 x14=0x00000009
          29690	     14841	00100128	0cf77a63	bgeu	x14,x15,1001fc	 x14:0x00000009 x15:0x00000000
          29694	     14843	001001fc	03078393	addi	x7,x15,48	 x15:0x00000000  x7=0x00000030
          29696	     14844	00100200	000205b7	lui	x11,0x20	 x11=0x00020000
          29698	     14845	00100204	00451613	slli	x12,x10,0x4	 x10:0x00000040 x12=0x00000400
          29702	     14847	00100208	0075a023	sw	x7,0(x11)	 x11:0x00020000  x7:0x00000030 PA:0x00020000 store:0x00000030 load:0x00000000
          29704	     14848	0010020c	01c65693	srli	x13,x12,0x1c	 x12:0x00000400 x13=0x00000000
          29706	     14849	00100210	00900813	addi	x16,x0,9	  x0:0x00000000 x16=0x00000009
          29708	     14850	00100214	f2d86ae3	bltu	x16,x13,100148	 x16:0x00000009 x13:0x00000000
          29710	     14851	00100218	03068e93	addi	x29,x13,48	 x13:0x00000000 x29=0x00000030
          29712	     14852	0010021c	00020f37	lui	x30,0x20	 x30=0x00020000
          29714	     14853	00100220	00851f93	slli	x31,x10,0x8	 x10:0x00000040 x31=0x00004000
          29718	     14855	00100224	01df2023	sw	x29,0(x30)	 x30:0x00020000 x29:0x00000030 PA:0x00020000 store:0x00000030 load:0x00000000
          29720	     14856	00100228	01cfd793	srli	x15,x31,0x1c	 x31:0x00004000 x15=0x00000000
          29722	     14857	0010022c	00900713	addi	x14,x0,9	  x0:0x00000000 x14=0x00000009
          29724	     14858	00100230	f2f76ae3	bltu	x14,x15,100164	 x14:0x00000009 x15:0x00000000
          29726	     14859	00100234	03078393	addi	x7,x15,48	 x15:0x00000000  x7=0x00000030
          29728	     14860	00100238	000205b7	lui	x11,0x20	 x11=0x00020000
          29730	     14861	0010023c	00c51613	slli	x12,x10,0xc	 x10:0x00000040 x12=0x00040000
          29734	     14863	00100240	0075a023	sw	x7,0(x11)	 x11:0x00020000  x7:0x00000030 PA:0x00020000 store:0x00000030 load:0x00000000
          29736	     14864	00100244	01c65693	srli	x13,x12,0x1c	 x12:0x00040000 x13=0x00000000
          29738	     14865	00100248	00900813	addi	x16,x0,9	  x0:0x00000000 x16=0x00000009
          29740	     14866	0010024c	f2d86ae3	bltu	x16,x13,100180	 x16:0x00000009 x13:0x00000000
          29742	     14867	00100250	03068e93	addi	x29,x13,48	 x13:0x00000000 x29=0x00000030
          29744	     14868	00100254	00020f37	lui	x30,0x20	 x30=0x00020000
          29746	     14869	00100258	01051f93	slli	x31,x10,0x10	 x10:0x00000040 x31=0x00400000
          29750	     14871	0010025c	01df2023	sw	x29,0(x30)	 x30:0x00020000 x29:0x00000030 PA:0x00020000 store:0x00000030 load:0x00000000
          29752	     14872	00100260	01cfd793	srli	x15,x31,0x1c	 x31:0x00400000 x15=0x00000000
          29754	     14873	00100264	00900713	addi	x14,x0,9	  x0:0x00000000 x14=0x00000009
          29756	     14874	00100268	f2f76ae3	bltu	x14,x15,10019c	 x14:0x00000009 x15:0x00000000
          29758	     14875	0010026c	03078393	addi	x7,x15,48	 x15:0x00000000  x7=0x00000030
          29760	     14876	00100270	000205b7	lui	x11,0x20	 x11=0x00020000
          29762	     14877	00100274	01451613	slli	x12,x10,0x14	 x10:0x00000040 x12=0x04000000
          29766	     14879	00100278	0075a023	sw	x7,0(x11)	 x11:0x00020000  x7:0x00000030 PA:0x00020000 store:0x00000030 load:0x00000000
          29768	     14880	0010027c	01c65693	srli	x13,x12,0x1c	 x12:0x04000000 x13=0x00000000
          29770	     14881	00100280	00900813	addi	x16,x0,9	  x0:0x00000000 x16=0x00000009
          29772	     14882	00100284	f2d86ae3	bltu	x16,x13,1001b8	 x16:0x00000009 x13:0x00000000
          29774	     14883	00100288	03068e93	addi	x29,x13,48	 x13:0x00000000 x29=0x00000030
          29776	     14884	0010028c	00020f37	lui	x30,0x20	 x30=0x00020000
          29778	     14885	00100290	01851f93	slli	x31,x10,0x18	 x10:0x00000040 x31=0x40000000
          29782	     14887	00100294	01df2023	sw	x29,0(x30)	 x30:0x00020000 x29:0x00000030 PA:0x00020000 store:0x00000030 load:0x00000000
          29784	     14888	00100298	01cfd793	srli	x15,x31,0x1c	 x31:0x40000000 x15=0x00000004
          29786	     14889	0010029c	00900713	addi	x14,x0,9	  x0:0x00000000 x14=0x00000009
          29788	     14890	001002a0	f2f76ae3	bltu	x14,x15,1001d4	 x14:0x00000009 x15:0x00000004
          29790	     14891	001002a4	03078393	addi	x7,x15,48	 x15:0x00000004  x7=0x00000034
          29792	     14892	001002a8	000205b7	lui	x11,0x20	 x11=0x00020000
          29796	     14894	001002ac	0075a023	sw	x7,0(x11)	 x11:0x00020000  x7:0x00000034 PA:0x00020000 store:0x00000034 load:0x00000000
          29798	     14895	001002b0	00f57513	andi	x10,x10,15	 x10:0x00000040 x10=0x00000000
          29800	     14896	001002b4	00900613	addi	x12,x0,9	  x0:0x00000000 x12=0x00000009
          29804	     14898	001002b8	f2a67ae3	bgeu	x12,x10,1001ec	 x12:0x00000009 x10:0x00000000
          29808	     14900	001001ec	03050893	addi	x17,x10,48	 x10:0x00000000 x17=0x00000030
          29810	     14901	001001f0	00020e37	lui	x28,0x20	 x28=0x00020000
          29814	     14903	001001f4	011e2023	sw	x17,0(x28)	 x28:0x00020000 x17:0x00000030 PA:0x00020000 store:0x00000030 load:0x00000000
          29818	     14905	001001f8	00008067	jalr	x0,0(x1)	  x1:0x00101614  x0=0x00000000
          29820	     14906	00101614	7f800eb7	lui	x29,0x7f800	 x29=0x7f800000
          29824	     14908	00101618	cfddaa23	sw	x29,-780(x27)	 x27:0x00102000 x29:0x7f800000 PA:0x00101cf4 store:0x7f800000 load:0x00000040
          29834	     14913	0010161c	cf4daf03	lw	x30,-780(x27)	 x27:0x00102000 x30=0x7f800000 PA:0x00101cf4 store:0x00102000
          29836	     14914	00101620	f00f0ed3	fmv.w.x	f29,x30	 x30:0x7f800000 f29=0x00000000
          29838	     14915	00101624	d1d9a427	fsw	f29,-760(x19)	 f19:0x00102000 f29:0x7f800000 PA:0x00101d08 store:0x7f800000 load:0x7f800000
          29840	     14916	00101628	d089af07	flw	f30,-760(x19)	 f19:0x00102000 f30=0x00000000 PA:0x00101d08 store:0x00000047
          29844	     14918	0010162c	00102fb7	lui	x31,0x102	 x31=0x00102000
          29846	     14919	00101630	b34f8513	addi	x10,x31,-1228	 x31:0x00102000 x10=0x00101b34
          29848	     14920	00101634	e00f19d3	fclass.s	x19,f30	 f30:0x7f800000 x19=0x00000080
          29850	     14921	00101638	cf3daa23	sw	x19,-780(x27)	 x27:0x00102000 x19:0x00000080 PA:0x00101cf4 store:0x00000080 load:0x7f800000
          29852	     14922	0010163c	a65fe0ef	jal	x1,1000a0	  x1=0x00101640
          29854	     14923	001000a0	00054803	lbu	x16,0(x10)	 x10:0x00101b34 x16=0x0000000a PA:0x00101b34 store:0x00000000
          29856	     14924	001000a4	06080663	beq	x16,x0,100110	 x16:0x0000000a  x0:0x00000000
          29858	     14925	001000a8	000207b7	lui	x15,0x20	 x15=0x00020000
          29862	     14927	001000ac	0107a023	sw	x16,0(x15)	 x15:0x00020000 x16:0x0000000a PA:0x00020000 store:0x0000000a load:0x00000000
          29866	     14929	001000b0	00154703	lbu	x14,1(x10)	 x10:0x00101b34 x14=0x00000020 PA:0x00101b35 store:0x00101640
          29868	     14930	001000b4	04070e63	beq	x14,x0,100110	 x14:0x00000020  x0:0x00000000
          29872	     14932	001000b8	00e7a023	sw	x14,0(x15)	 x15:0x00020000 x14:0x00000020 PA:0x00020000 store:0x00000020 load:0x00000000
          29876	     14934	001000bc	00254283	lbu	x5,2(x10)	 x10:0x00101b34  x5=0x00000045 PA:0x00101b36 store:0x00137fa0
          29878	     14935	001000c0	04028863	beq	x5,x0,100110	  x5:0x00000045  x0:0x00000000
          29882	     14937	001000c4	0057a023	sw	x5,0(x15)	 x15:0x00020000  x5:0x00000045 PA:0x00020000 store:0x00000045 load:0x00000000
          29886	     14939	001000c8	00354303	lbu	x6,3(x10)	 x10:0x00101b34  x6=0x00000078 PA:0x00101b37 store:0x00000000
          29888	     14940	001000cc	04030263	beq	x6,x0,100110	  x6:0x00000078  x0:0x00000000
          29892	     14942	001000d0	0067a023	sw	x6,0(x15)	 x15:0x00020000  x6:0x00000078 PA:0x00020000 store:0x00000078 load:0x00000000
          29896	     14944	001000d4	00454383	lbu	x7,4(x10)	 x10:0x00101b34  x7=0x00000070 PA:0x00101b38 store:0x00000000
          29898	     14945	001000d8	02038c63	beq	x7,x0,100110	  x7:0x00000070  x0:0x00000000
          29902	     14947	001000dc	0077a023	sw	x7,0(x15)	 x15:0x00020000  x7:0x00000070 PA:0x00020000 store:0x00000070 load:0x00000000
          29906	     14949	001000e0	00554583	lbu	x11,5(x10)	 x10:0x00101b34 x11=0x00000065 PA:0x00101b39 store:0x00000045
          29908	     14950	001000e4	02058663	beq	x11,x0,100110	 x11:0x00000065  x0:0x00000000
          29912	     14952	001000e8	00b7a023	sw	x11,0(x15)	 x15:0x00020000 x11:0x00000065 PA:0x00020000 store:0x00000065 load:0x00000000
          29916	     14954	001000ec	00654603	lbu	x12,6(x10)	 x10:0x00101b34 x12=0x00000063 PA:0x00101b3a store:0x00000078
          29918	     14955	001000f0	02060063	beq	x12,x0,100110	 x12:0x00000063  x0:0x00000000
          29922	     14957	001000f4	00c7a023	sw	x12,0(x15)	 x15:0x00020000 x12:0x00000063 PA:0x00020000 store:0x00000063 load:0x00000000
          29926	     14959	001000f8	00754683	lbu	x13,7(x10)	 x10:0x00101b34 x13=0x00000074 PA:0x00101b3b store:0x00000070
          29928	     14960	001000fc	00850513	addi	x10,x10,8	 x10:0x00101b34 x10=0x00101b3c
          29930	     14961	00100100	00068863	beq	x13,x0,100110	 x13:0x00000074  x0:0x00000000
          29934	     14963	00100104	00d7a023	sw	x13,0(x15)	 x15:0x00020000 x13:0x00000074 PA:0x00020000 store:0x00000074 load:0x00000000
          29938	     14965	00100108	00054803	lbu	x16,0(x10)	 x10:0x00101b3c x16=0x00000069 PA:0x00101b3c store:0x00000000
          29942	     14967	0010010c	fa0810e3	bne	x16,x0,1000ac	 x16:0x00000069  x0:0x00000000
          29948	     14970	001000ac	0107a023	sw	x16,0(x15)	 x15:0x00020000 x16:0x00000069 PA:0x00020000 store:0x00000069 load:0x00000000
          29952	     14972	001000b0	00154703	lbu	x14,1(x10)	 x10:0x00101b3c x14=0x0000006e PA:0x00101b3d store:0x00101640
          29954	     14973	001000b4	04070e63	beq	x14,x0,100110	 x14:0x0000006e  x0:0x00000000
          29958	     14975	001000b8	00e7a023	sw	x14,0(x15)	 x15:0x00020000 x14:0x0000006e PA:0x00020000 store:0x0000006e load:0x00000000
          29962	     14977	001000bc	00254283	lbu	x5,2(x10)	 x10:0x00101b3c  x5=0x00000067 PA:0x00101b3e store:0x00137fa0
          29964	     14978	001000c0	04028863	beq	x5,x0,100110	  x5:0x00000067  x0:0x00000000
          29968	     14980	001000c4	0057a023	sw	x5,0(x15)	 x15:0x00020000  x5:0x00000067 PA:0x00020000 store:0x00000067 load:0x00000000
          29972	     14982	001000c8	00354303	lbu	x6,3(x10)	 x10:0x00101b3c  x6=0x00000020 PA:0x00101b3f store:0x00000000
          29974	     14983	001000cc	04030263	beq	x6,x0,100110	  x6:0x00000020  x0:0x00000000
          29978	     14985	001000d0	0067a023	sw	x6,0(x15)	 x15:0x00020000  x6:0x00000020 PA:0x00020000 store:0x00000020 load:0x00000000
          29982	     14987	001000d4	00454383	lbu	x7,4(x10)	 x10:0x00101b3c  x7=0x00000030 PA:0x00101b40 store:0x00000000
          29984	     14988	001000d8	02038c63	beq	x7,x0,100110	  x7:0x00000030  x0:0x00000000
          29988	     14990	001000dc	0077a023	sw	x7,0(x15)	 x15:0x00020000  x7:0x00000030 PA:0x00020000 store:0x00000030 load:0x00000000
          29992	     14992	001000e0	00554583	lbu	x11,5(x10)	 x10:0x00101b3c x11=0x00000078 PA:0x00101b41 store:0x00000067
          29994	     14993	001000e4	02058663	beq	x11,x0,100110	 x11:0x00000078  x0:0x00000000
          29998	     14995	001000e8	00b7a023	sw	x11,0(x15)	 x15:0x00020000 x11:0x00000078 PA:0x00020000 store:0x00000078 load:0x00000000
          30002	     14997	001000ec	00654603	lbu	x12,6(x10)	 x10:0x00101b3c x12=0x00000038 PA:0x00101b42 store:0x00000020
          30004	     14998	001000f0	02060063	beq	x12,x0,100110	 x12:0x00000038  x0:0x00000000
          30008	     15000	001000f4	00c7a023	sw	x12,0(x15)	 x15:0x00020000 x12:0x00000038 PA:0x00020000 store:0x00000038 load:0x00000000
          30012	     15002	001000f8	00754683	lbu	x13,7(x10)	 x10:0x00101b3c x13=0x00000030 PA:0x00101b43 store:0x00000030
          30014	     15003	001000fc	00850513	addi	x10,x10,8	 x10:0x00101b3c x10=0x00101b44
          30016	     15004	00100100	00068863	beq	x13,x0,100110	 x13:0x00000030  x0:0x00000000
          30020	     15006	00100104	00d7a023	sw	x13,0(x15)	 x15:0x00020000 x13:0x00000030 PA:0x00020000 store:0x00000030 load:0x00000000
          30024	     15008	00100108	00054803	lbu	x16,0(x10)	 x10:0x00101b44 x16=0x0000003a PA:0x00101b44 store:0x00000000
          30028	     15010	0010010c	fa0810e3	bne	x16,x0,1000ac	 x16:0x0000003a  x0:0x00000000
          30034	     15013	001000ac	0107a023	sw	x16,0(x15)	 x15:0x00020000 x16:0x0000003a PA:0x00020000 store:0x0000003a load:0x00000000
          30038	     15015	001000b0	00154703	lbu	x14,1(x10)	 x10:0x00101b44 x14=0x00000020 PA:0x00101b45 store:0x00101640
          30040	     15016	001000b4	04070e63	beq	x14,x0,100110	 x14:0x00000020  x0:0x00000000
          30044	     15018	001000b8	00e7a023	sw	x14,0(x15)	 x15:0x00020000 x14:0x00000020 PA:0x00020000 store:0x00000020 load:0x00000000
          30048	     15020	001000bc	00254283	lbu	x5,2(x10)	 x10:0x00101b44  x5=0x00000000 PA:0x00101b46 store:0x00137fa0
          30052	     15022	001000c0	04028863	beq	x5,x0,100110	  x5:0x00000000  x0:0x00000000
          30056	     15024	00100110	00000513	addi	x10,x0,0	  x0:0x00000000 x10=0x00000000
          30060	     15026	00100114	00008067	jalr	x0,0(x1)	  x1:0x00101640  x0=0x00000000
          30064	     15028	00101640	cf4da503	lw	x10,-780(x27)	 x27:0x00102000 x10=0x00000080 PA:0x00101cf4 store:0x00102000
          30066	     15029	00101644	7fa00db7	lui	x27,0x7fa00	 x27=0x7fa00000
          30070	     15031	00101648	ad9fe0ef	jal	x1,100120	  x1=0x0010164c
          30072	     15032	00100120	01c55793	srli	x15,x10,0x1c	 x10:0x00000080 x15=0x00000000
          30074	     15033	00100124	00900713	addi	x14,x0,9	  x0:0x00000000 x14=0x00000009
          30078	     15035	00100128	0cf77a63	bgeu	x14,x15,1001fc	 x14:0x00000009 x15:0x00000000
          30082	     15037	001001fc	03078393	addi	x7,x15,48	 x15:0x00000000  x7=0x00000030
          30084	     15038	00100200	000205b7	lui	x11,0x20	 x11=0x00020000
          30086	     15039	00100204	00451613	slli	x12,x10,0x4	 x10:0x00000080 x12=0x00000800
          30090	     15041	00100208	0075a023	sw	x7,0(x11)	 x11:0x00020000  x7:0x00000030 PA:0x00020000 store:0x00000030 load:0x00000000
          30092	     15042	0010020c	01c65693	srli	x13,x12,0x1c	 x12:0x00000800 x13=0x00000000
          30094	     15043	00100210	00900813	addi	x16,x0,9	  x0:0x00000000 x16=0x00000009
          30096	     15044	00100214	f2d86ae3	bltu	x16,x13,100148	 x16:0x00000009 x13:0x00000000
          30098	     15045	00100218	03068e93	addi	x29,x13,48	 x13:0x00000000 x29=0x00000030
          30100	     15046	0010021c	00020f37	lui	x30,0x20	 x30=0x00020000
          30102	     15047	00100220	00851f93	slli	x31,x10,0x8	 x10:0x00000080 x31=0x00008000
          30106	     15049	00100224	01df2023	sw	x29,0(x30)	 x30:0x00020000 x29:0x00000030 PA:0x00020000 store:0x00000030 load:0x00000000
          30108	     15050	00100228	01cfd793	srli	x15,x31,0x1c	 x31:0x00008000 x15=0x00000000
          30110	     15051	0010022c	00900713	addi	x14,x0,9	  x0:0x00000000 x14=0x00000009
          30112	     15052	00100230	f2f76ae3	bltu	x14,x15,100164	 x14:0x00000009 x15:0x00000000
          30114	     15053	00100234	03078393	addi	x7,x15,48	 x15:0x00000000  x7=0x00000030
          30116	     15054	00100238	000205b7	lui	x11,0x20	 x11=0x00020000
          30118	     15055	0010023c	00c51613	slli	x12,x10,0xc	 x10:0x00000080 x12=0x00080000
          30122	     15057	00100240	0075a023	sw	x7,0(x11)	 x11:0x00020000  x7:0x00000030 PA:0x00020000 store:0x00000030 load:0x00000000
          30124	     15058	00100244	01c65693	srli	x13,x12,0x1c	 x12:0x00080000 x13=0x00000000
          30126	     15059	00100248	00900813	addi	x16,x0,9	  x0:0x00000000 x16=0x00000009
          30128	     15060	0010024c	f2d86ae3	bltu	x16,x13,100180	 x16:0x00000009 x13:0x00000000
          30130	     15061	00100250	03068e93	addi	x29,x13,48	 x13:0x00000000 x29=0x00000030
          30132	     15062	00100254	00020f37	lui	x30,0x20	 x30=0x00020000
          30134	     15063	00100258	01051f93	slli	x31,x10,0x10	 x10:0x00000080 x31=0x00800000
          30138	     15065	0010025c	01df2023	sw	x29,0(x30)	 x30:0x00020000 x29:0x00000030 PA:0x00020000 store:0x00000030 load:0x00000000
          30140	     15066	00100260	01cfd793	srli	x15,x31,0x1c	 x31:0x00800000 x15=0x00000000
          30142	     15067	00100264	00900713	addi	x14,x0,9	  x0:0x00000000 x14=0x00000009
          30144	     15068	00100268	f2f76ae3	bltu	x14,x15,10019c	 x14:0x00000009 x15:0x00000000
          30146	     15069	0010026c	03078393	addi	x7,x15,48	 x15:0x00000000  x7=0x00000030
          30148	     15070	00100270	000205b7	lui	x11,0x20	 x11=0x00020000
          30150	     15071	00100274	01451613	slli	x12,x10,0x14	 x10:0x00000080 x12=0x08000000
          30154	     15073	00100278	0075a023	sw	x7,0(x11)	 x11:0x00020000  x7:0x00000030 PA:0x00020000 store:0x00000030 load:0x00000000
          30156	     15074	0010027c	01c65693	srli	x13,x12,0x1c	 x12:0x08000000 x13=0x00000000
          30158	     15075	00100280	00900813	addi	x16,x0,9	  x0:0x00000000 x16=0x00000009
          30160	     15076	00100284	f2d86ae3	bltu	x16,x13,1001b8	 x16:0x00000009 x13:0x00000000
          30162	     15077	00100288	03068e93	addi	x29,x13,48	 x13:0x00000000 x29=0x00000030
          30164	     15078	0010028c	00020f37	lui	x30,0x20	 x30=0x00020000
          30166	     15079	00100290	01851f93	slli	x31,x10,0x18	 x10:0x00000080 x31=0x80000000
          30170	     15081	00100294	01df2023	sw	x29,0(x30)	 x30:0x00020000 x29:0x00000030 PA:0x00020000 store:0x00000030 load:0x00000000
          30172	     15082	00100298	01cfd793	srli	x15,x31,0x1c	 x31:0x80000000 x15=0x00000008
          30174	     15083	0010029c	00900713	addi	x14,x0,9	  x0:0x00000000 x14=0x00000009
          30176	     15084	001002a0	f2f76ae3	bltu	x14,x15,1001d4	 x14:0x00000009 x15:0x00000008
          30178	     15085	001002a4	03078393	addi	x7,x15,48	 x15:0x00000008  x7=0x00000038
          30180	     15086	001002a8	000205b7	lui	x11,0x20	 x11=0x00020000
          30184	     15088	001002ac	0075a023	sw	x7,0(x11)	 x11:0x00020000  x7:0x00000038 PA:0x00020000 store:0x00000038 load:0x00000000
          30186	     15089	001002b0	00f57513	andi	x10,x10,15	 x10:0x00000080 x10=0x00000000
          30188	     15090	001002b4	00900613	addi	x12,x0,9	  x0:0x00000000 x12=0x00000009
          30192	     15092	001002b8	f2a67ae3	bgeu	x12,x10,1001ec	 x12:0x00000009 x10:0x00000000
          30196	     15094	001001ec	03050893	addi	x17,x10,48	 x10:0x00000000 x17=0x00000030
          30198	     15095	001001f0	00020e37	lui	x28,0x20	 x28=0x00020000
          30202	     15097	001001f4	011e2023	sw	x17,0(x28)	 x28:0x00020000 x17:0x00000030 PA:0x00020000 store:0x00000030 load:0x00000000
          30206	     15099	001001f8	00008067	jalr	x0,0(x1)	  x1:0x0010164c  x0=0x00000000
          30210	     15101	0010164c	cfbd2823	sw	x27,-784(x26)	 x26:0x00102000 x27:0x7fa00000 PA:0x00101cf0 store:0x7fa00000 load:0x00000080
          30220	     15106	00101650	cf0d2683	lw	x13,-784(x26)	 x26:0x00102000 x13=0x7fa00000 PA:0x00101cf0 store:0x00000009
          30222	     15107	00101654	f0068fd3	fmv.w.x	f31,x13	 x13:0x7fa00000 f31=0x00000000
          30224	     15108	00101658	d1faa027	fsw	f31,-768(x21)	 f21:0x00102000 f31:0x80000000 PA:0x00101d00 store:0x7fa00000 load:0x7fa00000
          30226	     15109	0010165c	00102737	lui	x14,0x102	 x14=0x00102000
          30228	     15110	00101660	d00aa007	flw	f0,-768(x21)	 f21:0x00102000  f0=0x00000000 PA:0x00101d00 store:0x00000000
          30230	     15111	00101664	b4870513	addi	x10,x14,-1208	 x14:0x00102000 x10=0x00101b48
          30232	     15112	00101668	e00017d3	fclass.s	x15,f0	  f0:0x00000000 x15=0x00000100
          30234	     15113	0010166c	cefd2823	sw	x15,-784(x26)	 x26:0x00102000 x15:0x00000100 PA:0x00101cf0 store:0x00000100 load:0x7fa00000
          30236	     15114	00101670	a31fe0ef	jal	x1,1000a0	  x1=0x00101674
          30240	     15116	001000a0	00054803	lbu	x16,0(x10)	 x10:0x00101b48 x16=0x0000000a PA:0x00101b48 store:0x00000000
          30242	     15117	001000a4	06080663	beq	x16,x0,100110	 x16:0x0000000a  x0:0x00000000
          30244	     15118	001000a8	000207b7	lui	x15,0x20	 x15=0x00020000
          30248	     15120	001000ac	0107a023	sw	x16,0(x15)	 x15:0x00020000 x16:0x0000000a PA:0x00020000 store:0x0000000a load:0x00000000
          30252	     15122	001000b0	00154703	lbu	x14,1(x10)	 x10:0x00101b48 x14=0x00000020 PA:0x00101b49 store:0x00101674
          30254	     15123	001000b4	04070e63	beq	x14,x0,100110	 x14:0x00000020  x0:0x00000000
          30258	     15125	001000b8	00e7a023	sw	x14,0(x15)	 x15:0x00020000 x14:0x00000020 PA:0x00020000 store:0x00000020 load:0x00000000
          30262	     15127	001000bc	00254283	lbu	x5,2(x10)	 x10:0x00101b48  x5=0x00000045 PA:0x00101b4a store:0x00137fa0
          30264	     15128	001000c0	04028863	beq	x5,x0,100110	  x5:0x00000045  x0:0x00000000
          30268	     15130	001000c4	0057a023	sw	x5,0(x15)	 x15:0x00020000  x5:0x00000045 PA:0x00020000 store:0x00000045 load:0x00000000
          30272	     15132	001000c8	00354303	lbu	x6,3(x10)	 x10:0x00101b48  x6=0x00000078 PA:0x00101b4b store:0x00000000
          30274	     15133	001000cc	04030263	beq	x6,x0,100110	  x6:0x00000078  x0:0x00000000
          30278	     15135	001000d0	0067a023	sw	x6,0(x15)	 x15:0x00020000  x6:0x00000078 PA:0x00020000 store:0x00000078 load:0x00000000
          30282	     15137	001000d4	00454383	lbu	x7,4(x10)	 x10:0x00101b48  x7=0x00000070 PA:0x00101b4c store:0x00000000
          30284	     15138	001000d8	02038c63	beq	x7,x0,100110	  x7:0x00000070  x0:0x00000000
          30288	     15140	001000dc	0077a023	sw	x7,0(x15)	 x15:0x00020000  x7:0x00000070 PA:0x00020000 store:0x00000070 load:0x00000000
          30292	     15142	001000e0	00554583	lbu	x11,5(x10)	 x10:0x00101b48 x11=0x00000065 PA:0x00101b4d store:0x00000045
          30294	     15143	001000e4	02058663	beq	x11,x0,100110	 x11:0x00000065  x0:0x00000000
          30298	     15145	001000e8	00b7a023	sw	x11,0(x15)	 x15:0x00020000 x11:0x00000065 PA:0x00020000 store:0x00000065 load:0x00000000
          30302	     15147	001000ec	00654603	lbu	x12,6(x10)	 x10:0x00101b48 x12=0x00000063 PA:0x00101b4e store:0x00000078
          30304	     15148	001000f0	02060063	beq	x12,x0,100110	 x12:0x00000063  x0:0x00000000
          30308	     15150	001000f4	00c7a023	sw	x12,0(x15)	 x15:0x00020000 x12:0x00000063 PA:0x00020000 store:0x00000063 load:0x00000000
          30312	     15152	001000f8	00754683	lbu	x13,7(x10)	 x10:0x00101b48 x13=0x00000074 PA:0x00101b4f store:0x00000070
          30314	     15153	001000fc	00850513	addi	x10,x10,8	 x10:0x00101b48 x10=0x00101b50
          30316	     15154	00100100	00068863	beq	x13,x0,100110	 x13:0x00000074  x0:0x00000000
          30320	     15156	00100104	00d7a023	sw	x13,0(x15)	 x15:0x00020000 x13:0x00000074 PA:0x00020000 store:0x00000074 load:0x00000000
          30324	     15158	00100108	00054803	lbu	x16,0(x10)	 x10:0x00101b50 x16=0x00000069 PA:0x00101b50 store:0x00000000
          30328	     15160	0010010c	fa0810e3	bne	x16,x0,1000ac	 x16:0x00000069  x0:0x00000000
          30334	     15163	001000ac	0107a023	sw	x16,0(x15)	 x15:0x00020000 x16:0x00000069 PA:0x00020000 store:0x00000069 load:0x00000000
          30338	     15165	001000b0	00154703	lbu	x14,1(x10)	 x10:0x00101b50 x14=0x0000006e PA:0x00101b51 store:0x00101674
          30340	     15166	001000b4	04070e63	beq	x14,x0,100110	 x14:0x0000006e  x0:0x00000000
          30344	     15168	001000b8	00e7a023	sw	x14,0(x15)	 x15:0x00020000 x14:0x0000006e PA:0x00020000 store:0x0000006e load:0x00000000
          30348	     15170	001000bc	00254283	lbu	x5,2(x10)	 x10:0x00101b50  x5=0x00000067 PA:0x00101b52 store:0x00137fa0
          30350	     15171	001000c0	04028863	beq	x5,x0,100110	  x5:0x00000067  x0:0x00000000
          30354	     15173	001000c4	0057a023	sw	x5,0(x15)	 x15:0x00020000  x5:0x00000067 PA:0x00020000 store:0x00000067 load:0x00000000
          30358	     15175	001000c8	00354303	lbu	x6,3(x10)	 x10:0x00101b50  x6=0x00000020 PA:0x00101b53 store:0x00000000
          30360	     15176	001000cc	04030263	beq	x6,x0,100110	  x6:0x00000020  x0:0x00000000
          30364	     15178	001000d0	0067a023	sw	x6,0(x15)	 x15:0x00020000  x6:0x00000020 PA:0x00020000 store:0x00000020 load:0x00000000
          30368	     15180	001000d4	00454383	lbu	x7,4(x10)	 x10:0x00101b50  x7=0x00000030 PA:0x00101b54 store:0x00000000
          30370	     15181	001000d8	02038c63	beq	x7,x0,100110	  x7:0x00000030  x0:0x00000000
          30374	     15183	001000dc	0077a023	sw	x7,0(x15)	 x15:0x00020000  x7:0x00000030 PA:0x00020000 store:0x00000030 load:0x00000000
          30378	     15185	001000e0	00554583	lbu	x11,5(x10)	 x10:0x00101b50 x11=0x00000078 PA:0x00101b55 store:0x00000067
          30380	     15186	001000e4	02058663	beq	x11,x0,100110	 x11:0x00000078  x0:0x00000000
          30384	     15188	001000e8	00b7a023	sw	x11,0(x15)	 x15:0x00020000 x11:0x00000078 PA:0x00020000 store:0x00000078 load:0x00000000
          30388	     15190	001000ec	00654603	lbu	x12,6(x10)	 x10:0x00101b50 x12=0x00000031 PA:0x00101b56 store:0x00000020
          30390	     15191	001000f0	02060063	beq	x12,x0,100110	 x12:0x00000031  x0:0x00000000
          30394	     15193	001000f4	00c7a023	sw	x12,0(x15)	 x15:0x00020000 x12:0x00000031 PA:0x00020000 store:0x00000031 load:0x00000000
          30398	     15195	001000f8	00754683	lbu	x13,7(x10)	 x10:0x00101b50 x13=0x00000030 PA:0x00101b57 store:0x00000030
          30400	     15196	001000fc	00850513	addi	x10,x10,8	 x10:0x00101b50 x10=0x00101b58
          30402	     15197	00100100	00068863	beq	x13,x0,100110	 x13:0x00000030  x0:0x00000000
          30406	     15199	00100104	00d7a023	sw	x13,0(x15)	 x15:0x00020000 x13:0x00000030 PA:0x00020000 store:0x00000030 load:0x00000000
          30410	     15201	00100108	00054803	lbu	x16,0(x10)	 x10:0x00101b58 x16=0x00000030 PA:0x00101b58 store:0x00000000
          30414	     15203	0010010c	fa0810e3	bne	x16,x0,1000ac	 x16:0x00000030  x0:0x00000000
          30420	     15206	001000ac	0107a023	sw	x16,0(x15)	 x15:0x00020000 x16:0x00000030 PA:0x00020000 store:0x00000030 load:0x00000000
          30424	     15208	001000b0	00154703	lbu	x14,1(x10)	 x10:0x00101b58 x14=0x0000003a PA:0x00101b59 store:0x00101674
          30426	     15209	001000b4	04070e63	beq	x14,x0,100110	 x14:0x0000003a  x0:0x00000000
          30430	     15211	001000b8	00e7a023	sw	x14,0(x15)	 x15:0x00020000 x14:0x0000003a PA:0x00020000 store:0x0000003a load:0x00000000
          30434	     15213	001000bc	00254283	lbu	x5,2(x10)	 x10:0x00101b58  x5=0x00000020 PA:0x00101b5a store:0x00137fa0
          30436	     15214	001000c0	04028863	beq	x5,x0,100110	  x5:0x00000020  x0:0x00000000
          30440	     15216	001000c4	0057a023	sw	x5,0(x15)	 x15:0x00020000  x5:0x00000020 PA:0x00020000 store:0x00000020 load:0x00000000
          30444	     15218	001000c8	00354303	lbu	x6,3(x10)	 x10:0x00101b58  x6=0x00000000 PA:0x00101b5b store:0x00000000
          30448	     15220	001000cc	04030263	beq	x6,x0,100110	  x6:0x00000000  x0:0x00000000
          30452	     15222	00100110	00000513	addi	x10,x0,0	  x0:0x00000000 x10=0x00000000
          30456	     15224	00100114	00008067	jalr	x0,0(x1)	  x1:0x00101674  x0=0x00000000
          30460	     15226	00101674	cf0d2503	lw	x10,-784(x26)	 x26:0x00102000 x10=0x00000100 PA:0x00101cf0 store:0x00000030
          30464	     15228	00101678	aa9fe0ef	jal	x1,100120	  x1=0x0010167c
          30466	     15229	00100120	01c55793	srli	x15,x10,0x1c	 x10:0x00000100 x15=0x00000000
          30468	     15230	00100124	00900713	addi	x14,x0,9	  x0:0x00000000 x14=0x00000009
          30472	     15232	00100128	0cf77a63	bgeu	x14,x15,1001fc	 x14:0x00000009 x15:0x00000000
          30476	     15234	001001fc	03078393	addi	x7,x15,48	 x15:0x00000000  x7=0x00000030
          30478	     15235	00100200	000205b7	lui	x11,0x20	 x11=0x00020000
          30480	     15236	00100204	00451613	slli	x12,x10,0x4	 x10:0x00000100 x12=0x00001000
          30484	     15238	00100208	0075a023	sw	x7,0(x11)	 x11:0x00020000  x7:0x00000030 PA:0x00020000 store:0x00000030 load:0x00000000
          30486	     15239	0010020c	01c65693	srli	x13,x12,0x1c	 x12:0x00001000 x13=0x00000000
          30488	     15240	00100210	00900813	addi	x16,x0,9	  x0:0x00000000 x16=0x00000009
          30490	     15241	00100214	f2d86ae3	bltu	x16,x13,100148	 x16:0x00000009 x13:0x00000000
          30492	     15242	00100218	03068e93	addi	x29,x13,48	 x13:0x00000000 x29=0x00000030
          30494	     15243	0010021c	00020f37	lui	x30,0x20	 x30=0x00020000
          30496	     15244	00100220	00851f93	slli	x31,x10,0x8	 x10:0x00000100 x31=0x00010000
          30500	     15246	00100224	01df2023	sw	x29,0(x30)	 x30:0x00020000 x29:0x00000030 PA:0x00020000 store:0x00000030 load:0x00000000
          30502	     15247	00100228	01cfd793	srli	x15,x31,0x1c	 x31:0x00010000 x15=0x00000000
          30504	     15248	0010022c	00900713	addi	x14,x0,9	  x0:0x00000000 x14=0x00000009
          30506	     15249	00100230	f2f76ae3	bltu	x14,x15,100164	 x14:0x00000009 x15:0x00000000
          30508	     15250	00100234	03078393	addi	x7,x15,48	 x15:0x00000000  x7=0x00000030
          30510	     15251	00100238	000205b7	lui	x11,0x20	 x11=0x00020000
          30512	     15252	0010023c	00c51613	slli	x12,x10,0xc	 x10:0x00000100 x12=0x00100000
          30516	     15254	00100240	0075a023	sw	x7,0(x11)	 x11:0x00020000  x7:0x00000030 PA:0x00020000 store:0x00000030 load:0x00000000
          30518	     15255	00100244	01c65693	srli	x13,x12,0x1c	 x12:0x00100000 x13=0x00000000
          30520	     15256	00100248	00900813	addi	x16,x0,9	  x0:0x00000000 x16=0x00000009
          30522	     15257	0010024c	f2d86ae3	bltu	x16,x13,100180	 x16:0x00000009 x13:0x00000000
          30524	     15258	00100250	03068e93	addi	x29,x13,48	 x13:0x00000000 x29=0x00000030
          30526	     15259	00100254	00020f37	lui	x30,0x20	 x30=0x00020000
          30528	     15260	00100258	01051f93	slli	x31,x10,0x10	 x10:0x00000100 x31=0x01000000
          30532	     15262	0010025c	01df2023	sw	x29,0(x30)	 x30:0x00020000 x29:0x00000030 PA:0x00020000 store:0x00000030 load:0x00000000
          30534	     15263	00100260	01cfd793	srli	x15,x31,0x1c	 x31:0x01000000 x15=0x00000000
          30536	     15264	00100264	00900713	addi	x14,x0,9	  x0:0x00000000 x14=0x00000009
          30538	     15265	00100268	f2f76ae3	bltu	x14,x15,10019c	 x14:0x00000009 x15:0x00000000
          30540	     15266	0010026c	03078393	addi	x7,x15,48	 x15:0x00000000  x7=0x00000030
          30542	     15267	00100270	000205b7	lui	x11,0x20	 x11=0x00020000
          30544	     15268	00100274	01451613	slli	x12,x10,0x14	 x10:0x00000100 x12=0x10000000
          30548	     15270	00100278	0075a023	sw	x7,0(x11)	 x11:0x00020000  x7:0x00000030 PA:0x00020000 store:0x00000030 load:0x00000000
          30550	     15271	0010027c	01c65693	srli	x13,x12,0x1c	 x12:0x10000000 x13=0x00000001
          30552	     15272	00100280	00900813	addi	x16,x0,9	  x0:0x00000000 x16=0x00000009
          30554	     15273	00100284	f2d86ae3	bltu	x16,x13,1001b8	 x16:0x00000009 x13:0x00000001
          30556	     15274	00100288	03068e93	addi	x29,x13,48	 x13:0x00000001 x29=0x00000031
          30558	     15275	0010028c	00020f37	lui	x30,0x20	 x30=0x00020000
          30560	     15276	00100290	01851f93	slli	x31,x10,0x18	 x10:0x00000100 x31=0x00000000
          30564	     15278	00100294	01df2023	sw	x29,0(x30)	 x30:0x00020000 x29:0x00000031 PA:0x00020000 store:0x00000031 load:0x00000000
          30566	     15279	00100298	01cfd793	srli	x15,x31,0x1c	 x31:0x00000000 x15=0x00000000
          30568	     15280	0010029c	00900713	addi	x14,x0,9	  x0:0x00000000 x14=0x00000009
          30570	     15281	001002a0	f2f76ae3	bltu	x14,x15,1001d4	 x14:0x00000009 x15:0x00000000
          30572	     15282	001002a4	03078393	addi	x7,x15,48	 x15:0x00000000  x7=0x00000030
          30574	     15283	001002a8	000205b7	lui	x11,0x20	 x11=0x00020000
          30578	     15285	001002ac	0075a023	sw	x7,0(x11)	 x11:0x00020000  x7:0x00000030 PA:0x00020000 store:0x00000030 load:0x00000000
          30580	     15286	001002b0	00f57513	andi	x10,x10,15	 x10:0x00000100 x10=0x00000000
          30582	     15287	001002b4	00900613	addi	x12,x0,9	  x0:0x00000000 x12=0x00000009
          30586	     15289	001002b8	f2a67ae3	bgeu	x12,x10,1001ec	 x12:0x00000009 x10:0x00000000
          30590	     15291	001001ec	03050893	addi	x17,x10,48	 x10:0x00000000 x17=0x00000030
          30592	     15292	001001f0	00020e37	lui	x28,0x20	 x28=0x00020000
          30596	     15294	001001f4	011e2023	sw	x17,0(x28)	 x28:0x00020000 x17:0x00000030 PA:0x00020000 store:0x00000030 load:0x00000000
          30600	     15296	001001f8	00008067	jalr	x0,0(x1)	  x1:0x0010167c  x0=0x00000000
          30602	     15297	0010167c	001022b7	lui	x5,0x102	  x5=0x00102000
          30606	     15299	00101680	cfba2c23	sw	x27,-776(x20)	 x20:0x00102000 x27:0x7fa00000 PA:0x00101cf8 store:0x7fa00000 load:0x00000100
          30616	     15304	00101684	cf8a2d03	lw	x26,-776(x20)	 x20:0x00102000 x26=0x7fa00000 PA:0x00101cf8 store:0x00102000
          30618	     15305	00101688	f00d00d3	fmv.w.x	f1,x26	 x26:0x7fa00000  f1=0x00000000
          30620	     15306	0010168c	ce12ae27	fsw	f1,-772(x5)	  f5:0x00102000  f1:0x0010167c PA:0x00101cfc store:0x7fa00000 load:0x7fa00000
          30622	     15307	00101690	cfc2a107	flw	f2,-772(x5)	  f5:0x00102000  f2=0x00000000 PA:0x00101cfc store:0x4019999a
          30626	     15309	00101694	00102537	lui	x10,0x102	 x10=0x00102000
          30628	     15310	00101698	b5c50513	addi	x10,x10,-1188	 x10:0x00102000 x10=0x00101b5c
          30630	     15311	0010169c	e00114d3	fclass.s	x9,f2	  f2:0x00137fa0  x9=0x00000100
          30632	     15312	001016a0	ce9a2c23	sw	x9,-776(x20)	 x20:0x00102000  x9:0x00000100 PA:0x00101cf8 store:0x00000100 load:0x7fa00000
          30634	     15313	001016a4	9fdfe0ef	jal	x1,1000a0	  x1=0x001016a8
          30636	     15314	001000a0	00054803	lbu	x16,0(x10)	 x10:0x00101b5c x16=0x0000000a PA:0x00101b5c store:0x00000000
          30638	     15315	001000a4	06080663	beq	x16,x0,100110	 x16:0x0000000a  x0:0x00000000
          30640	     15316	001000a8	000207b7	lui	x15,0x20	 x15=0x00020000
          30644	     15318	001000ac	0107a023	sw	x16,0(x15)	 x15:0x00020000 x16:0x0000000a PA:0x00020000 store:0x0000000a load:0x00000000
          30648	     15320	001000b0	00154703	lbu	x14,1(x10)	 x10:0x00101b5c x14=0x00000020 PA:0x00101b5d store:0x001016a8
          30650	     15321	001000b4	04070e63	beq	x14,x0,100110	 x14:0x00000020  x0:0x00000000
          30654	     15323	001000b8	00e7a023	sw	x14,0(x15)	 x15:0x00020000 x14:0x00000020 PA:0x00020000 store:0x00000020 load:0x00000000
          30658	     15325	001000bc	00254283	lbu	x5,2(x10)	 x10:0x00101b5c  x5=0x00000045 PA:0x00101b5e store:0x00137fa0
          30660	     15326	001000c0	04028863	beq	x5,x0,100110	  x5:0x00000045  x0:0x00000000
          30664	     15328	001000c4	0057a023	sw	x5,0(x15)	 x15:0x00020000  x5:0x00000045 PA:0x00020000 store:0x00000045 load:0x00000000
          30668	     15330	001000c8	00354303	lbu	x6,3(x10)	 x10:0x00101b5c  x6=0x00000078 PA:0x00101b5f store:0x00000000
          30670	     15331	001000cc	04030263	beq	x6,x0,100110	  x6:0x00000078  x0:0x00000000
          30674	     15333	001000d0	0067a023	sw	x6,0(x15)	 x15:0x00020000  x6:0x00000078 PA:0x00020000 store:0x00000078 load:0x00000000
          30678	     15335	001000d4	00454383	lbu	x7,4(x10)	 x10:0x00101b5c  x7=0x00000070 PA:0x00101b60 store:0x00000000
          30680	     15336	001000d8	02038c63	beq	x7,x0,100110	  x7:0x00000070  x0:0x00000000
          30684	     15338	001000dc	0077a023	sw	x7,0(x15)	 x15:0x00020000  x7:0x00000070 PA:0x00020000 store:0x00000070 load:0x00000000
          30688	     15340	001000e0	00554583	lbu	x11,5(x10)	 x10:0x00101b5c x11=0x00000065 PA:0x00101b61 store:0x00000045
          30690	     15341	001000e4	02058663	beq	x11,x0,100110	 x11:0x00000065  x0:0x00000000
          30694	     15343	001000e8	00b7a023	sw	x11,0(x15)	 x15:0x00020000 x11:0x00000065 PA:0x00020000 store:0x00000065 load:0x00000000
          30698	     15345	001000ec	00654603	lbu	x12,6(x10)	 x10:0x00101b5c x12=0x00000063 PA:0x00101b62 store:0x00000078
          30700	     15346	001000f0	02060063	beq	x12,x0,100110	 x12:0x00000063  x0:0x00000000
          30704	     15348	001000f4	00c7a023	sw	x12,0(x15)	 x15:0x00020000 x12:0x00000063 PA:0x00020000 store:0x00000063 load:0x00000000
          30708	     15350	001000f8	00754683	lbu	x13,7(x10)	 x10:0x00101b5c x13=0x00000074 PA:0x00101b63 store:0x00000070
          30710	     15351	001000fc	00850513	addi	x10,x10,8	 x10:0x00101b5c x10=0x00101b64
          30712	     15352	00100100	00068863	beq	x13,x0,100110	 x13:0x00000074  x0:0x00000000
          30716	     15354	00100104	00d7a023	sw	x13,0(x15)	 x15:0x00020000 x13:0x00000074 PA:0x00020000 store:0x00000074 load:0x00000000
          30720	     15356	00100108	00054803	lbu	x16,0(x10)	 x10:0x00101b64 x16=0x00000069 PA:0x00101b64 store:0x00000000
          30724	     15358	0010010c	fa0810e3	bne	x16,x0,1000ac	 x16:0x00000069  x0:0x00000000
          30730	     15361	001000ac	0107a023	sw	x16,0(x15)	 x15:0x00020000 x16:0x00000069 PA:0x00020000 store:0x00000069 load:0x00000000
          30734	     15363	001000b0	00154703	lbu	x14,1(x10)	 x10:0x00101b64 x14=0x0000006e PA:0x00101b65 store:0x001016a8
          30736	     15364	001000b4	04070e63	beq	x14,x0,100110	 x14:0x0000006e  x0:0x00000000
          30740	     15366	001000b8	00e7a023	sw	x14,0(x15)	 x15:0x00020000 x14:0x0000006e PA:0x00020000 store:0x0000006e load:0x00000000
          30744	     15368	001000bc	00254283	lbu	x5,2(x10)	 x10:0x00101b64  x5=0x00000067 PA:0x00101b66 store:0x00137fa0
          30746	     15369	001000c0	04028863	beq	x5,x0,100110	  x5:0x00000067  x0:0x00000000
          30750	     15371	001000c4	0057a023	sw	x5,0(x15)	 x15:0x00020000  x5:0x00000067 PA:0x00020000 store:0x00000067 load:0x00000000
          30754	     15373	001000c8	00354303	lbu	x6,3(x10)	 x10:0x00101b64  x6=0x00000020 PA:0x00101b67 store:0x00000000
          30756	     15374	001000cc	04030263	beq	x6,x0,100110	  x6:0x00000020  x0:0x00000000
          30760	     15376	001000d0	0067a023	sw	x6,0(x15)	 x15:0x00020000  x6:0x00000020 PA:0x00020000 store:0x00000020 load:0x00000000
          30764	     15378	001000d4	00454383	lbu	x7,4(x10)	 x10:0x00101b64  x7=0x00000030 PA:0x00101b68 store:0x00000000
          30766	     15379	001000d8	02038c63	beq	x7,x0,100110	  x7:0x00000030  x0:0x00000000
          30770	     15381	001000dc	0077a023	sw	x7,0(x15)	 x15:0x00020000  x7:0x00000030 PA:0x00020000 store:0x00000030 load:0x00000000
          30774	     15383	001000e0	00554583	lbu	x11,5(x10)	 x10:0x00101b64 x11=0x00000078 PA:0x00101b69 store:0x00000067
          30776	     15384	001000e4	02058663	beq	x11,x0,100110	 x11:0x00000078  x0:0x00000000
          30780	     15386	001000e8	00b7a023	sw	x11,0(x15)	 x15:0x00020000 x11:0x00000078 PA:0x00020000 store:0x00000078 load:0x00000000
          30784	     15388	001000ec	00654603	lbu	x12,6(x10)	 x10:0x00101b64 x12=0x00000032 PA:0x00101b6a store:0x00000020
          30786	     15389	001000f0	02060063	beq	x12,x0,100110	 x12:0x00000032  x0:0x00000000
          30790	     15391	001000f4	00c7a023	sw	x12,0(x15)	 x15:0x00020000 x12:0x00000032 PA:0x00020000 store:0x00000032 load:0x00000000
          30794	     15393	001000f8	00754683	lbu	x13,7(x10)	 x10:0x00101b64 x13=0x00000030 PA:0x00101b6b store:0x00000030
          30796	     15394	001000fc	00850513	addi	x10,x10,8	 x10:0x00101b64 x10=0x00101b6c
          30798	     15395	00100100	00068863	beq	x13,x0,100110	 x13:0x00000030  x0:0x00000000
          30802	     15397	00100104	00d7a023	sw	x13,0(x15)	 x15:0x00020000 x13:0x00000030 PA:0x00020000 store:0x00000030 load:0x00000000
          30806	     15399	00100108	00054803	lbu	x16,0(x10)	 x10:0x00101b6c x16=0x00000030 PA:0x00101b6c store:0x00000000
          30810	     15401	0010010c	fa0810e3	bne	x16,x0,1000ac	 x16:0x00000030  x0:0x00000000
          30816	     15404	001000ac	0107a023	sw	x16,0(x15)	 x15:0x00020000 x16:0x00000030 PA:0x00020000 store:0x00000030 load:0x00000000
          30820	     15406	001000b0	00154703	lbu	x14,1(x10)	 x10:0x00101b6c x14=0x0000003a PA:0x00101b6d store:0x001016a8
          30822	     15407	001000b4	04070e63	beq	x14,x0,100110	 x14:0x0000003a  x0:0x00000000
          30826	     15409	001000b8	00e7a023	sw	x14,0(x15)	 x15:0x00020000 x14:0x0000003a PA:0x00020000 store:0x0000003a load:0x00000000
          30830	     15411	001000bc	00254283	lbu	x5,2(x10)	 x10:0x00101b6c  x5=0x00000020 PA:0x00101b6e store:0x00137fa0
          30832	     15412	001000c0	04028863	beq	x5,x0,100110	  x5:0x00000020  x0:0x00000000
          30836	     15414	001000c4	0057a023	sw	x5,0(x15)	 x15:0x00020000  x5:0x00000020 PA:0x00020000 store:0x00000020 load:0x00000000
          30840	     15416	001000c8	00354303	lbu	x6,3(x10)	 x10:0x00101b6c  x6=0x00000000 PA:0x00101b6f store:0x00000000
          30844	     15418	001000cc	04030263	beq	x6,x0,100110	  x6:0x00000000  x0:0x00000000
          30848	     15420	00100110	00000513	addi	x10,x0,0	  x0:0x00000000 x10=0x00000000
          30852	     15422	00100114	00008067	jalr	x0,0(x1)	  x1:0x001016a8  x0=0x00000000
          30856	     15424	001016a8	cf8a2503	lw	x10,-776(x20)	 x20:0x00102000 x10=0x00000100 PA:0x00101cf8 store:0x00102000
          30860	     15426	001016ac	a75fe0ef	jal	x1,100120	  x1=0x001016b0
          30862	     15427	00100120	01c55793	srli	x15,x10,0x1c	 x10:0x00000100 x15=0x00000000
          30864	     15428	00100124	00900713	addi	x14,x0,9	  x0:0x00000000 x14=0x00000009
          30868	     15430	00100128	0cf77a63	bgeu	x14,x15,1001fc	 x14:0x00000009 x15:0x00000000
          30872	     15432	001001fc	03078393	addi	x7,x15,48	 x15:0x00000000  x7=0x00000030
          30874	     15433	00100200	000205b7	lui	x11,0x20	 x11=0x00020000
          30876	     15434	00100204	00451613	slli	x12,x10,0x4	 x10:0x00000100 x12=0x00001000
          30880	     15436	00100208	0075a023	sw	x7,0(x11)	 x11:0x00020000  x7:0x00000030 PA:0x00020000 store:0x00000030 load:0x00000000
          30882	     15437	0010020c	01c65693	srli	x13,x12,0x1c	 x12:0x00001000 x13=0x00000000
          30884	     15438	00100210	00900813	addi	x16,x0,9	  x0:0x00000000 x16=0x00000009
          30886	     15439	00100214	f2d86ae3	bltu	x16,x13,100148	 x16:0x00000009 x13:0x00000000
          30888	     15440	00100218	03068e93	addi	x29,x13,48	 x13:0x00000000 x29=0x00000030
          30890	     15441	0010021c	00020f37	lui	x30,0x20	 x30=0x00020000
          30892	     15442	00100220	00851f93	slli	x31,x10,0x8	 x10:0x00000100 x31=0x00010000
          30896	     15444	00100224	01df2023	sw	x29,0(x30)	 x30:0x00020000 x29:0x00000030 PA:0x00020000 store:0x00000030 load:0x00000000
          30898	     15445	00100228	01cfd793	srli	x15,x31,0x1c	 x31:0x00010000 x15=0x00000000
          30900	     15446	0010022c	00900713	addi	x14,x0,9	  x0:0x00000000 x14=0x00000009
          30902	     15447	00100230	f2f76ae3	bltu	x14,x15,100164	 x14:0x00000009 x15:0x00000000
          30904	     15448	00100234	03078393	addi	x7,x15,48	 x15:0x00000000  x7=0x00000030
          30906	     15449	00100238	000205b7	lui	x11,0x20	 x11=0x00020000
          30908	     15450	0010023c	00c51613	slli	x12,x10,0xc	 x10:0x00000100 x12=0x00100000
          30912	     15452	00100240	0075a023	sw	x7,0(x11)	 x11:0x00020000  x7:0x00000030 PA:0x00020000 store:0x00000030 load:0x00000000
          30914	     15453	00100244	01c65693	srli	x13,x12,0x1c	 x12:0x00100000 x13=0x00000000
          30916	     15454	00100248	00900813	addi	x16,x0,9	  x0:0x00000000 x16=0x00000009
          30918	     15455	0010024c	f2d86ae3	bltu	x16,x13,100180	 x16:0x00000009 x13:0x00000000
          30920	     15456	00100250	03068e93	addi	x29,x13,48	 x13:0x00000000 x29=0x00000030
          30922	     15457	00100254	00020f37	lui	x30,0x20	 x30=0x00020000
          30924	     15458	00100258	01051f93	slli	x31,x10,0x10	 x10:0x00000100 x31=0x01000000
          30928	     15460	0010025c	01df2023	sw	x29,0(x30)	 x30:0x00020000 x29:0x00000030 PA:0x00020000 store:0x00000030 load:0x00000000
          30930	     15461	00100260	01cfd793	srli	x15,x31,0x1c	 x31:0x01000000 x15=0x00000000
          30932	     15462	00100264	00900713	addi	x14,x0,9	  x0:0x00000000 x14=0x00000009
          30934	     15463	00100268	f2f76ae3	bltu	x14,x15,10019c	 x14:0x00000009 x15:0x00000000
          30936	     15464	0010026c	03078393	addi	x7,x15,48	 x15:0x00000000  x7=0x00000030
          30938	     15465	00100270	000205b7	lui	x11,0x20	 x11=0x00020000
          30940	     15466	00100274	01451613	slli	x12,x10,0x14	 x10:0x00000100 x12=0x10000000
          30944	     15468	00100278	0075a023	sw	x7,0(x11)	 x11:0x00020000  x7:0x00000030 PA:0x00020000 store:0x00000030 load:0x00000000
          30946	     15469	0010027c	01c65693	srli	x13,x12,0x1c	 x12:0x10000000 x13=0x00000001
          30948	     15470	00100280	00900813	addi	x16,x0,9	  x0:0x00000000 x16=0x00000009
          30950	     15471	00100284	f2d86ae3	bltu	x16,x13,1001b8	 x16:0x00000009 x13:0x00000001
          30952	     15472	00100288	03068e93	addi	x29,x13,48	 x13:0x00000001 x29=0x00000031
          30954	     15473	0010028c	00020f37	lui	x30,0x20	 x30=0x00020000
          30956	     15474	00100290	01851f93	slli	x31,x10,0x18	 x10:0x00000100 x31=0x00000000
          30960	     15476	00100294	01df2023	sw	x29,0(x30)	 x30:0x00020000 x29:0x00000031 PA:0x00020000 store:0x00000031 load:0x00000000
          30962	     15477	00100298	01cfd793	srli	x15,x31,0x1c	 x31:0x00000000 x15=0x00000000
          30964	     15478	0010029c	00900713	addi	x14,x0,9	  x0:0x00000000 x14=0x00000009
          30966	     15479	001002a0	f2f76ae3	bltu	x14,x15,1001d4	 x14:0x00000009 x15:0x00000000
          30968	     15480	001002a4	03078393	addi	x7,x15,48	 x15:0x00000000  x7=0x00000030
          30970	     15481	001002a8	000205b7	lui	x11,0x20	 x11=0x00020000
          30974	     15483	001002ac	0075a023	sw	x7,0(x11)	 x11:0x00020000  x7:0x00000030 PA:0x00020000 store:0x00000030 load:0x00000000
          30976	     15484	001002b0	00f57513	andi	x10,x10,15	 x10:0x00000100 x10=0x00000000
          30978	     15485	001002b4	00900613	addi	x12,x0,9	  x0:0x00000000 x12=0x00000009
          30982	     15487	001002b8	f2a67ae3	bgeu	x12,x10,1001ec	 x12:0x00000009 x10:0x00000000
          30986	     15489	001001ec	03050893	addi	x17,x10,48	 x10:0x00000000 x17=0x00000030
          30988	     15490	001001f0	00020e37	lui	x28,0x20	 x28=0x00020000
          30992	     15492	001001f4	011e2023	sw	x17,0(x28)	 x28:0x00020000 x17:0x00000030 PA:0x00020000 store:0x00000030 load:0x00000000
          30996	     15494	001001f8	00008067	jalr	x0,0(x1)	  x1:0x001016b0  x0=0x00000000
          30998	     15495	001016b0	00102337	lui	x6,0x102	  x6=0x00102000
          31000	     15496	001016b4	b7030513	addi	x10,x6,-1168	  x6:0x00102000 x10=0x00101b70
          31004	     15498	001016b8	9e9fe0ef	jal	x1,1000a0	  x1=0x001016bc
          31008	     15500	001000a0	00054803	lbu	x16,0(x10)	 x10:0x00101b70 x16=0x0000000a PA:0x00101b70 store:0x00000000
          31010	     15501	001000a4	06080663	beq	x16,x0,100110	 x16:0x0000000a  x0:0x00000000
          31012	     15502	001000a8	000207b7	lui	x15,0x20	 x15=0x00020000
          31016	     15504	001000ac	0107a023	sw	x16,0(x15)	 x15:0x00020000 x16:0x0000000a PA:0x00020000 store:0x0000000a load:0x00000000
          31020	     15506	001000b0	00154703	lbu	x14,1(x10)	 x10:0x00101b70 x14=0x0000000a PA:0x00101b71 store:0x001016bc
          31022	     15507	001000b4	04070e63	beq	x14,x0,100110	 x14:0x0000000a  x0:0x00000000
          31026	     15509	001000b8	00e7a023	sw	x14,0(x15)	 x15:0x00020000 x14:0x0000000a PA:0x00020000 store:0x0000000a load:0x00000000
          31030	     15511	001000bc	00254283	lbu	x5,2(x10)	 x10:0x00101b70  x5=0x00000054 PA:0x00101b72 store:0x00137fa0
          31032	     15512	001000c0	04028863	beq	x5,x0,100110	  x5:0x00000054  x0:0x00000000
          31036	     15514	001000c4	0057a023	sw	x5,0(x15)	 x15:0x00020000  x5:0x00000054 PA:0x00020000 store:0x00000054 load:0x00000000
          31040	     15516	001000c8	00354303	lbu	x6,3(x10)	 x10:0x00101b70  x6=0x00000065 PA:0x00101b73 store:0x00000000
          31042	     15517	001000cc	04030263	beq	x6,x0,100110	  x6:0x00000065  x0:0x00000000
          31046	     15519	001000d0	0067a023	sw	x6,0(x15)	 x15:0x00020000  x6:0x00000065 PA:0x00020000 store:0x00000065 load:0x00000000
          31050	     15521	001000d4	00454383	lbu	x7,4(x10)	 x10:0x00101b70  x7=0x00000073 PA:0x00101b74 store:0x00000000
          31052	     15522	001000d8	02038c63	beq	x7,x0,100110	  x7:0x00000073  x0:0x00000000
          31056	     15524	001000dc	0077a023	sw	x7,0(x15)	 x15:0x00020000  x7:0x00000073 PA:0x00020000 store:0x00000073 load:0x00000000
          31060	     15526	001000e0	00554583	lbu	x11,5(x10)	 x10:0x00101b70 x11=0x00000074 PA:0x00101b75 store:0x00000054
          31062	     15527	001000e4	02058663	beq	x11,x0,100110	 x11:0x00000074  x0:0x00000000
          31066	     15529	001000e8	00b7a023	sw	x11,0(x15)	 x15:0x00020000 x11:0x00000074 PA:0x00020000 store:0x00000074 load:0x00000000
          31070	     15531	001000ec	00654603	lbu	x12,6(x10)	 x10:0x00101b70 x12=0x00000069 PA:0x00101b76 store:0x00000065
          31072	     15532	001000f0	02060063	beq	x12,x0,100110	 x12:0x00000069  x0:0x00000000
          31076	     15534	001000f4	00c7a023	sw	x12,0(x15)	 x15:0x00020000 x12:0x00000069 PA:0x00020000 store:0x00000069 load:0x00000000
          31080	     15536	001000f8	00754683	lbu	x13,7(x10)	 x10:0x00101b70 x13=0x0000006e PA:0x00101b77 store:0x00000073
          31082	     15537	001000fc	00850513	addi	x10,x10,8	 x10:0x00101b70 x10=0x00101b78
          31084	     15538	00100100	00068863	beq	x13,x0,100110	 x13:0x0000006e  x0:0x00000000
          31088	     15540	00100104	00d7a023	sw	x13,0(x15)	 x15:0x00020000 x13:0x0000006e PA:0x00020000 store:0x0000006e load:0x00000000
          31092	     15542	00100108	00054803	lbu	x16,0(x10)	 x10:0x00101b78 x16=0x00000067 PA:0x00101b78 store:0x00000000
          31096	     15544	0010010c	fa0810e3	bne	x16,x0,1000ac	 x16:0x00000067  x0:0x00000000
          31102	     15547	001000ac	0107a023	sw	x16,0(x15)	 x15:0x00020000 x16:0x00000067 PA:0x00020000 store:0x00000067 load:0x00000000
          31106	     15549	001000b0	00154703	lbu	x14,1(x10)	 x10:0x00101b78 x14=0x00000020 PA:0x00101b79 store:0x001016bc
          31108	     15550	001000b4	04070e63	beq	x14,x0,100110	 x14:0x00000020  x0:0x00000000
          31112	     15552	001000b8	00e7a023	sw	x14,0(x15)	 x15:0x00020000 x14:0x00000020 PA:0x00020000 store:0x00000020 load:0x00000000
          31116	     15554	001000bc	00254283	lbu	x5,2(x10)	 x10:0x00101b78  x5=0x0000004d PA:0x00101b7a store:0x00137fa0
          31118	     15555	001000c0	04028863	beq	x5,x0,100110	  x5:0x0000004d  x0:0x00000000
          31122	     15557	001000c4	0057a023	sw	x5,0(x15)	 x15:0x00020000  x5:0x0000004d PA:0x00020000 store:0x0000004d load:0x00000000
          31126	     15559	001000c8	00354303	lbu	x6,3(x10)	 x10:0x00101b78  x6=0x00000049 PA:0x00101b7b store:0x00000000
          31128	     15560	001000cc	04030263	beq	x6,x0,100110	  x6:0x00000049  x0:0x00000000
          31132	     15562	001000d0	0067a023	sw	x6,0(x15)	 x15:0x00020000  x6:0x00000049 PA:0x00020000 store:0x00000049 load:0x00000000
          31136	     15564	001000d4	00454383	lbu	x7,4(x10)	 x10:0x00101b78  x7=0x0000004e PA:0x00101b7c store:0x00000000
          31138	     15565	001000d8	02038c63	beq	x7,x0,100110	  x7:0x0000004e  x0:0x00000000
          31142	     15567	001000dc	0077a023	sw	x7,0(x15)	 x15:0x00020000  x7:0x0000004e PA:0x00020000 store:0x0000004e load:0x00000000
          31146	     15569	001000e0	00554583	lbu	x11,5(x10)	 x10:0x00101b78 x11=0x00000020 PA:0x00101b7d store:0x0000004d
          31148	     15570	001000e4	02058663	beq	x11,x0,100110	 x11:0x00000020  x0:0x00000000
          31152	     15572	001000e8	00b7a023	sw	x11,0(x15)	 x15:0x00020000 x11:0x00000020 PA:0x00020000 store:0x00000020 load:0x00000000
          31156	     15574	001000ec	00654603	lbu	x12,6(x10)	 x10:0x00101b78 x12=0x00000069 PA:0x00101b7e store:0x00000049
          31158	     15575	001000f0	02060063	beq	x12,x0,100110	 x12:0x00000069  x0:0x00000000
          31162	     15577	001000f4	00c7a023	sw	x12,0(x15)	 x15:0x00020000 x12:0x00000069 PA:0x00020000 store:0x00000069 load:0x00000000
          31166	     15579	001000f8	00754683	lbu	x13,7(x10)	 x10:0x00101b78 x13=0x0000006e PA:0x00101b7f store:0x0000004e
          31168	     15580	001000fc	00850513	addi	x10,x10,8	 x10:0x00101b78 x10=0x00101b80
          31170	     15581	00100100	00068863	beq	x13,x0,100110	 x13:0x0000006e  x0:0x00000000
          31174	     15583	00100104	00d7a023	sw	x13,0(x15)	 x15:0x00020000 x13:0x0000006e PA:0x00020000 store:0x0000006e load:0x00000000
          31178	     15585	00100108	00054803	lbu	x16,0(x10)	 x10:0x00101b80 x16=0x00000073 PA:0x00101b80 store:0x00000000
          31182	     15587	0010010c	fa0810e3	bne	x16,x0,1000ac	 x16:0x00000073  x0:0x00000000
          31188	     15590	001000ac	0107a023	sw	x16,0(x15)	 x15:0x00020000 x16:0x00000073 PA:0x00020000 store:0x00000073 load:0x00000000
          31192	     15592	001000b0	00154703	lbu	x14,1(x10)	 x10:0x00101b80 x14=0x00000074 PA:0x00101b81 store:0x001016bc
          31194	     15593	001000b4	04070e63	beq	x14,x0,100110	 x14:0x00000074  x0:0x00000000
          31198	     15595	001000b8	00e7a023	sw	x14,0(x15)	 x15:0x00020000 x14:0x00000074 PA:0x00020000 store:0x00000074 load:0x00000000
          31202	     15597	001000bc	00254283	lbu	x5,2(x10)	 x10:0x00101b80  x5=0x00000072 PA:0x00101b82 store:0x00137fa0
          31204	     15598	001000c0	04028863	beq	x5,x0,100110	  x5:0x00000072  x0:0x00000000
          31208	     15600	001000c4	0057a023	sw	x5,0(x15)	 x15:0x00020000  x5:0x00000072 PA:0x00020000 store:0x00000072 load:0x00000000
          31212	     15602	001000c8	00354303	lbu	x6,3(x10)	 x10:0x00101b80  x6=0x00000075 PA:0x00101b83 store:0x00000000
          31214	     15603	001000cc	04030263	beq	x6,x0,100110	  x6:0x00000075  x0:0x00000000
          31218	     15605	001000d0	0067a023	sw	x6,0(x15)	 x15:0x00020000  x6:0x00000075 PA:0x00020000 store:0x00000075 load:0x00000000
          31222	     15607	001000d4	00454383	lbu	x7,4(x10)	 x10:0x00101b80  x7=0x00000063 PA:0x00101b84 store:0x00000000
          31224	     15608	001000d8	02038c63	beq	x7,x0,100110	  x7:0x00000063  x0:0x00000000
          31228	     15610	001000dc	0077a023	sw	x7,0(x15)	 x15:0x00020000  x7:0x00000063 PA:0x00020000 store:0x00000063 load:0x00000000
          31232	     15612	001000e0	00554583	lbu	x11,5(x10)	 x10:0x00101b80 x11=0x00000074 PA:0x00101b85 store:0x00000072
          31234	     15613	001000e4	02058663	beq	x11,x0,100110	 x11:0x00000074  x0:0x00000000
          31238	     15615	001000e8	00b7a023	sw	x11,0(x15)	 x15:0x00020000 x11:0x00000074 PA:0x00020000 store:0x00000074 load:0x00000000
          31242	     15617	001000ec	00654603	lbu	x12,6(x10)	 x10:0x00101b80 x12=0x00000069 PA:0x00101b86 store:0x00000075
          31244	     15618	001000f0	02060063	beq	x12,x0,100110	 x12:0x00000069  x0:0x00000000
          31248	     15620	001000f4	00c7a023	sw	x12,0(x15)	 x15:0x00020000 x12:0x00000069 PA:0x00020000 store:0x00000069 load:0x00000000
          31252	     15622	001000f8	00754683	lbu	x13,7(x10)	 x10:0x00101b80 x13=0x0000006f PA:0x00101b87 store:0x00000063
          31254	     15623	001000fc	00850513	addi	x10,x10,8	 x10:0x00101b80 x10=0x00101b88
          31256	     15624	00100100	00068863	beq	x13,x0,100110	 x13:0x0000006f  x0:0x00000000
          31260	     15626	00100104	00d7a023	sw	x13,0(x15)	 x15:0x00020000 x13:0x0000006f PA:0x00020000 store:0x0000006f load:0x00000000
          31264	     15628	00100108	00054803	lbu	x16,0(x10)	 x10:0x00101b88 x16=0x0000006e PA:0x00101b88 store:0x00000000
          31268	     15630	0010010c	fa0810e3	bne	x16,x0,1000ac	 x16:0x0000006e  x0:0x00000000
          31274	     15633	001000ac	0107a023	sw	x16,0(x15)	 x15:0x00020000 x16:0x0000006e PA:0x00020000 store:0x0000006e load:0x00000000
          31278	     15635	001000b0	00154703	lbu	x14,1(x10)	 x10:0x00101b88 x14=0x00000073 PA:0x00101b89 store:0x001016bc
          31280	     15636	001000b4	04070e63	beq	x14,x0,100110	 x14:0x00000073  x0:0x00000000
          31284	     15638	001000b8	00e7a023	sw	x14,0(x15)	 x15:0x00020000 x14:0x00000073 PA:0x00020000 store:0x00000073 load:0x00000000
          31288	     15640	001000bc	00254283	lbu	x5,2(x10)	 x10:0x00101b88  x5=0x0000003a PA:0x00101b8a store:0x00137fa0
          31290	     15641	001000c0	04028863	beq	x5,x0,100110	  x5:0x0000003a  x0:0x00000000
          31294	     15643	001000c4	0057a023	sw	x5,0(x15)	 x15:0x00020000  x5:0x0000003a PA:0x00020000 store:0x0000003a load:0x00000000
          31298	     15645	001000c8	00354303	lbu	x6,3(x10)	 x10:0x00101b88  x6=0x00000020 PA:0x00101b8b store:0x00000000
          31300	     15646	001000cc	04030263	beq	x6,x0,100110	  x6:0x00000020  x0:0x00000000
          31304	     15648	001000d0	0067a023	sw	x6,0(x15)	 x15:0x00020000  x6:0x00000020 PA:0x00020000 store:0x00000020 load:0x00000000
          31308	     15650	001000d4	00454383	lbu	x7,4(x10)	 x10:0x00101b88  x7=0x00000000 PA:0x00101b8c store:0x00000000
          31312	     15652	001000d8	02038c63	beq	x7,x0,100110	  x7:0x00000000  x0:0x00000000
          31316	     15654	00100110	00000513	addi	x10,x0,0	  x0:0x00000000 x10=0x00000000
          31326	     15659	00100114	00008067	jalr	x0,0(x1)	  x1:0x001016bc  x0=0x00000000
          31328	     15660	001016bc	d32ba227	fsw	f18,-732(x23)	 f23:0x00102000 f18:0x00102000 PA:0x00101d24 store:0x00000000 load:0x00000000
          31330	     15661	001016c0	d29ca027	fsw	f9,-736(x25)	 f25:0x00102000  f9:0x00000100 PA:0x00101d20 store:0x80000000 load:0x00000000
          31332	     15662	001016c4	d24ba787	flw	f15,-732(x23)	 f23:0x00102000 f15=0x00000000 PA:0x00101d24 store:0x3e5bdc88
          31334	     15663	001016c8	d20ca707	flw	f14,-736(x25)	 f25:0x00102000 f14=0x00000000 PA:0x00101d20 store:0x7fa00000
          31336	     15664	001016cc	28e781d3	fmin.s	f3,f15,f14	 f15:0x00020000 f14:0x00000073  f3=0x00000000
          31338	     15665	001016d0	d03aa027	fsw	f3,-768(x21)	 f21:0x00102000  f3:0x00000000 PA:0x00101d00 store:0x80000000 load:0x80000000
          31340	     15666	001016d4	d00aa207	flw	f4,-768(x21)	 f21:0x00102000  f4=0x00000000 PA:0x00101d00 store:0x7fa00000
          31342	     15667	001016d8	b9040513	addi	x10,x8,-1136	  x8:0x00102000 x10=0x00101b90
          31344	     15668	001016dc	e0020c53	fmv.x.w	x24,f4	  f4:0x00000000 x24=0x80000000
          31346	     15669	001016e0	cf8a2c23	sw	x24,-776(x20)	 x20:0x00102000 x24:0x80000000 PA:0x00101cf8 store:0x80000000 load:0x80000000
          31348	     15670	001016e4	9bdfe0ef	jal	x1,1000a0	  x1=0x001016e8
          31352	     15672	001000a0	00054803	lbu	x16,0(x10)	 x10:0x00101b90 x16=0x0000000a PA:0x00101b90 store:0x00000000
          31354	     15673	001000a4	06080663	beq	x16,x0,100110	 x16:0x0000000a  x0:0x00000000
          31356	     15674	001000a8	000207b7	lui	x15,0x20	 x15=0x00020000
          31360	     15676	001000ac	0107a023	sw	x16,0(x15)	 x15:0x00020000 x16:0x0000000a PA:0x00020000 store:0x0000000a load:0x00000000
          31364	     15678	001000b0	00154703	lbu	x14,1(x10)	 x10:0x00101b90 x14=0x00000020 PA:0x00101b91 store:0x001016e8
          31366	     15679	001000b4	04070e63	beq	x14,x0,100110	 x14:0x00000020  x0:0x00000000
          31370	     15681	001000b8	00e7a023	sw	x14,0(x15)	 x15:0x00020000 x14:0x00000020 PA:0x00020000 store:0x00000020 load:0x00000000
          31374	     15683	001000bc	00254283	lbu	x5,2(x10)	 x10:0x00101b90  x5=0x0000004d PA:0x00101b92 store:0x00137fa0
          31376	     15684	001000c0	04028863	beq	x5,x0,100110	  x5:0x0000004d  x0:0x00000000
          31380	     15686	001000c4	0057a023	sw	x5,0(x15)	 x15:0x00020000  x5:0x0000004d PA:0x00020000 store:0x0000004d load:0x00000000
          31384	     15688	001000c8	00354303	lbu	x6,3(x10)	 x10:0x00101b90  x6=0x00000069 PA:0x00101b93 store:0x00000000
          31386	     15689	001000cc	04030263	beq	x6,x0,100110	  x6:0x00000069  x0:0x00000000
          31390	     15691	001000d0	0067a023	sw	x6,0(x15)	 x15:0x00020000  x6:0x00000069 PA:0x00020000 store:0x00000069 load:0x00000000
          31394	     15693	001000d4	00454383	lbu	x7,4(x10)	 x10:0x00101b90  x7=0x0000006e PA:0x00101b94 store:0x00000000
          31396	     15694	001000d8	02038c63	beq	x7,x0,100110	  x7:0x0000006e  x0:0x00000000
          31400	     15696	001000dc	0077a023	sw	x7,0(x15)	 x15:0x00020000  x7:0x0000006e PA:0x00020000 store:0x0000006e load:0x00000000
          31404	     15698	001000e0	00554583	lbu	x11,5(x10)	 x10:0x00101b90 x11=0x00000028 PA:0x00101b95 store:0x0000004d
          31406	     15699	001000e4	02058663	beq	x11,x0,100110	 x11:0x00000028  x0:0x00000000
          31410	     15701	001000e8	00b7a023	sw	x11,0(x15)	 x15:0x00020000 x11:0x00000028 PA:0x00020000 store:0x00000028 load:0x00000000
          31414	     15703	001000ec	00654603	lbu	x12,6(x10)	 x10:0x00101b90 x12=0x00000030 PA:0x00101b96 store:0x00000069
          31416	     15704	001000f0	02060063	beq	x12,x0,100110	 x12:0x00000030  x0:0x00000000
          31420	     15706	001000f4	00c7a023	sw	x12,0(x15)	 x15:0x00020000 x12:0x00000030 PA:0x00020000 store:0x00000030 load:0x00000000
          31424	     15708	001000f8	00754683	lbu	x13,7(x10)	 x10:0x00101b90 x13=0x0000002e PA:0x00101b97 store:0x0000006e
          31426	     15709	001000fc	00850513	addi	x10,x10,8	 x10:0x00101b90 x10=0x00101b98
          31428	     15710	00100100	00068863	beq	x13,x0,100110	 x13:0x0000002e  x0:0x00000000
          31432	     15712	00100104	00d7a023	sw	x13,0(x15)	 x15:0x00020000 x13:0x0000002e PA:0x00020000 store:0x0000002e load:0x00000000
          31436	     15714	00100108	00054803	lbu	x16,0(x10)	 x10:0x00101b98 x16=0x00000030 PA:0x00101b98 store:0x00000000
          31440	     15716	0010010c	fa0810e3	bne	x16,x0,1000ac	 x16:0x00000030  x0:0x00000000
          31446	     15719	001000ac	0107a023	sw	x16,0(x15)	 x15:0x00020000 x16:0x00000030 PA:0x00020000 store:0x00000030 load:0x00000000
          31450	     15721	001000b0	00154703	lbu	x14,1(x10)	 x10:0x00101b98 x14=0x0000002c PA:0x00101b99 store:0x001016e8
          31452	     15722	001000b4	04070e63	beq	x14,x0,100110	 x14:0x0000002c  x0:0x00000000
          31456	     15724	001000b8	00e7a023	sw	x14,0(x15)	 x15:0x00020000 x14:0x0000002c PA:0x00020000 store:0x0000002c load:0x00000000
          31460	     15726	001000bc	00254283	lbu	x5,2(x10)	 x10:0x00101b98  x5=0x00000020 PA:0x00101b9a store:0x00137fa0
          31462	     15727	001000c0	04028863	beq	x5,x0,100110	  x5:0x00000020  x0:0x00000000
          31466	     15729	001000c4	0057a023	sw	x5,0(x15)	 x15:0x00020000  x5:0x00000020 PA:0x00020000 store:0x00000020 load:0x00000000
          31470	     15731	001000c8	00354303	lbu	x6,3(x10)	 x10:0x00101b98  x6=0x0000002d PA:0x00101b9b store:0x00000000
          31472	     15732	001000cc	04030263	beq	x6,x0,100110	  x6:0x0000002d  x0:0x00000000
          31476	     15734	001000d0	0067a023	sw	x6,0(x15)	 x15:0x00020000  x6:0x0000002d PA:0x00020000 store:0x0000002d load:0x00000000
          31480	     15736	001000d4	00454383	lbu	x7,4(x10)	 x10:0x00101b98  x7=0x00000030 PA:0x00101b9c store:0x00000000
          31482	     15737	001000d8	02038c63	beq	x7,x0,100110	  x7:0x00000030  x0:0x00000000
          31486	     15739	001000dc	0077a023	sw	x7,0(x15)	 x15:0x00020000  x7:0x00000030 PA:0x00020000 store:0x00000030 load:0x00000000
          31490	     15741	001000e0	00554583	lbu	x11,5(x10)	 x10:0x00101b98 x11=0x0000002e PA:0x00101b9d store:0x00000020
          31492	     15742	001000e4	02058663	beq	x11,x0,100110	 x11:0x0000002e  x0:0x00000000
          31496	     15744	001000e8	00b7a023	sw	x11,0(x15)	 x15:0x00020000 x11:0x0000002e PA:0x00020000 store:0x0000002e load:0x00000000
          31500	     15746	001000ec	00654603	lbu	x12,6(x10)	 x10:0x00101b98 x12=0x00000030 PA:0x00101b9e store:0x0000002d
          31502	     15747	001000f0	02060063	beq	x12,x0,100110	 x12:0x00000030  x0:0x00000000
          31506	     15749	001000f4	00c7a023	sw	x12,0(x15)	 x15:0x00020000 x12:0x00000030 PA:0x00020000 store:0x00000030 load:0x00000000
          31510	     15751	001000f8	00754683	lbu	x13,7(x10)	 x10:0x00101b98 x13=0x00000029 PA:0x00101b9f store:0x00000030
          31512	     15752	001000fc	00850513	addi	x10,x10,8	 x10:0x00101b98 x10=0x00101ba0
          31514	     15753	00100100	00068863	beq	x13,x0,100110	 x13:0x00000029  x0:0x00000000
          31518	     15755	00100104	00d7a023	sw	x13,0(x15)	 x15:0x00020000 x13:0x00000029 PA:0x00020000 store:0x00000029 load:0x00000000
          31522	     15757	00100108	00054803	lbu	x16,0(x10)	 x10:0x00101ba0 x16=0x0000002c PA:0x00101ba0 store:0x00000000
          31526	     15759	0010010c	fa0810e3	bne	x16,x0,1000ac	 x16:0x0000002c  x0:0x00000000
          31532	     15762	001000ac	0107a023	sw	x16,0(x15)	 x15:0x00020000 x16:0x0000002c PA:0x00020000 store:0x0000002c load:0x00000000
          31536	     15764	001000b0	00154703	lbu	x14,1(x10)	 x10:0x00101ba0 x14=0x00000020 PA:0x00101ba1 store:0x001016e8
          31538	     15765	001000b4	04070e63	beq	x14,x0,100110	 x14:0x00000020  x0:0x00000000
          31542	     15767	001000b8	00e7a023	sw	x14,0(x15)	 x15:0x00020000 x14:0x00000020 PA:0x00020000 store:0x00000020 load:0x00000000
          31546	     15769	001000bc	00254283	lbu	x5,2(x10)	 x10:0x00101ba0  x5=0x00000065 PA:0x00101ba2 store:0x00137fa0
          31548	     15770	001000c0	04028863	beq	x5,x0,100110	  x5:0x00000065  x0:0x00000000
          31552	     15772	001000c4	0057a023	sw	x5,0(x15)	 x15:0x00020000  x5:0x00000065 PA:0x00020000 store:0x00000065 load:0x00000000
          31556	     15774	001000c8	00354303	lbu	x6,3(x10)	 x10:0x00101ba0  x6=0x00000078 PA:0x00101ba3 store:0x00000000
          31558	     15775	001000cc	04030263	beq	x6,x0,100110	  x6:0x00000078  x0:0x00000000
          31562	     15777	001000d0	0067a023	sw	x6,0(x15)	 x15:0x00020000  x6:0x00000078 PA:0x00020000 store:0x00000078 load:0x00000000
          31566	     15779	001000d4	00454383	lbu	x7,4(x10)	 x10:0x00101ba0  x7=0x00000070 PA:0x00101ba4 store:0x00000000
          31568	     15780	001000d8	02038c63	beq	x7,x0,100110	  x7:0x00000070  x0:0x00000000
          31572	     15782	001000dc	0077a023	sw	x7,0(x15)	 x15:0x00020000  x7:0x00000070 PA:0x00020000 store:0x00000070 load:0x00000000
          31576	     15784	001000e0	00554583	lbu	x11,5(x10)	 x10:0x00101ba0 x11=0x00000065 PA:0x00101ba5 store:0x00000065
          31578	     15785	001000e4	02058663	beq	x11,x0,100110	 x11:0x00000065  x0:0x00000000
          31582	     15787	001000e8	00b7a023	sw	x11,0(x15)	 x15:0x00020000 x11:0x00000065 PA:0x00020000 store:0x00000065 load:0x00000000
          31586	     15789	001000ec	00654603	lbu	x12,6(x10)	 x10:0x00101ba0 x12=0x00000063 PA:0x00101ba6 store:0x00000078
          31588	     15790	001000f0	02060063	beq	x12,x0,100110	 x12:0x00000063  x0:0x00000000
          31592	     15792	001000f4	00c7a023	sw	x12,0(x15)	 x15:0x00020000 x12:0x00000063 PA:0x00020000 store:0x00000063 load:0x00000000
          31596	     15794	001000f8	00754683	lbu	x13,7(x10)	 x10:0x00101ba0 x13=0x00000074 PA:0x00101ba7 store:0x00000070
          31598	     15795	001000fc	00850513	addi	x10,x10,8	 x10:0x00101ba0 x10=0x00101ba8
          31600	     15796	00100100	00068863	beq	x13,x0,100110	 x13:0x00000074  x0:0x00000000
          31604	     15798	00100104	00d7a023	sw	x13,0(x15)	 x15:0x00020000 x13:0x00000074 PA:0x00020000 store:0x00000074 load:0x00000000
          31608	     15800	00100108	00054803	lbu	x16,0(x10)	 x10:0x00101ba8 x16=0x00000069 PA:0x00101ba8 store:0x00000000
          31612	     15802	0010010c	fa0810e3	bne	x16,x0,1000ac	 x16:0x00000069  x0:0x00000000
          31618	     15805	001000ac	0107a023	sw	x16,0(x15)	 x15:0x00020000 x16:0x00000069 PA:0x00020000 store:0x00000069 load:0x00000000
          31622	     15807	001000b0	00154703	lbu	x14,1(x10)	 x10:0x00101ba8 x14=0x0000006e PA:0x00101ba9 store:0x001016e8
          31624	     15808	001000b4	04070e63	beq	x14,x0,100110	 x14:0x0000006e  x0:0x00000000
          31628	     15810	001000b8	00e7a023	sw	x14,0(x15)	 x15:0x00020000 x14:0x0000006e PA:0x00020000 store:0x0000006e load:0x00000000
          31632	     15812	001000bc	00254283	lbu	x5,2(x10)	 x10:0x00101ba8  x5=0x00000067 PA:0x00101baa store:0x00137fa0
          31634	     15813	001000c0	04028863	beq	x5,x0,100110	  x5:0x00000067  x0:0x00000000
          31638	     15815	001000c4	0057a023	sw	x5,0(x15)	 x15:0x00020000  x5:0x00000067 PA:0x00020000 store:0x00000067 load:0x00000000
          31642	     15817	001000c8	00354303	lbu	x6,3(x10)	 x10:0x00101ba8  x6=0x0000003a PA:0x00101bab store:0x00000000
          31644	     15818	001000cc	04030263	beq	x6,x0,100110	  x6:0x0000003a  x0:0x00000000
          31648	     15820	001000d0	0067a023	sw	x6,0(x15)	 x15:0x00020000  x6:0x0000003a PA:0x00020000 store:0x0000003a load:0x00000000
          31652	     15822	001000d4	00454383	lbu	x7,4(x10)	 x10:0x00101ba8  x7=0x00000020 PA:0x00101bac store:0x00000000
          31654	     15823	001000d8	02038c63	beq	x7,x0,100110	  x7:0x00000020  x0:0x00000000
          31658	     15825	001000dc	0077a023	sw	x7,0(x15)	 x15:0x00020000  x7:0x00000020 PA:0x00020000 store:0x00000020 load:0x00000000
          31662	     15827	001000e0	00554583	lbu	x11,5(x10)	 x10:0x00101ba8 x11=0x00000030 PA:0x00101bad store:0x00000067
          31664	     15828	001000e4	02058663	beq	x11,x0,100110	 x11:0x00000030  x0:0x00000000
          31668	     15830	001000e8	00b7a023	sw	x11,0(x15)	 x15:0x00020000 x11:0x00000030 PA:0x00020000 store:0x00000030 load:0x00000000
          31672	     15832	001000ec	00654603	lbu	x12,6(x10)	 x10:0x00101ba8 x12=0x00000078 PA:0x00101bae store:0x0000003a
          31674	     15833	001000f0	02060063	beq	x12,x0,100110	 x12:0x00000078  x0:0x00000000
          31678	     15835	001000f4	00c7a023	sw	x12,0(x15)	 x15:0x00020000 x12:0x00000078 PA:0x00020000 store:0x00000078 load:0x00000000
          31682	     15837	001000f8	00754683	lbu	x13,7(x10)	 x10:0x00101ba8 x13=0x00000038 PA:0x00101baf store:0x00000020
          31684	     15838	001000fc	00850513	addi	x10,x10,8	 x10:0x00101ba8 x10=0x00101bb0
          31686	     15839	00100100	00068863	beq	x13,x0,100110	 x13:0x00000038  x0:0x00000000
          31690	     15841	00100104	00d7a023	sw	x13,0(x15)	 x15:0x00020000 x13:0x00000038 PA:0x00020000 store:0x00000038 load:0x00000000
          31694	     15843	00100108	00054803	lbu	x16,0(x10)	 x10:0x00101bb0 x16=0x00000030 PA:0x00101bb0 store:0x00000000
          31698	     15845	0010010c	fa0810e3	bne	x16,x0,1000ac	 x16:0x00000030  x0:0x00000000
          31704	     15848	001000ac	0107a023	sw	x16,0(x15)	 x15:0x00020000 x16:0x00000030 PA:0x00020000 store:0x00000030 load:0x00000000
          31708	     15850	001000b0	00154703	lbu	x14,1(x10)	 x10:0x00101bb0 x14=0x00000030 PA:0x00101bb1 store:0x001016e8
          31710	     15851	001000b4	04070e63	beq	x14,x0,100110	 x14:0x00000030  x0:0x00000000
          31714	     15853	001000b8	00e7a023	sw	x14,0(x15)	 x15:0x00020000 x14:0x00000030 PA:0x00020000 store:0x00000030 load:0x00000000
          31718	     15855	001000bc	00254283	lbu	x5,2(x10)	 x10:0x00101bb0  x5=0x00000030 PA:0x00101bb2 store:0x00137fa0
          31720	     15856	001000c0	04028863	beq	x5,x0,100110	  x5:0x00000030  x0:0x00000000
          31724	     15858	001000c4	0057a023	sw	x5,0(x15)	 x15:0x00020000  x5:0x00000030 PA:0x00020000 store:0x00000030 load:0x00000000
          31728	     15860	001000c8	00354303	lbu	x6,3(x10)	 x10:0x00101bb0  x6=0x00000030 PA:0x00101bb3 store:0x00000000
          31730	     15861	001000cc	04030263	beq	x6,x0,100110	  x6:0x00000030  x0:0x00000000
          31734	     15863	001000d0	0067a023	sw	x6,0(x15)	 x15:0x00020000  x6:0x00000030 PA:0x00020000 store:0x00000030 load:0x00000000
          31738	     15865	001000d4	00454383	lbu	x7,4(x10)	 x10:0x00101bb0  x7=0x00000030 PA:0x00101bb4 store:0x00000000
          31740	     15866	001000d8	02038c63	beq	x7,x0,100110	  x7:0x00000030  x0:0x00000000
          31744	     15868	001000dc	0077a023	sw	x7,0(x15)	 x15:0x00020000  x7:0x00000030 PA:0x00020000 store:0x00000030 load:0x00000000
          31748	     15870	001000e0	00554583	lbu	x11,5(x10)	 x10:0x00101bb0 x11=0x00000030 PA:0x00101bb5 store:0x00000030
          31750	     15871	001000e4	02058663	beq	x11,x0,100110	 x11:0x00000030  x0:0x00000000
          31754	     15873	001000e8	00b7a023	sw	x11,0(x15)	 x15:0x00020000 x11:0x00000030 PA:0x00020000 store:0x00000030 load:0x00000000
          31758	     15875	001000ec	00654603	lbu	x12,6(x10)	 x10:0x00101bb0 x12=0x0000003a PA:0x00101bb6 store:0x00000030
          31760	     15876	001000f0	02060063	beq	x12,x0,100110	 x12:0x0000003a  x0:0x00000000
          31764	     15878	001000f4	00c7a023	sw	x12,0(x15)	 x15:0x00020000 x12:0x0000003a PA:0x00020000 store:0x0000003a load:0x00000000
          31768	     15880	001000f8	00754683	lbu	x13,7(x10)	 x10:0x00101bb0 x13=0x00000020 PA:0x00101bb7 store:0x00000030
          31770	     15881	001000fc	00850513	addi	x10,x10,8	 x10:0x00101bb0 x10=0x00101bb8
          31772	     15882	00100100	00068863	beq	x13,x0,100110	 x13:0x00000020  x0:0x00000000
          31776	     15884	00100104	00d7a023	sw	x13,0(x15)	 x15:0x00020000 x13:0x00000020 PA:0x00020000 store:0x00000020 load:0x00000000
          31780	     15886	00100108	00054803	lbu	x16,0(x10)	 x10:0x00101bb8 x16=0x00000000 PA:0x00101bb8 store:0x00000000
          31782	     15887	0010010c	fa0810e3	bne	x16,x0,1000ac	 x16:0x00000000  x0:0x00000000
          31784	     15888	00100110	00000513	addi	x10,x0,0	  x0:0x00000000 x10=0x00000000
          31788	     15890	00100114	00008067	jalr	x0,0(x1)	  x1:0x001016e8  x0=0x00000000
          31792	     15892	001016e8	cf8a2503	lw	x10,-776(x20)	 x20:0x00102000 x10=0x80000000 PA:0x00101cf8 store:0x80000000
          31796	     15894	001016ec	a35fe0ef	jal	x1,100120	  x1=0x001016f0
          31798	     15895	00100120	01c55793	srli	x15,x10,0x1c	 x10:0x80000000 x15=0x00000008
          31800	     15896	00100124	00900713	addi	x14,x0,9	  x0:0x00000000 x14=0x00000009
          31804	     15898	00100128	0cf77a63	bgeu	x14,x15,1001fc	 x14:0x00000009 x15:0x00000008
          31808	     15900	001001fc	03078393	addi	x7,x15,48	 x15:0x00000008  x7=0x00000038
          31810	     15901	00100200	000205b7	lui	x11,0x20	 x11=0x00020000
          31812	     15902	00100204	00451613	slli	x12,x10,0x4	 x10:0x80000000 x12=0x00000000
          31816	     15904	00100208	0075a023	sw	x7,0(x11)	 x11:0x00020000  x7:0x00000038 PA:0x00020000 store:0x00000038 load:0x00000000
          31818	     15905	0010020c	01c65693	srli	x13,x12,0x1c	 x12:0x00000000 x13=0x00000000
          31820	     15906	00100210	00900813	addi	x16,x0,9	  x0:0x00000000 x16=0x00000009
          31822	     15907	00100214	f2d86ae3	bltu	x16,x13,100148	 x16:0x00000009 x13:0x00000000
          31824	     15908	00100218	03068e93	addi	x29,x13,48	 x13:0x00000000 x29=0x00000030
          31826	     15909	0010021c	00020f37	lui	x30,0x20	 x30=0x00020000
          31828	     15910	00100220	00851f93	slli	x31,x10,0x8	 x10:0x80000000 x31=0x00000000
          31832	     15912	00100224	01df2023	sw	x29,0(x30)	 x30:0x00020000 x29:0x00000030 PA:0x00020000 store:0x00000030 load:0x00000000
          31834	     15913	00100228	01cfd793	srli	x15,x31,0x1c	 x31:0x00000000 x15=0x00000000
          31836	     15914	0010022c	00900713	addi	x14,x0,9	  x0:0x00000000 x14=0x00000009
          31838	     15915	00100230	f2f76ae3	bltu	x14,x15,100164	 x14:0x00000009 x15:0x00000000
          31840	     15916	00100234	03078393	addi	x7,x15,48	 x15:0x00000000  x7=0x00000030
          31842	     15917	00100238	000205b7	lui	x11,0x20	 x11=0x00020000
          31844	     15918	0010023c	00c51613	slli	x12,x10,0xc	 x10:0x80000000 x12=0x00000000
          31848	     15920	00100240	0075a023	sw	x7,0(x11)	 x11:0x00020000  x7:0x00000030 PA:0x00020000 store:0x00000030 load:0x00000000
          31850	     15921	00100244	01c65693	srli	x13,x12,0x1c	 x12:0x00000000 x13=0x00000000
          31852	     15922	00100248	00900813	addi	x16,x0,9	  x0:0x00000000 x16=0x00000009
          31854	     15923	0010024c	f2d86ae3	bltu	x16,x13,100180	 x16:0x00000009 x13:0x00000000
          31856	     15924	00100250	03068e93	addi	x29,x13,48	 x13:0x00000000 x29=0x00000030
          31858	     15925	00100254	00020f37	lui	x30,0x20	 x30=0x00020000
          31860	     15926	00100258	01051f93	slli	x31,x10,0x10	 x10:0x80000000 x31=0x00000000
          31864	     15928	0010025c	01df2023	sw	x29,0(x30)	 x30:0x00020000 x29:0x00000030 PA:0x00020000 store:0x00000030 load:0x00000000
          31866	     15929	00100260	01cfd793	srli	x15,x31,0x1c	 x31:0x00000000 x15=0x00000000
          31868	     15930	00100264	00900713	addi	x14,x0,9	  x0:0x00000000 x14=0x00000009
          31870	     15931	00100268	f2f76ae3	bltu	x14,x15,10019c	 x14:0x00000009 x15:0x00000000
          31872	     15932	0010026c	03078393	addi	x7,x15,48	 x15:0x00000000  x7=0x00000030
          31874	     15933	00100270	000205b7	lui	x11,0x20	 x11=0x00020000
          31876	     15934	00100274	01451613	slli	x12,x10,0x14	 x10:0x80000000 x12=0x00000000
          31880	     15936	00100278	0075a023	sw	x7,0(x11)	 x11:0x00020000  x7:0x00000030 PA:0x00020000 store:0x00000030 load:0x00000000
          31882	     15937	0010027c	01c65693	srli	x13,x12,0x1c	 x12:0x00000000 x13=0x00000000
          31884	     15938	00100280	00900813	addi	x16,x0,9	  x0:0x00000000 x16=0x00000009
          31886	     15939	00100284	f2d86ae3	bltu	x16,x13,1001b8	 x16:0x00000009 x13:0x00000000
          31888	     15940	00100288	03068e93	addi	x29,x13,48	 x13:0x00000000 x29=0x00000030
          31890	     15941	0010028c	00020f37	lui	x30,0x20	 x30=0x00020000
          31892	     15942	00100290	01851f93	slli	x31,x10,0x18	 x10:0x80000000 x31=0x00000000
          31896	     15944	00100294	01df2023	sw	x29,0(x30)	 x30:0x00020000 x29:0x00000030 PA:0x00020000 store:0x00000030 load:0x00000000
          31898	     15945	00100298	01cfd793	srli	x15,x31,0x1c	 x31:0x00000000 x15=0x00000000
          31900	     15946	0010029c	00900713	addi	x14,x0,9	  x0:0x00000000 x14=0x00000009
          31902	     15947	001002a0	f2f76ae3	bltu	x14,x15,1001d4	 x14:0x00000009 x15:0x00000000
          31904	     15948	001002a4	03078393	addi	x7,x15,48	 x15:0x00000000  x7=0x00000030
          31906	     15949	001002a8	000205b7	lui	x11,0x20	 x11=0x00020000
          31910	     15951	001002ac	0075a023	sw	x7,0(x11)	 x11:0x00020000  x7:0x00000030 PA:0x00020000 store:0x00000030 load:0x00000000
          31912	     15952	001002b0	00f57513	andi	x10,x10,15	 x10:0x80000000 x10=0x00000000
          31914	     15953	001002b4	00900613	addi	x12,x0,9	  x0:0x00000000 x12=0x00000009
          31918	     15955	001002b8	f2a67ae3	bgeu	x12,x10,1001ec	 x12:0x00000009 x10:0x00000000
          31922	     15957	001001ec	03050893	addi	x17,x10,48	 x10:0x00000000 x17=0x00000030
          31924	     15958	001001f0	00020e37	lui	x28,0x20	 x28=0x00020000
          31928	     15960	001001f4	011e2023	sw	x17,0(x28)	 x28:0x00020000 x17:0x00000030 PA:0x00020000 store:0x00000030 load:0x00000000
          31938	     15965	001001f8	00008067	jalr	x0,0(x1)	  x1:0x001016f0  x0=0x00000000
          31940	     15966	001016f0	95892a87	flw	f21,-1704(x18)	 f18:0x00102000 f21=0x00000000 PA:0x00101958 store:0x00000000
          31942	     15967	001016f4	d28ba227	fsw	f8,-732(x23)	 f23:0x00102000  f8:0x00102000 PA:0x00101d24 store:0x00000047 load:0x00000007
          31944	     15968	001016f8	001023b7	lui	x7,0x102	  x7=0x00102000
          31946	     15969	001016fc	d35ca027	fsw	f21,-736(x25)	 f25:0x00102000 f21:0x00102000 PA:0x00101d20 store:0x00000007 load:0x00000007
          31948	     15970	00101700	d24ba587	flw	f11,-732(x23)	 f23:0x00102000 f11=0x00000000 PA:0x00101d24 store:0x80000000
          31950	     15971	00101704	d20ca287	flw	f5,-736(x25)	 f25:0x00102000  f5=0x00000000 PA:0x00101d20 store:0x7fa00000
          31952	     15972	00101708	28558353	fmin.s	f6,f11,f5	 f11:0x00020000  f5:0x00000030  f6=0x00000000
          31954	     15973	0010170c	d06aa027	fsw	f6,-768(x21)	 f21:0x00102000  f6:0x00000030 PA:0x00101d00 store:0x00000007 load:0x00000007
          31956	     15974	00101710	d00aa607	flw	f12,-768(x21)	 f21:0x00102000 f12=0x00000000 PA:0x00101d00 store:0x7fa00000
          31958	     15975	00101714	bbc38513	addi	x10,x7,-1092	  x7:0x00102000 x10=0x00101bbc
          31960	     15976	00101718	e00605d3	fmv.x.w	x11,f12	 f12:0x00000009 x11=0x00000007
          31962	     15977	0010171c	ceba2c23	sw	x11,-776(x20)	 x20:0x00102000 x11:0x00000007 PA:0x00101cf8 store:0x00000007 load:0x00000007
          31964	     15978	00101720	981fe0ef	jal	x1,1000a0	  x1=0x00101724
          31968	     15980	001000a0	00054803	lbu	x16,0(x10)	 x10:0x00101bbc x16=0x0000000a PA:0x00101bbc store:0x00000000
          31970	     15981	001000a4	06080663	beq	x16,x0,100110	 x16:0x0000000a  x0:0x00000000
          31972	     15982	001000a8	000207b7	lui	x15,0x20	 x15=0x00020000
          31976	     15984	001000ac	0107a023	sw	x16,0(x15)	 x15:0x00020000 x16:0x0000000a PA:0x00020000 store:0x0000000a load:0x00000000
          31980	     15986	001000b0	00154703	lbu	x14,1(x10)	 x10:0x00101bbc x14=0x00000020 PA:0x00101bbd store:0x00101724
          31982	     15987	001000b4	04070e63	beq	x14,x0,100110	 x14:0x00000020  x0:0x00000000
          31986	     15989	001000b8	00e7a023	sw	x14,0(x15)	 x15:0x00020000 x14:0x00000020 PA:0x00020000 store:0x00000020 load:0x00000000
          31990	     15991	001000bc	00254283	lbu	x5,2(x10)	 x10:0x00101bbc  x5=0x0000004d PA:0x00101bbe store:0x00137fa0
          31992	     15992	001000c0	04028863	beq	x5,x0,100110	  x5:0x0000004d  x0:0x00000000
          31996	     15994	001000c4	0057a023	sw	x5,0(x15)	 x15:0x00020000  x5:0x0000004d PA:0x00020000 store:0x0000004d load:0x00000000
          32000	     15996	001000c8	00354303	lbu	x6,3(x10)	 x10:0x00101bbc  x6=0x00000069 PA:0x00101bbf store:0x00000000
          32002	     15997	001000cc	04030263	beq	x6,x0,100110	  x6:0x00000069  x0:0x00000000
          32006	     15999	001000d0	0067a023	sw	x6,0(x15)	 x15:0x00020000  x6:0x00000069 PA:0x00020000 store:0x00000069 load:0x00000000
          32010	     16001	001000d4	00454383	lbu	x7,4(x10)	 x10:0x00101bbc  x7=0x0000006e PA:0x00101bc0 store:0x00000000
          32012	     16002	001000d8	02038c63	beq	x7,x0,100110	  x7:0x0000006e  x0:0x00000000
          32016	     16004	001000dc	0077a023	sw	x7,0(x15)	 x15:0x00020000  x7:0x0000006e PA:0x00020000 store:0x0000006e load:0x00000000
          32020	     16006	001000e0	00554583	lbu	x11,5(x10)	 x10:0x00101bbc x11=0x00000028 PA:0x00101bc1 store:0x0000004d
          32022	     16007	001000e4	02058663	beq	x11,x0,100110	 x11:0x00000028  x0:0x00000000
          32026	     16009	001000e8	00b7a023	sw	x11,0(x15)	 x15:0x00020000 x11:0x00000028 PA:0x00020000 store:0x00000028 load:0x00000000
          32030	     16011	001000ec	00654603	lbu	x12,6(x10)	 x10:0x00101bbc x12=0x00000031 PA:0x00101bc2 store:0x00000069
          32032	     16012	001000f0	02060063	beq	x12,x0,100110	 x12:0x00000031  x0:0x00000000
          32036	     16014	001000f4	00c7a023	sw	x12,0(x15)	 x15:0x00020000 x12:0x00000031 PA:0x00020000 store:0x00000031 load:0x00000000
          32040	     16016	001000f8	00754683	lbu	x13,7(x10)	 x10:0x00101bbc x13=0x0000002e PA:0x00101bc3 store:0x0000006e
          32042	     16017	001000fc	00850513	addi	x10,x10,8	 x10:0x00101bbc x10=0x00101bc4
          32044	     16018	00100100	00068863	beq	x13,x0,100110	 x13:0x0000002e  x0:0x00000000
          32048	     16020	00100104	00d7a023	sw	x13,0(x15)	 x15:0x00020000 x13:0x0000002e PA:0x00020000 store:0x0000002e load:0x00000000
          32052	     16022	00100108	00054803	lbu	x16,0(x10)	 x10:0x00101bc4 x16=0x00000030 PA:0x00101bc4 store:0x00000000
          32056	     16024	0010010c	fa0810e3	bne	x16,x0,1000ac	 x16:0x00000030  x0:0x00000000
          32062	     16027	001000ac	0107a023	sw	x16,0(x15)	 x15:0x00020000 x16:0x00000030 PA:0x00020000 store:0x00000030 load:0x00000000
          32066	     16029	001000b0	00154703	lbu	x14,1(x10)	 x10:0x00101bc4 x14=0x00000065 PA:0x00101bc5 store:0x00101724
          32068	     16030	001000b4	04070e63	beq	x14,x0,100110	 x14:0x00000065  x0:0x00000000
          32072	     16032	001000b8	00e7a023	sw	x14,0(x15)	 x15:0x00020000 x14:0x00000065 PA:0x00020000 store:0x00000065 load:0x00000000
          32076	     16034	001000bc	00254283	lbu	x5,2(x10)	 x10:0x00101bc4  x5=0x0000002d PA:0x00101bc6 store:0x00137fa0
          32078	     16035	001000c0	04028863	beq	x5,x0,100110	  x5:0x0000002d  x0:0x00000000
          32082	     16037	001000c4	0057a023	sw	x5,0(x15)	 x15:0x00020000  x5:0x0000002d PA:0x00020000 store:0x0000002d load:0x00000000
          32086	     16039	001000c8	00354303	lbu	x6,3(x10)	 x10:0x00101bc4  x6=0x00000034 PA:0x00101bc7 store:0x00000000
          32088	     16040	001000cc	04030263	beq	x6,x0,100110	  x6:0x00000034  x0:0x00000000
          32092	     16042	001000d0	0067a023	sw	x6,0(x15)	 x15:0x00020000  x6:0x00000034 PA:0x00020000 store:0x00000034 load:0x00000000
          32096	     16044	001000d4	00454383	lbu	x7,4(x10)	 x10:0x00101bc4  x7=0x00000033 PA:0x00101bc8 store:0x00000000
          32098	     16045	001000d8	02038c63	beq	x7,x0,100110	  x7:0x00000033  x0:0x00000000
          32102	     16047	001000dc	0077a023	sw	x7,0(x15)	 x15:0x00020000  x7:0x00000033 PA:0x00020000 store:0x00000033 load:0x00000000
          32106	     16049	001000e0	00554583	lbu	x11,5(x10)	 x10:0x00101bc4 x11=0x0000002c PA:0x00101bc9 store:0x0000002d
          32108	     16050	001000e4	02058663	beq	x11,x0,100110	 x11:0x0000002c  x0:0x00000000
          32112	     16052	001000e8	00b7a023	sw	x11,0(x15)	 x15:0x00020000 x11:0x0000002c PA:0x00020000 store:0x0000002c load:0x00000000
          32116	     16054	001000ec	00654603	lbu	x12,6(x10)	 x10:0x00101bc4 x12=0x00000020 PA:0x00101bca store:0x00000034
          32118	     16055	001000f0	02060063	beq	x12,x0,100110	 x12:0x00000020  x0:0x00000000
          32122	     16057	001000f4	00c7a023	sw	x12,0(x15)	 x15:0x00020000 x12:0x00000020 PA:0x00020000 store:0x00000020 load:0x00000000
          32126	     16059	001000f8	00754683	lbu	x13,7(x10)	 x10:0x00101bc4 x13=0x00000031 PA:0x00101bcb store:0x00000033
          32128	     16060	001000fc	00850513	addi	x10,x10,8	 x10:0x00101bc4 x10=0x00101bcc
          32130	     16061	00100100	00068863	beq	x13,x0,100110	 x13:0x00000031  x0:0x00000000
          32134	     16063	00100104	00d7a023	sw	x13,0(x15)	 x15:0x00020000 x13:0x00000031 PA:0x00020000 store:0x00000031 load:0x00000000
          32138	     16065	00100108	00054803	lbu	x16,0(x10)	 x10:0x00101bcc x16=0x0000002e PA:0x00101bcc store:0x00000000
          32142	     16067	0010010c	fa0810e3	bne	x16,x0,1000ac	 x16:0x0000002e  x0:0x00000000
          32148	     16070	001000ac	0107a023	sw	x16,0(x15)	 x15:0x00020000 x16:0x0000002e PA:0x00020000 store:0x0000002e load:0x00000000
          32152	     16072	001000b0	00154703	lbu	x14,1(x10)	 x10:0x00101bcc x14=0x00000030 PA:0x00101bcd store:0x00101724
          32154	     16073	001000b4	04070e63	beq	x14,x0,100110	 x14:0x00000030  x0:0x00000000
          32158	     16075	001000b8	00e7a023	sw	x14,0(x15)	 x15:0x00020000 x14:0x00000030 PA:0x00020000 store:0x00000030 load:0x00000000
          32162	     16077	001000bc	00254283	lbu	x5,2(x10)	 x10:0x00101bcc  x5=0x00000065 PA:0x00101bce store:0x00137fa0
          32164	     16078	001000c0	04028863	beq	x5,x0,100110	  x5:0x00000065  x0:0x00000000
          32168	     16080	001000c4	0057a023	sw	x5,0(x15)	 x15:0x00020000  x5:0x00000065 PA:0x00020000 store:0x00000065 load:0x00000000
          32172	     16082	001000c8	00354303	lbu	x6,3(x10)	 x10:0x00101bcc  x6=0x0000002d PA:0x00101bcf store:0x00000000
          32174	     16083	001000cc	04030263	beq	x6,x0,100110	  x6:0x0000002d  x0:0x00000000
          32178	     16085	001000d0	0067a023	sw	x6,0(x15)	 x15:0x00020000  x6:0x0000002d PA:0x00020000 store:0x0000002d load:0x00000000
          32182	     16087	001000d4	00454383	lbu	x7,4(x10)	 x10:0x00101bcc  x7=0x00000034 PA:0x00101bd0 store:0x00000000
          32184	     16088	001000d8	02038c63	beq	x7,x0,100110	  x7:0x00000034  x0:0x00000000
          32188	     16090	001000dc	0077a023	sw	x7,0(x15)	 x15:0x00020000  x7:0x00000034 PA:0x00020000 store:0x00000034 load:0x00000000
          32192	     16092	001000e0	00554583	lbu	x11,5(x10)	 x10:0x00101bcc x11=0x00000034 PA:0x00101bd1 store:0x00000065
          32194	     16093	001000e4	02058663	beq	x11,x0,100110	 x11:0x00000034  x0:0x00000000
          32198	     16095	001000e8	00b7a023	sw	x11,0(x15)	 x15:0x00020000 x11:0x00000034 PA:0x00020000 store:0x00000034 load:0x00000000
          32202	     16097	001000ec	00654603	lbu	x12,6(x10)	 x10:0x00101bcc x12=0x00000029 PA:0x00101bd2 store:0x0000002d
          32204	     16098	001000f0	02060063	beq	x12,x0,100110	 x12:0x00000029  x0:0x00000000
          32208	     16100	001000f4	00c7a023	sw	x12,0(x15)	 x15:0x00020000 x12:0x00000029 PA:0x00020000 store:0x00000029 load:0x00000000
          32212	     16102	001000f8	00754683	lbu	x13,7(x10)	 x10:0x00101bcc x13=0x0000002c PA:0x00101bd3 store:0x00000034
          32214	     16103	001000fc	00850513	addi	x10,x10,8	 x10:0x00101bcc x10=0x00101bd4
          32216	     16104	00100100	00068863	beq	x13,x0,100110	 x13:0x0000002c  x0:0x00000000
          32220	     16106	00100104	00d7a023	sw	x13,0(x15)	 x15:0x00020000 x13:0x0000002c PA:0x00020000 store:0x0000002c load:0x00000000
          32224	     16108	00100108	00054803	lbu	x16,0(x10)	 x10:0x00101bd4 x16=0x00000020 PA:0x00101bd4 store:0x00000000
          32228	     16110	0010010c	fa0810e3	bne	x16,x0,1000ac	 x16:0x00000020  x0:0x00000000
          32234	     16113	001000ac	0107a023	sw	x16,0(x15)	 x15:0x00020000 x16:0x00000020 PA:0x00020000 store:0x00000020 load:0x00000000
          32238	     16115	001000b0	00154703	lbu	x14,1(x10)	 x10:0x00101bd4 x14=0x00000065 PA:0x00101bd5 store:0x00101724
          32240	     16116	001000b4	04070e63	beq	x14,x0,100110	 x14:0x00000065  x0:0x00000000
          32244	     16118	001000b8	00e7a023	sw	x14,0(x15)	 x15:0x00020000 x14:0x00000065 PA:0x00020000 store:0x00000065 load:0x00000000
          32248	     16120	001000bc	00254283	lbu	x5,2(x10)	 x10:0x00101bd4  x5=0x00000078 PA:0x00101bd6 store:0x00137fa0
          32250	     16121	001000c0	04028863	beq	x5,x0,100110	  x5:0x00000078  x0:0x00000000
          32254	     16123	001000c4	0057a023	sw	x5,0(x15)	 x15:0x00020000  x5:0x00000078 PA:0x00020000 store:0x00000078 load:0x00000000
          32258	     16125	001000c8	00354303	lbu	x6,3(x10)	 x10:0x00101bd4  x6=0x00000070 PA:0x00101bd7 store:0x00000000
          32260	     16126	001000cc	04030263	beq	x6,x0,100110	  x6:0x00000070  x0:0x00000000
          32264	     16128	001000d0	0067a023	sw	x6,0(x15)	 x15:0x00020000  x6:0x00000070 PA:0x00020000 store:0x00000070 load:0x00000000
          32268	     16130	001000d4	00454383	lbu	x7,4(x10)	 x10:0x00101bd4  x7=0x00000065 PA:0x00101bd8 store:0x00000000
          32270	     16131	001000d8	02038c63	beq	x7,x0,100110	  x7:0x00000065  x0:0x00000000
          32274	     16133	001000dc	0077a023	sw	x7,0(x15)	 x15:0x00020000  x7:0x00000065 PA:0x00020000 store:0x00000065 load:0x00000000
          32278	     16135	001000e0	00554583	lbu	x11,5(x10)	 x10:0x00101bd4 x11=0x00000063 PA:0x00101bd9 store:0x00000078
          32280	     16136	001000e4	02058663	beq	x11,x0,100110	 x11:0x00000063  x0:0x00000000
          32284	     16138	001000e8	00b7a023	sw	x11,0(x15)	 x15:0x00020000 x11:0x00000063 PA:0x00020000 store:0x00000063 load:0x00000000
          32288	     16140	001000ec	00654603	lbu	x12,6(x10)	 x10:0x00101bd4 x12=0x00000074 PA:0x00101bda store:0x00000070
          32290	     16141	001000f0	02060063	beq	x12,x0,100110	 x12:0x00000074  x0:0x00000000
          32294	     16143	001000f4	00c7a023	sw	x12,0(x15)	 x15:0x00020000 x12:0x00000074 PA:0x00020000 store:0x00000074 load:0x00000000
          32298	     16145	001000f8	00754683	lbu	x13,7(x10)	 x10:0x00101bd4 x13=0x00000069 PA:0x00101bdb store:0x00000065
          32300	     16146	001000fc	00850513	addi	x10,x10,8	 x10:0x00101bd4 x10=0x00101bdc
          32302	     16147	00100100	00068863	beq	x13,x0,100110	 x13:0x00000069  x0:0x00000000
          32306	     16149	00100104	00d7a023	sw	x13,0(x15)	 x15:0x00020000 x13:0x00000069 PA:0x00020000 store:0x00000069 load:0x00000000
          32310	     16151	00100108	00054803	lbu	x16,0(x10)	 x10:0x00101bdc x16=0x0000006e PA:0x00101bdc store:0x00000000
          32314	     16153	0010010c	fa0810e3	bne	x16,x0,1000ac	 x16:0x0000006e  x0:0x00000000
          32320	     16156	001000ac	0107a023	sw	x16,0(x15)	 x15:0x00020000 x16:0x0000006e PA:0x00020000 store:0x0000006e load:0x00000000
          32324	     16158	001000b0	00154703	lbu	x14,1(x10)	 x10:0x00101bdc x14=0x00000067 PA:0x00101bdd store:0x00101724
          32326	     16159	001000b4	04070e63	beq	x14,x0,100110	 x14:0x00000067  x0:0x00000000
          32330	     16161	001000b8	00e7a023	sw	x14,0(x15)	 x15:0x00020000 x14:0x00000067 PA:0x00020000 store:0x00000067 load:0x00000000
          32334	     16163	001000bc	00254283	lbu	x5,2(x10)	 x10:0x00101bdc  x5=0x0000003a PA:0x00101bde store:0x00137fa0
          32336	     16164	001000c0	04028863	beq	x5,x0,100110	  x5:0x0000003a  x0:0x00000000
          32340	     16166	001000c4	0057a023	sw	x5,0(x15)	 x15:0x00020000  x5:0x0000003a PA:0x00020000 store:0x0000003a load:0x00000000
          32344	     16168	001000c8	00354303	lbu	x6,3(x10)	 x10:0x00101bdc  x6=0x00000020 PA:0x00101bdf store:0x00000000
          32346	     16169	001000cc	04030263	beq	x6,x0,100110	  x6:0x00000020  x0:0x00000000
          32350	     16171	001000d0	0067a023	sw	x6,0(x15)	 x15:0x00020000  x6:0x00000020 PA:0x00020000 store:0x00000020 load:0x00000000
          32354	     16173	001000d4	00454383	lbu	x7,4(x10)	 x10:0x00101bdc  x7=0x00000030 PA:0x00101be0 store:0x00000000
          32356	     16174	001000d8	02038c63	beq	x7,x0,100110	  x7:0x00000030  x0:0x00000000
          32360	     16176	001000dc	0077a023	sw	x7,0(x15)	 x15:0x00020000  x7:0x00000030 PA:0x00020000 store:0x00000030 load:0x00000000
          32364	     16178	001000e0	00554583	lbu	x11,5(x10)	 x10:0x00101bdc x11=0x00000078 PA:0x00101be1 store:0x0000003a
          32366	     16179	001000e4	02058663	beq	x11,x0,100110	 x11:0x00000078  x0:0x00000000
          32370	     16181	001000e8	00b7a023	sw	x11,0(x15)	 x15:0x00020000 x11:0x00000078 PA:0x00020000 store:0x00000078 load:0x00000000
          32374	     16183	001000ec	00654603	lbu	x12,6(x10)	 x10:0x00101bdc x12=0x00000030 PA:0x00101be2 store:0x00000020
          32376	     16184	001000f0	02060063	beq	x12,x0,100110	 x12:0x00000030  x0:0x00000000
          32380	     16186	001000f4	00c7a023	sw	x12,0(x15)	 x15:0x00020000 x12:0x00000030 PA:0x00020000 store:0x00000030 load:0x00000000
          32384	     16188	001000f8	00754683	lbu	x13,7(x10)	 x10:0x00101bdc x13=0x00000030 PA:0x00101be3 store:0x00000030
          32386	     16189	001000fc	00850513	addi	x10,x10,8	 x10:0x00101bdc x10=0x00101be4
          32388	     16190	00100100	00068863	beq	x13,x0,100110	 x13:0x00000030  x0:0x00000000
          32392	     16192	00100104	00d7a023	sw	x13,0(x15)	 x15:0x00020000 x13:0x00000030 PA:0x00020000 store:0x00000030 load:0x00000000
          32396	     16194	00100108	00054803	lbu	x16,0(x10)	 x10:0x00101be4 x16=0x00000030 PA:0x00101be4 store:0x00000000
          32400	     16196	0010010c	fa0810e3	bne	x16,x0,1000ac	 x16:0x00000030  x0:0x00000000
          32406	     16199	001000ac	0107a023	sw	x16,0(x15)	 x15:0x00020000 x16:0x00000030 PA:0x00020000 store:0x00000030 load:0x00000000
          32410	     16201	001000b0	00154703	lbu	x14,1(x10)	 x10:0x00101be4 x14=0x00000030 PA:0x00101be5 store:0x00101724
          32412	     16202	001000b4	04070e63	beq	x14,x0,100110	 x14:0x00000030  x0:0x00000000
          32416	     16204	001000b8	00e7a023	sw	x14,0(x15)	 x15:0x00020000 x14:0x00000030 PA:0x00020000 store:0x00000030 load:0x00000000
          32420	     16206	001000bc	00254283	lbu	x5,2(x10)	 x10:0x00101be4  x5=0x00000030 PA:0x00101be6 store:0x00137fa0
          32422	     16207	001000c0	04028863	beq	x5,x0,100110	  x5:0x00000030  x0:0x00000000
          32426	     16209	001000c4	0057a023	sw	x5,0(x15)	 x15:0x00020000  x5:0x00000030 PA:0x00020000 store:0x00000030 load:0x00000000
          32430	     16211	001000c8	00354303	lbu	x6,3(x10)	 x10:0x00101be4  x6=0x00000030 PA:0x00101be7 store:0x00000000
          32432	     16212	001000cc	04030263	beq	x6,x0,100110	  x6:0x00000030  x0:0x00000000
          32436	     16214	001000d0	0067a023	sw	x6,0(x15)	 x15:0x00020000  x6:0x00000030 PA:0x00020000 store:0x00000030 load:0x00000000
          32440	     16216	001000d4	00454383	lbu	x7,4(x10)	 x10:0x00101be4  x7=0x00000037 PA:0x00101be8 store:0x00000000
          32442	     16217	001000d8	02038c63	beq	x7,x0,100110	  x7:0x00000037  x0:0x00000000
          32446	     16219	001000dc	0077a023	sw	x7,0(x15)	 x15:0x00020000  x7:0x00000037 PA:0x00020000 store:0x00000037 load:0x00000000
          32450	     16221	001000e0	00554583	lbu	x11,5(x10)	 x10:0x00101be4 x11=0x0000003a PA:0x00101be9 store:0x00000030
          32452	     16222	001000e4	02058663	beq	x11,x0,100110	 x11:0x0000003a  x0:0x00000000
          32456	     16224	001000e8	00b7a023	sw	x11,0(x15)	 x15:0x00020000 x11:0x0000003a PA:0x00020000 store:0x0000003a load:0x00000000
          32460	     16226	001000ec	00654603	lbu	x12,6(x10)	 x10:0x00101be4 x12=0x00000020 PA:0x00101bea store:0x00000030
          32462	     16227	001000f0	02060063	beq	x12,x0,100110	 x12:0x00000020  x0:0x00000000
          32466	     16229	001000f4	00c7a023	sw	x12,0(x15)	 x15:0x00020000 x12:0x00000020 PA:0x00020000 store:0x00000020 load:0x00000000
          32470	     16231	001000f8	00754683	lbu	x13,7(x10)	 x10:0x00101be4 x13=0x00000000 PA:0x00101beb store:0x00000037
          32472	     16232	001000fc	00850513	addi	x10,x10,8	 x10:0x00101be4 x10=0x00101bec
          32476	     16234	00100100	00068863	beq	x13,x0,100110	 x13:0x00000000  x0:0x00000000
          32480	     16236	00100110	00000513	addi	x10,x0,0	  x0:0x00000000 x10=0x00000000
          32484	     16238	00100114	00008067	jalr	x0,0(x1)	  x1:0x00101724  x0=0x00000000
          32488	     16240	00101724	cf8a2503	lw	x10,-776(x20)	 x20:0x00102000 x10=0x00000007 PA:0x00101cf8 store:0x80000000
          32492	     16242	00101728	9f9fe0ef	jal	x1,100120	  x1=0x0010172c
          32494	     16243	00100120	01c55793	srli	x15,x10,0x1c	 x10:0x00000007 x15=0x00000000
          32496	     16244	00100124	00900713	addi	x14,x0,9	  x0:0x00000000 x14=0x00000009
          32500	     16246	00100128	0cf77a63	bgeu	x14,x15,1001fc	 x14:0x00000009 x15:0x00000000
          32504	     16248	001001fc	03078393	addi	x7,x15,48	 x15:0x00000000  x7=0x00000030
          32506	     16249	00100200	000205b7	lui	x11,0x20	 x11=0x00020000
          32508	     16250	00100204	00451613	slli	x12,x10,0x4	 x10:0x00000007 x12=0x00000070
          32512	     16252	00100208	0075a023	sw	x7,0(x11)	 x11:0x00020000  x7:0x00000030 PA:0x00020000 store:0x00000030 load:0x00000000
          32514	     16253	0010020c	01c65693	srli	x13,x12,0x1c	 x12:0x00000070 x13=0x00000000
          32516	     16254	00100210	00900813	addi	x16,x0,9	  x0:0x00000000 x16=0x00000009
          32518	     16255	00100214	f2d86ae3	bltu	x16,x13,100148	 x16:0x00000009 x13:0x00000000
          32520	     16256	00100218	03068e93	addi	x29,x13,48	 x13:0x00000000 x29=0x00000030
          32522	     16257	0010021c	00020f37	lui	x30,0x20	 x30=0x00020000
          32524	     16258	00100220	00851f93	slli	x31,x10,0x8	 x10:0x00000007 x31=0x00000700
          32528	     16260	00100224	01df2023	sw	x29,0(x30)	 x30:0x00020000 x29:0x00000030 PA:0x00020000 store:0x00000030 load:0x00000000
          32530	     16261	00100228	01cfd793	srli	x15,x31,0x1c	 x31:0x00000700 x15=0x00000000
          32532	     16262	0010022c	00900713	addi	x14,x0,9	  x0:0x00000000 x14=0x00000009
          32534	     16263	00100230	f2f76ae3	bltu	x14,x15,100164	 x14:0x00000009 x15:0x00000000
          32536	     16264	00100234	03078393	addi	x7,x15,48	 x15:0x00000000  x7=0x00000030
          32538	     16265	00100238	000205b7	lui	x11,0x20	 x11=0x00020000
          32540	     16266	0010023c	00c51613	slli	x12,x10,0xc	 x10:0x00000007 x12=0x00007000
          32544	     16268	00100240	0075a023	sw	x7,0(x11)	 x11:0x00020000  x7:0x00000030 PA:0x00020000 store:0x00000030 load:0x00000000
          32546	     16269	00100244	01c65693	srli	x13,x12,0x1c	 x12:0x00007000 x13=0x00000000
          32548	     16270	00100248	00900813	addi	x16,x0,9	  x0:0x00000000 x16=0x00000009
          32550	     16271	0010024c	f2d86ae3	bltu	x16,x13,100180	 x16:0x00000009 x13:0x00000000
          32552	     16272	00100250	03068e93	addi	x29,x13,48	 x13:0x00000000 x29=0x00000030
          32554	     16273	00100254	00020f37	lui	x30,0x20	 x30=0x00020000
          32556	     16274	00100258	01051f93	slli	x31,x10,0x10	 x10:0x00000007 x31=0x00070000
          32560	     16276	0010025c	01df2023	sw	x29,0(x30)	 x30:0x00020000 x29:0x00000030 PA:0x00020000 store:0x00000030 load:0x00000000
          32562	     16277	00100260	01cfd793	srli	x15,x31,0x1c	 x31:0x00070000 x15=0x00000000
          32564	     16278	00100264	00900713	addi	x14,x0,9	  x0:0x00000000 x14=0x00000009
          32566	     16279	00100268	f2f76ae3	bltu	x14,x15,10019c	 x14:0x00000009 x15:0x00000000
          32568	     16280	0010026c	03078393	addi	x7,x15,48	 x15:0x00000000  x7=0x00000030
          32570	     16281	00100270	000205b7	lui	x11,0x20	 x11=0x00020000
          32572	     16282	00100274	01451613	slli	x12,x10,0x14	 x10:0x00000007 x12=0x00700000
          32576	     16284	00100278	0075a023	sw	x7,0(x11)	 x11:0x00020000  x7:0x00000030 PA:0x00020000 store:0x00000030 load:0x00000000
          32578	     16285	0010027c	01c65693	srli	x13,x12,0x1c	 x12:0x00700000 x13=0x00000000
          32580	     16286	00100280	00900813	addi	x16,x0,9	  x0:0x00000000 x16=0x00000009
          32582	     16287	00100284	f2d86ae3	bltu	x16,x13,1001b8	 x16:0x00000009 x13:0x00000000
          32584	     16288	00100288	03068e93	addi	x29,x13,48	 x13:0x00000000 x29=0x00000030
          32586	     16289	0010028c	00020f37	lui	x30,0x20	 x30=0x00020000
          32588	     16290	00100290	01851f93	slli	x31,x10,0x18	 x10:0x00000007 x31=0x07000000
          32592	     16292	00100294	01df2023	sw	x29,0(x30)	 x30:0x00020000 x29:0x00000030 PA:0x00020000 store:0x00000030 load:0x00000000
          32594	     16293	00100298	01cfd793	srli	x15,x31,0x1c	 x31:0x07000000 x15=0x00000000
          32596	     16294	0010029c	00900713	addi	x14,x0,9	  x0:0x00000000 x14=0x00000009
          32598	     16295	001002a0	f2f76ae3	bltu	x14,x15,1001d4	 x14:0x00000009 x15:0x00000000
          32600	     16296	001002a4	03078393	addi	x7,x15,48	 x15:0x00000000  x7=0x00000030
          32602	     16297	001002a8	000205b7	lui	x11,0x20	 x11=0x00020000
          32606	     16299	001002ac	0075a023	sw	x7,0(x11)	 x11:0x00020000  x7:0x00000030 PA:0x00020000 store:0x00000030 load:0x00000000
          32608	     16300	001002b0	00f57513	andi	x10,x10,15	 x10:0x00000007 x10=0x00000007
          32610	     16301	001002b4	00900613	addi	x12,x0,9	  x0:0x00000000 x12=0x00000009
          32614	     16303	001002b8	f2a67ae3	bgeu	x12,x10,1001ec	 x12:0x00000009 x10:0x00000007
          32618	     16305	001001ec	03050893	addi	x17,x10,48	 x10:0x00000007 x17=0x00000037
          32620	     16306	001001f0	00020e37	lui	x28,0x20	 x28=0x00020000
          32624	     16308	001001f4	011e2023	sw	x17,0(x28)	 x28:0x00020000 x17:0x00000037 PA:0x00020000 store:0x00000037 load:0x00000000
          32628	     16310	001001f8	00008067	jalr	x0,0(x1)	  x1:0x0010172c  x0=0x00000000
          32636	     16314	0010172c	00102637	lui	x12,0x102	 x12=0x00102000
          32638	     16315	00101730	95c62a07	flw	f20,-1700(x12)	 f12:0x00102000 f20=0x00000000 PA:0x0010195c store:0x4019999a
          32640	     16316	00101734	00102837	lui	x16,0x102	 x16=0x00102000
          32642	     16317	00101738	96082987	flw	f19,-1696(x16)	 f16:0x00102000 f19=0x00000000 PA:0x00101960 store:0x7fa00000
          32644	     16318	0010173c	d34ba227	fsw	f20,-732(x23)	 f23:0x00102000 f20:0x00102000 PA:0x00101d24 store:0x7f167699 load:0x7f1dfc87
          32646	     16319	00101740	001028b7	lui	x17,0x102	 x17=0x00102000
          32648	     16320	00101744	d33ca027	fsw	f19,-736(x25)	 f25:0x00102000 f19:0x00000080 PA:0x00101d20 store:0x7f1dfc87 load:0x7f1dfc87
          32650	     16321	00101748	d24ba687	flw	f13,-732(x23)	 f23:0x00102000 f13=0x00000000 PA:0x00101d24 store:0x80000000
          32652	     16322	0010174c	d20ca387	flw	f7,-736(x25)	 f25:0x00102000  f7=0x00000000 PA:0x00101d20 store:0x7fa00000
          32654	     16323	00101750	28768553	fmin.s	f10,f13,f7	 f13:0x00000000  f7:0x00000030 f10=0x00000000
          32656	     16324	00101754	d0aaa027	fsw	f10,-768(x21)	 f21:0x00102000 f10:0x00000007 PA:0x00101d00 store:0x7f167699 load:0x7f1dfc87
          32658	     16325	00101758	d00aa807	flw	f16,-768(x21)	 f21:0x00102000 f16=0x00000000 PA:0x00101d00 store:0x7fa00000
          32660	     16326	0010175c	bec88513	addi	x10,x17,-1044	 x17:0x00102000 x10=0x00101bec
          32662	     16327	00101760	e0080e53	fmv.x.w	x28,f16	 f16:0x00102000 x28=0x7f167699
          32664	     16328	00101764	cfca2c23	sw	x28,-776(x20)	 x20:0x00102000 x28:0x7f167699 PA:0x00101cf8 store:0x7f167699 load:0x7f167699
          32666	     16329	00101768	939fe0ef	jal	x1,1000a0	  x1=0x0010176c
          32670	     16331	001000a0	00054803	lbu	x16,0(x10)	 x10:0x00101bec x16=0x0000000a PA:0x00101bec store:0x00000000
          32672	     16332	001000a4	06080663	beq	x16,x0,100110	 x16:0x0000000a  x0:0x00000000
          32674	     16333	001000a8	000207b7	lui	x15,0x20	 x15=0x00020000
          32678	     16335	001000ac	0107a023	sw	x16,0(x15)	 x15:0x00020000 x16:0x0000000a PA:0x00020000 store:0x0000000a load:0x00000000
          32682	     16337	001000b0	00154703	lbu	x14,1(x10)	 x10:0x00101bec x14=0x00000020 PA:0x00101bed store:0x0010176c
          32684	     16338	001000b4	04070e63	beq	x14,x0,100110	 x14:0x00000020  x0:0x00000000
          32688	     16340	001000b8	00e7a023	sw	x14,0(x15)	 x15:0x00020000 x14:0x00000020 PA:0x00020000 store:0x00000020 load:0x00000000
          32692	     16342	001000bc	00254283	lbu	x5,2(x10)	 x10:0x00101bec  x5=0x0000004d PA:0x00101bee store:0x00137fa0
          32694	     16343	001000c0	04028863	beq	x5,x0,100110	  x5:0x0000004d  x0:0x00000000
          32698	     16345	001000c4	0057a023	sw	x5,0(x15)	 x15:0x00020000  x5:0x0000004d PA:0x00020000 store:0x0000004d load:0x00000000
          32702	     16347	001000c8	00354303	lbu	x6,3(x10)	 x10:0x00101bec  x6=0x00000069 PA:0x00101bef store:0x00000000
          32704	     16348	001000cc	04030263	beq	x6,x0,100110	  x6:0x00000069  x0:0x00000000
          32708	     16350	001000d0	0067a023	sw	x6,0(x15)	 x15:0x00020000  x6:0x00000069 PA:0x00020000 store:0x00000069 load:0x00000000
          32712	     16352	001000d4	00454383	lbu	x7,4(x10)	 x10:0x00101bec  x7=0x0000006e PA:0x00101bf0 store:0x00000000
          32714	     16353	001000d8	02038c63	beq	x7,x0,100110	  x7:0x0000006e  x0:0x00000000
          32718	     16355	001000dc	0077a023	sw	x7,0(x15)	 x15:0x00020000  x7:0x0000006e PA:0x00020000 store:0x0000006e load:0x00000000
          32722	     16357	001000e0	00554583	lbu	x11,5(x10)	 x10:0x00101bec x11=0x00000028 PA:0x00101bf1 store:0x0000004d
          32724	     16358	001000e4	02058663	beq	x11,x0,100110	 x11:0x00000028  x0:0x00000000
          32728	     16360	001000e8	00b7a023	sw	x11,0(x15)	 x15:0x00020000 x11:0x00000028 PA:0x00020000 store:0x00000028 load:0x00000000
          32732	     16362	001000ec	00654603	lbu	x12,6(x10)	 x10:0x00101bec x12=0x00000032 PA:0x00101bf2 store:0x00000069
          32734	     16363	001000f0	02060063	beq	x12,x0,100110	 x12:0x00000032  x0:0x00000000
          32738	     16365	001000f4	00c7a023	sw	x12,0(x15)	 x15:0x00020000 x12:0x00000032 PA:0x00020000 store:0x00000032 load:0x00000000
          32742	     16367	001000f8	00754683	lbu	x13,7(x10)	 x10:0x00101bec x13=0x0000002e PA:0x00101bf3 store:0x0000006e
          32744	     16368	001000fc	00850513	addi	x10,x10,8	 x10:0x00101bec x10=0x00101bf4
          32746	     16369	00100100	00068863	beq	x13,x0,100110	 x13:0x0000002e  x0:0x00000000
          32750	     16371	00100104	00d7a023	sw	x13,0(x15)	 x15:0x00020000 x13:0x0000002e PA:0x00020000 store:0x0000002e load:0x00000000
          32754	     16373	00100108	00054803	lbu	x16,0(x10)	 x10:0x00101bf4 x16=0x00000030 PA:0x00101bf4 store:0x00000000
          32758	     16375	0010010c	fa0810e3	bne	x16,x0,1000ac	 x16:0x00000030  x0:0x00000000
          32764	     16378	001000ac	0107a023	sw	x16,0(x15)	 x15:0x00020000 x16:0x00000030 PA:0x00020000 store:0x00000030 load:0x00000000
          32768	     16380	001000b0	00154703	lbu	x14,1(x10)	 x10:0x00101bf4 x14=0x00000065 PA:0x00101bf5 store:0x0010176c
          32770	     16381	001000b4	04070e63	beq	x14,x0,100110	 x14:0x00000065  x0:0x00000000
          32774	     16383	001000b8	00e7a023	sw	x14,0(x15)	 x15:0x00020000 x14:0x00000065 PA:0x00020000 store:0x00000065 load:0x00000000
          32778	     16385	001000bc	00254283	lbu	x5,2(x10)	 x10:0x00101bf4  x5=0x00000033 PA:0x00101bf6 store:0x00137fa0
          32780	     16386	001000c0	04028863	beq	x5,x0,100110	  x5:0x00000033  x0:0x00000000
          32784	     16388	001000c4	0057a023	sw	x5,0(x15)	 x15:0x00020000  x5:0x00000033 PA:0x00020000 store:0x00000033 load:0x00000000
          32788	     16390	001000c8	00354303	lbu	x6,3(x10)	 x10:0x00101bf4  x6=0x00000038 PA:0x00101bf7 store:0x00000000
          32790	     16391	001000cc	04030263	beq	x6,x0,100110	  x6:0x00000038  x0:0x00000000
          32794	     16393	001000d0	0067a023	sw	x6,0(x15)	 x15:0x00020000  x6:0x00000038 PA:0x00020000 store:0x00000038 load:0x00000000
          32798	     16395	001000d4	00454383	lbu	x7,4(x10)	 x10:0x00101bf4  x7=0x00000066 PA:0x00101bf8 store:0x00000000
          32800	     16396	001000d8	02038c63	beq	x7,x0,100110	  x7:0x00000066  x0:0x00000000
          32804	     16398	001000dc	0077a023	sw	x7,0(x15)	 x15:0x00020000  x7:0x00000066 PA:0x00020000 store:0x00000066 load:0x00000000
          32808	     16400	001000e0	00554583	lbu	x11,5(x10)	 x10:0x00101bf4 x11=0x0000002c PA:0x00101bf9 store:0x00000033
          32810	     16401	001000e4	02058663	beq	x11,x0,100110	 x11:0x0000002c  x0:0x00000000
          32814	     16403	001000e8	00b7a023	sw	x11,0(x15)	 x15:0x00020000 x11:0x0000002c PA:0x00020000 store:0x0000002c load:0x00000000
          32818	     16405	001000ec	00654603	lbu	x12,6(x10)	 x10:0x00101bf4 x12=0x00000020 PA:0x00101bfa store:0x00000038
          32820	     16406	001000f0	02060063	beq	x12,x0,100110	 x12:0x00000020  x0:0x00000000
          32824	     16408	001000f4	00c7a023	sw	x12,0(x15)	 x15:0x00020000 x12:0x00000020 PA:0x00020000 store:0x00000020 load:0x00000000
          32828	     16410	001000f8	00754683	lbu	x13,7(x10)	 x10:0x00101bf4 x13=0x00000032 PA:0x00101bfb store:0x00000066
          32830	     16411	001000fc	00850513	addi	x10,x10,8	 x10:0x00101bf4 x10=0x00101bfc
          32832	     16412	00100100	00068863	beq	x13,x0,100110	 x13:0x00000032  x0:0x00000000
          32836	     16414	00100104	00d7a023	sw	x13,0(x15)	 x15:0x00020000 x13:0x00000032 PA:0x00020000 store:0x00000032 load:0x00000000
          32840	     16416	00100108	00054803	lbu	x16,0(x10)	 x10:0x00101bfc x16=0x0000002e PA:0x00101bfc store:0x00000000
          32844	     16418	0010010c	fa0810e3	bne	x16,x0,1000ac	 x16:0x0000002e  x0:0x00000000
          32850	     16421	001000ac	0107a023	sw	x16,0(x15)	 x15:0x00020000 x16:0x0000002e PA:0x00020000 store:0x0000002e load:0x00000000
          32854	     16423	001000b0	00154703	lbu	x14,1(x10)	 x10:0x00101bfc x14=0x00000031 PA:0x00101bfd store:0x0010176c
          32856	     16424	001000b4	04070e63	beq	x14,x0,100110	 x14:0x00000031  x0:0x00000000
          32860	     16426	001000b8	00e7a023	sw	x14,0(x15)	 x15:0x00020000 x14:0x00000031 PA:0x00020000 store:0x00000031 load:0x00000000
          32864	     16428	001000bc	00254283	lbu	x5,2(x10)	 x10:0x00101bfc  x5=0x00000065 PA:0x00101bfe store:0x00137fa0
          32866	     16429	001000c0	04028863	beq	x5,x0,100110	  x5:0x00000065  x0:0x00000000
          32870	     16431	001000c4	0057a023	sw	x5,0(x15)	 x15:0x00020000  x5:0x00000065 PA:0x00020000 store:0x00000065 load:0x00000000
          32874	     16433	001000c8	00354303	lbu	x6,3(x10)	 x10:0x00101bfc  x6=0x00000033 PA:0x00101bff store:0x00000000
          32876	     16434	001000cc	04030263	beq	x6,x0,100110	  x6:0x00000033  x0:0x00000000
          32880	     16436	001000d0	0067a023	sw	x6,0(x15)	 x15:0x00020000  x6:0x00000033 PA:0x00020000 store:0x00000033 load:0x00000000
          32884	     16438	001000d4	00454383	lbu	x7,4(x10)	 x10:0x00101bfc  x7=0x00000038 PA:0x00101c00 store:0x00000000
          32886	     16439	001000d8	02038c63	beq	x7,x0,100110	  x7:0x00000038  x0:0x00000000
          32890	     16441	001000dc	0077a023	sw	x7,0(x15)	 x15:0x00020000  x7:0x00000038 PA:0x00020000 store:0x00000038 load:0x00000000
          32894	     16443	001000e0	00554583	lbu	x11,5(x10)	 x10:0x00101bfc x11=0x00000066 PA:0x00101c01 store:0x00000065
          32896	     16444	001000e4	02058663	beq	x11,x0,100110	 x11:0x00000066  x0:0x00000000
          32900	     16446	001000e8	00b7a023	sw	x11,0(x15)	 x15:0x00020000 x11:0x00000066 PA:0x00020000 store:0x00000066 load:0x00000000
          32904	     16448	001000ec	00654603	lbu	x12,6(x10)	 x10:0x00101bfc x12=0x00000029 PA:0x00101c02 store:0x00000033
          32906	     16449	001000f0	02060063	beq	x12,x0,100110	 x12:0x00000029  x0:0x00000000
          32910	     16451	001000f4	00c7a023	sw	x12,0(x15)	 x15:0x00020000 x12:0x00000029 PA:0x00020000 store:0x00000029 load:0x00000000
          32914	     16453	001000f8	00754683	lbu	x13,7(x10)	 x10:0x00101bfc x13=0x0000002c PA:0x00101c03 store:0x00000038
          32916	     16454	001000fc	00850513	addi	x10,x10,8	 x10:0x00101bfc x10=0x00101c04
          32918	     16455	00100100	00068863	beq	x13,x0,100110	 x13:0x0000002c  x0:0x00000000
          32922	     16457	00100104	00d7a023	sw	x13,0(x15)	 x15:0x00020000 x13:0x0000002c PA:0x00020000 store:0x0000002c load:0x00000000
          32926	     16459	00100108	00054803	lbu	x16,0(x10)	 x10:0x00101c04 x16=0x00000020 PA:0x00101c04 store:0x00000000
          32930	     16461	0010010c	fa0810e3	bne	x16,x0,1000ac	 x16:0x00000020  x0:0x00000000
          32936	     16464	001000ac	0107a023	sw	x16,0(x15)	 x15:0x00020000 x16:0x00000020 PA:0x00020000 store:0x00000020 load:0x00000000
          32940	     16466	001000b0	00154703	lbu	x14,1(x10)	 x10:0x00101c04 x14=0x00000065 PA:0x00101c05 store:0x0010176c
          32942	     16467	001000b4	04070e63	beq	x14,x0,100110	 x14:0x00000065  x0:0x00000000
          32946	     16469	001000b8	00e7a023	sw	x14,0(x15)	 x15:0x00020000 x14:0x00000065 PA:0x00020000 store:0x00000065 load:0x00000000
          32950	     16471	001000bc	00254283	lbu	x5,2(x10)	 x10:0x00101c04  x5=0x00000078 PA:0x00101c06 store:0x00137fa0
          32952	     16472	001000c0	04028863	beq	x5,x0,100110	  x5:0x00000078  x0:0x00000000
          32956	     16474	001000c4	0057a023	sw	x5,0(x15)	 x15:0x00020000  x5:0x00000078 PA:0x00020000 store:0x00000078 load:0x00000000
          32960	     16476	001000c8	00354303	lbu	x6,3(x10)	 x10:0x00101c04  x6=0x00000070 PA:0x00101c07 store:0x00000000
          32962	     16477	001000cc	04030263	beq	x6,x0,100110	  x6:0x00000070  x0:0x00000000
          32966	     16479	001000d0	0067a023	sw	x6,0(x15)	 x15:0x00020000  x6:0x00000070 PA:0x00020000 store:0x00000070 load:0x00000000
          32970	     16481	001000d4	00454383	lbu	x7,4(x10)	 x10:0x00101c04  x7=0x00000065 PA:0x00101c08 store:0x00000000
          32972	     16482	001000d8	02038c63	beq	x7,x0,100110	  x7:0x00000065  x0:0x00000000
          32976	     16484	001000dc	0077a023	sw	x7,0(x15)	 x15:0x00020000  x7:0x00000065 PA:0x00020000 store:0x00000065 load:0x00000000
          32980	     16486	001000e0	00554583	lbu	x11,5(x10)	 x10:0x00101c04 x11=0x00000063 PA:0x00101c09 store:0x00000078
          32982	     16487	001000e4	02058663	beq	x11,x0,100110	 x11:0x00000063  x0:0x00000000
          32986	     16489	001000e8	00b7a023	sw	x11,0(x15)	 x15:0x00020000 x11:0x00000063 PA:0x00020000 store:0x00000063 load:0x00000000
          32990	     16491	001000ec	00654603	lbu	x12,6(x10)	 x10:0x00101c04 x12=0x00000074 PA:0x00101c0a store:0x00000070
          32992	     16492	001000f0	02060063	beq	x12,x0,100110	 x12:0x00000074  x0:0x00000000
          32996	     16494	001000f4	00c7a023	sw	x12,0(x15)	 x15:0x00020000 x12:0x00000074 PA:0x00020000 store:0x00000074 load:0x00000000
          33000	     16496	001000f8	00754683	lbu	x13,7(x10)	 x10:0x00101c04 x13=0x00000069 PA:0x00101c0b store:0x00000065
          33002	     16497	001000fc	00850513	addi	x10,x10,8	 x10:0x00101c04 x10=0x00101c0c
          33004	     16498	00100100	00068863	beq	x13,x0,100110	 x13:0x00000069  x0:0x00000000
          33008	     16500	00100104	00d7a023	sw	x13,0(x15)	 x15:0x00020000 x13:0x00000069 PA:0x00020000 store:0x00000069 load:0x00000000
          33012	     16502	00100108	00054803	lbu	x16,0(x10)	 x10:0x00101c0c x16=0x0000006e PA:0x00101c0c store:0x00000000
          33016	     16504	0010010c	fa0810e3	bne	x16,x0,1000ac	 x16:0x0000006e  x0:0x00000000
          33022	     16507	001000ac	0107a023	sw	x16,0(x15)	 x15:0x00020000 x16:0x0000006e PA:0x00020000 store:0x0000006e load:0x00000000
          33026	     16509	001000b0	00154703	lbu	x14,1(x10)	 x10:0x00101c0c x14=0x00000067 PA:0x00101c0d store:0x0010176c
          33028	     16510	001000b4	04070e63	beq	x14,x0,100110	 x14:0x00000067  x0:0x00000000
          33032	     16512	001000b8	00e7a023	sw	x14,0(x15)	 x15:0x00020000 x14:0x00000067 PA:0x00020000 store:0x00000067 load:0x00000000
          33036	     16514	001000bc	00254283	lbu	x5,2(x10)	 x10:0x00101c0c  x5=0x0000003a PA:0x00101c0e store:0x00137fa0
          33038	     16515	001000c0	04028863	beq	x5,x0,100110	  x5:0x0000003a  x0:0x00000000
          33042	     16517	001000c4	0057a023	sw	x5,0(x15)	 x15:0x00020000  x5:0x0000003a PA:0x00020000 store:0x0000003a load:0x00000000
          33046	     16519	001000c8	00354303	lbu	x6,3(x10)	 x10:0x00101c0c  x6=0x00000020 PA:0x00101c0f store:0x00000000
          33048	     16520	001000cc	04030263	beq	x6,x0,100110	  x6:0x00000020  x0:0x00000000
          33052	     16522	001000d0	0067a023	sw	x6,0(x15)	 x15:0x00020000  x6:0x00000020 PA:0x00020000 store:0x00000020 load:0x00000000
          33056	     16524	001000d4	00454383	lbu	x7,4(x10)	 x10:0x00101c0c  x7=0x00000030 PA:0x00101c10 store:0x00000000
          33058	     16525	001000d8	02038c63	beq	x7,x0,100110	  x7:0x00000030  x0:0x00000000
          33062	     16527	001000dc	0077a023	sw	x7,0(x15)	 x15:0x00020000  x7:0x00000030 PA:0x00020000 store:0x00000030 load:0x00000000
          33066	     16529	001000e0	00554583	lbu	x11,5(x10)	 x10:0x00101c0c x11=0x00000078 PA:0x00101c11 store:0x0000003a
          33068	     16530	001000e4	02058663	beq	x11,x0,100110	 x11:0x00000078  x0:0x00000000
          33072	     16532	001000e8	00b7a023	sw	x11,0(x15)	 x15:0x00020000 x11:0x00000078 PA:0x00020000 store:0x00000078 load:0x00000000
          33076	     16534	001000ec	00654603	lbu	x12,6(x10)	 x10:0x00101c0c x12=0x00000037 PA:0x00101c12 store:0x00000020
          33078	     16535	001000f0	02060063	beq	x12,x0,100110	 x12:0x00000037  x0:0x00000000
          33082	     16537	001000f4	00c7a023	sw	x12,0(x15)	 x15:0x00020000 x12:0x00000037 PA:0x00020000 store:0x00000037 load:0x00000000
          33086	     16539	001000f8	00754683	lbu	x13,7(x10)	 x10:0x00101c0c x13=0x00000066 PA:0x00101c13 store:0x00000030
          33088	     16540	001000fc	00850513	addi	x10,x10,8	 x10:0x00101c0c x10=0x00101c14
          33090	     16541	00100100	00068863	beq	x13,x0,100110	 x13:0x00000066  x0:0x00000000
          33094	     16543	00100104	00d7a023	sw	x13,0(x15)	 x15:0x00020000 x13:0x00000066 PA:0x00020000 store:0x00000066 load:0x00000000
          33098	     16545	00100108	00054803	lbu	x16,0(x10)	 x10:0x00101c14 x16=0x00000031 PA:0x00101c14 store:0x00000000
          33102	     16547	0010010c	fa0810e3	bne	x16,x0,1000ac	 x16:0x00000031  x0:0x00000000
          33108	     16550	001000ac	0107a023	sw	x16,0(x15)	 x15:0x00020000 x16:0x00000031 PA:0x00020000 store:0x00000031 load:0x00000000
          33112	     16552	001000b0	00154703	lbu	x14,1(x10)	 x10:0x00101c14 x14=0x00000036 PA:0x00101c15 store:0x0010176c
          33114	     16553	001000b4	04070e63	beq	x14,x0,100110	 x14:0x00000036  x0:0x00000000
          33118	     16555	001000b8	00e7a023	sw	x14,0(x15)	 x15:0x00020000 x14:0x00000036 PA:0x00020000 store:0x00000036 load:0x00000000
          33122	     16557	001000bc	00254283	lbu	x5,2(x10)	 x10:0x00101c14  x5=0x00000037 PA:0x00101c16 store:0x00137fa0
          33124	     16558	001000c0	04028863	beq	x5,x0,100110	  x5:0x00000037  x0:0x00000000
          33128	     16560	001000c4	0057a023	sw	x5,0(x15)	 x15:0x00020000  x5:0x00000037 PA:0x00020000 store:0x00000037 load:0x00000000
          33132	     16562	001000c8	00354303	lbu	x6,3(x10)	 x10:0x00101c14  x6=0x00000036 PA:0x00101c17 store:0x00000000
          33134	     16563	001000cc	04030263	beq	x6,x0,100110	  x6:0x00000036  x0:0x00000000
          33138	     16565	001000d0	0067a023	sw	x6,0(x15)	 x15:0x00020000  x6:0x00000036 PA:0x00020000 store:0x00000036 load:0x00000000
          33142	     16567	001000d4	00454383	lbu	x7,4(x10)	 x10:0x00101c14  x7=0x00000039 PA:0x00101c18 store:0x00000000
          33144	     16568	001000d8	02038c63	beq	x7,x0,100110	  x7:0x00000039  x0:0x00000000
          33148	     16570	001000dc	0077a023	sw	x7,0(x15)	 x15:0x00020000  x7:0x00000039 PA:0x00020000 store:0x00000039 load:0x00000000
          33152	     16572	001000e0	00554583	lbu	x11,5(x10)	 x10:0x00101c14 x11=0x00000039 PA:0x00101c19 store:0x00000037
          33154	     16573	001000e4	02058663	beq	x11,x0,100110	 x11:0x00000039  x0:0x00000000
          33158	     16575	001000e8	00b7a023	sw	x11,0(x15)	 x15:0x00020000 x11:0x00000039 PA:0x00020000 store:0x00000039 load:0x00000000
          33162	     16577	001000ec	00654603	lbu	x12,6(x10)	 x10:0x00101c14 x12=0x0000003a PA:0x00101c1a store:0x00000036
          33164	     16578	001000f0	02060063	beq	x12,x0,100110	 x12:0x0000003a  x0:0x00000000
          33168	     16580	001000f4	00c7a023	sw	x12,0(x15)	 x15:0x00020000 x12:0x0000003a PA:0x00020000 store:0x0000003a load:0x00000000
          33172	     16582	001000f8	00754683	lbu	x13,7(x10)	 x10:0x00101c14 x13=0x00000020 PA:0x00101c1b store:0x00000039
          33174	     16583	001000fc	00850513	addi	x10,x10,8	 x10:0x00101c14 x10=0x00101c1c
          33176	     16584	00100100	00068863	beq	x13,x0,100110	 x13:0x00000020  x0:0x00000000
          33180	     16586	00100104	00d7a023	sw	x13,0(x15)	 x15:0x00020000 x13:0x00000020 PA:0x00020000 store:0x00000020 load:0x00000000
          33184	     16588	00100108	00054803	lbu	x16,0(x10)	 x10:0x00101c1c x16=0x00000000 PA:0x00101c1c store:0x00000000
          33186	     16589	0010010c	fa0810e3	bne	x16,x0,1000ac	 x16:0x00000000  x0:0x00000000
          33188	     16590	00100110	00000513	addi	x10,x0,0	  x0:0x00000000 x10=0x00000000
          33192	     16592	00100114	00008067	jalr	x0,0(x1)	  x1:0x0010176c  x0=0x00000000
          33196	     16594	0010176c	cf8a2503	lw	x10,-776(x20)	 x20:0x00102000 x10=0x7f167699 PA:0x00101cf8 store:0x80000000
          33200	     16596	00101770	9b1fe0ef	jal	x1,100120	  x1=0x00101774
          33202	     16597	00100120	01c55793	srli	x15,x10,0x1c	 x10:0x7f167699 x15=0x00000007
          33204	     16598	00100124	00900713	addi	x14,x0,9	  x0:0x00000000 x14=0x00000009
          33208	     16600	00100128	0cf77a63	bgeu	x14,x15,1001fc	 x14:0x00000009 x15:0x00000007
          33212	     16602	001001fc	03078393	addi	x7,x15,48	 x15:0x00000007  x7=0x00000037
          33214	     16603	00100200	000205b7	lui	x11,0x20	 x11=0x00020000
          33216	     16604	00100204	00451613	slli	x12,x10,0x4	 x10:0x7f167699 x12=0xf1676990
          33220	     16606	00100208	0075a023	sw	x7,0(x11)	 x11:0x00020000  x7:0x00000037 PA:0x00020000 store:0x00000037 load:0x00000000
          33222	     16607	0010020c	01c65693	srli	x13,x12,0x1c	 x12:0xf1676990 x13=0x0000000f
          33224	     16608	00100210	00900813	addi	x16,x0,9	  x0:0x00000000 x16=0x00000009
          33228	     16610	00100214	f2d86ae3	bltu	x16,x13,100148	 x16:0x00000009 x13:0x0000000f
          33232	     16612	00100148	03768893	addi	x17,x13,55	 x13:0x0000000f x17=0x00000046
          33234	     16613	0010014c	00020e37	lui	x28,0x20	 x28=0x00020000
          33236	     16614	00100150	00851f93	slli	x31,x10,0x8	 x10:0x7f167699 x31=0x16769900
          33240	     16616	00100154	011e2023	sw	x17,0(x28)	 x28:0x00020000 x17:0x00000046 PA:0x00020000 store:0x00000046 load:0x00000000
          33242	     16617	00100158	01cfd793	srli	x15,x31,0x1c	 x31:0x16769900 x15=0x00000001
          33244	     16618	0010015c	00900713	addi	x14,x0,9	  x0:0x00000000 x14=0x00000009
          33248	     16620	00100160	0cf77a63	bgeu	x14,x15,100234	 x14:0x00000009 x15:0x00000001
          33252	     16622	00100234	03078393	addi	x7,x15,48	 x15:0x00000001  x7=0x00000031
          33254	     16623	00100238	000205b7	lui	x11,0x20	 x11=0x00020000
          33256	     16624	0010023c	00c51613	slli	x12,x10,0xc	 x10:0x7f167699 x12=0x67699000
          33260	     16626	00100240	0075a023	sw	x7,0(x11)	 x11:0x00020000  x7:0x00000031 PA:0x00020000 store:0x00000031 load:0x00000000
          33262	     16627	00100244	01c65693	srli	x13,x12,0x1c	 x12:0x67699000 x13=0x00000006
          33264	     16628	00100248	00900813	addi	x16,x0,9	  x0:0x00000000 x16=0x00000009
          33266	     16629	0010024c	f2d86ae3	bltu	x16,x13,100180	 x16:0x00000009 x13:0x00000006
          33268	     16630	00100250	03068e93	addi	x29,x13,48	 x13:0x00000006 x29=0x00000036
          33270	     16631	00100254	00020f37	lui	x30,0x20	 x30=0x00020000
          33272	     16632	00100258	01051f93	slli	x31,x10,0x10	 x10:0x7f167699 x31=0x76990000
          33276	     16634	0010025c	01df2023	sw	x29,0(x30)	 x30:0x00020000 x29:0x00000036 PA:0x00020000 store:0x00000036 load:0x00000000
          33278	     16635	00100260	01cfd793	srli	x15,x31,0x1c	 x31:0x76990000 x15=0x00000007
          33280	     16636	00100264	00900713	addi	x14,x0,9	  x0:0x00000000 x14=0x00000009
          33282	     16637	00100268	f2f76ae3	bltu	x14,x15,10019c	 x14:0x00000009 x15:0x00000007
          33284	     16638	0010026c	03078393	addi	x7,x15,48	 x15:0x00000007  x7=0x00000037
          33286	     16639	00100270	000205b7	lui	x11,0x20	 x11=0x00020000
          33288	     16640	00100274	01451613	slli	x12,x10,0x14	 x10:0x7f167699 x12=0x69900000
          33292	     16642	00100278	0075a023	sw	x7,0(x11)	 x11:0x00020000  x7:0x00000037 PA:0x00020000 store:0x00000037 load:0x00000000
          33294	     16643	0010027c	01c65693	srli	x13,x12,0x1c	 x12:0x69900000 x13=0x00000006
          33296	     16644	00100280	00900813	addi	x16,x0,9	  x0:0x00000000 x16=0x00000009
          33298	     16645	00100284	f2d86ae3	bltu	x16,x13,1001b8	 x16:0x00000009 x13:0x00000006
          33300	     16646	00100288	03068e93	addi	x29,x13,48	 x13:0x00000006 x29=0x00000036
          33302	     16647	0010028c	00020f37	lui	x30,0x20	 x30=0x00020000
          33304	     16648	00100290	01851f93	slli	x31,x10,0x18	 x10:0x7f167699 x31=0x99000000
          33308	     16650	00100294	01df2023	sw	x29,0(x30)	 x30:0x00020000 x29:0x00000036 PA:0x00020000 store:0x00000036 load:0x00000000
          33310	     16651	00100298	01cfd793	srli	x15,x31,0x1c	 x31:0x99000000 x15=0x00000009
          33312	     16652	0010029c	00900713	addi	x14,x0,9	  x0:0x00000000 x14=0x00000009
          33314	     16653	001002a0	f2f76ae3	bltu	x14,x15,1001d4	 x14:0x00000009 x15:0x00000009
          33316	     16654	001002a4	03078393	addi	x7,x15,48	 x15:0x00000009  x7=0x00000039
          33318	     16655	001002a8	000205b7	lui	x11,0x20	 x11=0x00020000
          33322	     16657	001002ac	0075a023	sw	x7,0(x11)	 x11:0x00020000  x7:0x00000039 PA:0x00020000 store:0x00000039 load:0x00000000
          33324	     16658	001002b0	00f57513	andi	x10,x10,15	 x10:0x7f167699 x10=0x00000009
          33326	     16659	001002b4	00900613	addi	x12,x0,9	  x0:0x00000000 x12=0x00000009
          33330	     16661	001002b8	f2a67ae3	bgeu	x12,x10,1001ec	 x12:0x00000009 x10:0x00000009
          33334	     16663	001001ec	03050893	addi	x17,x10,48	 x10:0x00000009 x17=0x00000039
          33336	     16664	001001f0	00020e37	lui	x28,0x20	 x28=0x00020000
          33340	     16666	001001f4	011e2023	sw	x17,0(x28)	 x28:0x00020000 x17:0x00000039 PA:0x00020000 store:0x00000039 load:0x00000000
          33344	     16668	001001f8	00008067	jalr	x0,0(x1)	  x1:0x00101774  x0=0x00000000
          33346	     16669	00101774	c20b0513	addi	x10,x22,-992	 x22:0x00102000 x10=0x00101c20
          33350	     16671	00101778	929fe0ef	jal	x1,1000a0	  x1=0x0010177c
          33354	     16673	001000a0	00054803	lbu	x16,0(x10)	 x10:0x00101c20 x16=0x0000000a PA:0x00101c20 store:0x00000000
          33356	     16674	001000a4	06080663	beq	x16,x0,100110	 x16:0x0000000a  x0:0x00000000
          33358	     16675	001000a8	000207b7	lui	x15,0x20	 x15=0x00020000
          33362	     16677	001000ac	0107a023	sw	x16,0(x15)	 x15:0x00020000 x16:0x0000000a PA:0x00020000 store:0x0000000a load:0x00000000
          33366	     16679	001000b0	00154703	lbu	x14,1(x10)	 x10:0x00101c20 x14=0x0000000a PA:0x00101c21 store:0x0010177c
          33368	     16680	001000b4	04070e63	beq	x14,x0,100110	 x14:0x0000000a  x0:0x00000000
          33372	     16682	001000b8	00e7a023	sw	x14,0(x15)	 x15:0x00020000 x14:0x0000000a PA:0x00020000 store:0x0000000a load:0x00000000
          33376	     16684	001000bc	00254283	lbu	x5,2(x10)	 x10:0x00101c20  x5=0x00000054 PA:0x00101c22 store:0x00137fa0
          33378	     16685	001000c0	04028863	beq	x5,x0,100110	  x5:0x00000054  x0:0x00000000
          33382	     16687	001000c4	0057a023	sw	x5,0(x15)	 x15:0x00020000  x5:0x00000054 PA:0x00020000 store:0x00000054 load:0x00000000
          33386	     16689	001000c8	00354303	lbu	x6,3(x10)	 x10:0x00101c20  x6=0x00000065 PA:0x00101c23 store:0x00000000
          33388	     16690	001000cc	04030263	beq	x6,x0,100110	  x6:0x00000065  x0:0x00000000
          33392	     16692	001000d0	0067a023	sw	x6,0(x15)	 x15:0x00020000  x6:0x00000065 PA:0x00020000 store:0x00000065 load:0x00000000
          33396	     16694	001000d4	00454383	lbu	x7,4(x10)	 x10:0x00101c20  x7=0x00000073 PA:0x00101c24 store:0x00000000
          33398	     16695	001000d8	02038c63	beq	x7,x0,100110	  x7:0x00000073  x0:0x00000000
          33402	     16697	001000dc	0077a023	sw	x7,0(x15)	 x15:0x00020000  x7:0x00000073 PA:0x00020000 store:0x00000073 load:0x00000000
          33406	     16699	001000e0	00554583	lbu	x11,5(x10)	 x10:0x00101c20 x11=0x00000074 PA:0x00101c25 store:0x00000054
          33408	     16700	001000e4	02058663	beq	x11,x0,100110	 x11:0x00000074  x0:0x00000000
          33412	     16702	001000e8	00b7a023	sw	x11,0(x15)	 x15:0x00020000 x11:0x00000074 PA:0x00020000 store:0x00000074 load:0x00000000
          33416	     16704	001000ec	00654603	lbu	x12,6(x10)	 x10:0x00101c20 x12=0x00000069 PA:0x00101c26 store:0x00000065
          33418	     16705	001000f0	02060063	beq	x12,x0,100110	 x12:0x00000069  x0:0x00000000
          33422	     16707	001000f4	00c7a023	sw	x12,0(x15)	 x15:0x00020000 x12:0x00000069 PA:0x00020000 store:0x00000069 load:0x00000000
          33426	     16709	001000f8	00754683	lbu	x13,7(x10)	 x10:0x00101c20 x13=0x0000006e PA:0x00101c27 store:0x00000073
          33428	     16710	001000fc	00850513	addi	x10,x10,8	 x10:0x00101c20 x10=0x00101c28
          33430	     16711	00100100	00068863	beq	x13,x0,100110	 x13:0x0000006e  x0:0x00000000
          33434	     16713	00100104	00d7a023	sw	x13,0(x15)	 x15:0x00020000 x13:0x0000006e PA:0x00020000 store:0x0000006e load:0x00000000
          33438	     16715	00100108	00054803	lbu	x16,0(x10)	 x10:0x00101c28 x16=0x00000067 PA:0x00101c28 store:0x00000000
          33442	     16717	0010010c	fa0810e3	bne	x16,x0,1000ac	 x16:0x00000067  x0:0x00000000
          33448	     16720	001000ac	0107a023	sw	x16,0(x15)	 x15:0x00020000 x16:0x00000067 PA:0x00020000 store:0x00000067 load:0x00000000
          33452	     16722	001000b0	00154703	lbu	x14,1(x10)	 x10:0x00101c28 x14=0x00000020 PA:0x00101c29 store:0x0010177c
          33454	     16723	001000b4	04070e63	beq	x14,x0,100110	 x14:0x00000020  x0:0x00000000
          33458	     16725	001000b8	00e7a023	sw	x14,0(x15)	 x15:0x00020000 x14:0x00000020 PA:0x00020000 store:0x00000020 load:0x00000000
          33462	     16727	001000bc	00254283	lbu	x5,2(x10)	 x10:0x00101c28  x5=0x0000004d PA:0x00101c2a store:0x00137fa0
          33464	     16728	001000c0	04028863	beq	x5,x0,100110	  x5:0x0000004d  x0:0x00000000
          33468	     16730	001000c4	0057a023	sw	x5,0(x15)	 x15:0x00020000  x5:0x0000004d PA:0x00020000 store:0x0000004d load:0x00000000
          33472	     16732	001000c8	00354303	lbu	x6,3(x10)	 x10:0x00101c28  x6=0x00000041 PA:0x00101c2b store:0x00000000
          33474	     16733	001000cc	04030263	beq	x6,x0,100110	  x6:0x00000041  x0:0x00000000
          33478	     16735	001000d0	0067a023	sw	x6,0(x15)	 x15:0x00020000  x6:0x00000041 PA:0x00020000 store:0x00000041 load:0x00000000
          33482	     16737	001000d4	00454383	lbu	x7,4(x10)	 x10:0x00101c28  x7=0x00000058 PA:0x00101c2c store:0x00000000
          33484	     16738	001000d8	02038c63	beq	x7,x0,100110	  x7:0x00000058  x0:0x00000000
          33488	     16740	001000dc	0077a023	sw	x7,0(x15)	 x15:0x00020000  x7:0x00000058 PA:0x00020000 store:0x00000058 load:0x00000000
          33492	     16742	001000e0	00554583	lbu	x11,5(x10)	 x10:0x00101c28 x11=0x00000020 PA:0x00101c2d store:0x0000004d
          33494	     16743	001000e4	02058663	beq	x11,x0,100110	 x11:0x00000020  x0:0x00000000
          33498	     16745	001000e8	00b7a023	sw	x11,0(x15)	 x15:0x00020000 x11:0x00000020 PA:0x00020000 store:0x00000020 load:0x00000000
          33502	     16747	001000ec	00654603	lbu	x12,6(x10)	 x10:0x00101c28 x12=0x00000069 PA:0x00101c2e store:0x00000041
          33504	     16748	001000f0	02060063	beq	x12,x0,100110	 x12:0x00000069  x0:0x00000000
          33508	     16750	001000f4	00c7a023	sw	x12,0(x15)	 x15:0x00020000 x12:0x00000069 PA:0x00020000 store:0x00000069 load:0x00000000
          33512	     16752	001000f8	00754683	lbu	x13,7(x10)	 x10:0x00101c28 x13=0x0000006e PA:0x00101c2f store:0x00000058
          33514	     16753	001000fc	00850513	addi	x10,x10,8	 x10:0x00101c28 x10=0x00101c30
          33516	     16754	00100100	00068863	beq	x13,x0,100110	 x13:0x0000006e  x0:0x00000000
          33520	     16756	00100104	00d7a023	sw	x13,0(x15)	 x15:0x00020000 x13:0x0000006e PA:0x00020000 store:0x0000006e load:0x00000000
          33524	     16758	00100108	00054803	lbu	x16,0(x10)	 x10:0x00101c30 x16=0x00000073 PA:0x00101c30 store:0x00000000
          33528	     16760	0010010c	fa0810e3	bne	x16,x0,1000ac	 x16:0x00000073  x0:0x00000000
          33534	     16763	001000ac	0107a023	sw	x16,0(x15)	 x15:0x00020000 x16:0x00000073 PA:0x00020000 store:0x00000073 load:0x00000000
          33538	     16765	001000b0	00154703	lbu	x14,1(x10)	 x10:0x00101c30 x14=0x00000074 PA:0x00101c31 store:0x0010177c
          33540	     16766	001000b4	04070e63	beq	x14,x0,100110	 x14:0x00000074  x0:0x00000000
          33544	     16768	001000b8	00e7a023	sw	x14,0(x15)	 x15:0x00020000 x14:0x00000074 PA:0x00020000 store:0x00000074 load:0x00000000
          33548	     16770	001000bc	00254283	lbu	x5,2(x10)	 x10:0x00101c30  x5=0x00000072 PA:0x00101c32 store:0x00137fa0
          33550	     16771	001000c0	04028863	beq	x5,x0,100110	  x5:0x00000072  x0:0x00000000
          33554	     16773	001000c4	0057a023	sw	x5,0(x15)	 x15:0x00020000  x5:0x00000072 PA:0x00020000 store:0x00000072 load:0x00000000
          33558	     16775	001000c8	00354303	lbu	x6,3(x10)	 x10:0x00101c30  x6=0x00000075 PA:0x00101c33 store:0x00000000
          33560	     16776	001000cc	04030263	beq	x6,x0,100110	  x6:0x00000075  x0:0x00000000
          33564	     16778	001000d0	0067a023	sw	x6,0(x15)	 x15:0x00020000  x6:0x00000075 PA:0x00020000 store:0x00000075 load:0x00000000
          33568	     16780	001000d4	00454383	lbu	x7,4(x10)	 x10:0x00101c30  x7=0x00000063 PA:0x00101c34 store:0x00000000
          33570	     16781	001000d8	02038c63	beq	x7,x0,100110	  x7:0x00000063  x0:0x00000000
          33574	     16783	001000dc	0077a023	sw	x7,0(x15)	 x15:0x00020000  x7:0x00000063 PA:0x00020000 store:0x00000063 load:0x00000000
          33578	     16785	001000e0	00554583	lbu	x11,5(x10)	 x10:0x00101c30 x11=0x00000074 PA:0x00101c35 store:0x00000072
          33580	     16786	001000e4	02058663	beq	x11,x0,100110	 x11:0x00000074  x0:0x00000000
          33584	     16788	001000e8	00b7a023	sw	x11,0(x15)	 x15:0x00020000 x11:0x00000074 PA:0x00020000 store:0x00000074 load:0x00000000
          33588	     16790	001000ec	00654603	lbu	x12,6(x10)	 x10:0x00101c30 x12=0x00000069 PA:0x00101c36 store:0x00000075
          33590	     16791	001000f0	02060063	beq	x12,x0,100110	 x12:0x00000069  x0:0x00000000
          33594	     16793	001000f4	00c7a023	sw	x12,0(x15)	 x15:0x00020000 x12:0x00000069 PA:0x00020000 store:0x00000069 load:0x00000000
          33598	     16795	001000f8	00754683	lbu	x13,7(x10)	 x10:0x00101c30 x13=0x0000006f PA:0x00101c37 store:0x00000063
          33600	     16796	001000fc	00850513	addi	x10,x10,8	 x10:0x00101c30 x10=0x00101c38
          33602	     16797	00100100	00068863	beq	x13,x0,100110	 x13:0x0000006f  x0:0x00000000
          33606	     16799	00100104	00d7a023	sw	x13,0(x15)	 x15:0x00020000 x13:0x0000006f PA:0x00020000 store:0x0000006f load:0x00000000
          33610	     16801	00100108	00054803	lbu	x16,0(x10)	 x10:0x00101c38 x16=0x0000006e PA:0x00101c38 store:0x00000000
          33614	     16803	0010010c	fa0810e3	bne	x16,x0,1000ac	 x16:0x0000006e  x0:0x00000000
          33620	     16806	001000ac	0107a023	sw	x16,0(x15)	 x15:0x00020000 x16:0x0000006e PA:0x00020000 store:0x0000006e load:0x00000000
          33624	     16808	001000b0	00154703	lbu	x14,1(x10)	 x10:0x00101c38 x14=0x00000073 PA:0x00101c39 store:0x0010177c
          33626	     16809	001000b4	04070e63	beq	x14,x0,100110	 x14:0x00000073  x0:0x00000000
          33630	     16811	001000b8	00e7a023	sw	x14,0(x15)	 x15:0x00020000 x14:0x00000073 PA:0x00020000 store:0x00000073 load:0x00000000
          33634	     16813	001000bc	00254283	lbu	x5,2(x10)	 x10:0x00101c38  x5=0x0000003a PA:0x00101c3a store:0x00137fa0
          33636	     16814	001000c0	04028863	beq	x5,x0,100110	  x5:0x0000003a  x0:0x00000000
          33640	     16816	001000c4	0057a023	sw	x5,0(x15)	 x15:0x00020000  x5:0x0000003a PA:0x00020000 store:0x0000003a load:0x00000000
          33644	     16818	001000c8	00354303	lbu	x6,3(x10)	 x10:0x00101c38  x6=0x00000020 PA:0x00101c3b store:0x00000000
          33646	     16819	001000cc	04030263	beq	x6,x0,100110	  x6:0x00000020  x0:0x00000000
          33650	     16821	001000d0	0067a023	sw	x6,0(x15)	 x15:0x00020000  x6:0x00000020 PA:0x00020000 store:0x00000020 load:0x00000000
          33654	     16823	001000d4	00454383	lbu	x7,4(x10)	 x10:0x00101c38  x7=0x00000000 PA:0x00101c3c store:0x00000000
          33658	     16825	001000d8	02038c63	beq	x7,x0,100110	  x7:0x00000000  x0:0x00000000
          33662	     16827	00100110	00000513	addi	x10,x0,0	  x0:0x00000000 x10=0x00000000
          33672	     16832	00100114	00008067	jalr	x0,0(x1)	  x1:0x0010177c  x0=0x00000000
          33674	     16833	0010177c	d32ba227	fsw	f18,-732(x23)	 f23:0x00102000 f18:0x00102000 PA:0x00101d24 store:0x00000000 load:0x00000000
          33676	     16834	00101780	d29ca027	fsw	f9,-736(x25)	 f25:0x00102000  f9:0x00000100 PA:0x00101d20 store:0x80000000 load:0x00000000
          33678	     16835	00101784	d24ba887	flw	f17,-732(x23)	 f23:0x00102000 f17=0x00000000 PA:0x00101d24 store:0x80000000
          33680	     16836	00101788	d20ca487	flw	f9,-736(x25)	 f25:0x00102000  f9=0x00000000 PA:0x00101d20 store:0x7fa00000
          33682	     16837	0010178c	28989953	fmax.s	f18,f17,f9	 f17:0x00000039  f9:0x00000100 f18=0x00000000
          33684	     16838	00101790	d12aa027	fsw	f18,-768(x21)	 f21:0x00102000 f18:0x00102000 PA:0x00101d00 store:0x00000000 load:0x80000000
          33686	     16839	00101794	d00aae07	flw	f28,-768(x21)	 f21:0x00102000 f28=0x00000000 PA:0x00101d00 store:0x7fa00000
          33690	     16841	00101798	00102eb7	lui	x29,0x102	 x29=0x00102000
          33692	     16842	0010179c	c40e8513	addi	x10,x29,-960	 x29:0x00102000 x10=0x00101c40
          33694	     16843	001017a0	e00e0f53	fmv.x.w	x30,f28	 f28:0x00020000 x30=0x00000000
          33696	     16844	001017a4	cfea2c23	sw	x30,-776(x20)	 x20:0x00102000 x30:0x00000000 PA:0x00101cf8 store:0x00000000 load:0x00000000
          33698	     16845	001017a8	8f9fe0ef	jal	x1,1000a0	  x1=0x001017ac
          33700	     16846	001000a0	00054803	lbu	x16,0(x10)	 x10:0x00101c40 x16=0x0000000a PA:0x00101c40 store:0x00000000
          33702	     16847	001000a4	06080663	beq	x16,x0,100110	 x16:0x0000000a  x0:0x00000000
          33704	     16848	001000a8	000207b7	lui	x15,0x20	 x15=0x00020000
          33708	     16850	001000ac	0107a023	sw	x16,0(x15)	 x15:0x00020000 x16:0x0000000a PA:0x00020000 store:0x0000000a load:0x00000000
          33712	     16852	001000b0	00154703	lbu	x14,1(x10)	 x10:0x00101c40 x14=0x00000020 PA:0x00101c41 store:0x001017ac
          33714	     16853	001000b4	04070e63	beq	x14,x0,100110	 x14:0x00000020  x0:0x00000000
          33718	     16855	001000b8	00e7a023	sw	x14,0(x15)	 x15:0x00020000 x14:0x00000020 PA:0x00020000 store:0x00000020 load:0x00000000
          33722	     16857	001000bc	00254283	lbu	x5,2(x10)	 x10:0x00101c40  x5=0x0000004d PA:0x00101c42 store:0x00137fa0
          33724	     16858	001000c0	04028863	beq	x5,x0,100110	  x5:0x0000004d  x0:0x00000000
          33728	     16860	001000c4	0057a023	sw	x5,0(x15)	 x15:0x00020000  x5:0x0000004d PA:0x00020000 store:0x0000004d load:0x00000000
          33732	     16862	001000c8	00354303	lbu	x6,3(x10)	 x10:0x00101c40  x6=0x00000041 PA:0x00101c43 store:0x00000000
          33734	     16863	001000cc	04030263	beq	x6,x0,100110	  x6:0x00000041  x0:0x00000000
          33738	     16865	001000d0	0067a023	sw	x6,0(x15)	 x15:0x00020000  x6:0x00000041 PA:0x00020000 store:0x00000041 load:0x00000000
          33742	     16867	001000d4	00454383	lbu	x7,4(x10)	 x10:0x00101c40  x7=0x00000058 PA:0x00101c44 store:0x00000000
          33744	     16868	001000d8	02038c63	beq	x7,x0,100110	  x7:0x00000058  x0:0x00000000
          33748	     16870	001000dc	0077a023	sw	x7,0(x15)	 x15:0x00020000  x7:0x00000058 PA:0x00020000 store:0x00000058 load:0x00000000
          33752	     16872	001000e0	00554583	lbu	x11,5(x10)	 x10:0x00101c40 x11=0x00000028 PA:0x00101c45 store:0x0000004d
          33754	     16873	001000e4	02058663	beq	x11,x0,100110	 x11:0x00000028  x0:0x00000000
          33758	     16875	001000e8	00b7a023	sw	x11,0(x15)	 x15:0x00020000 x11:0x00000028 PA:0x00020000 store:0x00000028 load:0x00000000
          33762	     16877	001000ec	00654603	lbu	x12,6(x10)	 x10:0x00101c40 x12=0x00000030 PA:0x00101c46 store:0x00000041
          33764	     16878	001000f0	02060063	beq	x12,x0,100110	 x12:0x00000030  x0:0x00000000
          33768	     16880	001000f4	00c7a023	sw	x12,0(x15)	 x15:0x00020000 x12:0x00000030 PA:0x00020000 store:0x00000030 load:0x00000000
          33772	     16882	001000f8	00754683	lbu	x13,7(x10)	 x10:0x00101c40 x13=0x0000002e PA:0x00101c47 store:0x00000058
          33774	     16883	001000fc	00850513	addi	x10,x10,8	 x10:0x00101c40 x10=0x00101c48
          33776	     16884	00100100	00068863	beq	x13,x0,100110	 x13:0x0000002e  x0:0x00000000
          33780	     16886	00100104	00d7a023	sw	x13,0(x15)	 x15:0x00020000 x13:0x0000002e PA:0x00020000 store:0x0000002e load:0x00000000
          33784	     16888	00100108	00054803	lbu	x16,0(x10)	 x10:0x00101c48 x16=0x00000030 PA:0x00101c48 store:0x00000000
          33788	     16890	0010010c	fa0810e3	bne	x16,x0,1000ac	 x16:0x00000030  x0:0x00000000
          33794	     16893	001000ac	0107a023	sw	x16,0(x15)	 x15:0x00020000 x16:0x00000030 PA:0x00020000 store:0x00000030 load:0x00000000
          33798	     16895	001000b0	00154703	lbu	x14,1(x10)	 x10:0x00101c48 x14=0x0000002c PA:0x00101c49 store:0x001017ac
          33800	     16896	001000b4	04070e63	beq	x14,x0,100110	 x14:0x0000002c  x0:0x00000000
          33804	     16898	001000b8	00e7a023	sw	x14,0(x15)	 x15:0x00020000 x14:0x0000002c PA:0x00020000 store:0x0000002c load:0x00000000
          33808	     16900	001000bc	00254283	lbu	x5,2(x10)	 x10:0x00101c48  x5=0x00000020 PA:0x00101c4a store:0x00137fa0
          33810	     16901	001000c0	04028863	beq	x5,x0,100110	  x5:0x00000020  x0:0x00000000
          33814	     16903	001000c4	0057a023	sw	x5,0(x15)	 x15:0x00020000  x5:0x00000020 PA:0x00020000 store:0x00000020 load:0x00000000
          33818	     16905	001000c8	00354303	lbu	x6,3(x10)	 x10:0x00101c48  x6=0x0000002d PA:0x00101c4b store:0x00000000
          33820	     16906	001000cc	04030263	beq	x6,x0,100110	  x6:0x0000002d  x0:0x00000000
          33824	     16908	001000d0	0067a023	sw	x6,0(x15)	 x15:0x00020000  x6:0x0000002d PA:0x00020000 store:0x0000002d load:0x00000000
          33828	     16910	001000d4	00454383	lbu	x7,4(x10)	 x10:0x00101c48  x7=0x00000030 PA:0x00101c4c store:0x00000000
          33830	     16911	001000d8	02038c63	beq	x7,x0,100110	  x7:0x00000030  x0:0x00000000
          33834	     16913	001000dc	0077a023	sw	x7,0(x15)	 x15:0x00020000  x7:0x00000030 PA:0x00020000 store:0x00000030 load:0x00000000
          33838	     16915	001000e0	00554583	lbu	x11,5(x10)	 x10:0x00101c48 x11=0x0000002e PA:0x00101c4d store:0x00000020
          33840	     16916	001000e4	02058663	beq	x11,x0,100110	 x11:0x0000002e  x0:0x00000000
          33844	     16918	001000e8	00b7a023	sw	x11,0(x15)	 x15:0x00020000 x11:0x0000002e PA:0x00020000 store:0x0000002e load:0x00000000
          33848	     16920	001000ec	00654603	lbu	x12,6(x10)	 x10:0x00101c48 x12=0x00000030 PA:0x00101c4e store:0x0000002d
          33850	     16921	001000f0	02060063	beq	x12,x0,100110	 x12:0x00000030  x0:0x00000000
          33854	     16923	001000f4	00c7a023	sw	x12,0(x15)	 x15:0x00020000 x12:0x00000030 PA:0x00020000 store:0x00000030 load:0x00000000
          33858	     16925	001000f8	00754683	lbu	x13,7(x10)	 x10:0x00101c48 x13=0x00000029 PA:0x00101c4f store:0x00000030
          33860	     16926	001000fc	00850513	addi	x10,x10,8	 x10:0x00101c48 x10=0x00101c50
          33862	     16927	00100100	00068863	beq	x13,x0,100110	 x13:0x00000029  x0:0x00000000
          33866	     16929	00100104	00d7a023	sw	x13,0(x15)	 x15:0x00020000 x13:0x00000029 PA:0x00020000 store:0x00000029 load:0x00000000
          33870	     16931	00100108	00054803	lbu	x16,0(x10)	 x10:0x00101c50 x16=0x0000002c PA:0x00101c50 store:0x00000000
          33874	     16933	0010010c	fa0810e3	bne	x16,x0,1000ac	 x16:0x0000002c  x0:0x00000000
          33880	     16936	001000ac	0107a023	sw	x16,0(x15)	 x15:0x00020000 x16:0x0000002c PA:0x00020000 store:0x0000002c load:0x00000000
          33884	     16938	001000b0	00154703	lbu	x14,1(x10)	 x10:0x00101c50 x14=0x00000020 PA:0x00101c51 store:0x001017ac
          33886	     16939	001000b4	04070e63	beq	x14,x0,100110	 x14:0x00000020  x0:0x00000000
          33890	     16941	001000b8	00e7a023	sw	x14,0(x15)	 x15:0x00020000 x14:0x00000020 PA:0x00020000 store:0x00000020 load:0x00000000
          33894	     16943	001000bc	00254283	lbu	x5,2(x10)	 x10:0x00101c50  x5=0x00000065 PA:0x00101c52 store:0x00137fa0
          33896	     16944	001000c0	04028863	beq	x5,x0,100110	  x5:0x00000065  x0:0x00000000
          33900	     16946	001000c4	0057a023	sw	x5,0(x15)	 x15:0x00020000  x5:0x00000065 PA:0x00020000 store:0x00000065 load:0x00000000
          33904	     16948	001000c8	00354303	lbu	x6,3(x10)	 x10:0x00101c50  x6=0x00000078 PA:0x00101c53 store:0x00000000
          33906	     16949	001000cc	04030263	beq	x6,x0,100110	  x6:0x00000078  x0:0x00000000
          33910	     16951	001000d0	0067a023	sw	x6,0(x15)	 x15:0x00020000  x6:0x00000078 PA:0x00020000 store:0x00000078 load:0x00000000
          33914	     16953	001000d4	00454383	lbu	x7,4(x10)	 x10:0x00101c50  x7=0x00000070 PA:0x00101c54 store:0x00000000
          33916	     16954	001000d8	02038c63	beq	x7,x0,100110	  x7:0x00000070  x0:0x00000000
          33920	     16956	001000dc	0077a023	sw	x7,0(x15)	 x15:0x00020000  x7:0x00000070 PA:0x00020000 store:0x00000070 load:0x00000000
          33924	     16958	001000e0	00554583	lbu	x11,5(x10)	 x10:0x00101c50 x11=0x00000065 PA:0x00101c55 store:0x00000065
          33926	     16959	001000e4	02058663	beq	x11,x0,100110	 x11:0x00000065  x0:0x00000000
          33930	     16961	001000e8	00b7a023	sw	x11,0(x15)	 x15:0x00020000 x11:0x00000065 PA:0x00020000 store:0x00000065 load:0x00000000
          33934	     16963	001000ec	00654603	lbu	x12,6(x10)	 x10:0x00101c50 x12=0x00000063 PA:0x00101c56 store:0x00000078
          33936	     16964	001000f0	02060063	beq	x12,x0,100110	 x12:0x00000063  x0:0x00000000
          33940	     16966	001000f4	00c7a023	sw	x12,0(x15)	 x15:0x00020000 x12:0x00000063 PA:0x00020000 store:0x00000063 load:0x00000000
          33944	     16968	001000f8	00754683	lbu	x13,7(x10)	 x10:0x00101c50 x13=0x00000074 PA:0x00101c57 store:0x00000070
          33946	     16969	001000fc	00850513	addi	x10,x10,8	 x10:0x00101c50 x10=0x00101c58
          33948	     16970	00100100	00068863	beq	x13,x0,100110	 x13:0x00000074  x0:0x00000000
          33952	     16972	00100104	00d7a023	sw	x13,0(x15)	 x15:0x00020000 x13:0x00000074 PA:0x00020000 store:0x00000074 load:0x00000000
          33956	     16974	00100108	00054803	lbu	x16,0(x10)	 x10:0x00101c58 x16=0x00000069 PA:0x00101c58 store:0x00000000
          33960	     16976	0010010c	fa0810e3	bne	x16,x0,1000ac	 x16:0x00000069  x0:0x00000000
          33966	     16979	001000ac	0107a023	sw	x16,0(x15)	 x15:0x00020000 x16:0x00000069 PA:0x00020000 store:0x00000069 load:0x00000000
          33970	     16981	001000b0	00154703	lbu	x14,1(x10)	 x10:0x00101c58 x14=0x0000006e PA:0x00101c59 store:0x001017ac
          33972	     16982	001000b4	04070e63	beq	x14,x0,100110	 x14:0x0000006e  x0:0x00000000
          33976	     16984	001000b8	00e7a023	sw	x14,0(x15)	 x15:0x00020000 x14:0x0000006e PA:0x00020000 store:0x0000006e load:0x00000000
          33980	     16986	001000bc	00254283	lbu	x5,2(x10)	 x10:0x00101c58  x5=0x00000067 PA:0x00101c5a store:0x00137fa0
          33982	     16987	001000c0	04028863	beq	x5,x0,100110	  x5:0x00000067  x0:0x00000000
          33986	     16989	001000c4	0057a023	sw	x5,0(x15)	 x15:0x00020000  x5:0x00000067 PA:0x00020000 store:0x00000067 load:0x00000000
          33990	     16991	001000c8	00354303	lbu	x6,3(x10)	 x10:0x00101c58  x6=0x0000003a PA:0x00101c5b store:0x00000000
          33992	     16992	001000cc	04030263	beq	x6,x0,100110	  x6:0x0000003a  x0:0x00000000
          33996	     16994	001000d0	0067a023	sw	x6,0(x15)	 x15:0x00020000  x6:0x0000003a PA:0x00020000 store:0x0000003a load:0x00000000
          34000	     16996	001000d4	00454383	lbu	x7,4(x10)	 x10:0x00101c58  x7=0x00000020 PA:0x00101c5c store:0x00000000
          34002	     16997	001000d8	02038c63	beq	x7,x0,100110	  x7:0x00000020  x0:0x00000000
          34006	     16999	001000dc	0077a023	sw	x7,0(x15)	 x15:0x00020000  x7:0x00000020 PA:0x00020000 store:0x00000020 load:0x00000000
          34010	     17001	001000e0	00554583	lbu	x11,5(x10)	 x10:0x00101c58 x11=0x00000030 PA:0x00101c5d store:0x00000067
          34012	     17002	001000e4	02058663	beq	x11,x0,100110	 x11:0x00000030  x0:0x00000000
          34016	     17004	001000e8	00b7a023	sw	x11,0(x15)	 x15:0x00020000 x11:0x00000030 PA:0x00020000 store:0x00000030 load:0x00000000
          34020	     17006	001000ec	00654603	lbu	x12,6(x10)	 x10:0x00101c58 x12=0x00000078 PA:0x00101c5e store:0x0000003a
          34022	     17007	001000f0	02060063	beq	x12,x0,100110	 x12:0x00000078  x0:0x00000000
          34026	     17009	001000f4	00c7a023	sw	x12,0(x15)	 x15:0x00020000 x12:0x00000078 PA:0x00020000 store:0x00000078 load:0x00000000
          34030	     17011	001000f8	00754683	lbu	x13,7(x10)	 x10:0x00101c58 x13=0x00000030 PA:0x00101c5f store:0x00000020
          34032	     17012	001000fc	00850513	addi	x10,x10,8	 x10:0x00101c58 x10=0x00101c60
          34034	     17013	00100100	00068863	beq	x13,x0,100110	 x13:0x00000030  x0:0x00000000
          34038	     17015	00100104	00d7a023	sw	x13,0(x15)	 x15:0x00020000 x13:0x00000030 PA:0x00020000 store:0x00000030 load:0x00000000
          34042	     17017	00100108	00054803	lbu	x16,0(x10)	 x10:0x00101c60 x16=0x0000003a PA:0x00101c60 store:0x00000000
          34046	     17019	0010010c	fa0810e3	bne	x16,x0,1000ac	 x16:0x0000003a  x0:0x00000000
          34052	     17022	001000ac	0107a023	sw	x16,0(x15)	 x15:0x00020000 x16:0x0000003a PA:0x00020000 store:0x0000003a load:0x00000000
          34056	     17024	001000b0	00154703	lbu	x14,1(x10)	 x10:0x00101c60 x14=0x00000020 PA:0x00101c61 store:0x001017ac
          34058	     17025	001000b4	04070e63	beq	x14,x0,100110	 x14:0x00000020  x0:0x00000000
          34062	     17027	001000b8	00e7a023	sw	x14,0(x15)	 x15:0x00020000 x14:0x00000020 PA:0x00020000 store:0x00000020 load:0x00000000
          34066	     17029	001000bc	00254283	lbu	x5,2(x10)	 x10:0x00101c60  x5=0x00000000 PA:0x00101c62 store:0x00137fa0
          34070	     17031	001000c0	04028863	beq	x5,x0,100110	  x5:0x00000000  x0:0x00000000
          34074	     17033	00100110	00000513	addi	x10,x0,0	  x0:0x00000000 x10=0x00000000
          34078	     17035	00100114	00008067	jalr	x0,0(x1)	  x1:0x001017ac  x0=0x00000000
          34082	     17037	001017ac	cf8a2503	lw	x10,-776(x20)	 x20:0x00102000 x10=0x00000000 PA:0x00101cf8 store:0x80000000
          34086	     17039	001017b0	971fe0ef	jal	x1,100120	  x1=0x001017b4
          34088	     17040	00100120	01c55793	srli	x15,x10,0x1c	 x10:0x00000000 x15=0x00000000
          34090	     17041	00100124	00900713	addi	x14,x0,9	  x0:0x00000000 x14=0x00000009
          34094	     17043	00100128	0cf77a63	bgeu	x14,x15,1001fc	 x14:0x00000009 x15:0x00000000
          34098	     17045	001001fc	03078393	addi	x7,x15,48	 x15:0x00000000  x7=0x00000030
          34100	     17046	00100200	000205b7	lui	x11,0x20	 x11=0x00020000
          34102	     17047	00100204	00451613	slli	x12,x10,0x4	 x10:0x00000000 x12=0x00000000
          34106	     17049	00100208	0075a023	sw	x7,0(x11)	 x11:0x00020000  x7:0x00000030 PA:0x00020000 store:0x00000030 load:0x00000000
          34108	     17050	0010020c	01c65693	srli	x13,x12,0x1c	 x12:0x00000000 x13=0x00000000
          34110	     17051	00100210	00900813	addi	x16,x0,9	  x0:0x00000000 x16=0x00000009
          34112	     17052	00100214	f2d86ae3	bltu	x16,x13,100148	 x16:0x00000009 x13:0x00000000
          34114	     17053	00100218	03068e93	addi	x29,x13,48	 x13:0x00000000 x29=0x00000030
          34116	     17054	0010021c	00020f37	lui	x30,0x20	 x30=0x00020000
          34118	     17055	00100220	00851f93	slli	x31,x10,0x8	 x10:0x00000000 x31=0x00000000
          34122	     17057	00100224	01df2023	sw	x29,0(x30)	 x30:0x00020000 x29:0x00000030 PA:0x00020000 store:0x00000030 load:0x00000000
          34124	     17058	00100228	01cfd793	srli	x15,x31,0x1c	 x31:0x00000000 x15=0x00000000
          34126	     17059	0010022c	00900713	addi	x14,x0,9	  x0:0x00000000 x14=0x00000009
          34128	     17060	00100230	f2f76ae3	bltu	x14,x15,100164	 x14:0x00000009 x15:0x00000000
          34130	     17061	00100234	03078393	addi	x7,x15,48	 x15:0x00000000  x7=0x00000030
          34132	     17062	00100238	000205b7	lui	x11,0x20	 x11=0x00020000
          34134	     17063	0010023c	00c51613	slli	x12,x10,0xc	 x10:0x00000000 x12=0x00000000
          34138	     17065	00100240	0075a023	sw	x7,0(x11)	 x11:0x00020000  x7:0x00000030 PA:0x00020000 store:0x00000030 load:0x00000000
          34140	     17066	00100244	01c65693	srli	x13,x12,0x1c	 x12:0x00000000 x13=0x00000000
          34142	     17067	00100248	00900813	addi	x16,x0,9	  x0:0x00000000 x16=0x00000009
          34144	     17068	0010024c	f2d86ae3	bltu	x16,x13,100180	 x16:0x00000009 x13:0x00000000
          34146	     17069	00100250	03068e93	addi	x29,x13,48	 x13:0x00000000 x29=0x00000030
          34148	     17070	00100254	00020f37	lui	x30,0x20	 x30=0x00020000
          34150	     17071	00100258	01051f93	slli	x31,x10,0x10	 x10:0x00000000 x31=0x00000000
          34154	     17073	0010025c	01df2023	sw	x29,0(x30)	 x30:0x00020000 x29:0x00000030 PA:0x00020000 store:0x00000030 load:0x00000000
          34156	     17074	00100260	01cfd793	srli	x15,x31,0x1c	 x31:0x00000000 x15=0x00000000
          34158	     17075	00100264	00900713	addi	x14,x0,9	  x0:0x00000000 x14=0x00000009
          34160	     17076	00100268	f2f76ae3	bltu	x14,x15,10019c	 x14:0x00000009 x15:0x00000000
          34162	     17077	0010026c	03078393	addi	x7,x15,48	 x15:0x00000000  x7=0x00000030
          34164	     17078	00100270	000205b7	lui	x11,0x20	 x11=0x00020000
          34166	     17079	00100274	01451613	slli	x12,x10,0x14	 x10:0x00000000 x12=0x00000000
          34170	     17081	00100278	0075a023	sw	x7,0(x11)	 x11:0x00020000  x7:0x00000030 PA:0x00020000 store:0x00000030 load:0x00000000
          34172	     17082	0010027c	01c65693	srli	x13,x12,0x1c	 x12:0x00000000 x13=0x00000000
          34174	     17083	00100280	00900813	addi	x16,x0,9	  x0:0x00000000 x16=0x00000009
          34176	     17084	00100284	f2d86ae3	bltu	x16,x13,1001b8	 x16:0x00000009 x13:0x00000000
          34178	     17085	00100288	03068e93	addi	x29,x13,48	 x13:0x00000000 x29=0x00000030
          34180	     17086	0010028c	00020f37	lui	x30,0x20	 x30=0x00020000
          34182	     17087	00100290	01851f93	slli	x31,x10,0x18	 x10:0x00000000 x31=0x00000000
          34186	     17089	00100294	01df2023	sw	x29,0(x30)	 x30:0x00020000 x29:0x00000030 PA:0x00020000 store:0x00000030 load:0x00000000
          34188	     17090	00100298	01cfd793	srli	x15,x31,0x1c	 x31:0x00000000 x15=0x00000000
          34190	     17091	0010029c	00900713	addi	x14,x0,9	  x0:0x00000000 x14=0x00000009
          34192	     17092	001002a0	f2f76ae3	bltu	x14,x15,1001d4	 x14:0x00000009 x15:0x00000000
          34194	     17093	001002a4	03078393	addi	x7,x15,48	 x15:0x00000000  x7=0x00000030
          34196	     17094	001002a8	000205b7	lui	x11,0x20	 x11=0x00020000
          34200	     17096	001002ac	0075a023	sw	x7,0(x11)	 x11:0x00020000  x7:0x00000030 PA:0x00020000 store:0x00000030 load:0x00000000
          34202	     17097	001002b0	00f57513	andi	x10,x10,15	 x10:0x00000000 x10=0x00000000
          34204	     17098	001002b4	00900613	addi	x12,x0,9	  x0:0x00000000 x12=0x00000009
          34208	     17100	001002b8	f2a67ae3	bgeu	x12,x10,1001ec	 x12:0x00000009 x10:0x00000000
          34212	     17102	001001ec	03050893	addi	x17,x10,48	 x10:0x00000000 x17=0x00000030
          34214	     17103	001001f0	00020e37	lui	x28,0x20	 x28=0x00020000
          34218	     17105	001001f4	011e2023	sw	x17,0(x28)	 x28:0x00020000 x17:0x00000030 PA:0x00020000 store:0x00000030 load:0x00000000
          34228	     17110	001001f8	00008067	jalr	x0,0(x1)	  x1:0x001017b4  x0=0x00000000
          34230	     17111	001017b4	d28ba227	fsw	f8,-732(x23)	 f23:0x00102000  f8:0x00102000 PA:0x00101d24 store:0x00000047 load:0x00000000
          34232	     17112	001017b8	d35ca027	fsw	f21,-736(x25)	 f25:0x00102000 f21:0x00102000 PA:0x00101d20 store:0x00000007 load:0x00000000
          34234	     17113	001017bc	d24ba407	flw	f8,-732(x23)	 f23:0x00102000  f8=0x00000000 PA:0x00101d24 store:0x80000000
          34236	     17114	001017c0	d20cae87	flw	f29,-736(x25)	 f25:0x00102000 f29=0x00000000 PA:0x00101d20 store:0x7fa00000
          34238	     17115	001017c4	29d41f53	fmax.s	f30,f8,f29	  f8:0x00102000 f29:0x00000030 f30=0x00000000
          34240	     17116	001017c8	d1eaa027	fsw	f30,-768(x21)	 f21:0x00102000 f30:0x00020000 PA:0x00101d00 store:0x00000047 load:0x00000007
          34242	     17117	001017cc	d00aaf87	flw	f31,-768(x21)	 f21:0x00102000 f31=0x00000000 PA:0x00101d00 store:0x7fa00000
          34246	     17119	001017d0	00102fb7	lui	x31,0x102	 x31=0x00102000
          34248	     17120	001017d4	c64f8513	addi	x10,x31,-924	 x31:0x00102000 x10=0x00101c64
          34250	     17121	001017d8	e00f89d3	fmv.x.w	x19,f31	 f31:0x00102000 x19=0x00000047
          34252	     17122	001017dc	cf3a2c23	sw	x19,-776(x20)	 x20:0x00102000 x19:0x00000047 PA:0x00101cf8 store:0x00000047 load:0x00000047
          34254	     17123	001017e0	8c1fe0ef	jal	x1,1000a0	  x1=0x001017e4
          34256	     17124	001000a0	00054803	lbu	x16,0(x10)	 x10:0x00101c64 x16=0x0000000a PA:0x00101c64 store:0x00000000
          34258	     17125	001000a4	06080663	beq	x16,x0,100110	 x16:0x0000000a  x0:0x00000000
          34260	     17126	001000a8	000207b7	lui	x15,0x20	 x15=0x00020000
          34264	     17128	001000ac	0107a023	sw	x16,0(x15)	 x15:0x00020000 x16:0x0000000a PA:0x00020000 store:0x0000000a load:0x00000000
          34268	     17130	001000b0	00154703	lbu	x14,1(x10)	 x10:0x00101c64 x14=0x00000020 PA:0x00101c65 store:0x001017e4
          34270	     17131	001000b4	04070e63	beq	x14,x0,100110	 x14:0x00000020  x0:0x00000000
          34274	     17133	001000b8	00e7a023	sw	x14,0(x15)	 x15:0x00020000 x14:0x00000020 PA:0x00020000 store:0x00000020 load:0x00000000
          34278	     17135	001000bc	00254283	lbu	x5,2(x10)	 x10:0x00101c64  x5=0x0000004d PA:0x00101c66 store:0x00137fa0
          34280	     17136	001000c0	04028863	beq	x5,x0,100110	  x5:0x0000004d  x0:0x00000000
          34284	     17138	001000c4	0057a023	sw	x5,0(x15)	 x15:0x00020000  x5:0x0000004d PA:0x00020000 store:0x0000004d load:0x00000000
          34288	     17140	001000c8	00354303	lbu	x6,3(x10)	 x10:0x00101c64  x6=0x00000041 PA:0x00101c67 store:0x00000000
          34290	     17141	001000cc	04030263	beq	x6,x0,100110	  x6:0x00000041  x0:0x00000000
          34294	     17143	001000d0	0067a023	sw	x6,0(x15)	 x15:0x00020000  x6:0x00000041 PA:0x00020000 store:0x00000041 load:0x00000000
          34298	     17145	001000d4	00454383	lbu	x7,4(x10)	 x10:0x00101c64  x7=0x00000058 PA:0x00101c68 store:0x00000000
          34300	     17146	001000d8	02038c63	beq	x7,x0,100110	  x7:0x00000058  x0:0x00000000
          34304	     17148	001000dc	0077a023	sw	x7,0(x15)	 x15:0x00020000  x7:0x00000058 PA:0x00020000 store:0x00000058 load:0x00000000
          34308	     17150	001000e0	00554583	lbu	x11,5(x10)	 x10:0x00101c64 x11=0x00000028 PA:0x00101c69 store:0x0000004d
          34310	     17151	001000e4	02058663	beq	x11,x0,100110	 x11:0x00000028  x0:0x00000000
          34314	     17153	001000e8	00b7a023	sw	x11,0(x15)	 x15:0x00020000 x11:0x00000028 PA:0x00020000 store:0x00000028 load:0x00000000
          34318	     17155	001000ec	00654603	lbu	x12,6(x10)	 x10:0x00101c64 x12=0x00000031 PA:0x00101c6a store:0x00000041
          34320	     17156	001000f0	02060063	beq	x12,x0,100110	 x12:0x00000031  x0:0x00000000
          34324	     17158	001000f4	00c7a023	sw	x12,0(x15)	 x15:0x00020000 x12:0x00000031 PA:0x00020000 store:0x00000031 load:0x00000000
          34328	     17160	001000f8	00754683	lbu	x13,7(x10)	 x10:0x00101c64 x13=0x0000002e PA:0x00101c6b store:0x00000058
          34330	     17161	001000fc	00850513	addi	x10,x10,8	 x10:0x00101c64 x10=0x00101c6c
          34332	     17162	00100100	00068863	beq	x13,x0,100110	 x13:0x0000002e  x0:0x00000000
          34336	     17164	00100104	00d7a023	sw	x13,0(x15)	 x15:0x00020000 x13:0x0000002e PA:0x00020000 store:0x0000002e load:0x00000000
          34340	     17166	00100108	00054803	lbu	x16,0(x10)	 x10:0x00101c6c x16=0x00000030 PA:0x00101c6c store:0x00000000
          34344	     17168	0010010c	fa0810e3	bne	x16,x0,1000ac	 x16:0x00000030  x0:0x00000000
          34350	     17171	001000ac	0107a023	sw	x16,0(x15)	 x15:0x00020000 x16:0x00000030 PA:0x00020000 store:0x00000030 load:0x00000000
          34354	     17173	001000b0	00154703	lbu	x14,1(x10)	 x10:0x00101c6c x14=0x00000065 PA:0x00101c6d store:0x001017e4
          34356	     17174	001000b4	04070e63	beq	x14,x0,100110	 x14:0x00000065  x0:0x00000000
          34360	     17176	001000b8	00e7a023	sw	x14,0(x15)	 x15:0x00020000 x14:0x00000065 PA:0x00020000 store:0x00000065 load:0x00000000
          34364	     17178	001000bc	00254283	lbu	x5,2(x10)	 x10:0x00101c6c  x5=0x0000002d PA:0x00101c6e store:0x00137fa0
          34366	     17179	001000c0	04028863	beq	x5,x0,100110	  x5:0x0000002d  x0:0x00000000
          34370	     17181	001000c4	0057a023	sw	x5,0(x15)	 x15:0x00020000  x5:0x0000002d PA:0x00020000 store:0x0000002d load:0x00000000
          34374	     17183	001000c8	00354303	lbu	x6,3(x10)	 x10:0x00101c6c  x6=0x00000034 PA:0x00101c6f store:0x00000000
          34376	     17184	001000cc	04030263	beq	x6,x0,100110	  x6:0x00000034  x0:0x00000000
          34380	     17186	001000d0	0067a023	sw	x6,0(x15)	 x15:0x00020000  x6:0x00000034 PA:0x00020000 store:0x00000034 load:0x00000000
          34384	     17188	001000d4	00454383	lbu	x7,4(x10)	 x10:0x00101c6c  x7=0x00000033 PA:0x00101c70 store:0x00000000
          34386	     17189	001000d8	02038c63	beq	x7,x0,100110	  x7:0x00000033  x0:0x00000000
          34390	     17191	001000dc	0077a023	sw	x7,0(x15)	 x15:0x00020000  x7:0x00000033 PA:0x00020000 store:0x00000033 load:0x00000000
          34394	     17193	001000e0	00554583	lbu	x11,5(x10)	 x10:0x00101c6c x11=0x0000002c PA:0x00101c71 store:0x0000002d
          34396	     17194	001000e4	02058663	beq	x11,x0,100110	 x11:0x0000002c  x0:0x00000000
          34400	     17196	001000e8	00b7a023	sw	x11,0(x15)	 x15:0x00020000 x11:0x0000002c PA:0x00020000 store:0x0000002c load:0x00000000
          34404	     17198	001000ec	00654603	lbu	x12,6(x10)	 x10:0x00101c6c x12=0x00000020 PA:0x00101c72 store:0x00000034
          34406	     17199	001000f0	02060063	beq	x12,x0,100110	 x12:0x00000020  x0:0x00000000
          34410	     17201	001000f4	00c7a023	sw	x12,0(x15)	 x15:0x00020000 x12:0x00000020 PA:0x00020000 store:0x00000020 load:0x00000000
          34414	     17203	001000f8	00754683	lbu	x13,7(x10)	 x10:0x00101c6c x13=0x00000031 PA:0x00101c73 store:0x00000033
          34416	     17204	001000fc	00850513	addi	x10,x10,8	 x10:0x00101c6c x10=0x00101c74
          34418	     17205	00100100	00068863	beq	x13,x0,100110	 x13:0x00000031  x0:0x00000000
          34422	     17207	00100104	00d7a023	sw	x13,0(x15)	 x15:0x00020000 x13:0x00000031 PA:0x00020000 store:0x00000031 load:0x00000000
          34426	     17209	00100108	00054803	lbu	x16,0(x10)	 x10:0x00101c74 x16=0x0000002e PA:0x00101c74 store:0x00000000
          34430	     17211	0010010c	fa0810e3	bne	x16,x0,1000ac	 x16:0x0000002e  x0:0x00000000
          34436	     17214	001000ac	0107a023	sw	x16,0(x15)	 x15:0x00020000 x16:0x0000002e PA:0x00020000 store:0x0000002e load:0x00000000
          34440	     17216	001000b0	00154703	lbu	x14,1(x10)	 x10:0x00101c74 x14=0x00000030 PA:0x00101c75 store:0x001017e4
          34442	     17217	001000b4	04070e63	beq	x14,x0,100110	 x14:0x00000030  x0:0x00000000
          34446	     17219	001000b8	00e7a023	sw	x14,0(x15)	 x15:0x00020000 x14:0x00000030 PA:0x00020000 store:0x00000030 load:0x00000000
          34450	     17221	001000bc	00254283	lbu	x5,2(x10)	 x10:0x00101c74  x5=0x00000065 PA:0x00101c76 store:0x00137fa0
          34452	     17222	001000c0	04028863	beq	x5,x0,100110	  x5:0x00000065  x0:0x00000000
          34456	     17224	001000c4	0057a023	sw	x5,0(x15)	 x15:0x00020000  x5:0x00000065 PA:0x00020000 store:0x00000065 load:0x00000000
          34460	     17226	001000c8	00354303	lbu	x6,3(x10)	 x10:0x00101c74  x6=0x0000002d PA:0x00101c77 store:0x00000000
          34462	     17227	001000cc	04030263	beq	x6,x0,100110	  x6:0x0000002d  x0:0x00000000
          34466	     17229	001000d0	0067a023	sw	x6,0(x15)	 x15:0x00020000  x6:0x0000002d PA:0x00020000 store:0x0000002d load:0x00000000
          34470	     17231	001000d4	00454383	lbu	x7,4(x10)	 x10:0x00101c74  x7=0x00000034 PA:0x00101c78 store:0x00000000
          34472	     17232	001000d8	02038c63	beq	x7,x0,100110	  x7:0x00000034  x0:0x00000000
          34476	     17234	001000dc	0077a023	sw	x7,0(x15)	 x15:0x00020000  x7:0x00000034 PA:0x00020000 store:0x00000034 load:0x00000000
          34480	     17236	001000e0	00554583	lbu	x11,5(x10)	 x10:0x00101c74 x11=0x00000034 PA:0x00101c79 store:0x00000065
          34482	     17237	001000e4	02058663	beq	x11,x0,100110	 x11:0x00000034  x0:0x00000000
          34486	     17239	001000e8	00b7a023	sw	x11,0(x15)	 x15:0x00020000 x11:0x00000034 PA:0x00020000 store:0x00000034 load:0x00000000
          34490	     17241	001000ec	00654603	lbu	x12,6(x10)	 x10:0x00101c74 x12=0x00000029 PA:0x00101c7a store:0x0000002d
          34492	     17242	001000f0	02060063	beq	x12,x0,100110	 x12:0x00000029  x0:0x00000000
          34496	     17244	001000f4	00c7a023	sw	x12,0(x15)	 x15:0x00020000 x12:0x00000029 PA:0x00020000 store:0x00000029 load:0x00000000
          34500	     17246	001000f8	00754683	lbu	x13,7(x10)	 x10:0x00101c74 x13=0x0000002c PA:0x00101c7b store:0x00000034
          34502	     17247	001000fc	00850513	addi	x10,x10,8	 x10:0x00101c74 x10=0x00101c7c
          34504	     17248	00100100	00068863	beq	x13,x0,100110	 x13:0x0000002c  x0:0x00000000
          34508	     17250	00100104	00d7a023	sw	x13,0(x15)	 x15:0x00020000 x13:0x0000002c PA:0x00020000 store:0x0000002c load:0x00000000
          34512	     17252	00100108	00054803	lbu	x16,0(x10)	 x10:0x00101c7c x16=0x00000020 PA:0x00101c7c store:0x00000000
          34516	     17254	0010010c	fa0810e3	bne	x16,x0,1000ac	 x16:0x00000020  x0:0x00000000
          34522	     17257	001000ac	0107a023	sw	x16,0(x15)	 x15:0x00020000 x16:0x00000020 PA:0x00020000 store:0x00000020 load:0x00000000
          34526	     17259	001000b0	00154703	lbu	x14,1(x10)	 x10:0x00101c7c x14=0x00000065 PA:0x00101c7d store:0x001017e4
          34528	     17260	001000b4	04070e63	beq	x14,x0,100110	 x14:0x00000065  x0:0x00000000
          34532	     17262	001000b8	00e7a023	sw	x14,0(x15)	 x15:0x00020000 x14:0x00000065 PA:0x00020000 store:0x00000065 load:0x00000000
          34536	     17264	001000bc	00254283	lbu	x5,2(x10)	 x10:0x00101c7c  x5=0x00000078 PA:0x00101c7e store:0x00137fa0
          34538	     17265	001000c0	04028863	beq	x5,x0,100110	  x5:0x00000078  x0:0x00000000
          34542	     17267	001000c4	0057a023	sw	x5,0(x15)	 x15:0x00020000  x5:0x00000078 PA:0x00020000 store:0x00000078 load:0x00000000
          34546	     17269	001000c8	00354303	lbu	x6,3(x10)	 x10:0x00101c7c  x6=0x00000070 PA:0x00101c7f store:0x00000000
          34548	     17270	001000cc	04030263	beq	x6,x0,100110	  x6:0x00000070  x0:0x00000000
          34552	     17272	001000d0	0067a023	sw	x6,0(x15)	 x15:0x00020000  x6:0x00000070 PA:0x00020000 store:0x00000070 load:0x00000000
          34556	     17274	001000d4	00454383	lbu	x7,4(x10)	 x10:0x00101c7c  x7=0x00000065 PA:0x00101c80 store:0x00000000
          34558	     17275	001000d8	02038c63	beq	x7,x0,100110	  x7:0x00000065  x0:0x00000000
          34562	     17277	001000dc	0077a023	sw	x7,0(x15)	 x15:0x00020000  x7:0x00000065 PA:0x00020000 store:0x00000065 load:0x00000000
          34566	     17279	001000e0	00554583	lbu	x11,5(x10)	 x10:0x00101c7c x11=0x00000063 PA:0x00101c81 store:0x00000078
          34568	     17280	001000e4	02058663	beq	x11,x0,100110	 x11:0x00000063  x0:0x00000000
          34572	     17282	001000e8	00b7a023	sw	x11,0(x15)	 x15:0x00020000 x11:0x00000063 PA:0x00020000 store:0x00000063 load:0x00000000
          34576	     17284	001000ec	00654603	lbu	x12,6(x10)	 x10:0x00101c7c x12=0x00000074 PA:0x00101c82 store:0x00000070
          34578	     17285	001000f0	02060063	beq	x12,x0,100110	 x12:0x00000074  x0:0x00000000
          34582	     17287	001000f4	00c7a023	sw	x12,0(x15)	 x15:0x00020000 x12:0x00000074 PA:0x00020000 store:0x00000074 load:0x00000000
          34586	     17289	001000f8	00754683	lbu	x13,7(x10)	 x10:0x00101c7c x13=0x00000069 PA:0x00101c83 store:0x00000065
          34588	     17290	001000fc	00850513	addi	x10,x10,8	 x10:0x00101c7c x10=0x00101c84
          34590	     17291	00100100	00068863	beq	x13,x0,100110	 x13:0x00000069  x0:0x00000000
          34594	     17293	00100104	00d7a023	sw	x13,0(x15)	 x15:0x00020000 x13:0x00000069 PA:0x00020000 store:0x00000069 load:0x00000000
          34598	     17295	00100108	00054803	lbu	x16,0(x10)	 x10:0x00101c84 x16=0x0000006e PA:0x00101c84 store:0x00000000
          34602	     17297	0010010c	fa0810e3	bne	x16,x0,1000ac	 x16:0x0000006e  x0:0x00000000
          34608	     17300	001000ac	0107a023	sw	x16,0(x15)	 x15:0x00020000 x16:0x0000006e PA:0x00020000 store:0x0000006e load:0x00000000
          34612	     17302	001000b0	00154703	lbu	x14,1(x10)	 x10:0x00101c84 x14=0x00000067 PA:0x00101c85 store:0x001017e4
          34614	     17303	001000b4	04070e63	beq	x14,x0,100110	 x14:0x00000067  x0:0x00000000
          34618	     17305	001000b8	00e7a023	sw	x14,0(x15)	 x15:0x00020000 x14:0x00000067 PA:0x00020000 store:0x00000067 load:0x00000000
          34622	     17307	001000bc	00254283	lbu	x5,2(x10)	 x10:0x00101c84  x5=0x0000003a PA:0x00101c86 store:0x00137fa0
          34624	     17308	001000c0	04028863	beq	x5,x0,100110	  x5:0x0000003a  x0:0x00000000
          34628	     17310	001000c4	0057a023	sw	x5,0(x15)	 x15:0x00020000  x5:0x0000003a PA:0x00020000 store:0x0000003a load:0x00000000
          34632	     17312	001000c8	00354303	lbu	x6,3(x10)	 x10:0x00101c84  x6=0x00000020 PA:0x00101c87 store:0x00000000
          34634	     17313	001000cc	04030263	beq	x6,x0,100110	  x6:0x00000020  x0:0x00000000
          34638	     17315	001000d0	0067a023	sw	x6,0(x15)	 x15:0x00020000  x6:0x00000020 PA:0x00020000 store:0x00000020 load:0x00000000
          34642	     17317	001000d4	00454383	lbu	x7,4(x10)	 x10:0x00101c84  x7=0x00000030 PA:0x00101c88 store:0x00000000
          34644	     17318	001000d8	02038c63	beq	x7,x0,100110	  x7:0x00000030  x0:0x00000000
          34648	     17320	001000dc	0077a023	sw	x7,0(x15)	 x15:0x00020000  x7:0x00000030 PA:0x00020000 store:0x00000030 load:0x00000000
          34652	     17322	001000e0	00554583	lbu	x11,5(x10)	 x10:0x00101c84 x11=0x00000078 PA:0x00101c89 store:0x0000003a
          34654	     17323	001000e4	02058663	beq	x11,x0,100110	 x11:0x00000078  x0:0x00000000
          34658	     17325	001000e8	00b7a023	sw	x11,0(x15)	 x15:0x00020000 x11:0x00000078 PA:0x00020000 store:0x00000078 load:0x00000000
          34662	     17327	001000ec	00654603	lbu	x12,6(x10)	 x10:0x00101c84 x12=0x00000030 PA:0x00101c8a store:0x00000020
          34664	     17328	001000f0	02060063	beq	x12,x0,100110	 x12:0x00000030  x0:0x00000000
          34668	     17330	001000f4	00c7a023	sw	x12,0(x15)	 x15:0x00020000 x12:0x00000030 PA:0x00020000 store:0x00000030 load:0x00000000
          34672	     17332	001000f8	00754683	lbu	x13,7(x10)	 x10:0x00101c84 x13=0x00000030 PA:0x00101c8b store:0x00000030
          34674	     17333	001000fc	00850513	addi	x10,x10,8	 x10:0x00101c84 x10=0x00101c8c
          34676	     17334	00100100	00068863	beq	x13,x0,100110	 x13:0x00000030  x0:0x00000000
          34680	     17336	00100104	00d7a023	sw	x13,0(x15)	 x15:0x00020000 x13:0x00000030 PA:0x00020000 store:0x00000030 load:0x00000000
          34684	     17338	00100108	00054803	lbu	x16,0(x10)	 x10:0x00101c8c x16=0x00000030 PA:0x00101c8c store:0x00000000
          34688	     17340	0010010c	fa0810e3	bne	x16,x0,1000ac	 x16:0x00000030  x0:0x00000000
          34694	     17343	001000ac	0107a023	sw	x16,0(x15)	 x15:0x00020000 x16:0x00000030 PA:0x00020000 store:0x00000030 load:0x00000000
          34698	     17345	001000b0	00154703	lbu	x14,1(x10)	 x10:0x00101c8c x14=0x00000030 PA:0x00101c8d store:0x001017e4
          34700	     17346	001000b4	04070e63	beq	x14,x0,100110	 x14:0x00000030  x0:0x00000000
          34704	     17348	001000b8	00e7a023	sw	x14,0(x15)	 x15:0x00020000 x14:0x00000030 PA:0x00020000 store:0x00000030 load:0x00000000
          34708	     17350	001000bc	00254283	lbu	x5,2(x10)	 x10:0x00101c8c  x5=0x00000030 PA:0x00101c8e store:0x00137fa0
          34710	     17351	001000c0	04028863	beq	x5,x0,100110	  x5:0x00000030  x0:0x00000000
          34714	     17353	001000c4	0057a023	sw	x5,0(x15)	 x15:0x00020000  x5:0x00000030 PA:0x00020000 store:0x00000030 load:0x00000000
          34718	     17355	001000c8	00354303	lbu	x6,3(x10)	 x10:0x00101c8c  x6=0x00000030 PA:0x00101c8f store:0x00000000
          34720	     17356	001000cc	04030263	beq	x6,x0,100110	  x6:0x00000030  x0:0x00000000
          34724	     17358	001000d0	0067a023	sw	x6,0(x15)	 x15:0x00020000  x6:0x00000030 PA:0x00020000 store:0x00000030 load:0x00000000
          34728	     17360	001000d4	00454383	lbu	x7,4(x10)	 x10:0x00101c8c  x7=0x00000034 PA:0x00101c90 store:0x00000000
          34730	     17361	001000d8	02038c63	beq	x7,x0,100110	  x7:0x00000034  x0:0x00000000
          34734	     17363	001000dc	0077a023	sw	x7,0(x15)	 x15:0x00020000  x7:0x00000034 PA:0x00020000 store:0x00000034 load:0x00000000
          34738	     17365	001000e0	00554583	lbu	x11,5(x10)	 x10:0x00101c8c x11=0x00000037 PA:0x00101c91 store:0x00000030
          34740	     17366	001000e4	02058663	beq	x11,x0,100110	 x11:0x00000037  x0:0x00000000
          34744	     17368	001000e8	00b7a023	sw	x11,0(x15)	 x15:0x00020000 x11:0x00000037 PA:0x00020000 store:0x00000037 load:0x00000000
          34748	     17370	001000ec	00654603	lbu	x12,6(x10)	 x10:0x00101c8c x12=0x0000003a PA:0x00101c92 store:0x00000030
          34750	     17371	001000f0	02060063	beq	x12,x0,100110	 x12:0x0000003a  x0:0x00000000
          34754	     17373	001000f4	00c7a023	sw	x12,0(x15)	 x15:0x00020000 x12:0x0000003a PA:0x00020000 store:0x0000003a load:0x00000000
          34758	     17375	001000f8	00754683	lbu	x13,7(x10)	 x10:0x00101c8c x13=0x00000020 PA:0x00101c93 store:0x00000034
          34760	     17376	001000fc	00850513	addi	x10,x10,8	 x10:0x00101c8c x10=0x00101c94
          34762	     17377	00100100	00068863	beq	x13,x0,100110	 x13:0x00000020  x0:0x00000000
          34766	     17379	00100104	00d7a023	sw	x13,0(x15)	 x15:0x00020000 x13:0x00000020 PA:0x00020000 store:0x00000020 load:0x00000000
          34770	     17381	00100108	00054803	lbu	x16,0(x10)	 x10:0x00101c94 x16=0x00000000 PA:0x00101c94 store:0x00000000
          34772	     17382	0010010c	fa0810e3	bne	x16,x0,1000ac	 x16:0x00000000  x0:0x00000000
          34774	     17383	00100110	00000513	addi	x10,x0,0	  x0:0x00000000 x10=0x00000000
          34778	     17385	00100114	00008067	jalr	x0,0(x1)	  x1:0x001017e4  x0=0x00000000
          34782	     17387	001017e4	cf8a2503	lw	x10,-776(x20)	 x20:0x00102000 x10=0x00000047 PA:0x00101cf8 store:0x80000000
          34786	     17389	001017e8	939fe0ef	jal	x1,100120	  x1=0x001017ec
          34788	     17390	00100120	01c55793	srli	x15,x10,0x1c	 x10:0x00000047 x15=0x00000000
          34790	     17391	00100124	00900713	addi	x14,x0,9	  x0:0x00000000 x14=0x00000009
          34794	     17393	00100128	0cf77a63	bgeu	x14,x15,1001fc	 x14:0x00000009 x15:0x00000000
          34798	     17395	001001fc	03078393	addi	x7,x15,48	 x15:0x00000000  x7=0x00000030
          34800	     17396	00100200	000205b7	lui	x11,0x20	 x11=0x00020000
          34802	     17397	00100204	00451613	slli	x12,x10,0x4	 x10:0x00000047 x12=0x00000470
          34806	     17399	00100208	0075a023	sw	x7,0(x11)	 x11:0x00020000  x7:0x00000030 PA:0x00020000 store:0x00000030 load:0x00000000
          34808	     17400	0010020c	01c65693	srli	x13,x12,0x1c	 x12:0x00000470 x13=0x00000000
          34810	     17401	00100210	00900813	addi	x16,x0,9	  x0:0x00000000 x16=0x00000009
          34812	     17402	00100214	f2d86ae3	bltu	x16,x13,100148	 x16:0x00000009 x13:0x00000000
          34814	     17403	00100218	03068e93	addi	x29,x13,48	 x13:0x00000000 x29=0x00000030
          34816	     17404	0010021c	00020f37	lui	x30,0x20	 x30=0x00020000
          34818	     17405	00100220	00851f93	slli	x31,x10,0x8	 x10:0x00000047 x31=0x00004700
          34822	     17407	00100224	01df2023	sw	x29,0(x30)	 x30:0x00020000 x29:0x00000030 PA:0x00020000 store:0x00000030 load:0x00000000
          34824	     17408	00100228	01cfd793	srli	x15,x31,0x1c	 x31:0x00004700 x15=0x00000000
          34826	     17409	0010022c	00900713	addi	x14,x0,9	  x0:0x00000000 x14=0x00000009
          34828	     17410	00100230	f2f76ae3	bltu	x14,x15,100164	 x14:0x00000009 x15:0x00000000
          34830	     17411	00100234	03078393	addi	x7,x15,48	 x15:0x00000000  x7=0x00000030
          34832	     17412	00100238	000205b7	lui	x11,0x20	 x11=0x00020000
          34834	     17413	0010023c	00c51613	slli	x12,x10,0xc	 x10:0x00000047 x12=0x00047000
          34838	     17415	00100240	0075a023	sw	x7,0(x11)	 x11:0x00020000  x7:0x00000030 PA:0x00020000 store:0x00000030 load:0x00000000
          34840	     17416	00100244	01c65693	srli	x13,x12,0x1c	 x12:0x00047000 x13=0x00000000
          34842	     17417	00100248	00900813	addi	x16,x0,9	  x0:0x00000000 x16=0x00000009
          34844	     17418	0010024c	f2d86ae3	bltu	x16,x13,100180	 x16:0x00000009 x13:0x00000000
          34846	     17419	00100250	03068e93	addi	x29,x13,48	 x13:0x00000000 x29=0x00000030
          34848	     17420	00100254	00020f37	lui	x30,0x20	 x30=0x00020000
          34850	     17421	00100258	01051f93	slli	x31,x10,0x10	 x10:0x00000047 x31=0x00470000
          34854	     17423	0010025c	01df2023	sw	x29,0(x30)	 x30:0x00020000 x29:0x00000030 PA:0x00020000 store:0x00000030 load:0x00000000
          34856	     17424	00100260	01cfd793	srli	x15,x31,0x1c	 x31:0x00470000 x15=0x00000000
          34858	     17425	00100264	00900713	addi	x14,x0,9	  x0:0x00000000 x14=0x00000009
          34860	     17426	00100268	f2f76ae3	bltu	x14,x15,10019c	 x14:0x00000009 x15:0x00000000
          34862	     17427	0010026c	03078393	addi	x7,x15,48	 x15:0x00000000  x7=0x00000030
          34864	     17428	00100270	000205b7	lui	x11,0x20	 x11=0x00020000
          34866	     17429	00100274	01451613	slli	x12,x10,0x14	 x10:0x00000047 x12=0x04700000
          34870	     17431	00100278	0075a023	sw	x7,0(x11)	 x11:0x00020000  x7:0x00000030 PA:0x00020000 store:0x00000030 load:0x00000000
          34872	     17432	0010027c	01c65693	srli	x13,x12,0x1c	 x12:0x04700000 x13=0x00000000
          34874	     17433	00100280	00900813	addi	x16,x0,9	  x0:0x00000000 x16=0x00000009
          34876	     17434	00100284	f2d86ae3	bltu	x16,x13,1001b8	 x16:0x00000009 x13:0x00000000
          34878	     17435	00100288	03068e93	addi	x29,x13,48	 x13:0x00000000 x29=0x00000030
          34880	     17436	0010028c	00020f37	lui	x30,0x20	 x30=0x00020000
          34882	     17437	00100290	01851f93	slli	x31,x10,0x18	 x10:0x00000047 x31=0x47000000
          34886	     17439	00100294	01df2023	sw	x29,0(x30)	 x30:0x00020000 x29:0x00000030 PA:0x00020000 store:0x00000030 load:0x00000000
          34888	     17440	00100298	01cfd793	srli	x15,x31,0x1c	 x31:0x47000000 x15=0x00000004
          34890	     17441	0010029c	00900713	addi	x14,x0,9	  x0:0x00000000 x14=0x00000009
          34892	     17442	001002a0	f2f76ae3	bltu	x14,x15,1001d4	 x14:0x00000009 x15:0x00000004
          34894	     17443	001002a4	03078393	addi	x7,x15,48	 x15:0x00000004  x7=0x00000034
          34896	     17444	001002a8	000205b7	lui	x11,0x20	 x11=0x00020000
          34900	     17446	001002ac	0075a023	sw	x7,0(x11)	 x11:0x00020000  x7:0x00000034 PA:0x00020000 store:0x00000034 load:0x00000000
          34902	     17447	001002b0	00f57513	andi	x10,x10,15	 x10:0x00000047 x10=0x00000007
          34904	     17448	001002b4	00900613	addi	x12,x0,9	  x0:0x00000000 x12=0x00000009
          34908	     17450	001002b8	f2a67ae3	bgeu	x12,x10,1001ec	 x12:0x00000009 x10:0x00000007
          34912	     17452	001001ec	03050893	addi	x17,x10,48	 x10:0x00000007 x17=0x00000037
          34914	     17453	001001f0	00020e37	lui	x28,0x20	 x28=0x00020000
          34918	     17455	001001f4	011e2023	sw	x17,0(x28)	 x28:0x00020000 x17:0x00000037 PA:0x00020000 store:0x00000037 load:0x00000000
          34928	     17460	001001f8	00008067	jalr	x0,0(x1)	  x1:0x001017ec  x0=0x00000000
          34930	     17461	001017ec	d34ba227	fsw	f20,-732(x23)	 f23:0x00102000 f20:0x00102000 PA:0x00101d24 store:0x7f167699 load:0x00000000
          34932	     17462	001017f0	d33ca027	fsw	f19,-736(x25)	 f25:0x00102000 f19:0x00000047 PA:0x00101d20 store:0x7f1dfc87 load:0x00000047
          34934	     17463	001017f4	d24ba007	flw	f0,-732(x23)	 f23:0x00102000  f0=0x00000000 PA:0x00101d24 store:0x80000000
          34936	     17464	001017f8	d20ca087	flw	f1,-736(x25)	 f25:0x00102000  f1=0x00000000 PA:0x00101d20 store:0x7fa00000
          34938	     17465	001017fc	28101153	fmax.s	f2,f0,f1	  f0:0x00000000  f1:0x001017ec  f2=0x00000000
          34940	     17466	00101800	d02aa027	fsw	f2,-768(x21)	 f21:0x00102000  f2:0x00137fa0 PA:0x00101d00 store:0x7f1dfc87 load:0x7f1dfc87
          34942	     17467	00101804	d00aa787	flw	f15,-768(x21)	 f21:0x00102000 f15=0x00000000 PA:0x00101d00 store:0x7f167699
          34946	     17469	00101808	00102bb7	lui	x23,0x102	 x23=0x00102000
          34948	     17470	0010180c	c98b8513	addi	x10,x23,-872	 x23:0x00102000 x10=0x00101c98
          34950	     17471	00101810	e0078cd3	fmv.x.w	x25,f15	 f15:0x00000004 x25=0x7f1dfc87
          34952	     17472	00101814	cf9a2c23	sw	x25,-776(x20)	 x20:0x00102000 x25:0x7f1dfc87 PA:0x00101cf8 store:0x7f1dfc87 load:0x7f1dfc87
          34954	     17473	00101818	889fe0ef	jal	x1,1000a0	  x1=0x0010181c
          34956	     17474	001000a0	00054803	lbu	x16,0(x10)	 x10:0x00101c98 x16=0x0000000a PA:0x00101c98 store:0x00000000
          34958	     17475	001000a4	06080663	beq	x16,x0,100110	 x16:0x0000000a  x0:0x00000000
          34960	     17476	001000a8	000207b7	lui	x15,0x20	 x15=0x00020000
          34964	     17478	001000ac	0107a023	sw	x16,0(x15)	 x15:0x00020000 x16:0x0000000a PA:0x00020000 store:0x0000000a load:0x00000000
          34968	     17480	001000b0	00154703	lbu	x14,1(x10)	 x10:0x00101c98 x14=0x00000020 PA:0x00101c99 store:0x0010181c
          34970	     17481	001000b4	04070e63	beq	x14,x0,100110	 x14:0x00000020  x0:0x00000000
          34974	     17483	001000b8	00e7a023	sw	x14,0(x15)	 x15:0x00020000 x14:0x00000020 PA:0x00020000 store:0x00000020 load:0x00000000
          34978	     17485	001000bc	00254283	lbu	x5,2(x10)	 x10:0x00101c98  x5=0x0000004d PA:0x00101c9a store:0x00137fa0
          34980	     17486	001000c0	04028863	beq	x5,x0,100110	  x5:0x0000004d  x0:0x00000000
          34984	     17488	001000c4	0057a023	sw	x5,0(x15)	 x15:0x00020000  x5:0x0000004d PA:0x00020000 store:0x0000004d load:0x00000000
          34988	     17490	001000c8	00354303	lbu	x6,3(x10)	 x10:0x00101c98  x6=0x00000041 PA:0x00101c9b store:0x00000000
          34990	     17491	001000cc	04030263	beq	x6,x0,100110	  x6:0x00000041  x0:0x00000000
          34994	     17493	001000d0	0067a023	sw	x6,0(x15)	 x15:0x00020000  x6:0x00000041 PA:0x00020000 store:0x00000041 load:0x00000000
          34998	     17495	001000d4	00454383	lbu	x7,4(x10)	 x10:0x00101c98  x7=0x00000058 PA:0x00101c9c store:0x00000000
          35000	     17496	001000d8	02038c63	beq	x7,x0,100110	  x7:0x00000058  x0:0x00000000
          35004	     17498	001000dc	0077a023	sw	x7,0(x15)	 x15:0x00020000  x7:0x00000058 PA:0x00020000 store:0x00000058 load:0x00000000
          35008	     17500	001000e0	00554583	lbu	x11,5(x10)	 x10:0x00101c98 x11=0x00000028 PA:0x00101c9d store:0x0000004d
          35010	     17501	001000e4	02058663	beq	x11,x0,100110	 x11:0x00000028  x0:0x00000000
          35014	     17503	001000e8	00b7a023	sw	x11,0(x15)	 x15:0x00020000 x11:0x00000028 PA:0x00020000 store:0x00000028 load:0x00000000
          35018	     17505	001000ec	00654603	lbu	x12,6(x10)	 x10:0x00101c98 x12=0x00000032 PA:0x00101c9e store:0x00000041
          35020	     17506	001000f0	02060063	beq	x12,x0,100110	 x12:0x00000032  x0:0x00000000
          35024	     17508	001000f4	00c7a023	sw	x12,0(x15)	 x15:0x00020000 x12:0x00000032 PA:0x00020000 store:0x00000032 load:0x00000000
          35028	     17510	001000f8	00754683	lbu	x13,7(x10)	 x10:0x00101c98 x13=0x0000002e PA:0x00101c9f store:0x00000058
          35030	     17511	001000fc	00850513	addi	x10,x10,8	 x10:0x00101c98 x10=0x00101ca0
          35032	     17512	00100100	00068863	beq	x13,x0,100110	 x13:0x0000002e  x0:0x00000000
          35036	     17514	00100104	00d7a023	sw	x13,0(x15)	 x15:0x00020000 x13:0x0000002e PA:0x00020000 store:0x0000002e load:0x00000000
          35040	     17516	00100108	00054803	lbu	x16,0(x10)	 x10:0x00101ca0 x16=0x00000030 PA:0x00101ca0 store:0x00000000
          35044	     17518	0010010c	fa0810e3	bne	x16,x0,1000ac	 x16:0x00000030  x0:0x00000000
          35050	     17521	001000ac	0107a023	sw	x16,0(x15)	 x15:0x00020000 x16:0x00000030 PA:0x00020000 store:0x00000030 load:0x00000000
          35054	     17523	001000b0	00154703	lbu	x14,1(x10)	 x10:0x00101ca0 x14=0x00000065 PA:0x00101ca1 store:0x0010181c
          35056	     17524	001000b4	04070e63	beq	x14,x0,100110	 x14:0x00000065  x0:0x00000000
          35060	     17526	001000b8	00e7a023	sw	x14,0(x15)	 x15:0x00020000 x14:0x00000065 PA:0x00020000 store:0x00000065 load:0x00000000
          35064	     17528	001000bc	00254283	lbu	x5,2(x10)	 x10:0x00101ca0  x5=0x00000033 PA:0x00101ca2 store:0x00137fa0
          35066	     17529	001000c0	04028863	beq	x5,x0,100110	  x5:0x00000033  x0:0x00000000
          35070	     17531	001000c4	0057a023	sw	x5,0(x15)	 x15:0x00020000  x5:0x00000033 PA:0x00020000 store:0x00000033 load:0x00000000
          35074	     17533	001000c8	00354303	lbu	x6,3(x10)	 x10:0x00101ca0  x6=0x00000038 PA:0x00101ca3 store:0x00000000
          35076	     17534	001000cc	04030263	beq	x6,x0,100110	  x6:0x00000038  x0:0x00000000
          35080	     17536	001000d0	0067a023	sw	x6,0(x15)	 x15:0x00020000  x6:0x00000038 PA:0x00020000 store:0x00000038 load:0x00000000
          35084	     17538	001000d4	00454383	lbu	x7,4(x10)	 x10:0x00101ca0  x7=0x00000066 PA:0x00101ca4 store:0x00000000
          35086	     17539	001000d8	02038c63	beq	x7,x0,100110	  x7:0x00000066  x0:0x00000000
          35090	     17541	001000dc	0077a023	sw	x7,0(x15)	 x15:0x00020000  x7:0x00000066 PA:0x00020000 store:0x00000066 load:0x00000000
          35094	     17543	001000e0	00554583	lbu	x11,5(x10)	 x10:0x00101ca0 x11=0x0000002c PA:0x00101ca5 store:0x00000033
          35096	     17544	001000e4	02058663	beq	x11,x0,100110	 x11:0x0000002c  x0:0x00000000
          35100	     17546	001000e8	00b7a023	sw	x11,0(x15)	 x15:0x00020000 x11:0x0000002c PA:0x00020000 store:0x0000002c load:0x00000000
          35104	     17548	001000ec	00654603	lbu	x12,6(x10)	 x10:0x00101ca0 x12=0x00000020 PA:0x00101ca6 store:0x00000038
          35106	     17549	001000f0	02060063	beq	x12,x0,100110	 x12:0x00000020  x0:0x00000000
          35110	     17551	001000f4	00c7a023	sw	x12,0(x15)	 x15:0x00020000 x12:0x00000020 PA:0x00020000 store:0x00000020 load:0x00000000
          35114	     17553	001000f8	00754683	lbu	x13,7(x10)	 x10:0x00101ca0 x13=0x00000032 PA:0x00101ca7 store:0x00000066
          35116	     17554	001000fc	00850513	addi	x10,x10,8	 x10:0x00101ca0 x10=0x00101ca8
          35118	     17555	00100100	00068863	beq	x13,x0,100110	 x13:0x00000032  x0:0x00000000
          35122	     17557	00100104	00d7a023	sw	x13,0(x15)	 x15:0x00020000 x13:0x00000032 PA:0x00020000 store:0x00000032 load:0x00000000
          35126	     17559	00100108	00054803	lbu	x16,0(x10)	 x10:0x00101ca8 x16=0x0000002e PA:0x00101ca8 store:0x00000000
          35130	     17561	0010010c	fa0810e3	bne	x16,x0,1000ac	 x16:0x0000002e  x0:0x00000000
          35136	     17564	001000ac	0107a023	sw	x16,0(x15)	 x15:0x00020000 x16:0x0000002e PA:0x00020000 store:0x0000002e load:0x00000000
          35140	     17566	001000b0	00154703	lbu	x14,1(x10)	 x10:0x00101ca8 x14=0x00000031 PA:0x00101ca9 store:0x0010181c
          35142	     17567	001000b4	04070e63	beq	x14,x0,100110	 x14:0x00000031  x0:0x00000000
          35146	     17569	001000b8	00e7a023	sw	x14,0(x15)	 x15:0x00020000 x14:0x00000031 PA:0x00020000 store:0x00000031 load:0x00000000
          35150	     17571	001000bc	00254283	lbu	x5,2(x10)	 x10:0x00101ca8  x5=0x00000065 PA:0x00101caa store:0x00137fa0
          35152	     17572	001000c0	04028863	beq	x5,x0,100110	  x5:0x00000065  x0:0x00000000
          35156	     17574	001000c4	0057a023	sw	x5,0(x15)	 x15:0x00020000  x5:0x00000065 PA:0x00020000 store:0x00000065 load:0x00000000
          35160	     17576	001000c8	00354303	lbu	x6,3(x10)	 x10:0x00101ca8  x6=0x00000033 PA:0x00101cab store:0x00000000
          35162	     17577	001000cc	04030263	beq	x6,x0,100110	  x6:0x00000033  x0:0x00000000
          35166	     17579	001000d0	0067a023	sw	x6,0(x15)	 x15:0x00020000  x6:0x00000033 PA:0x00020000 store:0x00000033 load:0x00000000
          35170	     17581	001000d4	00454383	lbu	x7,4(x10)	 x10:0x00101ca8  x7=0x00000038 PA:0x00101cac store:0x00000000
          35172	     17582	001000d8	02038c63	beq	x7,x0,100110	  x7:0x00000038  x0:0x00000000
          35176	     17584	001000dc	0077a023	sw	x7,0(x15)	 x15:0x00020000  x7:0x00000038 PA:0x00020000 store:0x00000038 load:0x00000000
          35180	     17586	001000e0	00554583	lbu	x11,5(x10)	 x10:0x00101ca8 x11=0x00000066 PA:0x00101cad store:0x00000065
          35182	     17587	001000e4	02058663	beq	x11,x0,100110	 x11:0x00000066  x0:0x00000000
          35186	     17589	001000e8	00b7a023	sw	x11,0(x15)	 x15:0x00020000 x11:0x00000066 PA:0x00020000 store:0x00000066 load:0x00000000
          35190	     17591	001000ec	00654603	lbu	x12,6(x10)	 x10:0x00101ca8 x12=0x00000029 PA:0x00101cae store:0x00000033
          35192	     17592	001000f0	02060063	beq	x12,x0,100110	 x12:0x00000029  x0:0x00000000
          35196	     17594	001000f4	00c7a023	sw	x12,0(x15)	 x15:0x00020000 x12:0x00000029 PA:0x00020000 store:0x00000029 load:0x00000000
          35200	     17596	001000f8	00754683	lbu	x13,7(x10)	 x10:0x00101ca8 x13=0x0000002c PA:0x00101caf store:0x00000038
          35202	     17597	001000fc	00850513	addi	x10,x10,8	 x10:0x00101ca8 x10=0x00101cb0
          35204	     17598	00100100	00068863	beq	x13,x0,100110	 x13:0x0000002c  x0:0x00000000
          35208	     17600	00100104	00d7a023	sw	x13,0(x15)	 x15:0x00020000 x13:0x0000002c PA:0x00020000 store:0x0000002c load:0x00000000
          35212	     17602	00100108	00054803	lbu	x16,0(x10)	 x10:0x00101cb0 x16=0x00000020 PA:0x00101cb0 store:0x00000000
          35216	     17604	0010010c	fa0810e3	bne	x16,x0,1000ac	 x16:0x00000020  x0:0x00000000
          35222	     17607	001000ac	0107a023	sw	x16,0(x15)	 x15:0x00020000 x16:0x00000020 PA:0x00020000 store:0x00000020 load:0x00000000
          35226	     17609	001000b0	00154703	lbu	x14,1(x10)	 x10:0x00101cb0 x14=0x00000065 PA:0x00101cb1 store:0x0010181c
          35228	     17610	001000b4	04070e63	beq	x14,x0,100110	 x14:0x00000065  x0:0x00000000
          35232	     17612	001000b8	00e7a023	sw	x14,0(x15)	 x15:0x00020000 x14:0x00000065 PA:0x00020000 store:0x00000065 load:0x00000000
          35236	     17614	001000bc	00254283	lbu	x5,2(x10)	 x10:0x00101cb0  x5=0x00000078 PA:0x00101cb2 store:0x00137fa0
          35238	     17615	001000c0	04028863	beq	x5,x0,100110	  x5:0x00000078  x0:0x00000000
          35242	     17617	001000c4	0057a023	sw	x5,0(x15)	 x15:0x00020000  x5:0x00000078 PA:0x00020000 store:0x00000078 load:0x00000000
          35246	     17619	001000c8	00354303	lbu	x6,3(x10)	 x10:0x00101cb0  x6=0x00000070 PA:0x00101cb3 store:0x00000000
          35248	     17620	001000cc	04030263	beq	x6,x0,100110	  x6:0x00000070  x0:0x00000000
          35252	     17622	001000d0	0067a023	sw	x6,0(x15)	 x15:0x00020000  x6:0x00000070 PA:0x00020000 store:0x00000070 load:0x00000000
          35256	     17624	001000d4	00454383	lbu	x7,4(x10)	 x10:0x00101cb0  x7=0x00000065 PA:0x00101cb4 store:0x00000000
          35258	     17625	001000d8	02038c63	beq	x7,x0,100110	  x7:0x00000065  x0:0x00000000
          35262	     17627	001000dc	0077a023	sw	x7,0(x15)	 x15:0x00020000  x7:0x00000065 PA:0x00020000 store:0x00000065 load:0x00000000
          35266	     17629	001000e0	00554583	lbu	x11,5(x10)	 x10:0x00101cb0 x11=0x00000063 PA:0x00101cb5 store:0x00000078
          35268	     17630	001000e4	02058663	beq	x11,x0,100110	 x11:0x00000063  x0:0x00000000
          35272	     17632	001000e8	00b7a023	sw	x11,0(x15)	 x15:0x00020000 x11:0x00000063 PA:0x00020000 store:0x00000063 load:0x00000000
          35276	     17634	001000ec	00654603	lbu	x12,6(x10)	 x10:0x00101cb0 x12=0x00000074 PA:0x00101cb6 store:0x00000070
          35278	     17635	001000f0	02060063	beq	x12,x0,100110	 x12:0x00000074  x0:0x00000000
          35282	     17637	001000f4	00c7a023	sw	x12,0(x15)	 x15:0x00020000 x12:0x00000074 PA:0x00020000 store:0x00000074 load:0x00000000
          35286	     17639	001000f8	00754683	lbu	x13,7(x10)	 x10:0x00101cb0 x13=0x00000069 PA:0x00101cb7 store:0x00000065
          35288	     17640	001000fc	00850513	addi	x10,x10,8	 x10:0x00101cb0 x10=0x00101cb8
          35290	     17641	00100100	00068863	beq	x13,x0,100110	 x13:0x00000069  x0:0x00000000
          35294	     17643	00100104	00d7a023	sw	x13,0(x15)	 x15:0x00020000 x13:0x00000069 PA:0x00020000 store:0x00000069 load:0x00000000
          35298	     17645	00100108	00054803	lbu	x16,0(x10)	 x10:0x00101cb8 x16=0x0000006e PA:0x00101cb8 store:0x00000000
          35302	     17647	0010010c	fa0810e3	bne	x16,x0,1000ac	 x16:0x0000006e  x0:0x00000000
          35308	     17650	001000ac	0107a023	sw	x16,0(x15)	 x15:0x00020000 x16:0x0000006e PA:0x00020000 store:0x0000006e load:0x00000000
          35312	     17652	001000b0	00154703	lbu	x14,1(x10)	 x10:0x00101cb8 x14=0x00000067 PA:0x00101cb9 store:0x0010181c
          35314	     17653	001000b4	04070e63	beq	x14,x0,100110	 x14:0x00000067  x0:0x00000000
          35318	     17655	001000b8	00e7a023	sw	x14,0(x15)	 x15:0x00020000 x14:0x00000067 PA:0x00020000 store:0x00000067 load:0x00000000
          35322	     17657	001000bc	00254283	lbu	x5,2(x10)	 x10:0x00101cb8  x5=0x0000003a PA:0x00101cba store:0x00137fa0
          35324	     17658	001000c0	04028863	beq	x5,x0,100110	  x5:0x0000003a  x0:0x00000000
          35328	     17660	001000c4	0057a023	sw	x5,0(x15)	 x15:0x00020000  x5:0x0000003a PA:0x00020000 store:0x0000003a load:0x00000000
          35332	     17662	001000c8	00354303	lbu	x6,3(x10)	 x10:0x00101cb8  x6=0x00000020 PA:0x00101cbb store:0x00000000
          35334	     17663	001000cc	04030263	beq	x6,x0,100110	  x6:0x00000020  x0:0x00000000
          35338	     17665	001000d0	0067a023	sw	x6,0(x15)	 x15:0x00020000  x6:0x00000020 PA:0x00020000 store:0x00000020 load:0x00000000
          35342	     17667	001000d4	00454383	lbu	x7,4(x10)	 x10:0x00101cb8  x7=0x00000030 PA:0x00101cbc store:0x00000000
          35344	     17668	001000d8	02038c63	beq	x7,x0,100110	  x7:0x00000030  x0:0x00000000
          35348	     17670	001000dc	0077a023	sw	x7,0(x15)	 x15:0x00020000  x7:0x00000030 PA:0x00020000 store:0x00000030 load:0x00000000
          35352	     17672	001000e0	00554583	lbu	x11,5(x10)	 x10:0x00101cb8 x11=0x00000078 PA:0x00101cbd store:0x0000003a
          35354	     17673	001000e4	02058663	beq	x11,x0,100110	 x11:0x00000078  x0:0x00000000
          35358	     17675	001000e8	00b7a023	sw	x11,0(x15)	 x15:0x00020000 x11:0x00000078 PA:0x00020000 store:0x00000078 load:0x00000000
          35362	     17677	001000ec	00654603	lbu	x12,6(x10)	 x10:0x00101cb8 x12=0x00000037 PA:0x00101cbe store:0x00000020
          35364	     17678	001000f0	02060063	beq	x12,x0,100110	 x12:0x00000037  x0:0x00000000
          35368	     17680	001000f4	00c7a023	sw	x12,0(x15)	 x15:0x00020000 x12:0x00000037 PA:0x00020000 store:0x00000037 load:0x00000000
          35372	     17682	001000f8	00754683	lbu	x13,7(x10)	 x10:0x00101cb8 x13=0x00000066 PA:0x00101cbf store:0x00000030
          35374	     17683	001000fc	00850513	addi	x10,x10,8	 x10:0x00101cb8 x10=0x00101cc0
          35376	     17684	00100100	00068863	beq	x13,x0,100110	 x13:0x00000066  x0:0x00000000
          35380	     17686	00100104	00d7a023	sw	x13,0(x15)	 x15:0x00020000 x13:0x00000066 PA:0x00020000 store:0x00000066 load:0x00000000
          35384	     17688	00100108	00054803	lbu	x16,0(x10)	 x10:0x00101cc0 x16=0x00000031 PA:0x00101cc0 store:0x00000000
          35388	     17690	0010010c	fa0810e3	bne	x16,x0,1000ac	 x16:0x00000031  x0:0x00000000
          35394	     17693	001000ac	0107a023	sw	x16,0(x15)	 x15:0x00020000 x16:0x00000031 PA:0x00020000 store:0x00000031 load:0x00000000
          35398	     17695	001000b0	00154703	lbu	x14,1(x10)	 x10:0x00101cc0 x14=0x00000064 PA:0x00101cc1 store:0x0010181c
          35400	     17696	001000b4	04070e63	beq	x14,x0,100110	 x14:0x00000064  x0:0x00000000
          35404	     17698	001000b8	00e7a023	sw	x14,0(x15)	 x15:0x00020000 x14:0x00000064 PA:0x00020000 store:0x00000064 load:0x00000000
          35408	     17700	001000bc	00254283	lbu	x5,2(x10)	 x10:0x00101cc0  x5=0x00000066 PA:0x00101cc2 store:0x00137fa0
          35410	     17701	001000c0	04028863	beq	x5,x0,100110	  x5:0x00000066  x0:0x00000000
          35414	     17703	001000c4	0057a023	sw	x5,0(x15)	 x15:0x00020000  x5:0x00000066 PA:0x00020000 store:0x00000066 load:0x00000000
          35418	     17705	001000c8	00354303	lbu	x6,3(x10)	 x10:0x00101cc0  x6=0x00000063 PA:0x00101cc3 store:0x00000000
          35420	     17706	001000cc	04030263	beq	x6,x0,100110	  x6:0x00000063  x0:0x00000000
          35424	     17708	001000d0	0067a023	sw	x6,0(x15)	 x15:0x00020000  x6:0x00000063 PA:0x00020000 store:0x00000063 load:0x00000000
          35428	     17710	001000d4	00454383	lbu	x7,4(x10)	 x10:0x00101cc0  x7=0x00000038 PA:0x00101cc4 store:0x00000000
          35430	     17711	001000d8	02038c63	beq	x7,x0,100110	  x7:0x00000038  x0:0x00000000
          35434	     17713	001000dc	0077a023	sw	x7,0(x15)	 x15:0x00020000  x7:0x00000038 PA:0x00020000 store:0x00000038 load:0x00000000
          35438	     17715	001000e0	00554583	lbu	x11,5(x10)	 x10:0x00101cc0 x11=0x00000037 PA:0x00101cc5 store:0x00000066
          35440	     17716	001000e4	02058663	beq	x11,x0,100110	 x11:0x00000037  x0:0x00000000
          35444	     17718	001000e8	00b7a023	sw	x11,0(x15)	 x15:0x00020000 x11:0x00000037 PA:0x00020000 store:0x00000037 load:0x00000000
          35448	     17720	001000ec	00654603	lbu	x12,6(x10)	 x10:0x00101cc0 x12=0x0000003a PA:0x00101cc6 store:0x00000063
          35450	     17721	001000f0	02060063	beq	x12,x0,100110	 x12:0x0000003a  x0:0x00000000
          35454	     17723	001000f4	00c7a023	sw	x12,0(x15)	 x15:0x00020000 x12:0x0000003a PA:0x00020000 store:0x0000003a load:0x00000000
          35458	     17725	001000f8	00754683	lbu	x13,7(x10)	 x10:0x00101cc0 x13=0x00000020 PA:0x00101cc7 store:0x00000038
          35460	     17726	001000fc	00850513	addi	x10,x10,8	 x10:0x00101cc0 x10=0x00101cc8
          35462	     17727	00100100	00068863	beq	x13,x0,100110	 x13:0x00000020  x0:0x00000000
          35466	     17729	00100104	00d7a023	sw	x13,0(x15)	 x15:0x00020000 x13:0x00000020 PA:0x00020000 store:0x00000020 load:0x00000000
          35470	     17731	00100108	00054803	lbu	x16,0(x10)	 x10:0x00101cc8 x16=0x00000000 PA:0x00101cc8 store:0x00000000
          35472	     17732	0010010c	fa0810e3	bne	x16,x0,1000ac	 x16:0x00000000  x0:0x00000000
          35474	     17733	00100110	00000513	addi	x10,x0,0	  x0:0x00000000 x10=0x00000000
          35478	     17735	00100114	00008067	jalr	x0,0(x1)	  x1:0x0010181c  x0=0x00000000
          35482	     17737	0010181c	cf8a2503	lw	x10,-776(x20)	 x20:0x00102000 x10=0x7f1dfc87 PA:0x00101cf8 store:0x80000000
          35484	     17738	00101820	00102a37	lui	x20,0x102	 x20=0x00102000
          35488	     17740	00101824	8fdfe0ef	jal	x1,100120	  x1=0x00101828
          35490	     17741	00100120	01c55793	srli	x15,x10,0x1c	 x10:0x7f1dfc87 x15=0x00000007
          35492	     17742	00100124	00900713	addi	x14,x0,9	  x0:0x00000000 x14=0x00000009
          35496	     17744	00100128	0cf77a63	bgeu	x14,x15,1001fc	 x14:0x00000009 x15:0x00000007
          35500	     17746	001001fc	03078393	addi	x7,x15,48	 x15:0x00000007  x7=0x00000037
          35502	     17747	00100200	000205b7	lui	x11,0x20	 x11=0x00020000
          35504	     17748	00100204	00451613	slli	x12,x10,0x4	 x10:0x7f1dfc87 x12=0xf1dfc870
          35508	     17750	00100208	0075a023	sw	x7,0(x11)	 x11:0x00020000  x7:0x00000037 PA:0x00020000 store:0x00000037 load:0x00000000
          35510	     17751	0010020c	01c65693	srli	x13,x12,0x1c	 x12:0xf1dfc870 x13=0x0000000f
          35512	     17752	00100210	00900813	addi	x16,x0,9	  x0:0x00000000 x16=0x00000009
          35516	     17754	00100214	f2d86ae3	bltu	x16,x13,100148	 x16:0x00000009 x13:0x0000000f
          35520	     17756	00100148	03768893	addi	x17,x13,55	 x13:0x0000000f x17=0x00000046
          35522	     17757	0010014c	00020e37	lui	x28,0x20	 x28=0x00020000
          35524	     17758	00100150	00851f93	slli	x31,x10,0x8	 x10:0x7f1dfc87 x31=0x1dfc8700
          35528	     17760	00100154	011e2023	sw	x17,0(x28)	 x28:0x00020000 x17:0x00000046 PA:0x00020000 store:0x00000046 load:0x00000000
          35530	     17761	00100158	01cfd793	srli	x15,x31,0x1c	 x31:0x1dfc8700 x15=0x00000001
          35532	     17762	0010015c	00900713	addi	x14,x0,9	  x0:0x00000000 x14=0x00000009
          35536	     17764	00100160	0cf77a63	bgeu	x14,x15,100234	 x14:0x00000009 x15:0x00000001
          35540	     17766	00100234	03078393	addi	x7,x15,48	 x15:0x00000001  x7=0x00000031
          35542	     17767	00100238	000205b7	lui	x11,0x20	 x11=0x00020000
          35544	     17768	0010023c	00c51613	slli	x12,x10,0xc	 x10:0x7f1dfc87 x12=0xdfc87000
          35548	     17770	00100240	0075a023	sw	x7,0(x11)	 x11:0x00020000  x7:0x00000031 PA:0x00020000 store:0x00000031 load:0x00000000
          35550	     17771	00100244	01c65693	srli	x13,x12,0x1c	 x12:0xdfc87000 x13=0x0000000d
          35552	     17772	00100248	00900813	addi	x16,x0,9	  x0:0x00000000 x16=0x00000009
          35556	     17774	0010024c	f2d86ae3	bltu	x16,x13,100180	 x16:0x00000009 x13:0x0000000d
          35560	     17776	00100180	03768893	addi	x17,x13,55	 x13:0x0000000d x17=0x00000044
          35562	     17777	00100184	00020e37	lui	x28,0x20	 x28=0x00020000
          35564	     17778	00100188	01051f93	slli	x31,x10,0x10	 x10:0x7f1dfc87 x31=0xfc870000
          35568	     17780	0010018c	011e2023	sw	x17,0(x28)	 x28:0x00020000 x17:0x00000044 PA:0x00020000 store:0x00000044 load:0x00000000
          35570	     17781	00100190	01cfd793	srli	x15,x31,0x1c	 x31:0xfc870000 x15=0x0000000f
          35572	     17782	00100194	00900713	addi	x14,x0,9	  x0:0x00000000 x14=0x00000009
          35574	     17783	00100198	0cf77a63	bgeu	x14,x15,10026c	 x14:0x00000009 x15:0x0000000f
          35576	     17784	0010019c	03778293	addi	x5,x15,55	 x15:0x0000000f  x5=0x00000046
          35578	     17785	001001a0	00020337	lui	x6,0x20	  x6=0x00020000
          35580	     17786	001001a4	01451613	slli	x12,x10,0x14	 x10:0x7f1dfc87 x12=0xc8700000
          35584	     17788	001001a8	00532023	sw	x5,0(x6)	  x6:0x00020000  x5:0x00000046 PA:0x00020000 store:0x00000046 load:0x00000000
          35586	     17789	001001ac	01c65693	srli	x13,x12,0x1c	 x12:0xc8700000 x13=0x0000000c
          35588	     17790	001001b0	00900813	addi	x16,x0,9	  x0:0x00000000 x16=0x00000009
          35590	     17791	001001b4	0cd87a63	bgeu	x16,x13,100288	 x16:0x00000009 x13:0x0000000c
          35592	     17792	001001b8	03768893	addi	x17,x13,55	 x13:0x0000000c x17=0x00000043
          35594	     17793	001001bc	00020e37	lui	x28,0x20	 x28=0x00020000
          35596	     17794	001001c0	01851f93	slli	x31,x10,0x18	 x10:0x7f1dfc87 x31=0x87000000
          35600	     17796	001001c4	011e2023	sw	x17,0(x28)	 x28:0x00020000 x17:0x00000043 PA:0x00020000 store:0x00000043 load:0x00000000
          35602	     17797	001001c8	01cfd793	srli	x15,x31,0x1c	 x31:0x87000000 x15=0x00000008
          35604	     17798	001001cc	00900713	addi	x14,x0,9	  x0:0x00000000 x14=0x00000009
          35608	     17800	001001d0	0cf77a63	bgeu	x14,x15,1002a4	 x14:0x00000009 x15:0x00000008
          35612	     17802	001002a4	03078393	addi	x7,x15,48	 x15:0x00000008  x7=0x00000038
          35614	     17803	001002a8	000205b7	lui	x11,0x20	 x11=0x00020000
          35618	     17805	001002ac	0075a023	sw	x7,0(x11)	 x11:0x00020000  x7:0x00000038 PA:0x00020000 store:0x00000038 load:0x00000000
          35620	     17806	001002b0	00f57513	andi	x10,x10,15	 x10:0x7f1dfc87 x10=0x00000007
          35622	     17807	001002b4	00900613	addi	x12,x0,9	  x0:0x00000000 x12=0x00000009
          35626	     17809	001002b8	f2a67ae3	bgeu	x12,x10,1001ec	 x12:0x00000009 x10:0x00000007
          35630	     17811	001001ec	03050893	addi	x17,x10,48	 x10:0x00000007 x17=0x00000037
          35632	     17812	001001f0	00020e37	lui	x28,0x20	 x28=0x00020000
          35636	     17814	001001f4	011e2023	sw	x17,0(x28)	 x28:0x00020000 x17:0x00000037 PA:0x00020000 store:0x00000037 load:0x00000000
          35640	     17816	001001f8	00008067	jalr	x0,0(x1)	  x1:0x00101828  x0=0x00000000
          35642	     17817	00101828	ccca0513	addi	x10,x20,-820	 x20:0x00102000 x10=0x00101ccc
          35646	     17819	0010182c	875fe0ef	jal	x1,1000a0	  x1=0x00101830
          35650	     17821	001000a0	00054803	lbu	x16,0(x10)	 x10:0x00101ccc x16=0x0000000a PA:0x00101ccc store:0x00000000
          35652	     17822	001000a4	06080663	beq	x16,x0,100110	 x16:0x0000000a  x0:0x00000000
          35654	     17823	001000a8	000207b7	lui	x15,0x20	 x15=0x00020000
          35658	     17825	001000ac	0107a023	sw	x16,0(x15)	 x15:0x00020000 x16:0x0000000a PA:0x00020000 store:0x0000000a load:0x00000000
          35662	     17827	001000b0	00154703	lbu	x14,1(x10)	 x10:0x00101ccc x14=0x0000000a PA:0x00101ccd store:0x00101830
          35664	     17828	001000b4	04070e63	beq	x14,x0,100110	 x14:0x0000000a  x0:0x00000000
          35668	     17830	001000b8	00e7a023	sw	x14,0(x15)	 x15:0x00020000 x14:0x0000000a PA:0x00020000 store:0x0000000a load:0x00000000
          35672	     17832	001000bc	00254283	lbu	x5,2(x10)	 x10:0x00101ccc  x5=0x00000000 PA:0x00101cce store:0x00137fa0
          35676	     17834	001000c0	04028863	beq	x5,x0,100110	  x5:0x00000000  x0:0x00000000
          35680	     17836	00100110	00000513	addi	x10,x0,0	  x0:0x00000000 x10=0x00000000
          35684	     17838	00100114	00008067	jalr	x0,0(x1)	  x1:0x00101830  x0=0x00000000
          35686	     17839	00101830	00000513	addi	x10,x0,0	  x0:0x00000000 x10=0x00000000
          35690	     17841	00101834	c2dfe0ef	jal	x1,100460	  x1=0x00101838
          35692	     17842	00100460	00153513	sltiu	x10,x10,1	 x10:0x00000000 x10=0x00000001
          35694	     17843	00100464	40a002b3	sub	x5,x0,x10	  x0:0x00000000 x10:0x00000001  x5=0xffffffff
          35696	     17844	00100468	32029073	csrrw	x0,mcountinhibit,x5	  x5:0xffffffff  x0=0x00000000
          35700	     17846	0010046c	00008067	jalr	x0,0(x1)	  x1:0x00101838  x0=0x00000000
          35702	     17847	00101838	7d000513	addi	x10,x0,2000	  x0:0x00000000 x10=0x000007d0
          35704	     17848	0010183c	00000593	addi	x11,x0,0	  x0:0x00000000 x11=0x00000000
          35708	     17850	00101840	ac0ff0ef	jal	x1,100b00	  x1=0x00101844
          35710	     17851	00100b00	001026b7	lui	x13,0x102	 x13=0x00102000
          35712	     17852	00100b04	00000813	addi	x16,x0,0	  x0:0x00000000 x16=0x00000000
          35714	     17853	00100b08	001027b7	lui	x15,0x102	 x15=0x00102000
          35716	     17854	00100b0c	00030737	lui	x14,0x30	 x14=0x00030000
          35718	     17855	00100b10	00000893	addi	x17,x0,0	  x0:0x00000000 x17=0x00000000
          35722	     17857	00100b14	cf06a423	sw	x16,-792(x13)	 x13:0x00102000 x16:0x00000000 PA:0x00101ce8 store:0x00000000 load:0x00000a0a
          35726	     17859	00100b18	cf16a623	sw	x17,-788(x13)	 x13:0x00102000 x17:0x00000000 PA:0x00101cec store:0x00000000 load:0x00000a0a
          35730	     17861	00100b1c	cea7a023	sw	x10,-800(x15)	 x15:0x00102000 x10:0x000007d0 PA:0x00101ce0 store:0x000007d0 load:0x00000a0a
          35734	     17863	00100b20	ceb7a223	sw	x11,-796(x15)	 x15:0x00102000 x11:0x00000000 PA:0x00101ce4 store:0x00000000 load:0x00000a0a
          35736	     17864	00100b24	00030637	lui	x12,0x30	 x12=0x00030000
          35738	     17865	00100b28	00470293	addi	x5,x14,4	 x14:0x00030000  x5=0x00030004
          35742	     17867	00100b2c	0002a783	lw	x15,0(x5)	  x5:0x00030004 x15=0x00000000 PA:0x00030004 store:0x00000000
          35746	     17869	00100b30	00062683	lw	x13,0(x12)	 x12:0x00030000 x13=0x000045cb PA:0x00030000 store:0x00000000
          35750	     17871	00100b34	0002a303	lw	x6,0(x5)	  x5:0x00030004  x6=0x00000000 PA:0x00030004 store:0x00000000
          35754	     17873	00100b38	06678a63	beq	x15,x6,100bac	 x15:0x00000000  x6:0x00000000
          35758	     17875	00100bac	000308b7	lui	x17,0x30	 x17=0x00030000
          35760	     17876	00100bb0	00a68533	add	x10,x13,x10	 x13:0x000045cb x10:0x000007d0 x10=0x00004d9b
          35762	     17877	00100bb4	00888293	addi	x5,x17,8	 x17:0x00030000  x5=0x00030008
          35764	     17878	00100bb8	00b783b3	add	x7,x15,x11	 x15:0x00000000 x11:0x00000000  x7=0x00000000
          35766	     17879	00100bbc	00d53333	sltu	x6,x10,x13	 x10:0x00004d9b x13:0x000045cb  x6=0x00000000
          35768	     17880	00100bc0	fff00593	addi	x11,x0,-1	  x0:0x00000000 x11=0xffffffff
          35772	     17882	00100bc4	00b2a023	sw	x11,0(x5)	  x5:0x00030008 x11:0xffffffff PA:0x00030008 store:0xffffffff load:0x00000000
          35774	     17883	00100bc8	00030637	lui	x12,0x30	 x12=0x00030000
          35776	     17884	00100bcc	00730e33	add	x28,x6,x7	  x6:0x00000000  x7:0x00000000 x28=0x00000000
          35780	     17886	00100bd0	01c62623	sw	x28,12(x12)	 x12:0x00030000 x28:0x00000000 PA:0x0003000c store:0x00000000 load:0x00000000
          35784	     17888	00100bd4	00a2a023	sw	x10,0(x5)	  x5:0x00030008 x10:0x00004d9b PA:0x00030008 store:0x00004d9b load:0xffffffff
          35786	     17889	00100bd8	08000e93	addi	x29,x0,128	  x0:0x00000000 x29=0x00000080
          35788	     17890	00100bdc	304ea073	csrrs	x0,mie,x29	 x29:0x00000080  x0=0x00000000
          35794	     17893	00100be0	00800f13	addi	x30,x0,8	  x0:0x00000000 x30=0x00000008
          35796	     17894	00100be4	300f2073	csrrs	x0,mstatus,x30	 x30:0x00000008  x0=0x00000000
          35804	     17898	00100be8	00008067	jalr	x0,0(x1)	  x1:0x00101844  x0=0x00000000
          35808	     17900	00101844	c7cff0ef	jal	x1,100cc0	  x1=0x00101848
          35810	     17901	00100cc0	001027b7	lui	x15,0x102	 x15=0x00102000
          35814	     17903	00100cc4	ce87a503	lw	x10,-792(x15)	 x15:0x00102000 x10=0x00000000 PA:0x00101ce8 store:0x00102000
          35818	     17905	00100cc8	cec7a583	lw	x11,-788(x15)	 x15:0x00102000 x11=0x00000000 PA:0x00101cec store:0x00030000
          35822	     17907	00100ccc	00008067	jalr	x0,0(x1)	  x1:0x00101848  x0=0x00000000
          35824	     17908	00101848	00058b13	addi	x22,x11,0	 x11:0x00000000 x22=0x00000000
          35826	     17909	0010184c	00050913	addi	x18,x10,0	 x10:0x00000000 x18=0x00000000
          35828	     17910	00101850	06059a63	bne	x11,x0,1018c4	 x11:0x00000000  x0:0x00000000
          35830	     17911	00101854	00400a93	addi	x21,x0,4	  x0:0x00000000 x21=0x00000004
          35832	     17912	00101858	06aae663	bltu	x21,x10,1018c4	 x21:0x00000004 x10:0x00000000
          35836	     17914	0010185c	c64ff0ef	jal	x1,100cc0	  x1=0x00101860
          35838	     17915	00100cc0	001027b7	lui	x15,0x102	 x15=0x00102000
          35842	     17917	00100cc4	ce87a503	lw	x10,-792(x15)	 x15:0x00102000 x10=0x00000000 PA:0x00101ce8 store:0x00102000
          35846	     17919	00100cc8	cec7a583	lw	x11,-788(x15)	 x15:0x00102000 x11=0x00000000 PA:0x00101cec store:0x00030000
          35850	     17921	00100ccc	00008067	jalr	x0,0(x1)	  x1:0x00101860  x0=0x00000000
          35852	     17922	00101860	00102c37	lui	x24,0x102	 x24=0x00102000
          35854	     17923	00101864	00050413	addi	x8,x10,0	 x10:0x00000000  x8=0x00000000
          35856	     17924	00101868	00157693	andi	x13,x10,1	 x10:0x00000000 x13=0x00000000
          35858	     17925	0010186c	00400d93	addi	x27,x0,4	  x0:0x00000000 x27=0x00000004
          35860	     17926	00101870	00102d37	lui	x26,0x102	 x26=0x00102000
          35862	     17927	00101874	cd0c0513	addi	x10,x24,-816	 x24:0x00102000 x10=0x00101cd0
          35864	     17928	00101878	00058493	addi	x9,x11,0	 x11:0x00000000  x9=0x00000000
          35868	     17930	0010187c	03240e63	beq	x8,x18,1018b8	  x8:0x00000000 x18:0x00000000
          35872	     17932	001018b8	fd6594e3	bne	x11,x22,101880	 x11:0x00000000 x22:0x00000000
          35874	     17933	001018bc	10500073	wfi	
          39756	     19874	0010001c	6890006f	jal	x0,100ea4	  x0=0x00000000
          39760	     19876	00100ea4	e2dff06f	jal	x0,100cd0	  x0=0x00000000
          39762	     19877	00100cd0	fe010113	addi	x2,x2,-32	  x2:0x00137fa0  x2=0x00137f80
          39766	     19879	00100cd4	00f12423	sw	x15,8(x2)	  x2:0x00137f80 x15:0x00102000 PA:0x00137f88 store:0x00102000 load:0x00000000
          39768	     19880	00100cd8	001027b7	lui	x15,0x102	 x15=0x00102000
          39772	     19882	00100cdc	00b12c23	sw	x11,24(x2)	  x2:0x00137f80 x11:0x00000000 PA:0x00137f98 store:0x00000000 load:0x00000000
          39776	     19884	00100ce0	01012223	sw	x16,4(x2)	  x2:0x00137f80 x16:0x00000000 PA:0x00137f84 store:0x00000000 load:0x00000000
          39780	     19886	00100ce4	ce07a583	lw	x11,-800(x15)	 x15:0x00102000 x11=0x000007d0 PA:0x00101ce0 store:0x00000000
          39784	     19888	00100ce8	ce47a803	lw	x16,-796(x15)	 x15:0x00102000 x16=0x00000000 PA:0x00101ce4 store:0x00000000
          39788	     19890	00100cec	00e12623	sw	x14,12(x2)	  x2:0x00137f80 x14:0x00030000 PA:0x00137f8c store:0x00030000 load:0x00000000
          39790	     19891	00100cf0	00030737	lui	x14,0x30	 x14=0x00030000
          39794	     19893	00100cf4	00c12a23	sw	x12,20(x2)	  x2:0x00137f80 x12:0x00030000 PA:0x00137f94 store:0x00030000 load:0x00000000
          39798	     19895	00100cf8	01112023	sw	x17,0(x2)	  x2:0x00137f80 x17:0x00030000 PA:0x00137f80 store:0x00030000 load:0x00000000
          39802	     19897	00100cfc	00a12e23	sw	x10,28(x2)	  x2:0x00137f80 x10:0x00101cd0 PA:0x00137f9c store:0x00101cd0 load:0x00000000
          39806	     19899	00100d00	00d12823	sw	x13,16(x2)	  x2:0x00137f80 x13:0x00000000 PA:0x00137f90 store:0x00000000 load:0x00000000
          39808	     19900	00100d04	00030637	lui	x12,0x30	 x12=0x00030000
          39810	     19901	00100d08	00470893	addi	x17,x14,4	 x14:0x00030000 x17=0x00030004
          39814	     19903	00100d0c	0008a783	lw	x15,0(x17)	 x17:0x00030004 x15=0x00000000 PA:0x00030004 store:0x00000000
          39818	     19905	00100d10	00062683	lw	x13,0(x12)	 x12:0x00030000 x13=0x00004dbf PA:0x00030000 store:0x00000000
          39822	     19907	00100d14	0008a503	lw	x10,0(x17)	 x17:0x00030004 x10=0x00000000 PA:0x00030004 store:0x00000000
          39826	     19909	00100d18	06a78a63	beq	x15,x10,100d8c	 x15:0x00000000 x10:0x00000000
          39830	     19911	00100d8c	00b688b3	add	x17,x13,x11	 x13:0x00004dbf x11:0x000007d0 x17=0x0000558f
          39832	     19912	00100d90	00030637	lui	x12,0x30	 x12=0x00030000
          39834	     19913	00100d94	00d8b6b3	sltu	x13,x17,x13	 x17:0x0000558f x13:0x00004dbf x13=0x00000000
          39836	     19914	00100d98	01078833	add	x16,x15,x16	 x15:0x00000000 x16:0x00000000 x16=0x00000000
          39838	     19915	00100d9c	fff00513	addi	x10,x0,-1	  x0:0x00000000 x10=0xffffffff
          39842	     19917	00100da0	00a62423	sw	x10,8(x12)	 x12:0x00030000 x10:0xffffffff PA:0x00030008 store:0xffffffff load:0x00004d9b
          39844	     19918	00100da4	010687b3	add	x15,x13,x16	 x13:0x00000000 x16:0x00000000 x15=0x00000000
          39846	     19919	00100da8	000305b7	lui	x11,0x30	 x11=0x00030000
          39850	     19921	00100dac	00f5a623	sw	x15,12(x11)	 x11:0x00030000 x15:0x00000000 PA:0x0003000c store:0x00000000 load:0x00000000
          39854	     19923	00100db0	01162423	sw	x17,8(x12)	 x12:0x00030000 x17:0x0000558f PA:0x00030008 store:0x0000558f load:0xffffffff
          39856	     19924	00100db4	001026b7	lui	x13,0x102	 x13=0x00102000
          39860	     19926	00100db8	ce86a703	lw	x14,-792(x13)	 x13:0x00102000 x14=0x00000000 PA:0x00101ce8 store:0x00000000
          39864	     19928	00100dbc	cec6a883	lw	x17,-788(x13)	 x13:0x00102000 x17=0x00000000 PA:0x00101cec store:0x00030000
          39868	     19930	00100dc0	01c12503	lw	x10,28(x2)	  x2:0x00137f80 x10=0x00101cd0 PA:0x00137f9c store:0x00000000
          39870	     19931	00100dc4	00170593	addi	x11,x14,1	 x14:0x00000000 x11=0x00000001
          39872	     19932	00100dc8	00e5b633	sltu	x12,x11,x14	 x11:0x00000001 x14:0x00000000 x12=0x00000000
          39874	     19933	00100dcc	01160833	add	x16,x12,x17	 x12:0x00000000 x17:0x00000000 x16=0x00000000
          39878	     19935	00100dd0	ceb6a423	sw	x11,-792(x13)	 x13:0x00102000 x11:0x00000001 PA:0x00101ce8 store:0x00000001 load:0x00101cd0
          39882	     19937	00100dd4	cf06a623	sw	x16,-788(x13)	 x13:0x00102000 x16:0x00000000 PA:0x00101cec store:0x00000000 load:0x00101cd0
          39886	     19939	00100dd8	01812583	lw	x11,24(x2)	  x2:0x00137f80 x11=0x00000000 PA:0x00137f98 store:0x00102000
          39890	     19941	00100ddc	01412603	lw	x12,20(x2)	  x2:0x00137f80 x12=0x00030000 PA:0x00137f94 store:0x00102000
          39894	     19943	00100de0	01012683	lw	x13,16(x2)	  x2:0x00137f80 x13=0x00000000 PA:0x00137f90 store:0x00000000
          39898	     19945	00100de4	00c12703	lw	x14,12(x2)	  x2:0x00137f80 x14=0x00030000 PA:0x00137f8c store:0x00030000
          39902	     19947	00100de8	00812783	lw	x15,8(x2)	  x2:0x00137f80 x15=0x00102000 PA:0x00137f88 store:0x00000000
          39906	     19949	00100dec	00412803	lw	x16,4(x2)	  x2:0x00137f80 x16=0x00000000 PA:0x00137f84 store:0x00000000
          39910	     19951	00100df0	00012883	lw	x17,0(x2)	  x2:0x00137f80 x17=0x00030000 PA:0x00137f80 store:0x00000000
          39912	     19952	00100df4	02010113	addi	x2,x2,32	  x2:0x00137f80  x2=0x00137fa0
          39914	     19953	00100df8	30200073	mret	
          39922	     19957	001018c0	fd9ff06f	jal	x0,101898	  x0=0x00000000
          39926	     19959	00101898	c28ff0ef	jal	x1,100cc0	  x1=0x0010189c
          39928	     19960	00100cc0	001027b7	lui	x15,0x102	 x15=0x00102000
          39932	     19962	00100cc4	ce87a503	lw	x10,-792(x15)	 x15:0x00102000 x10=0x00000001 PA:0x00101ce8 store:0x00000000
          39936	     19964	00100cc8	cec7a583	lw	x11,-788(x15)	 x15:0x00102000 x11=0x00000000 PA:0x00101cec store:0x00030000
          39940	     19966	00100ccc	00008067	jalr	x0,0(x1)	  x1:0x0010189c  x0=0x00000000
          39942	     19967	0010189c	00040913	addi	x18,x8,0	  x8:0x00000000 x18=0x00000000
          39944	     19968	001018a0	00050413	addi	x8,x10,0	 x10:0x00000001  x8=0x00000001
          39946	     19969	001018a4	00048b13	addi	x22,x9,0	  x9:0x00000000 x22=0x00000000
          39948	     19970	001018a8	00157693	andi	x13,x10,1	 x10:0x00000001 x13=0x00000001
          39950	     19971	001018ac	00058493	addi	x9,x11,0	 x11:0x00000000  x9=0x00000000
          39952	     19972	001018b0	cd0c0513	addi	x10,x24,-816	 x24:0x00102000 x10=0x00101cd0
          39956	     19974	001018b4	fd2416e3	bne	x8,x18,101880	  x8:0x00000001 x18:0x00000000
          39962	     19977	00101880	00069463	bne	x13,x0,101888	 x13:0x00000001  x0:0x00000000
          39968	     19980	00101888	819fe0ef	jal	x1,1000a0	  x1=0x0010188c
          39972	     19982	001000a0	00054803	lbu	x16,0(x10)	 x10:0x00101cd0 x16=0x00000054 PA:0x00101cd0 store:0x00000000
          39974	     19983	001000a4	06080663	beq	x16,x0,100110	 x16:0x00000054  x0:0x00000000
          39976	     19984	001000a8	000207b7	lui	x15,0x20	 x15=0x00020000
          39980	     19986	001000ac	0107a023	sw	x16,0(x15)	 x15:0x00020000 x16:0x00000054 PA:0x00020000 store:0x00000054 load:0x00000000
          39984	     19988	001000b0	00154703	lbu	x14,1(x10)	 x10:0x00101cd0 x14=0x00000069 PA:0x00101cd1 store:0x0010188c
          39986	     19989	001000b4	04070e63	beq	x14,x0,100110	 x14:0x00000069  x0:0x00000000
          39990	     19991	001000b8	00e7a023	sw	x14,0(x15)	 x15:0x00020000 x14:0x00000069 PA:0x00020000 store:0x00000069 load:0x00000000
          39994	     19993	001000bc	00254283	lbu	x5,2(x10)	 x10:0x00101cd0  x5=0x00000063 PA:0x00101cd2 store:0x00137fa0
          39996	     19994	001000c0	04028863	beq	x5,x0,100110	  x5:0x00000063  x0:0x00000000
          40000	     19996	001000c4	0057a023	sw	x5,0(x15)	 x15:0x00020000  x5:0x00000063 PA:0x00020000 store:0x00000063 load:0x00000000
          40004	     19998	001000c8	00354303	lbu	x6,3(x10)	 x10:0x00101cd0  x6=0x0000006b PA:0x00101cd3 store:0x00000000
          40006	     19999	001000cc	04030263	beq	x6,x0,100110	  x6:0x0000006b  x0:0x00000000
          40010	     20001	001000d0	0067a023	sw	x6,0(x15)	 x15:0x00020000  x6:0x0000006b PA:0x00020000 store:0x0000006b load:0x00000000
          40014	     20003	001000d4	00454383	lbu	x7,4(x10)	 x10:0x00101cd0  x7=0x00000021 PA:0x00101cd4 store:0x00000000
          40016	     20004	001000d8	02038c63	beq	x7,x0,100110	  x7:0x00000021  x0:0x00000000
          40020	     20006	001000dc	0077a023	sw	x7,0(x15)	 x15:0x00020000  x7:0x00000021 PA:0x00020000 store:0x00000021 load:0x00000000
          40024	     20008	001000e0	00554583	lbu	x11,5(x10)	 x10:0x00101cd0 x11=0x0000000a PA:0x00101cd5 store:0x00000063
          40026	     20009	001000e4	02058663	beq	x11,x0,100110	 x11:0x0000000a  x0:0x00000000
          40030	     20011	001000e8	00b7a023	sw	x11,0(x15)	 x15:0x00020000 x11:0x0000000a PA:0x00020000 store:0x0000000a load:0x00000000
          40034	     20013	001000ec	00654603	lbu	x12,6(x10)	 x10:0x00101cd0 x12=0x00000000 PA:0x00101cd6 store:0x0000006b
          40038	     20015	001000f0	02060063	beq	x12,x0,100110	 x12:0x00000000  x0:0x00000000
          40042	     20017	00100110	00000513	addi	x10,x0,0	  x0:0x00000000 x10=0x00000000
          40046	     20019	00100114	00008067	jalr	x0,0(x1)	  x1:0x0010188c  x0=0x00000000
          40048	     20020	0010188c	10500073	wfi	
          43828	     21910	0010001c	6890006f	jal	x0,100ea4	  x0=0x00000000
          43832	     21912	00100ea4	e2dff06f	jal	x0,100cd0	  x0=0x00000000
          43834	     21913	00100cd0	fe010113	addi	x2,x2,-32	  x2:0x00137fa0  x2=0x00137f80
          43838	     21915	00100cd4	00f12423	sw	x15,8(x2)	  x2:0x00137f80 x15:0x00020000 PA:0x00137f88 store:0x00020000 load:0x00000a21
          43840	     21916	00100cd8	001027b7	lui	x15,0x102	 x15=0x00102000
          43844	     21918	00100cdc	00b12c23	sw	x11,24(x2)	  x2:0x00137f80 x11:0x0000000a PA:0x00137f98 store:0x0000000a load:0x00000a21
          43848	     21920	00100ce0	01012223	sw	x16,4(x2)	  x2:0x00137f80 x16:0x00000054 PA:0x00137f84 store:0x00000054 load:0x00000a21
          43852	     21922	00100ce4	ce07a583	lw	x11,-800(x15)	 x15:0x00102000 x11=0x000007d0 PA:0x00101ce0 store:0x00000000
          43856	     21924	00100ce8	ce47a803	lw	x16,-796(x15)	 x15:0x00102000 x16=0x00000000 PA:0x00101ce4 store:0x00000000
          43860	     21926	00100cec	00e12623	sw	x14,12(x2)	  x2:0x00137f80 x14:0x00000069 PA:0x00137f8c store:0x00000069 load:0x00000000
          43862	     21927	00100cf0	00030737	lui	x14,0x30	 x14=0x00030000
          43866	     21929	00100cf4	00c12a23	sw	x12,20(x2)	  x2:0x00137f80 x12:0x00000000 PA:0x00137f94 store:0x00000000 load:0x00000000
          43870	     21931	00100cf8	01112023	sw	x17,0(x2)	  x2:0x00137f80 x17:0x00030000 PA:0x00137f80 store:0x00030000 load:0x00000000
          43874	     21933	00100cfc	00a12e23	sw	x10,28(x2)	  x2:0x00137f80 x10:0x00000000 PA:0x00137f9c store:0x00000000 load:0x00000000
          43878	     21935	00100d00	00d12823	sw	x13,16(x2)	  x2:0x00137f80 x13:0x00000001 PA:0x00137f90 store:0x00000001 load:0x00000000
          43880	     21936	00100d04	00030637	lui	x12,0x30	 x12=0x00030000
          43882	     21937	00100d08	00470893	addi	x17,x14,4	 x14:0x00030000 x17=0x00030004
          43886	     21939	00100d0c	0008a783	lw	x15,0(x17)	 x17:0x00030004 x15=0x00000000 PA:0x00030004 store:0x00000000
          43890	     21941	00100d10	00062683	lw	x13,0(x12)	 x12:0x00030000 x13=0x000055b3 PA:0x00030000 store:0x00000000
          43894	     21943	00100d14	0008a503	lw	x10,0(x17)	 x17:0x00030004 x10=0x00000000 PA:0x00030004 store:0x00000000
          43898	     21945	00100d18	06a78a63	beq	x15,x10,100d8c	 x15:0x00000000 x10:0x00000000
          43902	     21947	00100d8c	00b688b3	add	x17,x13,x11	 x13:0x000055b3 x11:0x000007d0 x17=0x00005d83
          43904	     21948	00100d90	00030637	lui	x12,0x30	 x12=0x00030000
          43906	     21949	00100d94	00d8b6b3	sltu	x13,x17,x13	 x17:0x00005d83 x13:0x000055b3 x13=0x00000000
          43908	     21950	00100d98	01078833	add	x16,x15,x16	 x15:0x00000000 x16:0x00000000 x16=0x00000000
          43910	     21951	00100d9c	fff00513	addi	x10,x0,-1	  x0:0x00000000 x10=0xffffffff
          43914	     21953	00100da0	00a62423	sw	x10,8(x12)	 x12:0x00030000 x10:0xffffffff PA:0x00030008 store:0xffffffff load:0x0000558f
          43916	     21954	00100da4	010687b3	add	x15,x13,x16	 x13:0x00000000 x16:0x00000000 x15=0x00000000
          43918	     21955	00100da8	000305b7	lui	x11,0x30	 x11=0x00030000
          43922	     21957	00100dac	00f5a623	sw	x15,12(x11)	 x11:0x00030000 x15:0x00000000 PA:0x0003000c store:0x00000000 load:0x00000000
          43926	     21959	00100db0	01162423	sw	x17,8(x12)	 x12:0x00030000 x17:0x00005d83 PA:0x00030008 store:0x00005d83 load:0xffffffff
          43928	     21960	00100db4	001026b7	lui	x13,0x102	 x13=0x00102000
          43932	     21962	00100db8	ce86a703	lw	x14,-792(x13)	 x13:0x00102000 x14=0x00000001 PA:0x00101ce8 store:0x00000001
          43936	     21964	00100dbc	cec6a883	lw	x17,-788(x13)	 x13:0x00102000 x17=0x00000000 PA:0x00101cec store:0x00030000
          43940	     21966	00100dc0	01c12503	lw	x10,28(x2)	  x2:0x00137f80 x10=0x00000000 PA:0x00137f9c store:0x00000000
          43942	     21967	00100dc4	00170593	addi	x11,x14,1	 x14:0x00000001 x11=0x00000002
          43944	     21968	00100dc8	00e5b633	sltu	x12,x11,x14	 x11:0x00000002 x14:0x00000001 x12=0x00000000
          43946	     21969	00100dcc	01160833	add	x16,x12,x17	 x12:0x00000000 x17:0x00000000 x16=0x00000000
          43950	     21971	00100dd0	ceb6a423	sw	x11,-792(x13)	 x13:0x00102000 x11:0x00000002 PA:0x00101ce8 store:0x00000002 load:0x00000000
          43954	     21973	00100dd4	cf06a623	sw	x16,-788(x13)	 x13:0x00102000 x16:0x00000000 PA:0x00101cec store:0x00000000 load:0x00000000
          43958	     21975	00100dd8	01812583	lw	x11,24(x2)	  x2:0x00137f80 x11=0x0000000a PA:0x00137f98 store:0x00102000
          43962	     21977	00100ddc	01412603	lw	x12,20(x2)	  x2:0x00137f80 x12=0x00000000 PA:0x00137f94 store:0x00102000
          43966	     21979	00100de0	01012683	lw	x13,16(x2)	  x2:0x00137f80 x13=0x00000001 PA:0x00137f90 store:0x00000000
          43970	     21981	00100de4	00c12703	lw	x14,12(x2)	  x2:0x00137f80 x14=0x00000069 PA:0x00137f8c store:0x00000000
          43974	     21983	00100de8	00812783	lw	x15,8(x2)	  x2:0x00137f80 x15=0x00020000 PA:0x00137f88 store:0x00000001
          43978	     21985	00100dec	00412803	lw	x16,4(x2)	  x2:0x00137f80 x16=0x00000054 PA:0x00137f84 store:0x00000000
          43982	     21987	00100df0	00012883	lw	x17,0(x2)	  x2:0x00137f80 x17=0x00030000 PA:0x00137f80 store:0x00000000
          43984	     21988	00100df4	02010113	addi	x2,x2,32	  x2:0x00137f80  x2=0x00137fa0
          43986	     21989	00100df8	30200073	mret	
          43992	     21992	00101890	02049a63	bne	x9,x0,1018c4	  x9:0x00000000  x0:0x00000000
          43994	     21993	00101894	028de863	bltu	x27,x8,1018c4	 x27:0x00000004  x8:0x00000001
          43998	     21995	00101898	c28ff0ef	jal	x1,100cc0	  x1=0x0010189c
          44000	     21996	00100cc0	001027b7	lui	x15,0x102	 x15=0x00102000
          44004	     21998	00100cc4	ce87a503	lw	x10,-792(x15)	 x15:0x00102000 x10=0x00000002 PA:0x00101ce8 store:0x00000001
          44008	     22000	00100cc8	cec7a583	lw	x11,-788(x15)	 x15:0x00102000 x11=0x00000000 PA:0x00101cec store:0x00000000
          44012	     22002	00100ccc	00008067	jalr	x0,0(x1)	  x1:0x0010189c  x0=0x00000000
          44014	     22003	0010189c	00040913	addi	x18,x8,0	  x8:0x00000001 x18=0x00000001
          44016	     22004	001018a0	00050413	addi	x8,x10,0	 x10:0x00000002  x8=0x00000002
          44018	     22005	001018a4	00048b13	addi	x22,x9,0	  x9:0x00000000 x22=0x00000000
          44020	     22006	001018a8	00157693	andi	x13,x10,1	 x10:0x00000002 x13=0x00000000
          44022	     22007	001018ac	00058493	addi	x9,x11,0	 x11:0x00000000  x9=0x00000000
          44024	     22008	001018b0	cd0c0513	addi	x10,x24,-816	 x24:0x00102000 x10=0x00101cd0
          44028	     22010	001018b4	fd2416e3	bne	x8,x18,101880	  x8:0x00000002 x18:0x00000001
          44032	     22012	00101880	00069463	bne	x13,x0,101888	 x13:0x00000000  x0:0x00000000
          44034	     22013	00101884	cd8d0513	addi	x10,x26,-808	 x26:0x00102000 x10=0x00101cd8
          44038	     22015	00101888	819fe0ef	jal	x1,1000a0	  x1=0x0010188c
          44042	     22017	001000a0	00054803	lbu	x16,0(x10)	 x10:0x00101cd8 x16=0x00000054 PA:0x00101cd8 store:0x00000000
          44044	     22018	001000a4	06080663	beq	x16,x0,100110	 x16:0x00000054  x0:0x00000000
          44046	     22019	001000a8	000207b7	lui	x15,0x20	 x15=0x00020000
          44050	     22021	001000ac	0107a023	sw	x16,0(x15)	 x15:0x00020000 x16:0x00000054 PA:0x00020000 store:0x00000054 load:0x00000000
          44054	     22023	001000b0	00154703	lbu	x14,1(x10)	 x10:0x00101cd8 x14=0x0000006f PA:0x00101cd9 store:0x0010188c
          44056	     22024	001000b4	04070e63	beq	x14,x0,100110	 x14:0x0000006f  x0:0x00000000
          44060	     22026	001000b8	00e7a023	sw	x14,0(x15)	 x15:0x00020000 x14:0x0000006f PA:0x00020000 store:0x0000006f load:0x00000000
          44064	     22028	001000bc	00254283	lbu	x5,2(x10)	 x10:0x00101cd8  x5=0x00000063 PA:0x00101cda store:0x00137fa0
          44066	     22029	001000c0	04028863	beq	x5,x0,100110	  x5:0x00000063  x0:0x00000000
          44070	     22031	001000c4	0057a023	sw	x5,0(x15)	 x15:0x00020000  x5:0x00000063 PA:0x00020000 store:0x00000063 load:0x00000000
          44074	     22033	001000c8	00354303	lbu	x6,3(x10)	 x10:0x00101cd8  x6=0x0000006b PA:0x00101cdb store:0x00000000
          44076	     22034	001000cc	04030263	beq	x6,x0,100110	  x6:0x0000006b  x0:0x00000000
          44080	     22036	001000d0	0067a023	sw	x6,0(x15)	 x15:0x00020000  x6:0x0000006b PA:0x00020000 store:0x0000006b load:0x00000000
          44084	     22038	001000d4	00454383	lbu	x7,4(x10)	 x10:0x00101cd8  x7=0x00000021 PA:0x00101cdc store:0x00000000
          44086	     22039	001000d8	02038c63	beq	x7,x0,100110	  x7:0x00000021  x0:0x00000000
          44090	     22041	001000dc	0077a023	sw	x7,0(x15)	 x15:0x00020000  x7:0x00000021 PA:0x00020000 store:0x00000021 load:0x00000000
          44094	     22043	001000e0	00554583	lbu	x11,5(x10)	 x10:0x00101cd8 x11=0x0000000a PA:0x00101cdd store:0x00000063
          44096	     22044	001000e4	02058663	beq	x11,x0,100110	 x11:0x0000000a  x0:0x00000000
          44100	     22046	001000e8	00b7a023	sw	x11,0(x15)	 x15:0x00020000 x11:0x0000000a PA:0x00020000 store:0x0000000a load:0x00000000
          44104	     22048	001000ec	00654603	lbu	x12,6(x10)	 x10:0x00101cd8 x12=0x00000000 PA:0x00101cde store:0x0000006b
          44108	     22050	001000f0	02060063	beq	x12,x0,100110	 x12:0x00000000  x0:0x00000000
          44112	     22052	00100110	00000513	addi	x10,x0,0	  x0:0x00000000 x10=0x00000000
          44116	     22054	00100114	00008067	jalr	x0,0(x1)	  x1:0x0010188c  x0=0x00000000
          44118	     22055	0010188c	10500073	wfi	
          47900	     23946	0010001c	6890006f	jal	x0,100ea4	  x0=0x00000000
          47904	     23948	00100ea4	e2dff06f	jal	x0,100cd0	  x0=0x00000000
          47906	     23949	00100cd0	fe010113	addi	x2,x2,-32	  x2:0x00137fa0  x2=0x00137f80
          47910	     23951	00100cd4	00f12423	sw	x15,8(x2)	  x2:0x00137f80 x15:0x00020000 PA:0x00137f88 store:0x00020000 load:0x00000a21
          47912	     23952	00100cd8	001027b7	lui	x15,0x102	 x15=0x00102000
          47916	     23954	00100cdc	00b12c23	sw	x11,24(x2)	  x2:0x00137f80 x11:0x0000000a PA:0x00137f98 store:0x0000000a load:0x00000a21
          47920	     23956	00100ce0	01012223	sw	x16,4(x2)	  x2:0x00137f80 x16:0x00000054 PA:0x00137f84 store:0x00000054 load:0x00000a21
          47924	     23958	00100ce4	ce07a583	lw	x11,-800(x15)	 x15:0x00102000 x11=0x000007d0 PA:0x00101ce0 store:0x00000000
          47928	     23960	00100ce8	ce47a803	lw	x16,-796(x15)	 x15:0x00102000 x16=0x00000000 PA:0x00101ce4 store:0x00000000
          47932	     23962	00100cec	00e12623	sw	x14,12(x2)	  x2:0x00137f80 x14:0x0000006f PA:0x00137f8c store:0x0000006f load:0x00000000
          47934	     23963	00100cf0	00030737	lui	x14,0x30	 x14=0x00030000
          47938	     23965	00100cf4	00c12a23	sw	x12,20(x2)	  x2:0x00137f80 x12:0x00000000 PA:0x00137f94 store:0x00000000 load:0x00000000
          47942	     23967	00100cf8	01112023	sw	x17,0(x2)	  x2:0x00137f80 x17:0x00030000 PA:0x00137f80 store:0x00030000 load:0x00000000
          47946	     23969	00100cfc	00a12e23	sw	x10,28(x2)	  x2:0x00137f80 x10:0x00000000 PA:0x00137f9c store:0x00000000 load:0x00000000
          47950	     23971	00100d00	00d12823	sw	x13,16(x2)	  x2:0x00137f80 x13:0x00000000 PA:0x00137f90 store:0x00000000 load:0x00000000
          47952	     23972	00100d04	00030637	lui	x12,0x30	 x12=0x00030000
          47954	     23973	00100d08	00470893	addi	x17,x14,4	 x14:0x00030000 x17=0x00030004
          47958	     23975	00100d0c	0008a783	lw	x15,0(x17)	 x17:0x00030004 x15=0x00000000 PA:0x00030004 store:0x00000000
          47962	     23977	00100d10	00062683	lw	x13,0(x12)	 x12:0x00030000 x13=0x00005da7 PA:0x00030000 store:0x00000000
          47966	     23979	00100d14	0008a503	lw	x10,0(x17)	 x17:0x00030004 x10=0x00000000 PA:0x00030004 store:0x00000000
          47970	     23981	00100d18	06a78a63	beq	x15,x10,100d8c	 x15:0x00000000 x10:0x00000000
          47974	     23983	00100d8c	00b688b3	add	x17,x13,x11	 x13:0x00005da7 x11:0x000007d0 x17=0x00006577
          47976	     23984	00100d90	00030637	lui	x12,0x30	 x12=0x00030000
          47978	     23985	00100d94	00d8b6b3	sltu	x13,x17,x13	 x17:0x00006577 x13:0x00005da7 x13=0x00000000
          47980	     23986	00100d98	01078833	add	x16,x15,x16	 x15:0x00000000 x16:0x00000000 x16=0x00000000
          47982	     23987	00100d9c	fff00513	addi	x10,x0,-1	  x0:0x00000000 x10=0xffffffff
          47986	     23989	00100da0	00a62423	sw	x10,8(x12)	 x12:0x00030000 x10:0xffffffff PA:0x00030008 store:0xffffffff load:0x00005d83
          47988	     23990	00100da4	010687b3	add	x15,x13,x16	 x13:0x00000000 x16:0x00000000 x15=0x00000000
          47990	     23991	00100da8	000305b7	lui	x11,0x30	 x11=0x00030000
          47994	     23993	00100dac	00f5a623	sw	x15,12(x11)	 x11:0x00030000 x15:0x00000000 PA:0x0003000c store:0x00000000 load:0x00000000
          47998	     23995	00100db0	01162423	sw	x17,8(x12)	 x12:0x00030000 x17:0x00006577 PA:0x00030008 store:0x00006577 load:0xffffffff
          48000	     23996	00100db4	001026b7	lui	x13,0x102	 x13=0x00102000
          48004	     23998	00100db8	ce86a703	lw	x14,-792(x13)	 x13:0x00102000 x14=0x00000002 PA:0x00101ce8 store:0x00000002
          48008	     24000	00100dbc	cec6a883	lw	x17,-788(x13)	 x13:0x00102000 x17=0x00000000 PA:0x00101cec store:0x00030000
          48012	     24002	00100dc0	01c12503	lw	x10,28(x2)	  x2:0x00137f80 x10=0x00000000 PA:0x00137f9c store:0x00000000
          48014	     24003	00100dc4	00170593	addi	x11,x14,1	 x14:0x00000002 x11=0x00000003
          48016	     24004	00100dc8	00e5b633	sltu	x12,x11,x14	 x11:0x00000003 x14:0x00000002 x12=0x00000000
          48018	     24005	00100dcc	01160833	add	x16,x12,x17	 x12:0x00000000 x17:0x00000000 x16=0x00000000
          48022	     24007	00100dd0	ceb6a423	sw	x11,-792(x13)	 x13:0x00102000 x11:0x00000003 PA:0x00101ce8 store:0x00000003 load:0x00000000
          48026	     24009	00100dd4	cf06a623	sw	x16,-788(x13)	 x13:0x00102000 x16:0x00000000 PA:0x00101cec store:0x00000000 load:0x00000000
          48030	     24011	00100dd8	01812583	lw	x11,24(x2)	  x2:0x00137f80 x11=0x0000000a PA:0x00137f98 store:0x00102000
          48034	     24013	00100ddc	01412603	lw	x12,20(x2)	  x2:0x00137f80 x12=0x00000000 PA:0x00137f94 store:0x00102000
          48038	     24015	00100de0	01012683	lw	x13,16(x2)	  x2:0x00137f80 x13=0x00000000 PA:0x00137f90 store:0x00000000
          48042	     24017	00100de4	00c12703	lw	x14,12(x2)	  x2:0x00137f80 x14=0x0000006f PA:0x00137f8c store:0x00000000
          48046	     24019	00100de8	00812783	lw	x15,8(x2)	  x2:0x00137f80 x15=0x00020000 PA:0x00137f88 store:0x00000002
          48050	     24021	00100dec	00412803	lw	x16,4(x2)	  x2:0x00137f80 x16=0x00000054 PA:0x00137f84 store:0x00000000
          48054	     24023	00100df0	00012883	lw	x17,0(x2)	  x2:0x00137f80 x17=0x00030000 PA:0x00137f80 store:0x00000000
          48056	     24024	00100df4	02010113	addi	x2,x2,32	  x2:0x00137f80  x2=0x00137fa0
          48058	     24025	00100df8	30200073	mret	
          48064	     24028	00101890	02049a63	bne	x9,x0,1018c4	  x9:0x00000000  x0:0x00000000
          48066	     24029	00101894	028de863	bltu	x27,x8,1018c4	 x27:0x00000004  x8:0x00000002
          48070	     24031	00101898	c28ff0ef	jal	x1,100cc0	  x1=0x0010189c
          48072	     24032	00100cc0	001027b7	lui	x15,0x102	 x15=0x00102000
          48076	     24034	00100cc4	ce87a503	lw	x10,-792(x15)	 x15:0x00102000 x10=0x00000003 PA:0x00101ce8 store:0x00000002
          48080	     24036	00100cc8	cec7a583	lw	x11,-788(x15)	 x15:0x00102000 x11=0x00000000 PA:0x00101cec store:0x00000000
          48084	     24038	00100ccc	00008067	jalr	x0,0(x1)	  x1:0x0010189c  x0=0x00000000
          48086	     24039	0010189c	00040913	addi	x18,x8,0	  x8:0x00000002 x18=0x00000002
          48088	     24040	001018a0	00050413	addi	x8,x10,0	 x10:0x00000003  x8=0x00000003
          48090	     24041	001018a4	00048b13	addi	x22,x9,0	  x9:0x00000000 x22=0x00000000
          48092	     24042	001018a8	00157693	andi	x13,x10,1	 x10:0x00000003 x13=0x00000001
          48094	     24043	001018ac	00058493	addi	x9,x11,0	 x11:0x00000000  x9=0x00000000
          48096	     24044	001018b0	cd0c0513	addi	x10,x24,-816	 x24:0x00102000 x10=0x00101cd0
          48100	     24046	001018b4	fd2416e3	bne	x8,x18,101880	  x8:0x00000003 x18:0x00000002
          48106	     24049	00101880	00069463	bne	x13,x0,101888	 x13:0x00000001  x0:0x00000000
          48112	     24052	00101888	819fe0ef	jal	x1,1000a0	  x1=0x0010188c
          48116	     24054	001000a0	00054803	lbu	x16,0(x10)	 x10:0x00101cd0 x16=0x00000054 PA:0x00101cd0 store:0x00000000
          48118	     24055	001000a4	06080663	beq	x16,x0,100110	 x16:0x00000054  x0:0x00000000
          48120	     24056	001000a8	000207b7	lui	x15,0x20	 x15=0x00020000
          48124	     24058	001000ac	0107a023	sw	x16,0(x15)	 x15:0x00020000 x16:0x00000054 PA:0x00020000 store:0x00000054 load:0x00000000
          48128	     24060	001000b0	00154703	lbu	x14,1(x10)	 x10:0x00101cd0 x14=0x00000069 PA:0x00101cd1 store:0x0010188c
          48130	     24061	001000b4	04070e63	beq	x14,x0,100110	 x14:0x00000069  x0:0x00000000
          48134	     24063	001000b8	00e7a023	sw	x14,0(x15)	 x15:0x00020000 x14:0x00000069 PA:0x00020000 store:0x00000069 load:0x00000000
          48138	     24065	001000bc	00254283	lbu	x5,2(x10)	 x10:0x00101cd0  x5=0x00000063 PA:0x00101cd2 store:0x00137fa0
          48140	     24066	001000c0	04028863	beq	x5,x0,100110	  x5:0x00000063  x0:0x00000000
          48144	     24068	001000c4	0057a023	sw	x5,0(x15)	 x15:0x00020000  x5:0x00000063 PA:0x00020000 store:0x00000063 load:0x00000000
          48148	     24070	001000c8	00354303	lbu	x6,3(x10)	 x10:0x00101cd0  x6=0x0000006b PA:0x00101cd3 store:0x00000000
          48150	     24071	001000cc	04030263	beq	x6,x0,100110	  x6:0x0000006b  x0:0x00000000
          48154	     24073	001000d0	0067a023	sw	x6,0(x15)	 x15:0x00020000  x6:0x0000006b PA:0x00020000 store:0x0000006b load:0x00000000
          48158	     24075	001000d4	00454383	lbu	x7,4(x10)	 x10:0x00101cd0  x7=0x00000021 PA:0x00101cd4 store:0x00000000
          48160	     24076	001000d8	02038c63	beq	x7,x0,100110	  x7:0x00000021  x0:0x00000000
          48164	     24078	001000dc	0077a023	sw	x7,0(x15)	 x15:0x00020000  x7:0x00000021 PA:0x00020000 store:0x00000021 load:0x00000000
          48168	     24080	001000e0	00554583	lbu	x11,5(x10)	 x10:0x00101cd0 x11=0x0000000a PA:0x00101cd5 store:0x00000063
          48170	     24081	001000e4	02058663	beq	x11,x0,100110	 x11:0x0000000a  x0:0x00000000
          48174	     24083	001000e8	00b7a023	sw	x11,0(x15)	 x15:0x00020000 x11:0x0000000a PA:0x00020000 store:0x0000000a load:0x00000000
          48178	     24085	001000ec	00654603	lbu	x12,6(x10)	 x10:0x00101cd0 x12=0x00000000 PA:0x00101cd6 store:0x0000006b
          48182	     24087	001000f0	02060063	beq	x12,x0,100110	 x12:0x00000000  x0:0x00000000
          48186	     24089	00100110	00000513	addi	x10,x0,0	  x0:0x00000000 x10=0x00000000
          48190	     24091	00100114	00008067	jalr	x0,0(x1)	  x1:0x0010188c  x0=0x00000000
          48192	     24092	0010188c	10500073	wfi	
          51972	     25982	0010001c	6890006f	jal	x0,100ea4	  x0=0x00000000
          51976	     25984	00100ea4	e2dff06f	jal	x0,100cd0	  x0=0x00000000
          51978	     25985	00100cd0	fe010113	addi	x2,x2,-32	  x2:0x00137fa0  x2=0x00137f80
          51982	     25987	00100cd4	00f12423	sw	x15,8(x2)	  x2:0x00137f80 x15:0x00020000 PA:0x00137f88 store:0x00020000 load:0x00000a21
          51984	     25988	00100cd8	001027b7	lui	x15,0x102	 x15=0x00102000
          51988	     25990	00100cdc	00b12c23	sw	x11,24(x2)	  x2:0x00137f80 x11:0x0000000a PA:0x00137f98 store:0x0000000a load:0x00000a21
          51992	     25992	00100ce0	01012223	sw	x16,4(x2)	  x2:0x00137f80 x16:0x00000054 PA:0x00137f84 store:0x00000054 load:0x00000a21
          51996	     25994	00100ce4	ce07a583	lw	x11,-800(x15)	 x15:0x00102000 x11=0x000007d0 PA:0x00101ce0 store:0x00000000
          52000	     25996	00100ce8	ce47a803	lw	x16,-796(x15)	 x15:0x00102000 x16=0x00000000 PA:0x00101ce4 store:0x00000000
          52004	     25998	00100cec	00e12623	sw	x14,12(x2)	  x2:0x00137f80 x14:0x00000069 PA:0x00137f8c store:0x00000069 load:0x00000000
          52006	     25999	00100cf0	00030737	lui	x14,0x30	 x14=0x00030000
          52010	     26001	00100cf4	00c12a23	sw	x12,20(x2)	  x2:0x00137f80 x12:0x00000000 PA:0x00137f94 store:0x00000000 load:0x00000000
          52014	     26003	00100cf8	01112023	sw	x17,0(x2)	  x2:0x00137f80 x17:0x00030000 PA:0x00137f80 store:0x00030000 load:0x00000000
          52018	     26005	00100cfc	00a12e23	sw	x10,28(x2)	  x2:0x00137f80 x10:0x00000000 PA:0x00137f9c store:0x00000000 load:0x00000000
          52022	     26007	00100d00	00d12823	sw	x13,16(x2)	  x2:0x00137f80 x13:0x00000001 PA:0x00137f90 store:0x00000001 load:0x00000000
          52024	     26008	00100d04	00030637	lui	x12,0x30	 x12=0x00030000
          52026	     26009	00100d08	00470893	addi	x17,x14,4	 x14:0x00030000 x17=0x00030004
          52030	     26011	00100d0c	0008a783	lw	x15,0(x17)	 x17:0x00030004 x15=0x00000000 PA:0x00030004 store:0x00000000
          52034	     26013	00100d10	00062683	lw	x13,0(x12)	 x12:0x00030000 x13=0x0000659b PA:0x00030000 store:0x00000000
          52038	     26015	00100d14	0008a503	lw	x10,0(x17)	 x17:0x00030004 x10=0x00000000 PA:0x00030004 store:0x00000000
          52042	     26017	00100d18	06a78a63	beq	x15,x10,100d8c	 x15:0x00000000 x10:0x00000000
          52046	     26019	00100d8c	00b688b3	add	x17,x13,x11	 x13:0x0000659b x11:0x000007d0 x17=0x00006d6b
          52048	     26020	00100d90	00030637	lui	x12,0x30	 x12=0x00030000
          52050	     26021	00100d94	00d8b6b3	sltu	x13,x17,x13	 x17:0x00006d6b x13:0x0000659b x13=0x00000000
          52052	     26022	00100d98	01078833	add	x16,x15,x16	 x15:0x00000000 x16:0x00000000 x16=0x00000000
          52054	     26023	00100d9c	fff00513	addi	x10,x0,-1	  x0:0x00000000 x10=0xffffffff
          52058	     26025	00100da0	00a62423	sw	x10,8(x12)	 x12:0x00030000 x10:0xffffffff PA:0x00030008 store:0xffffffff load:0x00006577
          52060	     26026	00100da4	010687b3	add	x15,x13,x16	 x13:0x00000000 x16:0x00000000 x15=0x00000000
          52062	     26027	00100da8	000305b7	lui	x11,0x30	 x11=0x00030000
          52066	     26029	00100dac	00f5a623	sw	x15,12(x11)	 x11:0x00030000 x15:0x00000000 PA:0x0003000c store:0x00000000 load:0x00000000
          52070	     26031	00100db0	01162423	sw	x17,8(x12)	 x12:0x00030000 x17:0x00006d6b PA:0x00030008 store:0x00006d6b load:0xffffffff
          52072	     26032	00100db4	001026b7	lui	x13,0x102	 x13=0x00102000
          52076	     26034	00100db8	ce86a703	lw	x14,-792(x13)	 x13:0x00102000 x14=0x00000003 PA:0x00101ce8 store:0x00000003
          52080	     26036	00100dbc	cec6a883	lw	x17,-788(x13)	 x13:0x00102000 x17=0x00000000 PA:0x00101cec store:0x00030000
          52084	     26038	00100dc0	01c12503	lw	x10,28(x2)	  x2:0x00137f80 x10=0x00000000 PA:0x00137f9c store:0x00000000
          52086	     26039	00100dc4	00170593	addi	x11,x14,1	 x14:0x00000003 x11=0x00000004
          52088	     26040	00100dc8	00e5b633	sltu	x12,x11,x14	 x11:0x00000004 x14:0x00000003 x12=0x00000000
          52090	     26041	00100dcc	01160833	add	x16,x12,x17	 x12:0x00000000 x17:0x00000000 x16=0x00000000
          52094	     26043	00100dd0	ceb6a423	sw	x11,-792(x13)	 x13:0x00102000 x11:0x00000004 PA:0x00101ce8 store:0x00000004 load:0x00000000
          52098	     26045	00100dd4	cf06a623	sw	x16,-788(x13)	 x13:0x00102000 x16:0x00000000 PA:0x00101cec store:0x00000000 load:0x00000000
          52102	     26047	00100dd8	01812583	lw	x11,24(x2)	  x2:0x00137f80 x11=0x0000000a PA:0x00137f98 store:0x00102000
          52106	     26049	00100ddc	01412603	lw	x12,20(x2)	  x2:0x00137f80 x12=0x00000000 PA:0x00137f94 store:0x00102000
          52110	     26051	00100de0	01012683	lw	x13,16(x2)	  x2:0x00137f80 x13=0x00000001 PA:0x00137f90 store:0x00000000
          52114	     26053	00100de4	00c12703	lw	x14,12(x2)	  x2:0x00137f80 x14=0x00000069 PA:0x00137f8c store:0x00000000
          52118	     26055	00100de8	00812783	lw	x15,8(x2)	  x2:0x00137f80 x15=0x00020000 PA:0x00137f88 store:0x00000003
          52122	     26057	00100dec	00412803	lw	x16,4(x2)	  x2:0x00137f80 x16=0x00000054 PA:0x00137f84 store:0x00000000
          52126	     26059	00100df0	00012883	lw	x17,0(x2)	  x2:0x00137f80 x17=0x00030000 PA:0x00137f80 store:0x00000000
          52128	     26060	00100df4	02010113	addi	x2,x2,32	  x2:0x00137f80  x2=0x00137fa0
          52130	     26061	00100df8	30200073	mret	
          52136	     26064	00101890	02049a63	bne	x9,x0,1018c4	  x9:0x00000000  x0:0x00000000
          52138	     26065	00101894	028de863	bltu	x27,x8,1018c4	 x27:0x00000004  x8:0x00000003
          52142	     26067	00101898	c28ff0ef	jal	x1,100cc0	  x1=0x0010189c
          52144	     26068	00100cc0	001027b7	lui	x15,0x102	 x15=0x00102000
          52148	     26070	00100cc4	ce87a503	lw	x10,-792(x15)	 x15:0x00102000 x10=0x00000004 PA:0x00101ce8 store:0x00000003
          52152	     26072	00100cc8	cec7a583	lw	x11,-788(x15)	 x15:0x00102000 x11=0x00000000 PA:0x00101cec store:0x00000000
          52156	     26074	00100ccc	00008067	jalr	x0,0(x1)	  x1:0x0010189c  x0=0x00000000
          52158	     26075	0010189c	00040913	addi	x18,x8,0	  x8:0x00000003 x18=0x00000003
          52160	     26076	001018a0	00050413	addi	x8,x10,0	 x10:0x00000004  x8=0x00000004
          52162	     26077	001018a4	00048b13	addi	x22,x9,0	  x9:0x00000000 x22=0x00000000
          52164	     26078	001018a8	00157693	andi	x13,x10,1	 x10:0x00000004 x13=0x00000000
          52166	     26079	001018ac	00058493	addi	x9,x11,0	 x11:0x00000000  x9=0x00000000
          52168	     26080	001018b0	cd0c0513	addi	x10,x24,-816	 x24:0x00102000 x10=0x00101cd0
          52172	     26082	001018b4	fd2416e3	bne	x8,x18,101880	  x8:0x00000004 x18:0x00000003
          52176	     26084	00101880	00069463	bne	x13,x0,101888	 x13:0x00000000  x0:0x00000000
          52178	     26085	00101884	cd8d0513	addi	x10,x26,-808	 x26:0x00102000 x10=0x00101cd8
          52182	     26087	00101888	819fe0ef	jal	x1,1000a0	  x1=0x0010188c
          52186	     26089	001000a0	00054803	lbu	x16,0(x10)	 x10:0x00101cd8 x16=0x00000054 PA:0x00101cd8 store:0x00000000
          52188	     26090	001000a4	06080663	beq	x16,x0,100110	 x16:0x00000054  x0:0x00000000
          52190	     26091	001000a8	000207b7	lui	x15,0x20	 x15=0x00020000
          52194	     26093	001000ac	0107a023	sw	x16,0(x15)	 x15:0x00020000 x16:0x00000054 PA:0x00020000 store:0x00000054 load:0x00000000
          52198	     26095	001000b0	00154703	lbu	x14,1(x10)	 x10:0x00101cd8 x14=0x0000006f PA:0x00101cd9 store:0x0010188c
          52200	     26096	001000b4	04070e63	beq	x14,x0,100110	 x14:0x0000006f  x0:0x00000000
          52204	     26098	001000b8	00e7a023	sw	x14,0(x15)	 x15:0x00020000 x14:0x0000006f PA:0x00020000 store:0x0000006f load:0x00000000
          52208	     26100	001000bc	00254283	lbu	x5,2(x10)	 x10:0x00101cd8  x5=0x00000063 PA:0x00101cda store:0x00137fa0
          52210	     26101	001000c0	04028863	beq	x5,x0,100110	  x5:0x00000063  x0:0x00000000
          52214	     26103	001000c4	0057a023	sw	x5,0(x15)	 x15:0x00020000  x5:0x00000063 PA:0x00020000 store:0x00000063 load:0x00000000
          52218	     26105	001000c8	00354303	lbu	x6,3(x10)	 x10:0x00101cd8  x6=0x0000006b PA:0x00101cdb store:0x00000000
          52220	     26106	001000cc	04030263	beq	x6,x0,100110	  x6:0x0000006b  x0:0x00000000
          52224	     26108	001000d0	0067a023	sw	x6,0(x15)	 x15:0x00020000  x6:0x0000006b PA:0x00020000 store:0x0000006b load:0x00000000
          52228	     26110	001000d4	00454383	lbu	x7,4(x10)	 x10:0x00101cd8  x7=0x00000021 PA:0x00101cdc store:0x00000000
          52230	     26111	001000d8	02038c63	beq	x7,x0,100110	  x7:0x00000021  x0:0x00000000
          52234	     26113	001000dc	0077a023	sw	x7,0(x15)	 x15:0x00020000  x7:0x00000021 PA:0x00020000 store:0x00000021 load:0x00000000
          52238	     26115	001000e0	00554583	lbu	x11,5(x10)	 x10:0x00101cd8 x11=0x0000000a PA:0x00101cdd store:0x00000063
          52240	     26116	001000e4	02058663	beq	x11,x0,100110	 x11:0x0000000a  x0:0x00000000
          52244	     26118	001000e8	00b7a023	sw	x11,0(x15)	 x15:0x00020000 x11:0x0000000a PA:0x00020000 store:0x0000000a load:0x00000000
          52248	     26120	001000ec	00654603	lbu	x12,6(x10)	 x10:0x00101cd8 x12=0x00000000 PA:0x00101cde store:0x0000006b
          52252	     26122	001000f0	02060063	beq	x12,x0,100110	 x12:0x00000000  x0:0x00000000
          52256	     26124	00100110	00000513	addi	x10,x0,0	  x0:0x00000000 x10=0x00000000
          52260	     26126	00100114	00008067	jalr	x0,0(x1)	  x1:0x0010188c  x0=0x00000000
          52262	     26127	0010188c	10500073	wfi	
          56044	     28018	0010001c	6890006f	jal	x0,100ea4	  x0=0x00000000
          56048	     28020	00100ea4	e2dff06f	jal	x0,100cd0	  x0=0x00000000
          56050	     28021	00100cd0	fe010113	addi	x2,x2,-32	  x2:0x00137fa0  x2=0x00137f80
          56054	     28023	00100cd4	00f12423	sw	x15,8(x2)	  x2:0x00137f80 x15:0x00020000 PA:0x00137f88 store:0x00020000 load:0x00000a21
          56056	     28024	00100cd8	001027b7	lui	x15,0x102	 x15=0x00102000
          56060	     28026	00100cdc	00b12c23	sw	x11,24(x2)	  x2:0x00137f80 x11:0x0000000a PA:0x00137f98 store:0x0000000a load:0x00000a21
          56064	     28028	00100ce0	01012223	sw	x16,4(x2)	  x2:0x00137f80 x16:0x00000054 PA:0x00137f84 store:0x00000054 load:0x00000a21
          56068	     28030	00100ce4	ce07a583	lw	x11,-800(x15)	 x15:0x00102000 x11=0x000007d0 PA:0x00101ce0 store:0x00000000
          56072	     28032	00100ce8	ce47a803	lw	x16,-796(x15)	 x15:0x00102000 x16=0x00000000 PA:0x00101ce4 store:0x00000000
          56076	     28034	00100cec	00e12623	sw	x14,12(x2)	  x2:0x00137f80 x14:0x0000006f PA:0x00137f8c store:0x0000006f load:0x00000000
          56078	     28035	00100cf0	00030737	lui	x14,0x30	 x14=0x00030000
          56082	     28037	00100cf4	00c12a23	sw	x12,20(x2)	  x2:0x00137f80 x12:0x00000000 PA:0x00137f94 store:0x00000000 load:0x00000000
          56086	     28039	00100cf8	01112023	sw	x17,0(x2)	  x2:0x00137f80 x17:0x00030000 PA:0x00137f80 store:0x00030000 load:0x00000000
          56090	     28041	00100cfc	00a12e23	sw	x10,28(x2)	  x2:0x00137f80 x10:0x00000000 PA:0x00137f9c store:0x00000000 load:0x00000000
          56094	     28043	00100d00	00d12823	sw	x13,16(x2)	  x2:0x00137f80 x13:0x00000000 PA:0x00137f90 store:0x00000000 load:0x00000000
          56096	     28044	00100d04	00030637	lui	x12,0x30	 x12=0x00030000
          56098	     28045	00100d08	00470893	addi	x17,x14,4	 x14:0x00030000 x17=0x00030004
          56102	     28047	00100d0c	0008a783	lw	x15,0(x17)	 x17:0x00030004 x15=0x00000000 PA:0x00030004 store:0x00000000
          56106	     28049	00100d10	00062683	lw	x13,0(x12)	 x12:0x00030000 x13=0x00006d8f PA:0x00030000 store:0x00000000
          56110	     28051	00100d14	0008a503	lw	x10,0(x17)	 x17:0x00030004 x10=0x00000000 PA:0x00030004 store:0x00000000
          56114	     28053	00100d18	06a78a63	beq	x15,x10,100d8c	 x15:0x00000000 x10:0x00000000
          56118	     28055	00100d8c	00b688b3	add	x17,x13,x11	 x13:0x00006d8f x11:0x000007d0 x17=0x0000755f
          56120	     28056	00100d90	00030637	lui	x12,0x30	 x12=0x00030000
          56122	     28057	00100d94	00d8b6b3	sltu	x13,x17,x13	 x17:0x0000755f x13:0x00006d8f x13=0x00000000
          56124	     28058	00100d98	01078833	add	x16,x15,x16	 x15:0x00000000 x16:0x00000000 x16=0x00000000
          56126	     28059	00100d9c	fff00513	addi	x10,x0,-1	  x0:0x00000000 x10=0xffffffff
          56130	     28061	00100da0	00a62423	sw	x10,8(x12)	 x12:0x00030000 x10:0xffffffff PA:0x00030008 store:0xffffffff load:0x00006d6b
          56132	     28062	00100da4	010687b3	add	x15,x13,x16	 x13:0x00000000 x16:0x00000000 x15=0x00000000
          56134	     28063	00100da8	000305b7	lui	x11,0x30	 x11=0x00030000
          56138	     28065	00100dac	00f5a623	sw	x15,12(x11)	 x11:0x00030000 x15:0x00000000 PA:0x0003000c store:0x00000000 load:0x00000000
          56142	     28067	00100db0	01162423	sw	x17,8(x12)	 x12:0x00030000 x17:0x0000755f PA:0x00030008 store:0x0000755f load:0xffffffff
          56144	     28068	00100db4	001026b7	lui	x13,0x102	 x13=0x00102000
          56148	     28070	00100db8	ce86a703	lw	x14,-792(x13)	 x13:0x00102000 x14=0x00000004 PA:0x00101ce8 store:0x00000004
          56152	     28072	00100dbc	cec6a883	lw	x17,-788(x13)	 x13:0x00102000 x17=0x00000000 PA:0x00101cec store:0x00030000
          56156	     28074	00100dc0	01c12503	lw	x10,28(x2)	  x2:0x00137f80 x10=0x00000000 PA:0x00137f9c store:0x00000000
          56158	     28075	00100dc4	00170593	addi	x11,x14,1	 x14:0x00000004 x11=0x00000005
          56160	     28076	00100dc8	00e5b633	sltu	x12,x11,x14	 x11:0x00000005 x14:0x00000004 x12=0x00000000
          56162	     28077	00100dcc	01160833	add	x16,x12,x17	 x12:0x00000000 x17:0x00000000 x16=0x00000000
          56166	     28079	00100dd0	ceb6a423	sw	x11,-792(x13)	 x13:0x00102000 x11:0x00000005 PA:0x00101ce8 store:0x00000005 load:0x00000000
          56170	     28081	00100dd4	cf06a623	sw	x16,-788(x13)	 x13:0x00102000 x16:0x00000000 PA:0x00101cec store:0x00000000 load:0x00000000
          56174	     28083	00100dd8	01812583	lw	x11,24(x2)	  x2:0x00137f80 x11=0x0000000a PA:0x00137f98 store:0x00102000
          56178	     28085	00100ddc	01412603	lw	x12,20(x2)	  x2:0x00137f80 x12=0x00000000 PA:0x00137f94 store:0x00102000
          56182	     28087	00100de0	01012683	lw	x13,16(x2)	  x2:0x00137f80 x13=0x00000000 PA:0x00137f90 store:0x00000000
          56186	     28089	00100de4	00c12703	lw	x14,12(x2)	  x2:0x00137f80 x14=0x0000006f PA:0x00137f8c store:0x00000000
          56190	     28091	00100de8	00812783	lw	x15,8(x2)	  x2:0x00137f80 x15=0x00020000 PA:0x00137f88 store:0x00000004
          56194	     28093	00100dec	00412803	lw	x16,4(x2)	  x2:0x00137f80 x16=0x00000054 PA:0x00137f84 store:0x00000000
          56198	     28095	00100df0	00012883	lw	x17,0(x2)	  x2:0x00137f80 x17=0x00030000 PA:0x00137f80 store:0x00000000
          56200	     28096	00100df4	02010113	addi	x2,x2,32	  x2:0x00137f80  x2=0x00137fa0
          56202	     28097	00100df8	30200073	mret	
          56208	     28100	00101890	02049a63	bne	x9,x0,1018c4	  x9:0x00000000  x0:0x00000000
          56210	     28101	00101894	028de863	bltu	x27,x8,1018c4	 x27:0x00000004  x8:0x00000004
          56214	     28103	00101898	c28ff0ef	jal	x1,100cc0	  x1=0x0010189c
          56216	     28104	00100cc0	001027b7	lui	x15,0x102	 x15=0x00102000
          56220	     28106	00100cc4	ce87a503	lw	x10,-792(x15)	 x15:0x00102000 x10=0x00000005 PA:0x00101ce8 store:0x00000004
          56224	     28108	00100cc8	cec7a583	lw	x11,-788(x15)	 x15:0x00102000 x11=0x00000000 PA:0x00101cec store:0x00000000
          56228	     28110	00100ccc	00008067	jalr	x0,0(x1)	  x1:0x0010189c  x0=0x00000000
          56230	     28111	0010189c	00040913	addi	x18,x8,0	  x8:0x00000004 x18=0x00000004
          56232	     28112	001018a0	00050413	addi	x8,x10,0	 x10:0x00000005  x8=0x00000005
          56234	     28113	001018a4	00048b13	addi	x22,x9,0	  x9:0x00000000 x22=0x00000000
          56236	     28114	001018a8	00157693	andi	x13,x10,1	 x10:0x00000005 x13=0x00000001
          56238	     28115	001018ac	00058493	addi	x9,x11,0	 x11:0x00000000  x9=0x00000000
          56240	     28116	001018b0	cd0c0513	addi	x10,x24,-816	 x24:0x00102000 x10=0x00101cd0
          56244	     28118	001018b4	fd2416e3	bne	x8,x18,101880	  x8:0x00000005 x18:0x00000004
          56250	     28121	00101880	00069463	bne	x13,x0,101888	 x13:0x00000001  x0:0x00000000
          56256	     28124	00101888	819fe0ef	jal	x1,1000a0	  x1=0x0010188c
          56260	     28126	001000a0	00054803	lbu	x16,0(x10)	 x10:0x00101cd0 x16=0x00000054 PA:0x00101cd0 store:0x00000000
          56262	     28127	001000a4	06080663	beq	x16,x0,100110	 x16:0x00000054  x0:0x00000000
          56264	     28128	001000a8	000207b7	lui	x15,0x20	 x15=0x00020000
          56268	     28130	001000ac	0107a023	sw	x16,0(x15)	 x15:0x00020000 x16:0x00000054 PA:0x00020000 store:0x00000054 load:0x00000000
          56272	     28132	001000b0	00154703	lbu	x14,1(x10)	 x10:0x00101cd0 x14=0x00000069 PA:0x00101cd1 store:0x0010188c
          56274	     28133	001000b4	04070e63	beq	x14,x0,100110	 x14:0x00000069  x0:0x00000000
          56278	     28135	001000b8	00e7a023	sw	x14,0(x15)	 x15:0x00020000 x14:0x00000069 PA:0x00020000 store:0x00000069 load:0x00000000
          56282	     28137	001000bc	00254283	lbu	x5,2(x10)	 x10:0x00101cd0  x5=0x00000063 PA:0x00101cd2 store:0x00137fa0
          56284	     28138	001000c0	04028863	beq	x5,x0,100110	  x5:0x00000063  x0:0x00000000
          56288	     28140	001000c4	0057a023	sw	x5,0(x15)	 x15:0x00020000  x5:0x00000063 PA:0x00020000 store:0x00000063 load:0x00000000
          56292	     28142	001000c8	00354303	lbu	x6,3(x10)	 x10:0x00101cd0  x6=0x0000006b PA:0x00101cd3 store:0x00000000
          56294	     28143	001000cc	04030263	beq	x6,x0,100110	  x6:0x0000006b  x0:0x00000000
          56298	     28145	001000d0	0067a023	sw	x6,0(x15)	 x15:0x00020000  x6:0x0000006b PA:0x00020000 store:0x0000006b load:0x00000000
          56302	     28147	001000d4	00454383	lbu	x7,4(x10)	 x10:0x00101cd0  x7=0x00000021 PA:0x00101cd4 store:0x00000000
          56304	     28148	001000d8	02038c63	beq	x7,x0,100110	  x7:0x00000021  x0:0x00000000
          56308	     28150	001000dc	0077a023	sw	x7,0(x15)	 x15:0x00020000  x7:0x00000021 PA:0x00020000 store:0x00000021 load:0x00000000
          56312	     28152	001000e0	00554583	lbu	x11,5(x10)	 x10:0x00101cd0 x11=0x0000000a PA:0x00101cd5 store:0x00000063
          56314	     28153	001000e4	02058663	beq	x11,x0,100110	 x11:0x0000000a  x0:0x00000000
          56318	     28155	001000e8	00b7a023	sw	x11,0(x15)	 x15:0x00020000 x11:0x0000000a PA:0x00020000 store:0x0000000a load:0x00000000
          56322	     28157	001000ec	00654603	lbu	x12,6(x10)	 x10:0x00101cd0 x12=0x00000000 PA:0x00101cd6 store:0x0000006b
          56326	     28159	001000f0	02060063	beq	x12,x0,100110	 x12:0x00000000  x0:0x00000000
          56330	     28161	00100110	00000513	addi	x10,x0,0	  x0:0x00000000 x10=0x00000000
          56334	     28163	00100114	00008067	jalr	x0,0(x1)	  x1:0x0010188c  x0=0x00000000
          56336	     28164	0010188c	10500073	wfi	
          60116	     30054	0010001c	6890006f	jal	x0,100ea4	  x0=0x00000000
          60120	     30056	00100ea4	e2dff06f	jal	x0,100cd0	  x0=0x00000000
          60122	     30057	00100cd0	fe010113	addi	x2,x2,-32	  x2:0x00137fa0  x2=0x00137f80
          60126	     30059	00100cd4	00f12423	sw	x15,8(x2)	  x2:0x00137f80 x15:0x00020000 PA:0x00137f88 store:0x00020000 load:0x00000a21
          60128	     30060	00100cd8	001027b7	lui	x15,0x102	 x15=0x00102000
          60132	     30062	00100cdc	00b12c23	sw	x11,24(x2)	  x2:0x00137f80 x11:0x0000000a PA:0x00137f98 store:0x0000000a load:0x00000a21
          60136	     30064	00100ce0	01012223	sw	x16,4(x2)	  x2:0x00137f80 x16:0x00000054 PA:0x00137f84 store:0x00000054 load:0x00000a21
          60140	     30066	00100ce4	ce07a583	lw	x11,-800(x15)	 x15:0x00102000 x11=0x000007d0 PA:0x00101ce0 store:0x00000000
          60144	     30068	00100ce8	ce47a803	lw	x16,-796(x15)	 x15:0x00102000 x16=0x00000000 PA:0x00101ce4 store:0x00000000
          60148	     30070	00100cec	00e12623	sw	x14,12(x2)	  x2:0x00137f80 x14:0x00000069 PA:0x00137f8c store:0x00000069 load:0x00000000
          60150	     30071	00100cf0	00030737	lui	x14,0x30	 x14=0x00030000
          60154	     30073	00100cf4	00c12a23	sw	x12,20(x2)	  x2:0x00137f80 x12:0x00000000 PA:0x00137f94 store:0x00000000 load:0x00000000
          60158	     30075	00100cf8	01112023	sw	x17,0(x2)	  x2:0x00137f80 x17:0x00030000 PA:0x00137f80 store:0x00030000 load:0x00000000
          60162	     30077	00100cfc	00a12e23	sw	x10,28(x2)	  x2:0x00137f80 x10:0x00000000 PA:0x00137f9c store:0x00000000 load:0x00000000
          60166	     30079	00100d00	00d12823	sw	x13,16(x2)	  x2:0x00137f80 x13:0x00000001 PA:0x00137f90 store:0x00000001 load:0x00000000
          60168	     30080	00100d04	00030637	lui	x12,0x30	 x12=0x00030000
          60170	     30081	00100d08	00470893	addi	x17,x14,4	 x14:0x00030000 x17=0x00030004
          60174	     30083	00100d0c	0008a783	lw	x15,0(x17)	 x17:0x00030004 x15=0x00000000 PA:0x00030004 store:0x00000000
          60178	     30085	00100d10	00062683	lw	x13,0(x12)	 x12:0x00030000 x13=0x00007583 PA:0x00030000 store:0x00000000
          60182	     30087	00100d14	0008a503	lw	x10,0(x17)	 x17:0x00030004 x10=0x00000000 PA:0x00030004 store:0x00000000
          60186	     30089	00100d18	06a78a63	beq	x15,x10,100d8c	 x15:0x00000000 x10:0x00000000
          60190	     30091	00100d8c	00b688b3	add	x17,x13,x11	 x13:0x00007583 x11:0x000007d0 x17=0x00007d53
          60192	     30092	00100d90	00030637	lui	x12,0x30	 x12=0x00030000
          60194	     30093	00100d94	00d8b6b3	sltu	x13,x17,x13	 x17:0x00007d53 x13:0x00007583 x13=0x00000000
          60196	     30094	00100d98	01078833	add	x16,x15,x16	 x15:0x00000000 x16:0x00000000 x16=0x00000000
          60198	     30095	00100d9c	fff00513	addi	x10,x0,-1	  x0:0x00000000 x10=0xffffffff
          60202	     30097	00100da0	00a62423	sw	x10,8(x12)	 x12:0x00030000 x10:0xffffffff PA:0x00030008 store:0xffffffff load:0x0000755f
          60204	     30098	00100da4	010687b3	add	x15,x13,x16	 x13:0x00000000 x16:0x00000000 x15=0x00000000
          60206	     30099	00100da8	000305b7	lui	x11,0x30	 x11=0x00030000
          60210	     30101	00100dac	00f5a623	sw	x15,12(x11)	 x11:0x00030000 x15:0x00000000 PA:0x0003000c store:0x00000000 load:0x00000000
          60214	     30103	00100db0	01162423	sw	x17,8(x12)	 x12:0x00030000 x17:0x00007d53 PA:0x00030008 store:0x00007d53 load:0xffffffff
          60216	     30104	00100db4	001026b7	lui	x13,0x102	 x13=0x00102000
          60220	     30106	00100db8	ce86a703	lw	x14,-792(x13)	 x13:0x00102000 x14=0x00000005 PA:0x00101ce8 store:0x00000005
          60224	     30108	00100dbc	cec6a883	lw	x17,-788(x13)	 x13:0x00102000 x17=0x00000000 PA:0x00101cec store:0x00030000
          60228	     30110	00100dc0	01c12503	lw	x10,28(x2)	  x2:0x00137f80 x10=0x00000000 PA:0x00137f9c store:0x00000000
          60230	     30111	00100dc4	00170593	addi	x11,x14,1	 x14:0x00000005 x11=0x00000006
          60232	     30112	00100dc8	00e5b633	sltu	x12,x11,x14	 x11:0x00000006 x14:0x00000005 x12=0x00000000
          60234	     30113	00100dcc	01160833	add	x16,x12,x17	 x12:0x00000000 x17:0x00000000 x16=0x00000000
          60238	     30115	00100dd0	ceb6a423	sw	x11,-792(x13)	 x13:0x00102000 x11:0x00000006 PA:0x00101ce8 store:0x00000006 load:0x00000000
          60242	     30117	00100dd4	cf06a623	sw	x16,-788(x13)	 x13:0x00102000 x16:0x00000000 PA:0x00101cec store:0x00000000 load:0x00000000
          60246	     30119	00100dd8	01812583	lw	x11,24(x2)	  x2:0x00137f80 x11=0x0000000a PA:0x00137f98 store:0x00102000
          60250	     30121	00100ddc	01412603	lw	x12,20(x2)	  x2:0x00137f80 x12=0x00000000 PA:0x00137f94 store:0x00102000
          60254	     30123	00100de0	01012683	lw	x13,16(x2)	  x2:0x00137f80 x13=0x00000001 PA:0x00137f90 store:0x00000000
          60258	     30125	00100de4	00c12703	lw	x14,12(x2)	  x2:0x00137f80 x14=0x00000069 PA:0x00137f8c store:0x00000000
          60262	     30127	00100de8	00812783	lw	x15,8(x2)	  x2:0x00137f80 x15=0x00020000 PA:0x00137f88 store:0x00000005
          60266	     30129	00100dec	00412803	lw	x16,4(x2)	  x2:0x00137f80 x16=0x00000054 PA:0x00137f84 store:0x00000000
          60270	     30131	00100df0	00012883	lw	x17,0(x2)	  x2:0x00137f80 x17=0x00030000 PA:0x00137f80 store:0x00000000
          60272	     30132	00100df4	02010113	addi	x2,x2,32	  x2:0x00137f80  x2=0x00137fa0
          60274	     30133	00100df8	30200073	mret	
          60280	     30136	00101890	02049a63	bne	x9,x0,1018c4	  x9:0x00000000  x0:0x00000000
          60284	     30138	00101894	028de863	bltu	x27,x8,1018c4	 x27:0x00000004  x8:0x00000005
          60290	     30141	001018c4	05c12083	lw	x1,92(x2)	  x2:0x00137fa0  x1=0x00100f58 PA:0x00137ffc store:0x00000000
          60294	     30143	001018c8	05812403	lw	x8,88(x2)	  x2:0x00137fa0  x8=0x00000000 PA:0x00137ff8 store:0x00102000
          60298	     30145	001018cc	05412483	lw	x9,84(x2)	  x2:0x00137fa0  x9=0x00000000 PA:0x00137ff4 store:0x00102000
          60302	     30147	001018d0	05012903	lw	x18,80(x2)	  x2:0x00137fa0 x18=0x00000000 PA:0x00137ff0 store:0x00000054
          60306	     30149	001018d4	04c12983	lw	x19,76(x2)	  x2:0x00137fa0 x19=0x00000000 PA:0x00137fec store:0x00000000
          60310	     30151	001018d8	04812a03	lw	x20,72(x2)	  x2:0x00137fa0 x20=0x00000000 PA:0x00137fe8 store:0x00000000
          60314	     30153	001018dc	04412a83	lw	x21,68(x2)	  x2:0x00137fa0 x21=0x00000000 PA:0x00137fe4 store:0x00000000
          60318	     30155	001018e0	04012b03	lw	x22,64(x2)	  x2:0x00137fa0 x22=0x00000000 PA:0x00137fe0 store:0x00000000
          60322	     30157	001018e4	03c12b83	lw	x23,60(x2)	  x2:0x00137fa0 x23=0x00000000 PA:0x00137fdc store:0x00000000
          60326	     30159	001018e8	03812c03	lw	x24,56(x2)	  x2:0x00137fa0 x24=0x00000000 PA:0x00137fd8 store:0x00102000
          60330	     30161	001018ec	03412c83	lw	x25,52(x2)	  x2:0x00137fa0 x25=0x00000000 PA:0x00137fd4 store:0x00000000
          60334	     30163	001018f0	03012d03	lw	x26,48(x2)	  x2:0x00137fa0 x26=0x00101d4c PA:0x00137fd0 store:0x00000054
          60344	     30168	001018f4	02c12d83	lw	x27,44(x2)	  x2:0x00137fa0 x27=0x00101d48 PA:0x00137fcc store:0x00000000
          60346	     30169	001018f8	01c12407	flw	f8,28(x2)	  f2:0x00137fa0  f8=0x00000000 PA:0x00137fbc store:0x00000000
          60348	     30170	001018fc	01812487	flw	f9,24(x2)	  f2:0x00137fa0  f9=0x00000000 PA:0x00137fb8 store:0x00000000
          60350	     30171	00101900	01412907	flw	f18,20(x2)	  f2:0x00137fa0 f18=0x00000000 PA:0x00137fb4 store:0x7f167699
          60352	     30172	00101904	01012987	flw	f19,16(x2)	  f2:0x00137fa0 f19=0x00000000 PA:0x00137fb0 store:0x7f167699
          60354	     30173	00101908	00c12a07	flw	f20,12(x2)	  f2:0x00137fa0 f20=0x00000000 PA:0x00137fac store:0x00000007
          60356	     30174	0010190c	00812a87	flw	f21,8(x2)	  f2:0x00137fa0 f21=0x00000000 PA:0x00137fa8 store:0x00000000
          60358	     30175	00101910	00000513	addi	x10,x0,0	  x0:0x00000000 x10=0x00000000
          60360	     30176	00101914	06010113	addi	x2,x2,96	  x2:0x00137fa0  x2=0x00138000
          60362	     30177	00101918	00008067	jalr	x0,0(x1)	  x1:0x00100f58  x0=0x00000000
          60364	     30178	00100f58	000202b7	lui	x5,0x20	  x5=0x00020000
          60366	     30179	00100f5c	00828293	addi	x5,x5,8	  x5:0x00020000  x5=0x00020008
          60368	     30180	00100f60	00100313	addi	x6,x0,1	  x0:0x00000000  x6=0x00000001
