Time	Cycle	PC	Insn	Decoded instruction	Register and memory contents
6290006f	jal	x0,100ea8	  x0=0x00000000
00000093	addi	x1,x0,0	  x0:0x00000000  x1=0x00000000
00008113	addi	x2,x1,0	  x1:0x00000000  x2=0x00000000
00008193	addi	x3,x1,0	  x1:0x00000000  x3=0x00000000
00008213	addi	x4,x1,0	  x1:0x00000000  x4=0x00000000
00008293	addi	x5,x1,0	  x1:0x00000000  x5=0x00000000
00008313	addi	x6,x1,0	  x1:0x00000000  x6=0x00000000
00008393	addi	x7,x1,0	  x1:0x00000000  x7=0x00000000
00008413	addi	x8,x1,0	  x1:0x00000000  x8=0x00000000
00008493	addi	x9,x1,0	  x1:0x00000000  x9=0x00000000
00008513	addi	x10,x1,0	  x1:0x00000000 x10=0x00000000
00008593	addi	x11,x1,0	  x1:0x00000000 x11=0x00000000
00008613	addi	x12,x1,0	  x1:0x00000000 x12=0x00000000
00008693	addi	x13,x1,0	  x1:0x00000000 x13=0x00000000
00008713	addi	x14,x1,0	  x1:0x00000000 x14=0x00000000
00008793	addi	x15,x1,0	  x1:0x00000000 x15=0x00000000
00008813	addi	x16,x1,0	  x1:0x00000000 x16=0x00000000
00008893	addi	x17,x1,0	  x1:0x00000000 x17=0x00000000
00008913	addi	x18,x1,0	  x1:0x00000000 x18=0x00000000
00008993	addi	x19,x1,0	  x1:0x00000000 x19=0x00000000
00008a13	addi	x20,x1,0	  x1:0x00000000 x20=0x00000000
00008a93	addi	x21,x1,0	  x1:0x00000000 x21=0x00000000
00008b13	addi	x22,x1,0	  x1:0x00000000 x22=0x00000000
00008b93	addi	x23,x1,0	  x1:0x00000000 x23=0x00000000
00008c13	addi	x24,x1,0	  x1:0x00000000 x24=0x00000000
00008c93	addi	x25,x1,0	  x1:0x00000000 x25=0x00000000
00008d13	addi	x26,x1,0	  x1:0x00000000 x26=0x00000000
00008d93	addi	x27,x1,0	  x1:0x00000000 x27=0x00000000
00008e13	addi	x28,x1,0	  x1:0x00000000 x28=0x00000000
00008e93	addi	x29,x1,0	  x1:0x00000000 x29=0x00000000
00008f13	addi	x30,x1,0	  x1:0x00000000 x30=0x00000000
00008f93	addi	x31,x1,0	  x1:0x00000000 x31=0x00000000
00037117	auipc	x2,0x37	  x2=0x00137f24
0dc10113	addi	x2,x2,220	  x2:0x00137f24  x2=0x00138000
00001d17	auipc	x26,0x1	 x26=0x00101f2c
db4d0d13	addi	x26,x26,-588	 x26:0x00101f2c x26=0x00101ce0
00001d97	auipc	x27,0x1	 x27=0x00101f34
e14d8d93	addi	x27,x27,-492	 x27:0x00101f34 x27=0x00101d48
01bd5863	bge	x26,x27,100f4c	 x26:0x00101ce0 x27:0x00101d48
000d2023	sw	x0,0(x26)	 x26:0x00101ce0  x0:0x00000000 PA:0x00101ce0 store:0x00000000 load:0x00000000
004d0d13	addi	x26,x26,4	 x26:0x00101ce0 x26=0x00101ce4
ffaddce3	bge	x27,x26,100f40	 x27:0x00101d48 x26:0x00101ce4
000d2023	sw	x0,0(x26)	 x26:0x00101ce4  x0:0x00000000 PA:0x00101ce4 store:0x00000000 load:0x00000000
004d0d13	addi	x26,x26,4	 x26:0x00101ce4 x26=0x00101ce8
ffaddce3	bge	x27,x26,100f40	 x27:0x00101d48 x26:0x00101ce8
000d2023	sw	x0,0(x26)	 x26:0x00101ce8  x0:0x00000000 PA:0x00101ce8 store:0x00000000 load:0x00000000
004d0d13	addi	x26,x26,4	 x26:0x00101ce8 x26=0x00101cec
ffaddce3	bge	x27,x26,100f40	 x27:0x00101d48 x26:0x00101cec
000d2023	sw	x0,0(x26)	 x26:0x00101cec  x0:0x00000000 PA:0x00101cec store:0x00000000 load:0x00000000
004d0d13	addi	x26,x26,4	 x26:0x00101cec x26=0x00101cf0
ffaddce3	bge	x27,x26,100f40	 x27:0x00101d48 x26:0x00101cf0
000d2023	sw	x0,0(x26)	 x26:0x00101cf0  x0:0x00000000 PA:0x00101cf0 store:0x00000000 load:0x00000000
004d0d13	addi	x26,x26,4	 x26:0x00101cf0 x26=0x00101cf4
ffaddce3	bge	x27,x26,100f40	 x27:0x00101d48 x26:0x00101cf4
000d2023	sw	x0,0(x26)	 x26:0x00101cf4  x0:0x00000000 PA:0x00101cf4 store:0x00000000 load:0x00000000
004d0d13	addi	x26,x26,4	 x26:0x00101cf4 x26=0x00101cf8
ffaddce3	bge	x27,x26,100f40	 x27:0x00101d48 x26:0x00101cf8
000d2023	sw	x0,0(x26)	 x26:0x00101cf8  x0:0x00000000 PA:0x00101cf8 store:0x00000000 load:0x00000000
004d0d13	addi	x26,x26,4	 x26:0x00101cf8 x26=0x00101cfc
ffaddce3	bge	x27,x26,100f40	 x27:0x00101d48 x26:0x00101cfc
000d2023	sw	x0,0(x26)	 x26:0x00101cfc  x0:0x00000000 PA:0x00101cfc store:0x00000000 load:0x00000000
004d0d13	addi	x26,x26,4	 x26:0x00101cfc x26=0x00101d00
ffaddce3	bge	x27,x26,100f40	 x27:0x00101d48 x26:0x00101d00
000d2023	sw	x0,0(x26)	 x26:0x00101d00  x0:0x00000000 PA:0x00101d00 store:0x00000000 load:0x00000000
004d0d13	addi	x26,x26,4	 x26:0x00101d00 x26=0x00101d04
ffaddce3	bge	x27,x26,100f40	 x27:0x00101d48 x26:0x00101d04
000d2023	sw	x0,0(x26)	 x26:0x00101d04  x0:0x00000000 PA:0x00101d04 store:0x00000000 load:0x00000000
004d0d13	addi	x26,x26,4	 x26:0x00101d04 x26=0x00101d08
ffaddce3	bge	x27,x26,100f40	 x27:0x00101d48 x26:0x00101d08
000d2023	sw	x0,0(x26)	 x26:0x00101d08  x0:0x00000000 PA:0x00101d08 store:0x00000000 load:0x00000000
004d0d13	addi	x26,x26,4	 x26:0x00101d08 x26=0x00101d0c
ffaddce3	bge	x27,x26,100f40	 x27:0x00101d48 x26:0x00101d0c
000d2023	sw	x0,0(x26)	 x26:0x00101d0c  x0:0x00000000 PA:0x00101d0c store:0x00000000 load:0x00000000
004d0d13	addi	x26,x26,4	 x26:0x00101d0c x26=0x00101d10
ffaddce3	bge	x27,x26,100f40	 x27:0x00101d48 x26:0x00101d10
000d2023	sw	x0,0(x26)	 x26:0x00101d10  x0:0x00000000 PA:0x00101d10 store:0x00000000 load:0x00000000
004d0d13	addi	x26,x26,4	 x26:0x00101d10 x26=0x00101d14
ffaddce3	bge	x27,x26,100f40	 x27:0x00101d48 x26:0x00101d14
000d2023	sw	x0,0(x26)	 x26:0x00101d14  x0:0x00000000 PA:0x00101d14 store:0x00000000 load:0x00000000
004d0d13	addi	x26,x26,4	 x26:0x00101d14 x26=0x00101d18
ffaddce3	bge	x27,x26,100f40	 x27:0x00101d48 x26:0x00101d18
000d2023	sw	x0,0(x26)	 x26:0x00101d18  x0:0x00000000 PA:0x00101d18 store:0x00000000 load:0x00000000
004d0d13	addi	x26,x26,4	 x26:0x00101d18 x26=0x00101d1c
ffaddce3	bge	x27,x26,100f40	 x27:0x00101d48 x26:0x00101d1c
000d2023	sw	x0,0(x26)	 x26:0x00101d1c  x0:0x00000000 PA:0x00101d1c store:0x00000000 load:0x00000000
004d0d13	addi	x26,x26,4	 x26:0x00101d1c x26=0x00101d20
ffaddce3	bge	x27,x26,100f40	 x27:0x00101d48 x26:0x00101d20
000d2023	sw	x0,0(x26)	 x26:0x00101d20  x0:0x00000000 PA:0x00101d20 store:0x00000000 load:0x00000000
004d0d13	addi	x26,x26,4	 x26:0x00101d20 x26=0x00101d24
ffaddce3	bge	x27,x26,100f40	 x27:0x00101d48 x26:0x00101d24
000d2023	sw	x0,0(x26)	 x26:0x00101d24  x0:0x00000000 PA:0x00101d24 store:0x00000000 load:0x00000000
004d0d13	addi	x26,x26,4	 x26:0x00101d24 x26=0x00101d28
ffaddce3	bge	x27,x26,100f40	 x27:0x00101d48 x26:0x00101d28
000d2023	sw	x0,0(x26)	 x26:0x00101d28  x0:0x00000000 PA:0x00101d28 store:0x00000000 load:0x00000000
004d0d13	addi	x26,x26,4	 x26:0x00101d28 x26=0x00101d2c
ffaddce3	bge	x27,x26,100f40	 x27:0x00101d48 x26:0x00101d2c
000d2023	sw	x0,0(x26)	 x26:0x00101d2c  x0:0x00000000 PA:0x00101d2c store:0x00000000 load:0x00000000
004d0d13	addi	x26,x26,4	 x26:0x00101d2c x26=0x00101d30
ffaddce3	bge	x27,x26,100f40	 x27:0x00101d48 x26:0x00101d30
000d2023	sw	x0,0(x26)	 x26:0x00101d30  x0:0x00000000 PA:0x00101d30 store:0x00000000 load:0x00000000
004d0d13	addi	x26,x26,4	 x26:0x00101d30 x26=0x00101d34
ffaddce3	bge	x27,x26,100f40	 x27:0x00101d48 x26:0x00101d34
000d2023	sw	x0,0(x26)	 x26:0x00101d34  x0:0x00000000 PA:0x00101d34 store:0x00000000 load:0x00000000
004d0d13	addi	x26,x26,4	 x26:0x00101d34 x26=0x00101d38
ffaddce3	bge	x27,x26,100f40	 x27:0x00101d48 x26:0x00101d38
000d2023	sw	x0,0(x26)	 x26:0x00101d38  x0:0x00000000 PA:0x00101d38 store:0x00000000 load:0x00000000
004d0d13	addi	x26,x26,4	 x26:0x00101d38 x26=0x00101d3c
ffaddce3	bge	x27,x26,100f40	 x27:0x00101d48 x26:0x00101d3c
000d2023	sw	x0,0(x26)	 x26:0x00101d3c  x0:0x00000000 PA:0x00101d3c store:0x00000000 load:0x00000000
004d0d13	addi	x26,x26,4	 x26:0x00101d3c x26=0x00101d40
ffaddce3	bge	x27,x26,100f40	 x27:0x00101d48 x26:0x00101d40
000d2023	sw	x0,0(x26)	 x26:0x00101d40  x0:0x00000000 PA:0x00101d40 store:0x00000000 load:0x00000000
004d0d13	addi	x26,x26,4	 x26:0x00101d40 x26=0x00101d44
ffaddce3	bge	x27,x26,100f40	 x27:0x00101d48 x26:0x00101d44
000d2023	sw	x0,0(x26)	 x26:0x00101d44  x0:0x00000000 PA:0x00101d44 store:0x00000000 load:0x00000000
004d0d13	addi	x26,x26,4	 x26:0x00101d44 x26=0x00101d48
ffaddce3	bge	x27,x26,100f40	 x27:0x00101d48 x26:0x00101d48
000d2023	sw	x0,0(x26)	 x26:0x00101d48  x0:0x00000000 PA:0x00101d48 store:0x00000000 load:0x00000000
004d0d13	addi	x26,x26,4	 x26:0x00101d48 x26=0x00101d4c
ffaddce3	bge	x27,x26,100f40	 x27:0x00101d48 x26:0x00101d4c
00000513	addi	x10,x0,0	  x0:0x00000000 x10=0x00000000
00000593	addi	x11,x0,0	  x0:0x00000000 x11=0x00000000
01c000ef	jal	x1,100f70	  x1=0x00100f58
fa010113	addi	x2,x2,-96	  x2:0x00138000  x2=0x00137fa0
00000513	addi	x10,x0,0	  x0:0x00000000 x10=0x00000000
04112e23	sw	x1,92(x2)	  x2:0x00137fa0  x1:0x00100f58 PA:0x00137ffc store:0x00100f58 load:0x00000000
04812c23	sw	x8,88(x2)	  x2:0x00137fa0  x8:0x00000000 PA:0x00137ff8 store:0x00000000 load:0x00000000
04912a23	sw	x9,84(x2)	  x2:0x00137fa0  x9:0x00000000 PA:0x00137ff4 store:0x00000000 load:0x00000000
05212823	sw	x18,80(x2)	  x2:0x00137fa0 x18:0x00000000 PA:0x00137ff0 store:0x00000000 load:0x00000000
05412423	sw	x20,72(x2)	  x2:0x00137fa0 x20:0x00000000 PA:0x00137fe8 store:0x00000000 load:0x00000000
03712e23	sw	x23,60(x2)	  x2:0x00137fa0 x23:0x00000000 PA:0x00137fdc store:0x00000000 load:0x00000000
03912a23	sw	x25,52(x2)	  x2:0x00137fa0 x25:0x00000000 PA:0x00137fd4 store:0x00000000 load:0x00000000
00812e27	fsw	f8,28(x2)	  f2:0x00137fa0  f8:0x00000000 PA:0x00137fbc store:0x00000000 load:0x00000000
00912c27	fsw	f9,24(x2)	  f2:0x00137fa0  f9:0x00000000 PA:0x00137fb8 store:0x00000000 load:0x00000000
01212a27	fsw	f18,20(x2)	  f2:0x00137fa0 f18:0x00000000 PA:0x00137fb4 store:0x00000000 load:0x00000000
01312827	fsw	f19,16(x2)	  f2:0x00137fa0 f19:0x00000000 PA:0x00137fb0 store:0x00000000 load:0x00000000
05312623	sw	x19,76(x2)	  x2:0x00137fa0 x19:0x00000000 PA:0x00137fec store:0x00000000 load:0x00000000
05512223	sw	x21,68(x2)	  x2:0x00137fa0 x21:0x00000000 PA:0x00137fe4 store:0x00000000 load:0x00000000
05612023	sw	x22,64(x2)	  x2:0x00137fa0 x22:0x00000000 PA:0x00137fe0 store:0x00000000 load:0x00000000
03812c23	sw	x24,56(x2)	  x2:0x00137fa0 x24:0x00000000 PA:0x00137fd8 store:0x00000000 load:0x00000000
03a12823	sw	x26,48(x2)	  x2:0x00137fa0 x26:0x00101d4c PA:0x00137fd0 store:0x00101d4c load:0x00000000
03b12623	sw	x27,44(x2)	  x2:0x00137fa0 x27:0x00101d48 PA:0x00137fcc store:0x00101d48 load:0x00000000
01412627	fsw	f20,12(x2)	  f2:0x00137fa0 f20:0x00000000 PA:0x00137fac store:0x00000000 load:0x00000000
01512427	fsw	f21,8(x2)	  f2:0x00137fa0 f21:0x00000000 PA:0x00137fa8 store:0x00000000 load:0x00000000
c9cff0ef	jal	x1,100460	  x1=0x00100fc8
00153513	sltiu	x10,x10,1	 x10:0x00000000 x10=0x00000001
40a002b3	sub	x5,x0,x10	  x0:0x00000000 x10:0x00000001  x5=0xffffffff
32029073	csrrw	x0,mcountinhibit,x5	  x5:0xffffffff  x0=0x00000000
00008067	jalr	x0,0(x1)	  x1:0x00100fc8  x0=0x00000000
b98ff0ef	jal	x1,100360	  x1=0x00100fcc
b0201073	csrrw	x0,minstret,x0	  x0:0x00000000  x0=0x00000000
b0001073	csrrw	x0,mcycle,x0	  x0:0x00000000  x0=0x00000000
b0301073	csrrw	x0,mhpmcounter3,x0	  x0:0x00000000  x0=0x00000000
b0401073	csrrw	x0,mhpmcounter4,x0	  x0:0x00000000  x0=0x00000000
b0501073	csrrw	x0,mhpmcounter5,x0	  x0:0x00000000  x0=0x00000000
b0601073	csrrw	x0,mhpmcounter6,x0	  x0:0x00000000  x0=0x00000000
b0701073	csrrw	x0,mhpmcounter7,x0	  x0:0x00000000  x0=0x00000000
b0801073	csrrw	x0,mhpmcounter8,x0	  x0:0x00000000  x0=0x00000000
b0901073	csrrw	x0,mhpmcounter9,x0	  x0:0x00000000  x0=0x00000000
b0a01073	csrrw	x0,mhpmcounter10,x0	  x0:0x00000000  x0=0x00000000
b0b01073	csrrw	x0,mhpmcounter11,x0	  x0:0x00000000  x0=0x00000000
b0c01073	csrrw	x0,mhpmcounter12,x0	  x0:0x00000000  x0=0x00000000
b0d01073	csrrw	x0,mhpmcounter13,x0	  x0:0x00000000  x0=0x00000000
b0e01073	csrrw	x0,mhpmcounter14,x0	  x0:0x00000000  x0=0x00000000
b0f01073	csrrw	x0,mhpmcounter15,x0	  x0:0x00000000  x0=0x00000000
b1001073	csrrw	x0,mhpmcounter16,x0	  x0:0x00000000  x0=0x00000000
b1101073	csrrw	x0,mhpmcounter17,x0	  x0:0x00000000  x0=0x00000000
b1201073	csrrw	x0,mhpmcounter18,x0	  x0:0x00000000  x0=0x00000000
b1301073	csrrw	x0,mhpmcounter19,x0	  x0:0x00000000  x0=0x00000000
b1401073	csrrw	x0,mhpmcounter20,x0	  x0:0x00000000  x0=0x00000000
b1501073	csrrw	x0,mhpmcounter21,x0	  x0:0x00000000  x0=0x00000000
b1601073	csrrw	x0,mhpmcounter22,x0	  x0:0x00000000  x0=0x00000000
b1701073	csrrw	x0,mhpmcounter23,x0	  x0:0x00000000  x0=0x00000000
b1801073	csrrw	x0,mhpmcounter24,x0	  x0:0x00000000  x0=0x00000000
b1901073	csrrw	x0,mhpmcounter25,x0	  x0:0x00000000  x0=0x00000000
b1a01073	csrrw	x0,mhpmcounter26,x0	  x0:0x00000000  x0=0x00000000
b1b01073	csrrw	x0,mhpmcounter27,x0	  x0:0x00000000  x0=0x00000000
b1c01073	csrrw	x0,mhpmcounter28,x0	  x0:0x00000000  x0=0x00000000
b1d01073	csrrw	x0,mhpmcounter29,x0	  x0:0x00000000  x0=0x00000000
b1e01073	csrrw	x0,mhpmcounter30,x0	  x0:0x00000000  x0=0x00000000
b1f01073	csrrw	x0,mhpmcounter31,x0	  x0:0x00000000  x0=0x00000000
b8201073	csrrw	x0,minstreth,x0	  x0:0x00000000  x0=0x00000000
b8001073	csrrw	x0,mcycleh,x0	  x0:0x00000000  x0=0x00000000
b8301073	csrrw	x0,mhpmcounter3h,x0	  x0:0x00000000  x0=0x00000000
b8401073	csrrw	x0,mhpmcounter4h,x0	  x0:0x00000000  x0=0x00000000
b8501073	csrrw	x0,mhpmcounter5h,x0	  x0:0x00000000  x0=0x00000000
b8601073	csrrw	x0,mhpmcounter6h,x0	  x0:0x00000000  x0=0x00000000
b8701073	csrrw	x0,mhpmcounter7h,x0	  x0:0x00000000  x0=0x00000000
b8801073	csrrw	x0,mhpmcounter8h,x0	  x0:0x00000000  x0=0x00000000
b8901073	csrrw	x0,mhpmcounter9h,x0	  x0:0x00000000  x0=0x00000000
b8a01073	csrrw	x0,mhpmcounter10h,x0	  x0:0x00000000  x0=0x00000000
b8b01073	csrrw	x0,mhpmcounter11h,x0	  x0:0x00000000  x0=0x00000000
b8c01073	csrrw	x0,mhpmcounter12h,x0	  x0:0x00000000  x0=0x00000000
b8d01073	csrrw	x0,mhpmcounter13h,x0	  x0:0x00000000  x0=0x00000000
b8e01073	csrrw	x0,mhpmcounter14h,x0	  x0:0x00000000  x0=0x00000000
b8f01073	csrrw	x0,mhpmcounter15h,x0	  x0:0x00000000  x0=0x00000000
b9001073	csrrw	x0,mhpmcounter16h,x0	  x0:0x00000000  x0=0x00000000
b9101073	csrrw	x0,mhpmcounter17h,x0	  x0:0x00000000  x0=0x00000000
b9201073	csrrw	x0,mhpmcounter18h,x0	  x0:0x00000000  x0=0x00000000
b9301073	csrrw	x0,mhpmcounter19h,x0	  x0:0x00000000  x0=0x00000000
b9401073	csrrw	x0,mhpmcounter20h,x0	  x0:0x00000000  x0=0x00000000
b9501073	csrrw	x0,mhpmcounter21h,x0	  x0:0x00000000  x0=0x00000000
b9601073	csrrw	x0,mhpmcounter22h,x0	  x0:0x00000000  x0=0x00000000
b9701073	csrrw	x0,mhpmcounter23h,x0	  x0:0x00000000  x0=0x00000000
b9801073	csrrw	x0,mhpmcounter24h,x0	  x0:0x00000000  x0=0x00000000
b9901073	csrrw	x0,mhpmcounter25h,x0	  x0:0x00000000  x0=0x00000000
b9a01073	csrrw	x0,mhpmcounter26h,x0	  x0:0x00000000  x0=0x00000000
b9b01073	csrrw	x0,mhpmcounter27h,x0	  x0:0x00000000  x0=0x00000000
b9c01073	csrrw	x0,mhpmcounter28h,x0	  x0:0x00000000  x0=0x00000000
b9d01073	csrrw	x0,mhpmcounter29h,x0	  x0:0x00000000  x0=0x00000000
b9e01073	csrrw	x0,mhpmcounter30h,x0	  x0:0x00000000  x0=0x00000000
b9f01073	csrrw	x0,mhpmcounter31h,x0	  x0:0x00000000  x0=0x00000000
00008067	jalr	x0,0(x1)	  x1:0x00100fcc  x0=0x00000000
00100513	addi	x10,x0,1	  x0:0x00000000 x10=0x00000001
c90ff0ef	jal	x1,100460	  x1=0x00100fd4
00153513	sltiu	x10,x10,1	 x10:0x00000001 x10=0x00000000
40a002b3	sub	x5,x0,x10	  x0:0x00000000 x10:0x00000000  x5=0x00000000
32029073	csrrw	x0,mcountinhibit,x5	  x5:0x00000000  x0=0x00000000
00008067	jalr	x0,0(x1)	  x1:0x00100fd4  x0=0x00000000
00102537	lui	x10,0x102	 x10=0x00102000
9a850513	addi	x10,x10,-1624	 x10:0x00102000 x10=0x001019a8
8c4ff0ef	jal	x1,1000a0	  x1=0x00100fe0
00054803	lbu	x16,0(x10)	 x10:0x001019a8 x16=0x00000048 PA:0x001019a8 store:0x00000000
06080663	beq	x16,x0,100110	 x16:0x00000048  x0:0x00000000
000207b7	lui	x15,0x20	 x15=0x00020000
0107a023	sw	x16,0(x15)	 x15:0x00020000 x16:0x00000048 PA:0x00020000 store:0x00000048 load:0x00000000
00154703	lbu	x14,1(x10)	 x10:0x001019a8 x14=0x00000065 PA:0x001019a9 store:0x00100fe0
04070e63	beq	x14,x0,100110	 x14:0x00000065  x0:0x00000000
00e7a023	sw	x14,0(x15)	 x15:0x00020000 x14:0x00000065 PA:0x00020000 store:0x00000065 load:0x00000000
00254283	lbu	x5,2(x10)	 x10:0x001019a8  x5=0x0000006c PA:0x001019aa store:0x00137fa0
04028863	beq	x5,x0,100110	  x5:0x0000006c  x0:0x00000000
0057a023	sw	x5,0(x15)	 x15:0x00020000  x5:0x0000006c PA:0x00020000 store:0x0000006c load:0x00000000
00354303	lbu	x6,3(x10)	 x10:0x001019a8  x6=0x0000006c PA:0x001019ab store:0x00000000
04030263	beq	x6,x0,100110	  x6:0x0000006c  x0:0x00000000
0067a023	sw	x6,0(x15)	 x15:0x00020000  x6:0x0000006c PA:0x00020000 store:0x0000006c load:0x00000000
00454383	lbu	x7,4(x10)	 x10:0x001019a8  x7=0x0000006f PA:0x001019ac store:0x00000000
02038c63	beq	x7,x0,100110	  x7:0x0000006f  x0:0x00000000
0077a023	sw	x7,0(x15)	 x15:0x00020000  x7:0x0000006f PA:0x00020000 store:0x0000006f load:0x00000000
00554583	lbu	x11,5(x10)	 x10:0x001019a8 x11=0x00000020 PA:0x001019ad store:0x0000006c
02058663	beq	x11,x0,100110	 x11:0x00000020  x0:0x00000000
00b7a023	sw	x11,0(x15)	 x15:0x00020000 x11:0x00000020 PA:0x00020000 store:0x00000020 load:0x00000000
00654603	lbu	x12,6(x10)	 x10:0x001019a8 x12=0x00000073 PA:0x001019ae store:0x0000006c
02060063	beq	x12,x0,100110	 x12:0x00000073  x0:0x00000000
00c7a023	sw	x12,0(x15)	 x15:0x00020000 x12:0x00000073 PA:0x00020000 store:0x00000073 load:0x00000000
00754683	lbu	x13,7(x10)	 x10:0x001019a8 x13=0x00000069 PA:0x001019af store:0x0000006f
00850513	addi	x10,x10,8	 x10:0x001019a8 x10=0x001019b0
00068863	beq	x13,x0,100110	 x13:0x00000069  x0:0x00000000
00d7a023	sw	x13,0(x15)	 x15:0x00020000 x13:0x00000069 PA:0x00020000 store:0x00000069 load:0x00000000
00054803	lbu	x16,0(x10)	 x10:0x001019b0 x16=0x0000006d PA:0x001019b0 store:0x00000000
fa0810e3	bne	x16,x0,1000ac	 x16:0x0000006d  x0:0x00000000
0107a023	sw	x16,0(x15)	 x15:0x00020000 x16:0x0000006d PA:0x00020000 store:0x0000006d load:0x00000000
00154703	lbu	x14,1(x10)	 x10:0x001019b0 x14=0x00000070 PA:0x001019b1 store:0x00100fe0
04070e63	beq	x14,x0,100110	 x14:0x00000070  x0:0x00000000
00e7a023	sw	x14,0(x15)	 x15:0x00020000 x14:0x00000070 PA:0x00020000 store:0x00000070 load:0x00000000
00254283	lbu	x5,2(x10)	 x10:0x001019b0  x5=0x0000006c PA:0x001019b2 store:0x00137fa0
04028863	beq	x5,x0,100110	  x5:0x0000006c  x0:0x00000000
0057a023	sw	x5,0(x15)	 x15:0x00020000  x5:0x0000006c PA:0x00020000 store:0x0000006c load:0x00000000
00354303	lbu	x6,3(x10)	 x10:0x001019b0  x6=0x00000065 PA:0x001019b3 store:0x00000000
04030263	beq	x6,x0,100110	  x6:0x00000065  x0:0x00000000
0067a023	sw	x6,0(x15)	 x15:0x00020000  x6:0x00000065 PA:0x00020000 store:0x00000065 load:0x00000000
00454383	lbu	x7,4(x10)	 x10:0x001019b0  x7=0x00000020 PA:0x001019b4 store:0x00000000
02038c63	beq	x7,x0,100110	  x7:0x00000020  x0:0x00000000
0077a023	sw	x7,0(x15)	 x15:0x00020000  x7:0x00000020 PA:0x00020000 store:0x00000020 load:0x00000000
00554583	lbu	x11,5(x10)	 x10:0x001019b0 x11=0x00000073 PA:0x001019b5 store:0x0000006c
02058663	beq	x11,x0,100110	 x11:0x00000073  x0:0x00000000
00b7a023	sw	x11,0(x15)	 x15:0x00020000 x11:0x00000073 PA:0x00020000 store:0x00000073 load:0x00000000
00654603	lbu	x12,6(x10)	 x10:0x001019b0 x12=0x00000079 PA:0x001019b6 store:0x00000065
02060063	beq	x12,x0,100110	 x12:0x00000079  x0:0x00000000
00c7a023	sw	x12,0(x15)	 x15:0x00020000 x12:0x00000079 PA:0x00020000 store:0x00000079 load:0x00000000
00754683	lbu	x13,7(x10)	 x10:0x001019b0 x13=0x00000073 PA:0x001019b7 store:0x00000020
00850513	addi	x10,x10,8	 x10:0x001019b0 x10=0x001019b8
00068863	beq	x13,x0,100110	 x13:0x00000073  x0:0x00000000
00d7a023	sw	x13,0(x15)	 x15:0x00020000 x13:0x00000073 PA:0x00020000 store:0x00000073 load:0x00000000
00054803	lbu	x16,0(x10)	 x10:0x001019b8 x16=0x00000074 PA:0x001019b8 store:0x00000000
fa0810e3	bne	x16,x0,1000ac	 x16:0x00000074  x0:0x00000000
0107a023	sw	x16,0(x15)	 x15:0x00020000 x16:0x00000074 PA:0x00020000 store:0x00000074 load:0x00000000
00154703	lbu	x14,1(x10)	 x10:0x001019b8 x14=0x00000065 PA:0x001019b9 store:0x00100fe0
04070e63	beq	x14,x0,100110	 x14:0x00000065  x0:0x00000000
00e7a023	sw	x14,0(x15)	 x15:0x00020000 x14:0x00000065 PA:0x00020000 store:0x00000065 load:0x00000000
00254283	lbu	x5,2(x10)	 x10:0x001019b8  x5=0x0000006d PA:0x001019ba store:0x00137fa0
04028863	beq	x5,x0,100110	  x5:0x0000006d  x0:0x00000000
0057a023	sw	x5,0(x15)	 x15:0x00020000  x5:0x0000006d PA:0x00020000 store:0x0000006d load:0x00000000
00354303	lbu	x6,3(x10)	 x10:0x001019b8  x6=0x0000000a PA:0x001019bb store:0x00000000
04030263	beq	x6,x0,100110	  x6:0x0000000a  x0:0x00000000
0067a023	sw	x6,0(x15)	 x15:0x00020000  x6:0x0000000a PA:0x00020000 store:0x0000000a load:0x00000000
00454383	lbu	x7,4(x10)	 x10:0x001019b8  x7=0x0000000a PA:0x001019bc store:0x00000000
02038c63	beq	x7,x0,100110	  x7:0x0000000a  x0:0x00000000
0077a023	sw	x7,0(x15)	 x15:0x00020000  x7:0x0000000a PA:0x00020000 store:0x0000000a load:0x00000000
00554583	lbu	x11,5(x10)	 x10:0x001019b8 x11=0x00000000 PA:0x001019bd store:0x0000006d
02058663	beq	x11,x0,100110	 x11:0x00000000  x0:0x00000000
00000513	addi	x10,x0,0	  x0:0x00000000 x10=0x00000000
00008067	jalr	x0,0(x1)	  x1:0x00100fe0  x0=0x00000000
001026b7	lui	x13,0x102	 x13=0x00102000
92c6a787	flw	f15,-1748(x13)	 f13:0x00102000 f15=0x00000000 PA:0x0010192c store:0x00000000
00102737	lui	x14,0x102	 x14=0x00102000
93072007	flw	f0,-1744(x14)	 f14:0x00102000  f0=0x00000000 PA:0x00101930 store:0x00000000
001027b7	lui	x15,0x102	 x15=0x00102000
9347a087	flw	f1,-1740(x15)	 f15:0x00102000  f1=0x00000000 PA:0x00101934 store:0x00000000
00102bb7	lui	x23,0x102	 x23=0x00102000
d2fba227	fsw	f15,-732(x23)	 f23:0x00102000 f15:0x00102000 PA:0x00101d24 store:0x42f67c6a load:0x3f7d1f60
00102cb7	lui	x25,0x102	 x25=0x00102000
d20ca027	fsw	f0,-736(x25)	 f25:0x00102000  f0:0x00000000 PA:0x00101d20 store:0x43edefdf load:0x3f7d1f60
00102437	lui	x8,0x102	  x8=0x00102000
d0142c27	fsw	f1,-744(x8)	  f8:0x00102000  f1:0x00100fe0 PA:0x00101d18 store:0x3f7d1f60 load:0x3f7d1f60
d24ba107	flw	f2,-732(x23)	 f23:0x00102000  f2=0x00000000 PA:0x00101d24 store:0x00000000
d20ca707	flw	f14,-736(x25)	 f25:0x00102000 f14=0x00000000 PA:0x00101d20 store:0x43edefdf
001022b7	lui	x5,0x102	  x5=0x00102000
001024b7	lui	x9,0x102	  x9=0x00102000
00e171d3	fadd.s	f3,f2,f14	  f2:0x00137fa0 f14:0x00102000  f3=0x00000000
9c028513	addi	x10,x5,-1600	  x5:0x00102000 x10=0x001019c0
00102937	lui	x18,0x102	 x18=0x00102000
00200a13	addi	x20,x0,2	  x0:0x00000000 x20=0x00000002
d034ae27	fsw	f3,-740(x9)	  f9:0x00102000  f3:0x00000000 PA:0x00101d1c store:0x4415c77d load:0x43edefdf
86cff0ef	jal	x1,1000a0	  x1=0x00101038
00054803	lbu	x16,0(x10)	 x10:0x001019c0 x16=0x00000041 PA:0x001019c0 store:0x00000000
06080663	beq	x16,x0,100110	 x16:0x00000041  x0:0x00000000
000207b7	lui	x15,0x20	 x15=0x00020000
0107a023	sw	x16,0(x15)	 x15:0x00020000 x16:0x00000041 PA:0x00020000 store:0x00000041 load:0x00000000
00154703	lbu	x14,1(x10)	 x10:0x001019c0 x14=0x00000064 PA:0x001019c1 store:0x00101038
04070e63	beq	x14,x0,100110	 x14:0x00000064  x0:0x00000000
00e7a023	sw	x14,0(x15)	 x15:0x00020000 x14:0x00000064 PA:0x00020000 store:0x00000064 load:0x00000000
00254283	lbu	x5,2(x10)	 x10:0x001019c0  x5=0x00000064 PA:0x001019c2 store:0x00137fa0
04028863	beq	x5,x0,100110	  x5:0x00000064  x0:0x00000000
0057a023	sw	x5,0(x15)	 x15:0x00020000  x5:0x00000064 PA:0x00020000 store:0x00000064 load:0x00000000
00354303	lbu	x6,3(x10)	 x10:0x001019c0  x6=0x00000020 PA:0x001019c3 store:0x00000000
04030263	beq	x6,x0,100110	  x6:0x00000020  x0:0x00000000
0067a023	sw	x6,0(x15)	 x15:0x00020000  x6:0x00000020 PA:0x00020000 store:0x00000020 load:0x00000000
00454383	lbu	x7,4(x10)	 x10:0x001019c0  x7=0x00000031 PA:0x001019c4 store:0x00000000
02038c63	beq	x7,x0,100110	  x7:0x00000031  x0:0x00000000
0077a023	sw	x7,0(x15)	 x15:0x00020000  x7:0x00000031 PA:0x00020000 store:0x00000031 load:0x00000000
00554583	lbu	x11,5(x10)	 x10:0x001019c0 x11=0x00000032 PA:0x001019c5 store:0x00000064
02058663	beq	x11,x0,100110	 x11:0x00000032  x0:0x00000000
00b7a023	sw	x11,0(x15)	 x15:0x00020000 x11:0x00000032 PA:0x00020000 store:0x00000032 load:0x00000000
00654603	lbu	x12,6(x10)	 x10:0x001019c0 x12=0x00000033 PA:0x001019c6 store:0x00000020
02060063	beq	x12,x0,100110	 x12:0x00000033  x0:0x00000000
00c7a023	sw	x12,0(x15)	 x15:0x00020000 x12:0x00000033 PA:0x00020000 store:0x00000033 load:0x00000000
00754683	lbu	x13,7(x10)	 x10:0x001019c0 x13=0x0000002e PA:0x001019c7 store:0x00000031
00850513	addi	x10,x10,8	 x10:0x001019c0 x10=0x001019c8
00068863	beq	x13,x0,100110	 x13:0x0000002e  x0:0x00000000
00d7a023	sw	x13,0(x15)	 x15:0x00020000 x13:0x0000002e PA:0x00020000 store:0x0000002e load:0x00000000
00054803	lbu	x16,0(x10)	 x10:0x001019c8 x16=0x00000032 PA:0x001019c8 store:0x00000000
fa0810e3	bne	x16,x0,1000ac	 x16:0x00000032  x0:0x00000000
0107a023	sw	x16,0(x15)	 x15:0x00020000 x16:0x00000032 PA:0x00020000 store:0x00000032 load:0x00000000
00154703	lbu	x14,1(x10)	 x10:0x001019c8 x14=0x00000034 PA:0x001019c9 store:0x00101038
04070e63	beq	x14,x0,100110	 x14:0x00000034  x0:0x00000000
00e7a023	sw	x14,0(x15)	 x15:0x00020000 x14:0x00000034 PA:0x00020000 store:0x00000034 load:0x00000000
00254283	lbu	x5,2(x10)	 x10:0x001019c8  x5=0x00000033 PA:0x001019ca store:0x00137fa0
04028863	beq	x5,x0,100110	  x5:0x00000033  x0:0x00000000
0057a023	sw	x5,0(x15)	 x15:0x00020000  x5:0x00000033 PA:0x00020000 store:0x00000033 load:0x00000000
00354303	lbu	x6,3(x10)	 x10:0x001019c8  x6=0x00000020 PA:0x001019cb store:0x00000000
04030263	beq	x6,x0,100110	  x6:0x00000020  x0:0x00000000
0067a023	sw	x6,0(x15)	 x15:0x00020000  x6:0x00000020 PA:0x00020000 store:0x00000020 load:0x00000000
00454383	lbu	x7,4(x10)	 x10:0x001019c8  x7=0x00000026 PA:0x001019cc store:0x00000000
02038c63	beq	x7,x0,100110	  x7:0x00000026  x0:0x00000000
0077a023	sw	x7,0(x15)	 x15:0x00020000  x7:0x00000026 PA:0x00020000 store:0x00000026 load:0x00000000
00554583	lbu	x11,5(x10)	 x10:0x001019c8 x11=0x00000020 PA:0x001019cd store:0x00000033
02058663	beq	x11,x0,100110	 x11:0x00000020  x0:0x00000000
00b7a023	sw	x11,0(x15)	 x15:0x00020000 x11:0x00000020 PA:0x00020000 store:0x00000020 load:0x00000000
00654603	lbu	x12,6(x10)	 x10:0x001019c8 x12=0x00000034 PA:0x001019ce store:0x00000020
02060063	beq	x12,x0,100110	 x12:0x00000034  x0:0x00000000
00c7a023	sw	x12,0(x15)	 x15:0x00020000 x12:0x00000034 PA:0x00020000 store:0x00000034 load:0x00000000
00754683	lbu	x13,7(x10)	 x10:0x001019c8 x13=0x00000037 PA:0x001019cf store:0x00000026
00850513	addi	x10,x10,8	 x10:0x001019c8 x10=0x001019d0
00068863	beq	x13,x0,100110	 x13:0x00000037  x0:0x00000000
00d7a023	sw	x13,0(x15)	 x15:0x00020000 x13:0x00000037 PA:0x00020000 store:0x00000037 load:0x00000000
00054803	lbu	x16,0(x10)	 x10:0x001019d0 x16=0x00000035 PA:0x001019d0 store:0x00000000
fa0810e3	bne	x16,x0,1000ac	 x16:0x00000035  x0:0x00000000
0107a023	sw	x16,0(x15)	 x15:0x00020000 x16:0x00000035 PA:0x00020000 store:0x00000035 load:0x00000000
00154703	lbu	x14,1(x10)	 x10:0x001019d0 x14=0x0000002e PA:0x001019d1 store:0x00101038
04070e63	beq	x14,x0,100110	 x14:0x0000002e  x0:0x00000000
00e7a023	sw	x14,0(x15)	 x15:0x00020000 x14:0x0000002e PA:0x00020000 store:0x0000002e load:0x00000000
00254283	lbu	x5,2(x10)	 x10:0x001019d0  x5=0x00000038 PA:0x001019d2 store:0x00137fa0
04028863	beq	x5,x0,100110	  x5:0x00000038  x0:0x00000000
0057a023	sw	x5,0(x15)	 x15:0x00020000  x5:0x00000038 PA:0x00020000 store:0x00000038 load:0x00000000
00354303	lbu	x6,3(x10)	 x10:0x001019d0  x6=0x00000037 PA:0x001019d3 store:0x00000000
04030263	beq	x6,x0,100110	  x6:0x00000037  x0:0x00000000
0067a023	sw	x6,0(x15)	 x15:0x00020000  x6:0x00000037 PA:0x00020000 store:0x00000037 load:0x00000000
00454383	lbu	x7,4(x10)	 x10:0x001019d0  x7=0x00000035 PA:0x001019d4 store:0x00000000
02038c63	beq	x7,x0,100110	  x7:0x00000035  x0:0x00000000
0077a023	sw	x7,0(x15)	 x15:0x00020000  x7:0x00000035 PA:0x00020000 store:0x00000035 load:0x00000000
00554583	lbu	x11,5(x10)	 x10:0x001019d0 x11=0x0000003a PA:0x001019d5 store:0x00000038
02058663	beq	x11,x0,100110	 x11:0x0000003a  x0:0x00000000
00b7a023	sw	x11,0(x15)	 x15:0x00020000 x11:0x0000003a PA:0x00020000 store:0x0000003a load:0x00000000
00654603	lbu	x12,6(x10)	 x10:0x001019d0 x12=0x00000020 PA:0x001019d6 store:0x00000037
02060063	beq	x12,x0,100110	 x12:0x00000020  x0:0x00000000
00c7a023	sw	x12,0(x15)	 x15:0x00020000 x12:0x00000020 PA:0x00020000 store:0x00000020 load:0x00000000
00754683	lbu	x13,7(x10)	 x10:0x001019d0 x13=0x00000000 PA:0x001019d7 store:0x00000035
00850513	addi	x10,x10,8	 x10:0x001019d0 x10=0x001019d8
00068863	beq	x13,x0,100110	 x13:0x00000000  x0:0x00000000
00000513	addi	x10,x0,0	  x0:0x00000000 x10=0x00000000
00008067	jalr	x0,0(x1)	  x1:0x00101038  x0=0x00000000
d1c4a507	flw	f10,-740(x9)	  f9:0x00102000 f10=0x00000000 PA:0x00101d1c store:0x00000000
e05ff0ef	jal	x1,100e40	  x1=0x00101040
fe010113	addi	x2,x2,-32	  x2:0x00137fa0  x2=0x00137f80
00812c23	sw	x8,24(x2)	  x2:0x00137f80  x8:0x00102000 PA:0x00137f98 store:0x00102000 load:0x4415c77d
c0151453	fcvt.wu.s	x8,f10	 f10:0x00000000  x8=0x00000257
00112e23	sw	x1,28(x2)	  x2:0x00137f80  x1:0x00101040 PA:0x00137f9c store:0x00101040 load:0x4415c77d
00812627	fsw	f8,12(x2)	  f2:0x00137f80  f8:0x00000257 PA:0x00137f8c store:0x00000000 load:0x4415c77d
00040513	addi	x10,x8,0	  x8:0x00000257 x10=0x00000257
20a50453	fsgnj.s	f8,f10,f10	 f10:0x00000257 f10:0x00000257  f8=0x00000000
ac4ff0ef	jal	x1,100120	  x1=0x00100e60
01c55793	srli	x15,x10,0x1c	 x10:0x00000257 x15=0x00000000
00900713	addi	x14,x0,9	  x0:0x00000000 x14=0x00000009
0cf77a63	bgeu	x14,x15,1001fc	 x14:0x00000009 x15:0x00000000
03078393	addi	x7,x15,48	 x15:0x00000000  x7=0x00000030
000205b7	lui	x11,0x20	 x11=0x00020000
00451613	slli	x12,x10,0x4	 x10:0x00000257 x12=0x00002570
0075a023	sw	x7,0(x11)	 x11:0x00020000  x7:0x00000030 PA:0x00020000 store:0x00000030 load:0x00000000
01c65693	srli	x13,x12,0x1c	 x12:0x00002570 x13=0x00000000
00900813	addi	x16,x0,9	  x0:0x00000000 x16=0x00000009
f2d86ae3	bltu	x16,x13,100148	 x16:0x00000009 x13:0x00000000
03068e93	addi	x29,x13,48	 x13:0x00000000 x29=0x00000030
00020f37	lui	x30,0x20	 x30=0x00020000
00851f93	slli	x31,x10,0x8	 x10:0x00000257 x31=0x00025700
01df2023	sw	x29,0(x30)	 x30:0x00020000 x29:0x00000030 PA:0x00020000 store:0x00000030 load:0x00000000
01cfd793	srli	x15,x31,0x1c	 x31:0x00025700 x15=0x00000000
00900713	addi	x14,x0,9	  x0:0x00000000 x14=0x00000009
f2f76ae3	bltu	x14,x15,100164	 x14:0x00000009 x15:0x00000000
03078393	addi	x7,x15,48	 x15:0x00000000  x7=0x00000030
000205b7	lui	x11,0x20	 x11=0x00020000
00c51613	slli	x12,x10,0xc	 x10:0x00000257 x12=0x00257000
0075a023	sw	x7,0(x11)	 x11:0x00020000  x7:0x00000030 PA:0x00020000 store:0x00000030 load:0x00000000
01c65693	srli	x13,x12,0x1c	 x12:0x00257000 x13=0x00000000
00900813	addi	x16,x0,9	  x0:0x00000000 x16=0x00000009
f2d86ae3	bltu	x16,x13,100180	 x16:0x00000009 x13:0x00000000
03068e93	addi	x29,x13,48	 x13:0x00000000 x29=0x00000030
00020f37	lui	x30,0x20	 x30=0x00020000
01051f93	slli	x31,x10,0x10	 x10:0x00000257 x31=0x02570000
01df2023	sw	x29,0(x30)	 x30:0x00020000 x29:0x00000030 PA:0x00020000 store:0x00000030 load:0x00000000
01cfd793	srli	x15,x31,0x1c	 x31:0x02570000 x15=0x00000000
00900713	addi	x14,x0,9	  x0:0x00000000 x14=0x00000009
f2f76ae3	bltu	x14,x15,10019c	 x14:0x00000009 x15:0x00000000
03078393	addi	x7,x15,48	 x15:0x00000000  x7=0x00000030
000205b7	lui	x11,0x20	 x11=0x00020000
01451613	slli	x12,x10,0x14	 x10:0x00000257 x12=0x25700000
0075a023	sw	x7,0(x11)	 x11:0x00020000  x7:0x00000030 PA:0x00020000 store:0x00000030 load:0x00000000
01c65693	srli	x13,x12,0x1c	 x12:0x25700000 x13=0x00000002
00900813	addi	x16,x0,9	  x0:0x00000000 x16=0x00000009
f2d86ae3	bltu	x16,x13,1001b8	 x16:0x00000009 x13:0x00000002
03068e93	addi	x29,x13,48	 x13:0x00000002 x29=0x00000032
00020f37	lui	x30,0x20	 x30=0x00020000
01851f93	slli	x31,x10,0x18	 x10:0x00000257 x31=0x57000000
01df2023	sw	x29,0(x30)	 x30:0x00020000 x29:0x00000032 PA:0x00020000 store:0x00000032 load:0x00000000
01cfd793	srli	x15,x31,0x1c	 x31:0x57000000 x15=0x00000005
00900713	addi	x14,x0,9	  x0:0x00000000 x14=0x00000009
f2f76ae3	bltu	x14,x15,1001d4	 x14:0x00000009 x15:0x00000005
03078393	addi	x7,x15,48	 x15:0x00000005  x7=0x00000035
000205b7	lui	x11,0x20	 x11=0x00020000
0075a023	sw	x7,0(x11)	 x11:0x00020000  x7:0x00000035 PA:0x00020000 store:0x00000035 load:0x00000000
00f57513	andi	x10,x10,15	 x10:0x00000257 x10=0x00000007
00900613	addi	x12,x0,9	  x0:0x00000000 x12=0x00000009
f2a67ae3	bgeu	x12,x10,1001ec	 x12:0x00000009 x10:0x00000007
03050893	addi	x17,x10,48	 x10:0x00000007 x17=0x00000037
00020e37	lui	x28,0x20	 x28=0x00020000
011e2023	sw	x17,0(x28)	 x28:0x00020000 x17:0x00000037 PA:0x00020000 store:0x00000037 load:0x00000000
00008067	jalr	x0,0(x1)	  x1:0x00100e60  x0=0x00000000
00102537	lui	x10,0x102	 x10=0x00102000
a7050513	addi	x10,x10,-1424	 x10:0x00102000 x10=0x00101a70
a38ff0ef	jal	x1,1000a0	  x1=0x00100e6c
00054803	lbu	x16,0(x10)	 x10:0x00101a70 x16=0x0000002e PA:0x00101a70 store:0x00000000
06080663	beq	x16,x0,100110	 x16:0x0000002e  x0:0x00000000
000207b7	lui	x15,0x20	 x15=0x00020000
0107a023	sw	x16,0(x15)	 x15:0x00020000 x16:0x0000002e PA:0x00020000 store:0x0000002e load:0x00000000
00154703	lbu	x14,1(x10)	 x10:0x00101a70 x14=0x00000000 PA:0x00101a71 store:0x00100e6c
04070e63	beq	x14,x0,100110	 x14:0x00000000  x0:0x00000000
00000513	addi	x10,x0,0	  x0:0x00000000 x10=0x00000000
00008067	jalr	x0,0(x1)	  x1:0x00100e6c  x0=0x00000000
d01477d3	fcvt.s.wu	f15,x8	  x8:0x00000257 f15=0x00000000
001027b7	lui	x15,0x102	 x15=0x00102000
9287a087	flw	f1,-1752(x15)	 f15:0x00102000  f1=0x00000000 PA:0x00101928 store:0x4415c77d
08f47053	fsub.s	f0,f8,f15	  f8:0x00000257 f15:0x00102000  f0=0x00000000
01812403	lw	x8,24(x2)	  x2:0x00137f80  x8=0x00102000 PA:0x00137f98 store:0x00000000
01c12083	lw	x1,28(x2)	  x2:0x00137f80  x1=0x00101040 PA:0x00137f9c store:0x00020000
00c12407	flw	f8,12(x2)	  f2:0x00137f80  f8=0x00000000 PA:0x00137f8c store:0x00000000
10107153	fmul.s	f2,f0,f1	  f0:0x00000000  f1:0x00101040  f2=0x00000000
02010113	addi	x2,x2,32	  x2:0x00137f80  x2=0x00137fa0
c0111553	fcvt.wu.s	x10,f2	  f2:0x00137fa0 x10=0x00002db4
a8cff06f	jal	x0,100120	  x0=0x00000000
01c55793	srli	x15,x10,0x1c	 x10:0x00002db4 x15=0x00000000
00900713	addi	x14,x0,9	  x0:0x00000000 x14=0x00000009
0cf77a63	bgeu	x14,x15,1001fc	 x14:0x00000009 x15:0x00000000
03078393	addi	x7,x15,48	 x15:0x00000000  x7=0x00000030
000205b7	lui	x11,0x20	 x11=0x00020000
00451613	slli	x12,x10,0x4	 x10:0x00002db4 x12=0x0002db40
0075a023	sw	x7,0(x11)	 x11:0x00020000  x7:0x00000030 PA:0x00020000 store:0x00000030 load:0x00000000
01c65693	srli	x13,x12,0x1c	 x12:0x0002db40 x13=0x00000000
00900813	addi	x16,x0,9	  x0:0x00000000 x16=0x00000009
f2d86ae3	bltu	x16,x13,100148	 x16:0x00000009 x13:0x00000000
03068e93	addi	x29,x13,48	 x13:0x00000000 x29=0x00000030
00020f37	lui	x30,0x20	 x30=0x00020000
00851f93	slli	x31,x10,0x8	 x10:0x00002db4 x31=0x002db400
01df2023	sw	x29,0(x30)	 x30:0x00020000 x29:0x00000030 PA:0x00020000 store:0x00000030 load:0x00000000
01cfd793	srli	x15,x31,0x1c	 x31:0x002db400 x15=0x00000000
00900713	addi	x14,x0,9	  x0:0x00000000 x14=0x00000009
f2f76ae3	bltu	x14,x15,100164	 x14:0x00000009 x15:0x00000000
03078393	addi	x7,x15,48	 x15:0x00000000  x7=0x00000030
000205b7	lui	x11,0x20	 x11=0x00020000
00c51613	slli	x12,x10,0xc	 x10:0x00002db4 x12=0x02db4000
0075a023	sw	x7,0(x11)	 x11:0x00020000  x7:0x00000030 PA:0x00020000 store:0x00000030 load:0x00000000
01c65693	srli	x13,x12,0x1c	 x12:0x02db4000 x13=0x00000000
00900813	addi	x16,x0,9	  x0:0x00000000 x16=0x00000009
f2d86ae3	bltu	x16,x13,100180	 x16:0x00000009 x13:0x00000000
03068e93	addi	x29,x13,48	 x13:0x00000000 x29=0x00000030
00020f37	lui	x30,0x20	 x30=0x00020000
01051f93	slli	x31,x10,0x10	 x10:0x00002db4 x31=0x2db40000
01df2023	sw	x29,0(x30)	 x30:0x00020000 x29:0x00000030 PA:0x00020000 store:0x00000030 load:0x00000000
01cfd793	srli	x15,x31,0x1c	 x31:0x2db40000 x15=0x00000002
00900713	addi	x14,x0,9	  x0:0x00000000 x14=0x00000009
f2f76ae3	bltu	x14,x15,10019c	 x14:0x00000009 x15:0x00000002
03078393	addi	x7,x15,48	 x15:0x00000002  x7=0x00000032
000205b7	lui	x11,0x20	 x11=0x00020000
01451613	slli	x12,x10,0x14	 x10:0x00002db4 x12=0xdb400000
0075a023	sw	x7,0(x11)	 x11:0x00020000  x7:0x00000032 PA:0x00020000 store:0x00000032 load:0x00000000
01c65693	srli	x13,x12,0x1c	 x12:0xdb400000 x13=0x0000000d
00900813	addi	x16,x0,9	  x0:0x00000000 x16=0x00000009
f2d86ae3	bltu	x16,x13,1001b8	 x16:0x00000009 x13:0x0000000d
03768893	addi	x17,x13,55	 x13:0x0000000d x17=0x00000044
00020e37	lui	x28,0x20	 x28=0x00020000
01851f93	slli	x31,x10,0x18	 x10:0x00002db4 x31=0xb4000000
011e2023	sw	x17,0(x28)	 x28:0x00020000 x17:0x00000044 PA:0x00020000 store:0x00000044 load:0x00000000
01cfd793	srli	x15,x31,0x1c	 x31:0xb4000000 x15=0x0000000b
00900713	addi	x14,x0,9	  x0:0x00000000 x14=0x00000009
0cf77a63	bgeu	x14,x15,1002a4	 x14:0x00000009 x15:0x0000000b
03778293	addi	x5,x15,55	 x15:0x0000000b  x5=0x00000042
00020337	lui	x6,0x20	  x6=0x00020000
00532023	sw	x5,0(x6)	  x6:0x00020000  x5:0x00000042 PA:0x00020000 store:0x00000042 load:0x00000000
00f57513	andi	x10,x10,15	 x10:0x00002db4 x10=0x00000004
00900613	addi	x12,x0,9	  x0:0x00000000 x12=0x00000009
0ca66a63	bltu	x12,x10,1002bc	 x12:0x00000009 x10:0x00000004
03050893	addi	x17,x10,48	 x10:0x00000004 x17=0x00000034
00020e37	lui	x28,0x20	 x28=0x00020000
011e2023	sw	x17,0(x28)	 x28:0x00020000 x17:0x00000034 PA:0x00020000 store:0x00000034 load:0x00000000
00008067	jalr	x0,0(x1)	  x1:0x00101040  x0=0x00000000
d1842587	flw	f11,-744(x8)	  f8:0x00102000 f11=0x00000000 PA:0x00101d18 store:0x00000000
f00002d3	fmv.w.x	f5,x0	  x0:0x00000000  f5=0x00000000
d1492607	flw	f12,-748(x18)	 f18:0x00102000 f12=0x00000000 PA:0x00101d14 store:0x00000000
d1c4a207	flw	f4,-740(x9)	  f9:0x00102000  f4=0x00000000 PA:0x00101d1c store:0x00000000
d1842687	flw	f13,-744(x8)	  f8:0x00102000 f13=0x00000000 PA:0x00101d18 store:0x00000000
60b2f343	fmadd.s	f6,f5,f11,f12	  f5:0x00000042 f11:0x00020000 f12:0x00000042  f6=0x00000000
00100313	addi	x6,x0,1	  x0:0x00000000  x6=0x00000001
00d273d3	fadd.s	f7,f4,f13	  f4:0x00000000 f13:0x0000000d  f7=0x00000000
d1842407	flw	f8,-744(x8)	  f8:0x00102000  f8=0x00000000 PA:0x00101d18 store:0x00000000
d00378d3	fcvt.s.w	f17,x6	  x6:0x00000001 f17=0x00000000
d0692a27	fsw	f6,-748(x18)	 f18:0x00102000  f6:0x00000001 PA:0x00101d14 store:0x00000000 load:0x3f7d1f60
d1492487	flw	f9,-748(x18)	 f18:0x00102000  f9=0x00000000 PA:0x00101d14 store:0x00000000
d074ae27	fsw	f7,-740(x9)	  f9:0x00102000  f7:0x00000032 PA:0x00101d1c store:0x441606c5 load:0x00000000
d1c4a507	flw	f10,-740(x9)	  f9:0x00102000 f10=0x00000000 PA:0x00101d1c store:0x00000000
d1842807	flw	f16,-744(x8)	  f8:0x00102000 f16=0x00000000 PA:0x00101d18 store:0x00000000
4888f943	fmadd.s	f18,f17,f8,f9	 f17:0x00000034  f8:0x00102000  f9:0x00000034 f18=0x00000000
06400393	addi	x7,x0,100	  x0:0x00000000  x7=0x00000064
010579d3	fadd.s	f19,f10,f16	 f10:0x00000004 f16:0x00000009 f19=0x00000000
d1292a27	fsw	f18,-748(x18)	 f18:0x00102000 f18:0x00102000 PA:0x00101d14 store:0x3f7d1f60 load:0x3f7d1f60
d134ae27	fsw	f19,-740(x9)	  f9:0x00102000 f19:0x00000000 PA:0x00101d1c store:0x4416460d load:0x3f7d1f60
d1842a07	flw	f20,-744(x8)	  f8:0x00102000 f20=0x00000000 PA:0x00101d18 store:0x00000000
d00a7ad3	fcvt.s.w	f21,x20	 x20:0x00000002 f21=0x00000000
d1492e07	flw	f28,-748(x18)	 f18:0x00102000 f28=0x00000000 PA:0x00101d14 store:0x3f7d1f60
001a0093	addi	x1,x20,1	 x20:0x00000002  x1=0x00000003
d1c4ae87	flw	f29,-740(x9)	  f9:0x00102000 f29=0x00000000 PA:0x00101d1c store:0x3f7d1f60
e14aff43	fmadd.s	f30,f21,f20,f28	 f21:0x00000000 f20:0x00000002 f28:0x00000000 f30=0x00000000
d1842f87	flw	f31,-744(x8)	  f8:0x00102000 f31=0x00000000 PA:0x00101d18 store:0x00000000
d000f053	fcvt.s.w	f0,x1	  x1:0x00000003  f0=0x00000000
d1842087	flw	f1,-744(x8)	  f8:0x00102000  f1=0x00000000 PA:0x00101d18 store:0x00000000
01fef153	fadd.s	f2,f29,f31	 f29:0x00000030 f31:0xb4000000  f2=0x00000000
d1e92a27	fsw	f30,-748(x18)	 f18:0x00102000 f30:0x00020000 PA:0x00101d14 store:0x403dd788 load:0x3f7d1f60
d1492707	flw	f14,-748(x18)	 f18:0x00102000 f14=0x00000000 PA:0x00101d14 store:0x3f7d1f60
002a0593	addi	x11,x20,2	 x20:0x00000002 x11=0x00000004
d005f7d3	fcvt.s.w	f15,x11	 x11:0x00000004 f15=0x00000000
701071c3	fmadd.s	f3,f0,f1,f14	  f0:0x00000000  f1:0x00000003 f14:0x00000000  f3=0x00000000
d024ae27	fsw	f2,-740(x9)	  f9:0x00102000  f2:0x00137fa0 PA:0x00101d1c store:0x44168555 load:0x403dd788
d1c4a207	flw	f4,-740(x9)	  f9:0x00102000  f4=0x00000000 PA:0x00101d1c store:0x3f7d1f60
d1842587	flw	f11,-744(x8)	  f8:0x00102000 f11=0x00000000 PA:0x00101d18 store:0x00000000
d1842607	flw	f12,-744(x8)	  f8:0x00102000 f12=0x00000000 PA:0x00101d18 store:0x00000000
d0392a27	fsw	f3,-748(x18)	 f18:0x00102000  f3:0x00000000 PA:0x00101d14 store:0x40bdd788 load:0x3f7d1f60
d1492287	flw	f5,-748(x18)	 f18:0x00102000  f5=0x00000000 PA:0x00101d14 store:0x3f7d1f60
00b276d3	fadd.s	f13,f4,f11	  f4:0x00000000 f11:0x00000004 f13=0x00000000
003a0613	addi	x12,x20,3	 x20:0x00000002 x12=0x00000005
28c7f343	fmadd.s	f6,f15,f12,f5	 f15:0x0000000b f12:0x00000005  f5:0x0000000b  f6=0x00000000
d00673d3	fcvt.s.w	f7,x12	 x12:0x00000005  f7=0x00000000
004a0813	addi	x16,x20,4	 x20:0x00000002 x16=0x00000006
d0d4ae27	fsw	f13,-740(x9)	  f9:0x00102000 f13:0x0000000d PA:0x00101d1c store:0x4416c49d load:0x40bdd788
d1c4a407	flw	f8,-740(x9)	  f9:0x00102000  f8=0x00000000 PA:0x00101d1c store:0x3f7d1f60
d0692a27	fsw	f6,-748(x18)	 f18:0x00102000  f6:0x00000001 PA:0x00101d14 store:0x411e339c load:0x4416c49d
d1842487	flw	f9,-744(x8)	  f8:0x00102000  f9=0x00000000 PA:0x00101d18 store:0x00000000
d1842507	flw	f10,-744(x8)	  f8:0x00102000 f10=0x00000000 PA:0x00101d18 store:0x00000000
d1492807	flw	f16,-748(x18)	 f18:0x00102000 f16=0x00000000 PA:0x00101d14 store:0x3f7d1f60
009478d3	fadd.s	f17,f8,f9	  f8:0x00102000  f9:0x00102000 f17=0x00000000
d0087953	fcvt.s.w	f18,x16	 x16:0x00000006 f18=0x00000000
80a3f9c3	fmadd.s	f19,f7,f10,f16	  f7:0x00000064 f10:0x00000004 f16:0x00000064 f19=0x00000000
005a0893	addi	x17,x20,5	 x20:0x00000002 x17=0x00000007
d008fa53	fcvt.s.w	f20,x17	 x17:0x00000007 f20=0x00000000
d114ae27	fsw	f17,-740(x9)	  f9:0x00102000 f17:0x00000007 PA:0x00101d1c store:0x441703e5 load:0x411e339c
d1c4aa87	flw	f21,-740(x9)	  f9:0x00102000 f21=0x00000000 PA:0x00101d1c store:0x3f7d1f60
d1392a27	fsw	f19,-748(x18)	 f18:0x00102000 f19:0x00000000 PA:0x00101d14 store:0x416d4d6a load:0x441703e5
d1842e07	flw	f28,-744(x8)	  f8:0x00102000 f28=0x00000000 PA:0x00101d18 store:0x00000000
d1842e87	flw	f29,-744(x8)	  f8:0x00102000 f29=0x00000000 PA:0x00101d18 store:0x00000000
d1492f07	flw	f30,-748(x18)	 f18:0x00102000 f30=0x00000000 PA:0x00101d14 store:0x40e00000
01caffd3	fadd.s	f31,f21,f28	 f21:0x00000000 f28:0x00020000 f31=0x00000000
006a0993	addi	x19,x20,6	 x20:0x00000002 x19=0x00000008
f1d97043	fmadd.s	f0,f18,f29,f30	 f18:0x00102000 f29:0x00000030 f30:0x00102000  f0=0x00000000
d009f0d3	fcvt.s.w	f1,x19	 x19:0x00000008  f1=0x00000000
007a0a13	addi	x20,x20,7	 x20:0x00000002 x20=0x00000009
d1f4ae27	fsw	f31,-740(x9)	  f9:0x00102000 f31:0xb4000000 PA:0x00101d1c store:0x4417432d load:0x416d4d6a
d1c4a107	flw	f2,-740(x9)	  f9:0x00102000  f2=0x00000000 PA:0x00101d1c store:0x3f7d1f60
d0092a27	fsw	f0,-748(x18)	 f18:0x00102000  f0:0x00000000 PA:0x00101d14 store:0x41a61c97 load:0x4417432d
d1842707	flw	f14,-744(x8)	  f8:0x00102000 f14=0x00000000 PA:0x00101d18 store:0x00000000
d1842787	flw	f15,-744(x8)	  f8:0x00102000 f15=0x00000000 PA:0x00101d18 store:0x00000000
d1492187	flw	f3,-748(x18)	 f18:0x00102000  f3=0x00000000 PA:0x00101d14 store:0x40e00000
00e17253	fadd.s	f4,f2,f14	  f2:0x00137fa0 f14:0x00000009  f4=0x00000000
18fa75c3	fmadd.s	f11,f20,f15,f3	 f20:0x00000009 f15:0x0000000b  f3:0x00000009 f11=0x00000000
d044ae27	fsw	f4,-740(x9)	  f9:0x00102000  f4:0x00000000 PA:0x00101d1c store:0x44178275 load:0x41a61c97
d0b92a27	fsw	f11,-748(x18)	 f18:0x00102000 f11:0x00000004 PA:0x00101d14 store:0x41dd7b74 load:0x41a61c97
d1c4a287	flw	f5,-740(x9)	  f9:0x00102000  f5=0x00000000 PA:0x00101d1c store:0x3f7d1f60
d1842307	flw	f6,-744(x8)	  f8:0x00102000  f6=0x00000000 PA:0x00101d18 store:0x00000000
d1842607	flw	f12,-744(x8)	  f8:0x00102000 f12=0x00000000 PA:0x00101d18 store:0x00000000
d1492687	flw	f13,-748(x18)	 f18:0x00102000 f13=0x00000000 PA:0x00101d14 store:0x40e00000
0062f3d3	fadd.s	f7,f5,f6	  f5:0x00000042  f6:0x00000001  f7=0x00000000
68c0f443	fmadd.s	f8,f1,f12,f13	  f1:0x00000003 f12:0x00000005 f13:0x00000003  f8=0x00000000
d074ae27	fsw	f7,-740(x9)	  f9:0x00102000  f7:0x00000064 PA:0x00101d1c store:0x4417c1bd load:0x41dd7b74
d1c4a487	flw	f9,-740(x9)	  f9:0x00102000  f9=0x00000000 PA:0x00101d1c store:0x3f7d1f60
d1842507	flw	f10,-744(x8)	  f8:0x00102000 f10=0x00000000 PA:0x00101d18 store:0x00000000
d0892a27	fsw	f8,-748(x18)	 f18:0x00102000  f8:0x00102000 PA:0x00101d14 store:0x420e61a6 load:0x3f7d1f60
00a4f853	fadd.s	f16,f9,f10	  f9:0x00102000 f10:0x00000004 f16=0x00000000
d104ae27	fsw	f16,-740(x9)	  f9:0x00102000 f16:0x00000006 PA:0x00101d1c store:0x44180105 load:0x3f7d1f60
ee7a14e3	bne	x20,x7,101090	 x20:0x00000009  x7:0x00000064
d1842a07	flw	f20,-744(x8)	  f8:0x00102000 f20=0x00000000 PA:0x00101d18 store:0x00000000
d00a7ad3	fcvt.s.w	f21,x20	 x20:0x00000009 f21=0x00000000
d1492e07	flw	f28,-748(x18)	 f18:0x00102000 f28=0x00000000 PA:0x00101d14 store:0x3f7d1f60
001a0093	addi	x1,x20,1	 x20:0x00000009  x1=0x0000000a
d1c4ae87	flw	f29,-740(x9)	  f9:0x00102000 f29=0x00000000 PA:0x00101d1c store:0x420e61a6
e14aff43	fmadd.s	f30,f21,f20,f28	 f21:0x00000000 f20:0x00000009 f28:0x00000000 f30=0x00000000
d1842f87	flw	f31,-744(x8)	  f8:0x00102000 f31=0x00000000 PA:0x00101d18 store:0x00000000
d000f053	fcvt.s.w	f0,x1	  x1:0x0000000a  f0=0x00000000
d1842087	flw	f1,-744(x8)	  f8:0x00102000  f1=0x00000000 PA:0x00101d18 store:0x00000000
01fef153	fadd.s	f2,f29,f31	 f29:0x00000030 f31:0xb4000000  f2=0x00000000
d1e92a27	fsw	f30,-748(x18)	 f18:0x00102000 f30:0x00020000 PA:0x00101d14 store:0x4231fa10 load:0x3f7d1f60
d1492707	flw	f14,-748(x18)	 f18:0x00102000 f14=0x00000000 PA:0x00101d14 store:0x3f7d1f60
002a0593	addi	x11,x20,2	 x20:0x00000009 x11=0x0000000b
d005f7d3	fcvt.s.w	f15,x11	 x11:0x0000000b f15=0x00000000
701071c3	fmadd.s	f3,f0,f1,f14	  f0:0x00000000  f1:0x0000000a f14:0x00000000  f3=0x00000000
d024ae27	fsw	f2,-740(x9)	  f9:0x00102000  f2:0x00137fa0 PA:0x00101d1c store:0x4418404d load:0x4231fa10
d1c4a207	flw	f4,-740(x9)	  f9:0x00102000  f4=0x00000000 PA:0x00101d1c store:0x420e61a6
d1842587	flw	f11,-744(x8)	  f8:0x00102000 f11=0x00000000 PA:0x00101d18 store:0x00000000
d1842607	flw	f12,-744(x8)	  f8:0x00102000 f12=0x00000000 PA:0x00101d18 store:0x00000000
d0392a27	fsw	f3,-748(x18)	 f18:0x00102000  f3:0x00000000 PA:0x00101d14 store:0x425986f7 load:0x3f7d1f60
d1492287	flw	f5,-748(x18)	 f18:0x00102000  f5=0x00000000 PA:0x00101d14 store:0x3f7d1f60
00b276d3	fadd.s	f13,f4,f11	  f4:0x00000000 f11:0x0000000b f13=0x00000000
003a0613	addi	x12,x20,3	 x20:0x00000009 x12=0x0000000c
28c7f343	fmadd.s	f6,f15,f12,f5	 f15:0x0000000b f12:0x0000000c  f5:0x0000000b  f6=0x00000000
d00673d3	fcvt.s.w	f7,x12	 x12:0x0000000c  f7=0x00000000
004a0813	addi	x16,x20,4	 x20:0x00000009 x16=0x0000000d
d0d4ae27	fsw	f13,-740(x9)	  f9:0x00102000 f13:0x0000000d PA:0x00101d1c store:0x44187f95 load:0x425986f7
d1c4a407	flw	f8,-740(x9)	  f9:0x00102000  f8=0x00000000 PA:0x00101d1c store:0x420e61a6
d0692a27	fsw	f6,-748(x18)	 f18:0x00102000  f6:0x00000001 PA:0x00101d14 store:0x4282842e load:0x44187f95
d1842487	flw	f9,-744(x8)	  f8:0x00102000  f9=0x00000000 PA:0x00101d18 store:0x00000000
d1842507	flw	f10,-744(x8)	  f8:0x00102000 f10=0x00000000 PA:0x00101d18 store:0x00000000
d1492807	flw	f16,-748(x18)	 f18:0x00102000 f16=0x00000000 PA:0x00101d14 store:0x3f7d1f60
009478d3	fadd.s	f17,f8,f9	  f8:0x00102000  f9:0x00102000 f17=0x00000000
d0087953	fcvt.s.w	f18,x16	 x16:0x0000000d f18=0x00000000
80a3f9c3	fmadd.s	f19,f7,f10,f16	  f7:0x00000064 f10:0x00000004 f16:0x00000064 f19=0x00000000
005a0893	addi	x17,x20,5	 x20:0x00000009 x17=0x0000000e
d008fa53	fcvt.s.w	f20,x17	 x17:0x0000000e f20=0x00000000
d114ae27	fsw	f17,-740(x9)	  f9:0x00102000 f17:0x0000000e PA:0x00101d1c store:0x4418bedd load:0x4282842e
d1c4aa87	flw	f21,-740(x9)	  f9:0x00102000 f21=0x00000000 PA:0x00101d1c store:0x420e61a6
d1392a27	fsw	f19,-748(x18)	 f18:0x00102000 f19:0x00000008 PA:0x00101d14 store:0x429a3f1f load:0x4418bedd
d1842e07	flw	f28,-744(x8)	  f8:0x00102000 f28=0x00000000 PA:0x00101d18 store:0x00000000
d1842e87	flw	f29,-744(x8)	  f8:0x00102000 f29=0x00000000 PA:0x00101d18 store:0x00000000
d1492f07	flw	f30,-748(x18)	 f18:0x00102000 f30=0x00000000 PA:0x00101d14 store:0x41600000
01caffd3	fadd.s	f31,f21,f28	 f21:0x00000000 f28:0x00020000 f31=0x00000000
006a0993	addi	x19,x20,6	 x20:0x00000009 x19=0x0000000f
f1d97043	fmadd.s	f0,f18,f29,f30	 f18:0x00102000 f29:0x00000030 f30:0x00102000  f0=0x00000000
d009f0d3	fcvt.s.w	f1,x19	 x19:0x0000000f  f1=0x00000000
007a0a13	addi	x20,x20,7	 x20:0x00000009 x20=0x00000010
d1f4ae27	fsw	f31,-740(x9)	  f9:0x00102000 f31:0xb4000000 PA:0x00101d1c store:0x4418fe25 load:0x429a3f1f
d1c4a107	flw	f2,-740(x9)	  f9:0x00102000  f2=0x00000000 PA:0x00101d1c store:0x3f7d1f60
d0092a27	fsw	f0,-748(x18)	 f18:0x00102000  f0:0x00000000 PA:0x00101d14 store:0x42b3f44f load:0x4418fe25
d1842707	flw	f14,-744(x8)	  f8:0x00102000 f14=0x00000000 PA:0x00101d18 store:0x00000000
d1842787	flw	f15,-744(x8)	  f8:0x00102000 f15=0x00000000 PA:0x00101d18 store:0x00000000
d1492187	flw	f3,-748(x18)	 f18:0x00102000  f3=0x00000000 PA:0x00101d14 store:0x41600000
00e17253	fadd.s	f4,f2,f14	  f2:0x00137fa0 f14:0x00000009  f4=0x00000000
18fa75c3	fmadd.s	f11,f20,f15,f3	 f20:0x00000010 f15:0x0000000b  f3:0x00000010 f11=0x00000000
d044ae27	fsw	f4,-740(x9)	  f9:0x00102000  f4:0x00000000 PA:0x00101d1c store:0x44193d6d load:0x42b3f44f
d0b92a27	fsw	f11,-748(x18)	 f18:0x00102000 f11:0x0000000b PA:0x00101d14 store:0x42cfa3be load:0x42b3f44f
d1c4a287	flw	f5,-740(x9)	  f9:0x00102000  f5=0x00000000 PA:0x00101d1c store:0x3f7d1f60
d1842307	flw	f6,-744(x8)	  f8:0x00102000  f6=0x00000000 PA:0x00101d18 store:0x00000000
d1842607	flw	f12,-744(x8)	  f8:0x00102000 f12=0x00000000 PA:0x00101d18 store:0x00000000
d1492687	flw	f13,-748(x18)	 f18:0x00102000 f13=0x00000000 PA:0x00101d14 store:0x41600000
0062f3d3	fadd.s	f7,f5,f6	  f5:0x00000042  f6:0x00000001  f7=0x00000000
68c0f443	fmadd.s	f8,f1,f12,f13	  f1:0x0000000a f12:0x0000000c f13:0x0000000a  f8=0x00000000
d074ae27	fsw	f7,-740(x9)	  f9:0x00102000  f7:0x00000064 PA:0x00101d1c store:0x44197cb5 load:0x42cfa3be
d1c4a487	flw	f9,-740(x9)	  f9:0x00102000  f9=0x00000000 PA:0x00101d1c store:0x3f7d1f60
d1842507	flw	f10,-744(x8)	  f8:0x00102000 f10=0x00000000 PA:0x00101d18 store:0x00000000
d0892a27	fsw	f8,-748(x18)	 f18:0x00102000  f8:0x00102000 PA:0x00101d14 store:0x42ed4d6b load:0x3f7d1f60
00a4f853	fadd.s	f16,f9,f10	  f9:0x00102000 f10:0x00000004 f16=0x00000000
d104ae27	fsw	f16,-740(x9)	  f9:0x00102000 f16:0x0000000d PA:0x00101d1c store:0x4419bbfd load:0x3f7d1f60
ee7a14e3	bne	x20,x7,101090	 x20:0x00000010  x7:0x00000064
d1842a07	flw	f20,-744(x8)	  f8:0x00102000 f20=0x00000000 PA:0x00101d18 store:0x00000000
d00a7ad3	fcvt.s.w	f21,x20	 x20:0x00000010 f21=0x00000000
d1492e07	flw	f28,-748(x18)	 f18:0x00102000 f28=0x00000000 PA:0x00101d14 store:0x3f7d1f60
001a0093	addi	x1,x20,1	 x20:0x00000010  x1=0x00000011
d1c4ae87	flw	f29,-740(x9)	  f9:0x00102000 f29=0x00000000 PA:0x00101d1c store:0x42ed4d6b
e14aff43	fmadd.s	f30,f21,f20,f28	 f21:0x00000000 f20:0x00000010 f28:0x00000000 f30=0x00000000
d1842f87	flw	f31,-744(x8)	  f8:0x00102000 f31=0x00000000 PA:0x00101d18 store:0x00000000
d000f053	fcvt.s.w	f0,x1	  x1:0x00000011  f0=0x00000000
d1842087	flw	f1,-744(x8)	  f8:0x00102000  f1=0x00000000 PA:0x00101d18 store:0x00000000
01fef153	fadd.s	f2,f29,f31	 f29:0x00000030 f31:0xb4000000  f2=0x00000000
d1e92a27	fsw	f30,-748(x18)	 f18:0x00102000 f30:0x00020000 PA:0x00101d14 store:0x430678ac load:0x3f7d1f60
d1492707	flw	f14,-748(x18)	 f18:0x00102000 f14=0x00000000 PA:0x00101d14 store:0x3f7d1f60
002a0593	addi	x11,x20,2	 x20:0x00000010 x11=0x00000012
d005f7d3	fcvt.s.w	f15,x11	 x11:0x00000012 f15=0x00000000
701071c3	fmadd.s	f3,f0,f1,f14	  f0:0x00000000  f1:0x00000011 f14:0x00000000  f3=0x00000000
d024ae27	fsw	f2,-740(x9)	  f9:0x00102000  f2:0x00137fa0 PA:0x00101d1c store:0x4419fb45 load:0x430678ac
d1c4a207	flw	f4,-740(x9)	  f9:0x00102000  f4=0x00000000 PA:0x00101d1c store:0x42ed4d6b
d1842587	flw	f11,-744(x8)	  f8:0x00102000 f11=0x00000000 PA:0x00101d18 store:0x00000000
d1842607	flw	f12,-744(x8)	  f8:0x00102000 f12=0x00000000 PA:0x00101d18 store:0x00000000
d0392a27	fsw	f3,-748(x18)	 f18:0x00102000  f3:0x00000000 PA:0x00101d14 store:0x431747c1 load:0x3f7d1f60
d1492287	flw	f5,-748(x18)	 f18:0x00102000  f5=0x00000000 PA:0x00101d14 store:0x3f7d1f60
00b276d3	fadd.s	f13,f4,f11	  f4:0x00000000 f11:0x00000012 f13=0x00000000
003a0613	addi	x12,x20,3	 x20:0x00000010 x12=0x00000013
28c7f343	fmadd.s	f6,f15,f12,f5	 f15:0x0000000b f12:0x00000013  f5:0x0000000b  f6=0x00000000
d00673d3	fcvt.s.w	f7,x12	 x12:0x00000013  f7=0x00000000
004a0813	addi	x16,x20,4	 x20:0x00000010 x16=0x00000014
d0d4ae27	fsw	f13,-740(x9)	  f9:0x00102000 f13:0x0000000d PA:0x00101d1c store:0x441a3a8d load:0x431747c1
d1c4a407	flw	f8,-740(x9)	  f9:0x00102000  f8=0x00000000 PA:0x00101d1c store:0x42ed4d6b
d0692a27	fsw	f6,-748(x18)	 f18:0x00102000  f6:0x00000001 PA:0x00101d14 store:0x432913f6 load:0x441a3a8d
d1842487	flw	f9,-744(x8)	  f8:0x00102000  f9=0x00000000 PA:0x00101d18 store:0x00000000
d1842507	flw	f10,-744(x8)	  f8:0x00102000 f10=0x00000000 PA:0x00101d18 store:0x00000000
d1492807	flw	f16,-748(x18)	 f18:0x00102000 f16=0x00000000 PA:0x00101d14 store:0x3f7d1f60
009478d3	fadd.s	f17,f8,f9	  f8:0x00102000  f9:0x00102000 f17=0x00000000
d0087953	fcvt.s.w	f18,x16	 x16:0x00000014 f18=0x00000000
80a3f9c3	fmadd.s	f19,f7,f10,f16	  f7:0x00000064 f10:0x00000004 f16:0x00000064 f19=0x00000000
005a0893	addi	x17,x20,5	 x20:0x00000010 x17=0x00000015
d008fa53	fcvt.s.w	f20,x17	 x17:0x00000015 f20=0x00000000
d114ae27	fsw	f17,-740(x9)	  f9:0x00102000 f17:0x00000015 PA:0x00101d1c store:0x441a79d5 load:0x432913f6
d1c4aa87	flw	f21,-740(x9)	  f9:0x00102000 f21=0x00000000 PA:0x00101d1c store:0x42ed4d6b
d1392a27	fsw	f19,-748(x18)	 f18:0x00102000 f19:0x0000000f PA:0x00101d14 store:0x433bdd4a load:0x441a79d5
d1842e07	flw	f28,-744(x8)	  f8:0x00102000 f28=0x00000000 PA:0x00101d18 store:0x00000000
d1842e87	flw	f29,-744(x8)	  f8:0x00102000 f29=0x00000000 PA:0x00101d18 store:0x00000000
d1492f07	flw	f30,-748(x18)	 f18:0x00102000 f30=0x00000000 PA:0x00101d14 store:0x41a80000
01caffd3	fadd.s	f31,f21,f28	 f21:0x00000000 f28:0x00020000 f31=0x00000000
006a0993	addi	x19,x20,6	 x20:0x00000010 x19=0x00000016
f1d97043	fmadd.s	f0,f18,f29,f30	 f18:0x00102000 f29:0x00000030 f30:0x00102000  f0=0x00000000
d009f0d3	fcvt.s.w	f1,x19	 x19:0x00000016  f1=0x00000000
007a0a13	addi	x20,x20,7	 x20:0x00000010 x20=0x00000017
d1f4ae27	fsw	f31,-740(x9)	  f9:0x00102000 f31:0xb4000000 PA:0x00101d1c store:0x441ab91d load:0x433bdd4a
d1c4a107	flw	f2,-740(x9)	  f9:0x00102000  f2=0x00000000 PA:0x00101d1c store:0x3f7d1f60
d0092a27	fsw	f0,-748(x18)	 f18:0x00102000  f0:0x00000000 PA:0x00101d14 store:0x434fa3be load:0x441ab91d
d1842707	flw	f14,-744(x8)	  f8:0x00102000 f14=0x00000000 PA:0x00101d18 store:0x00000000
d1842787	flw	f15,-744(x8)	  f8:0x00102000 f15=0x00000000 PA:0x00101d18 store:0x00000000
d1492187	flw	f3,-748(x18)	 f18:0x00102000  f3=0x00000000 PA:0x00101d14 store:0x41a80000
00e17253	fadd.s	f4,f2,f14	  f2:0x00137fa0 f14:0x00000009  f4=0x00000000
18fa75c3	fmadd.s	f11,f20,f15,f3	 f20:0x00000017 f15:0x0000000b  f3:0x00000017 f11=0x00000000
d044ae27	fsw	f4,-740(x9)	  f9:0x00102000  f4:0x00000000 PA:0x00101d1c store:0x441af865 load:0x434fa3be
d0b92a27	fsw	f11,-748(x18)	 f18:0x00102000 f11:0x00000012 PA:0x00101d14 store:0x43646751 load:0x434fa3be
d1c4a287	flw	f5,-740(x9)	  f9:0x00102000  f5=0x00000000 PA:0x00101d1c store:0x3f7d1f60
d1842307	flw	f6,-744(x8)	  f8:0x00102000  f6=0x00000000 PA:0x00101d18 store:0x00000000
d1842607	flw	f12,-744(x8)	  f8:0x00102000 f12=0x00000000 PA:0x00101d18 store:0x00000000
d1492687	flw	f13,-748(x18)	 f18:0x00102000 f13=0x00000000 PA:0x00101d14 store:0x41a80000
0062f3d3	fadd.s	f7,f5,f6	  f5:0x00000042  f6:0x00000001  f7=0x00000000
68c0f443	fmadd.s	f8,f1,f12,f13	  f1:0x00000011 f12:0x00000013 f13:0x00000011  f8=0x00000000
d074ae27	fsw	f7,-740(x9)	  f9:0x00102000  f7:0x00000064 PA:0x00101d1c store:0x441b37ad load:0x43646751
d1c4a487	flw	f9,-740(x9)	  f9:0x00102000  f9=0x00000000 PA:0x00101d1c store:0x3f7d1f60
d1842507	flw	f10,-744(x8)	  f8:0x00102000 f10=0x00000000 PA:0x00101d18 store:0x00000000
d0892a27	fsw	f8,-748(x18)	 f18:0x00102000  f8:0x00102000 PA:0x00101d14 store:0x437a2803 load:0x3f7d1f60
00a4f853	fadd.s	f16,f9,f10	  f9:0x00102000 f10:0x00000004 f16=0x00000000
d104ae27	fsw	f16,-740(x9)	  f9:0x00102000 f16:0x00000014 PA:0x00101d1c store:0x441b76f5 load:0x3f7d1f60
ee7a14e3	bne	x20,x7,101090	 x20:0x00000017  x7:0x00000064
d1842a07	flw	f20,-744(x8)	  f8:0x00102000 f20=0x00000000 PA:0x00101d18 store:0x00000000
d00a7ad3	fcvt.s.w	f21,x20	 x20:0x00000017 f21=0x00000000
d1492e07	flw	f28,-748(x18)	 f18:0x00102000 f28=0x00000000 PA:0x00101d14 store:0x3f7d1f60
001a0093	addi	x1,x20,1	 x20:0x00000017  x1=0x00000018
d1c4ae87	flw	f29,-740(x9)	  f9:0x00102000 f29=0x00000000 PA:0x00101d1c store:0x437a2803
e14aff43	fmadd.s	f30,f21,f20,f28	 f21:0x00000000 f20:0x00000017 f28:0x00000000 f30=0x00000000
d1842f87	flw	f31,-744(x8)	  f8:0x00102000 f31=0x00000000 PA:0x00101d18 store:0x00000000
d000f053	fcvt.s.w	f0,x1	  x1:0x00000018  f0=0x00000000
d1842087	flw	f1,-744(x8)	  f8:0x00102000  f1=0x00000000 PA:0x00101d18 store:0x00000000
01fef153	fadd.s	f2,f29,f31	 f29:0x00000030 f31:0xb4000000  f2=0x00000000
d1e92a27	fsw	f30,-748(x18)	 f18:0x00102000 f30:0x00020000 PA:0x00101d14 store:0x438872ea load:0x3f7d1f60
d1492707	flw	f14,-748(x18)	 f18:0x00102000 f14=0x00000000 PA:0x00101d14 store:0x3f7d1f60
002a0593	addi	x11,x20,2	 x20:0x00000017 x11=0x00000019
d005f7d3	fcvt.s.w	f15,x11	 x11:0x00000019 f15=0x00000000
701071c3	fmadd.s	f3,f0,f1,f14	  f0:0x00000000  f1:0x00000018 f14:0x00000000  f3=0x00000000
d024ae27	fsw	f2,-740(x9)	  f9:0x00102000  f2:0x00137fa0 PA:0x00101d1c store:0x441bb63d load:0x438872ea
d1c4a207	flw	f4,-740(x9)	  f9:0x00102000  f4=0x00000000 PA:0x00101d1c store:0x437a2803
d1842587	flw	f11,-744(x8)	  f8:0x00102000 f11=0x00000000 PA:0x00101d18 store:0x00000000
d1842607	flw	f12,-744(x8)	  f8:0x00102000 f12=0x00000000 PA:0x00101d18 store:0x00000000
d0392a27	fsw	f3,-748(x18)	 f18:0x00102000  f3:0x00000000 PA:0x00101d14 store:0x43945062 load:0x3f7d1f60
d1492287	flw	f5,-748(x18)	 f18:0x00102000  f5=0x00000000 PA:0x00101d14 store:0x3f7d1f60
00b276d3	fadd.s	f13,f4,f11	  f4:0x00000000 f11:0x00000019 f13=0x00000000
003a0613	addi	x12,x20,3	 x20:0x00000017 x12=0x0000001a
28c7f343	fmadd.s	f6,f15,f12,f5	 f15:0x0000000b f12:0x0000001a  f5:0x0000000b  f6=0x00000000
d00673d3	fcvt.s.w	f7,x12	 x12:0x0000001a  f7=0x00000000
004a0813	addi	x16,x20,4	 x20:0x00000017 x16=0x0000001b
d0d4ae27	fsw	f13,-740(x9)	  f9:0x00102000 f13:0x0000000d PA:0x00101d1c store:0x441bf585 load:0x43945062
d1c4a407	flw	f8,-740(x9)	  f9:0x00102000  f8=0x00000000 PA:0x00101d1c store:0x437a2803
d0692a27	fsw	f6,-748(x18)	 f18:0x00102000  f6:0x00000001 PA:0x00101d14 store:0x43a0ac6a load:0x441bf585
d1842487	flw	f9,-744(x8)	  f8:0x00102000  f9=0x00000000 PA:0x00101d18 store:0x00000000
d1842507	flw	f10,-744(x8)	  f8:0x00102000 f10=0x00000000 PA:0x00101d18 store:0x00000000
d1492807	flw	f16,-748(x18)	 f18:0x00102000 f16=0x00000000 PA:0x00101d14 store:0x3f7d1f60
009478d3	fadd.s	f17,f8,f9	  f8:0x00102000  f9:0x00102000 f17=0x00000000
d0087953	fcvt.s.w	f18,x16	 x16:0x0000001b f18=0x00000000
80a3f9c3	fmadd.s	f19,f7,f10,f16	  f7:0x00000064 f10:0x00000004 f16:0x00000064 f19=0x00000000
005a0893	addi	x17,x20,5	 x20:0x00000017 x17=0x0000001c
d008fa53	fcvt.s.w	f20,x17	 x17:0x0000001c f20=0x00000000
d114ae27	fsw	f17,-740(x9)	  f9:0x00102000 f17:0x0000001c PA:0x00101d1c store:0x441c34cd load:0x43a0ac6a
d1c4aa87	flw	f21,-740(x9)	  f9:0x00102000 f21=0x00000000 PA:0x00101d1c store:0x437a2803
d1392a27	fsw	f19,-748(x18)	 f18:0x00102000 f19:0x00000016 PA:0x00101d14 store:0x43ad8702 load:0x441c34cd
d1842e07	flw	f28,-744(x8)	  f8:0x00102000 f28=0x00000000 PA:0x00101d18 store:0x00000000
d1842e87	flw	f29,-744(x8)	  f8:0x00102000 f29=0x00000000 PA:0x00101d18 store:0x00000000
d1492f07	flw	f30,-748(x18)	 f18:0x00102000 f30=0x00000000 PA:0x00101d14 store:0x41e00000
01caffd3	fadd.s	f31,f21,f28	 f21:0x00000000 f28:0x00020000 f31=0x00000000
006a0993	addi	x19,x20,6	 x20:0x00000017 x19=0x0000001d
f1d97043	fmadd.s	f0,f18,f29,f30	 f18:0x00102000 f29:0x00000030 f30:0x00102000  f0=0x00000000
d009f0d3	fcvt.s.w	f1,x19	 x19:0x0000001d  f1=0x00000000
007a0a13	addi	x20,x20,7	 x20:0x00000017 x20=0x0000001e
d1f4ae27	fsw	f31,-740(x9)	  f9:0x00102000 f31:0xb4000000 PA:0x00101d1c store:0x441c7415 load:0x43ad8702
d1c4a107	flw	f2,-740(x9)	  f9:0x00102000  f2=0x00000000 PA:0x00101d1c store:0x3f7d1f60
d0092a27	fsw	f0,-748(x18)	 f18:0x00102000  f0:0x00000000 PA:0x00101d14 store:0x43bae02a load:0x441c7415
d1842707	flw	f14,-744(x8)	  f8:0x00102000 f14=0x00000000 PA:0x00101d18 store:0x00000000
d1842787	flw	f15,-744(x8)	  f8:0x00102000 f15=0x00000000 PA:0x00101d18 store:0x00000000
d1492187	flw	f3,-748(x18)	 f18:0x00102000  f3=0x00000000 PA:0x00101d14 store:0x41e00000
00e17253	fadd.s	f4,f2,f14	  f2:0x00137fa0 f14:0x00000009  f4=0x00000000
18fa75c3	fmadd.s	f11,f20,f15,f3	 f20:0x0000001e f15:0x0000000b  f3:0x0000001e f11=0x00000000
d044ae27	fsw	f4,-740(x9)	  f9:0x00102000  f4:0x00000000 PA:0x00101d1c store:0x441cb35d load:0x43bae02a
d0b92a27	fsw	f11,-748(x18)	 f18:0x00102000 f11:0x00000019 PA:0x00101d14 store:0x43c8b7e1 load:0x43bae02a
d1c4a287	flw	f5,-740(x9)	  f9:0x00102000  f5=0x00000000 PA:0x00101d1c store:0x3f7d1f60
d1842307	flw	f6,-744(x8)	  f8:0x00102000  f6=0x00000000 PA:0x00101d18 store:0x00000000
d1842607	flw	f12,-744(x8)	  f8:0x00102000 f12=0x00000000 PA:0x00101d18 store:0x00000000
d1492687	flw	f13,-748(x18)	 f18:0x00102000 f13=0x00000000 PA:0x00101d14 store:0x41e00000
0062f3d3	fadd.s	f7,f5,f6	  f5:0x00000042  f6:0x00000001  f7=0x00000000
68c0f443	fmadd.s	f8,f1,f12,f13	  f1:0x00000018 f12:0x0000001a f13:0x00000018  f8=0x00000000
d074ae27	fsw	f7,-740(x9)	  f9:0x00102000  f7:0x00000064 PA:0x00101d1c store:0x441cf2a5 load:0x43c8b7e1
d1c4a487	flw	f9,-740(x9)	  f9:0x00102000  f9=0x00000000 PA:0x00101d1c store:0x3f7d1f60
d1842507	flw	f10,-744(x8)	  f8:0x00102000 f10=0x00000000 PA:0x00101d18 store:0x00000000
d0892a27	fsw	f8,-748(x18)	 f18:0x00102000  f8:0x00102000 PA:0x00101d14 store:0x43d70e28 load:0x3f7d1f60
00a4f853	fadd.s	f16,f9,f10	  f9:0x00102000 f10:0x00000004 f16=0x00000000
d104ae27	fsw	f16,-740(x9)	  f9:0x00102000 f16:0x0000001b PA:0x00101d1c store:0x441d31ed load:0x3f7d1f60
ee7a14e3	bne	x20,x7,101090	 x20:0x0000001e  x7:0x00000064
d1842a07	flw	f20,-744(x8)	  f8:0x00102000 f20=0x00000000 PA:0x00101d18 store:0x00000000
d00a7ad3	fcvt.s.w	f21,x20	 x20:0x0000001e f21=0x00000000
d1492e07	flw	f28,-748(x18)	 f18:0x00102000 f28=0x00000000 PA:0x00101d14 store:0x3f7d1f60
001a0093	addi	x1,x20,1	 x20:0x0000001e  x1=0x0000001f
d1c4ae87	flw	f29,-740(x9)	  f9:0x00102000 f29=0x00000000 PA:0x00101d1c store:0x43d70e28
e14aff43	fmadd.s	f30,f21,f20,f28	 f21:0x00000000 f20:0x0000001e f28:0x00000000 f30=0x00000000
d1842f87	flw	f31,-744(x8)	  f8:0x00102000 f31=0x00000000 PA:0x00101d18 store:0x00000000
d000f053	fcvt.s.w	f0,x1	  x1:0x0000001f  f0=0x00000000
d1842087	flw	f1,-744(x8)	  f8:0x00102000  f1=0x00000000 PA:0x00101d18 store:0x00000000
01fef153	fadd.s	f2,f29,f31	 f29:0x00000030 f31:0xb4000000  f2=0x00000000
d1e92a27	fsw	f30,-748(x18)	 f18:0x00102000 f30:0x00020000 PA:0x00101d14 store:0x43e5e2ff load:0x3f7d1f60
d1492707	flw	f14,-748(x18)	 f18:0x00102000 f14=0x00000000 PA:0x00101d14 store:0x3f7d1f60
002a0593	addi	x11,x20,2	 x20:0x0000001e x11=0x00000020
d005f7d3	fcvt.s.w	f15,x11	 x11:0x00000020 f15=0x00000000
701071c3	fmadd.s	f3,f0,f1,f14	  f0:0x00000000  f1:0x0000001f f14:0x00000000  f3=0x00000000
d024ae27	fsw	f2,-740(x9)	  f9:0x00102000  f2:0x00137fa0 PA:0x00101d1c store:0x441d7135 load:0x43e5e2ff
d1c4a207	flw	f4,-740(x9)	  f9:0x00102000  f4=0x00000000 PA:0x00101d1c store:0x43d70e28
d1842587	flw	f11,-744(x8)	  f8:0x00102000 f11=0x00000000 PA:0x00101d18 store:0x00000000
d1842607	flw	f12,-744(x8)	  f8:0x00102000 f12=0x00000000 PA:0x00101d18 store:0x00000000
d0392a27	fsw	f3,-748(x18)	 f18:0x00102000  f3:0x00000000 PA:0x00101d14 store:0x43f53665 load:0x3f7d1f60
d1492287	flw	f5,-748(x18)	 f18:0x00102000  f5=0x00000000 PA:0x00101d14 store:0x3f7d1f60
00b276d3	fadd.s	f13,f4,f11	  f4:0x00000000 f11:0x00000020 f13=0x00000000
003a0613	addi	x12,x20,3	 x20:0x0000001e x12=0x00000021
28c7f343	fmadd.s	f6,f15,f12,f5	 f15:0x0000000b f12:0x00000021  f5:0x0000000b  f6=0x00000000
d00673d3	fcvt.s.w	f7,x12	 x12:0x00000021  f7=0x00000000
004a0813	addi	x16,x20,4	 x20:0x0000001e x16=0x00000022
d0d4ae27	fsw	f13,-740(x9)	  f9:0x00102000 f13:0x0000000d PA:0x00101d1c store:0x441db07d load:0x43f53665
d1c4a407	flw	f8,-740(x9)	  f9:0x00102000  f8=0x00000000 PA:0x00101d1c store:0x43d70e28
d0692a27	fsw	f6,-748(x18)	 f18:0x00102000  f6:0x00000001 PA:0x00101d14 store:0x4402842e load:0x441db07d
d1842487	flw	f9,-744(x8)	  f8:0x00102000  f9=0x00000000 PA:0x00101d18 store:0x00000000
d1842507	flw	f10,-744(x8)	  f8:0x00102000 f10=0x00000000 PA:0x00101d18 store:0x00000000
d1492807	flw	f16,-748(x18)	 f18:0x00102000 f16=0x00000000 PA:0x00101d14 store:0x3f7d1f60
009478d3	fadd.s	f17,f8,f9	  f8:0x00102000  f9:0x00102000 f17=0x00000000
d0087953	fcvt.s.w	f18,x16	 x16:0x00000022 f18=0x00000000
80a3f9c3	fmadd.s	f19,f7,f10,f16	  f7:0x00000064 f10:0x00000004 f16:0x00000064 f19=0x00000000
005a0893	addi	x17,x20,5	 x20:0x0000001e x17=0x00000023
d008fa53	fcvt.s.w	f20,x17	 x17:0x00000023 f20=0x00000000
d114ae27	fsw	f17,-740(x9)	  f9:0x00102000 f17:0x00000023 PA:0x00101d1c store:0x441defc5 load:0x4402842e
d1c4aa87	flw	f21,-740(x9)	  f9:0x00102000 f21=0x00000000 PA:0x00101d1c store:0x43d70e28
d1392a27	fsw	f19,-748(x18)	 f18:0x00102000 f19:0x0000001d PA:0x00101d14 store:0x440aac71 load:0x441defc5
d1842e07	flw	f28,-744(x8)	  f8:0x00102000 f28=0x00000000 PA:0x00101d18 store:0x00000000
d1842e87	flw	f29,-744(x8)	  f8:0x00102000 f29=0x00000000 PA:0x00101d18 store:0x00000000
d1492f07	flw	f30,-748(x18)	 f18:0x00102000 f30=0x00000000 PA:0x00101d14 store:0x420c0000
01caffd3	fadd.s	f31,f21,f28	 f21:0x00000000 f28:0x00020000 f31=0x00000000
006a0993	addi	x19,x20,6	 x20:0x0000001e x19=0x00000024
f1d97043	fmadd.s	f0,f18,f29,f30	 f18:0x00102000 f29:0x00000030 f30:0x00102000  f0=0x00000000
d009f0d3	fcvt.s.w	f1,x19	 x19:0x00000024  f1=0x00000000
007a0a13	addi	x20,x20,7	 x20:0x0000001e x20=0x00000025
d1f4ae27	fsw	f31,-740(x9)	  f9:0x00102000 f31:0xb4000000 PA:0x00101d1c store:0x441e2f0d load:0x440aac71
d1c4a107	flw	f2,-740(x9)	  f9:0x00102000  f2=0x00000000 PA:0x00101d1c store:0x3f7d1f60
d0092a27	fsw	f0,-748(x18)	 f18:0x00102000  f0:0x00000000 PA:0x00101d14 store:0x441313fc load:0x441e2f0d
d1842707	flw	f14,-744(x8)	  f8:0x00102000 f14=0x00000000 PA:0x00101d18 store:0x00000000
d1842787	flw	f15,-744(x8)	  f8:0x00102000 f15=0x00000000 PA:0x00101d18 store:0x00000000
d1492187	flw	f3,-748(x18)	 f18:0x00102000  f3=0x00000000 PA:0x00101d14 store:0x420c0000
00e17253	fadd.s	f4,f2,f14	  f2:0x00137fa0 f14:0x00000009  f4=0x00000000
18fa75c3	fmadd.s	f11,f20,f15,f3	 f20:0x00000025 f15:0x0000000b  f3:0x00000025 f11=0x00000000
d044ae27	fsw	f4,-740(x9)	  f9:0x00102000  f4:0x00000000 PA:0x00101d1c store:0x441e6e55 load:0x441313fc
d0b92a27	fsw	f11,-748(x18)	 f18:0x00102000 f11:0x00000020 PA:0x00101d14 store:0x441bbacf load:0x441313fc
d1c4a287	flw	f5,-740(x9)	  f9:0x00102000  f5=0x00000000 PA:0x00101d1c store:0x3f7d1f60
d1842307	flw	f6,-744(x8)	  f8:0x00102000  f6=0x00000000 PA:0x00101d18 store:0x00000000
d1842607	flw	f12,-744(x8)	  f8:0x00102000 f12=0x00000000 PA:0x00101d18 store:0x00000000
d1492687	flw	f13,-748(x18)	 f18:0x00102000 f13=0x00000000 PA:0x00101d14 store:0x420c0000
0062f3d3	fadd.s	f7,f5,f6	  f5:0x00000042  f6:0x00000001  f7=0x00000000
68c0f443	fmadd.s	f8,f1,f12,f13	  f1:0x0000001f f12:0x00000021 f13:0x0000001f  f8=0x00000000
d074ae27	fsw	f7,-740(x9)	  f9:0x00102000  f7:0x00000064 PA:0x00101d1c store:0x441ead9d load:0x441bbacf
d1c4a487	flw	f9,-740(x9)	  f9:0x00102000  f9=0x00000000 PA:0x00101d1c store:0x3f7d1f60
d1842507	flw	f10,-744(x8)	  f8:0x00102000 f10=0x00000000 PA:0x00101d18 store:0x00000000
d0892a27	fsw	f8,-748(x18)	 f18:0x00102000  f8:0x00102000 PA:0x00101d14 store:0x4424a0e9 load:0x3f7d1f60
00a4f853	fadd.s	f16,f9,f10	  f9:0x00102000 f10:0x00000004 f16=0x00000000
d104ae27	fsw	f16,-740(x9)	  f9:0x00102000 f16:0x00000022 PA:0x00101d1c store:0x441eece5 load:0x3f7d1f60
ee7a14e3	bne	x20,x7,101090	 x20:0x00000025  x7:0x00000064
d1842a07	flw	f20,-744(x8)	  f8:0x00102000 f20=0x00000000 PA:0x00101d18 store:0x00000000
d00a7ad3	fcvt.s.w	f21,x20	 x20:0x00000025 f21=0x00000000
d1492e07	flw	f28,-748(x18)	 f18:0x00102000 f28=0x00000000 PA:0x00101d14 store:0x3f7d1f60
001a0093	addi	x1,x20,1	 x20:0x00000025  x1=0x00000026
d1c4ae87	flw	f29,-740(x9)	  f9:0x00102000 f29=0x00000000 PA:0x00101d1c store:0x4424a0e9
e14aff43	fmadd.s	f30,f21,f20,f28	 f21:0x00000000 f20:0x00000025 f28:0x00000000 f30=0x00000000
d1842f87	flw	f31,-744(x8)	  f8:0x00102000 f31=0x00000000 PA:0x00101d18 store:0x00000000
d000f053	fcvt.s.w	f0,x1	  x1:0x00000026  f0=0x00000000
d1842087	flw	f1,-744(x8)	  f8:0x00102000  f1=0x00000000 PA:0x00101d18 store:0x00000000
01fef153	fadd.s	f2,f29,f31	 f29:0x00000030 f31:0xb4000000  f2=0x00000000
d1e92a27	fsw	f30,-748(x18)	 f18:0x00102000 f30:0x00020000 PA:0x00101d14 store:0x442dc64b load:0x3f7d1f60
d1492707	flw	f14,-748(x18)	 f18:0x00102000 f14=0x00000000 PA:0x00101d14 store:0x3f7d1f60
002a0593	addi	x11,x20,2	 x20:0x00000025 x11=0x00000027
d005f7d3	fcvt.s.w	f15,x11	 x11:0x00000027 f15=0x00000000
701071c3	fmadd.s	f3,f0,f1,f14	  f0:0x00000000  f1:0x00000026 f14:0x00000000  f3=0x00000000
d024ae27	fsw	f2,-740(x9)	  f9:0x00102000  f2:0x00137fa0 PA:0x00101d1c store:0x441f2c2d load:0x442dc64b
d1c4a207	flw	f4,-740(x9)	  f9:0x00102000  f4=0x00000000 PA:0x00101d1c store:0x4424a0e9
d1842587	flw	f11,-744(x8)	  f8:0x00102000 f11=0x00000000 PA:0x00101d18 store:0x00000000
d1842607	flw	f12,-744(x8)	  f8:0x00102000 f12=0x00000000 PA:0x00101d18 store:0x00000000
d0392a27	fsw	f3,-748(x18)	 f18:0x00102000  f3:0x00000000 PA:0x00101d14 store:0x44372af5 load:0x3f7d1f60
d1492287	flw	f5,-748(x18)	 f18:0x00102000  f5=0x00000000 PA:0x00101d14 store:0x3f7d1f60
00b276d3	fadd.s	f13,f4,f11	  f4:0x00000000 f11:0x00000027 f13=0x00000000
003a0613	addi	x12,x20,3	 x20:0x00000025 x12=0x00000028
28c7f343	fmadd.s	f6,f15,f12,f5	 f15:0x0000000b f12:0x00000028  f5:0x0000000b  f6=0x00000000
d00673d3	fcvt.s.w	f7,x12	 x12:0x00000028  f7=0x00000000
004a0813	addi	x16,x20,4	 x20:0x00000025 x16=0x00000029
d0d4ae27	fsw	f13,-740(x9)	  f9:0x00102000 f13:0x0000000d PA:0x00101d1c store:0x441f6b75 load:0x44372af5
d1c4a407	flw	f8,-740(x9)	  f9:0x00102000  f8=0x00000000 PA:0x00101d1c store:0x4424a0e9
d0692a27	fsw	f6,-748(x18)	 f18:0x00102000  f6:0x00000001 PA:0x00101d14 store:0x4440cee7 load:0x441f6b75
d1842487	flw	f9,-744(x8)	  f8:0x00102000  f9=0x00000000 PA:0x00101d18 store:0x00000000
d1842507	flw	f10,-744(x8)	  f8:0x00102000 f10=0x00000000 PA:0x00101d18 store:0x00000000
d1492807	flw	f16,-748(x18)	 f18:0x00102000 f16=0x00000000 PA:0x00101d14 store:0x3f7d1f60
009478d3	fadd.s	f17,f8,f9	  f8:0x00102000  f9:0x00102000 f17=0x00000000
d0087953	fcvt.s.w	f18,x16	 x16:0x00000029 f18=0x00000000
80a3f9c3	fmadd.s	f19,f7,f10,f16	  f7:0x00000064 f10:0x00000004 f16:0x00000064 f19=0x00000000
005a0893	addi	x17,x20,5	 x20:0x00000025 x17=0x0000002a
d008fa53	fcvt.s.w	f20,x17	 x17:0x0000002a f20=0x00000000
d114ae27	fsw	f17,-740(x9)	  f9:0x00102000 f17:0x0000002a PA:0x00101d1c store:0x441faabd load:0x4440cee7
d1c4aa87	flw	f21,-740(x9)	  f9:0x00102000 f21=0x00000000 PA:0x00101d1c store:0x4424a0e9
d1392a27	fsw	f19,-748(x18)	 f18:0x00102000 f19:0x00000024 PA:0x00101d14 store:0x444ab221 load:0x441faabd
d1842e07	flw	f28,-744(x8)	  f8:0x00102000 f28=0x00000000 PA:0x00101d18 store:0x00000000
d1842e87	flw	f29,-744(x8)	  f8:0x00102000 f29=0x00000000 PA:0x00101d18 store:0x00000000
d1492f07	flw	f30,-748(x18)	 f18:0x00102000 f30=0x00000000 PA:0x00101d14 store:0x42280000
01caffd3	fadd.s	f31,f21,f28	 f21:0x00000000 f28:0x00020000 f31=0x00000000
006a0993	addi	x19,x20,6	 x20:0x00000025 x19=0x0000002b
f1d97043	fmadd.s	f0,f18,f29,f30	 f18:0x00102000 f29:0x00000030 f30:0x00102000  f0=0x00000000
d009f0d3	fcvt.s.w	f1,x19	 x19:0x0000002b  f1=0x00000000
007a0a13	addi	x20,x20,7	 x20:0x00000025 x20=0x0000002c
d1f4ae27	fsw	f31,-740(x9)	  f9:0x00102000 f31:0xb4000000 PA:0x00101d1c store:0x441fea05 load:0x444ab221
d1c4a107	flw	f2,-740(x9)	  f9:0x00102000  f2=0x00000000 PA:0x00101d1c store:0x3f7d1f60
d0092a27	fsw	f0,-748(x18)	 f18:0x00102000  f0:0x00000000 PA:0x00101d14 store:0x4454d4a3 load:0x441fea05
d1842707	flw	f14,-744(x8)	  f8:0x00102000 f14=0x00000000 PA:0x00101d18 store:0x00000000
d1842787	flw	f15,-744(x8)	  f8:0x00102000 f15=0x00000000 PA:0x00101d18 store:0x00000000
d1492187	flw	f3,-748(x18)	 f18:0x00102000  f3=0x00000000 PA:0x00101d14 store:0x42280000
00e17253	fadd.s	f4,f2,f14	  f2:0x00137fa0 f14:0x00000009  f4=0x00000000
18fa75c3	fmadd.s	f11,f20,f15,f3	 f20:0x0000002c f15:0x0000000b  f3:0x0000002c f11=0x00000000
d044ae27	fsw	f4,-740(x9)	  f9:0x00102000  f4:0x00000000 PA:0x00101d1c store:0x4420294d load:0x4454d4a3
d0b92a27	fsw	f11,-748(x18)	 f18:0x00102000 f11:0x00000027 PA:0x00101d14 store:0x445f366c load:0x4454d4a3
d1c4a287	flw	f5,-740(x9)	  f9:0x00102000  f5=0x00000000 PA:0x00101d1c store:0x3f7d1f60
d1842307	flw	f6,-744(x8)	  f8:0x00102000  f6=0x00000000 PA:0x00101d18 store:0x00000000
d1842607	flw	f12,-744(x8)	  f8:0x00102000 f12=0x00000000 PA:0x00101d18 store:0x00000000
d1492687	flw	f13,-748(x18)	 f18:0x00102000 f13=0x00000000 PA:0x00101d14 store:0x42280000
0062f3d3	fadd.s	f7,f5,f6	  f5:0x00000042  f6:0x00000001  f7=0x00000000
68c0f443	fmadd.s	f8,f1,f12,f13	  f1:0x00000026 f12:0x00000028 f13:0x00000026  f8=0x00000000
d074ae27	fsw	f7,-740(x9)	  f9:0x00102000  f7:0x00000064 PA:0x00101d1c store:0x44206895 load:0x445f366c
d1c4a487	flw	f9,-740(x9)	  f9:0x00102000  f9=0x00000000 PA:0x00101d1c store:0x3f7d1f60
d1842507	flw	f10,-744(x8)	  f8:0x00102000 f10=0x00000000 PA:0x00101d18 store:0x00000000
d0892a27	fsw	f8,-748(x18)	 f18:0x00102000  f8:0x00102000 PA:0x00101d14 store:0x4469d77d load:0x3f7d1f60
00a4f853	fadd.s	f16,f9,f10	  f9:0x00102000 f10:0x00000004 f16=0x00000000
d104ae27	fsw	f16,-740(x9)	  f9:0x00102000 f16:0x00000029 PA:0x00101d1c store:0x4420a7dd load:0x3f7d1f60
ee7a14e3	bne	x20,x7,101090	 x20:0x0000002c  x7:0x00000064
d1842a07	flw	f20,-744(x8)	  f8:0x00102000 f20=0x00000000 PA:0x00101d18 store:0x00000000
d00a7ad3	fcvt.s.w	f21,x20	 x20:0x0000002c f21=0x00000000
d1492e07	flw	f28,-748(x18)	 f18:0x00102000 f28=0x00000000 PA:0x00101d14 store:0x3f7d1f60
001a0093	addi	x1,x20,1	 x20:0x0000002c  x1=0x0000002d
d1c4ae87	flw	f29,-740(x9)	  f9:0x00102000 f29=0x00000000 PA:0x00101d1c store:0x4469d77d
e14aff43	fmadd.s	f30,f21,f20,f28	 f21:0x00000000 f20:0x0000002c f28:0x00000000 f30=0x00000000
d1842f87	flw	f31,-744(x8)	  f8:0x00102000 f31=0x00000000 PA:0x00101d18 store:0x00000000
d000f053	fcvt.s.w	f0,x1	  x1:0x0000002d  f0=0x00000000
d1842087	flw	f1,-744(x8)	  f8:0x00102000  f1=0x00000000 PA:0x00101d18 store:0x00000000
01fef153	fadd.s	f2,f29,f31	 f29:0x00000030 f31:0xb4000000  f2=0x00000000
d1e92a27	fsw	f30,-748(x18)	 f18:0x00102000 f30:0x00020000 PA:0x00101d14 store:0x4474b7d6 load:0x3f7d1f60
d1492707	flw	f14,-748(x18)	 f18:0x00102000 f14=0x00000000 PA:0x00101d14 store:0x3f7d1f60
002a0593	addi	x11,x20,2	 x20:0x0000002c x11=0x0000002e
d005f7d3	fcvt.s.w	f15,x11	 x11:0x0000002e f15=0x00000000
701071c3	fmadd.s	f3,f0,f1,f14	  f0:0x00000000  f1:0x0000002d f14:0x00000000  f3=0x00000000
d024ae27	fsw	f2,-740(x9)	  f9:0x00102000  f2:0x00137fa0 PA:0x00101d1c store:0x4420e725 load:0x4474b7d6
d1c4a207	flw	f4,-740(x9)	  f9:0x00102000  f4=0x00000000 PA:0x00101d1c store:0x4469d77d
d1842587	flw	f11,-744(x8)	  f8:0x00102000 f11=0x00000000 PA:0x00101d18 store:0x00000000
d1842607	flw	f12,-744(x8)	  f8:0x00102000 f12=0x00000000 PA:0x00101d18 store:0x00000000
d0392a27	fsw	f3,-748(x18)	 f18:0x00102000  f3:0x00000000 PA:0x00101d14 store:0x447fd777 load:0x3f7d1f60
d1492287	flw	f5,-748(x18)	 f18:0x00102000  f5=0x00000000 PA:0x00101d14 store:0x3f7d1f60
00b276d3	fadd.s	f13,f4,f11	  f4:0x00000000 f11:0x0000002e f13=0x00000000
003a0613	addi	x12,x20,3	 x20:0x0000002c x12=0x0000002f
28c7f343	fmadd.s	f6,f15,f12,f5	 f15:0x0000000b f12:0x0000002f  f5:0x0000000b  f6=0x00000000
d00673d3	fcvt.s.w	f7,x12	 x12:0x0000002f  f7=0x00000000
004a0813	addi	x16,x20,4	 x20:0x0000002c x16=0x00000030
d0d4ae27	fsw	f13,-740(x9)	  f9:0x00102000 f13:0x0000000d PA:0x00101d1c store:0x4421266d load:0x447fd777
d1c4a407	flw	f8,-740(x9)	  f9:0x00102000  f8=0x00000000 PA:0x00101d1c store:0x4469d77d
d0692a27	fsw	f6,-748(x18)	 f18:0x00102000  f6:0x00000001 PA:0x00101d14 store:0x44859b30 load:0x4421266d
d1842487	flw	f9,-744(x8)	  f8:0x00102000  f9=0x00000000 PA:0x00101d18 store:0x00000000
d1842507	flw	f10,-744(x8)	  f8:0x00102000 f10=0x00000000 PA:0x00101d18 store:0x00000000
d1492807	flw	f16,-748(x18)	 f18:0x00102000 f16=0x00000000 PA:0x00101d14 store:0x3f7d1f60
009478d3	fadd.s	f17,f8,f9	  f8:0x00102000  f9:0x00102000 f17=0x00000000
d0087953	fcvt.s.w	f18,x16	 x16:0x00000030 f18=0x00000000
80a3f9c3	fmadd.s	f19,f7,f10,f16	  f7:0x00000064 f10:0x00000004 f16:0x00000064 f19=0x00000000
005a0893	addi	x17,x20,5	 x20:0x0000002c x17=0x00000031
d008fa53	fcvt.s.w	f20,x17	 x17:0x00000031 f20=0x00000000
d114ae27	fsw	f17,-740(x9)	  f9:0x00102000 f17:0x00000031 PA:0x00101d1c store:0x442165b5 load:0x44859b30
d1c4aa87	flw	f21,-740(x9)	  f9:0x00102000 f21=0x00000000 PA:0x00101d1c store:0x4469d77d
d1392a27	fsw	f19,-748(x18)	 f18:0x00102000 f19:0x0000002b PA:0x00101d14 store:0x448b6a48 load:0x442165b5
d1842e07	flw	f28,-744(x8)	  f8:0x00102000 f28=0x00000000 PA:0x00101d18 store:0x00000000
d1842e87	flw	f29,-744(x8)	  f8:0x00102000 f29=0x00000000 PA:0x00101d18 store:0x00000000
d1492f07	flw	f30,-748(x18)	 f18:0x00102000 f30=0x00000000 PA:0x00101d14 store:0x42440000
01caffd3	fadd.s	f31,f21,f28	 f21:0x00000000 f28:0x00020000 f31=0x00000000
006a0993	addi	x19,x20,6	 x20:0x0000002c x19=0x00000032
f1d97043	fmadd.s	f0,f18,f29,f30	 f18:0x00102000 f29:0x00000030 f30:0x00102000  f0=0x00000000
d009f0d3	fcvt.s.w	f1,x19	 x19:0x00000032  f1=0x00000000
007a0a13	addi	x20,x20,7	 x20:0x0000002c x20=0x00000033
d1f4ae27	fsw	f31,-740(x9)	  f9:0x00102000 f31:0xb4000000 PA:0x00101d1c store:0x4421a4fd load:0x448b6a48
d1c4a107	flw	f2,-740(x9)	  f9:0x00102000  f2=0x00000000 PA:0x00101d1c store:0x3f7d1f60
d0092a27	fsw	f0,-748(x18)	 f18:0x00102000  f0:0x00000000 PA:0x00101d14 store:0x44915904 load:0x4421a4fd
d1842707	flw	f14,-744(x8)	  f8:0x00102000 f14=0x00000000 PA:0x00101d18 store:0x00000000
d1842787	flw	f15,-744(x8)	  f8:0x00102000 f15=0x00000000 PA:0x00101d18 store:0x00000000
d1492187	flw	f3,-748(x18)	 f18:0x00102000  f3=0x00000000 PA:0x00101d14 store:0x42440000
00e17253	fadd.s	f4,f2,f14	  f2:0x00137fa0 f14:0x00000009  f4=0x00000000
18fa75c3	fmadd.s	f11,f20,f15,f3	 f20:0x00000033 f15:0x0000000b  f3:0x00000033 f11=0x00000000
d044ae27	fsw	f4,-740(x9)	  f9:0x00102000  f4:0x00000000 PA:0x00101d1c store:0x4421e445 load:0x44915904
d0b92a27	fsw	f11,-748(x18)	 f18:0x00102000 f11:0x0000002e PA:0x00101d14 store:0x44976764 load:0x44915904
d1c4a287	flw	f5,-740(x9)	  f9:0x00102000  f5=0x00000000 PA:0x00101d1c store:0x3f7d1f60
d1842307	flw	f6,-744(x8)	  f8:0x00102000  f6=0x00000000 PA:0x00101d18 store:0x00000000
d1842607	flw	f12,-744(x8)	  f8:0x00102000 f12=0x00000000 PA:0x00101d18 store:0x00000000
d1492687	flw	f13,-748(x18)	 f18:0x00102000 f13=0x00000000 PA:0x00101d14 store:0x42440000
0062f3d3	fadd.s	f7,f5,f6	  f5:0x00000042  f6:0x00000001  f7=0x00000000
68c0f443	fmadd.s	f8,f1,f12,f13	  f1:0x0000002d f12:0x0000002f f13:0x0000002d  f8=0x00000000
d074ae27	fsw	f7,-740(x9)	  f9:0x00102000  f7:0x00000064 PA:0x00101d1c store:0x4422238d load:0x44976764
d1c4a487	flw	f9,-740(x9)	  f9:0x00102000  f9=0x00000000 PA:0x00101d1c store:0x3f7d1f60
d1842507	flw	f10,-744(x8)	  f8:0x00102000 f10=0x00000000 PA:0x00101d18 store:0x00000000
d0892a27	fsw	f8,-748(x18)	 f18:0x00102000  f8:0x00102000 PA:0x00101d14 store:0x449d9568 load:0x3f7d1f60
00a4f853	fadd.s	f16,f9,f10	  f9:0x00102000 f10:0x00000004 f16=0x00000000
d104ae27	fsw	f16,-740(x9)	  f9:0x00102000 f16:0x00000030 PA:0x00101d1c store:0x442262d5 load:0x3f7d1f60
ee7a14e3	bne	x20,x7,101090	 x20:0x00000033  x7:0x00000064
d1842a07	flw	f20,-744(x8)	  f8:0x00102000 f20=0x00000000 PA:0x00101d18 store:0x00000000
d00a7ad3	fcvt.s.w	f21,x20	 x20:0x00000033 f21=0x00000000
d1492e07	flw	f28,-748(x18)	 f18:0x00102000 f28=0x00000000 PA:0x00101d14 store:0x3f7d1f60
001a0093	addi	x1,x20,1	 x20:0x00000033  x1=0x00000034
d1c4ae87	flw	f29,-740(x9)	  f9:0x00102000 f29=0x00000000 PA:0x00101d1c store:0x449d9568
e14aff43	fmadd.s	f30,f21,f20,f28	 f21:0x00000000 f20:0x00000033 f28:0x00000000 f30=0x00000000
d1842f87	flw	f31,-744(x8)	  f8:0x00102000 f31=0x00000000 PA:0x00101d18 store:0x00000000
d000f053	fcvt.s.w	f0,x1	  x1:0x00000034  f0=0x00000000
d1842087	flw	f1,-744(x8)	  f8:0x00102000  f1=0x00000000 PA:0x00101d18 store:0x00000000
01fef153	fadd.s	f2,f29,f31	 f29:0x00000030 f31:0xb4000000  f2=0x00000000
d1e92a27	fsw	f30,-748(x18)	 f18:0x00102000 f30:0x00020000 PA:0x00101d14 store:0x44a3e310 load:0x3f7d1f60
d1492707	flw	f14,-748(x18)	 f18:0x00102000 f14=0x00000000 PA:0x00101d14 store:0x3f7d1f60
002a0593	addi	x11,x20,2	 x20:0x00000033 x11=0x00000035
d005f7d3	fcvt.s.w	f15,x11	 x11:0x00000035 f15=0x00000000
701071c3	fmadd.s	f3,f0,f1,f14	  f0:0x00000000  f1:0x00000034 f14:0x00000000  f3=0x00000000
d024ae27	fsw	f2,-740(x9)	  f9:0x00102000  f2:0x00137fa0 PA:0x00101d1c store:0x4422a21d load:0x44a3e310
d1c4a207	flw	f4,-740(x9)	  f9:0x00102000  f4=0x00000000 PA:0x00101d1c store:0x449d9568
d1842587	flw	f11,-744(x8)	  f8:0x00102000 f11=0x00000000 PA:0x00101d18 store:0x00000000
d1842607	flw	f12,-744(x8)	  f8:0x00102000 f12=0x00000000 PA:0x00101d18 store:0x00000000
d0392a27	fsw	f3,-748(x18)	 f18:0x00102000  f3:0x00000000 PA:0x00101d14 store:0x44aa505c load:0x3f7d1f60
d1492287	flw	f5,-748(x18)	 f18:0x00102000  f5=0x00000000 PA:0x00101d14 store:0x3f7d1f60
00b276d3	fadd.s	f13,f4,f11	  f4:0x00000000 f11:0x00000035 f13=0x00000000
003a0613	addi	x12,x20,3	 x20:0x00000033 x12=0x00000036
28c7f343	fmadd.s	f6,f15,f12,f5	 f15:0x0000000b f12:0x00000036  f5:0x0000000b  f6=0x00000000
d00673d3	fcvt.s.w	f7,x12	 x12:0x00000036  f7=0x00000000
004a0813	addi	x16,x20,4	 x20:0x00000033 x16=0x00000037
d0d4ae27	fsw	f13,-740(x9)	  f9:0x00102000 f13:0x0000000d PA:0x00101d1c store:0x4422e165 load:0x44aa505c
d1c4a407	flw	f8,-740(x9)	  f9:0x00102000  f8=0x00000000 PA:0x00101d1c store:0x449d9568
d0692a27	fsw	f6,-748(x18)	 f18:0x00102000  f6:0x00000001 PA:0x00101d14 store:0x44b0dd4c load:0x4422e165
d1842487	flw	f9,-744(x8)	  f8:0x00102000  f9=0x00000000 PA:0x00101d18 store:0x00000000
d1842507	flw	f10,-744(x8)	  f8:0x00102000 f10=0x00000000 PA:0x00101d18 store:0x00000000
d1492807	flw	f16,-748(x18)	 f18:0x00102000 f16=0x00000000 PA:0x00101d14 store:0x3f7d1f60
009478d3	fadd.s	f17,f8,f9	  f8:0x00102000  f9:0x00102000 f17=0x00000000
d0087953	fcvt.s.w	f18,x16	 x16:0x00000037 f18=0x00000000
80a3f9c3	fmadd.s	f19,f7,f10,f16	  f7:0x00000064 f10:0x00000004 f16:0x00000064 f19=0x00000000
005a0893	addi	x17,x20,5	 x20:0x00000033 x17=0x00000038
d008fa53	fcvt.s.w	f20,x17	 x17:0x00000038 f20=0x00000000
d114ae27	fsw	f17,-740(x9)	  f9:0x00102000 f17:0x00000038 PA:0x00101d1c store:0x442320ad load:0x44b0dd4c
d1c4aa87	flw	f21,-740(x9)	  f9:0x00102000 f21=0x00000000 PA:0x00101d1c store:0x449d9568
d1392a27	fsw	f19,-748(x18)	 f18:0x00102000 f19:0x00000032 PA:0x00101d14 store:0x44b789e0 load:0x442320ad
d1842e07	flw	f28,-744(x8)	  f8:0x00102000 f28=0x00000000 PA:0x00101d18 store:0x00000000
d1842e87	flw	f29,-744(x8)	  f8:0x00102000 f29=0x00000000 PA:0x00101d18 store:0x00000000
d1492f07	flw	f30,-748(x18)	 f18:0x00102000 f30=0x00000000 PA:0x00101d14 store:0x42600000
01caffd3	fadd.s	f31,f21,f28	 f21:0x00000000 f28:0x00020000 f31=0x00000000
006a0993	addi	x19,x20,6	 x20:0x00000033 x19=0x00000039
f1d97043	fmadd.s	f0,f18,f29,f30	 f18:0x00102000 f29:0x00000030 f30:0x00102000  f0=0x00000000
d009f0d3	fcvt.s.w	f1,x19	 x19:0x00000039  f1=0x00000000
007a0a13	addi	x20,x20,7	 x20:0x00000033 x20=0x0000003a
d1f4ae27	fsw	f31,-740(x9)	  f9:0x00102000 f31:0xb4000000 PA:0x00101d1c store:0x44235ff5 load:0x44b789e0
d1c4a107	flw	f2,-740(x9)	  f9:0x00102000  f2=0x00000000 PA:0x00101d1c store:0x3f7d1f60
d0092a27	fsw	f0,-748(x18)	 f18:0x00102000  f0:0x00000000 PA:0x00101d14 store:0x44be5618 load:0x44235ff5
d1842707	flw	f14,-744(x8)	  f8:0x00102000 f14=0x00000000 PA:0x00101d18 store:0x00000000
d1842787	flw	f15,-744(x8)	  f8:0x00102000 f15=0x00000000 PA:0x00101d18 store:0x00000000
d1492187	flw	f3,-748(x18)	 f18:0x00102000  f3=0x00000000 PA:0x00101d14 store:0x42600000
00e17253	fadd.s	f4,f2,f14	  f2:0x00137fa0 f14:0x00000009  f4=0x00000000
18fa75c3	fmadd.s	f11,f20,f15,f3	 f20:0x0000003a f15:0x0000000b  f3:0x0000003a f11=0x00000000
d044ae27	fsw	f4,-740(x9)	  f9:0x00102000  f4:0x00000000 PA:0x00101d1c store:0x44239f3d load:0x44be5618
d0b92a27	fsw	f11,-748(x18)	 f18:0x00102000 f11:0x00000035 PA:0x00101d14 store:0x44c541f4 load:0x44be5618
d1c4a287	flw	f5,-740(x9)	  f9:0x00102000  f5=0x00000000 PA:0x00101d1c store:0x3f7d1f60
d1842307	flw	f6,-744(x8)	  f8:0x00102000  f6=0x00000000 PA:0x00101d18 store:0x00000000
d1842607	flw	f12,-744(x8)	  f8:0x00102000 f12=0x00000000 PA:0x00101d18 store:0x00000000
d1492687	flw	f13,-748(x18)	 f18:0x00102000 f13=0x00000000 PA:0x00101d14 store:0x42600000
0062f3d3	fadd.s	f7,f5,f6	  f5:0x00000042  f6:0x00000001  f7=0x00000000
68c0f443	fmadd.s	f8,f1,f12,f13	  f1:0x00000034 f12:0x00000036 f13:0x00000034  f8=0x00000000
d074ae27	fsw	f7,-740(x9)	  f9:0x00102000  f7:0x00000064 PA:0x00101d1c store:0x4423de85 load:0x44c541f4
d1c4a487	flw	f9,-740(x9)	  f9:0x00102000  f9=0x00000000 PA:0x00101d1c store:0x3f7d1f60
d1842507	flw	f10,-744(x8)	  f8:0x00102000 f10=0x00000000 PA:0x00101d18 store:0x00000000
d0892a27	fsw	f8,-748(x18)	 f18:0x00102000  f8:0x00102000 PA:0x00101d14 store:0x44cc4d74 load:0x3f7d1f60
00a4f853	fadd.s	f16,f9,f10	  f9:0x00102000 f10:0x00000004 f16=0x00000000
d104ae27	fsw	f16,-740(x9)	  f9:0x00102000 f16:0x00000037 PA:0x00101d1c store:0x44241dcd load:0x3f7d1f60
ee7a14e3	bne	x20,x7,101090	 x20:0x0000003a  x7:0x00000064
d1842a07	flw	f20,-744(x8)	  f8:0x00102000 f20=0x00000000 PA:0x00101d18 store:0x00000000
d00a7ad3	fcvt.s.w	f21,x20	 x20:0x0000003a f21=0x00000000
d1492e07	flw	f28,-748(x18)	 f18:0x00102000 f28=0x00000000 PA:0x00101d14 store:0x3f7d1f60
001a0093	addi	x1,x20,1	 x20:0x0000003a  x1=0x0000003b
d1c4ae87	flw	f29,-740(x9)	  f9:0x00102000 f29=0x00000000 PA:0x00101d1c store:0x44cc4d74
e14aff43	fmadd.s	f30,f21,f20,f28	 f21:0x00000000 f20:0x0000003a f28:0x00000000 f30=0x00000000
d1842f87	flw	f31,-744(x8)	  f8:0x00102000 f31=0x00000000 PA:0x00101d18 store:0x00000000
d000f053	fcvt.s.w	f0,x1	  x1:0x0000003b  f0=0x00000000
d1842087	flw	f1,-744(x8)	  f8:0x00102000  f1=0x00000000 PA:0x00101d18 store:0x00000000
01fef153	fadd.s	f2,f29,f31	 f29:0x00000030 f31:0xb4000000  f2=0x00000000
d1e92a27	fsw	f30,-748(x18)	 f18:0x00102000 f30:0x00020000 PA:0x00101d14 store:0x44d37897 load:0x3f7d1f60
d1492707	flw	f14,-748(x18)	 f18:0x00102000 f14=0x00000000 PA:0x00101d14 store:0x3f7d1f60
002a0593	addi	x11,x20,2	 x20:0x0000003a x11=0x0000003c
d005f7d3	fcvt.s.w	f15,x11	 x11:0x0000003c f15=0x00000000
701071c3	fmadd.s	f3,f0,f1,f14	  f0:0x00000000  f1:0x0000003b f14:0x00000000  f3=0x00000000
d024ae27	fsw	f2,-740(x9)	  f9:0x00102000  f2:0x00137fa0 PA:0x00101d1c store:0x44245d15 load:0x44d37897
d1c4a207	flw	f4,-740(x9)	  f9:0x00102000  f4=0x00000000 PA:0x00101d1c store:0x44cc4d74
d1842587	flw	f11,-744(x8)	  f8:0x00102000 f11=0x00000000 PA:0x00101d18 store:0x00000000
d1842607	flw	f12,-744(x8)	  f8:0x00102000 f12=0x00000000 PA:0x00101d18 store:0x00000000
d0392a27	fsw	f3,-748(x18)	 f18:0x00102000  f3:0x00000000 PA:0x00101d14 store:0x44dac35e load:0x3f7d1f60
d1492287	flw	f5,-748(x18)	 f18:0x00102000  f5=0x00000000 PA:0x00101d14 store:0x3f7d1f60
00b276d3	fadd.s	f13,f4,f11	  f4:0x00000000 f11:0x0000003c f13=0x00000000
003a0613	addi	x12,x20,3	 x20:0x0000003a x12=0x0000003d
28c7f343	fmadd.s	f6,f15,f12,f5	 f15:0x0000000b f12:0x0000003d  f5:0x0000000b  f6=0x00000000
d00673d3	fcvt.s.w	f7,x12	 x12:0x0000003d  f7=0x00000000
004a0813	addi	x16,x20,4	 x20:0x0000003a x16=0x0000003e
d0d4ae27	fsw	f13,-740(x9)	  f9:0x00102000 f13:0x0000000d PA:0x00101d1c store:0x44249c5d load:0x44dac35e
d1c4a407	flw	f8,-740(x9)	  f9:0x00102000  f8=0x00000000 PA:0x00101d1c store:0x44cc4d74
d0692a27	fsw	f6,-748(x18)	 f18:0x00102000  f6:0x00000001 PA:0x00101d14 store:0x44e22dc9 load:0x44249c5d
d1842487	flw	f9,-744(x8)	  f8:0x00102000  f9=0x00000000 PA:0x00101d18 store:0x00000000
d1842507	flw	f10,-744(x8)	  f8:0x00102000 f10=0x00000000 PA:0x00101d18 store:0x00000000
d1492807	flw	f16,-748(x18)	 f18:0x00102000 f16=0x00000000 PA:0x00101d14 store:0x3f7d1f60
009478d3	fadd.s	f17,f8,f9	  f8:0x00102000  f9:0x00102000 f17=0x00000000
d0087953	fcvt.s.w	f18,x16	 x16:0x0000003e f18=0x00000000
80a3f9c3	fmadd.s	f19,f7,f10,f16	  f7:0x00000064 f10:0x00000004 f16:0x00000064 f19=0x00000000
005a0893	addi	x17,x20,5	 x20:0x0000003a x17=0x0000003f
d008fa53	fcvt.s.w	f20,x17	 x17:0x0000003f f20=0x00000000
d114ae27	fsw	f17,-740(x9)	  f9:0x00102000 f17:0x0000003f PA:0x00101d1c store:0x4424dba5 load:0x44e22dc9
d1c4aa87	flw	f21,-740(x9)	  f9:0x00102000 f21=0x00000000 PA:0x00101d1c store:0x44cc4d74
d1392a27	fsw	f19,-748(x18)	 f18:0x00102000 f19:0x00000039 PA:0x00101d14 store:0x44e9b7d8 load:0x4424dba5
d1842e07	flw	f28,-744(x8)	  f8:0x00102000 f28=0x00000000 PA:0x00101d18 store:0x00000000
d1842e87	flw	f29,-744(x8)	  f8:0x00102000 f29=0x00000000 PA:0x00101d18 store:0x00000000
d1492f07	flw	f30,-748(x18)	 f18:0x00102000 f30=0x00000000 PA:0x00101d14 store:0x427c0000
01caffd3	fadd.s	f31,f21,f28	 f21:0x00000000 f28:0x00020000 f31=0x00000000
006a0993	addi	x19,x20,6	 x20:0x0000003a x19=0x00000040
f1d97043	fmadd.s	f0,f18,f29,f30	 f18:0x00102000 f29:0x00000030 f30:0x00102000  f0=0x00000000
d009f0d3	fcvt.s.w	f1,x19	 x19:0x00000040  f1=0x00000000
007a0a13	addi	x20,x20,7	 x20:0x0000003a x20=0x00000041
d1f4ae27	fsw	f31,-740(x9)	  f9:0x00102000 f31:0xb4000000 PA:0x00101d1c store:0x44251aed load:0x44e9b7d8
d1c4a107	flw	f2,-740(x9)	  f9:0x00102000  f2=0x00000000 PA:0x00101d1c store:0x3f7d1f60
d0092a27	fsw	f0,-748(x18)	 f18:0x00102000  f0:0x00000000 PA:0x00101d14 store:0x44f1618b load:0x44251aed
d1842707	flw	f14,-744(x8)	  f8:0x00102000 f14=0x00000000 PA:0x00101d18 store:0x00000000
d1842787	flw	f15,-744(x8)	  f8:0x00102000 f15=0x00000000 PA:0x00101d18 store:0x00000000
d1492187	flw	f3,-748(x18)	 f18:0x00102000  f3=0x00000000 PA:0x00101d14 store:0x427c0000
00e17253	fadd.s	f4,f2,f14	  f2:0x00137fa0 f14:0x00000009  f4=0x00000000
18fa75c3	fmadd.s	f11,f20,f15,f3	 f20:0x00000041 f15:0x0000000b  f3:0x00000041 f11=0x00000000
d044ae27	fsw	f4,-740(x9)	  f9:0x00102000  f4:0x00000000 PA:0x00101d1c store:0x44255a35 load:0x44f1618b
d0b92a27	fsw	f11,-748(x18)	 f18:0x00102000 f11:0x0000003c PA:0x00101d14 store:0x44f92ae2 load:0x44f1618b
d1c4a287	flw	f5,-740(x9)	  f9:0x00102000  f5=0x00000000 PA:0x00101d1c store:0x3f7d1f60
d1842307	flw	f6,-744(x8)	  f8:0x00102000  f6=0x00000000 PA:0x00101d18 store:0x00000000
d1842607	flw	f12,-744(x8)	  f8:0x00102000 f12=0x00000000 PA:0x00101d18 store:0x00000000
d1492687	flw	f13,-748(x18)	 f18:0x00102000 f13=0x00000000 PA:0x00101d14 store:0x427c0000
0062f3d3	fadd.s	f7,f5,f6	  f5:0x00000042  f6:0x00000001  f7=0x00000000
68c0f443	fmadd.s	f8,f1,f12,f13	  f1:0x0000003b f12:0x0000003d f13:0x0000003b  f8=0x00000000
d074ae27	fsw	f7,-740(x9)	  f9:0x00102000  f7:0x00000064 PA:0x00101d1c store:0x4425997d load:0x44f92ae2
d1c4a487	flw	f9,-740(x9)	  f9:0x00102000  f9=0x00000000 PA:0x00101d1c store:0x3f7d1f60
d1842507	flw	f10,-744(x8)	  f8:0x00102000 f10=0x00000000 PA:0x00101d18 store:0x00000000
d0892a27	fsw	f8,-748(x18)	 f18:0x00102000  f8:0x00102000 PA:0x00101d14 store:0x450089ee load:0x3f7d1f60
00a4f853	fadd.s	f16,f9,f10	  f9:0x00102000 f10:0x00000004 f16=0x00000000
d104ae27	fsw	f16,-740(x9)	  f9:0x00102000 f16:0x0000003e PA:0x00101d1c store:0x4425d8c5 load:0x3f7d1f60
ee7a14e3	bne	x20,x7,101090	 x20:0x00000041  x7:0x00000064
d1842a07	flw	f20,-744(x8)	  f8:0x00102000 f20=0x00000000 PA:0x00101d18 store:0x00000000
d00a7ad3	fcvt.s.w	f21,x20	 x20:0x00000041 f21=0x00000000
d1492e07	flw	f28,-748(x18)	 f18:0x00102000 f28=0x00000000 PA:0x00101d14 store:0x3f7d1f60
001a0093	addi	x1,x20,1	 x20:0x00000041  x1=0x00000042
d1c4ae87	flw	f29,-740(x9)	  f9:0x00102000 f29=0x00000000 PA:0x00101d1c store:0x450089ee
e14aff43	fmadd.s	f30,f21,f20,f28	 f21:0x00000000 f20:0x00000041 f28:0x00000000 f30=0x00000000
d1842f87	flw	f31,-744(x8)	  f8:0x00102000 f31=0x00000000 PA:0x00101d18 store:0x00000000
d000f053	fcvt.s.w	f0,x1	  x1:0x00000042  f0=0x00000000
d1842087	flw	f1,-744(x8)	  f8:0x00102000  f1=0x00000000 PA:0x00101d18 store:0x00000000
01fef153	fadd.s	f2,f29,f31	 f29:0x00000030 f31:0xb4000000  f2=0x00000000
d1e92a27	fsw	f30,-748(x18)	 f18:0x00102000 f30:0x00020000 PA:0x00101d14 store:0x45048e3d load:0x3f7d1f60
d1492707	flw	f14,-748(x18)	 f18:0x00102000 f14=0x00000000 PA:0x00101d14 store:0x3f7d1f60
002a0593	addi	x11,x20,2	 x20:0x00000041 x11=0x00000043
d005f7d3	fcvt.s.w	f15,x11	 x11:0x00000043 f15=0x00000000
701071c3	fmadd.s	f3,f0,f1,f14	  f0:0x00000000  f1:0x00000042 f14:0x00000000  f3=0x00000000
d024ae27	fsw	f2,-740(x9)	  f9:0x00102000  f2:0x00137fa0 PA:0x00101d1c store:0x4426180d load:0x45048e3d
d1c4a207	flw	f4,-740(x9)	  f9:0x00102000  f4=0x00000000 PA:0x00101d1c store:0x450089ee
d1842587	flw	f11,-744(x8)	  f8:0x00102000 f11=0x00000000 PA:0x00101d18 store:0x00000000
d1842607	flw	f12,-744(x8)	  f8:0x00102000 f12=0x00000000 PA:0x00101d18 store:0x00000000
d0392a27	fsw	f3,-748(x18)	 f18:0x00102000  f3:0x00000000 PA:0x00101d14 store:0x4508a25e load:0x3f7d1f60
d1492287	flw	f5,-748(x18)	 f18:0x00102000  f5=0x00000000 PA:0x00101d14 store:0x3f7d1f60
00b276d3	fadd.s	f13,f4,f11	  f4:0x00000000 f11:0x00000043 f13=0x00000000
003a0613	addi	x12,x20,3	 x20:0x00000041 x12=0x00000044
28c7f343	fmadd.s	f6,f15,f12,f5	 f15:0x0000000b f12:0x00000044  f5:0x0000000b  f6=0x00000000
d00673d3	fcvt.s.w	f7,x12	 x12:0x00000044  f7=0x00000000
004a0813	addi	x16,x20,4	 x20:0x00000041 x16=0x00000045
d0d4ae27	fsw	f13,-740(x9)	  f9:0x00102000 f13:0x0000000d PA:0x00101d1c store:0x44265755 load:0x4508a25e
d1c4a407	flw	f8,-740(x9)	  f9:0x00102000  f8=0x00000000 PA:0x00101d1c store:0x450089ee
d0692a27	fsw	f6,-748(x18)	 f18:0x00102000  f6:0x00000001 PA:0x00101d14 store:0x450cc651 load:0x44265755
d1842487	flw	f9,-744(x8)	  f8:0x00102000  f9=0x00000000 PA:0x00101d18 store:0x00000000
d1842507	flw	f10,-744(x8)	  f8:0x00102000 f10=0x00000000 PA:0x00101d18 store:0x00000000
d1492807	flw	f16,-748(x18)	 f18:0x00102000 f16=0x00000000 PA:0x00101d14 store:0x3f7d1f60
009478d3	fadd.s	f17,f8,f9	  f8:0x00102000  f9:0x00102000 f17=0x00000000
d0087953	fcvt.s.w	f18,x16	 x16:0x00000045 f18=0x00000000
80a3f9c3	fmadd.s	f19,f7,f10,f16	  f7:0x00000064 f10:0x00000004 f16:0x00000064 f19=0x00000000
005a0893	addi	x17,x20,5	 x20:0x00000041 x17=0x00000046
d008fa53	fcvt.s.w	f20,x17	 x17:0x00000046 f20=0x00000000
d114ae27	fsw	f17,-740(x9)	  f9:0x00102000 f17:0x00000046 PA:0x00101d1c store:0x4426969d load:0x450cc651
d1c4aa87	flw	f21,-740(x9)	  f9:0x00102000 f21=0x00000000 PA:0x00101d1c store:0x450089ee
d1392a27	fsw	f19,-748(x18)	 f18:0x00102000 f19:0x00000040 PA:0x00101d14 store:0x4510fa16 load:0x4426969d
d1842e07	flw	f28,-744(x8)	  f8:0x00102000 f28=0x00000000 PA:0x00101d18 store:0x00000000
d1842e87	flw	f29,-744(x8)	  f8:0x00102000 f29=0x00000000 PA:0x00101d18 store:0x00000000
d1492f07	flw	f30,-748(x18)	 f18:0x00102000 f30=0x00000000 PA:0x00101d14 store:0x428c0000
01caffd3	fadd.s	f31,f21,f28	 f21:0x00000000 f28:0x00020000 f31=0x00000000
006a0993	addi	x19,x20,6	 x20:0x00000041 x19=0x00000047
f1d97043	fmadd.s	f0,f18,f29,f30	 f18:0x00102000 f29:0x00000030 f30:0x00102000  f0=0x00000000
d009f0d3	fcvt.s.w	f1,x19	 x19:0x00000047  f1=0x00000000
007a0a13	addi	x20,x20,7	 x20:0x00000041 x20=0x00000048
d1f4ae27	fsw	f31,-740(x9)	  f9:0x00102000 f31:0xb4000000 PA:0x00101d1c store:0x4426d5e5 load:0x4510fa16
d1c4a107	flw	f2,-740(x9)	  f9:0x00102000  f2=0x00000000 PA:0x00101d1c store:0x3f7d1f60
d0092a27	fsw	f0,-748(x18)	 f18:0x00102000  f0:0x00000000 PA:0x00101d14 store:0x45153dad load:0x4426d5e5
d1842707	flw	f14,-744(x8)	  f8:0x00102000 f14=0x00000000 PA:0x00101d18 store:0x00000000
d1842787	flw	f15,-744(x8)	  f8:0x00102000 f15=0x00000000 PA:0x00101d18 store:0x00000000
d1492187	flw	f3,-748(x18)	 f18:0x00102000  f3=0x00000000 PA:0x00101d14 store:0x428c0000
00e17253	fadd.s	f4,f2,f14	  f2:0x00137fa0 f14:0x00000009  f4=0x00000000
18fa75c3	fmadd.s	f11,f20,f15,f3	 f20:0x00000048 f15:0x0000000b  f3:0x00000048 f11=0x00000000
d044ae27	fsw	f4,-740(x9)	  f9:0x00102000  f4:0x00000000 PA:0x00101d1c store:0x4427152d load:0x45153dad
d0b92a27	fsw	f11,-748(x18)	 f18:0x00102000 f11:0x00000043 PA:0x00101d14 store:0x45199116 load:0x45153dad
d1c4a287	flw	f5,-740(x9)	  f9:0x00102000  f5=0x00000000 PA:0x00101d1c store:0x3f7d1f60
d1842307	flw	f6,-744(x8)	  f8:0x00102000  f6=0x00000000 PA:0x00101d18 store:0x00000000
d1842607	flw	f12,-744(x8)	  f8:0x00102000 f12=0x00000000 PA:0x00101d18 store:0x00000000
d1492687	flw	f13,-748(x18)	 f18:0x00102000 f13=0x00000000 PA:0x00101d14 store:0x428c0000
0062f3d3	fadd.s	f7,f5,f6	  f5:0x00000042  f6:0x00000001  f7=0x00000000
68c0f443	fmadd.s	f8,f1,f12,f13	  f1:0x00000042 f12:0x00000044 f13:0x00000042  f8=0x00000000
d074ae27	fsw	f7,-740(x9)	  f9:0x00102000  f7:0x00000064 PA:0x00101d1c store:0x44275475 load:0x45199116
d1c4a487	flw	f9,-740(x9)	  f9:0x00102000  f9=0x00000000 PA:0x00101d1c store:0x3f7d1f60
d1842507	flw	f10,-744(x8)	  f8:0x00102000 f10=0x00000000 PA:0x00101d18 store:0x00000000
d0892a27	fsw	f8,-748(x18)	 f18:0x00102000  f8:0x00102000 PA:0x00101d14 store:0x451df451 load:0x3f7d1f60
00a4f853	fadd.s	f16,f9,f10	  f9:0x00102000 f10:0x00000004 f16=0x00000000
d104ae27	fsw	f16,-740(x9)	  f9:0x00102000 f16:0x00000045 PA:0x00101d1c store:0x442793bd load:0x3f7d1f60
ee7a14e3	bne	x20,x7,101090	 x20:0x00000048  x7:0x00000064
d1842a07	flw	f20,-744(x8)	  f8:0x00102000 f20=0x00000000 PA:0x00101d18 store:0x00000000
d00a7ad3	fcvt.s.w	f21,x20	 x20:0x00000048 f21=0x00000000
d1492e07	flw	f28,-748(x18)	 f18:0x00102000 f28=0x00000000 PA:0x00101d14 store:0x3f7d1f60
001a0093	addi	x1,x20,1	 x20:0x00000048  x1=0x00000049
d1c4ae87	flw	f29,-740(x9)	  f9:0x00102000 f29=0x00000000 PA:0x00101d1c store:0x451df451
e14aff43	fmadd.s	f30,f21,f20,f28	 f21:0x00000000 f20:0x00000048 f28:0x00000000 f30=0x00000000
d1842f87	flw	f31,-744(x8)	  f8:0x00102000 f31=0x00000000 PA:0x00101d18 store:0x00000000
d000f053	fcvt.s.w	f0,x1	  x1:0x00000049  f0=0x00000000
d1842087	flw	f1,-744(x8)	  f8:0x00102000  f1=0x00000000 PA:0x00101d18 store:0x00000000
01fef153	fadd.s	f2,f29,f31	 f29:0x00000030 f31:0xb4000000  f2=0x00000000
d1e92a27	fsw	f30,-748(x18)	 f18:0x00102000 f30:0x00020000 PA:0x00101d14 store:0x4522675e load:0x3f7d1f60
d1492707	flw	f14,-748(x18)	 f18:0x00102000 f14=0x00000000 PA:0x00101d14 store:0x3f7d1f60
002a0593	addi	x11,x20,2	 x20:0x00000048 x11=0x0000004a
d005f7d3	fcvt.s.w	f15,x11	 x11:0x0000004a f15=0x00000000
701071c3	fmadd.s	f3,f0,f1,f14	  f0:0x00000000  f1:0x00000049 f14:0x00000000  f3=0x00000000
d024ae27	fsw	f2,-740(x9)	  f9:0x00102000  f2:0x00137fa0 PA:0x00101d1c store:0x4427d305 load:0x4522675e
d1c4a207	flw	f4,-740(x9)	  f9:0x00102000  f4=0x00000000 PA:0x00101d1c store:0x451df451
d1842587	flw	f11,-744(x8)	  f8:0x00102000 f11=0x00000000 PA:0x00101d18 store:0x00000000
d1842607	flw	f12,-744(x8)	  f8:0x00102000 f12=0x00000000 PA:0x00101d18 store:0x00000000
d0392a27	fsw	f3,-748(x18)	 f18:0x00102000  f3:0x00000000 PA:0x00101d14 store:0x4526ea3d load:0x3f7d1f60
d1492287	flw	f5,-748(x18)	 f18:0x00102000  f5=0x00000000 PA:0x00101d14 store:0x3f7d1f60
00b276d3	fadd.s	f13,f4,f11	  f4:0x00000000 f11:0x0000004a f13=0x00000000
003a0613	addi	x12,x20,3	 x20:0x00000048 x12=0x0000004b
28c7f343	fmadd.s	f6,f15,f12,f5	 f15:0x0000000b f12:0x0000004b  f5:0x0000000b  f6=0x00000000
d00673d3	fcvt.s.w	f7,x12	 x12:0x0000004b  f7=0x00000000
004a0813	addi	x16,x20,4	 x20:0x00000048 x16=0x0000004c
d0d4ae27	fsw	f13,-740(x9)	  f9:0x00102000 f13:0x0000000d PA:0x00101d1c store:0x4428124d load:0x4526ea3d
d1c4a407	flw	f8,-740(x9)	  f9:0x00102000  f8=0x00000000 PA:0x00101d1c store:0x451df451
d0692a27	fsw	f6,-748(x18)	 f18:0x00102000  f6:0x00000001 PA:0x00101d14 store:0x452b7cee load:0x4428124d
d1842487	flw	f9,-744(x8)	  f8:0x00102000  f9=0x00000000 PA:0x00101d18 store:0x00000000
d1842507	flw	f10,-744(x8)	  f8:0x00102000 f10=0x00000000 PA:0x00101d18 store:0x00000000
d1492807	flw	f16,-748(x18)	 f18:0x00102000 f16=0x00000000 PA:0x00101d14 store:0x3f7d1f60
009478d3	fadd.s	f17,f8,f9	  f8:0x00102000  f9:0x00102000 f17=0x00000000
d0087953	fcvt.s.w	f18,x16	 x16:0x0000004c f18=0x00000000
80a3f9c3	fmadd.s	f19,f7,f10,f16	  f7:0x00000064 f10:0x00000004 f16:0x00000064 f19=0x00000000
005a0893	addi	x17,x20,5	 x20:0x00000048 x17=0x0000004d
d008fa53	fcvt.s.w	f20,x17	 x17:0x0000004d f20=0x00000000
d114ae27	fsw	f17,-740(x9)	  f9:0x00102000 f17:0x0000004d PA:0x00101d1c store:0x44285195 load:0x452b7cee
d1c4aa87	flw	f21,-740(x9)	  f9:0x00102000 f21=0x00000000 PA:0x00101d1c store:0x451df451
d1392a27	fsw	f19,-748(x18)	 f18:0x00102000 f19:0x00000047 PA:0x00101d14 store:0x45301f71 load:0x44285195
d1842e07	flw	f28,-744(x8)	  f8:0x00102000 f28=0x00000000 PA:0x00101d18 store:0x00000000
d1842e87	flw	f29,-744(x8)	  f8:0x00102000 f29=0x00000000 PA:0x00101d18 store:0x00000000
d1492f07	flw	f30,-748(x18)	 f18:0x00102000 f30=0x00000000 PA:0x00101d14 store:0x429a0000
01caffd3	fadd.s	f31,f21,f28	 f21:0x00000000 f28:0x00020000 f31=0x00000000
006a0993	addi	x19,x20,6	 x20:0x00000048 x19=0x0000004e
f1d97043	fmadd.s	f0,f18,f29,f30	 f18:0x00102000 f29:0x00000030 f30:0x00102000  f0=0x00000000
d009f0d3	fcvt.s.w	f1,x19	 x19:0x0000004e  f1=0x00000000
007a0a13	addi	x20,x20,7	 x20:0x00000048 x20=0x0000004f
d1f4ae27	fsw	f31,-740(x9)	  f9:0x00102000 f31:0xb4000000 PA:0x00101d1c store:0x442890dd load:0x45301f71
d1c4a107	flw	f2,-740(x9)	  f9:0x00102000  f2=0x00000000 PA:0x00101d1c store:0x3f7d1f60
d0092a27	fsw	f0,-748(x18)	 f18:0x00102000  f0:0x00000000 PA:0x00101d14 store:0x4534d1c6 load:0x442890dd
d1842707	flw	f14,-744(x8)	  f8:0x00102000 f14=0x00000000 PA:0x00101d18 store:0x00000000
d1842787	flw	f15,-744(x8)	  f8:0x00102000 f15=0x00000000 PA:0x00101d18 store:0x00000000
d1492187	flw	f3,-748(x18)	 f18:0x00102000  f3=0x00000000 PA:0x00101d14 store:0x429a0000
00e17253	fadd.s	f4,f2,f14	  f2:0x00137fa0 f14:0x00000009  f4=0x00000000
18fa75c3	fmadd.s	f11,f20,f15,f3	 f20:0x0000004f f15:0x0000000b  f3:0x0000004f f11=0x00000000
d044ae27	fsw	f4,-740(x9)	  f9:0x00102000  f4:0x00000000 PA:0x00101d1c store:0x4428d025 load:0x4534d1c6
d0b92a27	fsw	f11,-748(x18)	 f18:0x00102000 f11:0x0000004a PA:0x00101d14 store:0x453993ed load:0x4534d1c6
d1c4a287	flw	f5,-740(x9)	  f9:0x00102000  f5=0x00000000 PA:0x00101d1c store:0x3f7d1f60
d1842307	flw	f6,-744(x8)	  f8:0x00102000  f6=0x00000000 PA:0x00101d18 store:0x00000000
d1842607	flw	f12,-744(x8)	  f8:0x00102000 f12=0x00000000 PA:0x00101d18 store:0x00000000
d1492687	flw	f13,-748(x18)	 f18:0x00102000 f13=0x00000000 PA:0x00101d14 store:0x429a0000
0062f3d3	fadd.s	f7,f5,f6	  f5:0x00000042  f6:0x00000001  f7=0x00000000
68c0f443	fmadd.s	f8,f1,f12,f13	  f1:0x00000049 f12:0x0000004b f13:0x00000049  f8=0x00000000
d074ae27	fsw	f7,-740(x9)	  f9:0x00102000  f7:0x00000064 PA:0x00101d1c store:0x44290f6d load:0x453993ed
d1c4a487	flw	f9,-740(x9)	  f9:0x00102000  f9=0x00000000 PA:0x00101d1c store:0x3f7d1f60
d1842507	flw	f10,-744(x8)	  f8:0x00102000 f10=0x00000000 PA:0x00101d18 store:0x00000000
d0892a27	fsw	f8,-748(x18)	 f18:0x00102000  f8:0x00102000 PA:0x00101d14 store:0x453e65e6 load:0x3f7d1f60
00a4f853	fadd.s	f16,f9,f10	  f9:0x00102000 f10:0x00000004 f16=0x00000000
d104ae27	fsw	f16,-740(x9)	  f9:0x00102000 f16:0x0000004c PA:0x00101d1c store:0x44294eb5 load:0x3f7d1f60
ee7a14e3	bne	x20,x7,101090	 x20:0x0000004f  x7:0x00000064
d1842a07	flw	f20,-744(x8)	  f8:0x00102000 f20=0x00000000 PA:0x00101d18 store:0x00000000
d00a7ad3	fcvt.s.w	f21,x20	 x20:0x0000004f f21=0x00000000
d1492e07	flw	f28,-748(x18)	 f18:0x00102000 f28=0x00000000 PA:0x00101d14 store:0x3f7d1f60
001a0093	addi	x1,x20,1	 x20:0x0000004f  x1=0x00000050
d1c4ae87	flw	f29,-740(x9)	  f9:0x00102000 f29=0x00000000 PA:0x00101d1c store:0x453e65e6
e14aff43	fmadd.s	f30,f21,f20,f28	 f21:0x00000000 f20:0x0000004f f28:0x00000000 f30=0x00000000
d1842f87	flw	f31,-744(x8)	  f8:0x00102000 f31=0x00000000 PA:0x00101d18 store:0x00000000
d000f053	fcvt.s.w	f0,x1	  x1:0x00000050  f0=0x00000000
d1842087	flw	f1,-744(x8)	  f8:0x00102000  f1=0x00000000 PA:0x00101d18 store:0x00000000
01fef153	fadd.s	f2,f29,f31	 f29:0x00000030 f31:0xb4000000  f2=0x00000000
d1e92a27	fsw	f30,-748(x18)	 f18:0x00102000 f30:0x00020000 PA:0x00101d14 store:0x454347b1 load:0x3f7d1f60
d1492707	flw	f14,-748(x18)	 f18:0x00102000 f14=0x00000000 PA:0x00101d14 store:0x3f7d1f60
002a0593	addi	x11,x20,2	 x20:0x0000004f x11=0x00000051
d005f7d3	fcvt.s.w	f15,x11	 x11:0x00000051 f15=0x00000000
701071c3	fmadd.s	f3,f0,f1,f14	  f0:0x00000000  f1:0x00000050 f14:0x00000000  f3=0x00000000
d024ae27	fsw	f2,-740(x9)	  f9:0x00102000  f2:0x00137fa0 PA:0x00101d1c store:0x44298dfd load:0x454347b1
d1c4a207	flw	f4,-740(x9)	  f9:0x00102000  f4=0x00000000 PA:0x00101d1c store:0x453e65e6
d1842587	flw	f11,-744(x8)	  f8:0x00102000 f11=0x00000000 PA:0x00101d18 store:0x00000000
d1842607	flw	f12,-744(x8)	  f8:0x00102000 f12=0x00000000 PA:0x00101d18 store:0x00000000
d0392a27	fsw	f3,-748(x18)	 f18:0x00102000  f3:0x00000000 PA:0x00101d14 store:0x4548394e load:0x3f7d1f60
d1492287	flw	f5,-748(x18)	 f18:0x00102000  f5=0x00000000 PA:0x00101d14 store:0x3f7d1f60
00b276d3	fadd.s	f13,f4,f11	  f4:0x00000000 f11:0x00000051 f13=0x00000000
003a0613	addi	x12,x20,3	 x20:0x0000004f x12=0x00000052
28c7f343	fmadd.s	f6,f15,f12,f5	 f15:0x0000000b f12:0x00000052  f5:0x0000000b  f6=0x00000000
d00673d3	fcvt.s.w	f7,x12	 x12:0x00000052  f7=0x00000000
004a0813	addi	x16,x20,4	 x20:0x0000004f x16=0x00000053
d0d4ae27	fsw	f13,-740(x9)	  f9:0x00102000 f13:0x0000000d PA:0x00101d1c store:0x4429cd45 load:0x4548394e
d1c4a407	flw	f8,-740(x9)	  f9:0x00102000  f8=0x00000000 PA:0x00101d1c store:0x453e65e6
d0692a27	fsw	f6,-748(x18)	 f18:0x00102000  f6:0x00000001 PA:0x00101d14 store:0x454d3abd load:0x4429cd45
d1842487	flw	f9,-744(x8)	  f8:0x00102000  f9=0x00000000 PA:0x00101d18 store:0x00000000
d1842507	flw	f10,-744(x8)	  f8:0x00102000 f10=0x00000000 PA:0x00101d18 store:0x00000000
d1492807	flw	f16,-748(x18)	 f18:0x00102000 f16=0x00000000 PA:0x00101d14 store:0x3f7d1f60
009478d3	fadd.s	f17,f8,f9	  f8:0x00102000  f9:0x00102000 f17=0x00000000
d0087953	fcvt.s.w	f18,x16	 x16:0x00000053 f18=0x00000000
80a3f9c3	fmadd.s	f19,f7,f10,f16	  f7:0x00000064 f10:0x00000004 f16:0x00000064 f19=0x00000000
005a0893	addi	x17,x20,5	 x20:0x0000004f x17=0x00000054
d008fa53	fcvt.s.w	f20,x17	 x17:0x00000054 f20=0x00000000
d114ae27	fsw	f17,-740(x9)	  f9:0x00102000 f17:0x00000054 PA:0x00101d1c store:0x442a0c8d load:0x454d3abd
d1c4aa87	flw	f21,-740(x9)	  f9:0x00102000 f21=0x00000000 PA:0x00101d1c store:0x453e65e6
d1392a27	fsw	f19,-748(x18)	 f18:0x00102000 f19:0x0000004e PA:0x00101d14 store:0x45524bfe load:0x442a0c8d
d1842e07	flw	f28,-744(x8)	  f8:0x00102000 f28=0x00000000 PA:0x00101d18 store:0x00000000
d1842e87	flw	f29,-744(x8)	  f8:0x00102000 f29=0x00000000 PA:0x00101d18 store:0x00000000
d1492f07	flw	f30,-748(x18)	 f18:0x00102000 f30=0x00000000 PA:0x00101d14 store:0x42a80000
01caffd3	fadd.s	f31,f21,f28	 f21:0x00000000 f28:0x00020000 f31=0x00000000
006a0993	addi	x19,x20,6	 x20:0x0000004f x19=0x00000055
f1d97043	fmadd.s	f0,f18,f29,f30	 f18:0x00102000 f29:0x00000030 f30:0x00102000  f0=0x00000000
d009f0d3	fcvt.s.w	f1,x19	 x19:0x00000055  f1=0x00000000
007a0a13	addi	x20,x20,7	 x20:0x0000004f x20=0x00000056
d1f4ae27	fsw	f31,-740(x9)	  f9:0x00102000 f31:0xb4000000 PA:0x00101d1c store:0x442a4bd5 load:0x45524bfe
d1c4a107	flw	f2,-740(x9)	  f9:0x00102000  f2=0x00000000 PA:0x00101d1c store:0x3f7d1f60
d0092a27	fsw	f0,-748(x18)	 f18:0x00102000  f0:0x00000000 PA:0x00101d14 store:0x45576d11 load:0x442a4bd5
d1842707	flw	f14,-744(x8)	  f8:0x00102000 f14=0x00000000 PA:0x00101d18 store:0x00000000
d1842787	flw	f15,-744(x8)	  f8:0x00102000 f15=0x00000000 PA:0x00101d18 store:0x00000000
d1492187	flw	f3,-748(x18)	 f18:0x00102000  f3=0x00000000 PA:0x00101d14 store:0x42a80000
00e17253	fadd.s	f4,f2,f14	  f2:0x00137fa0 f14:0x00000009  f4=0x00000000
18fa75c3	fmadd.s	f11,f20,f15,f3	 f20:0x00000056 f15:0x0000000b  f3:0x00000056 f11=0x00000000
d044ae27	fsw	f4,-740(x9)	  f9:0x00102000  f4:0x00000000 PA:0x00101d1c store:0x442a8b1d load:0x45576d11
d0b92a27	fsw	f11,-748(x18)	 f18:0x00102000 f11:0x00000051 PA:0x00101d14 store:0x455c9df6 load:0x45576d11
d1c4a287	flw	f5,-740(x9)	  f9:0x00102000  f5=0x00000000 PA:0x00101d1c store:0x3f7d1f60
d1842307	flw	f6,-744(x8)	  f8:0x00102000  f6=0x00000000 PA:0x00101d18 store:0x00000000
d1842607	flw	f12,-744(x8)	  f8:0x00102000 f12=0x00000000 PA:0x00101d18 store:0x00000000
d1492687	flw	f13,-748(x18)	 f18:0x00102000 f13=0x00000000 PA:0x00101d14 store:0x42a80000
0062f3d3	fadd.s	f7,f5,f6	  f5:0x00000042  f6:0x00000001  f7=0x00000000
68c0f443	fmadd.s	f8,f1,f12,f13	  f1:0x00000050 f12:0x00000052 f13:0x00000050  f8=0x00000000
d074ae27	fsw	f7,-740(x9)	  f9:0x00102000  f7:0x00000064 PA:0x00101d1c store:0x442aca65 load:0x455c9df6
d1c4a487	flw	f9,-740(x9)	  f9:0x00102000  f9=0x00000000 PA:0x00101d1c store:0x3f7d1f60
d1842507	flw	f10,-744(x8)	  f8:0x00102000 f10=0x00000000 PA:0x00101d18 store:0x00000000
d0892a27	fsw	f8,-748(x18)	 f18:0x00102000  f8:0x00102000 PA:0x00101d14 store:0x4561dead load:0x3f7d1f60
00a4f853	fadd.s	f16,f9,f10	  f9:0x00102000 f10:0x00000004 f16=0x00000000
d104ae27	fsw	f16,-740(x9)	  f9:0x00102000 f16:0x00000053 PA:0x00101d1c store:0x442b09ad load:0x3f7d1f60
ee7a14e3	bne	x20,x7,101090	 x20:0x00000056  x7:0x00000064
d1842a07	flw	f20,-744(x8)	  f8:0x00102000 f20=0x00000000 PA:0x00101d18 store:0x00000000
d00a7ad3	fcvt.s.w	f21,x20	 x20:0x00000056 f21=0x00000000
d1492e07	flw	f28,-748(x18)	 f18:0x00102000 f28=0x00000000 PA:0x00101d14 store:0x3f7d1f60
001a0093	addi	x1,x20,1	 x20:0x00000056  x1=0x00000057
d1c4ae87	flw	f29,-740(x9)	  f9:0x00102000 f29=0x00000000 PA:0x00101d1c store:0x4561dead
e14aff43	fmadd.s	f30,f21,f20,f28	 f21:0x00000000 f20:0x00000056 f28:0x00000000 f30=0x00000000
d1842f87	flw	f31,-744(x8)	  f8:0x00102000 f31=0x00000000 PA:0x00101d18 store:0x00000000
d000f053	fcvt.s.w	f0,x1	  x1:0x00000057  f0=0x00000000
d1842087	flw	f1,-744(x8)	  f8:0x00102000  f1=0x00000000 PA:0x00101d18 store:0x00000000
01fef153	fadd.s	f2,f29,f31	 f29:0x00000030 f31:0xb4000000  f2=0x00000000
d1e92a27	fsw	f30,-748(x18)	 f18:0x00102000 f30:0x00020000 PA:0x00101d14 store:0x45672f36 load:0x3f7d1f60
d1492707	flw	f14,-748(x18)	 f18:0x00102000 f14=0x00000000 PA:0x00101d14 store:0x3f7d1f60
002a0593	addi	x11,x20,2	 x20:0x00000056 x11=0x00000058
d005f7d3	fcvt.s.w	f15,x11	 x11:0x00000058 f15=0x00000000
701071c3	fmadd.s	f3,f0,f1,f14	  f0:0x00000000  f1:0x00000057 f14:0x00000000  f3=0x00000000
d024ae27	fsw	f2,-740(x9)	  f9:0x00102000  f2:0x00137fa0 PA:0x00101d1c store:0x442b48f5 load:0x45672f36
d1c4a207	flw	f4,-740(x9)	  f9:0x00102000  f4=0x00000000 PA:0x00101d1c store:0x4561dead
d1842587	flw	f11,-744(x8)	  f8:0x00102000 f11=0x00000000 PA:0x00101d18 store:0x00000000
d1842607	flw	f12,-744(x8)	  f8:0x00102000 f12=0x00000000 PA:0x00101d18 store:0x00000000
d0392a27	fsw	f3,-748(x18)	 f18:0x00102000  f3:0x00000000 PA:0x00101d14 store:0x456c8f91 load:0x3f7d1f60
d1492287	flw	f5,-748(x18)	 f18:0x00102000  f5=0x00000000 PA:0x00101d14 store:0x3f7d1f60
00b276d3	fadd.s	f13,f4,f11	  f4:0x00000000 f11:0x00000058 f13=0x00000000
003a0613	addi	x12,x20,3	 x20:0x00000056 x12=0x00000059
28c7f343	fmadd.s	f6,f15,f12,f5	 f15:0x0000000b f12:0x00000059  f5:0x0000000b  f6=0x00000000
d00673d3	fcvt.s.w	f7,x12	 x12:0x00000059  f7=0x00000000
004a0813	addi	x16,x20,4	 x20:0x00000056 x16=0x0000005a
d0d4ae27	fsw	f13,-740(x9)	  f9:0x00102000 f13:0x0000000d PA:0x00101d1c store:0x442b883d load:0x456c8f91
d1c4a407	flw	f8,-740(x9)	  f9:0x00102000  f8=0x00000000 PA:0x00101d1c store:0x4561dead
d0692a27	fsw	f6,-748(x18)	 f18:0x00102000  f6:0x00000001 PA:0x00101d14 store:0x4571ffbe load:0x442b883d
d1842487	flw	f9,-744(x8)	  f8:0x00102000  f9=0x00000000 PA:0x00101d18 store:0x00000000
d1842507	flw	f10,-744(x8)	  f8:0x00102000 f10=0x00000000 PA:0x00101d18 store:0x00000000
d1492807	flw	f16,-748(x18)	 f18:0x00102000 f16=0x00000000 PA:0x00101d14 store:0x3f7d1f60
009478d3	fadd.s	f17,f8,f9	  f8:0x00102000  f9:0x00102000 f17=0x00000000
d0087953	fcvt.s.w	f18,x16	 x16:0x0000005a f18=0x00000000
80a3f9c3	fmadd.s	f19,f7,f10,f16	  f7:0x00000064 f10:0x00000004 f16:0x00000064 f19=0x00000000
005a0893	addi	x17,x20,5	 x20:0x00000056 x17=0x0000005b
d008fa53	fcvt.s.w	f20,x17	 x17:0x0000005b f20=0x00000000
d114ae27	fsw	f17,-740(x9)	  f9:0x00102000 f17:0x0000005b PA:0x00101d1c store:0x442bc785 load:0x4571ffbe
d1c4aa87	flw	f21,-740(x9)	  f9:0x00102000 f21=0x00000000 PA:0x00101d1c store:0x4561dead
d1392a27	fsw	f19,-748(x18)	 f18:0x00102000 f19:0x00000055 PA:0x00101d14 store:0x45777fbd load:0x442bc785
d1842e07	flw	f28,-744(x8)	  f8:0x00102000 f28=0x00000000 PA:0x00101d18 store:0x00000000
d1842e87	flw	f29,-744(x8)	  f8:0x00102000 f29=0x00000000 PA:0x00101d18 store:0x00000000
d1492f07	flw	f30,-748(x18)	 f18:0x00102000 f30=0x00000000 PA:0x00101d14 store:0x42b60000
01caffd3	fadd.s	f31,f21,f28	 f21:0x00000000 f28:0x00020000 f31=0x00000000
006a0993	addi	x19,x20,6	 x20:0x00000056 x19=0x0000005c
f1d97043	fmadd.s	f0,f18,f29,f30	 f18:0x00102000 f29:0x00000030 f30:0x00102000  f0=0x00000000
d009f0d3	fcvt.s.w	f1,x19	 x19:0x0000005c  f1=0x00000000
007a0a13	addi	x20,x20,7	 x20:0x00000056 x20=0x0000005d
d1f4ae27	fsw	f31,-740(x9)	  f9:0x00102000 f31:0xb4000000 PA:0x00101d1c store:0x442c06cd load:0x45777fbd
d1c4a107	flw	f2,-740(x9)	  f9:0x00102000  f2=0x00000000 PA:0x00101d1c store:0x3f7d1f60
d0092a27	fsw	f0,-748(x18)	 f18:0x00102000  f0:0x00000000 PA:0x00101d14 store:0x457d0f8d load:0x442c06cd
d1842707	flw	f14,-744(x8)	  f8:0x00102000 f14=0x00000000 PA:0x00101d18 store:0x00000000
d1842787	flw	f15,-744(x8)	  f8:0x00102000 f15=0x00000000 PA:0x00101d18 store:0x00000000
d1492187	flw	f3,-748(x18)	 f18:0x00102000  f3=0x00000000 PA:0x00101d14 store:0x42b60000
00e17253	fadd.s	f4,f2,f14	  f2:0x00137fa0 f14:0x00000009  f4=0x00000000
18fa75c3	fmadd.s	f11,f20,f15,f3	 f20:0x0000005d f15:0x0000000b  f3:0x0000005d f11=0x00000000
d044ae27	fsw	f4,-740(x9)	  f9:0x00102000  f4:0x00000000 PA:0x00101d1c store:0x442c4615 load:0x457d0f8d
d0b92a27	fsw	f11,-748(x18)	 f18:0x00102000 f11:0x00000058 PA:0x00101d14 store:0x45815798 load:0x457d0f8d
d1c4a287	flw	f5,-740(x9)	  f9:0x00102000  f5=0x00000000 PA:0x00101d1c store:0x3f7d1f60
d1842307	flw	f6,-744(x8)	  f8:0x00102000  f6=0x00000000 PA:0x00101d18 store:0x00000000
d1842607	flw	f12,-744(x8)	  f8:0x00102000 f12=0x00000000 PA:0x00101d18 store:0x00000000
d1492687	flw	f13,-748(x18)	 f18:0x00102000 f13=0x00000000 PA:0x00101d14 store:0x42b60000
0062f3d3	fadd.s	f7,f5,f6	  f5:0x00000042  f6:0x00000001  f7=0x00000000
68c0f443	fmadd.s	f8,f1,f12,f13	  f1:0x00000057 f12:0x00000059 f13:0x00000057  f8=0x00000000
d074ae27	fsw	f7,-740(x9)	  f9:0x00102000  f7:0x00000064 PA:0x00101d1c store:0x442c855d load:0x45815798
d1c4a487	flw	f9,-740(x9)	  f9:0x00102000  f9=0x00000000 PA:0x00101d1c store:0x3f7d1f60
d1842507	flw	f10,-744(x8)	  f8:0x00102000 f10=0x00000000 PA:0x00101d18 store:0x00000000
d0892a27	fsw	f8,-748(x18)	 f18:0x00102000  f8:0x00102000 PA:0x00101d14 store:0x45842f52 load:0x3f7d1f60
00a4f853	fadd.s	f16,f9,f10	  f9:0x00102000 f10:0x00000004 f16=0x00000000
d104ae27	fsw	f16,-740(x9)	  f9:0x00102000 f16:0x0000005a PA:0x00101d1c store:0x442cc4a5 load:0x3f7d1f60
ee7a14e3	bne	x20,x7,101090	 x20:0x0000005d  x7:0x00000064
d1842a07	flw	f20,-744(x8)	  f8:0x00102000 f20=0x00000000 PA:0x00101d18 store:0x00000000
d00a7ad3	fcvt.s.w	f21,x20	 x20:0x0000005d f21=0x00000000
d1492e07	flw	f28,-748(x18)	 f18:0x00102000 f28=0x00000000 PA:0x00101d14 store:0x3f7d1f60
001a0093	addi	x1,x20,1	 x20:0x0000005d  x1=0x0000005e
d1c4ae87	flw	f29,-740(x9)	  f9:0x00102000 f29=0x00000000 PA:0x00101d1c store:0x45842f52
e14aff43	fmadd.s	f30,f21,f20,f28	 f21:0x00000000 f20:0x0000005d f28:0x00000000 f30=0x00000000
d1842f87	flw	f31,-744(x8)	  f8:0x00102000 f31=0x00000000 PA:0x00101d18 store:0x00000000
d000f053	fcvt.s.w	f0,x1	  x1:0x0000005e  f0=0x00000000
d1842087	flw	f1,-744(x8)	  f8:0x00102000  f1=0x00000000 PA:0x00101d18 store:0x00000000
01fef153	fadd.s	f2,f29,f31	 f29:0x00000030 f31:0xb4000000  f2=0x00000000
d1e92a27	fsw	f30,-748(x18)	 f18:0x00102000 f30:0x00020000 PA:0x00101d14 store:0x45870ef5 load:0x3f7d1f60
d1492707	flw	f14,-748(x18)	 f18:0x00102000 f14=0x00000000 PA:0x00101d14 store:0x3f7d1f60
002a0593	addi	x11,x20,2	 x20:0x0000005d x11=0x0000005f
d005f7d3	fcvt.s.w	f15,x11	 x11:0x0000005f f15=0x00000000
701071c3	fmadd.s	f3,f0,f1,f14	  f0:0x00000000  f1:0x0000005e f14:0x00000000  f3=0x00000000
d024ae27	fsw	f2,-740(x9)	  f9:0x00102000  f2:0x00137fa0 PA:0x00101d1c store:0x442d03ed load:0x45870ef5
d1c4a207	flw	f4,-740(x9)	  f9:0x00102000  f4=0x00000000 PA:0x00101d1c store:0x45842f52
d1842587	flw	f11,-744(x8)	  f8:0x00102000 f11=0x00000000 PA:0x00101d18 store:0x00000000
d1842607	flw	f12,-744(x8)	  f8:0x00102000 f12=0x00000000 PA:0x00101d18 store:0x00000000
d0392a27	fsw	f3,-748(x18)	 f18:0x00102000  f3:0x00000000 PA:0x00101d14 store:0x4589f681 load:0x3f7d1f60
d1492287	flw	f5,-748(x18)	 f18:0x00102000  f5=0x00000000 PA:0x00101d14 store:0x3f7d1f60
00b276d3	fadd.s	f13,f4,f11	  f4:0x00000000 f11:0x0000005f f13=0x00000000
003a0613	addi	x12,x20,3	 x20:0x0000005d x12=0x00000060
28c7f343	fmadd.s	f6,f15,f12,f5	 f15:0x0000000b f12:0x00000060  f5:0x0000000b  f6=0x00000000
d00673d3	fcvt.s.w	f7,x12	 x12:0x00000060  f7=0x00000000
004a0813	addi	x16,x20,4	 x20:0x0000005d x16=0x00000061
d0d4ae27	fsw	f13,-740(x9)	  f9:0x00102000 f13:0x0000000d PA:0x00101d1c store:0x442d4335 load:0x4589f681
d1c4a407	flw	f8,-740(x9)	  f9:0x00102000  f8=0x00000000 PA:0x00101d1c store:0x45842f52
d0692a27	fsw	f6,-748(x18)	 f18:0x00102000  f6:0x00000001 PA:0x00101d14 store:0x458ce5f6 load:0x442d4335
d1842487	flw	f9,-744(x8)	  f8:0x00102000  f9=0x00000000 PA:0x00101d18 store:0x00000000
d1842507	flw	f10,-744(x8)	  f8:0x00102000 f10=0x00000000 PA:0x00101d18 store:0x00000000
d1492807	flw	f16,-748(x18)	 f18:0x00102000 f16=0x00000000 PA:0x00101d14 store:0x3f7d1f60
009478d3	fadd.s	f17,f8,f9	  f8:0x00102000  f9:0x00102000 f17=0x00000000
d0087953	fcvt.s.w	f18,x16	 x16:0x00000061 f18=0x00000000
80a3f9c3	fmadd.s	f19,f7,f10,f16	  f7:0x00000064 f10:0x00000004 f16:0x00000064 f19=0x00000000
005a0893	addi	x17,x20,5	 x20:0x0000005d x17=0x00000062
d008fa53	fcvt.s.w	f20,x17	 x17:0x00000062 f20=0x00000000
d114ae27	fsw	f17,-740(x9)	  f9:0x00102000 f17:0x00000062 PA:0x00101d1c store:0x442d827d load:0x458ce5f6
d1c4aa87	flw	f21,-740(x9)	  f9:0x00102000 f21=0x00000000 PA:0x00101d1c store:0x45842f52
d1392a27	fsw	f19,-748(x18)	 f18:0x00102000 f19:0x0000005c PA:0x00101d14 store:0x458fdd54 load:0x442d827d
d1842e07	flw	f28,-744(x8)	  f8:0x00102000 f28=0x00000000 PA:0x00101d18 store:0x00000000
d1842e87	flw	f29,-744(x8)	  f8:0x00102000 f29=0x00000000 PA:0x00101d18 store:0x00000000
d1492f07	flw	f30,-748(x18)	 f18:0x00102000 f30=0x00000000 PA:0x00101d14 store:0x42c40000
01caffd3	fadd.s	f31,f21,f28	 f21:0x00000000 f28:0x00020000 f31=0x00000000
006a0993	addi	x19,x20,6	 x20:0x0000005d x19=0x00000063
f1d97043	fmadd.s	f0,f18,f29,f30	 f18:0x00102000 f29:0x00000030 f30:0x00102000  f0=0x00000000
d009f0d3	fcvt.s.w	f1,x19	 x19:0x00000063  f1=0x00000000
007a0a13	addi	x20,x20,7	 x20:0x0000005d x20=0x00000064
d1f4ae27	fsw	f31,-740(x9)	  f9:0x00102000 f31:0xb4000000 PA:0x00101d1c store:0x442dc1c5 load:0x458fdd54
d1c4a107	flw	f2,-740(x9)	  f9:0x00102000  f2=0x00000000 PA:0x00101d1c store:0x3f7d1f60
d0092a27	fsw	f0,-748(x18)	 f18:0x00102000  f0:0x00000000 PA:0x00101d14 store:0x4592dc9b load:0x442dc1c5
d1842707	flw	f14,-744(x8)	  f8:0x00102000 f14=0x00000000 PA:0x00101d18 store:0x00000000
d1842787	flw	f15,-744(x8)	  f8:0x00102000 f15=0x00000000 PA:0x00101d18 store:0x00000000
d1492187	flw	f3,-748(x18)	 f18:0x00102000  f3=0x00000000 PA:0x00101d14 store:0x42c40000
00e17253	fadd.s	f4,f2,f14	  f2:0x00137fa0 f14:0x00000009  f4=0x00000000
18fa75c3	fmadd.s	f11,f20,f15,f3	 f20:0x00000064 f15:0x0000000b  f3:0x00000064 f11=0x00000000
d044ae27	fsw	f4,-740(x9)	  f9:0x00102000  f4:0x00000000 PA:0x00101d1c store:0x442e010d load:0x4592dc9b
d0b92a27	fsw	f11,-748(x18)	 f18:0x00102000 f11:0x0000005f PA:0x00101d14 store:0x4595e3cb load:0x4592dc9b
d1c4a287	flw	f5,-740(x9)	  f9:0x00102000  f5=0x00000000 PA:0x00101d1c store:0x3f7d1f60
d1842307	flw	f6,-744(x8)	  f8:0x00102000  f6=0x00000000 PA:0x00101d18 store:0x00000000
d1842607	flw	f12,-744(x8)	  f8:0x00102000 f12=0x00000000 PA:0x00101d18 store:0x00000000
d1492687	flw	f13,-748(x18)	 f18:0x00102000 f13=0x00000000 PA:0x00101d14 store:0x42c40000
0062f3d3	fadd.s	f7,f5,f6	  f5:0x00000042  f6:0x00000001  f7=0x00000000
68c0f443	fmadd.s	f8,f1,f12,f13	  f1:0x0000005e f12:0x00000060 f13:0x0000005e  f8=0x00000000
d074ae27	fsw	f7,-740(x9)	  f9:0x00102000  f7:0x00000064 PA:0x00101d1c store:0x442e4055 load:0x4595e3cb
d1c4a487	flw	f9,-740(x9)	  f9:0x00102000  f9=0x00000000 PA:0x00101d1c store:0x3f7d1f60
d1842507	flw	f10,-744(x8)	  f8:0x00102000 f10=0x00000000 PA:0x00101d18 store:0x00000000
d0892a27	fsw	f8,-748(x18)	 f18:0x00102000  f8:0x00102000 PA:0x00101d14 store:0x4598f2e4 load:0x3f7d1f60
00a4f853	fadd.s	f16,f9,f10	  f9:0x00102000 f10:0x00000004 f16=0x00000000
d104ae27	fsw	f16,-740(x9)	  f9:0x00102000 f16:0x00000061 PA:0x00101d1c store:0x442e7f9d load:0x3f7d1f60
ee7a14e3	bne	x20,x7,101090	 x20:0x00000064  x7:0x00000064
d1c4a887	flw	f17,-740(x9)	  f9:0x00102000 f17=0x00000000 PA:0x00101d1c store:0x3f7d1f60
00102ab7	lui	x21,0x102	 x21=0x00102000
00102a37	lui	x20,0x102	 x20=0x00102000
9d8a8513	addi	x10,x21,-1576	 x21:0x00102000 x10=0x001019d8
e0088b53	fmv.x.w	x22,f17	 f17:0x00000062 x22=0x442e7f9d
cf6a2c23	sw	x22,-776(x20)	 x20:0x00102000 x22:0x442e7f9d PA:0x00101cf8 store:0x442e7f9d load:0x442e7f9d
eddfe0ef	jal	x1,1000a0	  x1=0x001011c8
00054803	lbu	x16,0(x10)	 x10:0x001019d8 x16=0x0000000a PA:0x001019d8 store:0x00000000
06080663	beq	x16,x0,100110	 x16:0x0000000a  x0:0x00000000
000207b7	lui	x15,0x20	 x15=0x00020000
0107a023	sw	x16,0(x15)	 x15:0x00020000 x16:0x0000000a PA:0x00020000 store:0x0000000a load:0x00000000
00154703	lbu	x14,1(x10)	 x10:0x001019d8 x14=0x0000000a PA:0x001019d9 store:0x001011c8
04070e63	beq	x14,x0,100110	 x14:0x0000000a  x0:0x00000000
00e7a023	sw	x14,0(x15)	 x15:0x00020000 x14:0x0000000a PA:0x00020000 store:0x0000000a load:0x00000000
00254283	lbu	x5,2(x10)	 x10:0x001019d8  x5=0x00000031 PA:0x001019da store:0x00137fa0
04028863	beq	x5,x0,100110	  x5:0x00000031  x0:0x00000000
0057a023	sw	x5,0(x15)	 x15:0x00020000  x5:0x00000031 PA:0x00020000 store:0x00000031 load:0x00000000
00354303	lbu	x6,3(x10)	 x10:0x001019d8  x6=0x00000030 PA:0x001019db store:0x00000000
04030263	beq	x6,x0,100110	  x6:0x00000030  x0:0x00000000
0067a023	sw	x6,0(x15)	 x15:0x00020000  x6:0x00000030 PA:0x00020000 store:0x00000030 load:0x00000000
00454383	lbu	x7,4(x10)	 x10:0x001019d8  x7=0x00000030 PA:0x001019dc store:0x00000000
02038c63	beq	x7,x0,100110	  x7:0x00000030  x0:0x00000000
0077a023	sw	x7,0(x15)	 x15:0x00020000  x7:0x00000030 PA:0x00020000 store:0x00000030 load:0x00000000
00554583	lbu	x11,5(x10)	 x10:0x001019d8 x11=0x00000020 PA:0x001019dd store:0x00000031
02058663	beq	x11,x0,100110	 x11:0x00000020  x0:0x00000000
00b7a023	sw	x11,0(x15)	 x15:0x00020000 x11:0x00000020 PA:0x00020000 store:0x00000020 load:0x00000000
00654603	lbu	x12,6(x10)	 x10:0x001019d8 x12=0x00000046 PA:0x001019de store:0x00000030
02060063	beq	x12,x0,100110	 x12:0x00000046  x0:0x00000000
00c7a023	sw	x12,0(x15)	 x15:0x00020000 x12:0x00000046 PA:0x00020000 store:0x00000046 load:0x00000000
00754683	lbu	x13,7(x10)	 x10:0x001019d8 x13=0x0000004d PA:0x001019df store:0x00000030
00850513	addi	x10,x10,8	 x10:0x001019d8 x10=0x001019e0
00068863	beq	x13,x0,100110	 x13:0x0000004d  x0:0x00000000
00d7a023	sw	x13,0(x15)	 x15:0x00020000 x13:0x0000004d PA:0x00020000 store:0x0000004d load:0x00000000
00054803	lbu	x16,0(x10)	 x10:0x001019e0 x16=0x00000041 PA:0x001019e0 store:0x00000000
fa0810e3	bne	x16,x0,1000ac	 x16:0x00000041  x0:0x00000000
0107a023	sw	x16,0(x15)	 x15:0x00020000 x16:0x00000041 PA:0x00020000 store:0x00000041 load:0x00000000
00154703	lbu	x14,1(x10)	 x10:0x001019e0 x14=0x00000044 PA:0x001019e1 store:0x001011c8
04070e63	beq	x14,x0,100110	 x14:0x00000044  x0:0x00000000
00e7a023	sw	x14,0(x15)	 x15:0x00020000 x14:0x00000044 PA:0x00020000 store:0x00000044 load:0x00000000
00254283	lbu	x5,2(x10)	 x10:0x001019e0  x5=0x00000044 PA:0x001019e2 store:0x00137fa0
04028863	beq	x5,x0,100110	  x5:0x00000044  x0:0x00000000
0057a023	sw	x5,0(x15)	 x15:0x00020000  x5:0x00000044 PA:0x00020000 store:0x00000044 load:0x00000000
00354303	lbu	x6,3(x10)	 x10:0x001019e0  x6=0x00000073 PA:0x001019e3 store:0x00000000
04030263	beq	x6,x0,100110	  x6:0x00000073  x0:0x00000000
0067a023	sw	x6,0(x15)	 x15:0x00020000  x6:0x00000073 PA:0x00020000 store:0x00000073 load:0x00000000
00454383	lbu	x7,4(x10)	 x10:0x001019e0  x7=0x00000020 PA:0x001019e4 store:0x00000000
02038c63	beq	x7,x0,100110	  x7:0x00000020  x0:0x00000000
0077a023	sw	x7,0(x15)	 x15:0x00020000  x7:0x00000020 PA:0x00020000 store:0x00000020 load:0x00000000
00554583	lbu	x11,5(x10)	 x10:0x001019e0 x11=0x00000072 PA:0x001019e5 store:0x00000044
02058663	beq	x11,x0,100110	 x11:0x00000072  x0:0x00000000
00b7a023	sw	x11,0(x15)	 x15:0x00020000 x11:0x00000072 PA:0x00020000 store:0x00000072 load:0x00000000
00654603	lbu	x12,6(x10)	 x10:0x001019e0 x12=0x00000065 PA:0x001019e6 store:0x00000073
02060063	beq	x12,x0,100110	 x12:0x00000065  x0:0x00000000
00c7a023	sw	x12,0(x15)	 x15:0x00020000 x12:0x00000065 PA:0x00020000 store:0x00000065 load:0x00000000
00754683	lbu	x13,7(x10)	 x10:0x001019e0 x13=0x00000073 PA:0x001019e7 store:0x00000020
00850513	addi	x10,x10,8	 x10:0x001019e0 x10=0x001019e8
00068863	beq	x13,x0,100110	 x13:0x00000073  x0:0x00000000
00d7a023	sw	x13,0(x15)	 x15:0x00020000 x13:0x00000073 PA:0x00020000 store:0x00000073 load:0x00000000
00054803	lbu	x16,0(x10)	 x10:0x001019e8 x16=0x00000075 PA:0x001019e8 store:0x00000000
fa0810e3	bne	x16,x0,1000ac	 x16:0x00000075  x0:0x00000000
0107a023	sw	x16,0(x15)	 x15:0x00020000 x16:0x00000075 PA:0x00020000 store:0x00000075 load:0x00000000
00154703	lbu	x14,1(x10)	 x10:0x001019e8 x14=0x0000006c PA:0x001019e9 store:0x001011c8
04070e63	beq	x14,x0,100110	 x14:0x0000006c  x0:0x00000000
00e7a023	sw	x14,0(x15)	 x15:0x00020000 x14:0x0000006c PA:0x00020000 store:0x0000006c load:0x00000000
00254283	lbu	x5,2(x10)	 x10:0x001019e8  x5=0x00000074 PA:0x001019ea store:0x00137fa0
04028863	beq	x5,x0,100110	  x5:0x00000074  x0:0x00000000
0057a023	sw	x5,0(x15)	 x15:0x00020000  x5:0x00000074 PA:0x00020000 store:0x00000074 load:0x00000000
00354303	lbu	x6,3(x10)	 x10:0x001019e8  x6=0x00000020 PA:0x001019eb store:0x00000000
04030263	beq	x6,x0,100110	  x6:0x00000020  x0:0x00000000
0067a023	sw	x6,0(x15)	 x15:0x00020000  x6:0x00000020 PA:0x00020000 store:0x00000020 load:0x00000000
00454383	lbu	x7,4(x10)	 x10:0x001019e8  x7=0x00000069 PA:0x001019ec store:0x00000000
02038c63	beq	x7,x0,100110	  x7:0x00000069  x0:0x00000000
0077a023	sw	x7,0(x15)	 x15:0x00020000  x7:0x00000069 PA:0x00020000 store:0x00000069 load:0x00000000
00554583	lbu	x11,5(x10)	 x10:0x001019e8 x11=0x0000006e PA:0x001019ed store:0x00000074
02058663	beq	x11,x0,100110	 x11:0x0000006e  x0:0x00000000
00b7a023	sw	x11,0(x15)	 x15:0x00020000 x11:0x0000006e PA:0x00020000 store:0x0000006e load:0x00000000
00654603	lbu	x12,6(x10)	 x10:0x001019e8 x12=0x0000003a PA:0x001019ee store:0x00000020
02060063	beq	x12,x0,100110	 x12:0x0000003a  x0:0x00000000
00c7a023	sw	x12,0(x15)	 x15:0x00020000 x12:0x0000003a PA:0x00020000 store:0x0000003a load:0x00000000
00754683	lbu	x13,7(x10)	 x10:0x001019e8 x13=0x00000020 PA:0x001019ef store:0x00000069
00850513	addi	x10,x10,8	 x10:0x001019e8 x10=0x001019f0
00068863	beq	x13,x0,100110	 x13:0x00000020  x0:0x00000000
00d7a023	sw	x13,0(x15)	 x15:0x00020000 x13:0x00000020 PA:0x00020000 store:0x00000020 load:0x00000000
00054803	lbu	x16,0(x10)	 x10:0x001019f0 x16=0x00000000 PA:0x001019f0 store:0x00000000
fa0810e3	bne	x16,x0,1000ac	 x16:0x00000000  x0:0x00000000
00000513	addi	x10,x0,0	  x0:0x00000000 x10=0x00000000
00008067	jalr	x0,0(x1)	  x1:0x001011c8  x0=0x00000000
cf8a2503	lw	x10,-776(x20)	 x20:0x00102000 x10=0x442e7f9d PA:0x00101cf8 store:0x00000000
00102c37	lui	x24,0x102	 x24=0x00102000
001029b7	lui	x19,0x102	 x19=0x00102000
f4dfe0ef	jal	x1,100120	  x1=0x001011d8
01c55793	srli	x15,x10,0x1c	 x10:0x442e7f9d x15=0x00000004
00900713	addi	x14,x0,9	  x0:0x00000000 x14=0x00000009
0cf77a63	bgeu	x14,x15,1001fc	 x14:0x00000009 x15:0x00000004
03078393	addi	x7,x15,48	 x15:0x00000004  x7=0x00000034
000205b7	lui	x11,0x20	 x11=0x00020000
00451613	slli	x12,x10,0x4	 x10:0x442e7f9d x12=0x42e7f9d0
0075a023	sw	x7,0(x11)	 x11:0x00020000  x7:0x00000034 PA:0x00020000 store:0x00000034 load:0x00000000
01c65693	srli	x13,x12,0x1c	 x12:0x42e7f9d0 x13=0x00000004
00900813	addi	x16,x0,9	  x0:0x00000000 x16=0x00000009
f2d86ae3	bltu	x16,x13,100148	 x16:0x00000009 x13:0x00000004
03068e93	addi	x29,x13,48	 x13:0x00000004 x29=0x00000034
00020f37	lui	x30,0x20	 x30=0x00020000
00851f93	slli	x31,x10,0x8	 x10:0x442e7f9d x31=0x2e7f9d00
01df2023	sw	x29,0(x30)	 x30:0x00020000 x29:0x00000034 PA:0x00020000 store:0x00000034 load:0x00000000
01cfd793	srli	x15,x31,0x1c	 x31:0x2e7f9d00 x15=0x00000002
00900713	addi	x14,x0,9	  x0:0x00000000 x14=0x00000009
f2f76ae3	bltu	x14,x15,100164	 x14:0x00000009 x15:0x00000002
03078393	addi	x7,x15,48	 x15:0x00000002  x7=0x00000032
000205b7	lui	x11,0x20	 x11=0x00020000
00c51613	slli	x12,x10,0xc	 x10:0x442e7f9d x12=0xe7f9d000
0075a023	sw	x7,0(x11)	 x11:0x00020000  x7:0x00000032 PA:0x00020000 store:0x00000032 load:0x00000000
01c65693	srli	x13,x12,0x1c	 x12:0xe7f9d000 x13=0x0000000e
00900813	addi	x16,x0,9	  x0:0x00000000 x16=0x00000009
f2d86ae3	bltu	x16,x13,100180	 x16:0x00000009 x13:0x0000000e
03768893	addi	x17,x13,55	 x13:0x0000000e x17=0x00000045
00020e37	lui	x28,0x20	 x28=0x00020000
01051f93	slli	x31,x10,0x10	 x10:0x442e7f9d x31=0x7f9d0000
011e2023	sw	x17,0(x28)	 x28:0x00020000 x17:0x00000045 PA:0x00020000 store:0x00000045 load:0x00000000
01cfd793	srli	x15,x31,0x1c	 x31:0x7f9d0000 x15=0x00000007
00900713	addi	x14,x0,9	  x0:0x00000000 x14=0x00000009
0cf77a63	bgeu	x14,x15,10026c	 x14:0x00000009 x15:0x00000007
03078393	addi	x7,x15,48	 x15:0x00000007  x7=0x00000037
000205b7	lui	x11,0x20	 x11=0x00020000
01451613	slli	x12,x10,0x14	 x10:0x442e7f9d x12=0xf9d00000
0075a023	sw	x7,0(x11)	 x11:0x00020000  x7:0x00000037 PA:0x00020000 store:0x00000037 load:0x00000000
01c65693	srli	x13,x12,0x1c	 x12:0xf9d00000 x13=0x0000000f
00900813	addi	x16,x0,9	  x0:0x00000000 x16=0x00000009
f2d86ae3	bltu	x16,x13,1001b8	 x16:0x00000009 x13:0x0000000f
03768893	addi	x17,x13,55	 x13:0x0000000f x17=0x00000046
00020e37	lui	x28,0x20	 x28=0x00020000
01851f93	slli	x31,x10,0x18	 x10:0x442e7f9d x31=0x9d000000
011e2023	sw	x17,0(x28)	 x28:0x00020000 x17:0x00000046 PA:0x00020000 store:0x00000046 load:0x00000000
01cfd793	srli	x15,x31,0x1c	 x31:0x9d000000 x15=0x00000009
00900713	addi	x14,x0,9	  x0:0x00000000 x14=0x00000009
0cf77a63	bgeu	x14,x15,1002a4	 x14:0x00000009 x15:0x00000009
03078393	addi	x7,x15,48	 x15:0x00000009  x7=0x00000039
000205b7	lui	x11,0x20	 x11=0x00020000
0075a023	sw	x7,0(x11)	 x11:0x00020000  x7:0x00000039 PA:0x00020000 store:0x00000039 load:0x00000000
00f57513	andi	x10,x10,15	 x10:0x442e7f9d x10=0x0000000d
00900613	addi	x12,x0,9	  x0:0x00000000 x12=0x00000009
f2a67ae3	bgeu	x12,x10,1001ec	 x12:0x00000009 x10:0x0000000d
03750693	addi	x13,x10,55	 x10:0x0000000d x13=0x00000044
00020837	lui	x16,0x20	 x16=0x00020000
00d82023	sw	x13,0(x16)	 x16:0x00020000 x13:0x00000044 PA:0x00020000 store:0x00000044 load:0x00000000
00008067	jalr	x0,0(x1)	  x1:0x001011d8  x0=0x00000000
d20ca907	flw	f18,-736(x25)	 f25:0x00102000 f18=0x00000000 PA:0x00101d20 store:0x4592dc9b
9f4c0513	addi	x10,x24,-1548	 x24:0x00102000 x10=0x001019f4
00102ab7	lui	x21,0x102	 x21=0x00102000
d129a427	fsw	f18,-760(x19)	 f19:0x00102000 f18:0x00102000 PA:0x00101d08 store:0x43edefdf load:0x43edefdf
00000c13	addi	x24,x0,0	  x0:0x00000000 x24=0x00000000
eb5fe0ef	jal	x1,1000a0	  x1=0x001011f0
00054803	lbu	x16,0(x10)	 x10:0x001019f4 x16=0x0000000a PA:0x001019f4 store:0x00000000
06080663	beq	x16,x0,100110	 x16:0x0000000a  x0:0x00000000
000207b7	lui	x15,0x20	 x15=0x00020000
0107a023	sw	x16,0(x15)	 x15:0x00020000 x16:0x0000000a PA:0x00020000 store:0x0000000a load:0x00000000
00154703	lbu	x14,1(x10)	 x10:0x001019f4 x14=0x0000000a PA:0x001019f5 store:0x001011f0
04070e63	beq	x14,x0,100110	 x14:0x0000000a  x0:0x00000000
00e7a023	sw	x14,0(x15)	 x15:0x00020000 x14:0x0000000a PA:0x00020000 store:0x0000000a load:0x00000000
00254283	lbu	x5,2(x10)	 x10:0x001019f4  x5=0x00000050 PA:0x001019f6 store:0x00137fa0
04028863	beq	x5,x0,100110	  x5:0x00000050  x0:0x00000000
0057a023	sw	x5,0(x15)	 x15:0x00020000  x5:0x00000050 PA:0x00020000 store:0x00000050 load:0x00000000
00354303	lbu	x6,3(x10)	 x10:0x001019f4  x6=0x00000065 PA:0x001019f7 store:0x00000000
04030263	beq	x6,x0,100110	  x6:0x00000065  x0:0x00000000
0067a023	sw	x6,0(x15)	 x15:0x00020000  x6:0x00000065 PA:0x00020000 store:0x00000065 load:0x00000000
00454383	lbu	x7,4(x10)	 x10:0x001019f4  x7=0x00000072 PA:0x001019f8 store:0x00000000
02038c63	beq	x7,x0,100110	  x7:0x00000072  x0:0x00000000
0077a023	sw	x7,0(x15)	 x15:0x00020000  x7:0x00000072 PA:0x00020000 store:0x00000072 load:0x00000000
00554583	lbu	x11,5(x10)	 x10:0x001019f4 x11=0x00000066 PA:0x001019f9 store:0x00000050
02058663	beq	x11,x0,100110	 x11:0x00000066  x0:0x00000000
00b7a023	sw	x11,0(x15)	 x15:0x00020000 x11:0x00000066 PA:0x00020000 store:0x00000066 load:0x00000000
00654603	lbu	x12,6(x10)	 x10:0x001019f4 x12=0x0000006f PA:0x001019fa store:0x00000065
02060063	beq	x12,x0,100110	 x12:0x0000006f  x0:0x00000000
00c7a023	sw	x12,0(x15)	 x15:0x00020000 x12:0x0000006f PA:0x00020000 store:0x0000006f load:0x00000000
00754683	lbu	x13,7(x10)	 x10:0x001019f4 x13=0x00000072 PA:0x001019fb store:0x00000072
00850513	addi	x10,x10,8	 x10:0x001019f4 x10=0x001019fc
00068863	beq	x13,x0,100110	 x13:0x00000072  x0:0x00000000
00d7a023	sw	x13,0(x15)	 x15:0x00020000 x13:0x00000072 PA:0x00020000 store:0x00000072 load:0x00000000
00054803	lbu	x16,0(x10)	 x10:0x001019fc x16=0x0000006d PA:0x001019fc store:0x00000000
fa0810e3	bne	x16,x0,1000ac	 x16:0x0000006d  x0:0x00000000
0107a023	sw	x16,0(x15)	 x15:0x00020000 x16:0x0000006d PA:0x00020000 store:0x0000006d load:0x00000000
00154703	lbu	x14,1(x10)	 x10:0x001019fc x14=0x00000069 PA:0x001019fd store:0x001011f0
04070e63	beq	x14,x0,100110	 x14:0x00000069  x0:0x00000000
00e7a023	sw	x14,0(x15)	 x15:0x00020000 x14:0x00000069 PA:0x00020000 store:0x00000069 load:0x00000000
00254283	lbu	x5,2(x10)	 x10:0x001019fc  x5=0x0000006e PA:0x001019fe store:0x00137fa0
04028863	beq	x5,x0,100110	  x5:0x0000006e  x0:0x00000000
0057a023	sw	x5,0(x15)	 x15:0x00020000  x5:0x0000006e PA:0x00020000 store:0x0000006e load:0x00000000
00354303	lbu	x6,3(x10)	 x10:0x001019fc  x6=0x00000067 PA:0x001019ff store:0x00000000
04030263	beq	x6,x0,100110	  x6:0x00000067  x0:0x00000000
0067a023	sw	x6,0(x15)	 x15:0x00020000  x6:0x00000067 PA:0x00020000 store:0x00000067 load:0x00000000
00454383	lbu	x7,4(x10)	 x10:0x001019fc  x7=0x00000020 PA:0x00101a00 store:0x00000000
02038c63	beq	x7,x0,100110	  x7:0x00000020  x0:0x00000000
0077a023	sw	x7,0(x15)	 x15:0x00020000  x7:0x00000020 PA:0x00020000 store:0x00000020 load:0x00000000
00554583	lbu	x11,5(x10)	 x10:0x001019fc x11=0x00000032 PA:0x00101a01 store:0x0000006e
02058663	beq	x11,x0,100110	 x11:0x00000032  x0:0x00000000
00b7a023	sw	x11,0(x15)	 x15:0x00020000 x11:0x00000032 PA:0x00020000 store:0x00000032 load:0x00000000
00654603	lbu	x12,6(x10)	 x10:0x001019fc x12=0x00000030 PA:0x00101a02 store:0x00000067
02060063	beq	x12,x0,100110	 x12:0x00000030  x0:0x00000000
00c7a023	sw	x12,0(x15)	 x15:0x00020000 x12:0x00000030 PA:0x00020000 store:0x00000030 load:0x00000000
00754683	lbu	x13,7(x10)	 x10:0x001019fc x13=0x00000020 PA:0x00101a03 store:0x00000020
00850513	addi	x10,x10,8	 x10:0x001019fc x10=0x00101a04
00068863	beq	x13,x0,100110	 x13:0x00000020  x0:0x00000000
00d7a023	sw	x13,0(x15)	 x15:0x00020000 x13:0x00000020 PA:0x00020000 store:0x00000020 load:0x00000000
00054803	lbu	x16,0(x10)	 x10:0x00101a04 x16=0x00000064 PA:0x00101a04 store:0x00000000
fa0810e3	bne	x16,x0,1000ac	 x16:0x00000064  x0:0x00000000
0107a023	sw	x16,0(x15)	 x15:0x00020000 x16:0x00000064 PA:0x00020000 store:0x00000064 load:0x00000000
00154703	lbu	x14,1(x10)	 x10:0x00101a04 x14=0x00000069 PA:0x00101a05 store:0x001011f0
04070e63	beq	x14,x0,100110	 x14:0x00000069  x0:0x00000000
00e7a023	sw	x14,0(x15)	 x15:0x00020000 x14:0x00000069 PA:0x00020000 store:0x00000069 load:0x00000000
00254283	lbu	x5,2(x10)	 x10:0x00101a04  x5=0x00000076 PA:0x00101a06 store:0x00137fa0
04028863	beq	x5,x0,100110	  x5:0x00000076  x0:0x00000000
0057a023	sw	x5,0(x15)	 x15:0x00020000  x5:0x00000076 PA:0x00020000 store:0x00000076 load:0x00000000
00354303	lbu	x6,3(x10)	 x10:0x00101a04  x6=0x00000069 PA:0x00101a07 store:0x00000000
04030263	beq	x6,x0,100110	  x6:0x00000069  x0:0x00000000
0067a023	sw	x6,0(x15)	 x15:0x00020000  x6:0x00000069 PA:0x00020000 store:0x00000069 load:0x00000000
00454383	lbu	x7,4(x10)	 x10:0x00101a04  x7=0x00000073 PA:0x00101a08 store:0x00000000
02038c63	beq	x7,x0,100110	  x7:0x00000073  x0:0x00000000
0077a023	sw	x7,0(x15)	 x15:0x00020000  x7:0x00000073 PA:0x00020000 store:0x00000073 load:0x00000000
00554583	lbu	x11,5(x10)	 x10:0x00101a04 x11=0x00000069 PA:0x00101a09 store:0x00000076
02058663	beq	x11,x0,100110	 x11:0x00000069  x0:0x00000000
00b7a023	sw	x11,0(x15)	 x15:0x00020000 x11:0x00000069 PA:0x00020000 store:0x00000069 load:0x00000000
00654603	lbu	x12,6(x10)	 x10:0x00101a04 x12=0x0000006f PA:0x00101a0a store:0x00000069
02060063	beq	x12,x0,100110	 x12:0x0000006f  x0:0x00000000
00c7a023	sw	x12,0(x15)	 x15:0x00020000 x12:0x0000006f PA:0x00020000 store:0x0000006f load:0x00000000
00754683	lbu	x13,7(x10)	 x10:0x00101a04 x13=0x0000006e PA:0x00101a0b store:0x00000073
00850513	addi	x10,x10,8	 x10:0x00101a04 x10=0x00101a0c
00068863	beq	x13,x0,100110	 x13:0x0000006e  x0:0x00000000
00d7a023	sw	x13,0(x15)	 x15:0x00020000 x13:0x0000006e PA:0x00020000 store:0x0000006e load:0x00000000
00054803	lbu	x16,0(x10)	 x10:0x00101a0c x16=0x00000073 PA:0x00101a0c store:0x00000000
fa0810e3	bne	x16,x0,1000ac	 x16:0x00000073  x0:0x00000000
0107a023	sw	x16,0(x15)	 x15:0x00020000 x16:0x00000073 PA:0x00020000 store:0x00000073 load:0x00000000
00154703	lbu	x14,1(x10)	 x10:0x00101a0c x14=0x0000003a PA:0x00101a0d store:0x001011f0
04070e63	beq	x14,x0,100110	 x14:0x0000003a  x0:0x00000000
00e7a023	sw	x14,0(x15)	 x15:0x00020000 x14:0x0000003a PA:0x00020000 store:0x0000003a load:0x00000000
00254283	lbu	x5,2(x10)	 x10:0x00101a0c  x5=0x00000000 PA:0x00101a0e store:0x00137fa0
04028863	beq	x5,x0,100110	  x5:0x00000000  x0:0x00000000
00000513	addi	x10,x0,0	  x0:0x00000000 x10=0x00000000
00008067	jalr	x0,0(x1)	  x1:0x001011f0  x0=0x00000000
00102b37	lui	x22,0x102	 x22=0x00102000
01400d13	addi	x26,x0,20	  x0:0x00000000 x26=0x00000014
d089a987	flw	f19,-760(x19)	 f19:0x00102000 f19=0x00000000 PA:0x00101d08 store:0x4598f2e4
d24baa07	flw	f20,-732(x23)	 f23:0x00102000 f20=0x00000000 PA:0x00101d24 store:0x442e010d
a10a8513	addi	x10,x21,-1520	 x21:0x00102000 x10=0x00101a10
1949fad3	fdiv.s	f21,f19,f20	 f19:0x00102000 f20:0x00102000 f21=0x00000000
d159a427	fsw	f21,-760(x19)	 f19:0x00102000 f21:0x00102000 PA:0x00101d08 store:0x40771efb load:0x42f67c6a
d089ae07	flw	f28,-760(x19)	 f19:0x00102000 f28=0x00000000 PA:0x00101d08 store:0x4598f2e4
e00e0dd3	fmv.x.w	x27,f28	 f28:0x00020000 x27=0x40771efb
cfba2c23	sw	x27,-776(x20)	 x20:0x00102000 x27:0x40771efb PA:0x00101cf8 store:0x40771efb load:0x40771efb
e89fe0ef	jal	x1,1000a0	  x1=0x0010121c
00054803	lbu	x16,0(x10)	 x10:0x00101a10 x16=0x0000000a PA:0x00101a10 store:0x00000000
06080663	beq	x16,x0,100110	 x16:0x0000000a  x0:0x00000000
000207b7	lui	x15,0x20	 x15=0x00020000
0107a023	sw	x16,0(x15)	 x15:0x00020000 x16:0x0000000a PA:0x00020000 store:0x0000000a load:0x00000000
00154703	lbu	x14,1(x10)	 x10:0x00101a10 x14=0x00000020 PA:0x00101a11 store:0x0010121c
04070e63	beq	x14,x0,100110	 x14:0x00000020  x0:0x00000000
00e7a023	sw	x14,0(x15)	 x15:0x00020000 x14:0x00000020 PA:0x00020000 store:0x00000020 load:0x00000000
00254283	lbu	x5,2(x10)	 x10:0x00101a10  x5=0x00000069 PA:0x00101a12 store:0x00137fa0
04028863	beq	x5,x0,100110	  x5:0x00000069  x0:0x00000000
0057a023	sw	x5,0(x15)	 x15:0x00020000  x5:0x00000069 PA:0x00020000 store:0x00000069 load:0x00000000
00354303	lbu	x6,3(x10)	 x10:0x00101a10  x6=0x0000003d PA:0x00101a13 store:0x00000000
04030263	beq	x6,x0,100110	  x6:0x0000003d  x0:0x00000000
0067a023	sw	x6,0(x15)	 x15:0x00020000  x6:0x0000003d PA:0x00020000 store:0x0000003d load:0x00000000
00454383	lbu	x7,4(x10)	 x10:0x00101a10  x7=0x00000000 PA:0x00101a14 store:0x00000000
02038c63	beq	x7,x0,100110	  x7:0x00000000  x0:0x00000000
00000513	addi	x10,x0,0	  x0:0x00000000 x10=0x00000000
00008067	jalr	x0,0(x1)	  x1:0x0010121c  x0=0x00000000
000c0513	addi	x10,x24,0	 x24:0x00000000 x10=0x00000000
f01fe0ef	jal	x1,100120	  x1=0x00101224
01c55793	srli	x15,x10,0x1c	 x10:0x00000000 x15=0x00000000
00900713	addi	x14,x0,9	  x0:0x00000000 x14=0x00000009
0cf77a63	bgeu	x14,x15,1001fc	 x14:0x00000009 x15:0x00000000
03078393	addi	x7,x15,48	 x15:0x00000000  x7=0x00000030
000205b7	lui	x11,0x20	 x11=0x00020000
00451613	slli	x12,x10,0x4	 x10:0x00000000 x12=0x00000000
0075a023	sw	x7,0(x11)	 x11:0x00020000  x7:0x00000030 PA:0x00020000 store:0x00000030 load:0x00000000
01c65693	srli	x13,x12,0x1c	 x12:0x00000000 x13=0x00000000
00900813	addi	x16,x0,9	  x0:0x00000000 x16=0x00000009
f2d86ae3	bltu	x16,x13,100148	 x16:0x00000009 x13:0x00000000
03068e93	addi	x29,x13,48	 x13:0x00000000 x29=0x00000030
00020f37	lui	x30,0x20	 x30=0x00020000
00851f93	slli	x31,x10,0x8	 x10:0x00000000 x31=0x00000000
01df2023	sw	x29,0(x30)	 x30:0x00020000 x29:0x00000030 PA:0x00020000 store:0x00000030 load:0x00000000
01cfd793	srli	x15,x31,0x1c	 x31:0x00000000 x15=0x00000000
00900713	addi	x14,x0,9	  x0:0x00000000 x14=0x00000009
f2f76ae3	bltu	x14,x15,100164	 x14:0x00000009 x15:0x00000000
03078393	addi	x7,x15,48	 x15:0x00000000  x7=0x00000030
000205b7	lui	x11,0x20	 x11=0x00020000
00c51613	slli	x12,x10,0xc	 x10:0x00000000 x12=0x00000000
0075a023	sw	x7,0(x11)	 x11:0x00020000  x7:0x00000030 PA:0x00020000 store:0x00000030 load:0x00000000
01c65693	srli	x13,x12,0x1c	 x12:0x00000000 x13=0x00000000
00900813	addi	x16,x0,9	  x0:0x00000000 x16=0x00000009
f2d86ae3	bltu	x16,x13,100180	 x16:0x00000009 x13:0x00000000
03068e93	addi	x29,x13,48	 x13:0x00000000 x29=0x00000030
00020f37	lui	x30,0x20	 x30=0x00020000
01051f93	slli	x31,x10,0x10	 x10:0x00000000 x31=0x00000000
01df2023	sw	x29,0(x30)	 x30:0x00020000 x29:0x00000030 PA:0x00020000 store:0x00000030 load:0x00000000
01cfd793	srli	x15,x31,0x1c	 x31:0x00000000 x15=0x00000000
00900713	addi	x14,x0,9	  x0:0x00000000 x14=0x00000009
f2f76ae3	bltu	x14,x15,10019c	 x14:0x00000009 x15:0x00000000
03078393	addi	x7,x15,48	 x15:0x00000000  x7=0x00000030
000205b7	lui	x11,0x20	 x11=0x00020000
01451613	slli	x12,x10,0x14	 x10:0x00000000 x12=0x00000000
0075a023	sw	x7,0(x11)	 x11:0x00020000  x7:0x00000030 PA:0x00020000 store:0x00000030 load:0x00000000
01c65693	srli	x13,x12,0x1c	 x12:0x00000000 x13=0x00000000
00900813	addi	x16,x0,9	  x0:0x00000000 x16=0x00000009
f2d86ae3	bltu	x16,x13,1001b8	 x16:0x00000009 x13:0x00000000
03068e93	addi	x29,x13,48	 x13:0x00000000 x29=0x00000030
00020f37	lui	x30,0x20	 x30=0x00020000
01851f93	slli	x31,x10,0x18	 x10:0x00000000 x31=0x00000000
01df2023	sw	x29,0(x30)	 x30:0x00020000 x29:0x00000030 PA:0x00020000 store:0x00000030 load:0x00000000
01cfd793	srli	x15,x31,0x1c	 x31:0x00000000 x15=0x00000000
00900713	addi	x14,x0,9	  x0:0x00000000 x14=0x00000009
f2f76ae3	bltu	x14,x15,1001d4	 x14:0x00000009 x15:0x00000000
03078393	addi	x7,x15,48	 x15:0x00000000  x7=0x00000030
000205b7	lui	x11,0x20	 x11=0x00020000
0075a023	sw	x7,0(x11)	 x11:0x00020000  x7:0x00000030 PA:0x00020000 store:0x00000030 load:0x00000000
00f57513	andi	x10,x10,15	 x10:0x00000000 x10=0x00000000
00900613	addi	x12,x0,9	  x0:0x00000000 x12=0x00000009
f2a67ae3	bgeu	x12,x10,1001ec	 x12:0x00000009 x10:0x00000000
03050893	addi	x17,x10,48	 x10:0x00000000 x17=0x00000030
00020e37	lui	x28,0x20	 x28=0x00020000
011e2023	sw	x17,0(x28)	 x28:0x00020000 x17:0x00000030 PA:0x00020000 store:0x00000030 load:0x00000000
00008067	jalr	x0,0(x1)	  x1:0x00101224  x0=0x00000000
a18b0513	addi	x10,x22,-1512	 x22:0x00102000 x10=0x00101a18
e79fe0ef	jal	x1,1000a0	  x1=0x0010122c
00054803	lbu	x16,0(x10)	 x10:0x00101a18 x16=0x00000020 PA:0x00101a18 store:0x00000000
06080663	beq	x16,x0,100110	 x16:0x00000020  x0:0x00000000
000207b7	lui	x15,0x20	 x15=0x00020000
0107a023	sw	x16,0(x15)	 x15:0x00020000 x16:0x00000020 PA:0x00020000 store:0x00000020 load:0x00000000
00154703	lbu	x14,1(x10)	 x10:0x00101a18 x14=0x00000072 PA:0x00101a19 store:0x0010122c
04070e63	beq	x14,x0,100110	 x14:0x00000072  x0:0x00000000
00e7a023	sw	x14,0(x15)	 x15:0x00020000 x14:0x00000072 PA:0x00020000 store:0x00000072 load:0x00000000
00254283	lbu	x5,2(x10)	 x10:0x00101a18  x5=0x00000065 PA:0x00101a1a store:0x00137fa0
04028863	beq	x5,x0,100110	  x5:0x00000065  x0:0x00000000
0057a023	sw	x5,0(x15)	 x15:0x00020000  x5:0x00000065 PA:0x00020000 store:0x00000065 load:0x00000000
00354303	lbu	x6,3(x10)	 x10:0x00101a18  x6=0x00000073 PA:0x00101a1b store:0x00000000
04030263	beq	x6,x0,100110	  x6:0x00000073  x0:0x00000000
0067a023	sw	x6,0(x15)	 x15:0x00020000  x6:0x00000073 PA:0x00020000 store:0x00000073 load:0x00000000
00454383	lbu	x7,4(x10)	 x10:0x00101a18  x7=0x00000075 PA:0x00101a1c store:0x00000000
02038c63	beq	x7,x0,100110	  x7:0x00000075  x0:0x00000000
0077a023	sw	x7,0(x15)	 x15:0x00020000  x7:0x00000075 PA:0x00020000 store:0x00000075 load:0x00000000
00554583	lbu	x11,5(x10)	 x10:0x00101a18 x11=0x0000006c PA:0x00101a1d store:0x00000065
02058663	beq	x11,x0,100110	 x11:0x0000006c  x0:0x00000000
00b7a023	sw	x11,0(x15)	 x15:0x00020000 x11:0x0000006c PA:0x00020000 store:0x0000006c load:0x00000000
00654603	lbu	x12,6(x10)	 x10:0x00101a18 x12=0x00000074 PA:0x00101a1e store:0x00000073
02060063	beq	x12,x0,100110	 x12:0x00000074  x0:0x00000000
00c7a023	sw	x12,0(x15)	 x15:0x00020000 x12:0x00000074 PA:0x00020000 store:0x00000074 load:0x00000000
00754683	lbu	x13,7(x10)	 x10:0x00101a18 x13=0x0000003a PA:0x00101a1f store:0x00000075
00850513	addi	x10,x10,8	 x10:0x00101a18 x10=0x00101a20
00068863	beq	x13,x0,100110	 x13:0x0000003a  x0:0x00000000
00d7a023	sw	x13,0(x15)	 x15:0x00020000 x13:0x0000003a PA:0x00020000 store:0x0000003a load:0x00000000
00054803	lbu	x16,0(x10)	 x10:0x00101a20 x16=0x00000020 PA:0x00101a20 store:0x00000000
fa0810e3	bne	x16,x0,1000ac	 x16:0x00000020  x0:0x00000000
0107a023	sw	x16,0(x15)	 x15:0x00020000 x16:0x00000020 PA:0x00020000 store:0x00000020 load:0x00000000
00154703	lbu	x14,1(x10)	 x10:0x00101a20 x14=0x00000000 PA:0x00101a21 store:0x0010122c
04070e63	beq	x14,x0,100110	 x14:0x00000000  x0:0x00000000
00000513	addi	x10,x0,0	  x0:0x00000000 x10=0x00000000
00008067	jalr	x0,0(x1)	  x1:0x0010122c  x0=0x00000000
cf8a2503	lw	x10,-776(x20)	 x20:0x00102000 x10=0x40771efb PA:0x00101cf8 store:0x00000000
001c0d93	addi	x27,x24,1	 x24:0x00000000 x27=0x00000001
eedfe0ef	jal	x1,100120	  x1=0x00101238
01c55793	srli	x15,x10,0x1c	 x10:0x40771efb x15=0x00000004
00900713	addi	x14,x0,9	  x0:0x00000000 x14=0x00000009
0cf77a63	bgeu	x14,x15,1001fc	 x14:0x00000009 x15:0x00000004
03078393	addi	x7,x15,48	 x15:0x00000004  x7=0x00000034
000205b7	lui	x11,0x20	 x11=0x00020000
00451613	slli	x12,x10,0x4	 x10:0x40771efb x12=0x0771efb0
0075a023	sw	x7,0(x11)	 x11:0x00020000  x7:0x00000034 PA:0x00020000 store:0x00000034 load:0x00000000
01c65693	srli	x13,x12,0x1c	 x12:0x0771efb0 x13=0x00000000
00900813	addi	x16,x0,9	  x0:0x00000000 x16=0x00000009
f2d86ae3	bltu	x16,x13,100148	 x16:0x00000009 x13:0x00000000
03068e93	addi	x29,x13,48	 x13:0x00000000 x29=0x00000030
00020f37	lui	x30,0x20	 x30=0x00020000
00851f93	slli	x31,x10,0x8	 x10:0x40771efb x31=0x771efb00
01df2023	sw	x29,0(x30)	 x30:0x00020000 x29:0x00000030 PA:0x00020000 store:0x00000030 load:0x00000000
01cfd793	srli	x15,x31,0x1c	 x31:0x771efb00 x15=0x00000007
00900713	addi	x14,x0,9	  x0:0x00000000 x14=0x00000009
f2f76ae3	bltu	x14,x15,100164	 x14:0x00000009 x15:0x00000007
03078393	addi	x7,x15,48	 x15:0x00000007  x7=0x00000037
000205b7	lui	x11,0x20	 x11=0x00020000
00c51613	slli	x12,x10,0xc	 x10:0x40771efb x12=0x71efb000
0075a023	sw	x7,0(x11)	 x11:0x00020000  x7:0x00000037 PA:0x00020000 store:0x00000037 load:0x00000000
01c65693	srli	x13,x12,0x1c	 x12:0x71efb000 x13=0x00000007
00900813	addi	x16,x0,9	  x0:0x00000000 x16=0x00000009
f2d86ae3	bltu	x16,x13,100180	 x16:0x00000009 x13:0x00000007
03068e93	addi	x29,x13,48	 x13:0x00000007 x29=0x00000037
00020f37	lui	x30,0x20	 x30=0x00020000
01051f93	slli	x31,x10,0x10	 x10:0x40771efb x31=0x1efb0000
01df2023	sw	x29,0(x30)	 x30:0x00020000 x29:0x00000037 PA:0x00020000 store:0x00000037 load:0x00000000
01cfd793	srli	x15,x31,0x1c	 x31:0x1efb0000 x15=0x00000001
00900713	addi	x14,x0,9	  x0:0x00000000 x14=0x00000009
f2f76ae3	bltu	x14,x15,10019c	 x14:0x00000009 x15:0x00000001
03078393	addi	x7,x15,48	 x15:0x00000001  x7=0x00000031
000205b7	lui	x11,0x20	 x11=0x00020000
01451613	slli	x12,x10,0x14	 x10:0x40771efb x12=0xefb00000
0075a023	sw	x7,0(x11)	 x11:0x00020000  x7:0x00000031 PA:0x00020000 store:0x00000031 load:0x00000000
01c65693	srli	x13,x12,0x1c	 x12:0xefb00000 x13=0x0000000e
00900813	addi	x16,x0,9	  x0:0x00000000 x16=0x00000009
f2d86ae3	bltu	x16,x13,1001b8	 x16:0x00000009 x13:0x0000000e
03768893	addi	x17,x13,55	 x13:0x0000000e x17=0x00000045
00020e37	lui	x28,0x20	 x28=0x00020000
01851f93	slli	x31,x10,0x18	 x10:0x40771efb x31=0xfb000000
011e2023	sw	x17,0(x28)	 x28:0x00020000 x17:0x00000045 PA:0x00020000 store:0x00000045 load:0x00000000
01cfd793	srli	x15,x31,0x1c	 x31:0xfb000000 x15=0x0000000f
00900713	addi	x14,x0,9	  x0:0x00000000 x14=0x00000009
0cf77a63	bgeu	x14,x15,1002a4	 x14:0x00000009 x15:0x0000000f
03778293	addi	x5,x15,55	 x15:0x0000000f  x5=0x00000046
00020337	lui	x6,0x20	  x6=0x00020000
00532023	sw	x5,0(x6)	  x6:0x00020000  x5:0x00000046 PA:0x00020000 store:0x00000046 load:0x00000000
00f57513	andi	x10,x10,15	 x10:0x40771efb x10=0x0000000b
00900613	addi	x12,x0,9	  x0:0x00000000 x12=0x00000009
0ca66a63	bltu	x12,x10,1002bc	 x12:0x00000009 x10:0x0000000b
03750693	addi	x13,x10,55	 x10:0x0000000b x13=0x00000042
00020837	lui	x16,0x20	 x16=0x00020000
00d82023	sw	x13,0(x16)	 x16:0x00020000 x13:0x00000042 PA:0x00020000 store:0x00000042 load:0x00000000
00008067	jalr	x0,0(x1)	  x1:0x00101238  x0=0x00000000
d089ae87	flw	f29,-760(x19)	 f19:0x00102000 f29=0x00000000 PA:0x00101d08 store:0x4598f2e4
d24baf07	flw	f30,-732(x23)	 f23:0x00102000 f30=0x00000000 PA:0x00101d24 store:0x442e010d
a10a8513	addi	x10,x21,-1520	 x21:0x00102000 x10=0x00101a10
19eeffd3	fdiv.s	f31,f29,f30	 f29:0x00000037 f30:0x00020000 f31=0x00000000
d1f9a427	fsw	f31,-760(x19)	 f19:0x00102000 f31:0xfb000000 PA:0x00101d08 store:0x3d00546c load:0x42f67c6a
d089a007	flw	f0,-760(x19)	 f19:0x00102000  f0=0x00000000 PA:0x00101d08 store:0x4598f2e4
e0000e53	fmv.x.w	x28,f0	  f0:0x00000000 x28=0x3d00546c
cfca2c23	sw	x28,-776(x20)	 x20:0x00102000 x28:0x3d00546c PA:0x00101cf8 store:0x3d00546c load:0x3d00546c
e49fe0ef	jal	x1,1000a0	  x1=0x0010125c
00054803	lbu	x16,0(x10)	 x10:0x00101a10 x16=0x0000000a PA:0x00101a10 store:0x00000000
06080663	beq	x16,x0,100110	 x16:0x0000000a  x0:0x00000000
000207b7	lui	x15,0x20	 x15=0x00020000
0107a023	sw	x16,0(x15)	 x15:0x00020000 x16:0x0000000a PA:0x00020000 store:0x0000000a load:0x00000000
00154703	lbu	x14,1(x10)	 x10:0x00101a10 x14=0x00000020 PA:0x00101a11 store:0x0010125c
04070e63	beq	x14,x0,100110	 x14:0x00000020  x0:0x00000000
00e7a023	sw	x14,0(x15)	 x15:0x00020000 x14:0x00000020 PA:0x00020000 store:0x00000020 load:0x00000000
00254283	lbu	x5,2(x10)	 x10:0x00101a10  x5=0x00000069 PA:0x00101a12 store:0x00137fa0
04028863	beq	x5,x0,100110	  x5:0x00000069  x0:0x00000000
0057a023	sw	x5,0(x15)	 x15:0x00020000  x5:0x00000069 PA:0x00020000 store:0x00000069 load:0x00000000
00354303	lbu	x6,3(x10)	 x10:0x00101a10  x6=0x0000003d PA:0x00101a13 store:0x00000000
04030263	beq	x6,x0,100110	  x6:0x0000003d  x0:0x00000000
0067a023	sw	x6,0(x15)	 x15:0x00020000  x6:0x0000003d PA:0x00020000 store:0x0000003d load:0x00000000
00454383	lbu	x7,4(x10)	 x10:0x00101a10  x7=0x00000000 PA:0x00101a14 store:0x00000000
02038c63	beq	x7,x0,100110	  x7:0x00000000  x0:0x00000000
00000513	addi	x10,x0,0	  x0:0x00000000 x10=0x00000000
00008067	jalr	x0,0(x1)	  x1:0x0010125c  x0=0x00000000
000d8513	addi	x10,x27,0	 x27:0x00000001 x10=0x00000001
ec1fe0ef	jal	x1,100120	  x1=0x00101264
01c55793	srli	x15,x10,0x1c	 x10:0x00000001 x15=0x00000000
00900713	addi	x14,x0,9	  x0:0x00000000 x14=0x00000009
0cf77a63	bgeu	x14,x15,1001fc	 x14:0x00000009 x15:0x00000000
03078393	addi	x7,x15,48	 x15:0x00000000  x7=0x00000030
000205b7	lui	x11,0x20	 x11=0x00020000
00451613	slli	x12,x10,0x4	 x10:0x00000001 x12=0x00000010
0075a023	sw	x7,0(x11)	 x11:0x00020000  x7:0x00000030 PA:0x00020000 store:0x00000030 load:0x00000000
01c65693	srli	x13,x12,0x1c	 x12:0x00000010 x13=0x00000000
00900813	addi	x16,x0,9	  x0:0x00000000 x16=0x00000009
f2d86ae3	bltu	x16,x13,100148	 x16:0x00000009 x13:0x00000000
03068e93	addi	x29,x13,48	 x13:0x00000000 x29=0x00000030
00020f37	lui	x30,0x20	 x30=0x00020000
00851f93	slli	x31,x10,0x8	 x10:0x00000001 x31=0x00000100
01df2023	sw	x29,0(x30)	 x30:0x00020000 x29:0x00000030 PA:0x00020000 store:0x00000030 load:0x00000000
01cfd793	srli	x15,x31,0x1c	 x31:0x00000100 x15=0x00000000
00900713	addi	x14,x0,9	  x0:0x00000000 x14=0x00000009
f2f76ae3	bltu	x14,x15,100164	 x14:0x00000009 x15:0x00000000
03078393	addi	x7,x15,48	 x15:0x00000000  x7=0x00000030
000205b7	lui	x11,0x20	 x11=0x00020000
00c51613	slli	x12,x10,0xc	 x10:0x00000001 x12=0x00001000
0075a023	sw	x7,0(x11)	 x11:0x00020000  x7:0x00000030 PA:0x00020000 store:0x00000030 load:0x00000000
01c65693	srli	x13,x12,0x1c	 x12:0x00001000 x13=0x00000000
00900813	addi	x16,x0,9	  x0:0x00000000 x16=0x00000009
f2d86ae3	bltu	x16,x13,100180	 x16:0x00000009 x13:0x00000000
03068e93	addi	x29,x13,48	 x13:0x00000000 x29=0x00000030
00020f37	lui	x30,0x20	 x30=0x00020000
01051f93	slli	x31,x10,0x10	 x10:0x00000001 x31=0x00010000
01df2023	sw	x29,0(x30)	 x30:0x00020000 x29:0x00000030 PA:0x00020000 store:0x00000030 load:0x00000000
01cfd793	srli	x15,x31,0x1c	 x31:0x00010000 x15=0x00000000
00900713	addi	x14,x0,9	  x0:0x00000000 x14=0x00000009
f2f76ae3	bltu	x14,x15,10019c	 x14:0x00000009 x15:0x00000000
03078393	addi	x7,x15,48	 x15:0x00000000  x7=0x00000030
000205b7	lui	x11,0x20	 x11=0x00020000
01451613	slli	x12,x10,0x14	 x10:0x00000001 x12=0x00100000
0075a023	sw	x7,0(x11)	 x11:0x00020000  x7:0x00000030 PA:0x00020000 store:0x00000030 load:0x00000000
01c65693	srli	x13,x12,0x1c	 x12:0x00100000 x13=0x00000000
00900813	addi	x16,x0,9	  x0:0x00000000 x16=0x00000009
f2d86ae3	bltu	x16,x13,1001b8	 x16:0x00000009 x13:0x00000000
03068e93	addi	x29,x13,48	 x13:0x00000000 x29=0x00000030
00020f37	lui	x30,0x20	 x30=0x00020000
01851f93	slli	x31,x10,0x18	 x10:0x00000001 x31=0x01000000
01df2023	sw	x29,0(x30)	 x30:0x00020000 x29:0x00000030 PA:0x00020000 store:0x00000030 load:0x00000000
01cfd793	srli	x15,x31,0x1c	 x31:0x01000000 x15=0x00000000
00900713	addi	x14,x0,9	  x0:0x00000000 x14=0x00000009
f2f76ae3	bltu	x14,x15,1001d4	 x14:0x00000009 x15:0x00000000
03078393	addi	x7,x15,48	 x15:0x00000000  x7=0x00000030
000205b7	lui	x11,0x20	 x11=0x00020000
0075a023	sw	x7,0(x11)	 x11:0x00020000  x7:0x00000030 PA:0x00020000 store:0x00000030 load:0x00000000
00f57513	andi	x10,x10,15	 x10:0x00000001 x10=0x00000001
00900613	addi	x12,x0,9	  x0:0x00000000 x12=0x00000009
f2a67ae3	bgeu	x12,x10,1001ec	 x12:0x00000009 x10:0x00000001
03050893	addi	x17,x10,48	 x10:0x00000001 x17=0x00000031
00020e37	lui	x28,0x20	 x28=0x00020000
011e2023	sw	x17,0(x28)	 x28:0x00020000 x17:0x00000031 PA:0x00020000 store:0x00000031 load:0x00000000
00008067	jalr	x0,0(x1)	  x1:0x00101264  x0=0x00000000
a18b0513	addi	x10,x22,-1512	 x22:0x00102000 x10=0x00101a18
e39fe0ef	jal	x1,1000a0	  x1=0x0010126c
00054803	lbu	x16,0(x10)	 x10:0x00101a18 x16=0x00000020 PA:0x00101a18 store:0x00000000
06080663	beq	x16,x0,100110	 x16:0x00000020  x0:0x00000000
000207b7	lui	x15,0x20	 x15=0x00020000
0107a023	sw	x16,0(x15)	 x15:0x00020000 x16:0x00000020 PA:0x00020000 store:0x00000020 load:0x00000000
00154703	lbu	x14,1(x10)	 x10:0x00101a18 x14=0x00000072 PA:0x00101a19 store:0x0010126c
04070e63	beq	x14,x0,100110	 x14:0x00000072  x0:0x00000000
00e7a023	sw	x14,0(x15)	 x15:0x00020000 x14:0x00000072 PA:0x00020000 store:0x00000072 load:0x00000000
00254283	lbu	x5,2(x10)	 x10:0x00101a18  x5=0x00000065 PA:0x00101a1a store:0x00137fa0
04028863	beq	x5,x0,100110	  x5:0x00000065  x0:0x00000000
0057a023	sw	x5,0(x15)	 x15:0x00020000  x5:0x00000065 PA:0x00020000 store:0x00000065 load:0x00000000
00354303	lbu	x6,3(x10)	 x10:0x00101a18  x6=0x00000073 PA:0x00101a1b store:0x00000000
04030263	beq	x6,x0,100110	  x6:0x00000073  x0:0x00000000
0067a023	sw	x6,0(x15)	 x15:0x00020000  x6:0x00000073 PA:0x00020000 store:0x00000073 load:0x00000000
00454383	lbu	x7,4(x10)	 x10:0x00101a18  x7=0x00000075 PA:0x00101a1c store:0x00000000
02038c63	beq	x7,x0,100110	  x7:0x00000075  x0:0x00000000
0077a023	sw	x7,0(x15)	 x15:0x00020000  x7:0x00000075 PA:0x00020000 store:0x00000075 load:0x00000000
00554583	lbu	x11,5(x10)	 x10:0x00101a18 x11=0x0000006c PA:0x00101a1d store:0x00000065
02058663	beq	x11,x0,100110	 x11:0x0000006c  x0:0x00000000
00b7a023	sw	x11,0(x15)	 x15:0x00020000 x11:0x0000006c PA:0x00020000 store:0x0000006c load:0x00000000
00654603	lbu	x12,6(x10)	 x10:0x00101a18 x12=0x00000074 PA:0x00101a1e store:0x00000073
02060063	beq	x12,x0,100110	 x12:0x00000074  x0:0x00000000
00c7a023	sw	x12,0(x15)	 x15:0x00020000 x12:0x00000074 PA:0x00020000 store:0x00000074 load:0x00000000
00754683	lbu	x13,7(x10)	 x10:0x00101a18 x13=0x0000003a PA:0x00101a1f store:0x00000075
00850513	addi	x10,x10,8	 x10:0x00101a18 x10=0x00101a20
00068863	beq	x13,x0,100110	 x13:0x0000003a  x0:0x00000000
00d7a023	sw	x13,0(x15)	 x15:0x00020000 x13:0x0000003a PA:0x00020000 store:0x0000003a load:0x00000000
00054803	lbu	x16,0(x10)	 x10:0x00101a20 x16=0x00000020 PA:0x00101a20 store:0x00000000
fa0810e3	bne	x16,x0,1000ac	 x16:0x00000020  x0:0x00000000
0107a023	sw	x16,0(x15)	 x15:0x00020000 x16:0x00000020 PA:0x00020000 store:0x00000020 load:0x00000000
00154703	lbu	x14,1(x10)	 x10:0x00101a20 x14=0x00000000 PA:0x00101a21 store:0x0010126c
04070e63	beq	x14,x0,100110	 x14:0x00000000  x0:0x00000000
00000513	addi	x10,x0,0	  x0:0x00000000 x10=0x00000000
00008067	jalr	x0,0(x1)	  x1:0x0010126c  x0=0x00000000
cf8a2503	lw	x10,-776(x20)	 x20:0x00102000 x10=0x3d00546c PA:0x00101cf8 store:0x00000000
002c0d93	addi	x27,x24,2	 x24:0x00000000 x27=0x00000002
eadfe0ef	jal	x1,100120	  x1=0x00101278
01c55793	srli	x15,x10,0x1c	 x10:0x3d00546c x15=0x00000003
00900713	addi	x14,x0,9	  x0:0x00000000 x14=0x00000009
0cf77a63	bgeu	x14,x15,1001fc	 x14:0x00000009 x15:0x00000003
03078393	addi	x7,x15,48	 x15:0x00000003  x7=0x00000033
000205b7	lui	x11,0x20	 x11=0x00020000
00451613	slli	x12,x10,0x4	 x10:0x3d00546c x12=0xd00546c0
0075a023	sw	x7,0(x11)	 x11:0x00020000  x7:0x00000033 PA:0x00020000 store:0x00000033 load:0x00000000
01c65693	srli	x13,x12,0x1c	 x12:0xd00546c0 x13=0x0000000d
00900813	addi	x16,x0,9	  x0:0x00000000 x16=0x00000009
f2d86ae3	bltu	x16,x13,100148	 x16:0x00000009 x13:0x0000000d
03768893	addi	x17,x13,55	 x13:0x0000000d x17=0x00000044
00020e37	lui	x28,0x20	 x28=0x00020000
00851f93	slli	x31,x10,0x8	 x10:0x3d00546c x31=0x00546c00
011e2023	sw	x17,0(x28)	 x28:0x00020000 x17:0x00000044 PA:0x00020000 store:0x00000044 load:0x00000000
01cfd793	srli	x15,x31,0x1c	 x31:0x00546c00 x15=0x00000000
00900713	addi	x14,x0,9	  x0:0x00000000 x14=0x00000009
0cf77a63	bgeu	x14,x15,100234	 x14:0x00000009 x15:0x00000000
03078393	addi	x7,x15,48	 x15:0x00000000  x7=0x00000030
000205b7	lui	x11,0x20	 x11=0x00020000
00c51613	slli	x12,x10,0xc	 x10:0x3d00546c x12=0x0546c000
0075a023	sw	x7,0(x11)	 x11:0x00020000  x7:0x00000030 PA:0x00020000 store:0x00000030 load:0x00000000
01c65693	srli	x13,x12,0x1c	 x12:0x0546c000 x13=0x00000000
00900813	addi	x16,x0,9	  x0:0x00000000 x16=0x00000009
f2d86ae3	bltu	x16,x13,100180	 x16:0x00000009 x13:0x00000000
03068e93	addi	x29,x13,48	 x13:0x00000000 x29=0x00000030
00020f37	lui	x30,0x20	 x30=0x00020000
01051f93	slli	x31,x10,0x10	 x10:0x3d00546c x31=0x546c0000
01df2023	sw	x29,0(x30)	 x30:0x00020000 x29:0x00000030 PA:0x00020000 store:0x00000030 load:0x00000000
01cfd793	srli	x15,x31,0x1c	 x31:0x546c0000 x15=0x00000005
00900713	addi	x14,x0,9	  x0:0x00000000 x14=0x00000009
f2f76ae3	bltu	x14,x15,10019c	 x14:0x00000009 x15:0x00000005
03078393	addi	x7,x15,48	 x15:0x00000005  x7=0x00000035
000205b7	lui	x11,0x20	 x11=0x00020000
01451613	slli	x12,x10,0x14	 x10:0x3d00546c x12=0x46c00000
0075a023	sw	x7,0(x11)	 x11:0x00020000  x7:0x00000035 PA:0x00020000 store:0x00000035 load:0x00000000
01c65693	srli	x13,x12,0x1c	 x12:0x46c00000 x13=0x00000004
00900813	addi	x16,x0,9	  x0:0x00000000 x16=0x00000009
f2d86ae3	bltu	x16,x13,1001b8	 x16:0x00000009 x13:0x00000004
03068e93	addi	x29,x13,48	 x13:0x00000004 x29=0x00000034
00020f37	lui	x30,0x20	 x30=0x00020000
01851f93	slli	x31,x10,0x18	 x10:0x3d00546c x31=0x6c000000
01df2023	sw	x29,0(x30)	 x30:0x00020000 x29:0x00000034 PA:0x00020000 store:0x00000034 load:0x00000000
01cfd793	srli	x15,x31,0x1c	 x31:0x6c000000 x15=0x00000006
00900713	addi	x14,x0,9	  x0:0x00000000 x14=0x00000009
f2f76ae3	bltu	x14,x15,1001d4	 x14:0x00000009 x15:0x00000006
03078393	addi	x7,x15,48	 x15:0x00000006  x7=0x00000036
000205b7	lui	x11,0x20	 x11=0x00020000
0075a023	sw	x7,0(x11)	 x11:0x00020000  x7:0x00000036 PA:0x00020000 store:0x00000036 load:0x00000000
00f57513	andi	x10,x10,15	 x10:0x3d00546c x10=0x0000000c
00900613	addi	x12,x0,9	  x0:0x00000000 x12=0x00000009
f2a67ae3	bgeu	x12,x10,1001ec	 x12:0x00000009 x10:0x0000000c
03750693	addi	x13,x10,55	 x10:0x0000000c x13=0x00000043
00020837	lui	x16,0x20	 x16=0x00020000
00d82023	sw	x13,0(x16)	 x16:0x00020000 x13:0x00000043 PA:0x00020000 store:0x00000043 load:0x00000000
00008067	jalr	x0,0(x1)	  x1:0x00101278  x0=0x00000000
d089a087	flw	f1,-760(x19)	 f19:0x00102000  f1=0x00000000 PA:0x00101d08 store:0x4598f2e4
d24ba107	flw	f2,-732(x23)	 f23:0x00102000  f2=0x00000000 PA:0x00101d24 store:0x442e010d
a10a8513	addi	x10,x21,-1520	 x21:0x00102000 x10=0x00101a10
1820f753	fdiv.s	f14,f1,f2	  f1:0x00101278  f2:0x00137fa0 f14=0x00000000
d0e9a427	fsw	f14,-760(x19)	 f19:0x00102000 f14:0x00000009 PA:0x00101d08 store:0x3985487a load:0x42f67c6a
d089a787	flw	f15,-760(x19)	 f19:0x00102000 f15=0x00000000 PA:0x00101d08 store:0x4598f2e4
e0078ed3	fmv.x.w	x29,f15	 f15:0x00000006 x29=0x3985487a
cfda2c23	sw	x29,-776(x20)	 x20:0x00102000 x29:0x3985487a PA:0x00101cf8 store:0x3985487a load:0x3985487a
e09fe0ef	jal	x1,1000a0	  x1=0x0010129c
00054803	lbu	x16,0(x10)	 x10:0x00101a10 x16=0x0000000a PA:0x00101a10 store:0x00000000
06080663	beq	x16,x0,100110	 x16:0x0000000a  x0:0x00000000
000207b7	lui	x15,0x20	 x15=0x00020000
0107a023	sw	x16,0(x15)	 x15:0x00020000 x16:0x0000000a PA:0x00020000 store:0x0000000a load:0x00000000
00154703	lbu	x14,1(x10)	 x10:0x00101a10 x14=0x00000020 PA:0x00101a11 store:0x0010129c
04070e63	beq	x14,x0,100110	 x14:0x00000020  x0:0x00000000
00e7a023	sw	x14,0(x15)	 x15:0x00020000 x14:0x00000020 PA:0x00020000 store:0x00000020 load:0x00000000
00254283	lbu	x5,2(x10)	 x10:0x00101a10  x5=0x00000069 PA:0x00101a12 store:0x00137fa0
04028863	beq	x5,x0,100110	  x5:0x00000069  x0:0x00000000
0057a023	sw	x5,0(x15)	 x15:0x00020000  x5:0x00000069 PA:0x00020000 store:0x00000069 load:0x00000000
00354303	lbu	x6,3(x10)	 x10:0x00101a10  x6=0x0000003d PA:0x00101a13 store:0x00000000
04030263	beq	x6,x0,100110	  x6:0x0000003d  x0:0x00000000
0067a023	sw	x6,0(x15)	 x15:0x00020000  x6:0x0000003d PA:0x00020000 store:0x0000003d load:0x00000000
00454383	lbu	x7,4(x10)	 x10:0x00101a10  x7=0x00000000 PA:0x00101a14 store:0x00000000
02038c63	beq	x7,x0,100110	  x7:0x00000000  x0:0x00000000
00000513	addi	x10,x0,0	  x0:0x00000000 x10=0x00000000
00008067	jalr	x0,0(x1)	  x1:0x0010129c  x0=0x00000000
000d8513	addi	x10,x27,0	 x27:0x00000002 x10=0x00000002
e81fe0ef	jal	x1,100120	  x1=0x001012a4
01c55793	srli	x15,x10,0x1c	 x10:0x00000002 x15=0x00000000
00900713	addi	x14,x0,9	  x0:0x00000000 x14=0x00000009
0cf77a63	bgeu	x14,x15,1001fc	 x14:0x00000009 x15:0x00000000
03078393	addi	x7,x15,48	 x15:0x00000000  x7=0x00000030
000205b7	lui	x11,0x20	 x11=0x00020000
00451613	slli	x12,x10,0x4	 x10:0x00000002 x12=0x00000020
0075a023	sw	x7,0(x11)	 x11:0x00020000  x7:0x00000030 PA:0x00020000 store:0x00000030 load:0x00000000
01c65693	srli	x13,x12,0x1c	 x12:0x00000020 x13=0x00000000
00900813	addi	x16,x0,9	  x0:0x00000000 x16=0x00000009
f2d86ae3	bltu	x16,x13,100148	 x16:0x00000009 x13:0x00000000
03068e93	addi	x29,x13,48	 x13:0x00000000 x29=0x00000030
00020f37	lui	x30,0x20	 x30=0x00020000
00851f93	slli	x31,x10,0x8	 x10:0x00000002 x31=0x00000200
01df2023	sw	x29,0(x30)	 x30:0x00020000 x29:0x00000030 PA:0x00020000 store:0x00000030 load:0x00000000
01cfd793	srli	x15,x31,0x1c	 x31:0x00000200 x15=0x00000000
00900713	addi	x14,x0,9	  x0:0x00000000 x14=0x00000009
f2f76ae3	bltu	x14,x15,100164	 x14:0x00000009 x15:0x00000000
03078393	addi	x7,x15,48	 x15:0x00000000  x7=0x00000030
000205b7	lui	x11,0x20	 x11=0x00020000
00c51613	slli	x12,x10,0xc	 x10:0x00000002 x12=0x00002000
0075a023	sw	x7,0(x11)	 x11:0x00020000  x7:0x00000030 PA:0x00020000 store:0x00000030 load:0x00000000
01c65693	srli	x13,x12,0x1c	 x12:0x00002000 x13=0x00000000
00900813	addi	x16,x0,9	  x0:0x00000000 x16=0x00000009
f2d86ae3	bltu	x16,x13,100180	 x16:0x00000009 x13:0x00000000
03068e93	addi	x29,x13,48	 x13:0x00000000 x29=0x00000030
00020f37	lui	x30,0x20	 x30=0x00020000
01051f93	slli	x31,x10,0x10	 x10:0x00000002 x31=0x00020000
01df2023	sw	x29,0(x30)	 x30:0x00020000 x29:0x00000030 PA:0x00020000 store:0x00000030 load:0x00000000
01cfd793	srli	x15,x31,0x1c	 x31:0x00020000 x15=0x00000000
00900713	addi	x14,x0,9	  x0:0x00000000 x14=0x00000009
f2f76ae3	bltu	x14,x15,10019c	 x14:0x00000009 x15:0x00000000
03078393	addi	x7,x15,48	 x15:0x00000000  x7=0x00000030
000205b7	lui	x11,0x20	 x11=0x00020000
01451613	slli	x12,x10,0x14	 x10:0x00000002 x12=0x00200000
0075a023	sw	x7,0(x11)	 x11:0x00020000  x7:0x00000030 PA:0x00020000 store:0x00000030 load:0x00000000
01c65693	srli	x13,x12,0x1c	 x12:0x00200000 x13=0x00000000
00900813	addi	x16,x0,9	  x0:0x00000000 x16=0x00000009
f2d86ae3	bltu	x16,x13,1001b8	 x16:0x00000009 x13:0x00000000
03068e93	addi	x29,x13,48	 x13:0x00000000 x29=0x00000030
00020f37	lui	x30,0x20	 x30=0x00020000
01851f93	slli	x31,x10,0x18	 x10:0x00000002 x31=0x02000000
01df2023	sw	x29,0(x30)	 x30:0x00020000 x29:0x00000030 PA:0x00020000 store:0x00000030 load:0x00000000
01cfd793	srli	x15,x31,0x1c	 x31:0x02000000 x15=0x00000000
00900713	addi	x14,x0,9	  x0:0x00000000 x14=0x00000009
f2f76ae3	bltu	x14,x15,1001d4	 x14:0x00000009 x15:0x00000000
03078393	addi	x7,x15,48	 x15:0x00000000  x7=0x00000030
000205b7	lui	x11,0x20	 x11=0x00020000
0075a023	sw	x7,0(x11)	 x11:0x00020000  x7:0x00000030 PA:0x00020000 store:0x00000030 load:0x00000000
00f57513	andi	x10,x10,15	 x10:0x00000002 x10=0x00000002
00900613	addi	x12,x0,9	  x0:0x00000000 x12=0x00000009
f2a67ae3	bgeu	x12,x10,1001ec	 x12:0x00000009 x10:0x00000002
03050893	addi	x17,x10,48	 x10:0x00000002 x17=0x00000032
00020e37	lui	x28,0x20	 x28=0x00020000
011e2023	sw	x17,0(x28)	 x28:0x00020000 x17:0x00000032 PA:0x00020000 store:0x00000032 load:0x00000000
00008067	jalr	x0,0(x1)	  x1:0x001012a4  x0=0x00000000
a18b0513	addi	x10,x22,-1512	 x22:0x00102000 x10=0x00101a18
df9fe0ef	jal	x1,1000a0	  x1=0x001012ac
00054803	lbu	x16,0(x10)	 x10:0x00101a18 x16=0x00000020 PA:0x00101a18 store:0x00000000
06080663	beq	x16,x0,100110	 x16:0x00000020  x0:0x00000000
000207b7	lui	x15,0x20	 x15=0x00020000
0107a023	sw	x16,0(x15)	 x15:0x00020000 x16:0x00000020 PA:0x00020000 store:0x00000020 load:0x00000000
00154703	lbu	x14,1(x10)	 x10:0x00101a18 x14=0x00000072 PA:0x00101a19 store:0x001012ac
04070e63	beq	x14,x0,100110	 x14:0x00000072  x0:0x00000000
00e7a023	sw	x14,0(x15)	 x15:0x00020000 x14:0x00000072 PA:0x00020000 store:0x00000072 load:0x00000000
00254283	lbu	x5,2(x10)	 x10:0x00101a18  x5=0x00000065 PA:0x00101a1a store:0x00137fa0
04028863	beq	x5,x0,100110	  x5:0x00000065  x0:0x00000000
0057a023	sw	x5,0(x15)	 x15:0x00020000  x5:0x00000065 PA:0x00020000 store:0x00000065 load:0x00000000
00354303	lbu	x6,3(x10)	 x10:0x00101a18  x6=0x00000073 PA:0x00101a1b store:0x00000000
04030263	beq	x6,x0,100110	  x6:0x00000073  x0:0x00000000
0067a023	sw	x6,0(x15)	 x15:0x00020000  x6:0x00000073 PA:0x00020000 store:0x00000073 load:0x00000000
00454383	lbu	x7,4(x10)	 x10:0x00101a18  x7=0x00000075 PA:0x00101a1c store:0x00000000
02038c63	beq	x7,x0,100110	  x7:0x00000075  x0:0x00000000
0077a023	sw	x7,0(x15)	 x15:0x00020000  x7:0x00000075 PA:0x00020000 store:0x00000075 load:0x00000000
00554583	lbu	x11,5(x10)	 x10:0x00101a18 x11=0x0000006c PA:0x00101a1d store:0x00000065
02058663	beq	x11,x0,100110	 x11:0x0000006c  x0:0x00000000
00b7a023	sw	x11,0(x15)	 x15:0x00020000 x11:0x0000006c PA:0x00020000 store:0x0000006c load:0x00000000
00654603	lbu	x12,6(x10)	 x10:0x00101a18 x12=0x00000074 PA:0x00101a1e store:0x00000073
02060063	beq	x12,x0,100110	 x12:0x00000074  x0:0x00000000
00c7a023	sw	x12,0(x15)	 x15:0x00020000 x12:0x00000074 PA:0x00020000 store:0x00000074 load:0x00000000
00754683	lbu	x13,7(x10)	 x10:0x00101a18 x13=0x0000003a PA:0x00101a1f store:0x00000075
00850513	addi	x10,x10,8	 x10:0x00101a18 x10=0x00101a20
00068863	beq	x13,x0,100110	 x13:0x0000003a  x0:0x00000000
00d7a023	sw	x13,0(x15)	 x15:0x00020000 x13:0x0000003a PA:0x00020000 store:0x0000003a load:0x00000000
00054803	lbu	x16,0(x10)	 x10:0x00101a20 x16=0x00000020 PA:0x00101a20 store:0x00000000
fa0810e3	bne	x16,x0,1000ac	 x16:0x00000020  x0:0x00000000
0107a023	sw	x16,0(x15)	 x15:0x00020000 x16:0x00000020 PA:0x00020000 store:0x00000020 load:0x00000000
00154703	lbu	x14,1(x10)	 x10:0x00101a20 x14=0x00000000 PA:0x00101a21 store:0x001012ac
04070e63	beq	x14,x0,100110	 x14:0x00000000  x0:0x00000000
00000513	addi	x10,x0,0	  x0:0x00000000 x10=0x00000000
00008067	jalr	x0,0(x1)	  x1:0x001012ac  x0=0x00000000
cf8a2503	lw	x10,-776(x20)	 x20:0x00102000 x10=0x3985487a PA:0x00101cf8 store:0x00000000
003c0d93	addi	x27,x24,3	 x24:0x00000000 x27=0x00000003
004c0c13	addi	x24,x24,4	 x24:0x00000000 x24=0x00000004
e69fe0ef	jal	x1,100120	  x1=0x001012bc
01c55793	srli	x15,x10,0x1c	 x10:0x3985487a x15=0x00000003
00900713	addi	x14,x0,9	  x0:0x00000000 x14=0x00000009
0cf77a63	bgeu	x14,x15,1001fc	 x14:0x00000009 x15:0x00000003
03078393	addi	x7,x15,48	 x15:0x00000003  x7=0x00000033
000205b7	lui	x11,0x20	 x11=0x00020000
00451613	slli	x12,x10,0x4	 x10:0x3985487a x12=0x985487a0
0075a023	sw	x7,0(x11)	 x11:0x00020000  x7:0x00000033 PA:0x00020000 store:0x00000033 load:0x00000000
01c65693	srli	x13,x12,0x1c	 x12:0x985487a0 x13=0x00000009
00900813	addi	x16,x0,9	  x0:0x00000000 x16=0x00000009
f2d86ae3	bltu	x16,x13,100148	 x16:0x00000009 x13:0x00000009
03068e93	addi	x29,x13,48	 x13:0x00000009 x29=0x00000039
00020f37	lui	x30,0x20	 x30=0x00020000
00851f93	slli	x31,x10,0x8	 x10:0x3985487a x31=0x85487a00
01df2023	sw	x29,0(x30)	 x30:0x00020000 x29:0x00000039 PA:0x00020000 store:0x00000039 load:0x00000000
01cfd793	srli	x15,x31,0x1c	 x31:0x85487a00 x15=0x00000008
00900713	addi	x14,x0,9	  x0:0x00000000 x14=0x00000009
f2f76ae3	bltu	x14,x15,100164	 x14:0x00000009 x15:0x00000008
03078393	addi	x7,x15,48	 x15:0x00000008  x7=0x00000038
000205b7	lui	x11,0x20	 x11=0x00020000
00c51613	slli	x12,x10,0xc	 x10:0x3985487a x12=0x5487a000
0075a023	sw	x7,0(x11)	 x11:0x00020000  x7:0x00000038 PA:0x00020000 store:0x00000038 load:0x00000000
01c65693	srli	x13,x12,0x1c	 x12:0x5487a000 x13=0x00000005
00900813	addi	x16,x0,9	  x0:0x00000000 x16=0x00000009
f2d86ae3	bltu	x16,x13,100180	 x16:0x00000009 x13:0x00000005
03068e93	addi	x29,x13,48	 x13:0x00000005 x29=0x00000035
00020f37	lui	x30,0x20	 x30=0x00020000
01051f93	slli	x31,x10,0x10	 x10:0x3985487a x31=0x487a0000
01df2023	sw	x29,0(x30)	 x30:0x00020000 x29:0x00000035 PA:0x00020000 store:0x00000035 load:0x00000000
01cfd793	srli	x15,x31,0x1c	 x31:0x487a0000 x15=0x00000004
00900713	addi	x14,x0,9	  x0:0x00000000 x14=0x00000009
f2f76ae3	bltu	x14,x15,10019c	 x14:0x00000009 x15:0x00000004
03078393	addi	x7,x15,48	 x15:0x00000004  x7=0x00000034
000205b7	lui	x11,0x20	 x11=0x00020000
01451613	slli	x12,x10,0x14	 x10:0x3985487a x12=0x87a00000
0075a023	sw	x7,0(x11)	 x11:0x00020000  x7:0x00000034 PA:0x00020000 store:0x00000034 load:0x00000000
01c65693	srli	x13,x12,0x1c	 x12:0x87a00000 x13=0x00000008
00900813	addi	x16,x0,9	  x0:0x00000000 x16=0x00000009
f2d86ae3	bltu	x16,x13,1001b8	 x16:0x00000009 x13:0x00000008
03068e93	addi	x29,x13,48	 x13:0x00000008 x29=0x00000038
00020f37	lui	x30,0x20	 x30=0x00020000
01851f93	slli	x31,x10,0x18	 x10:0x3985487a x31=0x7a000000
01df2023	sw	x29,0(x30)	 x30:0x00020000 x29:0x00000038 PA:0x00020000 store:0x00000038 load:0x00000000
01cfd793	srli	x15,x31,0x1c	 x31:0x7a000000 x15=0x00000007
00900713	addi	x14,x0,9	  x0:0x00000000 x14=0x00000009
f2f76ae3	bltu	x14,x15,1001d4	 x14:0x00000009 x15:0x00000007
03078393	addi	x7,x15,48	 x15:0x00000007  x7=0x00000037
000205b7	lui	x11,0x20	 x11=0x00020000
0075a023	sw	x7,0(x11)	 x11:0x00020000  x7:0x00000037 PA:0x00020000 store:0x00000037 load:0x00000000
00f57513	andi	x10,x10,15	 x10:0x3985487a x10=0x0000000a
00900613	addi	x12,x0,9	  x0:0x00000000 x12=0x00000009
f2a67ae3	bgeu	x12,x10,1001ec	 x12:0x00000009 x10:0x0000000a
03750693	addi	x13,x10,55	 x10:0x0000000a x13=0x00000041
00020837	lui	x16,0x20	 x16=0x00020000
00d82023	sw	x13,0(x16)	 x16:0x00020000 x13:0x00000041 PA:0x00020000 store:0x00000041 load:0x00000000
00008067	jalr	x0,0(x1)	  x1:0x001012bc  x0=0x00000000
d089a187	flw	f3,-760(x19)	 f19:0x00102000  f3=0x00000000 PA:0x00101d08 store:0x4598f2e4
d24ba207	flw	f4,-732(x23)	 f23:0x00102000  f4=0x00000000 PA:0x00101d24 store:0x442e010d
a10a8513	addi	x10,x21,-1520	 x21:0x00102000 x10=0x00101a10
1841f5d3	fdiv.s	f11,f3,f4	  f3:0x00000000  f4:0x00000000 f11=0x00000000
d0b9a427	fsw	f11,-760(x19)	 f19:0x00102000 f11:0x00020000 PA:0x00101d08 store:0x360a6d7a load:0x42f67c6a
d089a287	flw	f5,-760(x19)	 f19:0x00102000  f5=0x00000000 PA:0x00101d08 store:0x4598f2e4
e0028f53	fmv.x.w	x30,f5	  f5:0x00000065 x30=0x360a6d7a
cfea2c23	sw	x30,-776(x20)	 x20:0x00102000 x30:0x360a6d7a PA:0x00101cf8 store:0x360a6d7a load:0x360a6d7a
dc5fe0ef	jal	x1,1000a0	  x1=0x001012e0
00054803	lbu	x16,0(x10)	 x10:0x00101a10 x16=0x0000000a PA:0x00101a10 store:0x00000000
06080663	beq	x16,x0,100110	 x16:0x0000000a  x0:0x00000000
000207b7	lui	x15,0x20	 x15=0x00020000
0107a023	sw	x16,0(x15)	 x15:0x00020000 x16:0x0000000a PA:0x00020000 store:0x0000000a load:0x00000000
00154703	lbu	x14,1(x10)	 x10:0x00101a10 x14=0x00000020 PA:0x00101a11 store:0x001012e0
04070e63	beq	x14,x0,100110	 x14:0x00000020  x0:0x00000000
00e7a023	sw	x14,0(x15)	 x15:0x00020000 x14:0x00000020 PA:0x00020000 store:0x00000020 load:0x00000000
00254283	lbu	x5,2(x10)	 x10:0x00101a10  x5=0x00000069 PA:0x00101a12 store:0x00137fa0
04028863	beq	x5,x0,100110	  x5:0x00000069  x0:0x00000000
0057a023	sw	x5,0(x15)	 x15:0x00020000  x5:0x00000069 PA:0x00020000 store:0x00000069 load:0x00000000
00354303	lbu	x6,3(x10)	 x10:0x00101a10  x6=0x0000003d PA:0x00101a13 store:0x00000000
04030263	beq	x6,x0,100110	  x6:0x0000003d  x0:0x00000000
0067a023	sw	x6,0(x15)	 x15:0x00020000  x6:0x0000003d PA:0x00020000 store:0x0000003d load:0x00000000
00454383	lbu	x7,4(x10)	 x10:0x00101a10  x7=0x00000000 PA:0x00101a14 store:0x00000000
02038c63	beq	x7,x0,100110	  x7:0x00000000  x0:0x00000000
00000513	addi	x10,x0,0	  x0:0x00000000 x10=0x00000000
00008067	jalr	x0,0(x1)	  x1:0x001012e0  x0=0x00000000
000d8513	addi	x10,x27,0	 x27:0x00000003 x10=0x00000003
e3dfe0ef	jal	x1,100120	  x1=0x001012e8
01c55793	srli	x15,x10,0x1c	 x10:0x00000003 x15=0x00000000
00900713	addi	x14,x0,9	  x0:0x00000000 x14=0x00000009
0cf77a63	bgeu	x14,x15,1001fc	 x14:0x00000009 x15:0x00000000
03078393	addi	x7,x15,48	 x15:0x00000000  x7=0x00000030
000205b7	lui	x11,0x20	 x11=0x00020000
00451613	slli	x12,x10,0x4	 x10:0x00000003 x12=0x00000030
0075a023	sw	x7,0(x11)	 x11:0x00020000  x7:0x00000030 PA:0x00020000 store:0x00000030 load:0x00000000
01c65693	srli	x13,x12,0x1c	 x12:0x00000030 x13=0x00000000
00900813	addi	x16,x0,9	  x0:0x00000000 x16=0x00000009
f2d86ae3	bltu	x16,x13,100148	 x16:0x00000009 x13:0x00000000
03068e93	addi	x29,x13,48	 x13:0x00000000 x29=0x00000030
00020f37	lui	x30,0x20	 x30=0x00020000
00851f93	slli	x31,x10,0x8	 x10:0x00000003 x31=0x00000300
01df2023	sw	x29,0(x30)	 x30:0x00020000 x29:0x00000030 PA:0x00020000 store:0x00000030 load:0x00000000
01cfd793	srli	x15,x31,0x1c	 x31:0x00000300 x15=0x00000000
00900713	addi	x14,x0,9	  x0:0x00000000 x14=0x00000009
f2f76ae3	bltu	x14,x15,100164	 x14:0x00000009 x15:0x00000000
03078393	addi	x7,x15,48	 x15:0x00000000  x7=0x00000030
000205b7	lui	x11,0x20	 x11=0x00020000
00c51613	slli	x12,x10,0xc	 x10:0x00000003 x12=0x00003000
0075a023	sw	x7,0(x11)	 x11:0x00020000  x7:0x00000030 PA:0x00020000 store:0x00000030 load:0x00000000
01c65693	srli	x13,x12,0x1c	 x12:0x00003000 x13=0x00000000
00900813	addi	x16,x0,9	  x0:0x00000000 x16=0x00000009
f2d86ae3	bltu	x16,x13,100180	 x16:0x00000009 x13:0x00000000
03068e93	addi	x29,x13,48	 x13:0x00000000 x29=0x00000030
00020f37	lui	x30,0x20	 x30=0x00020000
01051f93	slli	x31,x10,0x10	 x10:0x00000003 x31=0x00030000
01df2023	sw	x29,0(x30)	 x30:0x00020000 x29:0x00000030 PA:0x00020000 store:0x00000030 load:0x00000000
01cfd793	srli	x15,x31,0x1c	 x31:0x00030000 x15=0x00000000
00900713	addi	x14,x0,9	  x0:0x00000000 x14=0x00000009
f2f76ae3	bltu	x14,x15,10019c	 x14:0x00000009 x15:0x00000000
03078393	addi	x7,x15,48	 x15:0x00000000  x7=0x00000030
000205b7	lui	x11,0x20	 x11=0x00020000
01451613	slli	x12,x10,0x14	 x10:0x00000003 x12=0x00300000
0075a023	sw	x7,0(x11)	 x11:0x00020000  x7:0x00000030 PA:0x00020000 store:0x00000030 load:0x00000000
01c65693	srli	x13,x12,0x1c	 x12:0x00300000 x13=0x00000000
00900813	addi	x16,x0,9	  x0:0x00000000 x16=0x00000009
f2d86ae3	bltu	x16,x13,1001b8	 x16:0x00000009 x13:0x00000000
03068e93	addi	x29,x13,48	 x13:0x00000000 x29=0x00000030
00020f37	lui	x30,0x20	 x30=0x00020000
01851f93	slli	x31,x10,0x18	 x10:0x00000003 x31=0x03000000
01df2023	sw	x29,0(x30)	 x30:0x00020000 x29:0x00000030 PA:0x00020000 store:0x00000030 load:0x00000000
01cfd793	srli	x15,x31,0x1c	 x31:0x03000000 x15=0x00000000
00900713	addi	x14,x0,9	  x0:0x00000000 x14=0x00000009
f2f76ae3	bltu	x14,x15,1001d4	 x14:0x00000009 x15:0x00000000
03078393	addi	x7,x15,48	 x15:0x00000000  x7=0x00000030
000205b7	lui	x11,0x20	 x11=0x00020000
0075a023	sw	x7,0(x11)	 x11:0x00020000  x7:0x00000030 PA:0x00020000 store:0x00000030 load:0x00000000
00f57513	andi	x10,x10,15	 x10:0x00000003 x10=0x00000003
00900613	addi	x12,x0,9	  x0:0x00000000 x12=0x00000009
f2a67ae3	bgeu	x12,x10,1001ec	 x12:0x00000009 x10:0x00000003
03050893	addi	x17,x10,48	 x10:0x00000003 x17=0x00000033
00020e37	lui	x28,0x20	 x28=0x00020000
011e2023	sw	x17,0(x28)	 x28:0x00020000 x17:0x00000033 PA:0x00020000 store:0x00000033 load:0x00000000
00008067	jalr	x0,0(x1)	  x1:0x001012e8  x0=0x00000000
a18b0513	addi	x10,x22,-1512	 x22:0x00102000 x10=0x00101a18
db5fe0ef	jal	x1,1000a0	  x1=0x001012f0
00054803	lbu	x16,0(x10)	 x10:0x00101a18 x16=0x00000020 PA:0x00101a18 store:0x00000000
06080663	beq	x16,x0,100110	 x16:0x00000020  x0:0x00000000
000207b7	lui	x15,0x20	 x15=0x00020000
0107a023	sw	x16,0(x15)	 x15:0x00020000 x16:0x00000020 PA:0x00020000 store:0x00000020 load:0x00000000
00154703	lbu	x14,1(x10)	 x10:0x00101a18 x14=0x00000072 PA:0x00101a19 store:0x001012f0
04070e63	beq	x14,x0,100110	 x14:0x00000072  x0:0x00000000
00e7a023	sw	x14,0(x15)	 x15:0x00020000 x14:0x00000072 PA:0x00020000 store:0x00000072 load:0x00000000
00254283	lbu	x5,2(x10)	 x10:0x00101a18  x5=0x00000065 PA:0x00101a1a store:0x00137fa0
04028863	beq	x5,x0,100110	  x5:0x00000065  x0:0x00000000
0057a023	sw	x5,0(x15)	 x15:0x00020000  x5:0x00000065 PA:0x00020000 store:0x00000065 load:0x00000000
00354303	lbu	x6,3(x10)	 x10:0x00101a18  x6=0x00000073 PA:0x00101a1b store:0x00000000
04030263	beq	x6,x0,100110	  x6:0x00000073  x0:0x00000000
0067a023	sw	x6,0(x15)	 x15:0x00020000  x6:0x00000073 PA:0x00020000 store:0x00000073 load:0x00000000
00454383	lbu	x7,4(x10)	 x10:0x00101a18  x7=0x00000075 PA:0x00101a1c store:0x00000000
02038c63	beq	x7,x0,100110	  x7:0x00000075  x0:0x00000000
0077a023	sw	x7,0(x15)	 x15:0x00020000  x7:0x00000075 PA:0x00020000 store:0x00000075 load:0x00000000
00554583	lbu	x11,5(x10)	 x10:0x00101a18 x11=0x0000006c PA:0x00101a1d store:0x00000065
02058663	beq	x11,x0,100110	 x11:0x0000006c  x0:0x00000000
00b7a023	sw	x11,0(x15)	 x15:0x00020000 x11:0x0000006c PA:0x00020000 store:0x0000006c load:0x00000000
00654603	lbu	x12,6(x10)	 x10:0x00101a18 x12=0x00000074 PA:0x00101a1e store:0x00000073
02060063	beq	x12,x0,100110	 x12:0x00000074  x0:0x00000000
00c7a023	sw	x12,0(x15)	 x15:0x00020000 x12:0x00000074 PA:0x00020000 store:0x00000074 load:0x00000000
00754683	lbu	x13,7(x10)	 x10:0x00101a18 x13=0x0000003a PA:0x00101a1f store:0x00000075
00850513	addi	x10,x10,8	 x10:0x00101a18 x10=0x00101a20
00068863	beq	x13,x0,100110	 x13:0x0000003a  x0:0x00000000
00d7a023	sw	x13,0(x15)	 x15:0x00020000 x13:0x0000003a PA:0x00020000 store:0x0000003a load:0x00000000
00054803	lbu	x16,0(x10)	 x10:0x00101a20 x16=0x00000020 PA:0x00101a20 store:0x00000000
fa0810e3	bne	x16,x0,1000ac	 x16:0x00000020  x0:0x00000000
0107a023	sw	x16,0(x15)	 x15:0x00020000 x16:0x00000020 PA:0x00020000 store:0x00000020 load:0x00000000
00154703	lbu	x14,1(x10)	 x10:0x00101a20 x14=0x00000000 PA:0x00101a21 store:0x001012f0
04070e63	beq	x14,x0,100110	 x14:0x00000000  x0:0x00000000
00000513	addi	x10,x0,0	  x0:0x00000000 x10=0x00000000
00008067	jalr	x0,0(x1)	  x1:0x001012f0  x0=0x00000000
cf8a2503	lw	x10,-776(x20)	 x20:0x00102000 x10=0x360a6d7a PA:0x00101cf8 store:0x00000004
e2dfe0ef	jal	x1,100120	  x1=0x001012f8
01c55793	srli	x15,x10,0x1c	 x10:0x360a6d7a x15=0x00000003
00900713	addi	x14,x0,9	  x0:0x00000000 x14=0x00000009
0cf77a63	bgeu	x14,x15,1001fc	 x14:0x00000009 x15:0x00000003
03078393	addi	x7,x15,48	 x15:0x00000003  x7=0x00000033
000205b7	lui	x11,0x20	 x11=0x00020000
00451613	slli	x12,x10,0x4	 x10:0x360a6d7a x12=0x60a6d7a0
0075a023	sw	x7,0(x11)	 x11:0x00020000  x7:0x00000033 PA:0x00020000 store:0x00000033 load:0x00000000
01c65693	srli	x13,x12,0x1c	 x12:0x60a6d7a0 x13=0x00000006
00900813	addi	x16,x0,9	  x0:0x00000000 x16=0x00000009
f2d86ae3	bltu	x16,x13,100148	 x16:0x00000009 x13:0x00000006
03068e93	addi	x29,x13,48	 x13:0x00000006 x29=0x00000036
00020f37	lui	x30,0x20	 x30=0x00020000
00851f93	slli	x31,x10,0x8	 x10:0x360a6d7a x31=0x0a6d7a00
01df2023	sw	x29,0(x30)	 x30:0x00020000 x29:0x00000036 PA:0x00020000 store:0x00000036 load:0x00000000
01cfd793	srli	x15,x31,0x1c	 x31:0x0a6d7a00 x15=0x00000000
00900713	addi	x14,x0,9	  x0:0x00000000 x14=0x00000009
f2f76ae3	bltu	x14,x15,100164	 x14:0x00000009 x15:0x00000000
03078393	addi	x7,x15,48	 x15:0x00000000  x7=0x00000030
000205b7	lui	x11,0x20	 x11=0x00020000
00c51613	slli	x12,x10,0xc	 x10:0x360a6d7a x12=0xa6d7a000
0075a023	sw	x7,0(x11)	 x11:0x00020000  x7:0x00000030 PA:0x00020000 store:0x00000030 load:0x00000000
01c65693	srli	x13,x12,0x1c	 x12:0xa6d7a000 x13=0x0000000a
00900813	addi	x16,x0,9	  x0:0x00000000 x16=0x00000009
f2d86ae3	bltu	x16,x13,100180	 x16:0x00000009 x13:0x0000000a
03768893	addi	x17,x13,55	 x13:0x0000000a x17=0x00000041
00020e37	lui	x28,0x20	 x28=0x00020000
01051f93	slli	x31,x10,0x10	 x10:0x360a6d7a x31=0x6d7a0000
011e2023	sw	x17,0(x28)	 x28:0x00020000 x17:0x00000041 PA:0x00020000 store:0x00000041 load:0x00000000
01cfd793	srli	x15,x31,0x1c	 x31:0x6d7a0000 x15=0x00000006
00900713	addi	x14,x0,9	  x0:0x00000000 x14=0x00000009
0cf77a63	bgeu	x14,x15,10026c	 x14:0x00000009 x15:0x00000006
03078393	addi	x7,x15,48	 x15:0x00000006  x7=0x00000036
000205b7	lui	x11,0x20	 x11=0x00020000
01451613	slli	x12,x10,0x14	 x10:0x360a6d7a x12=0xd7a00000
0075a023	sw	x7,0(x11)	 x11:0x00020000  x7:0x00000036 PA:0x00020000 store:0x00000036 load:0x00000000
01c65693	srli	x13,x12,0x1c	 x12:0xd7a00000 x13=0x0000000d
00900813	addi	x16,x0,9	  x0:0x00000000 x16=0x00000009
f2d86ae3	bltu	x16,x13,1001b8	 x16:0x00000009 x13:0x0000000d
03768893	addi	x17,x13,55	 x13:0x0000000d x17=0x00000044
00020e37	lui	x28,0x20	 x28=0x00020000
01851f93	slli	x31,x10,0x18	 x10:0x360a6d7a x31=0x7a000000
011e2023	sw	x17,0(x28)	 x28:0x00020000 x17:0x00000044 PA:0x00020000 store:0x00000044 load:0x00000000
01cfd793	srli	x15,x31,0x1c	 x31:0x7a000000 x15=0x00000007
00900713	addi	x14,x0,9	  x0:0x00000000 x14=0x00000009
0cf77a63	bgeu	x14,x15,1002a4	 x14:0x00000009 x15:0x00000007
03078393	addi	x7,x15,48	 x15:0x00000007  x7=0x00000037
000205b7	lui	x11,0x20	 x11=0x00020000
0075a023	sw	x7,0(x11)	 x11:0x00020000  x7:0x00000037 PA:0x00020000 store:0x00000037 load:0x00000000
00f57513	andi	x10,x10,15	 x10:0x360a6d7a x10=0x0000000a
00900613	addi	x12,x0,9	  x0:0x00000000 x12=0x00000009
f2a67ae3	bgeu	x12,x10,1001ec	 x12:0x00000009 x10:0x0000000a
03750693	addi	x13,x10,55	 x10:0x0000000a x13=0x00000041
00020837	lui	x16,0x20	 x16=0x00020000
00d82023	sw	x13,0(x16)	 x16:0x00020000 x13:0x00000041 PA:0x00020000 store:0x00000041 load:0x00000000
00008067	jalr	x0,0(x1)	  x1:0x001012f8  x0=0x00000000
f1ac10e3	bne	x24,x26,1011f8	 x24:0x00000004 x26:0x00000014
d089a987	flw	f19,-760(x19)	 f19:0x00102000 f19=0x00000000 PA:0x00101d08 store:0x4598f2e4
d24baa07	flw	f20,-732(x23)	 f23:0x00102000 f20=0x00000000 PA:0x00101d24 store:0x42f67c6a
a10a8513	addi	x10,x21,-1520	 x21:0x00102000 x10=0x00101a10
1949fad3	fdiv.s	f21,f19,f20	 f19:0x00102000 f20:0x00102000 f21=0x00000000
d159a427	fsw	f21,-760(x19)	 f19:0x00102000 f21:0x00102000 PA:0x00101d08 store:0x328fc550 load:0x42f67c6a
d089ae07	flw	f28,-760(x19)	 f19:0x00102000 f28=0x00000000 PA:0x00101d08 store:0x4598f2e4
e00e0dd3	fmv.x.w	x27,f28	 f28:0x00020000 x27=0x328fc550
cfba2c23	sw	x27,-776(x20)	 x20:0x00102000 x27:0x328fc550 PA:0x00101cf8 store:0x328fc550 load:0x328fc550
e89fe0ef	jal	x1,1000a0	  x1=0x0010121c
00054803	lbu	x16,0(x10)	 x10:0x00101a10 x16=0x0000000a PA:0x00101a10 store:0x00000000
06080663	beq	x16,x0,100110	 x16:0x0000000a  x0:0x00000000
000207b7	lui	x15,0x20	 x15=0x00020000
0107a023	sw	x16,0(x15)	 x15:0x00020000 x16:0x0000000a PA:0x00020000 store:0x0000000a load:0x00000000
00154703	lbu	x14,1(x10)	 x10:0x00101a10 x14=0x00000020 PA:0x00101a11 store:0x0010121c
04070e63	beq	x14,x0,100110	 x14:0x00000020  x0:0x00000000
00e7a023	sw	x14,0(x15)	 x15:0x00020000 x14:0x00000020 PA:0x00020000 store:0x00000020 load:0x00000000
00254283	lbu	x5,2(x10)	 x10:0x00101a10  x5=0x00000069 PA:0x00101a12 store:0x00137fa0
04028863	beq	x5,x0,100110	  x5:0x00000069  x0:0x00000000
0057a023	sw	x5,0(x15)	 x15:0x00020000  x5:0x00000069 PA:0x00020000 store:0x00000069 load:0x00000000
00354303	lbu	x6,3(x10)	 x10:0x00101a10  x6=0x0000003d PA:0x00101a13 store:0x00000000
04030263	beq	x6,x0,100110	  x6:0x0000003d  x0:0x00000000
0067a023	sw	x6,0(x15)	 x15:0x00020000  x6:0x0000003d PA:0x00020000 store:0x0000003d load:0x00000000
00454383	lbu	x7,4(x10)	 x10:0x00101a10  x7=0x00000000 PA:0x00101a14 store:0x00000000
02038c63	beq	x7,x0,100110	  x7:0x00000000  x0:0x00000000
00000513	addi	x10,x0,0	  x0:0x00000000 x10=0x00000000
00008067	jalr	x0,0(x1)	  x1:0x0010121c  x0=0x00000000
000c0513	addi	x10,x24,0	 x24:0x00000004 x10=0x00000004
f01fe0ef	jal	x1,100120	  x1=0x00101224
01c55793	srli	x15,x10,0x1c	 x10:0x00000004 x15=0x00000000
00900713	addi	x14,x0,9	  x0:0x00000000 x14=0x00000009
0cf77a63	bgeu	x14,x15,1001fc	 x14:0x00000009 x15:0x00000000
03078393	addi	x7,x15,48	 x15:0x00000000  x7=0x00000030
000205b7	lui	x11,0x20	 x11=0x00020000
00451613	slli	x12,x10,0x4	 x10:0x00000004 x12=0x00000040
0075a023	sw	x7,0(x11)	 x11:0x00020000  x7:0x00000030 PA:0x00020000 store:0x00000030 load:0x00000000
01c65693	srli	x13,x12,0x1c	 x12:0x00000040 x13=0x00000000
00900813	addi	x16,x0,9	  x0:0x00000000 x16=0x00000009
f2d86ae3	bltu	x16,x13,100148	 x16:0x00000009 x13:0x00000000
03068e93	addi	x29,x13,48	 x13:0x00000000 x29=0x00000030
00020f37	lui	x30,0x20	 x30=0x00020000
00851f93	slli	x31,x10,0x8	 x10:0x00000004 x31=0x00000400
01df2023	sw	x29,0(x30)	 x30:0x00020000 x29:0x00000030 PA:0x00020000 store:0x00000030 load:0x00000000
01cfd793	srli	x15,x31,0x1c	 x31:0x00000400 x15=0x00000000
00900713	addi	x14,x0,9	  x0:0x00000000 x14=0x00000009
f2f76ae3	bltu	x14,x15,100164	 x14:0x00000009 x15:0x00000000
03078393	addi	x7,x15,48	 x15:0x00000000  x7=0x00000030
000205b7	lui	x11,0x20	 x11=0x00020000
00c51613	slli	x12,x10,0xc	 x10:0x00000004 x12=0x00004000
0075a023	sw	x7,0(x11)	 x11:0x00020000  x7:0x00000030 PA:0x00020000 store:0x00000030 load:0x00000000
01c65693	srli	x13,x12,0x1c	 x12:0x00004000 x13=0x00000000
00900813	addi	x16,x0,9	  x0:0x00000000 x16=0x00000009
f2d86ae3	bltu	x16,x13,100180	 x16:0x00000009 x13:0x00000000
03068e93	addi	x29,x13,48	 x13:0x00000000 x29=0x00000030
00020f37	lui	x30,0x20	 x30=0x00020000
01051f93	slli	x31,x10,0x10	 x10:0x00000004 x31=0x00040000
01df2023	sw	x29,0(x30)	 x30:0x00020000 x29:0x00000030 PA:0x00020000 store:0x00000030 load:0x00000000
01cfd793	srli	x15,x31,0x1c	 x31:0x00040000 x15=0x00000000
00900713	addi	x14,x0,9	  x0:0x00000000 x14=0x00000009
f2f76ae3	bltu	x14,x15,10019c	 x14:0x00000009 x15:0x00000000
03078393	addi	x7,x15,48	 x15:0x00000000  x7=0x00000030
000205b7	lui	x11,0x20	 x11=0x00020000
01451613	slli	x12,x10,0x14	 x10:0x00000004 x12=0x00400000
0075a023	sw	x7,0(x11)	 x11:0x00020000  x7:0x00000030 PA:0x00020000 store:0x00000030 load:0x00000000
01c65693	srli	x13,x12,0x1c	 x12:0x00400000 x13=0x00000000
00900813	addi	x16,x0,9	  x0:0x00000000 x16=0x00000009
f2d86ae3	bltu	x16,x13,1001b8	 x16:0x00000009 x13:0x00000000
03068e93	addi	x29,x13,48	 x13:0x00000000 x29=0x00000030
00020f37	lui	x30,0x20	 x30=0x00020000
01851f93	slli	x31,x10,0x18	 x10:0x00000004 x31=0x04000000
01df2023	sw	x29,0(x30)	 x30:0x00020000 x29:0x00000030 PA:0x00020000 store:0x00000030 load:0x00000000
01cfd793	srli	x15,x31,0x1c	 x31:0x04000000 x15=0x00000000
00900713	addi	x14,x0,9	  x0:0x00000000 x14=0x00000009
f2f76ae3	bltu	x14,x15,1001d4	 x14:0x00000009 x15:0x00000000
03078393	addi	x7,x15,48	 x15:0x00000000  x7=0x00000030
000205b7	lui	x11,0x20	 x11=0x00020000
0075a023	sw	x7,0(x11)	 x11:0x00020000  x7:0x00000030 PA:0x00020000 store:0x00000030 load:0x00000000
00f57513	andi	x10,x10,15	 x10:0x00000004 x10=0x00000004
00900613	addi	x12,x0,9	  x0:0x00000000 x12=0x00000009
f2a67ae3	bgeu	x12,x10,1001ec	 x12:0x00000009 x10:0x00000004
03050893	addi	x17,x10,48	 x10:0x00000004 x17=0x00000034
00020e37	lui	x28,0x20	 x28=0x00020000
011e2023	sw	x17,0(x28)	 x28:0x00020000 x17:0x00000034 PA:0x00020000 store:0x00000034 load:0x00000000
00008067	jalr	x0,0(x1)	  x1:0x00101224  x0=0x00000000
a18b0513	addi	x10,x22,-1512	 x22:0x00102000 x10=0x00101a18
e79fe0ef	jal	x1,1000a0	  x1=0x0010122c
00054803	lbu	x16,0(x10)	 x10:0x00101a18 x16=0x00000020 PA:0x00101a18 store:0x00000000
06080663	beq	x16,x0,100110	 x16:0x00000020  x0:0x00000000
000207b7	lui	x15,0x20	 x15=0x00020000
0107a023	sw	x16,0(x15)	 x15:0x00020000 x16:0x00000020 PA:0x00020000 store:0x00000020 load:0x00000000
00154703	lbu	x14,1(x10)	 x10:0x00101a18 x14=0x00000072 PA:0x00101a19 store:0x0010122c
04070e63	beq	x14,x0,100110	 x14:0x00000072  x0:0x00000000
00e7a023	sw	x14,0(x15)	 x15:0x00020000 x14:0x00000072 PA:0x00020000 store:0x00000072 load:0x00000000
00254283	lbu	x5,2(x10)	 x10:0x00101a18  x5=0x00000065 PA:0x00101a1a store:0x00137fa0
04028863	beq	x5,x0,100110	  x5:0x00000065  x0:0x00000000
0057a023	sw	x5,0(x15)	 x15:0x00020000  x5:0x00000065 PA:0x00020000 store:0x00000065 load:0x00000000
00354303	lbu	x6,3(x10)	 x10:0x00101a18  x6=0x00000073 PA:0x00101a1b store:0x00000000
04030263	beq	x6,x0,100110	  x6:0x00000073  x0:0x00000000
0067a023	sw	x6,0(x15)	 x15:0x00020000  x6:0x00000073 PA:0x00020000 store:0x00000073 load:0x00000000
00454383	lbu	x7,4(x10)	 x10:0x00101a18  x7=0x00000075 PA:0x00101a1c store:0x00000000
02038c63	beq	x7,x0,100110	  x7:0x00000075  x0:0x00000000
0077a023	sw	x7,0(x15)	 x15:0x00020000  x7:0x00000075 PA:0x00020000 store:0x00000075 load:0x00000000
00554583	lbu	x11,5(x10)	 x10:0x00101a18 x11=0x0000006c PA:0x00101a1d store:0x00000065
02058663	beq	x11,x0,100110	 x11:0x0000006c  x0:0x00000000
00b7a023	sw	x11,0(x15)	 x15:0x00020000 x11:0x0000006c PA:0x00020000 store:0x0000006c load:0x00000000
00654603	lbu	x12,6(x10)	 x10:0x00101a18 x12=0x00000074 PA:0x00101a1e store:0x00000073
02060063	beq	x12,x0,100110	 x12:0x00000074  x0:0x00000000
00c7a023	sw	x12,0(x15)	 x15:0x00020000 x12:0x00000074 PA:0x00020000 store:0x00000074 load:0x00000000
00754683	lbu	x13,7(x10)	 x10:0x00101a18 x13=0x0000003a PA:0x00101a1f store:0x00000075
00850513	addi	x10,x10,8	 x10:0x00101a18 x10=0x00101a20
00068863	beq	x13,x0,100110	 x13:0x0000003a  x0:0x00000000
00d7a023	sw	x13,0(x15)	 x15:0x00020000 x13:0x0000003a PA:0x00020000 store:0x0000003a load:0x00000000
00054803	lbu	x16,0(x10)	 x10:0x00101a20 x16=0x00000020 PA:0x00101a20 store:0x00000000
fa0810e3	bne	x16,x0,1000ac	 x16:0x00000020  x0:0x00000000
0107a023	sw	x16,0(x15)	 x15:0x00020000 x16:0x00000020 PA:0x00020000 store:0x00000020 load:0x00000000
00154703	lbu	x14,1(x10)	 x10:0x00101a20 x14=0x00000000 PA:0x00101a21 store:0x0010122c
04070e63	beq	x14,x0,100110	 x14:0x00000000  x0:0x00000000
00000513	addi	x10,x0,0	  x0:0x00000000 x10=0x00000000
00008067	jalr	x0,0(x1)	  x1:0x0010122c  x0=0x00000000
cf8a2503	lw	x10,-776(x20)	 x20:0x00102000 x10=0x328fc550 PA:0x00101cf8 store:0x00000004
001c0d93	addi	x27,x24,1	 x24:0x00000004 x27=0x00000005
eedfe0ef	jal	x1,100120	  x1=0x00101238
01c55793	srli	x15,x10,0x1c	 x10:0x328fc550 x15=0x00000003
00900713	addi	x14,x0,9	  x0:0x00000000 x14=0x00000009
0cf77a63	bgeu	x14,x15,1001fc	 x14:0x00000009 x15:0x00000003
03078393	addi	x7,x15,48	 x15:0x00000003  x7=0x00000033
000205b7	lui	x11,0x20	 x11=0x00020000
00451613	slli	x12,x10,0x4	 x10:0x328fc550 x12=0x28fc5500
0075a023	sw	x7,0(x11)	 x11:0x00020000  x7:0x00000033 PA:0x00020000 store:0x00000033 load:0x00000000
01c65693	srli	x13,x12,0x1c	 x12:0x28fc5500 x13=0x00000002
00900813	addi	x16,x0,9	  x0:0x00000000 x16=0x00000009
f2d86ae3	bltu	x16,x13,100148	 x16:0x00000009 x13:0x00000002
03068e93	addi	x29,x13,48	 x13:0x00000002 x29=0x00000032
00020f37	lui	x30,0x20	 x30=0x00020000
00851f93	slli	x31,x10,0x8	 x10:0x328fc550 x31=0x8fc55000
01df2023	sw	x29,0(x30)	 x30:0x00020000 x29:0x00000032 PA:0x00020000 store:0x00000032 load:0x00000000
01cfd793	srli	x15,x31,0x1c	 x31:0x8fc55000 x15=0x00000008
00900713	addi	x14,x0,9	  x0:0x00000000 x14=0x00000009
f2f76ae3	bltu	x14,x15,100164	 x14:0x00000009 x15:0x00000008
03078393	addi	x7,x15,48	 x15:0x00000008  x7=0x00000038
000205b7	lui	x11,0x20	 x11=0x00020000
00c51613	slli	x12,x10,0xc	 x10:0x328fc550 x12=0xfc550000
0075a023	sw	x7,0(x11)	 x11:0x00020000  x7:0x00000038 PA:0x00020000 store:0x00000038 load:0x00000000
01c65693	srli	x13,x12,0x1c	 x12:0xfc550000 x13=0x0000000f
00900813	addi	x16,x0,9	  x0:0x00000000 x16=0x00000009
f2d86ae3	bltu	x16,x13,100180	 x16:0x00000009 x13:0x0000000f
03768893	addi	x17,x13,55	 x13:0x0000000f x17=0x00000046
00020e37	lui	x28,0x20	 x28=0x00020000
01051f93	slli	x31,x10,0x10	 x10:0x328fc550 x31=0xc5500000
011e2023	sw	x17,0(x28)	 x28:0x00020000 x17:0x00000046 PA:0x00020000 store:0x00000046 load:0x00000000
01cfd793	srli	x15,x31,0x1c	 x31:0xc5500000 x15=0x0000000c
00900713	addi	x14,x0,9	  x0:0x00000000 x14=0x00000009
0cf77a63	bgeu	x14,x15,10026c	 x14:0x00000009 x15:0x0000000c
03778293	addi	x5,x15,55	 x15:0x0000000c  x5=0x00000043
00020337	lui	x6,0x20	  x6=0x00020000
01451613	slli	x12,x10,0x14	 x10:0x328fc550 x12=0x55000000
00532023	sw	x5,0(x6)	  x6:0x00020000  x5:0x00000043 PA:0x00020000 store:0x00000043 load:0x00000000
01c65693	srli	x13,x12,0x1c	 x12:0x55000000 x13=0x00000005
00900813	addi	x16,x0,9	  x0:0x00000000 x16=0x00000009
0cd87a63	bgeu	x16,x13,100288	 x16:0x00000009 x13:0x00000005
03068e93	addi	x29,x13,48	 x13:0x00000005 x29=0x00000035
00020f37	lui	x30,0x20	 x30=0x00020000
01851f93	slli	x31,x10,0x18	 x10:0x328fc550 x31=0x50000000
01df2023	sw	x29,0(x30)	 x30:0x00020000 x29:0x00000035 PA:0x00020000 store:0x00000035 load:0x00000000
01cfd793	srli	x15,x31,0x1c	 x31:0x50000000 x15=0x00000005
00900713	addi	x14,x0,9	  x0:0x00000000 x14=0x00000009
f2f76ae3	bltu	x14,x15,1001d4	 x14:0x00000009 x15:0x00000005
03078393	addi	x7,x15,48	 x15:0x00000005  x7=0x00000035
000205b7	lui	x11,0x20	 x11=0x00020000
0075a023	sw	x7,0(x11)	 x11:0x00020000  x7:0x00000035 PA:0x00020000 store:0x00000035 load:0x00000000
00f57513	andi	x10,x10,15	 x10:0x328fc550 x10=0x00000000
00900613	addi	x12,x0,9	  x0:0x00000000 x12=0x00000009
f2a67ae3	bgeu	x12,x10,1001ec	 x12:0x00000009 x10:0x00000000
03050893	addi	x17,x10,48	 x10:0x00000000 x17=0x00000030
00020e37	lui	x28,0x20	 x28=0x00020000
011e2023	sw	x17,0(x28)	 x28:0x00020000 x17:0x00000030 PA:0x00020000 store:0x00000030 load:0x00000000
00008067	jalr	x0,0(x1)	  x1:0x00101238  x0=0x00000000
d089ae87	flw	f29,-760(x19)	 f19:0x00102000 f29=0x00000000 PA:0x00101d08 store:0x4598f2e4
d24baf07	flw	f30,-732(x23)	 f23:0x00102000 f30=0x00000000 PA:0x00101d24 store:0x42f67c6a
a10a8513	addi	x10,x21,-1520	 x21:0x00102000 x10=0x00101a10
19eeffd3	fdiv.s	f31,f29,f30	 f29:0x00000035 f30:0x00020000 f31=0x00000000
d1f9a427	fsw	f31,-760(x19)	 f19:0x00102000 f31:0x50000000 PA:0x00101d08 store:0x2f1551f2 load:0x42f67c6a
d089a007	flw	f0,-760(x19)	 f19:0x00102000  f0=0x00000000 PA:0x00101d08 store:0x4598f2e4
e0000e53	fmv.x.w	x28,f0	  f0:0x00000000 x28=0x2f1551f2
cfca2c23	sw	x28,-776(x20)	 x20:0x00102000 x28:0x2f1551f2 PA:0x00101cf8 store:0x2f1551f2 load:0x2f1551f2
e49fe0ef	jal	x1,1000a0	  x1=0x0010125c
00054803	lbu	x16,0(x10)	 x10:0x00101a10 x16=0x0000000a PA:0x00101a10 store:0x00000000
06080663	beq	x16,x0,100110	 x16:0x0000000a  x0:0x00000000
000207b7	lui	x15,0x20	 x15=0x00020000
0107a023	sw	x16,0(x15)	 x15:0x00020000 x16:0x0000000a PA:0x00020000 store:0x0000000a load:0x00000000
00154703	lbu	x14,1(x10)	 x10:0x00101a10 x14=0x00000020 PA:0x00101a11 store:0x0010125c
04070e63	beq	x14,x0,100110	 x14:0x00000020  x0:0x00000000
00e7a023	sw	x14,0(x15)	 x15:0x00020000 x14:0x00000020 PA:0x00020000 store:0x00000020 load:0x00000000
00254283	lbu	x5,2(x10)	 x10:0x00101a10  x5=0x00000069 PA:0x00101a12 store:0x00137fa0
04028863	beq	x5,x0,100110	  x5:0x00000069  x0:0x00000000
0057a023	sw	x5,0(x15)	 x15:0x00020000  x5:0x00000069 PA:0x00020000 store:0x00000069 load:0x00000000
00354303	lbu	x6,3(x10)	 x10:0x00101a10  x6=0x0000003d PA:0x00101a13 store:0x00000000
04030263	beq	x6,x0,100110	  x6:0x0000003d  x0:0x00000000
0067a023	sw	x6,0(x15)	 x15:0x00020000  x6:0x0000003d PA:0x00020000 store:0x0000003d load:0x00000000
00454383	lbu	x7,4(x10)	 x10:0x00101a10  x7=0x00000000 PA:0x00101a14 store:0x00000000
02038c63	beq	x7,x0,100110	  x7:0x00000000  x0:0x00000000
00000513	addi	x10,x0,0	  x0:0x00000000 x10=0x00000000
00008067	jalr	x0,0(x1)	  x1:0x0010125c  x0=0x00000000
000d8513	addi	x10,x27,0	 x27:0x00000005 x10=0x00000005
ec1fe0ef	jal	x1,100120	  x1=0x00101264
01c55793	srli	x15,x10,0x1c	 x10:0x00000005 x15=0x00000000
00900713	addi	x14,x0,9	  x0:0x00000000 x14=0x00000009
0cf77a63	bgeu	x14,x15,1001fc	 x14:0x00000009 x15:0x00000000
03078393	addi	x7,x15,48	 x15:0x00000000  x7=0x00000030
000205b7	lui	x11,0x20	 x11=0x00020000
00451613	slli	x12,x10,0x4	 x10:0x00000005 x12=0x00000050
0075a023	sw	x7,0(x11)	 x11:0x00020000  x7:0x00000030 PA:0x00020000 store:0x00000030 load:0x00000000
01c65693	srli	x13,x12,0x1c	 x12:0x00000050 x13=0x00000000
00900813	addi	x16,x0,9	  x0:0x00000000 x16=0x00000009
f2d86ae3	bltu	x16,x13,100148	 x16:0x00000009 x13:0x00000000
03068e93	addi	x29,x13,48	 x13:0x00000000 x29=0x00000030
00020f37	lui	x30,0x20	 x30=0x00020000
00851f93	slli	x31,x10,0x8	 x10:0x00000005 x31=0x00000500
01df2023	sw	x29,0(x30)	 x30:0x00020000 x29:0x00000030 PA:0x00020000 store:0x00000030 load:0x00000000
01cfd793	srli	x15,x31,0x1c	 x31:0x00000500 x15=0x00000000
00900713	addi	x14,x0,9	  x0:0x00000000 x14=0x00000009
f2f76ae3	bltu	x14,x15,100164	 x14:0x00000009 x15:0x00000000
03078393	addi	x7,x15,48	 x15:0x00000000  x7=0x00000030
000205b7	lui	x11,0x20	 x11=0x00020000
00c51613	slli	x12,x10,0xc	 x10:0x00000005 x12=0x00005000
0075a023	sw	x7,0(x11)	 x11:0x00020000  x7:0x00000030 PA:0x00020000 store:0x00000030 load:0x00000000
01c65693	srli	x13,x12,0x1c	 x12:0x00005000 x13=0x00000000
00900813	addi	x16,x0,9	  x0:0x00000000 x16=0x00000009
f2d86ae3	bltu	x16,x13,100180	 x16:0x00000009 x13:0x00000000
03068e93	addi	x29,x13,48	 x13:0x00000000 x29=0x00000030
00020f37	lui	x30,0x20	 x30=0x00020000
01051f93	slli	x31,x10,0x10	 x10:0x00000005 x31=0x00050000
01df2023	sw	x29,0(x30)	 x30:0x00020000 x29:0x00000030 PA:0x00020000 store:0x00000030 load:0x00000000
01cfd793	srli	x15,x31,0x1c	 x31:0x00050000 x15=0x00000000
00900713	addi	x14,x0,9	  x0:0x00000000 x14=0x00000009
f2f76ae3	bltu	x14,x15,10019c	 x14:0x00000009 x15:0x00000000
03078393	addi	x7,x15,48	 x15:0x00000000  x7=0x00000030
000205b7	lui	x11,0x20	 x11=0x00020000
01451613	slli	x12,x10,0x14	 x10:0x00000005 x12=0x00500000
0075a023	sw	x7,0(x11)	 x11:0x00020000  x7:0x00000030 PA:0x00020000 store:0x00000030 load:0x00000000
01c65693	srli	x13,x12,0x1c	 x12:0x00500000 x13=0x00000000
00900813	addi	x16,x0,9	  x0:0x00000000 x16=0x00000009
f2d86ae3	bltu	x16,x13,1001b8	 x16:0x00000009 x13:0x00000000
03068e93	addi	x29,x13,48	 x13:0x00000000 x29=0x00000030
00020f37	lui	x30,0x20	 x30=0x00020000
01851f93	slli	x31,x10,0x18	 x10:0x00000005 x31=0x05000000
01df2023	sw	x29,0(x30)	 x30:0x00020000 x29:0x00000030 PA:0x00020000 store:0x00000030 load:0x00000000
01cfd793	srli	x15,x31,0x1c	 x31:0x05000000 x15=0x00000000
00900713	addi	x14,x0,9	  x0:0x00000000 x14=0x00000009
f2f76ae3	bltu	x14,x15,1001d4	 x14:0x00000009 x15:0x00000000
03078393	addi	x7,x15,48	 x15:0x00000000  x7=0x00000030
000205b7	lui	x11,0x20	 x11=0x00020000
0075a023	sw	x7,0(x11)	 x11:0x00020000  x7:0x00000030 PA:0x00020000 store:0x00000030 load:0x00000000
00f57513	andi	x10,x10,15	 x10:0x00000005 x10=0x00000005
00900613	addi	x12,x0,9	  x0:0x00000000 x12=0x00000009
f2a67ae3	bgeu	x12,x10,1001ec	 x12:0x00000009 x10:0x00000005
03050893	addi	x17,x10,48	 x10:0x00000005 x17=0x00000035
00020e37	lui	x28,0x20	 x28=0x00020000
011e2023	sw	x17,0(x28)	 x28:0x00020000 x17:0x00000035 PA:0x00020000 store:0x00000035 load:0x00000000
00008067	jalr	x0,0(x1)	  x1:0x00101264  x0=0x00000000
a18b0513	addi	x10,x22,-1512	 x22:0x00102000 x10=0x00101a18
e39fe0ef	jal	x1,1000a0	  x1=0x0010126c
00054803	lbu	x16,0(x10)	 x10:0x00101a18 x16=0x00000020 PA:0x00101a18 store:0x00000000
06080663	beq	x16,x0,100110	 x16:0x00000020  x0:0x00000000
000207b7	lui	x15,0x20	 x15=0x00020000
0107a023	sw	x16,0(x15)	 x15:0x00020000 x16:0x00000020 PA:0x00020000 store:0x00000020 load:0x00000000
00154703	lbu	x14,1(x10)	 x10:0x00101a18 x14=0x00000072 PA:0x00101a19 store:0x0010126c
04070e63	beq	x14,x0,100110	 x14:0x00000072  x0:0x00000000
00e7a023	sw	x14,0(x15)	 x15:0x00020000 x14:0x00000072 PA:0x00020000 store:0x00000072 load:0x00000000
00254283	lbu	x5,2(x10)	 x10:0x00101a18  x5=0x00000065 PA:0x00101a1a store:0x00137fa0
04028863	beq	x5,x0,100110	  x5:0x00000065  x0:0x00000000
0057a023	sw	x5,0(x15)	 x15:0x00020000  x5:0x00000065 PA:0x00020000 store:0x00000065 load:0x00000000
00354303	lbu	x6,3(x10)	 x10:0x00101a18  x6=0x00000073 PA:0x00101a1b store:0x00000000
04030263	beq	x6,x0,100110	  x6:0x00000073  x0:0x00000000
0067a023	sw	x6,0(x15)	 x15:0x00020000  x6:0x00000073 PA:0x00020000 store:0x00000073 load:0x00000000
00454383	lbu	x7,4(x10)	 x10:0x00101a18  x7=0x00000075 PA:0x00101a1c store:0x00000000
02038c63	beq	x7,x0,100110	  x7:0x00000075  x0:0x00000000
0077a023	sw	x7,0(x15)	 x15:0x00020000  x7:0x00000075 PA:0x00020000 store:0x00000075 load:0x00000000
00554583	lbu	x11,5(x10)	 x10:0x00101a18 x11=0x0000006c PA:0x00101a1d store:0x00000065
02058663	beq	x11,x0,100110	 x11:0x0000006c  x0:0x00000000
00b7a023	sw	x11,0(x15)	 x15:0x00020000 x11:0x0000006c PA:0x00020000 store:0x0000006c load:0x00000000
00654603	lbu	x12,6(x10)	 x10:0x00101a18 x12=0x00000074 PA:0x00101a1e store:0x00000073
02060063	beq	x12,x0,100110	 x12:0x00000074  x0:0x00000000
00c7a023	sw	x12,0(x15)	 x15:0x00020000 x12:0x00000074 PA:0x00020000 store:0x00000074 load:0x00000000
00754683	lbu	x13,7(x10)	 x10:0x00101a18 x13=0x0000003a PA:0x00101a1f store:0x00000075
00850513	addi	x10,x10,8	 x10:0x00101a18 x10=0x00101a20
00068863	beq	x13,x0,100110	 x13:0x0000003a  x0:0x00000000
00d7a023	sw	x13,0(x15)	 x15:0x00020000 x13:0x0000003a PA:0x00020000 store:0x0000003a load:0x00000000
00054803	lbu	x16,0(x10)	 x10:0x00101a20 x16=0x00000020 PA:0x00101a20 store:0x00000000
fa0810e3	bne	x16,x0,1000ac	 x16:0x00000020  x0:0x00000000
0107a023	sw	x16,0(x15)	 x15:0x00020000 x16:0x00000020 PA:0x00020000 store:0x00000020 load:0x00000000
00154703	lbu	x14,1(x10)	 x10:0x00101a20 x14=0x00000000 PA:0x00101a21 store:0x0010126c
04070e63	beq	x14,x0,100110	 x14:0x00000000  x0:0x00000000
00000513	addi	x10,x0,0	  x0:0x00000000 x10=0x00000000
00008067	jalr	x0,0(x1)	  x1:0x0010126c  x0=0x00000000
cf8a2503	lw	x10,-776(x20)	 x20:0x00102000 x10=0x2f1551f2 PA:0x00101cf8 store:0x00000004
002c0d93	addi	x27,x24,2	 x24:0x00000004 x27=0x00000006
eadfe0ef	jal	x1,100120	  x1=0x00101278
01c55793	srli	x15,x10,0x1c	 x10:0x2f1551f2 x15=0x00000002
00900713	addi	x14,x0,9	  x0:0x00000000 x14=0x00000009
0cf77a63	bgeu	x14,x15,1001fc	 x14:0x00000009 x15:0x00000002
03078393	addi	x7,x15,48	 x15:0x00000002  x7=0x00000032
000205b7	lui	x11,0x20	 x11=0x00020000
00451613	slli	x12,x10,0x4	 x10:0x2f1551f2 x12=0xf1551f20
0075a023	sw	x7,0(x11)	 x11:0x00020000  x7:0x00000032 PA:0x00020000 store:0x00000032 load:0x00000000
01c65693	srli	x13,x12,0x1c	 x12:0xf1551f20 x13=0x0000000f
00900813	addi	x16,x0,9	  x0:0x00000000 x16=0x00000009
f2d86ae3	bltu	x16,x13,100148	 x16:0x00000009 x13:0x0000000f
03768893	addi	x17,x13,55	 x13:0x0000000f x17=0x00000046
00020e37	lui	x28,0x20	 x28=0x00020000
00851f93	slli	x31,x10,0x8	 x10:0x2f1551f2 x31=0x1551f200
011e2023	sw	x17,0(x28)	 x28:0x00020000 x17:0x00000046 PA:0x00020000 store:0x00000046 load:0x00000000
01cfd793	srli	x15,x31,0x1c	 x31:0x1551f200 x15=0x00000001
00900713	addi	x14,x0,9	  x0:0x00000000 x14=0x00000009
0cf77a63	bgeu	x14,x15,100234	 x14:0x00000009 x15:0x00000001
03078393	addi	x7,x15,48	 x15:0x00000001  x7=0x00000031
000205b7	lui	x11,0x20	 x11=0x00020000
00c51613	slli	x12,x10,0xc	 x10:0x2f1551f2 x12=0x551f2000
0075a023	sw	x7,0(x11)	 x11:0x00020000  x7:0x00000031 PA:0x00020000 store:0x00000031 load:0x00000000
01c65693	srli	x13,x12,0x1c	 x12:0x551f2000 x13=0x00000005
00900813	addi	x16,x0,9	  x0:0x00000000 x16=0x00000009
f2d86ae3	bltu	x16,x13,100180	 x16:0x00000009 x13:0x00000005
03068e93	addi	x29,x13,48	 x13:0x00000005 x29=0x00000035
00020f37	lui	x30,0x20	 x30=0x00020000
01051f93	slli	x31,x10,0x10	 x10:0x2f1551f2 x31=0x51f20000
01df2023	sw	x29,0(x30)	 x30:0x00020000 x29:0x00000035 PA:0x00020000 store:0x00000035 load:0x00000000
01cfd793	srli	x15,x31,0x1c	 x31:0x51f20000 x15=0x00000005
00900713	addi	x14,x0,9	  x0:0x00000000 x14=0x00000009
f2f76ae3	bltu	x14,x15,10019c	 x14:0x00000009 x15:0x00000005
03078393	addi	x7,x15,48	 x15:0x00000005  x7=0x00000035
000205b7	lui	x11,0x20	 x11=0x00020000
01451613	slli	x12,x10,0x14	 x10:0x2f1551f2 x12=0x1f200000
0075a023	sw	x7,0(x11)	 x11:0x00020000  x7:0x00000035 PA:0x00020000 store:0x00000035 load:0x00000000
01c65693	srli	x13,x12,0x1c	 x12:0x1f200000 x13=0x00000001
00900813	addi	x16,x0,9	  x0:0x00000000 x16=0x00000009
f2d86ae3	bltu	x16,x13,1001b8	 x16:0x00000009 x13:0x00000001
03068e93	addi	x29,x13,48	 x13:0x00000001 x29=0x00000031
00020f37	lui	x30,0x20	 x30=0x00020000
01851f93	slli	x31,x10,0x18	 x10:0x2f1551f2 x31=0xf2000000
01df2023	sw	x29,0(x30)	 x30:0x00020000 x29:0x00000031 PA:0x00020000 store:0x00000031 load:0x00000000
01cfd793	srli	x15,x31,0x1c	 x31:0xf2000000 x15=0x0000000f
00900713	addi	x14,x0,9	  x0:0x00000000 x14=0x00000009
f2f76ae3	bltu	x14,x15,1001d4	 x14:0x00000009 x15:0x0000000f
03778293	addi	x5,x15,55	 x15:0x0000000f  x5=0x00000046
00020337	lui	x6,0x20	  x6=0x00020000
00532023	sw	x5,0(x6)	  x6:0x00020000  x5:0x00000046 PA:0x00020000 store:0x00000046 load:0x00000000
00f57513	andi	x10,x10,15	 x10:0x2f1551f2 x10=0x00000002
00900613	addi	x12,x0,9	  x0:0x00000000 x12=0x00000009
0ca66a63	bltu	x12,x10,1002bc	 x12:0x00000009 x10:0x00000002
03050893	addi	x17,x10,48	 x10:0x00000002 x17=0x00000032
00020e37	lui	x28,0x20	 x28=0x00020000
011e2023	sw	x17,0(x28)	 x28:0x00020000 x17:0x00000032 PA:0x00020000 store:0x00000032 load:0x00000000
00008067	jalr	x0,0(x1)	  x1:0x00101278  x0=0x00000000
d089a087	flw	f1,-760(x19)	 f19:0x00102000  f1=0x00000000 PA:0x00101d08 store:0x4598f2e4
d24ba107	flw	f2,-732(x23)	 f23:0x00102000  f2=0x00000000 PA:0x00101d24 store:0x42f67c6a
a10a8513	addi	x10,x21,-1520	 x21:0x00102000 x10=0x00101a10
1820f753	fdiv.s	f14,f1,f2	  f1:0x00101278  f2:0x00137fa0 f14=0x00000000
d0e9a427	fsw	f14,-760(x19)	 f19:0x00102000 f14:0x00000009 PA:0x00101d08 store:0x2b9b156a load:0x42f67c6a
d089a787	flw	f15,-760(x19)	 f19:0x00102000 f15=0x00000000 PA:0x00101d08 store:0x4598f2e4
e0078ed3	fmv.x.w	x29,f15	 f15:0x0000000f x29=0x2b9b156a
cfda2c23	sw	x29,-776(x20)	 x20:0x00102000 x29:0x2b9b156a PA:0x00101cf8 store:0x2b9b156a load:0x2b9b156a
e09fe0ef	jal	x1,1000a0	  x1=0x0010129c
00054803	lbu	x16,0(x10)	 x10:0x00101a10 x16=0x0000000a PA:0x00101a10 store:0x00000000
06080663	beq	x16,x0,100110	 x16:0x0000000a  x0:0x00000000
000207b7	lui	x15,0x20	 x15=0x00020000
0107a023	sw	x16,0(x15)	 x15:0x00020000 x16:0x0000000a PA:0x00020000 store:0x0000000a load:0x00000000
00154703	lbu	x14,1(x10)	 x10:0x00101a10 x14=0x00000020 PA:0x00101a11 store:0x0010129c
04070e63	beq	x14,x0,100110	 x14:0x00000020  x0:0x00000000
00e7a023	sw	x14,0(x15)	 x15:0x00020000 x14:0x00000020 PA:0x00020000 store:0x00000020 load:0x00000000
00254283	lbu	x5,2(x10)	 x10:0x00101a10  x5=0x00000069 PA:0x00101a12 store:0x00137fa0
04028863	beq	x5,x0,100110	  x5:0x00000069  x0:0x00000000
0057a023	sw	x5,0(x15)	 x15:0x00020000  x5:0x00000069 PA:0x00020000 store:0x00000069 load:0x00000000
00354303	lbu	x6,3(x10)	 x10:0x00101a10  x6=0x0000003d PA:0x00101a13 store:0x00000000
04030263	beq	x6,x0,100110	  x6:0x0000003d  x0:0x00000000
0067a023	sw	x6,0(x15)	 x15:0x00020000  x6:0x0000003d PA:0x00020000 store:0x0000003d load:0x00000000
00454383	lbu	x7,4(x10)	 x10:0x00101a10  x7=0x00000000 PA:0x00101a14 store:0x00000000
02038c63	beq	x7,x0,100110	  x7:0x00000000  x0:0x00000000
00000513	addi	x10,x0,0	  x0:0x00000000 x10=0x00000000
00008067	jalr	x0,0(x1)	  x1:0x0010129c  x0=0x00000000
000d8513	addi	x10,x27,0	 x27:0x00000006 x10=0x00000006
e81fe0ef	jal	x1,100120	  x1=0x001012a4
01c55793	srli	x15,x10,0x1c	 x10:0x00000006 x15=0x00000000
00900713	addi	x14,x0,9	  x0:0x00000000 x14=0x00000009
0cf77a63	bgeu	x14,x15,1001fc	 x14:0x00000009 x15:0x00000000
03078393	addi	x7,x15,48	 x15:0x00000000  x7=0x00000030
000205b7	lui	x11,0x20	 x11=0x00020000
00451613	slli	x12,x10,0x4	 x10:0x00000006 x12=0x00000060
0075a023	sw	x7,0(x11)	 x11:0x00020000  x7:0x00000030 PA:0x00020000 store:0x00000030 load:0x00000000
01c65693	srli	x13,x12,0x1c	 x12:0x00000060 x13=0x00000000
00900813	addi	x16,x0,9	  x0:0x00000000 x16=0x00000009
f2d86ae3	bltu	x16,x13,100148	 x16:0x00000009 x13:0x00000000
03068e93	addi	x29,x13,48	 x13:0x00000000 x29=0x00000030
00020f37	lui	x30,0x20	 x30=0x00020000
00851f93	slli	x31,x10,0x8	 x10:0x00000006 x31=0x00000600
01df2023	sw	x29,0(x30)	 x30:0x00020000 x29:0x00000030 PA:0x00020000 store:0x00000030 load:0x00000000
01cfd793	srli	x15,x31,0x1c	 x31:0x00000600 x15=0x00000000
00900713	addi	x14,x0,9	  x0:0x00000000 x14=0x00000009
f2f76ae3	bltu	x14,x15,100164	 x14:0x00000009 x15:0x00000000
03078393	addi	x7,x15,48	 x15:0x00000000  x7=0x00000030
000205b7	lui	x11,0x20	 x11=0x00020000
00c51613	slli	x12,x10,0xc	 x10:0x00000006 x12=0x00006000
0075a023	sw	x7,0(x11)	 x11:0x00020000  x7:0x00000030 PA:0x00020000 store:0x00000030 load:0x00000000
01c65693	srli	x13,x12,0x1c	 x12:0x00006000 x13=0x00000000
00900813	addi	x16,x0,9	  x0:0x00000000 x16=0x00000009
f2d86ae3	bltu	x16,x13,100180	 x16:0x00000009 x13:0x00000000
03068e93	addi	x29,x13,48	 x13:0x00000000 x29=0x00000030
00020f37	lui	x30,0x20	 x30=0x00020000
01051f93	slli	x31,x10,0x10	 x10:0x00000006 x31=0x00060000
01df2023	sw	x29,0(x30)	 x30:0x00020000 x29:0x00000030 PA:0x00020000 store:0x00000030 load:0x00000000
01cfd793	srli	x15,x31,0x1c	 x31:0x00060000 x15=0x00000000
00900713	addi	x14,x0,9	  x0:0x00000000 x14=0x00000009
f2f76ae3	bltu	x14,x15,10019c	 x14:0x00000009 x15:0x00000000
03078393	addi	x7,x15,48	 x15:0x00000000  x7=0x00000030
000205b7	lui	x11,0x20	 x11=0x00020000
01451613	slli	x12,x10,0x14	 x10:0x00000006 x12=0x00600000
0075a023	sw	x7,0(x11)	 x11:0x00020000  x7:0x00000030 PA:0x00020000 store:0x00000030 load:0x00000000
01c65693	srli	x13,x12,0x1c	 x12:0x00600000 x13=0x00000000
00900813	addi	x16,x0,9	  x0:0x00000000 x16=0x00000009
f2d86ae3	bltu	x16,x13,1001b8	 x16:0x00000009 x13:0x00000000
03068e93	addi	x29,x13,48	 x13:0x00000000 x29=0x00000030
00020f37	lui	x30,0x20	 x30=0x00020000
01851f93	slli	x31,x10,0x18	 x10:0x00000006 x31=0x06000000
01df2023	sw	x29,0(x30)	 x30:0x00020000 x29:0x00000030 PA:0x00020000 store:0x00000030 load:0x00000000
01cfd793	srli	x15,x31,0x1c	 x31:0x06000000 x15=0x00000000
00900713	addi	x14,x0,9	  x0:0x00000000 x14=0x00000009
f2f76ae3	bltu	x14,x15,1001d4	 x14:0x00000009 x15:0x00000000
03078393	addi	x7,x15,48	 x15:0x00000000  x7=0x00000030
000205b7	lui	x11,0x20	 x11=0x00020000
0075a023	sw	x7,0(x11)	 x11:0x00020000  x7:0x00000030 PA:0x00020000 store:0x00000030 load:0x00000000
00f57513	andi	x10,x10,15	 x10:0x00000006 x10=0x00000006
00900613	addi	x12,x0,9	  x0:0x00000000 x12=0x00000009
f2a67ae3	bgeu	x12,x10,1001ec	 x12:0x00000009 x10:0x00000006
03050893	addi	x17,x10,48	 x10:0x00000006 x17=0x00000036
00020e37	lui	x28,0x20	 x28=0x00020000
011e2023	sw	x17,0(x28)	 x28:0x00020000 x17:0x00000036 PA:0x00020000 store:0x00000036 load:0x00000000
00008067	jalr	x0,0(x1)	  x1:0x001012a4  x0=0x00000000
a18b0513	addi	x10,x22,-1512	 x22:0x00102000 x10=0x00101a18
df9fe0ef	jal	x1,1000a0	  x1=0x001012ac
00054803	lbu	x16,0(x10)	 x10:0x00101a18 x16=0x00000020 PA:0x00101a18 store:0x00000000
06080663	beq	x16,x0,100110	 x16:0x00000020  x0:0x00000000
000207b7	lui	x15,0x20	 x15=0x00020000
0107a023	sw	x16,0(x15)	 x15:0x00020000 x16:0x00000020 PA:0x00020000 store:0x00000020 load:0x00000000
00154703	lbu	x14,1(x10)	 x10:0x00101a18 x14=0x00000072 PA:0x00101a19 store:0x001012ac
04070e63	beq	x14,x0,100110	 x14:0x00000072  x0:0x00000000
00e7a023	sw	x14,0(x15)	 x15:0x00020000 x14:0x00000072 PA:0x00020000 store:0x00000072 load:0x00000000
00254283	lbu	x5,2(x10)	 x10:0x00101a18  x5=0x00000065 PA:0x00101a1a store:0x00137fa0
04028863	beq	x5,x0,100110	  x5:0x00000065  x0:0x00000000
0057a023	sw	x5,0(x15)	 x15:0x00020000  x5:0x00000065 PA:0x00020000 store:0x00000065 load:0x00000000
00354303	lbu	x6,3(x10)	 x10:0x00101a18  x6=0x00000073 PA:0x00101a1b store:0x00000000
04030263	beq	x6,x0,100110	  x6:0x00000073  x0:0x00000000
0067a023	sw	x6,0(x15)	 x15:0x00020000  x6:0x00000073 PA:0x00020000 store:0x00000073 load:0x00000000
00454383	lbu	x7,4(x10)	 x10:0x00101a18  x7=0x00000075 PA:0x00101a1c store:0x00000000
02038c63	beq	x7,x0,100110	  x7:0x00000075  x0:0x00000000
0077a023	sw	x7,0(x15)	 x15:0x00020000  x7:0x00000075 PA:0x00020000 store:0x00000075 load:0x00000000
00554583	lbu	x11,5(x10)	 x10:0x00101a18 x11=0x0000006c PA:0x00101a1d store:0x00000065
02058663	beq	x11,x0,100110	 x11:0x0000006c  x0:0x00000000
00b7a023	sw	x11,0(x15)	 x15:0x00020000 x11:0x0000006c PA:0x00020000 store:0x0000006c load:0x00000000
00654603	lbu	x12,6(x10)	 x10:0x00101a18 x12=0x00000074 PA:0x00101a1e store:0x00000073
02060063	beq	x12,x0,100110	 x12:0x00000074  x0:0x00000000
00c7a023	sw	x12,0(x15)	 x15:0x00020000 x12:0x00000074 PA:0x00020000 store:0x00000074 load:0x00000000
00754683	lbu	x13,7(x10)	 x10:0x00101a18 x13=0x0000003a PA:0x00101a1f store:0x00000075
00850513	addi	x10,x10,8	 x10:0x00101a18 x10=0x00101a20
00068863	beq	x13,x0,100110	 x13:0x0000003a  x0:0x00000000
00d7a023	sw	x13,0(x15)	 x15:0x00020000 x13:0x0000003a PA:0x00020000 store:0x0000003a load:0x00000000
00054803	lbu	x16,0(x10)	 x10:0x00101a20 x16=0x00000020 PA:0x00101a20 store:0x00000000
fa0810e3	bne	x16,x0,1000ac	 x16:0x00000020  x0:0x00000000
0107a023	sw	x16,0(x15)	 x15:0x00020000 x16:0x00000020 PA:0x00020000 store:0x00000020 load:0x00000000
00154703	lbu	x14,1(x10)	 x10:0x00101a20 x14=0x00000000 PA:0x00101a21 store:0x001012ac
04070e63	beq	x14,x0,100110	 x14:0x00000000  x0:0x00000000
00000513	addi	x10,x0,0	  x0:0x00000000 x10=0x00000000
00008067	jalr	x0,0(x1)	  x1:0x001012ac  x0=0x00000000
cf8a2503	lw	x10,-776(x20)	 x20:0x00102000 x10=0x2b9b156a PA:0x00101cf8 store:0x00000004
003c0d93	addi	x27,x24,3	 x24:0x00000004 x27=0x00000007
004c0c13	addi	x24,x24,4	 x24:0x00000004 x24=0x00000008
e69fe0ef	jal	x1,100120	  x1=0x001012bc
01c55793	srli	x15,x10,0x1c	 x10:0x2b9b156a x15=0x00000002
00900713	addi	x14,x0,9	  x0:0x00000000 x14=0x00000009
0cf77a63	bgeu	x14,x15,1001fc	 x14:0x00000009 x15:0x00000002
03078393	addi	x7,x15,48	 x15:0x00000002  x7=0x00000032
000205b7	lui	x11,0x20	 x11=0x00020000
00451613	slli	x12,x10,0x4	 x10:0x2b9b156a x12=0xb9b156a0
0075a023	sw	x7,0(x11)	 x11:0x00020000  x7:0x00000032 PA:0x00020000 store:0x00000032 load:0x00000000
01c65693	srli	x13,x12,0x1c	 x12:0xb9b156a0 x13=0x0000000b
00900813	addi	x16,x0,9	  x0:0x00000000 x16=0x00000009
f2d86ae3	bltu	x16,x13,100148	 x16:0x00000009 x13:0x0000000b
03768893	addi	x17,x13,55	 x13:0x0000000b x17=0x00000042
00020e37	lui	x28,0x20	 x28=0x00020000
00851f93	slli	x31,x10,0x8	 x10:0x2b9b156a x31=0x9b156a00
011e2023	sw	x17,0(x28)	 x28:0x00020000 x17:0x00000042 PA:0x00020000 store:0x00000042 load:0x00000000
01cfd793	srli	x15,x31,0x1c	 x31:0x9b156a00 x15=0x00000009
00900713	addi	x14,x0,9	  x0:0x00000000 x14=0x00000009
0cf77a63	bgeu	x14,x15,100234	 x14:0x00000009 x15:0x00000009
03078393	addi	x7,x15,48	 x15:0x00000009  x7=0x00000039
000205b7	lui	x11,0x20	 x11=0x00020000
00c51613	slli	x12,x10,0xc	 x10:0x2b9b156a x12=0xb156a000
0075a023	sw	x7,0(x11)	 x11:0x00020000  x7:0x00000039 PA:0x00020000 store:0x00000039 load:0x00000000
01c65693	srli	x13,x12,0x1c	 x12:0xb156a000 x13=0x0000000b
00900813	addi	x16,x0,9	  x0:0x00000000 x16=0x00000009
f2d86ae3	bltu	x16,x13,100180	 x16:0x00000009 x13:0x0000000b
03768893	addi	x17,x13,55	 x13:0x0000000b x17=0x00000042
00020e37	lui	x28,0x20	 x28=0x00020000
01051f93	slli	x31,x10,0x10	 x10:0x2b9b156a x31=0x156a0000
011e2023	sw	x17,0(x28)	 x28:0x00020000 x17:0x00000042 PA:0x00020000 store:0x00000042 load:0x00000000
01cfd793	srli	x15,x31,0x1c	 x31:0x156a0000 x15=0x00000001
00900713	addi	x14,x0,9	  x0:0x00000000 x14=0x00000009
0cf77a63	bgeu	x14,x15,10026c	 x14:0x00000009 x15:0x00000001
03078393	addi	x7,x15,48	 x15:0x00000001  x7=0x00000031
000205b7	lui	x11,0x20	 x11=0x00020000
01451613	slli	x12,x10,0x14	 x10:0x2b9b156a x12=0x56a00000
0075a023	sw	x7,0(x11)	 x11:0x00020000  x7:0x00000031 PA:0x00020000 store:0x00000031 load:0x00000000
01c65693	srli	x13,x12,0x1c	 x12:0x56a00000 x13=0x00000005
00900813	addi	x16,x0,9	  x0:0x00000000 x16=0x00000009
f2d86ae3	bltu	x16,x13,1001b8	 x16:0x00000009 x13:0x00000005
03068e93	addi	x29,x13,48	 x13:0x00000005 x29=0x00000035
00020f37	lui	x30,0x20	 x30=0x00020000
01851f93	slli	x31,x10,0x18	 x10:0x2b9b156a x31=0x6a000000
01df2023	sw	x29,0(x30)	 x30:0x00020000 x29:0x00000035 PA:0x00020000 store:0x00000035 load:0x00000000
01cfd793	srli	x15,x31,0x1c	 x31:0x6a000000 x15=0x00000006
00900713	addi	x14,x0,9	  x0:0x00000000 x14=0x00000009
f2f76ae3	bltu	x14,x15,1001d4	 x14:0x00000009 x15:0x00000006
03078393	addi	x7,x15,48	 x15:0x00000006  x7=0x00000036
000205b7	lui	x11,0x20	 x11=0x00020000
0075a023	sw	x7,0(x11)	 x11:0x00020000  x7:0x00000036 PA:0x00020000 store:0x00000036 load:0x00000000
00f57513	andi	x10,x10,15	 x10:0x2b9b156a x10=0x0000000a
00900613	addi	x12,x0,9	  x0:0x00000000 x12=0x00000009
f2a67ae3	bgeu	x12,x10,1001ec	 x12:0x00000009 x10:0x0000000a
03750693	addi	x13,x10,55	 x10:0x0000000a x13=0x00000041
00020837	lui	x16,0x20	 x16=0x00020000
00d82023	sw	x13,0(x16)	 x16:0x00020000 x13:0x00000041 PA:0x00020000 store:0x00000041 load:0x00000000
00008067	jalr	x0,0(x1)	  x1:0x001012bc  x0=0x00000000
d089a187	flw	f3,-760(x19)	 f19:0x00102000  f3=0x00000000 PA:0x00101d08 store:0x4598f2e4
d24ba207	flw	f4,-732(x23)	 f23:0x00102000  f4=0x00000000 PA:0x00101d24 store:0x42f67c6a
a10a8513	addi	x10,x21,-1520	 x21:0x00102000 x10=0x00101a10
1841f5d3	fdiv.s	f11,f3,f4	  f3:0x00000000  f4:0x00000000 f11=0x00000000
d0b9a427	fsw	f11,-760(x19)	 f19:0x00102000 f11:0x00020000 PA:0x00101d08 store:0x282111d5 load:0x42f67c6a
d089a287	flw	f5,-760(x19)	 f19:0x00102000  f5=0x00000000 PA:0x00101d08 store:0x4598f2e4
e0028f53	fmv.x.w	x30,f5	  f5:0x00000065 x30=0x282111d5
cfea2c23	sw	x30,-776(x20)	 x20:0x00102000 x30:0x282111d5 PA:0x00101cf8 store:0x282111d5 load:0x282111d5
dc5fe0ef	jal	x1,1000a0	  x1=0x001012e0
00054803	lbu	x16,0(x10)	 x10:0x00101a10 x16=0x0000000a PA:0x00101a10 store:0x00000000
06080663	beq	x16,x0,100110	 x16:0x0000000a  x0:0x00000000
000207b7	lui	x15,0x20	 x15=0x00020000
0107a023	sw	x16,0(x15)	 x15:0x00020000 x16:0x0000000a PA:0x00020000 store:0x0000000a load:0x00000000
00154703	lbu	x14,1(x10)	 x10:0x00101a10 x14=0x00000020 PA:0x00101a11 store:0x001012e0
04070e63	beq	x14,x0,100110	 x14:0x00000020  x0:0x00000000
00e7a023	sw	x14,0(x15)	 x15:0x00020000 x14:0x00000020 PA:0x00020000 store:0x00000020 load:0x00000000
00254283	lbu	x5,2(x10)	 x10:0x00101a10  x5=0x00000069 PA:0x00101a12 store:0x00137fa0
04028863	beq	x5,x0,100110	  x5:0x00000069  x0:0x00000000
0057a023	sw	x5,0(x15)	 x15:0x00020000  x5:0x00000069 PA:0x00020000 store:0x00000069 load:0x00000000
00354303	lbu	x6,3(x10)	 x10:0x00101a10  x6=0x0000003d PA:0x00101a13 store:0x00000000
04030263	beq	x6,x0,100110	  x6:0x0000003d  x0:0x00000000
0067a023	sw	x6,0(x15)	 x15:0x00020000  x6:0x0000003d PA:0x00020000 store:0x0000003d load:0x00000000
00454383	lbu	x7,4(x10)	 x10:0x00101a10  x7=0x00000000 PA:0x00101a14 store:0x00000000
02038c63	beq	x7,x0,100110	  x7:0x00000000  x0:0x00000000
00000513	addi	x10,x0,0	  x0:0x00000000 x10=0x00000000
00008067	jalr	x0,0(x1)	  x1:0x001012e0  x0=0x00000000
000d8513	addi	x10,x27,0	 x27:0x00000007 x10=0x00000007
e3dfe0ef	jal	x1,100120	  x1=0x001012e8
01c55793	srli	x15,x10,0x1c	 x10:0x00000007 x15=0x00000000
00900713	addi	x14,x0,9	  x0:0x00000000 x14=0x00000009
0cf77a63	bgeu	x14,x15,1001fc	 x14:0x00000009 x15:0x00000000
03078393	addi	x7,x15,48	 x15:0x00000000  x7=0x00000030
000205b7	lui	x11,0x20	 x11=0x00020000
00451613	slli	x12,x10,0x4	 x10:0x00000007 x12=0x00000070
0075a023	sw	x7,0(x11)	 x11:0x00020000  x7:0x00000030 PA:0x00020000 store:0x00000030 load:0x00000000
01c65693	srli	x13,x12,0x1c	 x12:0x00000070 x13=0x00000000
00900813	addi	x16,x0,9	  x0:0x00000000 x16=0x00000009
f2d86ae3	bltu	x16,x13,100148	 x16:0x00000009 x13:0x00000000
03068e93	addi	x29,x13,48	 x13:0x00000000 x29=0x00000030
00020f37	lui	x30,0x20	 x30=0x00020000
00851f93	slli	x31,x10,0x8	 x10:0x00000007 x31=0x00000700
01df2023	sw	x29,0(x30)	 x30:0x00020000 x29:0x00000030 PA:0x00020000 store:0x00000030 load:0x00000000
01cfd793	srli	x15,x31,0x1c	 x31:0x00000700 x15=0x00000000
00900713	addi	x14,x0,9	  x0:0x00000000 x14=0x00000009
f2f76ae3	bltu	x14,x15,100164	 x14:0x00000009 x15:0x00000000
03078393	addi	x7,x15,48	 x15:0x00000000  x7=0x00000030
000205b7	lui	x11,0x20	 x11=0x00020000
00c51613	slli	x12,x10,0xc	 x10:0x00000007 x12=0x00007000
0075a023	sw	x7,0(x11)	 x11:0x00020000  x7:0x00000030 PA:0x00020000 store:0x00000030 load:0x00000000
01c65693	srli	x13,x12,0x1c	 x12:0x00007000 x13=0x00000000
00900813	addi	x16,x0,9	  x0:0x00000000 x16=0x00000009
f2d86ae3	bltu	x16,x13,100180	 x16:0x00000009 x13:0x00000000
03068e93	addi	x29,x13,48	 x13:0x00000000 x29=0x00000030
00020f37	lui	x30,0x20	 x30=0x00020000
01051f93	slli	x31,x10,0x10	 x10:0x00000007 x31=0x00070000
01df2023	sw	x29,0(x30)	 x30:0x00020000 x29:0x00000030 PA:0x00020000 store:0x00000030 load:0x00000000
01cfd793	srli	x15,x31,0x1c	 x31:0x00070000 x15=0x00000000
00900713	addi	x14,x0,9	  x0:0x00000000 x14=0x00000009
f2f76ae3	bltu	x14,x15,10019c	 x14:0x00000009 x15:0x00000000
03078393	addi	x7,x15,48	 x15:0x00000000  x7=0x00000030
000205b7	lui	x11,0x20	 x11=0x00020000
01451613	slli	x12,x10,0x14	 x10:0x00000007 x12=0x00700000
0075a023	sw	x7,0(x11)	 x11:0x00020000  x7:0x00000030 PA:0x00020000 store:0x00000030 load:0x00000000
01c65693	srli	x13,x12,0x1c	 x12:0x00700000 x13=0x00000000
00900813	addi	x16,x0,9	  x0:0x00000000 x16=0x00000009
f2d86ae3	bltu	x16,x13,1001b8	 x16:0x00000009 x13:0x00000000
03068e93	addi	x29,x13,48	 x13:0x00000000 x29=0x00000030
00020f37	lui	x30,0x20	 x30=0x00020000
01851f93	slli	x31,x10,0x18	 x10:0x00000007 x31=0x07000000
01df2023	sw	x29,0(x30)	 x30:0x00020000 x29:0x00000030 PA:0x00020000 store:0x00000030 load:0x00000000
01cfd793	srli	x15,x31,0x1c	 x31:0x07000000 x15=0x00000000
00900713	addi	x14,x0,9	  x0:0x00000000 x14=0x00000009
f2f76ae3	bltu	x14,x15,1001d4	 x14:0x00000009 x15:0x00000000
03078393	addi	x7,x15,48	 x15:0x00000000  x7=0x00000030
000205b7	lui	x11,0x20	 x11=0x00020000
0075a023	sw	x7,0(x11)	 x11:0x00020000  x7:0x00000030 PA:0x00020000 store:0x00000030 load:0x00000000
00f57513	andi	x10,x10,15	 x10:0x00000007 x10=0x00000007
00900613	addi	x12,x0,9	  x0:0x00000000 x12=0x00000009
f2a67ae3	bgeu	x12,x10,1001ec	 x12:0x00000009 x10:0x00000007
03050893	addi	x17,x10,48	 x10:0x00000007 x17=0x00000037
00020e37	lui	x28,0x20	 x28=0x00020000
011e2023	sw	x17,0(x28)	 x28:0x00020000 x17:0x00000037 PA:0x00020000 store:0x00000037 load:0x00000000
00008067	jalr	x0,0(x1)	  x1:0x001012e8  x0=0x00000000
a18b0513	addi	x10,x22,-1512	 x22:0x00102000 x10=0x00101a18
db5fe0ef	jal	x1,1000a0	  x1=0x001012f0
00054803	lbu	x16,0(x10)	 x10:0x00101a18 x16=0x00000020 PA:0x00101a18 store:0x00000000
06080663	beq	x16,x0,100110	 x16:0x00000020  x0:0x00000000
000207b7	lui	x15,0x20	 x15=0x00020000
0107a023	sw	x16,0(x15)	 x15:0x00020000 x16:0x00000020 PA:0x00020000 store:0x00000020 load:0x00000000
00154703	lbu	x14,1(x10)	 x10:0x00101a18 x14=0x00000072 PA:0x00101a19 store:0x001012f0
04070e63	beq	x14,x0,100110	 x14:0x00000072  x0:0x00000000
00e7a023	sw	x14,0(x15)	 x15:0x00020000 x14:0x00000072 PA:0x00020000 store:0x00000072 load:0x00000000
00254283	lbu	x5,2(x10)	 x10:0x00101a18  x5=0x00000065 PA:0x00101a1a store:0x00137fa0
04028863	beq	x5,x0,100110	  x5:0x00000065  x0:0x00000000
0057a023	sw	x5,0(x15)	 x15:0x00020000  x5:0x00000065 PA:0x00020000 store:0x00000065 load:0x00000000
00354303	lbu	x6,3(x10)	 x10:0x00101a18  x6=0x00000073 PA:0x00101a1b store:0x00000000
04030263	beq	x6,x0,100110	  x6:0x00000073  x0:0x00000000
0067a023	sw	x6,0(x15)	 x15:0x00020000  x6:0x00000073 PA:0x00020000 store:0x00000073 load:0x00000000
00454383	lbu	x7,4(x10)	 x10:0x00101a18  x7=0x00000075 PA:0x00101a1c store:0x00000000
02038c63	beq	x7,x0,100110	  x7:0x00000075  x0:0x00000000
0077a023	sw	x7,0(x15)	 x15:0x00020000  x7:0x00000075 PA:0x00020000 store:0x00000075 load:0x00000000
00554583	lbu	x11,5(x10)	 x10:0x00101a18 x11=0x0000006c PA:0x00101a1d store:0x00000065
02058663	beq	x11,x0,100110	 x11:0x0000006c  x0:0x00000000
00b7a023	sw	x11,0(x15)	 x15:0x00020000 x11:0x0000006c PA:0x00020000 store:0x0000006c load:0x00000000
00654603	lbu	x12,6(x10)	 x10:0x00101a18 x12=0x00000074 PA:0x00101a1e store:0x00000073
02060063	beq	x12,x0,100110	 x12:0x00000074  x0:0x00000000
00c7a023	sw	x12,0(x15)	 x15:0x00020000 x12:0x00000074 PA:0x00020000 store:0x00000074 load:0x00000000
00754683	lbu	x13,7(x10)	 x10:0x00101a18 x13=0x0000003a PA:0x00101a1f store:0x00000075
00850513	addi	x10,x10,8	 x10:0x00101a18 x10=0x00101a20
00068863	beq	x13,x0,100110	 x13:0x0000003a  x0:0x00000000
00d7a023	sw	x13,0(x15)	 x15:0x00020000 x13:0x0000003a PA:0x00020000 store:0x0000003a load:0x00000000
00054803	lbu	x16,0(x10)	 x10:0x00101a20 x16=0x00000020 PA:0x00101a20 store:0x00000000
fa0810e3	bne	x16,x0,1000ac	 x16:0x00000020  x0:0x00000000
0107a023	sw	x16,0(x15)	 x15:0x00020000 x16:0x00000020 PA:0x00020000 store:0x00000020 load:0x00000000
00154703	lbu	x14,1(x10)	 x10:0x00101a20 x14=0x00000000 PA:0x00101a21 store:0x001012f0
04070e63	beq	x14,x0,100110	 x14:0x00000000  x0:0x00000000
00000513	addi	x10,x0,0	  x0:0x00000000 x10=0x00000000
00008067	jalr	x0,0(x1)	  x1:0x001012f0  x0=0x00000000
cf8a2503	lw	x10,-776(x20)	 x20:0x00102000 x10=0x282111d5 PA:0x00101cf8 store:0x00000008
e2dfe0ef	jal	x1,100120	  x1=0x001012f8
01c55793	srli	x15,x10,0x1c	 x10:0x282111d5 x15=0x00000002
00900713	addi	x14,x0,9	  x0:0x00000000 x14=0x00000009
0cf77a63	bgeu	x14,x15,1001fc	 x14:0x00000009 x15:0x00000002
03078393	addi	x7,x15,48	 x15:0x00000002  x7=0x00000032
000205b7	lui	x11,0x20	 x11=0x00020000
00451613	slli	x12,x10,0x4	 x10:0x282111d5 x12=0x82111d50
0075a023	sw	x7,0(x11)	 x11:0x00020000  x7:0x00000032 PA:0x00020000 store:0x00000032 load:0x00000000
01c65693	srli	x13,x12,0x1c	 x12:0x82111d50 x13=0x00000008
00900813	addi	x16,x0,9	  x0:0x00000000 x16=0x00000009
f2d86ae3	bltu	x16,x13,100148	 x16:0x00000009 x13:0x00000008
03068e93	addi	x29,x13,48	 x13:0x00000008 x29=0x00000038
00020f37	lui	x30,0x20	 x30=0x00020000
00851f93	slli	x31,x10,0x8	 x10:0x282111d5 x31=0x2111d500
01df2023	sw	x29,0(x30)	 x30:0x00020000 x29:0x00000038 PA:0x00020000 store:0x00000038 load:0x00000000
01cfd793	srli	x15,x31,0x1c	 x31:0x2111d500 x15=0x00000002
00900713	addi	x14,x0,9	  x0:0x00000000 x14=0x00000009
f2f76ae3	bltu	x14,x15,100164	 x14:0x00000009 x15:0x00000002
03078393	addi	x7,x15,48	 x15:0x00000002  x7=0x00000032
000205b7	lui	x11,0x20	 x11=0x00020000
00c51613	slli	x12,x10,0xc	 x10:0x282111d5 x12=0x111d5000
0075a023	sw	x7,0(x11)	 x11:0x00020000  x7:0x00000032 PA:0x00020000 store:0x00000032 load:0x00000000
01c65693	srli	x13,x12,0x1c	 x12:0x111d5000 x13=0x00000001
00900813	addi	x16,x0,9	  x0:0x00000000 x16=0x00000009
f2d86ae3	bltu	x16,x13,100180	 x16:0x00000009 x13:0x00000001
03068e93	addi	x29,x13,48	 x13:0x00000001 x29=0x00000031
00020f37	lui	x30,0x20	 x30=0x00020000
01051f93	slli	x31,x10,0x10	 x10:0x282111d5 x31=0x11d50000
01df2023	sw	x29,0(x30)	 x30:0x00020000 x29:0x00000031 PA:0x00020000 store:0x00000031 load:0x00000000
01cfd793	srli	x15,x31,0x1c	 x31:0x11d50000 x15=0x00000001
00900713	addi	x14,x0,9	  x0:0x00000000 x14=0x00000009
f2f76ae3	bltu	x14,x15,10019c	 x14:0x00000009 x15:0x00000001
03078393	addi	x7,x15,48	 x15:0x00000001  x7=0x00000031
000205b7	lui	x11,0x20	 x11=0x00020000
01451613	slli	x12,x10,0x14	 x10:0x282111d5 x12=0x1d500000
0075a023	sw	x7,0(x11)	 x11:0x00020000  x7:0x00000031 PA:0x00020000 store:0x00000031 load:0x00000000
01c65693	srli	x13,x12,0x1c	 x12:0x1d500000 x13=0x00000001
00900813	addi	x16,x0,9	  x0:0x00000000 x16=0x00000009
f2d86ae3	bltu	x16,x13,1001b8	 x16:0x00000009 x13:0x00000001
03068e93	addi	x29,x13,48	 x13:0x00000001 x29=0x00000031
00020f37	lui	x30,0x20	 x30=0x00020000
01851f93	slli	x31,x10,0x18	 x10:0x282111d5 x31=0xd5000000
01df2023	sw	x29,0(x30)	 x30:0x00020000 x29:0x00000031 PA:0x00020000 store:0x00000031 load:0x00000000
01cfd793	srli	x15,x31,0x1c	 x31:0xd5000000 x15=0x0000000d
00900713	addi	x14,x0,9	  x0:0x00000000 x14=0x00000009
f2f76ae3	bltu	x14,x15,1001d4	 x14:0x00000009 x15:0x0000000d
03778293	addi	x5,x15,55	 x15:0x0000000d  x5=0x00000044
00020337	lui	x6,0x20	  x6=0x00020000
00532023	sw	x5,0(x6)	  x6:0x00020000  x5:0x00000044 PA:0x00020000 store:0x00000044 load:0x00000000
00f57513	andi	x10,x10,15	 x10:0x282111d5 x10=0x00000005
00900613	addi	x12,x0,9	  x0:0x00000000 x12=0x00000009
0ca66a63	bltu	x12,x10,1002bc	 x12:0x00000009 x10:0x00000005
03050893	addi	x17,x10,48	 x10:0x00000005 x17=0x00000035
00020e37	lui	x28,0x20	 x28=0x00020000
011e2023	sw	x17,0(x28)	 x28:0x00020000 x17:0x00000035 PA:0x00020000 store:0x00000035 load:0x00000000
00008067	jalr	x0,0(x1)	  x1:0x001012f8  x0=0x00000000
f1ac10e3	bne	x24,x26,1011f8	 x24:0x00000008 x26:0x00000014
d089a987	flw	f19,-760(x19)	 f19:0x00102000 f19=0x00000000 PA:0x00101d08 store:0x4598f2e4
d24baa07	flw	f20,-732(x23)	 f23:0x00102000 f20=0x00000000 PA:0x00101d24 store:0x42f67c6a
a10a8513	addi	x10,x21,-1520	 x21:0x00102000 x10=0x00101a10
1949fad3	fdiv.s	f21,f19,f20	 f19:0x00102000 f20:0x00102000 f21=0x00000000
d159a427	fsw	f21,-760(x19)	 f19:0x00102000 f21:0x00102000 PA:0x00101d08 store:0x24a74966 load:0x42f67c6a
d089ae07	flw	f28,-760(x19)	 f19:0x00102000 f28=0x00000000 PA:0x00101d08 store:0x4598f2e4
e00e0dd3	fmv.x.w	x27,f28	 f28:0x00020000 x27=0x24a74966
cfba2c23	sw	x27,-776(x20)	 x20:0x00102000 x27:0x24a74966 PA:0x00101cf8 store:0x24a74966 load:0x24a74966
e89fe0ef	jal	x1,1000a0	  x1=0x0010121c
00054803	lbu	x16,0(x10)	 x10:0x00101a10 x16=0x0000000a PA:0x00101a10 store:0x00000000
06080663	beq	x16,x0,100110	 x16:0x0000000a  x0:0x00000000
000207b7	lui	x15,0x20	 x15=0x00020000
0107a023	sw	x16,0(x15)	 x15:0x00020000 x16:0x0000000a PA:0x00020000 store:0x0000000a load:0x00000000
00154703	lbu	x14,1(x10)	 x10:0x00101a10 x14=0x00000020 PA:0x00101a11 store:0x0010121c
04070e63	beq	x14,x0,100110	 x14:0x00000020  x0:0x00000000
00e7a023	sw	x14,0(x15)	 x15:0x00020000 x14:0x00000020 PA:0x00020000 store:0x00000020 load:0x00000000
00254283	lbu	x5,2(x10)	 x10:0x00101a10  x5=0x00000069 PA:0x00101a12 store:0x00137fa0
04028863	beq	x5,x0,100110	  x5:0x00000069  x0:0x00000000
0057a023	sw	x5,0(x15)	 x15:0x00020000  x5:0x00000069 PA:0x00020000 store:0x00000069 load:0x00000000
00354303	lbu	x6,3(x10)	 x10:0x00101a10  x6=0x0000003d PA:0x00101a13 store:0x00000000
04030263	beq	x6,x0,100110	  x6:0x0000003d  x0:0x00000000
0067a023	sw	x6,0(x15)	 x15:0x00020000  x6:0x0000003d PA:0x00020000 store:0x0000003d load:0x00000000
00454383	lbu	x7,4(x10)	 x10:0x00101a10  x7=0x00000000 PA:0x00101a14 store:0x00000000
02038c63	beq	x7,x0,100110	  x7:0x00000000  x0:0x00000000
00000513	addi	x10,x0,0	  x0:0x00000000 x10=0x00000000
00008067	jalr	x0,0(x1)	  x1:0x0010121c  x0=0x00000000
000c0513	addi	x10,x24,0	 x24:0x00000008 x10=0x00000008
f01fe0ef	jal	x1,100120	  x1=0x00101224
01c55793	srli	x15,x10,0x1c	 x10:0x00000008 x15=0x00000000
00900713	addi	x14,x0,9	  x0:0x00000000 x14=0x00000009
0cf77a63	bgeu	x14,x15,1001fc	 x14:0x00000009 x15:0x00000000
03078393	addi	x7,x15,48	 x15:0x00000000  x7=0x00000030
000205b7	lui	x11,0x20	 x11=0x00020000
00451613	slli	x12,x10,0x4	 x10:0x00000008 x12=0x00000080
0075a023	sw	x7,0(x11)	 x11:0x00020000  x7:0x00000030 PA:0x00020000 store:0x00000030 load:0x00000000
01c65693	srli	x13,x12,0x1c	 x12:0x00000080 x13=0x00000000
00900813	addi	x16,x0,9	  x0:0x00000000 x16=0x00000009
f2d86ae3	bltu	x16,x13,100148	 x16:0x00000009 x13:0x00000000
03068e93	addi	x29,x13,48	 x13:0x00000000 x29=0x00000030
00020f37	lui	x30,0x20	 x30=0x00020000
00851f93	slli	x31,x10,0x8	 x10:0x00000008 x31=0x00000800
01df2023	sw	x29,0(x30)	 x30:0x00020000 x29:0x00000030 PA:0x00020000 store:0x00000030 load:0x00000000
01cfd793	srli	x15,x31,0x1c	 x31:0x00000800 x15=0x00000000
00900713	addi	x14,x0,9	  x0:0x00000000 x14=0x00000009
f2f76ae3	bltu	x14,x15,100164	 x14:0x00000009 x15:0x00000000
03078393	addi	x7,x15,48	 x15:0x00000000  x7=0x00000030
000205b7	lui	x11,0x20	 x11=0x00020000
00c51613	slli	x12,x10,0xc	 x10:0x00000008 x12=0x00008000
0075a023	sw	x7,0(x11)	 x11:0x00020000  x7:0x00000030 PA:0x00020000 store:0x00000030 load:0x00000000
01c65693	srli	x13,x12,0x1c	 x12:0x00008000 x13=0x00000000
00900813	addi	x16,x0,9	  x0:0x00000000 x16=0x00000009
f2d86ae3	bltu	x16,x13,100180	 x16:0x00000009 x13:0x00000000
03068e93	addi	x29,x13,48	 x13:0x00000000 x29=0x00000030
00020f37	lui	x30,0x20	 x30=0x00020000
01051f93	slli	x31,x10,0x10	 x10:0x00000008 x31=0x00080000
01df2023	sw	x29,0(x30)	 x30:0x00020000 x29:0x00000030 PA:0x00020000 store:0x00000030 load:0x00000000
01cfd793	srli	x15,x31,0x1c	 x31:0x00080000 x15=0x00000000
00900713	addi	x14,x0,9	  x0:0x00000000 x14=0x00000009
f2f76ae3	bltu	x14,x15,10019c	 x14:0x00000009 x15:0x00000000
03078393	addi	x7,x15,48	 x15:0x00000000  x7=0x00000030
000205b7	lui	x11,0x20	 x11=0x00020000
01451613	slli	x12,x10,0x14	 x10:0x00000008 x12=0x00800000
0075a023	sw	x7,0(x11)	 x11:0x00020000  x7:0x00000030 PA:0x00020000 store:0x00000030 load:0x00000000
01c65693	srli	x13,x12,0x1c	 x12:0x00800000 x13=0x00000000
00900813	addi	x16,x0,9	  x0:0x00000000 x16=0x00000009
f2d86ae3	bltu	x16,x13,1001b8	 x16:0x00000009 x13:0x00000000
03068e93	addi	x29,x13,48	 x13:0x00000000 x29=0x00000030
00020f37	lui	x30,0x20	 x30=0x00020000
01851f93	slli	x31,x10,0x18	 x10:0x00000008 x31=0x08000000
01df2023	sw	x29,0(x30)	 x30:0x00020000 x29:0x00000030 PA:0x00020000 store:0x00000030 load:0x00000000
01cfd793	srli	x15,x31,0x1c	 x31:0x08000000 x15=0x00000000
00900713	addi	x14,x0,9	  x0:0x00000000 x14=0x00000009
f2f76ae3	bltu	x14,x15,1001d4	 x14:0x00000009 x15:0x00000000
03078393	addi	x7,x15,48	 x15:0x00000000  x7=0x00000030
000205b7	lui	x11,0x20	 x11=0x00020000
0075a023	sw	x7,0(x11)	 x11:0x00020000  x7:0x00000030 PA:0x00020000 store:0x00000030 load:0x00000000
00f57513	andi	x10,x10,15	 x10:0x00000008 x10=0x00000008
00900613	addi	x12,x0,9	  x0:0x00000000 x12=0x00000009
f2a67ae3	bgeu	x12,x10,1001ec	 x12:0x00000009 x10:0x00000008
03050893	addi	x17,x10,48	 x10:0x00000008 x17=0x00000038
00020e37	lui	x28,0x20	 x28=0x00020000
011e2023	sw	x17,0(x28)	 x28:0x00020000 x17:0x00000038 PA:0x00020000 store:0x00000038 load:0x00000000
00008067	jalr	x0,0(x1)	  x1:0x00101224  x0=0x00000000
a18b0513	addi	x10,x22,-1512	 x22:0x00102000 x10=0x00101a18
e79fe0ef	jal	x1,1000a0	  x1=0x0010122c
00054803	lbu	x16,0(x10)	 x10:0x00101a18 x16=0x00000020 PA:0x00101a18 store:0x00000000
06080663	beq	x16,x0,100110	 x16:0x00000020  x0:0x00000000
000207b7	lui	x15,0x20	 x15=0x00020000
0107a023	sw	x16,0(x15)	 x15:0x00020000 x16:0x00000020 PA:0x00020000 store:0x00000020 load:0x00000000
00154703	lbu	x14,1(x10)	 x10:0x00101a18 x14=0x00000072 PA:0x00101a19 store:0x0010122c
04070e63	beq	x14,x0,100110	 x14:0x00000072  x0:0x00000000
00e7a023	sw	x14,0(x15)	 x15:0x00020000 x14:0x00000072 PA:0x00020000 store:0x00000072 load:0x00000000
00254283	lbu	x5,2(x10)	 x10:0x00101a18  x5=0x00000065 PA:0x00101a1a store:0x00137fa0
04028863	beq	x5,x0,100110	  x5:0x00000065  x0:0x00000000
0057a023	sw	x5,0(x15)	 x15:0x00020000  x5:0x00000065 PA:0x00020000 store:0x00000065 load:0x00000000
00354303	lbu	x6,3(x10)	 x10:0x00101a18  x6=0x00000073 PA:0x00101a1b store:0x00000000
04030263	beq	x6,x0,100110	  x6:0x00000073  x0:0x00000000
0067a023	sw	x6,0(x15)	 x15:0x00020000  x6:0x00000073 PA:0x00020000 store:0x00000073 load:0x00000000
00454383	lbu	x7,4(x10)	 x10:0x00101a18  x7=0x00000075 PA:0x00101a1c store:0x00000000
02038c63	beq	x7,x0,100110	  x7:0x00000075  x0:0x00000000
0077a023	sw	x7,0(x15)	 x15:0x00020000  x7:0x00000075 PA:0x00020000 store:0x00000075 load:0x00000000
00554583	lbu	x11,5(x10)	 x10:0x00101a18 x11=0x0000006c PA:0x00101a1d store:0x00000065
02058663	beq	x11,x0,100110	 x11:0x0000006c  x0:0x00000000
00b7a023	sw	x11,0(x15)	 x15:0x00020000 x11:0x0000006c PA:0x00020000 store:0x0000006c load:0x00000000
00654603	lbu	x12,6(x10)	 x10:0x00101a18 x12=0x00000074 PA:0x00101a1e store:0x00000073
02060063	beq	x12,x0,100110	 x12:0x00000074  x0:0x00000000
00c7a023	sw	x12,0(x15)	 x15:0x00020000 x12:0x00000074 PA:0x00020000 store:0x00000074 load:0x00000000
00754683	lbu	x13,7(x10)	 x10:0x00101a18 x13=0x0000003a PA:0x00101a1f store:0x00000075
00850513	addi	x10,x10,8	 x10:0x00101a18 x10=0x00101a20
00068863	beq	x13,x0,100110	 x13:0x0000003a  x0:0x00000000
00d7a023	sw	x13,0(x15)	 x15:0x00020000 x13:0x0000003a PA:0x00020000 store:0x0000003a load:0x00000000
00054803	lbu	x16,0(x10)	 x10:0x00101a20 x16=0x00000020 PA:0x00101a20 store:0x00000000
fa0810e3	bne	x16,x0,1000ac	 x16:0x00000020  x0:0x00000000
0107a023	sw	x16,0(x15)	 x15:0x00020000 x16:0x00000020 PA:0x00020000 store:0x00000020 load:0x00000000
00154703	lbu	x14,1(x10)	 x10:0x00101a20 x14=0x00000000 PA:0x00101a21 store:0x0010122c
04070e63	beq	x14,x0,100110	 x14:0x00000000  x0:0x00000000
00000513	addi	x10,x0,0	  x0:0x00000000 x10=0x00000000
00008067	jalr	x0,0(x1)	  x1:0x0010122c  x0=0x00000000
cf8a2503	lw	x10,-776(x20)	 x20:0x00102000 x10=0x24a74966 PA:0x00101cf8 store:0x00000008
001c0d93	addi	x27,x24,1	 x24:0x00000008 x27=0x00000009
eedfe0ef	jal	x1,100120	  x1=0x00101238
01c55793	srli	x15,x10,0x1c	 x10:0x24a74966 x15=0x00000002
00900713	addi	x14,x0,9	  x0:0x00000000 x14=0x00000009
0cf77a63	bgeu	x14,x15,1001fc	 x14:0x00000009 x15:0x00000002
03078393	addi	x7,x15,48	 x15:0x00000002  x7=0x00000032
000205b7	lui	x11,0x20	 x11=0x00020000
00451613	slli	x12,x10,0x4	 x10:0x24a74966 x12=0x4a749660
0075a023	sw	x7,0(x11)	 x11:0x00020000  x7:0x00000032 PA:0x00020000 store:0x00000032 load:0x00000000
01c65693	srli	x13,x12,0x1c	 x12:0x4a749660 x13=0x00000004
00900813	addi	x16,x0,9	  x0:0x00000000 x16=0x00000009
f2d86ae3	bltu	x16,x13,100148	 x16:0x00000009 x13:0x00000004
03068e93	addi	x29,x13,48	 x13:0x00000004 x29=0x00000034
00020f37	lui	x30,0x20	 x30=0x00020000
00851f93	slli	x31,x10,0x8	 x10:0x24a74966 x31=0xa7496600
01df2023	sw	x29,0(x30)	 x30:0x00020000 x29:0x00000034 PA:0x00020000 store:0x00000034 load:0x00000000
01cfd793	srli	x15,x31,0x1c	 x31:0xa7496600 x15=0x0000000a
00900713	addi	x14,x0,9	  x0:0x00000000 x14=0x00000009
f2f76ae3	bltu	x14,x15,100164	 x14:0x00000009 x15:0x0000000a
03778293	addi	x5,x15,55	 x15:0x0000000a  x5=0x00000041
00020337	lui	x6,0x20	  x6=0x00020000
00c51613	slli	x12,x10,0xc	 x10:0x24a74966 x12=0x74966000
00532023	sw	x5,0(x6)	  x6:0x00020000  x5:0x00000041 PA:0x00020000 store:0x00000041 load:0x00000000
01c65693	srli	x13,x12,0x1c	 x12:0x74966000 x13=0x00000007
00900813	addi	x16,x0,9	  x0:0x00000000 x16=0x00000009
0cd87a63	bgeu	x16,x13,100250	 x16:0x00000009 x13:0x00000007
03068e93	addi	x29,x13,48	 x13:0x00000007 x29=0x00000037
00020f37	lui	x30,0x20	 x30=0x00020000
01051f93	slli	x31,x10,0x10	 x10:0x24a74966 x31=0x49660000
01df2023	sw	x29,0(x30)	 x30:0x00020000 x29:0x00000037 PA:0x00020000 store:0x00000037 load:0x00000000
01cfd793	srli	x15,x31,0x1c	 x31:0x49660000 x15=0x00000004
00900713	addi	x14,x0,9	  x0:0x00000000 x14=0x00000009
f2f76ae3	bltu	x14,x15,10019c	 x14:0x00000009 x15:0x00000004
03078393	addi	x7,x15,48	 x15:0x00000004  x7=0x00000034
000205b7	lui	x11,0x20	 x11=0x00020000
01451613	slli	x12,x10,0x14	 x10:0x24a74966 x12=0x96600000
0075a023	sw	x7,0(x11)	 x11:0x00020000  x7:0x00000034 PA:0x00020000 store:0x00000034 load:0x00000000
01c65693	srli	x13,x12,0x1c	 x12:0x96600000 x13=0x00000009
00900813	addi	x16,x0,9	  x0:0x00000000 x16=0x00000009
f2d86ae3	bltu	x16,x13,1001b8	 x16:0x00000009 x13:0x00000009
03068e93	addi	x29,x13,48	 x13:0x00000009 x29=0x00000039
00020f37	lui	x30,0x20	 x30=0x00020000
01851f93	slli	x31,x10,0x18	 x10:0x24a74966 x31=0x66000000
01df2023	sw	x29,0(x30)	 x30:0x00020000 x29:0x00000039 PA:0x00020000 store:0x00000039 load:0x00000000
01cfd793	srli	x15,x31,0x1c	 x31:0x66000000 x15=0x00000006
00900713	addi	x14,x0,9	  x0:0x00000000 x14=0x00000009
f2f76ae3	bltu	x14,x15,1001d4	 x14:0x00000009 x15:0x00000006
03078393	addi	x7,x15,48	 x15:0x00000006  x7=0x00000036
000205b7	lui	x11,0x20	 x11=0x00020000
0075a023	sw	x7,0(x11)	 x11:0x00020000  x7:0x00000036 PA:0x00020000 store:0x00000036 load:0x00000000
00f57513	andi	x10,x10,15	 x10:0x24a74966 x10=0x00000006
00900613	addi	x12,x0,9	  x0:0x00000000 x12=0x00000009
f2a67ae3	bgeu	x12,x10,1001ec	 x12:0x00000009 x10:0x00000006
03050893	addi	x17,x10,48	 x10:0x00000006 x17=0x00000036
00020e37	lui	x28,0x20	 x28=0x00020000
011e2023	sw	x17,0(x28)	 x28:0x00020000 x17:0x00000036 PA:0x00020000 store:0x00000036 load:0x00000000
00008067	jalr	x0,0(x1)	  x1:0x00101238  x0=0x00000000
d089ae87	flw	f29,-760(x19)	 f19:0x00102000 f29=0x00000000 PA:0x00101d08 store:0x4598f2e4
d24baf07	flw	f30,-732(x23)	 f23:0x00102000 f30=0x00000000 PA:0x00101d24 store:0x42f67c6a
a10a8513	addi	x10,x21,-1520	 x21:0x00102000 x10=0x00101a10
19eeffd3	fdiv.s	f31,f29,f30	 f29:0x00000039 f30:0x00020000 f31=0x00000000
d1f9a427	fsw	f31,-760(x19)	 f19:0x00102000 f31:0x66000000 PA:0x00101d08 store:0x212dbe66 load:0x42f67c6a
d089a007	flw	f0,-760(x19)	 f19:0x00102000  f0=0x00000000 PA:0x00101d08 store:0x4598f2e4
e0000e53	fmv.x.w	x28,f0	  f0:0x00000000 x28=0x212dbe66
cfca2c23	sw	x28,-776(x20)	 x20:0x00102000 x28:0x212dbe66 PA:0x00101cf8 store:0x212dbe66 load:0x212dbe66
e49fe0ef	jal	x1,1000a0	  x1=0x0010125c
00054803	lbu	x16,0(x10)	 x10:0x00101a10 x16=0x0000000a PA:0x00101a10 store:0x00000000
06080663	beq	x16,x0,100110	 x16:0x0000000a  x0:0x00000000
000207b7	lui	x15,0x20	 x15=0x00020000
0107a023	sw	x16,0(x15)	 x15:0x00020000 x16:0x0000000a PA:0x00020000 store:0x0000000a load:0x00000000
00154703	lbu	x14,1(x10)	 x10:0x00101a10 x14=0x00000020 PA:0x00101a11 store:0x0010125c
04070e63	beq	x14,x0,100110	 x14:0x00000020  x0:0x00000000
00e7a023	sw	x14,0(x15)	 x15:0x00020000 x14:0x00000020 PA:0x00020000 store:0x00000020 load:0x00000000
00254283	lbu	x5,2(x10)	 x10:0x00101a10  x5=0x00000069 PA:0x00101a12 store:0x00137fa0
04028863	beq	x5,x0,100110	  x5:0x00000069  x0:0x00000000
0057a023	sw	x5,0(x15)	 x15:0x00020000  x5:0x00000069 PA:0x00020000 store:0x00000069 load:0x00000000
00354303	lbu	x6,3(x10)	 x10:0x00101a10  x6=0x0000003d PA:0x00101a13 store:0x00000000
04030263	beq	x6,x0,100110	  x6:0x0000003d  x0:0x00000000
0067a023	sw	x6,0(x15)	 x15:0x00020000  x6:0x0000003d PA:0x00020000 store:0x0000003d load:0x00000000
00454383	lbu	x7,4(x10)	 x10:0x00101a10  x7=0x00000000 PA:0x00101a14 store:0x00000000
02038c63	beq	x7,x0,100110	  x7:0x00000000  x0:0x00000000
00000513	addi	x10,x0,0	  x0:0x00000000 x10=0x00000000
00008067	jalr	x0,0(x1)	  x1:0x0010125c  x0=0x00000000
000d8513	addi	x10,x27,0	 x27:0x00000009 x10=0x00000009
ec1fe0ef	jal	x1,100120	  x1=0x00101264
01c55793	srli	x15,x10,0x1c	 x10:0x00000009 x15=0x00000000
00900713	addi	x14,x0,9	  x0:0x00000000 x14=0x00000009
0cf77a63	bgeu	x14,x15,1001fc	 x14:0x00000009 x15:0x00000000
03078393	addi	x7,x15,48	 x15:0x00000000  x7=0x00000030
000205b7	lui	x11,0x20	 x11=0x00020000
00451613	slli	x12,x10,0x4	 x10:0x00000009 x12=0x00000090
0075a023	sw	x7,0(x11)	 x11:0x00020000  x7:0x00000030 PA:0x00020000 store:0x00000030 load:0x00000000
01c65693	srli	x13,x12,0x1c	 x12:0x00000090 x13=0x00000000
00900813	addi	x16,x0,9	  x0:0x00000000 x16=0x00000009
f2d86ae3	bltu	x16,x13,100148	 x16:0x00000009 x13:0x00000000
03068e93	addi	x29,x13,48	 x13:0x00000000 x29=0x00000030
00020f37	lui	x30,0x20	 x30=0x00020000
00851f93	slli	x31,x10,0x8	 x10:0x00000009 x31=0x00000900
01df2023	sw	x29,0(x30)	 x30:0x00020000 x29:0x00000030 PA:0x00020000 store:0x00000030 load:0x00000000
01cfd793	srli	x15,x31,0x1c	 x31:0x00000900 x15=0x00000000
00900713	addi	x14,x0,9	  x0:0x00000000 x14=0x00000009
f2f76ae3	bltu	x14,x15,100164	 x14:0x00000009 x15:0x00000000
03078393	addi	x7,x15,48	 x15:0x00000000  x7=0x00000030
000205b7	lui	x11,0x20	 x11=0x00020000
00c51613	slli	x12,x10,0xc	 x10:0x00000009 x12=0x00009000
0075a023	sw	x7,0(x11)	 x11:0x00020000  x7:0x00000030 PA:0x00020000 store:0x00000030 load:0x00000000
01c65693	srli	x13,x12,0x1c	 x12:0x00009000 x13=0x00000000
00900813	addi	x16,x0,9	  x0:0x00000000 x16=0x00000009
f2d86ae3	bltu	x16,x13,100180	 x16:0x00000009 x13:0x00000000
03068e93	addi	x29,x13,48	 x13:0x00000000 x29=0x00000030
00020f37	lui	x30,0x20	 x30=0x00020000
01051f93	slli	x31,x10,0x10	 x10:0x00000009 x31=0x00090000
01df2023	sw	x29,0(x30)	 x30:0x00020000 x29:0x00000030 PA:0x00020000 store:0x00000030 load:0x00000000
01cfd793	srli	x15,x31,0x1c	 x31:0x00090000 x15=0x00000000
00900713	addi	x14,x0,9	  x0:0x00000000 x14=0x00000009
f2f76ae3	bltu	x14,x15,10019c	 x14:0x00000009 x15:0x00000000
03078393	addi	x7,x15,48	 x15:0x00000000  x7=0x00000030
000205b7	lui	x11,0x20	 x11=0x00020000
01451613	slli	x12,x10,0x14	 x10:0x00000009 x12=0x00900000
0075a023	sw	x7,0(x11)	 x11:0x00020000  x7:0x00000030 PA:0x00020000 store:0x00000030 load:0x00000000
01c65693	srli	x13,x12,0x1c	 x12:0x00900000 x13=0x00000000
00900813	addi	x16,x0,9	  x0:0x00000000 x16=0x00000009
f2d86ae3	bltu	x16,x13,1001b8	 x16:0x00000009 x13:0x00000000
03068e93	addi	x29,x13,48	 x13:0x00000000 x29=0x00000030
00020f37	lui	x30,0x20	 x30=0x00020000
01851f93	slli	x31,x10,0x18	 x10:0x00000009 x31=0x09000000
01df2023	sw	x29,0(x30)	 x30:0x00020000 x29:0x00000030 PA:0x00020000 store:0x00000030 load:0x00000000
01cfd793	srli	x15,x31,0x1c	 x31:0x09000000 x15=0x00000000
00900713	addi	x14,x0,9	  x0:0x00000000 x14=0x00000009
f2f76ae3	bltu	x14,x15,1001d4	 x14:0x00000009 x15:0x00000000
03078393	addi	x7,x15,48	 x15:0x00000000  x7=0x00000030
000205b7	lui	x11,0x20	 x11=0x00020000
0075a023	sw	x7,0(x11)	 x11:0x00020000  x7:0x00000030 PA:0x00020000 store:0x00000030 load:0x00000000
00f57513	andi	x10,x10,15	 x10:0x00000009 x10=0x00000009
00900613	addi	x12,x0,9	  x0:0x00000000 x12=0x00000009
f2a67ae3	bgeu	x12,x10,1001ec	 x12:0x00000009 x10:0x00000009
03050893	addi	x17,x10,48	 x10:0x00000009 x17=0x00000039
00020e37	lui	x28,0x20	 x28=0x00020000
011e2023	sw	x17,0(x28)	 x28:0x00020000 x17:0x00000039 PA:0x00020000 store:0x00000039 load:0x00000000
00008067	jalr	x0,0(x1)	  x1:0x00101264  x0=0x00000000
a18b0513	addi	x10,x22,-1512	 x22:0x00102000 x10=0x00101a18
e39fe0ef	jal	x1,1000a0	  x1=0x0010126c
00054803	lbu	x16,0(x10)	 x10:0x00101a18 x16=0x00000020 PA:0x00101a18 store:0x00000000
06080663	beq	x16,x0,100110	 x16:0x00000020  x0:0x00000000
000207b7	lui	x15,0x20	 x15=0x00020000
0107a023	sw	x16,0(x15)	 x15:0x00020000 x16:0x00000020 PA:0x00020000 store:0x00000020 load:0x00000000
00154703	lbu	x14,1(x10)	 x10:0x00101a18 x14=0x00000072 PA:0x00101a19 store:0x0010126c
04070e63	beq	x14,x0,100110	 x14:0x00000072  x0:0x00000000
00e7a023	sw	x14,0(x15)	 x15:0x00020000 x14:0x00000072 PA:0x00020000 store:0x00000072 load:0x00000000
00254283	lbu	x5,2(x10)	 x10:0x00101a18  x5=0x00000065 PA:0x00101a1a store:0x00137fa0
04028863	beq	x5,x0,100110	  x5:0x00000065  x0:0x00000000
0057a023	sw	x5,0(x15)	 x15:0x00020000  x5:0x00000065 PA:0x00020000 store:0x00000065 load:0x00000000
00354303	lbu	x6,3(x10)	 x10:0x00101a18  x6=0x00000073 PA:0x00101a1b store:0x00000000
04030263	beq	x6,x0,100110	  x6:0x00000073  x0:0x00000000
0067a023	sw	x6,0(x15)	 x15:0x00020000  x6:0x00000073 PA:0x00020000 store:0x00000073 load:0x00000000
00454383	lbu	x7,4(x10)	 x10:0x00101a18  x7=0x00000075 PA:0x00101a1c store:0x00000000
02038c63	beq	x7,x0,100110	  x7:0x00000075  x0:0x00000000
0077a023	sw	x7,0(x15)	 x15:0x00020000  x7:0x00000075 PA:0x00020000 store:0x00000075 load:0x00000000
00554583	lbu	x11,5(x10)	 x10:0x00101a18 x11=0x0000006c PA:0x00101a1d store:0x00000065
02058663	beq	x11,x0,100110	 x11:0x0000006c  x0:0x00000000
00b7a023	sw	x11,0(x15)	 x15:0x00020000 x11:0x0000006c PA:0x00020000 store:0x0000006c load:0x00000000
00654603	lbu	x12,6(x10)	 x10:0x00101a18 x12=0x00000074 PA:0x00101a1e store:0x00000073
02060063	beq	x12,x0,100110	 x12:0x00000074  x0:0x00000000
00c7a023	sw	x12,0(x15)	 x15:0x00020000 x12:0x00000074 PA:0x00020000 store:0x00000074 load:0x00000000
00754683	lbu	x13,7(x10)	 x10:0x00101a18 x13=0x0000003a PA:0x00101a1f store:0x00000075
00850513	addi	x10,x10,8	 x10:0x00101a18 x10=0x00101a20
00068863	beq	x13,x0,100110	 x13:0x0000003a  x0:0x00000000
00d7a023	sw	x13,0(x15)	 x15:0x00020000 x13:0x0000003a PA:0x00020000 store:0x0000003a load:0x00000000
00054803	lbu	x16,0(x10)	 x10:0x00101a20 x16=0x00000020 PA:0x00101a20 store:0x00000000
fa0810e3	bne	x16,x0,1000ac	 x16:0x00000020  x0:0x00000000
0107a023	sw	x16,0(x15)	 x15:0x00020000 x16:0x00000020 PA:0x00020000 store:0x00000020 load:0x00000000
00154703	lbu	x14,1(x10)	 x10:0x00101a20 x14=0x00000000 PA:0x00101a21 store:0x0010126c
04070e63	beq	x14,x0,100110	 x14:0x00000000  x0:0x00000000
00000513	addi	x10,x0,0	  x0:0x00000000 x10=0x00000000
00008067	jalr	x0,0(x1)	  x1:0x0010126c  x0=0x00000000
cf8a2503	lw	x10,-776(x20)	 x20:0x00102000 x10=0x212dbe66 PA:0x00101cf8 store:0x00000008
002c0d93	addi	x27,x24,2	 x24:0x00000008 x27=0x0000000a
eadfe0ef	jal	x1,100120	  x1=0x00101278
01c55793	srli	x15,x10,0x1c	 x10:0x212dbe66 x15=0x00000002
00900713	addi	x14,x0,9	  x0:0x00000000 x14=0x00000009
0cf77a63	bgeu	x14,x15,1001fc	 x14:0x00000009 x15:0x00000002
03078393	addi	x7,x15,48	 x15:0x00000002  x7=0x00000032
000205b7	lui	x11,0x20	 x11=0x00020000
00451613	slli	x12,x10,0x4	 x10:0x212dbe66 x12=0x12dbe660
0075a023	sw	x7,0(x11)	 x11:0x00020000  x7:0x00000032 PA:0x00020000 store:0x00000032 load:0x00000000
01c65693	srli	x13,x12,0x1c	 x12:0x12dbe660 x13=0x00000001
00900813	addi	x16,x0,9	  x0:0x00000000 x16=0x00000009
f2d86ae3	bltu	x16,x13,100148	 x16:0x00000009 x13:0x00000001
03068e93	addi	x29,x13,48	 x13:0x00000001 x29=0x00000031
00020f37	lui	x30,0x20	 x30=0x00020000
00851f93	slli	x31,x10,0x8	 x10:0x212dbe66 x31=0x2dbe6600
01df2023	sw	x29,0(x30)	 x30:0x00020000 x29:0x00000031 PA:0x00020000 store:0x00000031 load:0x00000000
01cfd793	srli	x15,x31,0x1c	 x31:0x2dbe6600 x15=0x00000002
00900713	addi	x14,x0,9	  x0:0x00000000 x14=0x00000009
f2f76ae3	bltu	x14,x15,100164	 x14:0x00000009 x15:0x00000002
03078393	addi	x7,x15,48	 x15:0x00000002  x7=0x00000032
000205b7	lui	x11,0x20	 x11=0x00020000
00c51613	slli	x12,x10,0xc	 x10:0x212dbe66 x12=0xdbe66000
0075a023	sw	x7,0(x11)	 x11:0x00020000  x7:0x00000032 PA:0x00020000 store:0x00000032 load:0x00000000
01c65693	srli	x13,x12,0x1c	 x12:0xdbe66000 x13=0x0000000d
00900813	addi	x16,x0,9	  x0:0x00000000 x16=0x00000009
f2d86ae3	bltu	x16,x13,100180	 x16:0x00000009 x13:0x0000000d
03768893	addi	x17,x13,55	 x13:0x0000000d x17=0x00000044
00020e37	lui	x28,0x20	 x28=0x00020000
01051f93	slli	x31,x10,0x10	 x10:0x212dbe66 x31=0xbe660000
011e2023	sw	x17,0(x28)	 x28:0x00020000 x17:0x00000044 PA:0x00020000 store:0x00000044 load:0x00000000
01cfd793	srli	x15,x31,0x1c	 x31:0xbe660000 x15=0x0000000b
00900713	addi	x14,x0,9	  x0:0x00000000 x14=0x00000009
0cf77a63	bgeu	x14,x15,10026c	 x14:0x00000009 x15:0x0000000b
03778293	addi	x5,x15,55	 x15:0x0000000b  x5=0x00000042
00020337	lui	x6,0x20	  x6=0x00020000
01451613	slli	x12,x10,0x14	 x10:0x212dbe66 x12=0xe6600000
00532023	sw	x5,0(x6)	  x6:0x00020000  x5:0x00000042 PA:0x00020000 store:0x00000042 load:0x00000000
01c65693	srli	x13,x12,0x1c	 x12:0xe6600000 x13=0x0000000e
00900813	addi	x16,x0,9	  x0:0x00000000 x16=0x00000009
0cd87a63	bgeu	x16,x13,100288	 x16:0x00000009 x13:0x0000000e
03768893	addi	x17,x13,55	 x13:0x0000000e x17=0x00000045
00020e37	lui	x28,0x20	 x28=0x00020000
01851f93	slli	x31,x10,0x18	 x10:0x212dbe66 x31=0x66000000
011e2023	sw	x17,0(x28)	 x28:0x00020000 x17:0x00000045 PA:0x00020000 store:0x00000045 load:0x00000000
01cfd793	srli	x15,x31,0x1c	 x31:0x66000000 x15=0x00000006
00900713	addi	x14,x0,9	  x0:0x00000000 x14=0x00000009
0cf77a63	bgeu	x14,x15,1002a4	 x14:0x00000009 x15:0x00000006
03078393	addi	x7,x15,48	 x15:0x00000006  x7=0x00000036
000205b7	lui	x11,0x20	 x11=0x00020000
0075a023	sw	x7,0(x11)	 x11:0x00020000  x7:0x00000036 PA:0x00020000 store:0x00000036 load:0x00000000
00f57513	andi	x10,x10,15	 x10:0x212dbe66 x10=0x00000006
00900613	addi	x12,x0,9	  x0:0x00000000 x12=0x00000009
f2a67ae3	bgeu	x12,x10,1001ec	 x12:0x00000009 x10:0x00000006
03050893	addi	x17,x10,48	 x10:0x00000006 x17=0x00000036
00020e37	lui	x28,0x20	 x28=0x00020000
011e2023	sw	x17,0(x28)	 x28:0x00020000 x17:0x00000036 PA:0x00020000 store:0x00000036 load:0x00000000
00008067	jalr	x0,0(x1)	  x1:0x00101278  x0=0x00000000
d089a087	flw	f1,-760(x19)	 f19:0x00102000  f1=0x00000000 PA:0x00101d08 store:0x4598f2e4
d24ba107	flw	f2,-732(x23)	 f23:0x00102000  f2=0x00000000 PA:0x00101d24 store:0x42f67c6a
a10a8513	addi	x10,x21,-1520	 x21:0x00102000 x10=0x00101a10
1820f753	fdiv.s	f14,f1,f2	  f1:0x00101278  f2:0x00137fa0 f14=0x00000000
d0e9a427	fsw	f14,-760(x19)	 f19:0x00102000 f14:0x00000009 PA:0x00101d08 store:0x1db47333 load:0x42f67c6a
d089a787	flw	f15,-760(x19)	 f19:0x00102000 f15=0x00000000 PA:0x00101d08 store:0x4598f2e4
e0078ed3	fmv.x.w	x29,f15	 f15:0x00000006 x29=0x1db47333
cfda2c23	sw	x29,-776(x20)	 x20:0x00102000 x29:0x1db47333 PA:0x00101cf8 store:0x1db47333 load:0x1db47333
e09fe0ef	jal	x1,1000a0	  x1=0x0010129c
00054803	lbu	x16,0(x10)	 x10:0x00101a10 x16=0x0000000a PA:0x00101a10 store:0x00000000
06080663	beq	x16,x0,100110	 x16:0x0000000a  x0:0x00000000
000207b7	lui	x15,0x20	 x15=0x00020000
0107a023	sw	x16,0(x15)	 x15:0x00020000 x16:0x0000000a PA:0x00020000 store:0x0000000a load:0x00000000
00154703	lbu	x14,1(x10)	 x10:0x00101a10 x14=0x00000020 PA:0x00101a11 store:0x0010129c
04070e63	beq	x14,x0,100110	 x14:0x00000020  x0:0x00000000
00e7a023	sw	x14,0(x15)	 x15:0x00020000 x14:0x00000020 PA:0x00020000 store:0x00000020 load:0x00000000
00254283	lbu	x5,2(x10)	 x10:0x00101a10  x5=0x00000069 PA:0x00101a12 store:0x00137fa0
04028863	beq	x5,x0,100110	  x5:0x00000069  x0:0x00000000
0057a023	sw	x5,0(x15)	 x15:0x00020000  x5:0x00000069 PA:0x00020000 store:0x00000069 load:0x00000000
00354303	lbu	x6,3(x10)	 x10:0x00101a10  x6=0x0000003d PA:0x00101a13 store:0x00000000
04030263	beq	x6,x0,100110	  x6:0x0000003d  x0:0x00000000
0067a023	sw	x6,0(x15)	 x15:0x00020000  x6:0x0000003d PA:0x00020000 store:0x0000003d load:0x00000000
00454383	lbu	x7,4(x10)	 x10:0x00101a10  x7=0x00000000 PA:0x00101a14 store:0x00000000
02038c63	beq	x7,x0,100110	  x7:0x00000000  x0:0x00000000
00000513	addi	x10,x0,0	  x0:0x00000000 x10=0x00000000
00008067	jalr	x0,0(x1)	  x1:0x0010129c  x0=0x00000000
000d8513	addi	x10,x27,0	 x27:0x0000000a x10=0x0000000a
e81fe0ef	jal	x1,100120	  x1=0x001012a4
01c55793	srli	x15,x10,0x1c	 x10:0x0000000a x15=0x00000000
00900713	addi	x14,x0,9	  x0:0x00000000 x14=0x00000009
0cf77a63	bgeu	x14,x15,1001fc	 x14:0x00000009 x15:0x00000000
03078393	addi	x7,x15,48	 x15:0x00000000  x7=0x00000030
000205b7	lui	x11,0x20	 x11=0x00020000
00451613	slli	x12,x10,0x4	 x10:0x0000000a x12=0x000000a0
0075a023	sw	x7,0(x11)	 x11:0x00020000  x7:0x00000030 PA:0x00020000 store:0x00000030 load:0x00000000
01c65693	srli	x13,x12,0x1c	 x12:0x000000a0 x13=0x00000000
00900813	addi	x16,x0,9	  x0:0x00000000 x16=0x00000009
f2d86ae3	bltu	x16,x13,100148	 x16:0x00000009 x13:0x00000000
03068e93	addi	x29,x13,48	 x13:0x00000000 x29=0x00000030
00020f37	lui	x30,0x20	 x30=0x00020000
00851f93	slli	x31,x10,0x8	 x10:0x0000000a x31=0x00000a00
01df2023	sw	x29,0(x30)	 x30:0x00020000 x29:0x00000030 PA:0x00020000 store:0x00000030 load:0x00000000
01cfd793	srli	x15,x31,0x1c	 x31:0x00000a00 x15=0x00000000
00900713	addi	x14,x0,9	  x0:0x00000000 x14=0x00000009
f2f76ae3	bltu	x14,x15,100164	 x14:0x00000009 x15:0x00000000
03078393	addi	x7,x15,48	 x15:0x00000000  x7=0x00000030
000205b7	lui	x11,0x20	 x11=0x00020000
00c51613	slli	x12,x10,0xc	 x10:0x0000000a x12=0x0000a000
0075a023	sw	x7,0(x11)	 x11:0x00020000  x7:0x00000030 PA:0x00020000 store:0x00000030 load:0x00000000
01c65693	srli	x13,x12,0x1c	 x12:0x0000a000 x13=0x00000000
00900813	addi	x16,x0,9	  x0:0x00000000 x16=0x00000009
f2d86ae3	bltu	x16,x13,100180	 x16:0x00000009 x13:0x00000000
03068e93	addi	x29,x13,48	 x13:0x00000000 x29=0x00000030
00020f37	lui	x30,0x20	 x30=0x00020000
01051f93	slli	x31,x10,0x10	 x10:0x0000000a x31=0x000a0000
01df2023	sw	x29,0(x30)	 x30:0x00020000 x29:0x00000030 PA:0x00020000 store:0x00000030 load:0x00000000
01cfd793	srli	x15,x31,0x1c	 x31:0x000a0000 x15=0x00000000
00900713	addi	x14,x0,9	  x0:0x00000000 x14=0x00000009
f2f76ae3	bltu	x14,x15,10019c	 x14:0x00000009 x15:0x00000000
03078393	addi	x7,x15,48	 x15:0x00000000  x7=0x00000030
000205b7	lui	x11,0x20	 x11=0x00020000
01451613	slli	x12,x10,0x14	 x10:0x0000000a x12=0x00a00000
0075a023	sw	x7,0(x11)	 x11:0x00020000  x7:0x00000030 PA:0x00020000 store:0x00000030 load:0x00000000
01c65693	srli	x13,x12,0x1c	 x12:0x00a00000 x13=0x00000000
00900813	addi	x16,x0,9	  x0:0x00000000 x16=0x00000009
f2d86ae3	bltu	x16,x13,1001b8	 x16:0x00000009 x13:0x00000000
03068e93	addi	x29,x13,48	 x13:0x00000000 x29=0x00000030
00020f37	lui	x30,0x20	 x30=0x00020000
01851f93	slli	x31,x10,0x18	 x10:0x0000000a x31=0x0a000000
01df2023	sw	x29,0(x30)	 x30:0x00020000 x29:0x00000030 PA:0x00020000 store:0x00000030 load:0x00000000
01cfd793	srli	x15,x31,0x1c	 x31:0x0a000000 x15=0x00000000
00900713	addi	x14,x0,9	  x0:0x00000000 x14=0x00000009
f2f76ae3	bltu	x14,x15,1001d4	 x14:0x00000009 x15:0x00000000
03078393	addi	x7,x15,48	 x15:0x00000000  x7=0x00000030
000205b7	lui	x11,0x20	 x11=0x00020000
0075a023	sw	x7,0(x11)	 x11:0x00020000  x7:0x00000030 PA:0x00020000 store:0x00000030 load:0x00000000
00f57513	andi	x10,x10,15	 x10:0x0000000a x10=0x0000000a
00900613	addi	x12,x0,9	  x0:0x00000000 x12=0x00000009
f2a67ae3	bgeu	x12,x10,1001ec	 x12:0x00000009 x10:0x0000000a
03750693	addi	x13,x10,55	 x10:0x0000000a x13=0x00000041
00020837	lui	x16,0x20	 x16=0x00020000
00d82023	sw	x13,0(x16)	 x16:0x00020000 x13:0x00000041 PA:0x00020000 store:0x00000041 load:0x00000000
00008067	jalr	x0,0(x1)	  x1:0x001012a4  x0=0x00000000
a18b0513	addi	x10,x22,-1512	 x22:0x00102000 x10=0x00101a18
df9fe0ef	jal	x1,1000a0	  x1=0x001012ac
00054803	lbu	x16,0(x10)	 x10:0x00101a18 x16=0x00000020 PA:0x00101a18 store:0x00000000
06080663	beq	x16,x0,100110	 x16:0x00000020  x0:0x00000000
000207b7	lui	x15,0x20	 x15=0x00020000
0107a023	sw	x16,0(x15)	 x15:0x00020000 x16:0x00000020 PA:0x00020000 store:0x00000020 load:0x00000000
00154703	lbu	x14,1(x10)	 x10:0x00101a18 x14=0x00000072 PA:0x00101a19 store:0x001012ac
04070e63	beq	x14,x0,100110	 x14:0x00000072  x0:0x00000000
00e7a023	sw	x14,0(x15)	 x15:0x00020000 x14:0x00000072 PA:0x00020000 store:0x00000072 load:0x00000000
00254283	lbu	x5,2(x10)	 x10:0x00101a18  x5=0x00000065 PA:0x00101a1a store:0x00137fa0
04028863	beq	x5,x0,100110	  x5:0x00000065  x0:0x00000000
0057a023	sw	x5,0(x15)	 x15:0x00020000  x5:0x00000065 PA:0x00020000 store:0x00000065 load:0x00000000
00354303	lbu	x6,3(x10)	 x10:0x00101a18  x6=0x00000073 PA:0x00101a1b store:0x00000000
04030263	beq	x6,x0,100110	  x6:0x00000073  x0:0x00000000
0067a023	sw	x6,0(x15)	 x15:0x00020000  x6:0x00000073 PA:0x00020000 store:0x00000073 load:0x00000000
00454383	lbu	x7,4(x10)	 x10:0x00101a18  x7=0x00000075 PA:0x00101a1c store:0x00000000
02038c63	beq	x7,x0,100110	  x7:0x00000075  x0:0x00000000
0077a023	sw	x7,0(x15)	 x15:0x00020000  x7:0x00000075 PA:0x00020000 store:0x00000075 load:0x00000000
00554583	lbu	x11,5(x10)	 x10:0x00101a18 x11=0x0000006c PA:0x00101a1d store:0x00000065
02058663	beq	x11,x0,100110	 x11:0x0000006c  x0:0x00000000
00b7a023	sw	x11,0(x15)	 x15:0x00020000 x11:0x0000006c PA:0x00020000 store:0x0000006c load:0x00000000
00654603	lbu	x12,6(x10)	 x10:0x00101a18 x12=0x00000074 PA:0x00101a1e store:0x00000073
02060063	beq	x12,x0,100110	 x12:0x00000074  x0:0x00000000
00c7a023	sw	x12,0(x15)	 x15:0x00020000 x12:0x00000074 PA:0x00020000 store:0x00000074 load:0x00000000
00754683	lbu	x13,7(x10)	 x10:0x00101a18 x13=0x0000003a PA:0x00101a1f store:0x00000075
00850513	addi	x10,x10,8	 x10:0x00101a18 x10=0x00101a20
00068863	beq	x13,x0,100110	 x13:0x0000003a  x0:0x00000000
00d7a023	sw	x13,0(x15)	 x15:0x00020000 x13:0x0000003a PA:0x00020000 store:0x0000003a load:0x00000000
00054803	lbu	x16,0(x10)	 x10:0x00101a20 x16=0x00000020 PA:0x00101a20 store:0x00000000
fa0810e3	bne	x16,x0,1000ac	 x16:0x00000020  x0:0x00000000
0107a023	sw	x16,0(x15)	 x15:0x00020000 x16:0x00000020 PA:0x00020000 store:0x00000020 load:0x00000000
00154703	lbu	x14,1(x10)	 x10:0x00101a20 x14=0x00000000 PA:0x00101a21 store:0x001012ac
04070e63	beq	x14,x0,100110	 x14:0x00000000  x0:0x00000000
00000513	addi	x10,x0,0	  x0:0x00000000 x10=0x00000000
00008067	jalr	x0,0(x1)	  x1:0x001012ac  x0=0x00000000
cf8a2503	lw	x10,-776(x20)	 x20:0x00102000 x10=0x1db47333 PA:0x00101cf8 store:0x00000008
003c0d93	addi	x27,x24,3	 x24:0x00000008 x27=0x0000000b
004c0c13	addi	x24,x24,4	 x24:0x00000008 x24=0x0000000c
e69fe0ef	jal	x1,100120	  x1=0x001012bc
01c55793	srli	x15,x10,0x1c	 x10:0x1db47333 x15=0x00000001
00900713	addi	x14,x0,9	  x0:0x00000000 x14=0x00000009
0cf77a63	bgeu	x14,x15,1001fc	 x14:0x00000009 x15:0x00000001
03078393	addi	x7,x15,48	 x15:0x00000001  x7=0x00000031
000205b7	lui	x11,0x20	 x11=0x00020000
00451613	slli	x12,x10,0x4	 x10:0x1db47333 x12=0xdb473330
0075a023	sw	x7,0(x11)	 x11:0x00020000  x7:0x00000031 PA:0x00020000 store:0x00000031 load:0x00000000
01c65693	srli	x13,x12,0x1c	 x12:0xdb473330 x13=0x0000000d
00900813	addi	x16,x0,9	  x0:0x00000000 x16=0x00000009
f2d86ae3	bltu	x16,x13,100148	 x16:0x00000009 x13:0x0000000d
03768893	addi	x17,x13,55	 x13:0x0000000d x17=0x00000044
00020e37	lui	x28,0x20	 x28=0x00020000
00851f93	slli	x31,x10,0x8	 x10:0x1db47333 x31=0xb4733300
011e2023	sw	x17,0(x28)	 x28:0x00020000 x17:0x00000044 PA:0x00020000 store:0x00000044 load:0x00000000
01cfd793	srli	x15,x31,0x1c	 x31:0xb4733300 x15=0x0000000b
00900713	addi	x14,x0,9	  x0:0x00000000 x14=0x00000009
0cf77a63	bgeu	x14,x15,100234	 x14:0x00000009 x15:0x0000000b
03778293	addi	x5,x15,55	 x15:0x0000000b  x5=0x00000042
00020337	lui	x6,0x20	  x6=0x00020000
00c51613	slli	x12,x10,0xc	 x10:0x1db47333 x12=0x47333000
00532023	sw	x5,0(x6)	  x6:0x00020000  x5:0x00000042 PA:0x00020000 store:0x00000042 load:0x00000000
01c65693	srli	x13,x12,0x1c	 x12:0x47333000 x13=0x00000004
00900813	addi	x16,x0,9	  x0:0x00000000 x16=0x00000009
0cd87a63	bgeu	x16,x13,100250	 x16:0x00000009 x13:0x00000004
03068e93	addi	x29,x13,48	 x13:0x00000004 x29=0x00000034
00020f37	lui	x30,0x20	 x30=0x00020000
01051f93	slli	x31,x10,0x10	 x10:0x1db47333 x31=0x73330000
01df2023	sw	x29,0(x30)	 x30:0x00020000 x29:0x00000034 PA:0x00020000 store:0x00000034 load:0x00000000
01cfd793	srli	x15,x31,0x1c	 x31:0x73330000 x15=0x00000007
00900713	addi	x14,x0,9	  x0:0x00000000 x14=0x00000009
f2f76ae3	bltu	x14,x15,10019c	 x14:0x00000009 x15:0x00000007
03078393	addi	x7,x15,48	 x15:0x00000007  x7=0x00000037
000205b7	lui	x11,0x20	 x11=0x00020000
01451613	slli	x12,x10,0x14	 x10:0x1db47333 x12=0x33300000
0075a023	sw	x7,0(x11)	 x11:0x00020000  x7:0x00000037 PA:0x00020000 store:0x00000037 load:0x00000000
01c65693	srli	x13,x12,0x1c	 x12:0x33300000 x13=0x00000003
00900813	addi	x16,x0,9	  x0:0x00000000 x16=0x00000009
f2d86ae3	bltu	x16,x13,1001b8	 x16:0x00000009 x13:0x00000003
03068e93	addi	x29,x13,48	 x13:0x00000003 x29=0x00000033
00020f37	lui	x30,0x20	 x30=0x00020000
01851f93	slli	x31,x10,0x18	 x10:0x1db47333 x31=0x33000000
01df2023	sw	x29,0(x30)	 x30:0x00020000 x29:0x00000033 PA:0x00020000 store:0x00000033 load:0x00000000
01cfd793	srli	x15,x31,0x1c	 x31:0x33000000 x15=0x00000003
00900713	addi	x14,x0,9	  x0:0x00000000 x14=0x00000009
f2f76ae3	bltu	x14,x15,1001d4	 x14:0x00000009 x15:0x00000003
03078393	addi	x7,x15,48	 x15:0x00000003  x7=0x00000033
000205b7	lui	x11,0x20	 x11=0x00020000
0075a023	sw	x7,0(x11)	 x11:0x00020000  x7:0x00000033 PA:0x00020000 store:0x00000033 load:0x00000000
00f57513	andi	x10,x10,15	 x10:0x1db47333 x10=0x00000003
00900613	addi	x12,x0,9	  x0:0x00000000 x12=0x00000009
f2a67ae3	bgeu	x12,x10,1001ec	 x12:0x00000009 x10:0x00000003
03050893	addi	x17,x10,48	 x10:0x00000003 x17=0x00000033
00020e37	lui	x28,0x20	 x28=0x00020000
011e2023	sw	x17,0(x28)	 x28:0x00020000 x17:0x00000033 PA:0x00020000 store:0x00000033 load:0x00000000
00008067	jalr	x0,0(x1)	  x1:0x001012bc  x0=0x00000000
d089a187	flw	f3,-760(x19)	 f19:0x00102000  f3=0x00000000 PA:0x00101d08 store:0x4598f2e4
d24ba207	flw	f4,-732(x23)	 f23:0x00102000  f4=0x00000000 PA:0x00101d24 store:0x42f67c6a
a10a8513	addi	x10,x21,-1520	 x21:0x00102000 x10=0x00101a10
1841f5d3	fdiv.s	f11,f3,f4	  f3:0x00000000  f4:0x00000000 f11=0x00000000
d0b9a427	fsw	f11,-760(x19)	 f19:0x00102000 f11:0x00020000 PA:0x00101d08 store:0x1a3b6a45 load:0x42f67c6a
d089a287	flw	f5,-760(x19)	 f19:0x00102000  f5=0x00000000 PA:0x00101d08 store:0x4598f2e4
e0028f53	fmv.x.w	x30,f5	  f5:0x00000042 x30=0x1a3b6a45
cfea2c23	sw	x30,-776(x20)	 x20:0x00102000 x30:0x1a3b6a45 PA:0x00101cf8 store:0x1a3b6a45 load:0x1a3b6a45
dc5fe0ef	jal	x1,1000a0	  x1=0x001012e0
00054803	lbu	x16,0(x10)	 x10:0x00101a10 x16=0x0000000a PA:0x00101a10 store:0x00000000
06080663	beq	x16,x0,100110	 x16:0x0000000a  x0:0x00000000
000207b7	lui	x15,0x20	 x15=0x00020000
0107a023	sw	x16,0(x15)	 x15:0x00020000 x16:0x0000000a PA:0x00020000 store:0x0000000a load:0x00000000
00154703	lbu	x14,1(x10)	 x10:0x00101a10 x14=0x00000020 PA:0x00101a11 store:0x001012e0
04070e63	beq	x14,x0,100110	 x14:0x00000020  x0:0x00000000
00e7a023	sw	x14,0(x15)	 x15:0x00020000 x14:0x00000020 PA:0x00020000 store:0x00000020 load:0x00000000
00254283	lbu	x5,2(x10)	 x10:0x00101a10  x5=0x00000069 PA:0x00101a12 store:0x00137fa0
04028863	beq	x5,x0,100110	  x5:0x00000069  x0:0x00000000
0057a023	sw	x5,0(x15)	 x15:0x00020000  x5:0x00000069 PA:0x00020000 store:0x00000069 load:0x00000000
00354303	lbu	x6,3(x10)	 x10:0x00101a10  x6=0x0000003d PA:0x00101a13 store:0x00000000
04030263	beq	x6,x0,100110	  x6:0x0000003d  x0:0x00000000
0067a023	sw	x6,0(x15)	 x15:0x00020000  x6:0x0000003d PA:0x00020000 store:0x0000003d load:0x00000000
00454383	lbu	x7,4(x10)	 x10:0x00101a10  x7=0x00000000 PA:0x00101a14 store:0x00000000
02038c63	beq	x7,x0,100110	  x7:0x00000000  x0:0x00000000
00000513	addi	x10,x0,0	  x0:0x00000000 x10=0x00000000
00008067	jalr	x0,0(x1)	  x1:0x001012e0  x0=0x00000000
000d8513	addi	x10,x27,0	 x27:0x0000000b x10=0x0000000b
e3dfe0ef	jal	x1,100120	  x1=0x001012e8
01c55793	srli	x15,x10,0x1c	 x10:0x0000000b x15=0x00000000
00900713	addi	x14,x0,9	  x0:0x00000000 x14=0x00000009
0cf77a63	bgeu	x14,x15,1001fc	 x14:0x00000009 x15:0x00000000
03078393	addi	x7,x15,48	 x15:0x00000000  x7=0x00000030
000205b7	lui	x11,0x20	 x11=0x00020000
00451613	slli	x12,x10,0x4	 x10:0x0000000b x12=0x000000b0
0075a023	sw	x7,0(x11)	 x11:0x00020000  x7:0x00000030 PA:0x00020000 store:0x00000030 load:0x00000000
01c65693	srli	x13,x12,0x1c	 x12:0x000000b0 x13=0x00000000
00900813	addi	x16,x0,9	  x0:0x00000000 x16=0x00000009
f2d86ae3	bltu	x16,x13,100148	 x16:0x00000009 x13:0x00000000
03068e93	addi	x29,x13,48	 x13:0x00000000 x29=0x00000030
00020f37	lui	x30,0x20	 x30=0x00020000
00851f93	slli	x31,x10,0x8	 x10:0x0000000b x31=0x00000b00
01df2023	sw	x29,0(x30)	 x30:0x00020000 x29:0x00000030 PA:0x00020000 store:0x00000030 load:0x00000000
01cfd793	srli	x15,x31,0x1c	 x31:0x00000b00 x15=0x00000000
00900713	addi	x14,x0,9	  x0:0x00000000 x14=0x00000009
f2f76ae3	bltu	x14,x15,100164	 x14:0x00000009 x15:0x00000000
03078393	addi	x7,x15,48	 x15:0x00000000  x7=0x00000030
000205b7	lui	x11,0x20	 x11=0x00020000
00c51613	slli	x12,x10,0xc	 x10:0x0000000b x12=0x0000b000
0075a023	sw	x7,0(x11)	 x11:0x00020000  x7:0x00000030 PA:0x00020000 store:0x00000030 load:0x00000000
01c65693	srli	x13,x12,0x1c	 x12:0x0000b000 x13=0x00000000
00900813	addi	x16,x0,9	  x0:0x00000000 x16=0x00000009
f2d86ae3	bltu	x16,x13,100180	 x16:0x00000009 x13:0x00000000
03068e93	addi	x29,x13,48	 x13:0x00000000 x29=0x00000030
00020f37	lui	x30,0x20	 x30=0x00020000
01051f93	slli	x31,x10,0x10	 x10:0x0000000b x31=0x000b0000
01df2023	sw	x29,0(x30)	 x30:0x00020000 x29:0x00000030 PA:0x00020000 store:0x00000030 load:0x00000000
01cfd793	srli	x15,x31,0x1c	 x31:0x000b0000 x15=0x00000000
00900713	addi	x14,x0,9	  x0:0x00000000 x14=0x00000009
f2f76ae3	bltu	x14,x15,10019c	 x14:0x00000009 x15:0x00000000
03078393	addi	x7,x15,48	 x15:0x00000000  x7=0x00000030
000205b7	lui	x11,0x20	 x11=0x00020000
01451613	slli	x12,x10,0x14	 x10:0x0000000b x12=0x00b00000
0075a023	sw	x7,0(x11)	 x11:0x00020000  x7:0x00000030 PA:0x00020000 store:0x00000030 load:0x00000000
01c65693	srli	x13,x12,0x1c	 x12:0x00b00000 x13=0x00000000
00900813	addi	x16,x0,9	  x0:0x00000000 x16=0x00000009
f2d86ae3	bltu	x16,x13,1001b8	 x16:0x00000009 x13:0x00000000
03068e93	addi	x29,x13,48	 x13:0x00000000 x29=0x00000030
00020f37	lui	x30,0x20	 x30=0x00020000
01851f93	slli	x31,x10,0x18	 x10:0x0000000b x31=0x0b000000
01df2023	sw	x29,0(x30)	 x30:0x00020000 x29:0x00000030 PA:0x00020000 store:0x00000030 load:0x00000000
01cfd793	srli	x15,x31,0x1c	 x31:0x0b000000 x15=0x00000000
00900713	addi	x14,x0,9	  x0:0x00000000 x14=0x00000009
f2f76ae3	bltu	x14,x15,1001d4	 x14:0x00000009 x15:0x00000000
03078393	addi	x7,x15,48	 x15:0x00000000  x7=0x00000030
000205b7	lui	x11,0x20	 x11=0x00020000
0075a023	sw	x7,0(x11)	 x11:0x00020000  x7:0x00000030 PA:0x00020000 store:0x00000030 load:0x00000000
00f57513	andi	x10,x10,15	 x10:0x0000000b x10=0x0000000b
00900613	addi	x12,x0,9	  x0:0x00000000 x12=0x00000009
f2a67ae3	bgeu	x12,x10,1001ec	 x12:0x00000009 x10:0x0000000b
03750693	addi	x13,x10,55	 x10:0x0000000b x13=0x00000042
00020837	lui	x16,0x20	 x16=0x00020000
00d82023	sw	x13,0(x16)	 x16:0x00020000 x13:0x00000042 PA:0x00020000 store:0x00000042 load:0x00000000
00008067	jalr	x0,0(x1)	  x1:0x001012e8  x0=0x00000000
a18b0513	addi	x10,x22,-1512	 x22:0x00102000 x10=0x00101a18
db5fe0ef	jal	x1,1000a0	  x1=0x001012f0
00054803	lbu	x16,0(x10)	 x10:0x00101a18 x16=0x00000020 PA:0x00101a18 store:0x00000000
06080663	beq	x16,x0,100110	 x16:0x00000020  x0:0x00000000
000207b7	lui	x15,0x20	 x15=0x00020000
0107a023	sw	x16,0(x15)	 x15:0x00020000 x16:0x00000020 PA:0x00020000 store:0x00000020 load:0x00000000
00154703	lbu	x14,1(x10)	 x10:0x00101a18 x14=0x00000072 PA:0x00101a19 store:0x001012f0
04070e63	beq	x14,x0,100110	 x14:0x00000072  x0:0x00000000
00e7a023	sw	x14,0(x15)	 x15:0x00020000 x14:0x00000072 PA:0x00020000 store:0x00000072 load:0x00000000
00254283	lbu	x5,2(x10)	 x10:0x00101a18  x5=0x00000065 PA:0x00101a1a store:0x00137fa0
04028863	beq	x5,x0,100110	  x5:0x00000065  x0:0x00000000
0057a023	sw	x5,0(x15)	 x15:0x00020000  x5:0x00000065 PA:0x00020000 store:0x00000065 load:0x00000000
00354303	lbu	x6,3(x10)	 x10:0x00101a18  x6=0x00000073 PA:0x00101a1b store:0x00000000
04030263	beq	x6,x0,100110	  x6:0x00000073  x0:0x00000000
0067a023	sw	x6,0(x15)	 x15:0x00020000  x6:0x00000073 PA:0x00020000 store:0x00000073 load:0x00000000
00454383	lbu	x7,4(x10)	 x10:0x00101a18  x7=0x00000075 PA:0x00101a1c store:0x00000000
02038c63	beq	x7,x0,100110	  x7:0x00000075  x0:0x00000000
0077a023	sw	x7,0(x15)	 x15:0x00020000  x7:0x00000075 PA:0x00020000 store:0x00000075 load:0x00000000
00554583	lbu	x11,5(x10)	 x10:0x00101a18 x11=0x0000006c PA:0x00101a1d store:0x00000065
02058663	beq	x11,x0,100110	 x11:0x0000006c  x0:0x00000000
00b7a023	sw	x11,0(x15)	 x15:0x00020000 x11:0x0000006c PA:0x00020000 store:0x0000006c load:0x00000000
00654603	lbu	x12,6(x10)	 x10:0x00101a18 x12=0x00000074 PA:0x00101a1e store:0x00000073
02060063	beq	x12,x0,100110	 x12:0x00000074  x0:0x00000000
00c7a023	sw	x12,0(x15)	 x15:0x00020000 x12:0x00000074 PA:0x00020000 store:0x00000074 load:0x00000000
00754683	lbu	x13,7(x10)	 x10:0x00101a18 x13=0x0000003a PA:0x00101a1f store:0x00000075
00850513	addi	x10,x10,8	 x10:0x00101a18 x10=0x00101a20
00068863	beq	x13,x0,100110	 x13:0x0000003a  x0:0x00000000
00d7a023	sw	x13,0(x15)	 x15:0x00020000 x13:0x0000003a PA:0x00020000 store:0x0000003a load:0x00000000
00054803	lbu	x16,0(x10)	 x10:0x00101a20 x16=0x00000020 PA:0x00101a20 store:0x00000000
fa0810e3	bne	x16,x0,1000ac	 x16:0x00000020  x0:0x00000000
0107a023	sw	x16,0(x15)	 x15:0x00020000 x16:0x00000020 PA:0x00020000 store:0x00000020 load:0x00000000
00154703	lbu	x14,1(x10)	 x10:0x00101a20 x14=0x00000000 PA:0x00101a21 store:0x001012f0
04070e63	beq	x14,x0,100110	 x14:0x00000000  x0:0x00000000
00000513	addi	x10,x0,0	  x0:0x00000000 x10=0x00000000
00008067	jalr	x0,0(x1)	  x1:0x001012f0  x0=0x00000000
cf8a2503	lw	x10,-776(x20)	 x20:0x00102000 x10=0x1a3b6a45 PA:0x00101cf8 store:0x0000000c
e2dfe0ef	jal	x1,100120	  x1=0x001012f8
01c55793	srli	x15,x10,0x1c	 x10:0x1a3b6a45 x15=0x00000001
00900713	addi	x14,x0,9	  x0:0x00000000 x14=0x00000009
0cf77a63	bgeu	x14,x15,1001fc	 x14:0x00000009 x15:0x00000001
03078393	addi	x7,x15,48	 x15:0x00000001  x7=0x00000031
000205b7	lui	x11,0x20	 x11=0x00020000
00451613	slli	x12,x10,0x4	 x10:0x1a3b6a45 x12=0xa3b6a450
0075a023	sw	x7,0(x11)	 x11:0x00020000  x7:0x00000031 PA:0x00020000 store:0x00000031 load:0x00000000
01c65693	srli	x13,x12,0x1c	 x12:0xa3b6a450 x13=0x0000000a
00900813	addi	x16,x0,9	  x0:0x00000000 x16=0x00000009
f2d86ae3	bltu	x16,x13,100148	 x16:0x00000009 x13:0x0000000a
03768893	addi	x17,x13,55	 x13:0x0000000a x17=0x00000041
00020e37	lui	x28,0x20	 x28=0x00020000
00851f93	slli	x31,x10,0x8	 x10:0x1a3b6a45 x31=0x3b6a4500
011e2023	sw	x17,0(x28)	 x28:0x00020000 x17:0x00000041 PA:0x00020000 store:0x00000041 load:0x00000000
01cfd793	srli	x15,x31,0x1c	 x31:0x3b6a4500 x15=0x00000003
00900713	addi	x14,x0,9	  x0:0x00000000 x14=0x00000009
0cf77a63	bgeu	x14,x15,100234	 x14:0x00000009 x15:0x00000003
03078393	addi	x7,x15,48	 x15:0x00000003  x7=0x00000033
000205b7	lui	x11,0x20	 x11=0x00020000
00c51613	slli	x12,x10,0xc	 x10:0x1a3b6a45 x12=0xb6a45000
0075a023	sw	x7,0(x11)	 x11:0x00020000  x7:0x00000033 PA:0x00020000 store:0x00000033 load:0x00000000
01c65693	srli	x13,x12,0x1c	 x12:0xb6a45000 x13=0x0000000b
00900813	addi	x16,x0,9	  x0:0x00000000 x16=0x00000009
f2d86ae3	bltu	x16,x13,100180	 x16:0x00000009 x13:0x0000000b
03768893	addi	x17,x13,55	 x13:0x0000000b x17=0x00000042
00020e37	lui	x28,0x20	 x28=0x00020000
01051f93	slli	x31,x10,0x10	 x10:0x1a3b6a45 x31=0x6a450000
011e2023	sw	x17,0(x28)	 x28:0x00020000 x17:0x00000042 PA:0x00020000 store:0x00000042 load:0x00000000
01cfd793	srli	x15,x31,0x1c	 x31:0x6a450000 x15=0x00000006
00900713	addi	x14,x0,9	  x0:0x00000000 x14=0x00000009
0cf77a63	bgeu	x14,x15,10026c	 x14:0x00000009 x15:0x00000006
03078393	addi	x7,x15,48	 x15:0x00000006  x7=0x00000036
000205b7	lui	x11,0x20	 x11=0x00020000
01451613	slli	x12,x10,0x14	 x10:0x1a3b6a45 x12=0xa4500000
0075a023	sw	x7,0(x11)	 x11:0x00020000  x7:0x00000036 PA:0x00020000 store:0x00000036 load:0x00000000
01c65693	srli	x13,x12,0x1c	 x12:0xa4500000 x13=0x0000000a
00900813	addi	x16,x0,9	  x0:0x00000000 x16=0x00000009
f2d86ae3	bltu	x16,x13,1001b8	 x16:0x00000009 x13:0x0000000a
03768893	addi	x17,x13,55	 x13:0x0000000a x17=0x00000041
00020e37	lui	x28,0x20	 x28=0x00020000
01851f93	slli	x31,x10,0x18	 x10:0x1a3b6a45 x31=0x45000000
011e2023	sw	x17,0(x28)	 x28:0x00020000 x17:0x00000041 PA:0x00020000 store:0x00000041 load:0x00000000
01cfd793	srli	x15,x31,0x1c	 x31:0x45000000 x15=0x00000004
00900713	addi	x14,x0,9	  x0:0x00000000 x14=0x00000009
0cf77a63	bgeu	x14,x15,1002a4	 x14:0x00000009 x15:0x00000004
03078393	addi	x7,x15,48	 x15:0x00000004  x7=0x00000034
000205b7	lui	x11,0x20	 x11=0x00020000
0075a023	sw	x7,0(x11)	 x11:0x00020000  x7:0x00000034 PA:0x00020000 store:0x00000034 load:0x00000000
00f57513	andi	x10,x10,15	 x10:0x1a3b6a45 x10=0x00000005
00900613	addi	x12,x0,9	  x0:0x00000000 x12=0x00000009
f2a67ae3	bgeu	x12,x10,1001ec	 x12:0x00000009 x10:0x00000005
03050893	addi	x17,x10,48	 x10:0x00000005 x17=0x00000035
00020e37	lui	x28,0x20	 x28=0x00020000
011e2023	sw	x17,0(x28)	 x28:0x00020000 x17:0x00000035 PA:0x00020000 store:0x00000035 load:0x00000000
00008067	jalr	x0,0(x1)	  x1:0x001012f8  x0=0x00000000
f1ac10e3	bne	x24,x26,1011f8	 x24:0x0000000c x26:0x00000014
d089a987	flw	f19,-760(x19)	 f19:0x00102000 f19=0x00000000 PA:0x00101d08 store:0x4598f2e4
d24baa07	flw	f20,-732(x23)	 f23:0x00102000 f20=0x00000000 PA:0x00101d24 store:0x42f67c6a
a10a8513	addi	x10,x21,-1520	 x21:0x00102000 x10=0x00101a10
1949fad3	fdiv.s	f21,f19,f20	 f19:0x00102000 f20:0x00102000 f21=0x00000000
d159a427	fsw	f21,-760(x19)	 f19:0x00102000 f21:0x00102000 PA:0x00101d08 store:0x16c2a62a load:0x42f67c6a
d089ae07	flw	f28,-760(x19)	 f19:0x00102000 f28=0x00000000 PA:0x00101d08 store:0x4598f2e4
e00e0dd3	fmv.x.w	x27,f28	 f28:0x00020000 x27=0x16c2a62a
cfba2c23	sw	x27,-776(x20)	 x20:0x00102000 x27:0x16c2a62a PA:0x00101cf8 store:0x16c2a62a load:0x16c2a62a
e89fe0ef	jal	x1,1000a0	  x1=0x0010121c
00054803	lbu	x16,0(x10)	 x10:0x00101a10 x16=0x0000000a PA:0x00101a10 store:0x00000000
06080663	beq	x16,x0,100110	 x16:0x0000000a  x0:0x00000000
000207b7	lui	x15,0x20	 x15=0x00020000
0107a023	sw	x16,0(x15)	 x15:0x00020000 x16:0x0000000a PA:0x00020000 store:0x0000000a load:0x00000000
00154703	lbu	x14,1(x10)	 x10:0x00101a10 x14=0x00000020 PA:0x00101a11 store:0x0010121c
04070e63	beq	x14,x0,100110	 x14:0x00000020  x0:0x00000000
00e7a023	sw	x14,0(x15)	 x15:0x00020000 x14:0x00000020 PA:0x00020000 store:0x00000020 load:0x00000000
00254283	lbu	x5,2(x10)	 x10:0x00101a10  x5=0x00000069 PA:0x00101a12 store:0x00137fa0
04028863	beq	x5,x0,100110	  x5:0x00000069  x0:0x00000000
0057a023	sw	x5,0(x15)	 x15:0x00020000  x5:0x00000069 PA:0x00020000 store:0x00000069 load:0x00000000
00354303	lbu	x6,3(x10)	 x10:0x00101a10  x6=0x0000003d PA:0x00101a13 store:0x00000000
04030263	beq	x6,x0,100110	  x6:0x0000003d  x0:0x00000000
0067a023	sw	x6,0(x15)	 x15:0x00020000  x6:0x0000003d PA:0x00020000 store:0x0000003d load:0x00000000
00454383	lbu	x7,4(x10)	 x10:0x00101a10  x7=0x00000000 PA:0x00101a14 store:0x00000000
02038c63	beq	x7,x0,100110	  x7:0x00000000  x0:0x00000000
00000513	addi	x10,x0,0	  x0:0x00000000 x10=0x00000000
00008067	jalr	x0,0(x1)	  x1:0x0010121c  x0=0x00000000
000c0513	addi	x10,x24,0	 x24:0x0000000c x10=0x0000000c
f01fe0ef	jal	x1,100120	  x1=0x00101224
01c55793	srli	x15,x10,0x1c	 x10:0x0000000c x15=0x00000000
00900713	addi	x14,x0,9	  x0:0x00000000 x14=0x00000009
0cf77a63	bgeu	x14,x15,1001fc	 x14:0x00000009 x15:0x00000000
03078393	addi	x7,x15,48	 x15:0x00000000  x7=0x00000030
000205b7	lui	x11,0x20	 x11=0x00020000
00451613	slli	x12,x10,0x4	 x10:0x0000000c x12=0x000000c0
0075a023	sw	x7,0(x11)	 x11:0x00020000  x7:0x00000030 PA:0x00020000 store:0x00000030 load:0x00000000
01c65693	srli	x13,x12,0x1c	 x12:0x000000c0 x13=0x00000000
00900813	addi	x16,x0,9	  x0:0x00000000 x16=0x00000009
f2d86ae3	bltu	x16,x13,100148	 x16:0x00000009 x13:0x00000000
03068e93	addi	x29,x13,48	 x13:0x00000000 x29=0x00000030
00020f37	lui	x30,0x20	 x30=0x00020000
00851f93	slli	x31,x10,0x8	 x10:0x0000000c x31=0x00000c00
01df2023	sw	x29,0(x30)	 x30:0x00020000 x29:0x00000030 PA:0x00020000 store:0x00000030 load:0x00000000
01cfd793	srli	x15,x31,0x1c	 x31:0x00000c00 x15=0x00000000
00900713	addi	x14,x0,9	  x0:0x00000000 x14=0x00000009
f2f76ae3	bltu	x14,x15,100164	 x14:0x00000009 x15:0x00000000
03078393	addi	x7,x15,48	 x15:0x00000000  x7=0x00000030
000205b7	lui	x11,0x20	 x11=0x00020000
00c51613	slli	x12,x10,0xc	 x10:0x0000000c x12=0x0000c000
0075a023	sw	x7,0(x11)	 x11:0x00020000  x7:0x00000030 PA:0x00020000 store:0x00000030 load:0x00000000
01c65693	srli	x13,x12,0x1c	 x12:0x0000c000 x13=0x00000000
00900813	addi	x16,x0,9	  x0:0x00000000 x16=0x00000009
f2d86ae3	bltu	x16,x13,100180	 x16:0x00000009 x13:0x00000000
03068e93	addi	x29,x13,48	 x13:0x00000000 x29=0x00000030
00020f37	lui	x30,0x20	 x30=0x00020000
01051f93	slli	x31,x10,0x10	 x10:0x0000000c x31=0x000c0000
01df2023	sw	x29,0(x30)	 x30:0x00020000 x29:0x00000030 PA:0x00020000 store:0x00000030 load:0x00000000
01cfd793	srli	x15,x31,0x1c	 x31:0x000c0000 x15=0x00000000
00900713	addi	x14,x0,9	  x0:0x00000000 x14=0x00000009
f2f76ae3	bltu	x14,x15,10019c	 x14:0x00000009 x15:0x00000000
03078393	addi	x7,x15,48	 x15:0x00000000  x7=0x00000030
000205b7	lui	x11,0x20	 x11=0x00020000
01451613	slli	x12,x10,0x14	 x10:0x0000000c x12=0x00c00000
0075a023	sw	x7,0(x11)	 x11:0x00020000  x7:0x00000030 PA:0x00020000 store:0x00000030 load:0x00000000
01c65693	srli	x13,x12,0x1c	 x12:0x00c00000 x13=0x00000000
00900813	addi	x16,x0,9	  x0:0x00000000 x16=0x00000009
f2d86ae3	bltu	x16,x13,1001b8	 x16:0x00000009 x13:0x00000000
03068e93	addi	x29,x13,48	 x13:0x00000000 x29=0x00000030
00020f37	lui	x30,0x20	 x30=0x00020000
01851f93	slli	x31,x10,0x18	 x10:0x0000000c x31=0x0c000000
01df2023	sw	x29,0(x30)	 x30:0x00020000 x29:0x00000030 PA:0x00020000 store:0x00000030 load:0x00000000
01cfd793	srli	x15,x31,0x1c	 x31:0x0c000000 x15=0x00000000
00900713	addi	x14,x0,9	  x0:0x00000000 x14=0x00000009
f2f76ae3	bltu	x14,x15,1001d4	 x14:0x00000009 x15:0x00000000
03078393	addi	x7,x15,48	 x15:0x00000000  x7=0x00000030
000205b7	lui	x11,0x20	 x11=0x00020000
0075a023	sw	x7,0(x11)	 x11:0x00020000  x7:0x00000030 PA:0x00020000 store:0x00000030 load:0x00000000
00f57513	andi	x10,x10,15	 x10:0x0000000c x10=0x0000000c
00900613	addi	x12,x0,9	  x0:0x00000000 x12=0x00000009
f2a67ae3	bgeu	x12,x10,1001ec	 x12:0x00000009 x10:0x0000000c
03750693	addi	x13,x10,55	 x10:0x0000000c x13=0x00000043
00020837	lui	x16,0x20	 x16=0x00020000
00d82023	sw	x13,0(x16)	 x16:0x00020000 x13:0x00000043 PA:0x00020000 store:0x00000043 load:0x00000000
00008067	jalr	x0,0(x1)	  x1:0x00101224  x0=0x00000000
a18b0513	addi	x10,x22,-1512	 x22:0x00102000 x10=0x00101a18
e79fe0ef	jal	x1,1000a0	  x1=0x0010122c
00054803	lbu	x16,0(x10)	 x10:0x00101a18 x16=0x00000020 PA:0x00101a18 store:0x00000000
06080663	beq	x16,x0,100110	 x16:0x00000020  x0:0x00000000
000207b7	lui	x15,0x20	 x15=0x00020000
0107a023	sw	x16,0(x15)	 x15:0x00020000 x16:0x00000020 PA:0x00020000 store:0x00000020 load:0x00000000
00154703	lbu	x14,1(x10)	 x10:0x00101a18 x14=0x00000072 PA:0x00101a19 store:0x0010122c
04070e63	beq	x14,x0,100110	 x14:0x00000072  x0:0x00000000
00e7a023	sw	x14,0(x15)	 x15:0x00020000 x14:0x00000072 PA:0x00020000 store:0x00000072 load:0x00000000
00254283	lbu	x5,2(x10)	 x10:0x00101a18  x5=0x00000065 PA:0x00101a1a store:0x00137fa0
04028863	beq	x5,x0,100110	  x5:0x00000065  x0:0x00000000
0057a023	sw	x5,0(x15)	 x15:0x00020000  x5:0x00000065 PA:0x00020000 store:0x00000065 load:0x00000000
00354303	lbu	x6,3(x10)	 x10:0x00101a18  x6=0x00000073 PA:0x00101a1b store:0x00000000
04030263	beq	x6,x0,100110	  x6:0x00000073  x0:0x00000000
0067a023	sw	x6,0(x15)	 x15:0x00020000  x6:0x00000073 PA:0x00020000 store:0x00000073 load:0x00000000
00454383	lbu	x7,4(x10)	 x10:0x00101a18  x7=0x00000075 PA:0x00101a1c store:0x00000000
02038c63	beq	x7,x0,100110	  x7:0x00000075  x0:0x00000000
0077a023	sw	x7,0(x15)	 x15:0x00020000  x7:0x00000075 PA:0x00020000 store:0x00000075 load:0x00000000
00554583	lbu	x11,5(x10)	 x10:0x00101a18 x11=0x0000006c PA:0x00101a1d store:0x00000065
02058663	beq	x11,x0,100110	 x11:0x0000006c  x0:0x00000000
00b7a023	sw	x11,0(x15)	 x15:0x00020000 x11:0x0000006c PA:0x00020000 store:0x0000006c load:0x00000000
00654603	lbu	x12,6(x10)	 x10:0x00101a18 x12=0x00000074 PA:0x00101a1e store:0x00000073
02060063	beq	x12,x0,100110	 x12:0x00000074  x0:0x00000000
00c7a023	sw	x12,0(x15)	 x15:0x00020000 x12:0x00000074 PA:0x00020000 store:0x00000074 load:0x00000000
00754683	lbu	x13,7(x10)	 x10:0x00101a18 x13=0x0000003a PA:0x00101a1f store:0x00000075
00850513	addi	x10,x10,8	 x10:0x00101a18 x10=0x00101a20
00068863	beq	x13,x0,100110	 x13:0x0000003a  x0:0x00000000
00d7a023	sw	x13,0(x15)	 x15:0x00020000 x13:0x0000003a PA:0x00020000 store:0x0000003a load:0x00000000
00054803	lbu	x16,0(x10)	 x10:0x00101a20 x16=0x00000020 PA:0x00101a20 store:0x00000000
fa0810e3	bne	x16,x0,1000ac	 x16:0x00000020  x0:0x00000000
0107a023	sw	x16,0(x15)	 x15:0x00020000 x16:0x00000020 PA:0x00020000 store:0x00000020 load:0x00000000
00154703	lbu	x14,1(x10)	 x10:0x00101a20 x14=0x00000000 PA:0x00101a21 store:0x0010122c
04070e63	beq	x14,x0,100110	 x14:0x00000000  x0:0x00000000
00000513	addi	x10,x0,0	  x0:0x00000000 x10=0x00000000
00008067	jalr	x0,0(x1)	  x1:0x0010122c  x0=0x00000000
cf8a2503	lw	x10,-776(x20)	 x20:0x00102000 x10=0x16c2a62a PA:0x00101cf8 store:0x0000000c
001c0d93	addi	x27,x24,1	 x24:0x0000000c x27=0x0000000d
eedfe0ef	jal	x1,100120	  x1=0x00101238
01c55793	srli	x15,x10,0x1c	 x10:0x16c2a62a x15=0x00000001
00900713	addi	x14,x0,9	  x0:0x00000000 x14=0x00000009
0cf77a63	bgeu	x14,x15,1001fc	 x14:0x00000009 x15:0x00000001
03078393	addi	x7,x15,48	 x15:0x00000001  x7=0x00000031
000205b7	lui	x11,0x20	 x11=0x00020000
00451613	slli	x12,x10,0x4	 x10:0x16c2a62a x12=0x6c2a62a0
0075a023	sw	x7,0(x11)	 x11:0x00020000  x7:0x00000031 PA:0x00020000 store:0x00000031 load:0x00000000
01c65693	srli	x13,x12,0x1c	 x12:0x6c2a62a0 x13=0x00000006
00900813	addi	x16,x0,9	  x0:0x00000000 x16=0x00000009
f2d86ae3	bltu	x16,x13,100148	 x16:0x00000009 x13:0x00000006
03068e93	addi	x29,x13,48	 x13:0x00000006 x29=0x00000036
00020f37	lui	x30,0x20	 x30=0x00020000
00851f93	slli	x31,x10,0x8	 x10:0x16c2a62a x31=0xc2a62a00
01df2023	sw	x29,0(x30)	 x30:0x00020000 x29:0x00000036 PA:0x00020000 store:0x00000036 load:0x00000000
01cfd793	srli	x15,x31,0x1c	 x31:0xc2a62a00 x15=0x0000000c
00900713	addi	x14,x0,9	  x0:0x00000000 x14=0x00000009
f2f76ae3	bltu	x14,x15,100164	 x14:0x00000009 x15:0x0000000c
03778293	addi	x5,x15,55	 x15:0x0000000c  x5=0x00000043
00020337	lui	x6,0x20	  x6=0x00020000
00c51613	slli	x12,x10,0xc	 x10:0x16c2a62a x12=0x2a62a000
00532023	sw	x5,0(x6)	  x6:0x00020000  x5:0x00000043 PA:0x00020000 store:0x00000043 load:0x00000000
01c65693	srli	x13,x12,0x1c	 x12:0x2a62a000 x13=0x00000002
00900813	addi	x16,x0,9	  x0:0x00000000 x16=0x00000009
0cd87a63	bgeu	x16,x13,100250	 x16:0x00000009 x13:0x00000002
03068e93	addi	x29,x13,48	 x13:0x00000002 x29=0x00000032
00020f37	lui	x30,0x20	 x30=0x00020000
01051f93	slli	x31,x10,0x10	 x10:0x16c2a62a x31=0xa62a0000
01df2023	sw	x29,0(x30)	 x30:0x00020000 x29:0x00000032 PA:0x00020000 store:0x00000032 load:0x00000000
01cfd793	srli	x15,x31,0x1c	 x31:0xa62a0000 x15=0x0000000a
00900713	addi	x14,x0,9	  x0:0x00000000 x14=0x00000009
f2f76ae3	bltu	x14,x15,10019c	 x14:0x00000009 x15:0x0000000a
03778293	addi	x5,x15,55	 x15:0x0000000a  x5=0x00000041
00020337	lui	x6,0x20	  x6=0x00020000
01451613	slli	x12,x10,0x14	 x10:0x16c2a62a x12=0x62a00000
00532023	sw	x5,0(x6)	  x6:0x00020000  x5:0x00000041 PA:0x00020000 store:0x00000041 load:0x00000000
01c65693	srli	x13,x12,0x1c	 x12:0x62a00000 x13=0x00000006
00900813	addi	x16,x0,9	  x0:0x00000000 x16=0x00000009
0cd87a63	bgeu	x16,x13,100288	 x16:0x00000009 x13:0x00000006
03068e93	addi	x29,x13,48	 x13:0x00000006 x29=0x00000036
00020f37	lui	x30,0x20	 x30=0x00020000
01851f93	slli	x31,x10,0x18	 x10:0x16c2a62a x31=0x2a000000
01df2023	sw	x29,0(x30)	 x30:0x00020000 x29:0x00000036 PA:0x00020000 store:0x00000036 load:0x00000000
01cfd793	srli	x15,x31,0x1c	 x31:0x2a000000 x15=0x00000002
00900713	addi	x14,x0,9	  x0:0x00000000 x14=0x00000009
f2f76ae3	bltu	x14,x15,1001d4	 x14:0x00000009 x15:0x00000002
03078393	addi	x7,x15,48	 x15:0x00000002  x7=0x00000032
000205b7	lui	x11,0x20	 x11=0x00020000
0075a023	sw	x7,0(x11)	 x11:0x00020000  x7:0x00000032 PA:0x00020000 store:0x00000032 load:0x00000000
00f57513	andi	x10,x10,15	 x10:0x16c2a62a x10=0x0000000a
00900613	addi	x12,x0,9	  x0:0x00000000 x12=0x00000009
f2a67ae3	bgeu	x12,x10,1001ec	 x12:0x00000009 x10:0x0000000a
03750693	addi	x13,x10,55	 x10:0x0000000a x13=0x00000041
00020837	lui	x16,0x20	 x16=0x00020000
00d82023	sw	x13,0(x16)	 x16:0x00020000 x13:0x00000041 PA:0x00020000 store:0x00000041 load:0x00000000
00008067	jalr	x0,0(x1)	  x1:0x00101238  x0=0x00000000
d089ae87	flw	f29,-760(x19)	 f19:0x00102000 f29=0x00000000 PA:0x00101d08 store:0x4598f2e4
d24baf07	flw	f30,-732(x23)	 f23:0x00102000 f30=0x00000000 PA:0x00101d24 store:0x42f67c6a
a10a8513	addi	x10,x21,-1520	 x21:0x00102000 x10=0x00101a10
19eeffd3	fdiv.s	f31,f29,f30	 f29:0x00000036 f30:0x00020000 f31=0x00000000
d1f9a427	fsw	f31,-760(x19)	 f19:0x00102000 f31:0x2a000000 PA:0x00101d08 store:0x134a298a load:0x42f67c6a
d089a007	flw	f0,-760(x19)	 f19:0x00102000  f0=0x00000000 PA:0x00101d08 store:0x4598f2e4
e0000e53	fmv.x.w	x28,f0	  f0:0x00000000 x28=0x134a298a
cfca2c23	sw	x28,-776(x20)	 x20:0x00102000 x28:0x134a298a PA:0x00101cf8 store:0x134a298a load:0x134a298a
e49fe0ef	jal	x1,1000a0	  x1=0x0010125c
00054803	lbu	x16,0(x10)	 x10:0x00101a10 x16=0x0000000a PA:0x00101a10 store:0x00000000
06080663	beq	x16,x0,100110	 x16:0x0000000a  x0:0x00000000
000207b7	lui	x15,0x20	 x15=0x00020000
0107a023	sw	x16,0(x15)	 x15:0x00020000 x16:0x0000000a PA:0x00020000 store:0x0000000a load:0x00000000
00154703	lbu	x14,1(x10)	 x10:0x00101a10 x14=0x00000020 PA:0x00101a11 store:0x0010125c
04070e63	beq	x14,x0,100110	 x14:0x00000020  x0:0x00000000
00e7a023	sw	x14,0(x15)	 x15:0x00020000 x14:0x00000020 PA:0x00020000 store:0x00000020 load:0x00000000
00254283	lbu	x5,2(x10)	 x10:0x00101a10  x5=0x00000069 PA:0x00101a12 store:0x00137fa0
04028863	beq	x5,x0,100110	  x5:0x00000069  x0:0x00000000
0057a023	sw	x5,0(x15)	 x15:0x00020000  x5:0x00000069 PA:0x00020000 store:0x00000069 load:0x00000000
00354303	lbu	x6,3(x10)	 x10:0x00101a10  x6=0x0000003d PA:0x00101a13 store:0x00000000
04030263	beq	x6,x0,100110	  x6:0x0000003d  x0:0x00000000
0067a023	sw	x6,0(x15)	 x15:0x00020000  x6:0x0000003d PA:0x00020000 store:0x0000003d load:0x00000000
00454383	lbu	x7,4(x10)	 x10:0x00101a10  x7=0x00000000 PA:0x00101a14 store:0x00000000
02038c63	beq	x7,x0,100110	  x7:0x00000000  x0:0x00000000
00000513	addi	x10,x0,0	  x0:0x00000000 x10=0x00000000
00008067	jalr	x0,0(x1)	  x1:0x0010125c  x0=0x00000000
000d8513	addi	x10,x27,0	 x27:0x0000000d x10=0x0000000d
ec1fe0ef	jal	x1,100120	  x1=0x00101264
01c55793	srli	x15,x10,0x1c	 x10:0x0000000d x15=0x00000000
00900713	addi	x14,x0,9	  x0:0x00000000 x14=0x00000009
0cf77a63	bgeu	x14,x15,1001fc	 x14:0x00000009 x15:0x00000000
03078393	addi	x7,x15,48	 x15:0x00000000  x7=0x00000030
000205b7	lui	x11,0x20	 x11=0x00020000
00451613	slli	x12,x10,0x4	 x10:0x0000000d x12=0x000000d0
0075a023	sw	x7,0(x11)	 x11:0x00020000  x7:0x00000030 PA:0x00020000 store:0x00000030 load:0x00000000
01c65693	srli	x13,x12,0x1c	 x12:0x000000d0 x13=0x00000000
00900813	addi	x16,x0,9	  x0:0x00000000 x16=0x00000009
f2d86ae3	bltu	x16,x13,100148	 x16:0x00000009 x13:0x00000000
03068e93	addi	x29,x13,48	 x13:0x00000000 x29=0x00000030
00020f37	lui	x30,0x20	 x30=0x00020000
00851f93	slli	x31,x10,0x8	 x10:0x0000000d x31=0x00000d00
01df2023	sw	x29,0(x30)	 x30:0x00020000 x29:0x00000030 PA:0x00020000 store:0x00000030 load:0x00000000
01cfd793	srli	x15,x31,0x1c	 x31:0x00000d00 x15=0x00000000
00900713	addi	x14,x0,9	  x0:0x00000000 x14=0x00000009
f2f76ae3	bltu	x14,x15,100164	 x14:0x00000009 x15:0x00000000
03078393	addi	x7,x15,48	 x15:0x00000000  x7=0x00000030
000205b7	lui	x11,0x20	 x11=0x00020000
00c51613	slli	x12,x10,0xc	 x10:0x0000000d x12=0x0000d000
0075a023	sw	x7,0(x11)	 x11:0x00020000  x7:0x00000030 PA:0x00020000 store:0x00000030 load:0x00000000
01c65693	srli	x13,x12,0x1c	 x12:0x0000d000 x13=0x00000000
00900813	addi	x16,x0,9	  x0:0x00000000 x16=0x00000009
f2d86ae3	bltu	x16,x13,100180	 x16:0x00000009 x13:0x00000000
03068e93	addi	x29,x13,48	 x13:0x00000000 x29=0x00000030
00020f37	lui	x30,0x20	 x30=0x00020000
01051f93	slli	x31,x10,0x10	 x10:0x0000000d x31=0x000d0000
01df2023	sw	x29,0(x30)	 x30:0x00020000 x29:0x00000030 PA:0x00020000 store:0x00000030 load:0x00000000
01cfd793	srli	x15,x31,0x1c	 x31:0x000d0000 x15=0x00000000
00900713	addi	x14,x0,9	  x0:0x00000000 x14=0x00000009
f2f76ae3	bltu	x14,x15,10019c	 x14:0x00000009 x15:0x00000000
03078393	addi	x7,x15,48	 x15:0x00000000  x7=0x00000030
000205b7	lui	x11,0x20	 x11=0x00020000
01451613	slli	x12,x10,0x14	 x10:0x0000000d x12=0x00d00000
0075a023	sw	x7,0(x11)	 x11:0x00020000  x7:0x00000030 PA:0x00020000 store:0x00000030 load:0x00000000
01c65693	srli	x13,x12,0x1c	 x12:0x00d00000 x13=0x00000000
00900813	addi	x16,x0,9	  x0:0x00000000 x16=0x00000009
f2d86ae3	bltu	x16,x13,1001b8	 x16:0x00000009 x13:0x00000000
03068e93	addi	x29,x13,48	 x13:0x00000000 x29=0x00000030
00020f37	lui	x30,0x20	 x30=0x00020000
01851f93	slli	x31,x10,0x18	 x10:0x0000000d x31=0x0d000000
01df2023	sw	x29,0(x30)	 x30:0x00020000 x29:0x00000030 PA:0x00020000 store:0x00000030 load:0x00000000
01cfd793	srli	x15,x31,0x1c	 x31:0x0d000000 x15=0x00000000
00900713	addi	x14,x0,9	  x0:0x00000000 x14=0x00000009
f2f76ae3	bltu	x14,x15,1001d4	 x14:0x00000009 x15:0x00000000
03078393	addi	x7,x15,48	 x15:0x00000000  x7=0x00000030
000205b7	lui	x11,0x20	 x11=0x00020000
0075a023	sw	x7,0(x11)	 x11:0x00020000  x7:0x00000030 PA:0x00020000 store:0x00000030 load:0x00000000
00f57513	andi	x10,x10,15	 x10:0x0000000d x10=0x0000000d
00900613	addi	x12,x0,9	  x0:0x00000000 x12=0x00000009
f2a67ae3	bgeu	x12,x10,1001ec	 x12:0x00000009 x10:0x0000000d
03750693	addi	x13,x10,55	 x10:0x0000000d x13=0x00000044
00020837	lui	x16,0x20	 x16=0x00020000
00d82023	sw	x13,0(x16)	 x16:0x00020000 x13:0x00000044 PA:0x00020000 store:0x00000044 load:0x00000000
00008067	jalr	x0,0(x1)	  x1:0x00101264  x0=0x00000000
a18b0513	addi	x10,x22,-1512	 x22:0x00102000 x10=0x00101a18
e39fe0ef	jal	x1,1000a0	  x1=0x0010126c
00054803	lbu	x16,0(x10)	 x10:0x00101a18 x16=0x00000020 PA:0x00101a18 store:0x00000000
06080663	beq	x16,x0,100110	 x16:0x00000020  x0:0x00000000
000207b7	lui	x15,0x20	 x15=0x00020000
0107a023	sw	x16,0(x15)	 x15:0x00020000 x16:0x00000020 PA:0x00020000 store:0x00000020 load:0x00000000
00154703	lbu	x14,1(x10)	 x10:0x00101a18 x14=0x00000072 PA:0x00101a19 store:0x0010126c
04070e63	beq	x14,x0,100110	 x14:0x00000072  x0:0x00000000
00e7a023	sw	x14,0(x15)	 x15:0x00020000 x14:0x00000072 PA:0x00020000 store:0x00000072 load:0x00000000
00254283	lbu	x5,2(x10)	 x10:0x00101a18  x5=0x00000065 PA:0x00101a1a store:0x00137fa0
04028863	beq	x5,x0,100110	  x5:0x00000065  x0:0x00000000
0057a023	sw	x5,0(x15)	 x15:0x00020000  x5:0x00000065 PA:0x00020000 store:0x00000065 load:0x00000000
00354303	lbu	x6,3(x10)	 x10:0x00101a18  x6=0x00000073 PA:0x00101a1b store:0x00000000
04030263	beq	x6,x0,100110	  x6:0x00000073  x0:0x00000000
0067a023	sw	x6,0(x15)	 x15:0x00020000  x6:0x00000073 PA:0x00020000 store:0x00000073 load:0x00000000
00454383	lbu	x7,4(x10)	 x10:0x00101a18  x7=0x00000075 PA:0x00101a1c store:0x00000000
02038c63	beq	x7,x0,100110	  x7:0x00000075  x0:0x00000000
0077a023	sw	x7,0(x15)	 x15:0x00020000  x7:0x00000075 PA:0x00020000 store:0x00000075 load:0x00000000
00554583	lbu	x11,5(x10)	 x10:0x00101a18 x11=0x0000006c PA:0x00101a1d store:0x00000065
02058663	beq	x11,x0,100110	 x11:0x0000006c  x0:0x00000000
00b7a023	sw	x11,0(x15)	 x15:0x00020000 x11:0x0000006c PA:0x00020000 store:0x0000006c load:0x00000000
00654603	lbu	x12,6(x10)	 x10:0x00101a18 x12=0x00000074 PA:0x00101a1e store:0x00000073
02060063	beq	x12,x0,100110	 x12:0x00000074  x0:0x00000000
00c7a023	sw	x12,0(x15)	 x15:0x00020000 x12:0x00000074 PA:0x00020000 store:0x00000074 load:0x00000000
00754683	lbu	x13,7(x10)	 x10:0x00101a18 x13=0x0000003a PA:0x00101a1f store:0x00000075
00850513	addi	x10,x10,8	 x10:0x00101a18 x10=0x00101a20
00068863	beq	x13,x0,100110	 x13:0x0000003a  x0:0x00000000
00d7a023	sw	x13,0(x15)	 x15:0x00020000 x13:0x0000003a PA:0x00020000 store:0x0000003a load:0x00000000
00054803	lbu	x16,0(x10)	 x10:0x00101a20 x16=0x00000020 PA:0x00101a20 store:0x00000000
fa0810e3	bne	x16,x0,1000ac	 x16:0x00000020  x0:0x00000000
0107a023	sw	x16,0(x15)	 x15:0x00020000 x16:0x00000020 PA:0x00020000 store:0x00000020 load:0x00000000
00154703	lbu	x14,1(x10)	 x10:0x00101a20 x14=0x00000000 PA:0x00101a21 store:0x0010126c
04070e63	beq	x14,x0,100110	 x14:0x00000000  x0:0x00000000
00000513	addi	x10,x0,0	  x0:0x00000000 x10=0x00000000
00008067	jalr	x0,0(x1)	  x1:0x0010126c  x0=0x00000000
cf8a2503	lw	x10,-776(x20)	 x20:0x00102000 x10=0x134a298a PA:0x00101cf8 store:0x0000000c
002c0d93	addi	x27,x24,2	 x24:0x0000000c x27=0x0000000e
eadfe0ef	jal	x1,100120	  x1=0x00101278
01c55793	srli	x15,x10,0x1c	 x10:0x134a298a x15=0x00000001
00900713	addi	x14,x0,9	  x0:0x00000000 x14=0x00000009
0cf77a63	bgeu	x14,x15,1001fc	 x14:0x00000009 x15:0x00000001
03078393	addi	x7,x15,48	 x15:0x00000001  x7=0x00000031
000205b7	lui	x11,0x20	 x11=0x00020000
00451613	slli	x12,x10,0x4	 x10:0x134a298a x12=0x34a298a0
0075a023	sw	x7,0(x11)	 x11:0x00020000  x7:0x00000031 PA:0x00020000 store:0x00000031 load:0x00000000
01c65693	srli	x13,x12,0x1c	 x12:0x34a298a0 x13=0x00000003
00900813	addi	x16,x0,9	  x0:0x00000000 x16=0x00000009
f2d86ae3	bltu	x16,x13,100148	 x16:0x00000009 x13:0x00000003
03068e93	addi	x29,x13,48	 x13:0x00000003 x29=0x00000033
00020f37	lui	x30,0x20	 x30=0x00020000
00851f93	slli	x31,x10,0x8	 x10:0x134a298a x31=0x4a298a00
01df2023	sw	x29,0(x30)	 x30:0x00020000 x29:0x00000033 PA:0x00020000 store:0x00000033 load:0x00000000
01cfd793	srli	x15,x31,0x1c	 x31:0x4a298a00 x15=0x00000004
00900713	addi	x14,x0,9	  x0:0x00000000 x14=0x00000009
f2f76ae3	bltu	x14,x15,100164	 x14:0x00000009 x15:0x00000004
03078393	addi	x7,x15,48	 x15:0x00000004  x7=0x00000034
000205b7	lui	x11,0x20	 x11=0x00020000
00c51613	slli	x12,x10,0xc	 x10:0x134a298a x12=0xa298a000
0075a023	sw	x7,0(x11)	 x11:0x00020000  x7:0x00000034 PA:0x00020000 store:0x00000034 load:0x00000000
01c65693	srli	x13,x12,0x1c	 x12:0xa298a000 x13=0x0000000a
00900813	addi	x16,x0,9	  x0:0x00000000 x16=0x00000009
f2d86ae3	bltu	x16,x13,100180	 x16:0x00000009 x13:0x0000000a
03768893	addi	x17,x13,55	 x13:0x0000000a x17=0x00000041
00020e37	lui	x28,0x20	 x28=0x00020000
01051f93	slli	x31,x10,0x10	 x10:0x134a298a x31=0x298a0000
011e2023	sw	x17,0(x28)	 x28:0x00020000 x17:0x00000041 PA:0x00020000 store:0x00000041 load:0x00000000
01cfd793	srli	x15,x31,0x1c	 x31:0x298a0000 x15=0x00000002
00900713	addi	x14,x0,9	  x0:0x00000000 x14=0x00000009
0cf77a63	bgeu	x14,x15,10026c	 x14:0x00000009 x15:0x00000002
03078393	addi	x7,x15,48	 x15:0x00000002  x7=0x00000032
000205b7	lui	x11,0x20	 x11=0x00020000
01451613	slli	x12,x10,0x14	 x10:0x134a298a x12=0x98a00000
0075a023	sw	x7,0(x11)	 x11:0x00020000  x7:0x00000032 PA:0x00020000 store:0x00000032 load:0x00000000
01c65693	srli	x13,x12,0x1c	 x12:0x98a00000 x13=0x00000009
00900813	addi	x16,x0,9	  x0:0x00000000 x16=0x00000009
f2d86ae3	bltu	x16,x13,1001b8	 x16:0x00000009 x13:0x00000009
03068e93	addi	x29,x13,48	 x13:0x00000009 x29=0x00000039
00020f37	lui	x30,0x20	 x30=0x00020000
01851f93	slli	x31,x10,0x18	 x10:0x134a298a x31=0x8a000000
01df2023	sw	x29,0(x30)	 x30:0x00020000 x29:0x00000039 PA:0x00020000 store:0x00000039 load:0x00000000
01cfd793	srli	x15,x31,0x1c	 x31:0x8a000000 x15=0x00000008
00900713	addi	x14,x0,9	  x0:0x00000000 x14=0x00000009
f2f76ae3	bltu	x14,x15,1001d4	 x14:0x00000009 x15:0x00000008
03078393	addi	x7,x15,48	 x15:0x00000008  x7=0x00000038
000205b7	lui	x11,0x20	 x11=0x00020000
0075a023	sw	x7,0(x11)	 x11:0x00020000  x7:0x00000038 PA:0x00020000 store:0x00000038 load:0x00000000
00f57513	andi	x10,x10,15	 x10:0x134a298a x10=0x0000000a
00900613	addi	x12,x0,9	  x0:0x00000000 x12=0x00000009
f2a67ae3	bgeu	x12,x10,1001ec	 x12:0x00000009 x10:0x0000000a
03750693	addi	x13,x10,55	 x10:0x0000000a x13=0x00000041
00020837	lui	x16,0x20	 x16=0x00020000
00d82023	sw	x13,0(x16)	 x16:0x00020000 x13:0x00000041 PA:0x00020000 store:0x00000041 load:0x00000000
00008067	jalr	x0,0(x1)	  x1:0x00101278  x0=0x00000000
d089a087	flw	f1,-760(x19)	 f19:0x00102000  f1=0x00000000 PA:0x00101d08 store:0x4598f2e4
d24ba107	flw	f2,-732(x23)	 f23:0x00102000  f2=0x00000000 PA:0x00101d24 store:0x42f67c6a
a10a8513	addi	x10,x21,-1520	 x21:0x00102000 x10=0x00101a10
1820f753	fdiv.s	f14,f1,f2	  f1:0x00101278  f2:0x00137fa0 f14=0x00000000
d0e9a427	fsw	f14,-760(x19)	 f19:0x00102000 f14:0x00000009 PA:0x00101d08 store:0x0fd1f727 load:0x42f67c6a
d089a787	flw	f15,-760(x19)	 f19:0x00102000 f15=0x00000000 PA:0x00101d08 store:0x4598f2e4
e0078ed3	fmv.x.w	x29,f15	 f15:0x00000008 x29=0x0fd1f727
cfda2c23	sw	x29,-776(x20)	 x20:0x00102000 x29:0x0fd1f727 PA:0x00101cf8 store:0x0fd1f727 load:0x0fd1f727
e09fe0ef	jal	x1,1000a0	  x1=0x0010129c
00054803	lbu	x16,0(x10)	 x10:0x00101a10 x16=0x0000000a PA:0x00101a10 store:0x00000000
06080663	beq	x16,x0,100110	 x16:0x0000000a  x0:0x00000000
000207b7	lui	x15,0x20	 x15=0x00020000
0107a023	sw	x16,0(x15)	 x15:0x00020000 x16:0x0000000a PA:0x00020000 store:0x0000000a load:0x00000000
00154703	lbu	x14,1(x10)	 x10:0x00101a10 x14=0x00000020 PA:0x00101a11 store:0x0010129c
04070e63	beq	x14,x0,100110	 x14:0x00000020  x0:0x00000000
00e7a023	sw	x14,0(x15)	 x15:0x00020000 x14:0x00000020 PA:0x00020000 store:0x00000020 load:0x00000000
00254283	lbu	x5,2(x10)	 x10:0x00101a10  x5=0x00000069 PA:0x00101a12 store:0x00137fa0
04028863	beq	x5,x0,100110	  x5:0x00000069  x0:0x00000000
0057a023	sw	x5,0(x15)	 x15:0x00020000  x5:0x00000069 PA:0x00020000 store:0x00000069 load:0x00000000
00354303	lbu	x6,3(x10)	 x10:0x00101a10  x6=0x0000003d PA:0x00101a13 store:0x00000000
04030263	beq	x6,x0,100110	  x6:0x0000003d  x0:0x00000000
0067a023	sw	x6,0(x15)	 x15:0x00020000  x6:0x0000003d PA:0x00020000 store:0x0000003d load:0x00000000
00454383	lbu	x7,4(x10)	 x10:0x00101a10  x7=0x00000000 PA:0x00101a14 store:0x00000000
02038c63	beq	x7,x0,100110	  x7:0x00000000  x0:0x00000000
00000513	addi	x10,x0,0	  x0:0x00000000 x10=0x00000000
00008067	jalr	x0,0(x1)	  x1:0x0010129c  x0=0x00000000
000d8513	addi	x10,x27,0	 x27:0x0000000e x10=0x0000000e
e81fe0ef	jal	x1,100120	  x1=0x001012a4
01c55793	srli	x15,x10,0x1c	 x10:0x0000000e x15=0x00000000
00900713	addi	x14,x0,9	  x0:0x00000000 x14=0x00000009
0cf77a63	bgeu	x14,x15,1001fc	 x14:0x00000009 x15:0x00000000
03078393	addi	x7,x15,48	 x15:0x00000000  x7=0x00000030
000205b7	lui	x11,0x20	 x11=0x00020000
00451613	slli	x12,x10,0x4	 x10:0x0000000e x12=0x000000e0
0075a023	sw	x7,0(x11)	 x11:0x00020000  x7:0x00000030 PA:0x00020000 store:0x00000030 load:0x00000000
01c65693	srli	x13,x12,0x1c	 x12:0x000000e0 x13=0x00000000
00900813	addi	x16,x0,9	  x0:0x00000000 x16=0x00000009
f2d86ae3	bltu	x16,x13,100148	 x16:0x00000009 x13:0x00000000
03068e93	addi	x29,x13,48	 x13:0x00000000 x29=0x00000030
00020f37	lui	x30,0x20	 x30=0x00020000
00851f93	slli	x31,x10,0x8	 x10:0x0000000e x31=0x00000e00
01df2023	sw	x29,0(x30)	 x30:0x00020000 x29:0x00000030 PA:0x00020000 store:0x00000030 load:0x00000000
01cfd793	srli	x15,x31,0x1c	 x31:0x00000e00 x15=0x00000000
00900713	addi	x14,x0,9	  x0:0x00000000 x14=0x00000009
f2f76ae3	bltu	x14,x15,100164	 x14:0x00000009 x15:0x00000000
03078393	addi	x7,x15,48	 x15:0x00000000  x7=0x00000030
000205b7	lui	x11,0x20	 x11=0x00020000
00c51613	slli	x12,x10,0xc	 x10:0x0000000e x12=0x0000e000
0075a023	sw	x7,0(x11)	 x11:0x00020000  x7:0x00000030 PA:0x00020000 store:0x00000030 load:0x00000000
01c65693	srli	x13,x12,0x1c	 x12:0x0000e000 x13=0x00000000
00900813	addi	x16,x0,9	  x0:0x00000000 x16=0x00000009
f2d86ae3	bltu	x16,x13,100180	 x16:0x00000009 x13:0x00000000
03068e93	addi	x29,x13,48	 x13:0x00000000 x29=0x00000030
00020f37	lui	x30,0x20	 x30=0x00020000
01051f93	slli	x31,x10,0x10	 x10:0x0000000e x31=0x000e0000
01df2023	sw	x29,0(x30)	 x30:0x00020000 x29:0x00000030 PA:0x00020000 store:0x00000030 load:0x00000000
01cfd793	srli	x15,x31,0x1c	 x31:0x000e0000 x15=0x00000000
00900713	addi	x14,x0,9	  x0:0x00000000 x14=0x00000009
f2f76ae3	bltu	x14,x15,10019c	 x14:0x00000009 x15:0x00000000
03078393	addi	x7,x15,48	 x15:0x00000000  x7=0x00000030
000205b7	lui	x11,0x20	 x11=0x00020000
01451613	slli	x12,x10,0x14	 x10:0x0000000e x12=0x00e00000
0075a023	sw	x7,0(x11)	 x11:0x00020000  x7:0x00000030 PA:0x00020000 store:0x00000030 load:0x00000000
01c65693	srli	x13,x12,0x1c	 x12:0x00e00000 x13=0x00000000
00900813	addi	x16,x0,9	  x0:0x00000000 x16=0x00000009
f2d86ae3	bltu	x16,x13,1001b8	 x16:0x00000009 x13:0x00000000
03068e93	addi	x29,x13,48	 x13:0x00000000 x29=0x00000030
00020f37	lui	x30,0x20	 x30=0x00020000
01851f93	slli	x31,x10,0x18	 x10:0x0000000e x31=0x0e000000
01df2023	sw	x29,0(x30)	 x30:0x00020000 x29:0x00000030 PA:0x00020000 store:0x00000030 load:0x00000000
01cfd793	srli	x15,x31,0x1c	 x31:0x0e000000 x15=0x00000000
00900713	addi	x14,x0,9	  x0:0x00000000 x14=0x00000009
f2f76ae3	bltu	x14,x15,1001d4	 x14:0x00000009 x15:0x00000000
03078393	addi	x7,x15,48	 x15:0x00000000  x7=0x00000030
000205b7	lui	x11,0x20	 x11=0x00020000
0075a023	sw	x7,0(x11)	 x11:0x00020000  x7:0x00000030 PA:0x00020000 store:0x00000030 load:0x00000000
00f57513	andi	x10,x10,15	 x10:0x0000000e x10=0x0000000e
00900613	addi	x12,x0,9	  x0:0x00000000 x12=0x00000009
f2a67ae3	bgeu	x12,x10,1001ec	 x12:0x00000009 x10:0x0000000e
03750693	addi	x13,x10,55	 x10:0x0000000e x13=0x00000045
00020837	lui	x16,0x20	 x16=0x00020000
00d82023	sw	x13,0(x16)	 x16:0x00020000 x13:0x00000045 PA:0x00020000 store:0x00000045 load:0x00000000
00008067	jalr	x0,0(x1)	  x1:0x001012a4  x0=0x00000000
a18b0513	addi	x10,x22,-1512	 x22:0x00102000 x10=0x00101a18
df9fe0ef	jal	x1,1000a0	  x1=0x001012ac
00054803	lbu	x16,0(x10)	 x10:0x00101a18 x16=0x00000020 PA:0x00101a18 store:0x00000000
06080663	beq	x16,x0,100110	 x16:0x00000020  x0:0x00000000
000207b7	lui	x15,0x20	 x15=0x00020000
0107a023	sw	x16,0(x15)	 x15:0x00020000 x16:0x00000020 PA:0x00020000 store:0x00000020 load:0x00000000
00154703	lbu	x14,1(x10)	 x10:0x00101a18 x14=0x00000072 PA:0x00101a19 store:0x001012ac
04070e63	beq	x14,x0,100110	 x14:0x00000072  x0:0x00000000
00e7a023	sw	x14,0(x15)	 x15:0x00020000 x14:0x00000072 PA:0x00020000 store:0x00000072 load:0x00000000
00254283	lbu	x5,2(x10)	 x10:0x00101a18  x5=0x00000065 PA:0x00101a1a store:0x00137fa0
04028863	beq	x5,x0,100110	  x5:0x00000065  x0:0x00000000
0057a023	sw	x5,0(x15)	 x15:0x00020000  x5:0x00000065 PA:0x00020000 store:0x00000065 load:0x00000000
00354303	lbu	x6,3(x10)	 x10:0x00101a18  x6=0x00000073 PA:0x00101a1b store:0x00000000
04030263	beq	x6,x0,100110	  x6:0x00000073  x0:0x00000000
0067a023	sw	x6,0(x15)	 x15:0x00020000  x6:0x00000073 PA:0x00020000 store:0x00000073 load:0x00000000
00454383	lbu	x7,4(x10)	 x10:0x00101a18  x7=0x00000075 PA:0x00101a1c store:0x00000000
02038c63	beq	x7,x0,100110	  x7:0x00000075  x0:0x00000000
0077a023	sw	x7,0(x15)	 x15:0x00020000  x7:0x00000075 PA:0x00020000 store:0x00000075 load:0x00000000
00554583	lbu	x11,5(x10)	 x10:0x00101a18 x11=0x0000006c PA:0x00101a1d store:0x00000065
02058663	beq	x11,x0,100110	 x11:0x0000006c  x0:0x00000000
00b7a023	sw	x11,0(x15)	 x15:0x00020000 x11:0x0000006c PA:0x00020000 store:0x0000006c load:0x00000000
00654603	lbu	x12,6(x10)	 x10:0x00101a18 x12=0x00000074 PA:0x00101a1e store:0x00000073
02060063	beq	x12,x0,100110	 x12:0x00000074  x0:0x00000000
00c7a023	sw	x12,0(x15)	 x15:0x00020000 x12:0x00000074 PA:0x00020000 store:0x00000074 load:0x00000000
00754683	lbu	x13,7(x10)	 x10:0x00101a18 x13=0x0000003a PA:0x00101a1f store:0x00000075
00850513	addi	x10,x10,8	 x10:0x00101a18 x10=0x00101a20
00068863	beq	x13,x0,100110	 x13:0x0000003a  x0:0x00000000
00d7a023	sw	x13,0(x15)	 x15:0x00020000 x13:0x0000003a PA:0x00020000 store:0x0000003a load:0x00000000
00054803	lbu	x16,0(x10)	 x10:0x00101a20 x16=0x00000020 PA:0x00101a20 store:0x00000000
fa0810e3	bne	x16,x0,1000ac	 x16:0x00000020  x0:0x00000000
0107a023	sw	x16,0(x15)	 x15:0x00020000 x16:0x00000020 PA:0x00020000 store:0x00000020 load:0x00000000
00154703	lbu	x14,1(x10)	 x10:0x00101a20 x14=0x00000000 PA:0x00101a21 store:0x001012ac
04070e63	beq	x14,x0,100110	 x14:0x00000000  x0:0x00000000
00000513	addi	x10,x0,0	  x0:0x00000000 x10=0x00000000
00008067	jalr	x0,0(x1)	  x1:0x001012ac  x0=0x00000000
cf8a2503	lw	x10,-776(x20)	 x20:0x00102000 x10=0x0fd1f727 PA:0x00101cf8 store:0x0000000c
003c0d93	addi	x27,x24,3	 x24:0x0000000c x27=0x0000000f
004c0c13	addi	x24,x24,4	 x24:0x0000000c x24=0x00000010
e69fe0ef	jal	x1,100120	  x1=0x001012bc
01c55793	srli	x15,x10,0x1c	 x10:0x0fd1f727 x15=0x00000000
00900713	addi	x14,x0,9	  x0:0x00000000 x14=0x00000009
0cf77a63	bgeu	x14,x15,1001fc	 x14:0x00000009 x15:0x00000000
03078393	addi	x7,x15,48	 x15:0x00000000  x7=0x00000030
000205b7	lui	x11,0x20	 x11=0x00020000
00451613	slli	x12,x10,0x4	 x10:0x0fd1f727 x12=0xfd1f7270
0075a023	sw	x7,0(x11)	 x11:0x00020000  x7:0x00000030 PA:0x00020000 store:0x00000030 load:0x00000000
01c65693	srli	x13,x12,0x1c	 x12:0xfd1f7270 x13=0x0000000f
00900813	addi	x16,x0,9	  x0:0x00000000 x16=0x00000009
f2d86ae3	bltu	x16,x13,100148	 x16:0x00000009 x13:0x0000000f
03768893	addi	x17,x13,55	 x13:0x0000000f x17=0x00000046
00020e37	lui	x28,0x20	 x28=0x00020000
00851f93	slli	x31,x10,0x8	 x10:0x0fd1f727 x31=0xd1f72700
011e2023	sw	x17,0(x28)	 x28:0x00020000 x17:0x00000046 PA:0x00020000 store:0x00000046 load:0x00000000
01cfd793	srli	x15,x31,0x1c	 x31:0xd1f72700 x15=0x0000000d
00900713	addi	x14,x0,9	  x0:0x00000000 x14=0x00000009
0cf77a63	bgeu	x14,x15,100234	 x14:0x00000009 x15:0x0000000d
03778293	addi	x5,x15,55	 x15:0x0000000d  x5=0x00000044
00020337	lui	x6,0x20	  x6=0x00020000
00c51613	slli	x12,x10,0xc	 x10:0x0fd1f727 x12=0x1f727000
00532023	sw	x5,0(x6)	  x6:0x00020000  x5:0x00000044 PA:0x00020000 store:0x00000044 load:0x00000000
01c65693	srli	x13,x12,0x1c	 x12:0x1f727000 x13=0x00000001
00900813	addi	x16,x0,9	  x0:0x00000000 x16=0x00000009
0cd87a63	bgeu	x16,x13,100250	 x16:0x00000009 x13:0x00000001
03068e93	addi	x29,x13,48	 x13:0x00000001 x29=0x00000031
00020f37	lui	x30,0x20	 x30=0x00020000
01051f93	slli	x31,x10,0x10	 x10:0x0fd1f727 x31=0xf7270000
01df2023	sw	x29,0(x30)	 x30:0x00020000 x29:0x00000031 PA:0x00020000 store:0x00000031 load:0x00000000
01cfd793	srli	x15,x31,0x1c	 x31:0xf7270000 x15=0x0000000f
00900713	addi	x14,x0,9	  x0:0x00000000 x14=0x00000009
f2f76ae3	bltu	x14,x15,10019c	 x14:0x00000009 x15:0x0000000f
03778293	addi	x5,x15,55	 x15:0x0000000f  x5=0x00000046
00020337	lui	x6,0x20	  x6=0x00020000
01451613	slli	x12,x10,0x14	 x10:0x0fd1f727 x12=0x72700000
00532023	sw	x5,0(x6)	  x6:0x00020000  x5:0x00000046 PA:0x00020000 store:0x00000046 load:0x00000000
01c65693	srli	x13,x12,0x1c	 x12:0x72700000 x13=0x00000007
00900813	addi	x16,x0,9	  x0:0x00000000 x16=0x00000009
0cd87a63	bgeu	x16,x13,100288	 x16:0x00000009 x13:0x00000007
03068e93	addi	x29,x13,48	 x13:0x00000007 x29=0x00000037
00020f37	lui	x30,0x20	 x30=0x00020000
01851f93	slli	x31,x10,0x18	 x10:0x0fd1f727 x31=0x27000000
01df2023	sw	x29,0(x30)	 x30:0x00020000 x29:0x00000037 PA:0x00020000 store:0x00000037 load:0x00000000
01cfd793	srli	x15,x31,0x1c	 x31:0x27000000 x15=0x00000002
00900713	addi	x14,x0,9	  x0:0x00000000 x14=0x00000009
f2f76ae3	bltu	x14,x15,1001d4	 x14:0x00000009 x15:0x00000002
03078393	addi	x7,x15,48	 x15:0x00000002  x7=0x00000032
000205b7	lui	x11,0x20	 x11=0x00020000
0075a023	sw	x7,0(x11)	 x11:0x00020000  x7:0x00000032 PA:0x00020000 store:0x00000032 load:0x00000000
00f57513	andi	x10,x10,15	 x10:0x0fd1f727 x10=0x00000007
00900613	addi	x12,x0,9	  x0:0x00000000 x12=0x00000009
f2a67ae3	bgeu	x12,x10,1001ec	 x12:0x00000009 x10:0x00000007
03050893	addi	x17,x10,48	 x10:0x00000007 x17=0x00000037
00020e37	lui	x28,0x20	 x28=0x00020000
011e2023	sw	x17,0(x28)	 x28:0x00020000 x17:0x00000037 PA:0x00020000 store:0x00000037 load:0x00000000
00008067	jalr	x0,0(x1)	  x1:0x001012bc  x0=0x00000000
d089a187	flw	f3,-760(x19)	 f19:0x00102000  f3=0x00000000 PA:0x00101d08 store:0x4598f2e4
d24ba207	flw	f4,-732(x23)	 f23:0x00102000  f4=0x00000000 PA:0x00101d24 store:0x42f67c6a
a10a8513	addi	x10,x21,-1520	 x21:0x00102000 x10=0x00101a10
1841f5d3	fdiv.s	f11,f3,f4	  f3:0x00000000  f4:0x00000000 f11=0x00000000
d0b9a427	fsw	f11,-760(x19)	 f19:0x00102000 f11:0x00020000 PA:0x00101d08 store:0x0c5a11df load:0x42f67c6a
d089a287	flw	f5,-760(x19)	 f19:0x00102000  f5=0x00000000 PA:0x00101d08 store:0x4598f2e4
e0028f53	fmv.x.w	x30,f5	  f5:0x00000046 x30=0x0c5a11df
cfea2c23	sw	x30,-776(x20)	 x20:0x00102000 x30:0x0c5a11df PA:0x00101cf8 store:0x0c5a11df load:0x0c5a11df
dc5fe0ef	jal	x1,1000a0	  x1=0x001012e0
00054803	lbu	x16,0(x10)	 x10:0x00101a10 x16=0x0000000a PA:0x00101a10 store:0x00000000
06080663	beq	x16,x0,100110	 x16:0x0000000a  x0:0x00000000
000207b7	lui	x15,0x20	 x15=0x00020000
0107a023	sw	x16,0(x15)	 x15:0x00020000 x16:0x0000000a PA:0x00020000 store:0x0000000a load:0x00000000
00154703	lbu	x14,1(x10)	 x10:0x00101a10 x14=0x00000020 PA:0x00101a11 store:0x001012e0
04070e63	beq	x14,x0,100110	 x14:0x00000020  x0:0x00000000
00e7a023	sw	x14,0(x15)	 x15:0x00020000 x14:0x00000020 PA:0x00020000 store:0x00000020 load:0x00000000
00254283	lbu	x5,2(x10)	 x10:0x00101a10  x5=0x00000069 PA:0x00101a12 store:0x00137fa0
04028863	beq	x5,x0,100110	  x5:0x00000069  x0:0x00000000
0057a023	sw	x5,0(x15)	 x15:0x00020000  x5:0x00000069 PA:0x00020000 store:0x00000069 load:0x00000000
00354303	lbu	x6,3(x10)	 x10:0x00101a10  x6=0x0000003d PA:0x00101a13 store:0x00000000
04030263	beq	x6,x0,100110	  x6:0x0000003d  x0:0x00000000
0067a023	sw	x6,0(x15)	 x15:0x00020000  x6:0x0000003d PA:0x00020000 store:0x0000003d load:0x00000000
00454383	lbu	x7,4(x10)	 x10:0x00101a10  x7=0x00000000 PA:0x00101a14 store:0x00000000
02038c63	beq	x7,x0,100110	  x7:0x00000000  x0:0x00000000
00000513	addi	x10,x0,0	  x0:0x00000000 x10=0x00000000
00008067	jalr	x0,0(x1)	  x1:0x001012e0  x0=0x00000000
000d8513	addi	x10,x27,0	 x27:0x0000000f x10=0x0000000f
e3dfe0ef	jal	x1,100120	  x1=0x001012e8
01c55793	srli	x15,x10,0x1c	 x10:0x0000000f x15=0x00000000
00900713	addi	x14,x0,9	  x0:0x00000000 x14=0x00000009
0cf77a63	bgeu	x14,x15,1001fc	 x14:0x00000009 x15:0x00000000
03078393	addi	x7,x15,48	 x15:0x00000000  x7=0x00000030
000205b7	lui	x11,0x20	 x11=0x00020000
00451613	slli	x12,x10,0x4	 x10:0x0000000f x12=0x000000f0
0075a023	sw	x7,0(x11)	 x11:0x00020000  x7:0x00000030 PA:0x00020000 store:0x00000030 load:0x00000000
01c65693	srli	x13,x12,0x1c	 x12:0x000000f0 x13=0x00000000
00900813	addi	x16,x0,9	  x0:0x00000000 x16=0x00000009
f2d86ae3	bltu	x16,x13,100148	 x16:0x00000009 x13:0x00000000
03068e93	addi	x29,x13,48	 x13:0x00000000 x29=0x00000030
00020f37	lui	x30,0x20	 x30=0x00020000
00851f93	slli	x31,x10,0x8	 x10:0x0000000f x31=0x00000f00
01df2023	sw	x29,0(x30)	 x30:0x00020000 x29:0x00000030 PA:0x00020000 store:0x00000030 load:0x00000000
01cfd793	srli	x15,x31,0x1c	 x31:0x00000f00 x15=0x00000000
00900713	addi	x14,x0,9	  x0:0x00000000 x14=0x00000009
f2f76ae3	bltu	x14,x15,100164	 x14:0x00000009 x15:0x00000000
03078393	addi	x7,x15,48	 x15:0x00000000  x7=0x00000030
000205b7	lui	x11,0x20	 x11=0x00020000
00c51613	slli	x12,x10,0xc	 x10:0x0000000f x12=0x0000f000
0075a023	sw	x7,0(x11)	 x11:0x00020000  x7:0x00000030 PA:0x00020000 store:0x00000030 load:0x00000000
01c65693	srli	x13,x12,0x1c	 x12:0x0000f000 x13=0x00000000
00900813	addi	x16,x0,9	  x0:0x00000000 x16=0x00000009
f2d86ae3	bltu	x16,x13,100180	 x16:0x00000009 x13:0x00000000
03068e93	addi	x29,x13,48	 x13:0x00000000 x29=0x00000030
00020f37	lui	x30,0x20	 x30=0x00020000
01051f93	slli	x31,x10,0x10	 x10:0x0000000f x31=0x000f0000
01df2023	sw	x29,0(x30)	 x30:0x00020000 x29:0x00000030 PA:0x00020000 store:0x00000030 load:0x00000000
01cfd793	srli	x15,x31,0x1c	 x31:0x000f0000 x15=0x00000000
00900713	addi	x14,x0,9	  x0:0x00000000 x14=0x00000009
f2f76ae3	bltu	x14,x15,10019c	 x14:0x00000009 x15:0x00000000
03078393	addi	x7,x15,48	 x15:0x00000000  x7=0x00000030
000205b7	lui	x11,0x20	 x11=0x00020000
01451613	slli	x12,x10,0x14	 x10:0x0000000f x12=0x00f00000
0075a023	sw	x7,0(x11)	 x11:0x00020000  x7:0x00000030 PA:0x00020000 store:0x00000030 load:0x00000000
01c65693	srli	x13,x12,0x1c	 x12:0x00f00000 x13=0x00000000
00900813	addi	x16,x0,9	  x0:0x00000000 x16=0x00000009
f2d86ae3	bltu	x16,x13,1001b8	 x16:0x00000009 x13:0x00000000
03068e93	addi	x29,x13,48	 x13:0x00000000 x29=0x00000030
00020f37	lui	x30,0x20	 x30=0x00020000
01851f93	slli	x31,x10,0x18	 x10:0x0000000f x31=0x0f000000
01df2023	sw	x29,0(x30)	 x30:0x00020000 x29:0x00000030 PA:0x00020000 store:0x00000030 load:0x00000000
01cfd793	srli	x15,x31,0x1c	 x31:0x0f000000 x15=0x00000000
00900713	addi	x14,x0,9	  x0:0x00000000 x14=0x00000009
f2f76ae3	bltu	x14,x15,1001d4	 x14:0x00000009 x15:0x00000000
03078393	addi	x7,x15,48	 x15:0x00000000  x7=0x00000030
000205b7	lui	x11,0x20	 x11=0x00020000
0075a023	sw	x7,0(x11)	 x11:0x00020000  x7:0x00000030 PA:0x00020000 store:0x00000030 load:0x00000000
00f57513	andi	x10,x10,15	 x10:0x0000000f x10=0x0000000f
00900613	addi	x12,x0,9	  x0:0x00000000 x12=0x00000009
f2a67ae3	bgeu	x12,x10,1001ec	 x12:0x00000009 x10:0x0000000f
03750693	addi	x13,x10,55	 x10:0x0000000f x13=0x00000046
00020837	lui	x16,0x20	 x16=0x00020000
00d82023	sw	x13,0(x16)	 x16:0x00020000 x13:0x00000046 PA:0x00020000 store:0x00000046 load:0x00000000
00008067	jalr	x0,0(x1)	  x1:0x001012e8  x0=0x00000000
a18b0513	addi	x10,x22,-1512	 x22:0x00102000 x10=0x00101a18
db5fe0ef	jal	x1,1000a0	  x1=0x001012f0
00054803	lbu	x16,0(x10)	 x10:0x00101a18 x16=0x00000020 PA:0x00101a18 store:0x00000000
06080663	beq	x16,x0,100110	 x16:0x00000020  x0:0x00000000
000207b7	lui	x15,0x20	 x15=0x00020000
0107a023	sw	x16,0(x15)	 x15:0x00020000 x16:0x00000020 PA:0x00020000 store:0x00000020 load:0x00000000
00154703	lbu	x14,1(x10)	 x10:0x00101a18 x14=0x00000072 PA:0x00101a19 store:0x001012f0
04070e63	beq	x14,x0,100110	 x14:0x00000072  x0:0x00000000
00e7a023	sw	x14,0(x15)	 x15:0x00020000 x14:0x00000072 PA:0x00020000 store:0x00000072 load:0x00000000
00254283	lbu	x5,2(x10)	 x10:0x00101a18  x5=0x00000065 PA:0x00101a1a store:0x00137fa0
04028863	beq	x5,x0,100110	  x5:0x00000065  x0:0x00000000
0057a023	sw	x5,0(x15)	 x15:0x00020000  x5:0x00000065 PA:0x00020000 store:0x00000065 load:0x00000000
00354303	lbu	x6,3(x10)	 x10:0x00101a18  x6=0x00000073 PA:0x00101a1b store:0x00000000
04030263	beq	x6,x0,100110	  x6:0x00000073  x0:0x00000000
0067a023	sw	x6,0(x15)	 x15:0x00020000  x6:0x00000073 PA:0x00020000 store:0x00000073 load:0x00000000
00454383	lbu	x7,4(x10)	 x10:0x00101a18  x7=0x00000075 PA:0x00101a1c store:0x00000000
02038c63	beq	x7,x0,100110	  x7:0x00000075  x0:0x00000000
0077a023	sw	x7,0(x15)	 x15:0x00020000  x7:0x00000075 PA:0x00020000 store:0x00000075 load:0x00000000
00554583	lbu	x11,5(x10)	 x10:0x00101a18 x11=0x0000006c PA:0x00101a1d store:0x00000065
02058663	beq	x11,x0,100110	 x11:0x0000006c  x0:0x00000000
00b7a023	sw	x11,0(x15)	 x15:0x00020000 x11:0x0000006c PA:0x00020000 store:0x0000006c load:0x00000000
00654603	lbu	x12,6(x10)	 x10:0x00101a18 x12=0x00000074 PA:0x00101a1e store:0x00000073
02060063	beq	x12,x0,100110	 x12:0x00000074  x0:0x00000000
00c7a023	sw	x12,0(x15)	 x15:0x00020000 x12:0x00000074 PA:0x00020000 store:0x00000074 load:0x00000000
00754683	lbu	x13,7(x10)	 x10:0x00101a18 x13=0x0000003a PA:0x00101a1f store:0x00000075
00850513	addi	x10,x10,8	 x10:0x00101a18 x10=0x00101a20
00068863	beq	x13,x0,100110	 x13:0x0000003a  x0:0x00000000
00d7a023	sw	x13,0(x15)	 x15:0x00020000 x13:0x0000003a PA:0x00020000 store:0x0000003a load:0x00000000
00054803	lbu	x16,0(x10)	 x10:0x00101a20 x16=0x00000020 PA:0x00101a20 store:0x00000000
fa0810e3	bne	x16,x0,1000ac	 x16:0x00000020  x0:0x00000000
0107a023	sw	x16,0(x15)	 x15:0x00020000 x16:0x00000020 PA:0x00020000 store:0x00000020 load:0x00000000
00154703	lbu	x14,1(x10)	 x10:0x00101a20 x14=0x00000000 PA:0x00101a21 store:0x001012f0
04070e63	beq	x14,x0,100110	 x14:0x00000000  x0:0x00000000
00000513	addi	x10,x0,0	  x0:0x00000000 x10=0x00000000
00008067	jalr	x0,0(x1)	  x1:0x001012f0  x0=0x00000000
cf8a2503	lw	x10,-776(x20)	 x20:0x00102000 x10=0x0c5a11df PA:0x00101cf8 store:0x00000010
e2dfe0ef	jal	x1,100120	  x1=0x001012f8
01c55793	srli	x15,x10,0x1c	 x10:0x0c5a11df x15=0x00000000
00900713	addi	x14,x0,9	  x0:0x00000000 x14=0x00000009
0cf77a63	bgeu	x14,x15,1001fc	 x14:0x00000009 x15:0x00000000
03078393	addi	x7,x15,48	 x15:0x00000000  x7=0x00000030
000205b7	lui	x11,0x20	 x11=0x00020000
00451613	slli	x12,x10,0x4	 x10:0x0c5a11df x12=0xc5a11df0
0075a023	sw	x7,0(x11)	 x11:0x00020000  x7:0x00000030 PA:0x00020000 store:0x00000030 load:0x00000000
01c65693	srli	x13,x12,0x1c	 x12:0xc5a11df0 x13=0x0000000c
00900813	addi	x16,x0,9	  x0:0x00000000 x16=0x00000009
f2d86ae3	bltu	x16,x13,100148	 x16:0x00000009 x13:0x0000000c
03768893	addi	x17,x13,55	 x13:0x0000000c x17=0x00000043
00020e37	lui	x28,0x20	 x28=0x00020000
00851f93	slli	x31,x10,0x8	 x10:0x0c5a11df x31=0x5a11df00
011e2023	sw	x17,0(x28)	 x28:0x00020000 x17:0x00000043 PA:0x00020000 store:0x00000043 load:0x00000000
01cfd793	srli	x15,x31,0x1c	 x31:0x5a11df00 x15=0x00000005
00900713	addi	x14,x0,9	  x0:0x00000000 x14=0x00000009
0cf77a63	bgeu	x14,x15,100234	 x14:0x00000009 x15:0x00000005
03078393	addi	x7,x15,48	 x15:0x00000005  x7=0x00000035
000205b7	lui	x11,0x20	 x11=0x00020000
00c51613	slli	x12,x10,0xc	 x10:0x0c5a11df x12=0xa11df000
0075a023	sw	x7,0(x11)	 x11:0x00020000  x7:0x00000035 PA:0x00020000 store:0x00000035 load:0x00000000
01c65693	srli	x13,x12,0x1c	 x12:0xa11df000 x13=0x0000000a
00900813	addi	x16,x0,9	  x0:0x00000000 x16=0x00000009
f2d86ae3	bltu	x16,x13,100180	 x16:0x00000009 x13:0x0000000a
03768893	addi	x17,x13,55	 x13:0x0000000a x17=0x00000041
00020e37	lui	x28,0x20	 x28=0x00020000
01051f93	slli	x31,x10,0x10	 x10:0x0c5a11df x31=0x11df0000
011e2023	sw	x17,0(x28)	 x28:0x00020000 x17:0x00000041 PA:0x00020000 store:0x00000041 load:0x00000000
01cfd793	srli	x15,x31,0x1c	 x31:0x11df0000 x15=0x00000001
00900713	addi	x14,x0,9	  x0:0x00000000 x14=0x00000009
0cf77a63	bgeu	x14,x15,10026c	 x14:0x00000009 x15:0x00000001
03078393	addi	x7,x15,48	 x15:0x00000001  x7=0x00000031
000205b7	lui	x11,0x20	 x11=0x00020000
01451613	slli	x12,x10,0x14	 x10:0x0c5a11df x12=0x1df00000
0075a023	sw	x7,0(x11)	 x11:0x00020000  x7:0x00000031 PA:0x00020000 store:0x00000031 load:0x00000000
01c65693	srli	x13,x12,0x1c	 x12:0x1df00000 x13=0x00000001
00900813	addi	x16,x0,9	  x0:0x00000000 x16=0x00000009
f2d86ae3	bltu	x16,x13,1001b8	 x16:0x00000009 x13:0x00000001
03068e93	addi	x29,x13,48	 x13:0x00000001 x29=0x00000031
00020f37	lui	x30,0x20	 x30=0x00020000
01851f93	slli	x31,x10,0x18	 x10:0x0c5a11df x31=0xdf000000
01df2023	sw	x29,0(x30)	 x30:0x00020000 x29:0x00000031 PA:0x00020000 store:0x00000031 load:0x00000000
01cfd793	srli	x15,x31,0x1c	 x31:0xdf000000 x15=0x0000000d
00900713	addi	x14,x0,9	  x0:0x00000000 x14=0x00000009
f2f76ae3	bltu	x14,x15,1001d4	 x14:0x00000009 x15:0x0000000d
03778293	addi	x5,x15,55	 x15:0x0000000d  x5=0x00000044
00020337	lui	x6,0x20	  x6=0x00020000
00532023	sw	x5,0(x6)	  x6:0x00020000  x5:0x00000044 PA:0x00020000 store:0x00000044 load:0x00000000
00f57513	andi	x10,x10,15	 x10:0x0c5a11df x10=0x0000000f
00900613	addi	x12,x0,9	  x0:0x00000000 x12=0x00000009
0ca66a63	bltu	x12,x10,1002bc	 x12:0x00000009 x10:0x0000000f
03750693	addi	x13,x10,55	 x10:0x0000000f x13=0x00000046
00020837	lui	x16,0x20	 x16=0x00020000
00d82023	sw	x13,0(x16)	 x16:0x00020000 x13:0x00000046 PA:0x00020000 store:0x00000046 load:0x00000000
00008067	jalr	x0,0(x1)	  x1:0x001012f8  x0=0x00000000
f1ac10e3	bne	x24,x26,1011f8	 x24:0x00000010 x26:0x00000014
d089a987	flw	f19,-760(x19)	 f19:0x00102000 f19=0x00000000 PA:0x00101d08 store:0x4598f2e4
d24baa07	flw	f20,-732(x23)	 f23:0x00102000 f20=0x00000000 PA:0x00101d24 store:0x42f67c6a
a10a8513	addi	x10,x21,-1520	 x21:0x00102000 x10=0x00101a10
1949fad3	fdiv.s	f21,f19,f20	 f19:0x00102000 f20:0x00102000 f21=0x00000000
d159a427	fsw	f21,-760(x19)	 f19:0x00102000 f21:0x00102000 PA:0x00101d08 store:0x08e27cac load:0x42f67c6a
d089ae07	flw	f28,-760(x19)	 f19:0x00102000 f28=0x00000000 PA:0x00101d08 store:0x4598f2e4
e00e0dd3	fmv.x.w	x27,f28	 f28:0x00020000 x27=0x08e27cac
cfba2c23	sw	x27,-776(x20)	 x20:0x00102000 x27:0x08e27cac PA:0x00101cf8 store:0x08e27cac load:0x08e27cac
e89fe0ef	jal	x1,1000a0	  x1=0x0010121c
00054803	lbu	x16,0(x10)	 x10:0x00101a10 x16=0x0000000a PA:0x00101a10 store:0x00000000
06080663	beq	x16,x0,100110	 x16:0x0000000a  x0:0x00000000
000207b7	lui	x15,0x20	 x15=0x00020000
0107a023	sw	x16,0(x15)	 x15:0x00020000 x16:0x0000000a PA:0x00020000 store:0x0000000a load:0x00000000
00154703	lbu	x14,1(x10)	 x10:0x00101a10 x14=0x00000020 PA:0x00101a11 store:0x0010121c
04070e63	beq	x14,x0,100110	 x14:0x00000020  x0:0x00000000
00e7a023	sw	x14,0(x15)	 x15:0x00020000 x14:0x00000020 PA:0x00020000 store:0x00000020 load:0x00000000
00254283	lbu	x5,2(x10)	 x10:0x00101a10  x5=0x00000069 PA:0x00101a12 store:0x00137fa0
04028863	beq	x5,x0,100110	  x5:0x00000069  x0:0x00000000
0057a023	sw	x5,0(x15)	 x15:0x00020000  x5:0x00000069 PA:0x00020000 store:0x00000069 load:0x00000000
00354303	lbu	x6,3(x10)	 x10:0x00101a10  x6=0x0000003d PA:0x00101a13 store:0x00000000
04030263	beq	x6,x0,100110	  x6:0x0000003d  x0:0x00000000
0067a023	sw	x6,0(x15)	 x15:0x00020000  x6:0x0000003d PA:0x00020000 store:0x0000003d load:0x00000000
00454383	lbu	x7,4(x10)	 x10:0x00101a10  x7=0x00000000 PA:0x00101a14 store:0x00000000
02038c63	beq	x7,x0,100110	  x7:0x00000000  x0:0x00000000
00000513	addi	x10,x0,0	  x0:0x00000000 x10=0x00000000
00008067	jalr	x0,0(x1)	  x1:0x0010121c  x0=0x00000000
000c0513	addi	x10,x24,0	 x24:0x00000010 x10=0x00000010
f01fe0ef	jal	x1,100120	  x1=0x00101224
01c55793	srli	x15,x10,0x1c	 x10:0x00000010 x15=0x00000000
00900713	addi	x14,x0,9	  x0:0x00000000 x14=0x00000009
0cf77a63	bgeu	x14,x15,1001fc	 x14:0x00000009 x15:0x00000000
03078393	addi	x7,x15,48	 x15:0x00000000  x7=0x00000030
000205b7	lui	x11,0x20	 x11=0x00020000
00451613	slli	x12,x10,0x4	 x10:0x00000010 x12=0x00000100
0075a023	sw	x7,0(x11)	 x11:0x00020000  x7:0x00000030 PA:0x00020000 store:0x00000030 load:0x00000000
01c65693	srli	x13,x12,0x1c	 x12:0x00000100 x13=0x00000000
00900813	addi	x16,x0,9	  x0:0x00000000 x16=0x00000009
f2d86ae3	bltu	x16,x13,100148	 x16:0x00000009 x13:0x00000000
03068e93	addi	x29,x13,48	 x13:0x00000000 x29=0x00000030
00020f37	lui	x30,0x20	 x30=0x00020000
00851f93	slli	x31,x10,0x8	 x10:0x00000010 x31=0x00001000
01df2023	sw	x29,0(x30)	 x30:0x00020000 x29:0x00000030 PA:0x00020000 store:0x00000030 load:0x00000000
01cfd793	srli	x15,x31,0x1c	 x31:0x00001000 x15=0x00000000
00900713	addi	x14,x0,9	  x0:0x00000000 x14=0x00000009
f2f76ae3	bltu	x14,x15,100164	 x14:0x00000009 x15:0x00000000
03078393	addi	x7,x15,48	 x15:0x00000000  x7=0x00000030
000205b7	lui	x11,0x20	 x11=0x00020000
00c51613	slli	x12,x10,0xc	 x10:0x00000010 x12=0x00010000
0075a023	sw	x7,0(x11)	 x11:0x00020000  x7:0x00000030 PA:0x00020000 store:0x00000030 load:0x00000000
01c65693	srli	x13,x12,0x1c	 x12:0x00010000 x13=0x00000000
00900813	addi	x16,x0,9	  x0:0x00000000 x16=0x00000009
f2d86ae3	bltu	x16,x13,100180	 x16:0x00000009 x13:0x00000000
03068e93	addi	x29,x13,48	 x13:0x00000000 x29=0x00000030
00020f37	lui	x30,0x20	 x30=0x00020000
01051f93	slli	x31,x10,0x10	 x10:0x00000010 x31=0x00100000
01df2023	sw	x29,0(x30)	 x30:0x00020000 x29:0x00000030 PA:0x00020000 store:0x00000030 load:0x00000000
01cfd793	srli	x15,x31,0x1c	 x31:0x00100000 x15=0x00000000
00900713	addi	x14,x0,9	  x0:0x00000000 x14=0x00000009
f2f76ae3	bltu	x14,x15,10019c	 x14:0x00000009 x15:0x00000000
03078393	addi	x7,x15,48	 x15:0x00000000  x7=0x00000030
000205b7	lui	x11,0x20	 x11=0x00020000
01451613	slli	x12,x10,0x14	 x10:0x00000010 x12=0x01000000
0075a023	sw	x7,0(x11)	 x11:0x00020000  x7:0x00000030 PA:0x00020000 store:0x00000030 load:0x00000000
01c65693	srli	x13,x12,0x1c	 x12:0x01000000 x13=0x00000000
00900813	addi	x16,x0,9	  x0:0x00000000 x16=0x00000009
f2d86ae3	bltu	x16,x13,1001b8	 x16:0x00000009 x13:0x00000000
03068e93	addi	x29,x13,48	 x13:0x00000000 x29=0x00000030
00020f37	lui	x30,0x20	 x30=0x00020000
01851f93	slli	x31,x10,0x18	 x10:0x00000010 x31=0x10000000
01df2023	sw	x29,0(x30)	 x30:0x00020000 x29:0x00000030 PA:0x00020000 store:0x00000030 load:0x00000000
01cfd793	srli	x15,x31,0x1c	 x31:0x10000000 x15=0x00000001
00900713	addi	x14,x0,9	  x0:0x00000000 x14=0x00000009
f2f76ae3	bltu	x14,x15,1001d4	 x14:0x00000009 x15:0x00000001
03078393	addi	x7,x15,48	 x15:0x00000001  x7=0x00000031
000205b7	lui	x11,0x20	 x11=0x00020000
0075a023	sw	x7,0(x11)	 x11:0x00020000  x7:0x00000031 PA:0x00020000 store:0x00000031 load:0x00000000
00f57513	andi	x10,x10,15	 x10:0x00000010 x10=0x00000000
00900613	addi	x12,x0,9	  x0:0x00000000 x12=0x00000009
f2a67ae3	bgeu	x12,x10,1001ec	 x12:0x00000009 x10:0x00000000
03050893	addi	x17,x10,48	 x10:0x00000000 x17=0x00000030
00020e37	lui	x28,0x20	 x28=0x00020000
011e2023	sw	x17,0(x28)	 x28:0x00020000 x17:0x00000030 PA:0x00020000 store:0x00000030 load:0x00000000
00008067	jalr	x0,0(x1)	  x1:0x00101224  x0=0x00000000
a18b0513	addi	x10,x22,-1512	 x22:0x00102000 x10=0x00101a18
e79fe0ef	jal	x1,1000a0	  x1=0x0010122c
00054803	lbu	x16,0(x10)	 x10:0x00101a18 x16=0x00000020 PA:0x00101a18 store:0x00000000
06080663	beq	x16,x0,100110	 x16:0x00000020  x0:0x00000000
000207b7	lui	x15,0x20	 x15=0x00020000
0107a023	sw	x16,0(x15)	 x15:0x00020000 x16:0x00000020 PA:0x00020000 store:0x00000020 load:0x00000000
00154703	lbu	x14,1(x10)	 x10:0x00101a18 x14=0x00000072 PA:0x00101a19 store:0x0010122c
04070e63	beq	x14,x0,100110	 x14:0x00000072  x0:0x00000000
00e7a023	sw	x14,0(x15)	 x15:0x00020000 x14:0x00000072 PA:0x00020000 store:0x00000072 load:0x00000000
00254283	lbu	x5,2(x10)	 x10:0x00101a18  x5=0x00000065 PA:0x00101a1a store:0x00137fa0
04028863	beq	x5,x0,100110	  x5:0x00000065  x0:0x00000000
0057a023	sw	x5,0(x15)	 x15:0x00020000  x5:0x00000065 PA:0x00020000 store:0x00000065 load:0x00000000
00354303	lbu	x6,3(x10)	 x10:0x00101a18  x6=0x00000073 PA:0x00101a1b store:0x00000000
04030263	beq	x6,x0,100110	  x6:0x00000073  x0:0x00000000
0067a023	sw	x6,0(x15)	 x15:0x00020000  x6:0x00000073 PA:0x00020000 store:0x00000073 load:0x00000000
00454383	lbu	x7,4(x10)	 x10:0x00101a18  x7=0x00000075 PA:0x00101a1c store:0x00000000
02038c63	beq	x7,x0,100110	  x7:0x00000075  x0:0x00000000
0077a023	sw	x7,0(x15)	 x15:0x00020000  x7:0x00000075 PA:0x00020000 store:0x00000075 load:0x00000000
00554583	lbu	x11,5(x10)	 x10:0x00101a18 x11=0x0000006c PA:0x00101a1d store:0x00000065
02058663	beq	x11,x0,100110	 x11:0x0000006c  x0:0x00000000
00b7a023	sw	x11,0(x15)	 x15:0x00020000 x11:0x0000006c PA:0x00020000 store:0x0000006c load:0x00000000
00654603	lbu	x12,6(x10)	 x10:0x00101a18 x12=0x00000074 PA:0x00101a1e store:0x00000073
02060063	beq	x12,x0,100110	 x12:0x00000074  x0:0x00000000
00c7a023	sw	x12,0(x15)	 x15:0x00020000 x12:0x00000074 PA:0x00020000 store:0x00000074 load:0x00000000
00754683	lbu	x13,7(x10)	 x10:0x00101a18 x13=0x0000003a PA:0x00101a1f store:0x00000075
00850513	addi	x10,x10,8	 x10:0x00101a18 x10=0x00101a20
00068863	beq	x13,x0,100110	 x13:0x0000003a  x0:0x00000000
00d7a023	sw	x13,0(x15)	 x15:0x00020000 x13:0x0000003a PA:0x00020000 store:0x0000003a load:0x00000000
00054803	lbu	x16,0(x10)	 x10:0x00101a20 x16=0x00000020 PA:0x00101a20 store:0x00000000
fa0810e3	bne	x16,x0,1000ac	 x16:0x00000020  x0:0x00000000
0107a023	sw	x16,0(x15)	 x15:0x00020000 x16:0x00000020 PA:0x00020000 store:0x00000020 load:0x00000000
00154703	lbu	x14,1(x10)	 x10:0x00101a20 x14=0x00000000 PA:0x00101a21 store:0x0010122c
04070e63	beq	x14,x0,100110	 x14:0x00000000  x0:0x00000000
00000513	addi	x10,x0,0	  x0:0x00000000 x10=0x00000000
00008067	jalr	x0,0(x1)	  x1:0x0010122c  x0=0x00000000
cf8a2503	lw	x10,-776(x20)	 x20:0x00102000 x10=0x08e27cac PA:0x00101cf8 store:0x00000010
001c0d93	addi	x27,x24,1	 x24:0x00000010 x27=0x00000011
eedfe0ef	jal	x1,100120	  x1=0x00101238
01c55793	srli	x15,x10,0x1c	 x10:0x08e27cac x15=0x00000000
00900713	addi	x14,x0,9	  x0:0x00000000 x14=0x00000009
0cf77a63	bgeu	x14,x15,1001fc	 x14:0x00000009 x15:0x00000000
03078393	addi	x7,x15,48	 x15:0x00000000  x7=0x00000030
000205b7	lui	x11,0x20	 x11=0x00020000
00451613	slli	x12,x10,0x4	 x10:0x08e27cac x12=0x8e27cac0
0075a023	sw	x7,0(x11)	 x11:0x00020000  x7:0x00000030 PA:0x00020000 store:0x00000030 load:0x00000000
01c65693	srli	x13,x12,0x1c	 x12:0x8e27cac0 x13=0x00000008
00900813	addi	x16,x0,9	  x0:0x00000000 x16=0x00000009
f2d86ae3	bltu	x16,x13,100148	 x16:0x00000009 x13:0x00000008
03068e93	addi	x29,x13,48	 x13:0x00000008 x29=0x00000038
00020f37	lui	x30,0x20	 x30=0x00020000
00851f93	slli	x31,x10,0x8	 x10:0x08e27cac x31=0xe27cac00
01df2023	sw	x29,0(x30)	 x30:0x00020000 x29:0x00000038 PA:0x00020000 store:0x00000038 load:0x00000000
01cfd793	srli	x15,x31,0x1c	 x31:0xe27cac00 x15=0x0000000e
00900713	addi	x14,x0,9	  x0:0x00000000 x14=0x00000009
f2f76ae3	bltu	x14,x15,100164	 x14:0x00000009 x15:0x0000000e
03778293	addi	x5,x15,55	 x15:0x0000000e  x5=0x00000045
00020337	lui	x6,0x20	  x6=0x00020000
00c51613	slli	x12,x10,0xc	 x10:0x08e27cac x12=0x27cac000
00532023	sw	x5,0(x6)	  x6:0x00020000  x5:0x00000045 PA:0x00020000 store:0x00000045 load:0x00000000
01c65693	srli	x13,x12,0x1c	 x12:0x27cac000 x13=0x00000002
00900813	addi	x16,x0,9	  x0:0x00000000 x16=0x00000009
0cd87a63	bgeu	x16,x13,100250	 x16:0x00000009 x13:0x00000002
03068e93	addi	x29,x13,48	 x13:0x00000002 x29=0x00000032
00020f37	lui	x30,0x20	 x30=0x00020000
01051f93	slli	x31,x10,0x10	 x10:0x08e27cac x31=0x7cac0000
01df2023	sw	x29,0(x30)	 x30:0x00020000 x29:0x00000032 PA:0x00020000 store:0x00000032 load:0x00000000
01cfd793	srli	x15,x31,0x1c	 x31:0x7cac0000 x15=0x00000007
00900713	addi	x14,x0,9	  x0:0x00000000 x14=0x00000009
f2f76ae3	bltu	x14,x15,10019c	 x14:0x00000009 x15:0x00000007
03078393	addi	x7,x15,48	 x15:0x00000007  x7=0x00000037
000205b7	lui	x11,0x20	 x11=0x00020000
01451613	slli	x12,x10,0x14	 x10:0x08e27cac x12=0xcac00000
0075a023	sw	x7,0(x11)	 x11:0x00020000  x7:0x00000037 PA:0x00020000 store:0x00000037 load:0x00000000
01c65693	srli	x13,x12,0x1c	 x12:0xcac00000 x13=0x0000000c
00900813	addi	x16,x0,9	  x0:0x00000000 x16=0x00000009
f2d86ae3	bltu	x16,x13,1001b8	 x16:0x00000009 x13:0x0000000c
03768893	addi	x17,x13,55	 x13:0x0000000c x17=0x00000043
00020e37	lui	x28,0x20	 x28=0x00020000
01851f93	slli	x31,x10,0x18	 x10:0x08e27cac x31=0xac000000
011e2023	sw	x17,0(x28)	 x28:0x00020000 x17:0x00000043 PA:0x00020000 store:0x00000043 load:0x00000000
01cfd793	srli	x15,x31,0x1c	 x31:0xac000000 x15=0x0000000a
00900713	addi	x14,x0,9	  x0:0x00000000 x14=0x00000009
0cf77a63	bgeu	x14,x15,1002a4	 x14:0x00000009 x15:0x0000000a
03778293	addi	x5,x15,55	 x15:0x0000000a  x5=0x00000041
00020337	lui	x6,0x20	  x6=0x00020000
00532023	sw	x5,0(x6)	  x6:0x00020000  x5:0x00000041 PA:0x00020000 store:0x00000041 load:0x00000000
00f57513	andi	x10,x10,15	 x10:0x08e27cac x10=0x0000000c
00900613	addi	x12,x0,9	  x0:0x00000000 x12=0x00000009
0ca66a63	bltu	x12,x10,1002bc	 x12:0x00000009 x10:0x0000000c
03750693	addi	x13,x10,55	 x10:0x0000000c x13=0x00000043
00020837	lui	x16,0x20	 x16=0x00020000
00d82023	sw	x13,0(x16)	 x16:0x00020000 x13:0x00000043 PA:0x00020000 store:0x00000043 load:0x00000000
00008067	jalr	x0,0(x1)	  x1:0x00101238  x0=0x00000000
d089ae87	flw	f29,-760(x19)	 f19:0x00102000 f29=0x00000000 PA:0x00101d08 store:0x4598f2e4
d24baf07	flw	f30,-732(x23)	 f23:0x00102000 f30=0x00000000 PA:0x00101d24 store:0x42f67c6a
a10a8513	addi	x10,x21,-1520	 x21:0x00102000 x10=0x00101a10
19eeffd3	fdiv.s	f31,f29,f30	 f29:0x00000032 f30:0x00020000 f31=0x00000000
d1f9a427	fsw	f31,-760(x19)	 f19:0x00102000 f31:0xac000000 PA:0x00101d08 store:0x056b3aa5 load:0x42f67c6a
d089a007	flw	f0,-760(x19)	 f19:0x00102000  f0=0x00000000 PA:0x00101d08 store:0x4598f2e4
e0000e53	fmv.x.w	x28,f0	  f0:0x00000000 x28=0x056b3aa5
cfca2c23	sw	x28,-776(x20)	 x20:0x00102000 x28:0x056b3aa5 PA:0x00101cf8 store:0x056b3aa5 load:0x056b3aa5
e49fe0ef	jal	x1,1000a0	  x1=0x0010125c
00054803	lbu	x16,0(x10)	 x10:0x00101a10 x16=0x0000000a PA:0x00101a10 store:0x00000000
06080663	beq	x16,x0,100110	 x16:0x0000000a  x0:0x00000000
000207b7	lui	x15,0x20	 x15=0x00020000
0107a023	sw	x16,0(x15)	 x15:0x00020000 x16:0x0000000a PA:0x00020000 store:0x0000000a load:0x00000000
00154703	lbu	x14,1(x10)	 x10:0x00101a10 x14=0x00000020 PA:0x00101a11 store:0x0010125c
04070e63	beq	x14,x0,100110	 x14:0x00000020  x0:0x00000000
00e7a023	sw	x14,0(x15)	 x15:0x00020000 x14:0x00000020 PA:0x00020000 store:0x00000020 load:0x00000000
00254283	lbu	x5,2(x10)	 x10:0x00101a10  x5=0x00000069 PA:0x00101a12 store:0x00137fa0
04028863	beq	x5,x0,100110	  x5:0x00000069  x0:0x00000000
0057a023	sw	x5,0(x15)	 x15:0x00020000  x5:0x00000069 PA:0x00020000 store:0x00000069 load:0x00000000
00354303	lbu	x6,3(x10)	 x10:0x00101a10  x6=0x0000003d PA:0x00101a13 store:0x00000000
04030263	beq	x6,x0,100110	  x6:0x0000003d  x0:0x00000000
0067a023	sw	x6,0(x15)	 x15:0x00020000  x6:0x0000003d PA:0x00020000 store:0x0000003d load:0x00000000
00454383	lbu	x7,4(x10)	 x10:0x00101a10  x7=0x00000000 PA:0x00101a14 store:0x00000000
02038c63	beq	x7,x0,100110	  x7:0x00000000  x0:0x00000000
00000513	addi	x10,x0,0	  x0:0x00000000 x10=0x00000000
00008067	jalr	x0,0(x1)	  x1:0x0010125c  x0=0x00000000
000d8513	addi	x10,x27,0	 x27:0x00000011 x10=0x00000011
ec1fe0ef	jal	x1,100120	  x1=0x00101264
01c55793	srli	x15,x10,0x1c	 x10:0x00000011 x15=0x00000000
00900713	addi	x14,x0,9	  x0:0x00000000 x14=0x00000009
0cf77a63	bgeu	x14,x15,1001fc	 x14:0x00000009 x15:0x00000000
03078393	addi	x7,x15,48	 x15:0x00000000  x7=0x00000030
000205b7	lui	x11,0x20	 x11=0x00020000
00451613	slli	x12,x10,0x4	 x10:0x00000011 x12=0x00000110
0075a023	sw	x7,0(x11)	 x11:0x00020000  x7:0x00000030 PA:0x00020000 store:0x00000030 load:0x00000000
01c65693	srli	x13,x12,0x1c	 x12:0x00000110 x13=0x00000000
00900813	addi	x16,x0,9	  x0:0x00000000 x16=0x00000009
f2d86ae3	bltu	x16,x13,100148	 x16:0x00000009 x13:0x00000000
03068e93	addi	x29,x13,48	 x13:0x00000000 x29=0x00000030
00020f37	lui	x30,0x20	 x30=0x00020000
00851f93	slli	x31,x10,0x8	 x10:0x00000011 x31=0x00001100
01df2023	sw	x29,0(x30)	 x30:0x00020000 x29:0x00000030 PA:0x00020000 store:0x00000030 load:0x00000000
01cfd793	srli	x15,x31,0x1c	 x31:0x00001100 x15=0x00000000
00900713	addi	x14,x0,9	  x0:0x00000000 x14=0x00000009
f2f76ae3	bltu	x14,x15,100164	 x14:0x00000009 x15:0x00000000
03078393	addi	x7,x15,48	 x15:0x00000000  x7=0x00000030
000205b7	lui	x11,0x20	 x11=0x00020000
00c51613	slli	x12,x10,0xc	 x10:0x00000011 x12=0x00011000
0075a023	sw	x7,0(x11)	 x11:0x00020000  x7:0x00000030 PA:0x00020000 store:0x00000030 load:0x00000000
01c65693	srli	x13,x12,0x1c	 x12:0x00011000 x13=0x00000000
00900813	addi	x16,x0,9	  x0:0x00000000 x16=0x00000009
f2d86ae3	bltu	x16,x13,100180	 x16:0x00000009 x13:0x00000000
03068e93	addi	x29,x13,48	 x13:0x00000000 x29=0x00000030
00020f37	lui	x30,0x20	 x30=0x00020000
01051f93	slli	x31,x10,0x10	 x10:0x00000011 x31=0x00110000
01df2023	sw	x29,0(x30)	 x30:0x00020000 x29:0x00000030 PA:0x00020000 store:0x00000030 load:0x00000000
01cfd793	srli	x15,x31,0x1c	 x31:0x00110000 x15=0x00000000
00900713	addi	x14,x0,9	  x0:0x00000000 x14=0x00000009
f2f76ae3	bltu	x14,x15,10019c	 x14:0x00000009 x15:0x00000000
03078393	addi	x7,x15,48	 x15:0x00000000  x7=0x00000030
000205b7	lui	x11,0x20	 x11=0x00020000
01451613	slli	x12,x10,0x14	 x10:0x00000011 x12=0x01100000
0075a023	sw	x7,0(x11)	 x11:0x00020000  x7:0x00000030 PA:0x00020000 store:0x00000030 load:0x00000000
01c65693	srli	x13,x12,0x1c	 x12:0x01100000 x13=0x00000000
00900813	addi	x16,x0,9	  x0:0x00000000 x16=0x00000009
f2d86ae3	bltu	x16,x13,1001b8	 x16:0x00000009 x13:0x00000000
03068e93	addi	x29,x13,48	 x13:0x00000000 x29=0x00000030
00020f37	lui	x30,0x20	 x30=0x00020000
01851f93	slli	x31,x10,0x18	 x10:0x00000011 x31=0x11000000
01df2023	sw	x29,0(x30)	 x30:0x00020000 x29:0x00000030 PA:0x00020000 store:0x00000030 load:0x00000000
01cfd793	srli	x15,x31,0x1c	 x31:0x11000000 x15=0x00000001
00900713	addi	x14,x0,9	  x0:0x00000000 x14=0x00000009
f2f76ae3	bltu	x14,x15,1001d4	 x14:0x00000009 x15:0x00000001
03078393	addi	x7,x15,48	 x15:0x00000001  x7=0x00000031
000205b7	lui	x11,0x20	 x11=0x00020000
0075a023	sw	x7,0(x11)	 x11:0x00020000  x7:0x00000031 PA:0x00020000 store:0x00000031 load:0x00000000
00f57513	andi	x10,x10,15	 x10:0x00000011 x10=0x00000001
00900613	addi	x12,x0,9	  x0:0x00000000 x12=0x00000009
f2a67ae3	bgeu	x12,x10,1001ec	 x12:0x00000009 x10:0x00000001
03050893	addi	x17,x10,48	 x10:0x00000001 x17=0x00000031
00020e37	lui	x28,0x20	 x28=0x00020000
011e2023	sw	x17,0(x28)	 x28:0x00020000 x17:0x00000031 PA:0x00020000 store:0x00000031 load:0x00000000
00008067	jalr	x0,0(x1)	  x1:0x00101264  x0=0x00000000
a18b0513	addi	x10,x22,-1512	 x22:0x00102000 x10=0x00101a18
e39fe0ef	jal	x1,1000a0	  x1=0x0010126c
00054803	lbu	x16,0(x10)	 x10:0x00101a18 x16=0x00000020 PA:0x00101a18 store:0x00000000
06080663	beq	x16,x0,100110	 x16:0x00000020  x0:0x00000000
000207b7	lui	x15,0x20	 x15=0x00020000
0107a023	sw	x16,0(x15)	 x15:0x00020000 x16:0x00000020 PA:0x00020000 store:0x00000020 load:0x00000000
00154703	lbu	x14,1(x10)	 x10:0x00101a18 x14=0x00000072 PA:0x00101a19 store:0x0010126c
04070e63	beq	x14,x0,100110	 x14:0x00000072  x0:0x00000000
00e7a023	sw	x14,0(x15)	 x15:0x00020000 x14:0x00000072 PA:0x00020000 store:0x00000072 load:0x00000000
00254283	lbu	x5,2(x10)	 x10:0x00101a18  x5=0x00000065 PA:0x00101a1a store:0x00137fa0
04028863	beq	x5,x0,100110	  x5:0x00000065  x0:0x00000000
0057a023	sw	x5,0(x15)	 x15:0x00020000  x5:0x00000065 PA:0x00020000 store:0x00000065 load:0x00000000
00354303	lbu	x6,3(x10)	 x10:0x00101a18  x6=0x00000073 PA:0x00101a1b store:0x00000000
04030263	beq	x6,x0,100110	  x6:0x00000073  x0:0x00000000
0067a023	sw	x6,0(x15)	 x15:0x00020000  x6:0x00000073 PA:0x00020000 store:0x00000073 load:0x00000000
00454383	lbu	x7,4(x10)	 x10:0x00101a18  x7=0x00000075 PA:0x00101a1c store:0x00000000
02038c63	beq	x7,x0,100110	  x7:0x00000075  x0:0x00000000
0077a023	sw	x7,0(x15)	 x15:0x00020000  x7:0x00000075 PA:0x00020000 store:0x00000075 load:0x00000000
00554583	lbu	x11,5(x10)	 x10:0x00101a18 x11=0x0000006c PA:0x00101a1d store:0x00000065
02058663	beq	x11,x0,100110	 x11:0x0000006c  x0:0x00000000
00b7a023	sw	x11,0(x15)	 x15:0x00020000 x11:0x0000006c PA:0x00020000 store:0x0000006c load:0x00000000
00654603	lbu	x12,6(x10)	 x10:0x00101a18 x12=0x00000074 PA:0x00101a1e store:0x00000073
02060063	beq	x12,x0,100110	 x12:0x00000074  x0:0x00000000
00c7a023	sw	x12,0(x15)	 x15:0x00020000 x12:0x00000074 PA:0x00020000 store:0x00000074 load:0x00000000
00754683	lbu	x13,7(x10)	 x10:0x00101a18 x13=0x0000003a PA:0x00101a1f store:0x00000075
00850513	addi	x10,x10,8	 x10:0x00101a18 x10=0x00101a20
00068863	beq	x13,x0,100110	 x13:0x0000003a  x0:0x00000000
00d7a023	sw	x13,0(x15)	 x15:0x00020000 x13:0x0000003a PA:0x00020000 store:0x0000003a load:0x00000000
00054803	lbu	x16,0(x10)	 x10:0x00101a20 x16=0x00000020 PA:0x00101a20 store:0x00000000
fa0810e3	bne	x16,x0,1000ac	 x16:0x00000020  x0:0x00000000
0107a023	sw	x16,0(x15)	 x15:0x00020000 x16:0x00000020 PA:0x00020000 store:0x00000020 load:0x00000000
00154703	lbu	x14,1(x10)	 x10:0x00101a20 x14=0x00000000 PA:0x00101a21 store:0x0010126c
04070e63	beq	x14,x0,100110	 x14:0x00000000  x0:0x00000000
00000513	addi	x10,x0,0	  x0:0x00000000 x10=0x00000000
00008067	jalr	x0,0(x1)	  x1:0x0010126c  x0=0x00000000
cf8a2503	lw	x10,-776(x20)	 x20:0x00102000 x10=0x056b3aa5 PA:0x00101cf8 store:0x00000010
002c0d93	addi	x27,x24,2	 x24:0x00000010 x27=0x00000012
eadfe0ef	jal	x1,100120	  x1=0x00101278
01c55793	srli	x15,x10,0x1c	 x10:0x056b3aa5 x15=0x00000000
00900713	addi	x14,x0,9	  x0:0x00000000 x14=0x00000009
0cf77a63	bgeu	x14,x15,1001fc	 x14:0x00000009 x15:0x00000000
03078393	addi	x7,x15,48	 x15:0x00000000  x7=0x00000030
000205b7	lui	x11,0x20	 x11=0x00020000
00451613	slli	x12,x10,0x4	 x10:0x056b3aa5 x12=0x56b3aa50
0075a023	sw	x7,0(x11)	 x11:0x00020000  x7:0x00000030 PA:0x00020000 store:0x00000030 load:0x00000000
01c65693	srli	x13,x12,0x1c	 x12:0x56b3aa50 x13=0x00000005
00900813	addi	x16,x0,9	  x0:0x00000000 x16=0x00000009
f2d86ae3	bltu	x16,x13,100148	 x16:0x00000009 x13:0x00000005
03068e93	addi	x29,x13,48	 x13:0x00000005 x29=0x00000035
00020f37	lui	x30,0x20	 x30=0x00020000
00851f93	slli	x31,x10,0x8	 x10:0x056b3aa5 x31=0x6b3aa500
01df2023	sw	x29,0(x30)	 x30:0x00020000 x29:0x00000035 PA:0x00020000 store:0x00000035 load:0x00000000
01cfd793	srli	x15,x31,0x1c	 x31:0x6b3aa500 x15=0x00000006
00900713	addi	x14,x0,9	  x0:0x00000000 x14=0x00000009
f2f76ae3	bltu	x14,x15,100164	 x14:0x00000009 x15:0x00000006
03078393	addi	x7,x15,48	 x15:0x00000006  x7=0x00000036
000205b7	lui	x11,0x20	 x11=0x00020000
00c51613	slli	x12,x10,0xc	 x10:0x056b3aa5 x12=0xb3aa5000
0075a023	sw	x7,0(x11)	 x11:0x00020000  x7:0x00000036 PA:0x00020000 store:0x00000036 load:0x00000000
01c65693	srli	x13,x12,0x1c	 x12:0xb3aa5000 x13=0x0000000b
00900813	addi	x16,x0,9	  x0:0x00000000 x16=0x00000009
f2d86ae3	bltu	x16,x13,100180	 x16:0x00000009 x13:0x0000000b
03768893	addi	x17,x13,55	 x13:0x0000000b x17=0x00000042
00020e37	lui	x28,0x20	 x28=0x00020000
01051f93	slli	x31,x10,0x10	 x10:0x056b3aa5 x31=0x3aa50000
011e2023	sw	x17,0(x28)	 x28:0x00020000 x17:0x00000042 PA:0x00020000 store:0x00000042 load:0x00000000
01cfd793	srli	x15,x31,0x1c	 x31:0x3aa50000 x15=0x00000003
00900713	addi	x14,x0,9	  x0:0x00000000 x14=0x00000009
0cf77a63	bgeu	x14,x15,10026c	 x14:0x00000009 x15:0x00000003
03078393	addi	x7,x15,48	 x15:0x00000003  x7=0x00000033
000205b7	lui	x11,0x20	 x11=0x00020000
01451613	slli	x12,x10,0x14	 x10:0x056b3aa5 x12=0xaa500000
0075a023	sw	x7,0(x11)	 x11:0x00020000  x7:0x00000033 PA:0x00020000 store:0x00000033 load:0x00000000
01c65693	srli	x13,x12,0x1c	 x12:0xaa500000 x13=0x0000000a
00900813	addi	x16,x0,9	  x0:0x00000000 x16=0x00000009
f2d86ae3	bltu	x16,x13,1001b8	 x16:0x00000009 x13:0x0000000a
03768893	addi	x17,x13,55	 x13:0x0000000a x17=0x00000041
00020e37	lui	x28,0x20	 x28=0x00020000
01851f93	slli	x31,x10,0x18	 x10:0x056b3aa5 x31=0xa5000000
011e2023	sw	x17,0(x28)	 x28:0x00020000 x17:0x00000041 PA:0x00020000 store:0x00000041 load:0x00000000
01cfd793	srli	x15,x31,0x1c	 x31:0xa5000000 x15=0x0000000a
00900713	addi	x14,x0,9	  x0:0x00000000 x14=0x00000009
0cf77a63	bgeu	x14,x15,1002a4	 x14:0x00000009 x15:0x0000000a
03778293	addi	x5,x15,55	 x15:0x0000000a  x5=0x00000041
00020337	lui	x6,0x20	  x6=0x00020000
00532023	sw	x5,0(x6)	  x6:0x00020000  x5:0x00000041 PA:0x00020000 store:0x00000041 load:0x00000000
00f57513	andi	x10,x10,15	 x10:0x056b3aa5 x10=0x00000005
00900613	addi	x12,x0,9	  x0:0x00000000 x12=0x00000009
0ca66a63	bltu	x12,x10,1002bc	 x12:0x00000009 x10:0x00000005
03050893	addi	x17,x10,48	 x10:0x00000005 x17=0x00000035
00020e37	lui	x28,0x20	 x28=0x00020000
011e2023	sw	x17,0(x28)	 x28:0x00020000 x17:0x00000035 PA:0x00020000 store:0x00000035 load:0x00000000
00008067	jalr	x0,0(x1)	  x1:0x00101278  x0=0x00000000
d089a087	flw	f1,-760(x19)	 f19:0x00102000  f1=0x00000000 PA:0x00101d08 store:0x4598f2e4
d24ba107	flw	f2,-732(x23)	 f23:0x00102000  f2=0x00000000 PA:0x00101d24 store:0x42f67c6a
a10a8513	addi	x10,x21,-1520	 x21:0x00102000 x10=0x00101a10
1820f753	fdiv.s	f14,f1,f2	  f1:0x00101278  f2:0x00137fa0 f14=0x00000000
d0e9a427	fsw	f14,-760(x19)	 f19:0x00102000 f14:0x00000009 PA:0x00101d08 store:0x01f44f00 load:0x42f67c6a
d089a787	flw	f15,-760(x19)	 f19:0x00102000 f15=0x00000000 PA:0x00101d08 store:0x4598f2e4
e0078ed3	fmv.x.w	x29,f15	 f15:0x0000000a x29=0x01f44f00
cfda2c23	sw	x29,-776(x20)	 x20:0x00102000 x29:0x01f44f00 PA:0x00101cf8 store:0x01f44f00 load:0x01f44f00
e09fe0ef	jal	x1,1000a0	  x1=0x0010129c
00054803	lbu	x16,0(x10)	 x10:0x00101a10 x16=0x0000000a PA:0x00101a10 store:0x00000000
06080663	beq	x16,x0,100110	 x16:0x0000000a  x0:0x00000000
000207b7	lui	x15,0x20	 x15=0x00020000
0107a023	sw	x16,0(x15)	 x15:0x00020000 x16:0x0000000a PA:0x00020000 store:0x0000000a load:0x00000000
00154703	lbu	x14,1(x10)	 x10:0x00101a10 x14=0x00000020 PA:0x00101a11 store:0x0010129c
04070e63	beq	x14,x0,100110	 x14:0x00000020  x0:0x00000000
00e7a023	sw	x14,0(x15)	 x15:0x00020000 x14:0x00000020 PA:0x00020000 store:0x00000020 load:0x00000000
00254283	lbu	x5,2(x10)	 x10:0x00101a10  x5=0x00000069 PA:0x00101a12 store:0x00137fa0
04028863	beq	x5,x0,100110	  x5:0x00000069  x0:0x00000000
0057a023	sw	x5,0(x15)	 x15:0x00020000  x5:0x00000069 PA:0x00020000 store:0x00000069 load:0x00000000
00354303	lbu	x6,3(x10)	 x10:0x00101a10  x6=0x0000003d PA:0x00101a13 store:0x00000000
04030263	beq	x6,x0,100110	  x6:0x0000003d  x0:0x00000000
0067a023	sw	x6,0(x15)	 x15:0x00020000  x6:0x0000003d PA:0x00020000 store:0x0000003d load:0x00000000
00454383	lbu	x7,4(x10)	 x10:0x00101a10  x7=0x00000000 PA:0x00101a14 store:0x00000000
02038c63	beq	x7,x0,100110	  x7:0x00000000  x0:0x00000000
00000513	addi	x10,x0,0	  x0:0x00000000 x10=0x00000000
00008067	jalr	x0,0(x1)	  x1:0x0010129c  x0=0x00000000
000d8513	addi	x10,x27,0	 x27:0x00000012 x10=0x00000012
e81fe0ef	jal	x1,100120	  x1=0x001012a4
01c55793	srli	x15,x10,0x1c	 x10:0x00000012 x15=0x00000000
00900713	addi	x14,x0,9	  x0:0x00000000 x14=0x00000009
0cf77a63	bgeu	x14,x15,1001fc	 x14:0x00000009 x15:0x00000000
03078393	addi	x7,x15,48	 x15:0x00000000  x7=0x00000030
000205b7	lui	x11,0x20	 x11=0x00020000
00451613	slli	x12,x10,0x4	 x10:0x00000012 x12=0x00000120
0075a023	sw	x7,0(x11)	 x11:0x00020000  x7:0x00000030 PA:0x00020000 store:0x00000030 load:0x00000000
01c65693	srli	x13,x12,0x1c	 x12:0x00000120 x13=0x00000000
00900813	addi	x16,x0,9	  x0:0x00000000 x16=0x00000009
f2d86ae3	bltu	x16,x13,100148	 x16:0x00000009 x13:0x00000000
03068e93	addi	x29,x13,48	 x13:0x00000000 x29=0x00000030
00020f37	lui	x30,0x20	 x30=0x00020000
00851f93	slli	x31,x10,0x8	 x10:0x00000012 x31=0x00001200
01df2023	sw	x29,0(x30)	 x30:0x00020000 x29:0x00000030 PA:0x00020000 store:0x00000030 load:0x00000000
01cfd793	srli	x15,x31,0x1c	 x31:0x00001200 x15=0x00000000
00900713	addi	x14,x0,9	  x0:0x00000000 x14=0x00000009
f2f76ae3	bltu	x14,x15,100164	 x14:0x00000009 x15:0x00000000
03078393	addi	x7,x15,48	 x15:0x00000000  x7=0x00000030
000205b7	lui	x11,0x20	 x11=0x00020000
00c51613	slli	x12,x10,0xc	 x10:0x00000012 x12=0x00012000
0075a023	sw	x7,0(x11)	 x11:0x00020000  x7:0x00000030 PA:0x00020000 store:0x00000030 load:0x00000000
01c65693	srli	x13,x12,0x1c	 x12:0x00012000 x13=0x00000000
00900813	addi	x16,x0,9	  x0:0x00000000 x16=0x00000009
f2d86ae3	bltu	x16,x13,100180	 x16:0x00000009 x13:0x00000000
03068e93	addi	x29,x13,48	 x13:0x00000000 x29=0x00000030
00020f37	lui	x30,0x20	 x30=0x00020000
01051f93	slli	x31,x10,0x10	 x10:0x00000012 x31=0x00120000
01df2023	sw	x29,0(x30)	 x30:0x00020000 x29:0x00000030 PA:0x00020000 store:0x00000030 load:0x00000000
01cfd793	srli	x15,x31,0x1c	 x31:0x00120000 x15=0x00000000
00900713	addi	x14,x0,9	  x0:0x00000000 x14=0x00000009
f2f76ae3	bltu	x14,x15,10019c	 x14:0x00000009 x15:0x00000000
03078393	addi	x7,x15,48	 x15:0x00000000  x7=0x00000030
000205b7	lui	x11,0x20	 x11=0x00020000
01451613	slli	x12,x10,0x14	 x10:0x00000012 x12=0x01200000
0075a023	sw	x7,0(x11)	 x11:0x00020000  x7:0x00000030 PA:0x00020000 store:0x00000030 load:0x00000000
01c65693	srli	x13,x12,0x1c	 x12:0x01200000 x13=0x00000000
00900813	addi	x16,x0,9	  x0:0x00000000 x16=0x00000009
f2d86ae3	bltu	x16,x13,1001b8	 x16:0x00000009 x13:0x00000000
03068e93	addi	x29,x13,48	 x13:0x00000000 x29=0x00000030
00020f37	lui	x30,0x20	 x30=0x00020000
01851f93	slli	x31,x10,0x18	 x10:0x00000012 x31=0x12000000
01df2023	sw	x29,0(x30)	 x30:0x00020000 x29:0x00000030 PA:0x00020000 store:0x00000030 load:0x00000000
01cfd793	srli	x15,x31,0x1c	 x31:0x12000000 x15=0x00000001
00900713	addi	x14,x0,9	  x0:0x00000000 x14=0x00000009
f2f76ae3	bltu	x14,x15,1001d4	 x14:0x00000009 x15:0x00000001
03078393	addi	x7,x15,48	 x15:0x00000001  x7=0x00000031
000205b7	lui	x11,0x20	 x11=0x00020000
0075a023	sw	x7,0(x11)	 x11:0x00020000  x7:0x00000031 PA:0x00020000 store:0x00000031 load:0x00000000
00f57513	andi	x10,x10,15	 x10:0x00000012 x10=0x00000002
00900613	addi	x12,x0,9	  x0:0x00000000 x12=0x00000009
f2a67ae3	bgeu	x12,x10,1001ec	 x12:0x00000009 x10:0x00000002
03050893	addi	x17,x10,48	 x10:0x00000002 x17=0x00000032
00020e37	lui	x28,0x20	 x28=0x00020000
011e2023	sw	x17,0(x28)	 x28:0x00020000 x17:0x00000032 PA:0x00020000 store:0x00000032 load:0x00000000
00008067	jalr	x0,0(x1)	  x1:0x001012a4  x0=0x00000000
a18b0513	addi	x10,x22,-1512	 x22:0x00102000 x10=0x00101a18
df9fe0ef	jal	x1,1000a0	  x1=0x001012ac
00054803	lbu	x16,0(x10)	 x10:0x00101a18 x16=0x00000020 PA:0x00101a18 store:0x00000000
06080663	beq	x16,x0,100110	 x16:0x00000020  x0:0x00000000
000207b7	lui	x15,0x20	 x15=0x00020000
0107a023	sw	x16,0(x15)	 x15:0x00020000 x16:0x00000020 PA:0x00020000 store:0x00000020 load:0x00000000
00154703	lbu	x14,1(x10)	 x10:0x00101a18 x14=0x00000072 PA:0x00101a19 store:0x001012ac
04070e63	beq	x14,x0,100110	 x14:0x00000072  x0:0x00000000
00e7a023	sw	x14,0(x15)	 x15:0x00020000 x14:0x00000072 PA:0x00020000 store:0x00000072 load:0x00000000
00254283	lbu	x5,2(x10)	 x10:0x00101a18  x5=0x00000065 PA:0x00101a1a store:0x00137fa0
04028863	beq	x5,x0,100110	  x5:0x00000065  x0:0x00000000
0057a023	sw	x5,0(x15)	 x15:0x00020000  x5:0x00000065 PA:0x00020000 store:0x00000065 load:0x00000000
00354303	lbu	x6,3(x10)	 x10:0x00101a18  x6=0x00000073 PA:0x00101a1b store:0x00000000
04030263	beq	x6,x0,100110	  x6:0x00000073  x0:0x00000000
0067a023	sw	x6,0(x15)	 x15:0x00020000  x6:0x00000073 PA:0x00020000 store:0x00000073 load:0x00000000
00454383	lbu	x7,4(x10)	 x10:0x00101a18  x7=0x00000075 PA:0x00101a1c store:0x00000000
02038c63	beq	x7,x0,100110	  x7:0x00000075  x0:0x00000000
0077a023	sw	x7,0(x15)	 x15:0x00020000  x7:0x00000075 PA:0x00020000 store:0x00000075 load:0x00000000
00554583	lbu	x11,5(x10)	 x10:0x00101a18 x11=0x0000006c PA:0x00101a1d store:0x00000065
02058663	beq	x11,x0,100110	 x11:0x0000006c  x0:0x00000000
00b7a023	sw	x11,0(x15)	 x15:0x00020000 x11:0x0000006c PA:0x00020000 store:0x0000006c load:0x00000000
00654603	lbu	x12,6(x10)	 x10:0x00101a18 x12=0x00000074 PA:0x00101a1e store:0x00000073
02060063	beq	x12,x0,100110	 x12:0x00000074  x0:0x00000000
00c7a023	sw	x12,0(x15)	 x15:0x00020000 x12:0x00000074 PA:0x00020000 store:0x00000074 load:0x00000000
00754683	lbu	x13,7(x10)	 x10:0x00101a18 x13=0x0000003a PA:0x00101a1f store:0x00000075
00850513	addi	x10,x10,8	 x10:0x00101a18 x10=0x00101a20
00068863	beq	x13,x0,100110	 x13:0x0000003a  x0:0x00000000
00d7a023	sw	x13,0(x15)	 x15:0x00020000 x13:0x0000003a PA:0x00020000 store:0x0000003a load:0x00000000
00054803	lbu	x16,0(x10)	 x10:0x00101a20 x16=0x00000020 PA:0x00101a20 store:0x00000000
fa0810e3	bne	x16,x0,1000ac	 x16:0x00000020  x0:0x00000000
0107a023	sw	x16,0(x15)	 x15:0x00020000 x16:0x00000020 PA:0x00020000 store:0x00000020 load:0x00000000
00154703	lbu	x14,1(x10)	 x10:0x00101a20 x14=0x00000000 PA:0x00101a21 store:0x001012ac
04070e63	beq	x14,x0,100110	 x14:0x00000000  x0:0x00000000
00000513	addi	x10,x0,0	  x0:0x00000000 x10=0x00000000
00008067	jalr	x0,0(x1)	  x1:0x001012ac  x0=0x00000000
cf8a2503	lw	x10,-776(x20)	 x20:0x00102000 x10=0x01f44f00 PA:0x00101cf8 store:0x00000010
003c0d93	addi	x27,x24,3	 x24:0x00000010 x27=0x00000013
004c0c13	addi	x24,x24,4	 x24:0x00000010 x24=0x00000014
e69fe0ef	jal	x1,100120	  x1=0x001012bc
01c55793	srli	x15,x10,0x1c	 x10:0x01f44f00 x15=0x00000000
00900713	addi	x14,x0,9	  x0:0x00000000 x14=0x00000009
0cf77a63	bgeu	x14,x15,1001fc	 x14:0x00000009 x15:0x00000000
03078393	addi	x7,x15,48	 x15:0x00000000  x7=0x00000030
000205b7	lui	x11,0x20	 x11=0x00020000
00451613	slli	x12,x10,0x4	 x10:0x01f44f00 x12=0x1f44f000
0075a023	sw	x7,0(x11)	 x11:0x00020000  x7:0x00000030 PA:0x00020000 store:0x00000030 load:0x00000000
01c65693	srli	x13,x12,0x1c	 x12:0x1f44f000 x13=0x00000001
00900813	addi	x16,x0,9	  x0:0x00000000 x16=0x00000009
f2d86ae3	bltu	x16,x13,100148	 x16:0x00000009 x13:0x00000001
03068e93	addi	x29,x13,48	 x13:0x00000001 x29=0x00000031
00020f37	lui	x30,0x20	 x30=0x00020000
00851f93	slli	x31,x10,0x8	 x10:0x01f44f00 x31=0xf44f0000
01df2023	sw	x29,0(x30)	 x30:0x00020000 x29:0x00000031 PA:0x00020000 store:0x00000031 load:0x00000000
01cfd793	srli	x15,x31,0x1c	 x31:0xf44f0000 x15=0x0000000f
00900713	addi	x14,x0,9	  x0:0x00000000 x14=0x00000009
f2f76ae3	bltu	x14,x15,100164	 x14:0x00000009 x15:0x0000000f
03778293	addi	x5,x15,55	 x15:0x0000000f  x5=0x00000046
00020337	lui	x6,0x20	  x6=0x00020000
00c51613	slli	x12,x10,0xc	 x10:0x01f44f00 x12=0x44f00000
00532023	sw	x5,0(x6)	  x6:0x00020000  x5:0x00000046 PA:0x00020000 store:0x00000046 load:0x00000000
01c65693	srli	x13,x12,0x1c	 x12:0x44f00000 x13=0x00000004
00900813	addi	x16,x0,9	  x0:0x00000000 x16=0x00000009
0cd87a63	bgeu	x16,x13,100250	 x16:0x00000009 x13:0x00000004
03068e93	addi	x29,x13,48	 x13:0x00000004 x29=0x00000034
00020f37	lui	x30,0x20	 x30=0x00020000
01051f93	slli	x31,x10,0x10	 x10:0x01f44f00 x31=0x4f000000
01df2023	sw	x29,0(x30)	 x30:0x00020000 x29:0x00000034 PA:0x00020000 store:0x00000034 load:0x00000000
01cfd793	srli	x15,x31,0x1c	 x31:0x4f000000 x15=0x00000004
00900713	addi	x14,x0,9	  x0:0x00000000 x14=0x00000009
f2f76ae3	bltu	x14,x15,10019c	 x14:0x00000009 x15:0x00000004
03078393	addi	x7,x15,48	 x15:0x00000004  x7=0x00000034
000205b7	lui	x11,0x20	 x11=0x00020000
01451613	slli	x12,x10,0x14	 x10:0x01f44f00 x12=0xf0000000
0075a023	sw	x7,0(x11)	 x11:0x00020000  x7:0x00000034 PA:0x00020000 store:0x00000034 load:0x00000000
01c65693	srli	x13,x12,0x1c	 x12:0xf0000000 x13=0x0000000f
00900813	addi	x16,x0,9	  x0:0x00000000 x16=0x00000009
f2d86ae3	bltu	x16,x13,1001b8	 x16:0x00000009 x13:0x0000000f
03768893	addi	x17,x13,55	 x13:0x0000000f x17=0x00000046
00020e37	lui	x28,0x20	 x28=0x00020000
01851f93	slli	x31,x10,0x18	 x10:0x01f44f00 x31=0x00000000
011e2023	sw	x17,0(x28)	 x28:0x00020000 x17:0x00000046 PA:0x00020000 store:0x00000046 load:0x00000000
01cfd793	srli	x15,x31,0x1c	 x31:0x00000000 x15=0x00000000
00900713	addi	x14,x0,9	  x0:0x00000000 x14=0x00000009
0cf77a63	bgeu	x14,x15,1002a4	 x14:0x00000009 x15:0x00000000
03078393	addi	x7,x15,48	 x15:0x00000000  x7=0x00000030
000205b7	lui	x11,0x20	 x11=0x00020000
0075a023	sw	x7,0(x11)	 x11:0x00020000  x7:0x00000030 PA:0x00020000 store:0x00000030 load:0x00000000
00f57513	andi	x10,x10,15	 x10:0x01f44f00 x10=0x00000000
00900613	addi	x12,x0,9	  x0:0x00000000 x12=0x00000009
f2a67ae3	bgeu	x12,x10,1001ec	 x12:0x00000009 x10:0x00000000
03050893	addi	x17,x10,48	 x10:0x00000000 x17=0x00000030
00020e37	lui	x28,0x20	 x28=0x00020000
011e2023	sw	x17,0(x28)	 x28:0x00020000 x17:0x00000030 PA:0x00020000 store:0x00000030 load:0x00000000
00008067	jalr	x0,0(x1)	  x1:0x001012bc  x0=0x00000000
d089a187	flw	f3,-760(x19)	 f19:0x00102000  f3=0x00000000 PA:0x00101d08 store:0x4598f2e4
d24ba207	flw	f4,-732(x23)	 f23:0x00102000  f4=0x00000000 PA:0x00101d24 store:0x42f67c6a
a10a8513	addi	x10,x21,-1520	 x21:0x00102000 x10=0x00101a10
1841f5d3	fdiv.s	f11,f3,f4	  f3:0x00000000  f4:0x00000000 f11=0x00000000
d0b9a427	fsw	f11,-760(x19)	 f19:0x00102000 f11:0x00020000 PA:0x00101d08 store:0x0007ede9 load:0x42f67c6a
d089a287	flw	f5,-760(x19)	 f19:0x00102000  f5=0x00000000 PA:0x00101d08 store:0x4598f2e4
e0028f53	fmv.x.w	x30,f5	  f5:0x00000046 x30=0x0007ede9
cfea2c23	sw	x30,-776(x20)	 x20:0x00102000 x30:0x0007ede9 PA:0x00101cf8 store:0x0007ede9 load:0x0007ede9
dc5fe0ef	jal	x1,1000a0	  x1=0x001012e0
00054803	lbu	x16,0(x10)	 x10:0x00101a10 x16=0x0000000a PA:0x00101a10 store:0x00000000
06080663	beq	x16,x0,100110	 x16:0x0000000a  x0:0x00000000
000207b7	lui	x15,0x20	 x15=0x00020000
0107a023	sw	x16,0(x15)	 x15:0x00020000 x16:0x0000000a PA:0x00020000 store:0x0000000a load:0x00000000
00154703	lbu	x14,1(x10)	 x10:0x00101a10 x14=0x00000020 PA:0x00101a11 store:0x001012e0
04070e63	beq	x14,x0,100110	 x14:0x00000020  x0:0x00000000
00e7a023	sw	x14,0(x15)	 x15:0x00020000 x14:0x00000020 PA:0x00020000 store:0x00000020 load:0x00000000
00254283	lbu	x5,2(x10)	 x10:0x00101a10  x5=0x00000069 PA:0x00101a12 store:0x00137fa0
04028863	beq	x5,x0,100110	  x5:0x00000069  x0:0x00000000
0057a023	sw	x5,0(x15)	 x15:0x00020000  x5:0x00000069 PA:0x00020000 store:0x00000069 load:0x00000000
00354303	lbu	x6,3(x10)	 x10:0x00101a10  x6=0x0000003d PA:0x00101a13 store:0x00000000
04030263	beq	x6,x0,100110	  x6:0x0000003d  x0:0x00000000
0067a023	sw	x6,0(x15)	 x15:0x00020000  x6:0x0000003d PA:0x00020000 store:0x0000003d load:0x00000000
00454383	lbu	x7,4(x10)	 x10:0x00101a10  x7=0x00000000 PA:0x00101a14 store:0x00000000
02038c63	beq	x7,x0,100110	  x7:0x00000000  x0:0x00000000
00000513	addi	x10,x0,0	  x0:0x00000000 x10=0x00000000
00008067	jalr	x0,0(x1)	  x1:0x001012e0  x0=0x00000000
000d8513	addi	x10,x27,0	 x27:0x00000013 x10=0x00000013
e3dfe0ef	jal	x1,100120	  x1=0x001012e8
01c55793	srli	x15,x10,0x1c	 x10:0x00000013 x15=0x00000000
00900713	addi	x14,x0,9	  x0:0x00000000 x14=0x00000009
0cf77a63	bgeu	x14,x15,1001fc	 x14:0x00000009 x15:0x00000000
03078393	addi	x7,x15,48	 x15:0x00000000  x7=0x00000030
000205b7	lui	x11,0x20	 x11=0x00020000
00451613	slli	x12,x10,0x4	 x10:0x00000013 x12=0x00000130
0075a023	sw	x7,0(x11)	 x11:0x00020000  x7:0x00000030 PA:0x00020000 store:0x00000030 load:0x00000000
01c65693	srli	x13,x12,0x1c	 x12:0x00000130 x13=0x00000000
00900813	addi	x16,x0,9	  x0:0x00000000 x16=0x00000009
f2d86ae3	bltu	x16,x13,100148	 x16:0x00000009 x13:0x00000000
03068e93	addi	x29,x13,48	 x13:0x00000000 x29=0x00000030
00020f37	lui	x30,0x20	 x30=0x00020000
00851f93	slli	x31,x10,0x8	 x10:0x00000013 x31=0x00001300
01df2023	sw	x29,0(x30)	 x30:0x00020000 x29:0x00000030 PA:0x00020000 store:0x00000030 load:0x00000000
01cfd793	srli	x15,x31,0x1c	 x31:0x00001300 x15=0x00000000
00900713	addi	x14,x0,9	  x0:0x00000000 x14=0x00000009
f2f76ae3	bltu	x14,x15,100164	 x14:0x00000009 x15:0x00000000
03078393	addi	x7,x15,48	 x15:0x00000000  x7=0x00000030
000205b7	lui	x11,0x20	 x11=0x00020000
00c51613	slli	x12,x10,0xc	 x10:0x00000013 x12=0x00013000
0075a023	sw	x7,0(x11)	 x11:0x00020000  x7:0x00000030 PA:0x00020000 store:0x00000030 load:0x00000000
01c65693	srli	x13,x12,0x1c	 x12:0x00013000 x13=0x00000000
00900813	addi	x16,x0,9	  x0:0x00000000 x16=0x00000009
f2d86ae3	bltu	x16,x13,100180	 x16:0x00000009 x13:0x00000000
03068e93	addi	x29,x13,48	 x13:0x00000000 x29=0x00000030
00020f37	lui	x30,0x20	 x30=0x00020000
01051f93	slli	x31,x10,0x10	 x10:0x00000013 x31=0x00130000
01df2023	sw	x29,0(x30)	 x30:0x00020000 x29:0x00000030 PA:0x00020000 store:0x00000030 load:0x00000000
01cfd793	srli	x15,x31,0x1c	 x31:0x00130000 x15=0x00000000
00900713	addi	x14,x0,9	  x0:0x00000000 x14=0x00000009
f2f76ae3	bltu	x14,x15,10019c	 x14:0x00000009 x15:0x00000000
03078393	addi	x7,x15,48	 x15:0x00000000  x7=0x00000030
000205b7	lui	x11,0x20	 x11=0x00020000
01451613	slli	x12,x10,0x14	 x10:0x00000013 x12=0x01300000
0075a023	sw	x7,0(x11)	 x11:0x00020000  x7:0x00000030 PA:0x00020000 store:0x00000030 load:0x00000000
01c65693	srli	x13,x12,0x1c	 x12:0x01300000 x13=0x00000000
00900813	addi	x16,x0,9	  x0:0x00000000 x16=0x00000009
f2d86ae3	bltu	x16,x13,1001b8	 x16:0x00000009 x13:0x00000000
03068e93	addi	x29,x13,48	 x13:0x00000000 x29=0x00000030
00020f37	lui	x30,0x20	 x30=0x00020000
01851f93	slli	x31,x10,0x18	 x10:0x00000013 x31=0x13000000
01df2023	sw	x29,0(x30)	 x30:0x00020000 x29:0x00000030 PA:0x00020000 store:0x00000030 load:0x00000000
01cfd793	srli	x15,x31,0x1c	 x31:0x13000000 x15=0x00000001
00900713	addi	x14,x0,9	  x0:0x00000000 x14=0x00000009
f2f76ae3	bltu	x14,x15,1001d4	 x14:0x00000009 x15:0x00000001
03078393	addi	x7,x15,48	 x15:0x00000001  x7=0x00000031
000205b7	lui	x11,0x20	 x11=0x00020000
0075a023	sw	x7,0(x11)	 x11:0x00020000  x7:0x00000031 PA:0x00020000 store:0x00000031 load:0x00000000
00f57513	andi	x10,x10,15	 x10:0x00000013 x10=0x00000003
00900613	addi	x12,x0,9	  x0:0x00000000 x12=0x00000009
f2a67ae3	bgeu	x12,x10,1001ec	 x12:0x00000009 x10:0x00000003
03050893	addi	x17,x10,48	 x10:0x00000003 x17=0x00000033
00020e37	lui	x28,0x20	 x28=0x00020000
011e2023	sw	x17,0(x28)	 x28:0x00020000 x17:0x00000033 PA:0x00020000 store:0x00000033 load:0x00000000
00008067	jalr	x0,0(x1)	  x1:0x001012e8  x0=0x00000000
a18b0513	addi	x10,x22,-1512	 x22:0x00102000 x10=0x00101a18
db5fe0ef	jal	x1,1000a0	  x1=0x001012f0
00054803	lbu	x16,0(x10)	 x10:0x00101a18 x16=0x00000020 PA:0x00101a18 store:0x00000000
06080663	beq	x16,x0,100110	 x16:0x00000020  x0:0x00000000
000207b7	lui	x15,0x20	 x15=0x00020000
0107a023	sw	x16,0(x15)	 x15:0x00020000 x16:0x00000020 PA:0x00020000 store:0x00000020 load:0x00000000
00154703	lbu	x14,1(x10)	 x10:0x00101a18 x14=0x00000072 PA:0x00101a19 store:0x001012f0
04070e63	beq	x14,x0,100110	 x14:0x00000072  x0:0x00000000
00e7a023	sw	x14,0(x15)	 x15:0x00020000 x14:0x00000072 PA:0x00020000 store:0x00000072 load:0x00000000
00254283	lbu	x5,2(x10)	 x10:0x00101a18  x5=0x00000065 PA:0x00101a1a store:0x00137fa0
04028863	beq	x5,x0,100110	  x5:0x00000065  x0:0x00000000
0057a023	sw	x5,0(x15)	 x15:0x00020000  x5:0x00000065 PA:0x00020000 store:0x00000065 load:0x00000000
00354303	lbu	x6,3(x10)	 x10:0x00101a18  x6=0x00000073 PA:0x00101a1b store:0x00000000
04030263	beq	x6,x0,100110	  x6:0x00000073  x0:0x00000000
0067a023	sw	x6,0(x15)	 x15:0x00020000  x6:0x00000073 PA:0x00020000 store:0x00000073 load:0x00000000
00454383	lbu	x7,4(x10)	 x10:0x00101a18  x7=0x00000075 PA:0x00101a1c store:0x00000000
02038c63	beq	x7,x0,100110	  x7:0x00000075  x0:0x00000000
0077a023	sw	x7,0(x15)	 x15:0x00020000  x7:0x00000075 PA:0x00020000 store:0x00000075 load:0x00000000
00554583	lbu	x11,5(x10)	 x10:0x00101a18 x11=0x0000006c PA:0x00101a1d store:0x00000065
02058663	beq	x11,x0,100110	 x11:0x0000006c  x0:0x00000000
00b7a023	sw	x11,0(x15)	 x15:0x00020000 x11:0x0000006c PA:0x00020000 store:0x0000006c load:0x00000000
00654603	lbu	x12,6(x10)	 x10:0x00101a18 x12=0x00000074 PA:0x00101a1e store:0x00000073
02060063	beq	x12,x0,100110	 x12:0x00000074  x0:0x00000000
00c7a023	sw	x12,0(x15)	 x15:0x00020000 x12:0x00000074 PA:0x00020000 store:0x00000074 load:0x00000000
00754683	lbu	x13,7(x10)	 x10:0x00101a18 x13=0x0000003a PA:0x00101a1f store:0x00000075
00850513	addi	x10,x10,8	 x10:0x00101a18 x10=0x00101a20
00068863	beq	x13,x0,100110	 x13:0x0000003a  x0:0x00000000
00d7a023	sw	x13,0(x15)	 x15:0x00020000 x13:0x0000003a PA:0x00020000 store:0x0000003a load:0x00000000
00054803	lbu	x16,0(x10)	 x10:0x00101a20 x16=0x00000020 PA:0x00101a20 store:0x00000000
fa0810e3	bne	x16,x0,1000ac	 x16:0x00000020  x0:0x00000000
0107a023	sw	x16,0(x15)	 x15:0x00020000 x16:0x00000020 PA:0x00020000 store:0x00000020 load:0x00000000
00154703	lbu	x14,1(x10)	 x10:0x00101a20 x14=0x00000000 PA:0x00101a21 store:0x001012f0
04070e63	beq	x14,x0,100110	 x14:0x00000000  x0:0x00000000
00000513	addi	x10,x0,0	  x0:0x00000000 x10=0x00000000
00008067	jalr	x0,0(x1)	  x1:0x001012f0  x0=0x00000000
cf8a2503	lw	x10,-776(x20)	 x20:0x00102000 x10=0x0007ede9 PA:0x00101cf8 store:0x00000014
e2dfe0ef	jal	x1,100120	  x1=0x001012f8
01c55793	srli	x15,x10,0x1c	 x10:0x0007ede9 x15=0x00000000
00900713	addi	x14,x0,9	  x0:0x00000000 x14=0x00000009
0cf77a63	bgeu	x14,x15,1001fc	 x14:0x00000009 x15:0x00000000
03078393	addi	x7,x15,48	 x15:0x00000000  x7=0x00000030
000205b7	lui	x11,0x20	 x11=0x00020000
00451613	slli	x12,x10,0x4	 x10:0x0007ede9 x12=0x007ede90
0075a023	sw	x7,0(x11)	 x11:0x00020000  x7:0x00000030 PA:0x00020000 store:0x00000030 load:0x00000000
01c65693	srli	x13,x12,0x1c	 x12:0x007ede90 x13=0x00000000
00900813	addi	x16,x0,9	  x0:0x00000000 x16=0x00000009
f2d86ae3	bltu	x16,x13,100148	 x16:0x00000009 x13:0x00000000
03068e93	addi	x29,x13,48	 x13:0x00000000 x29=0x00000030
00020f37	lui	x30,0x20	 x30=0x00020000
00851f93	slli	x31,x10,0x8	 x10:0x0007ede9 x31=0x07ede900
01df2023	sw	x29,0(x30)	 x30:0x00020000 x29:0x00000030 PA:0x00020000 store:0x00000030 load:0x00000000
01cfd793	srli	x15,x31,0x1c	 x31:0x07ede900 x15=0x00000000
00900713	addi	x14,x0,9	  x0:0x00000000 x14=0x00000009
f2f76ae3	bltu	x14,x15,100164	 x14:0x00000009 x15:0x00000000
03078393	addi	x7,x15,48	 x15:0x00000000  x7=0x00000030
000205b7	lui	x11,0x20	 x11=0x00020000
00c51613	slli	x12,x10,0xc	 x10:0x0007ede9 x12=0x7ede9000
0075a023	sw	x7,0(x11)	 x11:0x00020000  x7:0x00000030 PA:0x00020000 store:0x00000030 load:0x00000000
01c65693	srli	x13,x12,0x1c	 x12:0x7ede9000 x13=0x00000007
00900813	addi	x16,x0,9	  x0:0x00000000 x16=0x00000009
f2d86ae3	bltu	x16,x13,100180	 x16:0x00000009 x13:0x00000007
03068e93	addi	x29,x13,48	 x13:0x00000007 x29=0x00000037
00020f37	lui	x30,0x20	 x30=0x00020000
01051f93	slli	x31,x10,0x10	 x10:0x0007ede9 x31=0xede90000
01df2023	sw	x29,0(x30)	 x30:0x00020000 x29:0x00000037 PA:0x00020000 store:0x00000037 load:0x00000000
01cfd793	srli	x15,x31,0x1c	 x31:0xede90000 x15=0x0000000e
00900713	addi	x14,x0,9	  x0:0x00000000 x14=0x00000009
f2f76ae3	bltu	x14,x15,10019c	 x14:0x00000009 x15:0x0000000e
03778293	addi	x5,x15,55	 x15:0x0000000e  x5=0x00000045
00020337	lui	x6,0x20	  x6=0x00020000
01451613	slli	x12,x10,0x14	 x10:0x0007ede9 x12=0xde900000
00532023	sw	x5,0(x6)	  x6:0x00020000  x5:0x00000045 PA:0x00020000 store:0x00000045 load:0x00000000
01c65693	srli	x13,x12,0x1c	 x12:0xde900000 x13=0x0000000d
00900813	addi	x16,x0,9	  x0:0x00000000 x16=0x00000009
0cd87a63	bgeu	x16,x13,100288	 x16:0x00000009 x13:0x0000000d
03768893	addi	x17,x13,55	 x13:0x0000000d x17=0x00000044
00020e37	lui	x28,0x20	 x28=0x00020000
01851f93	slli	x31,x10,0x18	 x10:0x0007ede9 x31=0xe9000000
011e2023	sw	x17,0(x28)	 x28:0x00020000 x17:0x00000044 PA:0x00020000 store:0x00000044 load:0x00000000
01cfd793	srli	x15,x31,0x1c	 x31:0xe9000000 x15=0x0000000e
00900713	addi	x14,x0,9	  x0:0x00000000 x14=0x00000009
0cf77a63	bgeu	x14,x15,1002a4	 x14:0x00000009 x15:0x0000000e
03778293	addi	x5,x15,55	 x15:0x0000000e  x5=0x00000045
00020337	lui	x6,0x20	  x6=0x00020000
00532023	sw	x5,0(x6)	  x6:0x00020000  x5:0x00000045 PA:0x00020000 store:0x00000045 load:0x00000000
00f57513	andi	x10,x10,15	 x10:0x0007ede9 x10=0x00000009
00900613	addi	x12,x0,9	  x0:0x00000000 x12=0x00000009
0ca66a63	bltu	x12,x10,1002bc	 x12:0x00000009 x10:0x00000009
03050893	addi	x17,x10,48	 x10:0x00000009 x17=0x00000039
00020e37	lui	x28,0x20	 x28=0x00020000
011e2023	sw	x17,0(x28)	 x28:0x00020000 x17:0x00000039 PA:0x00020000 store:0x00000039 load:0x00000000
00008067	jalr	x0,0(x1)	  x1:0x001012f8  x0=0x00000000
f1ac10e3	bne	x24,x26,1011f8	 x24:0x00000014 x26:0x00000014
d20ca307	flw	f6,-736(x25)	 f25:0x00102000  f6=0x00000000 PA:0x00101d20 store:0x056b3aa5
00102fb7	lui	x31,0x102	 x31=0x00102000
a24f8513	addi	x10,x31,-1500	 x31:0x00102000 x10=0x00101a24
d069a427	fsw	f6,-760(x19)	 f19:0x00102000  f6:0x00020000 PA:0x00101d08 store:0x43edefdf load:0x43edefdf
00000c13	addi	x24,x0,0	  x0:0x00000000 x24=0x00000000
d91fe0ef	jal	x1,1000a0	  x1=0x00101314
00054803	lbu	x16,0(x10)	 x10:0x00101a24 x16=0x0000000a PA:0x00101a24 store:0x00000000
06080663	beq	x16,x0,100110	 x16:0x0000000a  x0:0x00000000
000207b7	lui	x15,0x20	 x15=0x00020000
0107a023	sw	x16,0(x15)	 x15:0x00020000 x16:0x0000000a PA:0x00020000 store:0x0000000a load:0x00000000
00154703	lbu	x14,1(x10)	 x10:0x00101a24 x14=0x0000000a PA:0x00101a25 store:0x00101314
04070e63	beq	x14,x0,100110	 x14:0x0000000a  x0:0x00000000
00e7a023	sw	x14,0(x15)	 x15:0x00020000 x14:0x0000000a PA:0x00020000 store:0x0000000a load:0x00000000
00254283	lbu	x5,2(x10)	 x10:0x00101a24  x5=0x00000050 PA:0x00101a26 store:0x00137fa0
04028863	beq	x5,x0,100110	  x5:0x00000050  x0:0x00000000
0057a023	sw	x5,0(x15)	 x15:0x00020000  x5:0x00000050 PA:0x00020000 store:0x00000050 load:0x00000000
00354303	lbu	x6,3(x10)	 x10:0x00101a24  x6=0x00000065 PA:0x00101a27 store:0x00000000
04030263	beq	x6,x0,100110	  x6:0x00000065  x0:0x00000000
0067a023	sw	x6,0(x15)	 x15:0x00020000  x6:0x00000065 PA:0x00020000 store:0x00000065 load:0x00000000
00454383	lbu	x7,4(x10)	 x10:0x00101a24  x7=0x00000072 PA:0x00101a28 store:0x00000000
02038c63	beq	x7,x0,100110	  x7:0x00000072  x0:0x00000000
0077a023	sw	x7,0(x15)	 x15:0x00020000  x7:0x00000072 PA:0x00020000 store:0x00000072 load:0x00000000
00554583	lbu	x11,5(x10)	 x10:0x00101a24 x11=0x00000066 PA:0x00101a29 store:0x00000050
02058663	beq	x11,x0,100110	 x11:0x00000066  x0:0x00000000
00b7a023	sw	x11,0(x15)	 x15:0x00020000 x11:0x00000066 PA:0x00020000 store:0x00000066 load:0x00000000
00654603	lbu	x12,6(x10)	 x10:0x00101a24 x12=0x0000006f PA:0x00101a2a store:0x00000065
02060063	beq	x12,x0,100110	 x12:0x0000006f  x0:0x00000000
00c7a023	sw	x12,0(x15)	 x15:0x00020000 x12:0x0000006f PA:0x00020000 store:0x0000006f load:0x00000000
00754683	lbu	x13,7(x10)	 x10:0x00101a24 x13=0x00000072 PA:0x00101a2b store:0x00000072
00850513	addi	x10,x10,8	 x10:0x00101a24 x10=0x00101a2c
00068863	beq	x13,x0,100110	 x13:0x00000072  x0:0x00000000
00d7a023	sw	x13,0(x15)	 x15:0x00020000 x13:0x00000072 PA:0x00020000 store:0x00000072 load:0x00000000
00054803	lbu	x16,0(x10)	 x10:0x00101a2c x16=0x0000006d PA:0x00101a2c store:0x00000000
fa0810e3	bne	x16,x0,1000ac	 x16:0x0000006d  x0:0x00000000
0107a023	sw	x16,0(x15)	 x15:0x00020000 x16:0x0000006d PA:0x00020000 store:0x0000006d load:0x00000000
00154703	lbu	x14,1(x10)	 x10:0x00101a2c x14=0x00000069 PA:0x00101a2d store:0x00101314
04070e63	beq	x14,x0,100110	 x14:0x00000069  x0:0x00000000
00e7a023	sw	x14,0(x15)	 x15:0x00020000 x14:0x00000069 PA:0x00020000 store:0x00000069 load:0x00000000
00254283	lbu	x5,2(x10)	 x10:0x00101a2c  x5=0x0000006e PA:0x00101a2e store:0x00137fa0
04028863	beq	x5,x0,100110	  x5:0x0000006e  x0:0x00000000
0057a023	sw	x5,0(x15)	 x15:0x00020000  x5:0x0000006e PA:0x00020000 store:0x0000006e load:0x00000000
00354303	lbu	x6,3(x10)	 x10:0x00101a2c  x6=0x00000067 PA:0x00101a2f store:0x00000000
04030263	beq	x6,x0,100110	  x6:0x00000067  x0:0x00000000
0067a023	sw	x6,0(x15)	 x15:0x00020000  x6:0x00000067 PA:0x00020000 store:0x00000067 load:0x00000000
00454383	lbu	x7,4(x10)	 x10:0x00101a2c  x7=0x00000020 PA:0x00101a30 store:0x00000000
02038c63	beq	x7,x0,100110	  x7:0x00000020  x0:0x00000000
0077a023	sw	x7,0(x15)	 x15:0x00020000  x7:0x00000020 PA:0x00020000 store:0x00000020 load:0x00000000
00554583	lbu	x11,5(x10)	 x10:0x00101a2c x11=0x00000032 PA:0x00101a31 store:0x0000006e
02058663	beq	x11,x0,100110	 x11:0x00000032  x0:0x00000000
00b7a023	sw	x11,0(x15)	 x15:0x00020000 x11:0x00000032 PA:0x00020000 store:0x00000032 load:0x00000000
00654603	lbu	x12,6(x10)	 x10:0x00101a2c x12=0x00000030 PA:0x00101a32 store:0x00000067
02060063	beq	x12,x0,100110	 x12:0x00000030  x0:0x00000000
00c7a023	sw	x12,0(x15)	 x15:0x00020000 x12:0x00000030 PA:0x00020000 store:0x00000030 load:0x00000000
00754683	lbu	x13,7(x10)	 x10:0x00101a2c x13=0x00000020 PA:0x00101a33 store:0x00000020
00850513	addi	x10,x10,8	 x10:0x00101a2c x10=0x00101a34
00068863	beq	x13,x0,100110	 x13:0x00000020  x0:0x00000000
00d7a023	sw	x13,0(x15)	 x15:0x00020000 x13:0x00000020 PA:0x00020000 store:0x00000020 load:0x00000000
00054803	lbu	x16,0(x10)	 x10:0x00101a34 x16=0x00000073 PA:0x00101a34 store:0x00000000
fa0810e3	bne	x16,x0,1000ac	 x16:0x00000073  x0:0x00000000
0107a023	sw	x16,0(x15)	 x15:0x00020000 x16:0x00000073 PA:0x00020000 store:0x00000073 load:0x00000000
00154703	lbu	x14,1(x10)	 x10:0x00101a34 x14=0x00000071 PA:0x00101a35 store:0x00101314
04070e63	beq	x14,x0,100110	 x14:0x00000071  x0:0x00000000
00e7a023	sw	x14,0(x15)	 x15:0x00020000 x14:0x00000071 PA:0x00020000 store:0x00000071 load:0x00000000
00254283	lbu	x5,2(x10)	 x10:0x00101a34  x5=0x00000075 PA:0x00101a36 store:0x00137fa0
04028863	beq	x5,x0,100110	  x5:0x00000075  x0:0x00000000
0057a023	sw	x5,0(x15)	 x15:0x00020000  x5:0x00000075 PA:0x00020000 store:0x00000075 load:0x00000000
00354303	lbu	x6,3(x10)	 x10:0x00101a34  x6=0x00000061 PA:0x00101a37 store:0x00000000
04030263	beq	x6,x0,100110	  x6:0x00000061  x0:0x00000000
0067a023	sw	x6,0(x15)	 x15:0x00020000  x6:0x00000061 PA:0x00020000 store:0x00000061 load:0x00000000
00454383	lbu	x7,4(x10)	 x10:0x00101a34  x7=0x00000072 PA:0x00101a38 store:0x00000000
02038c63	beq	x7,x0,100110	  x7:0x00000072  x0:0x00000000
0077a023	sw	x7,0(x15)	 x15:0x00020000  x7:0x00000072 PA:0x00020000 store:0x00000072 load:0x00000000
00554583	lbu	x11,5(x10)	 x10:0x00101a34 x11=0x00000065 PA:0x00101a39 store:0x00000075
02058663	beq	x11,x0,100110	 x11:0x00000065  x0:0x00000000
00b7a023	sw	x11,0(x15)	 x15:0x00020000 x11:0x00000065 PA:0x00020000 store:0x00000065 load:0x00000000
00654603	lbu	x12,6(x10)	 x10:0x00101a34 x12=0x00000020 PA:0x00101a3a store:0x00000061
02060063	beq	x12,x0,100110	 x12:0x00000020  x0:0x00000000
00c7a023	sw	x12,0(x15)	 x15:0x00020000 x12:0x00000020 PA:0x00020000 store:0x00000020 load:0x00000000
00754683	lbu	x13,7(x10)	 x10:0x00101a34 x13=0x00000072 PA:0x00101a3b store:0x00000072
00850513	addi	x10,x10,8	 x10:0x00101a34 x10=0x00101a3c
00068863	beq	x13,x0,100110	 x13:0x00000072  x0:0x00000000
00d7a023	sw	x13,0(x15)	 x15:0x00020000 x13:0x00000072 PA:0x00020000 store:0x00000072 load:0x00000000
00054803	lbu	x16,0(x10)	 x10:0x00101a3c x16=0x0000006f PA:0x00101a3c store:0x00000000
fa0810e3	bne	x16,x0,1000ac	 x16:0x0000006f  x0:0x00000000
0107a023	sw	x16,0(x15)	 x15:0x00020000 x16:0x0000006f PA:0x00020000 store:0x0000006f load:0x00000000
00154703	lbu	x14,1(x10)	 x10:0x00101a3c x14=0x0000006f PA:0x00101a3d store:0x00101314
04070e63	beq	x14,x0,100110	 x14:0x0000006f  x0:0x00000000
00e7a023	sw	x14,0(x15)	 x15:0x00020000 x14:0x0000006f PA:0x00020000 store:0x0000006f load:0x00000000
00254283	lbu	x5,2(x10)	 x10:0x00101a3c  x5=0x00000074 PA:0x00101a3e store:0x00137fa0
04028863	beq	x5,x0,100110	  x5:0x00000074  x0:0x00000000
0057a023	sw	x5,0(x15)	 x15:0x00020000  x5:0x00000074 PA:0x00020000 store:0x00000074 load:0x00000000
00354303	lbu	x6,3(x10)	 x10:0x00101a3c  x6=0x00000073 PA:0x00101a3f store:0x00000000
04030263	beq	x6,x0,100110	  x6:0x00000073  x0:0x00000000
0067a023	sw	x6,0(x15)	 x15:0x00020000  x6:0x00000073 PA:0x00020000 store:0x00000073 load:0x00000000
00454383	lbu	x7,4(x10)	 x10:0x00101a3c  x7=0x0000003a PA:0x00101a40 store:0x00000000
02038c63	beq	x7,x0,100110	  x7:0x0000003a  x0:0x00000000
0077a023	sw	x7,0(x15)	 x15:0x00020000  x7:0x0000003a PA:0x00020000 store:0x0000003a load:0x00000000
00554583	lbu	x11,5(x10)	 x10:0x00101a3c x11=0x00000000 PA:0x00101a41 store:0x00000074
02058663	beq	x11,x0,100110	 x11:0x00000000  x0:0x00000000
00000513	addi	x10,x0,0	  x0:0x00000000 x10=0x00000000
00008067	jalr	x0,0(x1)	  x1:0x00101314  x0=0x00000000
01400d13	addi	x26,x0,20	  x0:0x00000000 x26=0x00000014
d089a607	flw	f12,-760(x19)	 f19:0x00102000 f12=0x00000000 PA:0x00101d08 store:0x4598f2e4
580676d3	fsqrt.s	f13,f12	 f12:0x00000020 f13=0x00000000
d0d9a427	fsw	f13,-760(x19)	 f19:0x00102000 f13:0x00000072 PA:0x00101d08 store:0x41ae842c load:0x43edefdf
d089a387	flw	f7,-760(x19)	 f19:0x00102000  f7=0x00000000 PA:0x00101d08 store:0x4598f2e4
a10a8513	addi	x10,x21,-1520	 x21:0x00102000 x10=0x00101a10
e00386d3	fmv.x.w	x13,f7	  f7:0x0000003a x13=0x41ae842c
ceda2c23	sw	x13,-776(x20)	 x20:0x00102000 x13:0x41ae842c PA:0x00101cf8 store:0x41ae842c load:0x41ae842c
d6dfe0ef	jal	x1,1000a0	  x1=0x00101338
00054803	lbu	x16,0(x10)	 x10:0x00101a10 x16=0x0000000a PA:0x00101a10 store:0x00000000
06080663	beq	x16,x0,100110	 x16:0x0000000a  x0:0x00000000
000207b7	lui	x15,0x20	 x15=0x00020000
0107a023	sw	x16,0(x15)	 x15:0x00020000 x16:0x0000000a PA:0x00020000 store:0x0000000a load:0x00000000
00154703	lbu	x14,1(x10)	 x10:0x00101a10 x14=0x00000020 PA:0x00101a11 store:0x00101338
04070e63	beq	x14,x0,100110	 x14:0x00000020  x0:0x00000000
00e7a023	sw	x14,0(x15)	 x15:0x00020000 x14:0x00000020 PA:0x00020000 store:0x00000020 load:0x00000000
00254283	lbu	x5,2(x10)	 x10:0x00101a10  x5=0x00000069 PA:0x00101a12 store:0x00137fa0
04028863	beq	x5,x0,100110	  x5:0x00000069  x0:0x00000000
0057a023	sw	x5,0(x15)	 x15:0x00020000  x5:0x00000069 PA:0x00020000 store:0x00000069 load:0x00000000
00354303	lbu	x6,3(x10)	 x10:0x00101a10  x6=0x0000003d PA:0x00101a13 store:0x00000000
04030263	beq	x6,x0,100110	  x6:0x0000003d  x0:0x00000000
0067a023	sw	x6,0(x15)	 x15:0x00020000  x6:0x0000003d PA:0x00020000 store:0x0000003d load:0x00000000
00454383	lbu	x7,4(x10)	 x10:0x00101a10  x7=0x00000000 PA:0x00101a14 store:0x00000000
02038c63	beq	x7,x0,100110	  x7:0x00000000  x0:0x00000000
00000513	addi	x10,x0,0	  x0:0x00000000 x10=0x00000000
00008067	jalr	x0,0(x1)	  x1:0x00101338  x0=0x00000000
000c0513	addi	x10,x24,0	 x24:0x00000000 x10=0x00000000
de5fe0ef	jal	x1,100120	  x1=0x00101340
01c55793	srli	x15,x10,0x1c	 x10:0x00000000 x15=0x00000000
00900713	addi	x14,x0,9	  x0:0x00000000 x14=0x00000009
0cf77a63	bgeu	x14,x15,1001fc	 x14:0x00000009 x15:0x00000000
03078393	addi	x7,x15,48	 x15:0x00000000  x7=0x00000030
000205b7	lui	x11,0x20	 x11=0x00020000
00451613	slli	x12,x10,0x4	 x10:0x00000000 x12=0x00000000
0075a023	sw	x7,0(x11)	 x11:0x00020000  x7:0x00000030 PA:0x00020000 store:0x00000030 load:0x00000000
01c65693	srli	x13,x12,0x1c	 x12:0x00000000 x13=0x00000000
00900813	addi	x16,x0,9	  x0:0x00000000 x16=0x00000009
f2d86ae3	bltu	x16,x13,100148	 x16:0x00000009 x13:0x00000000
03068e93	addi	x29,x13,48	 x13:0x00000000 x29=0x00000030
00020f37	lui	x30,0x20	 x30=0x00020000
00851f93	slli	x31,x10,0x8	 x10:0x00000000 x31=0x00000000
01df2023	sw	x29,0(x30)	 x30:0x00020000 x29:0x00000030 PA:0x00020000 store:0x00000030 load:0x00000000
01cfd793	srli	x15,x31,0x1c	 x31:0x00000000 x15=0x00000000
00900713	addi	x14,x0,9	  x0:0x00000000 x14=0x00000009
f2f76ae3	bltu	x14,x15,100164	 x14:0x00000009 x15:0x00000000
03078393	addi	x7,x15,48	 x15:0x00000000  x7=0x00000030
000205b7	lui	x11,0x20	 x11=0x00020000
00c51613	slli	x12,x10,0xc	 x10:0x00000000 x12=0x00000000
0075a023	sw	x7,0(x11)	 x11:0x00020000  x7:0x00000030 PA:0x00020000 store:0x00000030 load:0x00000000
01c65693	srli	x13,x12,0x1c	 x12:0x00000000 x13=0x00000000
00900813	addi	x16,x0,9	  x0:0x00000000 x16=0x00000009
f2d86ae3	bltu	x16,x13,100180	 x16:0x00000009 x13:0x00000000
03068e93	addi	x29,x13,48	 x13:0x00000000 x29=0x00000030
00020f37	lui	x30,0x20	 x30=0x00020000
01051f93	slli	x31,x10,0x10	 x10:0x00000000 x31=0x00000000
01df2023	sw	x29,0(x30)	 x30:0x00020000 x29:0x00000030 PA:0x00020000 store:0x00000030 load:0x00000000
01cfd793	srli	x15,x31,0x1c	 x31:0x00000000 x15=0x00000000
00900713	addi	x14,x0,9	  x0:0x00000000 x14=0x00000009
f2f76ae3	bltu	x14,x15,10019c	 x14:0x00000009 x15:0x00000000
03078393	addi	x7,x15,48	 x15:0x00000000  x7=0x00000030
000205b7	lui	x11,0x20	 x11=0x00020000
01451613	slli	x12,x10,0x14	 x10:0x00000000 x12=0x00000000
0075a023	sw	x7,0(x11)	 x11:0x00020000  x7:0x00000030 PA:0x00020000 store:0x00000030 load:0x00000000
01c65693	srli	x13,x12,0x1c	 x12:0x00000000 x13=0x00000000
00900813	addi	x16,x0,9	  x0:0x00000000 x16=0x00000009
f2d86ae3	bltu	x16,x13,1001b8	 x16:0x00000009 x13:0x00000000
03068e93	addi	x29,x13,48	 x13:0x00000000 x29=0x00000030
00020f37	lui	x30,0x20	 x30=0x00020000
01851f93	slli	x31,x10,0x18	 x10:0x00000000 x31=0x00000000
01df2023	sw	x29,0(x30)	 x30:0x00020000 x29:0x00000030 PA:0x00020000 store:0x00000030 load:0x00000000
01cfd793	srli	x15,x31,0x1c	 x31:0x00000000 x15=0x00000000
00900713	addi	x14,x0,9	  x0:0x00000000 x14=0x00000009
f2f76ae3	bltu	x14,x15,1001d4	 x14:0x00000009 x15:0x00000000
03078393	addi	x7,x15,48	 x15:0x00000000  x7=0x00000030
000205b7	lui	x11,0x20	 x11=0x00020000
0075a023	sw	x7,0(x11)	 x11:0x00020000  x7:0x00000030 PA:0x00020000 store:0x00000030 load:0x00000000
00f57513	andi	x10,x10,15	 x10:0x00000000 x10=0x00000000
00900613	addi	x12,x0,9	  x0:0x00000000 x12=0x00000009
f2a67ae3	bgeu	x12,x10,1001ec	 x12:0x00000009 x10:0x00000000
03050893	addi	x17,x10,48	 x10:0x00000000 x17=0x00000030
00020e37	lui	x28,0x20	 x28=0x00020000
011e2023	sw	x17,0(x28)	 x28:0x00020000 x17:0x00000030 PA:0x00020000 store:0x00000030 load:0x00000000
00008067	jalr	x0,0(x1)	  x1:0x00101340  x0=0x00000000
a18b0513	addi	x10,x22,-1512	 x22:0x00102000 x10=0x00101a18
d5dfe0ef	jal	x1,1000a0	  x1=0x00101348
00054803	lbu	x16,0(x10)	 x10:0x00101a18 x16=0x00000020 PA:0x00101a18 store:0x00000000
06080663	beq	x16,x0,100110	 x16:0x00000020  x0:0x00000000
000207b7	lui	x15,0x20	 x15=0x00020000
0107a023	sw	x16,0(x15)	 x15:0x00020000 x16:0x00000020 PA:0x00020000 store:0x00000020 load:0x00000000
00154703	lbu	x14,1(x10)	 x10:0x00101a18 x14=0x00000072 PA:0x00101a19 store:0x00101348
04070e63	beq	x14,x0,100110	 x14:0x00000072  x0:0x00000000
00e7a023	sw	x14,0(x15)	 x15:0x00020000 x14:0x00000072 PA:0x00020000 store:0x00000072 load:0x00000000
00254283	lbu	x5,2(x10)	 x10:0x00101a18  x5=0x00000065 PA:0x00101a1a store:0x00137fa0
04028863	beq	x5,x0,100110	  x5:0x00000065  x0:0x00000000
0057a023	sw	x5,0(x15)	 x15:0x00020000  x5:0x00000065 PA:0x00020000 store:0x00000065 load:0x00000000
00354303	lbu	x6,3(x10)	 x10:0x00101a18  x6=0x00000073 PA:0x00101a1b store:0x00000000
04030263	beq	x6,x0,100110	  x6:0x00000073  x0:0x00000000
0067a023	sw	x6,0(x15)	 x15:0x00020000  x6:0x00000073 PA:0x00020000 store:0x00000073 load:0x00000000
00454383	lbu	x7,4(x10)	 x10:0x00101a18  x7=0x00000075 PA:0x00101a1c store:0x00000000
02038c63	beq	x7,x0,100110	  x7:0x00000075  x0:0x00000000
0077a023	sw	x7,0(x15)	 x15:0x00020000  x7:0x00000075 PA:0x00020000 store:0x00000075 load:0x00000000
00554583	lbu	x11,5(x10)	 x10:0x00101a18 x11=0x0000006c PA:0x00101a1d store:0x00000065
02058663	beq	x11,x0,100110	 x11:0x0000006c  x0:0x00000000
00b7a023	sw	x11,0(x15)	 x15:0x00020000 x11:0x0000006c PA:0x00020000 store:0x0000006c load:0x00000000
00654603	lbu	x12,6(x10)	 x10:0x00101a18 x12=0x00000074 PA:0x00101a1e store:0x00000073
02060063	beq	x12,x0,100110	 x12:0x00000074  x0:0x00000000
00c7a023	sw	x12,0(x15)	 x15:0x00020000 x12:0x00000074 PA:0x00020000 store:0x00000074 load:0x00000000
00754683	lbu	x13,7(x10)	 x10:0x00101a18 x13=0x0000003a PA:0x00101a1f store:0x00000075
00850513	addi	x10,x10,8	 x10:0x00101a18 x10=0x00101a20
00068863	beq	x13,x0,100110	 x13:0x0000003a  x0:0x00000000
00d7a023	sw	x13,0(x15)	 x15:0x00020000 x13:0x0000003a PA:0x00020000 store:0x0000003a load:0x00000000
00054803	lbu	x16,0(x10)	 x10:0x00101a20 x16=0x00000020 PA:0x00101a20 store:0x00000000
fa0810e3	bne	x16,x0,1000ac	 x16:0x00000020  x0:0x00000000
0107a023	sw	x16,0(x15)	 x15:0x00020000 x16:0x00000020 PA:0x00020000 store:0x00000020 load:0x00000000
00154703	lbu	x14,1(x10)	 x10:0x00101a20 x14=0x00000000 PA:0x00101a21 store:0x00101348
04070e63	beq	x14,x0,100110	 x14:0x00000000  x0:0x00000000
00000513	addi	x10,x0,0	  x0:0x00000000 x10=0x00000000
00008067	jalr	x0,0(x1)	  x1:0x00101348  x0=0x00000000
cf8a2503	lw	x10,-776(x20)	 x20:0x00102000 x10=0x41ae842c PA:0x00101cf8 store:0x00000000
001c0d93	addi	x27,x24,1	 x24:0x00000000 x27=0x00000001
dd1fe0ef	jal	x1,100120	  x1=0x00101354
01c55793	srli	x15,x10,0x1c	 x10:0x41ae842c x15=0x00000004
00900713	addi	x14,x0,9	  x0:0x00000000 x14=0x00000009
0cf77a63	bgeu	x14,x15,1001fc	 x14:0x00000009 x15:0x00000004
03078393	addi	x7,x15,48	 x15:0x00000004  x7=0x00000034
000205b7	lui	x11,0x20	 x11=0x00020000
00451613	slli	x12,x10,0x4	 x10:0x41ae842c x12=0x1ae842c0
0075a023	sw	x7,0(x11)	 x11:0x00020000  x7:0x00000034 PA:0x00020000 store:0x00000034 load:0x00000000
01c65693	srli	x13,x12,0x1c	 x12:0x1ae842c0 x13=0x00000001
00900813	addi	x16,x0,9	  x0:0x00000000 x16=0x00000009
f2d86ae3	bltu	x16,x13,100148	 x16:0x00000009 x13:0x00000001
03068e93	addi	x29,x13,48	 x13:0x00000001 x29=0x00000031
00020f37	lui	x30,0x20	 x30=0x00020000
00851f93	slli	x31,x10,0x8	 x10:0x41ae842c x31=0xae842c00
01df2023	sw	x29,0(x30)	 x30:0x00020000 x29:0x00000031 PA:0x00020000 store:0x00000031 load:0x00000000
01cfd793	srli	x15,x31,0x1c	 x31:0xae842c00 x15=0x0000000a
00900713	addi	x14,x0,9	  x0:0x00000000 x14=0x00000009
f2f76ae3	bltu	x14,x15,100164	 x14:0x00000009 x15:0x0000000a
03778293	addi	x5,x15,55	 x15:0x0000000a  x5=0x00000041
00020337	lui	x6,0x20	  x6=0x00020000
00c51613	slli	x12,x10,0xc	 x10:0x41ae842c x12=0xe842c000
00532023	sw	x5,0(x6)	  x6:0x00020000  x5:0x00000041 PA:0x00020000 store:0x00000041 load:0x00000000
01c65693	srli	x13,x12,0x1c	 x12:0xe842c000 x13=0x0000000e
00900813	addi	x16,x0,9	  x0:0x00000000 x16=0x00000009
0cd87a63	bgeu	x16,x13,100250	 x16:0x00000009 x13:0x0000000e
03768893	addi	x17,x13,55	 x13:0x0000000e x17=0x00000045
00020e37	lui	x28,0x20	 x28=0x00020000
01051f93	slli	x31,x10,0x10	 x10:0x41ae842c x31=0x842c0000
011e2023	sw	x17,0(x28)	 x28:0x00020000 x17:0x00000045 PA:0x00020000 store:0x00000045 load:0x00000000
01cfd793	srli	x15,x31,0x1c	 x31:0x842c0000 x15=0x00000008
00900713	addi	x14,x0,9	  x0:0x00000000 x14=0x00000009
0cf77a63	bgeu	x14,x15,10026c	 x14:0x00000009 x15:0x00000008
03078393	addi	x7,x15,48	 x15:0x00000008  x7=0x00000038
000205b7	lui	x11,0x20	 x11=0x00020000
01451613	slli	x12,x10,0x14	 x10:0x41ae842c x12=0x42c00000
0075a023	sw	x7,0(x11)	 x11:0x00020000  x7:0x00000038 PA:0x00020000 store:0x00000038 load:0x00000000
01c65693	srli	x13,x12,0x1c	 x12:0x42c00000 x13=0x00000004
00900813	addi	x16,x0,9	  x0:0x00000000 x16=0x00000009
f2d86ae3	bltu	x16,x13,1001b8	 x16:0x00000009 x13:0x00000004
03068e93	addi	x29,x13,48	 x13:0x00000004 x29=0x00000034
00020f37	lui	x30,0x20	 x30=0x00020000
01851f93	slli	x31,x10,0x18	 x10:0x41ae842c x31=0x2c000000
01df2023	sw	x29,0(x30)	 x30:0x00020000 x29:0x00000034 PA:0x00020000 store:0x00000034 load:0x00000000
01cfd793	srli	x15,x31,0x1c	 x31:0x2c000000 x15=0x00000002
00900713	addi	x14,x0,9	  x0:0x00000000 x14=0x00000009
f2f76ae3	bltu	x14,x15,1001d4	 x14:0x00000009 x15:0x00000002
03078393	addi	x7,x15,48	 x15:0x00000002  x7=0x00000032
000205b7	lui	x11,0x20	 x11=0x00020000
0075a023	sw	x7,0(x11)	 x11:0x00020000  x7:0x00000032 PA:0x00020000 store:0x00000032 load:0x00000000
00f57513	andi	x10,x10,15	 x10:0x41ae842c x10=0x0000000c
00900613	addi	x12,x0,9	  x0:0x00000000 x12=0x00000009
f2a67ae3	bgeu	x12,x10,1001ec	 x12:0x00000009 x10:0x0000000c
03750693	addi	x13,x10,55	 x10:0x0000000c x13=0x00000043
00020837	lui	x16,0x20	 x16=0x00020000
00d82023	sw	x13,0(x16)	 x16:0x00020000 x13:0x00000043 PA:0x00020000 store:0x00000043 load:0x00000000
00008067	jalr	x0,0(x1)	  x1:0x00101354  x0=0x00000000
d089a407	flw	f8,-760(x19)	 f19:0x00102000  f8=0x00000000 PA:0x00101d08 store:0x4598f2e4
580474d3	fsqrt.s	f9,f8	  f8:0x00102000  f9=0x00000000
d099a427	fsw	f9,-760(x19)	 f19:0x00102000  f9:0x00102000 PA:0x00101d08 store:0x40957595 load:0x41ae842c
d089a507	flw	f10,-760(x19)	 f19:0x00102000 f10=0x00000000 PA:0x00101d08 store:0x41ae842c
a10a8513	addi	x10,x21,-1520	 x21:0x00102000 x10=0x00101a10
e0050753	fmv.x.w	x14,f10	 f10:0x00101a10 x14=0x40957595
ceea2c23	sw	x14,-776(x20)	 x20:0x00102000 x14:0x40957595 PA:0x00101cf8 store:0x40957595 load:0x40957595
d31fe0ef	jal	x1,1000a0	  x1=0x00101374
00054803	lbu	x16,0(x10)	 x10:0x00101a10 x16=0x0000000a PA:0x00101a10 store:0x00000000
06080663	beq	x16,x0,100110	 x16:0x0000000a  x0:0x00000000
000207b7	lui	x15,0x20	 x15=0x00020000
0107a023	sw	x16,0(x15)	 x15:0x00020000 x16:0x0000000a PA:0x00020000 store:0x0000000a load:0x00000000
00154703	lbu	x14,1(x10)	 x10:0x00101a10 x14=0x00000020 PA:0x00101a11 store:0x00101374
04070e63	beq	x14,x0,100110	 x14:0x00000020  x0:0x00000000
00e7a023	sw	x14,0(x15)	 x15:0x00020000 x14:0x00000020 PA:0x00020000 store:0x00000020 load:0x00000000
00254283	lbu	x5,2(x10)	 x10:0x00101a10  x5=0x00000069 PA:0x00101a12 store:0x00137fa0
04028863	beq	x5,x0,100110	  x5:0x00000069  x0:0x00000000
0057a023	sw	x5,0(x15)	 x15:0x00020000  x5:0x00000069 PA:0x00020000 store:0x00000069 load:0x00000000
00354303	lbu	x6,3(x10)	 x10:0x00101a10  x6=0x0000003d PA:0x00101a13 store:0x00000000
04030263	beq	x6,x0,100110	  x6:0x0000003d  x0:0x00000000
0067a023	sw	x6,0(x15)	 x15:0x00020000  x6:0x0000003d PA:0x00020000 store:0x0000003d load:0x00000000
00454383	lbu	x7,4(x10)	 x10:0x00101a10  x7=0x00000000 PA:0x00101a14 store:0x00000000
02038c63	beq	x7,x0,100110	  x7:0x00000000  x0:0x00000000
00000513	addi	x10,x0,0	  x0:0x00000000 x10=0x00000000
00008067	jalr	x0,0(x1)	  x1:0x00101374  x0=0x00000000
000d8513	addi	x10,x27,0	 x27:0x00000001 x10=0x00000001
da9fe0ef	jal	x1,100120	  x1=0x0010137c
01c55793	srli	x15,x10,0x1c	 x10:0x00000001 x15=0x00000000
00900713	addi	x14,x0,9	  x0:0x00000000 x14=0x00000009
0cf77a63	bgeu	x14,x15,1001fc	 x14:0x00000009 x15:0x00000000
03078393	addi	x7,x15,48	 x15:0x00000000  x7=0x00000030
000205b7	lui	x11,0x20	 x11=0x00020000
00451613	slli	x12,x10,0x4	 x10:0x00000001 x12=0x00000010
0075a023	sw	x7,0(x11)	 x11:0x00020000  x7:0x00000030 PA:0x00020000 store:0x00000030 load:0x00000000
01c65693	srli	x13,x12,0x1c	 x12:0x00000010 x13=0x00000000
00900813	addi	x16,x0,9	  x0:0x00000000 x16=0x00000009
f2d86ae3	bltu	x16,x13,100148	 x16:0x00000009 x13:0x00000000
03068e93	addi	x29,x13,48	 x13:0x00000000 x29=0x00000030
00020f37	lui	x30,0x20	 x30=0x00020000
00851f93	slli	x31,x10,0x8	 x10:0x00000001 x31=0x00000100
01df2023	sw	x29,0(x30)	 x30:0x00020000 x29:0x00000030 PA:0x00020000 store:0x00000030 load:0x00000000
01cfd793	srli	x15,x31,0x1c	 x31:0x00000100 x15=0x00000000
00900713	addi	x14,x0,9	  x0:0x00000000 x14=0x00000009
f2f76ae3	bltu	x14,x15,100164	 x14:0x00000009 x15:0x00000000
03078393	addi	x7,x15,48	 x15:0x00000000  x7=0x00000030
000205b7	lui	x11,0x20	 x11=0x00020000
00c51613	slli	x12,x10,0xc	 x10:0x00000001 x12=0x00001000
0075a023	sw	x7,0(x11)	 x11:0x00020000  x7:0x00000030 PA:0x00020000 store:0x00000030 load:0x00000000
01c65693	srli	x13,x12,0x1c	 x12:0x00001000 x13=0x00000000
00900813	addi	x16,x0,9	  x0:0x00000000 x16=0x00000009
f2d86ae3	bltu	x16,x13,100180	 x16:0x00000009 x13:0x00000000
03068e93	addi	x29,x13,48	 x13:0x00000000 x29=0x00000030
00020f37	lui	x30,0x20	 x30=0x00020000
01051f93	slli	x31,x10,0x10	 x10:0x00000001 x31=0x00010000
01df2023	sw	x29,0(x30)	 x30:0x00020000 x29:0x00000030 PA:0x00020000 store:0x00000030 load:0x00000000
01cfd793	srli	x15,x31,0x1c	 x31:0x00010000 x15=0x00000000
00900713	addi	x14,x0,9	  x0:0x00000000 x14=0x00000009
f2f76ae3	bltu	x14,x15,10019c	 x14:0x00000009 x15:0x00000000
03078393	addi	x7,x15,48	 x15:0x00000000  x7=0x00000030
000205b7	lui	x11,0x20	 x11=0x00020000
01451613	slli	x12,x10,0x14	 x10:0x00000001 x12=0x00100000
0075a023	sw	x7,0(x11)	 x11:0x00020000  x7:0x00000030 PA:0x00020000 store:0x00000030 load:0x00000000
01c65693	srli	x13,x12,0x1c	 x12:0x00100000 x13=0x00000000
00900813	addi	x16,x0,9	  x0:0x00000000 x16=0x00000009
f2d86ae3	bltu	x16,x13,1001b8	 x16:0x00000009 x13:0x00000000
03068e93	addi	x29,x13,48	 x13:0x00000000 x29=0x00000030
00020f37	lui	x30,0x20	 x30=0x00020000
01851f93	slli	x31,x10,0x18	 x10:0x00000001 x31=0x01000000
01df2023	sw	x29,0(x30)	 x30:0x00020000 x29:0x00000030 PA:0x00020000 store:0x00000030 load:0x00000000
01cfd793	srli	x15,x31,0x1c	 x31:0x01000000 x15=0x00000000
00900713	addi	x14,x0,9	  x0:0x00000000 x14=0x00000009
f2f76ae3	bltu	x14,x15,1001d4	 x14:0x00000009 x15:0x00000000
03078393	addi	x7,x15,48	 x15:0x00000000  x7=0x00000030
000205b7	lui	x11,0x20	 x11=0x00020000
0075a023	sw	x7,0(x11)	 x11:0x00020000  x7:0x00000030 PA:0x00020000 store:0x00000030 load:0x00000000
00f57513	andi	x10,x10,15	 x10:0x00000001 x10=0x00000001
00900613	addi	x12,x0,9	  x0:0x00000000 x12=0x00000009
f2a67ae3	bgeu	x12,x10,1001ec	 x12:0x00000009 x10:0x00000001
03050893	addi	x17,x10,48	 x10:0x00000001 x17=0x00000031
00020e37	lui	x28,0x20	 x28=0x00020000
011e2023	sw	x17,0(x28)	 x28:0x00020000 x17:0x00000031 PA:0x00020000 store:0x00000031 load:0x00000000
00008067	jalr	x0,0(x1)	  x1:0x0010137c  x0=0x00000000
a18b0513	addi	x10,x22,-1512	 x22:0x00102000 x10=0x00101a18
d21fe0ef	jal	x1,1000a0	  x1=0x00101384
00054803	lbu	x16,0(x10)	 x10:0x00101a18 x16=0x00000020 PA:0x00101a18 store:0x00000000
06080663	beq	x16,x0,100110	 x16:0x00000020  x0:0x00000000
000207b7	lui	x15,0x20	 x15=0x00020000
0107a023	sw	x16,0(x15)	 x15:0x00020000 x16:0x00000020 PA:0x00020000 store:0x00000020 load:0x00000000
00154703	lbu	x14,1(x10)	 x10:0x00101a18 x14=0x00000072 PA:0x00101a19 store:0x00101384
04070e63	beq	x14,x0,100110	 x14:0x00000072  x0:0x00000000
00e7a023	sw	x14,0(x15)	 x15:0x00020000 x14:0x00000072 PA:0x00020000 store:0x00000072 load:0x00000000
00254283	lbu	x5,2(x10)	 x10:0x00101a18  x5=0x00000065 PA:0x00101a1a store:0x00137fa0
04028863	beq	x5,x0,100110	  x5:0x00000065  x0:0x00000000
0057a023	sw	x5,0(x15)	 x15:0x00020000  x5:0x00000065 PA:0x00020000 store:0x00000065 load:0x00000000
00354303	lbu	x6,3(x10)	 x10:0x00101a18  x6=0x00000073 PA:0x00101a1b store:0x00000000
04030263	beq	x6,x0,100110	  x6:0x00000073  x0:0x00000000
0067a023	sw	x6,0(x15)	 x15:0x00020000  x6:0x00000073 PA:0x00020000 store:0x00000073 load:0x00000000
00454383	lbu	x7,4(x10)	 x10:0x00101a18  x7=0x00000075 PA:0x00101a1c store:0x00000000
02038c63	beq	x7,x0,100110	  x7:0x00000075  x0:0x00000000
0077a023	sw	x7,0(x15)	 x15:0x00020000  x7:0x00000075 PA:0x00020000 store:0x00000075 load:0x00000000
00554583	lbu	x11,5(x10)	 x10:0x00101a18 x11=0x0000006c PA:0x00101a1d store:0x00000065
02058663	beq	x11,x0,100110	 x11:0x0000006c  x0:0x00000000
00b7a023	sw	x11,0(x15)	 x15:0x00020000 x11:0x0000006c PA:0x00020000 store:0x0000006c load:0x00000000
00654603	lbu	x12,6(x10)	 x10:0x00101a18 x12=0x00000074 PA:0x00101a1e store:0x00000073
02060063	beq	x12,x0,100110	 x12:0x00000074  x0:0x00000000
00c7a023	sw	x12,0(x15)	 x15:0x00020000 x12:0x00000074 PA:0x00020000 store:0x00000074 load:0x00000000
00754683	lbu	x13,7(x10)	 x10:0x00101a18 x13=0x0000003a PA:0x00101a1f store:0x00000075
00850513	addi	x10,x10,8	 x10:0x00101a18 x10=0x00101a20
00068863	beq	x13,x0,100110	 x13:0x0000003a  x0:0x00000000
00d7a023	sw	x13,0(x15)	 x15:0x00020000 x13:0x0000003a PA:0x00020000 store:0x0000003a load:0x00000000
00054803	lbu	x16,0(x10)	 x10:0x00101a20 x16=0x00000020 PA:0x00101a20 store:0x00000000
fa0810e3	bne	x16,x0,1000ac	 x16:0x00000020  x0:0x00000000
0107a023	sw	x16,0(x15)	 x15:0x00020000 x16:0x00000020 PA:0x00020000 store:0x00000020 load:0x00000000
00154703	lbu	x14,1(x10)	 x10:0x00101a20 x14=0x00000000 PA:0x00101a21 store:0x00101384
04070e63	beq	x14,x0,100110	 x14:0x00000000  x0:0x00000000
00000513	addi	x10,x0,0	  x0:0x00000000 x10=0x00000000
00008067	jalr	x0,0(x1)	  x1:0x00101384  x0=0x00000000
cf8a2503	lw	x10,-776(x20)	 x20:0x00102000 x10=0x40957595 PA:0x00101cf8 store:0x00000000
002c0d93	addi	x27,x24,2	 x24:0x00000000 x27=0x00000002
d95fe0ef	jal	x1,100120	  x1=0x00101390
01c55793	srli	x15,x10,0x1c	 x10:0x40957595 x15=0x00000004
00900713	addi	x14,x0,9	  x0:0x00000000 x14=0x00000009
0cf77a63	bgeu	x14,x15,1001fc	 x14:0x00000009 x15:0x00000004
03078393	addi	x7,x15,48	 x15:0x00000004  x7=0x00000034
000205b7	lui	x11,0x20	 x11=0x00020000
00451613	slli	x12,x10,0x4	 x10:0x40957595 x12=0x09575950
0075a023	sw	x7,0(x11)	 x11:0x00020000  x7:0x00000034 PA:0x00020000 store:0x00000034 load:0x00000000
01c65693	srli	x13,x12,0x1c	 x12:0x09575950 x13=0x00000000
00900813	addi	x16,x0,9	  x0:0x00000000 x16=0x00000009
f2d86ae3	bltu	x16,x13,100148	 x16:0x00000009 x13:0x00000000
03068e93	addi	x29,x13,48	 x13:0x00000000 x29=0x00000030
00020f37	lui	x30,0x20	 x30=0x00020000
00851f93	slli	x31,x10,0x8	 x10:0x40957595 x31=0x95759500
01df2023	sw	x29,0(x30)	 x30:0x00020000 x29:0x00000030 PA:0x00020000 store:0x00000030 load:0x00000000
01cfd793	srli	x15,x31,0x1c	 x31:0x95759500 x15=0x00000009
00900713	addi	x14,x0,9	  x0:0x00000000 x14=0x00000009
f2f76ae3	bltu	x14,x15,100164	 x14:0x00000009 x15:0x00000009
03078393	addi	x7,x15,48	 x15:0x00000009  x7=0x00000039
000205b7	lui	x11,0x20	 x11=0x00020000
00c51613	slli	x12,x10,0xc	 x10:0x40957595 x12=0x57595000
0075a023	sw	x7,0(x11)	 x11:0x00020000  x7:0x00000039 PA:0x00020000 store:0x00000039 load:0x00000000
01c65693	srli	x13,x12,0x1c	 x12:0x57595000 x13=0x00000005
00900813	addi	x16,x0,9	  x0:0x00000000 x16=0x00000009
f2d86ae3	bltu	x16,x13,100180	 x16:0x00000009 x13:0x00000005
03068e93	addi	x29,x13,48	 x13:0x00000005 x29=0x00000035
00020f37	lui	x30,0x20	 x30=0x00020000
01051f93	slli	x31,x10,0x10	 x10:0x40957595 x31=0x75950000
01df2023	sw	x29,0(x30)	 x30:0x00020000 x29:0x00000035 PA:0x00020000 store:0x00000035 load:0x00000000
01cfd793	srli	x15,x31,0x1c	 x31:0x75950000 x15=0x00000007
00900713	addi	x14,x0,9	  x0:0x00000000 x14=0x00000009
f2f76ae3	bltu	x14,x15,10019c	 x14:0x00000009 x15:0x00000007
03078393	addi	x7,x15,48	 x15:0x00000007  x7=0x00000037
000205b7	lui	x11,0x20	 x11=0x00020000
01451613	slli	x12,x10,0x14	 x10:0x40957595 x12=0x59500000
0075a023	sw	x7,0(x11)	 x11:0x00020000  x7:0x00000037 PA:0x00020000 store:0x00000037 load:0x00000000
01c65693	srli	x13,x12,0x1c	 x12:0x59500000 x13=0x00000005
00900813	addi	x16,x0,9	  x0:0x00000000 x16=0x00000009
f2d86ae3	bltu	x16,x13,1001b8	 x16:0x00000009 x13:0x00000005
03068e93	addi	x29,x13,48	 x13:0x00000005 x29=0x00000035
00020f37	lui	x30,0x20	 x30=0x00020000
01851f93	slli	x31,x10,0x18	 x10:0x40957595 x31=0x95000000
01df2023	sw	x29,0(x30)	 x30:0x00020000 x29:0x00000035 PA:0x00020000 store:0x00000035 load:0x00000000
01cfd793	srli	x15,x31,0x1c	 x31:0x95000000 x15=0x00000009
00900713	addi	x14,x0,9	  x0:0x00000000 x14=0x00000009
f2f76ae3	bltu	x14,x15,1001d4	 x14:0x00000009 x15:0x00000009
03078393	addi	x7,x15,48	 x15:0x00000009  x7=0x00000039
000205b7	lui	x11,0x20	 x11=0x00020000
0075a023	sw	x7,0(x11)	 x11:0x00020000  x7:0x00000039 PA:0x00020000 store:0x00000039 load:0x00000000
00f57513	andi	x10,x10,15	 x10:0x40957595 x10=0x00000005
00900613	addi	x12,x0,9	  x0:0x00000000 x12=0x00000009
f2a67ae3	bgeu	x12,x10,1001ec	 x12:0x00000009 x10:0x00000005
03050893	addi	x17,x10,48	 x10:0x00000005 x17=0x00000035
00020e37	lui	x28,0x20	 x28=0x00020000
011e2023	sw	x17,0(x28)	 x28:0x00020000 x17:0x00000035 PA:0x00020000 store:0x00000035 load:0x00000000
00008067	jalr	x0,0(x1)	  x1:0x00101390  x0=0x00000000
d089a807	flw	f16,-760(x19)	 f19:0x00102000 f16=0x00000000 PA:0x00101d08 store:0x41ae842c
a10a8513	addi	x10,x21,-1520	 x21:0x00102000 x10=0x00101a10
580878d3	fsqrt.s	f17,f16	 f16:0x00000009 f17=0x00000000
d119a427	fsw	f17,-760(x19)	 f19:0x00102000 f17:0x00000035 PA:0x00101d08 store:0x400a5069 load:0x40957595
d089a907	flw	f18,-760(x19)	 f19:0x00102000 f18=0x00000000 PA:0x00101d08 store:0x41ae842c
e00907d3	fmv.x.w	x15,f18	 f18:0x00102000 x15=0x400a5069
cefa2c23	sw	x15,-776(x20)	 x20:0x00102000 x15:0x400a5069 PA:0x00101cf8 store:0x400a5069 load:0x400a5069
cf5fe0ef	jal	x1,1000a0	  x1=0x001013b0
00054803	lbu	x16,0(x10)	 x10:0x00101a10 x16=0x0000000a PA:0x00101a10 store:0x00000000
06080663	beq	x16,x0,100110	 x16:0x0000000a  x0:0x00000000
000207b7	lui	x15,0x20	 x15=0x00020000
0107a023	sw	x16,0(x15)	 x15:0x00020000 x16:0x0000000a PA:0x00020000 store:0x0000000a load:0x00000000
00154703	lbu	x14,1(x10)	 x10:0x00101a10 x14=0x00000020 PA:0x00101a11 store:0x001013b0
04070e63	beq	x14,x0,100110	 x14:0x00000020  x0:0x00000000
00e7a023	sw	x14,0(x15)	 x15:0x00020000 x14:0x00000020 PA:0x00020000 store:0x00000020 load:0x00000000
00254283	lbu	x5,2(x10)	 x10:0x00101a10  x5=0x00000069 PA:0x00101a12 store:0x00137fa0
04028863	beq	x5,x0,100110	  x5:0x00000069  x0:0x00000000
0057a023	sw	x5,0(x15)	 x15:0x00020000  x5:0x00000069 PA:0x00020000 store:0x00000069 load:0x00000000
00354303	lbu	x6,3(x10)	 x10:0x00101a10  x6=0x0000003d PA:0x00101a13 store:0x00000000
04030263	beq	x6,x0,100110	  x6:0x0000003d  x0:0x00000000
0067a023	sw	x6,0(x15)	 x15:0x00020000  x6:0x0000003d PA:0x00020000 store:0x0000003d load:0x00000000
00454383	lbu	x7,4(x10)	 x10:0x00101a10  x7=0x00000000 PA:0x00101a14 store:0x00000000
02038c63	beq	x7,x0,100110	  x7:0x00000000  x0:0x00000000
00000513	addi	x10,x0,0	  x0:0x00000000 x10=0x00000000
00008067	jalr	x0,0(x1)	  x1:0x001013b0  x0=0x00000000
000d8513	addi	x10,x27,0	 x27:0x00000002 x10=0x00000002
d6dfe0ef	jal	x1,100120	  x1=0x001013b8
01c55793	srli	x15,x10,0x1c	 x10:0x00000002 x15=0x00000000
00900713	addi	x14,x0,9	  x0:0x00000000 x14=0x00000009
0cf77a63	bgeu	x14,x15,1001fc	 x14:0x00000009 x15:0x00000000
03078393	addi	x7,x15,48	 x15:0x00000000  x7=0x00000030
000205b7	lui	x11,0x20	 x11=0x00020000
00451613	slli	x12,x10,0x4	 x10:0x00000002 x12=0x00000020
0075a023	sw	x7,0(x11)	 x11:0x00020000  x7:0x00000030 PA:0x00020000 store:0x00000030 load:0x00000000
01c65693	srli	x13,x12,0x1c	 x12:0x00000020 x13=0x00000000
00900813	addi	x16,x0,9	  x0:0x00000000 x16=0x00000009
f2d86ae3	bltu	x16,x13,100148	 x16:0x00000009 x13:0x00000000
03068e93	addi	x29,x13,48	 x13:0x00000000 x29=0x00000030
00020f37	lui	x30,0x20	 x30=0x00020000
00851f93	slli	x31,x10,0x8	 x10:0x00000002 x31=0x00000200
01df2023	sw	x29,0(x30)	 x30:0x00020000 x29:0x00000030 PA:0x00020000 store:0x00000030 load:0x00000000
01cfd793	srli	x15,x31,0x1c	 x31:0x00000200 x15=0x00000000
00900713	addi	x14,x0,9	  x0:0x00000000 x14=0x00000009
f2f76ae3	bltu	x14,x15,100164	 x14:0x00000009 x15:0x00000000
03078393	addi	x7,x15,48	 x15:0x00000000  x7=0x00000030
000205b7	lui	x11,0x20	 x11=0x00020000
00c51613	slli	x12,x10,0xc	 x10:0x00000002 x12=0x00002000
0075a023	sw	x7,0(x11)	 x11:0x00020000  x7:0x00000030 PA:0x00020000 store:0x00000030 load:0x00000000
01c65693	srli	x13,x12,0x1c	 x12:0x00002000 x13=0x00000000
00900813	addi	x16,x0,9	  x0:0x00000000 x16=0x00000009
f2d86ae3	bltu	x16,x13,100180	 x16:0x00000009 x13:0x00000000
03068e93	addi	x29,x13,48	 x13:0x00000000 x29=0x00000030
00020f37	lui	x30,0x20	 x30=0x00020000
01051f93	slli	x31,x10,0x10	 x10:0x00000002 x31=0x00020000
01df2023	sw	x29,0(x30)	 x30:0x00020000 x29:0x00000030 PA:0x00020000 store:0x00000030 load:0x00000000
01cfd793	srli	x15,x31,0x1c	 x31:0x00020000 x15=0x00000000
00900713	addi	x14,x0,9	  x0:0x00000000 x14=0x00000009
f2f76ae3	bltu	x14,x15,10019c	 x14:0x00000009 x15:0x00000000
03078393	addi	x7,x15,48	 x15:0x00000000  x7=0x00000030
000205b7	lui	x11,0x20	 x11=0x00020000
01451613	slli	x12,x10,0x14	 x10:0x00000002 x12=0x00200000
0075a023	sw	x7,0(x11)	 x11:0x00020000  x7:0x00000030 PA:0x00020000 store:0x00000030 load:0x00000000
01c65693	srli	x13,x12,0x1c	 x12:0x00200000 x13=0x00000000
00900813	addi	x16,x0,9	  x0:0x00000000 x16=0x00000009
f2d86ae3	bltu	x16,x13,1001b8	 x16:0x00000009 x13:0x00000000
03068e93	addi	x29,x13,48	 x13:0x00000000 x29=0x00000030
00020f37	lui	x30,0x20	 x30=0x00020000
01851f93	slli	x31,x10,0x18	 x10:0x00000002 x31=0x02000000
01df2023	sw	x29,0(x30)	 x30:0x00020000 x29:0x00000030 PA:0x00020000 store:0x00000030 load:0x00000000
01cfd793	srli	x15,x31,0x1c	 x31:0x02000000 x15=0x00000000
00900713	addi	x14,x0,9	  x0:0x00000000 x14=0x00000009
f2f76ae3	bltu	x14,x15,1001d4	 x14:0x00000009 x15:0x00000000
03078393	addi	x7,x15,48	 x15:0x00000000  x7=0x00000030
000205b7	lui	x11,0x20	 x11=0x00020000
0075a023	sw	x7,0(x11)	 x11:0x00020000  x7:0x00000030 PA:0x00020000 store:0x00000030 load:0x00000000
00f57513	andi	x10,x10,15	 x10:0x00000002 x10=0x00000002
00900613	addi	x12,x0,9	  x0:0x00000000 x12=0x00000009
f2a67ae3	bgeu	x12,x10,1001ec	 x12:0x00000009 x10:0x00000002
03050893	addi	x17,x10,48	 x10:0x00000002 x17=0x00000032
00020e37	lui	x28,0x20	 x28=0x00020000
011e2023	sw	x17,0(x28)	 x28:0x00020000 x17:0x00000032 PA:0x00020000 store:0x00000032 load:0x00000000
00008067	jalr	x0,0(x1)	  x1:0x001013b8  x0=0x00000000
a18b0513	addi	x10,x22,-1512	 x22:0x00102000 x10=0x00101a18
ce5fe0ef	jal	x1,1000a0	  x1=0x001013c0
00054803	lbu	x16,0(x10)	 x10:0x00101a18 x16=0x00000020 PA:0x00101a18 store:0x00000000
06080663	beq	x16,x0,100110	 x16:0x00000020  x0:0x00000000
000207b7	lui	x15,0x20	 x15=0x00020000
0107a023	sw	x16,0(x15)	 x15:0x00020000 x16:0x00000020 PA:0x00020000 store:0x00000020 load:0x00000000
00154703	lbu	x14,1(x10)	 x10:0x00101a18 x14=0x00000072 PA:0x00101a19 store:0x001013c0
04070e63	beq	x14,x0,100110	 x14:0x00000072  x0:0x00000000
00e7a023	sw	x14,0(x15)	 x15:0x00020000 x14:0x00000072 PA:0x00020000 store:0x00000072 load:0x00000000
00254283	lbu	x5,2(x10)	 x10:0x00101a18  x5=0x00000065 PA:0x00101a1a store:0x00137fa0
04028863	beq	x5,x0,100110	  x5:0x00000065  x0:0x00000000
0057a023	sw	x5,0(x15)	 x15:0x00020000  x5:0x00000065 PA:0x00020000 store:0x00000065 load:0x00000000
00354303	lbu	x6,3(x10)	 x10:0x00101a18  x6=0x00000073 PA:0x00101a1b store:0x00000000
04030263	beq	x6,x0,100110	  x6:0x00000073  x0:0x00000000
0067a023	sw	x6,0(x15)	 x15:0x00020000  x6:0x00000073 PA:0x00020000 store:0x00000073 load:0x00000000
00454383	lbu	x7,4(x10)	 x10:0x00101a18  x7=0x00000075 PA:0x00101a1c store:0x00000000
02038c63	beq	x7,x0,100110	  x7:0x00000075  x0:0x00000000
0077a023	sw	x7,0(x15)	 x15:0x00020000  x7:0x00000075 PA:0x00020000 store:0x00000075 load:0x00000000
00554583	lbu	x11,5(x10)	 x10:0x00101a18 x11=0x0000006c PA:0x00101a1d store:0x00000065
02058663	beq	x11,x0,100110	 x11:0x0000006c  x0:0x00000000
00b7a023	sw	x11,0(x15)	 x15:0x00020000 x11:0x0000006c PA:0x00020000 store:0x0000006c load:0x00000000
00654603	lbu	x12,6(x10)	 x10:0x00101a18 x12=0x00000074 PA:0x00101a1e store:0x00000073
02060063	beq	x12,x0,100110	 x12:0x00000074  x0:0x00000000
00c7a023	sw	x12,0(x15)	 x15:0x00020000 x12:0x00000074 PA:0x00020000 store:0x00000074 load:0x00000000
00754683	lbu	x13,7(x10)	 x10:0x00101a18 x13=0x0000003a PA:0x00101a1f store:0x00000075
00850513	addi	x10,x10,8	 x10:0x00101a18 x10=0x00101a20
00068863	beq	x13,x0,100110	 x13:0x0000003a  x0:0x00000000
00d7a023	sw	x13,0(x15)	 x15:0x00020000 x13:0x0000003a PA:0x00020000 store:0x0000003a load:0x00000000
00054803	lbu	x16,0(x10)	 x10:0x00101a20 x16=0x00000020 PA:0x00101a20 store:0x00000000
fa0810e3	bne	x16,x0,1000ac	 x16:0x00000020  x0:0x00000000
0107a023	sw	x16,0(x15)	 x15:0x00020000 x16:0x00000020 PA:0x00020000 store:0x00000020 load:0x00000000
00154703	lbu	x14,1(x10)	 x10:0x00101a20 x14=0x00000000 PA:0x00101a21 store:0x001013c0
04070e63	beq	x14,x0,100110	 x14:0x00000000  x0:0x00000000
00000513	addi	x10,x0,0	  x0:0x00000000 x10=0x00000000
00008067	jalr	x0,0(x1)	  x1:0x001013c0  x0=0x00000000
cf8a2503	lw	x10,-776(x20)	 x20:0x00102000 x10=0x400a5069 PA:0x00101cf8 store:0x00000000
003c0d93	addi	x27,x24,3	 x24:0x00000000 x27=0x00000003
004c0c13	addi	x24,x24,4	 x24:0x00000000 x24=0x00000004
d55fe0ef	jal	x1,100120	  x1=0x001013d0
01c55793	srli	x15,x10,0x1c	 x10:0x400a5069 x15=0x00000004
00900713	addi	x14,x0,9	  x0:0x00000000 x14=0x00000009
0cf77a63	bgeu	x14,x15,1001fc	 x14:0x00000009 x15:0x00000004
03078393	addi	x7,x15,48	 x15:0x00000004  x7=0x00000034
000205b7	lui	x11,0x20	 x11=0x00020000
00451613	slli	x12,x10,0x4	 x10:0x400a5069 x12=0x00a50690
0075a023	sw	x7,0(x11)	 x11:0x00020000  x7:0x00000034 PA:0x00020000 store:0x00000034 load:0x00000000
01c65693	srli	x13,x12,0x1c	 x12:0x00a50690 x13=0x00000000
00900813	addi	x16,x0,9	  x0:0x00000000 x16=0x00000009
f2d86ae3	bltu	x16,x13,100148	 x16:0x00000009 x13:0x00000000
03068e93	addi	x29,x13,48	 x13:0x00000000 x29=0x00000030
00020f37	lui	x30,0x20	 x30=0x00020000
00851f93	slli	x31,x10,0x8	 x10:0x400a5069 x31=0x0a506900
01df2023	sw	x29,0(x30)	 x30:0x00020000 x29:0x00000030 PA:0x00020000 store:0x00000030 load:0x00000000
01cfd793	srli	x15,x31,0x1c	 x31:0x0a506900 x15=0x00000000
00900713	addi	x14,x0,9	  x0:0x00000000 x14=0x00000009
f2f76ae3	bltu	x14,x15,100164	 x14:0x00000009 x15:0x00000000
03078393	addi	x7,x15,48	 x15:0x00000000  x7=0x00000030
000205b7	lui	x11,0x20	 x11=0x00020000
00c51613	slli	x12,x10,0xc	 x10:0x400a5069 x12=0xa5069000
0075a023	sw	x7,0(x11)	 x11:0x00020000  x7:0x00000030 PA:0x00020000 store:0x00000030 load:0x00000000
01c65693	srli	x13,x12,0x1c	 x12:0xa5069000 x13=0x0000000a
00900813	addi	x16,x0,9	  x0:0x00000000 x16=0x00000009
f2d86ae3	bltu	x16,x13,100180	 x16:0x00000009 x13:0x0000000a
03768893	addi	x17,x13,55	 x13:0x0000000a x17=0x00000041
00020e37	lui	x28,0x20	 x28=0x00020000
01051f93	slli	x31,x10,0x10	 x10:0x400a5069 x31=0x50690000
011e2023	sw	x17,0(x28)	 x28:0x00020000 x17:0x00000041 PA:0x00020000 store:0x00000041 load:0x00000000
01cfd793	srli	x15,x31,0x1c	 x31:0x50690000 x15=0x00000005
00900713	addi	x14,x0,9	  x0:0x00000000 x14=0x00000009
0cf77a63	bgeu	x14,x15,10026c	 x14:0x00000009 x15:0x00000005
03078393	addi	x7,x15,48	 x15:0x00000005  x7=0x00000035
000205b7	lui	x11,0x20	 x11=0x00020000
01451613	slli	x12,x10,0x14	 x10:0x400a5069 x12=0x06900000
0075a023	sw	x7,0(x11)	 x11:0x00020000  x7:0x00000035 PA:0x00020000 store:0x00000035 load:0x00000000
01c65693	srli	x13,x12,0x1c	 x12:0x06900000 x13=0x00000000
00900813	addi	x16,x0,9	  x0:0x00000000 x16=0x00000009
f2d86ae3	bltu	x16,x13,1001b8	 x16:0x00000009 x13:0x00000000
03068e93	addi	x29,x13,48	 x13:0x00000000 x29=0x00000030
00020f37	lui	x30,0x20	 x30=0x00020000
01851f93	slli	x31,x10,0x18	 x10:0x400a5069 x31=0x69000000
01df2023	sw	x29,0(x30)	 x30:0x00020000 x29:0x00000030 PA:0x00020000 store:0x00000030 load:0x00000000
01cfd793	srli	x15,x31,0x1c	 x31:0x69000000 x15=0x00000006
00900713	addi	x14,x0,9	  x0:0x00000000 x14=0x00000009
f2f76ae3	bltu	x14,x15,1001d4	 x14:0x00000009 x15:0x00000006
03078393	addi	x7,x15,48	 x15:0x00000006  x7=0x00000036
000205b7	lui	x11,0x20	 x11=0x00020000
0075a023	sw	x7,0(x11)	 x11:0x00020000  x7:0x00000036 PA:0x00020000 store:0x00000036 load:0x00000000
00f57513	andi	x10,x10,15	 x10:0x400a5069 x10=0x00000009
00900613	addi	x12,x0,9	  x0:0x00000000 x12=0x00000009
f2a67ae3	bgeu	x12,x10,1001ec	 x12:0x00000009 x10:0x00000009
03050893	addi	x17,x10,48	 x10:0x00000009 x17=0x00000039
00020e37	lui	x28,0x20	 x28=0x00020000
011e2023	sw	x17,0(x28)	 x28:0x00020000 x17:0x00000039 PA:0x00020000 store:0x00000039 load:0x00000000
00008067	jalr	x0,0(x1)	  x1:0x001013d0  x0=0x00000000
a10a8513	addi	x10,x21,-1520	 x21:0x00102000 x10=0x00101a10
d089a987	flw	f19,-760(x19)	 f19:0x00102000 f19=0x00000000 PA:0x00101d08 store:0x41ae842c
5809fa53	fsqrt.s	f20,f19	 f19:0x00102000 f20=0x00000000
d149a427	fsw	f20,-760(x19)	 f19:0x00102000 f20:0x00102000 PA:0x00101d08 store:0x3fbc2bd5 load:0x400a5069
d089aa87	flw	f21,-760(x19)	 f19:0x00102000 f21=0x00000000 PA:0x00101d08 store:0x41ae842c
e00a82d3	fmv.x.w	x5,f21	 f21:0x00102000  x5=0x3fbc2bd5
ce5a2c23	sw	x5,-776(x20)	 x20:0x00102000  x5:0x3fbc2bd5 PA:0x00101cf8 store:0x3fbc2bd5 load:0x3fbc2bd5
cb5fe0ef	jal	x1,1000a0	  x1=0x001013f0
00054803	lbu	x16,0(x10)	 x10:0x00101a10 x16=0x0000000a PA:0x00101a10 store:0x00000000
06080663	beq	x16,x0,100110	 x16:0x0000000a  x0:0x00000000
000207b7	lui	x15,0x20	 x15=0x00020000
0107a023	sw	x16,0(x15)	 x15:0x00020000 x16:0x0000000a PA:0x00020000 store:0x0000000a load:0x00000000
00154703	lbu	x14,1(x10)	 x10:0x00101a10 x14=0x00000020 PA:0x00101a11 store:0x001013f0
04070e63	beq	x14,x0,100110	 x14:0x00000020  x0:0x00000000
00e7a023	sw	x14,0(x15)	 x15:0x00020000 x14:0x00000020 PA:0x00020000 store:0x00000020 load:0x00000000
00254283	lbu	x5,2(x10)	 x10:0x00101a10  x5=0x00000069 PA:0x00101a12 store:0x00137fa0
04028863	beq	x5,x0,100110	  x5:0x00000069  x0:0x00000000
0057a023	sw	x5,0(x15)	 x15:0x00020000  x5:0x00000069 PA:0x00020000 store:0x00000069 load:0x00000000
00354303	lbu	x6,3(x10)	 x10:0x00101a10  x6=0x0000003d PA:0x00101a13 store:0x00000000
04030263	beq	x6,x0,100110	  x6:0x0000003d  x0:0x00000000
0067a023	sw	x6,0(x15)	 x15:0x00020000  x6:0x0000003d PA:0x00020000 store:0x0000003d load:0x00000000
00454383	lbu	x7,4(x10)	 x10:0x00101a10  x7=0x00000000 PA:0x00101a14 store:0x00000000
02038c63	beq	x7,x0,100110	  x7:0x00000000  x0:0x00000000
00000513	addi	x10,x0,0	  x0:0x00000000 x10=0x00000000
00008067	jalr	x0,0(x1)	  x1:0x001013f0  x0=0x00000000
000d8513	addi	x10,x27,0	 x27:0x00000003 x10=0x00000003
d2dfe0ef	jal	x1,100120	  x1=0x001013f8
01c55793	srli	x15,x10,0x1c	 x10:0x00000003 x15=0x00000000
00900713	addi	x14,x0,9	  x0:0x00000000 x14=0x00000009
0cf77a63	bgeu	x14,x15,1001fc	 x14:0x00000009 x15:0x00000000
03078393	addi	x7,x15,48	 x15:0x00000000  x7=0x00000030
000205b7	lui	x11,0x20	 x11=0x00020000
00451613	slli	x12,x10,0x4	 x10:0x00000003 x12=0x00000030
0075a023	sw	x7,0(x11)	 x11:0x00020000  x7:0x00000030 PA:0x00020000 store:0x00000030 load:0x00000000
01c65693	srli	x13,x12,0x1c	 x12:0x00000030 x13=0x00000000
00900813	addi	x16,x0,9	  x0:0x00000000 x16=0x00000009
f2d86ae3	bltu	x16,x13,100148	 x16:0x00000009 x13:0x00000000
03068e93	addi	x29,x13,48	 x13:0x00000000 x29=0x00000030
00020f37	lui	x30,0x20	 x30=0x00020000
00851f93	slli	x31,x10,0x8	 x10:0x00000003 x31=0x00000300
01df2023	sw	x29,0(x30)	 x30:0x00020000 x29:0x00000030 PA:0x00020000 store:0x00000030 load:0x00000000
01cfd793	srli	x15,x31,0x1c	 x31:0x00000300 x15=0x00000000
00900713	addi	x14,x0,9	  x0:0x00000000 x14=0x00000009
f2f76ae3	bltu	x14,x15,100164	 x14:0x00000009 x15:0x00000000
03078393	addi	x7,x15,48	 x15:0x00000000  x7=0x00000030
000205b7	lui	x11,0x20	 x11=0x00020000
00c51613	slli	x12,x10,0xc	 x10:0x00000003 x12=0x00003000
0075a023	sw	x7,0(x11)	 x11:0x00020000  x7:0x00000030 PA:0x00020000 store:0x00000030 load:0x00000000
01c65693	srli	x13,x12,0x1c	 x12:0x00003000 x13=0x00000000
00900813	addi	x16,x0,9	  x0:0x00000000 x16=0x00000009
f2d86ae3	bltu	x16,x13,100180	 x16:0x00000009 x13:0x00000000
03068e93	addi	x29,x13,48	 x13:0x00000000 x29=0x00000030
00020f37	lui	x30,0x20	 x30=0x00020000
01051f93	slli	x31,x10,0x10	 x10:0x00000003 x31=0x00030000
01df2023	sw	x29,0(x30)	 x30:0x00020000 x29:0x00000030 PA:0x00020000 store:0x00000030 load:0x00000000
01cfd793	srli	x15,x31,0x1c	 x31:0x00030000 x15=0x00000000
00900713	addi	x14,x0,9	  x0:0x00000000 x14=0x00000009
f2f76ae3	bltu	x14,x15,10019c	 x14:0x00000009 x15:0x00000000
03078393	addi	x7,x15,48	 x15:0x00000000  x7=0x00000030
000205b7	lui	x11,0x20	 x11=0x00020000
01451613	slli	x12,x10,0x14	 x10:0x00000003 x12=0x00300000
0075a023	sw	x7,0(x11)	 x11:0x00020000  x7:0x00000030 PA:0x00020000 store:0x00000030 load:0x00000000
01c65693	srli	x13,x12,0x1c	 x12:0x00300000 x13=0x00000000
00900813	addi	x16,x0,9	  x0:0x00000000 x16=0x00000009
f2d86ae3	bltu	x16,x13,1001b8	 x16:0x00000009 x13:0x00000000
03068e93	addi	x29,x13,48	 x13:0x00000000 x29=0x00000030
00020f37	lui	x30,0x20	 x30=0x00020000
01851f93	slli	x31,x10,0x18	 x10:0x00000003 x31=0x03000000
01df2023	sw	x29,0(x30)	 x30:0x00020000 x29:0x00000030 PA:0x00020000 store:0x00000030 load:0x00000000
01cfd793	srli	x15,x31,0x1c	 x31:0x03000000 x15=0x00000000
00900713	addi	x14,x0,9	  x0:0x00000000 x14=0x00000009
f2f76ae3	bltu	x14,x15,1001d4	 x14:0x00000009 x15:0x00000000
03078393	addi	x7,x15,48	 x15:0x00000000  x7=0x00000030
000205b7	lui	x11,0x20	 x11=0x00020000
0075a023	sw	x7,0(x11)	 x11:0x00020000  x7:0x00000030 PA:0x00020000 store:0x00000030 load:0x00000000
00f57513	andi	x10,x10,15	 x10:0x00000003 x10=0x00000003
00900613	addi	x12,x0,9	  x0:0x00000000 x12=0x00000009
f2a67ae3	bgeu	x12,x10,1001ec	 x12:0x00000009 x10:0x00000003
03050893	addi	x17,x10,48	 x10:0x00000003 x17=0x00000033
00020e37	lui	x28,0x20	 x28=0x00020000
011e2023	sw	x17,0(x28)	 x28:0x00020000 x17:0x00000033 PA:0x00020000 store:0x00000033 load:0x00000000
00008067	jalr	x0,0(x1)	  x1:0x001013f8  x0=0x00000000
a18b0513	addi	x10,x22,-1512	 x22:0x00102000 x10=0x00101a18
ca5fe0ef	jal	x1,1000a0	  x1=0x00101400
00054803	lbu	x16,0(x10)	 x10:0x00101a18 x16=0x00000020 PA:0x00101a18 store:0x00000000
06080663	beq	x16,x0,100110	 x16:0x00000020  x0:0x00000000
000207b7	lui	x15,0x20	 x15=0x00020000
0107a023	sw	x16,0(x15)	 x15:0x00020000 x16:0x00000020 PA:0x00020000 store:0x00000020 load:0x00000000
00154703	lbu	x14,1(x10)	 x10:0x00101a18 x14=0x00000072 PA:0x00101a19 store:0x00101400
04070e63	beq	x14,x0,100110	 x14:0x00000072  x0:0x00000000
00e7a023	sw	x14,0(x15)	 x15:0x00020000 x14:0x00000072 PA:0x00020000 store:0x00000072 load:0x00000000
00254283	lbu	x5,2(x10)	 x10:0x00101a18  x5=0x00000065 PA:0x00101a1a store:0x00137fa0
04028863	beq	x5,x0,100110	  x5:0x00000065  x0:0x00000000
0057a023	sw	x5,0(x15)	 x15:0x00020000  x5:0x00000065 PA:0x00020000 store:0x00000065 load:0x00000000
00354303	lbu	x6,3(x10)	 x10:0x00101a18  x6=0x00000073 PA:0x00101a1b store:0x00000000
04030263	beq	x6,x0,100110	  x6:0x00000073  x0:0x00000000
0067a023	sw	x6,0(x15)	 x15:0x00020000  x6:0x00000073 PA:0x00020000 store:0x00000073 load:0x00000000
00454383	lbu	x7,4(x10)	 x10:0x00101a18  x7=0x00000075 PA:0x00101a1c store:0x00000000
02038c63	beq	x7,x0,100110	  x7:0x00000075  x0:0x00000000
0077a023	sw	x7,0(x15)	 x15:0x00020000  x7:0x00000075 PA:0x00020000 store:0x00000075 load:0x00000000
00554583	lbu	x11,5(x10)	 x10:0x00101a18 x11=0x0000006c PA:0x00101a1d store:0x00000065
02058663	beq	x11,x0,100110	 x11:0x0000006c  x0:0x00000000
00b7a023	sw	x11,0(x15)	 x15:0x00020000 x11:0x0000006c PA:0x00020000 store:0x0000006c load:0x00000000
00654603	lbu	x12,6(x10)	 x10:0x00101a18 x12=0x00000074 PA:0x00101a1e store:0x00000073
02060063	beq	x12,x0,100110	 x12:0x00000074  x0:0x00000000
00c7a023	sw	x12,0(x15)	 x15:0x00020000 x12:0x00000074 PA:0x00020000 store:0x00000074 load:0x00000000
00754683	lbu	x13,7(x10)	 x10:0x00101a18 x13=0x0000003a PA:0x00101a1f store:0x00000075
00850513	addi	x10,x10,8	 x10:0x00101a18 x10=0x00101a20
00068863	beq	x13,x0,100110	 x13:0x0000003a  x0:0x00000000
00d7a023	sw	x13,0(x15)	 x15:0x00020000 x13:0x0000003a PA:0x00020000 store:0x0000003a load:0x00000000
00054803	lbu	x16,0(x10)	 x10:0x00101a20 x16=0x00000020 PA:0x00101a20 store:0x00000000
fa0810e3	bne	x16,x0,1000ac	 x16:0x00000020  x0:0x00000000
0107a023	sw	x16,0(x15)	 x15:0x00020000 x16:0x00000020 PA:0x00020000 store:0x00000020 load:0x00000000
00154703	lbu	x14,1(x10)	 x10:0x00101a20 x14=0x00000000 PA:0x00101a21 store:0x00101400
04070e63	beq	x14,x0,100110	 x14:0x00000000  x0:0x00000000
00000513	addi	x10,x0,0	  x0:0x00000000 x10=0x00000000
00008067	jalr	x0,0(x1)	  x1:0x00101400  x0=0x00000000
cf8a2503	lw	x10,-776(x20)	 x20:0x00102000 x10=0x3fbc2bd5 PA:0x00101cf8 store:0x00000004
d1dfe0ef	jal	x1,100120	  x1=0x00101408
01c55793	srli	x15,x10,0x1c	 x10:0x3fbc2bd5 x15=0x00000003
00900713	addi	x14,x0,9	  x0:0x00000000 x14=0x00000009
0cf77a63	bgeu	x14,x15,1001fc	 x14:0x00000009 x15:0x00000003
03078393	addi	x7,x15,48	 x15:0x00000003  x7=0x00000033
000205b7	lui	x11,0x20	 x11=0x00020000
00451613	slli	x12,x10,0x4	 x10:0x3fbc2bd5 x12=0xfbc2bd50
0075a023	sw	x7,0(x11)	 x11:0x00020000  x7:0x00000033 PA:0x00020000 store:0x00000033 load:0x00000000
01c65693	srli	x13,x12,0x1c	 x12:0xfbc2bd50 x13=0x0000000f
00900813	addi	x16,x0,9	  x0:0x00000000 x16=0x00000009
f2d86ae3	bltu	x16,x13,100148	 x16:0x00000009 x13:0x0000000f
03768893	addi	x17,x13,55	 x13:0x0000000f x17=0x00000046
00020e37	lui	x28,0x20	 x28=0x00020000
00851f93	slli	x31,x10,0x8	 x10:0x3fbc2bd5 x31=0xbc2bd500
011e2023	sw	x17,0(x28)	 x28:0x00020000 x17:0x00000046 PA:0x00020000 store:0x00000046 load:0x00000000
01cfd793	srli	x15,x31,0x1c	 x31:0xbc2bd500 x15=0x0000000b
00900713	addi	x14,x0,9	  x0:0x00000000 x14=0x00000009
0cf77a63	bgeu	x14,x15,100234	 x14:0x00000009 x15:0x0000000b
03778293	addi	x5,x15,55	 x15:0x0000000b  x5=0x00000042
00020337	lui	x6,0x20	  x6=0x00020000
00c51613	slli	x12,x10,0xc	 x10:0x3fbc2bd5 x12=0xc2bd5000
00532023	sw	x5,0(x6)	  x6:0x00020000  x5:0x00000042 PA:0x00020000 store:0x00000042 load:0x00000000
01c65693	srli	x13,x12,0x1c	 x12:0xc2bd5000 x13=0x0000000c
00900813	addi	x16,x0,9	  x0:0x00000000 x16=0x00000009
0cd87a63	bgeu	x16,x13,100250	 x16:0x00000009 x13:0x0000000c
03768893	addi	x17,x13,55	 x13:0x0000000c x17=0x00000043
00020e37	lui	x28,0x20	 x28=0x00020000
01051f93	slli	x31,x10,0x10	 x10:0x3fbc2bd5 x31=0x2bd50000
011e2023	sw	x17,0(x28)	 x28:0x00020000 x17:0x00000043 PA:0x00020000 store:0x00000043 load:0x00000000
01cfd793	srli	x15,x31,0x1c	 x31:0x2bd50000 x15=0x00000002
00900713	addi	x14,x0,9	  x0:0x00000000 x14=0x00000009
0cf77a63	bgeu	x14,x15,10026c	 x14:0x00000009 x15:0x00000002
03078393	addi	x7,x15,48	 x15:0x00000002  x7=0x00000032
000205b7	lui	x11,0x20	 x11=0x00020000
01451613	slli	x12,x10,0x14	 x10:0x3fbc2bd5 x12=0xbd500000
0075a023	sw	x7,0(x11)	 x11:0x00020000  x7:0x00000032 PA:0x00020000 store:0x00000032 load:0x00000000
01c65693	srli	x13,x12,0x1c	 x12:0xbd500000 x13=0x0000000b
00900813	addi	x16,x0,9	  x0:0x00000000 x16=0x00000009
f2d86ae3	bltu	x16,x13,1001b8	 x16:0x00000009 x13:0x0000000b
03768893	addi	x17,x13,55	 x13:0x0000000b x17=0x00000042
00020e37	lui	x28,0x20	 x28=0x00020000
01851f93	slli	x31,x10,0x18	 x10:0x3fbc2bd5 x31=0xd5000000
011e2023	sw	x17,0(x28)	 x28:0x00020000 x17:0x00000042 PA:0x00020000 store:0x00000042 load:0x00000000
01cfd793	srli	x15,x31,0x1c	 x31:0xd5000000 x15=0x0000000d
00900713	addi	x14,x0,9	  x0:0x00000000 x14=0x00000009
0cf77a63	bgeu	x14,x15,1002a4	 x14:0x00000009 x15:0x0000000d
03778293	addi	x5,x15,55	 x15:0x0000000d  x5=0x00000044
00020337	lui	x6,0x20	  x6=0x00020000
00532023	sw	x5,0(x6)	  x6:0x00020000  x5:0x00000044 PA:0x00020000 store:0x00000044 load:0x00000000
00f57513	andi	x10,x10,15	 x10:0x3fbc2bd5 x10=0x00000005
00900613	addi	x12,x0,9	  x0:0x00000000 x12=0x00000009
0ca66a63	bltu	x12,x10,1002bc	 x12:0x00000009 x10:0x00000005
03050893	addi	x17,x10,48	 x10:0x00000005 x17=0x00000035
00020e37	lui	x28,0x20	 x28=0x00020000
011e2023	sw	x17,0(x28)	 x28:0x00020000 x17:0x00000035 PA:0x00020000 store:0x00000035 load:0x00000000
00008067	jalr	x0,0(x1)	  x1:0x00101408  x0=0x00000000
f1ac18e3	bne	x24,x26,101318	 x24:0x00000004 x26:0x00000014
d089a607	flw	f12,-760(x19)	 f19:0x00102000 f12=0x00000000 PA:0x00101d08 store:0x41ae842c
580676d3	fsqrt.s	f13,f12	 f12:0x00000009 f13=0x00000000
d0d9a427	fsw	f13,-760(x19)	 f19:0x00102000 f13:0x0000000b PA:0x00101d08 store:0x3f9b3246 load:0x3fbc2bd5
d089a387	flw	f7,-760(x19)	 f19:0x00102000  f7=0x00000000 PA:0x00101d08 store:0x41ae842c
a10a8513	addi	x10,x21,-1520	 x21:0x00102000 x10=0x00101a10
e00386d3	fmv.x.w	x13,f7	  f7:0x00000032 x13=0x3f9b3246
ceda2c23	sw	x13,-776(x20)	 x20:0x00102000 x13:0x3f9b3246 PA:0x00101cf8 store:0x3f9b3246 load:0x3f9b3246
d6dfe0ef	jal	x1,1000a0	  x1=0x00101338
00054803	lbu	x16,0(x10)	 x10:0x00101a10 x16=0x0000000a PA:0x00101a10 store:0x00000000
06080663	beq	x16,x0,100110	 x16:0x0000000a  x0:0x00000000
000207b7	lui	x15,0x20	 x15=0x00020000
0107a023	sw	x16,0(x15)	 x15:0x00020000 x16:0x0000000a PA:0x00020000 store:0x0000000a load:0x00000000
00154703	lbu	x14,1(x10)	 x10:0x00101a10 x14=0x00000020 PA:0x00101a11 store:0x00101338
04070e63	beq	x14,x0,100110	 x14:0x00000020  x0:0x00000000
00e7a023	sw	x14,0(x15)	 x15:0x00020000 x14:0x00000020 PA:0x00020000 store:0x00000020 load:0x00000000
00254283	lbu	x5,2(x10)	 x10:0x00101a10  x5=0x00000069 PA:0x00101a12 store:0x00137fa0
04028863	beq	x5,x0,100110	  x5:0x00000069  x0:0x00000000
0057a023	sw	x5,0(x15)	 x15:0x00020000  x5:0x00000069 PA:0x00020000 store:0x00000069 load:0x00000000
00354303	lbu	x6,3(x10)	 x10:0x00101a10  x6=0x0000003d PA:0x00101a13 store:0x00000000
04030263	beq	x6,x0,100110	  x6:0x0000003d  x0:0x00000000
0067a023	sw	x6,0(x15)	 x15:0x00020000  x6:0x0000003d PA:0x00020000 store:0x0000003d load:0x00000000
00454383	lbu	x7,4(x10)	 x10:0x00101a10  x7=0x00000000 PA:0x00101a14 store:0x00000000
02038c63	beq	x7,x0,100110	  x7:0x00000000  x0:0x00000000
00000513	addi	x10,x0,0	  x0:0x00000000 x10=0x00000000
00008067	jalr	x0,0(x1)	  x1:0x00101338  x0=0x00000000
000c0513	addi	x10,x24,0	 x24:0x00000004 x10=0x00000004
de5fe0ef	jal	x1,100120	  x1=0x00101340
01c55793	srli	x15,x10,0x1c	 x10:0x00000004 x15=0x00000000
00900713	addi	x14,x0,9	  x0:0x00000000 x14=0x00000009
0cf77a63	bgeu	x14,x15,1001fc	 x14:0x00000009 x15:0x00000000
03078393	addi	x7,x15,48	 x15:0x00000000  x7=0x00000030
000205b7	lui	x11,0x20	 x11=0x00020000
00451613	slli	x12,x10,0x4	 x10:0x00000004 x12=0x00000040
0075a023	sw	x7,0(x11)	 x11:0x00020000  x7:0x00000030 PA:0x00020000 store:0x00000030 load:0x00000000
01c65693	srli	x13,x12,0x1c	 x12:0x00000040 x13=0x00000000
00900813	addi	x16,x0,9	  x0:0x00000000 x16=0x00000009
f2d86ae3	bltu	x16,x13,100148	 x16:0x00000009 x13:0x00000000
03068e93	addi	x29,x13,48	 x13:0x00000000 x29=0x00000030
00020f37	lui	x30,0x20	 x30=0x00020000
00851f93	slli	x31,x10,0x8	 x10:0x00000004 x31=0x00000400
01df2023	sw	x29,0(x30)	 x30:0x00020000 x29:0x00000030 PA:0x00020000 store:0x00000030 load:0x00000000
01cfd793	srli	x15,x31,0x1c	 x31:0x00000400 x15=0x00000000
00900713	addi	x14,x0,9	  x0:0x00000000 x14=0x00000009
f2f76ae3	bltu	x14,x15,100164	 x14:0x00000009 x15:0x00000000
03078393	addi	x7,x15,48	 x15:0x00000000  x7=0x00000030
000205b7	lui	x11,0x20	 x11=0x00020000
00c51613	slli	x12,x10,0xc	 x10:0x00000004 x12=0x00004000
0075a023	sw	x7,0(x11)	 x11:0x00020000  x7:0x00000030 PA:0x00020000 store:0x00000030 load:0x00000000
01c65693	srli	x13,x12,0x1c	 x12:0x00004000 x13=0x00000000
00900813	addi	x16,x0,9	  x0:0x00000000 x16=0x00000009
f2d86ae3	bltu	x16,x13,100180	 x16:0x00000009 x13:0x00000000
03068e93	addi	x29,x13,48	 x13:0x00000000 x29=0x00000030
00020f37	lui	x30,0x20	 x30=0x00020000
01051f93	slli	x31,x10,0x10	 x10:0x00000004 x31=0x00040000
01df2023	sw	x29,0(x30)	 x30:0x00020000 x29:0x00000030 PA:0x00020000 store:0x00000030 load:0x00000000
01cfd793	srli	x15,x31,0x1c	 x31:0x00040000 x15=0x00000000
00900713	addi	x14,x0,9	  x0:0x00000000 x14=0x00000009
f2f76ae3	bltu	x14,x15,10019c	 x14:0x00000009 x15:0x00000000
03078393	addi	x7,x15,48	 x15:0x00000000  x7=0x00000030
000205b7	lui	x11,0x20	 x11=0x00020000
01451613	slli	x12,x10,0x14	 x10:0x00000004 x12=0x00400000
0075a023	sw	x7,0(x11)	 x11:0x00020000  x7:0x00000030 PA:0x00020000 store:0x00000030 load:0x00000000
01c65693	srli	x13,x12,0x1c	 x12:0x00400000 x13=0x00000000
00900813	addi	x16,x0,9	  x0:0x00000000 x16=0x00000009
f2d86ae3	bltu	x16,x13,1001b8	 x16:0x00000009 x13:0x00000000
03068e93	addi	x29,x13,48	 x13:0x00000000 x29=0x00000030
00020f37	lui	x30,0x20	 x30=0x00020000
01851f93	slli	x31,x10,0x18	 x10:0x00000004 x31=0x04000000
01df2023	sw	x29,0(x30)	 x30:0x00020000 x29:0x00000030 PA:0x00020000 store:0x00000030 load:0x00000000
01cfd793	srli	x15,x31,0x1c	 x31:0x04000000 x15=0x00000000
00900713	addi	x14,x0,9	  x0:0x00000000 x14=0x00000009
f2f76ae3	bltu	x14,x15,1001d4	 x14:0x00000009 x15:0x00000000
03078393	addi	x7,x15,48	 x15:0x00000000  x7=0x00000030
000205b7	lui	x11,0x20	 x11=0x00020000
0075a023	sw	x7,0(x11)	 x11:0x00020000  x7:0x00000030 PA:0x00020000 store:0x00000030 load:0x00000000
00f57513	andi	x10,x10,15	 x10:0x00000004 x10=0x00000004
00900613	addi	x12,x0,9	  x0:0x00000000 x12=0x00000009
f2a67ae3	bgeu	x12,x10,1001ec	 x12:0x00000009 x10:0x00000004
03050893	addi	x17,x10,48	 x10:0x00000004 x17=0x00000034
00020e37	lui	x28,0x20	 x28=0x00020000
011e2023	sw	x17,0(x28)	 x28:0x00020000 x17:0x00000034 PA:0x00020000 store:0x00000034 load:0x00000000
00008067	jalr	x0,0(x1)	  x1:0x00101340  x0=0x00000000
a18b0513	addi	x10,x22,-1512	 x22:0x00102000 x10=0x00101a18
d5dfe0ef	jal	x1,1000a0	  x1=0x00101348
00054803	lbu	x16,0(x10)	 x10:0x00101a18 x16=0x00000020 PA:0x00101a18 store:0x00000000
06080663	beq	x16,x0,100110	 x16:0x00000020  x0:0x00000000
000207b7	lui	x15,0x20	 x15=0x00020000
0107a023	sw	x16,0(x15)	 x15:0x00020000 x16:0x00000020 PA:0x00020000 store:0x00000020 load:0x00000000
00154703	lbu	x14,1(x10)	 x10:0x00101a18 x14=0x00000072 PA:0x00101a19 store:0x00101348
04070e63	beq	x14,x0,100110	 x14:0x00000072  x0:0x00000000
00e7a023	sw	x14,0(x15)	 x15:0x00020000 x14:0x00000072 PA:0x00020000 store:0x00000072 load:0x00000000
00254283	lbu	x5,2(x10)	 x10:0x00101a18  x5=0x00000065 PA:0x00101a1a store:0x00137fa0
04028863	beq	x5,x0,100110	  x5:0x00000065  x0:0x00000000
0057a023	sw	x5,0(x15)	 x15:0x00020000  x5:0x00000065 PA:0x00020000 store:0x00000065 load:0x00000000
00354303	lbu	x6,3(x10)	 x10:0x00101a18  x6=0x00000073 PA:0x00101a1b store:0x00000000
04030263	beq	x6,x0,100110	  x6:0x00000073  x0:0x00000000
0067a023	sw	x6,0(x15)	 x15:0x00020000  x6:0x00000073 PA:0x00020000 store:0x00000073 load:0x00000000
00454383	lbu	x7,4(x10)	 x10:0x00101a18  x7=0x00000075 PA:0x00101a1c store:0x00000000
02038c63	beq	x7,x0,100110	  x7:0x00000075  x0:0x00000000
0077a023	sw	x7,0(x15)	 x15:0x00020000  x7:0x00000075 PA:0x00020000 store:0x00000075 load:0x00000000
00554583	lbu	x11,5(x10)	 x10:0x00101a18 x11=0x0000006c PA:0x00101a1d store:0x00000065
02058663	beq	x11,x0,100110	 x11:0x0000006c  x0:0x00000000
00b7a023	sw	x11,0(x15)	 x15:0x00020000 x11:0x0000006c PA:0x00020000 store:0x0000006c load:0x00000000
00654603	lbu	x12,6(x10)	 x10:0x00101a18 x12=0x00000074 PA:0x00101a1e store:0x00000073
02060063	beq	x12,x0,100110	 x12:0x00000074  x0:0x00000000
00c7a023	sw	x12,0(x15)	 x15:0x00020000 x12:0x00000074 PA:0x00020000 store:0x00000074 load:0x00000000
00754683	lbu	x13,7(x10)	 x10:0x00101a18 x13=0x0000003a PA:0x00101a1f store:0x00000075
00850513	addi	x10,x10,8	 x10:0x00101a18 x10=0x00101a20
00068863	beq	x13,x0,100110	 x13:0x0000003a  x0:0x00000000
00d7a023	sw	x13,0(x15)	 x15:0x00020000 x13:0x0000003a PA:0x00020000 store:0x0000003a load:0x00000000
00054803	lbu	x16,0(x10)	 x10:0x00101a20 x16=0x00000020 PA:0x00101a20 store:0x00000000
fa0810e3	bne	x16,x0,1000ac	 x16:0x00000020  x0:0x00000000
0107a023	sw	x16,0(x15)	 x15:0x00020000 x16:0x00000020 PA:0x00020000 store:0x00000020 load:0x00000000
00154703	lbu	x14,1(x10)	 x10:0x00101a20 x14=0x00000000 PA:0x00101a21 store:0x00101348
04070e63	beq	x14,x0,100110	 x14:0x00000000  x0:0x00000000
00000513	addi	x10,x0,0	  x0:0x00000000 x10=0x00000000
00008067	jalr	x0,0(x1)	  x1:0x00101348  x0=0x00000000
cf8a2503	lw	x10,-776(x20)	 x20:0x00102000 x10=0x3f9b3246 PA:0x00101cf8 store:0x00000004
001c0d93	addi	x27,x24,1	 x24:0x00000004 x27=0x00000005
dd1fe0ef	jal	x1,100120	  x1=0x00101354
01c55793	srli	x15,x10,0x1c	 x10:0x3f9b3246 x15=0x00000003
00900713	addi	x14,x0,9	  x0:0x00000000 x14=0x00000009
0cf77a63	bgeu	x14,x15,1001fc	 x14:0x00000009 x15:0x00000003
03078393	addi	x7,x15,48	 x15:0x00000003  x7=0x00000033
000205b7	lui	x11,0x20	 x11=0x00020000
00451613	slli	x12,x10,0x4	 x10:0x3f9b3246 x12=0xf9b32460
0075a023	sw	x7,0(x11)	 x11:0x00020000  x7:0x00000033 PA:0x00020000 store:0x00000033 load:0x00000000
01c65693	srli	x13,x12,0x1c	 x12:0xf9b32460 x13=0x0000000f
00900813	addi	x16,x0,9	  x0:0x00000000 x16=0x00000009
f2d86ae3	bltu	x16,x13,100148	 x16:0x00000009 x13:0x0000000f
03768893	addi	x17,x13,55	 x13:0x0000000f x17=0x00000046
00020e37	lui	x28,0x20	 x28=0x00020000
00851f93	slli	x31,x10,0x8	 x10:0x3f9b3246 x31=0x9b324600
011e2023	sw	x17,0(x28)	 x28:0x00020000 x17:0x00000046 PA:0x00020000 store:0x00000046 load:0x00000000
01cfd793	srli	x15,x31,0x1c	 x31:0x9b324600 x15=0x00000009
00900713	addi	x14,x0,9	  x0:0x00000000 x14=0x00000009
0cf77a63	bgeu	x14,x15,100234	 x14:0x00000009 x15:0x00000009
03078393	addi	x7,x15,48	 x15:0x00000009  x7=0x00000039
000205b7	lui	x11,0x20	 x11=0x00020000
00c51613	slli	x12,x10,0xc	 x10:0x3f9b3246 x12=0xb3246000
0075a023	sw	x7,0(x11)	 x11:0x00020000  x7:0x00000039 PA:0x00020000 store:0x00000039 load:0x00000000
01c65693	srli	x13,x12,0x1c	 x12:0xb3246000 x13=0x0000000b
00900813	addi	x16,x0,9	  x0:0x00000000 x16=0x00000009
f2d86ae3	bltu	x16,x13,100180	 x16:0x00000009 x13:0x0000000b
03768893	addi	x17,x13,55	 x13:0x0000000b x17=0x00000042
00020e37	lui	x28,0x20	 x28=0x00020000
01051f93	slli	x31,x10,0x10	 x10:0x3f9b3246 x31=0x32460000
011e2023	sw	x17,0(x28)	 x28:0x00020000 x17:0x00000042 PA:0x00020000 store:0x00000042 load:0x00000000
01cfd793	srli	x15,x31,0x1c	 x31:0x32460000 x15=0x00000003
00900713	addi	x14,x0,9	  x0:0x00000000 x14=0x00000009
0cf77a63	bgeu	x14,x15,10026c	 x14:0x00000009 x15:0x00000003
03078393	addi	x7,x15,48	 x15:0x00000003  x7=0x00000033
000205b7	lui	x11,0x20	 x11=0x00020000
01451613	slli	x12,x10,0x14	 x10:0x3f9b3246 x12=0x24600000
0075a023	sw	x7,0(x11)	 x11:0x00020000  x7:0x00000033 PA:0x00020000 store:0x00000033 load:0x00000000
01c65693	srli	x13,x12,0x1c	 x12:0x24600000 x13=0x00000002
00900813	addi	x16,x0,9	  x0:0x00000000 x16=0x00000009
f2d86ae3	bltu	x16,x13,1001b8	 x16:0x00000009 x13:0x00000002
03068e93	addi	x29,x13,48	 x13:0x00000002 x29=0x00000032
00020f37	lui	x30,0x20	 x30=0x00020000
01851f93	slli	x31,x10,0x18	 x10:0x3f9b3246 x31=0x46000000
01df2023	sw	x29,0(x30)	 x30:0x00020000 x29:0x00000032 PA:0x00020000 store:0x00000032 load:0x00000000
01cfd793	srli	x15,x31,0x1c	 x31:0x46000000 x15=0x00000004
00900713	addi	x14,x0,9	  x0:0x00000000 x14=0x00000009
f2f76ae3	bltu	x14,x15,1001d4	 x14:0x00000009 x15:0x00000004
03078393	addi	x7,x15,48	 x15:0x00000004  x7=0x00000034
000205b7	lui	x11,0x20	 x11=0x00020000
0075a023	sw	x7,0(x11)	 x11:0x00020000  x7:0x00000034 PA:0x00020000 store:0x00000034 load:0x00000000
00f57513	andi	x10,x10,15	 x10:0x3f9b3246 x10=0x00000006
00900613	addi	x12,x0,9	  x0:0x00000000 x12=0x00000009
f2a67ae3	bgeu	x12,x10,1001ec	 x12:0x00000009 x10:0x00000006
03050893	addi	x17,x10,48	 x10:0x00000006 x17=0x00000036
00020e37	lui	x28,0x20	 x28=0x00020000
011e2023	sw	x17,0(x28)	 x28:0x00020000 x17:0x00000036 PA:0x00020000 store:0x00000036 load:0x00000000
00008067	jalr	x0,0(x1)	  x1:0x00101354  x0=0x00000000
d089a407	flw	f8,-760(x19)	 f19:0x00102000  f8=0x00000000 PA:0x00101d08 store:0x41ae842c
580474d3	fsqrt.s	f9,f8	  f8:0x00102000  f9=0x00000000
d099a427	fsw	f9,-760(x19)	 f19:0x00102000  f9:0x00102000 PA:0x00101d08 store:0x3f8cf199 load:0x3f9b3246
d089a507	flw	f10,-760(x19)	 f19:0x00102000 f10=0x00000000 PA:0x00101d08 store:0x3f9b3246
a10a8513	addi	x10,x21,-1520	 x21:0x00102000 x10=0x00101a10
e0050753	fmv.x.w	x14,f10	 f10:0x00101a10 x14=0x3f8cf199
ceea2c23	sw	x14,-776(x20)	 x20:0x00102000 x14:0x3f8cf199 PA:0x00101cf8 store:0x3f8cf199 load:0x3f8cf199
d31fe0ef	jal	x1,1000a0	  x1=0x00101374
00054803	lbu	x16,0(x10)	 x10:0x00101a10 x16=0x0000000a PA:0x00101a10 store:0x00000000
06080663	beq	x16,x0,100110	 x16:0x0000000a  x0:0x00000000
000207b7	lui	x15,0x20	 x15=0x00020000
0107a023	sw	x16,0(x15)	 x15:0x00020000 x16:0x0000000a PA:0x00020000 store:0x0000000a load:0x00000000
00154703	lbu	x14,1(x10)	 x10:0x00101a10 x14=0x00000020 PA:0x00101a11 store:0x00101374
04070e63	beq	x14,x0,100110	 x14:0x00000020  x0:0x00000000
00e7a023	sw	x14,0(x15)	 x15:0x00020000 x14:0x00000020 PA:0x00020000 store:0x00000020 load:0x00000000
00254283	lbu	x5,2(x10)	 x10:0x00101a10  x5=0x00000069 PA:0x00101a12 store:0x00137fa0
04028863	beq	x5,x0,100110	  x5:0x00000069  x0:0x00000000
0057a023	sw	x5,0(x15)	 x15:0x00020000  x5:0x00000069 PA:0x00020000 store:0x00000069 load:0x00000000
00354303	lbu	x6,3(x10)	 x10:0x00101a10  x6=0x0000003d PA:0x00101a13 store:0x00000000
04030263	beq	x6,x0,100110	  x6:0x0000003d  x0:0x00000000
0067a023	sw	x6,0(x15)	 x15:0x00020000  x6:0x0000003d PA:0x00020000 store:0x0000003d load:0x00000000
00454383	lbu	x7,4(x10)	 x10:0x00101a10  x7=0x00000000 PA:0x00101a14 store:0x00000000
02038c63	beq	x7,x0,100110	  x7:0x00000000  x0:0x00000000
00000513	addi	x10,x0,0	  x0:0x00000000 x10=0x00000000
00008067	jalr	x0,0(x1)	  x1:0x00101374  x0=0x00000000
000d8513	addi	x10,x27,0	 x27:0x00000005 x10=0x00000005
da9fe0ef	jal	x1,100120	  x1=0x0010137c
01c55793	srli	x15,x10,0x1c	 x10:0x00000005 x15=0x00000000
00900713	addi	x14,x0,9	  x0:0x00000000 x14=0x00000009
0cf77a63	bgeu	x14,x15,1001fc	 x14:0x00000009 x15:0x00000000
03078393	addi	x7,x15,48	 x15:0x00000000  x7=0x00000030
000205b7	lui	x11,0x20	 x11=0x00020000
00451613	slli	x12,x10,0x4	 x10:0x00000005 x12=0x00000050
0075a023	sw	x7,0(x11)	 x11:0x00020000  x7:0x00000030 PA:0x00020000 store:0x00000030 load:0x00000000
01c65693	srli	x13,x12,0x1c	 x12:0x00000050 x13=0x00000000
00900813	addi	x16,x0,9	  x0:0x00000000 x16=0x00000009
f2d86ae3	bltu	x16,x13,100148	 x16:0x00000009 x13:0x00000000
03068e93	addi	x29,x13,48	 x13:0x00000000 x29=0x00000030
00020f37	lui	x30,0x20	 x30=0x00020000
00851f93	slli	x31,x10,0x8	 x10:0x00000005 x31=0x00000500
01df2023	sw	x29,0(x30)	 x30:0x00020000 x29:0x00000030 PA:0x00020000 store:0x00000030 load:0x00000000
01cfd793	srli	x15,x31,0x1c	 x31:0x00000500 x15=0x00000000
00900713	addi	x14,x0,9	  x0:0x00000000 x14=0x00000009
f2f76ae3	bltu	x14,x15,100164	 x14:0x00000009 x15:0x00000000
03078393	addi	x7,x15,48	 x15:0x00000000  x7=0x00000030
000205b7	lui	x11,0x20	 x11=0x00020000
00c51613	slli	x12,x10,0xc	 x10:0x00000005 x12=0x00005000
0075a023	sw	x7,0(x11)	 x11:0x00020000  x7:0x00000030 PA:0x00020000 store:0x00000030 load:0x00000000
01c65693	srli	x13,x12,0x1c	 x12:0x00005000 x13=0x00000000
00900813	addi	x16,x0,9	  x0:0x00000000 x16=0x00000009
f2d86ae3	bltu	x16,x13,100180	 x16:0x00000009 x13:0x00000000
03068e93	addi	x29,x13,48	 x13:0x00000000 x29=0x00000030
00020f37	lui	x30,0x20	 x30=0x00020000
01051f93	slli	x31,x10,0x10	 x10:0x00000005 x31=0x00050000
01df2023	sw	x29,0(x30)	 x30:0x00020000 x29:0x00000030 PA:0x00020000 store:0x00000030 load:0x00000000
01cfd793	srli	x15,x31,0x1c	 x31:0x00050000 x15=0x00000000
00900713	addi	x14,x0,9	  x0:0x00000000 x14=0x00000009
f2f76ae3	bltu	x14,x15,10019c	 x14:0x00000009 x15:0x00000000
03078393	addi	x7,x15,48	 x15:0x00000000  x7=0x00000030
000205b7	lui	x11,0x20	 x11=0x00020000
01451613	slli	x12,x10,0x14	 x10:0x00000005 x12=0x00500000
0075a023	sw	x7,0(x11)	 x11:0x00020000  x7:0x00000030 PA:0x00020000 store:0x00000030 load:0x00000000
01c65693	srli	x13,x12,0x1c	 x12:0x00500000 x13=0x00000000
00900813	addi	x16,x0,9	  x0:0x00000000 x16=0x00000009
f2d86ae3	bltu	x16,x13,1001b8	 x16:0x00000009 x13:0x00000000
03068e93	addi	x29,x13,48	 x13:0x00000000 x29=0x00000030
00020f37	lui	x30,0x20	 x30=0x00020000
01851f93	slli	x31,x10,0x18	 x10:0x00000005 x31=0x05000000
01df2023	sw	x29,0(x30)	 x30:0x00020000 x29:0x00000030 PA:0x00020000 store:0x00000030 load:0x00000000
01cfd793	srli	x15,x31,0x1c	 x31:0x05000000 x15=0x00000000
00900713	addi	x14,x0,9	  x0:0x00000000 x14=0x00000009
f2f76ae3	bltu	x14,x15,1001d4	 x14:0x00000009 x15:0x00000000
03078393	addi	x7,x15,48	 x15:0x00000000  x7=0x00000030
000205b7	lui	x11,0x20	 x11=0x00020000
0075a023	sw	x7,0(x11)	 x11:0x00020000  x7:0x00000030 PA:0x00020000 store:0x00000030 load:0x00000000
00f57513	andi	x10,x10,15	 x10:0x00000005 x10=0x00000005
00900613	addi	x12,x0,9	  x0:0x00000000 x12=0x00000009
f2a67ae3	bgeu	x12,x10,1001ec	 x12:0x00000009 x10:0x00000005
03050893	addi	x17,x10,48	 x10:0x00000005 x17=0x00000035
00020e37	lui	x28,0x20	 x28=0x00020000
011e2023	sw	x17,0(x28)	 x28:0x00020000 x17:0x00000035 PA:0x00020000 store:0x00000035 load:0x00000000
00008067	jalr	x0,0(x1)	  x1:0x0010137c  x0=0x00000000
a18b0513	addi	x10,x22,-1512	 x22:0x00102000 x10=0x00101a18
d21fe0ef	jal	x1,1000a0	  x1=0x00101384
00054803	lbu	x16,0(x10)	 x10:0x00101a18 x16=0x00000020 PA:0x00101a18 store:0x00000000
06080663	beq	x16,x0,100110	 x16:0x00000020  x0:0x00000000
000207b7	lui	x15,0x20	 x15=0x00020000
0107a023	sw	x16,0(x15)	 x15:0x00020000 x16:0x00000020 PA:0x00020000 store:0x00000020 load:0x00000000
00154703	lbu	x14,1(x10)	 x10:0x00101a18 x14=0x00000072 PA:0x00101a19 store:0x00101384
04070e63	beq	x14,x0,100110	 x14:0x00000072  x0:0x00000000
00e7a023	sw	x14,0(x15)	 x15:0x00020000 x14:0x00000072 PA:0x00020000 store:0x00000072 load:0x00000000
00254283	lbu	x5,2(x10)	 x10:0x00101a18  x5=0x00000065 PA:0x00101a1a store:0x00137fa0
04028863	beq	x5,x0,100110	  x5:0x00000065  x0:0x00000000
0057a023	sw	x5,0(x15)	 x15:0x00020000  x5:0x00000065 PA:0x00020000 store:0x00000065 load:0x00000000
00354303	lbu	x6,3(x10)	 x10:0x00101a18  x6=0x00000073 PA:0x00101a1b store:0x00000000
04030263	beq	x6,x0,100110	  x6:0x00000073  x0:0x00000000
0067a023	sw	x6,0(x15)	 x15:0x00020000  x6:0x00000073 PA:0x00020000 store:0x00000073 load:0x00000000
00454383	lbu	x7,4(x10)	 x10:0x00101a18  x7=0x00000075 PA:0x00101a1c store:0x00000000
02038c63	beq	x7,x0,100110	  x7:0x00000075  x0:0x00000000
0077a023	sw	x7,0(x15)	 x15:0x00020000  x7:0x00000075 PA:0x00020000 store:0x00000075 load:0x00000000
00554583	lbu	x11,5(x10)	 x10:0x00101a18 x11=0x0000006c PA:0x00101a1d store:0x00000065
02058663	beq	x11,x0,100110	 x11:0x0000006c  x0:0x00000000
00b7a023	sw	x11,0(x15)	 x15:0x00020000 x11:0x0000006c PA:0x00020000 store:0x0000006c load:0x00000000
00654603	lbu	x12,6(x10)	 x10:0x00101a18 x12=0x00000074 PA:0x00101a1e store:0x00000073
02060063	beq	x12,x0,100110	 x12:0x00000074  x0:0x00000000
00c7a023	sw	x12,0(x15)	 x15:0x00020000 x12:0x00000074 PA:0x00020000 store:0x00000074 load:0x00000000
00754683	lbu	x13,7(x10)	 x10:0x00101a18 x13=0x0000003a PA:0x00101a1f store:0x00000075
00850513	addi	x10,x10,8	 x10:0x00101a18 x10=0x00101a20
00068863	beq	x13,x0,100110	 x13:0x0000003a  x0:0x00000000
00d7a023	sw	x13,0(x15)	 x15:0x00020000 x13:0x0000003a PA:0x00020000 store:0x0000003a load:0x00000000
00054803	lbu	x16,0(x10)	 x10:0x00101a20 x16=0x00000020 PA:0x00101a20 store:0x00000000
fa0810e3	bne	x16,x0,1000ac	 x16:0x00000020  x0:0x00000000
0107a023	sw	x16,0(x15)	 x15:0x00020000 x16:0x00000020 PA:0x00020000 store:0x00000020 load:0x00000000
00154703	lbu	x14,1(x10)	 x10:0x00101a20 x14=0x00000000 PA:0x00101a21 store:0x00101384
04070e63	beq	x14,x0,100110	 x14:0x00000000  x0:0x00000000
00000513	addi	x10,x0,0	  x0:0x00000000 x10=0x00000000
00008067	jalr	x0,0(x1)	  x1:0x00101384  x0=0x00000000
cf8a2503	lw	x10,-776(x20)	 x20:0x00102000 x10=0x3f8cf199 PA:0x00101cf8 store:0x00000004
002c0d93	addi	x27,x24,2	 x24:0x00000004 x27=0x00000006
d95fe0ef	jal	x1,100120	  x1=0x00101390
01c55793	srli	x15,x10,0x1c	 x10:0x3f8cf199 x15=0x00000003
00900713	addi	x14,x0,9	  x0:0x00000000 x14=0x00000009
0cf77a63	bgeu	x14,x15,1001fc	 x14:0x00000009 x15:0x00000003
03078393	addi	x7,x15,48	 x15:0x00000003  x7=0x00000033
000205b7	lui	x11,0x20	 x11=0x00020000
00451613	slli	x12,x10,0x4	 x10:0x3f8cf199 x12=0xf8cf1990
0075a023	sw	x7,0(x11)	 x11:0x00020000  x7:0x00000033 PA:0x00020000 store:0x00000033 load:0x00000000
01c65693	srli	x13,x12,0x1c	 x12:0xf8cf1990 x13=0x0000000f
00900813	addi	x16,x0,9	  x0:0x00000000 x16=0x00000009
f2d86ae3	bltu	x16,x13,100148	 x16:0x00000009 x13:0x0000000f
03768893	addi	x17,x13,55	 x13:0x0000000f x17=0x00000046
00020e37	lui	x28,0x20	 x28=0x00020000
00851f93	slli	x31,x10,0x8	 x10:0x3f8cf199 x31=0x8cf19900
011e2023	sw	x17,0(x28)	 x28:0x00020000 x17:0x00000046 PA:0x00020000 store:0x00000046 load:0x00000000
01cfd793	srli	x15,x31,0x1c	 x31:0x8cf19900 x15=0x00000008
00900713	addi	x14,x0,9	  x0:0x00000000 x14=0x00000009
0cf77a63	bgeu	x14,x15,100234	 x14:0x00000009 x15:0x00000008
03078393	addi	x7,x15,48	 x15:0x00000008  x7=0x00000038
000205b7	lui	x11,0x20	 x11=0x00020000
00c51613	slli	x12,x10,0xc	 x10:0x3f8cf199 x12=0xcf199000
0075a023	sw	x7,0(x11)	 x11:0x00020000  x7:0x00000038 PA:0x00020000 store:0x00000038 load:0x00000000
01c65693	srli	x13,x12,0x1c	 x12:0xcf199000 x13=0x0000000c
00900813	addi	x16,x0,9	  x0:0x00000000 x16=0x00000009
f2d86ae3	bltu	x16,x13,100180	 x16:0x00000009 x13:0x0000000c
03768893	addi	x17,x13,55	 x13:0x0000000c x17=0x00000043
00020e37	lui	x28,0x20	 x28=0x00020000
01051f93	slli	x31,x10,0x10	 x10:0x3f8cf199 x31=0xf1990000
011e2023	sw	x17,0(x28)	 x28:0x00020000 x17:0x00000043 PA:0x00020000 store:0x00000043 load:0x00000000
01cfd793	srli	x15,x31,0x1c	 x31:0xf1990000 x15=0x0000000f
00900713	addi	x14,x0,9	  x0:0x00000000 x14=0x00000009
0cf77a63	bgeu	x14,x15,10026c	 x14:0x00000009 x15:0x0000000f
03778293	addi	x5,x15,55	 x15:0x0000000f  x5=0x00000046
00020337	lui	x6,0x20	  x6=0x00020000
01451613	slli	x12,x10,0x14	 x10:0x3f8cf199 x12=0x19900000
00532023	sw	x5,0(x6)	  x6:0x00020000  x5:0x00000046 PA:0x00020000 store:0x00000046 load:0x00000000
01c65693	srli	x13,x12,0x1c	 x12:0x19900000 x13=0x00000001
00900813	addi	x16,x0,9	  x0:0x00000000 x16=0x00000009
0cd87a63	bgeu	x16,x13,100288	 x16:0x00000009 x13:0x00000001
03068e93	addi	x29,x13,48	 x13:0x00000001 x29=0x00000031
00020f37	lui	x30,0x20	 x30=0x00020000
01851f93	slli	x31,x10,0x18	 x10:0x3f8cf199 x31=0x99000000
01df2023	sw	x29,0(x30)	 x30:0x00020000 x29:0x00000031 PA:0x00020000 store:0x00000031 load:0x00000000
01cfd793	srli	x15,x31,0x1c	 x31:0x99000000 x15=0x00000009
00900713	addi	x14,x0,9	  x0:0x00000000 x14=0x00000009
f2f76ae3	bltu	x14,x15,1001d4	 x14:0x00000009 x15:0x00000009
03078393	addi	x7,x15,48	 x15:0x00000009  x7=0x00000039
000205b7	lui	x11,0x20	 x11=0x00020000
0075a023	sw	x7,0(x11)	 x11:0x00020000  x7:0x00000039 PA:0x00020000 store:0x00000039 load:0x00000000
00f57513	andi	x10,x10,15	 x10:0x3f8cf199 x10=0x00000009
00900613	addi	x12,x0,9	  x0:0x00000000 x12=0x00000009
f2a67ae3	bgeu	x12,x10,1001ec	 x12:0x00000009 x10:0x00000009
03050893	addi	x17,x10,48	 x10:0x00000009 x17=0x00000039
00020e37	lui	x28,0x20	 x28=0x00020000
011e2023	sw	x17,0(x28)	 x28:0x00020000 x17:0x00000039 PA:0x00020000 store:0x00000039 load:0x00000000
00008067	jalr	x0,0(x1)	  x1:0x00101390  x0=0x00000000
d089a807	flw	f16,-760(x19)	 f19:0x00102000 f16=0x00000000 PA:0x00101d08 store:0x3f9b3246
a10a8513	addi	x10,x21,-1520	 x21:0x00102000 x10=0x00101a10
580878d3	fsqrt.s	f17,f16	 f16:0x00000009 f17=0x00000000
d119a427	fsw	f17,-760(x19)	 f19:0x00102000 f17:0x00000039 PA:0x00101d08 store:0x3f8650e8 load:0x3f8cf199
d089a907	flw	f18,-760(x19)	 f19:0x00102000 f18=0x00000000 PA:0x00101d08 store:0x3f9b3246
e00907d3	fmv.x.w	x15,f18	 f18:0x00102000 x15=0x3f8650e8
cefa2c23	sw	x15,-776(x20)	 x20:0x00102000 x15:0x3f8650e8 PA:0x00101cf8 store:0x3f8650e8 load:0x3f8650e8
cf5fe0ef	jal	x1,1000a0	  x1=0x001013b0
00054803	lbu	x16,0(x10)	 x10:0x00101a10 x16=0x0000000a PA:0x00101a10 store:0x00000000
06080663	beq	x16,x0,100110	 x16:0x0000000a  x0:0x00000000
000207b7	lui	x15,0x20	 x15=0x00020000
0107a023	sw	x16,0(x15)	 x15:0x00020000 x16:0x0000000a PA:0x00020000 store:0x0000000a load:0x00000000
00154703	lbu	x14,1(x10)	 x10:0x00101a10 x14=0x00000020 PA:0x00101a11 store:0x001013b0
04070e63	beq	x14,x0,100110	 x14:0x00000020  x0:0x00000000
00e7a023	sw	x14,0(x15)	 x15:0x00020000 x14:0x00000020 PA:0x00020000 store:0x00000020 load:0x00000000
00254283	lbu	x5,2(x10)	 x10:0x00101a10  x5=0x00000069 PA:0x00101a12 store:0x00137fa0
04028863	beq	x5,x0,100110	  x5:0x00000069  x0:0x00000000
0057a023	sw	x5,0(x15)	 x15:0x00020000  x5:0x00000069 PA:0x00020000 store:0x00000069 load:0x00000000
00354303	lbu	x6,3(x10)	 x10:0x00101a10  x6=0x0000003d PA:0x00101a13 store:0x00000000
04030263	beq	x6,x0,100110	  x6:0x0000003d  x0:0x00000000
0067a023	sw	x6,0(x15)	 x15:0x00020000  x6:0x0000003d PA:0x00020000 store:0x0000003d load:0x00000000
00454383	lbu	x7,4(x10)	 x10:0x00101a10  x7=0x00000000 PA:0x00101a14 store:0x00000000
02038c63	beq	x7,x0,100110	  x7:0x00000000  x0:0x00000000
00000513	addi	x10,x0,0	  x0:0x00000000 x10=0x00000000
00008067	jalr	x0,0(x1)	  x1:0x001013b0  x0=0x00000000
000d8513	addi	x10,x27,0	 x27:0x00000006 x10=0x00000006
d6dfe0ef	jal	x1,100120	  x1=0x001013b8
01c55793	srli	x15,x10,0x1c	 x10:0x00000006 x15=0x00000000
00900713	addi	x14,x0,9	  x0:0x00000000 x14=0x00000009
0cf77a63	bgeu	x14,x15,1001fc	 x14:0x00000009 x15:0x00000000
03078393	addi	x7,x15,48	 x15:0x00000000  x7=0x00000030
000205b7	lui	x11,0x20	 x11=0x00020000
00451613	slli	x12,x10,0x4	 x10:0x00000006 x12=0x00000060
0075a023	sw	x7,0(x11)	 x11:0x00020000  x7:0x00000030 PA:0x00020000 store:0x00000030 load:0x00000000
01c65693	srli	x13,x12,0x1c	 x12:0x00000060 x13=0x00000000
00900813	addi	x16,x0,9	  x0:0x00000000 x16=0x00000009
f2d86ae3	bltu	x16,x13,100148	 x16:0x00000009 x13:0x00000000
03068e93	addi	x29,x13,48	 x13:0x00000000 x29=0x00000030
00020f37	lui	x30,0x20	 x30=0x00020000
00851f93	slli	x31,x10,0x8	 x10:0x00000006 x31=0x00000600
01df2023	sw	x29,0(x30)	 x30:0x00020000 x29:0x00000030 PA:0x00020000 store:0x00000030 load:0x00000000
01cfd793	srli	x15,x31,0x1c	 x31:0x00000600 x15=0x00000000
00900713	addi	x14,x0,9	  x0:0x00000000 x14=0x00000009
f2f76ae3	bltu	x14,x15,100164	 x14:0x00000009 x15:0x00000000
03078393	addi	x7,x15,48	 x15:0x00000000  x7=0x00000030
000205b7	lui	x11,0x20	 x11=0x00020000
00c51613	slli	x12,x10,0xc	 x10:0x00000006 x12=0x00006000
0075a023	sw	x7,0(x11)	 x11:0x00020000  x7:0x00000030 PA:0x00020000 store:0x00000030 load:0x00000000
01c65693	srli	x13,x12,0x1c	 x12:0x00006000 x13=0x00000000
00900813	addi	x16,x0,9	  x0:0x00000000 x16=0x00000009
f2d86ae3	bltu	x16,x13,100180	 x16:0x00000009 x13:0x00000000
03068e93	addi	x29,x13,48	 x13:0x00000000 x29=0x00000030
00020f37	lui	x30,0x20	 x30=0x00020000
01051f93	slli	x31,x10,0x10	 x10:0x00000006 x31=0x00060000
01df2023	sw	x29,0(x30)	 x30:0x00020000 x29:0x00000030 PA:0x00020000 store:0x00000030 load:0x00000000
01cfd793	srli	x15,x31,0x1c	 x31:0x00060000 x15=0x00000000
00900713	addi	x14,x0,9	  x0:0x00000000 x14=0x00000009
f2f76ae3	bltu	x14,x15,10019c	 x14:0x00000009 x15:0x00000000
03078393	addi	x7,x15,48	 x15:0x00000000  x7=0x00000030
000205b7	lui	x11,0x20	 x11=0x00020000
01451613	slli	x12,x10,0x14	 x10:0x00000006 x12=0x00600000
0075a023	sw	x7,0(x11)	 x11:0x00020000  x7:0x00000030 PA:0x00020000 store:0x00000030 load:0x00000000
01c65693	srli	x13,x12,0x1c	 x12:0x00600000 x13=0x00000000
00900813	addi	x16,x0,9	  x0:0x00000000 x16=0x00000009
f2d86ae3	bltu	x16,x13,1001b8	 x16:0x00000009 x13:0x00000000
03068e93	addi	x29,x13,48	 x13:0x00000000 x29=0x00000030
00020f37	lui	x30,0x20	 x30=0x00020000
01851f93	slli	x31,x10,0x18	 x10:0x00000006 x31=0x06000000
01df2023	sw	x29,0(x30)	 x30:0x00020000 x29:0x00000030 PA:0x00020000 store:0x00000030 load:0x00000000
01cfd793	srli	x15,x31,0x1c	 x31:0x06000000 x15=0x00000000
00900713	addi	x14,x0,9	  x0:0x00000000 x14=0x00000009
f2f76ae3	bltu	x14,x15,1001d4	 x14:0x00000009 x15:0x00000000
03078393	addi	x7,x15,48	 x15:0x00000000  x7=0x00000030
000205b7	lui	x11,0x20	 x11=0x00020000
0075a023	sw	x7,0(x11)	 x11:0x00020000  x7:0x00000030 PA:0x00020000 store:0x00000030 load:0x00000000
00f57513	andi	x10,x10,15	 x10:0x00000006 x10=0x00000006
00900613	addi	x12,x0,9	  x0:0x00000000 x12=0x00000009
f2a67ae3	bgeu	x12,x10,1001ec	 x12:0x00000009 x10:0x00000006
03050893	addi	x17,x10,48	 x10:0x00000006 x17=0x00000036
00020e37	lui	x28,0x20	 x28=0x00020000
011e2023	sw	x17,0(x28)	 x28:0x00020000 x17:0x00000036 PA:0x00020000 store:0x00000036 load:0x00000000
00008067	jalr	x0,0(x1)	  x1:0x001013b8  x0=0x00000000
a18b0513	addi	x10,x22,-1512	 x22:0x00102000 x10=0x00101a18
ce5fe0ef	jal	x1,1000a0	  x1=0x001013c0
00054803	lbu	x16,0(x10)	 x10:0x00101a18 x16=0x00000020 PA:0x00101a18 store:0x00000000
06080663	beq	x16,x0,100110	 x16:0x00000020  x0:0x00000000
000207b7	lui	x15,0x20	 x15=0x00020000
0107a023	sw	x16,0(x15)	 x15:0x00020000 x16:0x00000020 PA:0x00020000 store:0x00000020 load:0x00000000
00154703	lbu	x14,1(x10)	 x10:0x00101a18 x14=0x00000072 PA:0x00101a19 store:0x001013c0
04070e63	beq	x14,x0,100110	 x14:0x00000072  x0:0x00000000
00e7a023	sw	x14,0(x15)	 x15:0x00020000 x14:0x00000072 PA:0x00020000 store:0x00000072 load:0x00000000
00254283	lbu	x5,2(x10)	 x10:0x00101a18  x5=0x00000065 PA:0x00101a1a store:0x00137fa0
04028863	beq	x5,x0,100110	  x5:0x00000065  x0:0x00000000
0057a023	sw	x5,0(x15)	 x15:0x00020000  x5:0x00000065 PA:0x00020000 store:0x00000065 load:0x00000000
00354303	lbu	x6,3(x10)	 x10:0x00101a18  x6=0x00000073 PA:0x00101a1b store:0x00000000
04030263	beq	x6,x0,100110	  x6:0x00000073  x0:0x00000000
0067a023	sw	x6,0(x15)	 x15:0x00020000  x6:0x00000073 PA:0x00020000 store:0x00000073 load:0x00000000
00454383	lbu	x7,4(x10)	 x10:0x00101a18  x7=0x00000075 PA:0x00101a1c store:0x00000000
02038c63	beq	x7,x0,100110	  x7:0x00000075  x0:0x00000000
0077a023	sw	x7,0(x15)	 x15:0x00020000  x7:0x00000075 PA:0x00020000 store:0x00000075 load:0x00000000
00554583	lbu	x11,5(x10)	 x10:0x00101a18 x11=0x0000006c PA:0x00101a1d store:0x00000065
02058663	beq	x11,x0,100110	 x11:0x0000006c  x0:0x00000000
00b7a023	sw	x11,0(x15)	 x15:0x00020000 x11:0x0000006c PA:0x00020000 store:0x0000006c load:0x00000000
00654603	lbu	x12,6(x10)	 x10:0x00101a18 x12=0x00000074 PA:0x00101a1e store:0x00000073
02060063	beq	x12,x0,100110	 x12:0x00000074  x0:0x00000000
00c7a023	sw	x12,0(x15)	 x15:0x00020000 x12:0x00000074 PA:0x00020000 store:0x00000074 load:0x00000000
00754683	lbu	x13,7(x10)	 x10:0x00101a18 x13=0x0000003a PA:0x00101a1f store:0x00000075
00850513	addi	x10,x10,8	 x10:0x00101a18 x10=0x00101a20
00068863	beq	x13,x0,100110	 x13:0x0000003a  x0:0x00000000
00d7a023	sw	x13,0(x15)	 x15:0x00020000 x13:0x0000003a PA:0x00020000 store:0x0000003a load:0x00000000
00054803	lbu	x16,0(x10)	 x10:0x00101a20 x16=0x00000020 PA:0x00101a20 store:0x00000000
fa0810e3	bne	x16,x0,1000ac	 x16:0x00000020  x0:0x00000000
0107a023	sw	x16,0(x15)	 x15:0x00020000 x16:0x00000020 PA:0x00020000 store:0x00000020 load:0x00000000
00154703	lbu	x14,1(x10)	 x10:0x00101a20 x14=0x00000000 PA:0x00101a21 store:0x001013c0
04070e63	beq	x14,x0,100110	 x14:0x00000000  x0:0x00000000
00000513	addi	x10,x0,0	  x0:0x00000000 x10=0x00000000
00008067	jalr	x0,0(x1)	  x1:0x001013c0  x0=0x00000000
cf8a2503	lw	x10,-776(x20)	 x20:0x00102000 x10=0x3f8650e8 PA:0x00101cf8 store:0x00000004
003c0d93	addi	x27,x24,3	 x24:0x00000004 x27=0x00000007
004c0c13	addi	x24,x24,4	 x24:0x00000004 x24=0x00000008
d55fe0ef	jal	x1,100120	  x1=0x001013d0
01c55793	srli	x15,x10,0x1c	 x10:0x3f8650e8 x15=0x00000003
00900713	addi	x14,x0,9	  x0:0x00000000 x14=0x00000009
0cf77a63	bgeu	x14,x15,1001fc	 x14:0x00000009 x15:0x00000003
03078393	addi	x7,x15,48	 x15:0x00000003  x7=0x00000033
000205b7	lui	x11,0x20	 x11=0x00020000
00451613	slli	x12,x10,0x4	 x10:0x3f8650e8 x12=0xf8650e80
0075a023	sw	x7,0(x11)	 x11:0x00020000  x7:0x00000033 PA:0x00020000 store:0x00000033 load:0x00000000
01c65693	srli	x13,x12,0x1c	 x12:0xf8650e80 x13=0x0000000f
00900813	addi	x16,x0,9	  x0:0x00000000 x16=0x00000009
f2d86ae3	bltu	x16,x13,100148	 x16:0x00000009 x13:0x0000000f
03768893	addi	x17,x13,55	 x13:0x0000000f x17=0x00000046
00020e37	lui	x28,0x20	 x28=0x00020000
00851f93	slli	x31,x10,0x8	 x10:0x3f8650e8 x31=0x8650e800
011e2023	sw	x17,0(x28)	 x28:0x00020000 x17:0x00000046 PA:0x00020000 store:0x00000046 load:0x00000000
01cfd793	srli	x15,x31,0x1c	 x31:0x8650e800 x15=0x00000008
00900713	addi	x14,x0,9	  x0:0x00000000 x14=0x00000009
0cf77a63	bgeu	x14,x15,100234	 x14:0x00000009 x15:0x00000008
03078393	addi	x7,x15,48	 x15:0x00000008  x7=0x00000038
000205b7	lui	x11,0x20	 x11=0x00020000
00c51613	slli	x12,x10,0xc	 x10:0x3f8650e8 x12=0x650e8000
0075a023	sw	x7,0(x11)	 x11:0x00020000  x7:0x00000038 PA:0x00020000 store:0x00000038 load:0x00000000
01c65693	srli	x13,x12,0x1c	 x12:0x650e8000 x13=0x00000006
00900813	addi	x16,x0,9	  x0:0x00000000 x16=0x00000009
f2d86ae3	bltu	x16,x13,100180	 x16:0x00000009 x13:0x00000006
03068e93	addi	x29,x13,48	 x13:0x00000006 x29=0x00000036
00020f37	lui	x30,0x20	 x30=0x00020000
01051f93	slli	x31,x10,0x10	 x10:0x3f8650e8 x31=0x50e80000
01df2023	sw	x29,0(x30)	 x30:0x00020000 x29:0x00000036 PA:0x00020000 store:0x00000036 load:0x00000000
01cfd793	srli	x15,x31,0x1c	 x31:0x50e80000 x15=0x00000005
00900713	addi	x14,x0,9	  x0:0x00000000 x14=0x00000009
f2f76ae3	bltu	x14,x15,10019c	 x14:0x00000009 x15:0x00000005
03078393	addi	x7,x15,48	 x15:0x00000005  x7=0x00000035
000205b7	lui	x11,0x20	 x11=0x00020000
01451613	slli	x12,x10,0x14	 x10:0x3f8650e8 x12=0x0e800000
0075a023	sw	x7,0(x11)	 x11:0x00020000  x7:0x00000035 PA:0x00020000 store:0x00000035 load:0x00000000
01c65693	srli	x13,x12,0x1c	 x12:0x0e800000 x13=0x00000000
00900813	addi	x16,x0,9	  x0:0x00000000 x16=0x00000009
f2d86ae3	bltu	x16,x13,1001b8	 x16:0x00000009 x13:0x00000000
03068e93	addi	x29,x13,48	 x13:0x00000000 x29=0x00000030
00020f37	lui	x30,0x20	 x30=0x00020000
01851f93	slli	x31,x10,0x18	 x10:0x3f8650e8 x31=0xe8000000
01df2023	sw	x29,0(x30)	 x30:0x00020000 x29:0x00000030 PA:0x00020000 store:0x00000030 load:0x00000000
01cfd793	srli	x15,x31,0x1c	 x31:0xe8000000 x15=0x0000000e
00900713	addi	x14,x0,9	  x0:0x00000000 x14=0x00000009
f2f76ae3	bltu	x14,x15,1001d4	 x14:0x00000009 x15:0x0000000e
03778293	addi	x5,x15,55	 x15:0x0000000e  x5=0x00000045
00020337	lui	x6,0x20	  x6=0x00020000
00532023	sw	x5,0(x6)	  x6:0x00020000  x5:0x00000045 PA:0x00020000 store:0x00000045 load:0x00000000
00f57513	andi	x10,x10,15	 x10:0x3f8650e8 x10=0x00000008
00900613	addi	x12,x0,9	  x0:0x00000000 x12=0x00000009
0ca66a63	bltu	x12,x10,1002bc	 x12:0x00000009 x10:0x00000008
03050893	addi	x17,x10,48	 x10:0x00000008 x17=0x00000038
00020e37	lui	x28,0x20	 x28=0x00020000
011e2023	sw	x17,0(x28)	 x28:0x00020000 x17:0x00000038 PA:0x00020000 store:0x00000038 load:0x00000000
00008067	jalr	x0,0(x1)	  x1:0x001013d0  x0=0x00000000
a10a8513	addi	x10,x21,-1520	 x21:0x00102000 x10=0x00101a10
d089a987	flw	f19,-760(x19)	 f19:0x00102000 f19=0x00000000 PA:0x00101d08 store:0x3f9b3246
5809fa53	fsqrt.s	f20,f19	 f19:0x00102000 f20=0x00000000
d149a427	fsw	f20,-760(x19)	 f19:0x00102000 f20:0x00102000 PA:0x00101d08 store:0x3f831eb8 load:0x3f8650e8
d089aa87	flw	f21,-760(x19)	 f19:0x00102000 f21=0x00000000 PA:0x00101d08 store:0x3f9b3246
e00a82d3	fmv.x.w	x5,f21	 f21:0x00102000  x5=0x3f831eb8
ce5a2c23	sw	x5,-776(x20)	 x20:0x00102000  x5:0x3f831eb8 PA:0x00101cf8 store:0x3f831eb8 load:0x3f831eb8
cb5fe0ef	jal	x1,1000a0	  x1=0x001013f0
00054803	lbu	x16,0(x10)	 x10:0x00101a10 x16=0x0000000a PA:0x00101a10 store:0x00000000
06080663	beq	x16,x0,100110	 x16:0x0000000a  x0:0x00000000
000207b7	lui	x15,0x20	 x15=0x00020000
0107a023	sw	x16,0(x15)	 x15:0x00020000 x16:0x0000000a PA:0x00020000 store:0x0000000a load:0x00000000
00154703	lbu	x14,1(x10)	 x10:0x00101a10 x14=0x00000020 PA:0x00101a11 store:0x001013f0
04070e63	beq	x14,x0,100110	 x14:0x00000020  x0:0x00000000
00e7a023	sw	x14,0(x15)	 x15:0x00020000 x14:0x00000020 PA:0x00020000 store:0x00000020 load:0x00000000
00254283	lbu	x5,2(x10)	 x10:0x00101a10  x5=0x00000069 PA:0x00101a12 store:0x00137fa0
04028863	beq	x5,x0,100110	  x5:0x00000069  x0:0x00000000
0057a023	sw	x5,0(x15)	 x15:0x00020000  x5:0x00000069 PA:0x00020000 store:0x00000069 load:0x00000000
00354303	lbu	x6,3(x10)	 x10:0x00101a10  x6=0x0000003d PA:0x00101a13 store:0x00000000
04030263	beq	x6,x0,100110	  x6:0x0000003d  x0:0x00000000
0067a023	sw	x6,0(x15)	 x15:0x00020000  x6:0x0000003d PA:0x00020000 store:0x0000003d load:0x00000000
00454383	lbu	x7,4(x10)	 x10:0x00101a10  x7=0x00000000 PA:0x00101a14 store:0x00000000
02038c63	beq	x7,x0,100110	  x7:0x00000000  x0:0x00000000
00000513	addi	x10,x0,0	  x0:0x00000000 x10=0x00000000
00008067	jalr	x0,0(x1)	  x1:0x001013f0  x0=0x00000000
000d8513	addi	x10,x27,0	 x27:0x00000007 x10=0x00000007
d2dfe0ef	jal	x1,100120	  x1=0x001013f8
01c55793	srli	x15,x10,0x1c	 x10:0x00000007 x15=0x00000000
00900713	addi	x14,x0,9	  x0:0x00000000 x14=0x00000009
0cf77a63	bgeu	x14,x15,1001fc	 x14:0x00000009 x15:0x00000000
03078393	addi	x7,x15,48	 x15:0x00000000  x7=0x00000030
000205b7	lui	x11,0x20	 x11=0x00020000
00451613	slli	x12,x10,0x4	 x10:0x00000007 x12=0x00000070
0075a023	sw	x7,0(x11)	 x11:0x00020000  x7:0x00000030 PA:0x00020000 store:0x00000030 load:0x00000000
01c65693	srli	x13,x12,0x1c	 x12:0x00000070 x13=0x00000000
00900813	addi	x16,x0,9	  x0:0x00000000 x16=0x00000009
f2d86ae3	bltu	x16,x13,100148	 x16:0x00000009 x13:0x00000000
03068e93	addi	x29,x13,48	 x13:0x00000000 x29=0x00000030
00020f37	lui	x30,0x20	 x30=0x00020000
00851f93	slli	x31,x10,0x8	 x10:0x00000007 x31=0x00000700
01df2023	sw	x29,0(x30)	 x30:0x00020000 x29:0x00000030 PA:0x00020000 store:0x00000030 load:0x00000000
01cfd793	srli	x15,x31,0x1c	 x31:0x00000700 x15=0x00000000
00900713	addi	x14,x0,9	  x0:0x00000000 x14=0x00000009
f2f76ae3	bltu	x14,x15,100164	 x14:0x00000009 x15:0x00000000
03078393	addi	x7,x15,48	 x15:0x00000000  x7=0x00000030
000205b7	lui	x11,0x20	 x11=0x00020000
00c51613	slli	x12,x10,0xc	 x10:0x00000007 x12=0x00007000
0075a023	sw	x7,0(x11)	 x11:0x00020000  x7:0x00000030 PA:0x00020000 store:0x00000030 load:0x00000000
01c65693	srli	x13,x12,0x1c	 x12:0x00007000 x13=0x00000000
00900813	addi	x16,x0,9	  x0:0x00000000 x16=0x00000009
f2d86ae3	bltu	x16,x13,100180	 x16:0x00000009 x13:0x00000000
03068e93	addi	x29,x13,48	 x13:0x00000000 x29=0x00000030
00020f37	lui	x30,0x20	 x30=0x00020000
01051f93	slli	x31,x10,0x10	 x10:0x00000007 x31=0x00070000
01df2023	sw	x29,0(x30)	 x30:0x00020000 x29:0x00000030 PA:0x00020000 store:0x00000030 load:0x00000000
01cfd793	srli	x15,x31,0x1c	 x31:0x00070000 x15=0x00000000
00900713	addi	x14,x0,9	  x0:0x00000000 x14=0x00000009
f2f76ae3	bltu	x14,x15,10019c	 x14:0x00000009 x15:0x00000000
03078393	addi	x7,x15,48	 x15:0x00000000  x7=0x00000030
000205b7	lui	x11,0x20	 x11=0x00020000
01451613	slli	x12,x10,0x14	 x10:0x00000007 x12=0x00700000
0075a023	sw	x7,0(x11)	 x11:0x00020000  x7:0x00000030 PA:0x00020000 store:0x00000030 load:0x00000000
01c65693	srli	x13,x12,0x1c	 x12:0x00700000 x13=0x00000000
00900813	addi	x16,x0,9	  x0:0x00000000 x16=0x00000009
f2d86ae3	bltu	x16,x13,1001b8	 x16:0x00000009 x13:0x00000000
03068e93	addi	x29,x13,48	 x13:0x00000000 x29=0x00000030
00020f37	lui	x30,0x20	 x30=0x00020000
01851f93	slli	x31,x10,0x18	 x10:0x00000007 x31=0x07000000
01df2023	sw	x29,0(x30)	 x30:0x00020000 x29:0x00000030 PA:0x00020000 store:0x00000030 load:0x00000000
01cfd793	srli	x15,x31,0x1c	 x31:0x07000000 x15=0x00000000
00900713	addi	x14,x0,9	  x0:0x00000000 x14=0x00000009
f2f76ae3	bltu	x14,x15,1001d4	 x14:0x00000009 x15:0x00000000
03078393	addi	x7,x15,48	 x15:0x00000000  x7=0x00000030
000205b7	lui	x11,0x20	 x11=0x00020000
0075a023	sw	x7,0(x11)	 x11:0x00020000  x7:0x00000030 PA:0x00020000 store:0x00000030 load:0x00000000
00f57513	andi	x10,x10,15	 x10:0x00000007 x10=0x00000007
00900613	addi	x12,x0,9	  x0:0x00000000 x12=0x00000009
f2a67ae3	bgeu	x12,x10,1001ec	 x12:0x00000009 x10:0x00000007
03050893	addi	x17,x10,48	 x10:0x00000007 x17=0x00000037
00020e37	lui	x28,0x20	 x28=0x00020000
011e2023	sw	x17,0(x28)	 x28:0x00020000 x17:0x00000037 PA:0x00020000 store:0x00000037 load:0x00000000
00008067	jalr	x0,0(x1)	  x1:0x001013f8  x0=0x00000000
a18b0513	addi	x10,x22,-1512	 x22:0x00102000 x10=0x00101a18
ca5fe0ef	jal	x1,1000a0	  x1=0x00101400
00054803	lbu	x16,0(x10)	 x10:0x00101a18 x16=0x00000020 PA:0x00101a18 store:0x00000000
06080663	beq	x16,x0,100110	 x16:0x00000020  x0:0x00000000
000207b7	lui	x15,0x20	 x15=0x00020000
0107a023	sw	x16,0(x15)	 x15:0x00020000 x16:0x00000020 PA:0x00020000 store:0x00000020 load:0x00000000
00154703	lbu	x14,1(x10)	 x10:0x00101a18 x14=0x00000072 PA:0x00101a19 store:0x00101400
04070e63	beq	x14,x0,100110	 x14:0x00000072  x0:0x00000000
00e7a023	sw	x14,0(x15)	 x15:0x00020000 x14:0x00000072 PA:0x00020000 store:0x00000072 load:0x00000000
00254283	lbu	x5,2(x10)	 x10:0x00101a18  x5=0x00000065 PA:0x00101a1a store:0x00137fa0
04028863	beq	x5,x0,100110	  x5:0x00000065  x0:0x00000000
0057a023	sw	x5,0(x15)	 x15:0x00020000  x5:0x00000065 PA:0x00020000 store:0x00000065 load:0x00000000
00354303	lbu	x6,3(x10)	 x10:0x00101a18  x6=0x00000073 PA:0x00101a1b store:0x00000000
04030263	beq	x6,x0,100110	  x6:0x00000073  x0:0x00000000
0067a023	sw	x6,0(x15)	 x15:0x00020000  x6:0x00000073 PA:0x00020000 store:0x00000073 load:0x00000000
00454383	lbu	x7,4(x10)	 x10:0x00101a18  x7=0x00000075 PA:0x00101a1c store:0x00000000
02038c63	beq	x7,x0,100110	  x7:0x00000075  x0:0x00000000
0077a023	sw	x7,0(x15)	 x15:0x00020000  x7:0x00000075 PA:0x00020000 store:0x00000075 load:0x00000000
00554583	lbu	x11,5(x10)	 x10:0x00101a18 x11=0x0000006c PA:0x00101a1d store:0x00000065
02058663	beq	x11,x0,100110	 x11:0x0000006c  x0:0x00000000
00b7a023	sw	x11,0(x15)	 x15:0x00020000 x11:0x0000006c PA:0x00020000 store:0x0000006c load:0x00000000
00654603	lbu	x12,6(x10)	 x10:0x00101a18 x12=0x00000074 PA:0x00101a1e store:0x00000073
02060063	beq	x12,x0,100110	 x12:0x00000074  x0:0x00000000
00c7a023	sw	x12,0(x15)	 x15:0x00020000 x12:0x00000074 PA:0x00020000 store:0x00000074 load:0x00000000
00754683	lbu	x13,7(x10)	 x10:0x00101a18 x13=0x0000003a PA:0x00101a1f store:0x00000075
00850513	addi	x10,x10,8	 x10:0x00101a18 x10=0x00101a20
00068863	beq	x13,x0,100110	 x13:0x0000003a  x0:0x00000000
00d7a023	sw	x13,0(x15)	 x15:0x00020000 x13:0x0000003a PA:0x00020000 store:0x0000003a load:0x00000000
00054803	lbu	x16,0(x10)	 x10:0x00101a20 x16=0x00000020 PA:0x00101a20 store:0x00000000
fa0810e3	bne	x16,x0,1000ac	 x16:0x00000020  x0:0x00000000
0107a023	sw	x16,0(x15)	 x15:0x00020000 x16:0x00000020 PA:0x00020000 store:0x00000020 load:0x00000000
00154703	lbu	x14,1(x10)	 x10:0x00101a20 x14=0x00000000 PA:0x00101a21 store:0x00101400
04070e63	beq	x14,x0,100110	 x14:0x00000000  x0:0x00000000
00000513	addi	x10,x0,0	  x0:0x00000000 x10=0x00000000
00008067	jalr	x0,0(x1)	  x1:0x00101400  x0=0x00000000
cf8a2503	lw	x10,-776(x20)	 x20:0x00102000 x10=0x3f831eb8 PA:0x00101cf8 store:0x00000008
d1dfe0ef	jal	x1,100120	  x1=0x00101408
01c55793	srli	x15,x10,0x1c	 x10:0x3f831eb8 x15=0x00000003
00900713	addi	x14,x0,9	  x0:0x00000000 x14=0x00000009
0cf77a63	bgeu	x14,x15,1001fc	 x14:0x00000009 x15:0x00000003
03078393	addi	x7,x15,48	 x15:0x00000003  x7=0x00000033
000205b7	lui	x11,0x20	 x11=0x00020000
00451613	slli	x12,x10,0x4	 x10:0x3f831eb8 x12=0xf831eb80
0075a023	sw	x7,0(x11)	 x11:0x00020000  x7:0x00000033 PA:0x00020000 store:0x00000033 load:0x00000000
01c65693	srli	x13,x12,0x1c	 x12:0xf831eb80 x13=0x0000000f
00900813	addi	x16,x0,9	  x0:0x00000000 x16=0x00000009
f2d86ae3	bltu	x16,x13,100148	 x16:0x00000009 x13:0x0000000f
03768893	addi	x17,x13,55	 x13:0x0000000f x17=0x00000046
00020e37	lui	x28,0x20	 x28=0x00020000
00851f93	slli	x31,x10,0x8	 x10:0x3f831eb8 x31=0x831eb800
011e2023	sw	x17,0(x28)	 x28:0x00020000 x17:0x00000046 PA:0x00020000 store:0x00000046 load:0x00000000
01cfd793	srli	x15,x31,0x1c	 x31:0x831eb800 x15=0x00000008
00900713	addi	x14,x0,9	  x0:0x00000000 x14=0x00000009
0cf77a63	bgeu	x14,x15,100234	 x14:0x00000009 x15:0x00000008
03078393	addi	x7,x15,48	 x15:0x00000008  x7=0x00000038
000205b7	lui	x11,0x20	 x11=0x00020000
00c51613	slli	x12,x10,0xc	 x10:0x3f831eb8 x12=0x31eb8000
0075a023	sw	x7,0(x11)	 x11:0x00020000  x7:0x00000038 PA:0x00020000 store:0x00000038 load:0x00000000
01c65693	srli	x13,x12,0x1c	 x12:0x31eb8000 x13=0x00000003
00900813	addi	x16,x0,9	  x0:0x00000000 x16=0x00000009
f2d86ae3	bltu	x16,x13,100180	 x16:0x00000009 x13:0x00000003
03068e93	addi	x29,x13,48	 x13:0x00000003 x29=0x00000033
00020f37	lui	x30,0x20	 x30=0x00020000
01051f93	slli	x31,x10,0x10	 x10:0x3f831eb8 x31=0x1eb80000
01df2023	sw	x29,0(x30)	 x30:0x00020000 x29:0x00000033 PA:0x00020000 store:0x00000033 load:0x00000000
01cfd793	srli	x15,x31,0x1c	 x31:0x1eb80000 x15=0x00000001
00900713	addi	x14,x0,9	  x0:0x00000000 x14=0x00000009
f2f76ae3	bltu	x14,x15,10019c	 x14:0x00000009 x15:0x00000001
03078393	addi	x7,x15,48	 x15:0x00000001  x7=0x00000031
000205b7	lui	x11,0x20	 x11=0x00020000
01451613	slli	x12,x10,0x14	 x10:0x3f831eb8 x12=0xeb800000
0075a023	sw	x7,0(x11)	 x11:0x00020000  x7:0x00000031 PA:0x00020000 store:0x00000031 load:0x00000000
01c65693	srli	x13,x12,0x1c	 x12:0xeb800000 x13=0x0000000e
00900813	addi	x16,x0,9	  x0:0x00000000 x16=0x00000009
f2d86ae3	bltu	x16,x13,1001b8	 x16:0x00000009 x13:0x0000000e
03768893	addi	x17,x13,55	 x13:0x0000000e x17=0x00000045
00020e37	lui	x28,0x20	 x28=0x00020000
01851f93	slli	x31,x10,0x18	 x10:0x3f831eb8 x31=0xb8000000
011e2023	sw	x17,0(x28)	 x28:0x00020000 x17:0x00000045 PA:0x00020000 store:0x00000045 load:0x00000000
01cfd793	srli	x15,x31,0x1c	 x31:0xb8000000 x15=0x0000000b
00900713	addi	x14,x0,9	  x0:0x00000000 x14=0x00000009
0cf77a63	bgeu	x14,x15,1002a4	 x14:0x00000009 x15:0x0000000b
03778293	addi	x5,x15,55	 x15:0x0000000b  x5=0x00000042
00020337	lui	x6,0x20	  x6=0x00020000
00532023	sw	x5,0(x6)	  x6:0x00020000  x5:0x00000042 PA:0x00020000 store:0x00000042 load:0x00000000
00f57513	andi	x10,x10,15	 x10:0x3f831eb8 x10=0x00000008
00900613	addi	x12,x0,9	  x0:0x00000000 x12=0x00000009
0ca66a63	bltu	x12,x10,1002bc	 x12:0x00000009 x10:0x00000008
03050893	addi	x17,x10,48	 x10:0x00000008 x17=0x00000038
00020e37	lui	x28,0x20	 x28=0x00020000
011e2023	sw	x17,0(x28)	 x28:0x00020000 x17:0x00000038 PA:0x00020000 store:0x00000038 load:0x00000000
00008067	jalr	x0,0(x1)	  x1:0x00101408  x0=0x00000000
f1ac18e3	bne	x24,x26,101318	 x24:0x00000008 x26:0x00000014
d089a607	flw	f12,-760(x19)	 f19:0x00102000 f12=0x00000000 PA:0x00101d08 store:0x3f9b3246
580676d3	fsqrt.s	f13,f12	 f12:0x00000009 f13=0x00000000
d0d9a427	fsw	f13,-760(x19)	 f19:0x00102000 f13:0x0000000e PA:0x00101d08 store:0x3f818cf4 load:0x3f831eb8
d089a387	flw	f7,-760(x19)	 f19:0x00102000  f7=0x00000000 PA:0x00101d08 store:0x3f9b3246
a10a8513	addi	x10,x21,-1520	 x21:0x00102000 x10=0x00101a10
e00386d3	fmv.x.w	x13,f7	  f7:0x00000031 x13=0x3f818cf4
ceda2c23	sw	x13,-776(x20)	 x20:0x00102000 x13:0x3f818cf4 PA:0x00101cf8 store:0x3f818cf4 load:0x3f818cf4
d6dfe0ef	jal	x1,1000a0	  x1=0x00101338
00054803	lbu	x16,0(x10)	 x10:0x00101a10 x16=0x0000000a PA:0x00101a10 store:0x00000000
06080663	beq	x16,x0,100110	 x16:0x0000000a  x0:0x00000000
000207b7	lui	x15,0x20	 x15=0x00020000
0107a023	sw	x16,0(x15)	 x15:0x00020000 x16:0x0000000a PA:0x00020000 store:0x0000000a load:0x00000000
00154703	lbu	x14,1(x10)	 x10:0x00101a10 x14=0x00000020 PA:0x00101a11 store:0x00101338
04070e63	beq	x14,x0,100110	 x14:0x00000020  x0:0x00000000
00e7a023	sw	x14,0(x15)	 x15:0x00020000 x14:0x00000020 PA:0x00020000 store:0x00000020 load:0x00000000
00254283	lbu	x5,2(x10)	 x10:0x00101a10  x5=0x00000069 PA:0x00101a12 store:0x00137fa0
04028863	beq	x5,x0,100110	  x5:0x00000069  x0:0x00000000
0057a023	sw	x5,0(x15)	 x15:0x00020000  x5:0x00000069 PA:0x00020000 store:0x00000069 load:0x00000000
00354303	lbu	x6,3(x10)	 x10:0x00101a10  x6=0x0000003d PA:0x00101a13 store:0x00000000
04030263	beq	x6,x0,100110	  x6:0x0000003d  x0:0x00000000
0067a023	sw	x6,0(x15)	 x15:0x00020000  x6:0x0000003d PA:0x00020000 store:0x0000003d load:0x00000000
00454383	lbu	x7,4(x10)	 x10:0x00101a10  x7=0x00000000 PA:0x00101a14 store:0x00000000
02038c63	beq	x7,x0,100110	  x7:0x00000000  x0:0x00000000
00000513	addi	x10,x0,0	  x0:0x00000000 x10=0x00000000
00008067	jalr	x0,0(x1)	  x1:0x00101338  x0=0x00000000
000c0513	addi	x10,x24,0	 x24:0x00000008 x10=0x00000008
de5fe0ef	jal	x1,100120	  x1=0x00101340
01c55793	srli	x15,x10,0x1c	 x10:0x00000008 x15=0x00000000
00900713	addi	x14,x0,9	  x0:0x00000000 x14=0x00000009
0cf77a63	bgeu	x14,x15,1001fc	 x14:0x00000009 x15:0x00000000
03078393	addi	x7,x15,48	 x15:0x00000000  x7=0x00000030
000205b7	lui	x11,0x20	 x11=0x00020000
00451613	slli	x12,x10,0x4	 x10:0x00000008 x12=0x00000080
0075a023	sw	x7,0(x11)	 x11:0x00020000  x7:0x00000030 PA:0x00020000 store:0x00000030 load:0x00000000
01c65693	srli	x13,x12,0x1c	 x12:0x00000080 x13=0x00000000
00900813	addi	x16,x0,9	  x0:0x00000000 x16=0x00000009
f2d86ae3	bltu	x16,x13,100148	 x16:0x00000009 x13:0x00000000
03068e93	addi	x29,x13,48	 x13:0x00000000 x29=0x00000030
00020f37	lui	x30,0x20	 x30=0x00020000
00851f93	slli	x31,x10,0x8	 x10:0x00000008 x31=0x00000800
01df2023	sw	x29,0(x30)	 x30:0x00020000 x29:0x00000030 PA:0x00020000 store:0x00000030 load:0x00000000
01cfd793	srli	x15,x31,0x1c	 x31:0x00000800 x15=0x00000000
00900713	addi	x14,x0,9	  x0:0x00000000 x14=0x00000009
f2f76ae3	bltu	x14,x15,100164	 x14:0x00000009 x15:0x00000000
03078393	addi	x7,x15,48	 x15:0x00000000  x7=0x00000030
000205b7	lui	x11,0x20	 x11=0x00020000
00c51613	slli	x12,x10,0xc	 x10:0x00000008 x12=0x00008000
0075a023	sw	x7,0(x11)	 x11:0x00020000  x7:0x00000030 PA:0x00020000 store:0x00000030 load:0x00000000
01c65693	srli	x13,x12,0x1c	 x12:0x00008000 x13=0x00000000
00900813	addi	x16,x0,9	  x0:0x00000000 x16=0x00000009
f2d86ae3	bltu	x16,x13,100180	 x16:0x00000009 x13:0x00000000
03068e93	addi	x29,x13,48	 x13:0x00000000 x29=0x00000030
00020f37	lui	x30,0x20	 x30=0x00020000
01051f93	slli	x31,x10,0x10	 x10:0x00000008 x31=0x00080000
01df2023	sw	x29,0(x30)	 x30:0x00020000 x29:0x00000030 PA:0x00020000 store:0x00000030 load:0x00000000
01cfd793	srli	x15,x31,0x1c	 x31:0x00080000 x15=0x00000000
00900713	addi	x14,x0,9	  x0:0x00000000 x14=0x00000009
f2f76ae3	bltu	x14,x15,10019c	 x14:0x00000009 x15:0x00000000
03078393	addi	x7,x15,48	 x15:0x00000000  x7=0x00000030
000205b7	lui	x11,0x20	 x11=0x00020000
01451613	slli	x12,x10,0x14	 x10:0x00000008 x12=0x00800000
0075a023	sw	x7,0(x11)	 x11:0x00020000  x7:0x00000030 PA:0x00020000 store:0x00000030 load:0x00000000
01c65693	srli	x13,x12,0x1c	 x12:0x00800000 x13=0x00000000
00900813	addi	x16,x0,9	  x0:0x00000000 x16=0x00000009
f2d86ae3	bltu	x16,x13,1001b8	 x16:0x00000009 x13:0x00000000
03068e93	addi	x29,x13,48	 x13:0x00000000 x29=0x00000030
00020f37	lui	x30,0x20	 x30=0x00020000
01851f93	slli	x31,x10,0x18	 x10:0x00000008 x31=0x08000000
01df2023	sw	x29,0(x30)	 x30:0x00020000 x29:0x00000030 PA:0x00020000 store:0x00000030 load:0x00000000
01cfd793	srli	x15,x31,0x1c	 x31:0x08000000 x15=0x00000000
00900713	addi	x14,x0,9	  x0:0x00000000 x14=0x00000009
f2f76ae3	bltu	x14,x15,1001d4	 x14:0x00000009 x15:0x00000000
03078393	addi	x7,x15,48	 x15:0x00000000  x7=0x00000030
000205b7	lui	x11,0x20	 x11=0x00020000
0075a023	sw	x7,0(x11)	 x11:0x00020000  x7:0x00000030 PA:0x00020000 store:0x00000030 load:0x00000000
00f57513	andi	x10,x10,15	 x10:0x00000008 x10=0x00000008
00900613	addi	x12,x0,9	  x0:0x00000000 x12=0x00000009
f2a67ae3	bgeu	x12,x10,1001ec	 x12:0x00000009 x10:0x00000008
03050893	addi	x17,x10,48	 x10:0x00000008 x17=0x00000038
00020e37	lui	x28,0x20	 x28=0x00020000
011e2023	sw	x17,0(x28)	 x28:0x00020000 x17:0x00000038 PA:0x00020000 store:0x00000038 load:0x00000000
00008067	jalr	x0,0(x1)	  x1:0x00101340  x0=0x00000000
a18b0513	addi	x10,x22,-1512	 x22:0x00102000 x10=0x00101a18
d5dfe0ef	jal	x1,1000a0	  x1=0x00101348
00054803	lbu	x16,0(x10)	 x10:0x00101a18 x16=0x00000020 PA:0x00101a18 store:0x00000000
06080663	beq	x16,x0,100110	 x16:0x00000020  x0:0x00000000
000207b7	lui	x15,0x20	 x15=0x00020000
0107a023	sw	x16,0(x15)	 x15:0x00020000 x16:0x00000020 PA:0x00020000 store:0x00000020 load:0x00000000
00154703	lbu	x14,1(x10)	 x10:0x00101a18 x14=0x00000072 PA:0x00101a19 store:0x00101348
04070e63	beq	x14,x0,100110	 x14:0x00000072  x0:0x00000000
00e7a023	sw	x14,0(x15)	 x15:0x00020000 x14:0x00000072 PA:0x00020000 store:0x00000072 load:0x00000000
00254283	lbu	x5,2(x10)	 x10:0x00101a18  x5=0x00000065 PA:0x00101a1a store:0x00137fa0
04028863	beq	x5,x0,100110	  x5:0x00000065  x0:0x00000000
0057a023	sw	x5,0(x15)	 x15:0x00020000  x5:0x00000065 PA:0x00020000 store:0x00000065 load:0x00000000
00354303	lbu	x6,3(x10)	 x10:0x00101a18  x6=0x00000073 PA:0x00101a1b store:0x00000000
04030263	beq	x6,x0,100110	  x6:0x00000073  x0:0x00000000
0067a023	sw	x6,0(x15)	 x15:0x00020000  x6:0x00000073 PA:0x00020000 store:0x00000073 load:0x00000000
00454383	lbu	x7,4(x10)	 x10:0x00101a18  x7=0x00000075 PA:0x00101a1c store:0x00000000
02038c63	beq	x7,x0,100110	  x7:0x00000075  x0:0x00000000
0077a023	sw	x7,0(x15)	 x15:0x00020000  x7:0x00000075 PA:0x00020000 store:0x00000075 load:0x00000000
00554583	lbu	x11,5(x10)	 x10:0x00101a18 x11=0x0000006c PA:0x00101a1d store:0x00000065
02058663	beq	x11,x0,100110	 x11:0x0000006c  x0:0x00000000
00b7a023	sw	x11,0(x15)	 x15:0x00020000 x11:0x0000006c PA:0x00020000 store:0x0000006c load:0x00000000
00654603	lbu	x12,6(x10)	 x10:0x00101a18 x12=0x00000074 PA:0x00101a1e store:0x00000073
02060063	beq	x12,x0,100110	 x12:0x00000074  x0:0x00000000
00c7a023	sw	x12,0(x15)	 x15:0x00020000 x12:0x00000074 PA:0x00020000 store:0x00000074 load:0x00000000
00754683	lbu	x13,7(x10)	 x10:0x00101a18 x13=0x0000003a PA:0x00101a1f store:0x00000075
00850513	addi	x10,x10,8	 x10:0x00101a18 x10=0x00101a20
00068863	beq	x13,x0,100110	 x13:0x0000003a  x0:0x00000000
00d7a023	sw	x13,0(x15)	 x15:0x00020000 x13:0x0000003a PA:0x00020000 store:0x0000003a load:0x00000000
00054803	lbu	x16,0(x10)	 x10:0x00101a20 x16=0x00000020 PA:0x00101a20 store:0x00000000
fa0810e3	bne	x16,x0,1000ac	 x16:0x00000020  x0:0x00000000
0107a023	sw	x16,0(x15)	 x15:0x00020000 x16:0x00000020 PA:0x00020000 store:0x00000020 load:0x00000000
00154703	lbu	x14,1(x10)	 x10:0x00101a20 x14=0x00000000 PA:0x00101a21 store:0x00101348
04070e63	beq	x14,x0,100110	 x14:0x00000000  x0:0x00000000
00000513	addi	x10,x0,0	  x0:0x00000000 x10=0x00000000
00008067	jalr	x0,0(x1)	  x1:0x00101348  x0=0x00000000
cf8a2503	lw	x10,-776(x20)	 x20:0x00102000 x10=0x3f818cf4 PA:0x00101cf8 store:0x00000008
001c0d93	addi	x27,x24,1	 x24:0x00000008 x27=0x00000009
dd1fe0ef	jal	x1,100120	  x1=0x00101354
01c55793	srli	x15,x10,0x1c	 x10:0x3f818cf4 x15=0x00000003
00900713	addi	x14,x0,9	  x0:0x00000000 x14=0x00000009
0cf77a63	bgeu	x14,x15,1001fc	 x14:0x00000009 x15:0x00000003
03078393	addi	x7,x15,48	 x15:0x00000003  x7=0x00000033
000205b7	lui	x11,0x20	 x11=0x00020000
00451613	slli	x12,x10,0x4	 x10:0x3f818cf4 x12=0xf818cf40
0075a023	sw	x7,0(x11)	 x11:0x00020000  x7:0x00000033 PA:0x00020000 store:0x00000033 load:0x00000000
01c65693	srli	x13,x12,0x1c	 x12:0xf818cf40 x13=0x0000000f
00900813	addi	x16,x0,9	  x0:0x00000000 x16=0x00000009
f2d86ae3	bltu	x16,x13,100148	 x16:0x00000009 x13:0x0000000f
03768893	addi	x17,x13,55	 x13:0x0000000f x17=0x00000046
00020e37	lui	x28,0x20	 x28=0x00020000
00851f93	slli	x31,x10,0x8	 x10:0x3f818cf4 x31=0x818cf400
011e2023	sw	x17,0(x28)	 x28:0x00020000 x17:0x00000046 PA:0x00020000 store:0x00000046 load:0x00000000
01cfd793	srli	x15,x31,0x1c	 x31:0x818cf400 x15=0x00000008
00900713	addi	x14,x0,9	  x0:0x00000000 x14=0x00000009
0cf77a63	bgeu	x14,x15,100234	 x14:0x00000009 x15:0x00000008
03078393	addi	x7,x15,48	 x15:0x00000008  x7=0x00000038
000205b7	lui	x11,0x20	 x11=0x00020000
00c51613	slli	x12,x10,0xc	 x10:0x3f818cf4 x12=0x18cf4000
0075a023	sw	x7,0(x11)	 x11:0x00020000  x7:0x00000038 PA:0x00020000 store:0x00000038 load:0x00000000
01c65693	srli	x13,x12,0x1c	 x12:0x18cf4000 x13=0x00000001
00900813	addi	x16,x0,9	  x0:0x00000000 x16=0x00000009
f2d86ae3	bltu	x16,x13,100180	 x16:0x00000009 x13:0x00000001
03068e93	addi	x29,x13,48	 x13:0x00000001 x29=0x00000031
00020f37	lui	x30,0x20	 x30=0x00020000
01051f93	slli	x31,x10,0x10	 x10:0x3f818cf4 x31=0x8cf40000
01df2023	sw	x29,0(x30)	 x30:0x00020000 x29:0x00000031 PA:0x00020000 store:0x00000031 load:0x00000000
01cfd793	srli	x15,x31,0x1c	 x31:0x8cf40000 x15=0x00000008
00900713	addi	x14,x0,9	  x0:0x00000000 x14=0x00000009
f2f76ae3	bltu	x14,x15,10019c	 x14:0x00000009 x15:0x00000008
03078393	addi	x7,x15,48	 x15:0x00000008  x7=0x00000038
000205b7	lui	x11,0x20	 x11=0x00020000
01451613	slli	x12,x10,0x14	 x10:0x3f818cf4 x12=0xcf400000
0075a023	sw	x7,0(x11)	 x11:0x00020000  x7:0x00000038 PA:0x00020000 store:0x00000038 load:0x00000000
01c65693	srli	x13,x12,0x1c	 x12:0xcf400000 x13=0x0000000c
00900813	addi	x16,x0,9	  x0:0x00000000 x16=0x00000009
f2d86ae3	bltu	x16,x13,1001b8	 x16:0x00000009 x13:0x0000000c
03768893	addi	x17,x13,55	 x13:0x0000000c x17=0x00000043
00020e37	lui	x28,0x20	 x28=0x00020000
01851f93	slli	x31,x10,0x18	 x10:0x3f818cf4 x31=0xf4000000
011e2023	sw	x17,0(x28)	 x28:0x00020000 x17:0x00000043 PA:0x00020000 store:0x00000043 load:0x00000000
01cfd793	srli	x15,x31,0x1c	 x31:0xf4000000 x15=0x0000000f
00900713	addi	x14,x0,9	  x0:0x00000000 x14=0x00000009
0cf77a63	bgeu	x14,x15,1002a4	 x14:0x00000009 x15:0x0000000f
03778293	addi	x5,x15,55	 x15:0x0000000f  x5=0x00000046
00020337	lui	x6,0x20	  x6=0x00020000
00532023	sw	x5,0(x6)	  x6:0x00020000  x5:0x00000046 PA:0x00020000 store:0x00000046 load:0x00000000
00f57513	andi	x10,x10,15	 x10:0x3f818cf4 x10=0x00000004
00900613	addi	x12,x0,9	  x0:0x00000000 x12=0x00000009
0ca66a63	bltu	x12,x10,1002bc	 x12:0x00000009 x10:0x00000004
03050893	addi	x17,x10,48	 x10:0x00000004 x17=0x00000034
00020e37	lui	x28,0x20	 x28=0x00020000
011e2023	sw	x17,0(x28)	 x28:0x00020000 x17:0x00000034 PA:0x00020000 store:0x00000034 load:0x00000000
00008067	jalr	x0,0(x1)	  x1:0x00101354  x0=0x00000000
d089a407	flw	f8,-760(x19)	 f19:0x00102000  f8=0x00000000 PA:0x00101d08 store:0x3f9b3246
580474d3	fsqrt.s	f9,f8	  f8:0x00102000  f9=0x00000000
d099a427	fsw	f9,-760(x19)	 f19:0x00102000  f9:0x00102000 PA:0x00101d08 store:0x3f80c5e1 load:0x3f818cf4
d089a507	flw	f10,-760(x19)	 f19:0x00102000 f10=0x00000000 PA:0x00101d08 store:0x3f818cf4
a10a8513	addi	x10,x21,-1520	 x21:0x00102000 x10=0x00101a10
e0050753	fmv.x.w	x14,f10	 f10:0x00101a10 x14=0x3f80c5e1
ceea2c23	sw	x14,-776(x20)	 x20:0x00102000 x14:0x3f80c5e1 PA:0x00101cf8 store:0x3f80c5e1 load:0x3f80c5e1
d31fe0ef	jal	x1,1000a0	  x1=0x00101374
00054803	lbu	x16,0(x10)	 x10:0x00101a10 x16=0x0000000a PA:0x00101a10 store:0x00000000
06080663	beq	x16,x0,100110	 x16:0x0000000a  x0:0x00000000
000207b7	lui	x15,0x20	 x15=0x00020000
0107a023	sw	x16,0(x15)	 x15:0x00020000 x16:0x0000000a PA:0x00020000 store:0x0000000a load:0x00000000
00154703	lbu	x14,1(x10)	 x10:0x00101a10 x14=0x00000020 PA:0x00101a11 store:0x00101374
04070e63	beq	x14,x0,100110	 x14:0x00000020  x0:0x00000000
00e7a023	sw	x14,0(x15)	 x15:0x00020000 x14:0x00000020 PA:0x00020000 store:0x00000020 load:0x00000000
00254283	lbu	x5,2(x10)	 x10:0x00101a10  x5=0x00000069 PA:0x00101a12 store:0x00137fa0
04028863	beq	x5,x0,100110	  x5:0x00000069  x0:0x00000000
0057a023	sw	x5,0(x15)	 x15:0x00020000  x5:0x00000069 PA:0x00020000 store:0x00000069 load:0x00000000
00354303	lbu	x6,3(x10)	 x10:0x00101a10  x6=0x0000003d PA:0x00101a13 store:0x00000000
04030263	beq	x6,x0,100110	  x6:0x0000003d  x0:0x00000000
0067a023	sw	x6,0(x15)	 x15:0x00020000  x6:0x0000003d PA:0x00020000 store:0x0000003d load:0x00000000
00454383	lbu	x7,4(x10)	 x10:0x00101a10  x7=0x00000000 PA:0x00101a14 store:0x00000000
02038c63	beq	x7,x0,100110	  x7:0x00000000  x0:0x00000000
00000513	addi	x10,x0,0	  x0:0x00000000 x10=0x00000000
00008067	jalr	x0,0(x1)	  x1:0x00101374  x0=0x00000000
000d8513	addi	x10,x27,0	 x27:0x00000009 x10=0x00000009
da9fe0ef	jal	x1,100120	  x1=0x0010137c
01c55793	srli	x15,x10,0x1c	 x10:0x00000009 x15=0x00000000
00900713	addi	x14,x0,9	  x0:0x00000000 x14=0x00000009
0cf77a63	bgeu	x14,x15,1001fc	 x14:0x00000009 x15:0x00000000
03078393	addi	x7,x15,48	 x15:0x00000000  x7=0x00000030
000205b7	lui	x11,0x20	 x11=0x00020000
00451613	slli	x12,x10,0x4	 x10:0x00000009 x12=0x00000090
0075a023	sw	x7,0(x11)	 x11:0x00020000  x7:0x00000030 PA:0x00020000 store:0x00000030 load:0x00000000
01c65693	srli	x13,x12,0x1c	 x12:0x00000090 x13=0x00000000
00900813	addi	x16,x0,9	  x0:0x00000000 x16=0x00000009
f2d86ae3	bltu	x16,x13,100148	 x16:0x00000009 x13:0x00000000
03068e93	addi	x29,x13,48	 x13:0x00000000 x29=0x00000030
00020f37	lui	x30,0x20	 x30=0x00020000
00851f93	slli	x31,x10,0x8	 x10:0x00000009 x31=0x00000900
01df2023	sw	x29,0(x30)	 x30:0x00020000 x29:0x00000030 PA:0x00020000 store:0x00000030 load:0x00000000
01cfd793	srli	x15,x31,0x1c	 x31:0x00000900 x15=0x00000000
00900713	addi	x14,x0,9	  x0:0x00000000 x14=0x00000009
f2f76ae3	bltu	x14,x15,100164	 x14:0x00000009 x15:0x00000000
03078393	addi	x7,x15,48	 x15:0x00000000  x7=0x00000030
000205b7	lui	x11,0x20	 x11=0x00020000
00c51613	slli	x12,x10,0xc	 x10:0x00000009 x12=0x00009000
0075a023	sw	x7,0(x11)	 x11:0x00020000  x7:0x00000030 PA:0x00020000 store:0x00000030 load:0x00000000
01c65693	srli	x13,x12,0x1c	 x12:0x00009000 x13=0x00000000
00900813	addi	x16,x0,9	  x0:0x00000000 x16=0x00000009
f2d86ae3	bltu	x16,x13,100180	 x16:0x00000009 x13:0x00000000
03068e93	addi	x29,x13,48	 x13:0x00000000 x29=0x00000030
00020f37	lui	x30,0x20	 x30=0x00020000
01051f93	slli	x31,x10,0x10	 x10:0x00000009 x31=0x00090000
01df2023	sw	x29,0(x30)	 x30:0x00020000 x29:0x00000030 PA:0x00020000 store:0x00000030 load:0x00000000
01cfd793	srli	x15,x31,0x1c	 x31:0x00090000 x15=0x00000000
00900713	addi	x14,x0,9	  x0:0x00000000 x14=0x00000009
f2f76ae3	bltu	x14,x15,10019c	 x14:0x00000009 x15:0x00000000
03078393	addi	x7,x15,48	 x15:0x00000000  x7=0x00000030
000205b7	lui	x11,0x20	 x11=0x00020000
01451613	slli	x12,x10,0x14	 x10:0x00000009 x12=0x00900000
0075a023	sw	x7,0(x11)	 x11:0x00020000  x7:0x00000030 PA:0x00020000 store:0x00000030 load:0x00000000
01c65693	srli	x13,x12,0x1c	 x12:0x00900000 x13=0x00000000
00900813	addi	x16,x0,9	  x0:0x00000000 x16=0x00000009
f2d86ae3	bltu	x16,x13,1001b8	 x16:0x00000009 x13:0x00000000
03068e93	addi	x29,x13,48	 x13:0x00000000 x29=0x00000030
00020f37	lui	x30,0x20	 x30=0x00020000
01851f93	slli	x31,x10,0x18	 x10:0x00000009 x31=0x09000000
01df2023	sw	x29,0(x30)	 x30:0x00020000 x29:0x00000030 PA:0x00020000 store:0x00000030 load:0x00000000
01cfd793	srli	x15,x31,0x1c	 x31:0x09000000 x15=0x00000000
00900713	addi	x14,x0,9	  x0:0x00000000 x14=0x00000009
f2f76ae3	bltu	x14,x15,1001d4	 x14:0x00000009 x15:0x00000000
03078393	addi	x7,x15,48	 x15:0x00000000  x7=0x00000030
000205b7	lui	x11,0x20	 x11=0x00020000
0075a023	sw	x7,0(x11)	 x11:0x00020000  x7:0x00000030 PA:0x00020000 store:0x00000030 load:0x00000000
00f57513	andi	x10,x10,15	 x10:0x00000009 x10=0x00000009
00900613	addi	x12,x0,9	  x0:0x00000000 x12=0x00000009
f2a67ae3	bgeu	x12,x10,1001ec	 x12:0x00000009 x10:0x00000009
03050893	addi	x17,x10,48	 x10:0x00000009 x17=0x00000039
00020e37	lui	x28,0x20	 x28=0x00020000
011e2023	sw	x17,0(x28)	 x28:0x00020000 x17:0x00000039 PA:0x00020000 store:0x00000039 load:0x00000000
00008067	jalr	x0,0(x1)	  x1:0x0010137c  x0=0x00000000
a18b0513	addi	x10,x22,-1512	 x22:0x00102000 x10=0x00101a18
d21fe0ef	jal	x1,1000a0	  x1=0x00101384
00054803	lbu	x16,0(x10)	 x10:0x00101a18 x16=0x00000020 PA:0x00101a18 store:0x00000000
06080663	beq	x16,x0,100110	 x16:0x00000020  x0:0x00000000
000207b7	lui	x15,0x20	 x15=0x00020000
0107a023	sw	x16,0(x15)	 x15:0x00020000 x16:0x00000020 PA:0x00020000 store:0x00000020 load:0x00000000
00154703	lbu	x14,1(x10)	 x10:0x00101a18 x14=0x00000072 PA:0x00101a19 store:0x00101384
04070e63	beq	x14,x0,100110	 x14:0x00000072  x0:0x00000000
00e7a023	sw	x14,0(x15)	 x15:0x00020000 x14:0x00000072 PA:0x00020000 store:0x00000072 load:0x00000000
00254283	lbu	x5,2(x10)	 x10:0x00101a18  x5=0x00000065 PA:0x00101a1a store:0x00137fa0
04028863	beq	x5,x0,100110	  x5:0x00000065  x0:0x00000000
0057a023	sw	x5,0(x15)	 x15:0x00020000  x5:0x00000065 PA:0x00020000 store:0x00000065 load:0x00000000
00354303	lbu	x6,3(x10)	 x10:0x00101a18  x6=0x00000073 PA:0x00101a1b store:0x00000000
04030263	beq	x6,x0,100110	  x6:0x00000073  x0:0x00000000
0067a023	sw	x6,0(x15)	 x15:0x00020000  x6:0x00000073 PA:0x00020000 store:0x00000073 load:0x00000000
00454383	lbu	x7,4(x10)	 x10:0x00101a18  x7=0x00000075 PA:0x00101a1c store:0x00000000
02038c63	beq	x7,x0,100110	  x7:0x00000075  x0:0x00000000
0077a023	sw	x7,0(x15)	 x15:0x00020000  x7:0x00000075 PA:0x00020000 store:0x00000075 load:0x00000000
00554583	lbu	x11,5(x10)	 x10:0x00101a18 x11=0x0000006c PA:0x00101a1d store:0x00000065
02058663	beq	x11,x0,100110	 x11:0x0000006c  x0:0x00000000
00b7a023	sw	x11,0(x15)	 x15:0x00020000 x11:0x0000006c PA:0x00020000 store:0x0000006c load:0x00000000
00654603	lbu	x12,6(x10)	 x10:0x00101a18 x12=0x00000074 PA:0x00101a1e store:0x00000073
02060063	beq	x12,x0,100110	 x12:0x00000074  x0:0x00000000
00c7a023	sw	x12,0(x15)	 x15:0x00020000 x12:0x00000074 PA:0x00020000 store:0x00000074 load:0x00000000
00754683	lbu	x13,7(x10)	 x10:0x00101a18 x13=0x0000003a PA:0x00101a1f store:0x00000075
00850513	addi	x10,x10,8	 x10:0x00101a18 x10=0x00101a20
00068863	beq	x13,x0,100110	 x13:0x0000003a  x0:0x00000000
00d7a023	sw	x13,0(x15)	 x15:0x00020000 x13:0x0000003a PA:0x00020000 store:0x0000003a load:0x00000000
00054803	lbu	x16,0(x10)	 x10:0x00101a20 x16=0x00000020 PA:0x00101a20 store:0x00000000
fa0810e3	bne	x16,x0,1000ac	 x16:0x00000020  x0:0x00000000
0107a023	sw	x16,0(x15)	 x15:0x00020000 x16:0x00000020 PA:0x00020000 store:0x00000020 load:0x00000000
00154703	lbu	x14,1(x10)	 x10:0x00101a20 x14=0x00000000 PA:0x00101a21 store:0x00101384
04070e63	beq	x14,x0,100110	 x14:0x00000000  x0:0x00000000
00000513	addi	x10,x0,0	  x0:0x00000000 x10=0x00000000
00008067	jalr	x0,0(x1)	  x1:0x00101384  x0=0x00000000
cf8a2503	lw	x10,-776(x20)	 x20:0x00102000 x10=0x3f80c5e1 PA:0x00101cf8 store:0x00000008
002c0d93	addi	x27,x24,2	 x24:0x00000008 x27=0x0000000a
d95fe0ef	jal	x1,100120	  x1=0x00101390
01c55793	srli	x15,x10,0x1c	 x10:0x3f80c5e1 x15=0x00000003
00900713	addi	x14,x0,9	  x0:0x00000000 x14=0x00000009
0cf77a63	bgeu	x14,x15,1001fc	 x14:0x00000009 x15:0x00000003
03078393	addi	x7,x15,48	 x15:0x00000003  x7=0x00000033
000205b7	lui	x11,0x20	 x11=0x00020000
00451613	slli	x12,x10,0x4	 x10:0x3f80c5e1 x12=0xf80c5e10
0075a023	sw	x7,0(x11)	 x11:0x00020000  x7:0x00000033 PA:0x00020000 store:0x00000033 load:0x00000000
01c65693	srli	x13,x12,0x1c	 x12:0xf80c5e10 x13=0x0000000f
00900813	addi	x16,x0,9	  x0:0x00000000 x16=0x00000009
f2d86ae3	bltu	x16,x13,100148	 x16:0x00000009 x13:0x0000000f
03768893	addi	x17,x13,55	 x13:0x0000000f x17=0x00000046
00020e37	lui	x28,0x20	 x28=0x00020000
00851f93	slli	x31,x10,0x8	 x10:0x3f80c5e1 x31=0x80c5e100
011e2023	sw	x17,0(x28)	 x28:0x00020000 x17:0x00000046 PA:0x00020000 store:0x00000046 load:0x00000000
01cfd793	srli	x15,x31,0x1c	 x31:0x80c5e100 x15=0x00000008
00900713	addi	x14,x0,9	  x0:0x00000000 x14=0x00000009
0cf77a63	bgeu	x14,x15,100234	 x14:0x00000009 x15:0x00000008
03078393	addi	x7,x15,48	 x15:0x00000008  x7=0x00000038
000205b7	lui	x11,0x20	 x11=0x00020000
00c51613	slli	x12,x10,0xc	 x10:0x3f80c5e1 x12=0x0c5e1000
0075a023	sw	x7,0(x11)	 x11:0x00020000  x7:0x00000038 PA:0x00020000 store:0x00000038 load:0x00000000
01c65693	srli	x13,x12,0x1c	 x12:0x0c5e1000 x13=0x00000000
00900813	addi	x16,x0,9	  x0:0x00000000 x16=0x00000009
f2d86ae3	bltu	x16,x13,100180	 x16:0x00000009 x13:0x00000000
03068e93	addi	x29,x13,48	 x13:0x00000000 x29=0x00000030
00020f37	lui	x30,0x20	 x30=0x00020000
01051f93	slli	x31,x10,0x10	 x10:0x3f80c5e1 x31=0xc5e10000
01df2023	sw	x29,0(x30)	 x30:0x00020000 x29:0x00000030 PA:0x00020000 store:0x00000030 load:0x00000000
01cfd793	srli	x15,x31,0x1c	 x31:0xc5e10000 x15=0x0000000c
00900713	addi	x14,x0,9	  x0:0x00000000 x14=0x00000009
f2f76ae3	bltu	x14,x15,10019c	 x14:0x00000009 x15:0x0000000c
03778293	addi	x5,x15,55	 x15:0x0000000c  x5=0x00000043
00020337	lui	x6,0x20	  x6=0x00020000
01451613	slli	x12,x10,0x14	 x10:0x3f80c5e1 x12=0x5e100000
00532023	sw	x5,0(x6)	  x6:0x00020000  x5:0x00000043 PA:0x00020000 store:0x00000043 load:0x00000000
01c65693	srli	x13,x12,0x1c	 x12:0x5e100000 x13=0x00000005
00900813	addi	x16,x0,9	  x0:0x00000000 x16=0x00000009
0cd87a63	bgeu	x16,x13,100288	 x16:0x00000009 x13:0x00000005
03068e93	addi	x29,x13,48	 x13:0x00000005 x29=0x00000035
00020f37	lui	x30,0x20	 x30=0x00020000
01851f93	slli	x31,x10,0x18	 x10:0x3f80c5e1 x31=0xe1000000
01df2023	sw	x29,0(x30)	 x30:0x00020000 x29:0x00000035 PA:0x00020000 store:0x00000035 load:0x00000000
01cfd793	srli	x15,x31,0x1c	 x31:0xe1000000 x15=0x0000000e
00900713	addi	x14,x0,9	  x0:0x00000000 x14=0x00000009
f2f76ae3	bltu	x14,x15,1001d4	 x14:0x00000009 x15:0x0000000e
03778293	addi	x5,x15,55	 x15:0x0000000e  x5=0x00000045
00020337	lui	x6,0x20	  x6=0x00020000
00532023	sw	x5,0(x6)	  x6:0x00020000  x5:0x00000045 PA:0x00020000 store:0x00000045 load:0x00000000
00f57513	andi	x10,x10,15	 x10:0x3f80c5e1 x10=0x00000001
00900613	addi	x12,x0,9	  x0:0x00000000 x12=0x00000009
0ca66a63	bltu	x12,x10,1002bc	 x12:0x00000009 x10:0x00000001
03050893	addi	x17,x10,48	 x10:0x00000001 x17=0x00000031
00020e37	lui	x28,0x20	 x28=0x00020000
011e2023	sw	x17,0(x28)	 x28:0x00020000 x17:0x00000031 PA:0x00020000 store:0x00000031 load:0x00000000
00008067	jalr	x0,0(x1)	  x1:0x00101390  x0=0x00000000
d089a807	flw	f16,-760(x19)	 f19:0x00102000 f16=0x00000000 PA:0x00101d08 store:0x3f818cf4
a10a8513	addi	x10,x21,-1520	 x21:0x00102000 x10=0x00101a10
580878d3	fsqrt.s	f17,f16	 f16:0x00000009 f17=0x00000000
d119a427	fsw	f17,-760(x19)	 f19:0x00102000 f17:0x00000031 PA:0x00101d08 store:0x3f8062ca load:0x3f80c5e1
d089a907	flw	f18,-760(x19)	 f19:0x00102000 f18=0x00000000 PA:0x00101d08 store:0x3f818cf4
e00907d3	fmv.x.w	x15,f18	 f18:0x00102000 x15=0x3f8062ca
cefa2c23	sw	x15,-776(x20)	 x20:0x00102000 x15:0x3f8062ca PA:0x00101cf8 store:0x3f8062ca load:0x3f8062ca
cf5fe0ef	jal	x1,1000a0	  x1=0x001013b0
00054803	lbu	x16,0(x10)	 x10:0x00101a10 x16=0x0000000a PA:0x00101a10 store:0x00000000
06080663	beq	x16,x0,100110	 x16:0x0000000a  x0:0x00000000
000207b7	lui	x15,0x20	 x15=0x00020000
0107a023	sw	x16,0(x15)	 x15:0x00020000 x16:0x0000000a PA:0x00020000 store:0x0000000a load:0x00000000
00154703	lbu	x14,1(x10)	 x10:0x00101a10 x14=0x00000020 PA:0x00101a11 store:0x001013b0
04070e63	beq	x14,x0,100110	 x14:0x00000020  x0:0x00000000
00e7a023	sw	x14,0(x15)	 x15:0x00020000 x14:0x00000020 PA:0x00020000 store:0x00000020 load:0x00000000
00254283	lbu	x5,2(x10)	 x10:0x00101a10  x5=0x00000069 PA:0x00101a12 store:0x00137fa0
04028863	beq	x5,x0,100110	  x5:0x00000069  x0:0x00000000
0057a023	sw	x5,0(x15)	 x15:0x00020000  x5:0x00000069 PA:0x00020000 store:0x00000069 load:0x00000000
00354303	lbu	x6,3(x10)	 x10:0x00101a10  x6=0x0000003d PA:0x00101a13 store:0x00000000
04030263	beq	x6,x0,100110	  x6:0x0000003d  x0:0x00000000
0067a023	sw	x6,0(x15)	 x15:0x00020000  x6:0x0000003d PA:0x00020000 store:0x0000003d load:0x00000000
00454383	lbu	x7,4(x10)	 x10:0x00101a10  x7=0x00000000 PA:0x00101a14 store:0x00000000
02038c63	beq	x7,x0,100110	  x7:0x00000000  x0:0x00000000
00000513	addi	x10,x0,0	  x0:0x00000000 x10=0x00000000
00008067	jalr	x0,0(x1)	  x1:0x001013b0  x0=0x00000000
000d8513	addi	x10,x27,0	 x27:0x0000000a x10=0x0000000a
d6dfe0ef	jal	x1,100120	  x1=0x001013b8
01c55793	srli	x15,x10,0x1c	 x10:0x0000000a x15=0x00000000
00900713	addi	x14,x0,9	  x0:0x00000000 x14=0x00000009
0cf77a63	bgeu	x14,x15,1001fc	 x14:0x00000009 x15:0x00000000
03078393	addi	x7,x15,48	 x15:0x00000000  x7=0x00000030
000205b7	lui	x11,0x20	 x11=0x00020000
00451613	slli	x12,x10,0x4	 x10:0x0000000a x12=0x000000a0
0075a023	sw	x7,0(x11)	 x11:0x00020000  x7:0x00000030 PA:0x00020000 store:0x00000030 load:0x00000000
01c65693	srli	x13,x12,0x1c	 x12:0x000000a0 x13=0x00000000
00900813	addi	x16,x0,9	  x0:0x00000000 x16=0x00000009
f2d86ae3	bltu	x16,x13,100148	 x16:0x00000009 x13:0x00000000
03068e93	addi	x29,x13,48	 x13:0x00000000 x29=0x00000030
00020f37	lui	x30,0x20	 x30=0x00020000
00851f93	slli	x31,x10,0x8	 x10:0x0000000a x31=0x00000a00
01df2023	sw	x29,0(x30)	 x30:0x00020000 x29:0x00000030 PA:0x00020000 store:0x00000030 load:0x00000000
01cfd793	srli	x15,x31,0x1c	 x31:0x00000a00 x15=0x00000000
00900713	addi	x14,x0,9	  x0:0x00000000 x14=0x00000009
f2f76ae3	bltu	x14,x15,100164	 x14:0x00000009 x15:0x00000000
03078393	addi	x7,x15,48	 x15:0x00000000  x7=0x00000030
000205b7	lui	x11,0x20	 x11=0x00020000
00c51613	slli	x12,x10,0xc	 x10:0x0000000a x12=0x0000a000
0075a023	sw	x7,0(x11)	 x11:0x00020000  x7:0x00000030 PA:0x00020000 store:0x00000030 load:0x00000000
01c65693	srli	x13,x12,0x1c	 x12:0x0000a000 x13=0x00000000
00900813	addi	x16,x0,9	  x0:0x00000000 x16=0x00000009
f2d86ae3	bltu	x16,x13,100180	 x16:0x00000009 x13:0x00000000
03068e93	addi	x29,x13,48	 x13:0x00000000 x29=0x00000030
00020f37	lui	x30,0x20	 x30=0x00020000
01051f93	slli	x31,x10,0x10	 x10:0x0000000a x31=0x000a0000
01df2023	sw	x29,0(x30)	 x30:0x00020000 x29:0x00000030 PA:0x00020000 store:0x00000030 load:0x00000000
01cfd793	srli	x15,x31,0x1c	 x31:0x000a0000 x15=0x00000000
00900713	addi	x14,x0,9	  x0:0x00000000 x14=0x00000009
f2f76ae3	bltu	x14,x15,10019c	 x14:0x00000009 x15:0x00000000
03078393	addi	x7,x15,48	 x15:0x00000000  x7=0x00000030
000205b7	lui	x11,0x20	 x11=0x00020000
01451613	slli	x12,x10,0x14	 x10:0x0000000a x12=0x00a00000
0075a023	sw	x7,0(x11)	 x11:0x00020000  x7:0x00000030 PA:0x00020000 store:0x00000030 load:0x00000000
01c65693	srli	x13,x12,0x1c	 x12:0x00a00000 x13=0x00000000
00900813	addi	x16,x0,9	  x0:0x00000000 x16=0x00000009
f2d86ae3	bltu	x16,x13,1001b8	 x16:0x00000009 x13:0x00000000
03068e93	addi	x29,x13,48	 x13:0x00000000 x29=0x00000030
00020f37	lui	x30,0x20	 x30=0x00020000
01851f93	slli	x31,x10,0x18	 x10:0x0000000a x31=0x0a000000
01df2023	sw	x29,0(x30)	 x30:0x00020000 x29:0x00000030 PA:0x00020000 store:0x00000030 load:0x00000000
01cfd793	srli	x15,x31,0x1c	 x31:0x0a000000 x15=0x00000000
00900713	addi	x14,x0,9	  x0:0x00000000 x14=0x00000009
f2f76ae3	bltu	x14,x15,1001d4	 x14:0x00000009 x15:0x00000000
03078393	addi	x7,x15,48	 x15:0x00000000  x7=0x00000030
000205b7	lui	x11,0x20	 x11=0x00020000
0075a023	sw	x7,0(x11)	 x11:0x00020000  x7:0x00000030 PA:0x00020000 store:0x00000030 load:0x00000000
00f57513	andi	x10,x10,15	 x10:0x0000000a x10=0x0000000a
00900613	addi	x12,x0,9	  x0:0x00000000 x12=0x00000009
f2a67ae3	bgeu	x12,x10,1001ec	 x12:0x00000009 x10:0x0000000a
03750693	addi	x13,x10,55	 x10:0x0000000a x13=0x00000041
00020837	lui	x16,0x20	 x16=0x00020000
00d82023	sw	x13,0(x16)	 x16:0x00020000 x13:0x00000041 PA:0x00020000 store:0x00000041 load:0x00000000
00008067	jalr	x0,0(x1)	  x1:0x001013b8  x0=0x00000000
a18b0513	addi	x10,x22,-1512	 x22:0x00102000 x10=0x00101a18
ce5fe0ef	jal	x1,1000a0	  x1=0x001013c0
00054803	lbu	x16,0(x10)	 x10:0x00101a18 x16=0x00000020 PA:0x00101a18 store:0x00000000
06080663	beq	x16,x0,100110	 x16:0x00000020  x0:0x00000000
000207b7	lui	x15,0x20	 x15=0x00020000
0107a023	sw	x16,0(x15)	 x15:0x00020000 x16:0x00000020 PA:0x00020000 store:0x00000020 load:0x00000000
00154703	lbu	x14,1(x10)	 x10:0x00101a18 x14=0x00000072 PA:0x00101a19 store:0x001013c0
04070e63	beq	x14,x0,100110	 x14:0x00000072  x0:0x00000000
00e7a023	sw	x14,0(x15)	 x15:0x00020000 x14:0x00000072 PA:0x00020000 store:0x00000072 load:0x00000000
00254283	lbu	x5,2(x10)	 x10:0x00101a18  x5=0x00000065 PA:0x00101a1a store:0x00137fa0
04028863	beq	x5,x0,100110	  x5:0x00000065  x0:0x00000000
0057a023	sw	x5,0(x15)	 x15:0x00020000  x5:0x00000065 PA:0x00020000 store:0x00000065 load:0x00000000
00354303	lbu	x6,3(x10)	 x10:0x00101a18  x6=0x00000073 PA:0x00101a1b store:0x00000000
04030263	beq	x6,x0,100110	  x6:0x00000073  x0:0x00000000
0067a023	sw	x6,0(x15)	 x15:0x00020000  x6:0x00000073 PA:0x00020000 store:0x00000073 load:0x00000000
00454383	lbu	x7,4(x10)	 x10:0x00101a18  x7=0x00000075 PA:0x00101a1c store:0x00000000
02038c63	beq	x7,x0,100110	  x7:0x00000075  x0:0x00000000
0077a023	sw	x7,0(x15)	 x15:0x00020000  x7:0x00000075 PA:0x00020000 store:0x00000075 load:0x00000000
00554583	lbu	x11,5(x10)	 x10:0x00101a18 x11=0x0000006c PA:0x00101a1d store:0x00000065
02058663	beq	x11,x0,100110	 x11:0x0000006c  x0:0x00000000
00b7a023	sw	x11,0(x15)	 x15:0x00020000 x11:0x0000006c PA:0x00020000 store:0x0000006c load:0x00000000
00654603	lbu	x12,6(x10)	 x10:0x00101a18 x12=0x00000074 PA:0x00101a1e store:0x00000073
02060063	beq	x12,x0,100110	 x12:0x00000074  x0:0x00000000
00c7a023	sw	x12,0(x15)	 x15:0x00020000 x12:0x00000074 PA:0x00020000 store:0x00000074 load:0x00000000
00754683	lbu	x13,7(x10)	 x10:0x00101a18 x13=0x0000003a PA:0x00101a1f store:0x00000075
00850513	addi	x10,x10,8	 x10:0x00101a18 x10=0x00101a20
00068863	beq	x13,x0,100110	 x13:0x0000003a  x0:0x00000000
00d7a023	sw	x13,0(x15)	 x15:0x00020000 x13:0x0000003a PA:0x00020000 store:0x0000003a load:0x00000000
00054803	lbu	x16,0(x10)	 x10:0x00101a20 x16=0x00000020 PA:0x00101a20 store:0x00000000
fa0810e3	bne	x16,x0,1000ac	 x16:0x00000020  x0:0x00000000
0107a023	sw	x16,0(x15)	 x15:0x00020000 x16:0x00000020 PA:0x00020000 store:0x00000020 load:0x00000000
00154703	lbu	x14,1(x10)	 x10:0x00101a20 x14=0x00000000 PA:0x00101a21 store:0x001013c0
04070e63	beq	x14,x0,100110	 x14:0x00000000  x0:0x00000000
00000513	addi	x10,x0,0	  x0:0x00000000 x10=0x00000000
00008067	jalr	x0,0(x1)	  x1:0x001013c0  x0=0x00000000
cf8a2503	lw	x10,-776(x20)	 x20:0x00102000 x10=0x3f8062ca PA:0x00101cf8 store:0x00000008
003c0d93	addi	x27,x24,3	 x24:0x00000008 x27=0x0000000b
004c0c13	addi	x24,x24,4	 x24:0x00000008 x24=0x0000000c
d55fe0ef	jal	x1,100120	  x1=0x001013d0
01c55793	srli	x15,x10,0x1c	 x10:0x3f8062ca x15=0x00000003
00900713	addi	x14,x0,9	  x0:0x00000000 x14=0x00000009
0cf77a63	bgeu	x14,x15,1001fc	 x14:0x00000009 x15:0x00000003
03078393	addi	x7,x15,48	 x15:0x00000003  x7=0x00000033
000205b7	lui	x11,0x20	 x11=0x00020000
00451613	slli	x12,x10,0x4	 x10:0x3f8062ca x12=0xf8062ca0
0075a023	sw	x7,0(x11)	 x11:0x00020000  x7:0x00000033 PA:0x00020000 store:0x00000033 load:0x00000000
01c65693	srli	x13,x12,0x1c	 x12:0xf8062ca0 x13=0x0000000f
00900813	addi	x16,x0,9	  x0:0x00000000 x16=0x00000009
f2d86ae3	bltu	x16,x13,100148	 x16:0x00000009 x13:0x0000000f
03768893	addi	x17,x13,55	 x13:0x0000000f x17=0x00000046
00020e37	lui	x28,0x20	 x28=0x00020000
00851f93	slli	x31,x10,0x8	 x10:0x3f8062ca x31=0x8062ca00
011e2023	sw	x17,0(x28)	 x28:0x00020000 x17:0x00000046 PA:0x00020000 store:0x00000046 load:0x00000000
01cfd793	srli	x15,x31,0x1c	 x31:0x8062ca00 x15=0x00000008
00900713	addi	x14,x0,9	  x0:0x00000000 x14=0x00000009
0cf77a63	bgeu	x14,x15,100234	 x14:0x00000009 x15:0x00000008
03078393	addi	x7,x15,48	 x15:0x00000008  x7=0x00000038
000205b7	lui	x11,0x20	 x11=0x00020000
00c51613	slli	x12,x10,0xc	 x10:0x3f8062ca x12=0x062ca000
0075a023	sw	x7,0(x11)	 x11:0x00020000  x7:0x00000038 PA:0x00020000 store:0x00000038 load:0x00000000
01c65693	srli	x13,x12,0x1c	 x12:0x062ca000 x13=0x00000000
00900813	addi	x16,x0,9	  x0:0x00000000 x16=0x00000009
f2d86ae3	bltu	x16,x13,100180	 x16:0x00000009 x13:0x00000000
03068e93	addi	x29,x13,48	 x13:0x00000000 x29=0x00000030
00020f37	lui	x30,0x20	 x30=0x00020000
01051f93	slli	x31,x10,0x10	 x10:0x3f8062ca x31=0x62ca0000
01df2023	sw	x29,0(x30)	 x30:0x00020000 x29:0x00000030 PA:0x00020000 store:0x00000030 load:0x00000000
01cfd793	srli	x15,x31,0x1c	 x31:0x62ca0000 x15=0x00000006
00900713	addi	x14,x0,9	  x0:0x00000000 x14=0x00000009
f2f76ae3	bltu	x14,x15,10019c	 x14:0x00000009 x15:0x00000006
03078393	addi	x7,x15,48	 x15:0x00000006  x7=0x00000036
000205b7	lui	x11,0x20	 x11=0x00020000
01451613	slli	x12,x10,0x14	 x10:0x3f8062ca x12=0x2ca00000
0075a023	sw	x7,0(x11)	 x11:0x00020000  x7:0x00000036 PA:0x00020000 store:0x00000036 load:0x00000000
01c65693	srli	x13,x12,0x1c	 x12:0x2ca00000 x13=0x00000002
00900813	addi	x16,x0,9	  x0:0x00000000 x16=0x00000009
f2d86ae3	bltu	x16,x13,1001b8	 x16:0x00000009 x13:0x00000002
03068e93	addi	x29,x13,48	 x13:0x00000002 x29=0x00000032
00020f37	lui	x30,0x20	 x30=0x00020000
01851f93	slli	x31,x10,0x18	 x10:0x3f8062ca x31=0xca000000
01df2023	sw	x29,0(x30)	 x30:0x00020000 x29:0x00000032 PA:0x00020000 store:0x00000032 load:0x00000000
01cfd793	srli	x15,x31,0x1c	 x31:0xca000000 x15=0x0000000c
00900713	addi	x14,x0,9	  x0:0x00000000 x14=0x00000009
f2f76ae3	bltu	x14,x15,1001d4	 x14:0x00000009 x15:0x0000000c
03778293	addi	x5,x15,55	 x15:0x0000000c  x5=0x00000043
00020337	lui	x6,0x20	  x6=0x00020000
00532023	sw	x5,0(x6)	  x6:0x00020000  x5:0x00000043 PA:0x00020000 store:0x00000043 load:0x00000000
00f57513	andi	x10,x10,15	 x10:0x3f8062ca x10=0x0000000a
00900613	addi	x12,x0,9	  x0:0x00000000 x12=0x00000009
0ca66a63	bltu	x12,x10,1002bc	 x12:0x00000009 x10:0x0000000a
03750693	addi	x13,x10,55	 x10:0x0000000a x13=0x00000041
00020837	lui	x16,0x20	 x16=0x00020000
00d82023	sw	x13,0(x16)	 x16:0x00020000 x13:0x00000041 PA:0x00020000 store:0x00000041 load:0x00000000
00008067	jalr	x0,0(x1)	  x1:0x001013d0  x0=0x00000000
a10a8513	addi	x10,x21,-1520	 x21:0x00102000 x10=0x00101a10
d089a987	flw	f19,-760(x19)	 f19:0x00102000 f19=0x00000000 PA:0x00101d08 store:0x3f818cf4
5809fa53	fsqrt.s	f20,f19	 f19:0x00102000 f20=0x00000000
d149a427	fsw	f20,-760(x19)	 f19:0x00102000 f20:0x00102000 PA:0x00101d08 store:0x3f80315b load:0x3f8062ca
d089aa87	flw	f21,-760(x19)	 f19:0x00102000 f21=0x00000000 PA:0x00101d08 store:0x3f818cf4
e00a82d3	fmv.x.w	x5,f21	 f21:0x00102000  x5=0x3f80315b
ce5a2c23	sw	x5,-776(x20)	 x20:0x00102000  x5:0x3f80315b PA:0x00101cf8 store:0x3f80315b load:0x3f80315b
cb5fe0ef	jal	x1,1000a0	  x1=0x001013f0
00054803	lbu	x16,0(x10)	 x10:0x00101a10 x16=0x0000000a PA:0x00101a10 store:0x00000000
06080663	beq	x16,x0,100110	 x16:0x0000000a  x0:0x00000000
000207b7	lui	x15,0x20	 x15=0x00020000
0107a023	sw	x16,0(x15)	 x15:0x00020000 x16:0x0000000a PA:0x00020000 store:0x0000000a load:0x00000000
00154703	lbu	x14,1(x10)	 x10:0x00101a10 x14=0x00000020 PA:0x00101a11 store:0x001013f0
04070e63	beq	x14,x0,100110	 x14:0x00000020  x0:0x00000000
00e7a023	sw	x14,0(x15)	 x15:0x00020000 x14:0x00000020 PA:0x00020000 store:0x00000020 load:0x00000000
00254283	lbu	x5,2(x10)	 x10:0x00101a10  x5=0x00000069 PA:0x00101a12 store:0x00137fa0
04028863	beq	x5,x0,100110	  x5:0x00000069  x0:0x00000000
0057a023	sw	x5,0(x15)	 x15:0x00020000  x5:0x00000069 PA:0x00020000 store:0x00000069 load:0x00000000
00354303	lbu	x6,3(x10)	 x10:0x00101a10  x6=0x0000003d PA:0x00101a13 store:0x00000000
04030263	beq	x6,x0,100110	  x6:0x0000003d  x0:0x00000000
0067a023	sw	x6,0(x15)	 x15:0x00020000  x6:0x0000003d PA:0x00020000 store:0x0000003d load:0x00000000
00454383	lbu	x7,4(x10)	 x10:0x00101a10  x7=0x00000000 PA:0x00101a14 store:0x00000000
02038c63	beq	x7,x0,100110	  x7:0x00000000  x0:0x00000000
00000513	addi	x10,x0,0	  x0:0x00000000 x10=0x00000000
00008067	jalr	x0,0(x1)	  x1:0x001013f0  x0=0x00000000
000d8513	addi	x10,x27,0	 x27:0x0000000b x10=0x0000000b
d2dfe0ef	jal	x1,100120	  x1=0x001013f8
01c55793	srli	x15,x10,0x1c	 x10:0x0000000b x15=0x00000000
00900713	addi	x14,x0,9	  x0:0x00000000 x14=0x00000009
0cf77a63	bgeu	x14,x15,1001fc	 x14:0x00000009 x15:0x00000000
03078393	addi	x7,x15,48	 x15:0x00000000  x7=0x00000030
000205b7	lui	x11,0x20	 x11=0x00020000
00451613	slli	x12,x10,0x4	 x10:0x0000000b x12=0x000000b0
0075a023	sw	x7,0(x11)	 x11:0x00020000  x7:0x00000030 PA:0x00020000 store:0x00000030 load:0x00000000
01c65693	srli	x13,x12,0x1c	 x12:0x000000b0 x13=0x00000000
00900813	addi	x16,x0,9	  x0:0x00000000 x16=0x00000009
f2d86ae3	bltu	x16,x13,100148	 x16:0x00000009 x13:0x00000000
03068e93	addi	x29,x13,48	 x13:0x00000000 x29=0x00000030
00020f37	lui	x30,0x20	 x30=0x00020000
00851f93	slli	x31,x10,0x8	 x10:0x0000000b x31=0x00000b00
01df2023	sw	x29,0(x30)	 x30:0x00020000 x29:0x00000030 PA:0x00020000 store:0x00000030 load:0x00000000
01cfd793	srli	x15,x31,0x1c	 x31:0x00000b00 x15=0x00000000
00900713	addi	x14,x0,9	  x0:0x00000000 x14=0x00000009
f2f76ae3	bltu	x14,x15,100164	 x14:0x00000009 x15:0x00000000
03078393	addi	x7,x15,48	 x15:0x00000000  x7=0x00000030
000205b7	lui	x11,0x20	 x11=0x00020000
00c51613	slli	x12,x10,0xc	 x10:0x0000000b x12=0x0000b000
0075a023	sw	x7,0(x11)	 x11:0x00020000  x7:0x00000030 PA:0x00020000 store:0x00000030 load:0x00000000
01c65693	srli	x13,x12,0x1c	 x12:0x0000b000 x13=0x00000000
00900813	addi	x16,x0,9	  x0:0x00000000 x16=0x00000009
f2d86ae3	bltu	x16,x13,100180	 x16:0x00000009 x13:0x00000000
03068e93	addi	x29,x13,48	 x13:0x00000000 x29=0x00000030
00020f37	lui	x30,0x20	 x30=0x00020000
01051f93	slli	x31,x10,0x10	 x10:0x0000000b x31=0x000b0000
01df2023	sw	x29,0(x30)	 x30:0x00020000 x29:0x00000030 PA:0x00020000 store:0x00000030 load:0x00000000
01cfd793	srli	x15,x31,0x1c	 x31:0x000b0000 x15=0x00000000
00900713	addi	x14,x0,9	  x0:0x00000000 x14=0x00000009
f2f76ae3	bltu	x14,x15,10019c	 x14:0x00000009 x15:0x00000000
03078393	addi	x7,x15,48	 x15:0x00000000  x7=0x00000030
000205b7	lui	x11,0x20	 x11=0x00020000
01451613	slli	x12,x10,0x14	 x10:0x0000000b x12=0x00b00000
0075a023	sw	x7,0(x11)	 x11:0x00020000  x7:0x00000030 PA:0x00020000 store:0x00000030 load:0x00000000
01c65693	srli	x13,x12,0x1c	 x12:0x00b00000 x13=0x00000000
00900813	addi	x16,x0,9	  x0:0x00000000 x16=0x00000009
f2d86ae3	bltu	x16,x13,1001b8	 x16:0x00000009 x13:0x00000000
03068e93	addi	x29,x13,48	 x13:0x00000000 x29=0x00000030
00020f37	lui	x30,0x20	 x30=0x00020000
01851f93	slli	x31,x10,0x18	 x10:0x0000000b x31=0x0b000000
01df2023	sw	x29,0(x30)	 x30:0x00020000 x29:0x00000030 PA:0x00020000 store:0x00000030 load:0x00000000
01cfd793	srli	x15,x31,0x1c	 x31:0x0b000000 x15=0x00000000
00900713	addi	x14,x0,9	  x0:0x00000000 x14=0x00000009
f2f76ae3	bltu	x14,x15,1001d4	 x14:0x00000009 x15:0x00000000
03078393	addi	x7,x15,48	 x15:0x00000000  x7=0x00000030
000205b7	lui	x11,0x20	 x11=0x00020000
0075a023	sw	x7,0(x11)	 x11:0x00020000  x7:0x00000030 PA:0x00020000 store:0x00000030 load:0x00000000
00f57513	andi	x10,x10,15	 x10:0x0000000b x10=0x0000000b
00900613	addi	x12,x0,9	  x0:0x00000000 x12=0x00000009
f2a67ae3	bgeu	x12,x10,1001ec	 x12:0x00000009 x10:0x0000000b
03750693	addi	x13,x10,55	 x10:0x0000000b x13=0x00000042
00020837	lui	x16,0x20	 x16=0x00020000
00d82023	sw	x13,0(x16)	 x16:0x00020000 x13:0x00000042 PA:0x00020000 store:0x00000042 load:0x00000000
00008067	jalr	x0,0(x1)	  x1:0x001013f8  x0=0x00000000
a18b0513	addi	x10,x22,-1512	 x22:0x00102000 x10=0x00101a18
ca5fe0ef	jal	x1,1000a0	  x1=0x00101400
00054803	lbu	x16,0(x10)	 x10:0x00101a18 x16=0x00000020 PA:0x00101a18 store:0x00000000
06080663	beq	x16,x0,100110	 x16:0x00000020  x0:0x00000000
000207b7	lui	x15,0x20	 x15=0x00020000
0107a023	sw	x16,0(x15)	 x15:0x00020000 x16:0x00000020 PA:0x00020000 store:0x00000020 load:0x00000000
00154703	lbu	x14,1(x10)	 x10:0x00101a18 x14=0x00000072 PA:0x00101a19 store:0x00101400
04070e63	beq	x14,x0,100110	 x14:0x00000072  x0:0x00000000
00e7a023	sw	x14,0(x15)	 x15:0x00020000 x14:0x00000072 PA:0x00020000 store:0x00000072 load:0x00000000
00254283	lbu	x5,2(x10)	 x10:0x00101a18  x5=0x00000065 PA:0x00101a1a store:0x00137fa0
04028863	beq	x5,x0,100110	  x5:0x00000065  x0:0x00000000
0057a023	sw	x5,0(x15)	 x15:0x00020000  x5:0x00000065 PA:0x00020000 store:0x00000065 load:0x00000000
00354303	lbu	x6,3(x10)	 x10:0x00101a18  x6=0x00000073 PA:0x00101a1b store:0x00000000
04030263	beq	x6,x0,100110	  x6:0x00000073  x0:0x00000000
0067a023	sw	x6,0(x15)	 x15:0x00020000  x6:0x00000073 PA:0x00020000 store:0x00000073 load:0x00000000
00454383	lbu	x7,4(x10)	 x10:0x00101a18  x7=0x00000075 PA:0x00101a1c store:0x00000000
02038c63	beq	x7,x0,100110	  x7:0x00000075  x0:0x00000000
0077a023	sw	x7,0(x15)	 x15:0x00020000  x7:0x00000075 PA:0x00020000 store:0x00000075 load:0x00000000
00554583	lbu	x11,5(x10)	 x10:0x00101a18 x11=0x0000006c PA:0x00101a1d store:0x00000065
02058663	beq	x11,x0,100110	 x11:0x0000006c  x0:0x00000000
00b7a023	sw	x11,0(x15)	 x15:0x00020000 x11:0x0000006c PA:0x00020000 store:0x0000006c load:0x00000000
00654603	lbu	x12,6(x10)	 x10:0x00101a18 x12=0x00000074 PA:0x00101a1e store:0x00000073
02060063	beq	x12,x0,100110	 x12:0x00000074  x0:0x00000000
00c7a023	sw	x12,0(x15)	 x15:0x00020000 x12:0x00000074 PA:0x00020000 store:0x00000074 load:0x00000000
00754683	lbu	x13,7(x10)	 x10:0x00101a18 x13=0x0000003a PA:0x00101a1f store:0x00000075
00850513	addi	x10,x10,8	 x10:0x00101a18 x10=0x00101a20
00068863	beq	x13,x0,100110	 x13:0x0000003a  x0:0x00000000
00d7a023	sw	x13,0(x15)	 x15:0x00020000 x13:0x0000003a PA:0x00020000 store:0x0000003a load:0x00000000
00054803	lbu	x16,0(x10)	 x10:0x00101a20 x16=0x00000020 PA:0x00101a20 store:0x00000000
fa0810e3	bne	x16,x0,1000ac	 x16:0x00000020  x0:0x00000000
0107a023	sw	x16,0(x15)	 x15:0x00020000 x16:0x00000020 PA:0x00020000 store:0x00000020 load:0x00000000
00154703	lbu	x14,1(x10)	 x10:0x00101a20 x14=0x00000000 PA:0x00101a21 store:0x00101400
04070e63	beq	x14,x0,100110	 x14:0x00000000  x0:0x00000000
00000513	addi	x10,x0,0	  x0:0x00000000 x10=0x00000000
00008067	jalr	x0,0(x1)	  x1:0x00101400  x0=0x00000000
cf8a2503	lw	x10,-776(x20)	 x20:0x00102000 x10=0x3f80315b PA:0x00101cf8 store:0x0000000c
d1dfe0ef	jal	x1,100120	  x1=0x00101408
01c55793	srli	x15,x10,0x1c	 x10:0x3f80315b x15=0x00000003
00900713	addi	x14,x0,9	  x0:0x00000000 x14=0x00000009
0cf77a63	bgeu	x14,x15,1001fc	 x14:0x00000009 x15:0x00000003
03078393	addi	x7,x15,48	 x15:0x00000003  x7=0x00000033
000205b7	lui	x11,0x20	 x11=0x00020000
00451613	slli	x12,x10,0x4	 x10:0x3f80315b x12=0xf80315b0
0075a023	sw	x7,0(x11)	 x11:0x00020000  x7:0x00000033 PA:0x00020000 store:0x00000033 load:0x00000000
01c65693	srli	x13,x12,0x1c	 x12:0xf80315b0 x13=0x0000000f
00900813	addi	x16,x0,9	  x0:0x00000000 x16=0x00000009
f2d86ae3	bltu	x16,x13,100148	 x16:0x00000009 x13:0x0000000f
03768893	addi	x17,x13,55	 x13:0x0000000f x17=0x00000046
00020e37	lui	x28,0x20	 x28=0x00020000
00851f93	slli	x31,x10,0x8	 x10:0x3f80315b x31=0x80315b00
011e2023	sw	x17,0(x28)	 x28:0x00020000 x17:0x00000046 PA:0x00020000 store:0x00000046 load:0x00000000
01cfd793	srli	x15,x31,0x1c	 x31:0x80315b00 x15=0x00000008
00900713	addi	x14,x0,9	  x0:0x00000000 x14=0x00000009
0cf77a63	bgeu	x14,x15,100234	 x14:0x00000009 x15:0x00000008
03078393	addi	x7,x15,48	 x15:0x00000008  x7=0x00000038
000205b7	lui	x11,0x20	 x11=0x00020000
00c51613	slli	x12,x10,0xc	 x10:0x3f80315b x12=0x0315b000
0075a023	sw	x7,0(x11)	 x11:0x00020000  x7:0x00000038 PA:0x00020000 store:0x00000038 load:0x00000000
01c65693	srli	x13,x12,0x1c	 x12:0x0315b000 x13=0x00000000
00900813	addi	x16,x0,9	  x0:0x00000000 x16=0x00000009
f2d86ae3	bltu	x16,x13,100180	 x16:0x00000009 x13:0x00000000
03068e93	addi	x29,x13,48	 x13:0x00000000 x29=0x00000030
00020f37	lui	x30,0x20	 x30=0x00020000
01051f93	slli	x31,x10,0x10	 x10:0x3f80315b x31=0x315b0000
01df2023	sw	x29,0(x30)	 x30:0x00020000 x29:0x00000030 PA:0x00020000 store:0x00000030 load:0x00000000
01cfd793	srli	x15,x31,0x1c	 x31:0x315b0000 x15=0x00000003
00900713	addi	x14,x0,9	  x0:0x00000000 x14=0x00000009
f2f76ae3	bltu	x14,x15,10019c	 x14:0x00000009 x15:0x00000003
03078393	addi	x7,x15,48	 x15:0x00000003  x7=0x00000033
000205b7	lui	x11,0x20	 x11=0x00020000
01451613	slli	x12,x10,0x14	 x10:0x3f80315b x12=0x15b00000
0075a023	sw	x7,0(x11)	 x11:0x00020000  x7:0x00000033 PA:0x00020000 store:0x00000033 load:0x00000000
01c65693	srli	x13,x12,0x1c	 x12:0x15b00000 x13=0x00000001
00900813	addi	x16,x0,9	  x0:0x00000000 x16=0x00000009
f2d86ae3	bltu	x16,x13,1001b8	 x16:0x00000009 x13:0x00000001
03068e93	addi	x29,x13,48	 x13:0x00000001 x29=0x00000031
00020f37	lui	x30,0x20	 x30=0x00020000
01851f93	slli	x31,x10,0x18	 x10:0x3f80315b x31=0x5b000000
01df2023	sw	x29,0(x30)	 x30:0x00020000 x29:0x00000031 PA:0x00020000 store:0x00000031 load:0x00000000
01cfd793	srli	x15,x31,0x1c	 x31:0x5b000000 x15=0x00000005
00900713	addi	x14,x0,9	  x0:0x00000000 x14=0x00000009
f2f76ae3	bltu	x14,x15,1001d4	 x14:0x00000009 x15:0x00000005
03078393	addi	x7,x15,48	 x15:0x00000005  x7=0x00000035
000205b7	lui	x11,0x20	 x11=0x00020000
0075a023	sw	x7,0(x11)	 x11:0x00020000  x7:0x00000035 PA:0x00020000 store:0x00000035 load:0x00000000
00f57513	andi	x10,x10,15	 x10:0x3f80315b x10=0x0000000b
00900613	addi	x12,x0,9	  x0:0x00000000 x12=0x00000009
f2a67ae3	bgeu	x12,x10,1001ec	 x12:0x00000009 x10:0x0000000b
03750693	addi	x13,x10,55	 x10:0x0000000b x13=0x00000042
00020837	lui	x16,0x20	 x16=0x00020000
00d82023	sw	x13,0(x16)	 x16:0x00020000 x13:0x00000042 PA:0x00020000 store:0x00000042 load:0x00000000
00008067	jalr	x0,0(x1)	  x1:0x00101408  x0=0x00000000
f1ac18e3	bne	x24,x26,101318	 x24:0x0000000c x26:0x00000014
d089a607	flw	f12,-760(x19)	 f19:0x00102000 f12=0x00000000 PA:0x00101d08 store:0x3f818cf4
580676d3	fsqrt.s	f13,f12	 f12:0x00000009 f13=0x00000000
d0d9a427	fsw	f13,-760(x19)	 f19:0x00102000 f13:0x00000042 PA:0x00101d08 store:0x3f8018ab load:0x3f80315b
d089a387	flw	f7,-760(x19)	 f19:0x00102000  f7=0x00000000 PA:0x00101d08 store:0x3f818cf4
a10a8513	addi	x10,x21,-1520	 x21:0x00102000 x10=0x00101a10
e00386d3	fmv.x.w	x13,f7	  f7:0x00000035 x13=0x3f8018ab
ceda2c23	sw	x13,-776(x20)	 x20:0x00102000 x13:0x3f8018ab PA:0x00101cf8 store:0x3f8018ab load:0x3f8018ab
d6dfe0ef	jal	x1,1000a0	  x1=0x00101338
00054803	lbu	x16,0(x10)	 x10:0x00101a10 x16=0x0000000a PA:0x00101a10 store:0x00000000
06080663	beq	x16,x0,100110	 x16:0x0000000a  x0:0x00000000
000207b7	lui	x15,0x20	 x15=0x00020000
0107a023	sw	x16,0(x15)	 x15:0x00020000 x16:0x0000000a PA:0x00020000 store:0x0000000a load:0x00000000
00154703	lbu	x14,1(x10)	 x10:0x00101a10 x14=0x00000020 PA:0x00101a11 store:0x00101338
04070e63	beq	x14,x0,100110	 x14:0x00000020  x0:0x00000000
00e7a023	sw	x14,0(x15)	 x15:0x00020000 x14:0x00000020 PA:0x00020000 store:0x00000020 load:0x00000000
00254283	lbu	x5,2(x10)	 x10:0x00101a10  x5=0x00000069 PA:0x00101a12 store:0x00137fa0
04028863	beq	x5,x0,100110	  x5:0x00000069  x0:0x00000000
0057a023	sw	x5,0(x15)	 x15:0x00020000  x5:0x00000069 PA:0x00020000 store:0x00000069 load:0x00000000
00354303	lbu	x6,3(x10)	 x10:0x00101a10  x6=0x0000003d PA:0x00101a13 store:0x00000000
04030263	beq	x6,x0,100110	  x6:0x0000003d  x0:0x00000000
0067a023	sw	x6,0(x15)	 x15:0x00020000  x6:0x0000003d PA:0x00020000 store:0x0000003d load:0x00000000
00454383	lbu	x7,4(x10)	 x10:0x00101a10  x7=0x00000000 PA:0x00101a14 store:0x00000000
02038c63	beq	x7,x0,100110	  x7:0x00000000  x0:0x00000000
00000513	addi	x10,x0,0	  x0:0x00000000 x10=0x00000000
00008067	jalr	x0,0(x1)	  x1:0x00101338  x0=0x00000000
000c0513	addi	x10,x24,0	 x24:0x0000000c x10=0x0000000c
de5fe0ef	jal	x1,100120	  x1=0x00101340
01c55793	srli	x15,x10,0x1c	 x10:0x0000000c x15=0x00000000
00900713	addi	x14,x0,9	  x0:0x00000000 x14=0x00000009
0cf77a63	bgeu	x14,x15,1001fc	 x14:0x00000009 x15:0x00000000
03078393	addi	x7,x15,48	 x15:0x00000000  x7=0x00000030
000205b7	lui	x11,0x20	 x11=0x00020000
00451613	slli	x12,x10,0x4	 x10:0x0000000c x12=0x000000c0
0075a023	sw	x7,0(x11)	 x11:0x00020000  x7:0x00000030 PA:0x00020000 store:0x00000030 load:0x00000000
01c65693	srli	x13,x12,0x1c	 x12:0x000000c0 x13=0x00000000
00900813	addi	x16,x0,9	  x0:0x00000000 x16=0x00000009
f2d86ae3	bltu	x16,x13,100148	 x16:0x00000009 x13:0x00000000
03068e93	addi	x29,x13,48	 x13:0x00000000 x29=0x00000030
00020f37	lui	x30,0x20	 x30=0x00020000
00851f93	slli	x31,x10,0x8	 x10:0x0000000c x31=0x00000c00
01df2023	sw	x29,0(x30)	 x30:0x00020000 x29:0x00000030 PA:0x00020000 store:0x00000030 load:0x00000000
01cfd793	srli	x15,x31,0x1c	 x31:0x00000c00 x15=0x00000000
00900713	addi	x14,x0,9	  x0:0x00000000 x14=0x00000009
f2f76ae3	bltu	x14,x15,100164	 x14:0x00000009 x15:0x00000000
03078393	addi	x7,x15,48	 x15:0x00000000  x7=0x00000030
000205b7	lui	x11,0x20	 x11=0x00020000
00c51613	slli	x12,x10,0xc	 x10:0x0000000c x12=0x0000c000
0075a023	sw	x7,0(x11)	 x11:0x00020000  x7:0x00000030 PA:0x00020000 store:0x00000030 load:0x00000000
01c65693	srli	x13,x12,0x1c	 x12:0x0000c000 x13=0x00000000
00900813	addi	x16,x0,9	  x0:0x00000000 x16=0x00000009
f2d86ae3	bltu	x16,x13,100180	 x16:0x00000009 x13:0x00000000
03068e93	addi	x29,x13,48	 x13:0x00000000 x29=0x00000030
00020f37	lui	x30,0x20	 x30=0x00020000
01051f93	slli	x31,x10,0x10	 x10:0x0000000c x31=0x000c0000
01df2023	sw	x29,0(x30)	 x30:0x00020000 x29:0x00000030 PA:0x00020000 store:0x00000030 load:0x00000000
01cfd793	srli	x15,x31,0x1c	 x31:0x000c0000 x15=0x00000000
00900713	addi	x14,x0,9	  x0:0x00000000 x14=0x00000009
f2f76ae3	bltu	x14,x15,10019c	 x14:0x00000009 x15:0x00000000
03078393	addi	x7,x15,48	 x15:0x00000000  x7=0x00000030
000205b7	lui	x11,0x20	 x11=0x00020000
01451613	slli	x12,x10,0x14	 x10:0x0000000c x12=0x00c00000
0075a023	sw	x7,0(x11)	 x11:0x00020000  x7:0x00000030 PA:0x00020000 store:0x00000030 load:0x00000000
01c65693	srli	x13,x12,0x1c	 x12:0x00c00000 x13=0x00000000
00900813	addi	x16,x0,9	  x0:0x00000000 x16=0x00000009
f2d86ae3	bltu	x16,x13,1001b8	 x16:0x00000009 x13:0x00000000
03068e93	addi	x29,x13,48	 x13:0x00000000 x29=0x00000030
00020f37	lui	x30,0x20	 x30=0x00020000
01851f93	slli	x31,x10,0x18	 x10:0x0000000c x31=0x0c000000
01df2023	sw	x29,0(x30)	 x30:0x00020000 x29:0x00000030 PA:0x00020000 store:0x00000030 load:0x00000000
01cfd793	srli	x15,x31,0x1c	 x31:0x0c000000 x15=0x00000000
00900713	addi	x14,x0,9	  x0:0x00000000 x14=0x00000009
f2f76ae3	bltu	x14,x15,1001d4	 x14:0x00000009 x15:0x00000000
03078393	addi	x7,x15,48	 x15:0x00000000  x7=0x00000030
000205b7	lui	x11,0x20	 x11=0x00020000
0075a023	sw	x7,0(x11)	 x11:0x00020000  x7:0x00000030 PA:0x00020000 store:0x00000030 load:0x00000000
00f57513	andi	x10,x10,15	 x10:0x0000000c x10=0x0000000c
00900613	addi	x12,x0,9	  x0:0x00000000 x12=0x00000009
f2a67ae3	bgeu	x12,x10,1001ec	 x12:0x00000009 x10:0x0000000c
03750693	addi	x13,x10,55	 x10:0x0000000c x13=0x00000043
00020837	lui	x16,0x20	 x16=0x00020000
00d82023	sw	x13,0(x16)	 x16:0x00020000 x13:0x00000043 PA:0x00020000 store:0x00000043 load:0x00000000
00008067	jalr	x0,0(x1)	  x1:0x00101340  x0=0x00000000
a18b0513	addi	x10,x22,-1512	 x22:0x00102000 x10=0x00101a18
d5dfe0ef	jal	x1,1000a0	  x1=0x00101348
00054803	lbu	x16,0(x10)	 x10:0x00101a18 x16=0x00000020 PA:0x00101a18 store:0x00000000
06080663	beq	x16,x0,100110	 x16:0x00000020  x0:0x00000000
000207b7	lui	x15,0x20	 x15=0x00020000
0107a023	sw	x16,0(x15)	 x15:0x00020000 x16:0x00000020 PA:0x00020000 store:0x00000020 load:0x00000000
00154703	lbu	x14,1(x10)	 x10:0x00101a18 x14=0x00000072 PA:0x00101a19 store:0x00101348
04070e63	beq	x14,x0,100110	 x14:0x00000072  x0:0x00000000
00e7a023	sw	x14,0(x15)	 x15:0x00020000 x14:0x00000072 PA:0x00020000 store:0x00000072 load:0x00000000
00254283	lbu	x5,2(x10)	 x10:0x00101a18  x5=0x00000065 PA:0x00101a1a store:0x00137fa0
04028863	beq	x5,x0,100110	  x5:0x00000065  x0:0x00000000
0057a023	sw	x5,0(x15)	 x15:0x00020000  x5:0x00000065 PA:0x00020000 store:0x00000065 load:0x00000000
00354303	lbu	x6,3(x10)	 x10:0x00101a18  x6=0x00000073 PA:0x00101a1b store:0x00000000
04030263	beq	x6,x0,100110	  x6:0x00000073  x0:0x00000000
0067a023	sw	x6,0(x15)	 x15:0x00020000  x6:0x00000073 PA:0x00020000 store:0x00000073 load:0x00000000
00454383	lbu	x7,4(x10)	 x10:0x00101a18  x7=0x00000075 PA:0x00101a1c store:0x00000000
02038c63	beq	x7,x0,100110	  x7:0x00000075  x0:0x00000000
0077a023	sw	x7,0(x15)	 x15:0x00020000  x7:0x00000075 PA:0x00020000 store:0x00000075 load:0x00000000
00554583	lbu	x11,5(x10)	 x10:0x00101a18 x11=0x0000006c PA:0x00101a1d store:0x00000065
02058663	beq	x11,x0,100110	 x11:0x0000006c  x0:0x00000000
00b7a023	sw	x11,0(x15)	 x15:0x00020000 x11:0x0000006c PA:0x00020000 store:0x0000006c load:0x00000000
00654603	lbu	x12,6(x10)	 x10:0x00101a18 x12=0x00000074 PA:0x00101a1e store:0x00000073
02060063	beq	x12,x0,100110	 x12:0x00000074  x0:0x00000000
00c7a023	sw	x12,0(x15)	 x15:0x00020000 x12:0x00000074 PA:0x00020000 store:0x00000074 load:0x00000000
00754683	lbu	x13,7(x10)	 x10:0x00101a18 x13=0x0000003a PA:0x00101a1f store:0x00000075
00850513	addi	x10,x10,8	 x10:0x00101a18 x10=0x00101a20
00068863	beq	x13,x0,100110	 x13:0x0000003a  x0:0x00000000
00d7a023	sw	x13,0(x15)	 x15:0x00020000 x13:0x0000003a PA:0x00020000 store:0x0000003a load:0x00000000
00054803	lbu	x16,0(x10)	 x10:0x00101a20 x16=0x00000020 PA:0x00101a20 store:0x00000000
fa0810e3	bne	x16,x0,1000ac	 x16:0x00000020  x0:0x00000000
0107a023	sw	x16,0(x15)	 x15:0x00020000 x16:0x00000020 PA:0x00020000 store:0x00000020 load:0x00000000
00154703	lbu	x14,1(x10)	 x10:0x00101a20 x14=0x00000000 PA:0x00101a21 store:0x00101348
04070e63	beq	x14,x0,100110	 x14:0x00000000  x0:0x00000000
00000513	addi	x10,x0,0	  x0:0x00000000 x10=0x00000000
00008067	jalr	x0,0(x1)	  x1:0x00101348  x0=0x00000000
cf8a2503	lw	x10,-776(x20)	 x20:0x00102000 x10=0x3f8018ab PA:0x00101cf8 store:0x0000000c
001c0d93	addi	x27,x24,1	 x24:0x0000000c x27=0x0000000d
dd1fe0ef	jal	x1,100120	  x1=0x00101354
01c55793	srli	x15,x10,0x1c	 x10:0x3f8018ab x15=0x00000003
00900713	addi	x14,x0,9	  x0:0x00000000 x14=0x00000009
0cf77a63	bgeu	x14,x15,1001fc	 x14:0x00000009 x15:0x00000003
03078393	addi	x7,x15,48	 x15:0x00000003  x7=0x00000033
000205b7	lui	x11,0x20	 x11=0x00020000
00451613	slli	x12,x10,0x4	 x10:0x3f8018ab x12=0xf8018ab0
0075a023	sw	x7,0(x11)	 x11:0x00020000  x7:0x00000033 PA:0x00020000 store:0x00000033 load:0x00000000
01c65693	srli	x13,x12,0x1c	 x12:0xf8018ab0 x13=0x0000000f
00900813	addi	x16,x0,9	  x0:0x00000000 x16=0x00000009
f2d86ae3	bltu	x16,x13,100148	 x16:0x00000009 x13:0x0000000f
03768893	addi	x17,x13,55	 x13:0x0000000f x17=0x00000046
00020e37	lui	x28,0x20	 x28=0x00020000
00851f93	slli	x31,x10,0x8	 x10:0x3f8018ab x31=0x8018ab00
011e2023	sw	x17,0(x28)	 x28:0x00020000 x17:0x00000046 PA:0x00020000 store:0x00000046 load:0x00000000
01cfd793	srli	x15,x31,0x1c	 x31:0x8018ab00 x15=0x00000008
00900713	addi	x14,x0,9	  x0:0x00000000 x14=0x00000009
0cf77a63	bgeu	x14,x15,100234	 x14:0x00000009 x15:0x00000008
03078393	addi	x7,x15,48	 x15:0x00000008  x7=0x00000038
000205b7	lui	x11,0x20	 x11=0x00020000
00c51613	slli	x12,x10,0xc	 x10:0x3f8018ab x12=0x018ab000
0075a023	sw	x7,0(x11)	 x11:0x00020000  x7:0x00000038 PA:0x00020000 store:0x00000038 load:0x00000000
01c65693	srli	x13,x12,0x1c	 x12:0x018ab000 x13=0x00000000
00900813	addi	x16,x0,9	  x0:0x00000000 x16=0x00000009
f2d86ae3	bltu	x16,x13,100180	 x16:0x00000009 x13:0x00000000
03068e93	addi	x29,x13,48	 x13:0x00000000 x29=0x00000030
00020f37	lui	x30,0x20	 x30=0x00020000
01051f93	slli	x31,x10,0x10	 x10:0x3f8018ab x31=0x18ab0000
01df2023	sw	x29,0(x30)	 x30:0x00020000 x29:0x00000030 PA:0x00020000 store:0x00000030 load:0x00000000
01cfd793	srli	x15,x31,0x1c	 x31:0x18ab0000 x15=0x00000001
00900713	addi	x14,x0,9	  x0:0x00000000 x14=0x00000009
f2f76ae3	bltu	x14,x15,10019c	 x14:0x00000009 x15:0x00000001
03078393	addi	x7,x15,48	 x15:0x00000001  x7=0x00000031
000205b7	lui	x11,0x20	 x11=0x00020000
01451613	slli	x12,x10,0x14	 x10:0x3f8018ab x12=0x8ab00000
0075a023	sw	x7,0(x11)	 x11:0x00020000  x7:0x00000031 PA:0x00020000 store:0x00000031 load:0x00000000
01c65693	srli	x13,x12,0x1c	 x12:0x8ab00000 x13=0x00000008
00900813	addi	x16,x0,9	  x0:0x00000000 x16=0x00000009
f2d86ae3	bltu	x16,x13,1001b8	 x16:0x00000009 x13:0x00000008
03068e93	addi	x29,x13,48	 x13:0x00000008 x29=0x00000038
00020f37	lui	x30,0x20	 x30=0x00020000
01851f93	slli	x31,x10,0x18	 x10:0x3f8018ab x31=0xab000000
01df2023	sw	x29,0(x30)	 x30:0x00020000 x29:0x00000038 PA:0x00020000 store:0x00000038 load:0x00000000
01cfd793	srli	x15,x31,0x1c	 x31:0xab000000 x15=0x0000000a
00900713	addi	x14,x0,9	  x0:0x00000000 x14=0x00000009
f2f76ae3	bltu	x14,x15,1001d4	 x14:0x00000009 x15:0x0000000a
03778293	addi	x5,x15,55	 x15:0x0000000a  x5=0x00000041
00020337	lui	x6,0x20	  x6=0x00020000
00532023	sw	x5,0(x6)	  x6:0x00020000  x5:0x00000041 PA:0x00020000 store:0x00000041 load:0x00000000
00f57513	andi	x10,x10,15	 x10:0x3f8018ab x10=0x0000000b
00900613	addi	x12,x0,9	  x0:0x00000000 x12=0x00000009
0ca66a63	bltu	x12,x10,1002bc	 x12:0x00000009 x10:0x0000000b
03750693	addi	x13,x10,55	 x10:0x0000000b x13=0x00000042
00020837	lui	x16,0x20	 x16=0x00020000
00d82023	sw	x13,0(x16)	 x16:0x00020000 x13:0x00000042 PA:0x00020000 store:0x00000042 load:0x00000000
00008067	jalr	x0,0(x1)	  x1:0x00101354  x0=0x00000000
d089a407	flw	f8,-760(x19)	 f19:0x00102000  f8=0x00000000 PA:0x00101d08 store:0x3f818cf4
580474d3	fsqrt.s	f9,f8	  f8:0x00102000  f9=0x00000000
d099a427	fsw	f9,-760(x19)	 f19:0x00102000  f9:0x00102000 PA:0x00101d08 store:0x3f800c55 load:0x3f8018ab
d089a507	flw	f10,-760(x19)	 f19:0x00102000 f10=0x00000000 PA:0x00101d08 store:0x3f8018ab
a10a8513	addi	x10,x21,-1520	 x21:0x00102000 x10=0x00101a10
e0050753	fmv.x.w	x14,f10	 f10:0x00101a10 x14=0x3f800c55
ceea2c23	sw	x14,-776(x20)	 x20:0x00102000 x14:0x3f800c55 PA:0x00101cf8 store:0x3f800c55 load:0x3f800c55
d31fe0ef	jal	x1,1000a0	  x1=0x00101374
00054803	lbu	x16,0(x10)	 x10:0x00101a10 x16=0x0000000a PA:0x00101a10 store:0x00000000
06080663	beq	x16,x0,100110	 x16:0x0000000a  x0:0x00000000
000207b7	lui	x15,0x20	 x15=0x00020000
0107a023	sw	x16,0(x15)	 x15:0x00020000 x16:0x0000000a PA:0x00020000 store:0x0000000a load:0x00000000
00154703	lbu	x14,1(x10)	 x10:0x00101a10 x14=0x00000020 PA:0x00101a11 store:0x00101374
04070e63	beq	x14,x0,100110	 x14:0x00000020  x0:0x00000000
00e7a023	sw	x14,0(x15)	 x15:0x00020000 x14:0x00000020 PA:0x00020000 store:0x00000020 load:0x00000000
00254283	lbu	x5,2(x10)	 x10:0x00101a10  x5=0x00000069 PA:0x00101a12 store:0x00137fa0
04028863	beq	x5,x0,100110	  x5:0x00000069  x0:0x00000000
0057a023	sw	x5,0(x15)	 x15:0x00020000  x5:0x00000069 PA:0x00020000 store:0x00000069 load:0x00000000
00354303	lbu	x6,3(x10)	 x10:0x00101a10  x6=0x0000003d PA:0x00101a13 store:0x00000000
04030263	beq	x6,x0,100110	  x6:0x0000003d  x0:0x00000000
0067a023	sw	x6,0(x15)	 x15:0x00020000  x6:0x0000003d PA:0x00020000 store:0x0000003d load:0x00000000
00454383	lbu	x7,4(x10)	 x10:0x00101a10  x7=0x00000000 PA:0x00101a14 store:0x00000000
02038c63	beq	x7,x0,100110	  x7:0x00000000  x0:0x00000000
00000513	addi	x10,x0,0	  x0:0x00000000 x10=0x00000000
00008067	jalr	x0,0(x1)	  x1:0x00101374  x0=0x00000000
000d8513	addi	x10,x27,0	 x27:0x0000000d x10=0x0000000d
da9fe0ef	jal	x1,100120	  x1=0x0010137c
01c55793	srli	x15,x10,0x1c	 x10:0x0000000d x15=0x00000000
00900713	addi	x14,x0,9	  x0:0x00000000 x14=0x00000009
0cf77a63	bgeu	x14,x15,1001fc	 x14:0x00000009 x15:0x00000000
03078393	addi	x7,x15,48	 x15:0x00000000  x7=0x00000030
000205b7	lui	x11,0x20	 x11=0x00020000
00451613	slli	x12,x10,0x4	 x10:0x0000000d x12=0x000000d0
0075a023	sw	x7,0(x11)	 x11:0x00020000  x7:0x00000030 PA:0x00020000 store:0x00000030 load:0x00000000
01c65693	srli	x13,x12,0x1c	 x12:0x000000d0 x13=0x00000000
00900813	addi	x16,x0,9	  x0:0x00000000 x16=0x00000009
f2d86ae3	bltu	x16,x13,100148	 x16:0x00000009 x13:0x00000000
03068e93	addi	x29,x13,48	 x13:0x00000000 x29=0x00000030
00020f37	lui	x30,0x20	 x30=0x00020000
00851f93	slli	x31,x10,0x8	 x10:0x0000000d x31=0x00000d00
01df2023	sw	x29,0(x30)	 x30:0x00020000 x29:0x00000030 PA:0x00020000 store:0x00000030 load:0x00000000
01cfd793	srli	x15,x31,0x1c	 x31:0x00000d00 x15=0x00000000
00900713	addi	x14,x0,9	  x0:0x00000000 x14=0x00000009
f2f76ae3	bltu	x14,x15,100164	 x14:0x00000009 x15:0x00000000
03078393	addi	x7,x15,48	 x15:0x00000000  x7=0x00000030
000205b7	lui	x11,0x20	 x11=0x00020000
00c51613	slli	x12,x10,0xc	 x10:0x0000000d x12=0x0000d000
0075a023	sw	x7,0(x11)	 x11:0x00020000  x7:0x00000030 PA:0x00020000 store:0x00000030 load:0x00000000
01c65693	srli	x13,x12,0x1c	 x12:0x0000d000 x13=0x00000000
00900813	addi	x16,x0,9	  x0:0x00000000 x16=0x00000009
f2d86ae3	bltu	x16,x13,100180	 x16:0x00000009 x13:0x00000000
03068e93	addi	x29,x13,48	 x13:0x00000000 x29=0x00000030
00020f37	lui	x30,0x20	 x30=0x00020000
01051f93	slli	x31,x10,0x10	 x10:0x0000000d x31=0x000d0000
01df2023	sw	x29,0(x30)	 x30:0x00020000 x29:0x00000030 PA:0x00020000 store:0x00000030 load:0x00000000
01cfd793	srli	x15,x31,0x1c	 x31:0x000d0000 x15=0x00000000
00900713	addi	x14,x0,9	  x0:0x00000000 x14=0x00000009
f2f76ae3	bltu	x14,x15,10019c	 x14:0x00000009 x15:0x00000000
03078393	addi	x7,x15,48	 x15:0x00000000  x7=0x00000030
000205b7	lui	x11,0x20	 x11=0x00020000
01451613	slli	x12,x10,0x14	 x10:0x0000000d x12=0x00d00000
0075a023	sw	x7,0(x11)	 x11:0x00020000  x7:0x00000030 PA:0x00020000 store:0x00000030 load:0x00000000
01c65693	srli	x13,x12,0x1c	 x12:0x00d00000 x13=0x00000000
00900813	addi	x16,x0,9	  x0:0x00000000 x16=0x00000009
f2d86ae3	bltu	x16,x13,1001b8	 x16:0x00000009 x13:0x00000000
03068e93	addi	x29,x13,48	 x13:0x00000000 x29=0x00000030
00020f37	lui	x30,0x20	 x30=0x00020000
01851f93	slli	x31,x10,0x18	 x10:0x0000000d x31=0x0d000000
01df2023	sw	x29,0(x30)	 x30:0x00020000 x29:0x00000030 PA:0x00020000 store:0x00000030 load:0x00000000
01cfd793	srli	x15,x31,0x1c	 x31:0x0d000000 x15=0x00000000
00900713	addi	x14,x0,9	  x0:0x00000000 x14=0x00000009
f2f76ae3	bltu	x14,x15,1001d4	 x14:0x00000009 x15:0x00000000
03078393	addi	x7,x15,48	 x15:0x00000000  x7=0x00000030
000205b7	lui	x11,0x20	 x11=0x00020000
0075a023	sw	x7,0(x11)	 x11:0x00020000  x7:0x00000030 PA:0x00020000 store:0x00000030 load:0x00000000
00f57513	andi	x10,x10,15	 x10:0x0000000d x10=0x0000000d
00900613	addi	x12,x0,9	  x0:0x00000000 x12=0x00000009
f2a67ae3	bgeu	x12,x10,1001ec	 x12:0x00000009 x10:0x0000000d
03750693	addi	x13,x10,55	 x10:0x0000000d x13=0x00000044
00020837	lui	x16,0x20	 x16=0x00020000
00d82023	sw	x13,0(x16)	 x16:0x00020000 x13:0x00000044 PA:0x00020000 store:0x00000044 load:0x00000000
00008067	jalr	x0,0(x1)	  x1:0x0010137c  x0=0x00000000
a18b0513	addi	x10,x22,-1512	 x22:0x00102000 x10=0x00101a18
d21fe0ef	jal	x1,1000a0	  x1=0x00101384
00054803	lbu	x16,0(x10)	 x10:0x00101a18 x16=0x00000020 PA:0x00101a18 store:0x00000000
06080663	beq	x16,x0,100110	 x16:0x00000020  x0:0x00000000
000207b7	lui	x15,0x20	 x15=0x00020000
0107a023	sw	x16,0(x15)	 x15:0x00020000 x16:0x00000020 PA:0x00020000 store:0x00000020 load:0x00000000
00154703	lbu	x14,1(x10)	 x10:0x00101a18 x14=0x00000072 PA:0x00101a19 store:0x00101384
04070e63	beq	x14,x0,100110	 x14:0x00000072  x0:0x00000000
00e7a023	sw	x14,0(x15)	 x15:0x00020000 x14:0x00000072 PA:0x00020000 store:0x00000072 load:0x00000000
00254283	lbu	x5,2(x10)	 x10:0x00101a18  x5=0x00000065 PA:0x00101a1a store:0x00137fa0
04028863	beq	x5,x0,100110	  x5:0x00000065  x0:0x00000000
0057a023	sw	x5,0(x15)	 x15:0x00020000  x5:0x00000065 PA:0x00020000 store:0x00000065 load:0x00000000
00354303	lbu	x6,3(x10)	 x10:0x00101a18  x6=0x00000073 PA:0x00101a1b store:0x00000000
04030263	beq	x6,x0,100110	  x6:0x00000073  x0:0x00000000
0067a023	sw	x6,0(x15)	 x15:0x00020000  x6:0x00000073 PA:0x00020000 store:0x00000073 load:0x00000000
00454383	lbu	x7,4(x10)	 x10:0x00101a18  x7=0x00000075 PA:0x00101a1c store:0x00000000
02038c63	beq	x7,x0,100110	  x7:0x00000075  x0:0x00000000
0077a023	sw	x7,0(x15)	 x15:0x00020000  x7:0x00000075 PA:0x00020000 store:0x00000075 load:0x00000000
00554583	lbu	x11,5(x10)	 x10:0x00101a18 x11=0x0000006c PA:0x00101a1d store:0x00000065
02058663	beq	x11,x0,100110	 x11:0x0000006c  x0:0x00000000
00b7a023	sw	x11,0(x15)	 x15:0x00020000 x11:0x0000006c PA:0x00020000 store:0x0000006c load:0x00000000
00654603	lbu	x12,6(x10)	 x10:0x00101a18 x12=0x00000074 PA:0x00101a1e store:0x00000073
02060063	beq	x12,x0,100110	 x12:0x00000074  x0:0x00000000
00c7a023	sw	x12,0(x15)	 x15:0x00020000 x12:0x00000074 PA:0x00020000 store:0x00000074 load:0x00000000
00754683	lbu	x13,7(x10)	 x10:0x00101a18 x13=0x0000003a PA:0x00101a1f store:0x00000075
00850513	addi	x10,x10,8	 x10:0x00101a18 x10=0x00101a20
00068863	beq	x13,x0,100110	 x13:0x0000003a  x0:0x00000000
00d7a023	sw	x13,0(x15)	 x15:0x00020000 x13:0x0000003a PA:0x00020000 store:0x0000003a load:0x00000000
00054803	lbu	x16,0(x10)	 x10:0x00101a20 x16=0x00000020 PA:0x00101a20 store:0x00000000
fa0810e3	bne	x16,x0,1000ac	 x16:0x00000020  x0:0x00000000
0107a023	sw	x16,0(x15)	 x15:0x00020000 x16:0x00000020 PA:0x00020000 store:0x00000020 load:0x00000000
00154703	lbu	x14,1(x10)	 x10:0x00101a20 x14=0x00000000 PA:0x00101a21 store:0x00101384
04070e63	beq	x14,x0,100110	 x14:0x00000000  x0:0x00000000
00000513	addi	x10,x0,0	  x0:0x00000000 x10=0x00000000
00008067	jalr	x0,0(x1)	  x1:0x00101384  x0=0x00000000
cf8a2503	lw	x10,-776(x20)	 x20:0x00102000 x10=0x3f800c55 PA:0x00101cf8 store:0x0000000c
002c0d93	addi	x27,x24,2	 x24:0x0000000c x27=0x0000000e
d95fe0ef	jal	x1,100120	  x1=0x00101390
01c55793	srli	x15,x10,0x1c	 x10:0x3f800c55 x15=0x00000003
00900713	addi	x14,x0,9	  x0:0x00000000 x14=0x00000009
0cf77a63	bgeu	x14,x15,1001fc	 x14:0x00000009 x15:0x00000003
03078393	addi	x7,x15,48	 x15:0x00000003  x7=0x00000033
000205b7	lui	x11,0x20	 x11=0x00020000
00451613	slli	x12,x10,0x4	 x10:0x3f800c55 x12=0xf800c550
0075a023	sw	x7,0(x11)	 x11:0x00020000  x7:0x00000033 PA:0x00020000 store:0x00000033 load:0x00000000
01c65693	srli	x13,x12,0x1c	 x12:0xf800c550 x13=0x0000000f
00900813	addi	x16,x0,9	  x0:0x00000000 x16=0x00000009
f2d86ae3	bltu	x16,x13,100148	 x16:0x00000009 x13:0x0000000f
03768893	addi	x17,x13,55	 x13:0x0000000f x17=0x00000046
00020e37	lui	x28,0x20	 x28=0x00020000
00851f93	slli	x31,x10,0x8	 x10:0x3f800c55 x31=0x800c5500
011e2023	sw	x17,0(x28)	 x28:0x00020000 x17:0x00000046 PA:0x00020000 store:0x00000046 load:0x00000000
01cfd793	srli	x15,x31,0x1c	 x31:0x800c5500 x15=0x00000008
00900713	addi	x14,x0,9	  x0:0x00000000 x14=0x00000009
0cf77a63	bgeu	x14,x15,100234	 x14:0x00000009 x15:0x00000008
03078393	addi	x7,x15,48	 x15:0x00000008  x7=0x00000038
000205b7	lui	x11,0x20	 x11=0x00020000
00c51613	slli	x12,x10,0xc	 x10:0x3f800c55 x12=0x00c55000
0075a023	sw	x7,0(x11)	 x11:0x00020000  x7:0x00000038 PA:0x00020000 store:0x00000038 load:0x00000000
01c65693	srli	x13,x12,0x1c	 x12:0x00c55000 x13=0x00000000
00900813	addi	x16,x0,9	  x0:0x00000000 x16=0x00000009
f2d86ae3	bltu	x16,x13,100180	 x16:0x00000009 x13:0x00000000
03068e93	addi	x29,x13,48	 x13:0x00000000 x29=0x00000030
00020f37	lui	x30,0x20	 x30=0x00020000
01051f93	slli	x31,x10,0x10	 x10:0x3f800c55 x31=0x0c550000
01df2023	sw	x29,0(x30)	 x30:0x00020000 x29:0x00000030 PA:0x00020000 store:0x00000030 load:0x00000000
01cfd793	srli	x15,x31,0x1c	 x31:0x0c550000 x15=0x00000000
00900713	addi	x14,x0,9	  x0:0x00000000 x14=0x00000009
f2f76ae3	bltu	x14,x15,10019c	 x14:0x00000009 x15:0x00000000
03078393	addi	x7,x15,48	 x15:0x00000000  x7=0x00000030
000205b7	lui	x11,0x20	 x11=0x00020000
01451613	slli	x12,x10,0x14	 x10:0x3f800c55 x12=0xc5500000
0075a023	sw	x7,0(x11)	 x11:0x00020000  x7:0x00000030 PA:0x00020000 store:0x00000030 load:0x00000000
01c65693	srli	x13,x12,0x1c	 x12:0xc5500000 x13=0x0000000c
00900813	addi	x16,x0,9	  x0:0x00000000 x16=0x00000009
f2d86ae3	bltu	x16,x13,1001b8	 x16:0x00000009 x13:0x0000000c
03768893	addi	x17,x13,55	 x13:0x0000000c x17=0x00000043
00020e37	lui	x28,0x20	 x28=0x00020000
01851f93	slli	x31,x10,0x18	 x10:0x3f800c55 x31=0x55000000
011e2023	sw	x17,0(x28)	 x28:0x00020000 x17:0x00000043 PA:0x00020000 store:0x00000043 load:0x00000000
01cfd793	srli	x15,x31,0x1c	 x31:0x55000000 x15=0x00000005
00900713	addi	x14,x0,9	  x0:0x00000000 x14=0x00000009
0cf77a63	bgeu	x14,x15,1002a4	 x14:0x00000009 x15:0x00000005
03078393	addi	x7,x15,48	 x15:0x00000005  x7=0x00000035
000205b7	lui	x11,0x20	 x11=0x00020000
0075a023	sw	x7,0(x11)	 x11:0x00020000  x7:0x00000035 PA:0x00020000 store:0x00000035 load:0x00000000
00f57513	andi	x10,x10,15	 x10:0x3f800c55 x10=0x00000005
00900613	addi	x12,x0,9	  x0:0x00000000 x12=0x00000009
f2a67ae3	bgeu	x12,x10,1001ec	 x12:0x00000009 x10:0x00000005
03050893	addi	x17,x10,48	 x10:0x00000005 x17=0x00000035
00020e37	lui	x28,0x20	 x28=0x00020000
011e2023	sw	x17,0(x28)	 x28:0x00020000 x17:0x00000035 PA:0x00020000 store:0x00000035 load:0x00000000
00008067	jalr	x0,0(x1)	  x1:0x00101390  x0=0x00000000
d089a807	flw	f16,-760(x19)	 f19:0x00102000 f16=0x00000000 PA:0x00101d08 store:0x3f8018ab
a10a8513	addi	x10,x21,-1520	 x21:0x00102000 x10=0x00101a10
580878d3	fsqrt.s	f17,f16	 f16:0x00000009 f17=0x00000000
d119a427	fsw	f17,-760(x19)	 f19:0x00102000 f17:0x00000035 PA:0x00101d08 store:0x3f80062a load:0x3f800c55
d089a907	flw	f18,-760(x19)	 f19:0x00102000 f18=0x00000000 PA:0x00101d08 store:0x3f8018ab
e00907d3	fmv.x.w	x15,f18	 f18:0x00102000 x15=0x3f80062a
cefa2c23	sw	x15,-776(x20)	 x20:0x00102000 x15:0x3f80062a PA:0x00101cf8 store:0x3f80062a load:0x3f80062a
cf5fe0ef	jal	x1,1000a0	  x1=0x001013b0
00054803	lbu	x16,0(x10)	 x10:0x00101a10 x16=0x0000000a PA:0x00101a10 store:0x00000000
06080663	beq	x16,x0,100110	 x16:0x0000000a  x0:0x00000000
000207b7	lui	x15,0x20	 x15=0x00020000
0107a023	sw	x16,0(x15)	 x15:0x00020000 x16:0x0000000a PA:0x00020000 store:0x0000000a load:0x00000000
00154703	lbu	x14,1(x10)	 x10:0x00101a10 x14=0x00000020 PA:0x00101a11 store:0x001013b0
04070e63	beq	x14,x0,100110	 x14:0x00000020  x0:0x00000000
00e7a023	sw	x14,0(x15)	 x15:0x00020000 x14:0x00000020 PA:0x00020000 store:0x00000020 load:0x00000000
00254283	lbu	x5,2(x10)	 x10:0x00101a10  x5=0x00000069 PA:0x00101a12 store:0x00137fa0
04028863	beq	x5,x0,100110	  x5:0x00000069  x0:0x00000000
0057a023	sw	x5,0(x15)	 x15:0x00020000  x5:0x00000069 PA:0x00020000 store:0x00000069 load:0x00000000
00354303	lbu	x6,3(x10)	 x10:0x00101a10  x6=0x0000003d PA:0x00101a13 store:0x00000000
04030263	beq	x6,x0,100110	  x6:0x0000003d  x0:0x00000000
0067a023	sw	x6,0(x15)	 x15:0x00020000  x6:0x0000003d PA:0x00020000 store:0x0000003d load:0x00000000
00454383	lbu	x7,4(x10)	 x10:0x00101a10  x7=0x00000000 PA:0x00101a14 store:0x00000000
02038c63	beq	x7,x0,100110	  x7:0x00000000  x0:0x00000000
00000513	addi	x10,x0,0	  x0:0x00000000 x10=0x00000000
00008067	jalr	x0,0(x1)	  x1:0x001013b0  x0=0x00000000
000d8513	addi	x10,x27,0	 x27:0x0000000e x10=0x0000000e
d6dfe0ef	jal	x1,100120	  x1=0x001013b8
01c55793	srli	x15,x10,0x1c	 x10:0x0000000e x15=0x00000000
00900713	addi	x14,x0,9	  x0:0x00000000 x14=0x00000009
0cf77a63	bgeu	x14,x15,1001fc	 x14:0x00000009 x15:0x00000000
03078393	addi	x7,x15,48	 x15:0x00000000  x7=0x00000030
000205b7	lui	x11,0x20	 x11=0x00020000
00451613	slli	x12,x10,0x4	 x10:0x0000000e x12=0x000000e0
0075a023	sw	x7,0(x11)	 x11:0x00020000  x7:0x00000030 PA:0x00020000 store:0x00000030 load:0x00000000
01c65693	srli	x13,x12,0x1c	 x12:0x000000e0 x13=0x00000000
00900813	addi	x16,x0,9	  x0:0x00000000 x16=0x00000009
f2d86ae3	bltu	x16,x13,100148	 x16:0x00000009 x13:0x00000000
03068e93	addi	x29,x13,48	 x13:0x00000000 x29=0x00000030
00020f37	lui	x30,0x20	 x30=0x00020000
00851f93	slli	x31,x10,0x8	 x10:0x0000000e x31=0x00000e00
01df2023	sw	x29,0(x30)	 x30:0x00020000 x29:0x00000030 PA:0x00020000 store:0x00000030 load:0x00000000
01cfd793	srli	x15,x31,0x1c	 x31:0x00000e00 x15=0x00000000
00900713	addi	x14,x0,9	  x0:0x00000000 x14=0x00000009
f2f76ae3	bltu	x14,x15,100164	 x14:0x00000009 x15:0x00000000
03078393	addi	x7,x15,48	 x15:0x00000000  x7=0x00000030
000205b7	lui	x11,0x20	 x11=0x00020000
00c51613	slli	x12,x10,0xc	 x10:0x0000000e x12=0x0000e000
0075a023	sw	x7,0(x11)	 x11:0x00020000  x7:0x00000030 PA:0x00020000 store:0x00000030 load:0x00000000
01c65693	srli	x13,x12,0x1c	 x12:0x0000e000 x13=0x00000000
00900813	addi	x16,x0,9	  x0:0x00000000 x16=0x00000009
f2d86ae3	bltu	x16,x13,100180	 x16:0x00000009 x13:0x00000000
03068e93	addi	x29,x13,48	 x13:0x00000000 x29=0x00000030
00020f37	lui	x30,0x20	 x30=0x00020000
01051f93	slli	x31,x10,0x10	 x10:0x0000000e x31=0x000e0000
01df2023	sw	x29,0(x30)	 x30:0x00020000 x29:0x00000030 PA:0x00020000 store:0x00000030 load:0x00000000
01cfd793	srli	x15,x31,0x1c	 x31:0x000e0000 x15=0x00000000
00900713	addi	x14,x0,9	  x0:0x00000000 x14=0x00000009
f2f76ae3	bltu	x14,x15,10019c	 x14:0x00000009 x15:0x00000000
03078393	addi	x7,x15,48	 x15:0x00000000  x7=0x00000030
000205b7	lui	x11,0x20	 x11=0x00020000
01451613	slli	x12,x10,0x14	 x10:0x0000000e x12=0x00e00000
0075a023	sw	x7,0(x11)	 x11:0x00020000  x7:0x00000030 PA:0x00020000 store:0x00000030 load:0x00000000
01c65693	srli	x13,x12,0x1c	 x12:0x00e00000 x13=0x00000000
00900813	addi	x16,x0,9	  x0:0x00000000 x16=0x00000009
f2d86ae3	bltu	x16,x13,1001b8	 x16:0x00000009 x13:0x00000000
03068e93	addi	x29,x13,48	 x13:0x00000000 x29=0x00000030
00020f37	lui	x30,0x20	 x30=0x00020000
01851f93	slli	x31,x10,0x18	 x10:0x0000000e x31=0x0e000000
01df2023	sw	x29,0(x30)	 x30:0x00020000 x29:0x00000030 PA:0x00020000 store:0x00000030 load:0x00000000
01cfd793	srli	x15,x31,0x1c	 x31:0x0e000000 x15=0x00000000
00900713	addi	x14,x0,9	  x0:0x00000000 x14=0x00000009
f2f76ae3	bltu	x14,x15,1001d4	 x14:0x00000009 x15:0x00000000
03078393	addi	x7,x15,48	 x15:0x00000000  x7=0x00000030
000205b7	lui	x11,0x20	 x11=0x00020000
0075a023	sw	x7,0(x11)	 x11:0x00020000  x7:0x00000030 PA:0x00020000 store:0x00000030 load:0x00000000
00f57513	andi	x10,x10,15	 x10:0x0000000e x10=0x0000000e
00900613	addi	x12,x0,9	  x0:0x00000000 x12=0x00000009
f2a67ae3	bgeu	x12,x10,1001ec	 x12:0x00000009 x10:0x0000000e
03750693	addi	x13,x10,55	 x10:0x0000000e x13=0x00000045
00020837	lui	x16,0x20	 x16=0x00020000
00d82023	sw	x13,0(x16)	 x16:0x00020000 x13:0x00000045 PA:0x00020000 store:0x00000045 load:0x00000000
00008067	jalr	x0,0(x1)	  x1:0x001013b8  x0=0x00000000
a18b0513	addi	x10,x22,-1512	 x22:0x00102000 x10=0x00101a18
ce5fe0ef	jal	x1,1000a0	  x1=0x001013c0
00054803	lbu	x16,0(x10)	 x10:0x00101a18 x16=0x00000020 PA:0x00101a18 store:0x00000000
06080663	beq	x16,x0,100110	 x16:0x00000020  x0:0x00000000
000207b7	lui	x15,0x20	 x15=0x00020000
0107a023	sw	x16,0(x15)	 x15:0x00020000 x16:0x00000020 PA:0x00020000 store:0x00000020 load:0x00000000
00154703	lbu	x14,1(x10)	 x10:0x00101a18 x14=0x00000072 PA:0x00101a19 store:0x001013c0
04070e63	beq	x14,x0,100110	 x14:0x00000072  x0:0x00000000
00e7a023	sw	x14,0(x15)	 x15:0x00020000 x14:0x00000072 PA:0x00020000 store:0x00000072 load:0x00000000
00254283	lbu	x5,2(x10)	 x10:0x00101a18  x5=0x00000065 PA:0x00101a1a store:0x00137fa0
04028863	beq	x5,x0,100110	  x5:0x00000065  x0:0x00000000
0057a023	sw	x5,0(x15)	 x15:0x00020000  x5:0x00000065 PA:0x00020000 store:0x00000065 load:0x00000000
00354303	lbu	x6,3(x10)	 x10:0x00101a18  x6=0x00000073 PA:0x00101a1b store:0x00000000
04030263	beq	x6,x0,100110	  x6:0x00000073  x0:0x00000000
0067a023	sw	x6,0(x15)	 x15:0x00020000  x6:0x00000073 PA:0x00020000 store:0x00000073 load:0x00000000
00454383	lbu	x7,4(x10)	 x10:0x00101a18  x7=0x00000075 PA:0x00101a1c store:0x00000000
02038c63	beq	x7,x0,100110	  x7:0x00000075  x0:0x00000000
0077a023	sw	x7,0(x15)	 x15:0x00020000  x7:0x00000075 PA:0x00020000 store:0x00000075 load:0x00000000
00554583	lbu	x11,5(x10)	 x10:0x00101a18 x11=0x0000006c PA:0x00101a1d store:0x00000065
02058663	beq	x11,x0,100110	 x11:0x0000006c  x0:0x00000000
00b7a023	sw	x11,0(x15)	 x15:0x00020000 x11:0x0000006c PA:0x00020000 store:0x0000006c load:0x00000000
00654603	lbu	x12,6(x10)	 x10:0x00101a18 x12=0x00000074 PA:0x00101a1e store:0x00000073
02060063	beq	x12,x0,100110	 x12:0x00000074  x0:0x00000000
00c7a023	sw	x12,0(x15)	 x15:0x00020000 x12:0x00000074 PA:0x00020000 store:0x00000074 load:0x00000000
00754683	lbu	x13,7(x10)	 x10:0x00101a18 x13=0x0000003a PA:0x00101a1f store:0x00000075
00850513	addi	x10,x10,8	 x10:0x00101a18 x10=0x00101a20
00068863	beq	x13,x0,100110	 x13:0x0000003a  x0:0x00000000
00d7a023	sw	x13,0(x15)	 x15:0x00020000 x13:0x0000003a PA:0x00020000 store:0x0000003a load:0x00000000
00054803	lbu	x16,0(x10)	 x10:0x00101a20 x16=0x00000020 PA:0x00101a20 store:0x00000000
fa0810e3	bne	x16,x0,1000ac	 x16:0x00000020  x0:0x00000000
0107a023	sw	x16,0(x15)	 x15:0x00020000 x16:0x00000020 PA:0x00020000 store:0x00000020 load:0x00000000
00154703	lbu	x14,1(x10)	 x10:0x00101a20 x14=0x00000000 PA:0x00101a21 store:0x001013c0
04070e63	beq	x14,x0,100110	 x14:0x00000000  x0:0x00000000
00000513	addi	x10,x0,0	  x0:0x00000000 x10=0x00000000
00008067	jalr	x0,0(x1)	  x1:0x001013c0  x0=0x00000000
cf8a2503	lw	x10,-776(x20)	 x20:0x00102000 x10=0x3f80062a PA:0x00101cf8 store:0x0000000c
003c0d93	addi	x27,x24,3	 x24:0x0000000c x27=0x0000000f
004c0c13	addi	x24,x24,4	 x24:0x0000000c x24=0x00000010
d55fe0ef	jal	x1,100120	  x1=0x001013d0
01c55793	srli	x15,x10,0x1c	 x10:0x3f80062a x15=0x00000003
00900713	addi	x14,x0,9	  x0:0x00000000 x14=0x00000009
0cf77a63	bgeu	x14,x15,1001fc	 x14:0x00000009 x15:0x00000003
03078393	addi	x7,x15,48	 x15:0x00000003  x7=0x00000033
000205b7	lui	x11,0x20	 x11=0x00020000
00451613	slli	x12,x10,0x4	 x10:0x3f80062a x12=0xf80062a0
0075a023	sw	x7,0(x11)	 x11:0x00020000  x7:0x00000033 PA:0x00020000 store:0x00000033 load:0x00000000
01c65693	srli	x13,x12,0x1c	 x12:0xf80062a0 x13=0x0000000f
00900813	addi	x16,x0,9	  x0:0x00000000 x16=0x00000009
f2d86ae3	bltu	x16,x13,100148	 x16:0x00000009 x13:0x0000000f
03768893	addi	x17,x13,55	 x13:0x0000000f x17=0x00000046
00020e37	lui	x28,0x20	 x28=0x00020000
00851f93	slli	x31,x10,0x8	 x10:0x3f80062a x31=0x80062a00
011e2023	sw	x17,0(x28)	 x28:0x00020000 x17:0x00000046 PA:0x00020000 store:0x00000046 load:0x00000000
01cfd793	srli	x15,x31,0x1c	 x31:0x80062a00 x15=0x00000008
00900713	addi	x14,x0,9	  x0:0x00000000 x14=0x00000009
0cf77a63	bgeu	x14,x15,100234	 x14:0x00000009 x15:0x00000008
03078393	addi	x7,x15,48	 x15:0x00000008  x7=0x00000038
000205b7	lui	x11,0x20	 x11=0x00020000
00c51613	slli	x12,x10,0xc	 x10:0x3f80062a x12=0x0062a000
0075a023	sw	x7,0(x11)	 x11:0x00020000  x7:0x00000038 PA:0x00020000 store:0x00000038 load:0x00000000
01c65693	srli	x13,x12,0x1c	 x12:0x0062a000 x13=0x00000000
00900813	addi	x16,x0,9	  x0:0x00000000 x16=0x00000009
f2d86ae3	bltu	x16,x13,100180	 x16:0x00000009 x13:0x00000000
03068e93	addi	x29,x13,48	 x13:0x00000000 x29=0x00000030
00020f37	lui	x30,0x20	 x30=0x00020000
01051f93	slli	x31,x10,0x10	 x10:0x3f80062a x31=0x062a0000
01df2023	sw	x29,0(x30)	 x30:0x00020000 x29:0x00000030 PA:0x00020000 store:0x00000030 load:0x00000000
01cfd793	srli	x15,x31,0x1c	 x31:0x062a0000 x15=0x00000000
00900713	addi	x14,x0,9	  x0:0x00000000 x14=0x00000009
f2f76ae3	bltu	x14,x15,10019c	 x14:0x00000009 x15:0x00000000
03078393	addi	x7,x15,48	 x15:0x00000000  x7=0x00000030
000205b7	lui	x11,0x20	 x11=0x00020000
01451613	slli	x12,x10,0x14	 x10:0x3f80062a x12=0x62a00000
0075a023	sw	x7,0(x11)	 x11:0x00020000  x7:0x00000030 PA:0x00020000 store:0x00000030 load:0x00000000
01c65693	srli	x13,x12,0x1c	 x12:0x62a00000 x13=0x00000006
00900813	addi	x16,x0,9	  x0:0x00000000 x16=0x00000009
f2d86ae3	bltu	x16,x13,1001b8	 x16:0x00000009 x13:0x00000006
03068e93	addi	x29,x13,48	 x13:0x00000006 x29=0x00000036
00020f37	lui	x30,0x20	 x30=0x00020000
01851f93	slli	x31,x10,0x18	 x10:0x3f80062a x31=0x2a000000
01df2023	sw	x29,0(x30)	 x30:0x00020000 x29:0x00000036 PA:0x00020000 store:0x00000036 load:0x00000000
01cfd793	srli	x15,x31,0x1c	 x31:0x2a000000 x15=0x00000002
00900713	addi	x14,x0,9	  x0:0x00000000 x14=0x00000009
f2f76ae3	bltu	x14,x15,1001d4	 x14:0x00000009 x15:0x00000002
03078393	addi	x7,x15,48	 x15:0x00000002  x7=0x00000032
000205b7	lui	x11,0x20	 x11=0x00020000
0075a023	sw	x7,0(x11)	 x11:0x00020000  x7:0x00000032 PA:0x00020000 store:0x00000032 load:0x00000000
00f57513	andi	x10,x10,15	 x10:0x3f80062a x10=0x0000000a
00900613	addi	x12,x0,9	  x0:0x00000000 x12=0x00000009
f2a67ae3	bgeu	x12,x10,1001ec	 x12:0x00000009 x10:0x0000000a
03750693	addi	x13,x10,55	 x10:0x0000000a x13=0x00000041
00020837	lui	x16,0x20	 x16=0x00020000
00d82023	sw	x13,0(x16)	 x16:0x00020000 x13:0x00000041 PA:0x00020000 store:0x00000041 load:0x00000000
00008067	jalr	x0,0(x1)	  x1:0x001013d0  x0=0x00000000
a10a8513	addi	x10,x21,-1520	 x21:0x00102000 x10=0x00101a10
d089a987	flw	f19,-760(x19)	 f19:0x00102000 f19=0x00000000 PA:0x00101d08 store:0x3f8018ab
5809fa53	fsqrt.s	f20,f19	 f19:0x00102000 f20=0x00000000
d149a427	fsw	f20,-760(x19)	 f19:0x00102000 f20:0x00102000 PA:0x00101d08 store:0x3f800315 load:0x3f80062a
d089aa87	flw	f21,-760(x19)	 f19:0x00102000 f21=0x00000000 PA:0x00101d08 store:0x3f8018ab
e00a82d3	fmv.x.w	x5,f21	 f21:0x00102000  x5=0x3f800315
ce5a2c23	sw	x5,-776(x20)	 x20:0x00102000  x5:0x3f800315 PA:0x00101cf8 store:0x3f800315 load:0x3f800315
cb5fe0ef	jal	x1,1000a0	  x1=0x001013f0
00054803	lbu	x16,0(x10)	 x10:0x00101a10 x16=0x0000000a PA:0x00101a10 store:0x00000000
06080663	beq	x16,x0,100110	 x16:0x0000000a  x0:0x00000000
000207b7	lui	x15,0x20	 x15=0x00020000
0107a023	sw	x16,0(x15)	 x15:0x00020000 x16:0x0000000a PA:0x00020000 store:0x0000000a load:0x00000000
00154703	lbu	x14,1(x10)	 x10:0x00101a10 x14=0x00000020 PA:0x00101a11 store:0x001013f0
04070e63	beq	x14,x0,100110	 x14:0x00000020  x0:0x00000000
00e7a023	sw	x14,0(x15)	 x15:0x00020000 x14:0x00000020 PA:0x00020000 store:0x00000020 load:0x00000000
00254283	lbu	x5,2(x10)	 x10:0x00101a10  x5=0x00000069 PA:0x00101a12 store:0x00137fa0
04028863	beq	x5,x0,100110	  x5:0x00000069  x0:0x00000000
0057a023	sw	x5,0(x15)	 x15:0x00020000  x5:0x00000069 PA:0x00020000 store:0x00000069 load:0x00000000
00354303	lbu	x6,3(x10)	 x10:0x00101a10  x6=0x0000003d PA:0x00101a13 store:0x00000000
04030263	beq	x6,x0,100110	  x6:0x0000003d  x0:0x00000000
0067a023	sw	x6,0(x15)	 x15:0x00020000  x6:0x0000003d PA:0x00020000 store:0x0000003d load:0x00000000
00454383	lbu	x7,4(x10)	 x10:0x00101a10  x7=0x00000000 PA:0x00101a14 store:0x00000000
02038c63	beq	x7,x0,100110	  x7:0x00000000  x0:0x00000000
00000513	addi	x10,x0,0	  x0:0x00000000 x10=0x00000000
00008067	jalr	x0,0(x1)	  x1:0x001013f0  x0=0x00000000
000d8513	addi	x10,x27,0	 x27:0x0000000f x10=0x0000000f
d2dfe0ef	jal	x1,100120	  x1=0x001013f8
01c55793	srli	x15,x10,0x1c	 x10:0x0000000f x15=0x00000000
00900713	addi	x14,x0,9	  x0:0x00000000 x14=0x00000009
0cf77a63	bgeu	x14,x15,1001fc	 x14:0x00000009 x15:0x00000000
03078393	addi	x7,x15,48	 x15:0x00000000  x7=0x00000030
000205b7	lui	x11,0x20	 x11=0x00020000
00451613	slli	x12,x10,0x4	 x10:0x0000000f x12=0x000000f0
0075a023	sw	x7,0(x11)	 x11:0x00020000  x7:0x00000030 PA:0x00020000 store:0x00000030 load:0x00000000
01c65693	srli	x13,x12,0x1c	 x12:0x000000f0 x13=0x00000000
00900813	addi	x16,x0,9	  x0:0x00000000 x16=0x00000009
f2d86ae3	bltu	x16,x13,100148	 x16:0x00000009 x13:0x00000000
03068e93	addi	x29,x13,48	 x13:0x00000000 x29=0x00000030
00020f37	lui	x30,0x20	 x30=0x00020000
00851f93	slli	x31,x10,0x8	 x10:0x0000000f x31=0x00000f00
01df2023	sw	x29,0(x30)	 x30:0x00020000 x29:0x00000030 PA:0x00020000 store:0x00000030 load:0x00000000
01cfd793	srli	x15,x31,0x1c	 x31:0x00000f00 x15=0x00000000
00900713	addi	x14,x0,9	  x0:0x00000000 x14=0x00000009
f2f76ae3	bltu	x14,x15,100164	 x14:0x00000009 x15:0x00000000
03078393	addi	x7,x15,48	 x15:0x00000000  x7=0x00000030
000205b7	lui	x11,0x20	 x11=0x00020000
00c51613	slli	x12,x10,0xc	 x10:0x0000000f x12=0x0000f000
0075a023	sw	x7,0(x11)	 x11:0x00020000  x7:0x00000030 PA:0x00020000 store:0x00000030 load:0x00000000
01c65693	srli	x13,x12,0x1c	 x12:0x0000f000 x13=0x00000000
00900813	addi	x16,x0,9	  x0:0x00000000 x16=0x00000009
f2d86ae3	bltu	x16,x13,100180	 x16:0x00000009 x13:0x00000000
03068e93	addi	x29,x13,48	 x13:0x00000000 x29=0x00000030
00020f37	lui	x30,0x20	 x30=0x00020000
01051f93	slli	x31,x10,0x10	 x10:0x0000000f x31=0x000f0000
01df2023	sw	x29,0(x30)	 x30:0x00020000 x29:0x00000030 PA:0x00020000 store:0x00000030 load:0x00000000
01cfd793	srli	x15,x31,0x1c	 x31:0x000f0000 x15=0x00000000
00900713	addi	x14,x0,9	  x0:0x00000000 x14=0x00000009
f2f76ae3	bltu	x14,x15,10019c	 x14:0x00000009 x15:0x00000000
03078393	addi	x7,x15,48	 x15:0x00000000  x7=0x00000030
000205b7	lui	x11,0x20	 x11=0x00020000
01451613	slli	x12,x10,0x14	 x10:0x0000000f x12=0x00f00000
0075a023	sw	x7,0(x11)	 x11:0x00020000  x7:0x00000030 PA:0x00020000 store:0x00000030 load:0x00000000
01c65693	srli	x13,x12,0x1c	 x12:0x00f00000 x13=0x00000000
00900813	addi	x16,x0,9	  x0:0x00000000 x16=0x00000009
f2d86ae3	bltu	x16,x13,1001b8	 x16:0x00000009 x13:0x00000000
03068e93	addi	x29,x13,48	 x13:0x00000000 x29=0x00000030
00020f37	lui	x30,0x20	 x30=0x00020000
01851f93	slli	x31,x10,0x18	 x10:0x0000000f x31=0x0f000000
01df2023	sw	x29,0(x30)	 x30:0x00020000 x29:0x00000030 PA:0x00020000 store:0x00000030 load:0x00000000
01cfd793	srli	x15,x31,0x1c	 x31:0x0f000000 x15=0x00000000
00900713	addi	x14,x0,9	  x0:0x00000000 x14=0x00000009
f2f76ae3	bltu	x14,x15,1001d4	 x14:0x00000009 x15:0x00000000
03078393	addi	x7,x15,48	 x15:0x00000000  x7=0x00000030
000205b7	lui	x11,0x20	 x11=0x00020000
0075a023	sw	x7,0(x11)	 x11:0x00020000  x7:0x00000030 PA:0x00020000 store:0x00000030 load:0x00000000
00f57513	andi	x10,x10,15	 x10:0x0000000f x10=0x0000000f
00900613	addi	x12,x0,9	  x0:0x00000000 x12=0x00000009
f2a67ae3	bgeu	x12,x10,1001ec	 x12:0x00000009 x10:0x0000000f
03750693	addi	x13,x10,55	 x10:0x0000000f x13=0x00000046
00020837	lui	x16,0x20	 x16=0x00020000
00d82023	sw	x13,0(x16)	 x16:0x00020000 x13:0x00000046 PA:0x00020000 store:0x00000046 load:0x00000000
00008067	jalr	x0,0(x1)	  x1:0x001013f8  x0=0x00000000
a18b0513	addi	x10,x22,-1512	 x22:0x00102000 x10=0x00101a18
ca5fe0ef	jal	x1,1000a0	  x1=0x00101400
00054803	lbu	x16,0(x10)	 x10:0x00101a18 x16=0x00000020 PA:0x00101a18 store:0x00000000
06080663	beq	x16,x0,100110	 x16:0x00000020  x0:0x00000000
000207b7	lui	x15,0x20	 x15=0x00020000
0107a023	sw	x16,0(x15)	 x15:0x00020000 x16:0x00000020 PA:0x00020000 store:0x00000020 load:0x00000000
00154703	lbu	x14,1(x10)	 x10:0x00101a18 x14=0x00000072 PA:0x00101a19 store:0x00101400
04070e63	beq	x14,x0,100110	 x14:0x00000072  x0:0x00000000
00e7a023	sw	x14,0(x15)	 x15:0x00020000 x14:0x00000072 PA:0x00020000 store:0x00000072 load:0x00000000
00254283	lbu	x5,2(x10)	 x10:0x00101a18  x5=0x00000065 PA:0x00101a1a store:0x00137fa0
04028863	beq	x5,x0,100110	  x5:0x00000065  x0:0x00000000
0057a023	sw	x5,0(x15)	 x15:0x00020000  x5:0x00000065 PA:0x00020000 store:0x00000065 load:0x00000000
00354303	lbu	x6,3(x10)	 x10:0x00101a18  x6=0x00000073 PA:0x00101a1b store:0x00000000
04030263	beq	x6,x0,100110	  x6:0x00000073  x0:0x00000000
0067a023	sw	x6,0(x15)	 x15:0x00020000  x6:0x00000073 PA:0x00020000 store:0x00000073 load:0x00000000
00454383	lbu	x7,4(x10)	 x10:0x00101a18  x7=0x00000075 PA:0x00101a1c store:0x00000000
02038c63	beq	x7,x0,100110	  x7:0x00000075  x0:0x00000000
0077a023	sw	x7,0(x15)	 x15:0x00020000  x7:0x00000075 PA:0x00020000 store:0x00000075 load:0x00000000
00554583	lbu	x11,5(x10)	 x10:0x00101a18 x11=0x0000006c PA:0x00101a1d store:0x00000065
02058663	beq	x11,x0,100110	 x11:0x0000006c  x0:0x00000000
00b7a023	sw	x11,0(x15)	 x15:0x00020000 x11:0x0000006c PA:0x00020000 store:0x0000006c load:0x00000000
00654603	lbu	x12,6(x10)	 x10:0x00101a18 x12=0x00000074 PA:0x00101a1e store:0x00000073
02060063	beq	x12,x0,100110	 x12:0x00000074  x0:0x00000000
00c7a023	sw	x12,0(x15)	 x15:0x00020000 x12:0x00000074 PA:0x00020000 store:0x00000074 load:0x00000000
00754683	lbu	x13,7(x10)	 x10:0x00101a18 x13=0x0000003a PA:0x00101a1f store:0x00000075
00850513	addi	x10,x10,8	 x10:0x00101a18 x10=0x00101a20
00068863	beq	x13,x0,100110	 x13:0x0000003a  x0:0x00000000
00d7a023	sw	x13,0(x15)	 x15:0x00020000 x13:0x0000003a PA:0x00020000 store:0x0000003a load:0x00000000
00054803	lbu	x16,0(x10)	 x10:0x00101a20 x16=0x00000020 PA:0x00101a20 store:0x00000000
fa0810e3	bne	x16,x0,1000ac	 x16:0x00000020  x0:0x00000000
0107a023	sw	x16,0(x15)	 x15:0x00020000 x16:0x00000020 PA:0x00020000 store:0x00000020 load:0x00000000
00154703	lbu	x14,1(x10)	 x10:0x00101a20 x14=0x00000000 PA:0x00101a21 store:0x00101400
04070e63	beq	x14,x0,100110	 x14:0x00000000  x0:0x00000000
00000513	addi	x10,x0,0	  x0:0x00000000 x10=0x00000000
00008067	jalr	x0,0(x1)	  x1:0x00101400  x0=0x00000000
cf8a2503	lw	x10,-776(x20)	 x20:0x00102000 x10=0x3f800315 PA:0x00101cf8 store:0x00000010
d1dfe0ef	jal	x1,100120	  x1=0x00101408
01c55793	srli	x15,x10,0x1c	 x10:0x3f800315 x15=0x00000003
00900713	addi	x14,x0,9	  x0:0x00000000 x14=0x00000009
0cf77a63	bgeu	x14,x15,1001fc	 x14:0x00000009 x15:0x00000003
03078393	addi	x7,x15,48	 x15:0x00000003  x7=0x00000033
000205b7	lui	x11,0x20	 x11=0x00020000
00451613	slli	x12,x10,0x4	 x10:0x3f800315 x12=0xf8003150
0075a023	sw	x7,0(x11)	 x11:0x00020000  x7:0x00000033 PA:0x00020000 store:0x00000033 load:0x00000000
01c65693	srli	x13,x12,0x1c	 x12:0xf8003150 x13=0x0000000f
00900813	addi	x16,x0,9	  x0:0x00000000 x16=0x00000009
f2d86ae3	bltu	x16,x13,100148	 x16:0x00000009 x13:0x0000000f
03768893	addi	x17,x13,55	 x13:0x0000000f x17=0x00000046
00020e37	lui	x28,0x20	 x28=0x00020000
00851f93	slli	x31,x10,0x8	 x10:0x3f800315 x31=0x80031500
011e2023	sw	x17,0(x28)	 x28:0x00020000 x17:0x00000046 PA:0x00020000 store:0x00000046 load:0x00000000
01cfd793	srli	x15,x31,0x1c	 x31:0x80031500 x15=0x00000008
00900713	addi	x14,x0,9	  x0:0x00000000 x14=0x00000009
0cf77a63	bgeu	x14,x15,100234	 x14:0x00000009 x15:0x00000008
03078393	addi	x7,x15,48	 x15:0x00000008  x7=0x00000038
000205b7	lui	x11,0x20	 x11=0x00020000
00c51613	slli	x12,x10,0xc	 x10:0x3f800315 x12=0x00315000
0075a023	sw	x7,0(x11)	 x11:0x00020000  x7:0x00000038 PA:0x00020000 store:0x00000038 load:0x00000000
01c65693	srli	x13,x12,0x1c	 x12:0x00315000 x13=0x00000000
00900813	addi	x16,x0,9	  x0:0x00000000 x16=0x00000009
f2d86ae3	bltu	x16,x13,100180	 x16:0x00000009 x13:0x00000000
03068e93	addi	x29,x13,48	 x13:0x00000000 x29=0x00000030
00020f37	lui	x30,0x20	 x30=0x00020000
01051f93	slli	x31,x10,0x10	 x10:0x3f800315 x31=0x03150000
01df2023	sw	x29,0(x30)	 x30:0x00020000 x29:0x00000030 PA:0x00020000 store:0x00000030 load:0x00000000
01cfd793	srli	x15,x31,0x1c	 x31:0x03150000 x15=0x00000000
00900713	addi	x14,x0,9	  x0:0x00000000 x14=0x00000009
f2f76ae3	bltu	x14,x15,10019c	 x14:0x00000009 x15:0x00000000
03078393	addi	x7,x15,48	 x15:0x00000000  x7=0x00000030
000205b7	lui	x11,0x20	 x11=0x00020000
01451613	slli	x12,x10,0x14	 x10:0x3f800315 x12=0x31500000
0075a023	sw	x7,0(x11)	 x11:0x00020000  x7:0x00000030 PA:0x00020000 store:0x00000030 load:0x00000000
01c65693	srli	x13,x12,0x1c	 x12:0x31500000 x13=0x00000003
00900813	addi	x16,x0,9	  x0:0x00000000 x16=0x00000009
f2d86ae3	bltu	x16,x13,1001b8	 x16:0x00000009 x13:0x00000003
03068e93	addi	x29,x13,48	 x13:0x00000003 x29=0x00000033
00020f37	lui	x30,0x20	 x30=0x00020000
01851f93	slli	x31,x10,0x18	 x10:0x3f800315 x31=0x15000000
01df2023	sw	x29,0(x30)	 x30:0x00020000 x29:0x00000033 PA:0x00020000 store:0x00000033 load:0x00000000
01cfd793	srli	x15,x31,0x1c	 x31:0x15000000 x15=0x00000001
00900713	addi	x14,x0,9	  x0:0x00000000 x14=0x00000009
f2f76ae3	bltu	x14,x15,1001d4	 x14:0x00000009 x15:0x00000001
03078393	addi	x7,x15,48	 x15:0x00000001  x7=0x00000031
000205b7	lui	x11,0x20	 x11=0x00020000
0075a023	sw	x7,0(x11)	 x11:0x00020000  x7:0x00000031 PA:0x00020000 store:0x00000031 load:0x00000000
00f57513	andi	x10,x10,15	 x10:0x3f800315 x10=0x00000005
00900613	addi	x12,x0,9	  x0:0x00000000 x12=0x00000009
f2a67ae3	bgeu	x12,x10,1001ec	 x12:0x00000009 x10:0x00000005
03050893	addi	x17,x10,48	 x10:0x00000005 x17=0x00000035
00020e37	lui	x28,0x20	 x28=0x00020000
011e2023	sw	x17,0(x28)	 x28:0x00020000 x17:0x00000035 PA:0x00020000 store:0x00000035 load:0x00000000
00008067	jalr	x0,0(x1)	  x1:0x00101408  x0=0x00000000
f1ac18e3	bne	x24,x26,101318	 x24:0x00000010 x26:0x00000014
d089a607	flw	f12,-760(x19)	 f19:0x00102000 f12=0x00000000 PA:0x00101d08 store:0x3f8018ab
580676d3	fsqrt.s	f13,f12	 f12:0x00000009 f13=0x00000000
d0d9a427	fsw	f13,-760(x19)	 f19:0x00102000 f13:0x00000003 PA:0x00101d08 store:0x3f80018a load:0x3f800315
d089a387	flw	f7,-760(x19)	 f19:0x00102000  f7=0x00000000 PA:0x00101d08 store:0x3f8018ab
a10a8513	addi	x10,x21,-1520	 x21:0x00102000 x10=0x00101a10
e00386d3	fmv.x.w	x13,f7	  f7:0x00000031 x13=0x3f80018a
ceda2c23	sw	x13,-776(x20)	 x20:0x00102000 x13:0x3f80018a PA:0x00101cf8 store:0x3f80018a load:0x3f80018a
d6dfe0ef	jal	x1,1000a0	  x1=0x00101338
00054803	lbu	x16,0(x10)	 x10:0x00101a10 x16=0x0000000a PA:0x00101a10 store:0x00000000
06080663	beq	x16,x0,100110	 x16:0x0000000a  x0:0x00000000
000207b7	lui	x15,0x20	 x15=0x00020000
0107a023	sw	x16,0(x15)	 x15:0x00020000 x16:0x0000000a PA:0x00020000 store:0x0000000a load:0x00000000
00154703	lbu	x14,1(x10)	 x10:0x00101a10 x14=0x00000020 PA:0x00101a11 store:0x00101338
04070e63	beq	x14,x0,100110	 x14:0x00000020  x0:0x00000000
00e7a023	sw	x14,0(x15)	 x15:0x00020000 x14:0x00000020 PA:0x00020000 store:0x00000020 load:0x00000000
00254283	lbu	x5,2(x10)	 x10:0x00101a10  x5=0x00000069 PA:0x00101a12 store:0x00137fa0
04028863	beq	x5,x0,100110	  x5:0x00000069  x0:0x00000000
0057a023	sw	x5,0(x15)	 x15:0x00020000  x5:0x00000069 PA:0x00020000 store:0x00000069 load:0x00000000
00354303	lbu	x6,3(x10)	 x10:0x00101a10  x6=0x0000003d PA:0x00101a13 store:0x00000000
04030263	beq	x6,x0,100110	  x6:0x0000003d  x0:0x00000000
0067a023	sw	x6,0(x15)	 x15:0x00020000  x6:0x0000003d PA:0x00020000 store:0x0000003d load:0x00000000
00454383	lbu	x7,4(x10)	 x10:0x00101a10  x7=0x00000000 PA:0x00101a14 store:0x00000000
02038c63	beq	x7,x0,100110	  x7:0x00000000  x0:0x00000000
00000513	addi	x10,x0,0	  x0:0x00000000 x10=0x00000000
00008067	jalr	x0,0(x1)	  x1:0x00101338  x0=0x00000000
000c0513	addi	x10,x24,0	 x24:0x00000010 x10=0x00000010
de5fe0ef	jal	x1,100120	  x1=0x00101340
01c55793	srli	x15,x10,0x1c	 x10:0x00000010 x15=0x00000000
00900713	addi	x14,x0,9	  x0:0x00000000 x14=0x00000009
0cf77a63	bgeu	x14,x15,1001fc	 x14:0x00000009 x15:0x00000000
03078393	addi	x7,x15,48	 x15:0x00000000  x7=0x00000030
000205b7	lui	x11,0x20	 x11=0x00020000
00451613	slli	x12,x10,0x4	 x10:0x00000010 x12=0x00000100
0075a023	sw	x7,0(x11)	 x11:0x00020000  x7:0x00000030 PA:0x00020000 store:0x00000030 load:0x00000000
01c65693	srli	x13,x12,0x1c	 x12:0x00000100 x13=0x00000000
00900813	addi	x16,x0,9	  x0:0x00000000 x16=0x00000009
f2d86ae3	bltu	x16,x13,100148	 x16:0x00000009 x13:0x00000000
03068e93	addi	x29,x13,48	 x13:0x00000000 x29=0x00000030
00020f37	lui	x30,0x20	 x30=0x00020000
00851f93	slli	x31,x10,0x8	 x10:0x00000010 x31=0x00001000
01df2023	sw	x29,0(x30)	 x30:0x00020000 x29:0x00000030 PA:0x00020000 store:0x00000030 load:0x00000000
01cfd793	srli	x15,x31,0x1c	 x31:0x00001000 x15=0x00000000
00900713	addi	x14,x0,9	  x0:0x00000000 x14=0x00000009
f2f76ae3	bltu	x14,x15,100164	 x14:0x00000009 x15:0x00000000
03078393	addi	x7,x15,48	 x15:0x00000000  x7=0x00000030
000205b7	lui	x11,0x20	 x11=0x00020000
00c51613	slli	x12,x10,0xc	 x10:0x00000010 x12=0x00010000
0075a023	sw	x7,0(x11)	 x11:0x00020000  x7:0x00000030 PA:0x00020000 store:0x00000030 load:0x00000000
01c65693	srli	x13,x12,0x1c	 x12:0x00010000 x13=0x00000000
00900813	addi	x16,x0,9	  x0:0x00000000 x16=0x00000009
f2d86ae3	bltu	x16,x13,100180	 x16:0x00000009 x13:0x00000000
03068e93	addi	x29,x13,48	 x13:0x00000000 x29=0x00000030
00020f37	lui	x30,0x20	 x30=0x00020000
01051f93	slli	x31,x10,0x10	 x10:0x00000010 x31=0x00100000
01df2023	sw	x29,0(x30)	 x30:0x00020000 x29:0x00000030 PA:0x00020000 store:0x00000030 load:0x00000000
01cfd793	srli	x15,x31,0x1c	 x31:0x00100000 x15=0x00000000
00900713	addi	x14,x0,9	  x0:0x00000000 x14=0x00000009
f2f76ae3	bltu	x14,x15,10019c	 x14:0x00000009 x15:0x00000000
03078393	addi	x7,x15,48	 x15:0x00000000  x7=0x00000030
000205b7	lui	x11,0x20	 x11=0x00020000
01451613	slli	x12,x10,0x14	 x10:0x00000010 x12=0x01000000
0075a023	sw	x7,0(x11)	 x11:0x00020000  x7:0x00000030 PA:0x00020000 store:0x00000030 load:0x00000000
01c65693	srli	x13,x12,0x1c	 x12:0x01000000 x13=0x00000000
00900813	addi	x16,x0,9	  x0:0x00000000 x16=0x00000009
f2d86ae3	bltu	x16,x13,1001b8	 x16:0x00000009 x13:0x00000000
03068e93	addi	x29,x13,48	 x13:0x00000000 x29=0x00000030
00020f37	lui	x30,0x20	 x30=0x00020000
01851f93	slli	x31,x10,0x18	 x10:0x00000010 x31=0x10000000
01df2023	sw	x29,0(x30)	 x30:0x00020000 x29:0x00000030 PA:0x00020000 store:0x00000030 load:0x00000000
01cfd793	srli	x15,x31,0x1c	 x31:0x10000000 x15=0x00000001
00900713	addi	x14,x0,9	  x0:0x00000000 x14=0x00000009
f2f76ae3	bltu	x14,x15,1001d4	 x14:0x00000009 x15:0x00000001
03078393	addi	x7,x15,48	 x15:0x00000001  x7=0x00000031
000205b7	lui	x11,0x20	 x11=0x00020000
0075a023	sw	x7,0(x11)	 x11:0x00020000  x7:0x00000031 PA:0x00020000 store:0x00000031 load:0x00000000
00f57513	andi	x10,x10,15	 x10:0x00000010 x10=0x00000000
00900613	addi	x12,x0,9	  x0:0x00000000 x12=0x00000009
f2a67ae3	bgeu	x12,x10,1001ec	 x12:0x00000009 x10:0x00000000
03050893	addi	x17,x10,48	 x10:0x00000000 x17=0x00000030
00020e37	lui	x28,0x20	 x28=0x00020000
011e2023	sw	x17,0(x28)	 x28:0x00020000 x17:0x00000030 PA:0x00020000 store:0x00000030 load:0x00000000
00008067	jalr	x0,0(x1)	  x1:0x00101340  x0=0x00000000
a18b0513	addi	x10,x22,-1512	 x22:0x00102000 x10=0x00101a18
d5dfe0ef	jal	x1,1000a0	  x1=0x00101348
00054803	lbu	x16,0(x10)	 x10:0x00101a18 x16=0x00000020 PA:0x00101a18 store:0x00000000
06080663	beq	x16,x0,100110	 x16:0x00000020  x0:0x00000000
000207b7	lui	x15,0x20	 x15=0x00020000
0107a023	sw	x16,0(x15)	 x15:0x00020000 x16:0x00000020 PA:0x00020000 store:0x00000020 load:0x00000000
00154703	lbu	x14,1(x10)	 x10:0x00101a18 x14=0x00000072 PA:0x00101a19 store:0x00101348
04070e63	beq	x14,x0,100110	 x14:0x00000072  x0:0x00000000
00e7a023	sw	x14,0(x15)	 x15:0x00020000 x14:0x00000072 PA:0x00020000 store:0x00000072 load:0x00000000
00254283	lbu	x5,2(x10)	 x10:0x00101a18  x5=0x00000065 PA:0x00101a1a store:0x00137fa0
04028863	beq	x5,x0,100110	  x5:0x00000065  x0:0x00000000
0057a023	sw	x5,0(x15)	 x15:0x00020000  x5:0x00000065 PA:0x00020000 store:0x00000065 load:0x00000000
00354303	lbu	x6,3(x10)	 x10:0x00101a18  x6=0x00000073 PA:0x00101a1b store:0x00000000
04030263	beq	x6,x0,100110	  x6:0x00000073  x0:0x00000000
0067a023	sw	x6,0(x15)	 x15:0x00020000  x6:0x00000073 PA:0x00020000 store:0x00000073 load:0x00000000
00454383	lbu	x7,4(x10)	 x10:0x00101a18  x7=0x00000075 PA:0x00101a1c store:0x00000000
02038c63	beq	x7,x0,100110	  x7:0x00000075  x0:0x00000000
0077a023	sw	x7,0(x15)	 x15:0x00020000  x7:0x00000075 PA:0x00020000 store:0x00000075 load:0x00000000
00554583	lbu	x11,5(x10)	 x10:0x00101a18 x11=0x0000006c PA:0x00101a1d store:0x00000065
02058663	beq	x11,x0,100110	 x11:0x0000006c  x0:0x00000000
00b7a023	sw	x11,0(x15)	 x15:0x00020000 x11:0x0000006c PA:0x00020000 store:0x0000006c load:0x00000000
00654603	lbu	x12,6(x10)	 x10:0x00101a18 x12=0x00000074 PA:0x00101a1e store:0x00000073
02060063	beq	x12,x0,100110	 x12:0x00000074  x0:0x00000000
00c7a023	sw	x12,0(x15)	 x15:0x00020000 x12:0x00000074 PA:0x00020000 store:0x00000074 load:0x00000000
00754683	lbu	x13,7(x10)	 x10:0x00101a18 x13=0x0000003a PA:0x00101a1f store:0x00000075
00850513	addi	x10,x10,8	 x10:0x00101a18 x10=0x00101a20
00068863	beq	x13,x0,100110	 x13:0x0000003a  x0:0x00000000
00d7a023	sw	x13,0(x15)	 x15:0x00020000 x13:0x0000003a PA:0x00020000 store:0x0000003a load:0x00000000
00054803	lbu	x16,0(x10)	 x10:0x00101a20 x16=0x00000020 PA:0x00101a20 store:0x00000000
fa0810e3	bne	x16,x0,1000ac	 x16:0x00000020  x0:0x00000000
0107a023	sw	x16,0(x15)	 x15:0x00020000 x16:0x00000020 PA:0x00020000 store:0x00000020 load:0x00000000
00154703	lbu	x14,1(x10)	 x10:0x00101a20 x14=0x00000000 PA:0x00101a21 store:0x00101348
04070e63	beq	x14,x0,100110	 x14:0x00000000  x0:0x00000000
00000513	addi	x10,x0,0	  x0:0x00000000 x10=0x00000000
00008067	jalr	x0,0(x1)	  x1:0x00101348  x0=0x00000000
cf8a2503	lw	x10,-776(x20)	 x20:0x00102000 x10=0x3f80018a PA:0x00101cf8 store:0x00000010
001c0d93	addi	x27,x24,1	 x24:0x00000010 x27=0x00000011
dd1fe0ef	jal	x1,100120	  x1=0x00101354
01c55793	srli	x15,x10,0x1c	 x10:0x3f80018a x15=0x00000003
00900713	addi	x14,x0,9	  x0:0x00000000 x14=0x00000009
0cf77a63	bgeu	x14,x15,1001fc	 x14:0x00000009 x15:0x00000003
03078393	addi	x7,x15,48	 x15:0x00000003  x7=0x00000033
000205b7	lui	x11,0x20	 x11=0x00020000
00451613	slli	x12,x10,0x4	 x10:0x3f80018a x12=0xf80018a0
0075a023	sw	x7,0(x11)	 x11:0x00020000  x7:0x00000033 PA:0x00020000 store:0x00000033 load:0x00000000
01c65693	srli	x13,x12,0x1c	 x12:0xf80018a0 x13=0x0000000f
00900813	addi	x16,x0,9	  x0:0x00000000 x16=0x00000009
f2d86ae3	bltu	x16,x13,100148	 x16:0x00000009 x13:0x0000000f
03768893	addi	x17,x13,55	 x13:0x0000000f x17=0x00000046
00020e37	lui	x28,0x20	 x28=0x00020000
00851f93	slli	x31,x10,0x8	 x10:0x3f80018a x31=0x80018a00
011e2023	sw	x17,0(x28)	 x28:0x00020000 x17:0x00000046 PA:0x00020000 store:0x00000046 load:0x00000000
01cfd793	srli	x15,x31,0x1c	 x31:0x80018a00 x15=0x00000008
00900713	addi	x14,x0,9	  x0:0x00000000 x14=0x00000009
0cf77a63	bgeu	x14,x15,100234	 x14:0x00000009 x15:0x00000008
03078393	addi	x7,x15,48	 x15:0x00000008  x7=0x00000038
000205b7	lui	x11,0x20	 x11=0x00020000
00c51613	slli	x12,x10,0xc	 x10:0x3f80018a x12=0x0018a000
0075a023	sw	x7,0(x11)	 x11:0x00020000  x7:0x00000038 PA:0x00020000 store:0x00000038 load:0x00000000
01c65693	srli	x13,x12,0x1c	 x12:0x0018a000 x13=0x00000000
00900813	addi	x16,x0,9	  x0:0x00000000 x16=0x00000009
f2d86ae3	bltu	x16,x13,100180	 x16:0x00000009 x13:0x00000000
03068e93	addi	x29,x13,48	 x13:0x00000000 x29=0x00000030
00020f37	lui	x30,0x20	 x30=0x00020000
01051f93	slli	x31,x10,0x10	 x10:0x3f80018a x31=0x018a0000
01df2023	sw	x29,0(x30)	 x30:0x00020000 x29:0x00000030 PA:0x00020000 store:0x00000030 load:0x00000000
01cfd793	srli	x15,x31,0x1c	 x31:0x018a0000 x15=0x00000000
00900713	addi	x14,x0,9	  x0:0x00000000 x14=0x00000009
f2f76ae3	bltu	x14,x15,10019c	 x14:0x00000009 x15:0x00000000
03078393	addi	x7,x15,48	 x15:0x00000000  x7=0x00000030
000205b7	lui	x11,0x20	 x11=0x00020000
01451613	slli	x12,x10,0x14	 x10:0x3f80018a x12=0x18a00000
0075a023	sw	x7,0(x11)	 x11:0x00020000  x7:0x00000030 PA:0x00020000 store:0x00000030 load:0x00000000
01c65693	srli	x13,x12,0x1c	 x12:0x18a00000 x13=0x00000001
00900813	addi	x16,x0,9	  x0:0x00000000 x16=0x00000009
f2d86ae3	bltu	x16,x13,1001b8	 x16:0x00000009 x13:0x00000001
03068e93	addi	x29,x13,48	 x13:0x00000001 x29=0x00000031
00020f37	lui	x30,0x20	 x30=0x00020000
01851f93	slli	x31,x10,0x18	 x10:0x3f80018a x31=0x8a000000
01df2023	sw	x29,0(x30)	 x30:0x00020000 x29:0x00000031 PA:0x00020000 store:0x00000031 load:0x00000000
01cfd793	srli	x15,x31,0x1c	 x31:0x8a000000 x15=0x00000008
00900713	addi	x14,x0,9	  x0:0x00000000 x14=0x00000009
f2f76ae3	bltu	x14,x15,1001d4	 x14:0x00000009 x15:0x00000008
03078393	addi	x7,x15,48	 x15:0x00000008  x7=0x00000038
000205b7	lui	x11,0x20	 x11=0x00020000
0075a023	sw	x7,0(x11)	 x11:0x00020000  x7:0x00000038 PA:0x00020000 store:0x00000038 load:0x00000000
00f57513	andi	x10,x10,15	 x10:0x3f80018a x10=0x0000000a
00900613	addi	x12,x0,9	  x0:0x00000000 x12=0x00000009
f2a67ae3	bgeu	x12,x10,1001ec	 x12:0x00000009 x10:0x0000000a
03750693	addi	x13,x10,55	 x10:0x0000000a x13=0x00000041
00020837	lui	x16,0x20	 x16=0x00020000
00d82023	sw	x13,0(x16)	 x16:0x00020000 x13:0x00000041 PA:0x00020000 store:0x00000041 load:0x00000000
00008067	jalr	x0,0(x1)	  x1:0x00101354  x0=0x00000000
d089a407	flw	f8,-760(x19)	 f19:0x00102000  f8=0x00000000 PA:0x00101d08 store:0x3f8018ab
580474d3	fsqrt.s	f9,f8	  f8:0x00102000  f9=0x00000000
d099a427	fsw	f9,-760(x19)	 f19:0x00102000  f9:0x00102000 PA:0x00101d08 store:0x3f8000c5 load:0x3f80018a
d089a507	flw	f10,-760(x19)	 f19:0x00102000 f10=0x00000000 PA:0x00101d08 store:0x3f80018a
a10a8513	addi	x10,x21,-1520	 x21:0x00102000 x10=0x00101a10
e0050753	fmv.x.w	x14,f10	 f10:0x00101a10 x14=0x3f8000c5
ceea2c23	sw	x14,-776(x20)	 x20:0x00102000 x14:0x3f8000c5 PA:0x00101cf8 store:0x3f8000c5 load:0x3f8000c5
d31fe0ef	jal	x1,1000a0	  x1=0x00101374
00054803	lbu	x16,0(x10)	 x10:0x00101a10 x16=0x0000000a PA:0x00101a10 store:0x00000000
06080663	beq	x16,x0,100110	 x16:0x0000000a  x0:0x00000000
000207b7	lui	x15,0x20	 x15=0x00020000
0107a023	sw	x16,0(x15)	 x15:0x00020000 x16:0x0000000a PA:0x00020000 store:0x0000000a load:0x00000000
00154703	lbu	x14,1(x10)	 x10:0x00101a10 x14=0x00000020 PA:0x00101a11 store:0x00101374
04070e63	beq	x14,x0,100110	 x14:0x00000020  x0:0x00000000
00e7a023	sw	x14,0(x15)	 x15:0x00020000 x14:0x00000020 PA:0x00020000 store:0x00000020 load:0x00000000
00254283	lbu	x5,2(x10)	 x10:0x00101a10  x5=0x00000069 PA:0x00101a12 store:0x00137fa0
04028863	beq	x5,x0,100110	  x5:0x00000069  x0:0x00000000
0057a023	sw	x5,0(x15)	 x15:0x00020000  x5:0x00000069 PA:0x00020000 store:0x00000069 load:0x00000000
00354303	lbu	x6,3(x10)	 x10:0x00101a10  x6=0x0000003d PA:0x00101a13 store:0x00000000
04030263	beq	x6,x0,100110	  x6:0x0000003d  x0:0x00000000
0067a023	sw	x6,0(x15)	 x15:0x00020000  x6:0x0000003d PA:0x00020000 store:0x0000003d load:0x00000000
00454383	lbu	x7,4(x10)	 x10:0x00101a10  x7=0x00000000 PA:0x00101a14 store:0x00000000
02038c63	beq	x7,x0,100110	  x7:0x00000000  x0:0x00000000
00000513	addi	x10,x0,0	  x0:0x00000000 x10=0x00000000
00008067	jalr	x0,0(x1)	  x1:0x00101374  x0=0x00000000
000d8513	addi	x10,x27,0	 x27:0x00000011 x10=0x00000011
da9fe0ef	jal	x1,100120	  x1=0x0010137c
01c55793	srli	x15,x10,0x1c	 x10:0x00000011 x15=0x00000000
00900713	addi	x14,x0,9	  x0:0x00000000 x14=0x00000009
0cf77a63	bgeu	x14,x15,1001fc	 x14:0x00000009 x15:0x00000000
03078393	addi	x7,x15,48	 x15:0x00000000  x7=0x00000030
000205b7	lui	x11,0x20	 x11=0x00020000
00451613	slli	x12,x10,0x4	 x10:0x00000011 x12=0x00000110
0075a023	sw	x7,0(x11)	 x11:0x00020000  x7:0x00000030 PA:0x00020000 store:0x00000030 load:0x00000000
01c65693	srli	x13,x12,0x1c	 x12:0x00000110 x13=0x00000000
00900813	addi	x16,x0,9	  x0:0x00000000 x16=0x00000009
f2d86ae3	bltu	x16,x13,100148	 x16:0x00000009 x13:0x00000000
03068e93	addi	x29,x13,48	 x13:0x00000000 x29=0x00000030
00020f37	lui	x30,0x20	 x30=0x00020000
00851f93	slli	x31,x10,0x8	 x10:0x00000011 x31=0x00001100
01df2023	sw	x29,0(x30)	 x30:0x00020000 x29:0x00000030 PA:0x00020000 store:0x00000030 load:0x00000000
01cfd793	srli	x15,x31,0x1c	 x31:0x00001100 x15=0x00000000
00900713	addi	x14,x0,9	  x0:0x00000000 x14=0x00000009
f2f76ae3	bltu	x14,x15,100164	 x14:0x00000009 x15:0x00000000
03078393	addi	x7,x15,48	 x15:0x00000000  x7=0x00000030
000205b7	lui	x11,0x20	 x11=0x00020000
00c51613	slli	x12,x10,0xc	 x10:0x00000011 x12=0x00011000
0075a023	sw	x7,0(x11)	 x11:0x00020000  x7:0x00000030 PA:0x00020000 store:0x00000030 load:0x00000000
01c65693	srli	x13,x12,0x1c	 x12:0x00011000 x13=0x00000000
00900813	addi	x16,x0,9	  x0:0x00000000 x16=0x00000009
f2d86ae3	bltu	x16,x13,100180	 x16:0x00000009 x13:0x00000000
03068e93	addi	x29,x13,48	 x13:0x00000000 x29=0x00000030
00020f37	lui	x30,0x20	 x30=0x00020000
01051f93	slli	x31,x10,0x10	 x10:0x00000011 x31=0x00110000
01df2023	sw	x29,0(x30)	 x30:0x00020000 x29:0x00000030 PA:0x00020000 store:0x00000030 load:0x00000000
01cfd793	srli	x15,x31,0x1c	 x31:0x00110000 x15=0x00000000
00900713	addi	x14,x0,9	  x0:0x00000000 x14=0x00000009
f2f76ae3	bltu	x14,x15,10019c	 x14:0x00000009 x15:0x00000000
03078393	addi	x7,x15,48	 x15:0x00000000  x7=0x00000030
000205b7	lui	x11,0x20	 x11=0x00020000
01451613	slli	x12,x10,0x14	 x10:0x00000011 x12=0x01100000
0075a023	sw	x7,0(x11)	 x11:0x00020000  x7:0x00000030 PA:0x00020000 store:0x00000030 load:0x00000000
01c65693	srli	x13,x12,0x1c	 x12:0x01100000 x13=0x00000000
00900813	addi	x16,x0,9	  x0:0x00000000 x16=0x00000009
f2d86ae3	bltu	x16,x13,1001b8	 x16:0x00000009 x13:0x00000000
03068e93	addi	x29,x13,48	 x13:0x00000000 x29=0x00000030
00020f37	lui	x30,0x20	 x30=0x00020000
01851f93	slli	x31,x10,0x18	 x10:0x00000011 x31=0x11000000
01df2023	sw	x29,0(x30)	 x30:0x00020000 x29:0x00000030 PA:0x00020000 store:0x00000030 load:0x00000000
01cfd793	srli	x15,x31,0x1c	 x31:0x11000000 x15=0x00000001
00900713	addi	x14,x0,9	  x0:0x00000000 x14=0x00000009
f2f76ae3	bltu	x14,x15,1001d4	 x14:0x00000009 x15:0x00000001
03078393	addi	x7,x15,48	 x15:0x00000001  x7=0x00000031
000205b7	lui	x11,0x20	 x11=0x00020000
0075a023	sw	x7,0(x11)	 x11:0x00020000  x7:0x00000031 PA:0x00020000 store:0x00000031 load:0x00000000
00f57513	andi	x10,x10,15	 x10:0x00000011 x10=0x00000001
00900613	addi	x12,x0,9	  x0:0x00000000 x12=0x00000009
f2a67ae3	bgeu	x12,x10,1001ec	 x12:0x00000009 x10:0x00000001
03050893	addi	x17,x10,48	 x10:0x00000001 x17=0x00000031
00020e37	lui	x28,0x20	 x28=0x00020000
011e2023	sw	x17,0(x28)	 x28:0x00020000 x17:0x00000031 PA:0x00020000 store:0x00000031 load:0x00000000
00008067	jalr	x0,0(x1)	  x1:0x0010137c  x0=0x00000000
a18b0513	addi	x10,x22,-1512	 x22:0x00102000 x10=0x00101a18
d21fe0ef	jal	x1,1000a0	  x1=0x00101384
00054803	lbu	x16,0(x10)	 x10:0x00101a18 x16=0x00000020 PA:0x00101a18 store:0x00000000
06080663	beq	x16,x0,100110	 x16:0x00000020  x0:0x00000000
000207b7	lui	x15,0x20	 x15=0x00020000
0107a023	sw	x16,0(x15)	 x15:0x00020000 x16:0x00000020 PA:0x00020000 store:0x00000020 load:0x00000000
00154703	lbu	x14,1(x10)	 x10:0x00101a18 x14=0x00000072 PA:0x00101a19 store:0x00101384
04070e63	beq	x14,x0,100110	 x14:0x00000072  x0:0x00000000
00e7a023	sw	x14,0(x15)	 x15:0x00020000 x14:0x00000072 PA:0x00020000 store:0x00000072 load:0x00000000
00254283	lbu	x5,2(x10)	 x10:0x00101a18  x5=0x00000065 PA:0x00101a1a store:0x00137fa0
04028863	beq	x5,x0,100110	  x5:0x00000065  x0:0x00000000
0057a023	sw	x5,0(x15)	 x15:0x00020000  x5:0x00000065 PA:0x00020000 store:0x00000065 load:0x00000000
00354303	lbu	x6,3(x10)	 x10:0x00101a18  x6=0x00000073 PA:0x00101a1b store:0x00000000
04030263	beq	x6,x0,100110	  x6:0x00000073  x0:0x00000000
0067a023	sw	x6,0(x15)	 x15:0x00020000  x6:0x00000073 PA:0x00020000 store:0x00000073 load:0x00000000
00454383	lbu	x7,4(x10)	 x10:0x00101a18  x7=0x00000075 PA:0x00101a1c store:0x00000000
02038c63	beq	x7,x0,100110	  x7:0x00000075  x0:0x00000000
0077a023	sw	x7,0(x15)	 x15:0x00020000  x7:0x00000075 PA:0x00020000 store:0x00000075 load:0x00000000
00554583	lbu	x11,5(x10)	 x10:0x00101a18 x11=0x0000006c PA:0x00101a1d store:0x00000065
02058663	beq	x11,x0,100110	 x11:0x0000006c  x0:0x00000000
00b7a023	sw	x11,0(x15)	 x15:0x00020000 x11:0x0000006c PA:0x00020000 store:0x0000006c load:0x00000000
00654603	lbu	x12,6(x10)	 x10:0x00101a18 x12=0x00000074 PA:0x00101a1e store:0x00000073
02060063	beq	x12,x0,100110	 x12:0x00000074  x0:0x00000000
00c7a023	sw	x12,0(x15)	 x15:0x00020000 x12:0x00000074 PA:0x00020000 store:0x00000074 load:0x00000000
00754683	lbu	x13,7(x10)	 x10:0x00101a18 x13=0x0000003a PA:0x00101a1f store:0x00000075
00850513	addi	x10,x10,8	 x10:0x00101a18 x10=0x00101a20
00068863	beq	x13,x0,100110	 x13:0x0000003a  x0:0x00000000
00d7a023	sw	x13,0(x15)	 x15:0x00020000 x13:0x0000003a PA:0x00020000 store:0x0000003a load:0x00000000
00054803	lbu	x16,0(x10)	 x10:0x00101a20 x16=0x00000020 PA:0x00101a20 store:0x00000000
fa0810e3	bne	x16,x0,1000ac	 x16:0x00000020  x0:0x00000000
0107a023	sw	x16,0(x15)	 x15:0x00020000 x16:0x00000020 PA:0x00020000 store:0x00000020 load:0x00000000
00154703	lbu	x14,1(x10)	 x10:0x00101a20 x14=0x00000000 PA:0x00101a21 store:0x00101384
04070e63	beq	x14,x0,100110	 x14:0x00000000  x0:0x00000000
00000513	addi	x10,x0,0	  x0:0x00000000 x10=0x00000000
00008067	jalr	x0,0(x1)	  x1:0x00101384  x0=0x00000000
cf8a2503	lw	x10,-776(x20)	 x20:0x00102000 x10=0x3f8000c5 PA:0x00101cf8 store:0x00000010
002c0d93	addi	x27,x24,2	 x24:0x00000010 x27=0x00000012
d95fe0ef	jal	x1,100120	  x1=0x00101390
01c55793	srli	x15,x10,0x1c	 x10:0x3f8000c5 x15=0x00000003
00900713	addi	x14,x0,9	  x0:0x00000000 x14=0x00000009
0cf77a63	bgeu	x14,x15,1001fc	 x14:0x00000009 x15:0x00000003
03078393	addi	x7,x15,48	 x15:0x00000003  x7=0x00000033
000205b7	lui	x11,0x20	 x11=0x00020000
00451613	slli	x12,x10,0x4	 x10:0x3f8000c5 x12=0xf8000c50
0075a023	sw	x7,0(x11)	 x11:0x00020000  x7:0x00000033 PA:0x00020000 store:0x00000033 load:0x00000000
01c65693	srli	x13,x12,0x1c	 x12:0xf8000c50 x13=0x0000000f
00900813	addi	x16,x0,9	  x0:0x00000000 x16=0x00000009
f2d86ae3	bltu	x16,x13,100148	 x16:0x00000009 x13:0x0000000f
03768893	addi	x17,x13,55	 x13:0x0000000f x17=0x00000046
00020e37	lui	x28,0x20	 x28=0x00020000
00851f93	slli	x31,x10,0x8	 x10:0x3f8000c5 x31=0x8000c500
011e2023	sw	x17,0(x28)	 x28:0x00020000 x17:0x00000046 PA:0x00020000 store:0x00000046 load:0x00000000
01cfd793	srli	x15,x31,0x1c	 x31:0x8000c500 x15=0x00000008
00900713	addi	x14,x0,9	  x0:0x00000000 x14=0x00000009
0cf77a63	bgeu	x14,x15,100234	 x14:0x00000009 x15:0x00000008
03078393	addi	x7,x15,48	 x15:0x00000008  x7=0x00000038
000205b7	lui	x11,0x20	 x11=0x00020000
00c51613	slli	x12,x10,0xc	 x10:0x3f8000c5 x12=0x000c5000
0075a023	sw	x7,0(x11)	 x11:0x00020000  x7:0x00000038 PA:0x00020000 store:0x00000038 load:0x00000000
01c65693	srli	x13,x12,0x1c	 x12:0x000c5000 x13=0x00000000
00900813	addi	x16,x0,9	  x0:0x00000000 x16=0x00000009
f2d86ae3	bltu	x16,x13,100180	 x16:0x00000009 x13:0x00000000
03068e93	addi	x29,x13,48	 x13:0x00000000 x29=0x00000030
00020f37	lui	x30,0x20	 x30=0x00020000
01051f93	slli	x31,x10,0x10	 x10:0x3f8000c5 x31=0x00c50000
01df2023	sw	x29,0(x30)	 x30:0x00020000 x29:0x00000030 PA:0x00020000 store:0x00000030 load:0x00000000
01cfd793	srli	x15,x31,0x1c	 x31:0x00c50000 x15=0x00000000
00900713	addi	x14,x0,9	  x0:0x00000000 x14=0x00000009
f2f76ae3	bltu	x14,x15,10019c	 x14:0x00000009 x15:0x00000000
03078393	addi	x7,x15,48	 x15:0x00000000  x7=0x00000030
000205b7	lui	x11,0x20	 x11=0x00020000
01451613	slli	x12,x10,0x14	 x10:0x3f8000c5 x12=0x0c500000
0075a023	sw	x7,0(x11)	 x11:0x00020000  x7:0x00000030 PA:0x00020000 store:0x00000030 load:0x00000000
01c65693	srli	x13,x12,0x1c	 x12:0x0c500000 x13=0x00000000
00900813	addi	x16,x0,9	  x0:0x00000000 x16=0x00000009
f2d86ae3	bltu	x16,x13,1001b8	 x16:0x00000009 x13:0x00000000
03068e93	addi	x29,x13,48	 x13:0x00000000 x29=0x00000030
00020f37	lui	x30,0x20	 x30=0x00020000
01851f93	slli	x31,x10,0x18	 x10:0x3f8000c5 x31=0xc5000000
01df2023	sw	x29,0(x30)	 x30:0x00020000 x29:0x00000030 PA:0x00020000 store:0x00000030 load:0x00000000
01cfd793	srli	x15,x31,0x1c	 x31:0xc5000000 x15=0x0000000c
00900713	addi	x14,x0,9	  x0:0x00000000 x14=0x00000009
f2f76ae3	bltu	x14,x15,1001d4	 x14:0x00000009 x15:0x0000000c
03778293	addi	x5,x15,55	 x15:0x0000000c  x5=0x00000043
00020337	lui	x6,0x20	  x6=0x00020000
00532023	sw	x5,0(x6)	  x6:0x00020000  x5:0x00000043 PA:0x00020000 store:0x00000043 load:0x00000000
00f57513	andi	x10,x10,15	 x10:0x3f8000c5 x10=0x00000005
00900613	addi	x12,x0,9	  x0:0x00000000 x12=0x00000009
0ca66a63	bltu	x12,x10,1002bc	 x12:0x00000009 x10:0x00000005
03050893	addi	x17,x10,48	 x10:0x00000005 x17=0x00000035
00020e37	lui	x28,0x20	 x28=0x00020000
011e2023	sw	x17,0(x28)	 x28:0x00020000 x17:0x00000035 PA:0x00020000 store:0x00000035 load:0x00000000
00008067	jalr	x0,0(x1)	  x1:0x00101390  x0=0x00000000
d089a807	flw	f16,-760(x19)	 f19:0x00102000 f16=0x00000000 PA:0x00101d08 store:0x3f80018a
a10a8513	addi	x10,x21,-1520	 x21:0x00102000 x10=0x00101a10
580878d3	fsqrt.s	f17,f16	 f16:0x00000009 f17=0x00000000
d119a427	fsw	f17,-760(x19)	 f19:0x00102000 f17:0x00000035 PA:0x00101d08 store:0x3f800062 load:0x3f8000c5
d089a907	flw	f18,-760(x19)	 f19:0x00102000 f18=0x00000000 PA:0x00101d08 store:0x3f80018a
e00907d3	fmv.x.w	x15,f18	 f18:0x00102000 x15=0x3f800062
cefa2c23	sw	x15,-776(x20)	 x20:0x00102000 x15:0x3f800062 PA:0x00101cf8 store:0x3f800062 load:0x3f800062
cf5fe0ef	jal	x1,1000a0	  x1=0x001013b0
00054803	lbu	x16,0(x10)	 x10:0x00101a10 x16=0x0000000a PA:0x00101a10 store:0x00000000
06080663	beq	x16,x0,100110	 x16:0x0000000a  x0:0x00000000
000207b7	lui	x15,0x20	 x15=0x00020000
0107a023	sw	x16,0(x15)	 x15:0x00020000 x16:0x0000000a PA:0x00020000 store:0x0000000a load:0x00000000
00154703	lbu	x14,1(x10)	 x10:0x00101a10 x14=0x00000020 PA:0x00101a11 store:0x001013b0
04070e63	beq	x14,x0,100110	 x14:0x00000020  x0:0x00000000
00e7a023	sw	x14,0(x15)	 x15:0x00020000 x14:0x00000020 PA:0x00020000 store:0x00000020 load:0x00000000
00254283	lbu	x5,2(x10)	 x10:0x00101a10  x5=0x00000069 PA:0x00101a12 store:0x00137fa0
04028863	beq	x5,x0,100110	  x5:0x00000069  x0:0x00000000
0057a023	sw	x5,0(x15)	 x15:0x00020000  x5:0x00000069 PA:0x00020000 store:0x00000069 load:0x00000000
00354303	lbu	x6,3(x10)	 x10:0x00101a10  x6=0x0000003d PA:0x00101a13 store:0x00000000
04030263	beq	x6,x0,100110	  x6:0x0000003d  x0:0x00000000
0067a023	sw	x6,0(x15)	 x15:0x00020000  x6:0x0000003d PA:0x00020000 store:0x0000003d load:0x00000000
00454383	lbu	x7,4(x10)	 x10:0x00101a10  x7=0x00000000 PA:0x00101a14 store:0x00000000
02038c63	beq	x7,x0,100110	  x7:0x00000000  x0:0x00000000
00000513	addi	x10,x0,0	  x0:0x00000000 x10=0x00000000
00008067	jalr	x0,0(x1)	  x1:0x001013b0  x0=0x00000000
000d8513	addi	x10,x27,0	 x27:0x00000012 x10=0x00000012
d6dfe0ef	jal	x1,100120	  x1=0x001013b8
01c55793	srli	x15,x10,0x1c	 x10:0x00000012 x15=0x00000000
00900713	addi	x14,x0,9	  x0:0x00000000 x14=0x00000009
0cf77a63	bgeu	x14,x15,1001fc	 x14:0x00000009 x15:0x00000000
03078393	addi	x7,x15,48	 x15:0x00000000  x7=0x00000030
000205b7	lui	x11,0x20	 x11=0x00020000
00451613	slli	x12,x10,0x4	 x10:0x00000012 x12=0x00000120
0075a023	sw	x7,0(x11)	 x11:0x00020000  x7:0x00000030 PA:0x00020000 store:0x00000030 load:0x00000000
01c65693	srli	x13,x12,0x1c	 x12:0x00000120 x13=0x00000000
00900813	addi	x16,x0,9	  x0:0x00000000 x16=0x00000009
f2d86ae3	bltu	x16,x13,100148	 x16:0x00000009 x13:0x00000000
03068e93	addi	x29,x13,48	 x13:0x00000000 x29=0x00000030
00020f37	lui	x30,0x20	 x30=0x00020000
00851f93	slli	x31,x10,0x8	 x10:0x00000012 x31=0x00001200
01df2023	sw	x29,0(x30)	 x30:0x00020000 x29:0x00000030 PA:0x00020000 store:0x00000030 load:0x00000000
01cfd793	srli	x15,x31,0x1c	 x31:0x00001200 x15=0x00000000
00900713	addi	x14,x0,9	  x0:0x00000000 x14=0x00000009
f2f76ae3	bltu	x14,x15,100164	 x14:0x00000009 x15:0x00000000
03078393	addi	x7,x15,48	 x15:0x00000000  x7=0x00000030
000205b7	lui	x11,0x20	 x11=0x00020000
00c51613	slli	x12,x10,0xc	 x10:0x00000012 x12=0x00012000
0075a023	sw	x7,0(x11)	 x11:0x00020000  x7:0x00000030 PA:0x00020000 store:0x00000030 load:0x00000000
01c65693	srli	x13,x12,0x1c	 x12:0x00012000 x13=0x00000000
00900813	addi	x16,x0,9	  x0:0x00000000 x16=0x00000009
f2d86ae3	bltu	x16,x13,100180	 x16:0x00000009 x13:0x00000000
03068e93	addi	x29,x13,48	 x13:0x00000000 x29=0x00000030
00020f37	lui	x30,0x20	 x30=0x00020000
01051f93	slli	x31,x10,0x10	 x10:0x00000012 x31=0x00120000
01df2023	sw	x29,0(x30)	 x30:0x00020000 x29:0x00000030 PA:0x00020000 store:0x00000030 load:0x00000000
01cfd793	srli	x15,x31,0x1c	 x31:0x00120000 x15=0x00000000
00900713	addi	x14,x0,9	  x0:0x00000000 x14=0x00000009
f2f76ae3	bltu	x14,x15,10019c	 x14:0x00000009 x15:0x00000000
03078393	addi	x7,x15,48	 x15:0x00000000  x7=0x00000030
000205b7	lui	x11,0x20	 x11=0x00020000
01451613	slli	x12,x10,0x14	 x10:0x00000012 x12=0x01200000
0075a023	sw	x7,0(x11)	 x11:0x00020000  x7:0x00000030 PA:0x00020000 store:0x00000030 load:0x00000000
01c65693	srli	x13,x12,0x1c	 x12:0x01200000 x13=0x00000000
00900813	addi	x16,x0,9	  x0:0x00000000 x16=0x00000009
f2d86ae3	bltu	x16,x13,1001b8	 x16:0x00000009 x13:0x00000000
03068e93	addi	x29,x13,48	 x13:0x00000000 x29=0x00000030
00020f37	lui	x30,0x20	 x30=0x00020000
01851f93	slli	x31,x10,0x18	 x10:0x00000012 x31=0x12000000
01df2023	sw	x29,0(x30)	 x30:0x00020000 x29:0x00000030 PA:0x00020000 store:0x00000030 load:0x00000000
01cfd793	srli	x15,x31,0x1c	 x31:0x12000000 x15=0x00000001
00900713	addi	x14,x0,9	  x0:0x00000000 x14=0x00000009
f2f76ae3	bltu	x14,x15,1001d4	 x14:0x00000009 x15:0x00000001
03078393	addi	x7,x15,48	 x15:0x00000001  x7=0x00000031
000205b7	lui	x11,0x20	 x11=0x00020000
0075a023	sw	x7,0(x11)	 x11:0x00020000  x7:0x00000031 PA:0x00020000 store:0x00000031 load:0x00000000
00f57513	andi	x10,x10,15	 x10:0x00000012 x10=0x00000002
00900613	addi	x12,x0,9	  x0:0x00000000 x12=0x00000009
f2a67ae3	bgeu	x12,x10,1001ec	 x12:0x00000009 x10:0x00000002
03050893	addi	x17,x10,48	 x10:0x00000002 x17=0x00000032
00020e37	lui	x28,0x20	 x28=0x00020000
011e2023	sw	x17,0(x28)	 x28:0x00020000 x17:0x00000032 PA:0x00020000 store:0x00000032 load:0x00000000
00008067	jalr	x0,0(x1)	  x1:0x001013b8  x0=0x00000000
a18b0513	addi	x10,x22,-1512	 x22:0x00102000 x10=0x00101a18
ce5fe0ef	jal	x1,1000a0	  x1=0x001013c0
00054803	lbu	x16,0(x10)	 x10:0x00101a18 x16=0x00000020 PA:0x00101a18 store:0x00000000
06080663	beq	x16,x0,100110	 x16:0x00000020  x0:0x00000000
000207b7	lui	x15,0x20	 x15=0x00020000
0107a023	sw	x16,0(x15)	 x15:0x00020000 x16:0x00000020 PA:0x00020000 store:0x00000020 load:0x00000000
00154703	lbu	x14,1(x10)	 x10:0x00101a18 x14=0x00000072 PA:0x00101a19 store:0x001013c0
04070e63	beq	x14,x0,100110	 x14:0x00000072  x0:0x00000000
00e7a023	sw	x14,0(x15)	 x15:0x00020000 x14:0x00000072 PA:0x00020000 store:0x00000072 load:0x00000000
00254283	lbu	x5,2(x10)	 x10:0x00101a18  x5=0x00000065 PA:0x00101a1a store:0x00137fa0
04028863	beq	x5,x0,100110	  x5:0x00000065  x0:0x00000000
0057a023	sw	x5,0(x15)	 x15:0x00020000  x5:0x00000065 PA:0x00020000 store:0x00000065 load:0x00000000
00354303	lbu	x6,3(x10)	 x10:0x00101a18  x6=0x00000073 PA:0x00101a1b store:0x00000000
04030263	beq	x6,x0,100110	  x6:0x00000073  x0:0x00000000
0067a023	sw	x6,0(x15)	 x15:0x00020000  x6:0x00000073 PA:0x00020000 store:0x00000073 load:0x00000000
00454383	lbu	x7,4(x10)	 x10:0x00101a18  x7=0x00000075 PA:0x00101a1c store:0x00000000
02038c63	beq	x7,x0,100110	  x7:0x00000075  x0:0x00000000
0077a023	sw	x7,0(x15)	 x15:0x00020000  x7:0x00000075 PA:0x00020000 store:0x00000075 load:0x00000000
00554583	lbu	x11,5(x10)	 x10:0x00101a18 x11=0x0000006c PA:0x00101a1d store:0x00000065
02058663	beq	x11,x0,100110	 x11:0x0000006c  x0:0x00000000
00b7a023	sw	x11,0(x15)	 x15:0x00020000 x11:0x0000006c PA:0x00020000 store:0x0000006c load:0x00000000
00654603	lbu	x12,6(x10)	 x10:0x00101a18 x12=0x00000074 PA:0x00101a1e store:0x00000073
02060063	beq	x12,x0,100110	 x12:0x00000074  x0:0x00000000
00c7a023	sw	x12,0(x15)	 x15:0x00020000 x12:0x00000074 PA:0x00020000 store:0x00000074 load:0x00000000
00754683	lbu	x13,7(x10)	 x10:0x00101a18 x13=0x0000003a PA:0x00101a1f store:0x00000075
00850513	addi	x10,x10,8	 x10:0x00101a18 x10=0x00101a20
00068863	beq	x13,x0,100110	 x13:0x0000003a  x0:0x00000000
00d7a023	sw	x13,0(x15)	 x15:0x00020000 x13:0x0000003a PA:0x00020000 store:0x0000003a load:0x00000000
00054803	lbu	x16,0(x10)	 x10:0x00101a20 x16=0x00000020 PA:0x00101a20 store:0x00000000
fa0810e3	bne	x16,x0,1000ac	 x16:0x00000020  x0:0x00000000
0107a023	sw	x16,0(x15)	 x15:0x00020000 x16:0x00000020 PA:0x00020000 store:0x00000020 load:0x00000000
00154703	lbu	x14,1(x10)	 x10:0x00101a20 x14=0x00000000 PA:0x00101a21 store:0x001013c0
04070e63	beq	x14,x0,100110	 x14:0x00000000  x0:0x00000000
00000513	addi	x10,x0,0	  x0:0x00000000 x10=0x00000000
00008067	jalr	x0,0(x1)	  x1:0x001013c0  x0=0x00000000
cf8a2503	lw	x10,-776(x20)	 x20:0x00102000 x10=0x3f800062 PA:0x00101cf8 store:0x00000010
003c0d93	addi	x27,x24,3	 x24:0x00000010 x27=0x00000013
004c0c13	addi	x24,x24,4	 x24:0x00000010 x24=0x00000014
d55fe0ef	jal	x1,100120	  x1=0x001013d0
01c55793	srli	x15,x10,0x1c	 x10:0x3f800062 x15=0x00000003
00900713	addi	x14,x0,9	  x0:0x00000000 x14=0x00000009
0cf77a63	bgeu	x14,x15,1001fc	 x14:0x00000009 x15:0x00000003
03078393	addi	x7,x15,48	 x15:0x00000003  x7=0x00000033
000205b7	lui	x11,0x20	 x11=0x00020000
00451613	slli	x12,x10,0x4	 x10:0x3f800062 x12=0xf8000620
0075a023	sw	x7,0(x11)	 x11:0x00020000  x7:0x00000033 PA:0x00020000 store:0x00000033 load:0x00000000
01c65693	srli	x13,x12,0x1c	 x12:0xf8000620 x13=0x0000000f
00900813	addi	x16,x0,9	  x0:0x00000000 x16=0x00000009
f2d86ae3	bltu	x16,x13,100148	 x16:0x00000009 x13:0x0000000f
03768893	addi	x17,x13,55	 x13:0x0000000f x17=0x00000046
00020e37	lui	x28,0x20	 x28=0x00020000
00851f93	slli	x31,x10,0x8	 x10:0x3f800062 x31=0x80006200
011e2023	sw	x17,0(x28)	 x28:0x00020000 x17:0x00000046 PA:0x00020000 store:0x00000046 load:0x00000000
01cfd793	srli	x15,x31,0x1c	 x31:0x80006200 x15=0x00000008
00900713	addi	x14,x0,9	  x0:0x00000000 x14=0x00000009
0cf77a63	bgeu	x14,x15,100234	 x14:0x00000009 x15:0x00000008
03078393	addi	x7,x15,48	 x15:0x00000008  x7=0x00000038
000205b7	lui	x11,0x20	 x11=0x00020000
00c51613	slli	x12,x10,0xc	 x10:0x3f800062 x12=0x00062000
0075a023	sw	x7,0(x11)	 x11:0x00020000  x7:0x00000038 PA:0x00020000 store:0x00000038 load:0x00000000
01c65693	srli	x13,x12,0x1c	 x12:0x00062000 x13=0x00000000
00900813	addi	x16,x0,9	  x0:0x00000000 x16=0x00000009
f2d86ae3	bltu	x16,x13,100180	 x16:0x00000009 x13:0x00000000
03068e93	addi	x29,x13,48	 x13:0x00000000 x29=0x00000030
00020f37	lui	x30,0x20	 x30=0x00020000
01051f93	slli	x31,x10,0x10	 x10:0x3f800062 x31=0x00620000
01df2023	sw	x29,0(x30)	 x30:0x00020000 x29:0x00000030 PA:0x00020000 store:0x00000030 load:0x00000000
01cfd793	srli	x15,x31,0x1c	 x31:0x00620000 x15=0x00000000
00900713	addi	x14,x0,9	  x0:0x00000000 x14=0x00000009
f2f76ae3	bltu	x14,x15,10019c	 x14:0x00000009 x15:0x00000000
03078393	addi	x7,x15,48	 x15:0x00000000  x7=0x00000030
000205b7	lui	x11,0x20	 x11=0x00020000
01451613	slli	x12,x10,0x14	 x10:0x3f800062 x12=0x06200000
0075a023	sw	x7,0(x11)	 x11:0x00020000  x7:0x00000030 PA:0x00020000 store:0x00000030 load:0x00000000
01c65693	srli	x13,x12,0x1c	 x12:0x06200000 x13=0x00000000
00900813	addi	x16,x0,9	  x0:0x00000000 x16=0x00000009
f2d86ae3	bltu	x16,x13,1001b8	 x16:0x00000009 x13:0x00000000
03068e93	addi	x29,x13,48	 x13:0x00000000 x29=0x00000030
00020f37	lui	x30,0x20	 x30=0x00020000
01851f93	slli	x31,x10,0x18	 x10:0x3f800062 x31=0x62000000
01df2023	sw	x29,0(x30)	 x30:0x00020000 x29:0x00000030 PA:0x00020000 store:0x00000030 load:0x00000000
01cfd793	srli	x15,x31,0x1c	 x31:0x62000000 x15=0x00000006
00900713	addi	x14,x0,9	  x0:0x00000000 x14=0x00000009
f2f76ae3	bltu	x14,x15,1001d4	 x14:0x00000009 x15:0x00000006
03078393	addi	x7,x15,48	 x15:0x00000006  x7=0x00000036
000205b7	lui	x11,0x20	 x11=0x00020000
0075a023	sw	x7,0(x11)	 x11:0x00020000  x7:0x00000036 PA:0x00020000 store:0x00000036 load:0x00000000
00f57513	andi	x10,x10,15	 x10:0x3f800062 x10=0x00000002
00900613	addi	x12,x0,9	  x0:0x00000000 x12=0x00000009
f2a67ae3	bgeu	x12,x10,1001ec	 x12:0x00000009 x10:0x00000002
03050893	addi	x17,x10,48	 x10:0x00000002 x17=0x00000032
00020e37	lui	x28,0x20	 x28=0x00020000
011e2023	sw	x17,0(x28)	 x28:0x00020000 x17:0x00000032 PA:0x00020000 store:0x00000032 load:0x00000000
00008067	jalr	x0,0(x1)	  x1:0x001013d0  x0=0x00000000
a10a8513	addi	x10,x21,-1520	 x21:0x00102000 x10=0x00101a10
d089a987	flw	f19,-760(x19)	 f19:0x00102000 f19=0x00000000 PA:0x00101d08 store:0x3f80018a
5809fa53	fsqrt.s	f20,f19	 f19:0x00102000 f20=0x00000000
d149a427	fsw	f20,-760(x19)	 f19:0x00102000 f20:0x00102000 PA:0x00101d08 store:0x3f800031 load:0x3f800062
d089aa87	flw	f21,-760(x19)	 f19:0x00102000 f21=0x00000000 PA:0x00101d08 store:0x3f80018a
e00a82d3	fmv.x.w	x5,f21	 f21:0x00102000  x5=0x3f800031
ce5a2c23	sw	x5,-776(x20)	 x20:0x00102000  x5:0x3f800031 PA:0x00101cf8 store:0x3f800031 load:0x3f800031
cb5fe0ef	jal	x1,1000a0	  x1=0x001013f0
00054803	lbu	x16,0(x10)	 x10:0x00101a10 x16=0x0000000a PA:0x00101a10 store:0x00000000
06080663	beq	x16,x0,100110	 x16:0x0000000a  x0:0x00000000
000207b7	lui	x15,0x20	 x15=0x00020000
0107a023	sw	x16,0(x15)	 x15:0x00020000 x16:0x0000000a PA:0x00020000 store:0x0000000a load:0x00000000
00154703	lbu	x14,1(x10)	 x10:0x00101a10 x14=0x00000020 PA:0x00101a11 store:0x001013f0
04070e63	beq	x14,x0,100110	 x14:0x00000020  x0:0x00000000
00e7a023	sw	x14,0(x15)	 x15:0x00020000 x14:0x00000020 PA:0x00020000 store:0x00000020 load:0x00000000
00254283	lbu	x5,2(x10)	 x10:0x00101a10  x5=0x00000069 PA:0x00101a12 store:0x00137fa0
04028863	beq	x5,x0,100110	  x5:0x00000069  x0:0x00000000
0057a023	sw	x5,0(x15)	 x15:0x00020000  x5:0x00000069 PA:0x00020000 store:0x00000069 load:0x00000000
00354303	lbu	x6,3(x10)	 x10:0x00101a10  x6=0x0000003d PA:0x00101a13 store:0x00000000
04030263	beq	x6,x0,100110	  x6:0x0000003d  x0:0x00000000
0067a023	sw	x6,0(x15)	 x15:0x00020000  x6:0x0000003d PA:0x00020000 store:0x0000003d load:0x00000000
00454383	lbu	x7,4(x10)	 x10:0x00101a10  x7=0x00000000 PA:0x00101a14 store:0x00000000
02038c63	beq	x7,x0,100110	  x7:0x00000000  x0:0x00000000
00000513	addi	x10,x0,0	  x0:0x00000000 x10=0x00000000
00008067	jalr	x0,0(x1)	  x1:0x001013f0  x0=0x00000000
000d8513	addi	x10,x27,0	 x27:0x00000013 x10=0x00000013
d2dfe0ef	jal	x1,100120	  x1=0x001013f8
01c55793	srli	x15,x10,0x1c	 x10:0x00000013 x15=0x00000000
00900713	addi	x14,x0,9	  x0:0x00000000 x14=0x00000009
0cf77a63	bgeu	x14,x15,1001fc	 x14:0x00000009 x15:0x00000000
03078393	addi	x7,x15,48	 x15:0x00000000  x7=0x00000030
000205b7	lui	x11,0x20	 x11=0x00020000
00451613	slli	x12,x10,0x4	 x10:0x00000013 x12=0x00000130
0075a023	sw	x7,0(x11)	 x11:0x00020000  x7:0x00000030 PA:0x00020000 store:0x00000030 load:0x00000000
01c65693	srli	x13,x12,0x1c	 x12:0x00000130 x13=0x00000000
00900813	addi	x16,x0,9	  x0:0x00000000 x16=0x00000009
f2d86ae3	bltu	x16,x13,100148	 x16:0x00000009 x13:0x00000000
03068e93	addi	x29,x13,48	 x13:0x00000000 x29=0x00000030
00020f37	lui	x30,0x20	 x30=0x00020000
00851f93	slli	x31,x10,0x8	 x10:0x00000013 x31=0x00001300
01df2023	sw	x29,0(x30)	 x30:0x00020000 x29:0x00000030 PA:0x00020000 store:0x00000030 load:0x00000000
01cfd793	srli	x15,x31,0x1c	 x31:0x00001300 x15=0x00000000
00900713	addi	x14,x0,9	  x0:0x00000000 x14=0x00000009
f2f76ae3	bltu	x14,x15,100164	 x14:0x00000009 x15:0x00000000
03078393	addi	x7,x15,48	 x15:0x00000000  x7=0x00000030
000205b7	lui	x11,0x20	 x11=0x00020000
00c51613	slli	x12,x10,0xc	 x10:0x00000013 x12=0x00013000
0075a023	sw	x7,0(x11)	 x11:0x00020000  x7:0x00000030 PA:0x00020000 store:0x00000030 load:0x00000000
01c65693	srli	x13,x12,0x1c	 x12:0x00013000 x13=0x00000000
00900813	addi	x16,x0,9	  x0:0x00000000 x16=0x00000009
f2d86ae3	bltu	x16,x13,100180	 x16:0x00000009 x13:0x00000000
03068e93	addi	x29,x13,48	 x13:0x00000000 x29=0x00000030
00020f37	lui	x30,0x20	 x30=0x00020000
01051f93	slli	x31,x10,0x10	 x10:0x00000013 x31=0x00130000
01df2023	sw	x29,0(x30)	 x30:0x00020000 x29:0x00000030 PA:0x00020000 store:0x00000030 load:0x00000000
01cfd793	srli	x15,x31,0x1c	 x31:0x00130000 x15=0x00000000
00900713	addi	x14,x0,9	  x0:0x00000000 x14=0x00000009
f2f76ae3	bltu	x14,x15,10019c	 x14:0x00000009 x15:0x00000000
03078393	addi	x7,x15,48	 x15:0x00000000  x7=0x00000030
000205b7	lui	x11,0x20	 x11=0x00020000
01451613	slli	x12,x10,0x14	 x10:0x00000013 x12=0x01300000
0075a023	sw	x7,0(x11)	 x11:0x00020000  x7:0x00000030 PA:0x00020000 store:0x00000030 load:0x00000000
01c65693	srli	x13,x12,0x1c	 x12:0x01300000 x13=0x00000000
00900813	addi	x16,x0,9	  x0:0x00000000 x16=0x00000009
f2d86ae3	bltu	x16,x13,1001b8	 x16:0x00000009 x13:0x00000000
03068e93	addi	x29,x13,48	 x13:0x00000000 x29=0x00000030
00020f37	lui	x30,0x20	 x30=0x00020000
01851f93	slli	x31,x10,0x18	 x10:0x00000013 x31=0x13000000
01df2023	sw	x29,0(x30)	 x30:0x00020000 x29:0x00000030 PA:0x00020000 store:0x00000030 load:0x00000000
01cfd793	srli	x15,x31,0x1c	 x31:0x13000000 x15=0x00000001
00900713	addi	x14,x0,9	  x0:0x00000000 x14=0x00000009
f2f76ae3	bltu	x14,x15,1001d4	 x14:0x00000009 x15:0x00000001
03078393	addi	x7,x15,48	 x15:0x00000001  x7=0x00000031
000205b7	lui	x11,0x20	 x11=0x00020000
0075a023	sw	x7,0(x11)	 x11:0x00020000  x7:0x00000031 PA:0x00020000 store:0x00000031 load:0x00000000
00f57513	andi	x10,x10,15	 x10:0x00000013 x10=0x00000003
00900613	addi	x12,x0,9	  x0:0x00000000 x12=0x00000009
f2a67ae3	bgeu	x12,x10,1001ec	 x12:0x00000009 x10:0x00000003
03050893	addi	x17,x10,48	 x10:0x00000003 x17=0x00000033
00020e37	lui	x28,0x20	 x28=0x00020000
011e2023	sw	x17,0(x28)	 x28:0x00020000 x17:0x00000033 PA:0x00020000 store:0x00000033 load:0x00000000
00008067	jalr	x0,0(x1)	  x1:0x001013f8  x0=0x00000000
a18b0513	addi	x10,x22,-1512	 x22:0x00102000 x10=0x00101a18
ca5fe0ef	jal	x1,1000a0	  x1=0x00101400
00054803	lbu	x16,0(x10)	 x10:0x00101a18 x16=0x00000020 PA:0x00101a18 store:0x00000000
06080663	beq	x16,x0,100110	 x16:0x00000020  x0:0x00000000
000207b7	lui	x15,0x20	 x15=0x00020000
0107a023	sw	x16,0(x15)	 x15:0x00020000 x16:0x00000020 PA:0x00020000 store:0x00000020 load:0x00000000
00154703	lbu	x14,1(x10)	 x10:0x00101a18 x14=0x00000072 PA:0x00101a19 store:0x00101400
04070e63	beq	x14,x0,100110	 x14:0x00000072  x0:0x00000000
00e7a023	sw	x14,0(x15)	 x15:0x00020000 x14:0x00000072 PA:0x00020000 store:0x00000072 load:0x00000000
00254283	lbu	x5,2(x10)	 x10:0x00101a18  x5=0x00000065 PA:0x00101a1a store:0x00137fa0
04028863	beq	x5,x0,100110	  x5:0x00000065  x0:0x00000000
0057a023	sw	x5,0(x15)	 x15:0x00020000  x5:0x00000065 PA:0x00020000 store:0x00000065 load:0x00000000
00354303	lbu	x6,3(x10)	 x10:0x00101a18  x6=0x00000073 PA:0x00101a1b store:0x00000000
04030263	beq	x6,x0,100110	  x6:0x00000073  x0:0x00000000
0067a023	sw	x6,0(x15)	 x15:0x00020000  x6:0x00000073 PA:0x00020000 store:0x00000073 load:0x00000000
00454383	lbu	x7,4(x10)	 x10:0x00101a18  x7=0x00000075 PA:0x00101a1c store:0x00000000
02038c63	beq	x7,x0,100110	  x7:0x00000075  x0:0x00000000
0077a023	sw	x7,0(x15)	 x15:0x00020000  x7:0x00000075 PA:0x00020000 store:0x00000075 load:0x00000000
00554583	lbu	x11,5(x10)	 x10:0x00101a18 x11=0x0000006c PA:0x00101a1d store:0x00000065
02058663	beq	x11,x0,100110	 x11:0x0000006c  x0:0x00000000
00b7a023	sw	x11,0(x15)	 x15:0x00020000 x11:0x0000006c PA:0x00020000 store:0x0000006c load:0x00000000
00654603	lbu	x12,6(x10)	 x10:0x00101a18 x12=0x00000074 PA:0x00101a1e store:0x00000073
02060063	beq	x12,x0,100110	 x12:0x00000074  x0:0x00000000
00c7a023	sw	x12,0(x15)	 x15:0x00020000 x12:0x00000074 PA:0x00020000 store:0x00000074 load:0x00000000
00754683	lbu	x13,7(x10)	 x10:0x00101a18 x13=0x0000003a PA:0x00101a1f store:0x00000075
00850513	addi	x10,x10,8	 x10:0x00101a18 x10=0x00101a20
00068863	beq	x13,x0,100110	 x13:0x0000003a  x0:0x00000000
00d7a023	sw	x13,0(x15)	 x15:0x00020000 x13:0x0000003a PA:0x00020000 store:0x0000003a load:0x00000000
00054803	lbu	x16,0(x10)	 x10:0x00101a20 x16=0x00000020 PA:0x00101a20 store:0x00000000
fa0810e3	bne	x16,x0,1000ac	 x16:0x00000020  x0:0x00000000
0107a023	sw	x16,0(x15)	 x15:0x00020000 x16:0x00000020 PA:0x00020000 store:0x00000020 load:0x00000000
00154703	lbu	x14,1(x10)	 x10:0x00101a20 x14=0x00000000 PA:0x00101a21 store:0x00101400
04070e63	beq	x14,x0,100110	 x14:0x00000000  x0:0x00000000
00000513	addi	x10,x0,0	  x0:0x00000000 x10=0x00000000
00008067	jalr	x0,0(x1)	  x1:0x00101400  x0=0x00000000
cf8a2503	lw	x10,-776(x20)	 x20:0x00102000 x10=0x3f800031 PA:0x00101cf8 store:0x00000014
d1dfe0ef	jal	x1,100120	  x1=0x00101408
01c55793	srli	x15,x10,0x1c	 x10:0x3f800031 x15=0x00000003
00900713	addi	x14,x0,9	  x0:0x00000000 x14=0x00000009
0cf77a63	bgeu	x14,x15,1001fc	 x14:0x00000009 x15:0x00000003
03078393	addi	x7,x15,48	 x15:0x00000003  x7=0x00000033
000205b7	lui	x11,0x20	 x11=0x00020000
00451613	slli	x12,x10,0x4	 x10:0x3f800031 x12=0xf8000310
0075a023	sw	x7,0(x11)	 x11:0x00020000  x7:0x00000033 PA:0x00020000 store:0x00000033 load:0x00000000
01c65693	srli	x13,x12,0x1c	 x12:0xf8000310 x13=0x0000000f
00900813	addi	x16,x0,9	  x0:0x00000000 x16=0x00000009
f2d86ae3	bltu	x16,x13,100148	 x16:0x00000009 x13:0x0000000f
03768893	addi	x17,x13,55	 x13:0x0000000f x17=0x00000046
00020e37	lui	x28,0x20	 x28=0x00020000
00851f93	slli	x31,x10,0x8	 x10:0x3f800031 x31=0x80003100
011e2023	sw	x17,0(x28)	 x28:0x00020000 x17:0x00000046 PA:0x00020000 store:0x00000046 load:0x00000000
01cfd793	srli	x15,x31,0x1c	 x31:0x80003100 x15=0x00000008
00900713	addi	x14,x0,9	  x0:0x00000000 x14=0x00000009
0cf77a63	bgeu	x14,x15,100234	 x14:0x00000009 x15:0x00000008
03078393	addi	x7,x15,48	 x15:0x00000008  x7=0x00000038
000205b7	lui	x11,0x20	 x11=0x00020000
00c51613	slli	x12,x10,0xc	 x10:0x3f800031 x12=0x00031000
0075a023	sw	x7,0(x11)	 x11:0x00020000  x7:0x00000038 PA:0x00020000 store:0x00000038 load:0x00000000
01c65693	srli	x13,x12,0x1c	 x12:0x00031000 x13=0x00000000
00900813	addi	x16,x0,9	  x0:0x00000000 x16=0x00000009
f2d86ae3	bltu	x16,x13,100180	 x16:0x00000009 x13:0x00000000
03068e93	addi	x29,x13,48	 x13:0x00000000 x29=0x00000030
00020f37	lui	x30,0x20	 x30=0x00020000
01051f93	slli	x31,x10,0x10	 x10:0x3f800031 x31=0x00310000
01df2023	sw	x29,0(x30)	 x30:0x00020000 x29:0x00000030 PA:0x00020000 store:0x00000030 load:0x00000000
01cfd793	srli	x15,x31,0x1c	 x31:0x00310000 x15=0x00000000
00900713	addi	x14,x0,9	  x0:0x00000000 x14=0x00000009
f2f76ae3	bltu	x14,x15,10019c	 x14:0x00000009 x15:0x00000000
03078393	addi	x7,x15,48	 x15:0x00000000  x7=0x00000030
000205b7	lui	x11,0x20	 x11=0x00020000
01451613	slli	x12,x10,0x14	 x10:0x3f800031 x12=0x03100000
0075a023	sw	x7,0(x11)	 x11:0x00020000  x7:0x00000030 PA:0x00020000 store:0x00000030 load:0x00000000
01c65693	srli	x13,x12,0x1c	 x12:0x03100000 x13=0x00000000
00900813	addi	x16,x0,9	  x0:0x00000000 x16=0x00000009
f2d86ae3	bltu	x16,x13,1001b8	 x16:0x00000009 x13:0x00000000
03068e93	addi	x29,x13,48	 x13:0x00000000 x29=0x00000030
00020f37	lui	x30,0x20	 x30=0x00020000
01851f93	slli	x31,x10,0x18	 x10:0x3f800031 x31=0x31000000
01df2023	sw	x29,0(x30)	 x30:0x00020000 x29:0x00000030 PA:0x00020000 store:0x00000030 load:0x00000000
01cfd793	srli	x15,x31,0x1c	 x31:0x31000000 x15=0x00000003
00900713	addi	x14,x0,9	  x0:0x00000000 x14=0x00000009
f2f76ae3	bltu	x14,x15,1001d4	 x14:0x00000009 x15:0x00000003
03078393	addi	x7,x15,48	 x15:0x00000003  x7=0x00000033
000205b7	lui	x11,0x20	 x11=0x00020000
0075a023	sw	x7,0(x11)	 x11:0x00020000  x7:0x00000033 PA:0x00020000 store:0x00000033 load:0x00000000
00f57513	andi	x10,x10,15	 x10:0x3f800031 x10=0x00000001
00900613	addi	x12,x0,9	  x0:0x00000000 x12=0x00000009
f2a67ae3	bgeu	x12,x10,1001ec	 x12:0x00000009 x10:0x00000001
03050893	addi	x17,x10,48	 x10:0x00000001 x17=0x00000031
00020e37	lui	x28,0x20	 x28=0x00020000
011e2023	sw	x17,0(x28)	 x28:0x00020000 x17:0x00000031 PA:0x00020000 store:0x00000031 load:0x00000000
00008067	jalr	x0,0(x1)	  x1:0x00101408  x0=0x00000000
f1ac18e3	bne	x24,x26,101318	 x24:0x00000014 x26:0x00000014
00102537	lui	x10,0x102	 x10=0x00102000
93852e87	flw	f29,-1736(x10)	 f10:0x00102000 f29=0x00000000 PA:0x00101938 store:0x00000000
00102337	lui	x6,0x102	  x6=0x00102000
93c32f07	flw	f30,-1732(x6)	  f6:0x00102000 f30=0x00000000 PA:0x0010193c store:0x08e27cac
00102c37	lui	x24,0x102	 x24=0x00102000
940c2e07	flw	f28,-1728(x24)	 f24:0x00102000 f28=0x00000000 PA:0x00101940 store:0x056b3aa5
001023b7	lui	x7,0x102	  x7=0x00102000
00102ab7	lui	x21,0x102	 x21=0x00102000
d1daa027	fsw	f29,-768(x21)	 f21:0x00102000 f29:0x00000030 PA:0x00101d00 store:0x42f64a98 load:0x80000000
9443af87	flw	f31,-1724(x7)	  f7:0x00102000 f31=0x00000000 PA:0x00101944 store:0x42f67c6a
d1e9a427	fsw	f30,-760(x19)	 f19:0x00102000 f30:0x00020000 PA:0x00101d08 store:0x41433afb load:0x3ea4b87c
001020b7	lui	x1,0x102	  x1=0x00102000
00102b37	lui	x22,0x102	 x22=0x00102000
d1cb2627	fsw	f28,-756(x22)	 f22:0x00102000 f28:0x00020000 PA:0x00101d0c store:0x80000000 load:0x3ea4b87c
a4408513	addi	x10,x1,-1468	  x1:0x00102000 x10=0x00101a44
d1f42c27	fsw	f31,-744(x8)	  f8:0x00102000 f31:0x31000000 PA:0x00101d18 store:0x3ea4b87c load:0x3ea4b87c
c55fe0ef	jal	x1,1000a0	  x1=0x00101450
00054803	lbu	x16,0(x10)	 x10:0x00101a44 x16=0x0000000a PA:0x00101a44 store:0x00000000
06080663	beq	x16,x0,100110	 x16:0x0000000a  x0:0x00000000
000207b7	lui	x15,0x20	 x15=0x00020000
0107a023	sw	x16,0(x15)	 x15:0x00020000 x16:0x0000000a PA:0x00020000 store:0x0000000a load:0x00000000
00154703	lbu	x14,1(x10)	 x10:0x00101a44 x14=0x0000000a PA:0x00101a45 store:0x00101450
04070e63	beq	x14,x0,100110	 x14:0x0000000a  x0:0x00000000
00e7a023	sw	x14,0(x15)	 x15:0x00020000 x14:0x0000000a PA:0x00020000 store:0x0000000a load:0x00000000
00254283	lbu	x5,2(x10)	 x10:0x00101a44  x5=0x00000053 PA:0x00101a46 store:0x00137fa0
04028863	beq	x5,x0,100110	  x5:0x00000053  x0:0x00000000
0057a023	sw	x5,0(x15)	 x15:0x00020000  x5:0x00000053 PA:0x00020000 store:0x00000053 load:0x00000000
00354303	lbu	x6,3(x10)	 x10:0x00101a44  x6=0x00000069 PA:0x00101a47 store:0x00000000
04030263	beq	x6,x0,100110	  x6:0x00000069  x0:0x00000000
0067a023	sw	x6,0(x15)	 x15:0x00020000  x6:0x00000069 PA:0x00020000 store:0x00000069 load:0x00000000
00454383	lbu	x7,4(x10)	 x10:0x00101a44  x7=0x00000067 PA:0x00101a48 store:0x00000000
02038c63	beq	x7,x0,100110	  x7:0x00000067  x0:0x00000000
0077a023	sw	x7,0(x15)	 x15:0x00020000  x7:0x00000067 PA:0x00020000 store:0x00000067 load:0x00000000
00554583	lbu	x11,5(x10)	 x10:0x00101a44 x11=0x0000006e PA:0x00101a49 store:0x00000053
02058663	beq	x11,x0,100110	 x11:0x0000006e  x0:0x00000000
00b7a023	sw	x11,0(x15)	 x15:0x00020000 x11:0x0000006e PA:0x00020000 store:0x0000006e load:0x00000000
00654603	lbu	x12,6(x10)	 x10:0x00101a44 x12=0x0000002c PA:0x00101a4a store:0x00000069
02060063	beq	x12,x0,100110	 x12:0x0000002c  x0:0x00000000
00c7a023	sw	x12,0(x15)	 x15:0x00020000 x12:0x0000002c PA:0x00020000 store:0x0000002c load:0x00000000
00754683	lbu	x13,7(x10)	 x10:0x00101a44 x13=0x00000020 PA:0x00101a4b store:0x00000067
00850513	addi	x10,x10,8	 x10:0x00101a44 x10=0x00101a4c
00068863	beq	x13,x0,100110	 x13:0x00000020  x0:0x00000000
00d7a023	sw	x13,0(x15)	 x15:0x00020000 x13:0x00000020 PA:0x00020000 store:0x00000020 load:0x00000000
00054803	lbu	x16,0(x10)	 x10:0x00101a4c x16=0x0000006d PA:0x00101a4c store:0x00000000
fa0810e3	bne	x16,x0,1000ac	 x16:0x0000006d  x0:0x00000000
0107a023	sw	x16,0(x15)	 x15:0x00020000 x16:0x0000006d PA:0x00020000 store:0x0000006d load:0x00000000
00154703	lbu	x14,1(x10)	 x10:0x00101a4c x14=0x00000061 PA:0x00101a4d store:0x00101450
04070e63	beq	x14,x0,100110	 x14:0x00000061  x0:0x00000000
00e7a023	sw	x14,0(x15)	 x15:0x00020000 x14:0x00000061 PA:0x00020000 store:0x00000061 load:0x00000000
00254283	lbu	x5,2(x10)	 x10:0x00101a4c  x5=0x00000078 PA:0x00101a4e store:0x00137fa0
04028863	beq	x5,x0,100110	  x5:0x00000078  x0:0x00000000
0057a023	sw	x5,0(x15)	 x15:0x00020000  x5:0x00000078 PA:0x00020000 store:0x00000078 load:0x00000000
00354303	lbu	x6,3(x10)	 x10:0x00101a4c  x6=0x00000020 PA:0x00101a4f store:0x00000000
04030263	beq	x6,x0,100110	  x6:0x00000020  x0:0x00000000
0067a023	sw	x6,0(x15)	 x15:0x00020000  x6:0x00000020 PA:0x00020000 store:0x00000020 load:0x00000000
00454383	lbu	x7,4(x10)	 x10:0x00101a4c  x7=0x00000061 PA:0x00101a50 store:0x00000000
02038c63	beq	x7,x0,100110	  x7:0x00000061  x0:0x00000000
0077a023	sw	x7,0(x15)	 x15:0x00020000  x7:0x00000061 PA:0x00020000 store:0x00000061 load:0x00000000
00554583	lbu	x11,5(x10)	 x10:0x00101a4c x11=0x0000006e PA:0x00101a51 store:0x00000078
02058663	beq	x11,x0,100110	 x11:0x0000006e  x0:0x00000000
00b7a023	sw	x11,0(x15)	 x15:0x00020000 x11:0x0000006e PA:0x00020000 store:0x0000006e load:0x00000000
00654603	lbu	x12,6(x10)	 x10:0x00101a4c x12=0x00000064 PA:0x00101a52 store:0x00000020
02060063	beq	x12,x0,100110	 x12:0x00000064  x0:0x00000000
00c7a023	sw	x12,0(x15)	 x15:0x00020000 x12:0x00000064 PA:0x00020000 store:0x00000064 load:0x00000000
00754683	lbu	x13,7(x10)	 x10:0x00101a4c x13=0x00000020 PA:0x00101a53 store:0x00000061
00850513	addi	x10,x10,8	 x10:0x00101a4c x10=0x00101a54
00068863	beq	x13,x0,100110	 x13:0x00000020  x0:0x00000000
00d7a023	sw	x13,0(x15)	 x15:0x00020000 x13:0x00000020 PA:0x00020000 store:0x00000020 load:0x00000000
00054803	lbu	x16,0(x10)	 x10:0x00101a54 x16=0x00000066 PA:0x00101a54 store:0x00000000
fa0810e3	bne	x16,x0,1000ac	 x16:0x00000066  x0:0x00000000
0107a023	sw	x16,0(x15)	 x15:0x00020000 x16:0x00000066 PA:0x00020000 store:0x00000066 load:0x00000000
00154703	lbu	x14,1(x10)	 x10:0x00101a54 x14=0x0000006e PA:0x00101a55 store:0x00101450
04070e63	beq	x14,x0,100110	 x14:0x0000006e  x0:0x00000000
00e7a023	sw	x14,0(x15)	 x15:0x00020000 x14:0x0000006e PA:0x00020000 store:0x0000006e load:0x00000000
00254283	lbu	x5,2(x10)	 x10:0x00101a54  x5=0x0000006d PA:0x00101a56 store:0x00137fa0
04028863	beq	x5,x0,100110	  x5:0x0000006d  x0:0x00000000
0057a023	sw	x5,0(x15)	 x15:0x00020000  x5:0x0000006d PA:0x00020000 store:0x0000006d load:0x00000000
00354303	lbu	x6,3(x10)	 x10:0x00101a54  x6=0x00000073 PA:0x00101a57 store:0x00000000
04030263	beq	x6,x0,100110	  x6:0x00000073  x0:0x00000000
0067a023	sw	x6,0(x15)	 x15:0x00020000  x6:0x00000073 PA:0x00020000 store:0x00000073 load:0x00000000
00454383	lbu	x7,4(x10)	 x10:0x00101a54  x7=0x00000075 PA:0x00101a58 store:0x00000000
02038c63	beq	x7,x0,100110	  x7:0x00000075  x0:0x00000000
0077a023	sw	x7,0(x15)	 x15:0x00020000  x7:0x00000075 PA:0x00020000 store:0x00000075 load:0x00000000
00554583	lbu	x11,5(x10)	 x10:0x00101a54 x11=0x00000062 PA:0x00101a59 store:0x0000006d
02058663	beq	x11,x0,100110	 x11:0x00000062  x0:0x00000000
00b7a023	sw	x11,0(x15)	 x15:0x00020000 x11:0x00000062 PA:0x00020000 store:0x00000062 load:0x00000000
00654603	lbu	x12,6(x10)	 x10:0x00101a54 x12=0x00000020 PA:0x00101a5a store:0x00000073
02060063	beq	x12,x0,100110	 x12:0x00000020  x0:0x00000000
00c7a023	sw	x12,0(x15)	 x15:0x00020000 x12:0x00000020 PA:0x00020000 store:0x00000020 load:0x00000000
00754683	lbu	x13,7(x10)	 x10:0x00101a54 x13=0x00000069 PA:0x00101a5b store:0x00000075
00850513	addi	x10,x10,8	 x10:0x00101a54 x10=0x00101a5c
00068863	beq	x13,x0,100110	 x13:0x00000069  x0:0x00000000
00d7a023	sw	x13,0(x15)	 x15:0x00020000 x13:0x00000069 PA:0x00020000 store:0x00000069 load:0x00000000
00054803	lbu	x16,0(x10)	 x10:0x00101a5c x16=0x0000006e PA:0x00101a5c store:0x00000000
fa0810e3	bne	x16,x0,1000ac	 x16:0x0000006e  x0:0x00000000
0107a023	sw	x16,0(x15)	 x15:0x00020000 x16:0x0000006e PA:0x00020000 store:0x0000006e load:0x00000000
00154703	lbu	x14,1(x10)	 x10:0x00101a5c x14=0x00000020 PA:0x00101a5d store:0x00101450
04070e63	beq	x14,x0,100110	 x14:0x00000020  x0:0x00000000
00e7a023	sw	x14,0(x15)	 x15:0x00020000 x14:0x00000020 PA:0x00020000 store:0x00000020 load:0x00000000
00254283	lbu	x5,2(x10)	 x10:0x00101a5c  x5=0x00000077 PA:0x00101a5e store:0x00137fa0
04028863	beq	x5,x0,100110	  x5:0x00000077  x0:0x00000000
0057a023	sw	x5,0(x15)	 x15:0x00020000  x5:0x00000077 PA:0x00020000 store:0x00000077 load:0x00000000
00354303	lbu	x6,3(x10)	 x10:0x00101a5c  x6=0x00000068 PA:0x00101a5f store:0x00000000
04030263	beq	x6,x0,100110	  x6:0x00000068  x0:0x00000000
0067a023	sw	x6,0(x15)	 x15:0x00020000  x6:0x00000068 PA:0x00020000 store:0x00000068 load:0x00000000
00454383	lbu	x7,4(x10)	 x10:0x00101a5c  x7=0x00000069 PA:0x00101a60 store:0x00000000
02038c63	beq	x7,x0,100110	  x7:0x00000069  x0:0x00000000
0077a023	sw	x7,0(x15)	 x15:0x00020000  x7:0x00000069 PA:0x00020000 store:0x00000069 load:0x00000000
00554583	lbu	x11,5(x10)	 x10:0x00101a5c x11=0x0000006c PA:0x00101a61 store:0x00000077
02058663	beq	x11,x0,100110	 x11:0x0000006c  x0:0x00000000
00b7a023	sw	x11,0(x15)	 x15:0x00020000 x11:0x0000006c PA:0x00020000 store:0x0000006c load:0x00000000
00654603	lbu	x12,6(x10)	 x10:0x00101a5c x12=0x00000065 PA:0x00101a62 store:0x00000068
02060063	beq	x12,x0,100110	 x12:0x00000065  x0:0x00000000
00c7a023	sw	x12,0(x15)	 x15:0x00020000 x12:0x00000065 PA:0x00020000 store:0x00000065 load:0x00000000
00754683	lbu	x13,7(x10)	 x10:0x00101a5c x13=0x00000020 PA:0x00101a63 store:0x00000069
00850513	addi	x10,x10,8	 x10:0x00101a5c x10=0x00101a64
00068863	beq	x13,x0,100110	 x13:0x00000020  x0:0x00000000
00d7a023	sw	x13,0(x15)	 x15:0x00020000 x13:0x00000020 PA:0x00020000 store:0x00000020 load:0x00000000
00054803	lbu	x16,0(x10)	 x10:0x00101a64 x16=0x0000006c PA:0x00101a64 store:0x00000000
fa0810e3	bne	x16,x0,1000ac	 x16:0x0000006c  x0:0x00000000
0107a023	sw	x16,0(x15)	 x15:0x00020000 x16:0x0000006c PA:0x00020000 store:0x0000006c load:0x00000000
00154703	lbu	x14,1(x10)	 x10:0x00101a64 x14=0x0000006f PA:0x00101a65 store:0x00101450
04070e63	beq	x14,x0,100110	 x14:0x0000006f  x0:0x00000000
00e7a023	sw	x14,0(x15)	 x15:0x00020000 x14:0x0000006f PA:0x00020000 store:0x0000006f load:0x00000000
00254283	lbu	x5,2(x10)	 x10:0x00101a64  x5=0x0000006f PA:0x00101a66 store:0x00137fa0
04028863	beq	x5,x0,100110	  x5:0x0000006f  x0:0x00000000
0057a023	sw	x5,0(x15)	 x15:0x00020000  x5:0x0000006f PA:0x00020000 store:0x0000006f load:0x00000000
00354303	lbu	x6,3(x10)	 x10:0x00101a64  x6=0x00000070 PA:0x00101a67 store:0x00000000
04030263	beq	x6,x0,100110	  x6:0x00000070  x0:0x00000000
0067a023	sw	x6,0(x15)	 x15:0x00020000  x6:0x00000070 PA:0x00020000 store:0x00000070 load:0x00000000
00454383	lbu	x7,4(x10)	 x10:0x00101a64  x7=0x00000020 PA:0x00101a68 store:0x00000000
02038c63	beq	x7,x0,100110	  x7:0x00000020  x0:0x00000000
0077a023	sw	x7,0(x15)	 x15:0x00020000  x7:0x00000020 PA:0x00020000 store:0x00000020 load:0x00000000
00554583	lbu	x11,5(x10)	 x10:0x00101a64 x11=0x00000074 PA:0x00101a69 store:0x0000006f
02058663	beq	x11,x0,100110	 x11:0x00000074  x0:0x00000000
00b7a023	sw	x11,0(x15)	 x15:0x00020000 x11:0x00000074 PA:0x00020000 store:0x00000074 load:0x00000000
00654603	lbu	x12,6(x10)	 x10:0x00101a64 x12=0x00000065 PA:0x00101a6a store:0x00000070
02060063	beq	x12,x0,100110	 x12:0x00000065  x0:0x00000000
00c7a023	sw	x12,0(x15)	 x15:0x00020000 x12:0x00000065 PA:0x00020000 store:0x00000065 load:0x00000000
00754683	lbu	x13,7(x10)	 x10:0x00101a64 x13=0x00000073 PA:0x00101a6b store:0x00000020
00850513	addi	x10,x10,8	 x10:0x00101a64 x10=0x00101a6c
00068863	beq	x13,x0,100110	 x13:0x00000073  x0:0x00000000
00d7a023	sw	x13,0(x15)	 x15:0x00020000 x13:0x00000073 PA:0x00020000 store:0x00000073 load:0x00000000
00054803	lbu	x16,0(x10)	 x10:0x00101a6c x16=0x00000074 PA:0x00101a6c store:0x00000000
fa0810e3	bne	x16,x0,1000ac	 x16:0x00000074  x0:0x00000000
0107a023	sw	x16,0(x15)	 x15:0x00020000 x16:0x00000074 PA:0x00020000 store:0x00000074 load:0x00000000
00154703	lbu	x14,1(x10)	 x10:0x00101a6c x14=0x00000069 PA:0x00101a6d store:0x00101450
04070e63	beq	x14,x0,100110	 x14:0x00000069  x0:0x00000000
00e7a023	sw	x14,0(x15)	 x15:0x00020000 x14:0x00000069 PA:0x00020000 store:0x00000069 load:0x00000000
00254283	lbu	x5,2(x10)	 x10:0x00101a6c  x5=0x0000006e PA:0x00101a6e store:0x00137fa0
04028863	beq	x5,x0,100110	  x5:0x0000006e  x0:0x00000000
0057a023	sw	x5,0(x15)	 x15:0x00020000  x5:0x0000006e PA:0x00020000 store:0x0000006e load:0x00000000
00354303	lbu	x6,3(x10)	 x10:0x00101a6c  x6=0x00000067 PA:0x00101a6f store:0x00000000
04030263	beq	x6,x0,100110	  x6:0x00000067  x0:0x00000000
0067a023	sw	x6,0(x15)	 x15:0x00020000  x6:0x00000067 PA:0x00020000 store:0x00000067 load:0x00000000
00454383	lbu	x7,4(x10)	 x10:0x00101a6c  x7=0x0000002e PA:0x00101a70 store:0x00000000
02038c63	beq	x7,x0,100110	  x7:0x0000002e  x0:0x00000000
0077a023	sw	x7,0(x15)	 x15:0x00020000  x7:0x0000002e PA:0x00020000 store:0x0000002e load:0x00000000
00554583	lbu	x11,5(x10)	 x10:0x00101a6c x11=0x00000000 PA:0x00101a71 store:0x0000006e
02058663	beq	x11,x0,100110	 x11:0x00000000  x0:0x00000000
00000513	addi	x10,x0,0	  x0:0x00000000 x10=0x00000000
00008067	jalr	x0,0(x1)	  x1:0x00101450  x0=0x00000000
f0000053	fmv.w.x	f0,x0	  x0:0x00000000  f0=0x00000000
d00aa087	flw	f1,-768(x21)	 f21:0x00102000  f1=0x00000000 PA:0x00101d00 store:0x056b3aa5
d089a107	flw	f2,-760(x19)	 f19:0x00102000  f2=0x00000000 PA:0x00101d08 store:0x3f80018a
a01015d3	flt.s	x11,f0,f1	  f0:0x00000000  f1:0x00101450 x11=0x00000001
00059463	bne	x11,x0,101468	 x11:0x00000001  x0:0x00000000
d029a427	fsw	f2,-760(x19)	 f19:0x00102000  f2:0x00137fa0 PA:0x00101d08 store:0x41433afb load:0x41433afb
d089a707	flw	f14,-760(x19)	 f19:0x00102000 f14=0x00000000 PA:0x00101d08 store:0x3f80018a
d00aa787	flw	f15,-768(x21)	 f21:0x00102000 f15=0x00000000 PA:0x00101d00 store:0x00000000
28f711d3	fmax.s	f3,f14,f15	 f14:0x00000069 f15:0x00020000  f3=0x00000000
d03b2627	fsw	f3,-756(x22)	 f22:0x00102000  f3:0x00000000 PA:0x00101d0c store:0x42f64a98 load:0x42f64a98
d00aa207	flw	f4,-768(x21)	 f21:0x00102000  f4=0x00000000 PA:0x00101d00 store:0x00000000
d0cb2587	flw	f11,-756(x22)	 f22:0x00102000 f11=0x00000000 PA:0x00101d0c store:0x3f800315
d1842287	flw	f5,-744(x8)	  f8:0x00102000  f5=0x00000000 PA:0x00101d18 store:0x00000000
2055f34b	fnmsub.s	f6,f11,f5,f4	 f11:0x00000001  f5:0x0000006e  f4:0x00000001  f6=0x00000000
d06aa027	fsw	f6,-768(x21)	 f21:0x00102000  f6:0x00000067 PA:0x00101d00 store:0x42a70df5 load:0x3ea4b87c
d00aa607	flw	f12,-768(x21)	 f21:0x00102000 f12=0x00000000 PA:0x00101d00 store:0x00000000
a0061653	flt.s	x12,f12,f0	 f12:0x00000065  f0:0x00000000 x12=0x00000000
fa060ee3	beq	x12,x0,101454	 x12:0x00000000  x0:0x00000000
d00aa087	flw	f1,-768(x21)	 f21:0x00102000  f1=0x00000000 PA:0x00101d00 store:0x00000000
d089a107	flw	f2,-760(x19)	 f19:0x00102000  f2=0x00000000 PA:0x00101d08 store:0x3f80018a
a01015d3	flt.s	x11,f0,f1	  f0:0x00000000  f1:0x00101450 x11=0x00000001
00059463	bne	x11,x0,101468	 x11:0x00000001  x0:0x00000000
d029a427	fsw	f2,-760(x19)	 f19:0x00102000  f2:0x00137fa0 PA:0x00101d08 store:0x41433afb load:0x41433afb
d089a707	flw	f14,-760(x19)	 f19:0x00102000 f14=0x00000000 PA:0x00101d08 store:0x3f80018a
d00aa787	flw	f15,-768(x21)	 f21:0x00102000 f15=0x00000000 PA:0x00101d00 store:0x00000000
28f711d3	fmax.s	f3,f14,f15	 f14:0x00000069 f15:0x00020000  f3=0x00000000
d03b2627	fsw	f3,-756(x22)	 f22:0x00102000  f3:0x00000000 PA:0x00101d0c store:0x42a70df5 load:0x42a70df5
d00aa207	flw	f4,-768(x21)	 f21:0x00102000  f4=0x00000000 PA:0x00101d00 store:0x00000000
d0cb2587	flw	f11,-756(x22)	 f22:0x00102000 f11=0x00000000 PA:0x00101d0c store:0x42a70df5
d1842287	flw	f5,-744(x8)	  f8:0x00102000  f5=0x00000000 PA:0x00101d18 store:0x00000000
2055f34b	fnmsub.s	f6,f11,f5,f4	 f11:0x00000001  f5:0x0000006e  f4:0x00000001  f6=0x00000000
d06aa027	fsw	f6,-768(x21)	 f21:0x00102000  f6:0x00000067 PA:0x00101d00 store:0x42629e96 load:0x3ea4b87c
d00aa607	flw	f12,-768(x21)	 f21:0x00102000 f12=0x00000000 PA:0x00101d00 store:0x00000000
a0061653	flt.s	x12,f12,f0	 f12:0x00000000  f0:0x00000000 x12=0x00000000
fa060ee3	beq	x12,x0,101454	 x12:0x00000000  x0:0x00000000
d00aa087	flw	f1,-768(x21)	 f21:0x00102000  f1=0x00000000 PA:0x00101d00 store:0x00000000
d089a107	flw	f2,-760(x19)	 f19:0x00102000  f2=0x00000000 PA:0x00101d08 store:0x3f80018a
a01015d3	flt.s	x11,f0,f1	  f0:0x00000000  f1:0x00101450 x11=0x00000001
00059463	bne	x11,x0,101468	 x11:0x00000001  x0:0x00000000
d029a427	fsw	f2,-760(x19)	 f19:0x00102000  f2:0x00137fa0 PA:0x00101d08 store:0x41433afb load:0x41433afb
d089a707	flw	f14,-760(x19)	 f19:0x00102000 f14=0x00000000 PA:0x00101d08 store:0x3f80018a
d00aa787	flw	f15,-768(x21)	 f21:0x00102000 f15=0x00000000 PA:0x00101d00 store:0x00000000
28f711d3	fmax.s	f3,f14,f15	 f14:0x00000069 f15:0x00020000  f3=0x00000000
d03b2627	fsw	f3,-756(x22)	 f22:0x00102000  f3:0x00000000 PA:0x00101d0c store:0x42629e96 load:0x42629e96
d00aa207	flw	f4,-768(x21)	 f21:0x00102000  f4=0x00000000 PA:0x00101d00 store:0x00000000
d0cb2587	flw	f11,-756(x22)	 f22:0x00102000 f11=0x00000000 PA:0x00101d0c store:0x42629e96
d1842287	flw	f5,-744(x8)	  f8:0x00102000  f5=0x00000000 PA:0x00101d18 store:0x00000000
2055f34b	fnmsub.s	f6,f11,f5,f4	 f11:0x00000001  f5:0x0000006e  f4:0x00000001  f6=0x00000000
d06aa027	fsw	f6,-768(x21)	 f21:0x00102000  f6:0x00000067 PA:0x00101d00 store:0x4219b622 load:0x3ea4b87c
d00aa607	flw	f12,-768(x21)	 f21:0x00102000 f12=0x00000000 PA:0x00101d00 store:0x00000000
a0061653	flt.s	x12,f12,f0	 f12:0x00000000  f0:0x00000000 x12=0x00000000
fa060ee3	beq	x12,x0,101454	 x12:0x00000000  x0:0x00000000
d00aa087	flw	f1,-768(x21)	 f21:0x00102000  f1=0x00000000 PA:0x00101d00 store:0x00000000
d089a107	flw	f2,-760(x19)	 f19:0x00102000  f2=0x00000000 PA:0x00101d08 store:0x3f80018a
a01015d3	flt.s	x11,f0,f1	  f0:0x00000000  f1:0x00101450 x11=0x00000001
00059463	bne	x11,x0,101468	 x11:0x00000001  x0:0x00000000
d029a427	fsw	f2,-760(x19)	 f19:0x00102000  f2:0x00137fa0 PA:0x00101d08 store:0x41433afb load:0x41433afb
d089a707	flw	f14,-760(x19)	 f19:0x00102000 f14=0x00000000 PA:0x00101d08 store:0x3f80018a
d00aa787	flw	f15,-768(x21)	 f21:0x00102000 f15=0x00000000 PA:0x00101d00 store:0x00000000
28f711d3	fmax.s	f3,f14,f15	 f14:0x00000069 f15:0x00020000  f3=0x00000000
d03b2627	fsw	f3,-756(x22)	 f22:0x00102000  f3:0x00000000 PA:0x00101d0c store:0x4219b622 load:0x4219b622
d00aa207	flw	f4,-768(x21)	 f21:0x00102000  f4=0x00000000 PA:0x00101d00 store:0x00000000
d0cb2587	flw	f11,-756(x22)	 f22:0x00102000 f11=0x00000000 PA:0x00101d0c store:0x4219b622
d1842287	flw	f5,-744(x8)	  f8:0x00102000  f5=0x00000000 PA:0x00101d18 store:0x00000000
2055f34b	fnmsub.s	f6,f11,f5,f4	 f11:0x00000001  f5:0x0000006e  f4:0x00000001  f6=0x00000000
d06aa027	fsw	f6,-768(x21)	 f21:0x00102000  f6:0x00000067 PA:0x00101d00 store:0x41d084d1 load:0x3ea4b87c
d00aa607	flw	f12,-768(x21)	 f21:0x00102000 f12=0x00000000 PA:0x00101d00 store:0x00000000
a0061653	flt.s	x12,f12,f0	 f12:0x00000000  f0:0x00000000 x12=0x00000000
fa060ee3	beq	x12,x0,101454	 x12:0x00000000  x0:0x00000000
d00aa087	flw	f1,-768(x21)	 f21:0x00102000  f1=0x00000000 PA:0x00101d00 store:0x00000000
d089a107	flw	f2,-760(x19)	 f19:0x00102000  f2=0x00000000 PA:0x00101d08 store:0x3f80018a
a01015d3	flt.s	x11,f0,f1	  f0:0x00000000  f1:0x00101450 x11=0x00000001
00059463	bne	x11,x0,101468	 x11:0x00000001  x0:0x00000000
d029a427	fsw	f2,-760(x19)	 f19:0x00102000  f2:0x00137fa0 PA:0x00101d08 store:0x41433afb load:0x41433afb
d089a707	flw	f14,-760(x19)	 f19:0x00102000 f14=0x00000000 PA:0x00101d08 store:0x3f80018a
d00aa787	flw	f15,-768(x21)	 f21:0x00102000 f15=0x00000000 PA:0x00101d00 store:0x00000000
28f711d3	fmax.s	f3,f14,f15	 f14:0x00000069 f15:0x00020000  f3=0x00000000
d03b2627	fsw	f3,-756(x22)	 f22:0x00102000  f3:0x00000000 PA:0x00101d0c store:0x41d084d1 load:0x41d084d1
d00aa207	flw	f4,-768(x21)	 f21:0x00102000  f4=0x00000000 PA:0x00101d00 store:0x00000000
d0cb2587	flw	f11,-756(x22)	 f22:0x00102000 f11=0x00000000 PA:0x00101d0c store:0x41d084d1
d1842287	flw	f5,-744(x8)	  f8:0x00102000  f5=0x00000000 PA:0x00101d18 store:0x00000000
2055f34b	fnmsub.s	f6,f11,f5,f4	 f11:0x00000001  f5:0x0000006e  f4:0x00000001  f6=0x00000000
d06aa027	fsw	f6,-768(x21)	 f21:0x00102000  f6:0x00000067 PA:0x00101d00 store:0x418d6f24 load:0x3ea4b87c
d00aa607	flw	f12,-768(x21)	 f21:0x00102000 f12=0x00000000 PA:0x00101d00 store:0x00000000
a0061653	flt.s	x12,f12,f0	 f12:0x00000000  f0:0x00000000 x12=0x00000000
fa060ee3	beq	x12,x0,101454	 x12:0x00000000  x0:0x00000000
d00aa087	flw	f1,-768(x21)	 f21:0x00102000  f1=0x00000000 PA:0x00101d00 store:0x00000000
d089a107	flw	f2,-760(x19)	 f19:0x00102000  f2=0x00000000 PA:0x00101d08 store:0x3f80018a
a01015d3	flt.s	x11,f0,f1	  f0:0x00000000  f1:0x00101450 x11=0x00000001
00059463	bne	x11,x0,101468	 x11:0x00000001  x0:0x00000000
d029a427	fsw	f2,-760(x19)	 f19:0x00102000  f2:0x00137fa0 PA:0x00101d08 store:0x41433afb load:0x41433afb
d089a707	flw	f14,-760(x19)	 f19:0x00102000 f14=0x00000000 PA:0x00101d08 store:0x3f80018a
d00aa787	flw	f15,-768(x21)	 f21:0x00102000 f15=0x00000000 PA:0x00101d00 store:0x00000000
28f711d3	fmax.s	f3,f14,f15	 f14:0x00000069 f15:0x00020000  f3=0x00000000
d03b2627	fsw	f3,-756(x22)	 f22:0x00102000  f3:0x00000000 PA:0x00101d0c store:0x418d6f24 load:0x418d6f24
d00aa207	flw	f4,-768(x21)	 f21:0x00102000  f4=0x00000000 PA:0x00101d00 store:0x00000000
d0cb2587	flw	f11,-756(x22)	 f22:0x00102000 f11=0x00000000 PA:0x00101d0c store:0x418d6f24
d1842287	flw	f5,-744(x8)	  f8:0x00102000  f5=0x00000000 PA:0x00101d18 store:0x00000000
2055f34b	fnmsub.s	f6,f11,f5,f4	 f11:0x00000001  f5:0x0000006e  f4:0x00000001  f6=0x00000000
d06aa027	fsw	f6,-768(x21)	 f21:0x00102000  f6:0x00000067 PA:0x00101d00 store:0x413fdd29 load:0x3ea4b87c
d00aa607	flw	f12,-768(x21)	 f21:0x00102000 f12=0x00000000 PA:0x00101d00 store:0x00000000
a0061653	flt.s	x12,f12,f0	 f12:0x00000000  f0:0x00000000 x12=0x00000000
fa060ee3	beq	x12,x0,101454	 x12:0x00000000  x0:0x00000000
d00aa087	flw	f1,-768(x21)	 f21:0x00102000  f1=0x00000000 PA:0x00101d00 store:0x00000000
d089a107	flw	f2,-760(x19)	 f19:0x00102000  f2=0x00000000 PA:0x00101d08 store:0x3f80018a
a01015d3	flt.s	x11,f0,f1	  f0:0x00000000  f1:0x00101450 x11=0x00000001
00059463	bne	x11,x0,101468	 x11:0x00000001  x0:0x00000000
d029a427	fsw	f2,-760(x19)	 f19:0x00102000  f2:0x00137fa0 PA:0x00101d08 store:0x41433afb load:0x41433afb
d089a707	flw	f14,-760(x19)	 f19:0x00102000 f14=0x00000000 PA:0x00101d08 store:0x3f80018a
d00aa787	flw	f15,-768(x21)	 f21:0x00102000 f15=0x00000000 PA:0x00101d00 store:0x00000000
28f711d3	fmax.s	f3,f14,f15	 f14:0x00000069 f15:0x00020000  f3=0x00000000
d03b2627	fsw	f3,-756(x22)	 f22:0x00102000  f3:0x00000000 PA:0x00101d0c store:0x41433afb load:0x413fdd29
d00aa207	flw	f4,-768(x21)	 f21:0x00102000  f4=0x00000000 PA:0x00101d00 store:0x00000000
d0cb2587	flw	f11,-756(x22)	 f22:0x00102000 f11=0x00000000 PA:0x00101d0c store:0x413fdd29
d1842287	flw	f5,-744(x8)	  f8:0x00102000  f5=0x00000000 PA:0x00101d18 store:0x00000000
2055f34b	fnmsub.s	f6,f11,f5,f4	 f11:0x00000001  f5:0x0000006e  f4:0x00000001  f6=0x00000000
d06aa027	fsw	f6,-768(x21)	 f21:0x00102000  f6:0x00000067 PA:0x00101d00 store:0x41010dec load:0x3ea4b87c
d00aa607	flw	f12,-768(x21)	 f21:0x00102000 f12=0x00000000 PA:0x00101d00 store:0x00000000
a0061653	flt.s	x12,f12,f0	 f12:0x00000000  f0:0x00000000 x12=0x00000000
fa060ee3	beq	x12,x0,101454	 x12:0x00000000  x0:0x00000000
d00aa087	flw	f1,-768(x21)	 f21:0x00102000  f1=0x00000000 PA:0x00101d00 store:0x00000000
d089a107	flw	f2,-760(x19)	 f19:0x00102000  f2=0x00000000 PA:0x00101d08 store:0x3f80018a
a01015d3	flt.s	x11,f0,f1	  f0:0x00000000  f1:0x00101450 x11=0x00000001
00059463	bne	x11,x0,101468	 x11:0x00000001  x0:0x00000000
d029a427	fsw	f2,-760(x19)	 f19:0x00102000  f2:0x00137fa0 PA:0x00101d08 store:0x41433afb load:0x41433afb
d089a707	flw	f14,-760(x19)	 f19:0x00102000 f14=0x00000000 PA:0x00101d08 store:0x3f80018a
d00aa787	flw	f15,-768(x21)	 f21:0x00102000 f15=0x00000000 PA:0x00101d00 store:0x00000000
28f711d3	fmax.s	f3,f14,f15	 f14:0x00000069 f15:0x00020000  f3=0x00000000
d03b2627	fsw	f3,-756(x22)	 f22:0x00102000  f3:0x00000000 PA:0x00101d0c store:0x41433afb load:0x41010dec
d00aa207	flw	f4,-768(x21)	 f21:0x00102000  f4=0x00000000 PA:0x00101d00 store:0x00000000
d0cb2587	flw	f11,-756(x22)	 f22:0x00102000 f11=0x00000000 PA:0x00101d0c store:0x41010dec
d1842287	flw	f5,-744(x8)	  f8:0x00102000  f5=0x00000000 PA:0x00101d18 store:0x00000000
2055f34b	fnmsub.s	f6,f11,f5,f4	 f11:0x00000001  f5:0x0000006e  f4:0x00000001  f6=0x00000000
d06aa027	fsw	f6,-768(x21)	 f21:0x00102000  f6:0x00000067 PA:0x00101d00 store:0x40847d5e load:0x3ea4b87c
d00aa607	flw	f12,-768(x21)	 f21:0x00102000 f12=0x00000000 PA:0x00101d00 store:0x00000000
a0061653	flt.s	x12,f12,f0	 f12:0x00000000  f0:0x00000000 x12=0x00000000
fa060ee3	beq	x12,x0,101454	 x12:0x00000000  x0:0x00000000
d00aa087	flw	f1,-768(x21)	 f21:0x00102000  f1=0x00000000 PA:0x00101d00 store:0x00000000
d089a107	flw	f2,-760(x19)	 f19:0x00102000  f2=0x00000000 PA:0x00101d08 store:0x3f80018a
a01015d3	flt.s	x11,f0,f1	  f0:0x00000000  f1:0x00101450 x11=0x00000001
00059463	bne	x11,x0,101468	 x11:0x00000001  x0:0x00000000
d029a427	fsw	f2,-760(x19)	 f19:0x00102000  f2:0x00137fa0 PA:0x00101d08 store:0x41433afb load:0x41433afb
d089a707	flw	f14,-760(x19)	 f19:0x00102000 f14=0x00000000 PA:0x00101d08 store:0x3f80018a
d00aa787	flw	f15,-768(x21)	 f21:0x00102000 f15=0x00000000 PA:0x00101d00 store:0x00000000
28f711d3	fmax.s	f3,f14,f15	 f14:0x00000069 f15:0x00020000  f3=0x00000000
d03b2627	fsw	f3,-756(x22)	 f22:0x00102000  f3:0x00000000 PA:0x00101d0c store:0x41433afb load:0x40847d5e
d00aa207	flw	f4,-768(x21)	 f21:0x00102000  f4=0x00000000 PA:0x00101d00 store:0x00000000
d0cb2587	flw	f11,-756(x22)	 f22:0x00102000 f11=0x00000000 PA:0x00101d0c store:0x40847d5e
d1842287	flw	f5,-744(x8)	  f8:0x00102000  f5=0x00000000 PA:0x00101d18 store:0x00000000
2055f34b	fnmsub.s	f6,f11,f5,f4	 f11:0x00000001  f5:0x0000006e  f4:0x00000001  f6=0x00000000
d06aa027	fsw	f6,-768(x21)	 f21:0x00102000  f6:0x00000067 PA:0x00101d00 store:0x3e5bdc88 load:0x3ea4b87c
d00aa607	flw	f12,-768(x21)	 f21:0x00102000 f12=0x00000000 PA:0x00101d00 store:0x00000000
a0061653	flt.s	x12,f12,f0	 f12:0x00000000  f0:0x00000000 x12=0x00000000
fa060ee3	beq	x12,x0,101454	 x12:0x00000000  x0:0x00000000
d00aa087	flw	f1,-768(x21)	 f21:0x00102000  f1=0x00000000 PA:0x00101d00 store:0x00000000
d089a107	flw	f2,-760(x19)	 f19:0x00102000  f2=0x00000000 PA:0x00101d08 store:0x3f80018a
a01015d3	flt.s	x11,f0,f1	  f0:0x00000000  f1:0x00101450 x11=0x00000001
00059463	bne	x11,x0,101468	 x11:0x00000001  x0:0x00000000
d029a427	fsw	f2,-760(x19)	 f19:0x00102000  f2:0x00137fa0 PA:0x00101d08 store:0x41433afb load:0x41433afb
d089a707	flw	f14,-760(x19)	 f19:0x00102000 f14=0x00000000 PA:0x00101d08 store:0x3f80018a
d00aa787	flw	f15,-768(x21)	 f21:0x00102000 f15=0x00000000 PA:0x00101d00 store:0x00000000
28f711d3	fmax.s	f3,f14,f15	 f14:0x00000069 f15:0x00020000  f3=0x00000000
d03b2627	fsw	f3,-756(x22)	 f22:0x00102000  f3:0x00000000 PA:0x00101d0c store:0x41433afb load:0x3e5bdc88
d00aa207	flw	f4,-768(x21)	 f21:0x00102000  f4=0x00000000 PA:0x00101d00 store:0x00000000
d0cb2587	flw	f11,-756(x22)	 f22:0x00102000 f11=0x00000000 PA:0x00101d0c store:0x3e5bdc88
d1842287	flw	f5,-744(x8)	  f8:0x00102000  f5=0x00000000 PA:0x00101d18 store:0x00000000
2055f34b	fnmsub.s	f6,f11,f5,f4	 f11:0x00000001  f5:0x0000006e  f4:0x00000001  f6=0x00000000
d06aa027	fsw	f6,-768(x21)	 f21:0x00102000  f6:0x00000067 PA:0x00101d00 store:0xc06d7f2b load:0x3ea4b87c
d00aa607	flw	f12,-768(x21)	 f21:0x00102000 f12=0x00000000 PA:0x00101d00 store:0x00000000
a0061653	flt.s	x12,f12,f0	 f12:0x00000000  f0:0x00000000 x12=0x00000001
fa060ee3	beq	x12,x0,101454	 x12:0x00000001  x0:0x00000000
d00aa687	flw	f13,-768(x21)	 f21:0x00102000 f13=0x00000000 PA:0x00101d00 store:0x00000000
00102837	lui	x16,0x102	 x16=0x00102000
a7480513	addi	x10,x16,-1420	 x16:0x00102000 x10=0x00101a74
e00688d3	fmv.x.w	x17,f13	 f13:0x00000073 x17=0xc06d7f2b
cf1a2c23	sw	x17,-776(x20)	 x20:0x00102000 x17:0xc06d7f2b PA:0x00101cf8 store:0xc06d7f2b load:0xc06d7f2b
bf1fe0ef	jal	x1,1000a0	  x1=0x001014b4
00054803	lbu	x16,0(x10)	 x10:0x00101a74 x16=0x0000000a PA:0x00101a74 store:0x00000000
06080663	beq	x16,x0,100110	 x16:0x0000000a  x0:0x00000000
000207b7	lui	x15,0x20	 x15=0x00020000
0107a023	sw	x16,0(x15)	 x15:0x00020000 x16:0x0000000a PA:0x00020000 store:0x0000000a load:0x00000000
00154703	lbu	x14,1(x10)	 x10:0x00101a74 x14=0x00000020 PA:0x00101a75 store:0x001014b4
04070e63	beq	x14,x0,100110	 x14:0x00000020  x0:0x00000000
00e7a023	sw	x14,0(x15)	 x15:0x00020000 x14:0x00000020 PA:0x00020000 store:0x00000020 load:0x00000000
00254283	lbu	x5,2(x10)	 x10:0x00101a74  x5=0x00000046 PA:0x00101a76 store:0x00137fa0
04028863	beq	x5,x0,100110	  x5:0x00000046  x0:0x00000000
0057a023	sw	x5,0(x15)	 x15:0x00020000  x5:0x00000046 PA:0x00020000 store:0x00000046 load:0x00000000
00354303	lbu	x6,3(x10)	 x10:0x00101a74  x6=0x00000069 PA:0x00101a77 store:0x00000000
04030263	beq	x6,x0,100110	  x6:0x00000069  x0:0x00000000
0067a023	sw	x6,0(x15)	 x15:0x00020000  x6:0x00000069 PA:0x00020000 store:0x00000069 load:0x00000000
00454383	lbu	x7,4(x10)	 x10:0x00101a74  x7=0x0000006e PA:0x00101a78 store:0x00000000
02038c63	beq	x7,x0,100110	  x7:0x0000006e  x0:0x00000000
0077a023	sw	x7,0(x15)	 x15:0x00020000  x7:0x0000006e PA:0x00020000 store:0x0000006e load:0x00000000
00554583	lbu	x11,5(x10)	 x10:0x00101a74 x11=0x00000061 PA:0x00101a79 store:0x00000046
02058663	beq	x11,x0,100110	 x11:0x00000061  x0:0x00000000
00b7a023	sw	x11,0(x15)	 x15:0x00020000 x11:0x00000061 PA:0x00020000 store:0x00000061 load:0x00000000
00654603	lbu	x12,6(x10)	 x10:0x00101a74 x12=0x0000006c PA:0x00101a7a store:0x00000069
02060063	beq	x12,x0,100110	 x12:0x0000006c  x0:0x00000000
00c7a023	sw	x12,0(x15)	 x15:0x00020000 x12:0x0000006c PA:0x00020000 store:0x0000006c load:0x00000000
00754683	lbu	x13,7(x10)	 x10:0x00101a74 x13=0x00000020 PA:0x00101a7b store:0x0000006e
00850513	addi	x10,x10,8	 x10:0x00101a74 x10=0x00101a7c
00068863	beq	x13,x0,100110	 x13:0x00000020  x0:0x00000000
00d7a023	sw	x13,0(x15)	 x15:0x00020000 x13:0x00000020 PA:0x00020000 store:0x00000020 load:0x00000000
00054803	lbu	x16,0(x10)	 x10:0x00101a7c x16=0x00000072 PA:0x00101a7c store:0x00000000
fa0810e3	bne	x16,x0,1000ac	 x16:0x00000072  x0:0x00000000
0107a023	sw	x16,0(x15)	 x15:0x00020000 x16:0x00000072 PA:0x00020000 store:0x00000072 load:0x00000000
00154703	lbu	x14,1(x10)	 x10:0x00101a7c x14=0x00000065 PA:0x00101a7d store:0x001014b4
04070e63	beq	x14,x0,100110	 x14:0x00000065  x0:0x00000000
00e7a023	sw	x14,0(x15)	 x15:0x00020000 x14:0x00000065 PA:0x00020000 store:0x00000065 load:0x00000000
00254283	lbu	x5,2(x10)	 x10:0x00101a7c  x5=0x00000073 PA:0x00101a7e store:0x00137fa0
04028863	beq	x5,x0,100110	  x5:0x00000073  x0:0x00000000
0057a023	sw	x5,0(x15)	 x15:0x00020000  x5:0x00000073 PA:0x00020000 store:0x00000073 load:0x00000000
00354303	lbu	x6,3(x10)	 x10:0x00101a7c  x6=0x00000075 PA:0x00101a7f store:0x00000000
04030263	beq	x6,x0,100110	  x6:0x00000075  x0:0x00000000
0067a023	sw	x6,0(x15)	 x15:0x00020000  x6:0x00000075 PA:0x00020000 store:0x00000075 load:0x00000000
00454383	lbu	x7,4(x10)	 x10:0x00101a7c  x7=0x0000006c PA:0x00101a80 store:0x00000000
02038c63	beq	x7,x0,100110	  x7:0x0000006c  x0:0x00000000
0077a023	sw	x7,0(x15)	 x15:0x00020000  x7:0x0000006c PA:0x00020000 store:0x0000006c load:0x00000000
00554583	lbu	x11,5(x10)	 x10:0x00101a7c x11=0x00000074 PA:0x00101a81 store:0x00000073
02058663	beq	x11,x0,100110	 x11:0x00000074  x0:0x00000000
00b7a023	sw	x11,0(x15)	 x15:0x00020000 x11:0x00000074 PA:0x00020000 store:0x00000074 load:0x00000000
00654603	lbu	x12,6(x10)	 x10:0x00101a7c x12=0x0000003a PA:0x00101a82 store:0x00000075
02060063	beq	x12,x0,100110	 x12:0x0000003a  x0:0x00000000
00c7a023	sw	x12,0(x15)	 x15:0x00020000 x12:0x0000003a PA:0x00020000 store:0x0000003a load:0x00000000
00754683	lbu	x13,7(x10)	 x10:0x00101a7c x13=0x00000000 PA:0x00101a83 store:0x0000006c
00850513	addi	x10,x10,8	 x10:0x00101a7c x10=0x00101a84
00068863	beq	x13,x0,100110	 x13:0x00000000  x0:0x00000000
00000513	addi	x10,x0,0	  x0:0x00000000 x10=0x00000000
00008067	jalr	x0,0(x1)	  x1:0x001014b4  x0=0x00000000
cf8a2503	lw	x10,-776(x20)	 x20:0x00102000 x10=0xc06d7f2b PA:0x00101cf8 store:0x00102000
00102db7	lui	x27,0x102	 x27=0x00102000
c65fe0ef	jal	x1,100120	  x1=0x001014c0
01c55793	srli	x15,x10,0x1c	 x10:0xc06d7f2b x15=0x0000000c
00900713	addi	x14,x0,9	  x0:0x00000000 x14=0x00000009
0cf77a63	bgeu	x14,x15,1001fc	 x14:0x00000009 x15:0x0000000c
03778293	addi	x5,x15,55	 x15:0x0000000c  x5=0x00000043
00020337	lui	x6,0x20	  x6=0x00020000
00451613	slli	x12,x10,0x4	 x10:0xc06d7f2b x12=0x06d7f2b0
00532023	sw	x5,0(x6)	  x6:0x00020000  x5:0x00000043 PA:0x00020000 store:0x00000043 load:0x00000000
01c65693	srli	x13,x12,0x1c	 x12:0x06d7f2b0 x13=0x00000000
00900813	addi	x16,x0,9	  x0:0x00000000 x16=0x00000009
0cd87a63	bgeu	x16,x13,100218	 x16:0x00000009 x13:0x00000000
03068e93	addi	x29,x13,48	 x13:0x00000000 x29=0x00000030
00020f37	lui	x30,0x20	 x30=0x00020000
00851f93	slli	x31,x10,0x8	 x10:0xc06d7f2b x31=0x6d7f2b00
01df2023	sw	x29,0(x30)	 x30:0x00020000 x29:0x00000030 PA:0x00020000 store:0x00000030 load:0x00000000
01cfd793	srli	x15,x31,0x1c	 x31:0x6d7f2b00 x15=0x00000006
00900713	addi	x14,x0,9	  x0:0x00000000 x14=0x00000009
f2f76ae3	bltu	x14,x15,100164	 x14:0x00000009 x15:0x00000006
03078393	addi	x7,x15,48	 x15:0x00000006  x7=0x00000036
000205b7	lui	x11,0x20	 x11=0x00020000
00c51613	slli	x12,x10,0xc	 x10:0xc06d7f2b x12=0xd7f2b000
0075a023	sw	x7,0(x11)	 x11:0x00020000  x7:0x00000036 PA:0x00020000 store:0x00000036 load:0x00000000
01c65693	srli	x13,x12,0x1c	 x12:0xd7f2b000 x13=0x0000000d
00900813	addi	x16,x0,9	  x0:0x00000000 x16=0x00000009
f2d86ae3	bltu	x16,x13,100180	 x16:0x00000009 x13:0x0000000d
03768893	addi	x17,x13,55	 x13:0x0000000d x17=0x00000044
00020e37	lui	x28,0x20	 x28=0x00020000
01051f93	slli	x31,x10,0x10	 x10:0xc06d7f2b x31=0x7f2b0000
011e2023	sw	x17,0(x28)	 x28:0x00020000 x17:0x00000044 PA:0x00020000 store:0x00000044 load:0x00000000
01cfd793	srli	x15,x31,0x1c	 x31:0x7f2b0000 x15=0x00000007
00900713	addi	x14,x0,9	  x0:0x00000000 x14=0x00000009
0cf77a63	bgeu	x14,x15,10026c	 x14:0x00000009 x15:0x00000007
03078393	addi	x7,x15,48	 x15:0x00000007  x7=0x00000037
000205b7	lui	x11,0x20	 x11=0x00020000
01451613	slli	x12,x10,0x14	 x10:0xc06d7f2b x12=0xf2b00000
0075a023	sw	x7,0(x11)	 x11:0x00020000  x7:0x00000037 PA:0x00020000 store:0x00000037 load:0x00000000
01c65693	srli	x13,x12,0x1c	 x12:0xf2b00000 x13=0x0000000f
00900813	addi	x16,x0,9	  x0:0x00000000 x16=0x00000009
f2d86ae3	bltu	x16,x13,1001b8	 x16:0x00000009 x13:0x0000000f
03768893	addi	x17,x13,55	 x13:0x0000000f x17=0x00000046
00020e37	lui	x28,0x20	 x28=0x00020000
01851f93	slli	x31,x10,0x18	 x10:0xc06d7f2b x31=0x2b000000
011e2023	sw	x17,0(x28)	 x28:0x00020000 x17:0x00000046 PA:0x00020000 store:0x00000046 load:0x00000000
01cfd793	srli	x15,x31,0x1c	 x31:0x2b000000 x15=0x00000002
00900713	addi	x14,x0,9	  x0:0x00000000 x14=0x00000009
0cf77a63	bgeu	x14,x15,1002a4	 x14:0x00000009 x15:0x00000002
03078393	addi	x7,x15,48	 x15:0x00000002  x7=0x00000032
000205b7	lui	x11,0x20	 x11=0x00020000
0075a023	sw	x7,0(x11)	 x11:0x00020000  x7:0x00000032 PA:0x00020000 store:0x00000032 load:0x00000000
00f57513	andi	x10,x10,15	 x10:0xc06d7f2b x10=0x0000000b
00900613	addi	x12,x0,9	  x0:0x00000000 x12=0x00000009
f2a67ae3	bgeu	x12,x10,1001ec	 x12:0x00000009 x10:0x0000000b
03750693	addi	x13,x10,55	 x10:0x0000000b x13=0x00000042
00020837	lui	x16,0x20	 x16=0x00020000
00d82023	sw	x13,0(x16)	 x16:0x00020000 x13:0x00000042 PA:0x00020000 store:0x00000042 load:0x00000000
00008067	jalr	x0,0(x1)	  x1:0x001014c0  x0=0x00000000
00102e37	lui	x28,0x102	 x28=0x00102000
a84e0513	addi	x10,x28,-1404	 x28:0x00102000 x10=0x00101a84
bd9fe0ef	jal	x1,1000a0	  x1=0x001014cc
00054803	lbu	x16,0(x10)	 x10:0x00101a84 x16=0x0000000a PA:0x00101a84 store:0x00000000
06080663	beq	x16,x0,100110	 x16:0x0000000a  x0:0x00000000
000207b7	lui	x15,0x20	 x15=0x00020000
0107a023	sw	x16,0(x15)	 x15:0x00020000 x16:0x0000000a PA:0x00020000 store:0x0000000a load:0x00000000
00154703	lbu	x14,1(x10)	 x10:0x00101a84 x14=0x0000000a PA:0x00101a85 store:0x001014cc
04070e63	beq	x14,x0,100110	 x14:0x0000000a  x0:0x00000000
00e7a023	sw	x14,0(x15)	 x15:0x00020000 x14:0x0000000a PA:0x00020000 store:0x0000000a load:0x00000000
00254283	lbu	x5,2(x10)	 x10:0x00101a84  x5=0x00000054 PA:0x00101a86 store:0x00137fa0
04028863	beq	x5,x0,100110	  x5:0x00000054  x0:0x00000000
0057a023	sw	x5,0(x15)	 x15:0x00020000  x5:0x00000054 PA:0x00020000 store:0x00000054 load:0x00000000
00354303	lbu	x6,3(x10)	 x10:0x00101a84  x6=0x00000065 PA:0x00101a87 store:0x00000000
04030263	beq	x6,x0,100110	  x6:0x00000065  x0:0x00000000
0067a023	sw	x6,0(x15)	 x15:0x00020000  x6:0x00000065 PA:0x00020000 store:0x00000065 load:0x00000000
00454383	lbu	x7,4(x10)	 x10:0x00101a84  x7=0x00000073 PA:0x00101a88 store:0x00000000
02038c63	beq	x7,x0,100110	  x7:0x00000073  x0:0x00000000
0077a023	sw	x7,0(x15)	 x15:0x00020000  x7:0x00000073 PA:0x00020000 store:0x00000073 load:0x00000000
00554583	lbu	x11,5(x10)	 x10:0x00101a84 x11=0x00000074 PA:0x00101a89 store:0x00000054
02058663	beq	x11,x0,100110	 x11:0x00000074  x0:0x00000000
00b7a023	sw	x11,0(x15)	 x15:0x00020000 x11:0x00000074 PA:0x00020000 store:0x00000074 load:0x00000000
00654603	lbu	x12,6(x10)	 x10:0x00101a84 x12=0x00000069 PA:0x00101a8a store:0x00000065
02060063	beq	x12,x0,100110	 x12:0x00000069  x0:0x00000000
00c7a023	sw	x12,0(x15)	 x15:0x00020000 x12:0x00000069 PA:0x00020000 store:0x00000069 load:0x00000000
00754683	lbu	x13,7(x10)	 x10:0x00101a84 x13=0x0000006e PA:0x00101a8b store:0x00000073
00850513	addi	x10,x10,8	 x10:0x00101a84 x10=0x00101a8c
00068863	beq	x13,x0,100110	 x13:0x0000006e  x0:0x00000000
00d7a023	sw	x13,0(x15)	 x15:0x00020000 x13:0x0000006e PA:0x00020000 store:0x0000006e load:0x00000000
00054803	lbu	x16,0(x10)	 x10:0x00101a8c x16=0x00000067 PA:0x00101a8c store:0x00000000
fa0810e3	bne	x16,x0,1000ac	 x16:0x00000067  x0:0x00000000
0107a023	sw	x16,0(x15)	 x15:0x00020000 x16:0x00000067 PA:0x00020000 store:0x00000067 load:0x00000000
00154703	lbu	x14,1(x10)	 x10:0x00101a8c x14=0x00000020 PA:0x00101a8d store:0x001014cc
04070e63	beq	x14,x0,100110	 x14:0x00000020  x0:0x00000000
00e7a023	sw	x14,0(x15)	 x15:0x00020000 x14:0x00000020 PA:0x00020000 store:0x00000020 load:0x00000000
00254283	lbu	x5,2(x10)	 x10:0x00101a8c  x5=0x00000043 PA:0x00101a8e store:0x00137fa0
04028863	beq	x5,x0,100110	  x5:0x00000043  x0:0x00000000
0057a023	sw	x5,0(x15)	 x15:0x00020000  x5:0x00000043 PA:0x00020000 store:0x00000043 load:0x00000000
00354303	lbu	x6,3(x10)	 x10:0x00101a8c  x6=0x0000006c PA:0x00101a8f store:0x00000000
04030263	beq	x6,x0,100110	  x6:0x0000006c  x0:0x00000000
0067a023	sw	x6,0(x15)	 x15:0x00020000  x6:0x0000006c PA:0x00020000 store:0x0000006c load:0x00000000
00454383	lbu	x7,4(x10)	 x10:0x00101a8c  x7=0x00000061 PA:0x00101a90 store:0x00000000
02038c63	beq	x7,x0,100110	  x7:0x00000061  x0:0x00000000
0077a023	sw	x7,0(x15)	 x15:0x00020000  x7:0x00000061 PA:0x00020000 store:0x00000061 load:0x00000000
00554583	lbu	x11,5(x10)	 x10:0x00101a8c x11=0x00000073 PA:0x00101a91 store:0x00000043
02058663	beq	x11,x0,100110	 x11:0x00000073  x0:0x00000000
00b7a023	sw	x11,0(x15)	 x15:0x00020000 x11:0x00000073 PA:0x00020000 store:0x00000073 load:0x00000000
00654603	lbu	x12,6(x10)	 x10:0x00101a8c x12=0x00000073 PA:0x00101a92 store:0x0000006c
02060063	beq	x12,x0,100110	 x12:0x00000073  x0:0x00000000
00c7a023	sw	x12,0(x15)	 x15:0x00020000 x12:0x00000073 PA:0x00020000 store:0x00000073 load:0x00000000
00754683	lbu	x13,7(x10)	 x10:0x00101a8c x13=0x00000069 PA:0x00101a93 store:0x00000061
00850513	addi	x10,x10,8	 x10:0x00101a8c x10=0x00101a94
00068863	beq	x13,x0,100110	 x13:0x00000069  x0:0x00000000
00d7a023	sw	x13,0(x15)	 x15:0x00020000 x13:0x00000069 PA:0x00020000 store:0x00000069 load:0x00000000
00054803	lbu	x16,0(x10)	 x10:0x00101a94 x16=0x00000066 PA:0x00101a94 store:0x00000000
fa0810e3	bne	x16,x0,1000ac	 x16:0x00000066  x0:0x00000000
0107a023	sw	x16,0(x15)	 x15:0x00020000 x16:0x00000066 PA:0x00020000 store:0x00000066 load:0x00000000
00154703	lbu	x14,1(x10)	 x10:0x00101a94 x14=0x00000079 PA:0x00101a95 store:0x001014cc
04070e63	beq	x14,x0,100110	 x14:0x00000079  x0:0x00000000
00e7a023	sw	x14,0(x15)	 x15:0x00020000 x14:0x00000079 PA:0x00020000 store:0x00000079 load:0x00000000
00254283	lbu	x5,2(x10)	 x10:0x00101a94  x5=0x00000020 PA:0x00101a96 store:0x00137fa0
04028863	beq	x5,x0,100110	  x5:0x00000020  x0:0x00000000
0057a023	sw	x5,0(x15)	 x15:0x00020000  x5:0x00000020 PA:0x00020000 store:0x00000020 load:0x00000000
00354303	lbu	x6,3(x10)	 x10:0x00101a94  x6=0x00000069 PA:0x00101a97 store:0x00000000
04030263	beq	x6,x0,100110	  x6:0x00000069  x0:0x00000000
0067a023	sw	x6,0(x15)	 x15:0x00020000  x6:0x00000069 PA:0x00020000 store:0x00000069 load:0x00000000
00454383	lbu	x7,4(x10)	 x10:0x00101a94  x7=0x0000006e PA:0x00101a98 store:0x00000000
02038c63	beq	x7,x0,100110	  x7:0x0000006e  x0:0x00000000
0077a023	sw	x7,0(x15)	 x15:0x00020000  x7:0x0000006e PA:0x00020000 store:0x0000006e load:0x00000000
00554583	lbu	x11,5(x10)	 x10:0x00101a94 x11=0x00000073 PA:0x00101a99 store:0x00000020
02058663	beq	x11,x0,100110	 x11:0x00000073  x0:0x00000000
00b7a023	sw	x11,0(x15)	 x15:0x00020000 x11:0x00000073 PA:0x00020000 store:0x00000073 load:0x00000000
00654603	lbu	x12,6(x10)	 x10:0x00101a94 x12=0x00000074 PA:0x00101a9a store:0x00000069
02060063	beq	x12,x0,100110	 x12:0x00000074  x0:0x00000000
00c7a023	sw	x12,0(x15)	 x15:0x00020000 x12:0x00000074 PA:0x00020000 store:0x00000074 load:0x00000000
00754683	lbu	x13,7(x10)	 x10:0x00101a94 x13=0x00000072 PA:0x00101a9b store:0x0000006e
00850513	addi	x10,x10,8	 x10:0x00101a94 x10=0x00101a9c
00068863	beq	x13,x0,100110	 x13:0x00000072  x0:0x00000000
00d7a023	sw	x13,0(x15)	 x15:0x00020000 x13:0x00000072 PA:0x00020000 store:0x00000072 load:0x00000000
00054803	lbu	x16,0(x10)	 x10:0x00101a9c x16=0x00000075 PA:0x00101a9c store:0x00000000
fa0810e3	bne	x16,x0,1000ac	 x16:0x00000075  x0:0x00000000
0107a023	sw	x16,0(x15)	 x15:0x00020000 x16:0x00000075 PA:0x00020000 store:0x00000075 load:0x00000000
00154703	lbu	x14,1(x10)	 x10:0x00101a9c x14=0x00000063 PA:0x00101a9d store:0x001014cc
04070e63	beq	x14,x0,100110	 x14:0x00000063  x0:0x00000000
00e7a023	sw	x14,0(x15)	 x15:0x00020000 x14:0x00000063 PA:0x00020000 store:0x00000063 load:0x00000000
00254283	lbu	x5,2(x10)	 x10:0x00101a9c  x5=0x00000074 PA:0x00101a9e store:0x00137fa0
04028863	beq	x5,x0,100110	  x5:0x00000074  x0:0x00000000
0057a023	sw	x5,0(x15)	 x15:0x00020000  x5:0x00000074 PA:0x00020000 store:0x00000074 load:0x00000000
00354303	lbu	x6,3(x10)	 x10:0x00101a9c  x6=0x00000069 PA:0x00101a9f store:0x00000000
04030263	beq	x6,x0,100110	  x6:0x00000069  x0:0x00000000
0067a023	sw	x6,0(x15)	 x15:0x00020000  x6:0x00000069 PA:0x00020000 store:0x00000069 load:0x00000000
00454383	lbu	x7,4(x10)	 x10:0x00101a9c  x7=0x0000006f PA:0x00101aa0 store:0x00000000
02038c63	beq	x7,x0,100110	  x7:0x0000006f  x0:0x00000000
0077a023	sw	x7,0(x15)	 x15:0x00020000  x7:0x0000006f PA:0x00020000 store:0x0000006f load:0x00000000
00554583	lbu	x11,5(x10)	 x10:0x00101a9c x11=0x0000006e PA:0x00101aa1 store:0x00000074
02058663	beq	x11,x0,100110	 x11:0x0000006e  x0:0x00000000
00b7a023	sw	x11,0(x15)	 x15:0x00020000 x11:0x0000006e PA:0x00020000 store:0x0000006e load:0x00000000
00654603	lbu	x12,6(x10)	 x10:0x00101a9c x12=0x00000073 PA:0x00101aa2 store:0x00000069
02060063	beq	x12,x0,100110	 x12:0x00000073  x0:0x00000000
00c7a023	sw	x12,0(x15)	 x15:0x00020000 x12:0x00000073 PA:0x00020000 store:0x00000073 load:0x00000000
00754683	lbu	x13,7(x10)	 x10:0x00101a9c x13=0x0000003a PA:0x00101aa3 store:0x0000006f
00850513	addi	x10,x10,8	 x10:0x00101a9c x10=0x00101aa4
00068863	beq	x13,x0,100110	 x13:0x0000003a  x0:0x00000000
00d7a023	sw	x13,0(x15)	 x15:0x00020000 x13:0x0000003a PA:0x00020000 store:0x0000003a load:0x00000000
00054803	lbu	x16,0(x10)	 x10:0x00101aa4 x16=0x00000020 PA:0x00101aa4 store:0x00000000
fa0810e3	bne	x16,x0,1000ac	 x16:0x00000020  x0:0x00000000
0107a023	sw	x16,0(x15)	 x15:0x00020000 x16:0x00000020 PA:0x00020000 store:0x00000020 load:0x00000000
00154703	lbu	x14,1(x10)	 x10:0x00101aa4 x14=0x0000000a PA:0x00101aa5 store:0x001014cc
04070e63	beq	x14,x0,100110	 x14:0x0000000a  x0:0x00000000
00e7a023	sw	x14,0(x15)	 x15:0x00020000 x14:0x0000000a PA:0x00020000 store:0x0000000a load:0x00000000
00254283	lbu	x5,2(x10)	 x10:0x00101aa4  x5=0x00000000 PA:0x00101aa6 store:0x00137fa0
04028863	beq	x5,x0,100110	  x5:0x00000000  x0:0x00000000
00000513	addi	x10,x0,0	  x0:0x00000000 x10=0x00000000
00008067	jalr	x0,0(x1)	  x1:0x001014cc  x0=0x00000000
ff800eb7	lui	x29,0xff800	 x29=0xff800000
cfda2c23	sw	x29,-776(x20)	 x20:0x00102000 x29:0xff800000 PA:0x00101cf8 store:0xff800000 load:0x00000a20
cf8a2f03	lw	x30,-776(x20)	 x20:0x00102000 x30=0xff800000 PA:0x00101cf8 store:0x00102000
00102fb7	lui	x31,0x102	 x31=0x00102000
f00f03d3	fmv.w.x	f7,x30	 x30:0xff800000  f7=0x00000000
aa8f8513	addi	x10,x31,-1368	 x31:0x00102000 x10=0x00101aa8
d27ba227	fsw	f7,-732(x23)	 f23:0x00102000  f7:0x0000006f PA:0x00101d24 store:0xff800000 load:0xff800000
d24ba407	flw	f8,-732(x23)	 f23:0x00102000  f8=0x00000000 PA:0x00101d24 store:0x3e5bdc88
e0041d53	fclass.s	x26,f8	  f8:0x00102000 x26=0x00000001
cfaa2c23	sw	x26,-776(x20)	 x20:0x00102000 x26:0x00000001 PA:0x00101cf8 store:0x00000001 load:0xff800000
badfe0ef	jal	x1,1000a0	  x1=0x001014f8
00054803	lbu	x16,0(x10)	 x10:0x00101aa8 x16=0x00000020 PA:0x00101aa8 store:0x00000000
06080663	beq	x16,x0,100110	 x16:0x00000020  x0:0x00000000
000207b7	lui	x15,0x20	 x15=0x00020000
0107a023	sw	x16,0(x15)	 x15:0x00020000 x16:0x00000020 PA:0x00020000 store:0x00000020 load:0x00000000
00154703	lbu	x14,1(x10)	 x10:0x00101aa8 x14=0x00000045 PA:0x00101aa9 store:0x001014f8
04070e63	beq	x14,x0,100110	 x14:0x00000045  x0:0x00000000
00e7a023	sw	x14,0(x15)	 x15:0x00020000 x14:0x00000045 PA:0x00020000 store:0x00000045 load:0x00000000
00254283	lbu	x5,2(x10)	 x10:0x00101aa8  x5=0x00000078 PA:0x00101aaa store:0x00137fa0
04028863	beq	x5,x0,100110	  x5:0x00000078  x0:0x00000000
0057a023	sw	x5,0(x15)	 x15:0x00020000  x5:0x00000078 PA:0x00020000 store:0x00000078 load:0x00000000
00354303	lbu	x6,3(x10)	 x10:0x00101aa8  x6=0x00000070 PA:0x00101aab store:0x00000000
04030263	beq	x6,x0,100110	  x6:0x00000070  x0:0x00000000
0067a023	sw	x6,0(x15)	 x15:0x00020000  x6:0x00000070 PA:0x00020000 store:0x00000070 load:0x00000000
00454383	lbu	x7,4(x10)	 x10:0x00101aa8  x7=0x00000065 PA:0x00101aac store:0x00000000
02038c63	beq	x7,x0,100110	  x7:0x00000065  x0:0x00000000
0077a023	sw	x7,0(x15)	 x15:0x00020000  x7:0x00000065 PA:0x00020000 store:0x00000065 load:0x00000000
00554583	lbu	x11,5(x10)	 x10:0x00101aa8 x11=0x00000063 PA:0x00101aad store:0x00000078
02058663	beq	x11,x0,100110	 x11:0x00000063  x0:0x00000000
00b7a023	sw	x11,0(x15)	 x15:0x00020000 x11:0x00000063 PA:0x00020000 store:0x00000063 load:0x00000000
00654603	lbu	x12,6(x10)	 x10:0x00101aa8 x12=0x00000074 PA:0x00101aae store:0x00000070
02060063	beq	x12,x0,100110	 x12:0x00000074  x0:0x00000000
00c7a023	sw	x12,0(x15)	 x15:0x00020000 x12:0x00000074 PA:0x00020000 store:0x00000074 load:0x00000000
00754683	lbu	x13,7(x10)	 x10:0x00101aa8 x13=0x00000069 PA:0x00101aaf store:0x00000065
00850513	addi	x10,x10,8	 x10:0x00101aa8 x10=0x00101ab0
00068863	beq	x13,x0,100110	 x13:0x00000069  x0:0x00000000
00d7a023	sw	x13,0(x15)	 x15:0x00020000 x13:0x00000069 PA:0x00020000 store:0x00000069 load:0x00000000
00054803	lbu	x16,0(x10)	 x10:0x00101ab0 x16=0x0000006e PA:0x00101ab0 store:0x00000000
fa0810e3	bne	x16,x0,1000ac	 x16:0x0000006e  x0:0x00000000
0107a023	sw	x16,0(x15)	 x15:0x00020000 x16:0x0000006e PA:0x00020000 store:0x0000006e load:0x00000000
00154703	lbu	x14,1(x10)	 x10:0x00101ab0 x14=0x00000067 PA:0x00101ab1 store:0x001014f8
04070e63	beq	x14,x0,100110	 x14:0x00000067  x0:0x00000000
00e7a023	sw	x14,0(x15)	 x15:0x00020000 x14:0x00000067 PA:0x00020000 store:0x00000067 load:0x00000000
00254283	lbu	x5,2(x10)	 x10:0x00101ab0  x5=0x00000020 PA:0x00101ab2 store:0x00137fa0
04028863	beq	x5,x0,100110	  x5:0x00000020  x0:0x00000000
0057a023	sw	x5,0(x15)	 x15:0x00020000  x5:0x00000020 PA:0x00020000 store:0x00000020 load:0x00000000
00354303	lbu	x6,3(x10)	 x10:0x00101ab0  x6=0x00000030 PA:0x00101ab3 store:0x00000000
04030263	beq	x6,x0,100110	  x6:0x00000030  x0:0x00000000
0067a023	sw	x6,0(x15)	 x15:0x00020000  x6:0x00000030 PA:0x00020000 store:0x00000030 load:0x00000000
00454383	lbu	x7,4(x10)	 x10:0x00101ab0  x7=0x00000078 PA:0x00101ab4 store:0x00000000
02038c63	beq	x7,x0,100110	  x7:0x00000078  x0:0x00000000
0077a023	sw	x7,0(x15)	 x15:0x00020000  x7:0x00000078 PA:0x00020000 store:0x00000078 load:0x00000000
00554583	lbu	x11,5(x10)	 x10:0x00101ab0 x11=0x00000031 PA:0x00101ab5 store:0x00000020
02058663	beq	x11,x0,100110	 x11:0x00000031  x0:0x00000000
00b7a023	sw	x11,0(x15)	 x15:0x00020000 x11:0x00000031 PA:0x00020000 store:0x00000031 load:0x00000000
00654603	lbu	x12,6(x10)	 x10:0x00101ab0 x12=0x0000003a PA:0x00101ab6 store:0x00000030
02060063	beq	x12,x0,100110	 x12:0x0000003a  x0:0x00000000
00c7a023	sw	x12,0(x15)	 x15:0x00020000 x12:0x0000003a PA:0x00020000 store:0x0000003a load:0x00000000
00754683	lbu	x13,7(x10)	 x10:0x00101ab0 x13=0x00000020 PA:0x00101ab7 store:0x00000078
00850513	addi	x10,x10,8	 x10:0x00101ab0 x10=0x00101ab8
00068863	beq	x13,x0,100110	 x13:0x00000020  x0:0x00000000
00d7a023	sw	x13,0(x15)	 x15:0x00020000 x13:0x00000020 PA:0x00020000 store:0x00000020 load:0x00000000
00054803	lbu	x16,0(x10)	 x10:0x00101ab8 x16=0x00000000 PA:0x00101ab8 store:0x00000000
fa0810e3	bne	x16,x0,1000ac	 x16:0x00000000  x0:0x00000000
00000513	addi	x10,x0,0	  x0:0x00000000 x10=0x00000000
00008067	jalr	x0,0(x1)	  x1:0x001014f8  x0=0x00000000
cf8a2503	lw	x10,-776(x20)	 x20:0x00102000 x10=0x00000001 PA:0x00101cf8 store:0x00102000
00102d37	lui	x26,0x102	 x26=0x00102000
c21fe0ef	jal	x1,100120	  x1=0x00101504
01c55793	srli	x15,x10,0x1c	 x10:0x00000001 x15=0x00000000
00900713	addi	x14,x0,9	  x0:0x00000000 x14=0x00000009
0cf77a63	bgeu	x14,x15,1001fc	 x14:0x00000009 x15:0x00000000
03078393	addi	x7,x15,48	 x15:0x00000000  x7=0x00000030
000205b7	lui	x11,0x20	 x11=0x00020000
00451613	slli	x12,x10,0x4	 x10:0x00000001 x12=0x00000010
0075a023	sw	x7,0(x11)	 x11:0x00020000  x7:0x00000030 PA:0x00020000 store:0x00000030 load:0x00000000
01c65693	srli	x13,x12,0x1c	 x12:0x00000010 x13=0x00000000
00900813	addi	x16,x0,9	  x0:0x00000000 x16=0x00000009
f2d86ae3	bltu	x16,x13,100148	 x16:0x00000009 x13:0x00000000
03068e93	addi	x29,x13,48	 x13:0x00000000 x29=0x00000030
00020f37	lui	x30,0x20	 x30=0x00020000
00851f93	slli	x31,x10,0x8	 x10:0x00000001 x31=0x00000100
01df2023	sw	x29,0(x30)	 x30:0x00020000 x29:0x00000030 PA:0x00020000 store:0x00000030 load:0x00000000
01cfd793	srli	x15,x31,0x1c	 x31:0x00000100 x15=0x00000000
00900713	addi	x14,x0,9	  x0:0x00000000 x14=0x00000009
f2f76ae3	bltu	x14,x15,100164	 x14:0x00000009 x15:0x00000000
03078393	addi	x7,x15,48	 x15:0x00000000  x7=0x00000030
000205b7	lui	x11,0x20	 x11=0x00020000
00c51613	slli	x12,x10,0xc	 x10:0x00000001 x12=0x00001000
0075a023	sw	x7,0(x11)	 x11:0x00020000  x7:0x00000030 PA:0x00020000 store:0x00000030 load:0x00000000
01c65693	srli	x13,x12,0x1c	 x12:0x00001000 x13=0x00000000
00900813	addi	x16,x0,9	  x0:0x00000000 x16=0x00000009
f2d86ae3	bltu	x16,x13,100180	 x16:0x00000009 x13:0x00000000
03068e93	addi	x29,x13,48	 x13:0x00000000 x29=0x00000030
00020f37	lui	x30,0x20	 x30=0x00020000
01051f93	slli	x31,x10,0x10	 x10:0x00000001 x31=0x00010000
01df2023	sw	x29,0(x30)	 x30:0x00020000 x29:0x00000030 PA:0x00020000 store:0x00000030 load:0x00000000
01cfd793	srli	x15,x31,0x1c	 x31:0x00010000 x15=0x00000000
00900713	addi	x14,x0,9	  x0:0x00000000 x14=0x00000009
f2f76ae3	bltu	x14,x15,10019c	 x14:0x00000009 x15:0x00000000
03078393	addi	x7,x15,48	 x15:0x00000000  x7=0x00000030
000205b7	lui	x11,0x20	 x11=0x00020000
01451613	slli	x12,x10,0x14	 x10:0x00000001 x12=0x00100000
0075a023	sw	x7,0(x11)	 x11:0x00020000  x7:0x00000030 PA:0x00020000 store:0x00000030 load:0x00000000
01c65693	srli	x13,x12,0x1c	 x12:0x00100000 x13=0x00000000
00900813	addi	x16,x0,9	  x0:0x00000000 x16=0x00000009
f2d86ae3	bltu	x16,x13,1001b8	 x16:0x00000009 x13:0x00000000
03068e93	addi	x29,x13,48	 x13:0x00000000 x29=0x00000030
00020f37	lui	x30,0x20	 x30=0x00020000
01851f93	slli	x31,x10,0x18	 x10:0x00000001 x31=0x01000000
01df2023	sw	x29,0(x30)	 x30:0x00020000 x29:0x00000030 PA:0x00020000 store:0x00000030 load:0x00000000
01cfd793	srli	x15,x31,0x1c	 x31:0x01000000 x15=0x00000000
00900713	addi	x14,x0,9	  x0:0x00000000 x14=0x00000009
f2f76ae3	bltu	x14,x15,1001d4	 x14:0x00000009 x15:0x00000000
03078393	addi	x7,x15,48	 x15:0x00000000  x7=0x00000030
000205b7	lui	x11,0x20	 x11=0x00020000
0075a023	sw	x7,0(x11)	 x11:0x00020000  x7:0x00000030 PA:0x00020000 store:0x00000030 load:0x00000000
00f57513	andi	x10,x10,15	 x10:0x00000001 x10=0x00000001
00900613	addi	x12,x0,9	  x0:0x00000000 x12=0x00000009
f2a67ae3	bgeu	x12,x10,1001ec	 x12:0x00000009 x10:0x00000001
03050893	addi	x17,x10,48	 x10:0x00000001 x17=0x00000031
00020e37	lui	x28,0x20	 x28=0x00020000
011e2023	sw	x17,0(x28)	 x28:0x00020000 x17:0x00000031 PA:0x00020000 store:0x00000031 load:0x00000000
00008067	jalr	x0,0(x1)	  x1:0x00101504  x0=0x00000000
001026b7	lui	x13,0x102	 x13=0x00102000
9486a487	flw	f9,-1720(x13)	 f13:0x00102000  f9=0x00000000 PA:0x00101948 store:0xff800000
00102737	lui	x14,0x102	 x14=0x00102000
abc70513	addi	x10,x14,-1348	 x14:0x00102000 x10=0x00101abc
d29ca027	fsw	f9,-736(x25)	 f25:0x00102000  f9:0x00102000 PA:0x00101d20 store:0xc019999a load:0xc019999a
d20ca507	flw	f10,-736(x25)	 f25:0x00102000 f10=0x00000000 PA:0x00101d20 store:0x00000000
e00517d3	fclass.s	x15,f10	 f10:0x00101abc x15=0x00000002
cefdaa23	sw	x15,-780(x27)	 x27:0x00102000 x15:0x00000002 PA:0x00101cf4 store:0x00000002 load:0xc019999a
b7dfe0ef	jal	x1,1000a0	  x1=0x00101528
00054803	lbu	x16,0(x10)	 x10:0x00101abc x16=0x0000000a PA:0x00101abc store:0x00000000
06080663	beq	x16,x0,100110	 x16:0x0000000a  x0:0x00000000
000207b7	lui	x15,0x20	 x15=0x00020000
0107a023	sw	x16,0(x15)	 x15:0x00020000 x16:0x0000000a PA:0x00020000 store:0x0000000a load:0x00000000
00154703	lbu	x14,1(x10)	 x10:0x00101abc x14=0x00000020 PA:0x00101abd store:0x00101528
04070e63	beq	x14,x0,100110	 x14:0x00000020  x0:0x00000000
00e7a023	sw	x14,0(x15)	 x15:0x00020000 x14:0x00000020 PA:0x00020000 store:0x00000020 load:0x00000000
00254283	lbu	x5,2(x10)	 x10:0x00101abc  x5=0x00000045 PA:0x00101abe store:0x00137fa0
04028863	beq	x5,x0,100110	  x5:0x00000045  x0:0x00000000
0057a023	sw	x5,0(x15)	 x15:0x00020000  x5:0x00000045 PA:0x00020000 store:0x00000045 load:0x00000000
00354303	lbu	x6,3(x10)	 x10:0x00101abc  x6=0x00000078 PA:0x00101abf store:0x00000000
04030263	beq	x6,x0,100110	  x6:0x00000078  x0:0x00000000
0067a023	sw	x6,0(x15)	 x15:0x00020000  x6:0x00000078 PA:0x00020000 store:0x00000078 load:0x00000000
00454383	lbu	x7,4(x10)	 x10:0x00101abc  x7=0x00000070 PA:0x00101ac0 store:0x00000000
02038c63	beq	x7,x0,100110	  x7:0x00000070  x0:0x00000000
0077a023	sw	x7,0(x15)	 x15:0x00020000  x7:0x00000070 PA:0x00020000 store:0x00000070 load:0x00000000
00554583	lbu	x11,5(x10)	 x10:0x00101abc x11=0x00000065 PA:0x00101ac1 store:0x00000045
02058663	beq	x11,x0,100110	 x11:0x00000065  x0:0x00000000
00b7a023	sw	x11,0(x15)	 x15:0x00020000 x11:0x00000065 PA:0x00020000 store:0x00000065 load:0x00000000
00654603	lbu	x12,6(x10)	 x10:0x00101abc x12=0x00000063 PA:0x00101ac2 store:0x00000078
02060063	beq	x12,x0,100110	 x12:0x00000063  x0:0x00000000
00c7a023	sw	x12,0(x15)	 x15:0x00020000 x12:0x00000063 PA:0x00020000 store:0x00000063 load:0x00000000
00754683	lbu	x13,7(x10)	 x10:0x00101abc x13=0x00000074 PA:0x00101ac3 store:0x00000070
00850513	addi	x10,x10,8	 x10:0x00101abc x10=0x00101ac4
00068863	beq	x13,x0,100110	 x13:0x00000074  x0:0x00000000
00d7a023	sw	x13,0(x15)	 x15:0x00020000 x13:0x00000074 PA:0x00020000 store:0x00000074 load:0x00000000
00054803	lbu	x16,0(x10)	 x10:0x00101ac4 x16=0x00000069 PA:0x00101ac4 store:0x00000000
fa0810e3	bne	x16,x0,1000ac	 x16:0x00000069  x0:0x00000000
0107a023	sw	x16,0(x15)	 x15:0x00020000 x16:0x00000069 PA:0x00020000 store:0x00000069 load:0x00000000
00154703	lbu	x14,1(x10)	 x10:0x00101ac4 x14=0x0000006e PA:0x00101ac5 store:0x00101528
04070e63	beq	x14,x0,100110	 x14:0x0000006e  x0:0x00000000
00e7a023	sw	x14,0(x15)	 x15:0x00020000 x14:0x0000006e PA:0x00020000 store:0x0000006e load:0x00000000
00254283	lbu	x5,2(x10)	 x10:0x00101ac4  x5=0x00000067 PA:0x00101ac6 store:0x00137fa0
04028863	beq	x5,x0,100110	  x5:0x00000067  x0:0x00000000
0057a023	sw	x5,0(x15)	 x15:0x00020000  x5:0x00000067 PA:0x00020000 store:0x00000067 load:0x00000000
00354303	lbu	x6,3(x10)	 x10:0x00101ac4  x6=0x00000020 PA:0x00101ac7 store:0x00000000
04030263	beq	x6,x0,100110	  x6:0x00000020  x0:0x00000000
0067a023	sw	x6,0(x15)	 x15:0x00020000  x6:0x00000020 PA:0x00020000 store:0x00000020 load:0x00000000
00454383	lbu	x7,4(x10)	 x10:0x00101ac4  x7=0x00000030 PA:0x00101ac8 store:0x00000000
02038c63	beq	x7,x0,100110	  x7:0x00000030  x0:0x00000000
0077a023	sw	x7,0(x15)	 x15:0x00020000  x7:0x00000030 PA:0x00020000 store:0x00000030 load:0x00000000
00554583	lbu	x11,5(x10)	 x10:0x00101ac4 x11=0x00000078 PA:0x00101ac9 store:0x00000067
02058663	beq	x11,x0,100110	 x11:0x00000078  x0:0x00000000
00b7a023	sw	x11,0(x15)	 x15:0x00020000 x11:0x00000078 PA:0x00020000 store:0x00000078 load:0x00000000
00654603	lbu	x12,6(x10)	 x10:0x00101ac4 x12=0x00000032 PA:0x00101aca store:0x00000020
02060063	beq	x12,x0,100110	 x12:0x00000032  x0:0x00000000
00c7a023	sw	x12,0(x15)	 x15:0x00020000 x12:0x00000032 PA:0x00020000 store:0x00000032 load:0x00000000
00754683	lbu	x13,7(x10)	 x10:0x00101ac4 x13=0x0000003a PA:0x00101acb store:0x00000030
00850513	addi	x10,x10,8	 x10:0x00101ac4 x10=0x00101acc
00068863	beq	x13,x0,100110	 x13:0x0000003a  x0:0x00000000
00d7a023	sw	x13,0(x15)	 x15:0x00020000 x13:0x0000003a PA:0x00020000 store:0x0000003a load:0x00000000
00054803	lbu	x16,0(x10)	 x10:0x00101acc x16=0x00000020 PA:0x00101acc store:0x00000000
fa0810e3	bne	x16,x0,1000ac	 x16:0x00000020  x0:0x00000000
0107a023	sw	x16,0(x15)	 x15:0x00020000 x16:0x00000020 PA:0x00020000 store:0x00000020 load:0x00000000
00154703	lbu	x14,1(x10)	 x10:0x00101acc x14=0x00000000 PA:0x00101acd store:0x00101528
04070e63	beq	x14,x0,100110	 x14:0x00000000  x0:0x00000000
00000513	addi	x10,x0,0	  x0:0x00000000 x10=0x00000000
00008067	jalr	x0,0(x1)	  x1:0x00101528  x0=0x00000000
cf4da503	lw	x10,-780(x27)	 x27:0x00102000 x10=0x00000002 PA:0x00101cf4 store:0x00102000
bf5fe0ef	jal	x1,100120	  x1=0x00101530
01c55793	srli	x15,x10,0x1c	 x10:0x00000002 x15=0x00000000
00900713	addi	x14,x0,9	  x0:0x00000000 x14=0x00000009
0cf77a63	bgeu	x14,x15,1001fc	 x14:0x00000009 x15:0x00000000
03078393	addi	x7,x15,48	 x15:0x00000000  x7=0x00000030
000205b7	lui	x11,0x20	 x11=0x00020000
00451613	slli	x12,x10,0x4	 x10:0x00000002 x12=0x00000020
0075a023	sw	x7,0(x11)	 x11:0x00020000  x7:0x00000030 PA:0x00020000 store:0x00000030 load:0x00000000
01c65693	srli	x13,x12,0x1c	 x12:0x00000020 x13=0x00000000
00900813	addi	x16,x0,9	  x0:0x00000000 x16=0x00000009
f2d86ae3	bltu	x16,x13,100148	 x16:0x00000009 x13:0x00000000
03068e93	addi	x29,x13,48	 x13:0x00000000 x29=0x00000030
00020f37	lui	x30,0x20	 x30=0x00020000
00851f93	slli	x31,x10,0x8	 x10:0x00000002 x31=0x00000200
01df2023	sw	x29,0(x30)	 x30:0x00020000 x29:0x00000030 PA:0x00020000 store:0x00000030 load:0x00000000
01cfd793	srli	x15,x31,0x1c	 x31:0x00000200 x15=0x00000000
00900713	addi	x14,x0,9	  x0:0x00000000 x14=0x00000009
f2f76ae3	bltu	x14,x15,100164	 x14:0x00000009 x15:0x00000000
03078393	addi	x7,x15,48	 x15:0x00000000  x7=0x00000030
000205b7	lui	x11,0x20	 x11=0x00020000
00c51613	slli	x12,x10,0xc	 x10:0x00000002 x12=0x00002000
0075a023	sw	x7,0(x11)	 x11:0x00020000  x7:0x00000030 PA:0x00020000 store:0x00000030 load:0x00000000
01c65693	srli	x13,x12,0x1c	 x12:0x00002000 x13=0x00000000
00900813	addi	x16,x0,9	  x0:0x00000000 x16=0x00000009
f2d86ae3	bltu	x16,x13,100180	 x16:0x00000009 x13:0x00000000
03068e93	addi	x29,x13,48	 x13:0x00000000 x29=0x00000030
00020f37	lui	x30,0x20	 x30=0x00020000
01051f93	slli	x31,x10,0x10	 x10:0x00000002 x31=0x00020000
01df2023	sw	x29,0(x30)	 x30:0x00020000 x29:0x00000030 PA:0x00020000 store:0x00000030 load:0x00000000
01cfd793	srli	x15,x31,0x1c	 x31:0x00020000 x15=0x00000000
00900713	addi	x14,x0,9	  x0:0x00000000 x14=0x00000009
f2f76ae3	bltu	x14,x15,10019c	 x14:0x00000009 x15:0x00000000
03078393	addi	x7,x15,48	 x15:0x00000000  x7=0x00000030
000205b7	lui	x11,0x20	 x11=0x00020000
01451613	slli	x12,x10,0x14	 x10:0x00000002 x12=0x00200000
0075a023	sw	x7,0(x11)	 x11:0x00020000  x7:0x00000030 PA:0x00020000 store:0x00000030 load:0x00000000
01c65693	srli	x13,x12,0x1c	 x12:0x00200000 x13=0x00000000
00900813	addi	x16,x0,9	  x0:0x00000000 x16=0x00000009
f2d86ae3	bltu	x16,x13,1001b8	 x16:0x00000009 x13:0x00000000
03068e93	addi	x29,x13,48	 x13:0x00000000 x29=0x00000030
00020f37	lui	x30,0x20	 x30=0x00020000
01851f93	slli	x31,x10,0x18	 x10:0x00000002 x31=0x02000000
01df2023	sw	x29,0(x30)	 x30:0x00020000 x29:0x00000030 PA:0x00020000 store:0x00000030 load:0x00000000
01cfd793	srli	x15,x31,0x1c	 x31:0x02000000 x15=0x00000000
00900713	addi	x14,x0,9	  x0:0x00000000 x14=0x00000009
f2f76ae3	bltu	x14,x15,1001d4	 x14:0x00000009 x15:0x00000000
03078393	addi	x7,x15,48	 x15:0x00000000  x7=0x00000030
000205b7	lui	x11,0x20	 x11=0x00020000
0075a023	sw	x7,0(x11)	 x11:0x00020000  x7:0x00000030 PA:0x00020000 store:0x00000030 load:0x00000000
00f57513	andi	x10,x10,15	 x10:0x00000002 x10=0x00000002
00900613	addi	x12,x0,9	  x0:0x00000000 x12=0x00000009
f2a67ae3	bgeu	x12,x10,1001ec	 x12:0x00000009 x10:0x00000002
03050893	addi	x17,x10,48	 x10:0x00000002 x17=0x00000032
00020e37	lui	x28,0x20	 x28=0x00020000
011e2023	sw	x17,0(x28)	 x28:0x00020000 x17:0x00000032 PA:0x00020000 store:0x00000032 load:0x00000000
00008067	jalr	x0,0(x1)	  x1:0x00101530  x0=0x00000000
001022b7	lui	x5,0x102	  x5=0x00102000
94c2a807	flw	f16,-1716(x5)	  f5:0x00102000 f16=0x00000000 PA:0x0010194c store:0xc06d7f2b
00102537	lui	x10,0x102	 x10=0x00102000
ad050513	addi	x10,x10,-1328	 x10:0x00102000 x10=0x00101ad0
d104ae27	fsw	f16,-740(x9)	  f9:0x00102000 f16:0x00000009 PA:0x00101d1c store:0x80000047 load:0x80000047
d1c4a887	flw	f17,-740(x9)	  f9:0x00102000 f17=0x00000000 PA:0x00101d1c store:0x80000000
e00894d3	fclass.s	x9,f17	 f17:0x00000032  x9=0x00000004
ce9d2823	sw	x9,-784(x26)	 x26:0x00102000  x9:0x00000004 PA:0x00101cf0 store:0x00000004 load:0x80000047
b51fe0ef	jal	x1,1000a0	  x1=0x00101554
00054803	lbu	x16,0(x10)	 x10:0x00101ad0 x16=0x0000000a PA:0x00101ad0 store:0x00000000
06080663	beq	x16,x0,100110	 x16:0x0000000a  x0:0x00000000
000207b7	lui	x15,0x20	 x15=0x00020000
0107a023	sw	x16,0(x15)	 x15:0x00020000 x16:0x0000000a PA:0x00020000 store:0x0000000a load:0x00000000
00154703	lbu	x14,1(x10)	 x10:0x00101ad0 x14=0x00000020 PA:0x00101ad1 store:0x00101554
04070e63	beq	x14,x0,100110	 x14:0x00000020  x0:0x00000000
00e7a023	sw	x14,0(x15)	 x15:0x00020000 x14:0x00000020 PA:0x00020000 store:0x00000020 load:0x00000000
00254283	lbu	x5,2(x10)	 x10:0x00101ad0  x5=0x00000045 PA:0x00101ad2 store:0x00137fa0
04028863	beq	x5,x0,100110	  x5:0x00000045  x0:0x00000000
0057a023	sw	x5,0(x15)	 x15:0x00020000  x5:0x00000045 PA:0x00020000 store:0x00000045 load:0x00000000
00354303	lbu	x6,3(x10)	 x10:0x00101ad0  x6=0x00000078 PA:0x00101ad3 store:0x00000000
04030263	beq	x6,x0,100110	  x6:0x00000078  x0:0x00000000
0067a023	sw	x6,0(x15)	 x15:0x00020000  x6:0x00000078 PA:0x00020000 store:0x00000078 load:0x00000000
00454383	lbu	x7,4(x10)	 x10:0x00101ad0  x7=0x00000070 PA:0x00101ad4 store:0x00000000
02038c63	beq	x7,x0,100110	  x7:0x00000070  x0:0x00000000
0077a023	sw	x7,0(x15)	 x15:0x00020000  x7:0x00000070 PA:0x00020000 store:0x00000070 load:0x00000000
00554583	lbu	x11,5(x10)	 x10:0x00101ad0 x11=0x00000065 PA:0x00101ad5 store:0x00000045
02058663	beq	x11,x0,100110	 x11:0x00000065  x0:0x00000000
00b7a023	sw	x11,0(x15)	 x15:0x00020000 x11:0x00000065 PA:0x00020000 store:0x00000065 load:0x00000000
00654603	lbu	x12,6(x10)	 x10:0x00101ad0 x12=0x00000063 PA:0x00101ad6 store:0x00000078
02060063	beq	x12,x0,100110	 x12:0x00000063  x0:0x00000000
00c7a023	sw	x12,0(x15)	 x15:0x00020000 x12:0x00000063 PA:0x00020000 store:0x00000063 load:0x00000000
00754683	lbu	x13,7(x10)	 x10:0x00101ad0 x13=0x00000074 PA:0x00101ad7 store:0x00000070
00850513	addi	x10,x10,8	 x10:0x00101ad0 x10=0x00101ad8
00068863	beq	x13,x0,100110	 x13:0x00000074  x0:0x00000000
00d7a023	sw	x13,0(x15)	 x15:0x00020000 x13:0x00000074 PA:0x00020000 store:0x00000074 load:0x00000000
00054803	lbu	x16,0(x10)	 x10:0x00101ad8 x16=0x00000069 PA:0x00101ad8 store:0x00000000
fa0810e3	bne	x16,x0,1000ac	 x16:0x00000069  x0:0x00000000
0107a023	sw	x16,0(x15)	 x15:0x00020000 x16:0x00000069 PA:0x00020000 store:0x00000069 load:0x00000000
00154703	lbu	x14,1(x10)	 x10:0x00101ad8 x14=0x0000006e PA:0x00101ad9 store:0x00101554
04070e63	beq	x14,x0,100110	 x14:0x0000006e  x0:0x00000000
00e7a023	sw	x14,0(x15)	 x15:0x00020000 x14:0x0000006e PA:0x00020000 store:0x0000006e load:0x00000000
00254283	lbu	x5,2(x10)	 x10:0x00101ad8  x5=0x00000067 PA:0x00101ada store:0x00137fa0
04028863	beq	x5,x0,100110	  x5:0x00000067  x0:0x00000000
0057a023	sw	x5,0(x15)	 x15:0x00020000  x5:0x00000067 PA:0x00020000 store:0x00000067 load:0x00000000
00354303	lbu	x6,3(x10)	 x10:0x00101ad8  x6=0x00000020 PA:0x00101adb store:0x00000000
04030263	beq	x6,x0,100110	  x6:0x00000020  x0:0x00000000
0067a023	sw	x6,0(x15)	 x15:0x00020000  x6:0x00000020 PA:0x00020000 store:0x00000020 load:0x00000000
00454383	lbu	x7,4(x10)	 x10:0x00101ad8  x7=0x00000030 PA:0x00101adc store:0x00000000
02038c63	beq	x7,x0,100110	  x7:0x00000030  x0:0x00000000
0077a023	sw	x7,0(x15)	 x15:0x00020000  x7:0x00000030 PA:0x00020000 store:0x00000030 load:0x00000000
00554583	lbu	x11,5(x10)	 x10:0x00101ad8 x11=0x00000078 PA:0x00101add store:0x00000067
02058663	beq	x11,x0,100110	 x11:0x00000078  x0:0x00000000
00b7a023	sw	x11,0(x15)	 x15:0x00020000 x11:0x00000078 PA:0x00020000 store:0x00000078 load:0x00000000
00654603	lbu	x12,6(x10)	 x10:0x00101ad8 x12=0x00000034 PA:0x00101ade store:0x00000020
02060063	beq	x12,x0,100110	 x12:0x00000034  x0:0x00000000
00c7a023	sw	x12,0(x15)	 x15:0x00020000 x12:0x00000034 PA:0x00020000 store:0x00000034 load:0x00000000
00754683	lbu	x13,7(x10)	 x10:0x00101ad8 x13=0x0000003a PA:0x00101adf store:0x00000030
00850513	addi	x10,x10,8	 x10:0x00101ad8 x10=0x00101ae0
00068863	beq	x13,x0,100110	 x13:0x0000003a  x0:0x00000000
00d7a023	sw	x13,0(x15)	 x15:0x00020000 x13:0x0000003a PA:0x00020000 store:0x0000003a load:0x00000000
00054803	lbu	x16,0(x10)	 x10:0x00101ae0 x16=0x00000020 PA:0x00101ae0 store:0x00000000
fa0810e3	bne	x16,x0,1000ac	 x16:0x00000020  x0:0x00000000
0107a023	sw	x16,0(x15)	 x15:0x00020000 x16:0x00000020 PA:0x00020000 store:0x00000020 load:0x00000000
00154703	lbu	x14,1(x10)	 x10:0x00101ae0 x14=0x00000000 PA:0x00101ae1 store:0x00101554
04070e63	beq	x14,x0,100110	 x14:0x00000000  x0:0x00000000
00000513	addi	x10,x0,0	  x0:0x00000000 x10=0x00000000
00008067	jalr	x0,0(x1)	  x1:0x00101554  x0=0x00000000
cf0d2503	lw	x10,-784(x26)	 x26:0x00102000 x10=0x00000004 PA:0x00101cf0 store:0x00000020
bc9fe0ef	jal	x1,100120	  x1=0x0010155c
01c55793	srli	x15,x10,0x1c	 x10:0x00000004 x15=0x00000000
00900713	addi	x14,x0,9	  x0:0x00000000 x14=0x00000009
0cf77a63	bgeu	x14,x15,1001fc	 x14:0x00000009 x15:0x00000000
03078393	addi	x7,x15,48	 x15:0x00000000  x7=0x00000030
000205b7	lui	x11,0x20	 x11=0x00020000
00451613	slli	x12,x10,0x4	 x10:0x00000004 x12=0x00000040
0075a023	sw	x7,0(x11)	 x11:0x00020000  x7:0x00000030 PA:0x00020000 store:0x00000030 load:0x00000000
01c65693	srli	x13,x12,0x1c	 x12:0x00000040 x13=0x00000000
00900813	addi	x16,x0,9	  x0:0x00000000 x16=0x00000009
f2d86ae3	bltu	x16,x13,100148	 x16:0x00000009 x13:0x00000000
03068e93	addi	x29,x13,48	 x13:0x00000000 x29=0x00000030
00020f37	lui	x30,0x20	 x30=0x00020000
00851f93	slli	x31,x10,0x8	 x10:0x00000004 x31=0x00000400
01df2023	sw	x29,0(x30)	 x30:0x00020000 x29:0x00000030 PA:0x00020000 store:0x00000030 load:0x00000000
01cfd793	srli	x15,x31,0x1c	 x31:0x00000400 x15=0x00000000
00900713	addi	x14,x0,9	  x0:0x00000000 x14=0x00000009
f2f76ae3	bltu	x14,x15,100164	 x14:0x00000009 x15:0x00000000
03078393	addi	x7,x15,48	 x15:0x00000000  x7=0x00000030
000205b7	lui	x11,0x20	 x11=0x00020000
00c51613	slli	x12,x10,0xc	 x10:0x00000004 x12=0x00004000
0075a023	sw	x7,0(x11)	 x11:0x00020000  x7:0x00000030 PA:0x00020000 store:0x00000030 load:0x00000000
01c65693	srli	x13,x12,0x1c	 x12:0x00004000 x13=0x00000000
00900813	addi	x16,x0,9	  x0:0x00000000 x16=0x00000009
f2d86ae3	bltu	x16,x13,100180	 x16:0x00000009 x13:0x00000000
03068e93	addi	x29,x13,48	 x13:0x00000000 x29=0x00000030
00020f37	lui	x30,0x20	 x30=0x00020000
01051f93	slli	x31,x10,0x10	 x10:0x00000004 x31=0x00040000
01df2023	sw	x29,0(x30)	 x30:0x00020000 x29:0x00000030 PA:0x00020000 store:0x00000030 load:0x00000000
01cfd793	srli	x15,x31,0x1c	 x31:0x00040000 x15=0x00000000
00900713	addi	x14,x0,9	  x0:0x00000000 x14=0x00000009
f2f76ae3	bltu	x14,x15,10019c	 x14:0x00000009 x15:0x00000000
03078393	addi	x7,x15,48	 x15:0x00000000  x7=0x00000030
000205b7	lui	x11,0x20	 x11=0x00020000
01451613	slli	x12,x10,0x14	 x10:0x00000004 x12=0x00400000
0075a023	sw	x7,0(x11)	 x11:0x00020000  x7:0x00000030 PA:0x00020000 store:0x00000030 load:0x00000000
01c65693	srli	x13,x12,0x1c	 x12:0x00400000 x13=0x00000000
00900813	addi	x16,x0,9	  x0:0x00000000 x16=0x00000009
f2d86ae3	bltu	x16,x13,1001b8	 x16:0x00000009 x13:0x00000000
03068e93	addi	x29,x13,48	 x13:0x00000000 x29=0x00000030
00020f37	lui	x30,0x20	 x30=0x00020000
01851f93	slli	x31,x10,0x18	 x10:0x00000004 x31=0x04000000
01df2023	sw	x29,0(x30)	 x30:0x00020000 x29:0x00000030 PA:0x00020000 store:0x00000030 load:0x00000000
01cfd793	srli	x15,x31,0x1c	 x31:0x04000000 x15=0x00000000
00900713	addi	x14,x0,9	  x0:0x00000000 x14=0x00000009
f2f76ae3	bltu	x14,x15,1001d4	 x14:0x00000009 x15:0x00000000
03078393	addi	x7,x15,48	 x15:0x00000000  x7=0x00000030
000205b7	lui	x11,0x20	 x11=0x00020000
0075a023	sw	x7,0(x11)	 x11:0x00020000  x7:0x00000030 PA:0x00020000 store:0x00000030 load:0x00000000
00f57513	andi	x10,x10,15	 x10:0x00000004 x10=0x00000004
00900613	addi	x12,x0,9	  x0:0x00000000 x12=0x00000009
f2a67ae3	bgeu	x12,x10,1001ec	 x12:0x00000009 x10:0x00000004
03050893	addi	x17,x10,48	 x10:0x00000004 x17=0x00000034
00020e37	lui	x28,0x20	 x28=0x00020000
011e2023	sw	x17,0(x28)	 x28:0x00020000 x17:0x00000034 PA:0x00020000 store:0x00000034 load:0x00000000
00008067	jalr	x0,0(x1)	  x1:0x0010155c  x0=0x00000000
940c2487	flw	f9,-1728(x24)	 f24:0x00102000  f9=0x00000000 PA:0x00101940 store:0x00000000
00102337	lui	x6,0x102	  x6=0x00102000
ae430513	addi	x10,x6,-1308	  x6:0x00102000 x10=0x00101ae4
d0942c27	fsw	f9,-744(x8)	  f8:0x00102000  f9:0x00000004 PA:0x00101d18 store:0x80000000 load:0x80000000
d1842907	flw	f18,-744(x8)	  f8:0x00102000 f18=0x00000000 PA:0x00101d18 store:0x00000000
e0091453	fclass.s	x8,f18	 f18:0x00102000  x8=0x00000008
ce8a2c23	sw	x8,-776(x20)	 x20:0x00102000  x8:0x00000008 PA:0x00101cf8 store:0x00000008 load:0x80000000
b29fe0ef	jal	x1,1000a0	  x1=0x0010157c
00054803	lbu	x16,0(x10)	 x10:0x00101ae4 x16=0x0000000a PA:0x00101ae4 store:0x00000000
06080663	beq	x16,x0,100110	 x16:0x0000000a  x0:0x00000000
000207b7	lui	x15,0x20	 x15=0x00020000
0107a023	sw	x16,0(x15)	 x15:0x00020000 x16:0x0000000a PA:0x00020000 store:0x0000000a load:0x00000000
00154703	lbu	x14,1(x10)	 x10:0x00101ae4 x14=0x00000020 PA:0x00101ae5 store:0x0010157c
04070e63	beq	x14,x0,100110	 x14:0x00000020  x0:0x00000000
00e7a023	sw	x14,0(x15)	 x15:0x00020000 x14:0x00000020 PA:0x00020000 store:0x00000020 load:0x00000000
00254283	lbu	x5,2(x10)	 x10:0x00101ae4  x5=0x00000045 PA:0x00101ae6 store:0x00137fa0
04028863	beq	x5,x0,100110	  x5:0x00000045  x0:0x00000000
0057a023	sw	x5,0(x15)	 x15:0x00020000  x5:0x00000045 PA:0x00020000 store:0x00000045 load:0x00000000
00354303	lbu	x6,3(x10)	 x10:0x00101ae4  x6=0x00000078 PA:0x00101ae7 store:0x00000000
04030263	beq	x6,x0,100110	  x6:0x00000078  x0:0x00000000
0067a023	sw	x6,0(x15)	 x15:0x00020000  x6:0x00000078 PA:0x00020000 store:0x00000078 load:0x00000000
00454383	lbu	x7,4(x10)	 x10:0x00101ae4  x7=0x00000070 PA:0x00101ae8 store:0x00000000
02038c63	beq	x7,x0,100110	  x7:0x00000070  x0:0x00000000
0077a023	sw	x7,0(x15)	 x15:0x00020000  x7:0x00000070 PA:0x00020000 store:0x00000070 load:0x00000000
00554583	lbu	x11,5(x10)	 x10:0x00101ae4 x11=0x00000065 PA:0x00101ae9 store:0x00000045
02058663	beq	x11,x0,100110	 x11:0x00000065  x0:0x00000000
00b7a023	sw	x11,0(x15)	 x15:0x00020000 x11:0x00000065 PA:0x00020000 store:0x00000065 load:0x00000000
00654603	lbu	x12,6(x10)	 x10:0x00101ae4 x12=0x00000063 PA:0x00101aea store:0x00000078
02060063	beq	x12,x0,100110	 x12:0x00000063  x0:0x00000000
00c7a023	sw	x12,0(x15)	 x15:0x00020000 x12:0x00000063 PA:0x00020000 store:0x00000063 load:0x00000000
00754683	lbu	x13,7(x10)	 x10:0x00101ae4 x13=0x00000074 PA:0x00101aeb store:0x00000070
00850513	addi	x10,x10,8	 x10:0x00101ae4 x10=0x00101aec
00068863	beq	x13,x0,100110	 x13:0x00000074  x0:0x00000000
00d7a023	sw	x13,0(x15)	 x15:0x00020000 x13:0x00000074 PA:0x00020000 store:0x00000074 load:0x00000000
00054803	lbu	x16,0(x10)	 x10:0x00101aec x16=0x00000069 PA:0x00101aec store:0x00000000
fa0810e3	bne	x16,x0,1000ac	 x16:0x00000069  x0:0x00000000
0107a023	sw	x16,0(x15)	 x15:0x00020000 x16:0x00000069 PA:0x00020000 store:0x00000069 load:0x00000000
00154703	lbu	x14,1(x10)	 x10:0x00101aec x14=0x0000006e PA:0x00101aed store:0x0010157c
04070e63	beq	x14,x0,100110	 x14:0x0000006e  x0:0x00000000
00e7a023	sw	x14,0(x15)	 x15:0x00020000 x14:0x0000006e PA:0x00020000 store:0x0000006e load:0x00000000
00254283	lbu	x5,2(x10)	 x10:0x00101aec  x5=0x00000067 PA:0x00101aee store:0x00137fa0
04028863	beq	x5,x0,100110	  x5:0x00000067  x0:0x00000000
0057a023	sw	x5,0(x15)	 x15:0x00020000  x5:0x00000067 PA:0x00020000 store:0x00000067 load:0x00000000
00354303	lbu	x6,3(x10)	 x10:0x00101aec  x6=0x00000020 PA:0x00101aef store:0x00000000
04030263	beq	x6,x0,100110	  x6:0x00000020  x0:0x00000000
0067a023	sw	x6,0(x15)	 x15:0x00020000  x6:0x00000020 PA:0x00020000 store:0x00000020 load:0x00000000
00454383	lbu	x7,4(x10)	 x10:0x00101aec  x7=0x00000030 PA:0x00101af0 store:0x00000000
02038c63	beq	x7,x0,100110	  x7:0x00000030  x0:0x00000000
0077a023	sw	x7,0(x15)	 x15:0x00020000  x7:0x00000030 PA:0x00020000 store:0x00000030 load:0x00000000
00554583	lbu	x11,5(x10)	 x10:0x00101aec x11=0x00000078 PA:0x00101af1 store:0x00000067
02058663	beq	x11,x0,100110	 x11:0x00000078  x0:0x00000000
00b7a023	sw	x11,0(x15)	 x15:0x00020000 x11:0x00000078 PA:0x00020000 store:0x00000078 load:0x00000000
00654603	lbu	x12,6(x10)	 x10:0x00101aec x12=0x00000038 PA:0x00101af2 store:0x00000020
02060063	beq	x12,x0,100110	 x12:0x00000038  x0:0x00000000
00c7a023	sw	x12,0(x15)	 x15:0x00020000 x12:0x00000038 PA:0x00020000 store:0x00000038 load:0x00000000
00754683	lbu	x13,7(x10)	 x10:0x00101aec x13=0x0000003a PA:0x00101af3 store:0x00000030
00850513	addi	x10,x10,8	 x10:0x00101aec x10=0x00101af4
00068863	beq	x13,x0,100110	 x13:0x0000003a  x0:0x00000000
00d7a023	sw	x13,0(x15)	 x15:0x00020000 x13:0x0000003a PA:0x00020000 store:0x0000003a load:0x00000000
00054803	lbu	x16,0(x10)	 x10:0x00101af4 x16=0x00000020 PA:0x00101af4 store:0x00000000
fa0810e3	bne	x16,x0,1000ac	 x16:0x00000020  x0:0x00000000
0107a023	sw	x16,0(x15)	 x15:0x00020000 x16:0x00000020 PA:0x00020000 store:0x00000020 load:0x00000000
00154703	lbu	x14,1(x10)	 x10:0x00101af4 x14=0x00000000 PA:0x00101af5 store:0x0010157c
04070e63	beq	x14,x0,100110	 x14:0x00000000  x0:0x00000000
00000513	addi	x10,x0,0	  x0:0x00000000 x10=0x00000000
00008067	jalr	x0,0(x1)	  x1:0x0010157c  x0=0x00000000
cf8a2503	lw	x10,-776(x20)	 x20:0x00102000 x10=0x00000008 PA:0x00101cf8 store:0x00102000
f0000953	fmv.w.x	f18,x0	  x0:0x00000000 f18=0x00000000
00102c37	lui	x24,0x102	 x24=0x00102000
b99fe0ef	jal	x1,100120	  x1=0x0010158c
01c55793	srli	x15,x10,0x1c	 x10:0x00000008 x15=0x00000000
00900713	addi	x14,x0,9	  x0:0x00000000 x14=0x00000009
0cf77a63	bgeu	x14,x15,1001fc	 x14:0x00000009 x15:0x00000000
03078393	addi	x7,x15,48	 x15:0x00000000  x7=0x00000030
000205b7	lui	x11,0x20	 x11=0x00020000
00451613	slli	x12,x10,0x4	 x10:0x00000008 x12=0x00000080
0075a023	sw	x7,0(x11)	 x11:0x00020000  x7:0x00000030 PA:0x00020000 store:0x00000030 load:0x00000000
01c65693	srli	x13,x12,0x1c	 x12:0x00000080 x13=0x00000000
00900813	addi	x16,x0,9	  x0:0x00000000 x16=0x00000009
f2d86ae3	bltu	x16,x13,100148	 x16:0x00000009 x13:0x00000000
03068e93	addi	x29,x13,48	 x13:0x00000000 x29=0x00000030
00020f37	lui	x30,0x20	 x30=0x00020000
00851f93	slli	x31,x10,0x8	 x10:0x00000008 x31=0x00000800
01df2023	sw	x29,0(x30)	 x30:0x00020000 x29:0x00000030 PA:0x00020000 store:0x00000030 load:0x00000000
01cfd793	srli	x15,x31,0x1c	 x31:0x00000800 x15=0x00000000
00900713	addi	x14,x0,9	  x0:0x00000000 x14=0x00000009
f2f76ae3	bltu	x14,x15,100164	 x14:0x00000009 x15:0x00000000
03078393	addi	x7,x15,48	 x15:0x00000000  x7=0x00000030
000205b7	lui	x11,0x20	 x11=0x00020000
00c51613	slli	x12,x10,0xc	 x10:0x00000008 x12=0x00008000
0075a023	sw	x7,0(x11)	 x11:0x00020000  x7:0x00000030 PA:0x00020000 store:0x00000030 load:0x00000000
01c65693	srli	x13,x12,0x1c	 x12:0x00008000 x13=0x00000000
00900813	addi	x16,x0,9	  x0:0x00000000 x16=0x00000009
f2d86ae3	bltu	x16,x13,100180	 x16:0x00000009 x13:0x00000000
03068e93	addi	x29,x13,48	 x13:0x00000000 x29=0x00000030
00020f37	lui	x30,0x20	 x30=0x00020000
01051f93	slli	x31,x10,0x10	 x10:0x00000008 x31=0x00080000
01df2023	sw	x29,0(x30)	 x30:0x00020000 x29:0x00000030 PA:0x00020000 store:0x00000030 load:0x00000000
01cfd793	srli	x15,x31,0x1c	 x31:0x00080000 x15=0x00000000
00900713	addi	x14,x0,9	  x0:0x00000000 x14=0x00000009
f2f76ae3	bltu	x14,x15,10019c	 x14:0x00000009 x15:0x00000000
03078393	addi	x7,x15,48	 x15:0x00000000  x7=0x00000030
000205b7	lui	x11,0x20	 x11=0x00020000
01451613	slli	x12,x10,0x14	 x10:0x00000008 x12=0x00800000
0075a023	sw	x7,0(x11)	 x11:0x00020000  x7:0x00000030 PA:0x00020000 store:0x00000030 load:0x00000000
01c65693	srli	x13,x12,0x1c	 x12:0x00800000 x13=0x00000000
00900813	addi	x16,x0,9	  x0:0x00000000 x16=0x00000009
f2d86ae3	bltu	x16,x13,1001b8	 x16:0x00000009 x13:0x00000000
03068e93	addi	x29,x13,48	 x13:0x00000000 x29=0x00000030
00020f37	lui	x30,0x20	 x30=0x00020000
01851f93	slli	x31,x10,0x18	 x10:0x00000008 x31=0x08000000
01df2023	sw	x29,0(x30)	 x30:0x00020000 x29:0x00000030 PA:0x00020000 store:0x00000030 load:0x00000000
01cfd793	srli	x15,x31,0x1c	 x31:0x08000000 x15=0x00000000
00900713	addi	x14,x0,9	  x0:0x00000000 x14=0x00000009
f2f76ae3	bltu	x14,x15,1001d4	 x14:0x00000009 x15:0x00000000
03078393	addi	x7,x15,48	 x15:0x00000000  x7=0x00000030
000205b7	lui	x11,0x20	 x11=0x00020000
0075a023	sw	x7,0(x11)	 x11:0x00020000  x7:0x00000030 PA:0x00020000 store:0x00000030 load:0x00000000
00f57513	andi	x10,x10,15	 x10:0x00000008 x10=0x00000008
00900613	addi	x12,x0,9	  x0:0x00000000 x12=0x00000009
f2a67ae3	bgeu	x12,x10,1001ec	 x12:0x00000009 x10:0x00000008
03050893	addi	x17,x10,48	 x10:0x00000008 x17=0x00000038
00020e37	lui	x28,0x20	 x28=0x00020000
011e2023	sw	x17,0(x28)	 x28:0x00020000 x17:0x00000038 PA:0x00020000 store:0x00000038 load:0x00000000
00008067	jalr	x0,0(x1)	  x1:0x0010158c  x0=0x00000000
af8c0513	addi	x10,x24,-1288	 x24:0x00102000 x10=0x00101af8
d1292a27	fsw	f18,-748(x18)	 f18:0x00102000 f18:0x00102000 PA:0x00101d14 store:0x00000000 load:0x00000000
d1492987	flw	f19,-748(x18)	 f18:0x00102000 f19=0x00000000 PA:0x00101d14 store:0x3f800031
e0099953	fclass.s	x18,f19	 f19:0x00102000 x18=0x00000010
cf2daa23	sw	x18,-780(x27)	 x27:0x00102000 x18:0x00000010 PA:0x00101cf4 store:0x00000010 load:0x00000000
b01fe0ef	jal	x1,1000a0	  x1=0x001015a4
00054803	lbu	x16,0(x10)	 x10:0x00101af8 x16=0x0000000a PA:0x00101af8 store:0x00000000
06080663	beq	x16,x0,100110	 x16:0x0000000a  x0:0x00000000
000207b7	lui	x15,0x20	 x15=0x00020000
0107a023	sw	x16,0(x15)	 x15:0x00020000 x16:0x0000000a PA:0x00020000 store:0x0000000a load:0x00000000
00154703	lbu	x14,1(x10)	 x10:0x00101af8 x14=0x00000020 PA:0x00101af9 store:0x001015a4
04070e63	beq	x14,x0,100110	 x14:0x00000020  x0:0x00000000
00e7a023	sw	x14,0(x15)	 x15:0x00020000 x14:0x00000020 PA:0x00020000 store:0x00000020 load:0x00000000
00254283	lbu	x5,2(x10)	 x10:0x00101af8  x5=0x00000045 PA:0x00101afa store:0x00137fa0
04028863	beq	x5,x0,100110	  x5:0x00000045  x0:0x00000000
0057a023	sw	x5,0(x15)	 x15:0x00020000  x5:0x00000045 PA:0x00020000 store:0x00000045 load:0x00000000
00354303	lbu	x6,3(x10)	 x10:0x00101af8  x6=0x00000078 PA:0x00101afb store:0x00000000
04030263	beq	x6,x0,100110	  x6:0x00000078  x0:0x00000000
0067a023	sw	x6,0(x15)	 x15:0x00020000  x6:0x00000078 PA:0x00020000 store:0x00000078 load:0x00000000
00454383	lbu	x7,4(x10)	 x10:0x00101af8  x7=0x00000070 PA:0x00101afc store:0x00000000
02038c63	beq	x7,x0,100110	  x7:0x00000070  x0:0x00000000
0077a023	sw	x7,0(x15)	 x15:0x00020000  x7:0x00000070 PA:0x00020000 store:0x00000070 load:0x00000000
00554583	lbu	x11,5(x10)	 x10:0x00101af8 x11=0x00000065 PA:0x00101afd store:0x00000045
02058663	beq	x11,x0,100110	 x11:0x00000065  x0:0x00000000
00b7a023	sw	x11,0(x15)	 x15:0x00020000 x11:0x00000065 PA:0x00020000 store:0x00000065 load:0x00000000
00654603	lbu	x12,6(x10)	 x10:0x00101af8 x12=0x00000063 PA:0x00101afe store:0x00000078
02060063	beq	x12,x0,100110	 x12:0x00000063  x0:0x00000000
00c7a023	sw	x12,0(x15)	 x15:0x00020000 x12:0x00000063 PA:0x00020000 store:0x00000063 load:0x00000000
00754683	lbu	x13,7(x10)	 x10:0x00101af8 x13=0x00000074 PA:0x00101aff store:0x00000070
00850513	addi	x10,x10,8	 x10:0x00101af8 x10=0x00101b00
00068863	beq	x13,x0,100110	 x13:0x00000074  x0:0x00000000
00d7a023	sw	x13,0(x15)	 x15:0x00020000 x13:0x00000074 PA:0x00020000 store:0x00000074 load:0x00000000
00054803	lbu	x16,0(x10)	 x10:0x00101b00 x16=0x00000069 PA:0x00101b00 store:0x00000000
fa0810e3	bne	x16,x0,1000ac	 x16:0x00000069  x0:0x00000000
0107a023	sw	x16,0(x15)	 x15:0x00020000 x16:0x00000069 PA:0x00020000 store:0x00000069 load:0x00000000
00154703	lbu	x14,1(x10)	 x10:0x00101b00 x14=0x0000006e PA:0x00101b01 store:0x001015a4
04070e63	beq	x14,x0,100110	 x14:0x0000006e  x0:0x00000000
00e7a023	sw	x14,0(x15)	 x15:0x00020000 x14:0x0000006e PA:0x00020000 store:0x0000006e load:0x00000000
00254283	lbu	x5,2(x10)	 x10:0x00101b00  x5=0x00000067 PA:0x00101b02 store:0x00137fa0
04028863	beq	x5,x0,100110	  x5:0x00000067  x0:0x00000000
0057a023	sw	x5,0(x15)	 x15:0x00020000  x5:0x00000067 PA:0x00020000 store:0x00000067 load:0x00000000
00354303	lbu	x6,3(x10)	 x10:0x00101b00  x6=0x00000020 PA:0x00101b03 store:0x00000000
04030263	beq	x6,x0,100110	  x6:0x00000020  x0:0x00000000
0067a023	sw	x6,0(x15)	 x15:0x00020000  x6:0x00000020 PA:0x00020000 store:0x00000020 load:0x00000000
00454383	lbu	x7,4(x10)	 x10:0x00101b00  x7=0x00000030 PA:0x00101b04 store:0x00000000
02038c63	beq	x7,x0,100110	  x7:0x00000030  x0:0x00000000
0077a023	sw	x7,0(x15)	 x15:0x00020000  x7:0x00000030 PA:0x00020000 store:0x00000030 load:0x00000000
00554583	lbu	x11,5(x10)	 x10:0x00101b00 x11=0x00000078 PA:0x00101b05 store:0x00000067
02058663	beq	x11,x0,100110	 x11:0x00000078  x0:0x00000000
00b7a023	sw	x11,0(x15)	 x15:0x00020000 x11:0x00000078 PA:0x00020000 store:0x00000078 load:0x00000000
00654603	lbu	x12,6(x10)	 x10:0x00101b00 x12=0x00000031 PA:0x00101b06 store:0x00000020
02060063	beq	x12,x0,100110	 x12:0x00000031  x0:0x00000000
00c7a023	sw	x12,0(x15)	 x15:0x00020000 x12:0x00000031 PA:0x00020000 store:0x00000031 load:0x00000000
00754683	lbu	x13,7(x10)	 x10:0x00101b00 x13=0x00000030 PA:0x00101b07 store:0x00000030
00850513	addi	x10,x10,8	 x10:0x00101b00 x10=0x00101b08
00068863	beq	x13,x0,100110	 x13:0x00000030  x0:0x00000000
00d7a023	sw	x13,0(x15)	 x15:0x00020000 x13:0x00000030 PA:0x00020000 store:0x00000030 load:0x00000000
00054803	lbu	x16,0(x10)	 x10:0x00101b08 x16=0x0000003a PA:0x00101b08 store:0x00000000
fa0810e3	bne	x16,x0,1000ac	 x16:0x0000003a  x0:0x00000000
0107a023	sw	x16,0(x15)	 x15:0x00020000 x16:0x0000003a PA:0x00020000 store:0x0000003a load:0x00000000
00154703	lbu	x14,1(x10)	 x10:0x00101b08 x14=0x00000020 PA:0x00101b09 store:0x001015a4
04070e63	beq	x14,x0,100110	 x14:0x00000020  x0:0x00000000
00e7a023	sw	x14,0(x15)	 x15:0x00020000 x14:0x00000020 PA:0x00020000 store:0x00000020 load:0x00000000
00254283	lbu	x5,2(x10)	 x10:0x00101b08  x5=0x00000000 PA:0x00101b0a store:0x00137fa0
04028863	beq	x5,x0,100110	  x5:0x00000000  x0:0x00000000
00000513	addi	x10,x0,0	  x0:0x00000000 x10=0x00000000
00008067	jalr	x0,0(x1)	  x1:0x001015a4  x0=0x00000000
cf4da503	lw	x10,-780(x27)	 x27:0x00102000 x10=0x00000010 PA:0x00101cf4 store:0x00102000
00102437	lui	x8,0x102	  x8=0x00102000
00102c37	lui	x24,0x102	 x24=0x00102000
b71fe0ef	jal	x1,100120	  x1=0x001015b4
01c55793	srli	x15,x10,0x1c	 x10:0x00000010 x15=0x00000000
00900713	addi	x14,x0,9	  x0:0x00000000 x14=0x00000009
0cf77a63	bgeu	x14,x15,1001fc	 x14:0x00000009 x15:0x00000000
03078393	addi	x7,x15,48	 x15:0x00000000  x7=0x00000030
000205b7	lui	x11,0x20	 x11=0x00020000
00451613	slli	x12,x10,0x4	 x10:0x00000010 x12=0x00000100
0075a023	sw	x7,0(x11)	 x11:0x00020000  x7:0x00000030 PA:0x00020000 store:0x00000030 load:0x00000000
01c65693	srli	x13,x12,0x1c	 x12:0x00000100 x13=0x00000000
00900813	addi	x16,x0,9	  x0:0x00000000 x16=0x00000009
f2d86ae3	bltu	x16,x13,100148	 x16:0x00000009 x13:0x00000000
03068e93	addi	x29,x13,48	 x13:0x00000000 x29=0x00000030
00020f37	lui	x30,0x20	 x30=0x00020000
00851f93	slli	x31,x10,0x8	 x10:0x00000010 x31=0x00001000
01df2023	sw	x29,0(x30)	 x30:0x00020000 x29:0x00000030 PA:0x00020000 store:0x00000030 load:0x00000000
01cfd793	srli	x15,x31,0x1c	 x31:0x00001000 x15=0x00000000
00900713	addi	x14,x0,9	  x0:0x00000000 x14=0x00000009
f2f76ae3	bltu	x14,x15,100164	 x14:0x00000009 x15:0x00000000
03078393	addi	x7,x15,48	 x15:0x00000000  x7=0x00000030
000205b7	lui	x11,0x20	 x11=0x00020000
00c51613	slli	x12,x10,0xc	 x10:0x00000010 x12=0x00010000
0075a023	sw	x7,0(x11)	 x11:0x00020000  x7:0x00000030 PA:0x00020000 store:0x00000030 load:0x00000000
01c65693	srli	x13,x12,0x1c	 x12:0x00010000 x13=0x00000000
00900813	addi	x16,x0,9	  x0:0x00000000 x16=0x00000009
f2d86ae3	bltu	x16,x13,100180	 x16:0x00000009 x13:0x00000000
03068e93	addi	x29,x13,48	 x13:0x00000000 x29=0x00000030
00020f37	lui	x30,0x20	 x30=0x00020000
01051f93	slli	x31,x10,0x10	 x10:0x00000010 x31=0x00100000
01df2023	sw	x29,0(x30)	 x30:0x00020000 x29:0x00000030 PA:0x00020000 store:0x00000030 load:0x00000000
01cfd793	srli	x15,x31,0x1c	 x31:0x00100000 x15=0x00000000
00900713	addi	x14,x0,9	  x0:0x00000000 x14=0x00000009
f2f76ae3	bltu	x14,x15,10019c	 x14:0x00000009 x15:0x00000000
03078393	addi	x7,x15,48	 x15:0x00000000  x7=0x00000030
000205b7	lui	x11,0x20	 x11=0x00020000
01451613	slli	x12,x10,0x14	 x10:0x00000010 x12=0x01000000
0075a023	sw	x7,0(x11)	 x11:0x00020000  x7:0x00000030 PA:0x00020000 store:0x00000030 load:0x00000000
01c65693	srli	x13,x12,0x1c	 x12:0x01000000 x13=0x00000000
00900813	addi	x16,x0,9	  x0:0x00000000 x16=0x00000009
f2d86ae3	bltu	x16,x13,1001b8	 x16:0x00000009 x13:0x00000000
03068e93	addi	x29,x13,48	 x13:0x00000000 x29=0x00000030
00020f37	lui	x30,0x20	 x30=0x00020000
01851f93	slli	x31,x10,0x18	 x10:0x00000010 x31=0x10000000
01df2023	sw	x29,0(x30)	 x30:0x00020000 x29:0x00000030 PA:0x00020000 store:0x00000030 load:0x00000000
01cfd793	srli	x15,x31,0x1c	 x31:0x10000000 x15=0x00000001
00900713	addi	x14,x0,9	  x0:0x00000000 x14=0x00000009
f2f76ae3	bltu	x14,x15,1001d4	 x14:0x00000009 x15:0x00000001
03078393	addi	x7,x15,48	 x15:0x00000001  x7=0x00000031
000205b7	lui	x11,0x20	 x11=0x00020000
0075a023	sw	x7,0(x11)	 x11:0x00020000  x7:0x00000031 PA:0x00020000 store:0x00000031 load:0x00000000
00f57513	andi	x10,x10,15	 x10:0x00000010 x10=0x00000000
00900613	addi	x12,x0,9	  x0:0x00000000 x12=0x00000009
f2a67ae3	bgeu	x12,x10,1001ec	 x12:0x00000009 x10:0x00000000
03050893	addi	x17,x10,48	 x10:0x00000000 x17=0x00000030
00020e37	lui	x28,0x20	 x28=0x00020000
011e2023	sw	x17,0(x28)	 x28:0x00020000 x17:0x00000030 PA:0x00020000 store:0x00000030 load:0x00000000
00008067	jalr	x0,0(x1)	  x1:0x001015b4  x0=0x00000000
001023b7	lui	x7,0x102	  x7=0x00102000
9503a407	flw	f8,-1712(x7)	  f7:0x00102000  f8=0x00000000 PA:0x00101950 store:0x80000047
001025b7	lui	x11,0x102	 x11=0x00102000
00102637	lui	x12,0x102	 x12=0x00102000
d085a827	fsw	f8,-752(x11)	 f11:0x00102000  f8:0x00102000 PA:0x00101d10 store:0x00000047 load:0x00000047
b0c60513	addi	x10,x12,-1268	 x12:0x00102000 x10=0x00101b0c
d105aa07	flw	f20,-752(x11)	 f11:0x00102000 f20=0x00000000 PA:0x00101d10 store:0x80000047
e00a1853	fclass.s	x16,f20	 f20:0x00102000 x16=0x00000020
cf0d2823	sw	x16,-784(x26)	 x26:0x00102000 x16:0x00000020 PA:0x00101cf0 store:0x00000020 load:0x00000047
ac9fe0ef	jal	x1,1000a0	  x1=0x001015dc
00054803	lbu	x16,0(x10)	 x10:0x00101b0c x16=0x0000000a PA:0x00101b0c store:0x00000000
06080663	beq	x16,x0,100110	 x16:0x0000000a  x0:0x00000000
000207b7	lui	x15,0x20	 x15=0x00020000
0107a023	sw	x16,0(x15)	 x15:0x00020000 x16:0x0000000a PA:0x00020000 store:0x0000000a load:0x00000000
00154703	lbu	x14,1(x10)	 x10:0x00101b0c x14=0x00000020 PA:0x00101b0d store:0x001015dc
04070e63	beq	x14,x0,100110	 x14:0x00000020  x0:0x00000000
00e7a023	sw	x14,0(x15)	 x15:0x00020000 x14:0x00000020 PA:0x00020000 store:0x00000020 load:0x00000000
00254283	lbu	x5,2(x10)	 x10:0x00101b0c  x5=0x00000045 PA:0x00101b0e store:0x00137fa0
04028863	beq	x5,x0,100110	  x5:0x00000045  x0:0x00000000
0057a023	sw	x5,0(x15)	 x15:0x00020000  x5:0x00000045 PA:0x00020000 store:0x00000045 load:0x00000000
00354303	lbu	x6,3(x10)	 x10:0x00101b0c  x6=0x00000078 PA:0x00101b0f store:0x00000000
04030263	beq	x6,x0,100110	  x6:0x00000078  x0:0x00000000
0067a023	sw	x6,0(x15)	 x15:0x00020000  x6:0x00000078 PA:0x00020000 store:0x00000078 load:0x00000000
00454383	lbu	x7,4(x10)	 x10:0x00101b0c  x7=0x00000070 PA:0x00101b10 store:0x00000000
02038c63	beq	x7,x0,100110	  x7:0x00000070  x0:0x00000000
0077a023	sw	x7,0(x15)	 x15:0x00020000  x7:0x00000070 PA:0x00020000 store:0x00000070 load:0x00000000
00554583	lbu	x11,5(x10)	 x10:0x00101b0c x11=0x00000065 PA:0x00101b11 store:0x00000045
02058663	beq	x11,x0,100110	 x11:0x00000065  x0:0x00000000
00b7a023	sw	x11,0(x15)	 x15:0x00020000 x11:0x00000065 PA:0x00020000 store:0x00000065 load:0x00000000
00654603	lbu	x12,6(x10)	 x10:0x00101b0c x12=0x00000063 PA:0x00101b12 store:0x00000078
02060063	beq	x12,x0,100110	 x12:0x00000063  x0:0x00000000
00c7a023	sw	x12,0(x15)	 x15:0x00020000 x12:0x00000063 PA:0x00020000 store:0x00000063 load:0x00000000
00754683	lbu	x13,7(x10)	 x10:0x00101b0c x13=0x00000074 PA:0x00101b13 store:0x00000070
00850513	addi	x10,x10,8	 x10:0x00101b0c x10=0x00101b14
00068863	beq	x13,x0,100110	 x13:0x00000074  x0:0x00000000
00d7a023	sw	x13,0(x15)	 x15:0x00020000 x13:0x00000074 PA:0x00020000 store:0x00000074 load:0x00000000
00054803	lbu	x16,0(x10)	 x10:0x00101b14 x16=0x00000069 PA:0x00101b14 store:0x00000000
fa0810e3	bne	x16,x0,1000ac	 x16:0x00000069  x0:0x00000000
0107a023	sw	x16,0(x15)	 x15:0x00020000 x16:0x00000069 PA:0x00020000 store:0x00000069 load:0x00000000
00154703	lbu	x14,1(x10)	 x10:0x00101b14 x14=0x0000006e PA:0x00101b15 store:0x001015dc
04070e63	beq	x14,x0,100110	 x14:0x0000006e  x0:0x00000000
00e7a023	sw	x14,0(x15)	 x15:0x00020000 x14:0x0000006e PA:0x00020000 store:0x0000006e load:0x00000000
00254283	lbu	x5,2(x10)	 x10:0x00101b14  x5=0x00000067 PA:0x00101b16 store:0x00137fa0
04028863	beq	x5,x0,100110	  x5:0x00000067  x0:0x00000000
0057a023	sw	x5,0(x15)	 x15:0x00020000  x5:0x00000067 PA:0x00020000 store:0x00000067 load:0x00000000
00354303	lbu	x6,3(x10)	 x10:0x00101b14  x6=0x00000020 PA:0x00101b17 store:0x00000000
04030263	beq	x6,x0,100110	  x6:0x00000020  x0:0x00000000
0067a023	sw	x6,0(x15)	 x15:0x00020000  x6:0x00000020 PA:0x00020000 store:0x00000020 load:0x00000000
00454383	lbu	x7,4(x10)	 x10:0x00101b14  x7=0x00000030 PA:0x00101b18 store:0x00000000
02038c63	beq	x7,x0,100110	  x7:0x00000030  x0:0x00000000
0077a023	sw	x7,0(x15)	 x15:0x00020000  x7:0x00000030 PA:0x00020000 store:0x00000030 load:0x00000000
00554583	lbu	x11,5(x10)	 x10:0x00101b14 x11=0x00000078 PA:0x00101b19 store:0x00000067
02058663	beq	x11,x0,100110	 x11:0x00000078  x0:0x00000000
00b7a023	sw	x11,0(x15)	 x15:0x00020000 x11:0x00000078 PA:0x00020000 store:0x00000078 load:0x00000000
00654603	lbu	x12,6(x10)	 x10:0x00101b14 x12=0x00000032 PA:0x00101b1a store:0x00000020
02060063	beq	x12,x0,100110	 x12:0x00000032  x0:0x00000000
00c7a023	sw	x12,0(x15)	 x15:0x00020000 x12:0x00000032 PA:0x00020000 store:0x00000032 load:0x00000000
00754683	lbu	x13,7(x10)	 x10:0x00101b14 x13=0x00000030 PA:0x00101b1b store:0x00000030
00850513	addi	x10,x10,8	 x10:0x00101b14 x10=0x00101b1c
00068863	beq	x13,x0,100110	 x13:0x00000030  x0:0x00000000
00d7a023	sw	x13,0(x15)	 x15:0x00020000 x13:0x00000030 PA:0x00020000 store:0x00000030 load:0x00000000
00054803	lbu	x16,0(x10)	 x10:0x00101b1c x16=0x0000003a PA:0x00101b1c store:0x00000000
fa0810e3	bne	x16,x0,1000ac	 x16:0x0000003a  x0:0x00000000
0107a023	sw	x16,0(x15)	 x15:0x00020000 x16:0x0000003a PA:0x00020000 store:0x0000003a load:0x00000000
00154703	lbu	x14,1(x10)	 x10:0x00101b1c x14=0x00000020 PA:0x00101b1d store:0x001015dc
04070e63	beq	x14,x0,100110	 x14:0x00000020  x0:0x00000000
00e7a023	sw	x14,0(x15)	 x15:0x00020000 x14:0x00000020 PA:0x00020000 store:0x00000020 load:0x00000000
00254283	lbu	x5,2(x10)	 x10:0x00101b1c  x5=0x00000000 PA:0x00101b1e store:0x00137fa0
04028863	beq	x5,x0,100110	  x5:0x00000000  x0:0x00000000
00000513	addi	x10,x0,0	  x0:0x00000000 x10=0x00000000
00008067	jalr	x0,0(x1)	  x1:0x001015dc  x0=0x00000000
cf0d2503	lw	x10,-784(x26)	 x26:0x00102000 x10=0x00000020 PA:0x00101cf0 store:0x0000003a
b41fe0ef	jal	x1,100120	  x1=0x001015e4
01c55793	srli	x15,x10,0x1c	 x10:0x00000020 x15=0x00000000
00900713	addi	x14,x0,9	  x0:0x00000000 x14=0x00000009
0cf77a63	bgeu	x14,x15,1001fc	 x14:0x00000009 x15:0x00000000
03078393	addi	x7,x15,48	 x15:0x00000000  x7=0x00000030
000205b7	lui	x11,0x20	 x11=0x00020000
00451613	slli	x12,x10,0x4	 x10:0x00000020 x12=0x00000200
0075a023	sw	x7,0(x11)	 x11:0x00020000  x7:0x00000030 PA:0x00020000 store:0x00000030 load:0x00000000
01c65693	srli	x13,x12,0x1c	 x12:0x00000200 x13=0x00000000
00900813	addi	x16,x0,9	  x0:0x00000000 x16=0x00000009
f2d86ae3	bltu	x16,x13,100148	 x16:0x00000009 x13:0x00000000
03068e93	addi	x29,x13,48	 x13:0x00000000 x29=0x00000030
00020f37	lui	x30,0x20	 x30=0x00020000
00851f93	slli	x31,x10,0x8	 x10:0x00000020 x31=0x00002000
01df2023	sw	x29,0(x30)	 x30:0x00020000 x29:0x00000030 PA:0x00020000 store:0x00000030 load:0x00000000
01cfd793	srli	x15,x31,0x1c	 x31:0x00002000 x15=0x00000000
00900713	addi	x14,x0,9	  x0:0x00000000 x14=0x00000009
f2f76ae3	bltu	x14,x15,100164	 x14:0x00000009 x15:0x00000000
03078393	addi	x7,x15,48	 x15:0x00000000  x7=0x00000030
000205b7	lui	x11,0x20	 x11=0x00020000
00c51613	slli	x12,x10,0xc	 x10:0x00000020 x12=0x00020000
0075a023	sw	x7,0(x11)	 x11:0x00020000  x7:0x00000030 PA:0x00020000 store:0x00000030 load:0x00000000
01c65693	srli	x13,x12,0x1c	 x12:0x00020000 x13=0x00000000
00900813	addi	x16,x0,9	  x0:0x00000000 x16=0x00000009
f2d86ae3	bltu	x16,x13,100180	 x16:0x00000009 x13:0x00000000
03068e93	addi	x29,x13,48	 x13:0x00000000 x29=0x00000030
00020f37	lui	x30,0x20	 x30=0x00020000
01051f93	slli	x31,x10,0x10	 x10:0x00000020 x31=0x00200000
01df2023	sw	x29,0(x30)	 x30:0x00020000 x29:0x00000030 PA:0x00020000 store:0x00000030 load:0x00000000
01cfd793	srli	x15,x31,0x1c	 x31:0x00200000 x15=0x00000000
00900713	addi	x14,x0,9	  x0:0x00000000 x14=0x00000009
f2f76ae3	bltu	x14,x15,10019c	 x14:0x00000009 x15:0x00000000
03078393	addi	x7,x15,48	 x15:0x00000000  x7=0x00000030
000205b7	lui	x11,0x20	 x11=0x00020000
01451613	slli	x12,x10,0x14	 x10:0x00000020 x12=0x02000000
0075a023	sw	x7,0(x11)	 x11:0x00020000  x7:0x00000030 PA:0x00020000 store:0x00000030 load:0x00000000
01c65693	srli	x13,x12,0x1c	 x12:0x02000000 x13=0x00000000
00900813	addi	x16,x0,9	  x0:0x00000000 x16=0x00000009
f2d86ae3	bltu	x16,x13,1001b8	 x16:0x00000009 x13:0x00000000
03068e93	addi	x29,x13,48	 x13:0x00000000 x29=0x00000030
00020f37	lui	x30,0x20	 x30=0x00020000
01851f93	slli	x31,x10,0x18	 x10:0x00000020 x31=0x20000000
01df2023	sw	x29,0(x30)	 x30:0x00020000 x29:0x00000030 PA:0x00020000 store:0x00000030 load:0x00000000
01cfd793	srli	x15,x31,0x1c	 x31:0x20000000 x15=0x00000002
00900713	addi	x14,x0,9	  x0:0x00000000 x14=0x00000009
f2f76ae3	bltu	x14,x15,1001d4	 x14:0x00000009 x15:0x00000002
03078393	addi	x7,x15,48	 x15:0x00000002  x7=0x00000032
000205b7	lui	x11,0x20	 x11=0x00020000
0075a023	sw	x7,0(x11)	 x11:0x00020000  x7:0x00000032 PA:0x00020000 store:0x00000032 load:0x00000000
00f57513	andi	x10,x10,15	 x10:0x00000020 x10=0x00000000
00900613	addi	x12,x0,9	  x0:0x00000000 x12=0x00000009
f2a67ae3	bgeu	x12,x10,1001ec	 x12:0x00000009 x10:0x00000000
03050893	addi	x17,x10,48	 x10:0x00000000 x17=0x00000030
00020e37	lui	x28,0x20	 x28=0x00020000
011e2023	sw	x17,0(x28)	 x28:0x00020000 x17:0x00000030 PA:0x00020000 store:0x00000030 load:0x00000000
00008067	jalr	x0,0(x1)	  x1:0x001015e4  x0=0x00000000
001028b7	lui	x17,0x102	 x17=0x00102000
9548aa87	flw	f21,-1708(x17)	 f17:0x00102000 f21=0x00000000 PA:0x00101954 store:0x00000047
00102e37	lui	x28,0x102	 x28=0x00102000
b20e0513	addi	x10,x28,-1248	 x28:0x00102000 x10=0x00101b20
d15b2627	fsw	f21,-756(x22)	 f22:0x00102000 f21:0x00102000 PA:0x00101d0c store:0x4019999a load:0x4019999a
d0cb2e07	flw	f28,-756(x22)	 f22:0x00102000 f28=0x00000000 PA:0x00101d0c store:0xc06d7f2b
e00e1b53	fclass.s	x22,f28	 f28:0x00102000 x22=0x00000040
cf6a2c23	sw	x22,-776(x20)	 x20:0x00102000 x22:0x00000040 PA:0x00101cf8 store:0x00000040 load:0x4019999a
a9dfe0ef	jal	x1,1000a0	  x1=0x00101608
00054803	lbu	x16,0(x10)	 x10:0x00101b20 x16=0x0000000a PA:0x00101b20 store:0x00000000
06080663	beq	x16,x0,100110	 x16:0x0000000a  x0:0x00000000
000207b7	lui	x15,0x20	 x15=0x00020000
0107a023	sw	x16,0(x15)	 x15:0x00020000 x16:0x0000000a PA:0x00020000 store:0x0000000a load:0x00000000
00154703	lbu	x14,1(x10)	 x10:0x00101b20 x14=0x00000020 PA:0x00101b21 store:0x00101608
04070e63	beq	x14,x0,100110	 x14:0x00000020  x0:0x00000000
00e7a023	sw	x14,0(x15)	 x15:0x00020000 x14:0x00000020 PA:0x00020000 store:0x00000020 load:0x00000000
00254283	lbu	x5,2(x10)	 x10:0x00101b20  x5=0x00000045 PA:0x00101b22 store:0x00137fa0
04028863	beq	x5,x0,100110	  x5:0x00000045  x0:0x00000000
0057a023	sw	x5,0(x15)	 x15:0x00020000  x5:0x00000045 PA:0x00020000 store:0x00000045 load:0x00000000
00354303	lbu	x6,3(x10)	 x10:0x00101b20  x6=0x00000078 PA:0x00101b23 store:0x00000000
04030263	beq	x6,x0,100110	  x6:0x00000078  x0:0x00000000
0067a023	sw	x6,0(x15)	 x15:0x00020000  x6:0x00000078 PA:0x00020000 store:0x00000078 load:0x00000000
00454383	lbu	x7,4(x10)	 x10:0x00101b20  x7=0x00000070 PA:0x00101b24 store:0x00000000
02038c63	beq	x7,x0,100110	  x7:0x00000070  x0:0x00000000
0077a023	sw	x7,0(x15)	 x15:0x00020000  x7:0x00000070 PA:0x00020000 store:0x00000070 load:0x00000000
00554583	lbu	x11,5(x10)	 x10:0x00101b20 x11=0x00000065 PA:0x00101b25 store:0x00000045
02058663	beq	x11,x0,100110	 x11:0x00000065  x0:0x00000000
00b7a023	sw	x11,0(x15)	 x15:0x00020000 x11:0x00000065 PA:0x00020000 store:0x00000065 load:0x00000000
00654603	lbu	x12,6(x10)	 x10:0x00101b20 x12=0x00000063 PA:0x00101b26 store:0x00000078
02060063	beq	x12,x0,100110	 x12:0x00000063  x0:0x00000000
00c7a023	sw	x12,0(x15)	 x15:0x00020000 x12:0x00000063 PA:0x00020000 store:0x00000063 load:0x00000000
00754683	lbu	x13,7(x10)	 x10:0x00101b20 x13=0x00000074 PA:0x00101b27 store:0x00000070
00850513	addi	x10,x10,8	 x10:0x00101b20 x10=0x00101b28
00068863	beq	x13,x0,100110	 x13:0x00000074  x0:0x00000000
00d7a023	sw	x13,0(x15)	 x15:0x00020000 x13:0x00000074 PA:0x00020000 store:0x00000074 load:0x00000000
00054803	lbu	x16,0(x10)	 x10:0x00101b28 x16=0x00000069 PA:0x00101b28 store:0x00000000
fa0810e3	bne	x16,x0,1000ac	 x16:0x00000069  x0:0x00000000
0107a023	sw	x16,0(x15)	 x15:0x00020000 x16:0x00000069 PA:0x00020000 store:0x00000069 load:0x00000000
00154703	lbu	x14,1(x10)	 x10:0x00101b28 x14=0x0000006e PA:0x00101b29 store:0x00101608
04070e63	beq	x14,x0,100110	 x14:0x0000006e  x0:0x00000000
00e7a023	sw	x14,0(x15)	 x15:0x00020000 x14:0x0000006e PA:0x00020000 store:0x0000006e load:0x00000000
00254283	lbu	x5,2(x10)	 x10:0x00101b28  x5=0x00000067 PA:0x00101b2a store:0x00137fa0
04028863	beq	x5,x0,100110	  x5:0x00000067  x0:0x00000000
0057a023	sw	x5,0(x15)	 x15:0x00020000  x5:0x00000067 PA:0x00020000 store:0x00000067 load:0x00000000
00354303	lbu	x6,3(x10)	 x10:0x00101b28  x6=0x00000020 PA:0x00101b2b store:0x00000000
04030263	beq	x6,x0,100110	  x6:0x00000020  x0:0x00000000
0067a023	sw	x6,0(x15)	 x15:0x00020000  x6:0x00000020 PA:0x00020000 store:0x00000020 load:0x00000000
00454383	lbu	x7,4(x10)	 x10:0x00101b28  x7=0x00000030 PA:0x00101b2c store:0x00000000
02038c63	beq	x7,x0,100110	  x7:0x00000030  x0:0x00000000
0077a023	sw	x7,0(x15)	 x15:0x00020000  x7:0x00000030 PA:0x00020000 store:0x00000030 load:0x00000000
00554583	lbu	x11,5(x10)	 x10:0x00101b28 x11=0x00000078 PA:0x00101b2d store:0x00000067
02058663	beq	x11,x0,100110	 x11:0x00000078  x0:0x00000000
00b7a023	sw	x11,0(x15)	 x15:0x00020000 x11:0x00000078 PA:0x00020000 store:0x00000078 load:0x00000000
00654603	lbu	x12,6(x10)	 x10:0x00101b28 x12=0x00000034 PA:0x00101b2e store:0x00000020
02060063	beq	x12,x0,100110	 x12:0x00000034  x0:0x00000000
00c7a023	sw	x12,0(x15)	 x15:0x00020000 x12:0x00000034 PA:0x00020000 store:0x00000034 load:0x00000000
00754683	lbu	x13,7(x10)	 x10:0x00101b28 x13=0x00000030 PA:0x00101b2f store:0x00000030
00850513	addi	x10,x10,8	 x10:0x00101b28 x10=0x00101b30
00068863	beq	x13,x0,100110	 x13:0x00000030  x0:0x00000000
00d7a023	sw	x13,0(x15)	 x15:0x00020000 x13:0x00000030 PA:0x00020000 store:0x00000030 load:0x00000000
00054803	lbu	x16,0(x10)	 x10:0x00101b30 x16=0x0000003a PA:0x00101b30 store:0x00000000
fa0810e3	bne	x16,x0,1000ac	 x16:0x0000003a  x0:0x00000000
0107a023	sw	x16,0(x15)	 x15:0x00020000 x16:0x0000003a PA:0x00020000 store:0x0000003a load:0x00000000
00154703	lbu	x14,1(x10)	 x10:0x00101b30 x14=0x00000020 PA:0x00101b31 store:0x00101608
04070e63	beq	x14,x0,100110	 x14:0x00000020  x0:0x00000000
00e7a023	sw	x14,0(x15)	 x15:0x00020000 x14:0x00000020 PA:0x00020000 store:0x00000020 load:0x00000000
00254283	lbu	x5,2(x10)	 x10:0x00101b30  x5=0x00000000 PA:0x00101b32 store:0x00137fa0
04028863	beq	x5,x0,100110	  x5:0x00000000  x0:0x00000000
00000513	addi	x10,x0,0	  x0:0x00000000 x10=0x00000000
00008067	jalr	x0,0(x1)	  x1:0x00101608  x0=0x00000000
cf8a2503	lw	x10,-776(x20)	 x20:0x00102000 x10=0x00000040 PA:0x00101cf8 store:0x00102000
b15fe0ef	jal	x1,100120	  x1=0x00101610
01c55793	srli	x15,x10,0x1c	 x10:0x00000040 x15=0x00000000
00900713	addi	x14,x0,9	  x0:0x00000000 x14=0x00000009
0cf77a63	bgeu	x14,x15,1001fc	 x14:0x00000009 x15:0x00000000
03078393	addi	x7,x15,48	 x15:0x00000000  x7=0x00000030
000205b7	lui	x11,0x20	 x11=0x00020000
00451613	slli	x12,x10,0x4	 x10:0x00000040 x12=0x00000400
0075a023	sw	x7,0(x11)	 x11:0x00020000  x7:0x00000030 PA:0x00020000 store:0x00000030 load:0x00000000
01c65693	srli	x13,x12,0x1c	 x12:0x00000400 x13=0x00000000
00900813	addi	x16,x0,9	  x0:0x00000000 x16=0x00000009
f2d86ae3	bltu	x16,x13,100148	 x16:0x00000009 x13:0x00000000
03068e93	addi	x29,x13,48	 x13:0x00000000 x29=0x00000030
00020f37	lui	x30,0x20	 x30=0x00020000
00851f93	slli	x31,x10,0x8	 x10:0x00000040 x31=0x00004000
01df2023	sw	x29,0(x30)	 x30:0x00020000 x29:0x00000030 PA:0x00020000 store:0x00000030 load:0x00000000
01cfd793	srli	x15,x31,0x1c	 x31:0x00004000 x15=0x00000000
00900713	addi	x14,x0,9	  x0:0x00000000 x14=0x00000009
f2f76ae3	bltu	x14,x15,100164	 x14:0x00000009 x15:0x00000000
03078393	addi	x7,x15,48	 x15:0x00000000  x7=0x00000030
000205b7	lui	x11,0x20	 x11=0x00020000
00c51613	slli	x12,x10,0xc	 x10:0x00000040 x12=0x00040000
0075a023	sw	x7,0(x11)	 x11:0x00020000  x7:0x00000030 PA:0x00020000 store:0x00000030 load:0x00000000
01c65693	srli	x13,x12,0x1c	 x12:0x00040000 x13=0x00000000
00900813	addi	x16,x0,9	  x0:0x00000000 x16=0x00000009
f2d86ae3	bltu	x16,x13,100180	 x16:0x00000009 x13:0x00000000
03068e93	addi	x29,x13,48	 x13:0x00000000 x29=0x00000030
00020f37	lui	x30,0x20	 x30=0x00020000
01051f93	slli	x31,x10,0x10	 x10:0x00000040 x31=0x00400000
01df2023	sw	x29,0(x30)	 x30:0x00020000 x29:0x00000030 PA:0x00020000 store:0x00000030 load:0x00000000
01cfd793	srli	x15,x31,0x1c	 x31:0x00400000 x15=0x00000000
00900713	addi	x14,x0,9	  x0:0x00000000 x14=0x00000009
f2f76ae3	bltu	x14,x15,10019c	 x14:0x00000009 x15:0x00000000
03078393	addi	x7,x15,48	 x15:0x00000000  x7=0x00000030
000205b7	lui	x11,0x20	 x11=0x00020000
01451613	slli	x12,x10,0x14	 x10:0x00000040 x12=0x04000000
0075a023	sw	x7,0(x11)	 x11:0x00020000  x7:0x00000030 PA:0x00020000 store:0x00000030 load:0x00000000
01c65693	srli	x13,x12,0x1c	 x12:0x04000000 x13=0x00000000
00900813	addi	x16,x0,9	  x0:0x00000000 x16=0x00000009
f2d86ae3	bltu	x16,x13,1001b8	 x16:0x00000009 x13:0x00000000
03068e93	addi	x29,x13,48	 x13:0x00000000 x29=0x00000030
00020f37	lui	x30,0x20	 x30=0x00020000
01851f93	slli	x31,x10,0x18	 x10:0x00000040 x31=0x40000000
01df2023	sw	x29,0(x30)	 x30:0x00020000 x29:0x00000030 PA:0x00020000 store:0x00000030 load:0x00000000
01cfd793	srli	x15,x31,0x1c	 x31:0x40000000 x15=0x00000004
00900713	addi	x14,x0,9	  x0:0x00000000 x14=0x00000009
f2f76ae3	bltu	x14,x15,1001d4	 x14:0x00000009 x15:0x00000004
03078393	addi	x7,x15,48	 x15:0x00000004  x7=0x00000034
000205b7	lui	x11,0x20	 x11=0x00020000
0075a023	sw	x7,0(x11)	 x11:0x00020000  x7:0x00000034 PA:0x00020000 store:0x00000034 load:0x00000000
00f57513	andi	x10,x10,15	 x10:0x00000040 x10=0x00000000
00900613	addi	x12,x0,9	  x0:0x00000000 x12=0x00000009
f2a67ae3	bgeu	x12,x10,1001ec	 x12:0x00000009 x10:0x00000000
03050893	addi	x17,x10,48	 x10:0x00000000 x17=0x00000030
00020e37	lui	x28,0x20	 x28=0x00020000
011e2023	sw	x17,0(x28)	 x28:0x00020000 x17:0x00000030 PA:0x00020000 store:0x00000030 load:0x00000000
00008067	jalr	x0,0(x1)	  x1:0x00101610  x0=0x00000000
7f800eb7	lui	x29,0x7f800	 x29=0x7f800000
cfddaa23	sw	x29,-780(x27)	 x27:0x00102000 x29:0x7f800000 PA:0x00101cf4 store:0x7f800000 load:0x00000040
cf4daf03	lw	x30,-780(x27)	 x27:0x00102000 x30=0x7f800000 PA:0x00101cf4 store:0x00102000
f00f0ed3	fmv.w.x	f29,x30	 x30:0x7f800000 f29=0x00000000
d1d9a427	fsw	f29,-760(x19)	 f19:0x00102000 f29:0x7f800000 PA:0x00101d08 store:0x7f800000 load:0x7f800000
d089af07	flw	f30,-760(x19)	 f19:0x00102000 f30=0x00000000 PA:0x00101d08 store:0x00000047
00102fb7	lui	x31,0x102	 x31=0x00102000
b34f8513	addi	x10,x31,-1228	 x31:0x00102000 x10=0x00101b34
e00f19d3	fclass.s	x19,f30	 f30:0x7f800000 x19=0x00000080
cf3daa23	sw	x19,-780(x27)	 x27:0x00102000 x19:0x00000080 PA:0x00101cf4 store:0x00000080 load:0x7f800000
a69fe0ef	jal	x1,1000a0	  x1=0x0010163c
00054803	lbu	x16,0(x10)	 x10:0x00101b34 x16=0x0000000a PA:0x00101b34 store:0x00000000
06080663	beq	x16,x0,100110	 x16:0x0000000a  x0:0x00000000
000207b7	lui	x15,0x20	 x15=0x00020000
0107a023	sw	x16,0(x15)	 x15:0x00020000 x16:0x0000000a PA:0x00020000 store:0x0000000a load:0x00000000
00154703	lbu	x14,1(x10)	 x10:0x00101b34 x14=0x00000020 PA:0x00101b35 store:0x0010163c
04070e63	beq	x14,x0,100110	 x14:0x00000020  x0:0x00000000
00e7a023	sw	x14,0(x15)	 x15:0x00020000 x14:0x00000020 PA:0x00020000 store:0x00000020 load:0x00000000
00254283	lbu	x5,2(x10)	 x10:0x00101b34  x5=0x00000045 PA:0x00101b36 store:0x00137fa0
04028863	beq	x5,x0,100110	  x5:0x00000045  x0:0x00000000
0057a023	sw	x5,0(x15)	 x15:0x00020000  x5:0x00000045 PA:0x00020000 store:0x00000045 load:0x00000000
00354303	lbu	x6,3(x10)	 x10:0x00101b34  x6=0x00000078 PA:0x00101b37 store:0x00000000
04030263	beq	x6,x0,100110	  x6:0x00000078  x0:0x00000000
0067a023	sw	x6,0(x15)	 x15:0x00020000  x6:0x00000078 PA:0x00020000 store:0x00000078 load:0x00000000
00454383	lbu	x7,4(x10)	 x10:0x00101b34  x7=0x00000070 PA:0x00101b38 store:0x00000000
02038c63	beq	x7,x0,100110	  x7:0x00000070  x0:0x00000000
0077a023	sw	x7,0(x15)	 x15:0x00020000  x7:0x00000070 PA:0x00020000 store:0x00000070 load:0x00000000
00554583	lbu	x11,5(x10)	 x10:0x00101b34 x11=0x00000065 PA:0x00101b39 store:0x00000045
02058663	beq	x11,x0,100110	 x11:0x00000065  x0:0x00000000
00b7a023	sw	x11,0(x15)	 x15:0x00020000 x11:0x00000065 PA:0x00020000 store:0x00000065 load:0x00000000
00654603	lbu	x12,6(x10)	 x10:0x00101b34 x12=0x00000063 PA:0x00101b3a store:0x00000078
02060063	beq	x12,x0,100110	 x12:0x00000063  x0:0x00000000
00c7a023	sw	x12,0(x15)	 x15:0x00020000 x12:0x00000063 PA:0x00020000 store:0x00000063 load:0x00000000
00754683	lbu	x13,7(x10)	 x10:0x00101b34 x13=0x00000074 PA:0x00101b3b store:0x00000070
00850513	addi	x10,x10,8	 x10:0x00101b34 x10=0x00101b3c
00068863	beq	x13,x0,100110	 x13:0x00000074  x0:0x00000000
00d7a023	sw	x13,0(x15)	 x15:0x00020000 x13:0x00000074 PA:0x00020000 store:0x00000074 load:0x00000000
00054803	lbu	x16,0(x10)	 x10:0x00101b3c x16=0x00000069 PA:0x00101b3c store:0x00000000
fa0810e3	bne	x16,x0,1000ac	 x16:0x00000069  x0:0x00000000
0107a023	sw	x16,0(x15)	 x15:0x00020000 x16:0x00000069 PA:0x00020000 store:0x00000069 load:0x00000000
00154703	lbu	x14,1(x10)	 x10:0x00101b3c x14=0x0000006e PA:0x00101b3d store:0x0010163c
04070e63	beq	x14,x0,100110	 x14:0x0000006e  x0:0x00000000
00e7a023	sw	x14,0(x15)	 x15:0x00020000 x14:0x0000006e PA:0x00020000 store:0x0000006e load:0x00000000
00254283	lbu	x5,2(x10)	 x10:0x00101b3c  x5=0x00000067 PA:0x00101b3e store:0x00137fa0
04028863	beq	x5,x0,100110	  x5:0x00000067  x0:0x00000000
0057a023	sw	x5,0(x15)	 x15:0x00020000  x5:0x00000067 PA:0x00020000 store:0x00000067 load:0x00000000
00354303	lbu	x6,3(x10)	 x10:0x00101b3c  x6=0x00000020 PA:0x00101b3f store:0x00000000
04030263	beq	x6,x0,100110	  x6:0x00000020  x0:0x00000000
0067a023	sw	x6,0(x15)	 x15:0x00020000  x6:0x00000020 PA:0x00020000 store:0x00000020 load:0x00000000
00454383	lbu	x7,4(x10)	 x10:0x00101b3c  x7=0x00000030 PA:0x00101b40 store:0x00000000
02038c63	beq	x7,x0,100110	  x7:0x00000030  x0:0x00000000
0077a023	sw	x7,0(x15)	 x15:0x00020000  x7:0x00000030 PA:0x00020000 store:0x00000030 load:0x00000000
00554583	lbu	x11,5(x10)	 x10:0x00101b3c x11=0x00000078 PA:0x00101b41 store:0x00000067
02058663	beq	x11,x0,100110	 x11:0x00000078  x0:0x00000000
00b7a023	sw	x11,0(x15)	 x15:0x00020000 x11:0x00000078 PA:0x00020000 store:0x00000078 load:0x00000000
00654603	lbu	x12,6(x10)	 x10:0x00101b3c x12=0x00000038 PA:0x00101b42 store:0x00000020
02060063	beq	x12,x0,100110	 x12:0x00000038  x0:0x00000000
00c7a023	sw	x12,0(x15)	 x15:0x00020000 x12:0x00000038 PA:0x00020000 store:0x00000038 load:0x00000000
00754683	lbu	x13,7(x10)	 x10:0x00101b3c x13=0x00000030 PA:0x00101b43 store:0x00000030
00850513	addi	x10,x10,8	 x10:0x00101b3c x10=0x00101b44
00068863	beq	x13,x0,100110	 x13:0x00000030  x0:0x00000000
00d7a023	sw	x13,0(x15)	 x15:0x00020000 x13:0x00000030 PA:0x00020000 store:0x00000030 load:0x00000000
00054803	lbu	x16,0(x10)	 x10:0x00101b44 x16=0x0000003a PA:0x00101b44 store:0x00000000
fa0810e3	bne	x16,x0,1000ac	 x16:0x0000003a  x0:0x00000000
0107a023	sw	x16,0(x15)	 x15:0x00020000 x16:0x0000003a PA:0x00020000 store:0x0000003a load:0x00000000
00154703	lbu	x14,1(x10)	 x10:0x00101b44 x14=0x00000020 PA:0x00101b45 store:0x0010163c
04070e63	beq	x14,x0,100110	 x14:0x00000020  x0:0x00000000
00e7a023	sw	x14,0(x15)	 x15:0x00020000 x14:0x00000020 PA:0x00020000 store:0x00000020 load:0x00000000
00254283	lbu	x5,2(x10)	 x10:0x00101b44  x5=0x00000000 PA:0x00101b46 store:0x00137fa0
04028863	beq	x5,x0,100110	  x5:0x00000000  x0:0x00000000
00000513	addi	x10,x0,0	  x0:0x00000000 x10=0x00000000
00008067	jalr	x0,0(x1)	  x1:0x0010163c  x0=0x00000000
cf4da503	lw	x10,-780(x27)	 x27:0x00102000 x10=0x00000080 PA:0x00101cf4 store:0x00102000
001029b7	lui	x19,0x102	 x19=0x00102000
addfe0ef	jal	x1,100120	  x1=0x00101648
01c55793	srli	x15,x10,0x1c	 x10:0x00000080 x15=0x00000000
00900713	addi	x14,x0,9	  x0:0x00000000 x14=0x00000009
0cf77a63	bgeu	x14,x15,1001fc	 x14:0x00000009 x15:0x00000000
03078393	addi	x7,x15,48	 x15:0x00000000  x7=0x00000030
000205b7	lui	x11,0x20	 x11=0x00020000
00451613	slli	x12,x10,0x4	 x10:0x00000080 x12=0x00000800
0075a023	sw	x7,0(x11)	 x11:0x00020000  x7:0x00000030 PA:0x00020000 store:0x00000030 load:0x00000000
01c65693	srli	x13,x12,0x1c	 x12:0x00000800 x13=0x00000000
00900813	addi	x16,x0,9	  x0:0x00000000 x16=0x00000009
f2d86ae3	bltu	x16,x13,100148	 x16:0x00000009 x13:0x00000000
03068e93	addi	x29,x13,48	 x13:0x00000000 x29=0x00000030
00020f37	lui	x30,0x20	 x30=0x00020000
00851f93	slli	x31,x10,0x8	 x10:0x00000080 x31=0x00008000
01df2023	sw	x29,0(x30)	 x30:0x00020000 x29:0x00000030 PA:0x00020000 store:0x00000030 load:0x00000000
01cfd793	srli	x15,x31,0x1c	 x31:0x00008000 x15=0x00000000
00900713	addi	x14,x0,9	  x0:0x00000000 x14=0x00000009
f2f76ae3	bltu	x14,x15,100164	 x14:0x00000009 x15:0x00000000
03078393	addi	x7,x15,48	 x15:0x00000000  x7=0x00000030
000205b7	lui	x11,0x20	 x11=0x00020000
00c51613	slli	x12,x10,0xc	 x10:0x00000080 x12=0x00080000
0075a023	sw	x7,0(x11)	 x11:0x00020000  x7:0x00000030 PA:0x00020000 store:0x00000030 load:0x00000000
01c65693	srli	x13,x12,0x1c	 x12:0x00080000 x13=0x00000000
00900813	addi	x16,x0,9	  x0:0x00000000 x16=0x00000009
f2d86ae3	bltu	x16,x13,100180	 x16:0x00000009 x13:0x00000000
03068e93	addi	x29,x13,48	 x13:0x00000000 x29=0x00000030
00020f37	lui	x30,0x20	 x30=0x00020000
01051f93	slli	x31,x10,0x10	 x10:0x00000080 x31=0x00800000
01df2023	sw	x29,0(x30)	 x30:0x00020000 x29:0x00000030 PA:0x00020000 store:0x00000030 load:0x00000000
01cfd793	srli	x15,x31,0x1c	 x31:0x00800000 x15=0x00000000
00900713	addi	x14,x0,9	  x0:0x00000000 x14=0x00000009
f2f76ae3	bltu	x14,x15,10019c	 x14:0x00000009 x15:0x00000000
03078393	addi	x7,x15,48	 x15:0x00000000  x7=0x00000030
000205b7	lui	x11,0x20	 x11=0x00020000
01451613	slli	x12,x10,0x14	 x10:0x00000080 x12=0x08000000
0075a023	sw	x7,0(x11)	 x11:0x00020000  x7:0x00000030 PA:0x00020000 store:0x00000030 load:0x00000000
01c65693	srli	x13,x12,0x1c	 x12:0x08000000 x13=0x00000000
00900813	addi	x16,x0,9	  x0:0x00000000 x16=0x00000009
f2d86ae3	bltu	x16,x13,1001b8	 x16:0x00000009 x13:0x00000000
03068e93	addi	x29,x13,48	 x13:0x00000000 x29=0x00000030
00020f37	lui	x30,0x20	 x30=0x00020000
01851f93	slli	x31,x10,0x18	 x10:0x00000080 x31=0x80000000
01df2023	sw	x29,0(x30)	 x30:0x00020000 x29:0x00000030 PA:0x00020000 store:0x00000030 load:0x00000000
01cfd793	srli	x15,x31,0x1c	 x31:0x80000000 x15=0x00000008
00900713	addi	x14,x0,9	  x0:0x00000000 x14=0x00000009
f2f76ae3	bltu	x14,x15,1001d4	 x14:0x00000009 x15:0x00000008
03078393	addi	x7,x15,48	 x15:0x00000008  x7=0x00000038
000205b7	lui	x11,0x20	 x11=0x00020000
0075a023	sw	x7,0(x11)	 x11:0x00020000  x7:0x00000038 PA:0x00020000 store:0x00000038 load:0x00000000
00f57513	andi	x10,x10,15	 x10:0x00000080 x10=0x00000000
00900613	addi	x12,x0,9	  x0:0x00000000 x12=0x00000009
f2a67ae3	bgeu	x12,x10,1001ec	 x12:0x00000009 x10:0x00000000
03050893	addi	x17,x10,48	 x10:0x00000000 x17=0x00000030
00020e37	lui	x28,0x20	 x28=0x00020000
011e2023	sw	x17,0(x28)	 x28:0x00020000 x17:0x00000030 PA:0x00020000 store:0x00000030 load:0x00000000
00008067	jalr	x0,0(x1)	  x1:0x00101648  x0=0x00000000
7fa006b7	lui	x13,0x7fa00	 x13=0x7fa00000
cedd2823	sw	x13,-784(x26)	 x26:0x00102000 x13:0x7fa00000 PA:0x00101cf0 store:0x7fa00000 load:0x00000080
cf0d2d83	lw	x27,-784(x26)	 x26:0x00102000 x27=0x7fa00000 PA:0x00101cf0 store:0x00000009
f00d8fd3	fmv.w.x	f31,x27	 x27:0x7fa00000 f31=0x00000000
d1faa027	fsw	f31,-768(x21)	 f21:0x00102000 f31:0x80000000 PA:0x00101d00 store:0x7fa00000 load:0x7fa00000
00102737	lui	x14,0x102	 x14=0x00102000
d00aa007	flw	f0,-768(x21)	 f21:0x00102000  f0=0x00000000 PA:0x00101d00 store:0x00000000
b4870513	addi	x10,x14,-1208	 x14:0x00102000 x10=0x00101b48
e00017d3	fclass.s	x15,f0	  f0:0x00000000 x15=0x00000100
cefd2823	sw	x15,-784(x26)	 x26:0x00102000 x15:0x00000100 PA:0x00101cf0 store:0x00000100 load:0x7fa00000
a31fe0ef	jal	x1,1000a0	  x1=0x00101674
00054803	lbu	x16,0(x10)	 x10:0x00101b48 x16=0x0000000a PA:0x00101b48 store:0x00000000
06080663	beq	x16,x0,100110	 x16:0x0000000a  x0:0x00000000
000207b7	lui	x15,0x20	 x15=0x00020000
0107a023	sw	x16,0(x15)	 x15:0x00020000 x16:0x0000000a PA:0x00020000 store:0x0000000a load:0x00000000
00154703	lbu	x14,1(x10)	 x10:0x00101b48 x14=0x00000020 PA:0x00101b49 store:0x00101674
04070e63	beq	x14,x0,100110	 x14:0x00000020  x0:0x00000000
00e7a023	sw	x14,0(x15)	 x15:0x00020000 x14:0x00000020 PA:0x00020000 store:0x00000020 load:0x00000000
00254283	lbu	x5,2(x10)	 x10:0x00101b48  x5=0x00000045 PA:0x00101b4a store:0x00137fa0
04028863	beq	x5,x0,100110	  x5:0x00000045  x0:0x00000000
0057a023	sw	x5,0(x15)	 x15:0x00020000  x5:0x00000045 PA:0x00020000 store:0x00000045 load:0x00000000
00354303	lbu	x6,3(x10)	 x10:0x00101b48  x6=0x00000078 PA:0x00101b4b store:0x00000000
04030263	beq	x6,x0,100110	  x6:0x00000078  x0:0x00000000
0067a023	sw	x6,0(x15)	 x15:0x00020000  x6:0x00000078 PA:0x00020000 store:0x00000078 load:0x00000000
00454383	lbu	x7,4(x10)	 x10:0x00101b48  x7=0x00000070 PA:0x00101b4c store:0x00000000
02038c63	beq	x7,x0,100110	  x7:0x00000070  x0:0x00000000
0077a023	sw	x7,0(x15)	 x15:0x00020000  x7:0x00000070 PA:0x00020000 store:0x00000070 load:0x00000000
00554583	lbu	x11,5(x10)	 x10:0x00101b48 x11=0x00000065 PA:0x00101b4d store:0x00000045
02058663	beq	x11,x0,100110	 x11:0x00000065  x0:0x00000000
00b7a023	sw	x11,0(x15)	 x15:0x00020000 x11:0x00000065 PA:0x00020000 store:0x00000065 load:0x00000000
00654603	lbu	x12,6(x10)	 x10:0x00101b48 x12=0x00000063 PA:0x00101b4e store:0x00000078
02060063	beq	x12,x0,100110	 x12:0x00000063  x0:0x00000000
00c7a023	sw	x12,0(x15)	 x15:0x00020000 x12:0x00000063 PA:0x00020000 store:0x00000063 load:0x00000000
00754683	lbu	x13,7(x10)	 x10:0x00101b48 x13=0x00000074 PA:0x00101b4f store:0x00000070
00850513	addi	x10,x10,8	 x10:0x00101b48 x10=0x00101b50
00068863	beq	x13,x0,100110	 x13:0x00000074  x0:0x00000000
00d7a023	sw	x13,0(x15)	 x15:0x00020000 x13:0x00000074 PA:0x00020000 store:0x00000074 load:0x00000000
00054803	lbu	x16,0(x10)	 x10:0x00101b50 x16=0x00000069 PA:0x00101b50 store:0x00000000
fa0810e3	bne	x16,x0,1000ac	 x16:0x00000069  x0:0x00000000
0107a023	sw	x16,0(x15)	 x15:0x00020000 x16:0x00000069 PA:0x00020000 store:0x00000069 load:0x00000000
00154703	lbu	x14,1(x10)	 x10:0x00101b50 x14=0x0000006e PA:0x00101b51 store:0x00101674
04070e63	beq	x14,x0,100110	 x14:0x0000006e  x0:0x00000000
00e7a023	sw	x14,0(x15)	 x15:0x00020000 x14:0x0000006e PA:0x00020000 store:0x0000006e load:0x00000000
00254283	lbu	x5,2(x10)	 x10:0x00101b50  x5=0x00000067 PA:0x00101b52 store:0x00137fa0
04028863	beq	x5,x0,100110	  x5:0x00000067  x0:0x00000000
0057a023	sw	x5,0(x15)	 x15:0x00020000  x5:0x00000067 PA:0x00020000 store:0x00000067 load:0x00000000
00354303	lbu	x6,3(x10)	 x10:0x00101b50  x6=0x00000020 PA:0x00101b53 store:0x00000000
04030263	beq	x6,x0,100110	  x6:0x00000020  x0:0x00000000
0067a023	sw	x6,0(x15)	 x15:0x00020000  x6:0x00000020 PA:0x00020000 store:0x00000020 load:0x00000000
00454383	lbu	x7,4(x10)	 x10:0x00101b50  x7=0x00000030 PA:0x00101b54 store:0x00000000
02038c63	beq	x7,x0,100110	  x7:0x00000030  x0:0x00000000
0077a023	sw	x7,0(x15)	 x15:0x00020000  x7:0x00000030 PA:0x00020000 store:0x00000030 load:0x00000000
00554583	lbu	x11,5(x10)	 x10:0x00101b50 x11=0x00000078 PA:0x00101b55 store:0x00000067
02058663	beq	x11,x0,100110	 x11:0x00000078  x0:0x00000000
00b7a023	sw	x11,0(x15)	 x15:0x00020000 x11:0x00000078 PA:0x00020000 store:0x00000078 load:0x00000000
00654603	lbu	x12,6(x10)	 x10:0x00101b50 x12=0x00000031 PA:0x00101b56 store:0x00000020
02060063	beq	x12,x0,100110	 x12:0x00000031  x0:0x00000000
00c7a023	sw	x12,0(x15)	 x15:0x00020000 x12:0x00000031 PA:0x00020000 store:0x00000031 load:0x00000000
00754683	lbu	x13,7(x10)	 x10:0x00101b50 x13=0x00000030 PA:0x00101b57 store:0x00000030
00850513	addi	x10,x10,8	 x10:0x00101b50 x10=0x00101b58
00068863	beq	x13,x0,100110	 x13:0x00000030  x0:0x00000000
00d7a023	sw	x13,0(x15)	 x15:0x00020000 x13:0x00000030 PA:0x00020000 store:0x00000030 load:0x00000000
00054803	lbu	x16,0(x10)	 x10:0x00101b58 x16=0x00000030 PA:0x00101b58 store:0x00000000
fa0810e3	bne	x16,x0,1000ac	 x16:0x00000030  x0:0x00000000
0107a023	sw	x16,0(x15)	 x15:0x00020000 x16:0x00000030 PA:0x00020000 store:0x00000030 load:0x00000000
00154703	lbu	x14,1(x10)	 x10:0x00101b58 x14=0x0000003a PA:0x00101b59 store:0x00101674
04070e63	beq	x14,x0,100110	 x14:0x0000003a  x0:0x00000000
00e7a023	sw	x14,0(x15)	 x15:0x00020000 x14:0x0000003a PA:0x00020000 store:0x0000003a load:0x00000000
00254283	lbu	x5,2(x10)	 x10:0x00101b58  x5=0x00000020 PA:0x00101b5a store:0x00137fa0
04028863	beq	x5,x0,100110	  x5:0x00000020  x0:0x00000000
0057a023	sw	x5,0(x15)	 x15:0x00020000  x5:0x00000020 PA:0x00020000 store:0x00000020 load:0x00000000
00354303	lbu	x6,3(x10)	 x10:0x00101b58  x6=0x00000000 PA:0x00101b5b store:0x00000000
04030263	beq	x6,x0,100110	  x6:0x00000000  x0:0x00000000
00000513	addi	x10,x0,0	  x0:0x00000000 x10=0x00000000
00008067	jalr	x0,0(x1)	  x1:0x00101674  x0=0x00000000
cf0d2503	lw	x10,-784(x26)	 x26:0x00102000 x10=0x00000100 PA:0x00101cf0 store:0x00000030
00102d37	lui	x26,0x102	 x26=0x00102000
aa5fe0ef	jal	x1,100120	  x1=0x00101680
01c55793	srli	x15,x10,0x1c	 x10:0x00000100 x15=0x00000000
00900713	addi	x14,x0,9	  x0:0x00000000 x14=0x00000009
0cf77a63	bgeu	x14,x15,1001fc	 x14:0x00000009 x15:0x00000000
03078393	addi	x7,x15,48	 x15:0x00000000  x7=0x00000030
000205b7	lui	x11,0x20	 x11=0x00020000
00451613	slli	x12,x10,0x4	 x10:0x00000100 x12=0x00001000
0075a023	sw	x7,0(x11)	 x11:0x00020000  x7:0x00000030 PA:0x00020000 store:0x00000030 load:0x00000000
01c65693	srli	x13,x12,0x1c	 x12:0x00001000 x13=0x00000000
00900813	addi	x16,x0,9	  x0:0x00000000 x16=0x00000009
f2d86ae3	bltu	x16,x13,100148	 x16:0x00000009 x13:0x00000000
03068e93	addi	x29,x13,48	 x13:0x00000000 x29=0x00000030
00020f37	lui	x30,0x20	 x30=0x00020000
00851f93	slli	x31,x10,0x8	 x10:0x00000100 x31=0x00010000
01df2023	sw	x29,0(x30)	 x30:0x00020000 x29:0x00000030 PA:0x00020000 store:0x00000030 load:0x00000000
01cfd793	srli	x15,x31,0x1c	 x31:0x00010000 x15=0x00000000
00900713	addi	x14,x0,9	  x0:0x00000000 x14=0x00000009
f2f76ae3	bltu	x14,x15,100164	 x14:0x00000009 x15:0x00000000
03078393	addi	x7,x15,48	 x15:0x00000000  x7=0x00000030
000205b7	lui	x11,0x20	 x11=0x00020000
00c51613	slli	x12,x10,0xc	 x10:0x00000100 x12=0x00100000
0075a023	sw	x7,0(x11)	 x11:0x00020000  x7:0x00000030 PA:0x00020000 store:0x00000030 load:0x00000000
01c65693	srli	x13,x12,0x1c	 x12:0x00100000 x13=0x00000000
00900813	addi	x16,x0,9	  x0:0x00000000 x16=0x00000009
f2d86ae3	bltu	x16,x13,100180	 x16:0x00000009 x13:0x00000000
03068e93	addi	x29,x13,48	 x13:0x00000000 x29=0x00000030
00020f37	lui	x30,0x20	 x30=0x00020000
01051f93	slli	x31,x10,0x10	 x10:0x00000100 x31=0x01000000
01df2023	sw	x29,0(x30)	 x30:0x00020000 x29:0x00000030 PA:0x00020000 store:0x00000030 load:0x00000000
01cfd793	srli	x15,x31,0x1c	 x31:0x01000000 x15=0x00000000
00900713	addi	x14,x0,9	  x0:0x00000000 x14=0x00000009
f2f76ae3	bltu	x14,x15,10019c	 x14:0x00000009 x15:0x00000000
03078393	addi	x7,x15,48	 x15:0x00000000  x7=0x00000030
000205b7	lui	x11,0x20	 x11=0x00020000
01451613	slli	x12,x10,0x14	 x10:0x00000100 x12=0x10000000
0075a023	sw	x7,0(x11)	 x11:0x00020000  x7:0x00000030 PA:0x00020000 store:0x00000030 load:0x00000000
01c65693	srli	x13,x12,0x1c	 x12:0x10000000 x13=0x00000001
00900813	addi	x16,x0,9	  x0:0x00000000 x16=0x00000009
f2d86ae3	bltu	x16,x13,1001b8	 x16:0x00000009 x13:0x00000001
03068e93	addi	x29,x13,48	 x13:0x00000001 x29=0x00000031
00020f37	lui	x30,0x20	 x30=0x00020000
01851f93	slli	x31,x10,0x18	 x10:0x00000100 x31=0x00000000
01df2023	sw	x29,0(x30)	 x30:0x00020000 x29:0x00000031 PA:0x00020000 store:0x00000031 load:0x00000000
01cfd793	srli	x15,x31,0x1c	 x31:0x00000000 x15=0x00000000
00900713	addi	x14,x0,9	  x0:0x00000000 x14=0x00000009
f2f76ae3	bltu	x14,x15,1001d4	 x14:0x00000009 x15:0x00000000
03078393	addi	x7,x15,48	 x15:0x00000000  x7=0x00000030
000205b7	lui	x11,0x20	 x11=0x00020000
0075a023	sw	x7,0(x11)	 x11:0x00020000  x7:0x00000030 PA:0x00020000 store:0x00000030 load:0x00000000
00f57513	andi	x10,x10,15	 x10:0x00000100 x10=0x00000000
00900613	addi	x12,x0,9	  x0:0x00000000 x12=0x00000009
f2a67ae3	bgeu	x12,x10,1001ec	 x12:0x00000009 x10:0x00000000
03050893	addi	x17,x10,48	 x10:0x00000000 x17=0x00000030
00020e37	lui	x28,0x20	 x28=0x00020000
011e2023	sw	x17,0(x28)	 x28:0x00020000 x17:0x00000030 PA:0x00020000 store:0x00000030 load:0x00000000
00008067	jalr	x0,0(x1)	  x1:0x00101680  x0=0x00000000
7fc002b7	lui	x5,0x7fc00	  x5=0x7fc00000
ce5a2c23	sw	x5,-776(x20)	 x20:0x00102000  x5:0x7fc00000 PA:0x00101cf8 store:0x7fc00000 load:0x00000100
cf8a2483	lw	x9,-776(x20)	 x20:0x00102000  x9=0x7fc00000 PA:0x00101cf8 store:0x00102000
f00480d3	fmv.w.x	f1,x9	  x9:0x7fc00000  f1=0x00000000
ce1d2e27	fsw	f1,-772(x26)	 f26:0x00102000  f1:0x00101680 PA:0x00101cfc store:0x7fc00000 load:0x7fc00000
cfcd2107	flw	f2,-772(x26)	 f26:0x00102000  f2=0x00000000 PA:0x00101cfc store:0x4019999a
00102537	lui	x10,0x102	 x10=0x00102000
b5c50513	addi	x10,x10,-1188	 x10:0x00102000 x10=0x00101b5c
e0011353	fclass.s	x6,f2	  f2:0x00137fa0  x6=0x00000200
ce6a2c23	sw	x6,-776(x20)	 x20:0x00102000  x6:0x00000200 PA:0x00101cf8 store:0x00000200 load:0x7fc00000
9f9fe0ef	jal	x1,1000a0	  x1=0x001016ac
00054803	lbu	x16,0(x10)	 x10:0x00101b5c x16=0x0000000a PA:0x00101b5c store:0x00000000
06080663	beq	x16,x0,100110	 x16:0x0000000a  x0:0x00000000
000207b7	lui	x15,0x20	 x15=0x00020000
0107a023	sw	x16,0(x15)	 x15:0x00020000 x16:0x0000000a PA:0x00020000 store:0x0000000a load:0x00000000
00154703	lbu	x14,1(x10)	 x10:0x00101b5c x14=0x00000020 PA:0x00101b5d store:0x001016ac
04070e63	beq	x14,x0,100110	 x14:0x00000020  x0:0x00000000
00e7a023	sw	x14,0(x15)	 x15:0x00020000 x14:0x00000020 PA:0x00020000 store:0x00000020 load:0x00000000
00254283	lbu	x5,2(x10)	 x10:0x00101b5c  x5=0x00000045 PA:0x00101b5e store:0x00137fa0
04028863	beq	x5,x0,100110	  x5:0x00000045  x0:0x00000000
0057a023	sw	x5,0(x15)	 x15:0x00020000  x5:0x00000045 PA:0x00020000 store:0x00000045 load:0x00000000
00354303	lbu	x6,3(x10)	 x10:0x00101b5c  x6=0x00000078 PA:0x00101b5f store:0x00000000
04030263	beq	x6,x0,100110	  x6:0x00000078  x0:0x00000000
0067a023	sw	x6,0(x15)	 x15:0x00020000  x6:0x00000078 PA:0x00020000 store:0x00000078 load:0x00000000
00454383	lbu	x7,4(x10)	 x10:0x00101b5c  x7=0x00000070 PA:0x00101b60 store:0x00000000
02038c63	beq	x7,x0,100110	  x7:0x00000070  x0:0x00000000
0077a023	sw	x7,0(x15)	 x15:0x00020000  x7:0x00000070 PA:0x00020000 store:0x00000070 load:0x00000000
00554583	lbu	x11,5(x10)	 x10:0x00101b5c x11=0x00000065 PA:0x00101b61 store:0x00000045
02058663	beq	x11,x0,100110	 x11:0x00000065  x0:0x00000000
00b7a023	sw	x11,0(x15)	 x15:0x00020000 x11:0x00000065 PA:0x00020000 store:0x00000065 load:0x00000000
00654603	lbu	x12,6(x10)	 x10:0x00101b5c x12=0x00000063 PA:0x00101b62 store:0x00000078
02060063	beq	x12,x0,100110	 x12:0x00000063  x0:0x00000000
00c7a023	sw	x12,0(x15)	 x15:0x00020000 x12:0x00000063 PA:0x00020000 store:0x00000063 load:0x00000000
00754683	lbu	x13,7(x10)	 x10:0x00101b5c x13=0x00000074 PA:0x00101b63 store:0x00000070
00850513	addi	x10,x10,8	 x10:0x00101b5c x10=0x00101b64
00068863	beq	x13,x0,100110	 x13:0x00000074  x0:0x00000000
00d7a023	sw	x13,0(x15)	 x15:0x00020000 x13:0x00000074 PA:0x00020000 store:0x00000074 load:0x00000000
00054803	lbu	x16,0(x10)	 x10:0x00101b64 x16=0x00000069 PA:0x00101b64 store:0x00000000
fa0810e3	bne	x16,x0,1000ac	 x16:0x00000069  x0:0x00000000
0107a023	sw	x16,0(x15)	 x15:0x00020000 x16:0x00000069 PA:0x00020000 store:0x00000069 load:0x00000000
00154703	lbu	x14,1(x10)	 x10:0x00101b64 x14=0x0000006e PA:0x00101b65 store:0x001016ac
04070e63	beq	x14,x0,100110	 x14:0x0000006e  x0:0x00000000
00e7a023	sw	x14,0(x15)	 x15:0x00020000 x14:0x0000006e PA:0x00020000 store:0x0000006e load:0x00000000
00254283	lbu	x5,2(x10)	 x10:0x00101b64  x5=0x00000067 PA:0x00101b66 store:0x00137fa0
04028863	beq	x5,x0,100110	  x5:0x00000067  x0:0x00000000
0057a023	sw	x5,0(x15)	 x15:0x00020000  x5:0x00000067 PA:0x00020000 store:0x00000067 load:0x00000000
00354303	lbu	x6,3(x10)	 x10:0x00101b64  x6=0x00000020 PA:0x00101b67 store:0x00000000
04030263	beq	x6,x0,100110	  x6:0x00000020  x0:0x00000000
0067a023	sw	x6,0(x15)	 x15:0x00020000  x6:0x00000020 PA:0x00020000 store:0x00000020 load:0x00000000
00454383	lbu	x7,4(x10)	 x10:0x00101b64  x7=0x00000030 PA:0x00101b68 store:0x00000000
02038c63	beq	x7,x0,100110	  x7:0x00000030  x0:0x00000000
0077a023	sw	x7,0(x15)	 x15:0x00020000  x7:0x00000030 PA:0x00020000 store:0x00000030 load:0x00000000
00554583	lbu	x11,5(x10)	 x10:0x00101b64 x11=0x00000078 PA:0x00101b69 store:0x00000067
02058663	beq	x11,x0,100110	 x11:0x00000078  x0:0x00000000
00b7a023	sw	x11,0(x15)	 x15:0x00020000 x11:0x00000078 PA:0x00020000 store:0x00000078 load:0x00000000
00654603	lbu	x12,6(x10)	 x10:0x00101b64 x12=0x00000032 PA:0x00101b6a store:0x00000020
02060063	beq	x12,x0,100110	 x12:0x00000032  x0:0x00000000
00c7a023	sw	x12,0(x15)	 x15:0x00020000 x12:0x00000032 PA:0x00020000 store:0x00000032 load:0x00000000
00754683	lbu	x13,7(x10)	 x10:0x00101b64 x13=0x00000030 PA:0x00101b6b store:0x00000030
00850513	addi	x10,x10,8	 x10:0x00101b64 x10=0x00101b6c
00068863	beq	x13,x0,100110	 x13:0x00000030  x0:0x00000000
00d7a023	sw	x13,0(x15)	 x15:0x00020000 x13:0x00000030 PA:0x00020000 store:0x00000030 load:0x00000000
00054803	lbu	x16,0(x10)	 x10:0x00101b6c x16=0x00000030 PA:0x00101b6c store:0x00000000
fa0810e3	bne	x16,x0,1000ac	 x16:0x00000030  x0:0x00000000
0107a023	sw	x16,0(x15)	 x15:0x00020000 x16:0x00000030 PA:0x00020000 store:0x00000030 load:0x00000000
00154703	lbu	x14,1(x10)	 x10:0x00101b6c x14=0x0000003a PA:0x00101b6d store:0x001016ac
04070e63	beq	x14,x0,100110	 x14:0x0000003a  x0:0x00000000
00e7a023	sw	x14,0(x15)	 x15:0x00020000 x14:0x0000003a PA:0x00020000 store:0x0000003a load:0x00000000
00254283	lbu	x5,2(x10)	 x10:0x00101b6c  x5=0x00000020 PA:0x00101b6e store:0x00137fa0
04028863	beq	x5,x0,100110	  x5:0x00000020  x0:0x00000000
0057a023	sw	x5,0(x15)	 x15:0x00020000  x5:0x00000020 PA:0x00020000 store:0x00000020 load:0x00000000
00354303	lbu	x6,3(x10)	 x10:0x00101b6c  x6=0x00000000 PA:0x00101b6f store:0x00000000
04030263	beq	x6,x0,100110	  x6:0x00000000  x0:0x00000000
00000513	addi	x10,x0,0	  x0:0x00000000 x10=0x00000000
00008067	jalr	x0,0(x1)	  x1:0x001016ac  x0=0x00000000
cf8a2503	lw	x10,-776(x20)	 x20:0x00102000 x10=0x00000200 PA:0x00101cf8 store:0x00102000
a71fe0ef	jal	x1,100120	  x1=0x001016b4
01c55793	srli	x15,x10,0x1c	 x10:0x00000200 x15=0x00000000
00900713	addi	x14,x0,9	  x0:0x00000000 x14=0x00000009
0cf77a63	bgeu	x14,x15,1001fc	 x14:0x00000009 x15:0x00000000
03078393	addi	x7,x15,48	 x15:0x00000000  x7=0x00000030
000205b7	lui	x11,0x20	 x11=0x00020000
00451613	slli	x12,x10,0x4	 x10:0x00000200 x12=0x00002000
0075a023	sw	x7,0(x11)	 x11:0x00020000  x7:0x00000030 PA:0x00020000 store:0x00000030 load:0x00000000
01c65693	srli	x13,x12,0x1c	 x12:0x00002000 x13=0x00000000
00900813	addi	x16,x0,9	  x0:0x00000000 x16=0x00000009
f2d86ae3	bltu	x16,x13,100148	 x16:0x00000009 x13:0x00000000
03068e93	addi	x29,x13,48	 x13:0x00000000 x29=0x00000030
00020f37	lui	x30,0x20	 x30=0x00020000
00851f93	slli	x31,x10,0x8	 x10:0x00000200 x31=0x00020000
01df2023	sw	x29,0(x30)	 x30:0x00020000 x29:0x00000030 PA:0x00020000 store:0x00000030 load:0x00000000
01cfd793	srli	x15,x31,0x1c	 x31:0x00020000 x15=0x00000000
00900713	addi	x14,x0,9	  x0:0x00000000 x14=0x00000009
f2f76ae3	bltu	x14,x15,100164	 x14:0x00000009 x15:0x00000000
03078393	addi	x7,x15,48	 x15:0x00000000  x7=0x00000030
000205b7	lui	x11,0x20	 x11=0x00020000
00c51613	slli	x12,x10,0xc	 x10:0x00000200 x12=0x00200000
0075a023	sw	x7,0(x11)	 x11:0x00020000  x7:0x00000030 PA:0x00020000 store:0x00000030 load:0x00000000
01c65693	srli	x13,x12,0x1c	 x12:0x00200000 x13=0x00000000
00900813	addi	x16,x0,9	  x0:0x00000000 x16=0x00000009
f2d86ae3	bltu	x16,x13,100180	 x16:0x00000009 x13:0x00000000
03068e93	addi	x29,x13,48	 x13:0x00000000 x29=0x00000030
00020f37	lui	x30,0x20	 x30=0x00020000
01051f93	slli	x31,x10,0x10	 x10:0x00000200 x31=0x02000000
01df2023	sw	x29,0(x30)	 x30:0x00020000 x29:0x00000030 PA:0x00020000 store:0x00000030 load:0x00000000
01cfd793	srli	x15,x31,0x1c	 x31:0x02000000 x15=0x00000000
00900713	addi	x14,x0,9	  x0:0x00000000 x14=0x00000009
f2f76ae3	bltu	x14,x15,10019c	 x14:0x00000009 x15:0x00000000
03078393	addi	x7,x15,48	 x15:0x00000000  x7=0x00000030
000205b7	lui	x11,0x20	 x11=0x00020000
01451613	slli	x12,x10,0x14	 x10:0x00000200 x12=0x20000000
0075a023	sw	x7,0(x11)	 x11:0x00020000  x7:0x00000030 PA:0x00020000 store:0x00000030 load:0x00000000
01c65693	srli	x13,x12,0x1c	 x12:0x20000000 x13=0x00000002
00900813	addi	x16,x0,9	  x0:0x00000000 x16=0x00000009
f2d86ae3	bltu	x16,x13,1001b8	 x16:0x00000009 x13:0x00000002
03068e93	addi	x29,x13,48	 x13:0x00000002 x29=0x00000032
00020f37	lui	x30,0x20	 x30=0x00020000
01851f93	slli	x31,x10,0x18	 x10:0x00000200 x31=0x00000000
01df2023	sw	x29,0(x30)	 x30:0x00020000 x29:0x00000032 PA:0x00020000 store:0x00000032 load:0x00000000
01cfd793	srli	x15,x31,0x1c	 x31:0x00000000 x15=0x00000000
00900713	addi	x14,x0,9	  x0:0x00000000 x14=0x00000009
f2f76ae3	bltu	x14,x15,1001d4	 x14:0x00000009 x15:0x00000000
03078393	addi	x7,x15,48	 x15:0x00000000  x7=0x00000030
000205b7	lui	x11,0x20	 x11=0x00020000
0075a023	sw	x7,0(x11)	 x11:0x00020000  x7:0x00000030 PA:0x00020000 store:0x00000030 load:0x00000000
00f57513	andi	x10,x10,15	 x10:0x00000200 x10=0x00000000
00900613	addi	x12,x0,9	  x0:0x00000000 x12=0x00000009
f2a67ae3	bgeu	x12,x10,1001ec	 x12:0x00000009 x10:0x00000000
03050893	addi	x17,x10,48	 x10:0x00000000 x17=0x00000030
00020e37	lui	x28,0x20	 x28=0x00020000
011e2023	sw	x17,0(x28)	 x28:0x00020000 x17:0x00000030 PA:0x00020000 store:0x00000030 load:0x00000000
00008067	jalr	x0,0(x1)	  x1:0x001016b4  x0=0x00000000
b7040513	addi	x10,x8,-1168	  x8:0x00102000 x10=0x00101b70
9e9fe0ef	jal	x1,1000a0	  x1=0x001016bc
00054803	lbu	x16,0(x10)	 x10:0x00101b70 x16=0x0000000a PA:0x00101b70 store:0x00000000
06080663	beq	x16,x0,100110	 x16:0x0000000a  x0:0x00000000
000207b7	lui	x15,0x20	 x15=0x00020000
0107a023	sw	x16,0(x15)	 x15:0x00020000 x16:0x0000000a PA:0x00020000 store:0x0000000a load:0x00000000
00154703	lbu	x14,1(x10)	 x10:0x00101b70 x14=0x0000000a PA:0x00101b71 store:0x001016bc
04070e63	beq	x14,x0,100110	 x14:0x0000000a  x0:0x00000000
00e7a023	sw	x14,0(x15)	 x15:0x00020000 x14:0x0000000a PA:0x00020000 store:0x0000000a load:0x00000000
00254283	lbu	x5,2(x10)	 x10:0x00101b70  x5=0x00000054 PA:0x00101b72 store:0x00137fa0
04028863	beq	x5,x0,100110	  x5:0x00000054  x0:0x00000000
0057a023	sw	x5,0(x15)	 x15:0x00020000  x5:0x00000054 PA:0x00020000 store:0x00000054 load:0x00000000
00354303	lbu	x6,3(x10)	 x10:0x00101b70  x6=0x00000065 PA:0x00101b73 store:0x00000000
04030263	beq	x6,x0,100110	  x6:0x00000065  x0:0x00000000
0067a023	sw	x6,0(x15)	 x15:0x00020000  x6:0x00000065 PA:0x00020000 store:0x00000065 load:0x00000000
00454383	lbu	x7,4(x10)	 x10:0x00101b70  x7=0x00000073 PA:0x00101b74 store:0x00000000
02038c63	beq	x7,x0,100110	  x7:0x00000073  x0:0x00000000
0077a023	sw	x7,0(x15)	 x15:0x00020000  x7:0x00000073 PA:0x00020000 store:0x00000073 load:0x00000000
00554583	lbu	x11,5(x10)	 x10:0x00101b70 x11=0x00000074 PA:0x00101b75 store:0x00000054
02058663	beq	x11,x0,100110	 x11:0x00000074  x0:0x00000000
00b7a023	sw	x11,0(x15)	 x15:0x00020000 x11:0x00000074 PA:0x00020000 store:0x00000074 load:0x00000000
00654603	lbu	x12,6(x10)	 x10:0x00101b70 x12=0x00000069 PA:0x00101b76 store:0x00000065
02060063	beq	x12,x0,100110	 x12:0x00000069  x0:0x00000000
00c7a023	sw	x12,0(x15)	 x15:0x00020000 x12:0x00000069 PA:0x00020000 store:0x00000069 load:0x00000000
00754683	lbu	x13,7(x10)	 x10:0x00101b70 x13=0x0000006e PA:0x00101b77 store:0x00000073
00850513	addi	x10,x10,8	 x10:0x00101b70 x10=0x00101b78
00068863	beq	x13,x0,100110	 x13:0x0000006e  x0:0x00000000
00d7a023	sw	x13,0(x15)	 x15:0x00020000 x13:0x0000006e PA:0x00020000 store:0x0000006e load:0x00000000
00054803	lbu	x16,0(x10)	 x10:0x00101b78 x16=0x00000067 PA:0x00101b78 store:0x00000000
fa0810e3	bne	x16,x0,1000ac	 x16:0x00000067  x0:0x00000000
0107a023	sw	x16,0(x15)	 x15:0x00020000 x16:0x00000067 PA:0x00020000 store:0x00000067 load:0x00000000
00154703	lbu	x14,1(x10)	 x10:0x00101b78 x14=0x00000020 PA:0x00101b79 store:0x001016bc
04070e63	beq	x14,x0,100110	 x14:0x00000020  x0:0x00000000
00e7a023	sw	x14,0(x15)	 x15:0x00020000 x14:0x00000020 PA:0x00020000 store:0x00000020 load:0x00000000
00254283	lbu	x5,2(x10)	 x10:0x00101b78  x5=0x0000004d PA:0x00101b7a store:0x00137fa0
04028863	beq	x5,x0,100110	  x5:0x0000004d  x0:0x00000000
0057a023	sw	x5,0(x15)	 x15:0x00020000  x5:0x0000004d PA:0x00020000 store:0x0000004d load:0x00000000
00354303	lbu	x6,3(x10)	 x10:0x00101b78  x6=0x00000049 PA:0x00101b7b store:0x00000000
04030263	beq	x6,x0,100110	  x6:0x00000049  x0:0x00000000
0067a023	sw	x6,0(x15)	 x15:0x00020000  x6:0x00000049 PA:0x00020000 store:0x00000049 load:0x00000000
00454383	lbu	x7,4(x10)	 x10:0x00101b78  x7=0x0000004e PA:0x00101b7c store:0x00000000
02038c63	beq	x7,x0,100110	  x7:0x0000004e  x0:0x00000000
0077a023	sw	x7,0(x15)	 x15:0x00020000  x7:0x0000004e PA:0x00020000 store:0x0000004e load:0x00000000
00554583	lbu	x11,5(x10)	 x10:0x00101b78 x11=0x00000020 PA:0x00101b7d store:0x0000004d
02058663	beq	x11,x0,100110	 x11:0x00000020  x0:0x00000000
00b7a023	sw	x11,0(x15)	 x15:0x00020000 x11:0x00000020 PA:0x00020000 store:0x00000020 load:0x00000000
00654603	lbu	x12,6(x10)	 x10:0x00101b78 x12=0x00000069 PA:0x00101b7e store:0x00000049
02060063	beq	x12,x0,100110	 x12:0x00000069  x0:0x00000000
00c7a023	sw	x12,0(x15)	 x15:0x00020000 x12:0x00000069 PA:0x00020000 store:0x00000069 load:0x00000000
00754683	lbu	x13,7(x10)	 x10:0x00101b78 x13=0x0000006e PA:0x00101b7f store:0x0000004e
00850513	addi	x10,x10,8	 x10:0x00101b78 x10=0x00101b80
00068863	beq	x13,x0,100110	 x13:0x0000006e  x0:0x00000000
00d7a023	sw	x13,0(x15)	 x15:0x00020000 x13:0x0000006e PA:0x00020000 store:0x0000006e load:0x00000000
00054803	lbu	x16,0(x10)	 x10:0x00101b80 x16=0x00000073 PA:0x00101b80 store:0x00000000
fa0810e3	bne	x16,x0,1000ac	 x16:0x00000073  x0:0x00000000
0107a023	sw	x16,0(x15)	 x15:0x00020000 x16:0x00000073 PA:0x00020000 store:0x00000073 load:0x00000000
00154703	lbu	x14,1(x10)	 x10:0x00101b80 x14=0x00000074 PA:0x00101b81 store:0x001016bc
04070e63	beq	x14,x0,100110	 x14:0x00000074  x0:0x00000000
00e7a023	sw	x14,0(x15)	 x15:0x00020000 x14:0x00000074 PA:0x00020000 store:0x00000074 load:0x00000000
00254283	lbu	x5,2(x10)	 x10:0x00101b80  x5=0x00000072 PA:0x00101b82 store:0x00137fa0
04028863	beq	x5,x0,100110	  x5:0x00000072  x0:0x00000000
0057a023	sw	x5,0(x15)	 x15:0x00020000  x5:0x00000072 PA:0x00020000 store:0x00000072 load:0x00000000
00354303	lbu	x6,3(x10)	 x10:0x00101b80  x6=0x00000075 PA:0x00101b83 store:0x00000000
04030263	beq	x6,x0,100110	  x6:0x00000075  x0:0x00000000
0067a023	sw	x6,0(x15)	 x15:0x00020000  x6:0x00000075 PA:0x00020000 store:0x00000075 load:0x00000000
00454383	lbu	x7,4(x10)	 x10:0x00101b80  x7=0x00000063 PA:0x00101b84 store:0x00000000
02038c63	beq	x7,x0,100110	  x7:0x00000063  x0:0x00000000
0077a023	sw	x7,0(x15)	 x15:0x00020000  x7:0x00000063 PA:0x00020000 store:0x00000063 load:0x00000000
00554583	lbu	x11,5(x10)	 x10:0x00101b80 x11=0x00000074 PA:0x00101b85 store:0x00000072
02058663	beq	x11,x0,100110	 x11:0x00000074  x0:0x00000000
00b7a023	sw	x11,0(x15)	 x15:0x00020000 x11:0x00000074 PA:0x00020000 store:0x00000074 load:0x00000000
00654603	lbu	x12,6(x10)	 x10:0x00101b80 x12=0x00000069 PA:0x00101b86 store:0x00000075
02060063	beq	x12,x0,100110	 x12:0x00000069  x0:0x00000000
00c7a023	sw	x12,0(x15)	 x15:0x00020000 x12:0x00000069 PA:0x00020000 store:0x00000069 load:0x00000000
00754683	lbu	x13,7(x10)	 x10:0x00101b80 x13=0x0000006f PA:0x00101b87 store:0x00000063
00850513	addi	x10,x10,8	 x10:0x00101b80 x10=0x00101b88
00068863	beq	x13,x0,100110	 x13:0x0000006f  x0:0x00000000
00d7a023	sw	x13,0(x15)	 x15:0x00020000 x13:0x0000006f PA:0x00020000 store:0x0000006f load:0x00000000
00054803	lbu	x16,0(x10)	 x10:0x00101b88 x16=0x0000006e PA:0x00101b88 store:0x00000000
fa0810e3	bne	x16,x0,1000ac	 x16:0x0000006e  x0:0x00000000
0107a023	sw	x16,0(x15)	 x15:0x00020000 x16:0x0000006e PA:0x00020000 store:0x0000006e load:0x00000000
00154703	lbu	x14,1(x10)	 x10:0x00101b88 x14=0x00000073 PA:0x00101b89 store:0x001016bc
04070e63	beq	x14,x0,100110	 x14:0x00000073  x0:0x00000000
00e7a023	sw	x14,0(x15)	 x15:0x00020000 x14:0x00000073 PA:0x00020000 store:0x00000073 load:0x00000000
00254283	lbu	x5,2(x10)	 x10:0x00101b88  x5=0x0000003a PA:0x00101b8a store:0x00137fa0
04028863	beq	x5,x0,100110	  x5:0x0000003a  x0:0x00000000
0057a023	sw	x5,0(x15)	 x15:0x00020000  x5:0x0000003a PA:0x00020000 store:0x0000003a load:0x00000000
00354303	lbu	x6,3(x10)	 x10:0x00101b88  x6=0x00000020 PA:0x00101b8b store:0x00000000
04030263	beq	x6,x0,100110	  x6:0x00000020  x0:0x00000000
0067a023	sw	x6,0(x15)	 x15:0x00020000  x6:0x00000020 PA:0x00020000 store:0x00000020 load:0x00000000
00454383	lbu	x7,4(x10)	 x10:0x00101b88  x7=0x00000000 PA:0x00101b8c store:0x00000000
02038c63	beq	x7,x0,100110	  x7:0x00000000  x0:0x00000000
00000513	addi	x10,x0,0	  x0:0x00000000 x10=0x00000000
00008067	jalr	x0,0(x1)	  x1:0x001016bc  x0=0x00000000
d32ba227	fsw	f18,-732(x23)	 f23:0x00102000 f18:0x00000010 PA:0x00101d24 store:0x00000000 load:0x00000000
d29ca027	fsw	f9,-736(x25)	 f25:0x00102000  f9:0x7fc00000 PA:0x00101d20 store:0x80000000 load:0x00000000
d24ba787	flw	f15,-732(x23)	 f23:0x00102000 f15=0x00000000 PA:0x00101d24 store:0x3e5bdc88
d20ca707	flw	f14,-736(x25)	 f25:0x00102000 f14=0x00000000 PA:0x00101d20 store:0x7fa00000
28e781d3	fmin.s	f3,f15,f14	 f15:0x00020000 f14:0x00000073  f3=0x00000000
d03aa027	fsw	f3,-768(x21)	 f21:0x00102000  f3:0x00000000 PA:0x00101d00 store:0x80000000 load:0x80000000
d00aa207	flw	f4,-768(x21)	 f21:0x00102000  f4=0x00000000 PA:0x00101d00 store:0x7fa00000
b90c0513	addi	x10,x24,-1136	 x24:0x00102000 x10=0x00101b90
e0020953	fmv.x.w	x18,f4	  f4:0x00000000 x18=0x80000000
cf2a2c23	sw	x18,-776(x20)	 x20:0x00102000 x18:0x80000000 PA:0x00101cf8 store:0x80000000 load:0x80000000
9bdfe0ef	jal	x1,1000a0	  x1=0x001016e8
00054803	lbu	x16,0(x10)	 x10:0x00101b90 x16=0x0000000a PA:0x00101b90 store:0x00000000
06080663	beq	x16,x0,100110	 x16:0x0000000a  x0:0x00000000
000207b7	lui	x15,0x20	 x15=0x00020000
0107a023	sw	x16,0(x15)	 x15:0x00020000 x16:0x0000000a PA:0x00020000 store:0x0000000a load:0x00000000
00154703	lbu	x14,1(x10)	 x10:0x00101b90 x14=0x00000020 PA:0x00101b91 store:0x001016e8
04070e63	beq	x14,x0,100110	 x14:0x00000020  x0:0x00000000
00e7a023	sw	x14,0(x15)	 x15:0x00020000 x14:0x00000020 PA:0x00020000 store:0x00000020 load:0x00000000
00254283	lbu	x5,2(x10)	 x10:0x00101b90  x5=0x0000004d PA:0x00101b92 store:0x00137fa0
04028863	beq	x5,x0,100110	  x5:0x0000004d  x0:0x00000000
0057a023	sw	x5,0(x15)	 x15:0x00020000  x5:0x0000004d PA:0x00020000 store:0x0000004d load:0x00000000
00354303	lbu	x6,3(x10)	 x10:0x00101b90  x6=0x00000069 PA:0x00101b93 store:0x00000000
04030263	beq	x6,x0,100110	  x6:0x00000069  x0:0x00000000
0067a023	sw	x6,0(x15)	 x15:0x00020000  x6:0x00000069 PA:0x00020000 store:0x00000069 load:0x00000000
00454383	lbu	x7,4(x10)	 x10:0x00101b90  x7=0x0000006e PA:0x00101b94 store:0x00000000
02038c63	beq	x7,x0,100110	  x7:0x0000006e  x0:0x00000000
0077a023	sw	x7,0(x15)	 x15:0x00020000  x7:0x0000006e PA:0x00020000 store:0x0000006e load:0x00000000
00554583	lbu	x11,5(x10)	 x10:0x00101b90 x11=0x00000028 PA:0x00101b95 store:0x0000004d
02058663	beq	x11,x0,100110	 x11:0x00000028  x0:0x00000000
00b7a023	sw	x11,0(x15)	 x15:0x00020000 x11:0x00000028 PA:0x00020000 store:0x00000028 load:0x00000000
00654603	lbu	x12,6(x10)	 x10:0x00101b90 x12=0x00000030 PA:0x00101b96 store:0x00000069
02060063	beq	x12,x0,100110	 x12:0x00000030  x0:0x00000000
00c7a023	sw	x12,0(x15)	 x15:0x00020000 x12:0x00000030 PA:0x00020000 store:0x00000030 load:0x00000000
00754683	lbu	x13,7(x10)	 x10:0x00101b90 x13=0x0000002e PA:0x00101b97 store:0x0000006e
00850513	addi	x10,x10,8	 x10:0x00101b90 x10=0x00101b98
00068863	beq	x13,x0,100110	 x13:0x0000002e  x0:0x00000000
00d7a023	sw	x13,0(x15)	 x15:0x00020000 x13:0x0000002e PA:0x00020000 store:0x0000002e load:0x00000000
00054803	lbu	x16,0(x10)	 x10:0x00101b98 x16=0x00000030 PA:0x00101b98 store:0x00000000
fa0810e3	bne	x16,x0,1000ac	 x16:0x00000030  x0:0x00000000
0107a023	sw	x16,0(x15)	 x15:0x00020000 x16:0x00000030 PA:0x00020000 store:0x00000030 load:0x00000000
00154703	lbu	x14,1(x10)	 x10:0x00101b98 x14=0x0000002c PA:0x00101b99 store:0x001016e8
04070e63	beq	x14,x0,100110	 x14:0x0000002c  x0:0x00000000
00e7a023	sw	x14,0(x15)	 x15:0x00020000 x14:0x0000002c PA:0x00020000 store:0x0000002c load:0x00000000
00254283	lbu	x5,2(x10)	 x10:0x00101b98  x5=0x00000020 PA:0x00101b9a store:0x00137fa0
04028863	beq	x5,x0,100110	  x5:0x00000020  x0:0x00000000
0057a023	sw	x5,0(x15)	 x15:0x00020000  x5:0x00000020 PA:0x00020000 store:0x00000020 load:0x00000000
00354303	lbu	x6,3(x10)	 x10:0x00101b98  x6=0x0000002d PA:0x00101b9b store:0x00000000
04030263	beq	x6,x0,100110	  x6:0x0000002d  x0:0x00000000
0067a023	sw	x6,0(x15)	 x15:0x00020000  x6:0x0000002d PA:0x00020000 store:0x0000002d load:0x00000000
00454383	lbu	x7,4(x10)	 x10:0x00101b98  x7=0x00000030 PA:0x00101b9c store:0x00000000
02038c63	beq	x7,x0,100110	  x7:0x00000030  x0:0x00000000
0077a023	sw	x7,0(x15)	 x15:0x00020000  x7:0x00000030 PA:0x00020000 store:0x00000030 load:0x00000000
00554583	lbu	x11,5(x10)	 x10:0x00101b98 x11=0x0000002e PA:0x00101b9d store:0x00000020
02058663	beq	x11,x0,100110	 x11:0x0000002e  x0:0x00000000
00b7a023	sw	x11,0(x15)	 x15:0x00020000 x11:0x0000002e PA:0x00020000 store:0x0000002e load:0x00000000
00654603	lbu	x12,6(x10)	 x10:0x00101b98 x12=0x00000030 PA:0x00101b9e store:0x0000002d
02060063	beq	x12,x0,100110	 x12:0x00000030  x0:0x00000000
00c7a023	sw	x12,0(x15)	 x15:0x00020000 x12:0x00000030 PA:0x00020000 store:0x00000030 load:0x00000000
00754683	lbu	x13,7(x10)	 x10:0x00101b98 x13=0x00000029 PA:0x00101b9f store:0x00000030
00850513	addi	x10,x10,8	 x10:0x00101b98 x10=0x00101ba0
00068863	beq	x13,x0,100110	 x13:0x00000029  x0:0x00000000
00d7a023	sw	x13,0(x15)	 x15:0x00020000 x13:0x00000029 PA:0x00020000 store:0x00000029 load:0x00000000
00054803	lbu	x16,0(x10)	 x10:0x00101ba0 x16=0x0000002c PA:0x00101ba0 store:0x00000000
fa0810e3	bne	x16,x0,1000ac	 x16:0x0000002c  x0:0x00000000
0107a023	sw	x16,0(x15)	 x15:0x00020000 x16:0x0000002c PA:0x00020000 store:0x0000002c load:0x00000000
00154703	lbu	x14,1(x10)	 x10:0x00101ba0 x14=0x00000020 PA:0x00101ba1 store:0x001016e8
04070e63	beq	x14,x0,100110	 x14:0x00000020  x0:0x00000000
00e7a023	sw	x14,0(x15)	 x15:0x00020000 x14:0x00000020 PA:0x00020000 store:0x00000020 load:0x00000000
00254283	lbu	x5,2(x10)	 x10:0x00101ba0  x5=0x00000065 PA:0x00101ba2 store:0x00137fa0
04028863	beq	x5,x0,100110	  x5:0x00000065  x0:0x00000000
0057a023	sw	x5,0(x15)	 x15:0x00020000  x5:0x00000065 PA:0x00020000 store:0x00000065 load:0x00000000
00354303	lbu	x6,3(x10)	 x10:0x00101ba0  x6=0x00000078 PA:0x00101ba3 store:0x00000000
04030263	beq	x6,x0,100110	  x6:0x00000078  x0:0x00000000
0067a023	sw	x6,0(x15)	 x15:0x00020000  x6:0x00000078 PA:0x00020000 store:0x00000078 load:0x00000000
00454383	lbu	x7,4(x10)	 x10:0x00101ba0  x7=0x00000070 PA:0x00101ba4 store:0x00000000
02038c63	beq	x7,x0,100110	  x7:0x00000070  x0:0x00000000
0077a023	sw	x7,0(x15)	 x15:0x00020000  x7:0x00000070 PA:0x00020000 store:0x00000070 load:0x00000000
00554583	lbu	x11,5(x10)	 x10:0x00101ba0 x11=0x00000065 PA:0x00101ba5 store:0x00000065
02058663	beq	x11,x0,100110	 x11:0x00000065  x0:0x00000000
00b7a023	sw	x11,0(x15)	 x15:0x00020000 x11:0x00000065 PA:0x00020000 store:0x00000065 load:0x00000000
00654603	lbu	x12,6(x10)	 x10:0x00101ba0 x12=0x00000063 PA:0x00101ba6 store:0x00000078
02060063	beq	x12,x0,100110	 x12:0x00000063  x0:0x00000000
00c7a023	sw	x12,0(x15)	 x15:0x00020000 x12:0x00000063 PA:0x00020000 store:0x00000063 load:0x00000000
00754683	lbu	x13,7(x10)	 x10:0x00101ba0 x13=0x00000074 PA:0x00101ba7 store:0x00000070
00850513	addi	x10,x10,8	 x10:0x00101ba0 x10=0x00101ba8
00068863	beq	x13,x0,100110	 x13:0x00000074  x0:0x00000000
00d7a023	sw	x13,0(x15)	 x15:0x00020000 x13:0x00000074 PA:0x00020000 store:0x00000074 load:0x00000000
00054803	lbu	x16,0(x10)	 x10:0x00101ba8 x16=0x00000069 PA:0x00101ba8 store:0x00000000
fa0810e3	bne	x16,x0,1000ac	 x16:0x00000069  x0:0x00000000
0107a023	sw	x16,0(x15)	 x15:0x00020000 x16:0x00000069 PA:0x00020000 store:0x00000069 load:0x00000000
00154703	lbu	x14,1(x10)	 x10:0x00101ba8 x14=0x0000006e PA:0x00101ba9 store:0x001016e8
04070e63	beq	x14,x0,100110	 x14:0x0000006e  x0:0x00000000
00e7a023	sw	x14,0(x15)	 x15:0x00020000 x14:0x0000006e PA:0x00020000 store:0x0000006e load:0x00000000
00254283	lbu	x5,2(x10)	 x10:0x00101ba8  x5=0x00000067 PA:0x00101baa store:0x00137fa0
04028863	beq	x5,x0,100110	  x5:0x00000067  x0:0x00000000
0057a023	sw	x5,0(x15)	 x15:0x00020000  x5:0x00000067 PA:0x00020000 store:0x00000067 load:0x00000000
00354303	lbu	x6,3(x10)	 x10:0x00101ba8  x6=0x0000003a PA:0x00101bab store:0x00000000
04030263	beq	x6,x0,100110	  x6:0x0000003a  x0:0x00000000
0067a023	sw	x6,0(x15)	 x15:0x00020000  x6:0x0000003a PA:0x00020000 store:0x0000003a load:0x00000000
00454383	lbu	x7,4(x10)	 x10:0x00101ba8  x7=0x00000020 PA:0x00101bac store:0x00000000
02038c63	beq	x7,x0,100110	  x7:0x00000020  x0:0x00000000
0077a023	sw	x7,0(x15)	 x15:0x00020000  x7:0x00000020 PA:0x00020000 store:0x00000020 load:0x00000000
00554583	lbu	x11,5(x10)	 x10:0x00101ba8 x11=0x00000030 PA:0x00101bad store:0x00000067
02058663	beq	x11,x0,100110	 x11:0x00000030  x0:0x00000000
00b7a023	sw	x11,0(x15)	 x15:0x00020000 x11:0x00000030 PA:0x00020000 store:0x00000030 load:0x00000000
00654603	lbu	x12,6(x10)	 x10:0x00101ba8 x12=0x00000078 PA:0x00101bae store:0x0000003a
02060063	beq	x12,x0,100110	 x12:0x00000078  x0:0x00000000
00c7a023	sw	x12,0(x15)	 x15:0x00020000 x12:0x00000078 PA:0x00020000 store:0x00000078 load:0x00000000
00754683	lbu	x13,7(x10)	 x10:0x00101ba8 x13=0x00000038 PA:0x00101baf store:0x00000020
00850513	addi	x10,x10,8	 x10:0x00101ba8 x10=0x00101bb0
00068863	beq	x13,x0,100110	 x13:0x00000038  x0:0x00000000
00d7a023	sw	x13,0(x15)	 x15:0x00020000 x13:0x00000038 PA:0x00020000 store:0x00000038 load:0x00000000
00054803	lbu	x16,0(x10)	 x10:0x00101bb0 x16=0x00000030 PA:0x00101bb0 store:0x00000000
fa0810e3	bne	x16,x0,1000ac	 x16:0x00000030  x0:0x00000000
0107a023	sw	x16,0(x15)	 x15:0x00020000 x16:0x00000030 PA:0x00020000 store:0x00000030 load:0x00000000
00154703	lbu	x14,1(x10)	 x10:0x00101bb0 x14=0x00000030 PA:0x00101bb1 store:0x001016e8
04070e63	beq	x14,x0,100110	 x14:0x00000030  x0:0x00000000
00e7a023	sw	x14,0(x15)	 x15:0x00020000 x14:0x00000030 PA:0x00020000 store:0x00000030 load:0x00000000
00254283	lbu	x5,2(x10)	 x10:0x00101bb0  x5=0x00000030 PA:0x00101bb2 store:0x00137fa0
04028863	beq	x5,x0,100110	  x5:0x00000030  x0:0x00000000
0057a023	sw	x5,0(x15)	 x15:0x00020000  x5:0x00000030 PA:0x00020000 store:0x00000030 load:0x00000000
00354303	lbu	x6,3(x10)	 x10:0x00101bb0  x6=0x00000030 PA:0x00101bb3 store:0x00000000
04030263	beq	x6,x0,100110	  x6:0x00000030  x0:0x00000000
0067a023	sw	x6,0(x15)	 x15:0x00020000  x6:0x00000030 PA:0x00020000 store:0x00000030 load:0x00000000
00454383	lbu	x7,4(x10)	 x10:0x00101bb0  x7=0x00000030 PA:0x00101bb4 store:0x00000000
02038c63	beq	x7,x0,100110	  x7:0x00000030  x0:0x00000000
0077a023	sw	x7,0(x15)	 x15:0x00020000  x7:0x00000030 PA:0x00020000 store:0x00000030 load:0x00000000
00554583	lbu	x11,5(x10)	 x10:0x00101bb0 x11=0x00000030 PA:0x00101bb5 store:0x00000030
02058663	beq	x11,x0,100110	 x11:0x00000030  x0:0x00000000
00b7a023	sw	x11,0(x15)	 x15:0x00020000 x11:0x00000030 PA:0x00020000 store:0x00000030 load:0x00000000
00654603	lbu	x12,6(x10)	 x10:0x00101bb0 x12=0x0000003a PA:0x00101bb6 store:0x00000030
02060063	beq	x12,x0,100110	 x12:0x0000003a  x0:0x00000000
00c7a023	sw	x12,0(x15)	 x15:0x00020000 x12:0x0000003a PA:0x00020000 store:0x0000003a load:0x00000000
00754683	lbu	x13,7(x10)	 x10:0x00101bb0 x13=0x00000020 PA:0x00101bb7 store:0x00000030
00850513	addi	x10,x10,8	 x10:0x00101bb0 x10=0x00101bb8
00068863	beq	x13,x0,100110	 x13:0x00000020  x0:0x00000000
00d7a023	sw	x13,0(x15)	 x15:0x00020000 x13:0x00000020 PA:0x00020000 store:0x00000020 load:0x00000000
00054803	lbu	x16,0(x10)	 x10:0x00101bb8 x16=0x00000000 PA:0x00101bb8 store:0x00000000
fa0810e3	bne	x16,x0,1000ac	 x16:0x00000000  x0:0x00000000
00000513	addi	x10,x0,0	  x0:0x00000000 x10=0x00000000
00008067	jalr	x0,0(x1)	  x1:0x001016e8  x0=0x00000000
cf8a2503	lw	x10,-776(x20)	 x20:0x00102000 x10=0x80000000 PA:0x00101cf8 store:0x00102000
a35fe0ef	jal	x1,100120	  x1=0x001016f0
01c55793	srli	x15,x10,0x1c	 x10:0x80000000 x15=0x00000008
00900713	addi	x14,x0,9	  x0:0x00000000 x14=0x00000009
0cf77a63	bgeu	x14,x15,1001fc	 x14:0x00000009 x15:0x00000008
03078393	addi	x7,x15,48	 x15:0x00000008  x7=0x00000038
000205b7	lui	x11,0x20	 x11=0x00020000
00451613	slli	x12,x10,0x4	 x10:0x80000000 x12=0x00000000
0075a023	sw	x7,0(x11)	 x11:0x00020000  x7:0x00000038 PA:0x00020000 store:0x00000038 load:0x00000000
01c65693	srli	x13,x12,0x1c	 x12:0x00000000 x13=0x00000000
00900813	addi	x16,x0,9	  x0:0x00000000 x16=0x00000009
f2d86ae3	bltu	x16,x13,100148	 x16:0x00000009 x13:0x00000000
03068e93	addi	x29,x13,48	 x13:0x00000000 x29=0x00000030
00020f37	lui	x30,0x20	 x30=0x00020000
00851f93	slli	x31,x10,0x8	 x10:0x80000000 x31=0x00000000
01df2023	sw	x29,0(x30)	 x30:0x00020000 x29:0x00000030 PA:0x00020000 store:0x00000030 load:0x00000000
01cfd793	srli	x15,x31,0x1c	 x31:0x00000000 x15=0x00000000
00900713	addi	x14,x0,9	  x0:0x00000000 x14=0x00000009
f2f76ae3	bltu	x14,x15,100164	 x14:0x00000009 x15:0x00000000
03078393	addi	x7,x15,48	 x15:0x00000000  x7=0x00000030
000205b7	lui	x11,0x20	 x11=0x00020000
00c51613	slli	x12,x10,0xc	 x10:0x80000000 x12=0x00000000
0075a023	sw	x7,0(x11)	 x11:0x00020000  x7:0x00000030 PA:0x00020000 store:0x00000030 load:0x00000000
01c65693	srli	x13,x12,0x1c	 x12:0x00000000 x13=0x00000000
00900813	addi	x16,x0,9	  x0:0x00000000 x16=0x00000009
f2d86ae3	bltu	x16,x13,100180	 x16:0x00000009 x13:0x00000000
03068e93	addi	x29,x13,48	 x13:0x00000000 x29=0x00000030
00020f37	lui	x30,0x20	 x30=0x00020000
01051f93	slli	x31,x10,0x10	 x10:0x80000000 x31=0x00000000
01df2023	sw	x29,0(x30)	 x30:0x00020000 x29:0x00000030 PA:0x00020000 store:0x00000030 load:0x00000000
01cfd793	srli	x15,x31,0x1c	 x31:0x00000000 x15=0x00000000
00900713	addi	x14,x0,9	  x0:0x00000000 x14=0x00000009
f2f76ae3	bltu	x14,x15,10019c	 x14:0x00000009 x15:0x00000000
03078393	addi	x7,x15,48	 x15:0x00000000  x7=0x00000030
000205b7	lui	x11,0x20	 x11=0x00020000
01451613	slli	x12,x10,0x14	 x10:0x80000000 x12=0x00000000
0075a023	sw	x7,0(x11)	 x11:0x00020000  x7:0x00000030 PA:0x00020000 store:0x00000030 load:0x00000000
01c65693	srli	x13,x12,0x1c	 x12:0x00000000 x13=0x00000000
00900813	addi	x16,x0,9	  x0:0x00000000 x16=0x00000009
f2d86ae3	bltu	x16,x13,1001b8	 x16:0x00000009 x13:0x00000000
03068e93	addi	x29,x13,48	 x13:0x00000000 x29=0x00000030
00020f37	lui	x30,0x20	 x30=0x00020000
01851f93	slli	x31,x10,0x18	 x10:0x80000000 x31=0x00000000
01df2023	sw	x29,0(x30)	 x30:0x00020000 x29:0x00000030 PA:0x00020000 store:0x00000030 load:0x00000000
01cfd793	srli	x15,x31,0x1c	 x31:0x00000000 x15=0x00000000
00900713	addi	x14,x0,9	  x0:0x00000000 x14=0x00000009
f2f76ae3	bltu	x14,x15,1001d4	 x14:0x00000009 x15:0x00000000
03078393	addi	x7,x15,48	 x15:0x00000000  x7=0x00000030
000205b7	lui	x11,0x20	 x11=0x00020000
0075a023	sw	x7,0(x11)	 x11:0x00020000  x7:0x00000030 PA:0x00020000 store:0x00000030 load:0x00000000
00f57513	andi	x10,x10,15	 x10:0x80000000 x10=0x00000000
00900613	addi	x12,x0,9	  x0:0x00000000 x12=0x00000009
f2a67ae3	bgeu	x12,x10,1001ec	 x12:0x00000009 x10:0x00000000
03050893	addi	x17,x10,48	 x10:0x00000000 x17=0x00000030
00020e37	lui	x28,0x20	 x28=0x00020000
011e2023	sw	x17,0(x28)	 x28:0x00020000 x17:0x00000030 PA:0x00020000 store:0x00000030 load:0x00000000
00008067	jalr	x0,0(x1)	  x1:0x001016f0  x0=0x00000000
001023b7	lui	x7,0x102	  x7=0x00102000
9583aa87	flw	f21,-1704(x7)	  f7:0x00102000 f21=0x00000000 PA:0x00101958 store:0x00000000
d28ba227	fsw	f8,-732(x23)	 f23:0x00102000  f8:0x00102000 PA:0x00101d24 store:0x00000047 load:0x00000007
001025b7	lui	x11,0x102	 x11=0x00102000
d35ca027	fsw	f21,-736(x25)	 f25:0x00102000 f21:0x00102000 PA:0x00101d20 store:0x00000007 load:0x00000007
d24ba587	flw	f11,-732(x23)	 f23:0x00102000 f11=0x00000000 PA:0x00101d24 store:0x80000000
d20ca287	flw	f5,-736(x25)	 f25:0x00102000  f5=0x00000000 PA:0x00101d20 store:0x7fa00000
28558353	fmin.s	f6,f11,f5	 f11:0x00102000  f5:0x00000030  f6=0x00000000
d06aa027	fsw	f6,-768(x21)	 f21:0x00102000  f6:0x00000030 PA:0x00101d00 store:0x00000007 load:0x00000007
d00aa607	flw	f12,-768(x21)	 f21:0x00102000 f12=0x00000000 PA:0x00101d00 store:0x7fa00000
bbc58513	addi	x10,x11,-1092	 x11:0x00102000 x10=0x00101bbc
e0060653	fmv.x.w	x12,f12	 f12:0x00000009 x12=0x00000007
ceca2c23	sw	x12,-776(x20)	 x20:0x00102000 x12:0x00000007 PA:0x00101cf8 store:0x00000007 load:0x00000007
97dfe0ef	jal	x1,1000a0	  x1=0x00101728
00054803	lbu	x16,0(x10)	 x10:0x00101bbc x16=0x0000000a PA:0x00101bbc store:0x00000000
06080663	beq	x16,x0,100110	 x16:0x0000000a  x0:0x00000000
000207b7	lui	x15,0x20	 x15=0x00020000
0107a023	sw	x16,0(x15)	 x15:0x00020000 x16:0x0000000a PA:0x00020000 store:0x0000000a load:0x00000000
00154703	lbu	x14,1(x10)	 x10:0x00101bbc x14=0x00000020 PA:0x00101bbd store:0x00101728
04070e63	beq	x14,x0,100110	 x14:0x00000020  x0:0x00000000
00e7a023	sw	x14,0(x15)	 x15:0x00020000 x14:0x00000020 PA:0x00020000 store:0x00000020 load:0x00000000
00254283	lbu	x5,2(x10)	 x10:0x00101bbc  x5=0x0000004d PA:0x00101bbe store:0x00137fa0
04028863	beq	x5,x0,100110	  x5:0x0000004d  x0:0x00000000
0057a023	sw	x5,0(x15)	 x15:0x00020000  x5:0x0000004d PA:0x00020000 store:0x0000004d load:0x00000000
00354303	lbu	x6,3(x10)	 x10:0x00101bbc  x6=0x00000069 PA:0x00101bbf store:0x00000000
04030263	beq	x6,x0,100110	  x6:0x00000069  x0:0x00000000
0067a023	sw	x6,0(x15)	 x15:0x00020000  x6:0x00000069 PA:0x00020000 store:0x00000069 load:0x00000000
00454383	lbu	x7,4(x10)	 x10:0x00101bbc  x7=0x0000006e PA:0x00101bc0 store:0x00000000
02038c63	beq	x7,x0,100110	  x7:0x0000006e  x0:0x00000000
0077a023	sw	x7,0(x15)	 x15:0x00020000  x7:0x0000006e PA:0x00020000 store:0x0000006e load:0x00000000
00554583	lbu	x11,5(x10)	 x10:0x00101bbc x11=0x00000028 PA:0x00101bc1 store:0x0000004d
02058663	beq	x11,x0,100110	 x11:0x00000028  x0:0x00000000
00b7a023	sw	x11,0(x15)	 x15:0x00020000 x11:0x00000028 PA:0x00020000 store:0x00000028 load:0x00000000
00654603	lbu	x12,6(x10)	 x10:0x00101bbc x12=0x00000031 PA:0x00101bc2 store:0x00000069
02060063	beq	x12,x0,100110	 x12:0x00000031  x0:0x00000000
00c7a023	sw	x12,0(x15)	 x15:0x00020000 x12:0x00000031 PA:0x00020000 store:0x00000031 load:0x00000000
00754683	lbu	x13,7(x10)	 x10:0x00101bbc x13=0x0000002e PA:0x00101bc3 store:0x0000006e
00850513	addi	x10,x10,8	 x10:0x00101bbc x10=0x00101bc4
00068863	beq	x13,x0,100110	 x13:0x0000002e  x0:0x00000000
00d7a023	sw	x13,0(x15)	 x15:0x00020000 x13:0x0000002e PA:0x00020000 store:0x0000002e load:0x00000000
00054803	lbu	x16,0(x10)	 x10:0x00101bc4 x16=0x00000030 PA:0x00101bc4 store:0x00000000
fa0810e3	bne	x16,x0,1000ac	 x16:0x00000030  x0:0x00000000
0107a023	sw	x16,0(x15)	 x15:0x00020000 x16:0x00000030 PA:0x00020000 store:0x00000030 load:0x00000000
00154703	lbu	x14,1(x10)	 x10:0x00101bc4 x14=0x00000065 PA:0x00101bc5 store:0x00101728
04070e63	beq	x14,x0,100110	 x14:0x00000065  x0:0x00000000
00e7a023	sw	x14,0(x15)	 x15:0x00020000 x14:0x00000065 PA:0x00020000 store:0x00000065 load:0x00000000
00254283	lbu	x5,2(x10)	 x10:0x00101bc4  x5=0x0000002d PA:0x00101bc6 store:0x00137fa0
04028863	beq	x5,x0,100110	  x5:0x0000002d  x0:0x00000000
0057a023	sw	x5,0(x15)	 x15:0x00020000  x5:0x0000002d PA:0x00020000 store:0x0000002d load:0x00000000
00354303	lbu	x6,3(x10)	 x10:0x00101bc4  x6=0x00000034 PA:0x00101bc7 store:0x00000000
04030263	beq	x6,x0,100110	  x6:0x00000034  x0:0x00000000
0067a023	sw	x6,0(x15)	 x15:0x00020000  x6:0x00000034 PA:0x00020000 store:0x00000034 load:0x00000000
00454383	lbu	x7,4(x10)	 x10:0x00101bc4  x7=0x00000033 PA:0x00101bc8 store:0x00000000
02038c63	beq	x7,x0,100110	  x7:0x00000033  x0:0x00000000
0077a023	sw	x7,0(x15)	 x15:0x00020000  x7:0x00000033 PA:0x00020000 store:0x00000033 load:0x00000000
00554583	lbu	x11,5(x10)	 x10:0x00101bc4 x11=0x0000002c PA:0x00101bc9 store:0x0000002d
02058663	beq	x11,x0,100110	 x11:0x0000002c  x0:0x00000000
00b7a023	sw	x11,0(x15)	 x15:0x00020000 x11:0x0000002c PA:0x00020000 store:0x0000002c load:0x00000000
00654603	lbu	x12,6(x10)	 x10:0x00101bc4 x12=0x00000020 PA:0x00101bca store:0x00000034
02060063	beq	x12,x0,100110	 x12:0x00000020  x0:0x00000000
00c7a023	sw	x12,0(x15)	 x15:0x00020000 x12:0x00000020 PA:0x00020000 store:0x00000020 load:0x00000000
00754683	lbu	x13,7(x10)	 x10:0x00101bc4 x13=0x00000031 PA:0x00101bcb store:0x00000033
00850513	addi	x10,x10,8	 x10:0x00101bc4 x10=0x00101bcc
00068863	beq	x13,x0,100110	 x13:0x00000031  x0:0x00000000
00d7a023	sw	x13,0(x15)	 x15:0x00020000 x13:0x00000031 PA:0x00020000 store:0x00000031 load:0x00000000
00054803	lbu	x16,0(x10)	 x10:0x00101bcc x16=0x0000002e PA:0x00101bcc store:0x00000000
fa0810e3	bne	x16,x0,1000ac	 x16:0x0000002e  x0:0x00000000
0107a023	sw	x16,0(x15)	 x15:0x00020000 x16:0x0000002e PA:0x00020000 store:0x0000002e load:0x00000000
00154703	lbu	x14,1(x10)	 x10:0x00101bcc x14=0x00000030 PA:0x00101bcd store:0x00101728
04070e63	beq	x14,x0,100110	 x14:0x00000030  x0:0x00000000
00e7a023	sw	x14,0(x15)	 x15:0x00020000 x14:0x00000030 PA:0x00020000 store:0x00000030 load:0x00000000
00254283	lbu	x5,2(x10)	 x10:0x00101bcc  x5=0x00000065 PA:0x00101bce store:0x00137fa0
04028863	beq	x5,x0,100110	  x5:0x00000065  x0:0x00000000
0057a023	sw	x5,0(x15)	 x15:0x00020000  x5:0x00000065 PA:0x00020000 store:0x00000065 load:0x00000000
00354303	lbu	x6,3(x10)	 x10:0x00101bcc  x6=0x0000002d PA:0x00101bcf store:0x00000000
04030263	beq	x6,x0,100110	  x6:0x0000002d  x0:0x00000000
0067a023	sw	x6,0(x15)	 x15:0x00020000  x6:0x0000002d PA:0x00020000 store:0x0000002d load:0x00000000
00454383	lbu	x7,4(x10)	 x10:0x00101bcc  x7=0x00000034 PA:0x00101bd0 store:0x00000000
02038c63	beq	x7,x0,100110	  x7:0x00000034  x0:0x00000000
0077a023	sw	x7,0(x15)	 x15:0x00020000  x7:0x00000034 PA:0x00020000 store:0x00000034 load:0x00000000
00554583	lbu	x11,5(x10)	 x10:0x00101bcc x11=0x00000034 PA:0x00101bd1 store:0x00000065
02058663	beq	x11,x0,100110	 x11:0x00000034  x0:0x00000000
00b7a023	sw	x11,0(x15)	 x15:0x00020000 x11:0x00000034 PA:0x00020000 store:0x00000034 load:0x00000000
00654603	lbu	x12,6(x10)	 x10:0x00101bcc x12=0x00000029 PA:0x00101bd2 store:0x0000002d
02060063	beq	x12,x0,100110	 x12:0x00000029  x0:0x00000000
00c7a023	sw	x12,0(x15)	 x15:0x00020000 x12:0x00000029 PA:0x00020000 store:0x00000029 load:0x00000000
00754683	lbu	x13,7(x10)	 x10:0x00101bcc x13=0x0000002c PA:0x00101bd3 store:0x00000034
00850513	addi	x10,x10,8	 x10:0x00101bcc x10=0x00101bd4
00068863	beq	x13,x0,100110	 x13:0x0000002c  x0:0x00000000
00d7a023	sw	x13,0(x15)	 x15:0x00020000 x13:0x0000002c PA:0x00020000 store:0x0000002c load:0x00000000
00054803	lbu	x16,0(x10)	 x10:0x00101bd4 x16=0x00000020 PA:0x00101bd4 store:0x00000000
fa0810e3	bne	x16,x0,1000ac	 x16:0x00000020  x0:0x00000000
0107a023	sw	x16,0(x15)	 x15:0x00020000 x16:0x00000020 PA:0x00020000 store:0x00000020 load:0x00000000
00154703	lbu	x14,1(x10)	 x10:0x00101bd4 x14=0x00000065 PA:0x00101bd5 store:0x00101728
04070e63	beq	x14,x0,100110	 x14:0x00000065  x0:0x00000000
00e7a023	sw	x14,0(x15)	 x15:0x00020000 x14:0x00000065 PA:0x00020000 store:0x00000065 load:0x00000000
00254283	lbu	x5,2(x10)	 x10:0x00101bd4  x5=0x00000078 PA:0x00101bd6 store:0x00137fa0
04028863	beq	x5,x0,100110	  x5:0x00000078  x0:0x00000000
0057a023	sw	x5,0(x15)	 x15:0x00020000  x5:0x00000078 PA:0x00020000 store:0x00000078 load:0x00000000
00354303	lbu	x6,3(x10)	 x10:0x00101bd4  x6=0x00000070 PA:0x00101bd7 store:0x00000000
04030263	beq	x6,x0,100110	  x6:0x00000070  x0:0x00000000
0067a023	sw	x6,0(x15)	 x15:0x00020000  x6:0x00000070 PA:0x00020000 store:0x00000070 load:0x00000000
00454383	lbu	x7,4(x10)	 x10:0x00101bd4  x7=0x00000065 PA:0x00101bd8 store:0x00000000
02038c63	beq	x7,x0,100110	  x7:0x00000065  x0:0x00000000
0077a023	sw	x7,0(x15)	 x15:0x00020000  x7:0x00000065 PA:0x00020000 store:0x00000065 load:0x00000000
00554583	lbu	x11,5(x10)	 x10:0x00101bd4 x11=0x00000063 PA:0x00101bd9 store:0x00000078
02058663	beq	x11,x0,100110	 x11:0x00000063  x0:0x00000000
00b7a023	sw	x11,0(x15)	 x15:0x00020000 x11:0x00000063 PA:0x00020000 store:0x00000063 load:0x00000000
00654603	lbu	x12,6(x10)	 x10:0x00101bd4 x12=0x00000074 PA:0x00101bda store:0x00000070
02060063	beq	x12,x0,100110	 x12:0x00000074  x0:0x00000000
00c7a023	sw	x12,0(x15)	 x15:0x00020000 x12:0x00000074 PA:0x00020000 store:0x00000074 load:0x00000000
00754683	lbu	x13,7(x10)	 x10:0x00101bd4 x13=0x00000069 PA:0x00101bdb store:0x00000065
00850513	addi	x10,x10,8	 x10:0x00101bd4 x10=0x00101bdc
00068863	beq	x13,x0,100110	 x13:0x00000069  x0:0x00000000
00d7a023	sw	x13,0(x15)	 x15:0x00020000 x13:0x00000069 PA:0x00020000 store:0x00000069 load:0x00000000
00054803	lbu	x16,0(x10)	 x10:0x00101bdc x16=0x0000006e PA:0x00101bdc store:0x00000000
fa0810e3	bne	x16,x0,1000ac	 x16:0x0000006e  x0:0x00000000
0107a023	sw	x16,0(x15)	 x15:0x00020000 x16:0x0000006e PA:0x00020000 store:0x0000006e load:0x00000000
00154703	lbu	x14,1(x10)	 x10:0x00101bdc x14=0x00000067 PA:0x00101bdd store:0x00101728
04070e63	beq	x14,x0,100110	 x14:0x00000067  x0:0x00000000
00e7a023	sw	x14,0(x15)	 x15:0x00020000 x14:0x00000067 PA:0x00020000 store:0x00000067 load:0x00000000
00254283	lbu	x5,2(x10)	 x10:0x00101bdc  x5=0x0000003a PA:0x00101bde store:0x00137fa0
04028863	beq	x5,x0,100110	  x5:0x0000003a  x0:0x00000000
0057a023	sw	x5,0(x15)	 x15:0x00020000  x5:0x0000003a PA:0x00020000 store:0x0000003a load:0x00000000
00354303	lbu	x6,3(x10)	 x10:0x00101bdc  x6=0x00000020 PA:0x00101bdf store:0x00000000
04030263	beq	x6,x0,100110	  x6:0x00000020  x0:0x00000000
0067a023	sw	x6,0(x15)	 x15:0x00020000  x6:0x00000020 PA:0x00020000 store:0x00000020 load:0x00000000
00454383	lbu	x7,4(x10)	 x10:0x00101bdc  x7=0x00000030 PA:0x00101be0 store:0x00000000
02038c63	beq	x7,x0,100110	  x7:0x00000030  x0:0x00000000
0077a023	sw	x7,0(x15)	 x15:0x00020000  x7:0x00000030 PA:0x00020000 store:0x00000030 load:0x00000000
00554583	lbu	x11,5(x10)	 x10:0x00101bdc x11=0x00000078 PA:0x00101be1 store:0x0000003a
02058663	beq	x11,x0,100110	 x11:0x00000078  x0:0x00000000
00b7a023	sw	x11,0(x15)	 x15:0x00020000 x11:0x00000078 PA:0x00020000 store:0x00000078 load:0x00000000
00654603	lbu	x12,6(x10)	 x10:0x00101bdc x12=0x00000030 PA:0x00101be2 store:0x00000020
02060063	beq	x12,x0,100110	 x12:0x00000030  x0:0x00000000
00c7a023	sw	x12,0(x15)	 x15:0x00020000 x12:0x00000030 PA:0x00020000 store:0x00000030 load:0x00000000
00754683	lbu	x13,7(x10)	 x10:0x00101bdc x13=0x00000030 PA:0x00101be3 store:0x00000030
00850513	addi	x10,x10,8	 x10:0x00101bdc x10=0x00101be4
00068863	beq	x13,x0,100110	 x13:0x00000030  x0:0x00000000
00d7a023	sw	x13,0(x15)	 x15:0x00020000 x13:0x00000030 PA:0x00020000 store:0x00000030 load:0x00000000
00054803	lbu	x16,0(x10)	 x10:0x00101be4 x16=0x00000030 PA:0x00101be4 store:0x00000000
fa0810e3	bne	x16,x0,1000ac	 x16:0x00000030  x0:0x00000000
0107a023	sw	x16,0(x15)	 x15:0x00020000 x16:0x00000030 PA:0x00020000 store:0x00000030 load:0x00000000
00154703	lbu	x14,1(x10)	 x10:0x00101be4 x14=0x00000030 PA:0x00101be5 store:0x00101728
04070e63	beq	x14,x0,100110	 x14:0x00000030  x0:0x00000000
00e7a023	sw	x14,0(x15)	 x15:0x00020000 x14:0x00000030 PA:0x00020000 store:0x00000030 load:0x00000000
00254283	lbu	x5,2(x10)	 x10:0x00101be4  x5=0x00000030 PA:0x00101be6 store:0x00137fa0
04028863	beq	x5,x0,100110	  x5:0x00000030  x0:0x00000000
0057a023	sw	x5,0(x15)	 x15:0x00020000  x5:0x00000030 PA:0x00020000 store:0x00000030 load:0x00000000
00354303	lbu	x6,3(x10)	 x10:0x00101be4  x6=0x00000030 PA:0x00101be7 store:0x00000000
04030263	beq	x6,x0,100110	  x6:0x00000030  x0:0x00000000
0067a023	sw	x6,0(x15)	 x15:0x00020000  x6:0x00000030 PA:0x00020000 store:0x00000030 load:0x00000000
00454383	lbu	x7,4(x10)	 x10:0x00101be4  x7=0x00000037 PA:0x00101be8 store:0x00000000
02038c63	beq	x7,x0,100110	  x7:0x00000037  x0:0x00000000
0077a023	sw	x7,0(x15)	 x15:0x00020000  x7:0x00000037 PA:0x00020000 store:0x00000037 load:0x00000000
00554583	lbu	x11,5(x10)	 x10:0x00101be4 x11=0x0000003a PA:0x00101be9 store:0x00000030
02058663	beq	x11,x0,100110	 x11:0x0000003a  x0:0x00000000
00b7a023	sw	x11,0(x15)	 x15:0x00020000 x11:0x0000003a PA:0x00020000 store:0x0000003a load:0x00000000
00654603	lbu	x12,6(x10)	 x10:0x00101be4 x12=0x00000020 PA:0x00101bea store:0x00000030
02060063	beq	x12,x0,100110	 x12:0x00000020  x0:0x00000000
00c7a023	sw	x12,0(x15)	 x15:0x00020000 x12:0x00000020 PA:0x00020000 store:0x00000020 load:0x00000000
00754683	lbu	x13,7(x10)	 x10:0x00101be4 x13=0x00000000 PA:0x00101beb store:0x00000037
00850513	addi	x10,x10,8	 x10:0x00101be4 x10=0x00101bec
00068863	beq	x13,x0,100110	 x13:0x00000000  x0:0x00000000
00000513	addi	x10,x0,0	  x0:0x00000000 x10=0x00000000
00008067	jalr	x0,0(x1)	  x1:0x00101728  x0=0x00000000
cf8a2503	lw	x10,-776(x20)	 x20:0x00102000 x10=0x00000007 PA:0x00101cf8 store:0x00102000
9f5fe0ef	jal	x1,100120	  x1=0x00101730
01c55793	srli	x15,x10,0x1c	 x10:0x00000007 x15=0x00000000
00900713	addi	x14,x0,9	  x0:0x00000000 x14=0x00000009
0cf77a63	bgeu	x14,x15,1001fc	 x14:0x00000009 x15:0x00000000
03078393	addi	x7,x15,48	 x15:0x00000000  x7=0x00000030
000205b7	lui	x11,0x20	 x11=0x00020000
00451613	slli	x12,x10,0x4	 x10:0x00000007 x12=0x00000070
0075a023	sw	x7,0(x11)	 x11:0x00020000  x7:0x00000030 PA:0x00020000 store:0x00000030 load:0x00000000
01c65693	srli	x13,x12,0x1c	 x12:0x00000070 x13=0x00000000
00900813	addi	x16,x0,9	  x0:0x00000000 x16=0x00000009
f2d86ae3	bltu	x16,x13,100148	 x16:0x00000009 x13:0x00000000
03068e93	addi	x29,x13,48	 x13:0x00000000 x29=0x00000030
00020f37	lui	x30,0x20	 x30=0x00020000
00851f93	slli	x31,x10,0x8	 x10:0x00000007 x31=0x00000700
01df2023	sw	x29,0(x30)	 x30:0x00020000 x29:0x00000030 PA:0x00020000 store:0x00000030 load:0x00000000
01cfd793	srli	x15,x31,0x1c	 x31:0x00000700 x15=0x00000000
00900713	addi	x14,x0,9	  x0:0x00000000 x14=0x00000009
f2f76ae3	bltu	x14,x15,100164	 x14:0x00000009 x15:0x00000000
03078393	addi	x7,x15,48	 x15:0x00000000  x7=0x00000030
000205b7	lui	x11,0x20	 x11=0x00020000
00c51613	slli	x12,x10,0xc	 x10:0x00000007 x12=0x00007000
0075a023	sw	x7,0(x11)	 x11:0x00020000  x7:0x00000030 PA:0x00020000 store:0x00000030 load:0x00000000
01c65693	srli	x13,x12,0x1c	 x12:0x00007000 x13=0x00000000
00900813	addi	x16,x0,9	  x0:0x00000000 x16=0x00000009
f2d86ae3	bltu	x16,x13,100180	 x16:0x00000009 x13:0x00000000
03068e93	addi	x29,x13,48	 x13:0x00000000 x29=0x00000030
00020f37	lui	x30,0x20	 x30=0x00020000
01051f93	slli	x31,x10,0x10	 x10:0x00000007 x31=0x00070000
01df2023	sw	x29,0(x30)	 x30:0x00020000 x29:0x00000030 PA:0x00020000 store:0x00000030 load:0x00000000
01cfd793	srli	x15,x31,0x1c	 x31:0x00070000 x15=0x00000000
00900713	addi	x14,x0,9	  x0:0x00000000 x14=0x00000009
f2f76ae3	bltu	x14,x15,10019c	 x14:0x00000009 x15:0x00000000
03078393	addi	x7,x15,48	 x15:0x00000000  x7=0x00000030
000205b7	lui	x11,0x20	 x11=0x00020000
01451613	slli	x12,x10,0x14	 x10:0x00000007 x12=0x00700000
0075a023	sw	x7,0(x11)	 x11:0x00020000  x7:0x00000030 PA:0x00020000 store:0x00000030 load:0x00000000
01c65693	srli	x13,x12,0x1c	 x12:0x00700000 x13=0x00000000
00900813	addi	x16,x0,9	  x0:0x00000000 x16=0x00000009
f2d86ae3	bltu	x16,x13,1001b8	 x16:0x00000009 x13:0x00000000
03068e93	addi	x29,x13,48	 x13:0x00000000 x29=0x00000030
00020f37	lui	x30,0x20	 x30=0x00020000
01851f93	slli	x31,x10,0x18	 x10:0x00000007 x31=0x07000000
01df2023	sw	x29,0(x30)	 x30:0x00020000 x29:0x00000030 PA:0x00020000 store:0x00000030 load:0x00000000
01cfd793	srli	x15,x31,0x1c	 x31:0x07000000 x15=0x00000000
00900713	addi	x14,x0,9	  x0:0x00000000 x14=0x00000009
f2f76ae3	bltu	x14,x15,1001d4	 x14:0x00000009 x15:0x00000000
03078393	addi	x7,x15,48	 x15:0x00000000  x7=0x00000030
000205b7	lui	x11,0x20	 x11=0x00020000
0075a023	sw	x7,0(x11)	 x11:0x00020000  x7:0x00000030 PA:0x00020000 store:0x00000030 load:0x00000000
00f57513	andi	x10,x10,15	 x10:0x00000007 x10=0x00000007
00900613	addi	x12,x0,9	  x0:0x00000000 x12=0x00000009
f2a67ae3	bgeu	x12,x10,1001ec	 x12:0x00000009 x10:0x00000007
03050893	addi	x17,x10,48	 x10:0x00000007 x17=0x00000037
00020e37	lui	x28,0x20	 x28=0x00020000
011e2023	sw	x17,0(x28)	 x28:0x00020000 x17:0x00000037 PA:0x00020000 store:0x00000037 load:0x00000000
00008067	jalr	x0,0(x1)	  x1:0x00101730  x0=0x00000000
00102837	lui	x16,0x102	 x16=0x00102000
95c82a07	flw	f20,-1700(x16)	 f16:0x00102000 f20=0x00000000 PA:0x0010195c store:0x4019999a
001028b7	lui	x17,0x102	 x17=0x00102000
9608a987	flw	f19,-1696(x17)	 f17:0x00102000 f19=0x00000000 PA:0x00101960 store:0x7fa00000
d34ba227	fsw	f20,-732(x23)	 f23:0x00102000 f20:0x00102000 PA:0x00101d24 store:0x7f167699 load:0x7f1dfc87
00102e37	lui	x28,0x102	 x28=0x00102000
d33ca027	fsw	f19,-736(x25)	 f25:0x00102000 f19:0x00102000 PA:0x00101d20 store:0x7f1dfc87 load:0x7f1dfc87
d24ba687	flw	f13,-732(x23)	 f23:0x00102000 f13=0x00000000 PA:0x00101d24 store:0x80000000
d20ca387	flw	f7,-736(x25)	 f25:0x00102000  f7=0x00000000 PA:0x00101d20 store:0x7fa00000
28768553	fmin.s	f10,f13,f7	 f13:0x00000000  f7:0x00000030 f10=0x00000000
d0aaa027	fsw	f10,-768(x21)	 f21:0x00102000 f10:0x00000007 PA:0x00101d00 store:0x7f167699 load:0x7f1dfc87
d00aa807	flw	f16,-768(x21)	 f21:0x00102000 f16=0x00000000 PA:0x00101d00 store:0x7fa00000
bece0513	addi	x10,x28,-1044	 x28:0x00102000 x10=0x00101bec
e0080b53	fmv.x.w	x22,f16	 f16:0x00102000 x22=0x7f167699
cf6a2c23	sw	x22,-776(x20)	 x20:0x00102000 x22:0x7f167699 PA:0x00101cf8 store:0x7f167699 load:0x7f167699
935fe0ef	jal	x1,1000a0	  x1=0x00101770
00054803	lbu	x16,0(x10)	 x10:0x00101bec x16=0x0000000a PA:0x00101bec store:0x00000000
06080663	beq	x16,x0,100110	 x16:0x0000000a  x0:0x00000000
000207b7	lui	x15,0x20	 x15=0x00020000
0107a023	sw	x16,0(x15)	 x15:0x00020000 x16:0x0000000a PA:0x00020000 store:0x0000000a load:0x00000000
00154703	lbu	x14,1(x10)	 x10:0x00101bec x14=0x00000020 PA:0x00101bed store:0x00101770
04070e63	beq	x14,x0,100110	 x14:0x00000020  x0:0x00000000
00e7a023	sw	x14,0(x15)	 x15:0x00020000 x14:0x00000020 PA:0x00020000 store:0x00000020 load:0x00000000
00254283	lbu	x5,2(x10)	 x10:0x00101bec  x5=0x0000004d PA:0x00101bee store:0x00137fa0
04028863	beq	x5,x0,100110	  x5:0x0000004d  x0:0x00000000
0057a023	sw	x5,0(x15)	 x15:0x00020000  x5:0x0000004d PA:0x00020000 store:0x0000004d load:0x00000000
00354303	lbu	x6,3(x10)	 x10:0x00101bec  x6=0x00000069 PA:0x00101bef store:0x00000000
04030263	beq	x6,x0,100110	  x6:0x00000069  x0:0x00000000
0067a023	sw	x6,0(x15)	 x15:0x00020000  x6:0x00000069 PA:0x00020000 store:0x00000069 load:0x00000000
00454383	lbu	x7,4(x10)	 x10:0x00101bec  x7=0x0000006e PA:0x00101bf0 store:0x00000000
02038c63	beq	x7,x0,100110	  x7:0x0000006e  x0:0x00000000
0077a023	sw	x7,0(x15)	 x15:0x00020000  x7:0x0000006e PA:0x00020000 store:0x0000006e load:0x00000000
00554583	lbu	x11,5(x10)	 x10:0x00101bec x11=0x00000028 PA:0x00101bf1 store:0x0000004d
02058663	beq	x11,x0,100110	 x11:0x00000028  x0:0x00000000
00b7a023	sw	x11,0(x15)	 x15:0x00020000 x11:0x00000028 PA:0x00020000 store:0x00000028 load:0x00000000
00654603	lbu	x12,6(x10)	 x10:0x00101bec x12=0x00000032 PA:0x00101bf2 store:0x00000069
02060063	beq	x12,x0,100110	 x12:0x00000032  x0:0x00000000
00c7a023	sw	x12,0(x15)	 x15:0x00020000 x12:0x00000032 PA:0x00020000 store:0x00000032 load:0x00000000
00754683	lbu	x13,7(x10)	 x10:0x00101bec x13=0x0000002e PA:0x00101bf3 store:0x0000006e
00850513	addi	x10,x10,8	 x10:0x00101bec x10=0x00101bf4
00068863	beq	x13,x0,100110	 x13:0x0000002e  x0:0x00000000
00d7a023	sw	x13,0(x15)	 x15:0x00020000 x13:0x0000002e PA:0x00020000 store:0x0000002e load:0x00000000
00054803	lbu	x16,0(x10)	 x10:0x00101bf4 x16=0x00000030 PA:0x00101bf4 store:0x00000000
fa0810e3	bne	x16,x0,1000ac	 x16:0x00000030  x0:0x00000000
0107a023	sw	x16,0(x15)	 x15:0x00020000 x16:0x00000030 PA:0x00020000 store:0x00000030 load:0x00000000
00154703	lbu	x14,1(x10)	 x10:0x00101bf4 x14=0x00000065 PA:0x00101bf5 store:0x00101770
04070e63	beq	x14,x0,100110	 x14:0x00000065  x0:0x00000000
00e7a023	sw	x14,0(x15)	 x15:0x00020000 x14:0x00000065 PA:0x00020000 store:0x00000065 load:0x00000000
00254283	lbu	x5,2(x10)	 x10:0x00101bf4  x5=0x00000033 PA:0x00101bf6 store:0x00137fa0
04028863	beq	x5,x0,100110	  x5:0x00000033  x0:0x00000000
0057a023	sw	x5,0(x15)	 x15:0x00020000  x5:0x00000033 PA:0x00020000 store:0x00000033 load:0x00000000
00354303	lbu	x6,3(x10)	 x10:0x00101bf4  x6=0x00000038 PA:0x00101bf7 store:0x00000000
04030263	beq	x6,x0,100110	  x6:0x00000038  x0:0x00000000
0067a023	sw	x6,0(x15)	 x15:0x00020000  x6:0x00000038 PA:0x00020000 store:0x00000038 load:0x00000000
00454383	lbu	x7,4(x10)	 x10:0x00101bf4  x7=0x00000066 PA:0x00101bf8 store:0x00000000
02038c63	beq	x7,x0,100110	  x7:0x00000066  x0:0x00000000
0077a023	sw	x7,0(x15)	 x15:0x00020000  x7:0x00000066 PA:0x00020000 store:0x00000066 load:0x00000000
00554583	lbu	x11,5(x10)	 x10:0x00101bf4 x11=0x0000002c PA:0x00101bf9 store:0x00000033
02058663	beq	x11,x0,100110	 x11:0x0000002c  x0:0x00000000
00b7a023	sw	x11,0(x15)	 x15:0x00020000 x11:0x0000002c PA:0x00020000 store:0x0000002c load:0x00000000
00654603	lbu	x12,6(x10)	 x10:0x00101bf4 x12=0x00000020 PA:0x00101bfa store:0x00000038
02060063	beq	x12,x0,100110	 x12:0x00000020  x0:0x00000000
00c7a023	sw	x12,0(x15)	 x15:0x00020000 x12:0x00000020 PA:0x00020000 store:0x00000020 load:0x00000000
00754683	lbu	x13,7(x10)	 x10:0x00101bf4 x13=0x00000032 PA:0x00101bfb store:0x00000066
00850513	addi	x10,x10,8	 x10:0x00101bf4 x10=0x00101bfc
00068863	beq	x13,x0,100110	 x13:0x00000032  x0:0x00000000
00d7a023	sw	x13,0(x15)	 x15:0x00020000 x13:0x00000032 PA:0x00020000 store:0x00000032 load:0x00000000
00054803	lbu	x16,0(x10)	 x10:0x00101bfc x16=0x0000002e PA:0x00101bfc store:0x00000000
fa0810e3	bne	x16,x0,1000ac	 x16:0x0000002e  x0:0x00000000
0107a023	sw	x16,0(x15)	 x15:0x00020000 x16:0x0000002e PA:0x00020000 store:0x0000002e load:0x00000000
00154703	lbu	x14,1(x10)	 x10:0x00101bfc x14=0x00000031 PA:0x00101bfd store:0x00101770
04070e63	beq	x14,x0,100110	 x14:0x00000031  x0:0x00000000
00e7a023	sw	x14,0(x15)	 x15:0x00020000 x14:0x00000031 PA:0x00020000 store:0x00000031 load:0x00000000
00254283	lbu	x5,2(x10)	 x10:0x00101bfc  x5=0x00000065 PA:0x00101bfe store:0x00137fa0
04028863	beq	x5,x0,100110	  x5:0x00000065  x0:0x00000000
0057a023	sw	x5,0(x15)	 x15:0x00020000  x5:0x00000065 PA:0x00020000 store:0x00000065 load:0x00000000
00354303	lbu	x6,3(x10)	 x10:0x00101bfc  x6=0x00000033 PA:0x00101bff store:0x00000000
04030263	beq	x6,x0,100110	  x6:0x00000033  x0:0x00000000
0067a023	sw	x6,0(x15)	 x15:0x00020000  x6:0x00000033 PA:0x00020000 store:0x00000033 load:0x00000000
00454383	lbu	x7,4(x10)	 x10:0x00101bfc  x7=0x00000038 PA:0x00101c00 store:0x00000000
02038c63	beq	x7,x0,100110	  x7:0x00000038  x0:0x00000000
0077a023	sw	x7,0(x15)	 x15:0x00020000  x7:0x00000038 PA:0x00020000 store:0x00000038 load:0x00000000
00554583	lbu	x11,5(x10)	 x10:0x00101bfc x11=0x00000066 PA:0x00101c01 store:0x00000065
02058663	beq	x11,x0,100110	 x11:0x00000066  x0:0x00000000
00b7a023	sw	x11,0(x15)	 x15:0x00020000 x11:0x00000066 PA:0x00020000 store:0x00000066 load:0x00000000
00654603	lbu	x12,6(x10)	 x10:0x00101bfc x12=0x00000029 PA:0x00101c02 store:0x00000033
02060063	beq	x12,x0,100110	 x12:0x00000029  x0:0x00000000
00c7a023	sw	x12,0(x15)	 x15:0x00020000 x12:0x00000029 PA:0x00020000 store:0x00000029 load:0x00000000
00754683	lbu	x13,7(x10)	 x10:0x00101bfc x13=0x0000002c PA:0x00101c03 store:0x00000038
00850513	addi	x10,x10,8	 x10:0x00101bfc x10=0x00101c04
00068863	beq	x13,x0,100110	 x13:0x0000002c  x0:0x00000000
00d7a023	sw	x13,0(x15)	 x15:0x00020000 x13:0x0000002c PA:0x00020000 store:0x0000002c load:0x00000000
00054803	lbu	x16,0(x10)	 x10:0x00101c04 x16=0x00000020 PA:0x00101c04 store:0x00000000
fa0810e3	bne	x16,x0,1000ac	 x16:0x00000020  x0:0x00000000
0107a023	sw	x16,0(x15)	 x15:0x00020000 x16:0x00000020 PA:0x00020000 store:0x00000020 load:0x00000000
00154703	lbu	x14,1(x10)	 x10:0x00101c04 x14=0x00000065 PA:0x00101c05 store:0x00101770
04070e63	beq	x14,x0,100110	 x14:0x00000065  x0:0x00000000
00e7a023	sw	x14,0(x15)	 x15:0x00020000 x14:0x00000065 PA:0x00020000 store:0x00000065 load:0x00000000
00254283	lbu	x5,2(x10)	 x10:0x00101c04  x5=0x00000078 PA:0x00101c06 store:0x00137fa0
04028863	beq	x5,x0,100110	  x5:0x00000078  x0:0x00000000
0057a023	sw	x5,0(x15)	 x15:0x00020000  x5:0x00000078 PA:0x00020000 store:0x00000078 load:0x00000000
00354303	lbu	x6,3(x10)	 x10:0x00101c04  x6=0x00000070 PA:0x00101c07 store:0x00000000
04030263	beq	x6,x0,100110	  x6:0x00000070  x0:0x00000000
0067a023	sw	x6,0(x15)	 x15:0x00020000  x6:0x00000070 PA:0x00020000 store:0x00000070 load:0x00000000
00454383	lbu	x7,4(x10)	 x10:0x00101c04  x7=0x00000065 PA:0x00101c08 store:0x00000000
02038c63	beq	x7,x0,100110	  x7:0x00000065  x0:0x00000000
0077a023	sw	x7,0(x15)	 x15:0x00020000  x7:0x00000065 PA:0x00020000 store:0x00000065 load:0x00000000
00554583	lbu	x11,5(x10)	 x10:0x00101c04 x11=0x00000063 PA:0x00101c09 store:0x00000078
02058663	beq	x11,x0,100110	 x11:0x00000063  x0:0x00000000
00b7a023	sw	x11,0(x15)	 x15:0x00020000 x11:0x00000063 PA:0x00020000 store:0x00000063 load:0x00000000
00654603	lbu	x12,6(x10)	 x10:0x00101c04 x12=0x00000074 PA:0x00101c0a store:0x00000070
02060063	beq	x12,x0,100110	 x12:0x00000074  x0:0x00000000
00c7a023	sw	x12,0(x15)	 x15:0x00020000 x12:0x00000074 PA:0x00020000 store:0x00000074 load:0x00000000
00754683	lbu	x13,7(x10)	 x10:0x00101c04 x13=0x00000069 PA:0x00101c0b store:0x00000065
00850513	addi	x10,x10,8	 x10:0x00101c04 x10=0x00101c0c
00068863	beq	x13,x0,100110	 x13:0x00000069  x0:0x00000000
00d7a023	sw	x13,0(x15)	 x15:0x00020000 x13:0x00000069 PA:0x00020000 store:0x00000069 load:0x00000000
00054803	lbu	x16,0(x10)	 x10:0x00101c0c x16=0x0000006e PA:0x00101c0c store:0x00000000
fa0810e3	bne	x16,x0,1000ac	 x16:0x0000006e  x0:0x00000000
0107a023	sw	x16,0(x15)	 x15:0x00020000 x16:0x0000006e PA:0x00020000 store:0x0000006e load:0x00000000
00154703	lbu	x14,1(x10)	 x10:0x00101c0c x14=0x00000067 PA:0x00101c0d store:0x00101770
04070e63	beq	x14,x0,100110	 x14:0x00000067  x0:0x00000000
00e7a023	sw	x14,0(x15)	 x15:0x00020000 x14:0x00000067 PA:0x00020000 store:0x00000067 load:0x00000000
00254283	lbu	x5,2(x10)	 x10:0x00101c0c  x5=0x0000003a PA:0x00101c0e store:0x00137fa0
04028863	beq	x5,x0,100110	  x5:0x0000003a  x0:0x00000000
0057a023	sw	x5,0(x15)	 x15:0x00020000  x5:0x0000003a PA:0x00020000 store:0x0000003a load:0x00000000
00354303	lbu	x6,3(x10)	 x10:0x00101c0c  x6=0x00000020 PA:0x00101c0f store:0x00000000
04030263	beq	x6,x0,100110	  x6:0x00000020  x0:0x00000000
0067a023	sw	x6,0(x15)	 x15:0x00020000  x6:0x00000020 PA:0x00020000 store:0x00000020 load:0x00000000
00454383	lbu	x7,4(x10)	 x10:0x00101c0c  x7=0x00000030 PA:0x00101c10 store:0x00000000
02038c63	beq	x7,x0,100110	  x7:0x00000030  x0:0x00000000
0077a023	sw	x7,0(x15)	 x15:0x00020000  x7:0x00000030 PA:0x00020000 store:0x00000030 load:0x00000000
00554583	lbu	x11,5(x10)	 x10:0x00101c0c x11=0x00000078 PA:0x00101c11 store:0x0000003a
02058663	beq	x11,x0,100110	 x11:0x00000078  x0:0x00000000
00b7a023	sw	x11,0(x15)	 x15:0x00020000 x11:0x00000078 PA:0x00020000 store:0x00000078 load:0x00000000
00654603	lbu	x12,6(x10)	 x10:0x00101c0c x12=0x00000037 PA:0x00101c12 store:0x00000020
02060063	beq	x12,x0,100110	 x12:0x00000037  x0:0x00000000
00c7a023	sw	x12,0(x15)	 x15:0x00020000 x12:0x00000037 PA:0x00020000 store:0x00000037 load:0x00000000
00754683	lbu	x13,7(x10)	 x10:0x00101c0c x13=0x00000066 PA:0x00101c13 store:0x00000030
00850513	addi	x10,x10,8	 x10:0x00101c0c x10=0x00101c14
00068863	beq	x13,x0,100110	 x13:0x00000066  x0:0x00000000
00d7a023	sw	x13,0(x15)	 x15:0x00020000 x13:0x00000066 PA:0x00020000 store:0x00000066 load:0x00000000
00054803	lbu	x16,0(x10)	 x10:0x00101c14 x16=0x00000031 PA:0x00101c14 store:0x00000000
fa0810e3	bne	x16,x0,1000ac	 x16:0x00000031  x0:0x00000000
0107a023	sw	x16,0(x15)	 x15:0x00020000 x16:0x00000031 PA:0x00020000 store:0x00000031 load:0x00000000
00154703	lbu	x14,1(x10)	 x10:0x00101c14 x14=0x00000036 PA:0x00101c15 store:0x00101770
04070e63	beq	x14,x0,100110	 x14:0x00000036  x0:0x00000000
00e7a023	sw	x14,0(x15)	 x15:0x00020000 x14:0x00000036 PA:0x00020000 store:0x00000036 load:0x00000000
00254283	lbu	x5,2(x10)	 x10:0x00101c14  x5=0x00000037 PA:0x00101c16 store:0x00137fa0
04028863	beq	x5,x0,100110	  x5:0x00000037  x0:0x00000000
0057a023	sw	x5,0(x15)	 x15:0x00020000  x5:0x00000037 PA:0x00020000 store:0x00000037 load:0x00000000
00354303	lbu	x6,3(x10)	 x10:0x00101c14  x6=0x00000036 PA:0x00101c17 store:0x00000000
04030263	beq	x6,x0,100110	  x6:0x00000036  x0:0x00000000
0067a023	sw	x6,0(x15)	 x15:0x00020000  x6:0x00000036 PA:0x00020000 store:0x00000036 load:0x00000000
00454383	lbu	x7,4(x10)	 x10:0x00101c14  x7=0x00000039 PA:0x00101c18 store:0x00000000
02038c63	beq	x7,x0,100110	  x7:0x00000039  x0:0x00000000
0077a023	sw	x7,0(x15)	 x15:0x00020000  x7:0x00000039 PA:0x00020000 store:0x00000039 load:0x00000000
00554583	lbu	x11,5(x10)	 x10:0x00101c14 x11=0x00000039 PA:0x00101c19 store:0x00000037
02058663	beq	x11,x0,100110	 x11:0x00000039  x0:0x00000000
00b7a023	sw	x11,0(x15)	 x15:0x00020000 x11:0x00000039 PA:0x00020000 store:0x00000039 load:0x00000000
00654603	lbu	x12,6(x10)	 x10:0x00101c14 x12=0x0000003a PA:0x00101c1a store:0x00000036
02060063	beq	x12,x0,100110	 x12:0x0000003a  x0:0x00000000
00c7a023	sw	x12,0(x15)	 x15:0x00020000 x12:0x0000003a PA:0x00020000 store:0x0000003a load:0x00000000
00754683	lbu	x13,7(x10)	 x10:0x00101c14 x13=0x00000020 PA:0x00101c1b store:0x00000039
00850513	addi	x10,x10,8	 x10:0x00101c14 x10=0x00101c1c
00068863	beq	x13,x0,100110	 x13:0x00000020  x0:0x00000000
00d7a023	sw	x13,0(x15)	 x15:0x00020000 x13:0x00000020 PA:0x00020000 store:0x00000020 load:0x00000000
00054803	lbu	x16,0(x10)	 x10:0x00101c1c x16=0x00000000 PA:0x00101c1c store:0x00000000
fa0810e3	bne	x16,x0,1000ac	 x16:0x00000000  x0:0x00000000
00000513	addi	x10,x0,0	  x0:0x00000000 x10=0x00000000
00008067	jalr	x0,0(x1)	  x1:0x00101770  x0=0x00000000
cf8a2503	lw	x10,-776(x20)	 x20:0x00102000 x10=0x7f167699 PA:0x00101cf8 store:0x00102000
9adfe0ef	jal	x1,100120	  x1=0x00101778
01c55793	srli	x15,x10,0x1c	 x10:0x7f167699 x15=0x00000007
00900713	addi	x14,x0,9	  x0:0x00000000 x14=0x00000009
0cf77a63	bgeu	x14,x15,1001fc	 x14:0x00000009 x15:0x00000007
03078393	addi	x7,x15,48	 x15:0x00000007  x7=0x00000037
000205b7	lui	x11,0x20	 x11=0x00020000
00451613	slli	x12,x10,0x4	 x10:0x7f167699 x12=0xf1676990
0075a023	sw	x7,0(x11)	 x11:0x00020000  x7:0x00000037 PA:0x00020000 store:0x00000037 load:0x00000000
01c65693	srli	x13,x12,0x1c	 x12:0xf1676990 x13=0x0000000f
00900813	addi	x16,x0,9	  x0:0x00000000 x16=0x00000009
f2d86ae3	bltu	x16,x13,100148	 x16:0x00000009 x13:0x0000000f
03768893	addi	x17,x13,55	 x13:0x0000000f x17=0x00000046
00020e37	lui	x28,0x20	 x28=0x00020000
00851f93	slli	x31,x10,0x8	 x10:0x7f167699 x31=0x16769900
011e2023	sw	x17,0(x28)	 x28:0x00020000 x17:0x00000046 PA:0x00020000 store:0x00000046 load:0x00000000
01cfd793	srli	x15,x31,0x1c	 x31:0x16769900 x15=0x00000001
00900713	addi	x14,x0,9	  x0:0x00000000 x14=0x00000009
0cf77a63	bgeu	x14,x15,100234	 x14:0x00000009 x15:0x00000001
03078393	addi	x7,x15,48	 x15:0x00000001  x7=0x00000031
000205b7	lui	x11,0x20	 x11=0x00020000
00c51613	slli	x12,x10,0xc	 x10:0x7f167699 x12=0x67699000
0075a023	sw	x7,0(x11)	 x11:0x00020000  x7:0x00000031 PA:0x00020000 store:0x00000031 load:0x00000000
01c65693	srli	x13,x12,0x1c	 x12:0x67699000 x13=0x00000006
00900813	addi	x16,x0,9	  x0:0x00000000 x16=0x00000009
f2d86ae3	bltu	x16,x13,100180	 x16:0x00000009 x13:0x00000006
03068e93	addi	x29,x13,48	 x13:0x00000006 x29=0x00000036
00020f37	lui	x30,0x20	 x30=0x00020000
01051f93	slli	x31,x10,0x10	 x10:0x7f167699 x31=0x76990000
01df2023	sw	x29,0(x30)	 x30:0x00020000 x29:0x00000036 PA:0x00020000 store:0x00000036 load:0x00000000
01cfd793	srli	x15,x31,0x1c	 x31:0x76990000 x15=0x00000007
00900713	addi	x14,x0,9	  x0:0x00000000 x14=0x00000009
f2f76ae3	bltu	x14,x15,10019c	 x14:0x00000009 x15:0x00000007
03078393	addi	x7,x15,48	 x15:0x00000007  x7=0x00000037
000205b7	lui	x11,0x20	 x11=0x00020000
01451613	slli	x12,x10,0x14	 x10:0x7f167699 x12=0x69900000
0075a023	sw	x7,0(x11)	 x11:0x00020000  x7:0x00000037 PA:0x00020000 store:0x00000037 load:0x00000000
01c65693	srli	x13,x12,0x1c	 x12:0x69900000 x13=0x00000006
00900813	addi	x16,x0,9	  x0:0x00000000 x16=0x00000009
f2d86ae3	bltu	x16,x13,1001b8	 x16:0x00000009 x13:0x00000006
03068e93	addi	x29,x13,48	 x13:0x00000006 x29=0x00000036
00020f37	lui	x30,0x20	 x30=0x00020000
01851f93	slli	x31,x10,0x18	 x10:0x7f167699 x31=0x99000000
01df2023	sw	x29,0(x30)	 x30:0x00020000 x29:0x00000036 PA:0x00020000 store:0x00000036 load:0x00000000
01cfd793	srli	x15,x31,0x1c	 x31:0x99000000 x15=0x00000009
00900713	addi	x14,x0,9	  x0:0x00000000 x14=0x00000009
f2f76ae3	bltu	x14,x15,1001d4	 x14:0x00000009 x15:0x00000009
03078393	addi	x7,x15,48	 x15:0x00000009  x7=0x00000039
000205b7	lui	x11,0x20	 x11=0x00020000
0075a023	sw	x7,0(x11)	 x11:0x00020000  x7:0x00000039 PA:0x00020000 store:0x00000039 load:0x00000000
00f57513	andi	x10,x10,15	 x10:0x7f167699 x10=0x00000009
00900613	addi	x12,x0,9	  x0:0x00000000 x12=0x00000009
f2a67ae3	bgeu	x12,x10,1001ec	 x12:0x00000009 x10:0x00000009
03050893	addi	x17,x10,48	 x10:0x00000009 x17=0x00000039
00020e37	lui	x28,0x20	 x28=0x00020000
011e2023	sw	x17,0(x28)	 x28:0x00020000 x17:0x00000039 PA:0x00020000 store:0x00000039 load:0x00000000
00008067	jalr	x0,0(x1)	  x1:0x00101778  x0=0x00000000
00102eb7	lui	x29,0x102	 x29=0x00102000
c20e8513	addi	x10,x29,-992	 x29:0x00102000 x10=0x00101c20
921fe0ef	jal	x1,1000a0	  x1=0x00101784
00054803	lbu	x16,0(x10)	 x10:0x00101c20 x16=0x0000000a PA:0x00101c20 store:0x00000000
06080663	beq	x16,x0,100110	 x16:0x0000000a  x0:0x00000000
000207b7	lui	x15,0x20	 x15=0x00020000
0107a023	sw	x16,0(x15)	 x15:0x00020000 x16:0x0000000a PA:0x00020000 store:0x0000000a load:0x00000000
00154703	lbu	x14,1(x10)	 x10:0x00101c20 x14=0x0000000a PA:0x00101c21 store:0x00101784
04070e63	beq	x14,x0,100110	 x14:0x0000000a  x0:0x00000000
00e7a023	sw	x14,0(x15)	 x15:0x00020000 x14:0x0000000a PA:0x00020000 store:0x0000000a load:0x00000000
00254283	lbu	x5,2(x10)	 x10:0x00101c20  x5=0x00000054 PA:0x00101c22 store:0x00137fa0
04028863	beq	x5,x0,100110	  x5:0x00000054  x0:0x00000000
0057a023	sw	x5,0(x15)	 x15:0x00020000  x5:0x00000054 PA:0x00020000 store:0x00000054 load:0x00000000
00354303	lbu	x6,3(x10)	 x10:0x00101c20  x6=0x00000065 PA:0x00101c23 store:0x00000000
04030263	beq	x6,x0,100110	  x6:0x00000065  x0:0x00000000
0067a023	sw	x6,0(x15)	 x15:0x00020000  x6:0x00000065 PA:0x00020000 store:0x00000065 load:0x00000000
00454383	lbu	x7,4(x10)	 x10:0x00101c20  x7=0x00000073 PA:0x00101c24 store:0x00000000
02038c63	beq	x7,x0,100110	  x7:0x00000073  x0:0x00000000
0077a023	sw	x7,0(x15)	 x15:0x00020000  x7:0x00000073 PA:0x00020000 store:0x00000073 load:0x00000000
00554583	lbu	x11,5(x10)	 x10:0x00101c20 x11=0x00000074 PA:0x00101c25 store:0x00000054
02058663	beq	x11,x0,100110	 x11:0x00000074  x0:0x00000000
00b7a023	sw	x11,0(x15)	 x15:0x00020000 x11:0x00000074 PA:0x00020000 store:0x00000074 load:0x00000000
00654603	lbu	x12,6(x10)	 x10:0x00101c20 x12=0x00000069 PA:0x00101c26 store:0x00000065
02060063	beq	x12,x0,100110	 x12:0x00000069  x0:0x00000000
00c7a023	sw	x12,0(x15)	 x15:0x00020000 x12:0x00000069 PA:0x00020000 store:0x00000069 load:0x00000000
00754683	lbu	x13,7(x10)	 x10:0x00101c20 x13=0x0000006e PA:0x00101c27 store:0x00000073
00850513	addi	x10,x10,8	 x10:0x00101c20 x10=0x00101c28
00068863	beq	x13,x0,100110	 x13:0x0000006e  x0:0x00000000
00d7a023	sw	x13,0(x15)	 x15:0x00020000 x13:0x0000006e PA:0x00020000 store:0x0000006e load:0x00000000
00054803	lbu	x16,0(x10)	 x10:0x00101c28 x16=0x00000067 PA:0x00101c28 store:0x00000000
fa0810e3	bne	x16,x0,1000ac	 x16:0x00000067  x0:0x00000000
0107a023	sw	x16,0(x15)	 x15:0x00020000 x16:0x00000067 PA:0x00020000 store:0x00000067 load:0x00000000
00154703	lbu	x14,1(x10)	 x10:0x00101c28 x14=0x00000020 PA:0x00101c29 store:0x00101784
04070e63	beq	x14,x0,100110	 x14:0x00000020  x0:0x00000000
00e7a023	sw	x14,0(x15)	 x15:0x00020000 x14:0x00000020 PA:0x00020000 store:0x00000020 load:0x00000000
00254283	lbu	x5,2(x10)	 x10:0x00101c28  x5=0x0000004d PA:0x00101c2a store:0x00137fa0
04028863	beq	x5,x0,100110	  x5:0x0000004d  x0:0x00000000
0057a023	sw	x5,0(x15)	 x15:0x00020000  x5:0x0000004d PA:0x00020000 store:0x0000004d load:0x00000000
00354303	lbu	x6,3(x10)	 x10:0x00101c28  x6=0x00000041 PA:0x00101c2b store:0x00000000
04030263	beq	x6,x0,100110	  x6:0x00000041  x0:0x00000000
0067a023	sw	x6,0(x15)	 x15:0x00020000  x6:0x00000041 PA:0x00020000 store:0x00000041 load:0x00000000
00454383	lbu	x7,4(x10)	 x10:0x00101c28  x7=0x00000058 PA:0x00101c2c store:0x00000000
02038c63	beq	x7,x0,100110	  x7:0x00000058  x0:0x00000000
0077a023	sw	x7,0(x15)	 x15:0x00020000  x7:0x00000058 PA:0x00020000 store:0x00000058 load:0x00000000
00554583	lbu	x11,5(x10)	 x10:0x00101c28 x11=0x00000020 PA:0x00101c2d store:0x0000004d
02058663	beq	x11,x0,100110	 x11:0x00000020  x0:0x00000000
00b7a023	sw	x11,0(x15)	 x15:0x00020000 x11:0x00000020 PA:0x00020000 store:0x00000020 load:0x00000000
00654603	lbu	x12,6(x10)	 x10:0x00101c28 x12=0x00000069 PA:0x00101c2e store:0x00000041
02060063	beq	x12,x0,100110	 x12:0x00000069  x0:0x00000000
00c7a023	sw	x12,0(x15)	 x15:0x00020000 x12:0x00000069 PA:0x00020000 store:0x00000069 load:0x00000000
00754683	lbu	x13,7(x10)	 x10:0x00101c28 x13=0x0000006e PA:0x00101c2f store:0x00000058
00850513	addi	x10,x10,8	 x10:0x00101c28 x10=0x00101c30
00068863	beq	x13,x0,100110	 x13:0x0000006e  x0:0x00000000
00d7a023	sw	x13,0(x15)	 x15:0x00020000 x13:0x0000006e PA:0x00020000 store:0x0000006e load:0x00000000
00054803	lbu	x16,0(x10)	 x10:0x00101c30 x16=0x00000073 PA:0x00101c30 store:0x00000000
fa0810e3	bne	x16,x0,1000ac	 x16:0x00000073  x0:0x00000000
0107a023	sw	x16,0(x15)	 x15:0x00020000 x16:0x00000073 PA:0x00020000 store:0x00000073 load:0x00000000
00154703	lbu	x14,1(x10)	 x10:0x00101c30 x14=0x00000074 PA:0x00101c31 store:0x00101784
04070e63	beq	x14,x0,100110	 x14:0x00000074  x0:0x00000000
00e7a023	sw	x14,0(x15)	 x15:0x00020000 x14:0x00000074 PA:0x00020000 store:0x00000074 load:0x00000000
00254283	lbu	x5,2(x10)	 x10:0x00101c30  x5=0x00000072 PA:0x00101c32 store:0x00137fa0
04028863	beq	x5,x0,100110	  x5:0x00000072  x0:0x00000000
0057a023	sw	x5,0(x15)	 x15:0x00020000  x5:0x00000072 PA:0x00020000 store:0x00000072 load:0x00000000
00354303	lbu	x6,3(x10)	 x10:0x00101c30  x6=0x00000075 PA:0x00101c33 store:0x00000000
04030263	beq	x6,x0,100110	  x6:0x00000075  x0:0x00000000
0067a023	sw	x6,0(x15)	 x15:0x00020000  x6:0x00000075 PA:0x00020000 store:0x00000075 load:0x00000000
00454383	lbu	x7,4(x10)	 x10:0x00101c30  x7=0x00000063 PA:0x00101c34 store:0x00000000
02038c63	beq	x7,x0,100110	  x7:0x00000063  x0:0x00000000
0077a023	sw	x7,0(x15)	 x15:0x00020000  x7:0x00000063 PA:0x00020000 store:0x00000063 load:0x00000000
00554583	lbu	x11,5(x10)	 x10:0x00101c30 x11=0x00000074 PA:0x00101c35 store:0x00000072
02058663	beq	x11,x0,100110	 x11:0x00000074  x0:0x00000000
00b7a023	sw	x11,0(x15)	 x15:0x00020000 x11:0x00000074 PA:0x00020000 store:0x00000074 load:0x00000000
00654603	lbu	x12,6(x10)	 x10:0x00101c30 x12=0x00000069 PA:0x00101c36 store:0x00000075
02060063	beq	x12,x0,100110	 x12:0x00000069  x0:0x00000000
00c7a023	sw	x12,0(x15)	 x15:0x00020000 x12:0x00000069 PA:0x00020000 store:0x00000069 load:0x00000000
00754683	lbu	x13,7(x10)	 x10:0x00101c30 x13=0x0000006f PA:0x00101c37 store:0x00000063
00850513	addi	x10,x10,8	 x10:0x00101c30 x10=0x00101c38
00068863	beq	x13,x0,100110	 x13:0x0000006f  x0:0x00000000
00d7a023	sw	x13,0(x15)	 x15:0x00020000 x13:0x0000006f PA:0x00020000 store:0x0000006f load:0x00000000
00054803	lbu	x16,0(x10)	 x10:0x00101c38 x16=0x0000006e PA:0x00101c38 store:0x00000000
fa0810e3	bne	x16,x0,1000ac	 x16:0x0000006e  x0:0x00000000
0107a023	sw	x16,0(x15)	 x15:0x00020000 x16:0x0000006e PA:0x00020000 store:0x0000006e load:0x00000000
00154703	lbu	x14,1(x10)	 x10:0x00101c38 x14=0x00000073 PA:0x00101c39 store:0x00101784
04070e63	beq	x14,x0,100110	 x14:0x00000073  x0:0x00000000
00e7a023	sw	x14,0(x15)	 x15:0x00020000 x14:0x00000073 PA:0x00020000 store:0x00000073 load:0x00000000
00254283	lbu	x5,2(x10)	 x10:0x00101c38  x5=0x0000003a PA:0x00101c3a store:0x00137fa0
04028863	beq	x5,x0,100110	  x5:0x0000003a  x0:0x00000000
0057a023	sw	x5,0(x15)	 x15:0x00020000  x5:0x0000003a PA:0x00020000 store:0x0000003a load:0x00000000
00354303	lbu	x6,3(x10)	 x10:0x00101c38  x6=0x00000020 PA:0x00101c3b store:0x00000000
04030263	beq	x6,x0,100110	  x6:0x00000020  x0:0x00000000
0067a023	sw	x6,0(x15)	 x15:0x00020000  x6:0x00000020 PA:0x00020000 store:0x00000020 load:0x00000000
00454383	lbu	x7,4(x10)	 x10:0x00101c38  x7=0x00000000 PA:0x00101c3c store:0x00000000
02038c63	beq	x7,x0,100110	  x7:0x00000000  x0:0x00000000
00000513	addi	x10,x0,0	  x0:0x00000000 x10=0x00000000
00008067	jalr	x0,0(x1)	  x1:0x00101784  x0=0x00000000
d32ba227	fsw	f18,-732(x23)	 f23:0x00102000 f18:0x80000000 PA:0x00101d24 store:0x00000000 load:0x00000000
d29ca027	fsw	f9,-736(x25)	 f25:0x00102000  f9:0x7fc00000 PA:0x00101d20 store:0x80000000 load:0x00000000
d24ba887	flw	f17,-732(x23)	 f23:0x00102000 f17=0x00000000 PA:0x00101d24 store:0x80000000
d20ca487	flw	f9,-736(x25)	 f25:0x00102000  f9=0x00000000 PA:0x00101d20 store:0x7fa00000
28989953	fmax.s	f18,f17,f9	 f17:0x00000039  f9:0x7fc00000 f18=0x00000000
d12aa027	fsw	f18,-768(x21)	 f21:0x00102000 f18:0x80000000 PA:0x00101d00 store:0x00000000 load:0x80000000
d00aae07	flw	f28,-768(x21)	 f21:0x00102000 f28=0x00000000 PA:0x00101d00 store:0x7fa00000
00102f37	lui	x30,0x102	 x30=0x00102000
c40f0513	addi	x10,x30,-960	 x30:0x00102000 x10=0x00101c40
e00e0fd3	fmv.x.w	x31,f28	 f28:0x00020000 x31=0x00000000
cffa2c23	sw	x31,-776(x20)	 x20:0x00102000 x31:0x00000000 PA:0x00101cf8 store:0x00000000 load:0x00000000
8f1fe0ef	jal	x1,1000a0	  x1=0x001017b4
00054803	lbu	x16,0(x10)	 x10:0x00101c40 x16=0x0000000a PA:0x00101c40 store:0x00000000
06080663	beq	x16,x0,100110	 x16:0x0000000a  x0:0x00000000
000207b7	lui	x15,0x20	 x15=0x00020000
0107a023	sw	x16,0(x15)	 x15:0x00020000 x16:0x0000000a PA:0x00020000 store:0x0000000a load:0x00000000
00154703	lbu	x14,1(x10)	 x10:0x00101c40 x14=0x00000020 PA:0x00101c41 store:0x001017b4
04070e63	beq	x14,x0,100110	 x14:0x00000020  x0:0x00000000
00e7a023	sw	x14,0(x15)	 x15:0x00020000 x14:0x00000020 PA:0x00020000 store:0x00000020 load:0x00000000
00254283	lbu	x5,2(x10)	 x10:0x00101c40  x5=0x0000004d PA:0x00101c42 store:0x00137fa0
04028863	beq	x5,x0,100110	  x5:0x0000004d  x0:0x00000000
0057a023	sw	x5,0(x15)	 x15:0x00020000  x5:0x0000004d PA:0x00020000 store:0x0000004d load:0x00000000
00354303	lbu	x6,3(x10)	 x10:0x00101c40  x6=0x00000041 PA:0x00101c43 store:0x00000000
04030263	beq	x6,x0,100110	  x6:0x00000041  x0:0x00000000
0067a023	sw	x6,0(x15)	 x15:0x00020000  x6:0x00000041 PA:0x00020000 store:0x00000041 load:0x00000000
00454383	lbu	x7,4(x10)	 x10:0x00101c40  x7=0x00000058 PA:0x00101c44 store:0x00000000
02038c63	beq	x7,x0,100110	  x7:0x00000058  x0:0x00000000
0077a023	sw	x7,0(x15)	 x15:0x00020000  x7:0x00000058 PA:0x00020000 store:0x00000058 load:0x00000000
00554583	lbu	x11,5(x10)	 x10:0x00101c40 x11=0x00000028 PA:0x00101c45 store:0x0000004d
02058663	beq	x11,x0,100110	 x11:0x00000028  x0:0x00000000
00b7a023	sw	x11,0(x15)	 x15:0x00020000 x11:0x00000028 PA:0x00020000 store:0x00000028 load:0x00000000
00654603	lbu	x12,6(x10)	 x10:0x00101c40 x12=0x00000030 PA:0x00101c46 store:0x00000041
02060063	beq	x12,x0,100110	 x12:0x00000030  x0:0x00000000
00c7a023	sw	x12,0(x15)	 x15:0x00020000 x12:0x00000030 PA:0x00020000 store:0x00000030 load:0x00000000
00754683	lbu	x13,7(x10)	 x10:0x00101c40 x13=0x0000002e PA:0x00101c47 store:0x00000058
00850513	addi	x10,x10,8	 x10:0x00101c40 x10=0x00101c48
00068863	beq	x13,x0,100110	 x13:0x0000002e  x0:0x00000000
00d7a023	sw	x13,0(x15)	 x15:0x00020000 x13:0x0000002e PA:0x00020000 store:0x0000002e load:0x00000000
00054803	lbu	x16,0(x10)	 x10:0x00101c48 x16=0x00000030 PA:0x00101c48 store:0x00000000
fa0810e3	bne	x16,x0,1000ac	 x16:0x00000030  x0:0x00000000
0107a023	sw	x16,0(x15)	 x15:0x00020000 x16:0x00000030 PA:0x00020000 store:0x00000030 load:0x00000000
00154703	lbu	x14,1(x10)	 x10:0x00101c48 x14=0x0000002c PA:0x00101c49 store:0x001017b4
04070e63	beq	x14,x0,100110	 x14:0x0000002c  x0:0x00000000
00e7a023	sw	x14,0(x15)	 x15:0x00020000 x14:0x0000002c PA:0x00020000 store:0x0000002c load:0x00000000
00254283	lbu	x5,2(x10)	 x10:0x00101c48  x5=0x00000020 PA:0x00101c4a store:0x00137fa0
04028863	beq	x5,x0,100110	  x5:0x00000020  x0:0x00000000
0057a023	sw	x5,0(x15)	 x15:0x00020000  x5:0x00000020 PA:0x00020000 store:0x00000020 load:0x00000000
00354303	lbu	x6,3(x10)	 x10:0x00101c48  x6=0x0000002d PA:0x00101c4b store:0x00000000
04030263	beq	x6,x0,100110	  x6:0x0000002d  x0:0x00000000
0067a023	sw	x6,0(x15)	 x15:0x00020000  x6:0x0000002d PA:0x00020000 store:0x0000002d load:0x00000000
00454383	lbu	x7,4(x10)	 x10:0x00101c48  x7=0x00000030 PA:0x00101c4c store:0x00000000
02038c63	beq	x7,x0,100110	  x7:0x00000030  x0:0x00000000
0077a023	sw	x7,0(x15)	 x15:0x00020000  x7:0x00000030 PA:0x00020000 store:0x00000030 load:0x00000000
00554583	lbu	x11,5(x10)	 x10:0x00101c48 x11=0x0000002e PA:0x00101c4d store:0x00000020
02058663	beq	x11,x0,100110	 x11:0x0000002e  x0:0x00000000
00b7a023	sw	x11,0(x15)	 x15:0x00020000 x11:0x0000002e PA:0x00020000 store:0x0000002e load:0x00000000
00654603	lbu	x12,6(x10)	 x10:0x00101c48 x12=0x00000030 PA:0x00101c4e store:0x0000002d
02060063	beq	x12,x0,100110	 x12:0x00000030  x0:0x00000000
00c7a023	sw	x12,0(x15)	 x15:0x00020000 x12:0x00000030 PA:0x00020000 store:0x00000030 load:0x00000000
00754683	lbu	x13,7(x10)	 x10:0x00101c48 x13=0x00000029 PA:0x00101c4f store:0x00000030
00850513	addi	x10,x10,8	 x10:0x00101c48 x10=0x00101c50
00068863	beq	x13,x0,100110	 x13:0x00000029  x0:0x00000000
00d7a023	sw	x13,0(x15)	 x15:0x00020000 x13:0x00000029 PA:0x00020000 store:0x00000029 load:0x00000000
00054803	lbu	x16,0(x10)	 x10:0x00101c50 x16=0x0000002c PA:0x00101c50 store:0x00000000
fa0810e3	bne	x16,x0,1000ac	 x16:0x0000002c  x0:0x00000000
0107a023	sw	x16,0(x15)	 x15:0x00020000 x16:0x0000002c PA:0x00020000 store:0x0000002c load:0x00000000
00154703	lbu	x14,1(x10)	 x10:0x00101c50 x14=0x00000020 PA:0x00101c51 store:0x001017b4
04070e63	beq	x14,x0,100110	 x14:0x00000020  x0:0x00000000
00e7a023	sw	x14,0(x15)	 x15:0x00020000 x14:0x00000020 PA:0x00020000 store:0x00000020 load:0x00000000
00254283	lbu	x5,2(x10)	 x10:0x00101c50  x5=0x00000065 PA:0x00101c52 store:0x00137fa0
04028863	beq	x5,x0,100110	  x5:0x00000065  x0:0x00000000
0057a023	sw	x5,0(x15)	 x15:0x00020000  x5:0x00000065 PA:0x00020000 store:0x00000065 load:0x00000000
00354303	lbu	x6,3(x10)	 x10:0x00101c50  x6=0x00000078 PA:0x00101c53 store:0x00000000
04030263	beq	x6,x0,100110	  x6:0x00000078  x0:0x00000000
0067a023	sw	x6,0(x15)	 x15:0x00020000  x6:0x00000078 PA:0x00020000 store:0x00000078 load:0x00000000
00454383	lbu	x7,4(x10)	 x10:0x00101c50  x7=0x00000070 PA:0x00101c54 store:0x00000000
02038c63	beq	x7,x0,100110	  x7:0x00000070  x0:0x00000000
0077a023	sw	x7,0(x15)	 x15:0x00020000  x7:0x00000070 PA:0x00020000 store:0x00000070 load:0x00000000
00554583	lbu	x11,5(x10)	 x10:0x00101c50 x11=0x00000065 PA:0x00101c55 store:0x00000065
02058663	beq	x11,x0,100110	 x11:0x00000065  x0:0x00000000
00b7a023	sw	x11,0(x15)	 x15:0x00020000 x11:0x00000065 PA:0x00020000 store:0x00000065 load:0x00000000
00654603	lbu	x12,6(x10)	 x10:0x00101c50 x12=0x00000063 PA:0x00101c56 store:0x00000078
02060063	beq	x12,x0,100110	 x12:0x00000063  x0:0x00000000
00c7a023	sw	x12,0(x15)	 x15:0x00020000 x12:0x00000063 PA:0x00020000 store:0x00000063 load:0x00000000
00754683	lbu	x13,7(x10)	 x10:0x00101c50 x13=0x00000074 PA:0x00101c57 store:0x00000070
00850513	addi	x10,x10,8	 x10:0x00101c50 x10=0x00101c58
00068863	beq	x13,x0,100110	 x13:0x00000074  x0:0x00000000
00d7a023	sw	x13,0(x15)	 x15:0x00020000 x13:0x00000074 PA:0x00020000 store:0x00000074 load:0x00000000
00054803	lbu	x16,0(x10)	 x10:0x00101c58 x16=0x00000069 PA:0x00101c58 store:0x00000000
fa0810e3	bne	x16,x0,1000ac	 x16:0x00000069  x0:0x00000000
0107a023	sw	x16,0(x15)	 x15:0x00020000 x16:0x00000069 PA:0x00020000 store:0x00000069 load:0x00000000
00154703	lbu	x14,1(x10)	 x10:0x00101c58 x14=0x0000006e PA:0x00101c59 store:0x001017b4
04070e63	beq	x14,x0,100110	 x14:0x0000006e  x0:0x00000000
00e7a023	sw	x14,0(x15)	 x15:0x00020000 x14:0x0000006e PA:0x00020000 store:0x0000006e load:0x00000000
00254283	lbu	x5,2(x10)	 x10:0x00101c58  x5=0x00000067 PA:0x00101c5a store:0x00137fa0
04028863	beq	x5,x0,100110	  x5:0x00000067  x0:0x00000000
0057a023	sw	x5,0(x15)	 x15:0x00020000  x5:0x00000067 PA:0x00020000 store:0x00000067 load:0x00000000
00354303	lbu	x6,3(x10)	 x10:0x00101c58  x6=0x0000003a PA:0x00101c5b store:0x00000000
04030263	beq	x6,x0,100110	  x6:0x0000003a  x0:0x00000000
0067a023	sw	x6,0(x15)	 x15:0x00020000  x6:0x0000003a PA:0x00020000 store:0x0000003a load:0x00000000
00454383	lbu	x7,4(x10)	 x10:0x00101c58  x7=0x00000020 PA:0x00101c5c store:0x00000000
02038c63	beq	x7,x0,100110	  x7:0x00000020  x0:0x00000000
0077a023	sw	x7,0(x15)	 x15:0x00020000  x7:0x00000020 PA:0x00020000 store:0x00000020 load:0x00000000
00554583	lbu	x11,5(x10)	 x10:0x00101c58 x11=0x00000030 PA:0x00101c5d store:0x00000067
02058663	beq	x11,x0,100110	 x11:0x00000030  x0:0x00000000
00b7a023	sw	x11,0(x15)	 x15:0x00020000 x11:0x00000030 PA:0x00020000 store:0x00000030 load:0x00000000
00654603	lbu	x12,6(x10)	 x10:0x00101c58 x12=0x00000078 PA:0x00101c5e store:0x0000003a
02060063	beq	x12,x0,100110	 x12:0x00000078  x0:0x00000000
00c7a023	sw	x12,0(x15)	 x15:0x00020000 x12:0x00000078 PA:0x00020000 store:0x00000078 load:0x00000000
00754683	lbu	x13,7(x10)	 x10:0x00101c58 x13=0x00000030 PA:0x00101c5f store:0x00000020
00850513	addi	x10,x10,8	 x10:0x00101c58 x10=0x00101c60
00068863	beq	x13,x0,100110	 x13:0x00000030  x0:0x00000000
00d7a023	sw	x13,0(x15)	 x15:0x00020000 x13:0x00000030 PA:0x00020000 store:0x00000030 load:0x00000000
00054803	lbu	x16,0(x10)	 x10:0x00101c60 x16=0x0000003a PA:0x00101c60 store:0x00000000
fa0810e3	bne	x16,x0,1000ac	 x16:0x0000003a  x0:0x00000000
0107a023	sw	x16,0(x15)	 x15:0x00020000 x16:0x0000003a PA:0x00020000 store:0x0000003a load:0x00000000
00154703	lbu	x14,1(x10)	 x10:0x00101c60 x14=0x00000020 PA:0x00101c61 store:0x001017b4
04070e63	beq	x14,x0,100110	 x14:0x00000020  x0:0x00000000
00e7a023	sw	x14,0(x15)	 x15:0x00020000 x14:0x00000020 PA:0x00020000 store:0x00000020 load:0x00000000
00254283	lbu	x5,2(x10)	 x10:0x00101c60  x5=0x00000000 PA:0x00101c62 store:0x00137fa0
04028863	beq	x5,x0,100110	  x5:0x00000000  x0:0x00000000
00000513	addi	x10,x0,0	  x0:0x00000000 x10=0x00000000
00008067	jalr	x0,0(x1)	  x1:0x001017b4  x0=0x00000000
cf8a2503	lw	x10,-776(x20)	 x20:0x00102000 x10=0x00000000 PA:0x00101cf8 store:0x00102000
969fe0ef	jal	x1,100120	  x1=0x001017bc
01c55793	srli	x15,x10,0x1c	 x10:0x00000000 x15=0x00000000
00900713	addi	x14,x0,9	  x0:0x00000000 x14=0x00000009
0cf77a63	bgeu	x14,x15,1001fc	 x14:0x00000009 x15:0x00000000
03078393	addi	x7,x15,48	 x15:0x00000000  x7=0x00000030
000205b7	lui	x11,0x20	 x11=0x00020000
00451613	slli	x12,x10,0x4	 x10:0x00000000 x12=0x00000000
0075a023	sw	x7,0(x11)	 x11:0x00020000  x7:0x00000030 PA:0x00020000 store:0x00000030 load:0x00000000
01c65693	srli	x13,x12,0x1c	 x12:0x00000000 x13=0x00000000
00900813	addi	x16,x0,9	  x0:0x00000000 x16=0x00000009
f2d86ae3	bltu	x16,x13,100148	 x16:0x00000009 x13:0x00000000
03068e93	addi	x29,x13,48	 x13:0x00000000 x29=0x00000030
00020f37	lui	x30,0x20	 x30=0x00020000
00851f93	slli	x31,x10,0x8	 x10:0x00000000 x31=0x00000000
01df2023	sw	x29,0(x30)	 x30:0x00020000 x29:0x00000030 PA:0x00020000 store:0x00000030 load:0x00000000
01cfd793	srli	x15,x31,0x1c	 x31:0x00000000 x15=0x00000000
00900713	addi	x14,x0,9	  x0:0x00000000 x14=0x00000009
f2f76ae3	bltu	x14,x15,100164	 x14:0x00000009 x15:0x00000000
03078393	addi	x7,x15,48	 x15:0x00000000  x7=0x00000030
000205b7	lui	x11,0x20	 x11=0x00020000
00c51613	slli	x12,x10,0xc	 x10:0x00000000 x12=0x00000000
0075a023	sw	x7,0(x11)	 x11:0x00020000  x7:0x00000030 PA:0x00020000 store:0x00000030 load:0x00000000
01c65693	srli	x13,x12,0x1c	 x12:0x00000000 x13=0x00000000
00900813	addi	x16,x0,9	  x0:0x00000000 x16=0x00000009
f2d86ae3	bltu	x16,x13,100180	 x16:0x00000009 x13:0x00000000
03068e93	addi	x29,x13,48	 x13:0x00000000 x29=0x00000030
00020f37	lui	x30,0x20	 x30=0x00020000
01051f93	slli	x31,x10,0x10	 x10:0x00000000 x31=0x00000000
01df2023	sw	x29,0(x30)	 x30:0x00020000 x29:0x00000030 PA:0x00020000 store:0x00000030 load:0x00000000
01cfd793	srli	x15,x31,0x1c	 x31:0x00000000 x15=0x00000000
00900713	addi	x14,x0,9	  x0:0x00000000 x14=0x00000009
f2f76ae3	bltu	x14,x15,10019c	 x14:0x00000009 x15:0x00000000
03078393	addi	x7,x15,48	 x15:0x00000000  x7=0x00000030
000205b7	lui	x11,0x20	 x11=0x00020000
01451613	slli	x12,x10,0x14	 x10:0x00000000 x12=0x00000000
0075a023	sw	x7,0(x11)	 x11:0x00020000  x7:0x00000030 PA:0x00020000 store:0x00000030 load:0x00000000
01c65693	srli	x13,x12,0x1c	 x12:0x00000000 x13=0x00000000
00900813	addi	x16,x0,9	  x0:0x00000000 x16=0x00000009
f2d86ae3	bltu	x16,x13,1001b8	 x16:0x00000009 x13:0x00000000
03068e93	addi	x29,x13,48	 x13:0x00000000 x29=0x00000030
00020f37	lui	x30,0x20	 x30=0x00020000
01851f93	slli	x31,x10,0x18	 x10:0x00000000 x31=0x00000000
01df2023	sw	x29,0(x30)	 x30:0x00020000 x29:0x00000030 PA:0x00020000 store:0x00000030 load:0x00000000
01cfd793	srli	x15,x31,0x1c	 x31:0x00000000 x15=0x00000000
00900713	addi	x14,x0,9	  x0:0x00000000 x14=0x00000009
f2f76ae3	bltu	x14,x15,1001d4	 x14:0x00000009 x15:0x00000000
03078393	addi	x7,x15,48	 x15:0x00000000  x7=0x00000030
000205b7	lui	x11,0x20	 x11=0x00020000
0075a023	sw	x7,0(x11)	 x11:0x00020000  x7:0x00000030 PA:0x00020000 store:0x00000030 load:0x00000000
00f57513	andi	x10,x10,15	 x10:0x00000000 x10=0x00000000
00900613	addi	x12,x0,9	  x0:0x00000000 x12=0x00000009
f2a67ae3	bgeu	x12,x10,1001ec	 x12:0x00000009 x10:0x00000000
03050893	addi	x17,x10,48	 x10:0x00000000 x17=0x00000030
00020e37	lui	x28,0x20	 x28=0x00020000
011e2023	sw	x17,0(x28)	 x28:0x00020000 x17:0x00000030 PA:0x00020000 store:0x00000030 load:0x00000000
00008067	jalr	x0,0(x1)	  x1:0x001017bc  x0=0x00000000
d28ba227	fsw	f8,-732(x23)	 f23:0x00102000  f8:0x00102000 PA:0x00101d24 store:0x00000047 load:0x00000000
d35ca027	fsw	f21,-736(x25)	 f25:0x00102000 f21:0x00102000 PA:0x00101d20 store:0x00000007 load:0x00000000
d24ba407	flw	f8,-732(x23)	 f23:0x00102000  f8=0x00000000 PA:0x00101d24 store:0x80000000
d20cae87	flw	f29,-736(x25)	 f25:0x00102000 f29=0x00000000 PA:0x00101d20 store:0x7fa00000
29d41f53	fmax.s	f30,f8,f29	  f8:0x00102000 f29:0x00000030 f30=0x00000000
d1eaa027	fsw	f30,-768(x21)	 f21:0x00102000 f30:0x00020000 PA:0x00101d00 store:0x00000047 load:0x00000007
d00aaf87	flw	f31,-768(x21)	 f21:0x00102000 f31=0x00000000 PA:0x00101d00 store:0x7fa00000
c6498513	addi	x10,x19,-924	 x19:0x00102000 x10=0x00101c64
e00f86d3	fmv.x.w	x13,f31	 f31:0x00000000 x13=0x00000047
ceda2c23	sw	x13,-776(x20)	 x20:0x00102000 x13:0x00000047 PA:0x00101cf8 store:0x00000047 load:0x00000047
8bdfe0ef	jal	x1,1000a0	  x1=0x001017e8
00054803	lbu	x16,0(x10)	 x10:0x00101c64 x16=0x0000000a PA:0x00101c64 store:0x00000000
06080663	beq	x16,x0,100110	 x16:0x0000000a  x0:0x00000000
000207b7	lui	x15,0x20	 x15=0x00020000
0107a023	sw	x16,0(x15)	 x15:0x00020000 x16:0x0000000a PA:0x00020000 store:0x0000000a load:0x00000000
00154703	lbu	x14,1(x10)	 x10:0x00101c64 x14=0x00000020 PA:0x00101c65 store:0x001017e8
04070e63	beq	x14,x0,100110	 x14:0x00000020  x0:0x00000000
00e7a023	sw	x14,0(x15)	 x15:0x00020000 x14:0x00000020 PA:0x00020000 store:0x00000020 load:0x00000000
00254283	lbu	x5,2(x10)	 x10:0x00101c64  x5=0x0000004d PA:0x00101c66 store:0x00137fa0
04028863	beq	x5,x0,100110	  x5:0x0000004d  x0:0x00000000
0057a023	sw	x5,0(x15)	 x15:0x00020000  x5:0x0000004d PA:0x00020000 store:0x0000004d load:0x00000000
00354303	lbu	x6,3(x10)	 x10:0x00101c64  x6=0x00000041 PA:0x00101c67 store:0x00000000
04030263	beq	x6,x0,100110	  x6:0x00000041  x0:0x00000000
0067a023	sw	x6,0(x15)	 x15:0x00020000  x6:0x00000041 PA:0x00020000 store:0x00000041 load:0x00000000
00454383	lbu	x7,4(x10)	 x10:0x00101c64  x7=0x00000058 PA:0x00101c68 store:0x00000000
02038c63	beq	x7,x0,100110	  x7:0x00000058  x0:0x00000000
0077a023	sw	x7,0(x15)	 x15:0x00020000  x7:0x00000058 PA:0x00020000 store:0x00000058 load:0x00000000
00554583	lbu	x11,5(x10)	 x10:0x00101c64 x11=0x00000028 PA:0x00101c69 store:0x0000004d
02058663	beq	x11,x0,100110	 x11:0x00000028  x0:0x00000000
00b7a023	sw	x11,0(x15)	 x15:0x00020000 x11:0x00000028 PA:0x00020000 store:0x00000028 load:0x00000000
00654603	lbu	x12,6(x10)	 x10:0x00101c64 x12=0x00000031 PA:0x00101c6a store:0x00000041
02060063	beq	x12,x0,100110	 x12:0x00000031  x0:0x00000000
00c7a023	sw	x12,0(x15)	 x15:0x00020000 x12:0x00000031 PA:0x00020000 store:0x00000031 load:0x00000000
00754683	lbu	x13,7(x10)	 x10:0x00101c64 x13=0x0000002e PA:0x00101c6b store:0x00000058
00850513	addi	x10,x10,8	 x10:0x00101c64 x10=0x00101c6c
00068863	beq	x13,x0,100110	 x13:0x0000002e  x0:0x00000000
00d7a023	sw	x13,0(x15)	 x15:0x00020000 x13:0x0000002e PA:0x00020000 store:0x0000002e load:0x00000000
00054803	lbu	x16,0(x10)	 x10:0x00101c6c x16=0x00000030 PA:0x00101c6c store:0x00000000
fa0810e3	bne	x16,x0,1000ac	 x16:0x00000030  x0:0x00000000
0107a023	sw	x16,0(x15)	 x15:0x00020000 x16:0x00000030 PA:0x00020000 store:0x00000030 load:0x00000000
00154703	lbu	x14,1(x10)	 x10:0x00101c6c x14=0x00000065 PA:0x00101c6d store:0x001017e8
04070e63	beq	x14,x0,100110	 x14:0x00000065  x0:0x00000000
00e7a023	sw	x14,0(x15)	 x15:0x00020000 x14:0x00000065 PA:0x00020000 store:0x00000065 load:0x00000000
00254283	lbu	x5,2(x10)	 x10:0x00101c6c  x5=0x0000002d PA:0x00101c6e store:0x00137fa0
04028863	beq	x5,x0,100110	  x5:0x0000002d  x0:0x00000000
0057a023	sw	x5,0(x15)	 x15:0x00020000  x5:0x0000002d PA:0x00020000 store:0x0000002d load:0x00000000
00354303	lbu	x6,3(x10)	 x10:0x00101c6c  x6=0x00000034 PA:0x00101c6f store:0x00000000
04030263	beq	x6,x0,100110	  x6:0x00000034  x0:0x00000000
0067a023	sw	x6,0(x15)	 x15:0x00020000  x6:0x00000034 PA:0x00020000 store:0x00000034 load:0x00000000
00454383	lbu	x7,4(x10)	 x10:0x00101c6c  x7=0x00000033 PA:0x00101c70 store:0x00000000
02038c63	beq	x7,x0,100110	  x7:0x00000033  x0:0x00000000
0077a023	sw	x7,0(x15)	 x15:0x00020000  x7:0x00000033 PA:0x00020000 store:0x00000033 load:0x00000000
00554583	lbu	x11,5(x10)	 x10:0x00101c6c x11=0x0000002c PA:0x00101c71 store:0x0000002d
02058663	beq	x11,x0,100110	 x11:0x0000002c  x0:0x00000000
00b7a023	sw	x11,0(x15)	 x15:0x00020000 x11:0x0000002c PA:0x00020000 store:0x0000002c load:0x00000000
00654603	lbu	x12,6(x10)	 x10:0x00101c6c x12=0x00000020 PA:0x00101c72 store:0x00000034
02060063	beq	x12,x0,100110	 x12:0x00000020  x0:0x00000000
00c7a023	sw	x12,0(x15)	 x15:0x00020000 x12:0x00000020 PA:0x00020000 store:0x00000020 load:0x00000000
00754683	lbu	x13,7(x10)	 x10:0x00101c6c x13=0x00000031 PA:0x00101c73 store:0x00000033
00850513	addi	x10,x10,8	 x10:0x00101c6c x10=0x00101c74
00068863	beq	x13,x0,100110	 x13:0x00000031  x0:0x00000000
00d7a023	sw	x13,0(x15)	 x15:0x00020000 x13:0x00000031 PA:0x00020000 store:0x00000031 load:0x00000000
00054803	lbu	x16,0(x10)	 x10:0x00101c74 x16=0x0000002e PA:0x00101c74 store:0x00000000
fa0810e3	bne	x16,x0,1000ac	 x16:0x0000002e  x0:0x00000000
0107a023	sw	x16,0(x15)	 x15:0x00020000 x16:0x0000002e PA:0x00020000 store:0x0000002e load:0x00000000
00154703	lbu	x14,1(x10)	 x10:0x00101c74 x14=0x00000030 PA:0x00101c75 store:0x001017e8
04070e63	beq	x14,x0,100110	 x14:0x00000030  x0:0x00000000
00e7a023	sw	x14,0(x15)	 x15:0x00020000 x14:0x00000030 PA:0x00020000 store:0x00000030 load:0x00000000
00254283	lbu	x5,2(x10)	 x10:0x00101c74  x5=0x00000065 PA:0x00101c76 store:0x00137fa0
04028863	beq	x5,x0,100110	  x5:0x00000065  x0:0x00000000
0057a023	sw	x5,0(x15)	 x15:0x00020000  x5:0x00000065 PA:0x00020000 store:0x00000065 load:0x00000000
00354303	lbu	x6,3(x10)	 x10:0x00101c74  x6=0x0000002d PA:0x00101c77 store:0x00000000
04030263	beq	x6,x0,100110	  x6:0x0000002d  x0:0x00000000
0067a023	sw	x6,0(x15)	 x15:0x00020000  x6:0x0000002d PA:0x00020000 store:0x0000002d load:0x00000000
00454383	lbu	x7,4(x10)	 x10:0x00101c74  x7=0x00000034 PA:0x00101c78 store:0x00000000
02038c63	beq	x7,x0,100110	  x7:0x00000034  x0:0x00000000
0077a023	sw	x7,0(x15)	 x15:0x00020000  x7:0x00000034 PA:0x00020000 store:0x00000034 load:0x00000000
00554583	lbu	x11,5(x10)	 x10:0x00101c74 x11=0x00000034 PA:0x00101c79 store:0x00000065
02058663	beq	x11,x0,100110	 x11:0x00000034  x0:0x00000000
00b7a023	sw	x11,0(x15)	 x15:0x00020000 x11:0x00000034 PA:0x00020000 store:0x00000034 load:0x00000000
00654603	lbu	x12,6(x10)	 x10:0x00101c74 x12=0x00000029 PA:0x00101c7a store:0x0000002d
02060063	beq	x12,x0,100110	 x12:0x00000029  x0:0x00000000
00c7a023	sw	x12,0(x15)	 x15:0x00020000 x12:0x00000029 PA:0x00020000 store:0x00000029 load:0x00000000
00754683	lbu	x13,7(x10)	 x10:0x00101c74 x13=0x0000002c PA:0x00101c7b store:0x00000034
00850513	addi	x10,x10,8	 x10:0x00101c74 x10=0x00101c7c
00068863	beq	x13,x0,100110	 x13:0x0000002c  x0:0x00000000
00d7a023	sw	x13,0(x15)	 x15:0x00020000 x13:0x0000002c PA:0x00020000 store:0x0000002c load:0x00000000
00054803	lbu	x16,0(x10)	 x10:0x00101c7c x16=0x00000020 PA:0x00101c7c store:0x00000000
fa0810e3	bne	x16,x0,1000ac	 x16:0x00000020  x0:0x00000000
0107a023	sw	x16,0(x15)	 x15:0x00020000 x16:0x00000020 PA:0x00020000 store:0x00000020 load:0x00000000
00154703	lbu	x14,1(x10)	 x10:0x00101c7c x14=0x00000065 PA:0x00101c7d store:0x001017e8
04070e63	beq	x14,x0,100110	 x14:0x00000065  x0:0x00000000
00e7a023	sw	x14,0(x15)	 x15:0x00020000 x14:0x00000065 PA:0x00020000 store:0x00000065 load:0x00000000
00254283	lbu	x5,2(x10)	 x10:0x00101c7c  x5=0x00000078 PA:0x00101c7e store:0x00137fa0
04028863	beq	x5,x0,100110	  x5:0x00000078  x0:0x00000000
0057a023	sw	x5,0(x15)	 x15:0x00020000  x5:0x00000078 PA:0x00020000 store:0x00000078 load:0x00000000
00354303	lbu	x6,3(x10)	 x10:0x00101c7c  x6=0x00000070 PA:0x00101c7f store:0x00000000
04030263	beq	x6,x0,100110	  x6:0x00000070  x0:0x00000000
0067a023	sw	x6,0(x15)	 x15:0x00020000  x6:0x00000070 PA:0x00020000 store:0x00000070 load:0x00000000
00454383	lbu	x7,4(x10)	 x10:0x00101c7c  x7=0x00000065 PA:0x00101c80 store:0x00000000
02038c63	beq	x7,x0,100110	  x7:0x00000065  x0:0x00000000
0077a023	sw	x7,0(x15)	 x15:0x00020000  x7:0x00000065 PA:0x00020000 store:0x00000065 load:0x00000000
00554583	lbu	x11,5(x10)	 x10:0x00101c7c x11=0x00000063 PA:0x00101c81 store:0x00000078
02058663	beq	x11,x0,100110	 x11:0x00000063  x0:0x00000000
00b7a023	sw	x11,0(x15)	 x15:0x00020000 x11:0x00000063 PA:0x00020000 store:0x00000063 load:0x00000000
00654603	lbu	x12,6(x10)	 x10:0x00101c7c x12=0x00000074 PA:0x00101c82 store:0x00000070
02060063	beq	x12,x0,100110	 x12:0x00000074  x0:0x00000000
00c7a023	sw	x12,0(x15)	 x15:0x00020000 x12:0x00000074 PA:0x00020000 store:0x00000074 load:0x00000000
00754683	lbu	x13,7(x10)	 x10:0x00101c7c x13=0x00000069 PA:0x00101c83 store:0x00000065
00850513	addi	x10,x10,8	 x10:0x00101c7c x10=0x00101c84
00068863	beq	x13,x0,100110	 x13:0x00000069  x0:0x00000000
00d7a023	sw	x13,0(x15)	 x15:0x00020000 x13:0x00000069 PA:0x00020000 store:0x00000069 load:0x00000000
00054803	lbu	x16,0(x10)	 x10:0x00101c84 x16=0x0000006e PA:0x00101c84 store:0x00000000
fa0810e3	bne	x16,x0,1000ac	 x16:0x0000006e  x0:0x00000000
0107a023	sw	x16,0(x15)	 x15:0x00020000 x16:0x0000006e PA:0x00020000 store:0x0000006e load:0x00000000
00154703	lbu	x14,1(x10)	 x10:0x00101c84 x14=0x00000067 PA:0x00101c85 store:0x001017e8
04070e63	beq	x14,x0,100110	 x14:0x00000067  x0:0x00000000
00e7a023	sw	x14,0(x15)	 x15:0x00020000 x14:0x00000067 PA:0x00020000 store:0x00000067 load:0x00000000
00254283	lbu	x5,2(x10)	 x10:0x00101c84  x5=0x0000003a PA:0x00101c86 store:0x00137fa0
04028863	beq	x5,x0,100110	  x5:0x0000003a  x0:0x00000000
0057a023	sw	x5,0(x15)	 x15:0x00020000  x5:0x0000003a PA:0x00020000 store:0x0000003a load:0x00000000
00354303	lbu	x6,3(x10)	 x10:0x00101c84  x6=0x00000020 PA:0x00101c87 store:0x00000000
04030263	beq	x6,x0,100110	  x6:0x00000020  x0:0x00000000
0067a023	sw	x6,0(x15)	 x15:0x00020000  x6:0x00000020 PA:0x00020000 store:0x00000020 load:0x00000000
00454383	lbu	x7,4(x10)	 x10:0x00101c84  x7=0x00000030 PA:0x00101c88 store:0x00000000
02038c63	beq	x7,x0,100110	  x7:0x00000030  x0:0x00000000
0077a023	sw	x7,0(x15)	 x15:0x00020000  x7:0x00000030 PA:0x00020000 store:0x00000030 load:0x00000000
00554583	lbu	x11,5(x10)	 x10:0x00101c84 x11=0x00000078 PA:0x00101c89 store:0x0000003a
02058663	beq	x11,x0,100110	 x11:0x00000078  x0:0x00000000
00b7a023	sw	x11,0(x15)	 x15:0x00020000 x11:0x00000078 PA:0x00020000 store:0x00000078 load:0x00000000
00654603	lbu	x12,6(x10)	 x10:0x00101c84 x12=0x00000030 PA:0x00101c8a store:0x00000020
02060063	beq	x12,x0,100110	 x12:0x00000030  x0:0x00000000
00c7a023	sw	x12,0(x15)	 x15:0x00020000 x12:0x00000030 PA:0x00020000 store:0x00000030 load:0x00000000
00754683	lbu	x13,7(x10)	 x10:0x00101c84 x13=0x00000030 PA:0x00101c8b store:0x00000030
00850513	addi	x10,x10,8	 x10:0x00101c84 x10=0x00101c8c
00068863	beq	x13,x0,100110	 x13:0x00000030  x0:0x00000000
00d7a023	sw	x13,0(x15)	 x15:0x00020000 x13:0x00000030 PA:0x00020000 store:0x00000030 load:0x00000000
00054803	lbu	x16,0(x10)	 x10:0x00101c8c x16=0x00000030 PA:0x00101c8c store:0x00000000
fa0810e3	bne	x16,x0,1000ac	 x16:0x00000030  x0:0x00000000
0107a023	sw	x16,0(x15)	 x15:0x00020000 x16:0x00000030 PA:0x00020000 store:0x00000030 load:0x00000000
00154703	lbu	x14,1(x10)	 x10:0x00101c8c x14=0x00000030 PA:0x00101c8d store:0x001017e8
04070e63	beq	x14,x0,100110	 x14:0x00000030  x0:0x00000000
00e7a023	sw	x14,0(x15)	 x15:0x00020000 x14:0x00000030 PA:0x00020000 store:0x00000030 load:0x00000000
00254283	lbu	x5,2(x10)	 x10:0x00101c8c  x5=0x00000030 PA:0x00101c8e store:0x00137fa0
04028863	beq	x5,x0,100110	  x5:0x00000030  x0:0x00000000
0057a023	sw	x5,0(x15)	 x15:0x00020000  x5:0x00000030 PA:0x00020000 store:0x00000030 load:0x00000000
00354303	lbu	x6,3(x10)	 x10:0x00101c8c  x6=0x00000030 PA:0x00101c8f store:0x00000000
04030263	beq	x6,x0,100110	  x6:0x00000030  x0:0x00000000
0067a023	sw	x6,0(x15)	 x15:0x00020000  x6:0x00000030 PA:0x00020000 store:0x00000030 load:0x00000000
00454383	lbu	x7,4(x10)	 x10:0x00101c8c  x7=0x00000034 PA:0x00101c90 store:0x00000000
02038c63	beq	x7,x0,100110	  x7:0x00000034  x0:0x00000000
0077a023	sw	x7,0(x15)	 x15:0x00020000  x7:0x00000034 PA:0x00020000 store:0x00000034 load:0x00000000
00554583	lbu	x11,5(x10)	 x10:0x00101c8c x11=0x00000037 PA:0x00101c91 store:0x00000030
02058663	beq	x11,x0,100110	 x11:0x00000037  x0:0x00000000
00b7a023	sw	x11,0(x15)	 x15:0x00020000 x11:0x00000037 PA:0x00020000 store:0x00000037 load:0x00000000
00654603	lbu	x12,6(x10)	 x10:0x00101c8c x12=0x0000003a PA:0x00101c92 store:0x00000030
02060063	beq	x12,x0,100110	 x12:0x0000003a  x0:0x00000000
00c7a023	sw	x12,0(x15)	 x15:0x00020000 x12:0x0000003a PA:0x00020000 store:0x0000003a load:0x00000000
00754683	lbu	x13,7(x10)	 x10:0x00101c8c x13=0x00000020 PA:0x00101c93 store:0x00000034
00850513	addi	x10,x10,8	 x10:0x00101c8c x10=0x00101c94
00068863	beq	x13,x0,100110	 x13:0x00000020  x0:0x00000000
00d7a023	sw	x13,0(x15)	 x15:0x00020000 x13:0x00000020 PA:0x00020000 store:0x00000020 load:0x00000000
00054803	lbu	x16,0(x10)	 x10:0x00101c94 x16=0x00000000 PA:0x00101c94 store:0x00000000
fa0810e3	bne	x16,x0,1000ac	 x16:0x00000000  x0:0x00000000
00000513	addi	x10,x0,0	  x0:0x00000000 x10=0x00000000
00008067	jalr	x0,0(x1)	  x1:0x001017e8  x0=0x00000000
cf8a2503	lw	x10,-776(x20)	 x20:0x00102000 x10=0x00000047 PA:0x00101cf8 store:0x00102000
935fe0ef	jal	x1,100120	  x1=0x001017f0
01c55793	srli	x15,x10,0x1c	 x10:0x00000047 x15=0x00000000
00900713	addi	x14,x0,9	  x0:0x00000000 x14=0x00000009
0cf77a63	bgeu	x14,x15,1001fc	 x14:0x00000009 x15:0x00000000
03078393	addi	x7,x15,48	 x15:0x00000000  x7=0x00000030
000205b7	lui	x11,0x20	 x11=0x00020000
00451613	slli	x12,x10,0x4	 x10:0x00000047 x12=0x00000470
0075a023	sw	x7,0(x11)	 x11:0x00020000  x7:0x00000030 PA:0x00020000 store:0x00000030 load:0x00000000
01c65693	srli	x13,x12,0x1c	 x12:0x00000470 x13=0x00000000
00900813	addi	x16,x0,9	  x0:0x00000000 x16=0x00000009
f2d86ae3	bltu	x16,x13,100148	 x16:0x00000009 x13:0x00000000
03068e93	addi	x29,x13,48	 x13:0x00000000 x29=0x00000030
00020f37	lui	x30,0x20	 x30=0x00020000
00851f93	slli	x31,x10,0x8	 x10:0x00000047 x31=0x00004700
01df2023	sw	x29,0(x30)	 x30:0x00020000 x29:0x00000030 PA:0x00020000 store:0x00000030 load:0x00000000
01cfd793	srli	x15,x31,0x1c	 x31:0x00004700 x15=0x00000000
00900713	addi	x14,x0,9	  x0:0x00000000 x14=0x00000009
f2f76ae3	bltu	x14,x15,100164	 x14:0x00000009 x15:0x00000000
03078393	addi	x7,x15,48	 x15:0x00000000  x7=0x00000030
000205b7	lui	x11,0x20	 x11=0x00020000
00c51613	slli	x12,x10,0xc	 x10:0x00000047 x12=0x00047000
0075a023	sw	x7,0(x11)	 x11:0x00020000  x7:0x00000030 PA:0x00020000 store:0x00000030 load:0x00000000
01c65693	srli	x13,x12,0x1c	 x12:0x00047000 x13=0x00000000
00900813	addi	x16,x0,9	  x0:0x00000000 x16=0x00000009
f2d86ae3	bltu	x16,x13,100180	 x16:0x00000009 x13:0x00000000
03068e93	addi	x29,x13,48	 x13:0x00000000 x29=0x00000030
00020f37	lui	x30,0x20	 x30=0x00020000
01051f93	slli	x31,x10,0x10	 x10:0x00000047 x31=0x00470000
01df2023	sw	x29,0(x30)	 x30:0x00020000 x29:0x00000030 PA:0x00020000 store:0x00000030 load:0x00000000
01cfd793	srli	x15,x31,0x1c	 x31:0x00470000 x15=0x00000000
00900713	addi	x14,x0,9	  x0:0x00000000 x14=0x00000009
f2f76ae3	bltu	x14,x15,10019c	 x14:0x00000009 x15:0x00000000
03078393	addi	x7,x15,48	 x15:0x00000000  x7=0x00000030
000205b7	lui	x11,0x20	 x11=0x00020000
01451613	slli	x12,x10,0x14	 x10:0x00000047 x12=0x04700000
0075a023	sw	x7,0(x11)	 x11:0x00020000  x7:0x00000030 PA:0x00020000 store:0x00000030 load:0x00000000
01c65693	srli	x13,x12,0x1c	 x12:0x04700000 x13=0x00000000
00900813	addi	x16,x0,9	  x0:0x00000000 x16=0x00000009
f2d86ae3	bltu	x16,x13,1001b8	 x16:0x00000009 x13:0x00000000
03068e93	addi	x29,x13,48	 x13:0x00000000 x29=0x00000030
00020f37	lui	x30,0x20	 x30=0x00020000
01851f93	slli	x31,x10,0x18	 x10:0x00000047 x31=0x47000000
01df2023	sw	x29,0(x30)	 x30:0x00020000 x29:0x00000030 PA:0x00020000 store:0x00000030 load:0x00000000
01cfd793	srli	x15,x31,0x1c	 x31:0x47000000 x15=0x00000004
00900713	addi	x14,x0,9	  x0:0x00000000 x14=0x00000009
f2f76ae3	bltu	x14,x15,1001d4	 x14:0x00000009 x15:0x00000004
03078393	addi	x7,x15,48	 x15:0x00000004  x7=0x00000034
000205b7	lui	x11,0x20	 x11=0x00020000
0075a023	sw	x7,0(x11)	 x11:0x00020000  x7:0x00000034 PA:0x00020000 store:0x00000034 load:0x00000000
00f57513	andi	x10,x10,15	 x10:0x00000047 x10=0x00000007
00900613	addi	x12,x0,9	  x0:0x00000000 x12=0x00000009
f2a67ae3	bgeu	x12,x10,1001ec	 x12:0x00000009 x10:0x00000007
03050893	addi	x17,x10,48	 x10:0x00000007 x17=0x00000037
00020e37	lui	x28,0x20	 x28=0x00020000
011e2023	sw	x17,0(x28)	 x28:0x00020000 x17:0x00000037 PA:0x00020000 store:0x00000037 load:0x00000000
00008067	jalr	x0,0(x1)	  x1:0x001017f0  x0=0x00000000
d34ba227	fsw	f20,-732(x23)	 f23:0x00102000 f20:0x00102000 PA:0x00101d24 store:0x7f167699 load:0x00000000
d33ca027	fsw	f19,-736(x25)	 f25:0x00102000 f19:0x00102000 PA:0x00101d20 store:0x7f1dfc87 load:0x00000047
d24ba007	flw	f0,-732(x23)	 f23:0x00102000  f0=0x00000000 PA:0x00101d24 store:0x80000000
d20ca087	flw	f1,-736(x25)	 f25:0x00102000  f1=0x00000000 PA:0x00101d20 store:0x7fa00000
28101153	fmax.s	f2,f0,f1	  f0:0x00000000  f1:0x001017f0  f2=0x00000000
d02aa027	fsw	f2,-768(x21)	 f21:0x00102000  f2:0x00137fa0 PA:0x00101d00 store:0x7f1dfc87 load:0x7f1dfc87
d00aa787	flw	f15,-768(x21)	 f21:0x00102000 f15=0x00000000 PA:0x00101d00 store:0x7f167699
00102bb7	lui	x23,0x102	 x23=0x00102000
c98b8513	addi	x10,x23,-872	 x23:0x00102000 x10=0x00101c98
e0078cd3	fmv.x.w	x25,f15	 f15:0x00000004 x25=0x7f1dfc87
cf9a2c23	sw	x25,-776(x20)	 x20:0x00102000 x25:0x7f1dfc87 PA:0x00101cf8 store:0x7f1dfc87 load:0x7f1dfc87
885fe0ef	jal	x1,1000a0	  x1=0x00101820
00054803	lbu	x16,0(x10)	 x10:0x00101c98 x16=0x0000000a PA:0x00101c98 store:0x00000000
06080663	beq	x16,x0,100110	 x16:0x0000000a  x0:0x00000000
000207b7	lui	x15,0x20	 x15=0x00020000
0107a023	sw	x16,0(x15)	 x15:0x00020000 x16:0x0000000a PA:0x00020000 store:0x0000000a load:0x00000000
00154703	lbu	x14,1(x10)	 x10:0x00101c98 x14=0x00000020 PA:0x00101c99 store:0x00101820
04070e63	beq	x14,x0,100110	 x14:0x00000020  x0:0x00000000
00e7a023	sw	x14,0(x15)	 x15:0x00020000 x14:0x00000020 PA:0x00020000 store:0x00000020 load:0x00000000
00254283	lbu	x5,2(x10)	 x10:0x00101c98  x5=0x0000004d PA:0x00101c9a store:0x00137fa0
04028863	beq	x5,x0,100110	  x5:0x0000004d  x0:0x00000000
0057a023	sw	x5,0(x15)	 x15:0x00020000  x5:0x0000004d PA:0x00020000 store:0x0000004d load:0x00000000
00354303	lbu	x6,3(x10)	 x10:0x00101c98  x6=0x00000041 PA:0x00101c9b store:0x00000000
04030263	beq	x6,x0,100110	  x6:0x00000041  x0:0x00000000
0067a023	sw	x6,0(x15)	 x15:0x00020000  x6:0x00000041 PA:0x00020000 store:0x00000041 load:0x00000000
00454383	lbu	x7,4(x10)	 x10:0x00101c98  x7=0x00000058 PA:0x00101c9c store:0x00000000
02038c63	beq	x7,x0,100110	  x7:0x00000058  x0:0x00000000
0077a023	sw	x7,0(x15)	 x15:0x00020000  x7:0x00000058 PA:0x00020000 store:0x00000058 load:0x00000000
00554583	lbu	x11,5(x10)	 x10:0x00101c98 x11=0x00000028 PA:0x00101c9d store:0x0000004d
02058663	beq	x11,x0,100110	 x11:0x00000028  x0:0x00000000
00b7a023	sw	x11,0(x15)	 x15:0x00020000 x11:0x00000028 PA:0x00020000 store:0x00000028 load:0x00000000
00654603	lbu	x12,6(x10)	 x10:0x00101c98 x12=0x00000032 PA:0x00101c9e store:0x00000041
02060063	beq	x12,x0,100110	 x12:0x00000032  x0:0x00000000
00c7a023	sw	x12,0(x15)	 x15:0x00020000 x12:0x00000032 PA:0x00020000 store:0x00000032 load:0x00000000
00754683	lbu	x13,7(x10)	 x10:0x00101c98 x13=0x0000002e PA:0x00101c9f store:0x00000058
00850513	addi	x10,x10,8	 x10:0x00101c98 x10=0x00101ca0
00068863	beq	x13,x0,100110	 x13:0x0000002e  x0:0x00000000
00d7a023	sw	x13,0(x15)	 x15:0x00020000 x13:0x0000002e PA:0x00020000 store:0x0000002e load:0x00000000
00054803	lbu	x16,0(x10)	 x10:0x00101ca0 x16=0x00000030 PA:0x00101ca0 store:0x00000000
fa0810e3	bne	x16,x0,1000ac	 x16:0x00000030  x0:0x00000000
0107a023	sw	x16,0(x15)	 x15:0x00020000 x16:0x00000030 PA:0x00020000 store:0x00000030 load:0x00000000
00154703	lbu	x14,1(x10)	 x10:0x00101ca0 x14=0x00000065 PA:0x00101ca1 store:0x00101820
04070e63	beq	x14,x0,100110	 x14:0x00000065  x0:0x00000000
00e7a023	sw	x14,0(x15)	 x15:0x00020000 x14:0x00000065 PA:0x00020000 store:0x00000065 load:0x00000000
00254283	lbu	x5,2(x10)	 x10:0x00101ca0  x5=0x00000033 PA:0x00101ca2 store:0x00137fa0
04028863	beq	x5,x0,100110	  x5:0x00000033  x0:0x00000000
0057a023	sw	x5,0(x15)	 x15:0x00020000  x5:0x00000033 PA:0x00020000 store:0x00000033 load:0x00000000
00354303	lbu	x6,3(x10)	 x10:0x00101ca0  x6=0x00000038 PA:0x00101ca3 store:0x00000000
04030263	beq	x6,x0,100110	  x6:0x00000038  x0:0x00000000
0067a023	sw	x6,0(x15)	 x15:0x00020000  x6:0x00000038 PA:0x00020000 store:0x00000038 load:0x00000000
00454383	lbu	x7,4(x10)	 x10:0x00101ca0  x7=0x00000066 PA:0x00101ca4 store:0x00000000
02038c63	beq	x7,x0,100110	  x7:0x00000066  x0:0x00000000
0077a023	sw	x7,0(x15)	 x15:0x00020000  x7:0x00000066 PA:0x00020000 store:0x00000066 load:0x00000000
00554583	lbu	x11,5(x10)	 x10:0x00101ca0 x11=0x0000002c PA:0x00101ca5 store:0x00000033
02058663	beq	x11,x0,100110	 x11:0x0000002c  x0:0x00000000
00b7a023	sw	x11,0(x15)	 x15:0x00020000 x11:0x0000002c PA:0x00020000 store:0x0000002c load:0x00000000
00654603	lbu	x12,6(x10)	 x10:0x00101ca0 x12=0x00000020 PA:0x00101ca6 store:0x00000038
02060063	beq	x12,x0,100110	 x12:0x00000020  x0:0x00000000
00c7a023	sw	x12,0(x15)	 x15:0x00020000 x12:0x00000020 PA:0x00020000 store:0x00000020 load:0x00000000
00754683	lbu	x13,7(x10)	 x10:0x00101ca0 x13=0x00000032 PA:0x00101ca7 store:0x00000066
00850513	addi	x10,x10,8	 x10:0x00101ca0 x10=0x00101ca8
00068863	beq	x13,x0,100110	 x13:0x00000032  x0:0x00000000
00d7a023	sw	x13,0(x15)	 x15:0x00020000 x13:0x00000032 PA:0x00020000 store:0x00000032 load:0x00000000
00054803	lbu	x16,0(x10)	 x10:0x00101ca8 x16=0x0000002e PA:0x00101ca8 store:0x00000000
fa0810e3	bne	x16,x0,1000ac	 x16:0x0000002e  x0:0x00000000
0107a023	sw	x16,0(x15)	 x15:0x00020000 x16:0x0000002e PA:0x00020000 store:0x0000002e load:0x00000000
00154703	lbu	x14,1(x10)	 x10:0x00101ca8 x14=0x00000031 PA:0x00101ca9 store:0x00101820
04070e63	beq	x14,x0,100110	 x14:0x00000031  x0:0x00000000
00e7a023	sw	x14,0(x15)	 x15:0x00020000 x14:0x00000031 PA:0x00020000 store:0x00000031 load:0x00000000
00254283	lbu	x5,2(x10)	 x10:0x00101ca8  x5=0x00000065 PA:0x00101caa store:0x00137fa0
04028863	beq	x5,x0,100110	  x5:0x00000065  x0:0x00000000
0057a023	sw	x5,0(x15)	 x15:0x00020000  x5:0x00000065 PA:0x00020000 store:0x00000065 load:0x00000000
00354303	lbu	x6,3(x10)	 x10:0x00101ca8  x6=0x00000033 PA:0x00101cab store:0x00000000
04030263	beq	x6,x0,100110	  x6:0x00000033  x0:0x00000000
0067a023	sw	x6,0(x15)	 x15:0x00020000  x6:0x00000033 PA:0x00020000 store:0x00000033 load:0x00000000
00454383	lbu	x7,4(x10)	 x10:0x00101ca8  x7=0x00000038 PA:0x00101cac store:0x00000000
02038c63	beq	x7,x0,100110	  x7:0x00000038  x0:0x00000000
0077a023	sw	x7,0(x15)	 x15:0x00020000  x7:0x00000038 PA:0x00020000 store:0x00000038 load:0x00000000
00554583	lbu	x11,5(x10)	 x10:0x00101ca8 x11=0x00000066 PA:0x00101cad store:0x00000065
02058663	beq	x11,x0,100110	 x11:0x00000066  x0:0x00000000
00b7a023	sw	x11,0(x15)	 x15:0x00020000 x11:0x00000066 PA:0x00020000 store:0x00000066 load:0x00000000
00654603	lbu	x12,6(x10)	 x10:0x00101ca8 x12=0x00000029 PA:0x00101cae store:0x00000033
02060063	beq	x12,x0,100110	 x12:0x00000029  x0:0x00000000
00c7a023	sw	x12,0(x15)	 x15:0x00020000 x12:0x00000029 PA:0x00020000 store:0x00000029 load:0x00000000
00754683	lbu	x13,7(x10)	 x10:0x00101ca8 x13=0x0000002c PA:0x00101caf store:0x00000038
00850513	addi	x10,x10,8	 x10:0x00101ca8 x10=0x00101cb0
00068863	beq	x13,x0,100110	 x13:0x0000002c  x0:0x00000000
00d7a023	sw	x13,0(x15)	 x15:0x00020000 x13:0x0000002c PA:0x00020000 store:0x0000002c load:0x00000000
00054803	lbu	x16,0(x10)	 x10:0x00101cb0 x16=0x00000020 PA:0x00101cb0 store:0x00000000
fa0810e3	bne	x16,x0,1000ac	 x16:0x00000020  x0:0x00000000
0107a023	sw	x16,0(x15)	 x15:0x00020000 x16:0x00000020 PA:0x00020000 store:0x00000020 load:0x00000000
00154703	lbu	x14,1(x10)	 x10:0x00101cb0 x14=0x00000065 PA:0x00101cb1 store:0x00101820
04070e63	beq	x14,x0,100110	 x14:0x00000065  x0:0x00000000
00e7a023	sw	x14,0(x15)	 x15:0x00020000 x14:0x00000065 PA:0x00020000 store:0x00000065 load:0x00000000
00254283	lbu	x5,2(x10)	 x10:0x00101cb0  x5=0x00000078 PA:0x00101cb2 store:0x00137fa0
04028863	beq	x5,x0,100110	  x5:0x00000078  x0:0x00000000
0057a023	sw	x5,0(x15)	 x15:0x00020000  x5:0x00000078 PA:0x00020000 store:0x00000078 load:0x00000000
00354303	lbu	x6,3(x10)	 x10:0x00101cb0  x6=0x00000070 PA:0x00101cb3 store:0x00000000
04030263	beq	x6,x0,100110	  x6:0x00000070  x0:0x00000000
0067a023	sw	x6,0(x15)	 x15:0x00020000  x6:0x00000070 PA:0x00020000 store:0x00000070 load:0x00000000
00454383	lbu	x7,4(x10)	 x10:0x00101cb0  x7=0x00000065 PA:0x00101cb4 store:0x00000000
02038c63	beq	x7,x0,100110	  x7:0x00000065  x0:0x00000000
0077a023	sw	x7,0(x15)	 x15:0x00020000  x7:0x00000065 PA:0x00020000 store:0x00000065 load:0x00000000
00554583	lbu	x11,5(x10)	 x10:0x00101cb0 x11=0x00000063 PA:0x00101cb5 store:0x00000078
02058663	beq	x11,x0,100110	 x11:0x00000063  x0:0x00000000
00b7a023	sw	x11,0(x15)	 x15:0x00020000 x11:0x00000063 PA:0x00020000 store:0x00000063 load:0x00000000
00654603	lbu	x12,6(x10)	 x10:0x00101cb0 x12=0x00000074 PA:0x00101cb6 store:0x00000070
02060063	beq	x12,x0,100110	 x12:0x00000074  x0:0x00000000
00c7a023	sw	x12,0(x15)	 x15:0x00020000 x12:0x00000074 PA:0x00020000 store:0x00000074 load:0x00000000
00754683	lbu	x13,7(x10)	 x10:0x00101cb0 x13=0x00000069 PA:0x00101cb7 store:0x00000065
00850513	addi	x10,x10,8	 x10:0x00101cb0 x10=0x00101cb8
00068863	beq	x13,x0,100110	 x13:0x00000069  x0:0x00000000
00d7a023	sw	x13,0(x15)	 x15:0x00020000 x13:0x00000069 PA:0x00020000 store:0x00000069 load:0x00000000
00054803	lbu	x16,0(x10)	 x10:0x00101cb8 x16=0x0000006e PA:0x00101cb8 store:0x00000000
fa0810e3	bne	x16,x0,1000ac	 x16:0x0000006e  x0:0x00000000
0107a023	sw	x16,0(x15)	 x15:0x00020000 x16:0x0000006e PA:0x00020000 store:0x0000006e load:0x00000000
00154703	lbu	x14,1(x10)	 x10:0x00101cb8 x14=0x00000067 PA:0x00101cb9 store:0x00101820
04070e63	beq	x14,x0,100110	 x14:0x00000067  x0:0x00000000
00e7a023	sw	x14,0(x15)	 x15:0x00020000 x14:0x00000067 PA:0x00020000 store:0x00000067 load:0x00000000
00254283	lbu	x5,2(x10)	 x10:0x00101cb8  x5=0x0000003a PA:0x00101cba store:0x00137fa0
04028863	beq	x5,x0,100110	  x5:0x0000003a  x0:0x00000000
0057a023	sw	x5,0(x15)	 x15:0x00020000  x5:0x0000003a PA:0x00020000 store:0x0000003a load:0x00000000
00354303	lbu	x6,3(x10)	 x10:0x00101cb8  x6=0x00000020 PA:0x00101cbb store:0x00000000
04030263	beq	x6,x0,100110	  x6:0x00000020  x0:0x00000000
0067a023	sw	x6,0(x15)	 x15:0x00020000  x6:0x00000020 PA:0x00020000 store:0x00000020 load:0x00000000
00454383	lbu	x7,4(x10)	 x10:0x00101cb8  x7=0x00000030 PA:0x00101cbc store:0x00000000
02038c63	beq	x7,x0,100110	  x7:0x00000030  x0:0x00000000
0077a023	sw	x7,0(x15)	 x15:0x00020000  x7:0x00000030 PA:0x00020000 store:0x00000030 load:0x00000000
00554583	lbu	x11,5(x10)	 x10:0x00101cb8 x11=0x00000078 PA:0x00101cbd store:0x0000003a
02058663	beq	x11,x0,100110	 x11:0x00000078  x0:0x00000000
00b7a023	sw	x11,0(x15)	 x15:0x00020000 x11:0x00000078 PA:0x00020000 store:0x00000078 load:0x00000000
00654603	lbu	x12,6(x10)	 x10:0x00101cb8 x12=0x00000037 PA:0x00101cbe store:0x00000020
02060063	beq	x12,x0,100110	 x12:0x00000037  x0:0x00000000
00c7a023	sw	x12,0(x15)	 x15:0x00020000 x12:0x00000037 PA:0x00020000 store:0x00000037 load:0x00000000
00754683	lbu	x13,7(x10)	 x10:0x00101cb8 x13=0x00000066 PA:0x00101cbf store:0x00000030
00850513	addi	x10,x10,8	 x10:0x00101cb8 x10=0x00101cc0
00068863	beq	x13,x0,100110	 x13:0x00000066  x0:0x00000000
00d7a023	sw	x13,0(x15)	 x15:0x00020000 x13:0x00000066 PA:0x00020000 store:0x00000066 load:0x00000000
00054803	lbu	x16,0(x10)	 x10:0x00101cc0 x16=0x00000031 PA:0x00101cc0 store:0x00000000
fa0810e3	bne	x16,x0,1000ac	 x16:0x00000031  x0:0x00000000
0107a023	sw	x16,0(x15)	 x15:0x00020000 x16:0x00000031 PA:0x00020000 store:0x00000031 load:0x00000000
00154703	lbu	x14,1(x10)	 x10:0x00101cc0 x14=0x00000064 PA:0x00101cc1 store:0x00101820
04070e63	beq	x14,x0,100110	 x14:0x00000064  x0:0x00000000
00e7a023	sw	x14,0(x15)	 x15:0x00020000 x14:0x00000064 PA:0x00020000 store:0x00000064 load:0x00000000
00254283	lbu	x5,2(x10)	 x10:0x00101cc0  x5=0x00000066 PA:0x00101cc2 store:0x00137fa0
04028863	beq	x5,x0,100110	  x5:0x00000066  x0:0x00000000
0057a023	sw	x5,0(x15)	 x15:0x00020000  x5:0x00000066 PA:0x00020000 store:0x00000066 load:0x00000000
00354303	lbu	x6,3(x10)	 x10:0x00101cc0  x6=0x00000063 PA:0x00101cc3 store:0x00000000
04030263	beq	x6,x0,100110	  x6:0x00000063  x0:0x00000000
0067a023	sw	x6,0(x15)	 x15:0x00020000  x6:0x00000063 PA:0x00020000 store:0x00000063 load:0x00000000
00454383	lbu	x7,4(x10)	 x10:0x00101cc0  x7=0x00000038 PA:0x00101cc4 store:0x00000000
02038c63	beq	x7,x0,100110	  x7:0x00000038  x0:0x00000000
0077a023	sw	x7,0(x15)	 x15:0x00020000  x7:0x00000038 PA:0x00020000 store:0x00000038 load:0x00000000
00554583	lbu	x11,5(x10)	 x10:0x00101cc0 x11=0x00000037 PA:0x00101cc5 store:0x00000066
02058663	beq	x11,x0,100110	 x11:0x00000037  x0:0x00000000
00b7a023	sw	x11,0(x15)	 x15:0x00020000 x11:0x00000037 PA:0x00020000 store:0x00000037 load:0x00000000
00654603	lbu	x12,6(x10)	 x10:0x00101cc0 x12=0x0000003a PA:0x00101cc6 store:0x00000063
02060063	beq	x12,x0,100110	 x12:0x0000003a  x0:0x00000000
00c7a023	sw	x12,0(x15)	 x15:0x00020000 x12:0x0000003a PA:0x00020000 store:0x0000003a load:0x00000000
00754683	lbu	x13,7(x10)	 x10:0x00101cc0 x13=0x00000020 PA:0x00101cc7 store:0x00000038
00850513	addi	x10,x10,8	 x10:0x00101cc0 x10=0x00101cc8
00068863	beq	x13,x0,100110	 x13:0x00000020  x0:0x00000000
00d7a023	sw	x13,0(x15)	 x15:0x00020000 x13:0x00000020 PA:0x00020000 store:0x00000020 load:0x00000000
00054803	lbu	x16,0(x10)	 x10:0x00101cc8 x16=0x00000000 PA:0x00101cc8 store:0x00000000
fa0810e3	bne	x16,x0,1000ac	 x16:0x00000000  x0:0x00000000
00000513	addi	x10,x0,0	  x0:0x00000000 x10=0x00000000
00008067	jalr	x0,0(x1)	  x1:0x00101820  x0=0x00000000
cf8a2503	lw	x10,-776(x20)	 x20:0x00102000 x10=0x7f1dfc87 PA:0x00101cf8 store:0x00102000
00102a37	lui	x20,0x102	 x20=0x00102000
8f9fe0ef	jal	x1,100120	  x1=0x0010182c
01c55793	srli	x15,x10,0x1c	 x10:0x7f1dfc87 x15=0x00000007
00900713	addi	x14,x0,9	  x0:0x00000000 x14=0x00000009
0cf77a63	bgeu	x14,x15,1001fc	 x14:0x00000009 x15:0x00000007
03078393	addi	x7,x15,48	 x15:0x00000007  x7=0x00000037
000205b7	lui	x11,0x20	 x11=0x00020000
00451613	slli	x12,x10,0x4	 x10:0x7f1dfc87 x12=0xf1dfc870
0075a023	sw	x7,0(x11)	 x11:0x00020000  x7:0x00000037 PA:0x00020000 store:0x00000037 load:0x00000000
01c65693	srli	x13,x12,0x1c	 x12:0xf1dfc870 x13=0x0000000f
00900813	addi	x16,x0,9	  x0:0x00000000 x16=0x00000009
f2d86ae3	bltu	x16,x13,100148	 x16:0x00000009 x13:0x0000000f
03768893	addi	x17,x13,55	 x13:0x0000000f x17=0x00000046
00020e37	lui	x28,0x20	 x28=0x00020000
00851f93	slli	x31,x10,0x8	 x10:0x7f1dfc87 x31=0x1dfc8700
011e2023	sw	x17,0(x28)	 x28:0x00020000 x17:0x00000046 PA:0x00020000 store:0x00000046 load:0x00000000
01cfd793	srli	x15,x31,0x1c	 x31:0x1dfc8700 x15=0x00000001
00900713	addi	x14,x0,9	  x0:0x00000000 x14=0x00000009
0cf77a63	bgeu	x14,x15,100234	 x14:0x00000009 x15:0x00000001
03078393	addi	x7,x15,48	 x15:0x00000001  x7=0x00000031
000205b7	lui	x11,0x20	 x11=0x00020000
00c51613	slli	x12,x10,0xc	 x10:0x7f1dfc87 x12=0xdfc87000
0075a023	sw	x7,0(x11)	 x11:0x00020000  x7:0x00000031 PA:0x00020000 store:0x00000031 load:0x00000000
01c65693	srli	x13,x12,0x1c	 x12:0xdfc87000 x13=0x0000000d
00900813	addi	x16,x0,9	  x0:0x00000000 x16=0x00000009
f2d86ae3	bltu	x16,x13,100180	 x16:0x00000009 x13:0x0000000d
03768893	addi	x17,x13,55	 x13:0x0000000d x17=0x00000044
00020e37	lui	x28,0x20	 x28=0x00020000
01051f93	slli	x31,x10,0x10	 x10:0x7f1dfc87 x31=0xfc870000
011e2023	sw	x17,0(x28)	 x28:0x00020000 x17:0x00000044 PA:0x00020000 store:0x00000044 load:0x00000000
01cfd793	srli	x15,x31,0x1c	 x31:0xfc870000 x15=0x0000000f
00900713	addi	x14,x0,9	  x0:0x00000000 x14=0x00000009
0cf77a63	bgeu	x14,x15,10026c	 x14:0x00000009 x15:0x0000000f
03778293	addi	x5,x15,55	 x15:0x0000000f  x5=0x00000046
00020337	lui	x6,0x20	  x6=0x00020000
01451613	slli	x12,x10,0x14	 x10:0x7f1dfc87 x12=0xc8700000
00532023	sw	x5,0(x6)	  x6:0x00020000  x5:0x00000046 PA:0x00020000 store:0x00000046 load:0x00000000
01c65693	srli	x13,x12,0x1c	 x12:0xc8700000 x13=0x0000000c
00900813	addi	x16,x0,9	  x0:0x00000000 x16=0x00000009
0cd87a63	bgeu	x16,x13,100288	 x16:0x00000009 x13:0x0000000c
03768893	addi	x17,x13,55	 x13:0x0000000c x17=0x00000043
00020e37	lui	x28,0x20	 x28=0x00020000
01851f93	slli	x31,x10,0x18	 x10:0x7f1dfc87 x31=0x87000000
011e2023	sw	x17,0(x28)	 x28:0x00020000 x17:0x00000043 PA:0x00020000 store:0x00000043 load:0x00000000
01cfd793	srli	x15,x31,0x1c	 x31:0x87000000 x15=0x00000008
00900713	addi	x14,x0,9	  x0:0x00000000 x14=0x00000009
0cf77a63	bgeu	x14,x15,1002a4	 x14:0x00000009 x15:0x00000008
03078393	addi	x7,x15,48	 x15:0x00000008  x7=0x00000038
000205b7	lui	x11,0x20	 x11=0x00020000
0075a023	sw	x7,0(x11)	 x11:0x00020000  x7:0x00000038 PA:0x00020000 store:0x00000038 load:0x00000000
00f57513	andi	x10,x10,15	 x10:0x7f1dfc87 x10=0x00000007
00900613	addi	x12,x0,9	  x0:0x00000000 x12=0x00000009
f2a67ae3	bgeu	x12,x10,1001ec	 x12:0x00000009 x10:0x00000007
03050893	addi	x17,x10,48	 x10:0x00000007 x17=0x00000037
00020e37	lui	x28,0x20	 x28=0x00020000
011e2023	sw	x17,0(x28)	 x28:0x00020000 x17:0x00000037 PA:0x00020000 store:0x00000037 load:0x00000000
00008067	jalr	x0,0(x1)	  x1:0x0010182c  x0=0x00000000
ccca0513	addi	x10,x20,-820	 x20:0x00102000 x10=0x00101ccc
871fe0ef	jal	x1,1000a0	  x1=0x00101834
00054803	lbu	x16,0(x10)	 x10:0x00101ccc x16=0x0000000a PA:0x00101ccc store:0x00000000
06080663	beq	x16,x0,100110	 x16:0x0000000a  x0:0x00000000
000207b7	lui	x15,0x20	 x15=0x00020000
0107a023	sw	x16,0(x15)	 x15:0x00020000 x16:0x0000000a PA:0x00020000 store:0x0000000a load:0x00000000
00154703	lbu	x14,1(x10)	 x10:0x00101ccc x14=0x0000000a PA:0x00101ccd store:0x00101834
04070e63	beq	x14,x0,100110	 x14:0x0000000a  x0:0x00000000
00e7a023	sw	x14,0(x15)	 x15:0x00020000 x14:0x0000000a PA:0x00020000 store:0x0000000a load:0x00000000
00254283	lbu	x5,2(x10)	 x10:0x00101ccc  x5=0x00000000 PA:0x00101cce store:0x00137fa0
04028863	beq	x5,x0,100110	  x5:0x00000000  x0:0x00000000
00000513	addi	x10,x0,0	  x0:0x00000000 x10=0x00000000
00008067	jalr	x0,0(x1)	  x1:0x00101834  x0=0x00000000
00000513	addi	x10,x0,0	  x0:0x00000000 x10=0x00000000
c29fe0ef	jal	x1,100460	  x1=0x0010183c
00153513	sltiu	x10,x10,1	 x10:0x00000000 x10=0x00000001
40a002b3	sub	x5,x0,x10	  x0:0x00000000 x10:0x00000001  x5=0xffffffff
32029073	csrrw	x0,mcountinhibit,x5	  x5:0xffffffff  x0=0x00000000
00008067	jalr	x0,0(x1)	  x1:0x0010183c  x0=0x00000000
7d000513	addi	x10,x0,2000	  x0:0x00000000 x10=0x000007d0
00000593	addi	x11,x0,0	  x0:0x00000000 x11=0x00000000
abcff0ef	jal	x1,100b00	  x1=0x00101848
001026b7	lui	x13,0x102	 x13=0x00102000
00000813	addi	x16,x0,0	  x0:0x00000000 x16=0x00000000
001027b7	lui	x15,0x102	 x15=0x00102000
00030737	lui	x14,0x30	 x14=0x00030000
00000893	addi	x17,x0,0	  x0:0x00000000 x17=0x00000000
cf06a423	sw	x16,-792(x13)	 x13:0x00102000 x16:0x00000000 PA:0x00101ce8 store:0x00000000 load:0x00000a0a
cf16a623	sw	x17,-788(x13)	 x13:0x00102000 x17:0x00000000 PA:0x00101cec store:0x00000000 load:0x00000a0a
cea7a023	sw	x10,-800(x15)	 x15:0x00102000 x10:0x000007d0 PA:0x00101ce0 store:0x000007d0 load:0x00000a0a
ceb7a223	sw	x11,-796(x15)	 x15:0x00102000 x11:0x00000000 PA:0x00101ce4 store:0x00000000 load:0x00000a0a
00030637	lui	x12,0x30	 x12=0x00030000
00470293	addi	x5,x14,4	 x14:0x00030000  x5=0x00030004
0002a783	lw	x15,0(x5)	  x5:0x00030004 x15=0x00000000 PA:0x00030004 store:0x00000000
00062683	lw	x13,0(x12)	 x12:0x00030000 x13=0x000045cc PA:0x00030000 store:0x00000000
0002a303	lw	x6,0(x5)	  x5:0x00030004  x6=0x00000000 PA:0x00030004 store:0x00000000
06678a63	beq	x15,x6,100bac	 x15:0x00000000  x6:0x00000000
000308b7	lui	x17,0x30	 x17=0x00030000
00a68533	add	x10,x13,x10	 x13:0x000045cc x10:0x000007d0 x10=0x00004d9c
00888293	addi	x5,x17,8	 x17:0x00030000  x5=0x00030008
00b783b3	add	x7,x15,x11	 x15:0x00000000 x11:0x00000000  x7=0x00000000
00d53333	sltu	x6,x10,x13	 x10:0x00004d9c x13:0x000045cc  x6=0x00000000
fff00593	addi	x11,x0,-1	  x0:0x00000000 x11=0xffffffff
00b2a023	sw	x11,0(x5)	  x5:0x00030008 x11:0xffffffff PA:0x00030008 store:0xffffffff load:0x00000000
00030637	lui	x12,0x30	 x12=0x00030000
00730e33	add	x28,x6,x7	  x6:0x00000000  x7:0x00000000 x28=0x00000000
01c62623	sw	x28,12(x12)	 x12:0x00030000 x28:0x00000000 PA:0x0003000c store:0x00000000 load:0x00000000
00a2a023	sw	x10,0(x5)	  x5:0x00030008 x10:0x00004d9c PA:0x00030008 store:0x00004d9c load:0xffffffff
08000e93	addi	x29,x0,128	  x0:0x00000000 x29=0x00000080
304ea073	csrrs	x0,mie,x29	 x29:0x00000080  x0=0x00000000
00800f13	addi	x30,x0,8	  x0:0x00000000 x30=0x00000008
300f2073	csrrs	x0,mstatus,x30	 x30:0x00000008  x0=0x00000000
00008067	jalr	x0,0(x1)	  x1:0x00101848  x0=0x00000000
c78ff0ef	jal	x1,100cc0	  x1=0x0010184c
001027b7	lui	x15,0x102	 x15=0x00102000
ce87a503	lw	x10,-792(x15)	 x15:0x00102000 x10=0x00000000 PA:0x00101ce8 store:0x00102000
cec7a583	lw	x11,-788(x15)	 x15:0x00102000 x11=0x00000000 PA:0x00101cec store:0x00030000
00008067	jalr	x0,0(x1)	  x1:0x0010184c  x0=0x00000000
00058b13	addi	x22,x11,0	 x11:0x00000000 x22=0x00000000
00050913	addi	x18,x10,0	 x10:0x00000000 x18=0x00000000
06059a63	bne	x11,x0,1018c8	 x11:0x00000000  x0:0x00000000
00400a93	addi	x21,x0,4	  x0:0x00000000 x21=0x00000004
06aae663	bltu	x21,x10,1018c8	 x21:0x00000004 x10:0x00000000
c60ff0ef	jal	x1,100cc0	  x1=0x00101864
001027b7	lui	x15,0x102	 x15=0x00102000
ce87a503	lw	x10,-792(x15)	 x15:0x00102000 x10=0x00000000 PA:0x00101ce8 store:0x00102000
cec7a583	lw	x11,-788(x15)	 x15:0x00102000 x11=0x00000000 PA:0x00101cec store:0x00030000
00008067	jalr	x0,0(x1)	  x1:0x00101864  x0=0x00000000
00102c37	lui	x24,0x102	 x24=0x00102000
00050413	addi	x8,x10,0	 x10:0x00000000  x8=0x00000000
00157713	andi	x14,x10,1	 x10:0x00000000 x14=0x00000000
00400d93	addi	x27,x0,4	  x0:0x00000000 x27=0x00000004
00102d37	lui	x26,0x102	 x26=0x00102000
cd0c0513	addi	x10,x24,-816	 x24:0x00102000 x10=0x00101cd0
00058493	addi	x9,x11,0	 x11:0x00000000  x9=0x00000000
03240e63	beq	x8,x18,1018bc	  x8:0x00000000 x18:0x00000000
fd6594e3	bne	x11,x22,101884	 x11:0x00000000 x22:0x00000000
10500073	wfi	
6890006f	jal	x0,100ea4	  x0=0x00000000
e2dff06f	jal	x0,100cd0	  x0=0x00000000
fe010113	addi	x2,x2,-32	  x2:0x00137fa0  x2=0x00137f80
00f12423	sw	x15,8(x2)	  x2:0x00137f80 x15:0x00102000 PA:0x00137f88 store:0x00102000 load:0x00000000
001027b7	lui	x15,0x102	 x15=0x00102000
00b12c23	sw	x11,24(x2)	  x2:0x00137f80 x11:0x00000000 PA:0x00137f98 store:0x00000000 load:0x00000000
01012223	sw	x16,4(x2)	  x2:0x00137f80 x16:0x00000000 PA:0x00137f84 store:0x00000000 load:0x00000000
ce07a583	lw	x11,-800(x15)	 x15:0x00102000 x11=0x000007d0 PA:0x00101ce0 store:0x00000000
ce47a803	lw	x16,-796(x15)	 x15:0x00102000 x16=0x00000000 PA:0x00101ce4 store:0x00000000
00e12623	sw	x14,12(x2)	  x2:0x00137f80 x14:0x00000000 PA:0x00137f8c store:0x00000000 load:0x00000000
00030737	lui	x14,0x30	 x14=0x00030000
00c12a23	sw	x12,20(x2)	  x2:0x00137f80 x12:0x00030000 PA:0x00137f94 store:0x00030000 load:0x00000000
01112023	sw	x17,0(x2)	  x2:0x00137f80 x17:0x00030000 PA:0x00137f80 store:0x00030000 load:0x00000000
00a12e23	sw	x10,28(x2)	  x2:0x00137f80 x10:0x00101cd0 PA:0x00137f9c store:0x00101cd0 load:0x00000000
00d12823	sw	x13,16(x2)	  x2:0x00137f80 x13:0x000045cc PA:0x00137f90 store:0x000045cc load:0x00000000
00030637	lui	x12,0x30	 x12=0x00030000
00470893	addi	x17,x14,4	 x14:0x00030000 x17=0x00030004
0008a783	lw	x15,0(x17)	 x17:0x00030004 x15=0x00000000 PA:0x00030004 store:0x00000000
00062683	lw	x13,0(x12)	 x12:0x00030000 x13=0x00004dc0 PA:0x00030000 store:0x00000000
0008a503	lw	x10,0(x17)	 x17:0x00030004 x10=0x00000000 PA:0x00030004 store:0x00000000
06a78a63	beq	x15,x10,100d8c	 x15:0x00000000 x10:0x00000000
00b688b3	add	x17,x13,x11	 x13:0x00004dc0 x11:0x000007d0 x17=0x00005590
00030637	lui	x12,0x30	 x12=0x00030000
00d8b6b3	sltu	x13,x17,x13	 x17:0x00005590 x13:0x00004dc0 x13=0x00000000
01078833	add	x16,x15,x16	 x15:0x00000000 x16:0x00000000 x16=0x00000000
fff00513	addi	x10,x0,-1	  x0:0x00000000 x10=0xffffffff
00a62423	sw	x10,8(x12)	 x12:0x00030000 x10:0xffffffff PA:0x00030008 store:0xffffffff load:0x00004d9c
010687b3	add	x15,x13,x16	 x13:0x00000000 x16:0x00000000 x15=0x00000000
000305b7	lui	x11,0x30	 x11=0x00030000
00f5a623	sw	x15,12(x11)	 x11:0x00030000 x15:0x00000000 PA:0x0003000c store:0x00000000 load:0x00000000
01162423	sw	x17,8(x12)	 x12:0x00030000 x17:0x00005590 PA:0x00030008 store:0x00005590 load:0xffffffff
001026b7	lui	x13,0x102	 x13=0x00102000
ce86a703	lw	x14,-792(x13)	 x13:0x00102000 x14=0x00000000 PA:0x00101ce8 store:0x00000000
cec6a883	lw	x17,-788(x13)	 x13:0x00102000 x17=0x00000000 PA:0x00101cec store:0x00030000
01c12503	lw	x10,28(x2)	  x2:0x00137f80 x10=0x00101cd0 PA:0x00137f9c store:0x00000000
00170593	addi	x11,x14,1	 x14:0x00000000 x11=0x00000001
00e5b633	sltu	x12,x11,x14	 x11:0x00000001 x14:0x00000000 x12=0x00000000
01160833	add	x16,x12,x17	 x12:0x00000000 x17:0x00000000 x16=0x00000000
ceb6a423	sw	x11,-792(x13)	 x13:0x00102000 x11:0x00000001 PA:0x00101ce8 store:0x00000001 load:0x00101cd0
cf06a623	sw	x16,-788(x13)	 x13:0x00102000 x16:0x00000000 PA:0x00101cec store:0x00000000 load:0x00101cd0
01812583	lw	x11,24(x2)	  x2:0x00137f80 x11=0x00000000 PA:0x00137f98 store:0x00102000
01412603	lw	x12,20(x2)	  x2:0x00137f80 x12=0x00030000 PA:0x00137f94 store:0x00102000
01012683	lw	x13,16(x2)	  x2:0x00137f80 x13=0x000045cc PA:0x00137f90 store:0x00000000
00c12703	lw	x14,12(x2)	  x2:0x00137f80 x14=0x00000000 PA:0x00137f8c store:0x00030000
00812783	lw	x15,8(x2)	  x2:0x00137f80 x15=0x00102000 PA:0x00137f88 store:0x00000000
00412803	lw	x16,4(x2)	  x2:0x00137f80 x16=0x00000000 PA:0x00137f84 store:0x00000000
00012883	lw	x17,0(x2)	  x2:0x00137f80 x17=0x00030000 PA:0x00137f80 store:0x00000000
02010113	addi	x2,x2,32	  x2:0x00137f80  x2=0x00137fa0
30200073	mret	
fd9ff06f	jal	x0,10189c	  x0=0x00000000
c24ff0ef	jal	x1,100cc0	  x1=0x001018a0
001027b7	lui	x15,0x102	 x15=0x00102000
ce87a503	lw	x10,-792(x15)	 x15:0x00102000 x10=0x00000001 PA:0x00101ce8 store:0x00000000
cec7a583	lw	x11,-788(x15)	 x15:0x00102000 x11=0x00000000 PA:0x00101cec store:0x00030000
00008067	jalr	x0,0(x1)	  x1:0x001018a0  x0=0x00000000
00040913	addi	x18,x8,0	  x8:0x00000000 x18=0x00000000
00050413	addi	x8,x10,0	 x10:0x00000001  x8=0x00000001
00048b13	addi	x22,x9,0	  x9:0x00000000 x22=0x00000000
00157713	andi	x14,x10,1	 x10:0x00000001 x14=0x00000001
00058493	addi	x9,x11,0	 x11:0x00000000  x9=0x00000000
cd0c0513	addi	x10,x24,-816	 x24:0x00102000 x10=0x00101cd0
fd2416e3	bne	x8,x18,101884	  x8:0x00000001 x18:0x00000000
00071463	bne	x14,x0,10188c	 x14:0x00000001  x0:0x00000000
815fe0ef	jal	x1,1000a0	  x1=0x00101890
00054803	lbu	x16,0(x10)	 x10:0x00101cd0 x16=0x00000054 PA:0x00101cd0 store:0x00000000
06080663	beq	x16,x0,100110	 x16:0x00000054  x0:0x00000000
000207b7	lui	x15,0x20	 x15=0x00020000
0107a023	sw	x16,0(x15)	 x15:0x00020000 x16:0x00000054 PA:0x00020000 store:0x00000054 load:0x00000000
00154703	lbu	x14,1(x10)	 x10:0x00101cd0 x14=0x00000069 PA:0x00101cd1 store:0x00101890
04070e63	beq	x14,x0,100110	 x14:0x00000069  x0:0x00000000
00e7a023	sw	x14,0(x15)	 x15:0x00020000 x14:0x00000069 PA:0x00020000 store:0x00000069 load:0x00000000
00254283	lbu	x5,2(x10)	 x10:0x00101cd0  x5=0x00000063 PA:0x00101cd2 store:0x00137fa0
04028863	beq	x5,x0,100110	  x5:0x00000063  x0:0x00000000
0057a023	sw	x5,0(x15)	 x15:0x00020000  x5:0x00000063 PA:0x00020000 store:0x00000063 load:0x00000000
00354303	lbu	x6,3(x10)	 x10:0x00101cd0  x6=0x0000006b PA:0x00101cd3 store:0x00000000
04030263	beq	x6,x0,100110	  x6:0x0000006b  x0:0x00000000
0067a023	sw	x6,0(x15)	 x15:0x00020000  x6:0x0000006b PA:0x00020000 store:0x0000006b load:0x00000000
00454383	lbu	x7,4(x10)	 x10:0x00101cd0  x7=0x00000021 PA:0x00101cd4 store:0x00000000
02038c63	beq	x7,x0,100110	  x7:0x00000021  x0:0x00000000
0077a023	sw	x7,0(x15)	 x15:0x00020000  x7:0x00000021 PA:0x00020000 store:0x00000021 load:0x00000000
00554583	lbu	x11,5(x10)	 x10:0x00101cd0 x11=0x0000000a PA:0x00101cd5 store:0x00000063
02058663	beq	x11,x0,100110	 x11:0x0000000a  x0:0x00000000
00b7a023	sw	x11,0(x15)	 x15:0x00020000 x11:0x0000000a PA:0x00020000 store:0x0000000a load:0x00000000
00654603	lbu	x12,6(x10)	 x10:0x00101cd0 x12=0x00000000 PA:0x00101cd6 store:0x0000006b
02060063	beq	x12,x0,100110	 x12:0x00000000  x0:0x00000000
00000513	addi	x10,x0,0	  x0:0x00000000 x10=0x00000000
00008067	jalr	x0,0(x1)	  x1:0x00101890  x0=0x00000000
10500073	wfi	
6890006f	jal	x0,100ea4	  x0=0x00000000
e2dff06f	jal	x0,100cd0	  x0=0x00000000
fe010113	addi	x2,x2,-32	  x2:0x00137fa0  x2=0x00137f80
00f12423	sw	x15,8(x2)	  x2:0x00137f80 x15:0x00020000 PA:0x00137f88 store:0x00020000 load:0x00000a21
001027b7	lui	x15,0x102	 x15=0x00102000
00b12c23	sw	x11,24(x2)	  x2:0x00137f80 x11:0x0000000a PA:0x00137f98 store:0x0000000a load:0x00000a21
01012223	sw	x16,4(x2)	  x2:0x00137f80 x16:0x00000054 PA:0x00137f84 store:0x00000054 load:0x00000a21
ce07a583	lw	x11,-800(x15)	 x15:0x00102000 x11=0x000007d0 PA:0x00101ce0 store:0x00000000
ce47a803	lw	x16,-796(x15)	 x15:0x00102000 x16=0x00000000 PA:0x00101ce4 store:0x00000000
00e12623	sw	x14,12(x2)	  x2:0x00137f80 x14:0x00000069 PA:0x00137f8c store:0x00000069 load:0x00000000
00030737	lui	x14,0x30	 x14=0x00030000
00c12a23	sw	x12,20(x2)	  x2:0x00137f80 x12:0x00000000 PA:0x00137f94 store:0x00000000 load:0x00000000
01112023	sw	x17,0(x2)	  x2:0x00137f80 x17:0x00030000 PA:0x00137f80 store:0x00030000 load:0x00000000
00a12e23	sw	x10,28(x2)	  x2:0x00137f80 x10:0x00000000 PA:0x00137f9c store:0x00000000 load:0x00000000
00d12823	sw	x13,16(x2)	  x2:0x00137f80 x13:0x000045cc PA:0x00137f90 store:0x000045cc load:0x00000000
00030637	lui	x12,0x30	 x12=0x00030000
00470893	addi	x17,x14,4	 x14:0x00030000 x17=0x00030004
0008a783	lw	x15,0(x17)	 x17:0x00030004 x15=0x00000000 PA:0x00030004 store:0x00000000
00062683	lw	x13,0(x12)	 x12:0x00030000 x13=0x000055b4 PA:0x00030000 store:0x00000000
0008a503	lw	x10,0(x17)	 x17:0x00030004 x10=0x00000000 PA:0x00030004 store:0x00000000
06a78a63	beq	x15,x10,100d8c	 x15:0x00000000 x10:0x00000000
00b688b3	add	x17,x13,x11	 x13:0x000055b4 x11:0x000007d0 x17=0x00005d84
00030637	lui	x12,0x30	 x12=0x00030000
00d8b6b3	sltu	x13,x17,x13	 x17:0x00005d84 x13:0x000055b4 x13=0x00000000
01078833	add	x16,x15,x16	 x15:0x00000000 x16:0x00000000 x16=0x00000000
fff00513	addi	x10,x0,-1	  x0:0x00000000 x10=0xffffffff
00a62423	sw	x10,8(x12)	 x12:0x00030000 x10:0xffffffff PA:0x00030008 store:0xffffffff load:0x00005590
010687b3	add	x15,x13,x16	 x13:0x00000000 x16:0x00000000 x15=0x00000000
000305b7	lui	x11,0x30	 x11=0x00030000
00f5a623	sw	x15,12(x11)	 x11:0x00030000 x15:0x00000000 PA:0x0003000c store:0x00000000 load:0x00000000
01162423	sw	x17,8(x12)	 x12:0x00030000 x17:0x00005d84 PA:0x00030008 store:0x00005d84 load:0xffffffff
001026b7	lui	x13,0x102	 x13=0x00102000
ce86a703	lw	x14,-792(x13)	 x13:0x00102000 x14=0x00000001 PA:0x00101ce8 store:0x00000001
cec6a883	lw	x17,-788(x13)	 x13:0x00102000 x17=0x00000000 PA:0x00101cec store:0x00030000
01c12503	lw	x10,28(x2)	  x2:0x00137f80 x10=0x00000000 PA:0x00137f9c store:0x00000000
00170593	addi	x11,x14,1	 x14:0x00000001 x11=0x00000002
00e5b633	sltu	x12,x11,x14	 x11:0x00000002 x14:0x00000001 x12=0x00000000
01160833	add	x16,x12,x17	 x12:0x00000000 x17:0x00000000 x16=0x00000000
ceb6a423	sw	x11,-792(x13)	 x13:0x00102000 x11:0x00000002 PA:0x00101ce8 store:0x00000002 load:0x00000000
cf06a623	sw	x16,-788(x13)	 x13:0x00102000 x16:0x00000000 PA:0x00101cec store:0x00000000 load:0x00000000
01812583	lw	x11,24(x2)	  x2:0x00137f80 x11=0x0000000a PA:0x00137f98 store:0x00102000
01412603	lw	x12,20(x2)	  x2:0x00137f80 x12=0x00000000 PA:0x00137f94 store:0x00102000
01012683	lw	x13,16(x2)	  x2:0x00137f80 x13=0x000045cc PA:0x00137f90 store:0x00000000
00c12703	lw	x14,12(x2)	  x2:0x00137f80 x14=0x00000069 PA:0x00137f8c store:0x00000000
00812783	lw	x15,8(x2)	  x2:0x00137f80 x15=0x00020000 PA:0x00137f88 store:0x00000001
00412803	lw	x16,4(x2)	  x2:0x00137f80 x16=0x00000054 PA:0x00137f84 store:0x00000000
00012883	lw	x17,0(x2)	  x2:0x00137f80 x17=0x00030000 PA:0x00137f80 store:0x00000000
02010113	addi	x2,x2,32	  x2:0x00137f80  x2=0x00137fa0
30200073	mret	
02049a63	bne	x9,x0,1018c8	  x9:0x00000000  x0:0x00000000
028de863	bltu	x27,x8,1018c8	 x27:0x00000004  x8:0x00000001
c24ff0ef	jal	x1,100cc0	  x1=0x001018a0
001027b7	lui	x15,0x102	 x15=0x00102000
ce87a503	lw	x10,-792(x15)	 x15:0x00102000 x10=0x00000002 PA:0x00101ce8 store:0x00000001
cec7a583	lw	x11,-788(x15)	 x15:0x00102000 x11=0x00000000 PA:0x00101cec store:0x00000000
00008067	jalr	x0,0(x1)	  x1:0x001018a0  x0=0x00000000
00040913	addi	x18,x8,0	  x8:0x00000001 x18=0x00000001
00050413	addi	x8,x10,0	 x10:0x00000002  x8=0x00000002
00048b13	addi	x22,x9,0	  x9:0x00000000 x22=0x00000000
00157713	andi	x14,x10,1	 x10:0x00000002 x14=0x00000000
00058493	addi	x9,x11,0	 x11:0x00000000  x9=0x00000000
cd0c0513	addi	x10,x24,-816	 x24:0x00102000 x10=0x00101cd0
fd2416e3	bne	x8,x18,101884	  x8:0x00000002 x18:0x00000001
00071463	bne	x14,x0,10188c	 x14:0x00000000  x0:0x00000000
cd8d0513	addi	x10,x26,-808	 x26:0x00102000 x10=0x00101cd8
815fe0ef	jal	x1,1000a0	  x1=0x00101890
00054803	lbu	x16,0(x10)	 x10:0x00101cd8 x16=0x00000054 PA:0x00101cd8 store:0x00000000
06080663	beq	x16,x0,100110	 x16:0x00000054  x0:0x00000000
000207b7	lui	x15,0x20	 x15=0x00020000
0107a023	sw	x16,0(x15)	 x15:0x00020000 x16:0x00000054 PA:0x00020000 store:0x00000054 load:0x00000000
00154703	lbu	x14,1(x10)	 x10:0x00101cd8 x14=0x0000006f PA:0x00101cd9 store:0x00101890
04070e63	beq	x14,x0,100110	 x14:0x0000006f  x0:0x00000000
00e7a023	sw	x14,0(x15)	 x15:0x00020000 x14:0x0000006f PA:0x00020000 store:0x0000006f load:0x00000000
00254283	lbu	x5,2(x10)	 x10:0x00101cd8  x5=0x00000063 PA:0x00101cda store:0x00137fa0
04028863	beq	x5,x0,100110	  x5:0x00000063  x0:0x00000000
0057a023	sw	x5,0(x15)	 x15:0x00020000  x5:0x00000063 PA:0x00020000 store:0x00000063 load:0x00000000
00354303	lbu	x6,3(x10)	 x10:0x00101cd8  x6=0x0000006b PA:0x00101cdb store:0x00000000
04030263	beq	x6,x0,100110	  x6:0x0000006b  x0:0x00000000
0067a023	sw	x6,0(x15)	 x15:0x00020000  x6:0x0000006b PA:0x00020000 store:0x0000006b load:0x00000000
00454383	lbu	x7,4(x10)	 x10:0x00101cd8  x7=0x00000021 PA:0x00101cdc store:0x00000000
02038c63	beq	x7,x0,100110	  x7:0x00000021  x0:0x00000000
0077a023	sw	x7,0(x15)	 x15:0x00020000  x7:0x00000021 PA:0x00020000 store:0x00000021 load:0x00000000
00554583	lbu	x11,5(x10)	 x10:0x00101cd8 x11=0x0000000a PA:0x00101cdd store:0x00000063
02058663	beq	x11,x0,100110	 x11:0x0000000a  x0:0x00000000
00b7a023	sw	x11,0(x15)	 x15:0x00020000 x11:0x0000000a PA:0x00020000 store:0x0000000a load:0x00000000
00654603	lbu	x12,6(x10)	 x10:0x00101cd8 x12=0x00000000 PA:0x00101cde store:0x0000006b
02060063	beq	x12,x0,100110	 x12:0x00000000  x0:0x00000000
00000513	addi	x10,x0,0	  x0:0x00000000 x10=0x00000000
00008067	jalr	x0,0(x1)	  x1:0x00101890  x0=0x00000000
10500073	wfi	
6890006f	jal	x0,100ea4	  x0=0x00000000
e2dff06f	jal	x0,100cd0	  x0=0x00000000
fe010113	addi	x2,x2,-32	  x2:0x00137fa0  x2=0x00137f80
00f12423	sw	x15,8(x2)	  x2:0x00137f80 x15:0x00020000 PA:0x00137f88 store:0x00020000 load:0x00000a21
001027b7	lui	x15,0x102	 x15=0x00102000
00b12c23	sw	x11,24(x2)	  x2:0x00137f80 x11:0x0000000a PA:0x00137f98 store:0x0000000a load:0x00000a21
01012223	sw	x16,4(x2)	  x2:0x00137f80 x16:0x00000054 PA:0x00137f84 store:0x00000054 load:0x00000a21
ce07a583	lw	x11,-800(x15)	 x15:0x00102000 x11=0x000007d0 PA:0x00101ce0 store:0x00000000
ce47a803	lw	x16,-796(x15)	 x15:0x00102000 x16=0x00000000 PA:0x00101ce4 store:0x00000000
00e12623	sw	x14,12(x2)	  x2:0x00137f80 x14:0x0000006f PA:0x00137f8c store:0x0000006f load:0x00000000
00030737	lui	x14,0x30	 x14=0x00030000
00c12a23	sw	x12,20(x2)	  x2:0x00137f80 x12:0x00000000 PA:0x00137f94 store:0x00000000 load:0x00000000
01112023	sw	x17,0(x2)	  x2:0x00137f80 x17:0x00030000 PA:0x00137f80 store:0x00030000 load:0x00000000
00a12e23	sw	x10,28(x2)	  x2:0x00137f80 x10:0x00000000 PA:0x00137f9c store:0x00000000 load:0x00000000
00d12823	sw	x13,16(x2)	  x2:0x00137f80 x13:0x000045cc PA:0x00137f90 store:0x000045cc load:0x00000000
00030637	lui	x12,0x30	 x12=0x00030000
00470893	addi	x17,x14,4	 x14:0x00030000 x17=0x00030004
0008a783	lw	x15,0(x17)	 x17:0x00030004 x15=0x00000000 PA:0x00030004 store:0x00000000
00062683	lw	x13,0(x12)	 x12:0x00030000 x13=0x00005da8 PA:0x00030000 store:0x00000000
0008a503	lw	x10,0(x17)	 x17:0x00030004 x10=0x00000000 PA:0x00030004 store:0x00000000
06a78a63	beq	x15,x10,100d8c	 x15:0x00000000 x10:0x00000000
00b688b3	add	x17,x13,x11	 x13:0x00005da8 x11:0x000007d0 x17=0x00006578
00030637	lui	x12,0x30	 x12=0x00030000
00d8b6b3	sltu	x13,x17,x13	 x17:0x00006578 x13:0x00005da8 x13=0x00000000
01078833	add	x16,x15,x16	 x15:0x00000000 x16:0x00000000 x16=0x00000000
fff00513	addi	x10,x0,-1	  x0:0x00000000 x10=0xffffffff
00a62423	sw	x10,8(x12)	 x12:0x00030000 x10:0xffffffff PA:0x00030008 store:0xffffffff load:0x00005d84
010687b3	add	x15,x13,x16	 x13:0x00000000 x16:0x00000000 x15=0x00000000
000305b7	lui	x11,0x30	 x11=0x00030000
00f5a623	sw	x15,12(x11)	 x11:0x00030000 x15:0x00000000 PA:0x0003000c store:0x00000000 load:0x00000000
01162423	sw	x17,8(x12)	 x12:0x00030000 x17:0x00006578 PA:0x00030008 store:0x00006578 load:0xffffffff
001026b7	lui	x13,0x102	 x13=0x00102000
ce86a703	lw	x14,-792(x13)	 x13:0x00102000 x14=0x00000002 PA:0x00101ce8 store:0x00000002
cec6a883	lw	x17,-788(x13)	 x13:0x00102000 x17=0x00000000 PA:0x00101cec store:0x00030000
01c12503	lw	x10,28(x2)	  x2:0x00137f80 x10=0x00000000 PA:0x00137f9c store:0x00000000
00170593	addi	x11,x14,1	 x14:0x00000002 x11=0x00000003
00e5b633	sltu	x12,x11,x14	 x11:0x00000003 x14:0x00000002 x12=0x00000000
01160833	add	x16,x12,x17	 x12:0x00000000 x17:0x00000000 x16=0x00000000
ceb6a423	sw	x11,-792(x13)	 x13:0x00102000 x11:0x00000003 PA:0x00101ce8 store:0x00000003 load:0x00000000
cf06a623	sw	x16,-788(x13)	 x13:0x00102000 x16:0x00000000 PA:0x00101cec store:0x00000000 load:0x00000000
01812583	lw	x11,24(x2)	  x2:0x00137f80 x11=0x0000000a PA:0x00137f98 store:0x00102000
01412603	lw	x12,20(x2)	  x2:0x00137f80 x12=0x00000000 PA:0x00137f94 store:0x00102000
01012683	lw	x13,16(x2)	  x2:0x00137f80 x13=0x000045cc PA:0x00137f90 store:0x00000000
00c12703	lw	x14,12(x2)	  x2:0x00137f80 x14=0x0000006f PA:0x00137f8c store:0x00000000
00812783	lw	x15,8(x2)	  x2:0x00137f80 x15=0x00020000 PA:0x00137f88 store:0x00000002
00412803	lw	x16,4(x2)	  x2:0x00137f80 x16=0x00000054 PA:0x00137f84 store:0x00000000
00012883	lw	x17,0(x2)	  x2:0x00137f80 x17=0x00030000 PA:0x00137f80 store:0x00000000
02010113	addi	x2,x2,32	  x2:0x00137f80  x2=0x00137fa0
30200073	mret	
02049a63	bne	x9,x0,1018c8	  x9:0x00000000  x0:0x00000000
028de863	bltu	x27,x8,1018c8	 x27:0x00000004  x8:0x00000002
c24ff0ef	jal	x1,100cc0	  x1=0x001018a0
001027b7	lui	x15,0x102	 x15=0x00102000
ce87a503	lw	x10,-792(x15)	 x15:0x00102000 x10=0x00000003 PA:0x00101ce8 store:0x00000002
cec7a583	lw	x11,-788(x15)	 x15:0x00102000 x11=0x00000000 PA:0x00101cec store:0x00000000
00008067	jalr	x0,0(x1)	  x1:0x001018a0  x0=0x00000000
00040913	addi	x18,x8,0	  x8:0x00000002 x18=0x00000002
00050413	addi	x8,x10,0	 x10:0x00000003  x8=0x00000003
00048b13	addi	x22,x9,0	  x9:0x00000000 x22=0x00000000
00157713	andi	x14,x10,1	 x10:0x00000003 x14=0x00000001
00058493	addi	x9,x11,0	 x11:0x00000000  x9=0x00000000
cd0c0513	addi	x10,x24,-816	 x24:0x00102000 x10=0x00101cd0
fd2416e3	bne	x8,x18,101884	  x8:0x00000003 x18:0x00000002
00071463	bne	x14,x0,10188c	 x14:0x00000001  x0:0x00000000
815fe0ef	jal	x1,1000a0	  x1=0x00101890
00054803	lbu	x16,0(x10)	 x10:0x00101cd0 x16=0x00000054 PA:0x00101cd0 store:0x00000000
06080663	beq	x16,x0,100110	 x16:0x00000054  x0:0x00000000
000207b7	lui	x15,0x20	 x15=0x00020000
0107a023	sw	x16,0(x15)	 x15:0x00020000 x16:0x00000054 PA:0x00020000 store:0x00000054 load:0x00000000
00154703	lbu	x14,1(x10)	 x10:0x00101cd0 x14=0x00000069 PA:0x00101cd1 store:0x00101890
04070e63	beq	x14,x0,100110	 x14:0x00000069  x0:0x00000000
00e7a023	sw	x14,0(x15)	 x15:0x00020000 x14:0x00000069 PA:0x00020000 store:0x00000069 load:0x00000000
00254283	lbu	x5,2(x10)	 x10:0x00101cd0  x5=0x00000063 PA:0x00101cd2 store:0x00137fa0
04028863	beq	x5,x0,100110	  x5:0x00000063  x0:0x00000000
0057a023	sw	x5,0(x15)	 x15:0x00020000  x5:0x00000063 PA:0x00020000 store:0x00000063 load:0x00000000
00354303	lbu	x6,3(x10)	 x10:0x00101cd0  x6=0x0000006b PA:0x00101cd3 store:0x00000000
04030263	beq	x6,x0,100110	  x6:0x0000006b  x0:0x00000000
0067a023	sw	x6,0(x15)	 x15:0x00020000  x6:0x0000006b PA:0x00020000 store:0x0000006b load:0x00000000
00454383	lbu	x7,4(x10)	 x10:0x00101cd0  x7=0x00000021 PA:0x00101cd4 store:0x00000000
02038c63	beq	x7,x0,100110	  x7:0x00000021  x0:0x00000000
0077a023	sw	x7,0(x15)	 x15:0x00020000  x7:0x00000021 PA:0x00020000 store:0x00000021 load:0x00000000
00554583	lbu	x11,5(x10)	 x10:0x00101cd0 x11=0x0000000a PA:0x00101cd5 store:0x00000063
02058663	beq	x11,x0,100110	 x11:0x0000000a  x0:0x00000000
00b7a023	sw	x11,0(x15)	 x15:0x00020000 x11:0x0000000a PA:0x00020000 store:0x0000000a load:0x00000000
00654603	lbu	x12,6(x10)	 x10:0x00101cd0 x12=0x00000000 PA:0x00101cd6 store:0x0000006b
02060063	beq	x12,x0,100110	 x12:0x00000000  x0:0x00000000
00000513	addi	x10,x0,0	  x0:0x00000000 x10=0x00000000
00008067	jalr	x0,0(x1)	  x1:0x00101890  x0=0x00000000
10500073	wfi	
6890006f	jal	x0,100ea4	  x0=0x00000000
e2dff06f	jal	x0,100cd0	  x0=0x00000000
fe010113	addi	x2,x2,-32	  x2:0x00137fa0  x2=0x00137f80
00f12423	sw	x15,8(x2)	  x2:0x00137f80 x15:0x00020000 PA:0x00137f88 store:0x00020000 load:0x00000a21
001027b7	lui	x15,0x102	 x15=0x00102000
00b12c23	sw	x11,24(x2)	  x2:0x00137f80 x11:0x0000000a PA:0x00137f98 store:0x0000000a load:0x00000a21
01012223	sw	x16,4(x2)	  x2:0x00137f80 x16:0x00000054 PA:0x00137f84 store:0x00000054 load:0x00000a21
ce07a583	lw	x11,-800(x15)	 x15:0x00102000 x11=0x000007d0 PA:0x00101ce0 store:0x00000000
ce47a803	lw	x16,-796(x15)	 x15:0x00102000 x16=0x00000000 PA:0x00101ce4 store:0x00000000
00e12623	sw	x14,12(x2)	  x2:0x00137f80 x14:0x00000069 PA:0x00137f8c store:0x00000069 load:0x00000000
00030737	lui	x14,0x30	 x14=0x00030000
00c12a23	sw	x12,20(x2)	  x2:0x00137f80 x12:0x00000000 PA:0x00137f94 store:0x00000000 load:0x00000000
01112023	sw	x17,0(x2)	  x2:0x00137f80 x17:0x00030000 PA:0x00137f80 store:0x00030000 load:0x00000000
00a12e23	sw	x10,28(x2)	  x2:0x00137f80 x10:0x00000000 PA:0x00137f9c store:0x00000000 load:0x00000000
00d12823	sw	x13,16(x2)	  x2:0x00137f80 x13:0x000045cc PA:0x00137f90 store:0x000045cc load:0x00000000
00030637	lui	x12,0x30	 x12=0x00030000
00470893	addi	x17,x14,4	 x14:0x00030000 x17=0x00030004
0008a783	lw	x15,0(x17)	 x17:0x00030004 x15=0x00000000 PA:0x00030004 store:0x00000000
00062683	lw	x13,0(x12)	 x12:0x00030000 x13=0x0000659c PA:0x00030000 store:0x00000000
0008a503	lw	x10,0(x17)	 x17:0x00030004 x10=0x00000000 PA:0x00030004 store:0x00000000
06a78a63	beq	x15,x10,100d8c	 x15:0x00000000 x10:0x00000000
00b688b3	add	x17,x13,x11	 x13:0x0000659c x11:0x000007d0 x17=0x00006d6c
00030637	lui	x12,0x30	 x12=0x00030000
00d8b6b3	sltu	x13,x17,x13	 x17:0x00006d6c x13:0x0000659c x13=0x00000000
01078833	add	x16,x15,x16	 x15:0x00000000 x16:0x00000000 x16=0x00000000
fff00513	addi	x10,x0,-1	  x0:0x00000000 x10=0xffffffff
00a62423	sw	x10,8(x12)	 x12:0x00030000 x10:0xffffffff PA:0x00030008 store:0xffffffff load:0x00006578
010687b3	add	x15,x13,x16	 x13:0x00000000 x16:0x00000000 x15=0x00000000
000305b7	lui	x11,0x30	 x11=0x00030000
00f5a623	sw	x15,12(x11)	 x11:0x00030000 x15:0x00000000 PA:0x0003000c store:0x00000000 load:0x00000000
01162423	sw	x17,8(x12)	 x12:0x00030000 x17:0x00006d6c PA:0x00030008 store:0x00006d6c load:0xffffffff
001026b7	lui	x13,0x102	 x13=0x00102000
ce86a703	lw	x14,-792(x13)	 x13:0x00102000 x14=0x00000003 PA:0x00101ce8 store:0x00000003
cec6a883	lw	x17,-788(x13)	 x13:0x00102000 x17=0x00000000 PA:0x00101cec store:0x00030000
01c12503	lw	x10,28(x2)	  x2:0x00137f80 x10=0x00000000 PA:0x00137f9c store:0x00000000
00170593	addi	x11,x14,1	 x14:0x00000003 x11=0x00000004
00e5b633	sltu	x12,x11,x14	 x11:0x00000004 x14:0x00000003 x12=0x00000000
01160833	add	x16,x12,x17	 x12:0x00000000 x17:0x00000000 x16=0x00000000
ceb6a423	sw	x11,-792(x13)	 x13:0x00102000 x11:0x00000004 PA:0x00101ce8 store:0x00000004 load:0x00000000
cf06a623	sw	x16,-788(x13)	 x13:0x00102000 x16:0x00000000 PA:0x00101cec store:0x00000000 load:0x00000000
01812583	lw	x11,24(x2)	  x2:0x00137f80 x11=0x0000000a PA:0x00137f98 store:0x00102000
01412603	lw	x12,20(x2)	  x2:0x00137f80 x12=0x00000000 PA:0x00137f94 store:0x00102000
01012683	lw	x13,16(x2)	  x2:0x00137f80 x13=0x000045cc PA:0x00137f90 store:0x00000000
00c12703	lw	x14,12(x2)	  x2:0x00137f80 x14=0x00000069 PA:0x00137f8c store:0x00000000
00812783	lw	x15,8(x2)	  x2:0x00137f80 x15=0x00020000 PA:0x00137f88 store:0x00000003
00412803	lw	x16,4(x2)	  x2:0x00137f80 x16=0x00000054 PA:0x00137f84 store:0x00000000
00012883	lw	x17,0(x2)	  x2:0x00137f80 x17=0x00030000 PA:0x00137f80 store:0x00000000
02010113	addi	x2,x2,32	  x2:0x00137f80  x2=0x00137fa0
30200073	mret	
02049a63	bne	x9,x0,1018c8	  x9:0x00000000  x0:0x00000000
028de863	bltu	x27,x8,1018c8	 x27:0x00000004  x8:0x00000003
c24ff0ef	jal	x1,100cc0	  x1=0x001018a0
001027b7	lui	x15,0x102	 x15=0x00102000
ce87a503	lw	x10,-792(x15)	 x15:0x00102000 x10=0x00000004 PA:0x00101ce8 store:0x00000003
cec7a583	lw	x11,-788(x15)	 x15:0x00102000 x11=0x00000000 PA:0x00101cec store:0x00000000
00008067	jalr	x0,0(x1)	  x1:0x001018a0  x0=0x00000000
00040913	addi	x18,x8,0	  x8:0x00000003 x18=0x00000003
00050413	addi	x8,x10,0	 x10:0x00000004  x8=0x00000004
00048b13	addi	x22,x9,0	  x9:0x00000000 x22=0x00000000
00157713	andi	x14,x10,1	 x10:0x00000004 x14=0x00000000
00058493	addi	x9,x11,0	 x11:0x00000000  x9=0x00000000
cd0c0513	addi	x10,x24,-816	 x24:0x00102000 x10=0x00101cd0
fd2416e3	bne	x8,x18,101884	  x8:0x00000004 x18:0x00000003
00071463	bne	x14,x0,10188c	 x14:0x00000000  x0:0x00000000
cd8d0513	addi	x10,x26,-808	 x26:0x00102000 x10=0x00101cd8
815fe0ef	jal	x1,1000a0	  x1=0x00101890
00054803	lbu	x16,0(x10)	 x10:0x00101cd8 x16=0x00000054 PA:0x00101cd8 store:0x00000000
06080663	beq	x16,x0,100110	 x16:0x00000054  x0:0x00000000
000207b7	lui	x15,0x20	 x15=0x00020000
0107a023	sw	x16,0(x15)	 x15:0x00020000 x16:0x00000054 PA:0x00020000 store:0x00000054 load:0x00000000
00154703	lbu	x14,1(x10)	 x10:0x00101cd8 x14=0x0000006f PA:0x00101cd9 store:0x00101890
04070e63	beq	x14,x0,100110	 x14:0x0000006f  x0:0x00000000
00e7a023	sw	x14,0(x15)	 x15:0x00020000 x14:0x0000006f PA:0x00020000 store:0x0000006f load:0x00000000
00254283	lbu	x5,2(x10)	 x10:0x00101cd8  x5=0x00000063 PA:0x00101cda store:0x00137fa0
04028863	beq	x5,x0,100110	  x5:0x00000063  x0:0x00000000
0057a023	sw	x5,0(x15)	 x15:0x00020000  x5:0x00000063 PA:0x00020000 store:0x00000063 load:0x00000000
00354303	lbu	x6,3(x10)	 x10:0x00101cd8  x6=0x0000006b PA:0x00101cdb store:0x00000000
04030263	beq	x6,x0,100110	  x6:0x0000006b  x0:0x00000000
0067a023	sw	x6,0(x15)	 x15:0x00020000  x6:0x0000006b PA:0x00020000 store:0x0000006b load:0x00000000
00454383	lbu	x7,4(x10)	 x10:0x00101cd8  x7=0x00000021 PA:0x00101cdc store:0x00000000
02038c63	beq	x7,x0,100110	  x7:0x00000021  x0:0x00000000
0077a023	sw	x7,0(x15)	 x15:0x00020000  x7:0x00000021 PA:0x00020000 store:0x00000021 load:0x00000000
00554583	lbu	x11,5(x10)	 x10:0x00101cd8 x11=0x0000000a PA:0x00101cdd store:0x00000063
02058663	beq	x11,x0,100110	 x11:0x0000000a  x0:0x00000000
00b7a023	sw	x11,0(x15)	 x15:0x00020000 x11:0x0000000a PA:0x00020000 store:0x0000000a load:0x00000000
00654603	lbu	x12,6(x10)	 x10:0x00101cd8 x12=0x00000000 PA:0x00101cde store:0x0000006b
02060063	beq	x12,x0,100110	 x12:0x00000000  x0:0x00000000
00000513	addi	x10,x0,0	  x0:0x00000000 x10=0x00000000
00008067	jalr	x0,0(x1)	  x1:0x00101890  x0=0x00000000
10500073	wfi	
6890006f	jal	x0,100ea4	  x0=0x00000000
e2dff06f	jal	x0,100cd0	  x0=0x00000000
fe010113	addi	x2,x2,-32	  x2:0x00137fa0  x2=0x00137f80
00f12423	sw	x15,8(x2)	  x2:0x00137f80 x15:0x00020000 PA:0x00137f88 store:0x00020000 load:0x00000a21
001027b7	lui	x15,0x102	 x15=0x00102000
00b12c23	sw	x11,24(x2)	  x2:0x00137f80 x11:0x0000000a PA:0x00137f98 store:0x0000000a load:0x00000a21
01012223	sw	x16,4(x2)	  x2:0x00137f80 x16:0x00000054 PA:0x00137f84 store:0x00000054 load:0x00000a21
ce07a583	lw	x11,-800(x15)	 x15:0x00102000 x11=0x000007d0 PA:0x00101ce0 store:0x00000000
ce47a803	lw	x16,-796(x15)	 x15:0x00102000 x16=0x00000000 PA:0x00101ce4 store:0x00000000
00e12623	sw	x14,12(x2)	  x2:0x00137f80 x14:0x0000006f PA:0x00137f8c store:0x0000006f load:0x00000000
00030737	lui	x14,0x30	 x14=0x00030000
00c12a23	sw	x12,20(x2)	  x2:0x00137f80 x12:0x00000000 PA:0x00137f94 store:0x00000000 load:0x00000000
01112023	sw	x17,0(x2)	  x2:0x00137f80 x17:0x00030000 PA:0x00137f80 store:0x00030000 load:0x00000000
00a12e23	sw	x10,28(x2)	  x2:0x00137f80 x10:0x00000000 PA:0x00137f9c store:0x00000000 load:0x00000000
00d12823	sw	x13,16(x2)	  x2:0x00137f80 x13:0x000045cc PA:0x00137f90 store:0x000045cc load:0x00000000
00030637	lui	x12,0x30	 x12=0x00030000
00470893	addi	x17,x14,4	 x14:0x00030000 x17=0x00030004
0008a783	lw	x15,0(x17)	 x17:0x00030004 x15=0x00000000 PA:0x00030004 store:0x00000000
00062683	lw	x13,0(x12)	 x12:0x00030000 x13=0x00006d90 PA:0x00030000 store:0x00000000
0008a503	lw	x10,0(x17)	 x17:0x00030004 x10=0x00000000 PA:0x00030004 store:0x00000000
06a78a63	beq	x15,x10,100d8c	 x15:0x00000000 x10:0x00000000
00b688b3	add	x17,x13,x11	 x13:0x00006d90 x11:0x000007d0 x17=0x00007560
00030637	lui	x12,0x30	 x12=0x00030000
00d8b6b3	sltu	x13,x17,x13	 x17:0x00007560 x13:0x00006d90 x13=0x00000000
01078833	add	x16,x15,x16	 x15:0x00000000 x16:0x00000000 x16=0x00000000
fff00513	addi	x10,x0,-1	  x0:0x00000000 x10=0xffffffff
00a62423	sw	x10,8(x12)	 x12:0x00030000 x10:0xffffffff PA:0x00030008 store:0xffffffff load:0x00006d6c
010687b3	add	x15,x13,x16	 x13:0x00000000 x16:0x00000000 x15=0x00000000
000305b7	lui	x11,0x30	 x11=0x00030000
00f5a623	sw	x15,12(x11)	 x11:0x00030000 x15:0x00000000 PA:0x0003000c store:0x00000000 load:0x00000000
01162423	sw	x17,8(x12)	 x12:0x00030000 x17:0x00007560 PA:0x00030008 store:0x00007560 load:0xffffffff
001026b7	lui	x13,0x102	 x13=0x00102000
ce86a703	lw	x14,-792(x13)	 x13:0x00102000 x14=0x00000004 PA:0x00101ce8 store:0x00000004
cec6a883	lw	x17,-788(x13)	 x13:0x00102000 x17=0x00000000 PA:0x00101cec store:0x00030000
01c12503	lw	x10,28(x2)	  x2:0x00137f80 x10=0x00000000 PA:0x00137f9c store:0x00000000
00170593	addi	x11,x14,1	 x14:0x00000004 x11=0x00000005
00e5b633	sltu	x12,x11,x14	 x11:0x00000005 x14:0x00000004 x12=0x00000000
01160833	add	x16,x12,x17	 x12:0x00000000 x17:0x00000000 x16=0x00000000
ceb6a423	sw	x11,-792(x13)	 x13:0x00102000 x11:0x00000005 PA:0x00101ce8 store:0x00000005 load:0x00000000
cf06a623	sw	x16,-788(x13)	 x13:0x00102000 x16:0x00000000 PA:0x00101cec store:0x00000000 load:0x00000000
01812583	lw	x11,24(x2)	  x2:0x00137f80 x11=0x0000000a PA:0x00137f98 store:0x00102000
01412603	lw	x12,20(x2)	  x2:0x00137f80 x12=0x00000000 PA:0x00137f94 store:0x00102000
01012683	lw	x13,16(x2)	  x2:0x00137f80 x13=0x000045cc PA:0x00137f90 store:0x00000000
00c12703	lw	x14,12(x2)	  x2:0x00137f80 x14=0x0000006f PA:0x00137f8c store:0x00000000
00812783	lw	x15,8(x2)	  x2:0x00137f80 x15=0x00020000 PA:0x00137f88 store:0x00000004
00412803	lw	x16,4(x2)	  x2:0x00137f80 x16=0x00000054 PA:0x00137f84 store:0x00000000
00012883	lw	x17,0(x2)	  x2:0x00137f80 x17=0x00030000 PA:0x00137f80 store:0x00000000
02010113	addi	x2,x2,32	  x2:0x00137f80  x2=0x00137fa0
30200073	mret	
02049a63	bne	x9,x0,1018c8	  x9:0x00000000  x0:0x00000000
028de863	bltu	x27,x8,1018c8	 x27:0x00000004  x8:0x00000004
c24ff0ef	jal	x1,100cc0	  x1=0x001018a0
001027b7	lui	x15,0x102	 x15=0x00102000
ce87a503	lw	x10,-792(x15)	 x15:0x00102000 x10=0x00000005 PA:0x00101ce8 store:0x00000004
cec7a583	lw	x11,-788(x15)	 x15:0x00102000 x11=0x00000000 PA:0x00101cec store:0x00000000
00008067	jalr	x0,0(x1)	  x1:0x001018a0  x0=0x00000000
00040913	addi	x18,x8,0	  x8:0x00000004 x18=0x00000004
00050413	addi	x8,x10,0	 x10:0x00000005  x8=0x00000005
00048b13	addi	x22,x9,0	  x9:0x00000000 x22=0x00000000
00157713	andi	x14,x10,1	 x10:0x00000005 x14=0x00000001
00058493	addi	x9,x11,0	 x11:0x00000000  x9=0x00000000
cd0c0513	addi	x10,x24,-816	 x24:0x00102000 x10=0x00101cd0
fd2416e3	bne	x8,x18,101884	  x8:0x00000005 x18:0x00000004
00071463	bne	x14,x0,10188c	 x14:0x00000001  x0:0x00000000
815fe0ef	jal	x1,1000a0	  x1=0x00101890
00054803	lbu	x16,0(x10)	 x10:0x00101cd0 x16=0x00000054 PA:0x00101cd0 store:0x00000000
06080663	beq	x16,x0,100110	 x16:0x00000054  x0:0x00000000
000207b7	lui	x15,0x20	 x15=0x00020000
0107a023	sw	x16,0(x15)	 x15:0x00020000 x16:0x00000054 PA:0x00020000 store:0x00000054 load:0x00000000
00154703	lbu	x14,1(x10)	 x10:0x00101cd0 x14=0x00000069 PA:0x00101cd1 store:0x00101890
04070e63	beq	x14,x0,100110	 x14:0x00000069  x0:0x00000000
00e7a023	sw	x14,0(x15)	 x15:0x00020000 x14:0x00000069 PA:0x00020000 store:0x00000069 load:0x00000000
00254283	lbu	x5,2(x10)	 x10:0x00101cd0  x5=0x00000063 PA:0x00101cd2 store:0x00137fa0
04028863	beq	x5,x0,100110	  x5:0x00000063  x0:0x00000000
0057a023	sw	x5,0(x15)	 x15:0x00020000  x5:0x00000063 PA:0x00020000 store:0x00000063 load:0x00000000
00354303	lbu	x6,3(x10)	 x10:0x00101cd0  x6=0x0000006b PA:0x00101cd3 store:0x00000000
04030263	beq	x6,x0,100110	  x6:0x0000006b  x0:0x00000000
0067a023	sw	x6,0(x15)	 x15:0x00020000  x6:0x0000006b PA:0x00020000 store:0x0000006b load:0x00000000
00454383	lbu	x7,4(x10)	 x10:0x00101cd0  x7=0x00000021 PA:0x00101cd4 store:0x00000000
02038c63	beq	x7,x0,100110	  x7:0x00000021  x0:0x00000000
0077a023	sw	x7,0(x15)	 x15:0x00020000  x7:0x00000021 PA:0x00020000 store:0x00000021 load:0x00000000
00554583	lbu	x11,5(x10)	 x10:0x00101cd0 x11=0x0000000a PA:0x00101cd5 store:0x00000063
02058663	beq	x11,x0,100110	 x11:0x0000000a  x0:0x00000000
00b7a023	sw	x11,0(x15)	 x15:0x00020000 x11:0x0000000a PA:0x00020000 store:0x0000000a load:0x00000000
00654603	lbu	x12,6(x10)	 x10:0x00101cd0 x12=0x00000000 PA:0x00101cd6 store:0x0000006b
02060063	beq	x12,x0,100110	 x12:0x00000000  x0:0x00000000
00000513	addi	x10,x0,0	  x0:0x00000000 x10=0x00000000
00008067	jalr	x0,0(x1)	  x1:0x00101890  x0=0x00000000
10500073	wfi	
6890006f	jal	x0,100ea4	  x0=0x00000000
e2dff06f	jal	x0,100cd0	  x0=0x00000000
fe010113	addi	x2,x2,-32	  x2:0x00137fa0  x2=0x00137f80
00f12423	sw	x15,8(x2)	  x2:0x00137f80 x15:0x00020000 PA:0x00137f88 store:0x00020000 load:0x00000a21
001027b7	lui	x15,0x102	 x15=0x00102000
00b12c23	sw	x11,24(x2)	  x2:0x00137f80 x11:0x0000000a PA:0x00137f98 store:0x0000000a load:0x00000a21
01012223	sw	x16,4(x2)	  x2:0x00137f80 x16:0x00000054 PA:0x00137f84 store:0x00000054 load:0x00000a21
ce07a583	lw	x11,-800(x15)	 x15:0x00102000 x11=0x000007d0 PA:0x00101ce0 store:0x00000000
ce47a803	lw	x16,-796(x15)	 x15:0x00102000 x16=0x00000000 PA:0x00101ce4 store:0x00000000
00e12623	sw	x14,12(x2)	  x2:0x00137f80 x14:0x00000069 PA:0x00137f8c store:0x00000069 load:0x00000000
00030737	lui	x14,0x30	 x14=0x00030000
00c12a23	sw	x12,20(x2)	  x2:0x00137f80 x12:0x00000000 PA:0x00137f94 store:0x00000000 load:0x00000000
01112023	sw	x17,0(x2)	  x2:0x00137f80 x17:0x00030000 PA:0x00137f80 store:0x00030000 load:0x00000000
00a12e23	sw	x10,28(x2)	  x2:0x00137f80 x10:0x00000000 PA:0x00137f9c store:0x00000000 load:0x00000000
00d12823	sw	x13,16(x2)	  x2:0x00137f80 x13:0x000045cc PA:0x00137f90 store:0x000045cc load:0x00000000
00030637	lui	x12,0x30	 x12=0x00030000
00470893	addi	x17,x14,4	 x14:0x00030000 x17=0x00030004
0008a783	lw	x15,0(x17)	 x17:0x00030004 x15=0x00000000 PA:0x00030004 store:0x00000000
00062683	lw	x13,0(x12)	 x12:0x00030000 x13=0x00007584 PA:0x00030000 store:0x00000000
0008a503	lw	x10,0(x17)	 x17:0x00030004 x10=0x00000000 PA:0x00030004 store:0x00000000
06a78a63	beq	x15,x10,100d8c	 x15:0x00000000 x10:0x00000000
00b688b3	add	x17,x13,x11	 x13:0x00007584 x11:0x000007d0 x17=0x00007d54
00030637	lui	x12,0x30	 x12=0x00030000
00d8b6b3	sltu	x13,x17,x13	 x17:0x00007d54 x13:0x00007584 x13=0x00000000
01078833	add	x16,x15,x16	 x15:0x00000000 x16:0x00000000 x16=0x00000000
fff00513	addi	x10,x0,-1	  x0:0x00000000 x10=0xffffffff
00a62423	sw	x10,8(x12)	 x12:0x00030000 x10:0xffffffff PA:0x00030008 store:0xffffffff load:0x00007560
010687b3	add	x15,x13,x16	 x13:0x00000000 x16:0x00000000 x15=0x00000000
000305b7	lui	x11,0x30	 x11=0x00030000
00f5a623	sw	x15,12(x11)	 x11:0x00030000 x15:0x00000000 PA:0x0003000c store:0x00000000 load:0x00000000
01162423	sw	x17,8(x12)	 x12:0x00030000 x17:0x00007d54 PA:0x00030008 store:0x00007d54 load:0xffffffff
001026b7	lui	x13,0x102	 x13=0x00102000
ce86a703	lw	x14,-792(x13)	 x13:0x00102000 x14=0x00000005 PA:0x00101ce8 store:0x00000005
cec6a883	lw	x17,-788(x13)	 x13:0x00102000 x17=0x00000000 PA:0x00101cec store:0x00030000
01c12503	lw	x10,28(x2)	  x2:0x00137f80 x10=0x00000000 PA:0x00137f9c store:0x00000000
00170593	addi	x11,x14,1	 x14:0x00000005 x11=0x00000006
00e5b633	sltu	x12,x11,x14	 x11:0x00000006 x14:0x00000005 x12=0x00000000
01160833	add	x16,x12,x17	 x12:0x00000000 x17:0x00000000 x16=0x00000000
ceb6a423	sw	x11,-792(x13)	 x13:0x00102000 x11:0x00000006 PA:0x00101ce8 store:0x00000006 load:0x00000000
cf06a623	sw	x16,-788(x13)	 x13:0x00102000 x16:0x00000000 PA:0x00101cec store:0x00000000 load:0x00000000
01812583	lw	x11,24(x2)	  x2:0x00137f80 x11=0x0000000a PA:0x00137f98 store:0x00102000
01412603	lw	x12,20(x2)	  x2:0x00137f80 x12=0x00000000 PA:0x00137f94 store:0x00102000
01012683	lw	x13,16(x2)	  x2:0x00137f80 x13=0x000045cc PA:0x00137f90 store:0x00000000
00c12703	lw	x14,12(x2)	  x2:0x00137f80 x14=0x00000069 PA:0x00137f8c store:0x00000000
00812783	lw	x15,8(x2)	  x2:0x00137f80 x15=0x00020000 PA:0x00137f88 store:0x00000005
00412803	lw	x16,4(x2)	  x2:0x00137f80 x16=0x00000054 PA:0x00137f84 store:0x00000000
00012883	lw	x17,0(x2)	  x2:0x00137f80 x17=0x00030000 PA:0x00137f80 store:0x00000000
02010113	addi	x2,x2,32	  x2:0x00137f80  x2=0x00137fa0
30200073	mret	
02049a63	bne	x9,x0,1018c8	  x9:0x00000000  x0:0x00000000
028de863	bltu	x27,x8,1018c8	 x27:0x00000004  x8:0x00000005
05c12083	lw	x1,92(x2)	  x2:0x00137fa0  x1=0x00100f58 PA:0x00137ffc store:0x00000000
05812403	lw	x8,88(x2)	  x2:0x00137fa0  x8=0x00000000 PA:0x00137ff8 store:0x00102000
05412483	lw	x9,84(x2)	  x2:0x00137fa0  x9=0x00000000 PA:0x00137ff4 store:0x00102000
05012903	lw	x18,80(x2)	  x2:0x00137fa0 x18=0x00000000 PA:0x00137ff0 store:0x00000054
04c12983	lw	x19,76(x2)	  x2:0x00137fa0 x19=0x00000000 PA:0x00137fec store:0x00000000
04812a03	lw	x20,72(x2)	  x2:0x00137fa0 x20=0x00000000 PA:0x00137fe8 store:0x00000000
04412a83	lw	x21,68(x2)	  x2:0x00137fa0 x21=0x00000000 PA:0x00137fe4 store:0x00000000
04012b03	lw	x22,64(x2)	  x2:0x00137fa0 x22=0x00000000 PA:0x00137fe0 store:0x00000000
03c12b83	lw	x23,60(x2)	  x2:0x00137fa0 x23=0x00000000 PA:0x00137fdc store:0x00000000
03812c03	lw	x24,56(x2)	  x2:0x00137fa0 x24=0x00000000 PA:0x00137fd8 store:0x00102000
03412c83	lw	x25,52(x2)	  x2:0x00137fa0 x25=0x00000000 PA:0x00137fd4 store:0x00000000
03012d03	lw	x26,48(x2)	  x2:0x00137fa0 x26=0x00101d4c PA:0x00137fd0 store:0x00000054
02c12d83	lw	x27,44(x2)	  x2:0x00137fa0 x27=0x00101d48 PA:0x00137fcc store:0x00000000
01c12407	flw	f8,28(x2)	  f2:0x00137fa0  f8=0x00000000 PA:0x00137fbc store:0x00000000
01812487	flw	f9,24(x2)	  f2:0x00137fa0  f9=0x00000000 PA:0x00137fb8 store:0x00000000
01412907	flw	f18,20(x2)	  f2:0x00137fa0 f18=0x00000000 PA:0x00137fb4 store:0x7f167699
01012987	flw	f19,16(x2)	  f2:0x00137fa0 f19=0x00000000 PA:0x00137fb0 store:0x7f167699
00c12a07	flw	f20,12(x2)	  f2:0x00137fa0 f20=0x00000000 PA:0x00137fac store:0x00000007
00812a87	flw	f21,8(x2)	  f2:0x00137fa0 f21=0x00000000 PA:0x00137fa8 store:0x00000000
00000513	addi	x10,x0,0	  x0:0x00000000 x10=0x00000000
06010113	addi	x2,x2,96	  x2:0x00137fa0  x2=0x00138000
00008067	jalr	x0,0(x1)	  x1:0x00100f58  x0=0x00000000
000202b7	lui	x5,0x20	  x5=0x00020000
00828293	addi	x5,x5,8	  x5:0x00020000  x5=0x00020008
00100313	addi	x6,x0,1	  x0:0x00000000  x6=0x00000001
