Time	Cycle	PC	Insn	Decoded instruction	Register and memory contents
             20	         6	00100080	6290006f	jal	x0,100ea8	  x0=0x00000000
             22	         7	00100ea8	00000093	addi	x1,x0,0	  x0:0x00000000  x1=0x00000000
             24	         8	00100eac	00008113	addi	x2,x1,0	  x1:0x00000000  x2=0x00000000
             26	         9	00100eb0	00008193	addi	x3,x1,0	  x1:0x00000000  x3=0x00000000
             28	        10	00100eb4	00008213	addi	x4,x1,0	  x1:0x00000000  x4=0x00000000
             30	        11	00100eb8	00008293	addi	x5,x1,0	  x1:0x00000000  x5=0x00000000
             32	        12	00100ebc	00008313	addi	x6,x1,0	  x1:0x00000000  x6=0x00000000
             34	        13	00100ec0	00008393	addi	x7,x1,0	  x1:0x00000000  x7=0x00000000
             36	        14	00100ec4	00008413	addi	x8,x1,0	  x1:0x00000000  x8=0x00000000
             38	        15	00100ec8	00008493	addi	x9,x1,0	  x1:0x00000000  x9=0x00000000
             40	        16	00100ecc	00008513	addi	x10,x1,0	  x1:0x00000000 x10=0x00000000
             42	        17	00100ed0	00008593	addi	x11,x1,0	  x1:0x00000000 x11=0x00000000
             44	        18	00100ed4	00008613	addi	x12,x1,0	  x1:0x00000000 x12=0x00000000
             46	        19	00100ed8	00008693	addi	x13,x1,0	  x1:0x00000000 x13=0x00000000
             48	        20	00100edc	00008713	addi	x14,x1,0	  x1:0x00000000 x14=0x00000000
             50	        21	00100ee0	00008793	addi	x15,x1,0	  x1:0x00000000 x15=0x00000000
             52	        22	00100ee4	00008813	addi	x16,x1,0	  x1:0x00000000 x16=0x00000000
             54	        23	00100ee8	00008893	addi	x17,x1,0	  x1:0x00000000 x17=0x00000000
             56	        24	00100eec	00008913	addi	x18,x1,0	  x1:0x00000000 x18=0x00000000
             58	        25	00100ef0	00008993	addi	x19,x1,0	  x1:0x00000000 x19=0x00000000
             60	        26	00100ef4	00008a13	addi	x20,x1,0	  x1:0x00000000 x20=0x00000000
             62	        27	00100ef8	00008a93	addi	x21,x1,0	  x1:0x00000000 x21=0x00000000
             64	        28	00100efc	00008b13	addi	x22,x1,0	  x1:0x00000000 x22=0x00000000
             66	        29	00100f00	00008b93	addi	x23,x1,0	  x1:0x00000000 x23=0x00000000
             68	        30	00100f04	00008c13	addi	x24,x1,0	  x1:0x00000000 x24=0x00000000
             70	        31	00100f08	00008c93	addi	x25,x1,0	  x1:0x00000000 x25=0x00000000
             72	        32	00100f0c	00008d13	addi	x26,x1,0	  x1:0x00000000 x26=0x00000000
             74	        33	00100f10	00008d93	addi	x27,x1,0	  x1:0x00000000 x27=0x00000000
             76	        34	00100f14	00008e13	addi	x28,x1,0	  x1:0x00000000 x28=0x00000000
             78	        35	00100f18	00008e93	addi	x29,x1,0	  x1:0x00000000 x29=0x00000000
             80	        36	00100f1c	00008f13	addi	x30,x1,0	  x1:0x00000000 x30=0x00000000
             82	        37	00100f20	00008f93	addi	x31,x1,0	  x1:0x00000000 x31=0x00000000
             84	        38	00100f24	00037117	auipc	x2,0x37	  x2=0x00137f24
             86	        39	00100f28	0dc10113	addi	x2,x2,220	  x2:0x00137f24  x2=0x00138000
             88	        40	00100f2c	00001d17	auipc	x26,0x1	 x26=0x00101f2c
             90	        41	00100f30	cacd0d13	addi	x26,x26,-852	 x26:0x00101f2c x26=0x00101bd8
             92	        42	00100f34	00001d97	auipc	x27,0x1	 x27=0x00101f34
             94	        43	00100f38	d0cd8d93	addi	x27,x27,-756	 x27:0x00101f34 x27=0x00101c40
             96	        44	00100f3c	01bd5863	bge	x26,x27,100f4c	 x26:0x00101bd8 x27:0x00101c40
            100	        46	00100f40	000d2023	sw	x0,0(x26)	 x26:0x00101bd8  x0:0x00000000 PA:0x00101bd8 store:0x00000000 load:0x00000000
            102	        47	00100f44	004d0d13	addi	x26,x26,4	 x26:0x00101bd8 x26=0x00101bdc
            106	        49	00100f48	ffaddce3	bge	x27,x26,100f40	 x27:0x00101c40 x26:0x00101bdc
            112	        52	00100f40	000d2023	sw	x0,0(x26)	 x26:0x00101bdc  x0:0x00000000 PA:0x00101bdc store:0x00000000 load:0x00000000
            114	        53	00100f44	004d0d13	addi	x26,x26,4	 x26:0x00101bdc x26=0x00101be0
            118	        55	00100f48	ffaddce3	bge	x27,x26,100f40	 x27:0x00101c40 x26:0x00101be0
            124	        58	00100f40	000d2023	sw	x0,0(x26)	 x26:0x00101be0  x0:0x00000000 PA:0x00101be0 store:0x00000000 load:0x00000000
            126	        59	00100f44	004d0d13	addi	x26,x26,4	 x26:0x00101be0 x26=0x00101be4
            130	        61	00100f48	ffaddce3	bge	x27,x26,100f40	 x27:0x00101c40 x26:0x00101be4
            136	        64	00100f40	000d2023	sw	x0,0(x26)	 x26:0x00101be4  x0:0x00000000 PA:0x00101be4 store:0x00000000 load:0x00000000
            138	        65	00100f44	004d0d13	addi	x26,x26,4	 x26:0x00101be4 x26=0x00101be8
            142	        67	00100f48	ffaddce3	bge	x27,x26,100f40	 x27:0x00101c40 x26:0x00101be8
            148	        70	00100f40	000d2023	sw	x0,0(x26)	 x26:0x00101be8  x0:0x00000000 PA:0x00101be8 store:0x00000000 load:0x00000000
            150	        71	00100f44	004d0d13	addi	x26,x26,4	 x26:0x00101be8 x26=0x00101bec
            154	        73	00100f48	ffaddce3	bge	x27,x26,100f40	 x27:0x00101c40 x26:0x00101bec
            160	        76	00100f40	000d2023	sw	x0,0(x26)	 x26:0x00101bec  x0:0x00000000 PA:0x00101bec store:0x00000000 load:0x00000000
            162	        77	00100f44	004d0d13	addi	x26,x26,4	 x26:0x00101bec x26=0x00101bf0
            166	        79	00100f48	ffaddce3	bge	x27,x26,100f40	 x27:0x00101c40 x26:0x00101bf0
            172	        82	00100f40	000d2023	sw	x0,0(x26)	 x26:0x00101bf0  x0:0x00000000 PA:0x00101bf0 store:0x00000000 load:0x00000000
            174	        83	00100f44	004d0d13	addi	x26,x26,4	 x26:0x00101bf0 x26=0x00101bf4
            178	        85	00100f48	ffaddce3	bge	x27,x26,100f40	 x27:0x00101c40 x26:0x00101bf4
            184	        88	00100f40	000d2023	sw	x0,0(x26)	 x26:0x00101bf4  x0:0x00000000 PA:0x00101bf4 store:0x00000000 load:0x00000000
            186	        89	00100f44	004d0d13	addi	x26,x26,4	 x26:0x00101bf4 x26=0x00101bf8
            190	        91	00100f48	ffaddce3	bge	x27,x26,100f40	 x27:0x00101c40 x26:0x00101bf8
            196	        94	00100f40	000d2023	sw	x0,0(x26)	 x26:0x00101bf8  x0:0x00000000 PA:0x00101bf8 store:0x00000000 load:0x00000000
            198	        95	00100f44	004d0d13	addi	x26,x26,4	 x26:0x00101bf8 x26=0x00101bfc
            202	        97	00100f48	ffaddce3	bge	x27,x26,100f40	 x27:0x00101c40 x26:0x00101bfc
            208	       100	00100f40	000d2023	sw	x0,0(x26)	 x26:0x00101bfc  x0:0x00000000 PA:0x00101bfc store:0x00000000 load:0x00000000
            210	       101	00100f44	004d0d13	addi	x26,x26,4	 x26:0x00101bfc x26=0x00101c00
            214	       103	00100f48	ffaddce3	bge	x27,x26,100f40	 x27:0x00101c40 x26:0x00101c00
            220	       106	00100f40	000d2023	sw	x0,0(x26)	 x26:0x00101c00  x0:0x00000000 PA:0x00101c00 store:0x00000000 load:0x00000000
            222	       107	00100f44	004d0d13	addi	x26,x26,4	 x26:0x00101c00 x26=0x00101c04
            226	       109	00100f48	ffaddce3	bge	x27,x26,100f40	 x27:0x00101c40 x26:0x00101c04
            232	       112	00100f40	000d2023	sw	x0,0(x26)	 x26:0x00101c04  x0:0x00000000 PA:0x00101c04 store:0x00000000 load:0x00000000
            234	       113	00100f44	004d0d13	addi	x26,x26,4	 x26:0x00101c04 x26=0x00101c08
            238	       115	00100f48	ffaddce3	bge	x27,x26,100f40	 x27:0x00101c40 x26:0x00101c08
            244	       118	00100f40	000d2023	sw	x0,0(x26)	 x26:0x00101c08  x0:0x00000000 PA:0x00101c08 store:0x00000000 load:0x00000000
            246	       119	00100f44	004d0d13	addi	x26,x26,4	 x26:0x00101c08 x26=0x00101c0c
            250	       121	00100f48	ffaddce3	bge	x27,x26,100f40	 x27:0x00101c40 x26:0x00101c0c
            256	       124	00100f40	000d2023	sw	x0,0(x26)	 x26:0x00101c0c  x0:0x00000000 PA:0x00101c0c store:0x00000000 load:0x00000000
            258	       125	00100f44	004d0d13	addi	x26,x26,4	 x26:0x00101c0c x26=0x00101c10
            262	       127	00100f48	ffaddce3	bge	x27,x26,100f40	 x27:0x00101c40 x26:0x00101c10
            268	       130	00100f40	000d2023	sw	x0,0(x26)	 x26:0x00101c10  x0:0x00000000 PA:0x00101c10 store:0x00000000 load:0x00000000
            270	       131	00100f44	004d0d13	addi	x26,x26,4	 x26:0x00101c10 x26=0x00101c14
            274	       133	00100f48	ffaddce3	bge	x27,x26,100f40	 x27:0x00101c40 x26:0x00101c14
            280	       136	00100f40	000d2023	sw	x0,0(x26)	 x26:0x00101c14  x0:0x00000000 PA:0x00101c14 store:0x00000000 load:0x00000000
            282	       137	00100f44	004d0d13	addi	x26,x26,4	 x26:0x00101c14 x26=0x00101c18
            286	       139	00100f48	ffaddce3	bge	x27,x26,100f40	 x27:0x00101c40 x26:0x00101c18
            292	       142	00100f40	000d2023	sw	x0,0(x26)	 x26:0x00101c18  x0:0x00000000 PA:0x00101c18 store:0x00000000 load:0x00000000
            294	       143	00100f44	004d0d13	addi	x26,x26,4	 x26:0x00101c18 x26=0x00101c1c
            298	       145	00100f48	ffaddce3	bge	x27,x26,100f40	 x27:0x00101c40 x26:0x00101c1c
            304	       148	00100f40	000d2023	sw	x0,0(x26)	 x26:0x00101c1c  x0:0x00000000 PA:0x00101c1c store:0x00000000 load:0x00000000
            306	       149	00100f44	004d0d13	addi	x26,x26,4	 x26:0x00101c1c x26=0x00101c20
            310	       151	00100f48	ffaddce3	bge	x27,x26,100f40	 x27:0x00101c40 x26:0x00101c20
            316	       154	00100f40	000d2023	sw	x0,0(x26)	 x26:0x00101c20  x0:0x00000000 PA:0x00101c20 store:0x00000000 load:0x00000000
            318	       155	00100f44	004d0d13	addi	x26,x26,4	 x26:0x00101c20 x26=0x00101c24
            322	       157	00100f48	ffaddce3	bge	x27,x26,100f40	 x27:0x00101c40 x26:0x00101c24
            328	       160	00100f40	000d2023	sw	x0,0(x26)	 x26:0x00101c24  x0:0x00000000 PA:0x00101c24 store:0x00000000 load:0x00000000
            330	       161	00100f44	004d0d13	addi	x26,x26,4	 x26:0x00101c24 x26=0x00101c28
            334	       163	00100f48	ffaddce3	bge	x27,x26,100f40	 x27:0x00101c40 x26:0x00101c28
            340	       166	00100f40	000d2023	sw	x0,0(x26)	 x26:0x00101c28  x0:0x00000000 PA:0x00101c28 store:0x00000000 load:0x00000000
            342	       167	00100f44	004d0d13	addi	x26,x26,4	 x26:0x00101c28 x26=0x00101c2c
            346	       169	00100f48	ffaddce3	bge	x27,x26,100f40	 x27:0x00101c40 x26:0x00101c2c
            352	       172	00100f40	000d2023	sw	x0,0(x26)	 x26:0x00101c2c  x0:0x00000000 PA:0x00101c2c store:0x00000000 load:0x00000000
            354	       173	00100f44	004d0d13	addi	x26,x26,4	 x26:0x00101c2c x26=0x00101c30
            358	       175	00100f48	ffaddce3	bge	x27,x26,100f40	 x27:0x00101c40 x26:0x00101c30
            364	       178	00100f40	000d2023	sw	x0,0(x26)	 x26:0x00101c30  x0:0x00000000 PA:0x00101c30 store:0x00000000 load:0x00000000
            366	       179	00100f44	004d0d13	addi	x26,x26,4	 x26:0x00101c30 x26=0x00101c34
            370	       181	00100f48	ffaddce3	bge	x27,x26,100f40	 x27:0x00101c40 x26:0x00101c34
            376	       184	00100f40	000d2023	sw	x0,0(x26)	 x26:0x00101c34  x0:0x00000000 PA:0x00101c34 store:0x00000000 load:0x00000000
            378	       185	00100f44	004d0d13	addi	x26,x26,4	 x26:0x00101c34 x26=0x00101c38
            382	       187	00100f48	ffaddce3	bge	x27,x26,100f40	 x27:0x00101c40 x26:0x00101c38
            388	       190	00100f40	000d2023	sw	x0,0(x26)	 x26:0x00101c38  x0:0x00000000 PA:0x00101c38 store:0x00000000 load:0x00000000
            390	       191	00100f44	004d0d13	addi	x26,x26,4	 x26:0x00101c38 x26=0x00101c3c
            394	       193	00100f48	ffaddce3	bge	x27,x26,100f40	 x27:0x00101c40 x26:0x00101c3c
            400	       196	00100f40	000d2023	sw	x0,0(x26)	 x26:0x00101c3c  x0:0x00000000 PA:0x00101c3c store:0x00000000 load:0x00000000
            402	       197	00100f44	004d0d13	addi	x26,x26,4	 x26:0x00101c3c x26=0x00101c40
            406	       199	00100f48	ffaddce3	bge	x27,x26,100f40	 x27:0x00101c40 x26:0x00101c40
            412	       202	00100f40	000d2023	sw	x0,0(x26)	 x26:0x00101c40  x0:0x00000000 PA:0x00101c40 store:0x00000000 load:0x00000000
            414	       203	00100f44	004d0d13	addi	x26,x26,4	 x26:0x00101c40 x26=0x00101c44
            416	       204	00100f48	ffaddce3	bge	x27,x26,100f40	 x27:0x00101c40 x26:0x00101c44
            418	       205	00100f4c	00000513	addi	x10,x0,0	  x0:0x00000000 x10=0x00000000
            420	       206	00100f50	00000593	addi	x11,x0,0	  x0:0x00000000 x11=0x00000000
            424	       208	00100f54	01c000ef	jal	x1,100f70	  x1=0x00100f58
            426	       209	00100f70	fa010113	addi	x2,x2,-96	  x2:0x00138000  x2=0x00137fa0
            428	       210	00100f74	00000513	addi	x10,x0,0	  x0:0x00000000 x10=0x00000000
            432	       212	00100f78	04112e23	sw	x1,92(x2)	  x2:0x00137fa0  x1:0x00100f58 PA:0x00137ffc store:0x00100f58 load:0x00000000
            436	       214	00100f7c	04812c23	sw	x8,88(x2)	  x2:0x00137fa0  x8:0x00000000 PA:0x00137ff8 store:0x00000000 load:0x00000000
            440	       216	00100f80	04912a23	sw	x9,84(x2)	  x2:0x00137fa0  x9:0x00000000 PA:0x00137ff4 store:0x00000000 load:0x00000000
            444	       218	00100f84	05212823	sw	x18,80(x2)	  x2:0x00137fa0 x18:0x00000000 PA:0x00137ff0 store:0x00000000 load:0x00000000
            448	       220	00100f88	05412423	sw	x20,72(x2)	  x2:0x00137fa0 x20:0x00000000 PA:0x00137fe8 store:0x00000000 load:0x00000000
            452	       222	00100f8c	05612023	sw	x22,64(x2)	  x2:0x00137fa0 x22:0x00000000 PA:0x00137fe0 store:0x00000000 load:0x00000000
            462	       227	00100f90	03712e23	sw	x23,60(x2)	  x2:0x00137fa0 x23:0x00000000 PA:0x00137fdc store:0x00000000 load:0x00000000
            464	       228	00100f94	00812e27	fsw	f8,28(x2)	  f2:0x00137fa0  f8:0x00000000 PA:0x00137fbc store:0x00000000 load:0x00000000
            466	       229	00100f98	00912c27	fsw	f9,24(x2)	  f2:0x00137fa0  f9:0x00000000 PA:0x00137fb8 store:0x00000000 load:0x00000000
            468	       230	00100f9c	01212a27	fsw	f18,20(x2)	  f2:0x00137fa0 f18:0x00000000 PA:0x00137fb4 store:0x00000000 load:0x00000000
            470	       231	00100fa0	01312827	fsw	f19,16(x2)	  f2:0x00137fa0 f19:0x00000000 PA:0x00137fb0 store:0x00000000 load:0x00000000
            472	       232	00100fa4	05312623	sw	x19,76(x2)	  x2:0x00137fa0 x19:0x00000000 PA:0x00137fec store:0x00000000 load:0x00000000
            474	       233	00100fa8	05512223	sw	x21,68(x2)	  x2:0x00137fa0 x21:0x00000000 PA:0x00137fe4 store:0x00000000 load:0x00000000
            476	       234	00100fac	03812c23	sw	x24,56(x2)	  x2:0x00137fa0 x24:0x00000000 PA:0x00137fd8 store:0x00000000 load:0x00000000
            480	       236	00100fb0	03912a23	sw	x25,52(x2)	  x2:0x00137fa0 x25:0x00000000 PA:0x00137fd4 store:0x00000000 load:0x00000000
            484	       238	00100fb4	03a12823	sw	x26,48(x2)	  x2:0x00137fa0 x26:0x00101c44 PA:0x00137fd0 store:0x00101c44 load:0x00000000
            494	       243	00100fb8	03b12623	sw	x27,44(x2)	  x2:0x00137fa0 x27:0x00101c40 PA:0x00137fcc store:0x00101c40 load:0x00000000
            496	       244	00100fbc	01412627	fsw	f20,12(x2)	  f2:0x00137fa0 f20:0x00000000 PA:0x00137fac store:0x00000000 load:0x00000000
            498	       245	00100fc0	01512427	fsw	f21,8(x2)	  f2:0x00137fa0 f21:0x00000000 PA:0x00137fa8 store:0x00000000 load:0x00000000
            500	       246	00100fc4	c9cff0ef	jal	x1,100460	  x1=0x00100fc8
            502	       247	00100460	00153513	sltiu	x10,x10,1	 x10:0x00000000 x10=0x00000001
            504	       248	00100464	40a002b3	sub	x5,x0,x10	  x0:0x00000000 x10:0x00000001  x5=0xffffffff
            506	       249	00100468	32029073	csrrw	x0,mcountinhibit,x5	  x5:0xffffffff  x0=0x00000000
            508	       250	0010046c	00008067	jalr	x0,0(x1)	  x1:0x00100fc8  x0=0x00000000
            510	       251	00100fc8	b98ff0ef	jal	x1,100360	  x1=0x00100fcc
            512	       252	00100360	b0201073	csrrw	x0,minstret,x0	  x0:0x00000000  x0=0x00000000
            514	       253	00100364	b0001073	csrrw	x0,mcycle,x0	  x0:0x00000000  x0=0x00000000
            516	       254	00100368	b0301073	csrrw	x0,mhpmcounter3,x0	  x0:0x00000000  x0=0x00000000
            518	       255	0010036c	b0401073	csrrw	x0,mhpmcounter4,x0	  x0:0x00000000  x0=0x00000000
            520	       256	00100370	b0501073	csrrw	x0,mhpmcounter5,x0	  x0:0x00000000  x0=0x00000000
            522	       257	00100374	b0601073	csrrw	x0,mhpmcounter6,x0	  x0:0x00000000  x0=0x00000000
            524	       258	00100378	b0701073	csrrw	x0,mhpmcounter7,x0	  x0:0x00000000  x0=0x00000000
            526	       259	0010037c	b0801073	csrrw	x0,mhpmcounter8,x0	  x0:0x00000000  x0=0x00000000
            528	       260	00100380	b0901073	csrrw	x0,mhpmcounter9,x0	  x0:0x00000000  x0=0x00000000
            530	       261	00100384	b0a01073	csrrw	x0,mhpmcounter10,x0	  x0:0x00000000  x0=0x00000000
            532	       262	00100388	b0b01073	csrrw	x0,mhpmcounter11,x0	  x0:0x00000000  x0=0x00000000
            534	       263	0010038c	b0c01073	csrrw	x0,mhpmcounter12,x0	  x0:0x00000000  x0=0x00000000
            536	       264	00100390	b0d01073	csrrw	x0,mhpmcounter13,x0	  x0:0x00000000  x0=0x00000000
            538	       265	00100394	b0e01073	csrrw	x0,mhpmcounter14,x0	  x0:0x00000000  x0=0x00000000
            540	       266	00100398	b0f01073	csrrw	x0,mhpmcounter15,x0	  x0:0x00000000  x0=0x00000000
            542	       267	0010039c	b1001073	csrrw	x0,mhpmcounter16,x0	  x0:0x00000000  x0=0x00000000
            544	       268	001003a0	b1101073	csrrw	x0,mhpmcounter17,x0	  x0:0x00000000  x0=0x00000000
            546	       269	001003a4	b1201073	csrrw	x0,mhpmcounter18,x0	  x0:0x00000000  x0=0x00000000
            548	       270	001003a8	b1301073	csrrw	x0,mhpmcounter19,x0	  x0:0x00000000  x0=0x00000000
            550	       271	001003ac	b1401073	csrrw	x0,mhpmcounter20,x0	  x0:0x00000000  x0=0x00000000
            552	       272	001003b0	b1501073	csrrw	x0,mhpmcounter21,x0	  x0:0x00000000  x0=0x00000000
            554	       273	001003b4	b1601073	csrrw	x0,mhpmcounter22,x0	  x0:0x00000000  x0=0x00000000
            556	       274	001003b8	b1701073	csrrw	x0,mhpmcounter23,x0	  x0:0x00000000  x0=0x00000000
            558	       275	001003bc	b1801073	csrrw	x0,mhpmcounter24,x0	  x0:0x00000000  x0=0x00000000
            560	       276	001003c0	b1901073	csrrw	x0,mhpmcounter25,x0	  x0:0x00000000  x0=0x00000000
            562	       277	001003c4	b1a01073	csrrw	x0,mhpmcounter26,x0	  x0:0x00000000  x0=0x00000000
            564	       278	001003c8	b1b01073	csrrw	x0,mhpmcounter27,x0	  x0:0x00000000  x0=0x00000000
            566	       279	001003cc	b1c01073	csrrw	x0,mhpmcounter28,x0	  x0:0x00000000  x0=0x00000000
            568	       280	001003d0	b1d01073	csrrw	x0,mhpmcounter29,x0	  x0:0x00000000  x0=0x00000000
            570	       281	001003d4	b1e01073	csrrw	x0,mhpmcounter30,x0	  x0:0x00000000  x0=0x00000000
            572	       282	001003d8	b1f01073	csrrw	x0,mhpmcounter31,x0	  x0:0x00000000  x0=0x00000000
            574	       283	001003dc	b8201073	csrrw	x0,minstreth,x0	  x0:0x00000000  x0=0x00000000
            576	       284	001003e0	b8001073	csrrw	x0,mcycleh,x0	  x0:0x00000000  x0=0x00000000
            578	       285	001003e4	b8301073	csrrw	x0,mhpmcounter3h,x0	  x0:0x00000000  x0=0x00000000
            580	       286	001003e8	b8401073	csrrw	x0,mhpmcounter4h,x0	  x0:0x00000000  x0=0x00000000
            582	       287	001003ec	b8501073	csrrw	x0,mhpmcounter5h,x0	  x0:0x00000000  x0=0x00000000
            584	       288	001003f0	b8601073	csrrw	x0,mhpmcounter6h,x0	  x0:0x00000000  x0=0x00000000
            586	       289	001003f4	b8701073	csrrw	x0,mhpmcounter7h,x0	  x0:0x00000000  x0=0x00000000
            588	       290	001003f8	b8801073	csrrw	x0,mhpmcounter8h,x0	  x0:0x00000000  x0=0x00000000
            590	       291	001003fc	b8901073	csrrw	x0,mhpmcounter9h,x0	  x0:0x00000000  x0=0x00000000
            592	       292	00100400	b8a01073	csrrw	x0,mhpmcounter10h,x0	  x0:0x00000000  x0=0x00000000
            594	       293	00100404	b8b01073	csrrw	x0,mhpmcounter11h,x0	  x0:0x00000000  x0=0x00000000
            596	       294	00100408	b8c01073	csrrw	x0,mhpmcounter12h,x0	  x0:0x00000000  x0=0x00000000
            598	       295	0010040c	b8d01073	csrrw	x0,mhpmcounter13h,x0	  x0:0x00000000  x0=0x00000000
            600	       296	00100410	b8e01073	csrrw	x0,mhpmcounter14h,x0	  x0:0x00000000  x0=0x00000000
            602	       297	00100414	b8f01073	csrrw	x0,mhpmcounter15h,x0	  x0:0x00000000  x0=0x00000000
            604	       298	00100418	b9001073	csrrw	x0,mhpmcounter16h,x0	  x0:0x00000000  x0=0x00000000
            606	       299	0010041c	b9101073	csrrw	x0,mhpmcounter17h,x0	  x0:0x00000000  x0=0x00000000
            608	       300	00100420	b9201073	csrrw	x0,mhpmcounter18h,x0	  x0:0x00000000  x0=0x00000000
            610	       301	00100424	b9301073	csrrw	x0,mhpmcounter19h,x0	  x0:0x00000000  x0=0x00000000
            612	       302	00100428	b9401073	csrrw	x0,mhpmcounter20h,x0	  x0:0x00000000  x0=0x00000000
            614	       303	0010042c	b9501073	csrrw	x0,mhpmcounter21h,x0	  x0:0x00000000  x0=0x00000000
            616	       304	00100430	b9601073	csrrw	x0,mhpmcounter22h,x0	  x0:0x00000000  x0=0x00000000
            618	       305	00100434	b9701073	csrrw	x0,mhpmcounter23h,x0	  x0:0x00000000  x0=0x00000000
            620	       306	00100438	b9801073	csrrw	x0,mhpmcounter24h,x0	  x0:0x00000000  x0=0x00000000
            622	       307	0010043c	b9901073	csrrw	x0,mhpmcounter25h,x0	  x0:0x00000000  x0=0x00000000
            624	       308	00100440	b9a01073	csrrw	x0,mhpmcounter26h,x0	  x0:0x00000000  x0=0x00000000
            626	       309	00100444	b9b01073	csrrw	x0,mhpmcounter27h,x0	  x0:0x00000000  x0=0x00000000
            628	       310	00100448	b9c01073	csrrw	x0,mhpmcounter28h,x0	  x0:0x00000000  x0=0x00000000
            630	       311	0010044c	b9d01073	csrrw	x0,mhpmcounter29h,x0	  x0:0x00000000  x0=0x00000000
            632	       312	00100450	b9e01073	csrrw	x0,mhpmcounter30h,x0	  x0:0x00000000  x0=0x00000000
            634	       313	00100454	b9f01073	csrrw	x0,mhpmcounter31h,x0	  x0:0x00000000  x0=0x00000000
            638	       315	00100458	00008067	jalr	x0,0(x1)	  x1:0x00100fcc  x0=0x00000000
            640	       316	00100fcc	00100513	addi	x10,x0,1	  x0:0x00000000 x10=0x00000001
            644	       318	00100fd0	c90ff0ef	jal	x1,100460	  x1=0x00100fd4
            646	       319	00100460	00153513	sltiu	x10,x10,1	 x10:0x00000001 x10=0x00000000
            648	       320	00100464	40a002b3	sub	x5,x0,x10	  x0:0x00000000 x10:0x00000000  x5=0x00000000
            650	       321	00100468	32029073	csrrw	x0,mcountinhibit,x5	  x5:0x00000000  x0=0x00000000
            654	       323	0010046c	00008067	jalr	x0,0(x1)	  x1:0x00100fd4  x0=0x00000000
            656	       324	00100fd4	00102537	lui	x10,0x102	 x10=0x00102000
            658	       325	00100fd8	8bc50513	addi	x10,x10,-1860	 x10:0x00102000 x10=0x001018bc
            662	       327	00100fdc	8c4ff0ef	jal	x1,1000a0	  x1=0x00100fe0
            666	       329	001000a0	00054803	lbu	x16,0(x10)	 x10:0x001018bc x16=0x00000048 PA:0x001018bc store:0x00000000
            668	       330	001000a4	06080663	beq	x16,x0,100110	 x16:0x00000048  x0:0x00000000
            670	       331	001000a8	000207b7	lui	x15,0x20	 x15=0x00020000
            674	       333	001000ac	0107a023	sw	x16,0(x15)	 x15:0x00020000 x16:0x00000048 PA:0x00020000 store:0x00000048 load:0x00000000
            678	       335	001000b0	00154703	lbu	x14,1(x10)	 x10:0x001018bc x14=0x00000065 PA:0x001018bd store:0x00100fe0
            680	       336	001000b4	04070e63	beq	x14,x0,100110	 x14:0x00000065  x0:0x00000000
            684	       338	001000b8	00e7a023	sw	x14,0(x15)	 x15:0x00020000 x14:0x00000065 PA:0x00020000 store:0x00000065 load:0x00000000
            688	       340	001000bc	00254283	lbu	x5,2(x10)	 x10:0x001018bc  x5=0x0000006c PA:0x001018be store:0x00137fa0
            690	       341	001000c0	04028863	beq	x5,x0,100110	  x5:0x0000006c  x0:0x00000000
            694	       343	001000c4	0057a023	sw	x5,0(x15)	 x15:0x00020000  x5:0x0000006c PA:0x00020000 store:0x0000006c load:0x00000000
            698	       345	001000c8	00354303	lbu	x6,3(x10)	 x10:0x001018bc  x6=0x0000006c PA:0x001018bf store:0x00000000
            700	       346	001000cc	04030263	beq	x6,x0,100110	  x6:0x0000006c  x0:0x00000000
            704	       348	001000d0	0067a023	sw	x6,0(x15)	 x15:0x00020000  x6:0x0000006c PA:0x00020000 store:0x0000006c load:0x00000000
            708	       350	001000d4	00454383	lbu	x7,4(x10)	 x10:0x001018bc  x7=0x0000006f PA:0x001018c0 store:0x00000000
            710	       351	001000d8	02038c63	beq	x7,x0,100110	  x7:0x0000006f  x0:0x00000000
            714	       353	001000dc	0077a023	sw	x7,0(x15)	 x15:0x00020000  x7:0x0000006f PA:0x00020000 store:0x0000006f load:0x00000000
            718	       355	001000e0	00554583	lbu	x11,5(x10)	 x10:0x001018bc x11=0x00000020 PA:0x001018c1 store:0x0000006c
            720	       356	001000e4	02058663	beq	x11,x0,100110	 x11:0x00000020  x0:0x00000000
            724	       358	001000e8	00b7a023	sw	x11,0(x15)	 x15:0x00020000 x11:0x00000020 PA:0x00020000 store:0x00000020 load:0x00000000
            728	       360	001000ec	00654603	lbu	x12,6(x10)	 x10:0x001018bc x12=0x00000073 PA:0x001018c2 store:0x0000006c
            730	       361	001000f0	02060063	beq	x12,x0,100110	 x12:0x00000073  x0:0x00000000
            734	       363	001000f4	00c7a023	sw	x12,0(x15)	 x15:0x00020000 x12:0x00000073 PA:0x00020000 store:0x00000073 load:0x00000000
            738	       365	001000f8	00754683	lbu	x13,7(x10)	 x10:0x001018bc x13=0x00000069 PA:0x001018c3 store:0x0000006f
            740	       366	001000fc	00850513	addi	x10,x10,8	 x10:0x001018bc x10=0x001018c4
            742	       367	00100100	00068863	beq	x13,x0,100110	 x13:0x00000069  x0:0x00000000
            746	       369	00100104	00d7a023	sw	x13,0(x15)	 x15:0x00020000 x13:0x00000069 PA:0x00020000 store:0x00000069 load:0x00000000
            750	       371	00100108	00054803	lbu	x16,0(x10)	 x10:0x001018c4 x16=0x0000006d PA:0x001018c4 store:0x00000000
            754	       373	0010010c	fa0810e3	bne	x16,x0,1000ac	 x16:0x0000006d  x0:0x00000000
            760	       376	001000ac	0107a023	sw	x16,0(x15)	 x15:0x00020000 x16:0x0000006d PA:0x00020000 store:0x0000006d load:0x00000000
            764	       378	001000b0	00154703	lbu	x14,1(x10)	 x10:0x001018c4 x14=0x00000070 PA:0x001018c5 store:0x00100fe0
            766	       379	001000b4	04070e63	beq	x14,x0,100110	 x14:0x00000070  x0:0x00000000
            770	       381	001000b8	00e7a023	sw	x14,0(x15)	 x15:0x00020000 x14:0x00000070 PA:0x00020000 store:0x00000070 load:0x00000000
            774	       383	001000bc	00254283	lbu	x5,2(x10)	 x10:0x001018c4  x5=0x0000006c PA:0x001018c6 store:0x00137fa0
            776	       384	001000c0	04028863	beq	x5,x0,100110	  x5:0x0000006c  x0:0x00000000
            780	       386	001000c4	0057a023	sw	x5,0(x15)	 x15:0x00020000  x5:0x0000006c PA:0x00020000 store:0x0000006c load:0x00000000
            784	       388	001000c8	00354303	lbu	x6,3(x10)	 x10:0x001018c4  x6=0x00000065 PA:0x001018c7 store:0x00000000
            786	       389	001000cc	04030263	beq	x6,x0,100110	  x6:0x00000065  x0:0x00000000
            790	       391	001000d0	0067a023	sw	x6,0(x15)	 x15:0x00020000  x6:0x00000065 PA:0x00020000 store:0x00000065 load:0x00000000
            794	       393	001000d4	00454383	lbu	x7,4(x10)	 x10:0x001018c4  x7=0x00000020 PA:0x001018c8 store:0x00000000
            796	       394	001000d8	02038c63	beq	x7,x0,100110	  x7:0x00000020  x0:0x00000000
            800	       396	001000dc	0077a023	sw	x7,0(x15)	 x15:0x00020000  x7:0x00000020 PA:0x00020000 store:0x00000020 load:0x00000000
            804	       398	001000e0	00554583	lbu	x11,5(x10)	 x10:0x001018c4 x11=0x00000073 PA:0x001018c9 store:0x0000006c
            806	       399	001000e4	02058663	beq	x11,x0,100110	 x11:0x00000073  x0:0x00000000
            810	       401	001000e8	00b7a023	sw	x11,0(x15)	 x15:0x00020000 x11:0x00000073 PA:0x00020000 store:0x00000073 load:0x00000000
            814	       403	001000ec	00654603	lbu	x12,6(x10)	 x10:0x001018c4 x12=0x00000079 PA:0x001018ca store:0x00000065
            816	       404	001000f0	02060063	beq	x12,x0,100110	 x12:0x00000079  x0:0x00000000
            820	       406	001000f4	00c7a023	sw	x12,0(x15)	 x15:0x00020000 x12:0x00000079 PA:0x00020000 store:0x00000079 load:0x00000000
            824	       408	001000f8	00754683	lbu	x13,7(x10)	 x10:0x001018c4 x13=0x00000073 PA:0x001018cb store:0x00000020
            826	       409	001000fc	00850513	addi	x10,x10,8	 x10:0x001018c4 x10=0x001018cc
            828	       410	00100100	00068863	beq	x13,x0,100110	 x13:0x00000073  x0:0x00000000
            832	       412	00100104	00d7a023	sw	x13,0(x15)	 x15:0x00020000 x13:0x00000073 PA:0x00020000 store:0x00000073 load:0x00000000
            836	       414	00100108	00054803	lbu	x16,0(x10)	 x10:0x001018cc x16=0x00000074 PA:0x001018cc store:0x00000000
            840	       416	0010010c	fa0810e3	bne	x16,x0,1000ac	 x16:0x00000074  x0:0x00000000
            846	       419	001000ac	0107a023	sw	x16,0(x15)	 x15:0x00020000 x16:0x00000074 PA:0x00020000 store:0x00000074 load:0x00000000
            850	       421	001000b0	00154703	lbu	x14,1(x10)	 x10:0x001018cc x14=0x00000065 PA:0x001018cd store:0x00100fe0
            852	       422	001000b4	04070e63	beq	x14,x0,100110	 x14:0x00000065  x0:0x00000000
            856	       424	001000b8	00e7a023	sw	x14,0(x15)	 x15:0x00020000 x14:0x00000065 PA:0x00020000 store:0x00000065 load:0x00000000
            860	       426	001000bc	00254283	lbu	x5,2(x10)	 x10:0x001018cc  x5=0x0000006d PA:0x001018ce store:0x00137fa0
            862	       427	001000c0	04028863	beq	x5,x0,100110	  x5:0x0000006d  x0:0x00000000
            866	       429	001000c4	0057a023	sw	x5,0(x15)	 x15:0x00020000  x5:0x0000006d PA:0x00020000 store:0x0000006d load:0x00000000
            870	       431	001000c8	00354303	lbu	x6,3(x10)	 x10:0x001018cc  x6=0x0000000a PA:0x001018cf store:0x00000000
            872	       432	001000cc	04030263	beq	x6,x0,100110	  x6:0x0000000a  x0:0x00000000
            876	       434	001000d0	0067a023	sw	x6,0(x15)	 x15:0x00020000  x6:0x0000000a PA:0x00020000 store:0x0000000a load:0x00000000
            880	       436	001000d4	00454383	lbu	x7,4(x10)	 x10:0x001018cc  x7=0x0000000a PA:0x001018d0 store:0x00000000
            882	       437	001000d8	02038c63	beq	x7,x0,100110	  x7:0x0000000a  x0:0x00000000
            886	       439	001000dc	0077a023	sw	x7,0(x15)	 x15:0x00020000  x7:0x0000000a PA:0x00020000 store:0x0000000a load:0x00000000
            890	       441	001000e0	00554583	lbu	x11,5(x10)	 x10:0x001018cc x11=0x00000000 PA:0x001018d1 store:0x0000006d
            894	       443	001000e4	02058663	beq	x11,x0,100110	 x11:0x00000000  x0:0x00000000
            898	       445	00100110	00000513	addi	x10,x0,0	  x0:0x00000000 x10=0x00000000
            902	       447	00100114	00008067	jalr	x0,0(x1)	  x1:0x00100fe0  x0=0x00000000
            910	       451	00100fe0	001026b7	lui	x13,0x102	 x13=0x00102000
            912	       452	00100fe4	8406a787	flw	f15,-1984(x13)	 f13:0x00102000 f15=0x00000000 PA:0x00101840 store:0x00000000
            914	       453	00100fe8	00102737	lui	x14,0x102	 x14=0x00102000
            916	       454	00100fec	84472007	flw	f0,-1980(x14)	 f14:0x00102000  f0=0x00000000 PA:0x00101844 store:0x00000000
            918	       455	00100ff0	001027b7	lui	x15,0x102	 x15=0x00102000
            920	       456	00100ff4	8487a087	flw	f1,-1976(x15)	 f15:0x00102000  f1=0x00000000 PA:0x00101848 store:0x00000000
            922	       457	00100ff8	00102bb7	lui	x23,0x102	 x23=0x00102000
            924	       458	00100ffc	c0fbae27	fsw	f15,-996(x23)	 f23:0x00102000 f15:0x00102000 PA:0x00101c1c store:0x42f67c6a load:0x3f7d1f60
            926	       459	00101000	00102b37	lui	x22,0x102	 x22=0x00102000
            928	       460	00101004	c00b2c27	fsw	f0,-1000(x22)	 f22:0x00102000  f0:0x00000000 PA:0x00101c18 store:0x43edefdf load:0x3f7d1f60
            930	       461	00101008	00102437	lui	x8,0x102	  x8=0x00102000
            932	       462	0010100c	c0142827	fsw	f1,-1008(x8)	  f8:0x00102000  f1:0x00100fe0 PA:0x00101c10 store:0x3f7d1f60 load:0x3f7d1f60
            934	       463	00101010	c1cba107	flw	f2,-996(x23)	 f23:0x00102000  f2=0x00000000 PA:0x00101c1c store:0x00000000
            936	       464	00101014	c18b2707	flw	f14,-1000(x22)	 f22:0x00102000 f14=0x00000000 PA:0x00101c18 store:0x00000000
            940	       466	00101018	001022b7	lui	x5,0x102	  x5=0x00102000
            942	       467	0010101c	001024b7	lui	x9,0x102	  x9=0x00102000
            944	       468	00101020	00e171d3	fadd.s	f3,f2,f14	  f2:0x00137fa0 f14:0x00102000  f3=0x00000000
            948	       470	00101024	8d428513	addi	x10,x5,-1836	  x5:0x00102000 x10=0x001018d4
            950	       471	00101028	00102937	lui	x18,0x102	 x18=0x00102000
            952	       472	0010102c	00200a13	addi	x20,x0,2	  x0:0x00000000 x20=0x00000002
            954	       473	00101030	c034aa27	fsw	f3,-1004(x9)	  f9:0x00102000  f3:0x00000000 PA:0x00101c14 store:0x4415c77d load:0x43edefdf
            956	       474	00101034	86cff0ef	jal	x1,1000a0	  x1=0x00101038
            958	       475	001000a0	00054803	lbu	x16,0(x10)	 x10:0x001018d4 x16=0x00000041 PA:0x001018d4 store:0x00000000
            960	       476	001000a4	06080663	beq	x16,x0,100110	 x16:0x00000041  x0:0x00000000
            962	       477	001000a8	000207b7	lui	x15,0x20	 x15=0x00020000
            964	       478	001000ac	0107a023	sw	x16,0(x15)	 x15:0x00020000 x16:0x00000041 PA:0x00020000 store:0x00000041 load:0x00000000
            966	       479	001000b0	00154703	lbu	x14,1(x10)	 x10:0x001018d4 x14=0x00000064 PA:0x001018d5 store:0x00101038
            968	       480	001000b4	04070e63	beq	x14,x0,100110	 x14:0x00000064  x0:0x00000000
            970	       481	001000b8	00e7a023	sw	x14,0(x15)	 x15:0x00020000 x14:0x00000064 PA:0x00020000 store:0x00000064 load:0x00000000
            974	       483	001000bc	00254283	lbu	x5,2(x10)	 x10:0x001018d4  x5=0x00000064 PA:0x001018d6 store:0x00137fa0
            976	       484	001000c0	04028863	beq	x5,x0,100110	  x5:0x00000064  x0:0x00000000
            980	       486	001000c4	0057a023	sw	x5,0(x15)	 x15:0x00020000  x5:0x00000064 PA:0x00020000 store:0x00000064 load:0x00000000
            984	       488	001000c8	00354303	lbu	x6,3(x10)	 x10:0x001018d4  x6=0x00000020 PA:0x001018d7 store:0x00000000
            986	       489	001000cc	04030263	beq	x6,x0,100110	  x6:0x00000020  x0:0x00000000
            990	       491	001000d0	0067a023	sw	x6,0(x15)	 x15:0x00020000  x6:0x00000020 PA:0x00020000 store:0x00000020 load:0x00000000
            994	       493	001000d4	00454383	lbu	x7,4(x10)	 x10:0x001018d4  x7=0x00000031 PA:0x001018d8 store:0x00000000
            996	       494	001000d8	02038c63	beq	x7,x0,100110	  x7:0x00000031  x0:0x00000000
           1000	       496	001000dc	0077a023	sw	x7,0(x15)	 x15:0x00020000  x7:0x00000031 PA:0x00020000 store:0x00000031 load:0x00000000
           1004	       498	001000e0	00554583	lbu	x11,5(x10)	 x10:0x001018d4 x11=0x00000032 PA:0x001018d9 store:0x00000064
           1006	       499	001000e4	02058663	beq	x11,x0,100110	 x11:0x00000032  x0:0x00000000
           1010	       501	001000e8	00b7a023	sw	x11,0(x15)	 x15:0x00020000 x11:0x00000032 PA:0x00020000 store:0x00000032 load:0x00000000
           1014	       503	001000ec	00654603	lbu	x12,6(x10)	 x10:0x001018d4 x12=0x00000033 PA:0x001018da store:0x00000020
           1016	       504	001000f0	02060063	beq	x12,x0,100110	 x12:0x00000033  x0:0x00000000
           1020	       506	001000f4	00c7a023	sw	x12,0(x15)	 x15:0x00020000 x12:0x00000033 PA:0x00020000 store:0x00000033 load:0x00000000
           1024	       508	001000f8	00754683	lbu	x13,7(x10)	 x10:0x001018d4 x13=0x0000002e PA:0x001018db store:0x00000031
           1026	       509	001000fc	00850513	addi	x10,x10,8	 x10:0x001018d4 x10=0x001018dc
           1028	       510	00100100	00068863	beq	x13,x0,100110	 x13:0x0000002e  x0:0x00000000
           1032	       512	00100104	00d7a023	sw	x13,0(x15)	 x15:0x00020000 x13:0x0000002e PA:0x00020000 store:0x0000002e load:0x00000000
           1036	       514	00100108	00054803	lbu	x16,0(x10)	 x10:0x001018dc x16=0x00000032 PA:0x001018dc store:0x00000000
           1040	       516	0010010c	fa0810e3	bne	x16,x0,1000ac	 x16:0x00000032  x0:0x00000000
           1046	       519	001000ac	0107a023	sw	x16,0(x15)	 x15:0x00020000 x16:0x00000032 PA:0x00020000 store:0x00000032 load:0x00000000
           1050	       521	001000b0	00154703	lbu	x14,1(x10)	 x10:0x001018dc x14=0x00000034 PA:0x001018dd store:0x00101038
           1052	       522	001000b4	04070e63	beq	x14,x0,100110	 x14:0x00000034  x0:0x00000000
           1056	       524	001000b8	00e7a023	sw	x14,0(x15)	 x15:0x00020000 x14:0x00000034 PA:0x00020000 store:0x00000034 load:0x00000000
           1060	       526	001000bc	00254283	lbu	x5,2(x10)	 x10:0x001018dc  x5=0x00000033 PA:0x001018de store:0x00137fa0
           1062	       527	001000c0	04028863	beq	x5,x0,100110	  x5:0x00000033  x0:0x00000000
           1066	       529	001000c4	0057a023	sw	x5,0(x15)	 x15:0x00020000  x5:0x00000033 PA:0x00020000 store:0x00000033 load:0x00000000
           1070	       531	001000c8	00354303	lbu	x6,3(x10)	 x10:0x001018dc  x6=0x00000020 PA:0x001018df store:0x00000000
           1072	       532	001000cc	04030263	beq	x6,x0,100110	  x6:0x00000020  x0:0x00000000
           1076	       534	001000d0	0067a023	sw	x6,0(x15)	 x15:0x00020000  x6:0x00000020 PA:0x00020000 store:0x00000020 load:0x00000000
           1080	       536	001000d4	00454383	lbu	x7,4(x10)	 x10:0x001018dc  x7=0x00000026 PA:0x001018e0 store:0x00000000
           1082	       537	001000d8	02038c63	beq	x7,x0,100110	  x7:0x00000026  x0:0x00000000
           1086	       539	001000dc	0077a023	sw	x7,0(x15)	 x15:0x00020000  x7:0x00000026 PA:0x00020000 store:0x00000026 load:0x00000000
           1090	       541	001000e0	00554583	lbu	x11,5(x10)	 x10:0x001018dc x11=0x00000020 PA:0x001018e1 store:0x00000033
           1092	       542	001000e4	02058663	beq	x11,x0,100110	 x11:0x00000020  x0:0x00000000
           1096	       544	001000e8	00b7a023	sw	x11,0(x15)	 x15:0x00020000 x11:0x00000020 PA:0x00020000 store:0x00000020 load:0x00000000
           1100	       546	001000ec	00654603	lbu	x12,6(x10)	 x10:0x001018dc x12=0x00000034 PA:0x001018e2 store:0x00000020
           1102	       547	001000f0	02060063	beq	x12,x0,100110	 x12:0x00000034  x0:0x00000000
           1106	       549	001000f4	00c7a023	sw	x12,0(x15)	 x15:0x00020000 x12:0x00000034 PA:0x00020000 store:0x00000034 load:0x00000000
           1110	       551	001000f8	00754683	lbu	x13,7(x10)	 x10:0x001018dc x13=0x00000037 PA:0x001018e3 store:0x00000026
           1112	       552	001000fc	00850513	addi	x10,x10,8	 x10:0x001018dc x10=0x001018e4
           1114	       553	00100100	00068863	beq	x13,x0,100110	 x13:0x00000037  x0:0x00000000
           1118	       555	00100104	00d7a023	sw	x13,0(x15)	 x15:0x00020000 x13:0x00000037 PA:0x00020000 store:0x00000037 load:0x00000000
           1122	       557	00100108	00054803	lbu	x16,0(x10)	 x10:0x001018e4 x16=0x00000035 PA:0x001018e4 store:0x00000000
           1126	       559	0010010c	fa0810e3	bne	x16,x0,1000ac	 x16:0x00000035  x0:0x00000000
           1132	       562	001000ac	0107a023	sw	x16,0(x15)	 x15:0x00020000 x16:0x00000035 PA:0x00020000 store:0x00000035 load:0x00000000
           1136	       564	001000b0	00154703	lbu	x14,1(x10)	 x10:0x001018e4 x14=0x0000002e PA:0x001018e5 store:0x00101038
           1138	       565	001000b4	04070e63	beq	x14,x0,100110	 x14:0x0000002e  x0:0x00000000
           1142	       567	001000b8	00e7a023	sw	x14,0(x15)	 x15:0x00020000 x14:0x0000002e PA:0x00020000 store:0x0000002e load:0x00000000
           1146	       569	001000bc	00254283	lbu	x5,2(x10)	 x10:0x001018e4  x5=0x00000038 PA:0x001018e6 store:0x00137fa0
           1148	       570	001000c0	04028863	beq	x5,x0,100110	  x5:0x00000038  x0:0x00000000
           1152	       572	001000c4	0057a023	sw	x5,0(x15)	 x15:0x00020000  x5:0x00000038 PA:0x00020000 store:0x00000038 load:0x00000000
           1156	       574	001000c8	00354303	lbu	x6,3(x10)	 x10:0x001018e4  x6=0x00000037 PA:0x001018e7 store:0x00000000
           1158	       575	001000cc	04030263	beq	x6,x0,100110	  x6:0x00000037  x0:0x00000000
           1162	       577	001000d0	0067a023	sw	x6,0(x15)	 x15:0x00020000  x6:0x00000037 PA:0x00020000 store:0x00000037 load:0x00000000
           1166	       579	001000d4	00454383	lbu	x7,4(x10)	 x10:0x001018e4  x7=0x00000035 PA:0x001018e8 store:0x00000000
           1168	       580	001000d8	02038c63	beq	x7,x0,100110	  x7:0x00000035  x0:0x00000000
           1172	       582	001000dc	0077a023	sw	x7,0(x15)	 x15:0x00020000  x7:0x00000035 PA:0x00020000 store:0x00000035 load:0x00000000
           1176	       584	001000e0	00554583	lbu	x11,5(x10)	 x10:0x001018e4 x11=0x0000003a PA:0x001018e9 store:0x00000038
           1178	       585	001000e4	02058663	beq	x11,x0,100110	 x11:0x0000003a  x0:0x00000000
           1182	       587	001000e8	00b7a023	sw	x11,0(x15)	 x15:0x00020000 x11:0x0000003a PA:0x00020000 store:0x0000003a load:0x00000000
           1186	       589	001000ec	00654603	lbu	x12,6(x10)	 x10:0x001018e4 x12=0x00000020 PA:0x001018ea store:0x00000037
           1188	       590	001000f0	02060063	beq	x12,x0,100110	 x12:0x00000020  x0:0x00000000
           1192	       592	001000f4	00c7a023	sw	x12,0(x15)	 x15:0x00020000 x12:0x00000020 PA:0x00020000 store:0x00000020 load:0x00000000
           1196	       594	001000f8	00754683	lbu	x13,7(x10)	 x10:0x001018e4 x13=0x00000000 PA:0x001018eb store:0x00000035
           1198	       595	001000fc	00850513	addi	x10,x10,8	 x10:0x001018e4 x10=0x001018ec
           1202	       597	00100100	00068863	beq	x13,x0,100110	 x13:0x00000000  x0:0x00000000
           1206	       599	00100110	00000513	addi	x10,x0,0	  x0:0x00000000 x10=0x00000000
           1216	       604	00100114	00008067	jalr	x0,0(x1)	  x1:0x00101038  x0=0x00000000
           1218	       605	00101038	c144a507	flw	f10,-1004(x9)	  f9:0x00102000 f10=0x00000000 PA:0x00101c14 store:0x00000000
           1220	       606	0010103c	e05ff0ef	jal	x1,100e40	  x1=0x00101040
           1228	       610	00100e40	fe010113	addi	x2,x2,-32	  x2:0x00137fa0  x2=0x00137f80
           1230	       611	00100e44	00812c23	sw	x8,24(x2)	  x2:0x00137f80  x8:0x00102000 PA:0x00137f98 store:0x00102000 load:0x4415c77d
           1232	       612	00100e48	c0151453	fcvt.wu.s	x8,f10	 f10:0x00000000  x8=0x00000257
           1236	       614	00100e4c	00112e23	sw	x1,28(x2)	  x2:0x00137f80  x1:0x00101040 PA:0x00137f9c store:0x00101040 load:0x4415c77d
           1238	       615	00100e50	00812627	fsw	f8,12(x2)	  f2:0x00137f80  f8:0x00000257 PA:0x00137f8c store:0x00000000 load:0x4415c77d
           1240	       616	00100e54	00040513	addi	x10,x8,0	  x8:0x00000257 x10=0x00000257
           1242	       617	00100e58	20a50453	fsgnj.s	f8,f10,f10	 f10:0x00000257 f10:0x00000257  f8=0x00000000
           1244	       618	00100e5c	ac4ff0ef	jal	x1,100120	  x1=0x00100e60
           1246	       619	00100120	01c55793	srli	x15,x10,0x1c	 x10:0x00000257 x15=0x00000000
           1248	       620	00100124	00900713	addi	x14,x0,9	  x0:0x00000000 x14=0x00000009
           1250	       621	00100128	0cf77a63	bgeu	x14,x15,1001fc	 x14:0x00000009 x15:0x00000000
           1252	       622	001001fc	03078393	addi	x7,x15,48	 x15:0x00000000  x7=0x00000030
           1254	       623	00100200	000205b7	lui	x11,0x20	 x11=0x00020000
           1256	       624	00100204	00451613	slli	x12,x10,0x4	 x10:0x00000257 x12=0x00002570
           1260	       626	00100208	0075a023	sw	x7,0(x11)	 x11:0x00020000  x7:0x00000030 PA:0x00020000 store:0x00000030 load:0x00000000
           1262	       627	0010020c	01c65693	srli	x13,x12,0x1c	 x12:0x00002570 x13=0x00000000
           1264	       628	00100210	00900813	addi	x16,x0,9	  x0:0x00000000 x16=0x00000009
           1266	       629	00100214	f2d86ae3	bltu	x16,x13,100148	 x16:0x00000009 x13:0x00000000
           1268	       630	00100218	03068e93	addi	x29,x13,48	 x13:0x00000000 x29=0x00000030
           1270	       631	0010021c	00020f37	lui	x30,0x20	 x30=0x00020000
           1272	       632	00100220	00851f93	slli	x31,x10,0x8	 x10:0x00000257 x31=0x00025700
           1276	       634	00100224	01df2023	sw	x29,0(x30)	 x30:0x00020000 x29:0x00000030 PA:0x00020000 store:0x00000030 load:0x00000000
           1278	       635	00100228	01cfd793	srli	x15,x31,0x1c	 x31:0x00025700 x15=0x00000000
           1280	       636	0010022c	00900713	addi	x14,x0,9	  x0:0x00000000 x14=0x00000009
           1282	       637	00100230	f2f76ae3	bltu	x14,x15,100164	 x14:0x00000009 x15:0x00000000
           1284	       638	00100234	03078393	addi	x7,x15,48	 x15:0x00000000  x7=0x00000030
           1286	       639	00100238	000205b7	lui	x11,0x20	 x11=0x00020000
           1288	       640	0010023c	00c51613	slli	x12,x10,0xc	 x10:0x00000257 x12=0x00257000
           1292	       642	00100240	0075a023	sw	x7,0(x11)	 x11:0x00020000  x7:0x00000030 PA:0x00020000 store:0x00000030 load:0x00000000
           1294	       643	00100244	01c65693	srli	x13,x12,0x1c	 x12:0x00257000 x13=0x00000000
           1296	       644	00100248	00900813	addi	x16,x0,9	  x0:0x00000000 x16=0x00000009
           1298	       645	0010024c	f2d86ae3	bltu	x16,x13,100180	 x16:0x00000009 x13:0x00000000
           1300	       646	00100250	03068e93	addi	x29,x13,48	 x13:0x00000000 x29=0x00000030
           1302	       647	00100254	00020f37	lui	x30,0x20	 x30=0x00020000
           1304	       648	00100258	01051f93	slli	x31,x10,0x10	 x10:0x00000257 x31=0x02570000
           1308	       650	0010025c	01df2023	sw	x29,0(x30)	 x30:0x00020000 x29:0x00000030 PA:0x00020000 store:0x00000030 load:0x00000000
           1310	       651	00100260	01cfd793	srli	x15,x31,0x1c	 x31:0x02570000 x15=0x00000000
           1312	       652	00100264	00900713	addi	x14,x0,9	  x0:0x00000000 x14=0x00000009
           1314	       653	00100268	f2f76ae3	bltu	x14,x15,10019c	 x14:0x00000009 x15:0x00000000
           1316	       654	0010026c	03078393	addi	x7,x15,48	 x15:0x00000000  x7=0x00000030
           1318	       655	00100270	000205b7	lui	x11,0x20	 x11=0x00020000
           1320	       656	00100274	01451613	slli	x12,x10,0x14	 x10:0x00000257 x12=0x25700000
           1324	       658	00100278	0075a023	sw	x7,0(x11)	 x11:0x00020000  x7:0x00000030 PA:0x00020000 store:0x00000030 load:0x00000000
           1326	       659	0010027c	01c65693	srli	x13,x12,0x1c	 x12:0x25700000 x13=0x00000002
           1328	       660	00100280	00900813	addi	x16,x0,9	  x0:0x00000000 x16=0x00000009
           1330	       661	00100284	f2d86ae3	bltu	x16,x13,1001b8	 x16:0x00000009 x13:0x00000002
           1332	       662	00100288	03068e93	addi	x29,x13,48	 x13:0x00000002 x29=0x00000032
           1334	       663	0010028c	00020f37	lui	x30,0x20	 x30=0x00020000
           1336	       664	00100290	01851f93	slli	x31,x10,0x18	 x10:0x00000257 x31=0x57000000
           1340	       666	00100294	01df2023	sw	x29,0(x30)	 x30:0x00020000 x29:0x00000032 PA:0x00020000 store:0x00000032 load:0x00000000
           1342	       667	00100298	01cfd793	srli	x15,x31,0x1c	 x31:0x57000000 x15=0x00000005
           1344	       668	0010029c	00900713	addi	x14,x0,9	  x0:0x00000000 x14=0x00000009
           1346	       669	001002a0	f2f76ae3	bltu	x14,x15,1001d4	 x14:0x00000009 x15:0x00000005
           1348	       670	001002a4	03078393	addi	x7,x15,48	 x15:0x00000005  x7=0x00000035
           1350	       671	001002a8	000205b7	lui	x11,0x20	 x11=0x00020000
           1354	       673	001002ac	0075a023	sw	x7,0(x11)	 x11:0x00020000  x7:0x00000035 PA:0x00020000 store:0x00000035 load:0x00000000
           1356	       674	001002b0	00f57513	andi	x10,x10,15	 x10:0x00000257 x10=0x00000007
           1358	       675	001002b4	00900613	addi	x12,x0,9	  x0:0x00000000 x12=0x00000009
           1362	       677	001002b8	f2a67ae3	bgeu	x12,x10,1001ec	 x12:0x00000009 x10:0x00000007
           1366	       679	001001ec	03050893	addi	x17,x10,48	 x10:0x00000007 x17=0x00000037
           1368	       680	001001f0	00020e37	lui	x28,0x20	 x28=0x00020000
           1372	       682	001001f4	011e2023	sw	x17,0(x28)	 x28:0x00020000 x17:0x00000037 PA:0x00020000 store:0x00000037 load:0x00000000
           1376	       684	001001f8	00008067	jalr	x0,0(x1)	  x1:0x00100e60  x0=0x00000000
           1378	       685	00100e60	00102537	lui	x10,0x102	 x10=0x00102000
           1380	       686	00100e64	96850513	addi	x10,x10,-1688	 x10:0x00102000 x10=0x00101968
           1384	       688	00100e68	a38ff0ef	jal	x1,1000a0	  x1=0x00100e6c
           1388	       690	001000a0	00054803	lbu	x16,0(x10)	 x10:0x00101968 x16=0x0000002e PA:0x00101968 store:0x00000000
           1390	       691	001000a4	06080663	beq	x16,x0,100110	 x16:0x0000002e  x0:0x00000000
           1392	       692	001000a8	000207b7	lui	x15,0x20	 x15=0x00020000
           1396	       694	001000ac	0107a023	sw	x16,0(x15)	 x15:0x00020000 x16:0x0000002e PA:0x00020000 store:0x0000002e load:0x00000000
           1400	       696	001000b0	00154703	lbu	x14,1(x10)	 x10:0x00101968 x14=0x00000000 PA:0x00101969 store:0x00100e6c
           1404	       698	001000b4	04070e63	beq	x14,x0,100110	 x14:0x00000000  x0:0x00000000
           1408	       700	00100110	00000513	addi	x10,x0,0	  x0:0x00000000 x10=0x00000000
           1418	       705	00100114	00008067	jalr	x0,0(x1)	  x1:0x00100e6c  x0=0x00000000
           1420	       706	00100e6c	d01477d3	fcvt.s.wu	f15,x8	  x8:0x00000257 f15=0x00000000
           1422	       707	00100e70	001027b7	lui	x15,0x102	 x15=0x00102000
           1424	       708	00100e74	83c7a087	flw	f1,-1988(x15)	 f15:0x00102000  f1=0x00000000 PA:0x0010183c store:0x00000000
           1426	       709	00100e78	08f47053	fsub.s	f0,f8,f15	  f8:0x00000257 f15:0x00102000  f0=0x00000000
           1434	       713	00100e7c	01812403	lw	x8,24(x2)	  x2:0x00137f80  x8=0x00102000 PA:0x00137f98 store:0x00000000
           1436	       714	00100e80	01c12083	lw	x1,28(x2)	  x2:0x00137f80  x1=0x00101040 PA:0x00137f9c store:0x00020000
           1438	       715	00100e84	00c12407	flw	f8,12(x2)	  f2:0x00137f80  f8=0x00000000 PA:0x00137f8c store:0x00000000
           1440	       716	00100e88	10107153	fmul.s	f2,f0,f1	  f0:0x00000000  f1:0x00101040  f2=0x00000000
           1442	       717	00100e8c	02010113	addi	x2,x2,32	  x2:0x00137f80  x2=0x00137fa0
           1444	       718	00100e90	c0111553	fcvt.wu.s	x10,f2	  f2:0x00137fa0 x10=0x00002db4
           1446	       719	00100e94	a8cff06f	jal	x0,100120	  x0=0x00000000
           1448	       720	00100120	01c55793	srli	x15,x10,0x1c	 x10:0x00002db4 x15=0x00000000
           1450	       721	00100124	00900713	addi	x14,x0,9	  x0:0x00000000 x14=0x00000009
           1452	       722	00100128	0cf77a63	bgeu	x14,x15,1001fc	 x14:0x00000009 x15:0x00000000
           1454	       723	001001fc	03078393	addi	x7,x15,48	 x15:0x00000000  x7=0x00000030
           1456	       724	00100200	000205b7	lui	x11,0x20	 x11=0x00020000
           1458	       725	00100204	00451613	slli	x12,x10,0x4	 x10:0x00002db4 x12=0x0002db40
           1462	       727	00100208	0075a023	sw	x7,0(x11)	 x11:0x00020000  x7:0x00000030 PA:0x00020000 store:0x00000030 load:0x00000000
           1464	       728	0010020c	01c65693	srli	x13,x12,0x1c	 x12:0x0002db40 x13=0x00000000
           1466	       729	00100210	00900813	addi	x16,x0,9	  x0:0x00000000 x16=0x00000009
           1468	       730	00100214	f2d86ae3	bltu	x16,x13,100148	 x16:0x00000009 x13:0x00000000
           1470	       731	00100218	03068e93	addi	x29,x13,48	 x13:0x00000000 x29=0x00000030
           1472	       732	0010021c	00020f37	lui	x30,0x20	 x30=0x00020000
           1474	       733	00100220	00851f93	slli	x31,x10,0x8	 x10:0x00002db4 x31=0x002db400
           1478	       735	00100224	01df2023	sw	x29,0(x30)	 x30:0x00020000 x29:0x00000030 PA:0x00020000 store:0x00000030 load:0x00000000
           1480	       736	00100228	01cfd793	srli	x15,x31,0x1c	 x31:0x002db400 x15=0x00000000
           1482	       737	0010022c	00900713	addi	x14,x0,9	  x0:0x00000000 x14=0x00000009
           1484	       738	00100230	f2f76ae3	bltu	x14,x15,100164	 x14:0x00000009 x15:0x00000000
           1486	       739	00100234	03078393	addi	x7,x15,48	 x15:0x00000000  x7=0x00000030
           1488	       740	00100238	000205b7	lui	x11,0x20	 x11=0x00020000
           1490	       741	0010023c	00c51613	slli	x12,x10,0xc	 x10:0x00002db4 x12=0x02db4000
           1494	       743	00100240	0075a023	sw	x7,0(x11)	 x11:0x00020000  x7:0x00000030 PA:0x00020000 store:0x00000030 load:0x00000000
           1496	       744	00100244	01c65693	srli	x13,x12,0x1c	 x12:0x02db4000 x13=0x00000000
           1498	       745	00100248	00900813	addi	x16,x0,9	  x0:0x00000000 x16=0x00000009
           1500	       746	0010024c	f2d86ae3	bltu	x16,x13,100180	 x16:0x00000009 x13:0x00000000
           1502	       747	00100250	03068e93	addi	x29,x13,48	 x13:0x00000000 x29=0x00000030
           1504	       748	00100254	00020f37	lui	x30,0x20	 x30=0x00020000
           1506	       749	00100258	01051f93	slli	x31,x10,0x10	 x10:0x00002db4 x31=0x2db40000
           1510	       751	0010025c	01df2023	sw	x29,0(x30)	 x30:0x00020000 x29:0x00000030 PA:0x00020000 store:0x00000030 load:0x00000000
           1512	       752	00100260	01cfd793	srli	x15,x31,0x1c	 x31:0x2db40000 x15=0x00000002
           1514	       753	00100264	00900713	addi	x14,x0,9	  x0:0x00000000 x14=0x00000009
           1516	       754	00100268	f2f76ae3	bltu	x14,x15,10019c	 x14:0x00000009 x15:0x00000002
           1518	       755	0010026c	03078393	addi	x7,x15,48	 x15:0x00000002  x7=0x00000032
           1520	       756	00100270	000205b7	lui	x11,0x20	 x11=0x00020000
           1522	       757	00100274	01451613	slli	x12,x10,0x14	 x10:0x00002db4 x12=0xdb400000
           1526	       759	00100278	0075a023	sw	x7,0(x11)	 x11:0x00020000  x7:0x00000032 PA:0x00020000 store:0x00000032 load:0x00000000
           1528	       760	0010027c	01c65693	srli	x13,x12,0x1c	 x12:0xdb400000 x13=0x0000000d
           1530	       761	00100280	00900813	addi	x16,x0,9	  x0:0x00000000 x16=0x00000009
           1534	       763	00100284	f2d86ae3	bltu	x16,x13,1001b8	 x16:0x00000009 x13:0x0000000d
           1538	       765	001001b8	03768893	addi	x17,x13,55	 x13:0x0000000d x17=0x00000044
           1540	       766	001001bc	00020e37	lui	x28,0x20	 x28=0x00020000
           1542	       767	001001c0	01851f93	slli	x31,x10,0x18	 x10:0x00002db4 x31=0xb4000000
           1546	       769	001001c4	011e2023	sw	x17,0(x28)	 x28:0x00020000 x17:0x00000044 PA:0x00020000 store:0x00000044 load:0x00000000
           1548	       770	001001c8	01cfd793	srli	x15,x31,0x1c	 x31:0xb4000000 x15=0x0000000b
           1550	       771	001001cc	00900713	addi	x14,x0,9	  x0:0x00000000 x14=0x00000009
           1552	       772	001001d0	0cf77a63	bgeu	x14,x15,1002a4	 x14:0x00000009 x15:0x0000000b
           1554	       773	001001d4	03778293	addi	x5,x15,55	 x15:0x0000000b  x5=0x00000042
           1556	       774	001001d8	00020337	lui	x6,0x20	  x6=0x00020000
           1560	       776	001001dc	00532023	sw	x5,0(x6)	  x6:0x00020000  x5:0x00000042 PA:0x00020000 store:0x00000042 load:0x00000000
           1562	       777	001001e0	00f57513	andi	x10,x10,15	 x10:0x00002db4 x10=0x00000004
           1564	       778	001001e4	00900613	addi	x12,x0,9	  x0:0x00000000 x12=0x00000009
           1566	       779	001001e8	0ca66a63	bltu	x12,x10,1002bc	 x12:0x00000009 x10:0x00000004
           1568	       780	001001ec	03050893	addi	x17,x10,48	 x10:0x00000004 x17=0x00000034
           1570	       781	001001f0	00020e37	lui	x28,0x20	 x28=0x00020000
           1574	       783	001001f4	011e2023	sw	x17,0(x28)	 x28:0x00020000 x17:0x00000034 PA:0x00020000 store:0x00000034 load:0x00000000
           1584	       788	001001f8	00008067	jalr	x0,0(x1)	  x1:0x00101040  x0=0x00000000
           1586	       789	00101040	c1042587	flw	f11,-1008(x8)	  f8:0x00102000 f11=0x00000000 PA:0x00101c10 store:0x00000000
           1588	       790	00101044	f00002d3	fmv.w.x	f5,x0	  x0:0x00000000  f5=0x00000000
           1590	       791	00101048	c0c92607	flw	f12,-1012(x18)	 f18:0x00102000 f12=0x00000000 PA:0x00101c0c store:0x00000000
           1592	       792	0010104c	c144a207	flw	f4,-1004(x9)	  f9:0x00102000  f4=0x00000000 PA:0x00101c14 store:0x00000000
           1594	       793	00101050	c1042687	flw	f13,-1008(x8)	  f8:0x00102000 f13=0x00000000 PA:0x00101c10 store:0x00000000
           1596	       794	00101054	60b2f343	fmadd.s	f6,f5,f11,f12	  f5:0x00000042 f11:0x00020000 f12:0x00000042  f6=0x00000000
           1598	       795	00101058	00100313	addi	x6,x0,1	  x0:0x00000000  x6=0x00000001
           1600	       796	0010105c	00d273d3	fadd.s	f7,f4,f13	  f4:0x00000000 f13:0x0000000d  f7=0x00000000
           1602	       797	00101060	c1042407	flw	f8,-1008(x8)	  f8:0x00102000  f8=0x00000000 PA:0x00101c10 store:0x00000000
           1604	       798	00101064	d00378d3	fcvt.s.w	f17,x6	  x6:0x00000001 f17=0x00000000
           1606	       799	00101068	c0692627	fsw	f6,-1012(x18)	 f18:0x00102000  f6:0x00000001 PA:0x00101c0c store:0x00000000 load:0x3f7d1f60
           1608	       800	0010106c	c0c92487	flw	f9,-1012(x18)	 f18:0x00102000  f9=0x00000000 PA:0x00101c0c store:0x00000000
           1610	       801	00101070	c074aa27	fsw	f7,-1004(x9)	  f9:0x00102000  f7:0x00000032 PA:0x00101c14 store:0x441606c5 load:0x00000000
           1612	       802	00101074	c144a507	flw	f10,-1004(x9)	  f9:0x00102000 f10=0x00000000 PA:0x00101c14 store:0x00000000
           1614	       803	00101078	c1042807	flw	f16,-1008(x8)	  f8:0x00102000 f16=0x00000000 PA:0x00101c10 store:0x00000000
           1616	       804	0010107c	4888f943	fmadd.s	f18,f17,f8,f9	 f17:0x00000034  f8:0x00102000  f9:0x00000034 f18=0x00000000
           1618	       805	00101080	06400393	addi	x7,x0,100	  x0:0x00000000  x7=0x00000064
           1620	       806	00101084	010579d3	fadd.s	f19,f10,f16	 f10:0x00000004 f16:0x00000009 f19=0x00000000
           1622	       807	00101088	c1292627	fsw	f18,-1012(x18)	 f18:0x00102000 f18:0x00102000 PA:0x00101c0c store:0x3f7d1f60 load:0x3f7d1f60
           1624	       808	0010108c	c134aa27	fsw	f19,-1004(x9)	  f9:0x00102000 f19:0x00000000 PA:0x00101c14 store:0x4416460d load:0x3f7d1f60
           1626	       809	00101090	c1042a07	flw	f20,-1008(x8)	  f8:0x00102000 f20=0x00000000 PA:0x00101c10 store:0x3f7d1f60
           1628	       810	00101094	d00a7ad3	fcvt.s.w	f21,x20	 x20:0x00000002 f21=0x00000000
           1630	       811	00101098	c0c92e07	flw	f28,-1012(x18)	 f18:0x00102000 f28=0x00000000 PA:0x00101c0c store:0x00000000
           1632	       812	0010109c	001a0093	addi	x1,x20,1	 x20:0x00000002  x1=0x00000003
           1634	       813	001010a0	c144ae87	flw	f29,-1004(x9)	  f9:0x00102000 f29=0x00000000 PA:0x00101c14 store:0x3f7d1f60
           1636	       814	001010a4	e14aff43	fmadd.s	f30,f21,f20,f28	 f21:0x00000000 f20:0x00000002 f28:0x00000000 f30=0x00000000
           1638	       815	001010a8	c1042f87	flw	f31,-1008(x8)	  f8:0x00102000 f31=0x00000000 PA:0x00101c10 store:0x3f7d1f60
           1640	       816	001010ac	d000f053	fcvt.s.w	f0,x1	  x1:0x00000003  f0=0x00000000
           1642	       817	001010b0	c1042087	flw	f1,-1008(x8)	  f8:0x00102000  f1=0x00000000 PA:0x00101c10 store:0x3f7d1f60
           1644	       818	001010b4	01fef153	fadd.s	f2,f29,f31	 f29:0x00000030 f31:0xb4000000  f2=0x00000000
           1646	       819	001010b8	c1e92627	fsw	f30,-1012(x18)	 f18:0x00102000 f30:0x00020000 PA:0x00101c0c store:0x403dd788 load:0x3f7d1f60
           1648	       820	001010bc	c0c92707	flw	f14,-1012(x18)	 f18:0x00102000 f14=0x00000000 PA:0x00101c0c store:0x00000000
           1650	       821	001010c0	002a0593	addi	x11,x20,2	 x20:0x00000002 x11=0x00000004
           1652	       822	001010c4	d005f7d3	fcvt.s.w	f15,x11	 x11:0x00000004 f15=0x00000000
           1654	       823	001010c8	701071c3	fmadd.s	f3,f0,f1,f14	  f0:0x00000000  f1:0x00000003 f14:0x00000000  f3=0x00000000
           1656	       824	001010cc	c024aa27	fsw	f2,-1004(x9)	  f9:0x00102000  f2:0x00137fa0 PA:0x00101c14 store:0x44168555 load:0x403dd788
           1658	       825	001010d0	c144a207	flw	f4,-1004(x9)	  f9:0x00102000  f4=0x00000000 PA:0x00101c14 store:0x3f7d1f60
           1660	       826	001010d4	c1042587	flw	f11,-1008(x8)	  f8:0x00102000 f11=0x00000000 PA:0x00101c10 store:0x3f7d1f60
           1662	       827	001010d8	c1042607	flw	f12,-1008(x8)	  f8:0x00102000 f12=0x00000000 PA:0x00101c10 store:0x3f7d1f60
           1664	       828	001010dc	c0392627	fsw	f3,-1012(x18)	 f18:0x00102000  f3:0x00000000 PA:0x00101c0c store:0x40bdd788 load:0x3f7d1f60
           1666	       829	001010e0	c0c92287	flw	f5,-1012(x18)	 f18:0x00102000  f5=0x00000000 PA:0x00101c0c store:0x3f7d1f60
           1668	       830	001010e4	00b276d3	fadd.s	f13,f4,f11	  f4:0x00000000 f11:0x00000004 f13=0x00000000
           1670	       831	001010e8	003a0613	addi	x12,x20,3	 x20:0x00000002 x12=0x00000005
           1672	       832	001010ec	28c7f343	fmadd.s	f6,f15,f12,f5	 f15:0x0000000b f12:0x00000005  f5:0x0000000b  f6=0x00000000
           1674	       833	001010f0	d00673d3	fcvt.s.w	f7,x12	 x12:0x00000005  f7=0x00000000
           1676	       834	001010f4	004a0813	addi	x16,x20,4	 x20:0x00000002 x16=0x00000006
           1678	       835	001010f8	c0d4aa27	fsw	f13,-1004(x9)	  f9:0x00102000 f13:0x0000000d PA:0x00101c14 store:0x4416c49d load:0x40bdd788
           1680	       836	001010fc	c144a407	flw	f8,-1004(x9)	  f9:0x00102000  f8=0x00000000 PA:0x00101c14 store:0x3f7d1f60
           1682	       837	00101100	c0692627	fsw	f6,-1012(x18)	 f18:0x00102000  f6:0x00000001 PA:0x00101c0c store:0x411e339c load:0x4416c49d
           1684	       838	00101104	c1042487	flw	f9,-1008(x8)	  f8:0x00102000  f9=0x00000000 PA:0x00101c10 store:0x3f7d1f60
           1686	       839	00101108	c1042507	flw	f10,-1008(x8)	  f8:0x00102000 f10=0x00000000 PA:0x00101c10 store:0x3f7d1f60
           1688	       840	0010110c	c0c92807	flw	f16,-1012(x18)	 f18:0x00102000 f16=0x00000000 PA:0x00101c0c store:0x3f7d1f60
           1690	       841	00101110	009478d3	fadd.s	f17,f8,f9	  f8:0x00102000  f9:0x00102000 f17=0x00000000
           1692	       842	00101114	d0087953	fcvt.s.w	f18,x16	 x16:0x00000006 f18=0x00000000
           1694	       843	00101118	80a3f9c3	fmadd.s	f19,f7,f10,f16	  f7:0x00000064 f10:0x00000004 f16:0x00000064 f19=0x00000000
           1696	       844	0010111c	005a0893	addi	x17,x20,5	 x20:0x00000002 x17=0x00000007
           1698	       845	00101120	d008fa53	fcvt.s.w	f20,x17	 x17:0x00000007 f20=0x00000000
           1700	       846	00101124	c114aa27	fsw	f17,-1004(x9)	  f9:0x00102000 f17:0x00000007 PA:0x00101c14 store:0x441703e5 load:0x411e339c
           1702	       847	00101128	c144aa87	flw	f21,-1004(x9)	  f9:0x00102000 f21=0x00000000 PA:0x00101c14 store:0x40e00000
           1704	       848	0010112c	c1392627	fsw	f19,-1012(x18)	 f18:0x00102000 f19:0x00000000 PA:0x00101c0c store:0x416d4d6a load:0x441703e5
           1706	       849	00101130	c1042e07	flw	f28,-1008(x8)	  f8:0x00102000 f28=0x00000000 PA:0x00101c10 store:0x411e339c
           1708	       850	00101134	c1042e87	flw	f29,-1008(x8)	  f8:0x00102000 f29=0x00000000 PA:0x00101c10 store:0x411e339c
           1710	       851	00101138	c0c92f07	flw	f30,-1012(x18)	 f18:0x00102000 f30=0x00000000 PA:0x00101c0c store:0x3f7d1f60
           1712	       852	0010113c	01caffd3	fadd.s	f31,f21,f28	 f21:0x00000000 f28:0x00020000 f31=0x00000000
           1714	       853	00101140	006a0993	addi	x19,x20,6	 x20:0x00000002 x19=0x00000008
           1716	       854	00101144	f1d97043	fmadd.s	f0,f18,f29,f30	 f18:0x00102000 f29:0x00000030 f30:0x00102000  f0=0x00000000
           1718	       855	00101148	d009f0d3	fcvt.s.w	f1,x19	 x19:0x00000008  f1=0x00000000
           1720	       856	0010114c	007a0a13	addi	x20,x20,7	 x20:0x00000002 x20=0x00000009
           1722	       857	00101150	c1f4aa27	fsw	f31,-1004(x9)	  f9:0x00102000 f31:0xb4000000 PA:0x00101c14 store:0x4417432d load:0x416d4d6a
           1724	       858	00101154	c144a107	flw	f2,-1004(x9)	  f9:0x00102000  f2=0x00000000 PA:0x00101c14 store:0x40e00000
           1726	       859	00101158	c0092627	fsw	f0,-1012(x18)	 f18:0x00102000  f0:0x00000000 PA:0x00101c0c store:0x41a61c97 load:0x4417432d
           1728	       860	0010115c	c1042707	flw	f14,-1008(x8)	  f8:0x00102000 f14=0x00000000 PA:0x00101c10 store:0x411e339c
           1730	       861	00101160	c1042787	flw	f15,-1008(x8)	  f8:0x00102000 f15=0x00000000 PA:0x00101c10 store:0x411e339c
           1732	       862	00101164	c0c92187	flw	f3,-1012(x18)	 f18:0x00102000  f3=0x00000000 PA:0x00101c0c store:0x3f7d1f60
           1734	       863	00101168	00e17253	fadd.s	f4,f2,f14	  f2:0x00137fa0 f14:0x00000009  f4=0x00000000
           1736	       864	0010116c	18fa75c3	fmadd.s	f11,f20,f15,f3	 f20:0x00000009 f15:0x0000000b  f3:0x00000009 f11=0x00000000
           1738	       865	00101170	c044aa27	fsw	f4,-1004(x9)	  f9:0x00102000  f4:0x00000000 PA:0x00101c14 store:0x44178275 load:0x41a61c97
           1740	       866	00101174	c0b92627	fsw	f11,-1012(x18)	 f18:0x00102000 f11:0x00000004 PA:0x00101c0c store:0x41dd7b74 load:0x41a61c97
           1742	       867	00101178	c144a287	flw	f5,-1004(x9)	  f9:0x00102000  f5=0x00000000 PA:0x00101c14 store:0x40e00000
           1744	       868	0010117c	c1042307	flw	f6,-1008(x8)	  f8:0x00102000  f6=0x00000000 PA:0x00101c10 store:0x411e339c
           1746	       869	00101180	c1042607	flw	f12,-1008(x8)	  f8:0x00102000 f12=0x00000000 PA:0x00101c10 store:0x411e339c
           1748	       870	00101184	c0c92687	flw	f13,-1012(x18)	 f18:0x00102000 f13=0x00000000 PA:0x00101c0c store:0x3f7d1f60
           1750	       871	00101188	0062f3d3	fadd.s	f7,f5,f6	  f5:0x00000042  f6:0x00000001  f7=0x00000000
           1752	       872	0010118c	68c0f443	fmadd.s	f8,f1,f12,f13	  f1:0x00000003 f12:0x00000005 f13:0x00000003  f8=0x00000000
           1754	       873	00101190	c074aa27	fsw	f7,-1004(x9)	  f9:0x00102000  f7:0x00000064 PA:0x00101c14 store:0x4417c1bd load:0x41dd7b74
           1756	       874	00101194	c144a487	flw	f9,-1004(x9)	  f9:0x00102000  f9=0x00000000 PA:0x00101c14 store:0x40e00000
           1758	       875	00101198	c1042507	flw	f10,-1008(x8)	  f8:0x00102000 f10=0x00000000 PA:0x00101c10 store:0x411e339c
           1760	       876	0010119c	c0892627	fsw	f8,-1012(x18)	 f18:0x00102000  f8:0x00102000 PA:0x00101c0c store:0x420e61a6 load:0x3f7d1f60
           1762	       877	001011a0	00a4f853	fadd.s	f16,f9,f10	  f9:0x00102000 f10:0x00000004 f16=0x00000000
           1764	       878	001011a4	c104aa27	fsw	f16,-1004(x9)	  f9:0x00102000 f16:0x00000006 PA:0x00101c14 store:0x44180105 load:0x3f7d1f60
           1770	       881	001011a8	ee7a14e3	bne	x20,x7,101090	 x20:0x00000009  x7:0x00000064
           1772	       882	00101090	c1042a07	flw	f20,-1008(x8)	  f8:0x00102000 f20=0x00000000 PA:0x00101c10 store:0x44180105
           1774	       883	00101094	d00a7ad3	fcvt.s.w	f21,x20	 x20:0x00000009 f21=0x00000000
           1776	       884	00101098	c0c92e07	flw	f28,-1012(x18)	 f18:0x00102000 f28=0x00000000 PA:0x00101c0c store:0x3f7d1f60
           1778	       885	0010109c	001a0093	addi	x1,x20,1	 x20:0x00000009  x1=0x0000000a
           1780	       886	001010a0	c144ae87	flw	f29,-1004(x9)	  f9:0x00102000 f29=0x00000000 PA:0x00101c14 store:0x3f7d1f60
           1782	       887	001010a4	e14aff43	fmadd.s	f30,f21,f20,f28	 f21:0x00000000 f20:0x00000009 f28:0x00000000 f30=0x00000000
           1784	       888	001010a8	c1042f87	flw	f31,-1008(x8)	  f8:0x00102000 f31=0x00000000 PA:0x00101c10 store:0x44180105
           1786	       889	001010ac	d000f053	fcvt.s.w	f0,x1	  x1:0x0000000a  f0=0x00000000
           1788	       890	001010b0	c1042087	flw	f1,-1008(x8)	  f8:0x00102000  f1=0x00000000 PA:0x00101c10 store:0x44180105
           1790	       891	001010b4	01fef153	fadd.s	f2,f29,f31	 f29:0x00000030 f31:0xb4000000  f2=0x00000000
           1792	       892	001010b8	c1e92627	fsw	f30,-1012(x18)	 f18:0x00102000 f30:0x00020000 PA:0x00101c0c store:0x4231fa10 load:0x3f7d1f60
           1794	       893	001010bc	c0c92707	flw	f14,-1012(x18)	 f18:0x00102000 f14=0x00000000 PA:0x00101c0c store:0x3f7d1f60
           1796	       894	001010c0	002a0593	addi	x11,x20,2	 x20:0x00000009 x11=0x0000000b
           1798	       895	001010c4	d005f7d3	fcvt.s.w	f15,x11	 x11:0x0000000b f15=0x00000000
           1800	       896	001010c8	701071c3	fmadd.s	f3,f0,f1,f14	  f0:0x00000000  f1:0x0000000a f14:0x00000000  f3=0x00000000
           1802	       897	001010cc	c024aa27	fsw	f2,-1004(x9)	  f9:0x00102000  f2:0x00137fa0 PA:0x00101c14 store:0x4418404d load:0x4231fa10
           1804	       898	001010d0	c144a207	flw	f4,-1004(x9)	  f9:0x00102000  f4=0x00000000 PA:0x00101c14 store:0x3f7d1f60
           1806	       899	001010d4	c1042587	flw	f11,-1008(x8)	  f8:0x00102000 f11=0x00000000 PA:0x00101c10 store:0x44180105
           1808	       900	001010d8	c1042607	flw	f12,-1008(x8)	  f8:0x00102000 f12=0x00000000 PA:0x00101c10 store:0x44180105
           1810	       901	001010dc	c0392627	fsw	f3,-1012(x18)	 f18:0x00102000  f3:0x00000000 PA:0x00101c0c store:0x425986f7 load:0x3f7d1f60
           1812	       902	001010e0	c0c92287	flw	f5,-1012(x18)	 f18:0x00102000  f5=0x00000000 PA:0x00101c0c store:0x3f7d1f60
           1814	       903	001010e4	00b276d3	fadd.s	f13,f4,f11	  f4:0x00000000 f11:0x0000000b f13=0x00000000
           1816	       904	001010e8	003a0613	addi	x12,x20,3	 x20:0x00000009 x12=0x0000000c
           1818	       905	001010ec	28c7f343	fmadd.s	f6,f15,f12,f5	 f15:0x0000000b f12:0x0000000c  f5:0x0000000b  f6=0x00000000
           1820	       906	001010f0	d00673d3	fcvt.s.w	f7,x12	 x12:0x0000000c  f7=0x00000000
           1822	       907	001010f4	004a0813	addi	x16,x20,4	 x20:0x00000009 x16=0x0000000d
           1824	       908	001010f8	c0d4aa27	fsw	f13,-1004(x9)	  f9:0x00102000 f13:0x0000000d PA:0x00101c14 store:0x44187f95 load:0x425986f7
           1826	       909	001010fc	c144a407	flw	f8,-1004(x9)	  f9:0x00102000  f8=0x00000000 PA:0x00101c14 store:0x3f7d1f60
           1828	       910	00101100	c0692627	fsw	f6,-1012(x18)	 f18:0x00102000  f6:0x00000001 PA:0x00101c0c store:0x4282842e load:0x44187f95
           1830	       911	00101104	c1042487	flw	f9,-1008(x8)	  f8:0x00102000  f9=0x00000000 PA:0x00101c10 store:0x44180105
           1832	       912	00101108	c1042507	flw	f10,-1008(x8)	  f8:0x00102000 f10=0x00000000 PA:0x00101c10 store:0x44180105
           1834	       913	0010110c	c0c92807	flw	f16,-1012(x18)	 f18:0x00102000 f16=0x00000000 PA:0x00101c0c store:0x3f7d1f60
           1836	       914	00101110	009478d3	fadd.s	f17,f8,f9	  f8:0x00102000  f9:0x00102000 f17=0x00000000
           1838	       915	00101114	d0087953	fcvt.s.w	f18,x16	 x16:0x0000000d f18=0x00000000
           1840	       916	00101118	80a3f9c3	fmadd.s	f19,f7,f10,f16	  f7:0x00000064 f10:0x00000004 f16:0x00000064 f19=0x00000000
           1842	       917	0010111c	005a0893	addi	x17,x20,5	 x20:0x00000009 x17=0x0000000e
           1844	       918	00101120	d008fa53	fcvt.s.w	f20,x17	 x17:0x0000000e f20=0x00000000
           1846	       919	00101124	c114aa27	fsw	f17,-1004(x9)	  f9:0x00102000 f17:0x0000000e PA:0x00101c14 store:0x4418bedd load:0x4282842e
           1848	       920	00101128	c144aa87	flw	f21,-1004(x9)	  f9:0x00102000 f21=0x00000000 PA:0x00101c14 store:0x41600000
           1850	       921	0010112c	c1392627	fsw	f19,-1012(x18)	 f18:0x00102000 f19:0x00000008 PA:0x00101c0c store:0x429a3f1f load:0x4418bedd
           1852	       922	00101130	c1042e07	flw	f28,-1008(x8)	  f8:0x00102000 f28=0x00000000 PA:0x00101c10 store:0x4282842e
           1854	       923	00101134	c1042e87	flw	f29,-1008(x8)	  f8:0x00102000 f29=0x00000000 PA:0x00101c10 store:0x4282842e
           1856	       924	00101138	c0c92f07	flw	f30,-1012(x18)	 f18:0x00102000 f30=0x00000000 PA:0x00101c0c store:0x3f7d1f60
           1858	       925	0010113c	01caffd3	fadd.s	f31,f21,f28	 f21:0x00000000 f28:0x00020000 f31=0x00000000
           1860	       926	00101140	006a0993	addi	x19,x20,6	 x20:0x00000009 x19=0x0000000f
           1862	       927	00101144	f1d97043	fmadd.s	f0,f18,f29,f30	 f18:0x00102000 f29:0x00000030 f30:0x00102000  f0=0x00000000
           1864	       928	00101148	d009f0d3	fcvt.s.w	f1,x19	 x19:0x0000000f  f1=0x00000000
           1866	       929	0010114c	007a0a13	addi	x20,x20,7	 x20:0x00000009 x20=0x00000010
           1868	       930	00101150	c1f4aa27	fsw	f31,-1004(x9)	  f9:0x00102000 f31:0xb4000000 PA:0x00101c14 store:0x4418fe25 load:0x429a3f1f
           1870	       931	00101154	c144a107	flw	f2,-1004(x9)	  f9:0x00102000  f2=0x00000000 PA:0x00101c14 store:0x41600000
           1872	       932	00101158	c0092627	fsw	f0,-1012(x18)	 f18:0x00102000  f0:0x00000000 PA:0x00101c0c store:0x42b3f44f load:0x4418fe25
           1874	       933	0010115c	c1042707	flw	f14,-1008(x8)	  f8:0x00102000 f14=0x00000000 PA:0x00101c10 store:0x4282842e
           1876	       934	00101160	c1042787	flw	f15,-1008(x8)	  f8:0x00102000 f15=0x00000000 PA:0x00101c10 store:0x4282842e
           1878	       935	00101164	c0c92187	flw	f3,-1012(x18)	 f18:0x00102000  f3=0x00000000 PA:0x00101c0c store:0x3f7d1f60
           1880	       936	00101168	00e17253	fadd.s	f4,f2,f14	  f2:0x00137fa0 f14:0x00000009  f4=0x00000000
           1882	       937	0010116c	18fa75c3	fmadd.s	f11,f20,f15,f3	 f20:0x00000010 f15:0x0000000b  f3:0x00000010 f11=0x00000000
           1884	       938	00101170	c044aa27	fsw	f4,-1004(x9)	  f9:0x00102000  f4:0x00000000 PA:0x00101c14 store:0x44193d6d load:0x42b3f44f
           1886	       939	00101174	c0b92627	fsw	f11,-1012(x18)	 f18:0x00102000 f11:0x0000000b PA:0x00101c0c store:0x42cfa3be load:0x42b3f44f
           1888	       940	00101178	c144a287	flw	f5,-1004(x9)	  f9:0x00102000  f5=0x00000000 PA:0x00101c14 store:0x41600000
           1890	       941	0010117c	c1042307	flw	f6,-1008(x8)	  f8:0x00102000  f6=0x00000000 PA:0x00101c10 store:0x4282842e
           1892	       942	00101180	c1042607	flw	f12,-1008(x8)	  f8:0x00102000 f12=0x00000000 PA:0x00101c10 store:0x4282842e
           1894	       943	00101184	c0c92687	flw	f13,-1012(x18)	 f18:0x00102000 f13=0x00000000 PA:0x00101c0c store:0x3f7d1f60
           1896	       944	00101188	0062f3d3	fadd.s	f7,f5,f6	  f5:0x00000042  f6:0x00000001  f7=0x00000000
           1898	       945	0010118c	68c0f443	fmadd.s	f8,f1,f12,f13	  f1:0x0000000a f12:0x0000000c f13:0x0000000a  f8=0x00000000
           1900	       946	00101190	c074aa27	fsw	f7,-1004(x9)	  f9:0x00102000  f7:0x00000064 PA:0x00101c14 store:0x44197cb5 load:0x42cfa3be
           1902	       947	00101194	c144a487	flw	f9,-1004(x9)	  f9:0x00102000  f9=0x00000000 PA:0x00101c14 store:0x41600000
           1904	       948	00101198	c1042507	flw	f10,-1008(x8)	  f8:0x00102000 f10=0x00000000 PA:0x00101c10 store:0x4282842e
           1906	       949	0010119c	c0892627	fsw	f8,-1012(x18)	 f18:0x00102000  f8:0x00102000 PA:0x00101c0c store:0x42ed4d6b load:0x3f7d1f60
           1908	       950	001011a0	00a4f853	fadd.s	f16,f9,f10	  f9:0x00102000 f10:0x00000004 f16=0x00000000
           1910	       951	001011a4	c104aa27	fsw	f16,-1004(x9)	  f9:0x00102000 f16:0x0000000d PA:0x00101c14 store:0x4419bbfd load:0x3f7d1f60
           1916	       954	001011a8	ee7a14e3	bne	x20,x7,101090	 x20:0x00000010  x7:0x00000064
           1918	       955	00101090	c1042a07	flw	f20,-1008(x8)	  f8:0x00102000 f20=0x00000000 PA:0x00101c10 store:0x4419bbfd
           1920	       956	00101094	d00a7ad3	fcvt.s.w	f21,x20	 x20:0x00000010 f21=0x00000000
           1922	       957	00101098	c0c92e07	flw	f28,-1012(x18)	 f18:0x00102000 f28=0x00000000 PA:0x00101c0c store:0x3f7d1f60
           1924	       958	0010109c	001a0093	addi	x1,x20,1	 x20:0x00000010  x1=0x00000011
           1926	       959	001010a0	c144ae87	flw	f29,-1004(x9)	  f9:0x00102000 f29=0x00000000 PA:0x00101c14 store:0x3f7d1f60
           1928	       960	001010a4	e14aff43	fmadd.s	f30,f21,f20,f28	 f21:0x00000000 f20:0x00000010 f28:0x00000000 f30=0x00000000
           1930	       961	001010a8	c1042f87	flw	f31,-1008(x8)	  f8:0x00102000 f31=0x00000000 PA:0x00101c10 store:0x4419bbfd
           1932	       962	001010ac	d000f053	fcvt.s.w	f0,x1	  x1:0x00000011  f0=0x00000000
           1934	       963	001010b0	c1042087	flw	f1,-1008(x8)	  f8:0x00102000  f1=0x00000000 PA:0x00101c10 store:0x4419bbfd
           1936	       964	001010b4	01fef153	fadd.s	f2,f29,f31	 f29:0x00000030 f31:0xb4000000  f2=0x00000000
           1938	       965	001010b8	c1e92627	fsw	f30,-1012(x18)	 f18:0x00102000 f30:0x00020000 PA:0x00101c0c store:0x430678ac load:0x3f7d1f60
           1940	       966	001010bc	c0c92707	flw	f14,-1012(x18)	 f18:0x00102000 f14=0x00000000 PA:0x00101c0c store:0x3f7d1f60
           1942	       967	001010c0	002a0593	addi	x11,x20,2	 x20:0x00000010 x11=0x00000012
           1944	       968	001010c4	d005f7d3	fcvt.s.w	f15,x11	 x11:0x00000012 f15=0x00000000
           1946	       969	001010c8	701071c3	fmadd.s	f3,f0,f1,f14	  f0:0x00000000  f1:0x00000011 f14:0x00000000  f3=0x00000000
           1948	       970	001010cc	c024aa27	fsw	f2,-1004(x9)	  f9:0x00102000  f2:0x00137fa0 PA:0x00101c14 store:0x4419fb45 load:0x430678ac
           1950	       971	001010d0	c144a207	flw	f4,-1004(x9)	  f9:0x00102000  f4=0x00000000 PA:0x00101c14 store:0x3f7d1f60
           1952	       972	001010d4	c1042587	flw	f11,-1008(x8)	  f8:0x00102000 f11=0x00000000 PA:0x00101c10 store:0x4419bbfd
           1954	       973	001010d8	c1042607	flw	f12,-1008(x8)	  f8:0x00102000 f12=0x00000000 PA:0x00101c10 store:0x4419bbfd
           1956	       974	001010dc	c0392627	fsw	f3,-1012(x18)	 f18:0x00102000  f3:0x00000000 PA:0x00101c0c store:0x431747c1 load:0x3f7d1f60
           1958	       975	001010e0	c0c92287	flw	f5,-1012(x18)	 f18:0x00102000  f5=0x00000000 PA:0x00101c0c store:0x3f7d1f60
           1960	       976	001010e4	00b276d3	fadd.s	f13,f4,f11	  f4:0x00000000 f11:0x00000012 f13=0x00000000
           1962	       977	001010e8	003a0613	addi	x12,x20,3	 x20:0x00000010 x12=0x00000013
           1964	       978	001010ec	28c7f343	fmadd.s	f6,f15,f12,f5	 f15:0x0000000b f12:0x00000013  f5:0x0000000b  f6=0x00000000
           1966	       979	001010f0	d00673d3	fcvt.s.w	f7,x12	 x12:0x00000013  f7=0x00000000
           1968	       980	001010f4	004a0813	addi	x16,x20,4	 x20:0x00000010 x16=0x00000014
           1970	       981	001010f8	c0d4aa27	fsw	f13,-1004(x9)	  f9:0x00102000 f13:0x0000000d PA:0x00101c14 store:0x441a3a8d load:0x431747c1
           1972	       982	001010fc	c144a407	flw	f8,-1004(x9)	  f9:0x00102000  f8=0x00000000 PA:0x00101c14 store:0x3f7d1f60
           1974	       983	00101100	c0692627	fsw	f6,-1012(x18)	 f18:0x00102000  f6:0x00000001 PA:0x00101c0c store:0x432913f6 load:0x441a3a8d
           1976	       984	00101104	c1042487	flw	f9,-1008(x8)	  f8:0x00102000  f9=0x00000000 PA:0x00101c10 store:0x4419bbfd
           1978	       985	00101108	c1042507	flw	f10,-1008(x8)	  f8:0x00102000 f10=0x00000000 PA:0x00101c10 store:0x4419bbfd
           1980	       986	0010110c	c0c92807	flw	f16,-1012(x18)	 f18:0x00102000 f16=0x00000000 PA:0x00101c0c store:0x3f7d1f60
           1982	       987	00101110	009478d3	fadd.s	f17,f8,f9	  f8:0x00102000  f9:0x00102000 f17=0x00000000
           1984	       988	00101114	d0087953	fcvt.s.w	f18,x16	 x16:0x00000014 f18=0x00000000
           1986	       989	00101118	80a3f9c3	fmadd.s	f19,f7,f10,f16	  f7:0x00000064 f10:0x00000004 f16:0x00000064 f19=0x00000000
           1988	       990	0010111c	005a0893	addi	x17,x20,5	 x20:0x00000010 x17=0x00000015
           1990	       991	00101120	d008fa53	fcvt.s.w	f20,x17	 x17:0x00000015 f20=0x00000000
           1992	       992	00101124	c114aa27	fsw	f17,-1004(x9)	  f9:0x00102000 f17:0x00000015 PA:0x00101c14 store:0x441a79d5 load:0x432913f6
           1994	       993	00101128	c144aa87	flw	f21,-1004(x9)	  f9:0x00102000 f21=0x00000000 PA:0x00101c14 store:0x41a80000
           1996	       994	0010112c	c1392627	fsw	f19,-1012(x18)	 f18:0x00102000 f19:0x0000000f PA:0x00101c0c store:0x433bdd4a load:0x441a79d5
           1998	       995	00101130	c1042e07	flw	f28,-1008(x8)	  f8:0x00102000 f28=0x00000000 PA:0x00101c10 store:0x432913f6
           2000	       996	00101134	c1042e87	flw	f29,-1008(x8)	  f8:0x00102000 f29=0x00000000 PA:0x00101c10 store:0x432913f6
           2002	       997	00101138	c0c92f07	flw	f30,-1012(x18)	 f18:0x00102000 f30=0x00000000 PA:0x00101c0c store:0x3f7d1f60
           2004	       998	0010113c	01caffd3	fadd.s	f31,f21,f28	 f21:0x00000000 f28:0x00020000 f31=0x00000000
           2006	       999	00101140	006a0993	addi	x19,x20,6	 x20:0x00000010 x19=0x00000016
           2008	      1000	00101144	f1d97043	fmadd.s	f0,f18,f29,f30	 f18:0x00102000 f29:0x00000030 f30:0x00102000  f0=0x00000000
           2010	      1001	00101148	d009f0d3	fcvt.s.w	f1,x19	 x19:0x00000016  f1=0x00000000
           2012	      1002	0010114c	007a0a13	addi	x20,x20,7	 x20:0x00000010 x20=0x00000017
           2014	      1003	00101150	c1f4aa27	fsw	f31,-1004(x9)	  f9:0x00102000 f31:0xb4000000 PA:0x00101c14 store:0x441ab91d load:0x433bdd4a
           2016	      1004	00101154	c144a107	flw	f2,-1004(x9)	  f9:0x00102000  f2=0x00000000 PA:0x00101c14 store:0x41a80000
           2018	      1005	00101158	c0092627	fsw	f0,-1012(x18)	 f18:0x00102000  f0:0x00000000 PA:0x00101c0c store:0x434fa3be load:0x441ab91d
           2020	      1006	0010115c	c1042707	flw	f14,-1008(x8)	  f8:0x00102000 f14=0x00000000 PA:0x00101c10 store:0x432913f6
           2022	      1007	00101160	c1042787	flw	f15,-1008(x8)	  f8:0x00102000 f15=0x00000000 PA:0x00101c10 store:0x432913f6
           2024	      1008	00101164	c0c92187	flw	f3,-1012(x18)	 f18:0x00102000  f3=0x00000000 PA:0x00101c0c store:0x3f7d1f60
           2026	      1009	00101168	00e17253	fadd.s	f4,f2,f14	  f2:0x00137fa0 f14:0x00000009  f4=0x00000000
           2028	      1010	0010116c	18fa75c3	fmadd.s	f11,f20,f15,f3	 f20:0x00000017 f15:0x0000000b  f3:0x00000017 f11=0x00000000
           2030	      1011	00101170	c044aa27	fsw	f4,-1004(x9)	  f9:0x00102000  f4:0x00000000 PA:0x00101c14 store:0x441af865 load:0x434fa3be
           2032	      1012	00101174	c0b92627	fsw	f11,-1012(x18)	 f18:0x00102000 f11:0x00000012 PA:0x00101c0c store:0x43646751 load:0x434fa3be
           2034	      1013	00101178	c144a287	flw	f5,-1004(x9)	  f9:0x00102000  f5=0x00000000 PA:0x00101c14 store:0x41a80000
           2036	      1014	0010117c	c1042307	flw	f6,-1008(x8)	  f8:0x00102000  f6=0x00000000 PA:0x00101c10 store:0x432913f6
           2038	      1015	00101180	c1042607	flw	f12,-1008(x8)	  f8:0x00102000 f12=0x00000000 PA:0x00101c10 store:0x432913f6
           2040	      1016	00101184	c0c92687	flw	f13,-1012(x18)	 f18:0x00102000 f13=0x00000000 PA:0x00101c0c store:0x3f7d1f60
           2042	      1017	00101188	0062f3d3	fadd.s	f7,f5,f6	  f5:0x00000042  f6:0x00000001  f7=0x00000000
           2044	      1018	0010118c	68c0f443	fmadd.s	f8,f1,f12,f13	  f1:0x00000011 f12:0x00000013 f13:0x00000011  f8=0x00000000
           2046	      1019	00101190	c074aa27	fsw	f7,-1004(x9)	  f9:0x00102000  f7:0x00000064 PA:0x00101c14 store:0x441b37ad load:0x43646751
           2048	      1020	00101194	c144a487	flw	f9,-1004(x9)	  f9:0x00102000  f9=0x00000000 PA:0x00101c14 store:0x41a80000
           2050	      1021	00101198	c1042507	flw	f10,-1008(x8)	  f8:0x00102000 f10=0x00000000 PA:0x00101c10 store:0x432913f6
           2052	      1022	0010119c	c0892627	fsw	f8,-1012(x18)	 f18:0x00102000  f8:0x00102000 PA:0x00101c0c store:0x437a2803 load:0x3f7d1f60
           2054	      1023	001011a0	00a4f853	fadd.s	f16,f9,f10	  f9:0x00102000 f10:0x00000004 f16=0x00000000
           2056	      1024	001011a4	c104aa27	fsw	f16,-1004(x9)	  f9:0x00102000 f16:0x00000014 PA:0x00101c14 store:0x441b76f5 load:0x3f7d1f60
           2062	      1027	001011a8	ee7a14e3	bne	x20,x7,101090	 x20:0x00000017  x7:0x00000064
           2064	      1028	00101090	c1042a07	flw	f20,-1008(x8)	  f8:0x00102000 f20=0x00000000 PA:0x00101c10 store:0x441b76f5
           2066	      1029	00101094	d00a7ad3	fcvt.s.w	f21,x20	 x20:0x00000017 f21=0x00000000
           2068	      1030	00101098	c0c92e07	flw	f28,-1012(x18)	 f18:0x00102000 f28=0x00000000 PA:0x00101c0c store:0x3f7d1f60
           2070	      1031	0010109c	001a0093	addi	x1,x20,1	 x20:0x00000017  x1=0x00000018
           2072	      1032	001010a0	c144ae87	flw	f29,-1004(x9)	  f9:0x00102000 f29=0x00000000 PA:0x00101c14 store:0x3f7d1f60
           2074	      1033	001010a4	e14aff43	fmadd.s	f30,f21,f20,f28	 f21:0x00000000 f20:0x00000017 f28:0x00000000 f30=0x00000000
           2076	      1034	001010a8	c1042f87	flw	f31,-1008(x8)	  f8:0x00102000 f31=0x00000000 PA:0x00101c10 store:0x441b76f5
           2078	      1035	001010ac	d000f053	fcvt.s.w	f0,x1	  x1:0x00000018  f0=0x00000000
           2080	      1036	001010b0	c1042087	flw	f1,-1008(x8)	  f8:0x00102000  f1=0x00000000 PA:0x00101c10 store:0x441b76f5
           2082	      1037	001010b4	01fef153	fadd.s	f2,f29,f31	 f29:0x00000030 f31:0xb4000000  f2=0x00000000
           2084	      1038	001010b8	c1e92627	fsw	f30,-1012(x18)	 f18:0x00102000 f30:0x00020000 PA:0x00101c0c store:0x438872ea load:0x3f7d1f60
           2086	      1039	001010bc	c0c92707	flw	f14,-1012(x18)	 f18:0x00102000 f14=0x00000000 PA:0x00101c0c store:0x3f7d1f60
           2088	      1040	001010c0	002a0593	addi	x11,x20,2	 x20:0x00000017 x11=0x00000019
           2090	      1041	001010c4	d005f7d3	fcvt.s.w	f15,x11	 x11:0x00000019 f15=0x00000000
           2092	      1042	001010c8	701071c3	fmadd.s	f3,f0,f1,f14	  f0:0x00000000  f1:0x00000018 f14:0x00000000  f3=0x00000000
           2094	      1043	001010cc	c024aa27	fsw	f2,-1004(x9)	  f9:0x00102000  f2:0x00137fa0 PA:0x00101c14 store:0x441bb63d load:0x438872ea
           2096	      1044	001010d0	c144a207	flw	f4,-1004(x9)	  f9:0x00102000  f4=0x00000000 PA:0x00101c14 store:0x3f7d1f60
           2098	      1045	001010d4	c1042587	flw	f11,-1008(x8)	  f8:0x00102000 f11=0x00000000 PA:0x00101c10 store:0x441b76f5
           2100	      1046	001010d8	c1042607	flw	f12,-1008(x8)	  f8:0x00102000 f12=0x00000000 PA:0x00101c10 store:0x441b76f5
           2102	      1047	001010dc	c0392627	fsw	f3,-1012(x18)	 f18:0x00102000  f3:0x00000000 PA:0x00101c0c store:0x43945062 load:0x3f7d1f60
           2104	      1048	001010e0	c0c92287	flw	f5,-1012(x18)	 f18:0x00102000  f5=0x00000000 PA:0x00101c0c store:0x3f7d1f60
           2106	      1049	001010e4	00b276d3	fadd.s	f13,f4,f11	  f4:0x00000000 f11:0x00000019 f13=0x00000000
           2108	      1050	001010e8	003a0613	addi	x12,x20,3	 x20:0x00000017 x12=0x0000001a
           2110	      1051	001010ec	28c7f343	fmadd.s	f6,f15,f12,f5	 f15:0x0000000b f12:0x0000001a  f5:0x0000000b  f6=0x00000000
           2112	      1052	001010f0	d00673d3	fcvt.s.w	f7,x12	 x12:0x0000001a  f7=0x00000000
           2114	      1053	001010f4	004a0813	addi	x16,x20,4	 x20:0x00000017 x16=0x0000001b
           2116	      1054	001010f8	c0d4aa27	fsw	f13,-1004(x9)	  f9:0x00102000 f13:0x0000000d PA:0x00101c14 store:0x441bf585 load:0x43945062
           2118	      1055	001010fc	c144a407	flw	f8,-1004(x9)	  f9:0x00102000  f8=0x00000000 PA:0x00101c14 store:0x3f7d1f60
           2120	      1056	00101100	c0692627	fsw	f6,-1012(x18)	 f18:0x00102000  f6:0x00000001 PA:0x00101c0c store:0x43a0ac6a load:0x441bf585
           2122	      1057	00101104	c1042487	flw	f9,-1008(x8)	  f8:0x00102000  f9=0x00000000 PA:0x00101c10 store:0x441b76f5
           2124	      1058	00101108	c1042507	flw	f10,-1008(x8)	  f8:0x00102000 f10=0x00000000 PA:0x00101c10 store:0x441b76f5
           2126	      1059	0010110c	c0c92807	flw	f16,-1012(x18)	 f18:0x00102000 f16=0x00000000 PA:0x00101c0c store:0x3f7d1f60
           2128	      1060	00101110	009478d3	fadd.s	f17,f8,f9	  f8:0x00102000  f9:0x00102000 f17=0x00000000
           2130	      1061	00101114	d0087953	fcvt.s.w	f18,x16	 x16:0x0000001b f18=0x00000000
           2132	      1062	00101118	80a3f9c3	fmadd.s	f19,f7,f10,f16	  f7:0x00000064 f10:0x00000004 f16:0x00000064 f19=0x00000000
           2134	      1063	0010111c	005a0893	addi	x17,x20,5	 x20:0x00000017 x17=0x0000001c
           2136	      1064	00101120	d008fa53	fcvt.s.w	f20,x17	 x17:0x0000001c f20=0x00000000
           2138	      1065	00101124	c114aa27	fsw	f17,-1004(x9)	  f9:0x00102000 f17:0x0000001c PA:0x00101c14 store:0x441c34cd load:0x43a0ac6a
           2140	      1066	00101128	c144aa87	flw	f21,-1004(x9)	  f9:0x00102000 f21=0x00000000 PA:0x00101c14 store:0x41e00000
           2142	      1067	0010112c	c1392627	fsw	f19,-1012(x18)	 f18:0x00102000 f19:0x00000016 PA:0x00101c0c store:0x43ad8702 load:0x441c34cd
           2144	      1068	00101130	c1042e07	flw	f28,-1008(x8)	  f8:0x00102000 f28=0x00000000 PA:0x00101c10 store:0x43a0ac6a
           2146	      1069	00101134	c1042e87	flw	f29,-1008(x8)	  f8:0x00102000 f29=0x00000000 PA:0x00101c10 store:0x43a0ac6a
           2148	      1070	00101138	c0c92f07	flw	f30,-1012(x18)	 f18:0x00102000 f30=0x00000000 PA:0x00101c0c store:0x3f7d1f60
           2150	      1071	0010113c	01caffd3	fadd.s	f31,f21,f28	 f21:0x00000000 f28:0x00020000 f31=0x00000000
           2152	      1072	00101140	006a0993	addi	x19,x20,6	 x20:0x00000017 x19=0x0000001d
           2154	      1073	00101144	f1d97043	fmadd.s	f0,f18,f29,f30	 f18:0x00102000 f29:0x00000030 f30:0x00102000  f0=0x00000000
           2156	      1074	00101148	d009f0d3	fcvt.s.w	f1,x19	 x19:0x0000001d  f1=0x00000000
           2158	      1075	0010114c	007a0a13	addi	x20,x20,7	 x20:0x00000017 x20=0x0000001e
           2160	      1076	00101150	c1f4aa27	fsw	f31,-1004(x9)	  f9:0x00102000 f31:0xb4000000 PA:0x00101c14 store:0x441c7415 load:0x43ad8702
           2162	      1077	00101154	c144a107	flw	f2,-1004(x9)	  f9:0x00102000  f2=0x00000000 PA:0x00101c14 store:0x41e00000
           2164	      1078	00101158	c0092627	fsw	f0,-1012(x18)	 f18:0x00102000  f0:0x00000000 PA:0x00101c0c store:0x43bae02a load:0x441c7415
           2166	      1079	0010115c	c1042707	flw	f14,-1008(x8)	  f8:0x00102000 f14=0x00000000 PA:0x00101c10 store:0x43a0ac6a
           2168	      1080	00101160	c1042787	flw	f15,-1008(x8)	  f8:0x00102000 f15=0x00000000 PA:0x00101c10 store:0x43a0ac6a
           2170	      1081	00101164	c0c92187	flw	f3,-1012(x18)	 f18:0x00102000  f3=0x00000000 PA:0x00101c0c store:0x3f7d1f60
           2172	      1082	00101168	00e17253	fadd.s	f4,f2,f14	  f2:0x00137fa0 f14:0x00000009  f4=0x00000000
           2174	      1083	0010116c	18fa75c3	fmadd.s	f11,f20,f15,f3	 f20:0x0000001e f15:0x0000000b  f3:0x0000001e f11=0x00000000
           2176	      1084	00101170	c044aa27	fsw	f4,-1004(x9)	  f9:0x00102000  f4:0x00000000 PA:0x00101c14 store:0x441cb35d load:0x43bae02a
           2178	      1085	00101174	c0b92627	fsw	f11,-1012(x18)	 f18:0x00102000 f11:0x00000019 PA:0x00101c0c store:0x43c8b7e1 load:0x43bae02a
           2180	      1086	00101178	c144a287	flw	f5,-1004(x9)	  f9:0x00102000  f5=0x00000000 PA:0x00101c14 store:0x41e00000
           2182	      1087	0010117c	c1042307	flw	f6,-1008(x8)	  f8:0x00102000  f6=0x00000000 PA:0x00101c10 store:0x43a0ac6a
           2184	      1088	00101180	c1042607	flw	f12,-1008(x8)	  f8:0x00102000 f12=0x00000000 PA:0x00101c10 store:0x43a0ac6a
           2186	      1089	00101184	c0c92687	flw	f13,-1012(x18)	 f18:0x00102000 f13=0x00000000 PA:0x00101c0c store:0x3f7d1f60
           2188	      1090	00101188	0062f3d3	fadd.s	f7,f5,f6	  f5:0x00000042  f6:0x00000001  f7=0x00000000
           2190	      1091	0010118c	68c0f443	fmadd.s	f8,f1,f12,f13	  f1:0x00000018 f12:0x0000001a f13:0x00000018  f8=0x00000000
           2192	      1092	00101190	c074aa27	fsw	f7,-1004(x9)	  f9:0x00102000  f7:0x00000064 PA:0x00101c14 store:0x441cf2a5 load:0x43c8b7e1
           2194	      1093	00101194	c144a487	flw	f9,-1004(x9)	  f9:0x00102000  f9=0x00000000 PA:0x00101c14 store:0x41e00000
           2196	      1094	00101198	c1042507	flw	f10,-1008(x8)	  f8:0x00102000 f10=0x00000000 PA:0x00101c10 store:0x43a0ac6a
           2198	      1095	0010119c	c0892627	fsw	f8,-1012(x18)	 f18:0x00102000  f8:0x00102000 PA:0x00101c0c store:0x43d70e28 load:0x3f7d1f60
           2200	      1096	001011a0	00a4f853	fadd.s	f16,f9,f10	  f9:0x00102000 f10:0x00000004 f16=0x00000000
           2202	      1097	001011a4	c104aa27	fsw	f16,-1004(x9)	  f9:0x00102000 f16:0x0000001b PA:0x00101c14 store:0x441d31ed load:0x3f7d1f60
           2208	      1100	001011a8	ee7a14e3	bne	x20,x7,101090	 x20:0x0000001e  x7:0x00000064
           2210	      1101	00101090	c1042a07	flw	f20,-1008(x8)	  f8:0x00102000 f20=0x00000000 PA:0x00101c10 store:0x441d31ed
           2212	      1102	00101094	d00a7ad3	fcvt.s.w	f21,x20	 x20:0x0000001e f21=0x00000000
           2214	      1103	00101098	c0c92e07	flw	f28,-1012(x18)	 f18:0x00102000 f28=0x00000000 PA:0x00101c0c store:0x3f7d1f60
           2216	      1104	0010109c	001a0093	addi	x1,x20,1	 x20:0x0000001e  x1=0x0000001f
           2218	      1105	001010a0	c144ae87	flw	f29,-1004(x9)	  f9:0x00102000 f29=0x00000000 PA:0x00101c14 store:0x3f7d1f60
           2220	      1106	001010a4	e14aff43	fmadd.s	f30,f21,f20,f28	 f21:0x00000000 f20:0x0000001e f28:0x00000000 f30=0x00000000
           2222	      1107	001010a8	c1042f87	flw	f31,-1008(x8)	  f8:0x00102000 f31=0x00000000 PA:0x00101c10 store:0x441d31ed
           2224	      1108	001010ac	d000f053	fcvt.s.w	f0,x1	  x1:0x0000001f  f0=0x00000000
           2226	      1109	001010b0	c1042087	flw	f1,-1008(x8)	  f8:0x00102000  f1=0x00000000 PA:0x00101c10 store:0x441d31ed
           2228	      1110	001010b4	01fef153	fadd.s	f2,f29,f31	 f29:0x00000030 f31:0xb4000000  f2=0x00000000
           2230	      1111	001010b8	c1e92627	fsw	f30,-1012(x18)	 f18:0x00102000 f30:0x00020000 PA:0x00101c0c store:0x43e5e2ff load:0x3f7d1f60
           2232	      1112	001010bc	c0c92707	flw	f14,-1012(x18)	 f18:0x00102000 f14=0x00000000 PA:0x00101c0c store:0x3f7d1f60
           2234	      1113	001010c0	002a0593	addi	x11,x20,2	 x20:0x0000001e x11=0x00000020
           2236	      1114	001010c4	d005f7d3	fcvt.s.w	f15,x11	 x11:0x00000020 f15=0x00000000
           2238	      1115	001010c8	701071c3	fmadd.s	f3,f0,f1,f14	  f0:0x00000000  f1:0x0000001f f14:0x00000000  f3=0x00000000
           2240	      1116	001010cc	c024aa27	fsw	f2,-1004(x9)	  f9:0x00102000  f2:0x00137fa0 PA:0x00101c14 store:0x441d7135 load:0x43e5e2ff
           2242	      1117	001010d0	c144a207	flw	f4,-1004(x9)	  f9:0x00102000  f4=0x00000000 PA:0x00101c14 store:0x3f7d1f60
           2244	      1118	001010d4	c1042587	flw	f11,-1008(x8)	  f8:0x00102000 f11=0x00000000 PA:0x00101c10 store:0x441d31ed
           2246	      1119	001010d8	c1042607	flw	f12,-1008(x8)	  f8:0x00102000 f12=0x00000000 PA:0x00101c10 store:0x441d31ed
           2248	      1120	001010dc	c0392627	fsw	f3,-1012(x18)	 f18:0x00102000  f3:0x00000000 PA:0x00101c0c store:0x43f53665 load:0x3f7d1f60
           2250	      1121	001010e0	c0c92287	flw	f5,-1012(x18)	 f18:0x00102000  f5=0x00000000 PA:0x00101c0c store:0x3f7d1f60
           2252	      1122	001010e4	00b276d3	fadd.s	f13,f4,f11	  f4:0x00000000 f11:0x00000020 f13=0x00000000
           2254	      1123	001010e8	003a0613	addi	x12,x20,3	 x20:0x0000001e x12=0x00000021
           2256	      1124	001010ec	28c7f343	fmadd.s	f6,f15,f12,f5	 f15:0x0000000b f12:0x00000021  f5:0x0000000b  f6=0x00000000
           2258	      1125	001010f0	d00673d3	fcvt.s.w	f7,x12	 x12:0x00000021  f7=0x00000000
           2260	      1126	001010f4	004a0813	addi	x16,x20,4	 x20:0x0000001e x16=0x00000022
           2262	      1127	001010f8	c0d4aa27	fsw	f13,-1004(x9)	  f9:0x00102000 f13:0x0000000d PA:0x00101c14 store:0x441db07d load:0x43f53665
           2264	      1128	001010fc	c144a407	flw	f8,-1004(x9)	  f9:0x00102000  f8=0x00000000 PA:0x00101c14 store:0x3f7d1f60
           2266	      1129	00101100	c0692627	fsw	f6,-1012(x18)	 f18:0x00102000  f6:0x00000001 PA:0x00101c0c store:0x4402842e load:0x441db07d
           2268	      1130	00101104	c1042487	flw	f9,-1008(x8)	  f8:0x00102000  f9=0x00000000 PA:0x00101c10 store:0x441d31ed
           2270	      1131	00101108	c1042507	flw	f10,-1008(x8)	  f8:0x00102000 f10=0x00000000 PA:0x00101c10 store:0x441d31ed
           2272	      1132	0010110c	c0c92807	flw	f16,-1012(x18)	 f18:0x00102000 f16=0x00000000 PA:0x00101c0c store:0x3f7d1f60
           2274	      1133	00101110	009478d3	fadd.s	f17,f8,f9	  f8:0x00102000  f9:0x00102000 f17=0x00000000
           2276	      1134	00101114	d0087953	fcvt.s.w	f18,x16	 x16:0x00000022 f18=0x00000000
           2278	      1135	00101118	80a3f9c3	fmadd.s	f19,f7,f10,f16	  f7:0x00000064 f10:0x00000004 f16:0x00000064 f19=0x00000000
           2280	      1136	0010111c	005a0893	addi	x17,x20,5	 x20:0x0000001e x17=0x00000023
           2282	      1137	00101120	d008fa53	fcvt.s.w	f20,x17	 x17:0x00000023 f20=0x00000000
           2284	      1138	00101124	c114aa27	fsw	f17,-1004(x9)	  f9:0x00102000 f17:0x00000023 PA:0x00101c14 store:0x441defc5 load:0x4402842e
           2286	      1139	00101128	c144aa87	flw	f21,-1004(x9)	  f9:0x00102000 f21=0x00000000 PA:0x00101c14 store:0x420c0000
           2288	      1140	0010112c	c1392627	fsw	f19,-1012(x18)	 f18:0x00102000 f19:0x0000001d PA:0x00101c0c store:0x440aac71 load:0x441defc5
           2290	      1141	00101130	c1042e07	flw	f28,-1008(x8)	  f8:0x00102000 f28=0x00000000 PA:0x00101c10 store:0x4402842e
           2292	      1142	00101134	c1042e87	flw	f29,-1008(x8)	  f8:0x00102000 f29=0x00000000 PA:0x00101c10 store:0x4402842e
           2294	      1143	00101138	c0c92f07	flw	f30,-1012(x18)	 f18:0x00102000 f30=0x00000000 PA:0x00101c0c store:0x3f7d1f60
           2296	      1144	0010113c	01caffd3	fadd.s	f31,f21,f28	 f21:0x00000000 f28:0x00020000 f31=0x00000000
           2298	      1145	00101140	006a0993	addi	x19,x20,6	 x20:0x0000001e x19=0x00000024
           2300	      1146	00101144	f1d97043	fmadd.s	f0,f18,f29,f30	 f18:0x00102000 f29:0x00000030 f30:0x00102000  f0=0x00000000
           2302	      1147	00101148	d009f0d3	fcvt.s.w	f1,x19	 x19:0x00000024  f1=0x00000000
           2304	      1148	0010114c	007a0a13	addi	x20,x20,7	 x20:0x0000001e x20=0x00000025
           2306	      1149	00101150	c1f4aa27	fsw	f31,-1004(x9)	  f9:0x00102000 f31:0xb4000000 PA:0x00101c14 store:0x441e2f0d load:0x440aac71
           2308	      1150	00101154	c144a107	flw	f2,-1004(x9)	  f9:0x00102000  f2=0x00000000 PA:0x00101c14 store:0x420c0000
           2310	      1151	00101158	c0092627	fsw	f0,-1012(x18)	 f18:0x00102000  f0:0x00000000 PA:0x00101c0c store:0x441313fc load:0x441e2f0d
           2312	      1152	0010115c	c1042707	flw	f14,-1008(x8)	  f8:0x00102000 f14=0x00000000 PA:0x00101c10 store:0x4402842e
           2314	      1153	00101160	c1042787	flw	f15,-1008(x8)	  f8:0x00102000 f15=0x00000000 PA:0x00101c10 store:0x4402842e
           2316	      1154	00101164	c0c92187	flw	f3,-1012(x18)	 f18:0x00102000  f3=0x00000000 PA:0x00101c0c store:0x3f7d1f60
           2318	      1155	00101168	00e17253	fadd.s	f4,f2,f14	  f2:0x00137fa0 f14:0x00000009  f4=0x00000000
           2320	      1156	0010116c	18fa75c3	fmadd.s	f11,f20,f15,f3	 f20:0x00000025 f15:0x0000000b  f3:0x00000025 f11=0x00000000
           2322	      1157	00101170	c044aa27	fsw	f4,-1004(x9)	  f9:0x00102000  f4:0x00000000 PA:0x00101c14 store:0x441e6e55 load:0x441313fc
           2324	      1158	00101174	c0b92627	fsw	f11,-1012(x18)	 f18:0x00102000 f11:0x00000020 PA:0x00101c0c store:0x441bbacf load:0x441313fc
           2326	      1159	00101178	c144a287	flw	f5,-1004(x9)	  f9:0x00102000  f5=0x00000000 PA:0x00101c14 store:0x420c0000
           2328	      1160	0010117c	c1042307	flw	f6,-1008(x8)	  f8:0x00102000  f6=0x00000000 PA:0x00101c10 store:0x4402842e
           2330	      1161	00101180	c1042607	flw	f12,-1008(x8)	  f8:0x00102000 f12=0x00000000 PA:0x00101c10 store:0x4402842e
           2332	      1162	00101184	c0c92687	flw	f13,-1012(x18)	 f18:0x00102000 f13=0x00000000 PA:0x00101c0c store:0x3f7d1f60
           2334	      1163	00101188	0062f3d3	fadd.s	f7,f5,f6	  f5:0x00000042  f6:0x00000001  f7=0x00000000
           2336	      1164	0010118c	68c0f443	fmadd.s	f8,f1,f12,f13	  f1:0x0000001f f12:0x00000021 f13:0x0000001f  f8=0x00000000
           2338	      1165	00101190	c074aa27	fsw	f7,-1004(x9)	  f9:0x00102000  f7:0x00000064 PA:0x00101c14 store:0x441ead9d load:0x441bbacf
           2340	      1166	00101194	c144a487	flw	f9,-1004(x9)	  f9:0x00102000  f9=0x00000000 PA:0x00101c14 store:0x420c0000
           2342	      1167	00101198	c1042507	flw	f10,-1008(x8)	  f8:0x00102000 f10=0x00000000 PA:0x00101c10 store:0x4402842e
           2344	      1168	0010119c	c0892627	fsw	f8,-1012(x18)	 f18:0x00102000  f8:0x00102000 PA:0x00101c0c store:0x4424a0e9 load:0x3f7d1f60
           2346	      1169	001011a0	00a4f853	fadd.s	f16,f9,f10	  f9:0x00102000 f10:0x00000004 f16=0x00000000
           2348	      1170	001011a4	c104aa27	fsw	f16,-1004(x9)	  f9:0x00102000 f16:0x00000022 PA:0x00101c14 store:0x441eece5 load:0x3f7d1f60
           2354	      1173	001011a8	ee7a14e3	bne	x20,x7,101090	 x20:0x00000025  x7:0x00000064
           2356	      1174	00101090	c1042a07	flw	f20,-1008(x8)	  f8:0x00102000 f20=0x00000000 PA:0x00101c10 store:0x441eece5
           2358	      1175	00101094	d00a7ad3	fcvt.s.w	f21,x20	 x20:0x00000025 f21=0x00000000
           2360	      1176	00101098	c0c92e07	flw	f28,-1012(x18)	 f18:0x00102000 f28=0x00000000 PA:0x00101c0c store:0x3f7d1f60
           2362	      1177	0010109c	001a0093	addi	x1,x20,1	 x20:0x00000025  x1=0x00000026
           2364	      1178	001010a0	c144ae87	flw	f29,-1004(x9)	  f9:0x00102000 f29=0x00000000 PA:0x00101c14 store:0x3f7d1f60
           2366	      1179	001010a4	e14aff43	fmadd.s	f30,f21,f20,f28	 f21:0x00000000 f20:0x00000025 f28:0x00000000 f30=0x00000000
           2368	      1180	001010a8	c1042f87	flw	f31,-1008(x8)	  f8:0x00102000 f31=0x00000000 PA:0x00101c10 store:0x441eece5
           2370	      1181	001010ac	d000f053	fcvt.s.w	f0,x1	  x1:0x00000026  f0=0x00000000
           2372	      1182	001010b0	c1042087	flw	f1,-1008(x8)	  f8:0x00102000  f1=0x00000000 PA:0x00101c10 store:0x441eece5
           2374	      1183	001010b4	01fef153	fadd.s	f2,f29,f31	 f29:0x00000030 f31:0xb4000000  f2=0x00000000
           2376	      1184	001010b8	c1e92627	fsw	f30,-1012(x18)	 f18:0x00102000 f30:0x00020000 PA:0x00101c0c store:0x442dc64b load:0x3f7d1f60
           2378	      1185	001010bc	c0c92707	flw	f14,-1012(x18)	 f18:0x00102000 f14=0x00000000 PA:0x00101c0c store:0x3f7d1f60
           2380	      1186	001010c0	002a0593	addi	x11,x20,2	 x20:0x00000025 x11=0x00000027
           2382	      1187	001010c4	d005f7d3	fcvt.s.w	f15,x11	 x11:0x00000027 f15=0x00000000
           2384	      1188	001010c8	701071c3	fmadd.s	f3,f0,f1,f14	  f0:0x00000000  f1:0x00000026 f14:0x00000000  f3=0x00000000
           2386	      1189	001010cc	c024aa27	fsw	f2,-1004(x9)	  f9:0x00102000  f2:0x00137fa0 PA:0x00101c14 store:0x441f2c2d load:0x442dc64b
           2388	      1190	001010d0	c144a207	flw	f4,-1004(x9)	  f9:0x00102000  f4=0x00000000 PA:0x00101c14 store:0x3f7d1f60
           2390	      1191	001010d4	c1042587	flw	f11,-1008(x8)	  f8:0x00102000 f11=0x00000000 PA:0x00101c10 store:0x441eece5
           2392	      1192	001010d8	c1042607	flw	f12,-1008(x8)	  f8:0x00102000 f12=0x00000000 PA:0x00101c10 store:0x441eece5
           2394	      1193	001010dc	c0392627	fsw	f3,-1012(x18)	 f18:0x00102000  f3:0x00000000 PA:0x00101c0c store:0x44372af5 load:0x3f7d1f60
           2396	      1194	001010e0	c0c92287	flw	f5,-1012(x18)	 f18:0x00102000  f5=0x00000000 PA:0x00101c0c store:0x3f7d1f60
           2398	      1195	001010e4	00b276d3	fadd.s	f13,f4,f11	  f4:0x00000000 f11:0x00000027 f13=0x00000000
           2400	      1196	001010e8	003a0613	addi	x12,x20,3	 x20:0x00000025 x12=0x00000028
           2402	      1197	001010ec	28c7f343	fmadd.s	f6,f15,f12,f5	 f15:0x0000000b f12:0x00000028  f5:0x0000000b  f6=0x00000000
           2404	      1198	001010f0	d00673d3	fcvt.s.w	f7,x12	 x12:0x00000028  f7=0x00000000
           2406	      1199	001010f4	004a0813	addi	x16,x20,4	 x20:0x00000025 x16=0x00000029
           2408	      1200	001010f8	c0d4aa27	fsw	f13,-1004(x9)	  f9:0x00102000 f13:0x0000000d PA:0x00101c14 store:0x441f6b75 load:0x44372af5
           2410	      1201	001010fc	c144a407	flw	f8,-1004(x9)	  f9:0x00102000  f8=0x00000000 PA:0x00101c14 store:0x3f7d1f60
           2412	      1202	00101100	c0692627	fsw	f6,-1012(x18)	 f18:0x00102000  f6:0x00000001 PA:0x00101c0c store:0x4440cee7 load:0x441f6b75
           2414	      1203	00101104	c1042487	flw	f9,-1008(x8)	  f8:0x00102000  f9=0x00000000 PA:0x00101c10 store:0x441eece5
           2416	      1204	00101108	c1042507	flw	f10,-1008(x8)	  f8:0x00102000 f10=0x00000000 PA:0x00101c10 store:0x441eece5
           2418	      1205	0010110c	c0c92807	flw	f16,-1012(x18)	 f18:0x00102000 f16=0x00000000 PA:0x00101c0c store:0x3f7d1f60
           2420	      1206	00101110	009478d3	fadd.s	f17,f8,f9	  f8:0x00102000  f9:0x00102000 f17=0x00000000
           2422	      1207	00101114	d0087953	fcvt.s.w	f18,x16	 x16:0x00000029 f18=0x00000000
           2424	      1208	00101118	80a3f9c3	fmadd.s	f19,f7,f10,f16	  f7:0x00000064 f10:0x00000004 f16:0x00000064 f19=0x00000000
           2426	      1209	0010111c	005a0893	addi	x17,x20,5	 x20:0x00000025 x17=0x0000002a
           2428	      1210	00101120	d008fa53	fcvt.s.w	f20,x17	 x17:0x0000002a f20=0x00000000
           2430	      1211	00101124	c114aa27	fsw	f17,-1004(x9)	  f9:0x00102000 f17:0x0000002a PA:0x00101c14 store:0x441faabd load:0x4440cee7
           2432	      1212	00101128	c144aa87	flw	f21,-1004(x9)	  f9:0x00102000 f21=0x00000000 PA:0x00101c14 store:0x42280000
           2434	      1213	0010112c	c1392627	fsw	f19,-1012(x18)	 f18:0x00102000 f19:0x00000024 PA:0x00101c0c store:0x444ab221 load:0x441faabd
           2436	      1214	00101130	c1042e07	flw	f28,-1008(x8)	  f8:0x00102000 f28=0x00000000 PA:0x00101c10 store:0x4440cee7
           2438	      1215	00101134	c1042e87	flw	f29,-1008(x8)	  f8:0x00102000 f29=0x00000000 PA:0x00101c10 store:0x4440cee7
           2440	      1216	00101138	c0c92f07	flw	f30,-1012(x18)	 f18:0x00102000 f30=0x00000000 PA:0x00101c0c store:0x3f7d1f60
           2442	      1217	0010113c	01caffd3	fadd.s	f31,f21,f28	 f21:0x00000000 f28:0x00020000 f31=0x00000000
           2444	      1218	00101140	006a0993	addi	x19,x20,6	 x20:0x00000025 x19=0x0000002b
           2446	      1219	00101144	f1d97043	fmadd.s	f0,f18,f29,f30	 f18:0x00102000 f29:0x00000030 f30:0x00102000  f0=0x00000000
           2448	      1220	00101148	d009f0d3	fcvt.s.w	f1,x19	 x19:0x0000002b  f1=0x00000000
           2450	      1221	0010114c	007a0a13	addi	x20,x20,7	 x20:0x00000025 x20=0x0000002c
           2452	      1222	00101150	c1f4aa27	fsw	f31,-1004(x9)	  f9:0x00102000 f31:0xb4000000 PA:0x00101c14 store:0x441fea05 load:0x444ab221
           2454	      1223	00101154	c144a107	flw	f2,-1004(x9)	  f9:0x00102000  f2=0x00000000 PA:0x00101c14 store:0x42280000
           2456	      1224	00101158	c0092627	fsw	f0,-1012(x18)	 f18:0x00102000  f0:0x00000000 PA:0x00101c0c store:0x4454d4a3 load:0x441fea05
           2458	      1225	0010115c	c1042707	flw	f14,-1008(x8)	  f8:0x00102000 f14=0x00000000 PA:0x00101c10 store:0x4440cee7
           2460	      1226	00101160	c1042787	flw	f15,-1008(x8)	  f8:0x00102000 f15=0x00000000 PA:0x00101c10 store:0x4440cee7
           2462	      1227	00101164	c0c92187	flw	f3,-1012(x18)	 f18:0x00102000  f3=0x00000000 PA:0x00101c0c store:0x3f7d1f60
           2464	      1228	00101168	00e17253	fadd.s	f4,f2,f14	  f2:0x00137fa0 f14:0x00000009  f4=0x00000000
           2466	      1229	0010116c	18fa75c3	fmadd.s	f11,f20,f15,f3	 f20:0x0000002c f15:0x0000000b  f3:0x0000002c f11=0x00000000
           2468	      1230	00101170	c044aa27	fsw	f4,-1004(x9)	  f9:0x00102000  f4:0x00000000 PA:0x00101c14 store:0x4420294d load:0x4454d4a3
           2470	      1231	00101174	c0b92627	fsw	f11,-1012(x18)	 f18:0x00102000 f11:0x00000027 PA:0x00101c0c store:0x445f366c load:0x4454d4a3
           2472	      1232	00101178	c144a287	flw	f5,-1004(x9)	  f9:0x00102000  f5=0x00000000 PA:0x00101c14 store:0x42280000
           2474	      1233	0010117c	c1042307	flw	f6,-1008(x8)	  f8:0x00102000  f6=0x00000000 PA:0x00101c10 store:0x4440cee7
           2476	      1234	00101180	c1042607	flw	f12,-1008(x8)	  f8:0x00102000 f12=0x00000000 PA:0x00101c10 store:0x4440cee7
           2478	      1235	00101184	c0c92687	flw	f13,-1012(x18)	 f18:0x00102000 f13=0x00000000 PA:0x00101c0c store:0x3f7d1f60
           2480	      1236	00101188	0062f3d3	fadd.s	f7,f5,f6	  f5:0x00000042  f6:0x00000001  f7=0x00000000
           2482	      1237	0010118c	68c0f443	fmadd.s	f8,f1,f12,f13	  f1:0x00000026 f12:0x00000028 f13:0x00000026  f8=0x00000000
           2484	      1238	00101190	c074aa27	fsw	f7,-1004(x9)	  f9:0x00102000  f7:0x00000064 PA:0x00101c14 store:0x44206895 load:0x445f366c
           2486	      1239	00101194	c144a487	flw	f9,-1004(x9)	  f9:0x00102000  f9=0x00000000 PA:0x00101c14 store:0x42280000
           2488	      1240	00101198	c1042507	flw	f10,-1008(x8)	  f8:0x00102000 f10=0x00000000 PA:0x00101c10 store:0x4440cee7
           2490	      1241	0010119c	c0892627	fsw	f8,-1012(x18)	 f18:0x00102000  f8:0x00102000 PA:0x00101c0c store:0x4469d77d load:0x3f7d1f60
           2492	      1242	001011a0	00a4f853	fadd.s	f16,f9,f10	  f9:0x00102000 f10:0x00000004 f16=0x00000000
           2494	      1243	001011a4	c104aa27	fsw	f16,-1004(x9)	  f9:0x00102000 f16:0x00000029 PA:0x00101c14 store:0x4420a7dd load:0x3f7d1f60
           2500	      1246	001011a8	ee7a14e3	bne	x20,x7,101090	 x20:0x0000002c  x7:0x00000064
           2502	      1247	00101090	c1042a07	flw	f20,-1008(x8)	  f8:0x00102000 f20=0x00000000 PA:0x00101c10 store:0x4420a7dd
           2504	      1248	00101094	d00a7ad3	fcvt.s.w	f21,x20	 x20:0x0000002c f21=0x00000000
           2506	      1249	00101098	c0c92e07	flw	f28,-1012(x18)	 f18:0x00102000 f28=0x00000000 PA:0x00101c0c store:0x3f7d1f60
           2508	      1250	0010109c	001a0093	addi	x1,x20,1	 x20:0x0000002c  x1=0x0000002d
           2510	      1251	001010a0	c144ae87	flw	f29,-1004(x9)	  f9:0x00102000 f29=0x00000000 PA:0x00101c14 store:0x3f7d1f60
           2512	      1252	001010a4	e14aff43	fmadd.s	f30,f21,f20,f28	 f21:0x00000000 f20:0x0000002c f28:0x00000000 f30=0x00000000
           2514	      1253	001010a8	c1042f87	flw	f31,-1008(x8)	  f8:0x00102000 f31=0x00000000 PA:0x00101c10 store:0x4420a7dd
           2516	      1254	001010ac	d000f053	fcvt.s.w	f0,x1	  x1:0x0000002d  f0=0x00000000
           2518	      1255	001010b0	c1042087	flw	f1,-1008(x8)	  f8:0x00102000  f1=0x00000000 PA:0x00101c10 store:0x4420a7dd
           2520	      1256	001010b4	01fef153	fadd.s	f2,f29,f31	 f29:0x00000030 f31:0xb4000000  f2=0x00000000
           2522	      1257	001010b8	c1e92627	fsw	f30,-1012(x18)	 f18:0x00102000 f30:0x00020000 PA:0x00101c0c store:0x4474b7d6 load:0x3f7d1f60
           2524	      1258	001010bc	c0c92707	flw	f14,-1012(x18)	 f18:0x00102000 f14=0x00000000 PA:0x00101c0c store:0x3f7d1f60
           2526	      1259	001010c0	002a0593	addi	x11,x20,2	 x20:0x0000002c x11=0x0000002e
           2528	      1260	001010c4	d005f7d3	fcvt.s.w	f15,x11	 x11:0x0000002e f15=0x00000000
           2530	      1261	001010c8	701071c3	fmadd.s	f3,f0,f1,f14	  f0:0x00000000  f1:0x0000002d f14:0x00000000  f3=0x00000000
           2532	      1262	001010cc	c024aa27	fsw	f2,-1004(x9)	  f9:0x00102000  f2:0x00137fa0 PA:0x00101c14 store:0x4420e725 load:0x4474b7d6
           2534	      1263	001010d0	c144a207	flw	f4,-1004(x9)	  f9:0x00102000  f4=0x00000000 PA:0x00101c14 store:0x3f7d1f60
           2536	      1264	001010d4	c1042587	flw	f11,-1008(x8)	  f8:0x00102000 f11=0x00000000 PA:0x00101c10 store:0x4420a7dd
           2538	      1265	001010d8	c1042607	flw	f12,-1008(x8)	  f8:0x00102000 f12=0x00000000 PA:0x00101c10 store:0x4420a7dd
           2540	      1266	001010dc	c0392627	fsw	f3,-1012(x18)	 f18:0x00102000  f3:0x00000000 PA:0x00101c0c store:0x447fd777 load:0x3f7d1f60
           2542	      1267	001010e0	c0c92287	flw	f5,-1012(x18)	 f18:0x00102000  f5=0x00000000 PA:0x00101c0c store:0x3f7d1f60
           2544	      1268	001010e4	00b276d3	fadd.s	f13,f4,f11	  f4:0x00000000 f11:0x0000002e f13=0x00000000
           2546	      1269	001010e8	003a0613	addi	x12,x20,3	 x20:0x0000002c x12=0x0000002f
           2548	      1270	001010ec	28c7f343	fmadd.s	f6,f15,f12,f5	 f15:0x0000000b f12:0x0000002f  f5:0x0000000b  f6=0x00000000
           2550	      1271	001010f0	d00673d3	fcvt.s.w	f7,x12	 x12:0x0000002f  f7=0x00000000
           2552	      1272	001010f4	004a0813	addi	x16,x20,4	 x20:0x0000002c x16=0x00000030
           2554	      1273	001010f8	c0d4aa27	fsw	f13,-1004(x9)	  f9:0x00102000 f13:0x0000000d PA:0x00101c14 store:0x4421266d load:0x447fd777
           2556	      1274	001010fc	c144a407	flw	f8,-1004(x9)	  f9:0x00102000  f8=0x00000000 PA:0x00101c14 store:0x3f7d1f60
           2558	      1275	00101100	c0692627	fsw	f6,-1012(x18)	 f18:0x00102000  f6:0x00000001 PA:0x00101c0c store:0x44859b30 load:0x4421266d
           2560	      1276	00101104	c1042487	flw	f9,-1008(x8)	  f8:0x00102000  f9=0x00000000 PA:0x00101c10 store:0x4420a7dd
           2562	      1277	00101108	c1042507	flw	f10,-1008(x8)	  f8:0x00102000 f10=0x00000000 PA:0x00101c10 store:0x4420a7dd
           2564	      1278	0010110c	c0c92807	flw	f16,-1012(x18)	 f18:0x00102000 f16=0x00000000 PA:0x00101c0c store:0x3f7d1f60
           2566	      1279	00101110	009478d3	fadd.s	f17,f8,f9	  f8:0x00102000  f9:0x00102000 f17=0x00000000
           2568	      1280	00101114	d0087953	fcvt.s.w	f18,x16	 x16:0x00000030 f18=0x00000000
           2570	      1281	00101118	80a3f9c3	fmadd.s	f19,f7,f10,f16	  f7:0x00000064 f10:0x00000004 f16:0x00000064 f19=0x00000000
           2572	      1282	0010111c	005a0893	addi	x17,x20,5	 x20:0x0000002c x17=0x00000031
           2574	      1283	00101120	d008fa53	fcvt.s.w	f20,x17	 x17:0x00000031 f20=0x00000000
           2576	      1284	00101124	c114aa27	fsw	f17,-1004(x9)	  f9:0x00102000 f17:0x00000031 PA:0x00101c14 store:0x442165b5 load:0x44859b30
           2578	      1285	00101128	c144aa87	flw	f21,-1004(x9)	  f9:0x00102000 f21=0x00000000 PA:0x00101c14 store:0x42440000
           2580	      1286	0010112c	c1392627	fsw	f19,-1012(x18)	 f18:0x00102000 f19:0x0000002b PA:0x00101c0c store:0x448b6a48 load:0x442165b5
           2582	      1287	00101130	c1042e07	flw	f28,-1008(x8)	  f8:0x00102000 f28=0x00000000 PA:0x00101c10 store:0x44859b30
           2584	      1288	00101134	c1042e87	flw	f29,-1008(x8)	  f8:0x00102000 f29=0x00000000 PA:0x00101c10 store:0x44859b30
           2586	      1289	00101138	c0c92f07	flw	f30,-1012(x18)	 f18:0x00102000 f30=0x00000000 PA:0x00101c0c store:0x3f7d1f60
           2588	      1290	0010113c	01caffd3	fadd.s	f31,f21,f28	 f21:0x00000000 f28:0x00020000 f31=0x00000000
           2590	      1291	00101140	006a0993	addi	x19,x20,6	 x20:0x0000002c x19=0x00000032
           2592	      1292	00101144	f1d97043	fmadd.s	f0,f18,f29,f30	 f18:0x00102000 f29:0x00000030 f30:0x00102000  f0=0x00000000
           2594	      1293	00101148	d009f0d3	fcvt.s.w	f1,x19	 x19:0x00000032  f1=0x00000000
           2596	      1294	0010114c	007a0a13	addi	x20,x20,7	 x20:0x0000002c x20=0x00000033
           2598	      1295	00101150	c1f4aa27	fsw	f31,-1004(x9)	  f9:0x00102000 f31:0xb4000000 PA:0x00101c14 store:0x4421a4fd load:0x448b6a48
           2600	      1296	00101154	c144a107	flw	f2,-1004(x9)	  f9:0x00102000  f2=0x00000000 PA:0x00101c14 store:0x42440000
           2602	      1297	00101158	c0092627	fsw	f0,-1012(x18)	 f18:0x00102000  f0:0x00000000 PA:0x00101c0c store:0x44915904 load:0x4421a4fd
           2604	      1298	0010115c	c1042707	flw	f14,-1008(x8)	  f8:0x00102000 f14=0x00000000 PA:0x00101c10 store:0x44859b30
           2606	      1299	00101160	c1042787	flw	f15,-1008(x8)	  f8:0x00102000 f15=0x00000000 PA:0x00101c10 store:0x44859b30
           2608	      1300	00101164	c0c92187	flw	f3,-1012(x18)	 f18:0x00102000  f3=0x00000000 PA:0x00101c0c store:0x3f7d1f60
           2610	      1301	00101168	00e17253	fadd.s	f4,f2,f14	  f2:0x00137fa0 f14:0x00000009  f4=0x00000000
           2612	      1302	0010116c	18fa75c3	fmadd.s	f11,f20,f15,f3	 f20:0x00000033 f15:0x0000000b  f3:0x00000033 f11=0x00000000
           2614	      1303	00101170	c044aa27	fsw	f4,-1004(x9)	  f9:0x00102000  f4:0x00000000 PA:0x00101c14 store:0x4421e445 load:0x44915904
           2616	      1304	00101174	c0b92627	fsw	f11,-1012(x18)	 f18:0x00102000 f11:0x0000002e PA:0x00101c0c store:0x44976764 load:0x44915904
           2618	      1305	00101178	c144a287	flw	f5,-1004(x9)	  f9:0x00102000  f5=0x00000000 PA:0x00101c14 store:0x42440000
           2620	      1306	0010117c	c1042307	flw	f6,-1008(x8)	  f8:0x00102000  f6=0x00000000 PA:0x00101c10 store:0x44859b30
           2622	      1307	00101180	c1042607	flw	f12,-1008(x8)	  f8:0x00102000 f12=0x00000000 PA:0x00101c10 store:0x44859b30
           2624	      1308	00101184	c0c92687	flw	f13,-1012(x18)	 f18:0x00102000 f13=0x00000000 PA:0x00101c0c store:0x3f7d1f60
           2626	      1309	00101188	0062f3d3	fadd.s	f7,f5,f6	  f5:0x00000042  f6:0x00000001  f7=0x00000000
           2628	      1310	0010118c	68c0f443	fmadd.s	f8,f1,f12,f13	  f1:0x0000002d f12:0x0000002f f13:0x0000002d  f8=0x00000000
           2630	      1311	00101190	c074aa27	fsw	f7,-1004(x9)	  f9:0x00102000  f7:0x00000064 PA:0x00101c14 store:0x4422238d load:0x44976764
           2632	      1312	00101194	c144a487	flw	f9,-1004(x9)	  f9:0x00102000  f9=0x00000000 PA:0x00101c14 store:0x42440000
           2634	      1313	00101198	c1042507	flw	f10,-1008(x8)	  f8:0x00102000 f10=0x00000000 PA:0x00101c10 store:0x44859b30
           2636	      1314	0010119c	c0892627	fsw	f8,-1012(x18)	 f18:0x00102000  f8:0x00102000 PA:0x00101c0c store:0x449d9568 load:0x3f7d1f60
           2638	      1315	001011a0	00a4f853	fadd.s	f16,f9,f10	  f9:0x00102000 f10:0x00000004 f16=0x00000000
           2640	      1316	001011a4	c104aa27	fsw	f16,-1004(x9)	  f9:0x00102000 f16:0x00000030 PA:0x00101c14 store:0x442262d5 load:0x3f7d1f60
           2646	      1319	001011a8	ee7a14e3	bne	x20,x7,101090	 x20:0x00000033  x7:0x00000064
           2648	      1320	00101090	c1042a07	flw	f20,-1008(x8)	  f8:0x00102000 f20=0x00000000 PA:0x00101c10 store:0x442262d5
           2650	      1321	00101094	d00a7ad3	fcvt.s.w	f21,x20	 x20:0x00000033 f21=0x00000000
           2652	      1322	00101098	c0c92e07	flw	f28,-1012(x18)	 f18:0x00102000 f28=0x00000000 PA:0x00101c0c store:0x3f7d1f60
           2654	      1323	0010109c	001a0093	addi	x1,x20,1	 x20:0x00000033  x1=0x00000034
           2656	      1324	001010a0	c144ae87	flw	f29,-1004(x9)	  f9:0x00102000 f29=0x00000000 PA:0x00101c14 store:0x3f7d1f60
           2658	      1325	001010a4	e14aff43	fmadd.s	f30,f21,f20,f28	 f21:0x00000000 f20:0x00000033 f28:0x00000000 f30=0x00000000
           2660	      1326	001010a8	c1042f87	flw	f31,-1008(x8)	  f8:0x00102000 f31=0x00000000 PA:0x00101c10 store:0x442262d5
           2662	      1327	001010ac	d000f053	fcvt.s.w	f0,x1	  x1:0x00000034  f0=0x00000000
           2664	      1328	001010b0	c1042087	flw	f1,-1008(x8)	  f8:0x00102000  f1=0x00000000 PA:0x00101c10 store:0x442262d5
           2666	      1329	001010b4	01fef153	fadd.s	f2,f29,f31	 f29:0x00000030 f31:0xb4000000  f2=0x00000000
           2668	      1330	001010b8	c1e92627	fsw	f30,-1012(x18)	 f18:0x00102000 f30:0x00020000 PA:0x00101c0c store:0x44a3e310 load:0x3f7d1f60
           2670	      1331	001010bc	c0c92707	flw	f14,-1012(x18)	 f18:0x00102000 f14=0x00000000 PA:0x00101c0c store:0x3f7d1f60
           2672	      1332	001010c0	002a0593	addi	x11,x20,2	 x20:0x00000033 x11=0x00000035
           2674	      1333	001010c4	d005f7d3	fcvt.s.w	f15,x11	 x11:0x00000035 f15=0x00000000
           2676	      1334	001010c8	701071c3	fmadd.s	f3,f0,f1,f14	  f0:0x00000000  f1:0x00000034 f14:0x00000000  f3=0x00000000
           2678	      1335	001010cc	c024aa27	fsw	f2,-1004(x9)	  f9:0x00102000  f2:0x00137fa0 PA:0x00101c14 store:0x4422a21d load:0x44a3e310
           2680	      1336	001010d0	c144a207	flw	f4,-1004(x9)	  f9:0x00102000  f4=0x00000000 PA:0x00101c14 store:0x3f7d1f60
           2682	      1337	001010d4	c1042587	flw	f11,-1008(x8)	  f8:0x00102000 f11=0x00000000 PA:0x00101c10 store:0x442262d5
           2684	      1338	001010d8	c1042607	flw	f12,-1008(x8)	  f8:0x00102000 f12=0x00000000 PA:0x00101c10 store:0x442262d5
           2686	      1339	001010dc	c0392627	fsw	f3,-1012(x18)	 f18:0x00102000  f3:0x00000000 PA:0x00101c0c store:0x44aa505c load:0x3f7d1f60
           2688	      1340	001010e0	c0c92287	flw	f5,-1012(x18)	 f18:0x00102000  f5=0x00000000 PA:0x00101c0c store:0x3f7d1f60
           2690	      1341	001010e4	00b276d3	fadd.s	f13,f4,f11	  f4:0x00000000 f11:0x00000035 f13=0x00000000
           2692	      1342	001010e8	003a0613	addi	x12,x20,3	 x20:0x00000033 x12=0x00000036
           2694	      1343	001010ec	28c7f343	fmadd.s	f6,f15,f12,f5	 f15:0x0000000b f12:0x00000036  f5:0x0000000b  f6=0x00000000
           2696	      1344	001010f0	d00673d3	fcvt.s.w	f7,x12	 x12:0x00000036  f7=0x00000000
           2698	      1345	001010f4	004a0813	addi	x16,x20,4	 x20:0x00000033 x16=0x00000037
           2700	      1346	001010f8	c0d4aa27	fsw	f13,-1004(x9)	  f9:0x00102000 f13:0x0000000d PA:0x00101c14 store:0x4422e165 load:0x44aa505c
           2702	      1347	001010fc	c144a407	flw	f8,-1004(x9)	  f9:0x00102000  f8=0x00000000 PA:0x00101c14 store:0x3f7d1f60
           2704	      1348	00101100	c0692627	fsw	f6,-1012(x18)	 f18:0x00102000  f6:0x00000001 PA:0x00101c0c store:0x44b0dd4c load:0x4422e165
           2706	      1349	00101104	c1042487	flw	f9,-1008(x8)	  f8:0x00102000  f9=0x00000000 PA:0x00101c10 store:0x442262d5
           2708	      1350	00101108	c1042507	flw	f10,-1008(x8)	  f8:0x00102000 f10=0x00000000 PA:0x00101c10 store:0x442262d5
           2710	      1351	0010110c	c0c92807	flw	f16,-1012(x18)	 f18:0x00102000 f16=0x00000000 PA:0x00101c0c store:0x3f7d1f60
           2712	      1352	00101110	009478d3	fadd.s	f17,f8,f9	  f8:0x00102000  f9:0x00102000 f17=0x00000000
           2714	      1353	00101114	d0087953	fcvt.s.w	f18,x16	 x16:0x00000037 f18=0x00000000
           2716	      1354	00101118	80a3f9c3	fmadd.s	f19,f7,f10,f16	  f7:0x00000064 f10:0x00000004 f16:0x00000064 f19=0x00000000
           2718	      1355	0010111c	005a0893	addi	x17,x20,5	 x20:0x00000033 x17=0x00000038
           2720	      1356	00101120	d008fa53	fcvt.s.w	f20,x17	 x17:0x00000038 f20=0x00000000
           2722	      1357	00101124	c114aa27	fsw	f17,-1004(x9)	  f9:0x00102000 f17:0x00000038 PA:0x00101c14 store:0x442320ad load:0x44b0dd4c
           2724	      1358	00101128	c144aa87	flw	f21,-1004(x9)	  f9:0x00102000 f21=0x00000000 PA:0x00101c14 store:0x42600000
           2726	      1359	0010112c	c1392627	fsw	f19,-1012(x18)	 f18:0x00102000 f19:0x00000032 PA:0x00101c0c store:0x44b789e0 load:0x442320ad
           2728	      1360	00101130	c1042e07	flw	f28,-1008(x8)	  f8:0x00102000 f28=0x00000000 PA:0x00101c10 store:0x44b0dd4c
           2730	      1361	00101134	c1042e87	flw	f29,-1008(x8)	  f8:0x00102000 f29=0x00000000 PA:0x00101c10 store:0x44b0dd4c
           2732	      1362	00101138	c0c92f07	flw	f30,-1012(x18)	 f18:0x00102000 f30=0x00000000 PA:0x00101c0c store:0x3f7d1f60
           2734	      1363	0010113c	01caffd3	fadd.s	f31,f21,f28	 f21:0x00000000 f28:0x00020000 f31=0x00000000
           2736	      1364	00101140	006a0993	addi	x19,x20,6	 x20:0x00000033 x19=0x00000039
           2738	      1365	00101144	f1d97043	fmadd.s	f0,f18,f29,f30	 f18:0x00102000 f29:0x00000030 f30:0x00102000  f0=0x00000000
           2740	      1366	00101148	d009f0d3	fcvt.s.w	f1,x19	 x19:0x00000039  f1=0x00000000
           2742	      1367	0010114c	007a0a13	addi	x20,x20,7	 x20:0x00000033 x20=0x0000003a
           2744	      1368	00101150	c1f4aa27	fsw	f31,-1004(x9)	  f9:0x00102000 f31:0xb4000000 PA:0x00101c14 store:0x44235ff5 load:0x44b789e0
           2746	      1369	00101154	c144a107	flw	f2,-1004(x9)	  f9:0x00102000  f2=0x00000000 PA:0x00101c14 store:0x42600000
           2748	      1370	00101158	c0092627	fsw	f0,-1012(x18)	 f18:0x00102000  f0:0x00000000 PA:0x00101c0c store:0x44be5618 load:0x44235ff5
           2750	      1371	0010115c	c1042707	flw	f14,-1008(x8)	  f8:0x00102000 f14=0x00000000 PA:0x00101c10 store:0x44b0dd4c
           2752	      1372	00101160	c1042787	flw	f15,-1008(x8)	  f8:0x00102000 f15=0x00000000 PA:0x00101c10 store:0x44b0dd4c
           2754	      1373	00101164	c0c92187	flw	f3,-1012(x18)	 f18:0x00102000  f3=0x00000000 PA:0x00101c0c store:0x3f7d1f60
           2756	      1374	00101168	00e17253	fadd.s	f4,f2,f14	  f2:0x00137fa0 f14:0x00000009  f4=0x00000000
           2758	      1375	0010116c	18fa75c3	fmadd.s	f11,f20,f15,f3	 f20:0x0000003a f15:0x0000000b  f3:0x0000003a f11=0x00000000
           2760	      1376	00101170	c044aa27	fsw	f4,-1004(x9)	  f9:0x00102000  f4:0x00000000 PA:0x00101c14 store:0x44239f3d load:0x44be5618
           2762	      1377	00101174	c0b92627	fsw	f11,-1012(x18)	 f18:0x00102000 f11:0x00000035 PA:0x00101c0c store:0x44c541f4 load:0x44be5618
           2764	      1378	00101178	c144a287	flw	f5,-1004(x9)	  f9:0x00102000  f5=0x00000000 PA:0x00101c14 store:0x42600000
           2766	      1379	0010117c	c1042307	flw	f6,-1008(x8)	  f8:0x00102000  f6=0x00000000 PA:0x00101c10 store:0x44b0dd4c
           2768	      1380	00101180	c1042607	flw	f12,-1008(x8)	  f8:0x00102000 f12=0x00000000 PA:0x00101c10 store:0x44b0dd4c
           2770	      1381	00101184	c0c92687	flw	f13,-1012(x18)	 f18:0x00102000 f13=0x00000000 PA:0x00101c0c store:0x3f7d1f60
           2772	      1382	00101188	0062f3d3	fadd.s	f7,f5,f6	  f5:0x00000042  f6:0x00000001  f7=0x00000000
           2774	      1383	0010118c	68c0f443	fmadd.s	f8,f1,f12,f13	  f1:0x00000034 f12:0x00000036 f13:0x00000034  f8=0x00000000
           2776	      1384	00101190	c074aa27	fsw	f7,-1004(x9)	  f9:0x00102000  f7:0x00000064 PA:0x00101c14 store:0x4423de85 load:0x44c541f4
           2778	      1385	00101194	c144a487	flw	f9,-1004(x9)	  f9:0x00102000  f9=0x00000000 PA:0x00101c14 store:0x42600000
           2780	      1386	00101198	c1042507	flw	f10,-1008(x8)	  f8:0x00102000 f10=0x00000000 PA:0x00101c10 store:0x44b0dd4c
           2782	      1387	0010119c	c0892627	fsw	f8,-1012(x18)	 f18:0x00102000  f8:0x00102000 PA:0x00101c0c store:0x44cc4d74 load:0x3f7d1f60
           2784	      1388	001011a0	00a4f853	fadd.s	f16,f9,f10	  f9:0x00102000 f10:0x00000004 f16=0x00000000
           2786	      1389	001011a4	c104aa27	fsw	f16,-1004(x9)	  f9:0x00102000 f16:0x00000037 PA:0x00101c14 store:0x44241dcd load:0x3f7d1f60
           2792	      1392	001011a8	ee7a14e3	bne	x20,x7,101090	 x20:0x0000003a  x7:0x00000064
           2794	      1393	00101090	c1042a07	flw	f20,-1008(x8)	  f8:0x00102000 f20=0x00000000 PA:0x00101c10 store:0x44241dcd
           2796	      1394	00101094	d00a7ad3	fcvt.s.w	f21,x20	 x20:0x0000003a f21=0x00000000
           2798	      1395	00101098	c0c92e07	flw	f28,-1012(x18)	 f18:0x00102000 f28=0x00000000 PA:0x00101c0c store:0x3f7d1f60
           2800	      1396	0010109c	001a0093	addi	x1,x20,1	 x20:0x0000003a  x1=0x0000003b
           2802	      1397	001010a0	c144ae87	flw	f29,-1004(x9)	  f9:0x00102000 f29=0x00000000 PA:0x00101c14 store:0x3f7d1f60
           2804	      1398	001010a4	e14aff43	fmadd.s	f30,f21,f20,f28	 f21:0x00000000 f20:0x0000003a f28:0x00000000 f30=0x00000000
           2806	      1399	001010a8	c1042f87	flw	f31,-1008(x8)	  f8:0x00102000 f31=0x00000000 PA:0x00101c10 store:0x44241dcd
           2808	      1400	001010ac	d000f053	fcvt.s.w	f0,x1	  x1:0x0000003b  f0=0x00000000
           2810	      1401	001010b0	c1042087	flw	f1,-1008(x8)	  f8:0x00102000  f1=0x00000000 PA:0x00101c10 store:0x44241dcd
           2812	      1402	001010b4	01fef153	fadd.s	f2,f29,f31	 f29:0x00000030 f31:0xb4000000  f2=0x00000000
           2814	      1403	001010b8	c1e92627	fsw	f30,-1012(x18)	 f18:0x00102000 f30:0x00020000 PA:0x00101c0c store:0x44d37897 load:0x3f7d1f60
           2816	      1404	001010bc	c0c92707	flw	f14,-1012(x18)	 f18:0x00102000 f14=0x00000000 PA:0x00101c0c store:0x3f7d1f60
           2818	      1405	001010c0	002a0593	addi	x11,x20,2	 x20:0x0000003a x11=0x0000003c
           2820	      1406	001010c4	d005f7d3	fcvt.s.w	f15,x11	 x11:0x0000003c f15=0x00000000
           2822	      1407	001010c8	701071c3	fmadd.s	f3,f0,f1,f14	  f0:0x00000000  f1:0x0000003b f14:0x00000000  f3=0x00000000
           2824	      1408	001010cc	c024aa27	fsw	f2,-1004(x9)	  f9:0x00102000  f2:0x00137fa0 PA:0x00101c14 store:0x44245d15 load:0x44d37897
           2826	      1409	001010d0	c144a207	flw	f4,-1004(x9)	  f9:0x00102000  f4=0x00000000 PA:0x00101c14 store:0x3f7d1f60
           2828	      1410	001010d4	c1042587	flw	f11,-1008(x8)	  f8:0x00102000 f11=0x00000000 PA:0x00101c10 store:0x44241dcd
           2830	      1411	001010d8	c1042607	flw	f12,-1008(x8)	  f8:0x00102000 f12=0x00000000 PA:0x00101c10 store:0x44241dcd
           2832	      1412	001010dc	c0392627	fsw	f3,-1012(x18)	 f18:0x00102000  f3:0x00000000 PA:0x00101c0c store:0x44dac35e load:0x3f7d1f60
           2834	      1413	001010e0	c0c92287	flw	f5,-1012(x18)	 f18:0x00102000  f5=0x00000000 PA:0x00101c0c store:0x3f7d1f60
           2836	      1414	001010e4	00b276d3	fadd.s	f13,f4,f11	  f4:0x00000000 f11:0x0000003c f13=0x00000000
           2838	      1415	001010e8	003a0613	addi	x12,x20,3	 x20:0x0000003a x12=0x0000003d
           2840	      1416	001010ec	28c7f343	fmadd.s	f6,f15,f12,f5	 f15:0x0000000b f12:0x0000003d  f5:0x0000000b  f6=0x00000000
           2842	      1417	001010f0	d00673d3	fcvt.s.w	f7,x12	 x12:0x0000003d  f7=0x00000000
           2844	      1418	001010f4	004a0813	addi	x16,x20,4	 x20:0x0000003a x16=0x0000003e
           2846	      1419	001010f8	c0d4aa27	fsw	f13,-1004(x9)	  f9:0x00102000 f13:0x0000000d PA:0x00101c14 store:0x44249c5d load:0x44dac35e
           2848	      1420	001010fc	c144a407	flw	f8,-1004(x9)	  f9:0x00102000  f8=0x00000000 PA:0x00101c14 store:0x3f7d1f60
           2850	      1421	00101100	c0692627	fsw	f6,-1012(x18)	 f18:0x00102000  f6:0x00000001 PA:0x00101c0c store:0x44e22dc9 load:0x44249c5d
           2852	      1422	00101104	c1042487	flw	f9,-1008(x8)	  f8:0x00102000  f9=0x00000000 PA:0x00101c10 store:0x44241dcd
           2854	      1423	00101108	c1042507	flw	f10,-1008(x8)	  f8:0x00102000 f10=0x00000000 PA:0x00101c10 store:0x44241dcd
           2856	      1424	0010110c	c0c92807	flw	f16,-1012(x18)	 f18:0x00102000 f16=0x00000000 PA:0x00101c0c store:0x3f7d1f60
           2858	      1425	00101110	009478d3	fadd.s	f17,f8,f9	  f8:0x00102000  f9:0x00102000 f17=0x00000000
           2860	      1426	00101114	d0087953	fcvt.s.w	f18,x16	 x16:0x0000003e f18=0x00000000
           2862	      1427	00101118	80a3f9c3	fmadd.s	f19,f7,f10,f16	  f7:0x00000064 f10:0x00000004 f16:0x00000064 f19=0x00000000
           2864	      1428	0010111c	005a0893	addi	x17,x20,5	 x20:0x0000003a x17=0x0000003f
           2866	      1429	00101120	d008fa53	fcvt.s.w	f20,x17	 x17:0x0000003f f20=0x00000000
           2868	      1430	00101124	c114aa27	fsw	f17,-1004(x9)	  f9:0x00102000 f17:0x0000003f PA:0x00101c14 store:0x4424dba5 load:0x44e22dc9
           2870	      1431	00101128	c144aa87	flw	f21,-1004(x9)	  f9:0x00102000 f21=0x00000000 PA:0x00101c14 store:0x427c0000
           2872	      1432	0010112c	c1392627	fsw	f19,-1012(x18)	 f18:0x00102000 f19:0x00000039 PA:0x00101c0c store:0x44e9b7d8 load:0x4424dba5
           2874	      1433	00101130	c1042e07	flw	f28,-1008(x8)	  f8:0x00102000 f28=0x00000000 PA:0x00101c10 store:0x44e22dc9
           2876	      1434	00101134	c1042e87	flw	f29,-1008(x8)	  f8:0x00102000 f29=0x00000000 PA:0x00101c10 store:0x44e22dc9
           2878	      1435	00101138	c0c92f07	flw	f30,-1012(x18)	 f18:0x00102000 f30=0x00000000 PA:0x00101c0c store:0x3f7d1f60
           2880	      1436	0010113c	01caffd3	fadd.s	f31,f21,f28	 f21:0x00000000 f28:0x00020000 f31=0x00000000
           2882	      1437	00101140	006a0993	addi	x19,x20,6	 x20:0x0000003a x19=0x00000040
           2884	      1438	00101144	f1d97043	fmadd.s	f0,f18,f29,f30	 f18:0x00102000 f29:0x00000030 f30:0x00102000  f0=0x00000000
           2886	      1439	00101148	d009f0d3	fcvt.s.w	f1,x19	 x19:0x00000040  f1=0x00000000
           2888	      1440	0010114c	007a0a13	addi	x20,x20,7	 x20:0x0000003a x20=0x00000041
           2890	      1441	00101150	c1f4aa27	fsw	f31,-1004(x9)	  f9:0x00102000 f31:0xb4000000 PA:0x00101c14 store:0x44251aed load:0x44e9b7d8
           2892	      1442	00101154	c144a107	flw	f2,-1004(x9)	  f9:0x00102000  f2=0x00000000 PA:0x00101c14 store:0x427c0000
           2894	      1443	00101158	c0092627	fsw	f0,-1012(x18)	 f18:0x00102000  f0:0x00000000 PA:0x00101c0c store:0x44f1618b load:0x44251aed
           2896	      1444	0010115c	c1042707	flw	f14,-1008(x8)	  f8:0x00102000 f14=0x00000000 PA:0x00101c10 store:0x44e22dc9
           2898	      1445	00101160	c1042787	flw	f15,-1008(x8)	  f8:0x00102000 f15=0x00000000 PA:0x00101c10 store:0x44e22dc9
           2900	      1446	00101164	c0c92187	flw	f3,-1012(x18)	 f18:0x00102000  f3=0x00000000 PA:0x00101c0c store:0x3f7d1f60
           2902	      1447	00101168	00e17253	fadd.s	f4,f2,f14	  f2:0x00137fa0 f14:0x00000009  f4=0x00000000
           2904	      1448	0010116c	18fa75c3	fmadd.s	f11,f20,f15,f3	 f20:0x00000041 f15:0x0000000b  f3:0x00000041 f11=0x00000000
           2906	      1449	00101170	c044aa27	fsw	f4,-1004(x9)	  f9:0x00102000  f4:0x00000000 PA:0x00101c14 store:0x44255a35 load:0x44f1618b
           2908	      1450	00101174	c0b92627	fsw	f11,-1012(x18)	 f18:0x00102000 f11:0x0000003c PA:0x00101c0c store:0x44f92ae2 load:0x44f1618b
           2910	      1451	00101178	c144a287	flw	f5,-1004(x9)	  f9:0x00102000  f5=0x00000000 PA:0x00101c14 store:0x427c0000
           2912	      1452	0010117c	c1042307	flw	f6,-1008(x8)	  f8:0x00102000  f6=0x00000000 PA:0x00101c10 store:0x44e22dc9
           2914	      1453	00101180	c1042607	flw	f12,-1008(x8)	  f8:0x00102000 f12=0x00000000 PA:0x00101c10 store:0x44e22dc9
           2916	      1454	00101184	c0c92687	flw	f13,-1012(x18)	 f18:0x00102000 f13=0x00000000 PA:0x00101c0c store:0x3f7d1f60
           2918	      1455	00101188	0062f3d3	fadd.s	f7,f5,f6	  f5:0x00000042  f6:0x00000001  f7=0x00000000
           2920	      1456	0010118c	68c0f443	fmadd.s	f8,f1,f12,f13	  f1:0x0000003b f12:0x0000003d f13:0x0000003b  f8=0x00000000
           2922	      1457	00101190	c074aa27	fsw	f7,-1004(x9)	  f9:0x00102000  f7:0x00000064 PA:0x00101c14 store:0x4425997d load:0x44f92ae2
           2924	      1458	00101194	c144a487	flw	f9,-1004(x9)	  f9:0x00102000  f9=0x00000000 PA:0x00101c14 store:0x427c0000
           2926	      1459	00101198	c1042507	flw	f10,-1008(x8)	  f8:0x00102000 f10=0x00000000 PA:0x00101c10 store:0x44e22dc9
           2928	      1460	0010119c	c0892627	fsw	f8,-1012(x18)	 f18:0x00102000  f8:0x00102000 PA:0x00101c0c store:0x450089ee load:0x3f7d1f60
           2930	      1461	001011a0	00a4f853	fadd.s	f16,f9,f10	  f9:0x00102000 f10:0x00000004 f16=0x00000000
           2932	      1462	001011a4	c104aa27	fsw	f16,-1004(x9)	  f9:0x00102000 f16:0x0000003e PA:0x00101c14 store:0x4425d8c5 load:0x3f7d1f60
           2938	      1465	001011a8	ee7a14e3	bne	x20,x7,101090	 x20:0x00000041  x7:0x00000064
           2940	      1466	00101090	c1042a07	flw	f20,-1008(x8)	  f8:0x00102000 f20=0x00000000 PA:0x00101c10 store:0x4425d8c5
           2942	      1467	00101094	d00a7ad3	fcvt.s.w	f21,x20	 x20:0x00000041 f21=0x00000000
           2944	      1468	00101098	c0c92e07	flw	f28,-1012(x18)	 f18:0x00102000 f28=0x00000000 PA:0x00101c0c store:0x3f7d1f60
           2946	      1469	0010109c	001a0093	addi	x1,x20,1	 x20:0x00000041  x1=0x00000042
           2948	      1470	001010a0	c144ae87	flw	f29,-1004(x9)	  f9:0x00102000 f29=0x00000000 PA:0x00101c14 store:0x3f7d1f60
           2950	      1471	001010a4	e14aff43	fmadd.s	f30,f21,f20,f28	 f21:0x00000000 f20:0x00000041 f28:0x00000000 f30=0x00000000
           2952	      1472	001010a8	c1042f87	flw	f31,-1008(x8)	  f8:0x00102000 f31=0x00000000 PA:0x00101c10 store:0x4425d8c5
           2954	      1473	001010ac	d000f053	fcvt.s.w	f0,x1	  x1:0x00000042  f0=0x00000000
           2956	      1474	001010b0	c1042087	flw	f1,-1008(x8)	  f8:0x00102000  f1=0x00000000 PA:0x00101c10 store:0x4425d8c5
           2958	      1475	001010b4	01fef153	fadd.s	f2,f29,f31	 f29:0x00000030 f31:0xb4000000  f2=0x00000000
           2960	      1476	001010b8	c1e92627	fsw	f30,-1012(x18)	 f18:0x00102000 f30:0x00020000 PA:0x00101c0c store:0x45048e3d load:0x3f7d1f60
           2962	      1477	001010bc	c0c92707	flw	f14,-1012(x18)	 f18:0x00102000 f14=0x00000000 PA:0x00101c0c store:0x3f7d1f60
           2964	      1478	001010c0	002a0593	addi	x11,x20,2	 x20:0x00000041 x11=0x00000043
           2966	      1479	001010c4	d005f7d3	fcvt.s.w	f15,x11	 x11:0x00000043 f15=0x00000000
           2968	      1480	001010c8	701071c3	fmadd.s	f3,f0,f1,f14	  f0:0x00000000  f1:0x00000042 f14:0x00000000  f3=0x00000000
           2970	      1481	001010cc	c024aa27	fsw	f2,-1004(x9)	  f9:0x00102000  f2:0x00137fa0 PA:0x00101c14 store:0x4426180d load:0x45048e3d
           2972	      1482	001010d0	c144a207	flw	f4,-1004(x9)	  f9:0x00102000  f4=0x00000000 PA:0x00101c14 store:0x3f7d1f60
           2974	      1483	001010d4	c1042587	flw	f11,-1008(x8)	  f8:0x00102000 f11=0x00000000 PA:0x00101c10 store:0x4425d8c5
           2976	      1484	001010d8	c1042607	flw	f12,-1008(x8)	  f8:0x00102000 f12=0x00000000 PA:0x00101c10 store:0x4425d8c5
           2978	      1485	001010dc	c0392627	fsw	f3,-1012(x18)	 f18:0x00102000  f3:0x00000000 PA:0x00101c0c store:0x4508a25e load:0x3f7d1f60
           2980	      1486	001010e0	c0c92287	flw	f5,-1012(x18)	 f18:0x00102000  f5=0x00000000 PA:0x00101c0c store:0x3f7d1f60
           2982	      1487	001010e4	00b276d3	fadd.s	f13,f4,f11	  f4:0x00000000 f11:0x00000043 f13=0x00000000
           2984	      1488	001010e8	003a0613	addi	x12,x20,3	 x20:0x00000041 x12=0x00000044
           2986	      1489	001010ec	28c7f343	fmadd.s	f6,f15,f12,f5	 f15:0x0000000b f12:0x00000044  f5:0x0000000b  f6=0x00000000
           2988	      1490	001010f0	d00673d3	fcvt.s.w	f7,x12	 x12:0x00000044  f7=0x00000000
           2990	      1491	001010f4	004a0813	addi	x16,x20,4	 x20:0x00000041 x16=0x00000045
           2992	      1492	001010f8	c0d4aa27	fsw	f13,-1004(x9)	  f9:0x00102000 f13:0x0000000d PA:0x00101c14 store:0x44265755 load:0x4508a25e
           2994	      1493	001010fc	c144a407	flw	f8,-1004(x9)	  f9:0x00102000  f8=0x00000000 PA:0x00101c14 store:0x3f7d1f60
           2996	      1494	00101100	c0692627	fsw	f6,-1012(x18)	 f18:0x00102000  f6:0x00000001 PA:0x00101c0c store:0x450cc651 load:0x44265755
           2998	      1495	00101104	c1042487	flw	f9,-1008(x8)	  f8:0x00102000  f9=0x00000000 PA:0x00101c10 store:0x4425d8c5
           3000	      1496	00101108	c1042507	flw	f10,-1008(x8)	  f8:0x00102000 f10=0x00000000 PA:0x00101c10 store:0x4425d8c5
           3002	      1497	0010110c	c0c92807	flw	f16,-1012(x18)	 f18:0x00102000 f16=0x00000000 PA:0x00101c0c store:0x3f7d1f60
           3004	      1498	00101110	009478d3	fadd.s	f17,f8,f9	  f8:0x00102000  f9:0x00102000 f17=0x00000000
           3006	      1499	00101114	d0087953	fcvt.s.w	f18,x16	 x16:0x00000045 f18=0x00000000
           3008	      1500	00101118	80a3f9c3	fmadd.s	f19,f7,f10,f16	  f7:0x00000064 f10:0x00000004 f16:0x00000064 f19=0x00000000
           3010	      1501	0010111c	005a0893	addi	x17,x20,5	 x20:0x00000041 x17=0x00000046
           3012	      1502	00101120	d008fa53	fcvt.s.w	f20,x17	 x17:0x00000046 f20=0x00000000
           3014	      1503	00101124	c114aa27	fsw	f17,-1004(x9)	  f9:0x00102000 f17:0x00000046 PA:0x00101c14 store:0x4426969d load:0x450cc651
           3016	      1504	00101128	c144aa87	flw	f21,-1004(x9)	  f9:0x00102000 f21=0x00000000 PA:0x00101c14 store:0x428c0000
           3018	      1505	0010112c	c1392627	fsw	f19,-1012(x18)	 f18:0x00102000 f19:0x00000040 PA:0x00101c0c store:0x4510fa16 load:0x4426969d
           3020	      1506	00101130	c1042e07	flw	f28,-1008(x8)	  f8:0x00102000 f28=0x00000000 PA:0x00101c10 store:0x450cc651
           3022	      1507	00101134	c1042e87	flw	f29,-1008(x8)	  f8:0x00102000 f29=0x00000000 PA:0x00101c10 store:0x450cc651
           3024	      1508	00101138	c0c92f07	flw	f30,-1012(x18)	 f18:0x00102000 f30=0x00000000 PA:0x00101c0c store:0x3f7d1f60
           3026	      1509	0010113c	01caffd3	fadd.s	f31,f21,f28	 f21:0x00000000 f28:0x00020000 f31=0x00000000
           3028	      1510	00101140	006a0993	addi	x19,x20,6	 x20:0x00000041 x19=0x00000047
           3030	      1511	00101144	f1d97043	fmadd.s	f0,f18,f29,f30	 f18:0x00102000 f29:0x00000030 f30:0x00102000  f0=0x00000000
           3032	      1512	00101148	d009f0d3	fcvt.s.w	f1,x19	 x19:0x00000047  f1=0x00000000
           3034	      1513	0010114c	007a0a13	addi	x20,x20,7	 x20:0x00000041 x20=0x00000048
           3036	      1514	00101150	c1f4aa27	fsw	f31,-1004(x9)	  f9:0x00102000 f31:0xb4000000 PA:0x00101c14 store:0x4426d5e5 load:0x4510fa16
           3038	      1515	00101154	c144a107	flw	f2,-1004(x9)	  f9:0x00102000  f2=0x00000000 PA:0x00101c14 store:0x428c0000
           3040	      1516	00101158	c0092627	fsw	f0,-1012(x18)	 f18:0x00102000  f0:0x00000000 PA:0x00101c0c store:0x45153dad load:0x4426d5e5
           3042	      1517	0010115c	c1042707	flw	f14,-1008(x8)	  f8:0x00102000 f14=0x00000000 PA:0x00101c10 store:0x450cc651
           3044	      1518	00101160	c1042787	flw	f15,-1008(x8)	  f8:0x00102000 f15=0x00000000 PA:0x00101c10 store:0x450cc651
           3046	      1519	00101164	c0c92187	flw	f3,-1012(x18)	 f18:0x00102000  f3=0x00000000 PA:0x00101c0c store:0x3f7d1f60
           3048	      1520	00101168	00e17253	fadd.s	f4,f2,f14	  f2:0x00137fa0 f14:0x00000009  f4=0x00000000
           3050	      1521	0010116c	18fa75c3	fmadd.s	f11,f20,f15,f3	 f20:0x00000048 f15:0x0000000b  f3:0x00000048 f11=0x00000000
           3052	      1522	00101170	c044aa27	fsw	f4,-1004(x9)	  f9:0x00102000  f4:0x00000000 PA:0x00101c14 store:0x4427152d load:0x45153dad
           3054	      1523	00101174	c0b92627	fsw	f11,-1012(x18)	 f18:0x00102000 f11:0x00000043 PA:0x00101c0c store:0x45199116 load:0x45153dad
           3056	      1524	00101178	c144a287	flw	f5,-1004(x9)	  f9:0x00102000  f5=0x00000000 PA:0x00101c14 store:0x428c0000
           3058	      1525	0010117c	c1042307	flw	f6,-1008(x8)	  f8:0x00102000  f6=0x00000000 PA:0x00101c10 store:0x450cc651
           3060	      1526	00101180	c1042607	flw	f12,-1008(x8)	  f8:0x00102000 f12=0x00000000 PA:0x00101c10 store:0x450cc651
           3062	      1527	00101184	c0c92687	flw	f13,-1012(x18)	 f18:0x00102000 f13=0x00000000 PA:0x00101c0c store:0x3f7d1f60
           3064	      1528	00101188	0062f3d3	fadd.s	f7,f5,f6	  f5:0x00000042  f6:0x00000001  f7=0x00000000
           3066	      1529	0010118c	68c0f443	fmadd.s	f8,f1,f12,f13	  f1:0x00000042 f12:0x00000044 f13:0x00000042  f8=0x00000000
           3068	      1530	00101190	c074aa27	fsw	f7,-1004(x9)	  f9:0x00102000  f7:0x00000064 PA:0x00101c14 store:0x44275475 load:0x45199116
           3070	      1531	00101194	c144a487	flw	f9,-1004(x9)	  f9:0x00102000  f9=0x00000000 PA:0x00101c14 store:0x428c0000
           3072	      1532	00101198	c1042507	flw	f10,-1008(x8)	  f8:0x00102000 f10=0x00000000 PA:0x00101c10 store:0x450cc651
           3074	      1533	0010119c	c0892627	fsw	f8,-1012(x18)	 f18:0x00102000  f8:0x00102000 PA:0x00101c0c store:0x451df451 load:0x3f7d1f60
           3076	      1534	001011a0	00a4f853	fadd.s	f16,f9,f10	  f9:0x00102000 f10:0x00000004 f16=0x00000000
           3078	      1535	001011a4	c104aa27	fsw	f16,-1004(x9)	  f9:0x00102000 f16:0x00000045 PA:0x00101c14 store:0x442793bd load:0x3f7d1f60
           3084	      1538	001011a8	ee7a14e3	bne	x20,x7,101090	 x20:0x00000048  x7:0x00000064
           3086	      1539	00101090	c1042a07	flw	f20,-1008(x8)	  f8:0x00102000 f20=0x00000000 PA:0x00101c10 store:0x442793bd
           3088	      1540	00101094	d00a7ad3	fcvt.s.w	f21,x20	 x20:0x00000048 f21=0x00000000
           3090	      1541	00101098	c0c92e07	flw	f28,-1012(x18)	 f18:0x00102000 f28=0x00000000 PA:0x00101c0c store:0x3f7d1f60
           3092	      1542	0010109c	001a0093	addi	x1,x20,1	 x20:0x00000048  x1=0x00000049
           3094	      1543	001010a0	c144ae87	flw	f29,-1004(x9)	  f9:0x00102000 f29=0x00000000 PA:0x00101c14 store:0x3f7d1f60
           3096	      1544	001010a4	e14aff43	fmadd.s	f30,f21,f20,f28	 f21:0x00000000 f20:0x00000048 f28:0x00000000 f30=0x00000000
           3098	      1545	001010a8	c1042f87	flw	f31,-1008(x8)	  f8:0x00102000 f31=0x00000000 PA:0x00101c10 store:0x442793bd
           3100	      1546	001010ac	d000f053	fcvt.s.w	f0,x1	  x1:0x00000049  f0=0x00000000
           3102	      1547	001010b0	c1042087	flw	f1,-1008(x8)	  f8:0x00102000  f1=0x00000000 PA:0x00101c10 store:0x442793bd
           3104	      1548	001010b4	01fef153	fadd.s	f2,f29,f31	 f29:0x00000030 f31:0xb4000000  f2=0x00000000
           3106	      1549	001010b8	c1e92627	fsw	f30,-1012(x18)	 f18:0x00102000 f30:0x00020000 PA:0x00101c0c store:0x4522675e load:0x3f7d1f60
           3108	      1550	001010bc	c0c92707	flw	f14,-1012(x18)	 f18:0x00102000 f14=0x00000000 PA:0x00101c0c store:0x3f7d1f60
           3110	      1551	001010c0	002a0593	addi	x11,x20,2	 x20:0x00000048 x11=0x0000004a
           3112	      1552	001010c4	d005f7d3	fcvt.s.w	f15,x11	 x11:0x0000004a f15=0x00000000
           3114	      1553	001010c8	701071c3	fmadd.s	f3,f0,f1,f14	  f0:0x00000000  f1:0x00000049 f14:0x00000000  f3=0x00000000
           3116	      1554	001010cc	c024aa27	fsw	f2,-1004(x9)	  f9:0x00102000  f2:0x00137fa0 PA:0x00101c14 store:0x4427d305 load:0x4522675e
           3118	      1555	001010d0	c144a207	flw	f4,-1004(x9)	  f9:0x00102000  f4=0x00000000 PA:0x00101c14 store:0x3f7d1f60
           3120	      1556	001010d4	c1042587	flw	f11,-1008(x8)	  f8:0x00102000 f11=0x00000000 PA:0x00101c10 store:0x442793bd
           3122	      1557	001010d8	c1042607	flw	f12,-1008(x8)	  f8:0x00102000 f12=0x00000000 PA:0x00101c10 store:0x442793bd
           3124	      1558	001010dc	c0392627	fsw	f3,-1012(x18)	 f18:0x00102000  f3:0x00000000 PA:0x00101c0c store:0x4526ea3d load:0x3f7d1f60
           3126	      1559	001010e0	c0c92287	flw	f5,-1012(x18)	 f18:0x00102000  f5=0x00000000 PA:0x00101c0c store:0x3f7d1f60
           3128	      1560	001010e4	00b276d3	fadd.s	f13,f4,f11	  f4:0x00000000 f11:0x0000004a f13=0x00000000
           3130	      1561	001010e8	003a0613	addi	x12,x20,3	 x20:0x00000048 x12=0x0000004b
           3132	      1562	001010ec	28c7f343	fmadd.s	f6,f15,f12,f5	 f15:0x0000000b f12:0x0000004b  f5:0x0000000b  f6=0x00000000
           3134	      1563	001010f0	d00673d3	fcvt.s.w	f7,x12	 x12:0x0000004b  f7=0x00000000
           3136	      1564	001010f4	004a0813	addi	x16,x20,4	 x20:0x00000048 x16=0x0000004c
           3138	      1565	001010f8	c0d4aa27	fsw	f13,-1004(x9)	  f9:0x00102000 f13:0x0000000d PA:0x00101c14 store:0x4428124d load:0x4526ea3d
           3140	      1566	001010fc	c144a407	flw	f8,-1004(x9)	  f9:0x00102000  f8=0x00000000 PA:0x00101c14 store:0x3f7d1f60
           3142	      1567	00101100	c0692627	fsw	f6,-1012(x18)	 f18:0x00102000  f6:0x00000001 PA:0x00101c0c store:0x452b7cee load:0x4428124d
           3144	      1568	00101104	c1042487	flw	f9,-1008(x8)	  f8:0x00102000  f9=0x00000000 PA:0x00101c10 store:0x442793bd
           3146	      1569	00101108	c1042507	flw	f10,-1008(x8)	  f8:0x00102000 f10=0x00000000 PA:0x00101c10 store:0x442793bd
           3148	      1570	0010110c	c0c92807	flw	f16,-1012(x18)	 f18:0x00102000 f16=0x00000000 PA:0x00101c0c store:0x3f7d1f60
           3150	      1571	00101110	009478d3	fadd.s	f17,f8,f9	  f8:0x00102000  f9:0x00102000 f17=0x00000000
           3152	      1572	00101114	d0087953	fcvt.s.w	f18,x16	 x16:0x0000004c f18=0x00000000
           3154	      1573	00101118	80a3f9c3	fmadd.s	f19,f7,f10,f16	  f7:0x00000064 f10:0x00000004 f16:0x00000064 f19=0x00000000
           3156	      1574	0010111c	005a0893	addi	x17,x20,5	 x20:0x00000048 x17=0x0000004d
           3158	      1575	00101120	d008fa53	fcvt.s.w	f20,x17	 x17:0x0000004d f20=0x00000000
           3160	      1576	00101124	c114aa27	fsw	f17,-1004(x9)	  f9:0x00102000 f17:0x0000004d PA:0x00101c14 store:0x44285195 load:0x452b7cee
           3162	      1577	00101128	c144aa87	flw	f21,-1004(x9)	  f9:0x00102000 f21=0x00000000 PA:0x00101c14 store:0x429a0000
           3164	      1578	0010112c	c1392627	fsw	f19,-1012(x18)	 f18:0x00102000 f19:0x00000047 PA:0x00101c0c store:0x45301f71 load:0x44285195
           3166	      1579	00101130	c1042e07	flw	f28,-1008(x8)	  f8:0x00102000 f28=0x00000000 PA:0x00101c10 store:0x452b7cee
           3168	      1580	00101134	c1042e87	flw	f29,-1008(x8)	  f8:0x00102000 f29=0x00000000 PA:0x00101c10 store:0x452b7cee
           3170	      1581	00101138	c0c92f07	flw	f30,-1012(x18)	 f18:0x00102000 f30=0x00000000 PA:0x00101c0c store:0x3f7d1f60
           3172	      1582	0010113c	01caffd3	fadd.s	f31,f21,f28	 f21:0x00000000 f28:0x00020000 f31=0x00000000
           3174	      1583	00101140	006a0993	addi	x19,x20,6	 x20:0x00000048 x19=0x0000004e
           3176	      1584	00101144	f1d97043	fmadd.s	f0,f18,f29,f30	 f18:0x00102000 f29:0x00000030 f30:0x00102000  f0=0x00000000
           3178	      1585	00101148	d009f0d3	fcvt.s.w	f1,x19	 x19:0x0000004e  f1=0x00000000
           3180	      1586	0010114c	007a0a13	addi	x20,x20,7	 x20:0x00000048 x20=0x0000004f
           3182	      1587	00101150	c1f4aa27	fsw	f31,-1004(x9)	  f9:0x00102000 f31:0xb4000000 PA:0x00101c14 store:0x442890dd load:0x45301f71
           3184	      1588	00101154	c144a107	flw	f2,-1004(x9)	  f9:0x00102000  f2=0x00000000 PA:0x00101c14 store:0x429a0000
           3186	      1589	00101158	c0092627	fsw	f0,-1012(x18)	 f18:0x00102000  f0:0x00000000 PA:0x00101c0c store:0x4534d1c6 load:0x442890dd
           3188	      1590	0010115c	c1042707	flw	f14,-1008(x8)	  f8:0x00102000 f14=0x00000000 PA:0x00101c10 store:0x452b7cee
           3190	      1591	00101160	c1042787	flw	f15,-1008(x8)	  f8:0x00102000 f15=0x00000000 PA:0x00101c10 store:0x452b7cee
           3192	      1592	00101164	c0c92187	flw	f3,-1012(x18)	 f18:0x00102000  f3=0x00000000 PA:0x00101c0c store:0x3f7d1f60
           3194	      1593	00101168	00e17253	fadd.s	f4,f2,f14	  f2:0x00137fa0 f14:0x00000009  f4=0x00000000
           3196	      1594	0010116c	18fa75c3	fmadd.s	f11,f20,f15,f3	 f20:0x0000004f f15:0x0000000b  f3:0x0000004f f11=0x00000000
           3198	      1595	00101170	c044aa27	fsw	f4,-1004(x9)	  f9:0x00102000  f4:0x00000000 PA:0x00101c14 store:0x4428d025 load:0x4534d1c6
           3200	      1596	00101174	c0b92627	fsw	f11,-1012(x18)	 f18:0x00102000 f11:0x0000004a PA:0x00101c0c store:0x453993ed load:0x4534d1c6
           3202	      1597	00101178	c144a287	flw	f5,-1004(x9)	  f9:0x00102000  f5=0x00000000 PA:0x00101c14 store:0x429a0000
           3204	      1598	0010117c	c1042307	flw	f6,-1008(x8)	  f8:0x00102000  f6=0x00000000 PA:0x00101c10 store:0x452b7cee
           3206	      1599	00101180	c1042607	flw	f12,-1008(x8)	  f8:0x00102000 f12=0x00000000 PA:0x00101c10 store:0x452b7cee
           3208	      1600	00101184	c0c92687	flw	f13,-1012(x18)	 f18:0x00102000 f13=0x00000000 PA:0x00101c0c store:0x3f7d1f60
           3210	      1601	00101188	0062f3d3	fadd.s	f7,f5,f6	  f5:0x00000042  f6:0x00000001  f7=0x00000000
           3212	      1602	0010118c	68c0f443	fmadd.s	f8,f1,f12,f13	  f1:0x00000049 f12:0x0000004b f13:0x00000049  f8=0x00000000
           3214	      1603	00101190	c074aa27	fsw	f7,-1004(x9)	  f9:0x00102000  f7:0x00000064 PA:0x00101c14 store:0x44290f6d load:0x453993ed
           3216	      1604	00101194	c144a487	flw	f9,-1004(x9)	  f9:0x00102000  f9=0x00000000 PA:0x00101c14 store:0x429a0000
           3218	      1605	00101198	c1042507	flw	f10,-1008(x8)	  f8:0x00102000 f10=0x00000000 PA:0x00101c10 store:0x452b7cee
           3220	      1606	0010119c	c0892627	fsw	f8,-1012(x18)	 f18:0x00102000  f8:0x00102000 PA:0x00101c0c store:0x453e65e6 load:0x3f7d1f60
           3222	      1607	001011a0	00a4f853	fadd.s	f16,f9,f10	  f9:0x00102000 f10:0x00000004 f16=0x00000000
           3224	      1608	001011a4	c104aa27	fsw	f16,-1004(x9)	  f9:0x00102000 f16:0x0000004c PA:0x00101c14 store:0x44294eb5 load:0x3f7d1f60
           3230	      1611	001011a8	ee7a14e3	bne	x20,x7,101090	 x20:0x0000004f  x7:0x00000064
           3232	      1612	00101090	c1042a07	flw	f20,-1008(x8)	  f8:0x00102000 f20=0x00000000 PA:0x00101c10 store:0x44294eb5
           3234	      1613	00101094	d00a7ad3	fcvt.s.w	f21,x20	 x20:0x0000004f f21=0x00000000
           3236	      1614	00101098	c0c92e07	flw	f28,-1012(x18)	 f18:0x00102000 f28=0x00000000 PA:0x00101c0c store:0x3f7d1f60
           3238	      1615	0010109c	001a0093	addi	x1,x20,1	 x20:0x0000004f  x1=0x00000050
           3240	      1616	001010a0	c144ae87	flw	f29,-1004(x9)	  f9:0x00102000 f29=0x00000000 PA:0x00101c14 store:0x3f7d1f60
           3242	      1617	001010a4	e14aff43	fmadd.s	f30,f21,f20,f28	 f21:0x00000000 f20:0x0000004f f28:0x00000000 f30=0x00000000
           3244	      1618	001010a8	c1042f87	flw	f31,-1008(x8)	  f8:0x00102000 f31=0x00000000 PA:0x00101c10 store:0x44294eb5
           3246	      1619	001010ac	d000f053	fcvt.s.w	f0,x1	  x1:0x00000050  f0=0x00000000
           3248	      1620	001010b0	c1042087	flw	f1,-1008(x8)	  f8:0x00102000  f1=0x00000000 PA:0x00101c10 store:0x44294eb5
           3250	      1621	001010b4	01fef153	fadd.s	f2,f29,f31	 f29:0x00000030 f31:0xb4000000  f2=0x00000000
           3252	      1622	001010b8	c1e92627	fsw	f30,-1012(x18)	 f18:0x00102000 f30:0x00020000 PA:0x00101c0c store:0x454347b1 load:0x3f7d1f60
           3254	      1623	001010bc	c0c92707	flw	f14,-1012(x18)	 f18:0x00102000 f14=0x00000000 PA:0x00101c0c store:0x3f7d1f60
           3256	      1624	001010c0	002a0593	addi	x11,x20,2	 x20:0x0000004f x11=0x00000051
           3258	      1625	001010c4	d005f7d3	fcvt.s.w	f15,x11	 x11:0x00000051 f15=0x00000000
           3260	      1626	001010c8	701071c3	fmadd.s	f3,f0,f1,f14	  f0:0x00000000  f1:0x00000050 f14:0x00000000  f3=0x00000000
           3262	      1627	001010cc	c024aa27	fsw	f2,-1004(x9)	  f9:0x00102000  f2:0x00137fa0 PA:0x00101c14 store:0x44298dfd load:0x454347b1
           3264	      1628	001010d0	c144a207	flw	f4,-1004(x9)	  f9:0x00102000  f4=0x00000000 PA:0x00101c14 store:0x3f7d1f60
           3266	      1629	001010d4	c1042587	flw	f11,-1008(x8)	  f8:0x00102000 f11=0x00000000 PA:0x00101c10 store:0x44294eb5
           3268	      1630	001010d8	c1042607	flw	f12,-1008(x8)	  f8:0x00102000 f12=0x00000000 PA:0x00101c10 store:0x44294eb5
           3270	      1631	001010dc	c0392627	fsw	f3,-1012(x18)	 f18:0x00102000  f3:0x00000000 PA:0x00101c0c store:0x4548394e load:0x3f7d1f60
           3272	      1632	001010e0	c0c92287	flw	f5,-1012(x18)	 f18:0x00102000  f5=0x00000000 PA:0x00101c0c store:0x3f7d1f60
           3274	      1633	001010e4	00b276d3	fadd.s	f13,f4,f11	  f4:0x00000000 f11:0x00000051 f13=0x00000000
           3276	      1634	001010e8	003a0613	addi	x12,x20,3	 x20:0x0000004f x12=0x00000052
           3278	      1635	001010ec	28c7f343	fmadd.s	f6,f15,f12,f5	 f15:0x0000000b f12:0x00000052  f5:0x0000000b  f6=0x00000000
           3280	      1636	001010f0	d00673d3	fcvt.s.w	f7,x12	 x12:0x00000052  f7=0x00000000
           3282	      1637	001010f4	004a0813	addi	x16,x20,4	 x20:0x0000004f x16=0x00000053
           3284	      1638	001010f8	c0d4aa27	fsw	f13,-1004(x9)	  f9:0x00102000 f13:0x0000000d PA:0x00101c14 store:0x4429cd45 load:0x4548394e
           3286	      1639	001010fc	c144a407	flw	f8,-1004(x9)	  f9:0x00102000  f8=0x00000000 PA:0x00101c14 store:0x3f7d1f60
           3288	      1640	00101100	c0692627	fsw	f6,-1012(x18)	 f18:0x00102000  f6:0x00000001 PA:0x00101c0c store:0x454d3abd load:0x4429cd45
           3290	      1641	00101104	c1042487	flw	f9,-1008(x8)	  f8:0x00102000  f9=0x00000000 PA:0x00101c10 store:0x44294eb5
           3292	      1642	00101108	c1042507	flw	f10,-1008(x8)	  f8:0x00102000 f10=0x00000000 PA:0x00101c10 store:0x44294eb5
           3294	      1643	0010110c	c0c92807	flw	f16,-1012(x18)	 f18:0x00102000 f16=0x00000000 PA:0x00101c0c store:0x3f7d1f60
           3296	      1644	00101110	009478d3	fadd.s	f17,f8,f9	  f8:0x00102000  f9:0x00102000 f17=0x00000000
           3298	      1645	00101114	d0087953	fcvt.s.w	f18,x16	 x16:0x00000053 f18=0x00000000
           3300	      1646	00101118	80a3f9c3	fmadd.s	f19,f7,f10,f16	  f7:0x00000064 f10:0x00000004 f16:0x00000064 f19=0x00000000
           3302	      1647	0010111c	005a0893	addi	x17,x20,5	 x20:0x0000004f x17=0x00000054
           3304	      1648	00101120	d008fa53	fcvt.s.w	f20,x17	 x17:0x00000054 f20=0x00000000
           3306	      1649	00101124	c114aa27	fsw	f17,-1004(x9)	  f9:0x00102000 f17:0x00000054 PA:0x00101c14 store:0x442a0c8d load:0x454d3abd
           3308	      1650	00101128	c144aa87	flw	f21,-1004(x9)	  f9:0x00102000 f21=0x00000000 PA:0x00101c14 store:0x42a80000
           3310	      1651	0010112c	c1392627	fsw	f19,-1012(x18)	 f18:0x00102000 f19:0x0000004e PA:0x00101c0c store:0x45524bfe load:0x442a0c8d
           3312	      1652	00101130	c1042e07	flw	f28,-1008(x8)	  f8:0x00102000 f28=0x00000000 PA:0x00101c10 store:0x454d3abd
           3314	      1653	00101134	c1042e87	flw	f29,-1008(x8)	  f8:0x00102000 f29=0x00000000 PA:0x00101c10 store:0x454d3abd
           3316	      1654	00101138	c0c92f07	flw	f30,-1012(x18)	 f18:0x00102000 f30=0x00000000 PA:0x00101c0c store:0x3f7d1f60
           3318	      1655	0010113c	01caffd3	fadd.s	f31,f21,f28	 f21:0x00000000 f28:0x00020000 f31=0x00000000
           3320	      1656	00101140	006a0993	addi	x19,x20,6	 x20:0x0000004f x19=0x00000055
           3322	      1657	00101144	f1d97043	fmadd.s	f0,f18,f29,f30	 f18:0x00102000 f29:0x00000030 f30:0x00102000  f0=0x00000000
           3324	      1658	00101148	d009f0d3	fcvt.s.w	f1,x19	 x19:0x00000055  f1=0x00000000
           3326	      1659	0010114c	007a0a13	addi	x20,x20,7	 x20:0x0000004f x20=0x00000056
           3328	      1660	00101150	c1f4aa27	fsw	f31,-1004(x9)	  f9:0x00102000 f31:0xb4000000 PA:0x00101c14 store:0x442a4bd5 load:0x45524bfe
           3330	      1661	00101154	c144a107	flw	f2,-1004(x9)	  f9:0x00102000  f2=0x00000000 PA:0x00101c14 store:0x42a80000
           3332	      1662	00101158	c0092627	fsw	f0,-1012(x18)	 f18:0x00102000  f0:0x00000000 PA:0x00101c0c store:0x45576d11 load:0x442a4bd5
           3334	      1663	0010115c	c1042707	flw	f14,-1008(x8)	  f8:0x00102000 f14=0x00000000 PA:0x00101c10 store:0x454d3abd
           3336	      1664	00101160	c1042787	flw	f15,-1008(x8)	  f8:0x00102000 f15=0x00000000 PA:0x00101c10 store:0x454d3abd
           3338	      1665	00101164	c0c92187	flw	f3,-1012(x18)	 f18:0x00102000  f3=0x00000000 PA:0x00101c0c store:0x3f7d1f60
           3340	      1666	00101168	00e17253	fadd.s	f4,f2,f14	  f2:0x00137fa0 f14:0x00000009  f4=0x00000000
           3342	      1667	0010116c	18fa75c3	fmadd.s	f11,f20,f15,f3	 f20:0x00000056 f15:0x0000000b  f3:0x00000056 f11=0x00000000
           3344	      1668	00101170	c044aa27	fsw	f4,-1004(x9)	  f9:0x00102000  f4:0x00000000 PA:0x00101c14 store:0x442a8b1d load:0x45576d11
           3346	      1669	00101174	c0b92627	fsw	f11,-1012(x18)	 f18:0x00102000 f11:0x00000051 PA:0x00101c0c store:0x455c9df6 load:0x45576d11
           3348	      1670	00101178	c144a287	flw	f5,-1004(x9)	  f9:0x00102000  f5=0x00000000 PA:0x00101c14 store:0x42a80000
           3350	      1671	0010117c	c1042307	flw	f6,-1008(x8)	  f8:0x00102000  f6=0x00000000 PA:0x00101c10 store:0x454d3abd
           3352	      1672	00101180	c1042607	flw	f12,-1008(x8)	  f8:0x00102000 f12=0x00000000 PA:0x00101c10 store:0x454d3abd
           3354	      1673	00101184	c0c92687	flw	f13,-1012(x18)	 f18:0x00102000 f13=0x00000000 PA:0x00101c0c store:0x3f7d1f60
           3356	      1674	00101188	0062f3d3	fadd.s	f7,f5,f6	  f5:0x00000042  f6:0x00000001  f7=0x00000000
           3358	      1675	0010118c	68c0f443	fmadd.s	f8,f1,f12,f13	  f1:0x00000050 f12:0x00000052 f13:0x00000050  f8=0x00000000
           3360	      1676	00101190	c074aa27	fsw	f7,-1004(x9)	  f9:0x00102000  f7:0x00000064 PA:0x00101c14 store:0x442aca65 load:0x455c9df6
           3362	      1677	00101194	c144a487	flw	f9,-1004(x9)	  f9:0x00102000  f9=0x00000000 PA:0x00101c14 store:0x42a80000
           3364	      1678	00101198	c1042507	flw	f10,-1008(x8)	  f8:0x00102000 f10=0x00000000 PA:0x00101c10 store:0x454d3abd
           3366	      1679	0010119c	c0892627	fsw	f8,-1012(x18)	 f18:0x00102000  f8:0x00102000 PA:0x00101c0c store:0x4561dead load:0x3f7d1f60
           3368	      1680	001011a0	00a4f853	fadd.s	f16,f9,f10	  f9:0x00102000 f10:0x00000004 f16=0x00000000
           3370	      1681	001011a4	c104aa27	fsw	f16,-1004(x9)	  f9:0x00102000 f16:0x00000053 PA:0x00101c14 store:0x442b09ad load:0x3f7d1f60
           3376	      1684	001011a8	ee7a14e3	bne	x20,x7,101090	 x20:0x00000056  x7:0x00000064
           3378	      1685	00101090	c1042a07	flw	f20,-1008(x8)	  f8:0x00102000 f20=0x00000000 PA:0x00101c10 store:0x442b09ad
           3380	      1686	00101094	d00a7ad3	fcvt.s.w	f21,x20	 x20:0x00000056 f21=0x00000000
           3382	      1687	00101098	c0c92e07	flw	f28,-1012(x18)	 f18:0x00102000 f28=0x00000000 PA:0x00101c0c store:0x3f7d1f60
           3384	      1688	0010109c	001a0093	addi	x1,x20,1	 x20:0x00000056  x1=0x00000057
           3386	      1689	001010a0	c144ae87	flw	f29,-1004(x9)	  f9:0x00102000 f29=0x00000000 PA:0x00101c14 store:0x3f7d1f60
           3388	      1690	001010a4	e14aff43	fmadd.s	f30,f21,f20,f28	 f21:0x00000000 f20:0x00000056 f28:0x00000000 f30=0x00000000
           3390	      1691	001010a8	c1042f87	flw	f31,-1008(x8)	  f8:0x00102000 f31=0x00000000 PA:0x00101c10 store:0x442b09ad
           3392	      1692	001010ac	d000f053	fcvt.s.w	f0,x1	  x1:0x00000057  f0=0x00000000
           3394	      1693	001010b0	c1042087	flw	f1,-1008(x8)	  f8:0x00102000  f1=0x00000000 PA:0x00101c10 store:0x442b09ad
           3396	      1694	001010b4	01fef153	fadd.s	f2,f29,f31	 f29:0x00000030 f31:0xb4000000  f2=0x00000000
           3398	      1695	001010b8	c1e92627	fsw	f30,-1012(x18)	 f18:0x00102000 f30:0x00020000 PA:0x00101c0c store:0x45672f36 load:0x3f7d1f60
           3400	      1696	001010bc	c0c92707	flw	f14,-1012(x18)	 f18:0x00102000 f14=0x00000000 PA:0x00101c0c store:0x3f7d1f60
           3402	      1697	001010c0	002a0593	addi	x11,x20,2	 x20:0x00000056 x11=0x00000058
           3404	      1698	001010c4	d005f7d3	fcvt.s.w	f15,x11	 x11:0x00000058 f15=0x00000000
           3406	      1699	001010c8	701071c3	fmadd.s	f3,f0,f1,f14	  f0:0x00000000  f1:0x00000057 f14:0x00000000  f3=0x00000000
           3408	      1700	001010cc	c024aa27	fsw	f2,-1004(x9)	  f9:0x00102000  f2:0x00137fa0 PA:0x00101c14 store:0x442b48f5 load:0x45672f36
           3410	      1701	001010d0	c144a207	flw	f4,-1004(x9)	  f9:0x00102000  f4=0x00000000 PA:0x00101c14 store:0x3f7d1f60
           3412	      1702	001010d4	c1042587	flw	f11,-1008(x8)	  f8:0x00102000 f11=0x00000000 PA:0x00101c10 store:0x442b09ad
           3414	      1703	001010d8	c1042607	flw	f12,-1008(x8)	  f8:0x00102000 f12=0x00000000 PA:0x00101c10 store:0x442b09ad
           3416	      1704	001010dc	c0392627	fsw	f3,-1012(x18)	 f18:0x00102000  f3:0x00000000 PA:0x00101c0c store:0x456c8f91 load:0x3f7d1f60
           3418	      1705	001010e0	c0c92287	flw	f5,-1012(x18)	 f18:0x00102000  f5=0x00000000 PA:0x00101c0c store:0x3f7d1f60
           3420	      1706	001010e4	00b276d3	fadd.s	f13,f4,f11	  f4:0x00000000 f11:0x00000058 f13=0x00000000
           3422	      1707	001010e8	003a0613	addi	x12,x20,3	 x20:0x00000056 x12=0x00000059
           3424	      1708	001010ec	28c7f343	fmadd.s	f6,f15,f12,f5	 f15:0x0000000b f12:0x00000059  f5:0x0000000b  f6=0x00000000
           3426	      1709	001010f0	d00673d3	fcvt.s.w	f7,x12	 x12:0x00000059  f7=0x00000000
           3428	      1710	001010f4	004a0813	addi	x16,x20,4	 x20:0x00000056 x16=0x0000005a
           3430	      1711	001010f8	c0d4aa27	fsw	f13,-1004(x9)	  f9:0x00102000 f13:0x0000000d PA:0x00101c14 store:0x442b883d load:0x456c8f91
           3432	      1712	001010fc	c144a407	flw	f8,-1004(x9)	  f9:0x00102000  f8=0x00000000 PA:0x00101c14 store:0x3f7d1f60
           3434	      1713	00101100	c0692627	fsw	f6,-1012(x18)	 f18:0x00102000  f6:0x00000001 PA:0x00101c0c store:0x4571ffbe load:0x442b883d
           3436	      1714	00101104	c1042487	flw	f9,-1008(x8)	  f8:0x00102000  f9=0x00000000 PA:0x00101c10 store:0x442b09ad
           3438	      1715	00101108	c1042507	flw	f10,-1008(x8)	  f8:0x00102000 f10=0x00000000 PA:0x00101c10 store:0x442b09ad
           3440	      1716	0010110c	c0c92807	flw	f16,-1012(x18)	 f18:0x00102000 f16=0x00000000 PA:0x00101c0c store:0x3f7d1f60
           3442	      1717	00101110	009478d3	fadd.s	f17,f8,f9	  f8:0x00102000  f9:0x00102000 f17=0x00000000
           3444	      1718	00101114	d0087953	fcvt.s.w	f18,x16	 x16:0x0000005a f18=0x00000000
           3446	      1719	00101118	80a3f9c3	fmadd.s	f19,f7,f10,f16	  f7:0x00000064 f10:0x00000004 f16:0x00000064 f19=0x00000000
           3448	      1720	0010111c	005a0893	addi	x17,x20,5	 x20:0x00000056 x17=0x0000005b
           3450	      1721	00101120	d008fa53	fcvt.s.w	f20,x17	 x17:0x0000005b f20=0x00000000
           3452	      1722	00101124	c114aa27	fsw	f17,-1004(x9)	  f9:0x00102000 f17:0x0000005b PA:0x00101c14 store:0x442bc785 load:0x4571ffbe
           3454	      1723	00101128	c144aa87	flw	f21,-1004(x9)	  f9:0x00102000 f21=0x00000000 PA:0x00101c14 store:0x42b60000
           3456	      1724	0010112c	c1392627	fsw	f19,-1012(x18)	 f18:0x00102000 f19:0x00000055 PA:0x00101c0c store:0x45777fbd load:0x442bc785
           3458	      1725	00101130	c1042e07	flw	f28,-1008(x8)	  f8:0x00102000 f28=0x00000000 PA:0x00101c10 store:0x4571ffbe
           3460	      1726	00101134	c1042e87	flw	f29,-1008(x8)	  f8:0x00102000 f29=0x00000000 PA:0x00101c10 store:0x4571ffbe
           3462	      1727	00101138	c0c92f07	flw	f30,-1012(x18)	 f18:0x00102000 f30=0x00000000 PA:0x00101c0c store:0x3f7d1f60
           3464	      1728	0010113c	01caffd3	fadd.s	f31,f21,f28	 f21:0x00000000 f28:0x00020000 f31=0x00000000
           3466	      1729	00101140	006a0993	addi	x19,x20,6	 x20:0x00000056 x19=0x0000005c
           3468	      1730	00101144	f1d97043	fmadd.s	f0,f18,f29,f30	 f18:0x00102000 f29:0x00000030 f30:0x00102000  f0=0x00000000
           3470	      1731	00101148	d009f0d3	fcvt.s.w	f1,x19	 x19:0x0000005c  f1=0x00000000
           3472	      1732	0010114c	007a0a13	addi	x20,x20,7	 x20:0x00000056 x20=0x0000005d
           3474	      1733	00101150	c1f4aa27	fsw	f31,-1004(x9)	  f9:0x00102000 f31:0xb4000000 PA:0x00101c14 store:0x442c06cd load:0x45777fbd
           3476	      1734	00101154	c144a107	flw	f2,-1004(x9)	  f9:0x00102000  f2=0x00000000 PA:0x00101c14 store:0x42b60000
           3478	      1735	00101158	c0092627	fsw	f0,-1012(x18)	 f18:0x00102000  f0:0x00000000 PA:0x00101c0c store:0x457d0f8d load:0x442c06cd
           3480	      1736	0010115c	c1042707	flw	f14,-1008(x8)	  f8:0x00102000 f14=0x00000000 PA:0x00101c10 store:0x4571ffbe
           3482	      1737	00101160	c1042787	flw	f15,-1008(x8)	  f8:0x00102000 f15=0x00000000 PA:0x00101c10 store:0x4571ffbe
           3484	      1738	00101164	c0c92187	flw	f3,-1012(x18)	 f18:0x00102000  f3=0x00000000 PA:0x00101c0c store:0x3f7d1f60
           3486	      1739	00101168	00e17253	fadd.s	f4,f2,f14	  f2:0x00137fa0 f14:0x00000009  f4=0x00000000
           3488	      1740	0010116c	18fa75c3	fmadd.s	f11,f20,f15,f3	 f20:0x0000005d f15:0x0000000b  f3:0x0000005d f11=0x00000000
           3490	      1741	00101170	c044aa27	fsw	f4,-1004(x9)	  f9:0x00102000  f4:0x00000000 PA:0x00101c14 store:0x442c4615 load:0x457d0f8d
           3492	      1742	00101174	c0b92627	fsw	f11,-1012(x18)	 f18:0x00102000 f11:0x00000058 PA:0x00101c0c store:0x45815798 load:0x457d0f8d
           3494	      1743	00101178	c144a287	flw	f5,-1004(x9)	  f9:0x00102000  f5=0x00000000 PA:0x00101c14 store:0x42b60000
           3496	      1744	0010117c	c1042307	flw	f6,-1008(x8)	  f8:0x00102000  f6=0x00000000 PA:0x00101c10 store:0x4571ffbe
           3498	      1745	00101180	c1042607	flw	f12,-1008(x8)	  f8:0x00102000 f12=0x00000000 PA:0x00101c10 store:0x4571ffbe
           3500	      1746	00101184	c0c92687	flw	f13,-1012(x18)	 f18:0x00102000 f13=0x00000000 PA:0x00101c0c store:0x3f7d1f60
           3502	      1747	00101188	0062f3d3	fadd.s	f7,f5,f6	  f5:0x00000042  f6:0x00000001  f7=0x00000000
           3504	      1748	0010118c	68c0f443	fmadd.s	f8,f1,f12,f13	  f1:0x00000057 f12:0x00000059 f13:0x00000057  f8=0x00000000
           3506	      1749	00101190	c074aa27	fsw	f7,-1004(x9)	  f9:0x00102000  f7:0x00000064 PA:0x00101c14 store:0x442c855d load:0x45815798
           3508	      1750	00101194	c144a487	flw	f9,-1004(x9)	  f9:0x00102000  f9=0x00000000 PA:0x00101c14 store:0x42b60000
           3510	      1751	00101198	c1042507	flw	f10,-1008(x8)	  f8:0x00102000 f10=0x00000000 PA:0x00101c10 store:0x4571ffbe
           3512	      1752	0010119c	c0892627	fsw	f8,-1012(x18)	 f18:0x00102000  f8:0x00102000 PA:0x00101c0c store:0x45842f52 load:0x3f7d1f60
           3514	      1753	001011a0	00a4f853	fadd.s	f16,f9,f10	  f9:0x00102000 f10:0x00000004 f16=0x00000000
           3516	      1754	001011a4	c104aa27	fsw	f16,-1004(x9)	  f9:0x00102000 f16:0x0000005a PA:0x00101c14 store:0x442cc4a5 load:0x3f7d1f60
           3522	      1757	001011a8	ee7a14e3	bne	x20,x7,101090	 x20:0x0000005d  x7:0x00000064
           3524	      1758	00101090	c1042a07	flw	f20,-1008(x8)	  f8:0x00102000 f20=0x00000000 PA:0x00101c10 store:0x442cc4a5
           3526	      1759	00101094	d00a7ad3	fcvt.s.w	f21,x20	 x20:0x0000005d f21=0x00000000
           3528	      1760	00101098	c0c92e07	flw	f28,-1012(x18)	 f18:0x00102000 f28=0x00000000 PA:0x00101c0c store:0x3f7d1f60
           3530	      1761	0010109c	001a0093	addi	x1,x20,1	 x20:0x0000005d  x1=0x0000005e
           3532	      1762	001010a0	c144ae87	flw	f29,-1004(x9)	  f9:0x00102000 f29=0x00000000 PA:0x00101c14 store:0x3f7d1f60
           3534	      1763	001010a4	e14aff43	fmadd.s	f30,f21,f20,f28	 f21:0x00000000 f20:0x0000005d f28:0x00000000 f30=0x00000000
           3536	      1764	001010a8	c1042f87	flw	f31,-1008(x8)	  f8:0x00102000 f31=0x00000000 PA:0x00101c10 store:0x442cc4a5
           3538	      1765	001010ac	d000f053	fcvt.s.w	f0,x1	  x1:0x0000005e  f0=0x00000000
           3540	      1766	001010b0	c1042087	flw	f1,-1008(x8)	  f8:0x00102000  f1=0x00000000 PA:0x00101c10 store:0x442cc4a5
           3542	      1767	001010b4	01fef153	fadd.s	f2,f29,f31	 f29:0x00000030 f31:0xb4000000  f2=0x00000000
           3544	      1768	001010b8	c1e92627	fsw	f30,-1012(x18)	 f18:0x00102000 f30:0x00020000 PA:0x00101c0c store:0x45870ef5 load:0x3f7d1f60
           3546	      1769	001010bc	c0c92707	flw	f14,-1012(x18)	 f18:0x00102000 f14=0x00000000 PA:0x00101c0c store:0x3f7d1f60
           3548	      1770	001010c0	002a0593	addi	x11,x20,2	 x20:0x0000005d x11=0x0000005f
           3550	      1771	001010c4	d005f7d3	fcvt.s.w	f15,x11	 x11:0x0000005f f15=0x00000000
           3552	      1772	001010c8	701071c3	fmadd.s	f3,f0,f1,f14	  f0:0x00000000  f1:0x0000005e f14:0x00000000  f3=0x00000000
           3554	      1773	001010cc	c024aa27	fsw	f2,-1004(x9)	  f9:0x00102000  f2:0x00137fa0 PA:0x00101c14 store:0x442d03ed load:0x45870ef5
           3556	      1774	001010d0	c144a207	flw	f4,-1004(x9)	  f9:0x00102000  f4=0x00000000 PA:0x00101c14 store:0x3f7d1f60
           3558	      1775	001010d4	c1042587	flw	f11,-1008(x8)	  f8:0x00102000 f11=0x00000000 PA:0x00101c10 store:0x442cc4a5
           3560	      1776	001010d8	c1042607	flw	f12,-1008(x8)	  f8:0x00102000 f12=0x00000000 PA:0x00101c10 store:0x442cc4a5
           3562	      1777	001010dc	c0392627	fsw	f3,-1012(x18)	 f18:0x00102000  f3:0x00000000 PA:0x00101c0c store:0x4589f681 load:0x3f7d1f60
           3564	      1778	001010e0	c0c92287	flw	f5,-1012(x18)	 f18:0x00102000  f5=0x00000000 PA:0x00101c0c store:0x3f7d1f60
           3566	      1779	001010e4	00b276d3	fadd.s	f13,f4,f11	  f4:0x00000000 f11:0x0000005f f13=0x00000000
           3568	      1780	001010e8	003a0613	addi	x12,x20,3	 x20:0x0000005d x12=0x00000060
           3570	      1781	001010ec	28c7f343	fmadd.s	f6,f15,f12,f5	 f15:0x0000000b f12:0x00000060  f5:0x0000000b  f6=0x00000000
           3572	      1782	001010f0	d00673d3	fcvt.s.w	f7,x12	 x12:0x00000060  f7=0x00000000
           3574	      1783	001010f4	004a0813	addi	x16,x20,4	 x20:0x0000005d x16=0x00000061
           3576	      1784	001010f8	c0d4aa27	fsw	f13,-1004(x9)	  f9:0x00102000 f13:0x0000000d PA:0x00101c14 store:0x442d4335 load:0x4589f681
           3578	      1785	001010fc	c144a407	flw	f8,-1004(x9)	  f9:0x00102000  f8=0x00000000 PA:0x00101c14 store:0x3f7d1f60
           3580	      1786	00101100	c0692627	fsw	f6,-1012(x18)	 f18:0x00102000  f6:0x00000001 PA:0x00101c0c store:0x458ce5f6 load:0x442d4335
           3582	      1787	00101104	c1042487	flw	f9,-1008(x8)	  f8:0x00102000  f9=0x00000000 PA:0x00101c10 store:0x442cc4a5
           3584	      1788	00101108	c1042507	flw	f10,-1008(x8)	  f8:0x00102000 f10=0x00000000 PA:0x00101c10 store:0x442cc4a5
           3586	      1789	0010110c	c0c92807	flw	f16,-1012(x18)	 f18:0x00102000 f16=0x00000000 PA:0x00101c0c store:0x3f7d1f60
           3588	      1790	00101110	009478d3	fadd.s	f17,f8,f9	  f8:0x00102000  f9:0x00102000 f17=0x00000000
           3590	      1791	00101114	d0087953	fcvt.s.w	f18,x16	 x16:0x00000061 f18=0x00000000
           3592	      1792	00101118	80a3f9c3	fmadd.s	f19,f7,f10,f16	  f7:0x00000064 f10:0x00000004 f16:0x00000064 f19=0x00000000
           3594	      1793	0010111c	005a0893	addi	x17,x20,5	 x20:0x0000005d x17=0x00000062
           3596	      1794	00101120	d008fa53	fcvt.s.w	f20,x17	 x17:0x00000062 f20=0x00000000
           3598	      1795	00101124	c114aa27	fsw	f17,-1004(x9)	  f9:0x00102000 f17:0x00000062 PA:0x00101c14 store:0x442d827d load:0x458ce5f6
           3600	      1796	00101128	c144aa87	flw	f21,-1004(x9)	  f9:0x00102000 f21=0x00000000 PA:0x00101c14 store:0x42c40000
           3602	      1797	0010112c	c1392627	fsw	f19,-1012(x18)	 f18:0x00102000 f19:0x0000005c PA:0x00101c0c store:0x458fdd54 load:0x442d827d
           3604	      1798	00101130	c1042e07	flw	f28,-1008(x8)	  f8:0x00102000 f28=0x00000000 PA:0x00101c10 store:0x458ce5f6
           3606	      1799	00101134	c1042e87	flw	f29,-1008(x8)	  f8:0x00102000 f29=0x00000000 PA:0x00101c10 store:0x458ce5f6
           3608	      1800	00101138	c0c92f07	flw	f30,-1012(x18)	 f18:0x00102000 f30=0x00000000 PA:0x00101c0c store:0x3f7d1f60
           3610	      1801	0010113c	01caffd3	fadd.s	f31,f21,f28	 f21:0x00000000 f28:0x00020000 f31=0x00000000
           3612	      1802	00101140	006a0993	addi	x19,x20,6	 x20:0x0000005d x19=0x00000063
           3614	      1803	00101144	f1d97043	fmadd.s	f0,f18,f29,f30	 f18:0x00102000 f29:0x00000030 f30:0x00102000  f0=0x00000000
           3616	      1804	00101148	d009f0d3	fcvt.s.w	f1,x19	 x19:0x00000063  f1=0x00000000
           3618	      1805	0010114c	007a0a13	addi	x20,x20,7	 x20:0x0000005d x20=0x00000064
           3620	      1806	00101150	c1f4aa27	fsw	f31,-1004(x9)	  f9:0x00102000 f31:0xb4000000 PA:0x00101c14 store:0x442dc1c5 load:0x458fdd54
           3622	      1807	00101154	c144a107	flw	f2,-1004(x9)	  f9:0x00102000  f2=0x00000000 PA:0x00101c14 store:0x42c40000
           3624	      1808	00101158	c0092627	fsw	f0,-1012(x18)	 f18:0x00102000  f0:0x00000000 PA:0x00101c0c store:0x4592dc9b load:0x442dc1c5
           3626	      1809	0010115c	c1042707	flw	f14,-1008(x8)	  f8:0x00102000 f14=0x00000000 PA:0x00101c10 store:0x458ce5f6
           3628	      1810	00101160	c1042787	flw	f15,-1008(x8)	  f8:0x00102000 f15=0x00000000 PA:0x00101c10 store:0x458ce5f6
           3630	      1811	00101164	c0c92187	flw	f3,-1012(x18)	 f18:0x00102000  f3=0x00000000 PA:0x00101c0c store:0x3f7d1f60
           3632	      1812	00101168	00e17253	fadd.s	f4,f2,f14	  f2:0x00137fa0 f14:0x00000009  f4=0x00000000
           3634	      1813	0010116c	18fa75c3	fmadd.s	f11,f20,f15,f3	 f20:0x00000064 f15:0x0000000b  f3:0x00000064 f11=0x00000000
           3636	      1814	00101170	c044aa27	fsw	f4,-1004(x9)	  f9:0x00102000  f4:0x00000000 PA:0x00101c14 store:0x442e010d load:0x4592dc9b
           3638	      1815	00101174	c0b92627	fsw	f11,-1012(x18)	 f18:0x00102000 f11:0x0000005f PA:0x00101c0c store:0x4595e3cb load:0x4592dc9b
           3640	      1816	00101178	c144a287	flw	f5,-1004(x9)	  f9:0x00102000  f5=0x00000000 PA:0x00101c14 store:0x42c40000
           3642	      1817	0010117c	c1042307	flw	f6,-1008(x8)	  f8:0x00102000  f6=0x00000000 PA:0x00101c10 store:0x458ce5f6
           3644	      1818	00101180	c1042607	flw	f12,-1008(x8)	  f8:0x00102000 f12=0x00000000 PA:0x00101c10 store:0x458ce5f6
           3646	      1819	00101184	c0c92687	flw	f13,-1012(x18)	 f18:0x00102000 f13=0x00000000 PA:0x00101c0c store:0x3f7d1f60
           3648	      1820	00101188	0062f3d3	fadd.s	f7,f5,f6	  f5:0x00000042  f6:0x00000001  f7=0x00000000
           3650	      1821	0010118c	68c0f443	fmadd.s	f8,f1,f12,f13	  f1:0x0000005e f12:0x00000060 f13:0x0000005e  f8=0x00000000
           3652	      1822	00101190	c074aa27	fsw	f7,-1004(x9)	  f9:0x00102000  f7:0x00000064 PA:0x00101c14 store:0x442e4055 load:0x4595e3cb
           3654	      1823	00101194	c144a487	flw	f9,-1004(x9)	  f9:0x00102000  f9=0x00000000 PA:0x00101c14 store:0x42c40000
           3656	      1824	00101198	c1042507	flw	f10,-1008(x8)	  f8:0x00102000 f10=0x00000000 PA:0x00101c10 store:0x458ce5f6
           3658	      1825	0010119c	c0892627	fsw	f8,-1012(x18)	 f18:0x00102000  f8:0x00102000 PA:0x00101c0c store:0x4598f2e4 load:0x3f7d1f60
           3660	      1826	001011a0	00a4f853	fadd.s	f16,f9,f10	  f9:0x00102000 f10:0x00000004 f16=0x00000000
           3662	      1827	001011a4	c104aa27	fsw	f16,-1004(x9)	  f9:0x00102000 f16:0x00000061 PA:0x00101c14 store:0x442e7f9d load:0x3f7d1f60
           3664	      1828	001011a8	ee7a14e3	bne	x20,x7,101090	 x20:0x00000064  x7:0x00000064
           3666	      1829	001011ac	c144a887	flw	f17,-1004(x9)	  f9:0x00102000 f17=0x00000000 PA:0x00101c14 store:0x42c40000
           3672	      1832	001011b0	00102ab7	lui	x21,0x102	 x21=0x00102000
           3674	      1833	001011b4	00102a37	lui	x20,0x102	 x20=0x00102000
           3676	      1834	001011b8	8eca8513	addi	x10,x21,-1812	 x21:0x00102000 x10=0x001018ec
           3678	      1835	001011bc	e0088c53	fmv.x.w	x24,f17	 f17:0x00000062 x24=0x442e7f9d
           3680	      1836	001011c0	bf8a2823	sw	x24,-1040(x20)	 x20:0x00102000 x24:0x442e7f9d PA:0x00101bf0 store:0x442e7f9d load:0x442e7f9d
           3682	      1837	001011c4	eddfe0ef	jal	x1,1000a0	  x1=0x001011c8
           3684	      1838	001000a0	00054803	lbu	x16,0(x10)	 x10:0x001018ec x16=0x0000000a PA:0x001018ec store:0x00000000
           3686	      1839	001000a4	06080663	beq	x16,x0,100110	 x16:0x0000000a  x0:0x00000000
           3688	      1840	001000a8	000207b7	lui	x15,0x20	 x15=0x00020000
           3690	      1841	001000ac	0107a023	sw	x16,0(x15)	 x15:0x00020000 x16:0x0000000a PA:0x00020000 store:0x0000000a load:0x00000000
           3694	      1843	001000b0	00154703	lbu	x14,1(x10)	 x10:0x001018ec x14=0x0000000a PA:0x001018ed store:0x001011c8
           3696	      1844	001000b4	04070e63	beq	x14,x0,100110	 x14:0x0000000a  x0:0x00000000
           3700	      1846	001000b8	00e7a023	sw	x14,0(x15)	 x15:0x00020000 x14:0x0000000a PA:0x00020000 store:0x0000000a load:0x00000000
           3704	      1848	001000bc	00254283	lbu	x5,2(x10)	 x10:0x001018ec  x5=0x00000031 PA:0x001018ee store:0x00137fa0
           3706	      1849	001000c0	04028863	beq	x5,x0,100110	  x5:0x00000031  x0:0x00000000
           3710	      1851	001000c4	0057a023	sw	x5,0(x15)	 x15:0x00020000  x5:0x00000031 PA:0x00020000 store:0x00000031 load:0x00000000
           3714	      1853	001000c8	00354303	lbu	x6,3(x10)	 x10:0x001018ec  x6=0x00000030 PA:0x001018ef store:0x00000000
           3716	      1854	001000cc	04030263	beq	x6,x0,100110	  x6:0x00000030  x0:0x00000000
           3720	      1856	001000d0	0067a023	sw	x6,0(x15)	 x15:0x00020000  x6:0x00000030 PA:0x00020000 store:0x00000030 load:0x00000000
           3724	      1858	001000d4	00454383	lbu	x7,4(x10)	 x10:0x001018ec  x7=0x00000030 PA:0x001018f0 store:0x00000000
           3726	      1859	001000d8	02038c63	beq	x7,x0,100110	  x7:0x00000030  x0:0x00000000
           3730	      1861	001000dc	0077a023	sw	x7,0(x15)	 x15:0x00020000  x7:0x00000030 PA:0x00020000 store:0x00000030 load:0x00000000
           3734	      1863	001000e0	00554583	lbu	x11,5(x10)	 x10:0x001018ec x11=0x00000020 PA:0x001018f1 store:0x00000031
           3736	      1864	001000e4	02058663	beq	x11,x0,100110	 x11:0x00000020  x0:0x00000000
           3740	      1866	001000e8	00b7a023	sw	x11,0(x15)	 x15:0x00020000 x11:0x00000020 PA:0x00020000 store:0x00000020 load:0x00000000
           3744	      1868	001000ec	00654603	lbu	x12,6(x10)	 x10:0x001018ec x12=0x00000046 PA:0x001018f2 store:0x00000030
           3746	      1869	001000f0	02060063	beq	x12,x0,100110	 x12:0x00000046  x0:0x00000000
           3750	      1871	001000f4	00c7a023	sw	x12,0(x15)	 x15:0x00020000 x12:0x00000046 PA:0x00020000 store:0x00000046 load:0x00000000
           3754	      1873	001000f8	00754683	lbu	x13,7(x10)	 x10:0x001018ec x13=0x0000004d PA:0x001018f3 store:0x00000030
           3756	      1874	001000fc	00850513	addi	x10,x10,8	 x10:0x001018ec x10=0x001018f4
           3758	      1875	00100100	00068863	beq	x13,x0,100110	 x13:0x0000004d  x0:0x00000000
           3762	      1877	00100104	00d7a023	sw	x13,0(x15)	 x15:0x00020000 x13:0x0000004d PA:0x00020000 store:0x0000004d load:0x00000000
           3766	      1879	00100108	00054803	lbu	x16,0(x10)	 x10:0x001018f4 x16=0x00000041 PA:0x001018f4 store:0x00000000
           3770	      1881	0010010c	fa0810e3	bne	x16,x0,1000ac	 x16:0x00000041  x0:0x00000000
           3776	      1884	001000ac	0107a023	sw	x16,0(x15)	 x15:0x00020000 x16:0x00000041 PA:0x00020000 store:0x00000041 load:0x00000000
           3780	      1886	001000b0	00154703	lbu	x14,1(x10)	 x10:0x001018f4 x14=0x00000044 PA:0x001018f5 store:0x001011c8
           3782	      1887	001000b4	04070e63	beq	x14,x0,100110	 x14:0x00000044  x0:0x00000000
           3786	      1889	001000b8	00e7a023	sw	x14,0(x15)	 x15:0x00020000 x14:0x00000044 PA:0x00020000 store:0x00000044 load:0x00000000
           3790	      1891	001000bc	00254283	lbu	x5,2(x10)	 x10:0x001018f4  x5=0x00000044 PA:0x001018f6 store:0x00137fa0
           3792	      1892	001000c0	04028863	beq	x5,x0,100110	  x5:0x00000044  x0:0x00000000
           3796	      1894	001000c4	0057a023	sw	x5,0(x15)	 x15:0x00020000  x5:0x00000044 PA:0x00020000 store:0x00000044 load:0x00000000
           3800	      1896	001000c8	00354303	lbu	x6,3(x10)	 x10:0x001018f4  x6=0x00000073 PA:0x001018f7 store:0x00000000
           3802	      1897	001000cc	04030263	beq	x6,x0,100110	  x6:0x00000073  x0:0x00000000
           3806	      1899	001000d0	0067a023	sw	x6,0(x15)	 x15:0x00020000  x6:0x00000073 PA:0x00020000 store:0x00000073 load:0x00000000
           3810	      1901	001000d4	00454383	lbu	x7,4(x10)	 x10:0x001018f4  x7=0x00000020 PA:0x001018f8 store:0x00000000
           3812	      1902	001000d8	02038c63	beq	x7,x0,100110	  x7:0x00000020  x0:0x00000000
           3816	      1904	001000dc	0077a023	sw	x7,0(x15)	 x15:0x00020000  x7:0x00000020 PA:0x00020000 store:0x00000020 load:0x00000000
           3820	      1906	001000e0	00554583	lbu	x11,5(x10)	 x10:0x001018f4 x11=0x00000072 PA:0x001018f9 store:0x00000044
           3822	      1907	001000e4	02058663	beq	x11,x0,100110	 x11:0x00000072  x0:0x00000000
           3826	      1909	001000e8	00b7a023	sw	x11,0(x15)	 x15:0x00020000 x11:0x00000072 PA:0x00020000 store:0x00000072 load:0x00000000
           3830	      1911	001000ec	00654603	lbu	x12,6(x10)	 x10:0x001018f4 x12=0x00000065 PA:0x001018fa store:0x00000073
           3832	      1912	001000f0	02060063	beq	x12,x0,100110	 x12:0x00000065  x0:0x00000000
           3836	      1914	001000f4	00c7a023	sw	x12,0(x15)	 x15:0x00020000 x12:0x00000065 PA:0x00020000 store:0x00000065 load:0x00000000
           3840	      1916	001000f8	00754683	lbu	x13,7(x10)	 x10:0x001018f4 x13=0x00000073 PA:0x001018fb store:0x00000020
           3842	      1917	001000fc	00850513	addi	x10,x10,8	 x10:0x001018f4 x10=0x001018fc
           3844	      1918	00100100	00068863	beq	x13,x0,100110	 x13:0x00000073  x0:0x00000000
           3848	      1920	00100104	00d7a023	sw	x13,0(x15)	 x15:0x00020000 x13:0x00000073 PA:0x00020000 store:0x00000073 load:0x00000000
           3852	      1922	00100108	00054803	lbu	x16,0(x10)	 x10:0x001018fc x16=0x00000075 PA:0x001018fc store:0x00000000
           3856	      1924	0010010c	fa0810e3	bne	x16,x0,1000ac	 x16:0x00000075  x0:0x00000000
           3862	      1927	001000ac	0107a023	sw	x16,0(x15)	 x15:0x00020000 x16:0x00000075 PA:0x00020000 store:0x00000075 load:0x00000000
           3866	      1929	001000b0	00154703	lbu	x14,1(x10)	 x10:0x001018fc x14=0x0000006c PA:0x001018fd store:0x001011c8
           3868	      1930	001000b4	04070e63	beq	x14,x0,100110	 x14:0x0000006c  x0:0x00000000
           3872	      1932	001000b8	00e7a023	sw	x14,0(x15)	 x15:0x00020000 x14:0x0000006c PA:0x00020000 store:0x0000006c load:0x00000000
           3876	      1934	001000bc	00254283	lbu	x5,2(x10)	 x10:0x001018fc  x5=0x00000074 PA:0x001018fe store:0x00137fa0
           3878	      1935	001000c0	04028863	beq	x5,x0,100110	  x5:0x00000074  x0:0x00000000
           3882	      1937	001000c4	0057a023	sw	x5,0(x15)	 x15:0x00020000  x5:0x00000074 PA:0x00020000 store:0x00000074 load:0x00000000
           3886	      1939	001000c8	00354303	lbu	x6,3(x10)	 x10:0x001018fc  x6=0x00000020 PA:0x001018ff store:0x00000000
           3888	      1940	001000cc	04030263	beq	x6,x0,100110	  x6:0x00000020  x0:0x00000000
           3892	      1942	001000d0	0067a023	sw	x6,0(x15)	 x15:0x00020000  x6:0x00000020 PA:0x00020000 store:0x00000020 load:0x00000000
           3896	      1944	001000d4	00454383	lbu	x7,4(x10)	 x10:0x001018fc  x7=0x00000069 PA:0x00101900 store:0x00000000
           3898	      1945	001000d8	02038c63	beq	x7,x0,100110	  x7:0x00000069  x0:0x00000000
           3902	      1947	001000dc	0077a023	sw	x7,0(x15)	 x15:0x00020000  x7:0x00000069 PA:0x00020000 store:0x00000069 load:0x00000000
           3906	      1949	001000e0	00554583	lbu	x11,5(x10)	 x10:0x001018fc x11=0x0000006e PA:0x00101901 store:0x00000074
           3908	      1950	001000e4	02058663	beq	x11,x0,100110	 x11:0x0000006e  x0:0x00000000
           3912	      1952	001000e8	00b7a023	sw	x11,0(x15)	 x15:0x00020000 x11:0x0000006e PA:0x00020000 store:0x0000006e load:0x00000000
           3916	      1954	001000ec	00654603	lbu	x12,6(x10)	 x10:0x001018fc x12=0x0000003a PA:0x00101902 store:0x00000020
           3918	      1955	001000f0	02060063	beq	x12,x0,100110	 x12:0x0000003a  x0:0x00000000
           3922	      1957	001000f4	00c7a023	sw	x12,0(x15)	 x15:0x00020000 x12:0x0000003a PA:0x00020000 store:0x0000003a load:0x00000000
           3926	      1959	001000f8	00754683	lbu	x13,7(x10)	 x10:0x001018fc x13=0x00000020 PA:0x00101903 store:0x00000069
           3928	      1960	001000fc	00850513	addi	x10,x10,8	 x10:0x001018fc x10=0x00101904
           3930	      1961	00100100	00068863	beq	x13,x0,100110	 x13:0x00000020  x0:0x00000000
           3934	      1963	00100104	00d7a023	sw	x13,0(x15)	 x15:0x00020000 x13:0x00000020 PA:0x00020000 store:0x00000020 load:0x00000000
           3938	      1965	00100108	00054803	lbu	x16,0(x10)	 x10:0x00101904 x16=0x00000000 PA:0x00101904 store:0x00000000
           3940	      1966	0010010c	fa0810e3	bne	x16,x0,1000ac	 x16:0x00000000  x0:0x00000000
           3942	      1967	00100110	00000513	addi	x10,x0,0	  x0:0x00000000 x10=0x00000000
           3946	      1969	00100114	00008067	jalr	x0,0(x1)	  x1:0x001011c8  x0=0x00000000
           3950	      1971	001011c8	bf0a2503	lw	x10,-1040(x20)	 x20:0x00102000 x10=0x442e7f9d PA:0x00101bf0 store:0x00000000
           3952	      1972	001011cc	00102cb7	lui	x25,0x102	 x25=0x00102000
           3954	      1973	001011d0	001029b7	lui	x19,0x102	 x19=0x00102000
           3958	      1975	001011d4	f4dfe0ef	jal	x1,100120	  x1=0x001011d8
           3960	      1976	00100120	01c55793	srli	x15,x10,0x1c	 x10:0x442e7f9d x15=0x00000004
           3962	      1977	00100124	00900713	addi	x14,x0,9	  x0:0x00000000 x14=0x00000009
           3966	      1979	00100128	0cf77a63	bgeu	x14,x15,1001fc	 x14:0x00000009 x15:0x00000004
           3970	      1981	001001fc	03078393	addi	x7,x15,48	 x15:0x00000004  x7=0x00000034
           3972	      1982	00100200	000205b7	lui	x11,0x20	 x11=0x00020000
           3974	      1983	00100204	00451613	slli	x12,x10,0x4	 x10:0x442e7f9d x12=0x42e7f9d0
           3978	      1985	00100208	0075a023	sw	x7,0(x11)	 x11:0x00020000  x7:0x00000034 PA:0x00020000 store:0x00000034 load:0x00000000
           3980	      1986	0010020c	01c65693	srli	x13,x12,0x1c	 x12:0x42e7f9d0 x13=0x00000004
           3982	      1987	00100210	00900813	addi	x16,x0,9	  x0:0x00000000 x16=0x00000009
           3984	      1988	00100214	f2d86ae3	bltu	x16,x13,100148	 x16:0x00000009 x13:0x00000004
           3986	      1989	00100218	03068e93	addi	x29,x13,48	 x13:0x00000004 x29=0x00000034
           3988	      1990	0010021c	00020f37	lui	x30,0x20	 x30=0x00020000
           3990	      1991	00100220	00851f93	slli	x31,x10,0x8	 x10:0x442e7f9d x31=0x2e7f9d00
           3994	      1993	00100224	01df2023	sw	x29,0(x30)	 x30:0x00020000 x29:0x00000034 PA:0x00020000 store:0x00000034 load:0x00000000
           3996	      1994	00100228	01cfd793	srli	x15,x31,0x1c	 x31:0x2e7f9d00 x15=0x00000002
           3998	      1995	0010022c	00900713	addi	x14,x0,9	  x0:0x00000000 x14=0x00000009
           4000	      1996	00100230	f2f76ae3	bltu	x14,x15,100164	 x14:0x00000009 x15:0x00000002
           4002	      1997	00100234	03078393	addi	x7,x15,48	 x15:0x00000002  x7=0x00000032
           4004	      1998	00100238	000205b7	lui	x11,0x20	 x11=0x00020000
           4006	      1999	0010023c	00c51613	slli	x12,x10,0xc	 x10:0x442e7f9d x12=0xe7f9d000
           4010	      2001	00100240	0075a023	sw	x7,0(x11)	 x11:0x00020000  x7:0x00000032 PA:0x00020000 store:0x00000032 load:0x00000000
           4012	      2002	00100244	01c65693	srli	x13,x12,0x1c	 x12:0xe7f9d000 x13=0x0000000e
           4014	      2003	00100248	00900813	addi	x16,x0,9	  x0:0x00000000 x16=0x00000009
           4018	      2005	0010024c	f2d86ae3	bltu	x16,x13,100180	 x16:0x00000009 x13:0x0000000e
           4022	      2007	00100180	03768893	addi	x17,x13,55	 x13:0x0000000e x17=0x00000045
           4024	      2008	00100184	00020e37	lui	x28,0x20	 x28=0x00020000
           4026	      2009	00100188	01051f93	slli	x31,x10,0x10	 x10:0x442e7f9d x31=0x7f9d0000
           4030	      2011	0010018c	011e2023	sw	x17,0(x28)	 x28:0x00020000 x17:0x00000045 PA:0x00020000 store:0x00000045 load:0x00000000
           4032	      2012	00100190	01cfd793	srli	x15,x31,0x1c	 x31:0x7f9d0000 x15=0x00000007
           4034	      2013	00100194	00900713	addi	x14,x0,9	  x0:0x00000000 x14=0x00000009
           4038	      2015	00100198	0cf77a63	bgeu	x14,x15,10026c	 x14:0x00000009 x15:0x00000007
           4042	      2017	0010026c	03078393	addi	x7,x15,48	 x15:0x00000007  x7=0x00000037
           4044	      2018	00100270	000205b7	lui	x11,0x20	 x11=0x00020000
           4046	      2019	00100274	01451613	slli	x12,x10,0x14	 x10:0x442e7f9d x12=0xf9d00000
           4050	      2021	00100278	0075a023	sw	x7,0(x11)	 x11:0x00020000  x7:0x00000037 PA:0x00020000 store:0x00000037 load:0x00000000
           4052	      2022	0010027c	01c65693	srli	x13,x12,0x1c	 x12:0xf9d00000 x13=0x0000000f
           4054	      2023	00100280	00900813	addi	x16,x0,9	  x0:0x00000000 x16=0x00000009
           4058	      2025	00100284	f2d86ae3	bltu	x16,x13,1001b8	 x16:0x00000009 x13:0x0000000f
           4062	      2027	001001b8	03768893	addi	x17,x13,55	 x13:0x0000000f x17=0x00000046
           4064	      2028	001001bc	00020e37	lui	x28,0x20	 x28=0x00020000
           4066	      2029	001001c0	01851f93	slli	x31,x10,0x18	 x10:0x442e7f9d x31=0x9d000000
           4070	      2031	001001c4	011e2023	sw	x17,0(x28)	 x28:0x00020000 x17:0x00000046 PA:0x00020000 store:0x00000046 load:0x00000000
           4072	      2032	001001c8	01cfd793	srli	x15,x31,0x1c	 x31:0x9d000000 x15=0x00000009
           4074	      2033	001001cc	00900713	addi	x14,x0,9	  x0:0x00000000 x14=0x00000009
           4078	      2035	001001d0	0cf77a63	bgeu	x14,x15,1002a4	 x14:0x00000009 x15:0x00000009
           4082	      2037	001002a4	03078393	addi	x7,x15,48	 x15:0x00000009  x7=0x00000039
           4084	      2038	001002a8	000205b7	lui	x11,0x20	 x11=0x00020000
           4088	      2040	001002ac	0075a023	sw	x7,0(x11)	 x11:0x00020000  x7:0x00000039 PA:0x00020000 store:0x00000039 load:0x00000000
           4090	      2041	001002b0	00f57513	andi	x10,x10,15	 x10:0x442e7f9d x10=0x0000000d
           4092	      2042	001002b4	00900613	addi	x12,x0,9	  x0:0x00000000 x12=0x00000009
           4094	      2043	001002b8	f2a67ae3	bgeu	x12,x10,1001ec	 x12:0x00000009 x10:0x0000000d
           4096	      2044	001002bc	03750693	addi	x13,x10,55	 x10:0x0000000d x13=0x00000044
           4098	      2045	001002c0	00020837	lui	x16,0x20	 x16=0x00020000
           4102	      2047	001002c4	00d82023	sw	x13,0(x16)	 x16:0x00020000 x13:0x00000044 PA:0x00020000 store:0x00000044 load:0x00000000
           4112	      2052	001002c8	00008067	jalr	x0,0(x1)	  x1:0x001011d8  x0=0x00000000
           4114	      2053	001011d8	c18b2907	flw	f18,-1000(x22)	 f22:0x00102000 f18=0x00000000 PA:0x00101c18 store:0x00000000
           4118	      2055	001011dc	908c8513	addi	x10,x25,-1784	 x25:0x00102000 x10=0x00101908
           4120	      2056	001011e0	00000a93	addi	x21,x0,0	  x0:0x00000000 x21=0x00000000
           4122	      2057	001011e4	c129a027	fsw	f18,-1024(x19)	 f19:0x00102000 f18:0x00102000 PA:0x00101c00 store:0x43edefdf load:0x43edefdf
           4124	      2058	001011e8	00102cb7	lui	x25,0x102	 x25=0x00102000
           4126	      2059	001011ec	eb5fe0ef	jal	x1,1000a0	  x1=0x001011f0
           4128	      2060	001000a0	00054803	lbu	x16,0(x10)	 x10:0x00101908 x16=0x0000000a PA:0x00101908 store:0x00000000
           4130	      2061	001000a4	06080663	beq	x16,x0,100110	 x16:0x0000000a  x0:0x00000000
           4132	      2062	001000a8	000207b7	lui	x15,0x20	 x15=0x00020000
           4134	      2063	001000ac	0107a023	sw	x16,0(x15)	 x15:0x00020000 x16:0x0000000a PA:0x00020000 store:0x0000000a load:0x00000000
           4136	      2064	001000b0	00154703	lbu	x14,1(x10)	 x10:0x00101908 x14=0x0000000a PA:0x00101909 store:0x001011f0
           4138	      2065	001000b4	04070e63	beq	x14,x0,100110	 x14:0x0000000a  x0:0x00000000
           4142	      2067	001000b8	00e7a023	sw	x14,0(x15)	 x15:0x00020000 x14:0x0000000a PA:0x00020000 store:0x0000000a load:0x00000000
           4146	      2069	001000bc	00254283	lbu	x5,2(x10)	 x10:0x00101908  x5=0x00000050 PA:0x0010190a store:0x00137fa0
           4148	      2070	001000c0	04028863	beq	x5,x0,100110	  x5:0x00000050  x0:0x00000000
           4152	      2072	001000c4	0057a023	sw	x5,0(x15)	 x15:0x00020000  x5:0x00000050 PA:0x00020000 store:0x00000050 load:0x00000000
           4156	      2074	001000c8	00354303	lbu	x6,3(x10)	 x10:0x00101908  x6=0x00000065 PA:0x0010190b store:0x00000000
           4158	      2075	001000cc	04030263	beq	x6,x0,100110	  x6:0x00000065  x0:0x00000000
           4162	      2077	001000d0	0067a023	sw	x6,0(x15)	 x15:0x00020000  x6:0x00000065 PA:0x00020000 store:0x00000065 load:0x00000000
           4166	      2079	001000d4	00454383	lbu	x7,4(x10)	 x10:0x00101908  x7=0x00000072 PA:0x0010190c store:0x00000000
           4168	      2080	001000d8	02038c63	beq	x7,x0,100110	  x7:0x00000072  x0:0x00000000
           4172	      2082	001000dc	0077a023	sw	x7,0(x15)	 x15:0x00020000  x7:0x00000072 PA:0x00020000 store:0x00000072 load:0x00000000
           4176	      2084	001000e0	00554583	lbu	x11,5(x10)	 x10:0x00101908 x11=0x00000066 PA:0x0010190d store:0x00000050
           4178	      2085	001000e4	02058663	beq	x11,x0,100110	 x11:0x00000066  x0:0x00000000
           4182	      2087	001000e8	00b7a023	sw	x11,0(x15)	 x15:0x00020000 x11:0x00000066 PA:0x00020000 store:0x00000066 load:0x00000000
           4186	      2089	001000ec	00654603	lbu	x12,6(x10)	 x10:0x00101908 x12=0x0000006f PA:0x0010190e store:0x00000065
           4188	      2090	001000f0	02060063	beq	x12,x0,100110	 x12:0x0000006f  x0:0x00000000
           4192	      2092	001000f4	00c7a023	sw	x12,0(x15)	 x15:0x00020000 x12:0x0000006f PA:0x00020000 store:0x0000006f load:0x00000000
           4196	      2094	001000f8	00754683	lbu	x13,7(x10)	 x10:0x00101908 x13=0x00000072 PA:0x0010190f store:0x00000072
           4198	      2095	001000fc	00850513	addi	x10,x10,8	 x10:0x00101908 x10=0x00101910
           4200	      2096	00100100	00068863	beq	x13,x0,100110	 x13:0x00000072  x0:0x00000000
           4204	      2098	00100104	00d7a023	sw	x13,0(x15)	 x15:0x00020000 x13:0x00000072 PA:0x00020000 store:0x00000072 load:0x00000000
           4208	      2100	00100108	00054803	lbu	x16,0(x10)	 x10:0x00101910 x16=0x0000006d PA:0x00101910 store:0x00000000
           4212	      2102	0010010c	fa0810e3	bne	x16,x0,1000ac	 x16:0x0000006d  x0:0x00000000
           4218	      2105	001000ac	0107a023	sw	x16,0(x15)	 x15:0x00020000 x16:0x0000006d PA:0x00020000 store:0x0000006d load:0x00000000
           4222	      2107	001000b0	00154703	lbu	x14,1(x10)	 x10:0x00101910 x14=0x00000069 PA:0x00101911 store:0x001011f0
           4224	      2108	001000b4	04070e63	beq	x14,x0,100110	 x14:0x00000069  x0:0x00000000
           4228	      2110	001000b8	00e7a023	sw	x14,0(x15)	 x15:0x00020000 x14:0x00000069 PA:0x00020000 store:0x00000069 load:0x00000000
           4232	      2112	001000bc	00254283	lbu	x5,2(x10)	 x10:0x00101910  x5=0x0000006e PA:0x00101912 store:0x00137fa0
           4234	      2113	001000c0	04028863	beq	x5,x0,100110	  x5:0x0000006e  x0:0x00000000
           4238	      2115	001000c4	0057a023	sw	x5,0(x15)	 x15:0x00020000  x5:0x0000006e PA:0x00020000 store:0x0000006e load:0x00000000
           4242	      2117	001000c8	00354303	lbu	x6,3(x10)	 x10:0x00101910  x6=0x00000067 PA:0x00101913 store:0x00000000
           4244	      2118	001000cc	04030263	beq	x6,x0,100110	  x6:0x00000067  x0:0x00000000
           4248	      2120	001000d0	0067a023	sw	x6,0(x15)	 x15:0x00020000  x6:0x00000067 PA:0x00020000 store:0x00000067 load:0x00000000
           4252	      2122	001000d4	00454383	lbu	x7,4(x10)	 x10:0x00101910  x7=0x00000020 PA:0x00101914 store:0x00000000
           4254	      2123	001000d8	02038c63	beq	x7,x0,100110	  x7:0x00000020  x0:0x00000000
           4258	      2125	001000dc	0077a023	sw	x7,0(x15)	 x15:0x00020000  x7:0x00000020 PA:0x00020000 store:0x00000020 load:0x00000000
           4262	      2127	001000e0	00554583	lbu	x11,5(x10)	 x10:0x00101910 x11=0x00000032 PA:0x00101915 store:0x0000006e
           4264	      2128	001000e4	02058663	beq	x11,x0,100110	 x11:0x00000032  x0:0x00000000
           4268	      2130	001000e8	00b7a023	sw	x11,0(x15)	 x15:0x00020000 x11:0x00000032 PA:0x00020000 store:0x00000032 load:0x00000000
           4272	      2132	001000ec	00654603	lbu	x12,6(x10)	 x10:0x00101910 x12=0x00000030 PA:0x00101916 store:0x00000067
           4274	      2133	001000f0	02060063	beq	x12,x0,100110	 x12:0x00000030  x0:0x00000000
           4278	      2135	001000f4	00c7a023	sw	x12,0(x15)	 x15:0x00020000 x12:0x00000030 PA:0x00020000 store:0x00000030 load:0x00000000
           4282	      2137	001000f8	00754683	lbu	x13,7(x10)	 x10:0x00101910 x13=0x00000020 PA:0x00101917 store:0x00000020
           4284	      2138	001000fc	00850513	addi	x10,x10,8	 x10:0x00101910 x10=0x00101918
           4286	      2139	00100100	00068863	beq	x13,x0,100110	 x13:0x00000020  x0:0x00000000
           4290	      2141	00100104	00d7a023	sw	x13,0(x15)	 x15:0x00020000 x13:0x00000020 PA:0x00020000 store:0x00000020 load:0x00000000
           4294	      2143	00100108	00054803	lbu	x16,0(x10)	 x10:0x00101918 x16=0x00000073 PA:0x00101918 store:0x00000000
           4298	      2145	0010010c	fa0810e3	bne	x16,x0,1000ac	 x16:0x00000073  x0:0x00000000
           4304	      2148	001000ac	0107a023	sw	x16,0(x15)	 x15:0x00020000 x16:0x00000073 PA:0x00020000 store:0x00000073 load:0x00000000
           4308	      2150	001000b0	00154703	lbu	x14,1(x10)	 x10:0x00101918 x14=0x00000071 PA:0x00101919 store:0x001011f0
           4310	      2151	001000b4	04070e63	beq	x14,x0,100110	 x14:0x00000071  x0:0x00000000
           4314	      2153	001000b8	00e7a023	sw	x14,0(x15)	 x15:0x00020000 x14:0x00000071 PA:0x00020000 store:0x00000071 load:0x00000000
           4318	      2155	001000bc	00254283	lbu	x5,2(x10)	 x10:0x00101918  x5=0x00000075 PA:0x0010191a store:0x00137fa0
           4320	      2156	001000c0	04028863	beq	x5,x0,100110	  x5:0x00000075  x0:0x00000000
           4324	      2158	001000c4	0057a023	sw	x5,0(x15)	 x15:0x00020000  x5:0x00000075 PA:0x00020000 store:0x00000075 load:0x00000000
           4328	      2160	001000c8	00354303	lbu	x6,3(x10)	 x10:0x00101918  x6=0x00000061 PA:0x0010191b store:0x00000000
           4330	      2161	001000cc	04030263	beq	x6,x0,100110	  x6:0x00000061  x0:0x00000000
           4334	      2163	001000d0	0067a023	sw	x6,0(x15)	 x15:0x00020000  x6:0x00000061 PA:0x00020000 store:0x00000061 load:0x00000000
           4338	      2165	001000d4	00454383	lbu	x7,4(x10)	 x10:0x00101918  x7=0x00000072 PA:0x0010191c store:0x00000000
           4340	      2166	001000d8	02038c63	beq	x7,x0,100110	  x7:0x00000072  x0:0x00000000
           4344	      2168	001000dc	0077a023	sw	x7,0(x15)	 x15:0x00020000  x7:0x00000072 PA:0x00020000 store:0x00000072 load:0x00000000
           4348	      2170	001000e0	00554583	lbu	x11,5(x10)	 x10:0x00101918 x11=0x00000065 PA:0x0010191d store:0x00000075
           4350	      2171	001000e4	02058663	beq	x11,x0,100110	 x11:0x00000065  x0:0x00000000
           4354	      2173	001000e8	00b7a023	sw	x11,0(x15)	 x15:0x00020000 x11:0x00000065 PA:0x00020000 store:0x00000065 load:0x00000000
           4358	      2175	001000ec	00654603	lbu	x12,6(x10)	 x10:0x00101918 x12=0x00000020 PA:0x0010191e store:0x00000061
           4360	      2176	001000f0	02060063	beq	x12,x0,100110	 x12:0x00000020  x0:0x00000000
           4364	      2178	001000f4	00c7a023	sw	x12,0(x15)	 x15:0x00020000 x12:0x00000020 PA:0x00020000 store:0x00000020 load:0x00000000
           4368	      2180	001000f8	00754683	lbu	x13,7(x10)	 x10:0x00101918 x13=0x00000072 PA:0x0010191f store:0x00000072
           4370	      2181	001000fc	00850513	addi	x10,x10,8	 x10:0x00101918 x10=0x00101920
           4372	      2182	00100100	00068863	beq	x13,x0,100110	 x13:0x00000072  x0:0x00000000
           4376	      2184	00100104	00d7a023	sw	x13,0(x15)	 x15:0x00020000 x13:0x00000072 PA:0x00020000 store:0x00000072 load:0x00000000
           4380	      2186	00100108	00054803	lbu	x16,0(x10)	 x10:0x00101920 x16=0x0000006f PA:0x00101920 store:0x00000000
           4384	      2188	0010010c	fa0810e3	bne	x16,x0,1000ac	 x16:0x0000006f  x0:0x00000000
           4390	      2191	001000ac	0107a023	sw	x16,0(x15)	 x15:0x00020000 x16:0x0000006f PA:0x00020000 store:0x0000006f load:0x00000000
           4394	      2193	001000b0	00154703	lbu	x14,1(x10)	 x10:0x00101920 x14=0x0000006f PA:0x00101921 store:0x001011f0
           4396	      2194	001000b4	04070e63	beq	x14,x0,100110	 x14:0x0000006f  x0:0x00000000
           4400	      2196	001000b8	00e7a023	sw	x14,0(x15)	 x15:0x00020000 x14:0x0000006f PA:0x00020000 store:0x0000006f load:0x00000000
           4404	      2198	001000bc	00254283	lbu	x5,2(x10)	 x10:0x00101920  x5=0x00000074 PA:0x00101922 store:0x00137fa0
           4406	      2199	001000c0	04028863	beq	x5,x0,100110	  x5:0x00000074  x0:0x00000000
           4410	      2201	001000c4	0057a023	sw	x5,0(x15)	 x15:0x00020000  x5:0x00000074 PA:0x00020000 store:0x00000074 load:0x00000000
           4414	      2203	001000c8	00354303	lbu	x6,3(x10)	 x10:0x00101920  x6=0x00000073 PA:0x00101923 store:0x00000000
           4416	      2204	001000cc	04030263	beq	x6,x0,100110	  x6:0x00000073  x0:0x00000000
           4420	      2206	001000d0	0067a023	sw	x6,0(x15)	 x15:0x00020000  x6:0x00000073 PA:0x00020000 store:0x00000073 load:0x00000000
           4424	      2208	001000d4	00454383	lbu	x7,4(x10)	 x10:0x00101920  x7=0x0000003a PA:0x00101924 store:0x00000000
           4426	      2209	001000d8	02038c63	beq	x7,x0,100110	  x7:0x0000003a  x0:0x00000000
           4430	      2211	001000dc	0077a023	sw	x7,0(x15)	 x15:0x00020000  x7:0x0000003a PA:0x00020000 store:0x0000003a load:0x00000000
           4434	      2213	001000e0	00554583	lbu	x11,5(x10)	 x10:0x00101920 x11=0x00000000 PA:0x00101925 store:0x00000074
           4438	      2215	001000e4	02058663	beq	x11,x0,100110	 x11:0x00000000  x0:0x00000000
           4442	      2217	00100110	00000513	addi	x10,x0,0	  x0:0x00000000 x10=0x00000000
           4446	      2219	00100114	00008067	jalr	x0,0(x1)	  x1:0x001011f0  x0=0x00000000
           4448	      2220	001011f0	00102c37	lui	x24,0x102	 x24=0x00102000
           4456	      2224	001011f4	01400d13	addi	x26,x0,20	  x0:0x00000000 x26=0x00000014
           4458	      2225	001011f8	c009a987	flw	f19,-1024(x19)	 f19:0x00102000 f19=0x00000000 PA:0x00101c00 store:0x4592dc9b
           4480	      2236	001011fc	928c8513	addi	x10,x25,-1752	 x25:0x00102000 x10=0x00101928
           4482	      2237	00101200	5809fa53	fsqrt.s	f20,f19	 f19:0x00102000 f20=0x00000000
           4484	      2238	00101204	c149a027	fsw	f20,-1024(x19)	 f19:0x00102000 f20:0x00102000 PA:0x00101c00 store:0x41ae842c load:0x43edefdf
           4486	      2239	00101208	c009aa87	flw	f21,-1024(x19)	 f19:0x00102000 f21=0x00000000 PA:0x00101c00 store:0x4592dc9b
           4488	      2240	0010120c	e00a8dd3	fmv.x.w	x27,f21	 f21:0x00000000 x27=0x41ae842c
           4490	      2241	00101210	bfba2823	sw	x27,-1040(x20)	 x20:0x00102000 x27:0x41ae842c PA:0x00101bf0 store:0x41ae842c load:0x41ae842c
           4492	      2242	00101214	e8dfe0ef	jal	x1,1000a0	  x1=0x00101218
           4496	      2244	001000a0	00054803	lbu	x16,0(x10)	 x10:0x00101928 x16=0x0000000a PA:0x00101928 store:0x00000000
           4498	      2245	001000a4	06080663	beq	x16,x0,100110	 x16:0x0000000a  x0:0x00000000
           4500	      2246	001000a8	000207b7	lui	x15,0x20	 x15=0x00020000
           4504	      2248	001000ac	0107a023	sw	x16,0(x15)	 x15:0x00020000 x16:0x0000000a PA:0x00020000 store:0x0000000a load:0x00000000
           4508	      2250	001000b0	00154703	lbu	x14,1(x10)	 x10:0x00101928 x14=0x00000020 PA:0x00101929 store:0x00101218
           4510	      2251	001000b4	04070e63	beq	x14,x0,100110	 x14:0x00000020  x0:0x00000000
           4514	      2253	001000b8	00e7a023	sw	x14,0(x15)	 x15:0x00020000 x14:0x00000020 PA:0x00020000 store:0x00000020 load:0x00000000
           4518	      2255	001000bc	00254283	lbu	x5,2(x10)	 x10:0x00101928  x5=0x00000069 PA:0x0010192a store:0x00137fa0
           4520	      2256	001000c0	04028863	beq	x5,x0,100110	  x5:0x00000069  x0:0x00000000
           4524	      2258	001000c4	0057a023	sw	x5,0(x15)	 x15:0x00020000  x5:0x00000069 PA:0x00020000 store:0x00000069 load:0x00000000
           4528	      2260	001000c8	00354303	lbu	x6,3(x10)	 x10:0x00101928  x6=0x0000003d PA:0x0010192b store:0x00000000
           4530	      2261	001000cc	04030263	beq	x6,x0,100110	  x6:0x0000003d  x0:0x00000000
           4534	      2263	001000d0	0067a023	sw	x6,0(x15)	 x15:0x00020000  x6:0x0000003d PA:0x00020000 store:0x0000003d load:0x00000000
           4538	      2265	001000d4	00454383	lbu	x7,4(x10)	 x10:0x00101928  x7=0x00000000 PA:0x0010192c store:0x00000000
           4542	      2267	001000d8	02038c63	beq	x7,x0,100110	  x7:0x00000000  x0:0x00000000
           4546	      2269	00100110	00000513	addi	x10,x0,0	  x0:0x00000000 x10=0x00000000
           4550	      2271	00100114	00008067	jalr	x0,0(x1)	  x1:0x00101218  x0=0x00000000
           4552	      2272	00101218	000a8513	addi	x10,x21,0	 x21:0x00000000 x10=0x00000000
           4556	      2274	0010121c	f05fe0ef	jal	x1,100120	  x1=0x00101220
           4558	      2275	00100120	01c55793	srli	x15,x10,0x1c	 x10:0x00000000 x15=0x00000000
           4560	      2276	00100124	00900713	addi	x14,x0,9	  x0:0x00000000 x14=0x00000009
           4564	      2278	00100128	0cf77a63	bgeu	x14,x15,1001fc	 x14:0x00000009 x15:0x00000000
           4568	      2280	001001fc	03078393	addi	x7,x15,48	 x15:0x00000000  x7=0x00000030
           4570	      2281	00100200	000205b7	lui	x11,0x20	 x11=0x00020000
           4572	      2282	00100204	00451613	slli	x12,x10,0x4	 x10:0x00000000 x12=0x00000000
           4576	      2284	00100208	0075a023	sw	x7,0(x11)	 x11:0x00020000  x7:0x00000030 PA:0x00020000 store:0x00000030 load:0x00000000
           4578	      2285	0010020c	01c65693	srli	x13,x12,0x1c	 x12:0x00000000 x13=0x00000000
           4580	      2286	00100210	00900813	addi	x16,x0,9	  x0:0x00000000 x16=0x00000009
           4582	      2287	00100214	f2d86ae3	bltu	x16,x13,100148	 x16:0x00000009 x13:0x00000000
           4584	      2288	00100218	03068e93	addi	x29,x13,48	 x13:0x00000000 x29=0x00000030
           4586	      2289	0010021c	00020f37	lui	x30,0x20	 x30=0x00020000
           4588	      2290	00100220	00851f93	slli	x31,x10,0x8	 x10:0x00000000 x31=0x00000000
           4592	      2292	00100224	01df2023	sw	x29,0(x30)	 x30:0x00020000 x29:0x00000030 PA:0x00020000 store:0x00000030 load:0x00000000
           4594	      2293	00100228	01cfd793	srli	x15,x31,0x1c	 x31:0x00000000 x15=0x00000000
           4596	      2294	0010022c	00900713	addi	x14,x0,9	  x0:0x00000000 x14=0x00000009
           4598	      2295	00100230	f2f76ae3	bltu	x14,x15,100164	 x14:0x00000009 x15:0x00000000
           4600	      2296	00100234	03078393	addi	x7,x15,48	 x15:0x00000000  x7=0x00000030
           4602	      2297	00100238	000205b7	lui	x11,0x20	 x11=0x00020000
           4604	      2298	0010023c	00c51613	slli	x12,x10,0xc	 x10:0x00000000 x12=0x00000000
           4608	      2300	00100240	0075a023	sw	x7,0(x11)	 x11:0x00020000  x7:0x00000030 PA:0x00020000 store:0x00000030 load:0x00000000
           4610	      2301	00100244	01c65693	srli	x13,x12,0x1c	 x12:0x00000000 x13=0x00000000
           4612	      2302	00100248	00900813	addi	x16,x0,9	  x0:0x00000000 x16=0x00000009
           4614	      2303	0010024c	f2d86ae3	bltu	x16,x13,100180	 x16:0x00000009 x13:0x00000000
           4616	      2304	00100250	03068e93	addi	x29,x13,48	 x13:0x00000000 x29=0x00000030
           4618	      2305	00100254	00020f37	lui	x30,0x20	 x30=0x00020000
           4620	      2306	00100258	01051f93	slli	x31,x10,0x10	 x10:0x00000000 x31=0x00000000
           4624	      2308	0010025c	01df2023	sw	x29,0(x30)	 x30:0x00020000 x29:0x00000030 PA:0x00020000 store:0x00000030 load:0x00000000
           4626	      2309	00100260	01cfd793	srli	x15,x31,0x1c	 x31:0x00000000 x15=0x00000000
           4628	      2310	00100264	00900713	addi	x14,x0,9	  x0:0x00000000 x14=0x00000009
           4630	      2311	00100268	f2f76ae3	bltu	x14,x15,10019c	 x14:0x00000009 x15:0x00000000
           4632	      2312	0010026c	03078393	addi	x7,x15,48	 x15:0x00000000  x7=0x00000030
           4634	      2313	00100270	000205b7	lui	x11,0x20	 x11=0x00020000
           4636	      2314	00100274	01451613	slli	x12,x10,0x14	 x10:0x00000000 x12=0x00000000
           4640	      2316	00100278	0075a023	sw	x7,0(x11)	 x11:0x00020000  x7:0x00000030 PA:0x00020000 store:0x00000030 load:0x00000000
           4642	      2317	0010027c	01c65693	srli	x13,x12,0x1c	 x12:0x00000000 x13=0x00000000
           4644	      2318	00100280	00900813	addi	x16,x0,9	  x0:0x00000000 x16=0x00000009
           4646	      2319	00100284	f2d86ae3	bltu	x16,x13,1001b8	 x16:0x00000009 x13:0x00000000
           4648	      2320	00100288	03068e93	addi	x29,x13,48	 x13:0x00000000 x29=0x00000030
           4650	      2321	0010028c	00020f37	lui	x30,0x20	 x30=0x00020000
           4652	      2322	00100290	01851f93	slli	x31,x10,0x18	 x10:0x00000000 x31=0x00000000
           4656	      2324	00100294	01df2023	sw	x29,0(x30)	 x30:0x00020000 x29:0x00000030 PA:0x00020000 store:0x00000030 load:0x00000000
           4658	      2325	00100298	01cfd793	srli	x15,x31,0x1c	 x31:0x00000000 x15=0x00000000
           4660	      2326	0010029c	00900713	addi	x14,x0,9	  x0:0x00000000 x14=0x00000009
           4662	      2327	001002a0	f2f76ae3	bltu	x14,x15,1001d4	 x14:0x00000009 x15:0x00000000
           4664	      2328	001002a4	03078393	addi	x7,x15,48	 x15:0x00000000  x7=0x00000030
           4666	      2329	001002a8	000205b7	lui	x11,0x20	 x11=0x00020000
           4670	      2331	001002ac	0075a023	sw	x7,0(x11)	 x11:0x00020000  x7:0x00000030 PA:0x00020000 store:0x00000030 load:0x00000000
           4672	      2332	001002b0	00f57513	andi	x10,x10,15	 x10:0x00000000 x10=0x00000000
           4674	      2333	001002b4	00900613	addi	x12,x0,9	  x0:0x00000000 x12=0x00000009
           4678	      2335	001002b8	f2a67ae3	bgeu	x12,x10,1001ec	 x12:0x00000009 x10:0x00000000
           4682	      2337	001001ec	03050893	addi	x17,x10,48	 x10:0x00000000 x17=0x00000030
           4684	      2338	001001f0	00020e37	lui	x28,0x20	 x28=0x00020000
           4688	      2340	001001f4	011e2023	sw	x17,0(x28)	 x28:0x00020000 x17:0x00000030 PA:0x00020000 store:0x00000030 load:0x00000000
           4692	      2342	001001f8	00008067	jalr	x0,0(x1)	  x1:0x00101220  x0=0x00000000
           4694	      2343	00101220	930c0513	addi	x10,x24,-1744	 x24:0x00102000 x10=0x00101930
           4698	      2345	00101224	e7dfe0ef	jal	x1,1000a0	  x1=0x00101228
           4702	      2347	001000a0	00054803	lbu	x16,0(x10)	 x10:0x00101930 x16=0x00000020 PA:0x00101930 store:0x00000000
           4704	      2348	001000a4	06080663	beq	x16,x0,100110	 x16:0x00000020  x0:0x00000000
           4706	      2349	001000a8	000207b7	lui	x15,0x20	 x15=0x00020000
           4710	      2351	001000ac	0107a023	sw	x16,0(x15)	 x15:0x00020000 x16:0x00000020 PA:0x00020000 store:0x00000020 load:0x00000000
           4714	      2353	001000b0	00154703	lbu	x14,1(x10)	 x10:0x00101930 x14=0x00000072 PA:0x00101931 store:0x00101228
           4716	      2354	001000b4	04070e63	beq	x14,x0,100110	 x14:0x00000072  x0:0x00000000
           4720	      2356	001000b8	00e7a023	sw	x14,0(x15)	 x15:0x00020000 x14:0x00000072 PA:0x00020000 store:0x00000072 load:0x00000000
           4724	      2358	001000bc	00254283	lbu	x5,2(x10)	 x10:0x00101930  x5=0x00000065 PA:0x00101932 store:0x00137fa0
           4726	      2359	001000c0	04028863	beq	x5,x0,100110	  x5:0x00000065  x0:0x00000000
           4730	      2361	001000c4	0057a023	sw	x5,0(x15)	 x15:0x00020000  x5:0x00000065 PA:0x00020000 store:0x00000065 load:0x00000000
           4734	      2363	001000c8	00354303	lbu	x6,3(x10)	 x10:0x00101930  x6=0x00000073 PA:0x00101933 store:0x00000000
           4736	      2364	001000cc	04030263	beq	x6,x0,100110	  x6:0x00000073  x0:0x00000000
           4740	      2366	001000d0	0067a023	sw	x6,0(x15)	 x15:0x00020000  x6:0x00000073 PA:0x00020000 store:0x00000073 load:0x00000000
           4744	      2368	001000d4	00454383	lbu	x7,4(x10)	 x10:0x00101930  x7=0x00000075 PA:0x00101934 store:0x00000000
           4746	      2369	001000d8	02038c63	beq	x7,x0,100110	  x7:0x00000075  x0:0x00000000
           4750	      2371	001000dc	0077a023	sw	x7,0(x15)	 x15:0x00020000  x7:0x00000075 PA:0x00020000 store:0x00000075 load:0x00000000
           4754	      2373	001000e0	00554583	lbu	x11,5(x10)	 x10:0x00101930 x11=0x0000006c PA:0x00101935 store:0x00000065
           4756	      2374	001000e4	02058663	beq	x11,x0,100110	 x11:0x0000006c  x0:0x00000000
           4760	      2376	001000e8	00b7a023	sw	x11,0(x15)	 x15:0x00020000 x11:0x0000006c PA:0x00020000 store:0x0000006c load:0x00000000
           4764	      2378	001000ec	00654603	lbu	x12,6(x10)	 x10:0x00101930 x12=0x00000074 PA:0x00101936 store:0x00000073
           4766	      2379	001000f0	02060063	beq	x12,x0,100110	 x12:0x00000074  x0:0x00000000
           4770	      2381	001000f4	00c7a023	sw	x12,0(x15)	 x15:0x00020000 x12:0x00000074 PA:0x00020000 store:0x00000074 load:0x00000000
           4774	      2383	001000f8	00754683	lbu	x13,7(x10)	 x10:0x00101930 x13=0x0000003a PA:0x00101937 store:0x00000075
           4776	      2384	001000fc	00850513	addi	x10,x10,8	 x10:0x00101930 x10=0x00101938
           4778	      2385	00100100	00068863	beq	x13,x0,100110	 x13:0x0000003a  x0:0x00000000
           4782	      2387	00100104	00d7a023	sw	x13,0(x15)	 x15:0x00020000 x13:0x0000003a PA:0x00020000 store:0x0000003a load:0x00000000
           4786	      2389	00100108	00054803	lbu	x16,0(x10)	 x10:0x00101938 x16=0x00000020 PA:0x00101938 store:0x00000000
           4790	      2391	0010010c	fa0810e3	bne	x16,x0,1000ac	 x16:0x00000020  x0:0x00000000
           4796	      2394	001000ac	0107a023	sw	x16,0(x15)	 x15:0x00020000 x16:0x00000020 PA:0x00020000 store:0x00000020 load:0x00000000
           4800	      2396	001000b0	00154703	lbu	x14,1(x10)	 x10:0x00101938 x14=0x00000000 PA:0x00101939 store:0x00101228
           4804	      2398	001000b4	04070e63	beq	x14,x0,100110	 x14:0x00000000  x0:0x00000000
           4808	      2400	00100110	00000513	addi	x10,x0,0	  x0:0x00000000 x10=0x00000000
           4812	      2402	00100114	00008067	jalr	x0,0(x1)	  x1:0x00101228  x0=0x00000000
           4816	      2404	00101228	bf0a2503	lw	x10,-1040(x20)	 x20:0x00102000 x10=0x41ae842c PA:0x00101bf0 store:0x00000020
           4818	      2405	0010122c	001a8d93	addi	x27,x21,1	 x21:0x00000000 x27=0x00000001
           4822	      2407	00101230	ef1fe0ef	jal	x1,100120	  x1=0x00101234
           4824	      2408	00100120	01c55793	srli	x15,x10,0x1c	 x10:0x41ae842c x15=0x00000004
           4826	      2409	00100124	00900713	addi	x14,x0,9	  x0:0x00000000 x14=0x00000009
           4830	      2411	00100128	0cf77a63	bgeu	x14,x15,1001fc	 x14:0x00000009 x15:0x00000004
           4834	      2413	001001fc	03078393	addi	x7,x15,48	 x15:0x00000004  x7=0x00000034
           4836	      2414	00100200	000205b7	lui	x11,0x20	 x11=0x00020000
           4838	      2415	00100204	00451613	slli	x12,x10,0x4	 x10:0x41ae842c x12=0x1ae842c0
           4842	      2417	00100208	0075a023	sw	x7,0(x11)	 x11:0x00020000  x7:0x00000034 PA:0x00020000 store:0x00000034 load:0x00000000
           4844	      2418	0010020c	01c65693	srli	x13,x12,0x1c	 x12:0x1ae842c0 x13=0x00000001
           4846	      2419	00100210	00900813	addi	x16,x0,9	  x0:0x00000000 x16=0x00000009
           4848	      2420	00100214	f2d86ae3	bltu	x16,x13,100148	 x16:0x00000009 x13:0x00000001
           4850	      2421	00100218	03068e93	addi	x29,x13,48	 x13:0x00000001 x29=0x00000031
           4852	      2422	0010021c	00020f37	lui	x30,0x20	 x30=0x00020000
           4854	      2423	00100220	00851f93	slli	x31,x10,0x8	 x10:0x41ae842c x31=0xae842c00
           4858	      2425	00100224	01df2023	sw	x29,0(x30)	 x30:0x00020000 x29:0x00000031 PA:0x00020000 store:0x00000031 load:0x00000000
           4860	      2426	00100228	01cfd793	srli	x15,x31,0x1c	 x31:0xae842c00 x15=0x0000000a
           4862	      2427	0010022c	00900713	addi	x14,x0,9	  x0:0x00000000 x14=0x00000009
           4866	      2429	00100230	f2f76ae3	bltu	x14,x15,100164	 x14:0x00000009 x15:0x0000000a
           4870	      2431	00100164	03778293	addi	x5,x15,55	 x15:0x0000000a  x5=0x00000041
           4872	      2432	00100168	00020337	lui	x6,0x20	  x6=0x00020000
           4874	      2433	0010016c	00c51613	slli	x12,x10,0xc	 x10:0x41ae842c x12=0xe842c000
           4878	      2435	00100170	00532023	sw	x5,0(x6)	  x6:0x00020000  x5:0x00000041 PA:0x00020000 store:0x00000041 load:0x00000000
           4880	      2436	00100174	01c65693	srli	x13,x12,0x1c	 x12:0xe842c000 x13=0x0000000e
           4882	      2437	00100178	00900813	addi	x16,x0,9	  x0:0x00000000 x16=0x00000009
           4884	      2438	0010017c	0cd87a63	bgeu	x16,x13,100250	 x16:0x00000009 x13:0x0000000e
           4886	      2439	00100180	03768893	addi	x17,x13,55	 x13:0x0000000e x17=0x00000045
           4888	      2440	00100184	00020e37	lui	x28,0x20	 x28=0x00020000
           4890	      2441	00100188	01051f93	slli	x31,x10,0x10	 x10:0x41ae842c x31=0x842c0000
           4894	      2443	0010018c	011e2023	sw	x17,0(x28)	 x28:0x00020000 x17:0x00000045 PA:0x00020000 store:0x00000045 load:0x00000000
           4896	      2444	00100190	01cfd793	srli	x15,x31,0x1c	 x31:0x842c0000 x15=0x00000008
           4898	      2445	00100194	00900713	addi	x14,x0,9	  x0:0x00000000 x14=0x00000009
           4902	      2447	00100198	0cf77a63	bgeu	x14,x15,10026c	 x14:0x00000009 x15:0x00000008
           4906	      2449	0010026c	03078393	addi	x7,x15,48	 x15:0x00000008  x7=0x00000038
           4908	      2450	00100270	000205b7	lui	x11,0x20	 x11=0x00020000
           4910	      2451	00100274	01451613	slli	x12,x10,0x14	 x10:0x41ae842c x12=0x42c00000
           4914	      2453	00100278	0075a023	sw	x7,0(x11)	 x11:0x00020000  x7:0x00000038 PA:0x00020000 store:0x00000038 load:0x00000000
           4916	      2454	0010027c	01c65693	srli	x13,x12,0x1c	 x12:0x42c00000 x13=0x00000004
           4918	      2455	00100280	00900813	addi	x16,x0,9	  x0:0x00000000 x16=0x00000009
           4920	      2456	00100284	f2d86ae3	bltu	x16,x13,1001b8	 x16:0x00000009 x13:0x00000004
           4922	      2457	00100288	03068e93	addi	x29,x13,48	 x13:0x00000004 x29=0x00000034
           4924	      2458	0010028c	00020f37	lui	x30,0x20	 x30=0x00020000
           4926	      2459	00100290	01851f93	slli	x31,x10,0x18	 x10:0x41ae842c x31=0x2c000000
           4930	      2461	00100294	01df2023	sw	x29,0(x30)	 x30:0x00020000 x29:0x00000034 PA:0x00020000 store:0x00000034 load:0x00000000
           4932	      2462	00100298	01cfd793	srli	x15,x31,0x1c	 x31:0x2c000000 x15=0x00000002
           4934	      2463	0010029c	00900713	addi	x14,x0,9	  x0:0x00000000 x14=0x00000009
           4936	      2464	001002a0	f2f76ae3	bltu	x14,x15,1001d4	 x14:0x00000009 x15:0x00000002
           4938	      2465	001002a4	03078393	addi	x7,x15,48	 x15:0x00000002  x7=0x00000032
           4940	      2466	001002a8	000205b7	lui	x11,0x20	 x11=0x00020000
           4944	      2468	001002ac	0075a023	sw	x7,0(x11)	 x11:0x00020000  x7:0x00000032 PA:0x00020000 store:0x00000032 load:0x00000000
           4946	      2469	001002b0	00f57513	andi	x10,x10,15	 x10:0x41ae842c x10=0x0000000c
           4948	      2470	001002b4	00900613	addi	x12,x0,9	  x0:0x00000000 x12=0x00000009
           4950	      2471	001002b8	f2a67ae3	bgeu	x12,x10,1001ec	 x12:0x00000009 x10:0x0000000c
           4952	      2472	001002bc	03750693	addi	x13,x10,55	 x10:0x0000000c x13=0x00000043
           4954	      2473	001002c0	00020837	lui	x16,0x20	 x16=0x00020000
           4958	      2475	001002c4	00d82023	sw	x13,0(x16)	 x16:0x00020000 x13:0x00000043 PA:0x00020000 store:0x00000043 load:0x00000000
           4968	      2480	001002c8	00008067	jalr	x0,0(x1)	  x1:0x00101234  x0=0x00000000
           4970	      2481	00101234	c009ae07	flw	f28,-1024(x19)	 f19:0x00102000 f28=0x00000000 PA:0x00101c00 store:0x4592dc9b
           4990	      2491	00101238	580e7ed3	fsqrt.s	f29,f28	 f28:0x00020000 f29=0x00000000
           4992	      2492	0010123c	c1d9a027	fsw	f29,-1024(x19)	 f19:0x00102000 f29:0x00000034 PA:0x00101c00 store:0x40957595 load:0x41ae842c
           4994	      2493	00101240	c009af07	flw	f30,-1024(x19)	 f19:0x00102000 f30=0x00000000 PA:0x00101c00 store:0x4592dc9b
           4998	      2495	00101244	928c8513	addi	x10,x25,-1752	 x25:0x00102000 x10=0x00101928
           5000	      2496	00101248	e00f0e53	fmv.x.w	x28,f30	 f30:0x00020000 x28=0x40957595
           5002	      2497	0010124c	bfca2823	sw	x28,-1040(x20)	 x20:0x00102000 x28:0x40957595 PA:0x00101bf0 store:0x40957595 load:0x40957595
           5004	      2498	00101250	e51fe0ef	jal	x1,1000a0	  x1=0x00101254
           5008	      2500	001000a0	00054803	lbu	x16,0(x10)	 x10:0x00101928 x16=0x0000000a PA:0x00101928 store:0x00000000
           5010	      2501	001000a4	06080663	beq	x16,x0,100110	 x16:0x0000000a  x0:0x00000000
           5012	      2502	001000a8	000207b7	lui	x15,0x20	 x15=0x00020000
           5016	      2504	001000ac	0107a023	sw	x16,0(x15)	 x15:0x00020000 x16:0x0000000a PA:0x00020000 store:0x0000000a load:0x00000000
           5020	      2506	001000b0	00154703	lbu	x14,1(x10)	 x10:0x00101928 x14=0x00000020 PA:0x00101929 store:0x00101254
           5022	      2507	001000b4	04070e63	beq	x14,x0,100110	 x14:0x00000020  x0:0x00000000
           5026	      2509	001000b8	00e7a023	sw	x14,0(x15)	 x15:0x00020000 x14:0x00000020 PA:0x00020000 store:0x00000020 load:0x00000000
           5030	      2511	001000bc	00254283	lbu	x5,2(x10)	 x10:0x00101928  x5=0x00000069 PA:0x0010192a store:0x00137fa0
           5032	      2512	001000c0	04028863	beq	x5,x0,100110	  x5:0x00000069  x0:0x00000000
           5036	      2514	001000c4	0057a023	sw	x5,0(x15)	 x15:0x00020000  x5:0x00000069 PA:0x00020000 store:0x00000069 load:0x00000000
           5040	      2516	001000c8	00354303	lbu	x6,3(x10)	 x10:0x00101928  x6=0x0000003d PA:0x0010192b store:0x00000000
           5042	      2517	001000cc	04030263	beq	x6,x0,100110	  x6:0x0000003d  x0:0x00000000
           5046	      2519	001000d0	0067a023	sw	x6,0(x15)	 x15:0x00020000  x6:0x0000003d PA:0x00020000 store:0x0000003d load:0x00000000
           5050	      2521	001000d4	00454383	lbu	x7,4(x10)	 x10:0x00101928  x7=0x00000000 PA:0x0010192c store:0x00000000
           5054	      2523	001000d8	02038c63	beq	x7,x0,100110	  x7:0x00000000  x0:0x00000000
           5058	      2525	00100110	00000513	addi	x10,x0,0	  x0:0x00000000 x10=0x00000000
           5062	      2527	00100114	00008067	jalr	x0,0(x1)	  x1:0x00101254  x0=0x00000000
           5064	      2528	00101254	000d8513	addi	x10,x27,0	 x27:0x00000001 x10=0x00000001
           5068	      2530	00101258	ec9fe0ef	jal	x1,100120	  x1=0x0010125c
           5070	      2531	00100120	01c55793	srli	x15,x10,0x1c	 x10:0x00000001 x15=0x00000000
           5072	      2532	00100124	00900713	addi	x14,x0,9	  x0:0x00000000 x14=0x00000009
           5076	      2534	00100128	0cf77a63	bgeu	x14,x15,1001fc	 x14:0x00000009 x15:0x00000000
           5080	      2536	001001fc	03078393	addi	x7,x15,48	 x15:0x00000000  x7=0x00000030
           5082	      2537	00100200	000205b7	lui	x11,0x20	 x11=0x00020000
           5084	      2538	00100204	00451613	slli	x12,x10,0x4	 x10:0x00000001 x12=0x00000010
           5088	      2540	00100208	0075a023	sw	x7,0(x11)	 x11:0x00020000  x7:0x00000030 PA:0x00020000 store:0x00000030 load:0x00000000
           5090	      2541	0010020c	01c65693	srli	x13,x12,0x1c	 x12:0x00000010 x13=0x00000000
           5092	      2542	00100210	00900813	addi	x16,x0,9	  x0:0x00000000 x16=0x00000009
           5094	      2543	00100214	f2d86ae3	bltu	x16,x13,100148	 x16:0x00000009 x13:0x00000000
           5096	      2544	00100218	03068e93	addi	x29,x13,48	 x13:0x00000000 x29=0x00000030
           5098	      2545	0010021c	00020f37	lui	x30,0x20	 x30=0x00020000
           5100	      2546	00100220	00851f93	slli	x31,x10,0x8	 x10:0x00000001 x31=0x00000100
           5104	      2548	00100224	01df2023	sw	x29,0(x30)	 x30:0x00020000 x29:0x00000030 PA:0x00020000 store:0x00000030 load:0x00000000
           5106	      2549	00100228	01cfd793	srli	x15,x31,0x1c	 x31:0x00000100 x15=0x00000000
           5108	      2550	0010022c	00900713	addi	x14,x0,9	  x0:0x00000000 x14=0x00000009
           5110	      2551	00100230	f2f76ae3	bltu	x14,x15,100164	 x14:0x00000009 x15:0x00000000
           5112	      2552	00100234	03078393	addi	x7,x15,48	 x15:0x00000000  x7=0x00000030
           5114	      2553	00100238	000205b7	lui	x11,0x20	 x11=0x00020000
           5116	      2554	0010023c	00c51613	slli	x12,x10,0xc	 x10:0x00000001 x12=0x00001000
           5120	      2556	00100240	0075a023	sw	x7,0(x11)	 x11:0x00020000  x7:0x00000030 PA:0x00020000 store:0x00000030 load:0x00000000
           5122	      2557	00100244	01c65693	srli	x13,x12,0x1c	 x12:0x00001000 x13=0x00000000
           5124	      2558	00100248	00900813	addi	x16,x0,9	  x0:0x00000000 x16=0x00000009
           5126	      2559	0010024c	f2d86ae3	bltu	x16,x13,100180	 x16:0x00000009 x13:0x00000000
           5128	      2560	00100250	03068e93	addi	x29,x13,48	 x13:0x00000000 x29=0x00000030
           5130	      2561	00100254	00020f37	lui	x30,0x20	 x30=0x00020000
           5132	      2562	00100258	01051f93	slli	x31,x10,0x10	 x10:0x00000001 x31=0x00010000
           5136	      2564	0010025c	01df2023	sw	x29,0(x30)	 x30:0x00020000 x29:0x00000030 PA:0x00020000 store:0x00000030 load:0x00000000
           5138	      2565	00100260	01cfd793	srli	x15,x31,0x1c	 x31:0x00010000 x15=0x00000000
           5140	      2566	00100264	00900713	addi	x14,x0,9	  x0:0x00000000 x14=0x00000009
           5142	      2567	00100268	f2f76ae3	bltu	x14,x15,10019c	 x14:0x00000009 x15:0x00000000
           5144	      2568	0010026c	03078393	addi	x7,x15,48	 x15:0x00000000  x7=0x00000030
           5146	      2569	00100270	000205b7	lui	x11,0x20	 x11=0x00020000
           5148	      2570	00100274	01451613	slli	x12,x10,0x14	 x10:0x00000001 x12=0x00100000
           5152	      2572	00100278	0075a023	sw	x7,0(x11)	 x11:0x00020000  x7:0x00000030 PA:0x00020000 store:0x00000030 load:0x00000000
           5154	      2573	0010027c	01c65693	srli	x13,x12,0x1c	 x12:0x00100000 x13=0x00000000
           5156	      2574	00100280	00900813	addi	x16,x0,9	  x0:0x00000000 x16=0x00000009
           5158	      2575	00100284	f2d86ae3	bltu	x16,x13,1001b8	 x16:0x00000009 x13:0x00000000
           5160	      2576	00100288	03068e93	addi	x29,x13,48	 x13:0x00000000 x29=0x00000030
           5162	      2577	0010028c	00020f37	lui	x30,0x20	 x30=0x00020000
           5164	      2578	00100290	01851f93	slli	x31,x10,0x18	 x10:0x00000001 x31=0x01000000
           5168	      2580	00100294	01df2023	sw	x29,0(x30)	 x30:0x00020000 x29:0x00000030 PA:0x00020000 store:0x00000030 load:0x00000000
           5170	      2581	00100298	01cfd793	srli	x15,x31,0x1c	 x31:0x01000000 x15=0x00000000
           5172	      2582	0010029c	00900713	addi	x14,x0,9	  x0:0x00000000 x14=0x00000009
           5174	      2583	001002a0	f2f76ae3	bltu	x14,x15,1001d4	 x14:0x00000009 x15:0x00000000
           5176	      2584	001002a4	03078393	addi	x7,x15,48	 x15:0x00000000  x7=0x00000030
           5178	      2585	001002a8	000205b7	lui	x11,0x20	 x11=0x00020000
           5182	      2587	001002ac	0075a023	sw	x7,0(x11)	 x11:0x00020000  x7:0x00000030 PA:0x00020000 store:0x00000030 load:0x00000000
           5184	      2588	001002b0	00f57513	andi	x10,x10,15	 x10:0x00000001 x10=0x00000001
           5186	      2589	001002b4	00900613	addi	x12,x0,9	  x0:0x00000000 x12=0x00000009
           5190	      2591	001002b8	f2a67ae3	bgeu	x12,x10,1001ec	 x12:0x00000009 x10:0x00000001
           5194	      2593	001001ec	03050893	addi	x17,x10,48	 x10:0x00000001 x17=0x00000031
           5196	      2594	001001f0	00020e37	lui	x28,0x20	 x28=0x00020000
           5200	      2596	001001f4	011e2023	sw	x17,0(x28)	 x28:0x00020000 x17:0x00000031 PA:0x00020000 store:0x00000031 load:0x00000000
           5204	      2598	001001f8	00008067	jalr	x0,0(x1)	  x1:0x0010125c  x0=0x00000000
           5206	      2599	0010125c	930c0513	addi	x10,x24,-1744	 x24:0x00102000 x10=0x00101930
           5210	      2601	00101260	e41fe0ef	jal	x1,1000a0	  x1=0x00101264
           5214	      2603	001000a0	00054803	lbu	x16,0(x10)	 x10:0x00101930 x16=0x00000020 PA:0x00101930 store:0x00000000
           5216	      2604	001000a4	06080663	beq	x16,x0,100110	 x16:0x00000020  x0:0x00000000
           5218	      2605	001000a8	000207b7	lui	x15,0x20	 x15=0x00020000
           5222	      2607	001000ac	0107a023	sw	x16,0(x15)	 x15:0x00020000 x16:0x00000020 PA:0x00020000 store:0x00000020 load:0x00000000
           5226	      2609	001000b0	00154703	lbu	x14,1(x10)	 x10:0x00101930 x14=0x00000072 PA:0x00101931 store:0x00101264
           5228	      2610	001000b4	04070e63	beq	x14,x0,100110	 x14:0x00000072  x0:0x00000000
           5232	      2612	001000b8	00e7a023	sw	x14,0(x15)	 x15:0x00020000 x14:0x00000072 PA:0x00020000 store:0x00000072 load:0x00000000
           5236	      2614	001000bc	00254283	lbu	x5,2(x10)	 x10:0x00101930  x5=0x00000065 PA:0x00101932 store:0x00137fa0
           5238	      2615	001000c0	04028863	beq	x5,x0,100110	  x5:0x00000065  x0:0x00000000
           5242	      2617	001000c4	0057a023	sw	x5,0(x15)	 x15:0x00020000  x5:0x00000065 PA:0x00020000 store:0x00000065 load:0x00000000
           5246	      2619	001000c8	00354303	lbu	x6,3(x10)	 x10:0x00101930  x6=0x00000073 PA:0x00101933 store:0x00000000
           5248	      2620	001000cc	04030263	beq	x6,x0,100110	  x6:0x00000073  x0:0x00000000
           5252	      2622	001000d0	0067a023	sw	x6,0(x15)	 x15:0x00020000  x6:0x00000073 PA:0x00020000 store:0x00000073 load:0x00000000
           5256	      2624	001000d4	00454383	lbu	x7,4(x10)	 x10:0x00101930  x7=0x00000075 PA:0x00101934 store:0x00000000
           5258	      2625	001000d8	02038c63	beq	x7,x0,100110	  x7:0x00000075  x0:0x00000000
           5262	      2627	001000dc	0077a023	sw	x7,0(x15)	 x15:0x00020000  x7:0x00000075 PA:0x00020000 store:0x00000075 load:0x00000000
           5266	      2629	001000e0	00554583	lbu	x11,5(x10)	 x10:0x00101930 x11=0x0000006c PA:0x00101935 store:0x00000065
           5268	      2630	001000e4	02058663	beq	x11,x0,100110	 x11:0x0000006c  x0:0x00000000
           5272	      2632	001000e8	00b7a023	sw	x11,0(x15)	 x15:0x00020000 x11:0x0000006c PA:0x00020000 store:0x0000006c load:0x00000000
           5276	      2634	001000ec	00654603	lbu	x12,6(x10)	 x10:0x00101930 x12=0x00000074 PA:0x00101936 store:0x00000073
           5278	      2635	001000f0	02060063	beq	x12,x0,100110	 x12:0x00000074  x0:0x00000000
           5282	      2637	001000f4	00c7a023	sw	x12,0(x15)	 x15:0x00020000 x12:0x00000074 PA:0x00020000 store:0x00000074 load:0x00000000
           5286	      2639	001000f8	00754683	lbu	x13,7(x10)	 x10:0x00101930 x13=0x0000003a PA:0x00101937 store:0x00000075
           5288	      2640	001000fc	00850513	addi	x10,x10,8	 x10:0x00101930 x10=0x00101938
           5290	      2641	00100100	00068863	beq	x13,x0,100110	 x13:0x0000003a  x0:0x00000000
           5294	      2643	00100104	00d7a023	sw	x13,0(x15)	 x15:0x00020000 x13:0x0000003a PA:0x00020000 store:0x0000003a load:0x00000000
           5298	      2645	00100108	00054803	lbu	x16,0(x10)	 x10:0x00101938 x16=0x00000020 PA:0x00101938 store:0x00000000
           5302	      2647	0010010c	fa0810e3	bne	x16,x0,1000ac	 x16:0x00000020  x0:0x00000000
           5308	      2650	001000ac	0107a023	sw	x16,0(x15)	 x15:0x00020000 x16:0x00000020 PA:0x00020000 store:0x00000020 load:0x00000000
           5312	      2652	001000b0	00154703	lbu	x14,1(x10)	 x10:0x00101938 x14=0x00000000 PA:0x00101939 store:0x00101264
           5316	      2654	001000b4	04070e63	beq	x14,x0,100110	 x14:0x00000000  x0:0x00000000
           5320	      2656	00100110	00000513	addi	x10,x0,0	  x0:0x00000000 x10=0x00000000
           5324	      2658	00100114	00008067	jalr	x0,0(x1)	  x1:0x00101264  x0=0x00000000
           5328	      2660	00101264	bf0a2503	lw	x10,-1040(x20)	 x20:0x00102000 x10=0x40957595 PA:0x00101bf0 store:0x00000020
           5330	      2661	00101268	002a8d93	addi	x27,x21,2	 x21:0x00000000 x27=0x00000002
           5334	      2663	0010126c	eb5fe0ef	jal	x1,100120	  x1=0x00101270
           5336	      2664	00100120	01c55793	srli	x15,x10,0x1c	 x10:0x40957595 x15=0x00000004
           5338	      2665	00100124	00900713	addi	x14,x0,9	  x0:0x00000000 x14=0x00000009
           5342	      2667	00100128	0cf77a63	bgeu	x14,x15,1001fc	 x14:0x00000009 x15:0x00000004
           5346	      2669	001001fc	03078393	addi	x7,x15,48	 x15:0x00000004  x7=0x00000034
           5348	      2670	00100200	000205b7	lui	x11,0x20	 x11=0x00020000
           5350	      2671	00100204	00451613	slli	x12,x10,0x4	 x10:0x40957595 x12=0x09575950
           5354	      2673	00100208	0075a023	sw	x7,0(x11)	 x11:0x00020000  x7:0x00000034 PA:0x00020000 store:0x00000034 load:0x00000000
           5356	      2674	0010020c	01c65693	srli	x13,x12,0x1c	 x12:0x09575950 x13=0x00000000
           5358	      2675	00100210	00900813	addi	x16,x0,9	  x0:0x00000000 x16=0x00000009
           5360	      2676	00100214	f2d86ae3	bltu	x16,x13,100148	 x16:0x00000009 x13:0x00000000
           5362	      2677	00100218	03068e93	addi	x29,x13,48	 x13:0x00000000 x29=0x00000030
           5364	      2678	0010021c	00020f37	lui	x30,0x20	 x30=0x00020000
           5366	      2679	00100220	00851f93	slli	x31,x10,0x8	 x10:0x40957595 x31=0x95759500
           5370	      2681	00100224	01df2023	sw	x29,0(x30)	 x30:0x00020000 x29:0x00000030 PA:0x00020000 store:0x00000030 load:0x00000000
           5372	      2682	00100228	01cfd793	srli	x15,x31,0x1c	 x31:0x95759500 x15=0x00000009
           5374	      2683	0010022c	00900713	addi	x14,x0,9	  x0:0x00000000 x14=0x00000009
           5376	      2684	00100230	f2f76ae3	bltu	x14,x15,100164	 x14:0x00000009 x15:0x00000009
           5378	      2685	00100234	03078393	addi	x7,x15,48	 x15:0x00000009  x7=0x00000039
           5380	      2686	00100238	000205b7	lui	x11,0x20	 x11=0x00020000
           5382	      2687	0010023c	00c51613	slli	x12,x10,0xc	 x10:0x40957595 x12=0x57595000
           5386	      2689	00100240	0075a023	sw	x7,0(x11)	 x11:0x00020000  x7:0x00000039 PA:0x00020000 store:0x00000039 load:0x00000000
           5388	      2690	00100244	01c65693	srli	x13,x12,0x1c	 x12:0x57595000 x13=0x00000005
           5390	      2691	00100248	00900813	addi	x16,x0,9	  x0:0x00000000 x16=0x00000009
           5392	      2692	0010024c	f2d86ae3	bltu	x16,x13,100180	 x16:0x00000009 x13:0x00000005
           5394	      2693	00100250	03068e93	addi	x29,x13,48	 x13:0x00000005 x29=0x00000035
           5396	      2694	00100254	00020f37	lui	x30,0x20	 x30=0x00020000
           5398	      2695	00100258	01051f93	slli	x31,x10,0x10	 x10:0x40957595 x31=0x75950000
           5402	      2697	0010025c	01df2023	sw	x29,0(x30)	 x30:0x00020000 x29:0x00000035 PA:0x00020000 store:0x00000035 load:0x00000000
           5404	      2698	00100260	01cfd793	srli	x15,x31,0x1c	 x31:0x75950000 x15=0x00000007
           5406	      2699	00100264	00900713	addi	x14,x0,9	  x0:0x00000000 x14=0x00000009
           5408	      2700	00100268	f2f76ae3	bltu	x14,x15,10019c	 x14:0x00000009 x15:0x00000007
           5410	      2701	0010026c	03078393	addi	x7,x15,48	 x15:0x00000007  x7=0x00000037
           5412	      2702	00100270	000205b7	lui	x11,0x20	 x11=0x00020000
           5414	      2703	00100274	01451613	slli	x12,x10,0x14	 x10:0x40957595 x12=0x59500000
           5418	      2705	00100278	0075a023	sw	x7,0(x11)	 x11:0x00020000  x7:0x00000037 PA:0x00020000 store:0x00000037 load:0x00000000
           5420	      2706	0010027c	01c65693	srli	x13,x12,0x1c	 x12:0x59500000 x13=0x00000005
           5422	      2707	00100280	00900813	addi	x16,x0,9	  x0:0x00000000 x16=0x00000009
           5424	      2708	00100284	f2d86ae3	bltu	x16,x13,1001b8	 x16:0x00000009 x13:0x00000005
           5426	      2709	00100288	03068e93	addi	x29,x13,48	 x13:0x00000005 x29=0x00000035
           5428	      2710	0010028c	00020f37	lui	x30,0x20	 x30=0x00020000
           5430	      2711	00100290	01851f93	slli	x31,x10,0x18	 x10:0x40957595 x31=0x95000000
           5434	      2713	00100294	01df2023	sw	x29,0(x30)	 x30:0x00020000 x29:0x00000035 PA:0x00020000 store:0x00000035 load:0x00000000
           5436	      2714	00100298	01cfd793	srli	x15,x31,0x1c	 x31:0x95000000 x15=0x00000009
           5438	      2715	0010029c	00900713	addi	x14,x0,9	  x0:0x00000000 x14=0x00000009
           5440	      2716	001002a0	f2f76ae3	bltu	x14,x15,1001d4	 x14:0x00000009 x15:0x00000009
           5442	      2717	001002a4	03078393	addi	x7,x15,48	 x15:0x00000009  x7=0x00000039
           5444	      2718	001002a8	000205b7	lui	x11,0x20	 x11=0x00020000
           5448	      2720	001002ac	0075a023	sw	x7,0(x11)	 x11:0x00020000  x7:0x00000039 PA:0x00020000 store:0x00000039 load:0x00000000
           5450	      2721	001002b0	00f57513	andi	x10,x10,15	 x10:0x40957595 x10=0x00000005
           5452	      2722	001002b4	00900613	addi	x12,x0,9	  x0:0x00000000 x12=0x00000009
           5456	      2724	001002b8	f2a67ae3	bgeu	x12,x10,1001ec	 x12:0x00000009 x10:0x00000005
           5460	      2726	001001ec	03050893	addi	x17,x10,48	 x10:0x00000005 x17=0x00000035
           5462	      2727	001001f0	00020e37	lui	x28,0x20	 x28=0x00020000
           5466	      2729	001001f4	011e2023	sw	x17,0(x28)	 x28:0x00020000 x17:0x00000035 PA:0x00020000 store:0x00000035 load:0x00000000
           5476	      2734	001001f8	00008067	jalr	x0,0(x1)	  x1:0x00101270  x0=0x00000000
           5478	      2735	00101270	c009af87	flw	f31,-1024(x19)	 f19:0x00102000 f31=0x00000000 PA:0x00101c00 store:0x4592dc9b
           5498	      2745	00101274	580ff053	fsqrt.s	f0,f31	 f31:0x95000000  f0=0x00000000
           5500	      2746	00101278	c009a027	fsw	f0,-1024(x19)	 f19:0x00102000  f0:0x00000000 PA:0x00101c00 store:0x400a5069 load:0x40957595
           5502	      2747	0010127c	c009a087	flw	f1,-1024(x19)	 f19:0x00102000  f1=0x00000000 PA:0x00101c00 store:0x400a5069
           5506	      2749	00101280	928c8513	addi	x10,x25,-1752	 x25:0x00102000 x10=0x00101928
           5508	      2750	00101284	e0008ed3	fmv.x.w	x29,f1	  f1:0x00101270 x29=0x400a5069
           5510	      2751	00101288	bfda2823	sw	x29,-1040(x20)	 x20:0x00102000 x29:0x400a5069 PA:0x00101bf0 store:0x400a5069 load:0x400a5069
           5512	      2752	0010128c	e15fe0ef	jal	x1,1000a0	  x1=0x00101290
           5516	      2754	001000a0	00054803	lbu	x16,0(x10)	 x10:0x00101928 x16=0x0000000a PA:0x00101928 store:0x00000000
           5518	      2755	001000a4	06080663	beq	x16,x0,100110	 x16:0x0000000a  x0:0x00000000
           5520	      2756	001000a8	000207b7	lui	x15,0x20	 x15=0x00020000
           5524	      2758	001000ac	0107a023	sw	x16,0(x15)	 x15:0x00020000 x16:0x0000000a PA:0x00020000 store:0x0000000a load:0x00000000
           5528	      2760	001000b0	00154703	lbu	x14,1(x10)	 x10:0x00101928 x14=0x00000020 PA:0x00101929 store:0x00101290
           5530	      2761	001000b4	04070e63	beq	x14,x0,100110	 x14:0x00000020  x0:0x00000000
           5534	      2763	001000b8	00e7a023	sw	x14,0(x15)	 x15:0x00020000 x14:0x00000020 PA:0x00020000 store:0x00000020 load:0x00000000
           5538	      2765	001000bc	00254283	lbu	x5,2(x10)	 x10:0x00101928  x5=0x00000069 PA:0x0010192a store:0x00137fa0
           5540	      2766	001000c0	04028863	beq	x5,x0,100110	  x5:0x00000069  x0:0x00000000
           5544	      2768	001000c4	0057a023	sw	x5,0(x15)	 x15:0x00020000  x5:0x00000069 PA:0x00020000 store:0x00000069 load:0x00000000
           5548	      2770	001000c8	00354303	lbu	x6,3(x10)	 x10:0x00101928  x6=0x0000003d PA:0x0010192b store:0x00000000
           5550	      2771	001000cc	04030263	beq	x6,x0,100110	  x6:0x0000003d  x0:0x00000000
           5554	      2773	001000d0	0067a023	sw	x6,0(x15)	 x15:0x00020000  x6:0x0000003d PA:0x00020000 store:0x0000003d load:0x00000000
           5558	      2775	001000d4	00454383	lbu	x7,4(x10)	 x10:0x00101928  x7=0x00000000 PA:0x0010192c store:0x00000000
           5562	      2777	001000d8	02038c63	beq	x7,x0,100110	  x7:0x00000000  x0:0x00000000
           5566	      2779	00100110	00000513	addi	x10,x0,0	  x0:0x00000000 x10=0x00000000
           5570	      2781	00100114	00008067	jalr	x0,0(x1)	  x1:0x00101290  x0=0x00000000
           5572	      2782	00101290	000d8513	addi	x10,x27,0	 x27:0x00000002 x10=0x00000002
           5576	      2784	00101294	e8dfe0ef	jal	x1,100120	  x1=0x00101298
           5578	      2785	00100120	01c55793	srli	x15,x10,0x1c	 x10:0x00000002 x15=0x00000000
           5580	      2786	00100124	00900713	addi	x14,x0,9	  x0:0x00000000 x14=0x00000009
           5584	      2788	00100128	0cf77a63	bgeu	x14,x15,1001fc	 x14:0x00000009 x15:0x00000000
           5588	      2790	001001fc	03078393	addi	x7,x15,48	 x15:0x00000000  x7=0x00000030
           5590	      2791	00100200	000205b7	lui	x11,0x20	 x11=0x00020000
           5592	      2792	00100204	00451613	slli	x12,x10,0x4	 x10:0x00000002 x12=0x00000020
           5596	      2794	00100208	0075a023	sw	x7,0(x11)	 x11:0x00020000  x7:0x00000030 PA:0x00020000 store:0x00000030 load:0x00000000
           5598	      2795	0010020c	01c65693	srli	x13,x12,0x1c	 x12:0x00000020 x13=0x00000000
           5600	      2796	00100210	00900813	addi	x16,x0,9	  x0:0x00000000 x16=0x00000009
           5602	      2797	00100214	f2d86ae3	bltu	x16,x13,100148	 x16:0x00000009 x13:0x00000000
           5604	      2798	00100218	03068e93	addi	x29,x13,48	 x13:0x00000000 x29=0x00000030
           5606	      2799	0010021c	00020f37	lui	x30,0x20	 x30=0x00020000
           5608	      2800	00100220	00851f93	slli	x31,x10,0x8	 x10:0x00000002 x31=0x00000200
           5612	      2802	00100224	01df2023	sw	x29,0(x30)	 x30:0x00020000 x29:0x00000030 PA:0x00020000 store:0x00000030 load:0x00000000
           5614	      2803	00100228	01cfd793	srli	x15,x31,0x1c	 x31:0x00000200 x15=0x00000000
           5616	      2804	0010022c	00900713	addi	x14,x0,9	  x0:0x00000000 x14=0x00000009
           5618	      2805	00100230	f2f76ae3	bltu	x14,x15,100164	 x14:0x00000009 x15:0x00000000
           5620	      2806	00100234	03078393	addi	x7,x15,48	 x15:0x00000000  x7=0x00000030
           5622	      2807	00100238	000205b7	lui	x11,0x20	 x11=0x00020000
           5624	      2808	0010023c	00c51613	slli	x12,x10,0xc	 x10:0x00000002 x12=0x00002000
           5628	      2810	00100240	0075a023	sw	x7,0(x11)	 x11:0x00020000  x7:0x00000030 PA:0x00020000 store:0x00000030 load:0x00000000
           5630	      2811	00100244	01c65693	srli	x13,x12,0x1c	 x12:0x00002000 x13=0x00000000
           5632	      2812	00100248	00900813	addi	x16,x0,9	  x0:0x00000000 x16=0x00000009
           5634	      2813	0010024c	f2d86ae3	bltu	x16,x13,100180	 x16:0x00000009 x13:0x00000000
           5636	      2814	00100250	03068e93	addi	x29,x13,48	 x13:0x00000000 x29=0x00000030
           5638	      2815	00100254	00020f37	lui	x30,0x20	 x30=0x00020000
           5640	      2816	00100258	01051f93	slli	x31,x10,0x10	 x10:0x00000002 x31=0x00020000
           5644	      2818	0010025c	01df2023	sw	x29,0(x30)	 x30:0x00020000 x29:0x00000030 PA:0x00020000 store:0x00000030 load:0x00000000
           5646	      2819	00100260	01cfd793	srli	x15,x31,0x1c	 x31:0x00020000 x15=0x00000000
           5648	      2820	00100264	00900713	addi	x14,x0,9	  x0:0x00000000 x14=0x00000009
           5650	      2821	00100268	f2f76ae3	bltu	x14,x15,10019c	 x14:0x00000009 x15:0x00000000
           5652	      2822	0010026c	03078393	addi	x7,x15,48	 x15:0x00000000  x7=0x00000030
           5654	      2823	00100270	000205b7	lui	x11,0x20	 x11=0x00020000
           5656	      2824	00100274	01451613	slli	x12,x10,0x14	 x10:0x00000002 x12=0x00200000
           5660	      2826	00100278	0075a023	sw	x7,0(x11)	 x11:0x00020000  x7:0x00000030 PA:0x00020000 store:0x00000030 load:0x00000000
           5662	      2827	0010027c	01c65693	srli	x13,x12,0x1c	 x12:0x00200000 x13=0x00000000
           5664	      2828	00100280	00900813	addi	x16,x0,9	  x0:0x00000000 x16=0x00000009
           5666	      2829	00100284	f2d86ae3	bltu	x16,x13,1001b8	 x16:0x00000009 x13:0x00000000
           5668	      2830	00100288	03068e93	addi	x29,x13,48	 x13:0x00000000 x29=0x00000030
           5670	      2831	0010028c	00020f37	lui	x30,0x20	 x30=0x00020000
           5672	      2832	00100290	01851f93	slli	x31,x10,0x18	 x10:0x00000002 x31=0x02000000
           5676	      2834	00100294	01df2023	sw	x29,0(x30)	 x30:0x00020000 x29:0x00000030 PA:0x00020000 store:0x00000030 load:0x00000000
           5678	      2835	00100298	01cfd793	srli	x15,x31,0x1c	 x31:0x02000000 x15=0x00000000
           5680	      2836	0010029c	00900713	addi	x14,x0,9	  x0:0x00000000 x14=0x00000009
           5682	      2837	001002a0	f2f76ae3	bltu	x14,x15,1001d4	 x14:0x00000009 x15:0x00000000
           5684	      2838	001002a4	03078393	addi	x7,x15,48	 x15:0x00000000  x7=0x00000030
           5686	      2839	001002a8	000205b7	lui	x11,0x20	 x11=0x00020000
           5690	      2841	001002ac	0075a023	sw	x7,0(x11)	 x11:0x00020000  x7:0x00000030 PA:0x00020000 store:0x00000030 load:0x00000000
           5692	      2842	001002b0	00f57513	andi	x10,x10,15	 x10:0x00000002 x10=0x00000002
           5694	      2843	001002b4	00900613	addi	x12,x0,9	  x0:0x00000000 x12=0x00000009
           5698	      2845	001002b8	f2a67ae3	bgeu	x12,x10,1001ec	 x12:0x00000009 x10:0x00000002
           5702	      2847	001001ec	03050893	addi	x17,x10,48	 x10:0x00000002 x17=0x00000032
           5704	      2848	001001f0	00020e37	lui	x28,0x20	 x28=0x00020000
           5708	      2850	001001f4	011e2023	sw	x17,0(x28)	 x28:0x00020000 x17:0x00000032 PA:0x00020000 store:0x00000032 load:0x00000000
           5712	      2852	001001f8	00008067	jalr	x0,0(x1)	  x1:0x00101298  x0=0x00000000
           5714	      2853	00101298	930c0513	addi	x10,x24,-1744	 x24:0x00102000 x10=0x00101930
           5718	      2855	0010129c	e05fe0ef	jal	x1,1000a0	  x1=0x001012a0
           5722	      2857	001000a0	00054803	lbu	x16,0(x10)	 x10:0x00101930 x16=0x00000020 PA:0x00101930 store:0x00000000
           5724	      2858	001000a4	06080663	beq	x16,x0,100110	 x16:0x00000020  x0:0x00000000
           5726	      2859	001000a8	000207b7	lui	x15,0x20	 x15=0x00020000
           5730	      2861	001000ac	0107a023	sw	x16,0(x15)	 x15:0x00020000 x16:0x00000020 PA:0x00020000 store:0x00000020 load:0x00000000
           5734	      2863	001000b0	00154703	lbu	x14,1(x10)	 x10:0x00101930 x14=0x00000072 PA:0x00101931 store:0x001012a0
           5736	      2864	001000b4	04070e63	beq	x14,x0,100110	 x14:0x00000072  x0:0x00000000
           5740	      2866	001000b8	00e7a023	sw	x14,0(x15)	 x15:0x00020000 x14:0x00000072 PA:0x00020000 store:0x00000072 load:0x00000000
           5744	      2868	001000bc	00254283	lbu	x5,2(x10)	 x10:0x00101930  x5=0x00000065 PA:0x00101932 store:0x00137fa0
           5746	      2869	001000c0	04028863	beq	x5,x0,100110	  x5:0x00000065  x0:0x00000000
           5750	      2871	001000c4	0057a023	sw	x5,0(x15)	 x15:0x00020000  x5:0x00000065 PA:0x00020000 store:0x00000065 load:0x00000000
           5754	      2873	001000c8	00354303	lbu	x6,3(x10)	 x10:0x00101930  x6=0x00000073 PA:0x00101933 store:0x00000000
           5756	      2874	001000cc	04030263	beq	x6,x0,100110	  x6:0x00000073  x0:0x00000000
           5760	      2876	001000d0	0067a023	sw	x6,0(x15)	 x15:0x00020000  x6:0x00000073 PA:0x00020000 store:0x00000073 load:0x00000000
           5764	      2878	001000d4	00454383	lbu	x7,4(x10)	 x10:0x00101930  x7=0x00000075 PA:0x00101934 store:0x00000000
           5766	      2879	001000d8	02038c63	beq	x7,x0,100110	  x7:0x00000075  x0:0x00000000
           5770	      2881	001000dc	0077a023	sw	x7,0(x15)	 x15:0x00020000  x7:0x00000075 PA:0x00020000 store:0x00000075 load:0x00000000
           5774	      2883	001000e0	00554583	lbu	x11,5(x10)	 x10:0x00101930 x11=0x0000006c PA:0x00101935 store:0x00000065
           5776	      2884	001000e4	02058663	beq	x11,x0,100110	 x11:0x0000006c  x0:0x00000000
           5780	      2886	001000e8	00b7a023	sw	x11,0(x15)	 x15:0x00020000 x11:0x0000006c PA:0x00020000 store:0x0000006c load:0x00000000
           5784	      2888	001000ec	00654603	lbu	x12,6(x10)	 x10:0x00101930 x12=0x00000074 PA:0x00101936 store:0x00000073
           5786	      2889	001000f0	02060063	beq	x12,x0,100110	 x12:0x00000074  x0:0x00000000
           5790	      2891	001000f4	00c7a023	sw	x12,0(x15)	 x15:0x00020000 x12:0x00000074 PA:0x00020000 store:0x00000074 load:0x00000000
           5794	      2893	001000f8	00754683	lbu	x13,7(x10)	 x10:0x00101930 x13=0x0000003a PA:0x00101937 store:0x00000075
           5796	      2894	001000fc	00850513	addi	x10,x10,8	 x10:0x00101930 x10=0x00101938
           5798	      2895	00100100	00068863	beq	x13,x0,100110	 x13:0x0000003a  x0:0x00000000
           5802	      2897	00100104	00d7a023	sw	x13,0(x15)	 x15:0x00020000 x13:0x0000003a PA:0x00020000 store:0x0000003a load:0x00000000
           5806	      2899	00100108	00054803	lbu	x16,0(x10)	 x10:0x00101938 x16=0x00000020 PA:0x00101938 store:0x00000000
           5810	      2901	0010010c	fa0810e3	bne	x16,x0,1000ac	 x16:0x00000020  x0:0x00000000
           5816	      2904	001000ac	0107a023	sw	x16,0(x15)	 x15:0x00020000 x16:0x00000020 PA:0x00020000 store:0x00000020 load:0x00000000
           5820	      2906	001000b0	00154703	lbu	x14,1(x10)	 x10:0x00101938 x14=0x00000000 PA:0x00101939 store:0x001012a0
           5824	      2908	001000b4	04070e63	beq	x14,x0,100110	 x14:0x00000000  x0:0x00000000
           5828	      2910	00100110	00000513	addi	x10,x0,0	  x0:0x00000000 x10=0x00000000
           5832	      2912	00100114	00008067	jalr	x0,0(x1)	  x1:0x001012a0  x0=0x00000000
           5836	      2914	001012a0	bf0a2503	lw	x10,-1040(x20)	 x20:0x00102000 x10=0x400a5069 PA:0x00101bf0 store:0x00000020
           5838	      2915	001012a4	003a8d93	addi	x27,x21,3	 x21:0x00000000 x27=0x00000003
           5840	      2916	001012a8	004a8a93	addi	x21,x21,4	 x21:0x00000000 x21=0x00000004
           5844	      2918	001012ac	e75fe0ef	jal	x1,100120	  x1=0x001012b0
           5846	      2919	00100120	01c55793	srli	x15,x10,0x1c	 x10:0x400a5069 x15=0x00000004
           5848	      2920	00100124	00900713	addi	x14,x0,9	  x0:0x00000000 x14=0x00000009
           5852	      2922	00100128	0cf77a63	bgeu	x14,x15,1001fc	 x14:0x00000009 x15:0x00000004
           5856	      2924	001001fc	03078393	addi	x7,x15,48	 x15:0x00000004  x7=0x00000034
           5858	      2925	00100200	000205b7	lui	x11,0x20	 x11=0x00020000
           5860	      2926	00100204	00451613	slli	x12,x10,0x4	 x10:0x400a5069 x12=0x00a50690
           5864	      2928	00100208	0075a023	sw	x7,0(x11)	 x11:0x00020000  x7:0x00000034 PA:0x00020000 store:0x00000034 load:0x00000000
           5866	      2929	0010020c	01c65693	srli	x13,x12,0x1c	 x12:0x00a50690 x13=0x00000000
           5868	      2930	00100210	00900813	addi	x16,x0,9	  x0:0x00000000 x16=0x00000009
           5870	      2931	00100214	f2d86ae3	bltu	x16,x13,100148	 x16:0x00000009 x13:0x00000000
           5872	      2932	00100218	03068e93	addi	x29,x13,48	 x13:0x00000000 x29=0x00000030
           5874	      2933	0010021c	00020f37	lui	x30,0x20	 x30=0x00020000
           5876	      2934	00100220	00851f93	slli	x31,x10,0x8	 x10:0x400a5069 x31=0x0a506900
           5880	      2936	00100224	01df2023	sw	x29,0(x30)	 x30:0x00020000 x29:0x00000030 PA:0x00020000 store:0x00000030 load:0x00000000
           5882	      2937	00100228	01cfd793	srli	x15,x31,0x1c	 x31:0x0a506900 x15=0x00000000
           5884	      2938	0010022c	00900713	addi	x14,x0,9	  x0:0x00000000 x14=0x00000009
           5886	      2939	00100230	f2f76ae3	bltu	x14,x15,100164	 x14:0x00000009 x15:0x00000000
           5888	      2940	00100234	03078393	addi	x7,x15,48	 x15:0x00000000  x7=0x00000030
           5890	      2941	00100238	000205b7	lui	x11,0x20	 x11=0x00020000
           5892	      2942	0010023c	00c51613	slli	x12,x10,0xc	 x10:0x400a5069 x12=0xa5069000
           5896	      2944	00100240	0075a023	sw	x7,0(x11)	 x11:0x00020000  x7:0x00000030 PA:0x00020000 store:0x00000030 load:0x00000000
           5898	      2945	00100244	01c65693	srli	x13,x12,0x1c	 x12:0xa5069000 x13=0x0000000a
           5900	      2946	00100248	00900813	addi	x16,x0,9	  x0:0x00000000 x16=0x00000009
           5904	      2948	0010024c	f2d86ae3	bltu	x16,x13,100180	 x16:0x00000009 x13:0x0000000a
           5908	      2950	00100180	03768893	addi	x17,x13,55	 x13:0x0000000a x17=0x00000041
           5910	      2951	00100184	00020e37	lui	x28,0x20	 x28=0x00020000
           5912	      2952	00100188	01051f93	slli	x31,x10,0x10	 x10:0x400a5069 x31=0x50690000
           5916	      2954	0010018c	011e2023	sw	x17,0(x28)	 x28:0x00020000 x17:0x00000041 PA:0x00020000 store:0x00000041 load:0x00000000
           5918	      2955	00100190	01cfd793	srli	x15,x31,0x1c	 x31:0x50690000 x15=0x00000005
           5920	      2956	00100194	00900713	addi	x14,x0,9	  x0:0x00000000 x14=0x00000009
           5924	      2958	00100198	0cf77a63	bgeu	x14,x15,10026c	 x14:0x00000009 x15:0x00000005
           5928	      2960	0010026c	03078393	addi	x7,x15,48	 x15:0x00000005  x7=0x00000035
           5930	      2961	00100270	000205b7	lui	x11,0x20	 x11=0x00020000
           5932	      2962	00100274	01451613	slli	x12,x10,0x14	 x10:0x400a5069 x12=0x06900000
           5936	      2964	00100278	0075a023	sw	x7,0(x11)	 x11:0x00020000  x7:0x00000035 PA:0x00020000 store:0x00000035 load:0x00000000
           5938	      2965	0010027c	01c65693	srli	x13,x12,0x1c	 x12:0x06900000 x13=0x00000000
           5940	      2966	00100280	00900813	addi	x16,x0,9	  x0:0x00000000 x16=0x00000009
           5942	      2967	00100284	f2d86ae3	bltu	x16,x13,1001b8	 x16:0x00000009 x13:0x00000000
           5944	      2968	00100288	03068e93	addi	x29,x13,48	 x13:0x00000000 x29=0x00000030
           5946	      2969	0010028c	00020f37	lui	x30,0x20	 x30=0x00020000
           5948	      2970	00100290	01851f93	slli	x31,x10,0x18	 x10:0x400a5069 x31=0x69000000
           5952	      2972	00100294	01df2023	sw	x29,0(x30)	 x30:0x00020000 x29:0x00000030 PA:0x00020000 store:0x00000030 load:0x00000000
           5954	      2973	00100298	01cfd793	srli	x15,x31,0x1c	 x31:0x69000000 x15=0x00000006
           5956	      2974	0010029c	00900713	addi	x14,x0,9	  x0:0x00000000 x14=0x00000009
           5958	      2975	001002a0	f2f76ae3	bltu	x14,x15,1001d4	 x14:0x00000009 x15:0x00000006
           5960	      2976	001002a4	03078393	addi	x7,x15,48	 x15:0x00000006  x7=0x00000036
           5962	      2977	001002a8	000205b7	lui	x11,0x20	 x11=0x00020000
           5966	      2979	001002ac	0075a023	sw	x7,0(x11)	 x11:0x00020000  x7:0x00000036 PA:0x00020000 store:0x00000036 load:0x00000000
           5968	      2980	001002b0	00f57513	andi	x10,x10,15	 x10:0x400a5069 x10=0x00000009
           5970	      2981	001002b4	00900613	addi	x12,x0,9	  x0:0x00000000 x12=0x00000009
           5974	      2983	001002b8	f2a67ae3	bgeu	x12,x10,1001ec	 x12:0x00000009 x10:0x00000009
           5978	      2985	001001ec	03050893	addi	x17,x10,48	 x10:0x00000009 x17=0x00000039
           5980	      2986	001001f0	00020e37	lui	x28,0x20	 x28=0x00020000
           5984	      2988	001001f4	011e2023	sw	x17,0(x28)	 x28:0x00020000 x17:0x00000039 PA:0x00020000 store:0x00000039 load:0x00000000
           5994	      2993	001001f8	00008067	jalr	x0,0(x1)	  x1:0x001012b0  x0=0x00000000
           5996	      2994	001012b0	c009a107	flw	f2,-1024(x19)	 f19:0x00102000  f2=0x00000000 PA:0x00101c00 store:0x400a5069
           6016	      3004	001012b4	58017753	fsqrt.s	f14,f2	  f2:0x00137fa0 f14=0x00000000
           6018	      3005	001012b8	c0e9a027	fsw	f14,-1024(x19)	 f19:0x00102000 f14:0x00000009 PA:0x00101c00 store:0x3fbc2bd5 load:0x400a5069
           6020	      3006	001012bc	c009a787	flw	f15,-1024(x19)	 f19:0x00102000 f15=0x00000000 PA:0x00101c00 store:0x400a5069
           6024	      3008	001012c0	928c8513	addi	x10,x25,-1752	 x25:0x00102000 x10=0x00101928
           6026	      3009	001012c4	e0078f53	fmv.x.w	x30,f15	 f15:0x00000006 x30=0x3fbc2bd5
           6028	      3010	001012c8	bfea2823	sw	x30,-1040(x20)	 x20:0x00102000 x30:0x3fbc2bd5 PA:0x00101bf0 store:0x3fbc2bd5 load:0x3fbc2bd5
           6030	      3011	001012cc	dd5fe0ef	jal	x1,1000a0	  x1=0x001012d0
           6034	      3013	001000a0	00054803	lbu	x16,0(x10)	 x10:0x00101928 x16=0x0000000a PA:0x00101928 store:0x00000000
           6036	      3014	001000a4	06080663	beq	x16,x0,100110	 x16:0x0000000a  x0:0x00000000
           6038	      3015	001000a8	000207b7	lui	x15,0x20	 x15=0x00020000
           6042	      3017	001000ac	0107a023	sw	x16,0(x15)	 x15:0x00020000 x16:0x0000000a PA:0x00020000 store:0x0000000a load:0x00000000
           6046	      3019	001000b0	00154703	lbu	x14,1(x10)	 x10:0x00101928 x14=0x00000020 PA:0x00101929 store:0x001012d0
           6048	      3020	001000b4	04070e63	beq	x14,x0,100110	 x14:0x00000020  x0:0x00000000
           6052	      3022	001000b8	00e7a023	sw	x14,0(x15)	 x15:0x00020000 x14:0x00000020 PA:0x00020000 store:0x00000020 load:0x00000000
           6056	      3024	001000bc	00254283	lbu	x5,2(x10)	 x10:0x00101928  x5=0x00000069 PA:0x0010192a store:0x00137fa0
           6058	      3025	001000c0	04028863	beq	x5,x0,100110	  x5:0x00000069  x0:0x00000000
           6062	      3027	001000c4	0057a023	sw	x5,0(x15)	 x15:0x00020000  x5:0x00000069 PA:0x00020000 store:0x00000069 load:0x00000000
           6066	      3029	001000c8	00354303	lbu	x6,3(x10)	 x10:0x00101928  x6=0x0000003d PA:0x0010192b store:0x00000000
           6068	      3030	001000cc	04030263	beq	x6,x0,100110	  x6:0x0000003d  x0:0x00000000
           6072	      3032	001000d0	0067a023	sw	x6,0(x15)	 x15:0x00020000  x6:0x0000003d PA:0x00020000 store:0x0000003d load:0x00000000
           6076	      3034	001000d4	00454383	lbu	x7,4(x10)	 x10:0x00101928  x7=0x00000000 PA:0x0010192c store:0x00000000
           6080	      3036	001000d8	02038c63	beq	x7,x0,100110	  x7:0x00000000  x0:0x00000000
           6084	      3038	00100110	00000513	addi	x10,x0,0	  x0:0x00000000 x10=0x00000000
           6088	      3040	00100114	00008067	jalr	x0,0(x1)	  x1:0x001012d0  x0=0x00000000
           6090	      3041	001012d0	000d8513	addi	x10,x27,0	 x27:0x00000003 x10=0x00000003
           6094	      3043	001012d4	e4dfe0ef	jal	x1,100120	  x1=0x001012d8
           6096	      3044	00100120	01c55793	srli	x15,x10,0x1c	 x10:0x00000003 x15=0x00000000
           6098	      3045	00100124	00900713	addi	x14,x0,9	  x0:0x00000000 x14=0x00000009
           6102	      3047	00100128	0cf77a63	bgeu	x14,x15,1001fc	 x14:0x00000009 x15:0x00000000
           6106	      3049	001001fc	03078393	addi	x7,x15,48	 x15:0x00000000  x7=0x00000030
           6108	      3050	00100200	000205b7	lui	x11,0x20	 x11=0x00020000
           6110	      3051	00100204	00451613	slli	x12,x10,0x4	 x10:0x00000003 x12=0x00000030
           6114	      3053	00100208	0075a023	sw	x7,0(x11)	 x11:0x00020000  x7:0x00000030 PA:0x00020000 store:0x00000030 load:0x00000000
           6116	      3054	0010020c	01c65693	srli	x13,x12,0x1c	 x12:0x00000030 x13=0x00000000
           6118	      3055	00100210	00900813	addi	x16,x0,9	  x0:0x00000000 x16=0x00000009
           6120	      3056	00100214	f2d86ae3	bltu	x16,x13,100148	 x16:0x00000009 x13:0x00000000
           6122	      3057	00100218	03068e93	addi	x29,x13,48	 x13:0x00000000 x29=0x00000030
           6124	      3058	0010021c	00020f37	lui	x30,0x20	 x30=0x00020000
           6126	      3059	00100220	00851f93	slli	x31,x10,0x8	 x10:0x00000003 x31=0x00000300
           6130	      3061	00100224	01df2023	sw	x29,0(x30)	 x30:0x00020000 x29:0x00000030 PA:0x00020000 store:0x00000030 load:0x00000000
           6132	      3062	00100228	01cfd793	srli	x15,x31,0x1c	 x31:0x00000300 x15=0x00000000
           6134	      3063	0010022c	00900713	addi	x14,x0,9	  x0:0x00000000 x14=0x00000009
           6136	      3064	00100230	f2f76ae3	bltu	x14,x15,100164	 x14:0x00000009 x15:0x00000000
           6138	      3065	00100234	03078393	addi	x7,x15,48	 x15:0x00000000  x7=0x00000030
           6140	      3066	00100238	000205b7	lui	x11,0x20	 x11=0x00020000
           6142	      3067	0010023c	00c51613	slli	x12,x10,0xc	 x10:0x00000003 x12=0x00003000
           6146	      3069	00100240	0075a023	sw	x7,0(x11)	 x11:0x00020000  x7:0x00000030 PA:0x00020000 store:0x00000030 load:0x00000000
           6148	      3070	00100244	01c65693	srli	x13,x12,0x1c	 x12:0x00003000 x13=0x00000000
           6150	      3071	00100248	00900813	addi	x16,x0,9	  x0:0x00000000 x16=0x00000009
           6152	      3072	0010024c	f2d86ae3	bltu	x16,x13,100180	 x16:0x00000009 x13:0x00000000
           6154	      3073	00100250	03068e93	addi	x29,x13,48	 x13:0x00000000 x29=0x00000030
           6156	      3074	00100254	00020f37	lui	x30,0x20	 x30=0x00020000
           6158	      3075	00100258	01051f93	slli	x31,x10,0x10	 x10:0x00000003 x31=0x00030000
           6162	      3077	0010025c	01df2023	sw	x29,0(x30)	 x30:0x00020000 x29:0x00000030 PA:0x00020000 store:0x00000030 load:0x00000000
           6164	      3078	00100260	01cfd793	srli	x15,x31,0x1c	 x31:0x00030000 x15=0x00000000
           6166	      3079	00100264	00900713	addi	x14,x0,9	  x0:0x00000000 x14=0x00000009
           6168	      3080	00100268	f2f76ae3	bltu	x14,x15,10019c	 x14:0x00000009 x15:0x00000000
           6170	      3081	0010026c	03078393	addi	x7,x15,48	 x15:0x00000000  x7=0x00000030
           6172	      3082	00100270	000205b7	lui	x11,0x20	 x11=0x00020000
           6174	      3083	00100274	01451613	slli	x12,x10,0x14	 x10:0x00000003 x12=0x00300000
           6178	      3085	00100278	0075a023	sw	x7,0(x11)	 x11:0x00020000  x7:0x00000030 PA:0x00020000 store:0x00000030 load:0x00000000
           6180	      3086	0010027c	01c65693	srli	x13,x12,0x1c	 x12:0x00300000 x13=0x00000000
           6182	      3087	00100280	00900813	addi	x16,x0,9	  x0:0x00000000 x16=0x00000009
           6184	      3088	00100284	f2d86ae3	bltu	x16,x13,1001b8	 x16:0x00000009 x13:0x00000000
           6186	      3089	00100288	03068e93	addi	x29,x13,48	 x13:0x00000000 x29=0x00000030
           6188	      3090	0010028c	00020f37	lui	x30,0x20	 x30=0x00020000
           6190	      3091	00100290	01851f93	slli	x31,x10,0x18	 x10:0x00000003 x31=0x03000000
           6194	      3093	00100294	01df2023	sw	x29,0(x30)	 x30:0x00020000 x29:0x00000030 PA:0x00020000 store:0x00000030 load:0x00000000
           6196	      3094	00100298	01cfd793	srli	x15,x31,0x1c	 x31:0x03000000 x15=0x00000000
           6198	      3095	0010029c	00900713	addi	x14,x0,9	  x0:0x00000000 x14=0x00000009
           6200	      3096	001002a0	f2f76ae3	bltu	x14,x15,1001d4	 x14:0x00000009 x15:0x00000000
           6202	      3097	001002a4	03078393	addi	x7,x15,48	 x15:0x00000000  x7=0x00000030
           6204	      3098	001002a8	000205b7	lui	x11,0x20	 x11=0x00020000
           6208	      3100	001002ac	0075a023	sw	x7,0(x11)	 x11:0x00020000  x7:0x00000030 PA:0x00020000 store:0x00000030 load:0x00000000
           6210	      3101	001002b0	00f57513	andi	x10,x10,15	 x10:0x00000003 x10=0x00000003
           6212	      3102	001002b4	00900613	addi	x12,x0,9	  x0:0x00000000 x12=0x00000009
           6216	      3104	001002b8	f2a67ae3	bgeu	x12,x10,1001ec	 x12:0x00000009 x10:0x00000003
           6220	      3106	001001ec	03050893	addi	x17,x10,48	 x10:0x00000003 x17=0x00000033
           6222	      3107	001001f0	00020e37	lui	x28,0x20	 x28=0x00020000
           6226	      3109	001001f4	011e2023	sw	x17,0(x28)	 x28:0x00020000 x17:0x00000033 PA:0x00020000 store:0x00000033 load:0x00000000
           6230	      3111	001001f8	00008067	jalr	x0,0(x1)	  x1:0x001012d8  x0=0x00000000
           6232	      3112	001012d8	930c0513	addi	x10,x24,-1744	 x24:0x00102000 x10=0x00101930
           6236	      3114	001012dc	dc5fe0ef	jal	x1,1000a0	  x1=0x001012e0
           6240	      3116	001000a0	00054803	lbu	x16,0(x10)	 x10:0x00101930 x16=0x00000020 PA:0x00101930 store:0x00000000
           6242	      3117	001000a4	06080663	beq	x16,x0,100110	 x16:0x00000020  x0:0x00000000
           6244	      3118	001000a8	000207b7	lui	x15,0x20	 x15=0x00020000
           6248	      3120	001000ac	0107a023	sw	x16,0(x15)	 x15:0x00020000 x16:0x00000020 PA:0x00020000 store:0x00000020 load:0x00000000
           6252	      3122	001000b0	00154703	lbu	x14,1(x10)	 x10:0x00101930 x14=0x00000072 PA:0x00101931 store:0x001012e0
           6254	      3123	001000b4	04070e63	beq	x14,x0,100110	 x14:0x00000072  x0:0x00000000
           6258	      3125	001000b8	00e7a023	sw	x14,0(x15)	 x15:0x00020000 x14:0x00000072 PA:0x00020000 store:0x00000072 load:0x00000000
           6262	      3127	001000bc	00254283	lbu	x5,2(x10)	 x10:0x00101930  x5=0x00000065 PA:0x00101932 store:0x00137fa0
           6264	      3128	001000c0	04028863	beq	x5,x0,100110	  x5:0x00000065  x0:0x00000000
           6268	      3130	001000c4	0057a023	sw	x5,0(x15)	 x15:0x00020000  x5:0x00000065 PA:0x00020000 store:0x00000065 load:0x00000000
           6272	      3132	001000c8	00354303	lbu	x6,3(x10)	 x10:0x00101930  x6=0x00000073 PA:0x00101933 store:0x00000000
           6274	      3133	001000cc	04030263	beq	x6,x0,100110	  x6:0x00000073  x0:0x00000000
           6278	      3135	001000d0	0067a023	sw	x6,0(x15)	 x15:0x00020000  x6:0x00000073 PA:0x00020000 store:0x00000073 load:0x00000000
           6282	      3137	001000d4	00454383	lbu	x7,4(x10)	 x10:0x00101930  x7=0x00000075 PA:0x00101934 store:0x00000000
           6284	      3138	001000d8	02038c63	beq	x7,x0,100110	  x7:0x00000075  x0:0x00000000
           6288	      3140	001000dc	0077a023	sw	x7,0(x15)	 x15:0x00020000  x7:0x00000075 PA:0x00020000 store:0x00000075 load:0x00000000
           6292	      3142	001000e0	00554583	lbu	x11,5(x10)	 x10:0x00101930 x11=0x0000006c PA:0x00101935 store:0x00000065
           6294	      3143	001000e4	02058663	beq	x11,x0,100110	 x11:0x0000006c  x0:0x00000000
           6298	      3145	001000e8	00b7a023	sw	x11,0(x15)	 x15:0x00020000 x11:0x0000006c PA:0x00020000 store:0x0000006c load:0x00000000
           6302	      3147	001000ec	00654603	lbu	x12,6(x10)	 x10:0x00101930 x12=0x00000074 PA:0x00101936 store:0x00000073
           6304	      3148	001000f0	02060063	beq	x12,x0,100110	 x12:0x00000074  x0:0x00000000
           6308	      3150	001000f4	00c7a023	sw	x12,0(x15)	 x15:0x00020000 x12:0x00000074 PA:0x00020000 store:0x00000074 load:0x00000000
           6312	      3152	001000f8	00754683	lbu	x13,7(x10)	 x10:0x00101930 x13=0x0000003a PA:0x00101937 store:0x00000075
           6314	      3153	001000fc	00850513	addi	x10,x10,8	 x10:0x00101930 x10=0x00101938
           6316	      3154	00100100	00068863	beq	x13,x0,100110	 x13:0x0000003a  x0:0x00000000
           6320	      3156	00100104	00d7a023	sw	x13,0(x15)	 x15:0x00020000 x13:0x0000003a PA:0x00020000 store:0x0000003a load:0x00000000
           6324	      3158	00100108	00054803	lbu	x16,0(x10)	 x10:0x00101938 x16=0x00000020 PA:0x00101938 store:0x00000000
           6328	      3160	0010010c	fa0810e3	bne	x16,x0,1000ac	 x16:0x00000020  x0:0x00000000
           6334	      3163	001000ac	0107a023	sw	x16,0(x15)	 x15:0x00020000 x16:0x00000020 PA:0x00020000 store:0x00000020 load:0x00000000
           6338	      3165	001000b0	00154703	lbu	x14,1(x10)	 x10:0x00101938 x14=0x00000000 PA:0x00101939 store:0x001012e0
           6342	      3167	001000b4	04070e63	beq	x14,x0,100110	 x14:0x00000000  x0:0x00000000
           6346	      3169	00100110	00000513	addi	x10,x0,0	  x0:0x00000000 x10=0x00000000
           6350	      3171	00100114	00008067	jalr	x0,0(x1)	  x1:0x001012e0  x0=0x00000000
           6354	      3173	001012e0	bf0a2503	lw	x10,-1040(x20)	 x20:0x00102000 x10=0x3fbc2bd5 PA:0x00101bf0 store:0x00000020
           6358	      3175	001012e4	e3dfe0ef	jal	x1,100120	  x1=0x001012e8
           6360	      3176	00100120	01c55793	srli	x15,x10,0x1c	 x10:0x3fbc2bd5 x15=0x00000003
           6362	      3177	00100124	00900713	addi	x14,x0,9	  x0:0x00000000 x14=0x00000009
           6366	      3179	00100128	0cf77a63	bgeu	x14,x15,1001fc	 x14:0x00000009 x15:0x00000003
           6370	      3181	001001fc	03078393	addi	x7,x15,48	 x15:0x00000003  x7=0x00000033
           6372	      3182	00100200	000205b7	lui	x11,0x20	 x11=0x00020000
           6374	      3183	00100204	00451613	slli	x12,x10,0x4	 x10:0x3fbc2bd5 x12=0xfbc2bd50
           6378	      3185	00100208	0075a023	sw	x7,0(x11)	 x11:0x00020000  x7:0x00000033 PA:0x00020000 store:0x00000033 load:0x00000000
           6380	      3186	0010020c	01c65693	srli	x13,x12,0x1c	 x12:0xfbc2bd50 x13=0x0000000f
           6382	      3187	00100210	00900813	addi	x16,x0,9	  x0:0x00000000 x16=0x00000009
           6386	      3189	00100214	f2d86ae3	bltu	x16,x13,100148	 x16:0x00000009 x13:0x0000000f
           6390	      3191	00100148	03768893	addi	x17,x13,55	 x13:0x0000000f x17=0x00000046
           6392	      3192	0010014c	00020e37	lui	x28,0x20	 x28=0x00020000
           6394	      3193	00100150	00851f93	slli	x31,x10,0x8	 x10:0x3fbc2bd5 x31=0xbc2bd500
           6398	      3195	00100154	011e2023	sw	x17,0(x28)	 x28:0x00020000 x17:0x00000046 PA:0x00020000 store:0x00000046 load:0x00000000
           6400	      3196	00100158	01cfd793	srli	x15,x31,0x1c	 x31:0xbc2bd500 x15=0x0000000b
           6402	      3197	0010015c	00900713	addi	x14,x0,9	  x0:0x00000000 x14=0x00000009
           6404	      3198	00100160	0cf77a63	bgeu	x14,x15,100234	 x14:0x00000009 x15:0x0000000b
           6406	      3199	00100164	03778293	addi	x5,x15,55	 x15:0x0000000b  x5=0x00000042
           6408	      3200	00100168	00020337	lui	x6,0x20	  x6=0x00020000
           6410	      3201	0010016c	00c51613	slli	x12,x10,0xc	 x10:0x3fbc2bd5 x12=0xc2bd5000
           6414	      3203	00100170	00532023	sw	x5,0(x6)	  x6:0x00020000  x5:0x00000042 PA:0x00020000 store:0x00000042 load:0x00000000
           6416	      3204	00100174	01c65693	srli	x13,x12,0x1c	 x12:0xc2bd5000 x13=0x0000000c
           6418	      3205	00100178	00900813	addi	x16,x0,9	  x0:0x00000000 x16=0x00000009
           6420	      3206	0010017c	0cd87a63	bgeu	x16,x13,100250	 x16:0x00000009 x13:0x0000000c
           6422	      3207	00100180	03768893	addi	x17,x13,55	 x13:0x0000000c x17=0x00000043
           6424	      3208	00100184	00020e37	lui	x28,0x20	 x28=0x00020000
           6426	      3209	00100188	01051f93	slli	x31,x10,0x10	 x10:0x3fbc2bd5 x31=0x2bd50000
           6430	      3211	0010018c	011e2023	sw	x17,0(x28)	 x28:0x00020000 x17:0x00000043 PA:0x00020000 store:0x00000043 load:0x00000000
           6432	      3212	00100190	01cfd793	srli	x15,x31,0x1c	 x31:0x2bd50000 x15=0x00000002
           6434	      3213	00100194	00900713	addi	x14,x0,9	  x0:0x00000000 x14=0x00000009
           6438	      3215	00100198	0cf77a63	bgeu	x14,x15,10026c	 x14:0x00000009 x15:0x00000002
           6442	      3217	0010026c	03078393	addi	x7,x15,48	 x15:0x00000002  x7=0x00000032
           6444	      3218	00100270	000205b7	lui	x11,0x20	 x11=0x00020000
           6446	      3219	00100274	01451613	slli	x12,x10,0x14	 x10:0x3fbc2bd5 x12=0xbd500000
           6450	      3221	00100278	0075a023	sw	x7,0(x11)	 x11:0x00020000  x7:0x00000032 PA:0x00020000 store:0x00000032 load:0x00000000
           6452	      3222	0010027c	01c65693	srli	x13,x12,0x1c	 x12:0xbd500000 x13=0x0000000b
           6454	      3223	00100280	00900813	addi	x16,x0,9	  x0:0x00000000 x16=0x00000009
           6458	      3225	00100284	f2d86ae3	bltu	x16,x13,1001b8	 x16:0x00000009 x13:0x0000000b
           6462	      3227	001001b8	03768893	addi	x17,x13,55	 x13:0x0000000b x17=0x00000042
           6464	      3228	001001bc	00020e37	lui	x28,0x20	 x28=0x00020000
           6466	      3229	001001c0	01851f93	slli	x31,x10,0x18	 x10:0x3fbc2bd5 x31=0xd5000000
           6470	      3231	001001c4	011e2023	sw	x17,0(x28)	 x28:0x00020000 x17:0x00000042 PA:0x00020000 store:0x00000042 load:0x00000000
           6472	      3232	001001c8	01cfd793	srli	x15,x31,0x1c	 x31:0xd5000000 x15=0x0000000d
           6474	      3233	001001cc	00900713	addi	x14,x0,9	  x0:0x00000000 x14=0x00000009
           6476	      3234	001001d0	0cf77a63	bgeu	x14,x15,1002a4	 x14:0x00000009 x15:0x0000000d
           6478	      3235	001001d4	03778293	addi	x5,x15,55	 x15:0x0000000d  x5=0x00000044
           6480	      3236	001001d8	00020337	lui	x6,0x20	  x6=0x00020000
           6484	      3238	001001dc	00532023	sw	x5,0(x6)	  x6:0x00020000  x5:0x00000044 PA:0x00020000 store:0x00000044 load:0x00000000
           6486	      3239	001001e0	00f57513	andi	x10,x10,15	 x10:0x3fbc2bd5 x10=0x00000005
           6488	      3240	001001e4	00900613	addi	x12,x0,9	  x0:0x00000000 x12=0x00000009
           6490	      3241	001001e8	0ca66a63	bltu	x12,x10,1002bc	 x12:0x00000009 x10:0x00000005
           6492	      3242	001001ec	03050893	addi	x17,x10,48	 x10:0x00000005 x17=0x00000035
           6494	      3243	001001f0	00020e37	lui	x28,0x20	 x28=0x00020000
           6498	      3245	001001f4	011e2023	sw	x17,0(x28)	 x28:0x00020000 x17:0x00000035 PA:0x00020000 store:0x00000035 load:0x00000000
           6502	      3247	001001f8	00008067	jalr	x0,0(x1)	  x1:0x001012e8  x0=0x00000000
           6506	      3249	001012e8	f1aa98e3	bne	x21,x26,1011f8	 x21:0x00000004 x26:0x00000014
           6514	      3253	001011f8	c009a987	flw	f19,-1024(x19)	 f19:0x00102000 f19=0x00000000 PA:0x00101c00 store:0x400a5069
           6538	      3265	001011fc	928c8513	addi	x10,x25,-1752	 x25:0x00102000 x10=0x00101928
           6540	      3266	00101200	5809fa53	fsqrt.s	f20,f19	 f19:0x00102000 f20=0x00000000
           6542	      3267	00101204	c149a027	fsw	f20,-1024(x19)	 f19:0x00102000 f20:0x00102000 PA:0x00101c00 store:0x3f9b3246 load:0x3fbc2bd5
           6544	      3268	00101208	c009aa87	flw	f21,-1024(x19)	 f19:0x00102000 f21=0x00000000 PA:0x00101c00 store:0x400a5069
           6546	      3269	0010120c	e00a8dd3	fmv.x.w	x27,f21	 f21:0x00000004 x27=0x3f9b3246
           6548	      3270	00101210	bfba2823	sw	x27,-1040(x20)	 x20:0x00102000 x27:0x3f9b3246 PA:0x00101bf0 store:0x3f9b3246 load:0x3f9b3246
           6550	      3271	00101214	e8dfe0ef	jal	x1,1000a0	  x1=0x00101218
           6554	      3273	001000a0	00054803	lbu	x16,0(x10)	 x10:0x00101928 x16=0x0000000a PA:0x00101928 store:0x00000000
           6556	      3274	001000a4	06080663	beq	x16,x0,100110	 x16:0x0000000a  x0:0x00000000
           6558	      3275	001000a8	000207b7	lui	x15,0x20	 x15=0x00020000
           6562	      3277	001000ac	0107a023	sw	x16,0(x15)	 x15:0x00020000 x16:0x0000000a PA:0x00020000 store:0x0000000a load:0x00000000
           6566	      3279	001000b0	00154703	lbu	x14,1(x10)	 x10:0x00101928 x14=0x00000020 PA:0x00101929 store:0x00101218
           6568	      3280	001000b4	04070e63	beq	x14,x0,100110	 x14:0x00000020  x0:0x00000000
           6572	      3282	001000b8	00e7a023	sw	x14,0(x15)	 x15:0x00020000 x14:0x00000020 PA:0x00020000 store:0x00000020 load:0x00000000
           6576	      3284	001000bc	00254283	lbu	x5,2(x10)	 x10:0x00101928  x5=0x00000069 PA:0x0010192a store:0x00137fa0
           6578	      3285	001000c0	04028863	beq	x5,x0,100110	  x5:0x00000069  x0:0x00000000
           6582	      3287	001000c4	0057a023	sw	x5,0(x15)	 x15:0x00020000  x5:0x00000069 PA:0x00020000 store:0x00000069 load:0x00000000
           6586	      3289	001000c8	00354303	lbu	x6,3(x10)	 x10:0x00101928  x6=0x0000003d PA:0x0010192b store:0x00000000
           6588	      3290	001000cc	04030263	beq	x6,x0,100110	  x6:0x0000003d  x0:0x00000000
           6592	      3292	001000d0	0067a023	sw	x6,0(x15)	 x15:0x00020000  x6:0x0000003d PA:0x00020000 store:0x0000003d load:0x00000000
           6596	      3294	001000d4	00454383	lbu	x7,4(x10)	 x10:0x00101928  x7=0x00000000 PA:0x0010192c store:0x00000000
           6600	      3296	001000d8	02038c63	beq	x7,x0,100110	  x7:0x00000000  x0:0x00000000
           6604	      3298	00100110	00000513	addi	x10,x0,0	  x0:0x00000000 x10=0x00000000
           6608	      3300	00100114	00008067	jalr	x0,0(x1)	  x1:0x00101218  x0=0x00000000
           6610	      3301	00101218	000a8513	addi	x10,x21,0	 x21:0x00000004 x10=0x00000004
           6614	      3303	0010121c	f05fe0ef	jal	x1,100120	  x1=0x00101220
           6616	      3304	00100120	01c55793	srli	x15,x10,0x1c	 x10:0x00000004 x15=0x00000000
           6618	      3305	00100124	00900713	addi	x14,x0,9	  x0:0x00000000 x14=0x00000009
           6622	      3307	00100128	0cf77a63	bgeu	x14,x15,1001fc	 x14:0x00000009 x15:0x00000000
           6626	      3309	001001fc	03078393	addi	x7,x15,48	 x15:0x00000000  x7=0x00000030
           6628	      3310	00100200	000205b7	lui	x11,0x20	 x11=0x00020000
           6630	      3311	00100204	00451613	slli	x12,x10,0x4	 x10:0x00000004 x12=0x00000040
           6634	      3313	00100208	0075a023	sw	x7,0(x11)	 x11:0x00020000  x7:0x00000030 PA:0x00020000 store:0x00000030 load:0x00000000
           6636	      3314	0010020c	01c65693	srli	x13,x12,0x1c	 x12:0x00000040 x13=0x00000000
           6638	      3315	00100210	00900813	addi	x16,x0,9	  x0:0x00000000 x16=0x00000009
           6640	      3316	00100214	f2d86ae3	bltu	x16,x13,100148	 x16:0x00000009 x13:0x00000000
           6642	      3317	00100218	03068e93	addi	x29,x13,48	 x13:0x00000000 x29=0x00000030
           6644	      3318	0010021c	00020f37	lui	x30,0x20	 x30=0x00020000
           6646	      3319	00100220	00851f93	slli	x31,x10,0x8	 x10:0x00000004 x31=0x00000400
           6650	      3321	00100224	01df2023	sw	x29,0(x30)	 x30:0x00020000 x29:0x00000030 PA:0x00020000 store:0x00000030 load:0x00000000
           6652	      3322	00100228	01cfd793	srli	x15,x31,0x1c	 x31:0x00000400 x15=0x00000000
           6654	      3323	0010022c	00900713	addi	x14,x0,9	  x0:0x00000000 x14=0x00000009
           6656	      3324	00100230	f2f76ae3	bltu	x14,x15,100164	 x14:0x00000009 x15:0x00000000
           6658	      3325	00100234	03078393	addi	x7,x15,48	 x15:0x00000000  x7=0x00000030
           6660	      3326	00100238	000205b7	lui	x11,0x20	 x11=0x00020000
           6662	      3327	0010023c	00c51613	slli	x12,x10,0xc	 x10:0x00000004 x12=0x00004000
           6666	      3329	00100240	0075a023	sw	x7,0(x11)	 x11:0x00020000  x7:0x00000030 PA:0x00020000 store:0x00000030 load:0x00000000
           6668	      3330	00100244	01c65693	srli	x13,x12,0x1c	 x12:0x00004000 x13=0x00000000
           6670	      3331	00100248	00900813	addi	x16,x0,9	  x0:0x00000000 x16=0x00000009
           6672	      3332	0010024c	f2d86ae3	bltu	x16,x13,100180	 x16:0x00000009 x13:0x00000000
           6674	      3333	00100250	03068e93	addi	x29,x13,48	 x13:0x00000000 x29=0x00000030
           6676	      3334	00100254	00020f37	lui	x30,0x20	 x30=0x00020000
           6678	      3335	00100258	01051f93	slli	x31,x10,0x10	 x10:0x00000004 x31=0x00040000
           6682	      3337	0010025c	01df2023	sw	x29,0(x30)	 x30:0x00020000 x29:0x00000030 PA:0x00020000 store:0x00000030 load:0x00000000
           6684	      3338	00100260	01cfd793	srli	x15,x31,0x1c	 x31:0x00040000 x15=0x00000000
           6686	      3339	00100264	00900713	addi	x14,x0,9	  x0:0x00000000 x14=0x00000009
           6688	      3340	00100268	f2f76ae3	bltu	x14,x15,10019c	 x14:0x00000009 x15:0x00000000
           6690	      3341	0010026c	03078393	addi	x7,x15,48	 x15:0x00000000  x7=0x00000030
           6692	      3342	00100270	000205b7	lui	x11,0x20	 x11=0x00020000
           6694	      3343	00100274	01451613	slli	x12,x10,0x14	 x10:0x00000004 x12=0x00400000
           6698	      3345	00100278	0075a023	sw	x7,0(x11)	 x11:0x00020000  x7:0x00000030 PA:0x00020000 store:0x00000030 load:0x00000000
           6700	      3346	0010027c	01c65693	srli	x13,x12,0x1c	 x12:0x00400000 x13=0x00000000
           6702	      3347	00100280	00900813	addi	x16,x0,9	  x0:0x00000000 x16=0x00000009
           6704	      3348	00100284	f2d86ae3	bltu	x16,x13,1001b8	 x16:0x00000009 x13:0x00000000
           6706	      3349	00100288	03068e93	addi	x29,x13,48	 x13:0x00000000 x29=0x00000030
           6708	      3350	0010028c	00020f37	lui	x30,0x20	 x30=0x00020000
           6710	      3351	00100290	01851f93	slli	x31,x10,0x18	 x10:0x00000004 x31=0x04000000
           6714	      3353	00100294	01df2023	sw	x29,0(x30)	 x30:0x00020000 x29:0x00000030 PA:0x00020000 store:0x00000030 load:0x00000000
           6716	      3354	00100298	01cfd793	srli	x15,x31,0x1c	 x31:0x04000000 x15=0x00000000
           6718	      3355	0010029c	00900713	addi	x14,x0,9	  x0:0x00000000 x14=0x00000009
           6720	      3356	001002a0	f2f76ae3	bltu	x14,x15,1001d4	 x14:0x00000009 x15:0x00000000
           6722	      3357	001002a4	03078393	addi	x7,x15,48	 x15:0x00000000  x7=0x00000030
           6724	      3358	001002a8	000205b7	lui	x11,0x20	 x11=0x00020000
           6728	      3360	001002ac	0075a023	sw	x7,0(x11)	 x11:0x00020000  x7:0x00000030 PA:0x00020000 store:0x00000030 load:0x00000000
           6730	      3361	001002b0	00f57513	andi	x10,x10,15	 x10:0x00000004 x10=0x00000004
           6732	      3362	001002b4	00900613	addi	x12,x0,9	  x0:0x00000000 x12=0x00000009
           6736	      3364	001002b8	f2a67ae3	bgeu	x12,x10,1001ec	 x12:0x00000009 x10:0x00000004
           6740	      3366	001001ec	03050893	addi	x17,x10,48	 x10:0x00000004 x17=0x00000034
           6742	      3367	001001f0	00020e37	lui	x28,0x20	 x28=0x00020000
           6746	      3369	001001f4	011e2023	sw	x17,0(x28)	 x28:0x00020000 x17:0x00000034 PA:0x00020000 store:0x00000034 load:0x00000000
           6750	      3371	001001f8	00008067	jalr	x0,0(x1)	  x1:0x00101220  x0=0x00000000
           6752	      3372	00101220	930c0513	addi	x10,x24,-1744	 x24:0x00102000 x10=0x00101930
           6756	      3374	00101224	e7dfe0ef	jal	x1,1000a0	  x1=0x00101228
           6760	      3376	001000a0	00054803	lbu	x16,0(x10)	 x10:0x00101930 x16=0x00000020 PA:0x00101930 store:0x00000000
           6762	      3377	001000a4	06080663	beq	x16,x0,100110	 x16:0x00000020  x0:0x00000000
           6764	      3378	001000a8	000207b7	lui	x15,0x20	 x15=0x00020000
           6768	      3380	001000ac	0107a023	sw	x16,0(x15)	 x15:0x00020000 x16:0x00000020 PA:0x00020000 store:0x00000020 load:0x00000000
           6772	      3382	001000b0	00154703	lbu	x14,1(x10)	 x10:0x00101930 x14=0x00000072 PA:0x00101931 store:0x00101228
           6774	      3383	001000b4	04070e63	beq	x14,x0,100110	 x14:0x00000072  x0:0x00000000
           6778	      3385	001000b8	00e7a023	sw	x14,0(x15)	 x15:0x00020000 x14:0x00000072 PA:0x00020000 store:0x00000072 load:0x00000000
           6782	      3387	001000bc	00254283	lbu	x5,2(x10)	 x10:0x00101930  x5=0x00000065 PA:0x00101932 store:0x00137fa0
           6784	      3388	001000c0	04028863	beq	x5,x0,100110	  x5:0x00000065  x0:0x00000000
           6788	      3390	001000c4	0057a023	sw	x5,0(x15)	 x15:0x00020000  x5:0x00000065 PA:0x00020000 store:0x00000065 load:0x00000000
           6792	      3392	001000c8	00354303	lbu	x6,3(x10)	 x10:0x00101930  x6=0x00000073 PA:0x00101933 store:0x00000000
           6794	      3393	001000cc	04030263	beq	x6,x0,100110	  x6:0x00000073  x0:0x00000000
           6798	      3395	001000d0	0067a023	sw	x6,0(x15)	 x15:0x00020000  x6:0x00000073 PA:0x00020000 store:0x00000073 load:0x00000000
           6802	      3397	001000d4	00454383	lbu	x7,4(x10)	 x10:0x00101930  x7=0x00000075 PA:0x00101934 store:0x00000000
           6804	      3398	001000d8	02038c63	beq	x7,x0,100110	  x7:0x00000075  x0:0x00000000
           6808	      3400	001000dc	0077a023	sw	x7,0(x15)	 x15:0x00020000  x7:0x00000075 PA:0x00020000 store:0x00000075 load:0x00000000
           6812	      3402	001000e0	00554583	lbu	x11,5(x10)	 x10:0x00101930 x11=0x0000006c PA:0x00101935 store:0x00000065
           6814	      3403	001000e4	02058663	beq	x11,x0,100110	 x11:0x0000006c  x0:0x00000000
           6818	      3405	001000e8	00b7a023	sw	x11,0(x15)	 x15:0x00020000 x11:0x0000006c PA:0x00020000 store:0x0000006c load:0x00000000
           6822	      3407	001000ec	00654603	lbu	x12,6(x10)	 x10:0x00101930 x12=0x00000074 PA:0x00101936 store:0x00000073
           6824	      3408	001000f0	02060063	beq	x12,x0,100110	 x12:0x00000074  x0:0x00000000
           6828	      3410	001000f4	00c7a023	sw	x12,0(x15)	 x15:0x00020000 x12:0x00000074 PA:0x00020000 store:0x00000074 load:0x00000000
           6832	      3412	001000f8	00754683	lbu	x13,7(x10)	 x10:0x00101930 x13=0x0000003a PA:0x00101937 store:0x00000075
           6834	      3413	001000fc	00850513	addi	x10,x10,8	 x10:0x00101930 x10=0x00101938
           6836	      3414	00100100	00068863	beq	x13,x0,100110	 x13:0x0000003a  x0:0x00000000
           6840	      3416	00100104	00d7a023	sw	x13,0(x15)	 x15:0x00020000 x13:0x0000003a PA:0x00020000 store:0x0000003a load:0x00000000
           6844	      3418	00100108	00054803	lbu	x16,0(x10)	 x10:0x00101938 x16=0x00000020 PA:0x00101938 store:0x00000000
           6848	      3420	0010010c	fa0810e3	bne	x16,x0,1000ac	 x16:0x00000020  x0:0x00000000
           6854	      3423	001000ac	0107a023	sw	x16,0(x15)	 x15:0x00020000 x16:0x00000020 PA:0x00020000 store:0x00000020 load:0x00000000
           6858	      3425	001000b0	00154703	lbu	x14,1(x10)	 x10:0x00101938 x14=0x00000000 PA:0x00101939 store:0x00101228
           6862	      3427	001000b4	04070e63	beq	x14,x0,100110	 x14:0x00000000  x0:0x00000000
           6866	      3429	00100110	00000513	addi	x10,x0,0	  x0:0x00000000 x10=0x00000000
           6870	      3431	00100114	00008067	jalr	x0,0(x1)	  x1:0x00101228  x0=0x00000000
           6874	      3433	00101228	bf0a2503	lw	x10,-1040(x20)	 x20:0x00102000 x10=0x3f9b3246 PA:0x00101bf0 store:0x00000020
           6876	      3434	0010122c	001a8d93	addi	x27,x21,1	 x21:0x00000004 x27=0x00000005
           6880	      3436	00101230	ef1fe0ef	jal	x1,100120	  x1=0x00101234
           6882	      3437	00100120	01c55793	srli	x15,x10,0x1c	 x10:0x3f9b3246 x15=0x00000003
           6884	      3438	00100124	00900713	addi	x14,x0,9	  x0:0x00000000 x14=0x00000009
           6888	      3440	00100128	0cf77a63	bgeu	x14,x15,1001fc	 x14:0x00000009 x15:0x00000003
           6892	      3442	001001fc	03078393	addi	x7,x15,48	 x15:0x00000003  x7=0x00000033
           6894	      3443	00100200	000205b7	lui	x11,0x20	 x11=0x00020000
           6896	      3444	00100204	00451613	slli	x12,x10,0x4	 x10:0x3f9b3246 x12=0xf9b32460
           6900	      3446	00100208	0075a023	sw	x7,0(x11)	 x11:0x00020000  x7:0x00000033 PA:0x00020000 store:0x00000033 load:0x00000000
           6902	      3447	0010020c	01c65693	srli	x13,x12,0x1c	 x12:0xf9b32460 x13=0x0000000f
           6904	      3448	00100210	00900813	addi	x16,x0,9	  x0:0x00000000 x16=0x00000009
           6908	      3450	00100214	f2d86ae3	bltu	x16,x13,100148	 x16:0x00000009 x13:0x0000000f
           6912	      3452	00100148	03768893	addi	x17,x13,55	 x13:0x0000000f x17=0x00000046
           6914	      3453	0010014c	00020e37	lui	x28,0x20	 x28=0x00020000
           6916	      3454	00100150	00851f93	slli	x31,x10,0x8	 x10:0x3f9b3246 x31=0x9b324600
           6920	      3456	00100154	011e2023	sw	x17,0(x28)	 x28:0x00020000 x17:0x00000046 PA:0x00020000 store:0x00000046 load:0x00000000
           6922	      3457	00100158	01cfd793	srli	x15,x31,0x1c	 x31:0x9b324600 x15=0x00000009
           6924	      3458	0010015c	00900713	addi	x14,x0,9	  x0:0x00000000 x14=0x00000009
           6928	      3460	00100160	0cf77a63	bgeu	x14,x15,100234	 x14:0x00000009 x15:0x00000009
           6932	      3462	00100234	03078393	addi	x7,x15,48	 x15:0x00000009  x7=0x00000039
           6934	      3463	00100238	000205b7	lui	x11,0x20	 x11=0x00020000
           6936	      3464	0010023c	00c51613	slli	x12,x10,0xc	 x10:0x3f9b3246 x12=0xb3246000
           6940	      3466	00100240	0075a023	sw	x7,0(x11)	 x11:0x00020000  x7:0x00000039 PA:0x00020000 store:0x00000039 load:0x00000000
           6942	      3467	00100244	01c65693	srli	x13,x12,0x1c	 x12:0xb3246000 x13=0x0000000b
           6944	      3468	00100248	00900813	addi	x16,x0,9	  x0:0x00000000 x16=0x00000009
           6948	      3470	0010024c	f2d86ae3	bltu	x16,x13,100180	 x16:0x00000009 x13:0x0000000b
           6952	      3472	00100180	03768893	addi	x17,x13,55	 x13:0x0000000b x17=0x00000042
           6954	      3473	00100184	00020e37	lui	x28,0x20	 x28=0x00020000
           6956	      3474	00100188	01051f93	slli	x31,x10,0x10	 x10:0x3f9b3246 x31=0x32460000
           6960	      3476	0010018c	011e2023	sw	x17,0(x28)	 x28:0x00020000 x17:0x00000042 PA:0x00020000 store:0x00000042 load:0x00000000
           6962	      3477	00100190	01cfd793	srli	x15,x31,0x1c	 x31:0x32460000 x15=0x00000003
           6964	      3478	00100194	00900713	addi	x14,x0,9	  x0:0x00000000 x14=0x00000009
           6968	      3480	00100198	0cf77a63	bgeu	x14,x15,10026c	 x14:0x00000009 x15:0x00000003
           6972	      3482	0010026c	03078393	addi	x7,x15,48	 x15:0x00000003  x7=0x00000033
           6974	      3483	00100270	000205b7	lui	x11,0x20	 x11=0x00020000
           6976	      3484	00100274	01451613	slli	x12,x10,0x14	 x10:0x3f9b3246 x12=0x24600000
           6980	      3486	00100278	0075a023	sw	x7,0(x11)	 x11:0x00020000  x7:0x00000033 PA:0x00020000 store:0x00000033 load:0x00000000
           6982	      3487	0010027c	01c65693	srli	x13,x12,0x1c	 x12:0x24600000 x13=0x00000002
           6984	      3488	00100280	00900813	addi	x16,x0,9	  x0:0x00000000 x16=0x00000009
           6986	      3489	00100284	f2d86ae3	bltu	x16,x13,1001b8	 x16:0x00000009 x13:0x00000002
           6988	      3490	00100288	03068e93	addi	x29,x13,48	 x13:0x00000002 x29=0x00000032
           6990	      3491	0010028c	00020f37	lui	x30,0x20	 x30=0x00020000
           6992	      3492	00100290	01851f93	slli	x31,x10,0x18	 x10:0x3f9b3246 x31=0x46000000
           6996	      3494	00100294	01df2023	sw	x29,0(x30)	 x30:0x00020000 x29:0x00000032 PA:0x00020000 store:0x00000032 load:0x00000000
           6998	      3495	00100298	01cfd793	srli	x15,x31,0x1c	 x31:0x46000000 x15=0x00000004
           7000	      3496	0010029c	00900713	addi	x14,x0,9	  x0:0x00000000 x14=0x00000009
           7002	      3497	001002a0	f2f76ae3	bltu	x14,x15,1001d4	 x14:0x00000009 x15:0x00000004
           7004	      3498	001002a4	03078393	addi	x7,x15,48	 x15:0x00000004  x7=0x00000034
           7006	      3499	001002a8	000205b7	lui	x11,0x20	 x11=0x00020000
           7010	      3501	001002ac	0075a023	sw	x7,0(x11)	 x11:0x00020000  x7:0x00000034 PA:0x00020000 store:0x00000034 load:0x00000000
           7012	      3502	001002b0	00f57513	andi	x10,x10,15	 x10:0x3f9b3246 x10=0x00000006
           7014	      3503	001002b4	00900613	addi	x12,x0,9	  x0:0x00000000 x12=0x00000009
           7018	      3505	001002b8	f2a67ae3	bgeu	x12,x10,1001ec	 x12:0x00000009 x10:0x00000006
           7022	      3507	001001ec	03050893	addi	x17,x10,48	 x10:0x00000006 x17=0x00000036
           7024	      3508	001001f0	00020e37	lui	x28,0x20	 x28=0x00020000
           7028	      3510	001001f4	011e2023	sw	x17,0(x28)	 x28:0x00020000 x17:0x00000036 PA:0x00020000 store:0x00000036 load:0x00000000
           7038	      3515	001001f8	00008067	jalr	x0,0(x1)	  x1:0x00101234  x0=0x00000000
           7040	      3516	00101234	c009ae07	flw	f28,-1024(x19)	 f19:0x00102000 f28=0x00000000 PA:0x00101c00 store:0x400a5069
           7060	      3526	00101238	580e7ed3	fsqrt.s	f29,f28	 f28:0x00020000 f29=0x00000000
           7062	      3527	0010123c	c1d9a027	fsw	f29,-1024(x19)	 f19:0x00102000 f29:0x00000032 PA:0x00101c00 store:0x3f8cf199 load:0x3f9b3246
           7064	      3528	00101240	c009af07	flw	f30,-1024(x19)	 f19:0x00102000 f30=0x00000000 PA:0x00101c00 store:0x400a5069
           7068	      3530	00101244	928c8513	addi	x10,x25,-1752	 x25:0x00102000 x10=0x00101928
           7070	      3531	00101248	e00f0e53	fmv.x.w	x28,f30	 f30:0x00020000 x28=0x3f8cf199
           7072	      3532	0010124c	bfca2823	sw	x28,-1040(x20)	 x20:0x00102000 x28:0x3f8cf199 PA:0x00101bf0 store:0x3f8cf199 load:0x3f8cf199
           7074	      3533	00101250	e51fe0ef	jal	x1,1000a0	  x1=0x00101254
           7078	      3535	001000a0	00054803	lbu	x16,0(x10)	 x10:0x00101928 x16=0x0000000a PA:0x00101928 store:0x00000000
           7080	      3536	001000a4	06080663	beq	x16,x0,100110	 x16:0x0000000a  x0:0x00000000
           7082	      3537	001000a8	000207b7	lui	x15,0x20	 x15=0x00020000
           7086	      3539	001000ac	0107a023	sw	x16,0(x15)	 x15:0x00020000 x16:0x0000000a PA:0x00020000 store:0x0000000a load:0x00000000
           7090	      3541	001000b0	00154703	lbu	x14,1(x10)	 x10:0x00101928 x14=0x00000020 PA:0x00101929 store:0x00101254
           7092	      3542	001000b4	04070e63	beq	x14,x0,100110	 x14:0x00000020  x0:0x00000000
           7096	      3544	001000b8	00e7a023	sw	x14,0(x15)	 x15:0x00020000 x14:0x00000020 PA:0x00020000 store:0x00000020 load:0x00000000
           7100	      3546	001000bc	00254283	lbu	x5,2(x10)	 x10:0x00101928  x5=0x00000069 PA:0x0010192a store:0x00137fa0
           7102	      3547	001000c0	04028863	beq	x5,x0,100110	  x5:0x00000069  x0:0x00000000
           7106	      3549	001000c4	0057a023	sw	x5,0(x15)	 x15:0x00020000  x5:0x00000069 PA:0x00020000 store:0x00000069 load:0x00000000
           7110	      3551	001000c8	00354303	lbu	x6,3(x10)	 x10:0x00101928  x6=0x0000003d PA:0x0010192b store:0x00000000
           7112	      3552	001000cc	04030263	beq	x6,x0,100110	  x6:0x0000003d  x0:0x00000000
           7116	      3554	001000d0	0067a023	sw	x6,0(x15)	 x15:0x00020000  x6:0x0000003d PA:0x00020000 store:0x0000003d load:0x00000000
           7120	      3556	001000d4	00454383	lbu	x7,4(x10)	 x10:0x00101928  x7=0x00000000 PA:0x0010192c store:0x00000000
           7124	      3558	001000d8	02038c63	beq	x7,x0,100110	  x7:0x00000000  x0:0x00000000
           7128	      3560	00100110	00000513	addi	x10,x0,0	  x0:0x00000000 x10=0x00000000
           7132	      3562	00100114	00008067	jalr	x0,0(x1)	  x1:0x00101254  x0=0x00000000
           7134	      3563	00101254	000d8513	addi	x10,x27,0	 x27:0x00000005 x10=0x00000005
           7138	      3565	00101258	ec9fe0ef	jal	x1,100120	  x1=0x0010125c
           7140	      3566	00100120	01c55793	srli	x15,x10,0x1c	 x10:0x00000005 x15=0x00000000
           7142	      3567	00100124	00900713	addi	x14,x0,9	  x0:0x00000000 x14=0x00000009
           7146	      3569	00100128	0cf77a63	bgeu	x14,x15,1001fc	 x14:0x00000009 x15:0x00000000
           7150	      3571	001001fc	03078393	addi	x7,x15,48	 x15:0x00000000  x7=0x00000030
           7152	      3572	00100200	000205b7	lui	x11,0x20	 x11=0x00020000
           7154	      3573	00100204	00451613	slli	x12,x10,0x4	 x10:0x00000005 x12=0x00000050
           7158	      3575	00100208	0075a023	sw	x7,0(x11)	 x11:0x00020000  x7:0x00000030 PA:0x00020000 store:0x00000030 load:0x00000000
           7160	      3576	0010020c	01c65693	srli	x13,x12,0x1c	 x12:0x00000050 x13=0x00000000
           7162	      3577	00100210	00900813	addi	x16,x0,9	  x0:0x00000000 x16=0x00000009
           7164	      3578	00100214	f2d86ae3	bltu	x16,x13,100148	 x16:0x00000009 x13:0x00000000
           7166	      3579	00100218	03068e93	addi	x29,x13,48	 x13:0x00000000 x29=0x00000030
           7168	      3580	0010021c	00020f37	lui	x30,0x20	 x30=0x00020000
           7170	      3581	00100220	00851f93	slli	x31,x10,0x8	 x10:0x00000005 x31=0x00000500
           7174	      3583	00100224	01df2023	sw	x29,0(x30)	 x30:0x00020000 x29:0x00000030 PA:0x00020000 store:0x00000030 load:0x00000000
           7176	      3584	00100228	01cfd793	srli	x15,x31,0x1c	 x31:0x00000500 x15=0x00000000
           7178	      3585	0010022c	00900713	addi	x14,x0,9	  x0:0x00000000 x14=0x00000009
           7180	      3586	00100230	f2f76ae3	bltu	x14,x15,100164	 x14:0x00000009 x15:0x00000000
           7182	      3587	00100234	03078393	addi	x7,x15,48	 x15:0x00000000  x7=0x00000030
           7184	      3588	00100238	000205b7	lui	x11,0x20	 x11=0x00020000
           7186	      3589	0010023c	00c51613	slli	x12,x10,0xc	 x10:0x00000005 x12=0x00005000
           7190	      3591	00100240	0075a023	sw	x7,0(x11)	 x11:0x00020000  x7:0x00000030 PA:0x00020000 store:0x00000030 load:0x00000000
           7192	      3592	00100244	01c65693	srli	x13,x12,0x1c	 x12:0x00005000 x13=0x00000000
           7194	      3593	00100248	00900813	addi	x16,x0,9	  x0:0x00000000 x16=0x00000009
           7196	      3594	0010024c	f2d86ae3	bltu	x16,x13,100180	 x16:0x00000009 x13:0x00000000
           7198	      3595	00100250	03068e93	addi	x29,x13,48	 x13:0x00000000 x29=0x00000030
           7200	      3596	00100254	00020f37	lui	x30,0x20	 x30=0x00020000
           7202	      3597	00100258	01051f93	slli	x31,x10,0x10	 x10:0x00000005 x31=0x00050000
           7206	      3599	0010025c	01df2023	sw	x29,0(x30)	 x30:0x00020000 x29:0x00000030 PA:0x00020000 store:0x00000030 load:0x00000000
           7208	      3600	00100260	01cfd793	srli	x15,x31,0x1c	 x31:0x00050000 x15=0x00000000
           7210	      3601	00100264	00900713	addi	x14,x0,9	  x0:0x00000000 x14=0x00000009
           7212	      3602	00100268	f2f76ae3	bltu	x14,x15,10019c	 x14:0x00000009 x15:0x00000000
           7214	      3603	0010026c	03078393	addi	x7,x15,48	 x15:0x00000000  x7=0x00000030
           7216	      3604	00100270	000205b7	lui	x11,0x20	 x11=0x00020000
           7218	      3605	00100274	01451613	slli	x12,x10,0x14	 x10:0x00000005 x12=0x00500000
           7222	      3607	00100278	0075a023	sw	x7,0(x11)	 x11:0x00020000  x7:0x00000030 PA:0x00020000 store:0x00000030 load:0x00000000
           7224	      3608	0010027c	01c65693	srli	x13,x12,0x1c	 x12:0x00500000 x13=0x00000000
           7226	      3609	00100280	00900813	addi	x16,x0,9	  x0:0x00000000 x16=0x00000009
           7228	      3610	00100284	f2d86ae3	bltu	x16,x13,1001b8	 x16:0x00000009 x13:0x00000000
           7230	      3611	00100288	03068e93	addi	x29,x13,48	 x13:0x00000000 x29=0x00000030
           7232	      3612	0010028c	00020f37	lui	x30,0x20	 x30=0x00020000
           7234	      3613	00100290	01851f93	slli	x31,x10,0x18	 x10:0x00000005 x31=0x05000000
           7238	      3615	00100294	01df2023	sw	x29,0(x30)	 x30:0x00020000 x29:0x00000030 PA:0x00020000 store:0x00000030 load:0x00000000
           7240	      3616	00100298	01cfd793	srli	x15,x31,0x1c	 x31:0x05000000 x15=0x00000000
           7242	      3617	0010029c	00900713	addi	x14,x0,9	  x0:0x00000000 x14=0x00000009
           7244	      3618	001002a0	f2f76ae3	bltu	x14,x15,1001d4	 x14:0x00000009 x15:0x00000000
           7246	      3619	001002a4	03078393	addi	x7,x15,48	 x15:0x00000000  x7=0x00000030
           7248	      3620	001002a8	000205b7	lui	x11,0x20	 x11=0x00020000
           7252	      3622	001002ac	0075a023	sw	x7,0(x11)	 x11:0x00020000  x7:0x00000030 PA:0x00020000 store:0x00000030 load:0x00000000
           7254	      3623	001002b0	00f57513	andi	x10,x10,15	 x10:0x00000005 x10=0x00000005
           7256	      3624	001002b4	00900613	addi	x12,x0,9	  x0:0x00000000 x12=0x00000009
           7260	      3626	001002b8	f2a67ae3	bgeu	x12,x10,1001ec	 x12:0x00000009 x10:0x00000005
           7264	      3628	001001ec	03050893	addi	x17,x10,48	 x10:0x00000005 x17=0x00000035
           7266	      3629	001001f0	00020e37	lui	x28,0x20	 x28=0x00020000
           7270	      3631	001001f4	011e2023	sw	x17,0(x28)	 x28:0x00020000 x17:0x00000035 PA:0x00020000 store:0x00000035 load:0x00000000
           7274	      3633	001001f8	00008067	jalr	x0,0(x1)	  x1:0x0010125c  x0=0x00000000
           7276	      3634	0010125c	930c0513	addi	x10,x24,-1744	 x24:0x00102000 x10=0x00101930
           7280	      3636	00101260	e41fe0ef	jal	x1,1000a0	  x1=0x00101264
           7284	      3638	001000a0	00054803	lbu	x16,0(x10)	 x10:0x00101930 x16=0x00000020 PA:0x00101930 store:0x00000000
           7286	      3639	001000a4	06080663	beq	x16,x0,100110	 x16:0x00000020  x0:0x00000000
           7288	      3640	001000a8	000207b7	lui	x15,0x20	 x15=0x00020000
           7292	      3642	001000ac	0107a023	sw	x16,0(x15)	 x15:0x00020000 x16:0x00000020 PA:0x00020000 store:0x00000020 load:0x00000000
           7296	      3644	001000b0	00154703	lbu	x14,1(x10)	 x10:0x00101930 x14=0x00000072 PA:0x00101931 store:0x00101264
           7298	      3645	001000b4	04070e63	beq	x14,x0,100110	 x14:0x00000072  x0:0x00000000
           7302	      3647	001000b8	00e7a023	sw	x14,0(x15)	 x15:0x00020000 x14:0x00000072 PA:0x00020000 store:0x00000072 load:0x00000000
           7306	      3649	001000bc	00254283	lbu	x5,2(x10)	 x10:0x00101930  x5=0x00000065 PA:0x00101932 store:0x00137fa0
           7308	      3650	001000c0	04028863	beq	x5,x0,100110	  x5:0x00000065  x0:0x00000000
           7312	      3652	001000c4	0057a023	sw	x5,0(x15)	 x15:0x00020000  x5:0x00000065 PA:0x00020000 store:0x00000065 load:0x00000000
           7316	      3654	001000c8	00354303	lbu	x6,3(x10)	 x10:0x00101930  x6=0x00000073 PA:0x00101933 store:0x00000000
           7318	      3655	001000cc	04030263	beq	x6,x0,100110	  x6:0x00000073  x0:0x00000000
           7322	      3657	001000d0	0067a023	sw	x6,0(x15)	 x15:0x00020000  x6:0x00000073 PA:0x00020000 store:0x00000073 load:0x00000000
           7326	      3659	001000d4	00454383	lbu	x7,4(x10)	 x10:0x00101930  x7=0x00000075 PA:0x00101934 store:0x00000000
           7328	      3660	001000d8	02038c63	beq	x7,x0,100110	  x7:0x00000075  x0:0x00000000
           7332	      3662	001000dc	0077a023	sw	x7,0(x15)	 x15:0x00020000  x7:0x00000075 PA:0x00020000 store:0x00000075 load:0x00000000
           7336	      3664	001000e0	00554583	lbu	x11,5(x10)	 x10:0x00101930 x11=0x0000006c PA:0x00101935 store:0x00000065
           7338	      3665	001000e4	02058663	beq	x11,x0,100110	 x11:0x0000006c  x0:0x00000000
           7342	      3667	001000e8	00b7a023	sw	x11,0(x15)	 x15:0x00020000 x11:0x0000006c PA:0x00020000 store:0x0000006c load:0x00000000
           7346	      3669	001000ec	00654603	lbu	x12,6(x10)	 x10:0x00101930 x12=0x00000074 PA:0x00101936 store:0x00000073
           7348	      3670	001000f0	02060063	beq	x12,x0,100110	 x12:0x00000074  x0:0x00000000
           7352	      3672	001000f4	00c7a023	sw	x12,0(x15)	 x15:0x00020000 x12:0x00000074 PA:0x00020000 store:0x00000074 load:0x00000000
           7356	      3674	001000f8	00754683	lbu	x13,7(x10)	 x10:0x00101930 x13=0x0000003a PA:0x00101937 store:0x00000075
           7358	      3675	001000fc	00850513	addi	x10,x10,8	 x10:0x00101930 x10=0x00101938
           7360	      3676	00100100	00068863	beq	x13,x0,100110	 x13:0x0000003a  x0:0x00000000
           7364	      3678	00100104	00d7a023	sw	x13,0(x15)	 x15:0x00020000 x13:0x0000003a PA:0x00020000 store:0x0000003a load:0x00000000
           7368	      3680	00100108	00054803	lbu	x16,0(x10)	 x10:0x00101938 x16=0x00000020 PA:0x00101938 store:0x00000000
           7372	      3682	0010010c	fa0810e3	bne	x16,x0,1000ac	 x16:0x00000020  x0:0x00000000
           7378	      3685	001000ac	0107a023	sw	x16,0(x15)	 x15:0x00020000 x16:0x00000020 PA:0x00020000 store:0x00000020 load:0x00000000
           7382	      3687	001000b0	00154703	lbu	x14,1(x10)	 x10:0x00101938 x14=0x00000000 PA:0x00101939 store:0x00101264
           7386	      3689	001000b4	04070e63	beq	x14,x0,100110	 x14:0x00000000  x0:0x00000000
           7390	      3691	00100110	00000513	addi	x10,x0,0	  x0:0x00000000 x10=0x00000000
           7394	      3693	00100114	00008067	jalr	x0,0(x1)	  x1:0x00101264  x0=0x00000000
           7398	      3695	00101264	bf0a2503	lw	x10,-1040(x20)	 x20:0x00102000 x10=0x3f8cf199 PA:0x00101bf0 store:0x00000020
           7400	      3696	00101268	002a8d93	addi	x27,x21,2	 x21:0x00000004 x27=0x00000006
           7404	      3698	0010126c	eb5fe0ef	jal	x1,100120	  x1=0x00101270
           7406	      3699	00100120	01c55793	srli	x15,x10,0x1c	 x10:0x3f8cf199 x15=0x00000003
           7408	      3700	00100124	00900713	addi	x14,x0,9	  x0:0x00000000 x14=0x00000009
           7412	      3702	00100128	0cf77a63	bgeu	x14,x15,1001fc	 x14:0x00000009 x15:0x00000003
           7416	      3704	001001fc	03078393	addi	x7,x15,48	 x15:0x00000003  x7=0x00000033
           7418	      3705	00100200	000205b7	lui	x11,0x20	 x11=0x00020000
           7420	      3706	00100204	00451613	slli	x12,x10,0x4	 x10:0x3f8cf199 x12=0xf8cf1990
           7424	      3708	00100208	0075a023	sw	x7,0(x11)	 x11:0x00020000  x7:0x00000033 PA:0x00020000 store:0x00000033 load:0x00000000
           7426	      3709	0010020c	01c65693	srli	x13,x12,0x1c	 x12:0xf8cf1990 x13=0x0000000f
           7428	      3710	00100210	00900813	addi	x16,x0,9	  x0:0x00000000 x16=0x00000009
           7432	      3712	00100214	f2d86ae3	bltu	x16,x13,100148	 x16:0x00000009 x13:0x0000000f
           7436	      3714	00100148	03768893	addi	x17,x13,55	 x13:0x0000000f x17=0x00000046
           7438	      3715	0010014c	00020e37	lui	x28,0x20	 x28=0x00020000
           7440	      3716	00100150	00851f93	slli	x31,x10,0x8	 x10:0x3f8cf199 x31=0x8cf19900
           7444	      3718	00100154	011e2023	sw	x17,0(x28)	 x28:0x00020000 x17:0x00000046 PA:0x00020000 store:0x00000046 load:0x00000000
           7446	      3719	00100158	01cfd793	srli	x15,x31,0x1c	 x31:0x8cf19900 x15=0x00000008
           7448	      3720	0010015c	00900713	addi	x14,x0,9	  x0:0x00000000 x14=0x00000009
           7452	      3722	00100160	0cf77a63	bgeu	x14,x15,100234	 x14:0x00000009 x15:0x00000008
           7456	      3724	00100234	03078393	addi	x7,x15,48	 x15:0x00000008  x7=0x00000038
           7458	      3725	00100238	000205b7	lui	x11,0x20	 x11=0x00020000
           7460	      3726	0010023c	00c51613	slli	x12,x10,0xc	 x10:0x3f8cf199 x12=0xcf199000
           7464	      3728	00100240	0075a023	sw	x7,0(x11)	 x11:0x00020000  x7:0x00000038 PA:0x00020000 store:0x00000038 load:0x00000000
           7466	      3729	00100244	01c65693	srli	x13,x12,0x1c	 x12:0xcf199000 x13=0x0000000c
           7468	      3730	00100248	00900813	addi	x16,x0,9	  x0:0x00000000 x16=0x00000009
           7472	      3732	0010024c	f2d86ae3	bltu	x16,x13,100180	 x16:0x00000009 x13:0x0000000c
           7476	      3734	00100180	03768893	addi	x17,x13,55	 x13:0x0000000c x17=0x00000043
           7478	      3735	00100184	00020e37	lui	x28,0x20	 x28=0x00020000
           7480	      3736	00100188	01051f93	slli	x31,x10,0x10	 x10:0x3f8cf199 x31=0xf1990000
           7484	      3738	0010018c	011e2023	sw	x17,0(x28)	 x28:0x00020000 x17:0x00000043 PA:0x00020000 store:0x00000043 load:0x00000000
           7486	      3739	00100190	01cfd793	srli	x15,x31,0x1c	 x31:0xf1990000 x15=0x0000000f
           7488	      3740	00100194	00900713	addi	x14,x0,9	  x0:0x00000000 x14=0x00000009
           7490	      3741	00100198	0cf77a63	bgeu	x14,x15,10026c	 x14:0x00000009 x15:0x0000000f
           7492	      3742	0010019c	03778293	addi	x5,x15,55	 x15:0x0000000f  x5=0x00000046
           7494	      3743	001001a0	00020337	lui	x6,0x20	  x6=0x00020000
           7496	      3744	001001a4	01451613	slli	x12,x10,0x14	 x10:0x3f8cf199 x12=0x19900000
           7500	      3746	001001a8	00532023	sw	x5,0(x6)	  x6:0x00020000  x5:0x00000046 PA:0x00020000 store:0x00000046 load:0x00000000
           7502	      3747	001001ac	01c65693	srli	x13,x12,0x1c	 x12:0x19900000 x13=0x00000001
           7504	      3748	001001b0	00900813	addi	x16,x0,9	  x0:0x00000000 x16=0x00000009
           7508	      3750	001001b4	0cd87a63	bgeu	x16,x13,100288	 x16:0x00000009 x13:0x00000001
           7512	      3752	00100288	03068e93	addi	x29,x13,48	 x13:0x00000001 x29=0x00000031
           7514	      3753	0010028c	00020f37	lui	x30,0x20	 x30=0x00020000
           7516	      3754	00100290	01851f93	slli	x31,x10,0x18	 x10:0x3f8cf199 x31=0x99000000
           7520	      3756	00100294	01df2023	sw	x29,0(x30)	 x30:0x00020000 x29:0x00000031 PA:0x00020000 store:0x00000031 load:0x00000000
           7522	      3757	00100298	01cfd793	srli	x15,x31,0x1c	 x31:0x99000000 x15=0x00000009
           7524	      3758	0010029c	00900713	addi	x14,x0,9	  x0:0x00000000 x14=0x00000009
           7526	      3759	001002a0	f2f76ae3	bltu	x14,x15,1001d4	 x14:0x00000009 x15:0x00000009
           7528	      3760	001002a4	03078393	addi	x7,x15,48	 x15:0x00000009  x7=0x00000039
           7530	      3761	001002a8	000205b7	lui	x11,0x20	 x11=0x00020000
           7534	      3763	001002ac	0075a023	sw	x7,0(x11)	 x11:0x00020000  x7:0x00000039 PA:0x00020000 store:0x00000039 load:0x00000000
           7536	      3764	001002b0	00f57513	andi	x10,x10,15	 x10:0x3f8cf199 x10=0x00000009
           7538	      3765	001002b4	00900613	addi	x12,x0,9	  x0:0x00000000 x12=0x00000009
           7542	      3767	001002b8	f2a67ae3	bgeu	x12,x10,1001ec	 x12:0x00000009 x10:0x00000009
           7546	      3769	001001ec	03050893	addi	x17,x10,48	 x10:0x00000009 x17=0x00000039
           7548	      3770	001001f0	00020e37	lui	x28,0x20	 x28=0x00020000
           7552	      3772	001001f4	011e2023	sw	x17,0(x28)	 x28:0x00020000 x17:0x00000039 PA:0x00020000 store:0x00000039 load:0x00000000
           7562	      3777	001001f8	00008067	jalr	x0,0(x1)	  x1:0x00101270  x0=0x00000000
           7564	      3778	00101270	c009af87	flw	f31,-1024(x19)	 f19:0x00102000 f31=0x00000000 PA:0x00101c00 store:0x400a5069
           7584	      3788	00101274	580ff053	fsqrt.s	f0,f31	 f31:0x99000000  f0=0x00000000
           7586	      3789	00101278	c009a027	fsw	f0,-1024(x19)	 f19:0x00102000  f0:0x00000000 PA:0x00101c00 store:0x3f8650e8 load:0x3f8cf199
           7588	      3790	0010127c	c009a087	flw	f1,-1024(x19)	 f19:0x00102000  f1=0x00000000 PA:0x00101c00 store:0x3f8650e8
           7592	      3792	00101280	928c8513	addi	x10,x25,-1752	 x25:0x00102000 x10=0x00101928
           7594	      3793	00101284	e0008ed3	fmv.x.w	x29,f1	  f1:0x00101270 x29=0x3f8650e8
           7596	      3794	00101288	bfda2823	sw	x29,-1040(x20)	 x20:0x00102000 x29:0x3f8650e8 PA:0x00101bf0 store:0x3f8650e8 load:0x3f8650e8
           7598	      3795	0010128c	e15fe0ef	jal	x1,1000a0	  x1=0x00101290
           7602	      3797	001000a0	00054803	lbu	x16,0(x10)	 x10:0x00101928 x16=0x0000000a PA:0x00101928 store:0x00000000
           7604	      3798	001000a4	06080663	beq	x16,x0,100110	 x16:0x0000000a  x0:0x00000000
           7606	      3799	001000a8	000207b7	lui	x15,0x20	 x15=0x00020000
           7610	      3801	001000ac	0107a023	sw	x16,0(x15)	 x15:0x00020000 x16:0x0000000a PA:0x00020000 store:0x0000000a load:0x00000000
           7614	      3803	001000b0	00154703	lbu	x14,1(x10)	 x10:0x00101928 x14=0x00000020 PA:0x00101929 store:0x00101290
           7616	      3804	001000b4	04070e63	beq	x14,x0,100110	 x14:0x00000020  x0:0x00000000
           7620	      3806	001000b8	00e7a023	sw	x14,0(x15)	 x15:0x00020000 x14:0x00000020 PA:0x00020000 store:0x00000020 load:0x00000000
           7624	      3808	001000bc	00254283	lbu	x5,2(x10)	 x10:0x00101928  x5=0x00000069 PA:0x0010192a store:0x00137fa0
           7626	      3809	001000c0	04028863	beq	x5,x0,100110	  x5:0x00000069  x0:0x00000000
           7630	      3811	001000c4	0057a023	sw	x5,0(x15)	 x15:0x00020000  x5:0x00000069 PA:0x00020000 store:0x00000069 load:0x00000000
           7634	      3813	001000c8	00354303	lbu	x6,3(x10)	 x10:0x00101928  x6=0x0000003d PA:0x0010192b store:0x00000000
           7636	      3814	001000cc	04030263	beq	x6,x0,100110	  x6:0x0000003d  x0:0x00000000
           7640	      3816	001000d0	0067a023	sw	x6,0(x15)	 x15:0x00020000  x6:0x0000003d PA:0x00020000 store:0x0000003d load:0x00000000
           7644	      3818	001000d4	00454383	lbu	x7,4(x10)	 x10:0x00101928  x7=0x00000000 PA:0x0010192c store:0x00000000
           7648	      3820	001000d8	02038c63	beq	x7,x0,100110	  x7:0x00000000  x0:0x00000000
           7652	      3822	00100110	00000513	addi	x10,x0,0	  x0:0x00000000 x10=0x00000000
           7656	      3824	00100114	00008067	jalr	x0,0(x1)	  x1:0x00101290  x0=0x00000000
           7658	      3825	00101290	000d8513	addi	x10,x27,0	 x27:0x00000006 x10=0x00000006
           7662	      3827	00101294	e8dfe0ef	jal	x1,100120	  x1=0x00101298
           7664	      3828	00100120	01c55793	srli	x15,x10,0x1c	 x10:0x00000006 x15=0x00000000
           7666	      3829	00100124	00900713	addi	x14,x0,9	  x0:0x00000000 x14=0x00000009
           7670	      3831	00100128	0cf77a63	bgeu	x14,x15,1001fc	 x14:0x00000009 x15:0x00000000
           7674	      3833	001001fc	03078393	addi	x7,x15,48	 x15:0x00000000  x7=0x00000030
           7676	      3834	00100200	000205b7	lui	x11,0x20	 x11=0x00020000
           7678	      3835	00100204	00451613	slli	x12,x10,0x4	 x10:0x00000006 x12=0x00000060
           7682	      3837	00100208	0075a023	sw	x7,0(x11)	 x11:0x00020000  x7:0x00000030 PA:0x00020000 store:0x00000030 load:0x00000000
           7684	      3838	0010020c	01c65693	srli	x13,x12,0x1c	 x12:0x00000060 x13=0x00000000
           7686	      3839	00100210	00900813	addi	x16,x0,9	  x0:0x00000000 x16=0x00000009
           7688	      3840	00100214	f2d86ae3	bltu	x16,x13,100148	 x16:0x00000009 x13:0x00000000
           7690	      3841	00100218	03068e93	addi	x29,x13,48	 x13:0x00000000 x29=0x00000030
           7692	      3842	0010021c	00020f37	lui	x30,0x20	 x30=0x00020000
           7694	      3843	00100220	00851f93	slli	x31,x10,0x8	 x10:0x00000006 x31=0x00000600
           7698	      3845	00100224	01df2023	sw	x29,0(x30)	 x30:0x00020000 x29:0x00000030 PA:0x00020000 store:0x00000030 load:0x00000000
           7700	      3846	00100228	01cfd793	srli	x15,x31,0x1c	 x31:0x00000600 x15=0x00000000
           7702	      3847	0010022c	00900713	addi	x14,x0,9	  x0:0x00000000 x14=0x00000009
           7704	      3848	00100230	f2f76ae3	bltu	x14,x15,100164	 x14:0x00000009 x15:0x00000000
           7706	      3849	00100234	03078393	addi	x7,x15,48	 x15:0x00000000  x7=0x00000030
           7708	      3850	00100238	000205b7	lui	x11,0x20	 x11=0x00020000
           7710	      3851	0010023c	00c51613	slli	x12,x10,0xc	 x10:0x00000006 x12=0x00006000
           7714	      3853	00100240	0075a023	sw	x7,0(x11)	 x11:0x00020000  x7:0x00000030 PA:0x00020000 store:0x00000030 load:0x00000000
           7716	      3854	00100244	01c65693	srli	x13,x12,0x1c	 x12:0x00006000 x13=0x00000000
           7718	      3855	00100248	00900813	addi	x16,x0,9	  x0:0x00000000 x16=0x00000009
           7720	      3856	0010024c	f2d86ae3	bltu	x16,x13,100180	 x16:0x00000009 x13:0x00000000
           7722	      3857	00100250	03068e93	addi	x29,x13,48	 x13:0x00000000 x29=0x00000030
           7724	      3858	00100254	00020f37	lui	x30,0x20	 x30=0x00020000
           7726	      3859	00100258	01051f93	slli	x31,x10,0x10	 x10:0x00000006 x31=0x00060000
           7730	      3861	0010025c	01df2023	sw	x29,0(x30)	 x30:0x00020000 x29:0x00000030 PA:0x00020000 store:0x00000030 load:0x00000000
           7732	      3862	00100260	01cfd793	srli	x15,x31,0x1c	 x31:0x00060000 x15=0x00000000
           7734	      3863	00100264	00900713	addi	x14,x0,9	  x0:0x00000000 x14=0x00000009
           7736	      3864	00100268	f2f76ae3	bltu	x14,x15,10019c	 x14:0x00000009 x15:0x00000000
           7738	      3865	0010026c	03078393	addi	x7,x15,48	 x15:0x00000000  x7=0x00000030
           7740	      3866	00100270	000205b7	lui	x11,0x20	 x11=0x00020000
           7742	      3867	00100274	01451613	slli	x12,x10,0x14	 x10:0x00000006 x12=0x00600000
           7746	      3869	00100278	0075a023	sw	x7,0(x11)	 x11:0x00020000  x7:0x00000030 PA:0x00020000 store:0x00000030 load:0x00000000
           7748	      3870	0010027c	01c65693	srli	x13,x12,0x1c	 x12:0x00600000 x13=0x00000000
           7750	      3871	00100280	00900813	addi	x16,x0,9	  x0:0x00000000 x16=0x00000009
           7752	      3872	00100284	f2d86ae3	bltu	x16,x13,1001b8	 x16:0x00000009 x13:0x00000000
           7754	      3873	00100288	03068e93	addi	x29,x13,48	 x13:0x00000000 x29=0x00000030
           7756	      3874	0010028c	00020f37	lui	x30,0x20	 x30=0x00020000
           7758	      3875	00100290	01851f93	slli	x31,x10,0x18	 x10:0x00000006 x31=0x06000000
           7762	      3877	00100294	01df2023	sw	x29,0(x30)	 x30:0x00020000 x29:0x00000030 PA:0x00020000 store:0x00000030 load:0x00000000
           7764	      3878	00100298	01cfd793	srli	x15,x31,0x1c	 x31:0x06000000 x15=0x00000000
           7766	      3879	0010029c	00900713	addi	x14,x0,9	  x0:0x00000000 x14=0x00000009
           7768	      3880	001002a0	f2f76ae3	bltu	x14,x15,1001d4	 x14:0x00000009 x15:0x00000000
           7770	      3881	001002a4	03078393	addi	x7,x15,48	 x15:0x00000000  x7=0x00000030
           7772	      3882	001002a8	000205b7	lui	x11,0x20	 x11=0x00020000
           7776	      3884	001002ac	0075a023	sw	x7,0(x11)	 x11:0x00020000  x7:0x00000030 PA:0x00020000 store:0x00000030 load:0x00000000
           7778	      3885	001002b0	00f57513	andi	x10,x10,15	 x10:0x00000006 x10=0x00000006
           7780	      3886	001002b4	00900613	addi	x12,x0,9	  x0:0x00000000 x12=0x00000009
           7784	      3888	001002b8	f2a67ae3	bgeu	x12,x10,1001ec	 x12:0x00000009 x10:0x00000006
           7788	      3890	001001ec	03050893	addi	x17,x10,48	 x10:0x00000006 x17=0x00000036
           7790	      3891	001001f0	00020e37	lui	x28,0x20	 x28=0x00020000
           7794	      3893	001001f4	011e2023	sw	x17,0(x28)	 x28:0x00020000 x17:0x00000036 PA:0x00020000 store:0x00000036 load:0x00000000
           7798	      3895	001001f8	00008067	jalr	x0,0(x1)	  x1:0x00101298  x0=0x00000000
           7800	      3896	00101298	930c0513	addi	x10,x24,-1744	 x24:0x00102000 x10=0x00101930
           7804	      3898	0010129c	e05fe0ef	jal	x1,1000a0	  x1=0x001012a0
           7808	      3900	001000a0	00054803	lbu	x16,0(x10)	 x10:0x00101930 x16=0x00000020 PA:0x00101930 store:0x00000000
           7810	      3901	001000a4	06080663	beq	x16,x0,100110	 x16:0x00000020  x0:0x00000000
           7812	      3902	001000a8	000207b7	lui	x15,0x20	 x15=0x00020000
           7816	      3904	001000ac	0107a023	sw	x16,0(x15)	 x15:0x00020000 x16:0x00000020 PA:0x00020000 store:0x00000020 load:0x00000000
           7820	      3906	001000b0	00154703	lbu	x14,1(x10)	 x10:0x00101930 x14=0x00000072 PA:0x00101931 store:0x001012a0
           7822	      3907	001000b4	04070e63	beq	x14,x0,100110	 x14:0x00000072  x0:0x00000000
           7826	      3909	001000b8	00e7a023	sw	x14,0(x15)	 x15:0x00020000 x14:0x00000072 PA:0x00020000 store:0x00000072 load:0x00000000
           7830	      3911	001000bc	00254283	lbu	x5,2(x10)	 x10:0x00101930  x5=0x00000065 PA:0x00101932 store:0x00137fa0
           7832	      3912	001000c0	04028863	beq	x5,x0,100110	  x5:0x00000065  x0:0x00000000
           7836	      3914	001000c4	0057a023	sw	x5,0(x15)	 x15:0x00020000  x5:0x00000065 PA:0x00020000 store:0x00000065 load:0x00000000
           7840	      3916	001000c8	00354303	lbu	x6,3(x10)	 x10:0x00101930  x6=0x00000073 PA:0x00101933 store:0x00000000
           7842	      3917	001000cc	04030263	beq	x6,x0,100110	  x6:0x00000073  x0:0x00000000
           7846	      3919	001000d0	0067a023	sw	x6,0(x15)	 x15:0x00020000  x6:0x00000073 PA:0x00020000 store:0x00000073 load:0x00000000
           7850	      3921	001000d4	00454383	lbu	x7,4(x10)	 x10:0x00101930  x7=0x00000075 PA:0x00101934 store:0x00000000
           7852	      3922	001000d8	02038c63	beq	x7,x0,100110	  x7:0x00000075  x0:0x00000000
           7856	      3924	001000dc	0077a023	sw	x7,0(x15)	 x15:0x00020000  x7:0x00000075 PA:0x00020000 store:0x00000075 load:0x00000000
           7860	      3926	001000e0	00554583	lbu	x11,5(x10)	 x10:0x00101930 x11=0x0000006c PA:0x00101935 store:0x00000065
           7862	      3927	001000e4	02058663	beq	x11,x0,100110	 x11:0x0000006c  x0:0x00000000
           7866	      3929	001000e8	00b7a023	sw	x11,0(x15)	 x15:0x00020000 x11:0x0000006c PA:0x00020000 store:0x0000006c load:0x00000000
           7870	      3931	001000ec	00654603	lbu	x12,6(x10)	 x10:0x00101930 x12=0x00000074 PA:0x00101936 store:0x00000073
           7872	      3932	001000f0	02060063	beq	x12,x0,100110	 x12:0x00000074  x0:0x00000000
           7876	      3934	001000f4	00c7a023	sw	x12,0(x15)	 x15:0x00020000 x12:0x00000074 PA:0x00020000 store:0x00000074 load:0x00000000
           7880	      3936	001000f8	00754683	lbu	x13,7(x10)	 x10:0x00101930 x13=0x0000003a PA:0x00101937 store:0x00000075
           7882	      3937	001000fc	00850513	addi	x10,x10,8	 x10:0x00101930 x10=0x00101938
           7884	      3938	00100100	00068863	beq	x13,x0,100110	 x13:0x0000003a  x0:0x00000000
           7888	      3940	00100104	00d7a023	sw	x13,0(x15)	 x15:0x00020000 x13:0x0000003a PA:0x00020000 store:0x0000003a load:0x00000000
           7892	      3942	00100108	00054803	lbu	x16,0(x10)	 x10:0x00101938 x16=0x00000020 PA:0x00101938 store:0x00000000
           7896	      3944	0010010c	fa0810e3	bne	x16,x0,1000ac	 x16:0x00000020  x0:0x00000000
           7902	      3947	001000ac	0107a023	sw	x16,0(x15)	 x15:0x00020000 x16:0x00000020 PA:0x00020000 store:0x00000020 load:0x00000000
           7906	      3949	001000b0	00154703	lbu	x14,1(x10)	 x10:0x00101938 x14=0x00000000 PA:0x00101939 store:0x001012a0
           7910	      3951	001000b4	04070e63	beq	x14,x0,100110	 x14:0x00000000  x0:0x00000000
           7914	      3953	00100110	00000513	addi	x10,x0,0	  x0:0x00000000 x10=0x00000000
           7918	      3955	00100114	00008067	jalr	x0,0(x1)	  x1:0x001012a0  x0=0x00000000
           7922	      3957	001012a0	bf0a2503	lw	x10,-1040(x20)	 x20:0x00102000 x10=0x3f8650e8 PA:0x00101bf0 store:0x00000020
           7924	      3958	001012a4	003a8d93	addi	x27,x21,3	 x21:0x00000004 x27=0x00000007
           7926	      3959	001012a8	004a8a93	addi	x21,x21,4	 x21:0x00000004 x21=0x00000008
           7930	      3961	001012ac	e75fe0ef	jal	x1,100120	  x1=0x001012b0
           7932	      3962	00100120	01c55793	srli	x15,x10,0x1c	 x10:0x3f8650e8 x15=0x00000003
           7934	      3963	00100124	00900713	addi	x14,x0,9	  x0:0x00000000 x14=0x00000009
           7938	      3965	00100128	0cf77a63	bgeu	x14,x15,1001fc	 x14:0x00000009 x15:0x00000003
           7942	      3967	001001fc	03078393	addi	x7,x15,48	 x15:0x00000003  x7=0x00000033
           7944	      3968	00100200	000205b7	lui	x11,0x20	 x11=0x00020000
           7946	      3969	00100204	00451613	slli	x12,x10,0x4	 x10:0x3f8650e8 x12=0xf8650e80
           7950	      3971	00100208	0075a023	sw	x7,0(x11)	 x11:0x00020000  x7:0x00000033 PA:0x00020000 store:0x00000033 load:0x00000000
           7952	      3972	0010020c	01c65693	srli	x13,x12,0x1c	 x12:0xf8650e80 x13=0x0000000f
           7954	      3973	00100210	00900813	addi	x16,x0,9	  x0:0x00000000 x16=0x00000009
           7958	      3975	00100214	f2d86ae3	bltu	x16,x13,100148	 x16:0x00000009 x13:0x0000000f
           7962	      3977	00100148	03768893	addi	x17,x13,55	 x13:0x0000000f x17=0x00000046
           7964	      3978	0010014c	00020e37	lui	x28,0x20	 x28=0x00020000
           7966	      3979	00100150	00851f93	slli	x31,x10,0x8	 x10:0x3f8650e8 x31=0x8650e800
           7970	      3981	00100154	011e2023	sw	x17,0(x28)	 x28:0x00020000 x17:0x00000046 PA:0x00020000 store:0x00000046 load:0x00000000
           7972	      3982	00100158	01cfd793	srli	x15,x31,0x1c	 x31:0x8650e800 x15=0x00000008
           7974	      3983	0010015c	00900713	addi	x14,x0,9	  x0:0x00000000 x14=0x00000009
           7978	      3985	00100160	0cf77a63	bgeu	x14,x15,100234	 x14:0x00000009 x15:0x00000008
           7982	      3987	00100234	03078393	addi	x7,x15,48	 x15:0x00000008  x7=0x00000038
           7984	      3988	00100238	000205b7	lui	x11,0x20	 x11=0x00020000
           7986	      3989	0010023c	00c51613	slli	x12,x10,0xc	 x10:0x3f8650e8 x12=0x650e8000
           7990	      3991	00100240	0075a023	sw	x7,0(x11)	 x11:0x00020000  x7:0x00000038 PA:0x00020000 store:0x00000038 load:0x00000000
           7992	      3992	00100244	01c65693	srli	x13,x12,0x1c	 x12:0x650e8000 x13=0x00000006
           7994	      3993	00100248	00900813	addi	x16,x0,9	  x0:0x00000000 x16=0x00000009
           7996	      3994	0010024c	f2d86ae3	bltu	x16,x13,100180	 x16:0x00000009 x13:0x00000006
           7998	      3995	00100250	03068e93	addi	x29,x13,48	 x13:0x00000006 x29=0x00000036
           8000	      3996	00100254	00020f37	lui	x30,0x20	 x30=0x00020000
           8002	      3997	00100258	01051f93	slli	x31,x10,0x10	 x10:0x3f8650e8 x31=0x50e80000
           8006	      3999	0010025c	01df2023	sw	x29,0(x30)	 x30:0x00020000 x29:0x00000036 PA:0x00020000 store:0x00000036 load:0x00000000
           8008	      4000	00100260	01cfd793	srli	x15,x31,0x1c	 x31:0x50e80000 x15=0x00000005
           8010	      4001	00100264	00900713	addi	x14,x0,9	  x0:0x00000000 x14=0x00000009
           8012	      4002	00100268	f2f76ae3	bltu	x14,x15,10019c	 x14:0x00000009 x15:0x00000005
           8014	      4003	0010026c	03078393	addi	x7,x15,48	 x15:0x00000005  x7=0x00000035
           8016	      4004	00100270	000205b7	lui	x11,0x20	 x11=0x00020000
           8018	      4005	00100274	01451613	slli	x12,x10,0x14	 x10:0x3f8650e8 x12=0x0e800000
           8022	      4007	00100278	0075a023	sw	x7,0(x11)	 x11:0x00020000  x7:0x00000035 PA:0x00020000 store:0x00000035 load:0x00000000
           8024	      4008	0010027c	01c65693	srli	x13,x12,0x1c	 x12:0x0e800000 x13=0x00000000
           8026	      4009	00100280	00900813	addi	x16,x0,9	  x0:0x00000000 x16=0x00000009
           8028	      4010	00100284	f2d86ae3	bltu	x16,x13,1001b8	 x16:0x00000009 x13:0x00000000
           8030	      4011	00100288	03068e93	addi	x29,x13,48	 x13:0x00000000 x29=0x00000030
           8032	      4012	0010028c	00020f37	lui	x30,0x20	 x30=0x00020000
           8034	      4013	00100290	01851f93	slli	x31,x10,0x18	 x10:0x3f8650e8 x31=0xe8000000
           8038	      4015	00100294	01df2023	sw	x29,0(x30)	 x30:0x00020000 x29:0x00000030 PA:0x00020000 store:0x00000030 load:0x00000000
           8040	      4016	00100298	01cfd793	srli	x15,x31,0x1c	 x31:0xe8000000 x15=0x0000000e
           8042	      4017	0010029c	00900713	addi	x14,x0,9	  x0:0x00000000 x14=0x00000009
           8046	      4019	001002a0	f2f76ae3	bltu	x14,x15,1001d4	 x14:0x00000009 x15:0x0000000e
           8050	      4021	001001d4	03778293	addi	x5,x15,55	 x15:0x0000000e  x5=0x00000045
           8052	      4022	001001d8	00020337	lui	x6,0x20	  x6=0x00020000
           8056	      4024	001001dc	00532023	sw	x5,0(x6)	  x6:0x00020000  x5:0x00000045 PA:0x00020000 store:0x00000045 load:0x00000000
           8058	      4025	001001e0	00f57513	andi	x10,x10,15	 x10:0x3f8650e8 x10=0x00000008
           8060	      4026	001001e4	00900613	addi	x12,x0,9	  x0:0x00000000 x12=0x00000009
           8062	      4027	001001e8	0ca66a63	bltu	x12,x10,1002bc	 x12:0x00000009 x10:0x00000008
           8064	      4028	001001ec	03050893	addi	x17,x10,48	 x10:0x00000008 x17=0x00000038
           8066	      4029	001001f0	00020e37	lui	x28,0x20	 x28=0x00020000
           8070	      4031	001001f4	011e2023	sw	x17,0(x28)	 x28:0x00020000 x17:0x00000038 PA:0x00020000 store:0x00000038 load:0x00000000
           8080	      4036	001001f8	00008067	jalr	x0,0(x1)	  x1:0x001012b0  x0=0x00000000
           8082	      4037	001012b0	c009a107	flw	f2,-1024(x19)	 f19:0x00102000  f2=0x00000000 PA:0x00101c00 store:0x3f8650e8
           8102	      4047	001012b4	58017753	fsqrt.s	f14,f2	  f2:0x00137fa0 f14=0x00000000
           8104	      4048	001012b8	c0e9a027	fsw	f14,-1024(x19)	 f19:0x00102000 f14:0x00000009 PA:0x00101c00 store:0x3f831eb8 load:0x3f8650e8
           8106	      4049	001012bc	c009a787	flw	f15,-1024(x19)	 f19:0x00102000 f15=0x00000000 PA:0x00101c00 store:0x3f8650e8
           8110	      4051	001012c0	928c8513	addi	x10,x25,-1752	 x25:0x00102000 x10=0x00101928
           8112	      4052	001012c4	e0078f53	fmv.x.w	x30,f15	 f15:0x0000000e x30=0x3f831eb8
           8114	      4053	001012c8	bfea2823	sw	x30,-1040(x20)	 x20:0x00102000 x30:0x3f831eb8 PA:0x00101bf0 store:0x3f831eb8 load:0x3f831eb8
           8116	      4054	001012cc	dd5fe0ef	jal	x1,1000a0	  x1=0x001012d0
           8120	      4056	001000a0	00054803	lbu	x16,0(x10)	 x10:0x00101928 x16=0x0000000a PA:0x00101928 store:0x00000000
           8122	      4057	001000a4	06080663	beq	x16,x0,100110	 x16:0x0000000a  x0:0x00000000
           8124	      4058	001000a8	000207b7	lui	x15,0x20	 x15=0x00020000
           8128	      4060	001000ac	0107a023	sw	x16,0(x15)	 x15:0x00020000 x16:0x0000000a PA:0x00020000 store:0x0000000a load:0x00000000
           8132	      4062	001000b0	00154703	lbu	x14,1(x10)	 x10:0x00101928 x14=0x00000020 PA:0x00101929 store:0x001012d0
           8134	      4063	001000b4	04070e63	beq	x14,x0,100110	 x14:0x00000020  x0:0x00000000
           8138	      4065	001000b8	00e7a023	sw	x14,0(x15)	 x15:0x00020000 x14:0x00000020 PA:0x00020000 store:0x00000020 load:0x00000000
           8142	      4067	001000bc	00254283	lbu	x5,2(x10)	 x10:0x00101928  x5=0x00000069 PA:0x0010192a store:0x00137fa0
           8144	      4068	001000c0	04028863	beq	x5,x0,100110	  x5:0x00000069  x0:0x00000000
           8148	      4070	001000c4	0057a023	sw	x5,0(x15)	 x15:0x00020000  x5:0x00000069 PA:0x00020000 store:0x00000069 load:0x00000000
           8152	      4072	001000c8	00354303	lbu	x6,3(x10)	 x10:0x00101928  x6=0x0000003d PA:0x0010192b store:0x00000000
           8154	      4073	001000cc	04030263	beq	x6,x0,100110	  x6:0x0000003d  x0:0x00000000
           8158	      4075	001000d0	0067a023	sw	x6,0(x15)	 x15:0x00020000  x6:0x0000003d PA:0x00020000 store:0x0000003d load:0x00000000
           8162	      4077	001000d4	00454383	lbu	x7,4(x10)	 x10:0x00101928  x7=0x00000000 PA:0x0010192c store:0x00000000
           8166	      4079	001000d8	02038c63	beq	x7,x0,100110	  x7:0x00000000  x0:0x00000000
           8170	      4081	00100110	00000513	addi	x10,x0,0	  x0:0x00000000 x10=0x00000000
           8174	      4083	00100114	00008067	jalr	x0,0(x1)	  x1:0x001012d0  x0=0x00000000
           8176	      4084	001012d0	000d8513	addi	x10,x27,0	 x27:0x00000007 x10=0x00000007
           8180	      4086	001012d4	e4dfe0ef	jal	x1,100120	  x1=0x001012d8
           8182	      4087	00100120	01c55793	srli	x15,x10,0x1c	 x10:0x00000007 x15=0x00000000
           8184	      4088	00100124	00900713	addi	x14,x0,9	  x0:0x00000000 x14=0x00000009
           8188	      4090	00100128	0cf77a63	bgeu	x14,x15,1001fc	 x14:0x00000009 x15:0x00000000
           8192	      4092	001001fc	03078393	addi	x7,x15,48	 x15:0x00000000  x7=0x00000030
           8194	      4093	00100200	000205b7	lui	x11,0x20	 x11=0x00020000
           8196	      4094	00100204	00451613	slli	x12,x10,0x4	 x10:0x00000007 x12=0x00000070
           8200	      4096	00100208	0075a023	sw	x7,0(x11)	 x11:0x00020000  x7:0x00000030 PA:0x00020000 store:0x00000030 load:0x00000000
           8202	      4097	0010020c	01c65693	srli	x13,x12,0x1c	 x12:0x00000070 x13=0x00000000
           8204	      4098	00100210	00900813	addi	x16,x0,9	  x0:0x00000000 x16=0x00000009
           8206	      4099	00100214	f2d86ae3	bltu	x16,x13,100148	 x16:0x00000009 x13:0x00000000
           8208	      4100	00100218	03068e93	addi	x29,x13,48	 x13:0x00000000 x29=0x00000030
           8210	      4101	0010021c	00020f37	lui	x30,0x20	 x30=0x00020000
           8212	      4102	00100220	00851f93	slli	x31,x10,0x8	 x10:0x00000007 x31=0x00000700
           8216	      4104	00100224	01df2023	sw	x29,0(x30)	 x30:0x00020000 x29:0x00000030 PA:0x00020000 store:0x00000030 load:0x00000000
           8218	      4105	00100228	01cfd793	srli	x15,x31,0x1c	 x31:0x00000700 x15=0x00000000
           8220	      4106	0010022c	00900713	addi	x14,x0,9	  x0:0x00000000 x14=0x00000009
           8222	      4107	00100230	f2f76ae3	bltu	x14,x15,100164	 x14:0x00000009 x15:0x00000000
           8224	      4108	00100234	03078393	addi	x7,x15,48	 x15:0x00000000  x7=0x00000030
           8226	      4109	00100238	000205b7	lui	x11,0x20	 x11=0x00020000
           8228	      4110	0010023c	00c51613	slli	x12,x10,0xc	 x10:0x00000007 x12=0x00007000
           8232	      4112	00100240	0075a023	sw	x7,0(x11)	 x11:0x00020000  x7:0x00000030 PA:0x00020000 store:0x00000030 load:0x00000000
           8234	      4113	00100244	01c65693	srli	x13,x12,0x1c	 x12:0x00007000 x13=0x00000000
           8236	      4114	00100248	00900813	addi	x16,x0,9	  x0:0x00000000 x16=0x00000009
           8238	      4115	0010024c	f2d86ae3	bltu	x16,x13,100180	 x16:0x00000009 x13:0x00000000
           8240	      4116	00100250	03068e93	addi	x29,x13,48	 x13:0x00000000 x29=0x00000030
           8242	      4117	00100254	00020f37	lui	x30,0x20	 x30=0x00020000
           8244	      4118	00100258	01051f93	slli	x31,x10,0x10	 x10:0x00000007 x31=0x00070000
           8248	      4120	0010025c	01df2023	sw	x29,0(x30)	 x30:0x00020000 x29:0x00000030 PA:0x00020000 store:0x00000030 load:0x00000000
           8250	      4121	00100260	01cfd793	srli	x15,x31,0x1c	 x31:0x00070000 x15=0x00000000
           8252	      4122	00100264	00900713	addi	x14,x0,9	  x0:0x00000000 x14=0x00000009
           8254	      4123	00100268	f2f76ae3	bltu	x14,x15,10019c	 x14:0x00000009 x15:0x00000000
           8256	      4124	0010026c	03078393	addi	x7,x15,48	 x15:0x00000000  x7=0x00000030
           8258	      4125	00100270	000205b7	lui	x11,0x20	 x11=0x00020000
           8260	      4126	00100274	01451613	slli	x12,x10,0x14	 x10:0x00000007 x12=0x00700000
           8264	      4128	00100278	0075a023	sw	x7,0(x11)	 x11:0x00020000  x7:0x00000030 PA:0x00020000 store:0x00000030 load:0x00000000
           8266	      4129	0010027c	01c65693	srli	x13,x12,0x1c	 x12:0x00700000 x13=0x00000000
           8268	      4130	00100280	00900813	addi	x16,x0,9	  x0:0x00000000 x16=0x00000009
           8270	      4131	00100284	f2d86ae3	bltu	x16,x13,1001b8	 x16:0x00000009 x13:0x00000000
           8272	      4132	00100288	03068e93	addi	x29,x13,48	 x13:0x00000000 x29=0x00000030
           8274	      4133	0010028c	00020f37	lui	x30,0x20	 x30=0x00020000
           8276	      4134	00100290	01851f93	slli	x31,x10,0x18	 x10:0x00000007 x31=0x07000000
           8280	      4136	00100294	01df2023	sw	x29,0(x30)	 x30:0x00020000 x29:0x00000030 PA:0x00020000 store:0x00000030 load:0x00000000
           8282	      4137	00100298	01cfd793	srli	x15,x31,0x1c	 x31:0x07000000 x15=0x00000000
           8284	      4138	0010029c	00900713	addi	x14,x0,9	  x0:0x00000000 x14=0x00000009
           8286	      4139	001002a0	f2f76ae3	bltu	x14,x15,1001d4	 x14:0x00000009 x15:0x00000000
           8288	      4140	001002a4	03078393	addi	x7,x15,48	 x15:0x00000000  x7=0x00000030
           8290	      4141	001002a8	000205b7	lui	x11,0x20	 x11=0x00020000
           8294	      4143	001002ac	0075a023	sw	x7,0(x11)	 x11:0x00020000  x7:0x00000030 PA:0x00020000 store:0x00000030 load:0x00000000
           8296	      4144	001002b0	00f57513	andi	x10,x10,15	 x10:0x00000007 x10=0x00000007
           8298	      4145	001002b4	00900613	addi	x12,x0,9	  x0:0x00000000 x12=0x00000009
           8302	      4147	001002b8	f2a67ae3	bgeu	x12,x10,1001ec	 x12:0x00000009 x10:0x00000007
           8306	      4149	001001ec	03050893	addi	x17,x10,48	 x10:0x00000007 x17=0x00000037
           8308	      4150	001001f0	00020e37	lui	x28,0x20	 x28=0x00020000
           8312	      4152	001001f4	011e2023	sw	x17,0(x28)	 x28:0x00020000 x17:0x00000037 PA:0x00020000 store:0x00000037 load:0x00000000
           8316	      4154	001001f8	00008067	jalr	x0,0(x1)	  x1:0x001012d8  x0=0x00000000
           8318	      4155	001012d8	930c0513	addi	x10,x24,-1744	 x24:0x00102000 x10=0x00101930
           8322	      4157	001012dc	dc5fe0ef	jal	x1,1000a0	  x1=0x001012e0
           8326	      4159	001000a0	00054803	lbu	x16,0(x10)	 x10:0x00101930 x16=0x00000020 PA:0x00101930 store:0x00000000
           8328	      4160	001000a4	06080663	beq	x16,x0,100110	 x16:0x00000020  x0:0x00000000
           8330	      4161	001000a8	000207b7	lui	x15,0x20	 x15=0x00020000
           8334	      4163	001000ac	0107a023	sw	x16,0(x15)	 x15:0x00020000 x16:0x00000020 PA:0x00020000 store:0x00000020 load:0x00000000
           8338	      4165	001000b0	00154703	lbu	x14,1(x10)	 x10:0x00101930 x14=0x00000072 PA:0x00101931 store:0x001012e0
           8340	      4166	001000b4	04070e63	beq	x14,x0,100110	 x14:0x00000072  x0:0x00000000
           8344	      4168	001000b8	00e7a023	sw	x14,0(x15)	 x15:0x00020000 x14:0x00000072 PA:0x00020000 store:0x00000072 load:0x00000000
           8348	      4170	001000bc	00254283	lbu	x5,2(x10)	 x10:0x00101930  x5=0x00000065 PA:0x00101932 store:0x00137fa0
           8350	      4171	001000c0	04028863	beq	x5,x0,100110	  x5:0x00000065  x0:0x00000000
           8354	      4173	001000c4	0057a023	sw	x5,0(x15)	 x15:0x00020000  x5:0x00000065 PA:0x00020000 store:0x00000065 load:0x00000000
           8358	      4175	001000c8	00354303	lbu	x6,3(x10)	 x10:0x00101930  x6=0x00000073 PA:0x00101933 store:0x00000000
           8360	      4176	001000cc	04030263	beq	x6,x0,100110	  x6:0x00000073  x0:0x00000000
           8364	      4178	001000d0	0067a023	sw	x6,0(x15)	 x15:0x00020000  x6:0x00000073 PA:0x00020000 store:0x00000073 load:0x00000000
           8368	      4180	001000d4	00454383	lbu	x7,4(x10)	 x10:0x00101930  x7=0x00000075 PA:0x00101934 store:0x00000000
           8370	      4181	001000d8	02038c63	beq	x7,x0,100110	  x7:0x00000075  x0:0x00000000
           8374	      4183	001000dc	0077a023	sw	x7,0(x15)	 x15:0x00020000  x7:0x00000075 PA:0x00020000 store:0x00000075 load:0x00000000
           8378	      4185	001000e0	00554583	lbu	x11,5(x10)	 x10:0x00101930 x11=0x0000006c PA:0x00101935 store:0x00000065
           8380	      4186	001000e4	02058663	beq	x11,x0,100110	 x11:0x0000006c  x0:0x00000000
           8384	      4188	001000e8	00b7a023	sw	x11,0(x15)	 x15:0x00020000 x11:0x0000006c PA:0x00020000 store:0x0000006c load:0x00000000
           8388	      4190	001000ec	00654603	lbu	x12,6(x10)	 x10:0x00101930 x12=0x00000074 PA:0x00101936 store:0x00000073
           8390	      4191	001000f0	02060063	beq	x12,x0,100110	 x12:0x00000074  x0:0x00000000
           8394	      4193	001000f4	00c7a023	sw	x12,0(x15)	 x15:0x00020000 x12:0x00000074 PA:0x00020000 store:0x00000074 load:0x00000000
           8398	      4195	001000f8	00754683	lbu	x13,7(x10)	 x10:0x00101930 x13=0x0000003a PA:0x00101937 store:0x00000075
           8400	      4196	001000fc	00850513	addi	x10,x10,8	 x10:0x00101930 x10=0x00101938
           8402	      4197	00100100	00068863	beq	x13,x0,100110	 x13:0x0000003a  x0:0x00000000
           8406	      4199	00100104	00d7a023	sw	x13,0(x15)	 x15:0x00020000 x13:0x0000003a PA:0x00020000 store:0x0000003a load:0x00000000
           8410	      4201	00100108	00054803	lbu	x16,0(x10)	 x10:0x00101938 x16=0x00000020 PA:0x00101938 store:0x00000000
           8414	      4203	0010010c	fa0810e3	bne	x16,x0,1000ac	 x16:0x00000020  x0:0x00000000
           8420	      4206	001000ac	0107a023	sw	x16,0(x15)	 x15:0x00020000 x16:0x00000020 PA:0x00020000 store:0x00000020 load:0x00000000
           8424	      4208	001000b0	00154703	lbu	x14,1(x10)	 x10:0x00101938 x14=0x00000000 PA:0x00101939 store:0x001012e0
           8428	      4210	001000b4	04070e63	beq	x14,x0,100110	 x14:0x00000000  x0:0x00000000
           8432	      4212	00100110	00000513	addi	x10,x0,0	  x0:0x00000000 x10=0x00000000
           8436	      4214	00100114	00008067	jalr	x0,0(x1)	  x1:0x001012e0  x0=0x00000000
           8440	      4216	001012e0	bf0a2503	lw	x10,-1040(x20)	 x20:0x00102000 x10=0x3f831eb8 PA:0x00101bf0 store:0x00000020
           8444	      4218	001012e4	e3dfe0ef	jal	x1,100120	  x1=0x001012e8
           8446	      4219	00100120	01c55793	srli	x15,x10,0x1c	 x10:0x3f831eb8 x15=0x00000003
           8448	      4220	00100124	00900713	addi	x14,x0,9	  x0:0x00000000 x14=0x00000009
           8452	      4222	00100128	0cf77a63	bgeu	x14,x15,1001fc	 x14:0x00000009 x15:0x00000003
           8456	      4224	001001fc	03078393	addi	x7,x15,48	 x15:0x00000003  x7=0x00000033
           8458	      4225	00100200	000205b7	lui	x11,0x20	 x11=0x00020000
           8460	      4226	00100204	00451613	slli	x12,x10,0x4	 x10:0x3f831eb8 x12=0xf831eb80
           8464	      4228	00100208	0075a023	sw	x7,0(x11)	 x11:0x00020000  x7:0x00000033 PA:0x00020000 store:0x00000033 load:0x00000000
           8466	      4229	0010020c	01c65693	srli	x13,x12,0x1c	 x12:0xf831eb80 x13=0x0000000f
           8468	      4230	00100210	00900813	addi	x16,x0,9	  x0:0x00000000 x16=0x00000009
           8472	      4232	00100214	f2d86ae3	bltu	x16,x13,100148	 x16:0x00000009 x13:0x0000000f
           8476	      4234	00100148	03768893	addi	x17,x13,55	 x13:0x0000000f x17=0x00000046
           8478	      4235	0010014c	00020e37	lui	x28,0x20	 x28=0x00020000
           8480	      4236	00100150	00851f93	slli	x31,x10,0x8	 x10:0x3f831eb8 x31=0x831eb800
           8484	      4238	00100154	011e2023	sw	x17,0(x28)	 x28:0x00020000 x17:0x00000046 PA:0x00020000 store:0x00000046 load:0x00000000
           8486	      4239	00100158	01cfd793	srli	x15,x31,0x1c	 x31:0x831eb800 x15=0x00000008
           8488	      4240	0010015c	00900713	addi	x14,x0,9	  x0:0x00000000 x14=0x00000009
           8492	      4242	00100160	0cf77a63	bgeu	x14,x15,100234	 x14:0x00000009 x15:0x00000008
           8496	      4244	00100234	03078393	addi	x7,x15,48	 x15:0x00000008  x7=0x00000038
           8498	      4245	00100238	000205b7	lui	x11,0x20	 x11=0x00020000
           8500	      4246	0010023c	00c51613	slli	x12,x10,0xc	 x10:0x3f831eb8 x12=0x31eb8000
           8504	      4248	00100240	0075a023	sw	x7,0(x11)	 x11:0x00020000  x7:0x00000038 PA:0x00020000 store:0x00000038 load:0x00000000
           8506	      4249	00100244	01c65693	srli	x13,x12,0x1c	 x12:0x31eb8000 x13=0x00000003
           8508	      4250	00100248	00900813	addi	x16,x0,9	  x0:0x00000000 x16=0x00000009
           8510	      4251	0010024c	f2d86ae3	bltu	x16,x13,100180	 x16:0x00000009 x13:0x00000003
           8512	      4252	00100250	03068e93	addi	x29,x13,48	 x13:0x00000003 x29=0x00000033
           8514	      4253	00100254	00020f37	lui	x30,0x20	 x30=0x00020000
           8516	      4254	00100258	01051f93	slli	x31,x10,0x10	 x10:0x3f831eb8 x31=0x1eb80000
           8520	      4256	0010025c	01df2023	sw	x29,0(x30)	 x30:0x00020000 x29:0x00000033 PA:0x00020000 store:0x00000033 load:0x00000000
           8522	      4257	00100260	01cfd793	srli	x15,x31,0x1c	 x31:0x1eb80000 x15=0x00000001
           8524	      4258	00100264	00900713	addi	x14,x0,9	  x0:0x00000000 x14=0x00000009
           8526	      4259	00100268	f2f76ae3	bltu	x14,x15,10019c	 x14:0x00000009 x15:0x00000001
           8528	      4260	0010026c	03078393	addi	x7,x15,48	 x15:0x00000001  x7=0x00000031
           8530	      4261	00100270	000205b7	lui	x11,0x20	 x11=0x00020000
           8532	      4262	00100274	01451613	slli	x12,x10,0x14	 x10:0x3f831eb8 x12=0xeb800000
           8536	      4264	00100278	0075a023	sw	x7,0(x11)	 x11:0x00020000  x7:0x00000031 PA:0x00020000 store:0x00000031 load:0x00000000
           8538	      4265	0010027c	01c65693	srli	x13,x12,0x1c	 x12:0xeb800000 x13=0x0000000e
           8540	      4266	00100280	00900813	addi	x16,x0,9	  x0:0x00000000 x16=0x00000009
           8544	      4268	00100284	f2d86ae3	bltu	x16,x13,1001b8	 x16:0x00000009 x13:0x0000000e
           8548	      4270	001001b8	03768893	addi	x17,x13,55	 x13:0x0000000e x17=0x00000045
           8550	      4271	001001bc	00020e37	lui	x28,0x20	 x28=0x00020000
           8552	      4272	001001c0	01851f93	slli	x31,x10,0x18	 x10:0x3f831eb8 x31=0xb8000000
           8556	      4274	001001c4	011e2023	sw	x17,0(x28)	 x28:0x00020000 x17:0x00000045 PA:0x00020000 store:0x00000045 load:0x00000000
           8558	      4275	001001c8	01cfd793	srli	x15,x31,0x1c	 x31:0xb8000000 x15=0x0000000b
           8560	      4276	001001cc	00900713	addi	x14,x0,9	  x0:0x00000000 x14=0x00000009
           8562	      4277	001001d0	0cf77a63	bgeu	x14,x15,1002a4	 x14:0x00000009 x15:0x0000000b
           8564	      4278	001001d4	03778293	addi	x5,x15,55	 x15:0x0000000b  x5=0x00000042
           8566	      4279	001001d8	00020337	lui	x6,0x20	  x6=0x00020000
           8570	      4281	001001dc	00532023	sw	x5,0(x6)	  x6:0x00020000  x5:0x00000042 PA:0x00020000 store:0x00000042 load:0x00000000
           8572	      4282	001001e0	00f57513	andi	x10,x10,15	 x10:0x3f831eb8 x10=0x00000008
           8574	      4283	001001e4	00900613	addi	x12,x0,9	  x0:0x00000000 x12=0x00000009
           8576	      4284	001001e8	0ca66a63	bltu	x12,x10,1002bc	 x12:0x00000009 x10:0x00000008
           8578	      4285	001001ec	03050893	addi	x17,x10,48	 x10:0x00000008 x17=0x00000038
           8580	      4286	001001f0	00020e37	lui	x28,0x20	 x28=0x00020000
           8584	      4288	001001f4	011e2023	sw	x17,0(x28)	 x28:0x00020000 x17:0x00000038 PA:0x00020000 store:0x00000038 load:0x00000000
           8588	      4290	001001f8	00008067	jalr	x0,0(x1)	  x1:0x001012e8  x0=0x00000000
           8592	      4292	001012e8	f1aa98e3	bne	x21,x26,1011f8	 x21:0x00000008 x26:0x00000014
           8600	      4296	001011f8	c009a987	flw	f19,-1024(x19)	 f19:0x00102000 f19=0x00000000 PA:0x00101c00 store:0x3f8650e8
           8624	      4308	001011fc	928c8513	addi	x10,x25,-1752	 x25:0x00102000 x10=0x00101928
           8626	      4309	00101200	5809fa53	fsqrt.s	f20,f19	 f19:0x00102000 f20=0x00000000
           8628	      4310	00101204	c149a027	fsw	f20,-1024(x19)	 f19:0x00102000 f20:0x00102000 PA:0x00101c00 store:0x3f818cf4 load:0x3f831eb8
           8630	      4311	00101208	c009aa87	flw	f21,-1024(x19)	 f19:0x00102000 f21=0x00000000 PA:0x00101c00 store:0x3f8650e8
           8632	      4312	0010120c	e00a8dd3	fmv.x.w	x27,f21	 f21:0x00000008 x27=0x3f818cf4
           8634	      4313	00101210	bfba2823	sw	x27,-1040(x20)	 x20:0x00102000 x27:0x3f818cf4 PA:0x00101bf0 store:0x3f818cf4 load:0x3f818cf4
           8636	      4314	00101214	e8dfe0ef	jal	x1,1000a0	  x1=0x00101218
           8640	      4316	001000a0	00054803	lbu	x16,0(x10)	 x10:0x00101928 x16=0x0000000a PA:0x00101928 store:0x00000000
           8642	      4317	001000a4	06080663	beq	x16,x0,100110	 x16:0x0000000a  x0:0x00000000
           8644	      4318	001000a8	000207b7	lui	x15,0x20	 x15=0x00020000
           8648	      4320	001000ac	0107a023	sw	x16,0(x15)	 x15:0x00020000 x16:0x0000000a PA:0x00020000 store:0x0000000a load:0x00000000
           8652	      4322	001000b0	00154703	lbu	x14,1(x10)	 x10:0x00101928 x14=0x00000020 PA:0x00101929 store:0x00101218
           8654	      4323	001000b4	04070e63	beq	x14,x0,100110	 x14:0x00000020  x0:0x00000000
           8658	      4325	001000b8	00e7a023	sw	x14,0(x15)	 x15:0x00020000 x14:0x00000020 PA:0x00020000 store:0x00000020 load:0x00000000
           8662	      4327	001000bc	00254283	lbu	x5,2(x10)	 x10:0x00101928  x5=0x00000069 PA:0x0010192a store:0x00137fa0
           8664	      4328	001000c0	04028863	beq	x5,x0,100110	  x5:0x00000069  x0:0x00000000
           8668	      4330	001000c4	0057a023	sw	x5,0(x15)	 x15:0x00020000  x5:0x00000069 PA:0x00020000 store:0x00000069 load:0x00000000
           8672	      4332	001000c8	00354303	lbu	x6,3(x10)	 x10:0x00101928  x6=0x0000003d PA:0x0010192b store:0x00000000
           8674	      4333	001000cc	04030263	beq	x6,x0,100110	  x6:0x0000003d  x0:0x00000000
           8678	      4335	001000d0	0067a023	sw	x6,0(x15)	 x15:0x00020000  x6:0x0000003d PA:0x00020000 store:0x0000003d load:0x00000000
           8682	      4337	001000d4	00454383	lbu	x7,4(x10)	 x10:0x00101928  x7=0x00000000 PA:0x0010192c store:0x00000000
           8686	      4339	001000d8	02038c63	beq	x7,x0,100110	  x7:0x00000000  x0:0x00000000
           8690	      4341	00100110	00000513	addi	x10,x0,0	  x0:0x00000000 x10=0x00000000
           8694	      4343	00100114	00008067	jalr	x0,0(x1)	  x1:0x00101218  x0=0x00000000
           8696	      4344	00101218	000a8513	addi	x10,x21,0	 x21:0x00000008 x10=0x00000008
           8700	      4346	0010121c	f05fe0ef	jal	x1,100120	  x1=0x00101220
           8702	      4347	00100120	01c55793	srli	x15,x10,0x1c	 x10:0x00000008 x15=0x00000000
           8704	      4348	00100124	00900713	addi	x14,x0,9	  x0:0x00000000 x14=0x00000009
           8708	      4350	00100128	0cf77a63	bgeu	x14,x15,1001fc	 x14:0x00000009 x15:0x00000000
           8712	      4352	001001fc	03078393	addi	x7,x15,48	 x15:0x00000000  x7=0x00000030
           8714	      4353	00100200	000205b7	lui	x11,0x20	 x11=0x00020000
           8716	      4354	00100204	00451613	slli	x12,x10,0x4	 x10:0x00000008 x12=0x00000080
           8720	      4356	00100208	0075a023	sw	x7,0(x11)	 x11:0x00020000  x7:0x00000030 PA:0x00020000 store:0x00000030 load:0x00000000
           8722	      4357	0010020c	01c65693	srli	x13,x12,0x1c	 x12:0x00000080 x13=0x00000000
           8724	      4358	00100210	00900813	addi	x16,x0,9	  x0:0x00000000 x16=0x00000009
           8726	      4359	00100214	f2d86ae3	bltu	x16,x13,100148	 x16:0x00000009 x13:0x00000000
           8728	      4360	00100218	03068e93	addi	x29,x13,48	 x13:0x00000000 x29=0x00000030
           8730	      4361	0010021c	00020f37	lui	x30,0x20	 x30=0x00020000
           8732	      4362	00100220	00851f93	slli	x31,x10,0x8	 x10:0x00000008 x31=0x00000800
           8736	      4364	00100224	01df2023	sw	x29,0(x30)	 x30:0x00020000 x29:0x00000030 PA:0x00020000 store:0x00000030 load:0x00000000
           8738	      4365	00100228	01cfd793	srli	x15,x31,0x1c	 x31:0x00000800 x15=0x00000000
           8740	      4366	0010022c	00900713	addi	x14,x0,9	  x0:0x00000000 x14=0x00000009
           8742	      4367	00100230	f2f76ae3	bltu	x14,x15,100164	 x14:0x00000009 x15:0x00000000
           8744	      4368	00100234	03078393	addi	x7,x15,48	 x15:0x00000000  x7=0x00000030
           8746	      4369	00100238	000205b7	lui	x11,0x20	 x11=0x00020000
           8748	      4370	0010023c	00c51613	slli	x12,x10,0xc	 x10:0x00000008 x12=0x00008000
           8752	      4372	00100240	0075a023	sw	x7,0(x11)	 x11:0x00020000  x7:0x00000030 PA:0x00020000 store:0x00000030 load:0x00000000
           8754	      4373	00100244	01c65693	srli	x13,x12,0x1c	 x12:0x00008000 x13=0x00000000
           8756	      4374	00100248	00900813	addi	x16,x0,9	  x0:0x00000000 x16=0x00000009
           8758	      4375	0010024c	f2d86ae3	bltu	x16,x13,100180	 x16:0x00000009 x13:0x00000000
           8760	      4376	00100250	03068e93	addi	x29,x13,48	 x13:0x00000000 x29=0x00000030
           8762	      4377	00100254	00020f37	lui	x30,0x20	 x30=0x00020000
           8764	      4378	00100258	01051f93	slli	x31,x10,0x10	 x10:0x00000008 x31=0x00080000
           8768	      4380	0010025c	01df2023	sw	x29,0(x30)	 x30:0x00020000 x29:0x00000030 PA:0x00020000 store:0x00000030 load:0x00000000
           8770	      4381	00100260	01cfd793	srli	x15,x31,0x1c	 x31:0x00080000 x15=0x00000000
           8772	      4382	00100264	00900713	addi	x14,x0,9	  x0:0x00000000 x14=0x00000009
           8774	      4383	00100268	f2f76ae3	bltu	x14,x15,10019c	 x14:0x00000009 x15:0x00000000
           8776	      4384	0010026c	03078393	addi	x7,x15,48	 x15:0x00000000  x7=0x00000030
           8778	      4385	00100270	000205b7	lui	x11,0x20	 x11=0x00020000
           8780	      4386	00100274	01451613	slli	x12,x10,0x14	 x10:0x00000008 x12=0x00800000
           8784	      4388	00100278	0075a023	sw	x7,0(x11)	 x11:0x00020000  x7:0x00000030 PA:0x00020000 store:0x00000030 load:0x00000000
           8786	      4389	0010027c	01c65693	srli	x13,x12,0x1c	 x12:0x00800000 x13=0x00000000
           8788	      4390	00100280	00900813	addi	x16,x0,9	  x0:0x00000000 x16=0x00000009
           8790	      4391	00100284	f2d86ae3	bltu	x16,x13,1001b8	 x16:0x00000009 x13:0x00000000
           8792	      4392	00100288	03068e93	addi	x29,x13,48	 x13:0x00000000 x29=0x00000030
           8794	      4393	0010028c	00020f37	lui	x30,0x20	 x30=0x00020000
           8796	      4394	00100290	01851f93	slli	x31,x10,0x18	 x10:0x00000008 x31=0x08000000
           8800	      4396	00100294	01df2023	sw	x29,0(x30)	 x30:0x00020000 x29:0x00000030 PA:0x00020000 store:0x00000030 load:0x00000000
           8802	      4397	00100298	01cfd793	srli	x15,x31,0x1c	 x31:0x08000000 x15=0x00000000
           8804	      4398	0010029c	00900713	addi	x14,x0,9	  x0:0x00000000 x14=0x00000009
           8806	      4399	001002a0	f2f76ae3	bltu	x14,x15,1001d4	 x14:0x00000009 x15:0x00000000
           8808	      4400	001002a4	03078393	addi	x7,x15,48	 x15:0x00000000  x7=0x00000030
           8810	      4401	001002a8	000205b7	lui	x11,0x20	 x11=0x00020000
           8814	      4403	001002ac	0075a023	sw	x7,0(x11)	 x11:0x00020000  x7:0x00000030 PA:0x00020000 store:0x00000030 load:0x00000000
           8816	      4404	001002b0	00f57513	andi	x10,x10,15	 x10:0x00000008 x10=0x00000008
           8818	      4405	001002b4	00900613	addi	x12,x0,9	  x0:0x00000000 x12=0x00000009
           8822	      4407	001002b8	f2a67ae3	bgeu	x12,x10,1001ec	 x12:0x00000009 x10:0x00000008
           8826	      4409	001001ec	03050893	addi	x17,x10,48	 x10:0x00000008 x17=0x00000038
           8828	      4410	001001f0	00020e37	lui	x28,0x20	 x28=0x00020000
           8832	      4412	001001f4	011e2023	sw	x17,0(x28)	 x28:0x00020000 x17:0x00000038 PA:0x00020000 store:0x00000038 load:0x00000000
           8836	      4414	001001f8	00008067	jalr	x0,0(x1)	  x1:0x00101220  x0=0x00000000
           8838	      4415	00101220	930c0513	addi	x10,x24,-1744	 x24:0x00102000 x10=0x00101930
           8842	      4417	00101224	e7dfe0ef	jal	x1,1000a0	  x1=0x00101228
           8846	      4419	001000a0	00054803	lbu	x16,0(x10)	 x10:0x00101930 x16=0x00000020 PA:0x00101930 store:0x00000000
           8848	      4420	001000a4	06080663	beq	x16,x0,100110	 x16:0x00000020  x0:0x00000000
           8850	      4421	001000a8	000207b7	lui	x15,0x20	 x15=0x00020000
           8854	      4423	001000ac	0107a023	sw	x16,0(x15)	 x15:0x00020000 x16:0x00000020 PA:0x00020000 store:0x00000020 load:0x00000000
           8858	      4425	001000b0	00154703	lbu	x14,1(x10)	 x10:0x00101930 x14=0x00000072 PA:0x00101931 store:0x00101228
           8860	      4426	001000b4	04070e63	beq	x14,x0,100110	 x14:0x00000072  x0:0x00000000
           8864	      4428	001000b8	00e7a023	sw	x14,0(x15)	 x15:0x00020000 x14:0x00000072 PA:0x00020000 store:0x00000072 load:0x00000000
           8868	      4430	001000bc	00254283	lbu	x5,2(x10)	 x10:0x00101930  x5=0x00000065 PA:0x00101932 store:0x00137fa0
           8870	      4431	001000c0	04028863	beq	x5,x0,100110	  x5:0x00000065  x0:0x00000000
           8874	      4433	001000c4	0057a023	sw	x5,0(x15)	 x15:0x00020000  x5:0x00000065 PA:0x00020000 store:0x00000065 load:0x00000000
           8878	      4435	001000c8	00354303	lbu	x6,3(x10)	 x10:0x00101930  x6=0x00000073 PA:0x00101933 store:0x00000000
           8880	      4436	001000cc	04030263	beq	x6,x0,100110	  x6:0x00000073  x0:0x00000000
           8884	      4438	001000d0	0067a023	sw	x6,0(x15)	 x15:0x00020000  x6:0x00000073 PA:0x00020000 store:0x00000073 load:0x00000000
           8888	      4440	001000d4	00454383	lbu	x7,4(x10)	 x10:0x00101930  x7=0x00000075 PA:0x00101934 store:0x00000000
           8890	      4441	001000d8	02038c63	beq	x7,x0,100110	  x7:0x00000075  x0:0x00000000
           8894	      4443	001000dc	0077a023	sw	x7,0(x15)	 x15:0x00020000  x7:0x00000075 PA:0x00020000 store:0x00000075 load:0x00000000
           8898	      4445	001000e0	00554583	lbu	x11,5(x10)	 x10:0x00101930 x11=0x0000006c PA:0x00101935 store:0x00000065
           8900	      4446	001000e4	02058663	beq	x11,x0,100110	 x11:0x0000006c  x0:0x00000000
           8904	      4448	001000e8	00b7a023	sw	x11,0(x15)	 x15:0x00020000 x11:0x0000006c PA:0x00020000 store:0x0000006c load:0x00000000
           8908	      4450	001000ec	00654603	lbu	x12,6(x10)	 x10:0x00101930 x12=0x00000074 PA:0x00101936 store:0x00000073
           8910	      4451	001000f0	02060063	beq	x12,x0,100110	 x12:0x00000074  x0:0x00000000
           8914	      4453	001000f4	00c7a023	sw	x12,0(x15)	 x15:0x00020000 x12:0x00000074 PA:0x00020000 store:0x00000074 load:0x00000000
           8918	      4455	001000f8	00754683	lbu	x13,7(x10)	 x10:0x00101930 x13=0x0000003a PA:0x00101937 store:0x00000075
           8920	      4456	001000fc	00850513	addi	x10,x10,8	 x10:0x00101930 x10=0x00101938
           8922	      4457	00100100	00068863	beq	x13,x0,100110	 x13:0x0000003a  x0:0x00000000
           8926	      4459	00100104	00d7a023	sw	x13,0(x15)	 x15:0x00020000 x13:0x0000003a PA:0x00020000 store:0x0000003a load:0x00000000
           8930	      4461	00100108	00054803	lbu	x16,0(x10)	 x10:0x00101938 x16=0x00000020 PA:0x00101938 store:0x00000000
           8934	      4463	0010010c	fa0810e3	bne	x16,x0,1000ac	 x16:0x00000020  x0:0x00000000
           8940	      4466	001000ac	0107a023	sw	x16,0(x15)	 x15:0x00020000 x16:0x00000020 PA:0x00020000 store:0x00000020 load:0x00000000
           8944	      4468	001000b0	00154703	lbu	x14,1(x10)	 x10:0x00101938 x14=0x00000000 PA:0x00101939 store:0x00101228
           8948	      4470	001000b4	04070e63	beq	x14,x0,100110	 x14:0x00000000  x0:0x00000000
           8952	      4472	00100110	00000513	addi	x10,x0,0	  x0:0x00000000 x10=0x00000000
           8956	      4474	00100114	00008067	jalr	x0,0(x1)	  x1:0x00101228  x0=0x00000000
           8960	      4476	00101228	bf0a2503	lw	x10,-1040(x20)	 x20:0x00102000 x10=0x3f818cf4 PA:0x00101bf0 store:0x00000020
           8962	      4477	0010122c	001a8d93	addi	x27,x21,1	 x21:0x00000008 x27=0x00000009
           8966	      4479	00101230	ef1fe0ef	jal	x1,100120	  x1=0x00101234
           8968	      4480	00100120	01c55793	srli	x15,x10,0x1c	 x10:0x3f818cf4 x15=0x00000003
           8970	      4481	00100124	00900713	addi	x14,x0,9	  x0:0x00000000 x14=0x00000009
           8974	      4483	00100128	0cf77a63	bgeu	x14,x15,1001fc	 x14:0x00000009 x15:0x00000003
           8978	      4485	001001fc	03078393	addi	x7,x15,48	 x15:0x00000003  x7=0x00000033
           8980	      4486	00100200	000205b7	lui	x11,0x20	 x11=0x00020000
           8982	      4487	00100204	00451613	slli	x12,x10,0x4	 x10:0x3f818cf4 x12=0xf818cf40
           8986	      4489	00100208	0075a023	sw	x7,0(x11)	 x11:0x00020000  x7:0x00000033 PA:0x00020000 store:0x00000033 load:0x00000000
           8988	      4490	0010020c	01c65693	srli	x13,x12,0x1c	 x12:0xf818cf40 x13=0x0000000f
           8990	      4491	00100210	00900813	addi	x16,x0,9	  x0:0x00000000 x16=0x00000009
           8994	      4493	00100214	f2d86ae3	bltu	x16,x13,100148	 x16:0x00000009 x13:0x0000000f
           8998	      4495	00100148	03768893	addi	x17,x13,55	 x13:0x0000000f x17=0x00000046
           9000	      4496	0010014c	00020e37	lui	x28,0x20	 x28=0x00020000
           9002	      4497	00100150	00851f93	slli	x31,x10,0x8	 x10:0x3f818cf4 x31=0x818cf400
           9006	      4499	00100154	011e2023	sw	x17,0(x28)	 x28:0x00020000 x17:0x00000046 PA:0x00020000 store:0x00000046 load:0x00000000
           9008	      4500	00100158	01cfd793	srli	x15,x31,0x1c	 x31:0x818cf400 x15=0x00000008
           9010	      4501	0010015c	00900713	addi	x14,x0,9	  x0:0x00000000 x14=0x00000009
           9014	      4503	00100160	0cf77a63	bgeu	x14,x15,100234	 x14:0x00000009 x15:0x00000008
           9018	      4505	00100234	03078393	addi	x7,x15,48	 x15:0x00000008  x7=0x00000038
           9020	      4506	00100238	000205b7	lui	x11,0x20	 x11=0x00020000
           9022	      4507	0010023c	00c51613	slli	x12,x10,0xc	 x10:0x3f818cf4 x12=0x18cf4000
           9026	      4509	00100240	0075a023	sw	x7,0(x11)	 x11:0x00020000  x7:0x00000038 PA:0x00020000 store:0x00000038 load:0x00000000
           9028	      4510	00100244	01c65693	srli	x13,x12,0x1c	 x12:0x18cf4000 x13=0x00000001
           9030	      4511	00100248	00900813	addi	x16,x0,9	  x0:0x00000000 x16=0x00000009
           9032	      4512	0010024c	f2d86ae3	bltu	x16,x13,100180	 x16:0x00000009 x13:0x00000001
           9034	      4513	00100250	03068e93	addi	x29,x13,48	 x13:0x00000001 x29=0x00000031
           9036	      4514	00100254	00020f37	lui	x30,0x20	 x30=0x00020000
           9038	      4515	00100258	01051f93	slli	x31,x10,0x10	 x10:0x3f818cf4 x31=0x8cf40000
           9042	      4517	0010025c	01df2023	sw	x29,0(x30)	 x30:0x00020000 x29:0x00000031 PA:0x00020000 store:0x00000031 load:0x00000000
           9044	      4518	00100260	01cfd793	srli	x15,x31,0x1c	 x31:0x8cf40000 x15=0x00000008
           9046	      4519	00100264	00900713	addi	x14,x0,9	  x0:0x00000000 x14=0x00000009
           9048	      4520	00100268	f2f76ae3	bltu	x14,x15,10019c	 x14:0x00000009 x15:0x00000008
           9050	      4521	0010026c	03078393	addi	x7,x15,48	 x15:0x00000008  x7=0x00000038
           9052	      4522	00100270	000205b7	lui	x11,0x20	 x11=0x00020000
           9054	      4523	00100274	01451613	slli	x12,x10,0x14	 x10:0x3f818cf4 x12=0xcf400000
           9058	      4525	00100278	0075a023	sw	x7,0(x11)	 x11:0x00020000  x7:0x00000038 PA:0x00020000 store:0x00000038 load:0x00000000
           9060	      4526	0010027c	01c65693	srli	x13,x12,0x1c	 x12:0xcf400000 x13=0x0000000c
           9062	      4527	00100280	00900813	addi	x16,x0,9	  x0:0x00000000 x16=0x00000009
           9066	      4529	00100284	f2d86ae3	bltu	x16,x13,1001b8	 x16:0x00000009 x13:0x0000000c
           9070	      4531	001001b8	03768893	addi	x17,x13,55	 x13:0x0000000c x17=0x00000043
           9072	      4532	001001bc	00020e37	lui	x28,0x20	 x28=0x00020000
           9074	      4533	001001c0	01851f93	slli	x31,x10,0x18	 x10:0x3f818cf4 x31=0xf4000000
           9078	      4535	001001c4	011e2023	sw	x17,0(x28)	 x28:0x00020000 x17:0x00000043 PA:0x00020000 store:0x00000043 load:0x00000000
           9080	      4536	001001c8	01cfd793	srli	x15,x31,0x1c	 x31:0xf4000000 x15=0x0000000f
           9082	      4537	001001cc	00900713	addi	x14,x0,9	  x0:0x00000000 x14=0x00000009
           9084	      4538	001001d0	0cf77a63	bgeu	x14,x15,1002a4	 x14:0x00000009 x15:0x0000000f
           9086	      4539	001001d4	03778293	addi	x5,x15,55	 x15:0x0000000f  x5=0x00000046
           9088	      4540	001001d8	00020337	lui	x6,0x20	  x6=0x00020000
           9092	      4542	001001dc	00532023	sw	x5,0(x6)	  x6:0x00020000  x5:0x00000046 PA:0x00020000 store:0x00000046 load:0x00000000
           9094	      4543	001001e0	00f57513	andi	x10,x10,15	 x10:0x3f818cf4 x10=0x00000004
           9096	      4544	001001e4	00900613	addi	x12,x0,9	  x0:0x00000000 x12=0x00000009
           9098	      4545	001001e8	0ca66a63	bltu	x12,x10,1002bc	 x12:0x00000009 x10:0x00000004
           9100	      4546	001001ec	03050893	addi	x17,x10,48	 x10:0x00000004 x17=0x00000034
           9102	      4547	001001f0	00020e37	lui	x28,0x20	 x28=0x00020000
           9106	      4549	001001f4	011e2023	sw	x17,0(x28)	 x28:0x00020000 x17:0x00000034 PA:0x00020000 store:0x00000034 load:0x00000000
           9116	      4554	001001f8	00008067	jalr	x0,0(x1)	  x1:0x00101234  x0=0x00000000
           9118	      4555	00101234	c009ae07	flw	f28,-1024(x19)	 f19:0x00102000 f28=0x00000000 PA:0x00101c00 store:0x3f8650e8
           9138	      4565	00101238	580e7ed3	fsqrt.s	f29,f28	 f28:0x00020000 f29=0x00000000
           9140	      4566	0010123c	c1d9a027	fsw	f29,-1024(x19)	 f19:0x00102000 f29:0x00000031 PA:0x00101c00 store:0x3f80c5e1 load:0x3f818cf4
           9142	      4567	00101240	c009af07	flw	f30,-1024(x19)	 f19:0x00102000 f30=0x00000000 PA:0x00101c00 store:0x3f8650e8
           9146	      4569	00101244	928c8513	addi	x10,x25,-1752	 x25:0x00102000 x10=0x00101928
           9148	      4570	00101248	e00f0e53	fmv.x.w	x28,f30	 f30:0x00020000 x28=0x3f80c5e1
           9150	      4571	0010124c	bfca2823	sw	x28,-1040(x20)	 x20:0x00102000 x28:0x3f80c5e1 PA:0x00101bf0 store:0x3f80c5e1 load:0x3f80c5e1
           9152	      4572	00101250	e51fe0ef	jal	x1,1000a0	  x1=0x00101254
           9156	      4574	001000a0	00054803	lbu	x16,0(x10)	 x10:0x00101928 x16=0x0000000a PA:0x00101928 store:0x00000000
           9158	      4575	001000a4	06080663	beq	x16,x0,100110	 x16:0x0000000a  x0:0x00000000
           9160	      4576	001000a8	000207b7	lui	x15,0x20	 x15=0x00020000
           9164	      4578	001000ac	0107a023	sw	x16,0(x15)	 x15:0x00020000 x16:0x0000000a PA:0x00020000 store:0x0000000a load:0x00000000
           9168	      4580	001000b0	00154703	lbu	x14,1(x10)	 x10:0x00101928 x14=0x00000020 PA:0x00101929 store:0x00101254
           9170	      4581	001000b4	04070e63	beq	x14,x0,100110	 x14:0x00000020  x0:0x00000000
           9174	      4583	001000b8	00e7a023	sw	x14,0(x15)	 x15:0x00020000 x14:0x00000020 PA:0x00020000 store:0x00000020 load:0x00000000
           9178	      4585	001000bc	00254283	lbu	x5,2(x10)	 x10:0x00101928  x5=0x00000069 PA:0x0010192a store:0x00137fa0
           9180	      4586	001000c0	04028863	beq	x5,x0,100110	  x5:0x00000069  x0:0x00000000
           9184	      4588	001000c4	0057a023	sw	x5,0(x15)	 x15:0x00020000  x5:0x00000069 PA:0x00020000 store:0x00000069 load:0x00000000
           9188	      4590	001000c8	00354303	lbu	x6,3(x10)	 x10:0x00101928  x6=0x0000003d PA:0x0010192b store:0x00000000
           9190	      4591	001000cc	04030263	beq	x6,x0,100110	  x6:0x0000003d  x0:0x00000000
           9194	      4593	001000d0	0067a023	sw	x6,0(x15)	 x15:0x00020000  x6:0x0000003d PA:0x00020000 store:0x0000003d load:0x00000000
           9198	      4595	001000d4	00454383	lbu	x7,4(x10)	 x10:0x00101928  x7=0x00000000 PA:0x0010192c store:0x00000000
           9202	      4597	001000d8	02038c63	beq	x7,x0,100110	  x7:0x00000000  x0:0x00000000
           9206	      4599	00100110	00000513	addi	x10,x0,0	  x0:0x00000000 x10=0x00000000
           9210	      4601	00100114	00008067	jalr	x0,0(x1)	  x1:0x00101254  x0=0x00000000
           9212	      4602	00101254	000d8513	addi	x10,x27,0	 x27:0x00000009 x10=0x00000009
           9216	      4604	00101258	ec9fe0ef	jal	x1,100120	  x1=0x0010125c
           9218	      4605	00100120	01c55793	srli	x15,x10,0x1c	 x10:0x00000009 x15=0x00000000
           9220	      4606	00100124	00900713	addi	x14,x0,9	  x0:0x00000000 x14=0x00000009
           9224	      4608	00100128	0cf77a63	bgeu	x14,x15,1001fc	 x14:0x00000009 x15:0x00000000
           9228	      4610	001001fc	03078393	addi	x7,x15,48	 x15:0x00000000  x7=0x00000030
           9230	      4611	00100200	000205b7	lui	x11,0x20	 x11=0x00020000
           9232	      4612	00100204	00451613	slli	x12,x10,0x4	 x10:0x00000009 x12=0x00000090
           9236	      4614	00100208	0075a023	sw	x7,0(x11)	 x11:0x00020000  x7:0x00000030 PA:0x00020000 store:0x00000030 load:0x00000000
           9238	      4615	0010020c	01c65693	srli	x13,x12,0x1c	 x12:0x00000090 x13=0x00000000
           9240	      4616	00100210	00900813	addi	x16,x0,9	  x0:0x00000000 x16=0x00000009
           9242	      4617	00100214	f2d86ae3	bltu	x16,x13,100148	 x16:0x00000009 x13:0x00000000
           9244	      4618	00100218	03068e93	addi	x29,x13,48	 x13:0x00000000 x29=0x00000030
           9246	      4619	0010021c	00020f37	lui	x30,0x20	 x30=0x00020000
           9248	      4620	00100220	00851f93	slli	x31,x10,0x8	 x10:0x00000009 x31=0x00000900
           9252	      4622	00100224	01df2023	sw	x29,0(x30)	 x30:0x00020000 x29:0x00000030 PA:0x00020000 store:0x00000030 load:0x00000000
           9254	      4623	00100228	01cfd793	srli	x15,x31,0x1c	 x31:0x00000900 x15=0x00000000
           9256	      4624	0010022c	00900713	addi	x14,x0,9	  x0:0x00000000 x14=0x00000009
           9258	      4625	00100230	f2f76ae3	bltu	x14,x15,100164	 x14:0x00000009 x15:0x00000000
           9260	      4626	00100234	03078393	addi	x7,x15,48	 x15:0x00000000  x7=0x00000030
           9262	      4627	00100238	000205b7	lui	x11,0x20	 x11=0x00020000
           9264	      4628	0010023c	00c51613	slli	x12,x10,0xc	 x10:0x00000009 x12=0x00009000
           9268	      4630	00100240	0075a023	sw	x7,0(x11)	 x11:0x00020000  x7:0x00000030 PA:0x00020000 store:0x00000030 load:0x00000000
           9270	      4631	00100244	01c65693	srli	x13,x12,0x1c	 x12:0x00009000 x13=0x00000000
           9272	      4632	00100248	00900813	addi	x16,x0,9	  x0:0x00000000 x16=0x00000009
           9274	      4633	0010024c	f2d86ae3	bltu	x16,x13,100180	 x16:0x00000009 x13:0x00000000
           9276	      4634	00100250	03068e93	addi	x29,x13,48	 x13:0x00000000 x29=0x00000030
           9278	      4635	00100254	00020f37	lui	x30,0x20	 x30=0x00020000
           9280	      4636	00100258	01051f93	slli	x31,x10,0x10	 x10:0x00000009 x31=0x00090000
           9284	      4638	0010025c	01df2023	sw	x29,0(x30)	 x30:0x00020000 x29:0x00000030 PA:0x00020000 store:0x00000030 load:0x00000000
           9286	      4639	00100260	01cfd793	srli	x15,x31,0x1c	 x31:0x00090000 x15=0x00000000
           9288	      4640	00100264	00900713	addi	x14,x0,9	  x0:0x00000000 x14=0x00000009
           9290	      4641	00100268	f2f76ae3	bltu	x14,x15,10019c	 x14:0x00000009 x15:0x00000000
           9292	      4642	0010026c	03078393	addi	x7,x15,48	 x15:0x00000000  x7=0x00000030
           9294	      4643	00100270	000205b7	lui	x11,0x20	 x11=0x00020000
           9296	      4644	00100274	01451613	slli	x12,x10,0x14	 x10:0x00000009 x12=0x00900000
           9300	      4646	00100278	0075a023	sw	x7,0(x11)	 x11:0x00020000  x7:0x00000030 PA:0x00020000 store:0x00000030 load:0x00000000
           9302	      4647	0010027c	01c65693	srli	x13,x12,0x1c	 x12:0x00900000 x13=0x00000000
           9304	      4648	00100280	00900813	addi	x16,x0,9	  x0:0x00000000 x16=0x00000009
           9306	      4649	00100284	f2d86ae3	bltu	x16,x13,1001b8	 x16:0x00000009 x13:0x00000000
           9308	      4650	00100288	03068e93	addi	x29,x13,48	 x13:0x00000000 x29=0x00000030
           9310	      4651	0010028c	00020f37	lui	x30,0x20	 x30=0x00020000
           9312	      4652	00100290	01851f93	slli	x31,x10,0x18	 x10:0x00000009 x31=0x09000000
           9316	      4654	00100294	01df2023	sw	x29,0(x30)	 x30:0x00020000 x29:0x00000030 PA:0x00020000 store:0x00000030 load:0x00000000
           9318	      4655	00100298	01cfd793	srli	x15,x31,0x1c	 x31:0x09000000 x15=0x00000000
           9320	      4656	0010029c	00900713	addi	x14,x0,9	  x0:0x00000000 x14=0x00000009
           9322	      4657	001002a0	f2f76ae3	bltu	x14,x15,1001d4	 x14:0x00000009 x15:0x00000000
           9324	      4658	001002a4	03078393	addi	x7,x15,48	 x15:0x00000000  x7=0x00000030
           9326	      4659	001002a8	000205b7	lui	x11,0x20	 x11=0x00020000
           9330	      4661	001002ac	0075a023	sw	x7,0(x11)	 x11:0x00020000  x7:0x00000030 PA:0x00020000 store:0x00000030 load:0x00000000
           9332	      4662	001002b0	00f57513	andi	x10,x10,15	 x10:0x00000009 x10=0x00000009
           9334	      4663	001002b4	00900613	addi	x12,x0,9	  x0:0x00000000 x12=0x00000009
           9338	      4665	001002b8	f2a67ae3	bgeu	x12,x10,1001ec	 x12:0x00000009 x10:0x00000009
           9342	      4667	001001ec	03050893	addi	x17,x10,48	 x10:0x00000009 x17=0x00000039
           9344	      4668	001001f0	00020e37	lui	x28,0x20	 x28=0x00020000
           9348	      4670	001001f4	011e2023	sw	x17,0(x28)	 x28:0x00020000 x17:0x00000039 PA:0x00020000 store:0x00000039 load:0x00000000
           9352	      4672	001001f8	00008067	jalr	x0,0(x1)	  x1:0x0010125c  x0=0x00000000
           9354	      4673	0010125c	930c0513	addi	x10,x24,-1744	 x24:0x00102000 x10=0x00101930
           9358	      4675	00101260	e41fe0ef	jal	x1,1000a0	  x1=0x00101264
           9362	      4677	001000a0	00054803	lbu	x16,0(x10)	 x10:0x00101930 x16=0x00000020 PA:0x00101930 store:0x00000000
           9364	      4678	001000a4	06080663	beq	x16,x0,100110	 x16:0x00000020  x0:0x00000000
           9366	      4679	001000a8	000207b7	lui	x15,0x20	 x15=0x00020000
           9370	      4681	001000ac	0107a023	sw	x16,0(x15)	 x15:0x00020000 x16:0x00000020 PA:0x00020000 store:0x00000020 load:0x00000000
           9374	      4683	001000b0	00154703	lbu	x14,1(x10)	 x10:0x00101930 x14=0x00000072 PA:0x00101931 store:0x00101264
           9376	      4684	001000b4	04070e63	beq	x14,x0,100110	 x14:0x00000072  x0:0x00000000
           9380	      4686	001000b8	00e7a023	sw	x14,0(x15)	 x15:0x00020000 x14:0x00000072 PA:0x00020000 store:0x00000072 load:0x00000000
           9384	      4688	001000bc	00254283	lbu	x5,2(x10)	 x10:0x00101930  x5=0x00000065 PA:0x00101932 store:0x00137fa0
           9386	      4689	001000c0	04028863	beq	x5,x0,100110	  x5:0x00000065  x0:0x00000000
           9390	      4691	001000c4	0057a023	sw	x5,0(x15)	 x15:0x00020000  x5:0x00000065 PA:0x00020000 store:0x00000065 load:0x00000000
           9394	      4693	001000c8	00354303	lbu	x6,3(x10)	 x10:0x00101930  x6=0x00000073 PA:0x00101933 store:0x00000000
           9396	      4694	001000cc	04030263	beq	x6,x0,100110	  x6:0x00000073  x0:0x00000000
           9400	      4696	001000d0	0067a023	sw	x6,0(x15)	 x15:0x00020000  x6:0x00000073 PA:0x00020000 store:0x00000073 load:0x00000000
           9404	      4698	001000d4	00454383	lbu	x7,4(x10)	 x10:0x00101930  x7=0x00000075 PA:0x00101934 store:0x00000000
           9406	      4699	001000d8	02038c63	beq	x7,x0,100110	  x7:0x00000075  x0:0x00000000
           9410	      4701	001000dc	0077a023	sw	x7,0(x15)	 x15:0x00020000  x7:0x00000075 PA:0x00020000 store:0x00000075 load:0x00000000
           9414	      4703	001000e0	00554583	lbu	x11,5(x10)	 x10:0x00101930 x11=0x0000006c PA:0x00101935 store:0x00000065
           9416	      4704	001000e4	02058663	beq	x11,x0,100110	 x11:0x0000006c  x0:0x00000000
           9420	      4706	001000e8	00b7a023	sw	x11,0(x15)	 x15:0x00020000 x11:0x0000006c PA:0x00020000 store:0x0000006c load:0x00000000
           9424	      4708	001000ec	00654603	lbu	x12,6(x10)	 x10:0x00101930 x12=0x00000074 PA:0x00101936 store:0x00000073
           9426	      4709	001000f0	02060063	beq	x12,x0,100110	 x12:0x00000074  x0:0x00000000
           9430	      4711	001000f4	00c7a023	sw	x12,0(x15)	 x15:0x00020000 x12:0x00000074 PA:0x00020000 store:0x00000074 load:0x00000000
           9434	      4713	001000f8	00754683	lbu	x13,7(x10)	 x10:0x00101930 x13=0x0000003a PA:0x00101937 store:0x00000075
           9436	      4714	001000fc	00850513	addi	x10,x10,8	 x10:0x00101930 x10=0x00101938
           9438	      4715	00100100	00068863	beq	x13,x0,100110	 x13:0x0000003a  x0:0x00000000
           9442	      4717	00100104	00d7a023	sw	x13,0(x15)	 x15:0x00020000 x13:0x0000003a PA:0x00020000 store:0x0000003a load:0x00000000
           9446	      4719	00100108	00054803	lbu	x16,0(x10)	 x10:0x00101938 x16=0x00000020 PA:0x00101938 store:0x00000000
           9450	      4721	0010010c	fa0810e3	bne	x16,x0,1000ac	 x16:0x00000020  x0:0x00000000
           9456	      4724	001000ac	0107a023	sw	x16,0(x15)	 x15:0x00020000 x16:0x00000020 PA:0x00020000 store:0x00000020 load:0x00000000
           9460	      4726	001000b0	00154703	lbu	x14,1(x10)	 x10:0x00101938 x14=0x00000000 PA:0x00101939 store:0x00101264
           9464	      4728	001000b4	04070e63	beq	x14,x0,100110	 x14:0x00000000  x0:0x00000000
           9468	      4730	00100110	00000513	addi	x10,x0,0	  x0:0x00000000 x10=0x00000000
           9472	      4732	00100114	00008067	jalr	x0,0(x1)	  x1:0x00101264  x0=0x00000000
           9476	      4734	00101264	bf0a2503	lw	x10,-1040(x20)	 x20:0x00102000 x10=0x3f80c5e1 PA:0x00101bf0 store:0x00000020
           9478	      4735	00101268	002a8d93	addi	x27,x21,2	 x21:0x00000008 x27=0x0000000a
           9482	      4737	0010126c	eb5fe0ef	jal	x1,100120	  x1=0x00101270
           9484	      4738	00100120	01c55793	srli	x15,x10,0x1c	 x10:0x3f80c5e1 x15=0x00000003
           9486	      4739	00100124	00900713	addi	x14,x0,9	  x0:0x00000000 x14=0x00000009
           9490	      4741	00100128	0cf77a63	bgeu	x14,x15,1001fc	 x14:0x00000009 x15:0x00000003
           9494	      4743	001001fc	03078393	addi	x7,x15,48	 x15:0x00000003  x7=0x00000033
           9496	      4744	00100200	000205b7	lui	x11,0x20	 x11=0x00020000
           9498	      4745	00100204	00451613	slli	x12,x10,0x4	 x10:0x3f80c5e1 x12=0xf80c5e10
           9502	      4747	00100208	0075a023	sw	x7,0(x11)	 x11:0x00020000  x7:0x00000033 PA:0x00020000 store:0x00000033 load:0x00000000
           9504	      4748	0010020c	01c65693	srli	x13,x12,0x1c	 x12:0xf80c5e10 x13=0x0000000f
           9506	      4749	00100210	00900813	addi	x16,x0,9	  x0:0x00000000 x16=0x00000009
           9510	      4751	00100214	f2d86ae3	bltu	x16,x13,100148	 x16:0x00000009 x13:0x0000000f
           9514	      4753	00100148	03768893	addi	x17,x13,55	 x13:0x0000000f x17=0x00000046
           9516	      4754	0010014c	00020e37	lui	x28,0x20	 x28=0x00020000
           9518	      4755	00100150	00851f93	slli	x31,x10,0x8	 x10:0x3f80c5e1 x31=0x80c5e100
           9522	      4757	00100154	011e2023	sw	x17,0(x28)	 x28:0x00020000 x17:0x00000046 PA:0x00020000 store:0x00000046 load:0x00000000
           9524	      4758	00100158	01cfd793	srli	x15,x31,0x1c	 x31:0x80c5e100 x15=0x00000008
           9526	      4759	0010015c	00900713	addi	x14,x0,9	  x0:0x00000000 x14=0x00000009
           9530	      4761	00100160	0cf77a63	bgeu	x14,x15,100234	 x14:0x00000009 x15:0x00000008
           9534	      4763	00100234	03078393	addi	x7,x15,48	 x15:0x00000008  x7=0x00000038
           9536	      4764	00100238	000205b7	lui	x11,0x20	 x11=0x00020000
           9538	      4765	0010023c	00c51613	slli	x12,x10,0xc	 x10:0x3f80c5e1 x12=0x0c5e1000
           9542	      4767	00100240	0075a023	sw	x7,0(x11)	 x11:0x00020000  x7:0x00000038 PA:0x00020000 store:0x00000038 load:0x00000000
           9544	      4768	00100244	01c65693	srli	x13,x12,0x1c	 x12:0x0c5e1000 x13=0x00000000
           9546	      4769	00100248	00900813	addi	x16,x0,9	  x0:0x00000000 x16=0x00000009
           9548	      4770	0010024c	f2d86ae3	bltu	x16,x13,100180	 x16:0x00000009 x13:0x00000000
           9550	      4771	00100250	03068e93	addi	x29,x13,48	 x13:0x00000000 x29=0x00000030
           9552	      4772	00100254	00020f37	lui	x30,0x20	 x30=0x00020000
           9554	      4773	00100258	01051f93	slli	x31,x10,0x10	 x10:0x3f80c5e1 x31=0xc5e10000
           9558	      4775	0010025c	01df2023	sw	x29,0(x30)	 x30:0x00020000 x29:0x00000030 PA:0x00020000 store:0x00000030 load:0x00000000
           9560	      4776	00100260	01cfd793	srli	x15,x31,0x1c	 x31:0xc5e10000 x15=0x0000000c
           9562	      4777	00100264	00900713	addi	x14,x0,9	  x0:0x00000000 x14=0x00000009
           9566	      4779	00100268	f2f76ae3	bltu	x14,x15,10019c	 x14:0x00000009 x15:0x0000000c
           9570	      4781	0010019c	03778293	addi	x5,x15,55	 x15:0x0000000c  x5=0x00000043
           9572	      4782	001001a0	00020337	lui	x6,0x20	  x6=0x00020000
           9574	      4783	001001a4	01451613	slli	x12,x10,0x14	 x10:0x3f80c5e1 x12=0x5e100000
           9578	      4785	001001a8	00532023	sw	x5,0(x6)	  x6:0x00020000  x5:0x00000043 PA:0x00020000 store:0x00000043 load:0x00000000
           9580	      4786	001001ac	01c65693	srli	x13,x12,0x1c	 x12:0x5e100000 x13=0x00000005
           9582	      4787	001001b0	00900813	addi	x16,x0,9	  x0:0x00000000 x16=0x00000009
           9586	      4789	001001b4	0cd87a63	bgeu	x16,x13,100288	 x16:0x00000009 x13:0x00000005
           9590	      4791	00100288	03068e93	addi	x29,x13,48	 x13:0x00000005 x29=0x00000035
           9592	      4792	0010028c	00020f37	lui	x30,0x20	 x30=0x00020000
           9594	      4793	00100290	01851f93	slli	x31,x10,0x18	 x10:0x3f80c5e1 x31=0xe1000000
           9598	      4795	00100294	01df2023	sw	x29,0(x30)	 x30:0x00020000 x29:0x00000035 PA:0x00020000 store:0x00000035 load:0x00000000
           9600	      4796	00100298	01cfd793	srli	x15,x31,0x1c	 x31:0xe1000000 x15=0x0000000e
           9602	      4797	0010029c	00900713	addi	x14,x0,9	  x0:0x00000000 x14=0x00000009
           9606	      4799	001002a0	f2f76ae3	bltu	x14,x15,1001d4	 x14:0x00000009 x15:0x0000000e
           9610	      4801	001001d4	03778293	addi	x5,x15,55	 x15:0x0000000e  x5=0x00000045
           9612	      4802	001001d8	00020337	lui	x6,0x20	  x6=0x00020000
           9616	      4804	001001dc	00532023	sw	x5,0(x6)	  x6:0x00020000  x5:0x00000045 PA:0x00020000 store:0x00000045 load:0x00000000
           9618	      4805	001001e0	00f57513	andi	x10,x10,15	 x10:0x3f80c5e1 x10=0x00000001
           9620	      4806	001001e4	00900613	addi	x12,x0,9	  x0:0x00000000 x12=0x00000009
           9622	      4807	001001e8	0ca66a63	bltu	x12,x10,1002bc	 x12:0x00000009 x10:0x00000001
           9624	      4808	001001ec	03050893	addi	x17,x10,48	 x10:0x00000001 x17=0x00000031
           9626	      4809	001001f0	00020e37	lui	x28,0x20	 x28=0x00020000
           9630	      4811	001001f4	011e2023	sw	x17,0(x28)	 x28:0x00020000 x17:0x00000031 PA:0x00020000 store:0x00000031 load:0x00000000
           9640	      4816	001001f8	00008067	jalr	x0,0(x1)	  x1:0x00101270  x0=0x00000000
           9642	      4817	00101270	c009af87	flw	f31,-1024(x19)	 f19:0x00102000 f31=0x00000000 PA:0x00101c00 store:0x3f8650e8
           9662	      4827	00101274	580ff053	fsqrt.s	f0,f31	 f31:0xe1000000  f0=0x00000000
           9664	      4828	00101278	c009a027	fsw	f0,-1024(x19)	 f19:0x00102000  f0:0x00000000 PA:0x00101c00 store:0x3f8062ca load:0x3f80c5e1
           9666	      4829	0010127c	c009a087	flw	f1,-1024(x19)	 f19:0x00102000  f1=0x00000000 PA:0x00101c00 store:0x3f8062ca
           9670	      4831	00101280	928c8513	addi	x10,x25,-1752	 x25:0x00102000 x10=0x00101928
           9672	      4832	00101284	e0008ed3	fmv.x.w	x29,f1	  f1:0x00101270 x29=0x3f8062ca
           9674	      4833	00101288	bfda2823	sw	x29,-1040(x20)	 x20:0x00102000 x29:0x3f8062ca PA:0x00101bf0 store:0x3f8062ca load:0x3f8062ca
           9676	      4834	0010128c	e15fe0ef	jal	x1,1000a0	  x1=0x00101290
           9680	      4836	001000a0	00054803	lbu	x16,0(x10)	 x10:0x00101928 x16=0x0000000a PA:0x00101928 store:0x00000000
           9682	      4837	001000a4	06080663	beq	x16,x0,100110	 x16:0x0000000a  x0:0x00000000
           9684	      4838	001000a8	000207b7	lui	x15,0x20	 x15=0x00020000
           9688	      4840	001000ac	0107a023	sw	x16,0(x15)	 x15:0x00020000 x16:0x0000000a PA:0x00020000 store:0x0000000a load:0x00000000
           9692	      4842	001000b0	00154703	lbu	x14,1(x10)	 x10:0x00101928 x14=0x00000020 PA:0x00101929 store:0x00101290
           9694	      4843	001000b4	04070e63	beq	x14,x0,100110	 x14:0x00000020  x0:0x00000000
           9698	      4845	001000b8	00e7a023	sw	x14,0(x15)	 x15:0x00020000 x14:0x00000020 PA:0x00020000 store:0x00000020 load:0x00000000
           9702	      4847	001000bc	00254283	lbu	x5,2(x10)	 x10:0x00101928  x5=0x00000069 PA:0x0010192a store:0x00137fa0
           9704	      4848	001000c0	04028863	beq	x5,x0,100110	  x5:0x00000069  x0:0x00000000
           9708	      4850	001000c4	0057a023	sw	x5,0(x15)	 x15:0x00020000  x5:0x00000069 PA:0x00020000 store:0x00000069 load:0x00000000
           9712	      4852	001000c8	00354303	lbu	x6,3(x10)	 x10:0x00101928  x6=0x0000003d PA:0x0010192b store:0x00000000
           9714	      4853	001000cc	04030263	beq	x6,x0,100110	  x6:0x0000003d  x0:0x00000000
           9718	      4855	001000d0	0067a023	sw	x6,0(x15)	 x15:0x00020000  x6:0x0000003d PA:0x00020000 store:0x0000003d load:0x00000000
           9722	      4857	001000d4	00454383	lbu	x7,4(x10)	 x10:0x00101928  x7=0x00000000 PA:0x0010192c store:0x00000000
           9726	      4859	001000d8	02038c63	beq	x7,x0,100110	  x7:0x00000000  x0:0x00000000
           9730	      4861	00100110	00000513	addi	x10,x0,0	  x0:0x00000000 x10=0x00000000
           9734	      4863	00100114	00008067	jalr	x0,0(x1)	  x1:0x00101290  x0=0x00000000
           9736	      4864	00101290	000d8513	addi	x10,x27,0	 x27:0x0000000a x10=0x0000000a
           9740	      4866	00101294	e8dfe0ef	jal	x1,100120	  x1=0x00101298
           9742	      4867	00100120	01c55793	srli	x15,x10,0x1c	 x10:0x0000000a x15=0x00000000
           9744	      4868	00100124	00900713	addi	x14,x0,9	  x0:0x00000000 x14=0x00000009
           9748	      4870	00100128	0cf77a63	bgeu	x14,x15,1001fc	 x14:0x00000009 x15:0x00000000
           9752	      4872	001001fc	03078393	addi	x7,x15,48	 x15:0x00000000  x7=0x00000030
           9754	      4873	00100200	000205b7	lui	x11,0x20	 x11=0x00020000
           9756	      4874	00100204	00451613	slli	x12,x10,0x4	 x10:0x0000000a x12=0x000000a0
           9760	      4876	00100208	0075a023	sw	x7,0(x11)	 x11:0x00020000  x7:0x00000030 PA:0x00020000 store:0x00000030 load:0x00000000
           9762	      4877	0010020c	01c65693	srli	x13,x12,0x1c	 x12:0x000000a0 x13=0x00000000
           9764	      4878	00100210	00900813	addi	x16,x0,9	  x0:0x00000000 x16=0x00000009
           9766	      4879	00100214	f2d86ae3	bltu	x16,x13,100148	 x16:0x00000009 x13:0x00000000
           9768	      4880	00100218	03068e93	addi	x29,x13,48	 x13:0x00000000 x29=0x00000030
           9770	      4881	0010021c	00020f37	lui	x30,0x20	 x30=0x00020000
           9772	      4882	00100220	00851f93	slli	x31,x10,0x8	 x10:0x0000000a x31=0x00000a00
           9776	      4884	00100224	01df2023	sw	x29,0(x30)	 x30:0x00020000 x29:0x00000030 PA:0x00020000 store:0x00000030 load:0x00000000
           9778	      4885	00100228	01cfd793	srli	x15,x31,0x1c	 x31:0x00000a00 x15=0x00000000
           9780	      4886	0010022c	00900713	addi	x14,x0,9	  x0:0x00000000 x14=0x00000009
           9782	      4887	00100230	f2f76ae3	bltu	x14,x15,100164	 x14:0x00000009 x15:0x00000000
           9784	      4888	00100234	03078393	addi	x7,x15,48	 x15:0x00000000  x7=0x00000030
           9786	      4889	00100238	000205b7	lui	x11,0x20	 x11=0x00020000
           9788	      4890	0010023c	00c51613	slli	x12,x10,0xc	 x10:0x0000000a x12=0x0000a000
           9792	      4892	00100240	0075a023	sw	x7,0(x11)	 x11:0x00020000  x7:0x00000030 PA:0x00020000 store:0x00000030 load:0x00000000
           9794	      4893	00100244	01c65693	srli	x13,x12,0x1c	 x12:0x0000a000 x13=0x00000000
           9796	      4894	00100248	00900813	addi	x16,x0,9	  x0:0x00000000 x16=0x00000009
           9798	      4895	0010024c	f2d86ae3	bltu	x16,x13,100180	 x16:0x00000009 x13:0x00000000
           9800	      4896	00100250	03068e93	addi	x29,x13,48	 x13:0x00000000 x29=0x00000030
           9802	      4897	00100254	00020f37	lui	x30,0x20	 x30=0x00020000
           9804	      4898	00100258	01051f93	slli	x31,x10,0x10	 x10:0x0000000a x31=0x000a0000
           9808	      4900	0010025c	01df2023	sw	x29,0(x30)	 x30:0x00020000 x29:0x00000030 PA:0x00020000 store:0x00000030 load:0x00000000
           9810	      4901	00100260	01cfd793	srli	x15,x31,0x1c	 x31:0x000a0000 x15=0x00000000
           9812	      4902	00100264	00900713	addi	x14,x0,9	  x0:0x00000000 x14=0x00000009
           9814	      4903	00100268	f2f76ae3	bltu	x14,x15,10019c	 x14:0x00000009 x15:0x00000000
           9816	      4904	0010026c	03078393	addi	x7,x15,48	 x15:0x00000000  x7=0x00000030
           9818	      4905	00100270	000205b7	lui	x11,0x20	 x11=0x00020000
           9820	      4906	00100274	01451613	slli	x12,x10,0x14	 x10:0x0000000a x12=0x00a00000
           9824	      4908	00100278	0075a023	sw	x7,0(x11)	 x11:0x00020000  x7:0x00000030 PA:0x00020000 store:0x00000030 load:0x00000000
           9826	      4909	0010027c	01c65693	srli	x13,x12,0x1c	 x12:0x00a00000 x13=0x00000000
           9828	      4910	00100280	00900813	addi	x16,x0,9	  x0:0x00000000 x16=0x00000009
           9830	      4911	00100284	f2d86ae3	bltu	x16,x13,1001b8	 x16:0x00000009 x13:0x00000000
           9832	      4912	00100288	03068e93	addi	x29,x13,48	 x13:0x00000000 x29=0x00000030
           9834	      4913	0010028c	00020f37	lui	x30,0x20	 x30=0x00020000
           9836	      4914	00100290	01851f93	slli	x31,x10,0x18	 x10:0x0000000a x31=0x0a000000
           9840	      4916	00100294	01df2023	sw	x29,0(x30)	 x30:0x00020000 x29:0x00000030 PA:0x00020000 store:0x00000030 load:0x00000000
           9842	      4917	00100298	01cfd793	srli	x15,x31,0x1c	 x31:0x0a000000 x15=0x00000000
           9844	      4918	0010029c	00900713	addi	x14,x0,9	  x0:0x00000000 x14=0x00000009
           9846	      4919	001002a0	f2f76ae3	bltu	x14,x15,1001d4	 x14:0x00000009 x15:0x00000000
           9848	      4920	001002a4	03078393	addi	x7,x15,48	 x15:0x00000000  x7=0x00000030
           9850	      4921	001002a8	000205b7	lui	x11,0x20	 x11=0x00020000
           9854	      4923	001002ac	0075a023	sw	x7,0(x11)	 x11:0x00020000  x7:0x00000030 PA:0x00020000 store:0x00000030 load:0x00000000
           9856	      4924	001002b0	00f57513	andi	x10,x10,15	 x10:0x0000000a x10=0x0000000a
           9858	      4925	001002b4	00900613	addi	x12,x0,9	  x0:0x00000000 x12=0x00000009
           9860	      4926	001002b8	f2a67ae3	bgeu	x12,x10,1001ec	 x12:0x00000009 x10:0x0000000a
           9862	      4927	001002bc	03750693	addi	x13,x10,55	 x10:0x0000000a x13=0x00000041
           9864	      4928	001002c0	00020837	lui	x16,0x20	 x16=0x00020000
           9868	      4930	001002c4	00d82023	sw	x13,0(x16)	 x16:0x00020000 x13:0x00000041 PA:0x00020000 store:0x00000041 load:0x00000000
           9872	      4932	001002c8	00008067	jalr	x0,0(x1)	  x1:0x00101298  x0=0x00000000
           9874	      4933	00101298	930c0513	addi	x10,x24,-1744	 x24:0x00102000 x10=0x00101930
           9878	      4935	0010129c	e05fe0ef	jal	x1,1000a0	  x1=0x001012a0
           9882	      4937	001000a0	00054803	lbu	x16,0(x10)	 x10:0x00101930 x16=0x00000020 PA:0x00101930 store:0x00000000
           9884	      4938	001000a4	06080663	beq	x16,x0,100110	 x16:0x00000020  x0:0x00000000
           9886	      4939	001000a8	000207b7	lui	x15,0x20	 x15=0x00020000
           9890	      4941	001000ac	0107a023	sw	x16,0(x15)	 x15:0x00020000 x16:0x00000020 PA:0x00020000 store:0x00000020 load:0x00000000
           9894	      4943	001000b0	00154703	lbu	x14,1(x10)	 x10:0x00101930 x14=0x00000072 PA:0x00101931 store:0x001012a0
           9896	      4944	001000b4	04070e63	beq	x14,x0,100110	 x14:0x00000072  x0:0x00000000
           9900	      4946	001000b8	00e7a023	sw	x14,0(x15)	 x15:0x00020000 x14:0x00000072 PA:0x00020000 store:0x00000072 load:0x00000000
           9904	      4948	001000bc	00254283	lbu	x5,2(x10)	 x10:0x00101930  x5=0x00000065 PA:0x00101932 store:0x00137fa0
           9906	      4949	001000c0	04028863	beq	x5,x0,100110	  x5:0x00000065  x0:0x00000000
           9910	      4951	001000c4	0057a023	sw	x5,0(x15)	 x15:0x00020000  x5:0x00000065 PA:0x00020000 store:0x00000065 load:0x00000000
           9914	      4953	001000c8	00354303	lbu	x6,3(x10)	 x10:0x00101930  x6=0x00000073 PA:0x00101933 store:0x00000000
           9916	      4954	001000cc	04030263	beq	x6,x0,100110	  x6:0x00000073  x0:0x00000000
           9920	      4956	001000d0	0067a023	sw	x6,0(x15)	 x15:0x00020000  x6:0x00000073 PA:0x00020000 store:0x00000073 load:0x00000000
           9924	      4958	001000d4	00454383	lbu	x7,4(x10)	 x10:0x00101930  x7=0x00000075 PA:0x00101934 store:0x00000000
           9926	      4959	001000d8	02038c63	beq	x7,x0,100110	  x7:0x00000075  x0:0x00000000
           9930	      4961	001000dc	0077a023	sw	x7,0(x15)	 x15:0x00020000  x7:0x00000075 PA:0x00020000 store:0x00000075 load:0x00000000
           9934	      4963	001000e0	00554583	lbu	x11,5(x10)	 x10:0x00101930 x11=0x0000006c PA:0x00101935 store:0x00000065
           9936	      4964	001000e4	02058663	beq	x11,x0,100110	 x11:0x0000006c  x0:0x00000000
           9940	      4966	001000e8	00b7a023	sw	x11,0(x15)	 x15:0x00020000 x11:0x0000006c PA:0x00020000 store:0x0000006c load:0x00000000
           9944	      4968	001000ec	00654603	lbu	x12,6(x10)	 x10:0x00101930 x12=0x00000074 PA:0x00101936 store:0x00000073
           9946	      4969	001000f0	02060063	beq	x12,x0,100110	 x12:0x00000074  x0:0x00000000
           9950	      4971	001000f4	00c7a023	sw	x12,0(x15)	 x15:0x00020000 x12:0x00000074 PA:0x00020000 store:0x00000074 load:0x00000000
           9954	      4973	001000f8	00754683	lbu	x13,7(x10)	 x10:0x00101930 x13=0x0000003a PA:0x00101937 store:0x00000075
           9956	      4974	001000fc	00850513	addi	x10,x10,8	 x10:0x00101930 x10=0x00101938
           9958	      4975	00100100	00068863	beq	x13,x0,100110	 x13:0x0000003a  x0:0x00000000
           9962	      4977	00100104	00d7a023	sw	x13,0(x15)	 x15:0x00020000 x13:0x0000003a PA:0x00020000 store:0x0000003a load:0x00000000
           9966	      4979	00100108	00054803	lbu	x16,0(x10)	 x10:0x00101938 x16=0x00000020 PA:0x00101938 store:0x00000000
           9970	      4981	0010010c	fa0810e3	bne	x16,x0,1000ac	 x16:0x00000020  x0:0x00000000
           9976	      4984	001000ac	0107a023	sw	x16,0(x15)	 x15:0x00020000 x16:0x00000020 PA:0x00020000 store:0x00000020 load:0x00000000
           9980	      4986	001000b0	00154703	lbu	x14,1(x10)	 x10:0x00101938 x14=0x00000000 PA:0x00101939 store:0x001012a0
           9984	      4988	001000b4	04070e63	beq	x14,x0,100110	 x14:0x00000000  x0:0x00000000
           9988	      4990	00100110	00000513	addi	x10,x0,0	  x0:0x00000000 x10=0x00000000
           9992	      4992	00100114	00008067	jalr	x0,0(x1)	  x1:0x001012a0  x0=0x00000000
           9996	      4994	001012a0	bf0a2503	lw	x10,-1040(x20)	 x20:0x00102000 x10=0x3f8062ca PA:0x00101bf0 store:0x00000020
           9998	      4995	001012a4	003a8d93	addi	x27,x21,3	 x21:0x00000008 x27=0x0000000b
          10000	      4996	001012a8	004a8a93	addi	x21,x21,4	 x21:0x00000008 x21=0x0000000c
          10004	      4998	001012ac	e75fe0ef	jal	x1,100120	  x1=0x001012b0
          10006	      4999	00100120	01c55793	srli	x15,x10,0x1c	 x10:0x3f8062ca x15=0x00000003
          10008	      5000	00100124	00900713	addi	x14,x0,9	  x0:0x00000000 x14=0x00000009
          10012	      5002	00100128	0cf77a63	bgeu	x14,x15,1001fc	 x14:0x00000009 x15:0x00000003
          10016	      5004	001001fc	03078393	addi	x7,x15,48	 x15:0x00000003  x7=0x00000033
          10018	      5005	00100200	000205b7	lui	x11,0x20	 x11=0x00020000
          10020	      5006	00100204	00451613	slli	x12,x10,0x4	 x10:0x3f8062ca x12=0xf8062ca0
          10024	      5008	00100208	0075a023	sw	x7,0(x11)	 x11:0x00020000  x7:0x00000033 PA:0x00020000 store:0x00000033 load:0x00000000
          10026	      5009	0010020c	01c65693	srli	x13,x12,0x1c	 x12:0xf8062ca0 x13=0x0000000f
          10028	      5010	00100210	00900813	addi	x16,x0,9	  x0:0x00000000 x16=0x00000009
          10032	      5012	00100214	f2d86ae3	bltu	x16,x13,100148	 x16:0x00000009 x13:0x0000000f
          10036	      5014	00100148	03768893	addi	x17,x13,55	 x13:0x0000000f x17=0x00000046
          10038	      5015	0010014c	00020e37	lui	x28,0x20	 x28=0x00020000
          10040	      5016	00100150	00851f93	slli	x31,x10,0x8	 x10:0x3f8062ca x31=0x8062ca00
          10044	      5018	00100154	011e2023	sw	x17,0(x28)	 x28:0x00020000 x17:0x00000046 PA:0x00020000 store:0x00000046 load:0x00000000
          10046	      5019	00100158	01cfd793	srli	x15,x31,0x1c	 x31:0x8062ca00 x15=0x00000008
          10048	      5020	0010015c	00900713	addi	x14,x0,9	  x0:0x00000000 x14=0x00000009
          10052	      5022	00100160	0cf77a63	bgeu	x14,x15,100234	 x14:0x00000009 x15:0x00000008
          10056	      5024	00100234	03078393	addi	x7,x15,48	 x15:0x00000008  x7=0x00000038
          10058	      5025	00100238	000205b7	lui	x11,0x20	 x11=0x00020000
          10060	      5026	0010023c	00c51613	slli	x12,x10,0xc	 x10:0x3f8062ca x12=0x062ca000
          10064	      5028	00100240	0075a023	sw	x7,0(x11)	 x11:0x00020000  x7:0x00000038 PA:0x00020000 store:0x00000038 load:0x00000000
          10066	      5029	00100244	01c65693	srli	x13,x12,0x1c	 x12:0x062ca000 x13=0x00000000
          10068	      5030	00100248	00900813	addi	x16,x0,9	  x0:0x00000000 x16=0x00000009
          10070	      5031	0010024c	f2d86ae3	bltu	x16,x13,100180	 x16:0x00000009 x13:0x00000000
          10072	      5032	00100250	03068e93	addi	x29,x13,48	 x13:0x00000000 x29=0x00000030
          10074	      5033	00100254	00020f37	lui	x30,0x20	 x30=0x00020000
          10076	      5034	00100258	01051f93	slli	x31,x10,0x10	 x10:0x3f8062ca x31=0x62ca0000
          10080	      5036	0010025c	01df2023	sw	x29,0(x30)	 x30:0x00020000 x29:0x00000030 PA:0x00020000 store:0x00000030 load:0x00000000
          10082	      5037	00100260	01cfd793	srli	x15,x31,0x1c	 x31:0x62ca0000 x15=0x00000006
          10084	      5038	00100264	00900713	addi	x14,x0,9	  x0:0x00000000 x14=0x00000009
          10086	      5039	00100268	f2f76ae3	bltu	x14,x15,10019c	 x14:0x00000009 x15:0x00000006
          10088	      5040	0010026c	03078393	addi	x7,x15,48	 x15:0x00000006  x7=0x00000036
          10090	      5041	00100270	000205b7	lui	x11,0x20	 x11=0x00020000
          10092	      5042	00100274	01451613	slli	x12,x10,0x14	 x10:0x3f8062ca x12=0x2ca00000
          10096	      5044	00100278	0075a023	sw	x7,0(x11)	 x11:0x00020000  x7:0x00000036 PA:0x00020000 store:0x00000036 load:0x00000000
          10098	      5045	0010027c	01c65693	srli	x13,x12,0x1c	 x12:0x2ca00000 x13=0x00000002
          10100	      5046	00100280	00900813	addi	x16,x0,9	  x0:0x00000000 x16=0x00000009
          10102	      5047	00100284	f2d86ae3	bltu	x16,x13,1001b8	 x16:0x00000009 x13:0x00000002
          10104	      5048	00100288	03068e93	addi	x29,x13,48	 x13:0x00000002 x29=0x00000032
          10106	      5049	0010028c	00020f37	lui	x30,0x20	 x30=0x00020000
          10108	      5050	00100290	01851f93	slli	x31,x10,0x18	 x10:0x3f8062ca x31=0xca000000
          10112	      5052	00100294	01df2023	sw	x29,0(x30)	 x30:0x00020000 x29:0x00000032 PA:0x00020000 store:0x00000032 load:0x00000000
          10114	      5053	00100298	01cfd793	srli	x15,x31,0x1c	 x31:0xca000000 x15=0x0000000c
          10116	      5054	0010029c	00900713	addi	x14,x0,9	  x0:0x00000000 x14=0x00000009
          10120	      5056	001002a0	f2f76ae3	bltu	x14,x15,1001d4	 x14:0x00000009 x15:0x0000000c
          10124	      5058	001001d4	03778293	addi	x5,x15,55	 x15:0x0000000c  x5=0x00000043
          10126	      5059	001001d8	00020337	lui	x6,0x20	  x6=0x00020000
          10130	      5061	001001dc	00532023	sw	x5,0(x6)	  x6:0x00020000  x5:0x00000043 PA:0x00020000 store:0x00000043 load:0x00000000
          10132	      5062	001001e0	00f57513	andi	x10,x10,15	 x10:0x3f8062ca x10=0x0000000a
          10134	      5063	001001e4	00900613	addi	x12,x0,9	  x0:0x00000000 x12=0x00000009
          10138	      5065	001001e8	0ca66a63	bltu	x12,x10,1002bc	 x12:0x00000009 x10:0x0000000a
          10142	      5067	001002bc	03750693	addi	x13,x10,55	 x10:0x0000000a x13=0x00000041
          10144	      5068	001002c0	00020837	lui	x16,0x20	 x16=0x00020000
          10148	      5070	001002c4	00d82023	sw	x13,0(x16)	 x16:0x00020000 x13:0x00000041 PA:0x00020000 store:0x00000041 load:0x00000000
          10158	      5075	001002c8	00008067	jalr	x0,0(x1)	  x1:0x001012b0  x0=0x00000000
          10160	      5076	001012b0	c009a107	flw	f2,-1024(x19)	 f19:0x00102000  f2=0x00000000 PA:0x00101c00 store:0x3f8062ca
          10180	      5086	001012b4	58017753	fsqrt.s	f14,f2	  f2:0x00137fa0 f14=0x00000000
          10182	      5087	001012b8	c0e9a027	fsw	f14,-1024(x19)	 f19:0x00102000 f14:0x00000009 PA:0x00101c00 store:0x3f80315b load:0x3f8062ca
          10184	      5088	001012bc	c009a787	flw	f15,-1024(x19)	 f19:0x00102000 f15=0x00000000 PA:0x00101c00 store:0x3f8062ca
          10188	      5090	001012c0	928c8513	addi	x10,x25,-1752	 x25:0x00102000 x10=0x00101928
          10190	      5091	001012c4	e0078f53	fmv.x.w	x30,f15	 f15:0x0000000c x30=0x3f80315b
          10192	      5092	001012c8	bfea2823	sw	x30,-1040(x20)	 x20:0x00102000 x30:0x3f80315b PA:0x00101bf0 store:0x3f80315b load:0x3f80315b
          10194	      5093	001012cc	dd5fe0ef	jal	x1,1000a0	  x1=0x001012d0
          10198	      5095	001000a0	00054803	lbu	x16,0(x10)	 x10:0x00101928 x16=0x0000000a PA:0x00101928 store:0x00000000
          10200	      5096	001000a4	06080663	beq	x16,x0,100110	 x16:0x0000000a  x0:0x00000000
          10202	      5097	001000a8	000207b7	lui	x15,0x20	 x15=0x00020000
          10206	      5099	001000ac	0107a023	sw	x16,0(x15)	 x15:0x00020000 x16:0x0000000a PA:0x00020000 store:0x0000000a load:0x00000000
          10210	      5101	001000b0	00154703	lbu	x14,1(x10)	 x10:0x00101928 x14=0x00000020 PA:0x00101929 store:0x001012d0
          10212	      5102	001000b4	04070e63	beq	x14,x0,100110	 x14:0x00000020  x0:0x00000000
          10216	      5104	001000b8	00e7a023	sw	x14,0(x15)	 x15:0x00020000 x14:0x00000020 PA:0x00020000 store:0x00000020 load:0x00000000
          10220	      5106	001000bc	00254283	lbu	x5,2(x10)	 x10:0x00101928  x5=0x00000069 PA:0x0010192a store:0x00137fa0
          10222	      5107	001000c0	04028863	beq	x5,x0,100110	  x5:0x00000069  x0:0x00000000
          10226	      5109	001000c4	0057a023	sw	x5,0(x15)	 x15:0x00020000  x5:0x00000069 PA:0x00020000 store:0x00000069 load:0x00000000
          10230	      5111	001000c8	00354303	lbu	x6,3(x10)	 x10:0x00101928  x6=0x0000003d PA:0x0010192b store:0x00000000
          10232	      5112	001000cc	04030263	beq	x6,x0,100110	  x6:0x0000003d  x0:0x00000000
          10236	      5114	001000d0	0067a023	sw	x6,0(x15)	 x15:0x00020000  x6:0x0000003d PA:0x00020000 store:0x0000003d load:0x00000000
          10240	      5116	001000d4	00454383	lbu	x7,4(x10)	 x10:0x00101928  x7=0x00000000 PA:0x0010192c store:0x00000000
          10244	      5118	001000d8	02038c63	beq	x7,x0,100110	  x7:0x00000000  x0:0x00000000
          10248	      5120	00100110	00000513	addi	x10,x0,0	  x0:0x00000000 x10=0x00000000
          10252	      5122	00100114	00008067	jalr	x0,0(x1)	  x1:0x001012d0  x0=0x00000000
          10254	      5123	001012d0	000d8513	addi	x10,x27,0	 x27:0x0000000b x10=0x0000000b
          10258	      5125	001012d4	e4dfe0ef	jal	x1,100120	  x1=0x001012d8
          10260	      5126	00100120	01c55793	srli	x15,x10,0x1c	 x10:0x0000000b x15=0x00000000
          10262	      5127	00100124	00900713	addi	x14,x0,9	  x0:0x00000000 x14=0x00000009
          10266	      5129	00100128	0cf77a63	bgeu	x14,x15,1001fc	 x14:0x00000009 x15:0x00000000
          10270	      5131	001001fc	03078393	addi	x7,x15,48	 x15:0x00000000  x7=0x00000030
          10272	      5132	00100200	000205b7	lui	x11,0x20	 x11=0x00020000
          10274	      5133	00100204	00451613	slli	x12,x10,0x4	 x10:0x0000000b x12=0x000000b0
          10278	      5135	00100208	0075a023	sw	x7,0(x11)	 x11:0x00020000  x7:0x00000030 PA:0x00020000 store:0x00000030 load:0x00000000
          10280	      5136	0010020c	01c65693	srli	x13,x12,0x1c	 x12:0x000000b0 x13=0x00000000
          10282	      5137	00100210	00900813	addi	x16,x0,9	  x0:0x00000000 x16=0x00000009
          10284	      5138	00100214	f2d86ae3	bltu	x16,x13,100148	 x16:0x00000009 x13:0x00000000
          10286	      5139	00100218	03068e93	addi	x29,x13,48	 x13:0x00000000 x29=0x00000030
          10288	      5140	0010021c	00020f37	lui	x30,0x20	 x30=0x00020000
          10290	      5141	00100220	00851f93	slli	x31,x10,0x8	 x10:0x0000000b x31=0x00000b00
          10294	      5143	00100224	01df2023	sw	x29,0(x30)	 x30:0x00020000 x29:0x00000030 PA:0x00020000 store:0x00000030 load:0x00000000
          10296	      5144	00100228	01cfd793	srli	x15,x31,0x1c	 x31:0x00000b00 x15=0x00000000
          10298	      5145	0010022c	00900713	addi	x14,x0,9	  x0:0x00000000 x14=0x00000009
          10300	      5146	00100230	f2f76ae3	bltu	x14,x15,100164	 x14:0x00000009 x15:0x00000000
          10302	      5147	00100234	03078393	addi	x7,x15,48	 x15:0x00000000  x7=0x00000030
          10304	      5148	00100238	000205b7	lui	x11,0x20	 x11=0x00020000
          10306	      5149	0010023c	00c51613	slli	x12,x10,0xc	 x10:0x0000000b x12=0x0000b000
          10310	      5151	00100240	0075a023	sw	x7,0(x11)	 x11:0x00020000  x7:0x00000030 PA:0x00020000 store:0x00000030 load:0x00000000
          10312	      5152	00100244	01c65693	srli	x13,x12,0x1c	 x12:0x0000b000 x13=0x00000000
          10314	      5153	00100248	00900813	addi	x16,x0,9	  x0:0x00000000 x16=0x00000009
          10316	      5154	0010024c	f2d86ae3	bltu	x16,x13,100180	 x16:0x00000009 x13:0x00000000
          10318	      5155	00100250	03068e93	addi	x29,x13,48	 x13:0x00000000 x29=0x00000030
          10320	      5156	00100254	00020f37	lui	x30,0x20	 x30=0x00020000
          10322	      5157	00100258	01051f93	slli	x31,x10,0x10	 x10:0x0000000b x31=0x000b0000
          10326	      5159	0010025c	01df2023	sw	x29,0(x30)	 x30:0x00020000 x29:0x00000030 PA:0x00020000 store:0x00000030 load:0x00000000
          10328	      5160	00100260	01cfd793	srli	x15,x31,0x1c	 x31:0x000b0000 x15=0x00000000
          10330	      5161	00100264	00900713	addi	x14,x0,9	  x0:0x00000000 x14=0x00000009
          10332	      5162	00100268	f2f76ae3	bltu	x14,x15,10019c	 x14:0x00000009 x15:0x00000000
          10334	      5163	0010026c	03078393	addi	x7,x15,48	 x15:0x00000000  x7=0x00000030
          10336	      5164	00100270	000205b7	lui	x11,0x20	 x11=0x00020000
          10338	      5165	00100274	01451613	slli	x12,x10,0x14	 x10:0x0000000b x12=0x00b00000
          10342	      5167	00100278	0075a023	sw	x7,0(x11)	 x11:0x00020000  x7:0x00000030 PA:0x00020000 store:0x00000030 load:0x00000000
          10344	      5168	0010027c	01c65693	srli	x13,x12,0x1c	 x12:0x00b00000 x13=0x00000000
          10346	      5169	00100280	00900813	addi	x16,x0,9	  x0:0x00000000 x16=0x00000009
          10348	      5170	00100284	f2d86ae3	bltu	x16,x13,1001b8	 x16:0x00000009 x13:0x00000000
          10350	      5171	00100288	03068e93	addi	x29,x13,48	 x13:0x00000000 x29=0x00000030
          10352	      5172	0010028c	00020f37	lui	x30,0x20	 x30=0x00020000
          10354	      5173	00100290	01851f93	slli	x31,x10,0x18	 x10:0x0000000b x31=0x0b000000
          10358	      5175	00100294	01df2023	sw	x29,0(x30)	 x30:0x00020000 x29:0x00000030 PA:0x00020000 store:0x00000030 load:0x00000000
          10360	      5176	00100298	01cfd793	srli	x15,x31,0x1c	 x31:0x0b000000 x15=0x00000000
          10362	      5177	0010029c	00900713	addi	x14,x0,9	  x0:0x00000000 x14=0x00000009
          10364	      5178	001002a0	f2f76ae3	bltu	x14,x15,1001d4	 x14:0x00000009 x15:0x00000000
          10366	      5179	001002a4	03078393	addi	x7,x15,48	 x15:0x00000000  x7=0x00000030
          10368	      5180	001002a8	000205b7	lui	x11,0x20	 x11=0x00020000
          10372	      5182	001002ac	0075a023	sw	x7,0(x11)	 x11:0x00020000  x7:0x00000030 PA:0x00020000 store:0x00000030 load:0x00000000
          10374	      5183	001002b0	00f57513	andi	x10,x10,15	 x10:0x0000000b x10=0x0000000b
          10376	      5184	001002b4	00900613	addi	x12,x0,9	  x0:0x00000000 x12=0x00000009
          10378	      5185	001002b8	f2a67ae3	bgeu	x12,x10,1001ec	 x12:0x00000009 x10:0x0000000b
          10380	      5186	001002bc	03750693	addi	x13,x10,55	 x10:0x0000000b x13=0x00000042
          10382	      5187	001002c0	00020837	lui	x16,0x20	 x16=0x00020000
          10386	      5189	001002c4	00d82023	sw	x13,0(x16)	 x16:0x00020000 x13:0x00000042 PA:0x00020000 store:0x00000042 load:0x00000000
          10390	      5191	001002c8	00008067	jalr	x0,0(x1)	  x1:0x001012d8  x0=0x00000000
          10392	      5192	001012d8	930c0513	addi	x10,x24,-1744	 x24:0x00102000 x10=0x00101930
          10396	      5194	001012dc	dc5fe0ef	jal	x1,1000a0	  x1=0x001012e0
          10400	      5196	001000a0	00054803	lbu	x16,0(x10)	 x10:0x00101930 x16=0x00000020 PA:0x00101930 store:0x00000000
          10402	      5197	001000a4	06080663	beq	x16,x0,100110	 x16:0x00000020  x0:0x00000000
          10404	      5198	001000a8	000207b7	lui	x15,0x20	 x15=0x00020000
          10408	      5200	001000ac	0107a023	sw	x16,0(x15)	 x15:0x00020000 x16:0x00000020 PA:0x00020000 store:0x00000020 load:0x00000000
          10412	      5202	001000b0	00154703	lbu	x14,1(x10)	 x10:0x00101930 x14=0x00000072 PA:0x00101931 store:0x001012e0
          10414	      5203	001000b4	04070e63	beq	x14,x0,100110	 x14:0x00000072  x0:0x00000000
          10418	      5205	001000b8	00e7a023	sw	x14,0(x15)	 x15:0x00020000 x14:0x00000072 PA:0x00020000 store:0x00000072 load:0x00000000
          10422	      5207	001000bc	00254283	lbu	x5,2(x10)	 x10:0x00101930  x5=0x00000065 PA:0x00101932 store:0x00137fa0
          10424	      5208	001000c0	04028863	beq	x5,x0,100110	  x5:0x00000065  x0:0x00000000
          10428	      5210	001000c4	0057a023	sw	x5,0(x15)	 x15:0x00020000  x5:0x00000065 PA:0x00020000 store:0x00000065 load:0x00000000
          10432	      5212	001000c8	00354303	lbu	x6,3(x10)	 x10:0x00101930  x6=0x00000073 PA:0x00101933 store:0x00000000
          10434	      5213	001000cc	04030263	beq	x6,x0,100110	  x6:0x00000073  x0:0x00000000
          10438	      5215	001000d0	0067a023	sw	x6,0(x15)	 x15:0x00020000  x6:0x00000073 PA:0x00020000 store:0x00000073 load:0x00000000
          10442	      5217	001000d4	00454383	lbu	x7,4(x10)	 x10:0x00101930  x7=0x00000075 PA:0x00101934 store:0x00000000
          10444	      5218	001000d8	02038c63	beq	x7,x0,100110	  x7:0x00000075  x0:0x00000000
          10448	      5220	001000dc	0077a023	sw	x7,0(x15)	 x15:0x00020000  x7:0x00000075 PA:0x00020000 store:0x00000075 load:0x00000000
          10452	      5222	001000e0	00554583	lbu	x11,5(x10)	 x10:0x00101930 x11=0x0000006c PA:0x00101935 store:0x00000065
          10454	      5223	001000e4	02058663	beq	x11,x0,100110	 x11:0x0000006c  x0:0x00000000
          10458	      5225	001000e8	00b7a023	sw	x11,0(x15)	 x15:0x00020000 x11:0x0000006c PA:0x00020000 store:0x0000006c load:0x00000000
          10462	      5227	001000ec	00654603	lbu	x12,6(x10)	 x10:0x00101930 x12=0x00000074 PA:0x00101936 store:0x00000073
          10464	      5228	001000f0	02060063	beq	x12,x0,100110	 x12:0x00000074  x0:0x00000000
          10468	      5230	001000f4	00c7a023	sw	x12,0(x15)	 x15:0x00020000 x12:0x00000074 PA:0x00020000 store:0x00000074 load:0x00000000
          10472	      5232	001000f8	00754683	lbu	x13,7(x10)	 x10:0x00101930 x13=0x0000003a PA:0x00101937 store:0x00000075
          10474	      5233	001000fc	00850513	addi	x10,x10,8	 x10:0x00101930 x10=0x00101938
          10476	      5234	00100100	00068863	beq	x13,x0,100110	 x13:0x0000003a  x0:0x00000000
          10480	      5236	00100104	00d7a023	sw	x13,0(x15)	 x15:0x00020000 x13:0x0000003a PA:0x00020000 store:0x0000003a load:0x00000000
          10484	      5238	00100108	00054803	lbu	x16,0(x10)	 x10:0x00101938 x16=0x00000020 PA:0x00101938 store:0x00000000
          10488	      5240	0010010c	fa0810e3	bne	x16,x0,1000ac	 x16:0x00000020  x0:0x00000000
          10494	      5243	001000ac	0107a023	sw	x16,0(x15)	 x15:0x00020000 x16:0x00000020 PA:0x00020000 store:0x00000020 load:0x00000000
          10498	      5245	001000b0	00154703	lbu	x14,1(x10)	 x10:0x00101938 x14=0x00000000 PA:0x00101939 store:0x001012e0
          10502	      5247	001000b4	04070e63	beq	x14,x0,100110	 x14:0x00000000  x0:0x00000000
          10506	      5249	00100110	00000513	addi	x10,x0,0	  x0:0x00000000 x10=0x00000000
          10510	      5251	00100114	00008067	jalr	x0,0(x1)	  x1:0x001012e0  x0=0x00000000
          10514	      5253	001012e0	bf0a2503	lw	x10,-1040(x20)	 x20:0x00102000 x10=0x3f80315b PA:0x00101bf0 store:0x00000020
          10518	      5255	001012e4	e3dfe0ef	jal	x1,100120	  x1=0x001012e8
          10520	      5256	00100120	01c55793	srli	x15,x10,0x1c	 x10:0x3f80315b x15=0x00000003
          10522	      5257	00100124	00900713	addi	x14,x0,9	  x0:0x00000000 x14=0x00000009
          10526	      5259	00100128	0cf77a63	bgeu	x14,x15,1001fc	 x14:0x00000009 x15:0x00000003
          10530	      5261	001001fc	03078393	addi	x7,x15,48	 x15:0x00000003  x7=0x00000033
          10532	      5262	00100200	000205b7	lui	x11,0x20	 x11=0x00020000
          10534	      5263	00100204	00451613	slli	x12,x10,0x4	 x10:0x3f80315b x12=0xf80315b0
          10538	      5265	00100208	0075a023	sw	x7,0(x11)	 x11:0x00020000  x7:0x00000033 PA:0x00020000 store:0x00000033 load:0x00000000
          10540	      5266	0010020c	01c65693	srli	x13,x12,0x1c	 x12:0xf80315b0 x13=0x0000000f
          10542	      5267	00100210	00900813	addi	x16,x0,9	  x0:0x00000000 x16=0x00000009
          10546	      5269	00100214	f2d86ae3	bltu	x16,x13,100148	 x16:0x00000009 x13:0x0000000f
          10550	      5271	00100148	03768893	addi	x17,x13,55	 x13:0x0000000f x17=0x00000046
          10552	      5272	0010014c	00020e37	lui	x28,0x20	 x28=0x00020000
          10554	      5273	00100150	00851f93	slli	x31,x10,0x8	 x10:0x3f80315b x31=0x80315b00
          10558	      5275	00100154	011e2023	sw	x17,0(x28)	 x28:0x00020000 x17:0x00000046 PA:0x00020000 store:0x00000046 load:0x00000000
          10560	      5276	00100158	01cfd793	srli	x15,x31,0x1c	 x31:0x80315b00 x15=0x00000008
          10562	      5277	0010015c	00900713	addi	x14,x0,9	  x0:0x00000000 x14=0x00000009
          10566	      5279	00100160	0cf77a63	bgeu	x14,x15,100234	 x14:0x00000009 x15:0x00000008
          10570	      5281	00100234	03078393	addi	x7,x15,48	 x15:0x00000008  x7=0x00000038
          10572	      5282	00100238	000205b7	lui	x11,0x20	 x11=0x00020000
          10574	      5283	0010023c	00c51613	slli	x12,x10,0xc	 x10:0x3f80315b x12=0x0315b000
          10578	      5285	00100240	0075a023	sw	x7,0(x11)	 x11:0x00020000  x7:0x00000038 PA:0x00020000 store:0x00000038 load:0x00000000
          10580	      5286	00100244	01c65693	srli	x13,x12,0x1c	 x12:0x0315b000 x13=0x00000000
          10582	      5287	00100248	00900813	addi	x16,x0,9	  x0:0x00000000 x16=0x00000009
          10584	      5288	0010024c	f2d86ae3	bltu	x16,x13,100180	 x16:0x00000009 x13:0x00000000
          10586	      5289	00100250	03068e93	addi	x29,x13,48	 x13:0x00000000 x29=0x00000030
          10588	      5290	00100254	00020f37	lui	x30,0x20	 x30=0x00020000
          10590	      5291	00100258	01051f93	slli	x31,x10,0x10	 x10:0x3f80315b x31=0x315b0000
          10594	      5293	0010025c	01df2023	sw	x29,0(x30)	 x30:0x00020000 x29:0x00000030 PA:0x00020000 store:0x00000030 load:0x00000000
          10596	      5294	00100260	01cfd793	srli	x15,x31,0x1c	 x31:0x315b0000 x15=0x00000003
          10598	      5295	00100264	00900713	addi	x14,x0,9	  x0:0x00000000 x14=0x00000009
          10600	      5296	00100268	f2f76ae3	bltu	x14,x15,10019c	 x14:0x00000009 x15:0x00000003
          10602	      5297	0010026c	03078393	addi	x7,x15,48	 x15:0x00000003  x7=0x00000033
          10604	      5298	00100270	000205b7	lui	x11,0x20	 x11=0x00020000
          10606	      5299	00100274	01451613	slli	x12,x10,0x14	 x10:0x3f80315b x12=0x15b00000
          10610	      5301	00100278	0075a023	sw	x7,0(x11)	 x11:0x00020000  x7:0x00000033 PA:0x00020000 store:0x00000033 load:0x00000000
          10612	      5302	0010027c	01c65693	srli	x13,x12,0x1c	 x12:0x15b00000 x13=0x00000001
          10614	      5303	00100280	00900813	addi	x16,x0,9	  x0:0x00000000 x16=0x00000009
          10616	      5304	00100284	f2d86ae3	bltu	x16,x13,1001b8	 x16:0x00000009 x13:0x00000001
          10618	      5305	00100288	03068e93	addi	x29,x13,48	 x13:0x00000001 x29=0x00000031
          10620	      5306	0010028c	00020f37	lui	x30,0x20	 x30=0x00020000
          10622	      5307	00100290	01851f93	slli	x31,x10,0x18	 x10:0x3f80315b x31=0x5b000000
          10626	      5309	00100294	01df2023	sw	x29,0(x30)	 x30:0x00020000 x29:0x00000031 PA:0x00020000 store:0x00000031 load:0x00000000
          10628	      5310	00100298	01cfd793	srli	x15,x31,0x1c	 x31:0x5b000000 x15=0x00000005
          10630	      5311	0010029c	00900713	addi	x14,x0,9	  x0:0x00000000 x14=0x00000009
          10632	      5312	001002a0	f2f76ae3	bltu	x14,x15,1001d4	 x14:0x00000009 x15:0x00000005
          10634	      5313	001002a4	03078393	addi	x7,x15,48	 x15:0x00000005  x7=0x00000035
          10636	      5314	001002a8	000205b7	lui	x11,0x20	 x11=0x00020000
          10640	      5316	001002ac	0075a023	sw	x7,0(x11)	 x11:0x00020000  x7:0x00000035 PA:0x00020000 store:0x00000035 load:0x00000000
          10642	      5317	001002b0	00f57513	andi	x10,x10,15	 x10:0x3f80315b x10=0x0000000b
          10644	      5318	001002b4	00900613	addi	x12,x0,9	  x0:0x00000000 x12=0x00000009
          10646	      5319	001002b8	f2a67ae3	bgeu	x12,x10,1001ec	 x12:0x00000009 x10:0x0000000b
          10648	      5320	001002bc	03750693	addi	x13,x10,55	 x10:0x0000000b x13=0x00000042
          10650	      5321	001002c0	00020837	lui	x16,0x20	 x16=0x00020000
          10654	      5323	001002c4	00d82023	sw	x13,0(x16)	 x16:0x00020000 x13:0x00000042 PA:0x00020000 store:0x00000042 load:0x00000000
          10658	      5325	001002c8	00008067	jalr	x0,0(x1)	  x1:0x001012e8  x0=0x00000000
          10662	      5327	001012e8	f1aa98e3	bne	x21,x26,1011f8	 x21:0x0000000c x26:0x00000014
          10670	      5331	001011f8	c009a987	flw	f19,-1024(x19)	 f19:0x00102000 f19=0x00000000 PA:0x00101c00 store:0x3f8062ca
          10694	      5343	001011fc	928c8513	addi	x10,x25,-1752	 x25:0x00102000 x10=0x00101928
          10696	      5344	00101200	5809fa53	fsqrt.s	f20,f19	 f19:0x00102000 f20=0x00000000
          10698	      5345	00101204	c149a027	fsw	f20,-1024(x19)	 f19:0x00102000 f20:0x00102000 PA:0x00101c00 store:0x3f8018ab load:0x3f80315b
          10700	      5346	00101208	c009aa87	flw	f21,-1024(x19)	 f19:0x00102000 f21=0x00000000 PA:0x00101c00 store:0x3f8062ca
          10702	      5347	0010120c	e00a8dd3	fmv.x.w	x27,f21	 f21:0x0000000c x27=0x3f8018ab
          10704	      5348	00101210	bfba2823	sw	x27,-1040(x20)	 x20:0x00102000 x27:0x3f8018ab PA:0x00101bf0 store:0x3f8018ab load:0x3f8018ab
          10706	      5349	00101214	e8dfe0ef	jal	x1,1000a0	  x1=0x00101218
          10710	      5351	001000a0	00054803	lbu	x16,0(x10)	 x10:0x00101928 x16=0x0000000a PA:0x00101928 store:0x00000000
          10712	      5352	001000a4	06080663	beq	x16,x0,100110	 x16:0x0000000a  x0:0x00000000
          10714	      5353	001000a8	000207b7	lui	x15,0x20	 x15=0x00020000
          10718	      5355	001000ac	0107a023	sw	x16,0(x15)	 x15:0x00020000 x16:0x0000000a PA:0x00020000 store:0x0000000a load:0x00000000
          10722	      5357	001000b0	00154703	lbu	x14,1(x10)	 x10:0x00101928 x14=0x00000020 PA:0x00101929 store:0x00101218
          10724	      5358	001000b4	04070e63	beq	x14,x0,100110	 x14:0x00000020  x0:0x00000000
          10728	      5360	001000b8	00e7a023	sw	x14,0(x15)	 x15:0x00020000 x14:0x00000020 PA:0x00020000 store:0x00000020 load:0x00000000
          10732	      5362	001000bc	00254283	lbu	x5,2(x10)	 x10:0x00101928  x5=0x00000069 PA:0x0010192a store:0x00137fa0
          10734	      5363	001000c0	04028863	beq	x5,x0,100110	  x5:0x00000069  x0:0x00000000
          10738	      5365	001000c4	0057a023	sw	x5,0(x15)	 x15:0x00020000  x5:0x00000069 PA:0x00020000 store:0x00000069 load:0x00000000
          10742	      5367	001000c8	00354303	lbu	x6,3(x10)	 x10:0x00101928  x6=0x0000003d PA:0x0010192b store:0x00000000
          10744	      5368	001000cc	04030263	beq	x6,x0,100110	  x6:0x0000003d  x0:0x00000000
          10748	      5370	001000d0	0067a023	sw	x6,0(x15)	 x15:0x00020000  x6:0x0000003d PA:0x00020000 store:0x0000003d load:0x00000000
          10752	      5372	001000d4	00454383	lbu	x7,4(x10)	 x10:0x00101928  x7=0x00000000 PA:0x0010192c store:0x00000000
          10756	      5374	001000d8	02038c63	beq	x7,x0,100110	  x7:0x00000000  x0:0x00000000
          10760	      5376	00100110	00000513	addi	x10,x0,0	  x0:0x00000000 x10=0x00000000
          10764	      5378	00100114	00008067	jalr	x0,0(x1)	  x1:0x00101218  x0=0x00000000
          10766	      5379	00101218	000a8513	addi	x10,x21,0	 x21:0x0000000c x10=0x0000000c
          10770	      5381	0010121c	f05fe0ef	jal	x1,100120	  x1=0x00101220
          10772	      5382	00100120	01c55793	srli	x15,x10,0x1c	 x10:0x0000000c x15=0x00000000
          10774	      5383	00100124	00900713	addi	x14,x0,9	  x0:0x00000000 x14=0x00000009
          10778	      5385	00100128	0cf77a63	bgeu	x14,x15,1001fc	 x14:0x00000009 x15:0x00000000
          10782	      5387	001001fc	03078393	addi	x7,x15,48	 x15:0x00000000  x7=0x00000030
          10784	      5388	00100200	000205b7	lui	x11,0x20	 x11=0x00020000
          10786	      5389	00100204	00451613	slli	x12,x10,0x4	 x10:0x0000000c x12=0x000000c0
          10790	      5391	00100208	0075a023	sw	x7,0(x11)	 x11:0x00020000  x7:0x00000030 PA:0x00020000 store:0x00000030 load:0x00000000
          10792	      5392	0010020c	01c65693	srli	x13,x12,0x1c	 x12:0x000000c0 x13=0x00000000
          10794	      5393	00100210	00900813	addi	x16,x0,9	  x0:0x00000000 x16=0x00000009
          10796	      5394	00100214	f2d86ae3	bltu	x16,x13,100148	 x16:0x00000009 x13:0x00000000
          10798	      5395	00100218	03068e93	addi	x29,x13,48	 x13:0x00000000 x29=0x00000030
          10800	      5396	0010021c	00020f37	lui	x30,0x20	 x30=0x00020000
          10802	      5397	00100220	00851f93	slli	x31,x10,0x8	 x10:0x0000000c x31=0x00000c00
          10806	      5399	00100224	01df2023	sw	x29,0(x30)	 x30:0x00020000 x29:0x00000030 PA:0x00020000 store:0x00000030 load:0x00000000
          10808	      5400	00100228	01cfd793	srli	x15,x31,0x1c	 x31:0x00000c00 x15=0x00000000
          10810	      5401	0010022c	00900713	addi	x14,x0,9	  x0:0x00000000 x14=0x00000009
          10812	      5402	00100230	f2f76ae3	bltu	x14,x15,100164	 x14:0x00000009 x15:0x00000000
          10814	      5403	00100234	03078393	addi	x7,x15,48	 x15:0x00000000  x7=0x00000030
          10816	      5404	00100238	000205b7	lui	x11,0x20	 x11=0x00020000
          10818	      5405	0010023c	00c51613	slli	x12,x10,0xc	 x10:0x0000000c x12=0x0000c000
          10822	      5407	00100240	0075a023	sw	x7,0(x11)	 x11:0x00020000  x7:0x00000030 PA:0x00020000 store:0x00000030 load:0x00000000
          10824	      5408	00100244	01c65693	srli	x13,x12,0x1c	 x12:0x0000c000 x13=0x00000000
          10826	      5409	00100248	00900813	addi	x16,x0,9	  x0:0x00000000 x16=0x00000009
          10828	      5410	0010024c	f2d86ae3	bltu	x16,x13,100180	 x16:0x00000009 x13:0x00000000
          10830	      5411	00100250	03068e93	addi	x29,x13,48	 x13:0x00000000 x29=0x00000030
          10832	      5412	00100254	00020f37	lui	x30,0x20	 x30=0x00020000
          10834	      5413	00100258	01051f93	slli	x31,x10,0x10	 x10:0x0000000c x31=0x000c0000
          10838	      5415	0010025c	01df2023	sw	x29,0(x30)	 x30:0x00020000 x29:0x00000030 PA:0x00020000 store:0x00000030 load:0x00000000
          10840	      5416	00100260	01cfd793	srli	x15,x31,0x1c	 x31:0x000c0000 x15=0x00000000
          10842	      5417	00100264	00900713	addi	x14,x0,9	  x0:0x00000000 x14=0x00000009
          10844	      5418	00100268	f2f76ae3	bltu	x14,x15,10019c	 x14:0x00000009 x15:0x00000000
          10846	      5419	0010026c	03078393	addi	x7,x15,48	 x15:0x00000000  x7=0x00000030
          10848	      5420	00100270	000205b7	lui	x11,0x20	 x11=0x00020000
          10850	      5421	00100274	01451613	slli	x12,x10,0x14	 x10:0x0000000c x12=0x00c00000
          10854	      5423	00100278	0075a023	sw	x7,0(x11)	 x11:0x00020000  x7:0x00000030 PA:0x00020000 store:0x00000030 load:0x00000000
          10856	      5424	0010027c	01c65693	srli	x13,x12,0x1c	 x12:0x00c00000 x13=0x00000000
          10858	      5425	00100280	00900813	addi	x16,x0,9	  x0:0x00000000 x16=0x00000009
          10860	      5426	00100284	f2d86ae3	bltu	x16,x13,1001b8	 x16:0x00000009 x13:0x00000000
          10862	      5427	00100288	03068e93	addi	x29,x13,48	 x13:0x00000000 x29=0x00000030
          10864	      5428	0010028c	00020f37	lui	x30,0x20	 x30=0x00020000
          10866	      5429	00100290	01851f93	slli	x31,x10,0x18	 x10:0x0000000c x31=0x0c000000
          10870	      5431	00100294	01df2023	sw	x29,0(x30)	 x30:0x00020000 x29:0x00000030 PA:0x00020000 store:0x00000030 load:0x00000000
          10872	      5432	00100298	01cfd793	srli	x15,x31,0x1c	 x31:0x0c000000 x15=0x00000000
          10874	      5433	0010029c	00900713	addi	x14,x0,9	  x0:0x00000000 x14=0x00000009
          10876	      5434	001002a0	f2f76ae3	bltu	x14,x15,1001d4	 x14:0x00000009 x15:0x00000000
          10878	      5435	001002a4	03078393	addi	x7,x15,48	 x15:0x00000000  x7=0x00000030
          10880	      5436	001002a8	000205b7	lui	x11,0x20	 x11=0x00020000
          10884	      5438	001002ac	0075a023	sw	x7,0(x11)	 x11:0x00020000  x7:0x00000030 PA:0x00020000 store:0x00000030 load:0x00000000
          10886	      5439	001002b0	00f57513	andi	x10,x10,15	 x10:0x0000000c x10=0x0000000c
          10888	      5440	001002b4	00900613	addi	x12,x0,9	  x0:0x00000000 x12=0x00000009
          10890	      5441	001002b8	f2a67ae3	bgeu	x12,x10,1001ec	 x12:0x00000009 x10:0x0000000c
          10892	      5442	001002bc	03750693	addi	x13,x10,55	 x10:0x0000000c x13=0x00000043
          10894	      5443	001002c0	00020837	lui	x16,0x20	 x16=0x00020000
          10898	      5445	001002c4	00d82023	sw	x13,0(x16)	 x16:0x00020000 x13:0x00000043 PA:0x00020000 store:0x00000043 load:0x00000000
          10902	      5447	001002c8	00008067	jalr	x0,0(x1)	  x1:0x00101220  x0=0x00000000
          10904	      5448	00101220	930c0513	addi	x10,x24,-1744	 x24:0x00102000 x10=0x00101930
          10908	      5450	00101224	e7dfe0ef	jal	x1,1000a0	  x1=0x00101228
          10912	      5452	001000a0	00054803	lbu	x16,0(x10)	 x10:0x00101930 x16=0x00000020 PA:0x00101930 store:0x00000000
          10914	      5453	001000a4	06080663	beq	x16,x0,100110	 x16:0x00000020  x0:0x00000000
          10916	      5454	001000a8	000207b7	lui	x15,0x20	 x15=0x00020000
          10920	      5456	001000ac	0107a023	sw	x16,0(x15)	 x15:0x00020000 x16:0x00000020 PA:0x00020000 store:0x00000020 load:0x00000000
          10924	      5458	001000b0	00154703	lbu	x14,1(x10)	 x10:0x00101930 x14=0x00000072 PA:0x00101931 store:0x00101228
          10926	      5459	001000b4	04070e63	beq	x14,x0,100110	 x14:0x00000072  x0:0x00000000
          10930	      5461	001000b8	00e7a023	sw	x14,0(x15)	 x15:0x00020000 x14:0x00000072 PA:0x00020000 store:0x00000072 load:0x00000000
          10934	      5463	001000bc	00254283	lbu	x5,2(x10)	 x10:0x00101930  x5=0x00000065 PA:0x00101932 store:0x00137fa0
          10936	      5464	001000c0	04028863	beq	x5,x0,100110	  x5:0x00000065  x0:0x00000000
          10940	      5466	001000c4	0057a023	sw	x5,0(x15)	 x15:0x00020000  x5:0x00000065 PA:0x00020000 store:0x00000065 load:0x00000000
          10944	      5468	001000c8	00354303	lbu	x6,3(x10)	 x10:0x00101930  x6=0x00000073 PA:0x00101933 store:0x00000000
          10946	      5469	001000cc	04030263	beq	x6,x0,100110	  x6:0x00000073  x0:0x00000000
          10950	      5471	001000d0	0067a023	sw	x6,0(x15)	 x15:0x00020000  x6:0x00000073 PA:0x00020000 store:0x00000073 load:0x00000000
          10954	      5473	001000d4	00454383	lbu	x7,4(x10)	 x10:0x00101930  x7=0x00000075 PA:0x00101934 store:0x00000000
          10956	      5474	001000d8	02038c63	beq	x7,x0,100110	  x7:0x00000075  x0:0x00000000
          10960	      5476	001000dc	0077a023	sw	x7,0(x15)	 x15:0x00020000  x7:0x00000075 PA:0x00020000 store:0x00000075 load:0x00000000
          10964	      5478	001000e0	00554583	lbu	x11,5(x10)	 x10:0x00101930 x11=0x0000006c PA:0x00101935 store:0x00000065
          10966	      5479	001000e4	02058663	beq	x11,x0,100110	 x11:0x0000006c  x0:0x00000000
          10970	      5481	001000e8	00b7a023	sw	x11,0(x15)	 x15:0x00020000 x11:0x0000006c PA:0x00020000 store:0x0000006c load:0x00000000
          10974	      5483	001000ec	00654603	lbu	x12,6(x10)	 x10:0x00101930 x12=0x00000074 PA:0x00101936 store:0x00000073
          10976	      5484	001000f0	02060063	beq	x12,x0,100110	 x12:0x00000074  x0:0x00000000
          10980	      5486	001000f4	00c7a023	sw	x12,0(x15)	 x15:0x00020000 x12:0x00000074 PA:0x00020000 store:0x00000074 load:0x00000000
          10984	      5488	001000f8	00754683	lbu	x13,7(x10)	 x10:0x00101930 x13=0x0000003a PA:0x00101937 store:0x00000075
          10986	      5489	001000fc	00850513	addi	x10,x10,8	 x10:0x00101930 x10=0x00101938
          10988	      5490	00100100	00068863	beq	x13,x0,100110	 x13:0x0000003a  x0:0x00000000
          10992	      5492	00100104	00d7a023	sw	x13,0(x15)	 x15:0x00020000 x13:0x0000003a PA:0x00020000 store:0x0000003a load:0x00000000
          10996	      5494	00100108	00054803	lbu	x16,0(x10)	 x10:0x00101938 x16=0x00000020 PA:0x00101938 store:0x00000000
          11000	      5496	0010010c	fa0810e3	bne	x16,x0,1000ac	 x16:0x00000020  x0:0x00000000
          11006	      5499	001000ac	0107a023	sw	x16,0(x15)	 x15:0x00020000 x16:0x00000020 PA:0x00020000 store:0x00000020 load:0x00000000
          11010	      5501	001000b0	00154703	lbu	x14,1(x10)	 x10:0x00101938 x14=0x00000000 PA:0x00101939 store:0x00101228
          11014	      5503	001000b4	04070e63	beq	x14,x0,100110	 x14:0x00000000  x0:0x00000000
          11018	      5505	00100110	00000513	addi	x10,x0,0	  x0:0x00000000 x10=0x00000000
          11022	      5507	00100114	00008067	jalr	x0,0(x1)	  x1:0x00101228  x0=0x00000000
          11026	      5509	00101228	bf0a2503	lw	x10,-1040(x20)	 x20:0x00102000 x10=0x3f8018ab PA:0x00101bf0 store:0x00000020
          11028	      5510	0010122c	001a8d93	addi	x27,x21,1	 x21:0x0000000c x27=0x0000000d
          11032	      5512	00101230	ef1fe0ef	jal	x1,100120	  x1=0x00101234
          11034	      5513	00100120	01c55793	srli	x15,x10,0x1c	 x10:0x3f8018ab x15=0x00000003
          11036	      5514	00100124	00900713	addi	x14,x0,9	  x0:0x00000000 x14=0x00000009
          11040	      5516	00100128	0cf77a63	bgeu	x14,x15,1001fc	 x14:0x00000009 x15:0x00000003
          11044	      5518	001001fc	03078393	addi	x7,x15,48	 x15:0x00000003  x7=0x00000033
          11046	      5519	00100200	000205b7	lui	x11,0x20	 x11=0x00020000
          11048	      5520	00100204	00451613	slli	x12,x10,0x4	 x10:0x3f8018ab x12=0xf8018ab0
          11052	      5522	00100208	0075a023	sw	x7,0(x11)	 x11:0x00020000  x7:0x00000033 PA:0x00020000 store:0x00000033 load:0x00000000
          11054	      5523	0010020c	01c65693	srli	x13,x12,0x1c	 x12:0xf8018ab0 x13=0x0000000f
          11056	      5524	00100210	00900813	addi	x16,x0,9	  x0:0x00000000 x16=0x00000009
          11060	      5526	00100214	f2d86ae3	bltu	x16,x13,100148	 x16:0x00000009 x13:0x0000000f
          11064	      5528	00100148	03768893	addi	x17,x13,55	 x13:0x0000000f x17=0x00000046
          11066	      5529	0010014c	00020e37	lui	x28,0x20	 x28=0x00020000
          11068	      5530	00100150	00851f93	slli	x31,x10,0x8	 x10:0x3f8018ab x31=0x8018ab00
          11072	      5532	00100154	011e2023	sw	x17,0(x28)	 x28:0x00020000 x17:0x00000046 PA:0x00020000 store:0x00000046 load:0x00000000
          11074	      5533	00100158	01cfd793	srli	x15,x31,0x1c	 x31:0x8018ab00 x15=0x00000008
          11076	      5534	0010015c	00900713	addi	x14,x0,9	  x0:0x00000000 x14=0x00000009
          11080	      5536	00100160	0cf77a63	bgeu	x14,x15,100234	 x14:0x00000009 x15:0x00000008
          11084	      5538	00100234	03078393	addi	x7,x15,48	 x15:0x00000008  x7=0x00000038
          11086	      5539	00100238	000205b7	lui	x11,0x20	 x11=0x00020000
          11088	      5540	0010023c	00c51613	slli	x12,x10,0xc	 x10:0x3f8018ab x12=0x018ab000
          11092	      5542	00100240	0075a023	sw	x7,0(x11)	 x11:0x00020000  x7:0x00000038 PA:0x00020000 store:0x00000038 load:0x00000000
          11094	      5543	00100244	01c65693	srli	x13,x12,0x1c	 x12:0x018ab000 x13=0x00000000
          11096	      5544	00100248	00900813	addi	x16,x0,9	  x0:0x00000000 x16=0x00000009
          11098	      5545	0010024c	f2d86ae3	bltu	x16,x13,100180	 x16:0x00000009 x13:0x00000000
          11100	      5546	00100250	03068e93	addi	x29,x13,48	 x13:0x00000000 x29=0x00000030
          11102	      5547	00100254	00020f37	lui	x30,0x20	 x30=0x00020000
          11104	      5548	00100258	01051f93	slli	x31,x10,0x10	 x10:0x3f8018ab x31=0x18ab0000
          11108	      5550	0010025c	01df2023	sw	x29,0(x30)	 x30:0x00020000 x29:0x00000030 PA:0x00020000 store:0x00000030 load:0x00000000
          11110	      5551	00100260	01cfd793	srli	x15,x31,0x1c	 x31:0x18ab0000 x15=0x00000001
          11112	      5552	00100264	00900713	addi	x14,x0,9	  x0:0x00000000 x14=0x00000009
          11114	      5553	00100268	f2f76ae3	bltu	x14,x15,10019c	 x14:0x00000009 x15:0x00000001
          11116	      5554	0010026c	03078393	addi	x7,x15,48	 x15:0x00000001  x7=0x00000031
          11118	      5555	00100270	000205b7	lui	x11,0x20	 x11=0x00020000
          11120	      5556	00100274	01451613	slli	x12,x10,0x14	 x10:0x3f8018ab x12=0x8ab00000
          11124	      5558	00100278	0075a023	sw	x7,0(x11)	 x11:0x00020000  x7:0x00000031 PA:0x00020000 store:0x00000031 load:0x00000000
          11126	      5559	0010027c	01c65693	srli	x13,x12,0x1c	 x12:0x8ab00000 x13=0x00000008
          11128	      5560	00100280	00900813	addi	x16,x0,9	  x0:0x00000000 x16=0x00000009
          11130	      5561	00100284	f2d86ae3	bltu	x16,x13,1001b8	 x16:0x00000009 x13:0x00000008
          11132	      5562	00100288	03068e93	addi	x29,x13,48	 x13:0x00000008 x29=0x00000038
          11134	      5563	0010028c	00020f37	lui	x30,0x20	 x30=0x00020000
          11136	      5564	00100290	01851f93	slli	x31,x10,0x18	 x10:0x3f8018ab x31=0xab000000
          11140	      5566	00100294	01df2023	sw	x29,0(x30)	 x30:0x00020000 x29:0x00000038 PA:0x00020000 store:0x00000038 load:0x00000000
          11142	      5567	00100298	01cfd793	srli	x15,x31,0x1c	 x31:0xab000000 x15=0x0000000a
          11144	      5568	0010029c	00900713	addi	x14,x0,9	  x0:0x00000000 x14=0x00000009
          11148	      5570	001002a0	f2f76ae3	bltu	x14,x15,1001d4	 x14:0x00000009 x15:0x0000000a
          11152	      5572	001001d4	03778293	addi	x5,x15,55	 x15:0x0000000a  x5=0x00000041
          11154	      5573	001001d8	00020337	lui	x6,0x20	  x6=0x00020000
          11158	      5575	001001dc	00532023	sw	x5,0(x6)	  x6:0x00020000  x5:0x00000041 PA:0x00020000 store:0x00000041 load:0x00000000
          11160	      5576	001001e0	00f57513	andi	x10,x10,15	 x10:0x3f8018ab x10=0x0000000b
          11162	      5577	001001e4	00900613	addi	x12,x0,9	  x0:0x00000000 x12=0x00000009
          11166	      5579	001001e8	0ca66a63	bltu	x12,x10,1002bc	 x12:0x00000009 x10:0x0000000b
          11170	      5581	001002bc	03750693	addi	x13,x10,55	 x10:0x0000000b x13=0x00000042
          11172	      5582	001002c0	00020837	lui	x16,0x20	 x16=0x00020000
          11176	      5584	001002c4	00d82023	sw	x13,0(x16)	 x16:0x00020000 x13:0x00000042 PA:0x00020000 store:0x00000042 load:0x00000000
          11186	      5589	001002c8	00008067	jalr	x0,0(x1)	  x1:0x00101234  x0=0x00000000
          11188	      5590	00101234	c009ae07	flw	f28,-1024(x19)	 f19:0x00102000 f28=0x00000000 PA:0x00101c00 store:0x3f8062ca
          11208	      5600	00101238	580e7ed3	fsqrt.s	f29,f28	 f28:0x00020000 f29=0x00000000
          11210	      5601	0010123c	c1d9a027	fsw	f29,-1024(x19)	 f19:0x00102000 f29:0x00000038 PA:0x00101c00 store:0x3f800c55 load:0x3f8018ab
          11212	      5602	00101240	c009af07	flw	f30,-1024(x19)	 f19:0x00102000 f30=0x00000000 PA:0x00101c00 store:0x3f8062ca
          11216	      5604	00101244	928c8513	addi	x10,x25,-1752	 x25:0x00102000 x10=0x00101928
          11218	      5605	00101248	e00f0e53	fmv.x.w	x28,f30	 f30:0x00020000 x28=0x3f800c55
          11220	      5606	0010124c	bfca2823	sw	x28,-1040(x20)	 x20:0x00102000 x28:0x3f800c55 PA:0x00101bf0 store:0x3f800c55 load:0x3f800c55
          11222	      5607	00101250	e51fe0ef	jal	x1,1000a0	  x1=0x00101254
          11226	      5609	001000a0	00054803	lbu	x16,0(x10)	 x10:0x00101928 x16=0x0000000a PA:0x00101928 store:0x00000000
          11228	      5610	001000a4	06080663	beq	x16,x0,100110	 x16:0x0000000a  x0:0x00000000
          11230	      5611	001000a8	000207b7	lui	x15,0x20	 x15=0x00020000
          11234	      5613	001000ac	0107a023	sw	x16,0(x15)	 x15:0x00020000 x16:0x0000000a PA:0x00020000 store:0x0000000a load:0x00000000
          11238	      5615	001000b0	00154703	lbu	x14,1(x10)	 x10:0x00101928 x14=0x00000020 PA:0x00101929 store:0x00101254
          11240	      5616	001000b4	04070e63	beq	x14,x0,100110	 x14:0x00000020  x0:0x00000000
          11244	      5618	001000b8	00e7a023	sw	x14,0(x15)	 x15:0x00020000 x14:0x00000020 PA:0x00020000 store:0x00000020 load:0x00000000
          11248	      5620	001000bc	00254283	lbu	x5,2(x10)	 x10:0x00101928  x5=0x00000069 PA:0x0010192a store:0x00137fa0
          11250	      5621	001000c0	04028863	beq	x5,x0,100110	  x5:0x00000069  x0:0x00000000
          11254	      5623	001000c4	0057a023	sw	x5,0(x15)	 x15:0x00020000  x5:0x00000069 PA:0x00020000 store:0x00000069 load:0x00000000
          11258	      5625	001000c8	00354303	lbu	x6,3(x10)	 x10:0x00101928  x6=0x0000003d PA:0x0010192b store:0x00000000
          11260	      5626	001000cc	04030263	beq	x6,x0,100110	  x6:0x0000003d  x0:0x00000000
          11264	      5628	001000d0	0067a023	sw	x6,0(x15)	 x15:0x00020000  x6:0x0000003d PA:0x00020000 store:0x0000003d load:0x00000000
          11268	      5630	001000d4	00454383	lbu	x7,4(x10)	 x10:0x00101928  x7=0x00000000 PA:0x0010192c store:0x00000000
          11272	      5632	001000d8	02038c63	beq	x7,x0,100110	  x7:0x00000000  x0:0x00000000
          11276	      5634	00100110	00000513	addi	x10,x0,0	  x0:0x00000000 x10=0x00000000
          11280	      5636	00100114	00008067	jalr	x0,0(x1)	  x1:0x00101254  x0=0x00000000
          11282	      5637	00101254	000d8513	addi	x10,x27,0	 x27:0x0000000d x10=0x0000000d
          11286	      5639	00101258	ec9fe0ef	jal	x1,100120	  x1=0x0010125c
          11288	      5640	00100120	01c55793	srli	x15,x10,0x1c	 x10:0x0000000d x15=0x00000000
          11290	      5641	00100124	00900713	addi	x14,x0,9	  x0:0x00000000 x14=0x00000009
          11294	      5643	00100128	0cf77a63	bgeu	x14,x15,1001fc	 x14:0x00000009 x15:0x00000000
          11298	      5645	001001fc	03078393	addi	x7,x15,48	 x15:0x00000000  x7=0x00000030
          11300	      5646	00100200	000205b7	lui	x11,0x20	 x11=0x00020000
          11302	      5647	00100204	00451613	slli	x12,x10,0x4	 x10:0x0000000d x12=0x000000d0
          11306	      5649	00100208	0075a023	sw	x7,0(x11)	 x11:0x00020000  x7:0x00000030 PA:0x00020000 store:0x00000030 load:0x00000000
          11308	      5650	0010020c	01c65693	srli	x13,x12,0x1c	 x12:0x000000d0 x13=0x00000000
          11310	      5651	00100210	00900813	addi	x16,x0,9	  x0:0x00000000 x16=0x00000009
          11312	      5652	00100214	f2d86ae3	bltu	x16,x13,100148	 x16:0x00000009 x13:0x00000000
          11314	      5653	00100218	03068e93	addi	x29,x13,48	 x13:0x00000000 x29=0x00000030
          11316	      5654	0010021c	00020f37	lui	x30,0x20	 x30=0x00020000
          11318	      5655	00100220	00851f93	slli	x31,x10,0x8	 x10:0x0000000d x31=0x00000d00
          11322	      5657	00100224	01df2023	sw	x29,0(x30)	 x30:0x00020000 x29:0x00000030 PA:0x00020000 store:0x00000030 load:0x00000000
          11324	      5658	00100228	01cfd793	srli	x15,x31,0x1c	 x31:0x00000d00 x15=0x00000000
          11326	      5659	0010022c	00900713	addi	x14,x0,9	  x0:0x00000000 x14=0x00000009
          11328	      5660	00100230	f2f76ae3	bltu	x14,x15,100164	 x14:0x00000009 x15:0x00000000
          11330	      5661	00100234	03078393	addi	x7,x15,48	 x15:0x00000000  x7=0x00000030
          11332	      5662	00100238	000205b7	lui	x11,0x20	 x11=0x00020000
          11334	      5663	0010023c	00c51613	slli	x12,x10,0xc	 x10:0x0000000d x12=0x0000d000
          11338	      5665	00100240	0075a023	sw	x7,0(x11)	 x11:0x00020000  x7:0x00000030 PA:0x00020000 store:0x00000030 load:0x00000000
          11340	      5666	00100244	01c65693	srli	x13,x12,0x1c	 x12:0x0000d000 x13=0x00000000
          11342	      5667	00100248	00900813	addi	x16,x0,9	  x0:0x00000000 x16=0x00000009
          11344	      5668	0010024c	f2d86ae3	bltu	x16,x13,100180	 x16:0x00000009 x13:0x00000000
          11346	      5669	00100250	03068e93	addi	x29,x13,48	 x13:0x00000000 x29=0x00000030
          11348	      5670	00100254	00020f37	lui	x30,0x20	 x30=0x00020000
          11350	      5671	00100258	01051f93	slli	x31,x10,0x10	 x10:0x0000000d x31=0x000d0000
          11354	      5673	0010025c	01df2023	sw	x29,0(x30)	 x30:0x00020000 x29:0x00000030 PA:0x00020000 store:0x00000030 load:0x00000000
          11356	      5674	00100260	01cfd793	srli	x15,x31,0x1c	 x31:0x000d0000 x15=0x00000000
          11358	      5675	00100264	00900713	addi	x14,x0,9	  x0:0x00000000 x14=0x00000009
          11360	      5676	00100268	f2f76ae3	bltu	x14,x15,10019c	 x14:0x00000009 x15:0x00000000
          11362	      5677	0010026c	03078393	addi	x7,x15,48	 x15:0x00000000  x7=0x00000030
          11364	      5678	00100270	000205b7	lui	x11,0x20	 x11=0x00020000
          11366	      5679	00100274	01451613	slli	x12,x10,0x14	 x10:0x0000000d x12=0x00d00000
          11370	      5681	00100278	0075a023	sw	x7,0(x11)	 x11:0x00020000  x7:0x00000030 PA:0x00020000 store:0x00000030 load:0x00000000
          11372	      5682	0010027c	01c65693	srli	x13,x12,0x1c	 x12:0x00d00000 x13=0x00000000
          11374	      5683	00100280	00900813	addi	x16,x0,9	  x0:0x00000000 x16=0x00000009
          11376	      5684	00100284	f2d86ae3	bltu	x16,x13,1001b8	 x16:0x00000009 x13:0x00000000
          11378	      5685	00100288	03068e93	addi	x29,x13,48	 x13:0x00000000 x29=0x00000030
          11380	      5686	0010028c	00020f37	lui	x30,0x20	 x30=0x00020000
          11382	      5687	00100290	01851f93	slli	x31,x10,0x18	 x10:0x0000000d x31=0x0d000000
          11386	      5689	00100294	01df2023	sw	x29,0(x30)	 x30:0x00020000 x29:0x00000030 PA:0x00020000 store:0x00000030 load:0x00000000
          11388	      5690	00100298	01cfd793	srli	x15,x31,0x1c	 x31:0x0d000000 x15=0x00000000
          11390	      5691	0010029c	00900713	addi	x14,x0,9	  x0:0x00000000 x14=0x00000009
          11392	      5692	001002a0	f2f76ae3	bltu	x14,x15,1001d4	 x14:0x00000009 x15:0x00000000
          11394	      5693	001002a4	03078393	addi	x7,x15,48	 x15:0x00000000  x7=0x00000030
          11396	      5694	001002a8	000205b7	lui	x11,0x20	 x11=0x00020000
          11400	      5696	001002ac	0075a023	sw	x7,0(x11)	 x11:0x00020000  x7:0x00000030 PA:0x00020000 store:0x00000030 load:0x00000000
          11402	      5697	001002b0	00f57513	andi	x10,x10,15	 x10:0x0000000d x10=0x0000000d
          11404	      5698	001002b4	00900613	addi	x12,x0,9	  x0:0x00000000 x12=0x00000009
          11406	      5699	001002b8	f2a67ae3	bgeu	x12,x10,1001ec	 x12:0x00000009 x10:0x0000000d
          11408	      5700	001002bc	03750693	addi	x13,x10,55	 x10:0x0000000d x13=0x00000044
          11410	      5701	001002c0	00020837	lui	x16,0x20	 x16=0x00020000
          11414	      5703	001002c4	00d82023	sw	x13,0(x16)	 x16:0x00020000 x13:0x00000044 PA:0x00020000 store:0x00000044 load:0x00000000
          11418	      5705	001002c8	00008067	jalr	x0,0(x1)	  x1:0x0010125c  x0=0x00000000
          11420	      5706	0010125c	930c0513	addi	x10,x24,-1744	 x24:0x00102000 x10=0x00101930
          11424	      5708	00101260	e41fe0ef	jal	x1,1000a0	  x1=0x00101264
          11428	      5710	001000a0	00054803	lbu	x16,0(x10)	 x10:0x00101930 x16=0x00000020 PA:0x00101930 store:0x00000000
          11430	      5711	001000a4	06080663	beq	x16,x0,100110	 x16:0x00000020  x0:0x00000000
          11432	      5712	001000a8	000207b7	lui	x15,0x20	 x15=0x00020000
          11436	      5714	001000ac	0107a023	sw	x16,0(x15)	 x15:0x00020000 x16:0x00000020 PA:0x00020000 store:0x00000020 load:0x00000000
          11440	      5716	001000b0	00154703	lbu	x14,1(x10)	 x10:0x00101930 x14=0x00000072 PA:0x00101931 store:0x00101264
          11442	      5717	001000b4	04070e63	beq	x14,x0,100110	 x14:0x00000072  x0:0x00000000
          11446	      5719	001000b8	00e7a023	sw	x14,0(x15)	 x15:0x00020000 x14:0x00000072 PA:0x00020000 store:0x00000072 load:0x00000000
          11450	      5721	001000bc	00254283	lbu	x5,2(x10)	 x10:0x00101930  x5=0x00000065 PA:0x00101932 store:0x00137fa0
          11452	      5722	001000c0	04028863	beq	x5,x0,100110	  x5:0x00000065  x0:0x00000000
          11456	      5724	001000c4	0057a023	sw	x5,0(x15)	 x15:0x00020000  x5:0x00000065 PA:0x00020000 store:0x00000065 load:0x00000000
          11460	      5726	001000c8	00354303	lbu	x6,3(x10)	 x10:0x00101930  x6=0x00000073 PA:0x00101933 store:0x00000000
          11462	      5727	001000cc	04030263	beq	x6,x0,100110	  x6:0x00000073  x0:0x00000000
          11466	      5729	001000d0	0067a023	sw	x6,0(x15)	 x15:0x00020000  x6:0x00000073 PA:0x00020000 store:0x00000073 load:0x00000000
          11470	      5731	001000d4	00454383	lbu	x7,4(x10)	 x10:0x00101930  x7=0x00000075 PA:0x00101934 store:0x00000000
          11472	      5732	001000d8	02038c63	beq	x7,x0,100110	  x7:0x00000075  x0:0x00000000
          11476	      5734	001000dc	0077a023	sw	x7,0(x15)	 x15:0x00020000  x7:0x00000075 PA:0x00020000 store:0x00000075 load:0x00000000
          11480	      5736	001000e0	00554583	lbu	x11,5(x10)	 x10:0x00101930 x11=0x0000006c PA:0x00101935 store:0x00000065
          11482	      5737	001000e4	02058663	beq	x11,x0,100110	 x11:0x0000006c  x0:0x00000000
          11486	      5739	001000e8	00b7a023	sw	x11,0(x15)	 x15:0x00020000 x11:0x0000006c PA:0x00020000 store:0x0000006c load:0x00000000
          11490	      5741	001000ec	00654603	lbu	x12,6(x10)	 x10:0x00101930 x12=0x00000074 PA:0x00101936 store:0x00000073
          11492	      5742	001000f0	02060063	beq	x12,x0,100110	 x12:0x00000074  x0:0x00000000
          11496	      5744	001000f4	00c7a023	sw	x12,0(x15)	 x15:0x00020000 x12:0x00000074 PA:0x00020000 store:0x00000074 load:0x00000000
          11500	      5746	001000f8	00754683	lbu	x13,7(x10)	 x10:0x00101930 x13=0x0000003a PA:0x00101937 store:0x00000075
          11502	      5747	001000fc	00850513	addi	x10,x10,8	 x10:0x00101930 x10=0x00101938
          11504	      5748	00100100	00068863	beq	x13,x0,100110	 x13:0x0000003a  x0:0x00000000
          11508	      5750	00100104	00d7a023	sw	x13,0(x15)	 x15:0x00020000 x13:0x0000003a PA:0x00020000 store:0x0000003a load:0x00000000
          11512	      5752	00100108	00054803	lbu	x16,0(x10)	 x10:0x00101938 x16=0x00000020 PA:0x00101938 store:0x00000000
          11516	      5754	0010010c	fa0810e3	bne	x16,x0,1000ac	 x16:0x00000020  x0:0x00000000
          11522	      5757	001000ac	0107a023	sw	x16,0(x15)	 x15:0x00020000 x16:0x00000020 PA:0x00020000 store:0x00000020 load:0x00000000
          11526	      5759	001000b0	00154703	lbu	x14,1(x10)	 x10:0x00101938 x14=0x00000000 PA:0x00101939 store:0x00101264
          11530	      5761	001000b4	04070e63	beq	x14,x0,100110	 x14:0x00000000  x0:0x00000000
          11534	      5763	00100110	00000513	addi	x10,x0,0	  x0:0x00000000 x10=0x00000000
          11538	      5765	00100114	00008067	jalr	x0,0(x1)	  x1:0x00101264  x0=0x00000000
          11542	      5767	00101264	bf0a2503	lw	x10,-1040(x20)	 x20:0x00102000 x10=0x3f800c55 PA:0x00101bf0 store:0x00000020
          11544	      5768	00101268	002a8d93	addi	x27,x21,2	 x21:0x0000000c x27=0x0000000e
          11548	      5770	0010126c	eb5fe0ef	jal	x1,100120	  x1=0x00101270
          11550	      5771	00100120	01c55793	srli	x15,x10,0x1c	 x10:0x3f800c55 x15=0x00000003
          11552	      5772	00100124	00900713	addi	x14,x0,9	  x0:0x00000000 x14=0x00000009
          11556	      5774	00100128	0cf77a63	bgeu	x14,x15,1001fc	 x14:0x00000009 x15:0x00000003
          11560	      5776	001001fc	03078393	addi	x7,x15,48	 x15:0x00000003  x7=0x00000033
          11562	      5777	00100200	000205b7	lui	x11,0x20	 x11=0x00020000
          11564	      5778	00100204	00451613	slli	x12,x10,0x4	 x10:0x3f800c55 x12=0xf800c550
          11568	      5780	00100208	0075a023	sw	x7,0(x11)	 x11:0x00020000  x7:0x00000033 PA:0x00020000 store:0x00000033 load:0x00000000
          11570	      5781	0010020c	01c65693	srli	x13,x12,0x1c	 x12:0xf800c550 x13=0x0000000f
          11572	      5782	00100210	00900813	addi	x16,x0,9	  x0:0x00000000 x16=0x00000009
          11576	      5784	00100214	f2d86ae3	bltu	x16,x13,100148	 x16:0x00000009 x13:0x0000000f
          11580	      5786	00100148	03768893	addi	x17,x13,55	 x13:0x0000000f x17=0x00000046
          11582	      5787	0010014c	00020e37	lui	x28,0x20	 x28=0x00020000
          11584	      5788	00100150	00851f93	slli	x31,x10,0x8	 x10:0x3f800c55 x31=0x800c5500
          11588	      5790	00100154	011e2023	sw	x17,0(x28)	 x28:0x00020000 x17:0x00000046 PA:0x00020000 store:0x00000046 load:0x00000000
          11590	      5791	00100158	01cfd793	srli	x15,x31,0x1c	 x31:0x800c5500 x15=0x00000008
          11592	      5792	0010015c	00900713	addi	x14,x0,9	  x0:0x00000000 x14=0x00000009
          11596	      5794	00100160	0cf77a63	bgeu	x14,x15,100234	 x14:0x00000009 x15:0x00000008
          11600	      5796	00100234	03078393	addi	x7,x15,48	 x15:0x00000008  x7=0x00000038
          11602	      5797	00100238	000205b7	lui	x11,0x20	 x11=0x00020000
          11604	      5798	0010023c	00c51613	slli	x12,x10,0xc	 x10:0x3f800c55 x12=0x00c55000
          11608	      5800	00100240	0075a023	sw	x7,0(x11)	 x11:0x00020000  x7:0x00000038 PA:0x00020000 store:0x00000038 load:0x00000000
          11610	      5801	00100244	01c65693	srli	x13,x12,0x1c	 x12:0x00c55000 x13=0x00000000
          11612	      5802	00100248	00900813	addi	x16,x0,9	  x0:0x00000000 x16=0x00000009
          11614	      5803	0010024c	f2d86ae3	bltu	x16,x13,100180	 x16:0x00000009 x13:0x00000000
          11616	      5804	00100250	03068e93	addi	x29,x13,48	 x13:0x00000000 x29=0x00000030
          11618	      5805	00100254	00020f37	lui	x30,0x20	 x30=0x00020000
          11620	      5806	00100258	01051f93	slli	x31,x10,0x10	 x10:0x3f800c55 x31=0x0c550000
          11624	      5808	0010025c	01df2023	sw	x29,0(x30)	 x30:0x00020000 x29:0x00000030 PA:0x00020000 store:0x00000030 load:0x00000000
          11626	      5809	00100260	01cfd793	srli	x15,x31,0x1c	 x31:0x0c550000 x15=0x00000000
          11628	      5810	00100264	00900713	addi	x14,x0,9	  x0:0x00000000 x14=0x00000009
          11630	      5811	00100268	f2f76ae3	bltu	x14,x15,10019c	 x14:0x00000009 x15:0x00000000
          11632	      5812	0010026c	03078393	addi	x7,x15,48	 x15:0x00000000  x7=0x00000030
          11634	      5813	00100270	000205b7	lui	x11,0x20	 x11=0x00020000
          11636	      5814	00100274	01451613	slli	x12,x10,0x14	 x10:0x3f800c55 x12=0xc5500000
          11640	      5816	00100278	0075a023	sw	x7,0(x11)	 x11:0x00020000  x7:0x00000030 PA:0x00020000 store:0x00000030 load:0x00000000
          11642	      5817	0010027c	01c65693	srli	x13,x12,0x1c	 x12:0xc5500000 x13=0x0000000c
          11644	      5818	00100280	00900813	addi	x16,x0,9	  x0:0x00000000 x16=0x00000009
          11648	      5820	00100284	f2d86ae3	bltu	x16,x13,1001b8	 x16:0x00000009 x13:0x0000000c
          11652	      5822	001001b8	03768893	addi	x17,x13,55	 x13:0x0000000c x17=0x00000043
          11654	      5823	001001bc	00020e37	lui	x28,0x20	 x28=0x00020000
          11656	      5824	001001c0	01851f93	slli	x31,x10,0x18	 x10:0x3f800c55 x31=0x55000000
          11660	      5826	001001c4	011e2023	sw	x17,0(x28)	 x28:0x00020000 x17:0x00000043 PA:0x00020000 store:0x00000043 load:0x00000000
          11662	      5827	001001c8	01cfd793	srli	x15,x31,0x1c	 x31:0x55000000 x15=0x00000005
          11664	      5828	001001cc	00900713	addi	x14,x0,9	  x0:0x00000000 x14=0x00000009
          11668	      5830	001001d0	0cf77a63	bgeu	x14,x15,1002a4	 x14:0x00000009 x15:0x00000005
          11672	      5832	001002a4	03078393	addi	x7,x15,48	 x15:0x00000005  x7=0x00000035
          11674	      5833	001002a8	000205b7	lui	x11,0x20	 x11=0x00020000
          11678	      5835	001002ac	0075a023	sw	x7,0(x11)	 x11:0x00020000  x7:0x00000035 PA:0x00020000 store:0x00000035 load:0x00000000
          11680	      5836	001002b0	00f57513	andi	x10,x10,15	 x10:0x3f800c55 x10=0x00000005
          11682	      5837	001002b4	00900613	addi	x12,x0,9	  x0:0x00000000 x12=0x00000009
          11686	      5839	001002b8	f2a67ae3	bgeu	x12,x10,1001ec	 x12:0x00000009 x10:0x00000005
          11690	      5841	001001ec	03050893	addi	x17,x10,48	 x10:0x00000005 x17=0x00000035
          11692	      5842	001001f0	00020e37	lui	x28,0x20	 x28=0x00020000
          11696	      5844	001001f4	011e2023	sw	x17,0(x28)	 x28:0x00020000 x17:0x00000035 PA:0x00020000 store:0x00000035 load:0x00000000
          11706	      5849	001001f8	00008067	jalr	x0,0(x1)	  x1:0x00101270  x0=0x00000000
          11708	      5850	00101270	c009af87	flw	f31,-1024(x19)	 f19:0x00102000 f31=0x00000000 PA:0x00101c00 store:0x3f8062ca
          11728	      5860	00101274	580ff053	fsqrt.s	f0,f31	 f31:0x55000000  f0=0x00000000
          11730	      5861	00101278	c009a027	fsw	f0,-1024(x19)	 f19:0x00102000  f0:0x00000000 PA:0x00101c00 store:0x3f80062a load:0x3f800c55
          11732	      5862	0010127c	c009a087	flw	f1,-1024(x19)	 f19:0x00102000  f1=0x00000000 PA:0x00101c00 store:0x3f80062a
          11736	      5864	00101280	928c8513	addi	x10,x25,-1752	 x25:0x00102000 x10=0x00101928
          11738	      5865	00101284	e0008ed3	fmv.x.w	x29,f1	  f1:0x00101270 x29=0x3f80062a
          11740	      5866	00101288	bfda2823	sw	x29,-1040(x20)	 x20:0x00102000 x29:0x3f80062a PA:0x00101bf0 store:0x3f80062a load:0x3f80062a
          11742	      5867	0010128c	e15fe0ef	jal	x1,1000a0	  x1=0x00101290
          11746	      5869	001000a0	00054803	lbu	x16,0(x10)	 x10:0x00101928 x16=0x0000000a PA:0x00101928 store:0x00000000
          11748	      5870	001000a4	06080663	beq	x16,x0,100110	 x16:0x0000000a  x0:0x00000000
          11750	      5871	001000a8	000207b7	lui	x15,0x20	 x15=0x00020000
          11754	      5873	001000ac	0107a023	sw	x16,0(x15)	 x15:0x00020000 x16:0x0000000a PA:0x00020000 store:0x0000000a load:0x00000000
          11758	      5875	001000b0	00154703	lbu	x14,1(x10)	 x10:0x00101928 x14=0x00000020 PA:0x00101929 store:0x00101290
          11760	      5876	001000b4	04070e63	beq	x14,x0,100110	 x14:0x00000020  x0:0x00000000
          11764	      5878	001000b8	00e7a023	sw	x14,0(x15)	 x15:0x00020000 x14:0x00000020 PA:0x00020000 store:0x00000020 load:0x00000000
          11768	      5880	001000bc	00254283	lbu	x5,2(x10)	 x10:0x00101928  x5=0x00000069 PA:0x0010192a store:0x00137fa0
          11770	      5881	001000c0	04028863	beq	x5,x0,100110	  x5:0x00000069  x0:0x00000000
          11774	      5883	001000c4	0057a023	sw	x5,0(x15)	 x15:0x00020000  x5:0x00000069 PA:0x00020000 store:0x00000069 load:0x00000000
          11778	      5885	001000c8	00354303	lbu	x6,3(x10)	 x10:0x00101928  x6=0x0000003d PA:0x0010192b store:0x00000000
          11780	      5886	001000cc	04030263	beq	x6,x0,100110	  x6:0x0000003d  x0:0x00000000
          11784	      5888	001000d0	0067a023	sw	x6,0(x15)	 x15:0x00020000  x6:0x0000003d PA:0x00020000 store:0x0000003d load:0x00000000
          11788	      5890	001000d4	00454383	lbu	x7,4(x10)	 x10:0x00101928  x7=0x00000000 PA:0x0010192c store:0x00000000
          11792	      5892	001000d8	02038c63	beq	x7,x0,100110	  x7:0x00000000  x0:0x00000000
          11796	      5894	00100110	00000513	addi	x10,x0,0	  x0:0x00000000 x10=0x00000000
          11800	      5896	00100114	00008067	jalr	x0,0(x1)	  x1:0x00101290  x0=0x00000000
          11802	      5897	00101290	000d8513	addi	x10,x27,0	 x27:0x0000000e x10=0x0000000e
          11806	      5899	00101294	e8dfe0ef	jal	x1,100120	  x1=0x00101298
          11808	      5900	00100120	01c55793	srli	x15,x10,0x1c	 x10:0x0000000e x15=0x00000000
          11810	      5901	00100124	00900713	addi	x14,x0,9	  x0:0x00000000 x14=0x00000009
          11814	      5903	00100128	0cf77a63	bgeu	x14,x15,1001fc	 x14:0x00000009 x15:0x00000000
          11818	      5905	001001fc	03078393	addi	x7,x15,48	 x15:0x00000000  x7=0x00000030
          11820	      5906	00100200	000205b7	lui	x11,0x20	 x11=0x00020000
          11822	      5907	00100204	00451613	slli	x12,x10,0x4	 x10:0x0000000e x12=0x000000e0
          11826	      5909	00100208	0075a023	sw	x7,0(x11)	 x11:0x00020000  x7:0x00000030 PA:0x00020000 store:0x00000030 load:0x00000000
          11828	      5910	0010020c	01c65693	srli	x13,x12,0x1c	 x12:0x000000e0 x13=0x00000000
          11830	      5911	00100210	00900813	addi	x16,x0,9	  x0:0x00000000 x16=0x00000009
          11832	      5912	00100214	f2d86ae3	bltu	x16,x13,100148	 x16:0x00000009 x13:0x00000000
          11834	      5913	00100218	03068e93	addi	x29,x13,48	 x13:0x00000000 x29=0x00000030
          11836	      5914	0010021c	00020f37	lui	x30,0x20	 x30=0x00020000
          11838	      5915	00100220	00851f93	slli	x31,x10,0x8	 x10:0x0000000e x31=0x00000e00
          11842	      5917	00100224	01df2023	sw	x29,0(x30)	 x30:0x00020000 x29:0x00000030 PA:0x00020000 store:0x00000030 load:0x00000000
          11844	      5918	00100228	01cfd793	srli	x15,x31,0x1c	 x31:0x00000e00 x15=0x00000000
          11846	      5919	0010022c	00900713	addi	x14,x0,9	  x0:0x00000000 x14=0x00000009
          11848	      5920	00100230	f2f76ae3	bltu	x14,x15,100164	 x14:0x00000009 x15:0x00000000
          11850	      5921	00100234	03078393	addi	x7,x15,48	 x15:0x00000000  x7=0x00000030
          11852	      5922	00100238	000205b7	lui	x11,0x20	 x11=0x00020000
          11854	      5923	0010023c	00c51613	slli	x12,x10,0xc	 x10:0x0000000e x12=0x0000e000
          11858	      5925	00100240	0075a023	sw	x7,0(x11)	 x11:0x00020000  x7:0x00000030 PA:0x00020000 store:0x00000030 load:0x00000000
          11860	      5926	00100244	01c65693	srli	x13,x12,0x1c	 x12:0x0000e000 x13=0x00000000
          11862	      5927	00100248	00900813	addi	x16,x0,9	  x0:0x00000000 x16=0x00000009
          11864	      5928	0010024c	f2d86ae3	bltu	x16,x13,100180	 x16:0x00000009 x13:0x00000000
          11866	      5929	00100250	03068e93	addi	x29,x13,48	 x13:0x00000000 x29=0x00000030
          11868	      5930	00100254	00020f37	lui	x30,0x20	 x30=0x00020000
          11870	      5931	00100258	01051f93	slli	x31,x10,0x10	 x10:0x0000000e x31=0x000e0000
          11874	      5933	0010025c	01df2023	sw	x29,0(x30)	 x30:0x00020000 x29:0x00000030 PA:0x00020000 store:0x00000030 load:0x00000000
          11876	      5934	00100260	01cfd793	srli	x15,x31,0x1c	 x31:0x000e0000 x15=0x00000000
          11878	      5935	00100264	00900713	addi	x14,x0,9	  x0:0x00000000 x14=0x00000009
          11880	      5936	00100268	f2f76ae3	bltu	x14,x15,10019c	 x14:0x00000009 x15:0x00000000
          11882	      5937	0010026c	03078393	addi	x7,x15,48	 x15:0x00000000  x7=0x00000030
          11884	      5938	00100270	000205b7	lui	x11,0x20	 x11=0x00020000
          11886	      5939	00100274	01451613	slli	x12,x10,0x14	 x10:0x0000000e x12=0x00e00000
          11890	      5941	00100278	0075a023	sw	x7,0(x11)	 x11:0x00020000  x7:0x00000030 PA:0x00020000 store:0x00000030 load:0x00000000
          11892	      5942	0010027c	01c65693	srli	x13,x12,0x1c	 x12:0x00e00000 x13=0x00000000
          11894	      5943	00100280	00900813	addi	x16,x0,9	  x0:0x00000000 x16=0x00000009
          11896	      5944	00100284	f2d86ae3	bltu	x16,x13,1001b8	 x16:0x00000009 x13:0x00000000
          11898	      5945	00100288	03068e93	addi	x29,x13,48	 x13:0x00000000 x29=0x00000030
          11900	      5946	0010028c	00020f37	lui	x30,0x20	 x30=0x00020000
          11902	      5947	00100290	01851f93	slli	x31,x10,0x18	 x10:0x0000000e x31=0x0e000000
          11906	      5949	00100294	01df2023	sw	x29,0(x30)	 x30:0x00020000 x29:0x00000030 PA:0x00020000 store:0x00000030 load:0x00000000
          11908	      5950	00100298	01cfd793	srli	x15,x31,0x1c	 x31:0x0e000000 x15=0x00000000
          11910	      5951	0010029c	00900713	addi	x14,x0,9	  x0:0x00000000 x14=0x00000009
          11912	      5952	001002a0	f2f76ae3	bltu	x14,x15,1001d4	 x14:0x00000009 x15:0x00000000
          11914	      5953	001002a4	03078393	addi	x7,x15,48	 x15:0x00000000  x7=0x00000030
          11916	      5954	001002a8	000205b7	lui	x11,0x20	 x11=0x00020000
          11920	      5956	001002ac	0075a023	sw	x7,0(x11)	 x11:0x00020000  x7:0x00000030 PA:0x00020000 store:0x00000030 load:0x00000000
          11922	      5957	001002b0	00f57513	andi	x10,x10,15	 x10:0x0000000e x10=0x0000000e
          11924	      5958	001002b4	00900613	addi	x12,x0,9	  x0:0x00000000 x12=0x00000009
          11926	      5959	001002b8	f2a67ae3	bgeu	x12,x10,1001ec	 x12:0x00000009 x10:0x0000000e
          11928	      5960	001002bc	03750693	addi	x13,x10,55	 x10:0x0000000e x13=0x00000045
          11930	      5961	001002c0	00020837	lui	x16,0x20	 x16=0x00020000
          11934	      5963	001002c4	00d82023	sw	x13,0(x16)	 x16:0x00020000 x13:0x00000045 PA:0x00020000 store:0x00000045 load:0x00000000
          11938	      5965	001002c8	00008067	jalr	x0,0(x1)	  x1:0x00101298  x0=0x00000000
          11940	      5966	00101298	930c0513	addi	x10,x24,-1744	 x24:0x00102000 x10=0x00101930
          11944	      5968	0010129c	e05fe0ef	jal	x1,1000a0	  x1=0x001012a0
          11948	      5970	001000a0	00054803	lbu	x16,0(x10)	 x10:0x00101930 x16=0x00000020 PA:0x00101930 store:0x00000000
          11950	      5971	001000a4	06080663	beq	x16,x0,100110	 x16:0x00000020  x0:0x00000000
          11952	      5972	001000a8	000207b7	lui	x15,0x20	 x15=0x00020000
          11956	      5974	001000ac	0107a023	sw	x16,0(x15)	 x15:0x00020000 x16:0x00000020 PA:0x00020000 store:0x00000020 load:0x00000000
          11960	      5976	001000b0	00154703	lbu	x14,1(x10)	 x10:0x00101930 x14=0x00000072 PA:0x00101931 store:0x001012a0
          11962	      5977	001000b4	04070e63	beq	x14,x0,100110	 x14:0x00000072  x0:0x00000000
          11966	      5979	001000b8	00e7a023	sw	x14,0(x15)	 x15:0x00020000 x14:0x00000072 PA:0x00020000 store:0x00000072 load:0x00000000
          11970	      5981	001000bc	00254283	lbu	x5,2(x10)	 x10:0x00101930  x5=0x00000065 PA:0x00101932 store:0x00137fa0
          11972	      5982	001000c0	04028863	beq	x5,x0,100110	  x5:0x00000065  x0:0x00000000
          11976	      5984	001000c4	0057a023	sw	x5,0(x15)	 x15:0x00020000  x5:0x00000065 PA:0x00020000 store:0x00000065 load:0x00000000
          11980	      5986	001000c8	00354303	lbu	x6,3(x10)	 x10:0x00101930  x6=0x00000073 PA:0x00101933 store:0x00000000
          11982	      5987	001000cc	04030263	beq	x6,x0,100110	  x6:0x00000073  x0:0x00000000
          11986	      5989	001000d0	0067a023	sw	x6,0(x15)	 x15:0x00020000  x6:0x00000073 PA:0x00020000 store:0x00000073 load:0x00000000
          11990	      5991	001000d4	00454383	lbu	x7,4(x10)	 x10:0x00101930  x7=0x00000075 PA:0x00101934 store:0x00000000
          11992	      5992	001000d8	02038c63	beq	x7,x0,100110	  x7:0x00000075  x0:0x00000000
          11996	      5994	001000dc	0077a023	sw	x7,0(x15)	 x15:0x00020000  x7:0x00000075 PA:0x00020000 store:0x00000075 load:0x00000000
          12000	      5996	001000e0	00554583	lbu	x11,5(x10)	 x10:0x00101930 x11=0x0000006c PA:0x00101935 store:0x00000065
          12002	      5997	001000e4	02058663	beq	x11,x0,100110	 x11:0x0000006c  x0:0x00000000
          12006	      5999	001000e8	00b7a023	sw	x11,0(x15)	 x15:0x00020000 x11:0x0000006c PA:0x00020000 store:0x0000006c load:0x00000000
          12010	      6001	001000ec	00654603	lbu	x12,6(x10)	 x10:0x00101930 x12=0x00000074 PA:0x00101936 store:0x00000073
          12012	      6002	001000f0	02060063	beq	x12,x0,100110	 x12:0x00000074  x0:0x00000000
          12016	      6004	001000f4	00c7a023	sw	x12,0(x15)	 x15:0x00020000 x12:0x00000074 PA:0x00020000 store:0x00000074 load:0x00000000
          12020	      6006	001000f8	00754683	lbu	x13,7(x10)	 x10:0x00101930 x13=0x0000003a PA:0x00101937 store:0x00000075
          12022	      6007	001000fc	00850513	addi	x10,x10,8	 x10:0x00101930 x10=0x00101938
          12024	      6008	00100100	00068863	beq	x13,x0,100110	 x13:0x0000003a  x0:0x00000000
          12028	      6010	00100104	00d7a023	sw	x13,0(x15)	 x15:0x00020000 x13:0x0000003a PA:0x00020000 store:0x0000003a load:0x00000000
          12032	      6012	00100108	00054803	lbu	x16,0(x10)	 x10:0x00101938 x16=0x00000020 PA:0x00101938 store:0x00000000
          12036	      6014	0010010c	fa0810e3	bne	x16,x0,1000ac	 x16:0x00000020  x0:0x00000000
          12042	      6017	001000ac	0107a023	sw	x16,0(x15)	 x15:0x00020000 x16:0x00000020 PA:0x00020000 store:0x00000020 load:0x00000000
          12046	      6019	001000b0	00154703	lbu	x14,1(x10)	 x10:0x00101938 x14=0x00000000 PA:0x00101939 store:0x001012a0
          12050	      6021	001000b4	04070e63	beq	x14,x0,100110	 x14:0x00000000  x0:0x00000000
          12054	      6023	00100110	00000513	addi	x10,x0,0	  x0:0x00000000 x10=0x00000000
          12058	      6025	00100114	00008067	jalr	x0,0(x1)	  x1:0x001012a0  x0=0x00000000
          12062	      6027	001012a0	bf0a2503	lw	x10,-1040(x20)	 x20:0x00102000 x10=0x3f80062a PA:0x00101bf0 store:0x00000020
          12064	      6028	001012a4	003a8d93	addi	x27,x21,3	 x21:0x0000000c x27=0x0000000f
          12066	      6029	001012a8	004a8a93	addi	x21,x21,4	 x21:0x0000000c x21=0x00000010
          12070	      6031	001012ac	e75fe0ef	jal	x1,100120	  x1=0x001012b0
          12072	      6032	00100120	01c55793	srli	x15,x10,0x1c	 x10:0x3f80062a x15=0x00000003
          12074	      6033	00100124	00900713	addi	x14,x0,9	  x0:0x00000000 x14=0x00000009
          12078	      6035	00100128	0cf77a63	bgeu	x14,x15,1001fc	 x14:0x00000009 x15:0x00000003
          12082	      6037	001001fc	03078393	addi	x7,x15,48	 x15:0x00000003  x7=0x00000033
          12084	      6038	00100200	000205b7	lui	x11,0x20	 x11=0x00020000
          12086	      6039	00100204	00451613	slli	x12,x10,0x4	 x10:0x3f80062a x12=0xf80062a0
          12090	      6041	00100208	0075a023	sw	x7,0(x11)	 x11:0x00020000  x7:0x00000033 PA:0x00020000 store:0x00000033 load:0x00000000
          12092	      6042	0010020c	01c65693	srli	x13,x12,0x1c	 x12:0xf80062a0 x13=0x0000000f
          12094	      6043	00100210	00900813	addi	x16,x0,9	  x0:0x00000000 x16=0x00000009
          12098	      6045	00100214	f2d86ae3	bltu	x16,x13,100148	 x16:0x00000009 x13:0x0000000f
          12102	      6047	00100148	03768893	addi	x17,x13,55	 x13:0x0000000f x17=0x00000046
          12104	      6048	0010014c	00020e37	lui	x28,0x20	 x28=0x00020000
          12106	      6049	00100150	00851f93	slli	x31,x10,0x8	 x10:0x3f80062a x31=0x80062a00
          12110	      6051	00100154	011e2023	sw	x17,0(x28)	 x28:0x00020000 x17:0x00000046 PA:0x00020000 store:0x00000046 load:0x00000000
          12112	      6052	00100158	01cfd793	srli	x15,x31,0x1c	 x31:0x80062a00 x15=0x00000008
          12114	      6053	0010015c	00900713	addi	x14,x0,9	  x0:0x00000000 x14=0x00000009
          12118	      6055	00100160	0cf77a63	bgeu	x14,x15,100234	 x14:0x00000009 x15:0x00000008
          12122	      6057	00100234	03078393	addi	x7,x15,48	 x15:0x00000008  x7=0x00000038
          12124	      6058	00100238	000205b7	lui	x11,0x20	 x11=0x00020000
          12126	      6059	0010023c	00c51613	slli	x12,x10,0xc	 x10:0x3f80062a x12=0x0062a000
          12130	      6061	00100240	0075a023	sw	x7,0(x11)	 x11:0x00020000  x7:0x00000038 PA:0x00020000 store:0x00000038 load:0x00000000
          12132	      6062	00100244	01c65693	srli	x13,x12,0x1c	 x12:0x0062a000 x13=0x00000000
          12134	      6063	00100248	00900813	addi	x16,x0,9	  x0:0x00000000 x16=0x00000009
          12136	      6064	0010024c	f2d86ae3	bltu	x16,x13,100180	 x16:0x00000009 x13:0x00000000
          12138	      6065	00100250	03068e93	addi	x29,x13,48	 x13:0x00000000 x29=0x00000030
          12140	      6066	00100254	00020f37	lui	x30,0x20	 x30=0x00020000
          12142	      6067	00100258	01051f93	slli	x31,x10,0x10	 x10:0x3f80062a x31=0x062a0000
          12146	      6069	0010025c	01df2023	sw	x29,0(x30)	 x30:0x00020000 x29:0x00000030 PA:0x00020000 store:0x00000030 load:0x00000000
          12148	      6070	00100260	01cfd793	srli	x15,x31,0x1c	 x31:0x062a0000 x15=0x00000000
          12150	      6071	00100264	00900713	addi	x14,x0,9	  x0:0x00000000 x14=0x00000009
          12152	      6072	00100268	f2f76ae3	bltu	x14,x15,10019c	 x14:0x00000009 x15:0x00000000
          12154	      6073	0010026c	03078393	addi	x7,x15,48	 x15:0x00000000  x7=0x00000030
          12156	      6074	00100270	000205b7	lui	x11,0x20	 x11=0x00020000
          12158	      6075	00100274	01451613	slli	x12,x10,0x14	 x10:0x3f80062a x12=0x62a00000
          12162	      6077	00100278	0075a023	sw	x7,0(x11)	 x11:0x00020000  x7:0x00000030 PA:0x00020000 store:0x00000030 load:0x00000000
          12164	      6078	0010027c	01c65693	srli	x13,x12,0x1c	 x12:0x62a00000 x13=0x00000006
          12166	      6079	00100280	00900813	addi	x16,x0,9	  x0:0x00000000 x16=0x00000009
          12168	      6080	00100284	f2d86ae3	bltu	x16,x13,1001b8	 x16:0x00000009 x13:0x00000006
          12170	      6081	00100288	03068e93	addi	x29,x13,48	 x13:0x00000006 x29=0x00000036
          12172	      6082	0010028c	00020f37	lui	x30,0x20	 x30=0x00020000
          12174	      6083	00100290	01851f93	slli	x31,x10,0x18	 x10:0x3f80062a x31=0x2a000000
          12178	      6085	00100294	01df2023	sw	x29,0(x30)	 x30:0x00020000 x29:0x00000036 PA:0x00020000 store:0x00000036 load:0x00000000
          12180	      6086	00100298	01cfd793	srli	x15,x31,0x1c	 x31:0x2a000000 x15=0x00000002
          12182	      6087	0010029c	00900713	addi	x14,x0,9	  x0:0x00000000 x14=0x00000009
          12184	      6088	001002a0	f2f76ae3	bltu	x14,x15,1001d4	 x14:0x00000009 x15:0x00000002
          12186	      6089	001002a4	03078393	addi	x7,x15,48	 x15:0x00000002  x7=0x00000032
          12188	      6090	001002a8	000205b7	lui	x11,0x20	 x11=0x00020000
          12192	      6092	001002ac	0075a023	sw	x7,0(x11)	 x11:0x00020000  x7:0x00000032 PA:0x00020000 store:0x00000032 load:0x00000000
          12194	      6093	001002b0	00f57513	andi	x10,x10,15	 x10:0x3f80062a x10=0x0000000a
          12196	      6094	001002b4	00900613	addi	x12,x0,9	  x0:0x00000000 x12=0x00000009
          12198	      6095	001002b8	f2a67ae3	bgeu	x12,x10,1001ec	 x12:0x00000009 x10:0x0000000a
          12200	      6096	001002bc	03750693	addi	x13,x10,55	 x10:0x0000000a x13=0x00000041
          12202	      6097	001002c0	00020837	lui	x16,0x20	 x16=0x00020000
          12206	      6099	001002c4	00d82023	sw	x13,0(x16)	 x16:0x00020000 x13:0x00000041 PA:0x00020000 store:0x00000041 load:0x00000000
          12216	      6104	001002c8	00008067	jalr	x0,0(x1)	  x1:0x001012b0  x0=0x00000000
          12218	      6105	001012b0	c009a107	flw	f2,-1024(x19)	 f19:0x00102000  f2=0x00000000 PA:0x00101c00 store:0x3f80062a
          12238	      6115	001012b4	58017753	fsqrt.s	f14,f2	  f2:0x00137fa0 f14=0x00000000
          12240	      6116	001012b8	c0e9a027	fsw	f14,-1024(x19)	 f19:0x00102000 f14:0x00000009 PA:0x00101c00 store:0x3f800315 load:0x3f80062a
          12242	      6117	001012bc	c009a787	flw	f15,-1024(x19)	 f19:0x00102000 f15=0x00000000 PA:0x00101c00 store:0x3f80062a
          12246	      6119	001012c0	928c8513	addi	x10,x25,-1752	 x25:0x00102000 x10=0x00101928
          12248	      6120	001012c4	e0078f53	fmv.x.w	x30,f15	 f15:0x00000002 x30=0x3f800315
          12250	      6121	001012c8	bfea2823	sw	x30,-1040(x20)	 x20:0x00102000 x30:0x3f800315 PA:0x00101bf0 store:0x3f800315 load:0x3f800315
          12252	      6122	001012cc	dd5fe0ef	jal	x1,1000a0	  x1=0x001012d0
          12256	      6124	001000a0	00054803	lbu	x16,0(x10)	 x10:0x00101928 x16=0x0000000a PA:0x00101928 store:0x00000000
          12258	      6125	001000a4	06080663	beq	x16,x0,100110	 x16:0x0000000a  x0:0x00000000
          12260	      6126	001000a8	000207b7	lui	x15,0x20	 x15=0x00020000
          12264	      6128	001000ac	0107a023	sw	x16,0(x15)	 x15:0x00020000 x16:0x0000000a PA:0x00020000 store:0x0000000a load:0x00000000
          12268	      6130	001000b0	00154703	lbu	x14,1(x10)	 x10:0x00101928 x14=0x00000020 PA:0x00101929 store:0x001012d0
          12270	      6131	001000b4	04070e63	beq	x14,x0,100110	 x14:0x00000020  x0:0x00000000
          12274	      6133	001000b8	00e7a023	sw	x14,0(x15)	 x15:0x00020000 x14:0x00000020 PA:0x00020000 store:0x00000020 load:0x00000000
          12278	      6135	001000bc	00254283	lbu	x5,2(x10)	 x10:0x00101928  x5=0x00000069 PA:0x0010192a store:0x00137fa0
          12280	      6136	001000c0	04028863	beq	x5,x0,100110	  x5:0x00000069  x0:0x00000000
          12284	      6138	001000c4	0057a023	sw	x5,0(x15)	 x15:0x00020000  x5:0x00000069 PA:0x00020000 store:0x00000069 load:0x00000000
          12288	      6140	001000c8	00354303	lbu	x6,3(x10)	 x10:0x00101928  x6=0x0000003d PA:0x0010192b store:0x00000000
          12290	      6141	001000cc	04030263	beq	x6,x0,100110	  x6:0x0000003d  x0:0x00000000
          12294	      6143	001000d0	0067a023	sw	x6,0(x15)	 x15:0x00020000  x6:0x0000003d PA:0x00020000 store:0x0000003d load:0x00000000
          12298	      6145	001000d4	00454383	lbu	x7,4(x10)	 x10:0x00101928  x7=0x00000000 PA:0x0010192c store:0x00000000
          12302	      6147	001000d8	02038c63	beq	x7,x0,100110	  x7:0x00000000  x0:0x00000000
          12306	      6149	00100110	00000513	addi	x10,x0,0	  x0:0x00000000 x10=0x00000000
          12310	      6151	00100114	00008067	jalr	x0,0(x1)	  x1:0x001012d0  x0=0x00000000
          12312	      6152	001012d0	000d8513	addi	x10,x27,0	 x27:0x0000000f x10=0x0000000f
          12316	      6154	001012d4	e4dfe0ef	jal	x1,100120	  x1=0x001012d8
          12318	      6155	00100120	01c55793	srli	x15,x10,0x1c	 x10:0x0000000f x15=0x00000000
          12320	      6156	00100124	00900713	addi	x14,x0,9	  x0:0x00000000 x14=0x00000009
          12324	      6158	00100128	0cf77a63	bgeu	x14,x15,1001fc	 x14:0x00000009 x15:0x00000000
          12328	      6160	001001fc	03078393	addi	x7,x15,48	 x15:0x00000000  x7=0x00000030
          12330	      6161	00100200	000205b7	lui	x11,0x20	 x11=0x00020000
          12332	      6162	00100204	00451613	slli	x12,x10,0x4	 x10:0x0000000f x12=0x000000f0
          12336	      6164	00100208	0075a023	sw	x7,0(x11)	 x11:0x00020000  x7:0x00000030 PA:0x00020000 store:0x00000030 load:0x00000000
          12338	      6165	0010020c	01c65693	srli	x13,x12,0x1c	 x12:0x000000f0 x13=0x00000000
          12340	      6166	00100210	00900813	addi	x16,x0,9	  x0:0x00000000 x16=0x00000009
          12342	      6167	00100214	f2d86ae3	bltu	x16,x13,100148	 x16:0x00000009 x13:0x00000000
          12344	      6168	00100218	03068e93	addi	x29,x13,48	 x13:0x00000000 x29=0x00000030
          12346	      6169	0010021c	00020f37	lui	x30,0x20	 x30=0x00020000
          12348	      6170	00100220	00851f93	slli	x31,x10,0x8	 x10:0x0000000f x31=0x00000f00
          12352	      6172	00100224	01df2023	sw	x29,0(x30)	 x30:0x00020000 x29:0x00000030 PA:0x00020000 store:0x00000030 load:0x00000000
          12354	      6173	00100228	01cfd793	srli	x15,x31,0x1c	 x31:0x00000f00 x15=0x00000000
          12356	      6174	0010022c	00900713	addi	x14,x0,9	  x0:0x00000000 x14=0x00000009
          12358	      6175	00100230	f2f76ae3	bltu	x14,x15,100164	 x14:0x00000009 x15:0x00000000
          12360	      6176	00100234	03078393	addi	x7,x15,48	 x15:0x00000000  x7=0x00000030
          12362	      6177	00100238	000205b7	lui	x11,0x20	 x11=0x00020000
          12364	      6178	0010023c	00c51613	slli	x12,x10,0xc	 x10:0x0000000f x12=0x0000f000
          12368	      6180	00100240	0075a023	sw	x7,0(x11)	 x11:0x00020000  x7:0x00000030 PA:0x00020000 store:0x00000030 load:0x00000000
          12370	      6181	00100244	01c65693	srli	x13,x12,0x1c	 x12:0x0000f000 x13=0x00000000
          12372	      6182	00100248	00900813	addi	x16,x0,9	  x0:0x00000000 x16=0x00000009
          12374	      6183	0010024c	f2d86ae3	bltu	x16,x13,100180	 x16:0x00000009 x13:0x00000000
          12376	      6184	00100250	03068e93	addi	x29,x13,48	 x13:0x00000000 x29=0x00000030
          12378	      6185	00100254	00020f37	lui	x30,0x20	 x30=0x00020000
          12380	      6186	00100258	01051f93	slli	x31,x10,0x10	 x10:0x0000000f x31=0x000f0000
          12384	      6188	0010025c	01df2023	sw	x29,0(x30)	 x30:0x00020000 x29:0x00000030 PA:0x00020000 store:0x00000030 load:0x00000000
          12386	      6189	00100260	01cfd793	srli	x15,x31,0x1c	 x31:0x000f0000 x15=0x00000000
          12388	      6190	00100264	00900713	addi	x14,x0,9	  x0:0x00000000 x14=0x00000009
          12390	      6191	00100268	f2f76ae3	bltu	x14,x15,10019c	 x14:0x00000009 x15:0x00000000
          12392	      6192	0010026c	03078393	addi	x7,x15,48	 x15:0x00000000  x7=0x00000030
          12394	      6193	00100270	000205b7	lui	x11,0x20	 x11=0x00020000
          12396	      6194	00100274	01451613	slli	x12,x10,0x14	 x10:0x0000000f x12=0x00f00000
          12400	      6196	00100278	0075a023	sw	x7,0(x11)	 x11:0x00020000  x7:0x00000030 PA:0x00020000 store:0x00000030 load:0x00000000
          12402	      6197	0010027c	01c65693	srli	x13,x12,0x1c	 x12:0x00f00000 x13=0x00000000
          12404	      6198	00100280	00900813	addi	x16,x0,9	  x0:0x00000000 x16=0x00000009
          12406	      6199	00100284	f2d86ae3	bltu	x16,x13,1001b8	 x16:0x00000009 x13:0x00000000
          12408	      6200	00100288	03068e93	addi	x29,x13,48	 x13:0x00000000 x29=0x00000030
          12410	      6201	0010028c	00020f37	lui	x30,0x20	 x30=0x00020000
          12412	      6202	00100290	01851f93	slli	x31,x10,0x18	 x10:0x0000000f x31=0x0f000000
          12416	      6204	00100294	01df2023	sw	x29,0(x30)	 x30:0x00020000 x29:0x00000030 PA:0x00020000 store:0x00000030 load:0x00000000
          12418	      6205	00100298	01cfd793	srli	x15,x31,0x1c	 x31:0x0f000000 x15=0x00000000
          12420	      6206	0010029c	00900713	addi	x14,x0,9	  x0:0x00000000 x14=0x00000009
          12422	      6207	001002a0	f2f76ae3	bltu	x14,x15,1001d4	 x14:0x00000009 x15:0x00000000
          12424	      6208	001002a4	03078393	addi	x7,x15,48	 x15:0x00000000  x7=0x00000030
          12426	      6209	001002a8	000205b7	lui	x11,0x20	 x11=0x00020000
          12430	      6211	001002ac	0075a023	sw	x7,0(x11)	 x11:0x00020000  x7:0x00000030 PA:0x00020000 store:0x00000030 load:0x00000000
          12432	      6212	001002b0	00f57513	andi	x10,x10,15	 x10:0x0000000f x10=0x0000000f
          12434	      6213	001002b4	00900613	addi	x12,x0,9	  x0:0x00000000 x12=0x00000009
          12436	      6214	001002b8	f2a67ae3	bgeu	x12,x10,1001ec	 x12:0x00000009 x10:0x0000000f
          12438	      6215	001002bc	03750693	addi	x13,x10,55	 x10:0x0000000f x13=0x00000046
          12440	      6216	001002c0	00020837	lui	x16,0x20	 x16=0x00020000
          12444	      6218	001002c4	00d82023	sw	x13,0(x16)	 x16:0x00020000 x13:0x00000046 PA:0x00020000 store:0x00000046 load:0x00000000
          12448	      6220	001002c8	00008067	jalr	x0,0(x1)	  x1:0x001012d8  x0=0x00000000
          12450	      6221	001012d8	930c0513	addi	x10,x24,-1744	 x24:0x00102000 x10=0x00101930
          12454	      6223	001012dc	dc5fe0ef	jal	x1,1000a0	  x1=0x001012e0
          12458	      6225	001000a0	00054803	lbu	x16,0(x10)	 x10:0x00101930 x16=0x00000020 PA:0x00101930 store:0x00000000
          12460	      6226	001000a4	06080663	beq	x16,x0,100110	 x16:0x00000020  x0:0x00000000
          12462	      6227	001000a8	000207b7	lui	x15,0x20	 x15=0x00020000
          12466	      6229	001000ac	0107a023	sw	x16,0(x15)	 x15:0x00020000 x16:0x00000020 PA:0x00020000 store:0x00000020 load:0x00000000
          12470	      6231	001000b0	00154703	lbu	x14,1(x10)	 x10:0x00101930 x14=0x00000072 PA:0x00101931 store:0x001012e0
          12472	      6232	001000b4	04070e63	beq	x14,x0,100110	 x14:0x00000072  x0:0x00000000
          12476	      6234	001000b8	00e7a023	sw	x14,0(x15)	 x15:0x00020000 x14:0x00000072 PA:0x00020000 store:0x00000072 load:0x00000000
          12480	      6236	001000bc	00254283	lbu	x5,2(x10)	 x10:0x00101930  x5=0x00000065 PA:0x00101932 store:0x00137fa0
          12482	      6237	001000c0	04028863	beq	x5,x0,100110	  x5:0x00000065  x0:0x00000000
          12486	      6239	001000c4	0057a023	sw	x5,0(x15)	 x15:0x00020000  x5:0x00000065 PA:0x00020000 store:0x00000065 load:0x00000000
          12490	      6241	001000c8	00354303	lbu	x6,3(x10)	 x10:0x00101930  x6=0x00000073 PA:0x00101933 store:0x00000000
          12492	      6242	001000cc	04030263	beq	x6,x0,100110	  x6:0x00000073  x0:0x00000000
          12496	      6244	001000d0	0067a023	sw	x6,0(x15)	 x15:0x00020000  x6:0x00000073 PA:0x00020000 store:0x00000073 load:0x00000000
          12500	      6246	001000d4	00454383	lbu	x7,4(x10)	 x10:0x00101930  x7=0x00000075 PA:0x00101934 store:0x00000000
          12502	      6247	001000d8	02038c63	beq	x7,x0,100110	  x7:0x00000075  x0:0x00000000
          12506	      6249	001000dc	0077a023	sw	x7,0(x15)	 x15:0x00020000  x7:0x00000075 PA:0x00020000 store:0x00000075 load:0x00000000
          12510	      6251	001000e0	00554583	lbu	x11,5(x10)	 x10:0x00101930 x11=0x0000006c PA:0x00101935 store:0x00000065
          12512	      6252	001000e4	02058663	beq	x11,x0,100110	 x11:0x0000006c  x0:0x00000000
          12516	      6254	001000e8	00b7a023	sw	x11,0(x15)	 x15:0x00020000 x11:0x0000006c PA:0x00020000 store:0x0000006c load:0x00000000
          12520	      6256	001000ec	00654603	lbu	x12,6(x10)	 x10:0x00101930 x12=0x00000074 PA:0x00101936 store:0x00000073
          12522	      6257	001000f0	02060063	beq	x12,x0,100110	 x12:0x00000074  x0:0x00000000
          12526	      6259	001000f4	00c7a023	sw	x12,0(x15)	 x15:0x00020000 x12:0x00000074 PA:0x00020000 store:0x00000074 load:0x00000000
          12530	      6261	001000f8	00754683	lbu	x13,7(x10)	 x10:0x00101930 x13=0x0000003a PA:0x00101937 store:0x00000075
          12532	      6262	001000fc	00850513	addi	x10,x10,8	 x10:0x00101930 x10=0x00101938
          12534	      6263	00100100	00068863	beq	x13,x0,100110	 x13:0x0000003a  x0:0x00000000
          12538	      6265	00100104	00d7a023	sw	x13,0(x15)	 x15:0x00020000 x13:0x0000003a PA:0x00020000 store:0x0000003a load:0x00000000
          12542	      6267	00100108	00054803	lbu	x16,0(x10)	 x10:0x00101938 x16=0x00000020 PA:0x00101938 store:0x00000000
          12546	      6269	0010010c	fa0810e3	bne	x16,x0,1000ac	 x16:0x00000020  x0:0x00000000
          12552	      6272	001000ac	0107a023	sw	x16,0(x15)	 x15:0x00020000 x16:0x00000020 PA:0x00020000 store:0x00000020 load:0x00000000
          12556	      6274	001000b0	00154703	lbu	x14,1(x10)	 x10:0x00101938 x14=0x00000000 PA:0x00101939 store:0x001012e0
          12560	      6276	001000b4	04070e63	beq	x14,x0,100110	 x14:0x00000000  x0:0x00000000
          12564	      6278	00100110	00000513	addi	x10,x0,0	  x0:0x00000000 x10=0x00000000
          12568	      6280	00100114	00008067	jalr	x0,0(x1)	  x1:0x001012e0  x0=0x00000000
          12572	      6282	001012e0	bf0a2503	lw	x10,-1040(x20)	 x20:0x00102000 x10=0x3f800315 PA:0x00101bf0 store:0x00000020
          12576	      6284	001012e4	e3dfe0ef	jal	x1,100120	  x1=0x001012e8
          12578	      6285	00100120	01c55793	srli	x15,x10,0x1c	 x10:0x3f800315 x15=0x00000003
          12580	      6286	00100124	00900713	addi	x14,x0,9	  x0:0x00000000 x14=0x00000009
          12584	      6288	00100128	0cf77a63	bgeu	x14,x15,1001fc	 x14:0x00000009 x15:0x00000003
          12588	      6290	001001fc	03078393	addi	x7,x15,48	 x15:0x00000003  x7=0x00000033
          12590	      6291	00100200	000205b7	lui	x11,0x20	 x11=0x00020000
          12592	      6292	00100204	00451613	slli	x12,x10,0x4	 x10:0x3f800315 x12=0xf8003150
          12596	      6294	00100208	0075a023	sw	x7,0(x11)	 x11:0x00020000  x7:0x00000033 PA:0x00020000 store:0x00000033 load:0x00000000
          12598	      6295	0010020c	01c65693	srli	x13,x12,0x1c	 x12:0xf8003150 x13=0x0000000f
          12600	      6296	00100210	00900813	addi	x16,x0,9	  x0:0x00000000 x16=0x00000009
          12604	      6298	00100214	f2d86ae3	bltu	x16,x13,100148	 x16:0x00000009 x13:0x0000000f
          12608	      6300	00100148	03768893	addi	x17,x13,55	 x13:0x0000000f x17=0x00000046
          12610	      6301	0010014c	00020e37	lui	x28,0x20	 x28=0x00020000
          12612	      6302	00100150	00851f93	slli	x31,x10,0x8	 x10:0x3f800315 x31=0x80031500
          12616	      6304	00100154	011e2023	sw	x17,0(x28)	 x28:0x00020000 x17:0x00000046 PA:0x00020000 store:0x00000046 load:0x00000000
          12618	      6305	00100158	01cfd793	srli	x15,x31,0x1c	 x31:0x80031500 x15=0x00000008
          12620	      6306	0010015c	00900713	addi	x14,x0,9	  x0:0x00000000 x14=0x00000009
          12624	      6308	00100160	0cf77a63	bgeu	x14,x15,100234	 x14:0x00000009 x15:0x00000008
          12628	      6310	00100234	03078393	addi	x7,x15,48	 x15:0x00000008  x7=0x00000038
          12630	      6311	00100238	000205b7	lui	x11,0x20	 x11=0x00020000
          12632	      6312	0010023c	00c51613	slli	x12,x10,0xc	 x10:0x3f800315 x12=0x00315000
          12636	      6314	00100240	0075a023	sw	x7,0(x11)	 x11:0x00020000  x7:0x00000038 PA:0x00020000 store:0x00000038 load:0x00000000
          12638	      6315	00100244	01c65693	srli	x13,x12,0x1c	 x12:0x00315000 x13=0x00000000
          12640	      6316	00100248	00900813	addi	x16,x0,9	  x0:0x00000000 x16=0x00000009
          12642	      6317	0010024c	f2d86ae3	bltu	x16,x13,100180	 x16:0x00000009 x13:0x00000000
          12644	      6318	00100250	03068e93	addi	x29,x13,48	 x13:0x00000000 x29=0x00000030
          12646	      6319	00100254	00020f37	lui	x30,0x20	 x30=0x00020000
          12648	      6320	00100258	01051f93	slli	x31,x10,0x10	 x10:0x3f800315 x31=0x03150000
          12652	      6322	0010025c	01df2023	sw	x29,0(x30)	 x30:0x00020000 x29:0x00000030 PA:0x00020000 store:0x00000030 load:0x00000000
          12654	      6323	00100260	01cfd793	srli	x15,x31,0x1c	 x31:0x03150000 x15=0x00000000
          12656	      6324	00100264	00900713	addi	x14,x0,9	  x0:0x00000000 x14=0x00000009
          12658	      6325	00100268	f2f76ae3	bltu	x14,x15,10019c	 x14:0x00000009 x15:0x00000000
          12660	      6326	0010026c	03078393	addi	x7,x15,48	 x15:0x00000000  x7=0x00000030
          12662	      6327	00100270	000205b7	lui	x11,0x20	 x11=0x00020000
          12664	      6328	00100274	01451613	slli	x12,x10,0x14	 x10:0x3f800315 x12=0x31500000
          12668	      6330	00100278	0075a023	sw	x7,0(x11)	 x11:0x00020000  x7:0x00000030 PA:0x00020000 store:0x00000030 load:0x00000000
          12670	      6331	0010027c	01c65693	srli	x13,x12,0x1c	 x12:0x31500000 x13=0x00000003
          12672	      6332	00100280	00900813	addi	x16,x0,9	  x0:0x00000000 x16=0x00000009
          12674	      6333	00100284	f2d86ae3	bltu	x16,x13,1001b8	 x16:0x00000009 x13:0x00000003
          12676	      6334	00100288	03068e93	addi	x29,x13,48	 x13:0x00000003 x29=0x00000033
          12678	      6335	0010028c	00020f37	lui	x30,0x20	 x30=0x00020000
          12680	      6336	00100290	01851f93	slli	x31,x10,0x18	 x10:0x3f800315 x31=0x15000000
          12684	      6338	00100294	01df2023	sw	x29,0(x30)	 x30:0x00020000 x29:0x00000033 PA:0x00020000 store:0x00000033 load:0x00000000
          12686	      6339	00100298	01cfd793	srli	x15,x31,0x1c	 x31:0x15000000 x15=0x00000001
          12688	      6340	0010029c	00900713	addi	x14,x0,9	  x0:0x00000000 x14=0x00000009
          12690	      6341	001002a0	f2f76ae3	bltu	x14,x15,1001d4	 x14:0x00000009 x15:0x00000001
          12692	      6342	001002a4	03078393	addi	x7,x15,48	 x15:0x00000001  x7=0x00000031
          12694	      6343	001002a8	000205b7	lui	x11,0x20	 x11=0x00020000
          12698	      6345	001002ac	0075a023	sw	x7,0(x11)	 x11:0x00020000  x7:0x00000031 PA:0x00020000 store:0x00000031 load:0x00000000
          12700	      6346	001002b0	00f57513	andi	x10,x10,15	 x10:0x3f800315 x10=0x00000005
          12702	      6347	001002b4	00900613	addi	x12,x0,9	  x0:0x00000000 x12=0x00000009
          12706	      6349	001002b8	f2a67ae3	bgeu	x12,x10,1001ec	 x12:0x00000009 x10:0x00000005
          12710	      6351	001001ec	03050893	addi	x17,x10,48	 x10:0x00000005 x17=0x00000035
          12712	      6352	001001f0	00020e37	lui	x28,0x20	 x28=0x00020000
          12716	      6354	001001f4	011e2023	sw	x17,0(x28)	 x28:0x00020000 x17:0x00000035 PA:0x00020000 store:0x00000035 load:0x00000000
          12720	      6356	001001f8	00008067	jalr	x0,0(x1)	  x1:0x001012e8  x0=0x00000000
          12724	      6358	001012e8	f1aa98e3	bne	x21,x26,1011f8	 x21:0x00000010 x26:0x00000014
          12732	      6362	001011f8	c009a987	flw	f19,-1024(x19)	 f19:0x00102000 f19=0x00000000 PA:0x00101c00 store:0x3f80062a
          12756	      6374	001011fc	928c8513	addi	x10,x25,-1752	 x25:0x00102000 x10=0x00101928
          12758	      6375	00101200	5809fa53	fsqrt.s	f20,f19	 f19:0x00102000 f20=0x00000000
          12760	      6376	00101204	c149a027	fsw	f20,-1024(x19)	 f19:0x00102000 f20:0x00102000 PA:0x00101c00 store:0x3f80018a load:0x3f800315
          12762	      6377	00101208	c009aa87	flw	f21,-1024(x19)	 f19:0x00102000 f21=0x00000000 PA:0x00101c00 store:0x3f80062a
          12764	      6378	0010120c	e00a8dd3	fmv.x.w	x27,f21	 f21:0x00000010 x27=0x3f80018a
          12766	      6379	00101210	bfba2823	sw	x27,-1040(x20)	 x20:0x00102000 x27:0x3f80018a PA:0x00101bf0 store:0x3f80018a load:0x3f80018a
          12768	      6380	00101214	e8dfe0ef	jal	x1,1000a0	  x1=0x00101218
          12772	      6382	001000a0	00054803	lbu	x16,0(x10)	 x10:0x00101928 x16=0x0000000a PA:0x00101928 store:0x00000000
          12774	      6383	001000a4	06080663	beq	x16,x0,100110	 x16:0x0000000a  x0:0x00000000
          12776	      6384	001000a8	000207b7	lui	x15,0x20	 x15=0x00020000
          12780	      6386	001000ac	0107a023	sw	x16,0(x15)	 x15:0x00020000 x16:0x0000000a PA:0x00020000 store:0x0000000a load:0x00000000
          12784	      6388	001000b0	00154703	lbu	x14,1(x10)	 x10:0x00101928 x14=0x00000020 PA:0x00101929 store:0x00101218
          12786	      6389	001000b4	04070e63	beq	x14,x0,100110	 x14:0x00000020  x0:0x00000000
          12790	      6391	001000b8	00e7a023	sw	x14,0(x15)	 x15:0x00020000 x14:0x00000020 PA:0x00020000 store:0x00000020 load:0x00000000
          12794	      6393	001000bc	00254283	lbu	x5,2(x10)	 x10:0x00101928  x5=0x00000069 PA:0x0010192a store:0x00137fa0
          12796	      6394	001000c0	04028863	beq	x5,x0,100110	  x5:0x00000069  x0:0x00000000
          12800	      6396	001000c4	0057a023	sw	x5,0(x15)	 x15:0x00020000  x5:0x00000069 PA:0x00020000 store:0x00000069 load:0x00000000
          12804	      6398	001000c8	00354303	lbu	x6,3(x10)	 x10:0x00101928  x6=0x0000003d PA:0x0010192b store:0x00000000
          12806	      6399	001000cc	04030263	beq	x6,x0,100110	  x6:0x0000003d  x0:0x00000000
          12810	      6401	001000d0	0067a023	sw	x6,0(x15)	 x15:0x00020000  x6:0x0000003d PA:0x00020000 store:0x0000003d load:0x00000000
          12814	      6403	001000d4	00454383	lbu	x7,4(x10)	 x10:0x00101928  x7=0x00000000 PA:0x0010192c store:0x00000000
          12818	      6405	001000d8	02038c63	beq	x7,x0,100110	  x7:0x00000000  x0:0x00000000
          12822	      6407	00100110	00000513	addi	x10,x0,0	  x0:0x00000000 x10=0x00000000
          12826	      6409	00100114	00008067	jalr	x0,0(x1)	  x1:0x00101218  x0=0x00000000
          12828	      6410	00101218	000a8513	addi	x10,x21,0	 x21:0x00000010 x10=0x00000010
          12832	      6412	0010121c	f05fe0ef	jal	x1,100120	  x1=0x00101220
          12834	      6413	00100120	01c55793	srli	x15,x10,0x1c	 x10:0x00000010 x15=0x00000000
          12836	      6414	00100124	00900713	addi	x14,x0,9	  x0:0x00000000 x14=0x00000009
          12840	      6416	00100128	0cf77a63	bgeu	x14,x15,1001fc	 x14:0x00000009 x15:0x00000000
          12844	      6418	001001fc	03078393	addi	x7,x15,48	 x15:0x00000000  x7=0x00000030
          12846	      6419	00100200	000205b7	lui	x11,0x20	 x11=0x00020000
          12848	      6420	00100204	00451613	slli	x12,x10,0x4	 x10:0x00000010 x12=0x00000100
          12852	      6422	00100208	0075a023	sw	x7,0(x11)	 x11:0x00020000  x7:0x00000030 PA:0x00020000 store:0x00000030 load:0x00000000
          12854	      6423	0010020c	01c65693	srli	x13,x12,0x1c	 x12:0x00000100 x13=0x00000000
          12856	      6424	00100210	00900813	addi	x16,x0,9	  x0:0x00000000 x16=0x00000009
          12858	      6425	00100214	f2d86ae3	bltu	x16,x13,100148	 x16:0x00000009 x13:0x00000000
          12860	      6426	00100218	03068e93	addi	x29,x13,48	 x13:0x00000000 x29=0x00000030
          12862	      6427	0010021c	00020f37	lui	x30,0x20	 x30=0x00020000
          12864	      6428	00100220	00851f93	slli	x31,x10,0x8	 x10:0x00000010 x31=0x00001000
          12868	      6430	00100224	01df2023	sw	x29,0(x30)	 x30:0x00020000 x29:0x00000030 PA:0x00020000 store:0x00000030 load:0x00000000
          12870	      6431	00100228	01cfd793	srli	x15,x31,0x1c	 x31:0x00001000 x15=0x00000000
          12872	      6432	0010022c	00900713	addi	x14,x0,9	  x0:0x00000000 x14=0x00000009
          12874	      6433	00100230	f2f76ae3	bltu	x14,x15,100164	 x14:0x00000009 x15:0x00000000
          12876	      6434	00100234	03078393	addi	x7,x15,48	 x15:0x00000000  x7=0x00000030
          12878	      6435	00100238	000205b7	lui	x11,0x20	 x11=0x00020000
          12880	      6436	0010023c	00c51613	slli	x12,x10,0xc	 x10:0x00000010 x12=0x00010000
          12884	      6438	00100240	0075a023	sw	x7,0(x11)	 x11:0x00020000  x7:0x00000030 PA:0x00020000 store:0x00000030 load:0x00000000
          12886	      6439	00100244	01c65693	srli	x13,x12,0x1c	 x12:0x00010000 x13=0x00000000
          12888	      6440	00100248	00900813	addi	x16,x0,9	  x0:0x00000000 x16=0x00000009
          12890	      6441	0010024c	f2d86ae3	bltu	x16,x13,100180	 x16:0x00000009 x13:0x00000000
          12892	      6442	00100250	03068e93	addi	x29,x13,48	 x13:0x00000000 x29=0x00000030
          12894	      6443	00100254	00020f37	lui	x30,0x20	 x30=0x00020000
          12896	      6444	00100258	01051f93	slli	x31,x10,0x10	 x10:0x00000010 x31=0x00100000
          12900	      6446	0010025c	01df2023	sw	x29,0(x30)	 x30:0x00020000 x29:0x00000030 PA:0x00020000 store:0x00000030 load:0x00000000
          12902	      6447	00100260	01cfd793	srli	x15,x31,0x1c	 x31:0x00100000 x15=0x00000000
          12904	      6448	00100264	00900713	addi	x14,x0,9	  x0:0x00000000 x14=0x00000009
          12906	      6449	00100268	f2f76ae3	bltu	x14,x15,10019c	 x14:0x00000009 x15:0x00000000
          12908	      6450	0010026c	03078393	addi	x7,x15,48	 x15:0x00000000  x7=0x00000030
          12910	      6451	00100270	000205b7	lui	x11,0x20	 x11=0x00020000
          12912	      6452	00100274	01451613	slli	x12,x10,0x14	 x10:0x00000010 x12=0x01000000
          12916	      6454	00100278	0075a023	sw	x7,0(x11)	 x11:0x00020000  x7:0x00000030 PA:0x00020000 store:0x00000030 load:0x00000000
          12918	      6455	0010027c	01c65693	srli	x13,x12,0x1c	 x12:0x01000000 x13=0x00000000
          12920	      6456	00100280	00900813	addi	x16,x0,9	  x0:0x00000000 x16=0x00000009
          12922	      6457	00100284	f2d86ae3	bltu	x16,x13,1001b8	 x16:0x00000009 x13:0x00000000
          12924	      6458	00100288	03068e93	addi	x29,x13,48	 x13:0x00000000 x29=0x00000030
          12926	      6459	0010028c	00020f37	lui	x30,0x20	 x30=0x00020000
          12928	      6460	00100290	01851f93	slli	x31,x10,0x18	 x10:0x00000010 x31=0x10000000
          12932	      6462	00100294	01df2023	sw	x29,0(x30)	 x30:0x00020000 x29:0x00000030 PA:0x00020000 store:0x00000030 load:0x00000000
          12934	      6463	00100298	01cfd793	srli	x15,x31,0x1c	 x31:0x10000000 x15=0x00000001
          12936	      6464	0010029c	00900713	addi	x14,x0,9	  x0:0x00000000 x14=0x00000009
          12938	      6465	001002a0	f2f76ae3	bltu	x14,x15,1001d4	 x14:0x00000009 x15:0x00000001
          12940	      6466	001002a4	03078393	addi	x7,x15,48	 x15:0x00000001  x7=0x00000031
          12942	      6467	001002a8	000205b7	lui	x11,0x20	 x11=0x00020000
          12946	      6469	001002ac	0075a023	sw	x7,0(x11)	 x11:0x00020000  x7:0x00000031 PA:0x00020000 store:0x00000031 load:0x00000000
          12948	      6470	001002b0	00f57513	andi	x10,x10,15	 x10:0x00000010 x10=0x00000000
          12950	      6471	001002b4	00900613	addi	x12,x0,9	  x0:0x00000000 x12=0x00000009
          12954	      6473	001002b8	f2a67ae3	bgeu	x12,x10,1001ec	 x12:0x00000009 x10:0x00000000
          12958	      6475	001001ec	03050893	addi	x17,x10,48	 x10:0x00000000 x17=0x00000030
          12960	      6476	001001f0	00020e37	lui	x28,0x20	 x28=0x00020000
          12964	      6478	001001f4	011e2023	sw	x17,0(x28)	 x28:0x00020000 x17:0x00000030 PA:0x00020000 store:0x00000030 load:0x00000000
          12968	      6480	001001f8	00008067	jalr	x0,0(x1)	  x1:0x00101220  x0=0x00000000
          12970	      6481	00101220	930c0513	addi	x10,x24,-1744	 x24:0x00102000 x10=0x00101930
          12974	      6483	00101224	e7dfe0ef	jal	x1,1000a0	  x1=0x00101228
          12978	      6485	001000a0	00054803	lbu	x16,0(x10)	 x10:0x00101930 x16=0x00000020 PA:0x00101930 store:0x00000000
          12980	      6486	001000a4	06080663	beq	x16,x0,100110	 x16:0x00000020  x0:0x00000000
          12982	      6487	001000a8	000207b7	lui	x15,0x20	 x15=0x00020000
          12986	      6489	001000ac	0107a023	sw	x16,0(x15)	 x15:0x00020000 x16:0x00000020 PA:0x00020000 store:0x00000020 load:0x00000000
          12990	      6491	001000b0	00154703	lbu	x14,1(x10)	 x10:0x00101930 x14=0x00000072 PA:0x00101931 store:0x00101228
          12992	      6492	001000b4	04070e63	beq	x14,x0,100110	 x14:0x00000072  x0:0x00000000
          12996	      6494	001000b8	00e7a023	sw	x14,0(x15)	 x15:0x00020000 x14:0x00000072 PA:0x00020000 store:0x00000072 load:0x00000000
          13000	      6496	001000bc	00254283	lbu	x5,2(x10)	 x10:0x00101930  x5=0x00000065 PA:0x00101932 store:0x00137fa0
          13002	      6497	001000c0	04028863	beq	x5,x0,100110	  x5:0x00000065  x0:0x00000000
          13006	      6499	001000c4	0057a023	sw	x5,0(x15)	 x15:0x00020000  x5:0x00000065 PA:0x00020000 store:0x00000065 load:0x00000000
          13010	      6501	001000c8	00354303	lbu	x6,3(x10)	 x10:0x00101930  x6=0x00000073 PA:0x00101933 store:0x00000000
          13012	      6502	001000cc	04030263	beq	x6,x0,100110	  x6:0x00000073  x0:0x00000000
          13016	      6504	001000d0	0067a023	sw	x6,0(x15)	 x15:0x00020000  x6:0x00000073 PA:0x00020000 store:0x00000073 load:0x00000000
          13020	      6506	001000d4	00454383	lbu	x7,4(x10)	 x10:0x00101930  x7=0x00000075 PA:0x00101934 store:0x00000000
          13022	      6507	001000d8	02038c63	beq	x7,x0,100110	  x7:0x00000075  x0:0x00000000
          13026	      6509	001000dc	0077a023	sw	x7,0(x15)	 x15:0x00020000  x7:0x00000075 PA:0x00020000 store:0x00000075 load:0x00000000
          13030	      6511	001000e0	00554583	lbu	x11,5(x10)	 x10:0x00101930 x11=0x0000006c PA:0x00101935 store:0x00000065
          13032	      6512	001000e4	02058663	beq	x11,x0,100110	 x11:0x0000006c  x0:0x00000000
          13036	      6514	001000e8	00b7a023	sw	x11,0(x15)	 x15:0x00020000 x11:0x0000006c PA:0x00020000 store:0x0000006c load:0x00000000
          13040	      6516	001000ec	00654603	lbu	x12,6(x10)	 x10:0x00101930 x12=0x00000074 PA:0x00101936 store:0x00000073
          13042	      6517	001000f0	02060063	beq	x12,x0,100110	 x12:0x00000074  x0:0x00000000
          13046	      6519	001000f4	00c7a023	sw	x12,0(x15)	 x15:0x00020000 x12:0x00000074 PA:0x00020000 store:0x00000074 load:0x00000000
          13050	      6521	001000f8	00754683	lbu	x13,7(x10)	 x10:0x00101930 x13=0x0000003a PA:0x00101937 store:0x00000075
          13052	      6522	001000fc	00850513	addi	x10,x10,8	 x10:0x00101930 x10=0x00101938
          13054	      6523	00100100	00068863	beq	x13,x0,100110	 x13:0x0000003a  x0:0x00000000
          13058	      6525	00100104	00d7a023	sw	x13,0(x15)	 x15:0x00020000 x13:0x0000003a PA:0x00020000 store:0x0000003a load:0x00000000
          13062	      6527	00100108	00054803	lbu	x16,0(x10)	 x10:0x00101938 x16=0x00000020 PA:0x00101938 store:0x00000000
          13066	      6529	0010010c	fa0810e3	bne	x16,x0,1000ac	 x16:0x00000020  x0:0x00000000
          13072	      6532	001000ac	0107a023	sw	x16,0(x15)	 x15:0x00020000 x16:0x00000020 PA:0x00020000 store:0x00000020 load:0x00000000
          13076	      6534	001000b0	00154703	lbu	x14,1(x10)	 x10:0x00101938 x14=0x00000000 PA:0x00101939 store:0x00101228
          13080	      6536	001000b4	04070e63	beq	x14,x0,100110	 x14:0x00000000  x0:0x00000000
          13084	      6538	00100110	00000513	addi	x10,x0,0	  x0:0x00000000 x10=0x00000000
          13088	      6540	00100114	00008067	jalr	x0,0(x1)	  x1:0x00101228  x0=0x00000000
          13092	      6542	00101228	bf0a2503	lw	x10,-1040(x20)	 x20:0x00102000 x10=0x3f80018a PA:0x00101bf0 store:0x00000020
          13094	      6543	0010122c	001a8d93	addi	x27,x21,1	 x21:0x00000010 x27=0x00000011
          13098	      6545	00101230	ef1fe0ef	jal	x1,100120	  x1=0x00101234
          13100	      6546	00100120	01c55793	srli	x15,x10,0x1c	 x10:0x3f80018a x15=0x00000003
          13102	      6547	00100124	00900713	addi	x14,x0,9	  x0:0x00000000 x14=0x00000009
          13106	      6549	00100128	0cf77a63	bgeu	x14,x15,1001fc	 x14:0x00000009 x15:0x00000003
          13110	      6551	001001fc	03078393	addi	x7,x15,48	 x15:0x00000003  x7=0x00000033
          13112	      6552	00100200	000205b7	lui	x11,0x20	 x11=0x00020000
          13114	      6553	00100204	00451613	slli	x12,x10,0x4	 x10:0x3f80018a x12=0xf80018a0
          13118	      6555	00100208	0075a023	sw	x7,0(x11)	 x11:0x00020000  x7:0x00000033 PA:0x00020000 store:0x00000033 load:0x00000000
          13120	      6556	0010020c	01c65693	srli	x13,x12,0x1c	 x12:0xf80018a0 x13=0x0000000f
          13122	      6557	00100210	00900813	addi	x16,x0,9	  x0:0x00000000 x16=0x00000009
          13126	      6559	00100214	f2d86ae3	bltu	x16,x13,100148	 x16:0x00000009 x13:0x0000000f
          13130	      6561	00100148	03768893	addi	x17,x13,55	 x13:0x0000000f x17=0x00000046
          13132	      6562	0010014c	00020e37	lui	x28,0x20	 x28=0x00020000
          13134	      6563	00100150	00851f93	slli	x31,x10,0x8	 x10:0x3f80018a x31=0x80018a00
          13138	      6565	00100154	011e2023	sw	x17,0(x28)	 x28:0x00020000 x17:0x00000046 PA:0x00020000 store:0x00000046 load:0x00000000
          13140	      6566	00100158	01cfd793	srli	x15,x31,0x1c	 x31:0x80018a00 x15=0x00000008
          13142	      6567	0010015c	00900713	addi	x14,x0,9	  x0:0x00000000 x14=0x00000009
          13146	      6569	00100160	0cf77a63	bgeu	x14,x15,100234	 x14:0x00000009 x15:0x00000008
          13150	      6571	00100234	03078393	addi	x7,x15,48	 x15:0x00000008  x7=0x00000038
          13152	      6572	00100238	000205b7	lui	x11,0x20	 x11=0x00020000
          13154	      6573	0010023c	00c51613	slli	x12,x10,0xc	 x10:0x3f80018a x12=0x0018a000
          13158	      6575	00100240	0075a023	sw	x7,0(x11)	 x11:0x00020000  x7:0x00000038 PA:0x00020000 store:0x00000038 load:0x00000000
          13160	      6576	00100244	01c65693	srli	x13,x12,0x1c	 x12:0x0018a000 x13=0x00000000
          13162	      6577	00100248	00900813	addi	x16,x0,9	  x0:0x00000000 x16=0x00000009
          13164	      6578	0010024c	f2d86ae3	bltu	x16,x13,100180	 x16:0x00000009 x13:0x00000000
          13166	      6579	00100250	03068e93	addi	x29,x13,48	 x13:0x00000000 x29=0x00000030
          13168	      6580	00100254	00020f37	lui	x30,0x20	 x30=0x00020000
          13170	      6581	00100258	01051f93	slli	x31,x10,0x10	 x10:0x3f80018a x31=0x018a0000
          13174	      6583	0010025c	01df2023	sw	x29,0(x30)	 x30:0x00020000 x29:0x00000030 PA:0x00020000 store:0x00000030 load:0x00000000
          13176	      6584	00100260	01cfd793	srli	x15,x31,0x1c	 x31:0x018a0000 x15=0x00000000
          13178	      6585	00100264	00900713	addi	x14,x0,9	  x0:0x00000000 x14=0x00000009
          13180	      6586	00100268	f2f76ae3	bltu	x14,x15,10019c	 x14:0x00000009 x15:0x00000000
          13182	      6587	0010026c	03078393	addi	x7,x15,48	 x15:0x00000000  x7=0x00000030
          13184	      6588	00100270	000205b7	lui	x11,0x20	 x11=0x00020000
          13186	      6589	00100274	01451613	slli	x12,x10,0x14	 x10:0x3f80018a x12=0x18a00000
          13190	      6591	00100278	0075a023	sw	x7,0(x11)	 x11:0x00020000  x7:0x00000030 PA:0x00020000 store:0x00000030 load:0x00000000
          13192	      6592	0010027c	01c65693	srli	x13,x12,0x1c	 x12:0x18a00000 x13=0x00000001
          13194	      6593	00100280	00900813	addi	x16,x0,9	  x0:0x00000000 x16=0x00000009
          13196	      6594	00100284	f2d86ae3	bltu	x16,x13,1001b8	 x16:0x00000009 x13:0x00000001
          13198	      6595	00100288	03068e93	addi	x29,x13,48	 x13:0x00000001 x29=0x00000031
          13200	      6596	0010028c	00020f37	lui	x30,0x20	 x30=0x00020000
          13202	      6597	00100290	01851f93	slli	x31,x10,0x18	 x10:0x3f80018a x31=0x8a000000
          13206	      6599	00100294	01df2023	sw	x29,0(x30)	 x30:0x00020000 x29:0x00000031 PA:0x00020000 store:0x00000031 load:0x00000000
          13208	      6600	00100298	01cfd793	srli	x15,x31,0x1c	 x31:0x8a000000 x15=0x00000008
          13210	      6601	0010029c	00900713	addi	x14,x0,9	  x0:0x00000000 x14=0x00000009
          13212	      6602	001002a0	f2f76ae3	bltu	x14,x15,1001d4	 x14:0x00000009 x15:0x00000008
          13214	      6603	001002a4	03078393	addi	x7,x15,48	 x15:0x00000008  x7=0x00000038
          13216	      6604	001002a8	000205b7	lui	x11,0x20	 x11=0x00020000
          13220	      6606	001002ac	0075a023	sw	x7,0(x11)	 x11:0x00020000  x7:0x00000038 PA:0x00020000 store:0x00000038 load:0x00000000
          13222	      6607	001002b0	00f57513	andi	x10,x10,15	 x10:0x3f80018a x10=0x0000000a
          13224	      6608	001002b4	00900613	addi	x12,x0,9	  x0:0x00000000 x12=0x00000009
          13226	      6609	001002b8	f2a67ae3	bgeu	x12,x10,1001ec	 x12:0x00000009 x10:0x0000000a
          13228	      6610	001002bc	03750693	addi	x13,x10,55	 x10:0x0000000a x13=0x00000041
          13230	      6611	001002c0	00020837	lui	x16,0x20	 x16=0x00020000
          13234	      6613	001002c4	00d82023	sw	x13,0(x16)	 x16:0x00020000 x13:0x00000041 PA:0x00020000 store:0x00000041 load:0x00000000
          13244	      6618	001002c8	00008067	jalr	x0,0(x1)	  x1:0x00101234  x0=0x00000000
          13246	      6619	00101234	c009ae07	flw	f28,-1024(x19)	 f19:0x00102000 f28=0x00000000 PA:0x00101c00 store:0x3f80062a
          13266	      6629	00101238	580e7ed3	fsqrt.s	f29,f28	 f28:0x00020000 f29=0x00000000
          13268	      6630	0010123c	c1d9a027	fsw	f29,-1024(x19)	 f19:0x00102000 f29:0x00000031 PA:0x00101c00 store:0x3f8000c5 load:0x3f80018a
          13270	      6631	00101240	c009af07	flw	f30,-1024(x19)	 f19:0x00102000 f30=0x00000000 PA:0x00101c00 store:0x3f80062a
          13274	      6633	00101244	928c8513	addi	x10,x25,-1752	 x25:0x00102000 x10=0x00101928
          13276	      6634	00101248	e00f0e53	fmv.x.w	x28,f30	 f30:0x00020000 x28=0x3f8000c5
          13278	      6635	0010124c	bfca2823	sw	x28,-1040(x20)	 x20:0x00102000 x28:0x3f8000c5 PA:0x00101bf0 store:0x3f8000c5 load:0x3f8000c5
          13280	      6636	00101250	e51fe0ef	jal	x1,1000a0	  x1=0x00101254
          13284	      6638	001000a0	00054803	lbu	x16,0(x10)	 x10:0x00101928 x16=0x0000000a PA:0x00101928 store:0x00000000
          13286	      6639	001000a4	06080663	beq	x16,x0,100110	 x16:0x0000000a  x0:0x00000000
          13288	      6640	001000a8	000207b7	lui	x15,0x20	 x15=0x00020000
          13292	      6642	001000ac	0107a023	sw	x16,0(x15)	 x15:0x00020000 x16:0x0000000a PA:0x00020000 store:0x0000000a load:0x00000000
          13296	      6644	001000b0	00154703	lbu	x14,1(x10)	 x10:0x00101928 x14=0x00000020 PA:0x00101929 store:0x00101254
          13298	      6645	001000b4	04070e63	beq	x14,x0,100110	 x14:0x00000020  x0:0x00000000
          13302	      6647	001000b8	00e7a023	sw	x14,0(x15)	 x15:0x00020000 x14:0x00000020 PA:0x00020000 store:0x00000020 load:0x00000000
          13306	      6649	001000bc	00254283	lbu	x5,2(x10)	 x10:0x00101928  x5=0x00000069 PA:0x0010192a store:0x00137fa0
          13308	      6650	001000c0	04028863	beq	x5,x0,100110	  x5:0x00000069  x0:0x00000000
          13312	      6652	001000c4	0057a023	sw	x5,0(x15)	 x15:0x00020000  x5:0x00000069 PA:0x00020000 store:0x00000069 load:0x00000000
          13316	      6654	001000c8	00354303	lbu	x6,3(x10)	 x10:0x00101928  x6=0x0000003d PA:0x0010192b store:0x00000000
          13318	      6655	001000cc	04030263	beq	x6,x0,100110	  x6:0x0000003d  x0:0x00000000
          13322	      6657	001000d0	0067a023	sw	x6,0(x15)	 x15:0x00020000  x6:0x0000003d PA:0x00020000 store:0x0000003d load:0x00000000
          13326	      6659	001000d4	00454383	lbu	x7,4(x10)	 x10:0x00101928  x7=0x00000000 PA:0x0010192c store:0x00000000
          13330	      6661	001000d8	02038c63	beq	x7,x0,100110	  x7:0x00000000  x0:0x00000000
          13334	      6663	00100110	00000513	addi	x10,x0,0	  x0:0x00000000 x10=0x00000000
          13338	      6665	00100114	00008067	jalr	x0,0(x1)	  x1:0x00101254  x0=0x00000000
          13340	      6666	00101254	000d8513	addi	x10,x27,0	 x27:0x00000011 x10=0x00000011
          13344	      6668	00101258	ec9fe0ef	jal	x1,100120	  x1=0x0010125c
          13346	      6669	00100120	01c55793	srli	x15,x10,0x1c	 x10:0x00000011 x15=0x00000000
          13348	      6670	00100124	00900713	addi	x14,x0,9	  x0:0x00000000 x14=0x00000009
          13352	      6672	00100128	0cf77a63	bgeu	x14,x15,1001fc	 x14:0x00000009 x15:0x00000000
          13356	      6674	001001fc	03078393	addi	x7,x15,48	 x15:0x00000000  x7=0x00000030
          13358	      6675	00100200	000205b7	lui	x11,0x20	 x11=0x00020000
          13360	      6676	00100204	00451613	slli	x12,x10,0x4	 x10:0x00000011 x12=0x00000110
          13364	      6678	00100208	0075a023	sw	x7,0(x11)	 x11:0x00020000  x7:0x00000030 PA:0x00020000 store:0x00000030 load:0x00000000
          13366	      6679	0010020c	01c65693	srli	x13,x12,0x1c	 x12:0x00000110 x13=0x00000000
          13368	      6680	00100210	00900813	addi	x16,x0,9	  x0:0x00000000 x16=0x00000009
          13370	      6681	00100214	f2d86ae3	bltu	x16,x13,100148	 x16:0x00000009 x13:0x00000000
          13372	      6682	00100218	03068e93	addi	x29,x13,48	 x13:0x00000000 x29=0x00000030
          13374	      6683	0010021c	00020f37	lui	x30,0x20	 x30=0x00020000
          13376	      6684	00100220	00851f93	slli	x31,x10,0x8	 x10:0x00000011 x31=0x00001100
          13380	      6686	00100224	01df2023	sw	x29,0(x30)	 x30:0x00020000 x29:0x00000030 PA:0x00020000 store:0x00000030 load:0x00000000
          13382	      6687	00100228	01cfd793	srli	x15,x31,0x1c	 x31:0x00001100 x15=0x00000000
          13384	      6688	0010022c	00900713	addi	x14,x0,9	  x0:0x00000000 x14=0x00000009
          13386	      6689	00100230	f2f76ae3	bltu	x14,x15,100164	 x14:0x00000009 x15:0x00000000
          13388	      6690	00100234	03078393	addi	x7,x15,48	 x15:0x00000000  x7=0x00000030
          13390	      6691	00100238	000205b7	lui	x11,0x20	 x11=0x00020000
          13392	      6692	0010023c	00c51613	slli	x12,x10,0xc	 x10:0x00000011 x12=0x00011000
          13396	      6694	00100240	0075a023	sw	x7,0(x11)	 x11:0x00020000  x7:0x00000030 PA:0x00020000 store:0x00000030 load:0x00000000
          13398	      6695	00100244	01c65693	srli	x13,x12,0x1c	 x12:0x00011000 x13=0x00000000
          13400	      6696	00100248	00900813	addi	x16,x0,9	  x0:0x00000000 x16=0x00000009
          13402	      6697	0010024c	f2d86ae3	bltu	x16,x13,100180	 x16:0x00000009 x13:0x00000000
          13404	      6698	00100250	03068e93	addi	x29,x13,48	 x13:0x00000000 x29=0x00000030
          13406	      6699	00100254	00020f37	lui	x30,0x20	 x30=0x00020000
          13408	      6700	00100258	01051f93	slli	x31,x10,0x10	 x10:0x00000011 x31=0x00110000
          13412	      6702	0010025c	01df2023	sw	x29,0(x30)	 x30:0x00020000 x29:0x00000030 PA:0x00020000 store:0x00000030 load:0x00000000
          13414	      6703	00100260	01cfd793	srli	x15,x31,0x1c	 x31:0x00110000 x15=0x00000000
          13416	      6704	00100264	00900713	addi	x14,x0,9	  x0:0x00000000 x14=0x00000009
          13418	      6705	00100268	f2f76ae3	bltu	x14,x15,10019c	 x14:0x00000009 x15:0x00000000
          13420	      6706	0010026c	03078393	addi	x7,x15,48	 x15:0x00000000  x7=0x00000030
          13422	      6707	00100270	000205b7	lui	x11,0x20	 x11=0x00020000
          13424	      6708	00100274	01451613	slli	x12,x10,0x14	 x10:0x00000011 x12=0x01100000
          13428	      6710	00100278	0075a023	sw	x7,0(x11)	 x11:0x00020000  x7:0x00000030 PA:0x00020000 store:0x00000030 load:0x00000000
          13430	      6711	0010027c	01c65693	srli	x13,x12,0x1c	 x12:0x01100000 x13=0x00000000
          13432	      6712	00100280	00900813	addi	x16,x0,9	  x0:0x00000000 x16=0x00000009
          13434	      6713	00100284	f2d86ae3	bltu	x16,x13,1001b8	 x16:0x00000009 x13:0x00000000
          13436	      6714	00100288	03068e93	addi	x29,x13,48	 x13:0x00000000 x29=0x00000030
          13438	      6715	0010028c	00020f37	lui	x30,0x20	 x30=0x00020000
          13440	      6716	00100290	01851f93	slli	x31,x10,0x18	 x10:0x00000011 x31=0x11000000
          13444	      6718	00100294	01df2023	sw	x29,0(x30)	 x30:0x00020000 x29:0x00000030 PA:0x00020000 store:0x00000030 load:0x00000000
          13446	      6719	00100298	01cfd793	srli	x15,x31,0x1c	 x31:0x11000000 x15=0x00000001
          13448	      6720	0010029c	00900713	addi	x14,x0,9	  x0:0x00000000 x14=0x00000009
          13450	      6721	001002a0	f2f76ae3	bltu	x14,x15,1001d4	 x14:0x00000009 x15:0x00000001
          13452	      6722	001002a4	03078393	addi	x7,x15,48	 x15:0x00000001  x7=0x00000031
          13454	      6723	001002a8	000205b7	lui	x11,0x20	 x11=0x00020000
          13458	      6725	001002ac	0075a023	sw	x7,0(x11)	 x11:0x00020000  x7:0x00000031 PA:0x00020000 store:0x00000031 load:0x00000000
          13460	      6726	001002b0	00f57513	andi	x10,x10,15	 x10:0x00000011 x10=0x00000001
          13462	      6727	001002b4	00900613	addi	x12,x0,9	  x0:0x00000000 x12=0x00000009
          13466	      6729	001002b8	f2a67ae3	bgeu	x12,x10,1001ec	 x12:0x00000009 x10:0x00000001
          13470	      6731	001001ec	03050893	addi	x17,x10,48	 x10:0x00000001 x17=0x00000031
          13472	      6732	001001f0	00020e37	lui	x28,0x20	 x28=0x00020000
          13476	      6734	001001f4	011e2023	sw	x17,0(x28)	 x28:0x00020000 x17:0x00000031 PA:0x00020000 store:0x00000031 load:0x00000000
          13480	      6736	001001f8	00008067	jalr	x0,0(x1)	  x1:0x0010125c  x0=0x00000000
          13482	      6737	0010125c	930c0513	addi	x10,x24,-1744	 x24:0x00102000 x10=0x00101930
          13486	      6739	00101260	e41fe0ef	jal	x1,1000a0	  x1=0x00101264
          13490	      6741	001000a0	00054803	lbu	x16,0(x10)	 x10:0x00101930 x16=0x00000020 PA:0x00101930 store:0x00000000
          13492	      6742	001000a4	06080663	beq	x16,x0,100110	 x16:0x00000020  x0:0x00000000
          13494	      6743	001000a8	000207b7	lui	x15,0x20	 x15=0x00020000
          13498	      6745	001000ac	0107a023	sw	x16,0(x15)	 x15:0x00020000 x16:0x00000020 PA:0x00020000 store:0x00000020 load:0x00000000
          13502	      6747	001000b0	00154703	lbu	x14,1(x10)	 x10:0x00101930 x14=0x00000072 PA:0x00101931 store:0x00101264
          13504	      6748	001000b4	04070e63	beq	x14,x0,100110	 x14:0x00000072  x0:0x00000000
          13508	      6750	001000b8	00e7a023	sw	x14,0(x15)	 x15:0x00020000 x14:0x00000072 PA:0x00020000 store:0x00000072 load:0x00000000
          13512	      6752	001000bc	00254283	lbu	x5,2(x10)	 x10:0x00101930  x5=0x00000065 PA:0x00101932 store:0x00137fa0
          13514	      6753	001000c0	04028863	beq	x5,x0,100110	  x5:0x00000065  x0:0x00000000
          13518	      6755	001000c4	0057a023	sw	x5,0(x15)	 x15:0x00020000  x5:0x00000065 PA:0x00020000 store:0x00000065 load:0x00000000
          13522	      6757	001000c8	00354303	lbu	x6,3(x10)	 x10:0x00101930  x6=0x00000073 PA:0x00101933 store:0x00000000
          13524	      6758	001000cc	04030263	beq	x6,x0,100110	  x6:0x00000073  x0:0x00000000
          13528	      6760	001000d0	0067a023	sw	x6,0(x15)	 x15:0x00020000  x6:0x00000073 PA:0x00020000 store:0x00000073 load:0x00000000
          13532	      6762	001000d4	00454383	lbu	x7,4(x10)	 x10:0x00101930  x7=0x00000075 PA:0x00101934 store:0x00000000
          13534	      6763	001000d8	02038c63	beq	x7,x0,100110	  x7:0x00000075  x0:0x00000000
          13538	      6765	001000dc	0077a023	sw	x7,0(x15)	 x15:0x00020000  x7:0x00000075 PA:0x00020000 store:0x00000075 load:0x00000000
          13542	      6767	001000e0	00554583	lbu	x11,5(x10)	 x10:0x00101930 x11=0x0000006c PA:0x00101935 store:0x00000065
          13544	      6768	001000e4	02058663	beq	x11,x0,100110	 x11:0x0000006c  x0:0x00000000
          13548	      6770	001000e8	00b7a023	sw	x11,0(x15)	 x15:0x00020000 x11:0x0000006c PA:0x00020000 store:0x0000006c load:0x00000000
          13552	      6772	001000ec	00654603	lbu	x12,6(x10)	 x10:0x00101930 x12=0x00000074 PA:0x00101936 store:0x00000073
          13554	      6773	001000f0	02060063	beq	x12,x0,100110	 x12:0x00000074  x0:0x00000000
          13558	      6775	001000f4	00c7a023	sw	x12,0(x15)	 x15:0x00020000 x12:0x00000074 PA:0x00020000 store:0x00000074 load:0x00000000
          13562	      6777	001000f8	00754683	lbu	x13,7(x10)	 x10:0x00101930 x13=0x0000003a PA:0x00101937 store:0x00000075
          13564	      6778	001000fc	00850513	addi	x10,x10,8	 x10:0x00101930 x10=0x00101938
          13566	      6779	00100100	00068863	beq	x13,x0,100110	 x13:0x0000003a  x0:0x00000000
          13570	      6781	00100104	00d7a023	sw	x13,0(x15)	 x15:0x00020000 x13:0x0000003a PA:0x00020000 store:0x0000003a load:0x00000000
          13574	      6783	00100108	00054803	lbu	x16,0(x10)	 x10:0x00101938 x16=0x00000020 PA:0x00101938 store:0x00000000
          13578	      6785	0010010c	fa0810e3	bne	x16,x0,1000ac	 x16:0x00000020  x0:0x00000000
          13584	      6788	001000ac	0107a023	sw	x16,0(x15)	 x15:0x00020000 x16:0x00000020 PA:0x00020000 store:0x00000020 load:0x00000000
          13588	      6790	001000b0	00154703	lbu	x14,1(x10)	 x10:0x00101938 x14=0x00000000 PA:0x00101939 store:0x00101264
          13592	      6792	001000b4	04070e63	beq	x14,x0,100110	 x14:0x00000000  x0:0x00000000
          13596	      6794	00100110	00000513	addi	x10,x0,0	  x0:0x00000000 x10=0x00000000
          13600	      6796	00100114	00008067	jalr	x0,0(x1)	  x1:0x00101264  x0=0x00000000
          13604	      6798	00101264	bf0a2503	lw	x10,-1040(x20)	 x20:0x00102000 x10=0x3f8000c5 PA:0x00101bf0 store:0x00000020
          13606	      6799	00101268	002a8d93	addi	x27,x21,2	 x21:0x00000010 x27=0x00000012
          13610	      6801	0010126c	eb5fe0ef	jal	x1,100120	  x1=0x00101270
          13612	      6802	00100120	01c55793	srli	x15,x10,0x1c	 x10:0x3f8000c5 x15=0x00000003
          13614	      6803	00100124	00900713	addi	x14,x0,9	  x0:0x00000000 x14=0x00000009
          13618	      6805	00100128	0cf77a63	bgeu	x14,x15,1001fc	 x14:0x00000009 x15:0x00000003
          13622	      6807	001001fc	03078393	addi	x7,x15,48	 x15:0x00000003  x7=0x00000033
          13624	      6808	00100200	000205b7	lui	x11,0x20	 x11=0x00020000
          13626	      6809	00100204	00451613	slli	x12,x10,0x4	 x10:0x3f8000c5 x12=0xf8000c50
          13630	      6811	00100208	0075a023	sw	x7,0(x11)	 x11:0x00020000  x7:0x00000033 PA:0x00020000 store:0x00000033 load:0x00000000
          13632	      6812	0010020c	01c65693	srli	x13,x12,0x1c	 x12:0xf8000c50 x13=0x0000000f
          13634	      6813	00100210	00900813	addi	x16,x0,9	  x0:0x00000000 x16=0x00000009
          13638	      6815	00100214	f2d86ae3	bltu	x16,x13,100148	 x16:0x00000009 x13:0x0000000f
          13642	      6817	00100148	03768893	addi	x17,x13,55	 x13:0x0000000f x17=0x00000046
          13644	      6818	0010014c	00020e37	lui	x28,0x20	 x28=0x00020000
          13646	      6819	00100150	00851f93	slli	x31,x10,0x8	 x10:0x3f8000c5 x31=0x8000c500
          13650	      6821	00100154	011e2023	sw	x17,0(x28)	 x28:0x00020000 x17:0x00000046 PA:0x00020000 store:0x00000046 load:0x00000000
          13652	      6822	00100158	01cfd793	srli	x15,x31,0x1c	 x31:0x8000c500 x15=0x00000008
          13654	      6823	0010015c	00900713	addi	x14,x0,9	  x0:0x00000000 x14=0x00000009
          13658	      6825	00100160	0cf77a63	bgeu	x14,x15,100234	 x14:0x00000009 x15:0x00000008
          13662	      6827	00100234	03078393	addi	x7,x15,48	 x15:0x00000008  x7=0x00000038
          13664	      6828	00100238	000205b7	lui	x11,0x20	 x11=0x00020000
          13666	      6829	0010023c	00c51613	slli	x12,x10,0xc	 x10:0x3f8000c5 x12=0x000c5000
          13670	      6831	00100240	0075a023	sw	x7,0(x11)	 x11:0x00020000  x7:0x00000038 PA:0x00020000 store:0x00000038 load:0x00000000
          13672	      6832	00100244	01c65693	srli	x13,x12,0x1c	 x12:0x000c5000 x13=0x00000000
          13674	      6833	00100248	00900813	addi	x16,x0,9	  x0:0x00000000 x16=0x00000009
          13676	      6834	0010024c	f2d86ae3	bltu	x16,x13,100180	 x16:0x00000009 x13:0x00000000
          13678	      6835	00100250	03068e93	addi	x29,x13,48	 x13:0x00000000 x29=0x00000030
          13680	      6836	00100254	00020f37	lui	x30,0x20	 x30=0x00020000
          13682	      6837	00100258	01051f93	slli	x31,x10,0x10	 x10:0x3f8000c5 x31=0x00c50000
          13686	      6839	0010025c	01df2023	sw	x29,0(x30)	 x30:0x00020000 x29:0x00000030 PA:0x00020000 store:0x00000030 load:0x00000000
          13688	      6840	00100260	01cfd793	srli	x15,x31,0x1c	 x31:0x00c50000 x15=0x00000000
          13690	      6841	00100264	00900713	addi	x14,x0,9	  x0:0x00000000 x14=0x00000009
          13692	      6842	00100268	f2f76ae3	bltu	x14,x15,10019c	 x14:0x00000009 x15:0x00000000
          13694	      6843	0010026c	03078393	addi	x7,x15,48	 x15:0x00000000  x7=0x00000030
          13696	      6844	00100270	000205b7	lui	x11,0x20	 x11=0x00020000
          13698	      6845	00100274	01451613	slli	x12,x10,0x14	 x10:0x3f8000c5 x12=0x0c500000
          13702	      6847	00100278	0075a023	sw	x7,0(x11)	 x11:0x00020000  x7:0x00000030 PA:0x00020000 store:0x00000030 load:0x00000000
          13704	      6848	0010027c	01c65693	srli	x13,x12,0x1c	 x12:0x0c500000 x13=0x00000000
          13706	      6849	00100280	00900813	addi	x16,x0,9	  x0:0x00000000 x16=0x00000009
          13708	      6850	00100284	f2d86ae3	bltu	x16,x13,1001b8	 x16:0x00000009 x13:0x00000000
          13710	      6851	00100288	03068e93	addi	x29,x13,48	 x13:0x00000000 x29=0x00000030
          13712	      6852	0010028c	00020f37	lui	x30,0x20	 x30=0x00020000
          13714	      6853	00100290	01851f93	slli	x31,x10,0x18	 x10:0x3f8000c5 x31=0xc5000000
          13718	      6855	00100294	01df2023	sw	x29,0(x30)	 x30:0x00020000 x29:0x00000030 PA:0x00020000 store:0x00000030 load:0x00000000
          13720	      6856	00100298	01cfd793	srli	x15,x31,0x1c	 x31:0xc5000000 x15=0x0000000c
          13722	      6857	0010029c	00900713	addi	x14,x0,9	  x0:0x00000000 x14=0x00000009
          13726	      6859	001002a0	f2f76ae3	bltu	x14,x15,1001d4	 x14:0x00000009 x15:0x0000000c
          13730	      6861	001001d4	03778293	addi	x5,x15,55	 x15:0x0000000c  x5=0x00000043
          13732	      6862	001001d8	00020337	lui	x6,0x20	  x6=0x00020000
          13736	      6864	001001dc	00532023	sw	x5,0(x6)	  x6:0x00020000  x5:0x00000043 PA:0x00020000 store:0x00000043 load:0x00000000
          13738	      6865	001001e0	00f57513	andi	x10,x10,15	 x10:0x3f8000c5 x10=0x00000005
          13740	      6866	001001e4	00900613	addi	x12,x0,9	  x0:0x00000000 x12=0x00000009
          13742	      6867	001001e8	0ca66a63	bltu	x12,x10,1002bc	 x12:0x00000009 x10:0x00000005
          13744	      6868	001001ec	03050893	addi	x17,x10,48	 x10:0x00000005 x17=0x00000035
          13746	      6869	001001f0	00020e37	lui	x28,0x20	 x28=0x00020000
          13750	      6871	001001f4	011e2023	sw	x17,0(x28)	 x28:0x00020000 x17:0x00000035 PA:0x00020000 store:0x00000035 load:0x00000000
          13760	      6876	001001f8	00008067	jalr	x0,0(x1)	  x1:0x00101270  x0=0x00000000
          13762	      6877	00101270	c009af87	flw	f31,-1024(x19)	 f19:0x00102000 f31=0x00000000 PA:0x00101c00 store:0x3f80062a
          13782	      6887	00101274	580ff053	fsqrt.s	f0,f31	 f31:0xc5000000  f0=0x00000000
          13784	      6888	00101278	c009a027	fsw	f0,-1024(x19)	 f19:0x00102000  f0:0x00000000 PA:0x00101c00 store:0x3f800062 load:0x3f8000c5
          13786	      6889	0010127c	c009a087	flw	f1,-1024(x19)	 f19:0x00102000  f1=0x00000000 PA:0x00101c00 store:0x3f800062
          13790	      6891	00101280	928c8513	addi	x10,x25,-1752	 x25:0x00102000 x10=0x00101928
          13792	      6892	00101284	e0008ed3	fmv.x.w	x29,f1	  f1:0x00101270 x29=0x3f800062
          13794	      6893	00101288	bfda2823	sw	x29,-1040(x20)	 x20:0x00102000 x29:0x3f800062 PA:0x00101bf0 store:0x3f800062 load:0x3f800062
          13796	      6894	0010128c	e15fe0ef	jal	x1,1000a0	  x1=0x00101290
          13800	      6896	001000a0	00054803	lbu	x16,0(x10)	 x10:0x00101928 x16=0x0000000a PA:0x00101928 store:0x00000000
          13802	      6897	001000a4	06080663	beq	x16,x0,100110	 x16:0x0000000a  x0:0x00000000
          13804	      6898	001000a8	000207b7	lui	x15,0x20	 x15=0x00020000
          13808	      6900	001000ac	0107a023	sw	x16,0(x15)	 x15:0x00020000 x16:0x0000000a PA:0x00020000 store:0x0000000a load:0x00000000
          13812	      6902	001000b0	00154703	lbu	x14,1(x10)	 x10:0x00101928 x14=0x00000020 PA:0x00101929 store:0x00101290
          13814	      6903	001000b4	04070e63	beq	x14,x0,100110	 x14:0x00000020  x0:0x00000000
          13818	      6905	001000b8	00e7a023	sw	x14,0(x15)	 x15:0x00020000 x14:0x00000020 PA:0x00020000 store:0x00000020 load:0x00000000
          13822	      6907	001000bc	00254283	lbu	x5,2(x10)	 x10:0x00101928  x5=0x00000069 PA:0x0010192a store:0x00137fa0
          13824	      6908	001000c0	04028863	beq	x5,x0,100110	  x5:0x00000069  x0:0x00000000
          13828	      6910	001000c4	0057a023	sw	x5,0(x15)	 x15:0x00020000  x5:0x00000069 PA:0x00020000 store:0x00000069 load:0x00000000
          13832	      6912	001000c8	00354303	lbu	x6,3(x10)	 x10:0x00101928  x6=0x0000003d PA:0x0010192b store:0x00000000
          13834	      6913	001000cc	04030263	beq	x6,x0,100110	  x6:0x0000003d  x0:0x00000000
          13838	      6915	001000d0	0067a023	sw	x6,0(x15)	 x15:0x00020000  x6:0x0000003d PA:0x00020000 store:0x0000003d load:0x00000000
          13842	      6917	001000d4	00454383	lbu	x7,4(x10)	 x10:0x00101928  x7=0x00000000 PA:0x0010192c store:0x00000000
          13846	      6919	001000d8	02038c63	beq	x7,x0,100110	  x7:0x00000000  x0:0x00000000
          13850	      6921	00100110	00000513	addi	x10,x0,0	  x0:0x00000000 x10=0x00000000
          13854	      6923	00100114	00008067	jalr	x0,0(x1)	  x1:0x00101290  x0=0x00000000
          13856	      6924	00101290	000d8513	addi	x10,x27,0	 x27:0x00000012 x10=0x00000012
          13860	      6926	00101294	e8dfe0ef	jal	x1,100120	  x1=0x00101298
          13862	      6927	00100120	01c55793	srli	x15,x10,0x1c	 x10:0x00000012 x15=0x00000000
          13864	      6928	00100124	00900713	addi	x14,x0,9	  x0:0x00000000 x14=0x00000009
          13868	      6930	00100128	0cf77a63	bgeu	x14,x15,1001fc	 x14:0x00000009 x15:0x00000000
          13872	      6932	001001fc	03078393	addi	x7,x15,48	 x15:0x00000000  x7=0x00000030
          13874	      6933	00100200	000205b7	lui	x11,0x20	 x11=0x00020000
          13876	      6934	00100204	00451613	slli	x12,x10,0x4	 x10:0x00000012 x12=0x00000120
          13880	      6936	00100208	0075a023	sw	x7,0(x11)	 x11:0x00020000  x7:0x00000030 PA:0x00020000 store:0x00000030 load:0x00000000
          13882	      6937	0010020c	01c65693	srli	x13,x12,0x1c	 x12:0x00000120 x13=0x00000000
          13884	      6938	00100210	00900813	addi	x16,x0,9	  x0:0x00000000 x16=0x00000009
          13886	      6939	00100214	f2d86ae3	bltu	x16,x13,100148	 x16:0x00000009 x13:0x00000000
          13888	      6940	00100218	03068e93	addi	x29,x13,48	 x13:0x00000000 x29=0x00000030
          13890	      6941	0010021c	00020f37	lui	x30,0x20	 x30=0x00020000
          13892	      6942	00100220	00851f93	slli	x31,x10,0x8	 x10:0x00000012 x31=0x00001200
          13896	      6944	00100224	01df2023	sw	x29,0(x30)	 x30:0x00020000 x29:0x00000030 PA:0x00020000 store:0x00000030 load:0x00000000
          13898	      6945	00100228	01cfd793	srli	x15,x31,0x1c	 x31:0x00001200 x15=0x00000000
          13900	      6946	0010022c	00900713	addi	x14,x0,9	  x0:0x00000000 x14=0x00000009
          13902	      6947	00100230	f2f76ae3	bltu	x14,x15,100164	 x14:0x00000009 x15:0x00000000
          13904	      6948	00100234	03078393	addi	x7,x15,48	 x15:0x00000000  x7=0x00000030
          13906	      6949	00100238	000205b7	lui	x11,0x20	 x11=0x00020000
          13908	      6950	0010023c	00c51613	slli	x12,x10,0xc	 x10:0x00000012 x12=0x00012000
          13912	      6952	00100240	0075a023	sw	x7,0(x11)	 x11:0x00020000  x7:0x00000030 PA:0x00020000 store:0x00000030 load:0x00000000
          13914	      6953	00100244	01c65693	srli	x13,x12,0x1c	 x12:0x00012000 x13=0x00000000
          13916	      6954	00100248	00900813	addi	x16,x0,9	  x0:0x00000000 x16=0x00000009
          13918	      6955	0010024c	f2d86ae3	bltu	x16,x13,100180	 x16:0x00000009 x13:0x00000000
          13920	      6956	00100250	03068e93	addi	x29,x13,48	 x13:0x00000000 x29=0x00000030
          13922	      6957	00100254	00020f37	lui	x30,0x20	 x30=0x00020000
          13924	      6958	00100258	01051f93	slli	x31,x10,0x10	 x10:0x00000012 x31=0x00120000
          13928	      6960	0010025c	01df2023	sw	x29,0(x30)	 x30:0x00020000 x29:0x00000030 PA:0x00020000 store:0x00000030 load:0x00000000
          13930	      6961	00100260	01cfd793	srli	x15,x31,0x1c	 x31:0x00120000 x15=0x00000000
          13932	      6962	00100264	00900713	addi	x14,x0,9	  x0:0x00000000 x14=0x00000009
          13934	      6963	00100268	f2f76ae3	bltu	x14,x15,10019c	 x14:0x00000009 x15:0x00000000
          13936	      6964	0010026c	03078393	addi	x7,x15,48	 x15:0x00000000  x7=0x00000030
          13938	      6965	00100270	000205b7	lui	x11,0x20	 x11=0x00020000
          13940	      6966	00100274	01451613	slli	x12,x10,0x14	 x10:0x00000012 x12=0x01200000
          13944	      6968	00100278	0075a023	sw	x7,0(x11)	 x11:0x00020000  x7:0x00000030 PA:0x00020000 store:0x00000030 load:0x00000000
          13946	      6969	0010027c	01c65693	srli	x13,x12,0x1c	 x12:0x01200000 x13=0x00000000
          13948	      6970	00100280	00900813	addi	x16,x0,9	  x0:0x00000000 x16=0x00000009
          13950	      6971	00100284	f2d86ae3	bltu	x16,x13,1001b8	 x16:0x00000009 x13:0x00000000
          13952	      6972	00100288	03068e93	addi	x29,x13,48	 x13:0x00000000 x29=0x00000030
          13954	      6973	0010028c	00020f37	lui	x30,0x20	 x30=0x00020000
          13956	      6974	00100290	01851f93	slli	x31,x10,0x18	 x10:0x00000012 x31=0x12000000
          13960	      6976	00100294	01df2023	sw	x29,0(x30)	 x30:0x00020000 x29:0x00000030 PA:0x00020000 store:0x00000030 load:0x00000000
          13962	      6977	00100298	01cfd793	srli	x15,x31,0x1c	 x31:0x12000000 x15=0x00000001
          13964	      6978	0010029c	00900713	addi	x14,x0,9	  x0:0x00000000 x14=0x00000009
          13966	      6979	001002a0	f2f76ae3	bltu	x14,x15,1001d4	 x14:0x00000009 x15:0x00000001
          13968	      6980	001002a4	03078393	addi	x7,x15,48	 x15:0x00000001  x7=0x00000031
          13970	      6981	001002a8	000205b7	lui	x11,0x20	 x11=0x00020000
          13974	      6983	001002ac	0075a023	sw	x7,0(x11)	 x11:0x00020000  x7:0x00000031 PA:0x00020000 store:0x00000031 load:0x00000000
          13976	      6984	001002b0	00f57513	andi	x10,x10,15	 x10:0x00000012 x10=0x00000002
          13978	      6985	001002b4	00900613	addi	x12,x0,9	  x0:0x00000000 x12=0x00000009
          13982	      6987	001002b8	f2a67ae3	bgeu	x12,x10,1001ec	 x12:0x00000009 x10:0x00000002
          13986	      6989	001001ec	03050893	addi	x17,x10,48	 x10:0x00000002 x17=0x00000032
          13988	      6990	001001f0	00020e37	lui	x28,0x20	 x28=0x00020000
          13992	      6992	001001f4	011e2023	sw	x17,0(x28)	 x28:0x00020000 x17:0x00000032 PA:0x00020000 store:0x00000032 load:0x00000000
          13996	      6994	001001f8	00008067	jalr	x0,0(x1)	  x1:0x00101298  x0=0x00000000
          13998	      6995	00101298	930c0513	addi	x10,x24,-1744	 x24:0x00102000 x10=0x00101930
          14002	      6997	0010129c	e05fe0ef	jal	x1,1000a0	  x1=0x001012a0
          14006	      6999	001000a0	00054803	lbu	x16,0(x10)	 x10:0x00101930 x16=0x00000020 PA:0x00101930 store:0x00000000
          14008	      7000	001000a4	06080663	beq	x16,x0,100110	 x16:0x00000020  x0:0x00000000
          14010	      7001	001000a8	000207b7	lui	x15,0x20	 x15=0x00020000
          14014	      7003	001000ac	0107a023	sw	x16,0(x15)	 x15:0x00020000 x16:0x00000020 PA:0x00020000 store:0x00000020 load:0x00000000
          14018	      7005	001000b0	00154703	lbu	x14,1(x10)	 x10:0x00101930 x14=0x00000072 PA:0x00101931 store:0x001012a0
          14020	      7006	001000b4	04070e63	beq	x14,x0,100110	 x14:0x00000072  x0:0x00000000
          14024	      7008	001000b8	00e7a023	sw	x14,0(x15)	 x15:0x00020000 x14:0x00000072 PA:0x00020000 store:0x00000072 load:0x00000000
          14028	      7010	001000bc	00254283	lbu	x5,2(x10)	 x10:0x00101930  x5=0x00000065 PA:0x00101932 store:0x00137fa0
          14030	      7011	001000c0	04028863	beq	x5,x0,100110	  x5:0x00000065  x0:0x00000000
          14034	      7013	001000c4	0057a023	sw	x5,0(x15)	 x15:0x00020000  x5:0x00000065 PA:0x00020000 store:0x00000065 load:0x00000000
          14038	      7015	001000c8	00354303	lbu	x6,3(x10)	 x10:0x00101930  x6=0x00000073 PA:0x00101933 store:0x00000000
          14040	      7016	001000cc	04030263	beq	x6,x0,100110	  x6:0x00000073  x0:0x00000000
          14044	      7018	001000d0	0067a023	sw	x6,0(x15)	 x15:0x00020000  x6:0x00000073 PA:0x00020000 store:0x00000073 load:0x00000000
          14048	      7020	001000d4	00454383	lbu	x7,4(x10)	 x10:0x00101930  x7=0x00000075 PA:0x00101934 store:0x00000000
          14050	      7021	001000d8	02038c63	beq	x7,x0,100110	  x7:0x00000075  x0:0x00000000
          14054	      7023	001000dc	0077a023	sw	x7,0(x15)	 x15:0x00020000  x7:0x00000075 PA:0x00020000 store:0x00000075 load:0x00000000
          14058	      7025	001000e0	00554583	lbu	x11,5(x10)	 x10:0x00101930 x11=0x0000006c PA:0x00101935 store:0x00000065
          14060	      7026	001000e4	02058663	beq	x11,x0,100110	 x11:0x0000006c  x0:0x00000000
          14064	      7028	001000e8	00b7a023	sw	x11,0(x15)	 x15:0x00020000 x11:0x0000006c PA:0x00020000 store:0x0000006c load:0x00000000
          14068	      7030	001000ec	00654603	lbu	x12,6(x10)	 x10:0x00101930 x12=0x00000074 PA:0x00101936 store:0x00000073
          14070	      7031	001000f0	02060063	beq	x12,x0,100110	 x12:0x00000074  x0:0x00000000
          14074	      7033	001000f4	00c7a023	sw	x12,0(x15)	 x15:0x00020000 x12:0x00000074 PA:0x00020000 store:0x00000074 load:0x00000000
          14078	      7035	001000f8	00754683	lbu	x13,7(x10)	 x10:0x00101930 x13=0x0000003a PA:0x00101937 store:0x00000075
          14080	      7036	001000fc	00850513	addi	x10,x10,8	 x10:0x00101930 x10=0x00101938
          14082	      7037	00100100	00068863	beq	x13,x0,100110	 x13:0x0000003a  x0:0x00000000
          14086	      7039	00100104	00d7a023	sw	x13,0(x15)	 x15:0x00020000 x13:0x0000003a PA:0x00020000 store:0x0000003a load:0x00000000
          14090	      7041	00100108	00054803	lbu	x16,0(x10)	 x10:0x00101938 x16=0x00000020 PA:0x00101938 store:0x00000000
          14094	      7043	0010010c	fa0810e3	bne	x16,x0,1000ac	 x16:0x00000020  x0:0x00000000
          14100	      7046	001000ac	0107a023	sw	x16,0(x15)	 x15:0x00020000 x16:0x00000020 PA:0x00020000 store:0x00000020 load:0x00000000
          14104	      7048	001000b0	00154703	lbu	x14,1(x10)	 x10:0x00101938 x14=0x00000000 PA:0x00101939 store:0x001012a0
          14108	      7050	001000b4	04070e63	beq	x14,x0,100110	 x14:0x00000000  x0:0x00000000
          14112	      7052	00100110	00000513	addi	x10,x0,0	  x0:0x00000000 x10=0x00000000
          14116	      7054	00100114	00008067	jalr	x0,0(x1)	  x1:0x001012a0  x0=0x00000000
          14120	      7056	001012a0	bf0a2503	lw	x10,-1040(x20)	 x20:0x00102000 x10=0x3f800062 PA:0x00101bf0 store:0x00000020
          14122	      7057	001012a4	003a8d93	addi	x27,x21,3	 x21:0x00000010 x27=0x00000013
          14124	      7058	001012a8	004a8a93	addi	x21,x21,4	 x21:0x00000010 x21=0x00000014
          14128	      7060	001012ac	e75fe0ef	jal	x1,100120	  x1=0x001012b0
          14130	      7061	00100120	01c55793	srli	x15,x10,0x1c	 x10:0x3f800062 x15=0x00000003
          14132	      7062	00100124	00900713	addi	x14,x0,9	  x0:0x00000000 x14=0x00000009
          14136	      7064	00100128	0cf77a63	bgeu	x14,x15,1001fc	 x14:0x00000009 x15:0x00000003
          14140	      7066	001001fc	03078393	addi	x7,x15,48	 x15:0x00000003  x7=0x00000033
          14142	      7067	00100200	000205b7	lui	x11,0x20	 x11=0x00020000
          14144	      7068	00100204	00451613	slli	x12,x10,0x4	 x10:0x3f800062 x12=0xf8000620
          14148	      7070	00100208	0075a023	sw	x7,0(x11)	 x11:0x00020000  x7:0x00000033 PA:0x00020000 store:0x00000033 load:0x00000000
          14150	      7071	0010020c	01c65693	srli	x13,x12,0x1c	 x12:0xf8000620 x13=0x0000000f
          14152	      7072	00100210	00900813	addi	x16,x0,9	  x0:0x00000000 x16=0x00000009
          14156	      7074	00100214	f2d86ae3	bltu	x16,x13,100148	 x16:0x00000009 x13:0x0000000f
          14160	      7076	00100148	03768893	addi	x17,x13,55	 x13:0x0000000f x17=0x00000046
          14162	      7077	0010014c	00020e37	lui	x28,0x20	 x28=0x00020000
          14164	      7078	00100150	00851f93	slli	x31,x10,0x8	 x10:0x3f800062 x31=0x80006200
          14168	      7080	00100154	011e2023	sw	x17,0(x28)	 x28:0x00020000 x17:0x00000046 PA:0x00020000 store:0x00000046 load:0x00000000
          14170	      7081	00100158	01cfd793	srli	x15,x31,0x1c	 x31:0x80006200 x15=0x00000008
          14172	      7082	0010015c	00900713	addi	x14,x0,9	  x0:0x00000000 x14=0x00000009
          14176	      7084	00100160	0cf77a63	bgeu	x14,x15,100234	 x14:0x00000009 x15:0x00000008
          14180	      7086	00100234	03078393	addi	x7,x15,48	 x15:0x00000008  x7=0x00000038
          14182	      7087	00100238	000205b7	lui	x11,0x20	 x11=0x00020000
          14184	      7088	0010023c	00c51613	slli	x12,x10,0xc	 x10:0x3f800062 x12=0x00062000
          14188	      7090	00100240	0075a023	sw	x7,0(x11)	 x11:0x00020000  x7:0x00000038 PA:0x00020000 store:0x00000038 load:0x00000000
          14190	      7091	00100244	01c65693	srli	x13,x12,0x1c	 x12:0x00062000 x13=0x00000000
          14192	      7092	00100248	00900813	addi	x16,x0,9	  x0:0x00000000 x16=0x00000009
          14194	      7093	0010024c	f2d86ae3	bltu	x16,x13,100180	 x16:0x00000009 x13:0x00000000
          14196	      7094	00100250	03068e93	addi	x29,x13,48	 x13:0x00000000 x29=0x00000030
          14198	      7095	00100254	00020f37	lui	x30,0x20	 x30=0x00020000
          14200	      7096	00100258	01051f93	slli	x31,x10,0x10	 x10:0x3f800062 x31=0x00620000
          14204	      7098	0010025c	01df2023	sw	x29,0(x30)	 x30:0x00020000 x29:0x00000030 PA:0x00020000 store:0x00000030 load:0x00000000
          14206	      7099	00100260	01cfd793	srli	x15,x31,0x1c	 x31:0x00620000 x15=0x00000000
          14208	      7100	00100264	00900713	addi	x14,x0,9	  x0:0x00000000 x14=0x00000009
          14210	      7101	00100268	f2f76ae3	bltu	x14,x15,10019c	 x14:0x00000009 x15:0x00000000
          14212	      7102	0010026c	03078393	addi	x7,x15,48	 x15:0x00000000  x7=0x00000030
          14214	      7103	00100270	000205b7	lui	x11,0x20	 x11=0x00020000
          14216	      7104	00100274	01451613	slli	x12,x10,0x14	 x10:0x3f800062 x12=0x06200000
          14220	      7106	00100278	0075a023	sw	x7,0(x11)	 x11:0x00020000  x7:0x00000030 PA:0x00020000 store:0x00000030 load:0x00000000
          14222	      7107	0010027c	01c65693	srli	x13,x12,0x1c	 x12:0x06200000 x13=0x00000000
          14224	      7108	00100280	00900813	addi	x16,x0,9	  x0:0x00000000 x16=0x00000009
          14226	      7109	00100284	f2d86ae3	bltu	x16,x13,1001b8	 x16:0x00000009 x13:0x00000000
          14228	      7110	00100288	03068e93	addi	x29,x13,48	 x13:0x00000000 x29=0x00000030
          14230	      7111	0010028c	00020f37	lui	x30,0x20	 x30=0x00020000
          14232	      7112	00100290	01851f93	slli	x31,x10,0x18	 x10:0x3f800062 x31=0x62000000
          14236	      7114	00100294	01df2023	sw	x29,0(x30)	 x30:0x00020000 x29:0x00000030 PA:0x00020000 store:0x00000030 load:0x00000000
          14238	      7115	00100298	01cfd793	srli	x15,x31,0x1c	 x31:0x62000000 x15=0x00000006
          14240	      7116	0010029c	00900713	addi	x14,x0,9	  x0:0x00000000 x14=0x00000009
          14242	      7117	001002a0	f2f76ae3	bltu	x14,x15,1001d4	 x14:0x00000009 x15:0x00000006
          14244	      7118	001002a4	03078393	addi	x7,x15,48	 x15:0x00000006  x7=0x00000036
          14246	      7119	001002a8	000205b7	lui	x11,0x20	 x11=0x00020000
          14250	      7121	001002ac	0075a023	sw	x7,0(x11)	 x11:0x00020000  x7:0x00000036 PA:0x00020000 store:0x00000036 load:0x00000000
          14252	      7122	001002b0	00f57513	andi	x10,x10,15	 x10:0x3f800062 x10=0x00000002
          14254	      7123	001002b4	00900613	addi	x12,x0,9	  x0:0x00000000 x12=0x00000009
          14258	      7125	001002b8	f2a67ae3	bgeu	x12,x10,1001ec	 x12:0x00000009 x10:0x00000002
          14262	      7127	001001ec	03050893	addi	x17,x10,48	 x10:0x00000002 x17=0x00000032
          14264	      7128	001001f0	00020e37	lui	x28,0x20	 x28=0x00020000
          14268	      7130	001001f4	011e2023	sw	x17,0(x28)	 x28:0x00020000 x17:0x00000032 PA:0x00020000 store:0x00000032 load:0x00000000
          14278	      7135	001001f8	00008067	jalr	x0,0(x1)	  x1:0x001012b0  x0=0x00000000
          14280	      7136	001012b0	c009a107	flw	f2,-1024(x19)	 f19:0x00102000  f2=0x00000000 PA:0x00101c00 store:0x3f800062
          14300	      7146	001012b4	58017753	fsqrt.s	f14,f2	  f2:0x00137fa0 f14=0x00000000
          14302	      7147	001012b8	c0e9a027	fsw	f14,-1024(x19)	 f19:0x00102000 f14:0x00000009 PA:0x00101c00 store:0x3f800031 load:0x3f800062
          14304	      7148	001012bc	c009a787	flw	f15,-1024(x19)	 f19:0x00102000 f15=0x00000000 PA:0x00101c00 store:0x3f800062
          14308	      7150	001012c0	928c8513	addi	x10,x25,-1752	 x25:0x00102000 x10=0x00101928
          14310	      7151	001012c4	e0078f53	fmv.x.w	x30,f15	 f15:0x00000006 x30=0x3f800031
          14312	      7152	001012c8	bfea2823	sw	x30,-1040(x20)	 x20:0x00102000 x30:0x3f800031 PA:0x00101bf0 store:0x3f800031 load:0x3f800031
          14314	      7153	001012cc	dd5fe0ef	jal	x1,1000a0	  x1=0x001012d0
          14318	      7155	001000a0	00054803	lbu	x16,0(x10)	 x10:0x00101928 x16=0x0000000a PA:0x00101928 store:0x00000000
          14320	      7156	001000a4	06080663	beq	x16,x0,100110	 x16:0x0000000a  x0:0x00000000
          14322	      7157	001000a8	000207b7	lui	x15,0x20	 x15=0x00020000
          14326	      7159	001000ac	0107a023	sw	x16,0(x15)	 x15:0x00020000 x16:0x0000000a PA:0x00020000 store:0x0000000a load:0x00000000
          14330	      7161	001000b0	00154703	lbu	x14,1(x10)	 x10:0x00101928 x14=0x00000020 PA:0x00101929 store:0x001012d0
          14332	      7162	001000b4	04070e63	beq	x14,x0,100110	 x14:0x00000020  x0:0x00000000
          14336	      7164	001000b8	00e7a023	sw	x14,0(x15)	 x15:0x00020000 x14:0x00000020 PA:0x00020000 store:0x00000020 load:0x00000000
          14340	      7166	001000bc	00254283	lbu	x5,2(x10)	 x10:0x00101928  x5=0x00000069 PA:0x0010192a store:0x00137fa0
          14342	      7167	001000c0	04028863	beq	x5,x0,100110	  x5:0x00000069  x0:0x00000000
          14346	      7169	001000c4	0057a023	sw	x5,0(x15)	 x15:0x00020000  x5:0x00000069 PA:0x00020000 store:0x00000069 load:0x00000000
          14350	      7171	001000c8	00354303	lbu	x6,3(x10)	 x10:0x00101928  x6=0x0000003d PA:0x0010192b store:0x00000000
          14352	      7172	001000cc	04030263	beq	x6,x0,100110	  x6:0x0000003d  x0:0x00000000
          14356	      7174	001000d0	0067a023	sw	x6,0(x15)	 x15:0x00020000  x6:0x0000003d PA:0x00020000 store:0x0000003d load:0x00000000
          14360	      7176	001000d4	00454383	lbu	x7,4(x10)	 x10:0x00101928  x7=0x00000000 PA:0x0010192c store:0x00000000
          14364	      7178	001000d8	02038c63	beq	x7,x0,100110	  x7:0x00000000  x0:0x00000000
          14368	      7180	00100110	00000513	addi	x10,x0,0	  x0:0x00000000 x10=0x00000000
          14372	      7182	00100114	00008067	jalr	x0,0(x1)	  x1:0x001012d0  x0=0x00000000
          14374	      7183	001012d0	000d8513	addi	x10,x27,0	 x27:0x00000013 x10=0x00000013
          14378	      7185	001012d4	e4dfe0ef	jal	x1,100120	  x1=0x001012d8
          14380	      7186	00100120	01c55793	srli	x15,x10,0x1c	 x10:0x00000013 x15=0x00000000
          14382	      7187	00100124	00900713	addi	x14,x0,9	  x0:0x00000000 x14=0x00000009
          14386	      7189	00100128	0cf77a63	bgeu	x14,x15,1001fc	 x14:0x00000009 x15:0x00000000
          14390	      7191	001001fc	03078393	addi	x7,x15,48	 x15:0x00000000  x7=0x00000030
          14392	      7192	00100200	000205b7	lui	x11,0x20	 x11=0x00020000
          14394	      7193	00100204	00451613	slli	x12,x10,0x4	 x10:0x00000013 x12=0x00000130
          14398	      7195	00100208	0075a023	sw	x7,0(x11)	 x11:0x00020000  x7:0x00000030 PA:0x00020000 store:0x00000030 load:0x00000000
          14400	      7196	0010020c	01c65693	srli	x13,x12,0x1c	 x12:0x00000130 x13=0x00000000
          14402	      7197	00100210	00900813	addi	x16,x0,9	  x0:0x00000000 x16=0x00000009
          14404	      7198	00100214	f2d86ae3	bltu	x16,x13,100148	 x16:0x00000009 x13:0x00000000
          14406	      7199	00100218	03068e93	addi	x29,x13,48	 x13:0x00000000 x29=0x00000030
          14408	      7200	0010021c	00020f37	lui	x30,0x20	 x30=0x00020000
          14410	      7201	00100220	00851f93	slli	x31,x10,0x8	 x10:0x00000013 x31=0x00001300
          14414	      7203	00100224	01df2023	sw	x29,0(x30)	 x30:0x00020000 x29:0x00000030 PA:0x00020000 store:0x00000030 load:0x00000000
          14416	      7204	00100228	01cfd793	srli	x15,x31,0x1c	 x31:0x00001300 x15=0x00000000
          14418	      7205	0010022c	00900713	addi	x14,x0,9	  x0:0x00000000 x14=0x00000009
          14420	      7206	00100230	f2f76ae3	bltu	x14,x15,100164	 x14:0x00000009 x15:0x00000000
          14422	      7207	00100234	03078393	addi	x7,x15,48	 x15:0x00000000  x7=0x00000030
          14424	      7208	00100238	000205b7	lui	x11,0x20	 x11=0x00020000
          14426	      7209	0010023c	00c51613	slli	x12,x10,0xc	 x10:0x00000013 x12=0x00013000
          14430	      7211	00100240	0075a023	sw	x7,0(x11)	 x11:0x00020000  x7:0x00000030 PA:0x00020000 store:0x00000030 load:0x00000000
          14432	      7212	00100244	01c65693	srli	x13,x12,0x1c	 x12:0x00013000 x13=0x00000000
          14434	      7213	00100248	00900813	addi	x16,x0,9	  x0:0x00000000 x16=0x00000009
          14436	      7214	0010024c	f2d86ae3	bltu	x16,x13,100180	 x16:0x00000009 x13:0x00000000
          14438	      7215	00100250	03068e93	addi	x29,x13,48	 x13:0x00000000 x29=0x00000030
          14440	      7216	00100254	00020f37	lui	x30,0x20	 x30=0x00020000
          14442	      7217	00100258	01051f93	slli	x31,x10,0x10	 x10:0x00000013 x31=0x00130000
          14446	      7219	0010025c	01df2023	sw	x29,0(x30)	 x30:0x00020000 x29:0x00000030 PA:0x00020000 store:0x00000030 load:0x00000000
          14448	      7220	00100260	01cfd793	srli	x15,x31,0x1c	 x31:0x00130000 x15=0x00000000
          14450	      7221	00100264	00900713	addi	x14,x0,9	  x0:0x00000000 x14=0x00000009
          14452	      7222	00100268	f2f76ae3	bltu	x14,x15,10019c	 x14:0x00000009 x15:0x00000000
          14454	      7223	0010026c	03078393	addi	x7,x15,48	 x15:0x00000000  x7=0x00000030
          14456	      7224	00100270	000205b7	lui	x11,0x20	 x11=0x00020000
          14458	      7225	00100274	01451613	slli	x12,x10,0x14	 x10:0x00000013 x12=0x01300000
          14462	      7227	00100278	0075a023	sw	x7,0(x11)	 x11:0x00020000  x7:0x00000030 PA:0x00020000 store:0x00000030 load:0x00000000
          14464	      7228	0010027c	01c65693	srli	x13,x12,0x1c	 x12:0x01300000 x13=0x00000000
          14466	      7229	00100280	00900813	addi	x16,x0,9	  x0:0x00000000 x16=0x00000009
          14468	      7230	00100284	f2d86ae3	bltu	x16,x13,1001b8	 x16:0x00000009 x13:0x00000000
          14470	      7231	00100288	03068e93	addi	x29,x13,48	 x13:0x00000000 x29=0x00000030
          14472	      7232	0010028c	00020f37	lui	x30,0x20	 x30=0x00020000
          14474	      7233	00100290	01851f93	slli	x31,x10,0x18	 x10:0x00000013 x31=0x13000000
          14478	      7235	00100294	01df2023	sw	x29,0(x30)	 x30:0x00020000 x29:0x00000030 PA:0x00020000 store:0x00000030 load:0x00000000
          14480	      7236	00100298	01cfd793	srli	x15,x31,0x1c	 x31:0x13000000 x15=0x00000001
          14482	      7237	0010029c	00900713	addi	x14,x0,9	  x0:0x00000000 x14=0x00000009
          14484	      7238	001002a0	f2f76ae3	bltu	x14,x15,1001d4	 x14:0x00000009 x15:0x00000001
          14486	      7239	001002a4	03078393	addi	x7,x15,48	 x15:0x00000001  x7=0x00000031
          14488	      7240	001002a8	000205b7	lui	x11,0x20	 x11=0x00020000
          14492	      7242	001002ac	0075a023	sw	x7,0(x11)	 x11:0x00020000  x7:0x00000031 PA:0x00020000 store:0x00000031 load:0x00000000
          14494	      7243	001002b0	00f57513	andi	x10,x10,15	 x10:0x00000013 x10=0x00000003
          14496	      7244	001002b4	00900613	addi	x12,x0,9	  x0:0x00000000 x12=0x00000009
          14500	      7246	001002b8	f2a67ae3	bgeu	x12,x10,1001ec	 x12:0x00000009 x10:0x00000003
          14504	      7248	001001ec	03050893	addi	x17,x10,48	 x10:0x00000003 x17=0x00000033
          14506	      7249	001001f0	00020e37	lui	x28,0x20	 x28=0x00020000
          14510	      7251	001001f4	011e2023	sw	x17,0(x28)	 x28:0x00020000 x17:0x00000033 PA:0x00020000 store:0x00000033 load:0x00000000
          14514	      7253	001001f8	00008067	jalr	x0,0(x1)	  x1:0x001012d8  x0=0x00000000
          14516	      7254	001012d8	930c0513	addi	x10,x24,-1744	 x24:0x00102000 x10=0x00101930
          14520	      7256	001012dc	dc5fe0ef	jal	x1,1000a0	  x1=0x001012e0
          14524	      7258	001000a0	00054803	lbu	x16,0(x10)	 x10:0x00101930 x16=0x00000020 PA:0x00101930 store:0x00000000
          14526	      7259	001000a4	06080663	beq	x16,x0,100110	 x16:0x00000020  x0:0x00000000
          14528	      7260	001000a8	000207b7	lui	x15,0x20	 x15=0x00020000
          14532	      7262	001000ac	0107a023	sw	x16,0(x15)	 x15:0x00020000 x16:0x00000020 PA:0x00020000 store:0x00000020 load:0x00000000
          14536	      7264	001000b0	00154703	lbu	x14,1(x10)	 x10:0x00101930 x14=0x00000072 PA:0x00101931 store:0x001012e0
          14538	      7265	001000b4	04070e63	beq	x14,x0,100110	 x14:0x00000072  x0:0x00000000
          14542	      7267	001000b8	00e7a023	sw	x14,0(x15)	 x15:0x00020000 x14:0x00000072 PA:0x00020000 store:0x00000072 load:0x00000000
          14546	      7269	001000bc	00254283	lbu	x5,2(x10)	 x10:0x00101930  x5=0x00000065 PA:0x00101932 store:0x00137fa0
          14548	      7270	001000c0	04028863	beq	x5,x0,100110	  x5:0x00000065  x0:0x00000000
          14552	      7272	001000c4	0057a023	sw	x5,0(x15)	 x15:0x00020000  x5:0x00000065 PA:0x00020000 store:0x00000065 load:0x00000000
          14556	      7274	001000c8	00354303	lbu	x6,3(x10)	 x10:0x00101930  x6=0x00000073 PA:0x00101933 store:0x00000000
          14558	      7275	001000cc	04030263	beq	x6,x0,100110	  x6:0x00000073  x0:0x00000000
          14562	      7277	001000d0	0067a023	sw	x6,0(x15)	 x15:0x00020000  x6:0x00000073 PA:0x00020000 store:0x00000073 load:0x00000000
          14566	      7279	001000d4	00454383	lbu	x7,4(x10)	 x10:0x00101930  x7=0x00000075 PA:0x00101934 store:0x00000000
          14568	      7280	001000d8	02038c63	beq	x7,x0,100110	  x7:0x00000075  x0:0x00000000
          14572	      7282	001000dc	0077a023	sw	x7,0(x15)	 x15:0x00020000  x7:0x00000075 PA:0x00020000 store:0x00000075 load:0x00000000
          14576	      7284	001000e0	00554583	lbu	x11,5(x10)	 x10:0x00101930 x11=0x0000006c PA:0x00101935 store:0x00000065
          14578	      7285	001000e4	02058663	beq	x11,x0,100110	 x11:0x0000006c  x0:0x00000000
          14582	      7287	001000e8	00b7a023	sw	x11,0(x15)	 x15:0x00020000 x11:0x0000006c PA:0x00020000 store:0x0000006c load:0x00000000
          14586	      7289	001000ec	00654603	lbu	x12,6(x10)	 x10:0x00101930 x12=0x00000074 PA:0x00101936 store:0x00000073
          14588	      7290	001000f0	02060063	beq	x12,x0,100110	 x12:0x00000074  x0:0x00000000
          14592	      7292	001000f4	00c7a023	sw	x12,0(x15)	 x15:0x00020000 x12:0x00000074 PA:0x00020000 store:0x00000074 load:0x00000000
          14596	      7294	001000f8	00754683	lbu	x13,7(x10)	 x10:0x00101930 x13=0x0000003a PA:0x00101937 store:0x00000075
          14598	      7295	001000fc	00850513	addi	x10,x10,8	 x10:0x00101930 x10=0x00101938
          14600	      7296	00100100	00068863	beq	x13,x0,100110	 x13:0x0000003a  x0:0x00000000
          14604	      7298	00100104	00d7a023	sw	x13,0(x15)	 x15:0x00020000 x13:0x0000003a PA:0x00020000 store:0x0000003a load:0x00000000
          14608	      7300	00100108	00054803	lbu	x16,0(x10)	 x10:0x00101938 x16=0x00000020 PA:0x00101938 store:0x00000000
          14612	      7302	0010010c	fa0810e3	bne	x16,x0,1000ac	 x16:0x00000020  x0:0x00000000
          14618	      7305	001000ac	0107a023	sw	x16,0(x15)	 x15:0x00020000 x16:0x00000020 PA:0x00020000 store:0x00000020 load:0x00000000
          14622	      7307	001000b0	00154703	lbu	x14,1(x10)	 x10:0x00101938 x14=0x00000000 PA:0x00101939 store:0x001012e0
          14626	      7309	001000b4	04070e63	beq	x14,x0,100110	 x14:0x00000000  x0:0x00000000
          14630	      7311	00100110	00000513	addi	x10,x0,0	  x0:0x00000000 x10=0x00000000
          14634	      7313	00100114	00008067	jalr	x0,0(x1)	  x1:0x001012e0  x0=0x00000000
          14638	      7315	001012e0	bf0a2503	lw	x10,-1040(x20)	 x20:0x00102000 x10=0x3f800031 PA:0x00101bf0 store:0x00000020
          14642	      7317	001012e4	e3dfe0ef	jal	x1,100120	  x1=0x001012e8
          14644	      7318	00100120	01c55793	srli	x15,x10,0x1c	 x10:0x3f800031 x15=0x00000003
          14646	      7319	00100124	00900713	addi	x14,x0,9	  x0:0x00000000 x14=0x00000009
          14650	      7321	00100128	0cf77a63	bgeu	x14,x15,1001fc	 x14:0x00000009 x15:0x00000003
          14654	      7323	001001fc	03078393	addi	x7,x15,48	 x15:0x00000003  x7=0x00000033
          14656	      7324	00100200	000205b7	lui	x11,0x20	 x11=0x00020000
          14658	      7325	00100204	00451613	slli	x12,x10,0x4	 x10:0x3f800031 x12=0xf8000310
          14662	      7327	00100208	0075a023	sw	x7,0(x11)	 x11:0x00020000  x7:0x00000033 PA:0x00020000 store:0x00000033 load:0x00000000
          14664	      7328	0010020c	01c65693	srli	x13,x12,0x1c	 x12:0xf8000310 x13=0x0000000f
          14666	      7329	00100210	00900813	addi	x16,x0,9	  x0:0x00000000 x16=0x00000009
          14670	      7331	00100214	f2d86ae3	bltu	x16,x13,100148	 x16:0x00000009 x13:0x0000000f
          14674	      7333	00100148	03768893	addi	x17,x13,55	 x13:0x0000000f x17=0x00000046
          14676	      7334	0010014c	00020e37	lui	x28,0x20	 x28=0x00020000
          14678	      7335	00100150	00851f93	slli	x31,x10,0x8	 x10:0x3f800031 x31=0x80003100
          14682	      7337	00100154	011e2023	sw	x17,0(x28)	 x28:0x00020000 x17:0x00000046 PA:0x00020000 store:0x00000046 load:0x00000000
          14684	      7338	00100158	01cfd793	srli	x15,x31,0x1c	 x31:0x80003100 x15=0x00000008
          14686	      7339	0010015c	00900713	addi	x14,x0,9	  x0:0x00000000 x14=0x00000009
          14690	      7341	00100160	0cf77a63	bgeu	x14,x15,100234	 x14:0x00000009 x15:0x00000008
          14694	      7343	00100234	03078393	addi	x7,x15,48	 x15:0x00000008  x7=0x00000038
          14696	      7344	00100238	000205b7	lui	x11,0x20	 x11=0x00020000
          14698	      7345	0010023c	00c51613	slli	x12,x10,0xc	 x10:0x3f800031 x12=0x00031000
          14702	      7347	00100240	0075a023	sw	x7,0(x11)	 x11:0x00020000  x7:0x00000038 PA:0x00020000 store:0x00000038 load:0x00000000
          14704	      7348	00100244	01c65693	srli	x13,x12,0x1c	 x12:0x00031000 x13=0x00000000
          14706	      7349	00100248	00900813	addi	x16,x0,9	  x0:0x00000000 x16=0x00000009
          14708	      7350	0010024c	f2d86ae3	bltu	x16,x13,100180	 x16:0x00000009 x13:0x00000000
          14710	      7351	00100250	03068e93	addi	x29,x13,48	 x13:0x00000000 x29=0x00000030
          14712	      7352	00100254	00020f37	lui	x30,0x20	 x30=0x00020000
          14714	      7353	00100258	01051f93	slli	x31,x10,0x10	 x10:0x3f800031 x31=0x00310000
          14718	      7355	0010025c	01df2023	sw	x29,0(x30)	 x30:0x00020000 x29:0x00000030 PA:0x00020000 store:0x00000030 load:0x00000000
          14720	      7356	00100260	01cfd793	srli	x15,x31,0x1c	 x31:0x00310000 x15=0x00000000
          14722	      7357	00100264	00900713	addi	x14,x0,9	  x0:0x00000000 x14=0x00000009
          14724	      7358	00100268	f2f76ae3	bltu	x14,x15,10019c	 x14:0x00000009 x15:0x00000000
          14726	      7359	0010026c	03078393	addi	x7,x15,48	 x15:0x00000000  x7=0x00000030
          14728	      7360	00100270	000205b7	lui	x11,0x20	 x11=0x00020000
          14730	      7361	00100274	01451613	slli	x12,x10,0x14	 x10:0x3f800031 x12=0x03100000
          14734	      7363	00100278	0075a023	sw	x7,0(x11)	 x11:0x00020000  x7:0x00000030 PA:0x00020000 store:0x00000030 load:0x00000000
          14736	      7364	0010027c	01c65693	srli	x13,x12,0x1c	 x12:0x03100000 x13=0x00000000
          14738	      7365	00100280	00900813	addi	x16,x0,9	  x0:0x00000000 x16=0x00000009
          14740	      7366	00100284	f2d86ae3	bltu	x16,x13,1001b8	 x16:0x00000009 x13:0x00000000
          14742	      7367	00100288	03068e93	addi	x29,x13,48	 x13:0x00000000 x29=0x00000030
          14744	      7368	0010028c	00020f37	lui	x30,0x20	 x30=0x00020000
          14746	      7369	00100290	01851f93	slli	x31,x10,0x18	 x10:0x3f800031 x31=0x31000000
          14750	      7371	00100294	01df2023	sw	x29,0(x30)	 x30:0x00020000 x29:0x00000030 PA:0x00020000 store:0x00000030 load:0x00000000
          14752	      7372	00100298	01cfd793	srli	x15,x31,0x1c	 x31:0x31000000 x15=0x00000003
          14754	      7373	0010029c	00900713	addi	x14,x0,9	  x0:0x00000000 x14=0x00000009
          14756	      7374	001002a0	f2f76ae3	bltu	x14,x15,1001d4	 x14:0x00000009 x15:0x00000003
          14758	      7375	001002a4	03078393	addi	x7,x15,48	 x15:0x00000003  x7=0x00000033
          14760	      7376	001002a8	000205b7	lui	x11,0x20	 x11=0x00020000
          14764	      7378	001002ac	0075a023	sw	x7,0(x11)	 x11:0x00020000  x7:0x00000033 PA:0x00020000 store:0x00000033 load:0x00000000
          14766	      7379	001002b0	00f57513	andi	x10,x10,15	 x10:0x3f800031 x10=0x00000001
          14768	      7380	001002b4	00900613	addi	x12,x0,9	  x0:0x00000000 x12=0x00000009
          14772	      7382	001002b8	f2a67ae3	bgeu	x12,x10,1001ec	 x12:0x00000009 x10:0x00000001
          14776	      7384	001001ec	03050893	addi	x17,x10,48	 x10:0x00000001 x17=0x00000031
          14778	      7385	001001f0	00020e37	lui	x28,0x20	 x28=0x00020000
          14782	      7387	001001f4	011e2023	sw	x17,0(x28)	 x28:0x00020000 x17:0x00000031 PA:0x00020000 store:0x00000031 load:0x00000000
          14786	      7389	001001f8	00008067	jalr	x0,0(x1)	  x1:0x001012e8  x0=0x00000000
          14788	      7390	001012e8	f1aa98e3	bne	x21,x26,1011f8	 x21:0x00000014 x26:0x00000014
          14796	      7394	001012ec	00102fb7	lui	x31,0x102	 x31=0x00102000
          14798	      7395	001012f0	84cfa207	flw	f4,-1972(x31)	 f31:0x00102000  f4=0x00000000 PA:0x0010184c store:0x3f7d1f60
          14800	      7396	001012f4	00102537	lui	x10,0x102	 x10=0x00102000
          14802	      7397	001012f8	85052587	flw	f11,-1968(x10)	 f10:0x00102000 f11=0x00000000 PA:0x00101850 store:0x442e7f9d
          14804	      7398	001012fc	00102cb7	lui	x25,0x102	 x25=0x00102000
          14806	      7399	00101300	854ca187	flw	f3,-1964(x25)	 f25:0x00102000  f3=0x00000000 PA:0x00101854 store:0x3f80018a
          14810	      7401	00101304	001026b7	lui	x13,0x102	 x13=0x00102000
          14812	      7402	00101308	00102ab7	lui	x21,0x102	 x21=0x00102000
          14814	      7403	0010130c	be4aac27	fsw	f4,-1032(x21)	 f21:0x00102000  f4:0x00000000 PA:0x00101bf8 store:0x42f64a98 load:0x80000000
          14816	      7404	00101310	8586a287	flw	f5,-1960(x13)	 f13:0x00102000  f5=0x00000000 PA:0x00101858 store:0x00000000
          14818	      7405	00101314	c0b9a027	fsw	f11,-1024(x19)	 f19:0x00102000 f11:0x00020000 PA:0x00101c00 store:0x41433afb load:0x3ea4b87c
          14820	      7406	00101318	00102737	lui	x14,0x102	 x14=0x00102000
          14822	      7407	0010131c	00102c37	lui	x24,0x102	 x24=0x00102000
          14824	      7408	00101320	c03c2227	fsw	f3,-1020(x24)	 f24:0x00102000  f3:0x00000000 PA:0x00101c04 store:0x80000000 load:0x3ea4b87c
          14826	      7409	00101324	93c70513	addi	x10,x14,-1732	 x14:0x00102000 x10=0x0010193c
          14828	      7410	00101328	c0542827	fsw	f5,-1008(x8)	  f8:0x00102000  f5:0x00000065 PA:0x00101c10 store:0x3ea4b87c load:0x3ea4b87c
          14830	      7411	0010132c	d75fe0ef	jal	x1,1000a0	  x1=0x00101330
          14832	      7412	001000a0	00054803	lbu	x16,0(x10)	 x10:0x0010193c x16=0x0000000a PA:0x0010193c store:0x00000000
          14834	      7413	001000a4	06080663	beq	x16,x0,100110	 x16:0x0000000a  x0:0x00000000
          14836	      7414	001000a8	000207b7	lui	x15,0x20	 x15=0x00020000
          14838	      7415	001000ac	0107a023	sw	x16,0(x15)	 x15:0x00020000 x16:0x0000000a PA:0x00020000 store:0x0000000a load:0x00000000
          14840	      7416	001000b0	00154703	lbu	x14,1(x10)	 x10:0x0010193c x14=0x0000000a PA:0x0010193d store:0x00101330
          14842	      7417	001000b4	04070e63	beq	x14,x0,100110	 x14:0x0000000a  x0:0x00000000
          14846	      7419	001000b8	00e7a023	sw	x14,0(x15)	 x15:0x00020000 x14:0x0000000a PA:0x00020000 store:0x0000000a load:0x00000000
          14850	      7421	001000bc	00254283	lbu	x5,2(x10)	 x10:0x0010193c  x5=0x00000053 PA:0x0010193e store:0x00137fa0
          14852	      7422	001000c0	04028863	beq	x5,x0,100110	  x5:0x00000053  x0:0x00000000
          14856	      7424	001000c4	0057a023	sw	x5,0(x15)	 x15:0x00020000  x5:0x00000053 PA:0x00020000 store:0x00000053 load:0x00000000
          14860	      7426	001000c8	00354303	lbu	x6,3(x10)	 x10:0x0010193c  x6=0x00000069 PA:0x0010193f store:0x00000000
          14862	      7427	001000cc	04030263	beq	x6,x0,100110	  x6:0x00000069  x0:0x00000000
          14866	      7429	001000d0	0067a023	sw	x6,0(x15)	 x15:0x00020000  x6:0x00000069 PA:0x00020000 store:0x00000069 load:0x00000000
          14870	      7431	001000d4	00454383	lbu	x7,4(x10)	 x10:0x0010193c  x7=0x00000067 PA:0x00101940 store:0x00000000
          14872	      7432	001000d8	02038c63	beq	x7,x0,100110	  x7:0x00000067  x0:0x00000000
          14876	      7434	001000dc	0077a023	sw	x7,0(x15)	 x15:0x00020000  x7:0x00000067 PA:0x00020000 store:0x00000067 load:0x00000000
          14880	      7436	001000e0	00554583	lbu	x11,5(x10)	 x10:0x0010193c x11=0x0000006e PA:0x00101941 store:0x00000053
          14882	      7437	001000e4	02058663	beq	x11,x0,100110	 x11:0x0000006e  x0:0x00000000
          14886	      7439	001000e8	00b7a023	sw	x11,0(x15)	 x15:0x00020000 x11:0x0000006e PA:0x00020000 store:0x0000006e load:0x00000000
          14890	      7441	001000ec	00654603	lbu	x12,6(x10)	 x10:0x0010193c x12=0x0000002c PA:0x00101942 store:0x00000069
          14892	      7442	001000f0	02060063	beq	x12,x0,100110	 x12:0x0000002c  x0:0x00000000
          14896	      7444	001000f4	00c7a023	sw	x12,0(x15)	 x15:0x00020000 x12:0x0000002c PA:0x00020000 store:0x0000002c load:0x00000000
          14900	      7446	001000f8	00754683	lbu	x13,7(x10)	 x10:0x0010193c x13=0x00000020 PA:0x00101943 store:0x00000067
          14902	      7447	001000fc	00850513	addi	x10,x10,8	 x10:0x0010193c x10=0x00101944
          14904	      7448	00100100	00068863	beq	x13,x0,100110	 x13:0x00000020  x0:0x00000000
          14908	      7450	00100104	00d7a023	sw	x13,0(x15)	 x15:0x00020000 x13:0x00000020 PA:0x00020000 store:0x00000020 load:0x00000000
          14912	      7452	00100108	00054803	lbu	x16,0(x10)	 x10:0x00101944 x16=0x0000006d PA:0x00101944 store:0x00000000
          14916	      7454	0010010c	fa0810e3	bne	x16,x0,1000ac	 x16:0x0000006d  x0:0x00000000
          14922	      7457	001000ac	0107a023	sw	x16,0(x15)	 x15:0x00020000 x16:0x0000006d PA:0x00020000 store:0x0000006d load:0x00000000
          14926	      7459	001000b0	00154703	lbu	x14,1(x10)	 x10:0x00101944 x14=0x00000061 PA:0x00101945 store:0x00101330
          14928	      7460	001000b4	04070e63	beq	x14,x0,100110	 x14:0x00000061  x0:0x00000000
          14932	      7462	001000b8	00e7a023	sw	x14,0(x15)	 x15:0x00020000 x14:0x00000061 PA:0x00020000 store:0x00000061 load:0x00000000
          14936	      7464	001000bc	00254283	lbu	x5,2(x10)	 x10:0x00101944  x5=0x00000078 PA:0x00101946 store:0x00137fa0
          14938	      7465	001000c0	04028863	beq	x5,x0,100110	  x5:0x00000078  x0:0x00000000
          14942	      7467	001000c4	0057a023	sw	x5,0(x15)	 x15:0x00020000  x5:0x00000078 PA:0x00020000 store:0x00000078 load:0x00000000
          14946	      7469	001000c8	00354303	lbu	x6,3(x10)	 x10:0x00101944  x6=0x00000020 PA:0x00101947 store:0x00000000
          14948	      7470	001000cc	04030263	beq	x6,x0,100110	  x6:0x00000020  x0:0x00000000
          14952	      7472	001000d0	0067a023	sw	x6,0(x15)	 x15:0x00020000  x6:0x00000020 PA:0x00020000 store:0x00000020 load:0x00000000
          14956	      7474	001000d4	00454383	lbu	x7,4(x10)	 x10:0x00101944  x7=0x00000061 PA:0x00101948 store:0x00000000
          14958	      7475	001000d8	02038c63	beq	x7,x0,100110	  x7:0x00000061  x0:0x00000000
          14962	      7477	001000dc	0077a023	sw	x7,0(x15)	 x15:0x00020000  x7:0x00000061 PA:0x00020000 store:0x00000061 load:0x00000000
          14966	      7479	001000e0	00554583	lbu	x11,5(x10)	 x10:0x00101944 x11=0x0000006e PA:0x00101949 store:0x00000078
          14968	      7480	001000e4	02058663	beq	x11,x0,100110	 x11:0x0000006e  x0:0x00000000
          14972	      7482	001000e8	00b7a023	sw	x11,0(x15)	 x15:0x00020000 x11:0x0000006e PA:0x00020000 store:0x0000006e load:0x00000000
          14976	      7484	001000ec	00654603	lbu	x12,6(x10)	 x10:0x00101944 x12=0x00000064 PA:0x0010194a store:0x00000020
          14978	      7485	001000f0	02060063	beq	x12,x0,100110	 x12:0x00000064  x0:0x00000000
          14982	      7487	001000f4	00c7a023	sw	x12,0(x15)	 x15:0x00020000 x12:0x00000064 PA:0x00020000 store:0x00000064 load:0x00000000
          14986	      7489	001000f8	00754683	lbu	x13,7(x10)	 x10:0x00101944 x13=0x00000020 PA:0x0010194b store:0x00000061
          14988	      7490	001000fc	00850513	addi	x10,x10,8	 x10:0x00101944 x10=0x0010194c
          14990	      7491	00100100	00068863	beq	x13,x0,100110	 x13:0x00000020  x0:0x00000000
          14994	      7493	00100104	00d7a023	sw	x13,0(x15)	 x15:0x00020000 x13:0x00000020 PA:0x00020000 store:0x00000020 load:0x00000000
          14998	      7495	00100108	00054803	lbu	x16,0(x10)	 x10:0x0010194c x16=0x00000066 PA:0x0010194c store:0x00000000
          15002	      7497	0010010c	fa0810e3	bne	x16,x0,1000ac	 x16:0x00000066  x0:0x00000000
          15008	      7500	001000ac	0107a023	sw	x16,0(x15)	 x15:0x00020000 x16:0x00000066 PA:0x00020000 store:0x00000066 load:0x00000000
          15012	      7502	001000b0	00154703	lbu	x14,1(x10)	 x10:0x0010194c x14=0x0000006e PA:0x0010194d store:0x00101330
          15014	      7503	001000b4	04070e63	beq	x14,x0,100110	 x14:0x0000006e  x0:0x00000000
          15018	      7505	001000b8	00e7a023	sw	x14,0(x15)	 x15:0x00020000 x14:0x0000006e PA:0x00020000 store:0x0000006e load:0x00000000
          15022	      7507	001000bc	00254283	lbu	x5,2(x10)	 x10:0x0010194c  x5=0x0000006d PA:0x0010194e store:0x00137fa0
          15024	      7508	001000c0	04028863	beq	x5,x0,100110	  x5:0x0000006d  x0:0x00000000
          15028	      7510	001000c4	0057a023	sw	x5,0(x15)	 x15:0x00020000  x5:0x0000006d PA:0x00020000 store:0x0000006d load:0x00000000
          15032	      7512	001000c8	00354303	lbu	x6,3(x10)	 x10:0x0010194c  x6=0x00000073 PA:0x0010194f store:0x00000000
          15034	      7513	001000cc	04030263	beq	x6,x0,100110	  x6:0x00000073  x0:0x00000000
          15038	      7515	001000d0	0067a023	sw	x6,0(x15)	 x15:0x00020000  x6:0x00000073 PA:0x00020000 store:0x00000073 load:0x00000000
          15042	      7517	001000d4	00454383	lbu	x7,4(x10)	 x10:0x0010194c  x7=0x00000075 PA:0x00101950 store:0x00000000
          15044	      7518	001000d8	02038c63	beq	x7,x0,100110	  x7:0x00000075  x0:0x00000000
          15048	      7520	001000dc	0077a023	sw	x7,0(x15)	 x15:0x00020000  x7:0x00000075 PA:0x00020000 store:0x00000075 load:0x00000000
          15052	      7522	001000e0	00554583	lbu	x11,5(x10)	 x10:0x0010194c x11=0x00000062 PA:0x00101951 store:0x0000006d
          15054	      7523	001000e4	02058663	beq	x11,x0,100110	 x11:0x00000062  x0:0x00000000
          15058	      7525	001000e8	00b7a023	sw	x11,0(x15)	 x15:0x00020000 x11:0x00000062 PA:0x00020000 store:0x00000062 load:0x00000000
          15062	      7527	001000ec	00654603	lbu	x12,6(x10)	 x10:0x0010194c x12=0x00000020 PA:0x00101952 store:0x00000073
          15064	      7528	001000f0	02060063	beq	x12,x0,100110	 x12:0x00000020  x0:0x00000000
          15068	      7530	001000f4	00c7a023	sw	x12,0(x15)	 x15:0x00020000 x12:0x00000020 PA:0x00020000 store:0x00000020 load:0x00000000
          15072	      7532	001000f8	00754683	lbu	x13,7(x10)	 x10:0x0010194c x13=0x00000069 PA:0x00101953 store:0x00000075
          15074	      7533	001000fc	00850513	addi	x10,x10,8	 x10:0x0010194c x10=0x00101954
          15076	      7534	00100100	00068863	beq	x13,x0,100110	 x13:0x00000069  x0:0x00000000
          15080	      7536	00100104	00d7a023	sw	x13,0(x15)	 x15:0x00020000 x13:0x00000069 PA:0x00020000 store:0x00000069 load:0x00000000
          15084	      7538	00100108	00054803	lbu	x16,0(x10)	 x10:0x00101954 x16=0x0000006e PA:0x00101954 store:0x00000000
          15088	      7540	0010010c	fa0810e3	bne	x16,x0,1000ac	 x16:0x0000006e  x0:0x00000000
          15094	      7543	001000ac	0107a023	sw	x16,0(x15)	 x15:0x00020000 x16:0x0000006e PA:0x00020000 store:0x0000006e load:0x00000000
          15098	      7545	001000b0	00154703	lbu	x14,1(x10)	 x10:0x00101954 x14=0x00000020 PA:0x00101955 store:0x00101330
          15100	      7546	001000b4	04070e63	beq	x14,x0,100110	 x14:0x00000020  x0:0x00000000
          15104	      7548	001000b8	00e7a023	sw	x14,0(x15)	 x15:0x00020000 x14:0x00000020 PA:0x00020000 store:0x00000020 load:0x00000000
          15108	      7550	001000bc	00254283	lbu	x5,2(x10)	 x10:0x00101954  x5=0x00000077 PA:0x00101956 store:0x00137fa0
          15110	      7551	001000c0	04028863	beq	x5,x0,100110	  x5:0x00000077  x0:0x00000000
          15114	      7553	001000c4	0057a023	sw	x5,0(x15)	 x15:0x00020000  x5:0x00000077 PA:0x00020000 store:0x00000077 load:0x00000000
          15118	      7555	001000c8	00354303	lbu	x6,3(x10)	 x10:0x00101954  x6=0x00000068 PA:0x00101957 store:0x00000000
          15120	      7556	001000cc	04030263	beq	x6,x0,100110	  x6:0x00000068  x0:0x00000000
          15124	      7558	001000d0	0067a023	sw	x6,0(x15)	 x15:0x00020000  x6:0x00000068 PA:0x00020000 store:0x00000068 load:0x00000000
          15128	      7560	001000d4	00454383	lbu	x7,4(x10)	 x10:0x00101954  x7=0x00000069 PA:0x00101958 store:0x00000000
          15130	      7561	001000d8	02038c63	beq	x7,x0,100110	  x7:0x00000069  x0:0x00000000
          15134	      7563	001000dc	0077a023	sw	x7,0(x15)	 x15:0x00020000  x7:0x00000069 PA:0x00020000 store:0x00000069 load:0x00000000
          15138	      7565	001000e0	00554583	lbu	x11,5(x10)	 x10:0x00101954 x11=0x0000006c PA:0x00101959 store:0x00000077
          15140	      7566	001000e4	02058663	beq	x11,x0,100110	 x11:0x0000006c  x0:0x00000000
          15144	      7568	001000e8	00b7a023	sw	x11,0(x15)	 x15:0x00020000 x11:0x0000006c PA:0x00020000 store:0x0000006c load:0x00000000
          15148	      7570	001000ec	00654603	lbu	x12,6(x10)	 x10:0x00101954 x12=0x00000065 PA:0x0010195a store:0x00000068
          15150	      7571	001000f0	02060063	beq	x12,x0,100110	 x12:0x00000065  x0:0x00000000
          15154	      7573	001000f4	00c7a023	sw	x12,0(x15)	 x15:0x00020000 x12:0x00000065 PA:0x00020000 store:0x00000065 load:0x00000000
          15158	      7575	001000f8	00754683	lbu	x13,7(x10)	 x10:0x00101954 x13=0x00000020 PA:0x0010195b store:0x00000069
          15160	      7576	001000fc	00850513	addi	x10,x10,8	 x10:0x00101954 x10=0x0010195c
          15162	      7577	00100100	00068863	beq	x13,x0,100110	 x13:0x00000020  x0:0x00000000
          15166	      7579	00100104	00d7a023	sw	x13,0(x15)	 x15:0x00020000 x13:0x00000020 PA:0x00020000 store:0x00000020 load:0x00000000
          15170	      7581	00100108	00054803	lbu	x16,0(x10)	 x10:0x0010195c x16=0x0000006c PA:0x0010195c store:0x00000000
          15174	      7583	0010010c	fa0810e3	bne	x16,x0,1000ac	 x16:0x0000006c  x0:0x00000000
          15180	      7586	001000ac	0107a023	sw	x16,0(x15)	 x15:0x00020000 x16:0x0000006c PA:0x00020000 store:0x0000006c load:0x00000000
          15184	      7588	001000b0	00154703	lbu	x14,1(x10)	 x10:0x0010195c x14=0x0000006f PA:0x0010195d store:0x00101330
          15186	      7589	001000b4	04070e63	beq	x14,x0,100110	 x14:0x0000006f  x0:0x00000000
          15190	      7591	001000b8	00e7a023	sw	x14,0(x15)	 x15:0x00020000 x14:0x0000006f PA:0x00020000 store:0x0000006f load:0x00000000
          15194	      7593	001000bc	00254283	lbu	x5,2(x10)	 x10:0x0010195c  x5=0x0000006f PA:0x0010195e store:0x00137fa0
          15196	      7594	001000c0	04028863	beq	x5,x0,100110	  x5:0x0000006f  x0:0x00000000
          15200	      7596	001000c4	0057a023	sw	x5,0(x15)	 x15:0x00020000  x5:0x0000006f PA:0x00020000 store:0x0000006f load:0x00000000
          15204	      7598	001000c8	00354303	lbu	x6,3(x10)	 x10:0x0010195c  x6=0x00000070 PA:0x0010195f store:0x00000000
          15206	      7599	001000cc	04030263	beq	x6,x0,100110	  x6:0x00000070  x0:0x00000000
          15210	      7601	001000d0	0067a023	sw	x6,0(x15)	 x15:0x00020000  x6:0x00000070 PA:0x00020000 store:0x00000070 load:0x00000000
          15214	      7603	001000d4	00454383	lbu	x7,4(x10)	 x10:0x0010195c  x7=0x00000020 PA:0x00101960 store:0x00000000
          15216	      7604	001000d8	02038c63	beq	x7,x0,100110	  x7:0x00000020  x0:0x00000000
          15220	      7606	001000dc	0077a023	sw	x7,0(x15)	 x15:0x00020000  x7:0x00000020 PA:0x00020000 store:0x00000020 load:0x00000000
          15224	      7608	001000e0	00554583	lbu	x11,5(x10)	 x10:0x0010195c x11=0x00000074 PA:0x00101961 store:0x0000006f
          15226	      7609	001000e4	02058663	beq	x11,x0,100110	 x11:0x00000074  x0:0x00000000
          15230	      7611	001000e8	00b7a023	sw	x11,0(x15)	 x15:0x00020000 x11:0x00000074 PA:0x00020000 store:0x00000074 load:0x00000000
          15234	      7613	001000ec	00654603	lbu	x12,6(x10)	 x10:0x0010195c x12=0x00000065 PA:0x00101962 store:0x00000070
          15236	      7614	001000f0	02060063	beq	x12,x0,100110	 x12:0x00000065  x0:0x00000000
          15240	      7616	001000f4	00c7a023	sw	x12,0(x15)	 x15:0x00020000 x12:0x00000065 PA:0x00020000 store:0x00000065 load:0x00000000
          15244	      7618	001000f8	00754683	lbu	x13,7(x10)	 x10:0x0010195c x13=0x00000073 PA:0x00101963 store:0x00000020
          15246	      7619	001000fc	00850513	addi	x10,x10,8	 x10:0x0010195c x10=0x00101964
          15248	      7620	00100100	00068863	beq	x13,x0,100110	 x13:0x00000073  x0:0x00000000
          15252	      7622	00100104	00d7a023	sw	x13,0(x15)	 x15:0x00020000 x13:0x00000073 PA:0x00020000 store:0x00000073 load:0x00000000
          15256	      7624	00100108	00054803	lbu	x16,0(x10)	 x10:0x00101964 x16=0x00000074 PA:0x00101964 store:0x00000000
          15260	      7626	0010010c	fa0810e3	bne	x16,x0,1000ac	 x16:0x00000074  x0:0x00000000
          15266	      7629	001000ac	0107a023	sw	x16,0(x15)	 x15:0x00020000 x16:0x00000074 PA:0x00020000 store:0x00000074 load:0x00000000
          15270	      7631	001000b0	00154703	lbu	x14,1(x10)	 x10:0x00101964 x14=0x00000069 PA:0x00101965 store:0x00101330
          15272	      7632	001000b4	04070e63	beq	x14,x0,100110	 x14:0x00000069  x0:0x00000000
          15276	      7634	001000b8	00e7a023	sw	x14,0(x15)	 x15:0x00020000 x14:0x00000069 PA:0x00020000 store:0x00000069 load:0x00000000
          15280	      7636	001000bc	00254283	lbu	x5,2(x10)	 x10:0x00101964  x5=0x0000006e PA:0x00101966 store:0x00137fa0
          15282	      7637	001000c0	04028863	beq	x5,x0,100110	  x5:0x0000006e  x0:0x00000000
          15286	      7639	001000c4	0057a023	sw	x5,0(x15)	 x15:0x00020000  x5:0x0000006e PA:0x00020000 store:0x0000006e load:0x00000000
          15290	      7641	001000c8	00354303	lbu	x6,3(x10)	 x10:0x00101964  x6=0x00000067 PA:0x00101967 store:0x00000000
          15292	      7642	001000cc	04030263	beq	x6,x0,100110	  x6:0x00000067  x0:0x00000000
          15296	      7644	001000d0	0067a023	sw	x6,0(x15)	 x15:0x00020000  x6:0x00000067 PA:0x00020000 store:0x00000067 load:0x00000000
          15300	      7646	001000d4	00454383	lbu	x7,4(x10)	 x10:0x00101964  x7=0x0000002e PA:0x00101968 store:0x00000000
          15302	      7647	001000d8	02038c63	beq	x7,x0,100110	  x7:0x0000002e  x0:0x00000000
          15306	      7649	001000dc	0077a023	sw	x7,0(x15)	 x15:0x00020000  x7:0x0000002e PA:0x00020000 store:0x0000002e load:0x00000000
          15310	      7651	001000e0	00554583	lbu	x11,5(x10)	 x10:0x00101964 x11=0x00000000 PA:0x00101969 store:0x0000006e
          15314	      7653	001000e4	02058663	beq	x11,x0,100110	 x11:0x00000000  x0:0x00000000
          15318	      7655	00100110	00000513	addi	x10,x0,0	  x0:0x00000000 x10=0x00000000
          15328	      7660	00100114	00008067	jalr	x0,0(x1)	  x1:0x00101330  x0=0x00000000
          15330	      7661	00101330	f0000353	fmv.w.x	f6,x0	  x0:0x00000000  f6=0x00000000
          15334	      7663	00101334	0380006f	jal	x0,10136c	  x0=0x00000000
          15336	      7664	0010136c	bf8aa607	flw	f12,-1032(x21)	 f21:0x00102000 f12=0x00000000 PA:0x00101bf8 store:0x00000000
          15338	      7665	00101370	c009a687	flw	f13,-1024(x19)	 f19:0x00102000 f13=0x00000000 PA:0x00101c00 store:0x3f800062
          15340	      7666	00101374	a0c317d3	flt.s	x15,f6,f12	  f6:0x00000067 f12:0x00000065 x15=0x00000001
          15348	      7670	00101378	fc0790e3	bne	x15,x0,101338	 x15:0x00000001  x0:0x00000000
          15350	      7671	00101338	c0d9a027	fsw	f13,-1024(x19)	 f19:0x00102000 f13:0x00000073 PA:0x00101c00 store:0x41433afb load:0x41433afb
          15352	      7672	0010133c	c009a987	flw	f19,-1024(x19)	 f19:0x00102000 f19=0x00000000 PA:0x00101c00 store:0x3f800062
          15354	      7673	00101340	bf8aaa07	flw	f20,-1032(x21)	 f21:0x00102000 f20=0x00000000 PA:0x00101bf8 store:0x00000000
          15356	      7674	00101344	29499ad3	fmax.s	f21,f19,f20	 f19:0x00102000 f20:0x00102000 f21=0x00000000
          15358	      7675	00101348	c15c2227	fsw	f21,-1020(x24)	 f24:0x00102000 f21:0x00102000 PA:0x00101c04 store:0x42f64a98 load:0x42f64a98
          15360	      7676	0010134c	bf8aa807	flw	f16,-1032(x21)	 f21:0x00102000 f16=0x00000000 PA:0x00101bf8 store:0x00000000
          15362	      7677	00101350	c04c2907	flw	f18,-1020(x24)	 f24:0x00102000 f18=0x00000000 PA:0x00101c04 store:0x42f64a98
          15364	      7678	00101354	c1042887	flw	f17,-1008(x8)	  f8:0x00102000 f17=0x00000000 PA:0x00101c10 store:0x42f64a98
          15366	      7679	00101358	8128fe4b	fnmsub.s	f28,f17,f18,f16	 f17:0x00000031 f18:0x00102000 f16:0x00000031 f28=0x00000000
          15368	      7680	0010135c	bfcaac27	fsw	f28,-1032(x21)	 f21:0x00102000 f28:0x00020000 PA:0x00101bf8 store:0x42a70df5 load:0x3ea4b87c
          15370	      7681	00101360	bf8aae87	flw	f29,-1032(x21)	 f21:0x00102000 f29=0x00000000 PA:0x00101bf8 store:0x00000000
          15372	      7682	00101364	a06e92d3	flt.s	x5,f29,f6	 f29:0x00000030  f6:0x00000067  x5=0x00000000
          15376	      7684	00101368	04029663	bne	x5,x0,1013b4	  x5:0x00000000  x0:0x00000000
          15378	      7685	0010136c	bf8aa607	flw	f12,-1032(x21)	 f21:0x00102000 f12=0x00000000 PA:0x00101bf8 store:0x00000000
          15380	      7686	00101370	c009a687	flw	f13,-1024(x19)	 f19:0x00102000 f13=0x00000000 PA:0x00101c00 store:0x3f800062
          15382	      7687	00101374	a0c317d3	flt.s	x15,f6,f12	  f6:0x00000067 f12:0x00000065 x15=0x00000001
          15390	      7691	00101378	fc0790e3	bne	x15,x0,101338	 x15:0x00000001  x0:0x00000000
          15392	      7692	00101338	c0d9a027	fsw	f13,-1024(x19)	 f19:0x00102000 f13:0x00000073 PA:0x00101c00 store:0x41433afb load:0x41433afb
          15394	      7693	0010133c	c009a987	flw	f19,-1024(x19)	 f19:0x00102000 f19=0x00000000 PA:0x00101c00 store:0x3f800062
          15396	      7694	00101340	bf8aaa07	flw	f20,-1032(x21)	 f21:0x00102000 f20=0x00000000 PA:0x00101bf8 store:0x00000000
          15398	      7695	00101344	29499ad3	fmax.s	f21,f19,f20	 f19:0x00102000 f20:0x00102000 f21=0x00000000
          15400	      7696	00101348	c15c2227	fsw	f21,-1020(x24)	 f24:0x00102000 f21:0x00102000 PA:0x00101c04 store:0x42a70df5 load:0x42a70df5
          15402	      7697	0010134c	bf8aa807	flw	f16,-1032(x21)	 f21:0x00102000 f16=0x00000000 PA:0x00101bf8 store:0x00000000
          15404	      7698	00101350	c04c2907	flw	f18,-1020(x24)	 f24:0x00102000 f18=0x00000000 PA:0x00101c04 store:0x42f64a98
          15406	      7699	00101354	c1042887	flw	f17,-1008(x8)	  f8:0x00102000 f17=0x00000000 PA:0x00101c10 store:0x42a70df5
          15408	      7700	00101358	8128fe4b	fnmsub.s	f28,f17,f18,f16	 f17:0x00000031 f18:0x00102000 f16:0x00000031 f28=0x00000000
          15410	      7701	0010135c	bfcaac27	fsw	f28,-1032(x21)	 f21:0x00102000 f28:0x00020000 PA:0x00101bf8 store:0x42629e96 load:0x3ea4b87c
          15412	      7702	00101360	bf8aae87	flw	f29,-1032(x21)	 f21:0x00102000 f29=0x00000000 PA:0x00101bf8 store:0x00000000
          15414	      7703	00101364	a06e92d3	flt.s	x5,f29,f6	 f29:0x00000030  f6:0x00000067  x5=0x00000000
          15418	      7705	00101368	04029663	bne	x5,x0,1013b4	  x5:0x00000000  x0:0x00000000
          15420	      7706	0010136c	bf8aa607	flw	f12,-1032(x21)	 f21:0x00102000 f12=0x00000000 PA:0x00101bf8 store:0x00000000
          15422	      7707	00101370	c009a687	flw	f13,-1024(x19)	 f19:0x00102000 f13=0x00000000 PA:0x00101c00 store:0x3f800062
          15424	      7708	00101374	a0c317d3	flt.s	x15,f6,f12	  f6:0x00000067 f12:0x00000065 x15=0x00000001
          15432	      7712	00101378	fc0790e3	bne	x15,x0,101338	 x15:0x00000001  x0:0x00000000
          15434	      7713	00101338	c0d9a027	fsw	f13,-1024(x19)	 f19:0x00102000 f13:0x00000073 PA:0x00101c00 store:0x41433afb load:0x41433afb
          15436	      7714	0010133c	c009a987	flw	f19,-1024(x19)	 f19:0x00102000 f19=0x00000000 PA:0x00101c00 store:0x3f800062
          15438	      7715	00101340	bf8aaa07	flw	f20,-1032(x21)	 f21:0x00102000 f20=0x00000000 PA:0x00101bf8 store:0x00000000
          15440	      7716	00101344	29499ad3	fmax.s	f21,f19,f20	 f19:0x00102000 f20:0x00102000 f21=0x00000000
          15442	      7717	00101348	c15c2227	fsw	f21,-1020(x24)	 f24:0x00102000 f21:0x00102000 PA:0x00101c04 store:0x42629e96 load:0x42629e96
          15444	      7718	0010134c	bf8aa807	flw	f16,-1032(x21)	 f21:0x00102000 f16=0x00000000 PA:0x00101bf8 store:0x00000000
          15446	      7719	00101350	c04c2907	flw	f18,-1020(x24)	 f24:0x00102000 f18=0x00000000 PA:0x00101c04 store:0x42f64a98
          15448	      7720	00101354	c1042887	flw	f17,-1008(x8)	  f8:0x00102000 f17=0x00000000 PA:0x00101c10 store:0x42629e96
          15450	      7721	00101358	8128fe4b	fnmsub.s	f28,f17,f18,f16	 f17:0x00000031 f18:0x00102000 f16:0x00000031 f28=0x00000000
          15452	      7722	0010135c	bfcaac27	fsw	f28,-1032(x21)	 f21:0x00102000 f28:0x00020000 PA:0x00101bf8 store:0x4219b622 load:0x3ea4b87c
          15454	      7723	00101360	bf8aae87	flw	f29,-1032(x21)	 f21:0x00102000 f29=0x00000000 PA:0x00101bf8 store:0x00000000
          15456	      7724	00101364	a06e92d3	flt.s	x5,f29,f6	 f29:0x00000030  f6:0x00000067  x5=0x00000000
          15460	      7726	00101368	04029663	bne	x5,x0,1013b4	  x5:0x00000000  x0:0x00000000
          15462	      7727	0010136c	bf8aa607	flw	f12,-1032(x21)	 f21:0x00102000 f12=0x00000000 PA:0x00101bf8 store:0x00000000
          15464	      7728	00101370	c009a687	flw	f13,-1024(x19)	 f19:0x00102000 f13=0x00000000 PA:0x00101c00 store:0x3f800062
          15466	      7729	00101374	a0c317d3	flt.s	x15,f6,f12	  f6:0x00000067 f12:0x00000065 x15=0x00000001
          15474	      7733	00101378	fc0790e3	bne	x15,x0,101338	 x15:0x00000001  x0:0x00000000
          15476	      7734	00101338	c0d9a027	fsw	f13,-1024(x19)	 f19:0x00102000 f13:0x00000073 PA:0x00101c00 store:0x41433afb load:0x41433afb
          15478	      7735	0010133c	c009a987	flw	f19,-1024(x19)	 f19:0x00102000 f19=0x00000000 PA:0x00101c00 store:0x3f800062
          15480	      7736	00101340	bf8aaa07	flw	f20,-1032(x21)	 f21:0x00102000 f20=0x00000000 PA:0x00101bf8 store:0x00000000
          15482	      7737	00101344	29499ad3	fmax.s	f21,f19,f20	 f19:0x00102000 f20:0x00102000 f21=0x00000000
          15484	      7738	00101348	c15c2227	fsw	f21,-1020(x24)	 f24:0x00102000 f21:0x00102000 PA:0x00101c04 store:0x4219b622 load:0x4219b622
          15486	      7739	0010134c	bf8aa807	flw	f16,-1032(x21)	 f21:0x00102000 f16=0x00000000 PA:0x00101bf8 store:0x00000000
          15488	      7740	00101350	c04c2907	flw	f18,-1020(x24)	 f24:0x00102000 f18=0x00000000 PA:0x00101c04 store:0x42f64a98
          15490	      7741	00101354	c1042887	flw	f17,-1008(x8)	  f8:0x00102000 f17=0x00000000 PA:0x00101c10 store:0x4219b622
          15492	      7742	00101358	8128fe4b	fnmsub.s	f28,f17,f18,f16	 f17:0x00000031 f18:0x00102000 f16:0x00000031 f28=0x00000000
          15494	      7743	0010135c	bfcaac27	fsw	f28,-1032(x21)	 f21:0x00102000 f28:0x00020000 PA:0x00101bf8 store:0x41d084d1 load:0x3ea4b87c
          15496	      7744	00101360	bf8aae87	flw	f29,-1032(x21)	 f21:0x00102000 f29=0x00000000 PA:0x00101bf8 store:0x00000000
          15498	      7745	00101364	a06e92d3	flt.s	x5,f29,f6	 f29:0x00000030  f6:0x00000067  x5=0x00000000
          15502	      7747	00101368	04029663	bne	x5,x0,1013b4	  x5:0x00000000  x0:0x00000000
          15504	      7748	0010136c	bf8aa607	flw	f12,-1032(x21)	 f21:0x00102000 f12=0x00000000 PA:0x00101bf8 store:0x00000000
          15506	      7749	00101370	c009a687	flw	f13,-1024(x19)	 f19:0x00102000 f13=0x00000000 PA:0x00101c00 store:0x3f800062
          15508	      7750	00101374	a0c317d3	flt.s	x15,f6,f12	  f6:0x00000067 f12:0x00000065 x15=0x00000001
          15516	      7754	00101378	fc0790e3	bne	x15,x0,101338	 x15:0x00000001  x0:0x00000000
          15518	      7755	00101338	c0d9a027	fsw	f13,-1024(x19)	 f19:0x00102000 f13:0x00000073 PA:0x00101c00 store:0x41433afb load:0x41433afb
          15520	      7756	0010133c	c009a987	flw	f19,-1024(x19)	 f19:0x00102000 f19=0x00000000 PA:0x00101c00 store:0x3f800062
          15522	      7757	00101340	bf8aaa07	flw	f20,-1032(x21)	 f21:0x00102000 f20=0x00000000 PA:0x00101bf8 store:0x00000000
          15524	      7758	00101344	29499ad3	fmax.s	f21,f19,f20	 f19:0x00102000 f20:0x00102000 f21=0x00000000
          15526	      7759	00101348	c15c2227	fsw	f21,-1020(x24)	 f24:0x00102000 f21:0x00102000 PA:0x00101c04 store:0x41d084d1 load:0x41d084d1
          15528	      7760	0010134c	bf8aa807	flw	f16,-1032(x21)	 f21:0x00102000 f16=0x00000000 PA:0x00101bf8 store:0x00000000
          15530	      7761	00101350	c04c2907	flw	f18,-1020(x24)	 f24:0x00102000 f18=0x00000000 PA:0x00101c04 store:0x42f64a98
          15532	      7762	00101354	c1042887	flw	f17,-1008(x8)	  f8:0x00102000 f17=0x00000000 PA:0x00101c10 store:0x41d084d1
          15534	      7763	00101358	8128fe4b	fnmsub.s	f28,f17,f18,f16	 f17:0x00000031 f18:0x00102000 f16:0x00000031 f28=0x00000000
          15536	      7764	0010135c	bfcaac27	fsw	f28,-1032(x21)	 f21:0x00102000 f28:0x00020000 PA:0x00101bf8 store:0x418d6f24 load:0x3ea4b87c
          15538	      7765	00101360	bf8aae87	flw	f29,-1032(x21)	 f21:0x00102000 f29=0x00000000 PA:0x00101bf8 store:0x00000000
          15540	      7766	00101364	a06e92d3	flt.s	x5,f29,f6	 f29:0x00000030  f6:0x00000067  x5=0x00000000
          15544	      7768	00101368	04029663	bne	x5,x0,1013b4	  x5:0x00000000  x0:0x00000000
          15546	      7769	0010136c	bf8aa607	flw	f12,-1032(x21)	 f21:0x00102000 f12=0x00000000 PA:0x00101bf8 store:0x00000000
          15548	      7770	00101370	c009a687	flw	f13,-1024(x19)	 f19:0x00102000 f13=0x00000000 PA:0x00101c00 store:0x3f800062
          15550	      7771	00101374	a0c317d3	flt.s	x15,f6,f12	  f6:0x00000067 f12:0x00000065 x15=0x00000001
          15558	      7775	00101378	fc0790e3	bne	x15,x0,101338	 x15:0x00000001  x0:0x00000000
          15560	      7776	00101338	c0d9a027	fsw	f13,-1024(x19)	 f19:0x00102000 f13:0x00000073 PA:0x00101c00 store:0x41433afb load:0x41433afb
          15562	      7777	0010133c	c009a987	flw	f19,-1024(x19)	 f19:0x00102000 f19=0x00000000 PA:0x00101c00 store:0x3f800062
          15564	      7778	00101340	bf8aaa07	flw	f20,-1032(x21)	 f21:0x00102000 f20=0x00000000 PA:0x00101bf8 store:0x00000000
          15566	      7779	00101344	29499ad3	fmax.s	f21,f19,f20	 f19:0x00102000 f20:0x00102000 f21=0x00000000
          15568	      7780	00101348	c15c2227	fsw	f21,-1020(x24)	 f24:0x00102000 f21:0x00102000 PA:0x00101c04 store:0x418d6f24 load:0x418d6f24
          15570	      7781	0010134c	bf8aa807	flw	f16,-1032(x21)	 f21:0x00102000 f16=0x00000000 PA:0x00101bf8 store:0x00000000
          15572	      7782	00101350	c04c2907	flw	f18,-1020(x24)	 f24:0x00102000 f18=0x00000000 PA:0x00101c04 store:0x42f64a98
          15574	      7783	00101354	c1042887	flw	f17,-1008(x8)	  f8:0x00102000 f17=0x00000000 PA:0x00101c10 store:0x418d6f24
          15576	      7784	00101358	8128fe4b	fnmsub.s	f28,f17,f18,f16	 f17:0x00000031 f18:0x00102000 f16:0x00000031 f28=0x00000000
          15578	      7785	0010135c	bfcaac27	fsw	f28,-1032(x21)	 f21:0x00102000 f28:0x00020000 PA:0x00101bf8 store:0x413fdd29 load:0x3ea4b87c
          15580	      7786	00101360	bf8aae87	flw	f29,-1032(x21)	 f21:0x00102000 f29=0x00000000 PA:0x00101bf8 store:0x00000000
          15582	      7787	00101364	a06e92d3	flt.s	x5,f29,f6	 f29:0x00000030  f6:0x00000067  x5=0x00000000
          15586	      7789	00101368	04029663	bne	x5,x0,1013b4	  x5:0x00000000  x0:0x00000000
          15588	      7790	0010136c	bf8aa607	flw	f12,-1032(x21)	 f21:0x00102000 f12=0x00000000 PA:0x00101bf8 store:0x00000000
          15590	      7791	00101370	c009a687	flw	f13,-1024(x19)	 f19:0x00102000 f13=0x00000000 PA:0x00101c00 store:0x3f800062
          15592	      7792	00101374	a0c317d3	flt.s	x15,f6,f12	  f6:0x00000067 f12:0x00000065 x15=0x00000001
          15600	      7796	00101378	fc0790e3	bne	x15,x0,101338	 x15:0x00000001  x0:0x00000000
          15602	      7797	00101338	c0d9a027	fsw	f13,-1024(x19)	 f19:0x00102000 f13:0x00000073 PA:0x00101c00 store:0x41433afb load:0x41433afb
          15604	      7798	0010133c	c009a987	flw	f19,-1024(x19)	 f19:0x00102000 f19=0x00000000 PA:0x00101c00 store:0x3f800062
          15606	      7799	00101340	bf8aaa07	flw	f20,-1032(x21)	 f21:0x00102000 f20=0x00000000 PA:0x00101bf8 store:0x00000000
          15608	      7800	00101344	29499ad3	fmax.s	f21,f19,f20	 f19:0x00102000 f20:0x00102000 f21=0x00000000
          15610	      7801	00101348	c15c2227	fsw	f21,-1020(x24)	 f24:0x00102000 f21:0x00102000 PA:0x00101c04 store:0x41433afb load:0x413fdd29
          15612	      7802	0010134c	bf8aa807	flw	f16,-1032(x21)	 f21:0x00102000 f16=0x00000000 PA:0x00101bf8 store:0x00000000
          15614	      7803	00101350	c04c2907	flw	f18,-1020(x24)	 f24:0x00102000 f18=0x00000000 PA:0x00101c04 store:0x42f64a98
          15616	      7804	00101354	c1042887	flw	f17,-1008(x8)	  f8:0x00102000 f17=0x00000000 PA:0x00101c10 store:0x413fdd29
          15618	      7805	00101358	8128fe4b	fnmsub.s	f28,f17,f18,f16	 f17:0x00000031 f18:0x00102000 f16:0x00000031 f28=0x00000000
          15620	      7806	0010135c	bfcaac27	fsw	f28,-1032(x21)	 f21:0x00102000 f28:0x00020000 PA:0x00101bf8 store:0x41010dec load:0x3ea4b87c
          15622	      7807	00101360	bf8aae87	flw	f29,-1032(x21)	 f21:0x00102000 f29=0x00000000 PA:0x00101bf8 store:0x00000000
          15624	      7808	00101364	a06e92d3	flt.s	x5,f29,f6	 f29:0x00000030  f6:0x00000067  x5=0x00000000
          15628	      7810	00101368	04029663	bne	x5,x0,1013b4	  x5:0x00000000  x0:0x00000000
          15630	      7811	0010136c	bf8aa607	flw	f12,-1032(x21)	 f21:0x00102000 f12=0x00000000 PA:0x00101bf8 store:0x00000000
          15632	      7812	00101370	c009a687	flw	f13,-1024(x19)	 f19:0x00102000 f13=0x00000000 PA:0x00101c00 store:0x3f800062
          15634	      7813	00101374	a0c317d3	flt.s	x15,f6,f12	  f6:0x00000067 f12:0x00000065 x15=0x00000001
          15642	      7817	00101378	fc0790e3	bne	x15,x0,101338	 x15:0x00000001  x0:0x00000000
          15644	      7818	00101338	c0d9a027	fsw	f13,-1024(x19)	 f19:0x00102000 f13:0x00000073 PA:0x00101c00 store:0x41433afb load:0x41433afb
          15646	      7819	0010133c	c009a987	flw	f19,-1024(x19)	 f19:0x00102000 f19=0x00000000 PA:0x00101c00 store:0x3f800062
          15648	      7820	00101340	bf8aaa07	flw	f20,-1032(x21)	 f21:0x00102000 f20=0x00000000 PA:0x00101bf8 store:0x00000000
          15650	      7821	00101344	29499ad3	fmax.s	f21,f19,f20	 f19:0x00102000 f20:0x00102000 f21=0x00000000
          15652	      7822	00101348	c15c2227	fsw	f21,-1020(x24)	 f24:0x00102000 f21:0x00102000 PA:0x00101c04 store:0x41433afb load:0x41010dec
          15654	      7823	0010134c	bf8aa807	flw	f16,-1032(x21)	 f21:0x00102000 f16=0x00000000 PA:0x00101bf8 store:0x00000000
          15656	      7824	00101350	c04c2907	flw	f18,-1020(x24)	 f24:0x00102000 f18=0x00000000 PA:0x00101c04 store:0x42f64a98
          15658	      7825	00101354	c1042887	flw	f17,-1008(x8)	  f8:0x00102000 f17=0x00000000 PA:0x00101c10 store:0x41010dec
          15660	      7826	00101358	8128fe4b	fnmsub.s	f28,f17,f18,f16	 f17:0x00000031 f18:0x00102000 f16:0x00000031 f28=0x00000000
          15662	      7827	0010135c	bfcaac27	fsw	f28,-1032(x21)	 f21:0x00102000 f28:0x00020000 PA:0x00101bf8 store:0x40847d5e load:0x3ea4b87c
          15664	      7828	00101360	bf8aae87	flw	f29,-1032(x21)	 f21:0x00102000 f29=0x00000000 PA:0x00101bf8 store:0x00000000
          15666	      7829	00101364	a06e92d3	flt.s	x5,f29,f6	 f29:0x00000030  f6:0x00000067  x5=0x00000000
          15670	      7831	00101368	04029663	bne	x5,x0,1013b4	  x5:0x00000000  x0:0x00000000
          15672	      7832	0010136c	bf8aa607	flw	f12,-1032(x21)	 f21:0x00102000 f12=0x00000000 PA:0x00101bf8 store:0x00000000
          15674	      7833	00101370	c009a687	flw	f13,-1024(x19)	 f19:0x00102000 f13=0x00000000 PA:0x00101c00 store:0x3f800062
          15676	      7834	00101374	a0c317d3	flt.s	x15,f6,f12	  f6:0x00000067 f12:0x00000065 x15=0x00000001
          15684	      7838	00101378	fc0790e3	bne	x15,x0,101338	 x15:0x00000001  x0:0x00000000
          15686	      7839	00101338	c0d9a027	fsw	f13,-1024(x19)	 f19:0x00102000 f13:0x00000073 PA:0x00101c00 store:0x41433afb load:0x41433afb
          15688	      7840	0010133c	c009a987	flw	f19,-1024(x19)	 f19:0x00102000 f19=0x00000000 PA:0x00101c00 store:0x3f800062
          15690	      7841	00101340	bf8aaa07	flw	f20,-1032(x21)	 f21:0x00102000 f20=0x00000000 PA:0x00101bf8 store:0x00000000
          15692	      7842	00101344	29499ad3	fmax.s	f21,f19,f20	 f19:0x00102000 f20:0x00102000 f21=0x00000000
          15694	      7843	00101348	c15c2227	fsw	f21,-1020(x24)	 f24:0x00102000 f21:0x00102000 PA:0x00101c04 store:0x41433afb load:0x40847d5e
          15696	      7844	0010134c	bf8aa807	flw	f16,-1032(x21)	 f21:0x00102000 f16=0x00000000 PA:0x00101bf8 store:0x00000000
          15698	      7845	00101350	c04c2907	flw	f18,-1020(x24)	 f24:0x00102000 f18=0x00000000 PA:0x00101c04 store:0x42f64a98
          15700	      7846	00101354	c1042887	flw	f17,-1008(x8)	  f8:0x00102000 f17=0x00000000 PA:0x00101c10 store:0x40847d5e
          15702	      7847	00101358	8128fe4b	fnmsub.s	f28,f17,f18,f16	 f17:0x00000031 f18:0x00102000 f16:0x00000031 f28=0x00000000
          15704	      7848	0010135c	bfcaac27	fsw	f28,-1032(x21)	 f21:0x00102000 f28:0x00020000 PA:0x00101bf8 store:0x3e5bdc88 load:0x3ea4b87c
          15706	      7849	00101360	bf8aae87	flw	f29,-1032(x21)	 f21:0x00102000 f29=0x00000000 PA:0x00101bf8 store:0x00000000
          15708	      7850	00101364	a06e92d3	flt.s	x5,f29,f6	 f29:0x00000030  f6:0x00000067  x5=0x00000000
          15712	      7852	00101368	04029663	bne	x5,x0,1013b4	  x5:0x00000000  x0:0x00000000
          15714	      7853	0010136c	bf8aa607	flw	f12,-1032(x21)	 f21:0x00102000 f12=0x00000000 PA:0x00101bf8 store:0x00000000
          15716	      7854	00101370	c009a687	flw	f13,-1024(x19)	 f19:0x00102000 f13=0x00000000 PA:0x00101c00 store:0x3f800062
          15718	      7855	00101374	a0c317d3	flt.s	x15,f6,f12	  f6:0x00000067 f12:0x00000065 x15=0x00000001
          15726	      7859	00101378	fc0790e3	bne	x15,x0,101338	 x15:0x00000001  x0:0x00000000
          15728	      7860	00101338	c0d9a027	fsw	f13,-1024(x19)	 f19:0x00102000 f13:0x00000073 PA:0x00101c00 store:0x41433afb load:0x41433afb
          15730	      7861	0010133c	c009a987	flw	f19,-1024(x19)	 f19:0x00102000 f19=0x00000000 PA:0x00101c00 store:0x3f800062
          15732	      7862	00101340	bf8aaa07	flw	f20,-1032(x21)	 f21:0x00102000 f20=0x00000000 PA:0x00101bf8 store:0x00000000
          15734	      7863	00101344	29499ad3	fmax.s	f21,f19,f20	 f19:0x00102000 f20:0x00102000 f21=0x00000000
          15736	      7864	00101348	c15c2227	fsw	f21,-1020(x24)	 f24:0x00102000 f21:0x00102000 PA:0x00101c04 store:0x41433afb load:0x3e5bdc88
          15738	      7865	0010134c	bf8aa807	flw	f16,-1032(x21)	 f21:0x00102000 f16=0x00000000 PA:0x00101bf8 store:0x00000000
          15740	      7866	00101350	c04c2907	flw	f18,-1020(x24)	 f24:0x00102000 f18=0x00000000 PA:0x00101c04 store:0x42f64a98
          15742	      7867	00101354	c1042887	flw	f17,-1008(x8)	  f8:0x00102000 f17=0x00000000 PA:0x00101c10 store:0x3e5bdc88
          15744	      7868	00101358	8128fe4b	fnmsub.s	f28,f17,f18,f16	 f17:0x00000031 f18:0x00102000 f16:0x00000031 f28=0x00000000
          15746	      7869	0010135c	bfcaac27	fsw	f28,-1032(x21)	 f21:0x00102000 f28:0x00020000 PA:0x00101bf8 store:0xc06d7f2b load:0x3ea4b87c
          15748	      7870	00101360	bf8aae87	flw	f29,-1032(x21)	 f21:0x00102000 f29=0x00000000 PA:0x00101bf8 store:0x00000000
          15750	      7871	00101364	a06e92d3	flt.s	x5,f29,f6	 f29:0x00000030  f6:0x00000067  x5=0x00000001
          15758	      7875	00101368	04029663	bne	x5,x0,1013b4	  x5:0x00000001  x0:0x00000000
          15760	      7876	001013b4	bf8aaf07	flw	f30,-1032(x21)	 f21:0x00102000 f30=0x00000000 PA:0x00101bf8 store:0x00000000
          15764	      7878	001013b8	00102337	lui	x6,0x102	  x6=0x00102000
          15766	      7879	001013bc	96c30513	addi	x10,x6,-1684	  x6:0x00102000 x10=0x0010196c
          15768	      7880	001013c0	e00f03d3	fmv.x.w	x7,f30	 f30:0x00020000  x7=0xc06d7f2b
          15770	      7881	001013c4	be7a2823	sw	x7,-1040(x20)	 x20:0x00102000  x7:0xc06d7f2b PA:0x00101bf0 store:0xc06d7f2b load:0xc06d7f2b
          15772	      7882	001013c8	cd9fe0ef	jal	x1,1000a0	  x1=0x001013cc
          15774	      7883	001000a0	00054803	lbu	x16,0(x10)	 x10:0x0010196c x16=0x0000000a PA:0x0010196c store:0x00000000
          15776	      7884	001000a4	06080663	beq	x16,x0,100110	 x16:0x0000000a  x0:0x00000000
          15778	      7885	001000a8	000207b7	lui	x15,0x20	 x15=0x00020000
          15782	      7887	001000ac	0107a023	sw	x16,0(x15)	 x15:0x00020000 x16:0x0000000a PA:0x00020000 store:0x0000000a load:0x00000000
          15786	      7889	001000b0	00154703	lbu	x14,1(x10)	 x10:0x0010196c x14=0x00000020 PA:0x0010196d store:0x001013cc
          15788	      7890	001000b4	04070e63	beq	x14,x0,100110	 x14:0x00000020  x0:0x00000000
          15792	      7892	001000b8	00e7a023	sw	x14,0(x15)	 x15:0x00020000 x14:0x00000020 PA:0x00020000 store:0x00000020 load:0x00000000
          15796	      7894	001000bc	00254283	lbu	x5,2(x10)	 x10:0x0010196c  x5=0x00000046 PA:0x0010196e store:0x00137fa0
          15798	      7895	001000c0	04028863	beq	x5,x0,100110	  x5:0x00000046  x0:0x00000000
          15802	      7897	001000c4	0057a023	sw	x5,0(x15)	 x15:0x00020000  x5:0x00000046 PA:0x00020000 store:0x00000046 load:0x00000000
          15806	      7899	001000c8	00354303	lbu	x6,3(x10)	 x10:0x0010196c  x6=0x00000069 PA:0x0010196f store:0x00000000
          15808	      7900	001000cc	04030263	beq	x6,x0,100110	  x6:0x00000069  x0:0x00000000
          15812	      7902	001000d0	0067a023	sw	x6,0(x15)	 x15:0x00020000  x6:0x00000069 PA:0x00020000 store:0x00000069 load:0x00000000
          15816	      7904	001000d4	00454383	lbu	x7,4(x10)	 x10:0x0010196c  x7=0x0000006e PA:0x00101970 store:0x00000000
          15818	      7905	001000d8	02038c63	beq	x7,x0,100110	  x7:0x0000006e  x0:0x00000000
          15822	      7907	001000dc	0077a023	sw	x7,0(x15)	 x15:0x00020000  x7:0x0000006e PA:0x00020000 store:0x0000006e load:0x00000000
          15826	      7909	001000e0	00554583	lbu	x11,5(x10)	 x10:0x0010196c x11=0x00000061 PA:0x00101971 store:0x00000046
          15828	      7910	001000e4	02058663	beq	x11,x0,100110	 x11:0x00000061  x0:0x00000000
          15832	      7912	001000e8	00b7a023	sw	x11,0(x15)	 x15:0x00020000 x11:0x00000061 PA:0x00020000 store:0x00000061 load:0x00000000
          15836	      7914	001000ec	00654603	lbu	x12,6(x10)	 x10:0x0010196c x12=0x0000006c PA:0x00101972 store:0x00000069
          15838	      7915	001000f0	02060063	beq	x12,x0,100110	 x12:0x0000006c  x0:0x00000000
          15842	      7917	001000f4	00c7a023	sw	x12,0(x15)	 x15:0x00020000 x12:0x0000006c PA:0x00020000 store:0x0000006c load:0x00000000
          15846	      7919	001000f8	00754683	lbu	x13,7(x10)	 x10:0x0010196c x13=0x00000020 PA:0x00101973 store:0x0000006e
          15848	      7920	001000fc	00850513	addi	x10,x10,8	 x10:0x0010196c x10=0x00101974
          15850	      7921	00100100	00068863	beq	x13,x0,100110	 x13:0x00000020  x0:0x00000000
          15854	      7923	00100104	00d7a023	sw	x13,0(x15)	 x15:0x00020000 x13:0x00000020 PA:0x00020000 store:0x00000020 load:0x00000000
          15858	      7925	00100108	00054803	lbu	x16,0(x10)	 x10:0x00101974 x16=0x00000072 PA:0x00101974 store:0x00000000
          15862	      7927	0010010c	fa0810e3	bne	x16,x0,1000ac	 x16:0x00000072  x0:0x00000000
          15868	      7930	001000ac	0107a023	sw	x16,0(x15)	 x15:0x00020000 x16:0x00000072 PA:0x00020000 store:0x00000072 load:0x00000000
          15872	      7932	001000b0	00154703	lbu	x14,1(x10)	 x10:0x00101974 x14=0x00000065 PA:0x00101975 store:0x001013cc
          15874	      7933	001000b4	04070e63	beq	x14,x0,100110	 x14:0x00000065  x0:0x00000000
          15878	      7935	001000b8	00e7a023	sw	x14,0(x15)	 x15:0x00020000 x14:0x00000065 PA:0x00020000 store:0x00000065 load:0x00000000
          15882	      7937	001000bc	00254283	lbu	x5,2(x10)	 x10:0x00101974  x5=0x00000073 PA:0x00101976 store:0x00137fa0
          15884	      7938	001000c0	04028863	beq	x5,x0,100110	  x5:0x00000073  x0:0x00000000
          15888	      7940	001000c4	0057a023	sw	x5,0(x15)	 x15:0x00020000  x5:0x00000073 PA:0x00020000 store:0x00000073 load:0x00000000
          15892	      7942	001000c8	00354303	lbu	x6,3(x10)	 x10:0x00101974  x6=0x00000075 PA:0x00101977 store:0x00000000
          15894	      7943	001000cc	04030263	beq	x6,x0,100110	  x6:0x00000075  x0:0x00000000
          15898	      7945	001000d0	0067a023	sw	x6,0(x15)	 x15:0x00020000  x6:0x00000075 PA:0x00020000 store:0x00000075 load:0x00000000
          15902	      7947	001000d4	00454383	lbu	x7,4(x10)	 x10:0x00101974  x7=0x0000006c PA:0x00101978 store:0x00000000
          15904	      7948	001000d8	02038c63	beq	x7,x0,100110	  x7:0x0000006c  x0:0x00000000
          15908	      7950	001000dc	0077a023	sw	x7,0(x15)	 x15:0x00020000  x7:0x0000006c PA:0x00020000 store:0x0000006c load:0x00000000
          15912	      7952	001000e0	00554583	lbu	x11,5(x10)	 x10:0x00101974 x11=0x00000074 PA:0x00101979 store:0x00000073
          15914	      7953	001000e4	02058663	beq	x11,x0,100110	 x11:0x00000074  x0:0x00000000
          15918	      7955	001000e8	00b7a023	sw	x11,0(x15)	 x15:0x00020000 x11:0x00000074 PA:0x00020000 store:0x00000074 load:0x00000000
          15922	      7957	001000ec	00654603	lbu	x12,6(x10)	 x10:0x00101974 x12=0x0000003a PA:0x0010197a store:0x00000075
          15924	      7958	001000f0	02060063	beq	x12,x0,100110	 x12:0x0000003a  x0:0x00000000
          15928	      7960	001000f4	00c7a023	sw	x12,0(x15)	 x15:0x00020000 x12:0x0000003a PA:0x00020000 store:0x0000003a load:0x00000000
          15932	      7962	001000f8	00754683	lbu	x13,7(x10)	 x10:0x00101974 x13=0x00000000 PA:0x0010197b store:0x0000006c
          15934	      7963	001000fc	00850513	addi	x10,x10,8	 x10:0x00101974 x10=0x0010197c
          15938	      7965	00100100	00068863	beq	x13,x0,100110	 x13:0x00000000  x0:0x00000000
          15942	      7967	00100110	00000513	addi	x10,x0,0	  x0:0x00000000 x10=0x00000000
          15946	      7969	00100114	00008067	jalr	x0,0(x1)	  x1:0x001013cc  x0=0x00000000
          15950	      7971	001013cc	bf0a2503	lw	x10,-1040(x20)	 x20:0x00102000 x10=0xc06d7f2b PA:0x00101bf0 store:0x00000072
          15958	      7975	001013d0	00102db7	lui	x27,0x102	 x27=0x00102000
          15960	      7976	001013d4	f0000953	fmv.w.x	f18,x0	  x0:0x00000000 f18=0x00000000
          15962	      7977	001013d8	d49fe0ef	jal	x1,100120	  x1=0x001013dc
          15964	      7978	00100120	01c55793	srli	x15,x10,0x1c	 x10:0xc06d7f2b x15=0x0000000c
          15966	      7979	00100124	00900713	addi	x14,x0,9	  x0:0x00000000 x14=0x00000009
          15968	      7980	00100128	0cf77a63	bgeu	x14,x15,1001fc	 x14:0x00000009 x15:0x0000000c
          15970	      7981	0010012c	03778293	addi	x5,x15,55	 x15:0x0000000c  x5=0x00000043
          15972	      7982	00100130	00020337	lui	x6,0x20	  x6=0x00020000
          15974	      7983	00100134	00451613	slli	x12,x10,0x4	 x10:0xc06d7f2b x12=0x06d7f2b0
          15976	      7984	00100138	00532023	sw	x5,0(x6)	  x6:0x00020000  x5:0x00000043 PA:0x00020000 store:0x00000043 load:0x00000000
          15978	      7985	0010013c	01c65693	srli	x13,x12,0x1c	 x12:0x06d7f2b0 x13=0x00000000
          15980	      7986	00100140	00900813	addi	x16,x0,9	  x0:0x00000000 x16=0x00000009
          15982	      7987	00100144	0cd87a63	bgeu	x16,x13,100218	 x16:0x00000009 x13:0x00000000
          15986	      7989	00100218	03068e93	addi	x29,x13,48	 x13:0x00000000 x29=0x00000030
          15988	      7990	0010021c	00020f37	lui	x30,0x20	 x30=0x00020000
          15990	      7991	00100220	00851f93	slli	x31,x10,0x8	 x10:0xc06d7f2b x31=0x6d7f2b00
          15994	      7993	00100224	01df2023	sw	x29,0(x30)	 x30:0x00020000 x29:0x00000030 PA:0x00020000 store:0x00000030 load:0x00000000
          15996	      7994	00100228	01cfd793	srli	x15,x31,0x1c	 x31:0x6d7f2b00 x15=0x00000006
          15998	      7995	0010022c	00900713	addi	x14,x0,9	  x0:0x00000000 x14=0x00000009
          16000	      7996	00100230	f2f76ae3	bltu	x14,x15,100164	 x14:0x00000009 x15:0x00000006
          16002	      7997	00100234	03078393	addi	x7,x15,48	 x15:0x00000006  x7=0x00000036
          16004	      7998	00100238	000205b7	lui	x11,0x20	 x11=0x00020000
          16006	      7999	0010023c	00c51613	slli	x12,x10,0xc	 x10:0xc06d7f2b x12=0xd7f2b000
          16010	      8001	00100240	0075a023	sw	x7,0(x11)	 x11:0x00020000  x7:0x00000036 PA:0x00020000 store:0x00000036 load:0x00000000
          16012	      8002	00100244	01c65693	srli	x13,x12,0x1c	 x12:0xd7f2b000 x13=0x0000000d
          16014	      8003	00100248	00900813	addi	x16,x0,9	  x0:0x00000000 x16=0x00000009
          16018	      8005	0010024c	f2d86ae3	bltu	x16,x13,100180	 x16:0x00000009 x13:0x0000000d
          16022	      8007	00100180	03768893	addi	x17,x13,55	 x13:0x0000000d x17=0x00000044
          16024	      8008	00100184	00020e37	lui	x28,0x20	 x28=0x00020000
          16026	      8009	00100188	01051f93	slli	x31,x10,0x10	 x10:0xc06d7f2b x31=0x7f2b0000
          16030	      8011	0010018c	011e2023	sw	x17,0(x28)	 x28:0x00020000 x17:0x00000044 PA:0x00020000 store:0x00000044 load:0x00000000
          16032	      8012	00100190	01cfd793	srli	x15,x31,0x1c	 x31:0x7f2b0000 x15=0x00000007
          16034	      8013	00100194	00900713	addi	x14,x0,9	  x0:0x00000000 x14=0x00000009
          16038	      8015	00100198	0cf77a63	bgeu	x14,x15,10026c	 x14:0x00000009 x15:0x00000007
          16042	      8017	0010026c	03078393	addi	x7,x15,48	 x15:0x00000007  x7=0x00000037
          16044	      8018	00100270	000205b7	lui	x11,0x20	 x11=0x00020000
          16046	      8019	00100274	01451613	slli	x12,x10,0x14	 x10:0xc06d7f2b x12=0xf2b00000
          16050	      8021	00100278	0075a023	sw	x7,0(x11)	 x11:0x00020000  x7:0x00000037 PA:0x00020000 store:0x00000037 load:0x00000000
          16052	      8022	0010027c	01c65693	srli	x13,x12,0x1c	 x12:0xf2b00000 x13=0x0000000f
          16054	      8023	00100280	00900813	addi	x16,x0,9	  x0:0x00000000 x16=0x00000009
          16058	      8025	00100284	f2d86ae3	bltu	x16,x13,1001b8	 x16:0x00000009 x13:0x0000000f
          16062	      8027	001001b8	03768893	addi	x17,x13,55	 x13:0x0000000f x17=0x00000046
          16064	      8028	001001bc	00020e37	lui	x28,0x20	 x28=0x00020000
          16066	      8029	001001c0	01851f93	slli	x31,x10,0x18	 x10:0xc06d7f2b x31=0x2b000000
          16070	      8031	001001c4	011e2023	sw	x17,0(x28)	 x28:0x00020000 x17:0x00000046 PA:0x00020000 store:0x00000046 load:0x00000000
          16072	      8032	001001c8	01cfd793	srli	x15,x31,0x1c	 x31:0x2b000000 x15=0x00000002
          16074	      8033	001001cc	00900713	addi	x14,x0,9	  x0:0x00000000 x14=0x00000009
          16078	      8035	001001d0	0cf77a63	bgeu	x14,x15,1002a4	 x14:0x00000009 x15:0x00000002
          16082	      8037	001002a4	03078393	addi	x7,x15,48	 x15:0x00000002  x7=0x00000032
          16084	      8038	001002a8	000205b7	lui	x11,0x20	 x11=0x00020000
          16088	      8040	001002ac	0075a023	sw	x7,0(x11)	 x11:0x00020000  x7:0x00000032 PA:0x00020000 store:0x00000032 load:0x00000000
          16090	      8041	001002b0	00f57513	andi	x10,x10,15	 x10:0xc06d7f2b x10=0x0000000b
          16092	      8042	001002b4	00900613	addi	x12,x0,9	  x0:0x00000000 x12=0x00000009
          16094	      8043	001002b8	f2a67ae3	bgeu	x12,x10,1001ec	 x12:0x00000009 x10:0x0000000b
          16096	      8044	001002bc	03750693	addi	x13,x10,55	 x10:0x0000000b x13=0x00000042
          16098	      8045	001002c0	00020837	lui	x16,0x20	 x16=0x00020000
          16102	      8047	001002c4	00d82023	sw	x13,0(x16)	 x16:0x00020000 x13:0x00000042 PA:0x00020000 store:0x00000042 load:0x00000000
          16106	      8049	001002c8	00008067	jalr	x0,0(x1)	  x1:0x001013dc  x0=0x00000000
          16108	      8050	001013dc	001025b7	lui	x11,0x102	 x11=0x00102000
          16110	      8051	001013e0	97c58513	addi	x10,x11,-1668	 x11:0x00102000 x10=0x0010197c
          16114	      8053	001013e4	cbdfe0ef	jal	x1,1000a0	  x1=0x001013e8
          16118	      8055	001000a0	00054803	lbu	x16,0(x10)	 x10:0x0010197c x16=0x0000000a PA:0x0010197c store:0x00000000
          16120	      8056	001000a4	06080663	beq	x16,x0,100110	 x16:0x0000000a  x0:0x00000000
          16122	      8057	001000a8	000207b7	lui	x15,0x20	 x15=0x00020000
          16126	      8059	001000ac	0107a023	sw	x16,0(x15)	 x15:0x00020000 x16:0x0000000a PA:0x00020000 store:0x0000000a load:0x00000000
          16130	      8061	001000b0	00154703	lbu	x14,1(x10)	 x10:0x0010197c x14=0x0000000a PA:0x0010197d store:0x001013e8
          16132	      8062	001000b4	04070e63	beq	x14,x0,100110	 x14:0x0000000a  x0:0x00000000
          16136	      8064	001000b8	00e7a023	sw	x14,0(x15)	 x15:0x00020000 x14:0x0000000a PA:0x00020000 store:0x0000000a load:0x00000000
          16140	      8066	001000bc	00254283	lbu	x5,2(x10)	 x10:0x0010197c  x5=0x00000054 PA:0x0010197e store:0x00137fa0
          16142	      8067	001000c0	04028863	beq	x5,x0,100110	  x5:0x00000054  x0:0x00000000
          16146	      8069	001000c4	0057a023	sw	x5,0(x15)	 x15:0x00020000  x5:0x00000054 PA:0x00020000 store:0x00000054 load:0x00000000
          16150	      8071	001000c8	00354303	lbu	x6,3(x10)	 x10:0x0010197c  x6=0x00000065 PA:0x0010197f store:0x00000000
          16152	      8072	001000cc	04030263	beq	x6,x0,100110	  x6:0x00000065  x0:0x00000000
          16156	      8074	001000d0	0067a023	sw	x6,0(x15)	 x15:0x00020000  x6:0x00000065 PA:0x00020000 store:0x00000065 load:0x00000000
          16160	      8076	001000d4	00454383	lbu	x7,4(x10)	 x10:0x0010197c  x7=0x00000073 PA:0x00101980 store:0x00000000
          16162	      8077	001000d8	02038c63	beq	x7,x0,100110	  x7:0x00000073  x0:0x00000000
          16166	      8079	001000dc	0077a023	sw	x7,0(x15)	 x15:0x00020000  x7:0x00000073 PA:0x00020000 store:0x00000073 load:0x00000000
          16170	      8081	001000e0	00554583	lbu	x11,5(x10)	 x10:0x0010197c x11=0x00000074 PA:0x00101981 store:0x00000054
          16172	      8082	001000e4	02058663	beq	x11,x0,100110	 x11:0x00000074  x0:0x00000000
          16176	      8084	001000e8	00b7a023	sw	x11,0(x15)	 x15:0x00020000 x11:0x00000074 PA:0x00020000 store:0x00000074 load:0x00000000
          16180	      8086	001000ec	00654603	lbu	x12,6(x10)	 x10:0x0010197c x12=0x00000069 PA:0x00101982 store:0x00000065
          16182	      8087	001000f0	02060063	beq	x12,x0,100110	 x12:0x00000069  x0:0x00000000
          16186	      8089	001000f4	00c7a023	sw	x12,0(x15)	 x15:0x00020000 x12:0x00000069 PA:0x00020000 store:0x00000069 load:0x00000000
          16190	      8091	001000f8	00754683	lbu	x13,7(x10)	 x10:0x0010197c x13=0x0000006e PA:0x00101983 store:0x00000073
          16192	      8092	001000fc	00850513	addi	x10,x10,8	 x10:0x0010197c x10=0x00101984
          16194	      8093	00100100	00068863	beq	x13,x0,100110	 x13:0x0000006e  x0:0x00000000
          16198	      8095	00100104	00d7a023	sw	x13,0(x15)	 x15:0x00020000 x13:0x0000006e PA:0x00020000 store:0x0000006e load:0x00000000
          16202	      8097	00100108	00054803	lbu	x16,0(x10)	 x10:0x00101984 x16=0x00000067 PA:0x00101984 store:0x00000000
          16206	      8099	0010010c	fa0810e3	bne	x16,x0,1000ac	 x16:0x00000067  x0:0x00000000
          16212	      8102	001000ac	0107a023	sw	x16,0(x15)	 x15:0x00020000 x16:0x00000067 PA:0x00020000 store:0x00000067 load:0x00000000
          16216	      8104	001000b0	00154703	lbu	x14,1(x10)	 x10:0x00101984 x14=0x00000020 PA:0x00101985 store:0x001013e8
          16218	      8105	001000b4	04070e63	beq	x14,x0,100110	 x14:0x00000020  x0:0x00000000
          16222	      8107	001000b8	00e7a023	sw	x14,0(x15)	 x15:0x00020000 x14:0x00000020 PA:0x00020000 store:0x00000020 load:0x00000000
          16226	      8109	001000bc	00254283	lbu	x5,2(x10)	 x10:0x00101984  x5=0x00000043 PA:0x00101986 store:0x00137fa0
          16228	      8110	001000c0	04028863	beq	x5,x0,100110	  x5:0x00000043  x0:0x00000000
          16232	      8112	001000c4	0057a023	sw	x5,0(x15)	 x15:0x00020000  x5:0x00000043 PA:0x00020000 store:0x00000043 load:0x00000000
          16236	      8114	001000c8	00354303	lbu	x6,3(x10)	 x10:0x00101984  x6=0x0000006c PA:0x00101987 store:0x00000000
          16238	      8115	001000cc	04030263	beq	x6,x0,100110	  x6:0x0000006c  x0:0x00000000
          16242	      8117	001000d0	0067a023	sw	x6,0(x15)	 x15:0x00020000  x6:0x0000006c PA:0x00020000 store:0x0000006c load:0x00000000
          16246	      8119	001000d4	00454383	lbu	x7,4(x10)	 x10:0x00101984  x7=0x00000061 PA:0x00101988 store:0x00000000
          16248	      8120	001000d8	02038c63	beq	x7,x0,100110	  x7:0x00000061  x0:0x00000000
          16252	      8122	001000dc	0077a023	sw	x7,0(x15)	 x15:0x00020000  x7:0x00000061 PA:0x00020000 store:0x00000061 load:0x00000000
          16256	      8124	001000e0	00554583	lbu	x11,5(x10)	 x10:0x00101984 x11=0x00000073 PA:0x00101989 store:0x00000043
          16258	      8125	001000e4	02058663	beq	x11,x0,100110	 x11:0x00000073  x0:0x00000000
          16262	      8127	001000e8	00b7a023	sw	x11,0(x15)	 x15:0x00020000 x11:0x00000073 PA:0x00020000 store:0x00000073 load:0x00000000
          16266	      8129	001000ec	00654603	lbu	x12,6(x10)	 x10:0x00101984 x12=0x00000073 PA:0x0010198a store:0x0000006c
          16268	      8130	001000f0	02060063	beq	x12,x0,100110	 x12:0x00000073  x0:0x00000000
          16272	      8132	001000f4	00c7a023	sw	x12,0(x15)	 x15:0x00020000 x12:0x00000073 PA:0x00020000 store:0x00000073 load:0x00000000
          16276	      8134	001000f8	00754683	lbu	x13,7(x10)	 x10:0x00101984 x13=0x00000069 PA:0x0010198b store:0x00000061
          16278	      8135	001000fc	00850513	addi	x10,x10,8	 x10:0x00101984 x10=0x0010198c
          16280	      8136	00100100	00068863	beq	x13,x0,100110	 x13:0x00000069  x0:0x00000000
          16284	      8138	00100104	00d7a023	sw	x13,0(x15)	 x15:0x00020000 x13:0x00000069 PA:0x00020000 store:0x00000069 load:0x00000000
          16288	      8140	00100108	00054803	lbu	x16,0(x10)	 x10:0x0010198c x16=0x00000066 PA:0x0010198c store:0x00000000
          16292	      8142	0010010c	fa0810e3	bne	x16,x0,1000ac	 x16:0x00000066  x0:0x00000000
          16298	      8145	001000ac	0107a023	sw	x16,0(x15)	 x15:0x00020000 x16:0x00000066 PA:0x00020000 store:0x00000066 load:0x00000000
          16302	      8147	001000b0	00154703	lbu	x14,1(x10)	 x10:0x0010198c x14=0x00000079 PA:0x0010198d store:0x001013e8
          16304	      8148	001000b4	04070e63	beq	x14,x0,100110	 x14:0x00000079  x0:0x00000000
          16308	      8150	001000b8	00e7a023	sw	x14,0(x15)	 x15:0x00020000 x14:0x00000079 PA:0x00020000 store:0x00000079 load:0x00000000
          16312	      8152	001000bc	00254283	lbu	x5,2(x10)	 x10:0x0010198c  x5=0x00000020 PA:0x0010198e store:0x00137fa0
          16314	      8153	001000c0	04028863	beq	x5,x0,100110	  x5:0x00000020  x0:0x00000000
          16318	      8155	001000c4	0057a023	sw	x5,0(x15)	 x15:0x00020000  x5:0x00000020 PA:0x00020000 store:0x00000020 load:0x00000000
          16322	      8157	001000c8	00354303	lbu	x6,3(x10)	 x10:0x0010198c  x6=0x00000069 PA:0x0010198f store:0x00000000
          16324	      8158	001000cc	04030263	beq	x6,x0,100110	  x6:0x00000069  x0:0x00000000
          16328	      8160	001000d0	0067a023	sw	x6,0(x15)	 x15:0x00020000  x6:0x00000069 PA:0x00020000 store:0x00000069 load:0x00000000
          16332	      8162	001000d4	00454383	lbu	x7,4(x10)	 x10:0x0010198c  x7=0x0000006e PA:0x00101990 store:0x00000000
          16334	      8163	001000d8	02038c63	beq	x7,x0,100110	  x7:0x0000006e  x0:0x00000000
          16338	      8165	001000dc	0077a023	sw	x7,0(x15)	 x15:0x00020000  x7:0x0000006e PA:0x00020000 store:0x0000006e load:0x00000000
          16342	      8167	001000e0	00554583	lbu	x11,5(x10)	 x10:0x0010198c x11=0x00000073 PA:0x00101991 store:0x00000020
          16344	      8168	001000e4	02058663	beq	x11,x0,100110	 x11:0x00000073  x0:0x00000000
          16348	      8170	001000e8	00b7a023	sw	x11,0(x15)	 x15:0x00020000 x11:0x00000073 PA:0x00020000 store:0x00000073 load:0x00000000
          16352	      8172	001000ec	00654603	lbu	x12,6(x10)	 x10:0x0010198c x12=0x00000074 PA:0x00101992 store:0x00000069
          16354	      8173	001000f0	02060063	beq	x12,x0,100110	 x12:0x00000074  x0:0x00000000
          16358	      8175	001000f4	00c7a023	sw	x12,0(x15)	 x15:0x00020000 x12:0x00000074 PA:0x00020000 store:0x00000074 load:0x00000000
          16362	      8177	001000f8	00754683	lbu	x13,7(x10)	 x10:0x0010198c x13=0x00000072 PA:0x00101993 store:0x0000006e
          16364	      8178	001000fc	00850513	addi	x10,x10,8	 x10:0x0010198c x10=0x00101994
          16366	      8179	00100100	00068863	beq	x13,x0,100110	 x13:0x00000072  x0:0x00000000
          16370	      8181	00100104	00d7a023	sw	x13,0(x15)	 x15:0x00020000 x13:0x00000072 PA:0x00020000 store:0x00000072 load:0x00000000
          16374	      8183	00100108	00054803	lbu	x16,0(x10)	 x10:0x00101994 x16=0x00000075 PA:0x00101994 store:0x00000000
          16378	      8185	0010010c	fa0810e3	bne	x16,x0,1000ac	 x16:0x00000075  x0:0x00000000
          16384	      8188	001000ac	0107a023	sw	x16,0(x15)	 x15:0x00020000 x16:0x00000075 PA:0x00020000 store:0x00000075 load:0x00000000
          16388	      8190	001000b0	00154703	lbu	x14,1(x10)	 x10:0x00101994 x14=0x00000063 PA:0x00101995 store:0x001013e8
          16390	      8191	001000b4	04070e63	beq	x14,x0,100110	 x14:0x00000063  x0:0x00000000
          16394	      8193	001000b8	00e7a023	sw	x14,0(x15)	 x15:0x00020000 x14:0x00000063 PA:0x00020000 store:0x00000063 load:0x00000000
          16398	      8195	001000bc	00254283	lbu	x5,2(x10)	 x10:0x00101994  x5=0x00000074 PA:0x00101996 store:0x00137fa0
          16400	      8196	001000c0	04028863	beq	x5,x0,100110	  x5:0x00000074  x0:0x00000000
          16404	      8198	001000c4	0057a023	sw	x5,0(x15)	 x15:0x00020000  x5:0x00000074 PA:0x00020000 store:0x00000074 load:0x00000000
          16408	      8200	001000c8	00354303	lbu	x6,3(x10)	 x10:0x00101994  x6=0x00000069 PA:0x00101997 store:0x00000000
          16410	      8201	001000cc	04030263	beq	x6,x0,100110	  x6:0x00000069  x0:0x00000000
          16414	      8203	001000d0	0067a023	sw	x6,0(x15)	 x15:0x00020000  x6:0x00000069 PA:0x00020000 store:0x00000069 load:0x00000000
          16418	      8205	001000d4	00454383	lbu	x7,4(x10)	 x10:0x00101994  x7=0x0000006f PA:0x00101998 store:0x00000000
          16420	      8206	001000d8	02038c63	beq	x7,x0,100110	  x7:0x0000006f  x0:0x00000000
          16424	      8208	001000dc	0077a023	sw	x7,0(x15)	 x15:0x00020000  x7:0x0000006f PA:0x00020000 store:0x0000006f load:0x00000000
          16428	      8210	001000e0	00554583	lbu	x11,5(x10)	 x10:0x00101994 x11=0x0000006e PA:0x00101999 store:0x00000074
          16430	      8211	001000e4	02058663	beq	x11,x0,100110	 x11:0x0000006e  x0:0x00000000
          16434	      8213	001000e8	00b7a023	sw	x11,0(x15)	 x15:0x00020000 x11:0x0000006e PA:0x00020000 store:0x0000006e load:0x00000000
          16438	      8215	001000ec	00654603	lbu	x12,6(x10)	 x10:0x00101994 x12=0x00000073 PA:0x0010199a store:0x00000069
          16440	      8216	001000f0	02060063	beq	x12,x0,100110	 x12:0x00000073  x0:0x00000000
          16444	      8218	001000f4	00c7a023	sw	x12,0(x15)	 x15:0x00020000 x12:0x00000073 PA:0x00020000 store:0x00000073 load:0x00000000
          16448	      8220	001000f8	00754683	lbu	x13,7(x10)	 x10:0x00101994 x13=0x0000003a PA:0x0010199b store:0x0000006f
          16450	      8221	001000fc	00850513	addi	x10,x10,8	 x10:0x00101994 x10=0x0010199c
          16452	      8222	00100100	00068863	beq	x13,x0,100110	 x13:0x0000003a  x0:0x00000000
          16456	      8224	00100104	00d7a023	sw	x13,0(x15)	 x15:0x00020000 x13:0x0000003a PA:0x00020000 store:0x0000003a load:0x00000000
          16460	      8226	00100108	00054803	lbu	x16,0(x10)	 x10:0x0010199c x16=0x00000020 PA:0x0010199c store:0x00000000
          16464	      8228	0010010c	fa0810e3	bne	x16,x0,1000ac	 x16:0x00000020  x0:0x00000000
          16470	      8231	001000ac	0107a023	sw	x16,0(x15)	 x15:0x00020000 x16:0x00000020 PA:0x00020000 store:0x00000020 load:0x00000000
          16474	      8233	001000b0	00154703	lbu	x14,1(x10)	 x10:0x0010199c x14=0x0000000a PA:0x0010199d store:0x001013e8
          16476	      8234	001000b4	04070e63	beq	x14,x0,100110	 x14:0x0000000a  x0:0x00000000
          16480	      8236	001000b8	00e7a023	sw	x14,0(x15)	 x15:0x00020000 x14:0x0000000a PA:0x00020000 store:0x0000000a load:0x00000000
          16484	      8238	001000bc	00254283	lbu	x5,2(x10)	 x10:0x0010199c  x5=0x00000000 PA:0x0010199e store:0x00137fa0
          16488	      8240	001000c0	04028863	beq	x5,x0,100110	  x5:0x00000000  x0:0x00000000
          16492	      8242	00100110	00000513	addi	x10,x0,0	  x0:0x00000000 x10=0x00000000
          16496	      8244	00100114	00008067	jalr	x0,0(x1)	  x1:0x001013e8  x0=0x00000000
          16498	      8245	001013e8	ff800637	lui	x12,0xff800	 x12=0xff800000
          16502	      8247	001013ec	beca2823	sw	x12,-1040(x20)	 x20:0x00102000 x12:0xff800000 PA:0x00101bf0 store:0xff800000 load:0x00000a20
          16512	      8252	001013f0	bf0a2803	lw	x16,-1040(x20)	 x20:0x00102000 x16=0xff800000 PA:0x00101bf0 store:0x00000020
          16514	      8253	001013f4	f0080fd3	fmv.w.x	f31,x16	 x16:0xff800000 f31=0x00000000
          16516	      8254	001013f8	c1fbae27	fsw	f31,-996(x23)	 f23:0x00102000 f31:0x2b000000 PA:0x00101c1c store:0xff800000 load:0xff800000
          16518	      8255	001013fc	c1cba007	flw	f0,-996(x23)	 f23:0x00102000  f0=0x00000000 PA:0x00101c1c store:0xc06d7f2b
          16522	      8257	00101400	001028b7	lui	x17,0x102	 x17=0x00102000
          16524	      8258	00101404	9a088513	addi	x10,x17,-1632	 x17:0x00102000 x10=0x001019a0
          16526	      8259	00101408	e0001d53	fclass.s	x26,f0	  f0:0x00000000 x26=0x00000001
          16528	      8260	0010140c	bfaa2823	sw	x26,-1040(x20)	 x20:0x00102000 x26:0x00000001 PA:0x00101bf0 store:0x00000001 load:0xff800000
          16530	      8261	00101410	c91fe0ef	jal	x1,1000a0	  x1=0x00101414
          16532	      8262	001000a0	00054803	lbu	x16,0(x10)	 x10:0x001019a0 x16=0x00000020 PA:0x001019a0 store:0x00000000
          16534	      8263	001000a4	06080663	beq	x16,x0,100110	 x16:0x00000020  x0:0x00000000
          16536	      8264	001000a8	000207b7	lui	x15,0x20	 x15=0x00020000
          16540	      8266	001000ac	0107a023	sw	x16,0(x15)	 x15:0x00020000 x16:0x00000020 PA:0x00020000 store:0x00000020 load:0x00000000
          16544	      8268	001000b0	00154703	lbu	x14,1(x10)	 x10:0x001019a0 x14=0x00000045 PA:0x001019a1 store:0x00101414
          16546	      8269	001000b4	04070e63	beq	x14,x0,100110	 x14:0x00000045  x0:0x00000000
          16550	      8271	001000b8	00e7a023	sw	x14,0(x15)	 x15:0x00020000 x14:0x00000045 PA:0x00020000 store:0x00000045 load:0x00000000
          16554	      8273	001000bc	00254283	lbu	x5,2(x10)	 x10:0x001019a0  x5=0x00000078 PA:0x001019a2 store:0x00137fa0
          16556	      8274	001000c0	04028863	beq	x5,x0,100110	  x5:0x00000078  x0:0x00000000
          16560	      8276	001000c4	0057a023	sw	x5,0(x15)	 x15:0x00020000  x5:0x00000078 PA:0x00020000 store:0x00000078 load:0x00000000
          16564	      8278	001000c8	00354303	lbu	x6,3(x10)	 x10:0x001019a0  x6=0x00000070 PA:0x001019a3 store:0x00000000
          16566	      8279	001000cc	04030263	beq	x6,x0,100110	  x6:0x00000070  x0:0x00000000
          16570	      8281	001000d0	0067a023	sw	x6,0(x15)	 x15:0x00020000  x6:0x00000070 PA:0x00020000 store:0x00000070 load:0x00000000
          16574	      8283	001000d4	00454383	lbu	x7,4(x10)	 x10:0x001019a0  x7=0x00000065 PA:0x001019a4 store:0x00000000
          16576	      8284	001000d8	02038c63	beq	x7,x0,100110	  x7:0x00000065  x0:0x00000000
          16580	      8286	001000dc	0077a023	sw	x7,0(x15)	 x15:0x00020000  x7:0x00000065 PA:0x00020000 store:0x00000065 load:0x00000000
          16584	      8288	001000e0	00554583	lbu	x11,5(x10)	 x10:0x001019a0 x11=0x00000063 PA:0x001019a5 store:0x00000078
          16586	      8289	001000e4	02058663	beq	x11,x0,100110	 x11:0x00000063  x0:0x00000000
          16590	      8291	001000e8	00b7a023	sw	x11,0(x15)	 x15:0x00020000 x11:0x00000063 PA:0x00020000 store:0x00000063 load:0x00000000
          16594	      8293	001000ec	00654603	lbu	x12,6(x10)	 x10:0x001019a0 x12=0x00000074 PA:0x001019a6 store:0x00000070
          16596	      8294	001000f0	02060063	beq	x12,x0,100110	 x12:0x00000074  x0:0x00000000
          16600	      8296	001000f4	00c7a023	sw	x12,0(x15)	 x15:0x00020000 x12:0x00000074 PA:0x00020000 store:0x00000074 load:0x00000000
          16604	      8298	001000f8	00754683	lbu	x13,7(x10)	 x10:0x001019a0 x13=0x00000069 PA:0x001019a7 store:0x00000065
          16606	      8299	001000fc	00850513	addi	x10,x10,8	 x10:0x001019a0 x10=0x001019a8
          16608	      8300	00100100	00068863	beq	x13,x0,100110	 x13:0x00000069  x0:0x00000000
          16612	      8302	00100104	00d7a023	sw	x13,0(x15)	 x15:0x00020000 x13:0x00000069 PA:0x00020000 store:0x00000069 load:0x00000000
          16616	      8304	00100108	00054803	lbu	x16,0(x10)	 x10:0x001019a8 x16=0x0000006e PA:0x001019a8 store:0x00000000
          16620	      8306	0010010c	fa0810e3	bne	x16,x0,1000ac	 x16:0x0000006e  x0:0x00000000
          16626	      8309	001000ac	0107a023	sw	x16,0(x15)	 x15:0x00020000 x16:0x0000006e PA:0x00020000 store:0x0000006e load:0x00000000
          16630	      8311	001000b0	00154703	lbu	x14,1(x10)	 x10:0x001019a8 x14=0x00000067 PA:0x001019a9 store:0x00101414
          16632	      8312	001000b4	04070e63	beq	x14,x0,100110	 x14:0x00000067  x0:0x00000000
          16636	      8314	001000b8	00e7a023	sw	x14,0(x15)	 x15:0x00020000 x14:0x00000067 PA:0x00020000 store:0x00000067 load:0x00000000
          16640	      8316	001000bc	00254283	lbu	x5,2(x10)	 x10:0x001019a8  x5=0x00000020 PA:0x001019aa store:0x00137fa0
          16642	      8317	001000c0	04028863	beq	x5,x0,100110	  x5:0x00000020  x0:0x00000000
          16646	      8319	001000c4	0057a023	sw	x5,0(x15)	 x15:0x00020000  x5:0x00000020 PA:0x00020000 store:0x00000020 load:0x00000000
          16650	      8321	001000c8	00354303	lbu	x6,3(x10)	 x10:0x001019a8  x6=0x00000030 PA:0x001019ab store:0x00000000
          16652	      8322	001000cc	04030263	beq	x6,x0,100110	  x6:0x00000030  x0:0x00000000
          16656	      8324	001000d0	0067a023	sw	x6,0(x15)	 x15:0x00020000  x6:0x00000030 PA:0x00020000 store:0x00000030 load:0x00000000
          16660	      8326	001000d4	00454383	lbu	x7,4(x10)	 x10:0x001019a8  x7=0x00000078 PA:0x001019ac store:0x00000000
          16662	      8327	001000d8	02038c63	beq	x7,x0,100110	  x7:0x00000078  x0:0x00000000
          16666	      8329	001000dc	0077a023	sw	x7,0(x15)	 x15:0x00020000  x7:0x00000078 PA:0x00020000 store:0x00000078 load:0x00000000
          16670	      8331	001000e0	00554583	lbu	x11,5(x10)	 x10:0x001019a8 x11=0x00000031 PA:0x001019ad store:0x00000020
          16672	      8332	001000e4	02058663	beq	x11,x0,100110	 x11:0x00000031  x0:0x00000000
          16676	      8334	001000e8	00b7a023	sw	x11,0(x15)	 x15:0x00020000 x11:0x00000031 PA:0x00020000 store:0x00000031 load:0x00000000
          16680	      8336	001000ec	00654603	lbu	x12,6(x10)	 x10:0x001019a8 x12=0x0000003a PA:0x001019ae store:0x00000030
          16682	      8337	001000f0	02060063	beq	x12,x0,100110	 x12:0x0000003a  x0:0x00000000
          16686	      8339	001000f4	00c7a023	sw	x12,0(x15)	 x15:0x00020000 x12:0x0000003a PA:0x00020000 store:0x0000003a load:0x00000000
          16690	      8341	001000f8	00754683	lbu	x13,7(x10)	 x10:0x001019a8 x13=0x00000020 PA:0x001019af store:0x00000078
          16692	      8342	001000fc	00850513	addi	x10,x10,8	 x10:0x001019a8 x10=0x001019b0
          16694	      8343	00100100	00068863	beq	x13,x0,100110	 x13:0x00000020  x0:0x00000000
          16698	      8345	00100104	00d7a023	sw	x13,0(x15)	 x15:0x00020000 x13:0x00000020 PA:0x00020000 store:0x00000020 load:0x00000000
          16702	      8347	00100108	00054803	lbu	x16,0(x10)	 x10:0x001019b0 x16=0x00000000 PA:0x001019b0 store:0x00000000
          16704	      8348	0010010c	fa0810e3	bne	x16,x0,1000ac	 x16:0x00000000  x0:0x00000000
          16706	      8349	00100110	00000513	addi	x10,x0,0	  x0:0x00000000 x10=0x00000000
          16710	      8351	00100114	00008067	jalr	x0,0(x1)	  x1:0x00101414  x0=0x00000000
          16714	      8353	00101414	bf0a2503	lw	x10,-1040(x20)	 x20:0x00102000 x10=0x00000001 PA:0x00101bf0 store:0x00000000
          16716	      8354	00101418	00102d37	lui	x26,0x102	 x26=0x00102000
          16720	      8356	0010141c	d05fe0ef	jal	x1,100120	  x1=0x00101420
          16722	      8357	00100120	01c55793	srli	x15,x10,0x1c	 x10:0x00000001 x15=0x00000000
          16724	      8358	00100124	00900713	addi	x14,x0,9	  x0:0x00000000 x14=0x00000009
          16728	      8360	00100128	0cf77a63	bgeu	x14,x15,1001fc	 x14:0x00000009 x15:0x00000000
          16732	      8362	001001fc	03078393	addi	x7,x15,48	 x15:0x00000000  x7=0x00000030
          16734	      8363	00100200	000205b7	lui	x11,0x20	 x11=0x00020000
          16736	      8364	00100204	00451613	slli	x12,x10,0x4	 x10:0x00000001 x12=0x00000010
          16740	      8366	00100208	0075a023	sw	x7,0(x11)	 x11:0x00020000  x7:0x00000030 PA:0x00020000 store:0x00000030 load:0x00000000
          16742	      8367	0010020c	01c65693	srli	x13,x12,0x1c	 x12:0x00000010 x13=0x00000000
          16744	      8368	00100210	00900813	addi	x16,x0,9	  x0:0x00000000 x16=0x00000009
          16746	      8369	00100214	f2d86ae3	bltu	x16,x13,100148	 x16:0x00000009 x13:0x00000000
          16748	      8370	00100218	03068e93	addi	x29,x13,48	 x13:0x00000000 x29=0x00000030
          16750	      8371	0010021c	00020f37	lui	x30,0x20	 x30=0x00020000
          16752	      8372	00100220	00851f93	slli	x31,x10,0x8	 x10:0x00000001 x31=0x00000100
          16756	      8374	00100224	01df2023	sw	x29,0(x30)	 x30:0x00020000 x29:0x00000030 PA:0x00020000 store:0x00000030 load:0x00000000
          16758	      8375	00100228	01cfd793	srli	x15,x31,0x1c	 x31:0x00000100 x15=0x00000000
          16760	      8376	0010022c	00900713	addi	x14,x0,9	  x0:0x00000000 x14=0x00000009
          16762	      8377	00100230	f2f76ae3	bltu	x14,x15,100164	 x14:0x00000009 x15:0x00000000
          16764	      8378	00100234	03078393	addi	x7,x15,48	 x15:0x00000000  x7=0x00000030
          16766	      8379	00100238	000205b7	lui	x11,0x20	 x11=0x00020000
          16768	      8380	0010023c	00c51613	slli	x12,x10,0xc	 x10:0x00000001 x12=0x00001000
          16772	      8382	00100240	0075a023	sw	x7,0(x11)	 x11:0x00020000  x7:0x00000030 PA:0x00020000 store:0x00000030 load:0x00000000
          16774	      8383	00100244	01c65693	srli	x13,x12,0x1c	 x12:0x00001000 x13=0x00000000
          16776	      8384	00100248	00900813	addi	x16,x0,9	  x0:0x00000000 x16=0x00000009
          16778	      8385	0010024c	f2d86ae3	bltu	x16,x13,100180	 x16:0x00000009 x13:0x00000000
          16780	      8386	00100250	03068e93	addi	x29,x13,48	 x13:0x00000000 x29=0x00000030
          16782	      8387	00100254	00020f37	lui	x30,0x20	 x30=0x00020000
          16784	      8388	00100258	01051f93	slli	x31,x10,0x10	 x10:0x00000001 x31=0x00010000
          16788	      8390	0010025c	01df2023	sw	x29,0(x30)	 x30:0x00020000 x29:0x00000030 PA:0x00020000 store:0x00000030 load:0x00000000
          16790	      8391	00100260	01cfd793	srli	x15,x31,0x1c	 x31:0x00010000 x15=0x00000000
          16792	      8392	00100264	00900713	addi	x14,x0,9	  x0:0x00000000 x14=0x00000009
          16794	      8393	00100268	f2f76ae3	bltu	x14,x15,10019c	 x14:0x00000009 x15:0x00000000
          16796	      8394	0010026c	03078393	addi	x7,x15,48	 x15:0x00000000  x7=0x00000030
          16798	      8395	00100270	000205b7	lui	x11,0x20	 x11=0x00020000
          16800	      8396	00100274	01451613	slli	x12,x10,0x14	 x10:0x00000001 x12=0x00100000
          16804	      8398	00100278	0075a023	sw	x7,0(x11)	 x11:0x00020000  x7:0x00000030 PA:0x00020000 store:0x00000030 load:0x00000000
          16806	      8399	0010027c	01c65693	srli	x13,x12,0x1c	 x12:0x00100000 x13=0x00000000
          16808	      8400	00100280	00900813	addi	x16,x0,9	  x0:0x00000000 x16=0x00000009
          16810	      8401	00100284	f2d86ae3	bltu	x16,x13,1001b8	 x16:0x00000009 x13:0x00000000
          16812	      8402	00100288	03068e93	addi	x29,x13,48	 x13:0x00000000 x29=0x00000030
          16814	      8403	0010028c	00020f37	lui	x30,0x20	 x30=0x00020000
          16816	      8404	00100290	01851f93	slli	x31,x10,0x18	 x10:0x00000001 x31=0x01000000
          16820	      8406	00100294	01df2023	sw	x29,0(x30)	 x30:0x00020000 x29:0x00000030 PA:0x00020000 store:0x00000030 load:0x00000000
          16822	      8407	00100298	01cfd793	srli	x15,x31,0x1c	 x31:0x01000000 x15=0x00000000
          16824	      8408	0010029c	00900713	addi	x14,x0,9	  x0:0x00000000 x14=0x00000009
          16826	      8409	001002a0	f2f76ae3	bltu	x14,x15,1001d4	 x14:0x00000009 x15:0x00000000
          16828	      8410	001002a4	03078393	addi	x7,x15,48	 x15:0x00000000  x7=0x00000030
          16830	      8411	001002a8	000205b7	lui	x11,0x20	 x11=0x00020000
          16834	      8413	001002ac	0075a023	sw	x7,0(x11)	 x11:0x00020000  x7:0x00000030 PA:0x00020000 store:0x00000030 load:0x00000000
          16836	      8414	001002b0	00f57513	andi	x10,x10,15	 x10:0x00000001 x10=0x00000001
          16838	      8415	001002b4	00900613	addi	x12,x0,9	  x0:0x00000000 x12=0x00000009
          16842	      8417	001002b8	f2a67ae3	bgeu	x12,x10,1001ec	 x12:0x00000009 x10:0x00000001
          16846	      8419	001001ec	03050893	addi	x17,x10,48	 x10:0x00000001 x17=0x00000031
          16848	      8420	001001f0	00020e37	lui	x28,0x20	 x28=0x00020000
          16852	      8422	001001f4	011e2023	sw	x17,0(x28)	 x28:0x00020000 x17:0x00000031 PA:0x00020000 store:0x00000031 load:0x00000000
          16856	      8424	001001f8	00008067	jalr	x0,0(x1)	  x1:0x00101420  x0=0x00000000
          16864	      8428	00101420	00102e37	lui	x28,0x102	 x28=0x00102000
          16866	      8429	00101424	85ce2087	flw	f1,-1956(x28)	 f28:0x00102000  f1=0x00000000 PA:0x0010185c store:0xc06d7f2b
          16870	      8431	00101428	00102eb7	lui	x29,0x102	 x29=0x00102000
          16872	      8432	0010142c	9b4e8513	addi	x10,x29,-1612	 x29:0x00102000 x10=0x001019b4
          16874	      8433	00101430	c01b2c27	fsw	f1,-1000(x22)	 f22:0x00102000  f1:0x00101420 PA:0x00101c18 store:0xc019999a load:0xc019999a
          16876	      8434	00101434	c18b2107	flw	f2,-1000(x22)	 f22:0x00102000  f2=0x00000000 PA:0x00101c18 store:0x00000000
          16878	      8435	00101438	e0011f53	fclass.s	x30,f2	  f2:0x00137fa0 x30=0x00000002
          16880	      8436	0010143c	bfeda623	sw	x30,-1044(x27)	 x27:0x00102000 x30:0x00000002 PA:0x00101bec store:0x00000002 load:0xc019999a
          16882	      8437	00101440	c61fe0ef	jal	x1,1000a0	  x1=0x00101444
          16884	      8438	001000a0	00054803	lbu	x16,0(x10)	 x10:0x001019b4 x16=0x0000000a PA:0x001019b4 store:0x00000000
          16886	      8439	001000a4	06080663	beq	x16,x0,100110	 x16:0x0000000a  x0:0x00000000
          16888	      8440	001000a8	000207b7	lui	x15,0x20	 x15=0x00020000
          16892	      8442	001000ac	0107a023	sw	x16,0(x15)	 x15:0x00020000 x16:0x0000000a PA:0x00020000 store:0x0000000a load:0x00000000
          16896	      8444	001000b0	00154703	lbu	x14,1(x10)	 x10:0x001019b4 x14=0x00000020 PA:0x001019b5 store:0x00101444
          16898	      8445	001000b4	04070e63	beq	x14,x0,100110	 x14:0x00000020  x0:0x00000000
          16902	      8447	001000b8	00e7a023	sw	x14,0(x15)	 x15:0x00020000 x14:0x00000020 PA:0x00020000 store:0x00000020 load:0x00000000
          16906	      8449	001000bc	00254283	lbu	x5,2(x10)	 x10:0x001019b4  x5=0x00000045 PA:0x001019b6 store:0x00137fa0
          16908	      8450	001000c0	04028863	beq	x5,x0,100110	  x5:0x00000045  x0:0x00000000
          16912	      8452	001000c4	0057a023	sw	x5,0(x15)	 x15:0x00020000  x5:0x00000045 PA:0x00020000 store:0x00000045 load:0x00000000
          16916	      8454	001000c8	00354303	lbu	x6,3(x10)	 x10:0x001019b4  x6=0x00000078 PA:0x001019b7 store:0x00000000
          16918	      8455	001000cc	04030263	beq	x6,x0,100110	  x6:0x00000078  x0:0x00000000
          16922	      8457	001000d0	0067a023	sw	x6,0(x15)	 x15:0x00020000  x6:0x00000078 PA:0x00020000 store:0x00000078 load:0x00000000
          16926	      8459	001000d4	00454383	lbu	x7,4(x10)	 x10:0x001019b4  x7=0x00000070 PA:0x001019b8 store:0x00000000
          16928	      8460	001000d8	02038c63	beq	x7,x0,100110	  x7:0x00000070  x0:0x00000000
          16932	      8462	001000dc	0077a023	sw	x7,0(x15)	 x15:0x00020000  x7:0x00000070 PA:0x00020000 store:0x00000070 load:0x00000000
          16936	      8464	001000e0	00554583	lbu	x11,5(x10)	 x10:0x001019b4 x11=0x00000065 PA:0x001019b9 store:0x00000045
          16938	      8465	001000e4	02058663	beq	x11,x0,100110	 x11:0x00000065  x0:0x00000000
          16942	      8467	001000e8	00b7a023	sw	x11,0(x15)	 x15:0x00020000 x11:0x00000065 PA:0x00020000 store:0x00000065 load:0x00000000
          16946	      8469	001000ec	00654603	lbu	x12,6(x10)	 x10:0x001019b4 x12=0x00000063 PA:0x001019ba store:0x00000078
          16948	      8470	001000f0	02060063	beq	x12,x0,100110	 x12:0x00000063  x0:0x00000000
          16952	      8472	001000f4	00c7a023	sw	x12,0(x15)	 x15:0x00020000 x12:0x00000063 PA:0x00020000 store:0x00000063 load:0x00000000
          16956	      8474	001000f8	00754683	lbu	x13,7(x10)	 x10:0x001019b4 x13=0x00000074 PA:0x001019bb store:0x00000070
          16958	      8475	001000fc	00850513	addi	x10,x10,8	 x10:0x001019b4 x10=0x001019bc
          16960	      8476	00100100	00068863	beq	x13,x0,100110	 x13:0x00000074  x0:0x00000000
          16964	      8478	00100104	00d7a023	sw	x13,0(x15)	 x15:0x00020000 x13:0x00000074 PA:0x00020000 store:0x00000074 load:0x00000000
          16968	      8480	00100108	00054803	lbu	x16,0(x10)	 x10:0x001019bc x16=0x00000069 PA:0x001019bc store:0x00000000
          16972	      8482	0010010c	fa0810e3	bne	x16,x0,1000ac	 x16:0x00000069  x0:0x00000000
          16978	      8485	001000ac	0107a023	sw	x16,0(x15)	 x15:0x00020000 x16:0x00000069 PA:0x00020000 store:0x00000069 load:0x00000000
          16982	      8487	001000b0	00154703	lbu	x14,1(x10)	 x10:0x001019bc x14=0x0000006e PA:0x001019bd store:0x00101444
          16984	      8488	001000b4	04070e63	beq	x14,x0,100110	 x14:0x0000006e  x0:0x00000000
          16988	      8490	001000b8	00e7a023	sw	x14,0(x15)	 x15:0x00020000 x14:0x0000006e PA:0x00020000 store:0x0000006e load:0x00000000
          16992	      8492	001000bc	00254283	lbu	x5,2(x10)	 x10:0x001019bc  x5=0x00000067 PA:0x001019be store:0x00137fa0
          16994	      8493	001000c0	04028863	beq	x5,x0,100110	  x5:0x00000067  x0:0x00000000
          16998	      8495	001000c4	0057a023	sw	x5,0(x15)	 x15:0x00020000  x5:0x00000067 PA:0x00020000 store:0x00000067 load:0x00000000
          17002	      8497	001000c8	00354303	lbu	x6,3(x10)	 x10:0x001019bc  x6=0x00000020 PA:0x001019bf store:0x00000000
          17004	      8498	001000cc	04030263	beq	x6,x0,100110	  x6:0x00000020  x0:0x00000000
          17008	      8500	001000d0	0067a023	sw	x6,0(x15)	 x15:0x00020000  x6:0x00000020 PA:0x00020000 store:0x00000020 load:0x00000000
          17012	      8502	001000d4	00454383	lbu	x7,4(x10)	 x10:0x001019bc  x7=0x00000030 PA:0x001019c0 store:0x00000000
          17014	      8503	001000d8	02038c63	beq	x7,x0,100110	  x7:0x00000030  x0:0x00000000
          17018	      8505	001000dc	0077a023	sw	x7,0(x15)	 x15:0x00020000  x7:0x00000030 PA:0x00020000 store:0x00000030 load:0x00000000
          17022	      8507	001000e0	00554583	lbu	x11,5(x10)	 x10:0x001019bc x11=0x00000078 PA:0x001019c1 store:0x00000067
          17024	      8508	001000e4	02058663	beq	x11,x0,100110	 x11:0x00000078  x0:0x00000000
          17028	      8510	001000e8	00b7a023	sw	x11,0(x15)	 x15:0x00020000 x11:0x00000078 PA:0x00020000 store:0x00000078 load:0x00000000
          17032	      8512	001000ec	00654603	lbu	x12,6(x10)	 x10:0x001019bc x12=0x00000032 PA:0x001019c2 store:0x00000020
          17034	      8513	001000f0	02060063	beq	x12,x0,100110	 x12:0x00000032  x0:0x00000000
          17038	      8515	001000f4	00c7a023	sw	x12,0(x15)	 x15:0x00020000 x12:0x00000032 PA:0x00020000 store:0x00000032 load:0x00000000
          17042	      8517	001000f8	00754683	lbu	x13,7(x10)	 x10:0x001019bc x13=0x0000003a PA:0x001019c3 store:0x00000030
          17044	      8518	001000fc	00850513	addi	x10,x10,8	 x10:0x001019bc x10=0x001019c4
          17046	      8519	00100100	00068863	beq	x13,x0,100110	 x13:0x0000003a  x0:0x00000000
          17050	      8521	00100104	00d7a023	sw	x13,0(x15)	 x15:0x00020000 x13:0x0000003a PA:0x00020000 store:0x0000003a load:0x00000000
          17054	      8523	00100108	00054803	lbu	x16,0(x10)	 x10:0x001019c4 x16=0x00000020 PA:0x001019c4 store:0x00000000
          17058	      8525	0010010c	fa0810e3	bne	x16,x0,1000ac	 x16:0x00000020  x0:0x00000000
          17064	      8528	001000ac	0107a023	sw	x16,0(x15)	 x15:0x00020000 x16:0x00000020 PA:0x00020000 store:0x00000020 load:0x00000000
          17068	      8530	001000b0	00154703	lbu	x14,1(x10)	 x10:0x001019c4 x14=0x00000000 PA:0x001019c5 store:0x00101444
          17072	      8532	001000b4	04070e63	beq	x14,x0,100110	 x14:0x00000000  x0:0x00000000
          17076	      8534	00100110	00000513	addi	x10,x0,0	  x0:0x00000000 x10=0x00000000
          17080	      8536	00100114	00008067	jalr	x0,0(x1)	  x1:0x00101444  x0=0x00000000
          17084	      8538	00101444	becda503	lw	x10,-1044(x27)	 x27:0x00102000 x10=0x00000002 PA:0x00101bec store:0x00000032
          17088	      8540	00101448	cd9fe0ef	jal	x1,100120	  x1=0x0010144c
          17090	      8541	00100120	01c55793	srli	x15,x10,0x1c	 x10:0x00000002 x15=0x00000000
          17092	      8542	00100124	00900713	addi	x14,x0,9	  x0:0x00000000 x14=0x00000009
          17096	      8544	00100128	0cf77a63	bgeu	x14,x15,1001fc	 x14:0x00000009 x15:0x00000000
          17100	      8546	001001fc	03078393	addi	x7,x15,48	 x15:0x00000000  x7=0x00000030
          17102	      8547	00100200	000205b7	lui	x11,0x20	 x11=0x00020000
          17104	      8548	00100204	00451613	slli	x12,x10,0x4	 x10:0x00000002 x12=0x00000020
          17108	      8550	00100208	0075a023	sw	x7,0(x11)	 x11:0x00020000  x7:0x00000030 PA:0x00020000 store:0x00000030 load:0x00000000
          17110	      8551	0010020c	01c65693	srli	x13,x12,0x1c	 x12:0x00000020 x13=0x00000000
          17112	      8552	00100210	00900813	addi	x16,x0,9	  x0:0x00000000 x16=0x00000009
          17114	      8553	00100214	f2d86ae3	bltu	x16,x13,100148	 x16:0x00000009 x13:0x00000000
          17116	      8554	00100218	03068e93	addi	x29,x13,48	 x13:0x00000000 x29=0x00000030
          17118	      8555	0010021c	00020f37	lui	x30,0x20	 x30=0x00020000
          17120	      8556	00100220	00851f93	slli	x31,x10,0x8	 x10:0x00000002 x31=0x00000200
          17124	      8558	00100224	01df2023	sw	x29,0(x30)	 x30:0x00020000 x29:0x00000030 PA:0x00020000 store:0x00000030 load:0x00000000
          17126	      8559	00100228	01cfd793	srli	x15,x31,0x1c	 x31:0x00000200 x15=0x00000000
          17128	      8560	0010022c	00900713	addi	x14,x0,9	  x0:0x00000000 x14=0x00000009
          17130	      8561	00100230	f2f76ae3	bltu	x14,x15,100164	 x14:0x00000009 x15:0x00000000
          17132	      8562	00100234	03078393	addi	x7,x15,48	 x15:0x00000000  x7=0x00000030
          17134	      8563	00100238	000205b7	lui	x11,0x20	 x11=0x00020000
          17136	      8564	0010023c	00c51613	slli	x12,x10,0xc	 x10:0x00000002 x12=0x00002000
          17140	      8566	00100240	0075a023	sw	x7,0(x11)	 x11:0x00020000  x7:0x00000030 PA:0x00020000 store:0x00000030 load:0x00000000
          17142	      8567	00100244	01c65693	srli	x13,x12,0x1c	 x12:0x00002000 x13=0x00000000
          17144	      8568	00100248	00900813	addi	x16,x0,9	  x0:0x00000000 x16=0x00000009
          17146	      8569	0010024c	f2d86ae3	bltu	x16,x13,100180	 x16:0x00000009 x13:0x00000000
          17148	      8570	00100250	03068e93	addi	x29,x13,48	 x13:0x00000000 x29=0x00000030
          17150	      8571	00100254	00020f37	lui	x30,0x20	 x30=0x00020000
          17152	      8572	00100258	01051f93	slli	x31,x10,0x10	 x10:0x00000002 x31=0x00020000
          17156	      8574	0010025c	01df2023	sw	x29,0(x30)	 x30:0x00020000 x29:0x00000030 PA:0x00020000 store:0x00000030 load:0x00000000
          17158	      8575	00100260	01cfd793	srli	x15,x31,0x1c	 x31:0x00020000 x15=0x00000000
          17160	      8576	00100264	00900713	addi	x14,x0,9	  x0:0x00000000 x14=0x00000009
          17162	      8577	00100268	f2f76ae3	bltu	x14,x15,10019c	 x14:0x00000009 x15:0x00000000
          17164	      8578	0010026c	03078393	addi	x7,x15,48	 x15:0x00000000  x7=0x00000030
          17166	      8579	00100270	000205b7	lui	x11,0x20	 x11=0x00020000
          17168	      8580	00100274	01451613	slli	x12,x10,0x14	 x10:0x00000002 x12=0x00200000
          17172	      8582	00100278	0075a023	sw	x7,0(x11)	 x11:0x00020000  x7:0x00000030 PA:0x00020000 store:0x00000030 load:0x00000000
          17174	      8583	0010027c	01c65693	srli	x13,x12,0x1c	 x12:0x00200000 x13=0x00000000
          17176	      8584	00100280	00900813	addi	x16,x0,9	  x0:0x00000000 x16=0x00000009
          17178	      8585	00100284	f2d86ae3	bltu	x16,x13,1001b8	 x16:0x00000009 x13:0x00000000
          17180	      8586	00100288	03068e93	addi	x29,x13,48	 x13:0x00000000 x29=0x00000030
          17182	      8587	0010028c	00020f37	lui	x30,0x20	 x30=0x00020000
          17184	      8588	00100290	01851f93	slli	x31,x10,0x18	 x10:0x00000002 x31=0x02000000
          17188	      8590	00100294	01df2023	sw	x29,0(x30)	 x30:0x00020000 x29:0x00000030 PA:0x00020000 store:0x00000030 load:0x00000000
          17190	      8591	00100298	01cfd793	srli	x15,x31,0x1c	 x31:0x02000000 x15=0x00000000
          17192	      8592	0010029c	00900713	addi	x14,x0,9	  x0:0x00000000 x14=0x00000009
          17194	      8593	001002a0	f2f76ae3	bltu	x14,x15,1001d4	 x14:0x00000009 x15:0x00000000
          17196	      8594	001002a4	03078393	addi	x7,x15,48	 x15:0x00000000  x7=0x00000030
          17198	      8595	001002a8	000205b7	lui	x11,0x20	 x11=0x00020000
          17202	      8597	001002ac	0075a023	sw	x7,0(x11)	 x11:0x00020000  x7:0x00000030 PA:0x00020000 store:0x00000030 load:0x00000000
          17204	      8598	001002b0	00f57513	andi	x10,x10,15	 x10:0x00000002 x10=0x00000002
          17206	      8599	001002b4	00900613	addi	x12,x0,9	  x0:0x00000000 x12=0x00000009
          17210	      8601	001002b8	f2a67ae3	bgeu	x12,x10,1001ec	 x12:0x00000009 x10:0x00000002
          17214	      8603	001001ec	03050893	addi	x17,x10,48	 x10:0x00000002 x17=0x00000032
          17216	      8604	001001f0	00020e37	lui	x28,0x20	 x28=0x00020000
          17220	      8606	001001f4	011e2023	sw	x17,0(x28)	 x28:0x00020000 x17:0x00000032 PA:0x00020000 store:0x00000032 load:0x00000000
          17224	      8608	001001f8	00008067	jalr	x0,0(x1)	  x1:0x0010144c  x0=0x00000000
          17232	      8612	0010144c	00102fb7	lui	x31,0x102	 x31=0x00102000
          17234	      8613	00101450	860fa707	flw	f14,-1952(x31)	 f31:0x00102000 f14=0x00000000 PA:0x00101860 store:0xff800000
          17238	      8615	00101454	00102537	lui	x10,0x102	 x10=0x00102000
          17240	      8616	00101458	9c850513	addi	x10,x10,-1592	 x10:0x00102000 x10=0x001019c8
          17242	      8617	0010145c	c0e4aa27	fsw	f14,-1004(x9)	  f9:0x00102000 f14:0x00000009 PA:0x00101c14 store:0x80000047 load:0x80000047
          17244	      8618	00101460	c144a787	flw	f15,-1004(x9)	  f9:0x00102000 f15=0x00000000 PA:0x00101c14 store:0x3e5bdc88
          17246	      8619	00101464	e00794d3	fclass.s	x9,f15	 f15:0x00000000  x9=0x00000004
          17248	      8620	00101468	be9d2423	sw	x9,-1048(x26)	 x26:0x00102000  x9:0x00000004 PA:0x00101be8 store:0x00000004 load:0x80000047
          17250	      8621	0010146c	c35fe0ef	jal	x1,1000a0	  x1=0x00101470
          17252	      8622	001000a0	00054803	lbu	x16,0(x10)	 x10:0x001019c8 x16=0x0000000a PA:0x001019c8 store:0x00000000
          17254	      8623	001000a4	06080663	beq	x16,x0,100110	 x16:0x0000000a  x0:0x00000000
          17256	      8624	001000a8	000207b7	lui	x15,0x20	 x15=0x00020000
          17260	      8626	001000ac	0107a023	sw	x16,0(x15)	 x15:0x00020000 x16:0x0000000a PA:0x00020000 store:0x0000000a load:0x00000000
          17264	      8628	001000b0	00154703	lbu	x14,1(x10)	 x10:0x001019c8 x14=0x00000020 PA:0x001019c9 store:0x00101470
          17266	      8629	001000b4	04070e63	beq	x14,x0,100110	 x14:0x00000020  x0:0x00000000
          17270	      8631	001000b8	00e7a023	sw	x14,0(x15)	 x15:0x00020000 x14:0x00000020 PA:0x00020000 store:0x00000020 load:0x00000000
          17274	      8633	001000bc	00254283	lbu	x5,2(x10)	 x10:0x001019c8  x5=0x00000045 PA:0x001019ca store:0x00137fa0
          17276	      8634	001000c0	04028863	beq	x5,x0,100110	  x5:0x00000045  x0:0x00000000
          17280	      8636	001000c4	0057a023	sw	x5,0(x15)	 x15:0x00020000  x5:0x00000045 PA:0x00020000 store:0x00000045 load:0x00000000
          17284	      8638	001000c8	00354303	lbu	x6,3(x10)	 x10:0x001019c8  x6=0x00000078 PA:0x001019cb store:0x00000000
          17286	      8639	001000cc	04030263	beq	x6,x0,100110	  x6:0x00000078  x0:0x00000000
          17290	      8641	001000d0	0067a023	sw	x6,0(x15)	 x15:0x00020000  x6:0x00000078 PA:0x00020000 store:0x00000078 load:0x00000000
          17294	      8643	001000d4	00454383	lbu	x7,4(x10)	 x10:0x001019c8  x7=0x00000070 PA:0x001019cc store:0x00000000
          17296	      8644	001000d8	02038c63	beq	x7,x0,100110	  x7:0x00000070  x0:0x00000000
          17300	      8646	001000dc	0077a023	sw	x7,0(x15)	 x15:0x00020000  x7:0x00000070 PA:0x00020000 store:0x00000070 load:0x00000000
          17304	      8648	001000e0	00554583	lbu	x11,5(x10)	 x10:0x001019c8 x11=0x00000065 PA:0x001019cd store:0x00000045
          17306	      8649	001000e4	02058663	beq	x11,x0,100110	 x11:0x00000065  x0:0x00000000
          17310	      8651	001000e8	00b7a023	sw	x11,0(x15)	 x15:0x00020000 x11:0x00000065 PA:0x00020000 store:0x00000065 load:0x00000000
          17314	      8653	001000ec	00654603	lbu	x12,6(x10)	 x10:0x001019c8 x12=0x00000063 PA:0x001019ce store:0x00000078
          17316	      8654	001000f0	02060063	beq	x12,x0,100110	 x12:0x00000063  x0:0x00000000
          17320	      8656	001000f4	00c7a023	sw	x12,0(x15)	 x15:0x00020000 x12:0x00000063 PA:0x00020000 store:0x00000063 load:0x00000000
          17324	      8658	001000f8	00754683	lbu	x13,7(x10)	 x10:0x001019c8 x13=0x00000074 PA:0x001019cf store:0x00000070
          17326	      8659	001000fc	00850513	addi	x10,x10,8	 x10:0x001019c8 x10=0x001019d0
          17328	      8660	00100100	00068863	beq	x13,x0,100110	 x13:0x00000074  x0:0x00000000
          17332	      8662	00100104	00d7a023	sw	x13,0(x15)	 x15:0x00020000 x13:0x00000074 PA:0x00020000 store:0x00000074 load:0x00000000
          17336	      8664	00100108	00054803	lbu	x16,0(x10)	 x10:0x001019d0 x16=0x00000069 PA:0x001019d0 store:0x00000000
          17340	      8666	0010010c	fa0810e3	bne	x16,x0,1000ac	 x16:0x00000069  x0:0x00000000
          17346	      8669	001000ac	0107a023	sw	x16,0(x15)	 x15:0x00020000 x16:0x00000069 PA:0x00020000 store:0x00000069 load:0x00000000
          17350	      8671	001000b0	00154703	lbu	x14,1(x10)	 x10:0x001019d0 x14=0x0000006e PA:0x001019d1 store:0x00101470
          17352	      8672	001000b4	04070e63	beq	x14,x0,100110	 x14:0x0000006e  x0:0x00000000
          17356	      8674	001000b8	00e7a023	sw	x14,0(x15)	 x15:0x00020000 x14:0x0000006e PA:0x00020000 store:0x0000006e load:0x00000000
          17360	      8676	001000bc	00254283	lbu	x5,2(x10)	 x10:0x001019d0  x5=0x00000067 PA:0x001019d2 store:0x00137fa0
          17362	      8677	001000c0	04028863	beq	x5,x0,100110	  x5:0x00000067  x0:0x00000000
          17366	      8679	001000c4	0057a023	sw	x5,0(x15)	 x15:0x00020000  x5:0x00000067 PA:0x00020000 store:0x00000067 load:0x00000000
          17370	      8681	001000c8	00354303	lbu	x6,3(x10)	 x10:0x001019d0  x6=0x00000020 PA:0x001019d3 store:0x00000000
          17372	      8682	001000cc	04030263	beq	x6,x0,100110	  x6:0x00000020  x0:0x00000000
          17376	      8684	001000d0	0067a023	sw	x6,0(x15)	 x15:0x00020000  x6:0x00000020 PA:0x00020000 store:0x00000020 load:0x00000000
          17380	      8686	001000d4	00454383	lbu	x7,4(x10)	 x10:0x001019d0  x7=0x00000030 PA:0x001019d4 store:0x00000000
          17382	      8687	001000d8	02038c63	beq	x7,x0,100110	  x7:0x00000030  x0:0x00000000
          17386	      8689	001000dc	0077a023	sw	x7,0(x15)	 x15:0x00020000  x7:0x00000030 PA:0x00020000 store:0x00000030 load:0x00000000
          17390	      8691	001000e0	00554583	lbu	x11,5(x10)	 x10:0x001019d0 x11=0x00000078 PA:0x001019d5 store:0x00000067
          17392	      8692	001000e4	02058663	beq	x11,x0,100110	 x11:0x00000078  x0:0x00000000
          17396	      8694	001000e8	00b7a023	sw	x11,0(x15)	 x15:0x00020000 x11:0x00000078 PA:0x00020000 store:0x00000078 load:0x00000000
          17400	      8696	001000ec	00654603	lbu	x12,6(x10)	 x10:0x001019d0 x12=0x00000034 PA:0x001019d6 store:0x00000020
          17402	      8697	001000f0	02060063	beq	x12,x0,100110	 x12:0x00000034  x0:0x00000000
          17406	      8699	001000f4	00c7a023	sw	x12,0(x15)	 x15:0x00020000 x12:0x00000034 PA:0x00020000 store:0x00000034 load:0x00000000
          17410	      8701	001000f8	00754683	lbu	x13,7(x10)	 x10:0x001019d0 x13=0x0000003a PA:0x001019d7 store:0x00000030
          17412	      8702	001000fc	00850513	addi	x10,x10,8	 x10:0x001019d0 x10=0x001019d8
          17414	      8703	00100100	00068863	beq	x13,x0,100110	 x13:0x0000003a  x0:0x00000000
          17418	      8705	00100104	00d7a023	sw	x13,0(x15)	 x15:0x00020000 x13:0x0000003a PA:0x00020000 store:0x0000003a load:0x00000000
          17422	      8707	00100108	00054803	lbu	x16,0(x10)	 x10:0x001019d8 x16=0x00000020 PA:0x001019d8 store:0x00000000
          17426	      8709	0010010c	fa0810e3	bne	x16,x0,1000ac	 x16:0x00000020  x0:0x00000000
          17432	      8712	001000ac	0107a023	sw	x16,0(x15)	 x15:0x00020000 x16:0x00000020 PA:0x00020000 store:0x00000020 load:0x00000000
          17436	      8714	001000b0	00154703	lbu	x14,1(x10)	 x10:0x001019d8 x14=0x00000000 PA:0x001019d9 store:0x00101470
          17440	      8716	001000b4	04070e63	beq	x14,x0,100110	 x14:0x00000000  x0:0x00000000
          17444	      8718	00100110	00000513	addi	x10,x0,0	  x0:0x00000000 x10=0x00000000
          17448	      8720	00100114	00008067	jalr	x0,0(x1)	  x1:0x00101470  x0=0x00000000
          17452	      8722	00101470	be8d2503	lw	x10,-1048(x26)	 x26:0x00102000 x10=0x00000004 PA:0x00101be8 store:0x00102000
          17456	      8724	00101474	cadfe0ef	jal	x1,100120	  x1=0x00101478
          17458	      8725	00100120	01c55793	srli	x15,x10,0x1c	 x10:0x00000004 x15=0x00000000
          17460	      8726	00100124	00900713	addi	x14,x0,9	  x0:0x00000000 x14=0x00000009
          17464	      8728	00100128	0cf77a63	bgeu	x14,x15,1001fc	 x14:0x00000009 x15:0x00000000
          17468	      8730	001001fc	03078393	addi	x7,x15,48	 x15:0x00000000  x7=0x00000030
          17470	      8731	00100200	000205b7	lui	x11,0x20	 x11=0x00020000
          17472	      8732	00100204	00451613	slli	x12,x10,0x4	 x10:0x00000004 x12=0x00000040
          17476	      8734	00100208	0075a023	sw	x7,0(x11)	 x11:0x00020000  x7:0x00000030 PA:0x00020000 store:0x00000030 load:0x00000000
          17478	      8735	0010020c	01c65693	srli	x13,x12,0x1c	 x12:0x00000040 x13=0x00000000
          17480	      8736	00100210	00900813	addi	x16,x0,9	  x0:0x00000000 x16=0x00000009
          17482	      8737	00100214	f2d86ae3	bltu	x16,x13,100148	 x16:0x00000009 x13:0x00000000
          17484	      8738	00100218	03068e93	addi	x29,x13,48	 x13:0x00000000 x29=0x00000030
          17486	      8739	0010021c	00020f37	lui	x30,0x20	 x30=0x00020000
          17488	      8740	00100220	00851f93	slli	x31,x10,0x8	 x10:0x00000004 x31=0x00000400
          17492	      8742	00100224	01df2023	sw	x29,0(x30)	 x30:0x00020000 x29:0x00000030 PA:0x00020000 store:0x00000030 load:0x00000000
          17494	      8743	00100228	01cfd793	srli	x15,x31,0x1c	 x31:0x00000400 x15=0x00000000
          17496	      8744	0010022c	00900713	addi	x14,x0,9	  x0:0x00000000 x14=0x00000009
          17498	      8745	00100230	f2f76ae3	bltu	x14,x15,100164	 x14:0x00000009 x15:0x00000000
          17500	      8746	00100234	03078393	addi	x7,x15,48	 x15:0x00000000  x7=0x00000030
          17502	      8747	00100238	000205b7	lui	x11,0x20	 x11=0x00020000
          17504	      8748	0010023c	00c51613	slli	x12,x10,0xc	 x10:0x00000004 x12=0x00004000
          17508	      8750	00100240	0075a023	sw	x7,0(x11)	 x11:0x00020000  x7:0x00000030 PA:0x00020000 store:0x00000030 load:0x00000000
          17510	      8751	00100244	01c65693	srli	x13,x12,0x1c	 x12:0x00004000 x13=0x00000000
          17512	      8752	00100248	00900813	addi	x16,x0,9	  x0:0x00000000 x16=0x00000009
          17514	      8753	0010024c	f2d86ae3	bltu	x16,x13,100180	 x16:0x00000009 x13:0x00000000
          17516	      8754	00100250	03068e93	addi	x29,x13,48	 x13:0x00000000 x29=0x00000030
          17518	      8755	00100254	00020f37	lui	x30,0x20	 x30=0x00020000
          17520	      8756	00100258	01051f93	slli	x31,x10,0x10	 x10:0x00000004 x31=0x00040000
          17524	      8758	0010025c	01df2023	sw	x29,0(x30)	 x30:0x00020000 x29:0x00000030 PA:0x00020000 store:0x00000030 load:0x00000000
          17526	      8759	00100260	01cfd793	srli	x15,x31,0x1c	 x31:0x00040000 x15=0x00000000
          17528	      8760	00100264	00900713	addi	x14,x0,9	  x0:0x00000000 x14=0x00000009
          17530	      8761	00100268	f2f76ae3	bltu	x14,x15,10019c	 x14:0x00000009 x15:0x00000000
          17532	      8762	0010026c	03078393	addi	x7,x15,48	 x15:0x00000000  x7=0x00000030
          17534	      8763	00100270	000205b7	lui	x11,0x20	 x11=0x00020000
          17536	      8764	00100274	01451613	slli	x12,x10,0x14	 x10:0x00000004 x12=0x00400000
          17540	      8766	00100278	0075a023	sw	x7,0(x11)	 x11:0x00020000  x7:0x00000030 PA:0x00020000 store:0x00000030 load:0x00000000
          17542	      8767	0010027c	01c65693	srli	x13,x12,0x1c	 x12:0x00400000 x13=0x00000000
          17544	      8768	00100280	00900813	addi	x16,x0,9	  x0:0x00000000 x16=0x00000009
          17546	      8769	00100284	f2d86ae3	bltu	x16,x13,1001b8	 x16:0x00000009 x13:0x00000000
          17548	      8770	00100288	03068e93	addi	x29,x13,48	 x13:0x00000000 x29=0x00000030
          17550	      8771	0010028c	00020f37	lui	x30,0x20	 x30=0x00020000
          17552	      8772	00100290	01851f93	slli	x31,x10,0x18	 x10:0x00000004 x31=0x04000000
          17556	      8774	00100294	01df2023	sw	x29,0(x30)	 x30:0x00020000 x29:0x00000030 PA:0x00020000 store:0x00000030 load:0x00000000
          17558	      8775	00100298	01cfd793	srli	x15,x31,0x1c	 x31:0x04000000 x15=0x00000000
          17560	      8776	0010029c	00900713	addi	x14,x0,9	  x0:0x00000000 x14=0x00000009
          17562	      8777	001002a0	f2f76ae3	bltu	x14,x15,1001d4	 x14:0x00000009 x15:0x00000000
          17564	      8778	001002a4	03078393	addi	x7,x15,48	 x15:0x00000000  x7=0x00000030
          17566	      8779	001002a8	000205b7	lui	x11,0x20	 x11=0x00020000
          17570	      8781	001002ac	0075a023	sw	x7,0(x11)	 x11:0x00020000  x7:0x00000030 PA:0x00020000 store:0x00000030 load:0x00000000
          17572	      8782	001002b0	00f57513	andi	x10,x10,15	 x10:0x00000004 x10=0x00000004
          17574	      8783	001002b4	00900613	addi	x12,x0,9	  x0:0x00000000 x12=0x00000009
          17578	      8785	001002b8	f2a67ae3	bgeu	x12,x10,1001ec	 x12:0x00000009 x10:0x00000004
          17582	      8787	001001ec	03050893	addi	x17,x10,48	 x10:0x00000004 x17=0x00000034
          17584	      8788	001001f0	00020e37	lui	x28,0x20	 x28=0x00020000
          17588	      8790	001001f4	011e2023	sw	x17,0(x28)	 x28:0x00020000 x17:0x00000034 PA:0x00020000 store:0x00000034 load:0x00000000
          17598	      8795	001001f8	00008067	jalr	x0,0(x1)	  x1:0x00101478  x0=0x00000000
          17600	      8796	00101478	854ca487	flw	f9,-1964(x25)	 f25:0x00102000  f9=0x00000000 PA:0x00101854 store:0x3e5bdc88
          17604	      8798	0010147c	00102cb7	lui	x25,0x102	 x25=0x00102000
          17606	      8799	00101480	9dcc8513	addi	x10,x25,-1572	 x25:0x00102000 x10=0x001019dc
          17608	      8800	00101484	c0942827	fsw	f9,-1008(x8)	  f8:0x00102000  f9:0x00000004 PA:0x00101c10 store:0x80000000 load:0x80000000
          17610	      8801	00101488	c1042187	flw	f3,-1008(x8)	  f8:0x00102000  f3=0x00000000 PA:0x00101c10 store:0x3e5bdc88
          17612	      8802	0010148c	e0019453	fclass.s	x8,f3	  f3:0x00000000  x8=0x00000008
          17614	      8803	00101490	be8a2823	sw	x8,-1040(x20)	 x20:0x00102000  x8:0x00000008 PA:0x00101bf0 store:0x00000008 load:0x80000000
          17616	      8804	00101494	c0dfe0ef	jal	x1,1000a0	  x1=0x00101498
          17618	      8805	001000a0	00054803	lbu	x16,0(x10)	 x10:0x001019dc x16=0x0000000a PA:0x001019dc store:0x00000000
          17620	      8806	001000a4	06080663	beq	x16,x0,100110	 x16:0x0000000a  x0:0x00000000
          17622	      8807	001000a8	000207b7	lui	x15,0x20	 x15=0x00020000
          17626	      8809	001000ac	0107a023	sw	x16,0(x15)	 x15:0x00020000 x16:0x0000000a PA:0x00020000 store:0x0000000a load:0x00000000
          17630	      8811	001000b0	00154703	lbu	x14,1(x10)	 x10:0x001019dc x14=0x00000020 PA:0x001019dd store:0x00101498
          17632	      8812	001000b4	04070e63	beq	x14,x0,100110	 x14:0x00000020  x0:0x00000000
          17636	      8814	001000b8	00e7a023	sw	x14,0(x15)	 x15:0x00020000 x14:0x00000020 PA:0x00020000 store:0x00000020 load:0x00000000
          17640	      8816	001000bc	00254283	lbu	x5,2(x10)	 x10:0x001019dc  x5=0x00000045 PA:0x001019de store:0x00137fa0
          17642	      8817	001000c0	04028863	beq	x5,x0,100110	  x5:0x00000045  x0:0x00000000
          17646	      8819	001000c4	0057a023	sw	x5,0(x15)	 x15:0x00020000  x5:0x00000045 PA:0x00020000 store:0x00000045 load:0x00000000
          17650	      8821	001000c8	00354303	lbu	x6,3(x10)	 x10:0x001019dc  x6=0x00000078 PA:0x001019df store:0x00000000
          17652	      8822	001000cc	04030263	beq	x6,x0,100110	  x6:0x00000078  x0:0x00000000
          17656	      8824	001000d0	0067a023	sw	x6,0(x15)	 x15:0x00020000  x6:0x00000078 PA:0x00020000 store:0x00000078 load:0x00000000
          17660	      8826	001000d4	00454383	lbu	x7,4(x10)	 x10:0x001019dc  x7=0x00000070 PA:0x001019e0 store:0x00000000
          17662	      8827	001000d8	02038c63	beq	x7,x0,100110	  x7:0x00000070  x0:0x00000000
          17666	      8829	001000dc	0077a023	sw	x7,0(x15)	 x15:0x00020000  x7:0x00000070 PA:0x00020000 store:0x00000070 load:0x00000000
          17670	      8831	001000e0	00554583	lbu	x11,5(x10)	 x10:0x001019dc x11=0x00000065 PA:0x001019e1 store:0x00000045
          17672	      8832	001000e4	02058663	beq	x11,x0,100110	 x11:0x00000065  x0:0x00000000
          17676	      8834	001000e8	00b7a023	sw	x11,0(x15)	 x15:0x00020000 x11:0x00000065 PA:0x00020000 store:0x00000065 load:0x00000000
          17680	      8836	001000ec	00654603	lbu	x12,6(x10)	 x10:0x001019dc x12=0x00000063 PA:0x001019e2 store:0x00000078
          17682	      8837	001000f0	02060063	beq	x12,x0,100110	 x12:0x00000063  x0:0x00000000
          17686	      8839	001000f4	00c7a023	sw	x12,0(x15)	 x15:0x00020000 x12:0x00000063 PA:0x00020000 store:0x00000063 load:0x00000000
          17690	      8841	001000f8	00754683	lbu	x13,7(x10)	 x10:0x001019dc x13=0x00000074 PA:0x001019e3 store:0x00000070
          17692	      8842	001000fc	00850513	addi	x10,x10,8	 x10:0x001019dc x10=0x001019e4
          17694	      8843	00100100	00068863	beq	x13,x0,100110	 x13:0x00000074  x0:0x00000000
          17698	      8845	00100104	00d7a023	sw	x13,0(x15)	 x15:0x00020000 x13:0x00000074 PA:0x00020000 store:0x00000074 load:0x00000000
          17702	      8847	00100108	00054803	lbu	x16,0(x10)	 x10:0x001019e4 x16=0x00000069 PA:0x001019e4 store:0x00000000
          17706	      8849	0010010c	fa0810e3	bne	x16,x0,1000ac	 x16:0x00000069  x0:0x00000000
          17712	      8852	001000ac	0107a023	sw	x16,0(x15)	 x15:0x00020000 x16:0x00000069 PA:0x00020000 store:0x00000069 load:0x00000000
          17716	      8854	001000b0	00154703	lbu	x14,1(x10)	 x10:0x001019e4 x14=0x0000006e PA:0x001019e5 store:0x00101498
          17718	      8855	001000b4	04070e63	beq	x14,x0,100110	 x14:0x0000006e  x0:0x00000000
          17722	      8857	001000b8	00e7a023	sw	x14,0(x15)	 x15:0x00020000 x14:0x0000006e PA:0x00020000 store:0x0000006e load:0x00000000
          17726	      8859	001000bc	00254283	lbu	x5,2(x10)	 x10:0x001019e4  x5=0x00000067 PA:0x001019e6 store:0x00137fa0
          17728	      8860	001000c0	04028863	beq	x5,x0,100110	  x5:0x00000067  x0:0x00000000
          17732	      8862	001000c4	0057a023	sw	x5,0(x15)	 x15:0x00020000  x5:0x00000067 PA:0x00020000 store:0x00000067 load:0x00000000
          17736	      8864	001000c8	00354303	lbu	x6,3(x10)	 x10:0x001019e4  x6=0x00000020 PA:0x001019e7 store:0x00000000
          17738	      8865	001000cc	04030263	beq	x6,x0,100110	  x6:0x00000020  x0:0x00000000
          17742	      8867	001000d0	0067a023	sw	x6,0(x15)	 x15:0x00020000  x6:0x00000020 PA:0x00020000 store:0x00000020 load:0x00000000
          17746	      8869	001000d4	00454383	lbu	x7,4(x10)	 x10:0x001019e4  x7=0x00000030 PA:0x001019e8 store:0x00000000
          17748	      8870	001000d8	02038c63	beq	x7,x0,100110	  x7:0x00000030  x0:0x00000000
          17752	      8872	001000dc	0077a023	sw	x7,0(x15)	 x15:0x00020000  x7:0x00000030 PA:0x00020000 store:0x00000030 load:0x00000000
          17756	      8874	001000e0	00554583	lbu	x11,5(x10)	 x10:0x001019e4 x11=0x00000078 PA:0x001019e9 store:0x00000067
          17758	      8875	001000e4	02058663	beq	x11,x0,100110	 x11:0x00000078  x0:0x00000000
          17762	      8877	001000e8	00b7a023	sw	x11,0(x15)	 x15:0x00020000 x11:0x00000078 PA:0x00020000 store:0x00000078 load:0x00000000
          17766	      8879	001000ec	00654603	lbu	x12,6(x10)	 x10:0x001019e4 x12=0x00000038 PA:0x001019ea store:0x00000020
          17768	      8880	001000f0	02060063	beq	x12,x0,100110	 x12:0x00000038  x0:0x00000000
          17772	      8882	001000f4	00c7a023	sw	x12,0(x15)	 x15:0x00020000 x12:0x00000038 PA:0x00020000 store:0x00000038 load:0x00000000
          17776	      8884	001000f8	00754683	lbu	x13,7(x10)	 x10:0x001019e4 x13=0x0000003a PA:0x001019eb store:0x00000030
          17778	      8885	001000fc	00850513	addi	x10,x10,8	 x10:0x001019e4 x10=0x001019ec
          17780	      8886	00100100	00068863	beq	x13,x0,100110	 x13:0x0000003a  x0:0x00000000
          17784	      8888	00100104	00d7a023	sw	x13,0(x15)	 x15:0x00020000 x13:0x0000003a PA:0x00020000 store:0x0000003a load:0x00000000
          17788	      8890	00100108	00054803	lbu	x16,0(x10)	 x10:0x001019ec x16=0x00000020 PA:0x001019ec store:0x00000000
          17792	      8892	0010010c	fa0810e3	bne	x16,x0,1000ac	 x16:0x00000020  x0:0x00000000
          17798	      8895	001000ac	0107a023	sw	x16,0(x15)	 x15:0x00020000 x16:0x00000020 PA:0x00020000 store:0x00000020 load:0x00000000
          17802	      8897	001000b0	00154703	lbu	x14,1(x10)	 x10:0x001019ec x14=0x00000000 PA:0x001019ed store:0x00101498
          17806	      8899	001000b4	04070e63	beq	x14,x0,100110	 x14:0x00000000  x0:0x00000000
          17810	      8901	00100110	00000513	addi	x10,x0,0	  x0:0x00000000 x10=0x00000000
          17814	      8903	00100114	00008067	jalr	x0,0(x1)	  x1:0x00101498  x0=0x00000000
          17818	      8905	00101498	bf0a2503	lw	x10,-1040(x20)	 x20:0x00102000 x10=0x00000008 PA:0x00101bf0 store:0x00000020
          17820	      8906	0010149c	00102cb7	lui	x25,0x102	 x25=0x00102000
          17822	      8907	001014a0	00102437	lui	x8,0x102	  x8=0x00102000
          17826	      8909	001014a4	c7dfe0ef	jal	x1,100120	  x1=0x001014a8
          17828	      8910	00100120	01c55793	srli	x15,x10,0x1c	 x10:0x00000008 x15=0x00000000
          17830	      8911	00100124	00900713	addi	x14,x0,9	  x0:0x00000000 x14=0x00000009
          17834	      8913	00100128	0cf77a63	bgeu	x14,x15,1001fc	 x14:0x00000009 x15:0x00000000
          17838	      8915	001001fc	03078393	addi	x7,x15,48	 x15:0x00000000  x7=0x00000030
          17840	      8916	00100200	000205b7	lui	x11,0x20	 x11=0x00020000
          17842	      8917	00100204	00451613	slli	x12,x10,0x4	 x10:0x00000008 x12=0x00000080
          17846	      8919	00100208	0075a023	sw	x7,0(x11)	 x11:0x00020000  x7:0x00000030 PA:0x00020000 store:0x00000030 load:0x00000000
          17848	      8920	0010020c	01c65693	srli	x13,x12,0x1c	 x12:0x00000080 x13=0x00000000
          17850	      8921	00100210	00900813	addi	x16,x0,9	  x0:0x00000000 x16=0x00000009
          17852	      8922	00100214	f2d86ae3	bltu	x16,x13,100148	 x16:0x00000009 x13:0x00000000
          17854	      8923	00100218	03068e93	addi	x29,x13,48	 x13:0x00000000 x29=0x00000030
          17856	      8924	0010021c	00020f37	lui	x30,0x20	 x30=0x00020000
          17858	      8925	00100220	00851f93	slli	x31,x10,0x8	 x10:0x00000008 x31=0x00000800
          17862	      8927	00100224	01df2023	sw	x29,0(x30)	 x30:0x00020000 x29:0x00000030 PA:0x00020000 store:0x00000030 load:0x00000000
          17864	      8928	00100228	01cfd793	srli	x15,x31,0x1c	 x31:0x00000800 x15=0x00000000
          17866	      8929	0010022c	00900713	addi	x14,x0,9	  x0:0x00000000 x14=0x00000009
          17868	      8930	00100230	f2f76ae3	bltu	x14,x15,100164	 x14:0x00000009 x15:0x00000000
          17870	      8931	00100234	03078393	addi	x7,x15,48	 x15:0x00000000  x7=0x00000030
          17872	      8932	00100238	000205b7	lui	x11,0x20	 x11=0x00020000
          17874	      8933	0010023c	00c51613	slli	x12,x10,0xc	 x10:0x00000008 x12=0x00008000
          17878	      8935	00100240	0075a023	sw	x7,0(x11)	 x11:0x00020000  x7:0x00000030 PA:0x00020000 store:0x00000030 load:0x00000000
          17880	      8936	00100244	01c65693	srli	x13,x12,0x1c	 x12:0x00008000 x13=0x00000000
          17882	      8937	00100248	00900813	addi	x16,x0,9	  x0:0x00000000 x16=0x00000009
          17884	      8938	0010024c	f2d86ae3	bltu	x16,x13,100180	 x16:0x00000009 x13:0x00000000
          17886	      8939	00100250	03068e93	addi	x29,x13,48	 x13:0x00000000 x29=0x00000030
          17888	      8940	00100254	00020f37	lui	x30,0x20	 x30=0x00020000
          17890	      8941	00100258	01051f93	slli	x31,x10,0x10	 x10:0x00000008 x31=0x00080000
          17894	      8943	0010025c	01df2023	sw	x29,0(x30)	 x30:0x00020000 x29:0x00000030 PA:0x00020000 store:0x00000030 load:0x00000000
          17896	      8944	00100260	01cfd793	srli	x15,x31,0x1c	 x31:0x00080000 x15=0x00000000
          17898	      8945	00100264	00900713	addi	x14,x0,9	  x0:0x00000000 x14=0x00000009
          17900	      8946	00100268	f2f76ae3	bltu	x14,x15,10019c	 x14:0x00000009 x15:0x00000000
          17902	      8947	0010026c	03078393	addi	x7,x15,48	 x15:0x00000000  x7=0x00000030
          17904	      8948	00100270	000205b7	lui	x11,0x20	 x11=0x00020000
          17906	      8949	00100274	01451613	slli	x12,x10,0x14	 x10:0x00000008 x12=0x00800000
          17910	      8951	00100278	0075a023	sw	x7,0(x11)	 x11:0x00020000  x7:0x00000030 PA:0x00020000 store:0x00000030 load:0x00000000
          17912	      8952	0010027c	01c65693	srli	x13,x12,0x1c	 x12:0x00800000 x13=0x00000000
          17914	      8953	00100280	00900813	addi	x16,x0,9	  x0:0x00000000 x16=0x00000009
          17916	      8954	00100284	f2d86ae3	bltu	x16,x13,1001b8	 x16:0x00000009 x13:0x00000000
          17918	      8955	00100288	03068e93	addi	x29,x13,48	 x13:0x00000000 x29=0x00000030
          17920	      8956	0010028c	00020f37	lui	x30,0x20	 x30=0x00020000
          17922	      8957	00100290	01851f93	slli	x31,x10,0x18	 x10:0x00000008 x31=0x08000000
          17926	      8959	00100294	01df2023	sw	x29,0(x30)	 x30:0x00020000 x29:0x00000030 PA:0x00020000 store:0x00000030 load:0x00000000
          17928	      8960	00100298	01cfd793	srli	x15,x31,0x1c	 x31:0x08000000 x15=0x00000000
          17930	      8961	0010029c	00900713	addi	x14,x0,9	  x0:0x00000000 x14=0x00000009
          17932	      8962	001002a0	f2f76ae3	bltu	x14,x15,1001d4	 x14:0x00000009 x15:0x00000000
          17934	      8963	001002a4	03078393	addi	x7,x15,48	 x15:0x00000000  x7=0x00000030
          17936	      8964	001002a8	000205b7	lui	x11,0x20	 x11=0x00020000
          17940	      8966	001002ac	0075a023	sw	x7,0(x11)	 x11:0x00020000  x7:0x00000030 PA:0x00020000 store:0x00000030 load:0x00000000
          17942	      8967	001002b0	00f57513	andi	x10,x10,15	 x10:0x00000008 x10=0x00000008
          17944	      8968	001002b4	00900613	addi	x12,x0,9	  x0:0x00000000 x12=0x00000009
          17948	      8970	001002b8	f2a67ae3	bgeu	x12,x10,1001ec	 x12:0x00000009 x10:0x00000008
          17952	      8972	001001ec	03050893	addi	x17,x10,48	 x10:0x00000008 x17=0x00000038
          17954	      8973	001001f0	00020e37	lui	x28,0x20	 x28=0x00020000
          17958	      8975	001001f4	011e2023	sw	x17,0(x28)	 x28:0x00020000 x17:0x00000038 PA:0x00020000 store:0x00000038 load:0x00000000
          17968	      8980	001001f8	00008067	jalr	x0,0(x1)	  x1:0x001014a8  x0=0x00000000
          17970	      8981	001014a8	c1292627	fsw	f18,-1012(x18)	 f18:0x00102000 f18:0x00102000 PA:0x00101c0c store:0x00000000 load:0x00000000
          17972	      8982	001014ac	c0c92207	flw	f4,-1012(x18)	 f18:0x00102000  f4=0x00000000 PA:0x00101c0c store:0x3e5bdc88
          17976	      8984	001014b0	001026b7	lui	x13,0x102	 x13=0x00102000
          17978	      8985	001014b4	9f068513	addi	x10,x13,-1552	 x13:0x00102000 x10=0x001019f0
          17980	      8986	001014b8	e0021953	fclass.s	x18,f4	  f4:0x00000000 x18=0x00000010
          17982	      8987	001014bc	bf2da623	sw	x18,-1044(x27)	 x27:0x00102000 x18:0x00000010 PA:0x00101bec store:0x00000010 load:0x00000000
          17984	      8988	001014c0	be1fe0ef	jal	x1,1000a0	  x1=0x001014c4
          17986	      8989	001000a0	00054803	lbu	x16,0(x10)	 x10:0x001019f0 x16=0x0000000a PA:0x001019f0 store:0x00000000
          17988	      8990	001000a4	06080663	beq	x16,x0,100110	 x16:0x0000000a  x0:0x00000000
          17990	      8991	001000a8	000207b7	lui	x15,0x20	 x15=0x00020000
          17994	      8993	001000ac	0107a023	sw	x16,0(x15)	 x15:0x00020000 x16:0x0000000a PA:0x00020000 store:0x0000000a load:0x00000000
          17998	      8995	001000b0	00154703	lbu	x14,1(x10)	 x10:0x001019f0 x14=0x00000020 PA:0x001019f1 store:0x001014c4
          18000	      8996	001000b4	04070e63	beq	x14,x0,100110	 x14:0x00000020  x0:0x00000000
          18004	      8998	001000b8	00e7a023	sw	x14,0(x15)	 x15:0x00020000 x14:0x00000020 PA:0x00020000 store:0x00000020 load:0x00000000
          18008	      9000	001000bc	00254283	lbu	x5,2(x10)	 x10:0x001019f0  x5=0x00000045 PA:0x001019f2 store:0x00137fa0
          18010	      9001	001000c0	04028863	beq	x5,x0,100110	  x5:0x00000045  x0:0x00000000
          18014	      9003	001000c4	0057a023	sw	x5,0(x15)	 x15:0x00020000  x5:0x00000045 PA:0x00020000 store:0x00000045 load:0x00000000
          18018	      9005	001000c8	00354303	lbu	x6,3(x10)	 x10:0x001019f0  x6=0x00000078 PA:0x001019f3 store:0x00000000
          18020	      9006	001000cc	04030263	beq	x6,x0,100110	  x6:0x00000078  x0:0x00000000
          18024	      9008	001000d0	0067a023	sw	x6,0(x15)	 x15:0x00020000  x6:0x00000078 PA:0x00020000 store:0x00000078 load:0x00000000
          18028	      9010	001000d4	00454383	lbu	x7,4(x10)	 x10:0x001019f0  x7=0x00000070 PA:0x001019f4 store:0x00000000
          18030	      9011	001000d8	02038c63	beq	x7,x0,100110	  x7:0x00000070  x0:0x00000000
          18034	      9013	001000dc	0077a023	sw	x7,0(x15)	 x15:0x00020000  x7:0x00000070 PA:0x00020000 store:0x00000070 load:0x00000000
          18038	      9015	001000e0	00554583	lbu	x11,5(x10)	 x10:0x001019f0 x11=0x00000065 PA:0x001019f5 store:0x00000045
          18040	      9016	001000e4	02058663	beq	x11,x0,100110	 x11:0x00000065  x0:0x00000000
          18044	      9018	001000e8	00b7a023	sw	x11,0(x15)	 x15:0x00020000 x11:0x00000065 PA:0x00020000 store:0x00000065 load:0x00000000
          18048	      9020	001000ec	00654603	lbu	x12,6(x10)	 x10:0x001019f0 x12=0x00000063 PA:0x001019f6 store:0x00000078
          18050	      9021	001000f0	02060063	beq	x12,x0,100110	 x12:0x00000063  x0:0x00000000
          18054	      9023	001000f4	00c7a023	sw	x12,0(x15)	 x15:0x00020000 x12:0x00000063 PA:0x00020000 store:0x00000063 load:0x00000000
          18058	      9025	001000f8	00754683	lbu	x13,7(x10)	 x10:0x001019f0 x13=0x00000074 PA:0x001019f7 store:0x00000070
          18060	      9026	001000fc	00850513	addi	x10,x10,8	 x10:0x001019f0 x10=0x001019f8
          18062	      9027	00100100	00068863	beq	x13,x0,100110	 x13:0x00000074  x0:0x00000000
          18066	      9029	00100104	00d7a023	sw	x13,0(x15)	 x15:0x00020000 x13:0x00000074 PA:0x00020000 store:0x00000074 load:0x00000000
          18070	      9031	00100108	00054803	lbu	x16,0(x10)	 x10:0x001019f8 x16=0x00000069 PA:0x001019f8 store:0x00000000
          18074	      9033	0010010c	fa0810e3	bne	x16,x0,1000ac	 x16:0x00000069  x0:0x00000000
          18080	      9036	001000ac	0107a023	sw	x16,0(x15)	 x15:0x00020000 x16:0x00000069 PA:0x00020000 store:0x00000069 load:0x00000000
          18084	      9038	001000b0	00154703	lbu	x14,1(x10)	 x10:0x001019f8 x14=0x0000006e PA:0x001019f9 store:0x001014c4
          18086	      9039	001000b4	04070e63	beq	x14,x0,100110	 x14:0x0000006e  x0:0x00000000
          18090	      9041	001000b8	00e7a023	sw	x14,0(x15)	 x15:0x00020000 x14:0x0000006e PA:0x00020000 store:0x0000006e load:0x00000000
          18094	      9043	001000bc	00254283	lbu	x5,2(x10)	 x10:0x001019f8  x5=0x00000067 PA:0x001019fa store:0x00137fa0
          18096	      9044	001000c0	04028863	beq	x5,x0,100110	  x5:0x00000067  x0:0x00000000
          18100	      9046	001000c4	0057a023	sw	x5,0(x15)	 x15:0x00020000  x5:0x00000067 PA:0x00020000 store:0x00000067 load:0x00000000
          18104	      9048	001000c8	00354303	lbu	x6,3(x10)	 x10:0x001019f8  x6=0x00000020 PA:0x001019fb store:0x00000000
          18106	      9049	001000cc	04030263	beq	x6,x0,100110	  x6:0x00000020  x0:0x00000000
          18110	      9051	001000d0	0067a023	sw	x6,0(x15)	 x15:0x00020000  x6:0x00000020 PA:0x00020000 store:0x00000020 load:0x00000000
          18114	      9053	001000d4	00454383	lbu	x7,4(x10)	 x10:0x001019f8  x7=0x00000030 PA:0x001019fc store:0x00000000
          18116	      9054	001000d8	02038c63	beq	x7,x0,100110	  x7:0x00000030  x0:0x00000000
          18120	      9056	001000dc	0077a023	sw	x7,0(x15)	 x15:0x00020000  x7:0x00000030 PA:0x00020000 store:0x00000030 load:0x00000000
          18124	      9058	001000e0	00554583	lbu	x11,5(x10)	 x10:0x001019f8 x11=0x00000078 PA:0x001019fd store:0x00000067
          18126	      9059	001000e4	02058663	beq	x11,x0,100110	 x11:0x00000078  x0:0x00000000
          18130	      9061	001000e8	00b7a023	sw	x11,0(x15)	 x15:0x00020000 x11:0x00000078 PA:0x00020000 store:0x00000078 load:0x00000000
          18134	      9063	001000ec	00654603	lbu	x12,6(x10)	 x10:0x001019f8 x12=0x00000031 PA:0x001019fe store:0x00000020
          18136	      9064	001000f0	02060063	beq	x12,x0,100110	 x12:0x00000031  x0:0x00000000
          18140	      9066	001000f4	00c7a023	sw	x12,0(x15)	 x15:0x00020000 x12:0x00000031 PA:0x00020000 store:0x00000031 load:0x00000000
          18144	      9068	001000f8	00754683	lbu	x13,7(x10)	 x10:0x001019f8 x13=0x00000030 PA:0x001019ff store:0x00000030
          18146	      9069	001000fc	00850513	addi	x10,x10,8	 x10:0x001019f8 x10=0x00101a00
          18148	      9070	00100100	00068863	beq	x13,x0,100110	 x13:0x00000030  x0:0x00000000
          18152	      9072	00100104	00d7a023	sw	x13,0(x15)	 x15:0x00020000 x13:0x00000030 PA:0x00020000 store:0x00000030 load:0x00000000
          18156	      9074	00100108	00054803	lbu	x16,0(x10)	 x10:0x00101a00 x16=0x0000003a PA:0x00101a00 store:0x00000000
          18160	      9076	0010010c	fa0810e3	bne	x16,x0,1000ac	 x16:0x0000003a  x0:0x00000000
          18166	      9079	001000ac	0107a023	sw	x16,0(x15)	 x15:0x00020000 x16:0x0000003a PA:0x00020000 store:0x0000003a load:0x00000000
          18170	      9081	001000b0	00154703	lbu	x14,1(x10)	 x10:0x00101a00 x14=0x00000020 PA:0x00101a01 store:0x001014c4
          18172	      9082	001000b4	04070e63	beq	x14,x0,100110	 x14:0x00000020  x0:0x00000000
          18176	      9084	001000b8	00e7a023	sw	x14,0(x15)	 x15:0x00020000 x14:0x00000020 PA:0x00020000 store:0x00000020 load:0x00000000
          18180	      9086	001000bc	00254283	lbu	x5,2(x10)	 x10:0x00101a00  x5=0x00000000 PA:0x00101a02 store:0x00137fa0
          18184	      9088	001000c0	04028863	beq	x5,x0,100110	  x5:0x00000000  x0:0x00000000
          18188	      9090	00100110	00000513	addi	x10,x0,0	  x0:0x00000000 x10=0x00000000
          18192	      9092	00100114	00008067	jalr	x0,0(x1)	  x1:0x001014c4  x0=0x00000000
          18196	      9094	001014c4	becda503	lw	x10,-1044(x27)	 x27:0x00102000 x10=0x00000010 PA:0x00101bec store:0x00000031
          18198	      9095	001014c8	00102937	lui	x18,0x102	 x18=0x00102000
          18202	      9097	001014cc	c55fe0ef	jal	x1,100120	  x1=0x001014d0
          18204	      9098	00100120	01c55793	srli	x15,x10,0x1c	 x10:0x00000010 x15=0x00000000
          18206	      9099	00100124	00900713	addi	x14,x0,9	  x0:0x00000000 x14=0x00000009
          18210	      9101	00100128	0cf77a63	bgeu	x14,x15,1001fc	 x14:0x00000009 x15:0x00000000
          18214	      9103	001001fc	03078393	addi	x7,x15,48	 x15:0x00000000  x7=0x00000030
          18216	      9104	00100200	000205b7	lui	x11,0x20	 x11=0x00020000
          18218	      9105	00100204	00451613	slli	x12,x10,0x4	 x10:0x00000010 x12=0x00000100
          18222	      9107	00100208	0075a023	sw	x7,0(x11)	 x11:0x00020000  x7:0x00000030 PA:0x00020000 store:0x00000030 load:0x00000000
          18224	      9108	0010020c	01c65693	srli	x13,x12,0x1c	 x12:0x00000100 x13=0x00000000
          18226	      9109	00100210	00900813	addi	x16,x0,9	  x0:0x00000000 x16=0x00000009
          18228	      9110	00100214	f2d86ae3	bltu	x16,x13,100148	 x16:0x00000009 x13:0x00000000
          18230	      9111	00100218	03068e93	addi	x29,x13,48	 x13:0x00000000 x29=0x00000030
          18232	      9112	0010021c	00020f37	lui	x30,0x20	 x30=0x00020000
          18234	      9113	00100220	00851f93	slli	x31,x10,0x8	 x10:0x00000010 x31=0x00001000
          18238	      9115	00100224	01df2023	sw	x29,0(x30)	 x30:0x00020000 x29:0x00000030 PA:0x00020000 store:0x00000030 load:0x00000000
          18240	      9116	00100228	01cfd793	srli	x15,x31,0x1c	 x31:0x00001000 x15=0x00000000
          18242	      9117	0010022c	00900713	addi	x14,x0,9	  x0:0x00000000 x14=0x00000009
          18244	      9118	00100230	f2f76ae3	bltu	x14,x15,100164	 x14:0x00000009 x15:0x00000000
          18246	      9119	00100234	03078393	addi	x7,x15,48	 x15:0x00000000  x7=0x00000030
          18248	      9120	00100238	000205b7	lui	x11,0x20	 x11=0x00020000
          18250	      9121	0010023c	00c51613	slli	x12,x10,0xc	 x10:0x00000010 x12=0x00010000
          18254	      9123	00100240	0075a023	sw	x7,0(x11)	 x11:0x00020000  x7:0x00000030 PA:0x00020000 store:0x00000030 load:0x00000000
          18256	      9124	00100244	01c65693	srli	x13,x12,0x1c	 x12:0x00010000 x13=0x00000000
          18258	      9125	00100248	00900813	addi	x16,x0,9	  x0:0x00000000 x16=0x00000009
          18260	      9126	0010024c	f2d86ae3	bltu	x16,x13,100180	 x16:0x00000009 x13:0x00000000
          18262	      9127	00100250	03068e93	addi	x29,x13,48	 x13:0x00000000 x29=0x00000030
          18264	      9128	00100254	00020f37	lui	x30,0x20	 x30=0x00020000
          18266	      9129	00100258	01051f93	slli	x31,x10,0x10	 x10:0x00000010 x31=0x00100000
          18270	      9131	0010025c	01df2023	sw	x29,0(x30)	 x30:0x00020000 x29:0x00000030 PA:0x00020000 store:0x00000030 load:0x00000000
          18272	      9132	00100260	01cfd793	srli	x15,x31,0x1c	 x31:0x00100000 x15=0x00000000
          18274	      9133	00100264	00900713	addi	x14,x0,9	  x0:0x00000000 x14=0x00000009
          18276	      9134	00100268	f2f76ae3	bltu	x14,x15,10019c	 x14:0x00000009 x15:0x00000000
          18278	      9135	0010026c	03078393	addi	x7,x15,48	 x15:0x00000000  x7=0x00000030
          18280	      9136	00100270	000205b7	lui	x11,0x20	 x11=0x00020000
          18282	      9137	00100274	01451613	slli	x12,x10,0x14	 x10:0x00000010 x12=0x01000000
          18286	      9139	00100278	0075a023	sw	x7,0(x11)	 x11:0x00020000  x7:0x00000030 PA:0x00020000 store:0x00000030 load:0x00000000
          18288	      9140	0010027c	01c65693	srli	x13,x12,0x1c	 x12:0x01000000 x13=0x00000000
          18290	      9141	00100280	00900813	addi	x16,x0,9	  x0:0x00000000 x16=0x00000009
          18292	      9142	00100284	f2d86ae3	bltu	x16,x13,1001b8	 x16:0x00000009 x13:0x00000000
          18294	      9143	00100288	03068e93	addi	x29,x13,48	 x13:0x00000000 x29=0x00000030
          18296	      9144	0010028c	00020f37	lui	x30,0x20	 x30=0x00020000
          18298	      9145	00100290	01851f93	slli	x31,x10,0x18	 x10:0x00000010 x31=0x10000000
          18302	      9147	00100294	01df2023	sw	x29,0(x30)	 x30:0x00020000 x29:0x00000030 PA:0x00020000 store:0x00000030 load:0x00000000
          18304	      9148	00100298	01cfd793	srli	x15,x31,0x1c	 x31:0x10000000 x15=0x00000001
          18306	      9149	0010029c	00900713	addi	x14,x0,9	  x0:0x00000000 x14=0x00000009
          18308	      9150	001002a0	f2f76ae3	bltu	x14,x15,1001d4	 x14:0x00000009 x15:0x00000001
          18310	      9151	001002a4	03078393	addi	x7,x15,48	 x15:0x00000001  x7=0x00000031
          18312	      9152	001002a8	000205b7	lui	x11,0x20	 x11=0x00020000
          18316	      9154	001002ac	0075a023	sw	x7,0(x11)	 x11:0x00020000  x7:0x00000031 PA:0x00020000 store:0x00000031 load:0x00000000
          18318	      9155	001002b0	00f57513	andi	x10,x10,15	 x10:0x00000010 x10=0x00000000
          18320	      9156	001002b4	00900613	addi	x12,x0,9	  x0:0x00000000 x12=0x00000009
          18324	      9158	001002b8	f2a67ae3	bgeu	x12,x10,1001ec	 x12:0x00000009 x10:0x00000000
          18328	      9160	001001ec	03050893	addi	x17,x10,48	 x10:0x00000000 x17=0x00000030
          18330	      9161	001001f0	00020e37	lui	x28,0x20	 x28=0x00020000
          18334	      9163	001001f4	011e2023	sw	x17,0(x28)	 x28:0x00020000 x17:0x00000030 PA:0x00020000 store:0x00000030 load:0x00000000
          18338	      9165	001001f8	00008067	jalr	x0,0(x1)	  x1:0x001014d0  x0=0x00000000
          18346	      9169	001014d0	00102737	lui	x14,0x102	 x14=0x00102000
          18348	      9170	001014d4	86472407	flw	f8,-1948(x14)	 f14:0x00102000  f8=0x00000000 PA:0x00101864 store:0x00000000
          18352	      9172	001014d8	001027b7	lui	x15,0x102	 x15=0x00102000
          18354	      9173	001014dc	001022b7	lui	x5,0x102	  x5=0x00102000
          18356	      9174	001014e0	c087a427	fsw	f8,-1016(x15)	 f15:0x00102000  f8:0x00102000 PA:0x00101c08 store:0x00000047 load:0x00000047
          18358	      9175	001014e4	c087a587	flw	f11,-1016(x15)	 f15:0x00102000 f11=0x00000000 PA:0x00101c08 store:0x00000047
          18360	      9176	001014e8	a0428513	addi	x10,x5,-1532	  x5:0x00102000 x10=0x00101a04
          18362	      9177	001014ec	e0059353	fclass.s	x6,f11	 f11:0x00020000  x6=0x00000020
          18364	      9178	001014f0	be6d2423	sw	x6,-1048(x26)	 x26:0x00102000  x6:0x00000020 PA:0x00101be8 store:0x00000020 load:0x00000047
          18366	      9179	001014f4	badfe0ef	jal	x1,1000a0	  x1=0x001014f8
          18368	      9180	001000a0	00054803	lbu	x16,0(x10)	 x10:0x00101a04 x16=0x0000000a PA:0x00101a04 store:0x00000000
          18370	      9181	001000a4	06080663	beq	x16,x0,100110	 x16:0x0000000a  x0:0x00000000
          18372	      9182	001000a8	000207b7	lui	x15,0x20	 x15=0x00020000
          18376	      9184	001000ac	0107a023	sw	x16,0(x15)	 x15:0x00020000 x16:0x0000000a PA:0x00020000 store:0x0000000a load:0x00000000
          18380	      9186	001000b0	00154703	lbu	x14,1(x10)	 x10:0x00101a04 x14=0x00000020 PA:0x00101a05 store:0x001014f8
          18382	      9187	001000b4	04070e63	beq	x14,x0,100110	 x14:0x00000020  x0:0x00000000
          18386	      9189	001000b8	00e7a023	sw	x14,0(x15)	 x15:0x00020000 x14:0x00000020 PA:0x00020000 store:0x00000020 load:0x00000000
          18390	      9191	001000bc	00254283	lbu	x5,2(x10)	 x10:0x00101a04  x5=0x00000045 PA:0x00101a06 store:0x00137fa0
          18392	      9192	001000c0	04028863	beq	x5,x0,100110	  x5:0x00000045  x0:0x00000000
          18396	      9194	001000c4	0057a023	sw	x5,0(x15)	 x15:0x00020000  x5:0x00000045 PA:0x00020000 store:0x00000045 load:0x00000000
          18400	      9196	001000c8	00354303	lbu	x6,3(x10)	 x10:0x00101a04  x6=0x00000078 PA:0x00101a07 store:0x00000000
          18402	      9197	001000cc	04030263	beq	x6,x0,100110	  x6:0x00000078  x0:0x00000000
          18406	      9199	001000d0	0067a023	sw	x6,0(x15)	 x15:0x00020000  x6:0x00000078 PA:0x00020000 store:0x00000078 load:0x00000000
          18410	      9201	001000d4	00454383	lbu	x7,4(x10)	 x10:0x00101a04  x7=0x00000070 PA:0x00101a08 store:0x00000000
          18412	      9202	001000d8	02038c63	beq	x7,x0,100110	  x7:0x00000070  x0:0x00000000
          18416	      9204	001000dc	0077a023	sw	x7,0(x15)	 x15:0x00020000  x7:0x00000070 PA:0x00020000 store:0x00000070 load:0x00000000
          18420	      9206	001000e0	00554583	lbu	x11,5(x10)	 x10:0x00101a04 x11=0x00000065 PA:0x00101a09 store:0x00000045
          18422	      9207	001000e4	02058663	beq	x11,x0,100110	 x11:0x00000065  x0:0x00000000
          18426	      9209	001000e8	00b7a023	sw	x11,0(x15)	 x15:0x00020000 x11:0x00000065 PA:0x00020000 store:0x00000065 load:0x00000000
          18430	      9211	001000ec	00654603	lbu	x12,6(x10)	 x10:0x00101a04 x12=0x00000063 PA:0x00101a0a store:0x00000078
          18432	      9212	001000f0	02060063	beq	x12,x0,100110	 x12:0x00000063  x0:0x00000000
          18436	      9214	001000f4	00c7a023	sw	x12,0(x15)	 x15:0x00020000 x12:0x00000063 PA:0x00020000 store:0x00000063 load:0x00000000
          18440	      9216	001000f8	00754683	lbu	x13,7(x10)	 x10:0x00101a04 x13=0x00000074 PA:0x00101a0b store:0x00000070
          18442	      9217	001000fc	00850513	addi	x10,x10,8	 x10:0x00101a04 x10=0x00101a0c
          18444	      9218	00100100	00068863	beq	x13,x0,100110	 x13:0x00000074  x0:0x00000000
          18448	      9220	00100104	00d7a023	sw	x13,0(x15)	 x15:0x00020000 x13:0x00000074 PA:0x00020000 store:0x00000074 load:0x00000000
          18452	      9222	00100108	00054803	lbu	x16,0(x10)	 x10:0x00101a0c x16=0x00000069 PA:0x00101a0c store:0x00000000
          18456	      9224	0010010c	fa0810e3	bne	x16,x0,1000ac	 x16:0x00000069  x0:0x00000000
          18462	      9227	001000ac	0107a023	sw	x16,0(x15)	 x15:0x00020000 x16:0x00000069 PA:0x00020000 store:0x00000069 load:0x00000000
          18466	      9229	001000b0	00154703	lbu	x14,1(x10)	 x10:0x00101a0c x14=0x0000006e PA:0x00101a0d store:0x001014f8
          18468	      9230	001000b4	04070e63	beq	x14,x0,100110	 x14:0x0000006e  x0:0x00000000
          18472	      9232	001000b8	00e7a023	sw	x14,0(x15)	 x15:0x00020000 x14:0x0000006e PA:0x00020000 store:0x0000006e load:0x00000000
          18476	      9234	001000bc	00254283	lbu	x5,2(x10)	 x10:0x00101a0c  x5=0x00000067 PA:0x00101a0e store:0x00137fa0
          18478	      9235	001000c0	04028863	beq	x5,x0,100110	  x5:0x00000067  x0:0x00000000
          18482	      9237	001000c4	0057a023	sw	x5,0(x15)	 x15:0x00020000  x5:0x00000067 PA:0x00020000 store:0x00000067 load:0x00000000
          18486	      9239	001000c8	00354303	lbu	x6,3(x10)	 x10:0x00101a0c  x6=0x00000020 PA:0x00101a0f store:0x00000000
          18488	      9240	001000cc	04030263	beq	x6,x0,100110	  x6:0x00000020  x0:0x00000000
          18492	      9242	001000d0	0067a023	sw	x6,0(x15)	 x15:0x00020000  x6:0x00000020 PA:0x00020000 store:0x00000020 load:0x00000000
          18496	      9244	001000d4	00454383	lbu	x7,4(x10)	 x10:0x00101a0c  x7=0x00000030 PA:0x00101a10 store:0x00000000
          18498	      9245	001000d8	02038c63	beq	x7,x0,100110	  x7:0x00000030  x0:0x00000000
          18502	      9247	001000dc	0077a023	sw	x7,0(x15)	 x15:0x00020000  x7:0x00000030 PA:0x00020000 store:0x00000030 load:0x00000000
          18506	      9249	001000e0	00554583	lbu	x11,5(x10)	 x10:0x00101a0c x11=0x00000078 PA:0x00101a11 store:0x00000067
          18508	      9250	001000e4	02058663	beq	x11,x0,100110	 x11:0x00000078  x0:0x00000000
          18512	      9252	001000e8	00b7a023	sw	x11,0(x15)	 x15:0x00020000 x11:0x00000078 PA:0x00020000 store:0x00000078 load:0x00000000
          18516	      9254	001000ec	00654603	lbu	x12,6(x10)	 x10:0x00101a0c x12=0x00000032 PA:0x00101a12 store:0x00000020
          18518	      9255	001000f0	02060063	beq	x12,x0,100110	 x12:0x00000032  x0:0x00000000
          18522	      9257	001000f4	00c7a023	sw	x12,0(x15)	 x15:0x00020000 x12:0x00000032 PA:0x00020000 store:0x00000032 load:0x00000000
          18526	      9259	001000f8	00754683	lbu	x13,7(x10)	 x10:0x00101a0c x13=0x00000030 PA:0x00101a13 store:0x00000030
          18528	      9260	001000fc	00850513	addi	x10,x10,8	 x10:0x00101a0c x10=0x00101a14
          18530	      9261	00100100	00068863	beq	x13,x0,100110	 x13:0x00000030  x0:0x00000000
          18534	      9263	00100104	00d7a023	sw	x13,0(x15)	 x15:0x00020000 x13:0x00000030 PA:0x00020000 store:0x00000030 load:0x00000000
          18538	      9265	00100108	00054803	lbu	x16,0(x10)	 x10:0x00101a14 x16=0x0000003a PA:0x00101a14 store:0x00000000
          18542	      9267	0010010c	fa0810e3	bne	x16,x0,1000ac	 x16:0x0000003a  x0:0x00000000
          18548	      9270	001000ac	0107a023	sw	x16,0(x15)	 x15:0x00020000 x16:0x0000003a PA:0x00020000 store:0x0000003a load:0x00000000
          18552	      9272	001000b0	00154703	lbu	x14,1(x10)	 x10:0x00101a14 x14=0x00000020 PA:0x00101a15 store:0x001014f8
          18554	      9273	001000b4	04070e63	beq	x14,x0,100110	 x14:0x00000020  x0:0x00000000
          18558	      9275	001000b8	00e7a023	sw	x14,0(x15)	 x15:0x00020000 x14:0x00000020 PA:0x00020000 store:0x00000020 load:0x00000000
          18562	      9277	001000bc	00254283	lbu	x5,2(x10)	 x10:0x00101a14  x5=0x00000000 PA:0x00101a16 store:0x00137fa0
          18566	      9279	001000c0	04028863	beq	x5,x0,100110	  x5:0x00000000  x0:0x00000000
          18570	      9281	00100110	00000513	addi	x10,x0,0	  x0:0x00000000 x10=0x00000000
          18574	      9283	00100114	00008067	jalr	x0,0(x1)	  x1:0x001014f8  x0=0x00000000
          18578	      9285	001014f8	be8d2503	lw	x10,-1048(x26)	 x26:0x00102000 x10=0x00000020 PA:0x00101be8 store:0x00102000
          18582	      9287	001014fc	c25fe0ef	jal	x1,100120	  x1=0x00101500
          18584	      9288	00100120	01c55793	srli	x15,x10,0x1c	 x10:0x00000020 x15=0x00000000
          18586	      9289	00100124	00900713	addi	x14,x0,9	  x0:0x00000000 x14=0x00000009
          18590	      9291	00100128	0cf77a63	bgeu	x14,x15,1001fc	 x14:0x00000009 x15:0x00000000
          18594	      9293	001001fc	03078393	addi	x7,x15,48	 x15:0x00000000  x7=0x00000030
          18596	      9294	00100200	000205b7	lui	x11,0x20	 x11=0x00020000
          18598	      9295	00100204	00451613	slli	x12,x10,0x4	 x10:0x00000020 x12=0x00000200
          18602	      9297	00100208	0075a023	sw	x7,0(x11)	 x11:0x00020000  x7:0x00000030 PA:0x00020000 store:0x00000030 load:0x00000000
          18604	      9298	0010020c	01c65693	srli	x13,x12,0x1c	 x12:0x00000200 x13=0x00000000
          18606	      9299	00100210	00900813	addi	x16,x0,9	  x0:0x00000000 x16=0x00000009
          18608	      9300	00100214	f2d86ae3	bltu	x16,x13,100148	 x16:0x00000009 x13:0x00000000
          18610	      9301	00100218	03068e93	addi	x29,x13,48	 x13:0x00000000 x29=0x00000030
          18612	      9302	0010021c	00020f37	lui	x30,0x20	 x30=0x00020000
          18614	      9303	00100220	00851f93	slli	x31,x10,0x8	 x10:0x00000020 x31=0x00002000
          18618	      9305	00100224	01df2023	sw	x29,0(x30)	 x30:0x00020000 x29:0x00000030 PA:0x00020000 store:0x00000030 load:0x00000000
          18620	      9306	00100228	01cfd793	srli	x15,x31,0x1c	 x31:0x00002000 x15=0x00000000
          18622	      9307	0010022c	00900713	addi	x14,x0,9	  x0:0x00000000 x14=0x00000009
          18624	      9308	00100230	f2f76ae3	bltu	x14,x15,100164	 x14:0x00000009 x15:0x00000000
          18626	      9309	00100234	03078393	addi	x7,x15,48	 x15:0x00000000  x7=0x00000030
          18628	      9310	00100238	000205b7	lui	x11,0x20	 x11=0x00020000
          18630	      9311	0010023c	00c51613	slli	x12,x10,0xc	 x10:0x00000020 x12=0x00020000
          18634	      9313	00100240	0075a023	sw	x7,0(x11)	 x11:0x00020000  x7:0x00000030 PA:0x00020000 store:0x00000030 load:0x00000000
          18636	      9314	00100244	01c65693	srli	x13,x12,0x1c	 x12:0x00020000 x13=0x00000000
          18638	      9315	00100248	00900813	addi	x16,x0,9	  x0:0x00000000 x16=0x00000009
          18640	      9316	0010024c	f2d86ae3	bltu	x16,x13,100180	 x16:0x00000009 x13:0x00000000
          18642	      9317	00100250	03068e93	addi	x29,x13,48	 x13:0x00000000 x29=0x00000030
          18644	      9318	00100254	00020f37	lui	x30,0x20	 x30=0x00020000
          18646	      9319	00100258	01051f93	slli	x31,x10,0x10	 x10:0x00000020 x31=0x00200000
          18650	      9321	0010025c	01df2023	sw	x29,0(x30)	 x30:0x00020000 x29:0x00000030 PA:0x00020000 store:0x00000030 load:0x00000000
          18652	      9322	00100260	01cfd793	srli	x15,x31,0x1c	 x31:0x00200000 x15=0x00000000
          18654	      9323	00100264	00900713	addi	x14,x0,9	  x0:0x00000000 x14=0x00000009
          18656	      9324	00100268	f2f76ae3	bltu	x14,x15,10019c	 x14:0x00000009 x15:0x00000000
          18658	      9325	0010026c	03078393	addi	x7,x15,48	 x15:0x00000000  x7=0x00000030
          18660	      9326	00100270	000205b7	lui	x11,0x20	 x11=0x00020000
          18662	      9327	00100274	01451613	slli	x12,x10,0x14	 x10:0x00000020 x12=0x02000000
          18666	      9329	00100278	0075a023	sw	x7,0(x11)	 x11:0x00020000  x7:0x00000030 PA:0x00020000 store:0x00000030 load:0x00000000
          18668	      9330	0010027c	01c65693	srli	x13,x12,0x1c	 x12:0x02000000 x13=0x00000000
          18670	      9331	00100280	00900813	addi	x16,x0,9	  x0:0x00000000 x16=0x00000009
          18672	      9332	00100284	f2d86ae3	bltu	x16,x13,1001b8	 x16:0x00000009 x13:0x00000000
          18674	      9333	00100288	03068e93	addi	x29,x13,48	 x13:0x00000000 x29=0x00000030
          18676	      9334	0010028c	00020f37	lui	x30,0x20	 x30=0x00020000
          18678	      9335	00100290	01851f93	slli	x31,x10,0x18	 x10:0x00000020 x31=0x20000000
          18682	      9337	00100294	01df2023	sw	x29,0(x30)	 x30:0x00020000 x29:0x00000030 PA:0x00020000 store:0x00000030 load:0x00000000
          18684	      9338	00100298	01cfd793	srli	x15,x31,0x1c	 x31:0x20000000 x15=0x00000002
          18686	      9339	0010029c	00900713	addi	x14,x0,9	  x0:0x00000000 x14=0x00000009
          18688	      9340	001002a0	f2f76ae3	bltu	x14,x15,1001d4	 x14:0x00000009 x15:0x00000002
          18690	      9341	001002a4	03078393	addi	x7,x15,48	 x15:0x00000002  x7=0x00000032
          18692	      9342	001002a8	000205b7	lui	x11,0x20	 x11=0x00020000
          18696	      9344	001002ac	0075a023	sw	x7,0(x11)	 x11:0x00020000  x7:0x00000032 PA:0x00020000 store:0x00000032 load:0x00000000
          18698	      9345	001002b0	00f57513	andi	x10,x10,15	 x10:0x00000020 x10=0x00000000
          18700	      9346	001002b4	00900613	addi	x12,x0,9	  x0:0x00000000 x12=0x00000009
          18704	      9348	001002b8	f2a67ae3	bgeu	x12,x10,1001ec	 x12:0x00000009 x10:0x00000000
          18708	      9350	001001ec	03050893	addi	x17,x10,48	 x10:0x00000000 x17=0x00000030
          18710	      9351	001001f0	00020e37	lui	x28,0x20	 x28=0x00020000
          18714	      9353	001001f4	011e2023	sw	x17,0(x28)	 x28:0x00020000 x17:0x00000030 PA:0x00020000 store:0x00000030 load:0x00000000
          18718	      9355	001001f8	00008067	jalr	x0,0(x1)	  x1:0x00101500  x0=0x00000000
          18726	      9359	00101500	001023b7	lui	x7,0x102	  x7=0x00102000
          18728	      9360	00101504	8683a287	flw	f5,-1944(x7)	  f7:0x00102000  f5=0x00000000 PA:0x00101868 store:0x00000047
          18732	      9362	00101508	001025b7	lui	x11,0x102	 x11=0x00102000
          18734	      9363	0010150c	a1858513	addi	x10,x11,-1512	 x11:0x00102000 x10=0x00101a18
          18736	      9364	00101510	c05c2227	fsw	f5,-1020(x24)	 f24:0x00102000  f5:0x00000000 PA:0x00101c04 store:0x4019999a load:0x4019999a
          18738	      9365	00101514	c04c2307	flw	f6,-1020(x24)	 f24:0x00102000  f6=0x00000000 PA:0x00101c04 store:0x00000000
          18740	      9366	00101518	e0031c53	fclass.s	x24,f6	  f6:0x00000020 x24=0x00000040
          18742	      9367	0010151c	bf8a2823	sw	x24,-1040(x20)	 x20:0x00102000 x24:0x00000040 PA:0x00101bf0 store:0x00000040 load:0x4019999a
          18744	      9368	00101520	b81fe0ef	jal	x1,1000a0	  x1=0x00101524
          18746	      9369	001000a0	00054803	lbu	x16,0(x10)	 x10:0x00101a18 x16=0x0000000a PA:0x00101a18 store:0x00000000
          18748	      9370	001000a4	06080663	beq	x16,x0,100110	 x16:0x0000000a  x0:0x00000000
          18750	      9371	001000a8	000207b7	lui	x15,0x20	 x15=0x00020000
          18754	      9373	001000ac	0107a023	sw	x16,0(x15)	 x15:0x00020000 x16:0x0000000a PA:0x00020000 store:0x0000000a load:0x00000000
          18758	      9375	001000b0	00154703	lbu	x14,1(x10)	 x10:0x00101a18 x14=0x00000020 PA:0x00101a19 store:0x00101524
          18760	      9376	001000b4	04070e63	beq	x14,x0,100110	 x14:0x00000020  x0:0x00000000
          18764	      9378	001000b8	00e7a023	sw	x14,0(x15)	 x15:0x00020000 x14:0x00000020 PA:0x00020000 store:0x00000020 load:0x00000000
          18768	      9380	001000bc	00254283	lbu	x5,2(x10)	 x10:0x00101a18  x5=0x00000045 PA:0x00101a1a store:0x00137fa0
          18770	      9381	001000c0	04028863	beq	x5,x0,100110	  x5:0x00000045  x0:0x00000000
          18774	      9383	001000c4	0057a023	sw	x5,0(x15)	 x15:0x00020000  x5:0x00000045 PA:0x00020000 store:0x00000045 load:0x00000000
          18778	      9385	001000c8	00354303	lbu	x6,3(x10)	 x10:0x00101a18  x6=0x00000078 PA:0x00101a1b store:0x00000000
          18780	      9386	001000cc	04030263	beq	x6,x0,100110	  x6:0x00000078  x0:0x00000000
          18784	      9388	001000d0	0067a023	sw	x6,0(x15)	 x15:0x00020000  x6:0x00000078 PA:0x00020000 store:0x00000078 load:0x00000000
          18788	      9390	001000d4	00454383	lbu	x7,4(x10)	 x10:0x00101a18  x7=0x00000070 PA:0x00101a1c store:0x00000000
          18790	      9391	001000d8	02038c63	beq	x7,x0,100110	  x7:0x00000070  x0:0x00000000
          18794	      9393	001000dc	0077a023	sw	x7,0(x15)	 x15:0x00020000  x7:0x00000070 PA:0x00020000 store:0x00000070 load:0x00000000
          18798	      9395	001000e0	00554583	lbu	x11,5(x10)	 x10:0x00101a18 x11=0x00000065 PA:0x00101a1d store:0x00000045
          18800	      9396	001000e4	02058663	beq	x11,x0,100110	 x11:0x00000065  x0:0x00000000
          18804	      9398	001000e8	00b7a023	sw	x11,0(x15)	 x15:0x00020000 x11:0x00000065 PA:0x00020000 store:0x00000065 load:0x00000000
          18808	      9400	001000ec	00654603	lbu	x12,6(x10)	 x10:0x00101a18 x12=0x00000063 PA:0x00101a1e store:0x00000078
          18810	      9401	001000f0	02060063	beq	x12,x0,100110	 x12:0x00000063  x0:0x00000000
          18814	      9403	001000f4	00c7a023	sw	x12,0(x15)	 x15:0x00020000 x12:0x00000063 PA:0x00020000 store:0x00000063 load:0x00000000
          18818	      9405	001000f8	00754683	lbu	x13,7(x10)	 x10:0x00101a18 x13=0x00000074 PA:0x00101a1f store:0x00000070
          18820	      9406	001000fc	00850513	addi	x10,x10,8	 x10:0x00101a18 x10=0x00101a20
          18822	      9407	00100100	00068863	beq	x13,x0,100110	 x13:0x00000074  x0:0x00000000
          18826	      9409	00100104	00d7a023	sw	x13,0(x15)	 x15:0x00020000 x13:0x00000074 PA:0x00020000 store:0x00000074 load:0x00000000
          18830	      9411	00100108	00054803	lbu	x16,0(x10)	 x10:0x00101a20 x16=0x00000069 PA:0x00101a20 store:0x00000000
          18834	      9413	0010010c	fa0810e3	bne	x16,x0,1000ac	 x16:0x00000069  x0:0x00000000
          18840	      9416	001000ac	0107a023	sw	x16,0(x15)	 x15:0x00020000 x16:0x00000069 PA:0x00020000 store:0x00000069 load:0x00000000
          18844	      9418	001000b0	00154703	lbu	x14,1(x10)	 x10:0x00101a20 x14=0x0000006e PA:0x00101a21 store:0x00101524
          18846	      9419	001000b4	04070e63	beq	x14,x0,100110	 x14:0x0000006e  x0:0x00000000
          18850	      9421	001000b8	00e7a023	sw	x14,0(x15)	 x15:0x00020000 x14:0x0000006e PA:0x00020000 store:0x0000006e load:0x00000000
          18854	      9423	001000bc	00254283	lbu	x5,2(x10)	 x10:0x00101a20  x5=0x00000067 PA:0x00101a22 store:0x00137fa0
          18856	      9424	001000c0	04028863	beq	x5,x0,100110	  x5:0x00000067  x0:0x00000000
          18860	      9426	001000c4	0057a023	sw	x5,0(x15)	 x15:0x00020000  x5:0x00000067 PA:0x00020000 store:0x00000067 load:0x00000000
          18864	      9428	001000c8	00354303	lbu	x6,3(x10)	 x10:0x00101a20  x6=0x00000020 PA:0x00101a23 store:0x00000000
          18866	      9429	001000cc	04030263	beq	x6,x0,100110	  x6:0x00000020  x0:0x00000000
          18870	      9431	001000d0	0067a023	sw	x6,0(x15)	 x15:0x00020000  x6:0x00000020 PA:0x00020000 store:0x00000020 load:0x00000000
          18874	      9433	001000d4	00454383	lbu	x7,4(x10)	 x10:0x00101a20  x7=0x00000030 PA:0x00101a24 store:0x00000000
          18876	      9434	001000d8	02038c63	beq	x7,x0,100110	  x7:0x00000030  x0:0x00000000
          18880	      9436	001000dc	0077a023	sw	x7,0(x15)	 x15:0x00020000  x7:0x00000030 PA:0x00020000 store:0x00000030 load:0x00000000
          18884	      9438	001000e0	00554583	lbu	x11,5(x10)	 x10:0x00101a20 x11=0x00000078 PA:0x00101a25 store:0x00000067
          18886	      9439	001000e4	02058663	beq	x11,x0,100110	 x11:0x00000078  x0:0x00000000
          18890	      9441	001000e8	00b7a023	sw	x11,0(x15)	 x15:0x00020000 x11:0x00000078 PA:0x00020000 store:0x00000078 load:0x00000000
          18894	      9443	001000ec	00654603	lbu	x12,6(x10)	 x10:0x00101a20 x12=0x00000034 PA:0x00101a26 store:0x00000020
          18896	      9444	001000f0	02060063	beq	x12,x0,100110	 x12:0x00000034  x0:0x00000000
          18900	      9446	001000f4	00c7a023	sw	x12,0(x15)	 x15:0x00020000 x12:0x00000034 PA:0x00020000 store:0x00000034 load:0x00000000
          18904	      9448	001000f8	00754683	lbu	x13,7(x10)	 x10:0x00101a20 x13=0x00000030 PA:0x00101a27 store:0x00000030
          18906	      9449	001000fc	00850513	addi	x10,x10,8	 x10:0x00101a20 x10=0x00101a28
          18908	      9450	00100100	00068863	beq	x13,x0,100110	 x13:0x00000030  x0:0x00000000
          18912	      9452	00100104	00d7a023	sw	x13,0(x15)	 x15:0x00020000 x13:0x00000030 PA:0x00020000 store:0x00000030 load:0x00000000
          18916	      9454	00100108	00054803	lbu	x16,0(x10)	 x10:0x00101a28 x16=0x0000003a PA:0x00101a28 store:0x00000000
          18920	      9456	0010010c	fa0810e3	bne	x16,x0,1000ac	 x16:0x0000003a  x0:0x00000000
          18926	      9459	001000ac	0107a023	sw	x16,0(x15)	 x15:0x00020000 x16:0x0000003a PA:0x00020000 store:0x0000003a load:0x00000000
          18930	      9461	001000b0	00154703	lbu	x14,1(x10)	 x10:0x00101a28 x14=0x00000020 PA:0x00101a29 store:0x00101524
          18932	      9462	001000b4	04070e63	beq	x14,x0,100110	 x14:0x00000020  x0:0x00000000
          18936	      9464	001000b8	00e7a023	sw	x14,0(x15)	 x15:0x00020000 x14:0x00000020 PA:0x00020000 store:0x00000020 load:0x00000000
          18940	      9466	001000bc	00254283	lbu	x5,2(x10)	 x10:0x00101a28  x5=0x00000000 PA:0x00101a2a store:0x00137fa0
          18944	      9468	001000c0	04028863	beq	x5,x0,100110	  x5:0x00000000  x0:0x00000000
          18948	      9470	00100110	00000513	addi	x10,x0,0	  x0:0x00000000 x10=0x00000000
          18952	      9472	00100114	00008067	jalr	x0,0(x1)	  x1:0x00101524  x0=0x00000000
          18956	      9474	00101524	bf0a2503	lw	x10,-1040(x20)	 x20:0x00102000 x10=0x00000040 PA:0x00101bf0 store:0x0000003a
          18958	      9475	00101528	00102c37	lui	x24,0x102	 x24=0x00102000
          18962	      9477	0010152c	bf5fe0ef	jal	x1,100120	  x1=0x00101530
          18964	      9478	00100120	01c55793	srli	x15,x10,0x1c	 x10:0x00000040 x15=0x00000000
          18966	      9479	00100124	00900713	addi	x14,x0,9	  x0:0x00000000 x14=0x00000009
          18970	      9481	00100128	0cf77a63	bgeu	x14,x15,1001fc	 x14:0x00000009 x15:0x00000000
          18974	      9483	001001fc	03078393	addi	x7,x15,48	 x15:0x00000000  x7=0x00000030
          18976	      9484	00100200	000205b7	lui	x11,0x20	 x11=0x00020000
          18978	      9485	00100204	00451613	slli	x12,x10,0x4	 x10:0x00000040 x12=0x00000400
          18982	      9487	00100208	0075a023	sw	x7,0(x11)	 x11:0x00020000  x7:0x00000030 PA:0x00020000 store:0x00000030 load:0x00000000
          18984	      9488	0010020c	01c65693	srli	x13,x12,0x1c	 x12:0x00000400 x13=0x00000000
          18986	      9489	00100210	00900813	addi	x16,x0,9	  x0:0x00000000 x16=0x00000009
          18988	      9490	00100214	f2d86ae3	bltu	x16,x13,100148	 x16:0x00000009 x13:0x00000000
          18990	      9491	00100218	03068e93	addi	x29,x13,48	 x13:0x00000000 x29=0x00000030
          18992	      9492	0010021c	00020f37	lui	x30,0x20	 x30=0x00020000
          18994	      9493	00100220	00851f93	slli	x31,x10,0x8	 x10:0x00000040 x31=0x00004000
          18998	      9495	00100224	01df2023	sw	x29,0(x30)	 x30:0x00020000 x29:0x00000030 PA:0x00020000 store:0x00000030 load:0x00000000
          19000	      9496	00100228	01cfd793	srli	x15,x31,0x1c	 x31:0x00004000 x15=0x00000000
          19002	      9497	0010022c	00900713	addi	x14,x0,9	  x0:0x00000000 x14=0x00000009
          19004	      9498	00100230	f2f76ae3	bltu	x14,x15,100164	 x14:0x00000009 x15:0x00000000
          19006	      9499	00100234	03078393	addi	x7,x15,48	 x15:0x00000000  x7=0x00000030
          19008	      9500	00100238	000205b7	lui	x11,0x20	 x11=0x00020000
          19010	      9501	0010023c	00c51613	slli	x12,x10,0xc	 x10:0x00000040 x12=0x00040000
          19014	      9503	00100240	0075a023	sw	x7,0(x11)	 x11:0x00020000  x7:0x00000030 PA:0x00020000 store:0x00000030 load:0x00000000
          19016	      9504	00100244	01c65693	srli	x13,x12,0x1c	 x12:0x00040000 x13=0x00000000
          19018	      9505	00100248	00900813	addi	x16,x0,9	  x0:0x00000000 x16=0x00000009
          19020	      9506	0010024c	f2d86ae3	bltu	x16,x13,100180	 x16:0x00000009 x13:0x00000000
          19022	      9507	00100250	03068e93	addi	x29,x13,48	 x13:0x00000000 x29=0x00000030
          19024	      9508	00100254	00020f37	lui	x30,0x20	 x30=0x00020000
          19026	      9509	00100258	01051f93	slli	x31,x10,0x10	 x10:0x00000040 x31=0x00400000
          19030	      9511	0010025c	01df2023	sw	x29,0(x30)	 x30:0x00020000 x29:0x00000030 PA:0x00020000 store:0x00000030 load:0x00000000
          19032	      9512	00100260	01cfd793	srli	x15,x31,0x1c	 x31:0x00400000 x15=0x00000000
          19034	      9513	00100264	00900713	addi	x14,x0,9	  x0:0x00000000 x14=0x00000009
          19036	      9514	00100268	f2f76ae3	bltu	x14,x15,10019c	 x14:0x00000009 x15:0x00000000
          19038	      9515	0010026c	03078393	addi	x7,x15,48	 x15:0x00000000  x7=0x00000030
          19040	      9516	00100270	000205b7	lui	x11,0x20	 x11=0x00020000
          19042	      9517	00100274	01451613	slli	x12,x10,0x14	 x10:0x00000040 x12=0x04000000
          19046	      9519	00100278	0075a023	sw	x7,0(x11)	 x11:0x00020000  x7:0x00000030 PA:0x00020000 store:0x00000030 load:0x00000000
          19048	      9520	0010027c	01c65693	srli	x13,x12,0x1c	 x12:0x04000000 x13=0x00000000
          19050	      9521	00100280	00900813	addi	x16,x0,9	  x0:0x00000000 x16=0x00000009
          19052	      9522	00100284	f2d86ae3	bltu	x16,x13,1001b8	 x16:0x00000009 x13:0x00000000
          19054	      9523	00100288	03068e93	addi	x29,x13,48	 x13:0x00000000 x29=0x00000030
          19056	      9524	0010028c	00020f37	lui	x30,0x20	 x30=0x00020000
          19058	      9525	00100290	01851f93	slli	x31,x10,0x18	 x10:0x00000040 x31=0x40000000
          19062	      9527	00100294	01df2023	sw	x29,0(x30)	 x30:0x00020000 x29:0x00000030 PA:0x00020000 store:0x00000030 load:0x00000000
          19064	      9528	00100298	01cfd793	srli	x15,x31,0x1c	 x31:0x40000000 x15=0x00000004
          19066	      9529	0010029c	00900713	addi	x14,x0,9	  x0:0x00000000 x14=0x00000009
          19068	      9530	001002a0	f2f76ae3	bltu	x14,x15,1001d4	 x14:0x00000009 x15:0x00000004
          19070	      9531	001002a4	03078393	addi	x7,x15,48	 x15:0x00000004  x7=0x00000034
          19072	      9532	001002a8	000205b7	lui	x11,0x20	 x11=0x00020000
          19076	      9534	001002ac	0075a023	sw	x7,0(x11)	 x11:0x00020000  x7:0x00000034 PA:0x00020000 store:0x00000034 load:0x00000000
          19078	      9535	001002b0	00f57513	andi	x10,x10,15	 x10:0x00000040 x10=0x00000000
          19080	      9536	001002b4	00900613	addi	x12,x0,9	  x0:0x00000000 x12=0x00000009
          19084	      9538	001002b8	f2a67ae3	bgeu	x12,x10,1001ec	 x12:0x00000009 x10:0x00000000
          19088	      9540	001001ec	03050893	addi	x17,x10,48	 x10:0x00000000 x17=0x00000030
          19090	      9541	001001f0	00020e37	lui	x28,0x20	 x28=0x00020000
          19094	      9543	001001f4	011e2023	sw	x17,0(x28)	 x28:0x00020000 x17:0x00000030 PA:0x00020000 store:0x00000030 load:0x00000000
          19098	      9545	001001f8	00008067	jalr	x0,0(x1)	  x1:0x00101530  x0=0x00000000
          19100	      9546	00101530	7f800637	lui	x12,0x7f800	 x12=0x7f800000
          19104	      9548	00101534	becda623	sw	x12,-1044(x27)	 x27:0x00102000 x12:0x7f800000 PA:0x00101bec store:0x7f800000 load:0x00000040
          19114	      9553	00101538	becda803	lw	x16,-1044(x27)	 x27:0x00102000 x16=0x7f800000 PA:0x00101bec store:0x7f800000
          19116	      9554	0010153c	f0080653	fmv.w.x	f12,x16	 x16:0x7f800000 f12=0x00000000
          19118	      9555	00101540	c0c9a027	fsw	f12,-1024(x19)	 f19:0x00102000 f12:0x7f800000 PA:0x00101c00 store:0x7f800000 load:0x7f800000
          19120	      9556	00101544	c009a687	flw	f13,-1024(x19)	 f19:0x00102000 f13=0x00000000 PA:0x00101c00 store:0xff800000
          19124	      9558	00101548	001028b7	lui	x17,0x102	 x17=0x00102000
          19126	      9559	0010154c	a2c88513	addi	x10,x17,-1492	 x17:0x00102000 x10=0x00101a2c
          19128	      9560	00101550	e00699d3	fclass.s	x19,f13	 f13:0x00000000 x19=0x00000080
          19130	      9561	00101554	bf3da623	sw	x19,-1044(x27)	 x27:0x00102000 x19:0x00000080 PA:0x00101bec store:0x00000080 load:0x7f800000
          19132	      9562	00101558	b49fe0ef	jal	x1,1000a0	  x1=0x0010155c
          19134	      9563	001000a0	00054803	lbu	x16,0(x10)	 x10:0x00101a2c x16=0x0000000a PA:0x00101a2c store:0x00000000
          19136	      9564	001000a4	06080663	beq	x16,x0,100110	 x16:0x0000000a  x0:0x00000000
          19138	      9565	001000a8	000207b7	lui	x15,0x20	 x15=0x00020000
          19142	      9567	001000ac	0107a023	sw	x16,0(x15)	 x15:0x00020000 x16:0x0000000a PA:0x00020000 store:0x0000000a load:0x00000000
          19146	      9569	001000b0	00154703	lbu	x14,1(x10)	 x10:0x00101a2c x14=0x00000020 PA:0x00101a2d store:0x0010155c
          19148	      9570	001000b4	04070e63	beq	x14,x0,100110	 x14:0x00000020  x0:0x00000000
          19152	      9572	001000b8	00e7a023	sw	x14,0(x15)	 x15:0x00020000 x14:0x00000020 PA:0x00020000 store:0x00000020 load:0x00000000
          19156	      9574	001000bc	00254283	lbu	x5,2(x10)	 x10:0x00101a2c  x5=0x00000045 PA:0x00101a2e store:0x00137fa0
          19158	      9575	001000c0	04028863	beq	x5,x0,100110	  x5:0x00000045  x0:0x00000000
          19162	      9577	001000c4	0057a023	sw	x5,0(x15)	 x15:0x00020000  x5:0x00000045 PA:0x00020000 store:0x00000045 load:0x00000000
          19166	      9579	001000c8	00354303	lbu	x6,3(x10)	 x10:0x00101a2c  x6=0x00000078 PA:0x00101a2f store:0x00000000
          19168	      9580	001000cc	04030263	beq	x6,x0,100110	  x6:0x00000078  x0:0x00000000
          19172	      9582	001000d0	0067a023	sw	x6,0(x15)	 x15:0x00020000  x6:0x00000078 PA:0x00020000 store:0x00000078 load:0x00000000
          19176	      9584	001000d4	00454383	lbu	x7,4(x10)	 x10:0x00101a2c  x7=0x00000070 PA:0x00101a30 store:0x00000000
          19178	      9585	001000d8	02038c63	beq	x7,x0,100110	  x7:0x00000070  x0:0x00000000
          19182	      9587	001000dc	0077a023	sw	x7,0(x15)	 x15:0x00020000  x7:0x00000070 PA:0x00020000 store:0x00000070 load:0x00000000
          19186	      9589	001000e0	00554583	lbu	x11,5(x10)	 x10:0x00101a2c x11=0x00000065 PA:0x00101a31 store:0x00000045
          19188	      9590	001000e4	02058663	beq	x11,x0,100110	 x11:0x00000065  x0:0x00000000
          19192	      9592	001000e8	00b7a023	sw	x11,0(x15)	 x15:0x00020000 x11:0x00000065 PA:0x00020000 store:0x00000065 load:0x00000000
          19196	      9594	001000ec	00654603	lbu	x12,6(x10)	 x10:0x00101a2c x12=0x00000063 PA:0x00101a32 store:0x00000078
          19198	      9595	001000f0	02060063	beq	x12,x0,100110	 x12:0x00000063  x0:0x00000000
          19202	      9597	001000f4	00c7a023	sw	x12,0(x15)	 x15:0x00020000 x12:0x00000063 PA:0x00020000 store:0x00000063 load:0x00000000
          19206	      9599	001000f8	00754683	lbu	x13,7(x10)	 x10:0x00101a2c x13=0x00000074 PA:0x00101a33 store:0x00000070
          19208	      9600	001000fc	00850513	addi	x10,x10,8	 x10:0x00101a2c x10=0x00101a34
          19210	      9601	00100100	00068863	beq	x13,x0,100110	 x13:0x00000074  x0:0x00000000
          19214	      9603	00100104	00d7a023	sw	x13,0(x15)	 x15:0x00020000 x13:0x00000074 PA:0x00020000 store:0x00000074 load:0x00000000
          19218	      9605	00100108	00054803	lbu	x16,0(x10)	 x10:0x00101a34 x16=0x00000069 PA:0x00101a34 store:0x00000000
          19222	      9607	0010010c	fa0810e3	bne	x16,x0,1000ac	 x16:0x00000069  x0:0x00000000
          19228	      9610	001000ac	0107a023	sw	x16,0(x15)	 x15:0x00020000 x16:0x00000069 PA:0x00020000 store:0x00000069 load:0x00000000
          19232	      9612	001000b0	00154703	lbu	x14,1(x10)	 x10:0x00101a34 x14=0x0000006e PA:0x00101a35 store:0x0010155c
          19234	      9613	001000b4	04070e63	beq	x14,x0,100110	 x14:0x0000006e  x0:0x00000000
          19238	      9615	001000b8	00e7a023	sw	x14,0(x15)	 x15:0x00020000 x14:0x0000006e PA:0x00020000 store:0x0000006e load:0x00000000
          19242	      9617	001000bc	00254283	lbu	x5,2(x10)	 x10:0x00101a34  x5=0x00000067 PA:0x00101a36 store:0x00137fa0
          19244	      9618	001000c0	04028863	beq	x5,x0,100110	  x5:0x00000067  x0:0x00000000
          19248	      9620	001000c4	0057a023	sw	x5,0(x15)	 x15:0x00020000  x5:0x00000067 PA:0x00020000 store:0x00000067 load:0x00000000
          19252	      9622	001000c8	00354303	lbu	x6,3(x10)	 x10:0x00101a34  x6=0x00000020 PA:0x00101a37 store:0x00000000
          19254	      9623	001000cc	04030263	beq	x6,x0,100110	  x6:0x00000020  x0:0x00000000
          19258	      9625	001000d0	0067a023	sw	x6,0(x15)	 x15:0x00020000  x6:0x00000020 PA:0x00020000 store:0x00000020 load:0x00000000
          19262	      9627	001000d4	00454383	lbu	x7,4(x10)	 x10:0x00101a34  x7=0x00000030 PA:0x00101a38 store:0x00000000
          19264	      9628	001000d8	02038c63	beq	x7,x0,100110	  x7:0x00000030  x0:0x00000000
          19268	      9630	001000dc	0077a023	sw	x7,0(x15)	 x15:0x00020000  x7:0x00000030 PA:0x00020000 store:0x00000030 load:0x00000000
          19272	      9632	001000e0	00554583	lbu	x11,5(x10)	 x10:0x00101a34 x11=0x00000078 PA:0x00101a39 store:0x00000067
          19274	      9633	001000e4	02058663	beq	x11,x0,100110	 x11:0x00000078  x0:0x00000000
          19278	      9635	001000e8	00b7a023	sw	x11,0(x15)	 x15:0x00020000 x11:0x00000078 PA:0x00020000 store:0x00000078 load:0x00000000
          19282	      9637	001000ec	00654603	lbu	x12,6(x10)	 x10:0x00101a34 x12=0x00000038 PA:0x00101a3a store:0x00000020
          19284	      9638	001000f0	02060063	beq	x12,x0,100110	 x12:0x00000038  x0:0x00000000
          19288	      9640	001000f4	00c7a023	sw	x12,0(x15)	 x15:0x00020000 x12:0x00000038 PA:0x00020000 store:0x00000038 load:0x00000000
          19292	      9642	001000f8	00754683	lbu	x13,7(x10)	 x10:0x00101a34 x13=0x00000030 PA:0x00101a3b store:0x00000030
          19294	      9643	001000fc	00850513	addi	x10,x10,8	 x10:0x00101a34 x10=0x00101a3c
          19296	      9644	00100100	00068863	beq	x13,x0,100110	 x13:0x00000030  x0:0x00000000
          19300	      9646	00100104	00d7a023	sw	x13,0(x15)	 x15:0x00020000 x13:0x00000030 PA:0x00020000 store:0x00000030 load:0x00000000
          19304	      9648	00100108	00054803	lbu	x16,0(x10)	 x10:0x00101a3c x16=0x0000003a PA:0x00101a3c store:0x00000000
          19308	      9650	0010010c	fa0810e3	bne	x16,x0,1000ac	 x16:0x0000003a  x0:0x00000000
          19314	      9653	001000ac	0107a023	sw	x16,0(x15)	 x15:0x00020000 x16:0x0000003a PA:0x00020000 store:0x0000003a load:0x00000000
          19318	      9655	001000b0	00154703	lbu	x14,1(x10)	 x10:0x00101a3c x14=0x00000020 PA:0x00101a3d store:0x0010155c
          19320	      9656	001000b4	04070e63	beq	x14,x0,100110	 x14:0x00000020  x0:0x00000000
          19324	      9658	001000b8	00e7a023	sw	x14,0(x15)	 x15:0x00020000 x14:0x00000020 PA:0x00020000 store:0x00000020 load:0x00000000
          19328	      9660	001000bc	00254283	lbu	x5,2(x10)	 x10:0x00101a3c  x5=0x00000000 PA:0x00101a3e store:0x00137fa0
          19332	      9662	001000c0	04028863	beq	x5,x0,100110	  x5:0x00000000  x0:0x00000000
          19336	      9664	00100110	00000513	addi	x10,x0,0	  x0:0x00000000 x10=0x00000000
          19340	      9666	00100114	00008067	jalr	x0,0(x1)	  x1:0x0010155c  x0=0x00000000
          19344	      9668	0010155c	becda503	lw	x10,-1044(x27)	 x27:0x00102000 x10=0x00000080 PA:0x00101bec store:0x00000038
          19346	      9669	00101560	7fa00db7	lui	x27,0x7fa00	 x27=0x7fa00000
          19350	      9671	00101564	bbdfe0ef	jal	x1,100120	  x1=0x00101568
          19352	      9672	00100120	01c55793	srli	x15,x10,0x1c	 x10:0x00000080 x15=0x00000000
          19354	      9673	00100124	00900713	addi	x14,x0,9	  x0:0x00000000 x14=0x00000009
          19358	      9675	00100128	0cf77a63	bgeu	x14,x15,1001fc	 x14:0x00000009 x15:0x00000000
          19362	      9677	001001fc	03078393	addi	x7,x15,48	 x15:0x00000000  x7=0x00000030
          19364	      9678	00100200	000205b7	lui	x11,0x20	 x11=0x00020000
          19366	      9679	00100204	00451613	slli	x12,x10,0x4	 x10:0x00000080 x12=0x00000800
          19370	      9681	00100208	0075a023	sw	x7,0(x11)	 x11:0x00020000  x7:0x00000030 PA:0x00020000 store:0x00000030 load:0x00000000
          19372	      9682	0010020c	01c65693	srli	x13,x12,0x1c	 x12:0x00000800 x13=0x00000000
          19374	      9683	00100210	00900813	addi	x16,x0,9	  x0:0x00000000 x16=0x00000009
          19376	      9684	00100214	f2d86ae3	bltu	x16,x13,100148	 x16:0x00000009 x13:0x00000000
          19378	      9685	00100218	03068e93	addi	x29,x13,48	 x13:0x00000000 x29=0x00000030
          19380	      9686	0010021c	00020f37	lui	x30,0x20	 x30=0x00020000
          19382	      9687	00100220	00851f93	slli	x31,x10,0x8	 x10:0x00000080 x31=0x00008000
          19386	      9689	00100224	01df2023	sw	x29,0(x30)	 x30:0x00020000 x29:0x00000030 PA:0x00020000 store:0x00000030 load:0x00000000
          19388	      9690	00100228	01cfd793	srli	x15,x31,0x1c	 x31:0x00008000 x15=0x00000000
          19390	      9691	0010022c	00900713	addi	x14,x0,9	  x0:0x00000000 x14=0x00000009
          19392	      9692	00100230	f2f76ae3	bltu	x14,x15,100164	 x14:0x00000009 x15:0x00000000
          19394	      9693	00100234	03078393	addi	x7,x15,48	 x15:0x00000000  x7=0x00000030
          19396	      9694	00100238	000205b7	lui	x11,0x20	 x11=0x00020000
          19398	      9695	0010023c	00c51613	slli	x12,x10,0xc	 x10:0x00000080 x12=0x00080000
          19402	      9697	00100240	0075a023	sw	x7,0(x11)	 x11:0x00020000  x7:0x00000030 PA:0x00020000 store:0x00000030 load:0x00000000
          19404	      9698	00100244	01c65693	srli	x13,x12,0x1c	 x12:0x00080000 x13=0x00000000
          19406	      9699	00100248	00900813	addi	x16,x0,9	  x0:0x00000000 x16=0x00000009
          19408	      9700	0010024c	f2d86ae3	bltu	x16,x13,100180	 x16:0x00000009 x13:0x00000000
          19410	      9701	00100250	03068e93	addi	x29,x13,48	 x13:0x00000000 x29=0x00000030
          19412	      9702	00100254	00020f37	lui	x30,0x20	 x30=0x00020000
          19414	      9703	00100258	01051f93	slli	x31,x10,0x10	 x10:0x00000080 x31=0x00800000
          19418	      9705	0010025c	01df2023	sw	x29,0(x30)	 x30:0x00020000 x29:0x00000030 PA:0x00020000 store:0x00000030 load:0x00000000
          19420	      9706	00100260	01cfd793	srli	x15,x31,0x1c	 x31:0x00800000 x15=0x00000000
          19422	      9707	00100264	00900713	addi	x14,x0,9	  x0:0x00000000 x14=0x00000009
          19424	      9708	00100268	f2f76ae3	bltu	x14,x15,10019c	 x14:0x00000009 x15:0x00000000
          19426	      9709	0010026c	03078393	addi	x7,x15,48	 x15:0x00000000  x7=0x00000030
          19428	      9710	00100270	000205b7	lui	x11,0x20	 x11=0x00020000
          19430	      9711	00100274	01451613	slli	x12,x10,0x14	 x10:0x00000080 x12=0x08000000
          19434	      9713	00100278	0075a023	sw	x7,0(x11)	 x11:0x00020000  x7:0x00000030 PA:0x00020000 store:0x00000030 load:0x00000000
          19436	      9714	0010027c	01c65693	srli	x13,x12,0x1c	 x12:0x08000000 x13=0x00000000
          19438	      9715	00100280	00900813	addi	x16,x0,9	  x0:0x00000000 x16=0x00000009
          19440	      9716	00100284	f2d86ae3	bltu	x16,x13,1001b8	 x16:0x00000009 x13:0x00000000
          19442	      9717	00100288	03068e93	addi	x29,x13,48	 x13:0x00000000 x29=0x00000030
          19444	      9718	0010028c	00020f37	lui	x30,0x20	 x30=0x00020000
          19446	      9719	00100290	01851f93	slli	x31,x10,0x18	 x10:0x00000080 x31=0x80000000
          19450	      9721	00100294	01df2023	sw	x29,0(x30)	 x30:0x00020000 x29:0x00000030 PA:0x00020000 store:0x00000030 load:0x00000000
          19452	      9722	00100298	01cfd793	srli	x15,x31,0x1c	 x31:0x80000000 x15=0x00000008
          19454	      9723	0010029c	00900713	addi	x14,x0,9	  x0:0x00000000 x14=0x00000009
          19456	      9724	001002a0	f2f76ae3	bltu	x14,x15,1001d4	 x14:0x00000009 x15:0x00000008
          19458	      9725	001002a4	03078393	addi	x7,x15,48	 x15:0x00000008  x7=0x00000038
          19460	      9726	001002a8	000205b7	lui	x11,0x20	 x11=0x00020000
          19464	      9728	001002ac	0075a023	sw	x7,0(x11)	 x11:0x00020000  x7:0x00000038 PA:0x00020000 store:0x00000038 load:0x00000000
          19466	      9729	001002b0	00f57513	andi	x10,x10,15	 x10:0x00000080 x10=0x00000000
          19468	      9730	001002b4	00900613	addi	x12,x0,9	  x0:0x00000000 x12=0x00000009
          19472	      9732	001002b8	f2a67ae3	bgeu	x12,x10,1001ec	 x12:0x00000009 x10:0x00000000
          19476	      9734	001001ec	03050893	addi	x17,x10,48	 x10:0x00000000 x17=0x00000030
          19478	      9735	001001f0	00020e37	lui	x28,0x20	 x28=0x00020000
          19482	      9737	001001f4	011e2023	sw	x17,0(x28)	 x28:0x00020000 x17:0x00000030 PA:0x00020000 store:0x00000030 load:0x00000000
          19486	      9739	001001f8	00008067	jalr	x0,0(x1)	  x1:0x00101568  x0=0x00000000
          19490	      9741	00101568	bfbd2423	sw	x27,-1048(x26)	 x26:0x00102000 x27:0x7fa00000 PA:0x00101be8 store:0x7fa00000 load:0x00000080
          19500	      9746	0010156c	be8d2e03	lw	x28,-1048(x26)	 x26:0x00102000 x28=0x7fa00000 PA:0x00101be8 store:0x00102000
          19502	      9747	00101570	f00e03d3	fmv.w.x	f7,x28	 x28:0x7fa00000  f7=0x00000000
          19504	      9748	00101574	be7aac27	fsw	f7,-1032(x21)	 f21:0x00102000  f7:0x00000038 PA:0x00101bf8 store:0x7fa00000 load:0x7fa00000
          19506	      9749	00101578	00102eb7	lui	x29,0x102	 x29=0x00102000
          19508	      9750	0010157c	bf8aa507	flw	f10,-1032(x21)	 f21:0x00102000 f10=0x00000000 PA:0x00101bf8 store:0x00000000
          19510	      9751	00101580	a40e8513	addi	x10,x29,-1472	 x29:0x00102000 x10=0x00101a40
          19512	      9752	00101584	e0051f53	fclass.s	x30,f10	 f10:0x00101a40 x30=0x00000100
          19514	      9753	00101588	bfed2423	sw	x30,-1048(x26)	 x26:0x00102000 x30:0x00000100 PA:0x00101be8 store:0x00000100 load:0x7fa00000
          19516	      9754	0010158c	b15fe0ef	jal	x1,1000a0	  x1=0x00101590
          19520	      9756	001000a0	00054803	lbu	x16,0(x10)	 x10:0x00101a40 x16=0x0000000a PA:0x00101a40 store:0x00000000
          19522	      9757	001000a4	06080663	beq	x16,x0,100110	 x16:0x0000000a  x0:0x00000000
          19524	      9758	001000a8	000207b7	lui	x15,0x20	 x15=0x00020000
          19528	      9760	001000ac	0107a023	sw	x16,0(x15)	 x15:0x00020000 x16:0x0000000a PA:0x00020000 store:0x0000000a load:0x00000000
          19532	      9762	001000b0	00154703	lbu	x14,1(x10)	 x10:0x00101a40 x14=0x00000020 PA:0x00101a41 store:0x00101590
          19534	      9763	001000b4	04070e63	beq	x14,x0,100110	 x14:0x00000020  x0:0x00000000
          19538	      9765	001000b8	00e7a023	sw	x14,0(x15)	 x15:0x00020000 x14:0x00000020 PA:0x00020000 store:0x00000020 load:0x00000000
          19542	      9767	001000bc	00254283	lbu	x5,2(x10)	 x10:0x00101a40  x5=0x00000045 PA:0x00101a42 store:0x00137fa0
          19544	      9768	001000c0	04028863	beq	x5,x0,100110	  x5:0x00000045  x0:0x00000000
          19548	      9770	001000c4	0057a023	sw	x5,0(x15)	 x15:0x00020000  x5:0x00000045 PA:0x00020000 store:0x00000045 load:0x00000000
          19552	      9772	001000c8	00354303	lbu	x6,3(x10)	 x10:0x00101a40  x6=0x00000078 PA:0x00101a43 store:0x00000000
          19554	      9773	001000cc	04030263	beq	x6,x0,100110	  x6:0x00000078  x0:0x00000000
          19558	      9775	001000d0	0067a023	sw	x6,0(x15)	 x15:0x00020000  x6:0x00000078 PA:0x00020000 store:0x00000078 load:0x00000000
          19562	      9777	001000d4	00454383	lbu	x7,4(x10)	 x10:0x00101a40  x7=0x00000070 PA:0x00101a44 store:0x00000000
          19564	      9778	001000d8	02038c63	beq	x7,x0,100110	  x7:0x00000070  x0:0x00000000
          19568	      9780	001000dc	0077a023	sw	x7,0(x15)	 x15:0x00020000  x7:0x00000070 PA:0x00020000 store:0x00000070 load:0x00000000
          19572	      9782	001000e0	00554583	lbu	x11,5(x10)	 x10:0x00101a40 x11=0x00000065 PA:0x00101a45 store:0x00000045
          19574	      9783	001000e4	02058663	beq	x11,x0,100110	 x11:0x00000065  x0:0x00000000
          19578	      9785	001000e8	00b7a023	sw	x11,0(x15)	 x15:0x00020000 x11:0x00000065 PA:0x00020000 store:0x00000065 load:0x00000000
          19582	      9787	001000ec	00654603	lbu	x12,6(x10)	 x10:0x00101a40 x12=0x00000063 PA:0x00101a46 store:0x00000078
          19584	      9788	001000f0	02060063	beq	x12,x0,100110	 x12:0x00000063  x0:0x00000000
          19588	      9790	001000f4	00c7a023	sw	x12,0(x15)	 x15:0x00020000 x12:0x00000063 PA:0x00020000 store:0x00000063 load:0x00000000
          19592	      9792	001000f8	00754683	lbu	x13,7(x10)	 x10:0x00101a40 x13=0x00000074 PA:0x00101a47 store:0x00000070
          19594	      9793	001000fc	00850513	addi	x10,x10,8	 x10:0x00101a40 x10=0x00101a48
          19596	      9794	00100100	00068863	beq	x13,x0,100110	 x13:0x00000074  x0:0x00000000
          19600	      9796	00100104	00d7a023	sw	x13,0(x15)	 x15:0x00020000 x13:0x00000074 PA:0x00020000 store:0x00000074 load:0x00000000
          19604	      9798	00100108	00054803	lbu	x16,0(x10)	 x10:0x00101a48 x16=0x00000069 PA:0x00101a48 store:0x00000000
          19608	      9800	0010010c	fa0810e3	bne	x16,x0,1000ac	 x16:0x00000069  x0:0x00000000
          19614	      9803	001000ac	0107a023	sw	x16,0(x15)	 x15:0x00020000 x16:0x00000069 PA:0x00020000 store:0x00000069 load:0x00000000
          19618	      9805	001000b0	00154703	lbu	x14,1(x10)	 x10:0x00101a48 x14=0x0000006e PA:0x00101a49 store:0x00101590
          19620	      9806	001000b4	04070e63	beq	x14,x0,100110	 x14:0x0000006e  x0:0x00000000
          19624	      9808	001000b8	00e7a023	sw	x14,0(x15)	 x15:0x00020000 x14:0x0000006e PA:0x00020000 store:0x0000006e load:0x00000000
          19628	      9810	001000bc	00254283	lbu	x5,2(x10)	 x10:0x00101a48  x5=0x00000067 PA:0x00101a4a store:0x00137fa0
          19630	      9811	001000c0	04028863	beq	x5,x0,100110	  x5:0x00000067  x0:0x00000000
          19634	      9813	001000c4	0057a023	sw	x5,0(x15)	 x15:0x00020000  x5:0x00000067 PA:0x00020000 store:0x00000067 load:0x00000000
          19638	      9815	001000c8	00354303	lbu	x6,3(x10)	 x10:0x00101a48  x6=0x00000020 PA:0x00101a4b store:0x00000000
          19640	      9816	001000cc	04030263	beq	x6,x0,100110	  x6:0x00000020  x0:0x00000000
          19644	      9818	001000d0	0067a023	sw	x6,0(x15)	 x15:0x00020000  x6:0x00000020 PA:0x00020000 store:0x00000020 load:0x00000000
          19648	      9820	001000d4	00454383	lbu	x7,4(x10)	 x10:0x00101a48  x7=0x00000030 PA:0x00101a4c store:0x00000000
          19650	      9821	001000d8	02038c63	beq	x7,x0,100110	  x7:0x00000030  x0:0x00000000
          19654	      9823	001000dc	0077a023	sw	x7,0(x15)	 x15:0x00020000  x7:0x00000030 PA:0x00020000 store:0x00000030 load:0x00000000
          19658	      9825	001000e0	00554583	lbu	x11,5(x10)	 x10:0x00101a48 x11=0x00000078 PA:0x00101a4d store:0x00000067
          19660	      9826	001000e4	02058663	beq	x11,x0,100110	 x11:0x00000078  x0:0x00000000
          19664	      9828	001000e8	00b7a023	sw	x11,0(x15)	 x15:0x00020000 x11:0x00000078 PA:0x00020000 store:0x00000078 load:0x00000000
          19668	      9830	001000ec	00654603	lbu	x12,6(x10)	 x10:0x00101a48 x12=0x00000031 PA:0x00101a4e store:0x00000020
          19670	      9831	001000f0	02060063	beq	x12,x0,100110	 x12:0x00000031  x0:0x00000000
          19674	      9833	001000f4	00c7a023	sw	x12,0(x15)	 x15:0x00020000 x12:0x00000031 PA:0x00020000 store:0x00000031 load:0x00000000
          19678	      9835	001000f8	00754683	lbu	x13,7(x10)	 x10:0x00101a48 x13=0x00000030 PA:0x00101a4f store:0x00000030
          19680	      9836	001000fc	00850513	addi	x10,x10,8	 x10:0x00101a48 x10=0x00101a50
          19682	      9837	00100100	00068863	beq	x13,x0,100110	 x13:0x00000030  x0:0x00000000
          19686	      9839	00100104	00d7a023	sw	x13,0(x15)	 x15:0x00020000 x13:0x00000030 PA:0x00020000 store:0x00000030 load:0x00000000
          19690	      9841	00100108	00054803	lbu	x16,0(x10)	 x10:0x00101a50 x16=0x00000030 PA:0x00101a50 store:0x00000000
          19694	      9843	0010010c	fa0810e3	bne	x16,x0,1000ac	 x16:0x00000030  x0:0x00000000
          19700	      9846	001000ac	0107a023	sw	x16,0(x15)	 x15:0x00020000 x16:0x00000030 PA:0x00020000 store:0x00000030 load:0x00000000
          19704	      9848	001000b0	00154703	lbu	x14,1(x10)	 x10:0x00101a50 x14=0x0000003a PA:0x00101a51 store:0x00101590
          19706	      9849	001000b4	04070e63	beq	x14,x0,100110	 x14:0x0000003a  x0:0x00000000
          19710	      9851	001000b8	00e7a023	sw	x14,0(x15)	 x15:0x00020000 x14:0x0000003a PA:0x00020000 store:0x0000003a load:0x00000000
          19714	      9853	001000bc	00254283	lbu	x5,2(x10)	 x10:0x00101a50  x5=0x00000020 PA:0x00101a52 store:0x00137fa0
          19716	      9854	001000c0	04028863	beq	x5,x0,100110	  x5:0x00000020  x0:0x00000000
          19720	      9856	001000c4	0057a023	sw	x5,0(x15)	 x15:0x00020000  x5:0x00000020 PA:0x00020000 store:0x00000020 load:0x00000000
          19724	      9858	001000c8	00354303	lbu	x6,3(x10)	 x10:0x00101a50  x6=0x00000000 PA:0x00101a53 store:0x00000000
          19728	      9860	001000cc	04030263	beq	x6,x0,100110	  x6:0x00000000  x0:0x00000000
          19732	      9862	00100110	00000513	addi	x10,x0,0	  x0:0x00000000 x10=0x00000000
          19736	      9864	00100114	00008067	jalr	x0,0(x1)	  x1:0x00101590  x0=0x00000000
          19740	      9866	00101590	be8d2503	lw	x10,-1048(x26)	 x26:0x00102000 x10=0x00000100 PA:0x00101be8 store:0x00102000
          19744	      9868	00101594	b8dfe0ef	jal	x1,100120	  x1=0x00101598
          19746	      9869	00100120	01c55793	srli	x15,x10,0x1c	 x10:0x00000100 x15=0x00000000
          19748	      9870	00100124	00900713	addi	x14,x0,9	  x0:0x00000000 x14=0x00000009
          19752	      9872	00100128	0cf77a63	bgeu	x14,x15,1001fc	 x14:0x00000009 x15:0x00000000
          19756	      9874	001001fc	03078393	addi	x7,x15,48	 x15:0x00000000  x7=0x00000030
          19758	      9875	00100200	000205b7	lui	x11,0x20	 x11=0x00020000
          19760	      9876	00100204	00451613	slli	x12,x10,0x4	 x10:0x00000100 x12=0x00001000
          19764	      9878	00100208	0075a023	sw	x7,0(x11)	 x11:0x00020000  x7:0x00000030 PA:0x00020000 store:0x00000030 load:0x00000000
          19766	      9879	0010020c	01c65693	srli	x13,x12,0x1c	 x12:0x00001000 x13=0x00000000
          19768	      9880	00100210	00900813	addi	x16,x0,9	  x0:0x00000000 x16=0x00000009
          19770	      9881	00100214	f2d86ae3	bltu	x16,x13,100148	 x16:0x00000009 x13:0x00000000
          19772	      9882	00100218	03068e93	addi	x29,x13,48	 x13:0x00000000 x29=0x00000030
          19774	      9883	0010021c	00020f37	lui	x30,0x20	 x30=0x00020000
          19776	      9884	00100220	00851f93	slli	x31,x10,0x8	 x10:0x00000100 x31=0x00010000
          19780	      9886	00100224	01df2023	sw	x29,0(x30)	 x30:0x00020000 x29:0x00000030 PA:0x00020000 store:0x00000030 load:0x00000000
          19782	      9887	00100228	01cfd793	srli	x15,x31,0x1c	 x31:0x00010000 x15=0x00000000
          19784	      9888	0010022c	00900713	addi	x14,x0,9	  x0:0x00000000 x14=0x00000009
          19786	      9889	00100230	f2f76ae3	bltu	x14,x15,100164	 x14:0x00000009 x15:0x00000000
          19788	      9890	00100234	03078393	addi	x7,x15,48	 x15:0x00000000  x7=0x00000030
          19790	      9891	00100238	000205b7	lui	x11,0x20	 x11=0x00020000
          19792	      9892	0010023c	00c51613	slli	x12,x10,0xc	 x10:0x00000100 x12=0x00100000
          19796	      9894	00100240	0075a023	sw	x7,0(x11)	 x11:0x00020000  x7:0x00000030 PA:0x00020000 store:0x00000030 load:0x00000000
          19798	      9895	00100244	01c65693	srli	x13,x12,0x1c	 x12:0x00100000 x13=0x00000000
          19800	      9896	00100248	00900813	addi	x16,x0,9	  x0:0x00000000 x16=0x00000009
          19802	      9897	0010024c	f2d86ae3	bltu	x16,x13,100180	 x16:0x00000009 x13:0x00000000
          19804	      9898	00100250	03068e93	addi	x29,x13,48	 x13:0x00000000 x29=0x00000030
          19806	      9899	00100254	00020f37	lui	x30,0x20	 x30=0x00020000
          19808	      9900	00100258	01051f93	slli	x31,x10,0x10	 x10:0x00000100 x31=0x01000000
          19812	      9902	0010025c	01df2023	sw	x29,0(x30)	 x30:0x00020000 x29:0x00000030 PA:0x00020000 store:0x00000030 load:0x00000000
          19814	      9903	00100260	01cfd793	srli	x15,x31,0x1c	 x31:0x01000000 x15=0x00000000
          19816	      9904	00100264	00900713	addi	x14,x0,9	  x0:0x00000000 x14=0x00000009
          19818	      9905	00100268	f2f76ae3	bltu	x14,x15,10019c	 x14:0x00000009 x15:0x00000000
          19820	      9906	0010026c	03078393	addi	x7,x15,48	 x15:0x00000000  x7=0x00000030
          19822	      9907	00100270	000205b7	lui	x11,0x20	 x11=0x00020000
          19824	      9908	00100274	01451613	slli	x12,x10,0x14	 x10:0x00000100 x12=0x10000000
          19828	      9910	00100278	0075a023	sw	x7,0(x11)	 x11:0x00020000  x7:0x00000030 PA:0x00020000 store:0x00000030 load:0x00000000
          19830	      9911	0010027c	01c65693	srli	x13,x12,0x1c	 x12:0x10000000 x13=0x00000001
          19832	      9912	00100280	00900813	addi	x16,x0,9	  x0:0x00000000 x16=0x00000009
          19834	      9913	00100284	f2d86ae3	bltu	x16,x13,1001b8	 x16:0x00000009 x13:0x00000001
          19836	      9914	00100288	03068e93	addi	x29,x13,48	 x13:0x00000001 x29=0x00000031
          19838	      9915	0010028c	00020f37	lui	x30,0x20	 x30=0x00020000
          19840	      9916	00100290	01851f93	slli	x31,x10,0x18	 x10:0x00000100 x31=0x00000000
          19844	      9918	00100294	01df2023	sw	x29,0(x30)	 x30:0x00020000 x29:0x00000031 PA:0x00020000 store:0x00000031 load:0x00000000
          19846	      9919	00100298	01cfd793	srli	x15,x31,0x1c	 x31:0x00000000 x15=0x00000000
          19848	      9920	0010029c	00900713	addi	x14,x0,9	  x0:0x00000000 x14=0x00000009
          19850	      9921	001002a0	f2f76ae3	bltu	x14,x15,1001d4	 x14:0x00000009 x15:0x00000000
          19852	      9922	001002a4	03078393	addi	x7,x15,48	 x15:0x00000000  x7=0x00000030
          19854	      9923	001002a8	000205b7	lui	x11,0x20	 x11=0x00020000
          19858	      9925	001002ac	0075a023	sw	x7,0(x11)	 x11:0x00020000  x7:0x00000030 PA:0x00020000 store:0x00000030 load:0x00000000
          19860	      9926	001002b0	00f57513	andi	x10,x10,15	 x10:0x00000100 x10=0x00000000
          19862	      9927	001002b4	00900613	addi	x12,x0,9	  x0:0x00000000 x12=0x00000009
          19866	      9929	001002b8	f2a67ae3	bgeu	x12,x10,1001ec	 x12:0x00000009 x10:0x00000000
          19870	      9931	001001ec	03050893	addi	x17,x10,48	 x10:0x00000000 x17=0x00000030
          19872	      9932	001001f0	00020e37	lui	x28,0x20	 x28=0x00020000
          19876	      9934	001001f4	011e2023	sw	x17,0(x28)	 x28:0x00020000 x17:0x00000030 PA:0x00020000 store:0x00000030 load:0x00000000
          19880	      9936	001001f8	00008067	jalr	x0,0(x1)	  x1:0x00101598  x0=0x00000000
          19882	      9937	00101598	00102fb7	lui	x31,0x102	 x31=0x00102000
          19886	      9939	0010159c	bfba2823	sw	x27,-1040(x20)	 x20:0x00102000 x27:0x7fa00000 PA:0x00101bf0 store:0x7fa00000 load:0x00000100
          19896	      9944	001015a0	bf0a2d03	lw	x26,-1040(x20)	 x20:0x00102000 x26=0x7fa00000 PA:0x00101bf0 store:0x00000009
          19898	      9945	001015a4	f00d0853	fmv.w.x	f16,x26	 x26:0x7fa00000 f16=0x00000000
          19900	      9946	001015a8	bf0faa27	fsw	f16,-1036(x31)	 f31:0x00102000 f16:0x00000009 PA:0x00101bf4 store:0x7fa00000 load:0x7fa00000
          19902	      9947	001015ac	bf4fa887	flw	f17,-1036(x31)	 f31:0x00102000 f17=0x00000000 PA:0x00101bf4 store:0x3e5bdc88
          19906	      9949	001015b0	00102537	lui	x10,0x102	 x10=0x00102000
          19908	      9950	001015b4	a5450513	addi	x10,x10,-1452	 x10:0x00102000 x10=0x00101a54
          19910	      9951	001015b8	e00894d3	fclass.s	x9,f17	 f17:0x00000030  x9=0x00000100
          19912	      9952	001015bc	be9a2823	sw	x9,-1040(x20)	 x20:0x00102000  x9:0x00000100 PA:0x00101bf0 store:0x00000100 load:0x7fa00000
          19914	      9953	001015c0	ae1fe0ef	jal	x1,1000a0	  x1=0x001015c4
          19916	      9954	001000a0	00054803	lbu	x16,0(x10)	 x10:0x00101a54 x16=0x0000000a PA:0x00101a54 store:0x00000000
          19918	      9955	001000a4	06080663	beq	x16,x0,100110	 x16:0x0000000a  x0:0x00000000
          19920	      9956	001000a8	000207b7	lui	x15,0x20	 x15=0x00020000
          19924	      9958	001000ac	0107a023	sw	x16,0(x15)	 x15:0x00020000 x16:0x0000000a PA:0x00020000 store:0x0000000a load:0x00000000
          19928	      9960	001000b0	00154703	lbu	x14,1(x10)	 x10:0x00101a54 x14=0x00000020 PA:0x00101a55 store:0x001015c4
          19930	      9961	001000b4	04070e63	beq	x14,x0,100110	 x14:0x00000020  x0:0x00000000
          19934	      9963	001000b8	00e7a023	sw	x14,0(x15)	 x15:0x00020000 x14:0x00000020 PA:0x00020000 store:0x00000020 load:0x00000000
          19938	      9965	001000bc	00254283	lbu	x5,2(x10)	 x10:0x00101a54  x5=0x00000045 PA:0x00101a56 store:0x00137fa0
          19940	      9966	001000c0	04028863	beq	x5,x0,100110	  x5:0x00000045  x0:0x00000000
          19944	      9968	001000c4	0057a023	sw	x5,0(x15)	 x15:0x00020000  x5:0x00000045 PA:0x00020000 store:0x00000045 load:0x00000000
          19948	      9970	001000c8	00354303	lbu	x6,3(x10)	 x10:0x00101a54  x6=0x00000078 PA:0x00101a57 store:0x00000000
          19950	      9971	001000cc	04030263	beq	x6,x0,100110	  x6:0x00000078  x0:0x00000000
          19954	      9973	001000d0	0067a023	sw	x6,0(x15)	 x15:0x00020000  x6:0x00000078 PA:0x00020000 store:0x00000078 load:0x00000000
          19958	      9975	001000d4	00454383	lbu	x7,4(x10)	 x10:0x00101a54  x7=0x00000070 PA:0x00101a58 store:0x00000000
          19960	      9976	001000d8	02038c63	beq	x7,x0,100110	  x7:0x00000070  x0:0x00000000
          19964	      9978	001000dc	0077a023	sw	x7,0(x15)	 x15:0x00020000  x7:0x00000070 PA:0x00020000 store:0x00000070 load:0x00000000
          19968	      9980	001000e0	00554583	lbu	x11,5(x10)	 x10:0x00101a54 x11=0x00000065 PA:0x00101a59 store:0x00000045
          19970	      9981	001000e4	02058663	beq	x11,x0,100110	 x11:0x00000065  x0:0x00000000
          19974	      9983	001000e8	00b7a023	sw	x11,0(x15)	 x15:0x00020000 x11:0x00000065 PA:0x00020000 store:0x00000065 load:0x00000000
          19978	      9985	001000ec	00654603	lbu	x12,6(x10)	 x10:0x00101a54 x12=0x00000063 PA:0x00101a5a store:0x00000078
          19980	      9986	001000f0	02060063	beq	x12,x0,100110	 x12:0x00000063  x0:0x00000000
          19984	      9988	001000f4	00c7a023	sw	x12,0(x15)	 x15:0x00020000 x12:0x00000063 PA:0x00020000 store:0x00000063 load:0x00000000
          19988	      9990	001000f8	00754683	lbu	x13,7(x10)	 x10:0x00101a54 x13=0x00000074 PA:0x00101a5b store:0x00000070
          19990	      9991	001000fc	00850513	addi	x10,x10,8	 x10:0x00101a54 x10=0x00101a5c
          19992	      9992	00100100	00068863	beq	x13,x0,100110	 x13:0x00000074  x0:0x00000000
          19996	      9994	00100104	00d7a023	sw	x13,0(x15)	 x15:0x00020000 x13:0x00000074 PA:0x00020000 store:0x00000074 load:0x00000000
          20000	      9996	00100108	00054803	lbu	x16,0(x10)	 x10:0x00101a5c x16=0x00000069 PA:0x00101a5c store:0x00000000
          20004	      9998	0010010c	fa0810e3	bne	x16,x0,1000ac	 x16:0x00000069  x0:0x00000000
          20010	     10001	001000ac	0107a023	sw	x16,0(x15)	 x15:0x00020000 x16:0x00000069 PA:0x00020000 store:0x00000069 load:0x00000000
          20014	     10003	001000b0	00154703	lbu	x14,1(x10)	 x10:0x00101a5c x14=0x0000006e PA:0x00101a5d store:0x001015c4
          20016	     10004	001000b4	04070e63	beq	x14,x0,100110	 x14:0x0000006e  x0:0x00000000
          20020	     10006	001000b8	00e7a023	sw	x14,0(x15)	 x15:0x00020000 x14:0x0000006e PA:0x00020000 store:0x0000006e load:0x00000000
          20024	     10008	001000bc	00254283	lbu	x5,2(x10)	 x10:0x00101a5c  x5=0x00000067 PA:0x00101a5e store:0x00137fa0
          20026	     10009	001000c0	04028863	beq	x5,x0,100110	  x5:0x00000067  x0:0x00000000
          20030	     10011	001000c4	0057a023	sw	x5,0(x15)	 x15:0x00020000  x5:0x00000067 PA:0x00020000 store:0x00000067 load:0x00000000
          20034	     10013	001000c8	00354303	lbu	x6,3(x10)	 x10:0x00101a5c  x6=0x00000020 PA:0x00101a5f store:0x00000000
          20036	     10014	001000cc	04030263	beq	x6,x0,100110	  x6:0x00000020  x0:0x00000000
          20040	     10016	001000d0	0067a023	sw	x6,0(x15)	 x15:0x00020000  x6:0x00000020 PA:0x00020000 store:0x00000020 load:0x00000000
          20044	     10018	001000d4	00454383	lbu	x7,4(x10)	 x10:0x00101a5c  x7=0x00000030 PA:0x00101a60 store:0x00000000
          20046	     10019	001000d8	02038c63	beq	x7,x0,100110	  x7:0x00000030  x0:0x00000000
          20050	     10021	001000dc	0077a023	sw	x7,0(x15)	 x15:0x00020000  x7:0x00000030 PA:0x00020000 store:0x00000030 load:0x00000000
          20054	     10023	001000e0	00554583	lbu	x11,5(x10)	 x10:0x00101a5c x11=0x00000078 PA:0x00101a61 store:0x00000067
          20056	     10024	001000e4	02058663	beq	x11,x0,100110	 x11:0x00000078  x0:0x00000000
          20060	     10026	001000e8	00b7a023	sw	x11,0(x15)	 x15:0x00020000 x11:0x00000078 PA:0x00020000 store:0x00000078 load:0x00000000
          20064	     10028	001000ec	00654603	lbu	x12,6(x10)	 x10:0x00101a5c x12=0x00000032 PA:0x00101a62 store:0x00000020
          20066	     10029	001000f0	02060063	beq	x12,x0,100110	 x12:0x00000032  x0:0x00000000
          20070	     10031	001000f4	00c7a023	sw	x12,0(x15)	 x15:0x00020000 x12:0x00000032 PA:0x00020000 store:0x00000032 load:0x00000000
          20074	     10033	001000f8	00754683	lbu	x13,7(x10)	 x10:0x00101a5c x13=0x00000030 PA:0x00101a63 store:0x00000030
          20076	     10034	001000fc	00850513	addi	x10,x10,8	 x10:0x00101a5c x10=0x00101a64
          20078	     10035	00100100	00068863	beq	x13,x0,100110	 x13:0x00000030  x0:0x00000000
          20082	     10037	00100104	00d7a023	sw	x13,0(x15)	 x15:0x00020000 x13:0x00000030 PA:0x00020000 store:0x00000030 load:0x00000000
          20086	     10039	00100108	00054803	lbu	x16,0(x10)	 x10:0x00101a64 x16=0x00000030 PA:0x00101a64 store:0x00000000
          20090	     10041	0010010c	fa0810e3	bne	x16,x0,1000ac	 x16:0x00000030  x0:0x00000000
          20096	     10044	001000ac	0107a023	sw	x16,0(x15)	 x15:0x00020000 x16:0x00000030 PA:0x00020000 store:0x00000030 load:0x00000000
          20100	     10046	001000b0	00154703	lbu	x14,1(x10)	 x10:0x00101a64 x14=0x0000003a PA:0x00101a65 store:0x001015c4
          20102	     10047	001000b4	04070e63	beq	x14,x0,100110	 x14:0x0000003a  x0:0x00000000
          20106	     10049	001000b8	00e7a023	sw	x14,0(x15)	 x15:0x00020000 x14:0x0000003a PA:0x00020000 store:0x0000003a load:0x00000000
          20110	     10051	001000bc	00254283	lbu	x5,2(x10)	 x10:0x00101a64  x5=0x00000020 PA:0x00101a66 store:0x00137fa0
          20112	     10052	001000c0	04028863	beq	x5,x0,100110	  x5:0x00000020  x0:0x00000000
          20116	     10054	001000c4	0057a023	sw	x5,0(x15)	 x15:0x00020000  x5:0x00000020 PA:0x00020000 store:0x00000020 load:0x00000000
          20120	     10056	001000c8	00354303	lbu	x6,3(x10)	 x10:0x00101a64  x6=0x00000000 PA:0x00101a67 store:0x00000000
          20124	     10058	001000cc	04030263	beq	x6,x0,100110	  x6:0x00000000  x0:0x00000000
          20128	     10060	00100110	00000513	addi	x10,x0,0	  x0:0x00000000 x10=0x00000000
          20132	     10062	00100114	00008067	jalr	x0,0(x1)	  x1:0x001015c4  x0=0x00000000
          20136	     10064	001015c4	bf0a2503	lw	x10,-1040(x20)	 x20:0x00102000 x10=0x00000100 PA:0x00101bf0 store:0x00000030
          20140	     10066	001015c8	b59fe0ef	jal	x1,100120	  x1=0x001015cc
          20142	     10067	00100120	01c55793	srli	x15,x10,0x1c	 x10:0x00000100 x15=0x00000000
          20144	     10068	00100124	00900713	addi	x14,x0,9	  x0:0x00000000 x14=0x00000009
          20148	     10070	00100128	0cf77a63	bgeu	x14,x15,1001fc	 x14:0x00000009 x15:0x00000000
          20152	     10072	001001fc	03078393	addi	x7,x15,48	 x15:0x00000000  x7=0x00000030
          20154	     10073	00100200	000205b7	lui	x11,0x20	 x11=0x00020000
          20156	     10074	00100204	00451613	slli	x12,x10,0x4	 x10:0x00000100 x12=0x00001000
          20160	     10076	00100208	0075a023	sw	x7,0(x11)	 x11:0x00020000  x7:0x00000030 PA:0x00020000 store:0x00000030 load:0x00000000
          20162	     10077	0010020c	01c65693	srli	x13,x12,0x1c	 x12:0x00001000 x13=0x00000000
          20164	     10078	00100210	00900813	addi	x16,x0,9	  x0:0x00000000 x16=0x00000009
          20166	     10079	00100214	f2d86ae3	bltu	x16,x13,100148	 x16:0x00000009 x13:0x00000000
          20168	     10080	00100218	03068e93	addi	x29,x13,48	 x13:0x00000000 x29=0x00000030
          20170	     10081	0010021c	00020f37	lui	x30,0x20	 x30=0x00020000
          20172	     10082	00100220	00851f93	slli	x31,x10,0x8	 x10:0x00000100 x31=0x00010000
          20176	     10084	00100224	01df2023	sw	x29,0(x30)	 x30:0x00020000 x29:0x00000030 PA:0x00020000 store:0x00000030 load:0x00000000
          20178	     10085	00100228	01cfd793	srli	x15,x31,0x1c	 x31:0x00010000 x15=0x00000000
          20180	     10086	0010022c	00900713	addi	x14,x0,9	  x0:0x00000000 x14=0x00000009
          20182	     10087	00100230	f2f76ae3	bltu	x14,x15,100164	 x14:0x00000009 x15:0x00000000
          20184	     10088	00100234	03078393	addi	x7,x15,48	 x15:0x00000000  x7=0x00000030
          20186	     10089	00100238	000205b7	lui	x11,0x20	 x11=0x00020000
          20188	     10090	0010023c	00c51613	slli	x12,x10,0xc	 x10:0x00000100 x12=0x00100000
          20192	     10092	00100240	0075a023	sw	x7,0(x11)	 x11:0x00020000  x7:0x00000030 PA:0x00020000 store:0x00000030 load:0x00000000
          20194	     10093	00100244	01c65693	srli	x13,x12,0x1c	 x12:0x00100000 x13=0x00000000
          20196	     10094	00100248	00900813	addi	x16,x0,9	  x0:0x00000000 x16=0x00000009
          20198	     10095	0010024c	f2d86ae3	bltu	x16,x13,100180	 x16:0x00000009 x13:0x00000000
          20200	     10096	00100250	03068e93	addi	x29,x13,48	 x13:0x00000000 x29=0x00000030
          20202	     10097	00100254	00020f37	lui	x30,0x20	 x30=0x00020000
          20204	     10098	00100258	01051f93	slli	x31,x10,0x10	 x10:0x00000100 x31=0x01000000
          20208	     10100	0010025c	01df2023	sw	x29,0(x30)	 x30:0x00020000 x29:0x00000030 PA:0x00020000 store:0x00000030 load:0x00000000
          20210	     10101	00100260	01cfd793	srli	x15,x31,0x1c	 x31:0x01000000 x15=0x00000000
          20212	     10102	00100264	00900713	addi	x14,x0,9	  x0:0x00000000 x14=0x00000009
          20214	     10103	00100268	f2f76ae3	bltu	x14,x15,10019c	 x14:0x00000009 x15:0x00000000
          20216	     10104	0010026c	03078393	addi	x7,x15,48	 x15:0x00000000  x7=0x00000030
          20218	     10105	00100270	000205b7	lui	x11,0x20	 x11=0x00020000
          20220	     10106	00100274	01451613	slli	x12,x10,0x14	 x10:0x00000100 x12=0x10000000
          20224	     10108	00100278	0075a023	sw	x7,0(x11)	 x11:0x00020000  x7:0x00000030 PA:0x00020000 store:0x00000030 load:0x00000000
          20226	     10109	0010027c	01c65693	srli	x13,x12,0x1c	 x12:0x10000000 x13=0x00000001
          20228	     10110	00100280	00900813	addi	x16,x0,9	  x0:0x00000000 x16=0x00000009
          20230	     10111	00100284	f2d86ae3	bltu	x16,x13,1001b8	 x16:0x00000009 x13:0x00000001
          20232	     10112	00100288	03068e93	addi	x29,x13,48	 x13:0x00000001 x29=0x00000031
          20234	     10113	0010028c	00020f37	lui	x30,0x20	 x30=0x00020000
          20236	     10114	00100290	01851f93	slli	x31,x10,0x18	 x10:0x00000100 x31=0x00000000
          20240	     10116	00100294	01df2023	sw	x29,0(x30)	 x30:0x00020000 x29:0x00000031 PA:0x00020000 store:0x00000031 load:0x00000000
          20242	     10117	00100298	01cfd793	srli	x15,x31,0x1c	 x31:0x00000000 x15=0x00000000
          20244	     10118	0010029c	00900713	addi	x14,x0,9	  x0:0x00000000 x14=0x00000009
          20246	     10119	001002a0	f2f76ae3	bltu	x14,x15,1001d4	 x14:0x00000009 x15:0x00000000
          20248	     10120	001002a4	03078393	addi	x7,x15,48	 x15:0x00000000  x7=0x00000030
          20250	     10121	001002a8	000205b7	lui	x11,0x20	 x11=0x00020000
          20254	     10123	001002ac	0075a023	sw	x7,0(x11)	 x11:0x00020000  x7:0x00000030 PA:0x00020000 store:0x00000030 load:0x00000000
          20256	     10124	001002b0	00f57513	andi	x10,x10,15	 x10:0x00000100 x10=0x00000000
          20258	     10125	001002b4	00900613	addi	x12,x0,9	  x0:0x00000000 x12=0x00000009
          20262	     10127	001002b8	f2a67ae3	bgeu	x12,x10,1001ec	 x12:0x00000009 x10:0x00000000
          20266	     10129	001001ec	03050893	addi	x17,x10,48	 x10:0x00000000 x17=0x00000030
          20268	     10130	001001f0	00020e37	lui	x28,0x20	 x28=0x00020000
          20272	     10132	001001f4	011e2023	sw	x17,0(x28)	 x28:0x00020000 x17:0x00000030 PA:0x00020000 store:0x00000030 load:0x00000000
          20276	     10134	001001f8	00008067	jalr	x0,0(x1)	  x1:0x001015cc  x0=0x00000000
          20278	     10135	001015cc	a68c8513	addi	x10,x25,-1432	 x25:0x00102000 x10=0x00101a68
          20282	     10137	001015d0	ad1fe0ef	jal	x1,1000a0	  x1=0x001015d4
          20286	     10139	001000a0	00054803	lbu	x16,0(x10)	 x10:0x00101a68 x16=0x0000000a PA:0x00101a68 store:0x00000000
          20288	     10140	001000a4	06080663	beq	x16,x0,100110	 x16:0x0000000a  x0:0x00000000
          20290	     10141	001000a8	000207b7	lui	x15,0x20	 x15=0x00020000
          20294	     10143	001000ac	0107a023	sw	x16,0(x15)	 x15:0x00020000 x16:0x0000000a PA:0x00020000 store:0x0000000a load:0x00000000
          20298	     10145	001000b0	00154703	lbu	x14,1(x10)	 x10:0x00101a68 x14=0x0000000a PA:0x00101a69 store:0x001015d4
          20300	     10146	001000b4	04070e63	beq	x14,x0,100110	 x14:0x0000000a  x0:0x00000000
          20304	     10148	001000b8	00e7a023	sw	x14,0(x15)	 x15:0x00020000 x14:0x0000000a PA:0x00020000 store:0x0000000a load:0x00000000
          20308	     10150	001000bc	00254283	lbu	x5,2(x10)	 x10:0x00101a68  x5=0x00000054 PA:0x00101a6a store:0x00137fa0
          20310	     10151	001000c0	04028863	beq	x5,x0,100110	  x5:0x00000054  x0:0x00000000
          20314	     10153	001000c4	0057a023	sw	x5,0(x15)	 x15:0x00020000  x5:0x00000054 PA:0x00020000 store:0x00000054 load:0x00000000
          20318	     10155	001000c8	00354303	lbu	x6,3(x10)	 x10:0x00101a68  x6=0x00000065 PA:0x00101a6b store:0x00000000
          20320	     10156	001000cc	04030263	beq	x6,x0,100110	  x6:0x00000065  x0:0x00000000
          20324	     10158	001000d0	0067a023	sw	x6,0(x15)	 x15:0x00020000  x6:0x00000065 PA:0x00020000 store:0x00000065 load:0x00000000
          20328	     10160	001000d4	00454383	lbu	x7,4(x10)	 x10:0x00101a68  x7=0x00000073 PA:0x00101a6c store:0x00000000
          20330	     10161	001000d8	02038c63	beq	x7,x0,100110	  x7:0x00000073  x0:0x00000000
          20334	     10163	001000dc	0077a023	sw	x7,0(x15)	 x15:0x00020000  x7:0x00000073 PA:0x00020000 store:0x00000073 load:0x00000000
          20338	     10165	001000e0	00554583	lbu	x11,5(x10)	 x10:0x00101a68 x11=0x00000074 PA:0x00101a6d store:0x00000054
          20340	     10166	001000e4	02058663	beq	x11,x0,100110	 x11:0x00000074  x0:0x00000000
          20344	     10168	001000e8	00b7a023	sw	x11,0(x15)	 x15:0x00020000 x11:0x00000074 PA:0x00020000 store:0x00000074 load:0x00000000
          20348	     10170	001000ec	00654603	lbu	x12,6(x10)	 x10:0x00101a68 x12=0x00000069 PA:0x00101a6e store:0x00000065
          20350	     10171	001000f0	02060063	beq	x12,x0,100110	 x12:0x00000069  x0:0x00000000
          20354	     10173	001000f4	00c7a023	sw	x12,0(x15)	 x15:0x00020000 x12:0x00000069 PA:0x00020000 store:0x00000069 load:0x00000000
          20358	     10175	001000f8	00754683	lbu	x13,7(x10)	 x10:0x00101a68 x13=0x0000006e PA:0x00101a6f store:0x00000073
          20360	     10176	001000fc	00850513	addi	x10,x10,8	 x10:0x00101a68 x10=0x00101a70
          20362	     10177	00100100	00068863	beq	x13,x0,100110	 x13:0x0000006e  x0:0x00000000
          20366	     10179	00100104	00d7a023	sw	x13,0(x15)	 x15:0x00020000 x13:0x0000006e PA:0x00020000 store:0x0000006e load:0x00000000
          20370	     10181	00100108	00054803	lbu	x16,0(x10)	 x10:0x00101a70 x16=0x00000067 PA:0x00101a70 store:0x00000000
          20374	     10183	0010010c	fa0810e3	bne	x16,x0,1000ac	 x16:0x00000067  x0:0x00000000
          20380	     10186	001000ac	0107a023	sw	x16,0(x15)	 x15:0x00020000 x16:0x00000067 PA:0x00020000 store:0x00000067 load:0x00000000
          20384	     10188	001000b0	00154703	lbu	x14,1(x10)	 x10:0x00101a70 x14=0x00000020 PA:0x00101a71 store:0x001015d4
          20386	     10189	001000b4	04070e63	beq	x14,x0,100110	 x14:0x00000020  x0:0x00000000
          20390	     10191	001000b8	00e7a023	sw	x14,0(x15)	 x15:0x00020000 x14:0x00000020 PA:0x00020000 store:0x00000020 load:0x00000000
          20394	     10193	001000bc	00254283	lbu	x5,2(x10)	 x10:0x00101a70  x5=0x0000004d PA:0x00101a72 store:0x00137fa0
          20396	     10194	001000c0	04028863	beq	x5,x0,100110	  x5:0x0000004d  x0:0x00000000
          20400	     10196	001000c4	0057a023	sw	x5,0(x15)	 x15:0x00020000  x5:0x0000004d PA:0x00020000 store:0x0000004d load:0x00000000
          20404	     10198	001000c8	00354303	lbu	x6,3(x10)	 x10:0x00101a70  x6=0x00000049 PA:0x00101a73 store:0x00000000
          20406	     10199	001000cc	04030263	beq	x6,x0,100110	  x6:0x00000049  x0:0x00000000
          20410	     10201	001000d0	0067a023	sw	x6,0(x15)	 x15:0x00020000  x6:0x00000049 PA:0x00020000 store:0x00000049 load:0x00000000
          20414	     10203	001000d4	00454383	lbu	x7,4(x10)	 x10:0x00101a70  x7=0x0000004e PA:0x00101a74 store:0x00000000
          20416	     10204	001000d8	02038c63	beq	x7,x0,100110	  x7:0x0000004e  x0:0x00000000
          20420	     10206	001000dc	0077a023	sw	x7,0(x15)	 x15:0x00020000  x7:0x0000004e PA:0x00020000 store:0x0000004e load:0x00000000
          20424	     10208	001000e0	00554583	lbu	x11,5(x10)	 x10:0x00101a70 x11=0x00000020 PA:0x00101a75 store:0x0000004d
          20426	     10209	001000e4	02058663	beq	x11,x0,100110	 x11:0x00000020  x0:0x00000000
          20430	     10211	001000e8	00b7a023	sw	x11,0(x15)	 x15:0x00020000 x11:0x00000020 PA:0x00020000 store:0x00000020 load:0x00000000
          20434	     10213	001000ec	00654603	lbu	x12,6(x10)	 x10:0x00101a70 x12=0x00000069 PA:0x00101a76 store:0x00000049
          20436	     10214	001000f0	02060063	beq	x12,x0,100110	 x12:0x00000069  x0:0x00000000
          20440	     10216	001000f4	00c7a023	sw	x12,0(x15)	 x15:0x00020000 x12:0x00000069 PA:0x00020000 store:0x00000069 load:0x00000000
          20444	     10218	001000f8	00754683	lbu	x13,7(x10)	 x10:0x00101a70 x13=0x0000006e PA:0x00101a77 store:0x0000004e
          20446	     10219	001000fc	00850513	addi	x10,x10,8	 x10:0x00101a70 x10=0x00101a78
          20448	     10220	00100100	00068863	beq	x13,x0,100110	 x13:0x0000006e  x0:0x00000000
          20452	     10222	00100104	00d7a023	sw	x13,0(x15)	 x15:0x00020000 x13:0x0000006e PA:0x00020000 store:0x0000006e load:0x00000000
          20456	     10224	00100108	00054803	lbu	x16,0(x10)	 x10:0x00101a78 x16=0x00000073 PA:0x00101a78 store:0x00000000
          20460	     10226	0010010c	fa0810e3	bne	x16,x0,1000ac	 x16:0x00000073  x0:0x00000000
          20466	     10229	001000ac	0107a023	sw	x16,0(x15)	 x15:0x00020000 x16:0x00000073 PA:0x00020000 store:0x00000073 load:0x00000000
          20470	     10231	001000b0	00154703	lbu	x14,1(x10)	 x10:0x00101a78 x14=0x00000074 PA:0x00101a79 store:0x001015d4
          20472	     10232	001000b4	04070e63	beq	x14,x0,100110	 x14:0x00000074  x0:0x00000000
          20476	     10234	001000b8	00e7a023	sw	x14,0(x15)	 x15:0x00020000 x14:0x00000074 PA:0x00020000 store:0x00000074 load:0x00000000
          20480	     10236	001000bc	00254283	lbu	x5,2(x10)	 x10:0x00101a78  x5=0x00000072 PA:0x00101a7a store:0x00137fa0
          20482	     10237	001000c0	04028863	beq	x5,x0,100110	  x5:0x00000072  x0:0x00000000
          20486	     10239	001000c4	0057a023	sw	x5,0(x15)	 x15:0x00020000  x5:0x00000072 PA:0x00020000 store:0x00000072 load:0x00000000
          20490	     10241	001000c8	00354303	lbu	x6,3(x10)	 x10:0x00101a78  x6=0x00000075 PA:0x00101a7b store:0x00000000
          20492	     10242	001000cc	04030263	beq	x6,x0,100110	  x6:0x00000075  x0:0x00000000
          20496	     10244	001000d0	0067a023	sw	x6,0(x15)	 x15:0x00020000  x6:0x00000075 PA:0x00020000 store:0x00000075 load:0x00000000
          20500	     10246	001000d4	00454383	lbu	x7,4(x10)	 x10:0x00101a78  x7=0x00000063 PA:0x00101a7c store:0x00000000
          20502	     10247	001000d8	02038c63	beq	x7,x0,100110	  x7:0x00000063  x0:0x00000000
          20506	     10249	001000dc	0077a023	sw	x7,0(x15)	 x15:0x00020000  x7:0x00000063 PA:0x00020000 store:0x00000063 load:0x00000000
          20510	     10251	001000e0	00554583	lbu	x11,5(x10)	 x10:0x00101a78 x11=0x00000074 PA:0x00101a7d store:0x00000072
          20512	     10252	001000e4	02058663	beq	x11,x0,100110	 x11:0x00000074  x0:0x00000000
          20516	     10254	001000e8	00b7a023	sw	x11,0(x15)	 x15:0x00020000 x11:0x00000074 PA:0x00020000 store:0x00000074 load:0x00000000
          20520	     10256	001000ec	00654603	lbu	x12,6(x10)	 x10:0x00101a78 x12=0x00000069 PA:0x00101a7e store:0x00000075
          20522	     10257	001000f0	02060063	beq	x12,x0,100110	 x12:0x00000069  x0:0x00000000
          20526	     10259	001000f4	00c7a023	sw	x12,0(x15)	 x15:0x00020000 x12:0x00000069 PA:0x00020000 store:0x00000069 load:0x00000000
          20530	     10261	001000f8	00754683	lbu	x13,7(x10)	 x10:0x00101a78 x13=0x0000006f PA:0x00101a7f store:0x00000063
          20532	     10262	001000fc	00850513	addi	x10,x10,8	 x10:0x00101a78 x10=0x00101a80
          20534	     10263	00100100	00068863	beq	x13,x0,100110	 x13:0x0000006f  x0:0x00000000
          20538	     10265	00100104	00d7a023	sw	x13,0(x15)	 x15:0x00020000 x13:0x0000006f PA:0x00020000 store:0x0000006f load:0x00000000
          20542	     10267	00100108	00054803	lbu	x16,0(x10)	 x10:0x00101a80 x16=0x0000006e PA:0x00101a80 store:0x00000000
          20546	     10269	0010010c	fa0810e3	bne	x16,x0,1000ac	 x16:0x0000006e  x0:0x00000000
          20552	     10272	001000ac	0107a023	sw	x16,0(x15)	 x15:0x00020000 x16:0x0000006e PA:0x00020000 store:0x0000006e load:0x00000000
          20556	     10274	001000b0	00154703	lbu	x14,1(x10)	 x10:0x00101a80 x14=0x00000073 PA:0x00101a81 store:0x001015d4
          20558	     10275	001000b4	04070e63	beq	x14,x0,100110	 x14:0x00000073  x0:0x00000000
          20562	     10277	001000b8	00e7a023	sw	x14,0(x15)	 x15:0x00020000 x14:0x00000073 PA:0x00020000 store:0x00000073 load:0x00000000
          20566	     10279	001000bc	00254283	lbu	x5,2(x10)	 x10:0x00101a80  x5=0x0000003a PA:0x00101a82 store:0x00137fa0
          20568	     10280	001000c0	04028863	beq	x5,x0,100110	  x5:0x0000003a  x0:0x00000000
          20572	     10282	001000c4	0057a023	sw	x5,0(x15)	 x15:0x00020000  x5:0x0000003a PA:0x00020000 store:0x0000003a load:0x00000000
          20576	     10284	001000c8	00354303	lbu	x6,3(x10)	 x10:0x00101a80  x6=0x00000020 PA:0x00101a83 store:0x00000000
          20578	     10285	001000cc	04030263	beq	x6,x0,100110	  x6:0x00000020  x0:0x00000000
          20582	     10287	001000d0	0067a023	sw	x6,0(x15)	 x15:0x00020000  x6:0x00000020 PA:0x00020000 store:0x00000020 load:0x00000000
          20586	     10289	001000d4	00454383	lbu	x7,4(x10)	 x10:0x00101a80  x7=0x00000000 PA:0x00101a84 store:0x00000000
          20590	     10291	001000d8	02038c63	beq	x7,x0,100110	  x7:0x00000000  x0:0x00000000
          20594	     10293	00100110	00000513	addi	x10,x0,0	  x0:0x00000000 x10=0x00000000
          20604	     10298	00100114	00008067	jalr	x0,0(x1)	  x1:0x001015d4  x0=0x00000000
          20606	     10299	001015d4	c12bae27	fsw	f18,-996(x23)	 f23:0x00102000 f18:0x00102000 PA:0x00101c1c store:0x00000000 load:0x00000000
          20608	     10300	001015d8	c09b2c27	fsw	f9,-1000(x22)	 f22:0x00102000  f9:0x00000100 PA:0x00101c18 store:0x80000000 load:0x00000000
          20610	     10301	001015dc	c1cba987	flw	f19,-996(x23)	 f23:0x00102000 f19=0x00000000 PA:0x00101c1c store:0xc06d7f2b
          20612	     10302	001015e0	c18b2a07	flw	f20,-1000(x22)	 f22:0x00102000 f20=0x00000000 PA:0x00101c18 store:0x00000000
          20614	     10303	001015e4	29498ad3	fmin.s	f21,f19,f20	 f19:0x00000080 f20:0x00102000 f21=0x00000000
          20616	     10304	001015e8	bf5aac27	fsw	f21,-1032(x21)	 f21:0x00102000 f21:0x00102000 PA:0x00101bf8 store:0x80000000 load:0x80000000
          20618	     10305	001015ec	bf8aae07	flw	f28,-1032(x21)	 f21:0x00102000 f28=0x00000000 PA:0x00101bf8 store:0x00000000
          20620	     10306	001015f0	a8840513	addi	x10,x8,-1400	  x8:0x00102000 x10=0x00101a88
          20622	     10307	001015f4	e00e06d3	fmv.x.w	x13,f28	 f28:0x00020000 x13=0x80000000
          20624	     10308	001015f8	beda2823	sw	x13,-1040(x20)	 x20:0x00102000 x13:0x80000000 PA:0x00101bf0 store:0x80000000 load:0x80000000
          20626	     10309	001015fc	aa5fe0ef	jal	x1,1000a0	  x1=0x00101600
          20630	     10311	001000a0	00054803	lbu	x16,0(x10)	 x10:0x00101a88 x16=0x0000000a PA:0x00101a88 store:0x00000000
          20632	     10312	001000a4	06080663	beq	x16,x0,100110	 x16:0x0000000a  x0:0x00000000
          20634	     10313	001000a8	000207b7	lui	x15,0x20	 x15=0x00020000
          20638	     10315	001000ac	0107a023	sw	x16,0(x15)	 x15:0x00020000 x16:0x0000000a PA:0x00020000 store:0x0000000a load:0x00000000
          20642	     10317	001000b0	00154703	lbu	x14,1(x10)	 x10:0x00101a88 x14=0x00000020 PA:0x00101a89 store:0x00101600
          20644	     10318	001000b4	04070e63	beq	x14,x0,100110	 x14:0x00000020  x0:0x00000000
          20648	     10320	001000b8	00e7a023	sw	x14,0(x15)	 x15:0x00020000 x14:0x00000020 PA:0x00020000 store:0x00000020 load:0x00000000
          20652	     10322	001000bc	00254283	lbu	x5,2(x10)	 x10:0x00101a88  x5=0x0000004d PA:0x00101a8a store:0x00137fa0
          20654	     10323	001000c0	04028863	beq	x5,x0,100110	  x5:0x0000004d  x0:0x00000000
          20658	     10325	001000c4	0057a023	sw	x5,0(x15)	 x15:0x00020000  x5:0x0000004d PA:0x00020000 store:0x0000004d load:0x00000000
          20662	     10327	001000c8	00354303	lbu	x6,3(x10)	 x10:0x00101a88  x6=0x00000069 PA:0x00101a8b store:0x00000000
          20664	     10328	001000cc	04030263	beq	x6,x0,100110	  x6:0x00000069  x0:0x00000000
          20668	     10330	001000d0	0067a023	sw	x6,0(x15)	 x15:0x00020000  x6:0x00000069 PA:0x00020000 store:0x00000069 load:0x00000000
          20672	     10332	001000d4	00454383	lbu	x7,4(x10)	 x10:0x00101a88  x7=0x0000006e PA:0x00101a8c store:0x00000000
          20674	     10333	001000d8	02038c63	beq	x7,x0,100110	  x7:0x0000006e  x0:0x00000000
          20678	     10335	001000dc	0077a023	sw	x7,0(x15)	 x15:0x00020000  x7:0x0000006e PA:0x00020000 store:0x0000006e load:0x00000000
          20682	     10337	001000e0	00554583	lbu	x11,5(x10)	 x10:0x00101a88 x11=0x00000028 PA:0x00101a8d store:0x0000004d
          20684	     10338	001000e4	02058663	beq	x11,x0,100110	 x11:0x00000028  x0:0x00000000
          20688	     10340	001000e8	00b7a023	sw	x11,0(x15)	 x15:0x00020000 x11:0x00000028 PA:0x00020000 store:0x00000028 load:0x00000000
          20692	     10342	001000ec	00654603	lbu	x12,6(x10)	 x10:0x00101a88 x12=0x00000030 PA:0x00101a8e store:0x00000069
          20694	     10343	001000f0	02060063	beq	x12,x0,100110	 x12:0x00000030  x0:0x00000000
          20698	     10345	001000f4	00c7a023	sw	x12,0(x15)	 x15:0x00020000 x12:0x00000030 PA:0x00020000 store:0x00000030 load:0x00000000
          20702	     10347	001000f8	00754683	lbu	x13,7(x10)	 x10:0x00101a88 x13=0x0000002e PA:0x00101a8f store:0x0000006e
          20704	     10348	001000fc	00850513	addi	x10,x10,8	 x10:0x00101a88 x10=0x00101a90
          20706	     10349	00100100	00068863	beq	x13,x0,100110	 x13:0x0000002e  x0:0x00000000
          20710	     10351	00100104	00d7a023	sw	x13,0(x15)	 x15:0x00020000 x13:0x0000002e PA:0x00020000 store:0x0000002e load:0x00000000
          20714	     10353	00100108	00054803	lbu	x16,0(x10)	 x10:0x00101a90 x16=0x00000030 PA:0x00101a90 store:0x00000000
          20718	     10355	0010010c	fa0810e3	bne	x16,x0,1000ac	 x16:0x00000030  x0:0x00000000
          20724	     10358	001000ac	0107a023	sw	x16,0(x15)	 x15:0x00020000 x16:0x00000030 PA:0x00020000 store:0x00000030 load:0x00000000
          20728	     10360	001000b0	00154703	lbu	x14,1(x10)	 x10:0x00101a90 x14=0x0000002c PA:0x00101a91 store:0x00101600
          20730	     10361	001000b4	04070e63	beq	x14,x0,100110	 x14:0x0000002c  x0:0x00000000
          20734	     10363	001000b8	00e7a023	sw	x14,0(x15)	 x15:0x00020000 x14:0x0000002c PA:0x00020000 store:0x0000002c load:0x00000000
          20738	     10365	001000bc	00254283	lbu	x5,2(x10)	 x10:0x00101a90  x5=0x00000020 PA:0x00101a92 store:0x00137fa0
          20740	     10366	001000c0	04028863	beq	x5,x0,100110	  x5:0x00000020  x0:0x00000000
          20744	     10368	001000c4	0057a023	sw	x5,0(x15)	 x15:0x00020000  x5:0x00000020 PA:0x00020000 store:0x00000020 load:0x00000000
          20748	     10370	001000c8	00354303	lbu	x6,3(x10)	 x10:0x00101a90  x6=0x0000002d PA:0x00101a93 store:0x00000000
          20750	     10371	001000cc	04030263	beq	x6,x0,100110	  x6:0x0000002d  x0:0x00000000
          20754	     10373	001000d0	0067a023	sw	x6,0(x15)	 x15:0x00020000  x6:0x0000002d PA:0x00020000 store:0x0000002d load:0x00000000
          20758	     10375	001000d4	00454383	lbu	x7,4(x10)	 x10:0x00101a90  x7=0x00000030 PA:0x00101a94 store:0x00000000
          20760	     10376	001000d8	02038c63	beq	x7,x0,100110	  x7:0x00000030  x0:0x00000000
          20764	     10378	001000dc	0077a023	sw	x7,0(x15)	 x15:0x00020000  x7:0x00000030 PA:0x00020000 store:0x00000030 load:0x00000000
          20768	     10380	001000e0	00554583	lbu	x11,5(x10)	 x10:0x00101a90 x11=0x0000002e PA:0x00101a95 store:0x00000020
          20770	     10381	001000e4	02058663	beq	x11,x0,100110	 x11:0x0000002e  x0:0x00000000
          20774	     10383	001000e8	00b7a023	sw	x11,0(x15)	 x15:0x00020000 x11:0x0000002e PA:0x00020000 store:0x0000002e load:0x00000000
          20778	     10385	001000ec	00654603	lbu	x12,6(x10)	 x10:0x00101a90 x12=0x00000030 PA:0x00101a96 store:0x0000002d
          20780	     10386	001000f0	02060063	beq	x12,x0,100110	 x12:0x00000030  x0:0x00000000
          20784	     10388	001000f4	00c7a023	sw	x12,0(x15)	 x15:0x00020000 x12:0x00000030 PA:0x00020000 store:0x00000030 load:0x00000000
          20788	     10390	001000f8	00754683	lbu	x13,7(x10)	 x10:0x00101a90 x13=0x00000029 PA:0x00101a97 store:0x00000030
          20790	     10391	001000fc	00850513	addi	x10,x10,8	 x10:0x00101a90 x10=0x00101a98
          20792	     10392	00100100	00068863	beq	x13,x0,100110	 x13:0x00000029  x0:0x00000000
          20796	     10394	00100104	00d7a023	sw	x13,0(x15)	 x15:0x00020000 x13:0x00000029 PA:0x00020000 store:0x00000029 load:0x00000000
          20800	     10396	00100108	00054803	lbu	x16,0(x10)	 x10:0x00101a98 x16=0x0000002c PA:0x00101a98 store:0x00000000
          20804	     10398	0010010c	fa0810e3	bne	x16,x0,1000ac	 x16:0x0000002c  x0:0x00000000
          20810	     10401	001000ac	0107a023	sw	x16,0(x15)	 x15:0x00020000 x16:0x0000002c PA:0x00020000 store:0x0000002c load:0x00000000
          20814	     10403	001000b0	00154703	lbu	x14,1(x10)	 x10:0x00101a98 x14=0x00000020 PA:0x00101a99 store:0x00101600
          20816	     10404	001000b4	04070e63	beq	x14,x0,100110	 x14:0x00000020  x0:0x00000000
          20820	     10406	001000b8	00e7a023	sw	x14,0(x15)	 x15:0x00020000 x14:0x00000020 PA:0x00020000 store:0x00000020 load:0x00000000
          20824	     10408	001000bc	00254283	lbu	x5,2(x10)	 x10:0x00101a98  x5=0x00000065 PA:0x00101a9a store:0x00137fa0
          20826	     10409	001000c0	04028863	beq	x5,x0,100110	  x5:0x00000065  x0:0x00000000
          20830	     10411	001000c4	0057a023	sw	x5,0(x15)	 x15:0x00020000  x5:0x00000065 PA:0x00020000 store:0x00000065 load:0x00000000
          20834	     10413	001000c8	00354303	lbu	x6,3(x10)	 x10:0x00101a98  x6=0x00000078 PA:0x00101a9b store:0x00000000
          20836	     10414	001000cc	04030263	beq	x6,x0,100110	  x6:0x00000078  x0:0x00000000
          20840	     10416	001000d0	0067a023	sw	x6,0(x15)	 x15:0x00020000  x6:0x00000078 PA:0x00020000 store:0x00000078 load:0x00000000
          20844	     10418	001000d4	00454383	lbu	x7,4(x10)	 x10:0x00101a98  x7=0x00000070 PA:0x00101a9c store:0x00000000
          20846	     10419	001000d8	02038c63	beq	x7,x0,100110	  x7:0x00000070  x0:0x00000000
          20850	     10421	001000dc	0077a023	sw	x7,0(x15)	 x15:0x00020000  x7:0x00000070 PA:0x00020000 store:0x00000070 load:0x00000000
          20854	     10423	001000e0	00554583	lbu	x11,5(x10)	 x10:0x00101a98 x11=0x00000065 PA:0x00101a9d store:0x00000065
          20856	     10424	001000e4	02058663	beq	x11,x0,100110	 x11:0x00000065  x0:0x00000000
          20860	     10426	001000e8	00b7a023	sw	x11,0(x15)	 x15:0x00020000 x11:0x00000065 PA:0x00020000 store:0x00000065 load:0x00000000
          20864	     10428	001000ec	00654603	lbu	x12,6(x10)	 x10:0x00101a98 x12=0x00000063 PA:0x00101a9e store:0x00000078
          20866	     10429	001000f0	02060063	beq	x12,x0,100110	 x12:0x00000063  x0:0x00000000
          20870	     10431	001000f4	00c7a023	sw	x12,0(x15)	 x15:0x00020000 x12:0x00000063 PA:0x00020000 store:0x00000063 load:0x00000000
          20874	     10433	001000f8	00754683	lbu	x13,7(x10)	 x10:0x00101a98 x13=0x00000074 PA:0x00101a9f store:0x00000070
          20876	     10434	001000fc	00850513	addi	x10,x10,8	 x10:0x00101a98 x10=0x00101aa0
          20878	     10435	00100100	00068863	beq	x13,x0,100110	 x13:0x00000074  x0:0x00000000
          20882	     10437	00100104	00d7a023	sw	x13,0(x15)	 x15:0x00020000 x13:0x00000074 PA:0x00020000 store:0x00000074 load:0x00000000
          20886	     10439	00100108	00054803	lbu	x16,0(x10)	 x10:0x00101aa0 x16=0x00000069 PA:0x00101aa0 store:0x00000000
          20890	     10441	0010010c	fa0810e3	bne	x16,x0,1000ac	 x16:0x00000069  x0:0x00000000
          20896	     10444	001000ac	0107a023	sw	x16,0(x15)	 x15:0x00020000 x16:0x00000069 PA:0x00020000 store:0x00000069 load:0x00000000
          20900	     10446	001000b0	00154703	lbu	x14,1(x10)	 x10:0x00101aa0 x14=0x0000006e PA:0x00101aa1 store:0x00101600
          20902	     10447	001000b4	04070e63	beq	x14,x0,100110	 x14:0x0000006e  x0:0x00000000
          20906	     10449	001000b8	00e7a023	sw	x14,0(x15)	 x15:0x00020000 x14:0x0000006e PA:0x00020000 store:0x0000006e load:0x00000000
          20910	     10451	001000bc	00254283	lbu	x5,2(x10)	 x10:0x00101aa0  x5=0x00000067 PA:0x00101aa2 store:0x00137fa0
          20912	     10452	001000c0	04028863	beq	x5,x0,100110	  x5:0x00000067  x0:0x00000000
          20916	     10454	001000c4	0057a023	sw	x5,0(x15)	 x15:0x00020000  x5:0x00000067 PA:0x00020000 store:0x00000067 load:0x00000000
          20920	     10456	001000c8	00354303	lbu	x6,3(x10)	 x10:0x00101aa0  x6=0x0000003a PA:0x00101aa3 store:0x00000000
          20922	     10457	001000cc	04030263	beq	x6,x0,100110	  x6:0x0000003a  x0:0x00000000
          20926	     10459	001000d0	0067a023	sw	x6,0(x15)	 x15:0x00020000  x6:0x0000003a PA:0x00020000 store:0x0000003a load:0x00000000
          20930	     10461	001000d4	00454383	lbu	x7,4(x10)	 x10:0x00101aa0  x7=0x00000020 PA:0x00101aa4 store:0x00000000
          20932	     10462	001000d8	02038c63	beq	x7,x0,100110	  x7:0x00000020  x0:0x00000000
          20936	     10464	001000dc	0077a023	sw	x7,0(x15)	 x15:0x00020000  x7:0x00000020 PA:0x00020000 store:0x00000020 load:0x00000000
          20940	     10466	001000e0	00554583	lbu	x11,5(x10)	 x10:0x00101aa0 x11=0x00000030 PA:0x00101aa5 store:0x00000067
          20942	     10467	001000e4	02058663	beq	x11,x0,100110	 x11:0x00000030  x0:0x00000000
          20946	     10469	001000e8	00b7a023	sw	x11,0(x15)	 x15:0x00020000 x11:0x00000030 PA:0x00020000 store:0x00000030 load:0x00000000
          20950	     10471	001000ec	00654603	lbu	x12,6(x10)	 x10:0x00101aa0 x12=0x00000078 PA:0x00101aa6 store:0x0000003a
          20952	     10472	001000f0	02060063	beq	x12,x0,100110	 x12:0x00000078  x0:0x00000000
          20956	     10474	001000f4	00c7a023	sw	x12,0(x15)	 x15:0x00020000 x12:0x00000078 PA:0x00020000 store:0x00000078 load:0x00000000
          20960	     10476	001000f8	00754683	lbu	x13,7(x10)	 x10:0x00101aa0 x13=0x00000038 PA:0x00101aa7 store:0x00000020
          20962	     10477	001000fc	00850513	addi	x10,x10,8	 x10:0x00101aa0 x10=0x00101aa8
          20964	     10478	00100100	00068863	beq	x13,x0,100110	 x13:0x00000038  x0:0x00000000
          20968	     10480	00100104	00d7a023	sw	x13,0(x15)	 x15:0x00020000 x13:0x00000038 PA:0x00020000 store:0x00000038 load:0x00000000
          20972	     10482	00100108	00054803	lbu	x16,0(x10)	 x10:0x00101aa8 x16=0x00000030 PA:0x00101aa8 store:0x00000000
          20976	     10484	0010010c	fa0810e3	bne	x16,x0,1000ac	 x16:0x00000030  x0:0x00000000
          20982	     10487	001000ac	0107a023	sw	x16,0(x15)	 x15:0x00020000 x16:0x00000030 PA:0x00020000 store:0x00000030 load:0x00000000
          20986	     10489	001000b0	00154703	lbu	x14,1(x10)	 x10:0x00101aa8 x14=0x00000030 PA:0x00101aa9 store:0x00101600
          20988	     10490	001000b4	04070e63	beq	x14,x0,100110	 x14:0x00000030  x0:0x00000000
          20992	     10492	001000b8	00e7a023	sw	x14,0(x15)	 x15:0x00020000 x14:0x00000030 PA:0x00020000 store:0x00000030 load:0x00000000
          20996	     10494	001000bc	00254283	lbu	x5,2(x10)	 x10:0x00101aa8  x5=0x00000030 PA:0x00101aaa store:0x00137fa0
          20998	     10495	001000c0	04028863	beq	x5,x0,100110	  x5:0x00000030  x0:0x00000000
          21002	     10497	001000c4	0057a023	sw	x5,0(x15)	 x15:0x00020000  x5:0x00000030 PA:0x00020000 store:0x00000030 load:0x00000000
          21006	     10499	001000c8	00354303	lbu	x6,3(x10)	 x10:0x00101aa8  x6=0x00000030 PA:0x00101aab store:0x00000000
          21008	     10500	001000cc	04030263	beq	x6,x0,100110	  x6:0x00000030  x0:0x00000000
          21012	     10502	001000d0	0067a023	sw	x6,0(x15)	 x15:0x00020000  x6:0x00000030 PA:0x00020000 store:0x00000030 load:0x00000000
          21016	     10504	001000d4	00454383	lbu	x7,4(x10)	 x10:0x00101aa8  x7=0x00000030 PA:0x00101aac store:0x00000000
          21018	     10505	001000d8	02038c63	beq	x7,x0,100110	  x7:0x00000030  x0:0x00000000
          21022	     10507	001000dc	0077a023	sw	x7,0(x15)	 x15:0x00020000  x7:0x00000030 PA:0x00020000 store:0x00000030 load:0x00000000
          21026	     10509	001000e0	00554583	lbu	x11,5(x10)	 x10:0x00101aa8 x11=0x00000030 PA:0x00101aad store:0x00000030
          21028	     10510	001000e4	02058663	beq	x11,x0,100110	 x11:0x00000030  x0:0x00000000
          21032	     10512	001000e8	00b7a023	sw	x11,0(x15)	 x15:0x00020000 x11:0x00000030 PA:0x00020000 store:0x00000030 load:0x00000000
          21036	     10514	001000ec	00654603	lbu	x12,6(x10)	 x10:0x00101aa8 x12=0x0000003a PA:0x00101aae store:0x00000030
          21038	     10515	001000f0	02060063	beq	x12,x0,100110	 x12:0x0000003a  x0:0x00000000
          21042	     10517	001000f4	00c7a023	sw	x12,0(x15)	 x15:0x00020000 x12:0x0000003a PA:0x00020000 store:0x0000003a load:0x00000000
          21046	     10519	001000f8	00754683	lbu	x13,7(x10)	 x10:0x00101aa8 x13=0x00000020 PA:0x00101aaf store:0x00000030
          21048	     10520	001000fc	00850513	addi	x10,x10,8	 x10:0x00101aa8 x10=0x00101ab0
          21050	     10521	00100100	00068863	beq	x13,x0,100110	 x13:0x00000020  x0:0x00000000
          21054	     10523	00100104	00d7a023	sw	x13,0(x15)	 x15:0x00020000 x13:0x00000020 PA:0x00020000 store:0x00000020 load:0x00000000
          21058	     10525	00100108	00054803	lbu	x16,0(x10)	 x10:0x00101ab0 x16=0x00000000 PA:0x00101ab0 store:0x00000000
          21060	     10526	0010010c	fa0810e3	bne	x16,x0,1000ac	 x16:0x00000000  x0:0x00000000
          21062	     10527	00100110	00000513	addi	x10,x0,0	  x0:0x00000000 x10=0x00000000
          21066	     10529	00100114	00008067	jalr	x0,0(x1)	  x1:0x00101600  x0=0x00000000
          21070	     10531	00101600	bf0a2503	lw	x10,-1040(x20)	 x20:0x00102000 x10=0x80000000 PA:0x00101bf0 store:0x00000000
          21074	     10533	00101604	b1dfe0ef	jal	x1,100120	  x1=0x00101608
          21076	     10534	00100120	01c55793	srli	x15,x10,0x1c	 x10:0x80000000 x15=0x00000008
          21078	     10535	00100124	00900713	addi	x14,x0,9	  x0:0x00000000 x14=0x00000009
          21082	     10537	00100128	0cf77a63	bgeu	x14,x15,1001fc	 x14:0x00000009 x15:0x00000008
          21086	     10539	001001fc	03078393	addi	x7,x15,48	 x15:0x00000008  x7=0x00000038
          21088	     10540	00100200	000205b7	lui	x11,0x20	 x11=0x00020000
          21090	     10541	00100204	00451613	slli	x12,x10,0x4	 x10:0x80000000 x12=0x00000000
          21094	     10543	00100208	0075a023	sw	x7,0(x11)	 x11:0x00020000  x7:0x00000038 PA:0x00020000 store:0x00000038 load:0x00000000
          21096	     10544	0010020c	01c65693	srli	x13,x12,0x1c	 x12:0x00000000 x13=0x00000000
          21098	     10545	00100210	00900813	addi	x16,x0,9	  x0:0x00000000 x16=0x00000009
          21100	     10546	00100214	f2d86ae3	bltu	x16,x13,100148	 x16:0x00000009 x13:0x00000000
          21102	     10547	00100218	03068e93	addi	x29,x13,48	 x13:0x00000000 x29=0x00000030
          21104	     10548	0010021c	00020f37	lui	x30,0x20	 x30=0x00020000
          21106	     10549	00100220	00851f93	slli	x31,x10,0x8	 x10:0x80000000 x31=0x00000000
          21110	     10551	00100224	01df2023	sw	x29,0(x30)	 x30:0x00020000 x29:0x00000030 PA:0x00020000 store:0x00000030 load:0x00000000
          21112	     10552	00100228	01cfd793	srli	x15,x31,0x1c	 x31:0x00000000 x15=0x00000000
          21114	     10553	0010022c	00900713	addi	x14,x0,9	  x0:0x00000000 x14=0x00000009
          21116	     10554	00100230	f2f76ae3	bltu	x14,x15,100164	 x14:0x00000009 x15:0x00000000
          21118	     10555	00100234	03078393	addi	x7,x15,48	 x15:0x00000000  x7=0x00000030
          21120	     10556	00100238	000205b7	lui	x11,0x20	 x11=0x00020000
          21122	     10557	0010023c	00c51613	slli	x12,x10,0xc	 x10:0x80000000 x12=0x00000000
          21126	     10559	00100240	0075a023	sw	x7,0(x11)	 x11:0x00020000  x7:0x00000030 PA:0x00020000 store:0x00000030 load:0x00000000
          21128	     10560	00100244	01c65693	srli	x13,x12,0x1c	 x12:0x00000000 x13=0x00000000
          21130	     10561	00100248	00900813	addi	x16,x0,9	  x0:0x00000000 x16=0x00000009
          21132	     10562	0010024c	f2d86ae3	bltu	x16,x13,100180	 x16:0x00000009 x13:0x00000000
          21134	     10563	00100250	03068e93	addi	x29,x13,48	 x13:0x00000000 x29=0x00000030
          21136	     10564	00100254	00020f37	lui	x30,0x20	 x30=0x00020000
          21138	     10565	00100258	01051f93	slli	x31,x10,0x10	 x10:0x80000000 x31=0x00000000
          21142	     10567	0010025c	01df2023	sw	x29,0(x30)	 x30:0x00020000 x29:0x00000030 PA:0x00020000 store:0x00000030 load:0x00000000
          21144	     10568	00100260	01cfd793	srli	x15,x31,0x1c	 x31:0x00000000 x15=0x00000000
          21146	     10569	00100264	00900713	addi	x14,x0,9	  x0:0x00000000 x14=0x00000009
          21148	     10570	00100268	f2f76ae3	bltu	x14,x15,10019c	 x14:0x00000009 x15:0x00000000
          21150	     10571	0010026c	03078393	addi	x7,x15,48	 x15:0x00000000  x7=0x00000030
          21152	     10572	00100270	000205b7	lui	x11,0x20	 x11=0x00020000
          21154	     10573	00100274	01451613	slli	x12,x10,0x14	 x10:0x80000000 x12=0x00000000
          21158	     10575	00100278	0075a023	sw	x7,0(x11)	 x11:0x00020000  x7:0x00000030 PA:0x00020000 store:0x00000030 load:0x00000000
          21160	     10576	0010027c	01c65693	srli	x13,x12,0x1c	 x12:0x00000000 x13=0x00000000
          21162	     10577	00100280	00900813	addi	x16,x0,9	  x0:0x00000000 x16=0x00000009
          21164	     10578	00100284	f2d86ae3	bltu	x16,x13,1001b8	 x16:0x00000009 x13:0x00000000
          21166	     10579	00100288	03068e93	addi	x29,x13,48	 x13:0x00000000 x29=0x00000030
          21168	     10580	0010028c	00020f37	lui	x30,0x20	 x30=0x00020000
          21170	     10581	00100290	01851f93	slli	x31,x10,0x18	 x10:0x80000000 x31=0x00000000
          21174	     10583	00100294	01df2023	sw	x29,0(x30)	 x30:0x00020000 x29:0x00000030 PA:0x00020000 store:0x00000030 load:0x00000000
          21176	     10584	00100298	01cfd793	srli	x15,x31,0x1c	 x31:0x00000000 x15=0x00000000
          21178	     10585	0010029c	00900713	addi	x14,x0,9	  x0:0x00000000 x14=0x00000009
          21180	     10586	001002a0	f2f76ae3	bltu	x14,x15,1001d4	 x14:0x00000009 x15:0x00000000
          21182	     10587	001002a4	03078393	addi	x7,x15,48	 x15:0x00000000  x7=0x00000030
          21184	     10588	001002a8	000205b7	lui	x11,0x20	 x11=0x00020000
          21188	     10590	001002ac	0075a023	sw	x7,0(x11)	 x11:0x00020000  x7:0x00000030 PA:0x00020000 store:0x00000030 load:0x00000000
          21190	     10591	001002b0	00f57513	andi	x10,x10,15	 x10:0x80000000 x10=0x00000000
          21192	     10592	001002b4	00900613	addi	x12,x0,9	  x0:0x00000000 x12=0x00000009
          21196	     10594	001002b8	f2a67ae3	bgeu	x12,x10,1001ec	 x12:0x00000009 x10:0x00000000
          21200	     10596	001001ec	03050893	addi	x17,x10,48	 x10:0x00000000 x17=0x00000030
          21202	     10597	001001f0	00020e37	lui	x28,0x20	 x28=0x00020000
          21206	     10599	001001f4	011e2023	sw	x17,0(x28)	 x28:0x00020000 x17:0x00000030 PA:0x00020000 store:0x00000030 load:0x00000000
          21216	     10604	001001f8	00008067	jalr	x0,0(x1)	  x1:0x00101608  x0=0x00000000
          21218	     10605	00101608	86c92a87	flw	f21,-1940(x18)	 f18:0x00102000 f21=0x00000000 PA:0x0010186c store:0x7f800000
          21220	     10606	0010160c	c08bae27	fsw	f8,-996(x23)	 f23:0x00102000  f8:0x00102000 PA:0x00101c1c store:0x00000047 load:0x00000007
          21222	     10607	00101610	00102737	lui	x14,0x102	 x14=0x00102000
          21224	     10608	00101614	c15b2c27	fsw	f21,-1000(x22)	 f22:0x00102000 f21:0x00102000 PA:0x00101c18 store:0x00000007 load:0x00000007
          21226	     10609	00101618	c1cbae87	flw	f29,-996(x23)	 f23:0x00102000 f29=0x00000000 PA:0x00101c1c store:0x80000000
          21228	     10610	0010161c	c18b2f07	flw	f30,-1000(x22)	 f22:0x00102000 f30=0x00000000 PA:0x00101c18 store:0x00000000
          21230	     10611	00101620	29ee8fd3	fmin.s	f31,f29,f30	 f29:0x00000030 f30:0x00020000 f31=0x00000000
          21232	     10612	00101624	bffaac27	fsw	f31,-1032(x21)	 f21:0x00102000 f31:0x00000000 PA:0x00101bf8 store:0x00000007 load:0x00000007
          21234	     10613	00101628	bf8aa007	flw	f0,-1032(x21)	 f21:0x00102000  f0=0x00000000 PA:0x00101bf8 store:0x00000000
          21236	     10614	0010162c	ab470513	addi	x10,x14,-1356	 x14:0x00102000 x10=0x00101ab4
          21238	     10615	00101630	e00007d3	fmv.x.w	x15,f0	  f0:0x00000000 x15=0x00000007
          21240	     10616	00101634	befa2823	sw	x15,-1040(x20)	 x20:0x00102000 x15:0x00000007 PA:0x00101bf0 store:0x00000007 load:0x00000007
          21242	     10617	00101638	a69fe0ef	jal	x1,1000a0	  x1=0x0010163c
          21246	     10619	001000a0	00054803	lbu	x16,0(x10)	 x10:0x00101ab4 x16=0x0000000a PA:0x00101ab4 store:0x00000000
          21248	     10620	001000a4	06080663	beq	x16,x0,100110	 x16:0x0000000a  x0:0x00000000
          21250	     10621	001000a8	000207b7	lui	x15,0x20	 x15=0x00020000
          21254	     10623	001000ac	0107a023	sw	x16,0(x15)	 x15:0x00020000 x16:0x0000000a PA:0x00020000 store:0x0000000a load:0x00000000
          21258	     10625	001000b0	00154703	lbu	x14,1(x10)	 x10:0x00101ab4 x14=0x00000020 PA:0x00101ab5 store:0x0010163c
          21260	     10626	001000b4	04070e63	beq	x14,x0,100110	 x14:0x00000020  x0:0x00000000
          21264	     10628	001000b8	00e7a023	sw	x14,0(x15)	 x15:0x00020000 x14:0x00000020 PA:0x00020000 store:0x00000020 load:0x00000000
          21268	     10630	001000bc	00254283	lbu	x5,2(x10)	 x10:0x00101ab4  x5=0x0000004d PA:0x00101ab6 store:0x00137fa0
          21270	     10631	001000c0	04028863	beq	x5,x0,100110	  x5:0x0000004d  x0:0x00000000
          21274	     10633	001000c4	0057a023	sw	x5,0(x15)	 x15:0x00020000  x5:0x0000004d PA:0x00020000 store:0x0000004d load:0x00000000
          21278	     10635	001000c8	00354303	lbu	x6,3(x10)	 x10:0x00101ab4  x6=0x00000069 PA:0x00101ab7 store:0x00000000
          21280	     10636	001000cc	04030263	beq	x6,x0,100110	  x6:0x00000069  x0:0x00000000
          21284	     10638	001000d0	0067a023	sw	x6,0(x15)	 x15:0x00020000  x6:0x00000069 PA:0x00020000 store:0x00000069 load:0x00000000
          21288	     10640	001000d4	00454383	lbu	x7,4(x10)	 x10:0x00101ab4  x7=0x0000006e PA:0x00101ab8 store:0x00000000
          21290	     10641	001000d8	02038c63	beq	x7,x0,100110	  x7:0x0000006e  x0:0x00000000
          21294	     10643	001000dc	0077a023	sw	x7,0(x15)	 x15:0x00020000  x7:0x0000006e PA:0x00020000 store:0x0000006e load:0x00000000
          21298	     10645	001000e0	00554583	lbu	x11,5(x10)	 x10:0x00101ab4 x11=0x00000028 PA:0x00101ab9 store:0x0000004d
          21300	     10646	001000e4	02058663	beq	x11,x0,100110	 x11:0x00000028  x0:0x00000000
          21304	     10648	001000e8	00b7a023	sw	x11,0(x15)	 x15:0x00020000 x11:0x00000028 PA:0x00020000 store:0x00000028 load:0x00000000
          21308	     10650	001000ec	00654603	lbu	x12,6(x10)	 x10:0x00101ab4 x12=0x00000031 PA:0x00101aba store:0x00000069
          21310	     10651	001000f0	02060063	beq	x12,x0,100110	 x12:0x00000031  x0:0x00000000
          21314	     10653	001000f4	00c7a023	sw	x12,0(x15)	 x15:0x00020000 x12:0x00000031 PA:0x00020000 store:0x00000031 load:0x00000000
          21318	     10655	001000f8	00754683	lbu	x13,7(x10)	 x10:0x00101ab4 x13=0x0000002e PA:0x00101abb store:0x0000006e
          21320	     10656	001000fc	00850513	addi	x10,x10,8	 x10:0x00101ab4 x10=0x00101abc
          21322	     10657	00100100	00068863	beq	x13,x0,100110	 x13:0x0000002e  x0:0x00000000
          21326	     10659	00100104	00d7a023	sw	x13,0(x15)	 x15:0x00020000 x13:0x0000002e PA:0x00020000 store:0x0000002e load:0x00000000
          21330	     10661	00100108	00054803	lbu	x16,0(x10)	 x10:0x00101abc x16=0x00000030 PA:0x00101abc store:0x00000000
          21334	     10663	0010010c	fa0810e3	bne	x16,x0,1000ac	 x16:0x00000030  x0:0x00000000
          21340	     10666	001000ac	0107a023	sw	x16,0(x15)	 x15:0x00020000 x16:0x00000030 PA:0x00020000 store:0x00000030 load:0x00000000
          21344	     10668	001000b0	00154703	lbu	x14,1(x10)	 x10:0x00101abc x14=0x00000065 PA:0x00101abd store:0x0010163c
          21346	     10669	001000b4	04070e63	beq	x14,x0,100110	 x14:0x00000065  x0:0x00000000
          21350	     10671	001000b8	00e7a023	sw	x14,0(x15)	 x15:0x00020000 x14:0x00000065 PA:0x00020000 store:0x00000065 load:0x00000000
          21354	     10673	001000bc	00254283	lbu	x5,2(x10)	 x10:0x00101abc  x5=0x0000002d PA:0x00101abe store:0x00137fa0
          21356	     10674	001000c0	04028863	beq	x5,x0,100110	  x5:0x0000002d  x0:0x00000000
          21360	     10676	001000c4	0057a023	sw	x5,0(x15)	 x15:0x00020000  x5:0x0000002d PA:0x00020000 store:0x0000002d load:0x00000000
          21364	     10678	001000c8	00354303	lbu	x6,3(x10)	 x10:0x00101abc  x6=0x00000034 PA:0x00101abf store:0x00000000
          21366	     10679	001000cc	04030263	beq	x6,x0,100110	  x6:0x00000034  x0:0x00000000
          21370	     10681	001000d0	0067a023	sw	x6,0(x15)	 x15:0x00020000  x6:0x00000034 PA:0x00020000 store:0x00000034 load:0x00000000
          21374	     10683	001000d4	00454383	lbu	x7,4(x10)	 x10:0x00101abc  x7=0x00000033 PA:0x00101ac0 store:0x00000000
          21376	     10684	001000d8	02038c63	beq	x7,x0,100110	  x7:0x00000033  x0:0x00000000
          21380	     10686	001000dc	0077a023	sw	x7,0(x15)	 x15:0x00020000  x7:0x00000033 PA:0x00020000 store:0x00000033 load:0x00000000
          21384	     10688	001000e0	00554583	lbu	x11,5(x10)	 x10:0x00101abc x11=0x0000002c PA:0x00101ac1 store:0x0000002d
          21386	     10689	001000e4	02058663	beq	x11,x0,100110	 x11:0x0000002c  x0:0x00000000
          21390	     10691	001000e8	00b7a023	sw	x11,0(x15)	 x15:0x00020000 x11:0x0000002c PA:0x00020000 store:0x0000002c load:0x00000000
          21394	     10693	001000ec	00654603	lbu	x12,6(x10)	 x10:0x00101abc x12=0x00000020 PA:0x00101ac2 store:0x00000034
          21396	     10694	001000f0	02060063	beq	x12,x0,100110	 x12:0x00000020  x0:0x00000000
          21400	     10696	001000f4	00c7a023	sw	x12,0(x15)	 x15:0x00020000 x12:0x00000020 PA:0x00020000 store:0x00000020 load:0x00000000
          21404	     10698	001000f8	00754683	lbu	x13,7(x10)	 x10:0x00101abc x13=0x00000031 PA:0x00101ac3 store:0x00000033
          21406	     10699	001000fc	00850513	addi	x10,x10,8	 x10:0x00101abc x10=0x00101ac4
          21408	     10700	00100100	00068863	beq	x13,x0,100110	 x13:0x00000031  x0:0x00000000
          21412	     10702	00100104	00d7a023	sw	x13,0(x15)	 x15:0x00020000 x13:0x00000031 PA:0x00020000 store:0x00000031 load:0x00000000
          21416	     10704	00100108	00054803	lbu	x16,0(x10)	 x10:0x00101ac4 x16=0x0000002e PA:0x00101ac4 store:0x00000000
          21420	     10706	0010010c	fa0810e3	bne	x16,x0,1000ac	 x16:0x0000002e  x0:0x00000000
          21426	     10709	001000ac	0107a023	sw	x16,0(x15)	 x15:0x00020000 x16:0x0000002e PA:0x00020000 store:0x0000002e load:0x00000000
          21430	     10711	001000b0	00154703	lbu	x14,1(x10)	 x10:0x00101ac4 x14=0x00000030 PA:0x00101ac5 store:0x0010163c
          21432	     10712	001000b4	04070e63	beq	x14,x0,100110	 x14:0x00000030  x0:0x00000000
          21436	     10714	001000b8	00e7a023	sw	x14,0(x15)	 x15:0x00020000 x14:0x00000030 PA:0x00020000 store:0x00000030 load:0x00000000
          21440	     10716	001000bc	00254283	lbu	x5,2(x10)	 x10:0x00101ac4  x5=0x00000065 PA:0x00101ac6 store:0x00137fa0
          21442	     10717	001000c0	04028863	beq	x5,x0,100110	  x5:0x00000065  x0:0x00000000
          21446	     10719	001000c4	0057a023	sw	x5,0(x15)	 x15:0x00020000  x5:0x00000065 PA:0x00020000 store:0x00000065 load:0x00000000
          21450	     10721	001000c8	00354303	lbu	x6,3(x10)	 x10:0x00101ac4  x6=0x0000002d PA:0x00101ac7 store:0x00000000
          21452	     10722	001000cc	04030263	beq	x6,x0,100110	  x6:0x0000002d  x0:0x00000000
          21456	     10724	001000d0	0067a023	sw	x6,0(x15)	 x15:0x00020000  x6:0x0000002d PA:0x00020000 store:0x0000002d load:0x00000000
          21460	     10726	001000d4	00454383	lbu	x7,4(x10)	 x10:0x00101ac4  x7=0x00000034 PA:0x00101ac8 store:0x00000000
          21462	     10727	001000d8	02038c63	beq	x7,x0,100110	  x7:0x00000034  x0:0x00000000
          21466	     10729	001000dc	0077a023	sw	x7,0(x15)	 x15:0x00020000  x7:0x00000034 PA:0x00020000 store:0x00000034 load:0x00000000
          21470	     10731	001000e0	00554583	lbu	x11,5(x10)	 x10:0x00101ac4 x11=0x00000034 PA:0x00101ac9 store:0x00000065
          21472	     10732	001000e4	02058663	beq	x11,x0,100110	 x11:0x00000034  x0:0x00000000
          21476	     10734	001000e8	00b7a023	sw	x11,0(x15)	 x15:0x00020000 x11:0x00000034 PA:0x00020000 store:0x00000034 load:0x00000000
          21480	     10736	001000ec	00654603	lbu	x12,6(x10)	 x10:0x00101ac4 x12=0x00000029 PA:0x00101aca store:0x0000002d
          21482	     10737	001000f0	02060063	beq	x12,x0,100110	 x12:0x00000029  x0:0x00000000
          21486	     10739	001000f4	00c7a023	sw	x12,0(x15)	 x15:0x00020000 x12:0x00000029 PA:0x00020000 store:0x00000029 load:0x00000000
          21490	     10741	001000f8	00754683	lbu	x13,7(x10)	 x10:0x00101ac4 x13=0x0000002c PA:0x00101acb store:0x00000034
          21492	     10742	001000fc	00850513	addi	x10,x10,8	 x10:0x00101ac4 x10=0x00101acc
          21494	     10743	00100100	00068863	beq	x13,x0,100110	 x13:0x0000002c  x0:0x00000000
          21498	     10745	00100104	00d7a023	sw	x13,0(x15)	 x15:0x00020000 x13:0x0000002c PA:0x00020000 store:0x0000002c load:0x00000000
          21502	     10747	00100108	00054803	lbu	x16,0(x10)	 x10:0x00101acc x16=0x00000020 PA:0x00101acc store:0x00000000
          21506	     10749	0010010c	fa0810e3	bne	x16,x0,1000ac	 x16:0x00000020  x0:0x00000000
          21512	     10752	001000ac	0107a023	sw	x16,0(x15)	 x15:0x00020000 x16:0x00000020 PA:0x00020000 store:0x00000020 load:0x00000000
          21516	     10754	001000b0	00154703	lbu	x14,1(x10)	 x10:0x00101acc x14=0x00000065 PA:0x00101acd store:0x0010163c
          21518	     10755	001000b4	04070e63	beq	x14,x0,100110	 x14:0x00000065  x0:0x00000000
          21522	     10757	001000b8	00e7a023	sw	x14,0(x15)	 x15:0x00020000 x14:0x00000065 PA:0x00020000 store:0x00000065 load:0x00000000
          21526	     10759	001000bc	00254283	lbu	x5,2(x10)	 x10:0x00101acc  x5=0x00000078 PA:0x00101ace store:0x00137fa0
          21528	     10760	001000c0	04028863	beq	x5,x0,100110	  x5:0x00000078  x0:0x00000000
          21532	     10762	001000c4	0057a023	sw	x5,0(x15)	 x15:0x00020000  x5:0x00000078 PA:0x00020000 store:0x00000078 load:0x00000000
          21536	     10764	001000c8	00354303	lbu	x6,3(x10)	 x10:0x00101acc  x6=0x00000070 PA:0x00101acf store:0x00000000
          21538	     10765	001000cc	04030263	beq	x6,x0,100110	  x6:0x00000070  x0:0x00000000
          21542	     10767	001000d0	0067a023	sw	x6,0(x15)	 x15:0x00020000  x6:0x00000070 PA:0x00020000 store:0x00000070 load:0x00000000
          21546	     10769	001000d4	00454383	lbu	x7,4(x10)	 x10:0x00101acc  x7=0x00000065 PA:0x00101ad0 store:0x00000000
          21548	     10770	001000d8	02038c63	beq	x7,x0,100110	  x7:0x00000065  x0:0x00000000
          21552	     10772	001000dc	0077a023	sw	x7,0(x15)	 x15:0x00020000  x7:0x00000065 PA:0x00020000 store:0x00000065 load:0x00000000
          21556	     10774	001000e0	00554583	lbu	x11,5(x10)	 x10:0x00101acc x11=0x00000063 PA:0x00101ad1 store:0x00000078
          21558	     10775	001000e4	02058663	beq	x11,x0,100110	 x11:0x00000063  x0:0x00000000
          21562	     10777	001000e8	00b7a023	sw	x11,0(x15)	 x15:0x00020000 x11:0x00000063 PA:0x00020000 store:0x00000063 load:0x00000000
          21566	     10779	001000ec	00654603	lbu	x12,6(x10)	 x10:0x00101acc x12=0x00000074 PA:0x00101ad2 store:0x00000070
          21568	     10780	001000f0	02060063	beq	x12,x0,100110	 x12:0x00000074  x0:0x00000000
          21572	     10782	001000f4	00c7a023	sw	x12,0(x15)	 x15:0x00020000 x12:0x00000074 PA:0x00020000 store:0x00000074 load:0x00000000
          21576	     10784	001000f8	00754683	lbu	x13,7(x10)	 x10:0x00101acc x13=0x00000069 PA:0x00101ad3 store:0x00000065
          21578	     10785	001000fc	00850513	addi	x10,x10,8	 x10:0x00101acc x10=0x00101ad4
          21580	     10786	00100100	00068863	beq	x13,x0,100110	 x13:0x00000069  x0:0x00000000
          21584	     10788	00100104	00d7a023	sw	x13,0(x15)	 x15:0x00020000 x13:0x00000069 PA:0x00020000 store:0x00000069 load:0x00000000
          21588	     10790	00100108	00054803	lbu	x16,0(x10)	 x10:0x00101ad4 x16=0x0000006e PA:0x00101ad4 store:0x00000000
          21592	     10792	0010010c	fa0810e3	bne	x16,x0,1000ac	 x16:0x0000006e  x0:0x00000000
          21598	     10795	001000ac	0107a023	sw	x16,0(x15)	 x15:0x00020000 x16:0x0000006e PA:0x00020000 store:0x0000006e load:0x00000000
          21602	     10797	001000b0	00154703	lbu	x14,1(x10)	 x10:0x00101ad4 x14=0x00000067 PA:0x00101ad5 store:0x0010163c
          21604	     10798	001000b4	04070e63	beq	x14,x0,100110	 x14:0x00000067  x0:0x00000000
          21608	     10800	001000b8	00e7a023	sw	x14,0(x15)	 x15:0x00020000 x14:0x00000067 PA:0x00020000 store:0x00000067 load:0x00000000
          21612	     10802	001000bc	00254283	lbu	x5,2(x10)	 x10:0x00101ad4  x5=0x0000003a PA:0x00101ad6 store:0x00137fa0
          21614	     10803	001000c0	04028863	beq	x5,x0,100110	  x5:0x0000003a  x0:0x00000000
          21618	     10805	001000c4	0057a023	sw	x5,0(x15)	 x15:0x00020000  x5:0x0000003a PA:0x00020000 store:0x0000003a load:0x00000000
          21622	     10807	001000c8	00354303	lbu	x6,3(x10)	 x10:0x00101ad4  x6=0x00000020 PA:0x00101ad7 store:0x00000000
          21624	     10808	001000cc	04030263	beq	x6,x0,100110	  x6:0x00000020  x0:0x00000000
          21628	     10810	001000d0	0067a023	sw	x6,0(x15)	 x15:0x00020000  x6:0x00000020 PA:0x00020000 store:0x00000020 load:0x00000000
          21632	     10812	001000d4	00454383	lbu	x7,4(x10)	 x10:0x00101ad4  x7=0x00000030 PA:0x00101ad8 store:0x00000000
          21634	     10813	001000d8	02038c63	beq	x7,x0,100110	  x7:0x00000030  x0:0x00000000
          21638	     10815	001000dc	0077a023	sw	x7,0(x15)	 x15:0x00020000  x7:0x00000030 PA:0x00020000 store:0x00000030 load:0x00000000
          21642	     10817	001000e0	00554583	lbu	x11,5(x10)	 x10:0x00101ad4 x11=0x00000078 PA:0x00101ad9 store:0x0000003a
          21644	     10818	001000e4	02058663	beq	x11,x0,100110	 x11:0x00000078  x0:0x00000000
          21648	     10820	001000e8	00b7a023	sw	x11,0(x15)	 x15:0x00020000 x11:0x00000078 PA:0x00020000 store:0x00000078 load:0x00000000
          21652	     10822	001000ec	00654603	lbu	x12,6(x10)	 x10:0x00101ad4 x12=0x00000030 PA:0x00101ada store:0x00000020
          21654	     10823	001000f0	02060063	beq	x12,x0,100110	 x12:0x00000030  x0:0x00000000
          21658	     10825	001000f4	00c7a023	sw	x12,0(x15)	 x15:0x00020000 x12:0x00000030 PA:0x00020000 store:0x00000030 load:0x00000000
          21662	     10827	001000f8	00754683	lbu	x13,7(x10)	 x10:0x00101ad4 x13=0x00000030 PA:0x00101adb store:0x00000030
          21664	     10828	001000fc	00850513	addi	x10,x10,8	 x10:0x00101ad4 x10=0x00101adc
          21666	     10829	00100100	00068863	beq	x13,x0,100110	 x13:0x00000030  x0:0x00000000
          21670	     10831	00100104	00d7a023	sw	x13,0(x15)	 x15:0x00020000 x13:0x00000030 PA:0x00020000 store:0x00000030 load:0x00000000
          21674	     10833	00100108	00054803	lbu	x16,0(x10)	 x10:0x00101adc x16=0x00000030 PA:0x00101adc store:0x00000000
          21678	     10835	0010010c	fa0810e3	bne	x16,x0,1000ac	 x16:0x00000030  x0:0x00000000
          21684	     10838	001000ac	0107a023	sw	x16,0(x15)	 x15:0x00020000 x16:0x00000030 PA:0x00020000 store:0x00000030 load:0x00000000
          21688	     10840	001000b0	00154703	lbu	x14,1(x10)	 x10:0x00101adc x14=0x00000030 PA:0x00101add store:0x0010163c
          21690	     10841	001000b4	04070e63	beq	x14,x0,100110	 x14:0x00000030  x0:0x00000000
          21694	     10843	001000b8	00e7a023	sw	x14,0(x15)	 x15:0x00020000 x14:0x00000030 PA:0x00020000 store:0x00000030 load:0x00000000
          21698	     10845	001000bc	00254283	lbu	x5,2(x10)	 x10:0x00101adc  x5=0x00000030 PA:0x00101ade store:0x00137fa0
          21700	     10846	001000c0	04028863	beq	x5,x0,100110	  x5:0x00000030  x0:0x00000000
          21704	     10848	001000c4	0057a023	sw	x5,0(x15)	 x15:0x00020000  x5:0x00000030 PA:0x00020000 store:0x00000030 load:0x00000000
          21708	     10850	001000c8	00354303	lbu	x6,3(x10)	 x10:0x00101adc  x6=0x00000030 PA:0x00101adf store:0x00000000
          21710	     10851	001000cc	04030263	beq	x6,x0,100110	  x6:0x00000030  x0:0x00000000
          21714	     10853	001000d0	0067a023	sw	x6,0(x15)	 x15:0x00020000  x6:0x00000030 PA:0x00020000 store:0x00000030 load:0x00000000
          21718	     10855	001000d4	00454383	lbu	x7,4(x10)	 x10:0x00101adc  x7=0x00000037 PA:0x00101ae0 store:0x00000000
          21720	     10856	001000d8	02038c63	beq	x7,x0,100110	  x7:0x00000037  x0:0x00000000
          21724	     10858	001000dc	0077a023	sw	x7,0(x15)	 x15:0x00020000  x7:0x00000037 PA:0x00020000 store:0x00000037 load:0x00000000
          21728	     10860	001000e0	00554583	lbu	x11,5(x10)	 x10:0x00101adc x11=0x0000003a PA:0x00101ae1 store:0x00000030
          21730	     10861	001000e4	02058663	beq	x11,x0,100110	 x11:0x0000003a  x0:0x00000000
          21734	     10863	001000e8	00b7a023	sw	x11,0(x15)	 x15:0x00020000 x11:0x0000003a PA:0x00020000 store:0x0000003a load:0x00000000
          21738	     10865	001000ec	00654603	lbu	x12,6(x10)	 x10:0x00101adc x12=0x00000020 PA:0x00101ae2 store:0x00000030
          21740	     10866	001000f0	02060063	beq	x12,x0,100110	 x12:0x00000020  x0:0x00000000
          21744	     10868	001000f4	00c7a023	sw	x12,0(x15)	 x15:0x00020000 x12:0x00000020 PA:0x00020000 store:0x00000020 load:0x00000000
          21748	     10870	001000f8	00754683	lbu	x13,7(x10)	 x10:0x00101adc x13=0x00000000 PA:0x00101ae3 store:0x00000037
          21750	     10871	001000fc	00850513	addi	x10,x10,8	 x10:0x00101adc x10=0x00101ae4
          21754	     10873	00100100	00068863	beq	x13,x0,100110	 x13:0x00000000  x0:0x00000000
          21758	     10875	00100110	00000513	addi	x10,x0,0	  x0:0x00000000 x10=0x00000000
          21762	     10877	00100114	00008067	jalr	x0,0(x1)	  x1:0x0010163c  x0=0x00000000
          21766	     10879	0010163c	bf0a2503	lw	x10,-1040(x20)	 x20:0x00102000 x10=0x00000007 PA:0x00101bf0 store:0x00000030
          21770	     10881	00101640	ae1fe0ef	jal	x1,100120	  x1=0x00101644
          21772	     10882	00100120	01c55793	srli	x15,x10,0x1c	 x10:0x00000007 x15=0x00000000
          21774	     10883	00100124	00900713	addi	x14,x0,9	  x0:0x00000000 x14=0x00000009
          21778	     10885	00100128	0cf77a63	bgeu	x14,x15,1001fc	 x14:0x00000009 x15:0x00000000
          21782	     10887	001001fc	03078393	addi	x7,x15,48	 x15:0x00000000  x7=0x00000030
          21784	     10888	00100200	000205b7	lui	x11,0x20	 x11=0x00020000
          21786	     10889	00100204	00451613	slli	x12,x10,0x4	 x10:0x00000007 x12=0x00000070
          21790	     10891	00100208	0075a023	sw	x7,0(x11)	 x11:0x00020000  x7:0x00000030 PA:0x00020000 store:0x00000030 load:0x00000000
          21792	     10892	0010020c	01c65693	srli	x13,x12,0x1c	 x12:0x00000070 x13=0x00000000
          21794	     10893	00100210	00900813	addi	x16,x0,9	  x0:0x00000000 x16=0x00000009
          21796	     10894	00100214	f2d86ae3	bltu	x16,x13,100148	 x16:0x00000009 x13:0x00000000
          21798	     10895	00100218	03068e93	addi	x29,x13,48	 x13:0x00000000 x29=0x00000030
          21800	     10896	0010021c	00020f37	lui	x30,0x20	 x30=0x00020000
          21802	     10897	00100220	00851f93	slli	x31,x10,0x8	 x10:0x00000007 x31=0x00000700
          21806	     10899	00100224	01df2023	sw	x29,0(x30)	 x30:0x00020000 x29:0x00000030 PA:0x00020000 store:0x00000030 load:0x00000000
          21808	     10900	00100228	01cfd793	srli	x15,x31,0x1c	 x31:0x00000700 x15=0x00000000
          21810	     10901	0010022c	00900713	addi	x14,x0,9	  x0:0x00000000 x14=0x00000009
          21812	     10902	00100230	f2f76ae3	bltu	x14,x15,100164	 x14:0x00000009 x15:0x00000000
          21814	     10903	00100234	03078393	addi	x7,x15,48	 x15:0x00000000  x7=0x00000030
          21816	     10904	00100238	000205b7	lui	x11,0x20	 x11=0x00020000
          21818	     10905	0010023c	00c51613	slli	x12,x10,0xc	 x10:0x00000007 x12=0x00007000
          21822	     10907	00100240	0075a023	sw	x7,0(x11)	 x11:0x00020000  x7:0x00000030 PA:0x00020000 store:0x00000030 load:0x00000000
          21824	     10908	00100244	01c65693	srli	x13,x12,0x1c	 x12:0x00007000 x13=0x00000000
          21826	     10909	00100248	00900813	addi	x16,x0,9	  x0:0x00000000 x16=0x00000009
          21828	     10910	0010024c	f2d86ae3	bltu	x16,x13,100180	 x16:0x00000009 x13:0x00000000
          21830	     10911	00100250	03068e93	addi	x29,x13,48	 x13:0x00000000 x29=0x00000030
          21832	     10912	00100254	00020f37	lui	x30,0x20	 x30=0x00020000
          21834	     10913	00100258	01051f93	slli	x31,x10,0x10	 x10:0x00000007 x31=0x00070000
          21838	     10915	0010025c	01df2023	sw	x29,0(x30)	 x30:0x00020000 x29:0x00000030 PA:0x00020000 store:0x00000030 load:0x00000000
          21840	     10916	00100260	01cfd793	srli	x15,x31,0x1c	 x31:0x00070000 x15=0x00000000
          21842	     10917	00100264	00900713	addi	x14,x0,9	  x0:0x00000000 x14=0x00000009
          21844	     10918	00100268	f2f76ae3	bltu	x14,x15,10019c	 x14:0x00000009 x15:0x00000000
          21846	     10919	0010026c	03078393	addi	x7,x15,48	 x15:0x00000000  x7=0x00000030
          21848	     10920	00100270	000205b7	lui	x11,0x20	 x11=0x00020000
          21850	     10921	00100274	01451613	slli	x12,x10,0x14	 x10:0x00000007 x12=0x00700000
          21854	     10923	00100278	0075a023	sw	x7,0(x11)	 x11:0x00020000  x7:0x00000030 PA:0x00020000 store:0x00000030 load:0x00000000
          21856	     10924	0010027c	01c65693	srli	x13,x12,0x1c	 x12:0x00700000 x13=0x00000000
          21858	     10925	00100280	00900813	addi	x16,x0,9	  x0:0x00000000 x16=0x00000009
          21860	     10926	00100284	f2d86ae3	bltu	x16,x13,1001b8	 x16:0x00000009 x13:0x00000000
          21862	     10927	00100288	03068e93	addi	x29,x13,48	 x13:0x00000000 x29=0x00000030
          21864	     10928	0010028c	00020f37	lui	x30,0x20	 x30=0x00020000
          21866	     10929	00100290	01851f93	slli	x31,x10,0x18	 x10:0x00000007 x31=0x07000000
          21870	     10931	00100294	01df2023	sw	x29,0(x30)	 x30:0x00020000 x29:0x00000030 PA:0x00020000 store:0x00000030 load:0x00000000
          21872	     10932	00100298	01cfd793	srli	x15,x31,0x1c	 x31:0x07000000 x15=0x00000000
          21874	     10933	0010029c	00900713	addi	x14,x0,9	  x0:0x00000000 x14=0x00000009
          21876	     10934	001002a0	f2f76ae3	bltu	x14,x15,1001d4	 x14:0x00000009 x15:0x00000000
          21878	     10935	001002a4	03078393	addi	x7,x15,48	 x15:0x00000000  x7=0x00000030
          21880	     10936	001002a8	000205b7	lui	x11,0x20	 x11=0x00020000
          21884	     10938	001002ac	0075a023	sw	x7,0(x11)	 x11:0x00020000  x7:0x00000030 PA:0x00020000 store:0x00000030 load:0x00000000
          21886	     10939	001002b0	00f57513	andi	x10,x10,15	 x10:0x00000007 x10=0x00000007
          21888	     10940	001002b4	00900613	addi	x12,x0,9	  x0:0x00000000 x12=0x00000009
          21892	     10942	001002b8	f2a67ae3	bgeu	x12,x10,1001ec	 x12:0x00000009 x10:0x00000007
          21896	     10944	001001ec	03050893	addi	x17,x10,48	 x10:0x00000007 x17=0x00000037
          21898	     10945	001001f0	00020e37	lui	x28,0x20	 x28=0x00020000
          21902	     10947	001001f4	011e2023	sw	x17,0(x28)	 x28:0x00020000 x17:0x00000037 PA:0x00020000 store:0x00000037 load:0x00000000
          21906	     10949	001001f8	00008067	jalr	x0,0(x1)	  x1:0x00101644  x0=0x00000000
          21914	     10953	00101644	001022b7	lui	x5,0x102	  x5=0x00102000
          21916	     10954	00101648	8702aa07	flw	f20,-1936(x5)	  f5:0x00102000 f20=0x00000000 PA:0x00101870 store:0x7fa00000
          21918	     10955	0010164c	00102337	lui	x6,0x102	  x6=0x00102000
          21920	     10956	00101650	87432987	flw	f19,-1932(x6)	  f6:0x00102000 f19=0x00000000 PA:0x00101874 store:0x7f167699
          21922	     10957	00101654	c14bae27	fsw	f20,-996(x23)	 f23:0x00102000 f20:0x00102000 PA:0x00101c1c store:0x7f167699 load:0x7f1dfc87
          21924	     10958	00101658	001023b7	lui	x7,0x102	  x7=0x00102000
          21926	     10959	0010165c	c13b2c27	fsw	f19,-1000(x22)	 f22:0x00102000 f19:0x00000080 PA:0x00101c18 store:0x7f1dfc87 load:0x7f1dfc87
          21928	     10960	00101660	c1cba087	flw	f1,-996(x23)	 f23:0x00102000  f1=0x00000000 PA:0x00101c1c store:0x80000000
          21930	     10961	00101664	c18b2107	flw	f2,-1000(x22)	 f22:0x00102000  f2=0x00000000 PA:0x00101c18 store:0x00000000
          21932	     10962	00101668	28208753	fmin.s	f14,f1,f2	  f1:0x00101644  f2:0x00137fa0 f14=0x00000000
          21934	     10963	0010166c	beeaac27	fsw	f14,-1032(x21)	 f21:0x00102000 f14:0x00000009 PA:0x00101bf8 store:0x7f167699 load:0x7f1dfc87
          21936	     10964	00101670	bf8aa787	flw	f15,-1032(x21)	 f21:0x00102000 f15=0x00000000 PA:0x00101bf8 store:0x00000000
          21938	     10965	00101674	ae438513	addi	x10,x7,-1308	  x7:0x00102000 x10=0x00101ae4
          21940	     10966	00101678	e00785d3	fmv.x.w	x11,f15	 f15:0x00000000 x11=0x7f167699
          21942	     10967	0010167c	beba2823	sw	x11,-1040(x20)	 x20:0x00102000 x11:0x7f167699 PA:0x00101bf0 store:0x7f167699 load:0x7f167699
          21944	     10968	00101680	a21fe0ef	jal	x1,1000a0	  x1=0x00101684
          21948	     10970	001000a0	00054803	lbu	x16,0(x10)	 x10:0x00101ae4 x16=0x0000000a PA:0x00101ae4 store:0x00000000
          21950	     10971	001000a4	06080663	beq	x16,x0,100110	 x16:0x0000000a  x0:0x00000000
          21952	     10972	001000a8	000207b7	lui	x15,0x20	 x15=0x00020000
          21956	     10974	001000ac	0107a023	sw	x16,0(x15)	 x15:0x00020000 x16:0x0000000a PA:0x00020000 store:0x0000000a load:0x00000000
          21960	     10976	001000b0	00154703	lbu	x14,1(x10)	 x10:0x00101ae4 x14=0x00000020 PA:0x00101ae5 store:0x00101684
          21962	     10977	001000b4	04070e63	beq	x14,x0,100110	 x14:0x00000020  x0:0x00000000
          21966	     10979	001000b8	00e7a023	sw	x14,0(x15)	 x15:0x00020000 x14:0x00000020 PA:0x00020000 store:0x00000020 load:0x00000000
          21970	     10981	001000bc	00254283	lbu	x5,2(x10)	 x10:0x00101ae4  x5=0x0000004d PA:0x00101ae6 store:0x00137fa0
          21972	     10982	001000c0	04028863	beq	x5,x0,100110	  x5:0x0000004d  x0:0x00000000
          21976	     10984	001000c4	0057a023	sw	x5,0(x15)	 x15:0x00020000  x5:0x0000004d PA:0x00020000 store:0x0000004d load:0x00000000
          21980	     10986	001000c8	00354303	lbu	x6,3(x10)	 x10:0x00101ae4  x6=0x00000069 PA:0x00101ae7 store:0x00000000
          21982	     10987	001000cc	04030263	beq	x6,x0,100110	  x6:0x00000069  x0:0x00000000
          21986	     10989	001000d0	0067a023	sw	x6,0(x15)	 x15:0x00020000  x6:0x00000069 PA:0x00020000 store:0x00000069 load:0x00000000
          21990	     10991	001000d4	00454383	lbu	x7,4(x10)	 x10:0x00101ae4  x7=0x0000006e PA:0x00101ae8 store:0x00000000
          21992	     10992	001000d8	02038c63	beq	x7,x0,100110	  x7:0x0000006e  x0:0x00000000
          21996	     10994	001000dc	0077a023	sw	x7,0(x15)	 x15:0x00020000  x7:0x0000006e PA:0x00020000 store:0x0000006e load:0x00000000
          22000	     10996	001000e0	00554583	lbu	x11,5(x10)	 x10:0x00101ae4 x11=0x00000028 PA:0x00101ae9 store:0x0000004d
          22002	     10997	001000e4	02058663	beq	x11,x0,100110	 x11:0x00000028  x0:0x00000000
          22006	     10999	001000e8	00b7a023	sw	x11,0(x15)	 x15:0x00020000 x11:0x00000028 PA:0x00020000 store:0x00000028 load:0x00000000
          22010	     11001	001000ec	00654603	lbu	x12,6(x10)	 x10:0x00101ae4 x12=0x00000032 PA:0x00101aea store:0x00000069
          22012	     11002	001000f0	02060063	beq	x12,x0,100110	 x12:0x00000032  x0:0x00000000
          22016	     11004	001000f4	00c7a023	sw	x12,0(x15)	 x15:0x00020000 x12:0x00000032 PA:0x00020000 store:0x00000032 load:0x00000000
          22020	     11006	001000f8	00754683	lbu	x13,7(x10)	 x10:0x00101ae4 x13=0x0000002e PA:0x00101aeb store:0x0000006e
          22022	     11007	001000fc	00850513	addi	x10,x10,8	 x10:0x00101ae4 x10=0x00101aec
          22024	     11008	00100100	00068863	beq	x13,x0,100110	 x13:0x0000002e  x0:0x00000000
          22028	     11010	00100104	00d7a023	sw	x13,0(x15)	 x15:0x00020000 x13:0x0000002e PA:0x00020000 store:0x0000002e load:0x00000000
          22032	     11012	00100108	00054803	lbu	x16,0(x10)	 x10:0x00101aec x16=0x00000030 PA:0x00101aec store:0x00000000
          22036	     11014	0010010c	fa0810e3	bne	x16,x0,1000ac	 x16:0x00000030  x0:0x00000000
          22042	     11017	001000ac	0107a023	sw	x16,0(x15)	 x15:0x00020000 x16:0x00000030 PA:0x00020000 store:0x00000030 load:0x00000000
          22046	     11019	001000b0	00154703	lbu	x14,1(x10)	 x10:0x00101aec x14=0x00000065 PA:0x00101aed store:0x00101684
          22048	     11020	001000b4	04070e63	beq	x14,x0,100110	 x14:0x00000065  x0:0x00000000
          22052	     11022	001000b8	00e7a023	sw	x14,0(x15)	 x15:0x00020000 x14:0x00000065 PA:0x00020000 store:0x00000065 load:0x00000000
          22056	     11024	001000bc	00254283	lbu	x5,2(x10)	 x10:0x00101aec  x5=0x00000033 PA:0x00101aee store:0x00137fa0
          22058	     11025	001000c0	04028863	beq	x5,x0,100110	  x5:0x00000033  x0:0x00000000
          22062	     11027	001000c4	0057a023	sw	x5,0(x15)	 x15:0x00020000  x5:0x00000033 PA:0x00020000 store:0x00000033 load:0x00000000
          22066	     11029	001000c8	00354303	lbu	x6,3(x10)	 x10:0x00101aec  x6=0x00000038 PA:0x00101aef store:0x00000000
          22068	     11030	001000cc	04030263	beq	x6,x0,100110	  x6:0x00000038  x0:0x00000000
          22072	     11032	001000d0	0067a023	sw	x6,0(x15)	 x15:0x00020000  x6:0x00000038 PA:0x00020000 store:0x00000038 load:0x00000000
          22076	     11034	001000d4	00454383	lbu	x7,4(x10)	 x10:0x00101aec  x7=0x00000066 PA:0x00101af0 store:0x00000000
          22078	     11035	001000d8	02038c63	beq	x7,x0,100110	  x7:0x00000066  x0:0x00000000
          22082	     11037	001000dc	0077a023	sw	x7,0(x15)	 x15:0x00020000  x7:0x00000066 PA:0x00020000 store:0x00000066 load:0x00000000
          22086	     11039	001000e0	00554583	lbu	x11,5(x10)	 x10:0x00101aec x11=0x0000002c PA:0x00101af1 store:0x00000033
          22088	     11040	001000e4	02058663	beq	x11,x0,100110	 x11:0x0000002c  x0:0x00000000
          22092	     11042	001000e8	00b7a023	sw	x11,0(x15)	 x15:0x00020000 x11:0x0000002c PA:0x00020000 store:0x0000002c load:0x00000000
          22096	     11044	001000ec	00654603	lbu	x12,6(x10)	 x10:0x00101aec x12=0x00000020 PA:0x00101af2 store:0x00000038
          22098	     11045	001000f0	02060063	beq	x12,x0,100110	 x12:0x00000020  x0:0x00000000
          22102	     11047	001000f4	00c7a023	sw	x12,0(x15)	 x15:0x00020000 x12:0x00000020 PA:0x00020000 store:0x00000020 load:0x00000000
          22106	     11049	001000f8	00754683	lbu	x13,7(x10)	 x10:0x00101aec x13=0x00000032 PA:0x00101af3 store:0x00000066
          22108	     11050	001000fc	00850513	addi	x10,x10,8	 x10:0x00101aec x10=0x00101af4
          22110	     11051	00100100	00068863	beq	x13,x0,100110	 x13:0x00000032  x0:0x00000000
          22114	     11053	00100104	00d7a023	sw	x13,0(x15)	 x15:0x00020000 x13:0x00000032 PA:0x00020000 store:0x00000032 load:0x00000000
          22118	     11055	00100108	00054803	lbu	x16,0(x10)	 x10:0x00101af4 x16=0x0000002e PA:0x00101af4 store:0x00000000
          22122	     11057	0010010c	fa0810e3	bne	x16,x0,1000ac	 x16:0x0000002e  x0:0x00000000
          22128	     11060	001000ac	0107a023	sw	x16,0(x15)	 x15:0x00020000 x16:0x0000002e PA:0x00020000 store:0x0000002e load:0x00000000
          22132	     11062	001000b0	00154703	lbu	x14,1(x10)	 x10:0x00101af4 x14=0x00000031 PA:0x00101af5 store:0x00101684
          22134	     11063	001000b4	04070e63	beq	x14,x0,100110	 x14:0x00000031  x0:0x00000000
          22138	     11065	001000b8	00e7a023	sw	x14,0(x15)	 x15:0x00020000 x14:0x00000031 PA:0x00020000 store:0x00000031 load:0x00000000
          22142	     11067	001000bc	00254283	lbu	x5,2(x10)	 x10:0x00101af4  x5=0x00000065 PA:0x00101af6 store:0x00137fa0
          22144	     11068	001000c0	04028863	beq	x5,x0,100110	  x5:0x00000065  x0:0x00000000
          22148	     11070	001000c4	0057a023	sw	x5,0(x15)	 x15:0x00020000  x5:0x00000065 PA:0x00020000 store:0x00000065 load:0x00000000
          22152	     11072	001000c8	00354303	lbu	x6,3(x10)	 x10:0x00101af4  x6=0x00000033 PA:0x00101af7 store:0x00000000
          22154	     11073	001000cc	04030263	beq	x6,x0,100110	  x6:0x00000033  x0:0x00000000
          22158	     11075	001000d0	0067a023	sw	x6,0(x15)	 x15:0x00020000  x6:0x00000033 PA:0x00020000 store:0x00000033 load:0x00000000
          22162	     11077	001000d4	00454383	lbu	x7,4(x10)	 x10:0x00101af4  x7=0x00000038 PA:0x00101af8 store:0x00000000
          22164	     11078	001000d8	02038c63	beq	x7,x0,100110	  x7:0x00000038  x0:0x00000000
          22168	     11080	001000dc	0077a023	sw	x7,0(x15)	 x15:0x00020000  x7:0x00000038 PA:0x00020000 store:0x00000038 load:0x00000000
          22172	     11082	001000e0	00554583	lbu	x11,5(x10)	 x10:0x00101af4 x11=0x00000066 PA:0x00101af9 store:0x00000065
          22174	     11083	001000e4	02058663	beq	x11,x0,100110	 x11:0x00000066  x0:0x00000000
          22178	     11085	001000e8	00b7a023	sw	x11,0(x15)	 x15:0x00020000 x11:0x00000066 PA:0x00020000 store:0x00000066 load:0x00000000
          22182	     11087	001000ec	00654603	lbu	x12,6(x10)	 x10:0x00101af4 x12=0x00000029 PA:0x00101afa store:0x00000033
          22184	     11088	001000f0	02060063	beq	x12,x0,100110	 x12:0x00000029  x0:0x00000000
          22188	     11090	001000f4	00c7a023	sw	x12,0(x15)	 x15:0x00020000 x12:0x00000029 PA:0x00020000 store:0x00000029 load:0x00000000
          22192	     11092	001000f8	00754683	lbu	x13,7(x10)	 x10:0x00101af4 x13=0x0000002c PA:0x00101afb store:0x00000038
          22194	     11093	001000fc	00850513	addi	x10,x10,8	 x10:0x00101af4 x10=0x00101afc
          22196	     11094	00100100	00068863	beq	x13,x0,100110	 x13:0x0000002c  x0:0x00000000
          22200	     11096	00100104	00d7a023	sw	x13,0(x15)	 x15:0x00020000 x13:0x0000002c PA:0x00020000 store:0x0000002c load:0x00000000
          22204	     11098	00100108	00054803	lbu	x16,0(x10)	 x10:0x00101afc x16=0x00000020 PA:0x00101afc store:0x00000000
          22208	     11100	0010010c	fa0810e3	bne	x16,x0,1000ac	 x16:0x00000020  x0:0x00000000
          22214	     11103	001000ac	0107a023	sw	x16,0(x15)	 x15:0x00020000 x16:0x00000020 PA:0x00020000 store:0x00000020 load:0x00000000
          22218	     11105	001000b0	00154703	lbu	x14,1(x10)	 x10:0x00101afc x14=0x00000065 PA:0x00101afd store:0x00101684
          22220	     11106	001000b4	04070e63	beq	x14,x0,100110	 x14:0x00000065  x0:0x00000000
          22224	     11108	001000b8	00e7a023	sw	x14,0(x15)	 x15:0x00020000 x14:0x00000065 PA:0x00020000 store:0x00000065 load:0x00000000
          22228	     11110	001000bc	00254283	lbu	x5,2(x10)	 x10:0x00101afc  x5=0x00000078 PA:0x00101afe store:0x00137fa0
          22230	     11111	001000c0	04028863	beq	x5,x0,100110	  x5:0x00000078  x0:0x00000000
          22234	     11113	001000c4	0057a023	sw	x5,0(x15)	 x15:0x00020000  x5:0x00000078 PA:0x00020000 store:0x00000078 load:0x00000000
          22238	     11115	001000c8	00354303	lbu	x6,3(x10)	 x10:0x00101afc  x6=0x00000070 PA:0x00101aff store:0x00000000
          22240	     11116	001000cc	04030263	beq	x6,x0,100110	  x6:0x00000070  x0:0x00000000
          22244	     11118	001000d0	0067a023	sw	x6,0(x15)	 x15:0x00020000  x6:0x00000070 PA:0x00020000 store:0x00000070 load:0x00000000
          22248	     11120	001000d4	00454383	lbu	x7,4(x10)	 x10:0x00101afc  x7=0x00000065 PA:0x00101b00 store:0x00000000
          22250	     11121	001000d8	02038c63	beq	x7,x0,100110	  x7:0x00000065  x0:0x00000000
          22254	     11123	001000dc	0077a023	sw	x7,0(x15)	 x15:0x00020000  x7:0x00000065 PA:0x00020000 store:0x00000065 load:0x00000000
          22258	     11125	001000e0	00554583	lbu	x11,5(x10)	 x10:0x00101afc x11=0x00000063 PA:0x00101b01 store:0x00000078
          22260	     11126	001000e4	02058663	beq	x11,x0,100110	 x11:0x00000063  x0:0x00000000
          22264	     11128	001000e8	00b7a023	sw	x11,0(x15)	 x15:0x00020000 x11:0x00000063 PA:0x00020000 store:0x00000063 load:0x00000000
          22268	     11130	001000ec	00654603	lbu	x12,6(x10)	 x10:0x00101afc x12=0x00000074 PA:0x00101b02 store:0x00000070
          22270	     11131	001000f0	02060063	beq	x12,x0,100110	 x12:0x00000074  x0:0x00000000
          22274	     11133	001000f4	00c7a023	sw	x12,0(x15)	 x15:0x00020000 x12:0x00000074 PA:0x00020000 store:0x00000074 load:0x00000000
          22278	     11135	001000f8	00754683	lbu	x13,7(x10)	 x10:0x00101afc x13=0x00000069 PA:0x00101b03 store:0x00000065
          22280	     11136	001000fc	00850513	addi	x10,x10,8	 x10:0x00101afc x10=0x00101b04
          22282	     11137	00100100	00068863	beq	x13,x0,100110	 x13:0x00000069  x0:0x00000000
          22286	     11139	00100104	00d7a023	sw	x13,0(x15)	 x15:0x00020000 x13:0x00000069 PA:0x00020000 store:0x00000069 load:0x00000000
          22290	     11141	00100108	00054803	lbu	x16,0(x10)	 x10:0x00101b04 x16=0x0000006e PA:0x00101b04 store:0x00000000
          22294	     11143	0010010c	fa0810e3	bne	x16,x0,1000ac	 x16:0x0000006e  x0:0x00000000
          22300	     11146	001000ac	0107a023	sw	x16,0(x15)	 x15:0x00020000 x16:0x0000006e PA:0x00020000 store:0x0000006e load:0x00000000
          22304	     11148	001000b0	00154703	lbu	x14,1(x10)	 x10:0x00101b04 x14=0x00000067 PA:0x00101b05 store:0x00101684
          22306	     11149	001000b4	04070e63	beq	x14,x0,100110	 x14:0x00000067  x0:0x00000000
          22310	     11151	001000b8	00e7a023	sw	x14,0(x15)	 x15:0x00020000 x14:0x00000067 PA:0x00020000 store:0x00000067 load:0x00000000
          22314	     11153	001000bc	00254283	lbu	x5,2(x10)	 x10:0x00101b04  x5=0x0000003a PA:0x00101b06 store:0x00137fa0
          22316	     11154	001000c0	04028863	beq	x5,x0,100110	  x5:0x0000003a  x0:0x00000000
          22320	     11156	001000c4	0057a023	sw	x5,0(x15)	 x15:0x00020000  x5:0x0000003a PA:0x00020000 store:0x0000003a load:0x00000000
          22324	     11158	001000c8	00354303	lbu	x6,3(x10)	 x10:0x00101b04  x6=0x00000020 PA:0x00101b07 store:0x00000000
          22326	     11159	001000cc	04030263	beq	x6,x0,100110	  x6:0x00000020  x0:0x00000000
          22330	     11161	001000d0	0067a023	sw	x6,0(x15)	 x15:0x00020000  x6:0x00000020 PA:0x00020000 store:0x00000020 load:0x00000000
          22334	     11163	001000d4	00454383	lbu	x7,4(x10)	 x10:0x00101b04  x7=0x00000030 PA:0x00101b08 store:0x00000000
          22336	     11164	001000d8	02038c63	beq	x7,x0,100110	  x7:0x00000030  x0:0x00000000
          22340	     11166	001000dc	0077a023	sw	x7,0(x15)	 x15:0x00020000  x7:0x00000030 PA:0x00020000 store:0x00000030 load:0x00000000
          22344	     11168	001000e0	00554583	lbu	x11,5(x10)	 x10:0x00101b04 x11=0x00000078 PA:0x00101b09 store:0x0000003a
          22346	     11169	001000e4	02058663	beq	x11,x0,100110	 x11:0x00000078  x0:0x00000000
          22350	     11171	001000e8	00b7a023	sw	x11,0(x15)	 x15:0x00020000 x11:0x00000078 PA:0x00020000 store:0x00000078 load:0x00000000
          22354	     11173	001000ec	00654603	lbu	x12,6(x10)	 x10:0x00101b04 x12=0x00000037 PA:0x00101b0a store:0x00000020
          22356	     11174	001000f0	02060063	beq	x12,x0,100110	 x12:0x00000037  x0:0x00000000
          22360	     11176	001000f4	00c7a023	sw	x12,0(x15)	 x15:0x00020000 x12:0x00000037 PA:0x00020000 store:0x00000037 load:0x00000000
          22364	     11178	001000f8	00754683	lbu	x13,7(x10)	 x10:0x00101b04 x13=0x00000066 PA:0x00101b0b store:0x00000030
          22366	     11179	001000fc	00850513	addi	x10,x10,8	 x10:0x00101b04 x10=0x00101b0c
          22368	     11180	00100100	00068863	beq	x13,x0,100110	 x13:0x00000066  x0:0x00000000
          22372	     11182	00100104	00d7a023	sw	x13,0(x15)	 x15:0x00020000 x13:0x00000066 PA:0x00020000 store:0x00000066 load:0x00000000
          22376	     11184	00100108	00054803	lbu	x16,0(x10)	 x10:0x00101b0c x16=0x00000031 PA:0x00101b0c store:0x00000000
          22380	     11186	0010010c	fa0810e3	bne	x16,x0,1000ac	 x16:0x00000031  x0:0x00000000
          22386	     11189	001000ac	0107a023	sw	x16,0(x15)	 x15:0x00020000 x16:0x00000031 PA:0x00020000 store:0x00000031 load:0x00000000
          22390	     11191	001000b0	00154703	lbu	x14,1(x10)	 x10:0x00101b0c x14=0x00000036 PA:0x00101b0d store:0x00101684
          22392	     11192	001000b4	04070e63	beq	x14,x0,100110	 x14:0x00000036  x0:0x00000000
          22396	     11194	001000b8	00e7a023	sw	x14,0(x15)	 x15:0x00020000 x14:0x00000036 PA:0x00020000 store:0x00000036 load:0x00000000
          22400	     11196	001000bc	00254283	lbu	x5,2(x10)	 x10:0x00101b0c  x5=0x00000037 PA:0x00101b0e store:0x00137fa0
          22402	     11197	001000c0	04028863	beq	x5,x0,100110	  x5:0x00000037  x0:0x00000000
          22406	     11199	001000c4	0057a023	sw	x5,0(x15)	 x15:0x00020000  x5:0x00000037 PA:0x00020000 store:0x00000037 load:0x00000000
          22410	     11201	001000c8	00354303	lbu	x6,3(x10)	 x10:0x00101b0c  x6=0x00000036 PA:0x00101b0f store:0x00000000
          22412	     11202	001000cc	04030263	beq	x6,x0,100110	  x6:0x00000036  x0:0x00000000
          22416	     11204	001000d0	0067a023	sw	x6,0(x15)	 x15:0x00020000  x6:0x00000036 PA:0x00020000 store:0x00000036 load:0x00000000
          22420	     11206	001000d4	00454383	lbu	x7,4(x10)	 x10:0x00101b0c  x7=0x00000039 PA:0x00101b10 store:0x00000000
          22422	     11207	001000d8	02038c63	beq	x7,x0,100110	  x7:0x00000039  x0:0x00000000
          22426	     11209	001000dc	0077a023	sw	x7,0(x15)	 x15:0x00020000  x7:0x00000039 PA:0x00020000 store:0x00000039 load:0x00000000
          22430	     11211	001000e0	00554583	lbu	x11,5(x10)	 x10:0x00101b0c x11=0x00000039 PA:0x00101b11 store:0x00000037
          22432	     11212	001000e4	02058663	beq	x11,x0,100110	 x11:0x00000039  x0:0x00000000
          22436	     11214	001000e8	00b7a023	sw	x11,0(x15)	 x15:0x00020000 x11:0x00000039 PA:0x00020000 store:0x00000039 load:0x00000000
          22440	     11216	001000ec	00654603	lbu	x12,6(x10)	 x10:0x00101b0c x12=0x0000003a PA:0x00101b12 store:0x00000036
          22442	     11217	001000f0	02060063	beq	x12,x0,100110	 x12:0x0000003a  x0:0x00000000
          22446	     11219	001000f4	00c7a023	sw	x12,0(x15)	 x15:0x00020000 x12:0x0000003a PA:0x00020000 store:0x0000003a load:0x00000000
          22450	     11221	001000f8	00754683	lbu	x13,7(x10)	 x10:0x00101b0c x13=0x00000020 PA:0x00101b13 store:0x00000039
          22452	     11222	001000fc	00850513	addi	x10,x10,8	 x10:0x00101b0c x10=0x00101b14
          22454	     11223	00100100	00068863	beq	x13,x0,100110	 x13:0x00000020  x0:0x00000000
          22458	     11225	00100104	00d7a023	sw	x13,0(x15)	 x15:0x00020000 x13:0x00000020 PA:0x00020000 store:0x00000020 load:0x00000000
          22462	     11227	00100108	00054803	lbu	x16,0(x10)	 x10:0x00101b14 x16=0x00000000 PA:0x00101b14 store:0x00000000
          22464	     11228	0010010c	fa0810e3	bne	x16,x0,1000ac	 x16:0x00000000  x0:0x00000000
          22466	     11229	00100110	00000513	addi	x10,x0,0	  x0:0x00000000 x10=0x00000000
          22470	     11231	00100114	00008067	jalr	x0,0(x1)	  x1:0x00101684  x0=0x00000000
          22474	     11233	00101684	bf0a2503	lw	x10,-1040(x20)	 x20:0x00102000 x10=0x7f167699 PA:0x00101bf0 store:0x00000000
          22478	     11235	00101688	a99fe0ef	jal	x1,100120	  x1=0x0010168c
          22480	     11236	00100120	01c55793	srli	x15,x10,0x1c	 x10:0x7f167699 x15=0x00000007
          22482	     11237	00100124	00900713	addi	x14,x0,9	  x0:0x00000000 x14=0x00000009
          22486	     11239	00100128	0cf77a63	bgeu	x14,x15,1001fc	 x14:0x00000009 x15:0x00000007
          22490	     11241	001001fc	03078393	addi	x7,x15,48	 x15:0x00000007  x7=0x00000037
          22492	     11242	00100200	000205b7	lui	x11,0x20	 x11=0x00020000
          22494	     11243	00100204	00451613	slli	x12,x10,0x4	 x10:0x7f167699 x12=0xf1676990
          22498	     11245	00100208	0075a023	sw	x7,0(x11)	 x11:0x00020000  x7:0x00000037 PA:0x00020000 store:0x00000037 load:0x00000000
          22500	     11246	0010020c	01c65693	srli	x13,x12,0x1c	 x12:0xf1676990 x13=0x0000000f
          22502	     11247	00100210	00900813	addi	x16,x0,9	  x0:0x00000000 x16=0x00000009
          22506	     11249	00100214	f2d86ae3	bltu	x16,x13,100148	 x16:0x00000009 x13:0x0000000f
          22510	     11251	00100148	03768893	addi	x17,x13,55	 x13:0x0000000f x17=0x00000046
          22512	     11252	0010014c	00020e37	lui	x28,0x20	 x28=0x00020000
          22514	     11253	00100150	00851f93	slli	x31,x10,0x8	 x10:0x7f167699 x31=0x16769900
          22518	     11255	00100154	011e2023	sw	x17,0(x28)	 x28:0x00020000 x17:0x00000046 PA:0x00020000 store:0x00000046 load:0x00000000
          22520	     11256	00100158	01cfd793	srli	x15,x31,0x1c	 x31:0x16769900 x15=0x00000001
          22522	     11257	0010015c	00900713	addi	x14,x0,9	  x0:0x00000000 x14=0x00000009
          22526	     11259	00100160	0cf77a63	bgeu	x14,x15,100234	 x14:0x00000009 x15:0x00000001
          22530	     11261	00100234	03078393	addi	x7,x15,48	 x15:0x00000001  x7=0x00000031
          22532	     11262	00100238	000205b7	lui	x11,0x20	 x11=0x00020000
          22534	     11263	0010023c	00c51613	slli	x12,x10,0xc	 x10:0x7f167699 x12=0x67699000
          22538	     11265	00100240	0075a023	sw	x7,0(x11)	 x11:0x00020000  x7:0x00000031 PA:0x00020000 store:0x00000031 load:0x00000000
          22540	     11266	00100244	01c65693	srli	x13,x12,0x1c	 x12:0x67699000 x13=0x00000006
          22542	     11267	00100248	00900813	addi	x16,x0,9	  x0:0x00000000 x16=0x00000009
          22544	     11268	0010024c	f2d86ae3	bltu	x16,x13,100180	 x16:0x00000009 x13:0x00000006
          22546	     11269	00100250	03068e93	addi	x29,x13,48	 x13:0x00000006 x29=0x00000036
          22548	     11270	00100254	00020f37	lui	x30,0x20	 x30=0x00020000
          22550	     11271	00100258	01051f93	slli	x31,x10,0x10	 x10:0x7f167699 x31=0x76990000
          22554	     11273	0010025c	01df2023	sw	x29,0(x30)	 x30:0x00020000 x29:0x00000036 PA:0x00020000 store:0x00000036 load:0x00000000
          22556	     11274	00100260	01cfd793	srli	x15,x31,0x1c	 x31:0x76990000 x15=0x00000007
          22558	     11275	00100264	00900713	addi	x14,x0,9	  x0:0x00000000 x14=0x00000009
          22560	     11276	00100268	f2f76ae3	bltu	x14,x15,10019c	 x14:0x00000009 x15:0x00000007
          22562	     11277	0010026c	03078393	addi	x7,x15,48	 x15:0x00000007  x7=0x00000037
          22564	     11278	00100270	000205b7	lui	x11,0x20	 x11=0x00020000
          22566	     11279	00100274	01451613	slli	x12,x10,0x14	 x10:0x7f167699 x12=0x69900000
          22570	     11281	00100278	0075a023	sw	x7,0(x11)	 x11:0x00020000  x7:0x00000037 PA:0x00020000 store:0x00000037 load:0x00000000
          22572	     11282	0010027c	01c65693	srli	x13,x12,0x1c	 x12:0x69900000 x13=0x00000006
          22574	     11283	00100280	00900813	addi	x16,x0,9	  x0:0x00000000 x16=0x00000009
          22576	     11284	00100284	f2d86ae3	bltu	x16,x13,1001b8	 x16:0x00000009 x13:0x00000006
          22578	     11285	00100288	03068e93	addi	x29,x13,48	 x13:0x00000006 x29=0x00000036
          22580	     11286	0010028c	00020f37	lui	x30,0x20	 x30=0x00020000
          22582	     11287	00100290	01851f93	slli	x31,x10,0x18	 x10:0x7f167699 x31=0x99000000
          22586	     11289	00100294	01df2023	sw	x29,0(x30)	 x30:0x00020000 x29:0x00000036 PA:0x00020000 store:0x00000036 load:0x00000000
          22588	     11290	00100298	01cfd793	srli	x15,x31,0x1c	 x31:0x99000000 x15=0x00000009
          22590	     11291	0010029c	00900713	addi	x14,x0,9	  x0:0x00000000 x14=0x00000009
          22592	     11292	001002a0	f2f76ae3	bltu	x14,x15,1001d4	 x14:0x00000009 x15:0x00000009
          22594	     11293	001002a4	03078393	addi	x7,x15,48	 x15:0x00000009  x7=0x00000039
          22596	     11294	001002a8	000205b7	lui	x11,0x20	 x11=0x00020000
          22600	     11296	001002ac	0075a023	sw	x7,0(x11)	 x11:0x00020000  x7:0x00000039 PA:0x00020000 store:0x00000039 load:0x00000000
          22602	     11297	001002b0	00f57513	andi	x10,x10,15	 x10:0x7f167699 x10=0x00000009
          22604	     11298	001002b4	00900613	addi	x12,x0,9	  x0:0x00000000 x12=0x00000009
          22608	     11300	001002b8	f2a67ae3	bgeu	x12,x10,1001ec	 x12:0x00000009 x10:0x00000009
          22612	     11302	001001ec	03050893	addi	x17,x10,48	 x10:0x00000009 x17=0x00000039
          22614	     11303	001001f0	00020e37	lui	x28,0x20	 x28=0x00020000
          22618	     11305	001001f4	011e2023	sw	x17,0(x28)	 x28:0x00020000 x17:0x00000039 PA:0x00020000 store:0x00000039 load:0x00000000
          22622	     11307	001001f8	00008067	jalr	x0,0(x1)	  x1:0x0010168c  x0=0x00000000
          22624	     11308	0010168c	b18c0513	addi	x10,x24,-1256	 x24:0x00102000 x10=0x00101b18
          22628	     11310	00101690	a11fe0ef	jal	x1,1000a0	  x1=0x00101694
          22632	     11312	001000a0	00054803	lbu	x16,0(x10)	 x10:0x00101b18 x16=0x0000000a PA:0x00101b18 store:0x00000000
          22634	     11313	001000a4	06080663	beq	x16,x0,100110	 x16:0x0000000a  x0:0x00000000
          22636	     11314	001000a8	000207b7	lui	x15,0x20	 x15=0x00020000
          22640	     11316	001000ac	0107a023	sw	x16,0(x15)	 x15:0x00020000 x16:0x0000000a PA:0x00020000 store:0x0000000a load:0x00000000
          22644	     11318	001000b0	00154703	lbu	x14,1(x10)	 x10:0x00101b18 x14=0x0000000a PA:0x00101b19 store:0x00101694
          22646	     11319	001000b4	04070e63	beq	x14,x0,100110	 x14:0x0000000a  x0:0x00000000
          22650	     11321	001000b8	00e7a023	sw	x14,0(x15)	 x15:0x00020000 x14:0x0000000a PA:0x00020000 store:0x0000000a load:0x00000000
          22654	     11323	001000bc	00254283	lbu	x5,2(x10)	 x10:0x00101b18  x5=0x00000054 PA:0x00101b1a store:0x00137fa0
          22656	     11324	001000c0	04028863	beq	x5,x0,100110	  x5:0x00000054  x0:0x00000000
          22660	     11326	001000c4	0057a023	sw	x5,0(x15)	 x15:0x00020000  x5:0x00000054 PA:0x00020000 store:0x00000054 load:0x00000000
          22664	     11328	001000c8	00354303	lbu	x6,3(x10)	 x10:0x00101b18  x6=0x00000065 PA:0x00101b1b store:0x00000000
          22666	     11329	001000cc	04030263	beq	x6,x0,100110	  x6:0x00000065  x0:0x00000000
          22670	     11331	001000d0	0067a023	sw	x6,0(x15)	 x15:0x00020000  x6:0x00000065 PA:0x00020000 store:0x00000065 load:0x00000000
          22674	     11333	001000d4	00454383	lbu	x7,4(x10)	 x10:0x00101b18  x7=0x00000073 PA:0x00101b1c store:0x00000000
          22676	     11334	001000d8	02038c63	beq	x7,x0,100110	  x7:0x00000073  x0:0x00000000
          22680	     11336	001000dc	0077a023	sw	x7,0(x15)	 x15:0x00020000  x7:0x00000073 PA:0x00020000 store:0x00000073 load:0x00000000
          22684	     11338	001000e0	00554583	lbu	x11,5(x10)	 x10:0x00101b18 x11=0x00000074 PA:0x00101b1d store:0x00000054
          22686	     11339	001000e4	02058663	beq	x11,x0,100110	 x11:0x00000074  x0:0x00000000
          22690	     11341	001000e8	00b7a023	sw	x11,0(x15)	 x15:0x00020000 x11:0x00000074 PA:0x00020000 store:0x00000074 load:0x00000000
          22694	     11343	001000ec	00654603	lbu	x12,6(x10)	 x10:0x00101b18 x12=0x00000069 PA:0x00101b1e store:0x00000065
          22696	     11344	001000f0	02060063	beq	x12,x0,100110	 x12:0x00000069  x0:0x00000000
          22700	     11346	001000f4	00c7a023	sw	x12,0(x15)	 x15:0x00020000 x12:0x00000069 PA:0x00020000 store:0x00000069 load:0x00000000
          22704	     11348	001000f8	00754683	lbu	x13,7(x10)	 x10:0x00101b18 x13=0x0000006e PA:0x00101b1f store:0x00000073
          22706	     11349	001000fc	00850513	addi	x10,x10,8	 x10:0x00101b18 x10=0x00101b20
          22708	     11350	00100100	00068863	beq	x13,x0,100110	 x13:0x0000006e  x0:0x00000000
          22712	     11352	00100104	00d7a023	sw	x13,0(x15)	 x15:0x00020000 x13:0x0000006e PA:0x00020000 store:0x0000006e load:0x00000000
          22716	     11354	00100108	00054803	lbu	x16,0(x10)	 x10:0x00101b20 x16=0x00000067 PA:0x00101b20 store:0x00000000
          22720	     11356	0010010c	fa0810e3	bne	x16,x0,1000ac	 x16:0x00000067  x0:0x00000000
          22726	     11359	001000ac	0107a023	sw	x16,0(x15)	 x15:0x00020000 x16:0x00000067 PA:0x00020000 store:0x00000067 load:0x00000000
          22730	     11361	001000b0	00154703	lbu	x14,1(x10)	 x10:0x00101b20 x14=0x00000020 PA:0x00101b21 store:0x00101694
          22732	     11362	001000b4	04070e63	beq	x14,x0,100110	 x14:0x00000020  x0:0x00000000
          22736	     11364	001000b8	00e7a023	sw	x14,0(x15)	 x15:0x00020000 x14:0x00000020 PA:0x00020000 store:0x00000020 load:0x00000000
          22740	     11366	001000bc	00254283	lbu	x5,2(x10)	 x10:0x00101b20  x5=0x0000004d PA:0x00101b22 store:0x00137fa0
          22742	     11367	001000c0	04028863	beq	x5,x0,100110	  x5:0x0000004d  x0:0x00000000
          22746	     11369	001000c4	0057a023	sw	x5,0(x15)	 x15:0x00020000  x5:0x0000004d PA:0x00020000 store:0x0000004d load:0x00000000
          22750	     11371	001000c8	00354303	lbu	x6,3(x10)	 x10:0x00101b20  x6=0x00000041 PA:0x00101b23 store:0x00000000
          22752	     11372	001000cc	04030263	beq	x6,x0,100110	  x6:0x00000041  x0:0x00000000
          22756	     11374	001000d0	0067a023	sw	x6,0(x15)	 x15:0x00020000  x6:0x00000041 PA:0x00020000 store:0x00000041 load:0x00000000
          22760	     11376	001000d4	00454383	lbu	x7,4(x10)	 x10:0x00101b20  x7=0x00000058 PA:0x00101b24 store:0x00000000
          22762	     11377	001000d8	02038c63	beq	x7,x0,100110	  x7:0x00000058  x0:0x00000000
          22766	     11379	001000dc	0077a023	sw	x7,0(x15)	 x15:0x00020000  x7:0x00000058 PA:0x00020000 store:0x00000058 load:0x00000000
          22770	     11381	001000e0	00554583	lbu	x11,5(x10)	 x10:0x00101b20 x11=0x00000020 PA:0x00101b25 store:0x0000004d
          22772	     11382	001000e4	02058663	beq	x11,x0,100110	 x11:0x00000020  x0:0x00000000
          22776	     11384	001000e8	00b7a023	sw	x11,0(x15)	 x15:0x00020000 x11:0x00000020 PA:0x00020000 store:0x00000020 load:0x00000000
          22780	     11386	001000ec	00654603	lbu	x12,6(x10)	 x10:0x00101b20 x12=0x00000069 PA:0x00101b26 store:0x00000041
          22782	     11387	001000f0	02060063	beq	x12,x0,100110	 x12:0x00000069  x0:0x00000000
          22786	     11389	001000f4	00c7a023	sw	x12,0(x15)	 x15:0x00020000 x12:0x00000069 PA:0x00020000 store:0x00000069 load:0x00000000
          22790	     11391	001000f8	00754683	lbu	x13,7(x10)	 x10:0x00101b20 x13=0x0000006e PA:0x00101b27 store:0x00000058
          22792	     11392	001000fc	00850513	addi	x10,x10,8	 x10:0x00101b20 x10=0x00101b28
          22794	     11393	00100100	00068863	beq	x13,x0,100110	 x13:0x0000006e  x0:0x00000000
          22798	     11395	00100104	00d7a023	sw	x13,0(x15)	 x15:0x00020000 x13:0x0000006e PA:0x00020000 store:0x0000006e load:0x00000000
          22802	     11397	00100108	00054803	lbu	x16,0(x10)	 x10:0x00101b28 x16=0x00000073 PA:0x00101b28 store:0x00000000
          22806	     11399	0010010c	fa0810e3	bne	x16,x0,1000ac	 x16:0x00000073  x0:0x00000000
          22812	     11402	001000ac	0107a023	sw	x16,0(x15)	 x15:0x00020000 x16:0x00000073 PA:0x00020000 store:0x00000073 load:0x00000000
          22816	     11404	001000b0	00154703	lbu	x14,1(x10)	 x10:0x00101b28 x14=0x00000074 PA:0x00101b29 store:0x00101694
          22818	     11405	001000b4	04070e63	beq	x14,x0,100110	 x14:0x00000074  x0:0x00000000
          22822	     11407	001000b8	00e7a023	sw	x14,0(x15)	 x15:0x00020000 x14:0x00000074 PA:0x00020000 store:0x00000074 load:0x00000000
          22826	     11409	001000bc	00254283	lbu	x5,2(x10)	 x10:0x00101b28  x5=0x00000072 PA:0x00101b2a store:0x00137fa0
          22828	     11410	001000c0	04028863	beq	x5,x0,100110	  x5:0x00000072  x0:0x00000000
          22832	     11412	001000c4	0057a023	sw	x5,0(x15)	 x15:0x00020000  x5:0x00000072 PA:0x00020000 store:0x00000072 load:0x00000000
          22836	     11414	001000c8	00354303	lbu	x6,3(x10)	 x10:0x00101b28  x6=0x00000075 PA:0x00101b2b store:0x00000000
          22838	     11415	001000cc	04030263	beq	x6,x0,100110	  x6:0x00000075  x0:0x00000000
          22842	     11417	001000d0	0067a023	sw	x6,0(x15)	 x15:0x00020000  x6:0x00000075 PA:0x00020000 store:0x00000075 load:0x00000000
          22846	     11419	001000d4	00454383	lbu	x7,4(x10)	 x10:0x00101b28  x7=0x00000063 PA:0x00101b2c store:0x00000000
          22848	     11420	001000d8	02038c63	beq	x7,x0,100110	  x7:0x00000063  x0:0x00000000
          22852	     11422	001000dc	0077a023	sw	x7,0(x15)	 x15:0x00020000  x7:0x00000063 PA:0x00020000 store:0x00000063 load:0x00000000
          22856	     11424	001000e0	00554583	lbu	x11,5(x10)	 x10:0x00101b28 x11=0x00000074 PA:0x00101b2d store:0x00000072
          22858	     11425	001000e4	02058663	beq	x11,x0,100110	 x11:0x00000074  x0:0x00000000
          22862	     11427	001000e8	00b7a023	sw	x11,0(x15)	 x15:0x00020000 x11:0x00000074 PA:0x00020000 store:0x00000074 load:0x00000000
          22866	     11429	001000ec	00654603	lbu	x12,6(x10)	 x10:0x00101b28 x12=0x00000069 PA:0x00101b2e store:0x00000075
          22868	     11430	001000f0	02060063	beq	x12,x0,100110	 x12:0x00000069  x0:0x00000000
          22872	     11432	001000f4	00c7a023	sw	x12,0(x15)	 x15:0x00020000 x12:0x00000069 PA:0x00020000 store:0x00000069 load:0x00000000
          22876	     11434	001000f8	00754683	lbu	x13,7(x10)	 x10:0x00101b28 x13=0x0000006f PA:0x00101b2f store:0x00000063
          22878	     11435	001000fc	00850513	addi	x10,x10,8	 x10:0x00101b28 x10=0x00101b30
          22880	     11436	00100100	00068863	beq	x13,x0,100110	 x13:0x0000006f  x0:0x00000000
          22884	     11438	00100104	00d7a023	sw	x13,0(x15)	 x15:0x00020000 x13:0x0000006f PA:0x00020000 store:0x0000006f load:0x00000000
          22888	     11440	00100108	00054803	lbu	x16,0(x10)	 x10:0x00101b30 x16=0x0000006e PA:0x00101b30 store:0x00000000
          22892	     11442	0010010c	fa0810e3	bne	x16,x0,1000ac	 x16:0x0000006e  x0:0x00000000
          22898	     11445	001000ac	0107a023	sw	x16,0(x15)	 x15:0x00020000 x16:0x0000006e PA:0x00020000 store:0x0000006e load:0x00000000
          22902	     11447	001000b0	00154703	lbu	x14,1(x10)	 x10:0x00101b30 x14=0x00000073 PA:0x00101b31 store:0x00101694
          22904	     11448	001000b4	04070e63	beq	x14,x0,100110	 x14:0x00000073  x0:0x00000000
          22908	     11450	001000b8	00e7a023	sw	x14,0(x15)	 x15:0x00020000 x14:0x00000073 PA:0x00020000 store:0x00000073 load:0x00000000
          22912	     11452	001000bc	00254283	lbu	x5,2(x10)	 x10:0x00101b30  x5=0x0000003a PA:0x00101b32 store:0x00137fa0
          22914	     11453	001000c0	04028863	beq	x5,x0,100110	  x5:0x0000003a  x0:0x00000000
          22918	     11455	001000c4	0057a023	sw	x5,0(x15)	 x15:0x00020000  x5:0x0000003a PA:0x00020000 store:0x0000003a load:0x00000000
          22922	     11457	001000c8	00354303	lbu	x6,3(x10)	 x10:0x00101b30  x6=0x00000020 PA:0x00101b33 store:0x00000000
          22924	     11458	001000cc	04030263	beq	x6,x0,100110	  x6:0x00000020  x0:0x00000000
          22928	     11460	001000d0	0067a023	sw	x6,0(x15)	 x15:0x00020000  x6:0x00000020 PA:0x00020000 store:0x00000020 load:0x00000000
          22932	     11462	001000d4	00454383	lbu	x7,4(x10)	 x10:0x00101b30  x7=0x00000000 PA:0x00101b34 store:0x00000000
          22936	     11464	001000d8	02038c63	beq	x7,x0,100110	  x7:0x00000000  x0:0x00000000
          22940	     11466	00100110	00000513	addi	x10,x0,0	  x0:0x00000000 x10=0x00000000
          22950	     11471	00100114	00008067	jalr	x0,0(x1)	  x1:0x00101694  x0=0x00000000
          22952	     11472	00101694	c12bae27	fsw	f18,-996(x23)	 f23:0x00102000 f18:0x00102000 PA:0x00101c1c store:0x00000000 load:0x00000000
          22954	     11473	00101698	c09b2c27	fsw	f9,-1000(x22)	 f22:0x00102000  f9:0x00000100 PA:0x00101c18 store:0x80000000 load:0x00000000
          22956	     11474	0010169c	c1cba487	flw	f9,-996(x23)	 f23:0x00102000  f9=0x00000000 PA:0x00101c1c store:0x80000000
          22958	     11475	001016a0	c18b2187	flw	f3,-1000(x22)	 f22:0x00102000  f3=0x00000000 PA:0x00101c18 store:0x00000000
          22960	     11476	001016a4	28349953	fmax.s	f18,f9,f3	  f9:0x00000100  f3:0x00000000 f18=0x00000000
          22962	     11477	001016a8	bf2aac27	fsw	f18,-1032(x21)	 f21:0x00102000 f18:0x00102000 PA:0x00101bf8 store:0x00000000 load:0x80000000
          22964	     11478	001016ac	bf8aa207	flw	f4,-1032(x21)	 f21:0x00102000  f4=0x00000000 PA:0x00101bf8 store:0x00000000
          22968	     11480	001016b0	00102637	lui	x12,0x102	 x12=0x00102000
          22970	     11481	001016b4	b3860513	addi	x10,x12,-1224	 x12:0x00102000 x10=0x00101b38
          22972	     11482	001016b8	e0020853	fmv.x.w	x16,f4	  f4:0x00000000 x16=0x00000000
          22974	     11483	001016bc	bf0a2823	sw	x16,-1040(x20)	 x20:0x00102000 x16:0x00000000 PA:0x00101bf0 store:0x00000000 load:0x00000000
          22976	     11484	001016c0	9e1fe0ef	jal	x1,1000a0	  x1=0x001016c4
          22978	     11485	001000a0	00054803	lbu	x16,0(x10)	 x10:0x00101b38 x16=0x0000000a PA:0x00101b38 store:0x00000000
          22980	     11486	001000a4	06080663	beq	x16,x0,100110	 x16:0x0000000a  x0:0x00000000
          22982	     11487	001000a8	000207b7	lui	x15,0x20	 x15=0x00020000
          22986	     11489	001000ac	0107a023	sw	x16,0(x15)	 x15:0x00020000 x16:0x0000000a PA:0x00020000 store:0x0000000a load:0x00000000
          22990	     11491	001000b0	00154703	lbu	x14,1(x10)	 x10:0x00101b38 x14=0x00000020 PA:0x00101b39 store:0x001016c4
          22992	     11492	001000b4	04070e63	beq	x14,x0,100110	 x14:0x00000020  x0:0x00000000
          22996	     11494	001000b8	00e7a023	sw	x14,0(x15)	 x15:0x00020000 x14:0x00000020 PA:0x00020000 store:0x00000020 load:0x00000000
          23000	     11496	001000bc	00254283	lbu	x5,2(x10)	 x10:0x00101b38  x5=0x0000004d PA:0x00101b3a store:0x00137fa0
          23002	     11497	001000c0	04028863	beq	x5,x0,100110	  x5:0x0000004d  x0:0x00000000
          23006	     11499	001000c4	0057a023	sw	x5,0(x15)	 x15:0x00020000  x5:0x0000004d PA:0x00020000 store:0x0000004d load:0x00000000
          23010	     11501	001000c8	00354303	lbu	x6,3(x10)	 x10:0x00101b38  x6=0x00000041 PA:0x00101b3b store:0x00000000
          23012	     11502	001000cc	04030263	beq	x6,x0,100110	  x6:0x00000041  x0:0x00000000
          23016	     11504	001000d0	0067a023	sw	x6,0(x15)	 x15:0x00020000  x6:0x00000041 PA:0x00020000 store:0x00000041 load:0x00000000
          23020	     11506	001000d4	00454383	lbu	x7,4(x10)	 x10:0x00101b38  x7=0x00000058 PA:0x00101b3c store:0x00000000
          23022	     11507	001000d8	02038c63	beq	x7,x0,100110	  x7:0x00000058  x0:0x00000000
          23026	     11509	001000dc	0077a023	sw	x7,0(x15)	 x15:0x00020000  x7:0x00000058 PA:0x00020000 store:0x00000058 load:0x00000000
          23030	     11511	001000e0	00554583	lbu	x11,5(x10)	 x10:0x00101b38 x11=0x00000028 PA:0x00101b3d store:0x0000004d
          23032	     11512	001000e4	02058663	beq	x11,x0,100110	 x11:0x00000028  x0:0x00000000
          23036	     11514	001000e8	00b7a023	sw	x11,0(x15)	 x15:0x00020000 x11:0x00000028 PA:0x00020000 store:0x00000028 load:0x00000000
          23040	     11516	001000ec	00654603	lbu	x12,6(x10)	 x10:0x00101b38 x12=0x00000030 PA:0x00101b3e store:0x00000041
          23042	     11517	001000f0	02060063	beq	x12,x0,100110	 x12:0x00000030  x0:0x00000000
          23046	     11519	001000f4	00c7a023	sw	x12,0(x15)	 x15:0x00020000 x12:0x00000030 PA:0x00020000 store:0x00000030 load:0x00000000
          23050	     11521	001000f8	00754683	lbu	x13,7(x10)	 x10:0x00101b38 x13=0x0000002e PA:0x00101b3f store:0x00000058
          23052	     11522	001000fc	00850513	addi	x10,x10,8	 x10:0x00101b38 x10=0x00101b40
          23054	     11523	00100100	00068863	beq	x13,x0,100110	 x13:0x0000002e  x0:0x00000000
          23058	     11525	00100104	00d7a023	sw	x13,0(x15)	 x15:0x00020000 x13:0x0000002e PA:0x00020000 store:0x0000002e load:0x00000000
          23062	     11527	00100108	00054803	lbu	x16,0(x10)	 x10:0x00101b40 x16=0x00000030 PA:0x00101b40 store:0x00000000
          23066	     11529	0010010c	fa0810e3	bne	x16,x0,1000ac	 x16:0x00000030  x0:0x00000000
          23072	     11532	001000ac	0107a023	sw	x16,0(x15)	 x15:0x00020000 x16:0x00000030 PA:0x00020000 store:0x00000030 load:0x00000000
          23076	     11534	001000b0	00154703	lbu	x14,1(x10)	 x10:0x00101b40 x14=0x0000002c PA:0x00101b41 store:0x001016c4
          23078	     11535	001000b4	04070e63	beq	x14,x0,100110	 x14:0x0000002c  x0:0x00000000
          23082	     11537	001000b8	00e7a023	sw	x14,0(x15)	 x15:0x00020000 x14:0x0000002c PA:0x00020000 store:0x0000002c load:0x00000000
          23086	     11539	001000bc	00254283	lbu	x5,2(x10)	 x10:0x00101b40  x5=0x00000020 PA:0x00101b42 store:0x00137fa0
          23088	     11540	001000c0	04028863	beq	x5,x0,100110	  x5:0x00000020  x0:0x00000000
          23092	     11542	001000c4	0057a023	sw	x5,0(x15)	 x15:0x00020000  x5:0x00000020 PA:0x00020000 store:0x00000020 load:0x00000000
          23096	     11544	001000c8	00354303	lbu	x6,3(x10)	 x10:0x00101b40  x6=0x0000002d PA:0x00101b43 store:0x00000000
          23098	     11545	001000cc	04030263	beq	x6,x0,100110	  x6:0x0000002d  x0:0x00000000
          23102	     11547	001000d0	0067a023	sw	x6,0(x15)	 x15:0x00020000  x6:0x0000002d PA:0x00020000 store:0x0000002d load:0x00000000
          23106	     11549	001000d4	00454383	lbu	x7,4(x10)	 x10:0x00101b40  x7=0x00000030 PA:0x00101b44 store:0x00000000
          23108	     11550	001000d8	02038c63	beq	x7,x0,100110	  x7:0x00000030  x0:0x00000000
          23112	     11552	001000dc	0077a023	sw	x7,0(x15)	 x15:0x00020000  x7:0x00000030 PA:0x00020000 store:0x00000030 load:0x00000000
          23116	     11554	001000e0	00554583	lbu	x11,5(x10)	 x10:0x00101b40 x11=0x0000002e PA:0x00101b45 store:0x00000020
          23118	     11555	001000e4	02058663	beq	x11,x0,100110	 x11:0x0000002e  x0:0x00000000
          23122	     11557	001000e8	00b7a023	sw	x11,0(x15)	 x15:0x00020000 x11:0x0000002e PA:0x00020000 store:0x0000002e load:0x00000000
          23126	     11559	001000ec	00654603	lbu	x12,6(x10)	 x10:0x00101b40 x12=0x00000030 PA:0x00101b46 store:0x0000002d
          23128	     11560	001000f0	02060063	beq	x12,x0,100110	 x12:0x00000030  x0:0x00000000
          23132	     11562	001000f4	00c7a023	sw	x12,0(x15)	 x15:0x00020000 x12:0x00000030 PA:0x00020000 store:0x00000030 load:0x00000000
          23136	     11564	001000f8	00754683	lbu	x13,7(x10)	 x10:0x00101b40 x13=0x00000029 PA:0x00101b47 store:0x00000030
          23138	     11565	001000fc	00850513	addi	x10,x10,8	 x10:0x00101b40 x10=0x00101b48
          23140	     11566	00100100	00068863	beq	x13,x0,100110	 x13:0x00000029  x0:0x00000000
          23144	     11568	00100104	00d7a023	sw	x13,0(x15)	 x15:0x00020000 x13:0x00000029 PA:0x00020000 store:0x00000029 load:0x00000000
          23148	     11570	00100108	00054803	lbu	x16,0(x10)	 x10:0x00101b48 x16=0x0000002c PA:0x00101b48 store:0x00000000
          23152	     11572	0010010c	fa0810e3	bne	x16,x0,1000ac	 x16:0x0000002c  x0:0x00000000
          23158	     11575	001000ac	0107a023	sw	x16,0(x15)	 x15:0x00020000 x16:0x0000002c PA:0x00020000 store:0x0000002c load:0x00000000
          23162	     11577	001000b0	00154703	lbu	x14,1(x10)	 x10:0x00101b48 x14=0x00000020 PA:0x00101b49 store:0x001016c4
          23164	     11578	001000b4	04070e63	beq	x14,x0,100110	 x14:0x00000020  x0:0x00000000
          23168	     11580	001000b8	00e7a023	sw	x14,0(x15)	 x15:0x00020000 x14:0x00000020 PA:0x00020000 store:0x00000020 load:0x00000000
          23172	     11582	001000bc	00254283	lbu	x5,2(x10)	 x10:0x00101b48  x5=0x00000065 PA:0x00101b4a store:0x00137fa0
          23174	     11583	001000c0	04028863	beq	x5,x0,100110	  x5:0x00000065  x0:0x00000000
          23178	     11585	001000c4	0057a023	sw	x5,0(x15)	 x15:0x00020000  x5:0x00000065 PA:0x00020000 store:0x00000065 load:0x00000000
          23182	     11587	001000c8	00354303	lbu	x6,3(x10)	 x10:0x00101b48  x6=0x00000078 PA:0x00101b4b store:0x00000000
          23184	     11588	001000cc	04030263	beq	x6,x0,100110	  x6:0x00000078  x0:0x00000000
          23188	     11590	001000d0	0067a023	sw	x6,0(x15)	 x15:0x00020000  x6:0x00000078 PA:0x00020000 store:0x00000078 load:0x00000000
          23192	     11592	001000d4	00454383	lbu	x7,4(x10)	 x10:0x00101b48  x7=0x00000070 PA:0x00101b4c store:0x00000000
          23194	     11593	001000d8	02038c63	beq	x7,x0,100110	  x7:0x00000070  x0:0x00000000
          23198	     11595	001000dc	0077a023	sw	x7,0(x15)	 x15:0x00020000  x7:0x00000070 PA:0x00020000 store:0x00000070 load:0x00000000
          23202	     11597	001000e0	00554583	lbu	x11,5(x10)	 x10:0x00101b48 x11=0x00000065 PA:0x00101b4d store:0x00000065
          23204	     11598	001000e4	02058663	beq	x11,x0,100110	 x11:0x00000065  x0:0x00000000
          23208	     11600	001000e8	00b7a023	sw	x11,0(x15)	 x15:0x00020000 x11:0x00000065 PA:0x00020000 store:0x00000065 load:0x00000000
          23212	     11602	001000ec	00654603	lbu	x12,6(x10)	 x10:0x00101b48 x12=0x00000063 PA:0x00101b4e store:0x00000078
          23214	     11603	001000f0	02060063	beq	x12,x0,100110	 x12:0x00000063  x0:0x00000000
          23218	     11605	001000f4	00c7a023	sw	x12,0(x15)	 x15:0x00020000 x12:0x00000063 PA:0x00020000 store:0x00000063 load:0x00000000
          23222	     11607	001000f8	00754683	lbu	x13,7(x10)	 x10:0x00101b48 x13=0x00000074 PA:0x00101b4f store:0x00000070
          23224	     11608	001000fc	00850513	addi	x10,x10,8	 x10:0x00101b48 x10=0x00101b50
          23226	     11609	00100100	00068863	beq	x13,x0,100110	 x13:0x00000074  x0:0x00000000
          23230	     11611	00100104	00d7a023	sw	x13,0(x15)	 x15:0x00020000 x13:0x00000074 PA:0x00020000 store:0x00000074 load:0x00000000
          23234	     11613	00100108	00054803	lbu	x16,0(x10)	 x10:0x00101b50 x16=0x00000069 PA:0x00101b50 store:0x00000000
          23238	     11615	0010010c	fa0810e3	bne	x16,x0,1000ac	 x16:0x00000069  x0:0x00000000
          23244	     11618	001000ac	0107a023	sw	x16,0(x15)	 x15:0x00020000 x16:0x00000069 PA:0x00020000 store:0x00000069 load:0x00000000
          23248	     11620	001000b0	00154703	lbu	x14,1(x10)	 x10:0x00101b50 x14=0x0000006e PA:0x00101b51 store:0x001016c4
          23250	     11621	001000b4	04070e63	beq	x14,x0,100110	 x14:0x0000006e  x0:0x00000000
          23254	     11623	001000b8	00e7a023	sw	x14,0(x15)	 x15:0x00020000 x14:0x0000006e PA:0x00020000 store:0x0000006e load:0x00000000
          23258	     11625	001000bc	00254283	lbu	x5,2(x10)	 x10:0x00101b50  x5=0x00000067 PA:0x00101b52 store:0x00137fa0
          23260	     11626	001000c0	04028863	beq	x5,x0,100110	  x5:0x00000067  x0:0x00000000
          23264	     11628	001000c4	0057a023	sw	x5,0(x15)	 x15:0x00020000  x5:0x00000067 PA:0x00020000 store:0x00000067 load:0x00000000
          23268	     11630	001000c8	00354303	lbu	x6,3(x10)	 x10:0x00101b50  x6=0x0000003a PA:0x00101b53 store:0x00000000
          23270	     11631	001000cc	04030263	beq	x6,x0,100110	  x6:0x0000003a  x0:0x00000000
          23274	     11633	001000d0	0067a023	sw	x6,0(x15)	 x15:0x00020000  x6:0x0000003a PA:0x00020000 store:0x0000003a load:0x00000000
          23278	     11635	001000d4	00454383	lbu	x7,4(x10)	 x10:0x00101b50  x7=0x00000020 PA:0x00101b54 store:0x00000000
          23280	     11636	001000d8	02038c63	beq	x7,x0,100110	  x7:0x00000020  x0:0x00000000
          23284	     11638	001000dc	0077a023	sw	x7,0(x15)	 x15:0x00020000  x7:0x00000020 PA:0x00020000 store:0x00000020 load:0x00000000
          23288	     11640	001000e0	00554583	lbu	x11,5(x10)	 x10:0x00101b50 x11=0x00000030 PA:0x00101b55 store:0x00000067
          23290	     11641	001000e4	02058663	beq	x11,x0,100110	 x11:0x00000030  x0:0x00000000
          23294	     11643	001000e8	00b7a023	sw	x11,0(x15)	 x15:0x00020000 x11:0x00000030 PA:0x00020000 store:0x00000030 load:0x00000000
          23298	     11645	001000ec	00654603	lbu	x12,6(x10)	 x10:0x00101b50 x12=0x00000078 PA:0x00101b56 store:0x0000003a
          23300	     11646	001000f0	02060063	beq	x12,x0,100110	 x12:0x00000078  x0:0x00000000
          23304	     11648	001000f4	00c7a023	sw	x12,0(x15)	 x15:0x00020000 x12:0x00000078 PA:0x00020000 store:0x00000078 load:0x00000000
          23308	     11650	001000f8	00754683	lbu	x13,7(x10)	 x10:0x00101b50 x13=0x00000030 PA:0x00101b57 store:0x00000020
          23310	     11651	001000fc	00850513	addi	x10,x10,8	 x10:0x00101b50 x10=0x00101b58
          23312	     11652	00100100	00068863	beq	x13,x0,100110	 x13:0x00000030  x0:0x00000000
          23316	     11654	00100104	00d7a023	sw	x13,0(x15)	 x15:0x00020000 x13:0x00000030 PA:0x00020000 store:0x00000030 load:0x00000000
          23320	     11656	00100108	00054803	lbu	x16,0(x10)	 x10:0x00101b58 x16=0x0000003a PA:0x00101b58 store:0x00000000
          23324	     11658	0010010c	fa0810e3	bne	x16,x0,1000ac	 x16:0x0000003a  x0:0x00000000
          23330	     11661	001000ac	0107a023	sw	x16,0(x15)	 x15:0x00020000 x16:0x0000003a PA:0x00020000 store:0x0000003a load:0x00000000
          23334	     11663	001000b0	00154703	lbu	x14,1(x10)	 x10:0x00101b58 x14=0x00000020 PA:0x00101b59 store:0x001016c4
          23336	     11664	001000b4	04070e63	beq	x14,x0,100110	 x14:0x00000020  x0:0x00000000
          23340	     11666	001000b8	00e7a023	sw	x14,0(x15)	 x15:0x00020000 x14:0x00000020 PA:0x00020000 store:0x00000020 load:0x00000000
          23344	     11668	001000bc	00254283	lbu	x5,2(x10)	 x10:0x00101b58  x5=0x00000000 PA:0x00101b5a store:0x00137fa0
          23348	     11670	001000c0	04028863	beq	x5,x0,100110	  x5:0x00000000  x0:0x00000000
          23352	     11672	00100110	00000513	addi	x10,x0,0	  x0:0x00000000 x10=0x00000000
          23356	     11674	00100114	00008067	jalr	x0,0(x1)	  x1:0x001016c4  x0=0x00000000
          23360	     11676	001016c4	bf0a2503	lw	x10,-1040(x20)	 x20:0x00102000 x10=0x00000000 PA:0x00101bf0 store:0x0000003a
          23364	     11678	001016c8	a59fe0ef	jal	x1,100120	  x1=0x001016cc
          23366	     11679	00100120	01c55793	srli	x15,x10,0x1c	 x10:0x00000000 x15=0x00000000
          23368	     11680	00100124	00900713	addi	x14,x0,9	  x0:0x00000000 x14=0x00000009
          23372	     11682	00100128	0cf77a63	bgeu	x14,x15,1001fc	 x14:0x00000009 x15:0x00000000
          23376	     11684	001001fc	03078393	addi	x7,x15,48	 x15:0x00000000  x7=0x00000030
          23378	     11685	00100200	000205b7	lui	x11,0x20	 x11=0x00020000
          23380	     11686	00100204	00451613	slli	x12,x10,0x4	 x10:0x00000000 x12=0x00000000
          23384	     11688	00100208	0075a023	sw	x7,0(x11)	 x11:0x00020000  x7:0x00000030 PA:0x00020000 store:0x00000030 load:0x00000000
          23386	     11689	0010020c	01c65693	srli	x13,x12,0x1c	 x12:0x00000000 x13=0x00000000
          23388	     11690	00100210	00900813	addi	x16,x0,9	  x0:0x00000000 x16=0x00000009
          23390	     11691	00100214	f2d86ae3	bltu	x16,x13,100148	 x16:0x00000009 x13:0x00000000
          23392	     11692	00100218	03068e93	addi	x29,x13,48	 x13:0x00000000 x29=0x00000030
          23394	     11693	0010021c	00020f37	lui	x30,0x20	 x30=0x00020000
          23396	     11694	00100220	00851f93	slli	x31,x10,0x8	 x10:0x00000000 x31=0x00000000
          23400	     11696	00100224	01df2023	sw	x29,0(x30)	 x30:0x00020000 x29:0x00000030 PA:0x00020000 store:0x00000030 load:0x00000000
          23402	     11697	00100228	01cfd793	srli	x15,x31,0x1c	 x31:0x00000000 x15=0x00000000
          23404	     11698	0010022c	00900713	addi	x14,x0,9	  x0:0x00000000 x14=0x00000009
          23406	     11699	00100230	f2f76ae3	bltu	x14,x15,100164	 x14:0x00000009 x15:0x00000000
          23408	     11700	00100234	03078393	addi	x7,x15,48	 x15:0x00000000  x7=0x00000030
          23410	     11701	00100238	000205b7	lui	x11,0x20	 x11=0x00020000
          23412	     11702	0010023c	00c51613	slli	x12,x10,0xc	 x10:0x00000000 x12=0x00000000
          23416	     11704	00100240	0075a023	sw	x7,0(x11)	 x11:0x00020000  x7:0x00000030 PA:0x00020000 store:0x00000030 load:0x00000000
          23418	     11705	00100244	01c65693	srli	x13,x12,0x1c	 x12:0x00000000 x13=0x00000000
          23420	     11706	00100248	00900813	addi	x16,x0,9	  x0:0x00000000 x16=0x00000009
          23422	     11707	0010024c	f2d86ae3	bltu	x16,x13,100180	 x16:0x00000009 x13:0x00000000
          23424	     11708	00100250	03068e93	addi	x29,x13,48	 x13:0x00000000 x29=0x00000030
          23426	     11709	00100254	00020f37	lui	x30,0x20	 x30=0x00020000
          23428	     11710	00100258	01051f93	slli	x31,x10,0x10	 x10:0x00000000 x31=0x00000000
          23432	     11712	0010025c	01df2023	sw	x29,0(x30)	 x30:0x00020000 x29:0x00000030 PA:0x00020000 store:0x00000030 load:0x00000000
          23434	     11713	00100260	01cfd793	srli	x15,x31,0x1c	 x31:0x00000000 x15=0x00000000
          23436	     11714	00100264	00900713	addi	x14,x0,9	  x0:0x00000000 x14=0x00000009
          23438	     11715	00100268	f2f76ae3	bltu	x14,x15,10019c	 x14:0x00000009 x15:0x00000000
          23440	     11716	0010026c	03078393	addi	x7,x15,48	 x15:0x00000000  x7=0x00000030
          23442	     11717	00100270	000205b7	lui	x11,0x20	 x11=0x00020000
          23444	     11718	00100274	01451613	slli	x12,x10,0x14	 x10:0x00000000 x12=0x00000000
          23448	     11720	00100278	0075a023	sw	x7,0(x11)	 x11:0x00020000  x7:0x00000030 PA:0x00020000 store:0x00000030 load:0x00000000
          23450	     11721	0010027c	01c65693	srli	x13,x12,0x1c	 x12:0x00000000 x13=0x00000000
          23452	     11722	00100280	00900813	addi	x16,x0,9	  x0:0x00000000 x16=0x00000009
          23454	     11723	00100284	f2d86ae3	bltu	x16,x13,1001b8	 x16:0x00000009 x13:0x00000000
          23456	     11724	00100288	03068e93	addi	x29,x13,48	 x13:0x00000000 x29=0x00000030
          23458	     11725	0010028c	00020f37	lui	x30,0x20	 x30=0x00020000
          23460	     11726	00100290	01851f93	slli	x31,x10,0x18	 x10:0x00000000 x31=0x00000000
          23464	     11728	00100294	01df2023	sw	x29,0(x30)	 x30:0x00020000 x29:0x00000030 PA:0x00020000 store:0x00000030 load:0x00000000
          23466	     11729	00100298	01cfd793	srli	x15,x31,0x1c	 x31:0x00000000 x15=0x00000000
          23468	     11730	0010029c	00900713	addi	x14,x0,9	  x0:0x00000000 x14=0x00000009
          23470	     11731	001002a0	f2f76ae3	bltu	x14,x15,1001d4	 x14:0x00000009 x15:0x00000000
          23472	     11732	001002a4	03078393	addi	x7,x15,48	 x15:0x00000000  x7=0x00000030
          23474	     11733	001002a8	000205b7	lui	x11,0x20	 x11=0x00020000
          23478	     11735	001002ac	0075a023	sw	x7,0(x11)	 x11:0x00020000  x7:0x00000030 PA:0x00020000 store:0x00000030 load:0x00000000
          23480	     11736	001002b0	00f57513	andi	x10,x10,15	 x10:0x00000000 x10=0x00000000
          23482	     11737	001002b4	00900613	addi	x12,x0,9	  x0:0x00000000 x12=0x00000009
          23486	     11739	001002b8	f2a67ae3	bgeu	x12,x10,1001ec	 x12:0x00000009 x10:0x00000000
          23490	     11741	001001ec	03050893	addi	x17,x10,48	 x10:0x00000000 x17=0x00000030
          23492	     11742	001001f0	00020e37	lui	x28,0x20	 x28=0x00020000
          23496	     11744	001001f4	011e2023	sw	x17,0(x28)	 x28:0x00020000 x17:0x00000030 PA:0x00020000 store:0x00000030 load:0x00000000
          23506	     11749	001001f8	00008067	jalr	x0,0(x1)	  x1:0x001016cc  x0=0x00000000
          23508	     11750	001016cc	c08bae27	fsw	f8,-996(x23)	 f23:0x00102000  f8:0x00102000 PA:0x00101c1c store:0x00000047 load:0x00000000
          23510	     11751	001016d0	c15b2c27	fsw	f21,-1000(x22)	 f22:0x00102000 f21:0x00102000 PA:0x00101c18 store:0x00000007 load:0x00000000
          23512	     11752	001016d4	c1cba407	flw	f8,-996(x23)	 f23:0x00102000  f8=0x00000000 PA:0x00101c1c store:0x80000000
          23514	     11753	001016d8	c18b2587	flw	f11,-1000(x22)	 f22:0x00102000 f11=0x00000000 PA:0x00101c18 store:0x00000000
          23516	     11754	001016dc	28b412d3	fmax.s	f5,f8,f11	  f8:0x00102000 f11:0x00020000  f5=0x00000000
          23518	     11755	001016e0	be5aac27	fsw	f5,-1032(x21)	 f21:0x00102000  f5:0x00000000 PA:0x00101bf8 store:0x00000047 load:0x00000007
          23520	     11756	001016e4	bf8aa307	flw	f6,-1032(x21)	 f21:0x00102000  f6=0x00000000 PA:0x00101bf8 store:0x00000000
          23524	     11758	001016e8	001028b7	lui	x17,0x102	 x17=0x00102000
          23526	     11759	001016ec	b5c88513	addi	x10,x17,-1188	 x17:0x00102000 x10=0x00101b5c
          23528	     11760	001016f0	e00309d3	fmv.x.w	x19,f6	  f6:0x0000003a x19=0x00000047
          23530	     11761	001016f4	bf3a2823	sw	x19,-1040(x20)	 x20:0x00102000 x19:0x00000047 PA:0x00101bf0 store:0x00000047 load:0x00000047
          23532	     11762	001016f8	9a9fe0ef	jal	x1,1000a0	  x1=0x001016fc
          23534	     11763	001000a0	00054803	lbu	x16,0(x10)	 x10:0x00101b5c x16=0x0000000a PA:0x00101b5c store:0x00000000
          23536	     11764	001000a4	06080663	beq	x16,x0,100110	 x16:0x0000000a  x0:0x00000000
          23538	     11765	001000a8	000207b7	lui	x15,0x20	 x15=0x00020000
          23542	     11767	001000ac	0107a023	sw	x16,0(x15)	 x15:0x00020000 x16:0x0000000a PA:0x00020000 store:0x0000000a load:0x00000000
          23546	     11769	001000b0	00154703	lbu	x14,1(x10)	 x10:0x00101b5c x14=0x00000020 PA:0x00101b5d store:0x001016fc
          23548	     11770	001000b4	04070e63	beq	x14,x0,100110	 x14:0x00000020  x0:0x00000000
          23552	     11772	001000b8	00e7a023	sw	x14,0(x15)	 x15:0x00020000 x14:0x00000020 PA:0x00020000 store:0x00000020 load:0x00000000
          23556	     11774	001000bc	00254283	lbu	x5,2(x10)	 x10:0x00101b5c  x5=0x0000004d PA:0x00101b5e store:0x00137fa0
          23558	     11775	001000c0	04028863	beq	x5,x0,100110	  x5:0x0000004d  x0:0x00000000
          23562	     11777	001000c4	0057a023	sw	x5,0(x15)	 x15:0x00020000  x5:0x0000004d PA:0x00020000 store:0x0000004d load:0x00000000
          23566	     11779	001000c8	00354303	lbu	x6,3(x10)	 x10:0x00101b5c  x6=0x00000041 PA:0x00101b5f store:0x00000000
          23568	     11780	001000cc	04030263	beq	x6,x0,100110	  x6:0x00000041  x0:0x00000000
          23572	     11782	001000d0	0067a023	sw	x6,0(x15)	 x15:0x00020000  x6:0x00000041 PA:0x00020000 store:0x00000041 load:0x00000000
          23576	     11784	001000d4	00454383	lbu	x7,4(x10)	 x10:0x00101b5c  x7=0x00000058 PA:0x00101b60 store:0x00000000
          23578	     11785	001000d8	02038c63	beq	x7,x0,100110	  x7:0x00000058  x0:0x00000000
          23582	     11787	001000dc	0077a023	sw	x7,0(x15)	 x15:0x00020000  x7:0x00000058 PA:0x00020000 store:0x00000058 load:0x00000000
          23586	     11789	001000e0	00554583	lbu	x11,5(x10)	 x10:0x00101b5c x11=0x00000028 PA:0x00101b61 store:0x0000004d
          23588	     11790	001000e4	02058663	beq	x11,x0,100110	 x11:0x00000028  x0:0x00000000
          23592	     11792	001000e8	00b7a023	sw	x11,0(x15)	 x15:0x00020000 x11:0x00000028 PA:0x00020000 store:0x00000028 load:0x00000000
          23596	     11794	001000ec	00654603	lbu	x12,6(x10)	 x10:0x00101b5c x12=0x00000031 PA:0x00101b62 store:0x00000041
          23598	     11795	001000f0	02060063	beq	x12,x0,100110	 x12:0x00000031  x0:0x00000000
          23602	     11797	001000f4	00c7a023	sw	x12,0(x15)	 x15:0x00020000 x12:0x00000031 PA:0x00020000 store:0x00000031 load:0x00000000
          23606	     11799	001000f8	00754683	lbu	x13,7(x10)	 x10:0x00101b5c x13=0x0000002e PA:0x00101b63 store:0x00000058
          23608	     11800	001000fc	00850513	addi	x10,x10,8	 x10:0x00101b5c x10=0x00101b64
          23610	     11801	00100100	00068863	beq	x13,x0,100110	 x13:0x0000002e  x0:0x00000000
          23614	     11803	00100104	00d7a023	sw	x13,0(x15)	 x15:0x00020000 x13:0x0000002e PA:0x00020000 store:0x0000002e load:0x00000000
          23618	     11805	00100108	00054803	lbu	x16,0(x10)	 x10:0x00101b64 x16=0x00000030 PA:0x00101b64 store:0x00000000
          23622	     11807	0010010c	fa0810e3	bne	x16,x0,1000ac	 x16:0x00000030  x0:0x00000000
          23628	     11810	001000ac	0107a023	sw	x16,0(x15)	 x15:0x00020000 x16:0x00000030 PA:0x00020000 store:0x00000030 load:0x00000000
          23632	     11812	001000b0	00154703	lbu	x14,1(x10)	 x10:0x00101b64 x14=0x00000065 PA:0x00101b65 store:0x001016fc
          23634	     11813	001000b4	04070e63	beq	x14,x0,100110	 x14:0x00000065  x0:0x00000000
          23638	     11815	001000b8	00e7a023	sw	x14,0(x15)	 x15:0x00020000 x14:0x00000065 PA:0x00020000 store:0x00000065 load:0x00000000
          23642	     11817	001000bc	00254283	lbu	x5,2(x10)	 x10:0x00101b64  x5=0x0000002d PA:0x00101b66 store:0x00137fa0
          23644	     11818	001000c0	04028863	beq	x5,x0,100110	  x5:0x0000002d  x0:0x00000000
          23648	     11820	001000c4	0057a023	sw	x5,0(x15)	 x15:0x00020000  x5:0x0000002d PA:0x00020000 store:0x0000002d load:0x00000000
          23652	     11822	001000c8	00354303	lbu	x6,3(x10)	 x10:0x00101b64  x6=0x00000034 PA:0x00101b67 store:0x00000000
          23654	     11823	001000cc	04030263	beq	x6,x0,100110	  x6:0x00000034  x0:0x00000000
          23658	     11825	001000d0	0067a023	sw	x6,0(x15)	 x15:0x00020000  x6:0x00000034 PA:0x00020000 store:0x00000034 load:0x00000000
          23662	     11827	001000d4	00454383	lbu	x7,4(x10)	 x10:0x00101b64  x7=0x00000033 PA:0x00101b68 store:0x00000000
          23664	     11828	001000d8	02038c63	beq	x7,x0,100110	  x7:0x00000033  x0:0x00000000
          23668	     11830	001000dc	0077a023	sw	x7,0(x15)	 x15:0x00020000  x7:0x00000033 PA:0x00020000 store:0x00000033 load:0x00000000
          23672	     11832	001000e0	00554583	lbu	x11,5(x10)	 x10:0x00101b64 x11=0x0000002c PA:0x00101b69 store:0x0000002d
          23674	     11833	001000e4	02058663	beq	x11,x0,100110	 x11:0x0000002c  x0:0x00000000
          23678	     11835	001000e8	00b7a023	sw	x11,0(x15)	 x15:0x00020000 x11:0x0000002c PA:0x00020000 store:0x0000002c load:0x00000000
          23682	     11837	001000ec	00654603	lbu	x12,6(x10)	 x10:0x00101b64 x12=0x00000020 PA:0x00101b6a store:0x00000034
          23684	     11838	001000f0	02060063	beq	x12,x0,100110	 x12:0x00000020  x0:0x00000000
          23688	     11840	001000f4	00c7a023	sw	x12,0(x15)	 x15:0x00020000 x12:0x00000020 PA:0x00020000 store:0x00000020 load:0x00000000
          23692	     11842	001000f8	00754683	lbu	x13,7(x10)	 x10:0x00101b64 x13=0x00000031 PA:0x00101b6b store:0x00000033
          23694	     11843	001000fc	00850513	addi	x10,x10,8	 x10:0x00101b64 x10=0x00101b6c
          23696	     11844	00100100	00068863	beq	x13,x0,100110	 x13:0x00000031  x0:0x00000000
          23700	     11846	00100104	00d7a023	sw	x13,0(x15)	 x15:0x00020000 x13:0x00000031 PA:0x00020000 store:0x00000031 load:0x00000000
          23704	     11848	00100108	00054803	lbu	x16,0(x10)	 x10:0x00101b6c x16=0x0000002e PA:0x00101b6c store:0x00000000
          23708	     11850	0010010c	fa0810e3	bne	x16,x0,1000ac	 x16:0x0000002e  x0:0x00000000
          23714	     11853	001000ac	0107a023	sw	x16,0(x15)	 x15:0x00020000 x16:0x0000002e PA:0x00020000 store:0x0000002e load:0x00000000
          23718	     11855	001000b0	00154703	lbu	x14,1(x10)	 x10:0x00101b6c x14=0x00000030 PA:0x00101b6d store:0x001016fc
          23720	     11856	001000b4	04070e63	beq	x14,x0,100110	 x14:0x00000030  x0:0x00000000
          23724	     11858	001000b8	00e7a023	sw	x14,0(x15)	 x15:0x00020000 x14:0x00000030 PA:0x00020000 store:0x00000030 load:0x00000000
          23728	     11860	001000bc	00254283	lbu	x5,2(x10)	 x10:0x00101b6c  x5=0x00000065 PA:0x00101b6e store:0x00137fa0
          23730	     11861	001000c0	04028863	beq	x5,x0,100110	  x5:0x00000065  x0:0x00000000
          23734	     11863	001000c4	0057a023	sw	x5,0(x15)	 x15:0x00020000  x5:0x00000065 PA:0x00020000 store:0x00000065 load:0x00000000
          23738	     11865	001000c8	00354303	lbu	x6,3(x10)	 x10:0x00101b6c  x6=0x0000002d PA:0x00101b6f store:0x00000000
          23740	     11866	001000cc	04030263	beq	x6,x0,100110	  x6:0x0000002d  x0:0x00000000
          23744	     11868	001000d0	0067a023	sw	x6,0(x15)	 x15:0x00020000  x6:0x0000002d PA:0x00020000 store:0x0000002d load:0x00000000
          23748	     11870	001000d4	00454383	lbu	x7,4(x10)	 x10:0x00101b6c  x7=0x00000034 PA:0x00101b70 store:0x00000000
          23750	     11871	001000d8	02038c63	beq	x7,x0,100110	  x7:0x00000034  x0:0x00000000
          23754	     11873	001000dc	0077a023	sw	x7,0(x15)	 x15:0x00020000  x7:0x00000034 PA:0x00020000 store:0x00000034 load:0x00000000
          23758	     11875	001000e0	00554583	lbu	x11,5(x10)	 x10:0x00101b6c x11=0x00000034 PA:0x00101b71 store:0x00000065
          23760	     11876	001000e4	02058663	beq	x11,x0,100110	 x11:0x00000034  x0:0x00000000
          23764	     11878	001000e8	00b7a023	sw	x11,0(x15)	 x15:0x00020000 x11:0x00000034 PA:0x00020000 store:0x00000034 load:0x00000000
          23768	     11880	001000ec	00654603	lbu	x12,6(x10)	 x10:0x00101b6c x12=0x00000029 PA:0x00101b72 store:0x0000002d
          23770	     11881	001000f0	02060063	beq	x12,x0,100110	 x12:0x00000029  x0:0x00000000
          23774	     11883	001000f4	00c7a023	sw	x12,0(x15)	 x15:0x00020000 x12:0x00000029 PA:0x00020000 store:0x00000029 load:0x00000000
          23778	     11885	001000f8	00754683	lbu	x13,7(x10)	 x10:0x00101b6c x13=0x0000002c PA:0x00101b73 store:0x00000034
          23780	     11886	001000fc	00850513	addi	x10,x10,8	 x10:0x00101b6c x10=0x00101b74
          23782	     11887	00100100	00068863	beq	x13,x0,100110	 x13:0x0000002c  x0:0x00000000
          23786	     11889	00100104	00d7a023	sw	x13,0(x15)	 x15:0x00020000 x13:0x0000002c PA:0x00020000 store:0x0000002c load:0x00000000
          23790	     11891	00100108	00054803	lbu	x16,0(x10)	 x10:0x00101b74 x16=0x00000020 PA:0x00101b74 store:0x00000000
          23794	     11893	0010010c	fa0810e3	bne	x16,x0,1000ac	 x16:0x00000020  x0:0x00000000
          23800	     11896	001000ac	0107a023	sw	x16,0(x15)	 x15:0x00020000 x16:0x00000020 PA:0x00020000 store:0x00000020 load:0x00000000
          23804	     11898	001000b0	00154703	lbu	x14,1(x10)	 x10:0x00101b74 x14=0x00000065 PA:0x00101b75 store:0x001016fc
          23806	     11899	001000b4	04070e63	beq	x14,x0,100110	 x14:0x00000065  x0:0x00000000
          23810	     11901	001000b8	00e7a023	sw	x14,0(x15)	 x15:0x00020000 x14:0x00000065 PA:0x00020000 store:0x00000065 load:0x00000000
          23814	     11903	001000bc	00254283	lbu	x5,2(x10)	 x10:0x00101b74  x5=0x00000078 PA:0x00101b76 store:0x00137fa0
          23816	     11904	001000c0	04028863	beq	x5,x0,100110	  x5:0x00000078  x0:0x00000000
          23820	     11906	001000c4	0057a023	sw	x5,0(x15)	 x15:0x00020000  x5:0x00000078 PA:0x00020000 store:0x00000078 load:0x00000000
          23824	     11908	001000c8	00354303	lbu	x6,3(x10)	 x10:0x00101b74  x6=0x00000070 PA:0x00101b77 store:0x00000000
          23826	     11909	001000cc	04030263	beq	x6,x0,100110	  x6:0x00000070  x0:0x00000000
          23830	     11911	001000d0	0067a023	sw	x6,0(x15)	 x15:0x00020000  x6:0x00000070 PA:0x00020000 store:0x00000070 load:0x00000000
          23834	     11913	001000d4	00454383	lbu	x7,4(x10)	 x10:0x00101b74  x7=0x00000065 PA:0x00101b78 store:0x00000000
          23836	     11914	001000d8	02038c63	beq	x7,x0,100110	  x7:0x00000065  x0:0x00000000
          23840	     11916	001000dc	0077a023	sw	x7,0(x15)	 x15:0x00020000  x7:0x00000065 PA:0x00020000 store:0x00000065 load:0x00000000
          23844	     11918	001000e0	00554583	lbu	x11,5(x10)	 x10:0x00101b74 x11=0x00000063 PA:0x00101b79 store:0x00000078
          23846	     11919	001000e4	02058663	beq	x11,x0,100110	 x11:0x00000063  x0:0x00000000
          23850	     11921	001000e8	00b7a023	sw	x11,0(x15)	 x15:0x00020000 x11:0x00000063 PA:0x00020000 store:0x00000063 load:0x00000000
          23854	     11923	001000ec	00654603	lbu	x12,6(x10)	 x10:0x00101b74 x12=0x00000074 PA:0x00101b7a store:0x00000070
          23856	     11924	001000f0	02060063	beq	x12,x0,100110	 x12:0x00000074  x0:0x00000000
          23860	     11926	001000f4	00c7a023	sw	x12,0(x15)	 x15:0x00020000 x12:0x00000074 PA:0x00020000 store:0x00000074 load:0x00000000
          23864	     11928	001000f8	00754683	lbu	x13,7(x10)	 x10:0x00101b74 x13=0x00000069 PA:0x00101b7b store:0x00000065
          23866	     11929	001000fc	00850513	addi	x10,x10,8	 x10:0x00101b74 x10=0x00101b7c
          23868	     11930	00100100	00068863	beq	x13,x0,100110	 x13:0x00000069  x0:0x00000000
          23872	     11932	00100104	00d7a023	sw	x13,0(x15)	 x15:0x00020000 x13:0x00000069 PA:0x00020000 store:0x00000069 load:0x00000000
          23876	     11934	00100108	00054803	lbu	x16,0(x10)	 x10:0x00101b7c x16=0x0000006e PA:0x00101b7c store:0x00000000
          23880	     11936	0010010c	fa0810e3	bne	x16,x0,1000ac	 x16:0x0000006e  x0:0x00000000
          23886	     11939	001000ac	0107a023	sw	x16,0(x15)	 x15:0x00020000 x16:0x0000006e PA:0x00020000 store:0x0000006e load:0x00000000
          23890	     11941	001000b0	00154703	lbu	x14,1(x10)	 x10:0x00101b7c x14=0x00000067 PA:0x00101b7d store:0x001016fc
          23892	     11942	001000b4	04070e63	beq	x14,x0,100110	 x14:0x00000067  x0:0x00000000
          23896	     11944	001000b8	00e7a023	sw	x14,0(x15)	 x15:0x00020000 x14:0x00000067 PA:0x00020000 store:0x00000067 load:0x00000000
          23900	     11946	001000bc	00254283	lbu	x5,2(x10)	 x10:0x00101b7c  x5=0x0000003a PA:0x00101b7e store:0x00137fa0
          23902	     11947	001000c0	04028863	beq	x5,x0,100110	  x5:0x0000003a  x0:0x00000000
          23906	     11949	001000c4	0057a023	sw	x5,0(x15)	 x15:0x00020000  x5:0x0000003a PA:0x00020000 store:0x0000003a load:0x00000000
          23910	     11951	001000c8	00354303	lbu	x6,3(x10)	 x10:0x00101b7c  x6=0x00000020 PA:0x00101b7f store:0x00000000
          23912	     11952	001000cc	04030263	beq	x6,x0,100110	  x6:0x00000020  x0:0x00000000
          23916	     11954	001000d0	0067a023	sw	x6,0(x15)	 x15:0x00020000  x6:0x00000020 PA:0x00020000 store:0x00000020 load:0x00000000
          23920	     11956	001000d4	00454383	lbu	x7,4(x10)	 x10:0x00101b7c  x7=0x00000030 PA:0x00101b80 store:0x00000000
          23922	     11957	001000d8	02038c63	beq	x7,x0,100110	  x7:0x00000030  x0:0x00000000
          23926	     11959	001000dc	0077a023	sw	x7,0(x15)	 x15:0x00020000  x7:0x00000030 PA:0x00020000 store:0x00000030 load:0x00000000
          23930	     11961	001000e0	00554583	lbu	x11,5(x10)	 x10:0x00101b7c x11=0x00000078 PA:0x00101b81 store:0x0000003a
          23932	     11962	001000e4	02058663	beq	x11,x0,100110	 x11:0x00000078  x0:0x00000000
          23936	     11964	001000e8	00b7a023	sw	x11,0(x15)	 x15:0x00020000 x11:0x00000078 PA:0x00020000 store:0x00000078 load:0x00000000
          23940	     11966	001000ec	00654603	lbu	x12,6(x10)	 x10:0x00101b7c x12=0x00000030 PA:0x00101b82 store:0x00000020
          23942	     11967	001000f0	02060063	beq	x12,x0,100110	 x12:0x00000030  x0:0x00000000
          23946	     11969	001000f4	00c7a023	sw	x12,0(x15)	 x15:0x00020000 x12:0x00000030 PA:0x00020000 store:0x00000030 load:0x00000000
          23950	     11971	001000f8	00754683	lbu	x13,7(x10)	 x10:0x00101b7c x13=0x00000030 PA:0x00101b83 store:0x00000030
          23952	     11972	001000fc	00850513	addi	x10,x10,8	 x10:0x00101b7c x10=0x00101b84
          23954	     11973	00100100	00068863	beq	x13,x0,100110	 x13:0x00000030  x0:0x00000000
          23958	     11975	00100104	00d7a023	sw	x13,0(x15)	 x15:0x00020000 x13:0x00000030 PA:0x00020000 store:0x00000030 load:0x00000000
          23962	     11977	00100108	00054803	lbu	x16,0(x10)	 x10:0x00101b84 x16=0x00000030 PA:0x00101b84 store:0x00000000
          23966	     11979	0010010c	fa0810e3	bne	x16,x0,1000ac	 x16:0x00000030  x0:0x00000000
          23972	     11982	001000ac	0107a023	sw	x16,0(x15)	 x15:0x00020000 x16:0x00000030 PA:0x00020000 store:0x00000030 load:0x00000000
          23976	     11984	001000b0	00154703	lbu	x14,1(x10)	 x10:0x00101b84 x14=0x00000030 PA:0x00101b85 store:0x001016fc
          23978	     11985	001000b4	04070e63	beq	x14,x0,100110	 x14:0x00000030  x0:0x00000000
          23982	     11987	001000b8	00e7a023	sw	x14,0(x15)	 x15:0x00020000 x14:0x00000030 PA:0x00020000 store:0x00000030 load:0x00000000
          23986	     11989	001000bc	00254283	lbu	x5,2(x10)	 x10:0x00101b84  x5=0x00000030 PA:0x00101b86 store:0x00137fa0
          23988	     11990	001000c0	04028863	beq	x5,x0,100110	  x5:0x00000030  x0:0x00000000
          23992	     11992	001000c4	0057a023	sw	x5,0(x15)	 x15:0x00020000  x5:0x00000030 PA:0x00020000 store:0x00000030 load:0x00000000
          23996	     11994	001000c8	00354303	lbu	x6,3(x10)	 x10:0x00101b84  x6=0x00000030 PA:0x00101b87 store:0x00000000
          23998	     11995	001000cc	04030263	beq	x6,x0,100110	  x6:0x00000030  x0:0x00000000
          24002	     11997	001000d0	0067a023	sw	x6,0(x15)	 x15:0x00020000  x6:0x00000030 PA:0x00020000 store:0x00000030 load:0x00000000
          24006	     11999	001000d4	00454383	lbu	x7,4(x10)	 x10:0x00101b84  x7=0x00000034 PA:0x00101b88 store:0x00000000
          24008	     12000	001000d8	02038c63	beq	x7,x0,100110	  x7:0x00000034  x0:0x00000000
          24012	     12002	001000dc	0077a023	sw	x7,0(x15)	 x15:0x00020000  x7:0x00000034 PA:0x00020000 store:0x00000034 load:0x00000000
          24016	     12004	001000e0	00554583	lbu	x11,5(x10)	 x10:0x00101b84 x11=0x00000037 PA:0x00101b89 store:0x00000030
          24018	     12005	001000e4	02058663	beq	x11,x0,100110	 x11:0x00000037  x0:0x00000000
          24022	     12007	001000e8	00b7a023	sw	x11,0(x15)	 x15:0x00020000 x11:0x00000037 PA:0x00020000 store:0x00000037 load:0x00000000
          24026	     12009	001000ec	00654603	lbu	x12,6(x10)	 x10:0x00101b84 x12=0x0000003a PA:0x00101b8a store:0x00000030
          24028	     12010	001000f0	02060063	beq	x12,x0,100110	 x12:0x0000003a  x0:0x00000000
          24032	     12012	001000f4	00c7a023	sw	x12,0(x15)	 x15:0x00020000 x12:0x0000003a PA:0x00020000 store:0x0000003a load:0x00000000
          24036	     12014	001000f8	00754683	lbu	x13,7(x10)	 x10:0x00101b84 x13=0x00000020 PA:0x00101b8b store:0x00000034
          24038	     12015	001000fc	00850513	addi	x10,x10,8	 x10:0x00101b84 x10=0x00101b8c
          24040	     12016	00100100	00068863	beq	x13,x0,100110	 x13:0x00000020  x0:0x00000000
          24044	     12018	00100104	00d7a023	sw	x13,0(x15)	 x15:0x00020000 x13:0x00000020 PA:0x00020000 store:0x00000020 load:0x00000000
          24048	     12020	00100108	00054803	lbu	x16,0(x10)	 x10:0x00101b8c x16=0x00000000 PA:0x00101b8c store:0x00000000
          24050	     12021	0010010c	fa0810e3	bne	x16,x0,1000ac	 x16:0x00000000  x0:0x00000000
          24052	     12022	00100110	00000513	addi	x10,x0,0	  x0:0x00000000 x10=0x00000000
          24056	     12024	00100114	00008067	jalr	x0,0(x1)	  x1:0x001016fc  x0=0x00000000
          24060	     12026	001016fc	bf0a2503	lw	x10,-1040(x20)	 x20:0x00102000 x10=0x00000047 PA:0x00101bf0 store:0x00000000
          24064	     12028	00101700	a21fe0ef	jal	x1,100120	  x1=0x00101704
          24066	     12029	00100120	01c55793	srli	x15,x10,0x1c	 x10:0x00000047 x15=0x00000000
          24068	     12030	00100124	00900713	addi	x14,x0,9	  x0:0x00000000 x14=0x00000009
          24072	     12032	00100128	0cf77a63	bgeu	x14,x15,1001fc	 x14:0x00000009 x15:0x00000000
          24076	     12034	001001fc	03078393	addi	x7,x15,48	 x15:0x00000000  x7=0x00000030
          24078	     12035	00100200	000205b7	lui	x11,0x20	 x11=0x00020000
          24080	     12036	00100204	00451613	slli	x12,x10,0x4	 x10:0x00000047 x12=0x00000470
          24084	     12038	00100208	0075a023	sw	x7,0(x11)	 x11:0x00020000  x7:0x00000030 PA:0x00020000 store:0x00000030 load:0x00000000
          24086	     12039	0010020c	01c65693	srli	x13,x12,0x1c	 x12:0x00000470 x13=0x00000000
          24088	     12040	00100210	00900813	addi	x16,x0,9	  x0:0x00000000 x16=0x00000009
          24090	     12041	00100214	f2d86ae3	bltu	x16,x13,100148	 x16:0x00000009 x13:0x00000000
          24092	     12042	00100218	03068e93	addi	x29,x13,48	 x13:0x00000000 x29=0x00000030
          24094	     12043	0010021c	00020f37	lui	x30,0x20	 x30=0x00020000
          24096	     12044	00100220	00851f93	slli	x31,x10,0x8	 x10:0x00000047 x31=0x00004700
          24100	     12046	00100224	01df2023	sw	x29,0(x30)	 x30:0x00020000 x29:0x00000030 PA:0x00020000 store:0x00000030 load:0x00000000
          24102	     12047	00100228	01cfd793	srli	x15,x31,0x1c	 x31:0x00004700 x15=0x00000000
          24104	     12048	0010022c	00900713	addi	x14,x0,9	  x0:0x00000000 x14=0x00000009
          24106	     12049	00100230	f2f76ae3	bltu	x14,x15,100164	 x14:0x00000009 x15:0x00000000
          24108	     12050	00100234	03078393	addi	x7,x15,48	 x15:0x00000000  x7=0x00000030
          24110	     12051	00100238	000205b7	lui	x11,0x20	 x11=0x00020000
          24112	     12052	0010023c	00c51613	slli	x12,x10,0xc	 x10:0x00000047 x12=0x00047000
          24116	     12054	00100240	0075a023	sw	x7,0(x11)	 x11:0x00020000  x7:0x00000030 PA:0x00020000 store:0x00000030 load:0x00000000
          24118	     12055	00100244	01c65693	srli	x13,x12,0x1c	 x12:0x00047000 x13=0x00000000
          24120	     12056	00100248	00900813	addi	x16,x0,9	  x0:0x00000000 x16=0x00000009
          24122	     12057	0010024c	f2d86ae3	bltu	x16,x13,100180	 x16:0x00000009 x13:0x00000000
          24124	     12058	00100250	03068e93	addi	x29,x13,48	 x13:0x00000000 x29=0x00000030
          24126	     12059	00100254	00020f37	lui	x30,0x20	 x30=0x00020000
          24128	     12060	00100258	01051f93	slli	x31,x10,0x10	 x10:0x00000047 x31=0x00470000
          24132	     12062	0010025c	01df2023	sw	x29,0(x30)	 x30:0x00020000 x29:0x00000030 PA:0x00020000 store:0x00000030 load:0x00000000
          24134	     12063	00100260	01cfd793	srli	x15,x31,0x1c	 x31:0x00470000 x15=0x00000000
          24136	     12064	00100264	00900713	addi	x14,x0,9	  x0:0x00000000 x14=0x00000009
          24138	     12065	00100268	f2f76ae3	bltu	x14,x15,10019c	 x14:0x00000009 x15:0x00000000
          24140	     12066	0010026c	03078393	addi	x7,x15,48	 x15:0x00000000  x7=0x00000030
          24142	     12067	00100270	000205b7	lui	x11,0x20	 x11=0x00020000
          24144	     12068	00100274	01451613	slli	x12,x10,0x14	 x10:0x00000047 x12=0x04700000
          24148	     12070	00100278	0075a023	sw	x7,0(x11)	 x11:0x00020000  x7:0x00000030 PA:0x00020000 store:0x00000030 load:0x00000000
          24150	     12071	0010027c	01c65693	srli	x13,x12,0x1c	 x12:0x04700000 x13=0x00000000
          24152	     12072	00100280	00900813	addi	x16,x0,9	  x0:0x00000000 x16=0x00000009
          24154	     12073	00100284	f2d86ae3	bltu	x16,x13,1001b8	 x16:0x00000009 x13:0x00000000
          24156	     12074	00100288	03068e93	addi	x29,x13,48	 x13:0x00000000 x29=0x00000030
          24158	     12075	0010028c	00020f37	lui	x30,0x20	 x30=0x00020000
          24160	     12076	00100290	01851f93	slli	x31,x10,0x18	 x10:0x00000047 x31=0x47000000
          24164	     12078	00100294	01df2023	sw	x29,0(x30)	 x30:0x00020000 x29:0x00000030 PA:0x00020000 store:0x00000030 load:0x00000000
          24166	     12079	00100298	01cfd793	srli	x15,x31,0x1c	 x31:0x47000000 x15=0x00000004
          24168	     12080	0010029c	00900713	addi	x14,x0,9	  x0:0x00000000 x14=0x00000009
          24170	     12081	001002a0	f2f76ae3	bltu	x14,x15,1001d4	 x14:0x00000009 x15:0x00000004
          24172	     12082	001002a4	03078393	addi	x7,x15,48	 x15:0x00000004  x7=0x00000034
          24174	     12083	001002a8	000205b7	lui	x11,0x20	 x11=0x00020000
          24178	     12085	001002ac	0075a023	sw	x7,0(x11)	 x11:0x00020000  x7:0x00000034 PA:0x00020000 store:0x00000034 load:0x00000000
          24180	     12086	001002b0	00f57513	andi	x10,x10,15	 x10:0x00000047 x10=0x00000007
          24182	     12087	001002b4	00900613	addi	x12,x0,9	  x0:0x00000000 x12=0x00000009
          24186	     12089	001002b8	f2a67ae3	bgeu	x12,x10,1001ec	 x12:0x00000009 x10:0x00000007
          24190	     12091	001001ec	03050893	addi	x17,x10,48	 x10:0x00000007 x17=0x00000037
          24192	     12092	001001f0	00020e37	lui	x28,0x20	 x28=0x00020000
          24196	     12094	001001f4	011e2023	sw	x17,0(x28)	 x28:0x00020000 x17:0x00000037 PA:0x00020000 store:0x00000037 load:0x00000000
          24206	     12099	001001f8	00008067	jalr	x0,0(x1)	  x1:0x00101704  x0=0x00000000
          24208	     12100	00101704	c14bae27	fsw	f20,-996(x23)	 f23:0x00102000 f20:0x00102000 PA:0x00101c1c store:0x7f167699 load:0x00000000
          24210	     12101	00101708	c13b2c27	fsw	f19,-1000(x22)	 f22:0x00102000 f19:0x00000047 PA:0x00101c18 store:0x7f1dfc87 load:0x00000047
          24212	     12102	0010170c	c1cba607	flw	f12,-996(x23)	 f23:0x00102000 f12=0x00000000 PA:0x00101c1c store:0x80000000
          24214	     12103	00101710	c18b2687	flw	f13,-1000(x22)	 f22:0x00102000 f13=0x00000000 PA:0x00101c18 store:0x00000000
          24216	     12104	00101714	28d613d3	fmax.s	f7,f12,f13	 f12:0x00000009 f13:0x00000000  f7=0x00000000
          24218	     12105	00101718	be7aac27	fsw	f7,-1032(x21)	 f21:0x00102000  f7:0x00000034 PA:0x00101bf8 store:0x7f1dfc87 load:0x7f1dfc87
          24220	     12106	0010171c	bf8aa507	flw	f10,-1032(x21)	 f21:0x00102000 f10=0x00000000 PA:0x00101bf8 store:0x00000000
          24224	     12108	00101720	00102bb7	lui	x23,0x102	 x23=0x00102000
          24226	     12109	00101724	b90b8513	addi	x10,x23,-1136	 x23:0x00102000 x10=0x00101b90
          24228	     12110	00101728	e0050b53	fmv.x.w	x22,f10	 f10:0x00101b90 x22=0x7f1dfc87
          24230	     12111	0010172c	bf6a2823	sw	x22,-1040(x20)	 x20:0x00102000 x22:0x7f1dfc87 PA:0x00101bf0 store:0x7f1dfc87 load:0x7f1dfc87
          24232	     12112	00101730	971fe0ef	jal	x1,1000a0	  x1=0x00101734
          24234	     12113	001000a0	00054803	lbu	x16,0(x10)	 x10:0x00101b90 x16=0x0000000a PA:0x00101b90 store:0x00000000
          24236	     12114	001000a4	06080663	beq	x16,x0,100110	 x16:0x0000000a  x0:0x00000000
          24238	     12115	001000a8	000207b7	lui	x15,0x20	 x15=0x00020000
          24242	     12117	001000ac	0107a023	sw	x16,0(x15)	 x15:0x00020000 x16:0x0000000a PA:0x00020000 store:0x0000000a load:0x00000000
          24246	     12119	001000b0	00154703	lbu	x14,1(x10)	 x10:0x00101b90 x14=0x00000020 PA:0x00101b91 store:0x00101734
          24248	     12120	001000b4	04070e63	beq	x14,x0,100110	 x14:0x00000020  x0:0x00000000
          24252	     12122	001000b8	00e7a023	sw	x14,0(x15)	 x15:0x00020000 x14:0x00000020 PA:0x00020000 store:0x00000020 load:0x00000000
          24256	     12124	001000bc	00254283	lbu	x5,2(x10)	 x10:0x00101b90  x5=0x0000004d PA:0x00101b92 store:0x00137fa0
          24258	     12125	001000c0	04028863	beq	x5,x0,100110	  x5:0x0000004d  x0:0x00000000
          24262	     12127	001000c4	0057a023	sw	x5,0(x15)	 x15:0x00020000  x5:0x0000004d PA:0x00020000 store:0x0000004d load:0x00000000
          24266	     12129	001000c8	00354303	lbu	x6,3(x10)	 x10:0x00101b90  x6=0x00000041 PA:0x00101b93 store:0x00000000
          24268	     12130	001000cc	04030263	beq	x6,x0,100110	  x6:0x00000041  x0:0x00000000
          24272	     12132	001000d0	0067a023	sw	x6,0(x15)	 x15:0x00020000  x6:0x00000041 PA:0x00020000 store:0x00000041 load:0x00000000
          24276	     12134	001000d4	00454383	lbu	x7,4(x10)	 x10:0x00101b90  x7=0x00000058 PA:0x00101b94 store:0x00000000
          24278	     12135	001000d8	02038c63	beq	x7,x0,100110	  x7:0x00000058  x0:0x00000000
          24282	     12137	001000dc	0077a023	sw	x7,0(x15)	 x15:0x00020000  x7:0x00000058 PA:0x00020000 store:0x00000058 load:0x00000000
          24286	     12139	001000e0	00554583	lbu	x11,5(x10)	 x10:0x00101b90 x11=0x00000028 PA:0x00101b95 store:0x0000004d
          24288	     12140	001000e4	02058663	beq	x11,x0,100110	 x11:0x00000028  x0:0x00000000
          24292	     12142	001000e8	00b7a023	sw	x11,0(x15)	 x15:0x00020000 x11:0x00000028 PA:0x00020000 store:0x00000028 load:0x00000000
          24296	     12144	001000ec	00654603	lbu	x12,6(x10)	 x10:0x00101b90 x12=0x00000032 PA:0x00101b96 store:0x00000041
          24298	     12145	001000f0	02060063	beq	x12,x0,100110	 x12:0x00000032  x0:0x00000000
          24302	     12147	001000f4	00c7a023	sw	x12,0(x15)	 x15:0x00020000 x12:0x00000032 PA:0x00020000 store:0x00000032 load:0x00000000
          24306	     12149	001000f8	00754683	lbu	x13,7(x10)	 x10:0x00101b90 x13=0x0000002e PA:0x00101b97 store:0x00000058
          24308	     12150	001000fc	00850513	addi	x10,x10,8	 x10:0x00101b90 x10=0x00101b98
          24310	     12151	00100100	00068863	beq	x13,x0,100110	 x13:0x0000002e  x0:0x00000000
          24314	     12153	00100104	00d7a023	sw	x13,0(x15)	 x15:0x00020000 x13:0x0000002e PA:0x00020000 store:0x0000002e load:0x00000000
          24318	     12155	00100108	00054803	lbu	x16,0(x10)	 x10:0x00101b98 x16=0x00000030 PA:0x00101b98 store:0x00000000
          24322	     12157	0010010c	fa0810e3	bne	x16,x0,1000ac	 x16:0x00000030  x0:0x00000000
          24328	     12160	001000ac	0107a023	sw	x16,0(x15)	 x15:0x00020000 x16:0x00000030 PA:0x00020000 store:0x00000030 load:0x00000000
          24332	     12162	001000b0	00154703	lbu	x14,1(x10)	 x10:0x00101b98 x14=0x00000065 PA:0x00101b99 store:0x00101734
          24334	     12163	001000b4	04070e63	beq	x14,x0,100110	 x14:0x00000065  x0:0x00000000
          24338	     12165	001000b8	00e7a023	sw	x14,0(x15)	 x15:0x00020000 x14:0x00000065 PA:0x00020000 store:0x00000065 load:0x00000000
          24342	     12167	001000bc	00254283	lbu	x5,2(x10)	 x10:0x00101b98  x5=0x00000033 PA:0x00101b9a store:0x00137fa0
          24344	     12168	001000c0	04028863	beq	x5,x0,100110	  x5:0x00000033  x0:0x00000000
          24348	     12170	001000c4	0057a023	sw	x5,0(x15)	 x15:0x00020000  x5:0x00000033 PA:0x00020000 store:0x00000033 load:0x00000000
          24352	     12172	001000c8	00354303	lbu	x6,3(x10)	 x10:0x00101b98  x6=0x00000038 PA:0x00101b9b store:0x00000000
          24354	     12173	001000cc	04030263	beq	x6,x0,100110	  x6:0x00000038  x0:0x00000000
          24358	     12175	001000d0	0067a023	sw	x6,0(x15)	 x15:0x00020000  x6:0x00000038 PA:0x00020000 store:0x00000038 load:0x00000000
          24362	     12177	001000d4	00454383	lbu	x7,4(x10)	 x10:0x00101b98  x7=0x00000066 PA:0x00101b9c store:0x00000000
          24364	     12178	001000d8	02038c63	beq	x7,x0,100110	  x7:0x00000066  x0:0x00000000
          24368	     12180	001000dc	0077a023	sw	x7,0(x15)	 x15:0x00020000  x7:0x00000066 PA:0x00020000 store:0x00000066 load:0x00000000
          24372	     12182	001000e0	00554583	lbu	x11,5(x10)	 x10:0x00101b98 x11=0x0000002c PA:0x00101b9d store:0x00000033
          24374	     12183	001000e4	02058663	beq	x11,x0,100110	 x11:0x0000002c  x0:0x00000000
          24378	     12185	001000e8	00b7a023	sw	x11,0(x15)	 x15:0x00020000 x11:0x0000002c PA:0x00020000 store:0x0000002c load:0x00000000
          24382	     12187	001000ec	00654603	lbu	x12,6(x10)	 x10:0x00101b98 x12=0x00000020 PA:0x00101b9e store:0x00000038
          24384	     12188	001000f0	02060063	beq	x12,x0,100110	 x12:0x00000020  x0:0x00000000
          24388	     12190	001000f4	00c7a023	sw	x12,0(x15)	 x15:0x00020000 x12:0x00000020 PA:0x00020000 store:0x00000020 load:0x00000000
          24392	     12192	001000f8	00754683	lbu	x13,7(x10)	 x10:0x00101b98 x13=0x00000032 PA:0x00101b9f store:0x00000066
          24394	     12193	001000fc	00850513	addi	x10,x10,8	 x10:0x00101b98 x10=0x00101ba0
          24396	     12194	00100100	00068863	beq	x13,x0,100110	 x13:0x00000032  x0:0x00000000
          24400	     12196	00100104	00d7a023	sw	x13,0(x15)	 x15:0x00020000 x13:0x00000032 PA:0x00020000 store:0x00000032 load:0x00000000
          24404	     12198	00100108	00054803	lbu	x16,0(x10)	 x10:0x00101ba0 x16=0x0000002e PA:0x00101ba0 store:0x00000000
          24408	     12200	0010010c	fa0810e3	bne	x16,x0,1000ac	 x16:0x0000002e  x0:0x00000000
          24414	     12203	001000ac	0107a023	sw	x16,0(x15)	 x15:0x00020000 x16:0x0000002e PA:0x00020000 store:0x0000002e load:0x00000000
          24418	     12205	001000b0	00154703	lbu	x14,1(x10)	 x10:0x00101ba0 x14=0x00000031 PA:0x00101ba1 store:0x00101734
          24420	     12206	001000b4	04070e63	beq	x14,x0,100110	 x14:0x00000031  x0:0x00000000
          24424	     12208	001000b8	00e7a023	sw	x14,0(x15)	 x15:0x00020000 x14:0x00000031 PA:0x00020000 store:0x00000031 load:0x00000000
          24428	     12210	001000bc	00254283	lbu	x5,2(x10)	 x10:0x00101ba0  x5=0x00000065 PA:0x00101ba2 store:0x00137fa0
          24430	     12211	001000c0	04028863	beq	x5,x0,100110	  x5:0x00000065  x0:0x00000000
          24434	     12213	001000c4	0057a023	sw	x5,0(x15)	 x15:0x00020000  x5:0x00000065 PA:0x00020000 store:0x00000065 load:0x00000000
          24438	     12215	001000c8	00354303	lbu	x6,3(x10)	 x10:0x00101ba0  x6=0x00000033 PA:0x00101ba3 store:0x00000000
          24440	     12216	001000cc	04030263	beq	x6,x0,100110	  x6:0x00000033  x0:0x00000000
          24444	     12218	001000d0	0067a023	sw	x6,0(x15)	 x15:0x00020000  x6:0x00000033 PA:0x00020000 store:0x00000033 load:0x00000000
          24448	     12220	001000d4	00454383	lbu	x7,4(x10)	 x10:0x00101ba0  x7=0x00000038 PA:0x00101ba4 store:0x00000000
          24450	     12221	001000d8	02038c63	beq	x7,x0,100110	  x7:0x00000038  x0:0x00000000
          24454	     12223	001000dc	0077a023	sw	x7,0(x15)	 x15:0x00020000  x7:0x00000038 PA:0x00020000 store:0x00000038 load:0x00000000
          24458	     12225	001000e0	00554583	lbu	x11,5(x10)	 x10:0x00101ba0 x11=0x00000066 PA:0x00101ba5 store:0x00000065
          24460	     12226	001000e4	02058663	beq	x11,x0,100110	 x11:0x00000066  x0:0x00000000
          24464	     12228	001000e8	00b7a023	sw	x11,0(x15)	 x15:0x00020000 x11:0x00000066 PA:0x00020000 store:0x00000066 load:0x00000000
          24468	     12230	001000ec	00654603	lbu	x12,6(x10)	 x10:0x00101ba0 x12=0x00000029 PA:0x00101ba6 store:0x00000033
          24470	     12231	001000f0	02060063	beq	x12,x0,100110	 x12:0x00000029  x0:0x00000000
          24474	     12233	001000f4	00c7a023	sw	x12,0(x15)	 x15:0x00020000 x12:0x00000029 PA:0x00020000 store:0x00000029 load:0x00000000
          24478	     12235	001000f8	00754683	lbu	x13,7(x10)	 x10:0x00101ba0 x13=0x0000002c PA:0x00101ba7 store:0x00000038
          24480	     12236	001000fc	00850513	addi	x10,x10,8	 x10:0x00101ba0 x10=0x00101ba8
          24482	     12237	00100100	00068863	beq	x13,x0,100110	 x13:0x0000002c  x0:0x00000000
          24486	     12239	00100104	00d7a023	sw	x13,0(x15)	 x15:0x00020000 x13:0x0000002c PA:0x00020000 store:0x0000002c load:0x00000000
          24490	     12241	00100108	00054803	lbu	x16,0(x10)	 x10:0x00101ba8 x16=0x00000020 PA:0x00101ba8 store:0x00000000
          24494	     12243	0010010c	fa0810e3	bne	x16,x0,1000ac	 x16:0x00000020  x0:0x00000000
          24500	     12246	001000ac	0107a023	sw	x16,0(x15)	 x15:0x00020000 x16:0x00000020 PA:0x00020000 store:0x00000020 load:0x00000000
          24504	     12248	001000b0	00154703	lbu	x14,1(x10)	 x10:0x00101ba8 x14=0x00000065 PA:0x00101ba9 store:0x00101734
          24506	     12249	001000b4	04070e63	beq	x14,x0,100110	 x14:0x00000065  x0:0x00000000
          24510	     12251	001000b8	00e7a023	sw	x14,0(x15)	 x15:0x00020000 x14:0x00000065 PA:0x00020000 store:0x00000065 load:0x00000000
          24514	     12253	001000bc	00254283	lbu	x5,2(x10)	 x10:0x00101ba8  x5=0x00000078 PA:0x00101baa store:0x00137fa0
          24516	     12254	001000c0	04028863	beq	x5,x0,100110	  x5:0x00000078  x0:0x00000000
          24520	     12256	001000c4	0057a023	sw	x5,0(x15)	 x15:0x00020000  x5:0x00000078 PA:0x00020000 store:0x00000078 load:0x00000000
          24524	     12258	001000c8	00354303	lbu	x6,3(x10)	 x10:0x00101ba8  x6=0x00000070 PA:0x00101bab store:0x00000000
          24526	     12259	001000cc	04030263	beq	x6,x0,100110	  x6:0x00000070  x0:0x00000000
          24530	     12261	001000d0	0067a023	sw	x6,0(x15)	 x15:0x00020000  x6:0x00000070 PA:0x00020000 store:0x00000070 load:0x00000000
          24534	     12263	001000d4	00454383	lbu	x7,4(x10)	 x10:0x00101ba8  x7=0x00000065 PA:0x00101bac store:0x00000000
          24536	     12264	001000d8	02038c63	beq	x7,x0,100110	  x7:0x00000065  x0:0x00000000
          24540	     12266	001000dc	0077a023	sw	x7,0(x15)	 x15:0x00020000  x7:0x00000065 PA:0x00020000 store:0x00000065 load:0x00000000
          24544	     12268	001000e0	00554583	lbu	x11,5(x10)	 x10:0x00101ba8 x11=0x00000063 PA:0x00101bad store:0x00000078
          24546	     12269	001000e4	02058663	beq	x11,x0,100110	 x11:0x00000063  x0:0x00000000
          24550	     12271	001000e8	00b7a023	sw	x11,0(x15)	 x15:0x00020000 x11:0x00000063 PA:0x00020000 store:0x00000063 load:0x00000000
          24554	     12273	001000ec	00654603	lbu	x12,6(x10)	 x10:0x00101ba8 x12=0x00000074 PA:0x00101bae store:0x00000070
          24556	     12274	001000f0	02060063	beq	x12,x0,100110	 x12:0x00000074  x0:0x00000000
          24560	     12276	001000f4	00c7a023	sw	x12,0(x15)	 x15:0x00020000 x12:0x00000074 PA:0x00020000 store:0x00000074 load:0x00000000
          24564	     12278	001000f8	00754683	lbu	x13,7(x10)	 x10:0x00101ba8 x13=0x00000069 PA:0x00101baf store:0x00000065
          24566	     12279	001000fc	00850513	addi	x10,x10,8	 x10:0x00101ba8 x10=0x00101bb0
          24568	     12280	00100100	00068863	beq	x13,x0,100110	 x13:0x00000069  x0:0x00000000
          24572	     12282	00100104	00d7a023	sw	x13,0(x15)	 x15:0x00020000 x13:0x00000069 PA:0x00020000 store:0x00000069 load:0x00000000
          24576	     12284	00100108	00054803	lbu	x16,0(x10)	 x10:0x00101bb0 x16=0x0000006e PA:0x00101bb0 store:0x00000000
          24580	     12286	0010010c	fa0810e3	bne	x16,x0,1000ac	 x16:0x0000006e  x0:0x00000000
          24586	     12289	001000ac	0107a023	sw	x16,0(x15)	 x15:0x00020000 x16:0x0000006e PA:0x00020000 store:0x0000006e load:0x00000000
          24590	     12291	001000b0	00154703	lbu	x14,1(x10)	 x10:0x00101bb0 x14=0x00000067 PA:0x00101bb1 store:0x00101734
          24592	     12292	001000b4	04070e63	beq	x14,x0,100110	 x14:0x00000067  x0:0x00000000
          24596	     12294	001000b8	00e7a023	sw	x14,0(x15)	 x15:0x00020000 x14:0x00000067 PA:0x00020000 store:0x00000067 load:0x00000000
          24600	     12296	001000bc	00254283	lbu	x5,2(x10)	 x10:0x00101bb0  x5=0x0000003a PA:0x00101bb2 store:0x00137fa0
          24602	     12297	001000c0	04028863	beq	x5,x0,100110	  x5:0x0000003a  x0:0x00000000
          24606	     12299	001000c4	0057a023	sw	x5,0(x15)	 x15:0x00020000  x5:0x0000003a PA:0x00020000 store:0x0000003a load:0x00000000
          24610	     12301	001000c8	00354303	lbu	x6,3(x10)	 x10:0x00101bb0  x6=0x00000020 PA:0x00101bb3 store:0x00000000
          24612	     12302	001000cc	04030263	beq	x6,x0,100110	  x6:0x00000020  x0:0x00000000
          24616	     12304	001000d0	0067a023	sw	x6,0(x15)	 x15:0x00020000  x6:0x00000020 PA:0x00020000 store:0x00000020 load:0x00000000
          24620	     12306	001000d4	00454383	lbu	x7,4(x10)	 x10:0x00101bb0  x7=0x00000030 PA:0x00101bb4 store:0x00000000
          24622	     12307	001000d8	02038c63	beq	x7,x0,100110	  x7:0x00000030  x0:0x00000000
          24626	     12309	001000dc	0077a023	sw	x7,0(x15)	 x15:0x00020000  x7:0x00000030 PA:0x00020000 store:0x00000030 load:0x00000000
          24630	     12311	001000e0	00554583	lbu	x11,5(x10)	 x10:0x00101bb0 x11=0x00000078 PA:0x00101bb5 store:0x0000003a
          24632	     12312	001000e4	02058663	beq	x11,x0,100110	 x11:0x00000078  x0:0x00000000
          24636	     12314	001000e8	00b7a023	sw	x11,0(x15)	 x15:0x00020000 x11:0x00000078 PA:0x00020000 store:0x00000078 load:0x00000000
          24640	     12316	001000ec	00654603	lbu	x12,6(x10)	 x10:0x00101bb0 x12=0x00000037 PA:0x00101bb6 store:0x00000020
          24642	     12317	001000f0	02060063	beq	x12,x0,100110	 x12:0x00000037  x0:0x00000000
          24646	     12319	001000f4	00c7a023	sw	x12,0(x15)	 x15:0x00020000 x12:0x00000037 PA:0x00020000 store:0x00000037 load:0x00000000
          24650	     12321	001000f8	00754683	lbu	x13,7(x10)	 x10:0x00101bb0 x13=0x00000066 PA:0x00101bb7 store:0x00000030
          24652	     12322	001000fc	00850513	addi	x10,x10,8	 x10:0x00101bb0 x10=0x00101bb8
          24654	     12323	00100100	00068863	beq	x13,x0,100110	 x13:0x00000066  x0:0x00000000
          24658	     12325	00100104	00d7a023	sw	x13,0(x15)	 x15:0x00020000 x13:0x00000066 PA:0x00020000 store:0x00000066 load:0x00000000
          24662	     12327	00100108	00054803	lbu	x16,0(x10)	 x10:0x00101bb8 x16=0x00000031 PA:0x00101bb8 store:0x00000000
          24666	     12329	0010010c	fa0810e3	bne	x16,x0,1000ac	 x16:0x00000031  x0:0x00000000
          24672	     12332	001000ac	0107a023	sw	x16,0(x15)	 x15:0x00020000 x16:0x00000031 PA:0x00020000 store:0x00000031 load:0x00000000
          24676	     12334	001000b0	00154703	lbu	x14,1(x10)	 x10:0x00101bb8 x14=0x00000064 PA:0x00101bb9 store:0x00101734
          24678	     12335	001000b4	04070e63	beq	x14,x0,100110	 x14:0x00000064  x0:0x00000000
          24682	     12337	001000b8	00e7a023	sw	x14,0(x15)	 x15:0x00020000 x14:0x00000064 PA:0x00020000 store:0x00000064 load:0x00000000
          24686	     12339	001000bc	00254283	lbu	x5,2(x10)	 x10:0x00101bb8  x5=0x00000066 PA:0x00101bba store:0x00137fa0
          24688	     12340	001000c0	04028863	beq	x5,x0,100110	  x5:0x00000066  x0:0x00000000
          24692	     12342	001000c4	0057a023	sw	x5,0(x15)	 x15:0x00020000  x5:0x00000066 PA:0x00020000 store:0x00000066 load:0x00000000
          24696	     12344	001000c8	00354303	lbu	x6,3(x10)	 x10:0x00101bb8  x6=0x00000063 PA:0x00101bbb store:0x00000000
          24698	     12345	001000cc	04030263	beq	x6,x0,100110	  x6:0x00000063  x0:0x00000000
          24702	     12347	001000d0	0067a023	sw	x6,0(x15)	 x15:0x00020000  x6:0x00000063 PA:0x00020000 store:0x00000063 load:0x00000000
          24706	     12349	001000d4	00454383	lbu	x7,4(x10)	 x10:0x00101bb8  x7=0x00000038 PA:0x00101bbc store:0x00000000
          24708	     12350	001000d8	02038c63	beq	x7,x0,100110	  x7:0x00000038  x0:0x00000000
          24712	     12352	001000dc	0077a023	sw	x7,0(x15)	 x15:0x00020000  x7:0x00000038 PA:0x00020000 store:0x00000038 load:0x00000000
          24716	     12354	001000e0	00554583	lbu	x11,5(x10)	 x10:0x00101bb8 x11=0x00000037 PA:0x00101bbd store:0x00000066
          24718	     12355	001000e4	02058663	beq	x11,x0,100110	 x11:0x00000037  x0:0x00000000
          24722	     12357	001000e8	00b7a023	sw	x11,0(x15)	 x15:0x00020000 x11:0x00000037 PA:0x00020000 store:0x00000037 load:0x00000000
          24726	     12359	001000ec	00654603	lbu	x12,6(x10)	 x10:0x00101bb8 x12=0x0000003a PA:0x00101bbe store:0x00000063
          24728	     12360	001000f0	02060063	beq	x12,x0,100110	 x12:0x0000003a  x0:0x00000000
          24732	     12362	001000f4	00c7a023	sw	x12,0(x15)	 x15:0x00020000 x12:0x0000003a PA:0x00020000 store:0x0000003a load:0x00000000
          24736	     12364	001000f8	00754683	lbu	x13,7(x10)	 x10:0x00101bb8 x13=0x00000020 PA:0x00101bbf store:0x00000038
          24738	     12365	001000fc	00850513	addi	x10,x10,8	 x10:0x00101bb8 x10=0x00101bc0
          24740	     12366	00100100	00068863	beq	x13,x0,100110	 x13:0x00000020  x0:0x00000000
          24744	     12368	00100104	00d7a023	sw	x13,0(x15)	 x15:0x00020000 x13:0x00000020 PA:0x00020000 store:0x00000020 load:0x00000000
          24748	     12370	00100108	00054803	lbu	x16,0(x10)	 x10:0x00101bc0 x16=0x00000000 PA:0x00101bc0 store:0x00000000
          24750	     12371	0010010c	fa0810e3	bne	x16,x0,1000ac	 x16:0x00000000  x0:0x00000000
          24752	     12372	00100110	00000513	addi	x10,x0,0	  x0:0x00000000 x10=0x00000000
          24756	     12374	00100114	00008067	jalr	x0,0(x1)	  x1:0x00101734  x0=0x00000000
          24760	     12376	00101734	bf0a2503	lw	x10,-1040(x20)	 x20:0x00102000 x10=0x7f1dfc87 PA:0x00101bf0 store:0x00000000
          24762	     12377	00101738	00102a37	lui	x20,0x102	 x20=0x00102000
          24766	     12379	0010173c	9e5fe0ef	jal	x1,100120	  x1=0x00101740
          24768	     12380	00100120	01c55793	srli	x15,x10,0x1c	 x10:0x7f1dfc87 x15=0x00000007
          24770	     12381	00100124	00900713	addi	x14,x0,9	  x0:0x00000000 x14=0x00000009
          24774	     12383	00100128	0cf77a63	bgeu	x14,x15,1001fc	 x14:0x00000009 x15:0x00000007
          24778	     12385	001001fc	03078393	addi	x7,x15,48	 x15:0x00000007  x7=0x00000037
          24780	     12386	00100200	000205b7	lui	x11,0x20	 x11=0x00020000
          24782	     12387	00100204	00451613	slli	x12,x10,0x4	 x10:0x7f1dfc87 x12=0xf1dfc870
          24786	     12389	00100208	0075a023	sw	x7,0(x11)	 x11:0x00020000  x7:0x00000037 PA:0x00020000 store:0x00000037 load:0x00000000
          24788	     12390	0010020c	01c65693	srli	x13,x12,0x1c	 x12:0xf1dfc870 x13=0x0000000f
          24790	     12391	00100210	00900813	addi	x16,x0,9	  x0:0x00000000 x16=0x00000009
          24794	     12393	00100214	f2d86ae3	bltu	x16,x13,100148	 x16:0x00000009 x13:0x0000000f
          24798	     12395	00100148	03768893	addi	x17,x13,55	 x13:0x0000000f x17=0x00000046
          24800	     12396	0010014c	00020e37	lui	x28,0x20	 x28=0x00020000
          24802	     12397	00100150	00851f93	slli	x31,x10,0x8	 x10:0x7f1dfc87 x31=0x1dfc8700
          24806	     12399	00100154	011e2023	sw	x17,0(x28)	 x28:0x00020000 x17:0x00000046 PA:0x00020000 store:0x00000046 load:0x00000000
          24808	     12400	00100158	01cfd793	srli	x15,x31,0x1c	 x31:0x1dfc8700 x15=0x00000001
          24810	     12401	0010015c	00900713	addi	x14,x0,9	  x0:0x00000000 x14=0x00000009
          24814	     12403	00100160	0cf77a63	bgeu	x14,x15,100234	 x14:0x00000009 x15:0x00000001
          24818	     12405	00100234	03078393	addi	x7,x15,48	 x15:0x00000001  x7=0x00000031
          24820	     12406	00100238	000205b7	lui	x11,0x20	 x11=0x00020000
          24822	     12407	0010023c	00c51613	slli	x12,x10,0xc	 x10:0x7f1dfc87 x12=0xdfc87000
          24826	     12409	00100240	0075a023	sw	x7,0(x11)	 x11:0x00020000  x7:0x00000031 PA:0x00020000 store:0x00000031 load:0x00000000
          24828	     12410	00100244	01c65693	srli	x13,x12,0x1c	 x12:0xdfc87000 x13=0x0000000d
          24830	     12411	00100248	00900813	addi	x16,x0,9	  x0:0x00000000 x16=0x00000009
          24834	     12413	0010024c	f2d86ae3	bltu	x16,x13,100180	 x16:0x00000009 x13:0x0000000d
          24838	     12415	00100180	03768893	addi	x17,x13,55	 x13:0x0000000d x17=0x00000044
          24840	     12416	00100184	00020e37	lui	x28,0x20	 x28=0x00020000
          24842	     12417	00100188	01051f93	slli	x31,x10,0x10	 x10:0x7f1dfc87 x31=0xfc870000
          24846	     12419	0010018c	011e2023	sw	x17,0(x28)	 x28:0x00020000 x17:0x00000044 PA:0x00020000 store:0x00000044 load:0x00000000
          24848	     12420	00100190	01cfd793	srli	x15,x31,0x1c	 x31:0xfc870000 x15=0x0000000f
          24850	     12421	00100194	00900713	addi	x14,x0,9	  x0:0x00000000 x14=0x00000009
          24852	     12422	00100198	0cf77a63	bgeu	x14,x15,10026c	 x14:0x00000009 x15:0x0000000f
          24854	     12423	0010019c	03778293	addi	x5,x15,55	 x15:0x0000000f  x5=0x00000046
          24856	     12424	001001a0	00020337	lui	x6,0x20	  x6=0x00020000
          24858	     12425	001001a4	01451613	slli	x12,x10,0x14	 x10:0x7f1dfc87 x12=0xc8700000
          24862	     12427	001001a8	00532023	sw	x5,0(x6)	  x6:0x00020000  x5:0x00000046 PA:0x00020000 store:0x00000046 load:0x00000000
          24864	     12428	001001ac	01c65693	srli	x13,x12,0x1c	 x12:0xc8700000 x13=0x0000000c
          24866	     12429	001001b0	00900813	addi	x16,x0,9	  x0:0x00000000 x16=0x00000009
          24868	     12430	001001b4	0cd87a63	bgeu	x16,x13,100288	 x16:0x00000009 x13:0x0000000c
          24870	     12431	001001b8	03768893	addi	x17,x13,55	 x13:0x0000000c x17=0x00000043
          24872	     12432	001001bc	00020e37	lui	x28,0x20	 x28=0x00020000
          24874	     12433	001001c0	01851f93	slli	x31,x10,0x18	 x10:0x7f1dfc87 x31=0x87000000
          24878	     12435	001001c4	011e2023	sw	x17,0(x28)	 x28:0x00020000 x17:0x00000043 PA:0x00020000 store:0x00000043 load:0x00000000
          24880	     12436	001001c8	01cfd793	srli	x15,x31,0x1c	 x31:0x87000000 x15=0x00000008
          24882	     12437	001001cc	00900713	addi	x14,x0,9	  x0:0x00000000 x14=0x00000009
          24886	     12439	001001d0	0cf77a63	bgeu	x14,x15,1002a4	 x14:0x00000009 x15:0x00000008
          24890	     12441	001002a4	03078393	addi	x7,x15,48	 x15:0x00000008  x7=0x00000038
          24892	     12442	001002a8	000205b7	lui	x11,0x20	 x11=0x00020000
          24896	     12444	001002ac	0075a023	sw	x7,0(x11)	 x11:0x00020000  x7:0x00000038 PA:0x00020000 store:0x00000038 load:0x00000000
          24898	     12445	001002b0	00f57513	andi	x10,x10,15	 x10:0x7f1dfc87 x10=0x00000007
          24900	     12446	001002b4	00900613	addi	x12,x0,9	  x0:0x00000000 x12=0x00000009
          24904	     12448	001002b8	f2a67ae3	bgeu	x12,x10,1001ec	 x12:0x00000009 x10:0x00000007
          24908	     12450	001001ec	03050893	addi	x17,x10,48	 x10:0x00000007 x17=0x00000037
          24910	     12451	001001f0	00020e37	lui	x28,0x20	 x28=0x00020000
          24914	     12453	001001f4	011e2023	sw	x17,0(x28)	 x28:0x00020000 x17:0x00000037 PA:0x00020000 store:0x00000037 load:0x00000000
          24918	     12455	001001f8	00008067	jalr	x0,0(x1)	  x1:0x00101740  x0=0x00000000
          24920	     12456	00101740	bc4a0513	addi	x10,x20,-1084	 x20:0x00102000 x10=0x00101bc4
          24924	     12458	00101744	95dfe0ef	jal	x1,1000a0	  x1=0x00101748
          24928	     12460	001000a0	00054803	lbu	x16,0(x10)	 x10:0x00101bc4 x16=0x0000000a PA:0x00101bc4 store:0x00000000
          24930	     12461	001000a4	06080663	beq	x16,x0,100110	 x16:0x0000000a  x0:0x00000000
          24932	     12462	001000a8	000207b7	lui	x15,0x20	 x15=0x00020000
          24936	     12464	001000ac	0107a023	sw	x16,0(x15)	 x15:0x00020000 x16:0x0000000a PA:0x00020000 store:0x0000000a load:0x00000000
          24940	     12466	001000b0	00154703	lbu	x14,1(x10)	 x10:0x00101bc4 x14=0x0000000a PA:0x00101bc5 store:0x00101748
          24942	     12467	001000b4	04070e63	beq	x14,x0,100110	 x14:0x0000000a  x0:0x00000000
          24946	     12469	001000b8	00e7a023	sw	x14,0(x15)	 x15:0x00020000 x14:0x0000000a PA:0x00020000 store:0x0000000a load:0x00000000
          24950	     12471	001000bc	00254283	lbu	x5,2(x10)	 x10:0x00101bc4  x5=0x00000000 PA:0x00101bc6 store:0x00137fa0
          24954	     12473	001000c0	04028863	beq	x5,x0,100110	  x5:0x00000000  x0:0x00000000
          24958	     12475	00100110	00000513	addi	x10,x0,0	  x0:0x00000000 x10=0x00000000
          24962	     12477	00100114	00008067	jalr	x0,0(x1)	  x1:0x00101748  x0=0x00000000
          24964	     12478	00101748	00000513	addi	x10,x0,0	  x0:0x00000000 x10=0x00000000
          24968	     12480	0010174c	d15fe0ef	jal	x1,100460	  x1=0x00101750
          24970	     12481	00100460	00153513	sltiu	x10,x10,1	 x10:0x00000000 x10=0x00000001
          24972	     12482	00100464	40a002b3	sub	x5,x0,x10	  x0:0x00000000 x10:0x00000001  x5=0xffffffff
          24974	     12483	00100468	32029073	csrrw	x0,mcountinhibit,x5	  x5:0xffffffff  x0=0x00000000
          24978	     12485	0010046c	00008067	jalr	x0,0(x1)	  x1:0x00101750  x0=0x00000000
          24980	     12486	00101750	7d000513	addi	x10,x0,2000	  x0:0x00000000 x10=0x000007d0
          24982	     12487	00101754	00000593	addi	x11,x0,0	  x0:0x00000000 x11=0x00000000
          24986	     12489	00101758	ba8ff0ef	jal	x1,100b00	  x1=0x0010175c
          24988	     12490	00100b00	001026b7	lui	x13,0x102	 x13=0x00102000
          24990	     12491	00100b04	00000813	addi	x16,x0,0	  x0:0x00000000 x16=0x00000000
          24992	     12492	00100b08	001027b7	lui	x15,0x102	 x15=0x00102000
          24994	     12493	00100b0c	00030737	lui	x14,0x30	 x14=0x00030000
          24996	     12494	00100b10	00000893	addi	x17,x0,0	  x0:0x00000000 x17=0x00000000
          25000	     12496	00100b14	bf06a023	sw	x16,-1056(x13)	 x13:0x00102000 x16:0x00000000 PA:0x00101be0 store:0x00000000 load:0x00000a0a
          25004	     12498	00100b18	bf16a223	sw	x17,-1052(x13)	 x13:0x00102000 x17:0x00000000 PA:0x00101be4 store:0x00000000 load:0x00000a0a
          25008	     12500	00100b1c	bca7ac23	sw	x10,-1064(x15)	 x15:0x00102000 x10:0x000007d0 PA:0x00101bd8 store:0x000007d0 load:0x00000a0a
          25012	     12502	00100b20	bcb7ae23	sw	x11,-1060(x15)	 x15:0x00102000 x11:0x00000000 PA:0x00101bdc store:0x00000000 load:0x00000a0a
          25014	     12503	00100b24	00030637	lui	x12,0x30	 x12=0x00030000
          25016	     12504	00100b28	00470293	addi	x5,x14,4	 x14:0x00030000  x5=0x00030004
          25020	     12506	00100b2c	0002a783	lw	x15,0(x5)	  x5:0x00030004 x15=0x00000000 PA:0x00030004 store:0x00000000
          25024	     12508	00100b30	00062683	lw	x13,0(x12)	 x12:0x00030000 x13=0x000030da PA:0x00030000 store:0x00000000
          25028	     12510	00100b34	0002a303	lw	x6,0(x5)	  x5:0x00030004  x6=0x00000000 PA:0x00030004 store:0x00000000
          25032	     12512	00100b38	06678a63	beq	x15,x6,100bac	 x15:0x00000000  x6:0x00000000
          25036	     12514	00100bac	000308b7	lui	x17,0x30	 x17=0x00030000
          25038	     12515	00100bb0	00a68533	add	x10,x13,x10	 x13:0x000030da x10:0x000007d0 x10=0x000038aa
          25040	     12516	00100bb4	00888293	addi	x5,x17,8	 x17:0x00030000  x5=0x00030008
          25042	     12517	00100bb8	00b783b3	add	x7,x15,x11	 x15:0x00000000 x11:0x00000000  x7=0x00000000
          25044	     12518	00100bbc	00d53333	sltu	x6,x10,x13	 x10:0x000038aa x13:0x000030da  x6=0x00000000
          25046	     12519	00100bc0	fff00593	addi	x11,x0,-1	  x0:0x00000000 x11=0xffffffff
          25050	     12521	00100bc4	00b2a023	sw	x11,0(x5)	  x5:0x00030008 x11:0xffffffff PA:0x00030008 store:0xffffffff load:0x00000000
          25052	     12522	00100bc8	00030637	lui	x12,0x30	 x12=0x00030000
          25054	     12523	00100bcc	00730e33	add	x28,x6,x7	  x6:0x00000000  x7:0x00000000 x28=0x00000000
          25058	     12525	00100bd0	01c62623	sw	x28,12(x12)	 x12:0x00030000 x28:0x00000000 PA:0x0003000c store:0x00000000 load:0x00000000
          25062	     12527	00100bd4	00a2a023	sw	x10,0(x5)	  x5:0x00030008 x10:0x000038aa PA:0x00030008 store:0x000038aa load:0xffffffff
          25064	     12528	00100bd8	08000e93	addi	x29,x0,128	  x0:0x00000000 x29=0x00000080
          25066	     12529	00100bdc	304ea073	csrrs	x0,mie,x29	 x29:0x00000080  x0=0x00000000
          25072	     12532	00100be0	00800f13	addi	x30,x0,8	  x0:0x00000000 x30=0x00000008
          25074	     12533	00100be4	300f2073	csrrs	x0,mstatus,x30	 x30:0x00000008  x0=0x00000000
          25082	     12537	00100be8	00008067	jalr	x0,0(x1)	  x1:0x0010175c  x0=0x00000000
          25086	     12539	0010175c	d64ff0ef	jal	x1,100cc0	  x1=0x00101760
          25088	     12540	00100cc0	001027b7	lui	x15,0x102	 x15=0x00102000
          25092	     12542	00100cc4	be07a503	lw	x10,-1056(x15)	 x15:0x00102000 x10=0x00000000 PA:0x00101be0 store:0x00000000
          25096	     12544	00100cc8	be47a583	lw	x11,-1052(x15)	 x15:0x00102000 x11=0x00000000 PA:0x00101be4 store:0x00000000
          25100	     12546	00100ccc	00008067	jalr	x0,0(x1)	  x1:0x00101760  x0=0x00000000
          25102	     12547	00101760	00058913	addi	x18,x11,0	 x11:0x00000000 x18=0x00000000
          25104	     12548	00101764	00050413	addi	x8,x10,0	 x10:0x00000000  x8=0x00000000
          25106	     12549	00101768	06059a63	bne	x11,x0,1017dc	 x11:0x00000000  x0:0x00000000
          25108	     12550	0010176c	00400093	addi	x1,x0,4	  x0:0x00000000  x1=0x00000004
          25110	     12551	00101770	06a0e663	bltu	x1,x10,1017dc	  x1:0x00000004 x10:0x00000000
          25114	     12553	00101774	d4cff0ef	jal	x1,100cc0	  x1=0x00101778
          25116	     12554	00100cc0	001027b7	lui	x15,0x102	 x15=0x00102000
          25120	     12556	00100cc4	be07a503	lw	x10,-1056(x15)	 x15:0x00102000 x10=0x00000000 PA:0x00101be0 store:0x00000000
          25124	     12558	00100cc8	be47a583	lw	x11,-1052(x15)	 x15:0x00102000 x11=0x00000000 PA:0x00101be4 store:0x00000000
          25128	     12560	00100ccc	00008067	jalr	x0,0(x1)	  x1:0x00101778  x0=0x00000000
          25130	     12561	00101778	00102d37	lui	x26,0x102	 x26=0x00102000
          25132	     12562	0010177c	00050c93	addi	x25,x10,0	 x10:0x00000000 x25=0x00000000
          25134	     12563	00101780	00157e13	andi	x28,x10,1	 x10:0x00000000 x28=0x00000000
          25136	     12564	00101784	00400a93	addi	x21,x0,4	  x0:0x00000000 x21=0x00000004
          25138	     12565	00101788	00102db7	lui	x27,0x102	 x27=0x00102000
          25140	     12566	0010178c	bc8d0513	addi	x10,x26,-1080	 x26:0x00102000 x10=0x00101bc8
          25142	     12567	00101790	00058493	addi	x9,x11,0	 x11:0x00000000  x9=0x00000000
          25146	     12569	00101794	028c8e63	beq	x25,x8,1017d0	 x25:0x00000000  x8:0x00000000
          25150	     12571	001017d0	fd2594e3	bne	x11,x18,101798	 x11:0x00000000 x18:0x00000000
          25152	     12572	001017d4	10500073	wfi	
          29034	     14513	0010001c	6890006f	jal	x0,100ea4	  x0=0x00000000
          29038	     14515	00100ea4	e2dff06f	jal	x0,100cd0	  x0=0x00000000
          29040	     14516	00100cd0	fe010113	addi	x2,x2,-32	  x2:0x00137fa0  x2=0x00137f80
          29044	     14518	00100cd4	00f12423	sw	x15,8(x2)	  x2:0x00137f80 x15:0x00102000 PA:0x00137f88 store:0x00102000 load:0x00000000
          29046	     14519	00100cd8	001027b7	lui	x15,0x102	 x15=0x00102000
          29050	     14521	00100cdc	00b12c23	sw	x11,24(x2)	  x2:0x00137f80 x11:0x00000000 PA:0x00137f98 store:0x00000000 load:0x00000000
          29054	     14523	00100ce0	01012223	sw	x16,4(x2)	  x2:0x00137f80 x16:0x00000000 PA:0x00137f84 store:0x00000000 load:0x00000000
          29058	     14525	00100ce4	bd87a583	lw	x11,-1064(x15)	 x15:0x00102000 x11=0x000007d0 PA:0x00101bd8 store:0x00102000
          29062	     14527	00100ce8	bdc7a803	lw	x16,-1060(x15)	 x15:0x00102000 x16=0x00000000 PA:0x00101bdc store:0x00000000
          29066	     14529	00100cec	00e12623	sw	x14,12(x2)	  x2:0x00137f80 x14:0x00030000 PA:0x00137f8c store:0x00030000 load:0x00000000
          29068	     14530	00100cf0	00030737	lui	x14,0x30	 x14=0x00030000
          29072	     14532	00100cf4	00c12a23	sw	x12,20(x2)	  x2:0x00137f80 x12:0x00030000 PA:0x00137f94 store:0x00030000 load:0x00000000
          29076	     14534	00100cf8	01112023	sw	x17,0(x2)	  x2:0x00137f80 x17:0x00030000 PA:0x00137f80 store:0x00030000 load:0x00000000
          29080	     14536	00100cfc	00a12e23	sw	x10,28(x2)	  x2:0x00137f80 x10:0x00101bc8 PA:0x00137f9c store:0x00101bc8 load:0x00000000
          29084	     14538	00100d00	00d12823	sw	x13,16(x2)	  x2:0x00137f80 x13:0x000030da PA:0x00137f90 store:0x000030da load:0x00000000
          29086	     14539	00100d04	00030637	lui	x12,0x30	 x12=0x00030000
          29088	     14540	00100d08	00470893	addi	x17,x14,4	 x14:0x00030000 x17=0x00030004
          29092	     14542	00100d0c	0008a783	lw	x15,0(x17)	 x17:0x00030004 x15=0x00000000 PA:0x00030004 store:0x00000000
          29096	     14544	00100d10	00062683	lw	x13,0(x12)	 x12:0x00030000 x13=0x000038ce PA:0x00030000 store:0x00000000
          29100	     14546	00100d14	0008a503	lw	x10,0(x17)	 x17:0x00030004 x10=0x00000000 PA:0x00030004 store:0x00000000
          29104	     14548	00100d18	06a78a63	beq	x15,x10,100d8c	 x15:0x00000000 x10:0x00000000
          29108	     14550	00100d8c	00b688b3	add	x17,x13,x11	 x13:0x000038ce x11:0x000007d0 x17=0x0000409e
          29110	     14551	00100d90	00030637	lui	x12,0x30	 x12=0x00030000
          29112	     14552	00100d94	00d8b6b3	sltu	x13,x17,x13	 x17:0x0000409e x13:0x000038ce x13=0x00000000
          29114	     14553	00100d98	01078833	add	x16,x15,x16	 x15:0x00000000 x16:0x00000000 x16=0x00000000
          29116	     14554	00100d9c	fff00513	addi	x10,x0,-1	  x0:0x00000000 x10=0xffffffff
          29120	     14556	00100da0	00a62423	sw	x10,8(x12)	 x12:0x00030000 x10:0xffffffff PA:0x00030008 store:0xffffffff load:0x000038aa
          29122	     14557	00100da4	010687b3	add	x15,x13,x16	 x13:0x00000000 x16:0x00000000 x15=0x00000000
          29124	     14558	00100da8	000305b7	lui	x11,0x30	 x11=0x00030000
          29128	     14560	00100dac	00f5a623	sw	x15,12(x11)	 x11:0x00030000 x15:0x00000000 PA:0x0003000c store:0x00000000 load:0x00000000
          29132	     14562	00100db0	01162423	sw	x17,8(x12)	 x12:0x00030000 x17:0x0000409e PA:0x00030008 store:0x0000409e load:0xffffffff
          29134	     14563	00100db4	001026b7	lui	x13,0x102	 x13=0x00102000
          29138	     14565	00100db8	be06a703	lw	x14,-1056(x13)	 x13:0x00102000 x14=0x00000000 PA:0x00101be0 store:0x00000000
          29142	     14567	00100dbc	be46a883	lw	x17,-1052(x13)	 x13:0x00102000 x17=0x00000000 PA:0x00101be4 store:0x00000000
          29146	     14569	00100dc0	01c12503	lw	x10,28(x2)	  x2:0x00137f80 x10=0x00101bc8 PA:0x00137f9c store:0x00000000
          29148	     14570	00100dc4	00170593	addi	x11,x14,1	 x14:0x00000000 x11=0x00000001
          29150	     14571	00100dc8	00e5b633	sltu	x12,x11,x14	 x11:0x00000001 x14:0x00000000 x12=0x00000000
          29152	     14572	00100dcc	01160833	add	x16,x12,x17	 x12:0x00000000 x17:0x00000000 x16=0x00000000
          29156	     14574	00100dd0	beb6a023	sw	x11,-1056(x13)	 x13:0x00102000 x11:0x00000001 PA:0x00101be0 store:0x00000001 load:0x00101bc8
          29160	     14576	00100dd4	bf06a223	sw	x16,-1052(x13)	 x13:0x00102000 x16:0x00000000 PA:0x00101be4 store:0x00000000 load:0x00101bc8
          29164	     14578	00100dd8	01812583	lw	x11,24(x2)	  x2:0x00137f80 x11=0x00000000 PA:0x00137f98 store:0x00102000
          29168	     14580	00100ddc	01412603	lw	x12,20(x2)	  x2:0x00137f80 x12=0x00030000 PA:0x00137f94 store:0x00102000
          29172	     14582	00100de0	01012683	lw	x13,16(x2)	  x2:0x00137f80 x13=0x000030da PA:0x00137f90 store:0x00000000
          29176	     14584	00100de4	00c12703	lw	x14,12(x2)	  x2:0x00137f80 x14=0x00030000 PA:0x00137f8c store:0x00030000
          29180	     14586	00100de8	00812783	lw	x15,8(x2)	  x2:0x00137f80 x15=0x00102000 PA:0x00137f88 store:0x00000000
          29184	     14588	00100dec	00412803	lw	x16,4(x2)	  x2:0x00137f80 x16=0x00000000 PA:0x00137f84 store:0x00000000
          29188	     14590	00100df0	00012883	lw	x17,0(x2)	  x2:0x00137f80 x17=0x00030000 PA:0x00137f80 store:0x00000000
          29190	     14591	00100df4	02010113	addi	x2,x2,32	  x2:0x00137f80  x2=0x00137fa0
          29192	     14592	00100df8	30200073	mret	
          29200	     14596	001017d8	fd9ff06f	jal	x0,1017b0	  x0=0x00000000
          29204	     14598	001017b0	d10ff0ef	jal	x1,100cc0	  x1=0x001017b4
          29206	     14599	00100cc0	001027b7	lui	x15,0x102	 x15=0x00102000
          29210	     14601	00100cc4	be07a503	lw	x10,-1056(x15)	 x15:0x00102000 x10=0x00000001 PA:0x00101be0 store:0x00000000
          29214	     14603	00100cc8	be47a583	lw	x11,-1052(x15)	 x15:0x00102000 x11=0x00000000 PA:0x00101be4 store:0x00000000
          29218	     14605	00100ccc	00008067	jalr	x0,0(x1)	  x1:0x001017b4  x0=0x00000000
          29220	     14606	001017b4	000c8413	addi	x8,x25,0	 x25:0x00000000  x8=0x00000000
          29222	     14607	001017b8	00050c93	addi	x25,x10,0	 x10:0x00000001 x25=0x00000001
          29224	     14608	001017bc	00048913	addi	x18,x9,0	  x9:0x00000000 x18=0x00000000
          29226	     14609	001017c0	00157e13	andi	x28,x10,1	 x10:0x00000001 x28=0x00000001
          29228	     14610	001017c4	00058493	addi	x9,x11,0	 x11:0x00000000  x9=0x00000000
          29230	     14611	001017c8	bc8d0513	addi	x10,x26,-1080	 x26:0x00102000 x10=0x00101bc8
          29234	     14613	001017cc	fc8c96e3	bne	x25,x8,101798	 x25:0x00000001  x8:0x00000000
          29240	     14616	00101798	000e1463	bne	x28,x0,1017a0	 x28:0x00000001  x0:0x00000000
          29246	     14619	001017a0	901fe0ef	jal	x1,1000a0	  x1=0x001017a4
          29250	     14621	001000a0	00054803	lbu	x16,0(x10)	 x10:0x00101bc8 x16=0x00000054 PA:0x00101bc8 store:0x00000000
          29252	     14622	001000a4	06080663	beq	x16,x0,100110	 x16:0x00000054  x0:0x00000000
          29254	     14623	001000a8	000207b7	lui	x15,0x20	 x15=0x00020000
          29258	     14625	001000ac	0107a023	sw	x16,0(x15)	 x15:0x00020000 x16:0x00000054 PA:0x00020000 store:0x00000054 load:0x00000000
          29262	     14627	001000b0	00154703	lbu	x14,1(x10)	 x10:0x00101bc8 x14=0x00000069 PA:0x00101bc9 store:0x001017a4
          29264	     14628	001000b4	04070e63	beq	x14,x0,100110	 x14:0x00000069  x0:0x00000000
          29268	     14630	001000b8	00e7a023	sw	x14,0(x15)	 x15:0x00020000 x14:0x00000069 PA:0x00020000 store:0x00000069 load:0x00000000
          29272	     14632	001000bc	00254283	lbu	x5,2(x10)	 x10:0x00101bc8  x5=0x00000063 PA:0x00101bca store:0x00137fa0
          29274	     14633	001000c0	04028863	beq	x5,x0,100110	  x5:0x00000063  x0:0x00000000
          29278	     14635	001000c4	0057a023	sw	x5,0(x15)	 x15:0x00020000  x5:0x00000063 PA:0x00020000 store:0x00000063 load:0x00000000
          29282	     14637	001000c8	00354303	lbu	x6,3(x10)	 x10:0x00101bc8  x6=0x0000006b PA:0x00101bcb store:0x00000000
          29284	     14638	001000cc	04030263	beq	x6,x0,100110	  x6:0x0000006b  x0:0x00000000
          29288	     14640	001000d0	0067a023	sw	x6,0(x15)	 x15:0x00020000  x6:0x0000006b PA:0x00020000 store:0x0000006b load:0x00000000
          29292	     14642	001000d4	00454383	lbu	x7,4(x10)	 x10:0x00101bc8  x7=0x00000021 PA:0x00101bcc store:0x00000000
          29294	     14643	001000d8	02038c63	beq	x7,x0,100110	  x7:0x00000021  x0:0x00000000
          29298	     14645	001000dc	0077a023	sw	x7,0(x15)	 x15:0x00020000  x7:0x00000021 PA:0x00020000 store:0x00000021 load:0x00000000
          29302	     14647	001000e0	00554583	lbu	x11,5(x10)	 x10:0x00101bc8 x11=0x0000000a PA:0x00101bcd store:0x00000063
          29304	     14648	001000e4	02058663	beq	x11,x0,100110	 x11:0x0000000a  x0:0x00000000
          29308	     14650	001000e8	00b7a023	sw	x11,0(x15)	 x15:0x00020000 x11:0x0000000a PA:0x00020000 store:0x0000000a load:0x00000000
          29312	     14652	001000ec	00654603	lbu	x12,6(x10)	 x10:0x00101bc8 x12=0x00000000 PA:0x00101bce store:0x0000006b
          29316	     14654	001000f0	02060063	beq	x12,x0,100110	 x12:0x00000000  x0:0x00000000
          29320	     14656	00100110	00000513	addi	x10,x0,0	  x0:0x00000000 x10=0x00000000
          29324	     14658	00100114	00008067	jalr	x0,0(x1)	  x1:0x001017a4  x0=0x00000000
          29326	     14659	001017a4	10500073	wfi	
          33106	     16549	0010001c	6890006f	jal	x0,100ea4	  x0=0x00000000
          33110	     16551	00100ea4	e2dff06f	jal	x0,100cd0	  x0=0x00000000
          33112	     16552	00100cd0	fe010113	addi	x2,x2,-32	  x2:0x00137fa0  x2=0x00137f80
          33116	     16554	00100cd4	00f12423	sw	x15,8(x2)	  x2:0x00137f80 x15:0x00020000 PA:0x00137f88 store:0x00020000 load:0x00000a21
          33118	     16555	00100cd8	001027b7	lui	x15,0x102	 x15=0x00102000
          33122	     16557	00100cdc	00b12c23	sw	x11,24(x2)	  x2:0x00137f80 x11:0x0000000a PA:0x00137f98 store:0x0000000a load:0x00000a21
          33126	     16559	00100ce0	01012223	sw	x16,4(x2)	  x2:0x00137f80 x16:0x00000054 PA:0x00137f84 store:0x00000054 load:0x00000a21
          33130	     16561	00100ce4	bd87a583	lw	x11,-1064(x15)	 x15:0x00102000 x11=0x000007d0 PA:0x00101bd8 store:0x00102000
          33134	     16563	00100ce8	bdc7a803	lw	x16,-1060(x15)	 x15:0x00102000 x16=0x00000000 PA:0x00101bdc store:0x00000001
          33138	     16565	00100cec	00e12623	sw	x14,12(x2)	  x2:0x00137f80 x14:0x00000069 PA:0x00137f8c store:0x00000069 load:0x00000000
          33140	     16566	00100cf0	00030737	lui	x14,0x30	 x14=0x00030000
          33144	     16568	00100cf4	00c12a23	sw	x12,20(x2)	  x2:0x00137f80 x12:0x00000000 PA:0x00137f94 store:0x00000000 load:0x00000000
          33148	     16570	00100cf8	01112023	sw	x17,0(x2)	  x2:0x00137f80 x17:0x00030000 PA:0x00137f80 store:0x00030000 load:0x00000000
          33152	     16572	00100cfc	00a12e23	sw	x10,28(x2)	  x2:0x00137f80 x10:0x00000000 PA:0x00137f9c store:0x00000000 load:0x00000000
          33156	     16574	00100d00	00d12823	sw	x13,16(x2)	  x2:0x00137f80 x13:0x000030da PA:0x00137f90 store:0x000030da load:0x00000000
          33158	     16575	00100d04	00030637	lui	x12,0x30	 x12=0x00030000
          33160	     16576	00100d08	00470893	addi	x17,x14,4	 x14:0x00030000 x17=0x00030004
          33164	     16578	00100d0c	0008a783	lw	x15,0(x17)	 x17:0x00030004 x15=0x00000000 PA:0x00030004 store:0x00000000
          33168	     16580	00100d10	00062683	lw	x13,0(x12)	 x12:0x00030000 x13=0x000040c2 PA:0x00030000 store:0x00000000
          33172	     16582	00100d14	0008a503	lw	x10,0(x17)	 x17:0x00030004 x10=0x00000000 PA:0x00030004 store:0x00000000
          33176	     16584	00100d18	06a78a63	beq	x15,x10,100d8c	 x15:0x00000000 x10:0x00000000
          33180	     16586	00100d8c	00b688b3	add	x17,x13,x11	 x13:0x000040c2 x11:0x000007d0 x17=0x00004892
          33182	     16587	00100d90	00030637	lui	x12,0x30	 x12=0x00030000
          33184	     16588	00100d94	00d8b6b3	sltu	x13,x17,x13	 x17:0x00004892 x13:0x000040c2 x13=0x00000000
          33186	     16589	00100d98	01078833	add	x16,x15,x16	 x15:0x00000000 x16:0x00000000 x16=0x00000000
          33188	     16590	00100d9c	fff00513	addi	x10,x0,-1	  x0:0x00000000 x10=0xffffffff
          33192	     16592	00100da0	00a62423	sw	x10,8(x12)	 x12:0x00030000 x10:0xffffffff PA:0x00030008 store:0xffffffff load:0x0000409e
          33194	     16593	00100da4	010687b3	add	x15,x13,x16	 x13:0x00000000 x16:0x00000000 x15=0x00000000
          33196	     16594	00100da8	000305b7	lui	x11,0x30	 x11=0x00030000
          33200	     16596	00100dac	00f5a623	sw	x15,12(x11)	 x11:0x00030000 x15:0x00000000 PA:0x0003000c store:0x00000000 load:0x00000000
          33204	     16598	00100db0	01162423	sw	x17,8(x12)	 x12:0x00030000 x17:0x00004892 PA:0x00030008 store:0x00004892 load:0xffffffff
          33206	     16599	00100db4	001026b7	lui	x13,0x102	 x13=0x00102000
          33210	     16601	00100db8	be06a703	lw	x14,-1056(x13)	 x13:0x00102000 x14=0x00000001 PA:0x00101be0 store:0x00000000
          33214	     16603	00100dbc	be46a883	lw	x17,-1052(x13)	 x13:0x00102000 x17=0x00000000 PA:0x00101be4 store:0x00000000
          33218	     16605	00100dc0	01c12503	lw	x10,28(x2)	  x2:0x00137f80 x10=0x00000000 PA:0x00137f9c store:0x00000001
          33220	     16606	00100dc4	00170593	addi	x11,x14,1	 x14:0x00000001 x11=0x00000002
          33222	     16607	00100dc8	00e5b633	sltu	x12,x11,x14	 x11:0x00000002 x14:0x00000001 x12=0x00000000
          33224	     16608	00100dcc	01160833	add	x16,x12,x17	 x12:0x00000000 x17:0x00000000 x16=0x00000000
          33228	     16610	00100dd0	beb6a023	sw	x11,-1056(x13)	 x13:0x00102000 x11:0x00000002 PA:0x00101be0 store:0x00000002 load:0x00000000
          33232	     16612	00100dd4	bf06a223	sw	x16,-1052(x13)	 x13:0x00102000 x16:0x00000000 PA:0x00101be4 store:0x00000000 load:0x00000000
          33236	     16614	00100dd8	01812583	lw	x11,24(x2)	  x2:0x00137f80 x11=0x0000000a PA:0x00137f98 store:0x00102000
          33240	     16616	00100ddc	01412603	lw	x12,20(x2)	  x2:0x00137f80 x12=0x00000000 PA:0x00137f94 store:0x00102000
          33244	     16618	00100de0	01012683	lw	x13,16(x2)	  x2:0x00137f80 x13=0x000030da PA:0x00137f90 store:0x00000000
          33248	     16620	00100de4	00c12703	lw	x14,12(x2)	  x2:0x00137f80 x14=0x00000069 PA:0x00137f8c store:0x00000000
          33252	     16622	00100de8	00812783	lw	x15,8(x2)	  x2:0x00137f80 x15=0x00020000 PA:0x00137f88 store:0x00000000
          33256	     16624	00100dec	00412803	lw	x16,4(x2)	  x2:0x00137f80 x16=0x00000054 PA:0x00137f84 store:0x00000000
          33260	     16626	00100df0	00012883	lw	x17,0(x2)	  x2:0x00137f80 x17=0x00030000 PA:0x00137f80 store:0x00000000
          33262	     16627	00100df4	02010113	addi	x2,x2,32	  x2:0x00137f80  x2=0x00137fa0
          33264	     16628	00100df8	30200073	mret	
          33270	     16631	001017a8	02049a63	bne	x9,x0,1017dc	  x9:0x00000000  x0:0x00000000
          33272	     16632	001017ac	039ae863	bltu	x21,x25,1017dc	 x21:0x00000004 x25:0x00000001
          33276	     16634	001017b0	d10ff0ef	jal	x1,100cc0	  x1=0x001017b4
          33278	     16635	00100cc0	001027b7	lui	x15,0x102	 x15=0x00102000
          33282	     16637	00100cc4	be07a503	lw	x10,-1056(x15)	 x15:0x00102000 x10=0x00000002 PA:0x00101be0 store:0x00000000
          33286	     16639	00100cc8	be47a583	lw	x11,-1052(x15)	 x15:0x00102000 x11=0x00000000 PA:0x00101be4 store:0x00000000
          33290	     16641	00100ccc	00008067	jalr	x0,0(x1)	  x1:0x001017b4  x0=0x00000000
          33292	     16642	001017b4	000c8413	addi	x8,x25,0	 x25:0x00000001  x8=0x00000001
          33294	     16643	001017b8	00050c93	addi	x25,x10,0	 x10:0x00000002 x25=0x00000002
          33296	     16644	001017bc	00048913	addi	x18,x9,0	  x9:0x00000000 x18=0x00000000
          33298	     16645	001017c0	00157e13	andi	x28,x10,1	 x10:0x00000002 x28=0x00000000
          33300	     16646	001017c4	00058493	addi	x9,x11,0	 x11:0x00000000  x9=0x00000000
          33302	     16647	001017c8	bc8d0513	addi	x10,x26,-1080	 x26:0x00102000 x10=0x00101bc8
          33306	     16649	001017cc	fc8c96e3	bne	x25,x8,101798	 x25:0x00000002  x8:0x00000001
          33310	     16651	00101798	000e1463	bne	x28,x0,1017a0	 x28:0x00000000  x0:0x00000000
          33312	     16652	0010179c	bd0d8513	addi	x10,x27,-1072	 x27:0x00102000 x10=0x00101bd0
          33316	     16654	001017a0	901fe0ef	jal	x1,1000a0	  x1=0x001017a4
          33320	     16656	001000a0	00054803	lbu	x16,0(x10)	 x10:0x00101bd0 x16=0x00000054 PA:0x00101bd0 store:0x00000000
          33322	     16657	001000a4	06080663	beq	x16,x0,100110	 x16:0x00000054  x0:0x00000000
          33324	     16658	001000a8	000207b7	lui	x15,0x20	 x15=0x00020000
          33328	     16660	001000ac	0107a023	sw	x16,0(x15)	 x15:0x00020000 x16:0x00000054 PA:0x00020000 store:0x00000054 load:0x00000000
          33332	     16662	001000b0	00154703	lbu	x14,1(x10)	 x10:0x00101bd0 x14=0x0000006f PA:0x00101bd1 store:0x001017a4
          33334	     16663	001000b4	04070e63	beq	x14,x0,100110	 x14:0x0000006f  x0:0x00000000
          33338	     16665	001000b8	00e7a023	sw	x14,0(x15)	 x15:0x00020000 x14:0x0000006f PA:0x00020000 store:0x0000006f load:0x00000000
          33342	     16667	001000bc	00254283	lbu	x5,2(x10)	 x10:0x00101bd0  x5=0x00000063 PA:0x00101bd2 store:0x00137fa0
          33344	     16668	001000c0	04028863	beq	x5,x0,100110	  x5:0x00000063  x0:0x00000000
          33348	     16670	001000c4	0057a023	sw	x5,0(x15)	 x15:0x00020000  x5:0x00000063 PA:0x00020000 store:0x00000063 load:0x00000000
          33352	     16672	001000c8	00354303	lbu	x6,3(x10)	 x10:0x00101bd0  x6=0x0000006b PA:0x00101bd3 store:0x00000000
          33354	     16673	001000cc	04030263	beq	x6,x0,100110	  x6:0x0000006b  x0:0x00000000
          33358	     16675	001000d0	0067a023	sw	x6,0(x15)	 x15:0x00020000  x6:0x0000006b PA:0x00020000 store:0x0000006b load:0x00000000
          33362	     16677	001000d4	00454383	lbu	x7,4(x10)	 x10:0x00101bd0  x7=0x00000021 PA:0x00101bd4 store:0x00000000
          33364	     16678	001000d8	02038c63	beq	x7,x0,100110	  x7:0x00000021  x0:0x00000000
          33368	     16680	001000dc	0077a023	sw	x7,0(x15)	 x15:0x00020000  x7:0x00000021 PA:0x00020000 store:0x00000021 load:0x00000000
          33372	     16682	001000e0	00554583	lbu	x11,5(x10)	 x10:0x00101bd0 x11=0x0000000a PA:0x00101bd5 store:0x00000063
          33374	     16683	001000e4	02058663	beq	x11,x0,100110	 x11:0x0000000a  x0:0x00000000
          33378	     16685	001000e8	00b7a023	sw	x11,0(x15)	 x15:0x00020000 x11:0x0000000a PA:0x00020000 store:0x0000000a load:0x00000000
          33382	     16687	001000ec	00654603	lbu	x12,6(x10)	 x10:0x00101bd0 x12=0x00000000 PA:0x00101bd6 store:0x0000006b
          33386	     16689	001000f0	02060063	beq	x12,x0,100110	 x12:0x00000000  x0:0x00000000
          33390	     16691	00100110	00000513	addi	x10,x0,0	  x0:0x00000000 x10=0x00000000
          33394	     16693	00100114	00008067	jalr	x0,0(x1)	  x1:0x001017a4  x0=0x00000000
          33396	     16694	001017a4	10500073	wfi	
          37178	     18585	0010001c	6890006f	jal	x0,100ea4	  x0=0x00000000
          37182	     18587	00100ea4	e2dff06f	jal	x0,100cd0	  x0=0x00000000
          37184	     18588	00100cd0	fe010113	addi	x2,x2,-32	  x2:0x00137fa0  x2=0x00137f80
          37188	     18590	00100cd4	00f12423	sw	x15,8(x2)	  x2:0x00137f80 x15:0x00020000 PA:0x00137f88 store:0x00020000 load:0x00000a21
          37190	     18591	00100cd8	001027b7	lui	x15,0x102	 x15=0x00102000
          37194	     18593	00100cdc	00b12c23	sw	x11,24(x2)	  x2:0x00137f80 x11:0x0000000a PA:0x00137f98 store:0x0000000a load:0x00000a21
          37198	     18595	00100ce0	01012223	sw	x16,4(x2)	  x2:0x00137f80 x16:0x00000054 PA:0x00137f84 store:0x00000054 load:0x00000a21
          37202	     18597	00100ce4	bd87a583	lw	x11,-1064(x15)	 x15:0x00102000 x11=0x000007d0 PA:0x00101bd8 store:0x00102000
          37206	     18599	00100ce8	bdc7a803	lw	x16,-1060(x15)	 x15:0x00102000 x16=0x00000000 PA:0x00101bdc store:0x00000000
          37210	     18601	00100cec	00e12623	sw	x14,12(x2)	  x2:0x00137f80 x14:0x0000006f PA:0x00137f8c store:0x0000006f load:0x00000000
          37212	     18602	00100cf0	00030737	lui	x14,0x30	 x14=0x00030000
          37216	     18604	00100cf4	00c12a23	sw	x12,20(x2)	  x2:0x00137f80 x12:0x00000000 PA:0x00137f94 store:0x00000000 load:0x00000000
          37220	     18606	00100cf8	01112023	sw	x17,0(x2)	  x2:0x00137f80 x17:0x00030000 PA:0x00137f80 store:0x00030000 load:0x00000000
          37224	     18608	00100cfc	00a12e23	sw	x10,28(x2)	  x2:0x00137f80 x10:0x00000000 PA:0x00137f9c store:0x00000000 load:0x00000000
          37228	     18610	00100d00	00d12823	sw	x13,16(x2)	  x2:0x00137f80 x13:0x000030da PA:0x00137f90 store:0x000030da load:0x00000000
          37230	     18611	00100d04	00030637	lui	x12,0x30	 x12=0x00030000
          37232	     18612	00100d08	00470893	addi	x17,x14,4	 x14:0x00030000 x17=0x00030004
          37236	     18614	00100d0c	0008a783	lw	x15,0(x17)	 x17:0x00030004 x15=0x00000000 PA:0x00030004 store:0x00000000
          37240	     18616	00100d10	00062683	lw	x13,0(x12)	 x12:0x00030000 x13=0x000048b6 PA:0x00030000 store:0x00000000
          37244	     18618	00100d14	0008a503	lw	x10,0(x17)	 x17:0x00030004 x10=0x00000000 PA:0x00030004 store:0x00000000
          37248	     18620	00100d18	06a78a63	beq	x15,x10,100d8c	 x15:0x00000000 x10:0x00000000
          37252	     18622	00100d8c	00b688b3	add	x17,x13,x11	 x13:0x000048b6 x11:0x000007d0 x17=0x00005086
          37254	     18623	00100d90	00030637	lui	x12,0x30	 x12=0x00030000
          37256	     18624	00100d94	00d8b6b3	sltu	x13,x17,x13	 x17:0x00005086 x13:0x000048b6 x13=0x00000000
          37258	     18625	00100d98	01078833	add	x16,x15,x16	 x15:0x00000000 x16:0x00000000 x16=0x00000000
          37260	     18626	00100d9c	fff00513	addi	x10,x0,-1	  x0:0x00000000 x10=0xffffffff
          37264	     18628	00100da0	00a62423	sw	x10,8(x12)	 x12:0x00030000 x10:0xffffffff PA:0x00030008 store:0xffffffff load:0x00004892
          37266	     18629	00100da4	010687b3	add	x15,x13,x16	 x13:0x00000000 x16:0x00000000 x15=0x00000000
          37268	     18630	00100da8	000305b7	lui	x11,0x30	 x11=0x00030000
          37272	     18632	00100dac	00f5a623	sw	x15,12(x11)	 x11:0x00030000 x15:0x00000000 PA:0x0003000c store:0x00000000 load:0x00000000
          37276	     18634	00100db0	01162423	sw	x17,8(x12)	 x12:0x00030000 x17:0x00005086 PA:0x00030008 store:0x00005086 load:0xffffffff
          37278	     18635	00100db4	001026b7	lui	x13,0x102	 x13=0x00102000
          37282	     18637	00100db8	be06a703	lw	x14,-1056(x13)	 x13:0x00102000 x14=0x00000002 PA:0x00101be0 store:0x00000000
          37286	     18639	00100dbc	be46a883	lw	x17,-1052(x13)	 x13:0x00102000 x17=0x00000000 PA:0x00101be4 store:0x00000000
          37290	     18641	00100dc0	01c12503	lw	x10,28(x2)	  x2:0x00137f80 x10=0x00000000 PA:0x00137f9c store:0x00000000
          37292	     18642	00100dc4	00170593	addi	x11,x14,1	 x14:0x00000002 x11=0x00000003
          37294	     18643	00100dc8	00e5b633	sltu	x12,x11,x14	 x11:0x00000003 x14:0x00000002 x12=0x00000000
          37296	     18644	00100dcc	01160833	add	x16,x12,x17	 x12:0x00000000 x17:0x00000000 x16=0x00000000
          37300	     18646	00100dd0	beb6a023	sw	x11,-1056(x13)	 x13:0x00102000 x11:0x00000003 PA:0x00101be0 store:0x00000003 load:0x00000000
          37304	     18648	00100dd4	bf06a223	sw	x16,-1052(x13)	 x13:0x00102000 x16:0x00000000 PA:0x00101be4 store:0x00000000 load:0x00000000
          37308	     18650	00100dd8	01812583	lw	x11,24(x2)	  x2:0x00137f80 x11=0x0000000a PA:0x00137f98 store:0x00102000
          37312	     18652	00100ddc	01412603	lw	x12,20(x2)	  x2:0x00137f80 x12=0x00000000 PA:0x00137f94 store:0x00102000
          37316	     18654	00100de0	01012683	lw	x13,16(x2)	  x2:0x00137f80 x13=0x000030da PA:0x00137f90 store:0x00000000
          37320	     18656	00100de4	00c12703	lw	x14,12(x2)	  x2:0x00137f80 x14=0x0000006f PA:0x00137f8c store:0x00000000
          37324	     18658	00100de8	00812783	lw	x15,8(x2)	  x2:0x00137f80 x15=0x00020000 PA:0x00137f88 store:0x00000001
          37328	     18660	00100dec	00412803	lw	x16,4(x2)	  x2:0x00137f80 x16=0x00000054 PA:0x00137f84 store:0x00000000
          37332	     18662	00100df0	00012883	lw	x17,0(x2)	  x2:0x00137f80 x17=0x00030000 PA:0x00137f80 store:0x00000000
          37334	     18663	00100df4	02010113	addi	x2,x2,32	  x2:0x00137f80  x2=0x00137fa0
          37336	     18664	00100df8	30200073	mret	
          37342	     18667	001017a8	02049a63	bne	x9,x0,1017dc	  x9:0x00000000  x0:0x00000000
          37344	     18668	001017ac	039ae863	bltu	x21,x25,1017dc	 x21:0x00000004 x25:0x00000002
          37348	     18670	001017b0	d10ff0ef	jal	x1,100cc0	  x1=0x001017b4
          37350	     18671	00100cc0	001027b7	lui	x15,0x102	 x15=0x00102000
          37354	     18673	00100cc4	be07a503	lw	x10,-1056(x15)	 x15:0x00102000 x10=0x00000003 PA:0x00101be0 store:0x00000000
          37358	     18675	00100cc8	be47a583	lw	x11,-1052(x15)	 x15:0x00102000 x11=0x00000000 PA:0x00101be4 store:0x00000000
          37362	     18677	00100ccc	00008067	jalr	x0,0(x1)	  x1:0x001017b4  x0=0x00000000
          37364	     18678	001017b4	000c8413	addi	x8,x25,0	 x25:0x00000002  x8=0x00000002
          37366	     18679	001017b8	00050c93	addi	x25,x10,0	 x10:0x00000003 x25=0x00000003
          37368	     18680	001017bc	00048913	addi	x18,x9,0	  x9:0x00000000 x18=0x00000000
          37370	     18681	001017c0	00157e13	andi	x28,x10,1	 x10:0x00000003 x28=0x00000001
          37372	     18682	001017c4	00058493	addi	x9,x11,0	 x11:0x00000000  x9=0x00000000
          37374	     18683	001017c8	bc8d0513	addi	x10,x26,-1080	 x26:0x00102000 x10=0x00101bc8
          37378	     18685	001017cc	fc8c96e3	bne	x25,x8,101798	 x25:0x00000003  x8:0x00000002
          37384	     18688	00101798	000e1463	bne	x28,x0,1017a0	 x28:0x00000001  x0:0x00000000
          37390	     18691	001017a0	901fe0ef	jal	x1,1000a0	  x1=0x001017a4
          37394	     18693	001000a0	00054803	lbu	x16,0(x10)	 x10:0x00101bc8 x16=0x00000054 PA:0x00101bc8 store:0x00000000
          37396	     18694	001000a4	06080663	beq	x16,x0,100110	 x16:0x00000054  x0:0x00000000
          37398	     18695	001000a8	000207b7	lui	x15,0x20	 x15=0x00020000
          37402	     18697	001000ac	0107a023	sw	x16,0(x15)	 x15:0x00020000 x16:0x00000054 PA:0x00020000 store:0x00000054 load:0x00000000
          37406	     18699	001000b0	00154703	lbu	x14,1(x10)	 x10:0x00101bc8 x14=0x00000069 PA:0x00101bc9 store:0x001017a4
          37408	     18700	001000b4	04070e63	beq	x14,x0,100110	 x14:0x00000069  x0:0x00000000
          37412	     18702	001000b8	00e7a023	sw	x14,0(x15)	 x15:0x00020000 x14:0x00000069 PA:0x00020000 store:0x00000069 load:0x00000000
          37416	     18704	001000bc	00254283	lbu	x5,2(x10)	 x10:0x00101bc8  x5=0x00000063 PA:0x00101bca store:0x00137fa0
          37418	     18705	001000c0	04028863	beq	x5,x0,100110	  x5:0x00000063  x0:0x00000000
          37422	     18707	001000c4	0057a023	sw	x5,0(x15)	 x15:0x00020000  x5:0x00000063 PA:0x00020000 store:0x00000063 load:0x00000000
          37426	     18709	001000c8	00354303	lbu	x6,3(x10)	 x10:0x00101bc8  x6=0x0000006b PA:0x00101bcb store:0x00000000
          37428	     18710	001000cc	04030263	beq	x6,x0,100110	  x6:0x0000006b  x0:0x00000000
          37432	     18712	001000d0	0067a023	sw	x6,0(x15)	 x15:0x00020000  x6:0x0000006b PA:0x00020000 store:0x0000006b load:0x00000000
          37436	     18714	001000d4	00454383	lbu	x7,4(x10)	 x10:0x00101bc8  x7=0x00000021 PA:0x00101bcc store:0x00000000
          37438	     18715	001000d8	02038c63	beq	x7,x0,100110	  x7:0x00000021  x0:0x00000000
          37442	     18717	001000dc	0077a023	sw	x7,0(x15)	 x15:0x00020000  x7:0x00000021 PA:0x00020000 store:0x00000021 load:0x00000000
          37446	     18719	001000e0	00554583	lbu	x11,5(x10)	 x10:0x00101bc8 x11=0x0000000a PA:0x00101bcd store:0x00000063
          37448	     18720	001000e4	02058663	beq	x11,x0,100110	 x11:0x0000000a  x0:0x00000000
          37452	     18722	001000e8	00b7a023	sw	x11,0(x15)	 x15:0x00020000 x11:0x0000000a PA:0x00020000 store:0x0000000a load:0x00000000
          37456	     18724	001000ec	00654603	lbu	x12,6(x10)	 x10:0x00101bc8 x12=0x00000000 PA:0x00101bce store:0x0000006b
          37460	     18726	001000f0	02060063	beq	x12,x0,100110	 x12:0x00000000  x0:0x00000000
          37464	     18728	00100110	00000513	addi	x10,x0,0	  x0:0x00000000 x10=0x00000000
          37468	     18730	00100114	00008067	jalr	x0,0(x1)	  x1:0x001017a4  x0=0x00000000
          37470	     18731	001017a4	10500073	wfi	
          41250	     20621	0010001c	6890006f	jal	x0,100ea4	  x0=0x00000000
          41254	     20623	00100ea4	e2dff06f	jal	x0,100cd0	  x0=0x00000000
          41256	     20624	00100cd0	fe010113	addi	x2,x2,-32	  x2:0x00137fa0  x2=0x00137f80
          41260	     20626	00100cd4	00f12423	sw	x15,8(x2)	  x2:0x00137f80 x15:0x00020000 PA:0x00137f88 store:0x00020000 load:0x00000a21
          41262	     20627	00100cd8	001027b7	lui	x15,0x102	 x15=0x00102000
          41266	     20629	00100cdc	00b12c23	sw	x11,24(x2)	  x2:0x00137f80 x11:0x0000000a PA:0x00137f98 store:0x0000000a load:0x00000a21
          41270	     20631	00100ce0	01012223	sw	x16,4(x2)	  x2:0x00137f80 x16:0x00000054 PA:0x00137f84 store:0x00000054 load:0x00000a21
          41274	     20633	00100ce4	bd87a583	lw	x11,-1064(x15)	 x15:0x00102000 x11=0x000007d0 PA:0x00101bd8 store:0x00102000
          41278	     20635	00100ce8	bdc7a803	lw	x16,-1060(x15)	 x15:0x00102000 x16=0x00000000 PA:0x00101bdc store:0x00000001
          41282	     20637	00100cec	00e12623	sw	x14,12(x2)	  x2:0x00137f80 x14:0x00000069 PA:0x00137f8c store:0x00000069 load:0x00000000
          41284	     20638	00100cf0	00030737	lui	x14,0x30	 x14=0x00030000
          41288	     20640	00100cf4	00c12a23	sw	x12,20(x2)	  x2:0x00137f80 x12:0x00000000 PA:0x00137f94 store:0x00000000 load:0x00000000
          41292	     20642	00100cf8	01112023	sw	x17,0(x2)	  x2:0x00137f80 x17:0x00030000 PA:0x00137f80 store:0x00030000 load:0x00000000
          41296	     20644	00100cfc	00a12e23	sw	x10,28(x2)	  x2:0x00137f80 x10:0x00000000 PA:0x00137f9c store:0x00000000 load:0x00000000
          41300	     20646	00100d00	00d12823	sw	x13,16(x2)	  x2:0x00137f80 x13:0x000030da PA:0x00137f90 store:0x000030da load:0x00000000
          41302	     20647	00100d04	00030637	lui	x12,0x30	 x12=0x00030000
          41304	     20648	00100d08	00470893	addi	x17,x14,4	 x14:0x00030000 x17=0x00030004
          41308	     20650	00100d0c	0008a783	lw	x15,0(x17)	 x17:0x00030004 x15=0x00000000 PA:0x00030004 store:0x00000000
          41312	     20652	00100d10	00062683	lw	x13,0(x12)	 x12:0x00030000 x13=0x000050aa PA:0x00030000 store:0x00000000
          41316	     20654	00100d14	0008a503	lw	x10,0(x17)	 x17:0x00030004 x10=0x00000000 PA:0x00030004 store:0x00000000
          41320	     20656	00100d18	06a78a63	beq	x15,x10,100d8c	 x15:0x00000000 x10:0x00000000
          41324	     20658	00100d8c	00b688b3	add	x17,x13,x11	 x13:0x000050aa x11:0x000007d0 x17=0x0000587a
          41326	     20659	00100d90	00030637	lui	x12,0x30	 x12=0x00030000
          41328	     20660	00100d94	00d8b6b3	sltu	x13,x17,x13	 x17:0x0000587a x13:0x000050aa x13=0x00000000
          41330	     20661	00100d98	01078833	add	x16,x15,x16	 x15:0x00000000 x16:0x00000000 x16=0x00000000
          41332	     20662	00100d9c	fff00513	addi	x10,x0,-1	  x0:0x00000000 x10=0xffffffff
          41336	     20664	00100da0	00a62423	sw	x10,8(x12)	 x12:0x00030000 x10:0xffffffff PA:0x00030008 store:0xffffffff load:0x00005086
          41338	     20665	00100da4	010687b3	add	x15,x13,x16	 x13:0x00000000 x16:0x00000000 x15=0x00000000
          41340	     20666	00100da8	000305b7	lui	x11,0x30	 x11=0x00030000
          41344	     20668	00100dac	00f5a623	sw	x15,12(x11)	 x11:0x00030000 x15:0x00000000 PA:0x0003000c store:0x00000000 load:0x00000000
          41348	     20670	00100db0	01162423	sw	x17,8(x12)	 x12:0x00030000 x17:0x0000587a PA:0x00030008 store:0x0000587a load:0xffffffff
          41350	     20671	00100db4	001026b7	lui	x13,0x102	 x13=0x00102000
          41354	     20673	00100db8	be06a703	lw	x14,-1056(x13)	 x13:0x00102000 x14=0x00000003 PA:0x00101be0 store:0x00000000
          41358	     20675	00100dbc	be46a883	lw	x17,-1052(x13)	 x13:0x00102000 x17=0x00000000 PA:0x00101be4 store:0x00000000
          41362	     20677	00100dc0	01c12503	lw	x10,28(x2)	  x2:0x00137f80 x10=0x00000000 PA:0x00137f9c store:0x00000001
          41364	     20678	00100dc4	00170593	addi	x11,x14,1	 x14:0x00000003 x11=0x00000004
          41366	     20679	00100dc8	00e5b633	sltu	x12,x11,x14	 x11:0x00000004 x14:0x00000003 x12=0x00000000
          41368	     20680	00100dcc	01160833	add	x16,x12,x17	 x12:0x00000000 x17:0x00000000 x16=0x00000000
          41372	     20682	00100dd0	beb6a023	sw	x11,-1056(x13)	 x13:0x00102000 x11:0x00000004 PA:0x00101be0 store:0x00000004 load:0x00000000
          41376	     20684	00100dd4	bf06a223	sw	x16,-1052(x13)	 x13:0x00102000 x16:0x00000000 PA:0x00101be4 store:0x00000000 load:0x00000000
          41380	     20686	00100dd8	01812583	lw	x11,24(x2)	  x2:0x00137f80 x11=0x0000000a PA:0x00137f98 store:0x00102000
          41384	     20688	00100ddc	01412603	lw	x12,20(x2)	  x2:0x00137f80 x12=0x00000000 PA:0x00137f94 store:0x00102000
          41388	     20690	00100de0	01012683	lw	x13,16(x2)	  x2:0x00137f80 x13=0x000030da PA:0x00137f90 store:0x00000000
          41392	     20692	00100de4	00c12703	lw	x14,12(x2)	  x2:0x00137f80 x14=0x00000069 PA:0x00137f8c store:0x00000000
          41396	     20694	00100de8	00812783	lw	x15,8(x2)	  x2:0x00137f80 x15=0x00020000 PA:0x00137f88 store:0x00000002
          41400	     20696	00100dec	00412803	lw	x16,4(x2)	  x2:0x00137f80 x16=0x00000054 PA:0x00137f84 store:0x00000000
          41404	     20698	00100df0	00012883	lw	x17,0(x2)	  x2:0x00137f80 x17=0x00030000 PA:0x00137f80 store:0x00000000
          41406	     20699	00100df4	02010113	addi	x2,x2,32	  x2:0x00137f80  x2=0x00137fa0
          41408	     20700	00100df8	30200073	mret	
          41414	     20703	001017a8	02049a63	bne	x9,x0,1017dc	  x9:0x00000000  x0:0x00000000
          41416	     20704	001017ac	039ae863	bltu	x21,x25,1017dc	 x21:0x00000004 x25:0x00000003
          41420	     20706	001017b0	d10ff0ef	jal	x1,100cc0	  x1=0x001017b4
          41422	     20707	00100cc0	001027b7	lui	x15,0x102	 x15=0x00102000
          41426	     20709	00100cc4	be07a503	lw	x10,-1056(x15)	 x15:0x00102000 x10=0x00000004 PA:0x00101be0 store:0x00000000
          41430	     20711	00100cc8	be47a583	lw	x11,-1052(x15)	 x15:0x00102000 x11=0x00000000 PA:0x00101be4 store:0x00000000
          41434	     20713	00100ccc	00008067	jalr	x0,0(x1)	  x1:0x001017b4  x0=0x00000000
          41436	     20714	001017b4	000c8413	addi	x8,x25,0	 x25:0x00000003  x8=0x00000003
          41438	     20715	001017b8	00050c93	addi	x25,x10,0	 x10:0x00000004 x25=0x00000004
          41440	     20716	001017bc	00048913	addi	x18,x9,0	  x9:0x00000000 x18=0x00000000
          41442	     20717	001017c0	00157e13	andi	x28,x10,1	 x10:0x00000004 x28=0x00000000
          41444	     20718	001017c4	00058493	addi	x9,x11,0	 x11:0x00000000  x9=0x00000000
          41446	     20719	001017c8	bc8d0513	addi	x10,x26,-1080	 x26:0x00102000 x10=0x00101bc8
          41450	     20721	001017cc	fc8c96e3	bne	x25,x8,101798	 x25:0x00000004  x8:0x00000003
          41454	     20723	00101798	000e1463	bne	x28,x0,1017a0	 x28:0x00000000  x0:0x00000000
          41456	     20724	0010179c	bd0d8513	addi	x10,x27,-1072	 x27:0x00102000 x10=0x00101bd0
          41460	     20726	001017a0	901fe0ef	jal	x1,1000a0	  x1=0x001017a4
          41464	     20728	001000a0	00054803	lbu	x16,0(x10)	 x10:0x00101bd0 x16=0x00000054 PA:0x00101bd0 store:0x00000000
          41466	     20729	001000a4	06080663	beq	x16,x0,100110	 x16:0x00000054  x0:0x00000000
          41468	     20730	001000a8	000207b7	lui	x15,0x20	 x15=0x00020000
          41472	     20732	001000ac	0107a023	sw	x16,0(x15)	 x15:0x00020000 x16:0x00000054 PA:0x00020000 store:0x00000054 load:0x00000000
          41476	     20734	001000b0	00154703	lbu	x14,1(x10)	 x10:0x00101bd0 x14=0x0000006f PA:0x00101bd1 store:0x001017a4
          41478	     20735	001000b4	04070e63	beq	x14,x0,100110	 x14:0x0000006f  x0:0x00000000
          41482	     20737	001000b8	00e7a023	sw	x14,0(x15)	 x15:0x00020000 x14:0x0000006f PA:0x00020000 store:0x0000006f load:0x00000000
          41486	     20739	001000bc	00254283	lbu	x5,2(x10)	 x10:0x00101bd0  x5=0x00000063 PA:0x00101bd2 store:0x00137fa0
          41488	     20740	001000c0	04028863	beq	x5,x0,100110	  x5:0x00000063  x0:0x00000000
          41492	     20742	001000c4	0057a023	sw	x5,0(x15)	 x15:0x00020000  x5:0x00000063 PA:0x00020000 store:0x00000063 load:0x00000000
          41496	     20744	001000c8	00354303	lbu	x6,3(x10)	 x10:0x00101bd0  x6=0x0000006b PA:0x00101bd3 store:0x00000000
          41498	     20745	001000cc	04030263	beq	x6,x0,100110	  x6:0x0000006b  x0:0x00000000
          41502	     20747	001000d0	0067a023	sw	x6,0(x15)	 x15:0x00020000  x6:0x0000006b PA:0x00020000 store:0x0000006b load:0x00000000
          41506	     20749	001000d4	00454383	lbu	x7,4(x10)	 x10:0x00101bd0  x7=0x00000021 PA:0x00101bd4 store:0x00000000
          41508	     20750	001000d8	02038c63	beq	x7,x0,100110	  x7:0x00000021  x0:0x00000000
          41512	     20752	001000dc	0077a023	sw	x7,0(x15)	 x15:0x00020000  x7:0x00000021 PA:0x00020000 store:0x00000021 load:0x00000000
          41516	     20754	001000e0	00554583	lbu	x11,5(x10)	 x10:0x00101bd0 x11=0x0000000a PA:0x00101bd5 store:0x00000063
          41518	     20755	001000e4	02058663	beq	x11,x0,100110	 x11:0x0000000a  x0:0x00000000
          41522	     20757	001000e8	00b7a023	sw	x11,0(x15)	 x15:0x00020000 x11:0x0000000a PA:0x00020000 store:0x0000000a load:0x00000000
          41526	     20759	001000ec	00654603	lbu	x12,6(x10)	 x10:0x00101bd0 x12=0x00000000 PA:0x00101bd6 store:0x0000006b
          41530	     20761	001000f0	02060063	beq	x12,x0,100110	 x12:0x00000000  x0:0x00000000
          41534	     20763	00100110	00000513	addi	x10,x0,0	  x0:0x00000000 x10=0x00000000
          41538	     20765	00100114	00008067	jalr	x0,0(x1)	  x1:0x001017a4  x0=0x00000000
          41540	     20766	001017a4	10500073	wfi	
          45322	     22657	0010001c	6890006f	jal	x0,100ea4	  x0=0x00000000
          45326	     22659	00100ea4	e2dff06f	jal	x0,100cd0	  x0=0x00000000
          45328	     22660	00100cd0	fe010113	addi	x2,x2,-32	  x2:0x00137fa0  x2=0x00137f80
          45332	     22662	00100cd4	00f12423	sw	x15,8(x2)	  x2:0x00137f80 x15:0x00020000 PA:0x00137f88 store:0x00020000 load:0x00000a21
          45334	     22663	00100cd8	001027b7	lui	x15,0x102	 x15=0x00102000
          45338	     22665	00100cdc	00b12c23	sw	x11,24(x2)	  x2:0x00137f80 x11:0x0000000a PA:0x00137f98 store:0x0000000a load:0x00000a21
          45342	     22667	00100ce0	01012223	sw	x16,4(x2)	  x2:0x00137f80 x16:0x00000054 PA:0x00137f84 store:0x00000054 load:0x00000a21
          45346	     22669	00100ce4	bd87a583	lw	x11,-1064(x15)	 x15:0x00102000 x11=0x000007d0 PA:0x00101bd8 store:0x00102000
          45350	     22671	00100ce8	bdc7a803	lw	x16,-1060(x15)	 x15:0x00102000 x16=0x00000000 PA:0x00101bdc store:0x00000000
          45354	     22673	00100cec	00e12623	sw	x14,12(x2)	  x2:0x00137f80 x14:0x0000006f PA:0x00137f8c store:0x0000006f load:0x00000000
          45356	     22674	00100cf0	00030737	lui	x14,0x30	 x14=0x00030000
          45360	     22676	00100cf4	00c12a23	sw	x12,20(x2)	  x2:0x00137f80 x12:0x00000000 PA:0x00137f94 store:0x00000000 load:0x00000000
          45364	     22678	00100cf8	01112023	sw	x17,0(x2)	  x2:0x00137f80 x17:0x00030000 PA:0x00137f80 store:0x00030000 load:0x00000000
          45368	     22680	00100cfc	00a12e23	sw	x10,28(x2)	  x2:0x00137f80 x10:0x00000000 PA:0x00137f9c store:0x00000000 load:0x00000000
          45372	     22682	00100d00	00d12823	sw	x13,16(x2)	  x2:0x00137f80 x13:0x000030da PA:0x00137f90 store:0x000030da load:0x00000000
          45374	     22683	00100d04	00030637	lui	x12,0x30	 x12=0x00030000
          45376	     22684	00100d08	00470893	addi	x17,x14,4	 x14:0x00030000 x17=0x00030004
          45380	     22686	00100d0c	0008a783	lw	x15,0(x17)	 x17:0x00030004 x15=0x00000000 PA:0x00030004 store:0x00000000
          45384	     22688	00100d10	00062683	lw	x13,0(x12)	 x12:0x00030000 x13=0x0000589e PA:0x00030000 store:0x00000000
          45388	     22690	00100d14	0008a503	lw	x10,0(x17)	 x17:0x00030004 x10=0x00000000 PA:0x00030004 store:0x00000000
          45392	     22692	00100d18	06a78a63	beq	x15,x10,100d8c	 x15:0x00000000 x10:0x00000000
          45396	     22694	00100d8c	00b688b3	add	x17,x13,x11	 x13:0x0000589e x11:0x000007d0 x17=0x0000606e
          45398	     22695	00100d90	00030637	lui	x12,0x30	 x12=0x00030000
          45400	     22696	00100d94	00d8b6b3	sltu	x13,x17,x13	 x17:0x0000606e x13:0x0000589e x13=0x00000000
          45402	     22697	00100d98	01078833	add	x16,x15,x16	 x15:0x00000000 x16:0x00000000 x16=0x00000000
          45404	     22698	00100d9c	fff00513	addi	x10,x0,-1	  x0:0x00000000 x10=0xffffffff
          45408	     22700	00100da0	00a62423	sw	x10,8(x12)	 x12:0x00030000 x10:0xffffffff PA:0x00030008 store:0xffffffff load:0x0000587a
          45410	     22701	00100da4	010687b3	add	x15,x13,x16	 x13:0x00000000 x16:0x00000000 x15=0x00000000
          45412	     22702	00100da8	000305b7	lui	x11,0x30	 x11=0x00030000
          45416	     22704	00100dac	00f5a623	sw	x15,12(x11)	 x11:0x00030000 x15:0x00000000 PA:0x0003000c store:0x00000000 load:0x00000000
          45420	     22706	00100db0	01162423	sw	x17,8(x12)	 x12:0x00030000 x17:0x0000606e PA:0x00030008 store:0x0000606e load:0xffffffff
          45422	     22707	00100db4	001026b7	lui	x13,0x102	 x13=0x00102000
          45426	     22709	00100db8	be06a703	lw	x14,-1056(x13)	 x13:0x00102000 x14=0x00000004 PA:0x00101be0 store:0x00000000
          45430	     22711	00100dbc	be46a883	lw	x17,-1052(x13)	 x13:0x00102000 x17=0x00000000 PA:0x00101be4 store:0x00000000
          45434	     22713	00100dc0	01c12503	lw	x10,28(x2)	  x2:0x00137f80 x10=0x00000000 PA:0x00137f9c store:0x00000000
          45436	     22714	00100dc4	00170593	addi	x11,x14,1	 x14:0x00000004 x11=0x00000005
          45438	     22715	00100dc8	00e5b633	sltu	x12,x11,x14	 x11:0x00000005 x14:0x00000004 x12=0x00000000
          45440	     22716	00100dcc	01160833	add	x16,x12,x17	 x12:0x00000000 x17:0x00000000 x16=0x00000000
          45444	     22718	00100dd0	beb6a023	sw	x11,-1056(x13)	 x13:0x00102000 x11:0x00000005 PA:0x00101be0 store:0x00000005 load:0x00000000
          45448	     22720	00100dd4	bf06a223	sw	x16,-1052(x13)	 x13:0x00102000 x16:0x00000000 PA:0x00101be4 store:0x00000000 load:0x00000000
          45452	     22722	00100dd8	01812583	lw	x11,24(x2)	  x2:0x00137f80 x11=0x0000000a PA:0x00137f98 store:0x00102000
          45456	     22724	00100ddc	01412603	lw	x12,20(x2)	  x2:0x00137f80 x12=0x00000000 PA:0x00137f94 store:0x00102000
          45460	     22726	00100de0	01012683	lw	x13,16(x2)	  x2:0x00137f80 x13=0x000030da PA:0x00137f90 store:0x00000000
          45464	     22728	00100de4	00c12703	lw	x14,12(x2)	  x2:0x00137f80 x14=0x0000006f PA:0x00137f8c store:0x00000000
          45468	     22730	00100de8	00812783	lw	x15,8(x2)	  x2:0x00137f80 x15=0x00020000 PA:0x00137f88 store:0x00000003
          45472	     22732	00100dec	00412803	lw	x16,4(x2)	  x2:0x00137f80 x16=0x00000054 PA:0x00137f84 store:0x00000000
          45476	     22734	00100df0	00012883	lw	x17,0(x2)	  x2:0x00137f80 x17=0x00030000 PA:0x00137f80 store:0x00000000
          45478	     22735	00100df4	02010113	addi	x2,x2,32	  x2:0x00137f80  x2=0x00137fa0
          45480	     22736	00100df8	30200073	mret	
          45486	     22739	001017a8	02049a63	bne	x9,x0,1017dc	  x9:0x00000000  x0:0x00000000
          45488	     22740	001017ac	039ae863	bltu	x21,x25,1017dc	 x21:0x00000004 x25:0x00000004
          45492	     22742	001017b0	d10ff0ef	jal	x1,100cc0	  x1=0x001017b4
          45494	     22743	00100cc0	001027b7	lui	x15,0x102	 x15=0x00102000
          45498	     22745	00100cc4	be07a503	lw	x10,-1056(x15)	 x15:0x00102000 x10=0x00000005 PA:0x00101be0 store:0x00000000
          45502	     22747	00100cc8	be47a583	lw	x11,-1052(x15)	 x15:0x00102000 x11=0x00000000 PA:0x00101be4 store:0x00000000
          45506	     22749	00100ccc	00008067	jalr	x0,0(x1)	  x1:0x001017b4  x0=0x00000000
          45508	     22750	001017b4	000c8413	addi	x8,x25,0	 x25:0x00000004  x8=0x00000004
          45510	     22751	001017b8	00050c93	addi	x25,x10,0	 x10:0x00000005 x25=0x00000005
          45512	     22752	001017bc	00048913	addi	x18,x9,0	  x9:0x00000000 x18=0x00000000
          45514	     22753	001017c0	00157e13	andi	x28,x10,1	 x10:0x00000005 x28=0x00000001
          45516	     22754	001017c4	00058493	addi	x9,x11,0	 x11:0x00000000  x9=0x00000000
          45518	     22755	001017c8	bc8d0513	addi	x10,x26,-1080	 x26:0x00102000 x10=0x00101bc8
          45522	     22757	001017cc	fc8c96e3	bne	x25,x8,101798	 x25:0x00000005  x8:0x00000004
          45528	     22760	00101798	000e1463	bne	x28,x0,1017a0	 x28:0x00000001  x0:0x00000000
          45534	     22763	001017a0	901fe0ef	jal	x1,1000a0	  x1=0x001017a4
          45538	     22765	001000a0	00054803	lbu	x16,0(x10)	 x10:0x00101bc8 x16=0x00000054 PA:0x00101bc8 store:0x00000000
          45540	     22766	001000a4	06080663	beq	x16,x0,100110	 x16:0x00000054  x0:0x00000000
          45542	     22767	001000a8	000207b7	lui	x15,0x20	 x15=0x00020000
          45546	     22769	001000ac	0107a023	sw	x16,0(x15)	 x15:0x00020000 x16:0x00000054 PA:0x00020000 store:0x00000054 load:0x00000000
          45550	     22771	001000b0	00154703	lbu	x14,1(x10)	 x10:0x00101bc8 x14=0x00000069 PA:0x00101bc9 store:0x001017a4
          45552	     22772	001000b4	04070e63	beq	x14,x0,100110	 x14:0x00000069  x0:0x00000000
          45556	     22774	001000b8	00e7a023	sw	x14,0(x15)	 x15:0x00020000 x14:0x00000069 PA:0x00020000 store:0x00000069 load:0x00000000
          45560	     22776	001000bc	00254283	lbu	x5,2(x10)	 x10:0x00101bc8  x5=0x00000063 PA:0x00101bca store:0x00137fa0
          45562	     22777	001000c0	04028863	beq	x5,x0,100110	  x5:0x00000063  x0:0x00000000
          45566	     22779	001000c4	0057a023	sw	x5,0(x15)	 x15:0x00020000  x5:0x00000063 PA:0x00020000 store:0x00000063 load:0x00000000
          45570	     22781	001000c8	00354303	lbu	x6,3(x10)	 x10:0x00101bc8  x6=0x0000006b PA:0x00101bcb store:0x00000000
          45572	     22782	001000cc	04030263	beq	x6,x0,100110	  x6:0x0000006b  x0:0x00000000
          45576	     22784	001000d0	0067a023	sw	x6,0(x15)	 x15:0x00020000  x6:0x0000006b PA:0x00020000 store:0x0000006b load:0x00000000
          45580	     22786	001000d4	00454383	lbu	x7,4(x10)	 x10:0x00101bc8  x7=0x00000021 PA:0x00101bcc store:0x00000000
          45582	     22787	001000d8	02038c63	beq	x7,x0,100110	  x7:0x00000021  x0:0x00000000
          45586	     22789	001000dc	0077a023	sw	x7,0(x15)	 x15:0x00020000  x7:0x00000021 PA:0x00020000 store:0x00000021 load:0x00000000
          45590	     22791	001000e0	00554583	lbu	x11,5(x10)	 x10:0x00101bc8 x11=0x0000000a PA:0x00101bcd store:0x00000063
          45592	     22792	001000e4	02058663	beq	x11,x0,100110	 x11:0x0000000a  x0:0x00000000
          45596	     22794	001000e8	00b7a023	sw	x11,0(x15)	 x15:0x00020000 x11:0x0000000a PA:0x00020000 store:0x0000000a load:0x00000000
          45600	     22796	001000ec	00654603	lbu	x12,6(x10)	 x10:0x00101bc8 x12=0x00000000 PA:0x00101bce store:0x0000006b
          45604	     22798	001000f0	02060063	beq	x12,x0,100110	 x12:0x00000000  x0:0x00000000
          45608	     22800	00100110	00000513	addi	x10,x0,0	  x0:0x00000000 x10=0x00000000
          45612	     22802	00100114	00008067	jalr	x0,0(x1)	  x1:0x001017a4  x0=0x00000000
          45614	     22803	001017a4	10500073	wfi	
          49394	     24693	0010001c	6890006f	jal	x0,100ea4	  x0=0x00000000
          49398	     24695	00100ea4	e2dff06f	jal	x0,100cd0	  x0=0x00000000
          49400	     24696	00100cd0	fe010113	addi	x2,x2,-32	  x2:0x00137fa0  x2=0x00137f80
          49404	     24698	00100cd4	00f12423	sw	x15,8(x2)	  x2:0x00137f80 x15:0x00020000 PA:0x00137f88 store:0x00020000 load:0x00000a21
          49406	     24699	00100cd8	001027b7	lui	x15,0x102	 x15=0x00102000
          49410	     24701	00100cdc	00b12c23	sw	x11,24(x2)	  x2:0x00137f80 x11:0x0000000a PA:0x00137f98 store:0x0000000a load:0x00000a21
          49414	     24703	00100ce0	01012223	sw	x16,4(x2)	  x2:0x00137f80 x16:0x00000054 PA:0x00137f84 store:0x00000054 load:0x00000a21
          49418	     24705	00100ce4	bd87a583	lw	x11,-1064(x15)	 x15:0x00102000 x11=0x000007d0 PA:0x00101bd8 store:0x00102000
          49422	     24707	00100ce8	bdc7a803	lw	x16,-1060(x15)	 x15:0x00102000 x16=0x00000000 PA:0x00101bdc store:0x00000001
          49426	     24709	00100cec	00e12623	sw	x14,12(x2)	  x2:0x00137f80 x14:0x00000069 PA:0x00137f8c store:0x00000069 load:0x00000000
          49428	     24710	00100cf0	00030737	lui	x14,0x30	 x14=0x00030000
          49432	     24712	00100cf4	00c12a23	sw	x12,20(x2)	  x2:0x00137f80 x12:0x00000000 PA:0x00137f94 store:0x00000000 load:0x00000000
          49436	     24714	00100cf8	01112023	sw	x17,0(x2)	  x2:0x00137f80 x17:0x00030000 PA:0x00137f80 store:0x00030000 load:0x00000000
          49440	     24716	00100cfc	00a12e23	sw	x10,28(x2)	  x2:0x00137f80 x10:0x00000000 PA:0x00137f9c store:0x00000000 load:0x00000000
          49444	     24718	00100d00	00d12823	sw	x13,16(x2)	  x2:0x00137f80 x13:0x000030da PA:0x00137f90 store:0x000030da load:0x00000000
          49446	     24719	00100d04	00030637	lui	x12,0x30	 x12=0x00030000
          49448	     24720	00100d08	00470893	addi	x17,x14,4	 x14:0x00030000 x17=0x00030004
          49452	     24722	00100d0c	0008a783	lw	x15,0(x17)	 x17:0x00030004 x15=0x00000000 PA:0x00030004 store:0x00000000
          49456	     24724	00100d10	00062683	lw	x13,0(x12)	 x12:0x00030000 x13=0x00006092 PA:0x00030000 store:0x00000000
          49460	     24726	00100d14	0008a503	lw	x10,0(x17)	 x17:0x00030004 x10=0x00000000 PA:0x00030004 store:0x00000000
          49464	     24728	00100d18	06a78a63	beq	x15,x10,100d8c	 x15:0x00000000 x10:0x00000000
          49468	     24730	00100d8c	00b688b3	add	x17,x13,x11	 x13:0x00006092 x11:0x000007d0 x17=0x00006862
          49470	     24731	00100d90	00030637	lui	x12,0x30	 x12=0x00030000
          49472	     24732	00100d94	00d8b6b3	sltu	x13,x17,x13	 x17:0x00006862 x13:0x00006092 x13=0x00000000
          49474	     24733	00100d98	01078833	add	x16,x15,x16	 x15:0x00000000 x16:0x00000000 x16=0x00000000
          49476	     24734	00100d9c	fff00513	addi	x10,x0,-1	  x0:0x00000000 x10=0xffffffff
          49480	     24736	00100da0	00a62423	sw	x10,8(x12)	 x12:0x00030000 x10:0xffffffff PA:0x00030008 store:0xffffffff load:0x0000606e
          49482	     24737	00100da4	010687b3	add	x15,x13,x16	 x13:0x00000000 x16:0x00000000 x15=0x00000000
          49484	     24738	00100da8	000305b7	lui	x11,0x30	 x11=0x00030000
          49488	     24740	00100dac	00f5a623	sw	x15,12(x11)	 x11:0x00030000 x15:0x00000000 PA:0x0003000c store:0x00000000 load:0x00000000
          49492	     24742	00100db0	01162423	sw	x17,8(x12)	 x12:0x00030000 x17:0x00006862 PA:0x00030008 store:0x00006862 load:0xffffffff
          49494	     24743	00100db4	001026b7	lui	x13,0x102	 x13=0x00102000
          49498	     24745	00100db8	be06a703	lw	x14,-1056(x13)	 x13:0x00102000 x14=0x00000005 PA:0x00101be0 store:0x00000000
          49502	     24747	00100dbc	be46a883	lw	x17,-1052(x13)	 x13:0x00102000 x17=0x00000000 PA:0x00101be4 store:0x00000000
          49506	     24749	00100dc0	01c12503	lw	x10,28(x2)	  x2:0x00137f80 x10=0x00000000 PA:0x00137f9c store:0x00000001
          49508	     24750	00100dc4	00170593	addi	x11,x14,1	 x14:0x00000005 x11=0x00000006
          49510	     24751	00100dc8	00e5b633	sltu	x12,x11,x14	 x11:0x00000006 x14:0x00000005 x12=0x00000000
          49512	     24752	00100dcc	01160833	add	x16,x12,x17	 x12:0x00000000 x17:0x00000000 x16=0x00000000
          49516	     24754	00100dd0	beb6a023	sw	x11,-1056(x13)	 x13:0x00102000 x11:0x00000006 PA:0x00101be0 store:0x00000006 load:0x00000000
          49520	     24756	00100dd4	bf06a223	sw	x16,-1052(x13)	 x13:0x00102000 x16:0x00000000 PA:0x00101be4 store:0x00000000 load:0x00000000
          49524	     24758	00100dd8	01812583	lw	x11,24(x2)	  x2:0x00137f80 x11=0x0000000a PA:0x00137f98 store:0x00102000
          49528	     24760	00100ddc	01412603	lw	x12,20(x2)	  x2:0x00137f80 x12=0x00000000 PA:0x00137f94 store:0x00102000
          49532	     24762	00100de0	01012683	lw	x13,16(x2)	  x2:0x00137f80 x13=0x000030da PA:0x00137f90 store:0x00000000
          49536	     24764	00100de4	00c12703	lw	x14,12(x2)	  x2:0x00137f80 x14=0x00000069 PA:0x00137f8c store:0x00000000
          49540	     24766	00100de8	00812783	lw	x15,8(x2)	  x2:0x00137f80 x15=0x00020000 PA:0x00137f88 store:0x00000004
          49544	     24768	00100dec	00412803	lw	x16,4(x2)	  x2:0x00137f80 x16=0x00000054 PA:0x00137f84 store:0x00000000
          49548	     24770	00100df0	00012883	lw	x17,0(x2)	  x2:0x00137f80 x17=0x00030000 PA:0x00137f80 store:0x00000000
          49550	     24771	00100df4	02010113	addi	x2,x2,32	  x2:0x00137f80  x2=0x00137fa0
          49552	     24772	00100df8	30200073	mret	
          49558	     24775	001017a8	02049a63	bne	x9,x0,1017dc	  x9:0x00000000  x0:0x00000000
          49562	     24777	001017ac	039ae863	bltu	x21,x25,1017dc	 x21:0x00000004 x25:0x00000005
          49568	     24780	001017dc	05c12083	lw	x1,92(x2)	  x2:0x00137fa0  x1=0x00100f58 PA:0x00137ffc store:0x00000001
          49572	     24782	001017e0	05812403	lw	x8,88(x2)	  x2:0x00137fa0  x8=0x00000000 PA:0x00137ff8 store:0x00102000
          49576	     24784	001017e4	05412483	lw	x9,84(x2)	  x2:0x00137fa0  x9=0x00000000 PA:0x00137ff4 store:0x00102000
          49580	     24786	001017e8	05012903	lw	x18,80(x2)	  x2:0x00137fa0 x18=0x00000000 PA:0x00137ff0 store:0x00000054
          49584	     24788	001017ec	04c12983	lw	x19,76(x2)	  x2:0x00137fa0 x19=0x00000000 PA:0x00137fec store:0x00000000
          49588	     24790	001017f0	04812a03	lw	x20,72(x2)	  x2:0x00137fa0 x20=0x00000000 PA:0x00137fe8 store:0x00000000
          49592	     24792	001017f4	04412a83	lw	x21,68(x2)	  x2:0x00137fa0 x21=0x00000000 PA:0x00137fe4 store:0x00000000
          49596	     24794	001017f8	04012b03	lw	x22,64(x2)	  x2:0x00137fa0 x22=0x00000000 PA:0x00137fe0 store:0x00000000
          49600	     24796	001017fc	03c12b83	lw	x23,60(x2)	  x2:0x00137fa0 x23=0x00000000 PA:0x00137fdc store:0x00000001
          49604	     24798	00101800	03812c03	lw	x24,56(x2)	  x2:0x00137fa0 x24=0x00000000 PA:0x00137fd8 store:0x00102000
          49608	     24800	00101804	03412c83	lw	x25,52(x2)	  x2:0x00137fa0 x25=0x00000000 PA:0x00137fd4 store:0x00000000
          49612	     24802	00101808	03012d03	lw	x26,48(x2)	  x2:0x00137fa0 x26=0x00101c44 PA:0x00137fd0 store:0x00000054
          49622	     24807	0010180c	02c12d83	lw	x27,44(x2)	  x2:0x00137fa0 x27=0x00101c40 PA:0x00137fcc store:0x00000000
          49624	     24808	00101810	01c12407	flw	f8,28(x2)	  f2:0x00137fa0  f8=0x00000000 PA:0x00137fbc store:0x80000000
          49626	     24809	00101814	01812487	flw	f9,24(x2)	  f2:0x00137fa0  f9=0x00000000 PA:0x00137fb8 store:0x00000000
          49628	     24810	00101818	01412907	flw	f18,20(x2)	  f2:0x00137fa0 f18=0x00000000 PA:0x00137fb4 store:0x7f167699
          49630	     24811	0010181c	01012987	flw	f19,16(x2)	  f2:0x00137fa0 f19=0x00000000 PA:0x00137fb0 store:0x7fa00000
          49632	     24812	00101820	00c12a07	flw	f20,12(x2)	  f2:0x00137fa0 f20=0x00000000 PA:0x00137fac store:0x7f167699
          49634	     24813	00101824	00812a87	flw	f21,8(x2)	  f2:0x00137fa0 f21=0x00000000 PA:0x00137fa8 store:0x00000000
          49636	     24814	00101828	00000513	addi	x10,x0,0	  x0:0x00000000 x10=0x00000000
          49638	     24815	0010182c	06010113	addi	x2,x2,96	  x2:0x00137fa0  x2=0x00138000
          49640	     24816	00101830	00008067	jalr	x0,0(x1)	  x1:0x00100f58  x0=0x00000000
          49642	     24817	00100f58	000202b7	lui	x5,0x20	  x5=0x00020000
          49644	     24818	00100f5c	00828293	addi	x5,x5,8	  x5:0x00020000  x5=0x00020008
          49646	     24819	00100f60	00100313	addi	x6,x0,1	  x0:0x00000000  x6=0x00000001
