Time	Cycle	PC	Insn	Decoded instruction	Register and memory contents
             20	         6	00100080	6290006f	jal	x0,100ea8	  x0=0x00000000
             22	         7	00100ea8	00000093	addi	x1,x0,0	  x0:0x00000000  x1=0x00000000
             24	         8	00100eac	00008113	addi	x2,x1,0	  x1:0x00000000  x2=0x00000000
             26	         9	00100eb0	00008193	addi	x3,x1,0	  x1:0x00000000  x3=0x00000000
             28	        10	00100eb4	00008213	addi	x4,x1,0	  x1:0x00000000  x4=0x00000000
             30	        11	00100eb8	00008293	addi	x5,x1,0	  x1:0x00000000  x5=0x00000000
             32	        12	00100ebc	00008313	addi	x6,x1,0	  x1:0x00000000  x6=0x00000000
             34	        13	00100ec0	00008393	addi	x7,x1,0	  x1:0x00000000  x7=0x00000000
             36	        14	00100ec4	00008413	addi	x8,x1,0	  x1:0x00000000  x8=0x00000000
             38	        15	00100ec8	00008493	addi	x9,x1,0	  x1:0x00000000  x9=0x00000000
             40	        16	00100ecc	00008513	addi	x10,x1,0	  x1:0x00000000 x10=0x00000000
             42	        17	00100ed0	00008593	addi	x11,x1,0	  x1:0x00000000 x11=0x00000000
             44	        18	00100ed4	00008613	addi	x12,x1,0	  x1:0x00000000 x12=0x00000000
             46	        19	00100ed8	00008693	addi	x13,x1,0	  x1:0x00000000 x13=0x00000000
             48	        20	00100edc	00008713	addi	x14,x1,0	  x1:0x00000000 x14=0x00000000
             50	        21	00100ee0	00008793	addi	x15,x1,0	  x1:0x00000000 x15=0x00000000
             52	        22	00100ee4	00008813	addi	x16,x1,0	  x1:0x00000000 x16=0x00000000
             54	        23	00100ee8	00008893	addi	x17,x1,0	  x1:0x00000000 x17=0x00000000
             56	        24	00100eec	00008913	addi	x18,x1,0	  x1:0x00000000 x18=0x00000000
             58	        25	00100ef0	00008993	addi	x19,x1,0	  x1:0x00000000 x19=0x00000000
             60	        26	00100ef4	00008a13	addi	x20,x1,0	  x1:0x00000000 x20=0x00000000
             62	        27	00100ef8	00008a93	addi	x21,x1,0	  x1:0x00000000 x21=0x00000000
             64	        28	00100efc	00008b13	addi	x22,x1,0	  x1:0x00000000 x22=0x00000000
             66	        29	00100f00	00008b93	addi	x23,x1,0	  x1:0x00000000 x23=0x00000000
             68	        30	00100f04	00008c13	addi	x24,x1,0	  x1:0x00000000 x24=0x00000000
             70	        31	00100f08	00008c93	addi	x25,x1,0	  x1:0x00000000 x25=0x00000000
             72	        32	00100f0c	00008d13	addi	x26,x1,0	  x1:0x00000000 x26=0x00000000
             74	        33	00100f10	00008d93	addi	x27,x1,0	  x1:0x00000000 x27=0x00000000
             76	        34	00100f14	00008e13	addi	x28,x1,0	  x1:0x00000000 x28=0x00000000
             78	        35	00100f18	00008e93	addi	x29,x1,0	  x1:0x00000000 x29=0x00000000
             80	        36	00100f1c	00008f13	addi	x30,x1,0	  x1:0x00000000 x30=0x00000000
             82	        37	00100f20	00008f93	addi	x31,x1,0	  x1:0x00000000 x31=0x00000000
             84	        38	00100f24	00037117	auipc	x2,0x37	  x2=0x00137f24
             86	        39	00100f28	0dc10113	addi	x2,x2,220	  x2:0x00137f24  x2=0x00138000
             88	        40	00100f2c	00001d17	auipc	x26,0x1	 x26=0x00101f2c
             90	        41	00100f30	db4d0d13	addi	x26,x26,-588	 x26:0x00101f2c x26=0x00101ce0
             92	        42	00100f34	00001d97	auipc	x27,0x1	 x27=0x00101f34
             94	        43	00100f38	e14d8d93	addi	x27,x27,-492	 x27:0x00101f34 x27=0x00101d48
             96	        44	00100f3c	01bd5863	bge	x26,x27,100f4c	 x26:0x00101ce0 x27:0x00101d48
            100	        46	00100f40	000d2023	sw	x0,0(x26)	 x26:0x00101ce0  x0:0x00000000 PA:0x00101ce0 store:0x00000000 load:0x00000000
            102	        47	00100f44	004d0d13	addi	x26,x26,4	 x26:0x00101ce0 x26=0x00101ce4
            106	        49	00100f48	ffaddce3	bge	x27,x26,100f40	 x27:0x00101d48 x26:0x00101ce4
            112	        52	00100f40	000d2023	sw	x0,0(x26)	 x26:0x00101ce4  x0:0x00000000 PA:0x00101ce4 store:0x00000000 load:0x00000000
            114	        53	00100f44	004d0d13	addi	x26,x26,4	 x26:0x00101ce4 x26=0x00101ce8
            118	        55	00100f48	ffaddce3	bge	x27,x26,100f40	 x27:0x00101d48 x26:0x00101ce8
            124	        58	00100f40	000d2023	sw	x0,0(x26)	 x26:0x00101ce8  x0:0x00000000 PA:0x00101ce8 store:0x00000000 load:0x00000000
            126	        59	00100f44	004d0d13	addi	x26,x26,4	 x26:0x00101ce8 x26=0x00101cec
            130	        61	00100f48	ffaddce3	bge	x27,x26,100f40	 x27:0x00101d48 x26:0x00101cec
            136	        64	00100f40	000d2023	sw	x0,0(x26)	 x26:0x00101cec  x0:0x00000000 PA:0x00101cec store:0x00000000 load:0x00000000
            138	        65	00100f44	004d0d13	addi	x26,x26,4	 x26:0x00101cec x26=0x00101cf0
            142	        67	00100f48	ffaddce3	bge	x27,x26,100f40	 x27:0x00101d48 x26:0x00101cf0
            148	        70	00100f40	000d2023	sw	x0,0(x26)	 x26:0x00101cf0  x0:0x00000000 PA:0x00101cf0 store:0x00000000 load:0x00000000
            150	        71	00100f44	004d0d13	addi	x26,x26,4	 x26:0x00101cf0 x26=0x00101cf4
            154	        73	00100f48	ffaddce3	bge	x27,x26,100f40	 x27:0x00101d48 x26:0x00101cf4
            160	        76	00100f40	000d2023	sw	x0,0(x26)	 x26:0x00101cf4  x0:0x00000000 PA:0x00101cf4 store:0x00000000 load:0x00000000
            162	        77	00100f44	004d0d13	addi	x26,x26,4	 x26:0x00101cf4 x26=0x00101cf8
            166	        79	00100f48	ffaddce3	bge	x27,x26,100f40	 x27:0x00101d48 x26:0x00101cf8
            172	        82	00100f40	000d2023	sw	x0,0(x26)	 x26:0x00101cf8  x0:0x00000000 PA:0x00101cf8 store:0x00000000 load:0x00000000
            174	        83	00100f44	004d0d13	addi	x26,x26,4	 x26:0x00101cf8 x26=0x00101cfc
            178	        85	00100f48	ffaddce3	bge	x27,x26,100f40	 x27:0x00101d48 x26:0x00101cfc
            184	        88	00100f40	000d2023	sw	x0,0(x26)	 x26:0x00101cfc  x0:0x00000000 PA:0x00101cfc store:0x00000000 load:0x00000000
            186	        89	00100f44	004d0d13	addi	x26,x26,4	 x26:0x00101cfc x26=0x00101d00
            190	        91	00100f48	ffaddce3	bge	x27,x26,100f40	 x27:0x00101d48 x26:0x00101d00
            196	        94	00100f40	000d2023	sw	x0,0(x26)	 x26:0x00101d00  x0:0x00000000 PA:0x00101d00 store:0x00000000 load:0x00000000
            198	        95	00100f44	004d0d13	addi	x26,x26,4	 x26:0x00101d00 x26=0x00101d04
            202	        97	00100f48	ffaddce3	bge	x27,x26,100f40	 x27:0x00101d48 x26:0x00101d04
            208	       100	00100f40	000d2023	sw	x0,0(x26)	 x26:0x00101d04  x0:0x00000000 PA:0x00101d04 store:0x00000000 load:0x00000000
            210	       101	00100f44	004d0d13	addi	x26,x26,4	 x26:0x00101d04 x26=0x00101d08
            214	       103	00100f48	ffaddce3	bge	x27,x26,100f40	 x27:0x00101d48 x26:0x00101d08
            220	       106	00100f40	000d2023	sw	x0,0(x26)	 x26:0x00101d08  x0:0x00000000 PA:0x00101d08 store:0x00000000 load:0x00000000
            222	       107	00100f44	004d0d13	addi	x26,x26,4	 x26:0x00101d08 x26=0x00101d0c
            226	       109	00100f48	ffaddce3	bge	x27,x26,100f40	 x27:0x00101d48 x26:0x00101d0c
            232	       112	00100f40	000d2023	sw	x0,0(x26)	 x26:0x00101d0c  x0:0x00000000 PA:0x00101d0c store:0x00000000 load:0x00000000
            234	       113	00100f44	004d0d13	addi	x26,x26,4	 x26:0x00101d0c x26=0x00101d10
            238	       115	00100f48	ffaddce3	bge	x27,x26,100f40	 x27:0x00101d48 x26:0x00101d10
            244	       118	00100f40	000d2023	sw	x0,0(x26)	 x26:0x00101d10  x0:0x00000000 PA:0x00101d10 store:0x00000000 load:0x00000000
            246	       119	00100f44	004d0d13	addi	x26,x26,4	 x26:0x00101d10 x26=0x00101d14
            250	       121	00100f48	ffaddce3	bge	x27,x26,100f40	 x27:0x00101d48 x26:0x00101d14
            256	       124	00100f40	000d2023	sw	x0,0(x26)	 x26:0x00101d14  x0:0x00000000 PA:0x00101d14 store:0x00000000 load:0x00000000
            258	       125	00100f44	004d0d13	addi	x26,x26,4	 x26:0x00101d14 x26=0x00101d18
            262	       127	00100f48	ffaddce3	bge	x27,x26,100f40	 x27:0x00101d48 x26:0x00101d18
            268	       130	00100f40	000d2023	sw	x0,0(x26)	 x26:0x00101d18  x0:0x00000000 PA:0x00101d18 store:0x00000000 load:0x00000000
            270	       131	00100f44	004d0d13	addi	x26,x26,4	 x26:0x00101d18 x26=0x00101d1c
            274	       133	00100f48	ffaddce3	bge	x27,x26,100f40	 x27:0x00101d48 x26:0x00101d1c
            280	       136	00100f40	000d2023	sw	x0,0(x26)	 x26:0x00101d1c  x0:0x00000000 PA:0x00101d1c store:0x00000000 load:0x00000000
            282	       137	00100f44	004d0d13	addi	x26,x26,4	 x26:0x00101d1c x26=0x00101d20
            286	       139	00100f48	ffaddce3	bge	x27,x26,100f40	 x27:0x00101d48 x26:0x00101d20
            292	       142	00100f40	000d2023	sw	x0,0(x26)	 x26:0x00101d20  x0:0x00000000 PA:0x00101d20 store:0x00000000 load:0x00000000
            294	       143	00100f44	004d0d13	addi	x26,x26,4	 x26:0x00101d20 x26=0x00101d24
            298	       145	00100f48	ffaddce3	bge	x27,x26,100f40	 x27:0x00101d48 x26:0x00101d24
            304	       148	00100f40	000d2023	sw	x0,0(x26)	 x26:0x00101d24  x0:0x00000000 PA:0x00101d24 store:0x00000000 load:0x00000000
            306	       149	00100f44	004d0d13	addi	x26,x26,4	 x26:0x00101d24 x26=0x00101d28
            310	       151	00100f48	ffaddce3	bge	x27,x26,100f40	 x27:0x00101d48 x26:0x00101d28
            316	       154	00100f40	000d2023	sw	x0,0(x26)	 x26:0x00101d28  x0:0x00000000 PA:0x00101d28 store:0x00000000 load:0x00000000
            318	       155	00100f44	004d0d13	addi	x26,x26,4	 x26:0x00101d28 x26=0x00101d2c
            322	       157	00100f48	ffaddce3	bge	x27,x26,100f40	 x27:0x00101d48 x26:0x00101d2c
            328	       160	00100f40	000d2023	sw	x0,0(x26)	 x26:0x00101d2c  x0:0x00000000 PA:0x00101d2c store:0x00000000 load:0x00000000
            330	       161	00100f44	004d0d13	addi	x26,x26,4	 x26:0x00101d2c x26=0x00101d30
            334	       163	00100f48	ffaddce3	bge	x27,x26,100f40	 x27:0x00101d48 x26:0x00101d30
            340	       166	00100f40	000d2023	sw	x0,0(x26)	 x26:0x00101d30  x0:0x00000000 PA:0x00101d30 store:0x00000000 load:0x00000000
            342	       167	00100f44	004d0d13	addi	x26,x26,4	 x26:0x00101d30 x26=0x00101d34
            346	       169	00100f48	ffaddce3	bge	x27,x26,100f40	 x27:0x00101d48 x26:0x00101d34
            352	       172	00100f40	000d2023	sw	x0,0(x26)	 x26:0x00101d34  x0:0x00000000 PA:0x00101d34 store:0x00000000 load:0x00000000
            354	       173	00100f44	004d0d13	addi	x26,x26,4	 x26:0x00101d34 x26=0x00101d38
            358	       175	00100f48	ffaddce3	bge	x27,x26,100f40	 x27:0x00101d48 x26:0x00101d38
            364	       178	00100f40	000d2023	sw	x0,0(x26)	 x26:0x00101d38  x0:0x00000000 PA:0x00101d38 store:0x00000000 load:0x00000000
            366	       179	00100f44	004d0d13	addi	x26,x26,4	 x26:0x00101d38 x26=0x00101d3c
            370	       181	00100f48	ffaddce3	bge	x27,x26,100f40	 x27:0x00101d48 x26:0x00101d3c
            376	       184	00100f40	000d2023	sw	x0,0(x26)	 x26:0x00101d3c  x0:0x00000000 PA:0x00101d3c store:0x00000000 load:0x00000000
            378	       185	00100f44	004d0d13	addi	x26,x26,4	 x26:0x00101d3c x26=0x00101d40
            382	       187	00100f48	ffaddce3	bge	x27,x26,100f40	 x27:0x00101d48 x26:0x00101d40
            388	       190	00100f40	000d2023	sw	x0,0(x26)	 x26:0x00101d40  x0:0x00000000 PA:0x00101d40 store:0x00000000 load:0x00000000
            390	       191	00100f44	004d0d13	addi	x26,x26,4	 x26:0x00101d40 x26=0x00101d44
            394	       193	00100f48	ffaddce3	bge	x27,x26,100f40	 x27:0x00101d48 x26:0x00101d44
            400	       196	00100f40	000d2023	sw	x0,0(x26)	 x26:0x00101d44  x0:0x00000000 PA:0x00101d44 store:0x00000000 load:0x00000000
            402	       197	00100f44	004d0d13	addi	x26,x26,4	 x26:0x00101d44 x26=0x00101d48
            406	       199	00100f48	ffaddce3	bge	x27,x26,100f40	 x27:0x00101d48 x26:0x00101d48
            412	       202	00100f40	000d2023	sw	x0,0(x26)	 x26:0x00101d48  x0:0x00000000 PA:0x00101d48 store:0x00000000 load:0x00000000
            414	       203	00100f44	004d0d13	addi	x26,x26,4	 x26:0x00101d48 x26=0x00101d4c
            416	       204	00100f48	ffaddce3	bge	x27,x26,100f40	 x27:0x00101d48 x26:0x00101d4c
            418	       205	00100f4c	00000513	addi	x10,x0,0	  x0:0x00000000 x10=0x00000000
            420	       206	00100f50	00000593	addi	x11,x0,0	  x0:0x00000000 x11=0x00000000
            424	       208	00100f54	01c000ef	jal	x1,100f70	  x1=0x00100f58
            426	       209	00100f70	fa010113	addi	x2,x2,-96	  x2:0x00138000  x2=0x00137fa0
            428	       210	00100f74	00000513	addi	x10,x0,0	  x0:0x00000000 x10=0x00000000
            432	       212	00100f78	04112e23	sw	x1,92(x2)	  x2:0x00137fa0  x1:0x00100f58 PA:0x00137ffc store:0x00100f58 load:0x00000000
            436	       214	00100f7c	04812c23	sw	x8,88(x2)	  x2:0x00137fa0  x8:0x00000000 PA:0x00137ff8 store:0x00000000 load:0x00000000
            440	       216	00100f80	04912a23	sw	x9,84(x2)	  x2:0x00137fa0  x9:0x00000000 PA:0x00137ff4 store:0x00000000 load:0x00000000
            444	       218	00100f84	05212823	sw	x18,80(x2)	  x2:0x00137fa0 x18:0x00000000 PA:0x00137ff0 store:0x00000000 load:0x00000000
            448	       220	00100f88	05412423	sw	x20,72(x2)	  x2:0x00137fa0 x20:0x00000000 PA:0x00137fe8 store:0x00000000 load:0x00000000
            452	       222	00100f8c	03712e23	sw	x23,60(x2)	  x2:0x00137fa0 x23:0x00000000 PA:0x00137fdc store:0x00000000 load:0x00000000
            466	       229	00100f90	03912a23	sw	x25,52(x2)	  x2:0x00137fa0 x25:0x00000000 PA:0x00137fd4 store:0x00000000 load:0x00000000
            468	       230	00100f94	00812e27	fsw	f8,28(x2)	  f2:0x00137fa0  f8:0x00000000 PA:0x00137fbc store:0x00000000 load:0x00000000
            470	       231	00100f98	00912c27	fsw	f9,24(x2)	  f2:0x00137fa0  f9:0x00000000 PA:0x00137fb8 store:0x00000000 load:0x00000000
            472	       232	00100f9c	01212a27	fsw	f18,20(x2)	  f2:0x00137fa0 f18:0x00000000 PA:0x00137fb4 store:0x00000000 load:0x00000000
            474	       233	00100fa0	01312827	fsw	f19,16(x2)	  f2:0x00137fa0 f19:0x00000000 PA:0x00137fb0 store:0x00000000 load:0x00000000
            476	       234	00100fa4	05312623	sw	x19,76(x2)	  x2:0x00137fa0 x19:0x00000000 PA:0x00137fec store:0x00000000 load:0x00000000
            478	       235	00100fa8	05512223	sw	x21,68(x2)	  x2:0x00137fa0 x21:0x00000000 PA:0x00137fe4 store:0x00000000 load:0x00000000
            480	       236	00100fac	05612023	sw	x22,64(x2)	  x2:0x00137fa0 x22:0x00000000 PA:0x00137fe0 store:0x00000000 load:0x00000000
            482	       237	00100fb0	03812c23	sw	x24,56(x2)	  x2:0x00137fa0 x24:0x00000000 PA:0x00137fd8 store:0x00000000 load:0x00000000
            484	       238	00100fb4	03a12823	sw	x26,48(x2)	  x2:0x00137fa0 x26:0x00101d4c PA:0x00137fd0 store:0x00101d4c load:0x00000000
            498	       245	00100fb8	03b12623	sw	x27,44(x2)	  x2:0x00137fa0 x27:0x00101d48 PA:0x00137fcc store:0x00101d48 load:0x00000000
            500	       246	00100fbc	01412627	fsw	f20,12(x2)	  f2:0x00137fa0 f20:0x00000000 PA:0x00137fac store:0x00000000 load:0x00000000
            502	       247	00100fc0	01512427	fsw	f21,8(x2)	  f2:0x00137fa0 f21:0x00000000 PA:0x00137fa8 store:0x00000000 load:0x00000000
            504	       248	00100fc4	c9cff0ef	jal	x1,100460	  x1=0x00100fc8
            506	       249	00100460	00153513	sltiu	x10,x10,1	 x10:0x00000000 x10=0x00000001
            508	       250	00100464	40a002b3	sub	x5,x0,x10	  x0:0x00000000 x10:0x00000001  x5=0xffffffff
            510	       251	00100468	32029073	csrrw	x0,mcountinhibit,x5	  x5:0xffffffff  x0=0x00000000
            512	       252	0010046c	00008067	jalr	x0,0(x1)	  x1:0x00100fc8  x0=0x00000000
            514	       253	00100fc8	b98ff0ef	jal	x1,100360	  x1=0x00100fcc
            516	       254	00100360	b0201073	csrrw	x0,minstret,x0	  x0:0x00000000  x0=0x00000000
            518	       255	00100364	b0001073	csrrw	x0,mcycle,x0	  x0:0x00000000  x0=0x00000000
            520	       256	00100368	b0301073	csrrw	x0,mhpmcounter3,x0	  x0:0x00000000  x0=0x00000000
            522	       257	0010036c	b0401073	csrrw	x0,mhpmcounter4,x0	  x0:0x00000000  x0=0x00000000
            524	       258	00100370	b0501073	csrrw	x0,mhpmcounter5,x0	  x0:0x00000000  x0=0x00000000
            526	       259	00100374	b0601073	csrrw	x0,mhpmcounter6,x0	  x0:0x00000000  x0=0x00000000
            528	       260	00100378	b0701073	csrrw	x0,mhpmcounter7,x0	  x0:0x00000000  x0=0x00000000
            530	       261	0010037c	b0801073	csrrw	x0,mhpmcounter8,x0	  x0:0x00000000  x0=0x00000000
            532	       262	00100380	b0901073	csrrw	x0,mhpmcounter9,x0	  x0:0x00000000  x0=0x00000000
            534	       263	00100384	b0a01073	csrrw	x0,mhpmcounter10,x0	  x0:0x00000000  x0=0x00000000
            536	       264	00100388	b0b01073	csrrw	x0,mhpmcounter11,x0	  x0:0x00000000  x0=0x00000000
            538	       265	0010038c	b0c01073	csrrw	x0,mhpmcounter12,x0	  x0:0x00000000  x0=0x00000000
            540	       266	00100390	b0d01073	csrrw	x0,mhpmcounter13,x0	  x0:0x00000000  x0=0x00000000
            542	       267	00100394	b0e01073	csrrw	x0,mhpmcounter14,x0	  x0:0x00000000  x0=0x00000000
            544	       268	00100398	b0f01073	csrrw	x0,mhpmcounter15,x0	  x0:0x00000000  x0=0x00000000
            546	       269	0010039c	b1001073	csrrw	x0,mhpmcounter16,x0	  x0:0x00000000  x0=0x00000000
            548	       270	001003a0	b1101073	csrrw	x0,mhpmcounter17,x0	  x0:0x00000000  x0=0x00000000
            550	       271	001003a4	b1201073	csrrw	x0,mhpmcounter18,x0	  x0:0x00000000  x0=0x00000000
            552	       272	001003a8	b1301073	csrrw	x0,mhpmcounter19,x0	  x0:0x00000000  x0=0x00000000
            554	       273	001003ac	b1401073	csrrw	x0,mhpmcounter20,x0	  x0:0x00000000  x0=0x00000000
            556	       274	001003b0	b1501073	csrrw	x0,mhpmcounter21,x0	  x0:0x00000000  x0=0x00000000
            558	       275	001003b4	b1601073	csrrw	x0,mhpmcounter22,x0	  x0:0x00000000  x0=0x00000000
            560	       276	001003b8	b1701073	csrrw	x0,mhpmcounter23,x0	  x0:0x00000000  x0=0x00000000
            562	       277	001003bc	b1801073	csrrw	x0,mhpmcounter24,x0	  x0:0x00000000  x0=0x00000000
            564	       278	001003c0	b1901073	csrrw	x0,mhpmcounter25,x0	  x0:0x00000000  x0=0x00000000
            566	       279	001003c4	b1a01073	csrrw	x0,mhpmcounter26,x0	  x0:0x00000000  x0=0x00000000
            568	       280	001003c8	b1b01073	csrrw	x0,mhpmcounter27,x0	  x0:0x00000000  x0=0x00000000
            570	       281	001003cc	b1c01073	csrrw	x0,mhpmcounter28,x0	  x0:0x00000000  x0=0x00000000
            572	       282	001003d0	b1d01073	csrrw	x0,mhpmcounter29,x0	  x0:0x00000000  x0=0x00000000
            574	       283	001003d4	b1e01073	csrrw	x0,mhpmcounter30,x0	  x0:0x00000000  x0=0x00000000
            576	       284	001003d8	b1f01073	csrrw	x0,mhpmcounter31,x0	  x0:0x00000000  x0=0x00000000
            578	       285	001003dc	b8201073	csrrw	x0,minstreth,x0	  x0:0x00000000  x0=0x00000000
            580	       286	001003e0	b8001073	csrrw	x0,mcycleh,x0	  x0:0x00000000  x0=0x00000000
            582	       287	001003e4	b8301073	csrrw	x0,mhpmcounter3h,x0	  x0:0x00000000  x0=0x00000000
            584	       288	001003e8	b8401073	csrrw	x0,mhpmcounter4h,x0	  x0:0x00000000  x0=0x00000000
            586	       289	001003ec	b8501073	csrrw	x0,mhpmcounter5h,x0	  x0:0x00000000  x0=0x00000000
            588	       290	001003f0	b8601073	csrrw	x0,mhpmcounter6h,x0	  x0:0x00000000  x0=0x00000000
            590	       291	001003f4	b8701073	csrrw	x0,mhpmcounter7h,x0	  x0:0x00000000  x0=0x00000000
            592	       292	001003f8	b8801073	csrrw	x0,mhpmcounter8h,x0	  x0:0x00000000  x0=0x00000000
            594	       293	001003fc	b8901073	csrrw	x0,mhpmcounter9h,x0	  x0:0x00000000  x0=0x00000000
            596	       294	00100400	b8a01073	csrrw	x0,mhpmcounter10h,x0	  x0:0x00000000  x0=0x00000000
            598	       295	00100404	b8b01073	csrrw	x0,mhpmcounter11h,x0	  x0:0x00000000  x0=0x00000000
            600	       296	00100408	b8c01073	csrrw	x0,mhpmcounter12h,x0	  x0:0x00000000  x0=0x00000000
            602	       297	0010040c	b8d01073	csrrw	x0,mhpmcounter13h,x0	  x0:0x00000000  x0=0x00000000
            604	       298	00100410	b8e01073	csrrw	x0,mhpmcounter14h,x0	  x0:0x00000000  x0=0x00000000
            606	       299	00100414	b8f01073	csrrw	x0,mhpmcounter15h,x0	  x0:0x00000000  x0=0x00000000
            608	       300	00100418	b9001073	csrrw	x0,mhpmcounter16h,x0	  x0:0x00000000  x0=0x00000000
            610	       301	0010041c	b9101073	csrrw	x0,mhpmcounter17h,x0	  x0:0x00000000  x0=0x00000000
            612	       302	00100420	b9201073	csrrw	x0,mhpmcounter18h,x0	  x0:0x00000000  x0=0x00000000
            614	       303	00100424	b9301073	csrrw	x0,mhpmcounter19h,x0	  x0:0x00000000  x0=0x00000000
            616	       304	00100428	b9401073	csrrw	x0,mhpmcounter20h,x0	  x0:0x00000000  x0=0x00000000
            618	       305	0010042c	b9501073	csrrw	x0,mhpmcounter21h,x0	  x0:0x00000000  x0=0x00000000
            620	       306	00100430	b9601073	csrrw	x0,mhpmcounter22h,x0	  x0:0x00000000  x0=0x00000000
            622	       307	00100434	b9701073	csrrw	x0,mhpmcounter23h,x0	  x0:0x00000000  x0=0x00000000
            624	       308	00100438	b9801073	csrrw	x0,mhpmcounter24h,x0	  x0:0x00000000  x0=0x00000000
            626	       309	0010043c	b9901073	csrrw	x0,mhpmcounter25h,x0	  x0:0x00000000  x0=0x00000000
            628	       310	00100440	b9a01073	csrrw	x0,mhpmcounter26h,x0	  x0:0x00000000  x0=0x00000000
            630	       311	00100444	b9b01073	csrrw	x0,mhpmcounter27h,x0	  x0:0x00000000  x0=0x00000000
            632	       312	00100448	b9c01073	csrrw	x0,mhpmcounter28h,x0	  x0:0x00000000  x0=0x00000000
            634	       313	0010044c	b9d01073	csrrw	x0,mhpmcounter29h,x0	  x0:0x00000000  x0=0x00000000
            636	       314	00100450	b9e01073	csrrw	x0,mhpmcounter30h,x0	  x0:0x00000000  x0=0x00000000
            638	       315	00100454	b9f01073	csrrw	x0,mhpmcounter31h,x0	  x0:0x00000000  x0=0x00000000
            640	       316	00100458	00008067	jalr	x0,0(x1)	  x1:0x00100fcc  x0=0x00000000
            642	       317	00100fcc	00100513	addi	x10,x0,1	  x0:0x00000000 x10=0x00000001
            644	       318	00100fd0	c90ff0ef	jal	x1,100460	  x1=0x00100fd4
            646	       319	00100460	00153513	sltiu	x10,x10,1	 x10:0x00000001 x10=0x00000000
            648	       320	00100464	40a002b3	sub	x5,x0,x10	  x0:0x00000000 x10:0x00000000  x5=0x00000000
            650	       321	00100468	32029073	csrrw	x0,mcountinhibit,x5	  x5:0x00000000  x0=0x00000000
            654	       323	0010046c	00008067	jalr	x0,0(x1)	  x1:0x00100fd4  x0=0x00000000
            656	       324	00100fd4	00102537	lui	x10,0x102	 x10=0x00102000
            658	       325	00100fd8	9a850513	addi	x10,x10,-1624	 x10:0x00102000 x10=0x001019a8
            662	       327	00100fdc	8c4ff0ef	jal	x1,1000a0	  x1=0x00100fe0
            666	       329	001000a0	00054803	lbu	x16,0(x10)	 x10:0x001019a8 x16=0x00000048 PA:0x001019a8 store:0x00000000
            668	       330	001000a4	06080663	beq	x16,x0,100110	 x16:0x00000048  x0:0x00000000
            670	       331	001000a8	000207b7	lui	x15,0x20	 x15=0x00020000
            674	       333	001000ac	0107a023	sw	x16,0(x15)	 x15:0x00020000 x16:0x00000048 PA:0x00020000 store:0x00000048 load:0x00000000
            678	       335	001000b0	00154703	lbu	x14,1(x10)	 x10:0x001019a8 x14=0x00000065 PA:0x001019a9 store:0x00100fe0
            680	       336	001000b4	04070e63	beq	x14,x0,100110	 x14:0x00000065  x0:0x00000000
            684	       338	001000b8	00e7a023	sw	x14,0(x15)	 x15:0x00020000 x14:0x00000065 PA:0x00020000 store:0x00000065 load:0x00000000
            688	       340	001000bc	00254283	lbu	x5,2(x10)	 x10:0x001019a8  x5=0x0000006c PA:0x001019aa store:0x00137fa0
            690	       341	001000c0	04028863	beq	x5,x0,100110	  x5:0x0000006c  x0:0x00000000
            694	       343	001000c4	0057a023	sw	x5,0(x15)	 x15:0x00020000  x5:0x0000006c PA:0x00020000 store:0x0000006c load:0x00000000
            698	       345	001000c8	00354303	lbu	x6,3(x10)	 x10:0x001019a8  x6=0x0000006c PA:0x001019ab store:0x00000000
            700	       346	001000cc	04030263	beq	x6,x0,100110	  x6:0x0000006c  x0:0x00000000
            704	       348	001000d0	0067a023	sw	x6,0(x15)	 x15:0x00020000  x6:0x0000006c PA:0x00020000 store:0x0000006c load:0x00000000
            708	       350	001000d4	00454383	lbu	x7,4(x10)	 x10:0x001019a8  x7=0x0000006f PA:0x001019ac store:0x00000000
            710	       351	001000d8	02038c63	beq	x7,x0,100110	  x7:0x0000006f  x0:0x00000000
            714	       353	001000dc	0077a023	sw	x7,0(x15)	 x15:0x00020000  x7:0x0000006f PA:0x00020000 store:0x0000006f load:0x00000000
            718	       355	001000e0	00554583	lbu	x11,5(x10)	 x10:0x001019a8 x11=0x00000020 PA:0x001019ad store:0x0000006c
            720	       356	001000e4	02058663	beq	x11,x0,100110	 x11:0x00000020  x0:0x00000000
            724	       358	001000e8	00b7a023	sw	x11,0(x15)	 x15:0x00020000 x11:0x00000020 PA:0x00020000 store:0x00000020 load:0x00000000
            728	       360	001000ec	00654603	lbu	x12,6(x10)	 x10:0x001019a8 x12=0x00000073 PA:0x001019ae store:0x0000006c
            730	       361	001000f0	02060063	beq	x12,x0,100110	 x12:0x00000073  x0:0x00000000
            734	       363	001000f4	00c7a023	sw	x12,0(x15)	 x15:0x00020000 x12:0x00000073 PA:0x00020000 store:0x00000073 load:0x00000000
            738	       365	001000f8	00754683	lbu	x13,7(x10)	 x10:0x001019a8 x13=0x00000069 PA:0x001019af store:0x0000006f
            740	       366	001000fc	00850513	addi	x10,x10,8	 x10:0x001019a8 x10=0x001019b0
            742	       367	00100100	00068863	beq	x13,x0,100110	 x13:0x00000069  x0:0x00000000
            746	       369	00100104	00d7a023	sw	x13,0(x15)	 x15:0x00020000 x13:0x00000069 PA:0x00020000 store:0x00000069 load:0x00000000
            750	       371	00100108	00054803	lbu	x16,0(x10)	 x10:0x001019b0 x16=0x0000006d PA:0x001019b0 store:0x00000000
            754	       373	0010010c	fa0810e3	bne	x16,x0,1000ac	 x16:0x0000006d  x0:0x00000000
            760	       376	001000ac	0107a023	sw	x16,0(x15)	 x15:0x00020000 x16:0x0000006d PA:0x00020000 store:0x0000006d load:0x00000000
            764	       378	001000b0	00154703	lbu	x14,1(x10)	 x10:0x001019b0 x14=0x00000070 PA:0x001019b1 store:0x00100fe0
            766	       379	001000b4	04070e63	beq	x14,x0,100110	 x14:0x00000070  x0:0x00000000
            770	       381	001000b8	00e7a023	sw	x14,0(x15)	 x15:0x00020000 x14:0x00000070 PA:0x00020000 store:0x00000070 load:0x00000000
            774	       383	001000bc	00254283	lbu	x5,2(x10)	 x10:0x001019b0  x5=0x0000006c PA:0x001019b2 store:0x00137fa0
            776	       384	001000c0	04028863	beq	x5,x0,100110	  x5:0x0000006c  x0:0x00000000
            780	       386	001000c4	0057a023	sw	x5,0(x15)	 x15:0x00020000  x5:0x0000006c PA:0x00020000 store:0x0000006c load:0x00000000
            784	       388	001000c8	00354303	lbu	x6,3(x10)	 x10:0x001019b0  x6=0x00000065 PA:0x001019b3 store:0x00000000
            786	       389	001000cc	04030263	beq	x6,x0,100110	  x6:0x00000065  x0:0x00000000
            790	       391	001000d0	0067a023	sw	x6,0(x15)	 x15:0x00020000  x6:0x00000065 PA:0x00020000 store:0x00000065 load:0x00000000
            794	       393	001000d4	00454383	lbu	x7,4(x10)	 x10:0x001019b0  x7=0x00000020 PA:0x001019b4 store:0x00000000
            796	       394	001000d8	02038c63	beq	x7,x0,100110	  x7:0x00000020  x0:0x00000000
            800	       396	001000dc	0077a023	sw	x7,0(x15)	 x15:0x00020000  x7:0x00000020 PA:0x00020000 store:0x00000020 load:0x00000000
            804	       398	001000e0	00554583	lbu	x11,5(x10)	 x10:0x001019b0 x11=0x00000073 PA:0x001019b5 store:0x0000006c
            806	       399	001000e4	02058663	beq	x11,x0,100110	 x11:0x00000073  x0:0x00000000
            810	       401	001000e8	00b7a023	sw	x11,0(x15)	 x15:0x00020000 x11:0x00000073 PA:0x00020000 store:0x00000073 load:0x00000000
            814	       403	001000ec	00654603	lbu	x12,6(x10)	 x10:0x001019b0 x12=0x00000079 PA:0x001019b6 store:0x00000065
            816	       404	001000f0	02060063	beq	x12,x0,100110	 x12:0x00000079  x0:0x00000000
            820	       406	001000f4	00c7a023	sw	x12,0(x15)	 x15:0x00020000 x12:0x00000079 PA:0x00020000 store:0x00000079 load:0x00000000
            824	       408	001000f8	00754683	lbu	x13,7(x10)	 x10:0x001019b0 x13=0x00000073 PA:0x001019b7 store:0x00000020
            826	       409	001000fc	00850513	addi	x10,x10,8	 x10:0x001019b0 x10=0x001019b8
            828	       410	00100100	00068863	beq	x13,x0,100110	 x13:0x00000073  x0:0x00000000
            832	       412	00100104	00d7a023	sw	x13,0(x15)	 x15:0x00020000 x13:0x00000073 PA:0x00020000 store:0x00000073 load:0x00000000
            836	       414	00100108	00054803	lbu	x16,0(x10)	 x10:0x001019b8 x16=0x00000074 PA:0x001019b8 store:0x00000000
            840	       416	0010010c	fa0810e3	bne	x16,x0,1000ac	 x16:0x00000074  x0:0x00000000
            846	       419	001000ac	0107a023	sw	x16,0(x15)	 x15:0x00020000 x16:0x00000074 PA:0x00020000 store:0x00000074 load:0x00000000
            850	       421	001000b0	00154703	lbu	x14,1(x10)	 x10:0x001019b8 x14=0x00000065 PA:0x001019b9 store:0x00100fe0
            852	       422	001000b4	04070e63	beq	x14,x0,100110	 x14:0x00000065  x0:0x00000000
            856	       424	001000b8	00e7a023	sw	x14,0(x15)	 x15:0x00020000 x14:0x00000065 PA:0x00020000 store:0x00000065 load:0x00000000
            860	       426	001000bc	00254283	lbu	x5,2(x10)	 x10:0x001019b8  x5=0x0000006d PA:0x001019ba store:0x00137fa0
            862	       427	001000c0	04028863	beq	x5,x0,100110	  x5:0x0000006d  x0:0x00000000
            866	       429	001000c4	0057a023	sw	x5,0(x15)	 x15:0x00020000  x5:0x0000006d PA:0x00020000 store:0x0000006d load:0x00000000
            870	       431	001000c8	00354303	lbu	x6,3(x10)	 x10:0x001019b8  x6=0x0000000a PA:0x001019bb store:0x00000000
            872	       432	001000cc	04030263	beq	x6,x0,100110	  x6:0x0000000a  x0:0x00000000
            876	       434	001000d0	0067a023	sw	x6,0(x15)	 x15:0x00020000  x6:0x0000000a PA:0x00020000 store:0x0000000a load:0x00000000
            880	       436	001000d4	00454383	lbu	x7,4(x10)	 x10:0x001019b8  x7=0x0000000a PA:0x001019bc store:0x00000000
            882	       437	001000d8	02038c63	beq	x7,x0,100110	  x7:0x0000000a  x0:0x00000000
            886	       439	001000dc	0077a023	sw	x7,0(x15)	 x15:0x00020000  x7:0x0000000a PA:0x00020000 store:0x0000000a load:0x00000000
            890	       441	001000e0	00554583	lbu	x11,5(x10)	 x10:0x001019b8 x11=0x00000000 PA:0x001019bd store:0x0000006d
            894	       443	001000e4	02058663	beq	x11,x0,100110	 x11:0x00000000  x0:0x00000000
            898	       445	00100110	00000513	addi	x10,x0,0	  x0:0x00000000 x10=0x00000000
            902	       447	00100114	00008067	jalr	x0,0(x1)	  x1:0x00100fe0  x0=0x00000000
            914	       453	00100fe0	001026b7	lui	x13,0x102	 x13=0x00102000
            916	       454	00100fe4	92c6a787	flw	f15,-1748(x13)	 f13:0x00102000 f15=0x00000000 PA:0x0010192c store:0x00000000
            918	       455	00100fe8	00102737	lui	x14,0x102	 x14=0x00102000
            920	       456	00100fec	93072007	flw	f0,-1744(x14)	 f14:0x00102000  f0=0x00000000 PA:0x00101930 store:0x00000000
            922	       457	00100ff0	001027b7	lui	x15,0x102	 x15=0x00102000
            924	       458	00100ff4	9347a087	flw	f1,-1740(x15)	 f15:0x00102000  f1=0x00000000 PA:0x00101934 store:0x00000000
            926	       459	00100ff8	00102bb7	lui	x23,0x102	 x23=0x00102000
            928	       460	00100ffc	d2fba227	fsw	f15,-732(x23)	 f23:0x00102000 f15:0x00102000 PA:0x00101d24 store:0x42f67c6a load:0x3f7d1f60
            930	       461	00101000	00102cb7	lui	x25,0x102	 x25=0x00102000
            932	       462	00101004	d20ca027	fsw	f0,-736(x25)	 f25:0x00102000  f0:0x00000000 PA:0x00101d20 store:0x43edefdf load:0x3f7d1f60
            934	       463	00101008	00102437	lui	x8,0x102	  x8=0x00102000
            936	       464	0010100c	d0142c27	fsw	f1,-744(x8)	  f8:0x00102000  f1:0x00100fe0 PA:0x00101d18 store:0x3f7d1f60 load:0x3f7d1f60
            938	       465	00101010	d24ba107	flw	f2,-732(x23)	 f23:0x00102000  f2=0x00000000 PA:0x00101d24 store:0x00000000
            940	       466	00101014	d20ca707	flw	f14,-736(x25)	 f25:0x00102000 f14=0x00000000 PA:0x00101d20 store:0x43edefdf
            944	       468	00101018	001022b7	lui	x5,0x102	  x5=0x00102000
            946	       469	0010101c	001024b7	lui	x9,0x102	  x9=0x00102000
            948	       470	00101020	00e171d3	fadd.s	f3,f2,f14	  f2:0x00137fa0 f14:0x00102000  f3=0x00000000
            952	       472	00101024	9c028513	addi	x10,x5,-1600	  x5:0x00102000 x10=0x001019c0
            954	       473	00101028	00102937	lui	x18,0x102	 x18=0x00102000
            956	       474	0010102c	00200a13	addi	x20,x0,2	  x0:0x00000000 x20=0x00000002
            958	       475	00101030	d034ae27	fsw	f3,-740(x9)	  f9:0x00102000  f3:0x00000000 PA:0x00101d1c store:0x4415c77d load:0x43edefdf
            960	       476	00101034	86cff0ef	jal	x1,1000a0	  x1=0x00101038
            962	       477	001000a0	00054803	lbu	x16,0(x10)	 x10:0x001019c0 x16=0x00000041 PA:0x001019c0 store:0x00000000
            964	       478	001000a4	06080663	beq	x16,x0,100110	 x16:0x00000041  x0:0x00000000
            966	       479	001000a8	000207b7	lui	x15,0x20	 x15=0x00020000
            968	       480	001000ac	0107a023	sw	x16,0(x15)	 x15:0x00020000 x16:0x00000041 PA:0x00020000 store:0x00000041 load:0x00000000
            970	       481	001000b0	00154703	lbu	x14,1(x10)	 x10:0x001019c0 x14=0x00000064 PA:0x001019c1 store:0x00101038
            972	       482	001000b4	04070e63	beq	x14,x0,100110	 x14:0x00000064  x0:0x00000000
            974	       483	001000b8	00e7a023	sw	x14,0(x15)	 x15:0x00020000 x14:0x00000064 PA:0x00020000 store:0x00000064 load:0x00000000
            976	       484	001000bc	00254283	lbu	x5,2(x10)	 x10:0x001019c0  x5=0x00000064 PA:0x001019c2 store:0x00137fa0
            978	       485	001000c0	04028863	beq	x5,x0,100110	  x5:0x00000064  x0:0x00000000
            980	       486	001000c4	0057a023	sw	x5,0(x15)	 x15:0x00020000  x5:0x00000064 PA:0x00020000 store:0x00000064 load:0x00000000
            984	       488	001000c8	00354303	lbu	x6,3(x10)	 x10:0x001019c0  x6=0x00000020 PA:0x001019c3 store:0x00000000
            986	       489	001000cc	04030263	beq	x6,x0,100110	  x6:0x00000020  x0:0x00000000
            990	       491	001000d0	0067a023	sw	x6,0(x15)	 x15:0x00020000  x6:0x00000020 PA:0x00020000 store:0x00000020 load:0x00000000
            994	       493	001000d4	00454383	lbu	x7,4(x10)	 x10:0x001019c0  x7=0x00000031 PA:0x001019c4 store:0x00000000
            996	       494	001000d8	02038c63	beq	x7,x0,100110	  x7:0x00000031  x0:0x00000000
           1000	       496	001000dc	0077a023	sw	x7,0(x15)	 x15:0x00020000  x7:0x00000031 PA:0x00020000 store:0x00000031 load:0x00000000
           1004	       498	001000e0	00554583	lbu	x11,5(x10)	 x10:0x001019c0 x11=0x00000032 PA:0x001019c5 store:0x00000064
           1006	       499	001000e4	02058663	beq	x11,x0,100110	 x11:0x00000032  x0:0x00000000
           1010	       501	001000e8	00b7a023	sw	x11,0(x15)	 x15:0x00020000 x11:0x00000032 PA:0x00020000 store:0x00000032 load:0x00000000
           1014	       503	001000ec	00654603	lbu	x12,6(x10)	 x10:0x001019c0 x12=0x00000033 PA:0x001019c6 store:0x00000020
           1016	       504	001000f0	02060063	beq	x12,x0,100110	 x12:0x00000033  x0:0x00000000
           1020	       506	001000f4	00c7a023	sw	x12,0(x15)	 x15:0x00020000 x12:0x00000033 PA:0x00020000 store:0x00000033 load:0x00000000
           1024	       508	001000f8	00754683	lbu	x13,7(x10)	 x10:0x001019c0 x13=0x0000002e PA:0x001019c7 store:0x00000031
           1026	       509	001000fc	00850513	addi	x10,x10,8	 x10:0x001019c0 x10=0x001019c8
           1028	       510	00100100	00068863	beq	x13,x0,100110	 x13:0x0000002e  x0:0x00000000
           1032	       512	00100104	00d7a023	sw	x13,0(x15)	 x15:0x00020000 x13:0x0000002e PA:0x00020000 store:0x0000002e load:0x00000000
           1036	       514	00100108	00054803	lbu	x16,0(x10)	 x10:0x001019c8 x16=0x00000032 PA:0x001019c8 store:0x00000000
           1040	       516	0010010c	fa0810e3	bne	x16,x0,1000ac	 x16:0x00000032  x0:0x00000000
           1046	       519	001000ac	0107a023	sw	x16,0(x15)	 x15:0x00020000 x16:0x00000032 PA:0x00020000 store:0x00000032 load:0x00000000
           1050	       521	001000b0	00154703	lbu	x14,1(x10)	 x10:0x001019c8 x14=0x00000034 PA:0x001019c9 store:0x00101038
           1052	       522	001000b4	04070e63	beq	x14,x0,100110	 x14:0x00000034  x0:0x00000000
           1056	       524	001000b8	00e7a023	sw	x14,0(x15)	 x15:0x00020000 x14:0x00000034 PA:0x00020000 store:0x00000034 load:0x00000000
           1060	       526	001000bc	00254283	lbu	x5,2(x10)	 x10:0x001019c8  x5=0x00000033 PA:0x001019ca store:0x00137fa0
           1062	       527	001000c0	04028863	beq	x5,x0,100110	  x5:0x00000033  x0:0x00000000
           1066	       529	001000c4	0057a023	sw	x5,0(x15)	 x15:0x00020000  x5:0x00000033 PA:0x00020000 store:0x00000033 load:0x00000000
           1070	       531	001000c8	00354303	lbu	x6,3(x10)	 x10:0x001019c8  x6=0x00000020 PA:0x001019cb store:0x00000000
           1072	       532	001000cc	04030263	beq	x6,x0,100110	  x6:0x00000020  x0:0x00000000
           1076	       534	001000d0	0067a023	sw	x6,0(x15)	 x15:0x00020000  x6:0x00000020 PA:0x00020000 store:0x00000020 load:0x00000000
           1080	       536	001000d4	00454383	lbu	x7,4(x10)	 x10:0x001019c8  x7=0x00000026 PA:0x001019cc store:0x00000000
           1082	       537	001000d8	02038c63	beq	x7,x0,100110	  x7:0x00000026  x0:0x00000000
           1086	       539	001000dc	0077a023	sw	x7,0(x15)	 x15:0x00020000  x7:0x00000026 PA:0x00020000 store:0x00000026 load:0x00000000
           1090	       541	001000e0	00554583	lbu	x11,5(x10)	 x10:0x001019c8 x11=0x00000020 PA:0x001019cd store:0x00000033
           1092	       542	001000e4	02058663	beq	x11,x0,100110	 x11:0x00000020  x0:0x00000000
           1096	       544	001000e8	00b7a023	sw	x11,0(x15)	 x15:0x00020000 x11:0x00000020 PA:0x00020000 store:0x00000020 load:0x00000000
           1100	       546	001000ec	00654603	lbu	x12,6(x10)	 x10:0x001019c8 x12=0x00000034 PA:0x001019ce store:0x00000020
           1102	       547	001000f0	02060063	beq	x12,x0,100110	 x12:0x00000034  x0:0x00000000
           1106	       549	001000f4	00c7a023	sw	x12,0(x15)	 x15:0x00020000 x12:0x00000034 PA:0x00020000 store:0x00000034 load:0x00000000
           1110	       551	001000f8	00754683	lbu	x13,7(x10)	 x10:0x001019c8 x13=0x00000037 PA:0x001019cf store:0x00000026
           1112	       552	001000fc	00850513	addi	x10,x10,8	 x10:0x001019c8 x10=0x001019d0
           1114	       553	00100100	00068863	beq	x13,x0,100110	 x13:0x00000037  x0:0x00000000
           1118	       555	00100104	00d7a023	sw	x13,0(x15)	 x15:0x00020000 x13:0x00000037 PA:0x00020000 store:0x00000037 load:0x00000000
           1122	       557	00100108	00054803	lbu	x16,0(x10)	 x10:0x001019d0 x16=0x00000035 PA:0x001019d0 store:0x00000000
           1126	       559	0010010c	fa0810e3	bne	x16,x0,1000ac	 x16:0x00000035  x0:0x00000000
           1132	       562	001000ac	0107a023	sw	x16,0(x15)	 x15:0x00020000 x16:0x00000035 PA:0x00020000 store:0x00000035 load:0x00000000
           1136	       564	001000b0	00154703	lbu	x14,1(x10)	 x10:0x001019d0 x14=0x0000002e PA:0x001019d1 store:0x00101038
           1138	       565	001000b4	04070e63	beq	x14,x0,100110	 x14:0x0000002e  x0:0x00000000
           1142	       567	001000b8	00e7a023	sw	x14,0(x15)	 x15:0x00020000 x14:0x0000002e PA:0x00020000 store:0x0000002e load:0x00000000
           1146	       569	001000bc	00254283	lbu	x5,2(x10)	 x10:0x001019d0  x5=0x00000038 PA:0x001019d2 store:0x00137fa0
           1148	       570	001000c0	04028863	beq	x5,x0,100110	  x5:0x00000038  x0:0x00000000
           1152	       572	001000c4	0057a023	sw	x5,0(x15)	 x15:0x00020000  x5:0x00000038 PA:0x00020000 store:0x00000038 load:0x00000000
           1156	       574	001000c8	00354303	lbu	x6,3(x10)	 x10:0x001019d0  x6=0x00000037 PA:0x001019d3 store:0x00000000
           1158	       575	001000cc	04030263	beq	x6,x0,100110	  x6:0x00000037  x0:0x00000000
           1162	       577	001000d0	0067a023	sw	x6,0(x15)	 x15:0x00020000  x6:0x00000037 PA:0x00020000 store:0x00000037 load:0x00000000
           1166	       579	001000d4	00454383	lbu	x7,4(x10)	 x10:0x001019d0  x7=0x00000035 PA:0x001019d4 store:0x00000000
           1168	       580	001000d8	02038c63	beq	x7,x0,100110	  x7:0x00000035  x0:0x00000000
           1172	       582	001000dc	0077a023	sw	x7,0(x15)	 x15:0x00020000  x7:0x00000035 PA:0x00020000 store:0x00000035 load:0x00000000
           1176	       584	001000e0	00554583	lbu	x11,5(x10)	 x10:0x001019d0 x11=0x0000003a PA:0x001019d5 store:0x00000038
           1178	       585	001000e4	02058663	beq	x11,x0,100110	 x11:0x0000003a  x0:0x00000000
           1182	       587	001000e8	00b7a023	sw	x11,0(x15)	 x15:0x00020000 x11:0x0000003a PA:0x00020000 store:0x0000003a load:0x00000000
           1186	       589	001000ec	00654603	lbu	x12,6(x10)	 x10:0x001019d0 x12=0x00000020 PA:0x001019d6 store:0x00000037
           1188	       590	001000f0	02060063	beq	x12,x0,100110	 x12:0x00000020  x0:0x00000000
           1192	       592	001000f4	00c7a023	sw	x12,0(x15)	 x15:0x00020000 x12:0x00000020 PA:0x00020000 store:0x00000020 load:0x00000000
           1196	       594	001000f8	00754683	lbu	x13,7(x10)	 x10:0x001019d0 x13=0x00000000 PA:0x001019d7 store:0x00000035
           1198	       595	001000fc	00850513	addi	x10,x10,8	 x10:0x001019d0 x10=0x001019d8
           1202	       597	00100100	00068863	beq	x13,x0,100110	 x13:0x00000000  x0:0x00000000
           1206	       599	00100110	00000513	addi	x10,x0,0	  x0:0x00000000 x10=0x00000000
           1220	       606	00100114	00008067	jalr	x0,0(x1)	  x1:0x00101038  x0=0x00000000
           1222	       607	00101038	d1c4a507	flw	f10,-740(x9)	  f9:0x00102000 f10=0x00000000 PA:0x00101d1c store:0x00000000
           1232	       612	0010103c	e05ff0ef	jal	x1,100e40	  x1=0x00101040
           1234	       613	00100e40	fe010113	addi	x2,x2,-32	  x2:0x00137fa0  x2=0x00137f80
           1236	       614	00100e44	00812c23	sw	x8,24(x2)	  x2:0x00137f80  x8:0x00102000 PA:0x00137f98 store:0x00102000 load:0x4415c77d
           1238	       615	00100e48	c0151453	fcvt.wu.s	x8,f10	 f10:0x00000000  x8=0x00000257
           1240	       616	00100e4c	00112e23	sw	x1,28(x2)	  x2:0x00137f80  x1:0x00101040 PA:0x00137f9c store:0x00101040 load:0x4415c77d
           1242	       617	00100e50	00812627	fsw	f8,12(x2)	  f2:0x00137f80  f8:0x00000257 PA:0x00137f8c store:0x00000000 load:0x4415c77d
           1244	       618	00100e54	00040513	addi	x10,x8,0	  x8:0x00000257 x10=0x00000257
           1246	       619	00100e58	20a50453	fsgnj.s	f8,f10,f10	 f10:0x00000257 f10:0x00000257  f8=0x00000000
           1248	       620	00100e5c	ac4ff0ef	jal	x1,100120	  x1=0x00100e60
           1250	       621	00100120	01c55793	srli	x15,x10,0x1c	 x10:0x00000257 x15=0x00000000
           1252	       622	00100124	00900713	addi	x14,x0,9	  x0:0x00000000 x14=0x00000009
           1254	       623	00100128	0cf77a63	bgeu	x14,x15,1001fc	 x14:0x00000009 x15:0x00000000
           1256	       624	001001fc	03078393	addi	x7,x15,48	 x15:0x00000000  x7=0x00000030
           1258	       625	00100200	000205b7	lui	x11,0x20	 x11=0x00020000
           1260	       626	00100204	00451613	slli	x12,x10,0x4	 x10:0x00000257 x12=0x00002570
           1262	       627	00100208	0075a023	sw	x7,0(x11)	 x11:0x00020000  x7:0x00000030 PA:0x00020000 store:0x00000030 load:0x00000000
           1264	       628	0010020c	01c65693	srli	x13,x12,0x1c	 x12:0x00002570 x13=0x00000000
           1266	       629	00100210	00900813	addi	x16,x0,9	  x0:0x00000000 x16=0x00000009
           1268	       630	00100214	f2d86ae3	bltu	x16,x13,100148	 x16:0x00000009 x13:0x00000000
           1270	       631	00100218	03068e93	addi	x29,x13,48	 x13:0x00000000 x29=0x00000030
           1272	       632	0010021c	00020f37	lui	x30,0x20	 x30=0x00020000
           1274	       633	00100220	00851f93	slli	x31,x10,0x8	 x10:0x00000257 x31=0x00025700
           1276	       634	00100224	01df2023	sw	x29,0(x30)	 x30:0x00020000 x29:0x00000030 PA:0x00020000 store:0x00000030 load:0x00000000
           1278	       635	00100228	01cfd793	srli	x15,x31,0x1c	 x31:0x00025700 x15=0x00000000
           1280	       636	0010022c	00900713	addi	x14,x0,9	  x0:0x00000000 x14=0x00000009
           1282	       637	00100230	f2f76ae3	bltu	x14,x15,100164	 x14:0x00000009 x15:0x00000000
           1284	       638	00100234	03078393	addi	x7,x15,48	 x15:0x00000000  x7=0x00000030
           1286	       639	00100238	000205b7	lui	x11,0x20	 x11=0x00020000
           1288	       640	0010023c	00c51613	slli	x12,x10,0xc	 x10:0x00000257 x12=0x00257000
           1290	       641	00100240	0075a023	sw	x7,0(x11)	 x11:0x00020000  x7:0x00000030 PA:0x00020000 store:0x00000030 load:0x00000000
           1292	       642	00100244	01c65693	srli	x13,x12,0x1c	 x12:0x00257000 x13=0x00000000
           1294	       643	00100248	00900813	addi	x16,x0,9	  x0:0x00000000 x16=0x00000009
           1296	       644	0010024c	f2d86ae3	bltu	x16,x13,100180	 x16:0x00000009 x13:0x00000000
           1298	       645	00100250	03068e93	addi	x29,x13,48	 x13:0x00000000 x29=0x00000030
           1300	       646	00100254	00020f37	lui	x30,0x20	 x30=0x00020000
           1302	       647	00100258	01051f93	slli	x31,x10,0x10	 x10:0x00000257 x31=0x02570000
           1306	       649	0010025c	01df2023	sw	x29,0(x30)	 x30:0x00020000 x29:0x00000030 PA:0x00020000 store:0x00000030 load:0x00000000
           1308	       650	00100260	01cfd793	srli	x15,x31,0x1c	 x31:0x02570000 x15=0x00000000
           1310	       651	00100264	00900713	addi	x14,x0,9	  x0:0x00000000 x14=0x00000009
           1312	       652	00100268	f2f76ae3	bltu	x14,x15,10019c	 x14:0x00000009 x15:0x00000000
           1314	       653	0010026c	03078393	addi	x7,x15,48	 x15:0x00000000  x7=0x00000030
           1316	       654	00100270	000205b7	lui	x11,0x20	 x11=0x00020000
           1318	       655	00100274	01451613	slli	x12,x10,0x14	 x10:0x00000257 x12=0x25700000
           1322	       657	00100278	0075a023	sw	x7,0(x11)	 x11:0x00020000  x7:0x00000030 PA:0x00020000 store:0x00000030 load:0x00000000
           1324	       658	0010027c	01c65693	srli	x13,x12,0x1c	 x12:0x25700000 x13=0x00000002
           1326	       659	00100280	00900813	addi	x16,x0,9	  x0:0x00000000 x16=0x00000009
           1328	       660	00100284	f2d86ae3	bltu	x16,x13,1001b8	 x16:0x00000009 x13:0x00000002
           1330	       661	00100288	03068e93	addi	x29,x13,48	 x13:0x00000002 x29=0x00000032
           1332	       662	0010028c	00020f37	lui	x30,0x20	 x30=0x00020000
           1334	       663	00100290	01851f93	slli	x31,x10,0x18	 x10:0x00000257 x31=0x57000000
           1338	       665	00100294	01df2023	sw	x29,0(x30)	 x30:0x00020000 x29:0x00000032 PA:0x00020000 store:0x00000032 load:0x00000000
           1340	       666	00100298	01cfd793	srli	x15,x31,0x1c	 x31:0x57000000 x15=0x00000005
           1342	       667	0010029c	00900713	addi	x14,x0,9	  x0:0x00000000 x14=0x00000009
           1344	       668	001002a0	f2f76ae3	bltu	x14,x15,1001d4	 x14:0x00000009 x15:0x00000005
           1346	       669	001002a4	03078393	addi	x7,x15,48	 x15:0x00000005  x7=0x00000035
           1348	       670	001002a8	000205b7	lui	x11,0x20	 x11=0x00020000
           1352	       672	001002ac	0075a023	sw	x7,0(x11)	 x11:0x00020000  x7:0x00000035 PA:0x00020000 store:0x00000035 load:0x00000000
           1354	       673	001002b0	00f57513	andi	x10,x10,15	 x10:0x00000257 x10=0x00000007
           1356	       674	001002b4	00900613	addi	x12,x0,9	  x0:0x00000000 x12=0x00000009
           1360	       676	001002b8	f2a67ae3	bgeu	x12,x10,1001ec	 x12:0x00000009 x10:0x00000007
           1364	       678	001001ec	03050893	addi	x17,x10,48	 x10:0x00000007 x17=0x00000037
           1366	       679	001001f0	00020e37	lui	x28,0x20	 x28=0x00020000
           1370	       681	001001f4	011e2023	sw	x17,0(x28)	 x28:0x00020000 x17:0x00000037 PA:0x00020000 store:0x00000037 load:0x00000000
           1374	       683	001001f8	00008067	jalr	x0,0(x1)	  x1:0x00100e60  x0=0x00000000
           1376	       684	00100e60	00102537	lui	x10,0x102	 x10=0x00102000
           1378	       685	00100e64	a7050513	addi	x10,x10,-1424	 x10:0x00102000 x10=0x00101a70
           1382	       687	00100e68	a38ff0ef	jal	x1,1000a0	  x1=0x00100e6c
           1386	       689	001000a0	00054803	lbu	x16,0(x10)	 x10:0x00101a70 x16=0x0000002e PA:0x00101a70 store:0x00000000
           1388	       690	001000a4	06080663	beq	x16,x0,100110	 x16:0x0000002e  x0:0x00000000
           1390	       691	001000a8	000207b7	lui	x15,0x20	 x15=0x00020000
           1394	       693	001000ac	0107a023	sw	x16,0(x15)	 x15:0x00020000 x16:0x0000002e PA:0x00020000 store:0x0000002e load:0x00000000
           1398	       695	001000b0	00154703	lbu	x14,1(x10)	 x10:0x00101a70 x14=0x00000000 PA:0x00101a71 store:0x00100e6c
           1402	       697	001000b4	04070e63	beq	x14,x0,100110	 x14:0x00000000  x0:0x00000000
           1406	       699	00100110	00000513	addi	x10,x0,0	  x0:0x00000000 x10=0x00000000
           1420	       706	00100114	00008067	jalr	x0,0(x1)	  x1:0x00100e6c  x0=0x00000000
           1422	       707	00100e6c	d01477d3	fcvt.s.wu	f15,x8	  x8:0x00000257 f15=0x00000000
           1424	       708	00100e70	001027b7	lui	x15,0x102	 x15=0x00102000
           1426	       709	00100e74	9287a087	flw	f1,-1752(x15)	 f15:0x00102000  f1=0x00000000 PA:0x00101928 store:0x4415c77d
           1428	       710	00100e78	08f47053	fsub.s	f0,f8,f15	  f8:0x00000257 f15:0x00102000  f0=0x00000000
           1436	       714	00100e7c	01812403	lw	x8,24(x2)	  x2:0x00137f80  x8=0x00102000 PA:0x00137f98 store:0x00000000
           1438	       715	00100e80	01c12083	lw	x1,28(x2)	  x2:0x00137f80  x1=0x00101040 PA:0x00137f9c store:0x00020000
           1440	       716	00100e84	00c12407	flw	f8,12(x2)	  f2:0x00137f80  f8=0x00000000 PA:0x00137f8c store:0x00000000
           1442	       717	00100e88	10107153	fmul.s	f2,f0,f1	  f0:0x00000000  f1:0x00101040  f2=0x00000000
           1444	       718	00100e8c	02010113	addi	x2,x2,32	  x2:0x00137f80  x2=0x00137fa0
           1446	       719	00100e90	c0111553	fcvt.wu.s	x10,f2	  f2:0x00137fa0 x10=0x00002db4
           1448	       720	00100e94	a8cff06f	jal	x0,100120	  x0=0x00000000
           1450	       721	00100120	01c55793	srli	x15,x10,0x1c	 x10:0x00002db4 x15=0x00000000
           1452	       722	00100124	00900713	addi	x14,x0,9	  x0:0x00000000 x14=0x00000009
           1454	       723	00100128	0cf77a63	bgeu	x14,x15,1001fc	 x14:0x00000009 x15:0x00000000
           1456	       724	001001fc	03078393	addi	x7,x15,48	 x15:0x00000000  x7=0x00000030
           1458	       725	00100200	000205b7	lui	x11,0x20	 x11=0x00020000
           1460	       726	00100204	00451613	slli	x12,x10,0x4	 x10:0x00002db4 x12=0x0002db40
           1462	       727	00100208	0075a023	sw	x7,0(x11)	 x11:0x00020000  x7:0x00000030 PA:0x00020000 store:0x00000030 load:0x00000000
           1464	       728	0010020c	01c65693	srli	x13,x12,0x1c	 x12:0x0002db40 x13=0x00000000
           1466	       729	00100210	00900813	addi	x16,x0,9	  x0:0x00000000 x16=0x00000009
           1468	       730	00100214	f2d86ae3	bltu	x16,x13,100148	 x16:0x00000009 x13:0x00000000
           1470	       731	00100218	03068e93	addi	x29,x13,48	 x13:0x00000000 x29=0x00000030
           1472	       732	0010021c	00020f37	lui	x30,0x20	 x30=0x00020000
           1474	       733	00100220	00851f93	slli	x31,x10,0x8	 x10:0x00002db4 x31=0x002db400
           1478	       735	00100224	01df2023	sw	x29,0(x30)	 x30:0x00020000 x29:0x00000030 PA:0x00020000 store:0x00000030 load:0x00000000
           1480	       736	00100228	01cfd793	srli	x15,x31,0x1c	 x31:0x002db400 x15=0x00000000
           1482	       737	0010022c	00900713	addi	x14,x0,9	  x0:0x00000000 x14=0x00000009
           1484	       738	00100230	f2f76ae3	bltu	x14,x15,100164	 x14:0x00000009 x15:0x00000000
           1486	       739	00100234	03078393	addi	x7,x15,48	 x15:0x00000000  x7=0x00000030
           1488	       740	00100238	000205b7	lui	x11,0x20	 x11=0x00020000
           1490	       741	0010023c	00c51613	slli	x12,x10,0xc	 x10:0x00002db4 x12=0x02db4000
           1494	       743	00100240	0075a023	sw	x7,0(x11)	 x11:0x00020000  x7:0x00000030 PA:0x00020000 store:0x00000030 load:0x00000000
           1496	       744	00100244	01c65693	srli	x13,x12,0x1c	 x12:0x02db4000 x13=0x00000000
           1498	       745	00100248	00900813	addi	x16,x0,9	  x0:0x00000000 x16=0x00000009
           1500	       746	0010024c	f2d86ae3	bltu	x16,x13,100180	 x16:0x00000009 x13:0x00000000
           1502	       747	00100250	03068e93	addi	x29,x13,48	 x13:0x00000000 x29=0x00000030
           1504	       748	00100254	00020f37	lui	x30,0x20	 x30=0x00020000
           1506	       749	00100258	01051f93	slli	x31,x10,0x10	 x10:0x00002db4 x31=0x2db40000
           1510	       751	0010025c	01df2023	sw	x29,0(x30)	 x30:0x00020000 x29:0x00000030 PA:0x00020000 store:0x00000030 load:0x00000000
           1512	       752	00100260	01cfd793	srli	x15,x31,0x1c	 x31:0x2db40000 x15=0x00000002
           1514	       753	00100264	00900713	addi	x14,x0,9	  x0:0x00000000 x14=0x00000009
           1516	       754	00100268	f2f76ae3	bltu	x14,x15,10019c	 x14:0x00000009 x15:0x00000002
           1518	       755	0010026c	03078393	addi	x7,x15,48	 x15:0x00000002  x7=0x00000032
           1520	       756	00100270	000205b7	lui	x11,0x20	 x11=0x00020000
           1522	       757	00100274	01451613	slli	x12,x10,0x14	 x10:0x00002db4 x12=0xdb400000
           1526	       759	00100278	0075a023	sw	x7,0(x11)	 x11:0x00020000  x7:0x00000032 PA:0x00020000 store:0x00000032 load:0x00000000
           1528	       760	0010027c	01c65693	srli	x13,x12,0x1c	 x12:0xdb400000 x13=0x0000000d
           1530	       761	00100280	00900813	addi	x16,x0,9	  x0:0x00000000 x16=0x00000009
           1534	       763	00100284	f2d86ae3	bltu	x16,x13,1001b8	 x16:0x00000009 x13:0x0000000d
           1538	       765	001001b8	03768893	addi	x17,x13,55	 x13:0x0000000d x17=0x00000044
           1540	       766	001001bc	00020e37	lui	x28,0x20	 x28=0x00020000
           1542	       767	001001c0	01851f93	slli	x31,x10,0x18	 x10:0x00002db4 x31=0xb4000000
           1546	       769	001001c4	011e2023	sw	x17,0(x28)	 x28:0x00020000 x17:0x00000044 PA:0x00020000 store:0x00000044 load:0x00000000
           1548	       770	001001c8	01cfd793	srli	x15,x31,0x1c	 x31:0xb4000000 x15=0x0000000b
           1550	       771	001001cc	00900713	addi	x14,x0,9	  x0:0x00000000 x14=0x00000009
           1552	       772	001001d0	0cf77a63	bgeu	x14,x15,1002a4	 x14:0x00000009 x15:0x0000000b
           1554	       773	001001d4	03778293	addi	x5,x15,55	 x15:0x0000000b  x5=0x00000042
           1556	       774	001001d8	00020337	lui	x6,0x20	  x6=0x00020000
           1560	       776	001001dc	00532023	sw	x5,0(x6)	  x6:0x00020000  x5:0x00000042 PA:0x00020000 store:0x00000042 load:0x00000000
           1562	       777	001001e0	00f57513	andi	x10,x10,15	 x10:0x00002db4 x10=0x00000004
           1564	       778	001001e4	00900613	addi	x12,x0,9	  x0:0x00000000 x12=0x00000009
           1566	       779	001001e8	0ca66a63	bltu	x12,x10,1002bc	 x12:0x00000009 x10:0x00000004
           1568	       780	001001ec	03050893	addi	x17,x10,48	 x10:0x00000004 x17=0x00000034
           1570	       781	001001f0	00020e37	lui	x28,0x20	 x28=0x00020000
           1574	       783	001001f4	011e2023	sw	x17,0(x28)	 x28:0x00020000 x17:0x00000034 PA:0x00020000 store:0x00000034 load:0x00000000
           1588	       790	001001f8	00008067	jalr	x0,0(x1)	  x1:0x00101040  x0=0x00000000
           1590	       791	00101040	d1842587	flw	f11,-744(x8)	  f8:0x00102000 f11=0x00000000 PA:0x00101d18 store:0x00000000
           1592	       792	00101044	f00002d3	fmv.w.x	f5,x0	  x0:0x00000000  f5=0x00000000
           1594	       793	00101048	d1492607	flw	f12,-748(x18)	 f18:0x00102000 f12=0x00000000 PA:0x00101d14 store:0x00000000
           1596	       794	0010104c	d1c4a207	flw	f4,-740(x9)	  f9:0x00102000  f4=0x00000000 PA:0x00101d1c store:0x00000000
           1598	       795	00101050	d1842687	flw	f13,-744(x8)	  f8:0x00102000 f13=0x00000000 PA:0x00101d18 store:0x00000000
           1600	       796	00101054	60b2f343	fmadd.s	f6,f5,f11,f12	  f5:0x00000042 f11:0x00020000 f12:0x00000042  f6=0x00000000
           1602	       797	00101058	00100313	addi	x6,x0,1	  x0:0x00000000  x6=0x00000001
           1604	       798	0010105c	00d273d3	fadd.s	f7,f4,f13	  f4:0x00000000 f13:0x0000000d  f7=0x00000000
           1606	       799	00101060	d1842407	flw	f8,-744(x8)	  f8:0x00102000  f8=0x00000000 PA:0x00101d18 store:0x00000000
           1608	       800	00101064	d00378d3	fcvt.s.w	f17,x6	  x6:0x00000001 f17=0x00000000
           1610	       801	00101068	d0692a27	fsw	f6,-748(x18)	 f18:0x00102000  f6:0x00000001 PA:0x00101d14 store:0x00000000 load:0x3f7d1f60
           1614	       803	0010106c	d1492487	flw	f9,-748(x18)	 f18:0x00102000  f9=0x00000000 PA:0x00101d14 store:0x00000000
           1616	       804	00101070	d074ae27	fsw	f7,-740(x9)	  f9:0x00102000  f7:0x00000032 PA:0x00000000
           1624	       808	00101074	d1c4a507	flw	f10,-740(x9)	  f9:0x00102000 f10=0x00000000 PA:0x00101d1c store:0x00000000
           1628	       810	00101078	d1842807	flw	f16,-744(x8)	  f8:0x00102000 f16=0x00000000 PA:0x00101d18 store:0x00000000
           1630	       811	0010107c	4888f943	fmadd.s	f18,f17,f8,f9	 f17:0x00000034  f8:0x00102000  f9:0x00102000 f18=0x00000000
           1634	       813	00101080	06400393	addi	x7,x0,100	  x0:0x00000000  x7=0x00000064
           1636	       814	00101084	010579d3	fadd.s	f19,f10,f16	 f10:0x00000004 f16:0x00000009 f19=0x00000000
           1638	       815	00101088	d1292a27	fsw	f18,-748(x18)	 f18:0x00102000 f18:0x00102000 PA:0x00101d14 store:0x3f7d1f60 load:0x3f7d1f60
           1640	       816	0010108c	d134ae27	fsw	f19,-740(x9)	  f9:0x00102000 f19:0x00000000 PA:0x00101d1c store:0x4416460d load:0x3f7d1f60
           1644	       818	00101090	d1842a07	flw	f20,-744(x8)	  f8:0x00102000 f20=0x00000000 PA:0x00101d18 store:0x00000000
           1646	       819	00101094	d00a7ad3	fcvt.s.w	f21,x20	 x20:0x00000002 f21=0x00000000
           1650	       821	00101098	d1492e07	flw	f28,-748(x18)	 f18:0x00102000 f28=0x00000000 PA:0x00101d14 store:0x3f7d1f60
           1656	       824	0010109c	001a0093	addi	x1,x20,1	 x20:0x00000002  x1=0x00000003
           1658	       825	001010a0	d1c4ae87	flw	f29,-740(x9)	  f9:0x00102000 f29=0x00000000 PA:0x00101d1c store:0x00000000
           1660	       826	001010a4	e14aff43	fmadd.s	f30,f21,f20,f28	 f21:0x00000000 f20:0x00000002 f28:0x00000000 f30=0x00000000
           1662	       827	001010a8	d1842f87	flw	f31,-744(x8)	  f8:0x00102000 f31=0x00000000 PA:0x00101d18 store:0x00000000
           1664	       828	001010ac	d000f053	fcvt.s.w	f0,x1	  x1:0x00000003  f0=0x00000000
           1666	       829	001010b0	d1842087	flw	f1,-744(x8)	  f8:0x00102000  f1=0x00000000 PA:0x00101d18 store:0x00000000
           1668	       830	001010b4	01fef153	fadd.s	f2,f29,f31	 f29:0x00000030 f31:0xb4000000  f2=0x00000000
           1670	       831	001010b8	d1e92a27	fsw	f30,-748(x18)	 f18:0x00102000 f30:0x00020000 PA:0x00101d14 store:0x403dd788 load:0x3f7d1f60
           1674	       833	001010bc	d1492707	flw	f14,-748(x18)	 f18:0x00102000 f14=0x00000000 PA:0x00101d14 store:0x3f7d1f60
           1676	       834	001010c0	002a0593	addi	x11,x20,2	 x20:0x00000002 x11=0x00000004
           1678	       835	001010c4	d005f7d3	fcvt.s.w	f15,x11	 x11:0x00000004 f15=0x00000000
           1680	       836	001010c8	701071c3	fmadd.s	f3,f0,f1,f14	  f0:0x00000000  f1:0x00000003 f14:0x00000000  f3=0x00000000
           1682	       837	001010cc	d024ae27	fsw	f2,-740(x9)	  f9:0x00102000  f2:0x00137fa0 PA:0x00000000
           1688	       840	001010d0	d1c4a207	flw	f4,-740(x9)	  f9:0x00102000  f4=0x00000000 PA:0x00101d1c store:0x3f7d1f60
           1690	       841	001010d4	d1842587	flw	f11,-744(x8)	  f8:0x00102000 f11=0x00000000 PA:0x00000000
           1698	       845	001010d8	d1842607	flw	f12,-744(x8)	  f8:0x00102000 f12=0x00000000 PA:0x00101d18 store:0x00000000
           1702	       847	001010dc	d0392a27	fsw	f3,-748(x18)	 f18:0x00102000  f3:0x00000000 PA:0x00101d14 store:0x40bdd788 load:0x3f7d1f60
           1710	       851	001010e0	d1492287	flw	f5,-748(x18)	 f18:0x00102000  f5=0x00000000 PA:0x00101d14 store:0x3f7d1f60
           1712	       852	001010e4	00b276d3	fadd.s	f13,f4,f11	  f4:0x00000000 f11:0x00000004 f13=0x00000000
           1716	       854	001010e8	003a0613	addi	x12,x20,3	 x20:0x00000002 x12=0x00000005
           1718	       855	001010ec	28c7f343	fmadd.s	f6,f15,f12,f5	 f15:0x0000000b f12:0x00000005  f5:0x0000000b  f6=0x00000000
           1720	       856	001010f0	d00673d3	fcvt.s.w	f7,x12	 x12:0x00000005  f7=0x00000000
           1722	       857	001010f4	004a0813	addi	x16,x20,4	 x20:0x00000002 x16=0x00000006
           1724	       858	001010f8	d0d4ae27	fsw	f13,-740(x9)	  f9:0x00102000 f13:0x0000000d PA:0x00101d1c store:0x4416c49d load:0x40bdd788
           1728	       860	001010fc	d1c4a407	flw	f8,-740(x9)	  f9:0x00102000  f8=0x00000000 PA:0x00101d1c store:0x3f7d1f60
           1730	       861	00101100	d0692a27	fsw	f6,-748(x18)	 f18:0x00102000  f6:0x00000001 PA:0x00000000
           1738	       865	00101104	d1842487	flw	f9,-744(x8)	  f8:0x00102000  f9=0x00000000 PA:0x00101d18 store:0x00000000
           1742	       867	00101108	d1842507	flw	f10,-744(x8)	  f8:0x00102000 f10=0x00000000 PA:0x00101d18 store:0x00000000
           1746	       869	0010110c	d1492807	flw	f16,-748(x18)	 f18:0x00102000 f16=0x00000000 PA:0x00101d14 store:0x3f7d1f60
           1748	       870	00101110	009478d3	fadd.s	f17,f8,f9	  f8:0x00102000  f9:0x00102000 f17=0x00000000
           1750	       871	00101114	d0087953	fcvt.s.w	f18,x16	 x16:0x00000006 f18=0x00000000
           1752	       872	00101118	80a3f9c3	fmadd.s	f19,f7,f10,f16	  f7:0x00000064 f10:0x00000004 f16:0x00000064 f19=0x00000000
           1756	       874	0010111c	005a0893	addi	x17,x20,5	 x20:0x00000002 x17=0x00000007
           1758	       875	00101120	d008fa53	fcvt.s.w	f20,x17	 x17:0x00000007 f20=0x00000000
           1760	       876	00101124	d114ae27	fsw	f17,-740(x9)	  f9:0x00102000 f17:0x00000007 PA:0x00101d1c store:0x441703e5 load:0x411e339c
           1764	       878	00101128	d1c4aa87	flw	f21,-740(x9)	  f9:0x00102000 f21=0x00000000 PA:0x00101d1c store:0x3f7d1f60
           1766	       879	0010112c	d1392a27	fsw	f19,-748(x18)	 f18:0x00102000 f19:0x00000000 PA:0x00000000
           1774	       883	00101130	d1842e07	flw	f28,-744(x8)	  f8:0x00102000 f28=0x00000000 PA:0x00101d18 store:0x00000000
           1778	       885	00101134	d1842e87	flw	f29,-744(x8)	  f8:0x00102000 f29=0x00000000 PA:0x00101d18 store:0x00000000
           1782	       887	00101138	d1492f07	flw	f30,-748(x18)	 f18:0x00102000 f30=0x00000000 PA:0x00101d14 store:0x40e00000
           1784	       888	0010113c	01caffd3	fadd.s	f31,f21,f28	 f21:0x00000000 f28:0x00020000 f31=0x00000000
           1788	       890	00101140	006a0993	addi	x19,x20,6	 x20:0x00000002 x19=0x00000008
           1790	       891	00101144	f1d97043	fmadd.s	f0,f18,f29,f30	 f18:0x00102000 f29:0x00000030 f30:0x00102000  f0=0x00000000
           1792	       892	00101148	d009f0d3	fcvt.s.w	f1,x19	 x19:0x00000008  f1=0x00000000
           1794	       893	0010114c	007a0a13	addi	x20,x20,7	 x20:0x00000002 x20=0x00000009
           1796	       894	00101150	d1f4ae27	fsw	f31,-740(x9)	  f9:0x00102000 f31:0xb4000000 PA:0x00101d1c store:0x4417432d load:0x416d4d6a
           1800	       896	00101154	d1c4a107	flw	f2,-740(x9)	  f9:0x00102000  f2=0x00000000 PA:0x00101d1c store:0x3f7d1f60
           1802	       897	00101158	d0092a27	fsw	f0,-748(x18)	 f18:0x00102000  f0:0x00000000 PA:0x00000000
           1810	       901	0010115c	d1842707	flw	f14,-744(x8)	  f8:0x00102000 f14=0x00000000 PA:0x00101d18 store:0x00000000
           1814	       903	00101160	d1842787	flw	f15,-744(x8)	  f8:0x00102000 f15=0x00000000 PA:0x00101d18 store:0x00000000
           1818	       905	00101164	d1492187	flw	f3,-748(x18)	 f18:0x00102000  f3=0x00000000 PA:0x00101d14 store:0x40e00000
           1820	       906	00101168	00e17253	fadd.s	f4,f2,f14	  f2:0x00137fa0 f14:0x00000009  f4=0x00000000
           1824	       908	0010116c	18fa75c3	fmadd.s	f11,f20,f15,f3	 f20:0x00000009 f15:0x0000000b  f3:0x00000000 f11=0x00000000
           1826	       909	00101170	d044ae27	fsw	f4,-740(x9)	  f9:0x00102000  f4:0x00000000 PA:0x00000000
           1830	       911	00101174	d0b92a27	fsw	f11,-748(x18)	 f18:0x00102000 f11:0x00000004 PA:0x00101d14 store:0x41dd7b74 load:0x44178275
           1832	       912	00101178	d1c4a287	flw	f5,-740(x9)	  f9:0x00102000  f5=0x00000000 PA:0x00000000
           1834	       913	0010117c	d1842307	flw	f6,-744(x8)	  f8:0x00102000  f6=0x00000000 PA:0x00101d18 store:0x00000000
           1836	       914	00101180	d1842607	flw	f12,-744(x8)	  f8:0x00102000 f12=0x00000000 PA:0x00101d18 store:0x00000000
           1838	       915	00101184	d1492687	flw	f13,-748(x18)	 f18:0x00102000 f13=0x00000000 PA:0x00101d14 store:0x40e00000
           1840	       916	00101188	0062f3d3	fadd.s	f7,f5,f6	  f5:0x00000042  f6:0x00000001  f7=0x00000000
           1844	       918	0010118c	68c0f443	fmadd.s	f8,f1,f12,f13	  f1:0x00000003 f12:0x00000005 f13:0x00000003  f8=0x00000000
           1846	       919	00101190	d074ae27	fsw	f7,-740(x9)	  f9:0x00102000  f7:0x00000064 PA:0x00000000
           1852	       922	00101194	d1c4a487	flw	f9,-740(x9)	  f9:0x00102000  f9=0x00000000 PA:0x00101d1c store:0x3f7d1f60
           1854	       923	00101198	d1842507	flw	f10,-744(x8)	  f8:0x00102000 f10=0x00000000 PA:0x00000000
           1862	       927	0010119c	d0892a27	fsw	f8,-748(x18)	 f18:0x00102000  f8:0x00102000 PA:0x00101d14 store:0x420e61a6 load:0x3f7d1f60
           1864	       928	001011a0	00a4f853	fadd.s	f16,f9,f10	  f9:0x00102000 f10:0x00000004 f16=0x00000000
           1870	       931	001011a4	d104ae27	fsw	f16,-740(x9)	  f9:0x00102000 f16:0x00000006 PA:0x00101d1c store:0x44180105 load:0x3f7d1f60
           1874	       933	001011a8	ee7a14e3	bne	x20,x7,101090	 x20:0x00000009  x7:0x00000064
           1876	       934	00101090	d1842a07	flw	f20,-744(x8)	  f8:0x00102000 f20=0x00000000 PA:0x00101d18 store:0x00000000
           1878	       935	00101094	d00a7ad3	fcvt.s.w	f21,x20	 x20:0x00000009 f21=0x00000000
           1880	       936	00101098	d1492e07	flw	f28,-748(x18)	 f18:0x00102000 f28=0x00000000 PA:0x00101d14 store:0x40e00000
           1882	       937	0010109c	001a0093	addi	x1,x20,1	 x20:0x00000009  x1=0x0000000a
           1884	       938	001010a0	d1c4ae87	flw	f29,-740(x9)	  f9:0x00102000 f29=0x00000000 PA:0x00101d1c store:0x3f7d1f60
           1886	       939	001010a4	e14aff43	fmadd.s	f30,f21,f20,f28	 f21:0x00000000 f20:0x00000009 f28:0x00000000 f30=0x00000000
           1888	       940	001010a8	d1842f87	flw	f31,-744(x8)	  f8:0x00102000 f31=0x00000000 PA:0x00101d18 store:0x00000000
           1890	       941	001010ac	d000f053	fcvt.s.w	f0,x1	  x1:0x0000000a  f0=0x00000000
           1892	       942	001010b0	d1842087	flw	f1,-744(x8)	  f8:0x00102000  f1=0x00000000 PA:0x00101d18 store:0x00000000
           1894	       943	001010b4	01fef153	fadd.s	f2,f29,f31	 f29:0x00000030 f31:0xb4000000  f2=0x00000000
           1896	       944	001010b8	d1e92a27	fsw	f30,-748(x18)	 f18:0x00102000 f30:0x00020000 PA:0x00101d14 store:0x4231fa10 load:0x4231fa10
           1900	       946	001010bc	d1492707	flw	f14,-748(x18)	 f18:0x00102000 f14=0x00000000 PA:0x00101d14 store:0x3f7d1f60
           1902	       947	001010c0	002a0593	addi	x11,x20,2	 x20:0x00000009 x11=0x0000000b
           1904	       948	001010c4	d005f7d3	fcvt.s.w	f15,x11	 x11:0x0000000b f15=0x00000000
           1906	       949	001010c8	701071c3	fmadd.s	f3,f0,f1,f14	  f0:0x00000000  f1:0x0000000a f14:0x00000000  f3=0x00000000
           1908	       950	001010cc	d024ae27	fsw	f2,-740(x9)	  f9:0x00102000  f2:0x00137fa0 PA:0x00000000
           1914	       953	001010d0	d1c4a207	flw	f4,-740(x9)	  f9:0x00102000  f4=0x00000000 PA:0x00101d1c store:0x420e61a6
           1916	       954	001010d4	d1842587	flw	f11,-744(x8)	  f8:0x00102000 f11=0x00000000 PA:0x00000000
           1924	       958	001010d8	d1842607	flw	f12,-744(x8)	  f8:0x00102000 f12=0x00000000 PA:0x00101d18 store:0x00000000
           1928	       960	001010dc	d0392a27	fsw	f3,-748(x18)	 f18:0x00102000  f3:0x00000000 PA:0x00101d14 store:0x425986f7 load:0x3f7d1f60
           1936	       964	001010e0	d1492287	flw	f5,-748(x18)	 f18:0x00102000  f5=0x00000000 PA:0x00101d14 store:0x3f7d1f60
           1938	       965	001010e4	00b276d3	fadd.s	f13,f4,f11	  f4:0x00000000 f11:0x0000000b f13=0x00000000
           1942	       967	001010e8	003a0613	addi	x12,x20,3	 x20:0x00000009 x12=0x0000000c
           1944	       968	001010ec	28c7f343	fmadd.s	f6,f15,f12,f5	 f15:0x0000000b f12:0x0000000c  f5:0x0000000b  f6=0x00000000
           1946	       969	001010f0	d00673d3	fcvt.s.w	f7,x12	 x12:0x0000000c  f7=0x00000000
           1948	       970	001010f4	004a0813	addi	x16,x20,4	 x20:0x00000009 x16=0x0000000d
           1950	       971	001010f8	d0d4ae27	fsw	f13,-740(x9)	  f9:0x00102000 f13:0x0000000d PA:0x00101d1c store:0x44187f95 load:0x425986f7
           1954	       973	001010fc	d1c4a407	flw	f8,-740(x9)	  f9:0x00102000  f8=0x00000000 PA:0x00101d1c store:0x420e61a6
           1956	       974	00101100	d0692a27	fsw	f6,-748(x18)	 f18:0x00102000  f6:0x00000001 PA:0x00000000
           1964	       978	00101104	d1842487	flw	f9,-744(x8)	  f8:0x00102000  f9=0x00000000 PA:0x00101d18 store:0x00000000
           1968	       980	00101108	d1842507	flw	f10,-744(x8)	  f8:0x00102000 f10=0x00000000 PA:0x00101d18 store:0x00000000
           1972	       982	0010110c	d1492807	flw	f16,-748(x18)	 f18:0x00102000 f16=0x00000000 PA:0x00101d14 store:0x3f7d1f60
           1974	       983	00101110	009478d3	fadd.s	f17,f8,f9	  f8:0x00102000  f9:0x00102000 f17=0x00000000
           1976	       984	00101114	d0087953	fcvt.s.w	f18,x16	 x16:0x0000000d f18=0x00000000
           1978	       985	00101118	80a3f9c3	fmadd.s	f19,f7,f10,f16	  f7:0x00000064 f10:0x00000004 f16:0x00000064 f19=0x00000000
           1982	       987	0010111c	005a0893	addi	x17,x20,5	 x20:0x00000009 x17=0x0000000e
           1984	       988	00101120	d008fa53	fcvt.s.w	f20,x17	 x17:0x0000000e f20=0x00000000
           1986	       989	00101124	d114ae27	fsw	f17,-740(x9)	  f9:0x00102000 f17:0x0000000e PA:0x00101d1c store:0x4418bedd load:0x4282842e
           1990	       991	00101128	d1c4aa87	flw	f21,-740(x9)	  f9:0x00102000 f21=0x00000000 PA:0x00101d1c store:0x420e61a6
           1992	       992	0010112c	d1392a27	fsw	f19,-748(x18)	 f18:0x00102000 f19:0x00000008 PA:0x00000000
           2000	       996	00101130	d1842e07	flw	f28,-744(x8)	  f8:0x00102000 f28=0x00000000 PA:0x00101d18 store:0x00000000
           2004	       998	00101134	d1842e87	flw	f29,-744(x8)	  f8:0x00102000 f29=0x00000000 PA:0x00101d18 store:0x00000000
           2008	      1000	00101138	d1492f07	flw	f30,-748(x18)	 f18:0x00102000 f30=0x00000000 PA:0x00101d14 store:0x41600000
           2010	      1001	0010113c	01caffd3	fadd.s	f31,f21,f28	 f21:0x00000000 f28:0x00020000 f31=0x00000000
           2014	      1003	00101140	006a0993	addi	x19,x20,6	 x20:0x00000009 x19=0x0000000f
           2016	      1004	00101144	f1d97043	fmadd.s	f0,f18,f29,f30	 f18:0x00102000 f29:0x00000030 f30:0x00102000  f0=0x00000000
           2018	      1005	00101148	d009f0d3	fcvt.s.w	f1,x19	 x19:0x0000000f  f1=0x00000000
           2020	      1006	0010114c	007a0a13	addi	x20,x20,7	 x20:0x00000009 x20=0x00000010
           2022	      1007	00101150	d1f4ae27	fsw	f31,-740(x9)	  f9:0x00102000 f31:0xb4000000 PA:0x00101d1c store:0x4418fe25 load:0x429a3f1f
           2026	      1009	00101154	d1c4a107	flw	f2,-740(x9)	  f9:0x00102000  f2=0x00000000 PA:0x00101d1c store:0x3f7d1f60
           2028	      1010	00101158	d0092a27	fsw	f0,-748(x18)	 f18:0x00102000  f0:0x00000000 PA:0x00000000
           2036	      1014	0010115c	d1842707	flw	f14,-744(x8)	  f8:0x00102000 f14=0x00000000 PA:0x00101d18 store:0x00000000
           2040	      1016	00101160	d1842787	flw	f15,-744(x8)	  f8:0x00102000 f15=0x00000000 PA:0x00101d18 store:0x00000000
           2044	      1018	00101164	d1492187	flw	f3,-748(x18)	 f18:0x00102000  f3=0x00000000 PA:0x00101d14 store:0x41600000
           2046	      1019	00101168	00e17253	fadd.s	f4,f2,f14	  f2:0x00137fa0 f14:0x00000009  f4=0x00000000
           2050	      1021	0010116c	18fa75c3	fmadd.s	f11,f20,f15,f3	 f20:0x00000010 f15:0x0000000b  f3:0x00000000 f11=0x00000000
           2052	      1022	00101170	d044ae27	fsw	f4,-740(x9)	  f9:0x00102000  f4:0x00000000 PA:0x00000000
           2056	      1024	00101174	d0b92a27	fsw	f11,-748(x18)	 f18:0x00102000 f11:0x0000000b PA:0x00101d14 store:0x42cfa3be load:0x44193d6d
           2058	      1025	00101178	d1c4a287	flw	f5,-740(x9)	  f9:0x00102000  f5=0x00000000 PA:0x00000000
           2060	      1026	0010117c	d1842307	flw	f6,-744(x8)	  f8:0x00102000  f6=0x00000000 PA:0x00101d18 store:0x00000000
           2062	      1027	00101180	d1842607	flw	f12,-744(x8)	  f8:0x00102000 f12=0x00000000 PA:0x00101d18 store:0x00000000
           2064	      1028	00101184	d1492687	flw	f13,-748(x18)	 f18:0x00102000 f13=0x00000000 PA:0x00101d14 store:0x41600000
           2066	      1029	00101188	0062f3d3	fadd.s	f7,f5,f6	  f5:0x00000042  f6:0x00000001  f7=0x00000000
           2070	      1031	0010118c	68c0f443	fmadd.s	f8,f1,f12,f13	  f1:0x0000000a f12:0x0000000c f13:0x0000000a  f8=0x00000000
           2072	      1032	00101190	d074ae27	fsw	f7,-740(x9)	  f9:0x00102000  f7:0x00000064 PA:0x00000000
           2078	      1035	00101194	d1c4a487	flw	f9,-740(x9)	  f9:0x00102000  f9=0x00000000 PA:0x00101d1c store:0x3f7d1f60
           2080	      1036	00101198	d1842507	flw	f10,-744(x8)	  f8:0x00102000 f10=0x00000000 PA:0x00000000
           2088	      1040	0010119c	d0892a27	fsw	f8,-748(x18)	 f18:0x00102000  f8:0x00102000 PA:0x00101d14 store:0x42ed4d6b load:0x3f7d1f60
           2090	      1041	001011a0	00a4f853	fadd.s	f16,f9,f10	  f9:0x00102000 f10:0x00000004 f16=0x00000000
           2096	      1044	001011a4	d104ae27	fsw	f16,-740(x9)	  f9:0x00102000 f16:0x0000000d PA:0x00101d1c store:0x4419bbfd load:0x3f7d1f60
           2100	      1046	001011a8	ee7a14e3	bne	x20,x7,101090	 x20:0x00000010  x7:0x00000064
           2102	      1047	00101090	d1842a07	flw	f20,-744(x8)	  f8:0x00102000 f20=0x00000000 PA:0x00101d18 store:0x00000000
           2104	      1048	00101094	d00a7ad3	fcvt.s.w	f21,x20	 x20:0x00000010 f21=0x00000000
           2106	      1049	00101098	d1492e07	flw	f28,-748(x18)	 f18:0x00102000 f28=0x00000000 PA:0x00101d14 store:0x41600000
           2108	      1050	0010109c	001a0093	addi	x1,x20,1	 x20:0x00000010  x1=0x00000011
           2110	      1051	001010a0	d1c4ae87	flw	f29,-740(x9)	  f9:0x00102000 f29=0x00000000 PA:0x00101d1c store:0x3f7d1f60
           2112	      1052	001010a4	e14aff43	fmadd.s	f30,f21,f20,f28	 f21:0x00000000 f20:0x00000010 f28:0x00000000 f30=0x00000000
           2114	      1053	001010a8	d1842f87	flw	f31,-744(x8)	  f8:0x00102000 f31=0x00000000 PA:0x00101d18 store:0x00000000
           2116	      1054	001010ac	d000f053	fcvt.s.w	f0,x1	  x1:0x00000011  f0=0x00000000
           2118	      1055	001010b0	d1842087	flw	f1,-744(x8)	  f8:0x00102000  f1=0x00000000 PA:0x00101d18 store:0x00000000
           2120	      1056	001010b4	01fef153	fadd.s	f2,f29,f31	 f29:0x00000030 f31:0xb4000000  f2=0x00000000
           2122	      1057	001010b8	d1e92a27	fsw	f30,-748(x18)	 f18:0x00102000 f30:0x00020000 PA:0x00101d14 store:0x430678ac load:0x430678ac
           2126	      1059	001010bc	d1492707	flw	f14,-748(x18)	 f18:0x00102000 f14=0x00000000 PA:0x00101d14 store:0x3f7d1f60
           2128	      1060	001010c0	002a0593	addi	x11,x20,2	 x20:0x00000010 x11=0x00000012
           2130	      1061	001010c4	d005f7d3	fcvt.s.w	f15,x11	 x11:0x00000012 f15=0x00000000
           2132	      1062	001010c8	701071c3	fmadd.s	f3,f0,f1,f14	  f0:0x00000000  f1:0x00000011 f14:0x00000000  f3=0x00000000
           2134	      1063	001010cc	d024ae27	fsw	f2,-740(x9)	  f9:0x00102000  f2:0x00137fa0 PA:0x00000000
           2140	      1066	001010d0	d1c4a207	flw	f4,-740(x9)	  f9:0x00102000  f4=0x00000000 PA:0x00101d1c store:0x42ed4d6b
           2142	      1067	001010d4	d1842587	flw	f11,-744(x8)	  f8:0x00102000 f11=0x00000000 PA:0x00000000
           2150	      1071	001010d8	d1842607	flw	f12,-744(x8)	  f8:0x00102000 f12=0x00000000 PA:0x00101d18 store:0x00000000
           2154	      1073	001010dc	d0392a27	fsw	f3,-748(x18)	 f18:0x00102000  f3:0x00000000 PA:0x00101d14 store:0x431747c1 load:0x3f7d1f60
           2162	      1077	001010e0	d1492287	flw	f5,-748(x18)	 f18:0x00102000  f5=0x00000000 PA:0x00101d14 store:0x3f7d1f60
           2164	      1078	001010e4	00b276d3	fadd.s	f13,f4,f11	  f4:0x00000000 f11:0x00000012 f13=0x00000000
           2168	      1080	001010e8	003a0613	addi	x12,x20,3	 x20:0x00000010 x12=0x00000013
           2170	      1081	001010ec	28c7f343	fmadd.s	f6,f15,f12,f5	 f15:0x0000000b f12:0x00000013  f5:0x0000000b  f6=0x00000000
           2172	      1082	001010f0	d00673d3	fcvt.s.w	f7,x12	 x12:0x00000013  f7=0x00000000
           2174	      1083	001010f4	004a0813	addi	x16,x20,4	 x20:0x00000010 x16=0x00000014
           2176	      1084	001010f8	d0d4ae27	fsw	f13,-740(x9)	  f9:0x00102000 f13:0x0000000d PA:0x00101d1c store:0x441a3a8d load:0x431747c1
           2180	      1086	001010fc	d1c4a407	flw	f8,-740(x9)	  f9:0x00102000  f8=0x00000000 PA:0x00101d1c store:0x42ed4d6b
           2182	      1087	00101100	d0692a27	fsw	f6,-748(x18)	 f18:0x00102000  f6:0x00000001 PA:0x00000000
           2190	      1091	00101104	d1842487	flw	f9,-744(x8)	  f8:0x00102000  f9=0x00000000 PA:0x00101d18 store:0x00000000
           2194	      1093	00101108	d1842507	flw	f10,-744(x8)	  f8:0x00102000 f10=0x00000000 PA:0x00101d18 store:0x00000000
           2198	      1095	0010110c	d1492807	flw	f16,-748(x18)	 f18:0x00102000 f16=0x00000000 PA:0x00101d14 store:0x3f7d1f60
           2200	      1096	00101110	009478d3	fadd.s	f17,f8,f9	  f8:0x00102000  f9:0x00102000 f17=0x00000000
           2202	      1097	00101114	d0087953	fcvt.s.w	f18,x16	 x16:0x00000014 f18=0x00000000
           2204	      1098	00101118	80a3f9c3	fmadd.s	f19,f7,f10,f16	  f7:0x00000064 f10:0x00000004 f16:0x00000064 f19=0x00000000
           2208	      1100	0010111c	005a0893	addi	x17,x20,5	 x20:0x00000010 x17=0x00000015
           2210	      1101	00101120	d008fa53	fcvt.s.w	f20,x17	 x17:0x00000015 f20=0x00000000
           2212	      1102	00101124	d114ae27	fsw	f17,-740(x9)	  f9:0x00102000 f17:0x00000015 PA:0x00101d1c store:0x441a79d5 load:0x432913f6
           2216	      1104	00101128	d1c4aa87	flw	f21,-740(x9)	  f9:0x00102000 f21=0x00000000 PA:0x00101d1c store:0x42ed4d6b
           2218	      1105	0010112c	d1392a27	fsw	f19,-748(x18)	 f18:0x00102000 f19:0x0000000f PA:0x00000000
           2226	      1109	00101130	d1842e07	flw	f28,-744(x8)	  f8:0x00102000 f28=0x00000000 PA:0x00101d18 store:0x00000000
           2230	      1111	00101134	d1842e87	flw	f29,-744(x8)	  f8:0x00102000 f29=0x00000000 PA:0x00101d18 store:0x00000000
           2234	      1113	00101138	d1492f07	flw	f30,-748(x18)	 f18:0x00102000 f30=0x00000000 PA:0x00101d14 store:0x41a80000
           2236	      1114	0010113c	01caffd3	fadd.s	f31,f21,f28	 f21:0x00000000 f28:0x00020000 f31=0x00000000
           2240	      1116	00101140	006a0993	addi	x19,x20,6	 x20:0x00000010 x19=0x00000016
           2242	      1117	00101144	f1d97043	fmadd.s	f0,f18,f29,f30	 f18:0x00102000 f29:0x00000030 f30:0x00102000  f0=0x00000000
           2244	      1118	00101148	d009f0d3	fcvt.s.w	f1,x19	 x19:0x00000016  f1=0x00000000
           2246	      1119	0010114c	007a0a13	addi	x20,x20,7	 x20:0x00000010 x20=0x00000017
           2248	      1120	00101150	d1f4ae27	fsw	f31,-740(x9)	  f9:0x00102000 f31:0xb4000000 PA:0x00101d1c store:0x441ab91d load:0x433bdd4a
           2252	      1122	00101154	d1c4a107	flw	f2,-740(x9)	  f9:0x00102000  f2=0x00000000 PA:0x00101d1c store:0x3f7d1f60
           2254	      1123	00101158	d0092a27	fsw	f0,-748(x18)	 f18:0x00102000  f0:0x00000000 PA:0x00000000
           2262	      1127	0010115c	d1842707	flw	f14,-744(x8)	  f8:0x00102000 f14=0x00000000 PA:0x00101d18 store:0x00000000
           2266	      1129	00101160	d1842787	flw	f15,-744(x8)	  f8:0x00102000 f15=0x00000000 PA:0x00101d18 store:0x00000000
           2270	      1131	00101164	d1492187	flw	f3,-748(x18)	 f18:0x00102000  f3=0x00000000 PA:0x00101d14 store:0x41a80000
           2272	      1132	00101168	00e17253	fadd.s	f4,f2,f14	  f2:0x00137fa0 f14:0x00000009  f4=0x00000000
           2276	      1134	0010116c	18fa75c3	fmadd.s	f11,f20,f15,f3	 f20:0x00000017 f15:0x0000000b  f3:0x00000000 f11=0x00000000
           2278	      1135	00101170	d044ae27	fsw	f4,-740(x9)	  f9:0x00102000  f4:0x00000000 PA:0x00000000
           2282	      1137	00101174	d0b92a27	fsw	f11,-748(x18)	 f18:0x00102000 f11:0x00000012 PA:0x00101d14 store:0x43646751 load:0x441af865
           2284	      1138	00101178	d1c4a287	flw	f5,-740(x9)	  f9:0x00102000  f5=0x00000000 PA:0x00000000
           2286	      1139	0010117c	d1842307	flw	f6,-744(x8)	  f8:0x00102000  f6=0x00000000 PA:0x00101d18 store:0x00000000
           2288	      1140	00101180	d1842607	flw	f12,-744(x8)	  f8:0x00102000 f12=0x00000000 PA:0x00101d18 store:0x00000000
           2290	      1141	00101184	d1492687	flw	f13,-748(x18)	 f18:0x00102000 f13=0x00000000 PA:0x00101d14 store:0x41a80000
           2292	      1142	00101188	0062f3d3	fadd.s	f7,f5,f6	  f5:0x00000042  f6:0x00000001  f7=0x00000000
           2296	      1144	0010118c	68c0f443	fmadd.s	f8,f1,f12,f13	  f1:0x00000011 f12:0x00000013 f13:0x00000011  f8=0x00000000
           2298	      1145	00101190	d074ae27	fsw	f7,-740(x9)	  f9:0x00102000  f7:0x00000064 PA:0x00000000
           2304	      1148	00101194	d1c4a487	flw	f9,-740(x9)	  f9:0x00102000  f9=0x00000000 PA:0x00101d1c store:0x3f7d1f60
           2306	      1149	00101198	d1842507	flw	f10,-744(x8)	  f8:0x00102000 f10=0x00000000 PA:0x00000000
           2314	      1153	0010119c	d0892a27	fsw	f8,-748(x18)	 f18:0x00102000  f8:0x00102000 PA:0x00101d14 store:0x437a2803 load:0x3f7d1f60
           2316	      1154	001011a0	00a4f853	fadd.s	f16,f9,f10	  f9:0x00102000 f10:0x00000004 f16=0x00000000
           2322	      1157	001011a4	d104ae27	fsw	f16,-740(x9)	  f9:0x00102000 f16:0x00000014 PA:0x00101d1c store:0x441b76f5 load:0x3f7d1f60
           2326	      1159	001011a8	ee7a14e3	bne	x20,x7,101090	 x20:0x00000017  x7:0x00000064
           2328	      1160	00101090	d1842a07	flw	f20,-744(x8)	  f8:0x00102000 f20=0x00000000 PA:0x00101d18 store:0x00000000
           2330	      1161	00101094	d00a7ad3	fcvt.s.w	f21,x20	 x20:0x00000017 f21=0x00000000
           2332	      1162	00101098	d1492e07	flw	f28,-748(x18)	 f18:0x00102000 f28=0x00000000 PA:0x00101d14 store:0x41a80000
           2334	      1163	0010109c	001a0093	addi	x1,x20,1	 x20:0x00000017  x1=0x00000018
           2336	      1164	001010a0	d1c4ae87	flw	f29,-740(x9)	  f9:0x00102000 f29=0x00000000 PA:0x00101d1c store:0x3f7d1f60
           2338	      1165	001010a4	e14aff43	fmadd.s	f30,f21,f20,f28	 f21:0x00000000 f20:0x00000017 f28:0x00000000 f30=0x00000000
           2340	      1166	001010a8	d1842f87	flw	f31,-744(x8)	  f8:0x00102000 f31=0x00000000 PA:0x00101d18 store:0x00000000
           2342	      1167	001010ac	d000f053	fcvt.s.w	f0,x1	  x1:0x00000018  f0=0x00000000
           2344	      1168	001010b0	d1842087	flw	f1,-744(x8)	  f8:0x00102000  f1=0x00000000 PA:0x00101d18 store:0x00000000
           2346	      1169	001010b4	01fef153	fadd.s	f2,f29,f31	 f29:0x00000030 f31:0xb4000000  f2=0x00000000
           2348	      1170	001010b8	d1e92a27	fsw	f30,-748(x18)	 f18:0x00102000 f30:0x00020000 PA:0x00101d14 store:0x438872ea load:0x438872ea
           2352	      1172	001010bc	d1492707	flw	f14,-748(x18)	 f18:0x00102000 f14=0x00000000 PA:0x00101d14 store:0x3f7d1f60
           2354	      1173	001010c0	002a0593	addi	x11,x20,2	 x20:0x00000017 x11=0x00000019
           2356	      1174	001010c4	d005f7d3	fcvt.s.w	f15,x11	 x11:0x00000019 f15=0x00000000
           2358	      1175	001010c8	701071c3	fmadd.s	f3,f0,f1,f14	  f0:0x00000000  f1:0x00000018 f14:0x00000000  f3=0x00000000
           2360	      1176	001010cc	d024ae27	fsw	f2,-740(x9)	  f9:0x00102000  f2:0x00137fa0 PA:0x00000000
           2366	      1179	001010d0	d1c4a207	flw	f4,-740(x9)	  f9:0x00102000  f4=0x00000000 PA:0x00101d1c store:0x437a2803
           2368	      1180	001010d4	d1842587	flw	f11,-744(x8)	  f8:0x00102000 f11=0x00000000 PA:0x00000000
           2376	      1184	001010d8	d1842607	flw	f12,-744(x8)	  f8:0x00102000 f12=0x00000000 PA:0x00101d18 store:0x00000000
           2380	      1186	001010dc	d0392a27	fsw	f3,-748(x18)	 f18:0x00102000  f3:0x00000000 PA:0x00101d14 store:0x43945062 load:0x3f7d1f60
           2388	      1190	001010e0	d1492287	flw	f5,-748(x18)	 f18:0x00102000  f5=0x00000000 PA:0x00101d14 store:0x3f7d1f60
           2390	      1191	001010e4	00b276d3	fadd.s	f13,f4,f11	  f4:0x00000000 f11:0x00000019 f13=0x00000000
           2394	      1193	001010e8	003a0613	addi	x12,x20,3	 x20:0x00000017 x12=0x0000001a
           2396	      1194	001010ec	28c7f343	fmadd.s	f6,f15,f12,f5	 f15:0x0000000b f12:0x0000001a  f5:0x0000000b  f6=0x00000000
           2398	      1195	001010f0	d00673d3	fcvt.s.w	f7,x12	 x12:0x0000001a  f7=0x00000000
           2400	      1196	001010f4	004a0813	addi	x16,x20,4	 x20:0x00000017 x16=0x0000001b
           2402	      1197	001010f8	d0d4ae27	fsw	f13,-740(x9)	  f9:0x00102000 f13:0x0000000d PA:0x00101d1c store:0x441bf585 load:0x43945062
           2406	      1199	001010fc	d1c4a407	flw	f8,-740(x9)	  f9:0x00102000  f8=0x00000000 PA:0x00101d1c store:0x437a2803
           2408	      1200	00101100	d0692a27	fsw	f6,-748(x18)	 f18:0x00102000  f6:0x00000001 PA:0x00000000
           2416	      1204	00101104	d1842487	flw	f9,-744(x8)	  f8:0x00102000  f9=0x00000000 PA:0x00101d18 store:0x00000000
           2420	      1206	00101108	d1842507	flw	f10,-744(x8)	  f8:0x00102000 f10=0x00000000 PA:0x00101d18 store:0x00000000
           2424	      1208	0010110c	d1492807	flw	f16,-748(x18)	 f18:0x00102000 f16=0x00000000 PA:0x00101d14 store:0x3f7d1f60
           2426	      1209	00101110	009478d3	fadd.s	f17,f8,f9	  f8:0x00102000  f9:0x00102000 f17=0x00000000
           2428	      1210	00101114	d0087953	fcvt.s.w	f18,x16	 x16:0x0000001b f18=0x00000000
           2430	      1211	00101118	80a3f9c3	fmadd.s	f19,f7,f10,f16	  f7:0x00000064 f10:0x00000004 f16:0x00000064 f19=0x00000000
           2434	      1213	0010111c	005a0893	addi	x17,x20,5	 x20:0x00000017 x17=0x0000001c
           2436	      1214	00101120	d008fa53	fcvt.s.w	f20,x17	 x17:0x0000001c f20=0x00000000
           2438	      1215	00101124	d114ae27	fsw	f17,-740(x9)	  f9:0x00102000 f17:0x0000001c PA:0x00101d1c store:0x441c34cd load:0x43a0ac6a
           2442	      1217	00101128	d1c4aa87	flw	f21,-740(x9)	  f9:0x00102000 f21=0x00000000 PA:0x00101d1c store:0x437a2803
           2444	      1218	0010112c	d1392a27	fsw	f19,-748(x18)	 f18:0x00102000 f19:0x00000016 PA:0x00000000
           2452	      1222	00101130	d1842e07	flw	f28,-744(x8)	  f8:0x00102000 f28=0x00000000 PA:0x00101d18 store:0x00000000
           2456	      1224	00101134	d1842e87	flw	f29,-744(x8)	  f8:0x00102000 f29=0x00000000 PA:0x00101d18 store:0x00000000
           2460	      1226	00101138	d1492f07	flw	f30,-748(x18)	 f18:0x00102000 f30=0x00000000 PA:0x00101d14 store:0x41e00000
           2462	      1227	0010113c	01caffd3	fadd.s	f31,f21,f28	 f21:0x00000000 f28:0x00020000 f31=0x00000000
           2466	      1229	00101140	006a0993	addi	x19,x20,6	 x20:0x00000017 x19=0x0000001d
           2468	      1230	00101144	f1d97043	fmadd.s	f0,f18,f29,f30	 f18:0x00102000 f29:0x00000030 f30:0x00102000  f0=0x00000000
           2470	      1231	00101148	d009f0d3	fcvt.s.w	f1,x19	 x19:0x0000001d  f1=0x00000000
           2472	      1232	0010114c	007a0a13	addi	x20,x20,7	 x20:0x00000017 x20=0x0000001e
           2474	      1233	00101150	d1f4ae27	fsw	f31,-740(x9)	  f9:0x00102000 f31:0xb4000000 PA:0x00101d1c store:0x441c7415 load:0x43ad8702
           2478	      1235	00101154	d1c4a107	flw	f2,-740(x9)	  f9:0x00102000  f2=0x00000000 PA:0x00101d1c store:0x3f7d1f60
           2480	      1236	00101158	d0092a27	fsw	f0,-748(x18)	 f18:0x00102000  f0:0x00000000 PA:0x00000000
           2488	      1240	0010115c	d1842707	flw	f14,-744(x8)	  f8:0x00102000 f14=0x00000000 PA:0x00101d18 store:0x00000000
           2492	      1242	00101160	d1842787	flw	f15,-744(x8)	  f8:0x00102000 f15=0x00000000 PA:0x00101d18 store:0x00000000
           2496	      1244	00101164	d1492187	flw	f3,-748(x18)	 f18:0x00102000  f3=0x00000000 PA:0x00101d14 store:0x41e00000
           2498	      1245	00101168	00e17253	fadd.s	f4,f2,f14	  f2:0x00137fa0 f14:0x00000009  f4=0x00000000
           2502	      1247	0010116c	18fa75c3	fmadd.s	f11,f20,f15,f3	 f20:0x0000001e f15:0x0000000b  f3:0x00000000 f11=0x00000000
           2504	      1248	00101170	d044ae27	fsw	f4,-740(x9)	  f9:0x00102000  f4:0x00000000 PA:0x00000000
           2508	      1250	00101174	d0b92a27	fsw	f11,-748(x18)	 f18:0x00102000 f11:0x00000019 PA:0x00101d14 store:0x43c8b7e1 load:0x441cb35d
           2510	      1251	00101178	d1c4a287	flw	f5,-740(x9)	  f9:0x00102000  f5=0x00000000 PA:0x00000000
           2512	      1252	0010117c	d1842307	flw	f6,-744(x8)	  f8:0x00102000  f6=0x00000000 PA:0x00101d18 store:0x00000000
           2514	      1253	00101180	d1842607	flw	f12,-744(x8)	  f8:0x00102000 f12=0x00000000 PA:0x00101d18 store:0x00000000
           2516	      1254	00101184	d1492687	flw	f13,-748(x18)	 f18:0x00102000 f13=0x00000000 PA:0x00101d14 store:0x41e00000
           2518	      1255	00101188	0062f3d3	fadd.s	f7,f5,f6	  f5:0x00000042  f6:0x00000001  f7=0x00000000
           2522	      1257	0010118c	68c0f443	fmadd.s	f8,f1,f12,f13	  f1:0x00000018 f12:0x0000001a f13:0x00000018  f8=0x00000000
           2524	      1258	00101190	d074ae27	fsw	f7,-740(x9)	  f9:0x00102000  f7:0x00000064 PA:0x00000000
           2530	      1261	00101194	d1c4a487	flw	f9,-740(x9)	  f9:0x00102000  f9=0x00000000 PA:0x00101d1c store:0x3f7d1f60
           2532	      1262	00101198	d1842507	flw	f10,-744(x8)	  f8:0x00102000 f10=0x00000000 PA:0x00000000
           2540	      1266	0010119c	d0892a27	fsw	f8,-748(x18)	 f18:0x00102000  f8:0x00102000 PA:0x00101d14 store:0x43d70e28 load:0x3f7d1f60
           2542	      1267	001011a0	00a4f853	fadd.s	f16,f9,f10	  f9:0x00102000 f10:0x00000004 f16=0x00000000
           2548	      1270	001011a4	d104ae27	fsw	f16,-740(x9)	  f9:0x00102000 f16:0x0000001b PA:0x00101d1c store:0x441d31ed load:0x3f7d1f60
           2552	      1272	001011a8	ee7a14e3	bne	x20,x7,101090	 x20:0x0000001e  x7:0x00000064
           2554	      1273	00101090	d1842a07	flw	f20,-744(x8)	  f8:0x00102000 f20=0x00000000 PA:0x00101d18 store:0x00000000
           2556	      1274	00101094	d00a7ad3	fcvt.s.w	f21,x20	 x20:0x0000001e f21=0x00000000
           2558	      1275	00101098	d1492e07	flw	f28,-748(x18)	 f18:0x00102000 f28=0x00000000 PA:0x00101d14 store:0x41e00000
           2560	      1276	0010109c	001a0093	addi	x1,x20,1	 x20:0x0000001e  x1=0x0000001f
           2562	      1277	001010a0	d1c4ae87	flw	f29,-740(x9)	  f9:0x00102000 f29=0x00000000 PA:0x00101d1c store:0x3f7d1f60
           2564	      1278	001010a4	e14aff43	fmadd.s	f30,f21,f20,f28	 f21:0x00000000 f20:0x0000001e f28:0x00000000 f30=0x00000000
           2566	      1279	001010a8	d1842f87	flw	f31,-744(x8)	  f8:0x00102000 f31=0x00000000 PA:0x00101d18 store:0x00000000
           2568	      1280	001010ac	d000f053	fcvt.s.w	f0,x1	  x1:0x0000001f  f0=0x00000000
           2570	      1281	001010b0	d1842087	flw	f1,-744(x8)	  f8:0x00102000  f1=0x00000000 PA:0x00101d18 store:0x00000000
           2572	      1282	001010b4	01fef153	fadd.s	f2,f29,f31	 f29:0x00000030 f31:0xb4000000  f2=0x00000000
           2574	      1283	001010b8	d1e92a27	fsw	f30,-748(x18)	 f18:0x00102000 f30:0x00020000 PA:0x00101d14 store:0x43e5e2ff load:0x43e5e2ff
           2578	      1285	001010bc	d1492707	flw	f14,-748(x18)	 f18:0x00102000 f14=0x00000000 PA:0x00101d14 store:0x3f7d1f60
           2580	      1286	001010c0	002a0593	addi	x11,x20,2	 x20:0x0000001e x11=0x00000020
           2582	      1287	001010c4	d005f7d3	fcvt.s.w	f15,x11	 x11:0x00000020 f15=0x00000000
           2584	      1288	001010c8	701071c3	fmadd.s	f3,f0,f1,f14	  f0:0x00000000  f1:0x0000001f f14:0x00000000  f3=0x00000000
           2586	      1289	001010cc	d024ae27	fsw	f2,-740(x9)	  f9:0x00102000  f2:0x00137fa0 PA:0x00000000
           2592	      1292	001010d0	d1c4a207	flw	f4,-740(x9)	  f9:0x00102000  f4=0x00000000 PA:0x00101d1c store:0x43d70e28
           2594	      1293	001010d4	d1842587	flw	f11,-744(x8)	  f8:0x00102000 f11=0x00000000 PA:0x00000000
           2602	      1297	001010d8	d1842607	flw	f12,-744(x8)	  f8:0x00102000 f12=0x00000000 PA:0x00101d18 store:0x00000000
           2606	      1299	001010dc	d0392a27	fsw	f3,-748(x18)	 f18:0x00102000  f3:0x00000000 PA:0x00101d14 store:0x43f53665 load:0x3f7d1f60
           2614	      1303	001010e0	d1492287	flw	f5,-748(x18)	 f18:0x00102000  f5=0x00000000 PA:0x00101d14 store:0x3f7d1f60
           2616	      1304	001010e4	00b276d3	fadd.s	f13,f4,f11	  f4:0x00000000 f11:0x00000020 f13=0x00000000
           2620	      1306	001010e8	003a0613	addi	x12,x20,3	 x20:0x0000001e x12=0x00000021
           2622	      1307	001010ec	28c7f343	fmadd.s	f6,f15,f12,f5	 f15:0x0000000b f12:0x00000021  f5:0x0000000b  f6=0x00000000
           2624	      1308	001010f0	d00673d3	fcvt.s.w	f7,x12	 x12:0x00000021  f7=0x00000000
           2626	      1309	001010f4	004a0813	addi	x16,x20,4	 x20:0x0000001e x16=0x00000022
           2628	      1310	001010f8	d0d4ae27	fsw	f13,-740(x9)	  f9:0x00102000 f13:0x0000000d PA:0x00101d1c store:0x441db07d load:0x43f53665
           2632	      1312	001010fc	d1c4a407	flw	f8,-740(x9)	  f9:0x00102000  f8=0x00000000 PA:0x00101d1c store:0x43d70e28
           2634	      1313	00101100	d0692a27	fsw	f6,-748(x18)	 f18:0x00102000  f6:0x00000001 PA:0x00000000
           2642	      1317	00101104	d1842487	flw	f9,-744(x8)	  f8:0x00102000  f9=0x00000000 PA:0x00101d18 store:0x00000000
           2646	      1319	00101108	d1842507	flw	f10,-744(x8)	  f8:0x00102000 f10=0x00000000 PA:0x00101d18 store:0x00000000
           2650	      1321	0010110c	d1492807	flw	f16,-748(x18)	 f18:0x00102000 f16=0x00000000 PA:0x00101d14 store:0x3f7d1f60
           2652	      1322	00101110	009478d3	fadd.s	f17,f8,f9	  f8:0x00102000  f9:0x00102000 f17=0x00000000
           2654	      1323	00101114	d0087953	fcvt.s.w	f18,x16	 x16:0x00000022 f18=0x00000000
           2656	      1324	00101118	80a3f9c3	fmadd.s	f19,f7,f10,f16	  f7:0x00000064 f10:0x00000004 f16:0x00000064 f19=0x00000000
           2660	      1326	0010111c	005a0893	addi	x17,x20,5	 x20:0x0000001e x17=0x00000023
           2662	      1327	00101120	d008fa53	fcvt.s.w	f20,x17	 x17:0x00000023 f20=0x00000000
           2664	      1328	00101124	d114ae27	fsw	f17,-740(x9)	  f9:0x00102000 f17:0x00000023 PA:0x00101d1c store:0x441defc5 load:0x4402842e
           2668	      1330	00101128	d1c4aa87	flw	f21,-740(x9)	  f9:0x00102000 f21=0x00000000 PA:0x00101d1c store:0x43d70e28
           2670	      1331	0010112c	d1392a27	fsw	f19,-748(x18)	 f18:0x00102000 f19:0x0000001d PA:0x00000000
           2678	      1335	00101130	d1842e07	flw	f28,-744(x8)	  f8:0x00102000 f28=0x00000000 PA:0x00101d18 store:0x00000000
           2682	      1337	00101134	d1842e87	flw	f29,-744(x8)	  f8:0x00102000 f29=0x00000000 PA:0x00101d18 store:0x00000000
           2686	      1339	00101138	d1492f07	flw	f30,-748(x18)	 f18:0x00102000 f30=0x00000000 PA:0x00101d14 store:0x420c0000
           2688	      1340	0010113c	01caffd3	fadd.s	f31,f21,f28	 f21:0x00000000 f28:0x00020000 f31=0x00000000
           2692	      1342	00101140	006a0993	addi	x19,x20,6	 x20:0x0000001e x19=0x00000024
           2694	      1343	00101144	f1d97043	fmadd.s	f0,f18,f29,f30	 f18:0x00102000 f29:0x00000030 f30:0x00102000  f0=0x00000000
           2696	      1344	00101148	d009f0d3	fcvt.s.w	f1,x19	 x19:0x00000024  f1=0x00000000
           2698	      1345	0010114c	007a0a13	addi	x20,x20,7	 x20:0x0000001e x20=0x00000025
           2700	      1346	00101150	d1f4ae27	fsw	f31,-740(x9)	  f9:0x00102000 f31:0xb4000000 PA:0x00101d1c store:0x441e2f0d load:0x440aac71
           2704	      1348	00101154	d1c4a107	flw	f2,-740(x9)	  f9:0x00102000  f2=0x00000000 PA:0x00101d1c store:0x3f7d1f60
           2706	      1349	00101158	d0092a27	fsw	f0,-748(x18)	 f18:0x00102000  f0:0x00000000 PA:0x00000000
           2714	      1353	0010115c	d1842707	flw	f14,-744(x8)	  f8:0x00102000 f14=0x00000000 PA:0x00101d18 store:0x00000000
           2718	      1355	00101160	d1842787	flw	f15,-744(x8)	  f8:0x00102000 f15=0x00000000 PA:0x00101d18 store:0x00000000
           2722	      1357	00101164	d1492187	flw	f3,-748(x18)	 f18:0x00102000  f3=0x00000000 PA:0x00101d14 store:0x420c0000
           2724	      1358	00101168	00e17253	fadd.s	f4,f2,f14	  f2:0x00137fa0 f14:0x00000009  f4=0x00000000
           2728	      1360	0010116c	18fa75c3	fmadd.s	f11,f20,f15,f3	 f20:0x00000025 f15:0x0000000b  f3:0x00000000 f11=0x00000000
           2730	      1361	00101170	d044ae27	fsw	f4,-740(x9)	  f9:0x00102000  f4:0x00000000 PA:0x00000000
           2734	      1363	00101174	d0b92a27	fsw	f11,-748(x18)	 f18:0x00102000 f11:0x00000020 PA:0x00101d14 store:0x441bbacf load:0x441e6e55
           2736	      1364	00101178	d1c4a287	flw	f5,-740(x9)	  f9:0x00102000  f5=0x00000000 PA:0x00000000
           2738	      1365	0010117c	d1842307	flw	f6,-744(x8)	  f8:0x00102000  f6=0x00000000 PA:0x00101d18 store:0x00000000
           2740	      1366	00101180	d1842607	flw	f12,-744(x8)	  f8:0x00102000 f12=0x00000000 PA:0x00101d18 store:0x00000000
           2742	      1367	00101184	d1492687	flw	f13,-748(x18)	 f18:0x00102000 f13=0x00000000 PA:0x00101d14 store:0x420c0000
           2744	      1368	00101188	0062f3d3	fadd.s	f7,f5,f6	  f5:0x00000042  f6:0x00000001  f7=0x00000000
           2748	      1370	0010118c	68c0f443	fmadd.s	f8,f1,f12,f13	  f1:0x0000001f f12:0x00000021 f13:0x0000001f  f8=0x00000000
           2750	      1371	00101190	d074ae27	fsw	f7,-740(x9)	  f9:0x00102000  f7:0x00000064 PA:0x00000000
           2756	      1374	00101194	d1c4a487	flw	f9,-740(x9)	  f9:0x00102000  f9=0x00000000 PA:0x00101d1c store:0x3f7d1f60
           2758	      1375	00101198	d1842507	flw	f10,-744(x8)	  f8:0x00102000 f10=0x00000000 PA:0x00000000
           2766	      1379	0010119c	d0892a27	fsw	f8,-748(x18)	 f18:0x00102000  f8:0x00102000 PA:0x00101d14 store:0x4424a0e9 load:0x3f7d1f60
           2768	      1380	001011a0	00a4f853	fadd.s	f16,f9,f10	  f9:0x00102000 f10:0x00000004 f16=0x00000000
           2774	      1383	001011a4	d104ae27	fsw	f16,-740(x9)	  f9:0x00102000 f16:0x00000022 PA:0x00101d1c store:0x441eece5 load:0x3f7d1f60
           2778	      1385	001011a8	ee7a14e3	bne	x20,x7,101090	 x20:0x00000025  x7:0x00000064
           2780	      1386	00101090	d1842a07	flw	f20,-744(x8)	  f8:0x00102000 f20=0x00000000 PA:0x00101d18 store:0x00000000
           2782	      1387	00101094	d00a7ad3	fcvt.s.w	f21,x20	 x20:0x00000025 f21=0x00000000
           2784	      1388	00101098	d1492e07	flw	f28,-748(x18)	 f18:0x00102000 f28=0x00000000 PA:0x00101d14 store:0x420c0000
           2786	      1389	0010109c	001a0093	addi	x1,x20,1	 x20:0x00000025  x1=0x00000026
           2788	      1390	001010a0	d1c4ae87	flw	f29,-740(x9)	  f9:0x00102000 f29=0x00000000 PA:0x00101d1c store:0x3f7d1f60
           2790	      1391	001010a4	e14aff43	fmadd.s	f30,f21,f20,f28	 f21:0x00000000 f20:0x00000025 f28:0x00000000 f30=0x00000000
           2792	      1392	001010a8	d1842f87	flw	f31,-744(x8)	  f8:0x00102000 f31=0x00000000 PA:0x00101d18 store:0x00000000
           2794	      1393	001010ac	d000f053	fcvt.s.w	f0,x1	  x1:0x00000026  f0=0x00000000
           2796	      1394	001010b0	d1842087	flw	f1,-744(x8)	  f8:0x00102000  f1=0x00000000 PA:0x00101d18 store:0x00000000
           2798	      1395	001010b4	01fef153	fadd.s	f2,f29,f31	 f29:0x00000030 f31:0xb4000000  f2=0x00000000
           2800	      1396	001010b8	d1e92a27	fsw	f30,-748(x18)	 f18:0x00102000 f30:0x00020000 PA:0x00101d14 store:0x442dc64b load:0x442dc64b
           2804	      1398	001010bc	d1492707	flw	f14,-748(x18)	 f18:0x00102000 f14=0x00000000 PA:0x00101d14 store:0x3f7d1f60
           2806	      1399	001010c0	002a0593	addi	x11,x20,2	 x20:0x00000025 x11=0x00000027
           2808	      1400	001010c4	d005f7d3	fcvt.s.w	f15,x11	 x11:0x00000027 f15=0x00000000
           2810	      1401	001010c8	701071c3	fmadd.s	f3,f0,f1,f14	  f0:0x00000000  f1:0x00000026 f14:0x00000000  f3=0x00000000
           2812	      1402	001010cc	d024ae27	fsw	f2,-740(x9)	  f9:0x00102000  f2:0x00137fa0 PA:0x00000000
           2818	      1405	001010d0	d1c4a207	flw	f4,-740(x9)	  f9:0x00102000  f4=0x00000000 PA:0x00101d1c store:0x4424a0e9
           2820	      1406	001010d4	d1842587	flw	f11,-744(x8)	  f8:0x00102000 f11=0x00000000 PA:0x00000000
           2828	      1410	001010d8	d1842607	flw	f12,-744(x8)	  f8:0x00102000 f12=0x00000000 PA:0x00101d18 store:0x00000000
           2832	      1412	001010dc	d0392a27	fsw	f3,-748(x18)	 f18:0x00102000  f3:0x00000000 PA:0x00101d14 store:0x44372af5 load:0x3f7d1f60
           2840	      1416	001010e0	d1492287	flw	f5,-748(x18)	 f18:0x00102000  f5=0x00000000 PA:0x00101d14 store:0x3f7d1f60
           2842	      1417	001010e4	00b276d3	fadd.s	f13,f4,f11	  f4:0x00000000 f11:0x00000027 f13=0x00000000
           2846	      1419	001010e8	003a0613	addi	x12,x20,3	 x20:0x00000025 x12=0x00000028
           2848	      1420	001010ec	28c7f343	fmadd.s	f6,f15,f12,f5	 f15:0x0000000b f12:0x00000028  f5:0x0000000b  f6=0x00000000
           2850	      1421	001010f0	d00673d3	fcvt.s.w	f7,x12	 x12:0x00000028  f7=0x00000000
           2852	      1422	001010f4	004a0813	addi	x16,x20,4	 x20:0x00000025 x16=0x00000029
           2854	      1423	001010f8	d0d4ae27	fsw	f13,-740(x9)	  f9:0x00102000 f13:0x0000000d PA:0x00101d1c store:0x441f6b75 load:0x44372af5
           2858	      1425	001010fc	d1c4a407	flw	f8,-740(x9)	  f9:0x00102000  f8=0x00000000 PA:0x00101d1c store:0x4424a0e9
           2860	      1426	00101100	d0692a27	fsw	f6,-748(x18)	 f18:0x00102000  f6:0x00000001 PA:0x00000000
           2868	      1430	00101104	d1842487	flw	f9,-744(x8)	  f8:0x00102000  f9=0x00000000 PA:0x00101d18 store:0x00000000
           2872	      1432	00101108	d1842507	flw	f10,-744(x8)	  f8:0x00102000 f10=0x00000000 PA:0x00101d18 store:0x00000000
           2876	      1434	0010110c	d1492807	flw	f16,-748(x18)	 f18:0x00102000 f16=0x00000000 PA:0x00101d14 store:0x3f7d1f60
           2878	      1435	00101110	009478d3	fadd.s	f17,f8,f9	  f8:0x00102000  f9:0x00102000 f17=0x00000000
           2880	      1436	00101114	d0087953	fcvt.s.w	f18,x16	 x16:0x00000029 f18=0x00000000
           2882	      1437	00101118	80a3f9c3	fmadd.s	f19,f7,f10,f16	  f7:0x00000064 f10:0x00000004 f16:0x00000064 f19=0x00000000
           2886	      1439	0010111c	005a0893	addi	x17,x20,5	 x20:0x00000025 x17=0x0000002a
           2888	      1440	00101120	d008fa53	fcvt.s.w	f20,x17	 x17:0x0000002a f20=0x00000000
           2890	      1441	00101124	d114ae27	fsw	f17,-740(x9)	  f9:0x00102000 f17:0x0000002a PA:0x00101d1c store:0x441faabd load:0x4440cee7
           2894	      1443	00101128	d1c4aa87	flw	f21,-740(x9)	  f9:0x00102000 f21=0x00000000 PA:0x00101d1c store:0x4424a0e9
           2896	      1444	0010112c	d1392a27	fsw	f19,-748(x18)	 f18:0x00102000 f19:0x00000024 PA:0x00000000
           2904	      1448	00101130	d1842e07	flw	f28,-744(x8)	  f8:0x00102000 f28=0x00000000 PA:0x00101d18 store:0x00000000
           2908	      1450	00101134	d1842e87	flw	f29,-744(x8)	  f8:0x00102000 f29=0x00000000 PA:0x00101d18 store:0x00000000
           2912	      1452	00101138	d1492f07	flw	f30,-748(x18)	 f18:0x00102000 f30=0x00000000 PA:0x00101d14 store:0x42280000
           2914	      1453	0010113c	01caffd3	fadd.s	f31,f21,f28	 f21:0x00000000 f28:0x00020000 f31=0x00000000
           2918	      1455	00101140	006a0993	addi	x19,x20,6	 x20:0x00000025 x19=0x0000002b
           2920	      1456	00101144	f1d97043	fmadd.s	f0,f18,f29,f30	 f18:0x00102000 f29:0x00000030 f30:0x00102000  f0=0x00000000
           2922	      1457	00101148	d009f0d3	fcvt.s.w	f1,x19	 x19:0x0000002b  f1=0x00000000
           2924	      1458	0010114c	007a0a13	addi	x20,x20,7	 x20:0x00000025 x20=0x0000002c
           2926	      1459	00101150	d1f4ae27	fsw	f31,-740(x9)	  f9:0x00102000 f31:0xb4000000 PA:0x00101d1c store:0x441fea05 load:0x444ab221
           2930	      1461	00101154	d1c4a107	flw	f2,-740(x9)	  f9:0x00102000  f2=0x00000000 PA:0x00101d1c store:0x3f7d1f60
           2932	      1462	00101158	d0092a27	fsw	f0,-748(x18)	 f18:0x00102000  f0:0x00000000 PA:0x00000000
           2940	      1466	0010115c	d1842707	flw	f14,-744(x8)	  f8:0x00102000 f14=0x00000000 PA:0x00101d18 store:0x00000000
           2944	      1468	00101160	d1842787	flw	f15,-744(x8)	  f8:0x00102000 f15=0x00000000 PA:0x00101d18 store:0x00000000
           2948	      1470	00101164	d1492187	flw	f3,-748(x18)	 f18:0x00102000  f3=0x00000000 PA:0x00101d14 store:0x42280000
           2950	      1471	00101168	00e17253	fadd.s	f4,f2,f14	  f2:0x00137fa0 f14:0x00000009  f4=0x00000000
           2954	      1473	0010116c	18fa75c3	fmadd.s	f11,f20,f15,f3	 f20:0x0000002c f15:0x0000000b  f3:0x00000000 f11=0x00000000
           2956	      1474	00101170	d044ae27	fsw	f4,-740(x9)	  f9:0x00102000  f4:0x00000000 PA:0x00000000
           2960	      1476	00101174	d0b92a27	fsw	f11,-748(x18)	 f18:0x00102000 f11:0x00000027 PA:0x00101d14 store:0x445f366c load:0x4420294d
           2962	      1477	00101178	d1c4a287	flw	f5,-740(x9)	  f9:0x00102000  f5=0x00000000 PA:0x00000000
           2964	      1478	0010117c	d1842307	flw	f6,-744(x8)	  f8:0x00102000  f6=0x00000000 PA:0x00101d18 store:0x00000000
           2966	      1479	00101180	d1842607	flw	f12,-744(x8)	  f8:0x00102000 f12=0x00000000 PA:0x00101d18 store:0x00000000
           2968	      1480	00101184	d1492687	flw	f13,-748(x18)	 f18:0x00102000 f13=0x00000000 PA:0x00101d14 store:0x42280000
           2970	      1481	00101188	0062f3d3	fadd.s	f7,f5,f6	  f5:0x00000042  f6:0x00000001  f7=0x00000000
           2974	      1483	0010118c	68c0f443	fmadd.s	f8,f1,f12,f13	  f1:0x00000026 f12:0x00000028 f13:0x00000026  f8=0x00000000
           2976	      1484	00101190	d074ae27	fsw	f7,-740(x9)	  f9:0x00102000  f7:0x00000064 PA:0x00000000
           2982	      1487	00101194	d1c4a487	flw	f9,-740(x9)	  f9:0x00102000  f9=0x00000000 PA:0x00101d1c store:0x3f7d1f60
           2984	      1488	00101198	d1842507	flw	f10,-744(x8)	  f8:0x00102000 f10=0x00000000 PA:0x00000000
           2992	      1492	0010119c	d0892a27	fsw	f8,-748(x18)	 f18:0x00102000  f8:0x00102000 PA:0x00101d14 store:0x4469d77d load:0x3f7d1f60
           2994	      1493	001011a0	00a4f853	fadd.s	f16,f9,f10	  f9:0x00102000 f10:0x00000004 f16=0x00000000
           3000	      1496	001011a4	d104ae27	fsw	f16,-740(x9)	  f9:0x00102000 f16:0x00000029 PA:0x00101d1c store:0x4420a7dd load:0x3f7d1f60
           3004	      1498	001011a8	ee7a14e3	bne	x20,x7,101090	 x20:0x0000002c  x7:0x00000064
           3006	      1499	00101090	d1842a07	flw	f20,-744(x8)	  f8:0x00102000 f20=0x00000000 PA:0x00101d18 store:0x00000000
           3008	      1500	00101094	d00a7ad3	fcvt.s.w	f21,x20	 x20:0x0000002c f21=0x00000000
           3010	      1501	00101098	d1492e07	flw	f28,-748(x18)	 f18:0x00102000 f28=0x00000000 PA:0x00101d14 store:0x42280000
           3012	      1502	0010109c	001a0093	addi	x1,x20,1	 x20:0x0000002c  x1=0x0000002d
           3014	      1503	001010a0	d1c4ae87	flw	f29,-740(x9)	  f9:0x00102000 f29=0x00000000 PA:0x00101d1c store:0x3f7d1f60
           3016	      1504	001010a4	e14aff43	fmadd.s	f30,f21,f20,f28	 f21:0x00000000 f20:0x0000002c f28:0x00000000 f30=0x00000000
           3018	      1505	001010a8	d1842f87	flw	f31,-744(x8)	  f8:0x00102000 f31=0x00000000 PA:0x00101d18 store:0x00000000
           3020	      1506	001010ac	d000f053	fcvt.s.w	f0,x1	  x1:0x0000002d  f0=0x00000000
           3022	      1507	001010b0	d1842087	flw	f1,-744(x8)	  f8:0x00102000  f1=0x00000000 PA:0x00101d18 store:0x00000000
           3024	      1508	001010b4	01fef153	fadd.s	f2,f29,f31	 f29:0x00000030 f31:0xb4000000  f2=0x00000000
           3026	      1509	001010b8	d1e92a27	fsw	f30,-748(x18)	 f18:0x00102000 f30:0x00020000 PA:0x00101d14 store:0x4474b7d6 load:0x4474b7d6
           3030	      1511	001010bc	d1492707	flw	f14,-748(x18)	 f18:0x00102000 f14=0x00000000 PA:0x00101d14 store:0x3f7d1f60
           3032	      1512	001010c0	002a0593	addi	x11,x20,2	 x20:0x0000002c x11=0x0000002e
           3034	      1513	001010c4	d005f7d3	fcvt.s.w	f15,x11	 x11:0x0000002e f15=0x00000000
           3036	      1514	001010c8	701071c3	fmadd.s	f3,f0,f1,f14	  f0:0x00000000  f1:0x0000002d f14:0x00000000  f3=0x00000000
           3038	      1515	001010cc	d024ae27	fsw	f2,-740(x9)	  f9:0x00102000  f2:0x00137fa0 PA:0x00000000
           3044	      1518	001010d0	d1c4a207	flw	f4,-740(x9)	  f9:0x00102000  f4=0x00000000 PA:0x00101d1c store:0x4469d77d
           3046	      1519	001010d4	d1842587	flw	f11,-744(x8)	  f8:0x00102000 f11=0x00000000 PA:0x00000000
           3054	      1523	001010d8	d1842607	flw	f12,-744(x8)	  f8:0x00102000 f12=0x00000000 PA:0x00101d18 store:0x00000000
           3058	      1525	001010dc	d0392a27	fsw	f3,-748(x18)	 f18:0x00102000  f3:0x00000000 PA:0x00101d14 store:0x447fd777 load:0x3f7d1f60
           3066	      1529	001010e0	d1492287	flw	f5,-748(x18)	 f18:0x00102000  f5=0x00000000 PA:0x00101d14 store:0x3f7d1f60
           3068	      1530	001010e4	00b276d3	fadd.s	f13,f4,f11	  f4:0x00000000 f11:0x0000002e f13=0x00000000
           3072	      1532	001010e8	003a0613	addi	x12,x20,3	 x20:0x0000002c x12=0x0000002f
           3074	      1533	001010ec	28c7f343	fmadd.s	f6,f15,f12,f5	 f15:0x0000000b f12:0x0000002f  f5:0x0000000b  f6=0x00000000
           3076	      1534	001010f0	d00673d3	fcvt.s.w	f7,x12	 x12:0x0000002f  f7=0x00000000
           3078	      1535	001010f4	004a0813	addi	x16,x20,4	 x20:0x0000002c x16=0x00000030
           3080	      1536	001010f8	d0d4ae27	fsw	f13,-740(x9)	  f9:0x00102000 f13:0x0000000d PA:0x00101d1c store:0x4421266d load:0x447fd777
           3084	      1538	001010fc	d1c4a407	flw	f8,-740(x9)	  f9:0x00102000  f8=0x00000000 PA:0x00101d1c store:0x4469d77d
           3086	      1539	00101100	d0692a27	fsw	f6,-748(x18)	 f18:0x00102000  f6:0x00000001 PA:0x00000000
           3094	      1543	00101104	d1842487	flw	f9,-744(x8)	  f8:0x00102000  f9=0x00000000 PA:0x00101d18 store:0x00000000
           3098	      1545	00101108	d1842507	flw	f10,-744(x8)	  f8:0x00102000 f10=0x00000000 PA:0x00101d18 store:0x00000000
           3102	      1547	0010110c	d1492807	flw	f16,-748(x18)	 f18:0x00102000 f16=0x00000000 PA:0x00101d14 store:0x3f7d1f60
           3104	      1548	00101110	009478d3	fadd.s	f17,f8,f9	  f8:0x00102000  f9:0x00102000 f17=0x00000000
           3106	      1549	00101114	d0087953	fcvt.s.w	f18,x16	 x16:0x00000030 f18=0x00000000
           3108	      1550	00101118	80a3f9c3	fmadd.s	f19,f7,f10,f16	  f7:0x00000064 f10:0x00000004 f16:0x00000064 f19=0x00000000
           3112	      1552	0010111c	005a0893	addi	x17,x20,5	 x20:0x0000002c x17=0x00000031
           3114	      1553	00101120	d008fa53	fcvt.s.w	f20,x17	 x17:0x00000031 f20=0x00000000
           3116	      1554	00101124	d114ae27	fsw	f17,-740(x9)	  f9:0x00102000 f17:0x00000031 PA:0x00101d1c store:0x442165b5 load:0x44859b30
           3120	      1556	00101128	d1c4aa87	flw	f21,-740(x9)	  f9:0x00102000 f21=0x00000000 PA:0x00101d1c store:0x4469d77d
           3122	      1557	0010112c	d1392a27	fsw	f19,-748(x18)	 f18:0x00102000 f19:0x0000002b PA:0x00000000
           3130	      1561	00101130	d1842e07	flw	f28,-744(x8)	  f8:0x00102000 f28=0x00000000 PA:0x00101d18 store:0x00000000
           3134	      1563	00101134	d1842e87	flw	f29,-744(x8)	  f8:0x00102000 f29=0x00000000 PA:0x00101d18 store:0x00000000
           3138	      1565	00101138	d1492f07	flw	f30,-748(x18)	 f18:0x00102000 f30=0x00000000 PA:0x00101d14 store:0x42440000
           3140	      1566	0010113c	01caffd3	fadd.s	f31,f21,f28	 f21:0x00000000 f28:0x00020000 f31=0x00000000
           3144	      1568	00101140	006a0993	addi	x19,x20,6	 x20:0x0000002c x19=0x00000032
           3146	      1569	00101144	f1d97043	fmadd.s	f0,f18,f29,f30	 f18:0x00102000 f29:0x00000030 f30:0x00102000  f0=0x00000000
           3148	      1570	00101148	d009f0d3	fcvt.s.w	f1,x19	 x19:0x00000032  f1=0x00000000
           3150	      1571	0010114c	007a0a13	addi	x20,x20,7	 x20:0x0000002c x20=0x00000033
           3152	      1572	00101150	d1f4ae27	fsw	f31,-740(x9)	  f9:0x00102000 f31:0xb4000000 PA:0x00101d1c store:0x4421a4fd load:0x448b6a48
           3156	      1574	00101154	d1c4a107	flw	f2,-740(x9)	  f9:0x00102000  f2=0x00000000 PA:0x00101d1c store:0x3f7d1f60
           3158	      1575	00101158	d0092a27	fsw	f0,-748(x18)	 f18:0x00102000  f0:0x00000000 PA:0x00000000
           3166	      1579	0010115c	d1842707	flw	f14,-744(x8)	  f8:0x00102000 f14=0x00000000 PA:0x00101d18 store:0x00000000
           3170	      1581	00101160	d1842787	flw	f15,-744(x8)	  f8:0x00102000 f15=0x00000000 PA:0x00101d18 store:0x00000000
           3174	      1583	00101164	d1492187	flw	f3,-748(x18)	 f18:0x00102000  f3=0x00000000 PA:0x00101d14 store:0x42440000
           3176	      1584	00101168	00e17253	fadd.s	f4,f2,f14	  f2:0x00137fa0 f14:0x00000009  f4=0x00000000
           3180	      1586	0010116c	18fa75c3	fmadd.s	f11,f20,f15,f3	 f20:0x00000033 f15:0x0000000b  f3:0x00000000 f11=0x00000000
           3182	      1587	00101170	d044ae27	fsw	f4,-740(x9)	  f9:0x00102000  f4:0x00000000 PA:0x00000000
           3186	      1589	00101174	d0b92a27	fsw	f11,-748(x18)	 f18:0x00102000 f11:0x0000002e PA:0x00101d14 store:0x44976764 load:0x4421e445
           3188	      1590	00101178	d1c4a287	flw	f5,-740(x9)	  f9:0x00102000  f5=0x00000000 PA:0x00000000
           3190	      1591	0010117c	d1842307	flw	f6,-744(x8)	  f8:0x00102000  f6=0x00000000 PA:0x00101d18 store:0x00000000
           3192	      1592	00101180	d1842607	flw	f12,-744(x8)	  f8:0x00102000 f12=0x00000000 PA:0x00101d18 store:0x00000000
           3194	      1593	00101184	d1492687	flw	f13,-748(x18)	 f18:0x00102000 f13=0x00000000 PA:0x00101d14 store:0x42440000
           3196	      1594	00101188	0062f3d3	fadd.s	f7,f5,f6	  f5:0x00000042  f6:0x00000001  f7=0x00000000
           3200	      1596	0010118c	68c0f443	fmadd.s	f8,f1,f12,f13	  f1:0x0000002d f12:0x0000002f f13:0x0000002d  f8=0x00000000
           3202	      1597	00101190	d074ae27	fsw	f7,-740(x9)	  f9:0x00102000  f7:0x00000064 PA:0x00000000
           3208	      1600	00101194	d1c4a487	flw	f9,-740(x9)	  f9:0x00102000  f9=0x00000000 PA:0x00101d1c store:0x3f7d1f60
           3210	      1601	00101198	d1842507	flw	f10,-744(x8)	  f8:0x00102000 f10=0x00000000 PA:0x00000000
           3218	      1605	0010119c	d0892a27	fsw	f8,-748(x18)	 f18:0x00102000  f8:0x00102000 PA:0x00101d14 store:0x449d9568 load:0x3f7d1f60
           3220	      1606	001011a0	00a4f853	fadd.s	f16,f9,f10	  f9:0x00102000 f10:0x00000004 f16=0x00000000
           3226	      1609	001011a4	d104ae27	fsw	f16,-740(x9)	  f9:0x00102000 f16:0x00000030 PA:0x00101d1c store:0x442262d5 load:0x3f7d1f60
           3230	      1611	001011a8	ee7a14e3	bne	x20,x7,101090	 x20:0x00000033  x7:0x00000064
           3232	      1612	00101090	d1842a07	flw	f20,-744(x8)	  f8:0x00102000 f20=0x00000000 PA:0x00101d18 store:0x00000000
           3234	      1613	00101094	d00a7ad3	fcvt.s.w	f21,x20	 x20:0x00000033 f21=0x00000000
           3236	      1614	00101098	d1492e07	flw	f28,-748(x18)	 f18:0x00102000 f28=0x00000000 PA:0x00101d14 store:0x42440000
           3238	      1615	0010109c	001a0093	addi	x1,x20,1	 x20:0x00000033  x1=0x00000034
           3240	      1616	001010a0	d1c4ae87	flw	f29,-740(x9)	  f9:0x00102000 f29=0x00000000 PA:0x00101d1c store:0x3f7d1f60
           3242	      1617	001010a4	e14aff43	fmadd.s	f30,f21,f20,f28	 f21:0x00000000 f20:0x00000033 f28:0x00000000 f30=0x00000000
           3244	      1618	001010a8	d1842f87	flw	f31,-744(x8)	  f8:0x00102000 f31=0x00000000 PA:0x00101d18 store:0x00000000
           3246	      1619	001010ac	d000f053	fcvt.s.w	f0,x1	  x1:0x00000034  f0=0x00000000
           3248	      1620	001010b0	d1842087	flw	f1,-744(x8)	  f8:0x00102000  f1=0x00000000 PA:0x00101d18 store:0x00000000
           3250	      1621	001010b4	01fef153	fadd.s	f2,f29,f31	 f29:0x00000030 f31:0xb4000000  f2=0x00000000
           3252	      1622	001010b8	d1e92a27	fsw	f30,-748(x18)	 f18:0x00102000 f30:0x00020000 PA:0x00101d14 store:0x44a3e310 load:0x44a3e310
           3256	      1624	001010bc	d1492707	flw	f14,-748(x18)	 f18:0x00102000 f14=0x00000000 PA:0x00101d14 store:0x3f7d1f60
           3258	      1625	001010c0	002a0593	addi	x11,x20,2	 x20:0x00000033 x11=0x00000035
           3260	      1626	001010c4	d005f7d3	fcvt.s.w	f15,x11	 x11:0x00000035 f15=0x00000000
           3262	      1627	001010c8	701071c3	fmadd.s	f3,f0,f1,f14	  f0:0x00000000  f1:0x00000034 f14:0x00000000  f3=0x00000000
           3264	      1628	001010cc	d024ae27	fsw	f2,-740(x9)	  f9:0x00102000  f2:0x00137fa0 PA:0x00000000
           3270	      1631	001010d0	d1c4a207	flw	f4,-740(x9)	  f9:0x00102000  f4=0x00000000 PA:0x00101d1c store:0x449d9568
           3272	      1632	001010d4	d1842587	flw	f11,-744(x8)	  f8:0x00102000 f11=0x00000000 PA:0x00000000
           3280	      1636	001010d8	d1842607	flw	f12,-744(x8)	  f8:0x00102000 f12=0x00000000 PA:0x00101d18 store:0x00000000
           3284	      1638	001010dc	d0392a27	fsw	f3,-748(x18)	 f18:0x00102000  f3:0x00000000 PA:0x00101d14 store:0x44aa505c load:0x3f7d1f60
           3292	      1642	001010e0	d1492287	flw	f5,-748(x18)	 f18:0x00102000  f5=0x00000000 PA:0x00101d14 store:0x3f7d1f60
           3294	      1643	001010e4	00b276d3	fadd.s	f13,f4,f11	  f4:0x00000000 f11:0x00000035 f13=0x00000000
           3298	      1645	001010e8	003a0613	addi	x12,x20,3	 x20:0x00000033 x12=0x00000036
           3300	      1646	001010ec	28c7f343	fmadd.s	f6,f15,f12,f5	 f15:0x0000000b f12:0x00000036  f5:0x0000000b  f6=0x00000000
           3302	      1647	001010f0	d00673d3	fcvt.s.w	f7,x12	 x12:0x00000036  f7=0x00000000
           3304	      1648	001010f4	004a0813	addi	x16,x20,4	 x20:0x00000033 x16=0x00000037
           3306	      1649	001010f8	d0d4ae27	fsw	f13,-740(x9)	  f9:0x00102000 f13:0x0000000d PA:0x00101d1c store:0x4422e165 load:0x44aa505c
           3310	      1651	001010fc	d1c4a407	flw	f8,-740(x9)	  f9:0x00102000  f8=0x00000000 PA:0x00101d1c store:0x449d9568
           3312	      1652	00101100	d0692a27	fsw	f6,-748(x18)	 f18:0x00102000  f6:0x00000001 PA:0x00000000
           3320	      1656	00101104	d1842487	flw	f9,-744(x8)	  f8:0x00102000  f9=0x00000000 PA:0x00101d18 store:0x00000000
           3324	      1658	00101108	d1842507	flw	f10,-744(x8)	  f8:0x00102000 f10=0x00000000 PA:0x00101d18 store:0x00000000
           3328	      1660	0010110c	d1492807	flw	f16,-748(x18)	 f18:0x00102000 f16=0x00000000 PA:0x00101d14 store:0x3f7d1f60
           3330	      1661	00101110	009478d3	fadd.s	f17,f8,f9	  f8:0x00102000  f9:0x00102000 f17=0x00000000
           3332	      1662	00101114	d0087953	fcvt.s.w	f18,x16	 x16:0x00000037 f18=0x00000000
           3334	      1663	00101118	80a3f9c3	fmadd.s	f19,f7,f10,f16	  f7:0x00000064 f10:0x00000004 f16:0x00000064 f19=0x00000000
           3338	      1665	0010111c	005a0893	addi	x17,x20,5	 x20:0x00000033 x17=0x00000038
           3340	      1666	00101120	d008fa53	fcvt.s.w	f20,x17	 x17:0x00000038 f20=0x00000000
           3342	      1667	00101124	d114ae27	fsw	f17,-740(x9)	  f9:0x00102000 f17:0x00000038 PA:0x00101d1c store:0x442320ad load:0x44b0dd4c
           3346	      1669	00101128	d1c4aa87	flw	f21,-740(x9)	  f9:0x00102000 f21=0x00000000 PA:0x00101d1c store:0x449d9568
           3348	      1670	0010112c	d1392a27	fsw	f19,-748(x18)	 f18:0x00102000 f19:0x00000032 PA:0x00000000
           3356	      1674	00101130	d1842e07	flw	f28,-744(x8)	  f8:0x00102000 f28=0x00000000 PA:0x00101d18 store:0x00000000
           3360	      1676	00101134	d1842e87	flw	f29,-744(x8)	  f8:0x00102000 f29=0x00000000 PA:0x00101d18 store:0x00000000
           3364	      1678	00101138	d1492f07	flw	f30,-748(x18)	 f18:0x00102000 f30=0x00000000 PA:0x00101d14 store:0x42600000
           3366	      1679	0010113c	01caffd3	fadd.s	f31,f21,f28	 f21:0x00000000 f28:0x00020000 f31=0x00000000
           3370	      1681	00101140	006a0993	addi	x19,x20,6	 x20:0x00000033 x19=0x00000039
           3372	      1682	00101144	f1d97043	fmadd.s	f0,f18,f29,f30	 f18:0x00102000 f29:0x00000030 f30:0x00102000  f0=0x00000000
           3374	      1683	00101148	d009f0d3	fcvt.s.w	f1,x19	 x19:0x00000039  f1=0x00000000
           3376	      1684	0010114c	007a0a13	addi	x20,x20,7	 x20:0x00000033 x20=0x0000003a
           3378	      1685	00101150	d1f4ae27	fsw	f31,-740(x9)	  f9:0x00102000 f31:0xb4000000 PA:0x00101d1c store:0x44235ff5 load:0x44b789e0
           3382	      1687	00101154	d1c4a107	flw	f2,-740(x9)	  f9:0x00102000  f2=0x00000000 PA:0x00101d1c store:0x3f7d1f60
           3384	      1688	00101158	d0092a27	fsw	f0,-748(x18)	 f18:0x00102000  f0:0x00000000 PA:0x00000000
           3392	      1692	0010115c	d1842707	flw	f14,-744(x8)	  f8:0x00102000 f14=0x00000000 PA:0x00101d18 store:0x00000000
           3396	      1694	00101160	d1842787	flw	f15,-744(x8)	  f8:0x00102000 f15=0x00000000 PA:0x00101d18 store:0x00000000
           3400	      1696	00101164	d1492187	flw	f3,-748(x18)	 f18:0x00102000  f3=0x00000000 PA:0x00101d14 store:0x42600000
           3402	      1697	00101168	00e17253	fadd.s	f4,f2,f14	  f2:0x00137fa0 f14:0x00000009  f4=0x00000000
           3406	      1699	0010116c	18fa75c3	fmadd.s	f11,f20,f15,f3	 f20:0x0000003a f15:0x0000000b  f3:0x00000000 f11=0x00000000
           3408	      1700	00101170	d044ae27	fsw	f4,-740(x9)	  f9:0x00102000  f4:0x00000000 PA:0x00000000
           3412	      1702	00101174	d0b92a27	fsw	f11,-748(x18)	 f18:0x00102000 f11:0x00000035 PA:0x00101d14 store:0x44c541f4 load:0x44239f3d
           3414	      1703	00101178	d1c4a287	flw	f5,-740(x9)	  f9:0x00102000  f5=0x00000000 PA:0x00000000
           3416	      1704	0010117c	d1842307	flw	f6,-744(x8)	  f8:0x00102000  f6=0x00000000 PA:0x00101d18 store:0x00000000
           3418	      1705	00101180	d1842607	flw	f12,-744(x8)	  f8:0x00102000 f12=0x00000000 PA:0x00101d18 store:0x00000000
           3420	      1706	00101184	d1492687	flw	f13,-748(x18)	 f18:0x00102000 f13=0x00000000 PA:0x00101d14 store:0x42600000
           3422	      1707	00101188	0062f3d3	fadd.s	f7,f5,f6	  f5:0x00000042  f6:0x00000001  f7=0x00000000
           3426	      1709	0010118c	68c0f443	fmadd.s	f8,f1,f12,f13	  f1:0x00000034 f12:0x00000036 f13:0x00000034  f8=0x00000000
           3428	      1710	00101190	d074ae27	fsw	f7,-740(x9)	  f9:0x00102000  f7:0x00000064 PA:0x00000000
           3434	      1713	00101194	d1c4a487	flw	f9,-740(x9)	  f9:0x00102000  f9=0x00000000 PA:0x00101d1c store:0x3f7d1f60
           3436	      1714	00101198	d1842507	flw	f10,-744(x8)	  f8:0x00102000 f10=0x00000000 PA:0x00000000
           3444	      1718	0010119c	d0892a27	fsw	f8,-748(x18)	 f18:0x00102000  f8:0x00102000 PA:0x00101d14 store:0x44cc4d74 load:0x3f7d1f60
           3446	      1719	001011a0	00a4f853	fadd.s	f16,f9,f10	  f9:0x00102000 f10:0x00000004 f16=0x00000000
           3452	      1722	001011a4	d104ae27	fsw	f16,-740(x9)	  f9:0x00102000 f16:0x00000037 PA:0x00101d1c store:0x44241dcd load:0x3f7d1f60
           3456	      1724	001011a8	ee7a14e3	bne	x20,x7,101090	 x20:0x0000003a  x7:0x00000064
           3458	      1725	00101090	d1842a07	flw	f20,-744(x8)	  f8:0x00102000 f20=0x00000000 PA:0x00101d18 store:0x00000000
           3460	      1726	00101094	d00a7ad3	fcvt.s.w	f21,x20	 x20:0x0000003a f21=0x00000000
           3462	      1727	00101098	d1492e07	flw	f28,-748(x18)	 f18:0x00102000 f28=0x00000000 PA:0x00101d14 store:0x42600000
           3464	      1728	0010109c	001a0093	addi	x1,x20,1	 x20:0x0000003a  x1=0x0000003b
           3466	      1729	001010a0	d1c4ae87	flw	f29,-740(x9)	  f9:0x00102000 f29=0x00000000 PA:0x00101d1c store:0x3f7d1f60
           3468	      1730	001010a4	e14aff43	fmadd.s	f30,f21,f20,f28	 f21:0x00000000 f20:0x0000003a f28:0x00000000 f30=0x00000000
           3470	      1731	001010a8	d1842f87	flw	f31,-744(x8)	  f8:0x00102000 f31=0x00000000 PA:0x00101d18 store:0x00000000
           3472	      1732	001010ac	d000f053	fcvt.s.w	f0,x1	  x1:0x0000003b  f0=0x00000000
           3474	      1733	001010b0	d1842087	flw	f1,-744(x8)	  f8:0x00102000  f1=0x00000000 PA:0x00101d18 store:0x00000000
           3476	      1734	001010b4	01fef153	fadd.s	f2,f29,f31	 f29:0x00000030 f31:0xb4000000  f2=0x00000000
           3478	      1735	001010b8	d1e92a27	fsw	f30,-748(x18)	 f18:0x00102000 f30:0x00020000 PA:0x00101d14 store:0x44d37897 load:0x44d37897
           3482	      1737	001010bc	d1492707	flw	f14,-748(x18)	 f18:0x00102000 f14=0x00000000 PA:0x00101d14 store:0x3f7d1f60
           3484	      1738	001010c0	002a0593	addi	x11,x20,2	 x20:0x0000003a x11=0x0000003c
           3486	      1739	001010c4	d005f7d3	fcvt.s.w	f15,x11	 x11:0x0000003c f15=0x00000000
           3488	      1740	001010c8	701071c3	fmadd.s	f3,f0,f1,f14	  f0:0x00000000  f1:0x0000003b f14:0x00000000  f3=0x00000000
           3490	      1741	001010cc	d024ae27	fsw	f2,-740(x9)	  f9:0x00102000  f2:0x00137fa0 PA:0x00000000
           3496	      1744	001010d0	d1c4a207	flw	f4,-740(x9)	  f9:0x00102000  f4=0x00000000 PA:0x00101d1c store:0x44cc4d74
           3498	      1745	001010d4	d1842587	flw	f11,-744(x8)	  f8:0x00102000 f11=0x00000000 PA:0x00000000
           3506	      1749	001010d8	d1842607	flw	f12,-744(x8)	  f8:0x00102000 f12=0x00000000 PA:0x00101d18 store:0x00000000
           3510	      1751	001010dc	d0392a27	fsw	f3,-748(x18)	 f18:0x00102000  f3:0x00000000 PA:0x00101d14 store:0x44dac35e load:0x3f7d1f60
           3518	      1755	001010e0	d1492287	flw	f5,-748(x18)	 f18:0x00102000  f5=0x00000000 PA:0x00101d14 store:0x3f7d1f60
           3520	      1756	001010e4	00b276d3	fadd.s	f13,f4,f11	  f4:0x00000000 f11:0x0000003c f13=0x00000000
           3524	      1758	001010e8	003a0613	addi	x12,x20,3	 x20:0x0000003a x12=0x0000003d
           3526	      1759	001010ec	28c7f343	fmadd.s	f6,f15,f12,f5	 f15:0x0000000b f12:0x0000003d  f5:0x0000000b  f6=0x00000000
           3528	      1760	001010f0	d00673d3	fcvt.s.w	f7,x12	 x12:0x0000003d  f7=0x00000000
           3530	      1761	001010f4	004a0813	addi	x16,x20,4	 x20:0x0000003a x16=0x0000003e
           3532	      1762	001010f8	d0d4ae27	fsw	f13,-740(x9)	  f9:0x00102000 f13:0x0000000d PA:0x00101d1c store:0x44249c5d load:0x44dac35e
           3536	      1764	001010fc	d1c4a407	flw	f8,-740(x9)	  f9:0x00102000  f8=0x00000000 PA:0x00101d1c store:0x44cc4d74
           3538	      1765	00101100	d0692a27	fsw	f6,-748(x18)	 f18:0x00102000  f6:0x00000001 PA:0x00000000
           3546	      1769	00101104	d1842487	flw	f9,-744(x8)	  f8:0x00102000  f9=0x00000000 PA:0x00101d18 store:0x00000000
           3550	      1771	00101108	d1842507	flw	f10,-744(x8)	  f8:0x00102000 f10=0x00000000 PA:0x00101d18 store:0x00000000
           3554	      1773	0010110c	d1492807	flw	f16,-748(x18)	 f18:0x00102000 f16=0x00000000 PA:0x00101d14 store:0x3f7d1f60
           3556	      1774	00101110	009478d3	fadd.s	f17,f8,f9	  f8:0x00102000  f9:0x00102000 f17=0x00000000
           3558	      1775	00101114	d0087953	fcvt.s.w	f18,x16	 x16:0x0000003e f18=0x00000000
           3560	      1776	00101118	80a3f9c3	fmadd.s	f19,f7,f10,f16	  f7:0x00000064 f10:0x00000004 f16:0x00000064 f19=0x00000000
           3564	      1778	0010111c	005a0893	addi	x17,x20,5	 x20:0x0000003a x17=0x0000003f
           3566	      1779	00101120	d008fa53	fcvt.s.w	f20,x17	 x17:0x0000003f f20=0x00000000
           3568	      1780	00101124	d114ae27	fsw	f17,-740(x9)	  f9:0x00102000 f17:0x0000003f PA:0x00101d1c store:0x4424dba5 load:0x44e22dc9
           3572	      1782	00101128	d1c4aa87	flw	f21,-740(x9)	  f9:0x00102000 f21=0x00000000 PA:0x00101d1c store:0x44cc4d74
           3574	      1783	0010112c	d1392a27	fsw	f19,-748(x18)	 f18:0x00102000 f19:0x00000039 PA:0x00000000
           3582	      1787	00101130	d1842e07	flw	f28,-744(x8)	  f8:0x00102000 f28=0x00000000 PA:0x00101d18 store:0x00000000
           3586	      1789	00101134	d1842e87	flw	f29,-744(x8)	  f8:0x00102000 f29=0x00000000 PA:0x00101d18 store:0x00000000
           3590	      1791	00101138	d1492f07	flw	f30,-748(x18)	 f18:0x00102000 f30=0x00000000 PA:0x00101d14 store:0x427c0000
           3592	      1792	0010113c	01caffd3	fadd.s	f31,f21,f28	 f21:0x00000000 f28:0x00020000 f31=0x00000000
           3596	      1794	00101140	006a0993	addi	x19,x20,6	 x20:0x0000003a x19=0x00000040
           3598	      1795	00101144	f1d97043	fmadd.s	f0,f18,f29,f30	 f18:0x00102000 f29:0x00000030 f30:0x00102000  f0=0x00000000
           3600	      1796	00101148	d009f0d3	fcvt.s.w	f1,x19	 x19:0x00000040  f1=0x00000000
           3602	      1797	0010114c	007a0a13	addi	x20,x20,7	 x20:0x0000003a x20=0x00000041
           3604	      1798	00101150	d1f4ae27	fsw	f31,-740(x9)	  f9:0x00102000 f31:0xb4000000 PA:0x00101d1c store:0x44251aed load:0x44e9b7d8
           3608	      1800	00101154	d1c4a107	flw	f2,-740(x9)	  f9:0x00102000  f2=0x00000000 PA:0x00101d1c store:0x3f7d1f60
           3610	      1801	00101158	d0092a27	fsw	f0,-748(x18)	 f18:0x00102000  f0:0x00000000 PA:0x00000000
           3618	      1805	0010115c	d1842707	flw	f14,-744(x8)	  f8:0x00102000 f14=0x00000000 PA:0x00101d18 store:0x00000000
           3622	      1807	00101160	d1842787	flw	f15,-744(x8)	  f8:0x00102000 f15=0x00000000 PA:0x00101d18 store:0x00000000
           3626	      1809	00101164	d1492187	flw	f3,-748(x18)	 f18:0x00102000  f3=0x00000000 PA:0x00101d14 store:0x427c0000
           3628	      1810	00101168	00e17253	fadd.s	f4,f2,f14	  f2:0x00137fa0 f14:0x00000009  f4=0x00000000
           3632	      1812	0010116c	18fa75c3	fmadd.s	f11,f20,f15,f3	 f20:0x00000041 f15:0x0000000b  f3:0x00000000 f11=0x00000000
           3634	      1813	00101170	d044ae27	fsw	f4,-740(x9)	  f9:0x00102000  f4:0x00000000 PA:0x00000000
           3638	      1815	00101174	d0b92a27	fsw	f11,-748(x18)	 f18:0x00102000 f11:0x0000003c PA:0x00101d14 store:0x44f92ae2 load:0x44255a35
           3640	      1816	00101178	d1c4a287	flw	f5,-740(x9)	  f9:0x00102000  f5=0x00000000 PA:0x00000000
           3642	      1817	0010117c	d1842307	flw	f6,-744(x8)	  f8:0x00102000  f6=0x00000000 PA:0x00101d18 store:0x00000000
           3644	      1818	00101180	d1842607	flw	f12,-744(x8)	  f8:0x00102000 f12=0x00000000 PA:0x00101d18 store:0x00000000
           3646	      1819	00101184	d1492687	flw	f13,-748(x18)	 f18:0x00102000 f13=0x00000000 PA:0x00101d14 store:0x427c0000
           3648	      1820	00101188	0062f3d3	fadd.s	f7,f5,f6	  f5:0x00000042  f6:0x00000001  f7=0x00000000
           3652	      1822	0010118c	68c0f443	fmadd.s	f8,f1,f12,f13	  f1:0x0000003b f12:0x0000003d f13:0x0000003b  f8=0x00000000
           3654	      1823	00101190	d074ae27	fsw	f7,-740(x9)	  f9:0x00102000  f7:0x00000064 PA:0x00000000
           3660	      1826	00101194	d1c4a487	flw	f9,-740(x9)	  f9:0x00102000  f9=0x00000000 PA:0x00101d1c store:0x3f7d1f60
           3662	      1827	00101198	d1842507	flw	f10,-744(x8)	  f8:0x00102000 f10=0x00000000 PA:0x00000000
           3670	      1831	0010119c	d0892a27	fsw	f8,-748(x18)	 f18:0x00102000  f8:0x00102000 PA:0x00101d14 store:0x450089ee load:0x3f7d1f60
           3672	      1832	001011a0	00a4f853	fadd.s	f16,f9,f10	  f9:0x00102000 f10:0x00000004 f16=0x00000000
           3678	      1835	001011a4	d104ae27	fsw	f16,-740(x9)	  f9:0x00102000 f16:0x0000003e PA:0x00101d1c store:0x4425d8c5 load:0x3f7d1f60
           3682	      1837	001011a8	ee7a14e3	bne	x20,x7,101090	 x20:0x00000041  x7:0x00000064
           3684	      1838	00101090	d1842a07	flw	f20,-744(x8)	  f8:0x00102000 f20=0x00000000 PA:0x00101d18 store:0x00000000
           3686	      1839	00101094	d00a7ad3	fcvt.s.w	f21,x20	 x20:0x00000041 f21=0x00000000
           3688	      1840	00101098	d1492e07	flw	f28,-748(x18)	 f18:0x00102000 f28=0x00000000 PA:0x00101d14 store:0x427c0000
           3690	      1841	0010109c	001a0093	addi	x1,x20,1	 x20:0x00000041  x1=0x00000042
           3692	      1842	001010a0	d1c4ae87	flw	f29,-740(x9)	  f9:0x00102000 f29=0x00000000 PA:0x00101d1c store:0x3f7d1f60
           3694	      1843	001010a4	e14aff43	fmadd.s	f30,f21,f20,f28	 f21:0x00000000 f20:0x00000041 f28:0x00000000 f30=0x00000000
           3696	      1844	001010a8	d1842f87	flw	f31,-744(x8)	  f8:0x00102000 f31=0x00000000 PA:0x00101d18 store:0x00000000
           3698	      1845	001010ac	d000f053	fcvt.s.w	f0,x1	  x1:0x00000042  f0=0x00000000
           3700	      1846	001010b0	d1842087	flw	f1,-744(x8)	  f8:0x00102000  f1=0x00000000 PA:0x00101d18 store:0x00000000
           3702	      1847	001010b4	01fef153	fadd.s	f2,f29,f31	 f29:0x00000030 f31:0xb4000000  f2=0x00000000
           3704	      1848	001010b8	d1e92a27	fsw	f30,-748(x18)	 f18:0x00102000 f30:0x00020000 PA:0x00101d14 store:0x45048e3d load:0x45048e3d
           3708	      1850	001010bc	d1492707	flw	f14,-748(x18)	 f18:0x00102000 f14=0x00000000 PA:0x00101d14 store:0x3f7d1f60
           3710	      1851	001010c0	002a0593	addi	x11,x20,2	 x20:0x00000041 x11=0x00000043
           3712	      1852	001010c4	d005f7d3	fcvt.s.w	f15,x11	 x11:0x00000043 f15=0x00000000
           3714	      1853	001010c8	701071c3	fmadd.s	f3,f0,f1,f14	  f0:0x00000000  f1:0x00000042 f14:0x00000000  f3=0x00000000
           3716	      1854	001010cc	d024ae27	fsw	f2,-740(x9)	  f9:0x00102000  f2:0x00137fa0 PA:0x00000000
           3722	      1857	001010d0	d1c4a207	flw	f4,-740(x9)	  f9:0x00102000  f4=0x00000000 PA:0x00101d1c store:0x450089ee
           3724	      1858	001010d4	d1842587	flw	f11,-744(x8)	  f8:0x00102000 f11=0x00000000 PA:0x00000000
           3732	      1862	001010d8	d1842607	flw	f12,-744(x8)	  f8:0x00102000 f12=0x00000000 PA:0x00101d18 store:0x00000000
           3736	      1864	001010dc	d0392a27	fsw	f3,-748(x18)	 f18:0x00102000  f3:0x00000000 PA:0x00101d14 store:0x4508a25e load:0x3f7d1f60
           3744	      1868	001010e0	d1492287	flw	f5,-748(x18)	 f18:0x00102000  f5=0x00000000 PA:0x00101d14 store:0x3f7d1f60
           3746	      1869	001010e4	00b276d3	fadd.s	f13,f4,f11	  f4:0x00000000 f11:0x00000043 f13=0x00000000
           3750	      1871	001010e8	003a0613	addi	x12,x20,3	 x20:0x00000041 x12=0x00000044
           3752	      1872	001010ec	28c7f343	fmadd.s	f6,f15,f12,f5	 f15:0x0000000b f12:0x00000044  f5:0x0000000b  f6=0x00000000
           3754	      1873	001010f0	d00673d3	fcvt.s.w	f7,x12	 x12:0x00000044  f7=0x00000000
           3756	      1874	001010f4	004a0813	addi	x16,x20,4	 x20:0x00000041 x16=0x00000045
           3758	      1875	001010f8	d0d4ae27	fsw	f13,-740(x9)	  f9:0x00102000 f13:0x0000000d PA:0x00101d1c store:0x44265755 load:0x4508a25e
           3762	      1877	001010fc	d1c4a407	flw	f8,-740(x9)	  f9:0x00102000  f8=0x00000000 PA:0x00101d1c store:0x450089ee
           3764	      1878	00101100	d0692a27	fsw	f6,-748(x18)	 f18:0x00102000  f6:0x00000001 PA:0x00000000
           3772	      1882	00101104	d1842487	flw	f9,-744(x8)	  f8:0x00102000  f9=0x00000000 PA:0x00101d18 store:0x00000000
           3776	      1884	00101108	d1842507	flw	f10,-744(x8)	  f8:0x00102000 f10=0x00000000 PA:0x00101d18 store:0x00000000
           3780	      1886	0010110c	d1492807	flw	f16,-748(x18)	 f18:0x00102000 f16=0x00000000 PA:0x00101d14 store:0x3f7d1f60
           3782	      1887	00101110	009478d3	fadd.s	f17,f8,f9	  f8:0x00102000  f9:0x00102000 f17=0x00000000
           3784	      1888	00101114	d0087953	fcvt.s.w	f18,x16	 x16:0x00000045 f18=0x00000000
           3786	      1889	00101118	80a3f9c3	fmadd.s	f19,f7,f10,f16	  f7:0x00000064 f10:0x00000004 f16:0x00000064 f19=0x00000000
           3790	      1891	0010111c	005a0893	addi	x17,x20,5	 x20:0x00000041 x17=0x00000046
           3792	      1892	00101120	d008fa53	fcvt.s.w	f20,x17	 x17:0x00000046 f20=0x00000000
           3794	      1893	00101124	d114ae27	fsw	f17,-740(x9)	  f9:0x00102000 f17:0x00000046 PA:0x00101d1c store:0x4426969d load:0x450cc651
           3798	      1895	00101128	d1c4aa87	flw	f21,-740(x9)	  f9:0x00102000 f21=0x00000000 PA:0x00101d1c store:0x450089ee
           3800	      1896	0010112c	d1392a27	fsw	f19,-748(x18)	 f18:0x00102000 f19:0x00000040 PA:0x00000000
           3808	      1900	00101130	d1842e07	flw	f28,-744(x8)	  f8:0x00102000 f28=0x00000000 PA:0x00101d18 store:0x00000000
           3812	      1902	00101134	d1842e87	flw	f29,-744(x8)	  f8:0x00102000 f29=0x00000000 PA:0x00101d18 store:0x00000000
           3816	      1904	00101138	d1492f07	flw	f30,-748(x18)	 f18:0x00102000 f30=0x00000000 PA:0x00101d14 store:0x428c0000
           3818	      1905	0010113c	01caffd3	fadd.s	f31,f21,f28	 f21:0x00000000 f28:0x00020000 f31=0x00000000
           3822	      1907	00101140	006a0993	addi	x19,x20,6	 x20:0x00000041 x19=0x00000047
           3824	      1908	00101144	f1d97043	fmadd.s	f0,f18,f29,f30	 f18:0x00102000 f29:0x00000030 f30:0x00102000  f0=0x00000000
           3826	      1909	00101148	d009f0d3	fcvt.s.w	f1,x19	 x19:0x00000047  f1=0x00000000
           3828	      1910	0010114c	007a0a13	addi	x20,x20,7	 x20:0x00000041 x20=0x00000048
           3830	      1911	00101150	d1f4ae27	fsw	f31,-740(x9)	  f9:0x00102000 f31:0xb4000000 PA:0x00101d1c store:0x4426d5e5 load:0x4510fa16
           3834	      1913	00101154	d1c4a107	flw	f2,-740(x9)	  f9:0x00102000  f2=0x00000000 PA:0x00101d1c store:0x3f7d1f60
           3836	      1914	00101158	d0092a27	fsw	f0,-748(x18)	 f18:0x00102000  f0:0x00000000 PA:0x00000000
           3844	      1918	0010115c	d1842707	flw	f14,-744(x8)	  f8:0x00102000 f14=0x00000000 PA:0x00101d18 store:0x00000000
           3848	      1920	00101160	d1842787	flw	f15,-744(x8)	  f8:0x00102000 f15=0x00000000 PA:0x00101d18 store:0x00000000
           3852	      1922	00101164	d1492187	flw	f3,-748(x18)	 f18:0x00102000  f3=0x00000000 PA:0x00101d14 store:0x428c0000
           3854	      1923	00101168	00e17253	fadd.s	f4,f2,f14	  f2:0x00137fa0 f14:0x00000009  f4=0x00000000
           3858	      1925	0010116c	18fa75c3	fmadd.s	f11,f20,f15,f3	 f20:0x00000048 f15:0x0000000b  f3:0x00000000 f11=0x00000000
           3860	      1926	00101170	d044ae27	fsw	f4,-740(x9)	  f9:0x00102000  f4:0x00000000 PA:0x00000000
           3864	      1928	00101174	d0b92a27	fsw	f11,-748(x18)	 f18:0x00102000 f11:0x00000043 PA:0x00101d14 store:0x45199116 load:0x4427152d
           3866	      1929	00101178	d1c4a287	flw	f5,-740(x9)	  f9:0x00102000  f5=0x00000000 PA:0x00000000
           3868	      1930	0010117c	d1842307	flw	f6,-744(x8)	  f8:0x00102000  f6=0x00000000 PA:0x00101d18 store:0x00000000
           3870	      1931	00101180	d1842607	flw	f12,-744(x8)	  f8:0x00102000 f12=0x00000000 PA:0x00101d18 store:0x00000000
           3872	      1932	00101184	d1492687	flw	f13,-748(x18)	 f18:0x00102000 f13=0x00000000 PA:0x00101d14 store:0x428c0000
           3874	      1933	00101188	0062f3d3	fadd.s	f7,f5,f6	  f5:0x00000042  f6:0x00000001  f7=0x00000000
           3878	      1935	0010118c	68c0f443	fmadd.s	f8,f1,f12,f13	  f1:0x00000042 f12:0x00000044 f13:0x00000042  f8=0x00000000
           3880	      1936	00101190	d074ae27	fsw	f7,-740(x9)	  f9:0x00102000  f7:0x00000064 PA:0x00000000
           3886	      1939	00101194	d1c4a487	flw	f9,-740(x9)	  f9:0x00102000  f9=0x00000000 PA:0x00101d1c store:0x3f7d1f60
           3888	      1940	00101198	d1842507	flw	f10,-744(x8)	  f8:0x00102000 f10=0x00000000 PA:0x00000000
           3896	      1944	0010119c	d0892a27	fsw	f8,-748(x18)	 f18:0x00102000  f8:0x00102000 PA:0x00101d14 store:0x451df451 load:0x3f7d1f60
           3898	      1945	001011a0	00a4f853	fadd.s	f16,f9,f10	  f9:0x00102000 f10:0x00000004 f16=0x00000000
           3904	      1948	001011a4	d104ae27	fsw	f16,-740(x9)	  f9:0x00102000 f16:0x00000045 PA:0x00101d1c store:0x442793bd load:0x3f7d1f60
           3908	      1950	001011a8	ee7a14e3	bne	x20,x7,101090	 x20:0x00000048  x7:0x00000064
           3910	      1951	00101090	d1842a07	flw	f20,-744(x8)	  f8:0x00102000 f20=0x00000000 PA:0x00101d18 store:0x00000000
           3912	      1952	00101094	d00a7ad3	fcvt.s.w	f21,x20	 x20:0x00000048 f21=0x00000000
           3914	      1953	00101098	d1492e07	flw	f28,-748(x18)	 f18:0x00102000 f28=0x00000000 PA:0x00101d14 store:0x428c0000
           3916	      1954	0010109c	001a0093	addi	x1,x20,1	 x20:0x00000048  x1=0x00000049
           3918	      1955	001010a0	d1c4ae87	flw	f29,-740(x9)	  f9:0x00102000 f29=0x00000000 PA:0x00101d1c store:0x3f7d1f60
           3920	      1956	001010a4	e14aff43	fmadd.s	f30,f21,f20,f28	 f21:0x00000000 f20:0x00000048 f28:0x00000000 f30=0x00000000
           3922	      1957	001010a8	d1842f87	flw	f31,-744(x8)	  f8:0x00102000 f31=0x00000000 PA:0x00101d18 store:0x00000000
           3924	      1958	001010ac	d000f053	fcvt.s.w	f0,x1	  x1:0x00000049  f0=0x00000000
           3926	      1959	001010b0	d1842087	flw	f1,-744(x8)	  f8:0x00102000  f1=0x00000000 PA:0x00101d18 store:0x00000000
           3928	      1960	001010b4	01fef153	fadd.s	f2,f29,f31	 f29:0x00000030 f31:0xb4000000  f2=0x00000000
           3930	      1961	001010b8	d1e92a27	fsw	f30,-748(x18)	 f18:0x00102000 f30:0x00020000 PA:0x00101d14 store:0x4522675e load:0x4522675e
           3934	      1963	001010bc	d1492707	flw	f14,-748(x18)	 f18:0x00102000 f14=0x00000000 PA:0x00101d14 store:0x3f7d1f60
           3936	      1964	001010c0	002a0593	addi	x11,x20,2	 x20:0x00000048 x11=0x0000004a
           3938	      1965	001010c4	d005f7d3	fcvt.s.w	f15,x11	 x11:0x0000004a f15=0x00000000
           3940	      1966	001010c8	701071c3	fmadd.s	f3,f0,f1,f14	  f0:0x00000000  f1:0x00000049 f14:0x00000000  f3=0x00000000
           3942	      1967	001010cc	d024ae27	fsw	f2,-740(x9)	  f9:0x00102000  f2:0x00137fa0 PA:0x00000000
           3948	      1970	001010d0	d1c4a207	flw	f4,-740(x9)	  f9:0x00102000  f4=0x00000000 PA:0x00101d1c store:0x451df451
           3950	      1971	001010d4	d1842587	flw	f11,-744(x8)	  f8:0x00102000 f11=0x00000000 PA:0x00000000
           3958	      1975	001010d8	d1842607	flw	f12,-744(x8)	  f8:0x00102000 f12=0x00000000 PA:0x00101d18 store:0x00000000
           3962	      1977	001010dc	d0392a27	fsw	f3,-748(x18)	 f18:0x00102000  f3:0x00000000 PA:0x00101d14 store:0x4526ea3d load:0x3f7d1f60
           3970	      1981	001010e0	d1492287	flw	f5,-748(x18)	 f18:0x00102000  f5=0x00000000 PA:0x00101d14 store:0x3f7d1f60
           3972	      1982	001010e4	00b276d3	fadd.s	f13,f4,f11	  f4:0x00000000 f11:0x0000004a f13=0x00000000
           3976	      1984	001010e8	003a0613	addi	x12,x20,3	 x20:0x00000048 x12=0x0000004b
           3978	      1985	001010ec	28c7f343	fmadd.s	f6,f15,f12,f5	 f15:0x0000000b f12:0x0000004b  f5:0x0000000b  f6=0x00000000
           3980	      1986	001010f0	d00673d3	fcvt.s.w	f7,x12	 x12:0x0000004b  f7=0x00000000
           3982	      1987	001010f4	004a0813	addi	x16,x20,4	 x20:0x00000048 x16=0x0000004c
           3984	      1988	001010f8	d0d4ae27	fsw	f13,-740(x9)	  f9:0x00102000 f13:0x0000000d PA:0x00101d1c store:0x4428124d load:0x4526ea3d
           3988	      1990	001010fc	d1c4a407	flw	f8,-740(x9)	  f9:0x00102000  f8=0x00000000 PA:0x00101d1c store:0x451df451
           3990	      1991	00101100	d0692a27	fsw	f6,-748(x18)	 f18:0x00102000  f6:0x00000001 PA:0x00000000
           3998	      1995	00101104	d1842487	flw	f9,-744(x8)	  f8:0x00102000  f9=0x00000000 PA:0x00101d18 store:0x00000000
           4002	      1997	00101108	d1842507	flw	f10,-744(x8)	  f8:0x00102000 f10=0x00000000 PA:0x00101d18 store:0x00000000
           4006	      1999	0010110c	d1492807	flw	f16,-748(x18)	 f18:0x00102000 f16=0x00000000 PA:0x00101d14 store:0x3f7d1f60
           4008	      2000	00101110	009478d3	fadd.s	f17,f8,f9	  f8:0x00102000  f9:0x00102000 f17=0x00000000
           4010	      2001	00101114	d0087953	fcvt.s.w	f18,x16	 x16:0x0000004c f18=0x00000000
           4012	      2002	00101118	80a3f9c3	fmadd.s	f19,f7,f10,f16	  f7:0x00000064 f10:0x00000004 f16:0x00000064 f19=0x00000000
           4016	      2004	0010111c	005a0893	addi	x17,x20,5	 x20:0x00000048 x17=0x0000004d
           4018	      2005	00101120	d008fa53	fcvt.s.w	f20,x17	 x17:0x0000004d f20=0x00000000
           4020	      2006	00101124	d114ae27	fsw	f17,-740(x9)	  f9:0x00102000 f17:0x0000004d PA:0x00101d1c store:0x44285195 load:0x452b7cee
           4024	      2008	00101128	d1c4aa87	flw	f21,-740(x9)	  f9:0x00102000 f21=0x00000000 PA:0x00101d1c store:0x451df451
           4026	      2009	0010112c	d1392a27	fsw	f19,-748(x18)	 f18:0x00102000 f19:0x00000047 PA:0x00000000
           4034	      2013	00101130	d1842e07	flw	f28,-744(x8)	  f8:0x00102000 f28=0x00000000 PA:0x00101d18 store:0x00000000
           4038	      2015	00101134	d1842e87	flw	f29,-744(x8)	  f8:0x00102000 f29=0x00000000 PA:0x00101d18 store:0x00000000
           4042	      2017	00101138	d1492f07	flw	f30,-748(x18)	 f18:0x00102000 f30=0x00000000 PA:0x00101d14 store:0x429a0000
           4044	      2018	0010113c	01caffd3	fadd.s	f31,f21,f28	 f21:0x00000000 f28:0x00020000 f31=0x00000000
           4048	      2020	00101140	006a0993	addi	x19,x20,6	 x20:0x00000048 x19=0x0000004e
           4050	      2021	00101144	f1d97043	fmadd.s	f0,f18,f29,f30	 f18:0x00102000 f29:0x00000030 f30:0x00102000  f0=0x00000000
           4052	      2022	00101148	d009f0d3	fcvt.s.w	f1,x19	 x19:0x0000004e  f1=0x00000000
           4054	      2023	0010114c	007a0a13	addi	x20,x20,7	 x20:0x00000048 x20=0x0000004f
           4056	      2024	00101150	d1f4ae27	fsw	f31,-740(x9)	  f9:0x00102000 f31:0xb4000000 PA:0x00101d1c store:0x442890dd load:0x45301f71
           4060	      2026	00101154	d1c4a107	flw	f2,-740(x9)	  f9:0x00102000  f2=0x00000000 PA:0x00101d1c store:0x3f7d1f60
           4062	      2027	00101158	d0092a27	fsw	f0,-748(x18)	 f18:0x00102000  f0:0x00000000 PA:0x00000000
           4070	      2031	0010115c	d1842707	flw	f14,-744(x8)	  f8:0x00102000 f14=0x00000000 PA:0x00101d18 store:0x00000000
           4074	      2033	00101160	d1842787	flw	f15,-744(x8)	  f8:0x00102000 f15=0x00000000 PA:0x00101d18 store:0x00000000
           4078	      2035	00101164	d1492187	flw	f3,-748(x18)	 f18:0x00102000  f3=0x00000000 PA:0x00101d14 store:0x429a0000
           4080	      2036	00101168	00e17253	fadd.s	f4,f2,f14	  f2:0x00137fa0 f14:0x00000009  f4=0x00000000
           4084	      2038	0010116c	18fa75c3	fmadd.s	f11,f20,f15,f3	 f20:0x0000004f f15:0x0000000b  f3:0x00000000 f11=0x00000000
           4086	      2039	00101170	d044ae27	fsw	f4,-740(x9)	  f9:0x00102000  f4:0x00000000 PA:0x00000000
           4090	      2041	00101174	d0b92a27	fsw	f11,-748(x18)	 f18:0x00102000 f11:0x0000004a PA:0x00101d14 store:0x453993ed load:0x4428d025
           4092	      2042	00101178	d1c4a287	flw	f5,-740(x9)	  f9:0x00102000  f5=0x00000000 PA:0x00000000
           4094	      2043	0010117c	d1842307	flw	f6,-744(x8)	  f8:0x00102000  f6=0x00000000 PA:0x00101d18 store:0x00000000
           4096	      2044	00101180	d1842607	flw	f12,-744(x8)	  f8:0x00102000 f12=0x00000000 PA:0x00101d18 store:0x00000000
           4098	      2045	00101184	d1492687	flw	f13,-748(x18)	 f18:0x00102000 f13=0x00000000 PA:0x00101d14 store:0x429a0000
           4100	      2046	00101188	0062f3d3	fadd.s	f7,f5,f6	  f5:0x00000042  f6:0x00000001  f7=0x00000000
           4104	      2048	0010118c	68c0f443	fmadd.s	f8,f1,f12,f13	  f1:0x00000049 f12:0x0000004b f13:0x00000049  f8=0x00000000
           4106	      2049	00101190	d074ae27	fsw	f7,-740(x9)	  f9:0x00102000  f7:0x00000064 PA:0x00000000
           4112	      2052	00101194	d1c4a487	flw	f9,-740(x9)	  f9:0x00102000  f9=0x00000000 PA:0x00101d1c store:0x3f7d1f60
           4114	      2053	00101198	d1842507	flw	f10,-744(x8)	  f8:0x00102000 f10=0x00000000 PA:0x00000000
           4122	      2057	0010119c	d0892a27	fsw	f8,-748(x18)	 f18:0x00102000  f8:0x00102000 PA:0x00101d14 store:0x453e65e6 load:0x3f7d1f60
           4124	      2058	001011a0	00a4f853	fadd.s	f16,f9,f10	  f9:0x00102000 f10:0x00000004 f16=0x00000000
           4130	      2061	001011a4	d104ae27	fsw	f16,-740(x9)	  f9:0x00102000 f16:0x0000004c PA:0x00101d1c store:0x44294eb5 load:0x3f7d1f60
           4134	      2063	001011a8	ee7a14e3	bne	x20,x7,101090	 x20:0x0000004f  x7:0x00000064
           4136	      2064	00101090	d1842a07	flw	f20,-744(x8)	  f8:0x00102000 f20=0x00000000 PA:0x00101d18 store:0x00000000
           4138	      2065	00101094	d00a7ad3	fcvt.s.w	f21,x20	 x20:0x0000004f f21=0x00000000
           4140	      2066	00101098	d1492e07	flw	f28,-748(x18)	 f18:0x00102000 f28=0x00000000 PA:0x00101d14 store:0x429a0000
           4142	      2067	0010109c	001a0093	addi	x1,x20,1	 x20:0x0000004f  x1=0x00000050
           4144	      2068	001010a0	d1c4ae87	flw	f29,-740(x9)	  f9:0x00102000 f29=0x00000000 PA:0x00101d1c store:0x3f7d1f60
           4146	      2069	001010a4	e14aff43	fmadd.s	f30,f21,f20,f28	 f21:0x00000000 f20:0x0000004f f28:0x00000000 f30=0x00000000
           4148	      2070	001010a8	d1842f87	flw	f31,-744(x8)	  f8:0x00102000 f31=0x00000000 PA:0x00101d18 store:0x00000000
           4150	      2071	001010ac	d000f053	fcvt.s.w	f0,x1	  x1:0x00000050  f0=0x00000000
           4152	      2072	001010b0	d1842087	flw	f1,-744(x8)	  f8:0x00102000  f1=0x00000000 PA:0x00101d18 store:0x00000000
           4154	      2073	001010b4	01fef153	fadd.s	f2,f29,f31	 f29:0x00000030 f31:0xb4000000  f2=0x00000000
           4156	      2074	001010b8	d1e92a27	fsw	f30,-748(x18)	 f18:0x00102000 f30:0x00020000 PA:0x00101d14 store:0x454347b1 load:0x454347b1
           4160	      2076	001010bc	d1492707	flw	f14,-748(x18)	 f18:0x00102000 f14=0x00000000 PA:0x00101d14 store:0x3f7d1f60
           4162	      2077	001010c0	002a0593	addi	x11,x20,2	 x20:0x0000004f x11=0x00000051
           4164	      2078	001010c4	d005f7d3	fcvt.s.w	f15,x11	 x11:0x00000051 f15=0x00000000
           4166	      2079	001010c8	701071c3	fmadd.s	f3,f0,f1,f14	  f0:0x00000000  f1:0x00000050 f14:0x00000000  f3=0x00000000
           4168	      2080	001010cc	d024ae27	fsw	f2,-740(x9)	  f9:0x00102000  f2:0x00137fa0 PA:0x00000000
           4174	      2083	001010d0	d1c4a207	flw	f4,-740(x9)	  f9:0x00102000  f4=0x00000000 PA:0x00101d1c store:0x453e65e6
           4176	      2084	001010d4	d1842587	flw	f11,-744(x8)	  f8:0x00102000 f11=0x00000000 PA:0x00000000
           4184	      2088	001010d8	d1842607	flw	f12,-744(x8)	  f8:0x00102000 f12=0x00000000 PA:0x00101d18 store:0x00000000
           4188	      2090	001010dc	d0392a27	fsw	f3,-748(x18)	 f18:0x00102000  f3:0x00000000 PA:0x00101d14 store:0x4548394e load:0x3f7d1f60
           4196	      2094	001010e0	d1492287	flw	f5,-748(x18)	 f18:0x00102000  f5=0x00000000 PA:0x00101d14 store:0x3f7d1f60
           4198	      2095	001010e4	00b276d3	fadd.s	f13,f4,f11	  f4:0x00000000 f11:0x00000051 f13=0x00000000
           4202	      2097	001010e8	003a0613	addi	x12,x20,3	 x20:0x0000004f x12=0x00000052
           4204	      2098	001010ec	28c7f343	fmadd.s	f6,f15,f12,f5	 f15:0x0000000b f12:0x00000052  f5:0x0000000b  f6=0x00000000
           4206	      2099	001010f0	d00673d3	fcvt.s.w	f7,x12	 x12:0x00000052  f7=0x00000000
           4208	      2100	001010f4	004a0813	addi	x16,x20,4	 x20:0x0000004f x16=0x00000053
           4210	      2101	001010f8	d0d4ae27	fsw	f13,-740(x9)	  f9:0x00102000 f13:0x0000000d PA:0x00101d1c store:0x4429cd45 load:0x4548394e
           4214	      2103	001010fc	d1c4a407	flw	f8,-740(x9)	  f9:0x00102000  f8=0x00000000 PA:0x00101d1c store:0x453e65e6
           4216	      2104	00101100	d0692a27	fsw	f6,-748(x18)	 f18:0x00102000  f6:0x00000001 PA:0x00000000
           4224	      2108	00101104	d1842487	flw	f9,-744(x8)	  f8:0x00102000  f9=0x00000000 PA:0x00101d18 store:0x00000000
           4228	      2110	00101108	d1842507	flw	f10,-744(x8)	  f8:0x00102000 f10=0x00000000 PA:0x00101d18 store:0x00000000
           4232	      2112	0010110c	d1492807	flw	f16,-748(x18)	 f18:0x00102000 f16=0x00000000 PA:0x00101d14 store:0x3f7d1f60
           4234	      2113	00101110	009478d3	fadd.s	f17,f8,f9	  f8:0x00102000  f9:0x00102000 f17=0x00000000
           4236	      2114	00101114	d0087953	fcvt.s.w	f18,x16	 x16:0x00000053 f18=0x00000000
           4238	      2115	00101118	80a3f9c3	fmadd.s	f19,f7,f10,f16	  f7:0x00000064 f10:0x00000004 f16:0x00000064 f19=0x00000000
           4242	      2117	0010111c	005a0893	addi	x17,x20,5	 x20:0x0000004f x17=0x00000054
           4244	      2118	00101120	d008fa53	fcvt.s.w	f20,x17	 x17:0x00000054 f20=0x00000000
           4246	      2119	00101124	d114ae27	fsw	f17,-740(x9)	  f9:0x00102000 f17:0x00000054 PA:0x00101d1c store:0x442a0c8d load:0x454d3abd
           4250	      2121	00101128	d1c4aa87	flw	f21,-740(x9)	  f9:0x00102000 f21=0x00000000 PA:0x00101d1c store:0x453e65e6
           4252	      2122	0010112c	d1392a27	fsw	f19,-748(x18)	 f18:0x00102000 f19:0x0000004e PA:0x00000000
           4260	      2126	00101130	d1842e07	flw	f28,-744(x8)	  f8:0x00102000 f28=0x00000000 PA:0x00101d18 store:0x00000000
           4264	      2128	00101134	d1842e87	flw	f29,-744(x8)	  f8:0x00102000 f29=0x00000000 PA:0x00101d18 store:0x00000000
           4268	      2130	00101138	d1492f07	flw	f30,-748(x18)	 f18:0x00102000 f30=0x00000000 PA:0x00101d14 store:0x42a80000
           4270	      2131	0010113c	01caffd3	fadd.s	f31,f21,f28	 f21:0x00000000 f28:0x00020000 f31=0x00000000
           4274	      2133	00101140	006a0993	addi	x19,x20,6	 x20:0x0000004f x19=0x00000055
           4276	      2134	00101144	f1d97043	fmadd.s	f0,f18,f29,f30	 f18:0x00102000 f29:0x00000030 f30:0x00102000  f0=0x00000000
           4278	      2135	00101148	d009f0d3	fcvt.s.w	f1,x19	 x19:0x00000055  f1=0x00000000
           4280	      2136	0010114c	007a0a13	addi	x20,x20,7	 x20:0x0000004f x20=0x00000056
           4282	      2137	00101150	d1f4ae27	fsw	f31,-740(x9)	  f9:0x00102000 f31:0xb4000000 PA:0x00101d1c store:0x442a4bd5 load:0x45524bfe
           4286	      2139	00101154	d1c4a107	flw	f2,-740(x9)	  f9:0x00102000  f2=0x00000000 PA:0x00101d1c store:0x3f7d1f60
           4288	      2140	00101158	d0092a27	fsw	f0,-748(x18)	 f18:0x00102000  f0:0x00000000 PA:0x00000000
           4296	      2144	0010115c	d1842707	flw	f14,-744(x8)	  f8:0x00102000 f14=0x00000000 PA:0x00101d18 store:0x00000000
           4300	      2146	00101160	d1842787	flw	f15,-744(x8)	  f8:0x00102000 f15=0x00000000 PA:0x00101d18 store:0x00000000
           4304	      2148	00101164	d1492187	flw	f3,-748(x18)	 f18:0x00102000  f3=0x00000000 PA:0x00101d14 store:0x42a80000
           4306	      2149	00101168	00e17253	fadd.s	f4,f2,f14	  f2:0x00137fa0 f14:0x00000009  f4=0x00000000
           4310	      2151	0010116c	18fa75c3	fmadd.s	f11,f20,f15,f3	 f20:0x00000056 f15:0x0000000b  f3:0x00000000 f11=0x00000000
           4312	      2152	00101170	d044ae27	fsw	f4,-740(x9)	  f9:0x00102000  f4:0x00000000 PA:0x00000000
           4316	      2154	00101174	d0b92a27	fsw	f11,-748(x18)	 f18:0x00102000 f11:0x00000051 PA:0x00101d14 store:0x455c9df6 load:0x442a8b1d
           4318	      2155	00101178	d1c4a287	flw	f5,-740(x9)	  f9:0x00102000  f5=0x00000000 PA:0x00000000
           4320	      2156	0010117c	d1842307	flw	f6,-744(x8)	  f8:0x00102000  f6=0x00000000 PA:0x00101d18 store:0x00000000
           4322	      2157	00101180	d1842607	flw	f12,-744(x8)	  f8:0x00102000 f12=0x00000000 PA:0x00101d18 store:0x00000000
           4324	      2158	00101184	d1492687	flw	f13,-748(x18)	 f18:0x00102000 f13=0x00000000 PA:0x00101d14 store:0x42a80000
           4326	      2159	00101188	0062f3d3	fadd.s	f7,f5,f6	  f5:0x00000042  f6:0x00000001  f7=0x00000000
           4330	      2161	0010118c	68c0f443	fmadd.s	f8,f1,f12,f13	  f1:0x00000050 f12:0x00000052 f13:0x00000050  f8=0x00000000
           4332	      2162	00101190	d074ae27	fsw	f7,-740(x9)	  f9:0x00102000  f7:0x00000064 PA:0x00000000
           4338	      2165	00101194	d1c4a487	flw	f9,-740(x9)	  f9:0x00102000  f9=0x00000000 PA:0x00101d1c store:0x3f7d1f60
           4340	      2166	00101198	d1842507	flw	f10,-744(x8)	  f8:0x00102000 f10=0x00000000 PA:0x00000000
           4348	      2170	0010119c	d0892a27	fsw	f8,-748(x18)	 f18:0x00102000  f8:0x00102000 PA:0x00101d14 store:0x4561dead load:0x3f7d1f60
           4350	      2171	001011a0	00a4f853	fadd.s	f16,f9,f10	  f9:0x00102000 f10:0x00000004 f16=0x00000000
           4356	      2174	001011a4	d104ae27	fsw	f16,-740(x9)	  f9:0x00102000 f16:0x00000053 PA:0x00101d1c store:0x442b09ad load:0x3f7d1f60
           4360	      2176	001011a8	ee7a14e3	bne	x20,x7,101090	 x20:0x00000056  x7:0x00000064
           4362	      2177	00101090	d1842a07	flw	f20,-744(x8)	  f8:0x00102000 f20=0x00000000 PA:0x00101d18 store:0x00000000
           4364	      2178	00101094	d00a7ad3	fcvt.s.w	f21,x20	 x20:0x00000056 f21=0x00000000
           4366	      2179	00101098	d1492e07	flw	f28,-748(x18)	 f18:0x00102000 f28=0x00000000 PA:0x00101d14 store:0x42a80000
           4368	      2180	0010109c	001a0093	addi	x1,x20,1	 x20:0x00000056  x1=0x00000057
           4370	      2181	001010a0	d1c4ae87	flw	f29,-740(x9)	  f9:0x00102000 f29=0x00000000 PA:0x00101d1c store:0x3f7d1f60
           4372	      2182	001010a4	e14aff43	fmadd.s	f30,f21,f20,f28	 f21:0x00000000 f20:0x00000056 f28:0x00000000 f30=0x00000000
           4374	      2183	001010a8	d1842f87	flw	f31,-744(x8)	  f8:0x00102000 f31=0x00000000 PA:0x00101d18 store:0x00000000
           4376	      2184	001010ac	d000f053	fcvt.s.w	f0,x1	  x1:0x00000057  f0=0x00000000
           4378	      2185	001010b0	d1842087	flw	f1,-744(x8)	  f8:0x00102000  f1=0x00000000 PA:0x00101d18 store:0x00000000
           4380	      2186	001010b4	01fef153	fadd.s	f2,f29,f31	 f29:0x00000030 f31:0xb4000000  f2=0x00000000
           4382	      2187	001010b8	d1e92a27	fsw	f30,-748(x18)	 f18:0x00102000 f30:0x00020000 PA:0x00101d14 store:0x45672f36 load:0x45672f36
           4386	      2189	001010bc	d1492707	flw	f14,-748(x18)	 f18:0x00102000 f14=0x00000000 PA:0x00101d14 store:0x3f7d1f60
           4388	      2190	001010c0	002a0593	addi	x11,x20,2	 x20:0x00000056 x11=0x00000058
           4390	      2191	001010c4	d005f7d3	fcvt.s.w	f15,x11	 x11:0x00000058 f15=0x00000000
           4392	      2192	001010c8	701071c3	fmadd.s	f3,f0,f1,f14	  f0:0x00000000  f1:0x00000057 f14:0x00000000  f3=0x00000000
           4394	      2193	001010cc	d024ae27	fsw	f2,-740(x9)	  f9:0x00102000  f2:0x00137fa0 PA:0x00000000
           4400	      2196	001010d0	d1c4a207	flw	f4,-740(x9)	  f9:0x00102000  f4=0x00000000 PA:0x00101d1c store:0x4561dead
           4402	      2197	001010d4	d1842587	flw	f11,-744(x8)	  f8:0x00102000 f11=0x00000000 PA:0x00000000
           4410	      2201	001010d8	d1842607	flw	f12,-744(x8)	  f8:0x00102000 f12=0x00000000 PA:0x00101d18 store:0x00000000
           4414	      2203	001010dc	d0392a27	fsw	f3,-748(x18)	 f18:0x00102000  f3:0x00000000 PA:0x00101d14 store:0x456c8f91 load:0x3f7d1f60
           4422	      2207	001010e0	d1492287	flw	f5,-748(x18)	 f18:0x00102000  f5=0x00000000 PA:0x00101d14 store:0x3f7d1f60
           4424	      2208	001010e4	00b276d3	fadd.s	f13,f4,f11	  f4:0x00000000 f11:0x00000058 f13=0x00000000
           4428	      2210	001010e8	003a0613	addi	x12,x20,3	 x20:0x00000056 x12=0x00000059
           4430	      2211	001010ec	28c7f343	fmadd.s	f6,f15,f12,f5	 f15:0x0000000b f12:0x00000059  f5:0x0000000b  f6=0x00000000
           4432	      2212	001010f0	d00673d3	fcvt.s.w	f7,x12	 x12:0x00000059  f7=0x00000000
           4434	      2213	001010f4	004a0813	addi	x16,x20,4	 x20:0x00000056 x16=0x0000005a
           4436	      2214	001010f8	d0d4ae27	fsw	f13,-740(x9)	  f9:0x00102000 f13:0x0000000d PA:0x00101d1c store:0x442b883d load:0x456c8f91
           4440	      2216	001010fc	d1c4a407	flw	f8,-740(x9)	  f9:0x00102000  f8=0x00000000 PA:0x00101d1c store:0x4561dead
           4442	      2217	00101100	d0692a27	fsw	f6,-748(x18)	 f18:0x00102000  f6:0x00000001 PA:0x00000000
           4450	      2221	00101104	d1842487	flw	f9,-744(x8)	  f8:0x00102000  f9=0x00000000 PA:0x00101d18 store:0x00000000
           4454	      2223	00101108	d1842507	flw	f10,-744(x8)	  f8:0x00102000 f10=0x00000000 PA:0x00101d18 store:0x00000000
           4458	      2225	0010110c	d1492807	flw	f16,-748(x18)	 f18:0x00102000 f16=0x00000000 PA:0x00101d14 store:0x3f7d1f60
           4460	      2226	00101110	009478d3	fadd.s	f17,f8,f9	  f8:0x00102000  f9:0x00102000 f17=0x00000000
           4462	      2227	00101114	d0087953	fcvt.s.w	f18,x16	 x16:0x0000005a f18=0x00000000
           4464	      2228	00101118	80a3f9c3	fmadd.s	f19,f7,f10,f16	  f7:0x00000064 f10:0x00000004 f16:0x00000064 f19=0x00000000
           4468	      2230	0010111c	005a0893	addi	x17,x20,5	 x20:0x00000056 x17=0x0000005b
           4470	      2231	00101120	d008fa53	fcvt.s.w	f20,x17	 x17:0x0000005b f20=0x00000000
           4472	      2232	00101124	d114ae27	fsw	f17,-740(x9)	  f9:0x00102000 f17:0x0000005b PA:0x00101d1c store:0x442bc785 load:0x4571ffbe
           4476	      2234	00101128	d1c4aa87	flw	f21,-740(x9)	  f9:0x00102000 f21=0x00000000 PA:0x00101d1c store:0x4561dead
           4478	      2235	0010112c	d1392a27	fsw	f19,-748(x18)	 f18:0x00102000 f19:0x00000055 PA:0x00000000
           4486	      2239	00101130	d1842e07	flw	f28,-744(x8)	  f8:0x00102000 f28=0x00000000 PA:0x00101d18 store:0x00000000
           4490	      2241	00101134	d1842e87	flw	f29,-744(x8)	  f8:0x00102000 f29=0x00000000 PA:0x00101d18 store:0x00000000
           4494	      2243	00101138	d1492f07	flw	f30,-748(x18)	 f18:0x00102000 f30=0x00000000 PA:0x00101d14 store:0x42b60000
           4496	      2244	0010113c	01caffd3	fadd.s	f31,f21,f28	 f21:0x00000000 f28:0x00020000 f31=0x00000000
           4500	      2246	00101140	006a0993	addi	x19,x20,6	 x20:0x00000056 x19=0x0000005c
           4502	      2247	00101144	f1d97043	fmadd.s	f0,f18,f29,f30	 f18:0x00102000 f29:0x00000030 f30:0x00102000  f0=0x00000000
           4504	      2248	00101148	d009f0d3	fcvt.s.w	f1,x19	 x19:0x0000005c  f1=0x00000000
           4506	      2249	0010114c	007a0a13	addi	x20,x20,7	 x20:0x00000056 x20=0x0000005d
           4508	      2250	00101150	d1f4ae27	fsw	f31,-740(x9)	  f9:0x00102000 f31:0xb4000000 PA:0x00101d1c store:0x442c06cd load:0x45777fbd
           4512	      2252	00101154	d1c4a107	flw	f2,-740(x9)	  f9:0x00102000  f2=0x00000000 PA:0x00101d1c store:0x3f7d1f60
           4514	      2253	00101158	d0092a27	fsw	f0,-748(x18)	 f18:0x00102000  f0:0x00000000 PA:0x00000000
           4522	      2257	0010115c	d1842707	flw	f14,-744(x8)	  f8:0x00102000 f14=0x00000000 PA:0x00101d18 store:0x00000000
           4526	      2259	00101160	d1842787	flw	f15,-744(x8)	  f8:0x00102000 f15=0x00000000 PA:0x00101d18 store:0x00000000
           4530	      2261	00101164	d1492187	flw	f3,-748(x18)	 f18:0x00102000  f3=0x00000000 PA:0x00101d14 store:0x42b60000
           4532	      2262	00101168	00e17253	fadd.s	f4,f2,f14	  f2:0x00137fa0 f14:0x00000009  f4=0x00000000
           4536	      2264	0010116c	18fa75c3	fmadd.s	f11,f20,f15,f3	 f20:0x0000005d f15:0x0000000b  f3:0x00000000 f11=0x00000000
           4538	      2265	00101170	d044ae27	fsw	f4,-740(x9)	  f9:0x00102000  f4:0x00000000 PA:0x00000000
           4542	      2267	00101174	d0b92a27	fsw	f11,-748(x18)	 f18:0x00102000 f11:0x00000058 PA:0x00101d14 store:0x45815798 load:0x442c4615
           4544	      2268	00101178	d1c4a287	flw	f5,-740(x9)	  f9:0x00102000  f5=0x00000000 PA:0x00000000
           4546	      2269	0010117c	d1842307	flw	f6,-744(x8)	  f8:0x00102000  f6=0x00000000 PA:0x00101d18 store:0x00000000
           4548	      2270	00101180	d1842607	flw	f12,-744(x8)	  f8:0x00102000 f12=0x00000000 PA:0x00101d18 store:0x00000000
           4550	      2271	00101184	d1492687	flw	f13,-748(x18)	 f18:0x00102000 f13=0x00000000 PA:0x00101d14 store:0x42b60000
           4552	      2272	00101188	0062f3d3	fadd.s	f7,f5,f6	  f5:0x00000042  f6:0x00000001  f7=0x00000000
           4556	      2274	0010118c	68c0f443	fmadd.s	f8,f1,f12,f13	  f1:0x00000057 f12:0x00000059 f13:0x00000057  f8=0x00000000
           4558	      2275	00101190	d074ae27	fsw	f7,-740(x9)	  f9:0x00102000  f7:0x00000064 PA:0x00000000
           4564	      2278	00101194	d1c4a487	flw	f9,-740(x9)	  f9:0x00102000  f9=0x00000000 PA:0x00101d1c store:0x3f7d1f60
           4566	      2279	00101198	d1842507	flw	f10,-744(x8)	  f8:0x00102000 f10=0x00000000 PA:0x00000000
           4574	      2283	0010119c	d0892a27	fsw	f8,-748(x18)	 f18:0x00102000  f8:0x00102000 PA:0x00101d14 store:0x45842f52 load:0x3f7d1f60
           4576	      2284	001011a0	00a4f853	fadd.s	f16,f9,f10	  f9:0x00102000 f10:0x00000004 f16=0x00000000
           4582	      2287	001011a4	d104ae27	fsw	f16,-740(x9)	  f9:0x00102000 f16:0x0000005a PA:0x00101d1c store:0x442cc4a5 load:0x3f7d1f60
           4586	      2289	001011a8	ee7a14e3	bne	x20,x7,101090	 x20:0x0000005d  x7:0x00000064
           4588	      2290	00101090	d1842a07	flw	f20,-744(x8)	  f8:0x00102000 f20=0x00000000 PA:0x00101d18 store:0x00000000
           4590	      2291	00101094	d00a7ad3	fcvt.s.w	f21,x20	 x20:0x0000005d f21=0x00000000
           4592	      2292	00101098	d1492e07	flw	f28,-748(x18)	 f18:0x00102000 f28=0x00000000 PA:0x00101d14 store:0x42b60000
           4594	      2293	0010109c	001a0093	addi	x1,x20,1	 x20:0x0000005d  x1=0x0000005e
           4596	      2294	001010a0	d1c4ae87	flw	f29,-740(x9)	  f9:0x00102000 f29=0x00000000 PA:0x00101d1c store:0x3f7d1f60
           4598	      2295	001010a4	e14aff43	fmadd.s	f30,f21,f20,f28	 f21:0x00000000 f20:0x0000005d f28:0x00000000 f30=0x00000000
           4600	      2296	001010a8	d1842f87	flw	f31,-744(x8)	  f8:0x00102000 f31=0x00000000 PA:0x00101d18 store:0x00000000
           4602	      2297	001010ac	d000f053	fcvt.s.w	f0,x1	  x1:0x0000005e  f0=0x00000000
           4604	      2298	001010b0	d1842087	flw	f1,-744(x8)	  f8:0x00102000  f1=0x00000000 PA:0x00101d18 store:0x00000000
           4606	      2299	001010b4	01fef153	fadd.s	f2,f29,f31	 f29:0x00000030 f31:0xb4000000  f2=0x00000000
           4608	      2300	001010b8	d1e92a27	fsw	f30,-748(x18)	 f18:0x00102000 f30:0x00020000 PA:0x00101d14 store:0x45870ef5 load:0x45870ef5
           4612	      2302	001010bc	d1492707	flw	f14,-748(x18)	 f18:0x00102000 f14=0x00000000 PA:0x00101d14 store:0x3f7d1f60
           4614	      2303	001010c0	002a0593	addi	x11,x20,2	 x20:0x0000005d x11=0x0000005f
           4616	      2304	001010c4	d005f7d3	fcvt.s.w	f15,x11	 x11:0x0000005f f15=0x00000000
           4618	      2305	001010c8	701071c3	fmadd.s	f3,f0,f1,f14	  f0:0x00000000  f1:0x0000005e f14:0x00000000  f3=0x00000000
           4620	      2306	001010cc	d024ae27	fsw	f2,-740(x9)	  f9:0x00102000  f2:0x00137fa0 PA:0x00000000
           4626	      2309	001010d0	d1c4a207	flw	f4,-740(x9)	  f9:0x00102000  f4=0x00000000 PA:0x00101d1c store:0x45842f52
           4628	      2310	001010d4	d1842587	flw	f11,-744(x8)	  f8:0x00102000 f11=0x00000000 PA:0x00000000
           4636	      2314	001010d8	d1842607	flw	f12,-744(x8)	  f8:0x00102000 f12=0x00000000 PA:0x00101d18 store:0x00000000
           4640	      2316	001010dc	d0392a27	fsw	f3,-748(x18)	 f18:0x00102000  f3:0x00000000 PA:0x00101d14 store:0x4589f681 load:0x3f7d1f60
           4648	      2320	001010e0	d1492287	flw	f5,-748(x18)	 f18:0x00102000  f5=0x00000000 PA:0x00101d14 store:0x3f7d1f60
           4650	      2321	001010e4	00b276d3	fadd.s	f13,f4,f11	  f4:0x00000000 f11:0x0000005f f13=0x00000000
           4654	      2323	001010e8	003a0613	addi	x12,x20,3	 x20:0x0000005d x12=0x00000060
           4656	      2324	001010ec	28c7f343	fmadd.s	f6,f15,f12,f5	 f15:0x0000000b f12:0x00000060  f5:0x0000000b  f6=0x00000000
           4658	      2325	001010f0	d00673d3	fcvt.s.w	f7,x12	 x12:0x00000060  f7=0x00000000
           4660	      2326	001010f4	004a0813	addi	x16,x20,4	 x20:0x0000005d x16=0x00000061
           4662	      2327	001010f8	d0d4ae27	fsw	f13,-740(x9)	  f9:0x00102000 f13:0x0000000d PA:0x00101d1c store:0x442d4335 load:0x4589f681
           4666	      2329	001010fc	d1c4a407	flw	f8,-740(x9)	  f9:0x00102000  f8=0x00000000 PA:0x00101d1c store:0x45842f52
           4668	      2330	00101100	d0692a27	fsw	f6,-748(x18)	 f18:0x00102000  f6:0x00000001 PA:0x00000000
           4676	      2334	00101104	d1842487	flw	f9,-744(x8)	  f8:0x00102000  f9=0x00000000 PA:0x00101d18 store:0x00000000
           4680	      2336	00101108	d1842507	flw	f10,-744(x8)	  f8:0x00102000 f10=0x00000000 PA:0x00101d18 store:0x00000000
           4684	      2338	0010110c	d1492807	flw	f16,-748(x18)	 f18:0x00102000 f16=0x00000000 PA:0x00101d14 store:0x3f7d1f60
           4686	      2339	00101110	009478d3	fadd.s	f17,f8,f9	  f8:0x00102000  f9:0x00102000 f17=0x00000000
           4688	      2340	00101114	d0087953	fcvt.s.w	f18,x16	 x16:0x00000061 f18=0x00000000
           4690	      2341	00101118	80a3f9c3	fmadd.s	f19,f7,f10,f16	  f7:0x00000064 f10:0x00000004 f16:0x00000064 f19=0x00000000
           4694	      2343	0010111c	005a0893	addi	x17,x20,5	 x20:0x0000005d x17=0x00000062
           4696	      2344	00101120	d008fa53	fcvt.s.w	f20,x17	 x17:0x00000062 f20=0x00000000
           4698	      2345	00101124	d114ae27	fsw	f17,-740(x9)	  f9:0x00102000 f17:0x00000062 PA:0x00101d1c store:0x442d827d load:0x458ce5f6
           4702	      2347	00101128	d1c4aa87	flw	f21,-740(x9)	  f9:0x00102000 f21=0x00000000 PA:0x00101d1c store:0x45842f52
           4704	      2348	0010112c	d1392a27	fsw	f19,-748(x18)	 f18:0x00102000 f19:0x0000005c PA:0x00000000
           4712	      2352	00101130	d1842e07	flw	f28,-744(x8)	  f8:0x00102000 f28=0x00000000 PA:0x00101d18 store:0x00000000
           4716	      2354	00101134	d1842e87	flw	f29,-744(x8)	  f8:0x00102000 f29=0x00000000 PA:0x00101d18 store:0x00000000
           4720	      2356	00101138	d1492f07	flw	f30,-748(x18)	 f18:0x00102000 f30=0x00000000 PA:0x00101d14 store:0x42c40000
           4722	      2357	0010113c	01caffd3	fadd.s	f31,f21,f28	 f21:0x00000000 f28:0x00020000 f31=0x00000000
           4726	      2359	00101140	006a0993	addi	x19,x20,6	 x20:0x0000005d x19=0x00000063
           4728	      2360	00101144	f1d97043	fmadd.s	f0,f18,f29,f30	 f18:0x00102000 f29:0x00000030 f30:0x00102000  f0=0x00000000
           4730	      2361	00101148	d009f0d3	fcvt.s.w	f1,x19	 x19:0x00000063  f1=0x00000000
           4732	      2362	0010114c	007a0a13	addi	x20,x20,7	 x20:0x0000005d x20=0x00000064
           4734	      2363	00101150	d1f4ae27	fsw	f31,-740(x9)	  f9:0x00102000 f31:0xb4000000 PA:0x00101d1c store:0x442dc1c5 load:0x458fdd54
           4738	      2365	00101154	d1c4a107	flw	f2,-740(x9)	  f9:0x00102000  f2=0x00000000 PA:0x00101d1c store:0x3f7d1f60
           4740	      2366	00101158	d0092a27	fsw	f0,-748(x18)	 f18:0x00102000  f0:0x00000000 PA:0x00000000
           4748	      2370	0010115c	d1842707	flw	f14,-744(x8)	  f8:0x00102000 f14=0x00000000 PA:0x00101d18 store:0x00000000
           4752	      2372	00101160	d1842787	flw	f15,-744(x8)	  f8:0x00102000 f15=0x00000000 PA:0x00101d18 store:0x00000000
           4756	      2374	00101164	d1492187	flw	f3,-748(x18)	 f18:0x00102000  f3=0x00000000 PA:0x00101d14 store:0x42c40000
           4758	      2375	00101168	00e17253	fadd.s	f4,f2,f14	  f2:0x00137fa0 f14:0x00000009  f4=0x00000000
           4762	      2377	0010116c	18fa75c3	fmadd.s	f11,f20,f15,f3	 f20:0x00000064 f15:0x0000000b  f3:0x00000000 f11=0x00000000
           4764	      2378	00101170	d044ae27	fsw	f4,-740(x9)	  f9:0x00102000  f4:0x00000000 PA:0x00000000
           4768	      2380	00101174	d0b92a27	fsw	f11,-748(x18)	 f18:0x00102000 f11:0x0000005f PA:0x00101d14 store:0x4595e3cb load:0x442e010d
           4770	      2381	00101178	d1c4a287	flw	f5,-740(x9)	  f9:0x00102000  f5=0x00000000 PA:0x00000000
           4772	      2382	0010117c	d1842307	flw	f6,-744(x8)	  f8:0x00102000  f6=0x00000000 PA:0x00101d18 store:0x00000000
           4774	      2383	00101180	d1842607	flw	f12,-744(x8)	  f8:0x00102000 f12=0x00000000 PA:0x00101d18 store:0x00000000
           4776	      2384	00101184	d1492687	flw	f13,-748(x18)	 f18:0x00102000 f13=0x00000000 PA:0x00101d14 store:0x42c40000
           4778	      2385	00101188	0062f3d3	fadd.s	f7,f5,f6	  f5:0x00000042  f6:0x00000001  f7=0x00000000
           4782	      2387	0010118c	68c0f443	fmadd.s	f8,f1,f12,f13	  f1:0x0000005e f12:0x00000060 f13:0x0000005e  f8=0x00000000
           4784	      2388	00101190	d074ae27	fsw	f7,-740(x9)	  f9:0x00102000  f7:0x00000064 PA:0x00000000
           4790	      2391	00101194	d1c4a487	flw	f9,-740(x9)	  f9:0x00102000  f9=0x00000000 PA:0x00101d1c store:0x3f7d1f60
           4792	      2392	00101198	d1842507	flw	f10,-744(x8)	  f8:0x00102000 f10=0x00000000 PA:0x00000000
           4800	      2396	0010119c	d0892a27	fsw	f8,-748(x18)	 f18:0x00102000  f8:0x00102000 PA:0x00101d14 store:0x4598f2e4 load:0x3f7d1f60
           4802	      2397	001011a0	00a4f853	fadd.s	f16,f9,f10	  f9:0x00102000 f10:0x00000004 f16=0x00000000
           4808	      2400	001011a4	d104ae27	fsw	f16,-740(x9)	  f9:0x00102000 f16:0x00000061 PA:0x00101d1c store:0x442e7f9d load:0x442e7f9d
           4814	      2403	001011a8	ee7a14e3	bne	x20,x7,101090	 x20:0x00000064  x7:0x00000064
           4816	      2404	001011ac	d1c4a887	flw	f17,-740(x9)	  f9:0x00102000 f17=0x00000000 PA:0x00000000
           4820	      2406	001011b0	00102ab7	lui	x21,0x102	 x21=0x00102000
           4822	      2407	001011b4	00102a37	lui	x20,0x102	 x20=0x00102000
           4824	      2408	001011b8	9d8a8513	addi	x10,x21,-1576	 x21:0x00102000 x10=0x001019d8
           4826	      2409	001011bc	e0088b53	fmv.x.w	x22,f17	 f17:0x00000062 x22=0x442e7f9d
           4828	      2410	001011c0	cf6a2c23	sw	x22,-776(x20)	 x20:0x00102000 x22:0x442e7f9d PA:0x00101cf8 store:0x442e7f9d load:0x442e7f9d
           4830	      2411	001011c4	eddfe0ef	jal	x1,1000a0	  x1=0x001011c8
           4832	      2412	001000a0	00054803	lbu	x16,0(x10)	 x10:0x001019d8 x16=0x0000000a PA:0x001019d8 store:0x00000000
           4834	      2413	001000a4	06080663	beq	x16,x0,100110	 x16:0x0000000a  x0:0x00000000
           4836	      2414	001000a8	000207b7	lui	x15,0x20	 x15=0x00020000
           4838	      2415	001000ac	0107a023	sw	x16,0(x15)	 x15:0x00020000 x16:0x0000000a PA:0x00020000 store:0x0000000a load:0x00000000
           4842	      2417	001000b0	00154703	lbu	x14,1(x10)	 x10:0x001019d8 x14=0x0000000a PA:0x001019d9 store:0x001011c8
           4844	      2418	001000b4	04070e63	beq	x14,x0,100110	 x14:0x0000000a  x0:0x00000000
           4848	      2420	001000b8	00e7a023	sw	x14,0(x15)	 x15:0x00020000 x14:0x0000000a PA:0x00020000 store:0x0000000a load:0x00000000
           4852	      2422	001000bc	00254283	lbu	x5,2(x10)	 x10:0x001019d8  x5=0x00000031 PA:0x001019da store:0x00137fa0
           4854	      2423	001000c0	04028863	beq	x5,x0,100110	  x5:0x00000031  x0:0x00000000
           4858	      2425	001000c4	0057a023	sw	x5,0(x15)	 x15:0x00020000  x5:0x00000031 PA:0x00020000 store:0x00000031 load:0x00000000
           4862	      2427	001000c8	00354303	lbu	x6,3(x10)	 x10:0x001019d8  x6=0x00000030 PA:0x001019db store:0x00000000
           4864	      2428	001000cc	04030263	beq	x6,x0,100110	  x6:0x00000030  x0:0x00000000
           4868	      2430	001000d0	0067a023	sw	x6,0(x15)	 x15:0x00020000  x6:0x00000030 PA:0x00020000 store:0x00000030 load:0x00000000
           4872	      2432	001000d4	00454383	lbu	x7,4(x10)	 x10:0x001019d8  x7=0x00000030 PA:0x001019dc store:0x00000000
           4874	      2433	001000d8	02038c63	beq	x7,x0,100110	  x7:0x00000030  x0:0x00000000
           4878	      2435	001000dc	0077a023	sw	x7,0(x15)	 x15:0x00020000  x7:0x00000030 PA:0x00020000 store:0x00000030 load:0x00000000
           4882	      2437	001000e0	00554583	lbu	x11,5(x10)	 x10:0x001019d8 x11=0x00000020 PA:0x001019dd store:0x00000031
           4884	      2438	001000e4	02058663	beq	x11,x0,100110	 x11:0x00000020  x0:0x00000000
           4888	      2440	001000e8	00b7a023	sw	x11,0(x15)	 x15:0x00020000 x11:0x00000020 PA:0x00020000 store:0x00000020 load:0x00000000
           4892	      2442	001000ec	00654603	lbu	x12,6(x10)	 x10:0x001019d8 x12=0x00000046 PA:0x001019de store:0x00000030
           4894	      2443	001000f0	02060063	beq	x12,x0,100110	 x12:0x00000046  x0:0x00000000
           4898	      2445	001000f4	00c7a023	sw	x12,0(x15)	 x15:0x00020000 x12:0x00000046 PA:0x00020000 store:0x00000046 load:0x00000000
           4902	      2447	001000f8	00754683	lbu	x13,7(x10)	 x10:0x001019d8 x13=0x0000004d PA:0x001019df store:0x00000030
           4904	      2448	001000fc	00850513	addi	x10,x10,8	 x10:0x001019d8 x10=0x001019e0
           4906	      2449	00100100	00068863	beq	x13,x0,100110	 x13:0x0000004d  x0:0x00000000
           4910	      2451	00100104	00d7a023	sw	x13,0(x15)	 x15:0x00020000 x13:0x0000004d PA:0x00020000 store:0x0000004d load:0x00000000
           4914	      2453	00100108	00054803	lbu	x16,0(x10)	 x10:0x001019e0 x16=0x00000041 PA:0x001019e0 store:0x00000000
           4918	      2455	0010010c	fa0810e3	bne	x16,x0,1000ac	 x16:0x00000041  x0:0x00000000
           4924	      2458	001000ac	0107a023	sw	x16,0(x15)	 x15:0x00020000 x16:0x00000041 PA:0x00020000 store:0x00000041 load:0x00000000
           4928	      2460	001000b0	00154703	lbu	x14,1(x10)	 x10:0x001019e0 x14=0x00000044 PA:0x001019e1 store:0x001011c8
           4930	      2461	001000b4	04070e63	beq	x14,x0,100110	 x14:0x00000044  x0:0x00000000
           4934	      2463	001000b8	00e7a023	sw	x14,0(x15)	 x15:0x00020000 x14:0x00000044 PA:0x00020000 store:0x00000044 load:0x00000000
           4938	      2465	001000bc	00254283	lbu	x5,2(x10)	 x10:0x001019e0  x5=0x00000044 PA:0x001019e2 store:0x00137fa0
           4940	      2466	001000c0	04028863	beq	x5,x0,100110	  x5:0x00000044  x0:0x00000000
           4944	      2468	001000c4	0057a023	sw	x5,0(x15)	 x15:0x00020000  x5:0x00000044 PA:0x00020000 store:0x00000044 load:0x00000000
           4948	      2470	001000c8	00354303	lbu	x6,3(x10)	 x10:0x001019e0  x6=0x00000073 PA:0x001019e3 store:0x00000000
           4950	      2471	001000cc	04030263	beq	x6,x0,100110	  x6:0x00000073  x0:0x00000000
           4954	      2473	001000d0	0067a023	sw	x6,0(x15)	 x15:0x00020000  x6:0x00000073 PA:0x00020000 store:0x00000073 load:0x00000000
           4958	      2475	001000d4	00454383	lbu	x7,4(x10)	 x10:0x001019e0  x7=0x00000020 PA:0x001019e4 store:0x00000000
           4960	      2476	001000d8	02038c63	beq	x7,x0,100110	  x7:0x00000020  x0:0x00000000
           4964	      2478	001000dc	0077a023	sw	x7,0(x15)	 x15:0x00020000  x7:0x00000020 PA:0x00020000 store:0x00000020 load:0x00000000
           4968	      2480	001000e0	00554583	lbu	x11,5(x10)	 x10:0x001019e0 x11=0x00000072 PA:0x001019e5 store:0x00000044
           4970	      2481	001000e4	02058663	beq	x11,x0,100110	 x11:0x00000072  x0:0x00000000
           4974	      2483	001000e8	00b7a023	sw	x11,0(x15)	 x15:0x00020000 x11:0x00000072 PA:0x00020000 store:0x00000072 load:0x00000000
           4978	      2485	001000ec	00654603	lbu	x12,6(x10)	 x10:0x001019e0 x12=0x00000065 PA:0x001019e6 store:0x00000073
           4980	      2486	001000f0	02060063	beq	x12,x0,100110	 x12:0x00000065  x0:0x00000000
           4984	      2488	001000f4	00c7a023	sw	x12,0(x15)	 x15:0x00020000 x12:0x00000065 PA:0x00020000 store:0x00000065 load:0x00000000
           4988	      2490	001000f8	00754683	lbu	x13,7(x10)	 x10:0x001019e0 x13=0x00000073 PA:0x001019e7 store:0x00000020
           4990	      2491	001000fc	00850513	addi	x10,x10,8	 x10:0x001019e0 x10=0x001019e8
           4992	      2492	00100100	00068863	beq	x13,x0,100110	 x13:0x00000073  x0:0x00000000
           4996	      2494	00100104	00d7a023	sw	x13,0(x15)	 x15:0x00020000 x13:0x00000073 PA:0x00020000 store:0x00000073 load:0x00000000
           5000	      2496	00100108	00054803	lbu	x16,0(x10)	 x10:0x001019e8 x16=0x00000075 PA:0x001019e8 store:0x00000000
           5004	      2498	0010010c	fa0810e3	bne	x16,x0,1000ac	 x16:0x00000075  x0:0x00000000
           5010	      2501	001000ac	0107a023	sw	x16,0(x15)	 x15:0x00020000 x16:0x00000075 PA:0x00020000 store:0x00000075 load:0x00000000
           5014	      2503	001000b0	00154703	lbu	x14,1(x10)	 x10:0x001019e8 x14=0x0000006c PA:0x001019e9 store:0x001011c8
           5016	      2504	001000b4	04070e63	beq	x14,x0,100110	 x14:0x0000006c  x0:0x00000000
           5020	      2506	001000b8	00e7a023	sw	x14,0(x15)	 x15:0x00020000 x14:0x0000006c PA:0x00020000 store:0x0000006c load:0x00000000
           5024	      2508	001000bc	00254283	lbu	x5,2(x10)	 x10:0x001019e8  x5=0x00000074 PA:0x001019ea store:0x00137fa0
           5026	      2509	001000c0	04028863	beq	x5,x0,100110	  x5:0x00000074  x0:0x00000000
           5030	      2511	001000c4	0057a023	sw	x5,0(x15)	 x15:0x00020000  x5:0x00000074 PA:0x00020000 store:0x00000074 load:0x00000000
           5034	      2513	001000c8	00354303	lbu	x6,3(x10)	 x10:0x001019e8  x6=0x00000020 PA:0x001019eb store:0x00000000
           5036	      2514	001000cc	04030263	beq	x6,x0,100110	  x6:0x00000020  x0:0x00000000
           5040	      2516	001000d0	0067a023	sw	x6,0(x15)	 x15:0x00020000  x6:0x00000020 PA:0x00020000 store:0x00000020 load:0x00000000
           5044	      2518	001000d4	00454383	lbu	x7,4(x10)	 x10:0x001019e8  x7=0x00000069 PA:0x001019ec store:0x00000000
           5046	      2519	001000d8	02038c63	beq	x7,x0,100110	  x7:0x00000069  x0:0x00000000
           5050	      2521	001000dc	0077a023	sw	x7,0(x15)	 x15:0x00020000  x7:0x00000069 PA:0x00020000 store:0x00000069 load:0x00000000
           5054	      2523	001000e0	00554583	lbu	x11,5(x10)	 x10:0x001019e8 x11=0x0000006e PA:0x001019ed store:0x00000074
           5056	      2524	001000e4	02058663	beq	x11,x0,100110	 x11:0x0000006e  x0:0x00000000
           5060	      2526	001000e8	00b7a023	sw	x11,0(x15)	 x15:0x00020000 x11:0x0000006e PA:0x00020000 store:0x0000006e load:0x00000000
           5064	      2528	001000ec	00654603	lbu	x12,6(x10)	 x10:0x001019e8 x12=0x0000003a PA:0x001019ee store:0x00000020
           5066	      2529	001000f0	02060063	beq	x12,x0,100110	 x12:0x0000003a  x0:0x00000000
           5070	      2531	001000f4	00c7a023	sw	x12,0(x15)	 x15:0x00020000 x12:0x0000003a PA:0x00020000 store:0x0000003a load:0x00000000
           5074	      2533	001000f8	00754683	lbu	x13,7(x10)	 x10:0x001019e8 x13=0x00000020 PA:0x001019ef store:0x00000069
           5076	      2534	001000fc	00850513	addi	x10,x10,8	 x10:0x001019e8 x10=0x001019f0
           5078	      2535	00100100	00068863	beq	x13,x0,100110	 x13:0x00000020  x0:0x00000000
           5082	      2537	00100104	00d7a023	sw	x13,0(x15)	 x15:0x00020000 x13:0x00000020 PA:0x00020000 store:0x00000020 load:0x00000000
           5086	      2539	00100108	00054803	lbu	x16,0(x10)	 x10:0x001019f0 x16=0x00000000 PA:0x001019f0 store:0x00000000
           5088	      2540	0010010c	fa0810e3	bne	x16,x0,1000ac	 x16:0x00000000  x0:0x00000000
           5090	      2541	00100110	00000513	addi	x10,x0,0	  x0:0x00000000 x10=0x00000000
           5094	      2543	00100114	00008067	jalr	x0,0(x1)	  x1:0x001011c8  x0=0x00000000
           5098	      2545	001011c8	cf8a2503	lw	x10,-776(x20)	 x20:0x00102000 x10=0x442e7f9d PA:0x00101cf8 store:0x00000000
           5100	      2546	001011cc	00102c37	lui	x24,0x102	 x24=0x00102000
           5102	      2547	001011d0	001029b7	lui	x19,0x102	 x19=0x00102000
           5106	      2549	001011d4	f4dfe0ef	jal	x1,100120	  x1=0x001011d8
           5108	      2550	00100120	01c55793	srli	x15,x10,0x1c	 x10:0x442e7f9d x15=0x00000004
           5110	      2551	00100124	00900713	addi	x14,x0,9	  x0:0x00000000 x14=0x00000009
           5114	      2553	00100128	0cf77a63	bgeu	x14,x15,1001fc	 x14:0x00000009 x15:0x00000004
           5118	      2555	001001fc	03078393	addi	x7,x15,48	 x15:0x00000004  x7=0x00000034
           5120	      2556	00100200	000205b7	lui	x11,0x20	 x11=0x00020000
           5122	      2557	00100204	00451613	slli	x12,x10,0x4	 x10:0x442e7f9d x12=0x42e7f9d0
           5126	      2559	00100208	0075a023	sw	x7,0(x11)	 x11:0x00020000  x7:0x00000034 PA:0x00020000 store:0x00000034 load:0x00000000
           5128	      2560	0010020c	01c65693	srli	x13,x12,0x1c	 x12:0x42e7f9d0 x13=0x00000004
           5130	      2561	00100210	00900813	addi	x16,x0,9	  x0:0x00000000 x16=0x00000009
           5132	      2562	00100214	f2d86ae3	bltu	x16,x13,100148	 x16:0x00000009 x13:0x00000004
           5134	      2563	00100218	03068e93	addi	x29,x13,48	 x13:0x00000004 x29=0x00000034
           5136	      2564	0010021c	00020f37	lui	x30,0x20	 x30=0x00020000
           5138	      2565	00100220	00851f93	slli	x31,x10,0x8	 x10:0x442e7f9d x31=0x2e7f9d00
           5142	      2567	00100224	01df2023	sw	x29,0(x30)	 x30:0x00020000 x29:0x00000034 PA:0x00020000 store:0x00000034 load:0x00000000
           5144	      2568	00100228	01cfd793	srli	x15,x31,0x1c	 x31:0x2e7f9d00 x15=0x00000002
           5146	      2569	0010022c	00900713	addi	x14,x0,9	  x0:0x00000000 x14=0x00000009
           5148	      2570	00100230	f2f76ae3	bltu	x14,x15,100164	 x14:0x00000009 x15:0x00000002
           5150	      2571	00100234	03078393	addi	x7,x15,48	 x15:0x00000002  x7=0x00000032
           5152	      2572	00100238	000205b7	lui	x11,0x20	 x11=0x00020000
           5154	      2573	0010023c	00c51613	slli	x12,x10,0xc	 x10:0x442e7f9d x12=0xe7f9d000
           5158	      2575	00100240	0075a023	sw	x7,0(x11)	 x11:0x00020000  x7:0x00000032 PA:0x00020000 store:0x00000032 load:0x00000000
           5160	      2576	00100244	01c65693	srli	x13,x12,0x1c	 x12:0xe7f9d000 x13=0x0000000e
           5162	      2577	00100248	00900813	addi	x16,x0,9	  x0:0x00000000 x16=0x00000009
           5166	      2579	0010024c	f2d86ae3	bltu	x16,x13,100180	 x16:0x00000009 x13:0x0000000e
           5170	      2581	00100180	03768893	addi	x17,x13,55	 x13:0x0000000e x17=0x00000045
           5172	      2582	00100184	00020e37	lui	x28,0x20	 x28=0x00020000
           5174	      2583	00100188	01051f93	slli	x31,x10,0x10	 x10:0x442e7f9d x31=0x7f9d0000
           5178	      2585	0010018c	011e2023	sw	x17,0(x28)	 x28:0x00020000 x17:0x00000045 PA:0x00020000 store:0x00000045 load:0x00000000
           5180	      2586	00100190	01cfd793	srli	x15,x31,0x1c	 x31:0x7f9d0000 x15=0x00000007
           5182	      2587	00100194	00900713	addi	x14,x0,9	  x0:0x00000000 x14=0x00000009
           5186	      2589	00100198	0cf77a63	bgeu	x14,x15,10026c	 x14:0x00000009 x15:0x00000007
           5190	      2591	0010026c	03078393	addi	x7,x15,48	 x15:0x00000007  x7=0x00000037
           5192	      2592	00100270	000205b7	lui	x11,0x20	 x11=0x00020000
           5194	      2593	00100274	01451613	slli	x12,x10,0x14	 x10:0x442e7f9d x12=0xf9d00000
           5198	      2595	00100278	0075a023	sw	x7,0(x11)	 x11:0x00020000  x7:0x00000037 PA:0x00020000 store:0x00000037 load:0x00000000
           5200	      2596	0010027c	01c65693	srli	x13,x12,0x1c	 x12:0xf9d00000 x13=0x0000000f
           5202	      2597	00100280	00900813	addi	x16,x0,9	  x0:0x00000000 x16=0x00000009
           5206	      2599	00100284	f2d86ae3	bltu	x16,x13,1001b8	 x16:0x00000009 x13:0x0000000f
           5210	      2601	001001b8	03768893	addi	x17,x13,55	 x13:0x0000000f x17=0x00000046
           5212	      2602	001001bc	00020e37	lui	x28,0x20	 x28=0x00020000
           5214	      2603	001001c0	01851f93	slli	x31,x10,0x18	 x10:0x442e7f9d x31=0x9d000000
           5218	      2605	001001c4	011e2023	sw	x17,0(x28)	 x28:0x00020000 x17:0x00000046 PA:0x00020000 store:0x00000046 load:0x00000000
           5220	      2606	001001c8	01cfd793	srli	x15,x31,0x1c	 x31:0x9d000000 x15=0x00000009
           5222	      2607	001001cc	00900713	addi	x14,x0,9	  x0:0x00000000 x14=0x00000009
           5226	      2609	001001d0	0cf77a63	bgeu	x14,x15,1002a4	 x14:0x00000009 x15:0x00000009
           5230	      2611	001002a4	03078393	addi	x7,x15,48	 x15:0x00000009  x7=0x00000039
           5232	      2612	001002a8	000205b7	lui	x11,0x20	 x11=0x00020000
           5236	      2614	001002ac	0075a023	sw	x7,0(x11)	 x11:0x00020000  x7:0x00000039 PA:0x00020000 store:0x00000039 load:0x00000000
           5238	      2615	001002b0	00f57513	andi	x10,x10,15	 x10:0x442e7f9d x10=0x0000000d
           5240	      2616	001002b4	00900613	addi	x12,x0,9	  x0:0x00000000 x12=0x00000009
           5242	      2617	001002b8	f2a67ae3	bgeu	x12,x10,1001ec	 x12:0x00000009 x10:0x0000000d
           5244	      2618	001002bc	03750693	addi	x13,x10,55	 x10:0x0000000d x13=0x00000044
           5246	      2619	001002c0	00020837	lui	x16,0x20	 x16=0x00020000
           5250	      2621	001002c4	00d82023	sw	x13,0(x16)	 x16:0x00020000 x13:0x00000044 PA:0x00020000 store:0x00000044 load:0x00000000
           5264	      2628	001002c8	00008067	jalr	x0,0(x1)	  x1:0x001011d8  x0=0x00000000
           5266	      2629	001011d8	d20ca907	flw	f18,-736(x25)	 f25:0x00102000 f18=0x00000000 PA:0x00101d20 store:0x4592dc9b
           5272	      2632	001011dc	9f4c0513	addi	x10,x24,-1548	 x24:0x00102000 x10=0x001019f4
           5274	      2633	001011e0	00102ab7	lui	x21,0x102	 x21=0x00102000
           5276	      2634	001011e4	d129a427	fsw	f18,-760(x19)	 f19:0x00102000 f18:0x00102000 PA:0x00101d08 store:0x43edefdf load:0x43edefdf
           5278	      2635	001011e8	00000c13	addi	x24,x0,0	  x0:0x00000000 x24=0x00000000
           5280	      2636	001011ec	eb5fe0ef	jal	x1,1000a0	  x1=0x001011f0
           5282	      2637	001000a0	00054803	lbu	x16,0(x10)	 x10:0x001019f4 x16=0x0000000a PA:0x001019f4 store:0x00000000
           5284	      2638	001000a4	06080663	beq	x16,x0,100110	 x16:0x0000000a  x0:0x00000000
           5286	      2639	001000a8	000207b7	lui	x15,0x20	 x15=0x00020000
           5288	      2640	001000ac	0107a023	sw	x16,0(x15)	 x15:0x00020000 x16:0x0000000a PA:0x00020000 store:0x0000000a load:0x00000000
           5290	      2641	001000b0	00154703	lbu	x14,1(x10)	 x10:0x001019f4 x14=0x0000000a PA:0x001019f5 store:0x001011f0
           5292	      2642	001000b4	04070e63	beq	x14,x0,100110	 x14:0x0000000a  x0:0x00000000
           5294	      2643	001000b8	00e7a023	sw	x14,0(x15)	 x15:0x00020000 x14:0x0000000a PA:0x00020000 store:0x0000000a load:0x00000000
           5298	      2645	001000bc	00254283	lbu	x5,2(x10)	 x10:0x001019f4  x5=0x00000050 PA:0x001019f6 store:0x00137fa0
           5300	      2646	001000c0	04028863	beq	x5,x0,100110	  x5:0x00000050  x0:0x00000000
           5304	      2648	001000c4	0057a023	sw	x5,0(x15)	 x15:0x00020000  x5:0x00000050 PA:0x00020000 store:0x00000050 load:0x00000000
           5308	      2650	001000c8	00354303	lbu	x6,3(x10)	 x10:0x001019f4  x6=0x00000065 PA:0x001019f7 store:0x00000000
           5310	      2651	001000cc	04030263	beq	x6,x0,100110	  x6:0x00000065  x0:0x00000000
           5314	      2653	001000d0	0067a023	sw	x6,0(x15)	 x15:0x00020000  x6:0x00000065 PA:0x00020000 store:0x00000065 load:0x00000000
           5318	      2655	001000d4	00454383	lbu	x7,4(x10)	 x10:0x001019f4  x7=0x00000072 PA:0x001019f8 store:0x00000000
           5320	      2656	001000d8	02038c63	beq	x7,x0,100110	  x7:0x00000072  x0:0x00000000
           5324	      2658	001000dc	0077a023	sw	x7,0(x15)	 x15:0x00020000  x7:0x00000072 PA:0x00020000 store:0x00000072 load:0x00000000
           5328	      2660	001000e0	00554583	lbu	x11,5(x10)	 x10:0x001019f4 x11=0x00000066 PA:0x001019f9 store:0x00000050
           5330	      2661	001000e4	02058663	beq	x11,x0,100110	 x11:0x00000066  x0:0x00000000
           5334	      2663	001000e8	00b7a023	sw	x11,0(x15)	 x15:0x00020000 x11:0x00000066 PA:0x00020000 store:0x00000066 load:0x00000000
           5338	      2665	001000ec	00654603	lbu	x12,6(x10)	 x10:0x001019f4 x12=0x0000006f PA:0x001019fa store:0x00000065
           5340	      2666	001000f0	02060063	beq	x12,x0,100110	 x12:0x0000006f  x0:0x00000000
           5344	      2668	001000f4	00c7a023	sw	x12,0(x15)	 x15:0x00020000 x12:0x0000006f PA:0x00020000 store:0x0000006f load:0x00000000
           5348	      2670	001000f8	00754683	lbu	x13,7(x10)	 x10:0x001019f4 x13=0x00000072 PA:0x001019fb store:0x00000072
           5350	      2671	001000fc	00850513	addi	x10,x10,8	 x10:0x001019f4 x10=0x001019fc
           5352	      2672	00100100	00068863	beq	x13,x0,100110	 x13:0x00000072  x0:0x00000000
           5356	      2674	00100104	00d7a023	sw	x13,0(x15)	 x15:0x00020000 x13:0x00000072 PA:0x00020000 store:0x00000072 load:0x00000000
           5360	      2676	00100108	00054803	lbu	x16,0(x10)	 x10:0x001019fc x16=0x0000006d PA:0x001019fc store:0x00000000
           5364	      2678	0010010c	fa0810e3	bne	x16,x0,1000ac	 x16:0x0000006d  x0:0x00000000
           5370	      2681	001000ac	0107a023	sw	x16,0(x15)	 x15:0x00020000 x16:0x0000006d PA:0x00020000 store:0x0000006d load:0x00000000
           5374	      2683	001000b0	00154703	lbu	x14,1(x10)	 x10:0x001019fc x14=0x00000069 PA:0x001019fd store:0x001011f0
           5376	      2684	001000b4	04070e63	beq	x14,x0,100110	 x14:0x00000069  x0:0x00000000
           5380	      2686	001000b8	00e7a023	sw	x14,0(x15)	 x15:0x00020000 x14:0x00000069 PA:0x00020000 store:0x00000069 load:0x00000000
           5384	      2688	001000bc	00254283	lbu	x5,2(x10)	 x10:0x001019fc  x5=0x0000006e PA:0x001019fe store:0x00137fa0
           5386	      2689	001000c0	04028863	beq	x5,x0,100110	  x5:0x0000006e  x0:0x00000000
           5390	      2691	001000c4	0057a023	sw	x5,0(x15)	 x15:0x00020000  x5:0x0000006e PA:0x00020000 store:0x0000006e load:0x00000000
           5394	      2693	001000c8	00354303	lbu	x6,3(x10)	 x10:0x001019fc  x6=0x00000067 PA:0x001019ff store:0x00000000
           5396	      2694	001000cc	04030263	beq	x6,x0,100110	  x6:0x00000067  x0:0x00000000
           5400	      2696	001000d0	0067a023	sw	x6,0(x15)	 x15:0x00020000  x6:0x00000067 PA:0x00020000 store:0x00000067 load:0x00000000
           5404	      2698	001000d4	00454383	lbu	x7,4(x10)	 x10:0x001019fc  x7=0x00000020 PA:0x00101a00 store:0x00000000
           5406	      2699	001000d8	02038c63	beq	x7,x0,100110	  x7:0x00000020  x0:0x00000000
           5410	      2701	001000dc	0077a023	sw	x7,0(x15)	 x15:0x00020000  x7:0x00000020 PA:0x00020000 store:0x00000020 load:0x00000000
           5414	      2703	001000e0	00554583	lbu	x11,5(x10)	 x10:0x001019fc x11=0x00000032 PA:0x00101a01 store:0x0000006e
           5416	      2704	001000e4	02058663	beq	x11,x0,100110	 x11:0x00000032  x0:0x00000000
           5420	      2706	001000e8	00b7a023	sw	x11,0(x15)	 x15:0x00020000 x11:0x00000032 PA:0x00020000 store:0x00000032 load:0x00000000
           5424	      2708	001000ec	00654603	lbu	x12,6(x10)	 x10:0x001019fc x12=0x00000030 PA:0x00101a02 store:0x00000067
           5426	      2709	001000f0	02060063	beq	x12,x0,100110	 x12:0x00000030  x0:0x00000000
           5430	      2711	001000f4	00c7a023	sw	x12,0(x15)	 x15:0x00020000 x12:0x00000030 PA:0x00020000 store:0x00000030 load:0x00000000
           5434	      2713	001000f8	00754683	lbu	x13,7(x10)	 x10:0x001019fc x13=0x00000020 PA:0x00101a03 store:0x00000020
           5436	      2714	001000fc	00850513	addi	x10,x10,8	 x10:0x001019fc x10=0x00101a04
           5438	      2715	00100100	00068863	beq	x13,x0,100110	 x13:0x00000020  x0:0x00000000
           5442	      2717	00100104	00d7a023	sw	x13,0(x15)	 x15:0x00020000 x13:0x00000020 PA:0x00020000 store:0x00000020 load:0x00000000
           5446	      2719	00100108	00054803	lbu	x16,0(x10)	 x10:0x00101a04 x16=0x00000064 PA:0x00101a04 store:0x00000000
           5450	      2721	0010010c	fa0810e3	bne	x16,x0,1000ac	 x16:0x00000064  x0:0x00000000
           5456	      2724	001000ac	0107a023	sw	x16,0(x15)	 x15:0x00020000 x16:0x00000064 PA:0x00020000 store:0x00000064 load:0x00000000
           5460	      2726	001000b0	00154703	lbu	x14,1(x10)	 x10:0x00101a04 x14=0x00000069 PA:0x00101a05 store:0x001011f0
           5462	      2727	001000b4	04070e63	beq	x14,x0,100110	 x14:0x00000069  x0:0x00000000
           5466	      2729	001000b8	00e7a023	sw	x14,0(x15)	 x15:0x00020000 x14:0x00000069 PA:0x00020000 store:0x00000069 load:0x00000000
           5470	      2731	001000bc	00254283	lbu	x5,2(x10)	 x10:0x00101a04  x5=0x00000076 PA:0x00101a06 store:0x00137fa0
           5472	      2732	001000c0	04028863	beq	x5,x0,100110	  x5:0x00000076  x0:0x00000000
           5476	      2734	001000c4	0057a023	sw	x5,0(x15)	 x15:0x00020000  x5:0x00000076 PA:0x00020000 store:0x00000076 load:0x00000000
           5480	      2736	001000c8	00354303	lbu	x6,3(x10)	 x10:0x00101a04  x6=0x00000069 PA:0x00101a07 store:0x00000000
           5482	      2737	001000cc	04030263	beq	x6,x0,100110	  x6:0x00000069  x0:0x00000000
           5486	      2739	001000d0	0067a023	sw	x6,0(x15)	 x15:0x00020000  x6:0x00000069 PA:0x00020000 store:0x00000069 load:0x00000000
           5490	      2741	001000d4	00454383	lbu	x7,4(x10)	 x10:0x00101a04  x7=0x00000073 PA:0x00101a08 store:0x00000000
           5492	      2742	001000d8	02038c63	beq	x7,x0,100110	  x7:0x00000073  x0:0x00000000
           5496	      2744	001000dc	0077a023	sw	x7,0(x15)	 x15:0x00020000  x7:0x00000073 PA:0x00020000 store:0x00000073 load:0x00000000
           5500	      2746	001000e0	00554583	lbu	x11,5(x10)	 x10:0x00101a04 x11=0x00000069 PA:0x00101a09 store:0x00000076
           5502	      2747	001000e4	02058663	beq	x11,x0,100110	 x11:0x00000069  x0:0x00000000
           5506	      2749	001000e8	00b7a023	sw	x11,0(x15)	 x15:0x00020000 x11:0x00000069 PA:0x00020000 store:0x00000069 load:0x00000000
           5510	      2751	001000ec	00654603	lbu	x12,6(x10)	 x10:0x00101a04 x12=0x0000006f PA:0x00101a0a store:0x00000069
           5512	      2752	001000f0	02060063	beq	x12,x0,100110	 x12:0x0000006f  x0:0x00000000
           5516	      2754	001000f4	00c7a023	sw	x12,0(x15)	 x15:0x00020000 x12:0x0000006f PA:0x00020000 store:0x0000006f load:0x00000000
           5520	      2756	001000f8	00754683	lbu	x13,7(x10)	 x10:0x00101a04 x13=0x0000006e PA:0x00101a0b store:0x00000073
           5522	      2757	001000fc	00850513	addi	x10,x10,8	 x10:0x00101a04 x10=0x00101a0c
           5524	      2758	00100100	00068863	beq	x13,x0,100110	 x13:0x0000006e  x0:0x00000000
           5528	      2760	00100104	00d7a023	sw	x13,0(x15)	 x15:0x00020000 x13:0x0000006e PA:0x00020000 store:0x0000006e load:0x00000000
           5532	      2762	00100108	00054803	lbu	x16,0(x10)	 x10:0x00101a0c x16=0x00000073 PA:0x00101a0c store:0x00000000
           5536	      2764	0010010c	fa0810e3	bne	x16,x0,1000ac	 x16:0x00000073  x0:0x00000000
           5542	      2767	001000ac	0107a023	sw	x16,0(x15)	 x15:0x00020000 x16:0x00000073 PA:0x00020000 store:0x00000073 load:0x00000000
           5546	      2769	001000b0	00154703	lbu	x14,1(x10)	 x10:0x00101a0c x14=0x0000003a PA:0x00101a0d store:0x001011f0
           5548	      2770	001000b4	04070e63	beq	x14,x0,100110	 x14:0x0000003a  x0:0x00000000
           5552	      2772	001000b8	00e7a023	sw	x14,0(x15)	 x15:0x00020000 x14:0x0000003a PA:0x00020000 store:0x0000003a load:0x00000000
           5556	      2774	001000bc	00254283	lbu	x5,2(x10)	 x10:0x00101a0c  x5=0x00000000 PA:0x00101a0e store:0x00137fa0
           5560	      2776	001000c0	04028863	beq	x5,x0,100110	  x5:0x00000000  x0:0x00000000
           5564	      2778	00100110	00000513	addi	x10,x0,0	  x0:0x00000000 x10=0x00000000
           5568	      2780	00100114	00008067	jalr	x0,0(x1)	  x1:0x001011f0  x0=0x00000000
           5570	      2781	001011f0	00102b37	lui	x22,0x102	 x22=0x00102000
           5582	      2787	001011f4	01400d13	addi	x26,x0,20	  x0:0x00000000 x26=0x00000014
           5584	      2788	001011f8	d089a987	flw	f19,-760(x19)	 f19:0x00102000 f19=0x00000000 PA:0x00101d08 store:0x4598f2e4
           5586	      2789	001011fc	d24baa07	flw	f20,-732(x23)	 f23:0x00102000 f20=0x00000000 PA:0x00101d24 store:0x442e010d
           5608	      2800	00101200	a10a8513	addi	x10,x21,-1520	 x21:0x00102000 x10=0x00101a10
           5610	      2801	00101204	1949fad3	fdiv.s	f21,f19,f20	 f19:0x00102000 f20:0x00102000 f21=0x00000000
           5614	      2803	00101208	d159a427	fsw	f21,-760(x19)	 f19:0x00102000 f21:0x00102000 PA:0x00101d08 store:0x40771efb load:0x40771efb
           5620	      2806	0010120c	d089ae07	flw	f28,-760(x19)	 f19:0x00102000 f28=0x00000000 PA:0x00000000
           5626	      2809	00101210	e00e0dd3	fmv.x.w	x27,f28	 f28:0x00020000 x27=0x40771efb
           5628	      2810	00101214	cfba2c23	sw	x27,-776(x20)	 x20:0x00102000 x27:0x40771efb PA:0x00101cf8 store:0x40771efb load:0x40771efb
           5632	      2812	00101218	e89fe0ef	jal	x1,1000a0	  x1=0x0010121c
           5636	      2814	001000a0	00054803	lbu	x16,0(x10)	 x10:0x00101a10 x16=0x0000000a PA:0x00101a10 store:0x00000000
           5638	      2815	001000a4	06080663	beq	x16,x0,100110	 x16:0x0000000a  x0:0x00000000
           5640	      2816	001000a8	000207b7	lui	x15,0x20	 x15=0x00020000
           5644	      2818	001000ac	0107a023	sw	x16,0(x15)	 x15:0x00020000 x16:0x0000000a PA:0x00020000 store:0x0000000a load:0x00000000
           5648	      2820	001000b0	00154703	lbu	x14,1(x10)	 x10:0x00101a10 x14=0x00000020 PA:0x00101a11 store:0x0010121c
           5650	      2821	001000b4	04070e63	beq	x14,x0,100110	 x14:0x00000020  x0:0x00000000
           5654	      2823	001000b8	00e7a023	sw	x14,0(x15)	 x15:0x00020000 x14:0x00000020 PA:0x00020000 store:0x00000020 load:0x00000000
           5658	      2825	001000bc	00254283	lbu	x5,2(x10)	 x10:0x00101a10  x5=0x00000069 PA:0x00101a12 store:0x00137fa0
           5660	      2826	001000c0	04028863	beq	x5,x0,100110	  x5:0x00000069  x0:0x00000000
           5664	      2828	001000c4	0057a023	sw	x5,0(x15)	 x15:0x00020000  x5:0x00000069 PA:0x00020000 store:0x00000069 load:0x00000000
           5668	      2830	001000c8	00354303	lbu	x6,3(x10)	 x10:0x00101a10  x6=0x0000003d PA:0x00101a13 store:0x00000000
           5670	      2831	001000cc	04030263	beq	x6,x0,100110	  x6:0x0000003d  x0:0x00000000
           5674	      2833	001000d0	0067a023	sw	x6,0(x15)	 x15:0x00020000  x6:0x0000003d PA:0x00020000 store:0x0000003d load:0x00000000
           5678	      2835	001000d4	00454383	lbu	x7,4(x10)	 x10:0x00101a10  x7=0x00000000 PA:0x00101a14 store:0x00000000
           5682	      2837	001000d8	02038c63	beq	x7,x0,100110	  x7:0x00000000  x0:0x00000000
           5686	      2839	00100110	00000513	addi	x10,x0,0	  x0:0x00000000 x10=0x00000000
           5690	      2841	00100114	00008067	jalr	x0,0(x1)	  x1:0x0010121c  x0=0x00000000
           5692	      2842	0010121c	000c0513	addi	x10,x24,0	 x24:0x00000000 x10=0x00000000
           5696	      2844	00101220	f01fe0ef	jal	x1,100120	  x1=0x00101224
           5698	      2845	00100120	01c55793	srli	x15,x10,0x1c	 x10:0x00000000 x15=0x00000000
           5700	      2846	00100124	00900713	addi	x14,x0,9	  x0:0x00000000 x14=0x00000009
           5704	      2848	00100128	0cf77a63	bgeu	x14,x15,1001fc	 x14:0x00000009 x15:0x00000000
           5708	      2850	001001fc	03078393	addi	x7,x15,48	 x15:0x00000000  x7=0x00000030
           5710	      2851	00100200	000205b7	lui	x11,0x20	 x11=0x00020000
           5712	      2852	00100204	00451613	slli	x12,x10,0x4	 x10:0x00000000 x12=0x00000000
           5716	      2854	00100208	0075a023	sw	x7,0(x11)	 x11:0x00020000  x7:0x00000030 PA:0x00020000 store:0x00000030 load:0x00000000
           5718	      2855	0010020c	01c65693	srli	x13,x12,0x1c	 x12:0x00000000 x13=0x00000000
           5720	      2856	00100210	00900813	addi	x16,x0,9	  x0:0x00000000 x16=0x00000009
           5722	      2857	00100214	f2d86ae3	bltu	x16,x13,100148	 x16:0x00000009 x13:0x00000000
           5724	      2858	00100218	03068e93	addi	x29,x13,48	 x13:0x00000000 x29=0x00000030
           5726	      2859	0010021c	00020f37	lui	x30,0x20	 x30=0x00020000
           5728	      2860	00100220	00851f93	slli	x31,x10,0x8	 x10:0x00000000 x31=0x00000000
           5732	      2862	00100224	01df2023	sw	x29,0(x30)	 x30:0x00020000 x29:0x00000030 PA:0x00020000 store:0x00000030 load:0x00000000
           5734	      2863	00100228	01cfd793	srli	x15,x31,0x1c	 x31:0x00000000 x15=0x00000000
           5736	      2864	0010022c	00900713	addi	x14,x0,9	  x0:0x00000000 x14=0x00000009
           5738	      2865	00100230	f2f76ae3	bltu	x14,x15,100164	 x14:0x00000009 x15:0x00000000
           5740	      2866	00100234	03078393	addi	x7,x15,48	 x15:0x00000000  x7=0x00000030
           5742	      2867	00100238	000205b7	lui	x11,0x20	 x11=0x00020000
           5744	      2868	0010023c	00c51613	slli	x12,x10,0xc	 x10:0x00000000 x12=0x00000000
           5748	      2870	00100240	0075a023	sw	x7,0(x11)	 x11:0x00020000  x7:0x00000030 PA:0x00020000 store:0x00000030 load:0x00000000
           5750	      2871	00100244	01c65693	srli	x13,x12,0x1c	 x12:0x00000000 x13=0x00000000
           5752	      2872	00100248	00900813	addi	x16,x0,9	  x0:0x00000000 x16=0x00000009
           5754	      2873	0010024c	f2d86ae3	bltu	x16,x13,100180	 x16:0x00000009 x13:0x00000000
           5756	      2874	00100250	03068e93	addi	x29,x13,48	 x13:0x00000000 x29=0x00000030
           5758	      2875	00100254	00020f37	lui	x30,0x20	 x30=0x00020000
           5760	      2876	00100258	01051f93	slli	x31,x10,0x10	 x10:0x00000000 x31=0x00000000
           5764	      2878	0010025c	01df2023	sw	x29,0(x30)	 x30:0x00020000 x29:0x00000030 PA:0x00020000 store:0x00000030 load:0x00000000
           5766	      2879	00100260	01cfd793	srli	x15,x31,0x1c	 x31:0x00000000 x15=0x00000000
           5768	      2880	00100264	00900713	addi	x14,x0,9	  x0:0x00000000 x14=0x00000009
           5770	      2881	00100268	f2f76ae3	bltu	x14,x15,10019c	 x14:0x00000009 x15:0x00000000
           5772	      2882	0010026c	03078393	addi	x7,x15,48	 x15:0x00000000  x7=0x00000030
           5774	      2883	00100270	000205b7	lui	x11,0x20	 x11=0x00020000
           5776	      2884	00100274	01451613	slli	x12,x10,0x14	 x10:0x00000000 x12=0x00000000
           5780	      2886	00100278	0075a023	sw	x7,0(x11)	 x11:0x00020000  x7:0x00000030 PA:0x00020000 store:0x00000030 load:0x00000000
           5782	      2887	0010027c	01c65693	srli	x13,x12,0x1c	 x12:0x00000000 x13=0x00000000
           5784	      2888	00100280	00900813	addi	x16,x0,9	  x0:0x00000000 x16=0x00000009
           5786	      2889	00100284	f2d86ae3	bltu	x16,x13,1001b8	 x16:0x00000009 x13:0x00000000
           5788	      2890	00100288	03068e93	addi	x29,x13,48	 x13:0x00000000 x29=0x00000030
           5790	      2891	0010028c	00020f37	lui	x30,0x20	 x30=0x00020000
           5792	      2892	00100290	01851f93	slli	x31,x10,0x18	 x10:0x00000000 x31=0x00000000
           5796	      2894	00100294	01df2023	sw	x29,0(x30)	 x30:0x00020000 x29:0x00000030 PA:0x00020000 store:0x00000030 load:0x00000000
           5798	      2895	00100298	01cfd793	srli	x15,x31,0x1c	 x31:0x00000000 x15=0x00000000
           5800	      2896	0010029c	00900713	addi	x14,x0,9	  x0:0x00000000 x14=0x00000009
           5802	      2897	001002a0	f2f76ae3	bltu	x14,x15,1001d4	 x14:0x00000009 x15:0x00000000
           5804	      2898	001002a4	03078393	addi	x7,x15,48	 x15:0x00000000  x7=0x00000030
           5806	      2899	001002a8	000205b7	lui	x11,0x20	 x11=0x00020000
           5810	      2901	001002ac	0075a023	sw	x7,0(x11)	 x11:0x00020000  x7:0x00000030 PA:0x00020000 store:0x00000030 load:0x00000000
           5812	      2902	001002b0	00f57513	andi	x10,x10,15	 x10:0x00000000 x10=0x00000000
           5814	      2903	001002b4	00900613	addi	x12,x0,9	  x0:0x00000000 x12=0x00000009
           5818	      2905	001002b8	f2a67ae3	bgeu	x12,x10,1001ec	 x12:0x00000009 x10:0x00000000
           5822	      2907	001001ec	03050893	addi	x17,x10,48	 x10:0x00000000 x17=0x00000030
           5824	      2908	001001f0	00020e37	lui	x28,0x20	 x28=0x00020000
           5828	      2910	001001f4	011e2023	sw	x17,0(x28)	 x28:0x00020000 x17:0x00000030 PA:0x00020000 store:0x00000030 load:0x00000000
           5832	      2912	001001f8	00008067	jalr	x0,0(x1)	  x1:0x00101224  x0=0x00000000
           5834	      2913	00101224	a18b0513	addi	x10,x22,-1512	 x22:0x00102000 x10=0x00101a18
           5838	      2915	00101228	e79fe0ef	jal	x1,1000a0	  x1=0x0010122c
           5842	      2917	001000a0	00054803	lbu	x16,0(x10)	 x10:0x00101a18 x16=0x00000020 PA:0x00101a18 store:0x00000000
           5844	      2918	001000a4	06080663	beq	x16,x0,100110	 x16:0x00000020  x0:0x00000000
           5846	      2919	001000a8	000207b7	lui	x15,0x20	 x15=0x00020000
           5850	      2921	001000ac	0107a023	sw	x16,0(x15)	 x15:0x00020000 x16:0x00000020 PA:0x00020000 store:0x00000020 load:0x00000000
           5854	      2923	001000b0	00154703	lbu	x14,1(x10)	 x10:0x00101a18 x14=0x00000072 PA:0x00101a19 store:0x0010122c
           5856	      2924	001000b4	04070e63	beq	x14,x0,100110	 x14:0x00000072  x0:0x00000000
           5860	      2926	001000b8	00e7a023	sw	x14,0(x15)	 x15:0x00020000 x14:0x00000072 PA:0x00020000 store:0x00000072 load:0x00000000
           5864	      2928	001000bc	00254283	lbu	x5,2(x10)	 x10:0x00101a18  x5=0x00000065 PA:0x00101a1a store:0x00137fa0
           5866	      2929	001000c0	04028863	beq	x5,x0,100110	  x5:0x00000065  x0:0x00000000
           5870	      2931	001000c4	0057a023	sw	x5,0(x15)	 x15:0x00020000  x5:0x00000065 PA:0x00020000 store:0x00000065 load:0x00000000
           5874	      2933	001000c8	00354303	lbu	x6,3(x10)	 x10:0x00101a18  x6=0x00000073 PA:0x00101a1b store:0x00000000
           5876	      2934	001000cc	04030263	beq	x6,x0,100110	  x6:0x00000073  x0:0x00000000
           5880	      2936	001000d0	0067a023	sw	x6,0(x15)	 x15:0x00020000  x6:0x00000073 PA:0x00020000 store:0x00000073 load:0x00000000
           5884	      2938	001000d4	00454383	lbu	x7,4(x10)	 x10:0x00101a18  x7=0x00000075 PA:0x00101a1c store:0x00000000
           5886	      2939	001000d8	02038c63	beq	x7,x0,100110	  x7:0x00000075  x0:0x00000000
           5890	      2941	001000dc	0077a023	sw	x7,0(x15)	 x15:0x00020000  x7:0x00000075 PA:0x00020000 store:0x00000075 load:0x00000000
           5894	      2943	001000e0	00554583	lbu	x11,5(x10)	 x10:0x00101a18 x11=0x0000006c PA:0x00101a1d store:0x00000065
           5896	      2944	001000e4	02058663	beq	x11,x0,100110	 x11:0x0000006c  x0:0x00000000
           5900	      2946	001000e8	00b7a023	sw	x11,0(x15)	 x15:0x00020000 x11:0x0000006c PA:0x00020000 store:0x0000006c load:0x00000000
           5904	      2948	001000ec	00654603	lbu	x12,6(x10)	 x10:0x00101a18 x12=0x00000074 PA:0x00101a1e store:0x00000073
           5906	      2949	001000f0	02060063	beq	x12,x0,100110	 x12:0x00000074  x0:0x00000000
           5910	      2951	001000f4	00c7a023	sw	x12,0(x15)	 x15:0x00020000 x12:0x00000074 PA:0x00020000 store:0x00000074 load:0x00000000
           5914	      2953	001000f8	00754683	lbu	x13,7(x10)	 x10:0x00101a18 x13=0x0000003a PA:0x00101a1f store:0x00000075
           5916	      2954	001000fc	00850513	addi	x10,x10,8	 x10:0x00101a18 x10=0x00101a20
           5918	      2955	00100100	00068863	beq	x13,x0,100110	 x13:0x0000003a  x0:0x00000000
           5922	      2957	00100104	00d7a023	sw	x13,0(x15)	 x15:0x00020000 x13:0x0000003a PA:0x00020000 store:0x0000003a load:0x00000000
           5926	      2959	00100108	00054803	lbu	x16,0(x10)	 x10:0x00101a20 x16=0x00000020 PA:0x00101a20 store:0x00000000
           5930	      2961	0010010c	fa0810e3	bne	x16,x0,1000ac	 x16:0x00000020  x0:0x00000000
           5936	      2964	001000ac	0107a023	sw	x16,0(x15)	 x15:0x00020000 x16:0x00000020 PA:0x00020000 store:0x00000020 load:0x00000000
           5940	      2966	001000b0	00154703	lbu	x14,1(x10)	 x10:0x00101a20 x14=0x00000000 PA:0x00101a21 store:0x0010122c
           5944	      2968	001000b4	04070e63	beq	x14,x0,100110	 x14:0x00000000  x0:0x00000000
           5948	      2970	00100110	00000513	addi	x10,x0,0	  x0:0x00000000 x10=0x00000000
           5952	      2972	00100114	00008067	jalr	x0,0(x1)	  x1:0x0010122c  x0=0x00000000
           5956	      2974	0010122c	cf8a2503	lw	x10,-776(x20)	 x20:0x00102000 x10=0x40771efb PA:0x00101cf8 store:0x00000000
           5958	      2975	00101230	001c0d93	addi	x27,x24,1	 x24:0x00000000 x27=0x00000001
           5962	      2977	00101234	eedfe0ef	jal	x1,100120	  x1=0x00101238
           5964	      2978	00100120	01c55793	srli	x15,x10,0x1c	 x10:0x40771efb x15=0x00000004
           5966	      2979	00100124	00900713	addi	x14,x0,9	  x0:0x00000000 x14=0x00000009
           5970	      2981	00100128	0cf77a63	bgeu	x14,x15,1001fc	 x14:0x00000009 x15:0x00000004
           5974	      2983	001001fc	03078393	addi	x7,x15,48	 x15:0x00000004  x7=0x00000034
           5976	      2984	00100200	000205b7	lui	x11,0x20	 x11=0x00020000
           5978	      2985	00100204	00451613	slli	x12,x10,0x4	 x10:0x40771efb x12=0x0771efb0
           5982	      2987	00100208	0075a023	sw	x7,0(x11)	 x11:0x00020000  x7:0x00000034 PA:0x00020000 store:0x00000034 load:0x00000000
           5984	      2988	0010020c	01c65693	srli	x13,x12,0x1c	 x12:0x0771efb0 x13=0x00000000
           5986	      2989	00100210	00900813	addi	x16,x0,9	  x0:0x00000000 x16=0x00000009
           5988	      2990	00100214	f2d86ae3	bltu	x16,x13,100148	 x16:0x00000009 x13:0x00000000
           5990	      2991	00100218	03068e93	addi	x29,x13,48	 x13:0x00000000 x29=0x00000030
           5992	      2992	0010021c	00020f37	lui	x30,0x20	 x30=0x00020000
           5994	      2993	00100220	00851f93	slli	x31,x10,0x8	 x10:0x40771efb x31=0x771efb00
           5998	      2995	00100224	01df2023	sw	x29,0(x30)	 x30:0x00020000 x29:0x00000030 PA:0x00020000 store:0x00000030 load:0x00000000
           6000	      2996	00100228	01cfd793	srli	x15,x31,0x1c	 x31:0x771efb00 x15=0x00000007
           6002	      2997	0010022c	00900713	addi	x14,x0,9	  x0:0x00000000 x14=0x00000009
           6004	      2998	00100230	f2f76ae3	bltu	x14,x15,100164	 x14:0x00000009 x15:0x00000007
           6006	      2999	00100234	03078393	addi	x7,x15,48	 x15:0x00000007  x7=0x00000037
           6008	      3000	00100238	000205b7	lui	x11,0x20	 x11=0x00020000
           6010	      3001	0010023c	00c51613	slli	x12,x10,0xc	 x10:0x40771efb x12=0x71efb000
           6014	      3003	00100240	0075a023	sw	x7,0(x11)	 x11:0x00020000  x7:0x00000037 PA:0x00020000 store:0x00000037 load:0x00000000
           6016	      3004	00100244	01c65693	srli	x13,x12,0x1c	 x12:0x71efb000 x13=0x00000007
           6018	      3005	00100248	00900813	addi	x16,x0,9	  x0:0x00000000 x16=0x00000009
           6020	      3006	0010024c	f2d86ae3	bltu	x16,x13,100180	 x16:0x00000009 x13:0x00000007
           6022	      3007	00100250	03068e93	addi	x29,x13,48	 x13:0x00000007 x29=0x00000037
           6024	      3008	00100254	00020f37	lui	x30,0x20	 x30=0x00020000
           6026	      3009	00100258	01051f93	slli	x31,x10,0x10	 x10:0x40771efb x31=0x1efb0000
           6030	      3011	0010025c	01df2023	sw	x29,0(x30)	 x30:0x00020000 x29:0x00000037 PA:0x00020000 store:0x00000037 load:0x00000000
           6032	      3012	00100260	01cfd793	srli	x15,x31,0x1c	 x31:0x1efb0000 x15=0x00000001
           6034	      3013	00100264	00900713	addi	x14,x0,9	  x0:0x00000000 x14=0x00000009
           6036	      3014	00100268	f2f76ae3	bltu	x14,x15,10019c	 x14:0x00000009 x15:0x00000001
           6038	      3015	0010026c	03078393	addi	x7,x15,48	 x15:0x00000001  x7=0x00000031
           6040	      3016	00100270	000205b7	lui	x11,0x20	 x11=0x00020000
           6042	      3017	00100274	01451613	slli	x12,x10,0x14	 x10:0x40771efb x12=0xefb00000
           6046	      3019	00100278	0075a023	sw	x7,0(x11)	 x11:0x00020000  x7:0x00000031 PA:0x00020000 store:0x00000031 load:0x00000000
           6048	      3020	0010027c	01c65693	srli	x13,x12,0x1c	 x12:0xefb00000 x13=0x0000000e
           6050	      3021	00100280	00900813	addi	x16,x0,9	  x0:0x00000000 x16=0x00000009
           6054	      3023	00100284	f2d86ae3	bltu	x16,x13,1001b8	 x16:0x00000009 x13:0x0000000e
           6058	      3025	001001b8	03768893	addi	x17,x13,55	 x13:0x0000000e x17=0x00000045
           6060	      3026	001001bc	00020e37	lui	x28,0x20	 x28=0x00020000
           6062	      3027	001001c0	01851f93	slli	x31,x10,0x18	 x10:0x40771efb x31=0xfb000000
           6066	      3029	001001c4	011e2023	sw	x17,0(x28)	 x28:0x00020000 x17:0x00000045 PA:0x00020000 store:0x00000045 load:0x00000000
           6068	      3030	001001c8	01cfd793	srli	x15,x31,0x1c	 x31:0xfb000000 x15=0x0000000f
           6070	      3031	001001cc	00900713	addi	x14,x0,9	  x0:0x00000000 x14=0x00000009
           6072	      3032	001001d0	0cf77a63	bgeu	x14,x15,1002a4	 x14:0x00000009 x15:0x0000000f
           6074	      3033	001001d4	03778293	addi	x5,x15,55	 x15:0x0000000f  x5=0x00000046
           6076	      3034	001001d8	00020337	lui	x6,0x20	  x6=0x00020000
           6080	      3036	001001dc	00532023	sw	x5,0(x6)	  x6:0x00020000  x5:0x00000046 PA:0x00020000 store:0x00000046 load:0x00000000
           6082	      3037	001001e0	00f57513	andi	x10,x10,15	 x10:0x40771efb x10=0x0000000b
           6084	      3038	001001e4	00900613	addi	x12,x0,9	  x0:0x00000000 x12=0x00000009
           6088	      3040	001001e8	0ca66a63	bltu	x12,x10,1002bc	 x12:0x00000009 x10:0x0000000b
           6092	      3042	001002bc	03750693	addi	x13,x10,55	 x10:0x0000000b x13=0x00000042
           6094	      3043	001002c0	00020837	lui	x16,0x20	 x16=0x00020000
           6098	      3045	001002c4	00d82023	sw	x13,0(x16)	 x16:0x00020000 x13:0x00000042 PA:0x00020000 store:0x00000042 load:0x00000000
           6112	      3052	001002c8	00008067	jalr	x0,0(x1)	  x1:0x00101238  x0=0x00000000
           6114	      3053	00101238	d089ae87	flw	f29,-760(x19)	 f19:0x00102000 f29=0x00000000 PA:0x00101d08 store:0x4598f2e4
           6116	      3054	0010123c	d24baf07	flw	f30,-732(x23)	 f23:0x00102000 f30=0x00000000 PA:0x00101d24 store:0x442e010d
           6138	      3065	00101240	a10a8513	addi	x10,x21,-1520	 x21:0x00102000 x10=0x00101a10
           6140	      3066	00101244	19eeffd3	fdiv.s	f31,f29,f30	 f29:0x00000037 f30:0x00020000 f31=0x00000000
           6144	      3068	00101248	d1f9a427	fsw	f31,-760(x19)	 f19:0x00102000 f31:0xfb000000 PA:0x00101d08 store:0x3d00546c load:0x3d00546c
           6150	      3071	0010124c	d089a007	flw	f0,-760(x19)	 f19:0x00102000  f0=0x00000000 PA:0x00000000
           6156	      3074	00101250	e0000e53	fmv.x.w	x28,f0	  f0:0x00000000 x28=0x3d00546c
           6158	      3075	00101254	cfca2c23	sw	x28,-776(x20)	 x20:0x00102000 x28:0x3d00546c PA:0x00101cf8 store:0x3d00546c load:0x3d00546c
           6162	      3077	00101258	e49fe0ef	jal	x1,1000a0	  x1=0x0010125c
           6166	      3079	001000a0	00054803	lbu	x16,0(x10)	 x10:0x00101a10 x16=0x0000000a PA:0x00101a10 store:0x00000000
           6168	      3080	001000a4	06080663	beq	x16,x0,100110	 x16:0x0000000a  x0:0x00000000
           6170	      3081	001000a8	000207b7	lui	x15,0x20	 x15=0x00020000
           6174	      3083	001000ac	0107a023	sw	x16,0(x15)	 x15:0x00020000 x16:0x0000000a PA:0x00020000 store:0x0000000a load:0x00000000
           6178	      3085	001000b0	00154703	lbu	x14,1(x10)	 x10:0x00101a10 x14=0x00000020 PA:0x00101a11 store:0x0010125c
           6180	      3086	001000b4	04070e63	beq	x14,x0,100110	 x14:0x00000020  x0:0x00000000
           6184	      3088	001000b8	00e7a023	sw	x14,0(x15)	 x15:0x00020000 x14:0x00000020 PA:0x00020000 store:0x00000020 load:0x00000000
           6188	      3090	001000bc	00254283	lbu	x5,2(x10)	 x10:0x00101a10  x5=0x00000069 PA:0x00101a12 store:0x00137fa0
           6190	      3091	001000c0	04028863	beq	x5,x0,100110	  x5:0x00000069  x0:0x00000000
           6194	      3093	001000c4	0057a023	sw	x5,0(x15)	 x15:0x00020000  x5:0x00000069 PA:0x00020000 store:0x00000069 load:0x00000000
           6198	      3095	001000c8	00354303	lbu	x6,3(x10)	 x10:0x00101a10  x6=0x0000003d PA:0x00101a13 store:0x00000000
           6200	      3096	001000cc	04030263	beq	x6,x0,100110	  x6:0x0000003d  x0:0x00000000
           6204	      3098	001000d0	0067a023	sw	x6,0(x15)	 x15:0x00020000  x6:0x0000003d PA:0x00020000 store:0x0000003d load:0x00000000
           6208	      3100	001000d4	00454383	lbu	x7,4(x10)	 x10:0x00101a10  x7=0x00000000 PA:0x00101a14 store:0x00000000
           6212	      3102	001000d8	02038c63	beq	x7,x0,100110	  x7:0x00000000  x0:0x00000000
           6216	      3104	00100110	00000513	addi	x10,x0,0	  x0:0x00000000 x10=0x00000000
           6220	      3106	00100114	00008067	jalr	x0,0(x1)	  x1:0x0010125c  x0=0x00000000
           6222	      3107	0010125c	000d8513	addi	x10,x27,0	 x27:0x00000001 x10=0x00000001
           6226	      3109	00101260	ec1fe0ef	jal	x1,100120	  x1=0x00101264
           6228	      3110	00100120	01c55793	srli	x15,x10,0x1c	 x10:0x00000001 x15=0x00000000
           6230	      3111	00100124	00900713	addi	x14,x0,9	  x0:0x00000000 x14=0x00000009
           6234	      3113	00100128	0cf77a63	bgeu	x14,x15,1001fc	 x14:0x00000009 x15:0x00000000
           6238	      3115	001001fc	03078393	addi	x7,x15,48	 x15:0x00000000  x7=0x00000030
           6240	      3116	00100200	000205b7	lui	x11,0x20	 x11=0x00020000
           6242	      3117	00100204	00451613	slli	x12,x10,0x4	 x10:0x00000001 x12=0x00000010
           6246	      3119	00100208	0075a023	sw	x7,0(x11)	 x11:0x00020000  x7:0x00000030 PA:0x00020000 store:0x00000030 load:0x00000000
           6248	      3120	0010020c	01c65693	srli	x13,x12,0x1c	 x12:0x00000010 x13=0x00000000
           6250	      3121	00100210	00900813	addi	x16,x0,9	  x0:0x00000000 x16=0x00000009
           6252	      3122	00100214	f2d86ae3	bltu	x16,x13,100148	 x16:0x00000009 x13:0x00000000
           6254	      3123	00100218	03068e93	addi	x29,x13,48	 x13:0x00000000 x29=0x00000030
           6256	      3124	0010021c	00020f37	lui	x30,0x20	 x30=0x00020000
           6258	      3125	00100220	00851f93	slli	x31,x10,0x8	 x10:0x00000001 x31=0x00000100
           6262	      3127	00100224	01df2023	sw	x29,0(x30)	 x30:0x00020000 x29:0x00000030 PA:0x00020000 store:0x00000030 load:0x00000000
           6264	      3128	00100228	01cfd793	srli	x15,x31,0x1c	 x31:0x00000100 x15=0x00000000
           6266	      3129	0010022c	00900713	addi	x14,x0,9	  x0:0x00000000 x14=0x00000009
           6268	      3130	00100230	f2f76ae3	bltu	x14,x15,100164	 x14:0x00000009 x15:0x00000000
           6270	      3131	00100234	03078393	addi	x7,x15,48	 x15:0x00000000  x7=0x00000030
           6272	      3132	00100238	000205b7	lui	x11,0x20	 x11=0x00020000
           6274	      3133	0010023c	00c51613	slli	x12,x10,0xc	 x10:0x00000001 x12=0x00001000
           6278	      3135	00100240	0075a023	sw	x7,0(x11)	 x11:0x00020000  x7:0x00000030 PA:0x00020000 store:0x00000030 load:0x00000000
           6280	      3136	00100244	01c65693	srli	x13,x12,0x1c	 x12:0x00001000 x13=0x00000000
           6282	      3137	00100248	00900813	addi	x16,x0,9	  x0:0x00000000 x16=0x00000009
           6284	      3138	0010024c	f2d86ae3	bltu	x16,x13,100180	 x16:0x00000009 x13:0x00000000
           6286	      3139	00100250	03068e93	addi	x29,x13,48	 x13:0x00000000 x29=0x00000030
           6288	      3140	00100254	00020f37	lui	x30,0x20	 x30=0x00020000
           6290	      3141	00100258	01051f93	slli	x31,x10,0x10	 x10:0x00000001 x31=0x00010000
           6294	      3143	0010025c	01df2023	sw	x29,0(x30)	 x30:0x00020000 x29:0x00000030 PA:0x00020000 store:0x00000030 load:0x00000000
           6296	      3144	00100260	01cfd793	srli	x15,x31,0x1c	 x31:0x00010000 x15=0x00000000
           6298	      3145	00100264	00900713	addi	x14,x0,9	  x0:0x00000000 x14=0x00000009
           6300	      3146	00100268	f2f76ae3	bltu	x14,x15,10019c	 x14:0x00000009 x15:0x00000000
           6302	      3147	0010026c	03078393	addi	x7,x15,48	 x15:0x00000000  x7=0x00000030
           6304	      3148	00100270	000205b7	lui	x11,0x20	 x11=0x00020000
           6306	      3149	00100274	01451613	slli	x12,x10,0x14	 x10:0x00000001 x12=0x00100000
           6310	      3151	00100278	0075a023	sw	x7,0(x11)	 x11:0x00020000  x7:0x00000030 PA:0x00020000 store:0x00000030 load:0x00000000
           6312	      3152	0010027c	01c65693	srli	x13,x12,0x1c	 x12:0x00100000 x13=0x00000000
           6314	      3153	00100280	00900813	addi	x16,x0,9	  x0:0x00000000 x16=0x00000009
           6316	      3154	00100284	f2d86ae3	bltu	x16,x13,1001b8	 x16:0x00000009 x13:0x00000000
           6318	      3155	00100288	03068e93	addi	x29,x13,48	 x13:0x00000000 x29=0x00000030
           6320	      3156	0010028c	00020f37	lui	x30,0x20	 x30=0x00020000
           6322	      3157	00100290	01851f93	slli	x31,x10,0x18	 x10:0x00000001 x31=0x01000000
           6326	      3159	00100294	01df2023	sw	x29,0(x30)	 x30:0x00020000 x29:0x00000030 PA:0x00020000 store:0x00000030 load:0x00000000
           6328	      3160	00100298	01cfd793	srli	x15,x31,0x1c	 x31:0x01000000 x15=0x00000000
           6330	      3161	0010029c	00900713	addi	x14,x0,9	  x0:0x00000000 x14=0x00000009
           6332	      3162	001002a0	f2f76ae3	bltu	x14,x15,1001d4	 x14:0x00000009 x15:0x00000000
           6334	      3163	001002a4	03078393	addi	x7,x15,48	 x15:0x00000000  x7=0x00000030
           6336	      3164	001002a8	000205b7	lui	x11,0x20	 x11=0x00020000
           6340	      3166	001002ac	0075a023	sw	x7,0(x11)	 x11:0x00020000  x7:0x00000030 PA:0x00020000 store:0x00000030 load:0x00000000
           6342	      3167	001002b0	00f57513	andi	x10,x10,15	 x10:0x00000001 x10=0x00000001
           6344	      3168	001002b4	00900613	addi	x12,x0,9	  x0:0x00000000 x12=0x00000009
           6348	      3170	001002b8	f2a67ae3	bgeu	x12,x10,1001ec	 x12:0x00000009 x10:0x00000001
           6352	      3172	001001ec	03050893	addi	x17,x10,48	 x10:0x00000001 x17=0x00000031
           6354	      3173	001001f0	00020e37	lui	x28,0x20	 x28=0x00020000
           6358	      3175	001001f4	011e2023	sw	x17,0(x28)	 x28:0x00020000 x17:0x00000031 PA:0x00020000 store:0x00000031 load:0x00000000
           6362	      3177	001001f8	00008067	jalr	x0,0(x1)	  x1:0x00101264  x0=0x00000000
           6364	      3178	00101264	a18b0513	addi	x10,x22,-1512	 x22:0x00102000 x10=0x00101a18
           6368	      3180	00101268	e39fe0ef	jal	x1,1000a0	  x1=0x0010126c
           6372	      3182	001000a0	00054803	lbu	x16,0(x10)	 x10:0x00101a18 x16=0x00000020 PA:0x00101a18 store:0x00000000
           6374	      3183	001000a4	06080663	beq	x16,x0,100110	 x16:0x00000020  x0:0x00000000
           6376	      3184	001000a8	000207b7	lui	x15,0x20	 x15=0x00020000
           6380	      3186	001000ac	0107a023	sw	x16,0(x15)	 x15:0x00020000 x16:0x00000020 PA:0x00020000 store:0x00000020 load:0x00000000
           6384	      3188	001000b0	00154703	lbu	x14,1(x10)	 x10:0x00101a18 x14=0x00000072 PA:0x00101a19 store:0x0010126c
           6386	      3189	001000b4	04070e63	beq	x14,x0,100110	 x14:0x00000072  x0:0x00000000
           6390	      3191	001000b8	00e7a023	sw	x14,0(x15)	 x15:0x00020000 x14:0x00000072 PA:0x00020000 store:0x00000072 load:0x00000000
           6394	      3193	001000bc	00254283	lbu	x5,2(x10)	 x10:0x00101a18  x5=0x00000065 PA:0x00101a1a store:0x00137fa0
           6396	      3194	001000c0	04028863	beq	x5,x0,100110	  x5:0x00000065  x0:0x00000000
           6400	      3196	001000c4	0057a023	sw	x5,0(x15)	 x15:0x00020000  x5:0x00000065 PA:0x00020000 store:0x00000065 load:0x00000000
           6404	      3198	001000c8	00354303	lbu	x6,3(x10)	 x10:0x00101a18  x6=0x00000073 PA:0x00101a1b store:0x00000000
           6406	      3199	001000cc	04030263	beq	x6,x0,100110	  x6:0x00000073  x0:0x00000000
           6410	      3201	001000d0	0067a023	sw	x6,0(x15)	 x15:0x00020000  x6:0x00000073 PA:0x00020000 store:0x00000073 load:0x00000000
           6414	      3203	001000d4	00454383	lbu	x7,4(x10)	 x10:0x00101a18  x7=0x00000075 PA:0x00101a1c store:0x00000000
           6416	      3204	001000d8	02038c63	beq	x7,x0,100110	  x7:0x00000075  x0:0x00000000
           6420	      3206	001000dc	0077a023	sw	x7,0(x15)	 x15:0x00020000  x7:0x00000075 PA:0x00020000 store:0x00000075 load:0x00000000
           6424	      3208	001000e0	00554583	lbu	x11,5(x10)	 x10:0x00101a18 x11=0x0000006c PA:0x00101a1d store:0x00000065
           6426	      3209	001000e4	02058663	beq	x11,x0,100110	 x11:0x0000006c  x0:0x00000000
           6430	      3211	001000e8	00b7a023	sw	x11,0(x15)	 x15:0x00020000 x11:0x0000006c PA:0x00020000 store:0x0000006c load:0x00000000
           6434	      3213	001000ec	00654603	lbu	x12,6(x10)	 x10:0x00101a18 x12=0x00000074 PA:0x00101a1e store:0x00000073
           6436	      3214	001000f0	02060063	beq	x12,x0,100110	 x12:0x00000074  x0:0x00000000
           6440	      3216	001000f4	00c7a023	sw	x12,0(x15)	 x15:0x00020000 x12:0x00000074 PA:0x00020000 store:0x00000074 load:0x00000000
           6444	      3218	001000f8	00754683	lbu	x13,7(x10)	 x10:0x00101a18 x13=0x0000003a PA:0x00101a1f store:0x00000075
           6446	      3219	001000fc	00850513	addi	x10,x10,8	 x10:0x00101a18 x10=0x00101a20
           6448	      3220	00100100	00068863	beq	x13,x0,100110	 x13:0x0000003a  x0:0x00000000
           6452	      3222	00100104	00d7a023	sw	x13,0(x15)	 x15:0x00020000 x13:0x0000003a PA:0x00020000 store:0x0000003a load:0x00000000
           6456	      3224	00100108	00054803	lbu	x16,0(x10)	 x10:0x00101a20 x16=0x00000020 PA:0x00101a20 store:0x00000000
           6460	      3226	0010010c	fa0810e3	bne	x16,x0,1000ac	 x16:0x00000020  x0:0x00000000
           6466	      3229	001000ac	0107a023	sw	x16,0(x15)	 x15:0x00020000 x16:0x00000020 PA:0x00020000 store:0x00000020 load:0x00000000
           6470	      3231	001000b0	00154703	lbu	x14,1(x10)	 x10:0x00101a20 x14=0x00000000 PA:0x00101a21 store:0x0010126c
           6474	      3233	001000b4	04070e63	beq	x14,x0,100110	 x14:0x00000000  x0:0x00000000
           6478	      3235	00100110	00000513	addi	x10,x0,0	  x0:0x00000000 x10=0x00000000
           6482	      3237	00100114	00008067	jalr	x0,0(x1)	  x1:0x0010126c  x0=0x00000000
           6486	      3239	0010126c	cf8a2503	lw	x10,-776(x20)	 x20:0x00102000 x10=0x3d00546c PA:0x00101cf8 store:0x00000000
           6488	      3240	00101270	002c0d93	addi	x27,x24,2	 x24:0x00000000 x27=0x00000002
           6492	      3242	00101274	eadfe0ef	jal	x1,100120	  x1=0x00101278
           6494	      3243	00100120	01c55793	srli	x15,x10,0x1c	 x10:0x3d00546c x15=0x00000003
           6496	      3244	00100124	00900713	addi	x14,x0,9	  x0:0x00000000 x14=0x00000009
           6500	      3246	00100128	0cf77a63	bgeu	x14,x15,1001fc	 x14:0x00000009 x15:0x00000003
           6504	      3248	001001fc	03078393	addi	x7,x15,48	 x15:0x00000003  x7=0x00000033
           6506	      3249	00100200	000205b7	lui	x11,0x20	 x11=0x00020000
           6508	      3250	00100204	00451613	slli	x12,x10,0x4	 x10:0x3d00546c x12=0xd00546c0
           6512	      3252	00100208	0075a023	sw	x7,0(x11)	 x11:0x00020000  x7:0x00000033 PA:0x00020000 store:0x00000033 load:0x00000000
           6514	      3253	0010020c	01c65693	srli	x13,x12,0x1c	 x12:0xd00546c0 x13=0x0000000d
           6516	      3254	00100210	00900813	addi	x16,x0,9	  x0:0x00000000 x16=0x00000009
           6520	      3256	00100214	f2d86ae3	bltu	x16,x13,100148	 x16:0x00000009 x13:0x0000000d
           6524	      3258	00100148	03768893	addi	x17,x13,55	 x13:0x0000000d x17=0x00000044
           6526	      3259	0010014c	00020e37	lui	x28,0x20	 x28=0x00020000
           6528	      3260	00100150	00851f93	slli	x31,x10,0x8	 x10:0x3d00546c x31=0x00546c00
           6532	      3262	00100154	011e2023	sw	x17,0(x28)	 x28:0x00020000 x17:0x00000044 PA:0x00020000 store:0x00000044 load:0x00000000
           6534	      3263	00100158	01cfd793	srli	x15,x31,0x1c	 x31:0x00546c00 x15=0x00000000
           6536	      3264	0010015c	00900713	addi	x14,x0,9	  x0:0x00000000 x14=0x00000009
           6540	      3266	00100160	0cf77a63	bgeu	x14,x15,100234	 x14:0x00000009 x15:0x00000000
           6544	      3268	00100234	03078393	addi	x7,x15,48	 x15:0x00000000  x7=0x00000030
           6546	      3269	00100238	000205b7	lui	x11,0x20	 x11=0x00020000
           6548	      3270	0010023c	00c51613	slli	x12,x10,0xc	 x10:0x3d00546c x12=0x0546c000
           6552	      3272	00100240	0075a023	sw	x7,0(x11)	 x11:0x00020000  x7:0x00000030 PA:0x00020000 store:0x00000030 load:0x00000000
           6554	      3273	00100244	01c65693	srli	x13,x12,0x1c	 x12:0x0546c000 x13=0x00000000
           6556	      3274	00100248	00900813	addi	x16,x0,9	  x0:0x00000000 x16=0x00000009
           6558	      3275	0010024c	f2d86ae3	bltu	x16,x13,100180	 x16:0x00000009 x13:0x00000000
           6560	      3276	00100250	03068e93	addi	x29,x13,48	 x13:0x00000000 x29=0x00000030
           6562	      3277	00100254	00020f37	lui	x30,0x20	 x30=0x00020000
           6564	      3278	00100258	01051f93	slli	x31,x10,0x10	 x10:0x3d00546c x31=0x546c0000
           6568	      3280	0010025c	01df2023	sw	x29,0(x30)	 x30:0x00020000 x29:0x00000030 PA:0x00020000 store:0x00000030 load:0x00000000
           6570	      3281	00100260	01cfd793	srli	x15,x31,0x1c	 x31:0x546c0000 x15=0x00000005
           6572	      3282	00100264	00900713	addi	x14,x0,9	  x0:0x00000000 x14=0x00000009
           6574	      3283	00100268	f2f76ae3	bltu	x14,x15,10019c	 x14:0x00000009 x15:0x00000005
           6576	      3284	0010026c	03078393	addi	x7,x15,48	 x15:0x00000005  x7=0x00000035
           6578	      3285	00100270	000205b7	lui	x11,0x20	 x11=0x00020000
           6580	      3286	00100274	01451613	slli	x12,x10,0x14	 x10:0x3d00546c x12=0x46c00000
           6584	      3288	00100278	0075a023	sw	x7,0(x11)	 x11:0x00020000  x7:0x00000035 PA:0x00020000 store:0x00000035 load:0x00000000
           6586	      3289	0010027c	01c65693	srli	x13,x12,0x1c	 x12:0x46c00000 x13=0x00000004
           6588	      3290	00100280	00900813	addi	x16,x0,9	  x0:0x00000000 x16=0x00000009
           6590	      3291	00100284	f2d86ae3	bltu	x16,x13,1001b8	 x16:0x00000009 x13:0x00000004
           6592	      3292	00100288	03068e93	addi	x29,x13,48	 x13:0x00000004 x29=0x00000034
           6594	      3293	0010028c	00020f37	lui	x30,0x20	 x30=0x00020000
           6596	      3294	00100290	01851f93	slli	x31,x10,0x18	 x10:0x3d00546c x31=0x6c000000
           6600	      3296	00100294	01df2023	sw	x29,0(x30)	 x30:0x00020000 x29:0x00000034 PA:0x00020000 store:0x00000034 load:0x00000000
           6602	      3297	00100298	01cfd793	srli	x15,x31,0x1c	 x31:0x6c000000 x15=0x00000006
           6604	      3298	0010029c	00900713	addi	x14,x0,9	  x0:0x00000000 x14=0x00000009
           6606	      3299	001002a0	f2f76ae3	bltu	x14,x15,1001d4	 x14:0x00000009 x15:0x00000006
           6608	      3300	001002a4	03078393	addi	x7,x15,48	 x15:0x00000006  x7=0x00000036
           6610	      3301	001002a8	000205b7	lui	x11,0x20	 x11=0x00020000
           6614	      3303	001002ac	0075a023	sw	x7,0(x11)	 x11:0x00020000  x7:0x00000036 PA:0x00020000 store:0x00000036 load:0x00000000
           6616	      3304	001002b0	00f57513	andi	x10,x10,15	 x10:0x3d00546c x10=0x0000000c
           6618	      3305	001002b4	00900613	addi	x12,x0,9	  x0:0x00000000 x12=0x00000009
           6620	      3306	001002b8	f2a67ae3	bgeu	x12,x10,1001ec	 x12:0x00000009 x10:0x0000000c
           6622	      3307	001002bc	03750693	addi	x13,x10,55	 x10:0x0000000c x13=0x00000043
           6624	      3308	001002c0	00020837	lui	x16,0x20	 x16=0x00020000
           6628	      3310	001002c4	00d82023	sw	x13,0(x16)	 x16:0x00020000 x13:0x00000043 PA:0x00020000 store:0x00000043 load:0x00000000
           6642	      3317	001002c8	00008067	jalr	x0,0(x1)	  x1:0x00101278  x0=0x00000000
           6644	      3318	00101278	d089a087	flw	f1,-760(x19)	 f19:0x00102000  f1=0x00000000 PA:0x00101d08 store:0x4598f2e4
           6646	      3319	0010127c	d24ba107	flw	f2,-732(x23)	 f23:0x00102000  f2=0x00000000 PA:0x00101d24 store:0x442e010d
           6668	      3330	00101280	a10a8513	addi	x10,x21,-1520	 x21:0x00102000 x10=0x00101a10
           6670	      3331	00101284	1820f753	fdiv.s	f14,f1,f2	  f1:0x00101278  f2:0x00137fa0 f14=0x00000000
           6674	      3333	00101288	d0e9a427	fsw	f14,-760(x19)	 f19:0x00102000 f14:0x00000009 PA:0x00101d08 store:0x3985487a load:0x3985487a
           6680	      3336	0010128c	d089a787	flw	f15,-760(x19)	 f19:0x00102000 f15=0x00000000 PA:0x00000000
           6686	      3339	00101290	e0078ed3	fmv.x.w	x29,f15	 f15:0x00000006 x29=0x3985487a
           6688	      3340	00101294	cfda2c23	sw	x29,-776(x20)	 x20:0x00102000 x29:0x3985487a PA:0x00101cf8 store:0x3985487a load:0x3985487a
           6692	      3342	00101298	e09fe0ef	jal	x1,1000a0	  x1=0x0010129c
           6696	      3344	001000a0	00054803	lbu	x16,0(x10)	 x10:0x00101a10 x16=0x0000000a PA:0x00101a10 store:0x00000000
           6698	      3345	001000a4	06080663	beq	x16,x0,100110	 x16:0x0000000a  x0:0x00000000
           6700	      3346	001000a8	000207b7	lui	x15,0x20	 x15=0x00020000
           6704	      3348	001000ac	0107a023	sw	x16,0(x15)	 x15:0x00020000 x16:0x0000000a PA:0x00020000 store:0x0000000a load:0x00000000
           6708	      3350	001000b0	00154703	lbu	x14,1(x10)	 x10:0x00101a10 x14=0x00000020 PA:0x00101a11 store:0x0010129c
           6710	      3351	001000b4	04070e63	beq	x14,x0,100110	 x14:0x00000020  x0:0x00000000
           6714	      3353	001000b8	00e7a023	sw	x14,0(x15)	 x15:0x00020000 x14:0x00000020 PA:0x00020000 store:0x00000020 load:0x00000000
           6718	      3355	001000bc	00254283	lbu	x5,2(x10)	 x10:0x00101a10  x5=0x00000069 PA:0x00101a12 store:0x00137fa0
           6720	      3356	001000c0	04028863	beq	x5,x0,100110	  x5:0x00000069  x0:0x00000000
           6724	      3358	001000c4	0057a023	sw	x5,0(x15)	 x15:0x00020000  x5:0x00000069 PA:0x00020000 store:0x00000069 load:0x00000000
           6728	      3360	001000c8	00354303	lbu	x6,3(x10)	 x10:0x00101a10  x6=0x0000003d PA:0x00101a13 store:0x00000000
           6730	      3361	001000cc	04030263	beq	x6,x0,100110	  x6:0x0000003d  x0:0x00000000
           6734	      3363	001000d0	0067a023	sw	x6,0(x15)	 x15:0x00020000  x6:0x0000003d PA:0x00020000 store:0x0000003d load:0x00000000
           6738	      3365	001000d4	00454383	lbu	x7,4(x10)	 x10:0x00101a10  x7=0x00000000 PA:0x00101a14 store:0x00000000
           6742	      3367	001000d8	02038c63	beq	x7,x0,100110	  x7:0x00000000  x0:0x00000000
           6746	      3369	00100110	00000513	addi	x10,x0,0	  x0:0x00000000 x10=0x00000000
           6750	      3371	00100114	00008067	jalr	x0,0(x1)	  x1:0x0010129c  x0=0x00000000
           6752	      3372	0010129c	000d8513	addi	x10,x27,0	 x27:0x00000002 x10=0x00000002
           6756	      3374	001012a0	e81fe0ef	jal	x1,100120	  x1=0x001012a4
           6758	      3375	00100120	01c55793	srli	x15,x10,0x1c	 x10:0x00000002 x15=0x00000000
           6760	      3376	00100124	00900713	addi	x14,x0,9	  x0:0x00000000 x14=0x00000009
           6764	      3378	00100128	0cf77a63	bgeu	x14,x15,1001fc	 x14:0x00000009 x15:0x00000000
           6768	      3380	001001fc	03078393	addi	x7,x15,48	 x15:0x00000000  x7=0x00000030
           6770	      3381	00100200	000205b7	lui	x11,0x20	 x11=0x00020000
           6772	      3382	00100204	00451613	slli	x12,x10,0x4	 x10:0x00000002 x12=0x00000020
           6776	      3384	00100208	0075a023	sw	x7,0(x11)	 x11:0x00020000  x7:0x00000030 PA:0x00020000 store:0x00000030 load:0x00000000
           6778	      3385	0010020c	01c65693	srli	x13,x12,0x1c	 x12:0x00000020 x13=0x00000000
           6780	      3386	00100210	00900813	addi	x16,x0,9	  x0:0x00000000 x16=0x00000009
           6782	      3387	00100214	f2d86ae3	bltu	x16,x13,100148	 x16:0x00000009 x13:0x00000000
           6784	      3388	00100218	03068e93	addi	x29,x13,48	 x13:0x00000000 x29=0x00000030
           6786	      3389	0010021c	00020f37	lui	x30,0x20	 x30=0x00020000
           6788	      3390	00100220	00851f93	slli	x31,x10,0x8	 x10:0x00000002 x31=0x00000200
           6792	      3392	00100224	01df2023	sw	x29,0(x30)	 x30:0x00020000 x29:0x00000030 PA:0x00020000 store:0x00000030 load:0x00000000
           6794	      3393	00100228	01cfd793	srli	x15,x31,0x1c	 x31:0x00000200 x15=0x00000000
           6796	      3394	0010022c	00900713	addi	x14,x0,9	  x0:0x00000000 x14=0x00000009
           6798	      3395	00100230	f2f76ae3	bltu	x14,x15,100164	 x14:0x00000009 x15:0x00000000
           6800	      3396	00100234	03078393	addi	x7,x15,48	 x15:0x00000000  x7=0x00000030
           6802	      3397	00100238	000205b7	lui	x11,0x20	 x11=0x00020000
           6804	      3398	0010023c	00c51613	slli	x12,x10,0xc	 x10:0x00000002 x12=0x00002000
           6808	      3400	00100240	0075a023	sw	x7,0(x11)	 x11:0x00020000  x7:0x00000030 PA:0x00020000 store:0x00000030 load:0x00000000
           6810	      3401	00100244	01c65693	srli	x13,x12,0x1c	 x12:0x00002000 x13=0x00000000
           6812	      3402	00100248	00900813	addi	x16,x0,9	  x0:0x00000000 x16=0x00000009
           6814	      3403	0010024c	f2d86ae3	bltu	x16,x13,100180	 x16:0x00000009 x13:0x00000000
           6816	      3404	00100250	03068e93	addi	x29,x13,48	 x13:0x00000000 x29=0x00000030
           6818	      3405	00100254	00020f37	lui	x30,0x20	 x30=0x00020000
           6820	      3406	00100258	01051f93	slli	x31,x10,0x10	 x10:0x00000002 x31=0x00020000
           6824	      3408	0010025c	01df2023	sw	x29,0(x30)	 x30:0x00020000 x29:0x00000030 PA:0x00020000 store:0x00000030 load:0x00000000
           6826	      3409	00100260	01cfd793	srli	x15,x31,0x1c	 x31:0x00020000 x15=0x00000000
           6828	      3410	00100264	00900713	addi	x14,x0,9	  x0:0x00000000 x14=0x00000009
           6830	      3411	00100268	f2f76ae3	bltu	x14,x15,10019c	 x14:0x00000009 x15:0x00000000
           6832	      3412	0010026c	03078393	addi	x7,x15,48	 x15:0x00000000  x7=0x00000030
           6834	      3413	00100270	000205b7	lui	x11,0x20	 x11=0x00020000
           6836	      3414	00100274	01451613	slli	x12,x10,0x14	 x10:0x00000002 x12=0x00200000
           6840	      3416	00100278	0075a023	sw	x7,0(x11)	 x11:0x00020000  x7:0x00000030 PA:0x00020000 store:0x00000030 load:0x00000000
           6842	      3417	0010027c	01c65693	srli	x13,x12,0x1c	 x12:0x00200000 x13=0x00000000
           6844	      3418	00100280	00900813	addi	x16,x0,9	  x0:0x00000000 x16=0x00000009
           6846	      3419	00100284	f2d86ae3	bltu	x16,x13,1001b8	 x16:0x00000009 x13:0x00000000
           6848	      3420	00100288	03068e93	addi	x29,x13,48	 x13:0x00000000 x29=0x00000030
           6850	      3421	0010028c	00020f37	lui	x30,0x20	 x30=0x00020000
           6852	      3422	00100290	01851f93	slli	x31,x10,0x18	 x10:0x00000002 x31=0x02000000
           6856	      3424	00100294	01df2023	sw	x29,0(x30)	 x30:0x00020000 x29:0x00000030 PA:0x00020000 store:0x00000030 load:0x00000000
           6858	      3425	00100298	01cfd793	srli	x15,x31,0x1c	 x31:0x02000000 x15=0x00000000
           6860	      3426	0010029c	00900713	addi	x14,x0,9	  x0:0x00000000 x14=0x00000009
           6862	      3427	001002a0	f2f76ae3	bltu	x14,x15,1001d4	 x14:0x00000009 x15:0x00000000
           6864	      3428	001002a4	03078393	addi	x7,x15,48	 x15:0x00000000  x7=0x00000030
           6866	      3429	001002a8	000205b7	lui	x11,0x20	 x11=0x00020000
           6870	      3431	001002ac	0075a023	sw	x7,0(x11)	 x11:0x00020000  x7:0x00000030 PA:0x00020000 store:0x00000030 load:0x00000000
           6872	      3432	001002b0	00f57513	andi	x10,x10,15	 x10:0x00000002 x10=0x00000002
           6874	      3433	001002b4	00900613	addi	x12,x0,9	  x0:0x00000000 x12=0x00000009
           6878	      3435	001002b8	f2a67ae3	bgeu	x12,x10,1001ec	 x12:0x00000009 x10:0x00000002
           6882	      3437	001001ec	03050893	addi	x17,x10,48	 x10:0x00000002 x17=0x00000032
           6884	      3438	001001f0	00020e37	lui	x28,0x20	 x28=0x00020000
           6888	      3440	001001f4	011e2023	sw	x17,0(x28)	 x28:0x00020000 x17:0x00000032 PA:0x00020000 store:0x00000032 load:0x00000000
           6892	      3442	001001f8	00008067	jalr	x0,0(x1)	  x1:0x001012a4  x0=0x00000000
           6894	      3443	001012a4	a18b0513	addi	x10,x22,-1512	 x22:0x00102000 x10=0x00101a18
           6898	      3445	001012a8	df9fe0ef	jal	x1,1000a0	  x1=0x001012ac
           6902	      3447	001000a0	00054803	lbu	x16,0(x10)	 x10:0x00101a18 x16=0x00000020 PA:0x00101a18 store:0x00000000
           6904	      3448	001000a4	06080663	beq	x16,x0,100110	 x16:0x00000020  x0:0x00000000
           6906	      3449	001000a8	000207b7	lui	x15,0x20	 x15=0x00020000
           6910	      3451	001000ac	0107a023	sw	x16,0(x15)	 x15:0x00020000 x16:0x00000020 PA:0x00020000 store:0x00000020 load:0x00000000
           6914	      3453	001000b0	00154703	lbu	x14,1(x10)	 x10:0x00101a18 x14=0x00000072 PA:0x00101a19 store:0x001012ac
           6916	      3454	001000b4	04070e63	beq	x14,x0,100110	 x14:0x00000072  x0:0x00000000
           6920	      3456	001000b8	00e7a023	sw	x14,0(x15)	 x15:0x00020000 x14:0x00000072 PA:0x00020000 store:0x00000072 load:0x00000000
           6924	      3458	001000bc	00254283	lbu	x5,2(x10)	 x10:0x00101a18  x5=0x00000065 PA:0x00101a1a store:0x00137fa0
           6926	      3459	001000c0	04028863	beq	x5,x0,100110	  x5:0x00000065  x0:0x00000000
           6930	      3461	001000c4	0057a023	sw	x5,0(x15)	 x15:0x00020000  x5:0x00000065 PA:0x00020000 store:0x00000065 load:0x00000000
           6934	      3463	001000c8	00354303	lbu	x6,3(x10)	 x10:0x00101a18  x6=0x00000073 PA:0x00101a1b store:0x00000000
           6936	      3464	001000cc	04030263	beq	x6,x0,100110	  x6:0x00000073  x0:0x00000000
           6940	      3466	001000d0	0067a023	sw	x6,0(x15)	 x15:0x00020000  x6:0x00000073 PA:0x00020000 store:0x00000073 load:0x00000000
           6944	      3468	001000d4	00454383	lbu	x7,4(x10)	 x10:0x00101a18  x7=0x00000075 PA:0x00101a1c store:0x00000000
           6946	      3469	001000d8	02038c63	beq	x7,x0,100110	  x7:0x00000075  x0:0x00000000
           6950	      3471	001000dc	0077a023	sw	x7,0(x15)	 x15:0x00020000  x7:0x00000075 PA:0x00020000 store:0x00000075 load:0x00000000
           6954	      3473	001000e0	00554583	lbu	x11,5(x10)	 x10:0x00101a18 x11=0x0000006c PA:0x00101a1d store:0x00000065
           6956	      3474	001000e4	02058663	beq	x11,x0,100110	 x11:0x0000006c  x0:0x00000000
           6960	      3476	001000e8	00b7a023	sw	x11,0(x15)	 x15:0x00020000 x11:0x0000006c PA:0x00020000 store:0x0000006c load:0x00000000
           6964	      3478	001000ec	00654603	lbu	x12,6(x10)	 x10:0x00101a18 x12=0x00000074 PA:0x00101a1e store:0x00000073
           6966	      3479	001000f0	02060063	beq	x12,x0,100110	 x12:0x00000074  x0:0x00000000
           6970	      3481	001000f4	00c7a023	sw	x12,0(x15)	 x15:0x00020000 x12:0x00000074 PA:0x00020000 store:0x00000074 load:0x00000000
           6974	      3483	001000f8	00754683	lbu	x13,7(x10)	 x10:0x00101a18 x13=0x0000003a PA:0x00101a1f store:0x00000075
           6976	      3484	001000fc	00850513	addi	x10,x10,8	 x10:0x00101a18 x10=0x00101a20
           6978	      3485	00100100	00068863	beq	x13,x0,100110	 x13:0x0000003a  x0:0x00000000
           6982	      3487	00100104	00d7a023	sw	x13,0(x15)	 x15:0x00020000 x13:0x0000003a PA:0x00020000 store:0x0000003a load:0x00000000
           6986	      3489	00100108	00054803	lbu	x16,0(x10)	 x10:0x00101a20 x16=0x00000020 PA:0x00101a20 store:0x00000000
           6990	      3491	0010010c	fa0810e3	bne	x16,x0,1000ac	 x16:0x00000020  x0:0x00000000
           6996	      3494	001000ac	0107a023	sw	x16,0(x15)	 x15:0x00020000 x16:0x00000020 PA:0x00020000 store:0x00000020 load:0x00000000
           7000	      3496	001000b0	00154703	lbu	x14,1(x10)	 x10:0x00101a20 x14=0x00000000 PA:0x00101a21 store:0x001012ac
           7004	      3498	001000b4	04070e63	beq	x14,x0,100110	 x14:0x00000000  x0:0x00000000
           7008	      3500	00100110	00000513	addi	x10,x0,0	  x0:0x00000000 x10=0x00000000
           7012	      3502	00100114	00008067	jalr	x0,0(x1)	  x1:0x001012ac  x0=0x00000000
           7016	      3504	001012ac	cf8a2503	lw	x10,-776(x20)	 x20:0x00102000 x10=0x3985487a PA:0x00101cf8 store:0x00000000
           7018	      3505	001012b0	003c0d93	addi	x27,x24,3	 x24:0x00000000 x27=0x00000003
           7020	      3506	001012b4	004c0c13	addi	x24,x24,4	 x24:0x00000000 x24=0x00000004
           7024	      3508	001012b8	e69fe0ef	jal	x1,100120	  x1=0x001012bc
           7026	      3509	00100120	01c55793	srli	x15,x10,0x1c	 x10:0x3985487a x15=0x00000003
           7028	      3510	00100124	00900713	addi	x14,x0,9	  x0:0x00000000 x14=0x00000009
           7032	      3512	00100128	0cf77a63	bgeu	x14,x15,1001fc	 x14:0x00000009 x15:0x00000003
           7036	      3514	001001fc	03078393	addi	x7,x15,48	 x15:0x00000003  x7=0x00000033
           7038	      3515	00100200	000205b7	lui	x11,0x20	 x11=0x00020000
           7040	      3516	00100204	00451613	slli	x12,x10,0x4	 x10:0x3985487a x12=0x985487a0
           7044	      3518	00100208	0075a023	sw	x7,0(x11)	 x11:0x00020000  x7:0x00000033 PA:0x00020000 store:0x00000033 load:0x00000000
           7046	      3519	0010020c	01c65693	srli	x13,x12,0x1c	 x12:0x985487a0 x13=0x00000009
           7048	      3520	00100210	00900813	addi	x16,x0,9	  x0:0x00000000 x16=0x00000009
           7050	      3521	00100214	f2d86ae3	bltu	x16,x13,100148	 x16:0x00000009 x13:0x00000009
           7052	      3522	00100218	03068e93	addi	x29,x13,48	 x13:0x00000009 x29=0x00000039
           7054	      3523	0010021c	00020f37	lui	x30,0x20	 x30=0x00020000
           7056	      3524	00100220	00851f93	slli	x31,x10,0x8	 x10:0x3985487a x31=0x85487a00
           7060	      3526	00100224	01df2023	sw	x29,0(x30)	 x30:0x00020000 x29:0x00000039 PA:0x00020000 store:0x00000039 load:0x00000000
           7062	      3527	00100228	01cfd793	srli	x15,x31,0x1c	 x31:0x85487a00 x15=0x00000008
           7064	      3528	0010022c	00900713	addi	x14,x0,9	  x0:0x00000000 x14=0x00000009
           7066	      3529	00100230	f2f76ae3	bltu	x14,x15,100164	 x14:0x00000009 x15:0x00000008
           7068	      3530	00100234	03078393	addi	x7,x15,48	 x15:0x00000008  x7=0x00000038
           7070	      3531	00100238	000205b7	lui	x11,0x20	 x11=0x00020000
           7072	      3532	0010023c	00c51613	slli	x12,x10,0xc	 x10:0x3985487a x12=0x5487a000
           7076	      3534	00100240	0075a023	sw	x7,0(x11)	 x11:0x00020000  x7:0x00000038 PA:0x00020000 store:0x00000038 load:0x00000000
           7078	      3535	00100244	01c65693	srli	x13,x12,0x1c	 x12:0x5487a000 x13=0x00000005
           7080	      3536	00100248	00900813	addi	x16,x0,9	  x0:0x00000000 x16=0x00000009
           7082	      3537	0010024c	f2d86ae3	bltu	x16,x13,100180	 x16:0x00000009 x13:0x00000005
           7084	      3538	00100250	03068e93	addi	x29,x13,48	 x13:0x00000005 x29=0x00000035
           7086	      3539	00100254	00020f37	lui	x30,0x20	 x30=0x00020000
           7088	      3540	00100258	01051f93	slli	x31,x10,0x10	 x10:0x3985487a x31=0x487a0000
           7092	      3542	0010025c	01df2023	sw	x29,0(x30)	 x30:0x00020000 x29:0x00000035 PA:0x00020000 store:0x00000035 load:0x00000000
           7094	      3543	00100260	01cfd793	srli	x15,x31,0x1c	 x31:0x487a0000 x15=0x00000004
           7096	      3544	00100264	00900713	addi	x14,x0,9	  x0:0x00000000 x14=0x00000009
           7098	      3545	00100268	f2f76ae3	bltu	x14,x15,10019c	 x14:0x00000009 x15:0x00000004
           7100	      3546	0010026c	03078393	addi	x7,x15,48	 x15:0x00000004  x7=0x00000034
           7102	      3547	00100270	000205b7	lui	x11,0x20	 x11=0x00020000
           7104	      3548	00100274	01451613	slli	x12,x10,0x14	 x10:0x3985487a x12=0x87a00000
           7108	      3550	00100278	0075a023	sw	x7,0(x11)	 x11:0x00020000  x7:0x00000034 PA:0x00020000 store:0x00000034 load:0x00000000
           7110	      3551	0010027c	01c65693	srli	x13,x12,0x1c	 x12:0x87a00000 x13=0x00000008
           7112	      3552	00100280	00900813	addi	x16,x0,9	  x0:0x00000000 x16=0x00000009
           7114	      3553	00100284	f2d86ae3	bltu	x16,x13,1001b8	 x16:0x00000009 x13:0x00000008
           7116	      3554	00100288	03068e93	addi	x29,x13,48	 x13:0x00000008 x29=0x00000038
           7118	      3555	0010028c	00020f37	lui	x30,0x20	 x30=0x00020000
           7120	      3556	00100290	01851f93	slli	x31,x10,0x18	 x10:0x3985487a x31=0x7a000000
           7124	      3558	00100294	01df2023	sw	x29,0(x30)	 x30:0x00020000 x29:0x00000038 PA:0x00020000 store:0x00000038 load:0x00000000
           7126	      3559	00100298	01cfd793	srli	x15,x31,0x1c	 x31:0x7a000000 x15=0x00000007
           7128	      3560	0010029c	00900713	addi	x14,x0,9	  x0:0x00000000 x14=0x00000009
           7130	      3561	001002a0	f2f76ae3	bltu	x14,x15,1001d4	 x14:0x00000009 x15:0x00000007
           7132	      3562	001002a4	03078393	addi	x7,x15,48	 x15:0x00000007  x7=0x00000037
           7134	      3563	001002a8	000205b7	lui	x11,0x20	 x11=0x00020000
           7138	      3565	001002ac	0075a023	sw	x7,0(x11)	 x11:0x00020000  x7:0x00000037 PA:0x00020000 store:0x00000037 load:0x00000000
           7140	      3566	001002b0	00f57513	andi	x10,x10,15	 x10:0x3985487a x10=0x0000000a
           7142	      3567	001002b4	00900613	addi	x12,x0,9	  x0:0x00000000 x12=0x00000009
           7144	      3568	001002b8	f2a67ae3	bgeu	x12,x10,1001ec	 x12:0x00000009 x10:0x0000000a
           7146	      3569	001002bc	03750693	addi	x13,x10,55	 x10:0x0000000a x13=0x00000041
           7148	      3570	001002c0	00020837	lui	x16,0x20	 x16=0x00020000
           7152	      3572	001002c4	00d82023	sw	x13,0(x16)	 x16:0x00020000 x13:0x00000041 PA:0x00020000 store:0x00000041 load:0x00000000
           7166	      3579	001002c8	00008067	jalr	x0,0(x1)	  x1:0x001012bc  x0=0x00000000
           7168	      3580	001012bc	d089a187	flw	f3,-760(x19)	 f19:0x00102000  f3=0x00000000 PA:0x00101d08 store:0x4598f2e4
           7170	      3581	001012c0	d24ba207	flw	f4,-732(x23)	 f23:0x00102000  f4=0x00000000 PA:0x00101d24 store:0x442e010d
           7192	      3592	001012c4	a10a8513	addi	x10,x21,-1520	 x21:0x00102000 x10=0x00101a10
           7194	      3593	001012c8	1841f5d3	fdiv.s	f11,f3,f4	  f3:0x00000000  f4:0x00000000 f11=0x00000000
           7198	      3595	001012cc	d0b9a427	fsw	f11,-760(x19)	 f19:0x00102000 f11:0x00020000 PA:0x00101d08 store:0x360a6d7a load:0x360a6d7a
           7204	      3598	001012d0	d089a287	flw	f5,-760(x19)	 f19:0x00102000  f5=0x00000000 PA:0x00000000
           7210	      3601	001012d4	e0028f53	fmv.x.w	x30,f5	  f5:0x00000065 x30=0x360a6d7a
           7212	      3602	001012d8	cfea2c23	sw	x30,-776(x20)	 x20:0x00102000 x30:0x360a6d7a PA:0x00101cf8 store:0x360a6d7a load:0x360a6d7a
           7216	      3604	001012dc	dc5fe0ef	jal	x1,1000a0	  x1=0x001012e0
           7220	      3606	001000a0	00054803	lbu	x16,0(x10)	 x10:0x00101a10 x16=0x0000000a PA:0x00101a10 store:0x00000000
           7222	      3607	001000a4	06080663	beq	x16,x0,100110	 x16:0x0000000a  x0:0x00000000
           7224	      3608	001000a8	000207b7	lui	x15,0x20	 x15=0x00020000
           7228	      3610	001000ac	0107a023	sw	x16,0(x15)	 x15:0x00020000 x16:0x0000000a PA:0x00020000 store:0x0000000a load:0x00000000
           7232	      3612	001000b0	00154703	lbu	x14,1(x10)	 x10:0x00101a10 x14=0x00000020 PA:0x00101a11 store:0x001012e0
           7234	      3613	001000b4	04070e63	beq	x14,x0,100110	 x14:0x00000020  x0:0x00000000
           7238	      3615	001000b8	00e7a023	sw	x14,0(x15)	 x15:0x00020000 x14:0x00000020 PA:0x00020000 store:0x00000020 load:0x00000000
           7242	      3617	001000bc	00254283	lbu	x5,2(x10)	 x10:0x00101a10  x5=0x00000069 PA:0x00101a12 store:0x00137fa0
           7244	      3618	001000c0	04028863	beq	x5,x0,100110	  x5:0x00000069  x0:0x00000000
           7248	      3620	001000c4	0057a023	sw	x5,0(x15)	 x15:0x00020000  x5:0x00000069 PA:0x00020000 store:0x00000069 load:0x00000000
           7252	      3622	001000c8	00354303	lbu	x6,3(x10)	 x10:0x00101a10  x6=0x0000003d PA:0x00101a13 store:0x00000000
           7254	      3623	001000cc	04030263	beq	x6,x0,100110	  x6:0x0000003d  x0:0x00000000
           7258	      3625	001000d0	0067a023	sw	x6,0(x15)	 x15:0x00020000  x6:0x0000003d PA:0x00020000 store:0x0000003d load:0x00000000
           7262	      3627	001000d4	00454383	lbu	x7,4(x10)	 x10:0x00101a10  x7=0x00000000 PA:0x00101a14 store:0x00000000
           7266	      3629	001000d8	02038c63	beq	x7,x0,100110	  x7:0x00000000  x0:0x00000000
           7270	      3631	00100110	00000513	addi	x10,x0,0	  x0:0x00000000 x10=0x00000000
           7274	      3633	00100114	00008067	jalr	x0,0(x1)	  x1:0x001012e0  x0=0x00000000
           7276	      3634	001012e0	000d8513	addi	x10,x27,0	 x27:0x00000003 x10=0x00000003
           7280	      3636	001012e4	e3dfe0ef	jal	x1,100120	  x1=0x001012e8
           7282	      3637	00100120	01c55793	srli	x15,x10,0x1c	 x10:0x00000003 x15=0x00000000
           7284	      3638	00100124	00900713	addi	x14,x0,9	  x0:0x00000000 x14=0x00000009
           7288	      3640	00100128	0cf77a63	bgeu	x14,x15,1001fc	 x14:0x00000009 x15:0x00000000
           7292	      3642	001001fc	03078393	addi	x7,x15,48	 x15:0x00000000  x7=0x00000030
           7294	      3643	00100200	000205b7	lui	x11,0x20	 x11=0x00020000
           7296	      3644	00100204	00451613	slli	x12,x10,0x4	 x10:0x00000003 x12=0x00000030
           7300	      3646	00100208	0075a023	sw	x7,0(x11)	 x11:0x00020000  x7:0x00000030 PA:0x00020000 store:0x00000030 load:0x00000000
           7302	      3647	0010020c	01c65693	srli	x13,x12,0x1c	 x12:0x00000030 x13=0x00000000
           7304	      3648	00100210	00900813	addi	x16,x0,9	  x0:0x00000000 x16=0x00000009
           7306	      3649	00100214	f2d86ae3	bltu	x16,x13,100148	 x16:0x00000009 x13:0x00000000
           7308	      3650	00100218	03068e93	addi	x29,x13,48	 x13:0x00000000 x29=0x00000030
           7310	      3651	0010021c	00020f37	lui	x30,0x20	 x30=0x00020000
           7312	      3652	00100220	00851f93	slli	x31,x10,0x8	 x10:0x00000003 x31=0x00000300
           7316	      3654	00100224	01df2023	sw	x29,0(x30)	 x30:0x00020000 x29:0x00000030 PA:0x00020000 store:0x00000030 load:0x00000000
           7318	      3655	00100228	01cfd793	srli	x15,x31,0x1c	 x31:0x00000300 x15=0x00000000
           7320	      3656	0010022c	00900713	addi	x14,x0,9	  x0:0x00000000 x14=0x00000009
           7322	      3657	00100230	f2f76ae3	bltu	x14,x15,100164	 x14:0x00000009 x15:0x00000000
           7324	      3658	00100234	03078393	addi	x7,x15,48	 x15:0x00000000  x7=0x00000030
           7326	      3659	00100238	000205b7	lui	x11,0x20	 x11=0x00020000
           7328	      3660	0010023c	00c51613	slli	x12,x10,0xc	 x10:0x00000003 x12=0x00003000
           7332	      3662	00100240	0075a023	sw	x7,0(x11)	 x11:0x00020000  x7:0x00000030 PA:0x00020000 store:0x00000030 load:0x00000000
           7334	      3663	00100244	01c65693	srli	x13,x12,0x1c	 x12:0x00003000 x13=0x00000000
           7336	      3664	00100248	00900813	addi	x16,x0,9	  x0:0x00000000 x16=0x00000009
           7338	      3665	0010024c	f2d86ae3	bltu	x16,x13,100180	 x16:0x00000009 x13:0x00000000
           7340	      3666	00100250	03068e93	addi	x29,x13,48	 x13:0x00000000 x29=0x00000030
           7342	      3667	00100254	00020f37	lui	x30,0x20	 x30=0x00020000
           7344	      3668	00100258	01051f93	slli	x31,x10,0x10	 x10:0x00000003 x31=0x00030000
           7348	      3670	0010025c	01df2023	sw	x29,0(x30)	 x30:0x00020000 x29:0x00000030 PA:0x00020000 store:0x00000030 load:0x00000000
           7350	      3671	00100260	01cfd793	srli	x15,x31,0x1c	 x31:0x00030000 x15=0x00000000
           7352	      3672	00100264	00900713	addi	x14,x0,9	  x0:0x00000000 x14=0x00000009
           7354	      3673	00100268	f2f76ae3	bltu	x14,x15,10019c	 x14:0x00000009 x15:0x00000000
           7356	      3674	0010026c	03078393	addi	x7,x15,48	 x15:0x00000000  x7=0x00000030
           7358	      3675	00100270	000205b7	lui	x11,0x20	 x11=0x00020000
           7360	      3676	00100274	01451613	slli	x12,x10,0x14	 x10:0x00000003 x12=0x00300000
           7364	      3678	00100278	0075a023	sw	x7,0(x11)	 x11:0x00020000  x7:0x00000030 PA:0x00020000 store:0x00000030 load:0x00000000
           7366	      3679	0010027c	01c65693	srli	x13,x12,0x1c	 x12:0x00300000 x13=0x00000000
           7368	      3680	00100280	00900813	addi	x16,x0,9	  x0:0x00000000 x16=0x00000009
           7370	      3681	00100284	f2d86ae3	bltu	x16,x13,1001b8	 x16:0x00000009 x13:0x00000000
           7372	      3682	00100288	03068e93	addi	x29,x13,48	 x13:0x00000000 x29=0x00000030
           7374	      3683	0010028c	00020f37	lui	x30,0x20	 x30=0x00020000
           7376	      3684	00100290	01851f93	slli	x31,x10,0x18	 x10:0x00000003 x31=0x03000000
           7380	      3686	00100294	01df2023	sw	x29,0(x30)	 x30:0x00020000 x29:0x00000030 PA:0x00020000 store:0x00000030 load:0x00000000
           7382	      3687	00100298	01cfd793	srli	x15,x31,0x1c	 x31:0x03000000 x15=0x00000000
           7384	      3688	0010029c	00900713	addi	x14,x0,9	  x0:0x00000000 x14=0x00000009
           7386	      3689	001002a0	f2f76ae3	bltu	x14,x15,1001d4	 x14:0x00000009 x15:0x00000000
           7388	      3690	001002a4	03078393	addi	x7,x15,48	 x15:0x00000000  x7=0x00000030
           7390	      3691	001002a8	000205b7	lui	x11,0x20	 x11=0x00020000
           7394	      3693	001002ac	0075a023	sw	x7,0(x11)	 x11:0x00020000  x7:0x00000030 PA:0x00020000 store:0x00000030 load:0x00000000
           7396	      3694	001002b0	00f57513	andi	x10,x10,15	 x10:0x00000003 x10=0x00000003
           7398	      3695	001002b4	00900613	addi	x12,x0,9	  x0:0x00000000 x12=0x00000009
           7402	      3697	001002b8	f2a67ae3	bgeu	x12,x10,1001ec	 x12:0x00000009 x10:0x00000003
           7406	      3699	001001ec	03050893	addi	x17,x10,48	 x10:0x00000003 x17=0x00000033
           7408	      3700	001001f0	00020e37	lui	x28,0x20	 x28=0x00020000
           7412	      3702	001001f4	011e2023	sw	x17,0(x28)	 x28:0x00020000 x17:0x00000033 PA:0x00020000 store:0x00000033 load:0x00000000
           7416	      3704	001001f8	00008067	jalr	x0,0(x1)	  x1:0x001012e8  x0=0x00000000
           7418	      3705	001012e8	a18b0513	addi	x10,x22,-1512	 x22:0x00102000 x10=0x00101a18
           7422	      3707	001012ec	db5fe0ef	jal	x1,1000a0	  x1=0x001012f0
           7426	      3709	001000a0	00054803	lbu	x16,0(x10)	 x10:0x00101a18 x16=0x00000020 PA:0x00101a18 store:0x00000000
           7428	      3710	001000a4	06080663	beq	x16,x0,100110	 x16:0x00000020  x0:0x00000000
           7430	      3711	001000a8	000207b7	lui	x15,0x20	 x15=0x00020000
           7434	      3713	001000ac	0107a023	sw	x16,0(x15)	 x15:0x00020000 x16:0x00000020 PA:0x00020000 store:0x00000020 load:0x00000000
           7438	      3715	001000b0	00154703	lbu	x14,1(x10)	 x10:0x00101a18 x14=0x00000072 PA:0x00101a19 store:0x001012f0
           7440	      3716	001000b4	04070e63	beq	x14,x0,100110	 x14:0x00000072  x0:0x00000000
           7444	      3718	001000b8	00e7a023	sw	x14,0(x15)	 x15:0x00020000 x14:0x00000072 PA:0x00020000 store:0x00000072 load:0x00000000
           7448	      3720	001000bc	00254283	lbu	x5,2(x10)	 x10:0x00101a18  x5=0x00000065 PA:0x00101a1a store:0x00137fa0
           7450	      3721	001000c0	04028863	beq	x5,x0,100110	  x5:0x00000065  x0:0x00000000
           7454	      3723	001000c4	0057a023	sw	x5,0(x15)	 x15:0x00020000  x5:0x00000065 PA:0x00020000 store:0x00000065 load:0x00000000
           7458	      3725	001000c8	00354303	lbu	x6,3(x10)	 x10:0x00101a18  x6=0x00000073 PA:0x00101a1b store:0x00000000
           7460	      3726	001000cc	04030263	beq	x6,x0,100110	  x6:0x00000073  x0:0x00000000
           7464	      3728	001000d0	0067a023	sw	x6,0(x15)	 x15:0x00020000  x6:0x00000073 PA:0x00020000 store:0x00000073 load:0x00000000
           7468	      3730	001000d4	00454383	lbu	x7,4(x10)	 x10:0x00101a18  x7=0x00000075 PA:0x00101a1c store:0x00000000
           7470	      3731	001000d8	02038c63	beq	x7,x0,100110	  x7:0x00000075  x0:0x00000000
           7474	      3733	001000dc	0077a023	sw	x7,0(x15)	 x15:0x00020000  x7:0x00000075 PA:0x00020000 store:0x00000075 load:0x00000000
           7478	      3735	001000e0	00554583	lbu	x11,5(x10)	 x10:0x00101a18 x11=0x0000006c PA:0x00101a1d store:0x00000065
           7480	      3736	001000e4	02058663	beq	x11,x0,100110	 x11:0x0000006c  x0:0x00000000
           7484	      3738	001000e8	00b7a023	sw	x11,0(x15)	 x15:0x00020000 x11:0x0000006c PA:0x00020000 store:0x0000006c load:0x00000000
           7488	      3740	001000ec	00654603	lbu	x12,6(x10)	 x10:0x00101a18 x12=0x00000074 PA:0x00101a1e store:0x00000073
           7490	      3741	001000f0	02060063	beq	x12,x0,100110	 x12:0x00000074  x0:0x00000000
           7494	      3743	001000f4	00c7a023	sw	x12,0(x15)	 x15:0x00020000 x12:0x00000074 PA:0x00020000 store:0x00000074 load:0x00000000
           7498	      3745	001000f8	00754683	lbu	x13,7(x10)	 x10:0x00101a18 x13=0x0000003a PA:0x00101a1f store:0x00000075
           7500	      3746	001000fc	00850513	addi	x10,x10,8	 x10:0x00101a18 x10=0x00101a20
           7502	      3747	00100100	00068863	beq	x13,x0,100110	 x13:0x0000003a  x0:0x00000000
           7506	      3749	00100104	00d7a023	sw	x13,0(x15)	 x15:0x00020000 x13:0x0000003a PA:0x00020000 store:0x0000003a load:0x00000000
           7510	      3751	00100108	00054803	lbu	x16,0(x10)	 x10:0x00101a20 x16=0x00000020 PA:0x00101a20 store:0x00000000
           7514	      3753	0010010c	fa0810e3	bne	x16,x0,1000ac	 x16:0x00000020  x0:0x00000000
           7520	      3756	001000ac	0107a023	sw	x16,0(x15)	 x15:0x00020000 x16:0x00000020 PA:0x00020000 store:0x00000020 load:0x00000000
           7524	      3758	001000b0	00154703	lbu	x14,1(x10)	 x10:0x00101a20 x14=0x00000000 PA:0x00101a21 store:0x001012f0
           7528	      3760	001000b4	04070e63	beq	x14,x0,100110	 x14:0x00000000  x0:0x00000000
           7532	      3762	00100110	00000513	addi	x10,x0,0	  x0:0x00000000 x10=0x00000000
           7536	      3764	00100114	00008067	jalr	x0,0(x1)	  x1:0x001012f0  x0=0x00000000
           7540	      3766	001012f0	cf8a2503	lw	x10,-776(x20)	 x20:0x00102000 x10=0x360a6d7a PA:0x00101cf8 store:0x00000004
           7544	      3768	001012f4	e2dfe0ef	jal	x1,100120	  x1=0x001012f8
           7546	      3769	00100120	01c55793	srli	x15,x10,0x1c	 x10:0x360a6d7a x15=0x00000003
           7548	      3770	00100124	00900713	addi	x14,x0,9	  x0:0x00000000 x14=0x00000009
           7552	      3772	00100128	0cf77a63	bgeu	x14,x15,1001fc	 x14:0x00000009 x15:0x00000003
           7556	      3774	001001fc	03078393	addi	x7,x15,48	 x15:0x00000003  x7=0x00000033
           7558	      3775	00100200	000205b7	lui	x11,0x20	 x11=0x00020000
           7560	      3776	00100204	00451613	slli	x12,x10,0x4	 x10:0x360a6d7a x12=0x60a6d7a0
           7564	      3778	00100208	0075a023	sw	x7,0(x11)	 x11:0x00020000  x7:0x00000033 PA:0x00020000 store:0x00000033 load:0x00000000
           7566	      3779	0010020c	01c65693	srli	x13,x12,0x1c	 x12:0x60a6d7a0 x13=0x00000006
           7568	      3780	00100210	00900813	addi	x16,x0,9	  x0:0x00000000 x16=0x00000009
           7570	      3781	00100214	f2d86ae3	bltu	x16,x13,100148	 x16:0x00000009 x13:0x00000006
           7572	      3782	00100218	03068e93	addi	x29,x13,48	 x13:0x00000006 x29=0x00000036
           7574	      3783	0010021c	00020f37	lui	x30,0x20	 x30=0x00020000
           7576	      3784	00100220	00851f93	slli	x31,x10,0x8	 x10:0x360a6d7a x31=0x0a6d7a00
           7580	      3786	00100224	01df2023	sw	x29,0(x30)	 x30:0x00020000 x29:0x00000036 PA:0x00020000 store:0x00000036 load:0x00000000
           7582	      3787	00100228	01cfd793	srli	x15,x31,0x1c	 x31:0x0a6d7a00 x15=0x00000000
           7584	      3788	0010022c	00900713	addi	x14,x0,9	  x0:0x00000000 x14=0x00000009
           7586	      3789	00100230	f2f76ae3	bltu	x14,x15,100164	 x14:0x00000009 x15:0x00000000
           7588	      3790	00100234	03078393	addi	x7,x15,48	 x15:0x00000000  x7=0x00000030
           7590	      3791	00100238	000205b7	lui	x11,0x20	 x11=0x00020000
           7592	      3792	0010023c	00c51613	slli	x12,x10,0xc	 x10:0x360a6d7a x12=0xa6d7a000
           7596	      3794	00100240	0075a023	sw	x7,0(x11)	 x11:0x00020000  x7:0x00000030 PA:0x00020000 store:0x00000030 load:0x00000000
           7598	      3795	00100244	01c65693	srli	x13,x12,0x1c	 x12:0xa6d7a000 x13=0x0000000a
           7600	      3796	00100248	00900813	addi	x16,x0,9	  x0:0x00000000 x16=0x00000009
           7604	      3798	0010024c	f2d86ae3	bltu	x16,x13,100180	 x16:0x00000009 x13:0x0000000a
           7608	      3800	00100180	03768893	addi	x17,x13,55	 x13:0x0000000a x17=0x00000041
           7610	      3801	00100184	00020e37	lui	x28,0x20	 x28=0x00020000
           7612	      3802	00100188	01051f93	slli	x31,x10,0x10	 x10:0x360a6d7a x31=0x6d7a0000
           7616	      3804	0010018c	011e2023	sw	x17,0(x28)	 x28:0x00020000 x17:0x00000041 PA:0x00020000 store:0x00000041 load:0x00000000
           7618	      3805	00100190	01cfd793	srli	x15,x31,0x1c	 x31:0x6d7a0000 x15=0x00000006
           7620	      3806	00100194	00900713	addi	x14,x0,9	  x0:0x00000000 x14=0x00000009
           7624	      3808	00100198	0cf77a63	bgeu	x14,x15,10026c	 x14:0x00000009 x15:0x00000006
           7628	      3810	0010026c	03078393	addi	x7,x15,48	 x15:0x00000006  x7=0x00000036
           7630	      3811	00100270	000205b7	lui	x11,0x20	 x11=0x00020000
           7632	      3812	00100274	01451613	slli	x12,x10,0x14	 x10:0x360a6d7a x12=0xd7a00000
           7636	      3814	00100278	0075a023	sw	x7,0(x11)	 x11:0x00020000  x7:0x00000036 PA:0x00020000 store:0x00000036 load:0x00000000
           7638	      3815	0010027c	01c65693	srli	x13,x12,0x1c	 x12:0xd7a00000 x13=0x0000000d
           7640	      3816	00100280	00900813	addi	x16,x0,9	  x0:0x00000000 x16=0x00000009
           7644	      3818	00100284	f2d86ae3	bltu	x16,x13,1001b8	 x16:0x00000009 x13:0x0000000d
           7648	      3820	001001b8	03768893	addi	x17,x13,55	 x13:0x0000000d x17=0x00000044
           7650	      3821	001001bc	00020e37	lui	x28,0x20	 x28=0x00020000
           7652	      3822	001001c0	01851f93	slli	x31,x10,0x18	 x10:0x360a6d7a x31=0x7a000000
           7656	      3824	001001c4	011e2023	sw	x17,0(x28)	 x28:0x00020000 x17:0x00000044 PA:0x00020000 store:0x00000044 load:0x00000000
           7658	      3825	001001c8	01cfd793	srli	x15,x31,0x1c	 x31:0x7a000000 x15=0x00000007
           7660	      3826	001001cc	00900713	addi	x14,x0,9	  x0:0x00000000 x14=0x00000009
           7664	      3828	001001d0	0cf77a63	bgeu	x14,x15,1002a4	 x14:0x00000009 x15:0x00000007
           7668	      3830	001002a4	03078393	addi	x7,x15,48	 x15:0x00000007  x7=0x00000037
           7670	      3831	001002a8	000205b7	lui	x11,0x20	 x11=0x00020000
           7674	      3833	001002ac	0075a023	sw	x7,0(x11)	 x11:0x00020000  x7:0x00000037 PA:0x00020000 store:0x00000037 load:0x00000000
           7676	      3834	001002b0	00f57513	andi	x10,x10,15	 x10:0x360a6d7a x10=0x0000000a
           7678	      3835	001002b4	00900613	addi	x12,x0,9	  x0:0x00000000 x12=0x00000009
           7680	      3836	001002b8	f2a67ae3	bgeu	x12,x10,1001ec	 x12:0x00000009 x10:0x0000000a
           7682	      3837	001002bc	03750693	addi	x13,x10,55	 x10:0x0000000a x13=0x00000041
           7684	      3838	001002c0	00020837	lui	x16,0x20	 x16=0x00020000
           7688	      3840	001002c4	00d82023	sw	x13,0(x16)	 x16:0x00020000 x13:0x00000041 PA:0x00020000 store:0x00000041 load:0x00000000
           7692	      3842	001002c8	00008067	jalr	x0,0(x1)	  x1:0x001012f8  x0=0x00000000
           7696	      3844	001012f8	f1ac10e3	bne	x24,x26,1011f8	 x24:0x00000004 x26:0x00000014
           7708	      3850	001011f8	d089a987	flw	f19,-760(x19)	 f19:0x00102000 f19=0x00000000 PA:0x00101d08 store:0x4598f2e4
           7710	      3851	001011fc	d24baa07	flw	f20,-732(x23)	 f23:0x00102000 f20=0x00000000 PA:0x00101d24 store:0x42f67c6a
           7734	      3863	00101200	a10a8513	addi	x10,x21,-1520	 x21:0x00102000 x10=0x00101a10
           7736	      3864	00101204	1949fad3	fdiv.s	f21,f19,f20	 f19:0x00102000 f20:0x00102000 f21=0x00000000
           7740	      3866	00101208	d159a427	fsw	f21,-760(x19)	 f19:0x00102000 f21:0x00102000 PA:0x00101d08 store:0x328fc550 load:0x328fc550
           7746	      3869	0010120c	d089ae07	flw	f28,-760(x19)	 f19:0x00102000 f28=0x00000000 PA:0x00000000
           7752	      3872	00101210	e00e0dd3	fmv.x.w	x27,f28	 f28:0x00020000 x27=0x328fc550
           7754	      3873	00101214	cfba2c23	sw	x27,-776(x20)	 x20:0x00102000 x27:0x328fc550 PA:0x00101cf8 store:0x328fc550 load:0x328fc550
           7758	      3875	00101218	e89fe0ef	jal	x1,1000a0	  x1=0x0010121c
           7762	      3877	001000a0	00054803	lbu	x16,0(x10)	 x10:0x00101a10 x16=0x0000000a PA:0x00101a10 store:0x00000000
           7764	      3878	001000a4	06080663	beq	x16,x0,100110	 x16:0x0000000a  x0:0x00000000
           7766	      3879	001000a8	000207b7	lui	x15,0x20	 x15=0x00020000
           7770	      3881	001000ac	0107a023	sw	x16,0(x15)	 x15:0x00020000 x16:0x0000000a PA:0x00020000 store:0x0000000a load:0x00000000
           7774	      3883	001000b0	00154703	lbu	x14,1(x10)	 x10:0x00101a10 x14=0x00000020 PA:0x00101a11 store:0x0010121c
           7776	      3884	001000b4	04070e63	beq	x14,x0,100110	 x14:0x00000020  x0:0x00000000
           7780	      3886	001000b8	00e7a023	sw	x14,0(x15)	 x15:0x00020000 x14:0x00000020 PA:0x00020000 store:0x00000020 load:0x00000000
           7784	      3888	001000bc	00254283	lbu	x5,2(x10)	 x10:0x00101a10  x5=0x00000069 PA:0x00101a12 store:0x00137fa0
           7786	      3889	001000c0	04028863	beq	x5,x0,100110	  x5:0x00000069  x0:0x00000000
           7790	      3891	001000c4	0057a023	sw	x5,0(x15)	 x15:0x00020000  x5:0x00000069 PA:0x00020000 store:0x00000069 load:0x00000000
           7794	      3893	001000c8	00354303	lbu	x6,3(x10)	 x10:0x00101a10  x6=0x0000003d PA:0x00101a13 store:0x00000000
           7796	      3894	001000cc	04030263	beq	x6,x0,100110	  x6:0x0000003d  x0:0x00000000
           7800	      3896	001000d0	0067a023	sw	x6,0(x15)	 x15:0x00020000  x6:0x0000003d PA:0x00020000 store:0x0000003d load:0x00000000
           7804	      3898	001000d4	00454383	lbu	x7,4(x10)	 x10:0x00101a10  x7=0x00000000 PA:0x00101a14 store:0x00000000
           7808	      3900	001000d8	02038c63	beq	x7,x0,100110	  x7:0x00000000  x0:0x00000000
           7812	      3902	00100110	00000513	addi	x10,x0,0	  x0:0x00000000 x10=0x00000000
           7816	      3904	00100114	00008067	jalr	x0,0(x1)	  x1:0x0010121c  x0=0x00000000
           7818	      3905	0010121c	000c0513	addi	x10,x24,0	 x24:0x00000004 x10=0x00000004
           7822	      3907	00101220	f01fe0ef	jal	x1,100120	  x1=0x00101224
           7824	      3908	00100120	01c55793	srli	x15,x10,0x1c	 x10:0x00000004 x15=0x00000000
           7826	      3909	00100124	00900713	addi	x14,x0,9	  x0:0x00000000 x14=0x00000009
           7830	      3911	00100128	0cf77a63	bgeu	x14,x15,1001fc	 x14:0x00000009 x15:0x00000000
           7834	      3913	001001fc	03078393	addi	x7,x15,48	 x15:0x00000000  x7=0x00000030
           7836	      3914	00100200	000205b7	lui	x11,0x20	 x11=0x00020000
           7838	      3915	00100204	00451613	slli	x12,x10,0x4	 x10:0x00000004 x12=0x00000040
           7842	      3917	00100208	0075a023	sw	x7,0(x11)	 x11:0x00020000  x7:0x00000030 PA:0x00020000 store:0x00000030 load:0x00000000
           7844	      3918	0010020c	01c65693	srli	x13,x12,0x1c	 x12:0x00000040 x13=0x00000000
           7846	      3919	00100210	00900813	addi	x16,x0,9	  x0:0x00000000 x16=0x00000009
           7848	      3920	00100214	f2d86ae3	bltu	x16,x13,100148	 x16:0x00000009 x13:0x00000000
           7850	      3921	00100218	03068e93	addi	x29,x13,48	 x13:0x00000000 x29=0x00000030
           7852	      3922	0010021c	00020f37	lui	x30,0x20	 x30=0x00020000
           7854	      3923	00100220	00851f93	slli	x31,x10,0x8	 x10:0x00000004 x31=0x00000400
           7858	      3925	00100224	01df2023	sw	x29,0(x30)	 x30:0x00020000 x29:0x00000030 PA:0x00020000 store:0x00000030 load:0x00000000
           7860	      3926	00100228	01cfd793	srli	x15,x31,0x1c	 x31:0x00000400 x15=0x00000000
           7862	      3927	0010022c	00900713	addi	x14,x0,9	  x0:0x00000000 x14=0x00000009
           7864	      3928	00100230	f2f76ae3	bltu	x14,x15,100164	 x14:0x00000009 x15:0x00000000
           7866	      3929	00100234	03078393	addi	x7,x15,48	 x15:0x00000000  x7=0x00000030
           7868	      3930	00100238	000205b7	lui	x11,0x20	 x11=0x00020000
           7870	      3931	0010023c	00c51613	slli	x12,x10,0xc	 x10:0x00000004 x12=0x00004000
           7874	      3933	00100240	0075a023	sw	x7,0(x11)	 x11:0x00020000  x7:0x00000030 PA:0x00020000 store:0x00000030 load:0x00000000
           7876	      3934	00100244	01c65693	srli	x13,x12,0x1c	 x12:0x00004000 x13=0x00000000
           7878	      3935	00100248	00900813	addi	x16,x0,9	  x0:0x00000000 x16=0x00000009
           7880	      3936	0010024c	f2d86ae3	bltu	x16,x13,100180	 x16:0x00000009 x13:0x00000000
           7882	      3937	00100250	03068e93	addi	x29,x13,48	 x13:0x00000000 x29=0x00000030
           7884	      3938	00100254	00020f37	lui	x30,0x20	 x30=0x00020000
           7886	      3939	00100258	01051f93	slli	x31,x10,0x10	 x10:0x00000004 x31=0x00040000
           7890	      3941	0010025c	01df2023	sw	x29,0(x30)	 x30:0x00020000 x29:0x00000030 PA:0x00020000 store:0x00000030 load:0x00000000
           7892	      3942	00100260	01cfd793	srli	x15,x31,0x1c	 x31:0x00040000 x15=0x00000000
           7894	      3943	00100264	00900713	addi	x14,x0,9	  x0:0x00000000 x14=0x00000009
           7896	      3944	00100268	f2f76ae3	bltu	x14,x15,10019c	 x14:0x00000009 x15:0x00000000
           7898	      3945	0010026c	03078393	addi	x7,x15,48	 x15:0x00000000  x7=0x00000030
           7900	      3946	00100270	000205b7	lui	x11,0x20	 x11=0x00020000
           7902	      3947	00100274	01451613	slli	x12,x10,0x14	 x10:0x00000004 x12=0x00400000
           7906	      3949	00100278	0075a023	sw	x7,0(x11)	 x11:0x00020000  x7:0x00000030 PA:0x00020000 store:0x00000030 load:0x00000000
           7908	      3950	0010027c	01c65693	srli	x13,x12,0x1c	 x12:0x00400000 x13=0x00000000
           7910	      3951	00100280	00900813	addi	x16,x0,9	  x0:0x00000000 x16=0x00000009
           7912	      3952	00100284	f2d86ae3	bltu	x16,x13,1001b8	 x16:0x00000009 x13:0x00000000
           7914	      3953	00100288	03068e93	addi	x29,x13,48	 x13:0x00000000 x29=0x00000030
           7916	      3954	0010028c	00020f37	lui	x30,0x20	 x30=0x00020000
           7918	      3955	00100290	01851f93	slli	x31,x10,0x18	 x10:0x00000004 x31=0x04000000
           7922	      3957	00100294	01df2023	sw	x29,0(x30)	 x30:0x00020000 x29:0x00000030 PA:0x00020000 store:0x00000030 load:0x00000000
           7924	      3958	00100298	01cfd793	srli	x15,x31,0x1c	 x31:0x04000000 x15=0x00000000
           7926	      3959	0010029c	00900713	addi	x14,x0,9	  x0:0x00000000 x14=0x00000009
           7928	      3960	001002a0	f2f76ae3	bltu	x14,x15,1001d4	 x14:0x00000009 x15:0x00000000
           7930	      3961	001002a4	03078393	addi	x7,x15,48	 x15:0x00000000  x7=0x00000030
           7932	      3962	001002a8	000205b7	lui	x11,0x20	 x11=0x00020000
           7936	      3964	001002ac	0075a023	sw	x7,0(x11)	 x11:0x00020000  x7:0x00000030 PA:0x00020000 store:0x00000030 load:0x00000000
           7938	      3965	001002b0	00f57513	andi	x10,x10,15	 x10:0x00000004 x10=0x00000004
           7940	      3966	001002b4	00900613	addi	x12,x0,9	  x0:0x00000000 x12=0x00000009
           7944	      3968	001002b8	f2a67ae3	bgeu	x12,x10,1001ec	 x12:0x00000009 x10:0x00000004
           7948	      3970	001001ec	03050893	addi	x17,x10,48	 x10:0x00000004 x17=0x00000034
           7950	      3971	001001f0	00020e37	lui	x28,0x20	 x28=0x00020000
           7954	      3973	001001f4	011e2023	sw	x17,0(x28)	 x28:0x00020000 x17:0x00000034 PA:0x00020000 store:0x00000034 load:0x00000000
           7958	      3975	001001f8	00008067	jalr	x0,0(x1)	  x1:0x00101224  x0=0x00000000
           7960	      3976	00101224	a18b0513	addi	x10,x22,-1512	 x22:0x00102000 x10=0x00101a18
           7964	      3978	00101228	e79fe0ef	jal	x1,1000a0	  x1=0x0010122c
           7968	      3980	001000a0	00054803	lbu	x16,0(x10)	 x10:0x00101a18 x16=0x00000020 PA:0x00101a18 store:0x00000000
           7970	      3981	001000a4	06080663	beq	x16,x0,100110	 x16:0x00000020  x0:0x00000000
           7972	      3982	001000a8	000207b7	lui	x15,0x20	 x15=0x00020000
           7976	      3984	001000ac	0107a023	sw	x16,0(x15)	 x15:0x00020000 x16:0x00000020 PA:0x00020000 store:0x00000020 load:0x00000000
           7980	      3986	001000b0	00154703	lbu	x14,1(x10)	 x10:0x00101a18 x14=0x00000072 PA:0x00101a19 store:0x0010122c
           7982	      3987	001000b4	04070e63	beq	x14,x0,100110	 x14:0x00000072  x0:0x00000000
           7986	      3989	001000b8	00e7a023	sw	x14,0(x15)	 x15:0x00020000 x14:0x00000072 PA:0x00020000 store:0x00000072 load:0x00000000
           7990	      3991	001000bc	00254283	lbu	x5,2(x10)	 x10:0x00101a18  x5=0x00000065 PA:0x00101a1a store:0x00137fa0
           7992	      3992	001000c0	04028863	beq	x5,x0,100110	  x5:0x00000065  x0:0x00000000
           7996	      3994	001000c4	0057a023	sw	x5,0(x15)	 x15:0x00020000  x5:0x00000065 PA:0x00020000 store:0x00000065 load:0x00000000
           8000	      3996	001000c8	00354303	lbu	x6,3(x10)	 x10:0x00101a18  x6=0x00000073 PA:0x00101a1b store:0x00000000
           8002	      3997	001000cc	04030263	beq	x6,x0,100110	  x6:0x00000073  x0:0x00000000
           8006	      3999	001000d0	0067a023	sw	x6,0(x15)	 x15:0x00020000  x6:0x00000073 PA:0x00020000 store:0x00000073 load:0x00000000
           8010	      4001	001000d4	00454383	lbu	x7,4(x10)	 x10:0x00101a18  x7=0x00000075 PA:0x00101a1c store:0x00000000
           8012	      4002	001000d8	02038c63	beq	x7,x0,100110	  x7:0x00000075  x0:0x00000000
           8016	      4004	001000dc	0077a023	sw	x7,0(x15)	 x15:0x00020000  x7:0x00000075 PA:0x00020000 store:0x00000075 load:0x00000000
           8020	      4006	001000e0	00554583	lbu	x11,5(x10)	 x10:0x00101a18 x11=0x0000006c PA:0x00101a1d store:0x00000065
           8022	      4007	001000e4	02058663	beq	x11,x0,100110	 x11:0x0000006c  x0:0x00000000
           8026	      4009	001000e8	00b7a023	sw	x11,0(x15)	 x15:0x00020000 x11:0x0000006c PA:0x00020000 store:0x0000006c load:0x00000000
           8030	      4011	001000ec	00654603	lbu	x12,6(x10)	 x10:0x00101a18 x12=0x00000074 PA:0x00101a1e store:0x00000073
           8032	      4012	001000f0	02060063	beq	x12,x0,100110	 x12:0x00000074  x0:0x00000000
           8036	      4014	001000f4	00c7a023	sw	x12,0(x15)	 x15:0x00020000 x12:0x00000074 PA:0x00020000 store:0x00000074 load:0x00000000
           8040	      4016	001000f8	00754683	lbu	x13,7(x10)	 x10:0x00101a18 x13=0x0000003a PA:0x00101a1f store:0x00000075
           8042	      4017	001000fc	00850513	addi	x10,x10,8	 x10:0x00101a18 x10=0x00101a20
           8044	      4018	00100100	00068863	beq	x13,x0,100110	 x13:0x0000003a  x0:0x00000000
           8048	      4020	00100104	00d7a023	sw	x13,0(x15)	 x15:0x00020000 x13:0x0000003a PA:0x00020000 store:0x0000003a load:0x00000000
           8052	      4022	00100108	00054803	lbu	x16,0(x10)	 x10:0x00101a20 x16=0x00000020 PA:0x00101a20 store:0x00000000
           8056	      4024	0010010c	fa0810e3	bne	x16,x0,1000ac	 x16:0x00000020  x0:0x00000000
           8062	      4027	001000ac	0107a023	sw	x16,0(x15)	 x15:0x00020000 x16:0x00000020 PA:0x00020000 store:0x00000020 load:0x00000000
           8066	      4029	001000b0	00154703	lbu	x14,1(x10)	 x10:0x00101a20 x14=0x00000000 PA:0x00101a21 store:0x0010122c
           8070	      4031	001000b4	04070e63	beq	x14,x0,100110	 x14:0x00000000  x0:0x00000000
           8074	      4033	00100110	00000513	addi	x10,x0,0	  x0:0x00000000 x10=0x00000000
           8078	      4035	00100114	00008067	jalr	x0,0(x1)	  x1:0x0010122c  x0=0x00000000
           8082	      4037	0010122c	cf8a2503	lw	x10,-776(x20)	 x20:0x00102000 x10=0x328fc550 PA:0x00101cf8 store:0x00000004
           8084	      4038	00101230	001c0d93	addi	x27,x24,1	 x24:0x00000004 x27=0x00000005
           8088	      4040	00101234	eedfe0ef	jal	x1,100120	  x1=0x00101238
           8090	      4041	00100120	01c55793	srli	x15,x10,0x1c	 x10:0x328fc550 x15=0x00000003
           8092	      4042	00100124	00900713	addi	x14,x0,9	  x0:0x00000000 x14=0x00000009
           8096	      4044	00100128	0cf77a63	bgeu	x14,x15,1001fc	 x14:0x00000009 x15:0x00000003
           8100	      4046	001001fc	03078393	addi	x7,x15,48	 x15:0x00000003  x7=0x00000033
           8102	      4047	00100200	000205b7	lui	x11,0x20	 x11=0x00020000
           8104	      4048	00100204	00451613	slli	x12,x10,0x4	 x10:0x328fc550 x12=0x28fc5500
           8108	      4050	00100208	0075a023	sw	x7,0(x11)	 x11:0x00020000  x7:0x00000033 PA:0x00020000 store:0x00000033 load:0x00000000
           8110	      4051	0010020c	01c65693	srli	x13,x12,0x1c	 x12:0x28fc5500 x13=0x00000002
           8112	      4052	00100210	00900813	addi	x16,x0,9	  x0:0x00000000 x16=0x00000009
           8114	      4053	00100214	f2d86ae3	bltu	x16,x13,100148	 x16:0x00000009 x13:0x00000002
           8116	      4054	00100218	03068e93	addi	x29,x13,48	 x13:0x00000002 x29=0x00000032
           8118	      4055	0010021c	00020f37	lui	x30,0x20	 x30=0x00020000
           8120	      4056	00100220	00851f93	slli	x31,x10,0x8	 x10:0x328fc550 x31=0x8fc55000
           8124	      4058	00100224	01df2023	sw	x29,0(x30)	 x30:0x00020000 x29:0x00000032 PA:0x00020000 store:0x00000032 load:0x00000000
           8126	      4059	00100228	01cfd793	srli	x15,x31,0x1c	 x31:0x8fc55000 x15=0x00000008
           8128	      4060	0010022c	00900713	addi	x14,x0,9	  x0:0x00000000 x14=0x00000009
           8130	      4061	00100230	f2f76ae3	bltu	x14,x15,100164	 x14:0x00000009 x15:0x00000008
           8132	      4062	00100234	03078393	addi	x7,x15,48	 x15:0x00000008  x7=0x00000038
           8134	      4063	00100238	000205b7	lui	x11,0x20	 x11=0x00020000
           8136	      4064	0010023c	00c51613	slli	x12,x10,0xc	 x10:0x328fc550 x12=0xfc550000
           8140	      4066	00100240	0075a023	sw	x7,0(x11)	 x11:0x00020000  x7:0x00000038 PA:0x00020000 store:0x00000038 load:0x00000000
           8142	      4067	00100244	01c65693	srli	x13,x12,0x1c	 x12:0xfc550000 x13=0x0000000f
           8144	      4068	00100248	00900813	addi	x16,x0,9	  x0:0x00000000 x16=0x00000009
           8148	      4070	0010024c	f2d86ae3	bltu	x16,x13,100180	 x16:0x00000009 x13:0x0000000f
           8152	      4072	00100180	03768893	addi	x17,x13,55	 x13:0x0000000f x17=0x00000046
           8154	      4073	00100184	00020e37	lui	x28,0x20	 x28=0x00020000
           8156	      4074	00100188	01051f93	slli	x31,x10,0x10	 x10:0x328fc550 x31=0xc5500000
           8160	      4076	0010018c	011e2023	sw	x17,0(x28)	 x28:0x00020000 x17:0x00000046 PA:0x00020000 store:0x00000046 load:0x00000000
           8162	      4077	00100190	01cfd793	srli	x15,x31,0x1c	 x31:0xc5500000 x15=0x0000000c
           8164	      4078	00100194	00900713	addi	x14,x0,9	  x0:0x00000000 x14=0x00000009
           8166	      4079	00100198	0cf77a63	bgeu	x14,x15,10026c	 x14:0x00000009 x15:0x0000000c
           8168	      4080	0010019c	03778293	addi	x5,x15,55	 x15:0x0000000c  x5=0x00000043
           8170	      4081	001001a0	00020337	lui	x6,0x20	  x6=0x00020000
           8172	      4082	001001a4	01451613	slli	x12,x10,0x14	 x10:0x328fc550 x12=0x55000000
           8176	      4084	001001a8	00532023	sw	x5,0(x6)	  x6:0x00020000  x5:0x00000043 PA:0x00020000 store:0x00000043 load:0x00000000
           8178	      4085	001001ac	01c65693	srli	x13,x12,0x1c	 x12:0x55000000 x13=0x00000005
           8180	      4086	001001b0	00900813	addi	x16,x0,9	  x0:0x00000000 x16=0x00000009
           8184	      4088	001001b4	0cd87a63	bgeu	x16,x13,100288	 x16:0x00000009 x13:0x00000005
           8188	      4090	00100288	03068e93	addi	x29,x13,48	 x13:0x00000005 x29=0x00000035
           8190	      4091	0010028c	00020f37	lui	x30,0x20	 x30=0x00020000
           8192	      4092	00100290	01851f93	slli	x31,x10,0x18	 x10:0x328fc550 x31=0x50000000
           8196	      4094	00100294	01df2023	sw	x29,0(x30)	 x30:0x00020000 x29:0x00000035 PA:0x00020000 store:0x00000035 load:0x00000000
           8198	      4095	00100298	01cfd793	srli	x15,x31,0x1c	 x31:0x50000000 x15=0x00000005
           8200	      4096	0010029c	00900713	addi	x14,x0,9	  x0:0x00000000 x14=0x00000009
           8202	      4097	001002a0	f2f76ae3	bltu	x14,x15,1001d4	 x14:0x00000009 x15:0x00000005
           8204	      4098	001002a4	03078393	addi	x7,x15,48	 x15:0x00000005  x7=0x00000035
           8206	      4099	001002a8	000205b7	lui	x11,0x20	 x11=0x00020000
           8210	      4101	001002ac	0075a023	sw	x7,0(x11)	 x11:0x00020000  x7:0x00000035 PA:0x00020000 store:0x00000035 load:0x00000000
           8212	      4102	001002b0	00f57513	andi	x10,x10,15	 x10:0x328fc550 x10=0x00000000
           8214	      4103	001002b4	00900613	addi	x12,x0,9	  x0:0x00000000 x12=0x00000009
           8218	      4105	001002b8	f2a67ae3	bgeu	x12,x10,1001ec	 x12:0x00000009 x10:0x00000000
           8222	      4107	001001ec	03050893	addi	x17,x10,48	 x10:0x00000000 x17=0x00000030
           8224	      4108	001001f0	00020e37	lui	x28,0x20	 x28=0x00020000
           8228	      4110	001001f4	011e2023	sw	x17,0(x28)	 x28:0x00020000 x17:0x00000030 PA:0x00020000 store:0x00000030 load:0x00000000
           8242	      4117	001001f8	00008067	jalr	x0,0(x1)	  x1:0x00101238  x0=0x00000000
           8244	      4118	00101238	d089ae87	flw	f29,-760(x19)	 f19:0x00102000 f29=0x00000000 PA:0x00101d08 store:0x4598f2e4
           8246	      4119	0010123c	d24baf07	flw	f30,-732(x23)	 f23:0x00102000 f30=0x00000000 PA:0x00101d24 store:0x42f67c6a
           8268	      4130	00101240	a10a8513	addi	x10,x21,-1520	 x21:0x00102000 x10=0x00101a10
           8270	      4131	00101244	19eeffd3	fdiv.s	f31,f29,f30	 f29:0x00000035 f30:0x00020000 f31=0x00000000
           8274	      4133	00101248	d1f9a427	fsw	f31,-760(x19)	 f19:0x00102000 f31:0x50000000 PA:0x00101d08 store:0x2f1551f2 load:0x2f1551f2
           8280	      4136	0010124c	d089a007	flw	f0,-760(x19)	 f19:0x00102000  f0=0x00000000 PA:0x00000000
           8286	      4139	00101250	e0000e53	fmv.x.w	x28,f0	  f0:0x00000000 x28=0x2f1551f2
           8288	      4140	00101254	cfca2c23	sw	x28,-776(x20)	 x20:0x00102000 x28:0x2f1551f2 PA:0x00101cf8 store:0x2f1551f2 load:0x2f1551f2
           8292	      4142	00101258	e49fe0ef	jal	x1,1000a0	  x1=0x0010125c
           8296	      4144	001000a0	00054803	lbu	x16,0(x10)	 x10:0x00101a10 x16=0x0000000a PA:0x00101a10 store:0x00000000
           8298	      4145	001000a4	06080663	beq	x16,x0,100110	 x16:0x0000000a  x0:0x00000000
           8300	      4146	001000a8	000207b7	lui	x15,0x20	 x15=0x00020000
           8304	      4148	001000ac	0107a023	sw	x16,0(x15)	 x15:0x00020000 x16:0x0000000a PA:0x00020000 store:0x0000000a load:0x00000000
           8308	      4150	001000b0	00154703	lbu	x14,1(x10)	 x10:0x00101a10 x14=0x00000020 PA:0x00101a11 store:0x0010125c
           8310	      4151	001000b4	04070e63	beq	x14,x0,100110	 x14:0x00000020  x0:0x00000000
           8314	      4153	001000b8	00e7a023	sw	x14,0(x15)	 x15:0x00020000 x14:0x00000020 PA:0x00020000 store:0x00000020 load:0x00000000
           8318	      4155	001000bc	00254283	lbu	x5,2(x10)	 x10:0x00101a10  x5=0x00000069 PA:0x00101a12 store:0x00137fa0
           8320	      4156	001000c0	04028863	beq	x5,x0,100110	  x5:0x00000069  x0:0x00000000
           8324	      4158	001000c4	0057a023	sw	x5,0(x15)	 x15:0x00020000  x5:0x00000069 PA:0x00020000 store:0x00000069 load:0x00000000
           8328	      4160	001000c8	00354303	lbu	x6,3(x10)	 x10:0x00101a10  x6=0x0000003d PA:0x00101a13 store:0x00000000
           8330	      4161	001000cc	04030263	beq	x6,x0,100110	  x6:0x0000003d  x0:0x00000000
           8334	      4163	001000d0	0067a023	sw	x6,0(x15)	 x15:0x00020000  x6:0x0000003d PA:0x00020000 store:0x0000003d load:0x00000000
           8338	      4165	001000d4	00454383	lbu	x7,4(x10)	 x10:0x00101a10  x7=0x00000000 PA:0x00101a14 store:0x00000000
           8342	      4167	001000d8	02038c63	beq	x7,x0,100110	  x7:0x00000000  x0:0x00000000
           8346	      4169	00100110	00000513	addi	x10,x0,0	  x0:0x00000000 x10=0x00000000
           8350	      4171	00100114	00008067	jalr	x0,0(x1)	  x1:0x0010125c  x0=0x00000000
           8352	      4172	0010125c	000d8513	addi	x10,x27,0	 x27:0x00000005 x10=0x00000005
           8356	      4174	00101260	ec1fe0ef	jal	x1,100120	  x1=0x00101264
           8358	      4175	00100120	01c55793	srli	x15,x10,0x1c	 x10:0x00000005 x15=0x00000000
           8360	      4176	00100124	00900713	addi	x14,x0,9	  x0:0x00000000 x14=0x00000009
           8364	      4178	00100128	0cf77a63	bgeu	x14,x15,1001fc	 x14:0x00000009 x15:0x00000000
           8368	      4180	001001fc	03078393	addi	x7,x15,48	 x15:0x00000000  x7=0x00000030
           8370	      4181	00100200	000205b7	lui	x11,0x20	 x11=0x00020000
           8372	      4182	00100204	00451613	slli	x12,x10,0x4	 x10:0x00000005 x12=0x00000050
           8376	      4184	00100208	0075a023	sw	x7,0(x11)	 x11:0x00020000  x7:0x00000030 PA:0x00020000 store:0x00000030 load:0x00000000
           8378	      4185	0010020c	01c65693	srli	x13,x12,0x1c	 x12:0x00000050 x13=0x00000000
           8380	      4186	00100210	00900813	addi	x16,x0,9	  x0:0x00000000 x16=0x00000009
           8382	      4187	00100214	f2d86ae3	bltu	x16,x13,100148	 x16:0x00000009 x13:0x00000000
           8384	      4188	00100218	03068e93	addi	x29,x13,48	 x13:0x00000000 x29=0x00000030
           8386	      4189	0010021c	00020f37	lui	x30,0x20	 x30=0x00020000
           8388	      4190	00100220	00851f93	slli	x31,x10,0x8	 x10:0x00000005 x31=0x00000500
           8392	      4192	00100224	01df2023	sw	x29,0(x30)	 x30:0x00020000 x29:0x00000030 PA:0x00020000 store:0x00000030 load:0x00000000
           8394	      4193	00100228	01cfd793	srli	x15,x31,0x1c	 x31:0x00000500 x15=0x00000000
           8396	      4194	0010022c	00900713	addi	x14,x0,9	  x0:0x00000000 x14=0x00000009
           8398	      4195	00100230	f2f76ae3	bltu	x14,x15,100164	 x14:0x00000009 x15:0x00000000
           8400	      4196	00100234	03078393	addi	x7,x15,48	 x15:0x00000000  x7=0x00000030
           8402	      4197	00100238	000205b7	lui	x11,0x20	 x11=0x00020000
           8404	      4198	0010023c	00c51613	slli	x12,x10,0xc	 x10:0x00000005 x12=0x00005000
           8408	      4200	00100240	0075a023	sw	x7,0(x11)	 x11:0x00020000  x7:0x00000030 PA:0x00020000 store:0x00000030 load:0x00000000
           8410	      4201	00100244	01c65693	srli	x13,x12,0x1c	 x12:0x00005000 x13=0x00000000
           8412	      4202	00100248	00900813	addi	x16,x0,9	  x0:0x00000000 x16=0x00000009
           8414	      4203	0010024c	f2d86ae3	bltu	x16,x13,100180	 x16:0x00000009 x13:0x00000000
           8416	      4204	00100250	03068e93	addi	x29,x13,48	 x13:0x00000000 x29=0x00000030
           8418	      4205	00100254	00020f37	lui	x30,0x20	 x30=0x00020000
           8420	      4206	00100258	01051f93	slli	x31,x10,0x10	 x10:0x00000005 x31=0x00050000
           8424	      4208	0010025c	01df2023	sw	x29,0(x30)	 x30:0x00020000 x29:0x00000030 PA:0x00020000 store:0x00000030 load:0x00000000
           8426	      4209	00100260	01cfd793	srli	x15,x31,0x1c	 x31:0x00050000 x15=0x00000000
           8428	      4210	00100264	00900713	addi	x14,x0,9	  x0:0x00000000 x14=0x00000009
           8430	      4211	00100268	f2f76ae3	bltu	x14,x15,10019c	 x14:0x00000009 x15:0x00000000
           8432	      4212	0010026c	03078393	addi	x7,x15,48	 x15:0x00000000  x7=0x00000030
           8434	      4213	00100270	000205b7	lui	x11,0x20	 x11=0x00020000
           8436	      4214	00100274	01451613	slli	x12,x10,0x14	 x10:0x00000005 x12=0x00500000
           8440	      4216	00100278	0075a023	sw	x7,0(x11)	 x11:0x00020000  x7:0x00000030 PA:0x00020000 store:0x00000030 load:0x00000000
           8442	      4217	0010027c	01c65693	srli	x13,x12,0x1c	 x12:0x00500000 x13=0x00000000
           8444	      4218	00100280	00900813	addi	x16,x0,9	  x0:0x00000000 x16=0x00000009
           8446	      4219	00100284	f2d86ae3	bltu	x16,x13,1001b8	 x16:0x00000009 x13:0x00000000
           8448	      4220	00100288	03068e93	addi	x29,x13,48	 x13:0x00000000 x29=0x00000030
           8450	      4221	0010028c	00020f37	lui	x30,0x20	 x30=0x00020000
           8452	      4222	00100290	01851f93	slli	x31,x10,0x18	 x10:0x00000005 x31=0x05000000
           8456	      4224	00100294	01df2023	sw	x29,0(x30)	 x30:0x00020000 x29:0x00000030 PA:0x00020000 store:0x00000030 load:0x00000000
           8458	      4225	00100298	01cfd793	srli	x15,x31,0x1c	 x31:0x05000000 x15=0x00000000
           8460	      4226	0010029c	00900713	addi	x14,x0,9	  x0:0x00000000 x14=0x00000009
           8462	      4227	001002a0	f2f76ae3	bltu	x14,x15,1001d4	 x14:0x00000009 x15:0x00000000
           8464	      4228	001002a4	03078393	addi	x7,x15,48	 x15:0x00000000  x7=0x00000030
           8466	      4229	001002a8	000205b7	lui	x11,0x20	 x11=0x00020000
           8470	      4231	001002ac	0075a023	sw	x7,0(x11)	 x11:0x00020000  x7:0x00000030 PA:0x00020000 store:0x00000030 load:0x00000000
           8472	      4232	001002b0	00f57513	andi	x10,x10,15	 x10:0x00000005 x10=0x00000005
           8474	      4233	001002b4	00900613	addi	x12,x0,9	  x0:0x00000000 x12=0x00000009
           8478	      4235	001002b8	f2a67ae3	bgeu	x12,x10,1001ec	 x12:0x00000009 x10:0x00000005
           8482	      4237	001001ec	03050893	addi	x17,x10,48	 x10:0x00000005 x17=0x00000035
           8484	      4238	001001f0	00020e37	lui	x28,0x20	 x28=0x00020000
           8488	      4240	001001f4	011e2023	sw	x17,0(x28)	 x28:0x00020000 x17:0x00000035 PA:0x00020000 store:0x00000035 load:0x00000000
           8492	      4242	001001f8	00008067	jalr	x0,0(x1)	  x1:0x00101264  x0=0x00000000
           8494	      4243	00101264	a18b0513	addi	x10,x22,-1512	 x22:0x00102000 x10=0x00101a18
           8498	      4245	00101268	e39fe0ef	jal	x1,1000a0	  x1=0x0010126c
           8502	      4247	001000a0	00054803	lbu	x16,0(x10)	 x10:0x00101a18 x16=0x00000020 PA:0x00101a18 store:0x00000000
           8504	      4248	001000a4	06080663	beq	x16,x0,100110	 x16:0x00000020  x0:0x00000000
           8506	      4249	001000a8	000207b7	lui	x15,0x20	 x15=0x00020000
           8510	      4251	001000ac	0107a023	sw	x16,0(x15)	 x15:0x00020000 x16:0x00000020 PA:0x00020000 store:0x00000020 load:0x00000000
           8514	      4253	001000b0	00154703	lbu	x14,1(x10)	 x10:0x00101a18 x14=0x00000072 PA:0x00101a19 store:0x0010126c
           8516	      4254	001000b4	04070e63	beq	x14,x0,100110	 x14:0x00000072  x0:0x00000000
           8520	      4256	001000b8	00e7a023	sw	x14,0(x15)	 x15:0x00020000 x14:0x00000072 PA:0x00020000 store:0x00000072 load:0x00000000
           8524	      4258	001000bc	00254283	lbu	x5,2(x10)	 x10:0x00101a18  x5=0x00000065 PA:0x00101a1a store:0x00137fa0
           8526	      4259	001000c0	04028863	beq	x5,x0,100110	  x5:0x00000065  x0:0x00000000
           8530	      4261	001000c4	0057a023	sw	x5,0(x15)	 x15:0x00020000  x5:0x00000065 PA:0x00020000 store:0x00000065 load:0x00000000
           8534	      4263	001000c8	00354303	lbu	x6,3(x10)	 x10:0x00101a18  x6=0x00000073 PA:0x00101a1b store:0x00000000
           8536	      4264	001000cc	04030263	beq	x6,x0,100110	  x6:0x00000073  x0:0x00000000
           8540	      4266	001000d0	0067a023	sw	x6,0(x15)	 x15:0x00020000  x6:0x00000073 PA:0x00020000 store:0x00000073 load:0x00000000
           8544	      4268	001000d4	00454383	lbu	x7,4(x10)	 x10:0x00101a18  x7=0x00000075 PA:0x00101a1c store:0x00000000
           8546	      4269	001000d8	02038c63	beq	x7,x0,100110	  x7:0x00000075  x0:0x00000000
           8550	      4271	001000dc	0077a023	sw	x7,0(x15)	 x15:0x00020000  x7:0x00000075 PA:0x00020000 store:0x00000075 load:0x00000000
           8554	      4273	001000e0	00554583	lbu	x11,5(x10)	 x10:0x00101a18 x11=0x0000006c PA:0x00101a1d store:0x00000065
           8556	      4274	001000e4	02058663	beq	x11,x0,100110	 x11:0x0000006c  x0:0x00000000
           8560	      4276	001000e8	00b7a023	sw	x11,0(x15)	 x15:0x00020000 x11:0x0000006c PA:0x00020000 store:0x0000006c load:0x00000000
           8564	      4278	001000ec	00654603	lbu	x12,6(x10)	 x10:0x00101a18 x12=0x00000074 PA:0x00101a1e store:0x00000073
           8566	      4279	001000f0	02060063	beq	x12,x0,100110	 x12:0x00000074  x0:0x00000000
           8570	      4281	001000f4	00c7a023	sw	x12,0(x15)	 x15:0x00020000 x12:0x00000074 PA:0x00020000 store:0x00000074 load:0x00000000
           8574	      4283	001000f8	00754683	lbu	x13,7(x10)	 x10:0x00101a18 x13=0x0000003a PA:0x00101a1f store:0x00000075
           8576	      4284	001000fc	00850513	addi	x10,x10,8	 x10:0x00101a18 x10=0x00101a20
           8578	      4285	00100100	00068863	beq	x13,x0,100110	 x13:0x0000003a  x0:0x00000000
           8582	      4287	00100104	00d7a023	sw	x13,0(x15)	 x15:0x00020000 x13:0x0000003a PA:0x00020000 store:0x0000003a load:0x00000000
           8586	      4289	00100108	00054803	lbu	x16,0(x10)	 x10:0x00101a20 x16=0x00000020 PA:0x00101a20 store:0x00000000
           8590	      4291	0010010c	fa0810e3	bne	x16,x0,1000ac	 x16:0x00000020  x0:0x00000000
           8596	      4294	001000ac	0107a023	sw	x16,0(x15)	 x15:0x00020000 x16:0x00000020 PA:0x00020000 store:0x00000020 load:0x00000000
           8600	      4296	001000b0	00154703	lbu	x14,1(x10)	 x10:0x00101a20 x14=0x00000000 PA:0x00101a21 store:0x0010126c
           8604	      4298	001000b4	04070e63	beq	x14,x0,100110	 x14:0x00000000  x0:0x00000000
           8608	      4300	00100110	00000513	addi	x10,x0,0	  x0:0x00000000 x10=0x00000000
           8612	      4302	00100114	00008067	jalr	x0,0(x1)	  x1:0x0010126c  x0=0x00000000
           8616	      4304	0010126c	cf8a2503	lw	x10,-776(x20)	 x20:0x00102000 x10=0x2f1551f2 PA:0x00101cf8 store:0x00000004
           8618	      4305	00101270	002c0d93	addi	x27,x24,2	 x24:0x00000004 x27=0x00000006
           8622	      4307	00101274	eadfe0ef	jal	x1,100120	  x1=0x00101278
           8624	      4308	00100120	01c55793	srli	x15,x10,0x1c	 x10:0x2f1551f2 x15=0x00000002
           8626	      4309	00100124	00900713	addi	x14,x0,9	  x0:0x00000000 x14=0x00000009
           8630	      4311	00100128	0cf77a63	bgeu	x14,x15,1001fc	 x14:0x00000009 x15:0x00000002
           8634	      4313	001001fc	03078393	addi	x7,x15,48	 x15:0x00000002  x7=0x00000032
           8636	      4314	00100200	000205b7	lui	x11,0x20	 x11=0x00020000
           8638	      4315	00100204	00451613	slli	x12,x10,0x4	 x10:0x2f1551f2 x12=0xf1551f20
           8642	      4317	00100208	0075a023	sw	x7,0(x11)	 x11:0x00020000  x7:0x00000032 PA:0x00020000 store:0x00000032 load:0x00000000
           8644	      4318	0010020c	01c65693	srli	x13,x12,0x1c	 x12:0xf1551f20 x13=0x0000000f
           8646	      4319	00100210	00900813	addi	x16,x0,9	  x0:0x00000000 x16=0x00000009
           8650	      4321	00100214	f2d86ae3	bltu	x16,x13,100148	 x16:0x00000009 x13:0x0000000f
           8654	      4323	00100148	03768893	addi	x17,x13,55	 x13:0x0000000f x17=0x00000046
           8656	      4324	0010014c	00020e37	lui	x28,0x20	 x28=0x00020000
           8658	      4325	00100150	00851f93	slli	x31,x10,0x8	 x10:0x2f1551f2 x31=0x1551f200
           8662	      4327	00100154	011e2023	sw	x17,0(x28)	 x28:0x00020000 x17:0x00000046 PA:0x00020000 store:0x00000046 load:0x00000000
           8664	      4328	00100158	01cfd793	srli	x15,x31,0x1c	 x31:0x1551f200 x15=0x00000001
           8666	      4329	0010015c	00900713	addi	x14,x0,9	  x0:0x00000000 x14=0x00000009
           8670	      4331	00100160	0cf77a63	bgeu	x14,x15,100234	 x14:0x00000009 x15:0x00000001
           8674	      4333	00100234	03078393	addi	x7,x15,48	 x15:0x00000001  x7=0x00000031
           8676	      4334	00100238	000205b7	lui	x11,0x20	 x11=0x00020000
           8678	      4335	0010023c	00c51613	slli	x12,x10,0xc	 x10:0x2f1551f2 x12=0x551f2000
           8682	      4337	00100240	0075a023	sw	x7,0(x11)	 x11:0x00020000  x7:0x00000031 PA:0x00020000 store:0x00000031 load:0x00000000
           8684	      4338	00100244	01c65693	srli	x13,x12,0x1c	 x12:0x551f2000 x13=0x00000005
           8686	      4339	00100248	00900813	addi	x16,x0,9	  x0:0x00000000 x16=0x00000009
           8688	      4340	0010024c	f2d86ae3	bltu	x16,x13,100180	 x16:0x00000009 x13:0x00000005
           8690	      4341	00100250	03068e93	addi	x29,x13,48	 x13:0x00000005 x29=0x00000035
           8692	      4342	00100254	00020f37	lui	x30,0x20	 x30=0x00020000
           8694	      4343	00100258	01051f93	slli	x31,x10,0x10	 x10:0x2f1551f2 x31=0x51f20000
           8698	      4345	0010025c	01df2023	sw	x29,0(x30)	 x30:0x00020000 x29:0x00000035 PA:0x00020000 store:0x00000035 load:0x00000000
           8700	      4346	00100260	01cfd793	srli	x15,x31,0x1c	 x31:0x51f20000 x15=0x00000005
           8702	      4347	00100264	00900713	addi	x14,x0,9	  x0:0x00000000 x14=0x00000009
           8704	      4348	00100268	f2f76ae3	bltu	x14,x15,10019c	 x14:0x00000009 x15:0x00000005
           8706	      4349	0010026c	03078393	addi	x7,x15,48	 x15:0x00000005  x7=0x00000035
           8708	      4350	00100270	000205b7	lui	x11,0x20	 x11=0x00020000
           8710	      4351	00100274	01451613	slli	x12,x10,0x14	 x10:0x2f1551f2 x12=0x1f200000
           8714	      4353	00100278	0075a023	sw	x7,0(x11)	 x11:0x00020000  x7:0x00000035 PA:0x00020000 store:0x00000035 load:0x00000000
           8716	      4354	0010027c	01c65693	srli	x13,x12,0x1c	 x12:0x1f200000 x13=0x00000001
           8718	      4355	00100280	00900813	addi	x16,x0,9	  x0:0x00000000 x16=0x00000009
           8720	      4356	00100284	f2d86ae3	bltu	x16,x13,1001b8	 x16:0x00000009 x13:0x00000001
           8722	      4357	00100288	03068e93	addi	x29,x13,48	 x13:0x00000001 x29=0x00000031
           8724	      4358	0010028c	00020f37	lui	x30,0x20	 x30=0x00020000
           8726	      4359	00100290	01851f93	slli	x31,x10,0x18	 x10:0x2f1551f2 x31=0xf2000000
           8730	      4361	00100294	01df2023	sw	x29,0(x30)	 x30:0x00020000 x29:0x00000031 PA:0x00020000 store:0x00000031 load:0x00000000
           8732	      4362	00100298	01cfd793	srli	x15,x31,0x1c	 x31:0xf2000000 x15=0x0000000f
           8734	      4363	0010029c	00900713	addi	x14,x0,9	  x0:0x00000000 x14=0x00000009
           8738	      4365	001002a0	f2f76ae3	bltu	x14,x15,1001d4	 x14:0x00000009 x15:0x0000000f
           8742	      4367	001001d4	03778293	addi	x5,x15,55	 x15:0x0000000f  x5=0x00000046
           8744	      4368	001001d8	00020337	lui	x6,0x20	  x6=0x00020000
           8748	      4370	001001dc	00532023	sw	x5,0(x6)	  x6:0x00020000  x5:0x00000046 PA:0x00020000 store:0x00000046 load:0x00000000
           8750	      4371	001001e0	00f57513	andi	x10,x10,15	 x10:0x2f1551f2 x10=0x00000002
           8752	      4372	001001e4	00900613	addi	x12,x0,9	  x0:0x00000000 x12=0x00000009
           8754	      4373	001001e8	0ca66a63	bltu	x12,x10,1002bc	 x12:0x00000009 x10:0x00000002
           8756	      4374	001001ec	03050893	addi	x17,x10,48	 x10:0x00000002 x17=0x00000032
           8758	      4375	001001f0	00020e37	lui	x28,0x20	 x28=0x00020000
           8762	      4377	001001f4	011e2023	sw	x17,0(x28)	 x28:0x00020000 x17:0x00000032 PA:0x00020000 store:0x00000032 load:0x00000000
           8776	      4384	001001f8	00008067	jalr	x0,0(x1)	  x1:0x00101278  x0=0x00000000
           8778	      4385	00101278	d089a087	flw	f1,-760(x19)	 f19:0x00102000  f1=0x00000000 PA:0x00101d08 store:0x4598f2e4
           8780	      4386	0010127c	d24ba107	flw	f2,-732(x23)	 f23:0x00102000  f2=0x00000000 PA:0x00101d24 store:0x42f67c6a
           8802	      4397	00101280	a10a8513	addi	x10,x21,-1520	 x21:0x00102000 x10=0x00101a10
           8804	      4398	00101284	1820f753	fdiv.s	f14,f1,f2	  f1:0x00101278  f2:0x00137fa0 f14=0x00000000
           8808	      4400	00101288	d0e9a427	fsw	f14,-760(x19)	 f19:0x00102000 f14:0x00000009 PA:0x00101d08 store:0x2b9b156a load:0x2b9b156a
           8814	      4403	0010128c	d089a787	flw	f15,-760(x19)	 f19:0x00102000 f15=0x00000000 PA:0x00000000
           8820	      4406	00101290	e0078ed3	fmv.x.w	x29,f15	 f15:0x0000000f x29=0x2b9b156a
           8822	      4407	00101294	cfda2c23	sw	x29,-776(x20)	 x20:0x00102000 x29:0x2b9b156a PA:0x00101cf8 store:0x2b9b156a load:0x2b9b156a
           8826	      4409	00101298	e09fe0ef	jal	x1,1000a0	  x1=0x0010129c
           8830	      4411	001000a0	00054803	lbu	x16,0(x10)	 x10:0x00101a10 x16=0x0000000a PA:0x00101a10 store:0x00000000
           8832	      4412	001000a4	06080663	beq	x16,x0,100110	 x16:0x0000000a  x0:0x00000000
           8834	      4413	001000a8	000207b7	lui	x15,0x20	 x15=0x00020000
           8838	      4415	001000ac	0107a023	sw	x16,0(x15)	 x15:0x00020000 x16:0x0000000a PA:0x00020000 store:0x0000000a load:0x00000000
           8842	      4417	001000b0	00154703	lbu	x14,1(x10)	 x10:0x00101a10 x14=0x00000020 PA:0x00101a11 store:0x0010129c
           8844	      4418	001000b4	04070e63	beq	x14,x0,100110	 x14:0x00000020  x0:0x00000000
           8848	      4420	001000b8	00e7a023	sw	x14,0(x15)	 x15:0x00020000 x14:0x00000020 PA:0x00020000 store:0x00000020 load:0x00000000
           8852	      4422	001000bc	00254283	lbu	x5,2(x10)	 x10:0x00101a10  x5=0x00000069 PA:0x00101a12 store:0x00137fa0
           8854	      4423	001000c0	04028863	beq	x5,x0,100110	  x5:0x00000069  x0:0x00000000
           8858	      4425	001000c4	0057a023	sw	x5,0(x15)	 x15:0x00020000  x5:0x00000069 PA:0x00020000 store:0x00000069 load:0x00000000
           8862	      4427	001000c8	00354303	lbu	x6,3(x10)	 x10:0x00101a10  x6=0x0000003d PA:0x00101a13 store:0x00000000
           8864	      4428	001000cc	04030263	beq	x6,x0,100110	  x6:0x0000003d  x0:0x00000000
           8868	      4430	001000d0	0067a023	sw	x6,0(x15)	 x15:0x00020000  x6:0x0000003d PA:0x00020000 store:0x0000003d load:0x00000000
           8872	      4432	001000d4	00454383	lbu	x7,4(x10)	 x10:0x00101a10  x7=0x00000000 PA:0x00101a14 store:0x00000000
           8876	      4434	001000d8	02038c63	beq	x7,x0,100110	  x7:0x00000000  x0:0x00000000
           8880	      4436	00100110	00000513	addi	x10,x0,0	  x0:0x00000000 x10=0x00000000
           8884	      4438	00100114	00008067	jalr	x0,0(x1)	  x1:0x0010129c  x0=0x00000000
           8886	      4439	0010129c	000d8513	addi	x10,x27,0	 x27:0x00000006 x10=0x00000006
           8890	      4441	001012a0	e81fe0ef	jal	x1,100120	  x1=0x001012a4
           8892	      4442	00100120	01c55793	srli	x15,x10,0x1c	 x10:0x00000006 x15=0x00000000
           8894	      4443	00100124	00900713	addi	x14,x0,9	  x0:0x00000000 x14=0x00000009
           8898	      4445	00100128	0cf77a63	bgeu	x14,x15,1001fc	 x14:0x00000009 x15:0x00000000
           8902	      4447	001001fc	03078393	addi	x7,x15,48	 x15:0x00000000  x7=0x00000030
           8904	      4448	00100200	000205b7	lui	x11,0x20	 x11=0x00020000
           8906	      4449	00100204	00451613	slli	x12,x10,0x4	 x10:0x00000006 x12=0x00000060
           8910	      4451	00100208	0075a023	sw	x7,0(x11)	 x11:0x00020000  x7:0x00000030 PA:0x00020000 store:0x00000030 load:0x00000000
           8912	      4452	0010020c	01c65693	srli	x13,x12,0x1c	 x12:0x00000060 x13=0x00000000
           8914	      4453	00100210	00900813	addi	x16,x0,9	  x0:0x00000000 x16=0x00000009
           8916	      4454	00100214	f2d86ae3	bltu	x16,x13,100148	 x16:0x00000009 x13:0x00000000
           8918	      4455	00100218	03068e93	addi	x29,x13,48	 x13:0x00000000 x29=0x00000030
           8920	      4456	0010021c	00020f37	lui	x30,0x20	 x30=0x00020000
           8922	      4457	00100220	00851f93	slli	x31,x10,0x8	 x10:0x00000006 x31=0x00000600
           8926	      4459	00100224	01df2023	sw	x29,0(x30)	 x30:0x00020000 x29:0x00000030 PA:0x00020000 store:0x00000030 load:0x00000000
           8928	      4460	00100228	01cfd793	srli	x15,x31,0x1c	 x31:0x00000600 x15=0x00000000
           8930	      4461	0010022c	00900713	addi	x14,x0,9	  x0:0x00000000 x14=0x00000009
           8932	      4462	00100230	f2f76ae3	bltu	x14,x15,100164	 x14:0x00000009 x15:0x00000000
           8934	      4463	00100234	03078393	addi	x7,x15,48	 x15:0x00000000  x7=0x00000030
           8936	      4464	00100238	000205b7	lui	x11,0x20	 x11=0x00020000
           8938	      4465	0010023c	00c51613	slli	x12,x10,0xc	 x10:0x00000006 x12=0x00006000
           8942	      4467	00100240	0075a023	sw	x7,0(x11)	 x11:0x00020000  x7:0x00000030 PA:0x00020000 store:0x00000030 load:0x00000000
           8944	      4468	00100244	01c65693	srli	x13,x12,0x1c	 x12:0x00006000 x13=0x00000000
           8946	      4469	00100248	00900813	addi	x16,x0,9	  x0:0x00000000 x16=0x00000009
           8948	      4470	0010024c	f2d86ae3	bltu	x16,x13,100180	 x16:0x00000009 x13:0x00000000
           8950	      4471	00100250	03068e93	addi	x29,x13,48	 x13:0x00000000 x29=0x00000030
           8952	      4472	00100254	00020f37	lui	x30,0x20	 x30=0x00020000
           8954	      4473	00100258	01051f93	slli	x31,x10,0x10	 x10:0x00000006 x31=0x00060000
           8958	      4475	0010025c	01df2023	sw	x29,0(x30)	 x30:0x00020000 x29:0x00000030 PA:0x00020000 store:0x00000030 load:0x00000000
           8960	      4476	00100260	01cfd793	srli	x15,x31,0x1c	 x31:0x00060000 x15=0x00000000
           8962	      4477	00100264	00900713	addi	x14,x0,9	  x0:0x00000000 x14=0x00000009
           8964	      4478	00100268	f2f76ae3	bltu	x14,x15,10019c	 x14:0x00000009 x15:0x00000000
           8966	      4479	0010026c	03078393	addi	x7,x15,48	 x15:0x00000000  x7=0x00000030
           8968	      4480	00100270	000205b7	lui	x11,0x20	 x11=0x00020000
           8970	      4481	00100274	01451613	slli	x12,x10,0x14	 x10:0x00000006 x12=0x00600000
           8974	      4483	00100278	0075a023	sw	x7,0(x11)	 x11:0x00020000  x7:0x00000030 PA:0x00020000 store:0x00000030 load:0x00000000
           8976	      4484	0010027c	01c65693	srli	x13,x12,0x1c	 x12:0x00600000 x13=0x00000000
           8978	      4485	00100280	00900813	addi	x16,x0,9	  x0:0x00000000 x16=0x00000009
           8980	      4486	00100284	f2d86ae3	bltu	x16,x13,1001b8	 x16:0x00000009 x13:0x00000000
           8982	      4487	00100288	03068e93	addi	x29,x13,48	 x13:0x00000000 x29=0x00000030
           8984	      4488	0010028c	00020f37	lui	x30,0x20	 x30=0x00020000
           8986	      4489	00100290	01851f93	slli	x31,x10,0x18	 x10:0x00000006 x31=0x06000000
           8990	      4491	00100294	01df2023	sw	x29,0(x30)	 x30:0x00020000 x29:0x00000030 PA:0x00020000 store:0x00000030 load:0x00000000
           8992	      4492	00100298	01cfd793	srli	x15,x31,0x1c	 x31:0x06000000 x15=0x00000000
           8994	      4493	0010029c	00900713	addi	x14,x0,9	  x0:0x00000000 x14=0x00000009
           8996	      4494	001002a0	f2f76ae3	bltu	x14,x15,1001d4	 x14:0x00000009 x15:0x00000000
           8998	      4495	001002a4	03078393	addi	x7,x15,48	 x15:0x00000000  x7=0x00000030
           9000	      4496	001002a8	000205b7	lui	x11,0x20	 x11=0x00020000
           9004	      4498	001002ac	0075a023	sw	x7,0(x11)	 x11:0x00020000  x7:0x00000030 PA:0x00020000 store:0x00000030 load:0x00000000
           9006	      4499	001002b0	00f57513	andi	x10,x10,15	 x10:0x00000006 x10=0x00000006
           9008	      4500	001002b4	00900613	addi	x12,x0,9	  x0:0x00000000 x12=0x00000009
           9012	      4502	001002b8	f2a67ae3	bgeu	x12,x10,1001ec	 x12:0x00000009 x10:0x00000006
           9016	      4504	001001ec	03050893	addi	x17,x10,48	 x10:0x00000006 x17=0x00000036
           9018	      4505	001001f0	00020e37	lui	x28,0x20	 x28=0x00020000
           9022	      4507	001001f4	011e2023	sw	x17,0(x28)	 x28:0x00020000 x17:0x00000036 PA:0x00020000 store:0x00000036 load:0x00000000
           9026	      4509	001001f8	00008067	jalr	x0,0(x1)	  x1:0x001012a4  x0=0x00000000
           9028	      4510	001012a4	a18b0513	addi	x10,x22,-1512	 x22:0x00102000 x10=0x00101a18
           9032	      4512	001012a8	df9fe0ef	jal	x1,1000a0	  x1=0x001012ac
           9036	      4514	001000a0	00054803	lbu	x16,0(x10)	 x10:0x00101a18 x16=0x00000020 PA:0x00101a18 store:0x00000000
           9038	      4515	001000a4	06080663	beq	x16,x0,100110	 x16:0x00000020  x0:0x00000000
           9040	      4516	001000a8	000207b7	lui	x15,0x20	 x15=0x00020000
           9044	      4518	001000ac	0107a023	sw	x16,0(x15)	 x15:0x00020000 x16:0x00000020 PA:0x00020000 store:0x00000020 load:0x00000000
           9048	      4520	001000b0	00154703	lbu	x14,1(x10)	 x10:0x00101a18 x14=0x00000072 PA:0x00101a19 store:0x001012ac
           9050	      4521	001000b4	04070e63	beq	x14,x0,100110	 x14:0x00000072  x0:0x00000000
           9054	      4523	001000b8	00e7a023	sw	x14,0(x15)	 x15:0x00020000 x14:0x00000072 PA:0x00020000 store:0x00000072 load:0x00000000
           9058	      4525	001000bc	00254283	lbu	x5,2(x10)	 x10:0x00101a18  x5=0x00000065 PA:0x00101a1a store:0x00137fa0
           9060	      4526	001000c0	04028863	beq	x5,x0,100110	  x5:0x00000065  x0:0x00000000
           9064	      4528	001000c4	0057a023	sw	x5,0(x15)	 x15:0x00020000  x5:0x00000065 PA:0x00020000 store:0x00000065 load:0x00000000
           9068	      4530	001000c8	00354303	lbu	x6,3(x10)	 x10:0x00101a18  x6=0x00000073 PA:0x00101a1b store:0x00000000
           9070	      4531	001000cc	04030263	beq	x6,x0,100110	  x6:0x00000073  x0:0x00000000
           9074	      4533	001000d0	0067a023	sw	x6,0(x15)	 x15:0x00020000  x6:0x00000073 PA:0x00020000 store:0x00000073 load:0x00000000
           9078	      4535	001000d4	00454383	lbu	x7,4(x10)	 x10:0x00101a18  x7=0x00000075 PA:0x00101a1c store:0x00000000
           9080	      4536	001000d8	02038c63	beq	x7,x0,100110	  x7:0x00000075  x0:0x00000000
           9084	      4538	001000dc	0077a023	sw	x7,0(x15)	 x15:0x00020000  x7:0x00000075 PA:0x00020000 store:0x00000075 load:0x00000000
           9088	      4540	001000e0	00554583	lbu	x11,5(x10)	 x10:0x00101a18 x11=0x0000006c PA:0x00101a1d store:0x00000065
           9090	      4541	001000e4	02058663	beq	x11,x0,100110	 x11:0x0000006c  x0:0x00000000
           9094	      4543	001000e8	00b7a023	sw	x11,0(x15)	 x15:0x00020000 x11:0x0000006c PA:0x00020000 store:0x0000006c load:0x00000000
           9098	      4545	001000ec	00654603	lbu	x12,6(x10)	 x10:0x00101a18 x12=0x00000074 PA:0x00101a1e store:0x00000073
           9100	      4546	001000f0	02060063	beq	x12,x0,100110	 x12:0x00000074  x0:0x00000000
           9104	      4548	001000f4	00c7a023	sw	x12,0(x15)	 x15:0x00020000 x12:0x00000074 PA:0x00020000 store:0x00000074 load:0x00000000
           9108	      4550	001000f8	00754683	lbu	x13,7(x10)	 x10:0x00101a18 x13=0x0000003a PA:0x00101a1f store:0x00000075
           9110	      4551	001000fc	00850513	addi	x10,x10,8	 x10:0x00101a18 x10=0x00101a20
           9112	      4552	00100100	00068863	beq	x13,x0,100110	 x13:0x0000003a  x0:0x00000000
           9116	      4554	00100104	00d7a023	sw	x13,0(x15)	 x15:0x00020000 x13:0x0000003a PA:0x00020000 store:0x0000003a load:0x00000000
           9120	      4556	00100108	00054803	lbu	x16,0(x10)	 x10:0x00101a20 x16=0x00000020 PA:0x00101a20 store:0x00000000
           9124	      4558	0010010c	fa0810e3	bne	x16,x0,1000ac	 x16:0x00000020  x0:0x00000000
           9130	      4561	001000ac	0107a023	sw	x16,0(x15)	 x15:0x00020000 x16:0x00000020 PA:0x00020000 store:0x00000020 load:0x00000000
           9134	      4563	001000b0	00154703	lbu	x14,1(x10)	 x10:0x00101a20 x14=0x00000000 PA:0x00101a21 store:0x001012ac
           9138	      4565	001000b4	04070e63	beq	x14,x0,100110	 x14:0x00000000  x0:0x00000000
           9142	      4567	00100110	00000513	addi	x10,x0,0	  x0:0x00000000 x10=0x00000000
           9146	      4569	00100114	00008067	jalr	x0,0(x1)	  x1:0x001012ac  x0=0x00000000
           9150	      4571	001012ac	cf8a2503	lw	x10,-776(x20)	 x20:0x00102000 x10=0x2b9b156a PA:0x00101cf8 store:0x00000004
           9152	      4572	001012b0	003c0d93	addi	x27,x24,3	 x24:0x00000004 x27=0x00000007
           9154	      4573	001012b4	004c0c13	addi	x24,x24,4	 x24:0x00000004 x24=0x00000008
           9158	      4575	001012b8	e69fe0ef	jal	x1,100120	  x1=0x001012bc
           9160	      4576	00100120	01c55793	srli	x15,x10,0x1c	 x10:0x2b9b156a x15=0x00000002
           9162	      4577	00100124	00900713	addi	x14,x0,9	  x0:0x00000000 x14=0x00000009
           9166	      4579	00100128	0cf77a63	bgeu	x14,x15,1001fc	 x14:0x00000009 x15:0x00000002
           9170	      4581	001001fc	03078393	addi	x7,x15,48	 x15:0x00000002  x7=0x00000032
           9172	      4582	00100200	000205b7	lui	x11,0x20	 x11=0x00020000
           9174	      4583	00100204	00451613	slli	x12,x10,0x4	 x10:0x2b9b156a x12=0xb9b156a0
           9178	      4585	00100208	0075a023	sw	x7,0(x11)	 x11:0x00020000  x7:0x00000032 PA:0x00020000 store:0x00000032 load:0x00000000
           9180	      4586	0010020c	01c65693	srli	x13,x12,0x1c	 x12:0xb9b156a0 x13=0x0000000b
           9182	      4587	00100210	00900813	addi	x16,x0,9	  x0:0x00000000 x16=0x00000009
           9186	      4589	00100214	f2d86ae3	bltu	x16,x13,100148	 x16:0x00000009 x13:0x0000000b
           9190	      4591	00100148	03768893	addi	x17,x13,55	 x13:0x0000000b x17=0x00000042
           9192	      4592	0010014c	00020e37	lui	x28,0x20	 x28=0x00020000
           9194	      4593	00100150	00851f93	slli	x31,x10,0x8	 x10:0x2b9b156a x31=0x9b156a00
           9198	      4595	00100154	011e2023	sw	x17,0(x28)	 x28:0x00020000 x17:0x00000042 PA:0x00020000 store:0x00000042 load:0x00000000
           9200	      4596	00100158	01cfd793	srli	x15,x31,0x1c	 x31:0x9b156a00 x15=0x00000009
           9202	      4597	0010015c	00900713	addi	x14,x0,9	  x0:0x00000000 x14=0x00000009
           9206	      4599	00100160	0cf77a63	bgeu	x14,x15,100234	 x14:0x00000009 x15:0x00000009
           9210	      4601	00100234	03078393	addi	x7,x15,48	 x15:0x00000009  x7=0x00000039
           9212	      4602	00100238	000205b7	lui	x11,0x20	 x11=0x00020000
           9214	      4603	0010023c	00c51613	slli	x12,x10,0xc	 x10:0x2b9b156a x12=0xb156a000
           9218	      4605	00100240	0075a023	sw	x7,0(x11)	 x11:0x00020000  x7:0x00000039 PA:0x00020000 store:0x00000039 load:0x00000000
           9220	      4606	00100244	01c65693	srli	x13,x12,0x1c	 x12:0xb156a000 x13=0x0000000b
           9222	      4607	00100248	00900813	addi	x16,x0,9	  x0:0x00000000 x16=0x00000009
           9226	      4609	0010024c	f2d86ae3	bltu	x16,x13,100180	 x16:0x00000009 x13:0x0000000b
           9230	      4611	00100180	03768893	addi	x17,x13,55	 x13:0x0000000b x17=0x00000042
           9232	      4612	00100184	00020e37	lui	x28,0x20	 x28=0x00020000
           9234	      4613	00100188	01051f93	slli	x31,x10,0x10	 x10:0x2b9b156a x31=0x156a0000
           9238	      4615	0010018c	011e2023	sw	x17,0(x28)	 x28:0x00020000 x17:0x00000042 PA:0x00020000 store:0x00000042 load:0x00000000
           9240	      4616	00100190	01cfd793	srli	x15,x31,0x1c	 x31:0x156a0000 x15=0x00000001
           9242	      4617	00100194	00900713	addi	x14,x0,9	  x0:0x00000000 x14=0x00000009
           9246	      4619	00100198	0cf77a63	bgeu	x14,x15,10026c	 x14:0x00000009 x15:0x00000001
           9250	      4621	0010026c	03078393	addi	x7,x15,48	 x15:0x00000001  x7=0x00000031
           9252	      4622	00100270	000205b7	lui	x11,0x20	 x11=0x00020000
           9254	      4623	00100274	01451613	slli	x12,x10,0x14	 x10:0x2b9b156a x12=0x56a00000
           9258	      4625	00100278	0075a023	sw	x7,0(x11)	 x11:0x00020000  x7:0x00000031 PA:0x00020000 store:0x00000031 load:0x00000000
           9260	      4626	0010027c	01c65693	srli	x13,x12,0x1c	 x12:0x56a00000 x13=0x00000005
           9262	      4627	00100280	00900813	addi	x16,x0,9	  x0:0x00000000 x16=0x00000009
           9264	      4628	00100284	f2d86ae3	bltu	x16,x13,1001b8	 x16:0x00000009 x13:0x00000005
           9266	      4629	00100288	03068e93	addi	x29,x13,48	 x13:0x00000005 x29=0x00000035
           9268	      4630	0010028c	00020f37	lui	x30,0x20	 x30=0x00020000
           9270	      4631	00100290	01851f93	slli	x31,x10,0x18	 x10:0x2b9b156a x31=0x6a000000
           9274	      4633	00100294	01df2023	sw	x29,0(x30)	 x30:0x00020000 x29:0x00000035 PA:0x00020000 store:0x00000035 load:0x00000000
           9276	      4634	00100298	01cfd793	srli	x15,x31,0x1c	 x31:0x6a000000 x15=0x00000006
           9278	      4635	0010029c	00900713	addi	x14,x0,9	  x0:0x00000000 x14=0x00000009
           9280	      4636	001002a0	f2f76ae3	bltu	x14,x15,1001d4	 x14:0x00000009 x15:0x00000006
           9282	      4637	001002a4	03078393	addi	x7,x15,48	 x15:0x00000006  x7=0x00000036
           9284	      4638	001002a8	000205b7	lui	x11,0x20	 x11=0x00020000
           9288	      4640	001002ac	0075a023	sw	x7,0(x11)	 x11:0x00020000  x7:0x00000036 PA:0x00020000 store:0x00000036 load:0x00000000
           9290	      4641	001002b0	00f57513	andi	x10,x10,15	 x10:0x2b9b156a x10=0x0000000a
           9292	      4642	001002b4	00900613	addi	x12,x0,9	  x0:0x00000000 x12=0x00000009
           9294	      4643	001002b8	f2a67ae3	bgeu	x12,x10,1001ec	 x12:0x00000009 x10:0x0000000a
           9296	      4644	001002bc	03750693	addi	x13,x10,55	 x10:0x0000000a x13=0x00000041
           9298	      4645	001002c0	00020837	lui	x16,0x20	 x16=0x00020000
           9302	      4647	001002c4	00d82023	sw	x13,0(x16)	 x16:0x00020000 x13:0x00000041 PA:0x00020000 store:0x00000041 load:0x00000000
           9316	      4654	001002c8	00008067	jalr	x0,0(x1)	  x1:0x001012bc  x0=0x00000000
           9318	      4655	001012bc	d089a187	flw	f3,-760(x19)	 f19:0x00102000  f3=0x00000000 PA:0x00101d08 store:0x4598f2e4
           9320	      4656	001012c0	d24ba207	flw	f4,-732(x23)	 f23:0x00102000  f4=0x00000000 PA:0x00101d24 store:0x42f67c6a
           9342	      4667	001012c4	a10a8513	addi	x10,x21,-1520	 x21:0x00102000 x10=0x00101a10
           9344	      4668	001012c8	1841f5d3	fdiv.s	f11,f3,f4	  f3:0x00000000  f4:0x00000000 f11=0x00000000
           9348	      4670	001012cc	d0b9a427	fsw	f11,-760(x19)	 f19:0x00102000 f11:0x00020000 PA:0x00101d08 store:0x282111d5 load:0x282111d5
           9354	      4673	001012d0	d089a287	flw	f5,-760(x19)	 f19:0x00102000  f5=0x00000000 PA:0x00000000
           9360	      4676	001012d4	e0028f53	fmv.x.w	x30,f5	  f5:0x00000065 x30=0x282111d5
           9362	      4677	001012d8	cfea2c23	sw	x30,-776(x20)	 x20:0x00102000 x30:0x282111d5 PA:0x00101cf8 store:0x282111d5 load:0x282111d5
           9366	      4679	001012dc	dc5fe0ef	jal	x1,1000a0	  x1=0x001012e0
           9370	      4681	001000a0	00054803	lbu	x16,0(x10)	 x10:0x00101a10 x16=0x0000000a PA:0x00101a10 store:0x00000000
           9372	      4682	001000a4	06080663	beq	x16,x0,100110	 x16:0x0000000a  x0:0x00000000
           9374	      4683	001000a8	000207b7	lui	x15,0x20	 x15=0x00020000
           9378	      4685	001000ac	0107a023	sw	x16,0(x15)	 x15:0x00020000 x16:0x0000000a PA:0x00020000 store:0x0000000a load:0x00000000
           9382	      4687	001000b0	00154703	lbu	x14,1(x10)	 x10:0x00101a10 x14=0x00000020 PA:0x00101a11 store:0x001012e0
           9384	      4688	001000b4	04070e63	beq	x14,x0,100110	 x14:0x00000020  x0:0x00000000
           9388	      4690	001000b8	00e7a023	sw	x14,0(x15)	 x15:0x00020000 x14:0x00000020 PA:0x00020000 store:0x00000020 load:0x00000000
           9392	      4692	001000bc	00254283	lbu	x5,2(x10)	 x10:0x00101a10  x5=0x00000069 PA:0x00101a12 store:0x00137fa0
           9394	      4693	001000c0	04028863	beq	x5,x0,100110	  x5:0x00000069  x0:0x00000000
           9398	      4695	001000c4	0057a023	sw	x5,0(x15)	 x15:0x00020000  x5:0x00000069 PA:0x00020000 store:0x00000069 load:0x00000000
           9402	      4697	001000c8	00354303	lbu	x6,3(x10)	 x10:0x00101a10  x6=0x0000003d PA:0x00101a13 store:0x00000000
           9404	      4698	001000cc	04030263	beq	x6,x0,100110	  x6:0x0000003d  x0:0x00000000
           9408	      4700	001000d0	0067a023	sw	x6,0(x15)	 x15:0x00020000  x6:0x0000003d PA:0x00020000 store:0x0000003d load:0x00000000
           9412	      4702	001000d4	00454383	lbu	x7,4(x10)	 x10:0x00101a10  x7=0x00000000 PA:0x00101a14 store:0x00000000
           9416	      4704	001000d8	02038c63	beq	x7,x0,100110	  x7:0x00000000  x0:0x00000000
           9420	      4706	00100110	00000513	addi	x10,x0,0	  x0:0x00000000 x10=0x00000000
           9424	      4708	00100114	00008067	jalr	x0,0(x1)	  x1:0x001012e0  x0=0x00000000
           9426	      4709	001012e0	000d8513	addi	x10,x27,0	 x27:0x00000007 x10=0x00000007
           9430	      4711	001012e4	e3dfe0ef	jal	x1,100120	  x1=0x001012e8
           9432	      4712	00100120	01c55793	srli	x15,x10,0x1c	 x10:0x00000007 x15=0x00000000
           9434	      4713	00100124	00900713	addi	x14,x0,9	  x0:0x00000000 x14=0x00000009
           9438	      4715	00100128	0cf77a63	bgeu	x14,x15,1001fc	 x14:0x00000009 x15:0x00000000
           9442	      4717	001001fc	03078393	addi	x7,x15,48	 x15:0x00000000  x7=0x00000030
           9444	      4718	00100200	000205b7	lui	x11,0x20	 x11=0x00020000
           9446	      4719	00100204	00451613	slli	x12,x10,0x4	 x10:0x00000007 x12=0x00000070
           9450	      4721	00100208	0075a023	sw	x7,0(x11)	 x11:0x00020000  x7:0x00000030 PA:0x00020000 store:0x00000030 load:0x00000000
           9452	      4722	0010020c	01c65693	srli	x13,x12,0x1c	 x12:0x00000070 x13=0x00000000
           9454	      4723	00100210	00900813	addi	x16,x0,9	  x0:0x00000000 x16=0x00000009
           9456	      4724	00100214	f2d86ae3	bltu	x16,x13,100148	 x16:0x00000009 x13:0x00000000
           9458	      4725	00100218	03068e93	addi	x29,x13,48	 x13:0x00000000 x29=0x00000030
           9460	      4726	0010021c	00020f37	lui	x30,0x20	 x30=0x00020000
           9462	      4727	00100220	00851f93	slli	x31,x10,0x8	 x10:0x00000007 x31=0x00000700
           9466	      4729	00100224	01df2023	sw	x29,0(x30)	 x30:0x00020000 x29:0x00000030 PA:0x00020000 store:0x00000030 load:0x00000000
           9468	      4730	00100228	01cfd793	srli	x15,x31,0x1c	 x31:0x00000700 x15=0x00000000
           9470	      4731	0010022c	00900713	addi	x14,x0,9	  x0:0x00000000 x14=0x00000009
           9472	      4732	00100230	f2f76ae3	bltu	x14,x15,100164	 x14:0x00000009 x15:0x00000000
           9474	      4733	00100234	03078393	addi	x7,x15,48	 x15:0x00000000  x7=0x00000030
           9476	      4734	00100238	000205b7	lui	x11,0x20	 x11=0x00020000
           9478	      4735	0010023c	00c51613	slli	x12,x10,0xc	 x10:0x00000007 x12=0x00007000
           9482	      4737	00100240	0075a023	sw	x7,0(x11)	 x11:0x00020000  x7:0x00000030 PA:0x00020000 store:0x00000030 load:0x00000000
           9484	      4738	00100244	01c65693	srli	x13,x12,0x1c	 x12:0x00007000 x13=0x00000000
           9486	      4739	00100248	00900813	addi	x16,x0,9	  x0:0x00000000 x16=0x00000009
           9488	      4740	0010024c	f2d86ae3	bltu	x16,x13,100180	 x16:0x00000009 x13:0x00000000
           9490	      4741	00100250	03068e93	addi	x29,x13,48	 x13:0x00000000 x29=0x00000030
           9492	      4742	00100254	00020f37	lui	x30,0x20	 x30=0x00020000
           9494	      4743	00100258	01051f93	slli	x31,x10,0x10	 x10:0x00000007 x31=0x00070000
           9498	      4745	0010025c	01df2023	sw	x29,0(x30)	 x30:0x00020000 x29:0x00000030 PA:0x00020000 store:0x00000030 load:0x00000000
           9500	      4746	00100260	01cfd793	srli	x15,x31,0x1c	 x31:0x00070000 x15=0x00000000
           9502	      4747	00100264	00900713	addi	x14,x0,9	  x0:0x00000000 x14=0x00000009
           9504	      4748	00100268	f2f76ae3	bltu	x14,x15,10019c	 x14:0x00000009 x15:0x00000000
           9506	      4749	0010026c	03078393	addi	x7,x15,48	 x15:0x00000000  x7=0x00000030
           9508	      4750	00100270	000205b7	lui	x11,0x20	 x11=0x00020000
           9510	      4751	00100274	01451613	slli	x12,x10,0x14	 x10:0x00000007 x12=0x00700000
           9514	      4753	00100278	0075a023	sw	x7,0(x11)	 x11:0x00020000  x7:0x00000030 PA:0x00020000 store:0x00000030 load:0x00000000
           9516	      4754	0010027c	01c65693	srli	x13,x12,0x1c	 x12:0x00700000 x13=0x00000000
           9518	      4755	00100280	00900813	addi	x16,x0,9	  x0:0x00000000 x16=0x00000009
           9520	      4756	00100284	f2d86ae3	bltu	x16,x13,1001b8	 x16:0x00000009 x13:0x00000000
           9522	      4757	00100288	03068e93	addi	x29,x13,48	 x13:0x00000000 x29=0x00000030
           9524	      4758	0010028c	00020f37	lui	x30,0x20	 x30=0x00020000
           9526	      4759	00100290	01851f93	slli	x31,x10,0x18	 x10:0x00000007 x31=0x07000000
           9530	      4761	00100294	01df2023	sw	x29,0(x30)	 x30:0x00020000 x29:0x00000030 PA:0x00020000 store:0x00000030 load:0x00000000
           9532	      4762	00100298	01cfd793	srli	x15,x31,0x1c	 x31:0x07000000 x15=0x00000000
           9534	      4763	0010029c	00900713	addi	x14,x0,9	  x0:0x00000000 x14=0x00000009
           9536	      4764	001002a0	f2f76ae3	bltu	x14,x15,1001d4	 x14:0x00000009 x15:0x00000000
           9538	      4765	001002a4	03078393	addi	x7,x15,48	 x15:0x00000000  x7=0x00000030
           9540	      4766	001002a8	000205b7	lui	x11,0x20	 x11=0x00020000
           9544	      4768	001002ac	0075a023	sw	x7,0(x11)	 x11:0x00020000  x7:0x00000030 PA:0x00020000 store:0x00000030 load:0x00000000
           9546	      4769	001002b0	00f57513	andi	x10,x10,15	 x10:0x00000007 x10=0x00000007
           9548	      4770	001002b4	00900613	addi	x12,x0,9	  x0:0x00000000 x12=0x00000009
           9552	      4772	001002b8	f2a67ae3	bgeu	x12,x10,1001ec	 x12:0x00000009 x10:0x00000007
           9556	      4774	001001ec	03050893	addi	x17,x10,48	 x10:0x00000007 x17=0x00000037
           9558	      4775	001001f0	00020e37	lui	x28,0x20	 x28=0x00020000
           9562	      4777	001001f4	011e2023	sw	x17,0(x28)	 x28:0x00020000 x17:0x00000037 PA:0x00020000 store:0x00000037 load:0x00000000
           9566	      4779	001001f8	00008067	jalr	x0,0(x1)	  x1:0x001012e8  x0=0x00000000
           9568	      4780	001012e8	a18b0513	addi	x10,x22,-1512	 x22:0x00102000 x10=0x00101a18
           9572	      4782	001012ec	db5fe0ef	jal	x1,1000a0	  x1=0x001012f0
           9576	      4784	001000a0	00054803	lbu	x16,0(x10)	 x10:0x00101a18 x16=0x00000020 PA:0x00101a18 store:0x00000000
           9578	      4785	001000a4	06080663	beq	x16,x0,100110	 x16:0x00000020  x0:0x00000000
           9580	      4786	001000a8	000207b7	lui	x15,0x20	 x15=0x00020000
           9584	      4788	001000ac	0107a023	sw	x16,0(x15)	 x15:0x00020000 x16:0x00000020 PA:0x00020000 store:0x00000020 load:0x00000000
           9588	      4790	001000b0	00154703	lbu	x14,1(x10)	 x10:0x00101a18 x14=0x00000072 PA:0x00101a19 store:0x001012f0
           9590	      4791	001000b4	04070e63	beq	x14,x0,100110	 x14:0x00000072  x0:0x00000000
           9594	      4793	001000b8	00e7a023	sw	x14,0(x15)	 x15:0x00020000 x14:0x00000072 PA:0x00020000 store:0x00000072 load:0x00000000
           9598	      4795	001000bc	00254283	lbu	x5,2(x10)	 x10:0x00101a18  x5=0x00000065 PA:0x00101a1a store:0x00137fa0
           9600	      4796	001000c0	04028863	beq	x5,x0,100110	  x5:0x00000065  x0:0x00000000
           9604	      4798	001000c4	0057a023	sw	x5,0(x15)	 x15:0x00020000  x5:0x00000065 PA:0x00020000 store:0x00000065 load:0x00000000
           9608	      4800	001000c8	00354303	lbu	x6,3(x10)	 x10:0x00101a18  x6=0x00000073 PA:0x00101a1b store:0x00000000
           9610	      4801	001000cc	04030263	beq	x6,x0,100110	  x6:0x00000073  x0:0x00000000
           9614	      4803	001000d0	0067a023	sw	x6,0(x15)	 x15:0x00020000  x6:0x00000073 PA:0x00020000 store:0x00000073 load:0x00000000
           9618	      4805	001000d4	00454383	lbu	x7,4(x10)	 x10:0x00101a18  x7=0x00000075 PA:0x00101a1c store:0x00000000
           9620	      4806	001000d8	02038c63	beq	x7,x0,100110	  x7:0x00000075  x0:0x00000000
           9624	      4808	001000dc	0077a023	sw	x7,0(x15)	 x15:0x00020000  x7:0x00000075 PA:0x00020000 store:0x00000075 load:0x00000000
           9628	      4810	001000e0	00554583	lbu	x11,5(x10)	 x10:0x00101a18 x11=0x0000006c PA:0x00101a1d store:0x00000065
           9630	      4811	001000e4	02058663	beq	x11,x0,100110	 x11:0x0000006c  x0:0x00000000
           9634	      4813	001000e8	00b7a023	sw	x11,0(x15)	 x15:0x00020000 x11:0x0000006c PA:0x00020000 store:0x0000006c load:0x00000000
           9638	      4815	001000ec	00654603	lbu	x12,6(x10)	 x10:0x00101a18 x12=0x00000074 PA:0x00101a1e store:0x00000073
           9640	      4816	001000f0	02060063	beq	x12,x0,100110	 x12:0x00000074  x0:0x00000000
           9644	      4818	001000f4	00c7a023	sw	x12,0(x15)	 x15:0x00020000 x12:0x00000074 PA:0x00020000 store:0x00000074 load:0x00000000
           9648	      4820	001000f8	00754683	lbu	x13,7(x10)	 x10:0x00101a18 x13=0x0000003a PA:0x00101a1f store:0x00000075
           9650	      4821	001000fc	00850513	addi	x10,x10,8	 x10:0x00101a18 x10=0x00101a20
           9652	      4822	00100100	00068863	beq	x13,x0,100110	 x13:0x0000003a  x0:0x00000000
           9656	      4824	00100104	00d7a023	sw	x13,0(x15)	 x15:0x00020000 x13:0x0000003a PA:0x00020000 store:0x0000003a load:0x00000000
           9660	      4826	00100108	00054803	lbu	x16,0(x10)	 x10:0x00101a20 x16=0x00000020 PA:0x00101a20 store:0x00000000
           9664	      4828	0010010c	fa0810e3	bne	x16,x0,1000ac	 x16:0x00000020  x0:0x00000000
           9670	      4831	001000ac	0107a023	sw	x16,0(x15)	 x15:0x00020000 x16:0x00000020 PA:0x00020000 store:0x00000020 load:0x00000000
           9674	      4833	001000b0	00154703	lbu	x14,1(x10)	 x10:0x00101a20 x14=0x00000000 PA:0x00101a21 store:0x001012f0
           9678	      4835	001000b4	04070e63	beq	x14,x0,100110	 x14:0x00000000  x0:0x00000000
           9682	      4837	00100110	00000513	addi	x10,x0,0	  x0:0x00000000 x10=0x00000000
           9686	      4839	00100114	00008067	jalr	x0,0(x1)	  x1:0x001012f0  x0=0x00000000
           9690	      4841	001012f0	cf8a2503	lw	x10,-776(x20)	 x20:0x00102000 x10=0x282111d5 PA:0x00101cf8 store:0x00000008
           9694	      4843	001012f4	e2dfe0ef	jal	x1,100120	  x1=0x001012f8
           9696	      4844	00100120	01c55793	srli	x15,x10,0x1c	 x10:0x282111d5 x15=0x00000002
           9698	      4845	00100124	00900713	addi	x14,x0,9	  x0:0x00000000 x14=0x00000009
           9702	      4847	00100128	0cf77a63	bgeu	x14,x15,1001fc	 x14:0x00000009 x15:0x00000002
           9706	      4849	001001fc	03078393	addi	x7,x15,48	 x15:0x00000002  x7=0x00000032
           9708	      4850	00100200	000205b7	lui	x11,0x20	 x11=0x00020000
           9710	      4851	00100204	00451613	slli	x12,x10,0x4	 x10:0x282111d5 x12=0x82111d50
           9714	      4853	00100208	0075a023	sw	x7,0(x11)	 x11:0x00020000  x7:0x00000032 PA:0x00020000 store:0x00000032 load:0x00000000
           9716	      4854	0010020c	01c65693	srli	x13,x12,0x1c	 x12:0x82111d50 x13=0x00000008
           9718	      4855	00100210	00900813	addi	x16,x0,9	  x0:0x00000000 x16=0x00000009
           9720	      4856	00100214	f2d86ae3	bltu	x16,x13,100148	 x16:0x00000009 x13:0x00000008
           9722	      4857	00100218	03068e93	addi	x29,x13,48	 x13:0x00000008 x29=0x00000038
           9724	      4858	0010021c	00020f37	lui	x30,0x20	 x30=0x00020000
           9726	      4859	00100220	00851f93	slli	x31,x10,0x8	 x10:0x282111d5 x31=0x2111d500
           9730	      4861	00100224	01df2023	sw	x29,0(x30)	 x30:0x00020000 x29:0x00000038 PA:0x00020000 store:0x00000038 load:0x00000000
           9732	      4862	00100228	01cfd793	srli	x15,x31,0x1c	 x31:0x2111d500 x15=0x00000002
           9734	      4863	0010022c	00900713	addi	x14,x0,9	  x0:0x00000000 x14=0x00000009
           9736	      4864	00100230	f2f76ae3	bltu	x14,x15,100164	 x14:0x00000009 x15:0x00000002
           9738	      4865	00100234	03078393	addi	x7,x15,48	 x15:0x00000002  x7=0x00000032
           9740	      4866	00100238	000205b7	lui	x11,0x20	 x11=0x00020000
           9742	      4867	0010023c	00c51613	slli	x12,x10,0xc	 x10:0x282111d5 x12=0x111d5000
           9746	      4869	00100240	0075a023	sw	x7,0(x11)	 x11:0x00020000  x7:0x00000032 PA:0x00020000 store:0x00000032 load:0x00000000
           9748	      4870	00100244	01c65693	srli	x13,x12,0x1c	 x12:0x111d5000 x13=0x00000001
           9750	      4871	00100248	00900813	addi	x16,x0,9	  x0:0x00000000 x16=0x00000009
           9752	      4872	0010024c	f2d86ae3	bltu	x16,x13,100180	 x16:0x00000009 x13:0x00000001
           9754	      4873	00100250	03068e93	addi	x29,x13,48	 x13:0x00000001 x29=0x00000031
           9756	      4874	00100254	00020f37	lui	x30,0x20	 x30=0x00020000
           9758	      4875	00100258	01051f93	slli	x31,x10,0x10	 x10:0x282111d5 x31=0x11d50000
           9762	      4877	0010025c	01df2023	sw	x29,0(x30)	 x30:0x00020000 x29:0x00000031 PA:0x00020000 store:0x00000031 load:0x00000000
           9764	      4878	00100260	01cfd793	srli	x15,x31,0x1c	 x31:0x11d50000 x15=0x00000001
           9766	      4879	00100264	00900713	addi	x14,x0,9	  x0:0x00000000 x14=0x00000009
           9768	      4880	00100268	f2f76ae3	bltu	x14,x15,10019c	 x14:0x00000009 x15:0x00000001
           9770	      4881	0010026c	03078393	addi	x7,x15,48	 x15:0x00000001  x7=0x00000031
           9772	      4882	00100270	000205b7	lui	x11,0x20	 x11=0x00020000
           9774	      4883	00100274	01451613	slli	x12,x10,0x14	 x10:0x282111d5 x12=0x1d500000
           9778	      4885	00100278	0075a023	sw	x7,0(x11)	 x11:0x00020000  x7:0x00000031 PA:0x00020000 store:0x00000031 load:0x00000000
           9780	      4886	0010027c	01c65693	srli	x13,x12,0x1c	 x12:0x1d500000 x13=0x00000001
           9782	      4887	00100280	00900813	addi	x16,x0,9	  x0:0x00000000 x16=0x00000009
           9784	      4888	00100284	f2d86ae3	bltu	x16,x13,1001b8	 x16:0x00000009 x13:0x00000001
           9786	      4889	00100288	03068e93	addi	x29,x13,48	 x13:0x00000001 x29=0x00000031
           9788	      4890	0010028c	00020f37	lui	x30,0x20	 x30=0x00020000
           9790	      4891	00100290	01851f93	slli	x31,x10,0x18	 x10:0x282111d5 x31=0xd5000000
           9794	      4893	00100294	01df2023	sw	x29,0(x30)	 x30:0x00020000 x29:0x00000031 PA:0x00020000 store:0x00000031 load:0x00000000
           9796	      4894	00100298	01cfd793	srli	x15,x31,0x1c	 x31:0xd5000000 x15=0x0000000d
           9798	      4895	0010029c	00900713	addi	x14,x0,9	  x0:0x00000000 x14=0x00000009
           9802	      4897	001002a0	f2f76ae3	bltu	x14,x15,1001d4	 x14:0x00000009 x15:0x0000000d
           9806	      4899	001001d4	03778293	addi	x5,x15,55	 x15:0x0000000d  x5=0x00000044
           9808	      4900	001001d8	00020337	lui	x6,0x20	  x6=0x00020000
           9812	      4902	001001dc	00532023	sw	x5,0(x6)	  x6:0x00020000  x5:0x00000044 PA:0x00020000 store:0x00000044 load:0x00000000
           9814	      4903	001001e0	00f57513	andi	x10,x10,15	 x10:0x282111d5 x10=0x00000005
           9816	      4904	001001e4	00900613	addi	x12,x0,9	  x0:0x00000000 x12=0x00000009
           9818	      4905	001001e8	0ca66a63	bltu	x12,x10,1002bc	 x12:0x00000009 x10:0x00000005
           9820	      4906	001001ec	03050893	addi	x17,x10,48	 x10:0x00000005 x17=0x00000035
           9822	      4907	001001f0	00020e37	lui	x28,0x20	 x28=0x00020000
           9826	      4909	001001f4	011e2023	sw	x17,0(x28)	 x28:0x00020000 x17:0x00000035 PA:0x00020000 store:0x00000035 load:0x00000000
           9830	      4911	001001f8	00008067	jalr	x0,0(x1)	  x1:0x001012f8  x0=0x00000000
           9834	      4913	001012f8	f1ac10e3	bne	x24,x26,1011f8	 x24:0x00000008 x26:0x00000014
           9846	      4919	001011f8	d089a987	flw	f19,-760(x19)	 f19:0x00102000 f19=0x00000000 PA:0x00101d08 store:0x4598f2e4
           9848	      4920	001011fc	d24baa07	flw	f20,-732(x23)	 f23:0x00102000 f20=0x00000000 PA:0x00101d24 store:0x42f67c6a
           9872	      4932	00101200	a10a8513	addi	x10,x21,-1520	 x21:0x00102000 x10=0x00101a10
           9874	      4933	00101204	1949fad3	fdiv.s	f21,f19,f20	 f19:0x00102000 f20:0x00102000 f21=0x00000000
           9878	      4935	00101208	d159a427	fsw	f21,-760(x19)	 f19:0x00102000 f21:0x00102000 PA:0x00101d08 store:0x24a74966 load:0x24a74966
           9884	      4938	0010120c	d089ae07	flw	f28,-760(x19)	 f19:0x00102000 f28=0x00000000 PA:0x00000000
           9890	      4941	00101210	e00e0dd3	fmv.x.w	x27,f28	 f28:0x00020000 x27=0x24a74966
           9892	      4942	00101214	cfba2c23	sw	x27,-776(x20)	 x20:0x00102000 x27:0x24a74966 PA:0x00101cf8 store:0x24a74966 load:0x24a74966
           9896	      4944	00101218	e89fe0ef	jal	x1,1000a0	  x1=0x0010121c
           9900	      4946	001000a0	00054803	lbu	x16,0(x10)	 x10:0x00101a10 x16=0x0000000a PA:0x00101a10 store:0x00000000
           9902	      4947	001000a4	06080663	beq	x16,x0,100110	 x16:0x0000000a  x0:0x00000000
           9904	      4948	001000a8	000207b7	lui	x15,0x20	 x15=0x00020000
           9908	      4950	001000ac	0107a023	sw	x16,0(x15)	 x15:0x00020000 x16:0x0000000a PA:0x00020000 store:0x0000000a load:0x00000000
           9912	      4952	001000b0	00154703	lbu	x14,1(x10)	 x10:0x00101a10 x14=0x00000020 PA:0x00101a11 store:0x0010121c
           9914	      4953	001000b4	04070e63	beq	x14,x0,100110	 x14:0x00000020  x0:0x00000000
           9918	      4955	001000b8	00e7a023	sw	x14,0(x15)	 x15:0x00020000 x14:0x00000020 PA:0x00020000 store:0x00000020 load:0x00000000
           9922	      4957	001000bc	00254283	lbu	x5,2(x10)	 x10:0x00101a10  x5=0x00000069 PA:0x00101a12 store:0x00137fa0
           9924	      4958	001000c0	04028863	beq	x5,x0,100110	  x5:0x00000069  x0:0x00000000
           9928	      4960	001000c4	0057a023	sw	x5,0(x15)	 x15:0x00020000  x5:0x00000069 PA:0x00020000 store:0x00000069 load:0x00000000
           9932	      4962	001000c8	00354303	lbu	x6,3(x10)	 x10:0x00101a10  x6=0x0000003d PA:0x00101a13 store:0x00000000
           9934	      4963	001000cc	04030263	beq	x6,x0,100110	  x6:0x0000003d  x0:0x00000000
           9938	      4965	001000d0	0067a023	sw	x6,0(x15)	 x15:0x00020000  x6:0x0000003d PA:0x00020000 store:0x0000003d load:0x00000000
           9942	      4967	001000d4	00454383	lbu	x7,4(x10)	 x10:0x00101a10  x7=0x00000000 PA:0x00101a14 store:0x00000000
           9946	      4969	001000d8	02038c63	beq	x7,x0,100110	  x7:0x00000000  x0:0x00000000
           9950	      4971	00100110	00000513	addi	x10,x0,0	  x0:0x00000000 x10=0x00000000
           9954	      4973	00100114	00008067	jalr	x0,0(x1)	  x1:0x0010121c  x0=0x00000000
           9956	      4974	0010121c	000c0513	addi	x10,x24,0	 x24:0x00000008 x10=0x00000008
           9960	      4976	00101220	f01fe0ef	jal	x1,100120	  x1=0x00101224
           9962	      4977	00100120	01c55793	srli	x15,x10,0x1c	 x10:0x00000008 x15=0x00000000
           9964	      4978	00100124	00900713	addi	x14,x0,9	  x0:0x00000000 x14=0x00000009
           9968	      4980	00100128	0cf77a63	bgeu	x14,x15,1001fc	 x14:0x00000009 x15:0x00000000
           9972	      4982	001001fc	03078393	addi	x7,x15,48	 x15:0x00000000  x7=0x00000030
           9974	      4983	00100200	000205b7	lui	x11,0x20	 x11=0x00020000
           9976	      4984	00100204	00451613	slli	x12,x10,0x4	 x10:0x00000008 x12=0x00000080
           9980	      4986	00100208	0075a023	sw	x7,0(x11)	 x11:0x00020000  x7:0x00000030 PA:0x00020000 store:0x00000030 load:0x00000000
           9982	      4987	0010020c	01c65693	srli	x13,x12,0x1c	 x12:0x00000080 x13=0x00000000
           9984	      4988	00100210	00900813	addi	x16,x0,9	  x0:0x00000000 x16=0x00000009
           9986	      4989	00100214	f2d86ae3	bltu	x16,x13,100148	 x16:0x00000009 x13:0x00000000
           9988	      4990	00100218	03068e93	addi	x29,x13,48	 x13:0x00000000 x29=0x00000030
           9990	      4991	0010021c	00020f37	lui	x30,0x20	 x30=0x00020000
           9992	      4992	00100220	00851f93	slli	x31,x10,0x8	 x10:0x00000008 x31=0x00000800
           9996	      4994	00100224	01df2023	sw	x29,0(x30)	 x30:0x00020000 x29:0x00000030 PA:0x00020000 store:0x00000030 load:0x00000000
           9998	      4995	00100228	01cfd793	srli	x15,x31,0x1c	 x31:0x00000800 x15=0x00000000
          10000	      4996	0010022c	00900713	addi	x14,x0,9	  x0:0x00000000 x14=0x00000009
          10002	      4997	00100230	f2f76ae3	bltu	x14,x15,100164	 x14:0x00000009 x15:0x00000000
          10004	      4998	00100234	03078393	addi	x7,x15,48	 x15:0x00000000  x7=0x00000030
          10006	      4999	00100238	000205b7	lui	x11,0x20	 x11=0x00020000
          10008	      5000	0010023c	00c51613	slli	x12,x10,0xc	 x10:0x00000008 x12=0x00008000
          10012	      5002	00100240	0075a023	sw	x7,0(x11)	 x11:0x00020000  x7:0x00000030 PA:0x00020000 store:0x00000030 load:0x00000000
          10014	      5003	00100244	01c65693	srli	x13,x12,0x1c	 x12:0x00008000 x13=0x00000000
          10016	      5004	00100248	00900813	addi	x16,x0,9	  x0:0x00000000 x16=0x00000009
          10018	      5005	0010024c	f2d86ae3	bltu	x16,x13,100180	 x16:0x00000009 x13:0x00000000
          10020	      5006	00100250	03068e93	addi	x29,x13,48	 x13:0x00000000 x29=0x00000030
          10022	      5007	00100254	00020f37	lui	x30,0x20	 x30=0x00020000
          10024	      5008	00100258	01051f93	slli	x31,x10,0x10	 x10:0x00000008 x31=0x00080000
          10028	      5010	0010025c	01df2023	sw	x29,0(x30)	 x30:0x00020000 x29:0x00000030 PA:0x00020000 store:0x00000030 load:0x00000000
          10030	      5011	00100260	01cfd793	srli	x15,x31,0x1c	 x31:0x00080000 x15=0x00000000
          10032	      5012	00100264	00900713	addi	x14,x0,9	  x0:0x00000000 x14=0x00000009
          10034	      5013	00100268	f2f76ae3	bltu	x14,x15,10019c	 x14:0x00000009 x15:0x00000000
          10036	      5014	0010026c	03078393	addi	x7,x15,48	 x15:0x00000000  x7=0x00000030
          10038	      5015	00100270	000205b7	lui	x11,0x20	 x11=0x00020000
          10040	      5016	00100274	01451613	slli	x12,x10,0x14	 x10:0x00000008 x12=0x00800000
          10044	      5018	00100278	0075a023	sw	x7,0(x11)	 x11:0x00020000  x7:0x00000030 PA:0x00020000 store:0x00000030 load:0x00000000
          10046	      5019	0010027c	01c65693	srli	x13,x12,0x1c	 x12:0x00800000 x13=0x00000000
          10048	      5020	00100280	00900813	addi	x16,x0,9	  x0:0x00000000 x16=0x00000009
          10050	      5021	00100284	f2d86ae3	bltu	x16,x13,1001b8	 x16:0x00000009 x13:0x00000000
          10052	      5022	00100288	03068e93	addi	x29,x13,48	 x13:0x00000000 x29=0x00000030
          10054	      5023	0010028c	00020f37	lui	x30,0x20	 x30=0x00020000
          10056	      5024	00100290	01851f93	slli	x31,x10,0x18	 x10:0x00000008 x31=0x08000000
          10060	      5026	00100294	01df2023	sw	x29,0(x30)	 x30:0x00020000 x29:0x00000030 PA:0x00020000 store:0x00000030 load:0x00000000
          10062	      5027	00100298	01cfd793	srli	x15,x31,0x1c	 x31:0x08000000 x15=0x00000000
          10064	      5028	0010029c	00900713	addi	x14,x0,9	  x0:0x00000000 x14=0x00000009
          10066	      5029	001002a0	f2f76ae3	bltu	x14,x15,1001d4	 x14:0x00000009 x15:0x00000000
          10068	      5030	001002a4	03078393	addi	x7,x15,48	 x15:0x00000000  x7=0x00000030
          10070	      5031	001002a8	000205b7	lui	x11,0x20	 x11=0x00020000
          10074	      5033	001002ac	0075a023	sw	x7,0(x11)	 x11:0x00020000  x7:0x00000030 PA:0x00020000 store:0x00000030 load:0x00000000
          10076	      5034	001002b0	00f57513	andi	x10,x10,15	 x10:0x00000008 x10=0x00000008
          10078	      5035	001002b4	00900613	addi	x12,x0,9	  x0:0x00000000 x12=0x00000009
          10082	      5037	001002b8	f2a67ae3	bgeu	x12,x10,1001ec	 x12:0x00000009 x10:0x00000008
          10086	      5039	001001ec	03050893	addi	x17,x10,48	 x10:0x00000008 x17=0x00000038
          10088	      5040	001001f0	00020e37	lui	x28,0x20	 x28=0x00020000
          10092	      5042	001001f4	011e2023	sw	x17,0(x28)	 x28:0x00020000 x17:0x00000038 PA:0x00020000 store:0x00000038 load:0x00000000
          10096	      5044	001001f8	00008067	jalr	x0,0(x1)	  x1:0x00101224  x0=0x00000000
          10098	      5045	00101224	a18b0513	addi	x10,x22,-1512	 x22:0x00102000 x10=0x00101a18
          10102	      5047	00101228	e79fe0ef	jal	x1,1000a0	  x1=0x0010122c
          10106	      5049	001000a0	00054803	lbu	x16,0(x10)	 x10:0x00101a18 x16=0x00000020 PA:0x00101a18 store:0x00000000
          10108	      5050	001000a4	06080663	beq	x16,x0,100110	 x16:0x00000020  x0:0x00000000
          10110	      5051	001000a8	000207b7	lui	x15,0x20	 x15=0x00020000
          10114	      5053	001000ac	0107a023	sw	x16,0(x15)	 x15:0x00020000 x16:0x00000020 PA:0x00020000 store:0x00000020 load:0x00000000
          10118	      5055	001000b0	00154703	lbu	x14,1(x10)	 x10:0x00101a18 x14=0x00000072 PA:0x00101a19 store:0x0010122c
          10120	      5056	001000b4	04070e63	beq	x14,x0,100110	 x14:0x00000072  x0:0x00000000
          10124	      5058	001000b8	00e7a023	sw	x14,0(x15)	 x15:0x00020000 x14:0x00000072 PA:0x00020000 store:0x00000072 load:0x00000000
          10128	      5060	001000bc	00254283	lbu	x5,2(x10)	 x10:0x00101a18  x5=0x00000065 PA:0x00101a1a store:0x00137fa0
          10130	      5061	001000c0	04028863	beq	x5,x0,100110	  x5:0x00000065  x0:0x00000000
          10134	      5063	001000c4	0057a023	sw	x5,0(x15)	 x15:0x00020000  x5:0x00000065 PA:0x00020000 store:0x00000065 load:0x00000000
          10138	      5065	001000c8	00354303	lbu	x6,3(x10)	 x10:0x00101a18  x6=0x00000073 PA:0x00101a1b store:0x00000000
          10140	      5066	001000cc	04030263	beq	x6,x0,100110	  x6:0x00000073  x0:0x00000000
          10144	      5068	001000d0	0067a023	sw	x6,0(x15)	 x15:0x00020000  x6:0x00000073 PA:0x00020000 store:0x00000073 load:0x00000000
          10148	      5070	001000d4	00454383	lbu	x7,4(x10)	 x10:0x00101a18  x7=0x00000075 PA:0x00101a1c store:0x00000000
          10150	      5071	001000d8	02038c63	beq	x7,x0,100110	  x7:0x00000075  x0:0x00000000
          10154	      5073	001000dc	0077a023	sw	x7,0(x15)	 x15:0x00020000  x7:0x00000075 PA:0x00020000 store:0x00000075 load:0x00000000
          10158	      5075	001000e0	00554583	lbu	x11,5(x10)	 x10:0x00101a18 x11=0x0000006c PA:0x00101a1d store:0x00000065
          10160	      5076	001000e4	02058663	beq	x11,x0,100110	 x11:0x0000006c  x0:0x00000000
          10164	      5078	001000e8	00b7a023	sw	x11,0(x15)	 x15:0x00020000 x11:0x0000006c PA:0x00020000 store:0x0000006c load:0x00000000
          10168	      5080	001000ec	00654603	lbu	x12,6(x10)	 x10:0x00101a18 x12=0x00000074 PA:0x00101a1e store:0x00000073
          10170	      5081	001000f0	02060063	beq	x12,x0,100110	 x12:0x00000074  x0:0x00000000
          10174	      5083	001000f4	00c7a023	sw	x12,0(x15)	 x15:0x00020000 x12:0x00000074 PA:0x00020000 store:0x00000074 load:0x00000000
          10178	      5085	001000f8	00754683	lbu	x13,7(x10)	 x10:0x00101a18 x13=0x0000003a PA:0x00101a1f store:0x00000075
          10180	      5086	001000fc	00850513	addi	x10,x10,8	 x10:0x00101a18 x10=0x00101a20
          10182	      5087	00100100	00068863	beq	x13,x0,100110	 x13:0x0000003a  x0:0x00000000
          10186	      5089	00100104	00d7a023	sw	x13,0(x15)	 x15:0x00020000 x13:0x0000003a PA:0x00020000 store:0x0000003a load:0x00000000
          10190	      5091	00100108	00054803	lbu	x16,0(x10)	 x10:0x00101a20 x16=0x00000020 PA:0x00101a20 store:0x00000000
          10194	      5093	0010010c	fa0810e3	bne	x16,x0,1000ac	 x16:0x00000020  x0:0x00000000
          10200	      5096	001000ac	0107a023	sw	x16,0(x15)	 x15:0x00020000 x16:0x00000020 PA:0x00020000 store:0x00000020 load:0x00000000
          10204	      5098	001000b0	00154703	lbu	x14,1(x10)	 x10:0x00101a20 x14=0x00000000 PA:0x00101a21 store:0x0010122c
          10208	      5100	001000b4	04070e63	beq	x14,x0,100110	 x14:0x00000000  x0:0x00000000
          10212	      5102	00100110	00000513	addi	x10,x0,0	  x0:0x00000000 x10=0x00000000
          10216	      5104	00100114	00008067	jalr	x0,0(x1)	  x1:0x0010122c  x0=0x00000000
          10220	      5106	0010122c	cf8a2503	lw	x10,-776(x20)	 x20:0x00102000 x10=0x24a74966 PA:0x00101cf8 store:0x00000008
          10222	      5107	00101230	001c0d93	addi	x27,x24,1	 x24:0x00000008 x27=0x00000009
          10226	      5109	00101234	eedfe0ef	jal	x1,100120	  x1=0x00101238
          10228	      5110	00100120	01c55793	srli	x15,x10,0x1c	 x10:0x24a74966 x15=0x00000002
          10230	      5111	00100124	00900713	addi	x14,x0,9	  x0:0x00000000 x14=0x00000009
          10234	      5113	00100128	0cf77a63	bgeu	x14,x15,1001fc	 x14:0x00000009 x15:0x00000002
          10238	      5115	001001fc	03078393	addi	x7,x15,48	 x15:0x00000002  x7=0x00000032
          10240	      5116	00100200	000205b7	lui	x11,0x20	 x11=0x00020000
          10242	      5117	00100204	00451613	slli	x12,x10,0x4	 x10:0x24a74966 x12=0x4a749660
          10246	      5119	00100208	0075a023	sw	x7,0(x11)	 x11:0x00020000  x7:0x00000032 PA:0x00020000 store:0x00000032 load:0x00000000
          10248	      5120	0010020c	01c65693	srli	x13,x12,0x1c	 x12:0x4a749660 x13=0x00000004
          10250	      5121	00100210	00900813	addi	x16,x0,9	  x0:0x00000000 x16=0x00000009
          10252	      5122	00100214	f2d86ae3	bltu	x16,x13,100148	 x16:0x00000009 x13:0x00000004
          10254	      5123	00100218	03068e93	addi	x29,x13,48	 x13:0x00000004 x29=0x00000034
          10256	      5124	0010021c	00020f37	lui	x30,0x20	 x30=0x00020000
          10258	      5125	00100220	00851f93	slli	x31,x10,0x8	 x10:0x24a74966 x31=0xa7496600
          10262	      5127	00100224	01df2023	sw	x29,0(x30)	 x30:0x00020000 x29:0x00000034 PA:0x00020000 store:0x00000034 load:0x00000000
          10264	      5128	00100228	01cfd793	srli	x15,x31,0x1c	 x31:0xa7496600 x15=0x0000000a
          10266	      5129	0010022c	00900713	addi	x14,x0,9	  x0:0x00000000 x14=0x00000009
          10270	      5131	00100230	f2f76ae3	bltu	x14,x15,100164	 x14:0x00000009 x15:0x0000000a
          10274	      5133	00100164	03778293	addi	x5,x15,55	 x15:0x0000000a  x5=0x00000041
          10276	      5134	00100168	00020337	lui	x6,0x20	  x6=0x00020000
          10278	      5135	0010016c	00c51613	slli	x12,x10,0xc	 x10:0x24a74966 x12=0x74966000
          10282	      5137	00100170	00532023	sw	x5,0(x6)	  x6:0x00020000  x5:0x00000041 PA:0x00020000 store:0x00000041 load:0x00000000
          10284	      5138	00100174	01c65693	srli	x13,x12,0x1c	 x12:0x74966000 x13=0x00000007
          10286	      5139	00100178	00900813	addi	x16,x0,9	  x0:0x00000000 x16=0x00000009
          10290	      5141	0010017c	0cd87a63	bgeu	x16,x13,100250	 x16:0x00000009 x13:0x00000007
          10294	      5143	00100250	03068e93	addi	x29,x13,48	 x13:0x00000007 x29=0x00000037
          10296	      5144	00100254	00020f37	lui	x30,0x20	 x30=0x00020000
          10298	      5145	00100258	01051f93	slli	x31,x10,0x10	 x10:0x24a74966 x31=0x49660000
          10302	      5147	0010025c	01df2023	sw	x29,0(x30)	 x30:0x00020000 x29:0x00000037 PA:0x00020000 store:0x00000037 load:0x00000000
          10304	      5148	00100260	01cfd793	srli	x15,x31,0x1c	 x31:0x49660000 x15=0x00000004
          10306	      5149	00100264	00900713	addi	x14,x0,9	  x0:0x00000000 x14=0x00000009
          10308	      5150	00100268	f2f76ae3	bltu	x14,x15,10019c	 x14:0x00000009 x15:0x00000004
          10310	      5151	0010026c	03078393	addi	x7,x15,48	 x15:0x00000004  x7=0x00000034
          10312	      5152	00100270	000205b7	lui	x11,0x20	 x11=0x00020000
          10314	      5153	00100274	01451613	slli	x12,x10,0x14	 x10:0x24a74966 x12=0x96600000
          10318	      5155	00100278	0075a023	sw	x7,0(x11)	 x11:0x00020000  x7:0x00000034 PA:0x00020000 store:0x00000034 load:0x00000000
          10320	      5156	0010027c	01c65693	srli	x13,x12,0x1c	 x12:0x96600000 x13=0x00000009
          10322	      5157	00100280	00900813	addi	x16,x0,9	  x0:0x00000000 x16=0x00000009
          10324	      5158	00100284	f2d86ae3	bltu	x16,x13,1001b8	 x16:0x00000009 x13:0x00000009
          10326	      5159	00100288	03068e93	addi	x29,x13,48	 x13:0x00000009 x29=0x00000039
          10328	      5160	0010028c	00020f37	lui	x30,0x20	 x30=0x00020000
          10330	      5161	00100290	01851f93	slli	x31,x10,0x18	 x10:0x24a74966 x31=0x66000000
          10334	      5163	00100294	01df2023	sw	x29,0(x30)	 x30:0x00020000 x29:0x00000039 PA:0x00020000 store:0x00000039 load:0x00000000
          10336	      5164	00100298	01cfd793	srli	x15,x31,0x1c	 x31:0x66000000 x15=0x00000006
          10338	      5165	0010029c	00900713	addi	x14,x0,9	  x0:0x00000000 x14=0x00000009
          10340	      5166	001002a0	f2f76ae3	bltu	x14,x15,1001d4	 x14:0x00000009 x15:0x00000006
          10342	      5167	001002a4	03078393	addi	x7,x15,48	 x15:0x00000006  x7=0x00000036
          10344	      5168	001002a8	000205b7	lui	x11,0x20	 x11=0x00020000
          10348	      5170	001002ac	0075a023	sw	x7,0(x11)	 x11:0x00020000  x7:0x00000036 PA:0x00020000 store:0x00000036 load:0x00000000
          10350	      5171	001002b0	00f57513	andi	x10,x10,15	 x10:0x24a74966 x10=0x00000006
          10352	      5172	001002b4	00900613	addi	x12,x0,9	  x0:0x00000000 x12=0x00000009
          10356	      5174	001002b8	f2a67ae3	bgeu	x12,x10,1001ec	 x12:0x00000009 x10:0x00000006
          10360	      5176	001001ec	03050893	addi	x17,x10,48	 x10:0x00000006 x17=0x00000036
          10362	      5177	001001f0	00020e37	lui	x28,0x20	 x28=0x00020000
          10366	      5179	001001f4	011e2023	sw	x17,0(x28)	 x28:0x00020000 x17:0x00000036 PA:0x00020000 store:0x00000036 load:0x00000000
          10380	      5186	001001f8	00008067	jalr	x0,0(x1)	  x1:0x00101238  x0=0x00000000
          10382	      5187	00101238	d089ae87	flw	f29,-760(x19)	 f19:0x00102000 f29=0x00000000 PA:0x00101d08 store:0x4598f2e4
          10384	      5188	0010123c	d24baf07	flw	f30,-732(x23)	 f23:0x00102000 f30=0x00000000 PA:0x00101d24 store:0x42f67c6a
          10406	      5199	00101240	a10a8513	addi	x10,x21,-1520	 x21:0x00102000 x10=0x00101a10
          10408	      5200	00101244	19eeffd3	fdiv.s	f31,f29,f30	 f29:0x00000039 f30:0x00020000 f31=0x00000000
          10412	      5202	00101248	d1f9a427	fsw	f31,-760(x19)	 f19:0x00102000 f31:0x66000000 PA:0x00101d08 store:0x212dbe66 load:0x212dbe66
          10418	      5205	0010124c	d089a007	flw	f0,-760(x19)	 f19:0x00102000  f0=0x00000000 PA:0x00000000
          10424	      5208	00101250	e0000e53	fmv.x.w	x28,f0	  f0:0x00000000 x28=0x212dbe66
          10426	      5209	00101254	cfca2c23	sw	x28,-776(x20)	 x20:0x00102000 x28:0x212dbe66 PA:0x00101cf8 store:0x212dbe66 load:0x212dbe66
          10430	      5211	00101258	e49fe0ef	jal	x1,1000a0	  x1=0x0010125c
          10434	      5213	001000a0	00054803	lbu	x16,0(x10)	 x10:0x00101a10 x16=0x0000000a PA:0x00101a10 store:0x00000000
          10436	      5214	001000a4	06080663	beq	x16,x0,100110	 x16:0x0000000a  x0:0x00000000
          10438	      5215	001000a8	000207b7	lui	x15,0x20	 x15=0x00020000
          10442	      5217	001000ac	0107a023	sw	x16,0(x15)	 x15:0x00020000 x16:0x0000000a PA:0x00020000 store:0x0000000a load:0x00000000
          10446	      5219	001000b0	00154703	lbu	x14,1(x10)	 x10:0x00101a10 x14=0x00000020 PA:0x00101a11 store:0x0010125c
          10448	      5220	001000b4	04070e63	beq	x14,x0,100110	 x14:0x00000020  x0:0x00000000
          10452	      5222	001000b8	00e7a023	sw	x14,0(x15)	 x15:0x00020000 x14:0x00000020 PA:0x00020000 store:0x00000020 load:0x00000000
          10456	      5224	001000bc	00254283	lbu	x5,2(x10)	 x10:0x00101a10  x5=0x00000069 PA:0x00101a12 store:0x00137fa0
          10458	      5225	001000c0	04028863	beq	x5,x0,100110	  x5:0x00000069  x0:0x00000000
          10462	      5227	001000c4	0057a023	sw	x5,0(x15)	 x15:0x00020000  x5:0x00000069 PA:0x00020000 store:0x00000069 load:0x00000000
          10466	      5229	001000c8	00354303	lbu	x6,3(x10)	 x10:0x00101a10  x6=0x0000003d PA:0x00101a13 store:0x00000000
          10468	      5230	001000cc	04030263	beq	x6,x0,100110	  x6:0x0000003d  x0:0x00000000
          10472	      5232	001000d0	0067a023	sw	x6,0(x15)	 x15:0x00020000  x6:0x0000003d PA:0x00020000 store:0x0000003d load:0x00000000
          10476	      5234	001000d4	00454383	lbu	x7,4(x10)	 x10:0x00101a10  x7=0x00000000 PA:0x00101a14 store:0x00000000
          10480	      5236	001000d8	02038c63	beq	x7,x0,100110	  x7:0x00000000  x0:0x00000000
          10484	      5238	00100110	00000513	addi	x10,x0,0	  x0:0x00000000 x10=0x00000000
          10488	      5240	00100114	00008067	jalr	x0,0(x1)	  x1:0x0010125c  x0=0x00000000
          10490	      5241	0010125c	000d8513	addi	x10,x27,0	 x27:0x00000009 x10=0x00000009
          10494	      5243	00101260	ec1fe0ef	jal	x1,100120	  x1=0x00101264
          10496	      5244	00100120	01c55793	srli	x15,x10,0x1c	 x10:0x00000009 x15=0x00000000
          10498	      5245	00100124	00900713	addi	x14,x0,9	  x0:0x00000000 x14=0x00000009
          10502	      5247	00100128	0cf77a63	bgeu	x14,x15,1001fc	 x14:0x00000009 x15:0x00000000
          10506	      5249	001001fc	03078393	addi	x7,x15,48	 x15:0x00000000  x7=0x00000030
          10508	      5250	00100200	000205b7	lui	x11,0x20	 x11=0x00020000
          10510	      5251	00100204	00451613	slli	x12,x10,0x4	 x10:0x00000009 x12=0x00000090
          10514	      5253	00100208	0075a023	sw	x7,0(x11)	 x11:0x00020000  x7:0x00000030 PA:0x00020000 store:0x00000030 load:0x00000000
          10516	      5254	0010020c	01c65693	srli	x13,x12,0x1c	 x12:0x00000090 x13=0x00000000
          10518	      5255	00100210	00900813	addi	x16,x0,9	  x0:0x00000000 x16=0x00000009
          10520	      5256	00100214	f2d86ae3	bltu	x16,x13,100148	 x16:0x00000009 x13:0x00000000
          10522	      5257	00100218	03068e93	addi	x29,x13,48	 x13:0x00000000 x29=0x00000030
          10524	      5258	0010021c	00020f37	lui	x30,0x20	 x30=0x00020000
          10526	      5259	00100220	00851f93	slli	x31,x10,0x8	 x10:0x00000009 x31=0x00000900
          10530	      5261	00100224	01df2023	sw	x29,0(x30)	 x30:0x00020000 x29:0x00000030 PA:0x00020000 store:0x00000030 load:0x00000000
          10532	      5262	00100228	01cfd793	srli	x15,x31,0x1c	 x31:0x00000900 x15=0x00000000
          10534	      5263	0010022c	00900713	addi	x14,x0,9	  x0:0x00000000 x14=0x00000009
          10536	      5264	00100230	f2f76ae3	bltu	x14,x15,100164	 x14:0x00000009 x15:0x00000000
          10538	      5265	00100234	03078393	addi	x7,x15,48	 x15:0x00000000  x7=0x00000030
          10540	      5266	00100238	000205b7	lui	x11,0x20	 x11=0x00020000
          10542	      5267	0010023c	00c51613	slli	x12,x10,0xc	 x10:0x00000009 x12=0x00009000
          10546	      5269	00100240	0075a023	sw	x7,0(x11)	 x11:0x00020000  x7:0x00000030 PA:0x00020000 store:0x00000030 load:0x00000000
          10548	      5270	00100244	01c65693	srli	x13,x12,0x1c	 x12:0x00009000 x13=0x00000000
          10550	      5271	00100248	00900813	addi	x16,x0,9	  x0:0x00000000 x16=0x00000009
          10552	      5272	0010024c	f2d86ae3	bltu	x16,x13,100180	 x16:0x00000009 x13:0x00000000
          10554	      5273	00100250	03068e93	addi	x29,x13,48	 x13:0x00000000 x29=0x00000030
          10556	      5274	00100254	00020f37	lui	x30,0x20	 x30=0x00020000
          10558	      5275	00100258	01051f93	slli	x31,x10,0x10	 x10:0x00000009 x31=0x00090000
          10562	      5277	0010025c	01df2023	sw	x29,0(x30)	 x30:0x00020000 x29:0x00000030 PA:0x00020000 store:0x00000030 load:0x00000000
          10564	      5278	00100260	01cfd793	srli	x15,x31,0x1c	 x31:0x00090000 x15=0x00000000
          10566	      5279	00100264	00900713	addi	x14,x0,9	  x0:0x00000000 x14=0x00000009
          10568	      5280	00100268	f2f76ae3	bltu	x14,x15,10019c	 x14:0x00000009 x15:0x00000000
          10570	      5281	0010026c	03078393	addi	x7,x15,48	 x15:0x00000000  x7=0x00000030
          10572	      5282	00100270	000205b7	lui	x11,0x20	 x11=0x00020000
          10574	      5283	00100274	01451613	slli	x12,x10,0x14	 x10:0x00000009 x12=0x00900000
          10578	      5285	00100278	0075a023	sw	x7,0(x11)	 x11:0x00020000  x7:0x00000030 PA:0x00020000 store:0x00000030 load:0x00000000
          10580	      5286	0010027c	01c65693	srli	x13,x12,0x1c	 x12:0x00900000 x13=0x00000000
          10582	      5287	00100280	00900813	addi	x16,x0,9	  x0:0x00000000 x16=0x00000009
          10584	      5288	00100284	f2d86ae3	bltu	x16,x13,1001b8	 x16:0x00000009 x13:0x00000000
          10586	      5289	00100288	03068e93	addi	x29,x13,48	 x13:0x00000000 x29=0x00000030
          10588	      5290	0010028c	00020f37	lui	x30,0x20	 x30=0x00020000
          10590	      5291	00100290	01851f93	slli	x31,x10,0x18	 x10:0x00000009 x31=0x09000000
          10594	      5293	00100294	01df2023	sw	x29,0(x30)	 x30:0x00020000 x29:0x00000030 PA:0x00020000 store:0x00000030 load:0x00000000
          10596	      5294	00100298	01cfd793	srli	x15,x31,0x1c	 x31:0x09000000 x15=0x00000000
          10598	      5295	0010029c	00900713	addi	x14,x0,9	  x0:0x00000000 x14=0x00000009
          10600	      5296	001002a0	f2f76ae3	bltu	x14,x15,1001d4	 x14:0x00000009 x15:0x00000000
          10602	      5297	001002a4	03078393	addi	x7,x15,48	 x15:0x00000000  x7=0x00000030
          10604	      5298	001002a8	000205b7	lui	x11,0x20	 x11=0x00020000
          10608	      5300	001002ac	0075a023	sw	x7,0(x11)	 x11:0x00020000  x7:0x00000030 PA:0x00020000 store:0x00000030 load:0x00000000
          10610	      5301	001002b0	00f57513	andi	x10,x10,15	 x10:0x00000009 x10=0x00000009
          10612	      5302	001002b4	00900613	addi	x12,x0,9	  x0:0x00000000 x12=0x00000009
          10616	      5304	001002b8	f2a67ae3	bgeu	x12,x10,1001ec	 x12:0x00000009 x10:0x00000009
          10620	      5306	001001ec	03050893	addi	x17,x10,48	 x10:0x00000009 x17=0x00000039
          10622	      5307	001001f0	00020e37	lui	x28,0x20	 x28=0x00020000
          10626	      5309	001001f4	011e2023	sw	x17,0(x28)	 x28:0x00020000 x17:0x00000039 PA:0x00020000 store:0x00000039 load:0x00000000
          10630	      5311	001001f8	00008067	jalr	x0,0(x1)	  x1:0x00101264  x0=0x00000000
          10632	      5312	00101264	a18b0513	addi	x10,x22,-1512	 x22:0x00102000 x10=0x00101a18
          10636	      5314	00101268	e39fe0ef	jal	x1,1000a0	  x1=0x0010126c
          10640	      5316	001000a0	00054803	lbu	x16,0(x10)	 x10:0x00101a18 x16=0x00000020 PA:0x00101a18 store:0x00000000
          10642	      5317	001000a4	06080663	beq	x16,x0,100110	 x16:0x00000020  x0:0x00000000
          10644	      5318	001000a8	000207b7	lui	x15,0x20	 x15=0x00020000
          10648	      5320	001000ac	0107a023	sw	x16,0(x15)	 x15:0x00020000 x16:0x00000020 PA:0x00020000 store:0x00000020 load:0x00000000
          10652	      5322	001000b0	00154703	lbu	x14,1(x10)	 x10:0x00101a18 x14=0x00000072 PA:0x00101a19 store:0x0010126c
          10654	      5323	001000b4	04070e63	beq	x14,x0,100110	 x14:0x00000072  x0:0x00000000
          10658	      5325	001000b8	00e7a023	sw	x14,0(x15)	 x15:0x00020000 x14:0x00000072 PA:0x00020000 store:0x00000072 load:0x00000000
          10662	      5327	001000bc	00254283	lbu	x5,2(x10)	 x10:0x00101a18  x5=0x00000065 PA:0x00101a1a store:0x00137fa0
          10664	      5328	001000c0	04028863	beq	x5,x0,100110	  x5:0x00000065  x0:0x00000000
          10668	      5330	001000c4	0057a023	sw	x5,0(x15)	 x15:0x00020000  x5:0x00000065 PA:0x00020000 store:0x00000065 load:0x00000000
          10672	      5332	001000c8	00354303	lbu	x6,3(x10)	 x10:0x00101a18  x6=0x00000073 PA:0x00101a1b store:0x00000000
          10674	      5333	001000cc	04030263	beq	x6,x0,100110	  x6:0x00000073  x0:0x00000000
          10678	      5335	001000d0	0067a023	sw	x6,0(x15)	 x15:0x00020000  x6:0x00000073 PA:0x00020000 store:0x00000073 load:0x00000000
          10682	      5337	001000d4	00454383	lbu	x7,4(x10)	 x10:0x00101a18  x7=0x00000075 PA:0x00101a1c store:0x00000000
          10684	      5338	001000d8	02038c63	beq	x7,x0,100110	  x7:0x00000075  x0:0x00000000
          10688	      5340	001000dc	0077a023	sw	x7,0(x15)	 x15:0x00020000  x7:0x00000075 PA:0x00020000 store:0x00000075 load:0x00000000
          10692	      5342	001000e0	00554583	lbu	x11,5(x10)	 x10:0x00101a18 x11=0x0000006c PA:0x00101a1d store:0x00000065
          10694	      5343	001000e4	02058663	beq	x11,x0,100110	 x11:0x0000006c  x0:0x00000000
          10698	      5345	001000e8	00b7a023	sw	x11,0(x15)	 x15:0x00020000 x11:0x0000006c PA:0x00020000 store:0x0000006c load:0x00000000
          10702	      5347	001000ec	00654603	lbu	x12,6(x10)	 x10:0x00101a18 x12=0x00000074 PA:0x00101a1e store:0x00000073
          10704	      5348	001000f0	02060063	beq	x12,x0,100110	 x12:0x00000074  x0:0x00000000
          10708	      5350	001000f4	00c7a023	sw	x12,0(x15)	 x15:0x00020000 x12:0x00000074 PA:0x00020000 store:0x00000074 load:0x00000000
          10712	      5352	001000f8	00754683	lbu	x13,7(x10)	 x10:0x00101a18 x13=0x0000003a PA:0x00101a1f store:0x00000075
          10714	      5353	001000fc	00850513	addi	x10,x10,8	 x10:0x00101a18 x10=0x00101a20
          10716	      5354	00100100	00068863	beq	x13,x0,100110	 x13:0x0000003a  x0:0x00000000
          10720	      5356	00100104	00d7a023	sw	x13,0(x15)	 x15:0x00020000 x13:0x0000003a PA:0x00020000 store:0x0000003a load:0x00000000
          10724	      5358	00100108	00054803	lbu	x16,0(x10)	 x10:0x00101a20 x16=0x00000020 PA:0x00101a20 store:0x00000000
          10728	      5360	0010010c	fa0810e3	bne	x16,x0,1000ac	 x16:0x00000020  x0:0x00000000
          10734	      5363	001000ac	0107a023	sw	x16,0(x15)	 x15:0x00020000 x16:0x00000020 PA:0x00020000 store:0x00000020 load:0x00000000
          10738	      5365	001000b0	00154703	lbu	x14,1(x10)	 x10:0x00101a20 x14=0x00000000 PA:0x00101a21 store:0x0010126c
          10742	      5367	001000b4	04070e63	beq	x14,x0,100110	 x14:0x00000000  x0:0x00000000
          10746	      5369	00100110	00000513	addi	x10,x0,0	  x0:0x00000000 x10=0x00000000
          10750	      5371	00100114	00008067	jalr	x0,0(x1)	  x1:0x0010126c  x0=0x00000000
          10754	      5373	0010126c	cf8a2503	lw	x10,-776(x20)	 x20:0x00102000 x10=0x212dbe66 PA:0x00101cf8 store:0x00000008
          10756	      5374	00101270	002c0d93	addi	x27,x24,2	 x24:0x00000008 x27=0x0000000a
          10760	      5376	00101274	eadfe0ef	jal	x1,100120	  x1=0x00101278
          10762	      5377	00100120	01c55793	srli	x15,x10,0x1c	 x10:0x212dbe66 x15=0x00000002
          10764	      5378	00100124	00900713	addi	x14,x0,9	  x0:0x00000000 x14=0x00000009
          10768	      5380	00100128	0cf77a63	bgeu	x14,x15,1001fc	 x14:0x00000009 x15:0x00000002
          10772	      5382	001001fc	03078393	addi	x7,x15,48	 x15:0x00000002  x7=0x00000032
          10774	      5383	00100200	000205b7	lui	x11,0x20	 x11=0x00020000
          10776	      5384	00100204	00451613	slli	x12,x10,0x4	 x10:0x212dbe66 x12=0x12dbe660
          10780	      5386	00100208	0075a023	sw	x7,0(x11)	 x11:0x00020000  x7:0x00000032 PA:0x00020000 store:0x00000032 load:0x00000000
          10782	      5387	0010020c	01c65693	srli	x13,x12,0x1c	 x12:0x12dbe660 x13=0x00000001
          10784	      5388	00100210	00900813	addi	x16,x0,9	  x0:0x00000000 x16=0x00000009
          10786	      5389	00100214	f2d86ae3	bltu	x16,x13,100148	 x16:0x00000009 x13:0x00000001
          10788	      5390	00100218	03068e93	addi	x29,x13,48	 x13:0x00000001 x29=0x00000031
          10790	      5391	0010021c	00020f37	lui	x30,0x20	 x30=0x00020000
          10792	      5392	00100220	00851f93	slli	x31,x10,0x8	 x10:0x212dbe66 x31=0x2dbe6600
          10796	      5394	00100224	01df2023	sw	x29,0(x30)	 x30:0x00020000 x29:0x00000031 PA:0x00020000 store:0x00000031 load:0x00000000
          10798	      5395	00100228	01cfd793	srli	x15,x31,0x1c	 x31:0x2dbe6600 x15=0x00000002
          10800	      5396	0010022c	00900713	addi	x14,x0,9	  x0:0x00000000 x14=0x00000009
          10802	      5397	00100230	f2f76ae3	bltu	x14,x15,100164	 x14:0x00000009 x15:0x00000002
          10804	      5398	00100234	03078393	addi	x7,x15,48	 x15:0x00000002  x7=0x00000032
          10806	      5399	00100238	000205b7	lui	x11,0x20	 x11=0x00020000
          10808	      5400	0010023c	00c51613	slli	x12,x10,0xc	 x10:0x212dbe66 x12=0xdbe66000
          10812	      5402	00100240	0075a023	sw	x7,0(x11)	 x11:0x00020000  x7:0x00000032 PA:0x00020000 store:0x00000032 load:0x00000000
          10814	      5403	00100244	01c65693	srli	x13,x12,0x1c	 x12:0xdbe66000 x13=0x0000000d
          10816	      5404	00100248	00900813	addi	x16,x0,9	  x0:0x00000000 x16=0x00000009
          10820	      5406	0010024c	f2d86ae3	bltu	x16,x13,100180	 x16:0x00000009 x13:0x0000000d
          10824	      5408	00100180	03768893	addi	x17,x13,55	 x13:0x0000000d x17=0x00000044
          10826	      5409	00100184	00020e37	lui	x28,0x20	 x28=0x00020000
          10828	      5410	00100188	01051f93	slli	x31,x10,0x10	 x10:0x212dbe66 x31=0xbe660000
          10832	      5412	0010018c	011e2023	sw	x17,0(x28)	 x28:0x00020000 x17:0x00000044 PA:0x00020000 store:0x00000044 load:0x00000000
          10834	      5413	00100190	01cfd793	srli	x15,x31,0x1c	 x31:0xbe660000 x15=0x0000000b
          10836	      5414	00100194	00900713	addi	x14,x0,9	  x0:0x00000000 x14=0x00000009
          10838	      5415	00100198	0cf77a63	bgeu	x14,x15,10026c	 x14:0x00000009 x15:0x0000000b
          10840	      5416	0010019c	03778293	addi	x5,x15,55	 x15:0x0000000b  x5=0x00000042
          10842	      5417	001001a0	00020337	lui	x6,0x20	  x6=0x00020000
          10844	      5418	001001a4	01451613	slli	x12,x10,0x14	 x10:0x212dbe66 x12=0xe6600000
          10848	      5420	001001a8	00532023	sw	x5,0(x6)	  x6:0x00020000  x5:0x00000042 PA:0x00020000 store:0x00000042 load:0x00000000
          10850	      5421	001001ac	01c65693	srli	x13,x12,0x1c	 x12:0xe6600000 x13=0x0000000e
          10852	      5422	001001b0	00900813	addi	x16,x0,9	  x0:0x00000000 x16=0x00000009
          10854	      5423	001001b4	0cd87a63	bgeu	x16,x13,100288	 x16:0x00000009 x13:0x0000000e
          10856	      5424	001001b8	03768893	addi	x17,x13,55	 x13:0x0000000e x17=0x00000045
          10858	      5425	001001bc	00020e37	lui	x28,0x20	 x28=0x00020000
          10860	      5426	001001c0	01851f93	slli	x31,x10,0x18	 x10:0x212dbe66 x31=0x66000000
          10864	      5428	001001c4	011e2023	sw	x17,0(x28)	 x28:0x00020000 x17:0x00000045 PA:0x00020000 store:0x00000045 load:0x00000000
          10866	      5429	001001c8	01cfd793	srli	x15,x31,0x1c	 x31:0x66000000 x15=0x00000006
          10868	      5430	001001cc	00900713	addi	x14,x0,9	  x0:0x00000000 x14=0x00000009
          10872	      5432	001001d0	0cf77a63	bgeu	x14,x15,1002a4	 x14:0x00000009 x15:0x00000006
          10876	      5434	001002a4	03078393	addi	x7,x15,48	 x15:0x00000006  x7=0x00000036
          10878	      5435	001002a8	000205b7	lui	x11,0x20	 x11=0x00020000
          10882	      5437	001002ac	0075a023	sw	x7,0(x11)	 x11:0x00020000  x7:0x00000036 PA:0x00020000 store:0x00000036 load:0x00000000
          10884	      5438	001002b0	00f57513	andi	x10,x10,15	 x10:0x212dbe66 x10=0x00000006
          10886	      5439	001002b4	00900613	addi	x12,x0,9	  x0:0x00000000 x12=0x00000009
          10890	      5441	001002b8	f2a67ae3	bgeu	x12,x10,1001ec	 x12:0x00000009 x10:0x00000006
          10894	      5443	001001ec	03050893	addi	x17,x10,48	 x10:0x00000006 x17=0x00000036
          10896	      5444	001001f0	00020e37	lui	x28,0x20	 x28=0x00020000
          10900	      5446	001001f4	011e2023	sw	x17,0(x28)	 x28:0x00020000 x17:0x00000036 PA:0x00020000 store:0x00000036 load:0x00000000
          10914	      5453	001001f8	00008067	jalr	x0,0(x1)	  x1:0x00101278  x0=0x00000000
          10916	      5454	00101278	d089a087	flw	f1,-760(x19)	 f19:0x00102000  f1=0x00000000 PA:0x00101d08 store:0x4598f2e4
          10918	      5455	0010127c	d24ba107	flw	f2,-732(x23)	 f23:0x00102000  f2=0x00000000 PA:0x00101d24 store:0x42f67c6a
          10940	      5466	00101280	a10a8513	addi	x10,x21,-1520	 x21:0x00102000 x10=0x00101a10
          10942	      5467	00101284	1820f753	fdiv.s	f14,f1,f2	  f1:0x00101278  f2:0x00137fa0 f14=0x00000000
          10946	      5469	00101288	d0e9a427	fsw	f14,-760(x19)	 f19:0x00102000 f14:0x00000009 PA:0x00101d08 store:0x1db47333 load:0x1db47333
          10952	      5472	0010128c	d089a787	flw	f15,-760(x19)	 f19:0x00102000 f15=0x00000000 PA:0x00000000
          10958	      5475	00101290	e0078ed3	fmv.x.w	x29,f15	 f15:0x00000006 x29=0x1db47333
          10960	      5476	00101294	cfda2c23	sw	x29,-776(x20)	 x20:0x00102000 x29:0x1db47333 PA:0x00101cf8 store:0x1db47333 load:0x1db47333
          10964	      5478	00101298	e09fe0ef	jal	x1,1000a0	  x1=0x0010129c
          10968	      5480	001000a0	00054803	lbu	x16,0(x10)	 x10:0x00101a10 x16=0x0000000a PA:0x00101a10 store:0x00000000
          10970	      5481	001000a4	06080663	beq	x16,x0,100110	 x16:0x0000000a  x0:0x00000000
          10972	      5482	001000a8	000207b7	lui	x15,0x20	 x15=0x00020000
          10976	      5484	001000ac	0107a023	sw	x16,0(x15)	 x15:0x00020000 x16:0x0000000a PA:0x00020000 store:0x0000000a load:0x00000000
          10980	      5486	001000b0	00154703	lbu	x14,1(x10)	 x10:0x00101a10 x14=0x00000020 PA:0x00101a11 store:0x0010129c
          10982	      5487	001000b4	04070e63	beq	x14,x0,100110	 x14:0x00000020  x0:0x00000000
          10986	      5489	001000b8	00e7a023	sw	x14,0(x15)	 x15:0x00020000 x14:0x00000020 PA:0x00020000 store:0x00000020 load:0x00000000
          10990	      5491	001000bc	00254283	lbu	x5,2(x10)	 x10:0x00101a10  x5=0x00000069 PA:0x00101a12 store:0x00137fa0
          10992	      5492	001000c0	04028863	beq	x5,x0,100110	  x5:0x00000069  x0:0x00000000
          10996	      5494	001000c4	0057a023	sw	x5,0(x15)	 x15:0x00020000  x5:0x00000069 PA:0x00020000 store:0x00000069 load:0x00000000
          11000	      5496	001000c8	00354303	lbu	x6,3(x10)	 x10:0x00101a10  x6=0x0000003d PA:0x00101a13 store:0x00000000
          11002	      5497	001000cc	04030263	beq	x6,x0,100110	  x6:0x0000003d  x0:0x00000000
          11006	      5499	001000d0	0067a023	sw	x6,0(x15)	 x15:0x00020000  x6:0x0000003d PA:0x00020000 store:0x0000003d load:0x00000000
          11010	      5501	001000d4	00454383	lbu	x7,4(x10)	 x10:0x00101a10  x7=0x00000000 PA:0x00101a14 store:0x00000000
          11014	      5503	001000d8	02038c63	beq	x7,x0,100110	  x7:0x00000000  x0:0x00000000
          11018	      5505	00100110	00000513	addi	x10,x0,0	  x0:0x00000000 x10=0x00000000
          11022	      5507	00100114	00008067	jalr	x0,0(x1)	  x1:0x0010129c  x0=0x00000000
          11024	      5508	0010129c	000d8513	addi	x10,x27,0	 x27:0x0000000a x10=0x0000000a
          11028	      5510	001012a0	e81fe0ef	jal	x1,100120	  x1=0x001012a4
          11030	      5511	00100120	01c55793	srli	x15,x10,0x1c	 x10:0x0000000a x15=0x00000000
          11032	      5512	00100124	00900713	addi	x14,x0,9	  x0:0x00000000 x14=0x00000009
          11036	      5514	00100128	0cf77a63	bgeu	x14,x15,1001fc	 x14:0x00000009 x15:0x00000000
          11040	      5516	001001fc	03078393	addi	x7,x15,48	 x15:0x00000000  x7=0x00000030
          11042	      5517	00100200	000205b7	lui	x11,0x20	 x11=0x00020000
          11044	      5518	00100204	00451613	slli	x12,x10,0x4	 x10:0x0000000a x12=0x000000a0
          11048	      5520	00100208	0075a023	sw	x7,0(x11)	 x11:0x00020000  x7:0x00000030 PA:0x00020000 store:0x00000030 load:0x00000000
          11050	      5521	0010020c	01c65693	srli	x13,x12,0x1c	 x12:0x000000a0 x13=0x00000000
          11052	      5522	00100210	00900813	addi	x16,x0,9	  x0:0x00000000 x16=0x00000009
          11054	      5523	00100214	f2d86ae3	bltu	x16,x13,100148	 x16:0x00000009 x13:0x00000000
          11056	      5524	00100218	03068e93	addi	x29,x13,48	 x13:0x00000000 x29=0x00000030
          11058	      5525	0010021c	00020f37	lui	x30,0x20	 x30=0x00020000
          11060	      5526	00100220	00851f93	slli	x31,x10,0x8	 x10:0x0000000a x31=0x00000a00
          11064	      5528	00100224	01df2023	sw	x29,0(x30)	 x30:0x00020000 x29:0x00000030 PA:0x00020000 store:0x00000030 load:0x00000000
          11066	      5529	00100228	01cfd793	srli	x15,x31,0x1c	 x31:0x00000a00 x15=0x00000000
          11068	      5530	0010022c	00900713	addi	x14,x0,9	  x0:0x00000000 x14=0x00000009
          11070	      5531	00100230	f2f76ae3	bltu	x14,x15,100164	 x14:0x00000009 x15:0x00000000
          11072	      5532	00100234	03078393	addi	x7,x15,48	 x15:0x00000000  x7=0x00000030
          11074	      5533	00100238	000205b7	lui	x11,0x20	 x11=0x00020000
          11076	      5534	0010023c	00c51613	slli	x12,x10,0xc	 x10:0x0000000a x12=0x0000a000
          11080	      5536	00100240	0075a023	sw	x7,0(x11)	 x11:0x00020000  x7:0x00000030 PA:0x00020000 store:0x00000030 load:0x00000000
          11082	      5537	00100244	01c65693	srli	x13,x12,0x1c	 x12:0x0000a000 x13=0x00000000
          11084	      5538	00100248	00900813	addi	x16,x0,9	  x0:0x00000000 x16=0x00000009
          11086	      5539	0010024c	f2d86ae3	bltu	x16,x13,100180	 x16:0x00000009 x13:0x00000000
          11088	      5540	00100250	03068e93	addi	x29,x13,48	 x13:0x00000000 x29=0x00000030
          11090	      5541	00100254	00020f37	lui	x30,0x20	 x30=0x00020000
          11092	      5542	00100258	01051f93	slli	x31,x10,0x10	 x10:0x0000000a x31=0x000a0000
          11096	      5544	0010025c	01df2023	sw	x29,0(x30)	 x30:0x00020000 x29:0x00000030 PA:0x00020000 store:0x00000030 load:0x00000000
          11098	      5545	00100260	01cfd793	srli	x15,x31,0x1c	 x31:0x000a0000 x15=0x00000000
          11100	      5546	00100264	00900713	addi	x14,x0,9	  x0:0x00000000 x14=0x00000009
          11102	      5547	00100268	f2f76ae3	bltu	x14,x15,10019c	 x14:0x00000009 x15:0x00000000
          11104	      5548	0010026c	03078393	addi	x7,x15,48	 x15:0x00000000  x7=0x00000030
          11106	      5549	00100270	000205b7	lui	x11,0x20	 x11=0x00020000
          11108	      5550	00100274	01451613	slli	x12,x10,0x14	 x10:0x0000000a x12=0x00a00000
          11112	      5552	00100278	0075a023	sw	x7,0(x11)	 x11:0x00020000  x7:0x00000030 PA:0x00020000 store:0x00000030 load:0x00000000
          11114	      5553	0010027c	01c65693	srli	x13,x12,0x1c	 x12:0x00a00000 x13=0x00000000
          11116	      5554	00100280	00900813	addi	x16,x0,9	  x0:0x00000000 x16=0x00000009
          11118	      5555	00100284	f2d86ae3	bltu	x16,x13,1001b8	 x16:0x00000009 x13:0x00000000
          11120	      5556	00100288	03068e93	addi	x29,x13,48	 x13:0x00000000 x29=0x00000030
          11122	      5557	0010028c	00020f37	lui	x30,0x20	 x30=0x00020000
          11124	      5558	00100290	01851f93	slli	x31,x10,0x18	 x10:0x0000000a x31=0x0a000000
          11128	      5560	00100294	01df2023	sw	x29,0(x30)	 x30:0x00020000 x29:0x00000030 PA:0x00020000 store:0x00000030 load:0x00000000
          11130	      5561	00100298	01cfd793	srli	x15,x31,0x1c	 x31:0x0a000000 x15=0x00000000
          11132	      5562	0010029c	00900713	addi	x14,x0,9	  x0:0x00000000 x14=0x00000009
          11134	      5563	001002a0	f2f76ae3	bltu	x14,x15,1001d4	 x14:0x00000009 x15:0x00000000
          11136	      5564	001002a4	03078393	addi	x7,x15,48	 x15:0x00000000  x7=0x00000030
          11138	      5565	001002a8	000205b7	lui	x11,0x20	 x11=0x00020000
          11142	      5567	001002ac	0075a023	sw	x7,0(x11)	 x11:0x00020000  x7:0x00000030 PA:0x00020000 store:0x00000030 load:0x00000000
          11144	      5568	001002b0	00f57513	andi	x10,x10,15	 x10:0x0000000a x10=0x0000000a
          11146	      5569	001002b4	00900613	addi	x12,x0,9	  x0:0x00000000 x12=0x00000009
          11148	      5570	001002b8	f2a67ae3	bgeu	x12,x10,1001ec	 x12:0x00000009 x10:0x0000000a
          11150	      5571	001002bc	03750693	addi	x13,x10,55	 x10:0x0000000a x13=0x00000041
          11152	      5572	001002c0	00020837	lui	x16,0x20	 x16=0x00020000
          11156	      5574	001002c4	00d82023	sw	x13,0(x16)	 x16:0x00020000 x13:0x00000041 PA:0x00020000 store:0x00000041 load:0x00000000
          11160	      5576	001002c8	00008067	jalr	x0,0(x1)	  x1:0x001012a4  x0=0x00000000
          11162	      5577	001012a4	a18b0513	addi	x10,x22,-1512	 x22:0x00102000 x10=0x00101a18
          11166	      5579	001012a8	df9fe0ef	jal	x1,1000a0	  x1=0x001012ac
          11170	      5581	001000a0	00054803	lbu	x16,0(x10)	 x10:0x00101a18 x16=0x00000020 PA:0x00101a18 store:0x00000000
          11172	      5582	001000a4	06080663	beq	x16,x0,100110	 x16:0x00000020  x0:0x00000000
          11174	      5583	001000a8	000207b7	lui	x15,0x20	 x15=0x00020000
          11178	      5585	001000ac	0107a023	sw	x16,0(x15)	 x15:0x00020000 x16:0x00000020 PA:0x00020000 store:0x00000020 load:0x00000000
          11182	      5587	001000b0	00154703	lbu	x14,1(x10)	 x10:0x00101a18 x14=0x00000072 PA:0x00101a19 store:0x001012ac
          11184	      5588	001000b4	04070e63	beq	x14,x0,100110	 x14:0x00000072  x0:0x00000000
          11188	      5590	001000b8	00e7a023	sw	x14,0(x15)	 x15:0x00020000 x14:0x00000072 PA:0x00020000 store:0x00000072 load:0x00000000
          11192	      5592	001000bc	00254283	lbu	x5,2(x10)	 x10:0x00101a18  x5=0x00000065 PA:0x00101a1a store:0x00137fa0
          11194	      5593	001000c0	04028863	beq	x5,x0,100110	  x5:0x00000065  x0:0x00000000
          11198	      5595	001000c4	0057a023	sw	x5,0(x15)	 x15:0x00020000  x5:0x00000065 PA:0x00020000 store:0x00000065 load:0x00000000
          11202	      5597	001000c8	00354303	lbu	x6,3(x10)	 x10:0x00101a18  x6=0x00000073 PA:0x00101a1b store:0x00000000
          11204	      5598	001000cc	04030263	beq	x6,x0,100110	  x6:0x00000073  x0:0x00000000
          11208	      5600	001000d0	0067a023	sw	x6,0(x15)	 x15:0x00020000  x6:0x00000073 PA:0x00020000 store:0x00000073 load:0x00000000
          11212	      5602	001000d4	00454383	lbu	x7,4(x10)	 x10:0x00101a18  x7=0x00000075 PA:0x00101a1c store:0x00000000
          11214	      5603	001000d8	02038c63	beq	x7,x0,100110	  x7:0x00000075  x0:0x00000000
          11218	      5605	001000dc	0077a023	sw	x7,0(x15)	 x15:0x00020000  x7:0x00000075 PA:0x00020000 store:0x00000075 load:0x00000000
          11222	      5607	001000e0	00554583	lbu	x11,5(x10)	 x10:0x00101a18 x11=0x0000006c PA:0x00101a1d store:0x00000065
          11224	      5608	001000e4	02058663	beq	x11,x0,100110	 x11:0x0000006c  x0:0x00000000
          11228	      5610	001000e8	00b7a023	sw	x11,0(x15)	 x15:0x00020000 x11:0x0000006c PA:0x00020000 store:0x0000006c load:0x00000000
          11232	      5612	001000ec	00654603	lbu	x12,6(x10)	 x10:0x00101a18 x12=0x00000074 PA:0x00101a1e store:0x00000073
          11234	      5613	001000f0	02060063	beq	x12,x0,100110	 x12:0x00000074  x0:0x00000000
          11238	      5615	001000f4	00c7a023	sw	x12,0(x15)	 x15:0x00020000 x12:0x00000074 PA:0x00020000 store:0x00000074 load:0x00000000
          11242	      5617	001000f8	00754683	lbu	x13,7(x10)	 x10:0x00101a18 x13=0x0000003a PA:0x00101a1f store:0x00000075
          11244	      5618	001000fc	00850513	addi	x10,x10,8	 x10:0x00101a18 x10=0x00101a20
          11246	      5619	00100100	00068863	beq	x13,x0,100110	 x13:0x0000003a  x0:0x00000000
          11250	      5621	00100104	00d7a023	sw	x13,0(x15)	 x15:0x00020000 x13:0x0000003a PA:0x00020000 store:0x0000003a load:0x00000000
          11254	      5623	00100108	00054803	lbu	x16,0(x10)	 x10:0x00101a20 x16=0x00000020 PA:0x00101a20 store:0x00000000
          11258	      5625	0010010c	fa0810e3	bne	x16,x0,1000ac	 x16:0x00000020  x0:0x00000000
          11264	      5628	001000ac	0107a023	sw	x16,0(x15)	 x15:0x00020000 x16:0x00000020 PA:0x00020000 store:0x00000020 load:0x00000000
          11268	      5630	001000b0	00154703	lbu	x14,1(x10)	 x10:0x00101a20 x14=0x00000000 PA:0x00101a21 store:0x001012ac
          11272	      5632	001000b4	04070e63	beq	x14,x0,100110	 x14:0x00000000  x0:0x00000000
          11276	      5634	00100110	00000513	addi	x10,x0,0	  x0:0x00000000 x10=0x00000000
          11280	      5636	00100114	00008067	jalr	x0,0(x1)	  x1:0x001012ac  x0=0x00000000
          11284	      5638	001012ac	cf8a2503	lw	x10,-776(x20)	 x20:0x00102000 x10=0x1db47333 PA:0x00101cf8 store:0x00000008
          11286	      5639	001012b0	003c0d93	addi	x27,x24,3	 x24:0x00000008 x27=0x0000000b
          11288	      5640	001012b4	004c0c13	addi	x24,x24,4	 x24:0x00000008 x24=0x0000000c
          11292	      5642	001012b8	e69fe0ef	jal	x1,100120	  x1=0x001012bc
          11294	      5643	00100120	01c55793	srli	x15,x10,0x1c	 x10:0x1db47333 x15=0x00000001
          11296	      5644	00100124	00900713	addi	x14,x0,9	  x0:0x00000000 x14=0x00000009
          11300	      5646	00100128	0cf77a63	bgeu	x14,x15,1001fc	 x14:0x00000009 x15:0x00000001
          11304	      5648	001001fc	03078393	addi	x7,x15,48	 x15:0x00000001  x7=0x00000031
          11306	      5649	00100200	000205b7	lui	x11,0x20	 x11=0x00020000
          11308	      5650	00100204	00451613	slli	x12,x10,0x4	 x10:0x1db47333 x12=0xdb473330
          11312	      5652	00100208	0075a023	sw	x7,0(x11)	 x11:0x00020000  x7:0x00000031 PA:0x00020000 store:0x00000031 load:0x00000000
          11314	      5653	0010020c	01c65693	srli	x13,x12,0x1c	 x12:0xdb473330 x13=0x0000000d
          11316	      5654	00100210	00900813	addi	x16,x0,9	  x0:0x00000000 x16=0x00000009
          11320	      5656	00100214	f2d86ae3	bltu	x16,x13,100148	 x16:0x00000009 x13:0x0000000d
          11324	      5658	00100148	03768893	addi	x17,x13,55	 x13:0x0000000d x17=0x00000044
          11326	      5659	0010014c	00020e37	lui	x28,0x20	 x28=0x00020000
          11328	      5660	00100150	00851f93	slli	x31,x10,0x8	 x10:0x1db47333 x31=0xb4733300
          11332	      5662	00100154	011e2023	sw	x17,0(x28)	 x28:0x00020000 x17:0x00000044 PA:0x00020000 store:0x00000044 load:0x00000000
          11334	      5663	00100158	01cfd793	srli	x15,x31,0x1c	 x31:0xb4733300 x15=0x0000000b
          11336	      5664	0010015c	00900713	addi	x14,x0,9	  x0:0x00000000 x14=0x00000009
          11338	      5665	00100160	0cf77a63	bgeu	x14,x15,100234	 x14:0x00000009 x15:0x0000000b
          11340	      5666	00100164	03778293	addi	x5,x15,55	 x15:0x0000000b  x5=0x00000042
          11342	      5667	00100168	00020337	lui	x6,0x20	  x6=0x00020000
          11344	      5668	0010016c	00c51613	slli	x12,x10,0xc	 x10:0x1db47333 x12=0x47333000
          11348	      5670	00100170	00532023	sw	x5,0(x6)	  x6:0x00020000  x5:0x00000042 PA:0x00020000 store:0x00000042 load:0x00000000
          11350	      5671	00100174	01c65693	srli	x13,x12,0x1c	 x12:0x47333000 x13=0x00000004
          11352	      5672	00100178	00900813	addi	x16,x0,9	  x0:0x00000000 x16=0x00000009
          11356	      5674	0010017c	0cd87a63	bgeu	x16,x13,100250	 x16:0x00000009 x13:0x00000004
          11360	      5676	00100250	03068e93	addi	x29,x13,48	 x13:0x00000004 x29=0x00000034
          11362	      5677	00100254	00020f37	lui	x30,0x20	 x30=0x00020000
          11364	      5678	00100258	01051f93	slli	x31,x10,0x10	 x10:0x1db47333 x31=0x73330000
          11368	      5680	0010025c	01df2023	sw	x29,0(x30)	 x30:0x00020000 x29:0x00000034 PA:0x00020000 store:0x00000034 load:0x00000000
          11370	      5681	00100260	01cfd793	srli	x15,x31,0x1c	 x31:0x73330000 x15=0x00000007
          11372	      5682	00100264	00900713	addi	x14,x0,9	  x0:0x00000000 x14=0x00000009
          11374	      5683	00100268	f2f76ae3	bltu	x14,x15,10019c	 x14:0x00000009 x15:0x00000007
          11376	      5684	0010026c	03078393	addi	x7,x15,48	 x15:0x00000007  x7=0x00000037
          11378	      5685	00100270	000205b7	lui	x11,0x20	 x11=0x00020000
          11380	      5686	00100274	01451613	slli	x12,x10,0x14	 x10:0x1db47333 x12=0x33300000
          11384	      5688	00100278	0075a023	sw	x7,0(x11)	 x11:0x00020000  x7:0x00000037 PA:0x00020000 store:0x00000037 load:0x00000000
          11386	      5689	0010027c	01c65693	srli	x13,x12,0x1c	 x12:0x33300000 x13=0x00000003
          11388	      5690	00100280	00900813	addi	x16,x0,9	  x0:0x00000000 x16=0x00000009
          11390	      5691	00100284	f2d86ae3	bltu	x16,x13,1001b8	 x16:0x00000009 x13:0x00000003
          11392	      5692	00100288	03068e93	addi	x29,x13,48	 x13:0x00000003 x29=0x00000033
          11394	      5693	0010028c	00020f37	lui	x30,0x20	 x30=0x00020000
          11396	      5694	00100290	01851f93	slli	x31,x10,0x18	 x10:0x1db47333 x31=0x33000000
          11400	      5696	00100294	01df2023	sw	x29,0(x30)	 x30:0x00020000 x29:0x00000033 PA:0x00020000 store:0x00000033 load:0x00000000
          11402	      5697	00100298	01cfd793	srli	x15,x31,0x1c	 x31:0x33000000 x15=0x00000003
          11404	      5698	0010029c	00900713	addi	x14,x0,9	  x0:0x00000000 x14=0x00000009
          11406	      5699	001002a0	f2f76ae3	bltu	x14,x15,1001d4	 x14:0x00000009 x15:0x00000003
          11408	      5700	001002a4	03078393	addi	x7,x15,48	 x15:0x00000003  x7=0x00000033
          11410	      5701	001002a8	000205b7	lui	x11,0x20	 x11=0x00020000
          11414	      5703	001002ac	0075a023	sw	x7,0(x11)	 x11:0x00020000  x7:0x00000033 PA:0x00020000 store:0x00000033 load:0x00000000
          11416	      5704	001002b0	00f57513	andi	x10,x10,15	 x10:0x1db47333 x10=0x00000003
          11418	      5705	001002b4	00900613	addi	x12,x0,9	  x0:0x00000000 x12=0x00000009
          11422	      5707	001002b8	f2a67ae3	bgeu	x12,x10,1001ec	 x12:0x00000009 x10:0x00000003
          11426	      5709	001001ec	03050893	addi	x17,x10,48	 x10:0x00000003 x17=0x00000033
          11428	      5710	001001f0	00020e37	lui	x28,0x20	 x28=0x00020000
          11432	      5712	001001f4	011e2023	sw	x17,0(x28)	 x28:0x00020000 x17:0x00000033 PA:0x00020000 store:0x00000033 load:0x00000000
          11446	      5719	001001f8	00008067	jalr	x0,0(x1)	  x1:0x001012bc  x0=0x00000000
          11448	      5720	001012bc	d089a187	flw	f3,-760(x19)	 f19:0x00102000  f3=0x00000000 PA:0x00101d08 store:0x4598f2e4
          11450	      5721	001012c0	d24ba207	flw	f4,-732(x23)	 f23:0x00102000  f4=0x00000000 PA:0x00101d24 store:0x42f67c6a
          11472	      5732	001012c4	a10a8513	addi	x10,x21,-1520	 x21:0x00102000 x10=0x00101a10
          11474	      5733	001012c8	1841f5d3	fdiv.s	f11,f3,f4	  f3:0x00000000  f4:0x00000000 f11=0x00000000
          11478	      5735	001012cc	d0b9a427	fsw	f11,-760(x19)	 f19:0x00102000 f11:0x00020000 PA:0x00101d08 store:0x1a3b6a45 load:0x1a3b6a45
          11484	      5738	001012d0	d089a287	flw	f5,-760(x19)	 f19:0x00102000  f5=0x00000000 PA:0x00000000
          11490	      5741	001012d4	e0028f53	fmv.x.w	x30,f5	  f5:0x00000042 x30=0x1a3b6a45
          11492	      5742	001012d8	cfea2c23	sw	x30,-776(x20)	 x20:0x00102000 x30:0x1a3b6a45 PA:0x00101cf8 store:0x1a3b6a45 load:0x1a3b6a45
          11496	      5744	001012dc	dc5fe0ef	jal	x1,1000a0	  x1=0x001012e0
          11500	      5746	001000a0	00054803	lbu	x16,0(x10)	 x10:0x00101a10 x16=0x0000000a PA:0x00101a10 store:0x00000000
          11502	      5747	001000a4	06080663	beq	x16,x0,100110	 x16:0x0000000a  x0:0x00000000
          11504	      5748	001000a8	000207b7	lui	x15,0x20	 x15=0x00020000
          11508	      5750	001000ac	0107a023	sw	x16,0(x15)	 x15:0x00020000 x16:0x0000000a PA:0x00020000 store:0x0000000a load:0x00000000
          11512	      5752	001000b0	00154703	lbu	x14,1(x10)	 x10:0x00101a10 x14=0x00000020 PA:0x00101a11 store:0x001012e0
          11514	      5753	001000b4	04070e63	beq	x14,x0,100110	 x14:0x00000020  x0:0x00000000
          11518	      5755	001000b8	00e7a023	sw	x14,0(x15)	 x15:0x00020000 x14:0x00000020 PA:0x00020000 store:0x00000020 load:0x00000000
          11522	      5757	001000bc	00254283	lbu	x5,2(x10)	 x10:0x00101a10  x5=0x00000069 PA:0x00101a12 store:0x00137fa0
          11524	      5758	001000c0	04028863	beq	x5,x0,100110	  x5:0x00000069  x0:0x00000000
          11528	      5760	001000c4	0057a023	sw	x5,0(x15)	 x15:0x00020000  x5:0x00000069 PA:0x00020000 store:0x00000069 load:0x00000000
          11532	      5762	001000c8	00354303	lbu	x6,3(x10)	 x10:0x00101a10  x6=0x0000003d PA:0x00101a13 store:0x00000000
          11534	      5763	001000cc	04030263	beq	x6,x0,100110	  x6:0x0000003d  x0:0x00000000
          11538	      5765	001000d0	0067a023	sw	x6,0(x15)	 x15:0x00020000  x6:0x0000003d PA:0x00020000 store:0x0000003d load:0x00000000
          11542	      5767	001000d4	00454383	lbu	x7,4(x10)	 x10:0x00101a10  x7=0x00000000 PA:0x00101a14 store:0x00000000
          11546	      5769	001000d8	02038c63	beq	x7,x0,100110	  x7:0x00000000  x0:0x00000000
          11550	      5771	00100110	00000513	addi	x10,x0,0	  x0:0x00000000 x10=0x00000000
          11554	      5773	00100114	00008067	jalr	x0,0(x1)	  x1:0x001012e0  x0=0x00000000
          11556	      5774	001012e0	000d8513	addi	x10,x27,0	 x27:0x0000000b x10=0x0000000b
          11560	      5776	001012e4	e3dfe0ef	jal	x1,100120	  x1=0x001012e8
          11562	      5777	00100120	01c55793	srli	x15,x10,0x1c	 x10:0x0000000b x15=0x00000000
          11564	      5778	00100124	00900713	addi	x14,x0,9	  x0:0x00000000 x14=0x00000009
          11568	      5780	00100128	0cf77a63	bgeu	x14,x15,1001fc	 x14:0x00000009 x15:0x00000000
          11572	      5782	001001fc	03078393	addi	x7,x15,48	 x15:0x00000000  x7=0x00000030
          11574	      5783	00100200	000205b7	lui	x11,0x20	 x11=0x00020000
          11576	      5784	00100204	00451613	slli	x12,x10,0x4	 x10:0x0000000b x12=0x000000b0
          11580	      5786	00100208	0075a023	sw	x7,0(x11)	 x11:0x00020000  x7:0x00000030 PA:0x00020000 store:0x00000030 load:0x00000000
          11582	      5787	0010020c	01c65693	srli	x13,x12,0x1c	 x12:0x000000b0 x13=0x00000000
          11584	      5788	00100210	00900813	addi	x16,x0,9	  x0:0x00000000 x16=0x00000009
          11586	      5789	00100214	f2d86ae3	bltu	x16,x13,100148	 x16:0x00000009 x13:0x00000000
          11588	      5790	00100218	03068e93	addi	x29,x13,48	 x13:0x00000000 x29=0x00000030
          11590	      5791	0010021c	00020f37	lui	x30,0x20	 x30=0x00020000
          11592	      5792	00100220	00851f93	slli	x31,x10,0x8	 x10:0x0000000b x31=0x00000b00
          11596	      5794	00100224	01df2023	sw	x29,0(x30)	 x30:0x00020000 x29:0x00000030 PA:0x00020000 store:0x00000030 load:0x00000000
          11598	      5795	00100228	01cfd793	srli	x15,x31,0x1c	 x31:0x00000b00 x15=0x00000000
          11600	      5796	0010022c	00900713	addi	x14,x0,9	  x0:0x00000000 x14=0x00000009
          11602	      5797	00100230	f2f76ae3	bltu	x14,x15,100164	 x14:0x00000009 x15:0x00000000
          11604	      5798	00100234	03078393	addi	x7,x15,48	 x15:0x00000000  x7=0x00000030
          11606	      5799	00100238	000205b7	lui	x11,0x20	 x11=0x00020000
          11608	      5800	0010023c	00c51613	slli	x12,x10,0xc	 x10:0x0000000b x12=0x0000b000
          11612	      5802	00100240	0075a023	sw	x7,0(x11)	 x11:0x00020000  x7:0x00000030 PA:0x00020000 store:0x00000030 load:0x00000000
          11614	      5803	00100244	01c65693	srli	x13,x12,0x1c	 x12:0x0000b000 x13=0x00000000
          11616	      5804	00100248	00900813	addi	x16,x0,9	  x0:0x00000000 x16=0x00000009
          11618	      5805	0010024c	f2d86ae3	bltu	x16,x13,100180	 x16:0x00000009 x13:0x00000000
          11620	      5806	00100250	03068e93	addi	x29,x13,48	 x13:0x00000000 x29=0x00000030
          11622	      5807	00100254	00020f37	lui	x30,0x20	 x30=0x00020000
          11624	      5808	00100258	01051f93	slli	x31,x10,0x10	 x10:0x0000000b x31=0x000b0000
          11628	      5810	0010025c	01df2023	sw	x29,0(x30)	 x30:0x00020000 x29:0x00000030 PA:0x00020000 store:0x00000030 load:0x00000000
          11630	      5811	00100260	01cfd793	srli	x15,x31,0x1c	 x31:0x000b0000 x15=0x00000000
          11632	      5812	00100264	00900713	addi	x14,x0,9	  x0:0x00000000 x14=0x00000009
          11634	      5813	00100268	f2f76ae3	bltu	x14,x15,10019c	 x14:0x00000009 x15:0x00000000
          11636	      5814	0010026c	03078393	addi	x7,x15,48	 x15:0x00000000  x7=0x00000030
          11638	      5815	00100270	000205b7	lui	x11,0x20	 x11=0x00020000
          11640	      5816	00100274	01451613	slli	x12,x10,0x14	 x10:0x0000000b x12=0x00b00000
          11644	      5818	00100278	0075a023	sw	x7,0(x11)	 x11:0x00020000  x7:0x00000030 PA:0x00020000 store:0x00000030 load:0x00000000
          11646	      5819	0010027c	01c65693	srli	x13,x12,0x1c	 x12:0x00b00000 x13=0x00000000
          11648	      5820	00100280	00900813	addi	x16,x0,9	  x0:0x00000000 x16=0x00000009
          11650	      5821	00100284	f2d86ae3	bltu	x16,x13,1001b8	 x16:0x00000009 x13:0x00000000
          11652	      5822	00100288	03068e93	addi	x29,x13,48	 x13:0x00000000 x29=0x00000030
          11654	      5823	0010028c	00020f37	lui	x30,0x20	 x30=0x00020000
          11656	      5824	00100290	01851f93	slli	x31,x10,0x18	 x10:0x0000000b x31=0x0b000000
          11660	      5826	00100294	01df2023	sw	x29,0(x30)	 x30:0x00020000 x29:0x00000030 PA:0x00020000 store:0x00000030 load:0x00000000
          11662	      5827	00100298	01cfd793	srli	x15,x31,0x1c	 x31:0x0b000000 x15=0x00000000
          11664	      5828	0010029c	00900713	addi	x14,x0,9	  x0:0x00000000 x14=0x00000009
          11666	      5829	001002a0	f2f76ae3	bltu	x14,x15,1001d4	 x14:0x00000009 x15:0x00000000
          11668	      5830	001002a4	03078393	addi	x7,x15,48	 x15:0x00000000  x7=0x00000030
          11670	      5831	001002a8	000205b7	lui	x11,0x20	 x11=0x00020000
          11674	      5833	001002ac	0075a023	sw	x7,0(x11)	 x11:0x00020000  x7:0x00000030 PA:0x00020000 store:0x00000030 load:0x00000000
          11676	      5834	001002b0	00f57513	andi	x10,x10,15	 x10:0x0000000b x10=0x0000000b
          11678	      5835	001002b4	00900613	addi	x12,x0,9	  x0:0x00000000 x12=0x00000009
          11680	      5836	001002b8	f2a67ae3	bgeu	x12,x10,1001ec	 x12:0x00000009 x10:0x0000000b
          11682	      5837	001002bc	03750693	addi	x13,x10,55	 x10:0x0000000b x13=0x00000042
          11684	      5838	001002c0	00020837	lui	x16,0x20	 x16=0x00020000
          11688	      5840	001002c4	00d82023	sw	x13,0(x16)	 x16:0x00020000 x13:0x00000042 PA:0x00020000 store:0x00000042 load:0x00000000
          11692	      5842	001002c8	00008067	jalr	x0,0(x1)	  x1:0x001012e8  x0=0x00000000
          11694	      5843	001012e8	a18b0513	addi	x10,x22,-1512	 x22:0x00102000 x10=0x00101a18
          11698	      5845	001012ec	db5fe0ef	jal	x1,1000a0	  x1=0x001012f0
          11702	      5847	001000a0	00054803	lbu	x16,0(x10)	 x10:0x00101a18 x16=0x00000020 PA:0x00101a18 store:0x00000000
          11704	      5848	001000a4	06080663	beq	x16,x0,100110	 x16:0x00000020  x0:0x00000000
          11706	      5849	001000a8	000207b7	lui	x15,0x20	 x15=0x00020000
          11710	      5851	001000ac	0107a023	sw	x16,0(x15)	 x15:0x00020000 x16:0x00000020 PA:0x00020000 store:0x00000020 load:0x00000000
          11714	      5853	001000b0	00154703	lbu	x14,1(x10)	 x10:0x00101a18 x14=0x00000072 PA:0x00101a19 store:0x001012f0
          11716	      5854	001000b4	04070e63	beq	x14,x0,100110	 x14:0x00000072  x0:0x00000000
          11720	      5856	001000b8	00e7a023	sw	x14,0(x15)	 x15:0x00020000 x14:0x00000072 PA:0x00020000 store:0x00000072 load:0x00000000
          11724	      5858	001000bc	00254283	lbu	x5,2(x10)	 x10:0x00101a18  x5=0x00000065 PA:0x00101a1a store:0x00137fa0
          11726	      5859	001000c0	04028863	beq	x5,x0,100110	  x5:0x00000065  x0:0x00000000
          11730	      5861	001000c4	0057a023	sw	x5,0(x15)	 x15:0x00020000  x5:0x00000065 PA:0x00020000 store:0x00000065 load:0x00000000
          11734	      5863	001000c8	00354303	lbu	x6,3(x10)	 x10:0x00101a18  x6=0x00000073 PA:0x00101a1b store:0x00000000
          11736	      5864	001000cc	04030263	beq	x6,x0,100110	  x6:0x00000073  x0:0x00000000
          11740	      5866	001000d0	0067a023	sw	x6,0(x15)	 x15:0x00020000  x6:0x00000073 PA:0x00020000 store:0x00000073 load:0x00000000
          11744	      5868	001000d4	00454383	lbu	x7,4(x10)	 x10:0x00101a18  x7=0x00000075 PA:0x00101a1c store:0x00000000
          11746	      5869	001000d8	02038c63	beq	x7,x0,100110	  x7:0x00000075  x0:0x00000000
          11750	      5871	001000dc	0077a023	sw	x7,0(x15)	 x15:0x00020000  x7:0x00000075 PA:0x00020000 store:0x00000075 load:0x00000000
          11754	      5873	001000e0	00554583	lbu	x11,5(x10)	 x10:0x00101a18 x11=0x0000006c PA:0x00101a1d store:0x00000065
          11756	      5874	001000e4	02058663	beq	x11,x0,100110	 x11:0x0000006c  x0:0x00000000
          11760	      5876	001000e8	00b7a023	sw	x11,0(x15)	 x15:0x00020000 x11:0x0000006c PA:0x00020000 store:0x0000006c load:0x00000000
          11764	      5878	001000ec	00654603	lbu	x12,6(x10)	 x10:0x00101a18 x12=0x00000074 PA:0x00101a1e store:0x00000073
          11766	      5879	001000f0	02060063	beq	x12,x0,100110	 x12:0x00000074  x0:0x00000000
          11770	      5881	001000f4	00c7a023	sw	x12,0(x15)	 x15:0x00020000 x12:0x00000074 PA:0x00020000 store:0x00000074 load:0x00000000
          11774	      5883	001000f8	00754683	lbu	x13,7(x10)	 x10:0x00101a18 x13=0x0000003a PA:0x00101a1f store:0x00000075
          11776	      5884	001000fc	00850513	addi	x10,x10,8	 x10:0x00101a18 x10=0x00101a20
          11778	      5885	00100100	00068863	beq	x13,x0,100110	 x13:0x0000003a  x0:0x00000000
          11782	      5887	00100104	00d7a023	sw	x13,0(x15)	 x15:0x00020000 x13:0x0000003a PA:0x00020000 store:0x0000003a load:0x00000000
          11786	      5889	00100108	00054803	lbu	x16,0(x10)	 x10:0x00101a20 x16=0x00000020 PA:0x00101a20 store:0x00000000
          11790	      5891	0010010c	fa0810e3	bne	x16,x0,1000ac	 x16:0x00000020  x0:0x00000000
          11796	      5894	001000ac	0107a023	sw	x16,0(x15)	 x15:0x00020000 x16:0x00000020 PA:0x00020000 store:0x00000020 load:0x00000000
          11800	      5896	001000b0	00154703	lbu	x14,1(x10)	 x10:0x00101a20 x14=0x00000000 PA:0x00101a21 store:0x001012f0
          11804	      5898	001000b4	04070e63	beq	x14,x0,100110	 x14:0x00000000  x0:0x00000000
          11808	      5900	00100110	00000513	addi	x10,x0,0	  x0:0x00000000 x10=0x00000000
          11812	      5902	00100114	00008067	jalr	x0,0(x1)	  x1:0x001012f0  x0=0x00000000
          11816	      5904	001012f0	cf8a2503	lw	x10,-776(x20)	 x20:0x00102000 x10=0x1a3b6a45 PA:0x00101cf8 store:0x0000000c
          11820	      5906	001012f4	e2dfe0ef	jal	x1,100120	  x1=0x001012f8
          11822	      5907	00100120	01c55793	srli	x15,x10,0x1c	 x10:0x1a3b6a45 x15=0x00000001
          11824	      5908	00100124	00900713	addi	x14,x0,9	  x0:0x00000000 x14=0x00000009
          11828	      5910	00100128	0cf77a63	bgeu	x14,x15,1001fc	 x14:0x00000009 x15:0x00000001
          11832	      5912	001001fc	03078393	addi	x7,x15,48	 x15:0x00000001  x7=0x00000031
          11834	      5913	00100200	000205b7	lui	x11,0x20	 x11=0x00020000
          11836	      5914	00100204	00451613	slli	x12,x10,0x4	 x10:0x1a3b6a45 x12=0xa3b6a450
          11840	      5916	00100208	0075a023	sw	x7,0(x11)	 x11:0x00020000  x7:0x00000031 PA:0x00020000 store:0x00000031 load:0x00000000
          11842	      5917	0010020c	01c65693	srli	x13,x12,0x1c	 x12:0xa3b6a450 x13=0x0000000a
          11844	      5918	00100210	00900813	addi	x16,x0,9	  x0:0x00000000 x16=0x00000009
          11848	      5920	00100214	f2d86ae3	bltu	x16,x13,100148	 x16:0x00000009 x13:0x0000000a
          11852	      5922	00100148	03768893	addi	x17,x13,55	 x13:0x0000000a x17=0x00000041
          11854	      5923	0010014c	00020e37	lui	x28,0x20	 x28=0x00020000
          11856	      5924	00100150	00851f93	slli	x31,x10,0x8	 x10:0x1a3b6a45 x31=0x3b6a4500
          11860	      5926	00100154	011e2023	sw	x17,0(x28)	 x28:0x00020000 x17:0x00000041 PA:0x00020000 store:0x00000041 load:0x00000000
          11862	      5927	00100158	01cfd793	srli	x15,x31,0x1c	 x31:0x3b6a4500 x15=0x00000003
          11864	      5928	0010015c	00900713	addi	x14,x0,9	  x0:0x00000000 x14=0x00000009
          11868	      5930	00100160	0cf77a63	bgeu	x14,x15,100234	 x14:0x00000009 x15:0x00000003
          11872	      5932	00100234	03078393	addi	x7,x15,48	 x15:0x00000003  x7=0x00000033
          11874	      5933	00100238	000205b7	lui	x11,0x20	 x11=0x00020000
          11876	      5934	0010023c	00c51613	slli	x12,x10,0xc	 x10:0x1a3b6a45 x12=0xb6a45000
          11880	      5936	00100240	0075a023	sw	x7,0(x11)	 x11:0x00020000  x7:0x00000033 PA:0x00020000 store:0x00000033 load:0x00000000
          11882	      5937	00100244	01c65693	srli	x13,x12,0x1c	 x12:0xb6a45000 x13=0x0000000b
          11884	      5938	00100248	00900813	addi	x16,x0,9	  x0:0x00000000 x16=0x00000009
          11888	      5940	0010024c	f2d86ae3	bltu	x16,x13,100180	 x16:0x00000009 x13:0x0000000b
          11892	      5942	00100180	03768893	addi	x17,x13,55	 x13:0x0000000b x17=0x00000042
          11894	      5943	00100184	00020e37	lui	x28,0x20	 x28=0x00020000
          11896	      5944	00100188	01051f93	slli	x31,x10,0x10	 x10:0x1a3b6a45 x31=0x6a450000
          11900	      5946	0010018c	011e2023	sw	x17,0(x28)	 x28:0x00020000 x17:0x00000042 PA:0x00020000 store:0x00000042 load:0x00000000
          11902	      5947	00100190	01cfd793	srli	x15,x31,0x1c	 x31:0x6a450000 x15=0x00000006
          11904	      5948	00100194	00900713	addi	x14,x0,9	  x0:0x00000000 x14=0x00000009
          11908	      5950	00100198	0cf77a63	bgeu	x14,x15,10026c	 x14:0x00000009 x15:0x00000006
          11912	      5952	0010026c	03078393	addi	x7,x15,48	 x15:0x00000006  x7=0x00000036
          11914	      5953	00100270	000205b7	lui	x11,0x20	 x11=0x00020000
          11916	      5954	00100274	01451613	slli	x12,x10,0x14	 x10:0x1a3b6a45 x12=0xa4500000
          11920	      5956	00100278	0075a023	sw	x7,0(x11)	 x11:0x00020000  x7:0x00000036 PA:0x00020000 store:0x00000036 load:0x00000000
          11922	      5957	0010027c	01c65693	srli	x13,x12,0x1c	 x12:0xa4500000 x13=0x0000000a
          11924	      5958	00100280	00900813	addi	x16,x0,9	  x0:0x00000000 x16=0x00000009
          11928	      5960	00100284	f2d86ae3	bltu	x16,x13,1001b8	 x16:0x00000009 x13:0x0000000a
          11932	      5962	001001b8	03768893	addi	x17,x13,55	 x13:0x0000000a x17=0x00000041
          11934	      5963	001001bc	00020e37	lui	x28,0x20	 x28=0x00020000
          11936	      5964	001001c0	01851f93	slli	x31,x10,0x18	 x10:0x1a3b6a45 x31=0x45000000
          11940	      5966	001001c4	011e2023	sw	x17,0(x28)	 x28:0x00020000 x17:0x00000041 PA:0x00020000 store:0x00000041 load:0x00000000
          11942	      5967	001001c8	01cfd793	srli	x15,x31,0x1c	 x31:0x45000000 x15=0x00000004
          11944	      5968	001001cc	00900713	addi	x14,x0,9	  x0:0x00000000 x14=0x00000009
          11948	      5970	001001d0	0cf77a63	bgeu	x14,x15,1002a4	 x14:0x00000009 x15:0x00000004
          11952	      5972	001002a4	03078393	addi	x7,x15,48	 x15:0x00000004  x7=0x00000034
          11954	      5973	001002a8	000205b7	lui	x11,0x20	 x11=0x00020000
          11958	      5975	001002ac	0075a023	sw	x7,0(x11)	 x11:0x00020000  x7:0x00000034 PA:0x00020000 store:0x00000034 load:0x00000000
          11960	      5976	001002b0	00f57513	andi	x10,x10,15	 x10:0x1a3b6a45 x10=0x00000005
          11962	      5977	001002b4	00900613	addi	x12,x0,9	  x0:0x00000000 x12=0x00000009
          11966	      5979	001002b8	f2a67ae3	bgeu	x12,x10,1001ec	 x12:0x00000009 x10:0x00000005
          11970	      5981	001001ec	03050893	addi	x17,x10,48	 x10:0x00000005 x17=0x00000035
          11972	      5982	001001f0	00020e37	lui	x28,0x20	 x28=0x00020000
          11976	      5984	001001f4	011e2023	sw	x17,0(x28)	 x28:0x00020000 x17:0x00000035 PA:0x00020000 store:0x00000035 load:0x00000000
          11980	      5986	001001f8	00008067	jalr	x0,0(x1)	  x1:0x001012f8  x0=0x00000000
          11984	      5988	001012f8	f1ac10e3	bne	x24,x26,1011f8	 x24:0x0000000c x26:0x00000014
          11996	      5994	001011f8	d089a987	flw	f19,-760(x19)	 f19:0x00102000 f19=0x00000000 PA:0x00101d08 store:0x4598f2e4
          11998	      5995	001011fc	d24baa07	flw	f20,-732(x23)	 f23:0x00102000 f20=0x00000000 PA:0x00101d24 store:0x42f67c6a
          12022	      6007	00101200	a10a8513	addi	x10,x21,-1520	 x21:0x00102000 x10=0x00101a10
          12024	      6008	00101204	1949fad3	fdiv.s	f21,f19,f20	 f19:0x00102000 f20:0x00102000 f21=0x00000000
          12028	      6010	00101208	d159a427	fsw	f21,-760(x19)	 f19:0x00102000 f21:0x00102000 PA:0x00101d08 store:0x16c2a62a load:0x16c2a62a
          12034	      6013	0010120c	d089ae07	flw	f28,-760(x19)	 f19:0x00102000 f28=0x00000000 PA:0x00000000
          12040	      6016	00101210	e00e0dd3	fmv.x.w	x27,f28	 f28:0x00020000 x27=0x16c2a62a
          12042	      6017	00101214	cfba2c23	sw	x27,-776(x20)	 x20:0x00102000 x27:0x16c2a62a PA:0x00101cf8 store:0x16c2a62a load:0x16c2a62a
          12046	      6019	00101218	e89fe0ef	jal	x1,1000a0	  x1=0x0010121c
          12050	      6021	001000a0	00054803	lbu	x16,0(x10)	 x10:0x00101a10 x16=0x0000000a PA:0x00101a10 store:0x00000000
          12052	      6022	001000a4	06080663	beq	x16,x0,100110	 x16:0x0000000a  x0:0x00000000
          12054	      6023	001000a8	000207b7	lui	x15,0x20	 x15=0x00020000
          12058	      6025	001000ac	0107a023	sw	x16,0(x15)	 x15:0x00020000 x16:0x0000000a PA:0x00020000 store:0x0000000a load:0x00000000
          12062	      6027	001000b0	00154703	lbu	x14,1(x10)	 x10:0x00101a10 x14=0x00000020 PA:0x00101a11 store:0x0010121c
          12064	      6028	001000b4	04070e63	beq	x14,x0,100110	 x14:0x00000020  x0:0x00000000
          12068	      6030	001000b8	00e7a023	sw	x14,0(x15)	 x15:0x00020000 x14:0x00000020 PA:0x00020000 store:0x00000020 load:0x00000000
          12072	      6032	001000bc	00254283	lbu	x5,2(x10)	 x10:0x00101a10  x5=0x00000069 PA:0x00101a12 store:0x00137fa0
          12074	      6033	001000c0	04028863	beq	x5,x0,100110	  x5:0x00000069  x0:0x00000000
          12078	      6035	001000c4	0057a023	sw	x5,0(x15)	 x15:0x00020000  x5:0x00000069 PA:0x00020000 store:0x00000069 load:0x00000000
          12082	      6037	001000c8	00354303	lbu	x6,3(x10)	 x10:0x00101a10  x6=0x0000003d PA:0x00101a13 store:0x00000000
          12084	      6038	001000cc	04030263	beq	x6,x0,100110	  x6:0x0000003d  x0:0x00000000
          12088	      6040	001000d0	0067a023	sw	x6,0(x15)	 x15:0x00020000  x6:0x0000003d PA:0x00020000 store:0x0000003d load:0x00000000
          12092	      6042	001000d4	00454383	lbu	x7,4(x10)	 x10:0x00101a10  x7=0x00000000 PA:0x00101a14 store:0x00000000
          12096	      6044	001000d8	02038c63	beq	x7,x0,100110	  x7:0x00000000  x0:0x00000000
          12100	      6046	00100110	00000513	addi	x10,x0,0	  x0:0x00000000 x10=0x00000000
          12104	      6048	00100114	00008067	jalr	x0,0(x1)	  x1:0x0010121c  x0=0x00000000
          12106	      6049	0010121c	000c0513	addi	x10,x24,0	 x24:0x0000000c x10=0x0000000c
          12110	      6051	00101220	f01fe0ef	jal	x1,100120	  x1=0x00101224
          12112	      6052	00100120	01c55793	srli	x15,x10,0x1c	 x10:0x0000000c x15=0x00000000
          12114	      6053	00100124	00900713	addi	x14,x0,9	  x0:0x00000000 x14=0x00000009
          12118	      6055	00100128	0cf77a63	bgeu	x14,x15,1001fc	 x14:0x00000009 x15:0x00000000
          12122	      6057	001001fc	03078393	addi	x7,x15,48	 x15:0x00000000  x7=0x00000030
          12124	      6058	00100200	000205b7	lui	x11,0x20	 x11=0x00020000
          12126	      6059	00100204	00451613	slli	x12,x10,0x4	 x10:0x0000000c x12=0x000000c0
          12130	      6061	00100208	0075a023	sw	x7,0(x11)	 x11:0x00020000  x7:0x00000030 PA:0x00020000 store:0x00000030 load:0x00000000
          12132	      6062	0010020c	01c65693	srli	x13,x12,0x1c	 x12:0x000000c0 x13=0x00000000
          12134	      6063	00100210	00900813	addi	x16,x0,9	  x0:0x00000000 x16=0x00000009
          12136	      6064	00100214	f2d86ae3	bltu	x16,x13,100148	 x16:0x00000009 x13:0x00000000
          12138	      6065	00100218	03068e93	addi	x29,x13,48	 x13:0x00000000 x29=0x00000030
          12140	      6066	0010021c	00020f37	lui	x30,0x20	 x30=0x00020000
          12142	      6067	00100220	00851f93	slli	x31,x10,0x8	 x10:0x0000000c x31=0x00000c00
          12146	      6069	00100224	01df2023	sw	x29,0(x30)	 x30:0x00020000 x29:0x00000030 PA:0x00020000 store:0x00000030 load:0x00000000
          12148	      6070	00100228	01cfd793	srli	x15,x31,0x1c	 x31:0x00000c00 x15=0x00000000
          12150	      6071	0010022c	00900713	addi	x14,x0,9	  x0:0x00000000 x14=0x00000009
          12152	      6072	00100230	f2f76ae3	bltu	x14,x15,100164	 x14:0x00000009 x15:0x00000000
          12154	      6073	00100234	03078393	addi	x7,x15,48	 x15:0x00000000  x7=0x00000030
          12156	      6074	00100238	000205b7	lui	x11,0x20	 x11=0x00020000
          12158	      6075	0010023c	00c51613	slli	x12,x10,0xc	 x10:0x0000000c x12=0x0000c000
          12162	      6077	00100240	0075a023	sw	x7,0(x11)	 x11:0x00020000  x7:0x00000030 PA:0x00020000 store:0x00000030 load:0x00000000
          12164	      6078	00100244	01c65693	srli	x13,x12,0x1c	 x12:0x0000c000 x13=0x00000000
          12166	      6079	00100248	00900813	addi	x16,x0,9	  x0:0x00000000 x16=0x00000009
          12168	      6080	0010024c	f2d86ae3	bltu	x16,x13,100180	 x16:0x00000009 x13:0x00000000
          12170	      6081	00100250	03068e93	addi	x29,x13,48	 x13:0x00000000 x29=0x00000030
          12172	      6082	00100254	00020f37	lui	x30,0x20	 x30=0x00020000
          12174	      6083	00100258	01051f93	slli	x31,x10,0x10	 x10:0x0000000c x31=0x000c0000
          12178	      6085	0010025c	01df2023	sw	x29,0(x30)	 x30:0x00020000 x29:0x00000030 PA:0x00020000 store:0x00000030 load:0x00000000
          12180	      6086	00100260	01cfd793	srli	x15,x31,0x1c	 x31:0x000c0000 x15=0x00000000
          12182	      6087	00100264	00900713	addi	x14,x0,9	  x0:0x00000000 x14=0x00000009
          12184	      6088	00100268	f2f76ae3	bltu	x14,x15,10019c	 x14:0x00000009 x15:0x00000000
          12186	      6089	0010026c	03078393	addi	x7,x15,48	 x15:0x00000000  x7=0x00000030
          12188	      6090	00100270	000205b7	lui	x11,0x20	 x11=0x00020000
          12190	      6091	00100274	01451613	slli	x12,x10,0x14	 x10:0x0000000c x12=0x00c00000
          12194	      6093	00100278	0075a023	sw	x7,0(x11)	 x11:0x00020000  x7:0x00000030 PA:0x00020000 store:0x00000030 load:0x00000000
          12196	      6094	0010027c	01c65693	srli	x13,x12,0x1c	 x12:0x00c00000 x13=0x00000000
          12198	      6095	00100280	00900813	addi	x16,x0,9	  x0:0x00000000 x16=0x00000009
          12200	      6096	00100284	f2d86ae3	bltu	x16,x13,1001b8	 x16:0x00000009 x13:0x00000000
          12202	      6097	00100288	03068e93	addi	x29,x13,48	 x13:0x00000000 x29=0x00000030
          12204	      6098	0010028c	00020f37	lui	x30,0x20	 x30=0x00020000
          12206	      6099	00100290	01851f93	slli	x31,x10,0x18	 x10:0x0000000c x31=0x0c000000
          12210	      6101	00100294	01df2023	sw	x29,0(x30)	 x30:0x00020000 x29:0x00000030 PA:0x00020000 store:0x00000030 load:0x00000000
          12212	      6102	00100298	01cfd793	srli	x15,x31,0x1c	 x31:0x0c000000 x15=0x00000000
          12214	      6103	0010029c	00900713	addi	x14,x0,9	  x0:0x00000000 x14=0x00000009
          12216	      6104	001002a0	f2f76ae3	bltu	x14,x15,1001d4	 x14:0x00000009 x15:0x00000000
          12218	      6105	001002a4	03078393	addi	x7,x15,48	 x15:0x00000000  x7=0x00000030
          12220	      6106	001002a8	000205b7	lui	x11,0x20	 x11=0x00020000
          12224	      6108	001002ac	0075a023	sw	x7,0(x11)	 x11:0x00020000  x7:0x00000030 PA:0x00020000 store:0x00000030 load:0x00000000
          12226	      6109	001002b0	00f57513	andi	x10,x10,15	 x10:0x0000000c x10=0x0000000c
          12228	      6110	001002b4	00900613	addi	x12,x0,9	  x0:0x00000000 x12=0x00000009
          12230	      6111	001002b8	f2a67ae3	bgeu	x12,x10,1001ec	 x12:0x00000009 x10:0x0000000c
          12232	      6112	001002bc	03750693	addi	x13,x10,55	 x10:0x0000000c x13=0x00000043
          12234	      6113	001002c0	00020837	lui	x16,0x20	 x16=0x00020000
          12238	      6115	001002c4	00d82023	sw	x13,0(x16)	 x16:0x00020000 x13:0x00000043 PA:0x00020000 store:0x00000043 load:0x00000000
          12242	      6117	001002c8	00008067	jalr	x0,0(x1)	  x1:0x00101224  x0=0x00000000
          12244	      6118	00101224	a18b0513	addi	x10,x22,-1512	 x22:0x00102000 x10=0x00101a18
          12248	      6120	00101228	e79fe0ef	jal	x1,1000a0	  x1=0x0010122c
          12252	      6122	001000a0	00054803	lbu	x16,0(x10)	 x10:0x00101a18 x16=0x00000020 PA:0x00101a18 store:0x00000000
          12254	      6123	001000a4	06080663	beq	x16,x0,100110	 x16:0x00000020  x0:0x00000000
          12256	      6124	001000a8	000207b7	lui	x15,0x20	 x15=0x00020000
          12260	      6126	001000ac	0107a023	sw	x16,0(x15)	 x15:0x00020000 x16:0x00000020 PA:0x00020000 store:0x00000020 load:0x00000000
          12264	      6128	001000b0	00154703	lbu	x14,1(x10)	 x10:0x00101a18 x14=0x00000072 PA:0x00101a19 store:0x0010122c
          12266	      6129	001000b4	04070e63	beq	x14,x0,100110	 x14:0x00000072  x0:0x00000000
          12270	      6131	001000b8	00e7a023	sw	x14,0(x15)	 x15:0x00020000 x14:0x00000072 PA:0x00020000 store:0x00000072 load:0x00000000
          12274	      6133	001000bc	00254283	lbu	x5,2(x10)	 x10:0x00101a18  x5=0x00000065 PA:0x00101a1a store:0x00137fa0
          12276	      6134	001000c0	04028863	beq	x5,x0,100110	  x5:0x00000065  x0:0x00000000
          12280	      6136	001000c4	0057a023	sw	x5,0(x15)	 x15:0x00020000  x5:0x00000065 PA:0x00020000 store:0x00000065 load:0x00000000
          12284	      6138	001000c8	00354303	lbu	x6,3(x10)	 x10:0x00101a18  x6=0x00000073 PA:0x00101a1b store:0x00000000
          12286	      6139	001000cc	04030263	beq	x6,x0,100110	  x6:0x00000073  x0:0x00000000
          12290	      6141	001000d0	0067a023	sw	x6,0(x15)	 x15:0x00020000  x6:0x00000073 PA:0x00020000 store:0x00000073 load:0x00000000
          12294	      6143	001000d4	00454383	lbu	x7,4(x10)	 x10:0x00101a18  x7=0x00000075 PA:0x00101a1c store:0x00000000
          12296	      6144	001000d8	02038c63	beq	x7,x0,100110	  x7:0x00000075  x0:0x00000000
          12300	      6146	001000dc	0077a023	sw	x7,0(x15)	 x15:0x00020000  x7:0x00000075 PA:0x00020000 store:0x00000075 load:0x00000000
          12304	      6148	001000e0	00554583	lbu	x11,5(x10)	 x10:0x00101a18 x11=0x0000006c PA:0x00101a1d store:0x00000065
          12306	      6149	001000e4	02058663	beq	x11,x0,100110	 x11:0x0000006c  x0:0x00000000
          12310	      6151	001000e8	00b7a023	sw	x11,0(x15)	 x15:0x00020000 x11:0x0000006c PA:0x00020000 store:0x0000006c load:0x00000000
          12314	      6153	001000ec	00654603	lbu	x12,6(x10)	 x10:0x00101a18 x12=0x00000074 PA:0x00101a1e store:0x00000073
          12316	      6154	001000f0	02060063	beq	x12,x0,100110	 x12:0x00000074  x0:0x00000000
          12320	      6156	001000f4	00c7a023	sw	x12,0(x15)	 x15:0x00020000 x12:0x00000074 PA:0x00020000 store:0x00000074 load:0x00000000
          12324	      6158	001000f8	00754683	lbu	x13,7(x10)	 x10:0x00101a18 x13=0x0000003a PA:0x00101a1f store:0x00000075
          12326	      6159	001000fc	00850513	addi	x10,x10,8	 x10:0x00101a18 x10=0x00101a20
          12328	      6160	00100100	00068863	beq	x13,x0,100110	 x13:0x0000003a  x0:0x00000000
          12332	      6162	00100104	00d7a023	sw	x13,0(x15)	 x15:0x00020000 x13:0x0000003a PA:0x00020000 store:0x0000003a load:0x00000000
          12336	      6164	00100108	00054803	lbu	x16,0(x10)	 x10:0x00101a20 x16=0x00000020 PA:0x00101a20 store:0x00000000
          12340	      6166	0010010c	fa0810e3	bne	x16,x0,1000ac	 x16:0x00000020  x0:0x00000000
          12346	      6169	001000ac	0107a023	sw	x16,0(x15)	 x15:0x00020000 x16:0x00000020 PA:0x00020000 store:0x00000020 load:0x00000000
          12350	      6171	001000b0	00154703	lbu	x14,1(x10)	 x10:0x00101a20 x14=0x00000000 PA:0x00101a21 store:0x0010122c
          12354	      6173	001000b4	04070e63	beq	x14,x0,100110	 x14:0x00000000  x0:0x00000000
          12358	      6175	00100110	00000513	addi	x10,x0,0	  x0:0x00000000 x10=0x00000000
          12362	      6177	00100114	00008067	jalr	x0,0(x1)	  x1:0x0010122c  x0=0x00000000
          12366	      6179	0010122c	cf8a2503	lw	x10,-776(x20)	 x20:0x00102000 x10=0x16c2a62a PA:0x00101cf8 store:0x0000000c
          12368	      6180	00101230	001c0d93	addi	x27,x24,1	 x24:0x0000000c x27=0x0000000d
          12372	      6182	00101234	eedfe0ef	jal	x1,100120	  x1=0x00101238
          12374	      6183	00100120	01c55793	srli	x15,x10,0x1c	 x10:0x16c2a62a x15=0x00000001
          12376	      6184	00100124	00900713	addi	x14,x0,9	  x0:0x00000000 x14=0x00000009
          12380	      6186	00100128	0cf77a63	bgeu	x14,x15,1001fc	 x14:0x00000009 x15:0x00000001
          12384	      6188	001001fc	03078393	addi	x7,x15,48	 x15:0x00000001  x7=0x00000031
          12386	      6189	00100200	000205b7	lui	x11,0x20	 x11=0x00020000
          12388	      6190	00100204	00451613	slli	x12,x10,0x4	 x10:0x16c2a62a x12=0x6c2a62a0
          12392	      6192	00100208	0075a023	sw	x7,0(x11)	 x11:0x00020000  x7:0x00000031 PA:0x00020000 store:0x00000031 load:0x00000000
          12394	      6193	0010020c	01c65693	srli	x13,x12,0x1c	 x12:0x6c2a62a0 x13=0x00000006
          12396	      6194	00100210	00900813	addi	x16,x0,9	  x0:0x00000000 x16=0x00000009
          12398	      6195	00100214	f2d86ae3	bltu	x16,x13,100148	 x16:0x00000009 x13:0x00000006
          12400	      6196	00100218	03068e93	addi	x29,x13,48	 x13:0x00000006 x29=0x00000036
          12402	      6197	0010021c	00020f37	lui	x30,0x20	 x30=0x00020000
          12404	      6198	00100220	00851f93	slli	x31,x10,0x8	 x10:0x16c2a62a x31=0xc2a62a00
          12408	      6200	00100224	01df2023	sw	x29,0(x30)	 x30:0x00020000 x29:0x00000036 PA:0x00020000 store:0x00000036 load:0x00000000
          12410	      6201	00100228	01cfd793	srli	x15,x31,0x1c	 x31:0xc2a62a00 x15=0x0000000c
          12412	      6202	0010022c	00900713	addi	x14,x0,9	  x0:0x00000000 x14=0x00000009
          12416	      6204	00100230	f2f76ae3	bltu	x14,x15,100164	 x14:0x00000009 x15:0x0000000c
          12420	      6206	00100164	03778293	addi	x5,x15,55	 x15:0x0000000c  x5=0x00000043
          12422	      6207	00100168	00020337	lui	x6,0x20	  x6=0x00020000
          12424	      6208	0010016c	00c51613	slli	x12,x10,0xc	 x10:0x16c2a62a x12=0x2a62a000
          12428	      6210	00100170	00532023	sw	x5,0(x6)	  x6:0x00020000  x5:0x00000043 PA:0x00020000 store:0x00000043 load:0x00000000
          12430	      6211	00100174	01c65693	srli	x13,x12,0x1c	 x12:0x2a62a000 x13=0x00000002
          12432	      6212	00100178	00900813	addi	x16,x0,9	  x0:0x00000000 x16=0x00000009
          12436	      6214	0010017c	0cd87a63	bgeu	x16,x13,100250	 x16:0x00000009 x13:0x00000002
          12440	      6216	00100250	03068e93	addi	x29,x13,48	 x13:0x00000002 x29=0x00000032
          12442	      6217	00100254	00020f37	lui	x30,0x20	 x30=0x00020000
          12444	      6218	00100258	01051f93	slli	x31,x10,0x10	 x10:0x16c2a62a x31=0xa62a0000
          12448	      6220	0010025c	01df2023	sw	x29,0(x30)	 x30:0x00020000 x29:0x00000032 PA:0x00020000 store:0x00000032 load:0x00000000
          12450	      6221	00100260	01cfd793	srli	x15,x31,0x1c	 x31:0xa62a0000 x15=0x0000000a
          12452	      6222	00100264	00900713	addi	x14,x0,9	  x0:0x00000000 x14=0x00000009
          12456	      6224	00100268	f2f76ae3	bltu	x14,x15,10019c	 x14:0x00000009 x15:0x0000000a
          12460	      6226	0010019c	03778293	addi	x5,x15,55	 x15:0x0000000a  x5=0x00000041
          12462	      6227	001001a0	00020337	lui	x6,0x20	  x6=0x00020000
          12464	      6228	001001a4	01451613	slli	x12,x10,0x14	 x10:0x16c2a62a x12=0x62a00000
          12468	      6230	001001a8	00532023	sw	x5,0(x6)	  x6:0x00020000  x5:0x00000041 PA:0x00020000 store:0x00000041 load:0x00000000
          12470	      6231	001001ac	01c65693	srli	x13,x12,0x1c	 x12:0x62a00000 x13=0x00000006
          12472	      6232	001001b0	00900813	addi	x16,x0,9	  x0:0x00000000 x16=0x00000009
          12476	      6234	001001b4	0cd87a63	bgeu	x16,x13,100288	 x16:0x00000009 x13:0x00000006
          12480	      6236	00100288	03068e93	addi	x29,x13,48	 x13:0x00000006 x29=0x00000036
          12482	      6237	0010028c	00020f37	lui	x30,0x20	 x30=0x00020000
          12484	      6238	00100290	01851f93	slli	x31,x10,0x18	 x10:0x16c2a62a x31=0x2a000000
          12488	      6240	00100294	01df2023	sw	x29,0(x30)	 x30:0x00020000 x29:0x00000036 PA:0x00020000 store:0x00000036 load:0x00000000
          12490	      6241	00100298	01cfd793	srli	x15,x31,0x1c	 x31:0x2a000000 x15=0x00000002
          12492	      6242	0010029c	00900713	addi	x14,x0,9	  x0:0x00000000 x14=0x00000009
          12494	      6243	001002a0	f2f76ae3	bltu	x14,x15,1001d4	 x14:0x00000009 x15:0x00000002
          12496	      6244	001002a4	03078393	addi	x7,x15,48	 x15:0x00000002  x7=0x00000032
          12498	      6245	001002a8	000205b7	lui	x11,0x20	 x11=0x00020000
          12502	      6247	001002ac	0075a023	sw	x7,0(x11)	 x11:0x00020000  x7:0x00000032 PA:0x00020000 store:0x00000032 load:0x00000000
          12504	      6248	001002b0	00f57513	andi	x10,x10,15	 x10:0x16c2a62a x10=0x0000000a
          12506	      6249	001002b4	00900613	addi	x12,x0,9	  x0:0x00000000 x12=0x00000009
          12508	      6250	001002b8	f2a67ae3	bgeu	x12,x10,1001ec	 x12:0x00000009 x10:0x0000000a
          12510	      6251	001002bc	03750693	addi	x13,x10,55	 x10:0x0000000a x13=0x00000041
          12512	      6252	001002c0	00020837	lui	x16,0x20	 x16=0x00020000
          12516	      6254	001002c4	00d82023	sw	x13,0(x16)	 x16:0x00020000 x13:0x00000041 PA:0x00020000 store:0x00000041 load:0x00000000
          12530	      6261	001002c8	00008067	jalr	x0,0(x1)	  x1:0x00101238  x0=0x00000000
          12532	      6262	00101238	d089ae87	flw	f29,-760(x19)	 f19:0x00102000 f29=0x00000000 PA:0x00101d08 store:0x4598f2e4
          12534	      6263	0010123c	d24baf07	flw	f30,-732(x23)	 f23:0x00102000 f30=0x00000000 PA:0x00101d24 store:0x42f67c6a
          12556	      6274	00101240	a10a8513	addi	x10,x21,-1520	 x21:0x00102000 x10=0x00101a10
          12558	      6275	00101244	19eeffd3	fdiv.s	f31,f29,f30	 f29:0x00000036 f30:0x00020000 f31=0x00000000
          12562	      6277	00101248	d1f9a427	fsw	f31,-760(x19)	 f19:0x00102000 f31:0x2a000000 PA:0x00101d08 store:0x134a298a load:0x134a298a
          12568	      6280	0010124c	d089a007	flw	f0,-760(x19)	 f19:0x00102000  f0=0x00000000 PA:0x00000000
          12574	      6283	00101250	e0000e53	fmv.x.w	x28,f0	  f0:0x00000000 x28=0x134a298a
          12576	      6284	00101254	cfca2c23	sw	x28,-776(x20)	 x20:0x00102000 x28:0x134a298a PA:0x00101cf8 store:0x134a298a load:0x134a298a
          12580	      6286	00101258	e49fe0ef	jal	x1,1000a0	  x1=0x0010125c
          12584	      6288	001000a0	00054803	lbu	x16,0(x10)	 x10:0x00101a10 x16=0x0000000a PA:0x00101a10 store:0x00000000
          12586	      6289	001000a4	06080663	beq	x16,x0,100110	 x16:0x0000000a  x0:0x00000000
          12588	      6290	001000a8	000207b7	lui	x15,0x20	 x15=0x00020000
          12592	      6292	001000ac	0107a023	sw	x16,0(x15)	 x15:0x00020000 x16:0x0000000a PA:0x00020000 store:0x0000000a load:0x00000000
          12596	      6294	001000b0	00154703	lbu	x14,1(x10)	 x10:0x00101a10 x14=0x00000020 PA:0x00101a11 store:0x0010125c
          12598	      6295	001000b4	04070e63	beq	x14,x0,100110	 x14:0x00000020  x0:0x00000000
          12602	      6297	001000b8	00e7a023	sw	x14,0(x15)	 x15:0x00020000 x14:0x00000020 PA:0x00020000 store:0x00000020 load:0x00000000
          12606	      6299	001000bc	00254283	lbu	x5,2(x10)	 x10:0x00101a10  x5=0x00000069 PA:0x00101a12 store:0x00137fa0
          12608	      6300	001000c0	04028863	beq	x5,x0,100110	  x5:0x00000069  x0:0x00000000
          12612	      6302	001000c4	0057a023	sw	x5,0(x15)	 x15:0x00020000  x5:0x00000069 PA:0x00020000 store:0x00000069 load:0x00000000
          12616	      6304	001000c8	00354303	lbu	x6,3(x10)	 x10:0x00101a10  x6=0x0000003d PA:0x00101a13 store:0x00000000
          12618	      6305	001000cc	04030263	beq	x6,x0,100110	  x6:0x0000003d  x0:0x00000000
          12622	      6307	001000d0	0067a023	sw	x6,0(x15)	 x15:0x00020000  x6:0x0000003d PA:0x00020000 store:0x0000003d load:0x00000000
          12626	      6309	001000d4	00454383	lbu	x7,4(x10)	 x10:0x00101a10  x7=0x00000000 PA:0x00101a14 store:0x00000000
          12630	      6311	001000d8	02038c63	beq	x7,x0,100110	  x7:0x00000000  x0:0x00000000
          12634	      6313	00100110	00000513	addi	x10,x0,0	  x0:0x00000000 x10=0x00000000
          12638	      6315	00100114	00008067	jalr	x0,0(x1)	  x1:0x0010125c  x0=0x00000000
          12640	      6316	0010125c	000d8513	addi	x10,x27,0	 x27:0x0000000d x10=0x0000000d
          12644	      6318	00101260	ec1fe0ef	jal	x1,100120	  x1=0x00101264
          12646	      6319	00100120	01c55793	srli	x15,x10,0x1c	 x10:0x0000000d x15=0x00000000
          12648	      6320	00100124	00900713	addi	x14,x0,9	  x0:0x00000000 x14=0x00000009
          12652	      6322	00100128	0cf77a63	bgeu	x14,x15,1001fc	 x14:0x00000009 x15:0x00000000
          12656	      6324	001001fc	03078393	addi	x7,x15,48	 x15:0x00000000  x7=0x00000030
          12658	      6325	00100200	000205b7	lui	x11,0x20	 x11=0x00020000
          12660	      6326	00100204	00451613	slli	x12,x10,0x4	 x10:0x0000000d x12=0x000000d0
          12664	      6328	00100208	0075a023	sw	x7,0(x11)	 x11:0x00020000  x7:0x00000030 PA:0x00020000 store:0x00000030 load:0x00000000
          12666	      6329	0010020c	01c65693	srli	x13,x12,0x1c	 x12:0x000000d0 x13=0x00000000
          12668	      6330	00100210	00900813	addi	x16,x0,9	  x0:0x00000000 x16=0x00000009
          12670	      6331	00100214	f2d86ae3	bltu	x16,x13,100148	 x16:0x00000009 x13:0x00000000
          12672	      6332	00100218	03068e93	addi	x29,x13,48	 x13:0x00000000 x29=0x00000030
          12674	      6333	0010021c	00020f37	lui	x30,0x20	 x30=0x00020000
          12676	      6334	00100220	00851f93	slli	x31,x10,0x8	 x10:0x0000000d x31=0x00000d00
          12680	      6336	00100224	01df2023	sw	x29,0(x30)	 x30:0x00020000 x29:0x00000030 PA:0x00020000 store:0x00000030 load:0x00000000
          12682	      6337	00100228	01cfd793	srli	x15,x31,0x1c	 x31:0x00000d00 x15=0x00000000
          12684	      6338	0010022c	00900713	addi	x14,x0,9	  x0:0x00000000 x14=0x00000009
          12686	      6339	00100230	f2f76ae3	bltu	x14,x15,100164	 x14:0x00000009 x15:0x00000000
          12688	      6340	00100234	03078393	addi	x7,x15,48	 x15:0x00000000  x7=0x00000030
          12690	      6341	00100238	000205b7	lui	x11,0x20	 x11=0x00020000
          12692	      6342	0010023c	00c51613	slli	x12,x10,0xc	 x10:0x0000000d x12=0x0000d000
          12696	      6344	00100240	0075a023	sw	x7,0(x11)	 x11:0x00020000  x7:0x00000030 PA:0x00020000 store:0x00000030 load:0x00000000
          12698	      6345	00100244	01c65693	srli	x13,x12,0x1c	 x12:0x0000d000 x13=0x00000000
          12700	      6346	00100248	00900813	addi	x16,x0,9	  x0:0x00000000 x16=0x00000009
          12702	      6347	0010024c	f2d86ae3	bltu	x16,x13,100180	 x16:0x00000009 x13:0x00000000
          12704	      6348	00100250	03068e93	addi	x29,x13,48	 x13:0x00000000 x29=0x00000030
          12706	      6349	00100254	00020f37	lui	x30,0x20	 x30=0x00020000
          12708	      6350	00100258	01051f93	slli	x31,x10,0x10	 x10:0x0000000d x31=0x000d0000
          12712	      6352	0010025c	01df2023	sw	x29,0(x30)	 x30:0x00020000 x29:0x00000030 PA:0x00020000 store:0x00000030 load:0x00000000
          12714	      6353	00100260	01cfd793	srli	x15,x31,0x1c	 x31:0x000d0000 x15=0x00000000
          12716	      6354	00100264	00900713	addi	x14,x0,9	  x0:0x00000000 x14=0x00000009
          12718	      6355	00100268	f2f76ae3	bltu	x14,x15,10019c	 x14:0x00000009 x15:0x00000000
          12720	      6356	0010026c	03078393	addi	x7,x15,48	 x15:0x00000000  x7=0x00000030
          12722	      6357	00100270	000205b7	lui	x11,0x20	 x11=0x00020000
          12724	      6358	00100274	01451613	slli	x12,x10,0x14	 x10:0x0000000d x12=0x00d00000
          12728	      6360	00100278	0075a023	sw	x7,0(x11)	 x11:0x00020000  x7:0x00000030 PA:0x00020000 store:0x00000030 load:0x00000000
          12730	      6361	0010027c	01c65693	srli	x13,x12,0x1c	 x12:0x00d00000 x13=0x00000000
          12732	      6362	00100280	00900813	addi	x16,x0,9	  x0:0x00000000 x16=0x00000009
          12734	      6363	00100284	f2d86ae3	bltu	x16,x13,1001b8	 x16:0x00000009 x13:0x00000000
          12736	      6364	00100288	03068e93	addi	x29,x13,48	 x13:0x00000000 x29=0x00000030
          12738	      6365	0010028c	00020f37	lui	x30,0x20	 x30=0x00020000
          12740	      6366	00100290	01851f93	slli	x31,x10,0x18	 x10:0x0000000d x31=0x0d000000
          12744	      6368	00100294	01df2023	sw	x29,0(x30)	 x30:0x00020000 x29:0x00000030 PA:0x00020000 store:0x00000030 load:0x00000000
          12746	      6369	00100298	01cfd793	srli	x15,x31,0x1c	 x31:0x0d000000 x15=0x00000000
          12748	      6370	0010029c	00900713	addi	x14,x0,9	  x0:0x00000000 x14=0x00000009
          12750	      6371	001002a0	f2f76ae3	bltu	x14,x15,1001d4	 x14:0x00000009 x15:0x00000000
          12752	      6372	001002a4	03078393	addi	x7,x15,48	 x15:0x00000000  x7=0x00000030
          12754	      6373	001002a8	000205b7	lui	x11,0x20	 x11=0x00020000
          12758	      6375	001002ac	0075a023	sw	x7,0(x11)	 x11:0x00020000  x7:0x00000030 PA:0x00020000 store:0x00000030 load:0x00000000
          12760	      6376	001002b0	00f57513	andi	x10,x10,15	 x10:0x0000000d x10=0x0000000d
          12762	      6377	001002b4	00900613	addi	x12,x0,9	  x0:0x00000000 x12=0x00000009
          12764	      6378	001002b8	f2a67ae3	bgeu	x12,x10,1001ec	 x12:0x00000009 x10:0x0000000d
          12766	      6379	001002bc	03750693	addi	x13,x10,55	 x10:0x0000000d x13=0x00000044
          12768	      6380	001002c0	00020837	lui	x16,0x20	 x16=0x00020000
          12772	      6382	001002c4	00d82023	sw	x13,0(x16)	 x16:0x00020000 x13:0x00000044 PA:0x00020000 store:0x00000044 load:0x00000000
          12776	      6384	001002c8	00008067	jalr	x0,0(x1)	  x1:0x00101264  x0=0x00000000
          12778	      6385	00101264	a18b0513	addi	x10,x22,-1512	 x22:0x00102000 x10=0x00101a18
          12782	      6387	00101268	e39fe0ef	jal	x1,1000a0	  x1=0x0010126c
          12786	      6389	001000a0	00054803	lbu	x16,0(x10)	 x10:0x00101a18 x16=0x00000020 PA:0x00101a18 store:0x00000000
          12788	      6390	001000a4	06080663	beq	x16,x0,100110	 x16:0x00000020  x0:0x00000000
          12790	      6391	001000a8	000207b7	lui	x15,0x20	 x15=0x00020000
          12794	      6393	001000ac	0107a023	sw	x16,0(x15)	 x15:0x00020000 x16:0x00000020 PA:0x00020000 store:0x00000020 load:0x00000000
          12798	      6395	001000b0	00154703	lbu	x14,1(x10)	 x10:0x00101a18 x14=0x00000072 PA:0x00101a19 store:0x0010126c
          12800	      6396	001000b4	04070e63	beq	x14,x0,100110	 x14:0x00000072  x0:0x00000000
          12804	      6398	001000b8	00e7a023	sw	x14,0(x15)	 x15:0x00020000 x14:0x00000072 PA:0x00020000 store:0x00000072 load:0x00000000
          12808	      6400	001000bc	00254283	lbu	x5,2(x10)	 x10:0x00101a18  x5=0x00000065 PA:0x00101a1a store:0x00137fa0
          12810	      6401	001000c0	04028863	beq	x5,x0,100110	  x5:0x00000065  x0:0x00000000
          12814	      6403	001000c4	0057a023	sw	x5,0(x15)	 x15:0x00020000  x5:0x00000065 PA:0x00020000 store:0x00000065 load:0x00000000
          12818	      6405	001000c8	00354303	lbu	x6,3(x10)	 x10:0x00101a18  x6=0x00000073 PA:0x00101a1b store:0x00000000
          12820	      6406	001000cc	04030263	beq	x6,x0,100110	  x6:0x00000073  x0:0x00000000
          12824	      6408	001000d0	0067a023	sw	x6,0(x15)	 x15:0x00020000  x6:0x00000073 PA:0x00020000 store:0x00000073 load:0x00000000
          12828	      6410	001000d4	00454383	lbu	x7,4(x10)	 x10:0x00101a18  x7=0x00000075 PA:0x00101a1c store:0x00000000
          12830	      6411	001000d8	02038c63	beq	x7,x0,100110	  x7:0x00000075  x0:0x00000000
          12834	      6413	001000dc	0077a023	sw	x7,0(x15)	 x15:0x00020000  x7:0x00000075 PA:0x00020000 store:0x00000075 load:0x00000000
          12838	      6415	001000e0	00554583	lbu	x11,5(x10)	 x10:0x00101a18 x11=0x0000006c PA:0x00101a1d store:0x00000065
          12840	      6416	001000e4	02058663	beq	x11,x0,100110	 x11:0x0000006c  x0:0x00000000
          12844	      6418	001000e8	00b7a023	sw	x11,0(x15)	 x15:0x00020000 x11:0x0000006c PA:0x00020000 store:0x0000006c load:0x00000000
          12848	      6420	001000ec	00654603	lbu	x12,6(x10)	 x10:0x00101a18 x12=0x00000074 PA:0x00101a1e store:0x00000073
          12850	      6421	001000f0	02060063	beq	x12,x0,100110	 x12:0x00000074  x0:0x00000000
          12854	      6423	001000f4	00c7a023	sw	x12,0(x15)	 x15:0x00020000 x12:0x00000074 PA:0x00020000 store:0x00000074 load:0x00000000
          12858	      6425	001000f8	00754683	lbu	x13,7(x10)	 x10:0x00101a18 x13=0x0000003a PA:0x00101a1f store:0x00000075
          12860	      6426	001000fc	00850513	addi	x10,x10,8	 x10:0x00101a18 x10=0x00101a20
          12862	      6427	00100100	00068863	beq	x13,x0,100110	 x13:0x0000003a  x0:0x00000000
          12866	      6429	00100104	00d7a023	sw	x13,0(x15)	 x15:0x00020000 x13:0x0000003a PA:0x00020000 store:0x0000003a load:0x00000000
          12870	      6431	00100108	00054803	lbu	x16,0(x10)	 x10:0x00101a20 x16=0x00000020 PA:0x00101a20 store:0x00000000
          12874	      6433	0010010c	fa0810e3	bne	x16,x0,1000ac	 x16:0x00000020  x0:0x00000000
          12880	      6436	001000ac	0107a023	sw	x16,0(x15)	 x15:0x00020000 x16:0x00000020 PA:0x00020000 store:0x00000020 load:0x00000000
          12884	      6438	001000b0	00154703	lbu	x14,1(x10)	 x10:0x00101a20 x14=0x00000000 PA:0x00101a21 store:0x0010126c
          12888	      6440	001000b4	04070e63	beq	x14,x0,100110	 x14:0x00000000  x0:0x00000000
          12892	      6442	00100110	00000513	addi	x10,x0,0	  x0:0x00000000 x10=0x00000000
          12896	      6444	00100114	00008067	jalr	x0,0(x1)	  x1:0x0010126c  x0=0x00000000
          12900	      6446	0010126c	cf8a2503	lw	x10,-776(x20)	 x20:0x00102000 x10=0x134a298a PA:0x00101cf8 store:0x0000000c
          12902	      6447	00101270	002c0d93	addi	x27,x24,2	 x24:0x0000000c x27=0x0000000e
          12906	      6449	00101274	eadfe0ef	jal	x1,100120	  x1=0x00101278
          12908	      6450	00100120	01c55793	srli	x15,x10,0x1c	 x10:0x134a298a x15=0x00000001
          12910	      6451	00100124	00900713	addi	x14,x0,9	  x0:0x00000000 x14=0x00000009
          12914	      6453	00100128	0cf77a63	bgeu	x14,x15,1001fc	 x14:0x00000009 x15:0x00000001
          12918	      6455	001001fc	03078393	addi	x7,x15,48	 x15:0x00000001  x7=0x00000031
          12920	      6456	00100200	000205b7	lui	x11,0x20	 x11=0x00020000
          12922	      6457	00100204	00451613	slli	x12,x10,0x4	 x10:0x134a298a x12=0x34a298a0
          12926	      6459	00100208	0075a023	sw	x7,0(x11)	 x11:0x00020000  x7:0x00000031 PA:0x00020000 store:0x00000031 load:0x00000000
          12928	      6460	0010020c	01c65693	srli	x13,x12,0x1c	 x12:0x34a298a0 x13=0x00000003
          12930	      6461	00100210	00900813	addi	x16,x0,9	  x0:0x00000000 x16=0x00000009
          12932	      6462	00100214	f2d86ae3	bltu	x16,x13,100148	 x16:0x00000009 x13:0x00000003
          12934	      6463	00100218	03068e93	addi	x29,x13,48	 x13:0x00000003 x29=0x00000033
          12936	      6464	0010021c	00020f37	lui	x30,0x20	 x30=0x00020000
          12938	      6465	00100220	00851f93	slli	x31,x10,0x8	 x10:0x134a298a x31=0x4a298a00
          12942	      6467	00100224	01df2023	sw	x29,0(x30)	 x30:0x00020000 x29:0x00000033 PA:0x00020000 store:0x00000033 load:0x00000000
          12944	      6468	00100228	01cfd793	srli	x15,x31,0x1c	 x31:0x4a298a00 x15=0x00000004
          12946	      6469	0010022c	00900713	addi	x14,x0,9	  x0:0x00000000 x14=0x00000009
          12948	      6470	00100230	f2f76ae3	bltu	x14,x15,100164	 x14:0x00000009 x15:0x00000004
          12950	      6471	00100234	03078393	addi	x7,x15,48	 x15:0x00000004  x7=0x00000034
          12952	      6472	00100238	000205b7	lui	x11,0x20	 x11=0x00020000
          12954	      6473	0010023c	00c51613	slli	x12,x10,0xc	 x10:0x134a298a x12=0xa298a000
          12958	      6475	00100240	0075a023	sw	x7,0(x11)	 x11:0x00020000  x7:0x00000034 PA:0x00020000 store:0x00000034 load:0x00000000
          12960	      6476	00100244	01c65693	srli	x13,x12,0x1c	 x12:0xa298a000 x13=0x0000000a
          12962	      6477	00100248	00900813	addi	x16,x0,9	  x0:0x00000000 x16=0x00000009
          12966	      6479	0010024c	f2d86ae3	bltu	x16,x13,100180	 x16:0x00000009 x13:0x0000000a
          12970	      6481	00100180	03768893	addi	x17,x13,55	 x13:0x0000000a x17=0x00000041
          12972	      6482	00100184	00020e37	lui	x28,0x20	 x28=0x00020000
          12974	      6483	00100188	01051f93	slli	x31,x10,0x10	 x10:0x134a298a x31=0x298a0000
          12978	      6485	0010018c	011e2023	sw	x17,0(x28)	 x28:0x00020000 x17:0x00000041 PA:0x00020000 store:0x00000041 load:0x00000000
          12980	      6486	00100190	01cfd793	srli	x15,x31,0x1c	 x31:0x298a0000 x15=0x00000002
          12982	      6487	00100194	00900713	addi	x14,x0,9	  x0:0x00000000 x14=0x00000009
          12986	      6489	00100198	0cf77a63	bgeu	x14,x15,10026c	 x14:0x00000009 x15:0x00000002
          12990	      6491	0010026c	03078393	addi	x7,x15,48	 x15:0x00000002  x7=0x00000032
          12992	      6492	00100270	000205b7	lui	x11,0x20	 x11=0x00020000
          12994	      6493	00100274	01451613	slli	x12,x10,0x14	 x10:0x134a298a x12=0x98a00000
          12998	      6495	00100278	0075a023	sw	x7,0(x11)	 x11:0x00020000  x7:0x00000032 PA:0x00020000 store:0x00000032 load:0x00000000
          13000	      6496	0010027c	01c65693	srli	x13,x12,0x1c	 x12:0x98a00000 x13=0x00000009
          13002	      6497	00100280	00900813	addi	x16,x0,9	  x0:0x00000000 x16=0x00000009
          13004	      6498	00100284	f2d86ae3	bltu	x16,x13,1001b8	 x16:0x00000009 x13:0x00000009
          13006	      6499	00100288	03068e93	addi	x29,x13,48	 x13:0x00000009 x29=0x00000039
          13008	      6500	0010028c	00020f37	lui	x30,0x20	 x30=0x00020000
          13010	      6501	00100290	01851f93	slli	x31,x10,0x18	 x10:0x134a298a x31=0x8a000000
          13014	      6503	00100294	01df2023	sw	x29,0(x30)	 x30:0x00020000 x29:0x00000039 PA:0x00020000 store:0x00000039 load:0x00000000
          13016	      6504	00100298	01cfd793	srli	x15,x31,0x1c	 x31:0x8a000000 x15=0x00000008
          13018	      6505	0010029c	00900713	addi	x14,x0,9	  x0:0x00000000 x14=0x00000009
          13020	      6506	001002a0	f2f76ae3	bltu	x14,x15,1001d4	 x14:0x00000009 x15:0x00000008
          13022	      6507	001002a4	03078393	addi	x7,x15,48	 x15:0x00000008  x7=0x00000038
          13024	      6508	001002a8	000205b7	lui	x11,0x20	 x11=0x00020000
          13028	      6510	001002ac	0075a023	sw	x7,0(x11)	 x11:0x00020000  x7:0x00000038 PA:0x00020000 store:0x00000038 load:0x00000000
          13030	      6511	001002b0	00f57513	andi	x10,x10,15	 x10:0x134a298a x10=0x0000000a
          13032	      6512	001002b4	00900613	addi	x12,x0,9	  x0:0x00000000 x12=0x00000009
          13034	      6513	001002b8	f2a67ae3	bgeu	x12,x10,1001ec	 x12:0x00000009 x10:0x0000000a
          13036	      6514	001002bc	03750693	addi	x13,x10,55	 x10:0x0000000a x13=0x00000041
          13038	      6515	001002c0	00020837	lui	x16,0x20	 x16=0x00020000
          13042	      6517	001002c4	00d82023	sw	x13,0(x16)	 x16:0x00020000 x13:0x00000041 PA:0x00020000 store:0x00000041 load:0x00000000
          13056	      6524	001002c8	00008067	jalr	x0,0(x1)	  x1:0x00101278  x0=0x00000000
          13058	      6525	00101278	d089a087	flw	f1,-760(x19)	 f19:0x00102000  f1=0x00000000 PA:0x00101d08 store:0x4598f2e4
          13060	      6526	0010127c	d24ba107	flw	f2,-732(x23)	 f23:0x00102000  f2=0x00000000 PA:0x00101d24 store:0x42f67c6a
          13082	      6537	00101280	a10a8513	addi	x10,x21,-1520	 x21:0x00102000 x10=0x00101a10
          13084	      6538	00101284	1820f753	fdiv.s	f14,f1,f2	  f1:0x00101278  f2:0x00137fa0 f14=0x00000000
          13088	      6540	00101288	d0e9a427	fsw	f14,-760(x19)	 f19:0x00102000 f14:0x00000009 PA:0x00101d08 store:0x0fd1f727 load:0x0fd1f727
          13094	      6543	0010128c	d089a787	flw	f15,-760(x19)	 f19:0x00102000 f15=0x00000000 PA:0x00000000
          13100	      6546	00101290	e0078ed3	fmv.x.w	x29,f15	 f15:0x00000008 x29=0x0fd1f727
          13102	      6547	00101294	cfda2c23	sw	x29,-776(x20)	 x20:0x00102000 x29:0x0fd1f727 PA:0x00101cf8 store:0x0fd1f727 load:0x0fd1f727
          13106	      6549	00101298	e09fe0ef	jal	x1,1000a0	  x1=0x0010129c
          13110	      6551	001000a0	00054803	lbu	x16,0(x10)	 x10:0x00101a10 x16=0x0000000a PA:0x00101a10 store:0x00000000
          13112	      6552	001000a4	06080663	beq	x16,x0,100110	 x16:0x0000000a  x0:0x00000000
          13114	      6553	001000a8	000207b7	lui	x15,0x20	 x15=0x00020000
          13118	      6555	001000ac	0107a023	sw	x16,0(x15)	 x15:0x00020000 x16:0x0000000a PA:0x00020000 store:0x0000000a load:0x00000000
          13122	      6557	001000b0	00154703	lbu	x14,1(x10)	 x10:0x00101a10 x14=0x00000020 PA:0x00101a11 store:0x0010129c
          13124	      6558	001000b4	04070e63	beq	x14,x0,100110	 x14:0x00000020  x0:0x00000000
          13128	      6560	001000b8	00e7a023	sw	x14,0(x15)	 x15:0x00020000 x14:0x00000020 PA:0x00020000 store:0x00000020 load:0x00000000
          13132	      6562	001000bc	00254283	lbu	x5,2(x10)	 x10:0x00101a10  x5=0x00000069 PA:0x00101a12 store:0x00137fa0
          13134	      6563	001000c0	04028863	beq	x5,x0,100110	  x5:0x00000069  x0:0x00000000
          13138	      6565	001000c4	0057a023	sw	x5,0(x15)	 x15:0x00020000  x5:0x00000069 PA:0x00020000 store:0x00000069 load:0x00000000
          13142	      6567	001000c8	00354303	lbu	x6,3(x10)	 x10:0x00101a10  x6=0x0000003d PA:0x00101a13 store:0x00000000
          13144	      6568	001000cc	04030263	beq	x6,x0,100110	  x6:0x0000003d  x0:0x00000000
          13148	      6570	001000d0	0067a023	sw	x6,0(x15)	 x15:0x00020000  x6:0x0000003d PA:0x00020000 store:0x0000003d load:0x00000000
          13152	      6572	001000d4	00454383	lbu	x7,4(x10)	 x10:0x00101a10  x7=0x00000000 PA:0x00101a14 store:0x00000000
          13156	      6574	001000d8	02038c63	beq	x7,x0,100110	  x7:0x00000000  x0:0x00000000
          13160	      6576	00100110	00000513	addi	x10,x0,0	  x0:0x00000000 x10=0x00000000
          13164	      6578	00100114	00008067	jalr	x0,0(x1)	  x1:0x0010129c  x0=0x00000000
          13166	      6579	0010129c	000d8513	addi	x10,x27,0	 x27:0x0000000e x10=0x0000000e
          13170	      6581	001012a0	e81fe0ef	jal	x1,100120	  x1=0x001012a4
          13172	      6582	00100120	01c55793	srli	x15,x10,0x1c	 x10:0x0000000e x15=0x00000000
          13174	      6583	00100124	00900713	addi	x14,x0,9	  x0:0x00000000 x14=0x00000009
          13178	      6585	00100128	0cf77a63	bgeu	x14,x15,1001fc	 x14:0x00000009 x15:0x00000000
          13182	      6587	001001fc	03078393	addi	x7,x15,48	 x15:0x00000000  x7=0x00000030
          13184	      6588	00100200	000205b7	lui	x11,0x20	 x11=0x00020000
          13186	      6589	00100204	00451613	slli	x12,x10,0x4	 x10:0x0000000e x12=0x000000e0
          13190	      6591	00100208	0075a023	sw	x7,0(x11)	 x11:0x00020000  x7:0x00000030 PA:0x00020000 store:0x00000030 load:0x00000000
          13192	      6592	0010020c	01c65693	srli	x13,x12,0x1c	 x12:0x000000e0 x13=0x00000000
          13194	      6593	00100210	00900813	addi	x16,x0,9	  x0:0x00000000 x16=0x00000009
          13196	      6594	00100214	f2d86ae3	bltu	x16,x13,100148	 x16:0x00000009 x13:0x00000000
          13198	      6595	00100218	03068e93	addi	x29,x13,48	 x13:0x00000000 x29=0x00000030
          13200	      6596	0010021c	00020f37	lui	x30,0x20	 x30=0x00020000
          13202	      6597	00100220	00851f93	slli	x31,x10,0x8	 x10:0x0000000e x31=0x00000e00
          13206	      6599	00100224	01df2023	sw	x29,0(x30)	 x30:0x00020000 x29:0x00000030 PA:0x00020000 store:0x00000030 load:0x00000000
          13208	      6600	00100228	01cfd793	srli	x15,x31,0x1c	 x31:0x00000e00 x15=0x00000000
          13210	      6601	0010022c	00900713	addi	x14,x0,9	  x0:0x00000000 x14=0x00000009
          13212	      6602	00100230	f2f76ae3	bltu	x14,x15,100164	 x14:0x00000009 x15:0x00000000
          13214	      6603	00100234	03078393	addi	x7,x15,48	 x15:0x00000000  x7=0x00000030
          13216	      6604	00100238	000205b7	lui	x11,0x20	 x11=0x00020000
          13218	      6605	0010023c	00c51613	slli	x12,x10,0xc	 x10:0x0000000e x12=0x0000e000
          13222	      6607	00100240	0075a023	sw	x7,0(x11)	 x11:0x00020000  x7:0x00000030 PA:0x00020000 store:0x00000030 load:0x00000000
          13224	      6608	00100244	01c65693	srli	x13,x12,0x1c	 x12:0x0000e000 x13=0x00000000
          13226	      6609	00100248	00900813	addi	x16,x0,9	  x0:0x00000000 x16=0x00000009
          13228	      6610	0010024c	f2d86ae3	bltu	x16,x13,100180	 x16:0x00000009 x13:0x00000000
          13230	      6611	00100250	03068e93	addi	x29,x13,48	 x13:0x00000000 x29=0x00000030
          13232	      6612	00100254	00020f37	lui	x30,0x20	 x30=0x00020000
          13234	      6613	00100258	01051f93	slli	x31,x10,0x10	 x10:0x0000000e x31=0x000e0000
          13238	      6615	0010025c	01df2023	sw	x29,0(x30)	 x30:0x00020000 x29:0x00000030 PA:0x00020000 store:0x00000030 load:0x00000000
          13240	      6616	00100260	01cfd793	srli	x15,x31,0x1c	 x31:0x000e0000 x15=0x00000000
          13242	      6617	00100264	00900713	addi	x14,x0,9	  x0:0x00000000 x14=0x00000009
          13244	      6618	00100268	f2f76ae3	bltu	x14,x15,10019c	 x14:0x00000009 x15:0x00000000
          13246	      6619	0010026c	03078393	addi	x7,x15,48	 x15:0x00000000  x7=0x00000030
          13248	      6620	00100270	000205b7	lui	x11,0x20	 x11=0x00020000
          13250	      6621	00100274	01451613	slli	x12,x10,0x14	 x10:0x0000000e x12=0x00e00000
          13254	      6623	00100278	0075a023	sw	x7,0(x11)	 x11:0x00020000  x7:0x00000030 PA:0x00020000 store:0x00000030 load:0x00000000
          13256	      6624	0010027c	01c65693	srli	x13,x12,0x1c	 x12:0x00e00000 x13=0x00000000
          13258	      6625	00100280	00900813	addi	x16,x0,9	  x0:0x00000000 x16=0x00000009
          13260	      6626	00100284	f2d86ae3	bltu	x16,x13,1001b8	 x16:0x00000009 x13:0x00000000
          13262	      6627	00100288	03068e93	addi	x29,x13,48	 x13:0x00000000 x29=0x00000030
          13264	      6628	0010028c	00020f37	lui	x30,0x20	 x30=0x00020000
          13266	      6629	00100290	01851f93	slli	x31,x10,0x18	 x10:0x0000000e x31=0x0e000000
          13270	      6631	00100294	01df2023	sw	x29,0(x30)	 x30:0x00020000 x29:0x00000030 PA:0x00020000 store:0x00000030 load:0x00000000
          13272	      6632	00100298	01cfd793	srli	x15,x31,0x1c	 x31:0x0e000000 x15=0x00000000
          13274	      6633	0010029c	00900713	addi	x14,x0,9	  x0:0x00000000 x14=0x00000009
          13276	      6634	001002a0	f2f76ae3	bltu	x14,x15,1001d4	 x14:0x00000009 x15:0x00000000
          13278	      6635	001002a4	03078393	addi	x7,x15,48	 x15:0x00000000  x7=0x00000030
          13280	      6636	001002a8	000205b7	lui	x11,0x20	 x11=0x00020000
          13284	      6638	001002ac	0075a023	sw	x7,0(x11)	 x11:0x00020000  x7:0x00000030 PA:0x00020000 store:0x00000030 load:0x00000000
          13286	      6639	001002b0	00f57513	andi	x10,x10,15	 x10:0x0000000e x10=0x0000000e
          13288	      6640	001002b4	00900613	addi	x12,x0,9	  x0:0x00000000 x12=0x00000009
          13290	      6641	001002b8	f2a67ae3	bgeu	x12,x10,1001ec	 x12:0x00000009 x10:0x0000000e
          13292	      6642	001002bc	03750693	addi	x13,x10,55	 x10:0x0000000e x13=0x00000045
          13294	      6643	001002c0	00020837	lui	x16,0x20	 x16=0x00020000
          13298	      6645	001002c4	00d82023	sw	x13,0(x16)	 x16:0x00020000 x13:0x00000045 PA:0x00020000 store:0x00000045 load:0x00000000
          13302	      6647	001002c8	00008067	jalr	x0,0(x1)	  x1:0x001012a4  x0=0x00000000
          13304	      6648	001012a4	a18b0513	addi	x10,x22,-1512	 x22:0x00102000 x10=0x00101a18
          13308	      6650	001012a8	df9fe0ef	jal	x1,1000a0	  x1=0x001012ac
          13312	      6652	001000a0	00054803	lbu	x16,0(x10)	 x10:0x00101a18 x16=0x00000020 PA:0x00101a18 store:0x00000000
          13314	      6653	001000a4	06080663	beq	x16,x0,100110	 x16:0x00000020  x0:0x00000000
          13316	      6654	001000a8	000207b7	lui	x15,0x20	 x15=0x00020000
          13320	      6656	001000ac	0107a023	sw	x16,0(x15)	 x15:0x00020000 x16:0x00000020 PA:0x00020000 store:0x00000020 load:0x00000000
          13324	      6658	001000b0	00154703	lbu	x14,1(x10)	 x10:0x00101a18 x14=0x00000072 PA:0x00101a19 store:0x001012ac
          13326	      6659	001000b4	04070e63	beq	x14,x0,100110	 x14:0x00000072  x0:0x00000000
          13330	      6661	001000b8	00e7a023	sw	x14,0(x15)	 x15:0x00020000 x14:0x00000072 PA:0x00020000 store:0x00000072 load:0x00000000
          13334	      6663	001000bc	00254283	lbu	x5,2(x10)	 x10:0x00101a18  x5=0x00000065 PA:0x00101a1a store:0x00137fa0
          13336	      6664	001000c0	04028863	beq	x5,x0,100110	  x5:0x00000065  x0:0x00000000
          13340	      6666	001000c4	0057a023	sw	x5,0(x15)	 x15:0x00020000  x5:0x00000065 PA:0x00020000 store:0x00000065 load:0x00000000
          13344	      6668	001000c8	00354303	lbu	x6,3(x10)	 x10:0x00101a18  x6=0x00000073 PA:0x00101a1b store:0x00000000
          13346	      6669	001000cc	04030263	beq	x6,x0,100110	  x6:0x00000073  x0:0x00000000
          13350	      6671	001000d0	0067a023	sw	x6,0(x15)	 x15:0x00020000  x6:0x00000073 PA:0x00020000 store:0x00000073 load:0x00000000
          13354	      6673	001000d4	00454383	lbu	x7,4(x10)	 x10:0x00101a18  x7=0x00000075 PA:0x00101a1c store:0x00000000
          13356	      6674	001000d8	02038c63	beq	x7,x0,100110	  x7:0x00000075  x0:0x00000000
          13360	      6676	001000dc	0077a023	sw	x7,0(x15)	 x15:0x00020000  x7:0x00000075 PA:0x00020000 store:0x00000075 load:0x00000000
          13364	      6678	001000e0	00554583	lbu	x11,5(x10)	 x10:0x00101a18 x11=0x0000006c PA:0x00101a1d store:0x00000065
          13366	      6679	001000e4	02058663	beq	x11,x0,100110	 x11:0x0000006c  x0:0x00000000
          13370	      6681	001000e8	00b7a023	sw	x11,0(x15)	 x15:0x00020000 x11:0x0000006c PA:0x00020000 store:0x0000006c load:0x00000000
          13374	      6683	001000ec	00654603	lbu	x12,6(x10)	 x10:0x00101a18 x12=0x00000074 PA:0x00101a1e store:0x00000073
          13376	      6684	001000f0	02060063	beq	x12,x0,100110	 x12:0x00000074  x0:0x00000000
          13380	      6686	001000f4	00c7a023	sw	x12,0(x15)	 x15:0x00020000 x12:0x00000074 PA:0x00020000 store:0x00000074 load:0x00000000
          13384	      6688	001000f8	00754683	lbu	x13,7(x10)	 x10:0x00101a18 x13=0x0000003a PA:0x00101a1f store:0x00000075
          13386	      6689	001000fc	00850513	addi	x10,x10,8	 x10:0x00101a18 x10=0x00101a20
          13388	      6690	00100100	00068863	beq	x13,x0,100110	 x13:0x0000003a  x0:0x00000000
          13392	      6692	00100104	00d7a023	sw	x13,0(x15)	 x15:0x00020000 x13:0x0000003a PA:0x00020000 store:0x0000003a load:0x00000000
          13396	      6694	00100108	00054803	lbu	x16,0(x10)	 x10:0x00101a20 x16=0x00000020 PA:0x00101a20 store:0x00000000
          13400	      6696	0010010c	fa0810e3	bne	x16,x0,1000ac	 x16:0x00000020  x0:0x00000000
          13406	      6699	001000ac	0107a023	sw	x16,0(x15)	 x15:0x00020000 x16:0x00000020 PA:0x00020000 store:0x00000020 load:0x00000000
          13410	      6701	001000b0	00154703	lbu	x14,1(x10)	 x10:0x00101a20 x14=0x00000000 PA:0x00101a21 store:0x001012ac
          13414	      6703	001000b4	04070e63	beq	x14,x0,100110	 x14:0x00000000  x0:0x00000000
          13418	      6705	00100110	00000513	addi	x10,x0,0	  x0:0x00000000 x10=0x00000000
          13422	      6707	00100114	00008067	jalr	x0,0(x1)	  x1:0x001012ac  x0=0x00000000
          13426	      6709	001012ac	cf8a2503	lw	x10,-776(x20)	 x20:0x00102000 x10=0x0fd1f727 PA:0x00101cf8 store:0x0000000c
          13428	      6710	001012b0	003c0d93	addi	x27,x24,3	 x24:0x0000000c x27=0x0000000f
          13430	      6711	001012b4	004c0c13	addi	x24,x24,4	 x24:0x0000000c x24=0x00000010
          13434	      6713	001012b8	e69fe0ef	jal	x1,100120	  x1=0x001012bc
          13436	      6714	00100120	01c55793	srli	x15,x10,0x1c	 x10:0x0fd1f727 x15=0x00000000
          13438	      6715	00100124	00900713	addi	x14,x0,9	  x0:0x00000000 x14=0x00000009
          13442	      6717	00100128	0cf77a63	bgeu	x14,x15,1001fc	 x14:0x00000009 x15:0x00000000
          13446	      6719	001001fc	03078393	addi	x7,x15,48	 x15:0x00000000  x7=0x00000030
          13448	      6720	00100200	000205b7	lui	x11,0x20	 x11=0x00020000
          13450	      6721	00100204	00451613	slli	x12,x10,0x4	 x10:0x0fd1f727 x12=0xfd1f7270
          13454	      6723	00100208	0075a023	sw	x7,0(x11)	 x11:0x00020000  x7:0x00000030 PA:0x00020000 store:0x00000030 load:0x00000000
          13456	      6724	0010020c	01c65693	srli	x13,x12,0x1c	 x12:0xfd1f7270 x13=0x0000000f
          13458	      6725	00100210	00900813	addi	x16,x0,9	  x0:0x00000000 x16=0x00000009
          13462	      6727	00100214	f2d86ae3	bltu	x16,x13,100148	 x16:0x00000009 x13:0x0000000f
          13466	      6729	00100148	03768893	addi	x17,x13,55	 x13:0x0000000f x17=0x00000046
          13468	      6730	0010014c	00020e37	lui	x28,0x20	 x28=0x00020000
          13470	      6731	00100150	00851f93	slli	x31,x10,0x8	 x10:0x0fd1f727 x31=0xd1f72700
          13474	      6733	00100154	011e2023	sw	x17,0(x28)	 x28:0x00020000 x17:0x00000046 PA:0x00020000 store:0x00000046 load:0x00000000
          13476	      6734	00100158	01cfd793	srli	x15,x31,0x1c	 x31:0xd1f72700 x15=0x0000000d
          13478	      6735	0010015c	00900713	addi	x14,x0,9	  x0:0x00000000 x14=0x00000009
          13480	      6736	00100160	0cf77a63	bgeu	x14,x15,100234	 x14:0x00000009 x15:0x0000000d
          13482	      6737	00100164	03778293	addi	x5,x15,55	 x15:0x0000000d  x5=0x00000044
          13484	      6738	00100168	00020337	lui	x6,0x20	  x6=0x00020000
          13486	      6739	0010016c	00c51613	slli	x12,x10,0xc	 x10:0x0fd1f727 x12=0x1f727000
          13490	      6741	00100170	00532023	sw	x5,0(x6)	  x6:0x00020000  x5:0x00000044 PA:0x00020000 store:0x00000044 load:0x00000000
          13492	      6742	00100174	01c65693	srli	x13,x12,0x1c	 x12:0x1f727000 x13=0x00000001
          13494	      6743	00100178	00900813	addi	x16,x0,9	  x0:0x00000000 x16=0x00000009
          13498	      6745	0010017c	0cd87a63	bgeu	x16,x13,100250	 x16:0x00000009 x13:0x00000001
          13502	      6747	00100250	03068e93	addi	x29,x13,48	 x13:0x00000001 x29=0x00000031
          13504	      6748	00100254	00020f37	lui	x30,0x20	 x30=0x00020000
          13506	      6749	00100258	01051f93	slli	x31,x10,0x10	 x10:0x0fd1f727 x31=0xf7270000
          13510	      6751	0010025c	01df2023	sw	x29,0(x30)	 x30:0x00020000 x29:0x00000031 PA:0x00020000 store:0x00000031 load:0x00000000
          13512	      6752	00100260	01cfd793	srli	x15,x31,0x1c	 x31:0xf7270000 x15=0x0000000f
          13514	      6753	00100264	00900713	addi	x14,x0,9	  x0:0x00000000 x14=0x00000009
          13518	      6755	00100268	f2f76ae3	bltu	x14,x15,10019c	 x14:0x00000009 x15:0x0000000f
          13522	      6757	0010019c	03778293	addi	x5,x15,55	 x15:0x0000000f  x5=0x00000046
          13524	      6758	001001a0	00020337	lui	x6,0x20	  x6=0x00020000
          13526	      6759	001001a4	01451613	slli	x12,x10,0x14	 x10:0x0fd1f727 x12=0x72700000
          13530	      6761	001001a8	00532023	sw	x5,0(x6)	  x6:0x00020000  x5:0x00000046 PA:0x00020000 store:0x00000046 load:0x00000000
          13532	      6762	001001ac	01c65693	srli	x13,x12,0x1c	 x12:0x72700000 x13=0x00000007
          13534	      6763	001001b0	00900813	addi	x16,x0,9	  x0:0x00000000 x16=0x00000009
          13538	      6765	001001b4	0cd87a63	bgeu	x16,x13,100288	 x16:0x00000009 x13:0x00000007
          13542	      6767	00100288	03068e93	addi	x29,x13,48	 x13:0x00000007 x29=0x00000037
          13544	      6768	0010028c	00020f37	lui	x30,0x20	 x30=0x00020000
          13546	      6769	00100290	01851f93	slli	x31,x10,0x18	 x10:0x0fd1f727 x31=0x27000000
          13550	      6771	00100294	01df2023	sw	x29,0(x30)	 x30:0x00020000 x29:0x00000037 PA:0x00020000 store:0x00000037 load:0x00000000
          13552	      6772	00100298	01cfd793	srli	x15,x31,0x1c	 x31:0x27000000 x15=0x00000002
          13554	      6773	0010029c	00900713	addi	x14,x0,9	  x0:0x00000000 x14=0x00000009
          13556	      6774	001002a0	f2f76ae3	bltu	x14,x15,1001d4	 x14:0x00000009 x15:0x00000002
          13558	      6775	001002a4	03078393	addi	x7,x15,48	 x15:0x00000002  x7=0x00000032
          13560	      6776	001002a8	000205b7	lui	x11,0x20	 x11=0x00020000
          13564	      6778	001002ac	0075a023	sw	x7,0(x11)	 x11:0x00020000  x7:0x00000032 PA:0x00020000 store:0x00000032 load:0x00000000
          13566	      6779	001002b0	00f57513	andi	x10,x10,15	 x10:0x0fd1f727 x10=0x00000007
          13568	      6780	001002b4	00900613	addi	x12,x0,9	  x0:0x00000000 x12=0x00000009
          13572	      6782	001002b8	f2a67ae3	bgeu	x12,x10,1001ec	 x12:0x00000009 x10:0x00000007
          13576	      6784	001001ec	03050893	addi	x17,x10,48	 x10:0x00000007 x17=0x00000037
          13578	      6785	001001f0	00020e37	lui	x28,0x20	 x28=0x00020000
          13582	      6787	001001f4	011e2023	sw	x17,0(x28)	 x28:0x00020000 x17:0x00000037 PA:0x00020000 store:0x00000037 load:0x00000000
          13596	      6794	001001f8	00008067	jalr	x0,0(x1)	  x1:0x001012bc  x0=0x00000000
          13598	      6795	001012bc	d089a187	flw	f3,-760(x19)	 f19:0x00102000  f3=0x00000000 PA:0x00101d08 store:0x4598f2e4
          13600	      6796	001012c0	d24ba207	flw	f4,-732(x23)	 f23:0x00102000  f4=0x00000000 PA:0x00101d24 store:0x42f67c6a
          13622	      6807	001012c4	a10a8513	addi	x10,x21,-1520	 x21:0x00102000 x10=0x00101a10
          13624	      6808	001012c8	1841f5d3	fdiv.s	f11,f3,f4	  f3:0x00000000  f4:0x00000000 f11=0x00000000
          13628	      6810	001012cc	d0b9a427	fsw	f11,-760(x19)	 f19:0x00102000 f11:0x00020000 PA:0x00101d08 store:0x0c5a11df load:0x0c5a11df
          13634	      6813	001012d0	d089a287	flw	f5,-760(x19)	 f19:0x00102000  f5=0x00000000 PA:0x00000000
          13640	      6816	001012d4	e0028f53	fmv.x.w	x30,f5	  f5:0x00000046 x30=0x0c5a11df
          13642	      6817	001012d8	cfea2c23	sw	x30,-776(x20)	 x20:0x00102000 x30:0x0c5a11df PA:0x00101cf8 store:0x0c5a11df load:0x0c5a11df
          13646	      6819	001012dc	dc5fe0ef	jal	x1,1000a0	  x1=0x001012e0
          13650	      6821	001000a0	00054803	lbu	x16,0(x10)	 x10:0x00101a10 x16=0x0000000a PA:0x00101a10 store:0x00000000
          13652	      6822	001000a4	06080663	beq	x16,x0,100110	 x16:0x0000000a  x0:0x00000000
          13654	      6823	001000a8	000207b7	lui	x15,0x20	 x15=0x00020000
          13658	      6825	001000ac	0107a023	sw	x16,0(x15)	 x15:0x00020000 x16:0x0000000a PA:0x00020000 store:0x0000000a load:0x00000000
          13662	      6827	001000b0	00154703	lbu	x14,1(x10)	 x10:0x00101a10 x14=0x00000020 PA:0x00101a11 store:0x001012e0
          13664	      6828	001000b4	04070e63	beq	x14,x0,100110	 x14:0x00000020  x0:0x00000000
          13668	      6830	001000b8	00e7a023	sw	x14,0(x15)	 x15:0x00020000 x14:0x00000020 PA:0x00020000 store:0x00000020 load:0x00000000
          13672	      6832	001000bc	00254283	lbu	x5,2(x10)	 x10:0x00101a10  x5=0x00000069 PA:0x00101a12 store:0x00137fa0
          13674	      6833	001000c0	04028863	beq	x5,x0,100110	  x5:0x00000069  x0:0x00000000
          13678	      6835	001000c4	0057a023	sw	x5,0(x15)	 x15:0x00020000  x5:0x00000069 PA:0x00020000 store:0x00000069 load:0x00000000
          13682	      6837	001000c8	00354303	lbu	x6,3(x10)	 x10:0x00101a10  x6=0x0000003d PA:0x00101a13 store:0x00000000
          13684	      6838	001000cc	04030263	beq	x6,x0,100110	  x6:0x0000003d  x0:0x00000000
          13688	      6840	001000d0	0067a023	sw	x6,0(x15)	 x15:0x00020000  x6:0x0000003d PA:0x00020000 store:0x0000003d load:0x00000000
          13692	      6842	001000d4	00454383	lbu	x7,4(x10)	 x10:0x00101a10  x7=0x00000000 PA:0x00101a14 store:0x00000000
          13696	      6844	001000d8	02038c63	beq	x7,x0,100110	  x7:0x00000000  x0:0x00000000
          13700	      6846	00100110	00000513	addi	x10,x0,0	  x0:0x00000000 x10=0x00000000
          13704	      6848	00100114	00008067	jalr	x0,0(x1)	  x1:0x001012e0  x0=0x00000000
          13706	      6849	001012e0	000d8513	addi	x10,x27,0	 x27:0x0000000f x10=0x0000000f
          13710	      6851	001012e4	e3dfe0ef	jal	x1,100120	  x1=0x001012e8
          13712	      6852	00100120	01c55793	srli	x15,x10,0x1c	 x10:0x0000000f x15=0x00000000
          13714	      6853	00100124	00900713	addi	x14,x0,9	  x0:0x00000000 x14=0x00000009
          13718	      6855	00100128	0cf77a63	bgeu	x14,x15,1001fc	 x14:0x00000009 x15:0x00000000
          13722	      6857	001001fc	03078393	addi	x7,x15,48	 x15:0x00000000  x7=0x00000030
          13724	      6858	00100200	000205b7	lui	x11,0x20	 x11=0x00020000
          13726	      6859	00100204	00451613	slli	x12,x10,0x4	 x10:0x0000000f x12=0x000000f0
          13730	      6861	00100208	0075a023	sw	x7,0(x11)	 x11:0x00020000  x7:0x00000030 PA:0x00020000 store:0x00000030 load:0x00000000
          13732	      6862	0010020c	01c65693	srli	x13,x12,0x1c	 x12:0x000000f0 x13=0x00000000
          13734	      6863	00100210	00900813	addi	x16,x0,9	  x0:0x00000000 x16=0x00000009
          13736	      6864	00100214	f2d86ae3	bltu	x16,x13,100148	 x16:0x00000009 x13:0x00000000
          13738	      6865	00100218	03068e93	addi	x29,x13,48	 x13:0x00000000 x29=0x00000030
          13740	      6866	0010021c	00020f37	lui	x30,0x20	 x30=0x00020000
          13742	      6867	00100220	00851f93	slli	x31,x10,0x8	 x10:0x0000000f x31=0x00000f00
          13746	      6869	00100224	01df2023	sw	x29,0(x30)	 x30:0x00020000 x29:0x00000030 PA:0x00020000 store:0x00000030 load:0x00000000
          13748	      6870	00100228	01cfd793	srli	x15,x31,0x1c	 x31:0x00000f00 x15=0x00000000
          13750	      6871	0010022c	00900713	addi	x14,x0,9	  x0:0x00000000 x14=0x00000009
          13752	      6872	00100230	f2f76ae3	bltu	x14,x15,100164	 x14:0x00000009 x15:0x00000000
          13754	      6873	00100234	03078393	addi	x7,x15,48	 x15:0x00000000  x7=0x00000030
          13756	      6874	00100238	000205b7	lui	x11,0x20	 x11=0x00020000
          13758	      6875	0010023c	00c51613	slli	x12,x10,0xc	 x10:0x0000000f x12=0x0000f000
          13762	      6877	00100240	0075a023	sw	x7,0(x11)	 x11:0x00020000  x7:0x00000030 PA:0x00020000 store:0x00000030 load:0x00000000
          13764	      6878	00100244	01c65693	srli	x13,x12,0x1c	 x12:0x0000f000 x13=0x00000000
          13766	      6879	00100248	00900813	addi	x16,x0,9	  x0:0x00000000 x16=0x00000009
          13768	      6880	0010024c	f2d86ae3	bltu	x16,x13,100180	 x16:0x00000009 x13:0x00000000
          13770	      6881	00100250	03068e93	addi	x29,x13,48	 x13:0x00000000 x29=0x00000030
          13772	      6882	00100254	00020f37	lui	x30,0x20	 x30=0x00020000
          13774	      6883	00100258	01051f93	slli	x31,x10,0x10	 x10:0x0000000f x31=0x000f0000
          13778	      6885	0010025c	01df2023	sw	x29,0(x30)	 x30:0x00020000 x29:0x00000030 PA:0x00020000 store:0x00000030 load:0x00000000
          13780	      6886	00100260	01cfd793	srli	x15,x31,0x1c	 x31:0x000f0000 x15=0x00000000
          13782	      6887	00100264	00900713	addi	x14,x0,9	  x0:0x00000000 x14=0x00000009
          13784	      6888	00100268	f2f76ae3	bltu	x14,x15,10019c	 x14:0x00000009 x15:0x00000000
          13786	      6889	0010026c	03078393	addi	x7,x15,48	 x15:0x00000000  x7=0x00000030
          13788	      6890	00100270	000205b7	lui	x11,0x20	 x11=0x00020000
          13790	      6891	00100274	01451613	slli	x12,x10,0x14	 x10:0x0000000f x12=0x00f00000
          13794	      6893	00100278	0075a023	sw	x7,0(x11)	 x11:0x00020000  x7:0x00000030 PA:0x00020000 store:0x00000030 load:0x00000000
          13796	      6894	0010027c	01c65693	srli	x13,x12,0x1c	 x12:0x00f00000 x13=0x00000000
          13798	      6895	00100280	00900813	addi	x16,x0,9	  x0:0x00000000 x16=0x00000009
          13800	      6896	00100284	f2d86ae3	bltu	x16,x13,1001b8	 x16:0x00000009 x13:0x00000000
          13802	      6897	00100288	03068e93	addi	x29,x13,48	 x13:0x00000000 x29=0x00000030
          13804	      6898	0010028c	00020f37	lui	x30,0x20	 x30=0x00020000
          13806	      6899	00100290	01851f93	slli	x31,x10,0x18	 x10:0x0000000f x31=0x0f000000
          13810	      6901	00100294	01df2023	sw	x29,0(x30)	 x30:0x00020000 x29:0x00000030 PA:0x00020000 store:0x00000030 load:0x00000000
          13812	      6902	00100298	01cfd793	srli	x15,x31,0x1c	 x31:0x0f000000 x15=0x00000000
          13814	      6903	0010029c	00900713	addi	x14,x0,9	  x0:0x00000000 x14=0x00000009
          13816	      6904	001002a0	f2f76ae3	bltu	x14,x15,1001d4	 x14:0x00000009 x15:0x00000000
          13818	      6905	001002a4	03078393	addi	x7,x15,48	 x15:0x00000000  x7=0x00000030
          13820	      6906	001002a8	000205b7	lui	x11,0x20	 x11=0x00020000
          13824	      6908	001002ac	0075a023	sw	x7,0(x11)	 x11:0x00020000  x7:0x00000030 PA:0x00020000 store:0x00000030 load:0x00000000
          13826	      6909	001002b0	00f57513	andi	x10,x10,15	 x10:0x0000000f x10=0x0000000f
          13828	      6910	001002b4	00900613	addi	x12,x0,9	  x0:0x00000000 x12=0x00000009
          13830	      6911	001002b8	f2a67ae3	bgeu	x12,x10,1001ec	 x12:0x00000009 x10:0x0000000f
          13832	      6912	001002bc	03750693	addi	x13,x10,55	 x10:0x0000000f x13=0x00000046
          13834	      6913	001002c0	00020837	lui	x16,0x20	 x16=0x00020000
          13838	      6915	001002c4	00d82023	sw	x13,0(x16)	 x16:0x00020000 x13:0x00000046 PA:0x00020000 store:0x00000046 load:0x00000000
          13842	      6917	001002c8	00008067	jalr	x0,0(x1)	  x1:0x001012e8  x0=0x00000000
          13844	      6918	001012e8	a18b0513	addi	x10,x22,-1512	 x22:0x00102000 x10=0x00101a18
          13848	      6920	001012ec	db5fe0ef	jal	x1,1000a0	  x1=0x001012f0
          13852	      6922	001000a0	00054803	lbu	x16,0(x10)	 x10:0x00101a18 x16=0x00000020 PA:0x00101a18 store:0x00000000
          13854	      6923	001000a4	06080663	beq	x16,x0,100110	 x16:0x00000020  x0:0x00000000
          13856	      6924	001000a8	000207b7	lui	x15,0x20	 x15=0x00020000
          13860	      6926	001000ac	0107a023	sw	x16,0(x15)	 x15:0x00020000 x16:0x00000020 PA:0x00020000 store:0x00000020 load:0x00000000
          13864	      6928	001000b0	00154703	lbu	x14,1(x10)	 x10:0x00101a18 x14=0x00000072 PA:0x00101a19 store:0x001012f0
          13866	      6929	001000b4	04070e63	beq	x14,x0,100110	 x14:0x00000072  x0:0x00000000
          13870	      6931	001000b8	00e7a023	sw	x14,0(x15)	 x15:0x00020000 x14:0x00000072 PA:0x00020000 store:0x00000072 load:0x00000000
          13874	      6933	001000bc	00254283	lbu	x5,2(x10)	 x10:0x00101a18  x5=0x00000065 PA:0x00101a1a store:0x00137fa0
          13876	      6934	001000c0	04028863	beq	x5,x0,100110	  x5:0x00000065  x0:0x00000000
          13880	      6936	001000c4	0057a023	sw	x5,0(x15)	 x15:0x00020000  x5:0x00000065 PA:0x00020000 store:0x00000065 load:0x00000000
          13884	      6938	001000c8	00354303	lbu	x6,3(x10)	 x10:0x00101a18  x6=0x00000073 PA:0x00101a1b store:0x00000000
          13886	      6939	001000cc	04030263	beq	x6,x0,100110	  x6:0x00000073  x0:0x00000000
          13890	      6941	001000d0	0067a023	sw	x6,0(x15)	 x15:0x00020000  x6:0x00000073 PA:0x00020000 store:0x00000073 load:0x00000000
          13894	      6943	001000d4	00454383	lbu	x7,4(x10)	 x10:0x00101a18  x7=0x00000075 PA:0x00101a1c store:0x00000000
          13896	      6944	001000d8	02038c63	beq	x7,x0,100110	  x7:0x00000075  x0:0x00000000
          13900	      6946	001000dc	0077a023	sw	x7,0(x15)	 x15:0x00020000  x7:0x00000075 PA:0x00020000 store:0x00000075 load:0x00000000
          13904	      6948	001000e0	00554583	lbu	x11,5(x10)	 x10:0x00101a18 x11=0x0000006c PA:0x00101a1d store:0x00000065
          13906	      6949	001000e4	02058663	beq	x11,x0,100110	 x11:0x0000006c  x0:0x00000000
          13910	      6951	001000e8	00b7a023	sw	x11,0(x15)	 x15:0x00020000 x11:0x0000006c PA:0x00020000 store:0x0000006c load:0x00000000
          13914	      6953	001000ec	00654603	lbu	x12,6(x10)	 x10:0x00101a18 x12=0x00000074 PA:0x00101a1e store:0x00000073
          13916	      6954	001000f0	02060063	beq	x12,x0,100110	 x12:0x00000074  x0:0x00000000
          13920	      6956	001000f4	00c7a023	sw	x12,0(x15)	 x15:0x00020000 x12:0x00000074 PA:0x00020000 store:0x00000074 load:0x00000000
          13924	      6958	001000f8	00754683	lbu	x13,7(x10)	 x10:0x00101a18 x13=0x0000003a PA:0x00101a1f store:0x00000075
          13926	      6959	001000fc	00850513	addi	x10,x10,8	 x10:0x00101a18 x10=0x00101a20
          13928	      6960	00100100	00068863	beq	x13,x0,100110	 x13:0x0000003a  x0:0x00000000
          13932	      6962	00100104	00d7a023	sw	x13,0(x15)	 x15:0x00020000 x13:0x0000003a PA:0x00020000 store:0x0000003a load:0x00000000
          13936	      6964	00100108	00054803	lbu	x16,0(x10)	 x10:0x00101a20 x16=0x00000020 PA:0x00101a20 store:0x00000000
          13940	      6966	0010010c	fa0810e3	bne	x16,x0,1000ac	 x16:0x00000020  x0:0x00000000
          13946	      6969	001000ac	0107a023	sw	x16,0(x15)	 x15:0x00020000 x16:0x00000020 PA:0x00020000 store:0x00000020 load:0x00000000
          13950	      6971	001000b0	00154703	lbu	x14,1(x10)	 x10:0x00101a20 x14=0x00000000 PA:0x00101a21 store:0x001012f0
          13954	      6973	001000b4	04070e63	beq	x14,x0,100110	 x14:0x00000000  x0:0x00000000
          13958	      6975	00100110	00000513	addi	x10,x0,0	  x0:0x00000000 x10=0x00000000
          13962	      6977	00100114	00008067	jalr	x0,0(x1)	  x1:0x001012f0  x0=0x00000000
          13966	      6979	001012f0	cf8a2503	lw	x10,-776(x20)	 x20:0x00102000 x10=0x0c5a11df PA:0x00101cf8 store:0x00000010
          13970	      6981	001012f4	e2dfe0ef	jal	x1,100120	  x1=0x001012f8
          13972	      6982	00100120	01c55793	srli	x15,x10,0x1c	 x10:0x0c5a11df x15=0x00000000
          13974	      6983	00100124	00900713	addi	x14,x0,9	  x0:0x00000000 x14=0x00000009
          13978	      6985	00100128	0cf77a63	bgeu	x14,x15,1001fc	 x14:0x00000009 x15:0x00000000
          13982	      6987	001001fc	03078393	addi	x7,x15,48	 x15:0x00000000  x7=0x00000030
          13984	      6988	00100200	000205b7	lui	x11,0x20	 x11=0x00020000
          13986	      6989	00100204	00451613	slli	x12,x10,0x4	 x10:0x0c5a11df x12=0xc5a11df0
          13990	      6991	00100208	0075a023	sw	x7,0(x11)	 x11:0x00020000  x7:0x00000030 PA:0x00020000 store:0x00000030 load:0x00000000
          13992	      6992	0010020c	01c65693	srli	x13,x12,0x1c	 x12:0xc5a11df0 x13=0x0000000c
          13994	      6993	00100210	00900813	addi	x16,x0,9	  x0:0x00000000 x16=0x00000009
          13998	      6995	00100214	f2d86ae3	bltu	x16,x13,100148	 x16:0x00000009 x13:0x0000000c
          14002	      6997	00100148	03768893	addi	x17,x13,55	 x13:0x0000000c x17=0x00000043
          14004	      6998	0010014c	00020e37	lui	x28,0x20	 x28=0x00020000
          14006	      6999	00100150	00851f93	slli	x31,x10,0x8	 x10:0x0c5a11df x31=0x5a11df00
          14010	      7001	00100154	011e2023	sw	x17,0(x28)	 x28:0x00020000 x17:0x00000043 PA:0x00020000 store:0x00000043 load:0x00000000
          14012	      7002	00100158	01cfd793	srli	x15,x31,0x1c	 x31:0x5a11df00 x15=0x00000005
          14014	      7003	0010015c	00900713	addi	x14,x0,9	  x0:0x00000000 x14=0x00000009
          14018	      7005	00100160	0cf77a63	bgeu	x14,x15,100234	 x14:0x00000009 x15:0x00000005
          14022	      7007	00100234	03078393	addi	x7,x15,48	 x15:0x00000005  x7=0x00000035
          14024	      7008	00100238	000205b7	lui	x11,0x20	 x11=0x00020000
          14026	      7009	0010023c	00c51613	slli	x12,x10,0xc	 x10:0x0c5a11df x12=0xa11df000
          14030	      7011	00100240	0075a023	sw	x7,0(x11)	 x11:0x00020000  x7:0x00000035 PA:0x00020000 store:0x00000035 load:0x00000000
          14032	      7012	00100244	01c65693	srli	x13,x12,0x1c	 x12:0xa11df000 x13=0x0000000a
          14034	      7013	00100248	00900813	addi	x16,x0,9	  x0:0x00000000 x16=0x00000009
          14038	      7015	0010024c	f2d86ae3	bltu	x16,x13,100180	 x16:0x00000009 x13:0x0000000a
          14042	      7017	00100180	03768893	addi	x17,x13,55	 x13:0x0000000a x17=0x00000041
          14044	      7018	00100184	00020e37	lui	x28,0x20	 x28=0x00020000
          14046	      7019	00100188	01051f93	slli	x31,x10,0x10	 x10:0x0c5a11df x31=0x11df0000
          14050	      7021	0010018c	011e2023	sw	x17,0(x28)	 x28:0x00020000 x17:0x00000041 PA:0x00020000 store:0x00000041 load:0x00000000
          14052	      7022	00100190	01cfd793	srli	x15,x31,0x1c	 x31:0x11df0000 x15=0x00000001
          14054	      7023	00100194	00900713	addi	x14,x0,9	  x0:0x00000000 x14=0x00000009
          14058	      7025	00100198	0cf77a63	bgeu	x14,x15,10026c	 x14:0x00000009 x15:0x00000001
          14062	      7027	0010026c	03078393	addi	x7,x15,48	 x15:0x00000001  x7=0x00000031
          14064	      7028	00100270	000205b7	lui	x11,0x20	 x11=0x00020000
          14066	      7029	00100274	01451613	slli	x12,x10,0x14	 x10:0x0c5a11df x12=0x1df00000
          14070	      7031	00100278	0075a023	sw	x7,0(x11)	 x11:0x00020000  x7:0x00000031 PA:0x00020000 store:0x00000031 load:0x00000000
          14072	      7032	0010027c	01c65693	srli	x13,x12,0x1c	 x12:0x1df00000 x13=0x00000001
          14074	      7033	00100280	00900813	addi	x16,x0,9	  x0:0x00000000 x16=0x00000009
          14076	      7034	00100284	f2d86ae3	bltu	x16,x13,1001b8	 x16:0x00000009 x13:0x00000001
          14078	      7035	00100288	03068e93	addi	x29,x13,48	 x13:0x00000001 x29=0x00000031
          14080	      7036	0010028c	00020f37	lui	x30,0x20	 x30=0x00020000
          14082	      7037	00100290	01851f93	slli	x31,x10,0x18	 x10:0x0c5a11df x31=0xdf000000
          14086	      7039	00100294	01df2023	sw	x29,0(x30)	 x30:0x00020000 x29:0x00000031 PA:0x00020000 store:0x00000031 load:0x00000000
          14088	      7040	00100298	01cfd793	srli	x15,x31,0x1c	 x31:0xdf000000 x15=0x0000000d
          14090	      7041	0010029c	00900713	addi	x14,x0,9	  x0:0x00000000 x14=0x00000009
          14094	      7043	001002a0	f2f76ae3	bltu	x14,x15,1001d4	 x14:0x00000009 x15:0x0000000d
          14098	      7045	001001d4	03778293	addi	x5,x15,55	 x15:0x0000000d  x5=0x00000044
          14100	      7046	001001d8	00020337	lui	x6,0x20	  x6=0x00020000
          14104	      7048	001001dc	00532023	sw	x5,0(x6)	  x6:0x00020000  x5:0x00000044 PA:0x00020000 store:0x00000044 load:0x00000000
          14106	      7049	001001e0	00f57513	andi	x10,x10,15	 x10:0x0c5a11df x10=0x0000000f
          14108	      7050	001001e4	00900613	addi	x12,x0,9	  x0:0x00000000 x12=0x00000009
          14112	      7052	001001e8	0ca66a63	bltu	x12,x10,1002bc	 x12:0x00000009 x10:0x0000000f
          14116	      7054	001002bc	03750693	addi	x13,x10,55	 x10:0x0000000f x13=0x00000046
          14118	      7055	001002c0	00020837	lui	x16,0x20	 x16=0x00020000
          14122	      7057	001002c4	00d82023	sw	x13,0(x16)	 x16:0x00020000 x13:0x00000046 PA:0x00020000 store:0x00000046 load:0x00000000
          14126	      7059	001002c8	00008067	jalr	x0,0(x1)	  x1:0x001012f8  x0=0x00000000
          14130	      7061	001012f8	f1ac10e3	bne	x24,x26,1011f8	 x24:0x00000010 x26:0x00000014
          14142	      7067	001011f8	d089a987	flw	f19,-760(x19)	 f19:0x00102000 f19=0x00000000 PA:0x00101d08 store:0x4598f2e4
          14144	      7068	001011fc	d24baa07	flw	f20,-732(x23)	 f23:0x00102000 f20=0x00000000 PA:0x00101d24 store:0x42f67c6a
          14168	      7080	00101200	a10a8513	addi	x10,x21,-1520	 x21:0x00102000 x10=0x00101a10
          14170	      7081	00101204	1949fad3	fdiv.s	f21,f19,f20	 f19:0x00102000 f20:0x00102000 f21=0x00000000
          14174	      7083	00101208	d159a427	fsw	f21,-760(x19)	 f19:0x00102000 f21:0x00102000 PA:0x00101d08 store:0x08e27cac load:0x08e27cac
          14180	      7086	0010120c	d089ae07	flw	f28,-760(x19)	 f19:0x00102000 f28=0x00000000 PA:0x00000000
          14186	      7089	00101210	e00e0dd3	fmv.x.w	x27,f28	 f28:0x00020000 x27=0x08e27cac
          14188	      7090	00101214	cfba2c23	sw	x27,-776(x20)	 x20:0x00102000 x27:0x08e27cac PA:0x00101cf8 store:0x08e27cac load:0x08e27cac
          14192	      7092	00101218	e89fe0ef	jal	x1,1000a0	  x1=0x0010121c
          14196	      7094	001000a0	00054803	lbu	x16,0(x10)	 x10:0x00101a10 x16=0x0000000a PA:0x00101a10 store:0x00000000
          14198	      7095	001000a4	06080663	beq	x16,x0,100110	 x16:0x0000000a  x0:0x00000000
          14200	      7096	001000a8	000207b7	lui	x15,0x20	 x15=0x00020000
          14204	      7098	001000ac	0107a023	sw	x16,0(x15)	 x15:0x00020000 x16:0x0000000a PA:0x00020000 store:0x0000000a load:0x00000000
          14208	      7100	001000b0	00154703	lbu	x14,1(x10)	 x10:0x00101a10 x14=0x00000020 PA:0x00101a11 store:0x0010121c
          14210	      7101	001000b4	04070e63	beq	x14,x0,100110	 x14:0x00000020  x0:0x00000000
          14214	      7103	001000b8	00e7a023	sw	x14,0(x15)	 x15:0x00020000 x14:0x00000020 PA:0x00020000 store:0x00000020 load:0x00000000
          14218	      7105	001000bc	00254283	lbu	x5,2(x10)	 x10:0x00101a10  x5=0x00000069 PA:0x00101a12 store:0x00137fa0
          14220	      7106	001000c0	04028863	beq	x5,x0,100110	  x5:0x00000069  x0:0x00000000
          14224	      7108	001000c4	0057a023	sw	x5,0(x15)	 x15:0x00020000  x5:0x00000069 PA:0x00020000 store:0x00000069 load:0x00000000
          14228	      7110	001000c8	00354303	lbu	x6,3(x10)	 x10:0x00101a10  x6=0x0000003d PA:0x00101a13 store:0x00000000
          14230	      7111	001000cc	04030263	beq	x6,x0,100110	  x6:0x0000003d  x0:0x00000000
          14234	      7113	001000d0	0067a023	sw	x6,0(x15)	 x15:0x00020000  x6:0x0000003d PA:0x00020000 store:0x0000003d load:0x00000000
          14238	      7115	001000d4	00454383	lbu	x7,4(x10)	 x10:0x00101a10  x7=0x00000000 PA:0x00101a14 store:0x00000000
          14242	      7117	001000d8	02038c63	beq	x7,x0,100110	  x7:0x00000000  x0:0x00000000
          14246	      7119	00100110	00000513	addi	x10,x0,0	  x0:0x00000000 x10=0x00000000
          14250	      7121	00100114	00008067	jalr	x0,0(x1)	  x1:0x0010121c  x0=0x00000000
          14252	      7122	0010121c	000c0513	addi	x10,x24,0	 x24:0x00000010 x10=0x00000010
          14256	      7124	00101220	f01fe0ef	jal	x1,100120	  x1=0x00101224
          14258	      7125	00100120	01c55793	srli	x15,x10,0x1c	 x10:0x00000010 x15=0x00000000
          14260	      7126	00100124	00900713	addi	x14,x0,9	  x0:0x00000000 x14=0x00000009
          14264	      7128	00100128	0cf77a63	bgeu	x14,x15,1001fc	 x14:0x00000009 x15:0x00000000
          14268	      7130	001001fc	03078393	addi	x7,x15,48	 x15:0x00000000  x7=0x00000030
          14270	      7131	00100200	000205b7	lui	x11,0x20	 x11=0x00020000
          14272	      7132	00100204	00451613	slli	x12,x10,0x4	 x10:0x00000010 x12=0x00000100
          14276	      7134	00100208	0075a023	sw	x7,0(x11)	 x11:0x00020000  x7:0x00000030 PA:0x00020000 store:0x00000030 load:0x00000000
          14278	      7135	0010020c	01c65693	srli	x13,x12,0x1c	 x12:0x00000100 x13=0x00000000
          14280	      7136	00100210	00900813	addi	x16,x0,9	  x0:0x00000000 x16=0x00000009
          14282	      7137	00100214	f2d86ae3	bltu	x16,x13,100148	 x16:0x00000009 x13:0x00000000
          14284	      7138	00100218	03068e93	addi	x29,x13,48	 x13:0x00000000 x29=0x00000030
          14286	      7139	0010021c	00020f37	lui	x30,0x20	 x30=0x00020000
          14288	      7140	00100220	00851f93	slli	x31,x10,0x8	 x10:0x00000010 x31=0x00001000
          14292	      7142	00100224	01df2023	sw	x29,0(x30)	 x30:0x00020000 x29:0x00000030 PA:0x00020000 store:0x00000030 load:0x00000000
          14294	      7143	00100228	01cfd793	srli	x15,x31,0x1c	 x31:0x00001000 x15=0x00000000
          14296	      7144	0010022c	00900713	addi	x14,x0,9	  x0:0x00000000 x14=0x00000009
          14298	      7145	00100230	f2f76ae3	bltu	x14,x15,100164	 x14:0x00000009 x15:0x00000000
          14300	      7146	00100234	03078393	addi	x7,x15,48	 x15:0x00000000  x7=0x00000030
          14302	      7147	00100238	000205b7	lui	x11,0x20	 x11=0x00020000
          14304	      7148	0010023c	00c51613	slli	x12,x10,0xc	 x10:0x00000010 x12=0x00010000
          14308	      7150	00100240	0075a023	sw	x7,0(x11)	 x11:0x00020000  x7:0x00000030 PA:0x00020000 store:0x00000030 load:0x00000000
          14310	      7151	00100244	01c65693	srli	x13,x12,0x1c	 x12:0x00010000 x13=0x00000000
          14312	      7152	00100248	00900813	addi	x16,x0,9	  x0:0x00000000 x16=0x00000009
          14314	      7153	0010024c	f2d86ae3	bltu	x16,x13,100180	 x16:0x00000009 x13:0x00000000
          14316	      7154	00100250	03068e93	addi	x29,x13,48	 x13:0x00000000 x29=0x00000030
          14318	      7155	00100254	00020f37	lui	x30,0x20	 x30=0x00020000
          14320	      7156	00100258	01051f93	slli	x31,x10,0x10	 x10:0x00000010 x31=0x00100000
          14324	      7158	0010025c	01df2023	sw	x29,0(x30)	 x30:0x00020000 x29:0x00000030 PA:0x00020000 store:0x00000030 load:0x00000000
          14326	      7159	00100260	01cfd793	srli	x15,x31,0x1c	 x31:0x00100000 x15=0x00000000
          14328	      7160	00100264	00900713	addi	x14,x0,9	  x0:0x00000000 x14=0x00000009
          14330	      7161	00100268	f2f76ae3	bltu	x14,x15,10019c	 x14:0x00000009 x15:0x00000000
          14332	      7162	0010026c	03078393	addi	x7,x15,48	 x15:0x00000000  x7=0x00000030
          14334	      7163	00100270	000205b7	lui	x11,0x20	 x11=0x00020000
          14336	      7164	00100274	01451613	slli	x12,x10,0x14	 x10:0x00000010 x12=0x01000000
          14340	      7166	00100278	0075a023	sw	x7,0(x11)	 x11:0x00020000  x7:0x00000030 PA:0x00020000 store:0x00000030 load:0x00000000
          14342	      7167	0010027c	01c65693	srli	x13,x12,0x1c	 x12:0x01000000 x13=0x00000000
          14344	      7168	00100280	00900813	addi	x16,x0,9	  x0:0x00000000 x16=0x00000009
          14346	      7169	00100284	f2d86ae3	bltu	x16,x13,1001b8	 x16:0x00000009 x13:0x00000000
          14348	      7170	00100288	03068e93	addi	x29,x13,48	 x13:0x00000000 x29=0x00000030
          14350	      7171	0010028c	00020f37	lui	x30,0x20	 x30=0x00020000
          14352	      7172	00100290	01851f93	slli	x31,x10,0x18	 x10:0x00000010 x31=0x10000000
          14356	      7174	00100294	01df2023	sw	x29,0(x30)	 x30:0x00020000 x29:0x00000030 PA:0x00020000 store:0x00000030 load:0x00000000
          14358	      7175	00100298	01cfd793	srli	x15,x31,0x1c	 x31:0x10000000 x15=0x00000001
          14360	      7176	0010029c	00900713	addi	x14,x0,9	  x0:0x00000000 x14=0x00000009
          14362	      7177	001002a0	f2f76ae3	bltu	x14,x15,1001d4	 x14:0x00000009 x15:0x00000001
          14364	      7178	001002a4	03078393	addi	x7,x15,48	 x15:0x00000001  x7=0x00000031
          14366	      7179	001002a8	000205b7	lui	x11,0x20	 x11=0x00020000
          14370	      7181	001002ac	0075a023	sw	x7,0(x11)	 x11:0x00020000  x7:0x00000031 PA:0x00020000 store:0x00000031 load:0x00000000
          14372	      7182	001002b0	00f57513	andi	x10,x10,15	 x10:0x00000010 x10=0x00000000
          14374	      7183	001002b4	00900613	addi	x12,x0,9	  x0:0x00000000 x12=0x00000009
          14378	      7185	001002b8	f2a67ae3	bgeu	x12,x10,1001ec	 x12:0x00000009 x10:0x00000000
          14382	      7187	001001ec	03050893	addi	x17,x10,48	 x10:0x00000000 x17=0x00000030
          14384	      7188	001001f0	00020e37	lui	x28,0x20	 x28=0x00020000
          14388	      7190	001001f4	011e2023	sw	x17,0(x28)	 x28:0x00020000 x17:0x00000030 PA:0x00020000 store:0x00000030 load:0x00000000
          14392	      7192	001001f8	00008067	jalr	x0,0(x1)	  x1:0x00101224  x0=0x00000000
          14394	      7193	00101224	a18b0513	addi	x10,x22,-1512	 x22:0x00102000 x10=0x00101a18
          14398	      7195	00101228	e79fe0ef	jal	x1,1000a0	  x1=0x0010122c
          14402	      7197	001000a0	00054803	lbu	x16,0(x10)	 x10:0x00101a18 x16=0x00000020 PA:0x00101a18 store:0x00000000
          14404	      7198	001000a4	06080663	beq	x16,x0,100110	 x16:0x00000020  x0:0x00000000
          14406	      7199	001000a8	000207b7	lui	x15,0x20	 x15=0x00020000
          14410	      7201	001000ac	0107a023	sw	x16,0(x15)	 x15:0x00020000 x16:0x00000020 PA:0x00020000 store:0x00000020 load:0x00000000
          14414	      7203	001000b0	00154703	lbu	x14,1(x10)	 x10:0x00101a18 x14=0x00000072 PA:0x00101a19 store:0x0010122c
          14416	      7204	001000b4	04070e63	beq	x14,x0,100110	 x14:0x00000072  x0:0x00000000
          14420	      7206	001000b8	00e7a023	sw	x14,0(x15)	 x15:0x00020000 x14:0x00000072 PA:0x00020000 store:0x00000072 load:0x00000000
          14424	      7208	001000bc	00254283	lbu	x5,2(x10)	 x10:0x00101a18  x5=0x00000065 PA:0x00101a1a store:0x00137fa0
          14426	      7209	001000c0	04028863	beq	x5,x0,100110	  x5:0x00000065  x0:0x00000000
          14430	      7211	001000c4	0057a023	sw	x5,0(x15)	 x15:0x00020000  x5:0x00000065 PA:0x00020000 store:0x00000065 load:0x00000000
          14434	      7213	001000c8	00354303	lbu	x6,3(x10)	 x10:0x00101a18  x6=0x00000073 PA:0x00101a1b store:0x00000000
          14436	      7214	001000cc	04030263	beq	x6,x0,100110	  x6:0x00000073  x0:0x00000000
          14440	      7216	001000d0	0067a023	sw	x6,0(x15)	 x15:0x00020000  x6:0x00000073 PA:0x00020000 store:0x00000073 load:0x00000000
          14444	      7218	001000d4	00454383	lbu	x7,4(x10)	 x10:0x00101a18  x7=0x00000075 PA:0x00101a1c store:0x00000000
          14446	      7219	001000d8	02038c63	beq	x7,x0,100110	  x7:0x00000075  x0:0x00000000
          14450	      7221	001000dc	0077a023	sw	x7,0(x15)	 x15:0x00020000  x7:0x00000075 PA:0x00020000 store:0x00000075 load:0x00000000
          14454	      7223	001000e0	00554583	lbu	x11,5(x10)	 x10:0x00101a18 x11=0x0000006c PA:0x00101a1d store:0x00000065
          14456	      7224	001000e4	02058663	beq	x11,x0,100110	 x11:0x0000006c  x0:0x00000000
          14460	      7226	001000e8	00b7a023	sw	x11,0(x15)	 x15:0x00020000 x11:0x0000006c PA:0x00020000 store:0x0000006c load:0x00000000
          14464	      7228	001000ec	00654603	lbu	x12,6(x10)	 x10:0x00101a18 x12=0x00000074 PA:0x00101a1e store:0x00000073
          14466	      7229	001000f0	02060063	beq	x12,x0,100110	 x12:0x00000074  x0:0x00000000
          14470	      7231	001000f4	00c7a023	sw	x12,0(x15)	 x15:0x00020000 x12:0x00000074 PA:0x00020000 store:0x00000074 load:0x00000000
          14474	      7233	001000f8	00754683	lbu	x13,7(x10)	 x10:0x00101a18 x13=0x0000003a PA:0x00101a1f store:0x00000075
          14476	      7234	001000fc	00850513	addi	x10,x10,8	 x10:0x00101a18 x10=0x00101a20
          14478	      7235	00100100	00068863	beq	x13,x0,100110	 x13:0x0000003a  x0:0x00000000
          14482	      7237	00100104	00d7a023	sw	x13,0(x15)	 x15:0x00020000 x13:0x0000003a PA:0x00020000 store:0x0000003a load:0x00000000
          14486	      7239	00100108	00054803	lbu	x16,0(x10)	 x10:0x00101a20 x16=0x00000020 PA:0x00101a20 store:0x00000000
          14490	      7241	0010010c	fa0810e3	bne	x16,x0,1000ac	 x16:0x00000020  x0:0x00000000
          14496	      7244	001000ac	0107a023	sw	x16,0(x15)	 x15:0x00020000 x16:0x00000020 PA:0x00020000 store:0x00000020 load:0x00000000
          14500	      7246	001000b0	00154703	lbu	x14,1(x10)	 x10:0x00101a20 x14=0x00000000 PA:0x00101a21 store:0x0010122c
          14504	      7248	001000b4	04070e63	beq	x14,x0,100110	 x14:0x00000000  x0:0x00000000
          14508	      7250	00100110	00000513	addi	x10,x0,0	  x0:0x00000000 x10=0x00000000
          14512	      7252	00100114	00008067	jalr	x0,0(x1)	  x1:0x0010122c  x0=0x00000000
          14516	      7254	0010122c	cf8a2503	lw	x10,-776(x20)	 x20:0x00102000 x10=0x08e27cac PA:0x00101cf8 store:0x00000010
          14518	      7255	00101230	001c0d93	addi	x27,x24,1	 x24:0x00000010 x27=0x00000011
          14522	      7257	00101234	eedfe0ef	jal	x1,100120	  x1=0x00101238
          14524	      7258	00100120	01c55793	srli	x15,x10,0x1c	 x10:0x08e27cac x15=0x00000000
          14526	      7259	00100124	00900713	addi	x14,x0,9	  x0:0x00000000 x14=0x00000009
          14530	      7261	00100128	0cf77a63	bgeu	x14,x15,1001fc	 x14:0x00000009 x15:0x00000000
          14534	      7263	001001fc	03078393	addi	x7,x15,48	 x15:0x00000000  x7=0x00000030
          14536	      7264	00100200	000205b7	lui	x11,0x20	 x11=0x00020000
          14538	      7265	00100204	00451613	slli	x12,x10,0x4	 x10:0x08e27cac x12=0x8e27cac0
          14542	      7267	00100208	0075a023	sw	x7,0(x11)	 x11:0x00020000  x7:0x00000030 PA:0x00020000 store:0x00000030 load:0x00000000
          14544	      7268	0010020c	01c65693	srli	x13,x12,0x1c	 x12:0x8e27cac0 x13=0x00000008
          14546	      7269	00100210	00900813	addi	x16,x0,9	  x0:0x00000000 x16=0x00000009
          14548	      7270	00100214	f2d86ae3	bltu	x16,x13,100148	 x16:0x00000009 x13:0x00000008
          14550	      7271	00100218	03068e93	addi	x29,x13,48	 x13:0x00000008 x29=0x00000038
          14552	      7272	0010021c	00020f37	lui	x30,0x20	 x30=0x00020000
          14554	      7273	00100220	00851f93	slli	x31,x10,0x8	 x10:0x08e27cac x31=0xe27cac00
          14558	      7275	00100224	01df2023	sw	x29,0(x30)	 x30:0x00020000 x29:0x00000038 PA:0x00020000 store:0x00000038 load:0x00000000
          14560	      7276	00100228	01cfd793	srli	x15,x31,0x1c	 x31:0xe27cac00 x15=0x0000000e
          14562	      7277	0010022c	00900713	addi	x14,x0,9	  x0:0x00000000 x14=0x00000009
          14566	      7279	00100230	f2f76ae3	bltu	x14,x15,100164	 x14:0x00000009 x15:0x0000000e
          14570	      7281	00100164	03778293	addi	x5,x15,55	 x15:0x0000000e  x5=0x00000045
          14572	      7282	00100168	00020337	lui	x6,0x20	  x6=0x00020000
          14574	      7283	0010016c	00c51613	slli	x12,x10,0xc	 x10:0x08e27cac x12=0x27cac000
          14578	      7285	00100170	00532023	sw	x5,0(x6)	  x6:0x00020000  x5:0x00000045 PA:0x00020000 store:0x00000045 load:0x00000000
          14580	      7286	00100174	01c65693	srli	x13,x12,0x1c	 x12:0x27cac000 x13=0x00000002
          14582	      7287	00100178	00900813	addi	x16,x0,9	  x0:0x00000000 x16=0x00000009
          14586	      7289	0010017c	0cd87a63	bgeu	x16,x13,100250	 x16:0x00000009 x13:0x00000002
          14590	      7291	00100250	03068e93	addi	x29,x13,48	 x13:0x00000002 x29=0x00000032
          14592	      7292	00100254	00020f37	lui	x30,0x20	 x30=0x00020000
          14594	      7293	00100258	01051f93	slli	x31,x10,0x10	 x10:0x08e27cac x31=0x7cac0000
          14598	      7295	0010025c	01df2023	sw	x29,0(x30)	 x30:0x00020000 x29:0x00000032 PA:0x00020000 store:0x00000032 load:0x00000000
          14600	      7296	00100260	01cfd793	srli	x15,x31,0x1c	 x31:0x7cac0000 x15=0x00000007
          14602	      7297	00100264	00900713	addi	x14,x0,9	  x0:0x00000000 x14=0x00000009
          14604	      7298	00100268	f2f76ae3	bltu	x14,x15,10019c	 x14:0x00000009 x15:0x00000007
          14606	      7299	0010026c	03078393	addi	x7,x15,48	 x15:0x00000007  x7=0x00000037
          14608	      7300	00100270	000205b7	lui	x11,0x20	 x11=0x00020000
          14610	      7301	00100274	01451613	slli	x12,x10,0x14	 x10:0x08e27cac x12=0xcac00000
          14614	      7303	00100278	0075a023	sw	x7,0(x11)	 x11:0x00020000  x7:0x00000037 PA:0x00020000 store:0x00000037 load:0x00000000
          14616	      7304	0010027c	01c65693	srli	x13,x12,0x1c	 x12:0xcac00000 x13=0x0000000c
          14618	      7305	00100280	00900813	addi	x16,x0,9	  x0:0x00000000 x16=0x00000009
          14622	      7307	00100284	f2d86ae3	bltu	x16,x13,1001b8	 x16:0x00000009 x13:0x0000000c
          14626	      7309	001001b8	03768893	addi	x17,x13,55	 x13:0x0000000c x17=0x00000043
          14628	      7310	001001bc	00020e37	lui	x28,0x20	 x28=0x00020000
          14630	      7311	001001c0	01851f93	slli	x31,x10,0x18	 x10:0x08e27cac x31=0xac000000
          14634	      7313	001001c4	011e2023	sw	x17,0(x28)	 x28:0x00020000 x17:0x00000043 PA:0x00020000 store:0x00000043 load:0x00000000
          14636	      7314	001001c8	01cfd793	srli	x15,x31,0x1c	 x31:0xac000000 x15=0x0000000a
          14638	      7315	001001cc	00900713	addi	x14,x0,9	  x0:0x00000000 x14=0x00000009
          14640	      7316	001001d0	0cf77a63	bgeu	x14,x15,1002a4	 x14:0x00000009 x15:0x0000000a
          14642	      7317	001001d4	03778293	addi	x5,x15,55	 x15:0x0000000a  x5=0x00000041
          14644	      7318	001001d8	00020337	lui	x6,0x20	  x6=0x00020000
          14648	      7320	001001dc	00532023	sw	x5,0(x6)	  x6:0x00020000  x5:0x00000041 PA:0x00020000 store:0x00000041 load:0x00000000
          14650	      7321	001001e0	00f57513	andi	x10,x10,15	 x10:0x08e27cac x10=0x0000000c
          14652	      7322	001001e4	00900613	addi	x12,x0,9	  x0:0x00000000 x12=0x00000009
          14656	      7324	001001e8	0ca66a63	bltu	x12,x10,1002bc	 x12:0x00000009 x10:0x0000000c
          14660	      7326	001002bc	03750693	addi	x13,x10,55	 x10:0x0000000c x13=0x00000043
          14662	      7327	001002c0	00020837	lui	x16,0x20	 x16=0x00020000
          14666	      7329	001002c4	00d82023	sw	x13,0(x16)	 x16:0x00020000 x13:0x00000043 PA:0x00020000 store:0x00000043 load:0x00000000
          14680	      7336	001002c8	00008067	jalr	x0,0(x1)	  x1:0x00101238  x0=0x00000000
          14682	      7337	00101238	d089ae87	flw	f29,-760(x19)	 f19:0x00102000 f29=0x00000000 PA:0x00101d08 store:0x4598f2e4
          14684	      7338	0010123c	d24baf07	flw	f30,-732(x23)	 f23:0x00102000 f30=0x00000000 PA:0x00101d24 store:0x42f67c6a
          14706	      7349	00101240	a10a8513	addi	x10,x21,-1520	 x21:0x00102000 x10=0x00101a10
          14708	      7350	00101244	19eeffd3	fdiv.s	f31,f29,f30	 f29:0x00000032 f30:0x00020000 f31=0x00000000
          14712	      7352	00101248	d1f9a427	fsw	f31,-760(x19)	 f19:0x00102000 f31:0xac000000 PA:0x00101d08 store:0x056b3aa5 load:0x056b3aa5
          14718	      7355	0010124c	d089a007	flw	f0,-760(x19)	 f19:0x00102000  f0=0x00000000 PA:0x00000000
          14724	      7358	00101250	e0000e53	fmv.x.w	x28,f0	  f0:0x00000000 x28=0x056b3aa5
          14726	      7359	00101254	cfca2c23	sw	x28,-776(x20)	 x20:0x00102000 x28:0x056b3aa5 PA:0x00101cf8 store:0x056b3aa5 load:0x056b3aa5
          14730	      7361	00101258	e49fe0ef	jal	x1,1000a0	  x1=0x0010125c
          14734	      7363	001000a0	00054803	lbu	x16,0(x10)	 x10:0x00101a10 x16=0x0000000a PA:0x00101a10 store:0x00000000
          14736	      7364	001000a4	06080663	beq	x16,x0,100110	 x16:0x0000000a  x0:0x00000000
          14738	      7365	001000a8	000207b7	lui	x15,0x20	 x15=0x00020000
          14742	      7367	001000ac	0107a023	sw	x16,0(x15)	 x15:0x00020000 x16:0x0000000a PA:0x00020000 store:0x0000000a load:0x00000000
          14746	      7369	001000b0	00154703	lbu	x14,1(x10)	 x10:0x00101a10 x14=0x00000020 PA:0x00101a11 store:0x0010125c
          14748	      7370	001000b4	04070e63	beq	x14,x0,100110	 x14:0x00000020  x0:0x00000000
          14752	      7372	001000b8	00e7a023	sw	x14,0(x15)	 x15:0x00020000 x14:0x00000020 PA:0x00020000 store:0x00000020 load:0x00000000
          14756	      7374	001000bc	00254283	lbu	x5,2(x10)	 x10:0x00101a10  x5=0x00000069 PA:0x00101a12 store:0x00137fa0
          14758	      7375	001000c0	04028863	beq	x5,x0,100110	  x5:0x00000069  x0:0x00000000
          14762	      7377	001000c4	0057a023	sw	x5,0(x15)	 x15:0x00020000  x5:0x00000069 PA:0x00020000 store:0x00000069 load:0x00000000
          14766	      7379	001000c8	00354303	lbu	x6,3(x10)	 x10:0x00101a10  x6=0x0000003d PA:0x00101a13 store:0x00000000
          14768	      7380	001000cc	04030263	beq	x6,x0,100110	  x6:0x0000003d  x0:0x00000000
          14772	      7382	001000d0	0067a023	sw	x6,0(x15)	 x15:0x00020000  x6:0x0000003d PA:0x00020000 store:0x0000003d load:0x00000000
          14776	      7384	001000d4	00454383	lbu	x7,4(x10)	 x10:0x00101a10  x7=0x00000000 PA:0x00101a14 store:0x00000000
          14780	      7386	001000d8	02038c63	beq	x7,x0,100110	  x7:0x00000000  x0:0x00000000
          14784	      7388	00100110	00000513	addi	x10,x0,0	  x0:0x00000000 x10=0x00000000
          14788	      7390	00100114	00008067	jalr	x0,0(x1)	  x1:0x0010125c  x0=0x00000000
          14790	      7391	0010125c	000d8513	addi	x10,x27,0	 x27:0x00000011 x10=0x00000011
          14794	      7393	00101260	ec1fe0ef	jal	x1,100120	  x1=0x00101264
          14796	      7394	00100120	01c55793	srli	x15,x10,0x1c	 x10:0x00000011 x15=0x00000000
          14798	      7395	00100124	00900713	addi	x14,x0,9	  x0:0x00000000 x14=0x00000009
          14802	      7397	00100128	0cf77a63	bgeu	x14,x15,1001fc	 x14:0x00000009 x15:0x00000000
          14806	      7399	001001fc	03078393	addi	x7,x15,48	 x15:0x00000000  x7=0x00000030
          14808	      7400	00100200	000205b7	lui	x11,0x20	 x11=0x00020000
          14810	      7401	00100204	00451613	slli	x12,x10,0x4	 x10:0x00000011 x12=0x00000110
          14814	      7403	00100208	0075a023	sw	x7,0(x11)	 x11:0x00020000  x7:0x00000030 PA:0x00020000 store:0x00000030 load:0x00000000
          14816	      7404	0010020c	01c65693	srli	x13,x12,0x1c	 x12:0x00000110 x13=0x00000000
          14818	      7405	00100210	00900813	addi	x16,x0,9	  x0:0x00000000 x16=0x00000009
          14820	      7406	00100214	f2d86ae3	bltu	x16,x13,100148	 x16:0x00000009 x13:0x00000000
          14822	      7407	00100218	03068e93	addi	x29,x13,48	 x13:0x00000000 x29=0x00000030
          14824	      7408	0010021c	00020f37	lui	x30,0x20	 x30=0x00020000
          14826	      7409	00100220	00851f93	slli	x31,x10,0x8	 x10:0x00000011 x31=0x00001100
          14830	      7411	00100224	01df2023	sw	x29,0(x30)	 x30:0x00020000 x29:0x00000030 PA:0x00020000 store:0x00000030 load:0x00000000
          14832	      7412	00100228	01cfd793	srli	x15,x31,0x1c	 x31:0x00001100 x15=0x00000000
          14834	      7413	0010022c	00900713	addi	x14,x0,9	  x0:0x00000000 x14=0x00000009
          14836	      7414	00100230	f2f76ae3	bltu	x14,x15,100164	 x14:0x00000009 x15:0x00000000
          14838	      7415	00100234	03078393	addi	x7,x15,48	 x15:0x00000000  x7=0x00000030
          14840	      7416	00100238	000205b7	lui	x11,0x20	 x11=0x00020000
          14842	      7417	0010023c	00c51613	slli	x12,x10,0xc	 x10:0x00000011 x12=0x00011000
          14846	      7419	00100240	0075a023	sw	x7,0(x11)	 x11:0x00020000  x7:0x00000030 PA:0x00020000 store:0x00000030 load:0x00000000
          14848	      7420	00100244	01c65693	srli	x13,x12,0x1c	 x12:0x00011000 x13=0x00000000
          14850	      7421	00100248	00900813	addi	x16,x0,9	  x0:0x00000000 x16=0x00000009
          14852	      7422	0010024c	f2d86ae3	bltu	x16,x13,100180	 x16:0x00000009 x13:0x00000000
          14854	      7423	00100250	03068e93	addi	x29,x13,48	 x13:0x00000000 x29=0x00000030
          14856	      7424	00100254	00020f37	lui	x30,0x20	 x30=0x00020000
          14858	      7425	00100258	01051f93	slli	x31,x10,0x10	 x10:0x00000011 x31=0x00110000
          14862	      7427	0010025c	01df2023	sw	x29,0(x30)	 x30:0x00020000 x29:0x00000030 PA:0x00020000 store:0x00000030 load:0x00000000
          14864	      7428	00100260	01cfd793	srli	x15,x31,0x1c	 x31:0x00110000 x15=0x00000000
          14866	      7429	00100264	00900713	addi	x14,x0,9	  x0:0x00000000 x14=0x00000009
          14868	      7430	00100268	f2f76ae3	bltu	x14,x15,10019c	 x14:0x00000009 x15:0x00000000
          14870	      7431	0010026c	03078393	addi	x7,x15,48	 x15:0x00000000  x7=0x00000030
          14872	      7432	00100270	000205b7	lui	x11,0x20	 x11=0x00020000
          14874	      7433	00100274	01451613	slli	x12,x10,0x14	 x10:0x00000011 x12=0x01100000
          14878	      7435	00100278	0075a023	sw	x7,0(x11)	 x11:0x00020000  x7:0x00000030 PA:0x00020000 store:0x00000030 load:0x00000000
          14880	      7436	0010027c	01c65693	srli	x13,x12,0x1c	 x12:0x01100000 x13=0x00000000
          14882	      7437	00100280	00900813	addi	x16,x0,9	  x0:0x00000000 x16=0x00000009
          14884	      7438	00100284	f2d86ae3	bltu	x16,x13,1001b8	 x16:0x00000009 x13:0x00000000
          14886	      7439	00100288	03068e93	addi	x29,x13,48	 x13:0x00000000 x29=0x00000030
          14888	      7440	0010028c	00020f37	lui	x30,0x20	 x30=0x00020000
          14890	      7441	00100290	01851f93	slli	x31,x10,0x18	 x10:0x00000011 x31=0x11000000
          14894	      7443	00100294	01df2023	sw	x29,0(x30)	 x30:0x00020000 x29:0x00000030 PA:0x00020000 store:0x00000030 load:0x00000000
          14896	      7444	00100298	01cfd793	srli	x15,x31,0x1c	 x31:0x11000000 x15=0x00000001
          14898	      7445	0010029c	00900713	addi	x14,x0,9	  x0:0x00000000 x14=0x00000009
          14900	      7446	001002a0	f2f76ae3	bltu	x14,x15,1001d4	 x14:0x00000009 x15:0x00000001
          14902	      7447	001002a4	03078393	addi	x7,x15,48	 x15:0x00000001  x7=0x00000031
          14904	      7448	001002a8	000205b7	lui	x11,0x20	 x11=0x00020000
          14908	      7450	001002ac	0075a023	sw	x7,0(x11)	 x11:0x00020000  x7:0x00000031 PA:0x00020000 store:0x00000031 load:0x00000000
          14910	      7451	001002b0	00f57513	andi	x10,x10,15	 x10:0x00000011 x10=0x00000001
          14912	      7452	001002b4	00900613	addi	x12,x0,9	  x0:0x00000000 x12=0x00000009
          14916	      7454	001002b8	f2a67ae3	bgeu	x12,x10,1001ec	 x12:0x00000009 x10:0x00000001
          14920	      7456	001001ec	03050893	addi	x17,x10,48	 x10:0x00000001 x17=0x00000031
          14922	      7457	001001f0	00020e37	lui	x28,0x20	 x28=0x00020000
          14926	      7459	001001f4	011e2023	sw	x17,0(x28)	 x28:0x00020000 x17:0x00000031 PA:0x00020000 store:0x00000031 load:0x00000000
          14930	      7461	001001f8	00008067	jalr	x0,0(x1)	  x1:0x00101264  x0=0x00000000
          14932	      7462	00101264	a18b0513	addi	x10,x22,-1512	 x22:0x00102000 x10=0x00101a18
          14936	      7464	00101268	e39fe0ef	jal	x1,1000a0	  x1=0x0010126c
          14940	      7466	001000a0	00054803	lbu	x16,0(x10)	 x10:0x00101a18 x16=0x00000020 PA:0x00101a18 store:0x00000000
          14942	      7467	001000a4	06080663	beq	x16,x0,100110	 x16:0x00000020  x0:0x00000000
          14944	      7468	001000a8	000207b7	lui	x15,0x20	 x15=0x00020000
          14948	      7470	001000ac	0107a023	sw	x16,0(x15)	 x15:0x00020000 x16:0x00000020 PA:0x00020000 store:0x00000020 load:0x00000000
          14952	      7472	001000b0	00154703	lbu	x14,1(x10)	 x10:0x00101a18 x14=0x00000072 PA:0x00101a19 store:0x0010126c
          14954	      7473	001000b4	04070e63	beq	x14,x0,100110	 x14:0x00000072  x0:0x00000000
          14958	      7475	001000b8	00e7a023	sw	x14,0(x15)	 x15:0x00020000 x14:0x00000072 PA:0x00020000 store:0x00000072 load:0x00000000
          14962	      7477	001000bc	00254283	lbu	x5,2(x10)	 x10:0x00101a18  x5=0x00000065 PA:0x00101a1a store:0x00137fa0
          14964	      7478	001000c0	04028863	beq	x5,x0,100110	  x5:0x00000065  x0:0x00000000
          14968	      7480	001000c4	0057a023	sw	x5,0(x15)	 x15:0x00020000  x5:0x00000065 PA:0x00020000 store:0x00000065 load:0x00000000
          14972	      7482	001000c8	00354303	lbu	x6,3(x10)	 x10:0x00101a18  x6=0x00000073 PA:0x00101a1b store:0x00000000
          14974	      7483	001000cc	04030263	beq	x6,x0,100110	  x6:0x00000073  x0:0x00000000
          14978	      7485	001000d0	0067a023	sw	x6,0(x15)	 x15:0x00020000  x6:0x00000073 PA:0x00020000 store:0x00000073 load:0x00000000
          14982	      7487	001000d4	00454383	lbu	x7,4(x10)	 x10:0x00101a18  x7=0x00000075 PA:0x00101a1c store:0x00000000
          14984	      7488	001000d8	02038c63	beq	x7,x0,100110	  x7:0x00000075  x0:0x00000000
          14988	      7490	001000dc	0077a023	sw	x7,0(x15)	 x15:0x00020000  x7:0x00000075 PA:0x00020000 store:0x00000075 load:0x00000000
          14992	      7492	001000e0	00554583	lbu	x11,5(x10)	 x10:0x00101a18 x11=0x0000006c PA:0x00101a1d store:0x00000065
          14994	      7493	001000e4	02058663	beq	x11,x0,100110	 x11:0x0000006c  x0:0x00000000
          14998	      7495	001000e8	00b7a023	sw	x11,0(x15)	 x15:0x00020000 x11:0x0000006c PA:0x00020000 store:0x0000006c load:0x00000000
          15002	      7497	001000ec	00654603	lbu	x12,6(x10)	 x10:0x00101a18 x12=0x00000074 PA:0x00101a1e store:0x00000073
          15004	      7498	001000f0	02060063	beq	x12,x0,100110	 x12:0x00000074  x0:0x00000000
          15008	      7500	001000f4	00c7a023	sw	x12,0(x15)	 x15:0x00020000 x12:0x00000074 PA:0x00020000 store:0x00000074 load:0x00000000
          15012	      7502	001000f8	00754683	lbu	x13,7(x10)	 x10:0x00101a18 x13=0x0000003a PA:0x00101a1f store:0x00000075
          15014	      7503	001000fc	00850513	addi	x10,x10,8	 x10:0x00101a18 x10=0x00101a20
          15016	      7504	00100100	00068863	beq	x13,x0,100110	 x13:0x0000003a  x0:0x00000000
          15020	      7506	00100104	00d7a023	sw	x13,0(x15)	 x15:0x00020000 x13:0x0000003a PA:0x00020000 store:0x0000003a load:0x00000000
          15024	      7508	00100108	00054803	lbu	x16,0(x10)	 x10:0x00101a20 x16=0x00000020 PA:0x00101a20 store:0x00000000
          15028	      7510	0010010c	fa0810e3	bne	x16,x0,1000ac	 x16:0x00000020  x0:0x00000000
          15034	      7513	001000ac	0107a023	sw	x16,0(x15)	 x15:0x00020000 x16:0x00000020 PA:0x00020000 store:0x00000020 load:0x00000000
          15038	      7515	001000b0	00154703	lbu	x14,1(x10)	 x10:0x00101a20 x14=0x00000000 PA:0x00101a21 store:0x0010126c
          15042	      7517	001000b4	04070e63	beq	x14,x0,100110	 x14:0x00000000  x0:0x00000000
          15046	      7519	00100110	00000513	addi	x10,x0,0	  x0:0x00000000 x10=0x00000000
          15050	      7521	00100114	00008067	jalr	x0,0(x1)	  x1:0x0010126c  x0=0x00000000
          15054	      7523	0010126c	cf8a2503	lw	x10,-776(x20)	 x20:0x00102000 x10=0x056b3aa5 PA:0x00101cf8 store:0x00000010
          15056	      7524	00101270	002c0d93	addi	x27,x24,2	 x24:0x00000010 x27=0x00000012
          15060	      7526	00101274	eadfe0ef	jal	x1,100120	  x1=0x00101278
          15062	      7527	00100120	01c55793	srli	x15,x10,0x1c	 x10:0x056b3aa5 x15=0x00000000
          15064	      7528	00100124	00900713	addi	x14,x0,9	  x0:0x00000000 x14=0x00000009
          15068	      7530	00100128	0cf77a63	bgeu	x14,x15,1001fc	 x14:0x00000009 x15:0x00000000
          15072	      7532	001001fc	03078393	addi	x7,x15,48	 x15:0x00000000  x7=0x00000030
          15074	      7533	00100200	000205b7	lui	x11,0x20	 x11=0x00020000
          15076	      7534	00100204	00451613	slli	x12,x10,0x4	 x10:0x056b3aa5 x12=0x56b3aa50
          15080	      7536	00100208	0075a023	sw	x7,0(x11)	 x11:0x00020000  x7:0x00000030 PA:0x00020000 store:0x00000030 load:0x00000000
          15082	      7537	0010020c	01c65693	srli	x13,x12,0x1c	 x12:0x56b3aa50 x13=0x00000005
          15084	      7538	00100210	00900813	addi	x16,x0,9	  x0:0x00000000 x16=0x00000009
          15086	      7539	00100214	f2d86ae3	bltu	x16,x13,100148	 x16:0x00000009 x13:0x00000005
          15088	      7540	00100218	03068e93	addi	x29,x13,48	 x13:0x00000005 x29=0x00000035
          15090	      7541	0010021c	00020f37	lui	x30,0x20	 x30=0x00020000
          15092	      7542	00100220	00851f93	slli	x31,x10,0x8	 x10:0x056b3aa5 x31=0x6b3aa500
          15096	      7544	00100224	01df2023	sw	x29,0(x30)	 x30:0x00020000 x29:0x00000035 PA:0x00020000 store:0x00000035 load:0x00000000
          15098	      7545	00100228	01cfd793	srli	x15,x31,0x1c	 x31:0x6b3aa500 x15=0x00000006
          15100	      7546	0010022c	00900713	addi	x14,x0,9	  x0:0x00000000 x14=0x00000009
          15102	      7547	00100230	f2f76ae3	bltu	x14,x15,100164	 x14:0x00000009 x15:0x00000006
          15104	      7548	00100234	03078393	addi	x7,x15,48	 x15:0x00000006  x7=0x00000036
          15106	      7549	00100238	000205b7	lui	x11,0x20	 x11=0x00020000
          15108	      7550	0010023c	00c51613	slli	x12,x10,0xc	 x10:0x056b3aa5 x12=0xb3aa5000
          15112	      7552	00100240	0075a023	sw	x7,0(x11)	 x11:0x00020000  x7:0x00000036 PA:0x00020000 store:0x00000036 load:0x00000000
          15114	      7553	00100244	01c65693	srli	x13,x12,0x1c	 x12:0xb3aa5000 x13=0x0000000b
          15116	      7554	00100248	00900813	addi	x16,x0,9	  x0:0x00000000 x16=0x00000009
          15120	      7556	0010024c	f2d86ae3	bltu	x16,x13,100180	 x16:0x00000009 x13:0x0000000b
          15124	      7558	00100180	03768893	addi	x17,x13,55	 x13:0x0000000b x17=0x00000042
          15126	      7559	00100184	00020e37	lui	x28,0x20	 x28=0x00020000
          15128	      7560	00100188	01051f93	slli	x31,x10,0x10	 x10:0x056b3aa5 x31=0x3aa50000
          15132	      7562	0010018c	011e2023	sw	x17,0(x28)	 x28:0x00020000 x17:0x00000042 PA:0x00020000 store:0x00000042 load:0x00000000
          15134	      7563	00100190	01cfd793	srli	x15,x31,0x1c	 x31:0x3aa50000 x15=0x00000003
          15136	      7564	00100194	00900713	addi	x14,x0,9	  x0:0x00000000 x14=0x00000009
          15140	      7566	00100198	0cf77a63	bgeu	x14,x15,10026c	 x14:0x00000009 x15:0x00000003
          15144	      7568	0010026c	03078393	addi	x7,x15,48	 x15:0x00000003  x7=0x00000033
          15146	      7569	00100270	000205b7	lui	x11,0x20	 x11=0x00020000
          15148	      7570	00100274	01451613	slli	x12,x10,0x14	 x10:0x056b3aa5 x12=0xaa500000
          15152	      7572	00100278	0075a023	sw	x7,0(x11)	 x11:0x00020000  x7:0x00000033 PA:0x00020000 store:0x00000033 load:0x00000000
          15154	      7573	0010027c	01c65693	srli	x13,x12,0x1c	 x12:0xaa500000 x13=0x0000000a
          15156	      7574	00100280	00900813	addi	x16,x0,9	  x0:0x00000000 x16=0x00000009
          15160	      7576	00100284	f2d86ae3	bltu	x16,x13,1001b8	 x16:0x00000009 x13:0x0000000a
          15164	      7578	001001b8	03768893	addi	x17,x13,55	 x13:0x0000000a x17=0x00000041
          15166	      7579	001001bc	00020e37	lui	x28,0x20	 x28=0x00020000
          15168	      7580	001001c0	01851f93	slli	x31,x10,0x18	 x10:0x056b3aa5 x31=0xa5000000
          15172	      7582	001001c4	011e2023	sw	x17,0(x28)	 x28:0x00020000 x17:0x00000041 PA:0x00020000 store:0x00000041 load:0x00000000
          15174	      7583	001001c8	01cfd793	srli	x15,x31,0x1c	 x31:0xa5000000 x15=0x0000000a
          15176	      7584	001001cc	00900713	addi	x14,x0,9	  x0:0x00000000 x14=0x00000009
          15178	      7585	001001d0	0cf77a63	bgeu	x14,x15,1002a4	 x14:0x00000009 x15:0x0000000a
          15180	      7586	001001d4	03778293	addi	x5,x15,55	 x15:0x0000000a  x5=0x00000041
          15182	      7587	001001d8	00020337	lui	x6,0x20	  x6=0x00020000
          15186	      7589	001001dc	00532023	sw	x5,0(x6)	  x6:0x00020000  x5:0x00000041 PA:0x00020000 store:0x00000041 load:0x00000000
          15188	      7590	001001e0	00f57513	andi	x10,x10,15	 x10:0x056b3aa5 x10=0x00000005
          15190	      7591	001001e4	00900613	addi	x12,x0,9	  x0:0x00000000 x12=0x00000009
          15192	      7592	001001e8	0ca66a63	bltu	x12,x10,1002bc	 x12:0x00000009 x10:0x00000005
          15194	      7593	001001ec	03050893	addi	x17,x10,48	 x10:0x00000005 x17=0x00000035
          15196	      7594	001001f0	00020e37	lui	x28,0x20	 x28=0x00020000
          15200	      7596	001001f4	011e2023	sw	x17,0(x28)	 x28:0x00020000 x17:0x00000035 PA:0x00020000 store:0x00000035 load:0x00000000
          15214	      7603	001001f8	00008067	jalr	x0,0(x1)	  x1:0x00101278  x0=0x00000000
          15216	      7604	00101278	d089a087	flw	f1,-760(x19)	 f19:0x00102000  f1=0x00000000 PA:0x00101d08 store:0x4598f2e4
          15218	      7605	0010127c	d24ba107	flw	f2,-732(x23)	 f23:0x00102000  f2=0x00000000 PA:0x00101d24 store:0x42f67c6a
          15240	      7616	00101280	a10a8513	addi	x10,x21,-1520	 x21:0x00102000 x10=0x00101a10
          15242	      7617	00101284	1820f753	fdiv.s	f14,f1,f2	  f1:0x00101278  f2:0x00137fa0 f14=0x00000000
          15246	      7619	00101288	d0e9a427	fsw	f14,-760(x19)	 f19:0x00102000 f14:0x00000009 PA:0x00101d08 store:0x01f44f00 load:0x01f44f00
          15252	      7622	0010128c	d089a787	flw	f15,-760(x19)	 f19:0x00102000 f15=0x00000000 PA:0x00000000
          15258	      7625	00101290	e0078ed3	fmv.x.w	x29,f15	 f15:0x0000000a x29=0x01f44f00
          15260	      7626	00101294	cfda2c23	sw	x29,-776(x20)	 x20:0x00102000 x29:0x01f44f00 PA:0x00101cf8 store:0x01f44f00 load:0x01f44f00
          15264	      7628	00101298	e09fe0ef	jal	x1,1000a0	  x1=0x0010129c
          15268	      7630	001000a0	00054803	lbu	x16,0(x10)	 x10:0x00101a10 x16=0x0000000a PA:0x00101a10 store:0x00000000
          15270	      7631	001000a4	06080663	beq	x16,x0,100110	 x16:0x0000000a  x0:0x00000000
          15272	      7632	001000a8	000207b7	lui	x15,0x20	 x15=0x00020000
          15276	      7634	001000ac	0107a023	sw	x16,0(x15)	 x15:0x00020000 x16:0x0000000a PA:0x00020000 store:0x0000000a load:0x00000000
          15280	      7636	001000b0	00154703	lbu	x14,1(x10)	 x10:0x00101a10 x14=0x00000020 PA:0x00101a11 store:0x0010129c
          15282	      7637	001000b4	04070e63	beq	x14,x0,100110	 x14:0x00000020  x0:0x00000000
          15286	      7639	001000b8	00e7a023	sw	x14,0(x15)	 x15:0x00020000 x14:0x00000020 PA:0x00020000 store:0x00000020 load:0x00000000
          15290	      7641	001000bc	00254283	lbu	x5,2(x10)	 x10:0x00101a10  x5=0x00000069 PA:0x00101a12 store:0x00137fa0
          15292	      7642	001000c0	04028863	beq	x5,x0,100110	  x5:0x00000069  x0:0x00000000
          15296	      7644	001000c4	0057a023	sw	x5,0(x15)	 x15:0x00020000  x5:0x00000069 PA:0x00020000 store:0x00000069 load:0x00000000
          15300	      7646	001000c8	00354303	lbu	x6,3(x10)	 x10:0x00101a10  x6=0x0000003d PA:0x00101a13 store:0x00000000
          15302	      7647	001000cc	04030263	beq	x6,x0,100110	  x6:0x0000003d  x0:0x00000000
          15306	      7649	001000d0	0067a023	sw	x6,0(x15)	 x15:0x00020000  x6:0x0000003d PA:0x00020000 store:0x0000003d load:0x00000000
          15310	      7651	001000d4	00454383	lbu	x7,4(x10)	 x10:0x00101a10  x7=0x00000000 PA:0x00101a14 store:0x00000000
          15314	      7653	001000d8	02038c63	beq	x7,x0,100110	  x7:0x00000000  x0:0x00000000
          15318	      7655	00100110	00000513	addi	x10,x0,0	  x0:0x00000000 x10=0x00000000
          15322	      7657	00100114	00008067	jalr	x0,0(x1)	  x1:0x0010129c  x0=0x00000000
          15324	      7658	0010129c	000d8513	addi	x10,x27,0	 x27:0x00000012 x10=0x00000012
          15328	      7660	001012a0	e81fe0ef	jal	x1,100120	  x1=0x001012a4
          15330	      7661	00100120	01c55793	srli	x15,x10,0x1c	 x10:0x00000012 x15=0x00000000
          15332	      7662	00100124	00900713	addi	x14,x0,9	  x0:0x00000000 x14=0x00000009
          15336	      7664	00100128	0cf77a63	bgeu	x14,x15,1001fc	 x14:0x00000009 x15:0x00000000
          15340	      7666	001001fc	03078393	addi	x7,x15,48	 x15:0x00000000  x7=0x00000030
          15342	      7667	00100200	000205b7	lui	x11,0x20	 x11=0x00020000
          15344	      7668	00100204	00451613	slli	x12,x10,0x4	 x10:0x00000012 x12=0x00000120
          15348	      7670	00100208	0075a023	sw	x7,0(x11)	 x11:0x00020000  x7:0x00000030 PA:0x00020000 store:0x00000030 load:0x00000000
          15350	      7671	0010020c	01c65693	srli	x13,x12,0x1c	 x12:0x00000120 x13=0x00000000
          15352	      7672	00100210	00900813	addi	x16,x0,9	  x0:0x00000000 x16=0x00000009
          15354	      7673	00100214	f2d86ae3	bltu	x16,x13,100148	 x16:0x00000009 x13:0x00000000
          15356	      7674	00100218	03068e93	addi	x29,x13,48	 x13:0x00000000 x29=0x00000030
          15358	      7675	0010021c	00020f37	lui	x30,0x20	 x30=0x00020000
          15360	      7676	00100220	00851f93	slli	x31,x10,0x8	 x10:0x00000012 x31=0x00001200
          15364	      7678	00100224	01df2023	sw	x29,0(x30)	 x30:0x00020000 x29:0x00000030 PA:0x00020000 store:0x00000030 load:0x00000000
          15366	      7679	00100228	01cfd793	srli	x15,x31,0x1c	 x31:0x00001200 x15=0x00000000
          15368	      7680	0010022c	00900713	addi	x14,x0,9	  x0:0x00000000 x14=0x00000009
          15370	      7681	00100230	f2f76ae3	bltu	x14,x15,100164	 x14:0x00000009 x15:0x00000000
          15372	      7682	00100234	03078393	addi	x7,x15,48	 x15:0x00000000  x7=0x00000030
          15374	      7683	00100238	000205b7	lui	x11,0x20	 x11=0x00020000
          15376	      7684	0010023c	00c51613	slli	x12,x10,0xc	 x10:0x00000012 x12=0x00012000
          15380	      7686	00100240	0075a023	sw	x7,0(x11)	 x11:0x00020000  x7:0x00000030 PA:0x00020000 store:0x00000030 load:0x00000000
          15382	      7687	00100244	01c65693	srli	x13,x12,0x1c	 x12:0x00012000 x13=0x00000000
          15384	      7688	00100248	00900813	addi	x16,x0,9	  x0:0x00000000 x16=0x00000009
          15386	      7689	0010024c	f2d86ae3	bltu	x16,x13,100180	 x16:0x00000009 x13:0x00000000
          15388	      7690	00100250	03068e93	addi	x29,x13,48	 x13:0x00000000 x29=0x00000030
          15390	      7691	00100254	00020f37	lui	x30,0x20	 x30=0x00020000
          15392	      7692	00100258	01051f93	slli	x31,x10,0x10	 x10:0x00000012 x31=0x00120000
          15396	      7694	0010025c	01df2023	sw	x29,0(x30)	 x30:0x00020000 x29:0x00000030 PA:0x00020000 store:0x00000030 load:0x00000000
          15398	      7695	00100260	01cfd793	srli	x15,x31,0x1c	 x31:0x00120000 x15=0x00000000
          15400	      7696	00100264	00900713	addi	x14,x0,9	  x0:0x00000000 x14=0x00000009
          15402	      7697	00100268	f2f76ae3	bltu	x14,x15,10019c	 x14:0x00000009 x15:0x00000000
          15404	      7698	0010026c	03078393	addi	x7,x15,48	 x15:0x00000000  x7=0x00000030
          15406	      7699	00100270	000205b7	lui	x11,0x20	 x11=0x00020000
          15408	      7700	00100274	01451613	slli	x12,x10,0x14	 x10:0x00000012 x12=0x01200000
          15412	      7702	00100278	0075a023	sw	x7,0(x11)	 x11:0x00020000  x7:0x00000030 PA:0x00020000 store:0x00000030 load:0x00000000
          15414	      7703	0010027c	01c65693	srli	x13,x12,0x1c	 x12:0x01200000 x13=0x00000000
          15416	      7704	00100280	00900813	addi	x16,x0,9	  x0:0x00000000 x16=0x00000009
          15418	      7705	00100284	f2d86ae3	bltu	x16,x13,1001b8	 x16:0x00000009 x13:0x00000000
          15420	      7706	00100288	03068e93	addi	x29,x13,48	 x13:0x00000000 x29=0x00000030
          15422	      7707	0010028c	00020f37	lui	x30,0x20	 x30=0x00020000
          15424	      7708	00100290	01851f93	slli	x31,x10,0x18	 x10:0x00000012 x31=0x12000000
          15428	      7710	00100294	01df2023	sw	x29,0(x30)	 x30:0x00020000 x29:0x00000030 PA:0x00020000 store:0x00000030 load:0x00000000
          15430	      7711	00100298	01cfd793	srli	x15,x31,0x1c	 x31:0x12000000 x15=0x00000001
          15432	      7712	0010029c	00900713	addi	x14,x0,9	  x0:0x00000000 x14=0x00000009
          15434	      7713	001002a0	f2f76ae3	bltu	x14,x15,1001d4	 x14:0x00000009 x15:0x00000001
          15436	      7714	001002a4	03078393	addi	x7,x15,48	 x15:0x00000001  x7=0x00000031
          15438	      7715	001002a8	000205b7	lui	x11,0x20	 x11=0x00020000
          15442	      7717	001002ac	0075a023	sw	x7,0(x11)	 x11:0x00020000  x7:0x00000031 PA:0x00020000 store:0x00000031 load:0x00000000
          15444	      7718	001002b0	00f57513	andi	x10,x10,15	 x10:0x00000012 x10=0x00000002
          15446	      7719	001002b4	00900613	addi	x12,x0,9	  x0:0x00000000 x12=0x00000009
          15450	      7721	001002b8	f2a67ae3	bgeu	x12,x10,1001ec	 x12:0x00000009 x10:0x00000002
          15454	      7723	001001ec	03050893	addi	x17,x10,48	 x10:0x00000002 x17=0x00000032
          15456	      7724	001001f0	00020e37	lui	x28,0x20	 x28=0x00020000
          15460	      7726	001001f4	011e2023	sw	x17,0(x28)	 x28:0x00020000 x17:0x00000032 PA:0x00020000 store:0x00000032 load:0x00000000
          15464	      7728	001001f8	00008067	jalr	x0,0(x1)	  x1:0x001012a4  x0=0x00000000
          15466	      7729	001012a4	a18b0513	addi	x10,x22,-1512	 x22:0x00102000 x10=0x00101a18
          15470	      7731	001012a8	df9fe0ef	jal	x1,1000a0	  x1=0x001012ac
          15474	      7733	001000a0	00054803	lbu	x16,0(x10)	 x10:0x00101a18 x16=0x00000020 PA:0x00101a18 store:0x00000000
          15476	      7734	001000a4	06080663	beq	x16,x0,100110	 x16:0x00000020  x0:0x00000000
          15478	      7735	001000a8	000207b7	lui	x15,0x20	 x15=0x00020000
          15482	      7737	001000ac	0107a023	sw	x16,0(x15)	 x15:0x00020000 x16:0x00000020 PA:0x00020000 store:0x00000020 load:0x00000000
          15486	      7739	001000b0	00154703	lbu	x14,1(x10)	 x10:0x00101a18 x14=0x00000072 PA:0x00101a19 store:0x001012ac
          15488	      7740	001000b4	04070e63	beq	x14,x0,100110	 x14:0x00000072  x0:0x00000000
          15492	      7742	001000b8	00e7a023	sw	x14,0(x15)	 x15:0x00020000 x14:0x00000072 PA:0x00020000 store:0x00000072 load:0x00000000
          15496	      7744	001000bc	00254283	lbu	x5,2(x10)	 x10:0x00101a18  x5=0x00000065 PA:0x00101a1a store:0x00137fa0
          15498	      7745	001000c0	04028863	beq	x5,x0,100110	  x5:0x00000065  x0:0x00000000
          15502	      7747	001000c4	0057a023	sw	x5,0(x15)	 x15:0x00020000  x5:0x00000065 PA:0x00020000 store:0x00000065 load:0x00000000
          15506	      7749	001000c8	00354303	lbu	x6,3(x10)	 x10:0x00101a18  x6=0x00000073 PA:0x00101a1b store:0x00000000
          15508	      7750	001000cc	04030263	beq	x6,x0,100110	  x6:0x00000073  x0:0x00000000
          15512	      7752	001000d0	0067a023	sw	x6,0(x15)	 x15:0x00020000  x6:0x00000073 PA:0x00020000 store:0x00000073 load:0x00000000
          15516	      7754	001000d4	00454383	lbu	x7,4(x10)	 x10:0x00101a18  x7=0x00000075 PA:0x00101a1c store:0x00000000
          15518	      7755	001000d8	02038c63	beq	x7,x0,100110	  x7:0x00000075  x0:0x00000000
          15522	      7757	001000dc	0077a023	sw	x7,0(x15)	 x15:0x00020000  x7:0x00000075 PA:0x00020000 store:0x00000075 load:0x00000000
          15526	      7759	001000e0	00554583	lbu	x11,5(x10)	 x10:0x00101a18 x11=0x0000006c PA:0x00101a1d store:0x00000065
          15528	      7760	001000e4	02058663	beq	x11,x0,100110	 x11:0x0000006c  x0:0x00000000
          15532	      7762	001000e8	00b7a023	sw	x11,0(x15)	 x15:0x00020000 x11:0x0000006c PA:0x00020000 store:0x0000006c load:0x00000000
          15536	      7764	001000ec	00654603	lbu	x12,6(x10)	 x10:0x00101a18 x12=0x00000074 PA:0x00101a1e store:0x00000073
          15538	      7765	001000f0	02060063	beq	x12,x0,100110	 x12:0x00000074  x0:0x00000000
          15542	      7767	001000f4	00c7a023	sw	x12,0(x15)	 x15:0x00020000 x12:0x00000074 PA:0x00020000 store:0x00000074 load:0x00000000
          15546	      7769	001000f8	00754683	lbu	x13,7(x10)	 x10:0x00101a18 x13=0x0000003a PA:0x00101a1f store:0x00000075
          15548	      7770	001000fc	00850513	addi	x10,x10,8	 x10:0x00101a18 x10=0x00101a20
          15550	      7771	00100100	00068863	beq	x13,x0,100110	 x13:0x0000003a  x0:0x00000000
          15554	      7773	00100104	00d7a023	sw	x13,0(x15)	 x15:0x00020000 x13:0x0000003a PA:0x00020000 store:0x0000003a load:0x00000000
          15558	      7775	00100108	00054803	lbu	x16,0(x10)	 x10:0x00101a20 x16=0x00000020 PA:0x00101a20 store:0x00000000
          15562	      7777	0010010c	fa0810e3	bne	x16,x0,1000ac	 x16:0x00000020  x0:0x00000000
          15568	      7780	001000ac	0107a023	sw	x16,0(x15)	 x15:0x00020000 x16:0x00000020 PA:0x00020000 store:0x00000020 load:0x00000000
          15572	      7782	001000b0	00154703	lbu	x14,1(x10)	 x10:0x00101a20 x14=0x00000000 PA:0x00101a21 store:0x001012ac
          15576	      7784	001000b4	04070e63	beq	x14,x0,100110	 x14:0x00000000  x0:0x00000000
          15580	      7786	00100110	00000513	addi	x10,x0,0	  x0:0x00000000 x10=0x00000000
          15584	      7788	00100114	00008067	jalr	x0,0(x1)	  x1:0x001012ac  x0=0x00000000
          15588	      7790	001012ac	cf8a2503	lw	x10,-776(x20)	 x20:0x00102000 x10=0x01f44f00 PA:0x00101cf8 store:0x00000010
          15590	      7791	001012b0	003c0d93	addi	x27,x24,3	 x24:0x00000010 x27=0x00000013
          15592	      7792	001012b4	004c0c13	addi	x24,x24,4	 x24:0x00000010 x24=0x00000014
          15596	      7794	001012b8	e69fe0ef	jal	x1,100120	  x1=0x001012bc
          15598	      7795	00100120	01c55793	srli	x15,x10,0x1c	 x10:0x01f44f00 x15=0x00000000
          15600	      7796	00100124	00900713	addi	x14,x0,9	  x0:0x00000000 x14=0x00000009
          15604	      7798	00100128	0cf77a63	bgeu	x14,x15,1001fc	 x14:0x00000009 x15:0x00000000
          15608	      7800	001001fc	03078393	addi	x7,x15,48	 x15:0x00000000  x7=0x00000030
          15610	      7801	00100200	000205b7	lui	x11,0x20	 x11=0x00020000
          15612	      7802	00100204	00451613	slli	x12,x10,0x4	 x10:0x01f44f00 x12=0x1f44f000
          15616	      7804	00100208	0075a023	sw	x7,0(x11)	 x11:0x00020000  x7:0x00000030 PA:0x00020000 store:0x00000030 load:0x00000000
          15618	      7805	0010020c	01c65693	srli	x13,x12,0x1c	 x12:0x1f44f000 x13=0x00000001
          15620	      7806	00100210	00900813	addi	x16,x0,9	  x0:0x00000000 x16=0x00000009
          15622	      7807	00100214	f2d86ae3	bltu	x16,x13,100148	 x16:0x00000009 x13:0x00000001
          15624	      7808	00100218	03068e93	addi	x29,x13,48	 x13:0x00000001 x29=0x00000031
          15626	      7809	0010021c	00020f37	lui	x30,0x20	 x30=0x00020000
          15628	      7810	00100220	00851f93	slli	x31,x10,0x8	 x10:0x01f44f00 x31=0xf44f0000
          15632	      7812	00100224	01df2023	sw	x29,0(x30)	 x30:0x00020000 x29:0x00000031 PA:0x00020000 store:0x00000031 load:0x00000000
          15634	      7813	00100228	01cfd793	srli	x15,x31,0x1c	 x31:0xf44f0000 x15=0x0000000f
          15636	      7814	0010022c	00900713	addi	x14,x0,9	  x0:0x00000000 x14=0x00000009
          15640	      7816	00100230	f2f76ae3	bltu	x14,x15,100164	 x14:0x00000009 x15:0x0000000f
          15644	      7818	00100164	03778293	addi	x5,x15,55	 x15:0x0000000f  x5=0x00000046
          15646	      7819	00100168	00020337	lui	x6,0x20	  x6=0x00020000
          15648	      7820	0010016c	00c51613	slli	x12,x10,0xc	 x10:0x01f44f00 x12=0x44f00000
          15652	      7822	00100170	00532023	sw	x5,0(x6)	  x6:0x00020000  x5:0x00000046 PA:0x00020000 store:0x00000046 load:0x00000000
          15654	      7823	00100174	01c65693	srli	x13,x12,0x1c	 x12:0x44f00000 x13=0x00000004
          15656	      7824	00100178	00900813	addi	x16,x0,9	  x0:0x00000000 x16=0x00000009
          15660	      7826	0010017c	0cd87a63	bgeu	x16,x13,100250	 x16:0x00000009 x13:0x00000004
          15664	      7828	00100250	03068e93	addi	x29,x13,48	 x13:0x00000004 x29=0x00000034
          15666	      7829	00100254	00020f37	lui	x30,0x20	 x30=0x00020000
          15668	      7830	00100258	01051f93	slli	x31,x10,0x10	 x10:0x01f44f00 x31=0x4f000000
          15672	      7832	0010025c	01df2023	sw	x29,0(x30)	 x30:0x00020000 x29:0x00000034 PA:0x00020000 store:0x00000034 load:0x00000000
          15674	      7833	00100260	01cfd793	srli	x15,x31,0x1c	 x31:0x4f000000 x15=0x00000004
          15676	      7834	00100264	00900713	addi	x14,x0,9	  x0:0x00000000 x14=0x00000009
          15678	      7835	00100268	f2f76ae3	bltu	x14,x15,10019c	 x14:0x00000009 x15:0x00000004
          15680	      7836	0010026c	03078393	addi	x7,x15,48	 x15:0x00000004  x7=0x00000034
          15682	      7837	00100270	000205b7	lui	x11,0x20	 x11=0x00020000
          15684	      7838	00100274	01451613	slli	x12,x10,0x14	 x10:0x01f44f00 x12=0xf0000000
          15688	      7840	00100278	0075a023	sw	x7,0(x11)	 x11:0x00020000  x7:0x00000034 PA:0x00020000 store:0x00000034 load:0x00000000
          15690	      7841	0010027c	01c65693	srli	x13,x12,0x1c	 x12:0xf0000000 x13=0x0000000f
          15692	      7842	00100280	00900813	addi	x16,x0,9	  x0:0x00000000 x16=0x00000009
          15696	      7844	00100284	f2d86ae3	bltu	x16,x13,1001b8	 x16:0x00000009 x13:0x0000000f
          15700	      7846	001001b8	03768893	addi	x17,x13,55	 x13:0x0000000f x17=0x00000046
          15702	      7847	001001bc	00020e37	lui	x28,0x20	 x28=0x00020000
          15704	      7848	001001c0	01851f93	slli	x31,x10,0x18	 x10:0x01f44f00 x31=0x00000000
          15708	      7850	001001c4	011e2023	sw	x17,0(x28)	 x28:0x00020000 x17:0x00000046 PA:0x00020000 store:0x00000046 load:0x00000000
          15710	      7851	001001c8	01cfd793	srli	x15,x31,0x1c	 x31:0x00000000 x15=0x00000000
          15712	      7852	001001cc	00900713	addi	x14,x0,9	  x0:0x00000000 x14=0x00000009
          15716	      7854	001001d0	0cf77a63	bgeu	x14,x15,1002a4	 x14:0x00000009 x15:0x00000000
          15720	      7856	001002a4	03078393	addi	x7,x15,48	 x15:0x00000000  x7=0x00000030
          15722	      7857	001002a8	000205b7	lui	x11,0x20	 x11=0x00020000
          15726	      7859	001002ac	0075a023	sw	x7,0(x11)	 x11:0x00020000  x7:0x00000030 PA:0x00020000 store:0x00000030 load:0x00000000
          15728	      7860	001002b0	00f57513	andi	x10,x10,15	 x10:0x01f44f00 x10=0x00000000
          15730	      7861	001002b4	00900613	addi	x12,x0,9	  x0:0x00000000 x12=0x00000009
          15734	      7863	001002b8	f2a67ae3	bgeu	x12,x10,1001ec	 x12:0x00000009 x10:0x00000000
          15738	      7865	001001ec	03050893	addi	x17,x10,48	 x10:0x00000000 x17=0x00000030
          15740	      7866	001001f0	00020e37	lui	x28,0x20	 x28=0x00020000
          15744	      7868	001001f4	011e2023	sw	x17,0(x28)	 x28:0x00020000 x17:0x00000030 PA:0x00020000 store:0x00000030 load:0x00000000
          15758	      7875	001001f8	00008067	jalr	x0,0(x1)	  x1:0x001012bc  x0=0x00000000
          15760	      7876	001012bc	d089a187	flw	f3,-760(x19)	 f19:0x00102000  f3=0x00000000 PA:0x00101d08 store:0x4598f2e4
          15762	      7877	001012c0	d24ba207	flw	f4,-732(x23)	 f23:0x00102000  f4=0x00000000 PA:0x00101d24 store:0x42f67c6a
          15784	      7888	001012c4	a10a8513	addi	x10,x21,-1520	 x21:0x00102000 x10=0x00101a10
          15786	      7889	001012c8	1841f5d3	fdiv.s	f11,f3,f4	  f3:0x00000000  f4:0x00000000 f11=0x00000000
          15790	      7891	001012cc	d0b9a427	fsw	f11,-760(x19)	 f19:0x00102000 f11:0x00020000 PA:0x00101d08 store:0x0007ede9 load:0x0007ede9
          15796	      7894	001012d0	d089a287	flw	f5,-760(x19)	 f19:0x00102000  f5=0x00000000 PA:0x00000000
          15802	      7897	001012d4	e0028f53	fmv.x.w	x30,f5	  f5:0x00000046 x30=0x0007ede9
          15804	      7898	001012d8	cfea2c23	sw	x30,-776(x20)	 x20:0x00102000 x30:0x0007ede9 PA:0x00101cf8 store:0x0007ede9 load:0x0007ede9
          15808	      7900	001012dc	dc5fe0ef	jal	x1,1000a0	  x1=0x001012e0
          15812	      7902	001000a0	00054803	lbu	x16,0(x10)	 x10:0x00101a10 x16=0x0000000a PA:0x00101a10 store:0x00000000
          15814	      7903	001000a4	06080663	beq	x16,x0,100110	 x16:0x0000000a  x0:0x00000000
          15816	      7904	001000a8	000207b7	lui	x15,0x20	 x15=0x00020000
          15820	      7906	001000ac	0107a023	sw	x16,0(x15)	 x15:0x00020000 x16:0x0000000a PA:0x00020000 store:0x0000000a load:0x00000000
          15824	      7908	001000b0	00154703	lbu	x14,1(x10)	 x10:0x00101a10 x14=0x00000020 PA:0x00101a11 store:0x001012e0
          15826	      7909	001000b4	04070e63	beq	x14,x0,100110	 x14:0x00000020  x0:0x00000000
          15830	      7911	001000b8	00e7a023	sw	x14,0(x15)	 x15:0x00020000 x14:0x00000020 PA:0x00020000 store:0x00000020 load:0x00000000
          15834	      7913	001000bc	00254283	lbu	x5,2(x10)	 x10:0x00101a10  x5=0x00000069 PA:0x00101a12 store:0x00137fa0
          15836	      7914	001000c0	04028863	beq	x5,x0,100110	  x5:0x00000069  x0:0x00000000
          15840	      7916	001000c4	0057a023	sw	x5,0(x15)	 x15:0x00020000  x5:0x00000069 PA:0x00020000 store:0x00000069 load:0x00000000
          15844	      7918	001000c8	00354303	lbu	x6,3(x10)	 x10:0x00101a10  x6=0x0000003d PA:0x00101a13 store:0x00000000
          15846	      7919	001000cc	04030263	beq	x6,x0,100110	  x6:0x0000003d  x0:0x00000000
          15850	      7921	001000d0	0067a023	sw	x6,0(x15)	 x15:0x00020000  x6:0x0000003d PA:0x00020000 store:0x0000003d load:0x00000000
          15854	      7923	001000d4	00454383	lbu	x7,4(x10)	 x10:0x00101a10  x7=0x00000000 PA:0x00101a14 store:0x00000000
          15858	      7925	001000d8	02038c63	beq	x7,x0,100110	  x7:0x00000000  x0:0x00000000
          15862	      7927	00100110	00000513	addi	x10,x0,0	  x0:0x00000000 x10=0x00000000
          15866	      7929	00100114	00008067	jalr	x0,0(x1)	  x1:0x001012e0  x0=0x00000000
          15868	      7930	001012e0	000d8513	addi	x10,x27,0	 x27:0x00000013 x10=0x00000013
          15872	      7932	001012e4	e3dfe0ef	jal	x1,100120	  x1=0x001012e8
          15874	      7933	00100120	01c55793	srli	x15,x10,0x1c	 x10:0x00000013 x15=0x00000000
          15876	      7934	00100124	00900713	addi	x14,x0,9	  x0:0x00000000 x14=0x00000009
          15880	      7936	00100128	0cf77a63	bgeu	x14,x15,1001fc	 x14:0x00000009 x15:0x00000000
          15884	      7938	001001fc	03078393	addi	x7,x15,48	 x15:0x00000000  x7=0x00000030
          15886	      7939	00100200	000205b7	lui	x11,0x20	 x11=0x00020000
          15888	      7940	00100204	00451613	slli	x12,x10,0x4	 x10:0x00000013 x12=0x00000130
          15892	      7942	00100208	0075a023	sw	x7,0(x11)	 x11:0x00020000  x7:0x00000030 PA:0x00020000 store:0x00000030 load:0x00000000
          15894	      7943	0010020c	01c65693	srli	x13,x12,0x1c	 x12:0x00000130 x13=0x00000000
          15896	      7944	00100210	00900813	addi	x16,x0,9	  x0:0x00000000 x16=0x00000009
          15898	      7945	00100214	f2d86ae3	bltu	x16,x13,100148	 x16:0x00000009 x13:0x00000000
          15900	      7946	00100218	03068e93	addi	x29,x13,48	 x13:0x00000000 x29=0x00000030
          15902	      7947	0010021c	00020f37	lui	x30,0x20	 x30=0x00020000
          15904	      7948	00100220	00851f93	slli	x31,x10,0x8	 x10:0x00000013 x31=0x00001300
          15908	      7950	00100224	01df2023	sw	x29,0(x30)	 x30:0x00020000 x29:0x00000030 PA:0x00020000 store:0x00000030 load:0x00000000
          15910	      7951	00100228	01cfd793	srli	x15,x31,0x1c	 x31:0x00001300 x15=0x00000000
          15912	      7952	0010022c	00900713	addi	x14,x0,9	  x0:0x00000000 x14=0x00000009
          15914	      7953	00100230	f2f76ae3	bltu	x14,x15,100164	 x14:0x00000009 x15:0x00000000
          15916	      7954	00100234	03078393	addi	x7,x15,48	 x15:0x00000000  x7=0x00000030
          15918	      7955	00100238	000205b7	lui	x11,0x20	 x11=0x00020000
          15920	      7956	0010023c	00c51613	slli	x12,x10,0xc	 x10:0x00000013 x12=0x00013000
          15924	      7958	00100240	0075a023	sw	x7,0(x11)	 x11:0x00020000  x7:0x00000030 PA:0x00020000 store:0x00000030 load:0x00000000
          15926	      7959	00100244	01c65693	srli	x13,x12,0x1c	 x12:0x00013000 x13=0x00000000
          15928	      7960	00100248	00900813	addi	x16,x0,9	  x0:0x00000000 x16=0x00000009
          15930	      7961	0010024c	f2d86ae3	bltu	x16,x13,100180	 x16:0x00000009 x13:0x00000000
          15932	      7962	00100250	03068e93	addi	x29,x13,48	 x13:0x00000000 x29=0x00000030
          15934	      7963	00100254	00020f37	lui	x30,0x20	 x30=0x00020000
          15936	      7964	00100258	01051f93	slli	x31,x10,0x10	 x10:0x00000013 x31=0x00130000
          15940	      7966	0010025c	01df2023	sw	x29,0(x30)	 x30:0x00020000 x29:0x00000030 PA:0x00020000 store:0x00000030 load:0x00000000
          15942	      7967	00100260	01cfd793	srli	x15,x31,0x1c	 x31:0x00130000 x15=0x00000000
          15944	      7968	00100264	00900713	addi	x14,x0,9	  x0:0x00000000 x14=0x00000009
          15946	      7969	00100268	f2f76ae3	bltu	x14,x15,10019c	 x14:0x00000009 x15:0x00000000
          15948	      7970	0010026c	03078393	addi	x7,x15,48	 x15:0x00000000  x7=0x00000030
          15950	      7971	00100270	000205b7	lui	x11,0x20	 x11=0x00020000
          15952	      7972	00100274	01451613	slli	x12,x10,0x14	 x10:0x00000013 x12=0x01300000
          15956	      7974	00100278	0075a023	sw	x7,0(x11)	 x11:0x00020000  x7:0x00000030 PA:0x00020000 store:0x00000030 load:0x00000000
          15958	      7975	0010027c	01c65693	srli	x13,x12,0x1c	 x12:0x01300000 x13=0x00000000
          15960	      7976	00100280	00900813	addi	x16,x0,9	  x0:0x00000000 x16=0x00000009
          15962	      7977	00100284	f2d86ae3	bltu	x16,x13,1001b8	 x16:0x00000009 x13:0x00000000
          15964	      7978	00100288	03068e93	addi	x29,x13,48	 x13:0x00000000 x29=0x00000030
          15966	      7979	0010028c	00020f37	lui	x30,0x20	 x30=0x00020000
          15968	      7980	00100290	01851f93	slli	x31,x10,0x18	 x10:0x00000013 x31=0x13000000
          15972	      7982	00100294	01df2023	sw	x29,0(x30)	 x30:0x00020000 x29:0x00000030 PA:0x00020000 store:0x00000030 load:0x00000000
          15974	      7983	00100298	01cfd793	srli	x15,x31,0x1c	 x31:0x13000000 x15=0x00000001
          15976	      7984	0010029c	00900713	addi	x14,x0,9	  x0:0x00000000 x14=0x00000009
          15978	      7985	001002a0	f2f76ae3	bltu	x14,x15,1001d4	 x14:0x00000009 x15:0x00000001
          15980	      7986	001002a4	03078393	addi	x7,x15,48	 x15:0x00000001  x7=0x00000031
          15982	      7987	001002a8	000205b7	lui	x11,0x20	 x11=0x00020000
          15986	      7989	001002ac	0075a023	sw	x7,0(x11)	 x11:0x00020000  x7:0x00000031 PA:0x00020000 store:0x00000031 load:0x00000000
          15988	      7990	001002b0	00f57513	andi	x10,x10,15	 x10:0x00000013 x10=0x00000003
          15990	      7991	001002b4	00900613	addi	x12,x0,9	  x0:0x00000000 x12=0x00000009
          15994	      7993	001002b8	f2a67ae3	bgeu	x12,x10,1001ec	 x12:0x00000009 x10:0x00000003
          15998	      7995	001001ec	03050893	addi	x17,x10,48	 x10:0x00000003 x17=0x00000033
          16000	      7996	001001f0	00020e37	lui	x28,0x20	 x28=0x00020000
          16004	      7998	001001f4	011e2023	sw	x17,0(x28)	 x28:0x00020000 x17:0x00000033 PA:0x00020000 store:0x00000033 load:0x00000000
          16008	      8000	001001f8	00008067	jalr	x0,0(x1)	  x1:0x001012e8  x0=0x00000000
          16010	      8001	001012e8	a18b0513	addi	x10,x22,-1512	 x22:0x00102000 x10=0x00101a18
          16014	      8003	001012ec	db5fe0ef	jal	x1,1000a0	  x1=0x001012f0
          16018	      8005	001000a0	00054803	lbu	x16,0(x10)	 x10:0x00101a18 x16=0x00000020 PA:0x00101a18 store:0x00000000
          16020	      8006	001000a4	06080663	beq	x16,x0,100110	 x16:0x00000020  x0:0x00000000
          16022	      8007	001000a8	000207b7	lui	x15,0x20	 x15=0x00020000
          16026	      8009	001000ac	0107a023	sw	x16,0(x15)	 x15:0x00020000 x16:0x00000020 PA:0x00020000 store:0x00000020 load:0x00000000
          16030	      8011	001000b0	00154703	lbu	x14,1(x10)	 x10:0x00101a18 x14=0x00000072 PA:0x00101a19 store:0x001012f0
          16032	      8012	001000b4	04070e63	beq	x14,x0,100110	 x14:0x00000072  x0:0x00000000
          16036	      8014	001000b8	00e7a023	sw	x14,0(x15)	 x15:0x00020000 x14:0x00000072 PA:0x00020000 store:0x00000072 load:0x00000000
          16040	      8016	001000bc	00254283	lbu	x5,2(x10)	 x10:0x00101a18  x5=0x00000065 PA:0x00101a1a store:0x00137fa0
          16042	      8017	001000c0	04028863	beq	x5,x0,100110	  x5:0x00000065  x0:0x00000000
          16046	      8019	001000c4	0057a023	sw	x5,0(x15)	 x15:0x00020000  x5:0x00000065 PA:0x00020000 store:0x00000065 load:0x00000000
          16050	      8021	001000c8	00354303	lbu	x6,3(x10)	 x10:0x00101a18  x6=0x00000073 PA:0x00101a1b store:0x00000000
          16052	      8022	001000cc	04030263	beq	x6,x0,100110	  x6:0x00000073  x0:0x00000000
          16056	      8024	001000d0	0067a023	sw	x6,0(x15)	 x15:0x00020000  x6:0x00000073 PA:0x00020000 store:0x00000073 load:0x00000000
          16060	      8026	001000d4	00454383	lbu	x7,4(x10)	 x10:0x00101a18  x7=0x00000075 PA:0x00101a1c store:0x00000000
          16062	      8027	001000d8	02038c63	beq	x7,x0,100110	  x7:0x00000075  x0:0x00000000
          16066	      8029	001000dc	0077a023	sw	x7,0(x15)	 x15:0x00020000  x7:0x00000075 PA:0x00020000 store:0x00000075 load:0x00000000
          16070	      8031	001000e0	00554583	lbu	x11,5(x10)	 x10:0x00101a18 x11=0x0000006c PA:0x00101a1d store:0x00000065
          16072	      8032	001000e4	02058663	beq	x11,x0,100110	 x11:0x0000006c  x0:0x00000000
          16076	      8034	001000e8	00b7a023	sw	x11,0(x15)	 x15:0x00020000 x11:0x0000006c PA:0x00020000 store:0x0000006c load:0x00000000
          16080	      8036	001000ec	00654603	lbu	x12,6(x10)	 x10:0x00101a18 x12=0x00000074 PA:0x00101a1e store:0x00000073
          16082	      8037	001000f0	02060063	beq	x12,x0,100110	 x12:0x00000074  x0:0x00000000
          16086	      8039	001000f4	00c7a023	sw	x12,0(x15)	 x15:0x00020000 x12:0x00000074 PA:0x00020000 store:0x00000074 load:0x00000000
          16090	      8041	001000f8	00754683	lbu	x13,7(x10)	 x10:0x00101a18 x13=0x0000003a PA:0x00101a1f store:0x00000075
          16092	      8042	001000fc	00850513	addi	x10,x10,8	 x10:0x00101a18 x10=0x00101a20
          16094	      8043	00100100	00068863	beq	x13,x0,100110	 x13:0x0000003a  x0:0x00000000
          16098	      8045	00100104	00d7a023	sw	x13,0(x15)	 x15:0x00020000 x13:0x0000003a PA:0x00020000 store:0x0000003a load:0x00000000
          16102	      8047	00100108	00054803	lbu	x16,0(x10)	 x10:0x00101a20 x16=0x00000020 PA:0x00101a20 store:0x00000000
          16106	      8049	0010010c	fa0810e3	bne	x16,x0,1000ac	 x16:0x00000020  x0:0x00000000
          16112	      8052	001000ac	0107a023	sw	x16,0(x15)	 x15:0x00020000 x16:0x00000020 PA:0x00020000 store:0x00000020 load:0x00000000
          16116	      8054	001000b0	00154703	lbu	x14,1(x10)	 x10:0x00101a20 x14=0x00000000 PA:0x00101a21 store:0x001012f0
          16120	      8056	001000b4	04070e63	beq	x14,x0,100110	 x14:0x00000000  x0:0x00000000
          16124	      8058	00100110	00000513	addi	x10,x0,0	  x0:0x00000000 x10=0x00000000
          16128	      8060	00100114	00008067	jalr	x0,0(x1)	  x1:0x001012f0  x0=0x00000000
          16132	      8062	001012f0	cf8a2503	lw	x10,-776(x20)	 x20:0x00102000 x10=0x0007ede9 PA:0x00101cf8 store:0x00000014
          16136	      8064	001012f4	e2dfe0ef	jal	x1,100120	  x1=0x001012f8
          16138	      8065	00100120	01c55793	srli	x15,x10,0x1c	 x10:0x0007ede9 x15=0x00000000
          16140	      8066	00100124	00900713	addi	x14,x0,9	  x0:0x00000000 x14=0x00000009
          16144	      8068	00100128	0cf77a63	bgeu	x14,x15,1001fc	 x14:0x00000009 x15:0x00000000
          16148	      8070	001001fc	03078393	addi	x7,x15,48	 x15:0x00000000  x7=0x00000030
          16150	      8071	00100200	000205b7	lui	x11,0x20	 x11=0x00020000
          16152	      8072	00100204	00451613	slli	x12,x10,0x4	 x10:0x0007ede9 x12=0x007ede90
          16156	      8074	00100208	0075a023	sw	x7,0(x11)	 x11:0x00020000  x7:0x00000030 PA:0x00020000 store:0x00000030 load:0x00000000
          16158	      8075	0010020c	01c65693	srli	x13,x12,0x1c	 x12:0x007ede90 x13=0x00000000
          16160	      8076	00100210	00900813	addi	x16,x0,9	  x0:0x00000000 x16=0x00000009
          16162	      8077	00100214	f2d86ae3	bltu	x16,x13,100148	 x16:0x00000009 x13:0x00000000
          16164	      8078	00100218	03068e93	addi	x29,x13,48	 x13:0x00000000 x29=0x00000030
          16166	      8079	0010021c	00020f37	lui	x30,0x20	 x30=0x00020000
          16168	      8080	00100220	00851f93	slli	x31,x10,0x8	 x10:0x0007ede9 x31=0x07ede900
          16172	      8082	00100224	01df2023	sw	x29,0(x30)	 x30:0x00020000 x29:0x00000030 PA:0x00020000 store:0x00000030 load:0x00000000
          16174	      8083	00100228	01cfd793	srli	x15,x31,0x1c	 x31:0x07ede900 x15=0x00000000
          16176	      8084	0010022c	00900713	addi	x14,x0,9	  x0:0x00000000 x14=0x00000009
          16178	      8085	00100230	f2f76ae3	bltu	x14,x15,100164	 x14:0x00000009 x15:0x00000000
          16180	      8086	00100234	03078393	addi	x7,x15,48	 x15:0x00000000  x7=0x00000030
          16182	      8087	00100238	000205b7	lui	x11,0x20	 x11=0x00020000
          16184	      8088	0010023c	00c51613	slli	x12,x10,0xc	 x10:0x0007ede9 x12=0x7ede9000
          16188	      8090	00100240	0075a023	sw	x7,0(x11)	 x11:0x00020000  x7:0x00000030 PA:0x00020000 store:0x00000030 load:0x00000000
          16190	      8091	00100244	01c65693	srli	x13,x12,0x1c	 x12:0x7ede9000 x13=0x00000007
          16192	      8092	00100248	00900813	addi	x16,x0,9	  x0:0x00000000 x16=0x00000009
          16194	      8093	0010024c	f2d86ae3	bltu	x16,x13,100180	 x16:0x00000009 x13:0x00000007
          16196	      8094	00100250	03068e93	addi	x29,x13,48	 x13:0x00000007 x29=0x00000037
          16198	      8095	00100254	00020f37	lui	x30,0x20	 x30=0x00020000
          16200	      8096	00100258	01051f93	slli	x31,x10,0x10	 x10:0x0007ede9 x31=0xede90000
          16204	      8098	0010025c	01df2023	sw	x29,0(x30)	 x30:0x00020000 x29:0x00000037 PA:0x00020000 store:0x00000037 load:0x00000000
          16206	      8099	00100260	01cfd793	srli	x15,x31,0x1c	 x31:0xede90000 x15=0x0000000e
          16208	      8100	00100264	00900713	addi	x14,x0,9	  x0:0x00000000 x14=0x00000009
          16212	      8102	00100268	f2f76ae3	bltu	x14,x15,10019c	 x14:0x00000009 x15:0x0000000e
          16216	      8104	0010019c	03778293	addi	x5,x15,55	 x15:0x0000000e  x5=0x00000045
          16218	      8105	001001a0	00020337	lui	x6,0x20	  x6=0x00020000
          16220	      8106	001001a4	01451613	slli	x12,x10,0x14	 x10:0x0007ede9 x12=0xde900000
          16224	      8108	001001a8	00532023	sw	x5,0(x6)	  x6:0x00020000  x5:0x00000045 PA:0x00020000 store:0x00000045 load:0x00000000
          16226	      8109	001001ac	01c65693	srli	x13,x12,0x1c	 x12:0xde900000 x13=0x0000000d
          16228	      8110	001001b0	00900813	addi	x16,x0,9	  x0:0x00000000 x16=0x00000009
          16230	      8111	001001b4	0cd87a63	bgeu	x16,x13,100288	 x16:0x00000009 x13:0x0000000d
          16232	      8112	001001b8	03768893	addi	x17,x13,55	 x13:0x0000000d x17=0x00000044
          16234	      8113	001001bc	00020e37	lui	x28,0x20	 x28=0x00020000
          16236	      8114	001001c0	01851f93	slli	x31,x10,0x18	 x10:0x0007ede9 x31=0xe9000000
          16240	      8116	001001c4	011e2023	sw	x17,0(x28)	 x28:0x00020000 x17:0x00000044 PA:0x00020000 store:0x00000044 load:0x00000000
          16242	      8117	001001c8	01cfd793	srli	x15,x31,0x1c	 x31:0xe9000000 x15=0x0000000e
          16244	      8118	001001cc	00900713	addi	x14,x0,9	  x0:0x00000000 x14=0x00000009
          16246	      8119	001001d0	0cf77a63	bgeu	x14,x15,1002a4	 x14:0x00000009 x15:0x0000000e
          16248	      8120	001001d4	03778293	addi	x5,x15,55	 x15:0x0000000e  x5=0x00000045
          16250	      8121	001001d8	00020337	lui	x6,0x20	  x6=0x00020000
          16254	      8123	001001dc	00532023	sw	x5,0(x6)	  x6:0x00020000  x5:0x00000045 PA:0x00020000 store:0x00000045 load:0x00000000
          16256	      8124	001001e0	00f57513	andi	x10,x10,15	 x10:0x0007ede9 x10=0x00000009
          16258	      8125	001001e4	00900613	addi	x12,x0,9	  x0:0x00000000 x12=0x00000009
          16260	      8126	001001e8	0ca66a63	bltu	x12,x10,1002bc	 x12:0x00000009 x10:0x00000009
          16262	      8127	001001ec	03050893	addi	x17,x10,48	 x10:0x00000009 x17=0x00000039
          16264	      8128	001001f0	00020e37	lui	x28,0x20	 x28=0x00020000
          16268	      8130	001001f4	011e2023	sw	x17,0(x28)	 x28:0x00020000 x17:0x00000039 PA:0x00020000 store:0x00000039 load:0x00000000
          16272	      8132	001001f8	00008067	jalr	x0,0(x1)	  x1:0x001012f8  x0=0x00000000
          16284	      8138	001012f8	f1ac10e3	bne	x24,x26,1011f8	 x24:0x00000014 x26:0x00000014
          16286	      8139	001012fc	d20ca307	flw	f6,-736(x25)	 f25:0x00102000  f6=0x00000000 PA:0x00101d20 store:0x056b3aa5
          16292	      8142	00101300	00102fb7	lui	x31,0x102	 x31=0x00102000
          16294	      8143	00101304	a24f8513	addi	x10,x31,-1500	 x31:0x00102000 x10=0x00101a24
          16296	      8144	00101308	d069a427	fsw	f6,-760(x19)	 f19:0x00102000  f6:0x00020000 PA:0x00101d08 store:0x43edefdf load:0x43edefdf
          16298	      8145	0010130c	00000c13	addi	x24,x0,0	  x0:0x00000000 x24=0x00000000
          16300	      8146	00101310	d91fe0ef	jal	x1,1000a0	  x1=0x00101314
          16302	      8147	001000a0	00054803	lbu	x16,0(x10)	 x10:0x00101a24 x16=0x0000000a PA:0x00101a24 store:0x00000000
          16304	      8148	001000a4	06080663	beq	x16,x0,100110	 x16:0x0000000a  x0:0x00000000
          16306	      8149	001000a8	000207b7	lui	x15,0x20	 x15=0x00020000
          16308	      8150	001000ac	0107a023	sw	x16,0(x15)	 x15:0x00020000 x16:0x0000000a PA:0x00020000 store:0x0000000a load:0x00000000
          16310	      8151	001000b0	00154703	lbu	x14,1(x10)	 x10:0x00101a24 x14=0x0000000a PA:0x00101a25 store:0x00101314
          16312	      8152	001000b4	04070e63	beq	x14,x0,100110	 x14:0x0000000a  x0:0x00000000
          16314	      8153	001000b8	00e7a023	sw	x14,0(x15)	 x15:0x00020000 x14:0x0000000a PA:0x00020000 store:0x0000000a load:0x00000000
          16318	      8155	001000bc	00254283	lbu	x5,2(x10)	 x10:0x00101a24  x5=0x00000050 PA:0x00101a26 store:0x00137fa0
          16320	      8156	001000c0	04028863	beq	x5,x0,100110	  x5:0x00000050  x0:0x00000000
          16324	      8158	001000c4	0057a023	sw	x5,0(x15)	 x15:0x00020000  x5:0x00000050 PA:0x00020000 store:0x00000050 load:0x00000000
          16328	      8160	001000c8	00354303	lbu	x6,3(x10)	 x10:0x00101a24  x6=0x00000065 PA:0x00101a27 store:0x00000000
          16330	      8161	001000cc	04030263	beq	x6,x0,100110	  x6:0x00000065  x0:0x00000000
          16334	      8163	001000d0	0067a023	sw	x6,0(x15)	 x15:0x00020000  x6:0x00000065 PA:0x00020000 store:0x00000065 load:0x00000000
          16338	      8165	001000d4	00454383	lbu	x7,4(x10)	 x10:0x00101a24  x7=0x00000072 PA:0x00101a28 store:0x00000000
          16340	      8166	001000d8	02038c63	beq	x7,x0,100110	  x7:0x00000072  x0:0x00000000
          16344	      8168	001000dc	0077a023	sw	x7,0(x15)	 x15:0x00020000  x7:0x00000072 PA:0x00020000 store:0x00000072 load:0x00000000
          16348	      8170	001000e0	00554583	lbu	x11,5(x10)	 x10:0x00101a24 x11=0x00000066 PA:0x00101a29 store:0x00000050
          16350	      8171	001000e4	02058663	beq	x11,x0,100110	 x11:0x00000066  x0:0x00000000
          16354	      8173	001000e8	00b7a023	sw	x11,0(x15)	 x15:0x00020000 x11:0x00000066 PA:0x00020000 store:0x00000066 load:0x00000000
          16358	      8175	001000ec	00654603	lbu	x12,6(x10)	 x10:0x00101a24 x12=0x0000006f PA:0x00101a2a store:0x00000065
          16360	      8176	001000f0	02060063	beq	x12,x0,100110	 x12:0x0000006f  x0:0x00000000
          16364	      8178	001000f4	00c7a023	sw	x12,0(x15)	 x15:0x00020000 x12:0x0000006f PA:0x00020000 store:0x0000006f load:0x00000000
          16368	      8180	001000f8	00754683	lbu	x13,7(x10)	 x10:0x00101a24 x13=0x00000072 PA:0x00101a2b store:0x00000072
          16370	      8181	001000fc	00850513	addi	x10,x10,8	 x10:0x00101a24 x10=0x00101a2c
          16372	      8182	00100100	00068863	beq	x13,x0,100110	 x13:0x00000072  x0:0x00000000
          16376	      8184	00100104	00d7a023	sw	x13,0(x15)	 x15:0x00020000 x13:0x00000072 PA:0x00020000 store:0x00000072 load:0x00000000
          16380	      8186	00100108	00054803	lbu	x16,0(x10)	 x10:0x00101a2c x16=0x0000006d PA:0x00101a2c store:0x00000000
          16384	      8188	0010010c	fa0810e3	bne	x16,x0,1000ac	 x16:0x0000006d  x0:0x00000000
          16390	      8191	001000ac	0107a023	sw	x16,0(x15)	 x15:0x00020000 x16:0x0000006d PA:0x00020000 store:0x0000006d load:0x00000000
          16394	      8193	001000b0	00154703	lbu	x14,1(x10)	 x10:0x00101a2c x14=0x00000069 PA:0x00101a2d store:0x00101314
          16396	      8194	001000b4	04070e63	beq	x14,x0,100110	 x14:0x00000069  x0:0x00000000
          16400	      8196	001000b8	00e7a023	sw	x14,0(x15)	 x15:0x00020000 x14:0x00000069 PA:0x00020000 store:0x00000069 load:0x00000000
          16404	      8198	001000bc	00254283	lbu	x5,2(x10)	 x10:0x00101a2c  x5=0x0000006e PA:0x00101a2e store:0x00137fa0
          16406	      8199	001000c0	04028863	beq	x5,x0,100110	  x5:0x0000006e  x0:0x00000000
          16410	      8201	001000c4	0057a023	sw	x5,0(x15)	 x15:0x00020000  x5:0x0000006e PA:0x00020000 store:0x0000006e load:0x00000000
          16414	      8203	001000c8	00354303	lbu	x6,3(x10)	 x10:0x00101a2c  x6=0x00000067 PA:0x00101a2f store:0x00000000
          16416	      8204	001000cc	04030263	beq	x6,x0,100110	  x6:0x00000067  x0:0x00000000
          16420	      8206	001000d0	0067a023	sw	x6,0(x15)	 x15:0x00020000  x6:0x00000067 PA:0x00020000 store:0x00000067 load:0x00000000
          16424	      8208	001000d4	00454383	lbu	x7,4(x10)	 x10:0x00101a2c  x7=0x00000020 PA:0x00101a30 store:0x00000000
          16426	      8209	001000d8	02038c63	beq	x7,x0,100110	  x7:0x00000020  x0:0x00000000
          16430	      8211	001000dc	0077a023	sw	x7,0(x15)	 x15:0x00020000  x7:0x00000020 PA:0x00020000 store:0x00000020 load:0x00000000
          16434	      8213	001000e0	00554583	lbu	x11,5(x10)	 x10:0x00101a2c x11=0x00000032 PA:0x00101a31 store:0x0000006e
          16436	      8214	001000e4	02058663	beq	x11,x0,100110	 x11:0x00000032  x0:0x00000000
          16440	      8216	001000e8	00b7a023	sw	x11,0(x15)	 x15:0x00020000 x11:0x00000032 PA:0x00020000 store:0x00000032 load:0x00000000
          16444	      8218	001000ec	00654603	lbu	x12,6(x10)	 x10:0x00101a2c x12=0x00000030 PA:0x00101a32 store:0x00000067
          16446	      8219	001000f0	02060063	beq	x12,x0,100110	 x12:0x00000030  x0:0x00000000
          16450	      8221	001000f4	00c7a023	sw	x12,0(x15)	 x15:0x00020000 x12:0x00000030 PA:0x00020000 store:0x00000030 load:0x00000000
          16454	      8223	001000f8	00754683	lbu	x13,7(x10)	 x10:0x00101a2c x13=0x00000020 PA:0x00101a33 store:0x00000020
          16456	      8224	001000fc	00850513	addi	x10,x10,8	 x10:0x00101a2c x10=0x00101a34
          16458	      8225	00100100	00068863	beq	x13,x0,100110	 x13:0x00000020  x0:0x00000000
          16462	      8227	00100104	00d7a023	sw	x13,0(x15)	 x15:0x00020000 x13:0x00000020 PA:0x00020000 store:0x00000020 load:0x00000000
          16466	      8229	00100108	00054803	lbu	x16,0(x10)	 x10:0x00101a34 x16=0x00000073 PA:0x00101a34 store:0x00000000
          16470	      8231	0010010c	fa0810e3	bne	x16,x0,1000ac	 x16:0x00000073  x0:0x00000000
          16476	      8234	001000ac	0107a023	sw	x16,0(x15)	 x15:0x00020000 x16:0x00000073 PA:0x00020000 store:0x00000073 load:0x00000000
          16480	      8236	001000b0	00154703	lbu	x14,1(x10)	 x10:0x00101a34 x14=0x00000071 PA:0x00101a35 store:0x00101314
          16482	      8237	001000b4	04070e63	beq	x14,x0,100110	 x14:0x00000071  x0:0x00000000
          16486	      8239	001000b8	00e7a023	sw	x14,0(x15)	 x15:0x00020000 x14:0x00000071 PA:0x00020000 store:0x00000071 load:0x00000000
          16490	      8241	001000bc	00254283	lbu	x5,2(x10)	 x10:0x00101a34  x5=0x00000075 PA:0x00101a36 store:0x00137fa0
          16492	      8242	001000c0	04028863	beq	x5,x0,100110	  x5:0x00000075  x0:0x00000000
          16496	      8244	001000c4	0057a023	sw	x5,0(x15)	 x15:0x00020000  x5:0x00000075 PA:0x00020000 store:0x00000075 load:0x00000000
          16500	      8246	001000c8	00354303	lbu	x6,3(x10)	 x10:0x00101a34  x6=0x00000061 PA:0x00101a37 store:0x00000000
          16502	      8247	001000cc	04030263	beq	x6,x0,100110	  x6:0x00000061  x0:0x00000000
          16506	      8249	001000d0	0067a023	sw	x6,0(x15)	 x15:0x00020000  x6:0x00000061 PA:0x00020000 store:0x00000061 load:0x00000000
          16510	      8251	001000d4	00454383	lbu	x7,4(x10)	 x10:0x00101a34  x7=0x00000072 PA:0x00101a38 store:0x00000000
          16512	      8252	001000d8	02038c63	beq	x7,x0,100110	  x7:0x00000072  x0:0x00000000
          16516	      8254	001000dc	0077a023	sw	x7,0(x15)	 x15:0x00020000  x7:0x00000072 PA:0x00020000 store:0x00000072 load:0x00000000
          16520	      8256	001000e0	00554583	lbu	x11,5(x10)	 x10:0x00101a34 x11=0x00000065 PA:0x00101a39 store:0x00000075
          16522	      8257	001000e4	02058663	beq	x11,x0,100110	 x11:0x00000065  x0:0x00000000
          16526	      8259	001000e8	00b7a023	sw	x11,0(x15)	 x15:0x00020000 x11:0x00000065 PA:0x00020000 store:0x00000065 load:0x00000000
          16530	      8261	001000ec	00654603	lbu	x12,6(x10)	 x10:0x00101a34 x12=0x00000020 PA:0x00101a3a store:0x00000061
          16532	      8262	001000f0	02060063	beq	x12,x0,100110	 x12:0x00000020  x0:0x00000000
          16536	      8264	001000f4	00c7a023	sw	x12,0(x15)	 x15:0x00020000 x12:0x00000020 PA:0x00020000 store:0x00000020 load:0x00000000
          16540	      8266	001000f8	00754683	lbu	x13,7(x10)	 x10:0x00101a34 x13=0x00000072 PA:0x00101a3b store:0x00000072
          16542	      8267	001000fc	00850513	addi	x10,x10,8	 x10:0x00101a34 x10=0x00101a3c
          16544	      8268	00100100	00068863	beq	x13,x0,100110	 x13:0x00000072  x0:0x00000000
          16548	      8270	00100104	00d7a023	sw	x13,0(x15)	 x15:0x00020000 x13:0x00000072 PA:0x00020000 store:0x00000072 load:0x00000000
          16552	      8272	00100108	00054803	lbu	x16,0(x10)	 x10:0x00101a3c x16=0x0000006f PA:0x00101a3c store:0x00000000
          16556	      8274	0010010c	fa0810e3	bne	x16,x0,1000ac	 x16:0x0000006f  x0:0x00000000
          16562	      8277	001000ac	0107a023	sw	x16,0(x15)	 x15:0x00020000 x16:0x0000006f PA:0x00020000 store:0x0000006f load:0x00000000
          16566	      8279	001000b0	00154703	lbu	x14,1(x10)	 x10:0x00101a3c x14=0x0000006f PA:0x00101a3d store:0x00101314
          16568	      8280	001000b4	04070e63	beq	x14,x0,100110	 x14:0x0000006f  x0:0x00000000
          16572	      8282	001000b8	00e7a023	sw	x14,0(x15)	 x15:0x00020000 x14:0x0000006f PA:0x00020000 store:0x0000006f load:0x00000000
          16576	      8284	001000bc	00254283	lbu	x5,2(x10)	 x10:0x00101a3c  x5=0x00000074 PA:0x00101a3e store:0x00137fa0
          16578	      8285	001000c0	04028863	beq	x5,x0,100110	  x5:0x00000074  x0:0x00000000
          16582	      8287	001000c4	0057a023	sw	x5,0(x15)	 x15:0x00020000  x5:0x00000074 PA:0x00020000 store:0x00000074 load:0x00000000
          16586	      8289	001000c8	00354303	lbu	x6,3(x10)	 x10:0x00101a3c  x6=0x00000073 PA:0x00101a3f store:0x00000000
          16588	      8290	001000cc	04030263	beq	x6,x0,100110	  x6:0x00000073  x0:0x00000000
          16592	      8292	001000d0	0067a023	sw	x6,0(x15)	 x15:0x00020000  x6:0x00000073 PA:0x00020000 store:0x00000073 load:0x00000000
          16596	      8294	001000d4	00454383	lbu	x7,4(x10)	 x10:0x00101a3c  x7=0x0000003a PA:0x00101a40 store:0x00000000
          16598	      8295	001000d8	02038c63	beq	x7,x0,100110	  x7:0x0000003a  x0:0x00000000
          16602	      8297	001000dc	0077a023	sw	x7,0(x15)	 x15:0x00020000  x7:0x0000003a PA:0x00020000 store:0x0000003a load:0x00000000
          16606	      8299	001000e0	00554583	lbu	x11,5(x10)	 x10:0x00101a3c x11=0x00000000 PA:0x00101a41 store:0x00000074
          16610	      8301	001000e4	02058663	beq	x11,x0,100110	 x11:0x00000000  x0:0x00000000
          16614	      8303	00100110	00000513	addi	x10,x0,0	  x0:0x00000000 x10=0x00000000
          16618	      8305	00100114	00008067	jalr	x0,0(x1)	  x1:0x00101314  x0=0x00000000
          16630	      8311	00101314	01400d13	addi	x26,x0,20	  x0:0x00000000 x26=0x00000014
          16632	      8312	00101318	d089a607	flw	f12,-760(x19)	 f19:0x00102000 f12=0x00000000 PA:0x00101d08 store:0x4598f2e4
          16652	      8322	0010131c	580676d3	fsqrt.s	f13,f12	 f12:0x00000020 f13=0x00000000
          16658	      8325	00101320	d0d9a427	fsw	f13,-760(x19)	 f19:0x00102000 f13:0x00000072 PA:0x00101d08 store:0x41ae842c load:0x43edefdf
          16664	      8328	00101324	d089a387	flw	f7,-760(x19)	 f19:0x00102000  f7=0x00000000 PA:0x00000000
          16672	      8332	00101328	a10a8513	addi	x10,x21,-1520	 x21:0x00102000 x10=0x00101a10
          16674	      8333	0010132c	e00386d3	fmv.x.w	x13,f7	  f7:0x0000003a x13=0x41ae842c
          16676	      8334	00101330	ceda2c23	sw	x13,-776(x20)	 x20:0x00102000 x13:0x41ae842c PA:0x00101cf8 store:0x41ae842c load:0x41ae842c
          16678	      8335	00101334	d6dfe0ef	jal	x1,1000a0	  x1=0x00101338
          16682	      8337	001000a0	00054803	lbu	x16,0(x10)	 x10:0x00101a10 x16=0x0000000a PA:0x00101a10 store:0x00000000
          16684	      8338	001000a4	06080663	beq	x16,x0,100110	 x16:0x0000000a  x0:0x00000000
          16686	      8339	001000a8	000207b7	lui	x15,0x20	 x15=0x00020000
          16690	      8341	001000ac	0107a023	sw	x16,0(x15)	 x15:0x00020000 x16:0x0000000a PA:0x00020000 store:0x0000000a load:0x00000000
          16694	      8343	001000b0	00154703	lbu	x14,1(x10)	 x10:0x00101a10 x14=0x00000020 PA:0x00101a11 store:0x00101338
          16696	      8344	001000b4	04070e63	beq	x14,x0,100110	 x14:0x00000020  x0:0x00000000
          16700	      8346	001000b8	00e7a023	sw	x14,0(x15)	 x15:0x00020000 x14:0x00000020 PA:0x00020000 store:0x00000020 load:0x00000000
          16704	      8348	001000bc	00254283	lbu	x5,2(x10)	 x10:0x00101a10  x5=0x00000069 PA:0x00101a12 store:0x00137fa0
          16706	      8349	001000c0	04028863	beq	x5,x0,100110	  x5:0x00000069  x0:0x00000000
          16710	      8351	001000c4	0057a023	sw	x5,0(x15)	 x15:0x00020000  x5:0x00000069 PA:0x00020000 store:0x00000069 load:0x00000000
          16714	      8353	001000c8	00354303	lbu	x6,3(x10)	 x10:0x00101a10  x6=0x0000003d PA:0x00101a13 store:0x00000000
          16716	      8354	001000cc	04030263	beq	x6,x0,100110	  x6:0x0000003d  x0:0x00000000
          16720	      8356	001000d0	0067a023	sw	x6,0(x15)	 x15:0x00020000  x6:0x0000003d PA:0x00020000 store:0x0000003d load:0x00000000
          16724	      8358	001000d4	00454383	lbu	x7,4(x10)	 x10:0x00101a10  x7=0x00000000 PA:0x00101a14 store:0x00000000
          16728	      8360	001000d8	02038c63	beq	x7,x0,100110	  x7:0x00000000  x0:0x00000000
          16732	      8362	00100110	00000513	addi	x10,x0,0	  x0:0x00000000 x10=0x00000000
          16736	      8364	00100114	00008067	jalr	x0,0(x1)	  x1:0x00101338  x0=0x00000000
          16738	      8365	00101338	000c0513	addi	x10,x24,0	 x24:0x00000000 x10=0x00000000
          16742	      8367	0010133c	de5fe0ef	jal	x1,100120	  x1=0x00101340
          16744	      8368	00100120	01c55793	srli	x15,x10,0x1c	 x10:0x00000000 x15=0x00000000
          16746	      8369	00100124	00900713	addi	x14,x0,9	  x0:0x00000000 x14=0x00000009
          16750	      8371	00100128	0cf77a63	bgeu	x14,x15,1001fc	 x14:0x00000009 x15:0x00000000
          16754	      8373	001001fc	03078393	addi	x7,x15,48	 x15:0x00000000  x7=0x00000030
          16756	      8374	00100200	000205b7	lui	x11,0x20	 x11=0x00020000
          16758	      8375	00100204	00451613	slli	x12,x10,0x4	 x10:0x00000000 x12=0x00000000
          16762	      8377	00100208	0075a023	sw	x7,0(x11)	 x11:0x00020000  x7:0x00000030 PA:0x00020000 store:0x00000030 load:0x00000000
          16764	      8378	0010020c	01c65693	srli	x13,x12,0x1c	 x12:0x00000000 x13=0x00000000
          16766	      8379	00100210	00900813	addi	x16,x0,9	  x0:0x00000000 x16=0x00000009
          16768	      8380	00100214	f2d86ae3	bltu	x16,x13,100148	 x16:0x00000009 x13:0x00000000
          16770	      8381	00100218	03068e93	addi	x29,x13,48	 x13:0x00000000 x29=0x00000030
          16772	      8382	0010021c	00020f37	lui	x30,0x20	 x30=0x00020000
          16774	      8383	00100220	00851f93	slli	x31,x10,0x8	 x10:0x00000000 x31=0x00000000
          16778	      8385	00100224	01df2023	sw	x29,0(x30)	 x30:0x00020000 x29:0x00000030 PA:0x00020000 store:0x00000030 load:0x00000000
          16780	      8386	00100228	01cfd793	srli	x15,x31,0x1c	 x31:0x00000000 x15=0x00000000
          16782	      8387	0010022c	00900713	addi	x14,x0,9	  x0:0x00000000 x14=0x00000009
          16784	      8388	00100230	f2f76ae3	bltu	x14,x15,100164	 x14:0x00000009 x15:0x00000000
          16786	      8389	00100234	03078393	addi	x7,x15,48	 x15:0x00000000  x7=0x00000030
          16788	      8390	00100238	000205b7	lui	x11,0x20	 x11=0x00020000
          16790	      8391	0010023c	00c51613	slli	x12,x10,0xc	 x10:0x00000000 x12=0x00000000
          16794	      8393	00100240	0075a023	sw	x7,0(x11)	 x11:0x00020000  x7:0x00000030 PA:0x00020000 store:0x00000030 load:0x00000000
          16796	      8394	00100244	01c65693	srli	x13,x12,0x1c	 x12:0x00000000 x13=0x00000000
          16798	      8395	00100248	00900813	addi	x16,x0,9	  x0:0x00000000 x16=0x00000009
          16800	      8396	0010024c	f2d86ae3	bltu	x16,x13,100180	 x16:0x00000009 x13:0x00000000
          16802	      8397	00100250	03068e93	addi	x29,x13,48	 x13:0x00000000 x29=0x00000030
          16804	      8398	00100254	00020f37	lui	x30,0x20	 x30=0x00020000
          16806	      8399	00100258	01051f93	slli	x31,x10,0x10	 x10:0x00000000 x31=0x00000000
          16810	      8401	0010025c	01df2023	sw	x29,0(x30)	 x30:0x00020000 x29:0x00000030 PA:0x00020000 store:0x00000030 load:0x00000000
          16812	      8402	00100260	01cfd793	srli	x15,x31,0x1c	 x31:0x00000000 x15=0x00000000
          16814	      8403	00100264	00900713	addi	x14,x0,9	  x0:0x00000000 x14=0x00000009
          16816	      8404	00100268	f2f76ae3	bltu	x14,x15,10019c	 x14:0x00000009 x15:0x00000000
          16818	      8405	0010026c	03078393	addi	x7,x15,48	 x15:0x00000000  x7=0x00000030
          16820	      8406	00100270	000205b7	lui	x11,0x20	 x11=0x00020000
          16822	      8407	00100274	01451613	slli	x12,x10,0x14	 x10:0x00000000 x12=0x00000000
          16826	      8409	00100278	0075a023	sw	x7,0(x11)	 x11:0x00020000  x7:0x00000030 PA:0x00020000 store:0x00000030 load:0x00000000
          16828	      8410	0010027c	01c65693	srli	x13,x12,0x1c	 x12:0x00000000 x13=0x00000000
          16830	      8411	00100280	00900813	addi	x16,x0,9	  x0:0x00000000 x16=0x00000009
          16832	      8412	00100284	f2d86ae3	bltu	x16,x13,1001b8	 x16:0x00000009 x13:0x00000000
          16834	      8413	00100288	03068e93	addi	x29,x13,48	 x13:0x00000000 x29=0x00000030
          16836	      8414	0010028c	00020f37	lui	x30,0x20	 x30=0x00020000
          16838	      8415	00100290	01851f93	slli	x31,x10,0x18	 x10:0x00000000 x31=0x00000000
          16842	      8417	00100294	01df2023	sw	x29,0(x30)	 x30:0x00020000 x29:0x00000030 PA:0x00020000 store:0x00000030 load:0x00000000
          16844	      8418	00100298	01cfd793	srli	x15,x31,0x1c	 x31:0x00000000 x15=0x00000000
          16846	      8419	0010029c	00900713	addi	x14,x0,9	  x0:0x00000000 x14=0x00000009
          16848	      8420	001002a0	f2f76ae3	bltu	x14,x15,1001d4	 x14:0x00000009 x15:0x00000000
          16850	      8421	001002a4	03078393	addi	x7,x15,48	 x15:0x00000000  x7=0x00000030
          16852	      8422	001002a8	000205b7	lui	x11,0x20	 x11=0x00020000
          16856	      8424	001002ac	0075a023	sw	x7,0(x11)	 x11:0x00020000  x7:0x00000030 PA:0x00020000 store:0x00000030 load:0x00000000
          16858	      8425	001002b0	00f57513	andi	x10,x10,15	 x10:0x00000000 x10=0x00000000
          16860	      8426	001002b4	00900613	addi	x12,x0,9	  x0:0x00000000 x12=0x00000009
          16864	      8428	001002b8	f2a67ae3	bgeu	x12,x10,1001ec	 x12:0x00000009 x10:0x00000000
          16868	      8430	001001ec	03050893	addi	x17,x10,48	 x10:0x00000000 x17=0x00000030
          16870	      8431	001001f0	00020e37	lui	x28,0x20	 x28=0x00020000
          16874	      8433	001001f4	011e2023	sw	x17,0(x28)	 x28:0x00020000 x17:0x00000030 PA:0x00020000 store:0x00000030 load:0x00000000
          16878	      8435	001001f8	00008067	jalr	x0,0(x1)	  x1:0x00101340  x0=0x00000000
          16880	      8436	00101340	a18b0513	addi	x10,x22,-1512	 x22:0x00102000 x10=0x00101a18
          16884	      8438	00101344	d5dfe0ef	jal	x1,1000a0	  x1=0x00101348
          16888	      8440	001000a0	00054803	lbu	x16,0(x10)	 x10:0x00101a18 x16=0x00000020 PA:0x00101a18 store:0x00000000
          16890	      8441	001000a4	06080663	beq	x16,x0,100110	 x16:0x00000020  x0:0x00000000
          16892	      8442	001000a8	000207b7	lui	x15,0x20	 x15=0x00020000
          16896	      8444	001000ac	0107a023	sw	x16,0(x15)	 x15:0x00020000 x16:0x00000020 PA:0x00020000 store:0x00000020 load:0x00000000
          16900	      8446	001000b0	00154703	lbu	x14,1(x10)	 x10:0x00101a18 x14=0x00000072 PA:0x00101a19 store:0x00101348
          16902	      8447	001000b4	04070e63	beq	x14,x0,100110	 x14:0x00000072  x0:0x00000000
          16906	      8449	001000b8	00e7a023	sw	x14,0(x15)	 x15:0x00020000 x14:0x00000072 PA:0x00020000 store:0x00000072 load:0x00000000
          16910	      8451	001000bc	00254283	lbu	x5,2(x10)	 x10:0x00101a18  x5=0x00000065 PA:0x00101a1a store:0x00137fa0
          16912	      8452	001000c0	04028863	beq	x5,x0,100110	  x5:0x00000065  x0:0x00000000
          16916	      8454	001000c4	0057a023	sw	x5,0(x15)	 x15:0x00020000  x5:0x00000065 PA:0x00020000 store:0x00000065 load:0x00000000
          16920	      8456	001000c8	00354303	lbu	x6,3(x10)	 x10:0x00101a18  x6=0x00000073 PA:0x00101a1b store:0x00000000
          16922	      8457	001000cc	04030263	beq	x6,x0,100110	  x6:0x00000073  x0:0x00000000
          16926	      8459	001000d0	0067a023	sw	x6,0(x15)	 x15:0x00020000  x6:0x00000073 PA:0x00020000 store:0x00000073 load:0x00000000
          16930	      8461	001000d4	00454383	lbu	x7,4(x10)	 x10:0x00101a18  x7=0x00000075 PA:0x00101a1c store:0x00000000
          16932	      8462	001000d8	02038c63	beq	x7,x0,100110	  x7:0x00000075  x0:0x00000000
          16936	      8464	001000dc	0077a023	sw	x7,0(x15)	 x15:0x00020000  x7:0x00000075 PA:0x00020000 store:0x00000075 load:0x00000000
          16940	      8466	001000e0	00554583	lbu	x11,5(x10)	 x10:0x00101a18 x11=0x0000006c PA:0x00101a1d store:0x00000065
          16942	      8467	001000e4	02058663	beq	x11,x0,100110	 x11:0x0000006c  x0:0x00000000
          16946	      8469	001000e8	00b7a023	sw	x11,0(x15)	 x15:0x00020000 x11:0x0000006c PA:0x00020000 store:0x0000006c load:0x00000000
          16950	      8471	001000ec	00654603	lbu	x12,6(x10)	 x10:0x00101a18 x12=0x00000074 PA:0x00101a1e store:0x00000073
          16952	      8472	001000f0	02060063	beq	x12,x0,100110	 x12:0x00000074  x0:0x00000000
          16956	      8474	001000f4	00c7a023	sw	x12,0(x15)	 x15:0x00020000 x12:0x00000074 PA:0x00020000 store:0x00000074 load:0x00000000
          16960	      8476	001000f8	00754683	lbu	x13,7(x10)	 x10:0x00101a18 x13=0x0000003a PA:0x00101a1f store:0x00000075
          16962	      8477	001000fc	00850513	addi	x10,x10,8	 x10:0x00101a18 x10=0x00101a20
          16964	      8478	00100100	00068863	beq	x13,x0,100110	 x13:0x0000003a  x0:0x00000000
          16968	      8480	00100104	00d7a023	sw	x13,0(x15)	 x15:0x00020000 x13:0x0000003a PA:0x00020000 store:0x0000003a load:0x00000000
          16972	      8482	00100108	00054803	lbu	x16,0(x10)	 x10:0x00101a20 x16=0x00000020 PA:0x00101a20 store:0x00000000
          16976	      8484	0010010c	fa0810e3	bne	x16,x0,1000ac	 x16:0x00000020  x0:0x00000000
          16982	      8487	001000ac	0107a023	sw	x16,0(x15)	 x15:0x00020000 x16:0x00000020 PA:0x00020000 store:0x00000020 load:0x00000000
          16986	      8489	001000b0	00154703	lbu	x14,1(x10)	 x10:0x00101a20 x14=0x00000000 PA:0x00101a21 store:0x00101348
          16990	      8491	001000b4	04070e63	beq	x14,x0,100110	 x14:0x00000000  x0:0x00000000
          16994	      8493	00100110	00000513	addi	x10,x0,0	  x0:0x00000000 x10=0x00000000
          16998	      8495	00100114	00008067	jalr	x0,0(x1)	  x1:0x00101348  x0=0x00000000
          17002	      8497	00101348	cf8a2503	lw	x10,-776(x20)	 x20:0x00102000 x10=0x41ae842c PA:0x00101cf8 store:0x00000000
          17004	      8498	0010134c	001c0d93	addi	x27,x24,1	 x24:0x00000000 x27=0x00000001
          17008	      8500	00101350	dd1fe0ef	jal	x1,100120	  x1=0x00101354
          17010	      8501	00100120	01c55793	srli	x15,x10,0x1c	 x10:0x41ae842c x15=0x00000004
          17012	      8502	00100124	00900713	addi	x14,x0,9	  x0:0x00000000 x14=0x00000009
          17016	      8504	00100128	0cf77a63	bgeu	x14,x15,1001fc	 x14:0x00000009 x15:0x00000004
          17020	      8506	001001fc	03078393	addi	x7,x15,48	 x15:0x00000004  x7=0x00000034
          17022	      8507	00100200	000205b7	lui	x11,0x20	 x11=0x00020000
          17024	      8508	00100204	00451613	slli	x12,x10,0x4	 x10:0x41ae842c x12=0x1ae842c0
          17028	      8510	00100208	0075a023	sw	x7,0(x11)	 x11:0x00020000  x7:0x00000034 PA:0x00020000 store:0x00000034 load:0x00000000
          17030	      8511	0010020c	01c65693	srli	x13,x12,0x1c	 x12:0x1ae842c0 x13=0x00000001
          17032	      8512	00100210	00900813	addi	x16,x0,9	  x0:0x00000000 x16=0x00000009
          17034	      8513	00100214	f2d86ae3	bltu	x16,x13,100148	 x16:0x00000009 x13:0x00000001
          17036	      8514	00100218	03068e93	addi	x29,x13,48	 x13:0x00000001 x29=0x00000031
          17038	      8515	0010021c	00020f37	lui	x30,0x20	 x30=0x00020000
          17040	      8516	00100220	00851f93	slli	x31,x10,0x8	 x10:0x41ae842c x31=0xae842c00
          17044	      8518	00100224	01df2023	sw	x29,0(x30)	 x30:0x00020000 x29:0x00000031 PA:0x00020000 store:0x00000031 load:0x00000000
          17046	      8519	00100228	01cfd793	srli	x15,x31,0x1c	 x31:0xae842c00 x15=0x0000000a
          17048	      8520	0010022c	00900713	addi	x14,x0,9	  x0:0x00000000 x14=0x00000009
          17052	      8522	00100230	f2f76ae3	bltu	x14,x15,100164	 x14:0x00000009 x15:0x0000000a
          17056	      8524	00100164	03778293	addi	x5,x15,55	 x15:0x0000000a  x5=0x00000041
          17058	      8525	00100168	00020337	lui	x6,0x20	  x6=0x00020000
          17060	      8526	0010016c	00c51613	slli	x12,x10,0xc	 x10:0x41ae842c x12=0xe842c000
          17064	      8528	00100170	00532023	sw	x5,0(x6)	  x6:0x00020000  x5:0x00000041 PA:0x00020000 store:0x00000041 load:0x00000000
          17066	      8529	00100174	01c65693	srli	x13,x12,0x1c	 x12:0xe842c000 x13=0x0000000e
          17068	      8530	00100178	00900813	addi	x16,x0,9	  x0:0x00000000 x16=0x00000009
          17070	      8531	0010017c	0cd87a63	bgeu	x16,x13,100250	 x16:0x00000009 x13:0x0000000e
          17072	      8532	00100180	03768893	addi	x17,x13,55	 x13:0x0000000e x17=0x00000045
          17074	      8533	00100184	00020e37	lui	x28,0x20	 x28=0x00020000
          17076	      8534	00100188	01051f93	slli	x31,x10,0x10	 x10:0x41ae842c x31=0x842c0000
          17080	      8536	0010018c	011e2023	sw	x17,0(x28)	 x28:0x00020000 x17:0x00000045 PA:0x00020000 store:0x00000045 load:0x00000000
          17082	      8537	00100190	01cfd793	srli	x15,x31,0x1c	 x31:0x842c0000 x15=0x00000008
          17084	      8538	00100194	00900713	addi	x14,x0,9	  x0:0x00000000 x14=0x00000009
          17088	      8540	00100198	0cf77a63	bgeu	x14,x15,10026c	 x14:0x00000009 x15:0x00000008
          17092	      8542	0010026c	03078393	addi	x7,x15,48	 x15:0x00000008  x7=0x00000038
          17094	      8543	00100270	000205b7	lui	x11,0x20	 x11=0x00020000
          17096	      8544	00100274	01451613	slli	x12,x10,0x14	 x10:0x41ae842c x12=0x42c00000
          17100	      8546	00100278	0075a023	sw	x7,0(x11)	 x11:0x00020000  x7:0x00000038 PA:0x00020000 store:0x00000038 load:0x00000000
          17102	      8547	0010027c	01c65693	srli	x13,x12,0x1c	 x12:0x42c00000 x13=0x00000004
          17104	      8548	00100280	00900813	addi	x16,x0,9	  x0:0x00000000 x16=0x00000009
          17106	      8549	00100284	f2d86ae3	bltu	x16,x13,1001b8	 x16:0x00000009 x13:0x00000004
          17108	      8550	00100288	03068e93	addi	x29,x13,48	 x13:0x00000004 x29=0x00000034
          17110	      8551	0010028c	00020f37	lui	x30,0x20	 x30=0x00020000
          17112	      8552	00100290	01851f93	slli	x31,x10,0x18	 x10:0x41ae842c x31=0x2c000000
          17116	      8554	00100294	01df2023	sw	x29,0(x30)	 x30:0x00020000 x29:0x00000034 PA:0x00020000 store:0x00000034 load:0x00000000
          17118	      8555	00100298	01cfd793	srli	x15,x31,0x1c	 x31:0x2c000000 x15=0x00000002
          17120	      8556	0010029c	00900713	addi	x14,x0,9	  x0:0x00000000 x14=0x00000009
          17122	      8557	001002a0	f2f76ae3	bltu	x14,x15,1001d4	 x14:0x00000009 x15:0x00000002
          17124	      8558	001002a4	03078393	addi	x7,x15,48	 x15:0x00000002  x7=0x00000032
          17126	      8559	001002a8	000205b7	lui	x11,0x20	 x11=0x00020000
          17130	      8561	001002ac	0075a023	sw	x7,0(x11)	 x11:0x00020000  x7:0x00000032 PA:0x00020000 store:0x00000032 load:0x00000000
          17132	      8562	001002b0	00f57513	andi	x10,x10,15	 x10:0x41ae842c x10=0x0000000c
          17134	      8563	001002b4	00900613	addi	x12,x0,9	  x0:0x00000000 x12=0x00000009
          17136	      8564	001002b8	f2a67ae3	bgeu	x12,x10,1001ec	 x12:0x00000009 x10:0x0000000c
          17138	      8565	001002bc	03750693	addi	x13,x10,55	 x10:0x0000000c x13=0x00000043
          17140	      8566	001002c0	00020837	lui	x16,0x20	 x16=0x00020000
          17144	      8568	001002c4	00d82023	sw	x13,0(x16)	 x16:0x00020000 x13:0x00000043 PA:0x00020000 store:0x00000043 load:0x00000000
          17158	      8575	001002c8	00008067	jalr	x0,0(x1)	  x1:0x00101354  x0=0x00000000
          17160	      8576	00101354	d089a407	flw	f8,-760(x19)	 f19:0x00102000  f8=0x00000000 PA:0x00101d08 store:0x4598f2e4
          17180	      8586	00101358	580474d3	fsqrt.s	f9,f8	  f8:0x00102000  f9=0x00000000
          17186	      8589	0010135c	d099a427	fsw	f9,-760(x19)	 f19:0x00102000  f9:0x00102000 PA:0x00101d08 store:0x40957595 load:0x41ae842c
          17192	      8592	00101360	d089a507	flw	f10,-760(x19)	 f19:0x00102000 f10=0x00000000 PA:0x00000000
          17200	      8596	00101364	a10a8513	addi	x10,x21,-1520	 x21:0x00102000 x10=0x00101a10
          17202	      8597	00101368	e0050753	fmv.x.w	x14,f10	 f10:0x00101a10 x14=0x40957595
          17204	      8598	0010136c	ceea2c23	sw	x14,-776(x20)	 x20:0x00102000 x14:0x40957595 PA:0x00101cf8 store:0x40957595 load:0x40957595
          17206	      8599	00101370	d31fe0ef	jal	x1,1000a0	  x1=0x00101374
          17210	      8601	001000a0	00054803	lbu	x16,0(x10)	 x10:0x00101a10 x16=0x0000000a PA:0x00101a10 store:0x00000000
          17212	      8602	001000a4	06080663	beq	x16,x0,100110	 x16:0x0000000a  x0:0x00000000
          17214	      8603	001000a8	000207b7	lui	x15,0x20	 x15=0x00020000
          17218	      8605	001000ac	0107a023	sw	x16,0(x15)	 x15:0x00020000 x16:0x0000000a PA:0x00020000 store:0x0000000a load:0x00000000
          17222	      8607	001000b0	00154703	lbu	x14,1(x10)	 x10:0x00101a10 x14=0x00000020 PA:0x00101a11 store:0x00101374
          17224	      8608	001000b4	04070e63	beq	x14,x0,100110	 x14:0x00000020  x0:0x00000000
          17228	      8610	001000b8	00e7a023	sw	x14,0(x15)	 x15:0x00020000 x14:0x00000020 PA:0x00020000 store:0x00000020 load:0x00000000
          17232	      8612	001000bc	00254283	lbu	x5,2(x10)	 x10:0x00101a10  x5=0x00000069 PA:0x00101a12 store:0x00137fa0
          17234	      8613	001000c0	04028863	beq	x5,x0,100110	  x5:0x00000069  x0:0x00000000
          17238	      8615	001000c4	0057a023	sw	x5,0(x15)	 x15:0x00020000  x5:0x00000069 PA:0x00020000 store:0x00000069 load:0x00000000
          17242	      8617	001000c8	00354303	lbu	x6,3(x10)	 x10:0x00101a10  x6=0x0000003d PA:0x00101a13 store:0x00000000
          17244	      8618	001000cc	04030263	beq	x6,x0,100110	  x6:0x0000003d  x0:0x00000000
          17248	      8620	001000d0	0067a023	sw	x6,0(x15)	 x15:0x00020000  x6:0x0000003d PA:0x00020000 store:0x0000003d load:0x00000000
          17252	      8622	001000d4	00454383	lbu	x7,4(x10)	 x10:0x00101a10  x7=0x00000000 PA:0x00101a14 store:0x00000000
          17256	      8624	001000d8	02038c63	beq	x7,x0,100110	  x7:0x00000000  x0:0x00000000
          17260	      8626	00100110	00000513	addi	x10,x0,0	  x0:0x00000000 x10=0x00000000
          17264	      8628	00100114	00008067	jalr	x0,0(x1)	  x1:0x00101374  x0=0x00000000
          17266	      8629	00101374	000d8513	addi	x10,x27,0	 x27:0x00000001 x10=0x00000001
          17270	      8631	00101378	da9fe0ef	jal	x1,100120	  x1=0x0010137c
          17272	      8632	00100120	01c55793	srli	x15,x10,0x1c	 x10:0x00000001 x15=0x00000000
          17274	      8633	00100124	00900713	addi	x14,x0,9	  x0:0x00000000 x14=0x00000009
          17278	      8635	00100128	0cf77a63	bgeu	x14,x15,1001fc	 x14:0x00000009 x15:0x00000000
          17282	      8637	001001fc	03078393	addi	x7,x15,48	 x15:0x00000000  x7=0x00000030
          17284	      8638	00100200	000205b7	lui	x11,0x20	 x11=0x00020000
          17286	      8639	00100204	00451613	slli	x12,x10,0x4	 x10:0x00000001 x12=0x00000010
          17290	      8641	00100208	0075a023	sw	x7,0(x11)	 x11:0x00020000  x7:0x00000030 PA:0x00020000 store:0x00000030 load:0x00000000
          17292	      8642	0010020c	01c65693	srli	x13,x12,0x1c	 x12:0x00000010 x13=0x00000000
          17294	      8643	00100210	00900813	addi	x16,x0,9	  x0:0x00000000 x16=0x00000009
          17296	      8644	00100214	f2d86ae3	bltu	x16,x13,100148	 x16:0x00000009 x13:0x00000000
          17298	      8645	00100218	03068e93	addi	x29,x13,48	 x13:0x00000000 x29=0x00000030
          17300	      8646	0010021c	00020f37	lui	x30,0x20	 x30=0x00020000
          17302	      8647	00100220	00851f93	slli	x31,x10,0x8	 x10:0x00000001 x31=0x00000100
          17306	      8649	00100224	01df2023	sw	x29,0(x30)	 x30:0x00020000 x29:0x00000030 PA:0x00020000 store:0x00000030 load:0x00000000
          17308	      8650	00100228	01cfd793	srli	x15,x31,0x1c	 x31:0x00000100 x15=0x00000000
          17310	      8651	0010022c	00900713	addi	x14,x0,9	  x0:0x00000000 x14=0x00000009
          17312	      8652	00100230	f2f76ae3	bltu	x14,x15,100164	 x14:0x00000009 x15:0x00000000
          17314	      8653	00100234	03078393	addi	x7,x15,48	 x15:0x00000000  x7=0x00000030
          17316	      8654	00100238	000205b7	lui	x11,0x20	 x11=0x00020000
          17318	      8655	0010023c	00c51613	slli	x12,x10,0xc	 x10:0x00000001 x12=0x00001000
          17322	      8657	00100240	0075a023	sw	x7,0(x11)	 x11:0x00020000  x7:0x00000030 PA:0x00020000 store:0x00000030 load:0x00000000
          17324	      8658	00100244	01c65693	srli	x13,x12,0x1c	 x12:0x00001000 x13=0x00000000
          17326	      8659	00100248	00900813	addi	x16,x0,9	  x0:0x00000000 x16=0x00000009
          17328	      8660	0010024c	f2d86ae3	bltu	x16,x13,100180	 x16:0x00000009 x13:0x00000000
          17330	      8661	00100250	03068e93	addi	x29,x13,48	 x13:0x00000000 x29=0x00000030
          17332	      8662	00100254	00020f37	lui	x30,0x20	 x30=0x00020000
          17334	      8663	00100258	01051f93	slli	x31,x10,0x10	 x10:0x00000001 x31=0x00010000
          17338	      8665	0010025c	01df2023	sw	x29,0(x30)	 x30:0x00020000 x29:0x00000030 PA:0x00020000 store:0x00000030 load:0x00000000
          17340	      8666	00100260	01cfd793	srli	x15,x31,0x1c	 x31:0x00010000 x15=0x00000000
          17342	      8667	00100264	00900713	addi	x14,x0,9	  x0:0x00000000 x14=0x00000009
          17344	      8668	00100268	f2f76ae3	bltu	x14,x15,10019c	 x14:0x00000009 x15:0x00000000
          17346	      8669	0010026c	03078393	addi	x7,x15,48	 x15:0x00000000  x7=0x00000030
          17348	      8670	00100270	000205b7	lui	x11,0x20	 x11=0x00020000
          17350	      8671	00100274	01451613	slli	x12,x10,0x14	 x10:0x00000001 x12=0x00100000
          17354	      8673	00100278	0075a023	sw	x7,0(x11)	 x11:0x00020000  x7:0x00000030 PA:0x00020000 store:0x00000030 load:0x00000000
          17356	      8674	0010027c	01c65693	srli	x13,x12,0x1c	 x12:0x00100000 x13=0x00000000
          17358	      8675	00100280	00900813	addi	x16,x0,9	  x0:0x00000000 x16=0x00000009
          17360	      8676	00100284	f2d86ae3	bltu	x16,x13,1001b8	 x16:0x00000009 x13:0x00000000
          17362	      8677	00100288	03068e93	addi	x29,x13,48	 x13:0x00000000 x29=0x00000030
          17364	      8678	0010028c	00020f37	lui	x30,0x20	 x30=0x00020000
          17366	      8679	00100290	01851f93	slli	x31,x10,0x18	 x10:0x00000001 x31=0x01000000
          17370	      8681	00100294	01df2023	sw	x29,0(x30)	 x30:0x00020000 x29:0x00000030 PA:0x00020000 store:0x00000030 load:0x00000000
          17372	      8682	00100298	01cfd793	srli	x15,x31,0x1c	 x31:0x01000000 x15=0x00000000
          17374	      8683	0010029c	00900713	addi	x14,x0,9	  x0:0x00000000 x14=0x00000009
          17376	      8684	001002a0	f2f76ae3	bltu	x14,x15,1001d4	 x14:0x00000009 x15:0x00000000
          17378	      8685	001002a4	03078393	addi	x7,x15,48	 x15:0x00000000  x7=0x00000030
          17380	      8686	001002a8	000205b7	lui	x11,0x20	 x11=0x00020000
          17384	      8688	001002ac	0075a023	sw	x7,0(x11)	 x11:0x00020000  x7:0x00000030 PA:0x00020000 store:0x00000030 load:0x00000000
          17386	      8689	001002b0	00f57513	andi	x10,x10,15	 x10:0x00000001 x10=0x00000001
          17388	      8690	001002b4	00900613	addi	x12,x0,9	  x0:0x00000000 x12=0x00000009
          17392	      8692	001002b8	f2a67ae3	bgeu	x12,x10,1001ec	 x12:0x00000009 x10:0x00000001
          17396	      8694	001001ec	03050893	addi	x17,x10,48	 x10:0x00000001 x17=0x00000031
          17398	      8695	001001f0	00020e37	lui	x28,0x20	 x28=0x00020000
          17402	      8697	001001f4	011e2023	sw	x17,0(x28)	 x28:0x00020000 x17:0x00000031 PA:0x00020000 store:0x00000031 load:0x00000000
          17406	      8699	001001f8	00008067	jalr	x0,0(x1)	  x1:0x0010137c  x0=0x00000000
          17408	      8700	0010137c	a18b0513	addi	x10,x22,-1512	 x22:0x00102000 x10=0x00101a18
          17412	      8702	00101380	d21fe0ef	jal	x1,1000a0	  x1=0x00101384
          17416	      8704	001000a0	00054803	lbu	x16,0(x10)	 x10:0x00101a18 x16=0x00000020 PA:0x00101a18 store:0x00000000
          17418	      8705	001000a4	06080663	beq	x16,x0,100110	 x16:0x00000020  x0:0x00000000
          17420	      8706	001000a8	000207b7	lui	x15,0x20	 x15=0x00020000
          17424	      8708	001000ac	0107a023	sw	x16,0(x15)	 x15:0x00020000 x16:0x00000020 PA:0x00020000 store:0x00000020 load:0x00000000
          17428	      8710	001000b0	00154703	lbu	x14,1(x10)	 x10:0x00101a18 x14=0x00000072 PA:0x00101a19 store:0x00101384
          17430	      8711	001000b4	04070e63	beq	x14,x0,100110	 x14:0x00000072  x0:0x00000000
          17434	      8713	001000b8	00e7a023	sw	x14,0(x15)	 x15:0x00020000 x14:0x00000072 PA:0x00020000 store:0x00000072 load:0x00000000
          17438	      8715	001000bc	00254283	lbu	x5,2(x10)	 x10:0x00101a18  x5=0x00000065 PA:0x00101a1a store:0x00137fa0
          17440	      8716	001000c0	04028863	beq	x5,x0,100110	  x5:0x00000065  x0:0x00000000
          17444	      8718	001000c4	0057a023	sw	x5,0(x15)	 x15:0x00020000  x5:0x00000065 PA:0x00020000 store:0x00000065 load:0x00000000
          17448	      8720	001000c8	00354303	lbu	x6,3(x10)	 x10:0x00101a18  x6=0x00000073 PA:0x00101a1b store:0x00000000
          17450	      8721	001000cc	04030263	beq	x6,x0,100110	  x6:0x00000073  x0:0x00000000
          17454	      8723	001000d0	0067a023	sw	x6,0(x15)	 x15:0x00020000  x6:0x00000073 PA:0x00020000 store:0x00000073 load:0x00000000
          17458	      8725	001000d4	00454383	lbu	x7,4(x10)	 x10:0x00101a18  x7=0x00000075 PA:0x00101a1c store:0x00000000
          17460	      8726	001000d8	02038c63	beq	x7,x0,100110	  x7:0x00000075  x0:0x00000000
          17464	      8728	001000dc	0077a023	sw	x7,0(x15)	 x15:0x00020000  x7:0x00000075 PA:0x00020000 store:0x00000075 load:0x00000000
          17468	      8730	001000e0	00554583	lbu	x11,5(x10)	 x10:0x00101a18 x11=0x0000006c PA:0x00101a1d store:0x00000065
          17470	      8731	001000e4	02058663	beq	x11,x0,100110	 x11:0x0000006c  x0:0x00000000
          17474	      8733	001000e8	00b7a023	sw	x11,0(x15)	 x15:0x00020000 x11:0x0000006c PA:0x00020000 store:0x0000006c load:0x00000000
          17478	      8735	001000ec	00654603	lbu	x12,6(x10)	 x10:0x00101a18 x12=0x00000074 PA:0x00101a1e store:0x00000073
          17480	      8736	001000f0	02060063	beq	x12,x0,100110	 x12:0x00000074  x0:0x00000000
          17484	      8738	001000f4	00c7a023	sw	x12,0(x15)	 x15:0x00020000 x12:0x00000074 PA:0x00020000 store:0x00000074 load:0x00000000
          17488	      8740	001000f8	00754683	lbu	x13,7(x10)	 x10:0x00101a18 x13=0x0000003a PA:0x00101a1f store:0x00000075
          17490	      8741	001000fc	00850513	addi	x10,x10,8	 x10:0x00101a18 x10=0x00101a20
          17492	      8742	00100100	00068863	beq	x13,x0,100110	 x13:0x0000003a  x0:0x00000000
          17496	      8744	00100104	00d7a023	sw	x13,0(x15)	 x15:0x00020000 x13:0x0000003a PA:0x00020000 store:0x0000003a load:0x00000000
          17500	      8746	00100108	00054803	lbu	x16,0(x10)	 x10:0x00101a20 x16=0x00000020 PA:0x00101a20 store:0x00000000
          17504	      8748	0010010c	fa0810e3	bne	x16,x0,1000ac	 x16:0x00000020  x0:0x00000000
          17510	      8751	001000ac	0107a023	sw	x16,0(x15)	 x15:0x00020000 x16:0x00000020 PA:0x00020000 store:0x00000020 load:0x00000000
          17514	      8753	001000b0	00154703	lbu	x14,1(x10)	 x10:0x00101a20 x14=0x00000000 PA:0x00101a21 store:0x00101384
          17518	      8755	001000b4	04070e63	beq	x14,x0,100110	 x14:0x00000000  x0:0x00000000
          17522	      8757	00100110	00000513	addi	x10,x0,0	  x0:0x00000000 x10=0x00000000
          17526	      8759	00100114	00008067	jalr	x0,0(x1)	  x1:0x00101384  x0=0x00000000
          17530	      8761	00101384	cf8a2503	lw	x10,-776(x20)	 x20:0x00102000 x10=0x40957595 PA:0x00101cf8 store:0x00000000
          17532	      8762	00101388	002c0d93	addi	x27,x24,2	 x24:0x00000000 x27=0x00000002
          17536	      8764	0010138c	d95fe0ef	jal	x1,100120	  x1=0x00101390
          17538	      8765	00100120	01c55793	srli	x15,x10,0x1c	 x10:0x40957595 x15=0x00000004
          17540	      8766	00100124	00900713	addi	x14,x0,9	  x0:0x00000000 x14=0x00000009
          17544	      8768	00100128	0cf77a63	bgeu	x14,x15,1001fc	 x14:0x00000009 x15:0x00000004
          17548	      8770	001001fc	03078393	addi	x7,x15,48	 x15:0x00000004  x7=0x00000034
          17550	      8771	00100200	000205b7	lui	x11,0x20	 x11=0x00020000
          17552	      8772	00100204	00451613	slli	x12,x10,0x4	 x10:0x40957595 x12=0x09575950
          17556	      8774	00100208	0075a023	sw	x7,0(x11)	 x11:0x00020000  x7:0x00000034 PA:0x00020000 store:0x00000034 load:0x00000000
          17558	      8775	0010020c	01c65693	srli	x13,x12,0x1c	 x12:0x09575950 x13=0x00000000
          17560	      8776	00100210	00900813	addi	x16,x0,9	  x0:0x00000000 x16=0x00000009
          17562	      8777	00100214	f2d86ae3	bltu	x16,x13,100148	 x16:0x00000009 x13:0x00000000
          17564	      8778	00100218	03068e93	addi	x29,x13,48	 x13:0x00000000 x29=0x00000030
          17566	      8779	0010021c	00020f37	lui	x30,0x20	 x30=0x00020000
          17568	      8780	00100220	00851f93	slli	x31,x10,0x8	 x10:0x40957595 x31=0x95759500
          17572	      8782	00100224	01df2023	sw	x29,0(x30)	 x30:0x00020000 x29:0x00000030 PA:0x00020000 store:0x00000030 load:0x00000000
          17574	      8783	00100228	01cfd793	srli	x15,x31,0x1c	 x31:0x95759500 x15=0x00000009
          17576	      8784	0010022c	00900713	addi	x14,x0,9	  x0:0x00000000 x14=0x00000009
          17578	      8785	00100230	f2f76ae3	bltu	x14,x15,100164	 x14:0x00000009 x15:0x00000009
          17580	      8786	00100234	03078393	addi	x7,x15,48	 x15:0x00000009  x7=0x00000039
          17582	      8787	00100238	000205b7	lui	x11,0x20	 x11=0x00020000
          17584	      8788	0010023c	00c51613	slli	x12,x10,0xc	 x10:0x40957595 x12=0x57595000
          17588	      8790	00100240	0075a023	sw	x7,0(x11)	 x11:0x00020000  x7:0x00000039 PA:0x00020000 store:0x00000039 load:0x00000000
          17590	      8791	00100244	01c65693	srli	x13,x12,0x1c	 x12:0x57595000 x13=0x00000005
          17592	      8792	00100248	00900813	addi	x16,x0,9	  x0:0x00000000 x16=0x00000009
          17594	      8793	0010024c	f2d86ae3	bltu	x16,x13,100180	 x16:0x00000009 x13:0x00000005
          17596	      8794	00100250	03068e93	addi	x29,x13,48	 x13:0x00000005 x29=0x00000035
          17598	      8795	00100254	00020f37	lui	x30,0x20	 x30=0x00020000
          17600	      8796	00100258	01051f93	slli	x31,x10,0x10	 x10:0x40957595 x31=0x75950000
          17604	      8798	0010025c	01df2023	sw	x29,0(x30)	 x30:0x00020000 x29:0x00000035 PA:0x00020000 store:0x00000035 load:0x00000000
          17606	      8799	00100260	01cfd793	srli	x15,x31,0x1c	 x31:0x75950000 x15=0x00000007
          17608	      8800	00100264	00900713	addi	x14,x0,9	  x0:0x00000000 x14=0x00000009
          17610	      8801	00100268	f2f76ae3	bltu	x14,x15,10019c	 x14:0x00000009 x15:0x00000007
          17612	      8802	0010026c	03078393	addi	x7,x15,48	 x15:0x00000007  x7=0x00000037
          17614	      8803	00100270	000205b7	lui	x11,0x20	 x11=0x00020000
          17616	      8804	00100274	01451613	slli	x12,x10,0x14	 x10:0x40957595 x12=0x59500000
          17620	      8806	00100278	0075a023	sw	x7,0(x11)	 x11:0x00020000  x7:0x00000037 PA:0x00020000 store:0x00000037 load:0x00000000
          17622	      8807	0010027c	01c65693	srli	x13,x12,0x1c	 x12:0x59500000 x13=0x00000005
          17624	      8808	00100280	00900813	addi	x16,x0,9	  x0:0x00000000 x16=0x00000009
          17626	      8809	00100284	f2d86ae3	bltu	x16,x13,1001b8	 x16:0x00000009 x13:0x00000005
          17628	      8810	00100288	03068e93	addi	x29,x13,48	 x13:0x00000005 x29=0x00000035
          17630	      8811	0010028c	00020f37	lui	x30,0x20	 x30=0x00020000
          17632	      8812	00100290	01851f93	slli	x31,x10,0x18	 x10:0x40957595 x31=0x95000000
          17636	      8814	00100294	01df2023	sw	x29,0(x30)	 x30:0x00020000 x29:0x00000035 PA:0x00020000 store:0x00000035 load:0x00000000
          17638	      8815	00100298	01cfd793	srli	x15,x31,0x1c	 x31:0x95000000 x15=0x00000009
          17640	      8816	0010029c	00900713	addi	x14,x0,9	  x0:0x00000000 x14=0x00000009
          17642	      8817	001002a0	f2f76ae3	bltu	x14,x15,1001d4	 x14:0x00000009 x15:0x00000009
          17644	      8818	001002a4	03078393	addi	x7,x15,48	 x15:0x00000009  x7=0x00000039
          17646	      8819	001002a8	000205b7	lui	x11,0x20	 x11=0x00020000
          17650	      8821	001002ac	0075a023	sw	x7,0(x11)	 x11:0x00020000  x7:0x00000039 PA:0x00020000 store:0x00000039 load:0x00000000
          17652	      8822	001002b0	00f57513	andi	x10,x10,15	 x10:0x40957595 x10=0x00000005
          17654	      8823	001002b4	00900613	addi	x12,x0,9	  x0:0x00000000 x12=0x00000009
          17658	      8825	001002b8	f2a67ae3	bgeu	x12,x10,1001ec	 x12:0x00000009 x10:0x00000005
          17662	      8827	001001ec	03050893	addi	x17,x10,48	 x10:0x00000005 x17=0x00000035
          17664	      8828	001001f0	00020e37	lui	x28,0x20	 x28=0x00020000
          17668	      8830	001001f4	011e2023	sw	x17,0(x28)	 x28:0x00020000 x17:0x00000035 PA:0x00020000 store:0x00000035 load:0x00000000
          17682	      8837	001001f8	00008067	jalr	x0,0(x1)	  x1:0x00101390  x0=0x00000000
          17684	      8838	00101390	d089a807	flw	f16,-760(x19)	 f19:0x00102000 f16=0x00000000 PA:0x00101d08 store:0x41ae842c
          17706	      8849	00101394	a10a8513	addi	x10,x21,-1520	 x21:0x00102000 x10=0x00101a10
          17708	      8850	00101398	580878d3	fsqrt.s	f17,f16	 f16:0x00000009 f17=0x00000000
          17712	      8852	0010139c	d119a427	fsw	f17,-760(x19)	 f19:0x00102000 f17:0x00000035 PA:0x00101d08 store:0x400a5069 load:0x40957595
          17718	      8855	001013a0	d089a907	flw	f18,-760(x19)	 f19:0x00102000 f18=0x00000000 PA:0x00000000
          17724	      8858	001013a4	e00907d3	fmv.x.w	x15,f18	 f18:0x00102000 x15=0x400a5069
          17726	      8859	001013a8	cefa2c23	sw	x15,-776(x20)	 x20:0x00102000 x15:0x400a5069 PA:0x00101cf8 store:0x400a5069 load:0x400a5069
          17730	      8861	001013ac	cf5fe0ef	jal	x1,1000a0	  x1=0x001013b0
          17734	      8863	001000a0	00054803	lbu	x16,0(x10)	 x10:0x00101a10 x16=0x0000000a PA:0x00101a10 store:0x00000000
          17736	      8864	001000a4	06080663	beq	x16,x0,100110	 x16:0x0000000a  x0:0x00000000
          17738	      8865	001000a8	000207b7	lui	x15,0x20	 x15=0x00020000
          17742	      8867	001000ac	0107a023	sw	x16,0(x15)	 x15:0x00020000 x16:0x0000000a PA:0x00020000 store:0x0000000a load:0x00000000
          17746	      8869	001000b0	00154703	lbu	x14,1(x10)	 x10:0x00101a10 x14=0x00000020 PA:0x00101a11 store:0x001013b0
          17748	      8870	001000b4	04070e63	beq	x14,x0,100110	 x14:0x00000020  x0:0x00000000
          17752	      8872	001000b8	00e7a023	sw	x14,0(x15)	 x15:0x00020000 x14:0x00000020 PA:0x00020000 store:0x00000020 load:0x00000000
          17756	      8874	001000bc	00254283	lbu	x5,2(x10)	 x10:0x00101a10  x5=0x00000069 PA:0x00101a12 store:0x00137fa0
          17758	      8875	001000c0	04028863	beq	x5,x0,100110	  x5:0x00000069  x0:0x00000000
          17762	      8877	001000c4	0057a023	sw	x5,0(x15)	 x15:0x00020000  x5:0x00000069 PA:0x00020000 store:0x00000069 load:0x00000000
          17766	      8879	001000c8	00354303	lbu	x6,3(x10)	 x10:0x00101a10  x6=0x0000003d PA:0x00101a13 store:0x00000000
          17768	      8880	001000cc	04030263	beq	x6,x0,100110	  x6:0x0000003d  x0:0x00000000
          17772	      8882	001000d0	0067a023	sw	x6,0(x15)	 x15:0x00020000  x6:0x0000003d PA:0x00020000 store:0x0000003d load:0x00000000
          17776	      8884	001000d4	00454383	lbu	x7,4(x10)	 x10:0x00101a10  x7=0x00000000 PA:0x00101a14 store:0x00000000
          17780	      8886	001000d8	02038c63	beq	x7,x0,100110	  x7:0x00000000  x0:0x00000000
          17784	      8888	00100110	00000513	addi	x10,x0,0	  x0:0x00000000 x10=0x00000000
          17788	      8890	00100114	00008067	jalr	x0,0(x1)	  x1:0x001013b0  x0=0x00000000
          17790	      8891	001013b0	000d8513	addi	x10,x27,0	 x27:0x00000002 x10=0x00000002
          17794	      8893	001013b4	d6dfe0ef	jal	x1,100120	  x1=0x001013b8
          17796	      8894	00100120	01c55793	srli	x15,x10,0x1c	 x10:0x00000002 x15=0x00000000
          17798	      8895	00100124	00900713	addi	x14,x0,9	  x0:0x00000000 x14=0x00000009
          17802	      8897	00100128	0cf77a63	bgeu	x14,x15,1001fc	 x14:0x00000009 x15:0x00000000
          17806	      8899	001001fc	03078393	addi	x7,x15,48	 x15:0x00000000  x7=0x00000030
          17808	      8900	00100200	000205b7	lui	x11,0x20	 x11=0x00020000
          17810	      8901	00100204	00451613	slli	x12,x10,0x4	 x10:0x00000002 x12=0x00000020
          17814	      8903	00100208	0075a023	sw	x7,0(x11)	 x11:0x00020000  x7:0x00000030 PA:0x00020000 store:0x00000030 load:0x00000000
          17816	      8904	0010020c	01c65693	srli	x13,x12,0x1c	 x12:0x00000020 x13=0x00000000
          17818	      8905	00100210	00900813	addi	x16,x0,9	  x0:0x00000000 x16=0x00000009
          17820	      8906	00100214	f2d86ae3	bltu	x16,x13,100148	 x16:0x00000009 x13:0x00000000
          17822	      8907	00100218	03068e93	addi	x29,x13,48	 x13:0x00000000 x29=0x00000030
          17824	      8908	0010021c	00020f37	lui	x30,0x20	 x30=0x00020000
          17826	      8909	00100220	00851f93	slli	x31,x10,0x8	 x10:0x00000002 x31=0x00000200
          17830	      8911	00100224	01df2023	sw	x29,0(x30)	 x30:0x00020000 x29:0x00000030 PA:0x00020000 store:0x00000030 load:0x00000000
          17832	      8912	00100228	01cfd793	srli	x15,x31,0x1c	 x31:0x00000200 x15=0x00000000
          17834	      8913	0010022c	00900713	addi	x14,x0,9	  x0:0x00000000 x14=0x00000009
          17836	      8914	00100230	f2f76ae3	bltu	x14,x15,100164	 x14:0x00000009 x15:0x00000000
          17838	      8915	00100234	03078393	addi	x7,x15,48	 x15:0x00000000  x7=0x00000030
          17840	      8916	00100238	000205b7	lui	x11,0x20	 x11=0x00020000
          17842	      8917	0010023c	00c51613	slli	x12,x10,0xc	 x10:0x00000002 x12=0x00002000
          17846	      8919	00100240	0075a023	sw	x7,0(x11)	 x11:0x00020000  x7:0x00000030 PA:0x00020000 store:0x00000030 load:0x00000000
          17848	      8920	00100244	01c65693	srli	x13,x12,0x1c	 x12:0x00002000 x13=0x00000000
          17850	      8921	00100248	00900813	addi	x16,x0,9	  x0:0x00000000 x16=0x00000009
          17852	      8922	0010024c	f2d86ae3	bltu	x16,x13,100180	 x16:0x00000009 x13:0x00000000
          17854	      8923	00100250	03068e93	addi	x29,x13,48	 x13:0x00000000 x29=0x00000030
          17856	      8924	00100254	00020f37	lui	x30,0x20	 x30=0x00020000
          17858	      8925	00100258	01051f93	slli	x31,x10,0x10	 x10:0x00000002 x31=0x00020000
          17862	      8927	0010025c	01df2023	sw	x29,0(x30)	 x30:0x00020000 x29:0x00000030 PA:0x00020000 store:0x00000030 load:0x00000000
          17864	      8928	00100260	01cfd793	srli	x15,x31,0x1c	 x31:0x00020000 x15=0x00000000
          17866	      8929	00100264	00900713	addi	x14,x0,9	  x0:0x00000000 x14=0x00000009
          17868	      8930	00100268	f2f76ae3	bltu	x14,x15,10019c	 x14:0x00000009 x15:0x00000000
          17870	      8931	0010026c	03078393	addi	x7,x15,48	 x15:0x00000000  x7=0x00000030
          17872	      8932	00100270	000205b7	lui	x11,0x20	 x11=0x00020000
          17874	      8933	00100274	01451613	slli	x12,x10,0x14	 x10:0x00000002 x12=0x00200000
          17878	      8935	00100278	0075a023	sw	x7,0(x11)	 x11:0x00020000  x7:0x00000030 PA:0x00020000 store:0x00000030 load:0x00000000
          17880	      8936	0010027c	01c65693	srli	x13,x12,0x1c	 x12:0x00200000 x13=0x00000000
          17882	      8937	00100280	00900813	addi	x16,x0,9	  x0:0x00000000 x16=0x00000009
          17884	      8938	00100284	f2d86ae3	bltu	x16,x13,1001b8	 x16:0x00000009 x13:0x00000000
          17886	      8939	00100288	03068e93	addi	x29,x13,48	 x13:0x00000000 x29=0x00000030
          17888	      8940	0010028c	00020f37	lui	x30,0x20	 x30=0x00020000
          17890	      8941	00100290	01851f93	slli	x31,x10,0x18	 x10:0x00000002 x31=0x02000000
          17894	      8943	00100294	01df2023	sw	x29,0(x30)	 x30:0x00020000 x29:0x00000030 PA:0x00020000 store:0x00000030 load:0x00000000
          17896	      8944	00100298	01cfd793	srli	x15,x31,0x1c	 x31:0x02000000 x15=0x00000000
          17898	      8945	0010029c	00900713	addi	x14,x0,9	  x0:0x00000000 x14=0x00000009
          17900	      8946	001002a0	f2f76ae3	bltu	x14,x15,1001d4	 x14:0x00000009 x15:0x00000000
          17902	      8947	001002a4	03078393	addi	x7,x15,48	 x15:0x00000000  x7=0x00000030
          17904	      8948	001002a8	000205b7	lui	x11,0x20	 x11=0x00020000
          17908	      8950	001002ac	0075a023	sw	x7,0(x11)	 x11:0x00020000  x7:0x00000030 PA:0x00020000 store:0x00000030 load:0x00000000
          17910	      8951	001002b0	00f57513	andi	x10,x10,15	 x10:0x00000002 x10=0x00000002
          17912	      8952	001002b4	00900613	addi	x12,x0,9	  x0:0x00000000 x12=0x00000009
          17916	      8954	001002b8	f2a67ae3	bgeu	x12,x10,1001ec	 x12:0x00000009 x10:0x00000002
          17920	      8956	001001ec	03050893	addi	x17,x10,48	 x10:0x00000002 x17=0x00000032
          17922	      8957	001001f0	00020e37	lui	x28,0x20	 x28=0x00020000
          17926	      8959	001001f4	011e2023	sw	x17,0(x28)	 x28:0x00020000 x17:0x00000032 PA:0x00020000 store:0x00000032 load:0x00000000
          17930	      8961	001001f8	00008067	jalr	x0,0(x1)	  x1:0x001013b8  x0=0x00000000
          17932	      8962	001013b8	a18b0513	addi	x10,x22,-1512	 x22:0x00102000 x10=0x00101a18
          17936	      8964	001013bc	ce5fe0ef	jal	x1,1000a0	  x1=0x001013c0
          17940	      8966	001000a0	00054803	lbu	x16,0(x10)	 x10:0x00101a18 x16=0x00000020 PA:0x00101a18 store:0x00000000
          17942	      8967	001000a4	06080663	beq	x16,x0,100110	 x16:0x00000020  x0:0x00000000
          17944	      8968	001000a8	000207b7	lui	x15,0x20	 x15=0x00020000
          17948	      8970	001000ac	0107a023	sw	x16,0(x15)	 x15:0x00020000 x16:0x00000020 PA:0x00020000 store:0x00000020 load:0x00000000
          17952	      8972	001000b0	00154703	lbu	x14,1(x10)	 x10:0x00101a18 x14=0x00000072 PA:0x00101a19 store:0x001013c0
          17954	      8973	001000b4	04070e63	beq	x14,x0,100110	 x14:0x00000072  x0:0x00000000
          17958	      8975	001000b8	00e7a023	sw	x14,0(x15)	 x15:0x00020000 x14:0x00000072 PA:0x00020000 store:0x00000072 load:0x00000000
          17962	      8977	001000bc	00254283	lbu	x5,2(x10)	 x10:0x00101a18  x5=0x00000065 PA:0x00101a1a store:0x00137fa0
          17964	      8978	001000c0	04028863	beq	x5,x0,100110	  x5:0x00000065  x0:0x00000000
          17968	      8980	001000c4	0057a023	sw	x5,0(x15)	 x15:0x00020000  x5:0x00000065 PA:0x00020000 store:0x00000065 load:0x00000000
          17972	      8982	001000c8	00354303	lbu	x6,3(x10)	 x10:0x00101a18  x6=0x00000073 PA:0x00101a1b store:0x00000000
          17974	      8983	001000cc	04030263	beq	x6,x0,100110	  x6:0x00000073  x0:0x00000000
          17978	      8985	001000d0	0067a023	sw	x6,0(x15)	 x15:0x00020000  x6:0x00000073 PA:0x00020000 store:0x00000073 load:0x00000000
          17982	      8987	001000d4	00454383	lbu	x7,4(x10)	 x10:0x00101a18  x7=0x00000075 PA:0x00101a1c store:0x00000000
          17984	      8988	001000d8	02038c63	beq	x7,x0,100110	  x7:0x00000075  x0:0x00000000
          17988	      8990	001000dc	0077a023	sw	x7,0(x15)	 x15:0x00020000  x7:0x00000075 PA:0x00020000 store:0x00000075 load:0x00000000
          17992	      8992	001000e0	00554583	lbu	x11,5(x10)	 x10:0x00101a18 x11=0x0000006c PA:0x00101a1d store:0x00000065
          17994	      8993	001000e4	02058663	beq	x11,x0,100110	 x11:0x0000006c  x0:0x00000000
          17998	      8995	001000e8	00b7a023	sw	x11,0(x15)	 x15:0x00020000 x11:0x0000006c PA:0x00020000 store:0x0000006c load:0x00000000
          18002	      8997	001000ec	00654603	lbu	x12,6(x10)	 x10:0x00101a18 x12=0x00000074 PA:0x00101a1e store:0x00000073
          18004	      8998	001000f0	02060063	beq	x12,x0,100110	 x12:0x00000074  x0:0x00000000
          18008	      9000	001000f4	00c7a023	sw	x12,0(x15)	 x15:0x00020000 x12:0x00000074 PA:0x00020000 store:0x00000074 load:0x00000000
          18012	      9002	001000f8	00754683	lbu	x13,7(x10)	 x10:0x00101a18 x13=0x0000003a PA:0x00101a1f store:0x00000075
          18014	      9003	001000fc	00850513	addi	x10,x10,8	 x10:0x00101a18 x10=0x00101a20
          18016	      9004	00100100	00068863	beq	x13,x0,100110	 x13:0x0000003a  x0:0x00000000
          18020	      9006	00100104	00d7a023	sw	x13,0(x15)	 x15:0x00020000 x13:0x0000003a PA:0x00020000 store:0x0000003a load:0x00000000
          18024	      9008	00100108	00054803	lbu	x16,0(x10)	 x10:0x00101a20 x16=0x00000020 PA:0x00101a20 store:0x00000000
          18028	      9010	0010010c	fa0810e3	bne	x16,x0,1000ac	 x16:0x00000020  x0:0x00000000
          18034	      9013	001000ac	0107a023	sw	x16,0(x15)	 x15:0x00020000 x16:0x00000020 PA:0x00020000 store:0x00000020 load:0x00000000
          18038	      9015	001000b0	00154703	lbu	x14,1(x10)	 x10:0x00101a20 x14=0x00000000 PA:0x00101a21 store:0x001013c0
          18042	      9017	001000b4	04070e63	beq	x14,x0,100110	 x14:0x00000000  x0:0x00000000
          18046	      9019	00100110	00000513	addi	x10,x0,0	  x0:0x00000000 x10=0x00000000
          18050	      9021	00100114	00008067	jalr	x0,0(x1)	  x1:0x001013c0  x0=0x00000000
          18054	      9023	001013c0	cf8a2503	lw	x10,-776(x20)	 x20:0x00102000 x10=0x400a5069 PA:0x00101cf8 store:0x00000000
          18056	      9024	001013c4	003c0d93	addi	x27,x24,3	 x24:0x00000000 x27=0x00000003
          18058	      9025	001013c8	004c0c13	addi	x24,x24,4	 x24:0x00000000 x24=0x00000004
          18062	      9027	001013cc	d55fe0ef	jal	x1,100120	  x1=0x001013d0
          18064	      9028	00100120	01c55793	srli	x15,x10,0x1c	 x10:0x400a5069 x15=0x00000004
          18066	      9029	00100124	00900713	addi	x14,x0,9	  x0:0x00000000 x14=0x00000009
          18070	      9031	00100128	0cf77a63	bgeu	x14,x15,1001fc	 x14:0x00000009 x15:0x00000004
          18074	      9033	001001fc	03078393	addi	x7,x15,48	 x15:0x00000004  x7=0x00000034
          18076	      9034	00100200	000205b7	lui	x11,0x20	 x11=0x00020000
          18078	      9035	00100204	00451613	slli	x12,x10,0x4	 x10:0x400a5069 x12=0x00a50690
          18082	      9037	00100208	0075a023	sw	x7,0(x11)	 x11:0x00020000  x7:0x00000034 PA:0x00020000 store:0x00000034 load:0x00000000
          18084	      9038	0010020c	01c65693	srli	x13,x12,0x1c	 x12:0x00a50690 x13=0x00000000
          18086	      9039	00100210	00900813	addi	x16,x0,9	  x0:0x00000000 x16=0x00000009
          18088	      9040	00100214	f2d86ae3	bltu	x16,x13,100148	 x16:0x00000009 x13:0x00000000
          18090	      9041	00100218	03068e93	addi	x29,x13,48	 x13:0x00000000 x29=0x00000030
          18092	      9042	0010021c	00020f37	lui	x30,0x20	 x30=0x00020000
          18094	      9043	00100220	00851f93	slli	x31,x10,0x8	 x10:0x400a5069 x31=0x0a506900
          18098	      9045	00100224	01df2023	sw	x29,0(x30)	 x30:0x00020000 x29:0x00000030 PA:0x00020000 store:0x00000030 load:0x00000000
          18100	      9046	00100228	01cfd793	srli	x15,x31,0x1c	 x31:0x0a506900 x15=0x00000000
          18102	      9047	0010022c	00900713	addi	x14,x0,9	  x0:0x00000000 x14=0x00000009
          18104	      9048	00100230	f2f76ae3	bltu	x14,x15,100164	 x14:0x00000009 x15:0x00000000
          18106	      9049	00100234	03078393	addi	x7,x15,48	 x15:0x00000000  x7=0x00000030
          18108	      9050	00100238	000205b7	lui	x11,0x20	 x11=0x00020000
          18110	      9051	0010023c	00c51613	slli	x12,x10,0xc	 x10:0x400a5069 x12=0xa5069000
          18114	      9053	00100240	0075a023	sw	x7,0(x11)	 x11:0x00020000  x7:0x00000030 PA:0x00020000 store:0x00000030 load:0x00000000
          18116	      9054	00100244	01c65693	srli	x13,x12,0x1c	 x12:0xa5069000 x13=0x0000000a
          18118	      9055	00100248	00900813	addi	x16,x0,9	  x0:0x00000000 x16=0x00000009
          18122	      9057	0010024c	f2d86ae3	bltu	x16,x13,100180	 x16:0x00000009 x13:0x0000000a
          18126	      9059	00100180	03768893	addi	x17,x13,55	 x13:0x0000000a x17=0x00000041
          18128	      9060	00100184	00020e37	lui	x28,0x20	 x28=0x00020000
          18130	      9061	00100188	01051f93	slli	x31,x10,0x10	 x10:0x400a5069 x31=0x50690000
          18134	      9063	0010018c	011e2023	sw	x17,0(x28)	 x28:0x00020000 x17:0x00000041 PA:0x00020000 store:0x00000041 load:0x00000000
          18136	      9064	00100190	01cfd793	srli	x15,x31,0x1c	 x31:0x50690000 x15=0x00000005
          18138	      9065	00100194	00900713	addi	x14,x0,9	  x0:0x00000000 x14=0x00000009
          18142	      9067	00100198	0cf77a63	bgeu	x14,x15,10026c	 x14:0x00000009 x15:0x00000005
          18146	      9069	0010026c	03078393	addi	x7,x15,48	 x15:0x00000005  x7=0x00000035
          18148	      9070	00100270	000205b7	lui	x11,0x20	 x11=0x00020000
          18150	      9071	00100274	01451613	slli	x12,x10,0x14	 x10:0x400a5069 x12=0x06900000
          18154	      9073	00100278	0075a023	sw	x7,0(x11)	 x11:0x00020000  x7:0x00000035 PA:0x00020000 store:0x00000035 load:0x00000000
          18156	      9074	0010027c	01c65693	srli	x13,x12,0x1c	 x12:0x06900000 x13=0x00000000
          18158	      9075	00100280	00900813	addi	x16,x0,9	  x0:0x00000000 x16=0x00000009
          18160	      9076	00100284	f2d86ae3	bltu	x16,x13,1001b8	 x16:0x00000009 x13:0x00000000
          18162	      9077	00100288	03068e93	addi	x29,x13,48	 x13:0x00000000 x29=0x00000030
          18164	      9078	0010028c	00020f37	lui	x30,0x20	 x30=0x00020000
          18166	      9079	00100290	01851f93	slli	x31,x10,0x18	 x10:0x400a5069 x31=0x69000000
          18170	      9081	00100294	01df2023	sw	x29,0(x30)	 x30:0x00020000 x29:0x00000030 PA:0x00020000 store:0x00000030 load:0x00000000
          18172	      9082	00100298	01cfd793	srli	x15,x31,0x1c	 x31:0x69000000 x15=0x00000006
          18174	      9083	0010029c	00900713	addi	x14,x0,9	  x0:0x00000000 x14=0x00000009
          18176	      9084	001002a0	f2f76ae3	bltu	x14,x15,1001d4	 x14:0x00000009 x15:0x00000006
          18178	      9085	001002a4	03078393	addi	x7,x15,48	 x15:0x00000006  x7=0x00000036
          18180	      9086	001002a8	000205b7	lui	x11,0x20	 x11=0x00020000
          18184	      9088	001002ac	0075a023	sw	x7,0(x11)	 x11:0x00020000  x7:0x00000036 PA:0x00020000 store:0x00000036 load:0x00000000
          18186	      9089	001002b0	00f57513	andi	x10,x10,15	 x10:0x400a5069 x10=0x00000009
          18188	      9090	001002b4	00900613	addi	x12,x0,9	  x0:0x00000000 x12=0x00000009
          18192	      9092	001002b8	f2a67ae3	bgeu	x12,x10,1001ec	 x12:0x00000009 x10:0x00000009
          18196	      9094	001001ec	03050893	addi	x17,x10,48	 x10:0x00000009 x17=0x00000039
          18198	      9095	001001f0	00020e37	lui	x28,0x20	 x28=0x00020000
          18202	      9097	001001f4	011e2023	sw	x17,0(x28)	 x28:0x00020000 x17:0x00000039 PA:0x00020000 store:0x00000039 load:0x00000000
          18206	      9099	001001f8	00008067	jalr	x0,0(x1)	  x1:0x001013d0  x0=0x00000000
          18218	      9105	001013d0	a10a8513	addi	x10,x21,-1520	 x21:0x00102000 x10=0x00101a10
          18220	      9106	001013d4	d089a987	flw	f19,-760(x19)	 f19:0x00102000 f19=0x00000000 PA:0x00101d08 store:0x41ae842c
          18240	      9116	001013d8	5809fa53	fsqrt.s	f20,f19	 f19:0x00102000 f20=0x00000000
          18246	      9119	001013dc	d149a427	fsw	f20,-760(x19)	 f19:0x00102000 f20:0x00102000 PA:0x00101d08 store:0x3fbc2bd5 load:0x400a5069
          18252	      9122	001013e0	d089aa87	flw	f21,-760(x19)	 f19:0x00102000 f21=0x00000000 PA:0x00000000
          18258	      9125	001013e4	e00a82d3	fmv.x.w	x5,f21	 f21:0x00102000  x5=0x3fbc2bd5
          18260	      9126	001013e8	ce5a2c23	sw	x5,-776(x20)	 x20:0x00102000  x5:0x3fbc2bd5 PA:0x00101cf8 store:0x3fbc2bd5 load:0x3fbc2bd5
          18264	      9128	001013ec	cb5fe0ef	jal	x1,1000a0	  x1=0x001013f0
          18268	      9130	001000a0	00054803	lbu	x16,0(x10)	 x10:0x00101a10 x16=0x0000000a PA:0x00101a10 store:0x00000000
          18270	      9131	001000a4	06080663	beq	x16,x0,100110	 x16:0x0000000a  x0:0x00000000
          18272	      9132	001000a8	000207b7	lui	x15,0x20	 x15=0x00020000
          18276	      9134	001000ac	0107a023	sw	x16,0(x15)	 x15:0x00020000 x16:0x0000000a PA:0x00020000 store:0x0000000a load:0x00000000
          18280	      9136	001000b0	00154703	lbu	x14,1(x10)	 x10:0x00101a10 x14=0x00000020 PA:0x00101a11 store:0x001013f0
          18282	      9137	001000b4	04070e63	beq	x14,x0,100110	 x14:0x00000020  x0:0x00000000
          18286	      9139	001000b8	00e7a023	sw	x14,0(x15)	 x15:0x00020000 x14:0x00000020 PA:0x00020000 store:0x00000020 load:0x00000000
          18290	      9141	001000bc	00254283	lbu	x5,2(x10)	 x10:0x00101a10  x5=0x00000069 PA:0x00101a12 store:0x00137fa0
          18292	      9142	001000c0	04028863	beq	x5,x0,100110	  x5:0x00000069  x0:0x00000000
          18296	      9144	001000c4	0057a023	sw	x5,0(x15)	 x15:0x00020000  x5:0x00000069 PA:0x00020000 store:0x00000069 load:0x00000000
          18300	      9146	001000c8	00354303	lbu	x6,3(x10)	 x10:0x00101a10  x6=0x0000003d PA:0x00101a13 store:0x00000000
          18302	      9147	001000cc	04030263	beq	x6,x0,100110	  x6:0x0000003d  x0:0x00000000
          18306	      9149	001000d0	0067a023	sw	x6,0(x15)	 x15:0x00020000  x6:0x0000003d PA:0x00020000 store:0x0000003d load:0x00000000
          18310	      9151	001000d4	00454383	lbu	x7,4(x10)	 x10:0x00101a10  x7=0x00000000 PA:0x00101a14 store:0x00000000
          18314	      9153	001000d8	02038c63	beq	x7,x0,100110	  x7:0x00000000  x0:0x00000000
          18318	      9155	00100110	00000513	addi	x10,x0,0	  x0:0x00000000 x10=0x00000000
          18322	      9157	00100114	00008067	jalr	x0,0(x1)	  x1:0x001013f0  x0=0x00000000
          18324	      9158	001013f0	000d8513	addi	x10,x27,0	 x27:0x00000003 x10=0x00000003
          18328	      9160	001013f4	d2dfe0ef	jal	x1,100120	  x1=0x001013f8
          18330	      9161	00100120	01c55793	srli	x15,x10,0x1c	 x10:0x00000003 x15=0x00000000
          18332	      9162	00100124	00900713	addi	x14,x0,9	  x0:0x00000000 x14=0x00000009
          18336	      9164	00100128	0cf77a63	bgeu	x14,x15,1001fc	 x14:0x00000009 x15:0x00000000
          18340	      9166	001001fc	03078393	addi	x7,x15,48	 x15:0x00000000  x7=0x00000030
          18342	      9167	00100200	000205b7	lui	x11,0x20	 x11=0x00020000
          18344	      9168	00100204	00451613	slli	x12,x10,0x4	 x10:0x00000003 x12=0x00000030
          18348	      9170	00100208	0075a023	sw	x7,0(x11)	 x11:0x00020000  x7:0x00000030 PA:0x00020000 store:0x00000030 load:0x00000000
          18350	      9171	0010020c	01c65693	srli	x13,x12,0x1c	 x12:0x00000030 x13=0x00000000
          18352	      9172	00100210	00900813	addi	x16,x0,9	  x0:0x00000000 x16=0x00000009
          18354	      9173	00100214	f2d86ae3	bltu	x16,x13,100148	 x16:0x00000009 x13:0x00000000
          18356	      9174	00100218	03068e93	addi	x29,x13,48	 x13:0x00000000 x29=0x00000030
          18358	      9175	0010021c	00020f37	lui	x30,0x20	 x30=0x00020000
          18360	      9176	00100220	00851f93	slli	x31,x10,0x8	 x10:0x00000003 x31=0x00000300
          18364	      9178	00100224	01df2023	sw	x29,0(x30)	 x30:0x00020000 x29:0x00000030 PA:0x00020000 store:0x00000030 load:0x00000000
          18366	      9179	00100228	01cfd793	srli	x15,x31,0x1c	 x31:0x00000300 x15=0x00000000
          18368	      9180	0010022c	00900713	addi	x14,x0,9	  x0:0x00000000 x14=0x00000009
          18370	      9181	00100230	f2f76ae3	bltu	x14,x15,100164	 x14:0x00000009 x15:0x00000000
          18372	      9182	00100234	03078393	addi	x7,x15,48	 x15:0x00000000  x7=0x00000030
          18374	      9183	00100238	000205b7	lui	x11,0x20	 x11=0x00020000
          18376	      9184	0010023c	00c51613	slli	x12,x10,0xc	 x10:0x00000003 x12=0x00003000
          18380	      9186	00100240	0075a023	sw	x7,0(x11)	 x11:0x00020000  x7:0x00000030 PA:0x00020000 store:0x00000030 load:0x00000000
          18382	      9187	00100244	01c65693	srli	x13,x12,0x1c	 x12:0x00003000 x13=0x00000000
          18384	      9188	00100248	00900813	addi	x16,x0,9	  x0:0x00000000 x16=0x00000009
          18386	      9189	0010024c	f2d86ae3	bltu	x16,x13,100180	 x16:0x00000009 x13:0x00000000
          18388	      9190	00100250	03068e93	addi	x29,x13,48	 x13:0x00000000 x29=0x00000030
          18390	      9191	00100254	00020f37	lui	x30,0x20	 x30=0x00020000
          18392	      9192	00100258	01051f93	slli	x31,x10,0x10	 x10:0x00000003 x31=0x00030000
          18396	      9194	0010025c	01df2023	sw	x29,0(x30)	 x30:0x00020000 x29:0x00000030 PA:0x00020000 store:0x00000030 load:0x00000000
          18398	      9195	00100260	01cfd793	srli	x15,x31,0x1c	 x31:0x00030000 x15=0x00000000
          18400	      9196	00100264	00900713	addi	x14,x0,9	  x0:0x00000000 x14=0x00000009
          18402	      9197	00100268	f2f76ae3	bltu	x14,x15,10019c	 x14:0x00000009 x15:0x00000000
          18404	      9198	0010026c	03078393	addi	x7,x15,48	 x15:0x00000000  x7=0x00000030
          18406	      9199	00100270	000205b7	lui	x11,0x20	 x11=0x00020000
          18408	      9200	00100274	01451613	slli	x12,x10,0x14	 x10:0x00000003 x12=0x00300000
          18412	      9202	00100278	0075a023	sw	x7,0(x11)	 x11:0x00020000  x7:0x00000030 PA:0x00020000 store:0x00000030 load:0x00000000
          18414	      9203	0010027c	01c65693	srli	x13,x12,0x1c	 x12:0x00300000 x13=0x00000000
          18416	      9204	00100280	00900813	addi	x16,x0,9	  x0:0x00000000 x16=0x00000009
          18418	      9205	00100284	f2d86ae3	bltu	x16,x13,1001b8	 x16:0x00000009 x13:0x00000000
          18420	      9206	00100288	03068e93	addi	x29,x13,48	 x13:0x00000000 x29=0x00000030
          18422	      9207	0010028c	00020f37	lui	x30,0x20	 x30=0x00020000
          18424	      9208	00100290	01851f93	slli	x31,x10,0x18	 x10:0x00000003 x31=0x03000000
          18428	      9210	00100294	01df2023	sw	x29,0(x30)	 x30:0x00020000 x29:0x00000030 PA:0x00020000 store:0x00000030 load:0x00000000
          18430	      9211	00100298	01cfd793	srli	x15,x31,0x1c	 x31:0x03000000 x15=0x00000000
          18432	      9212	0010029c	00900713	addi	x14,x0,9	  x0:0x00000000 x14=0x00000009
          18434	      9213	001002a0	f2f76ae3	bltu	x14,x15,1001d4	 x14:0x00000009 x15:0x00000000
          18436	      9214	001002a4	03078393	addi	x7,x15,48	 x15:0x00000000  x7=0x00000030
          18438	      9215	001002a8	000205b7	lui	x11,0x20	 x11=0x00020000
          18442	      9217	001002ac	0075a023	sw	x7,0(x11)	 x11:0x00020000  x7:0x00000030 PA:0x00020000 store:0x00000030 load:0x00000000
          18444	      9218	001002b0	00f57513	andi	x10,x10,15	 x10:0x00000003 x10=0x00000003
          18446	      9219	001002b4	00900613	addi	x12,x0,9	  x0:0x00000000 x12=0x00000009
          18450	      9221	001002b8	f2a67ae3	bgeu	x12,x10,1001ec	 x12:0x00000009 x10:0x00000003
          18454	      9223	001001ec	03050893	addi	x17,x10,48	 x10:0x00000003 x17=0x00000033
          18456	      9224	001001f0	00020e37	lui	x28,0x20	 x28=0x00020000
          18460	      9226	001001f4	011e2023	sw	x17,0(x28)	 x28:0x00020000 x17:0x00000033 PA:0x00020000 store:0x00000033 load:0x00000000
          18464	      9228	001001f8	00008067	jalr	x0,0(x1)	  x1:0x001013f8  x0=0x00000000
          18466	      9229	001013f8	a18b0513	addi	x10,x22,-1512	 x22:0x00102000 x10=0x00101a18
          18470	      9231	001013fc	ca5fe0ef	jal	x1,1000a0	  x1=0x00101400
          18474	      9233	001000a0	00054803	lbu	x16,0(x10)	 x10:0x00101a18 x16=0x00000020 PA:0x00101a18 store:0x00000000
          18476	      9234	001000a4	06080663	beq	x16,x0,100110	 x16:0x00000020  x0:0x00000000
          18478	      9235	001000a8	000207b7	lui	x15,0x20	 x15=0x00020000
          18482	      9237	001000ac	0107a023	sw	x16,0(x15)	 x15:0x00020000 x16:0x00000020 PA:0x00020000 store:0x00000020 load:0x00000000
          18486	      9239	001000b0	00154703	lbu	x14,1(x10)	 x10:0x00101a18 x14=0x00000072 PA:0x00101a19 store:0x00101400
          18488	      9240	001000b4	04070e63	beq	x14,x0,100110	 x14:0x00000072  x0:0x00000000
          18492	      9242	001000b8	00e7a023	sw	x14,0(x15)	 x15:0x00020000 x14:0x00000072 PA:0x00020000 store:0x00000072 load:0x00000000
          18496	      9244	001000bc	00254283	lbu	x5,2(x10)	 x10:0x00101a18  x5=0x00000065 PA:0x00101a1a store:0x00137fa0
          18498	      9245	001000c0	04028863	beq	x5,x0,100110	  x5:0x00000065  x0:0x00000000
          18502	      9247	001000c4	0057a023	sw	x5,0(x15)	 x15:0x00020000  x5:0x00000065 PA:0x00020000 store:0x00000065 load:0x00000000
          18506	      9249	001000c8	00354303	lbu	x6,3(x10)	 x10:0x00101a18  x6=0x00000073 PA:0x00101a1b store:0x00000000
          18508	      9250	001000cc	04030263	beq	x6,x0,100110	  x6:0x00000073  x0:0x00000000
          18512	      9252	001000d0	0067a023	sw	x6,0(x15)	 x15:0x00020000  x6:0x00000073 PA:0x00020000 store:0x00000073 load:0x00000000
          18516	      9254	001000d4	00454383	lbu	x7,4(x10)	 x10:0x00101a18  x7=0x00000075 PA:0x00101a1c store:0x00000000
          18518	      9255	001000d8	02038c63	beq	x7,x0,100110	  x7:0x00000075  x0:0x00000000
          18522	      9257	001000dc	0077a023	sw	x7,0(x15)	 x15:0x00020000  x7:0x00000075 PA:0x00020000 store:0x00000075 load:0x00000000
          18526	      9259	001000e0	00554583	lbu	x11,5(x10)	 x10:0x00101a18 x11=0x0000006c PA:0x00101a1d store:0x00000065
          18528	      9260	001000e4	02058663	beq	x11,x0,100110	 x11:0x0000006c  x0:0x00000000
          18532	      9262	001000e8	00b7a023	sw	x11,0(x15)	 x15:0x00020000 x11:0x0000006c PA:0x00020000 store:0x0000006c load:0x00000000
          18536	      9264	001000ec	00654603	lbu	x12,6(x10)	 x10:0x00101a18 x12=0x00000074 PA:0x00101a1e store:0x00000073
          18538	      9265	001000f0	02060063	beq	x12,x0,100110	 x12:0x00000074  x0:0x00000000
          18542	      9267	001000f4	00c7a023	sw	x12,0(x15)	 x15:0x00020000 x12:0x00000074 PA:0x00020000 store:0x00000074 load:0x00000000
          18546	      9269	001000f8	00754683	lbu	x13,7(x10)	 x10:0x00101a18 x13=0x0000003a PA:0x00101a1f store:0x00000075
          18548	      9270	001000fc	00850513	addi	x10,x10,8	 x10:0x00101a18 x10=0x00101a20
          18550	      9271	00100100	00068863	beq	x13,x0,100110	 x13:0x0000003a  x0:0x00000000
          18554	      9273	00100104	00d7a023	sw	x13,0(x15)	 x15:0x00020000 x13:0x0000003a PA:0x00020000 store:0x0000003a load:0x00000000
          18558	      9275	00100108	00054803	lbu	x16,0(x10)	 x10:0x00101a20 x16=0x00000020 PA:0x00101a20 store:0x00000000
          18562	      9277	0010010c	fa0810e3	bne	x16,x0,1000ac	 x16:0x00000020  x0:0x00000000
          18568	      9280	001000ac	0107a023	sw	x16,0(x15)	 x15:0x00020000 x16:0x00000020 PA:0x00020000 store:0x00000020 load:0x00000000
          18572	      9282	001000b0	00154703	lbu	x14,1(x10)	 x10:0x00101a20 x14=0x00000000 PA:0x00101a21 store:0x00101400
          18576	      9284	001000b4	04070e63	beq	x14,x0,100110	 x14:0x00000000  x0:0x00000000
          18580	      9286	00100110	00000513	addi	x10,x0,0	  x0:0x00000000 x10=0x00000000
          18584	      9288	00100114	00008067	jalr	x0,0(x1)	  x1:0x00101400  x0=0x00000000
          18588	      9290	00101400	cf8a2503	lw	x10,-776(x20)	 x20:0x00102000 x10=0x3fbc2bd5 PA:0x00101cf8 store:0x00000004
          18592	      9292	00101404	d1dfe0ef	jal	x1,100120	  x1=0x00101408
          18594	      9293	00100120	01c55793	srli	x15,x10,0x1c	 x10:0x3fbc2bd5 x15=0x00000003
          18596	      9294	00100124	00900713	addi	x14,x0,9	  x0:0x00000000 x14=0x00000009
          18600	      9296	00100128	0cf77a63	bgeu	x14,x15,1001fc	 x14:0x00000009 x15:0x00000003
          18604	      9298	001001fc	03078393	addi	x7,x15,48	 x15:0x00000003  x7=0x00000033
          18606	      9299	00100200	000205b7	lui	x11,0x20	 x11=0x00020000
          18608	      9300	00100204	00451613	slli	x12,x10,0x4	 x10:0x3fbc2bd5 x12=0xfbc2bd50
          18612	      9302	00100208	0075a023	sw	x7,0(x11)	 x11:0x00020000  x7:0x00000033 PA:0x00020000 store:0x00000033 load:0x00000000
          18614	      9303	0010020c	01c65693	srli	x13,x12,0x1c	 x12:0xfbc2bd50 x13=0x0000000f
          18616	      9304	00100210	00900813	addi	x16,x0,9	  x0:0x00000000 x16=0x00000009
          18620	      9306	00100214	f2d86ae3	bltu	x16,x13,100148	 x16:0x00000009 x13:0x0000000f
          18624	      9308	00100148	03768893	addi	x17,x13,55	 x13:0x0000000f x17=0x00000046
          18626	      9309	0010014c	00020e37	lui	x28,0x20	 x28=0x00020000
          18628	      9310	00100150	00851f93	slli	x31,x10,0x8	 x10:0x3fbc2bd5 x31=0xbc2bd500
          18632	      9312	00100154	011e2023	sw	x17,0(x28)	 x28:0x00020000 x17:0x00000046 PA:0x00020000 store:0x00000046 load:0x00000000
          18634	      9313	00100158	01cfd793	srli	x15,x31,0x1c	 x31:0xbc2bd500 x15=0x0000000b
          18636	      9314	0010015c	00900713	addi	x14,x0,9	  x0:0x00000000 x14=0x00000009
          18638	      9315	00100160	0cf77a63	bgeu	x14,x15,100234	 x14:0x00000009 x15:0x0000000b
          18640	      9316	00100164	03778293	addi	x5,x15,55	 x15:0x0000000b  x5=0x00000042
          18642	      9317	00100168	00020337	lui	x6,0x20	  x6=0x00020000
          18644	      9318	0010016c	00c51613	slli	x12,x10,0xc	 x10:0x3fbc2bd5 x12=0xc2bd5000
          18648	      9320	00100170	00532023	sw	x5,0(x6)	  x6:0x00020000  x5:0x00000042 PA:0x00020000 store:0x00000042 load:0x00000000
          18650	      9321	00100174	01c65693	srli	x13,x12,0x1c	 x12:0xc2bd5000 x13=0x0000000c
          18652	      9322	00100178	00900813	addi	x16,x0,9	  x0:0x00000000 x16=0x00000009
          18654	      9323	0010017c	0cd87a63	bgeu	x16,x13,100250	 x16:0x00000009 x13:0x0000000c
          18656	      9324	00100180	03768893	addi	x17,x13,55	 x13:0x0000000c x17=0x00000043
          18658	      9325	00100184	00020e37	lui	x28,0x20	 x28=0x00020000
          18660	      9326	00100188	01051f93	slli	x31,x10,0x10	 x10:0x3fbc2bd5 x31=0x2bd50000
          18664	      9328	0010018c	011e2023	sw	x17,0(x28)	 x28:0x00020000 x17:0x00000043 PA:0x00020000 store:0x00000043 load:0x00000000
          18666	      9329	00100190	01cfd793	srli	x15,x31,0x1c	 x31:0x2bd50000 x15=0x00000002
          18668	      9330	00100194	00900713	addi	x14,x0,9	  x0:0x00000000 x14=0x00000009
          18672	      9332	00100198	0cf77a63	bgeu	x14,x15,10026c	 x14:0x00000009 x15:0x00000002
          18676	      9334	0010026c	03078393	addi	x7,x15,48	 x15:0x00000002  x7=0x00000032
          18678	      9335	00100270	000205b7	lui	x11,0x20	 x11=0x00020000
          18680	      9336	00100274	01451613	slli	x12,x10,0x14	 x10:0x3fbc2bd5 x12=0xbd500000
          18684	      9338	00100278	0075a023	sw	x7,0(x11)	 x11:0x00020000  x7:0x00000032 PA:0x00020000 store:0x00000032 load:0x00000000
          18686	      9339	0010027c	01c65693	srli	x13,x12,0x1c	 x12:0xbd500000 x13=0x0000000b
          18688	      9340	00100280	00900813	addi	x16,x0,9	  x0:0x00000000 x16=0x00000009
          18692	      9342	00100284	f2d86ae3	bltu	x16,x13,1001b8	 x16:0x00000009 x13:0x0000000b
          18696	      9344	001001b8	03768893	addi	x17,x13,55	 x13:0x0000000b x17=0x00000042
          18698	      9345	001001bc	00020e37	lui	x28,0x20	 x28=0x00020000
          18700	      9346	001001c0	01851f93	slli	x31,x10,0x18	 x10:0x3fbc2bd5 x31=0xd5000000
          18704	      9348	001001c4	011e2023	sw	x17,0(x28)	 x28:0x00020000 x17:0x00000042 PA:0x00020000 store:0x00000042 load:0x00000000
          18706	      9349	001001c8	01cfd793	srli	x15,x31,0x1c	 x31:0xd5000000 x15=0x0000000d
          18708	      9350	001001cc	00900713	addi	x14,x0,9	  x0:0x00000000 x14=0x00000009
          18710	      9351	001001d0	0cf77a63	bgeu	x14,x15,1002a4	 x14:0x00000009 x15:0x0000000d
          18712	      9352	001001d4	03778293	addi	x5,x15,55	 x15:0x0000000d  x5=0x00000044
          18714	      9353	001001d8	00020337	lui	x6,0x20	  x6=0x00020000
          18718	      9355	001001dc	00532023	sw	x5,0(x6)	  x6:0x00020000  x5:0x00000044 PA:0x00020000 store:0x00000044 load:0x00000000
          18720	      9356	001001e0	00f57513	andi	x10,x10,15	 x10:0x3fbc2bd5 x10=0x00000005
          18722	      9357	001001e4	00900613	addi	x12,x0,9	  x0:0x00000000 x12=0x00000009
          18724	      9358	001001e8	0ca66a63	bltu	x12,x10,1002bc	 x12:0x00000009 x10:0x00000005
          18726	      9359	001001ec	03050893	addi	x17,x10,48	 x10:0x00000005 x17=0x00000035
          18728	      9360	001001f0	00020e37	lui	x28,0x20	 x28=0x00020000
          18732	      9362	001001f4	011e2023	sw	x17,0(x28)	 x28:0x00020000 x17:0x00000035 PA:0x00020000 store:0x00000035 load:0x00000000
          18736	      9364	001001f8	00008067	jalr	x0,0(x1)	  x1:0x00101408  x0=0x00000000
          18740	      9366	00101408	f1ac18e3	bne	x24,x26,101318	 x24:0x00000004 x26:0x00000014
          18752	      9372	00101318	d089a607	flw	f12,-760(x19)	 f19:0x00102000 f12=0x00000000 PA:0x00101d08 store:0x41ae842c
          18774	      9383	0010131c	580676d3	fsqrt.s	f13,f12	 f12:0x00000009 f13=0x00000000
          18780	      9386	00101320	d0d9a427	fsw	f13,-760(x19)	 f19:0x00102000 f13:0x0000000b PA:0x00101d08 store:0x3f9b3246 load:0x3fbc2bd5
          18786	      9389	00101324	d089a387	flw	f7,-760(x19)	 f19:0x00102000  f7=0x00000000 PA:0x00000000
          18794	      9393	00101328	a10a8513	addi	x10,x21,-1520	 x21:0x00102000 x10=0x00101a10
          18796	      9394	0010132c	e00386d3	fmv.x.w	x13,f7	  f7:0x00000032 x13=0x3f9b3246
          18798	      9395	00101330	ceda2c23	sw	x13,-776(x20)	 x20:0x00102000 x13:0x3f9b3246 PA:0x00101cf8 store:0x3f9b3246 load:0x3f9b3246
          18800	      9396	00101334	d6dfe0ef	jal	x1,1000a0	  x1=0x00101338
          18804	      9398	001000a0	00054803	lbu	x16,0(x10)	 x10:0x00101a10 x16=0x0000000a PA:0x00101a10 store:0x00000000
          18806	      9399	001000a4	06080663	beq	x16,x0,100110	 x16:0x0000000a  x0:0x00000000
          18808	      9400	001000a8	000207b7	lui	x15,0x20	 x15=0x00020000
          18812	      9402	001000ac	0107a023	sw	x16,0(x15)	 x15:0x00020000 x16:0x0000000a PA:0x00020000 store:0x0000000a load:0x00000000
          18816	      9404	001000b0	00154703	lbu	x14,1(x10)	 x10:0x00101a10 x14=0x00000020 PA:0x00101a11 store:0x00101338
          18818	      9405	001000b4	04070e63	beq	x14,x0,100110	 x14:0x00000020  x0:0x00000000
          18822	      9407	001000b8	00e7a023	sw	x14,0(x15)	 x15:0x00020000 x14:0x00000020 PA:0x00020000 store:0x00000020 load:0x00000000
          18826	      9409	001000bc	00254283	lbu	x5,2(x10)	 x10:0x00101a10  x5=0x00000069 PA:0x00101a12 store:0x00137fa0
          18828	      9410	001000c0	04028863	beq	x5,x0,100110	  x5:0x00000069  x0:0x00000000
          18832	      9412	001000c4	0057a023	sw	x5,0(x15)	 x15:0x00020000  x5:0x00000069 PA:0x00020000 store:0x00000069 load:0x00000000
          18836	      9414	001000c8	00354303	lbu	x6,3(x10)	 x10:0x00101a10  x6=0x0000003d PA:0x00101a13 store:0x00000000
          18838	      9415	001000cc	04030263	beq	x6,x0,100110	  x6:0x0000003d  x0:0x00000000
          18842	      9417	001000d0	0067a023	sw	x6,0(x15)	 x15:0x00020000  x6:0x0000003d PA:0x00020000 store:0x0000003d load:0x00000000
          18846	      9419	001000d4	00454383	lbu	x7,4(x10)	 x10:0x00101a10  x7=0x00000000 PA:0x00101a14 store:0x00000000
          18850	      9421	001000d8	02038c63	beq	x7,x0,100110	  x7:0x00000000  x0:0x00000000
          18854	      9423	00100110	00000513	addi	x10,x0,0	  x0:0x00000000 x10=0x00000000
          18858	      9425	00100114	00008067	jalr	x0,0(x1)	  x1:0x00101338  x0=0x00000000
          18860	      9426	00101338	000c0513	addi	x10,x24,0	 x24:0x00000004 x10=0x00000004
          18864	      9428	0010133c	de5fe0ef	jal	x1,100120	  x1=0x00101340
          18866	      9429	00100120	01c55793	srli	x15,x10,0x1c	 x10:0x00000004 x15=0x00000000
          18868	      9430	00100124	00900713	addi	x14,x0,9	  x0:0x00000000 x14=0x00000009
          18872	      9432	00100128	0cf77a63	bgeu	x14,x15,1001fc	 x14:0x00000009 x15:0x00000000
          18876	      9434	001001fc	03078393	addi	x7,x15,48	 x15:0x00000000  x7=0x00000030
          18878	      9435	00100200	000205b7	lui	x11,0x20	 x11=0x00020000
          18880	      9436	00100204	00451613	slli	x12,x10,0x4	 x10:0x00000004 x12=0x00000040
          18884	      9438	00100208	0075a023	sw	x7,0(x11)	 x11:0x00020000  x7:0x00000030 PA:0x00020000 store:0x00000030 load:0x00000000
          18886	      9439	0010020c	01c65693	srli	x13,x12,0x1c	 x12:0x00000040 x13=0x00000000
          18888	      9440	00100210	00900813	addi	x16,x0,9	  x0:0x00000000 x16=0x00000009
          18890	      9441	00100214	f2d86ae3	bltu	x16,x13,100148	 x16:0x00000009 x13:0x00000000
          18892	      9442	00100218	03068e93	addi	x29,x13,48	 x13:0x00000000 x29=0x00000030
          18894	      9443	0010021c	00020f37	lui	x30,0x20	 x30=0x00020000
          18896	      9444	00100220	00851f93	slli	x31,x10,0x8	 x10:0x00000004 x31=0x00000400
          18900	      9446	00100224	01df2023	sw	x29,0(x30)	 x30:0x00020000 x29:0x00000030 PA:0x00020000 store:0x00000030 load:0x00000000
          18902	      9447	00100228	01cfd793	srli	x15,x31,0x1c	 x31:0x00000400 x15=0x00000000
          18904	      9448	0010022c	00900713	addi	x14,x0,9	  x0:0x00000000 x14=0x00000009
          18906	      9449	00100230	f2f76ae3	bltu	x14,x15,100164	 x14:0x00000009 x15:0x00000000
          18908	      9450	00100234	03078393	addi	x7,x15,48	 x15:0x00000000  x7=0x00000030
          18910	      9451	00100238	000205b7	lui	x11,0x20	 x11=0x00020000
          18912	      9452	0010023c	00c51613	slli	x12,x10,0xc	 x10:0x00000004 x12=0x00004000
          18916	      9454	00100240	0075a023	sw	x7,0(x11)	 x11:0x00020000  x7:0x00000030 PA:0x00020000 store:0x00000030 load:0x00000000
          18918	      9455	00100244	01c65693	srli	x13,x12,0x1c	 x12:0x00004000 x13=0x00000000
          18920	      9456	00100248	00900813	addi	x16,x0,9	  x0:0x00000000 x16=0x00000009
          18922	      9457	0010024c	f2d86ae3	bltu	x16,x13,100180	 x16:0x00000009 x13:0x00000000
          18924	      9458	00100250	03068e93	addi	x29,x13,48	 x13:0x00000000 x29=0x00000030
          18926	      9459	00100254	00020f37	lui	x30,0x20	 x30=0x00020000
          18928	      9460	00100258	01051f93	slli	x31,x10,0x10	 x10:0x00000004 x31=0x00040000
          18932	      9462	0010025c	01df2023	sw	x29,0(x30)	 x30:0x00020000 x29:0x00000030 PA:0x00020000 store:0x00000030 load:0x00000000
          18934	      9463	00100260	01cfd793	srli	x15,x31,0x1c	 x31:0x00040000 x15=0x00000000
          18936	      9464	00100264	00900713	addi	x14,x0,9	  x0:0x00000000 x14=0x00000009
          18938	      9465	00100268	f2f76ae3	bltu	x14,x15,10019c	 x14:0x00000009 x15:0x00000000
          18940	      9466	0010026c	03078393	addi	x7,x15,48	 x15:0x00000000  x7=0x00000030
          18942	      9467	00100270	000205b7	lui	x11,0x20	 x11=0x00020000
          18944	      9468	00100274	01451613	slli	x12,x10,0x14	 x10:0x00000004 x12=0x00400000
          18948	      9470	00100278	0075a023	sw	x7,0(x11)	 x11:0x00020000  x7:0x00000030 PA:0x00020000 store:0x00000030 load:0x00000000
          18950	      9471	0010027c	01c65693	srli	x13,x12,0x1c	 x12:0x00400000 x13=0x00000000
          18952	      9472	00100280	00900813	addi	x16,x0,9	  x0:0x00000000 x16=0x00000009
          18954	      9473	00100284	f2d86ae3	bltu	x16,x13,1001b8	 x16:0x00000009 x13:0x00000000
          18956	      9474	00100288	03068e93	addi	x29,x13,48	 x13:0x00000000 x29=0x00000030
          18958	      9475	0010028c	00020f37	lui	x30,0x20	 x30=0x00020000
          18960	      9476	00100290	01851f93	slli	x31,x10,0x18	 x10:0x00000004 x31=0x04000000
          18964	      9478	00100294	01df2023	sw	x29,0(x30)	 x30:0x00020000 x29:0x00000030 PA:0x00020000 store:0x00000030 load:0x00000000
          18966	      9479	00100298	01cfd793	srli	x15,x31,0x1c	 x31:0x04000000 x15=0x00000000
          18968	      9480	0010029c	00900713	addi	x14,x0,9	  x0:0x00000000 x14=0x00000009
          18970	      9481	001002a0	f2f76ae3	bltu	x14,x15,1001d4	 x14:0x00000009 x15:0x00000000
          18972	      9482	001002a4	03078393	addi	x7,x15,48	 x15:0x00000000  x7=0x00000030
          18974	      9483	001002a8	000205b7	lui	x11,0x20	 x11=0x00020000
          18978	      9485	001002ac	0075a023	sw	x7,0(x11)	 x11:0x00020000  x7:0x00000030 PA:0x00020000 store:0x00000030 load:0x00000000
          18980	      9486	001002b0	00f57513	andi	x10,x10,15	 x10:0x00000004 x10=0x00000004
          18982	      9487	001002b4	00900613	addi	x12,x0,9	  x0:0x00000000 x12=0x00000009
          18986	      9489	001002b8	f2a67ae3	bgeu	x12,x10,1001ec	 x12:0x00000009 x10:0x00000004
          18990	      9491	001001ec	03050893	addi	x17,x10,48	 x10:0x00000004 x17=0x00000034
          18992	      9492	001001f0	00020e37	lui	x28,0x20	 x28=0x00020000
          18996	      9494	001001f4	011e2023	sw	x17,0(x28)	 x28:0x00020000 x17:0x00000034 PA:0x00020000 store:0x00000034 load:0x00000000
          19000	      9496	001001f8	00008067	jalr	x0,0(x1)	  x1:0x00101340  x0=0x00000000
          19002	      9497	00101340	a18b0513	addi	x10,x22,-1512	 x22:0x00102000 x10=0x00101a18
          19006	      9499	00101344	d5dfe0ef	jal	x1,1000a0	  x1=0x00101348
          19010	      9501	001000a0	00054803	lbu	x16,0(x10)	 x10:0x00101a18 x16=0x00000020 PA:0x00101a18 store:0x00000000
          19012	      9502	001000a4	06080663	beq	x16,x0,100110	 x16:0x00000020  x0:0x00000000
          19014	      9503	001000a8	000207b7	lui	x15,0x20	 x15=0x00020000
          19018	      9505	001000ac	0107a023	sw	x16,0(x15)	 x15:0x00020000 x16:0x00000020 PA:0x00020000 store:0x00000020 load:0x00000000
          19022	      9507	001000b0	00154703	lbu	x14,1(x10)	 x10:0x00101a18 x14=0x00000072 PA:0x00101a19 store:0x00101348
          19024	      9508	001000b4	04070e63	beq	x14,x0,100110	 x14:0x00000072  x0:0x00000000
          19028	      9510	001000b8	00e7a023	sw	x14,0(x15)	 x15:0x00020000 x14:0x00000072 PA:0x00020000 store:0x00000072 load:0x00000000
          19032	      9512	001000bc	00254283	lbu	x5,2(x10)	 x10:0x00101a18  x5=0x00000065 PA:0x00101a1a store:0x00137fa0
          19034	      9513	001000c0	04028863	beq	x5,x0,100110	  x5:0x00000065  x0:0x00000000
          19038	      9515	001000c4	0057a023	sw	x5,0(x15)	 x15:0x00020000  x5:0x00000065 PA:0x00020000 store:0x00000065 load:0x00000000
          19042	      9517	001000c8	00354303	lbu	x6,3(x10)	 x10:0x00101a18  x6=0x00000073 PA:0x00101a1b store:0x00000000
          19044	      9518	001000cc	04030263	beq	x6,x0,100110	  x6:0x00000073  x0:0x00000000
          19048	      9520	001000d0	0067a023	sw	x6,0(x15)	 x15:0x00020000  x6:0x00000073 PA:0x00020000 store:0x00000073 load:0x00000000
          19052	      9522	001000d4	00454383	lbu	x7,4(x10)	 x10:0x00101a18  x7=0x00000075 PA:0x00101a1c store:0x00000000
          19054	      9523	001000d8	02038c63	beq	x7,x0,100110	  x7:0x00000075  x0:0x00000000
          19058	      9525	001000dc	0077a023	sw	x7,0(x15)	 x15:0x00020000  x7:0x00000075 PA:0x00020000 store:0x00000075 load:0x00000000
          19062	      9527	001000e0	00554583	lbu	x11,5(x10)	 x10:0x00101a18 x11=0x0000006c PA:0x00101a1d store:0x00000065
          19064	      9528	001000e4	02058663	beq	x11,x0,100110	 x11:0x0000006c  x0:0x00000000
          19068	      9530	001000e8	00b7a023	sw	x11,0(x15)	 x15:0x00020000 x11:0x0000006c PA:0x00020000 store:0x0000006c load:0x00000000
          19072	      9532	001000ec	00654603	lbu	x12,6(x10)	 x10:0x00101a18 x12=0x00000074 PA:0x00101a1e store:0x00000073
          19074	      9533	001000f0	02060063	beq	x12,x0,100110	 x12:0x00000074  x0:0x00000000
          19078	      9535	001000f4	00c7a023	sw	x12,0(x15)	 x15:0x00020000 x12:0x00000074 PA:0x00020000 store:0x00000074 load:0x00000000
          19082	      9537	001000f8	00754683	lbu	x13,7(x10)	 x10:0x00101a18 x13=0x0000003a PA:0x00101a1f store:0x00000075
          19084	      9538	001000fc	00850513	addi	x10,x10,8	 x10:0x00101a18 x10=0x00101a20
          19086	      9539	00100100	00068863	beq	x13,x0,100110	 x13:0x0000003a  x0:0x00000000
          19090	      9541	00100104	00d7a023	sw	x13,0(x15)	 x15:0x00020000 x13:0x0000003a PA:0x00020000 store:0x0000003a load:0x00000000
          19094	      9543	00100108	00054803	lbu	x16,0(x10)	 x10:0x00101a20 x16=0x00000020 PA:0x00101a20 store:0x00000000
          19098	      9545	0010010c	fa0810e3	bne	x16,x0,1000ac	 x16:0x00000020  x0:0x00000000
          19104	      9548	001000ac	0107a023	sw	x16,0(x15)	 x15:0x00020000 x16:0x00000020 PA:0x00020000 store:0x00000020 load:0x00000000
          19108	      9550	001000b0	00154703	lbu	x14,1(x10)	 x10:0x00101a20 x14=0x00000000 PA:0x00101a21 store:0x00101348
          19112	      9552	001000b4	04070e63	beq	x14,x0,100110	 x14:0x00000000  x0:0x00000000
          19116	      9554	00100110	00000513	addi	x10,x0,0	  x0:0x00000000 x10=0x00000000
          19120	      9556	00100114	00008067	jalr	x0,0(x1)	  x1:0x00101348  x0=0x00000000
          19124	      9558	00101348	cf8a2503	lw	x10,-776(x20)	 x20:0x00102000 x10=0x3f9b3246 PA:0x00101cf8 store:0x00000004
          19126	      9559	0010134c	001c0d93	addi	x27,x24,1	 x24:0x00000004 x27=0x00000005
          19130	      9561	00101350	dd1fe0ef	jal	x1,100120	  x1=0x00101354
          19132	      9562	00100120	01c55793	srli	x15,x10,0x1c	 x10:0x3f9b3246 x15=0x00000003
          19134	      9563	00100124	00900713	addi	x14,x0,9	  x0:0x00000000 x14=0x00000009
          19138	      9565	00100128	0cf77a63	bgeu	x14,x15,1001fc	 x14:0x00000009 x15:0x00000003
          19142	      9567	001001fc	03078393	addi	x7,x15,48	 x15:0x00000003  x7=0x00000033
          19144	      9568	00100200	000205b7	lui	x11,0x20	 x11=0x00020000
          19146	      9569	00100204	00451613	slli	x12,x10,0x4	 x10:0x3f9b3246 x12=0xf9b32460
          19150	      9571	00100208	0075a023	sw	x7,0(x11)	 x11:0x00020000  x7:0x00000033 PA:0x00020000 store:0x00000033 load:0x00000000
          19152	      9572	0010020c	01c65693	srli	x13,x12,0x1c	 x12:0xf9b32460 x13=0x0000000f
          19154	      9573	00100210	00900813	addi	x16,x0,9	  x0:0x00000000 x16=0x00000009
          19158	      9575	00100214	f2d86ae3	bltu	x16,x13,100148	 x16:0x00000009 x13:0x0000000f
          19162	      9577	00100148	03768893	addi	x17,x13,55	 x13:0x0000000f x17=0x00000046
          19164	      9578	0010014c	00020e37	lui	x28,0x20	 x28=0x00020000
          19166	      9579	00100150	00851f93	slli	x31,x10,0x8	 x10:0x3f9b3246 x31=0x9b324600
          19170	      9581	00100154	011e2023	sw	x17,0(x28)	 x28:0x00020000 x17:0x00000046 PA:0x00020000 store:0x00000046 load:0x00000000
          19172	      9582	00100158	01cfd793	srli	x15,x31,0x1c	 x31:0x9b324600 x15=0x00000009
          19174	      9583	0010015c	00900713	addi	x14,x0,9	  x0:0x00000000 x14=0x00000009
          19178	      9585	00100160	0cf77a63	bgeu	x14,x15,100234	 x14:0x00000009 x15:0x00000009
          19182	      9587	00100234	03078393	addi	x7,x15,48	 x15:0x00000009  x7=0x00000039
          19184	      9588	00100238	000205b7	lui	x11,0x20	 x11=0x00020000
          19186	      9589	0010023c	00c51613	slli	x12,x10,0xc	 x10:0x3f9b3246 x12=0xb3246000
          19190	      9591	00100240	0075a023	sw	x7,0(x11)	 x11:0x00020000  x7:0x00000039 PA:0x00020000 store:0x00000039 load:0x00000000
          19192	      9592	00100244	01c65693	srli	x13,x12,0x1c	 x12:0xb3246000 x13=0x0000000b
          19194	      9593	00100248	00900813	addi	x16,x0,9	  x0:0x00000000 x16=0x00000009
          19198	      9595	0010024c	f2d86ae3	bltu	x16,x13,100180	 x16:0x00000009 x13:0x0000000b
          19202	      9597	00100180	03768893	addi	x17,x13,55	 x13:0x0000000b x17=0x00000042
          19204	      9598	00100184	00020e37	lui	x28,0x20	 x28=0x00020000
          19206	      9599	00100188	01051f93	slli	x31,x10,0x10	 x10:0x3f9b3246 x31=0x32460000
          19210	      9601	0010018c	011e2023	sw	x17,0(x28)	 x28:0x00020000 x17:0x00000042 PA:0x00020000 store:0x00000042 load:0x00000000
          19212	      9602	00100190	01cfd793	srli	x15,x31,0x1c	 x31:0x32460000 x15=0x00000003
          19214	      9603	00100194	00900713	addi	x14,x0,9	  x0:0x00000000 x14=0x00000009
          19218	      9605	00100198	0cf77a63	bgeu	x14,x15,10026c	 x14:0x00000009 x15:0x00000003
          19222	      9607	0010026c	03078393	addi	x7,x15,48	 x15:0x00000003  x7=0x00000033
          19224	      9608	00100270	000205b7	lui	x11,0x20	 x11=0x00020000
          19226	      9609	00100274	01451613	slli	x12,x10,0x14	 x10:0x3f9b3246 x12=0x24600000
          19230	      9611	00100278	0075a023	sw	x7,0(x11)	 x11:0x00020000  x7:0x00000033 PA:0x00020000 store:0x00000033 load:0x00000000
          19232	      9612	0010027c	01c65693	srli	x13,x12,0x1c	 x12:0x24600000 x13=0x00000002
          19234	      9613	00100280	00900813	addi	x16,x0,9	  x0:0x00000000 x16=0x00000009
          19236	      9614	00100284	f2d86ae3	bltu	x16,x13,1001b8	 x16:0x00000009 x13:0x00000002
          19238	      9615	00100288	03068e93	addi	x29,x13,48	 x13:0x00000002 x29=0x00000032
          19240	      9616	0010028c	00020f37	lui	x30,0x20	 x30=0x00020000
          19242	      9617	00100290	01851f93	slli	x31,x10,0x18	 x10:0x3f9b3246 x31=0x46000000
          19246	      9619	00100294	01df2023	sw	x29,0(x30)	 x30:0x00020000 x29:0x00000032 PA:0x00020000 store:0x00000032 load:0x00000000
          19248	      9620	00100298	01cfd793	srli	x15,x31,0x1c	 x31:0x46000000 x15=0x00000004
          19250	      9621	0010029c	00900713	addi	x14,x0,9	  x0:0x00000000 x14=0x00000009
          19252	      9622	001002a0	f2f76ae3	bltu	x14,x15,1001d4	 x14:0x00000009 x15:0x00000004
          19254	      9623	001002a4	03078393	addi	x7,x15,48	 x15:0x00000004  x7=0x00000034
          19256	      9624	001002a8	000205b7	lui	x11,0x20	 x11=0x00020000
          19260	      9626	001002ac	0075a023	sw	x7,0(x11)	 x11:0x00020000  x7:0x00000034 PA:0x00020000 store:0x00000034 load:0x00000000
          19262	      9627	001002b0	00f57513	andi	x10,x10,15	 x10:0x3f9b3246 x10=0x00000006
          19264	      9628	001002b4	00900613	addi	x12,x0,9	  x0:0x00000000 x12=0x00000009
          19268	      9630	001002b8	f2a67ae3	bgeu	x12,x10,1001ec	 x12:0x00000009 x10:0x00000006
          19272	      9632	001001ec	03050893	addi	x17,x10,48	 x10:0x00000006 x17=0x00000036
          19274	      9633	001001f0	00020e37	lui	x28,0x20	 x28=0x00020000
          19278	      9635	001001f4	011e2023	sw	x17,0(x28)	 x28:0x00020000 x17:0x00000036 PA:0x00020000 store:0x00000036 load:0x00000000
          19292	      9642	001001f8	00008067	jalr	x0,0(x1)	  x1:0x00101354  x0=0x00000000
          19294	      9643	00101354	d089a407	flw	f8,-760(x19)	 f19:0x00102000  f8=0x00000000 PA:0x00101d08 store:0x41ae842c
          19314	      9653	00101358	580474d3	fsqrt.s	f9,f8	  f8:0x00102000  f9=0x00000000
          19320	      9656	0010135c	d099a427	fsw	f9,-760(x19)	 f19:0x00102000  f9:0x00102000 PA:0x00101d08 store:0x3f8cf199 load:0x3f9b3246
          19326	      9659	00101360	d089a507	flw	f10,-760(x19)	 f19:0x00102000 f10=0x00000000 PA:0x00000000
          19334	      9663	00101364	a10a8513	addi	x10,x21,-1520	 x21:0x00102000 x10=0x00101a10
          19336	      9664	00101368	e0050753	fmv.x.w	x14,f10	 f10:0x00101a10 x14=0x3f8cf199
          19338	      9665	0010136c	ceea2c23	sw	x14,-776(x20)	 x20:0x00102000 x14:0x3f8cf199 PA:0x00101cf8 store:0x3f8cf199 load:0x3f8cf199
          19340	      9666	00101370	d31fe0ef	jal	x1,1000a0	  x1=0x00101374
          19344	      9668	001000a0	00054803	lbu	x16,0(x10)	 x10:0x00101a10 x16=0x0000000a PA:0x00101a10 store:0x00000000
          19346	      9669	001000a4	06080663	beq	x16,x0,100110	 x16:0x0000000a  x0:0x00000000
          19348	      9670	001000a8	000207b7	lui	x15,0x20	 x15=0x00020000
          19352	      9672	001000ac	0107a023	sw	x16,0(x15)	 x15:0x00020000 x16:0x0000000a PA:0x00020000 store:0x0000000a load:0x00000000
          19356	      9674	001000b0	00154703	lbu	x14,1(x10)	 x10:0x00101a10 x14=0x00000020 PA:0x00101a11 store:0x00101374
          19358	      9675	001000b4	04070e63	beq	x14,x0,100110	 x14:0x00000020  x0:0x00000000
          19362	      9677	001000b8	00e7a023	sw	x14,0(x15)	 x15:0x00020000 x14:0x00000020 PA:0x00020000 store:0x00000020 load:0x00000000
          19366	      9679	001000bc	00254283	lbu	x5,2(x10)	 x10:0x00101a10  x5=0x00000069 PA:0x00101a12 store:0x00137fa0
          19368	      9680	001000c0	04028863	beq	x5,x0,100110	  x5:0x00000069  x0:0x00000000
          19372	      9682	001000c4	0057a023	sw	x5,0(x15)	 x15:0x00020000  x5:0x00000069 PA:0x00020000 store:0x00000069 load:0x00000000
          19376	      9684	001000c8	00354303	lbu	x6,3(x10)	 x10:0x00101a10  x6=0x0000003d PA:0x00101a13 store:0x00000000
          19378	      9685	001000cc	04030263	beq	x6,x0,100110	  x6:0x0000003d  x0:0x00000000
          19382	      9687	001000d0	0067a023	sw	x6,0(x15)	 x15:0x00020000  x6:0x0000003d PA:0x00020000 store:0x0000003d load:0x00000000
          19386	      9689	001000d4	00454383	lbu	x7,4(x10)	 x10:0x00101a10  x7=0x00000000 PA:0x00101a14 store:0x00000000
          19390	      9691	001000d8	02038c63	beq	x7,x0,100110	  x7:0x00000000  x0:0x00000000
          19394	      9693	00100110	00000513	addi	x10,x0,0	  x0:0x00000000 x10=0x00000000
          19398	      9695	00100114	00008067	jalr	x0,0(x1)	  x1:0x00101374  x0=0x00000000
          19400	      9696	00101374	000d8513	addi	x10,x27,0	 x27:0x00000005 x10=0x00000005
          19404	      9698	00101378	da9fe0ef	jal	x1,100120	  x1=0x0010137c
          19406	      9699	00100120	01c55793	srli	x15,x10,0x1c	 x10:0x00000005 x15=0x00000000
          19408	      9700	00100124	00900713	addi	x14,x0,9	  x0:0x00000000 x14=0x00000009
          19412	      9702	00100128	0cf77a63	bgeu	x14,x15,1001fc	 x14:0x00000009 x15:0x00000000
          19416	      9704	001001fc	03078393	addi	x7,x15,48	 x15:0x00000000  x7=0x00000030
          19418	      9705	00100200	000205b7	lui	x11,0x20	 x11=0x00020000
          19420	      9706	00100204	00451613	slli	x12,x10,0x4	 x10:0x00000005 x12=0x00000050
          19424	      9708	00100208	0075a023	sw	x7,0(x11)	 x11:0x00020000  x7:0x00000030 PA:0x00020000 store:0x00000030 load:0x00000000
          19426	      9709	0010020c	01c65693	srli	x13,x12,0x1c	 x12:0x00000050 x13=0x00000000
          19428	      9710	00100210	00900813	addi	x16,x0,9	  x0:0x00000000 x16=0x00000009
          19430	      9711	00100214	f2d86ae3	bltu	x16,x13,100148	 x16:0x00000009 x13:0x00000000
          19432	      9712	00100218	03068e93	addi	x29,x13,48	 x13:0x00000000 x29=0x00000030
          19434	      9713	0010021c	00020f37	lui	x30,0x20	 x30=0x00020000
          19436	      9714	00100220	00851f93	slli	x31,x10,0x8	 x10:0x00000005 x31=0x00000500
          19440	      9716	00100224	01df2023	sw	x29,0(x30)	 x30:0x00020000 x29:0x00000030 PA:0x00020000 store:0x00000030 load:0x00000000
          19442	      9717	00100228	01cfd793	srli	x15,x31,0x1c	 x31:0x00000500 x15=0x00000000
          19444	      9718	0010022c	00900713	addi	x14,x0,9	  x0:0x00000000 x14=0x00000009
          19446	      9719	00100230	f2f76ae3	bltu	x14,x15,100164	 x14:0x00000009 x15:0x00000000
          19448	      9720	00100234	03078393	addi	x7,x15,48	 x15:0x00000000  x7=0x00000030
          19450	      9721	00100238	000205b7	lui	x11,0x20	 x11=0x00020000
          19452	      9722	0010023c	00c51613	slli	x12,x10,0xc	 x10:0x00000005 x12=0x00005000
          19456	      9724	00100240	0075a023	sw	x7,0(x11)	 x11:0x00020000  x7:0x00000030 PA:0x00020000 store:0x00000030 load:0x00000000
          19458	      9725	00100244	01c65693	srli	x13,x12,0x1c	 x12:0x00005000 x13=0x00000000
          19460	      9726	00100248	00900813	addi	x16,x0,9	  x0:0x00000000 x16=0x00000009
          19462	      9727	0010024c	f2d86ae3	bltu	x16,x13,100180	 x16:0x00000009 x13:0x00000000
          19464	      9728	00100250	03068e93	addi	x29,x13,48	 x13:0x00000000 x29=0x00000030
          19466	      9729	00100254	00020f37	lui	x30,0x20	 x30=0x00020000
          19468	      9730	00100258	01051f93	slli	x31,x10,0x10	 x10:0x00000005 x31=0x00050000
          19472	      9732	0010025c	01df2023	sw	x29,0(x30)	 x30:0x00020000 x29:0x00000030 PA:0x00020000 store:0x00000030 load:0x00000000
          19474	      9733	00100260	01cfd793	srli	x15,x31,0x1c	 x31:0x00050000 x15=0x00000000
          19476	      9734	00100264	00900713	addi	x14,x0,9	  x0:0x00000000 x14=0x00000009
          19478	      9735	00100268	f2f76ae3	bltu	x14,x15,10019c	 x14:0x00000009 x15:0x00000000
          19480	      9736	0010026c	03078393	addi	x7,x15,48	 x15:0x00000000  x7=0x00000030
          19482	      9737	00100270	000205b7	lui	x11,0x20	 x11=0x00020000
          19484	      9738	00100274	01451613	slli	x12,x10,0x14	 x10:0x00000005 x12=0x00500000
          19488	      9740	00100278	0075a023	sw	x7,0(x11)	 x11:0x00020000  x7:0x00000030 PA:0x00020000 store:0x00000030 load:0x00000000
          19490	      9741	0010027c	01c65693	srli	x13,x12,0x1c	 x12:0x00500000 x13=0x00000000
          19492	      9742	00100280	00900813	addi	x16,x0,9	  x0:0x00000000 x16=0x00000009
          19494	      9743	00100284	f2d86ae3	bltu	x16,x13,1001b8	 x16:0x00000009 x13:0x00000000
          19496	      9744	00100288	03068e93	addi	x29,x13,48	 x13:0x00000000 x29=0x00000030
          19498	      9745	0010028c	00020f37	lui	x30,0x20	 x30=0x00020000
          19500	      9746	00100290	01851f93	slli	x31,x10,0x18	 x10:0x00000005 x31=0x05000000
          19504	      9748	00100294	01df2023	sw	x29,0(x30)	 x30:0x00020000 x29:0x00000030 PA:0x00020000 store:0x00000030 load:0x00000000
          19506	      9749	00100298	01cfd793	srli	x15,x31,0x1c	 x31:0x05000000 x15=0x00000000
          19508	      9750	0010029c	00900713	addi	x14,x0,9	  x0:0x00000000 x14=0x00000009
          19510	      9751	001002a0	f2f76ae3	bltu	x14,x15,1001d4	 x14:0x00000009 x15:0x00000000
          19512	      9752	001002a4	03078393	addi	x7,x15,48	 x15:0x00000000  x7=0x00000030
          19514	      9753	001002a8	000205b7	lui	x11,0x20	 x11=0x00020000
          19518	      9755	001002ac	0075a023	sw	x7,0(x11)	 x11:0x00020000  x7:0x00000030 PA:0x00020000 store:0x00000030 load:0x00000000
          19520	      9756	001002b0	00f57513	andi	x10,x10,15	 x10:0x00000005 x10=0x00000005
          19522	      9757	001002b4	00900613	addi	x12,x0,9	  x0:0x00000000 x12=0x00000009
          19526	      9759	001002b8	f2a67ae3	bgeu	x12,x10,1001ec	 x12:0x00000009 x10:0x00000005
          19530	      9761	001001ec	03050893	addi	x17,x10,48	 x10:0x00000005 x17=0x00000035
          19532	      9762	001001f0	00020e37	lui	x28,0x20	 x28=0x00020000
          19536	      9764	001001f4	011e2023	sw	x17,0(x28)	 x28:0x00020000 x17:0x00000035 PA:0x00020000 store:0x00000035 load:0x00000000
          19540	      9766	001001f8	00008067	jalr	x0,0(x1)	  x1:0x0010137c  x0=0x00000000
          19542	      9767	0010137c	a18b0513	addi	x10,x22,-1512	 x22:0x00102000 x10=0x00101a18
          19546	      9769	00101380	d21fe0ef	jal	x1,1000a0	  x1=0x00101384
          19550	      9771	001000a0	00054803	lbu	x16,0(x10)	 x10:0x00101a18 x16=0x00000020 PA:0x00101a18 store:0x00000000
          19552	      9772	001000a4	06080663	beq	x16,x0,100110	 x16:0x00000020  x0:0x00000000
          19554	      9773	001000a8	000207b7	lui	x15,0x20	 x15=0x00020000
          19558	      9775	001000ac	0107a023	sw	x16,0(x15)	 x15:0x00020000 x16:0x00000020 PA:0x00020000 store:0x00000020 load:0x00000000
          19562	      9777	001000b0	00154703	lbu	x14,1(x10)	 x10:0x00101a18 x14=0x00000072 PA:0x00101a19 store:0x00101384
          19564	      9778	001000b4	04070e63	beq	x14,x0,100110	 x14:0x00000072  x0:0x00000000
          19568	      9780	001000b8	00e7a023	sw	x14,0(x15)	 x15:0x00020000 x14:0x00000072 PA:0x00020000 store:0x00000072 load:0x00000000
          19572	      9782	001000bc	00254283	lbu	x5,2(x10)	 x10:0x00101a18  x5=0x00000065 PA:0x00101a1a store:0x00137fa0
          19574	      9783	001000c0	04028863	beq	x5,x0,100110	  x5:0x00000065  x0:0x00000000
          19578	      9785	001000c4	0057a023	sw	x5,0(x15)	 x15:0x00020000  x5:0x00000065 PA:0x00020000 store:0x00000065 load:0x00000000
          19582	      9787	001000c8	00354303	lbu	x6,3(x10)	 x10:0x00101a18  x6=0x00000073 PA:0x00101a1b store:0x00000000
          19584	      9788	001000cc	04030263	beq	x6,x0,100110	  x6:0x00000073  x0:0x00000000
          19588	      9790	001000d0	0067a023	sw	x6,0(x15)	 x15:0x00020000  x6:0x00000073 PA:0x00020000 store:0x00000073 load:0x00000000
          19592	      9792	001000d4	00454383	lbu	x7,4(x10)	 x10:0x00101a18  x7=0x00000075 PA:0x00101a1c store:0x00000000
          19594	      9793	001000d8	02038c63	beq	x7,x0,100110	  x7:0x00000075  x0:0x00000000
          19598	      9795	001000dc	0077a023	sw	x7,0(x15)	 x15:0x00020000  x7:0x00000075 PA:0x00020000 store:0x00000075 load:0x00000000
          19602	      9797	001000e0	00554583	lbu	x11,5(x10)	 x10:0x00101a18 x11=0x0000006c PA:0x00101a1d store:0x00000065
          19604	      9798	001000e4	02058663	beq	x11,x0,100110	 x11:0x0000006c  x0:0x00000000
          19608	      9800	001000e8	00b7a023	sw	x11,0(x15)	 x15:0x00020000 x11:0x0000006c PA:0x00020000 store:0x0000006c load:0x00000000
          19612	      9802	001000ec	00654603	lbu	x12,6(x10)	 x10:0x00101a18 x12=0x00000074 PA:0x00101a1e store:0x00000073
          19614	      9803	001000f0	02060063	beq	x12,x0,100110	 x12:0x00000074  x0:0x00000000
          19618	      9805	001000f4	00c7a023	sw	x12,0(x15)	 x15:0x00020000 x12:0x00000074 PA:0x00020000 store:0x00000074 load:0x00000000
          19622	      9807	001000f8	00754683	lbu	x13,7(x10)	 x10:0x00101a18 x13=0x0000003a PA:0x00101a1f store:0x00000075
          19624	      9808	001000fc	00850513	addi	x10,x10,8	 x10:0x00101a18 x10=0x00101a20
          19626	      9809	00100100	00068863	beq	x13,x0,100110	 x13:0x0000003a  x0:0x00000000
          19630	      9811	00100104	00d7a023	sw	x13,0(x15)	 x15:0x00020000 x13:0x0000003a PA:0x00020000 store:0x0000003a load:0x00000000
          19634	      9813	00100108	00054803	lbu	x16,0(x10)	 x10:0x00101a20 x16=0x00000020 PA:0x00101a20 store:0x00000000
          19638	      9815	0010010c	fa0810e3	bne	x16,x0,1000ac	 x16:0x00000020  x0:0x00000000
          19644	      9818	001000ac	0107a023	sw	x16,0(x15)	 x15:0x00020000 x16:0x00000020 PA:0x00020000 store:0x00000020 load:0x00000000
          19648	      9820	001000b0	00154703	lbu	x14,1(x10)	 x10:0x00101a20 x14=0x00000000 PA:0x00101a21 store:0x00101384
          19652	      9822	001000b4	04070e63	beq	x14,x0,100110	 x14:0x00000000  x0:0x00000000
          19656	      9824	00100110	00000513	addi	x10,x0,0	  x0:0x00000000 x10=0x00000000
          19660	      9826	00100114	00008067	jalr	x0,0(x1)	  x1:0x00101384  x0=0x00000000
          19664	      9828	00101384	cf8a2503	lw	x10,-776(x20)	 x20:0x00102000 x10=0x3f8cf199 PA:0x00101cf8 store:0x00000004
          19666	      9829	00101388	002c0d93	addi	x27,x24,2	 x24:0x00000004 x27=0x00000006
          19670	      9831	0010138c	d95fe0ef	jal	x1,100120	  x1=0x00101390
          19672	      9832	00100120	01c55793	srli	x15,x10,0x1c	 x10:0x3f8cf199 x15=0x00000003
          19674	      9833	00100124	00900713	addi	x14,x0,9	  x0:0x00000000 x14=0x00000009
          19678	      9835	00100128	0cf77a63	bgeu	x14,x15,1001fc	 x14:0x00000009 x15:0x00000003
          19682	      9837	001001fc	03078393	addi	x7,x15,48	 x15:0x00000003  x7=0x00000033
          19684	      9838	00100200	000205b7	lui	x11,0x20	 x11=0x00020000
          19686	      9839	00100204	00451613	slli	x12,x10,0x4	 x10:0x3f8cf199 x12=0xf8cf1990
          19690	      9841	00100208	0075a023	sw	x7,0(x11)	 x11:0x00020000  x7:0x00000033 PA:0x00020000 store:0x00000033 load:0x00000000
          19692	      9842	0010020c	01c65693	srli	x13,x12,0x1c	 x12:0xf8cf1990 x13=0x0000000f
          19694	      9843	00100210	00900813	addi	x16,x0,9	  x0:0x00000000 x16=0x00000009
          19698	      9845	00100214	f2d86ae3	bltu	x16,x13,100148	 x16:0x00000009 x13:0x0000000f
          19702	      9847	00100148	03768893	addi	x17,x13,55	 x13:0x0000000f x17=0x00000046
          19704	      9848	0010014c	00020e37	lui	x28,0x20	 x28=0x00020000
          19706	      9849	00100150	00851f93	slli	x31,x10,0x8	 x10:0x3f8cf199 x31=0x8cf19900
          19710	      9851	00100154	011e2023	sw	x17,0(x28)	 x28:0x00020000 x17:0x00000046 PA:0x00020000 store:0x00000046 load:0x00000000
          19712	      9852	00100158	01cfd793	srli	x15,x31,0x1c	 x31:0x8cf19900 x15=0x00000008
          19714	      9853	0010015c	00900713	addi	x14,x0,9	  x0:0x00000000 x14=0x00000009
          19718	      9855	00100160	0cf77a63	bgeu	x14,x15,100234	 x14:0x00000009 x15:0x00000008
          19722	      9857	00100234	03078393	addi	x7,x15,48	 x15:0x00000008  x7=0x00000038
          19724	      9858	00100238	000205b7	lui	x11,0x20	 x11=0x00020000
          19726	      9859	0010023c	00c51613	slli	x12,x10,0xc	 x10:0x3f8cf199 x12=0xcf199000
          19730	      9861	00100240	0075a023	sw	x7,0(x11)	 x11:0x00020000  x7:0x00000038 PA:0x00020000 store:0x00000038 load:0x00000000
          19732	      9862	00100244	01c65693	srli	x13,x12,0x1c	 x12:0xcf199000 x13=0x0000000c
          19734	      9863	00100248	00900813	addi	x16,x0,9	  x0:0x00000000 x16=0x00000009
          19738	      9865	0010024c	f2d86ae3	bltu	x16,x13,100180	 x16:0x00000009 x13:0x0000000c
          19742	      9867	00100180	03768893	addi	x17,x13,55	 x13:0x0000000c x17=0x00000043
          19744	      9868	00100184	00020e37	lui	x28,0x20	 x28=0x00020000
          19746	      9869	00100188	01051f93	slli	x31,x10,0x10	 x10:0x3f8cf199 x31=0xf1990000
          19750	      9871	0010018c	011e2023	sw	x17,0(x28)	 x28:0x00020000 x17:0x00000043 PA:0x00020000 store:0x00000043 load:0x00000000
          19752	      9872	00100190	01cfd793	srli	x15,x31,0x1c	 x31:0xf1990000 x15=0x0000000f
          19754	      9873	00100194	00900713	addi	x14,x0,9	  x0:0x00000000 x14=0x00000009
          19756	      9874	00100198	0cf77a63	bgeu	x14,x15,10026c	 x14:0x00000009 x15:0x0000000f
          19758	      9875	0010019c	03778293	addi	x5,x15,55	 x15:0x0000000f  x5=0x00000046
          19760	      9876	001001a0	00020337	lui	x6,0x20	  x6=0x00020000
          19762	      9877	001001a4	01451613	slli	x12,x10,0x14	 x10:0x3f8cf199 x12=0x19900000
          19766	      9879	001001a8	00532023	sw	x5,0(x6)	  x6:0x00020000  x5:0x00000046 PA:0x00020000 store:0x00000046 load:0x00000000
          19768	      9880	001001ac	01c65693	srli	x13,x12,0x1c	 x12:0x19900000 x13=0x00000001
          19770	      9881	001001b0	00900813	addi	x16,x0,9	  x0:0x00000000 x16=0x00000009
          19774	      9883	001001b4	0cd87a63	bgeu	x16,x13,100288	 x16:0x00000009 x13:0x00000001
          19778	      9885	00100288	03068e93	addi	x29,x13,48	 x13:0x00000001 x29=0x00000031
          19780	      9886	0010028c	00020f37	lui	x30,0x20	 x30=0x00020000
          19782	      9887	00100290	01851f93	slli	x31,x10,0x18	 x10:0x3f8cf199 x31=0x99000000
          19786	      9889	00100294	01df2023	sw	x29,0(x30)	 x30:0x00020000 x29:0x00000031 PA:0x00020000 store:0x00000031 load:0x00000000
          19788	      9890	00100298	01cfd793	srli	x15,x31,0x1c	 x31:0x99000000 x15=0x00000009
          19790	      9891	0010029c	00900713	addi	x14,x0,9	  x0:0x00000000 x14=0x00000009
          19792	      9892	001002a0	f2f76ae3	bltu	x14,x15,1001d4	 x14:0x00000009 x15:0x00000009
          19794	      9893	001002a4	03078393	addi	x7,x15,48	 x15:0x00000009  x7=0x00000039
          19796	      9894	001002a8	000205b7	lui	x11,0x20	 x11=0x00020000
          19800	      9896	001002ac	0075a023	sw	x7,0(x11)	 x11:0x00020000  x7:0x00000039 PA:0x00020000 store:0x00000039 load:0x00000000
          19802	      9897	001002b0	00f57513	andi	x10,x10,15	 x10:0x3f8cf199 x10=0x00000009
          19804	      9898	001002b4	00900613	addi	x12,x0,9	  x0:0x00000000 x12=0x00000009
          19808	      9900	001002b8	f2a67ae3	bgeu	x12,x10,1001ec	 x12:0x00000009 x10:0x00000009
          19812	      9902	001001ec	03050893	addi	x17,x10,48	 x10:0x00000009 x17=0x00000039
          19814	      9903	001001f0	00020e37	lui	x28,0x20	 x28=0x00020000
          19818	      9905	001001f4	011e2023	sw	x17,0(x28)	 x28:0x00020000 x17:0x00000039 PA:0x00020000 store:0x00000039 load:0x00000000
          19832	      9912	001001f8	00008067	jalr	x0,0(x1)	  x1:0x00101390  x0=0x00000000
          19834	      9913	00101390	d089a807	flw	f16,-760(x19)	 f19:0x00102000 f16=0x00000000 PA:0x00101d08 store:0x3f9b3246
          19856	      9924	00101394	a10a8513	addi	x10,x21,-1520	 x21:0x00102000 x10=0x00101a10
          19858	      9925	00101398	580878d3	fsqrt.s	f17,f16	 f16:0x00000009 f17=0x00000000
          19862	      9927	0010139c	d119a427	fsw	f17,-760(x19)	 f19:0x00102000 f17:0x00000039 PA:0x00101d08 store:0x3f8650e8 load:0x3f8cf199
          19868	      9930	001013a0	d089a907	flw	f18,-760(x19)	 f19:0x00102000 f18=0x00000000 PA:0x00000000
          19874	      9933	001013a4	e00907d3	fmv.x.w	x15,f18	 f18:0x00102000 x15=0x3f8650e8
          19876	      9934	001013a8	cefa2c23	sw	x15,-776(x20)	 x20:0x00102000 x15:0x3f8650e8 PA:0x00101cf8 store:0x3f8650e8 load:0x3f8650e8
          19880	      9936	001013ac	cf5fe0ef	jal	x1,1000a0	  x1=0x001013b0
          19884	      9938	001000a0	00054803	lbu	x16,0(x10)	 x10:0x00101a10 x16=0x0000000a PA:0x00101a10 store:0x00000000
          19886	      9939	001000a4	06080663	beq	x16,x0,100110	 x16:0x0000000a  x0:0x00000000
          19888	      9940	001000a8	000207b7	lui	x15,0x20	 x15=0x00020000
          19892	      9942	001000ac	0107a023	sw	x16,0(x15)	 x15:0x00020000 x16:0x0000000a PA:0x00020000 store:0x0000000a load:0x00000000
          19896	      9944	001000b0	00154703	lbu	x14,1(x10)	 x10:0x00101a10 x14=0x00000020 PA:0x00101a11 store:0x001013b0
          19898	      9945	001000b4	04070e63	beq	x14,x0,100110	 x14:0x00000020  x0:0x00000000
          19902	      9947	001000b8	00e7a023	sw	x14,0(x15)	 x15:0x00020000 x14:0x00000020 PA:0x00020000 store:0x00000020 load:0x00000000
          19906	      9949	001000bc	00254283	lbu	x5,2(x10)	 x10:0x00101a10  x5=0x00000069 PA:0x00101a12 store:0x00137fa0
          19908	      9950	001000c0	04028863	beq	x5,x0,100110	  x5:0x00000069  x0:0x00000000
          19912	      9952	001000c4	0057a023	sw	x5,0(x15)	 x15:0x00020000  x5:0x00000069 PA:0x00020000 store:0x00000069 load:0x00000000
          19916	      9954	001000c8	00354303	lbu	x6,3(x10)	 x10:0x00101a10  x6=0x0000003d PA:0x00101a13 store:0x00000000
          19918	      9955	001000cc	04030263	beq	x6,x0,100110	  x6:0x0000003d  x0:0x00000000
          19922	      9957	001000d0	0067a023	sw	x6,0(x15)	 x15:0x00020000  x6:0x0000003d PA:0x00020000 store:0x0000003d load:0x00000000
          19926	      9959	001000d4	00454383	lbu	x7,4(x10)	 x10:0x00101a10  x7=0x00000000 PA:0x00101a14 store:0x00000000
          19930	      9961	001000d8	02038c63	beq	x7,x0,100110	  x7:0x00000000  x0:0x00000000
          19934	      9963	00100110	00000513	addi	x10,x0,0	  x0:0x00000000 x10=0x00000000
          19938	      9965	00100114	00008067	jalr	x0,0(x1)	  x1:0x001013b0  x0=0x00000000
          19940	      9966	001013b0	000d8513	addi	x10,x27,0	 x27:0x00000006 x10=0x00000006
          19944	      9968	001013b4	d6dfe0ef	jal	x1,100120	  x1=0x001013b8
          19946	      9969	00100120	01c55793	srli	x15,x10,0x1c	 x10:0x00000006 x15=0x00000000
          19948	      9970	00100124	00900713	addi	x14,x0,9	  x0:0x00000000 x14=0x00000009
          19952	      9972	00100128	0cf77a63	bgeu	x14,x15,1001fc	 x14:0x00000009 x15:0x00000000
          19956	      9974	001001fc	03078393	addi	x7,x15,48	 x15:0x00000000  x7=0x00000030
          19958	      9975	00100200	000205b7	lui	x11,0x20	 x11=0x00020000
          19960	      9976	00100204	00451613	slli	x12,x10,0x4	 x10:0x00000006 x12=0x00000060
          19964	      9978	00100208	0075a023	sw	x7,0(x11)	 x11:0x00020000  x7:0x00000030 PA:0x00020000 store:0x00000030 load:0x00000000
          19966	      9979	0010020c	01c65693	srli	x13,x12,0x1c	 x12:0x00000060 x13=0x00000000
          19968	      9980	00100210	00900813	addi	x16,x0,9	  x0:0x00000000 x16=0x00000009
          19970	      9981	00100214	f2d86ae3	bltu	x16,x13,100148	 x16:0x00000009 x13:0x00000000
          19972	      9982	00100218	03068e93	addi	x29,x13,48	 x13:0x00000000 x29=0x00000030
          19974	      9983	0010021c	00020f37	lui	x30,0x20	 x30=0x00020000
          19976	      9984	00100220	00851f93	slli	x31,x10,0x8	 x10:0x00000006 x31=0x00000600
          19980	      9986	00100224	01df2023	sw	x29,0(x30)	 x30:0x00020000 x29:0x00000030 PA:0x00020000 store:0x00000030 load:0x00000000
          19982	      9987	00100228	01cfd793	srli	x15,x31,0x1c	 x31:0x00000600 x15=0x00000000
          19984	      9988	0010022c	00900713	addi	x14,x0,9	  x0:0x00000000 x14=0x00000009
          19986	      9989	00100230	f2f76ae3	bltu	x14,x15,100164	 x14:0x00000009 x15:0x00000000
          19988	      9990	00100234	03078393	addi	x7,x15,48	 x15:0x00000000  x7=0x00000030
          19990	      9991	00100238	000205b7	lui	x11,0x20	 x11=0x00020000
          19992	      9992	0010023c	00c51613	slli	x12,x10,0xc	 x10:0x00000006 x12=0x00006000
          19996	      9994	00100240	0075a023	sw	x7,0(x11)	 x11:0x00020000  x7:0x00000030 PA:0x00020000 store:0x00000030 load:0x00000000
          19998	      9995	00100244	01c65693	srli	x13,x12,0x1c	 x12:0x00006000 x13=0x00000000
          20000	      9996	00100248	00900813	addi	x16,x0,9	  x0:0x00000000 x16=0x00000009
          20002	      9997	0010024c	f2d86ae3	bltu	x16,x13,100180	 x16:0x00000009 x13:0x00000000
          20004	      9998	00100250	03068e93	addi	x29,x13,48	 x13:0x00000000 x29=0x00000030
          20006	      9999	00100254	00020f37	lui	x30,0x20	 x30=0x00020000
          20008	     10000	00100258	01051f93	slli	x31,x10,0x10	 x10:0x00000006 x31=0x00060000
          20012	     10002	0010025c	01df2023	sw	x29,0(x30)	 x30:0x00020000 x29:0x00000030 PA:0x00020000 store:0x00000030 load:0x00000000
          20014	     10003	00100260	01cfd793	srli	x15,x31,0x1c	 x31:0x00060000 x15=0x00000000
          20016	     10004	00100264	00900713	addi	x14,x0,9	  x0:0x00000000 x14=0x00000009
          20018	     10005	00100268	f2f76ae3	bltu	x14,x15,10019c	 x14:0x00000009 x15:0x00000000
          20020	     10006	0010026c	03078393	addi	x7,x15,48	 x15:0x00000000  x7=0x00000030
          20022	     10007	00100270	000205b7	lui	x11,0x20	 x11=0x00020000
          20024	     10008	00100274	01451613	slli	x12,x10,0x14	 x10:0x00000006 x12=0x00600000
          20028	     10010	00100278	0075a023	sw	x7,0(x11)	 x11:0x00020000  x7:0x00000030 PA:0x00020000 store:0x00000030 load:0x00000000
          20030	     10011	0010027c	01c65693	srli	x13,x12,0x1c	 x12:0x00600000 x13=0x00000000
          20032	     10012	00100280	00900813	addi	x16,x0,9	  x0:0x00000000 x16=0x00000009
          20034	     10013	00100284	f2d86ae3	bltu	x16,x13,1001b8	 x16:0x00000009 x13:0x00000000
          20036	     10014	00100288	03068e93	addi	x29,x13,48	 x13:0x00000000 x29=0x00000030
          20038	     10015	0010028c	00020f37	lui	x30,0x20	 x30=0x00020000
          20040	     10016	00100290	01851f93	slli	x31,x10,0x18	 x10:0x00000006 x31=0x06000000
          20044	     10018	00100294	01df2023	sw	x29,0(x30)	 x30:0x00020000 x29:0x00000030 PA:0x00020000 store:0x00000030 load:0x00000000
          20046	     10019	00100298	01cfd793	srli	x15,x31,0x1c	 x31:0x06000000 x15=0x00000000
          20048	     10020	0010029c	00900713	addi	x14,x0,9	  x0:0x00000000 x14=0x00000009
          20050	     10021	001002a0	f2f76ae3	bltu	x14,x15,1001d4	 x14:0x00000009 x15:0x00000000
          20052	     10022	001002a4	03078393	addi	x7,x15,48	 x15:0x00000000  x7=0x00000030
          20054	     10023	001002a8	000205b7	lui	x11,0x20	 x11=0x00020000
          20058	     10025	001002ac	0075a023	sw	x7,0(x11)	 x11:0x00020000  x7:0x00000030 PA:0x00020000 store:0x00000030 load:0x00000000
          20060	     10026	001002b0	00f57513	andi	x10,x10,15	 x10:0x00000006 x10=0x00000006
          20062	     10027	001002b4	00900613	addi	x12,x0,9	  x0:0x00000000 x12=0x00000009
          20066	     10029	001002b8	f2a67ae3	bgeu	x12,x10,1001ec	 x12:0x00000009 x10:0x00000006
          20070	     10031	001001ec	03050893	addi	x17,x10,48	 x10:0x00000006 x17=0x00000036
          20072	     10032	001001f0	00020e37	lui	x28,0x20	 x28=0x00020000
          20076	     10034	001001f4	011e2023	sw	x17,0(x28)	 x28:0x00020000 x17:0x00000036 PA:0x00020000 store:0x00000036 load:0x00000000
          20080	     10036	001001f8	00008067	jalr	x0,0(x1)	  x1:0x001013b8  x0=0x00000000
          20082	     10037	001013b8	a18b0513	addi	x10,x22,-1512	 x22:0x00102000 x10=0x00101a18
          20086	     10039	001013bc	ce5fe0ef	jal	x1,1000a0	  x1=0x001013c0
          20090	     10041	001000a0	00054803	lbu	x16,0(x10)	 x10:0x00101a18 x16=0x00000020 PA:0x00101a18 store:0x00000000
          20092	     10042	001000a4	06080663	beq	x16,x0,100110	 x16:0x00000020  x0:0x00000000
          20094	     10043	001000a8	000207b7	lui	x15,0x20	 x15=0x00020000
          20098	     10045	001000ac	0107a023	sw	x16,0(x15)	 x15:0x00020000 x16:0x00000020 PA:0x00020000 store:0x00000020 load:0x00000000
          20102	     10047	001000b0	00154703	lbu	x14,1(x10)	 x10:0x00101a18 x14=0x00000072 PA:0x00101a19 store:0x001013c0
          20104	     10048	001000b4	04070e63	beq	x14,x0,100110	 x14:0x00000072  x0:0x00000000
          20108	     10050	001000b8	00e7a023	sw	x14,0(x15)	 x15:0x00020000 x14:0x00000072 PA:0x00020000 store:0x00000072 load:0x00000000
          20112	     10052	001000bc	00254283	lbu	x5,2(x10)	 x10:0x00101a18  x5=0x00000065 PA:0x00101a1a store:0x00137fa0
          20114	     10053	001000c0	04028863	beq	x5,x0,100110	  x5:0x00000065  x0:0x00000000
          20118	     10055	001000c4	0057a023	sw	x5,0(x15)	 x15:0x00020000  x5:0x00000065 PA:0x00020000 store:0x00000065 load:0x00000000
          20122	     10057	001000c8	00354303	lbu	x6,3(x10)	 x10:0x00101a18  x6=0x00000073 PA:0x00101a1b store:0x00000000
          20124	     10058	001000cc	04030263	beq	x6,x0,100110	  x6:0x00000073  x0:0x00000000
          20128	     10060	001000d0	0067a023	sw	x6,0(x15)	 x15:0x00020000  x6:0x00000073 PA:0x00020000 store:0x00000073 load:0x00000000
          20132	     10062	001000d4	00454383	lbu	x7,4(x10)	 x10:0x00101a18  x7=0x00000075 PA:0x00101a1c store:0x00000000
          20134	     10063	001000d8	02038c63	beq	x7,x0,100110	  x7:0x00000075  x0:0x00000000
          20138	     10065	001000dc	0077a023	sw	x7,0(x15)	 x15:0x00020000  x7:0x00000075 PA:0x00020000 store:0x00000075 load:0x00000000
          20142	     10067	001000e0	00554583	lbu	x11,5(x10)	 x10:0x00101a18 x11=0x0000006c PA:0x00101a1d store:0x00000065
          20144	     10068	001000e4	02058663	beq	x11,x0,100110	 x11:0x0000006c  x0:0x00000000
          20148	     10070	001000e8	00b7a023	sw	x11,0(x15)	 x15:0x00020000 x11:0x0000006c PA:0x00020000 store:0x0000006c load:0x00000000
          20152	     10072	001000ec	00654603	lbu	x12,6(x10)	 x10:0x00101a18 x12=0x00000074 PA:0x00101a1e store:0x00000073
          20154	     10073	001000f0	02060063	beq	x12,x0,100110	 x12:0x00000074  x0:0x00000000
          20158	     10075	001000f4	00c7a023	sw	x12,0(x15)	 x15:0x00020000 x12:0x00000074 PA:0x00020000 store:0x00000074 load:0x00000000
          20162	     10077	001000f8	00754683	lbu	x13,7(x10)	 x10:0x00101a18 x13=0x0000003a PA:0x00101a1f store:0x00000075
          20164	     10078	001000fc	00850513	addi	x10,x10,8	 x10:0x00101a18 x10=0x00101a20
          20166	     10079	00100100	00068863	beq	x13,x0,100110	 x13:0x0000003a  x0:0x00000000
          20170	     10081	00100104	00d7a023	sw	x13,0(x15)	 x15:0x00020000 x13:0x0000003a PA:0x00020000 store:0x0000003a load:0x00000000
          20174	     10083	00100108	00054803	lbu	x16,0(x10)	 x10:0x00101a20 x16=0x00000020 PA:0x00101a20 store:0x00000000
          20178	     10085	0010010c	fa0810e3	bne	x16,x0,1000ac	 x16:0x00000020  x0:0x00000000
          20184	     10088	001000ac	0107a023	sw	x16,0(x15)	 x15:0x00020000 x16:0x00000020 PA:0x00020000 store:0x00000020 load:0x00000000
          20188	     10090	001000b0	00154703	lbu	x14,1(x10)	 x10:0x00101a20 x14=0x00000000 PA:0x00101a21 store:0x001013c0
          20192	     10092	001000b4	04070e63	beq	x14,x0,100110	 x14:0x00000000  x0:0x00000000
          20196	     10094	00100110	00000513	addi	x10,x0,0	  x0:0x00000000 x10=0x00000000
          20200	     10096	00100114	00008067	jalr	x0,0(x1)	  x1:0x001013c0  x0=0x00000000
          20204	     10098	001013c0	cf8a2503	lw	x10,-776(x20)	 x20:0x00102000 x10=0x3f8650e8 PA:0x00101cf8 store:0x00000004
          20206	     10099	001013c4	003c0d93	addi	x27,x24,3	 x24:0x00000004 x27=0x00000007
          20208	     10100	001013c8	004c0c13	addi	x24,x24,4	 x24:0x00000004 x24=0x00000008
          20212	     10102	001013cc	d55fe0ef	jal	x1,100120	  x1=0x001013d0
          20214	     10103	00100120	01c55793	srli	x15,x10,0x1c	 x10:0x3f8650e8 x15=0x00000003
          20216	     10104	00100124	00900713	addi	x14,x0,9	  x0:0x00000000 x14=0x00000009
          20220	     10106	00100128	0cf77a63	bgeu	x14,x15,1001fc	 x14:0x00000009 x15:0x00000003
          20224	     10108	001001fc	03078393	addi	x7,x15,48	 x15:0x00000003  x7=0x00000033
          20226	     10109	00100200	000205b7	lui	x11,0x20	 x11=0x00020000
          20228	     10110	00100204	00451613	slli	x12,x10,0x4	 x10:0x3f8650e8 x12=0xf8650e80
          20232	     10112	00100208	0075a023	sw	x7,0(x11)	 x11:0x00020000  x7:0x00000033 PA:0x00020000 store:0x00000033 load:0x00000000
          20234	     10113	0010020c	01c65693	srli	x13,x12,0x1c	 x12:0xf8650e80 x13=0x0000000f
          20236	     10114	00100210	00900813	addi	x16,x0,9	  x0:0x00000000 x16=0x00000009
          20240	     10116	00100214	f2d86ae3	bltu	x16,x13,100148	 x16:0x00000009 x13:0x0000000f
          20244	     10118	00100148	03768893	addi	x17,x13,55	 x13:0x0000000f x17=0x00000046
          20246	     10119	0010014c	00020e37	lui	x28,0x20	 x28=0x00020000
          20248	     10120	00100150	00851f93	slli	x31,x10,0x8	 x10:0x3f8650e8 x31=0x8650e800
          20252	     10122	00100154	011e2023	sw	x17,0(x28)	 x28:0x00020000 x17:0x00000046 PA:0x00020000 store:0x00000046 load:0x00000000
          20254	     10123	00100158	01cfd793	srli	x15,x31,0x1c	 x31:0x8650e800 x15=0x00000008
          20256	     10124	0010015c	00900713	addi	x14,x0,9	  x0:0x00000000 x14=0x00000009
          20260	     10126	00100160	0cf77a63	bgeu	x14,x15,100234	 x14:0x00000009 x15:0x00000008
          20264	     10128	00100234	03078393	addi	x7,x15,48	 x15:0x00000008  x7=0x00000038
          20266	     10129	00100238	000205b7	lui	x11,0x20	 x11=0x00020000
          20268	     10130	0010023c	00c51613	slli	x12,x10,0xc	 x10:0x3f8650e8 x12=0x650e8000
          20272	     10132	00100240	0075a023	sw	x7,0(x11)	 x11:0x00020000  x7:0x00000038 PA:0x00020000 store:0x00000038 load:0x00000000
          20274	     10133	00100244	01c65693	srli	x13,x12,0x1c	 x12:0x650e8000 x13=0x00000006
          20276	     10134	00100248	00900813	addi	x16,x0,9	  x0:0x00000000 x16=0x00000009
          20278	     10135	0010024c	f2d86ae3	bltu	x16,x13,100180	 x16:0x00000009 x13:0x00000006
          20280	     10136	00100250	03068e93	addi	x29,x13,48	 x13:0x00000006 x29=0x00000036
          20282	     10137	00100254	00020f37	lui	x30,0x20	 x30=0x00020000
          20284	     10138	00100258	01051f93	slli	x31,x10,0x10	 x10:0x3f8650e8 x31=0x50e80000
          20288	     10140	0010025c	01df2023	sw	x29,0(x30)	 x30:0x00020000 x29:0x00000036 PA:0x00020000 store:0x00000036 load:0x00000000
          20290	     10141	00100260	01cfd793	srli	x15,x31,0x1c	 x31:0x50e80000 x15=0x00000005
          20292	     10142	00100264	00900713	addi	x14,x0,9	  x0:0x00000000 x14=0x00000009
          20294	     10143	00100268	f2f76ae3	bltu	x14,x15,10019c	 x14:0x00000009 x15:0x00000005
          20296	     10144	0010026c	03078393	addi	x7,x15,48	 x15:0x00000005  x7=0x00000035
          20298	     10145	00100270	000205b7	lui	x11,0x20	 x11=0x00020000
          20300	     10146	00100274	01451613	slli	x12,x10,0x14	 x10:0x3f8650e8 x12=0x0e800000
          20304	     10148	00100278	0075a023	sw	x7,0(x11)	 x11:0x00020000  x7:0x00000035 PA:0x00020000 store:0x00000035 load:0x00000000
          20306	     10149	0010027c	01c65693	srli	x13,x12,0x1c	 x12:0x0e800000 x13=0x00000000
          20308	     10150	00100280	00900813	addi	x16,x0,9	  x0:0x00000000 x16=0x00000009
          20310	     10151	00100284	f2d86ae3	bltu	x16,x13,1001b8	 x16:0x00000009 x13:0x00000000
          20312	     10152	00100288	03068e93	addi	x29,x13,48	 x13:0x00000000 x29=0x00000030
          20314	     10153	0010028c	00020f37	lui	x30,0x20	 x30=0x00020000
          20316	     10154	00100290	01851f93	slli	x31,x10,0x18	 x10:0x3f8650e8 x31=0xe8000000
          20320	     10156	00100294	01df2023	sw	x29,0(x30)	 x30:0x00020000 x29:0x00000030 PA:0x00020000 store:0x00000030 load:0x00000000
          20322	     10157	00100298	01cfd793	srli	x15,x31,0x1c	 x31:0xe8000000 x15=0x0000000e
          20324	     10158	0010029c	00900713	addi	x14,x0,9	  x0:0x00000000 x14=0x00000009
          20328	     10160	001002a0	f2f76ae3	bltu	x14,x15,1001d4	 x14:0x00000009 x15:0x0000000e
          20332	     10162	001001d4	03778293	addi	x5,x15,55	 x15:0x0000000e  x5=0x00000045
          20334	     10163	001001d8	00020337	lui	x6,0x20	  x6=0x00020000
          20338	     10165	001001dc	00532023	sw	x5,0(x6)	  x6:0x00020000  x5:0x00000045 PA:0x00020000 store:0x00000045 load:0x00000000
          20340	     10166	001001e0	00f57513	andi	x10,x10,15	 x10:0x3f8650e8 x10=0x00000008
          20342	     10167	001001e4	00900613	addi	x12,x0,9	  x0:0x00000000 x12=0x00000009
          20344	     10168	001001e8	0ca66a63	bltu	x12,x10,1002bc	 x12:0x00000009 x10:0x00000008
          20346	     10169	001001ec	03050893	addi	x17,x10,48	 x10:0x00000008 x17=0x00000038
          20348	     10170	001001f0	00020e37	lui	x28,0x20	 x28=0x00020000
          20352	     10172	001001f4	011e2023	sw	x17,0(x28)	 x28:0x00020000 x17:0x00000038 PA:0x00020000 store:0x00000038 load:0x00000000
          20356	     10174	001001f8	00008067	jalr	x0,0(x1)	  x1:0x001013d0  x0=0x00000000
          20368	     10180	001013d0	a10a8513	addi	x10,x21,-1520	 x21:0x00102000 x10=0x00101a10
          20370	     10181	001013d4	d089a987	flw	f19,-760(x19)	 f19:0x00102000 f19=0x00000000 PA:0x00101d08 store:0x3f9b3246
          20390	     10191	001013d8	5809fa53	fsqrt.s	f20,f19	 f19:0x00102000 f20=0x00000000
          20396	     10194	001013dc	d149a427	fsw	f20,-760(x19)	 f19:0x00102000 f20:0x00102000 PA:0x00101d08 store:0x3f831eb8 load:0x3f8650e8
          20402	     10197	001013e0	d089aa87	flw	f21,-760(x19)	 f19:0x00102000 f21=0x00000000 PA:0x00000000
          20408	     10200	001013e4	e00a82d3	fmv.x.w	x5,f21	 f21:0x00102000  x5=0x3f831eb8
          20410	     10201	001013e8	ce5a2c23	sw	x5,-776(x20)	 x20:0x00102000  x5:0x3f831eb8 PA:0x00101cf8 store:0x3f831eb8 load:0x3f831eb8
          20414	     10203	001013ec	cb5fe0ef	jal	x1,1000a0	  x1=0x001013f0
          20418	     10205	001000a0	00054803	lbu	x16,0(x10)	 x10:0x00101a10 x16=0x0000000a PA:0x00101a10 store:0x00000000
          20420	     10206	001000a4	06080663	beq	x16,x0,100110	 x16:0x0000000a  x0:0x00000000
          20422	     10207	001000a8	000207b7	lui	x15,0x20	 x15=0x00020000
          20426	     10209	001000ac	0107a023	sw	x16,0(x15)	 x15:0x00020000 x16:0x0000000a PA:0x00020000 store:0x0000000a load:0x00000000
          20430	     10211	001000b0	00154703	lbu	x14,1(x10)	 x10:0x00101a10 x14=0x00000020 PA:0x00101a11 store:0x001013f0
          20432	     10212	001000b4	04070e63	beq	x14,x0,100110	 x14:0x00000020  x0:0x00000000
          20436	     10214	001000b8	00e7a023	sw	x14,0(x15)	 x15:0x00020000 x14:0x00000020 PA:0x00020000 store:0x00000020 load:0x00000000
          20440	     10216	001000bc	00254283	lbu	x5,2(x10)	 x10:0x00101a10  x5=0x00000069 PA:0x00101a12 store:0x00137fa0
          20442	     10217	001000c0	04028863	beq	x5,x0,100110	  x5:0x00000069  x0:0x00000000
          20446	     10219	001000c4	0057a023	sw	x5,0(x15)	 x15:0x00020000  x5:0x00000069 PA:0x00020000 store:0x00000069 load:0x00000000
          20450	     10221	001000c8	00354303	lbu	x6,3(x10)	 x10:0x00101a10  x6=0x0000003d PA:0x00101a13 store:0x00000000
          20452	     10222	001000cc	04030263	beq	x6,x0,100110	  x6:0x0000003d  x0:0x00000000
          20456	     10224	001000d0	0067a023	sw	x6,0(x15)	 x15:0x00020000  x6:0x0000003d PA:0x00020000 store:0x0000003d load:0x00000000
          20460	     10226	001000d4	00454383	lbu	x7,4(x10)	 x10:0x00101a10  x7=0x00000000 PA:0x00101a14 store:0x00000000
          20464	     10228	001000d8	02038c63	beq	x7,x0,100110	  x7:0x00000000  x0:0x00000000
          20468	     10230	00100110	00000513	addi	x10,x0,0	  x0:0x00000000 x10=0x00000000
          20472	     10232	00100114	00008067	jalr	x0,0(x1)	  x1:0x001013f0  x0=0x00000000
          20474	     10233	001013f0	000d8513	addi	x10,x27,0	 x27:0x00000007 x10=0x00000007
          20478	     10235	001013f4	d2dfe0ef	jal	x1,100120	  x1=0x001013f8
          20480	     10236	00100120	01c55793	srli	x15,x10,0x1c	 x10:0x00000007 x15=0x00000000
          20482	     10237	00100124	00900713	addi	x14,x0,9	  x0:0x00000000 x14=0x00000009
          20486	     10239	00100128	0cf77a63	bgeu	x14,x15,1001fc	 x14:0x00000009 x15:0x00000000
          20490	     10241	001001fc	03078393	addi	x7,x15,48	 x15:0x00000000  x7=0x00000030
          20492	     10242	00100200	000205b7	lui	x11,0x20	 x11=0x00020000
          20494	     10243	00100204	00451613	slli	x12,x10,0x4	 x10:0x00000007 x12=0x00000070
          20498	     10245	00100208	0075a023	sw	x7,0(x11)	 x11:0x00020000  x7:0x00000030 PA:0x00020000 store:0x00000030 load:0x00000000
          20500	     10246	0010020c	01c65693	srli	x13,x12,0x1c	 x12:0x00000070 x13=0x00000000
          20502	     10247	00100210	00900813	addi	x16,x0,9	  x0:0x00000000 x16=0x00000009
          20504	     10248	00100214	f2d86ae3	bltu	x16,x13,100148	 x16:0x00000009 x13:0x00000000
          20506	     10249	00100218	03068e93	addi	x29,x13,48	 x13:0x00000000 x29=0x00000030
          20508	     10250	0010021c	00020f37	lui	x30,0x20	 x30=0x00020000
          20510	     10251	00100220	00851f93	slli	x31,x10,0x8	 x10:0x00000007 x31=0x00000700
          20514	     10253	00100224	01df2023	sw	x29,0(x30)	 x30:0x00020000 x29:0x00000030 PA:0x00020000 store:0x00000030 load:0x00000000
          20516	     10254	00100228	01cfd793	srli	x15,x31,0x1c	 x31:0x00000700 x15=0x00000000
          20518	     10255	0010022c	00900713	addi	x14,x0,9	  x0:0x00000000 x14=0x00000009
          20520	     10256	00100230	f2f76ae3	bltu	x14,x15,100164	 x14:0x00000009 x15:0x00000000
          20522	     10257	00100234	03078393	addi	x7,x15,48	 x15:0x00000000  x7=0x00000030
          20524	     10258	00100238	000205b7	lui	x11,0x20	 x11=0x00020000
          20526	     10259	0010023c	00c51613	slli	x12,x10,0xc	 x10:0x00000007 x12=0x00007000
          20530	     10261	00100240	0075a023	sw	x7,0(x11)	 x11:0x00020000  x7:0x00000030 PA:0x00020000 store:0x00000030 load:0x00000000
          20532	     10262	00100244	01c65693	srli	x13,x12,0x1c	 x12:0x00007000 x13=0x00000000
          20534	     10263	00100248	00900813	addi	x16,x0,9	  x0:0x00000000 x16=0x00000009
          20536	     10264	0010024c	f2d86ae3	bltu	x16,x13,100180	 x16:0x00000009 x13:0x00000000
          20538	     10265	00100250	03068e93	addi	x29,x13,48	 x13:0x00000000 x29=0x00000030
          20540	     10266	00100254	00020f37	lui	x30,0x20	 x30=0x00020000
          20542	     10267	00100258	01051f93	slli	x31,x10,0x10	 x10:0x00000007 x31=0x00070000
          20546	     10269	0010025c	01df2023	sw	x29,0(x30)	 x30:0x00020000 x29:0x00000030 PA:0x00020000 store:0x00000030 load:0x00000000
          20548	     10270	00100260	01cfd793	srli	x15,x31,0x1c	 x31:0x00070000 x15=0x00000000
          20550	     10271	00100264	00900713	addi	x14,x0,9	  x0:0x00000000 x14=0x00000009
          20552	     10272	00100268	f2f76ae3	bltu	x14,x15,10019c	 x14:0x00000009 x15:0x00000000
          20554	     10273	0010026c	03078393	addi	x7,x15,48	 x15:0x00000000  x7=0x00000030
          20556	     10274	00100270	000205b7	lui	x11,0x20	 x11=0x00020000
          20558	     10275	00100274	01451613	slli	x12,x10,0x14	 x10:0x00000007 x12=0x00700000
          20562	     10277	00100278	0075a023	sw	x7,0(x11)	 x11:0x00020000  x7:0x00000030 PA:0x00020000 store:0x00000030 load:0x00000000
          20564	     10278	0010027c	01c65693	srli	x13,x12,0x1c	 x12:0x00700000 x13=0x00000000
          20566	     10279	00100280	00900813	addi	x16,x0,9	  x0:0x00000000 x16=0x00000009
          20568	     10280	00100284	f2d86ae3	bltu	x16,x13,1001b8	 x16:0x00000009 x13:0x00000000
          20570	     10281	00100288	03068e93	addi	x29,x13,48	 x13:0x00000000 x29=0x00000030
          20572	     10282	0010028c	00020f37	lui	x30,0x20	 x30=0x00020000
          20574	     10283	00100290	01851f93	slli	x31,x10,0x18	 x10:0x00000007 x31=0x07000000
          20578	     10285	00100294	01df2023	sw	x29,0(x30)	 x30:0x00020000 x29:0x00000030 PA:0x00020000 store:0x00000030 load:0x00000000
          20580	     10286	00100298	01cfd793	srli	x15,x31,0x1c	 x31:0x07000000 x15=0x00000000
          20582	     10287	0010029c	00900713	addi	x14,x0,9	  x0:0x00000000 x14=0x00000009
          20584	     10288	001002a0	f2f76ae3	bltu	x14,x15,1001d4	 x14:0x00000009 x15:0x00000000
          20586	     10289	001002a4	03078393	addi	x7,x15,48	 x15:0x00000000  x7=0x00000030
          20588	     10290	001002a8	000205b7	lui	x11,0x20	 x11=0x00020000
          20592	     10292	001002ac	0075a023	sw	x7,0(x11)	 x11:0x00020000  x7:0x00000030 PA:0x00020000 store:0x00000030 load:0x00000000
          20594	     10293	001002b0	00f57513	andi	x10,x10,15	 x10:0x00000007 x10=0x00000007
          20596	     10294	001002b4	00900613	addi	x12,x0,9	  x0:0x00000000 x12=0x00000009
          20600	     10296	001002b8	f2a67ae3	bgeu	x12,x10,1001ec	 x12:0x00000009 x10:0x00000007
          20604	     10298	001001ec	03050893	addi	x17,x10,48	 x10:0x00000007 x17=0x00000037
          20606	     10299	001001f0	00020e37	lui	x28,0x20	 x28=0x00020000
          20610	     10301	001001f4	011e2023	sw	x17,0(x28)	 x28:0x00020000 x17:0x00000037 PA:0x00020000 store:0x00000037 load:0x00000000
          20614	     10303	001001f8	00008067	jalr	x0,0(x1)	  x1:0x001013f8  x0=0x00000000
          20616	     10304	001013f8	a18b0513	addi	x10,x22,-1512	 x22:0x00102000 x10=0x00101a18
          20620	     10306	001013fc	ca5fe0ef	jal	x1,1000a0	  x1=0x00101400
          20624	     10308	001000a0	00054803	lbu	x16,0(x10)	 x10:0x00101a18 x16=0x00000020 PA:0x00101a18 store:0x00000000
          20626	     10309	001000a4	06080663	beq	x16,x0,100110	 x16:0x00000020  x0:0x00000000
          20628	     10310	001000a8	000207b7	lui	x15,0x20	 x15=0x00020000
          20632	     10312	001000ac	0107a023	sw	x16,0(x15)	 x15:0x00020000 x16:0x00000020 PA:0x00020000 store:0x00000020 load:0x00000000
          20636	     10314	001000b0	00154703	lbu	x14,1(x10)	 x10:0x00101a18 x14=0x00000072 PA:0x00101a19 store:0x00101400
          20638	     10315	001000b4	04070e63	beq	x14,x0,100110	 x14:0x00000072  x0:0x00000000
          20642	     10317	001000b8	00e7a023	sw	x14,0(x15)	 x15:0x00020000 x14:0x00000072 PA:0x00020000 store:0x00000072 load:0x00000000
          20646	     10319	001000bc	00254283	lbu	x5,2(x10)	 x10:0x00101a18  x5=0x00000065 PA:0x00101a1a store:0x00137fa0
          20648	     10320	001000c0	04028863	beq	x5,x0,100110	  x5:0x00000065  x0:0x00000000
          20652	     10322	001000c4	0057a023	sw	x5,0(x15)	 x15:0x00020000  x5:0x00000065 PA:0x00020000 store:0x00000065 load:0x00000000
          20656	     10324	001000c8	00354303	lbu	x6,3(x10)	 x10:0x00101a18  x6=0x00000073 PA:0x00101a1b store:0x00000000
          20658	     10325	001000cc	04030263	beq	x6,x0,100110	  x6:0x00000073  x0:0x00000000
          20662	     10327	001000d0	0067a023	sw	x6,0(x15)	 x15:0x00020000  x6:0x00000073 PA:0x00020000 store:0x00000073 load:0x00000000
          20666	     10329	001000d4	00454383	lbu	x7,4(x10)	 x10:0x00101a18  x7=0x00000075 PA:0x00101a1c store:0x00000000
          20668	     10330	001000d8	02038c63	beq	x7,x0,100110	  x7:0x00000075  x0:0x00000000
          20672	     10332	001000dc	0077a023	sw	x7,0(x15)	 x15:0x00020000  x7:0x00000075 PA:0x00020000 store:0x00000075 load:0x00000000
          20676	     10334	001000e0	00554583	lbu	x11,5(x10)	 x10:0x00101a18 x11=0x0000006c PA:0x00101a1d store:0x00000065
          20678	     10335	001000e4	02058663	beq	x11,x0,100110	 x11:0x0000006c  x0:0x00000000
          20682	     10337	001000e8	00b7a023	sw	x11,0(x15)	 x15:0x00020000 x11:0x0000006c PA:0x00020000 store:0x0000006c load:0x00000000
          20686	     10339	001000ec	00654603	lbu	x12,6(x10)	 x10:0x00101a18 x12=0x00000074 PA:0x00101a1e store:0x00000073
          20688	     10340	001000f0	02060063	beq	x12,x0,100110	 x12:0x00000074  x0:0x00000000
          20692	     10342	001000f4	00c7a023	sw	x12,0(x15)	 x15:0x00020000 x12:0x00000074 PA:0x00020000 store:0x00000074 load:0x00000000
          20696	     10344	001000f8	00754683	lbu	x13,7(x10)	 x10:0x00101a18 x13=0x0000003a PA:0x00101a1f store:0x00000075
          20698	     10345	001000fc	00850513	addi	x10,x10,8	 x10:0x00101a18 x10=0x00101a20
          20700	     10346	00100100	00068863	beq	x13,x0,100110	 x13:0x0000003a  x0:0x00000000
          20704	     10348	00100104	00d7a023	sw	x13,0(x15)	 x15:0x00020000 x13:0x0000003a PA:0x00020000 store:0x0000003a load:0x00000000
          20708	     10350	00100108	00054803	lbu	x16,0(x10)	 x10:0x00101a20 x16=0x00000020 PA:0x00101a20 store:0x00000000
          20712	     10352	0010010c	fa0810e3	bne	x16,x0,1000ac	 x16:0x00000020  x0:0x00000000
          20718	     10355	001000ac	0107a023	sw	x16,0(x15)	 x15:0x00020000 x16:0x00000020 PA:0x00020000 store:0x00000020 load:0x00000000
          20722	     10357	001000b0	00154703	lbu	x14,1(x10)	 x10:0x00101a20 x14=0x00000000 PA:0x00101a21 store:0x00101400
          20726	     10359	001000b4	04070e63	beq	x14,x0,100110	 x14:0x00000000  x0:0x00000000
          20730	     10361	00100110	00000513	addi	x10,x0,0	  x0:0x00000000 x10=0x00000000
          20734	     10363	00100114	00008067	jalr	x0,0(x1)	  x1:0x00101400  x0=0x00000000
          20738	     10365	00101400	cf8a2503	lw	x10,-776(x20)	 x20:0x00102000 x10=0x3f831eb8 PA:0x00101cf8 store:0x00000008
          20742	     10367	00101404	d1dfe0ef	jal	x1,100120	  x1=0x00101408
          20744	     10368	00100120	01c55793	srli	x15,x10,0x1c	 x10:0x3f831eb8 x15=0x00000003
          20746	     10369	00100124	00900713	addi	x14,x0,9	  x0:0x00000000 x14=0x00000009
          20750	     10371	00100128	0cf77a63	bgeu	x14,x15,1001fc	 x14:0x00000009 x15:0x00000003
          20754	     10373	001001fc	03078393	addi	x7,x15,48	 x15:0x00000003  x7=0x00000033
          20756	     10374	00100200	000205b7	lui	x11,0x20	 x11=0x00020000
          20758	     10375	00100204	00451613	slli	x12,x10,0x4	 x10:0x3f831eb8 x12=0xf831eb80
          20762	     10377	00100208	0075a023	sw	x7,0(x11)	 x11:0x00020000  x7:0x00000033 PA:0x00020000 store:0x00000033 load:0x00000000
          20764	     10378	0010020c	01c65693	srli	x13,x12,0x1c	 x12:0xf831eb80 x13=0x0000000f
          20766	     10379	00100210	00900813	addi	x16,x0,9	  x0:0x00000000 x16=0x00000009
          20770	     10381	00100214	f2d86ae3	bltu	x16,x13,100148	 x16:0x00000009 x13:0x0000000f
          20774	     10383	00100148	03768893	addi	x17,x13,55	 x13:0x0000000f x17=0x00000046
          20776	     10384	0010014c	00020e37	lui	x28,0x20	 x28=0x00020000
          20778	     10385	00100150	00851f93	slli	x31,x10,0x8	 x10:0x3f831eb8 x31=0x831eb800
          20782	     10387	00100154	011e2023	sw	x17,0(x28)	 x28:0x00020000 x17:0x00000046 PA:0x00020000 store:0x00000046 load:0x00000000
          20784	     10388	00100158	01cfd793	srli	x15,x31,0x1c	 x31:0x831eb800 x15=0x00000008
          20786	     10389	0010015c	00900713	addi	x14,x0,9	  x0:0x00000000 x14=0x00000009
          20790	     10391	00100160	0cf77a63	bgeu	x14,x15,100234	 x14:0x00000009 x15:0x00000008
          20794	     10393	00100234	03078393	addi	x7,x15,48	 x15:0x00000008  x7=0x00000038
          20796	     10394	00100238	000205b7	lui	x11,0x20	 x11=0x00020000
          20798	     10395	0010023c	00c51613	slli	x12,x10,0xc	 x10:0x3f831eb8 x12=0x31eb8000
          20802	     10397	00100240	0075a023	sw	x7,0(x11)	 x11:0x00020000  x7:0x00000038 PA:0x00020000 store:0x00000038 load:0x00000000
          20804	     10398	00100244	01c65693	srli	x13,x12,0x1c	 x12:0x31eb8000 x13=0x00000003
          20806	     10399	00100248	00900813	addi	x16,x0,9	  x0:0x00000000 x16=0x00000009
          20808	     10400	0010024c	f2d86ae3	bltu	x16,x13,100180	 x16:0x00000009 x13:0x00000003
          20810	     10401	00100250	03068e93	addi	x29,x13,48	 x13:0x00000003 x29=0x00000033
          20812	     10402	00100254	00020f37	lui	x30,0x20	 x30=0x00020000
          20814	     10403	00100258	01051f93	slli	x31,x10,0x10	 x10:0x3f831eb8 x31=0x1eb80000
          20818	     10405	0010025c	01df2023	sw	x29,0(x30)	 x30:0x00020000 x29:0x00000033 PA:0x00020000 store:0x00000033 load:0x00000000
          20820	     10406	00100260	01cfd793	srli	x15,x31,0x1c	 x31:0x1eb80000 x15=0x00000001
          20822	     10407	00100264	00900713	addi	x14,x0,9	  x0:0x00000000 x14=0x00000009
          20824	     10408	00100268	f2f76ae3	bltu	x14,x15,10019c	 x14:0x00000009 x15:0x00000001
          20826	     10409	0010026c	03078393	addi	x7,x15,48	 x15:0x00000001  x7=0x00000031
          20828	     10410	00100270	000205b7	lui	x11,0x20	 x11=0x00020000
          20830	     10411	00100274	01451613	slli	x12,x10,0x14	 x10:0x3f831eb8 x12=0xeb800000
          20834	     10413	00100278	0075a023	sw	x7,0(x11)	 x11:0x00020000  x7:0x00000031 PA:0x00020000 store:0x00000031 load:0x00000000
          20836	     10414	0010027c	01c65693	srli	x13,x12,0x1c	 x12:0xeb800000 x13=0x0000000e
          20838	     10415	00100280	00900813	addi	x16,x0,9	  x0:0x00000000 x16=0x00000009
          20842	     10417	00100284	f2d86ae3	bltu	x16,x13,1001b8	 x16:0x00000009 x13:0x0000000e
          20846	     10419	001001b8	03768893	addi	x17,x13,55	 x13:0x0000000e x17=0x00000045
          20848	     10420	001001bc	00020e37	lui	x28,0x20	 x28=0x00020000
          20850	     10421	001001c0	01851f93	slli	x31,x10,0x18	 x10:0x3f831eb8 x31=0xb8000000
          20854	     10423	001001c4	011e2023	sw	x17,0(x28)	 x28:0x00020000 x17:0x00000045 PA:0x00020000 store:0x00000045 load:0x00000000
          20856	     10424	001001c8	01cfd793	srli	x15,x31,0x1c	 x31:0xb8000000 x15=0x0000000b
          20858	     10425	001001cc	00900713	addi	x14,x0,9	  x0:0x00000000 x14=0x00000009
          20860	     10426	001001d0	0cf77a63	bgeu	x14,x15,1002a4	 x14:0x00000009 x15:0x0000000b
          20862	     10427	001001d4	03778293	addi	x5,x15,55	 x15:0x0000000b  x5=0x00000042
          20864	     10428	001001d8	00020337	lui	x6,0x20	  x6=0x00020000
          20868	     10430	001001dc	00532023	sw	x5,0(x6)	  x6:0x00020000  x5:0x00000042 PA:0x00020000 store:0x00000042 load:0x00000000
          20870	     10431	001001e0	00f57513	andi	x10,x10,15	 x10:0x3f831eb8 x10=0x00000008
          20872	     10432	001001e4	00900613	addi	x12,x0,9	  x0:0x00000000 x12=0x00000009
          20874	     10433	001001e8	0ca66a63	bltu	x12,x10,1002bc	 x12:0x00000009 x10:0x00000008
          20876	     10434	001001ec	03050893	addi	x17,x10,48	 x10:0x00000008 x17=0x00000038
          20878	     10435	001001f0	00020e37	lui	x28,0x20	 x28=0x00020000
          20882	     10437	001001f4	011e2023	sw	x17,0(x28)	 x28:0x00020000 x17:0x00000038 PA:0x00020000 store:0x00000038 load:0x00000000
          20886	     10439	001001f8	00008067	jalr	x0,0(x1)	  x1:0x00101408  x0=0x00000000
          20890	     10441	00101408	f1ac18e3	bne	x24,x26,101318	 x24:0x00000008 x26:0x00000014
          20902	     10447	00101318	d089a607	flw	f12,-760(x19)	 f19:0x00102000 f12=0x00000000 PA:0x00101d08 store:0x3f9b3246
          20924	     10458	0010131c	580676d3	fsqrt.s	f13,f12	 f12:0x00000009 f13=0x00000000
          20930	     10461	00101320	d0d9a427	fsw	f13,-760(x19)	 f19:0x00102000 f13:0x0000000e PA:0x00101d08 store:0x3f818cf4 load:0x3f831eb8
          20936	     10464	00101324	d089a387	flw	f7,-760(x19)	 f19:0x00102000  f7=0x00000000 PA:0x00000000
          20944	     10468	00101328	a10a8513	addi	x10,x21,-1520	 x21:0x00102000 x10=0x00101a10
          20946	     10469	0010132c	e00386d3	fmv.x.w	x13,f7	  f7:0x00000031 x13=0x3f818cf4
          20948	     10470	00101330	ceda2c23	sw	x13,-776(x20)	 x20:0x00102000 x13:0x3f818cf4 PA:0x00101cf8 store:0x3f818cf4 load:0x3f818cf4
          20950	     10471	00101334	d6dfe0ef	jal	x1,1000a0	  x1=0x00101338
          20954	     10473	001000a0	00054803	lbu	x16,0(x10)	 x10:0x00101a10 x16=0x0000000a PA:0x00101a10 store:0x00000000
          20956	     10474	001000a4	06080663	beq	x16,x0,100110	 x16:0x0000000a  x0:0x00000000
          20958	     10475	001000a8	000207b7	lui	x15,0x20	 x15=0x00020000
          20962	     10477	001000ac	0107a023	sw	x16,0(x15)	 x15:0x00020000 x16:0x0000000a PA:0x00020000 store:0x0000000a load:0x00000000
          20966	     10479	001000b0	00154703	lbu	x14,1(x10)	 x10:0x00101a10 x14=0x00000020 PA:0x00101a11 store:0x00101338
          20968	     10480	001000b4	04070e63	beq	x14,x0,100110	 x14:0x00000020  x0:0x00000000
          20972	     10482	001000b8	00e7a023	sw	x14,0(x15)	 x15:0x00020000 x14:0x00000020 PA:0x00020000 store:0x00000020 load:0x00000000
          20976	     10484	001000bc	00254283	lbu	x5,2(x10)	 x10:0x00101a10  x5=0x00000069 PA:0x00101a12 store:0x00137fa0
          20978	     10485	001000c0	04028863	beq	x5,x0,100110	  x5:0x00000069  x0:0x00000000
          20982	     10487	001000c4	0057a023	sw	x5,0(x15)	 x15:0x00020000  x5:0x00000069 PA:0x00020000 store:0x00000069 load:0x00000000
          20986	     10489	001000c8	00354303	lbu	x6,3(x10)	 x10:0x00101a10  x6=0x0000003d PA:0x00101a13 store:0x00000000
          20988	     10490	001000cc	04030263	beq	x6,x0,100110	  x6:0x0000003d  x0:0x00000000
          20992	     10492	001000d0	0067a023	sw	x6,0(x15)	 x15:0x00020000  x6:0x0000003d PA:0x00020000 store:0x0000003d load:0x00000000
          20996	     10494	001000d4	00454383	lbu	x7,4(x10)	 x10:0x00101a10  x7=0x00000000 PA:0x00101a14 store:0x00000000
          21000	     10496	001000d8	02038c63	beq	x7,x0,100110	  x7:0x00000000  x0:0x00000000
          21004	     10498	00100110	00000513	addi	x10,x0,0	  x0:0x00000000 x10=0x00000000
          21008	     10500	00100114	00008067	jalr	x0,0(x1)	  x1:0x00101338  x0=0x00000000
          21010	     10501	00101338	000c0513	addi	x10,x24,0	 x24:0x00000008 x10=0x00000008
          21014	     10503	0010133c	de5fe0ef	jal	x1,100120	  x1=0x00101340
          21016	     10504	00100120	01c55793	srli	x15,x10,0x1c	 x10:0x00000008 x15=0x00000000
          21018	     10505	00100124	00900713	addi	x14,x0,9	  x0:0x00000000 x14=0x00000009
          21022	     10507	00100128	0cf77a63	bgeu	x14,x15,1001fc	 x14:0x00000009 x15:0x00000000
          21026	     10509	001001fc	03078393	addi	x7,x15,48	 x15:0x00000000  x7=0x00000030
          21028	     10510	00100200	000205b7	lui	x11,0x20	 x11=0x00020000
          21030	     10511	00100204	00451613	slli	x12,x10,0x4	 x10:0x00000008 x12=0x00000080
          21034	     10513	00100208	0075a023	sw	x7,0(x11)	 x11:0x00020000  x7:0x00000030 PA:0x00020000 store:0x00000030 load:0x00000000
          21036	     10514	0010020c	01c65693	srli	x13,x12,0x1c	 x12:0x00000080 x13=0x00000000
          21038	     10515	00100210	00900813	addi	x16,x0,9	  x0:0x00000000 x16=0x00000009
          21040	     10516	00100214	f2d86ae3	bltu	x16,x13,100148	 x16:0x00000009 x13:0x00000000
          21042	     10517	00100218	03068e93	addi	x29,x13,48	 x13:0x00000000 x29=0x00000030
          21044	     10518	0010021c	00020f37	lui	x30,0x20	 x30=0x00020000
          21046	     10519	00100220	00851f93	slli	x31,x10,0x8	 x10:0x00000008 x31=0x00000800
          21050	     10521	00100224	01df2023	sw	x29,0(x30)	 x30:0x00020000 x29:0x00000030 PA:0x00020000 store:0x00000030 load:0x00000000
          21052	     10522	00100228	01cfd793	srli	x15,x31,0x1c	 x31:0x00000800 x15=0x00000000
          21054	     10523	0010022c	00900713	addi	x14,x0,9	  x0:0x00000000 x14=0x00000009
          21056	     10524	00100230	f2f76ae3	bltu	x14,x15,100164	 x14:0x00000009 x15:0x00000000
          21058	     10525	00100234	03078393	addi	x7,x15,48	 x15:0x00000000  x7=0x00000030
          21060	     10526	00100238	000205b7	lui	x11,0x20	 x11=0x00020000
          21062	     10527	0010023c	00c51613	slli	x12,x10,0xc	 x10:0x00000008 x12=0x00008000
          21066	     10529	00100240	0075a023	sw	x7,0(x11)	 x11:0x00020000  x7:0x00000030 PA:0x00020000 store:0x00000030 load:0x00000000
          21068	     10530	00100244	01c65693	srli	x13,x12,0x1c	 x12:0x00008000 x13=0x00000000
          21070	     10531	00100248	00900813	addi	x16,x0,9	  x0:0x00000000 x16=0x00000009
          21072	     10532	0010024c	f2d86ae3	bltu	x16,x13,100180	 x16:0x00000009 x13:0x00000000
          21074	     10533	00100250	03068e93	addi	x29,x13,48	 x13:0x00000000 x29=0x00000030
          21076	     10534	00100254	00020f37	lui	x30,0x20	 x30=0x00020000
          21078	     10535	00100258	01051f93	slli	x31,x10,0x10	 x10:0x00000008 x31=0x00080000
          21082	     10537	0010025c	01df2023	sw	x29,0(x30)	 x30:0x00020000 x29:0x00000030 PA:0x00020000 store:0x00000030 load:0x00000000
          21084	     10538	00100260	01cfd793	srli	x15,x31,0x1c	 x31:0x00080000 x15=0x00000000
          21086	     10539	00100264	00900713	addi	x14,x0,9	  x0:0x00000000 x14=0x00000009
          21088	     10540	00100268	f2f76ae3	bltu	x14,x15,10019c	 x14:0x00000009 x15:0x00000000
          21090	     10541	0010026c	03078393	addi	x7,x15,48	 x15:0x00000000  x7=0x00000030
          21092	     10542	00100270	000205b7	lui	x11,0x20	 x11=0x00020000
          21094	     10543	00100274	01451613	slli	x12,x10,0x14	 x10:0x00000008 x12=0x00800000
          21098	     10545	00100278	0075a023	sw	x7,0(x11)	 x11:0x00020000  x7:0x00000030 PA:0x00020000 store:0x00000030 load:0x00000000
          21100	     10546	0010027c	01c65693	srli	x13,x12,0x1c	 x12:0x00800000 x13=0x00000000
          21102	     10547	00100280	00900813	addi	x16,x0,9	  x0:0x00000000 x16=0x00000009
          21104	     10548	00100284	f2d86ae3	bltu	x16,x13,1001b8	 x16:0x00000009 x13:0x00000000
          21106	     10549	00100288	03068e93	addi	x29,x13,48	 x13:0x00000000 x29=0x00000030
          21108	     10550	0010028c	00020f37	lui	x30,0x20	 x30=0x00020000
          21110	     10551	00100290	01851f93	slli	x31,x10,0x18	 x10:0x00000008 x31=0x08000000
          21114	     10553	00100294	01df2023	sw	x29,0(x30)	 x30:0x00020000 x29:0x00000030 PA:0x00020000 store:0x00000030 load:0x00000000
          21116	     10554	00100298	01cfd793	srli	x15,x31,0x1c	 x31:0x08000000 x15=0x00000000
          21118	     10555	0010029c	00900713	addi	x14,x0,9	  x0:0x00000000 x14=0x00000009
          21120	     10556	001002a0	f2f76ae3	bltu	x14,x15,1001d4	 x14:0x00000009 x15:0x00000000
          21122	     10557	001002a4	03078393	addi	x7,x15,48	 x15:0x00000000  x7=0x00000030
          21124	     10558	001002a8	000205b7	lui	x11,0x20	 x11=0x00020000
          21128	     10560	001002ac	0075a023	sw	x7,0(x11)	 x11:0x00020000  x7:0x00000030 PA:0x00020000 store:0x00000030 load:0x00000000
          21130	     10561	001002b0	00f57513	andi	x10,x10,15	 x10:0x00000008 x10=0x00000008
          21132	     10562	001002b4	00900613	addi	x12,x0,9	  x0:0x00000000 x12=0x00000009
          21136	     10564	001002b8	f2a67ae3	bgeu	x12,x10,1001ec	 x12:0x00000009 x10:0x00000008
          21140	     10566	001001ec	03050893	addi	x17,x10,48	 x10:0x00000008 x17=0x00000038
          21142	     10567	001001f0	00020e37	lui	x28,0x20	 x28=0x00020000
          21146	     10569	001001f4	011e2023	sw	x17,0(x28)	 x28:0x00020000 x17:0x00000038 PA:0x00020000 store:0x00000038 load:0x00000000
          21150	     10571	001001f8	00008067	jalr	x0,0(x1)	  x1:0x00101340  x0=0x00000000
          21152	     10572	00101340	a18b0513	addi	x10,x22,-1512	 x22:0x00102000 x10=0x00101a18
          21156	     10574	00101344	d5dfe0ef	jal	x1,1000a0	  x1=0x00101348
          21160	     10576	001000a0	00054803	lbu	x16,0(x10)	 x10:0x00101a18 x16=0x00000020 PA:0x00101a18 store:0x00000000
          21162	     10577	001000a4	06080663	beq	x16,x0,100110	 x16:0x00000020  x0:0x00000000
          21164	     10578	001000a8	000207b7	lui	x15,0x20	 x15=0x00020000
          21168	     10580	001000ac	0107a023	sw	x16,0(x15)	 x15:0x00020000 x16:0x00000020 PA:0x00020000 store:0x00000020 load:0x00000000
          21172	     10582	001000b0	00154703	lbu	x14,1(x10)	 x10:0x00101a18 x14=0x00000072 PA:0x00101a19 store:0x00101348
          21174	     10583	001000b4	04070e63	beq	x14,x0,100110	 x14:0x00000072  x0:0x00000000
          21178	     10585	001000b8	00e7a023	sw	x14,0(x15)	 x15:0x00020000 x14:0x00000072 PA:0x00020000 store:0x00000072 load:0x00000000
          21182	     10587	001000bc	00254283	lbu	x5,2(x10)	 x10:0x00101a18  x5=0x00000065 PA:0x00101a1a store:0x00137fa0
          21184	     10588	001000c0	04028863	beq	x5,x0,100110	  x5:0x00000065  x0:0x00000000
          21188	     10590	001000c4	0057a023	sw	x5,0(x15)	 x15:0x00020000  x5:0x00000065 PA:0x00020000 store:0x00000065 load:0x00000000
          21192	     10592	001000c8	00354303	lbu	x6,3(x10)	 x10:0x00101a18  x6=0x00000073 PA:0x00101a1b store:0x00000000
          21194	     10593	001000cc	04030263	beq	x6,x0,100110	  x6:0x00000073  x0:0x00000000
          21198	     10595	001000d0	0067a023	sw	x6,0(x15)	 x15:0x00020000  x6:0x00000073 PA:0x00020000 store:0x00000073 load:0x00000000
          21202	     10597	001000d4	00454383	lbu	x7,4(x10)	 x10:0x00101a18  x7=0x00000075 PA:0x00101a1c store:0x00000000
          21204	     10598	001000d8	02038c63	beq	x7,x0,100110	  x7:0x00000075  x0:0x00000000
          21208	     10600	001000dc	0077a023	sw	x7,0(x15)	 x15:0x00020000  x7:0x00000075 PA:0x00020000 store:0x00000075 load:0x00000000
          21212	     10602	001000e0	00554583	lbu	x11,5(x10)	 x10:0x00101a18 x11=0x0000006c PA:0x00101a1d store:0x00000065
          21214	     10603	001000e4	02058663	beq	x11,x0,100110	 x11:0x0000006c  x0:0x00000000
          21218	     10605	001000e8	00b7a023	sw	x11,0(x15)	 x15:0x00020000 x11:0x0000006c PA:0x00020000 store:0x0000006c load:0x00000000
          21222	     10607	001000ec	00654603	lbu	x12,6(x10)	 x10:0x00101a18 x12=0x00000074 PA:0x00101a1e store:0x00000073
          21224	     10608	001000f0	02060063	beq	x12,x0,100110	 x12:0x00000074  x0:0x00000000
          21228	     10610	001000f4	00c7a023	sw	x12,0(x15)	 x15:0x00020000 x12:0x00000074 PA:0x00020000 store:0x00000074 load:0x00000000
          21232	     10612	001000f8	00754683	lbu	x13,7(x10)	 x10:0x00101a18 x13=0x0000003a PA:0x00101a1f store:0x00000075
          21234	     10613	001000fc	00850513	addi	x10,x10,8	 x10:0x00101a18 x10=0x00101a20
          21236	     10614	00100100	00068863	beq	x13,x0,100110	 x13:0x0000003a  x0:0x00000000
          21240	     10616	00100104	00d7a023	sw	x13,0(x15)	 x15:0x00020000 x13:0x0000003a PA:0x00020000 store:0x0000003a load:0x00000000
          21244	     10618	00100108	00054803	lbu	x16,0(x10)	 x10:0x00101a20 x16=0x00000020 PA:0x00101a20 store:0x00000000
          21248	     10620	0010010c	fa0810e3	bne	x16,x0,1000ac	 x16:0x00000020  x0:0x00000000
          21254	     10623	001000ac	0107a023	sw	x16,0(x15)	 x15:0x00020000 x16:0x00000020 PA:0x00020000 store:0x00000020 load:0x00000000
          21258	     10625	001000b0	00154703	lbu	x14,1(x10)	 x10:0x00101a20 x14=0x00000000 PA:0x00101a21 store:0x00101348
          21262	     10627	001000b4	04070e63	beq	x14,x0,100110	 x14:0x00000000  x0:0x00000000
          21266	     10629	00100110	00000513	addi	x10,x0,0	  x0:0x00000000 x10=0x00000000
          21270	     10631	00100114	00008067	jalr	x0,0(x1)	  x1:0x00101348  x0=0x00000000
          21274	     10633	00101348	cf8a2503	lw	x10,-776(x20)	 x20:0x00102000 x10=0x3f818cf4 PA:0x00101cf8 store:0x00000008
          21276	     10634	0010134c	001c0d93	addi	x27,x24,1	 x24:0x00000008 x27=0x00000009
          21280	     10636	00101350	dd1fe0ef	jal	x1,100120	  x1=0x00101354
          21282	     10637	00100120	01c55793	srli	x15,x10,0x1c	 x10:0x3f818cf4 x15=0x00000003
          21284	     10638	00100124	00900713	addi	x14,x0,9	  x0:0x00000000 x14=0x00000009
          21288	     10640	00100128	0cf77a63	bgeu	x14,x15,1001fc	 x14:0x00000009 x15:0x00000003
          21292	     10642	001001fc	03078393	addi	x7,x15,48	 x15:0x00000003  x7=0x00000033
          21294	     10643	00100200	000205b7	lui	x11,0x20	 x11=0x00020000
          21296	     10644	00100204	00451613	slli	x12,x10,0x4	 x10:0x3f818cf4 x12=0xf818cf40
          21300	     10646	00100208	0075a023	sw	x7,0(x11)	 x11:0x00020000  x7:0x00000033 PA:0x00020000 store:0x00000033 load:0x00000000
          21302	     10647	0010020c	01c65693	srli	x13,x12,0x1c	 x12:0xf818cf40 x13=0x0000000f
          21304	     10648	00100210	00900813	addi	x16,x0,9	  x0:0x00000000 x16=0x00000009
          21308	     10650	00100214	f2d86ae3	bltu	x16,x13,100148	 x16:0x00000009 x13:0x0000000f
          21312	     10652	00100148	03768893	addi	x17,x13,55	 x13:0x0000000f x17=0x00000046
          21314	     10653	0010014c	00020e37	lui	x28,0x20	 x28=0x00020000
          21316	     10654	00100150	00851f93	slli	x31,x10,0x8	 x10:0x3f818cf4 x31=0x818cf400
          21320	     10656	00100154	011e2023	sw	x17,0(x28)	 x28:0x00020000 x17:0x00000046 PA:0x00020000 store:0x00000046 load:0x00000000
          21322	     10657	00100158	01cfd793	srli	x15,x31,0x1c	 x31:0x818cf400 x15=0x00000008
          21324	     10658	0010015c	00900713	addi	x14,x0,9	  x0:0x00000000 x14=0x00000009
          21328	     10660	00100160	0cf77a63	bgeu	x14,x15,100234	 x14:0x00000009 x15:0x00000008
          21332	     10662	00100234	03078393	addi	x7,x15,48	 x15:0x00000008  x7=0x00000038
          21334	     10663	00100238	000205b7	lui	x11,0x20	 x11=0x00020000
          21336	     10664	0010023c	00c51613	slli	x12,x10,0xc	 x10:0x3f818cf4 x12=0x18cf4000
          21340	     10666	00100240	0075a023	sw	x7,0(x11)	 x11:0x00020000  x7:0x00000038 PA:0x00020000 store:0x00000038 load:0x00000000
          21342	     10667	00100244	01c65693	srli	x13,x12,0x1c	 x12:0x18cf4000 x13=0x00000001
          21344	     10668	00100248	00900813	addi	x16,x0,9	  x0:0x00000000 x16=0x00000009
          21346	     10669	0010024c	f2d86ae3	bltu	x16,x13,100180	 x16:0x00000009 x13:0x00000001
          21348	     10670	00100250	03068e93	addi	x29,x13,48	 x13:0x00000001 x29=0x00000031
          21350	     10671	00100254	00020f37	lui	x30,0x20	 x30=0x00020000
          21352	     10672	00100258	01051f93	slli	x31,x10,0x10	 x10:0x3f818cf4 x31=0x8cf40000
          21356	     10674	0010025c	01df2023	sw	x29,0(x30)	 x30:0x00020000 x29:0x00000031 PA:0x00020000 store:0x00000031 load:0x00000000
          21358	     10675	00100260	01cfd793	srli	x15,x31,0x1c	 x31:0x8cf40000 x15=0x00000008
          21360	     10676	00100264	00900713	addi	x14,x0,9	  x0:0x00000000 x14=0x00000009
          21362	     10677	00100268	f2f76ae3	bltu	x14,x15,10019c	 x14:0x00000009 x15:0x00000008
          21364	     10678	0010026c	03078393	addi	x7,x15,48	 x15:0x00000008  x7=0x00000038
          21366	     10679	00100270	000205b7	lui	x11,0x20	 x11=0x00020000
          21368	     10680	00100274	01451613	slli	x12,x10,0x14	 x10:0x3f818cf4 x12=0xcf400000
          21372	     10682	00100278	0075a023	sw	x7,0(x11)	 x11:0x00020000  x7:0x00000038 PA:0x00020000 store:0x00000038 load:0x00000000
          21374	     10683	0010027c	01c65693	srli	x13,x12,0x1c	 x12:0xcf400000 x13=0x0000000c
          21376	     10684	00100280	00900813	addi	x16,x0,9	  x0:0x00000000 x16=0x00000009
          21380	     10686	00100284	f2d86ae3	bltu	x16,x13,1001b8	 x16:0x00000009 x13:0x0000000c
          21384	     10688	001001b8	03768893	addi	x17,x13,55	 x13:0x0000000c x17=0x00000043
          21386	     10689	001001bc	00020e37	lui	x28,0x20	 x28=0x00020000
          21388	     10690	001001c0	01851f93	slli	x31,x10,0x18	 x10:0x3f818cf4 x31=0xf4000000
          21392	     10692	001001c4	011e2023	sw	x17,0(x28)	 x28:0x00020000 x17:0x00000043 PA:0x00020000 store:0x00000043 load:0x00000000
          21394	     10693	001001c8	01cfd793	srli	x15,x31,0x1c	 x31:0xf4000000 x15=0x0000000f
          21396	     10694	001001cc	00900713	addi	x14,x0,9	  x0:0x00000000 x14=0x00000009
          21398	     10695	001001d0	0cf77a63	bgeu	x14,x15,1002a4	 x14:0x00000009 x15:0x0000000f
          21400	     10696	001001d4	03778293	addi	x5,x15,55	 x15:0x0000000f  x5=0x00000046
          21402	     10697	001001d8	00020337	lui	x6,0x20	  x6=0x00020000
          21406	     10699	001001dc	00532023	sw	x5,0(x6)	  x6:0x00020000  x5:0x00000046 PA:0x00020000 store:0x00000046 load:0x00000000
          21408	     10700	001001e0	00f57513	andi	x10,x10,15	 x10:0x3f818cf4 x10=0x00000004
          21410	     10701	001001e4	00900613	addi	x12,x0,9	  x0:0x00000000 x12=0x00000009
          21412	     10702	001001e8	0ca66a63	bltu	x12,x10,1002bc	 x12:0x00000009 x10:0x00000004
          21414	     10703	001001ec	03050893	addi	x17,x10,48	 x10:0x00000004 x17=0x00000034
          21416	     10704	001001f0	00020e37	lui	x28,0x20	 x28=0x00020000
          21420	     10706	001001f4	011e2023	sw	x17,0(x28)	 x28:0x00020000 x17:0x00000034 PA:0x00020000 store:0x00000034 load:0x00000000
          21434	     10713	001001f8	00008067	jalr	x0,0(x1)	  x1:0x00101354  x0=0x00000000
          21436	     10714	00101354	d089a407	flw	f8,-760(x19)	 f19:0x00102000  f8=0x00000000 PA:0x00101d08 store:0x3f9b3246
          21456	     10724	00101358	580474d3	fsqrt.s	f9,f8	  f8:0x00102000  f9=0x00000000
          21462	     10727	0010135c	d099a427	fsw	f9,-760(x19)	 f19:0x00102000  f9:0x00102000 PA:0x00101d08 store:0x3f80c5e1 load:0x3f818cf4
          21468	     10730	00101360	d089a507	flw	f10,-760(x19)	 f19:0x00102000 f10=0x00000000 PA:0x00000000
          21476	     10734	00101364	a10a8513	addi	x10,x21,-1520	 x21:0x00102000 x10=0x00101a10
          21478	     10735	00101368	e0050753	fmv.x.w	x14,f10	 f10:0x00101a10 x14=0x3f80c5e1
          21480	     10736	0010136c	ceea2c23	sw	x14,-776(x20)	 x20:0x00102000 x14:0x3f80c5e1 PA:0x00101cf8 store:0x3f80c5e1 load:0x3f80c5e1
          21482	     10737	00101370	d31fe0ef	jal	x1,1000a0	  x1=0x00101374
          21486	     10739	001000a0	00054803	lbu	x16,0(x10)	 x10:0x00101a10 x16=0x0000000a PA:0x00101a10 store:0x00000000
          21488	     10740	001000a4	06080663	beq	x16,x0,100110	 x16:0x0000000a  x0:0x00000000
          21490	     10741	001000a8	000207b7	lui	x15,0x20	 x15=0x00020000
          21494	     10743	001000ac	0107a023	sw	x16,0(x15)	 x15:0x00020000 x16:0x0000000a PA:0x00020000 store:0x0000000a load:0x00000000
          21498	     10745	001000b0	00154703	lbu	x14,1(x10)	 x10:0x00101a10 x14=0x00000020 PA:0x00101a11 store:0x00101374
          21500	     10746	001000b4	04070e63	beq	x14,x0,100110	 x14:0x00000020  x0:0x00000000
          21504	     10748	001000b8	00e7a023	sw	x14,0(x15)	 x15:0x00020000 x14:0x00000020 PA:0x00020000 store:0x00000020 load:0x00000000
          21508	     10750	001000bc	00254283	lbu	x5,2(x10)	 x10:0x00101a10  x5=0x00000069 PA:0x00101a12 store:0x00137fa0
          21510	     10751	001000c0	04028863	beq	x5,x0,100110	  x5:0x00000069  x0:0x00000000
          21514	     10753	001000c4	0057a023	sw	x5,0(x15)	 x15:0x00020000  x5:0x00000069 PA:0x00020000 store:0x00000069 load:0x00000000
          21518	     10755	001000c8	00354303	lbu	x6,3(x10)	 x10:0x00101a10  x6=0x0000003d PA:0x00101a13 store:0x00000000
          21520	     10756	001000cc	04030263	beq	x6,x0,100110	  x6:0x0000003d  x0:0x00000000
          21524	     10758	001000d0	0067a023	sw	x6,0(x15)	 x15:0x00020000  x6:0x0000003d PA:0x00020000 store:0x0000003d load:0x00000000
          21528	     10760	001000d4	00454383	lbu	x7,4(x10)	 x10:0x00101a10  x7=0x00000000 PA:0x00101a14 store:0x00000000
          21532	     10762	001000d8	02038c63	beq	x7,x0,100110	  x7:0x00000000  x0:0x00000000
          21536	     10764	00100110	00000513	addi	x10,x0,0	  x0:0x00000000 x10=0x00000000
          21540	     10766	00100114	00008067	jalr	x0,0(x1)	  x1:0x00101374  x0=0x00000000
          21542	     10767	00101374	000d8513	addi	x10,x27,0	 x27:0x00000009 x10=0x00000009
          21546	     10769	00101378	da9fe0ef	jal	x1,100120	  x1=0x0010137c
          21548	     10770	00100120	01c55793	srli	x15,x10,0x1c	 x10:0x00000009 x15=0x00000000
          21550	     10771	00100124	00900713	addi	x14,x0,9	  x0:0x00000000 x14=0x00000009
          21554	     10773	00100128	0cf77a63	bgeu	x14,x15,1001fc	 x14:0x00000009 x15:0x00000000
          21558	     10775	001001fc	03078393	addi	x7,x15,48	 x15:0x00000000  x7=0x00000030
          21560	     10776	00100200	000205b7	lui	x11,0x20	 x11=0x00020000
          21562	     10777	00100204	00451613	slli	x12,x10,0x4	 x10:0x00000009 x12=0x00000090
          21566	     10779	00100208	0075a023	sw	x7,0(x11)	 x11:0x00020000  x7:0x00000030 PA:0x00020000 store:0x00000030 load:0x00000000
          21568	     10780	0010020c	01c65693	srli	x13,x12,0x1c	 x12:0x00000090 x13=0x00000000
          21570	     10781	00100210	00900813	addi	x16,x0,9	  x0:0x00000000 x16=0x00000009
          21572	     10782	00100214	f2d86ae3	bltu	x16,x13,100148	 x16:0x00000009 x13:0x00000000
          21574	     10783	00100218	03068e93	addi	x29,x13,48	 x13:0x00000000 x29=0x00000030
          21576	     10784	0010021c	00020f37	lui	x30,0x20	 x30=0x00020000
          21578	     10785	00100220	00851f93	slli	x31,x10,0x8	 x10:0x00000009 x31=0x00000900
          21582	     10787	00100224	01df2023	sw	x29,0(x30)	 x30:0x00020000 x29:0x00000030 PA:0x00020000 store:0x00000030 load:0x00000000
          21584	     10788	00100228	01cfd793	srli	x15,x31,0x1c	 x31:0x00000900 x15=0x00000000
          21586	     10789	0010022c	00900713	addi	x14,x0,9	  x0:0x00000000 x14=0x00000009
          21588	     10790	00100230	f2f76ae3	bltu	x14,x15,100164	 x14:0x00000009 x15:0x00000000
          21590	     10791	00100234	03078393	addi	x7,x15,48	 x15:0x00000000  x7=0x00000030
          21592	     10792	00100238	000205b7	lui	x11,0x20	 x11=0x00020000
          21594	     10793	0010023c	00c51613	slli	x12,x10,0xc	 x10:0x00000009 x12=0x00009000
          21598	     10795	00100240	0075a023	sw	x7,0(x11)	 x11:0x00020000  x7:0x00000030 PA:0x00020000 store:0x00000030 load:0x00000000
          21600	     10796	00100244	01c65693	srli	x13,x12,0x1c	 x12:0x00009000 x13=0x00000000
          21602	     10797	00100248	00900813	addi	x16,x0,9	  x0:0x00000000 x16=0x00000009
          21604	     10798	0010024c	f2d86ae3	bltu	x16,x13,100180	 x16:0x00000009 x13:0x00000000
          21606	     10799	00100250	03068e93	addi	x29,x13,48	 x13:0x00000000 x29=0x00000030
          21608	     10800	00100254	00020f37	lui	x30,0x20	 x30=0x00020000
          21610	     10801	00100258	01051f93	slli	x31,x10,0x10	 x10:0x00000009 x31=0x00090000
          21614	     10803	0010025c	01df2023	sw	x29,0(x30)	 x30:0x00020000 x29:0x00000030 PA:0x00020000 store:0x00000030 load:0x00000000
          21616	     10804	00100260	01cfd793	srli	x15,x31,0x1c	 x31:0x00090000 x15=0x00000000
          21618	     10805	00100264	00900713	addi	x14,x0,9	  x0:0x00000000 x14=0x00000009
          21620	     10806	00100268	f2f76ae3	bltu	x14,x15,10019c	 x14:0x00000009 x15:0x00000000
          21622	     10807	0010026c	03078393	addi	x7,x15,48	 x15:0x00000000  x7=0x00000030
          21624	     10808	00100270	000205b7	lui	x11,0x20	 x11=0x00020000
          21626	     10809	00100274	01451613	slli	x12,x10,0x14	 x10:0x00000009 x12=0x00900000
          21630	     10811	00100278	0075a023	sw	x7,0(x11)	 x11:0x00020000  x7:0x00000030 PA:0x00020000 store:0x00000030 load:0x00000000
          21632	     10812	0010027c	01c65693	srli	x13,x12,0x1c	 x12:0x00900000 x13=0x00000000
          21634	     10813	00100280	00900813	addi	x16,x0,9	  x0:0x00000000 x16=0x00000009
          21636	     10814	00100284	f2d86ae3	bltu	x16,x13,1001b8	 x16:0x00000009 x13:0x00000000
          21638	     10815	00100288	03068e93	addi	x29,x13,48	 x13:0x00000000 x29=0x00000030
          21640	     10816	0010028c	00020f37	lui	x30,0x20	 x30=0x00020000
          21642	     10817	00100290	01851f93	slli	x31,x10,0x18	 x10:0x00000009 x31=0x09000000
          21646	     10819	00100294	01df2023	sw	x29,0(x30)	 x30:0x00020000 x29:0x00000030 PA:0x00020000 store:0x00000030 load:0x00000000
          21648	     10820	00100298	01cfd793	srli	x15,x31,0x1c	 x31:0x09000000 x15=0x00000000
          21650	     10821	0010029c	00900713	addi	x14,x0,9	  x0:0x00000000 x14=0x00000009
          21652	     10822	001002a0	f2f76ae3	bltu	x14,x15,1001d4	 x14:0x00000009 x15:0x00000000
          21654	     10823	001002a4	03078393	addi	x7,x15,48	 x15:0x00000000  x7=0x00000030
          21656	     10824	001002a8	000205b7	lui	x11,0x20	 x11=0x00020000
          21660	     10826	001002ac	0075a023	sw	x7,0(x11)	 x11:0x00020000  x7:0x00000030 PA:0x00020000 store:0x00000030 load:0x00000000
          21662	     10827	001002b0	00f57513	andi	x10,x10,15	 x10:0x00000009 x10=0x00000009
          21664	     10828	001002b4	00900613	addi	x12,x0,9	  x0:0x00000000 x12=0x00000009
          21668	     10830	001002b8	f2a67ae3	bgeu	x12,x10,1001ec	 x12:0x00000009 x10:0x00000009
          21672	     10832	001001ec	03050893	addi	x17,x10,48	 x10:0x00000009 x17=0x00000039
          21674	     10833	001001f0	00020e37	lui	x28,0x20	 x28=0x00020000
          21678	     10835	001001f4	011e2023	sw	x17,0(x28)	 x28:0x00020000 x17:0x00000039 PA:0x00020000 store:0x00000039 load:0x00000000
          21682	     10837	001001f8	00008067	jalr	x0,0(x1)	  x1:0x0010137c  x0=0x00000000
          21684	     10838	0010137c	a18b0513	addi	x10,x22,-1512	 x22:0x00102000 x10=0x00101a18
          21688	     10840	00101380	d21fe0ef	jal	x1,1000a0	  x1=0x00101384
          21692	     10842	001000a0	00054803	lbu	x16,0(x10)	 x10:0x00101a18 x16=0x00000020 PA:0x00101a18 store:0x00000000
          21694	     10843	001000a4	06080663	beq	x16,x0,100110	 x16:0x00000020  x0:0x00000000
          21696	     10844	001000a8	000207b7	lui	x15,0x20	 x15=0x00020000
          21700	     10846	001000ac	0107a023	sw	x16,0(x15)	 x15:0x00020000 x16:0x00000020 PA:0x00020000 store:0x00000020 load:0x00000000
          21704	     10848	001000b0	00154703	lbu	x14,1(x10)	 x10:0x00101a18 x14=0x00000072 PA:0x00101a19 store:0x00101384
          21706	     10849	001000b4	04070e63	beq	x14,x0,100110	 x14:0x00000072  x0:0x00000000
          21710	     10851	001000b8	00e7a023	sw	x14,0(x15)	 x15:0x00020000 x14:0x00000072 PA:0x00020000 store:0x00000072 load:0x00000000
          21714	     10853	001000bc	00254283	lbu	x5,2(x10)	 x10:0x00101a18  x5=0x00000065 PA:0x00101a1a store:0x00137fa0
          21716	     10854	001000c0	04028863	beq	x5,x0,100110	  x5:0x00000065  x0:0x00000000
          21720	     10856	001000c4	0057a023	sw	x5,0(x15)	 x15:0x00020000  x5:0x00000065 PA:0x00020000 store:0x00000065 load:0x00000000
          21724	     10858	001000c8	00354303	lbu	x6,3(x10)	 x10:0x00101a18  x6=0x00000073 PA:0x00101a1b store:0x00000000
          21726	     10859	001000cc	04030263	beq	x6,x0,100110	  x6:0x00000073  x0:0x00000000
          21730	     10861	001000d0	0067a023	sw	x6,0(x15)	 x15:0x00020000  x6:0x00000073 PA:0x00020000 store:0x00000073 load:0x00000000
          21734	     10863	001000d4	00454383	lbu	x7,4(x10)	 x10:0x00101a18  x7=0x00000075 PA:0x00101a1c store:0x00000000
          21736	     10864	001000d8	02038c63	beq	x7,x0,100110	  x7:0x00000075  x0:0x00000000
          21740	     10866	001000dc	0077a023	sw	x7,0(x15)	 x15:0x00020000  x7:0x00000075 PA:0x00020000 store:0x00000075 load:0x00000000
          21744	     10868	001000e0	00554583	lbu	x11,5(x10)	 x10:0x00101a18 x11=0x0000006c PA:0x00101a1d store:0x00000065
          21746	     10869	001000e4	02058663	beq	x11,x0,100110	 x11:0x0000006c  x0:0x00000000
          21750	     10871	001000e8	00b7a023	sw	x11,0(x15)	 x15:0x00020000 x11:0x0000006c PA:0x00020000 store:0x0000006c load:0x00000000
          21754	     10873	001000ec	00654603	lbu	x12,6(x10)	 x10:0x00101a18 x12=0x00000074 PA:0x00101a1e store:0x00000073
          21756	     10874	001000f0	02060063	beq	x12,x0,100110	 x12:0x00000074  x0:0x00000000
          21760	     10876	001000f4	00c7a023	sw	x12,0(x15)	 x15:0x00020000 x12:0x00000074 PA:0x00020000 store:0x00000074 load:0x00000000
          21764	     10878	001000f8	00754683	lbu	x13,7(x10)	 x10:0x00101a18 x13=0x0000003a PA:0x00101a1f store:0x00000075
          21766	     10879	001000fc	00850513	addi	x10,x10,8	 x10:0x00101a18 x10=0x00101a20
          21768	     10880	00100100	00068863	beq	x13,x0,100110	 x13:0x0000003a  x0:0x00000000
          21772	     10882	00100104	00d7a023	sw	x13,0(x15)	 x15:0x00020000 x13:0x0000003a PA:0x00020000 store:0x0000003a load:0x00000000
          21776	     10884	00100108	00054803	lbu	x16,0(x10)	 x10:0x00101a20 x16=0x00000020 PA:0x00101a20 store:0x00000000
          21780	     10886	0010010c	fa0810e3	bne	x16,x0,1000ac	 x16:0x00000020  x0:0x00000000
          21786	     10889	001000ac	0107a023	sw	x16,0(x15)	 x15:0x00020000 x16:0x00000020 PA:0x00020000 store:0x00000020 load:0x00000000
          21790	     10891	001000b0	00154703	lbu	x14,1(x10)	 x10:0x00101a20 x14=0x00000000 PA:0x00101a21 store:0x00101384
          21794	     10893	001000b4	04070e63	beq	x14,x0,100110	 x14:0x00000000  x0:0x00000000
          21798	     10895	00100110	00000513	addi	x10,x0,0	  x0:0x00000000 x10=0x00000000
          21802	     10897	00100114	00008067	jalr	x0,0(x1)	  x1:0x00101384  x0=0x00000000
          21806	     10899	00101384	cf8a2503	lw	x10,-776(x20)	 x20:0x00102000 x10=0x3f80c5e1 PA:0x00101cf8 store:0x00000008
          21808	     10900	00101388	002c0d93	addi	x27,x24,2	 x24:0x00000008 x27=0x0000000a
          21812	     10902	0010138c	d95fe0ef	jal	x1,100120	  x1=0x00101390
          21814	     10903	00100120	01c55793	srli	x15,x10,0x1c	 x10:0x3f80c5e1 x15=0x00000003
          21816	     10904	00100124	00900713	addi	x14,x0,9	  x0:0x00000000 x14=0x00000009
          21820	     10906	00100128	0cf77a63	bgeu	x14,x15,1001fc	 x14:0x00000009 x15:0x00000003
          21824	     10908	001001fc	03078393	addi	x7,x15,48	 x15:0x00000003  x7=0x00000033
          21826	     10909	00100200	000205b7	lui	x11,0x20	 x11=0x00020000
          21828	     10910	00100204	00451613	slli	x12,x10,0x4	 x10:0x3f80c5e1 x12=0xf80c5e10
          21832	     10912	00100208	0075a023	sw	x7,0(x11)	 x11:0x00020000  x7:0x00000033 PA:0x00020000 store:0x00000033 load:0x00000000
          21834	     10913	0010020c	01c65693	srli	x13,x12,0x1c	 x12:0xf80c5e10 x13=0x0000000f
          21836	     10914	00100210	00900813	addi	x16,x0,9	  x0:0x00000000 x16=0x00000009
          21840	     10916	00100214	f2d86ae3	bltu	x16,x13,100148	 x16:0x00000009 x13:0x0000000f
          21844	     10918	00100148	03768893	addi	x17,x13,55	 x13:0x0000000f x17=0x00000046
          21846	     10919	0010014c	00020e37	lui	x28,0x20	 x28=0x00020000
          21848	     10920	00100150	00851f93	slli	x31,x10,0x8	 x10:0x3f80c5e1 x31=0x80c5e100
          21852	     10922	00100154	011e2023	sw	x17,0(x28)	 x28:0x00020000 x17:0x00000046 PA:0x00020000 store:0x00000046 load:0x00000000
          21854	     10923	00100158	01cfd793	srli	x15,x31,0x1c	 x31:0x80c5e100 x15=0x00000008
          21856	     10924	0010015c	00900713	addi	x14,x0,9	  x0:0x00000000 x14=0x00000009
          21860	     10926	00100160	0cf77a63	bgeu	x14,x15,100234	 x14:0x00000009 x15:0x00000008
          21864	     10928	00100234	03078393	addi	x7,x15,48	 x15:0x00000008  x7=0x00000038
          21866	     10929	00100238	000205b7	lui	x11,0x20	 x11=0x00020000
          21868	     10930	0010023c	00c51613	slli	x12,x10,0xc	 x10:0x3f80c5e1 x12=0x0c5e1000
          21872	     10932	00100240	0075a023	sw	x7,0(x11)	 x11:0x00020000  x7:0x00000038 PA:0x00020000 store:0x00000038 load:0x00000000
          21874	     10933	00100244	01c65693	srli	x13,x12,0x1c	 x12:0x0c5e1000 x13=0x00000000
          21876	     10934	00100248	00900813	addi	x16,x0,9	  x0:0x00000000 x16=0x00000009
          21878	     10935	0010024c	f2d86ae3	bltu	x16,x13,100180	 x16:0x00000009 x13:0x00000000
          21880	     10936	00100250	03068e93	addi	x29,x13,48	 x13:0x00000000 x29=0x00000030
          21882	     10937	00100254	00020f37	lui	x30,0x20	 x30=0x00020000
          21884	     10938	00100258	01051f93	slli	x31,x10,0x10	 x10:0x3f80c5e1 x31=0xc5e10000
          21888	     10940	0010025c	01df2023	sw	x29,0(x30)	 x30:0x00020000 x29:0x00000030 PA:0x00020000 store:0x00000030 load:0x00000000
          21890	     10941	00100260	01cfd793	srli	x15,x31,0x1c	 x31:0xc5e10000 x15=0x0000000c
          21892	     10942	00100264	00900713	addi	x14,x0,9	  x0:0x00000000 x14=0x00000009
          21896	     10944	00100268	f2f76ae3	bltu	x14,x15,10019c	 x14:0x00000009 x15:0x0000000c
          21900	     10946	0010019c	03778293	addi	x5,x15,55	 x15:0x0000000c  x5=0x00000043
          21902	     10947	001001a0	00020337	lui	x6,0x20	  x6=0x00020000
          21904	     10948	001001a4	01451613	slli	x12,x10,0x14	 x10:0x3f80c5e1 x12=0x5e100000
          21908	     10950	001001a8	00532023	sw	x5,0(x6)	  x6:0x00020000  x5:0x00000043 PA:0x00020000 store:0x00000043 load:0x00000000
          21910	     10951	001001ac	01c65693	srli	x13,x12,0x1c	 x12:0x5e100000 x13=0x00000005
          21912	     10952	001001b0	00900813	addi	x16,x0,9	  x0:0x00000000 x16=0x00000009
          21916	     10954	001001b4	0cd87a63	bgeu	x16,x13,100288	 x16:0x00000009 x13:0x00000005
          21920	     10956	00100288	03068e93	addi	x29,x13,48	 x13:0x00000005 x29=0x00000035
          21922	     10957	0010028c	00020f37	lui	x30,0x20	 x30=0x00020000
          21924	     10958	00100290	01851f93	slli	x31,x10,0x18	 x10:0x3f80c5e1 x31=0xe1000000
          21928	     10960	00100294	01df2023	sw	x29,0(x30)	 x30:0x00020000 x29:0x00000035 PA:0x00020000 store:0x00000035 load:0x00000000
          21930	     10961	00100298	01cfd793	srli	x15,x31,0x1c	 x31:0xe1000000 x15=0x0000000e
          21932	     10962	0010029c	00900713	addi	x14,x0,9	  x0:0x00000000 x14=0x00000009
          21936	     10964	001002a0	f2f76ae3	bltu	x14,x15,1001d4	 x14:0x00000009 x15:0x0000000e
          21940	     10966	001001d4	03778293	addi	x5,x15,55	 x15:0x0000000e  x5=0x00000045
          21942	     10967	001001d8	00020337	lui	x6,0x20	  x6=0x00020000
          21946	     10969	001001dc	00532023	sw	x5,0(x6)	  x6:0x00020000  x5:0x00000045 PA:0x00020000 store:0x00000045 load:0x00000000
          21948	     10970	001001e0	00f57513	andi	x10,x10,15	 x10:0x3f80c5e1 x10=0x00000001
          21950	     10971	001001e4	00900613	addi	x12,x0,9	  x0:0x00000000 x12=0x00000009
          21952	     10972	001001e8	0ca66a63	bltu	x12,x10,1002bc	 x12:0x00000009 x10:0x00000001
          21954	     10973	001001ec	03050893	addi	x17,x10,48	 x10:0x00000001 x17=0x00000031
          21956	     10974	001001f0	00020e37	lui	x28,0x20	 x28=0x00020000
          21960	     10976	001001f4	011e2023	sw	x17,0(x28)	 x28:0x00020000 x17:0x00000031 PA:0x00020000 store:0x00000031 load:0x00000000
          21974	     10983	001001f8	00008067	jalr	x0,0(x1)	  x1:0x00101390  x0=0x00000000
          21976	     10984	00101390	d089a807	flw	f16,-760(x19)	 f19:0x00102000 f16=0x00000000 PA:0x00101d08 store:0x3f818cf4
          21998	     10995	00101394	a10a8513	addi	x10,x21,-1520	 x21:0x00102000 x10=0x00101a10
          22000	     10996	00101398	580878d3	fsqrt.s	f17,f16	 f16:0x00000009 f17=0x00000000
          22004	     10998	0010139c	d119a427	fsw	f17,-760(x19)	 f19:0x00102000 f17:0x00000031 PA:0x00101d08 store:0x3f8062ca load:0x3f80c5e1
          22010	     11001	001013a0	d089a907	flw	f18,-760(x19)	 f19:0x00102000 f18=0x00000000 PA:0x00000000
          22016	     11004	001013a4	e00907d3	fmv.x.w	x15,f18	 f18:0x00102000 x15=0x3f8062ca
          22018	     11005	001013a8	cefa2c23	sw	x15,-776(x20)	 x20:0x00102000 x15:0x3f8062ca PA:0x00101cf8 store:0x3f8062ca load:0x3f8062ca
          22022	     11007	001013ac	cf5fe0ef	jal	x1,1000a0	  x1=0x001013b0
          22026	     11009	001000a0	00054803	lbu	x16,0(x10)	 x10:0x00101a10 x16=0x0000000a PA:0x00101a10 store:0x00000000
          22028	     11010	001000a4	06080663	beq	x16,x0,100110	 x16:0x0000000a  x0:0x00000000
          22030	     11011	001000a8	000207b7	lui	x15,0x20	 x15=0x00020000
          22034	     11013	001000ac	0107a023	sw	x16,0(x15)	 x15:0x00020000 x16:0x0000000a PA:0x00020000 store:0x0000000a load:0x00000000
          22038	     11015	001000b0	00154703	lbu	x14,1(x10)	 x10:0x00101a10 x14=0x00000020 PA:0x00101a11 store:0x001013b0
          22040	     11016	001000b4	04070e63	beq	x14,x0,100110	 x14:0x00000020  x0:0x00000000
          22044	     11018	001000b8	00e7a023	sw	x14,0(x15)	 x15:0x00020000 x14:0x00000020 PA:0x00020000 store:0x00000020 load:0x00000000
          22048	     11020	001000bc	00254283	lbu	x5,2(x10)	 x10:0x00101a10  x5=0x00000069 PA:0x00101a12 store:0x00137fa0
          22050	     11021	001000c0	04028863	beq	x5,x0,100110	  x5:0x00000069  x0:0x00000000
          22054	     11023	001000c4	0057a023	sw	x5,0(x15)	 x15:0x00020000  x5:0x00000069 PA:0x00020000 store:0x00000069 load:0x00000000
          22058	     11025	001000c8	00354303	lbu	x6,3(x10)	 x10:0x00101a10  x6=0x0000003d PA:0x00101a13 store:0x00000000
          22060	     11026	001000cc	04030263	beq	x6,x0,100110	  x6:0x0000003d  x0:0x00000000
          22064	     11028	001000d0	0067a023	sw	x6,0(x15)	 x15:0x00020000  x6:0x0000003d PA:0x00020000 store:0x0000003d load:0x00000000
          22068	     11030	001000d4	00454383	lbu	x7,4(x10)	 x10:0x00101a10  x7=0x00000000 PA:0x00101a14 store:0x00000000
          22072	     11032	001000d8	02038c63	beq	x7,x0,100110	  x7:0x00000000  x0:0x00000000
          22076	     11034	00100110	00000513	addi	x10,x0,0	  x0:0x00000000 x10=0x00000000
          22080	     11036	00100114	00008067	jalr	x0,0(x1)	  x1:0x001013b0  x0=0x00000000
          22082	     11037	001013b0	000d8513	addi	x10,x27,0	 x27:0x0000000a x10=0x0000000a
          22086	     11039	001013b4	d6dfe0ef	jal	x1,100120	  x1=0x001013b8
          22088	     11040	00100120	01c55793	srli	x15,x10,0x1c	 x10:0x0000000a x15=0x00000000
          22090	     11041	00100124	00900713	addi	x14,x0,9	  x0:0x00000000 x14=0x00000009
          22094	     11043	00100128	0cf77a63	bgeu	x14,x15,1001fc	 x14:0x00000009 x15:0x00000000
          22098	     11045	001001fc	03078393	addi	x7,x15,48	 x15:0x00000000  x7=0x00000030
          22100	     11046	00100200	000205b7	lui	x11,0x20	 x11=0x00020000
          22102	     11047	00100204	00451613	slli	x12,x10,0x4	 x10:0x0000000a x12=0x000000a0
          22106	     11049	00100208	0075a023	sw	x7,0(x11)	 x11:0x00020000  x7:0x00000030 PA:0x00020000 store:0x00000030 load:0x00000000
          22108	     11050	0010020c	01c65693	srli	x13,x12,0x1c	 x12:0x000000a0 x13=0x00000000
          22110	     11051	00100210	00900813	addi	x16,x0,9	  x0:0x00000000 x16=0x00000009
          22112	     11052	00100214	f2d86ae3	bltu	x16,x13,100148	 x16:0x00000009 x13:0x00000000
          22114	     11053	00100218	03068e93	addi	x29,x13,48	 x13:0x00000000 x29=0x00000030
          22116	     11054	0010021c	00020f37	lui	x30,0x20	 x30=0x00020000
          22118	     11055	00100220	00851f93	slli	x31,x10,0x8	 x10:0x0000000a x31=0x00000a00
          22122	     11057	00100224	01df2023	sw	x29,0(x30)	 x30:0x00020000 x29:0x00000030 PA:0x00020000 store:0x00000030 load:0x00000000
          22124	     11058	00100228	01cfd793	srli	x15,x31,0x1c	 x31:0x00000a00 x15=0x00000000
          22126	     11059	0010022c	00900713	addi	x14,x0,9	  x0:0x00000000 x14=0x00000009
          22128	     11060	00100230	f2f76ae3	bltu	x14,x15,100164	 x14:0x00000009 x15:0x00000000
          22130	     11061	00100234	03078393	addi	x7,x15,48	 x15:0x00000000  x7=0x00000030
          22132	     11062	00100238	000205b7	lui	x11,0x20	 x11=0x00020000
          22134	     11063	0010023c	00c51613	slli	x12,x10,0xc	 x10:0x0000000a x12=0x0000a000
          22138	     11065	00100240	0075a023	sw	x7,0(x11)	 x11:0x00020000  x7:0x00000030 PA:0x00020000 store:0x00000030 load:0x00000000
          22140	     11066	00100244	01c65693	srli	x13,x12,0x1c	 x12:0x0000a000 x13=0x00000000
          22142	     11067	00100248	00900813	addi	x16,x0,9	  x0:0x00000000 x16=0x00000009
          22144	     11068	0010024c	f2d86ae3	bltu	x16,x13,100180	 x16:0x00000009 x13:0x00000000
          22146	     11069	00100250	03068e93	addi	x29,x13,48	 x13:0x00000000 x29=0x00000030
          22148	     11070	00100254	00020f37	lui	x30,0x20	 x30=0x00020000
          22150	     11071	00100258	01051f93	slli	x31,x10,0x10	 x10:0x0000000a x31=0x000a0000
          22154	     11073	0010025c	01df2023	sw	x29,0(x30)	 x30:0x00020000 x29:0x00000030 PA:0x00020000 store:0x00000030 load:0x00000000
          22156	     11074	00100260	01cfd793	srli	x15,x31,0x1c	 x31:0x000a0000 x15=0x00000000
          22158	     11075	00100264	00900713	addi	x14,x0,9	  x0:0x00000000 x14=0x00000009
          22160	     11076	00100268	f2f76ae3	bltu	x14,x15,10019c	 x14:0x00000009 x15:0x00000000
          22162	     11077	0010026c	03078393	addi	x7,x15,48	 x15:0x00000000  x7=0x00000030
          22164	     11078	00100270	000205b7	lui	x11,0x20	 x11=0x00020000
          22166	     11079	00100274	01451613	slli	x12,x10,0x14	 x10:0x0000000a x12=0x00a00000
          22170	     11081	00100278	0075a023	sw	x7,0(x11)	 x11:0x00020000  x7:0x00000030 PA:0x00020000 store:0x00000030 load:0x00000000
          22172	     11082	0010027c	01c65693	srli	x13,x12,0x1c	 x12:0x00a00000 x13=0x00000000
          22174	     11083	00100280	00900813	addi	x16,x0,9	  x0:0x00000000 x16=0x00000009
          22176	     11084	00100284	f2d86ae3	bltu	x16,x13,1001b8	 x16:0x00000009 x13:0x00000000
          22178	     11085	00100288	03068e93	addi	x29,x13,48	 x13:0x00000000 x29=0x00000030
          22180	     11086	0010028c	00020f37	lui	x30,0x20	 x30=0x00020000
          22182	     11087	00100290	01851f93	slli	x31,x10,0x18	 x10:0x0000000a x31=0x0a000000
          22186	     11089	00100294	01df2023	sw	x29,0(x30)	 x30:0x00020000 x29:0x00000030 PA:0x00020000 store:0x00000030 load:0x00000000
          22188	     11090	00100298	01cfd793	srli	x15,x31,0x1c	 x31:0x0a000000 x15=0x00000000
          22190	     11091	0010029c	00900713	addi	x14,x0,9	  x0:0x00000000 x14=0x00000009
          22192	     11092	001002a0	f2f76ae3	bltu	x14,x15,1001d4	 x14:0x00000009 x15:0x00000000
          22194	     11093	001002a4	03078393	addi	x7,x15,48	 x15:0x00000000  x7=0x00000030
          22196	     11094	001002a8	000205b7	lui	x11,0x20	 x11=0x00020000
          22200	     11096	001002ac	0075a023	sw	x7,0(x11)	 x11:0x00020000  x7:0x00000030 PA:0x00020000 store:0x00000030 load:0x00000000
          22202	     11097	001002b0	00f57513	andi	x10,x10,15	 x10:0x0000000a x10=0x0000000a
          22204	     11098	001002b4	00900613	addi	x12,x0,9	  x0:0x00000000 x12=0x00000009
          22206	     11099	001002b8	f2a67ae3	bgeu	x12,x10,1001ec	 x12:0x00000009 x10:0x0000000a
          22208	     11100	001002bc	03750693	addi	x13,x10,55	 x10:0x0000000a x13=0x00000041
          22210	     11101	001002c0	00020837	lui	x16,0x20	 x16=0x00020000
          22214	     11103	001002c4	00d82023	sw	x13,0(x16)	 x16:0x00020000 x13:0x00000041 PA:0x00020000 store:0x00000041 load:0x00000000
          22218	     11105	001002c8	00008067	jalr	x0,0(x1)	  x1:0x001013b8  x0=0x00000000
          22220	     11106	001013b8	a18b0513	addi	x10,x22,-1512	 x22:0x00102000 x10=0x00101a18
          22224	     11108	001013bc	ce5fe0ef	jal	x1,1000a0	  x1=0x001013c0
          22228	     11110	001000a0	00054803	lbu	x16,0(x10)	 x10:0x00101a18 x16=0x00000020 PA:0x00101a18 store:0x00000000
          22230	     11111	001000a4	06080663	beq	x16,x0,100110	 x16:0x00000020  x0:0x00000000
          22232	     11112	001000a8	000207b7	lui	x15,0x20	 x15=0x00020000
          22236	     11114	001000ac	0107a023	sw	x16,0(x15)	 x15:0x00020000 x16:0x00000020 PA:0x00020000 store:0x00000020 load:0x00000000
          22240	     11116	001000b0	00154703	lbu	x14,1(x10)	 x10:0x00101a18 x14=0x00000072 PA:0x00101a19 store:0x001013c0
          22242	     11117	001000b4	04070e63	beq	x14,x0,100110	 x14:0x00000072  x0:0x00000000
          22246	     11119	001000b8	00e7a023	sw	x14,0(x15)	 x15:0x00020000 x14:0x00000072 PA:0x00020000 store:0x00000072 load:0x00000000
          22250	     11121	001000bc	00254283	lbu	x5,2(x10)	 x10:0x00101a18  x5=0x00000065 PA:0x00101a1a store:0x00137fa0
          22252	     11122	001000c0	04028863	beq	x5,x0,100110	  x5:0x00000065  x0:0x00000000
          22256	     11124	001000c4	0057a023	sw	x5,0(x15)	 x15:0x00020000  x5:0x00000065 PA:0x00020000 store:0x00000065 load:0x00000000
          22260	     11126	001000c8	00354303	lbu	x6,3(x10)	 x10:0x00101a18  x6=0x00000073 PA:0x00101a1b store:0x00000000
          22262	     11127	001000cc	04030263	beq	x6,x0,100110	  x6:0x00000073  x0:0x00000000
          22266	     11129	001000d0	0067a023	sw	x6,0(x15)	 x15:0x00020000  x6:0x00000073 PA:0x00020000 store:0x00000073 load:0x00000000
          22270	     11131	001000d4	00454383	lbu	x7,4(x10)	 x10:0x00101a18  x7=0x00000075 PA:0x00101a1c store:0x00000000
          22272	     11132	001000d8	02038c63	beq	x7,x0,100110	  x7:0x00000075  x0:0x00000000
          22276	     11134	001000dc	0077a023	sw	x7,0(x15)	 x15:0x00020000  x7:0x00000075 PA:0x00020000 store:0x00000075 load:0x00000000
          22280	     11136	001000e0	00554583	lbu	x11,5(x10)	 x10:0x00101a18 x11=0x0000006c PA:0x00101a1d store:0x00000065
          22282	     11137	001000e4	02058663	beq	x11,x0,100110	 x11:0x0000006c  x0:0x00000000
          22286	     11139	001000e8	00b7a023	sw	x11,0(x15)	 x15:0x00020000 x11:0x0000006c PA:0x00020000 store:0x0000006c load:0x00000000
          22290	     11141	001000ec	00654603	lbu	x12,6(x10)	 x10:0x00101a18 x12=0x00000074 PA:0x00101a1e store:0x00000073
          22292	     11142	001000f0	02060063	beq	x12,x0,100110	 x12:0x00000074  x0:0x00000000
          22296	     11144	001000f4	00c7a023	sw	x12,0(x15)	 x15:0x00020000 x12:0x00000074 PA:0x00020000 store:0x00000074 load:0x00000000
          22300	     11146	001000f8	00754683	lbu	x13,7(x10)	 x10:0x00101a18 x13=0x0000003a PA:0x00101a1f store:0x00000075
          22302	     11147	001000fc	00850513	addi	x10,x10,8	 x10:0x00101a18 x10=0x00101a20
          22304	     11148	00100100	00068863	beq	x13,x0,100110	 x13:0x0000003a  x0:0x00000000
          22308	     11150	00100104	00d7a023	sw	x13,0(x15)	 x15:0x00020000 x13:0x0000003a PA:0x00020000 store:0x0000003a load:0x00000000
          22312	     11152	00100108	00054803	lbu	x16,0(x10)	 x10:0x00101a20 x16=0x00000020 PA:0x00101a20 store:0x00000000
          22316	     11154	0010010c	fa0810e3	bne	x16,x0,1000ac	 x16:0x00000020  x0:0x00000000
          22322	     11157	001000ac	0107a023	sw	x16,0(x15)	 x15:0x00020000 x16:0x00000020 PA:0x00020000 store:0x00000020 load:0x00000000
          22326	     11159	001000b0	00154703	lbu	x14,1(x10)	 x10:0x00101a20 x14=0x00000000 PA:0x00101a21 store:0x001013c0
          22330	     11161	001000b4	04070e63	beq	x14,x0,100110	 x14:0x00000000  x0:0x00000000
          22334	     11163	00100110	00000513	addi	x10,x0,0	  x0:0x00000000 x10=0x00000000
          22338	     11165	00100114	00008067	jalr	x0,0(x1)	  x1:0x001013c0  x0=0x00000000
          22342	     11167	001013c0	cf8a2503	lw	x10,-776(x20)	 x20:0x00102000 x10=0x3f8062ca PA:0x00101cf8 store:0x00000008
          22344	     11168	001013c4	003c0d93	addi	x27,x24,3	 x24:0x00000008 x27=0x0000000b
          22346	     11169	001013c8	004c0c13	addi	x24,x24,4	 x24:0x00000008 x24=0x0000000c
          22350	     11171	001013cc	d55fe0ef	jal	x1,100120	  x1=0x001013d0
          22352	     11172	00100120	01c55793	srli	x15,x10,0x1c	 x10:0x3f8062ca x15=0x00000003
          22354	     11173	00100124	00900713	addi	x14,x0,9	  x0:0x00000000 x14=0x00000009
          22358	     11175	00100128	0cf77a63	bgeu	x14,x15,1001fc	 x14:0x00000009 x15:0x00000003
          22362	     11177	001001fc	03078393	addi	x7,x15,48	 x15:0x00000003  x7=0x00000033
          22364	     11178	00100200	000205b7	lui	x11,0x20	 x11=0x00020000
          22366	     11179	00100204	00451613	slli	x12,x10,0x4	 x10:0x3f8062ca x12=0xf8062ca0
          22370	     11181	00100208	0075a023	sw	x7,0(x11)	 x11:0x00020000  x7:0x00000033 PA:0x00020000 store:0x00000033 load:0x00000000
          22372	     11182	0010020c	01c65693	srli	x13,x12,0x1c	 x12:0xf8062ca0 x13=0x0000000f
          22374	     11183	00100210	00900813	addi	x16,x0,9	  x0:0x00000000 x16=0x00000009
          22378	     11185	00100214	f2d86ae3	bltu	x16,x13,100148	 x16:0x00000009 x13:0x0000000f
          22382	     11187	00100148	03768893	addi	x17,x13,55	 x13:0x0000000f x17=0x00000046
          22384	     11188	0010014c	00020e37	lui	x28,0x20	 x28=0x00020000
          22386	     11189	00100150	00851f93	slli	x31,x10,0x8	 x10:0x3f8062ca x31=0x8062ca00
          22390	     11191	00100154	011e2023	sw	x17,0(x28)	 x28:0x00020000 x17:0x00000046 PA:0x00020000 store:0x00000046 load:0x00000000
          22392	     11192	00100158	01cfd793	srli	x15,x31,0x1c	 x31:0x8062ca00 x15=0x00000008
          22394	     11193	0010015c	00900713	addi	x14,x0,9	  x0:0x00000000 x14=0x00000009
          22398	     11195	00100160	0cf77a63	bgeu	x14,x15,100234	 x14:0x00000009 x15:0x00000008
          22402	     11197	00100234	03078393	addi	x7,x15,48	 x15:0x00000008  x7=0x00000038
          22404	     11198	00100238	000205b7	lui	x11,0x20	 x11=0x00020000
          22406	     11199	0010023c	00c51613	slli	x12,x10,0xc	 x10:0x3f8062ca x12=0x062ca000
          22410	     11201	00100240	0075a023	sw	x7,0(x11)	 x11:0x00020000  x7:0x00000038 PA:0x00020000 store:0x00000038 load:0x00000000
          22412	     11202	00100244	01c65693	srli	x13,x12,0x1c	 x12:0x062ca000 x13=0x00000000
          22414	     11203	00100248	00900813	addi	x16,x0,9	  x0:0x00000000 x16=0x00000009
          22416	     11204	0010024c	f2d86ae3	bltu	x16,x13,100180	 x16:0x00000009 x13:0x00000000
          22418	     11205	00100250	03068e93	addi	x29,x13,48	 x13:0x00000000 x29=0x00000030
          22420	     11206	00100254	00020f37	lui	x30,0x20	 x30=0x00020000
          22422	     11207	00100258	01051f93	slli	x31,x10,0x10	 x10:0x3f8062ca x31=0x62ca0000
          22426	     11209	0010025c	01df2023	sw	x29,0(x30)	 x30:0x00020000 x29:0x00000030 PA:0x00020000 store:0x00000030 load:0x00000000
          22428	     11210	00100260	01cfd793	srli	x15,x31,0x1c	 x31:0x62ca0000 x15=0x00000006
          22430	     11211	00100264	00900713	addi	x14,x0,9	  x0:0x00000000 x14=0x00000009
          22432	     11212	00100268	f2f76ae3	bltu	x14,x15,10019c	 x14:0x00000009 x15:0x00000006
          22434	     11213	0010026c	03078393	addi	x7,x15,48	 x15:0x00000006  x7=0x00000036
          22436	     11214	00100270	000205b7	lui	x11,0x20	 x11=0x00020000
          22438	     11215	00100274	01451613	slli	x12,x10,0x14	 x10:0x3f8062ca x12=0x2ca00000
          22442	     11217	00100278	0075a023	sw	x7,0(x11)	 x11:0x00020000  x7:0x00000036 PA:0x00020000 store:0x00000036 load:0x00000000
          22444	     11218	0010027c	01c65693	srli	x13,x12,0x1c	 x12:0x2ca00000 x13=0x00000002
          22446	     11219	00100280	00900813	addi	x16,x0,9	  x0:0x00000000 x16=0x00000009
          22448	     11220	00100284	f2d86ae3	bltu	x16,x13,1001b8	 x16:0x00000009 x13:0x00000002
          22450	     11221	00100288	03068e93	addi	x29,x13,48	 x13:0x00000002 x29=0x00000032
          22452	     11222	0010028c	00020f37	lui	x30,0x20	 x30=0x00020000
          22454	     11223	00100290	01851f93	slli	x31,x10,0x18	 x10:0x3f8062ca x31=0xca000000
          22458	     11225	00100294	01df2023	sw	x29,0(x30)	 x30:0x00020000 x29:0x00000032 PA:0x00020000 store:0x00000032 load:0x00000000
          22460	     11226	00100298	01cfd793	srli	x15,x31,0x1c	 x31:0xca000000 x15=0x0000000c
          22462	     11227	0010029c	00900713	addi	x14,x0,9	  x0:0x00000000 x14=0x00000009
          22466	     11229	001002a0	f2f76ae3	bltu	x14,x15,1001d4	 x14:0x00000009 x15:0x0000000c
          22470	     11231	001001d4	03778293	addi	x5,x15,55	 x15:0x0000000c  x5=0x00000043
          22472	     11232	001001d8	00020337	lui	x6,0x20	  x6=0x00020000
          22476	     11234	001001dc	00532023	sw	x5,0(x6)	  x6:0x00020000  x5:0x00000043 PA:0x00020000 store:0x00000043 load:0x00000000
          22478	     11235	001001e0	00f57513	andi	x10,x10,15	 x10:0x3f8062ca x10=0x0000000a
          22480	     11236	001001e4	00900613	addi	x12,x0,9	  x0:0x00000000 x12=0x00000009
          22484	     11238	001001e8	0ca66a63	bltu	x12,x10,1002bc	 x12:0x00000009 x10:0x0000000a
          22488	     11240	001002bc	03750693	addi	x13,x10,55	 x10:0x0000000a x13=0x00000041
          22490	     11241	001002c0	00020837	lui	x16,0x20	 x16=0x00020000
          22494	     11243	001002c4	00d82023	sw	x13,0(x16)	 x16:0x00020000 x13:0x00000041 PA:0x00020000 store:0x00000041 load:0x00000000
          22498	     11245	001002c8	00008067	jalr	x0,0(x1)	  x1:0x001013d0  x0=0x00000000
          22510	     11251	001013d0	a10a8513	addi	x10,x21,-1520	 x21:0x00102000 x10=0x00101a10
          22512	     11252	001013d4	d089a987	flw	f19,-760(x19)	 f19:0x00102000 f19=0x00000000 PA:0x00101d08 store:0x3f818cf4
          22532	     11262	001013d8	5809fa53	fsqrt.s	f20,f19	 f19:0x00102000 f20=0x00000000
          22538	     11265	001013dc	d149a427	fsw	f20,-760(x19)	 f19:0x00102000 f20:0x00102000 PA:0x00101d08 store:0x3f80315b load:0x3f8062ca
          22544	     11268	001013e0	d089aa87	flw	f21,-760(x19)	 f19:0x00102000 f21=0x00000000 PA:0x00000000
          22550	     11271	001013e4	e00a82d3	fmv.x.w	x5,f21	 f21:0x00102000  x5=0x3f80315b
          22552	     11272	001013e8	ce5a2c23	sw	x5,-776(x20)	 x20:0x00102000  x5:0x3f80315b PA:0x00101cf8 store:0x3f80315b load:0x3f80315b
          22556	     11274	001013ec	cb5fe0ef	jal	x1,1000a0	  x1=0x001013f0
          22560	     11276	001000a0	00054803	lbu	x16,0(x10)	 x10:0x00101a10 x16=0x0000000a PA:0x00101a10 store:0x00000000
          22562	     11277	001000a4	06080663	beq	x16,x0,100110	 x16:0x0000000a  x0:0x00000000
          22564	     11278	001000a8	000207b7	lui	x15,0x20	 x15=0x00020000
          22568	     11280	001000ac	0107a023	sw	x16,0(x15)	 x15:0x00020000 x16:0x0000000a PA:0x00020000 store:0x0000000a load:0x00000000
          22572	     11282	001000b0	00154703	lbu	x14,1(x10)	 x10:0x00101a10 x14=0x00000020 PA:0x00101a11 store:0x001013f0
          22574	     11283	001000b4	04070e63	beq	x14,x0,100110	 x14:0x00000020  x0:0x00000000
          22578	     11285	001000b8	00e7a023	sw	x14,0(x15)	 x15:0x00020000 x14:0x00000020 PA:0x00020000 store:0x00000020 load:0x00000000
          22582	     11287	001000bc	00254283	lbu	x5,2(x10)	 x10:0x00101a10  x5=0x00000069 PA:0x00101a12 store:0x00137fa0
          22584	     11288	001000c0	04028863	beq	x5,x0,100110	  x5:0x00000069  x0:0x00000000
          22588	     11290	001000c4	0057a023	sw	x5,0(x15)	 x15:0x00020000  x5:0x00000069 PA:0x00020000 store:0x00000069 load:0x00000000
          22592	     11292	001000c8	00354303	lbu	x6,3(x10)	 x10:0x00101a10  x6=0x0000003d PA:0x00101a13 store:0x00000000
          22594	     11293	001000cc	04030263	beq	x6,x0,100110	  x6:0x0000003d  x0:0x00000000
          22598	     11295	001000d0	0067a023	sw	x6,0(x15)	 x15:0x00020000  x6:0x0000003d PA:0x00020000 store:0x0000003d load:0x00000000
          22602	     11297	001000d4	00454383	lbu	x7,4(x10)	 x10:0x00101a10  x7=0x00000000 PA:0x00101a14 store:0x00000000
          22606	     11299	001000d8	02038c63	beq	x7,x0,100110	  x7:0x00000000  x0:0x00000000
          22610	     11301	00100110	00000513	addi	x10,x0,0	  x0:0x00000000 x10=0x00000000
          22614	     11303	00100114	00008067	jalr	x0,0(x1)	  x1:0x001013f0  x0=0x00000000
          22616	     11304	001013f0	000d8513	addi	x10,x27,0	 x27:0x0000000b x10=0x0000000b
          22620	     11306	001013f4	d2dfe0ef	jal	x1,100120	  x1=0x001013f8
          22622	     11307	00100120	01c55793	srli	x15,x10,0x1c	 x10:0x0000000b x15=0x00000000
          22624	     11308	00100124	00900713	addi	x14,x0,9	  x0:0x00000000 x14=0x00000009
          22628	     11310	00100128	0cf77a63	bgeu	x14,x15,1001fc	 x14:0x00000009 x15:0x00000000
          22632	     11312	001001fc	03078393	addi	x7,x15,48	 x15:0x00000000  x7=0x00000030
          22634	     11313	00100200	000205b7	lui	x11,0x20	 x11=0x00020000
          22636	     11314	00100204	00451613	slli	x12,x10,0x4	 x10:0x0000000b x12=0x000000b0
          22640	     11316	00100208	0075a023	sw	x7,0(x11)	 x11:0x00020000  x7:0x00000030 PA:0x00020000 store:0x00000030 load:0x00000000
          22642	     11317	0010020c	01c65693	srli	x13,x12,0x1c	 x12:0x000000b0 x13=0x00000000
          22644	     11318	00100210	00900813	addi	x16,x0,9	  x0:0x00000000 x16=0x00000009
          22646	     11319	00100214	f2d86ae3	bltu	x16,x13,100148	 x16:0x00000009 x13:0x00000000
          22648	     11320	00100218	03068e93	addi	x29,x13,48	 x13:0x00000000 x29=0x00000030
          22650	     11321	0010021c	00020f37	lui	x30,0x20	 x30=0x00020000
          22652	     11322	00100220	00851f93	slli	x31,x10,0x8	 x10:0x0000000b x31=0x00000b00
          22656	     11324	00100224	01df2023	sw	x29,0(x30)	 x30:0x00020000 x29:0x00000030 PA:0x00020000 store:0x00000030 load:0x00000000
          22658	     11325	00100228	01cfd793	srli	x15,x31,0x1c	 x31:0x00000b00 x15=0x00000000
          22660	     11326	0010022c	00900713	addi	x14,x0,9	  x0:0x00000000 x14=0x00000009
          22662	     11327	00100230	f2f76ae3	bltu	x14,x15,100164	 x14:0x00000009 x15:0x00000000
          22664	     11328	00100234	03078393	addi	x7,x15,48	 x15:0x00000000  x7=0x00000030
          22666	     11329	00100238	000205b7	lui	x11,0x20	 x11=0x00020000
          22668	     11330	0010023c	00c51613	slli	x12,x10,0xc	 x10:0x0000000b x12=0x0000b000
          22672	     11332	00100240	0075a023	sw	x7,0(x11)	 x11:0x00020000  x7:0x00000030 PA:0x00020000 store:0x00000030 load:0x00000000
          22674	     11333	00100244	01c65693	srli	x13,x12,0x1c	 x12:0x0000b000 x13=0x00000000
          22676	     11334	00100248	00900813	addi	x16,x0,9	  x0:0x00000000 x16=0x00000009
          22678	     11335	0010024c	f2d86ae3	bltu	x16,x13,100180	 x16:0x00000009 x13:0x00000000
          22680	     11336	00100250	03068e93	addi	x29,x13,48	 x13:0x00000000 x29=0x00000030
          22682	     11337	00100254	00020f37	lui	x30,0x20	 x30=0x00020000
          22684	     11338	00100258	01051f93	slli	x31,x10,0x10	 x10:0x0000000b x31=0x000b0000
          22688	     11340	0010025c	01df2023	sw	x29,0(x30)	 x30:0x00020000 x29:0x00000030 PA:0x00020000 store:0x00000030 load:0x00000000
          22690	     11341	00100260	01cfd793	srli	x15,x31,0x1c	 x31:0x000b0000 x15=0x00000000
          22692	     11342	00100264	00900713	addi	x14,x0,9	  x0:0x00000000 x14=0x00000009
          22694	     11343	00100268	f2f76ae3	bltu	x14,x15,10019c	 x14:0x00000009 x15:0x00000000
          22696	     11344	0010026c	03078393	addi	x7,x15,48	 x15:0x00000000  x7=0x00000030
          22698	     11345	00100270	000205b7	lui	x11,0x20	 x11=0x00020000
          22700	     11346	00100274	01451613	slli	x12,x10,0x14	 x10:0x0000000b x12=0x00b00000
          22704	     11348	00100278	0075a023	sw	x7,0(x11)	 x11:0x00020000  x7:0x00000030 PA:0x00020000 store:0x00000030 load:0x00000000
          22706	     11349	0010027c	01c65693	srli	x13,x12,0x1c	 x12:0x00b00000 x13=0x00000000
          22708	     11350	00100280	00900813	addi	x16,x0,9	  x0:0x00000000 x16=0x00000009
          22710	     11351	00100284	f2d86ae3	bltu	x16,x13,1001b8	 x16:0x00000009 x13:0x00000000
          22712	     11352	00100288	03068e93	addi	x29,x13,48	 x13:0x00000000 x29=0x00000030
          22714	     11353	0010028c	00020f37	lui	x30,0x20	 x30=0x00020000
          22716	     11354	00100290	01851f93	slli	x31,x10,0x18	 x10:0x0000000b x31=0x0b000000
          22720	     11356	00100294	01df2023	sw	x29,0(x30)	 x30:0x00020000 x29:0x00000030 PA:0x00020000 store:0x00000030 load:0x00000000
          22722	     11357	00100298	01cfd793	srli	x15,x31,0x1c	 x31:0x0b000000 x15=0x00000000
          22724	     11358	0010029c	00900713	addi	x14,x0,9	  x0:0x00000000 x14=0x00000009
          22726	     11359	001002a0	f2f76ae3	bltu	x14,x15,1001d4	 x14:0x00000009 x15:0x00000000
          22728	     11360	001002a4	03078393	addi	x7,x15,48	 x15:0x00000000  x7=0x00000030
          22730	     11361	001002a8	000205b7	lui	x11,0x20	 x11=0x00020000
          22734	     11363	001002ac	0075a023	sw	x7,0(x11)	 x11:0x00020000  x7:0x00000030 PA:0x00020000 store:0x00000030 load:0x00000000
          22736	     11364	001002b0	00f57513	andi	x10,x10,15	 x10:0x0000000b x10=0x0000000b
          22738	     11365	001002b4	00900613	addi	x12,x0,9	  x0:0x00000000 x12=0x00000009
          22740	     11366	001002b8	f2a67ae3	bgeu	x12,x10,1001ec	 x12:0x00000009 x10:0x0000000b
          22742	     11367	001002bc	03750693	addi	x13,x10,55	 x10:0x0000000b x13=0x00000042
          22744	     11368	001002c0	00020837	lui	x16,0x20	 x16=0x00020000
          22748	     11370	001002c4	00d82023	sw	x13,0(x16)	 x16:0x00020000 x13:0x00000042 PA:0x00020000 store:0x00000042 load:0x00000000
          22752	     11372	001002c8	00008067	jalr	x0,0(x1)	  x1:0x001013f8  x0=0x00000000
          22754	     11373	001013f8	a18b0513	addi	x10,x22,-1512	 x22:0x00102000 x10=0x00101a18
          22758	     11375	001013fc	ca5fe0ef	jal	x1,1000a0	  x1=0x00101400
          22762	     11377	001000a0	00054803	lbu	x16,0(x10)	 x10:0x00101a18 x16=0x00000020 PA:0x00101a18 store:0x00000000
          22764	     11378	001000a4	06080663	beq	x16,x0,100110	 x16:0x00000020  x0:0x00000000
          22766	     11379	001000a8	000207b7	lui	x15,0x20	 x15=0x00020000
          22770	     11381	001000ac	0107a023	sw	x16,0(x15)	 x15:0x00020000 x16:0x00000020 PA:0x00020000 store:0x00000020 load:0x00000000
          22774	     11383	001000b0	00154703	lbu	x14,1(x10)	 x10:0x00101a18 x14=0x00000072 PA:0x00101a19 store:0x00101400
          22776	     11384	001000b4	04070e63	beq	x14,x0,100110	 x14:0x00000072  x0:0x00000000
          22780	     11386	001000b8	00e7a023	sw	x14,0(x15)	 x15:0x00020000 x14:0x00000072 PA:0x00020000 store:0x00000072 load:0x00000000
          22784	     11388	001000bc	00254283	lbu	x5,2(x10)	 x10:0x00101a18  x5=0x00000065 PA:0x00101a1a store:0x00137fa0
          22786	     11389	001000c0	04028863	beq	x5,x0,100110	  x5:0x00000065  x0:0x00000000
          22790	     11391	001000c4	0057a023	sw	x5,0(x15)	 x15:0x00020000  x5:0x00000065 PA:0x00020000 store:0x00000065 load:0x00000000
          22794	     11393	001000c8	00354303	lbu	x6,3(x10)	 x10:0x00101a18  x6=0x00000073 PA:0x00101a1b store:0x00000000
          22796	     11394	001000cc	04030263	beq	x6,x0,100110	  x6:0x00000073  x0:0x00000000
          22800	     11396	001000d0	0067a023	sw	x6,0(x15)	 x15:0x00020000  x6:0x00000073 PA:0x00020000 store:0x00000073 load:0x00000000
          22804	     11398	001000d4	00454383	lbu	x7,4(x10)	 x10:0x00101a18  x7=0x00000075 PA:0x00101a1c store:0x00000000
          22806	     11399	001000d8	02038c63	beq	x7,x0,100110	  x7:0x00000075  x0:0x00000000
          22810	     11401	001000dc	0077a023	sw	x7,0(x15)	 x15:0x00020000  x7:0x00000075 PA:0x00020000 store:0x00000075 load:0x00000000
          22814	     11403	001000e0	00554583	lbu	x11,5(x10)	 x10:0x00101a18 x11=0x0000006c PA:0x00101a1d store:0x00000065
          22816	     11404	001000e4	02058663	beq	x11,x0,100110	 x11:0x0000006c  x0:0x00000000
          22820	     11406	001000e8	00b7a023	sw	x11,0(x15)	 x15:0x00020000 x11:0x0000006c PA:0x00020000 store:0x0000006c load:0x00000000
          22824	     11408	001000ec	00654603	lbu	x12,6(x10)	 x10:0x00101a18 x12=0x00000074 PA:0x00101a1e store:0x00000073
          22826	     11409	001000f0	02060063	beq	x12,x0,100110	 x12:0x00000074  x0:0x00000000
          22830	     11411	001000f4	00c7a023	sw	x12,0(x15)	 x15:0x00020000 x12:0x00000074 PA:0x00020000 store:0x00000074 load:0x00000000
          22834	     11413	001000f8	00754683	lbu	x13,7(x10)	 x10:0x00101a18 x13=0x0000003a PA:0x00101a1f store:0x00000075
          22836	     11414	001000fc	00850513	addi	x10,x10,8	 x10:0x00101a18 x10=0x00101a20
          22838	     11415	00100100	00068863	beq	x13,x0,100110	 x13:0x0000003a  x0:0x00000000
          22842	     11417	00100104	00d7a023	sw	x13,0(x15)	 x15:0x00020000 x13:0x0000003a PA:0x00020000 store:0x0000003a load:0x00000000
          22846	     11419	00100108	00054803	lbu	x16,0(x10)	 x10:0x00101a20 x16=0x00000020 PA:0x00101a20 store:0x00000000
          22850	     11421	0010010c	fa0810e3	bne	x16,x0,1000ac	 x16:0x00000020  x0:0x00000000
          22856	     11424	001000ac	0107a023	sw	x16,0(x15)	 x15:0x00020000 x16:0x00000020 PA:0x00020000 store:0x00000020 load:0x00000000
          22860	     11426	001000b0	00154703	lbu	x14,1(x10)	 x10:0x00101a20 x14=0x00000000 PA:0x00101a21 store:0x00101400
          22864	     11428	001000b4	04070e63	beq	x14,x0,100110	 x14:0x00000000  x0:0x00000000
          22868	     11430	00100110	00000513	addi	x10,x0,0	  x0:0x00000000 x10=0x00000000
          22872	     11432	00100114	00008067	jalr	x0,0(x1)	  x1:0x00101400  x0=0x00000000
          22876	     11434	00101400	cf8a2503	lw	x10,-776(x20)	 x20:0x00102000 x10=0x3f80315b PA:0x00101cf8 store:0x0000000c
          22880	     11436	00101404	d1dfe0ef	jal	x1,100120	  x1=0x00101408
          22882	     11437	00100120	01c55793	srli	x15,x10,0x1c	 x10:0x3f80315b x15=0x00000003
          22884	     11438	00100124	00900713	addi	x14,x0,9	  x0:0x00000000 x14=0x00000009
          22888	     11440	00100128	0cf77a63	bgeu	x14,x15,1001fc	 x14:0x00000009 x15:0x00000003
          22892	     11442	001001fc	03078393	addi	x7,x15,48	 x15:0x00000003  x7=0x00000033
          22894	     11443	00100200	000205b7	lui	x11,0x20	 x11=0x00020000
          22896	     11444	00100204	00451613	slli	x12,x10,0x4	 x10:0x3f80315b x12=0xf80315b0
          22900	     11446	00100208	0075a023	sw	x7,0(x11)	 x11:0x00020000  x7:0x00000033 PA:0x00020000 store:0x00000033 load:0x00000000
          22902	     11447	0010020c	01c65693	srli	x13,x12,0x1c	 x12:0xf80315b0 x13=0x0000000f
          22904	     11448	00100210	00900813	addi	x16,x0,9	  x0:0x00000000 x16=0x00000009
          22908	     11450	00100214	f2d86ae3	bltu	x16,x13,100148	 x16:0x00000009 x13:0x0000000f
          22912	     11452	00100148	03768893	addi	x17,x13,55	 x13:0x0000000f x17=0x00000046
          22914	     11453	0010014c	00020e37	lui	x28,0x20	 x28=0x00020000
          22916	     11454	00100150	00851f93	slli	x31,x10,0x8	 x10:0x3f80315b x31=0x80315b00
          22920	     11456	00100154	011e2023	sw	x17,0(x28)	 x28:0x00020000 x17:0x00000046 PA:0x00020000 store:0x00000046 load:0x00000000
          22922	     11457	00100158	01cfd793	srli	x15,x31,0x1c	 x31:0x80315b00 x15=0x00000008
          22924	     11458	0010015c	00900713	addi	x14,x0,9	  x0:0x00000000 x14=0x00000009
          22928	     11460	00100160	0cf77a63	bgeu	x14,x15,100234	 x14:0x00000009 x15:0x00000008
          22932	     11462	00100234	03078393	addi	x7,x15,48	 x15:0x00000008  x7=0x00000038
          22934	     11463	00100238	000205b7	lui	x11,0x20	 x11=0x00020000
          22936	     11464	0010023c	00c51613	slli	x12,x10,0xc	 x10:0x3f80315b x12=0x0315b000
          22940	     11466	00100240	0075a023	sw	x7,0(x11)	 x11:0x00020000  x7:0x00000038 PA:0x00020000 store:0x00000038 load:0x00000000
          22942	     11467	00100244	01c65693	srli	x13,x12,0x1c	 x12:0x0315b000 x13=0x00000000
          22944	     11468	00100248	00900813	addi	x16,x0,9	  x0:0x00000000 x16=0x00000009
          22946	     11469	0010024c	f2d86ae3	bltu	x16,x13,100180	 x16:0x00000009 x13:0x00000000
          22948	     11470	00100250	03068e93	addi	x29,x13,48	 x13:0x00000000 x29=0x00000030
          22950	     11471	00100254	00020f37	lui	x30,0x20	 x30=0x00020000
          22952	     11472	00100258	01051f93	slli	x31,x10,0x10	 x10:0x3f80315b x31=0x315b0000
          22956	     11474	0010025c	01df2023	sw	x29,0(x30)	 x30:0x00020000 x29:0x00000030 PA:0x00020000 store:0x00000030 load:0x00000000
          22958	     11475	00100260	01cfd793	srli	x15,x31,0x1c	 x31:0x315b0000 x15=0x00000003
          22960	     11476	00100264	00900713	addi	x14,x0,9	  x0:0x00000000 x14=0x00000009
          22962	     11477	00100268	f2f76ae3	bltu	x14,x15,10019c	 x14:0x00000009 x15:0x00000003
          22964	     11478	0010026c	03078393	addi	x7,x15,48	 x15:0x00000003  x7=0x00000033
          22966	     11479	00100270	000205b7	lui	x11,0x20	 x11=0x00020000
          22968	     11480	00100274	01451613	slli	x12,x10,0x14	 x10:0x3f80315b x12=0x15b00000
          22972	     11482	00100278	0075a023	sw	x7,0(x11)	 x11:0x00020000  x7:0x00000033 PA:0x00020000 store:0x00000033 load:0x00000000
          22974	     11483	0010027c	01c65693	srli	x13,x12,0x1c	 x12:0x15b00000 x13=0x00000001
          22976	     11484	00100280	00900813	addi	x16,x0,9	  x0:0x00000000 x16=0x00000009
          22978	     11485	00100284	f2d86ae3	bltu	x16,x13,1001b8	 x16:0x00000009 x13:0x00000001
          22980	     11486	00100288	03068e93	addi	x29,x13,48	 x13:0x00000001 x29=0x00000031
          22982	     11487	0010028c	00020f37	lui	x30,0x20	 x30=0x00020000
          22984	     11488	00100290	01851f93	slli	x31,x10,0x18	 x10:0x3f80315b x31=0x5b000000
          22988	     11490	00100294	01df2023	sw	x29,0(x30)	 x30:0x00020000 x29:0x00000031 PA:0x00020000 store:0x00000031 load:0x00000000
          22990	     11491	00100298	01cfd793	srli	x15,x31,0x1c	 x31:0x5b000000 x15=0x00000005
          22992	     11492	0010029c	00900713	addi	x14,x0,9	  x0:0x00000000 x14=0x00000009
          22994	     11493	001002a0	f2f76ae3	bltu	x14,x15,1001d4	 x14:0x00000009 x15:0x00000005
          22996	     11494	001002a4	03078393	addi	x7,x15,48	 x15:0x00000005  x7=0x00000035
          22998	     11495	001002a8	000205b7	lui	x11,0x20	 x11=0x00020000
          23002	     11497	001002ac	0075a023	sw	x7,0(x11)	 x11:0x00020000  x7:0x00000035 PA:0x00020000 store:0x00000035 load:0x00000000
          23004	     11498	001002b0	00f57513	andi	x10,x10,15	 x10:0x3f80315b x10=0x0000000b
          23006	     11499	001002b4	00900613	addi	x12,x0,9	  x0:0x00000000 x12=0x00000009
          23008	     11500	001002b8	f2a67ae3	bgeu	x12,x10,1001ec	 x12:0x00000009 x10:0x0000000b
          23010	     11501	001002bc	03750693	addi	x13,x10,55	 x10:0x0000000b x13=0x00000042
          23012	     11502	001002c0	00020837	lui	x16,0x20	 x16=0x00020000
          23016	     11504	001002c4	00d82023	sw	x13,0(x16)	 x16:0x00020000 x13:0x00000042 PA:0x00020000 store:0x00000042 load:0x00000000
          23020	     11506	001002c8	00008067	jalr	x0,0(x1)	  x1:0x00101408  x0=0x00000000
          23024	     11508	00101408	f1ac18e3	bne	x24,x26,101318	 x24:0x0000000c x26:0x00000014
          23036	     11514	00101318	d089a607	flw	f12,-760(x19)	 f19:0x00102000 f12=0x00000000 PA:0x00101d08 store:0x3f818cf4
          23058	     11525	0010131c	580676d3	fsqrt.s	f13,f12	 f12:0x00000009 f13=0x00000000
          23064	     11528	00101320	d0d9a427	fsw	f13,-760(x19)	 f19:0x00102000 f13:0x00000042 PA:0x00101d08 store:0x3f8018ab load:0x3f80315b
          23070	     11531	00101324	d089a387	flw	f7,-760(x19)	 f19:0x00102000  f7=0x00000000 PA:0x00000000
          23078	     11535	00101328	a10a8513	addi	x10,x21,-1520	 x21:0x00102000 x10=0x00101a10
          23080	     11536	0010132c	e00386d3	fmv.x.w	x13,f7	  f7:0x00000035 x13=0x3f8018ab
          23082	     11537	00101330	ceda2c23	sw	x13,-776(x20)	 x20:0x00102000 x13:0x3f8018ab PA:0x00101cf8 store:0x3f8018ab load:0x3f8018ab
          23084	     11538	00101334	d6dfe0ef	jal	x1,1000a0	  x1=0x00101338
          23088	     11540	001000a0	00054803	lbu	x16,0(x10)	 x10:0x00101a10 x16=0x0000000a PA:0x00101a10 store:0x00000000
          23090	     11541	001000a4	06080663	beq	x16,x0,100110	 x16:0x0000000a  x0:0x00000000
          23092	     11542	001000a8	000207b7	lui	x15,0x20	 x15=0x00020000
          23096	     11544	001000ac	0107a023	sw	x16,0(x15)	 x15:0x00020000 x16:0x0000000a PA:0x00020000 store:0x0000000a load:0x00000000
          23100	     11546	001000b0	00154703	lbu	x14,1(x10)	 x10:0x00101a10 x14=0x00000020 PA:0x00101a11 store:0x00101338
          23102	     11547	001000b4	04070e63	beq	x14,x0,100110	 x14:0x00000020  x0:0x00000000
          23106	     11549	001000b8	00e7a023	sw	x14,0(x15)	 x15:0x00020000 x14:0x00000020 PA:0x00020000 store:0x00000020 load:0x00000000
          23110	     11551	001000bc	00254283	lbu	x5,2(x10)	 x10:0x00101a10  x5=0x00000069 PA:0x00101a12 store:0x00137fa0
          23112	     11552	001000c0	04028863	beq	x5,x0,100110	  x5:0x00000069  x0:0x00000000
          23116	     11554	001000c4	0057a023	sw	x5,0(x15)	 x15:0x00020000  x5:0x00000069 PA:0x00020000 store:0x00000069 load:0x00000000
          23120	     11556	001000c8	00354303	lbu	x6,3(x10)	 x10:0x00101a10  x6=0x0000003d PA:0x00101a13 store:0x00000000
          23122	     11557	001000cc	04030263	beq	x6,x0,100110	  x6:0x0000003d  x0:0x00000000
          23126	     11559	001000d0	0067a023	sw	x6,0(x15)	 x15:0x00020000  x6:0x0000003d PA:0x00020000 store:0x0000003d load:0x00000000
          23130	     11561	001000d4	00454383	lbu	x7,4(x10)	 x10:0x00101a10  x7=0x00000000 PA:0x00101a14 store:0x00000000
          23134	     11563	001000d8	02038c63	beq	x7,x0,100110	  x7:0x00000000  x0:0x00000000
          23138	     11565	00100110	00000513	addi	x10,x0,0	  x0:0x00000000 x10=0x00000000
          23142	     11567	00100114	00008067	jalr	x0,0(x1)	  x1:0x00101338  x0=0x00000000
          23144	     11568	00101338	000c0513	addi	x10,x24,0	 x24:0x0000000c x10=0x0000000c
          23148	     11570	0010133c	de5fe0ef	jal	x1,100120	  x1=0x00101340
          23150	     11571	00100120	01c55793	srli	x15,x10,0x1c	 x10:0x0000000c x15=0x00000000
          23152	     11572	00100124	00900713	addi	x14,x0,9	  x0:0x00000000 x14=0x00000009
          23156	     11574	00100128	0cf77a63	bgeu	x14,x15,1001fc	 x14:0x00000009 x15:0x00000000
          23160	     11576	001001fc	03078393	addi	x7,x15,48	 x15:0x00000000  x7=0x00000030
          23162	     11577	00100200	000205b7	lui	x11,0x20	 x11=0x00020000
          23164	     11578	00100204	00451613	slli	x12,x10,0x4	 x10:0x0000000c x12=0x000000c0
          23168	     11580	00100208	0075a023	sw	x7,0(x11)	 x11:0x00020000  x7:0x00000030 PA:0x00020000 store:0x00000030 load:0x00000000
          23170	     11581	0010020c	01c65693	srli	x13,x12,0x1c	 x12:0x000000c0 x13=0x00000000
          23172	     11582	00100210	00900813	addi	x16,x0,9	  x0:0x00000000 x16=0x00000009
          23174	     11583	00100214	f2d86ae3	bltu	x16,x13,100148	 x16:0x00000009 x13:0x00000000
          23176	     11584	00100218	03068e93	addi	x29,x13,48	 x13:0x00000000 x29=0x00000030
          23178	     11585	0010021c	00020f37	lui	x30,0x20	 x30=0x00020000
          23180	     11586	00100220	00851f93	slli	x31,x10,0x8	 x10:0x0000000c x31=0x00000c00
          23184	     11588	00100224	01df2023	sw	x29,0(x30)	 x30:0x00020000 x29:0x00000030 PA:0x00020000 store:0x00000030 load:0x00000000
          23186	     11589	00100228	01cfd793	srli	x15,x31,0x1c	 x31:0x00000c00 x15=0x00000000
          23188	     11590	0010022c	00900713	addi	x14,x0,9	  x0:0x00000000 x14=0x00000009
          23190	     11591	00100230	f2f76ae3	bltu	x14,x15,100164	 x14:0x00000009 x15:0x00000000
          23192	     11592	00100234	03078393	addi	x7,x15,48	 x15:0x00000000  x7=0x00000030
          23194	     11593	00100238	000205b7	lui	x11,0x20	 x11=0x00020000
          23196	     11594	0010023c	00c51613	slli	x12,x10,0xc	 x10:0x0000000c x12=0x0000c000
          23200	     11596	00100240	0075a023	sw	x7,0(x11)	 x11:0x00020000  x7:0x00000030 PA:0x00020000 store:0x00000030 load:0x00000000
          23202	     11597	00100244	01c65693	srli	x13,x12,0x1c	 x12:0x0000c000 x13=0x00000000
          23204	     11598	00100248	00900813	addi	x16,x0,9	  x0:0x00000000 x16=0x00000009
          23206	     11599	0010024c	f2d86ae3	bltu	x16,x13,100180	 x16:0x00000009 x13:0x00000000
          23208	     11600	00100250	03068e93	addi	x29,x13,48	 x13:0x00000000 x29=0x00000030
          23210	     11601	00100254	00020f37	lui	x30,0x20	 x30=0x00020000
          23212	     11602	00100258	01051f93	slli	x31,x10,0x10	 x10:0x0000000c x31=0x000c0000
          23216	     11604	0010025c	01df2023	sw	x29,0(x30)	 x30:0x00020000 x29:0x00000030 PA:0x00020000 store:0x00000030 load:0x00000000
          23218	     11605	00100260	01cfd793	srli	x15,x31,0x1c	 x31:0x000c0000 x15=0x00000000
          23220	     11606	00100264	00900713	addi	x14,x0,9	  x0:0x00000000 x14=0x00000009
          23222	     11607	00100268	f2f76ae3	bltu	x14,x15,10019c	 x14:0x00000009 x15:0x00000000
          23224	     11608	0010026c	03078393	addi	x7,x15,48	 x15:0x00000000  x7=0x00000030
          23226	     11609	00100270	000205b7	lui	x11,0x20	 x11=0x00020000
          23228	     11610	00100274	01451613	slli	x12,x10,0x14	 x10:0x0000000c x12=0x00c00000
          23232	     11612	00100278	0075a023	sw	x7,0(x11)	 x11:0x00020000  x7:0x00000030 PA:0x00020000 store:0x00000030 load:0x00000000
          23234	     11613	0010027c	01c65693	srli	x13,x12,0x1c	 x12:0x00c00000 x13=0x00000000
          23236	     11614	00100280	00900813	addi	x16,x0,9	  x0:0x00000000 x16=0x00000009
          23238	     11615	00100284	f2d86ae3	bltu	x16,x13,1001b8	 x16:0x00000009 x13:0x00000000
          23240	     11616	00100288	03068e93	addi	x29,x13,48	 x13:0x00000000 x29=0x00000030
          23242	     11617	0010028c	00020f37	lui	x30,0x20	 x30=0x00020000
          23244	     11618	00100290	01851f93	slli	x31,x10,0x18	 x10:0x0000000c x31=0x0c000000
          23248	     11620	00100294	01df2023	sw	x29,0(x30)	 x30:0x00020000 x29:0x00000030 PA:0x00020000 store:0x00000030 load:0x00000000
          23250	     11621	00100298	01cfd793	srli	x15,x31,0x1c	 x31:0x0c000000 x15=0x00000000
          23252	     11622	0010029c	00900713	addi	x14,x0,9	  x0:0x00000000 x14=0x00000009
          23254	     11623	001002a0	f2f76ae3	bltu	x14,x15,1001d4	 x14:0x00000009 x15:0x00000000
          23256	     11624	001002a4	03078393	addi	x7,x15,48	 x15:0x00000000  x7=0x00000030
          23258	     11625	001002a8	000205b7	lui	x11,0x20	 x11=0x00020000
          23262	     11627	001002ac	0075a023	sw	x7,0(x11)	 x11:0x00020000  x7:0x00000030 PA:0x00020000 store:0x00000030 load:0x00000000
          23264	     11628	001002b0	00f57513	andi	x10,x10,15	 x10:0x0000000c x10=0x0000000c
          23266	     11629	001002b4	00900613	addi	x12,x0,9	  x0:0x00000000 x12=0x00000009
          23268	     11630	001002b8	f2a67ae3	bgeu	x12,x10,1001ec	 x12:0x00000009 x10:0x0000000c
          23270	     11631	001002bc	03750693	addi	x13,x10,55	 x10:0x0000000c x13=0x00000043
          23272	     11632	001002c0	00020837	lui	x16,0x20	 x16=0x00020000
          23276	     11634	001002c4	00d82023	sw	x13,0(x16)	 x16:0x00020000 x13:0x00000043 PA:0x00020000 store:0x00000043 load:0x00000000
          23280	     11636	001002c8	00008067	jalr	x0,0(x1)	  x1:0x00101340  x0=0x00000000
          23282	     11637	00101340	a18b0513	addi	x10,x22,-1512	 x22:0x00102000 x10=0x00101a18
          23286	     11639	00101344	d5dfe0ef	jal	x1,1000a0	  x1=0x00101348
          23290	     11641	001000a0	00054803	lbu	x16,0(x10)	 x10:0x00101a18 x16=0x00000020 PA:0x00101a18 store:0x00000000
          23292	     11642	001000a4	06080663	beq	x16,x0,100110	 x16:0x00000020  x0:0x00000000
          23294	     11643	001000a8	000207b7	lui	x15,0x20	 x15=0x00020000
          23298	     11645	001000ac	0107a023	sw	x16,0(x15)	 x15:0x00020000 x16:0x00000020 PA:0x00020000 store:0x00000020 load:0x00000000
          23302	     11647	001000b0	00154703	lbu	x14,1(x10)	 x10:0x00101a18 x14=0x00000072 PA:0x00101a19 store:0x00101348
          23304	     11648	001000b4	04070e63	beq	x14,x0,100110	 x14:0x00000072  x0:0x00000000
          23308	     11650	001000b8	00e7a023	sw	x14,0(x15)	 x15:0x00020000 x14:0x00000072 PA:0x00020000 store:0x00000072 load:0x00000000
          23312	     11652	001000bc	00254283	lbu	x5,2(x10)	 x10:0x00101a18  x5=0x00000065 PA:0x00101a1a store:0x00137fa0
          23314	     11653	001000c0	04028863	beq	x5,x0,100110	  x5:0x00000065  x0:0x00000000
          23318	     11655	001000c4	0057a023	sw	x5,0(x15)	 x15:0x00020000  x5:0x00000065 PA:0x00020000 store:0x00000065 load:0x00000000
          23322	     11657	001000c8	00354303	lbu	x6,3(x10)	 x10:0x00101a18  x6=0x00000073 PA:0x00101a1b store:0x00000000
          23324	     11658	001000cc	04030263	beq	x6,x0,100110	  x6:0x00000073  x0:0x00000000
          23328	     11660	001000d0	0067a023	sw	x6,0(x15)	 x15:0x00020000  x6:0x00000073 PA:0x00020000 store:0x00000073 load:0x00000000
          23332	     11662	001000d4	00454383	lbu	x7,4(x10)	 x10:0x00101a18  x7=0x00000075 PA:0x00101a1c store:0x00000000
          23334	     11663	001000d8	02038c63	beq	x7,x0,100110	  x7:0x00000075  x0:0x00000000
          23338	     11665	001000dc	0077a023	sw	x7,0(x15)	 x15:0x00020000  x7:0x00000075 PA:0x00020000 store:0x00000075 load:0x00000000
          23342	     11667	001000e0	00554583	lbu	x11,5(x10)	 x10:0x00101a18 x11=0x0000006c PA:0x00101a1d store:0x00000065
          23344	     11668	001000e4	02058663	beq	x11,x0,100110	 x11:0x0000006c  x0:0x00000000
          23348	     11670	001000e8	00b7a023	sw	x11,0(x15)	 x15:0x00020000 x11:0x0000006c PA:0x00020000 store:0x0000006c load:0x00000000
          23352	     11672	001000ec	00654603	lbu	x12,6(x10)	 x10:0x00101a18 x12=0x00000074 PA:0x00101a1e store:0x00000073
          23354	     11673	001000f0	02060063	beq	x12,x0,100110	 x12:0x00000074  x0:0x00000000
          23358	     11675	001000f4	00c7a023	sw	x12,0(x15)	 x15:0x00020000 x12:0x00000074 PA:0x00020000 store:0x00000074 load:0x00000000
          23362	     11677	001000f8	00754683	lbu	x13,7(x10)	 x10:0x00101a18 x13=0x0000003a PA:0x00101a1f store:0x00000075
          23364	     11678	001000fc	00850513	addi	x10,x10,8	 x10:0x00101a18 x10=0x00101a20
          23366	     11679	00100100	00068863	beq	x13,x0,100110	 x13:0x0000003a  x0:0x00000000
          23370	     11681	00100104	00d7a023	sw	x13,0(x15)	 x15:0x00020000 x13:0x0000003a PA:0x00020000 store:0x0000003a load:0x00000000
          23374	     11683	00100108	00054803	lbu	x16,0(x10)	 x10:0x00101a20 x16=0x00000020 PA:0x00101a20 store:0x00000000
          23378	     11685	0010010c	fa0810e3	bne	x16,x0,1000ac	 x16:0x00000020  x0:0x00000000
          23384	     11688	001000ac	0107a023	sw	x16,0(x15)	 x15:0x00020000 x16:0x00000020 PA:0x00020000 store:0x00000020 load:0x00000000
          23388	     11690	001000b0	00154703	lbu	x14,1(x10)	 x10:0x00101a20 x14=0x00000000 PA:0x00101a21 store:0x00101348
          23392	     11692	001000b4	04070e63	beq	x14,x0,100110	 x14:0x00000000  x0:0x00000000
          23396	     11694	00100110	00000513	addi	x10,x0,0	  x0:0x00000000 x10=0x00000000
          23400	     11696	00100114	00008067	jalr	x0,0(x1)	  x1:0x00101348  x0=0x00000000
          23404	     11698	00101348	cf8a2503	lw	x10,-776(x20)	 x20:0x00102000 x10=0x3f8018ab PA:0x00101cf8 store:0x0000000c
          23406	     11699	0010134c	001c0d93	addi	x27,x24,1	 x24:0x0000000c x27=0x0000000d
          23410	     11701	00101350	dd1fe0ef	jal	x1,100120	  x1=0x00101354
          23412	     11702	00100120	01c55793	srli	x15,x10,0x1c	 x10:0x3f8018ab x15=0x00000003
          23414	     11703	00100124	00900713	addi	x14,x0,9	  x0:0x00000000 x14=0x00000009
          23418	     11705	00100128	0cf77a63	bgeu	x14,x15,1001fc	 x14:0x00000009 x15:0x00000003
          23422	     11707	001001fc	03078393	addi	x7,x15,48	 x15:0x00000003  x7=0x00000033
          23424	     11708	00100200	000205b7	lui	x11,0x20	 x11=0x00020000
          23426	     11709	00100204	00451613	slli	x12,x10,0x4	 x10:0x3f8018ab x12=0xf8018ab0
          23430	     11711	00100208	0075a023	sw	x7,0(x11)	 x11:0x00020000  x7:0x00000033 PA:0x00020000 store:0x00000033 load:0x00000000
          23432	     11712	0010020c	01c65693	srli	x13,x12,0x1c	 x12:0xf8018ab0 x13=0x0000000f
          23434	     11713	00100210	00900813	addi	x16,x0,9	  x0:0x00000000 x16=0x00000009
          23438	     11715	00100214	f2d86ae3	bltu	x16,x13,100148	 x16:0x00000009 x13:0x0000000f
          23442	     11717	00100148	03768893	addi	x17,x13,55	 x13:0x0000000f x17=0x00000046
          23444	     11718	0010014c	00020e37	lui	x28,0x20	 x28=0x00020000
          23446	     11719	00100150	00851f93	slli	x31,x10,0x8	 x10:0x3f8018ab x31=0x8018ab00
          23450	     11721	00100154	011e2023	sw	x17,0(x28)	 x28:0x00020000 x17:0x00000046 PA:0x00020000 store:0x00000046 load:0x00000000
          23452	     11722	00100158	01cfd793	srli	x15,x31,0x1c	 x31:0x8018ab00 x15=0x00000008
          23454	     11723	0010015c	00900713	addi	x14,x0,9	  x0:0x00000000 x14=0x00000009
          23458	     11725	00100160	0cf77a63	bgeu	x14,x15,100234	 x14:0x00000009 x15:0x00000008
          23462	     11727	00100234	03078393	addi	x7,x15,48	 x15:0x00000008  x7=0x00000038
          23464	     11728	00100238	000205b7	lui	x11,0x20	 x11=0x00020000
          23466	     11729	0010023c	00c51613	slli	x12,x10,0xc	 x10:0x3f8018ab x12=0x018ab000
          23470	     11731	00100240	0075a023	sw	x7,0(x11)	 x11:0x00020000  x7:0x00000038 PA:0x00020000 store:0x00000038 load:0x00000000
          23472	     11732	00100244	01c65693	srli	x13,x12,0x1c	 x12:0x018ab000 x13=0x00000000
          23474	     11733	00100248	00900813	addi	x16,x0,9	  x0:0x00000000 x16=0x00000009
          23476	     11734	0010024c	f2d86ae3	bltu	x16,x13,100180	 x16:0x00000009 x13:0x00000000
          23478	     11735	00100250	03068e93	addi	x29,x13,48	 x13:0x00000000 x29=0x00000030
          23480	     11736	00100254	00020f37	lui	x30,0x20	 x30=0x00020000
          23482	     11737	00100258	01051f93	slli	x31,x10,0x10	 x10:0x3f8018ab x31=0x18ab0000
          23486	     11739	0010025c	01df2023	sw	x29,0(x30)	 x30:0x00020000 x29:0x00000030 PA:0x00020000 store:0x00000030 load:0x00000000
          23488	     11740	00100260	01cfd793	srli	x15,x31,0x1c	 x31:0x18ab0000 x15=0x00000001
          23490	     11741	00100264	00900713	addi	x14,x0,9	  x0:0x00000000 x14=0x00000009
          23492	     11742	00100268	f2f76ae3	bltu	x14,x15,10019c	 x14:0x00000009 x15:0x00000001
          23494	     11743	0010026c	03078393	addi	x7,x15,48	 x15:0x00000001  x7=0x00000031
          23496	     11744	00100270	000205b7	lui	x11,0x20	 x11=0x00020000
          23498	     11745	00100274	01451613	slli	x12,x10,0x14	 x10:0x3f8018ab x12=0x8ab00000
          23502	     11747	00100278	0075a023	sw	x7,0(x11)	 x11:0x00020000  x7:0x00000031 PA:0x00020000 store:0x00000031 load:0x00000000
          23504	     11748	0010027c	01c65693	srli	x13,x12,0x1c	 x12:0x8ab00000 x13=0x00000008
          23506	     11749	00100280	00900813	addi	x16,x0,9	  x0:0x00000000 x16=0x00000009
          23508	     11750	00100284	f2d86ae3	bltu	x16,x13,1001b8	 x16:0x00000009 x13:0x00000008
          23510	     11751	00100288	03068e93	addi	x29,x13,48	 x13:0x00000008 x29=0x00000038
          23512	     11752	0010028c	00020f37	lui	x30,0x20	 x30=0x00020000
          23514	     11753	00100290	01851f93	slli	x31,x10,0x18	 x10:0x3f8018ab x31=0xab000000
          23518	     11755	00100294	01df2023	sw	x29,0(x30)	 x30:0x00020000 x29:0x00000038 PA:0x00020000 store:0x00000038 load:0x00000000
          23520	     11756	00100298	01cfd793	srli	x15,x31,0x1c	 x31:0xab000000 x15=0x0000000a
          23522	     11757	0010029c	00900713	addi	x14,x0,9	  x0:0x00000000 x14=0x00000009
          23526	     11759	001002a0	f2f76ae3	bltu	x14,x15,1001d4	 x14:0x00000009 x15:0x0000000a
          23530	     11761	001001d4	03778293	addi	x5,x15,55	 x15:0x0000000a  x5=0x00000041
          23532	     11762	001001d8	00020337	lui	x6,0x20	  x6=0x00020000
          23536	     11764	001001dc	00532023	sw	x5,0(x6)	  x6:0x00020000  x5:0x00000041 PA:0x00020000 store:0x00000041 load:0x00000000
          23538	     11765	001001e0	00f57513	andi	x10,x10,15	 x10:0x3f8018ab x10=0x0000000b
          23540	     11766	001001e4	00900613	addi	x12,x0,9	  x0:0x00000000 x12=0x00000009
          23544	     11768	001001e8	0ca66a63	bltu	x12,x10,1002bc	 x12:0x00000009 x10:0x0000000b
          23548	     11770	001002bc	03750693	addi	x13,x10,55	 x10:0x0000000b x13=0x00000042
          23550	     11771	001002c0	00020837	lui	x16,0x20	 x16=0x00020000
          23554	     11773	001002c4	00d82023	sw	x13,0(x16)	 x16:0x00020000 x13:0x00000042 PA:0x00020000 store:0x00000042 load:0x00000000
          23568	     11780	001002c8	00008067	jalr	x0,0(x1)	  x1:0x00101354  x0=0x00000000
          23570	     11781	00101354	d089a407	flw	f8,-760(x19)	 f19:0x00102000  f8=0x00000000 PA:0x00101d08 store:0x3f818cf4
          23590	     11791	00101358	580474d3	fsqrt.s	f9,f8	  f8:0x00102000  f9=0x00000000
          23596	     11794	0010135c	d099a427	fsw	f9,-760(x19)	 f19:0x00102000  f9:0x00102000 PA:0x00101d08 store:0x3f800c55 load:0x3f8018ab
          23602	     11797	00101360	d089a507	flw	f10,-760(x19)	 f19:0x00102000 f10=0x00000000 PA:0x00000000
          23610	     11801	00101364	a10a8513	addi	x10,x21,-1520	 x21:0x00102000 x10=0x00101a10
          23612	     11802	00101368	e0050753	fmv.x.w	x14,f10	 f10:0x00101a10 x14=0x3f800c55
          23614	     11803	0010136c	ceea2c23	sw	x14,-776(x20)	 x20:0x00102000 x14:0x3f800c55 PA:0x00101cf8 store:0x3f800c55 load:0x3f800c55
          23616	     11804	00101370	d31fe0ef	jal	x1,1000a0	  x1=0x00101374
          23620	     11806	001000a0	00054803	lbu	x16,0(x10)	 x10:0x00101a10 x16=0x0000000a PA:0x00101a10 store:0x00000000
          23622	     11807	001000a4	06080663	beq	x16,x0,100110	 x16:0x0000000a  x0:0x00000000
          23624	     11808	001000a8	000207b7	lui	x15,0x20	 x15=0x00020000
          23628	     11810	001000ac	0107a023	sw	x16,0(x15)	 x15:0x00020000 x16:0x0000000a PA:0x00020000 store:0x0000000a load:0x00000000
          23632	     11812	001000b0	00154703	lbu	x14,1(x10)	 x10:0x00101a10 x14=0x00000020 PA:0x00101a11 store:0x00101374
          23634	     11813	001000b4	04070e63	beq	x14,x0,100110	 x14:0x00000020  x0:0x00000000
          23638	     11815	001000b8	00e7a023	sw	x14,0(x15)	 x15:0x00020000 x14:0x00000020 PA:0x00020000 store:0x00000020 load:0x00000000
          23642	     11817	001000bc	00254283	lbu	x5,2(x10)	 x10:0x00101a10  x5=0x00000069 PA:0x00101a12 store:0x00137fa0
          23644	     11818	001000c0	04028863	beq	x5,x0,100110	  x5:0x00000069  x0:0x00000000
          23648	     11820	001000c4	0057a023	sw	x5,0(x15)	 x15:0x00020000  x5:0x00000069 PA:0x00020000 store:0x00000069 load:0x00000000
          23652	     11822	001000c8	00354303	lbu	x6,3(x10)	 x10:0x00101a10  x6=0x0000003d PA:0x00101a13 store:0x00000000
          23654	     11823	001000cc	04030263	beq	x6,x0,100110	  x6:0x0000003d  x0:0x00000000
          23658	     11825	001000d0	0067a023	sw	x6,0(x15)	 x15:0x00020000  x6:0x0000003d PA:0x00020000 store:0x0000003d load:0x00000000
          23662	     11827	001000d4	00454383	lbu	x7,4(x10)	 x10:0x00101a10  x7=0x00000000 PA:0x00101a14 store:0x00000000
          23666	     11829	001000d8	02038c63	beq	x7,x0,100110	  x7:0x00000000  x0:0x00000000
          23670	     11831	00100110	00000513	addi	x10,x0,0	  x0:0x00000000 x10=0x00000000
          23674	     11833	00100114	00008067	jalr	x0,0(x1)	  x1:0x00101374  x0=0x00000000
          23676	     11834	00101374	000d8513	addi	x10,x27,0	 x27:0x0000000d x10=0x0000000d
          23680	     11836	00101378	da9fe0ef	jal	x1,100120	  x1=0x0010137c
          23682	     11837	00100120	01c55793	srli	x15,x10,0x1c	 x10:0x0000000d x15=0x00000000
          23684	     11838	00100124	00900713	addi	x14,x0,9	  x0:0x00000000 x14=0x00000009
          23688	     11840	00100128	0cf77a63	bgeu	x14,x15,1001fc	 x14:0x00000009 x15:0x00000000
          23692	     11842	001001fc	03078393	addi	x7,x15,48	 x15:0x00000000  x7=0x00000030
          23694	     11843	00100200	000205b7	lui	x11,0x20	 x11=0x00020000
          23696	     11844	00100204	00451613	slli	x12,x10,0x4	 x10:0x0000000d x12=0x000000d0
          23700	     11846	00100208	0075a023	sw	x7,0(x11)	 x11:0x00020000  x7:0x00000030 PA:0x00020000 store:0x00000030 load:0x00000000
          23702	     11847	0010020c	01c65693	srli	x13,x12,0x1c	 x12:0x000000d0 x13=0x00000000
          23704	     11848	00100210	00900813	addi	x16,x0,9	  x0:0x00000000 x16=0x00000009
          23706	     11849	00100214	f2d86ae3	bltu	x16,x13,100148	 x16:0x00000009 x13:0x00000000
          23708	     11850	00100218	03068e93	addi	x29,x13,48	 x13:0x00000000 x29=0x00000030
          23710	     11851	0010021c	00020f37	lui	x30,0x20	 x30=0x00020000
          23712	     11852	00100220	00851f93	slli	x31,x10,0x8	 x10:0x0000000d x31=0x00000d00
          23716	     11854	00100224	01df2023	sw	x29,0(x30)	 x30:0x00020000 x29:0x00000030 PA:0x00020000 store:0x00000030 load:0x00000000
          23718	     11855	00100228	01cfd793	srli	x15,x31,0x1c	 x31:0x00000d00 x15=0x00000000
          23720	     11856	0010022c	00900713	addi	x14,x0,9	  x0:0x00000000 x14=0x00000009
          23722	     11857	00100230	f2f76ae3	bltu	x14,x15,100164	 x14:0x00000009 x15:0x00000000
          23724	     11858	00100234	03078393	addi	x7,x15,48	 x15:0x00000000  x7=0x00000030
          23726	     11859	00100238	000205b7	lui	x11,0x20	 x11=0x00020000
          23728	     11860	0010023c	00c51613	slli	x12,x10,0xc	 x10:0x0000000d x12=0x0000d000
          23732	     11862	00100240	0075a023	sw	x7,0(x11)	 x11:0x00020000  x7:0x00000030 PA:0x00020000 store:0x00000030 load:0x00000000
          23734	     11863	00100244	01c65693	srli	x13,x12,0x1c	 x12:0x0000d000 x13=0x00000000
          23736	     11864	00100248	00900813	addi	x16,x0,9	  x0:0x00000000 x16=0x00000009
          23738	     11865	0010024c	f2d86ae3	bltu	x16,x13,100180	 x16:0x00000009 x13:0x00000000
          23740	     11866	00100250	03068e93	addi	x29,x13,48	 x13:0x00000000 x29=0x00000030
          23742	     11867	00100254	00020f37	lui	x30,0x20	 x30=0x00020000
          23744	     11868	00100258	01051f93	slli	x31,x10,0x10	 x10:0x0000000d x31=0x000d0000
          23748	     11870	0010025c	01df2023	sw	x29,0(x30)	 x30:0x00020000 x29:0x00000030 PA:0x00020000 store:0x00000030 load:0x00000000
          23750	     11871	00100260	01cfd793	srli	x15,x31,0x1c	 x31:0x000d0000 x15=0x00000000
          23752	     11872	00100264	00900713	addi	x14,x0,9	  x0:0x00000000 x14=0x00000009
          23754	     11873	00100268	f2f76ae3	bltu	x14,x15,10019c	 x14:0x00000009 x15:0x00000000
          23756	     11874	0010026c	03078393	addi	x7,x15,48	 x15:0x00000000  x7=0x00000030
          23758	     11875	00100270	000205b7	lui	x11,0x20	 x11=0x00020000
          23760	     11876	00100274	01451613	slli	x12,x10,0x14	 x10:0x0000000d x12=0x00d00000
          23764	     11878	00100278	0075a023	sw	x7,0(x11)	 x11:0x00020000  x7:0x00000030 PA:0x00020000 store:0x00000030 load:0x00000000
          23766	     11879	0010027c	01c65693	srli	x13,x12,0x1c	 x12:0x00d00000 x13=0x00000000
          23768	     11880	00100280	00900813	addi	x16,x0,9	  x0:0x00000000 x16=0x00000009
          23770	     11881	00100284	f2d86ae3	bltu	x16,x13,1001b8	 x16:0x00000009 x13:0x00000000
          23772	     11882	00100288	03068e93	addi	x29,x13,48	 x13:0x00000000 x29=0x00000030
          23774	     11883	0010028c	00020f37	lui	x30,0x20	 x30=0x00020000
          23776	     11884	00100290	01851f93	slli	x31,x10,0x18	 x10:0x0000000d x31=0x0d000000
          23780	     11886	00100294	01df2023	sw	x29,0(x30)	 x30:0x00020000 x29:0x00000030 PA:0x00020000 store:0x00000030 load:0x00000000
          23782	     11887	00100298	01cfd793	srli	x15,x31,0x1c	 x31:0x0d000000 x15=0x00000000
          23784	     11888	0010029c	00900713	addi	x14,x0,9	  x0:0x00000000 x14=0x00000009
          23786	     11889	001002a0	f2f76ae3	bltu	x14,x15,1001d4	 x14:0x00000009 x15:0x00000000
          23788	     11890	001002a4	03078393	addi	x7,x15,48	 x15:0x00000000  x7=0x00000030
          23790	     11891	001002a8	000205b7	lui	x11,0x20	 x11=0x00020000
          23794	     11893	001002ac	0075a023	sw	x7,0(x11)	 x11:0x00020000  x7:0x00000030 PA:0x00020000 store:0x00000030 load:0x00000000
          23796	     11894	001002b0	00f57513	andi	x10,x10,15	 x10:0x0000000d x10=0x0000000d
          23798	     11895	001002b4	00900613	addi	x12,x0,9	  x0:0x00000000 x12=0x00000009
          23800	     11896	001002b8	f2a67ae3	bgeu	x12,x10,1001ec	 x12:0x00000009 x10:0x0000000d
          23802	     11897	001002bc	03750693	addi	x13,x10,55	 x10:0x0000000d x13=0x00000044
          23804	     11898	001002c0	00020837	lui	x16,0x20	 x16=0x00020000
          23808	     11900	001002c4	00d82023	sw	x13,0(x16)	 x16:0x00020000 x13:0x00000044 PA:0x00020000 store:0x00000044 load:0x00000000
          23812	     11902	001002c8	00008067	jalr	x0,0(x1)	  x1:0x0010137c  x0=0x00000000
          23814	     11903	0010137c	a18b0513	addi	x10,x22,-1512	 x22:0x00102000 x10=0x00101a18
          23818	     11905	00101380	d21fe0ef	jal	x1,1000a0	  x1=0x00101384
          23822	     11907	001000a0	00054803	lbu	x16,0(x10)	 x10:0x00101a18 x16=0x00000020 PA:0x00101a18 store:0x00000000
          23824	     11908	001000a4	06080663	beq	x16,x0,100110	 x16:0x00000020  x0:0x00000000
          23826	     11909	001000a8	000207b7	lui	x15,0x20	 x15=0x00020000
          23830	     11911	001000ac	0107a023	sw	x16,0(x15)	 x15:0x00020000 x16:0x00000020 PA:0x00020000 store:0x00000020 load:0x00000000
          23834	     11913	001000b0	00154703	lbu	x14,1(x10)	 x10:0x00101a18 x14=0x00000072 PA:0x00101a19 store:0x00101384
          23836	     11914	001000b4	04070e63	beq	x14,x0,100110	 x14:0x00000072  x0:0x00000000
          23840	     11916	001000b8	00e7a023	sw	x14,0(x15)	 x15:0x00020000 x14:0x00000072 PA:0x00020000 store:0x00000072 load:0x00000000
          23844	     11918	001000bc	00254283	lbu	x5,2(x10)	 x10:0x00101a18  x5=0x00000065 PA:0x00101a1a store:0x00137fa0
          23846	     11919	001000c0	04028863	beq	x5,x0,100110	  x5:0x00000065  x0:0x00000000
          23850	     11921	001000c4	0057a023	sw	x5,0(x15)	 x15:0x00020000  x5:0x00000065 PA:0x00020000 store:0x00000065 load:0x00000000
          23854	     11923	001000c8	00354303	lbu	x6,3(x10)	 x10:0x00101a18  x6=0x00000073 PA:0x00101a1b store:0x00000000
          23856	     11924	001000cc	04030263	beq	x6,x0,100110	  x6:0x00000073  x0:0x00000000
          23860	     11926	001000d0	0067a023	sw	x6,0(x15)	 x15:0x00020000  x6:0x00000073 PA:0x00020000 store:0x00000073 load:0x00000000
          23864	     11928	001000d4	00454383	lbu	x7,4(x10)	 x10:0x00101a18  x7=0x00000075 PA:0x00101a1c store:0x00000000
          23866	     11929	001000d8	02038c63	beq	x7,x0,100110	  x7:0x00000075  x0:0x00000000
          23870	     11931	001000dc	0077a023	sw	x7,0(x15)	 x15:0x00020000  x7:0x00000075 PA:0x00020000 store:0x00000075 load:0x00000000
          23874	     11933	001000e0	00554583	lbu	x11,5(x10)	 x10:0x00101a18 x11=0x0000006c PA:0x00101a1d store:0x00000065
          23876	     11934	001000e4	02058663	beq	x11,x0,100110	 x11:0x0000006c  x0:0x00000000
          23880	     11936	001000e8	00b7a023	sw	x11,0(x15)	 x15:0x00020000 x11:0x0000006c PA:0x00020000 store:0x0000006c load:0x00000000
          23884	     11938	001000ec	00654603	lbu	x12,6(x10)	 x10:0x00101a18 x12=0x00000074 PA:0x00101a1e store:0x00000073
          23886	     11939	001000f0	02060063	beq	x12,x0,100110	 x12:0x00000074  x0:0x00000000
          23890	     11941	001000f4	00c7a023	sw	x12,0(x15)	 x15:0x00020000 x12:0x00000074 PA:0x00020000 store:0x00000074 load:0x00000000
          23894	     11943	001000f8	00754683	lbu	x13,7(x10)	 x10:0x00101a18 x13=0x0000003a PA:0x00101a1f store:0x00000075
          23896	     11944	001000fc	00850513	addi	x10,x10,8	 x10:0x00101a18 x10=0x00101a20
          23898	     11945	00100100	00068863	beq	x13,x0,100110	 x13:0x0000003a  x0:0x00000000
          23902	     11947	00100104	00d7a023	sw	x13,0(x15)	 x15:0x00020000 x13:0x0000003a PA:0x00020000 store:0x0000003a load:0x00000000
          23906	     11949	00100108	00054803	lbu	x16,0(x10)	 x10:0x00101a20 x16=0x00000020 PA:0x00101a20 store:0x00000000
          23910	     11951	0010010c	fa0810e3	bne	x16,x0,1000ac	 x16:0x00000020  x0:0x00000000
          23916	     11954	001000ac	0107a023	sw	x16,0(x15)	 x15:0x00020000 x16:0x00000020 PA:0x00020000 store:0x00000020 load:0x00000000
          23920	     11956	001000b0	00154703	lbu	x14,1(x10)	 x10:0x00101a20 x14=0x00000000 PA:0x00101a21 store:0x00101384
          23924	     11958	001000b4	04070e63	beq	x14,x0,100110	 x14:0x00000000  x0:0x00000000
          23928	     11960	00100110	00000513	addi	x10,x0,0	  x0:0x00000000 x10=0x00000000
          23932	     11962	00100114	00008067	jalr	x0,0(x1)	  x1:0x00101384  x0=0x00000000
          23936	     11964	00101384	cf8a2503	lw	x10,-776(x20)	 x20:0x00102000 x10=0x3f800c55 PA:0x00101cf8 store:0x0000000c
          23938	     11965	00101388	002c0d93	addi	x27,x24,2	 x24:0x0000000c x27=0x0000000e
          23942	     11967	0010138c	d95fe0ef	jal	x1,100120	  x1=0x00101390
          23944	     11968	00100120	01c55793	srli	x15,x10,0x1c	 x10:0x3f800c55 x15=0x00000003
          23946	     11969	00100124	00900713	addi	x14,x0,9	  x0:0x00000000 x14=0x00000009
          23950	     11971	00100128	0cf77a63	bgeu	x14,x15,1001fc	 x14:0x00000009 x15:0x00000003
          23954	     11973	001001fc	03078393	addi	x7,x15,48	 x15:0x00000003  x7=0x00000033
          23956	     11974	00100200	000205b7	lui	x11,0x20	 x11=0x00020000
          23958	     11975	00100204	00451613	slli	x12,x10,0x4	 x10:0x3f800c55 x12=0xf800c550
          23962	     11977	00100208	0075a023	sw	x7,0(x11)	 x11:0x00020000  x7:0x00000033 PA:0x00020000 store:0x00000033 load:0x00000000
          23964	     11978	0010020c	01c65693	srli	x13,x12,0x1c	 x12:0xf800c550 x13=0x0000000f
          23966	     11979	00100210	00900813	addi	x16,x0,9	  x0:0x00000000 x16=0x00000009
          23970	     11981	00100214	f2d86ae3	bltu	x16,x13,100148	 x16:0x00000009 x13:0x0000000f
          23974	     11983	00100148	03768893	addi	x17,x13,55	 x13:0x0000000f x17=0x00000046
          23976	     11984	0010014c	00020e37	lui	x28,0x20	 x28=0x00020000
          23978	     11985	00100150	00851f93	slli	x31,x10,0x8	 x10:0x3f800c55 x31=0x800c5500
          23982	     11987	00100154	011e2023	sw	x17,0(x28)	 x28:0x00020000 x17:0x00000046 PA:0x00020000 store:0x00000046 load:0x00000000
          23984	     11988	00100158	01cfd793	srli	x15,x31,0x1c	 x31:0x800c5500 x15=0x00000008
          23986	     11989	0010015c	00900713	addi	x14,x0,9	  x0:0x00000000 x14=0x00000009
          23990	     11991	00100160	0cf77a63	bgeu	x14,x15,100234	 x14:0x00000009 x15:0x00000008
          23994	     11993	00100234	03078393	addi	x7,x15,48	 x15:0x00000008  x7=0x00000038
          23996	     11994	00100238	000205b7	lui	x11,0x20	 x11=0x00020000
          23998	     11995	0010023c	00c51613	slli	x12,x10,0xc	 x10:0x3f800c55 x12=0x00c55000
          24002	     11997	00100240	0075a023	sw	x7,0(x11)	 x11:0x00020000  x7:0x00000038 PA:0x00020000 store:0x00000038 load:0x00000000
          24004	     11998	00100244	01c65693	srli	x13,x12,0x1c	 x12:0x00c55000 x13=0x00000000
          24006	     11999	00100248	00900813	addi	x16,x0,9	  x0:0x00000000 x16=0x00000009
          24008	     12000	0010024c	f2d86ae3	bltu	x16,x13,100180	 x16:0x00000009 x13:0x00000000
          24010	     12001	00100250	03068e93	addi	x29,x13,48	 x13:0x00000000 x29=0x00000030
          24012	     12002	00100254	00020f37	lui	x30,0x20	 x30=0x00020000
          24014	     12003	00100258	01051f93	slli	x31,x10,0x10	 x10:0x3f800c55 x31=0x0c550000
          24018	     12005	0010025c	01df2023	sw	x29,0(x30)	 x30:0x00020000 x29:0x00000030 PA:0x00020000 store:0x00000030 load:0x00000000
          24020	     12006	00100260	01cfd793	srli	x15,x31,0x1c	 x31:0x0c550000 x15=0x00000000
          24022	     12007	00100264	00900713	addi	x14,x0,9	  x0:0x00000000 x14=0x00000009
          24024	     12008	00100268	f2f76ae3	bltu	x14,x15,10019c	 x14:0x00000009 x15:0x00000000
          24026	     12009	0010026c	03078393	addi	x7,x15,48	 x15:0x00000000  x7=0x00000030
          24028	     12010	00100270	000205b7	lui	x11,0x20	 x11=0x00020000
          24030	     12011	00100274	01451613	slli	x12,x10,0x14	 x10:0x3f800c55 x12=0xc5500000
          24034	     12013	00100278	0075a023	sw	x7,0(x11)	 x11:0x00020000  x7:0x00000030 PA:0x00020000 store:0x00000030 load:0x00000000
          24036	     12014	0010027c	01c65693	srli	x13,x12,0x1c	 x12:0xc5500000 x13=0x0000000c
          24038	     12015	00100280	00900813	addi	x16,x0,9	  x0:0x00000000 x16=0x00000009
          24042	     12017	00100284	f2d86ae3	bltu	x16,x13,1001b8	 x16:0x00000009 x13:0x0000000c
          24046	     12019	001001b8	03768893	addi	x17,x13,55	 x13:0x0000000c x17=0x00000043
          24048	     12020	001001bc	00020e37	lui	x28,0x20	 x28=0x00020000
          24050	     12021	001001c0	01851f93	slli	x31,x10,0x18	 x10:0x3f800c55 x31=0x55000000
          24054	     12023	001001c4	011e2023	sw	x17,0(x28)	 x28:0x00020000 x17:0x00000043 PA:0x00020000 store:0x00000043 load:0x00000000
          24056	     12024	001001c8	01cfd793	srli	x15,x31,0x1c	 x31:0x55000000 x15=0x00000005
          24058	     12025	001001cc	00900713	addi	x14,x0,9	  x0:0x00000000 x14=0x00000009
          24062	     12027	001001d0	0cf77a63	bgeu	x14,x15,1002a4	 x14:0x00000009 x15:0x00000005
          24066	     12029	001002a4	03078393	addi	x7,x15,48	 x15:0x00000005  x7=0x00000035
          24068	     12030	001002a8	000205b7	lui	x11,0x20	 x11=0x00020000
          24072	     12032	001002ac	0075a023	sw	x7,0(x11)	 x11:0x00020000  x7:0x00000035 PA:0x00020000 store:0x00000035 load:0x00000000
          24074	     12033	001002b0	00f57513	andi	x10,x10,15	 x10:0x3f800c55 x10=0x00000005
          24076	     12034	001002b4	00900613	addi	x12,x0,9	  x0:0x00000000 x12=0x00000009
          24080	     12036	001002b8	f2a67ae3	bgeu	x12,x10,1001ec	 x12:0x00000009 x10:0x00000005
          24084	     12038	001001ec	03050893	addi	x17,x10,48	 x10:0x00000005 x17=0x00000035
          24086	     12039	001001f0	00020e37	lui	x28,0x20	 x28=0x00020000
          24090	     12041	001001f4	011e2023	sw	x17,0(x28)	 x28:0x00020000 x17:0x00000035 PA:0x00020000 store:0x00000035 load:0x00000000
          24104	     12048	001001f8	00008067	jalr	x0,0(x1)	  x1:0x00101390  x0=0x00000000
          24106	     12049	00101390	d089a807	flw	f16,-760(x19)	 f19:0x00102000 f16=0x00000000 PA:0x00101d08 store:0x3f8018ab
          24128	     12060	00101394	a10a8513	addi	x10,x21,-1520	 x21:0x00102000 x10=0x00101a10
          24130	     12061	00101398	580878d3	fsqrt.s	f17,f16	 f16:0x00000009 f17=0x00000000
          24134	     12063	0010139c	d119a427	fsw	f17,-760(x19)	 f19:0x00102000 f17:0x00000035 PA:0x00101d08 store:0x3f80062a load:0x3f800c55
          24140	     12066	001013a0	d089a907	flw	f18,-760(x19)	 f19:0x00102000 f18=0x00000000 PA:0x00000000
          24146	     12069	001013a4	e00907d3	fmv.x.w	x15,f18	 f18:0x00102000 x15=0x3f80062a
          24148	     12070	001013a8	cefa2c23	sw	x15,-776(x20)	 x20:0x00102000 x15:0x3f80062a PA:0x00101cf8 store:0x3f80062a load:0x3f80062a
          24152	     12072	001013ac	cf5fe0ef	jal	x1,1000a0	  x1=0x001013b0
          24156	     12074	001000a0	00054803	lbu	x16,0(x10)	 x10:0x00101a10 x16=0x0000000a PA:0x00101a10 store:0x00000000
          24158	     12075	001000a4	06080663	beq	x16,x0,100110	 x16:0x0000000a  x0:0x00000000
          24160	     12076	001000a8	000207b7	lui	x15,0x20	 x15=0x00020000
          24164	     12078	001000ac	0107a023	sw	x16,0(x15)	 x15:0x00020000 x16:0x0000000a PA:0x00020000 store:0x0000000a load:0x00000000
          24168	     12080	001000b0	00154703	lbu	x14,1(x10)	 x10:0x00101a10 x14=0x00000020 PA:0x00101a11 store:0x001013b0
          24170	     12081	001000b4	04070e63	beq	x14,x0,100110	 x14:0x00000020  x0:0x00000000
          24174	     12083	001000b8	00e7a023	sw	x14,0(x15)	 x15:0x00020000 x14:0x00000020 PA:0x00020000 store:0x00000020 load:0x00000000
          24178	     12085	001000bc	00254283	lbu	x5,2(x10)	 x10:0x00101a10  x5=0x00000069 PA:0x00101a12 store:0x00137fa0
          24180	     12086	001000c0	04028863	beq	x5,x0,100110	  x5:0x00000069  x0:0x00000000
          24184	     12088	001000c4	0057a023	sw	x5,0(x15)	 x15:0x00020000  x5:0x00000069 PA:0x00020000 store:0x00000069 load:0x00000000
          24188	     12090	001000c8	00354303	lbu	x6,3(x10)	 x10:0x00101a10  x6=0x0000003d PA:0x00101a13 store:0x00000000
          24190	     12091	001000cc	04030263	beq	x6,x0,100110	  x6:0x0000003d  x0:0x00000000
          24194	     12093	001000d0	0067a023	sw	x6,0(x15)	 x15:0x00020000  x6:0x0000003d PA:0x00020000 store:0x0000003d load:0x00000000
          24198	     12095	001000d4	00454383	lbu	x7,4(x10)	 x10:0x00101a10  x7=0x00000000 PA:0x00101a14 store:0x00000000
          24202	     12097	001000d8	02038c63	beq	x7,x0,100110	  x7:0x00000000  x0:0x00000000
          24206	     12099	00100110	00000513	addi	x10,x0,0	  x0:0x00000000 x10=0x00000000
          24210	     12101	00100114	00008067	jalr	x0,0(x1)	  x1:0x001013b0  x0=0x00000000
          24212	     12102	001013b0	000d8513	addi	x10,x27,0	 x27:0x0000000e x10=0x0000000e
          24216	     12104	001013b4	d6dfe0ef	jal	x1,100120	  x1=0x001013b8
          24218	     12105	00100120	01c55793	srli	x15,x10,0x1c	 x10:0x0000000e x15=0x00000000
          24220	     12106	00100124	00900713	addi	x14,x0,9	  x0:0x00000000 x14=0x00000009
          24224	     12108	00100128	0cf77a63	bgeu	x14,x15,1001fc	 x14:0x00000009 x15:0x00000000
          24228	     12110	001001fc	03078393	addi	x7,x15,48	 x15:0x00000000  x7=0x00000030
          24230	     12111	00100200	000205b7	lui	x11,0x20	 x11=0x00020000
          24232	     12112	00100204	00451613	slli	x12,x10,0x4	 x10:0x0000000e x12=0x000000e0
          24236	     12114	00100208	0075a023	sw	x7,0(x11)	 x11:0x00020000  x7:0x00000030 PA:0x00020000 store:0x00000030 load:0x00000000
          24238	     12115	0010020c	01c65693	srli	x13,x12,0x1c	 x12:0x000000e0 x13=0x00000000
          24240	     12116	00100210	00900813	addi	x16,x0,9	  x0:0x00000000 x16=0x00000009
          24242	     12117	00100214	f2d86ae3	bltu	x16,x13,100148	 x16:0x00000009 x13:0x00000000
          24244	     12118	00100218	03068e93	addi	x29,x13,48	 x13:0x00000000 x29=0x00000030
          24246	     12119	0010021c	00020f37	lui	x30,0x20	 x30=0x00020000
          24248	     12120	00100220	00851f93	slli	x31,x10,0x8	 x10:0x0000000e x31=0x00000e00
          24252	     12122	00100224	01df2023	sw	x29,0(x30)	 x30:0x00020000 x29:0x00000030 PA:0x00020000 store:0x00000030 load:0x00000000
          24254	     12123	00100228	01cfd793	srli	x15,x31,0x1c	 x31:0x00000e00 x15=0x00000000
          24256	     12124	0010022c	00900713	addi	x14,x0,9	  x0:0x00000000 x14=0x00000009
          24258	     12125	00100230	f2f76ae3	bltu	x14,x15,100164	 x14:0x00000009 x15:0x00000000
          24260	     12126	00100234	03078393	addi	x7,x15,48	 x15:0x00000000  x7=0x00000030
          24262	     12127	00100238	000205b7	lui	x11,0x20	 x11=0x00020000
          24264	     12128	0010023c	00c51613	slli	x12,x10,0xc	 x10:0x0000000e x12=0x0000e000
          24268	     12130	00100240	0075a023	sw	x7,0(x11)	 x11:0x00020000  x7:0x00000030 PA:0x00020000 store:0x00000030 load:0x00000000
          24270	     12131	00100244	01c65693	srli	x13,x12,0x1c	 x12:0x0000e000 x13=0x00000000
          24272	     12132	00100248	00900813	addi	x16,x0,9	  x0:0x00000000 x16=0x00000009
          24274	     12133	0010024c	f2d86ae3	bltu	x16,x13,100180	 x16:0x00000009 x13:0x00000000
          24276	     12134	00100250	03068e93	addi	x29,x13,48	 x13:0x00000000 x29=0x00000030
          24278	     12135	00100254	00020f37	lui	x30,0x20	 x30=0x00020000
          24280	     12136	00100258	01051f93	slli	x31,x10,0x10	 x10:0x0000000e x31=0x000e0000
          24284	     12138	0010025c	01df2023	sw	x29,0(x30)	 x30:0x00020000 x29:0x00000030 PA:0x00020000 store:0x00000030 load:0x00000000
          24286	     12139	00100260	01cfd793	srli	x15,x31,0x1c	 x31:0x000e0000 x15=0x00000000
          24288	     12140	00100264	00900713	addi	x14,x0,9	  x0:0x00000000 x14=0x00000009
          24290	     12141	00100268	f2f76ae3	bltu	x14,x15,10019c	 x14:0x00000009 x15:0x00000000
          24292	     12142	0010026c	03078393	addi	x7,x15,48	 x15:0x00000000  x7=0x00000030
          24294	     12143	00100270	000205b7	lui	x11,0x20	 x11=0x00020000
          24296	     12144	00100274	01451613	slli	x12,x10,0x14	 x10:0x0000000e x12=0x00e00000
          24300	     12146	00100278	0075a023	sw	x7,0(x11)	 x11:0x00020000  x7:0x00000030 PA:0x00020000 store:0x00000030 load:0x00000000
          24302	     12147	0010027c	01c65693	srli	x13,x12,0x1c	 x12:0x00e00000 x13=0x00000000
          24304	     12148	00100280	00900813	addi	x16,x0,9	  x0:0x00000000 x16=0x00000009
          24306	     12149	00100284	f2d86ae3	bltu	x16,x13,1001b8	 x16:0x00000009 x13:0x00000000
          24308	     12150	00100288	03068e93	addi	x29,x13,48	 x13:0x00000000 x29=0x00000030
          24310	     12151	0010028c	00020f37	lui	x30,0x20	 x30=0x00020000
          24312	     12152	00100290	01851f93	slli	x31,x10,0x18	 x10:0x0000000e x31=0x0e000000
          24316	     12154	00100294	01df2023	sw	x29,0(x30)	 x30:0x00020000 x29:0x00000030 PA:0x00020000 store:0x00000030 load:0x00000000
          24318	     12155	00100298	01cfd793	srli	x15,x31,0x1c	 x31:0x0e000000 x15=0x00000000
          24320	     12156	0010029c	00900713	addi	x14,x0,9	  x0:0x00000000 x14=0x00000009
          24322	     12157	001002a0	f2f76ae3	bltu	x14,x15,1001d4	 x14:0x00000009 x15:0x00000000
          24324	     12158	001002a4	03078393	addi	x7,x15,48	 x15:0x00000000  x7=0x00000030
          24326	     12159	001002a8	000205b7	lui	x11,0x20	 x11=0x00020000
          24330	     12161	001002ac	0075a023	sw	x7,0(x11)	 x11:0x00020000  x7:0x00000030 PA:0x00020000 store:0x00000030 load:0x00000000
          24332	     12162	001002b0	00f57513	andi	x10,x10,15	 x10:0x0000000e x10=0x0000000e
          24334	     12163	001002b4	00900613	addi	x12,x0,9	  x0:0x00000000 x12=0x00000009
          24336	     12164	001002b8	f2a67ae3	bgeu	x12,x10,1001ec	 x12:0x00000009 x10:0x0000000e
          24338	     12165	001002bc	03750693	addi	x13,x10,55	 x10:0x0000000e x13=0x00000045
          24340	     12166	001002c0	00020837	lui	x16,0x20	 x16=0x00020000
          24344	     12168	001002c4	00d82023	sw	x13,0(x16)	 x16:0x00020000 x13:0x00000045 PA:0x00020000 store:0x00000045 load:0x00000000
          24348	     12170	001002c8	00008067	jalr	x0,0(x1)	  x1:0x001013b8  x0=0x00000000
          24350	     12171	001013b8	a18b0513	addi	x10,x22,-1512	 x22:0x00102000 x10=0x00101a18
          24354	     12173	001013bc	ce5fe0ef	jal	x1,1000a0	  x1=0x001013c0
          24358	     12175	001000a0	00054803	lbu	x16,0(x10)	 x10:0x00101a18 x16=0x00000020 PA:0x00101a18 store:0x00000000
          24360	     12176	001000a4	06080663	beq	x16,x0,100110	 x16:0x00000020  x0:0x00000000
          24362	     12177	001000a8	000207b7	lui	x15,0x20	 x15=0x00020000
          24366	     12179	001000ac	0107a023	sw	x16,0(x15)	 x15:0x00020000 x16:0x00000020 PA:0x00020000 store:0x00000020 load:0x00000000
          24370	     12181	001000b0	00154703	lbu	x14,1(x10)	 x10:0x00101a18 x14=0x00000072 PA:0x00101a19 store:0x001013c0
          24372	     12182	001000b4	04070e63	beq	x14,x0,100110	 x14:0x00000072  x0:0x00000000
          24376	     12184	001000b8	00e7a023	sw	x14,0(x15)	 x15:0x00020000 x14:0x00000072 PA:0x00020000 store:0x00000072 load:0x00000000
          24380	     12186	001000bc	00254283	lbu	x5,2(x10)	 x10:0x00101a18  x5=0x00000065 PA:0x00101a1a store:0x00137fa0
          24382	     12187	001000c0	04028863	beq	x5,x0,100110	  x5:0x00000065  x0:0x00000000
          24386	     12189	001000c4	0057a023	sw	x5,0(x15)	 x15:0x00020000  x5:0x00000065 PA:0x00020000 store:0x00000065 load:0x00000000
          24390	     12191	001000c8	00354303	lbu	x6,3(x10)	 x10:0x00101a18  x6=0x00000073 PA:0x00101a1b store:0x00000000
          24392	     12192	001000cc	04030263	beq	x6,x0,100110	  x6:0x00000073  x0:0x00000000
          24396	     12194	001000d0	0067a023	sw	x6,0(x15)	 x15:0x00020000  x6:0x00000073 PA:0x00020000 store:0x00000073 load:0x00000000
          24400	     12196	001000d4	00454383	lbu	x7,4(x10)	 x10:0x00101a18  x7=0x00000075 PA:0x00101a1c store:0x00000000
          24402	     12197	001000d8	02038c63	beq	x7,x0,100110	  x7:0x00000075  x0:0x00000000
          24406	     12199	001000dc	0077a023	sw	x7,0(x15)	 x15:0x00020000  x7:0x00000075 PA:0x00020000 store:0x00000075 load:0x00000000
          24410	     12201	001000e0	00554583	lbu	x11,5(x10)	 x10:0x00101a18 x11=0x0000006c PA:0x00101a1d store:0x00000065
          24412	     12202	001000e4	02058663	beq	x11,x0,100110	 x11:0x0000006c  x0:0x00000000
          24416	     12204	001000e8	00b7a023	sw	x11,0(x15)	 x15:0x00020000 x11:0x0000006c PA:0x00020000 store:0x0000006c load:0x00000000
          24420	     12206	001000ec	00654603	lbu	x12,6(x10)	 x10:0x00101a18 x12=0x00000074 PA:0x00101a1e store:0x00000073
          24422	     12207	001000f0	02060063	beq	x12,x0,100110	 x12:0x00000074  x0:0x00000000
          24426	     12209	001000f4	00c7a023	sw	x12,0(x15)	 x15:0x00020000 x12:0x00000074 PA:0x00020000 store:0x00000074 load:0x00000000
          24430	     12211	001000f8	00754683	lbu	x13,7(x10)	 x10:0x00101a18 x13=0x0000003a PA:0x00101a1f store:0x00000075
          24432	     12212	001000fc	00850513	addi	x10,x10,8	 x10:0x00101a18 x10=0x00101a20
          24434	     12213	00100100	00068863	beq	x13,x0,100110	 x13:0x0000003a  x0:0x00000000
          24438	     12215	00100104	00d7a023	sw	x13,0(x15)	 x15:0x00020000 x13:0x0000003a PA:0x00020000 store:0x0000003a load:0x00000000
          24442	     12217	00100108	00054803	lbu	x16,0(x10)	 x10:0x00101a20 x16=0x00000020 PA:0x00101a20 store:0x00000000
          24446	     12219	0010010c	fa0810e3	bne	x16,x0,1000ac	 x16:0x00000020  x0:0x00000000
          24452	     12222	001000ac	0107a023	sw	x16,0(x15)	 x15:0x00020000 x16:0x00000020 PA:0x00020000 store:0x00000020 load:0x00000000
          24456	     12224	001000b0	00154703	lbu	x14,1(x10)	 x10:0x00101a20 x14=0x00000000 PA:0x00101a21 store:0x001013c0
          24460	     12226	001000b4	04070e63	beq	x14,x0,100110	 x14:0x00000000  x0:0x00000000
          24464	     12228	00100110	00000513	addi	x10,x0,0	  x0:0x00000000 x10=0x00000000
          24468	     12230	00100114	00008067	jalr	x0,0(x1)	  x1:0x001013c0  x0=0x00000000
          24472	     12232	001013c0	cf8a2503	lw	x10,-776(x20)	 x20:0x00102000 x10=0x3f80062a PA:0x00101cf8 store:0x0000000c
          24474	     12233	001013c4	003c0d93	addi	x27,x24,3	 x24:0x0000000c x27=0x0000000f
          24476	     12234	001013c8	004c0c13	addi	x24,x24,4	 x24:0x0000000c x24=0x00000010
          24480	     12236	001013cc	d55fe0ef	jal	x1,100120	  x1=0x001013d0
          24482	     12237	00100120	01c55793	srli	x15,x10,0x1c	 x10:0x3f80062a x15=0x00000003
          24484	     12238	00100124	00900713	addi	x14,x0,9	  x0:0x00000000 x14=0x00000009
          24488	     12240	00100128	0cf77a63	bgeu	x14,x15,1001fc	 x14:0x00000009 x15:0x00000003
          24492	     12242	001001fc	03078393	addi	x7,x15,48	 x15:0x00000003  x7=0x00000033
          24494	     12243	00100200	000205b7	lui	x11,0x20	 x11=0x00020000
          24496	     12244	00100204	00451613	slli	x12,x10,0x4	 x10:0x3f80062a x12=0xf80062a0
          24500	     12246	00100208	0075a023	sw	x7,0(x11)	 x11:0x00020000  x7:0x00000033 PA:0x00020000 store:0x00000033 load:0x00000000
          24502	     12247	0010020c	01c65693	srli	x13,x12,0x1c	 x12:0xf80062a0 x13=0x0000000f
          24504	     12248	00100210	00900813	addi	x16,x0,9	  x0:0x00000000 x16=0x00000009
          24508	     12250	00100214	f2d86ae3	bltu	x16,x13,100148	 x16:0x00000009 x13:0x0000000f
          24512	     12252	00100148	03768893	addi	x17,x13,55	 x13:0x0000000f x17=0x00000046
          24514	     12253	0010014c	00020e37	lui	x28,0x20	 x28=0x00020000
          24516	     12254	00100150	00851f93	slli	x31,x10,0x8	 x10:0x3f80062a x31=0x80062a00
          24520	     12256	00100154	011e2023	sw	x17,0(x28)	 x28:0x00020000 x17:0x00000046 PA:0x00020000 store:0x00000046 load:0x00000000
          24522	     12257	00100158	01cfd793	srli	x15,x31,0x1c	 x31:0x80062a00 x15=0x00000008
          24524	     12258	0010015c	00900713	addi	x14,x0,9	  x0:0x00000000 x14=0x00000009
          24528	     12260	00100160	0cf77a63	bgeu	x14,x15,100234	 x14:0x00000009 x15:0x00000008
          24532	     12262	00100234	03078393	addi	x7,x15,48	 x15:0x00000008  x7=0x00000038
          24534	     12263	00100238	000205b7	lui	x11,0x20	 x11=0x00020000
          24536	     12264	0010023c	00c51613	slli	x12,x10,0xc	 x10:0x3f80062a x12=0x0062a000
          24540	     12266	00100240	0075a023	sw	x7,0(x11)	 x11:0x00020000  x7:0x00000038 PA:0x00020000 store:0x00000038 load:0x00000000
          24542	     12267	00100244	01c65693	srli	x13,x12,0x1c	 x12:0x0062a000 x13=0x00000000
          24544	     12268	00100248	00900813	addi	x16,x0,9	  x0:0x00000000 x16=0x00000009
          24546	     12269	0010024c	f2d86ae3	bltu	x16,x13,100180	 x16:0x00000009 x13:0x00000000
          24548	     12270	00100250	03068e93	addi	x29,x13,48	 x13:0x00000000 x29=0x00000030
          24550	     12271	00100254	00020f37	lui	x30,0x20	 x30=0x00020000
          24552	     12272	00100258	01051f93	slli	x31,x10,0x10	 x10:0x3f80062a x31=0x062a0000
          24556	     12274	0010025c	01df2023	sw	x29,0(x30)	 x30:0x00020000 x29:0x00000030 PA:0x00020000 store:0x00000030 load:0x00000000
          24558	     12275	00100260	01cfd793	srli	x15,x31,0x1c	 x31:0x062a0000 x15=0x00000000
          24560	     12276	00100264	00900713	addi	x14,x0,9	  x0:0x00000000 x14=0x00000009
          24562	     12277	00100268	f2f76ae3	bltu	x14,x15,10019c	 x14:0x00000009 x15:0x00000000
          24564	     12278	0010026c	03078393	addi	x7,x15,48	 x15:0x00000000  x7=0x00000030
          24566	     12279	00100270	000205b7	lui	x11,0x20	 x11=0x00020000
          24568	     12280	00100274	01451613	slli	x12,x10,0x14	 x10:0x3f80062a x12=0x62a00000
          24572	     12282	00100278	0075a023	sw	x7,0(x11)	 x11:0x00020000  x7:0x00000030 PA:0x00020000 store:0x00000030 load:0x00000000
          24574	     12283	0010027c	01c65693	srli	x13,x12,0x1c	 x12:0x62a00000 x13=0x00000006
          24576	     12284	00100280	00900813	addi	x16,x0,9	  x0:0x00000000 x16=0x00000009
          24578	     12285	00100284	f2d86ae3	bltu	x16,x13,1001b8	 x16:0x00000009 x13:0x00000006
          24580	     12286	00100288	03068e93	addi	x29,x13,48	 x13:0x00000006 x29=0x00000036
          24582	     12287	0010028c	00020f37	lui	x30,0x20	 x30=0x00020000
          24584	     12288	00100290	01851f93	slli	x31,x10,0x18	 x10:0x3f80062a x31=0x2a000000
          24588	     12290	00100294	01df2023	sw	x29,0(x30)	 x30:0x00020000 x29:0x00000036 PA:0x00020000 store:0x00000036 load:0x00000000
          24590	     12291	00100298	01cfd793	srli	x15,x31,0x1c	 x31:0x2a000000 x15=0x00000002
          24592	     12292	0010029c	00900713	addi	x14,x0,9	  x0:0x00000000 x14=0x00000009
          24594	     12293	001002a0	f2f76ae3	bltu	x14,x15,1001d4	 x14:0x00000009 x15:0x00000002
          24596	     12294	001002a4	03078393	addi	x7,x15,48	 x15:0x00000002  x7=0x00000032
          24598	     12295	001002a8	000205b7	lui	x11,0x20	 x11=0x00020000
          24602	     12297	001002ac	0075a023	sw	x7,0(x11)	 x11:0x00020000  x7:0x00000032 PA:0x00020000 store:0x00000032 load:0x00000000
          24604	     12298	001002b0	00f57513	andi	x10,x10,15	 x10:0x3f80062a x10=0x0000000a
          24606	     12299	001002b4	00900613	addi	x12,x0,9	  x0:0x00000000 x12=0x00000009
          24608	     12300	001002b8	f2a67ae3	bgeu	x12,x10,1001ec	 x12:0x00000009 x10:0x0000000a
          24610	     12301	001002bc	03750693	addi	x13,x10,55	 x10:0x0000000a x13=0x00000041
          24612	     12302	001002c0	00020837	lui	x16,0x20	 x16=0x00020000
          24616	     12304	001002c4	00d82023	sw	x13,0(x16)	 x16:0x00020000 x13:0x00000041 PA:0x00020000 store:0x00000041 load:0x00000000
          24620	     12306	001002c8	00008067	jalr	x0,0(x1)	  x1:0x001013d0  x0=0x00000000
          24632	     12312	001013d0	a10a8513	addi	x10,x21,-1520	 x21:0x00102000 x10=0x00101a10
          24634	     12313	001013d4	d089a987	flw	f19,-760(x19)	 f19:0x00102000 f19=0x00000000 PA:0x00101d08 store:0x3f8018ab
          24654	     12323	001013d8	5809fa53	fsqrt.s	f20,f19	 f19:0x00102000 f20=0x00000000
          24660	     12326	001013dc	d149a427	fsw	f20,-760(x19)	 f19:0x00102000 f20:0x00102000 PA:0x00101d08 store:0x3f800315 load:0x3f80062a
          24666	     12329	001013e0	d089aa87	flw	f21,-760(x19)	 f19:0x00102000 f21=0x00000000 PA:0x00000000
          24672	     12332	001013e4	e00a82d3	fmv.x.w	x5,f21	 f21:0x00102000  x5=0x3f800315
          24674	     12333	001013e8	ce5a2c23	sw	x5,-776(x20)	 x20:0x00102000  x5:0x3f800315 PA:0x00101cf8 store:0x3f800315 load:0x3f800315
          24678	     12335	001013ec	cb5fe0ef	jal	x1,1000a0	  x1=0x001013f0
          24682	     12337	001000a0	00054803	lbu	x16,0(x10)	 x10:0x00101a10 x16=0x0000000a PA:0x00101a10 store:0x00000000
          24684	     12338	001000a4	06080663	beq	x16,x0,100110	 x16:0x0000000a  x0:0x00000000
          24686	     12339	001000a8	000207b7	lui	x15,0x20	 x15=0x00020000
          24690	     12341	001000ac	0107a023	sw	x16,0(x15)	 x15:0x00020000 x16:0x0000000a PA:0x00020000 store:0x0000000a load:0x00000000
          24694	     12343	001000b0	00154703	lbu	x14,1(x10)	 x10:0x00101a10 x14=0x00000020 PA:0x00101a11 store:0x001013f0
          24696	     12344	001000b4	04070e63	beq	x14,x0,100110	 x14:0x00000020  x0:0x00000000
          24700	     12346	001000b8	00e7a023	sw	x14,0(x15)	 x15:0x00020000 x14:0x00000020 PA:0x00020000 store:0x00000020 load:0x00000000
          24704	     12348	001000bc	00254283	lbu	x5,2(x10)	 x10:0x00101a10  x5=0x00000069 PA:0x00101a12 store:0x00137fa0
          24706	     12349	001000c0	04028863	beq	x5,x0,100110	  x5:0x00000069  x0:0x00000000
          24710	     12351	001000c4	0057a023	sw	x5,0(x15)	 x15:0x00020000  x5:0x00000069 PA:0x00020000 store:0x00000069 load:0x00000000
          24714	     12353	001000c8	00354303	lbu	x6,3(x10)	 x10:0x00101a10  x6=0x0000003d PA:0x00101a13 store:0x00000000
          24716	     12354	001000cc	04030263	beq	x6,x0,100110	  x6:0x0000003d  x0:0x00000000
          24720	     12356	001000d0	0067a023	sw	x6,0(x15)	 x15:0x00020000  x6:0x0000003d PA:0x00020000 store:0x0000003d load:0x00000000
          24724	     12358	001000d4	00454383	lbu	x7,4(x10)	 x10:0x00101a10  x7=0x00000000 PA:0x00101a14 store:0x00000000
          24728	     12360	001000d8	02038c63	beq	x7,x0,100110	  x7:0x00000000  x0:0x00000000
          24732	     12362	00100110	00000513	addi	x10,x0,0	  x0:0x00000000 x10=0x00000000
          24736	     12364	00100114	00008067	jalr	x0,0(x1)	  x1:0x001013f0  x0=0x00000000
          24738	     12365	001013f0	000d8513	addi	x10,x27,0	 x27:0x0000000f x10=0x0000000f
          24742	     12367	001013f4	d2dfe0ef	jal	x1,100120	  x1=0x001013f8
          24744	     12368	00100120	01c55793	srli	x15,x10,0x1c	 x10:0x0000000f x15=0x00000000
          24746	     12369	00100124	00900713	addi	x14,x0,9	  x0:0x00000000 x14=0x00000009
          24750	     12371	00100128	0cf77a63	bgeu	x14,x15,1001fc	 x14:0x00000009 x15:0x00000000
          24754	     12373	001001fc	03078393	addi	x7,x15,48	 x15:0x00000000  x7=0x00000030
          24756	     12374	00100200	000205b7	lui	x11,0x20	 x11=0x00020000
          24758	     12375	00100204	00451613	slli	x12,x10,0x4	 x10:0x0000000f x12=0x000000f0
          24762	     12377	00100208	0075a023	sw	x7,0(x11)	 x11:0x00020000  x7:0x00000030 PA:0x00020000 store:0x00000030 load:0x00000000
          24764	     12378	0010020c	01c65693	srli	x13,x12,0x1c	 x12:0x000000f0 x13=0x00000000
          24766	     12379	00100210	00900813	addi	x16,x0,9	  x0:0x00000000 x16=0x00000009
          24768	     12380	00100214	f2d86ae3	bltu	x16,x13,100148	 x16:0x00000009 x13:0x00000000
          24770	     12381	00100218	03068e93	addi	x29,x13,48	 x13:0x00000000 x29=0x00000030
          24772	     12382	0010021c	00020f37	lui	x30,0x20	 x30=0x00020000
          24774	     12383	00100220	00851f93	slli	x31,x10,0x8	 x10:0x0000000f x31=0x00000f00
          24778	     12385	00100224	01df2023	sw	x29,0(x30)	 x30:0x00020000 x29:0x00000030 PA:0x00020000 store:0x00000030 load:0x00000000
          24780	     12386	00100228	01cfd793	srli	x15,x31,0x1c	 x31:0x00000f00 x15=0x00000000
          24782	     12387	0010022c	00900713	addi	x14,x0,9	  x0:0x00000000 x14=0x00000009
          24784	     12388	00100230	f2f76ae3	bltu	x14,x15,100164	 x14:0x00000009 x15:0x00000000
          24786	     12389	00100234	03078393	addi	x7,x15,48	 x15:0x00000000  x7=0x00000030
          24788	     12390	00100238	000205b7	lui	x11,0x20	 x11=0x00020000
          24790	     12391	0010023c	00c51613	slli	x12,x10,0xc	 x10:0x0000000f x12=0x0000f000
          24794	     12393	00100240	0075a023	sw	x7,0(x11)	 x11:0x00020000  x7:0x00000030 PA:0x00020000 store:0x00000030 load:0x00000000
          24796	     12394	00100244	01c65693	srli	x13,x12,0x1c	 x12:0x0000f000 x13=0x00000000
          24798	     12395	00100248	00900813	addi	x16,x0,9	  x0:0x00000000 x16=0x00000009
          24800	     12396	0010024c	f2d86ae3	bltu	x16,x13,100180	 x16:0x00000009 x13:0x00000000
          24802	     12397	00100250	03068e93	addi	x29,x13,48	 x13:0x00000000 x29=0x00000030
          24804	     12398	00100254	00020f37	lui	x30,0x20	 x30=0x00020000
          24806	     12399	00100258	01051f93	slli	x31,x10,0x10	 x10:0x0000000f x31=0x000f0000
          24810	     12401	0010025c	01df2023	sw	x29,0(x30)	 x30:0x00020000 x29:0x00000030 PA:0x00020000 store:0x00000030 load:0x00000000
          24812	     12402	00100260	01cfd793	srli	x15,x31,0x1c	 x31:0x000f0000 x15=0x00000000
          24814	     12403	00100264	00900713	addi	x14,x0,9	  x0:0x00000000 x14=0x00000009
          24816	     12404	00100268	f2f76ae3	bltu	x14,x15,10019c	 x14:0x00000009 x15:0x00000000
          24818	     12405	0010026c	03078393	addi	x7,x15,48	 x15:0x00000000  x7=0x00000030
          24820	     12406	00100270	000205b7	lui	x11,0x20	 x11=0x00020000
          24822	     12407	00100274	01451613	slli	x12,x10,0x14	 x10:0x0000000f x12=0x00f00000
          24826	     12409	00100278	0075a023	sw	x7,0(x11)	 x11:0x00020000  x7:0x00000030 PA:0x00020000 store:0x00000030 load:0x00000000
          24828	     12410	0010027c	01c65693	srli	x13,x12,0x1c	 x12:0x00f00000 x13=0x00000000
          24830	     12411	00100280	00900813	addi	x16,x0,9	  x0:0x00000000 x16=0x00000009
          24832	     12412	00100284	f2d86ae3	bltu	x16,x13,1001b8	 x16:0x00000009 x13:0x00000000
          24834	     12413	00100288	03068e93	addi	x29,x13,48	 x13:0x00000000 x29=0x00000030
          24836	     12414	0010028c	00020f37	lui	x30,0x20	 x30=0x00020000
          24838	     12415	00100290	01851f93	slli	x31,x10,0x18	 x10:0x0000000f x31=0x0f000000
          24842	     12417	00100294	01df2023	sw	x29,0(x30)	 x30:0x00020000 x29:0x00000030 PA:0x00020000 store:0x00000030 load:0x00000000
          24844	     12418	00100298	01cfd793	srli	x15,x31,0x1c	 x31:0x0f000000 x15=0x00000000
          24846	     12419	0010029c	00900713	addi	x14,x0,9	  x0:0x00000000 x14=0x00000009
          24848	     12420	001002a0	f2f76ae3	bltu	x14,x15,1001d4	 x14:0x00000009 x15:0x00000000
          24850	     12421	001002a4	03078393	addi	x7,x15,48	 x15:0x00000000  x7=0x00000030
          24852	     12422	001002a8	000205b7	lui	x11,0x20	 x11=0x00020000
          24856	     12424	001002ac	0075a023	sw	x7,0(x11)	 x11:0x00020000  x7:0x00000030 PA:0x00020000 store:0x00000030 load:0x00000000
          24858	     12425	001002b0	00f57513	andi	x10,x10,15	 x10:0x0000000f x10=0x0000000f
          24860	     12426	001002b4	00900613	addi	x12,x0,9	  x0:0x00000000 x12=0x00000009
          24862	     12427	001002b8	f2a67ae3	bgeu	x12,x10,1001ec	 x12:0x00000009 x10:0x0000000f
          24864	     12428	001002bc	03750693	addi	x13,x10,55	 x10:0x0000000f x13=0x00000046
          24866	     12429	001002c0	00020837	lui	x16,0x20	 x16=0x00020000
          24870	     12431	001002c4	00d82023	sw	x13,0(x16)	 x16:0x00020000 x13:0x00000046 PA:0x00020000 store:0x00000046 load:0x00000000
          24874	     12433	001002c8	00008067	jalr	x0,0(x1)	  x1:0x001013f8  x0=0x00000000
          24876	     12434	001013f8	a18b0513	addi	x10,x22,-1512	 x22:0x00102000 x10=0x00101a18
          24880	     12436	001013fc	ca5fe0ef	jal	x1,1000a0	  x1=0x00101400
          24884	     12438	001000a0	00054803	lbu	x16,0(x10)	 x10:0x00101a18 x16=0x00000020 PA:0x00101a18 store:0x00000000
          24886	     12439	001000a4	06080663	beq	x16,x0,100110	 x16:0x00000020  x0:0x00000000
          24888	     12440	001000a8	000207b7	lui	x15,0x20	 x15=0x00020000
          24892	     12442	001000ac	0107a023	sw	x16,0(x15)	 x15:0x00020000 x16:0x00000020 PA:0x00020000 store:0x00000020 load:0x00000000
          24896	     12444	001000b0	00154703	lbu	x14,1(x10)	 x10:0x00101a18 x14=0x00000072 PA:0x00101a19 store:0x00101400
          24898	     12445	001000b4	04070e63	beq	x14,x0,100110	 x14:0x00000072  x0:0x00000000
          24902	     12447	001000b8	00e7a023	sw	x14,0(x15)	 x15:0x00020000 x14:0x00000072 PA:0x00020000 store:0x00000072 load:0x00000000
          24906	     12449	001000bc	00254283	lbu	x5,2(x10)	 x10:0x00101a18  x5=0x00000065 PA:0x00101a1a store:0x00137fa0
          24908	     12450	001000c0	04028863	beq	x5,x0,100110	  x5:0x00000065  x0:0x00000000
          24912	     12452	001000c4	0057a023	sw	x5,0(x15)	 x15:0x00020000  x5:0x00000065 PA:0x00020000 store:0x00000065 load:0x00000000
          24916	     12454	001000c8	00354303	lbu	x6,3(x10)	 x10:0x00101a18  x6=0x00000073 PA:0x00101a1b store:0x00000000
          24918	     12455	001000cc	04030263	beq	x6,x0,100110	  x6:0x00000073  x0:0x00000000
          24922	     12457	001000d0	0067a023	sw	x6,0(x15)	 x15:0x00020000  x6:0x00000073 PA:0x00020000 store:0x00000073 load:0x00000000
          24926	     12459	001000d4	00454383	lbu	x7,4(x10)	 x10:0x00101a18  x7=0x00000075 PA:0x00101a1c store:0x00000000
          24928	     12460	001000d8	02038c63	beq	x7,x0,100110	  x7:0x00000075  x0:0x00000000
          24932	     12462	001000dc	0077a023	sw	x7,0(x15)	 x15:0x00020000  x7:0x00000075 PA:0x00020000 store:0x00000075 load:0x00000000
          24936	     12464	001000e0	00554583	lbu	x11,5(x10)	 x10:0x00101a18 x11=0x0000006c PA:0x00101a1d store:0x00000065
          24938	     12465	001000e4	02058663	beq	x11,x0,100110	 x11:0x0000006c  x0:0x00000000
          24942	     12467	001000e8	00b7a023	sw	x11,0(x15)	 x15:0x00020000 x11:0x0000006c PA:0x00020000 store:0x0000006c load:0x00000000
          24946	     12469	001000ec	00654603	lbu	x12,6(x10)	 x10:0x00101a18 x12=0x00000074 PA:0x00101a1e store:0x00000073
          24948	     12470	001000f0	02060063	beq	x12,x0,100110	 x12:0x00000074  x0:0x00000000
          24952	     12472	001000f4	00c7a023	sw	x12,0(x15)	 x15:0x00020000 x12:0x00000074 PA:0x00020000 store:0x00000074 load:0x00000000
          24956	     12474	001000f8	00754683	lbu	x13,7(x10)	 x10:0x00101a18 x13=0x0000003a PA:0x00101a1f store:0x00000075
          24958	     12475	001000fc	00850513	addi	x10,x10,8	 x10:0x00101a18 x10=0x00101a20
          24960	     12476	00100100	00068863	beq	x13,x0,100110	 x13:0x0000003a  x0:0x00000000
          24964	     12478	00100104	00d7a023	sw	x13,0(x15)	 x15:0x00020000 x13:0x0000003a PA:0x00020000 store:0x0000003a load:0x00000000
          24968	     12480	00100108	00054803	lbu	x16,0(x10)	 x10:0x00101a20 x16=0x00000020 PA:0x00101a20 store:0x00000000
          24972	     12482	0010010c	fa0810e3	bne	x16,x0,1000ac	 x16:0x00000020  x0:0x00000000
          24978	     12485	001000ac	0107a023	sw	x16,0(x15)	 x15:0x00020000 x16:0x00000020 PA:0x00020000 store:0x00000020 load:0x00000000
          24982	     12487	001000b0	00154703	lbu	x14,1(x10)	 x10:0x00101a20 x14=0x00000000 PA:0x00101a21 store:0x00101400
          24986	     12489	001000b4	04070e63	beq	x14,x0,100110	 x14:0x00000000  x0:0x00000000
          24990	     12491	00100110	00000513	addi	x10,x0,0	  x0:0x00000000 x10=0x00000000
          24994	     12493	00100114	00008067	jalr	x0,0(x1)	  x1:0x00101400  x0=0x00000000
          24998	     12495	00101400	cf8a2503	lw	x10,-776(x20)	 x20:0x00102000 x10=0x3f800315 PA:0x00101cf8 store:0x00000010
          25002	     12497	00101404	d1dfe0ef	jal	x1,100120	  x1=0x00101408
          25004	     12498	00100120	01c55793	srli	x15,x10,0x1c	 x10:0x3f800315 x15=0x00000003
          25006	     12499	00100124	00900713	addi	x14,x0,9	  x0:0x00000000 x14=0x00000009
          25010	     12501	00100128	0cf77a63	bgeu	x14,x15,1001fc	 x14:0x00000009 x15:0x00000003
          25014	     12503	001001fc	03078393	addi	x7,x15,48	 x15:0x00000003  x7=0x00000033
          25016	     12504	00100200	000205b7	lui	x11,0x20	 x11=0x00020000
          25018	     12505	00100204	00451613	slli	x12,x10,0x4	 x10:0x3f800315 x12=0xf8003150
          25022	     12507	00100208	0075a023	sw	x7,0(x11)	 x11:0x00020000  x7:0x00000033 PA:0x00020000 store:0x00000033 load:0x00000000
          25024	     12508	0010020c	01c65693	srli	x13,x12,0x1c	 x12:0xf8003150 x13=0x0000000f
          25026	     12509	00100210	00900813	addi	x16,x0,9	  x0:0x00000000 x16=0x00000009
          25030	     12511	00100214	f2d86ae3	bltu	x16,x13,100148	 x16:0x00000009 x13:0x0000000f
          25034	     12513	00100148	03768893	addi	x17,x13,55	 x13:0x0000000f x17=0x00000046
          25036	     12514	0010014c	00020e37	lui	x28,0x20	 x28=0x00020000
          25038	     12515	00100150	00851f93	slli	x31,x10,0x8	 x10:0x3f800315 x31=0x80031500
          25042	     12517	00100154	011e2023	sw	x17,0(x28)	 x28:0x00020000 x17:0x00000046 PA:0x00020000 store:0x00000046 load:0x00000000
          25044	     12518	00100158	01cfd793	srli	x15,x31,0x1c	 x31:0x80031500 x15=0x00000008
          25046	     12519	0010015c	00900713	addi	x14,x0,9	  x0:0x00000000 x14=0x00000009
          25050	     12521	00100160	0cf77a63	bgeu	x14,x15,100234	 x14:0x00000009 x15:0x00000008
          25054	     12523	00100234	03078393	addi	x7,x15,48	 x15:0x00000008  x7=0x00000038
          25056	     12524	00100238	000205b7	lui	x11,0x20	 x11=0x00020000
          25058	     12525	0010023c	00c51613	slli	x12,x10,0xc	 x10:0x3f800315 x12=0x00315000
          25062	     12527	00100240	0075a023	sw	x7,0(x11)	 x11:0x00020000  x7:0x00000038 PA:0x00020000 store:0x00000038 load:0x00000000
          25064	     12528	00100244	01c65693	srli	x13,x12,0x1c	 x12:0x00315000 x13=0x00000000
          25066	     12529	00100248	00900813	addi	x16,x0,9	  x0:0x00000000 x16=0x00000009
          25068	     12530	0010024c	f2d86ae3	bltu	x16,x13,100180	 x16:0x00000009 x13:0x00000000
          25070	     12531	00100250	03068e93	addi	x29,x13,48	 x13:0x00000000 x29=0x00000030
          25072	     12532	00100254	00020f37	lui	x30,0x20	 x30=0x00020000
          25074	     12533	00100258	01051f93	slli	x31,x10,0x10	 x10:0x3f800315 x31=0x03150000
          25078	     12535	0010025c	01df2023	sw	x29,0(x30)	 x30:0x00020000 x29:0x00000030 PA:0x00020000 store:0x00000030 load:0x00000000
          25080	     12536	00100260	01cfd793	srli	x15,x31,0x1c	 x31:0x03150000 x15=0x00000000
          25082	     12537	00100264	00900713	addi	x14,x0,9	  x0:0x00000000 x14=0x00000009
          25084	     12538	00100268	f2f76ae3	bltu	x14,x15,10019c	 x14:0x00000009 x15:0x00000000
          25086	     12539	0010026c	03078393	addi	x7,x15,48	 x15:0x00000000  x7=0x00000030
          25088	     12540	00100270	000205b7	lui	x11,0x20	 x11=0x00020000
          25090	     12541	00100274	01451613	slli	x12,x10,0x14	 x10:0x3f800315 x12=0x31500000
          25094	     12543	00100278	0075a023	sw	x7,0(x11)	 x11:0x00020000  x7:0x00000030 PA:0x00020000 store:0x00000030 load:0x00000000
          25096	     12544	0010027c	01c65693	srli	x13,x12,0x1c	 x12:0x31500000 x13=0x00000003
          25098	     12545	00100280	00900813	addi	x16,x0,9	  x0:0x00000000 x16=0x00000009
          25100	     12546	00100284	f2d86ae3	bltu	x16,x13,1001b8	 x16:0x00000009 x13:0x00000003
          25102	     12547	00100288	03068e93	addi	x29,x13,48	 x13:0x00000003 x29=0x00000033
          25104	     12548	0010028c	00020f37	lui	x30,0x20	 x30=0x00020000
          25106	     12549	00100290	01851f93	slli	x31,x10,0x18	 x10:0x3f800315 x31=0x15000000
          25110	     12551	00100294	01df2023	sw	x29,0(x30)	 x30:0x00020000 x29:0x00000033 PA:0x00020000 store:0x00000033 load:0x00000000
          25112	     12552	00100298	01cfd793	srli	x15,x31,0x1c	 x31:0x15000000 x15=0x00000001
          25114	     12553	0010029c	00900713	addi	x14,x0,9	  x0:0x00000000 x14=0x00000009
          25116	     12554	001002a0	f2f76ae3	bltu	x14,x15,1001d4	 x14:0x00000009 x15:0x00000001
          25118	     12555	001002a4	03078393	addi	x7,x15,48	 x15:0x00000001  x7=0x00000031
          25120	     12556	001002a8	000205b7	lui	x11,0x20	 x11=0x00020000
          25124	     12558	001002ac	0075a023	sw	x7,0(x11)	 x11:0x00020000  x7:0x00000031 PA:0x00020000 store:0x00000031 load:0x00000000
          25126	     12559	001002b0	00f57513	andi	x10,x10,15	 x10:0x3f800315 x10=0x00000005
          25128	     12560	001002b4	00900613	addi	x12,x0,9	  x0:0x00000000 x12=0x00000009
          25132	     12562	001002b8	f2a67ae3	bgeu	x12,x10,1001ec	 x12:0x00000009 x10:0x00000005
          25136	     12564	001001ec	03050893	addi	x17,x10,48	 x10:0x00000005 x17=0x00000035
          25138	     12565	001001f0	00020e37	lui	x28,0x20	 x28=0x00020000
          25142	     12567	001001f4	011e2023	sw	x17,0(x28)	 x28:0x00020000 x17:0x00000035 PA:0x00020000 store:0x00000035 load:0x00000000
          25146	     12569	001001f8	00008067	jalr	x0,0(x1)	  x1:0x00101408  x0=0x00000000
          25150	     12571	00101408	f1ac18e3	bne	x24,x26,101318	 x24:0x00000010 x26:0x00000014
          25162	     12577	00101318	d089a607	flw	f12,-760(x19)	 f19:0x00102000 f12=0x00000000 PA:0x00101d08 store:0x3f8018ab
          25184	     12588	0010131c	580676d3	fsqrt.s	f13,f12	 f12:0x00000009 f13=0x00000000
          25190	     12591	00101320	d0d9a427	fsw	f13,-760(x19)	 f19:0x00102000 f13:0x00000003 PA:0x00101d08 store:0x3f80018a load:0x3f800315
          25196	     12594	00101324	d089a387	flw	f7,-760(x19)	 f19:0x00102000  f7=0x00000000 PA:0x00000000
          25204	     12598	00101328	a10a8513	addi	x10,x21,-1520	 x21:0x00102000 x10=0x00101a10
          25206	     12599	0010132c	e00386d3	fmv.x.w	x13,f7	  f7:0x00000031 x13=0x3f80018a
          25208	     12600	00101330	ceda2c23	sw	x13,-776(x20)	 x20:0x00102000 x13:0x3f80018a PA:0x00101cf8 store:0x3f80018a load:0x3f80018a
          25210	     12601	00101334	d6dfe0ef	jal	x1,1000a0	  x1=0x00101338
          25214	     12603	001000a0	00054803	lbu	x16,0(x10)	 x10:0x00101a10 x16=0x0000000a PA:0x00101a10 store:0x00000000
          25216	     12604	001000a4	06080663	beq	x16,x0,100110	 x16:0x0000000a  x0:0x00000000
          25218	     12605	001000a8	000207b7	lui	x15,0x20	 x15=0x00020000
          25222	     12607	001000ac	0107a023	sw	x16,0(x15)	 x15:0x00020000 x16:0x0000000a PA:0x00020000 store:0x0000000a load:0x00000000
          25226	     12609	001000b0	00154703	lbu	x14,1(x10)	 x10:0x00101a10 x14=0x00000020 PA:0x00101a11 store:0x00101338
          25228	     12610	001000b4	04070e63	beq	x14,x0,100110	 x14:0x00000020  x0:0x00000000
          25232	     12612	001000b8	00e7a023	sw	x14,0(x15)	 x15:0x00020000 x14:0x00000020 PA:0x00020000 store:0x00000020 load:0x00000000
          25236	     12614	001000bc	00254283	lbu	x5,2(x10)	 x10:0x00101a10  x5=0x00000069 PA:0x00101a12 store:0x00137fa0
          25238	     12615	001000c0	04028863	beq	x5,x0,100110	  x5:0x00000069  x0:0x00000000
          25242	     12617	001000c4	0057a023	sw	x5,0(x15)	 x15:0x00020000  x5:0x00000069 PA:0x00020000 store:0x00000069 load:0x00000000
          25246	     12619	001000c8	00354303	lbu	x6,3(x10)	 x10:0x00101a10  x6=0x0000003d PA:0x00101a13 store:0x00000000
          25248	     12620	001000cc	04030263	beq	x6,x0,100110	  x6:0x0000003d  x0:0x00000000
          25252	     12622	001000d0	0067a023	sw	x6,0(x15)	 x15:0x00020000  x6:0x0000003d PA:0x00020000 store:0x0000003d load:0x00000000
          25256	     12624	001000d4	00454383	lbu	x7,4(x10)	 x10:0x00101a10  x7=0x00000000 PA:0x00101a14 store:0x00000000
          25260	     12626	001000d8	02038c63	beq	x7,x0,100110	  x7:0x00000000  x0:0x00000000
          25264	     12628	00100110	00000513	addi	x10,x0,0	  x0:0x00000000 x10=0x00000000
          25268	     12630	00100114	00008067	jalr	x0,0(x1)	  x1:0x00101338  x0=0x00000000
          25270	     12631	00101338	000c0513	addi	x10,x24,0	 x24:0x00000010 x10=0x00000010
          25274	     12633	0010133c	de5fe0ef	jal	x1,100120	  x1=0x00101340
          25276	     12634	00100120	01c55793	srli	x15,x10,0x1c	 x10:0x00000010 x15=0x00000000
          25278	     12635	00100124	00900713	addi	x14,x0,9	  x0:0x00000000 x14=0x00000009
          25282	     12637	00100128	0cf77a63	bgeu	x14,x15,1001fc	 x14:0x00000009 x15:0x00000000
          25286	     12639	001001fc	03078393	addi	x7,x15,48	 x15:0x00000000  x7=0x00000030
          25288	     12640	00100200	000205b7	lui	x11,0x20	 x11=0x00020000
          25290	     12641	00100204	00451613	slli	x12,x10,0x4	 x10:0x00000010 x12=0x00000100
          25294	     12643	00100208	0075a023	sw	x7,0(x11)	 x11:0x00020000  x7:0x00000030 PA:0x00020000 store:0x00000030 load:0x00000000
          25296	     12644	0010020c	01c65693	srli	x13,x12,0x1c	 x12:0x00000100 x13=0x00000000
          25298	     12645	00100210	00900813	addi	x16,x0,9	  x0:0x00000000 x16=0x00000009
          25300	     12646	00100214	f2d86ae3	bltu	x16,x13,100148	 x16:0x00000009 x13:0x00000000
          25302	     12647	00100218	03068e93	addi	x29,x13,48	 x13:0x00000000 x29=0x00000030
          25304	     12648	0010021c	00020f37	lui	x30,0x20	 x30=0x00020000
          25306	     12649	00100220	00851f93	slli	x31,x10,0x8	 x10:0x00000010 x31=0x00001000
          25310	     12651	00100224	01df2023	sw	x29,0(x30)	 x30:0x00020000 x29:0x00000030 PA:0x00020000 store:0x00000030 load:0x00000000
          25312	     12652	00100228	01cfd793	srli	x15,x31,0x1c	 x31:0x00001000 x15=0x00000000
          25314	     12653	0010022c	00900713	addi	x14,x0,9	  x0:0x00000000 x14=0x00000009
          25316	     12654	00100230	f2f76ae3	bltu	x14,x15,100164	 x14:0x00000009 x15:0x00000000
          25318	     12655	00100234	03078393	addi	x7,x15,48	 x15:0x00000000  x7=0x00000030
          25320	     12656	00100238	000205b7	lui	x11,0x20	 x11=0x00020000
          25322	     12657	0010023c	00c51613	slli	x12,x10,0xc	 x10:0x00000010 x12=0x00010000
          25326	     12659	00100240	0075a023	sw	x7,0(x11)	 x11:0x00020000  x7:0x00000030 PA:0x00020000 store:0x00000030 load:0x00000000
          25328	     12660	00100244	01c65693	srli	x13,x12,0x1c	 x12:0x00010000 x13=0x00000000
          25330	     12661	00100248	00900813	addi	x16,x0,9	  x0:0x00000000 x16=0x00000009
          25332	     12662	0010024c	f2d86ae3	bltu	x16,x13,100180	 x16:0x00000009 x13:0x00000000
          25334	     12663	00100250	03068e93	addi	x29,x13,48	 x13:0x00000000 x29=0x00000030
          25336	     12664	00100254	00020f37	lui	x30,0x20	 x30=0x00020000
          25338	     12665	00100258	01051f93	slli	x31,x10,0x10	 x10:0x00000010 x31=0x00100000
          25342	     12667	0010025c	01df2023	sw	x29,0(x30)	 x30:0x00020000 x29:0x00000030 PA:0x00020000 store:0x00000030 load:0x00000000
          25344	     12668	00100260	01cfd793	srli	x15,x31,0x1c	 x31:0x00100000 x15=0x00000000
          25346	     12669	00100264	00900713	addi	x14,x0,9	  x0:0x00000000 x14=0x00000009
          25348	     12670	00100268	f2f76ae3	bltu	x14,x15,10019c	 x14:0x00000009 x15:0x00000000
          25350	     12671	0010026c	03078393	addi	x7,x15,48	 x15:0x00000000  x7=0x00000030
          25352	     12672	00100270	000205b7	lui	x11,0x20	 x11=0x00020000
          25354	     12673	00100274	01451613	slli	x12,x10,0x14	 x10:0x00000010 x12=0x01000000
          25358	     12675	00100278	0075a023	sw	x7,0(x11)	 x11:0x00020000  x7:0x00000030 PA:0x00020000 store:0x00000030 load:0x00000000
          25360	     12676	0010027c	01c65693	srli	x13,x12,0x1c	 x12:0x01000000 x13=0x00000000
          25362	     12677	00100280	00900813	addi	x16,x0,9	  x0:0x00000000 x16=0x00000009
          25364	     12678	00100284	f2d86ae3	bltu	x16,x13,1001b8	 x16:0x00000009 x13:0x00000000
          25366	     12679	00100288	03068e93	addi	x29,x13,48	 x13:0x00000000 x29=0x00000030
          25368	     12680	0010028c	00020f37	lui	x30,0x20	 x30=0x00020000
          25370	     12681	00100290	01851f93	slli	x31,x10,0x18	 x10:0x00000010 x31=0x10000000
          25374	     12683	00100294	01df2023	sw	x29,0(x30)	 x30:0x00020000 x29:0x00000030 PA:0x00020000 store:0x00000030 load:0x00000000
          25376	     12684	00100298	01cfd793	srli	x15,x31,0x1c	 x31:0x10000000 x15=0x00000001
          25378	     12685	0010029c	00900713	addi	x14,x0,9	  x0:0x00000000 x14=0x00000009
          25380	     12686	001002a0	f2f76ae3	bltu	x14,x15,1001d4	 x14:0x00000009 x15:0x00000001
          25382	     12687	001002a4	03078393	addi	x7,x15,48	 x15:0x00000001  x7=0x00000031
          25384	     12688	001002a8	000205b7	lui	x11,0x20	 x11=0x00020000
          25388	     12690	001002ac	0075a023	sw	x7,0(x11)	 x11:0x00020000  x7:0x00000031 PA:0x00020000 store:0x00000031 load:0x00000000
          25390	     12691	001002b0	00f57513	andi	x10,x10,15	 x10:0x00000010 x10=0x00000000
          25392	     12692	001002b4	00900613	addi	x12,x0,9	  x0:0x00000000 x12=0x00000009
          25396	     12694	001002b8	f2a67ae3	bgeu	x12,x10,1001ec	 x12:0x00000009 x10:0x00000000
          25400	     12696	001001ec	03050893	addi	x17,x10,48	 x10:0x00000000 x17=0x00000030
          25402	     12697	001001f0	00020e37	lui	x28,0x20	 x28=0x00020000
          25406	     12699	001001f4	011e2023	sw	x17,0(x28)	 x28:0x00020000 x17:0x00000030 PA:0x00020000 store:0x00000030 load:0x00000000
          25410	     12701	001001f8	00008067	jalr	x0,0(x1)	  x1:0x00101340  x0=0x00000000
          25412	     12702	00101340	a18b0513	addi	x10,x22,-1512	 x22:0x00102000 x10=0x00101a18
          25416	     12704	00101344	d5dfe0ef	jal	x1,1000a0	  x1=0x00101348
          25420	     12706	001000a0	00054803	lbu	x16,0(x10)	 x10:0x00101a18 x16=0x00000020 PA:0x00101a18 store:0x00000000
          25422	     12707	001000a4	06080663	beq	x16,x0,100110	 x16:0x00000020  x0:0x00000000
          25424	     12708	001000a8	000207b7	lui	x15,0x20	 x15=0x00020000
          25428	     12710	001000ac	0107a023	sw	x16,0(x15)	 x15:0x00020000 x16:0x00000020 PA:0x00020000 store:0x00000020 load:0x00000000
          25432	     12712	001000b0	00154703	lbu	x14,1(x10)	 x10:0x00101a18 x14=0x00000072 PA:0x00101a19 store:0x00101348
          25434	     12713	001000b4	04070e63	beq	x14,x0,100110	 x14:0x00000072  x0:0x00000000
          25438	     12715	001000b8	00e7a023	sw	x14,0(x15)	 x15:0x00020000 x14:0x00000072 PA:0x00020000 store:0x00000072 load:0x00000000
          25442	     12717	001000bc	00254283	lbu	x5,2(x10)	 x10:0x00101a18  x5=0x00000065 PA:0x00101a1a store:0x00137fa0
          25444	     12718	001000c0	04028863	beq	x5,x0,100110	  x5:0x00000065  x0:0x00000000
          25448	     12720	001000c4	0057a023	sw	x5,0(x15)	 x15:0x00020000  x5:0x00000065 PA:0x00020000 store:0x00000065 load:0x00000000
          25452	     12722	001000c8	00354303	lbu	x6,3(x10)	 x10:0x00101a18  x6=0x00000073 PA:0x00101a1b store:0x00000000
          25454	     12723	001000cc	04030263	beq	x6,x0,100110	  x6:0x00000073  x0:0x00000000
          25458	     12725	001000d0	0067a023	sw	x6,0(x15)	 x15:0x00020000  x6:0x00000073 PA:0x00020000 store:0x00000073 load:0x00000000
          25462	     12727	001000d4	00454383	lbu	x7,4(x10)	 x10:0x00101a18  x7=0x00000075 PA:0x00101a1c store:0x00000000
          25464	     12728	001000d8	02038c63	beq	x7,x0,100110	  x7:0x00000075  x0:0x00000000
          25468	     12730	001000dc	0077a023	sw	x7,0(x15)	 x15:0x00020000  x7:0x00000075 PA:0x00020000 store:0x00000075 load:0x00000000
          25472	     12732	001000e0	00554583	lbu	x11,5(x10)	 x10:0x00101a18 x11=0x0000006c PA:0x00101a1d store:0x00000065
          25474	     12733	001000e4	02058663	beq	x11,x0,100110	 x11:0x0000006c  x0:0x00000000
          25478	     12735	001000e8	00b7a023	sw	x11,0(x15)	 x15:0x00020000 x11:0x0000006c PA:0x00020000 store:0x0000006c load:0x00000000
          25482	     12737	001000ec	00654603	lbu	x12,6(x10)	 x10:0x00101a18 x12=0x00000074 PA:0x00101a1e store:0x00000073
          25484	     12738	001000f0	02060063	beq	x12,x0,100110	 x12:0x00000074  x0:0x00000000
          25488	     12740	001000f4	00c7a023	sw	x12,0(x15)	 x15:0x00020000 x12:0x00000074 PA:0x00020000 store:0x00000074 load:0x00000000
          25492	     12742	001000f8	00754683	lbu	x13,7(x10)	 x10:0x00101a18 x13=0x0000003a PA:0x00101a1f store:0x00000075
          25494	     12743	001000fc	00850513	addi	x10,x10,8	 x10:0x00101a18 x10=0x00101a20
          25496	     12744	00100100	00068863	beq	x13,x0,100110	 x13:0x0000003a  x0:0x00000000
          25500	     12746	00100104	00d7a023	sw	x13,0(x15)	 x15:0x00020000 x13:0x0000003a PA:0x00020000 store:0x0000003a load:0x00000000
          25504	     12748	00100108	00054803	lbu	x16,0(x10)	 x10:0x00101a20 x16=0x00000020 PA:0x00101a20 store:0x00000000
          25508	     12750	0010010c	fa0810e3	bne	x16,x0,1000ac	 x16:0x00000020  x0:0x00000000
          25514	     12753	001000ac	0107a023	sw	x16,0(x15)	 x15:0x00020000 x16:0x00000020 PA:0x00020000 store:0x00000020 load:0x00000000
          25518	     12755	001000b0	00154703	lbu	x14,1(x10)	 x10:0x00101a20 x14=0x00000000 PA:0x00101a21 store:0x00101348
          25522	     12757	001000b4	04070e63	beq	x14,x0,100110	 x14:0x00000000  x0:0x00000000
          25526	     12759	00100110	00000513	addi	x10,x0,0	  x0:0x00000000 x10=0x00000000
          25530	     12761	00100114	00008067	jalr	x0,0(x1)	  x1:0x00101348  x0=0x00000000
          25534	     12763	00101348	cf8a2503	lw	x10,-776(x20)	 x20:0x00102000 x10=0x3f80018a PA:0x00101cf8 store:0x00000010
          25536	     12764	0010134c	001c0d93	addi	x27,x24,1	 x24:0x00000010 x27=0x00000011
          25540	     12766	00101350	dd1fe0ef	jal	x1,100120	  x1=0x00101354
          25542	     12767	00100120	01c55793	srli	x15,x10,0x1c	 x10:0x3f80018a x15=0x00000003
          25544	     12768	00100124	00900713	addi	x14,x0,9	  x0:0x00000000 x14=0x00000009
          25548	     12770	00100128	0cf77a63	bgeu	x14,x15,1001fc	 x14:0x00000009 x15:0x00000003
          25552	     12772	001001fc	03078393	addi	x7,x15,48	 x15:0x00000003  x7=0x00000033
          25554	     12773	00100200	000205b7	lui	x11,0x20	 x11=0x00020000
          25556	     12774	00100204	00451613	slli	x12,x10,0x4	 x10:0x3f80018a x12=0xf80018a0
          25560	     12776	00100208	0075a023	sw	x7,0(x11)	 x11:0x00020000  x7:0x00000033 PA:0x00020000 store:0x00000033 load:0x00000000
          25562	     12777	0010020c	01c65693	srli	x13,x12,0x1c	 x12:0xf80018a0 x13=0x0000000f
          25564	     12778	00100210	00900813	addi	x16,x0,9	  x0:0x00000000 x16=0x00000009
          25568	     12780	00100214	f2d86ae3	bltu	x16,x13,100148	 x16:0x00000009 x13:0x0000000f
          25572	     12782	00100148	03768893	addi	x17,x13,55	 x13:0x0000000f x17=0x00000046
          25574	     12783	0010014c	00020e37	lui	x28,0x20	 x28=0x00020000
          25576	     12784	00100150	00851f93	slli	x31,x10,0x8	 x10:0x3f80018a x31=0x80018a00
          25580	     12786	00100154	011e2023	sw	x17,0(x28)	 x28:0x00020000 x17:0x00000046 PA:0x00020000 store:0x00000046 load:0x00000000
          25582	     12787	00100158	01cfd793	srli	x15,x31,0x1c	 x31:0x80018a00 x15=0x00000008
          25584	     12788	0010015c	00900713	addi	x14,x0,9	  x0:0x00000000 x14=0x00000009
          25588	     12790	00100160	0cf77a63	bgeu	x14,x15,100234	 x14:0x00000009 x15:0x00000008
          25592	     12792	00100234	03078393	addi	x7,x15,48	 x15:0x00000008  x7=0x00000038
          25594	     12793	00100238	000205b7	lui	x11,0x20	 x11=0x00020000
          25596	     12794	0010023c	00c51613	slli	x12,x10,0xc	 x10:0x3f80018a x12=0x0018a000
          25600	     12796	00100240	0075a023	sw	x7,0(x11)	 x11:0x00020000  x7:0x00000038 PA:0x00020000 store:0x00000038 load:0x00000000
          25602	     12797	00100244	01c65693	srli	x13,x12,0x1c	 x12:0x0018a000 x13=0x00000000
          25604	     12798	00100248	00900813	addi	x16,x0,9	  x0:0x00000000 x16=0x00000009
          25606	     12799	0010024c	f2d86ae3	bltu	x16,x13,100180	 x16:0x00000009 x13:0x00000000
          25608	     12800	00100250	03068e93	addi	x29,x13,48	 x13:0x00000000 x29=0x00000030
          25610	     12801	00100254	00020f37	lui	x30,0x20	 x30=0x00020000
          25612	     12802	00100258	01051f93	slli	x31,x10,0x10	 x10:0x3f80018a x31=0x018a0000
          25616	     12804	0010025c	01df2023	sw	x29,0(x30)	 x30:0x00020000 x29:0x00000030 PA:0x00020000 store:0x00000030 load:0x00000000
          25618	     12805	00100260	01cfd793	srli	x15,x31,0x1c	 x31:0x018a0000 x15=0x00000000
          25620	     12806	00100264	00900713	addi	x14,x0,9	  x0:0x00000000 x14=0x00000009
          25622	     12807	00100268	f2f76ae3	bltu	x14,x15,10019c	 x14:0x00000009 x15:0x00000000
          25624	     12808	0010026c	03078393	addi	x7,x15,48	 x15:0x00000000  x7=0x00000030
          25626	     12809	00100270	000205b7	lui	x11,0x20	 x11=0x00020000
          25628	     12810	00100274	01451613	slli	x12,x10,0x14	 x10:0x3f80018a x12=0x18a00000
          25632	     12812	00100278	0075a023	sw	x7,0(x11)	 x11:0x00020000  x7:0x00000030 PA:0x00020000 store:0x00000030 load:0x00000000
          25634	     12813	0010027c	01c65693	srli	x13,x12,0x1c	 x12:0x18a00000 x13=0x00000001
          25636	     12814	00100280	00900813	addi	x16,x0,9	  x0:0x00000000 x16=0x00000009
          25638	     12815	00100284	f2d86ae3	bltu	x16,x13,1001b8	 x16:0x00000009 x13:0x00000001
          25640	     12816	00100288	03068e93	addi	x29,x13,48	 x13:0x00000001 x29=0x00000031
          25642	     12817	0010028c	00020f37	lui	x30,0x20	 x30=0x00020000
          25644	     12818	00100290	01851f93	slli	x31,x10,0x18	 x10:0x3f80018a x31=0x8a000000
          25648	     12820	00100294	01df2023	sw	x29,0(x30)	 x30:0x00020000 x29:0x00000031 PA:0x00020000 store:0x00000031 load:0x00000000
          25650	     12821	00100298	01cfd793	srli	x15,x31,0x1c	 x31:0x8a000000 x15=0x00000008
          25652	     12822	0010029c	00900713	addi	x14,x0,9	  x0:0x00000000 x14=0x00000009
          25654	     12823	001002a0	f2f76ae3	bltu	x14,x15,1001d4	 x14:0x00000009 x15:0x00000008
          25656	     12824	001002a4	03078393	addi	x7,x15,48	 x15:0x00000008  x7=0x00000038
          25658	     12825	001002a8	000205b7	lui	x11,0x20	 x11=0x00020000
          25662	     12827	001002ac	0075a023	sw	x7,0(x11)	 x11:0x00020000  x7:0x00000038 PA:0x00020000 store:0x00000038 load:0x00000000
          25664	     12828	001002b0	00f57513	andi	x10,x10,15	 x10:0x3f80018a x10=0x0000000a
          25666	     12829	001002b4	00900613	addi	x12,x0,9	  x0:0x00000000 x12=0x00000009
          25668	     12830	001002b8	f2a67ae3	bgeu	x12,x10,1001ec	 x12:0x00000009 x10:0x0000000a
          25670	     12831	001002bc	03750693	addi	x13,x10,55	 x10:0x0000000a x13=0x00000041
          25672	     12832	001002c0	00020837	lui	x16,0x20	 x16=0x00020000
          25676	     12834	001002c4	00d82023	sw	x13,0(x16)	 x16:0x00020000 x13:0x00000041 PA:0x00020000 store:0x00000041 load:0x00000000
          25690	     12841	001002c8	00008067	jalr	x0,0(x1)	  x1:0x00101354  x0=0x00000000
          25692	     12842	00101354	d089a407	flw	f8,-760(x19)	 f19:0x00102000  f8=0x00000000 PA:0x00101d08 store:0x3f8018ab
          25712	     12852	00101358	580474d3	fsqrt.s	f9,f8	  f8:0x00102000  f9=0x00000000
          25718	     12855	0010135c	d099a427	fsw	f9,-760(x19)	 f19:0x00102000  f9:0x00102000 PA:0x00101d08 store:0x3f8000c5 load:0x3f80018a
          25724	     12858	00101360	d089a507	flw	f10,-760(x19)	 f19:0x00102000 f10=0x00000000 PA:0x00000000
          25732	     12862	00101364	a10a8513	addi	x10,x21,-1520	 x21:0x00102000 x10=0x00101a10
          25734	     12863	00101368	e0050753	fmv.x.w	x14,f10	 f10:0x00101a10 x14=0x3f8000c5
          25736	     12864	0010136c	ceea2c23	sw	x14,-776(x20)	 x20:0x00102000 x14:0x3f8000c5 PA:0x00101cf8 store:0x3f8000c5 load:0x3f8000c5
          25738	     12865	00101370	d31fe0ef	jal	x1,1000a0	  x1=0x00101374
          25742	     12867	001000a0	00054803	lbu	x16,0(x10)	 x10:0x00101a10 x16=0x0000000a PA:0x00101a10 store:0x00000000
          25744	     12868	001000a4	06080663	beq	x16,x0,100110	 x16:0x0000000a  x0:0x00000000
          25746	     12869	001000a8	000207b7	lui	x15,0x20	 x15=0x00020000
          25750	     12871	001000ac	0107a023	sw	x16,0(x15)	 x15:0x00020000 x16:0x0000000a PA:0x00020000 store:0x0000000a load:0x00000000
          25754	     12873	001000b0	00154703	lbu	x14,1(x10)	 x10:0x00101a10 x14=0x00000020 PA:0x00101a11 store:0x00101374
          25756	     12874	001000b4	04070e63	beq	x14,x0,100110	 x14:0x00000020  x0:0x00000000
          25760	     12876	001000b8	00e7a023	sw	x14,0(x15)	 x15:0x00020000 x14:0x00000020 PA:0x00020000 store:0x00000020 load:0x00000000
          25764	     12878	001000bc	00254283	lbu	x5,2(x10)	 x10:0x00101a10  x5=0x00000069 PA:0x00101a12 store:0x00137fa0
          25766	     12879	001000c0	04028863	beq	x5,x0,100110	  x5:0x00000069  x0:0x00000000
          25770	     12881	001000c4	0057a023	sw	x5,0(x15)	 x15:0x00020000  x5:0x00000069 PA:0x00020000 store:0x00000069 load:0x00000000
          25774	     12883	001000c8	00354303	lbu	x6,3(x10)	 x10:0x00101a10  x6=0x0000003d PA:0x00101a13 store:0x00000000
          25776	     12884	001000cc	04030263	beq	x6,x0,100110	  x6:0x0000003d  x0:0x00000000
          25780	     12886	001000d0	0067a023	sw	x6,0(x15)	 x15:0x00020000  x6:0x0000003d PA:0x00020000 store:0x0000003d load:0x00000000
          25784	     12888	001000d4	00454383	lbu	x7,4(x10)	 x10:0x00101a10  x7=0x00000000 PA:0x00101a14 store:0x00000000
          25788	     12890	001000d8	02038c63	beq	x7,x0,100110	  x7:0x00000000  x0:0x00000000
          25792	     12892	00100110	00000513	addi	x10,x0,0	  x0:0x00000000 x10=0x00000000
          25796	     12894	00100114	00008067	jalr	x0,0(x1)	  x1:0x00101374  x0=0x00000000
          25798	     12895	00101374	000d8513	addi	x10,x27,0	 x27:0x00000011 x10=0x00000011
          25802	     12897	00101378	da9fe0ef	jal	x1,100120	  x1=0x0010137c
          25804	     12898	00100120	01c55793	srli	x15,x10,0x1c	 x10:0x00000011 x15=0x00000000
          25806	     12899	00100124	00900713	addi	x14,x0,9	  x0:0x00000000 x14=0x00000009
          25810	     12901	00100128	0cf77a63	bgeu	x14,x15,1001fc	 x14:0x00000009 x15:0x00000000
          25814	     12903	001001fc	03078393	addi	x7,x15,48	 x15:0x00000000  x7=0x00000030
          25816	     12904	00100200	000205b7	lui	x11,0x20	 x11=0x00020000
          25818	     12905	00100204	00451613	slli	x12,x10,0x4	 x10:0x00000011 x12=0x00000110
          25822	     12907	00100208	0075a023	sw	x7,0(x11)	 x11:0x00020000  x7:0x00000030 PA:0x00020000 store:0x00000030 load:0x00000000
          25824	     12908	0010020c	01c65693	srli	x13,x12,0x1c	 x12:0x00000110 x13=0x00000000
          25826	     12909	00100210	00900813	addi	x16,x0,9	  x0:0x00000000 x16=0x00000009
          25828	     12910	00100214	f2d86ae3	bltu	x16,x13,100148	 x16:0x00000009 x13:0x00000000
          25830	     12911	00100218	03068e93	addi	x29,x13,48	 x13:0x00000000 x29=0x00000030
          25832	     12912	0010021c	00020f37	lui	x30,0x20	 x30=0x00020000
          25834	     12913	00100220	00851f93	slli	x31,x10,0x8	 x10:0x00000011 x31=0x00001100
          25838	     12915	00100224	01df2023	sw	x29,0(x30)	 x30:0x00020000 x29:0x00000030 PA:0x00020000 store:0x00000030 load:0x00000000
          25840	     12916	00100228	01cfd793	srli	x15,x31,0x1c	 x31:0x00001100 x15=0x00000000
          25842	     12917	0010022c	00900713	addi	x14,x0,9	  x0:0x00000000 x14=0x00000009
          25844	     12918	00100230	f2f76ae3	bltu	x14,x15,100164	 x14:0x00000009 x15:0x00000000
          25846	     12919	00100234	03078393	addi	x7,x15,48	 x15:0x00000000  x7=0x00000030
          25848	     12920	00100238	000205b7	lui	x11,0x20	 x11=0x00020000
          25850	     12921	0010023c	00c51613	slli	x12,x10,0xc	 x10:0x00000011 x12=0x00011000
          25854	     12923	00100240	0075a023	sw	x7,0(x11)	 x11:0x00020000  x7:0x00000030 PA:0x00020000 store:0x00000030 load:0x00000000
          25856	     12924	00100244	01c65693	srli	x13,x12,0x1c	 x12:0x00011000 x13=0x00000000
          25858	     12925	00100248	00900813	addi	x16,x0,9	  x0:0x00000000 x16=0x00000009
          25860	     12926	0010024c	f2d86ae3	bltu	x16,x13,100180	 x16:0x00000009 x13:0x00000000
          25862	     12927	00100250	03068e93	addi	x29,x13,48	 x13:0x00000000 x29=0x00000030
          25864	     12928	00100254	00020f37	lui	x30,0x20	 x30=0x00020000
          25866	     12929	00100258	01051f93	slli	x31,x10,0x10	 x10:0x00000011 x31=0x00110000
          25870	     12931	0010025c	01df2023	sw	x29,0(x30)	 x30:0x00020000 x29:0x00000030 PA:0x00020000 store:0x00000030 load:0x00000000
          25872	     12932	00100260	01cfd793	srli	x15,x31,0x1c	 x31:0x00110000 x15=0x00000000
          25874	     12933	00100264	00900713	addi	x14,x0,9	  x0:0x00000000 x14=0x00000009
          25876	     12934	00100268	f2f76ae3	bltu	x14,x15,10019c	 x14:0x00000009 x15:0x00000000
          25878	     12935	0010026c	03078393	addi	x7,x15,48	 x15:0x00000000  x7=0x00000030
          25880	     12936	00100270	000205b7	lui	x11,0x20	 x11=0x00020000
          25882	     12937	00100274	01451613	slli	x12,x10,0x14	 x10:0x00000011 x12=0x01100000
          25886	     12939	00100278	0075a023	sw	x7,0(x11)	 x11:0x00020000  x7:0x00000030 PA:0x00020000 store:0x00000030 load:0x00000000
          25888	     12940	0010027c	01c65693	srli	x13,x12,0x1c	 x12:0x01100000 x13=0x00000000
          25890	     12941	00100280	00900813	addi	x16,x0,9	  x0:0x00000000 x16=0x00000009
          25892	     12942	00100284	f2d86ae3	bltu	x16,x13,1001b8	 x16:0x00000009 x13:0x00000000
          25894	     12943	00100288	03068e93	addi	x29,x13,48	 x13:0x00000000 x29=0x00000030
          25896	     12944	0010028c	00020f37	lui	x30,0x20	 x30=0x00020000
          25898	     12945	00100290	01851f93	slli	x31,x10,0x18	 x10:0x00000011 x31=0x11000000
          25902	     12947	00100294	01df2023	sw	x29,0(x30)	 x30:0x00020000 x29:0x00000030 PA:0x00020000 store:0x00000030 load:0x00000000
          25904	     12948	00100298	01cfd793	srli	x15,x31,0x1c	 x31:0x11000000 x15=0x00000001
          25906	     12949	0010029c	00900713	addi	x14,x0,9	  x0:0x00000000 x14=0x00000009
          25908	     12950	001002a0	f2f76ae3	bltu	x14,x15,1001d4	 x14:0x00000009 x15:0x00000001
          25910	     12951	001002a4	03078393	addi	x7,x15,48	 x15:0x00000001  x7=0x00000031
          25912	     12952	001002a8	000205b7	lui	x11,0x20	 x11=0x00020000
          25916	     12954	001002ac	0075a023	sw	x7,0(x11)	 x11:0x00020000  x7:0x00000031 PA:0x00020000 store:0x00000031 load:0x00000000
          25918	     12955	001002b0	00f57513	andi	x10,x10,15	 x10:0x00000011 x10=0x00000001
          25920	     12956	001002b4	00900613	addi	x12,x0,9	  x0:0x00000000 x12=0x00000009
          25924	     12958	001002b8	f2a67ae3	bgeu	x12,x10,1001ec	 x12:0x00000009 x10:0x00000001
          25928	     12960	001001ec	03050893	addi	x17,x10,48	 x10:0x00000001 x17=0x00000031
          25930	     12961	001001f0	00020e37	lui	x28,0x20	 x28=0x00020000
          25934	     12963	001001f4	011e2023	sw	x17,0(x28)	 x28:0x00020000 x17:0x00000031 PA:0x00020000 store:0x00000031 load:0x00000000
          25938	     12965	001001f8	00008067	jalr	x0,0(x1)	  x1:0x0010137c  x0=0x00000000
          25940	     12966	0010137c	a18b0513	addi	x10,x22,-1512	 x22:0x00102000 x10=0x00101a18
          25944	     12968	00101380	d21fe0ef	jal	x1,1000a0	  x1=0x00101384
          25948	     12970	001000a0	00054803	lbu	x16,0(x10)	 x10:0x00101a18 x16=0x00000020 PA:0x00101a18 store:0x00000000
          25950	     12971	001000a4	06080663	beq	x16,x0,100110	 x16:0x00000020  x0:0x00000000
          25952	     12972	001000a8	000207b7	lui	x15,0x20	 x15=0x00020000
          25956	     12974	001000ac	0107a023	sw	x16,0(x15)	 x15:0x00020000 x16:0x00000020 PA:0x00020000 store:0x00000020 load:0x00000000
          25960	     12976	001000b0	00154703	lbu	x14,1(x10)	 x10:0x00101a18 x14=0x00000072 PA:0x00101a19 store:0x00101384
          25962	     12977	001000b4	04070e63	beq	x14,x0,100110	 x14:0x00000072  x0:0x00000000
          25966	     12979	001000b8	00e7a023	sw	x14,0(x15)	 x15:0x00020000 x14:0x00000072 PA:0x00020000 store:0x00000072 load:0x00000000
          25970	     12981	001000bc	00254283	lbu	x5,2(x10)	 x10:0x00101a18  x5=0x00000065 PA:0x00101a1a store:0x00137fa0
          25972	     12982	001000c0	04028863	beq	x5,x0,100110	  x5:0x00000065  x0:0x00000000
          25976	     12984	001000c4	0057a023	sw	x5,0(x15)	 x15:0x00020000  x5:0x00000065 PA:0x00020000 store:0x00000065 load:0x00000000
          25980	     12986	001000c8	00354303	lbu	x6,3(x10)	 x10:0x00101a18  x6=0x00000073 PA:0x00101a1b store:0x00000000
          25982	     12987	001000cc	04030263	beq	x6,x0,100110	  x6:0x00000073  x0:0x00000000
          25986	     12989	001000d0	0067a023	sw	x6,0(x15)	 x15:0x00020000  x6:0x00000073 PA:0x00020000 store:0x00000073 load:0x00000000
          25990	     12991	001000d4	00454383	lbu	x7,4(x10)	 x10:0x00101a18  x7=0x00000075 PA:0x00101a1c store:0x00000000
          25992	     12992	001000d8	02038c63	beq	x7,x0,100110	  x7:0x00000075  x0:0x00000000
          25996	     12994	001000dc	0077a023	sw	x7,0(x15)	 x15:0x00020000  x7:0x00000075 PA:0x00020000 store:0x00000075 load:0x00000000
          26000	     12996	001000e0	00554583	lbu	x11,5(x10)	 x10:0x00101a18 x11=0x0000006c PA:0x00101a1d store:0x00000065
          26002	     12997	001000e4	02058663	beq	x11,x0,100110	 x11:0x0000006c  x0:0x00000000
          26006	     12999	001000e8	00b7a023	sw	x11,0(x15)	 x15:0x00020000 x11:0x0000006c PA:0x00020000 store:0x0000006c load:0x00000000
          26010	     13001	001000ec	00654603	lbu	x12,6(x10)	 x10:0x00101a18 x12=0x00000074 PA:0x00101a1e store:0x00000073
          26012	     13002	001000f0	02060063	beq	x12,x0,100110	 x12:0x00000074  x0:0x00000000
          26016	     13004	001000f4	00c7a023	sw	x12,0(x15)	 x15:0x00020000 x12:0x00000074 PA:0x00020000 store:0x00000074 load:0x00000000
          26020	     13006	001000f8	00754683	lbu	x13,7(x10)	 x10:0x00101a18 x13=0x0000003a PA:0x00101a1f store:0x00000075
          26022	     13007	001000fc	00850513	addi	x10,x10,8	 x10:0x00101a18 x10=0x00101a20
          26024	     13008	00100100	00068863	beq	x13,x0,100110	 x13:0x0000003a  x0:0x00000000
          26028	     13010	00100104	00d7a023	sw	x13,0(x15)	 x15:0x00020000 x13:0x0000003a PA:0x00020000 store:0x0000003a load:0x00000000
          26032	     13012	00100108	00054803	lbu	x16,0(x10)	 x10:0x00101a20 x16=0x00000020 PA:0x00101a20 store:0x00000000
          26036	     13014	0010010c	fa0810e3	bne	x16,x0,1000ac	 x16:0x00000020  x0:0x00000000
          26042	     13017	001000ac	0107a023	sw	x16,0(x15)	 x15:0x00020000 x16:0x00000020 PA:0x00020000 store:0x00000020 load:0x00000000
          26046	     13019	001000b0	00154703	lbu	x14,1(x10)	 x10:0x00101a20 x14=0x00000000 PA:0x00101a21 store:0x00101384
          26050	     13021	001000b4	04070e63	beq	x14,x0,100110	 x14:0x00000000  x0:0x00000000
          26054	     13023	00100110	00000513	addi	x10,x0,0	  x0:0x00000000 x10=0x00000000
          26058	     13025	00100114	00008067	jalr	x0,0(x1)	  x1:0x00101384  x0=0x00000000
          26062	     13027	00101384	cf8a2503	lw	x10,-776(x20)	 x20:0x00102000 x10=0x3f8000c5 PA:0x00101cf8 store:0x00000010
          26064	     13028	00101388	002c0d93	addi	x27,x24,2	 x24:0x00000010 x27=0x00000012
          26068	     13030	0010138c	d95fe0ef	jal	x1,100120	  x1=0x00101390
          26070	     13031	00100120	01c55793	srli	x15,x10,0x1c	 x10:0x3f8000c5 x15=0x00000003
          26072	     13032	00100124	00900713	addi	x14,x0,9	  x0:0x00000000 x14=0x00000009
          26076	     13034	00100128	0cf77a63	bgeu	x14,x15,1001fc	 x14:0x00000009 x15:0x00000003
          26080	     13036	001001fc	03078393	addi	x7,x15,48	 x15:0x00000003  x7=0x00000033
          26082	     13037	00100200	000205b7	lui	x11,0x20	 x11=0x00020000
          26084	     13038	00100204	00451613	slli	x12,x10,0x4	 x10:0x3f8000c5 x12=0xf8000c50
          26088	     13040	00100208	0075a023	sw	x7,0(x11)	 x11:0x00020000  x7:0x00000033 PA:0x00020000 store:0x00000033 load:0x00000000
          26090	     13041	0010020c	01c65693	srli	x13,x12,0x1c	 x12:0xf8000c50 x13=0x0000000f
          26092	     13042	00100210	00900813	addi	x16,x0,9	  x0:0x00000000 x16=0x00000009
          26096	     13044	00100214	f2d86ae3	bltu	x16,x13,100148	 x16:0x00000009 x13:0x0000000f
          26100	     13046	00100148	03768893	addi	x17,x13,55	 x13:0x0000000f x17=0x00000046
          26102	     13047	0010014c	00020e37	lui	x28,0x20	 x28=0x00020000
          26104	     13048	00100150	00851f93	slli	x31,x10,0x8	 x10:0x3f8000c5 x31=0x8000c500
          26108	     13050	00100154	011e2023	sw	x17,0(x28)	 x28:0x00020000 x17:0x00000046 PA:0x00020000 store:0x00000046 load:0x00000000
          26110	     13051	00100158	01cfd793	srli	x15,x31,0x1c	 x31:0x8000c500 x15=0x00000008
          26112	     13052	0010015c	00900713	addi	x14,x0,9	  x0:0x00000000 x14=0x00000009
          26116	     13054	00100160	0cf77a63	bgeu	x14,x15,100234	 x14:0x00000009 x15:0x00000008
          26120	     13056	00100234	03078393	addi	x7,x15,48	 x15:0x00000008  x7=0x00000038
          26122	     13057	00100238	000205b7	lui	x11,0x20	 x11=0x00020000
          26124	     13058	0010023c	00c51613	slli	x12,x10,0xc	 x10:0x3f8000c5 x12=0x000c5000
          26128	     13060	00100240	0075a023	sw	x7,0(x11)	 x11:0x00020000  x7:0x00000038 PA:0x00020000 store:0x00000038 load:0x00000000
          26130	     13061	00100244	01c65693	srli	x13,x12,0x1c	 x12:0x000c5000 x13=0x00000000
          26132	     13062	00100248	00900813	addi	x16,x0,9	  x0:0x00000000 x16=0x00000009
          26134	     13063	0010024c	f2d86ae3	bltu	x16,x13,100180	 x16:0x00000009 x13:0x00000000
          26136	     13064	00100250	03068e93	addi	x29,x13,48	 x13:0x00000000 x29=0x00000030
          26138	     13065	00100254	00020f37	lui	x30,0x20	 x30=0x00020000
          26140	     13066	00100258	01051f93	slli	x31,x10,0x10	 x10:0x3f8000c5 x31=0x00c50000
          26144	     13068	0010025c	01df2023	sw	x29,0(x30)	 x30:0x00020000 x29:0x00000030 PA:0x00020000 store:0x00000030 load:0x00000000
          26146	     13069	00100260	01cfd793	srli	x15,x31,0x1c	 x31:0x00c50000 x15=0x00000000
          26148	     13070	00100264	00900713	addi	x14,x0,9	  x0:0x00000000 x14=0x00000009
          26150	     13071	00100268	f2f76ae3	bltu	x14,x15,10019c	 x14:0x00000009 x15:0x00000000
          26152	     13072	0010026c	03078393	addi	x7,x15,48	 x15:0x00000000  x7=0x00000030
          26154	     13073	00100270	000205b7	lui	x11,0x20	 x11=0x00020000
          26156	     13074	00100274	01451613	slli	x12,x10,0x14	 x10:0x3f8000c5 x12=0x0c500000
          26160	     13076	00100278	0075a023	sw	x7,0(x11)	 x11:0x00020000  x7:0x00000030 PA:0x00020000 store:0x00000030 load:0x00000000
          26162	     13077	0010027c	01c65693	srli	x13,x12,0x1c	 x12:0x0c500000 x13=0x00000000
          26164	     13078	00100280	00900813	addi	x16,x0,9	  x0:0x00000000 x16=0x00000009
          26166	     13079	00100284	f2d86ae3	bltu	x16,x13,1001b8	 x16:0x00000009 x13:0x00000000
          26168	     13080	00100288	03068e93	addi	x29,x13,48	 x13:0x00000000 x29=0x00000030
          26170	     13081	0010028c	00020f37	lui	x30,0x20	 x30=0x00020000
          26172	     13082	00100290	01851f93	slli	x31,x10,0x18	 x10:0x3f8000c5 x31=0xc5000000
          26176	     13084	00100294	01df2023	sw	x29,0(x30)	 x30:0x00020000 x29:0x00000030 PA:0x00020000 store:0x00000030 load:0x00000000
          26178	     13085	00100298	01cfd793	srli	x15,x31,0x1c	 x31:0xc5000000 x15=0x0000000c
          26180	     13086	0010029c	00900713	addi	x14,x0,9	  x0:0x00000000 x14=0x00000009
          26184	     13088	001002a0	f2f76ae3	bltu	x14,x15,1001d4	 x14:0x00000009 x15:0x0000000c
          26188	     13090	001001d4	03778293	addi	x5,x15,55	 x15:0x0000000c  x5=0x00000043
          26190	     13091	001001d8	00020337	lui	x6,0x20	  x6=0x00020000
          26194	     13093	001001dc	00532023	sw	x5,0(x6)	  x6:0x00020000  x5:0x00000043 PA:0x00020000 store:0x00000043 load:0x00000000
          26196	     13094	001001e0	00f57513	andi	x10,x10,15	 x10:0x3f8000c5 x10=0x00000005
          26198	     13095	001001e4	00900613	addi	x12,x0,9	  x0:0x00000000 x12=0x00000009
          26200	     13096	001001e8	0ca66a63	bltu	x12,x10,1002bc	 x12:0x00000009 x10:0x00000005
          26202	     13097	001001ec	03050893	addi	x17,x10,48	 x10:0x00000005 x17=0x00000035
          26204	     13098	001001f0	00020e37	lui	x28,0x20	 x28=0x00020000
          26208	     13100	001001f4	011e2023	sw	x17,0(x28)	 x28:0x00020000 x17:0x00000035 PA:0x00020000 store:0x00000035 load:0x00000000
          26222	     13107	001001f8	00008067	jalr	x0,0(x1)	  x1:0x00101390  x0=0x00000000
          26224	     13108	00101390	d089a807	flw	f16,-760(x19)	 f19:0x00102000 f16=0x00000000 PA:0x00101d08 store:0x3f80018a
          26246	     13119	00101394	a10a8513	addi	x10,x21,-1520	 x21:0x00102000 x10=0x00101a10
          26248	     13120	00101398	580878d3	fsqrt.s	f17,f16	 f16:0x00000009 f17=0x00000000
          26252	     13122	0010139c	d119a427	fsw	f17,-760(x19)	 f19:0x00102000 f17:0x00000035 PA:0x00101d08 store:0x3f800062 load:0x3f8000c5
          26258	     13125	001013a0	d089a907	flw	f18,-760(x19)	 f19:0x00102000 f18=0x00000000 PA:0x00000000
          26264	     13128	001013a4	e00907d3	fmv.x.w	x15,f18	 f18:0x00102000 x15=0x3f800062
          26266	     13129	001013a8	cefa2c23	sw	x15,-776(x20)	 x20:0x00102000 x15:0x3f800062 PA:0x00101cf8 store:0x3f800062 load:0x3f800062
          26270	     13131	001013ac	cf5fe0ef	jal	x1,1000a0	  x1=0x001013b0
          26274	     13133	001000a0	00054803	lbu	x16,0(x10)	 x10:0x00101a10 x16=0x0000000a PA:0x00101a10 store:0x00000000
          26276	     13134	001000a4	06080663	beq	x16,x0,100110	 x16:0x0000000a  x0:0x00000000
          26278	     13135	001000a8	000207b7	lui	x15,0x20	 x15=0x00020000
          26282	     13137	001000ac	0107a023	sw	x16,0(x15)	 x15:0x00020000 x16:0x0000000a PA:0x00020000 store:0x0000000a load:0x00000000
          26286	     13139	001000b0	00154703	lbu	x14,1(x10)	 x10:0x00101a10 x14=0x00000020 PA:0x00101a11 store:0x001013b0
          26288	     13140	001000b4	04070e63	beq	x14,x0,100110	 x14:0x00000020  x0:0x00000000
          26292	     13142	001000b8	00e7a023	sw	x14,0(x15)	 x15:0x00020000 x14:0x00000020 PA:0x00020000 store:0x00000020 load:0x00000000
          26296	     13144	001000bc	00254283	lbu	x5,2(x10)	 x10:0x00101a10  x5=0x00000069 PA:0x00101a12 store:0x00137fa0
          26298	     13145	001000c0	04028863	beq	x5,x0,100110	  x5:0x00000069  x0:0x00000000
          26302	     13147	001000c4	0057a023	sw	x5,0(x15)	 x15:0x00020000  x5:0x00000069 PA:0x00020000 store:0x00000069 load:0x00000000
          26306	     13149	001000c8	00354303	lbu	x6,3(x10)	 x10:0x00101a10  x6=0x0000003d PA:0x00101a13 store:0x00000000
          26308	     13150	001000cc	04030263	beq	x6,x0,100110	  x6:0x0000003d  x0:0x00000000
          26312	     13152	001000d0	0067a023	sw	x6,0(x15)	 x15:0x00020000  x6:0x0000003d PA:0x00020000 store:0x0000003d load:0x00000000
          26316	     13154	001000d4	00454383	lbu	x7,4(x10)	 x10:0x00101a10  x7=0x00000000 PA:0x00101a14 store:0x00000000
          26320	     13156	001000d8	02038c63	beq	x7,x0,100110	  x7:0x00000000  x0:0x00000000
          26324	     13158	00100110	00000513	addi	x10,x0,0	  x0:0x00000000 x10=0x00000000
          26328	     13160	00100114	00008067	jalr	x0,0(x1)	  x1:0x001013b0  x0=0x00000000
          26330	     13161	001013b0	000d8513	addi	x10,x27,0	 x27:0x00000012 x10=0x00000012
          26334	     13163	001013b4	d6dfe0ef	jal	x1,100120	  x1=0x001013b8
          26336	     13164	00100120	01c55793	srli	x15,x10,0x1c	 x10:0x00000012 x15=0x00000000
          26338	     13165	00100124	00900713	addi	x14,x0,9	  x0:0x00000000 x14=0x00000009
          26342	     13167	00100128	0cf77a63	bgeu	x14,x15,1001fc	 x14:0x00000009 x15:0x00000000
          26346	     13169	001001fc	03078393	addi	x7,x15,48	 x15:0x00000000  x7=0x00000030
          26348	     13170	00100200	000205b7	lui	x11,0x20	 x11=0x00020000
          26350	     13171	00100204	00451613	slli	x12,x10,0x4	 x10:0x00000012 x12=0x00000120
          26354	     13173	00100208	0075a023	sw	x7,0(x11)	 x11:0x00020000  x7:0x00000030 PA:0x00020000 store:0x00000030 load:0x00000000
          26356	     13174	0010020c	01c65693	srli	x13,x12,0x1c	 x12:0x00000120 x13=0x00000000
          26358	     13175	00100210	00900813	addi	x16,x0,9	  x0:0x00000000 x16=0x00000009
          26360	     13176	00100214	f2d86ae3	bltu	x16,x13,100148	 x16:0x00000009 x13:0x00000000
          26362	     13177	00100218	03068e93	addi	x29,x13,48	 x13:0x00000000 x29=0x00000030
          26364	     13178	0010021c	00020f37	lui	x30,0x20	 x30=0x00020000
          26366	     13179	00100220	00851f93	slli	x31,x10,0x8	 x10:0x00000012 x31=0x00001200
          26370	     13181	00100224	01df2023	sw	x29,0(x30)	 x30:0x00020000 x29:0x00000030 PA:0x00020000 store:0x00000030 load:0x00000000
          26372	     13182	00100228	01cfd793	srli	x15,x31,0x1c	 x31:0x00001200 x15=0x00000000
          26374	     13183	0010022c	00900713	addi	x14,x0,9	  x0:0x00000000 x14=0x00000009
          26376	     13184	00100230	f2f76ae3	bltu	x14,x15,100164	 x14:0x00000009 x15:0x00000000
          26378	     13185	00100234	03078393	addi	x7,x15,48	 x15:0x00000000  x7=0x00000030
          26380	     13186	00100238	000205b7	lui	x11,0x20	 x11=0x00020000
          26382	     13187	0010023c	00c51613	slli	x12,x10,0xc	 x10:0x00000012 x12=0x00012000
          26386	     13189	00100240	0075a023	sw	x7,0(x11)	 x11:0x00020000  x7:0x00000030 PA:0x00020000 store:0x00000030 load:0x00000000
          26388	     13190	00100244	01c65693	srli	x13,x12,0x1c	 x12:0x00012000 x13=0x00000000
          26390	     13191	00100248	00900813	addi	x16,x0,9	  x0:0x00000000 x16=0x00000009
          26392	     13192	0010024c	f2d86ae3	bltu	x16,x13,100180	 x16:0x00000009 x13:0x00000000
          26394	     13193	00100250	03068e93	addi	x29,x13,48	 x13:0x00000000 x29=0x00000030
          26396	     13194	00100254	00020f37	lui	x30,0x20	 x30=0x00020000
          26398	     13195	00100258	01051f93	slli	x31,x10,0x10	 x10:0x00000012 x31=0x00120000
          26402	     13197	0010025c	01df2023	sw	x29,0(x30)	 x30:0x00020000 x29:0x00000030 PA:0x00020000 store:0x00000030 load:0x00000000
          26404	     13198	00100260	01cfd793	srli	x15,x31,0x1c	 x31:0x00120000 x15=0x00000000
          26406	     13199	00100264	00900713	addi	x14,x0,9	  x0:0x00000000 x14=0x00000009
          26408	     13200	00100268	f2f76ae3	bltu	x14,x15,10019c	 x14:0x00000009 x15:0x00000000
          26410	     13201	0010026c	03078393	addi	x7,x15,48	 x15:0x00000000  x7=0x00000030
          26412	     13202	00100270	000205b7	lui	x11,0x20	 x11=0x00020000
          26414	     13203	00100274	01451613	slli	x12,x10,0x14	 x10:0x00000012 x12=0x01200000
          26418	     13205	00100278	0075a023	sw	x7,0(x11)	 x11:0x00020000  x7:0x00000030 PA:0x00020000 store:0x00000030 load:0x00000000
          26420	     13206	0010027c	01c65693	srli	x13,x12,0x1c	 x12:0x01200000 x13=0x00000000
          26422	     13207	00100280	00900813	addi	x16,x0,9	  x0:0x00000000 x16=0x00000009
          26424	     13208	00100284	f2d86ae3	bltu	x16,x13,1001b8	 x16:0x00000009 x13:0x00000000
          26426	     13209	00100288	03068e93	addi	x29,x13,48	 x13:0x00000000 x29=0x00000030
          26428	     13210	0010028c	00020f37	lui	x30,0x20	 x30=0x00020000
          26430	     13211	00100290	01851f93	slli	x31,x10,0x18	 x10:0x00000012 x31=0x12000000
          26434	     13213	00100294	01df2023	sw	x29,0(x30)	 x30:0x00020000 x29:0x00000030 PA:0x00020000 store:0x00000030 load:0x00000000
          26436	     13214	00100298	01cfd793	srli	x15,x31,0x1c	 x31:0x12000000 x15=0x00000001
          26438	     13215	0010029c	00900713	addi	x14,x0,9	  x0:0x00000000 x14=0x00000009
          26440	     13216	001002a0	f2f76ae3	bltu	x14,x15,1001d4	 x14:0x00000009 x15:0x00000001
          26442	     13217	001002a4	03078393	addi	x7,x15,48	 x15:0x00000001  x7=0x00000031
          26444	     13218	001002a8	000205b7	lui	x11,0x20	 x11=0x00020000
          26448	     13220	001002ac	0075a023	sw	x7,0(x11)	 x11:0x00020000  x7:0x00000031 PA:0x00020000 store:0x00000031 load:0x00000000
          26450	     13221	001002b0	00f57513	andi	x10,x10,15	 x10:0x00000012 x10=0x00000002
          26452	     13222	001002b4	00900613	addi	x12,x0,9	  x0:0x00000000 x12=0x00000009
          26456	     13224	001002b8	f2a67ae3	bgeu	x12,x10,1001ec	 x12:0x00000009 x10:0x00000002
          26460	     13226	001001ec	03050893	addi	x17,x10,48	 x10:0x00000002 x17=0x00000032
          26462	     13227	001001f0	00020e37	lui	x28,0x20	 x28=0x00020000
          26466	     13229	001001f4	011e2023	sw	x17,0(x28)	 x28:0x00020000 x17:0x00000032 PA:0x00020000 store:0x00000032 load:0x00000000
          26470	     13231	001001f8	00008067	jalr	x0,0(x1)	  x1:0x001013b8  x0=0x00000000
          26472	     13232	001013b8	a18b0513	addi	x10,x22,-1512	 x22:0x00102000 x10=0x00101a18
          26476	     13234	001013bc	ce5fe0ef	jal	x1,1000a0	  x1=0x001013c0
          26480	     13236	001000a0	00054803	lbu	x16,0(x10)	 x10:0x00101a18 x16=0x00000020 PA:0x00101a18 store:0x00000000
          26482	     13237	001000a4	06080663	beq	x16,x0,100110	 x16:0x00000020  x0:0x00000000
          26484	     13238	001000a8	000207b7	lui	x15,0x20	 x15=0x00020000
          26488	     13240	001000ac	0107a023	sw	x16,0(x15)	 x15:0x00020000 x16:0x00000020 PA:0x00020000 store:0x00000020 load:0x00000000
          26492	     13242	001000b0	00154703	lbu	x14,1(x10)	 x10:0x00101a18 x14=0x00000072 PA:0x00101a19 store:0x001013c0
          26494	     13243	001000b4	04070e63	beq	x14,x0,100110	 x14:0x00000072  x0:0x00000000
          26498	     13245	001000b8	00e7a023	sw	x14,0(x15)	 x15:0x00020000 x14:0x00000072 PA:0x00020000 store:0x00000072 load:0x00000000
          26502	     13247	001000bc	00254283	lbu	x5,2(x10)	 x10:0x00101a18  x5=0x00000065 PA:0x00101a1a store:0x00137fa0
          26504	     13248	001000c0	04028863	beq	x5,x0,100110	  x5:0x00000065  x0:0x00000000
          26508	     13250	001000c4	0057a023	sw	x5,0(x15)	 x15:0x00020000  x5:0x00000065 PA:0x00020000 store:0x00000065 load:0x00000000
          26512	     13252	001000c8	00354303	lbu	x6,3(x10)	 x10:0x00101a18  x6=0x00000073 PA:0x00101a1b store:0x00000000
          26514	     13253	001000cc	04030263	beq	x6,x0,100110	  x6:0x00000073  x0:0x00000000
          26518	     13255	001000d0	0067a023	sw	x6,0(x15)	 x15:0x00020000  x6:0x00000073 PA:0x00020000 store:0x00000073 load:0x00000000
          26522	     13257	001000d4	00454383	lbu	x7,4(x10)	 x10:0x00101a18  x7=0x00000075 PA:0x00101a1c store:0x00000000
          26524	     13258	001000d8	02038c63	beq	x7,x0,100110	  x7:0x00000075  x0:0x00000000
          26528	     13260	001000dc	0077a023	sw	x7,0(x15)	 x15:0x00020000  x7:0x00000075 PA:0x00020000 store:0x00000075 load:0x00000000
          26532	     13262	001000e0	00554583	lbu	x11,5(x10)	 x10:0x00101a18 x11=0x0000006c PA:0x00101a1d store:0x00000065
          26534	     13263	001000e4	02058663	beq	x11,x0,100110	 x11:0x0000006c  x0:0x00000000
          26538	     13265	001000e8	00b7a023	sw	x11,0(x15)	 x15:0x00020000 x11:0x0000006c PA:0x00020000 store:0x0000006c load:0x00000000
          26542	     13267	001000ec	00654603	lbu	x12,6(x10)	 x10:0x00101a18 x12=0x00000074 PA:0x00101a1e store:0x00000073
          26544	     13268	001000f0	02060063	beq	x12,x0,100110	 x12:0x00000074  x0:0x00000000
          26548	     13270	001000f4	00c7a023	sw	x12,0(x15)	 x15:0x00020000 x12:0x00000074 PA:0x00020000 store:0x00000074 load:0x00000000
          26552	     13272	001000f8	00754683	lbu	x13,7(x10)	 x10:0x00101a18 x13=0x0000003a PA:0x00101a1f store:0x00000075
          26554	     13273	001000fc	00850513	addi	x10,x10,8	 x10:0x00101a18 x10=0x00101a20
          26556	     13274	00100100	00068863	beq	x13,x0,100110	 x13:0x0000003a  x0:0x00000000
          26560	     13276	00100104	00d7a023	sw	x13,0(x15)	 x15:0x00020000 x13:0x0000003a PA:0x00020000 store:0x0000003a load:0x00000000
          26564	     13278	00100108	00054803	lbu	x16,0(x10)	 x10:0x00101a20 x16=0x00000020 PA:0x00101a20 store:0x00000000
          26568	     13280	0010010c	fa0810e3	bne	x16,x0,1000ac	 x16:0x00000020  x0:0x00000000
          26574	     13283	001000ac	0107a023	sw	x16,0(x15)	 x15:0x00020000 x16:0x00000020 PA:0x00020000 store:0x00000020 load:0x00000000
          26578	     13285	001000b0	00154703	lbu	x14,1(x10)	 x10:0x00101a20 x14=0x00000000 PA:0x00101a21 store:0x001013c0
          26582	     13287	001000b4	04070e63	beq	x14,x0,100110	 x14:0x00000000  x0:0x00000000
          26586	     13289	00100110	00000513	addi	x10,x0,0	  x0:0x00000000 x10=0x00000000
          26590	     13291	00100114	00008067	jalr	x0,0(x1)	  x1:0x001013c0  x0=0x00000000
          26594	     13293	001013c0	cf8a2503	lw	x10,-776(x20)	 x20:0x00102000 x10=0x3f800062 PA:0x00101cf8 store:0x00000010
          26596	     13294	001013c4	003c0d93	addi	x27,x24,3	 x24:0x00000010 x27=0x00000013
          26598	     13295	001013c8	004c0c13	addi	x24,x24,4	 x24:0x00000010 x24=0x00000014
          26602	     13297	001013cc	d55fe0ef	jal	x1,100120	  x1=0x001013d0
          26604	     13298	00100120	01c55793	srli	x15,x10,0x1c	 x10:0x3f800062 x15=0x00000003
          26606	     13299	00100124	00900713	addi	x14,x0,9	  x0:0x00000000 x14=0x00000009
          26610	     13301	00100128	0cf77a63	bgeu	x14,x15,1001fc	 x14:0x00000009 x15:0x00000003
          26614	     13303	001001fc	03078393	addi	x7,x15,48	 x15:0x00000003  x7=0x00000033
          26616	     13304	00100200	000205b7	lui	x11,0x20	 x11=0x00020000
          26618	     13305	00100204	00451613	slli	x12,x10,0x4	 x10:0x3f800062 x12=0xf8000620
          26622	     13307	00100208	0075a023	sw	x7,0(x11)	 x11:0x00020000  x7:0x00000033 PA:0x00020000 store:0x00000033 load:0x00000000
          26624	     13308	0010020c	01c65693	srli	x13,x12,0x1c	 x12:0xf8000620 x13=0x0000000f
          26626	     13309	00100210	00900813	addi	x16,x0,9	  x0:0x00000000 x16=0x00000009
          26630	     13311	00100214	f2d86ae3	bltu	x16,x13,100148	 x16:0x00000009 x13:0x0000000f
          26634	     13313	00100148	03768893	addi	x17,x13,55	 x13:0x0000000f x17=0x00000046
          26636	     13314	0010014c	00020e37	lui	x28,0x20	 x28=0x00020000
          26638	     13315	00100150	00851f93	slli	x31,x10,0x8	 x10:0x3f800062 x31=0x80006200
          26642	     13317	00100154	011e2023	sw	x17,0(x28)	 x28:0x00020000 x17:0x00000046 PA:0x00020000 store:0x00000046 load:0x00000000
          26644	     13318	00100158	01cfd793	srli	x15,x31,0x1c	 x31:0x80006200 x15=0x00000008
          26646	     13319	0010015c	00900713	addi	x14,x0,9	  x0:0x00000000 x14=0x00000009
          26650	     13321	00100160	0cf77a63	bgeu	x14,x15,100234	 x14:0x00000009 x15:0x00000008
          26654	     13323	00100234	03078393	addi	x7,x15,48	 x15:0x00000008  x7=0x00000038
          26656	     13324	00100238	000205b7	lui	x11,0x20	 x11=0x00020000
          26658	     13325	0010023c	00c51613	slli	x12,x10,0xc	 x10:0x3f800062 x12=0x00062000
          26662	     13327	00100240	0075a023	sw	x7,0(x11)	 x11:0x00020000  x7:0x00000038 PA:0x00020000 store:0x00000038 load:0x00000000
          26664	     13328	00100244	01c65693	srli	x13,x12,0x1c	 x12:0x00062000 x13=0x00000000
          26666	     13329	00100248	00900813	addi	x16,x0,9	  x0:0x00000000 x16=0x00000009
          26668	     13330	0010024c	f2d86ae3	bltu	x16,x13,100180	 x16:0x00000009 x13:0x00000000
          26670	     13331	00100250	03068e93	addi	x29,x13,48	 x13:0x00000000 x29=0x00000030
          26672	     13332	00100254	00020f37	lui	x30,0x20	 x30=0x00020000
          26674	     13333	00100258	01051f93	slli	x31,x10,0x10	 x10:0x3f800062 x31=0x00620000
          26678	     13335	0010025c	01df2023	sw	x29,0(x30)	 x30:0x00020000 x29:0x00000030 PA:0x00020000 store:0x00000030 load:0x00000000
          26680	     13336	00100260	01cfd793	srli	x15,x31,0x1c	 x31:0x00620000 x15=0x00000000
          26682	     13337	00100264	00900713	addi	x14,x0,9	  x0:0x00000000 x14=0x00000009
          26684	     13338	00100268	f2f76ae3	bltu	x14,x15,10019c	 x14:0x00000009 x15:0x00000000
          26686	     13339	0010026c	03078393	addi	x7,x15,48	 x15:0x00000000  x7=0x00000030
          26688	     13340	00100270	000205b7	lui	x11,0x20	 x11=0x00020000
          26690	     13341	00100274	01451613	slli	x12,x10,0x14	 x10:0x3f800062 x12=0x06200000
          26694	     13343	00100278	0075a023	sw	x7,0(x11)	 x11:0x00020000  x7:0x00000030 PA:0x00020000 store:0x00000030 load:0x00000000
          26696	     13344	0010027c	01c65693	srli	x13,x12,0x1c	 x12:0x06200000 x13=0x00000000
          26698	     13345	00100280	00900813	addi	x16,x0,9	  x0:0x00000000 x16=0x00000009
          26700	     13346	00100284	f2d86ae3	bltu	x16,x13,1001b8	 x16:0x00000009 x13:0x00000000
          26702	     13347	00100288	03068e93	addi	x29,x13,48	 x13:0x00000000 x29=0x00000030
          26704	     13348	0010028c	00020f37	lui	x30,0x20	 x30=0x00020000
          26706	     13349	00100290	01851f93	slli	x31,x10,0x18	 x10:0x3f800062 x31=0x62000000
          26710	     13351	00100294	01df2023	sw	x29,0(x30)	 x30:0x00020000 x29:0x00000030 PA:0x00020000 store:0x00000030 load:0x00000000
          26712	     13352	00100298	01cfd793	srli	x15,x31,0x1c	 x31:0x62000000 x15=0x00000006
          26714	     13353	0010029c	00900713	addi	x14,x0,9	  x0:0x00000000 x14=0x00000009
          26716	     13354	001002a0	f2f76ae3	bltu	x14,x15,1001d4	 x14:0x00000009 x15:0x00000006
          26718	     13355	001002a4	03078393	addi	x7,x15,48	 x15:0x00000006  x7=0x00000036
          26720	     13356	001002a8	000205b7	lui	x11,0x20	 x11=0x00020000
          26724	     13358	001002ac	0075a023	sw	x7,0(x11)	 x11:0x00020000  x7:0x00000036 PA:0x00020000 store:0x00000036 load:0x00000000
          26726	     13359	001002b0	00f57513	andi	x10,x10,15	 x10:0x3f800062 x10=0x00000002
          26728	     13360	001002b4	00900613	addi	x12,x0,9	  x0:0x00000000 x12=0x00000009
          26732	     13362	001002b8	f2a67ae3	bgeu	x12,x10,1001ec	 x12:0x00000009 x10:0x00000002
          26736	     13364	001001ec	03050893	addi	x17,x10,48	 x10:0x00000002 x17=0x00000032
          26738	     13365	001001f0	00020e37	lui	x28,0x20	 x28=0x00020000
          26742	     13367	001001f4	011e2023	sw	x17,0(x28)	 x28:0x00020000 x17:0x00000032 PA:0x00020000 store:0x00000032 load:0x00000000
          26746	     13369	001001f8	00008067	jalr	x0,0(x1)	  x1:0x001013d0  x0=0x00000000
          26758	     13375	001013d0	a10a8513	addi	x10,x21,-1520	 x21:0x00102000 x10=0x00101a10
          26760	     13376	001013d4	d089a987	flw	f19,-760(x19)	 f19:0x00102000 f19=0x00000000 PA:0x00101d08 store:0x3f80018a
          26780	     13386	001013d8	5809fa53	fsqrt.s	f20,f19	 f19:0x00102000 f20=0x00000000
          26786	     13389	001013dc	d149a427	fsw	f20,-760(x19)	 f19:0x00102000 f20:0x00102000 PA:0x00101d08 store:0x3f800031 load:0x3f800062
          26792	     13392	001013e0	d089aa87	flw	f21,-760(x19)	 f19:0x00102000 f21=0x00000000 PA:0x00000000
          26798	     13395	001013e4	e00a82d3	fmv.x.w	x5,f21	 f21:0x00102000  x5=0x3f800031
          26800	     13396	001013e8	ce5a2c23	sw	x5,-776(x20)	 x20:0x00102000  x5:0x3f800031 PA:0x00101cf8 store:0x3f800031 load:0x3f800031
          26804	     13398	001013ec	cb5fe0ef	jal	x1,1000a0	  x1=0x001013f0
          26808	     13400	001000a0	00054803	lbu	x16,0(x10)	 x10:0x00101a10 x16=0x0000000a PA:0x00101a10 store:0x00000000
          26810	     13401	001000a4	06080663	beq	x16,x0,100110	 x16:0x0000000a  x0:0x00000000
          26812	     13402	001000a8	000207b7	lui	x15,0x20	 x15=0x00020000
          26816	     13404	001000ac	0107a023	sw	x16,0(x15)	 x15:0x00020000 x16:0x0000000a PA:0x00020000 store:0x0000000a load:0x00000000
          26820	     13406	001000b0	00154703	lbu	x14,1(x10)	 x10:0x00101a10 x14=0x00000020 PA:0x00101a11 store:0x001013f0
          26822	     13407	001000b4	04070e63	beq	x14,x0,100110	 x14:0x00000020  x0:0x00000000
          26826	     13409	001000b8	00e7a023	sw	x14,0(x15)	 x15:0x00020000 x14:0x00000020 PA:0x00020000 store:0x00000020 load:0x00000000
          26830	     13411	001000bc	00254283	lbu	x5,2(x10)	 x10:0x00101a10  x5=0x00000069 PA:0x00101a12 store:0x00137fa0
          26832	     13412	001000c0	04028863	beq	x5,x0,100110	  x5:0x00000069  x0:0x00000000
          26836	     13414	001000c4	0057a023	sw	x5,0(x15)	 x15:0x00020000  x5:0x00000069 PA:0x00020000 store:0x00000069 load:0x00000000
          26840	     13416	001000c8	00354303	lbu	x6,3(x10)	 x10:0x00101a10  x6=0x0000003d PA:0x00101a13 store:0x00000000
          26842	     13417	001000cc	04030263	beq	x6,x0,100110	  x6:0x0000003d  x0:0x00000000
          26846	     13419	001000d0	0067a023	sw	x6,0(x15)	 x15:0x00020000  x6:0x0000003d PA:0x00020000 store:0x0000003d load:0x00000000
          26850	     13421	001000d4	00454383	lbu	x7,4(x10)	 x10:0x00101a10  x7=0x00000000 PA:0x00101a14 store:0x00000000
          26854	     13423	001000d8	02038c63	beq	x7,x0,100110	  x7:0x00000000  x0:0x00000000
          26858	     13425	00100110	00000513	addi	x10,x0,0	  x0:0x00000000 x10=0x00000000
          26862	     13427	00100114	00008067	jalr	x0,0(x1)	  x1:0x001013f0  x0=0x00000000
          26864	     13428	001013f0	000d8513	addi	x10,x27,0	 x27:0x00000013 x10=0x00000013
          26868	     13430	001013f4	d2dfe0ef	jal	x1,100120	  x1=0x001013f8
          26870	     13431	00100120	01c55793	srli	x15,x10,0x1c	 x10:0x00000013 x15=0x00000000
          26872	     13432	00100124	00900713	addi	x14,x0,9	  x0:0x00000000 x14=0x00000009
          26876	     13434	00100128	0cf77a63	bgeu	x14,x15,1001fc	 x14:0x00000009 x15:0x00000000
          26880	     13436	001001fc	03078393	addi	x7,x15,48	 x15:0x00000000  x7=0x00000030
          26882	     13437	00100200	000205b7	lui	x11,0x20	 x11=0x00020000
          26884	     13438	00100204	00451613	slli	x12,x10,0x4	 x10:0x00000013 x12=0x00000130
          26888	     13440	00100208	0075a023	sw	x7,0(x11)	 x11:0x00020000  x7:0x00000030 PA:0x00020000 store:0x00000030 load:0x00000000
          26890	     13441	0010020c	01c65693	srli	x13,x12,0x1c	 x12:0x00000130 x13=0x00000000
          26892	     13442	00100210	00900813	addi	x16,x0,9	  x0:0x00000000 x16=0x00000009
          26894	     13443	00100214	f2d86ae3	bltu	x16,x13,100148	 x16:0x00000009 x13:0x00000000
          26896	     13444	00100218	03068e93	addi	x29,x13,48	 x13:0x00000000 x29=0x00000030
          26898	     13445	0010021c	00020f37	lui	x30,0x20	 x30=0x00020000
          26900	     13446	00100220	00851f93	slli	x31,x10,0x8	 x10:0x00000013 x31=0x00001300
          26904	     13448	00100224	01df2023	sw	x29,0(x30)	 x30:0x00020000 x29:0x00000030 PA:0x00020000 store:0x00000030 load:0x00000000
          26906	     13449	00100228	01cfd793	srli	x15,x31,0x1c	 x31:0x00001300 x15=0x00000000
          26908	     13450	0010022c	00900713	addi	x14,x0,9	  x0:0x00000000 x14=0x00000009
          26910	     13451	00100230	f2f76ae3	bltu	x14,x15,100164	 x14:0x00000009 x15:0x00000000
          26912	     13452	00100234	03078393	addi	x7,x15,48	 x15:0x00000000  x7=0x00000030
          26914	     13453	00100238	000205b7	lui	x11,0x20	 x11=0x00020000
          26916	     13454	0010023c	00c51613	slli	x12,x10,0xc	 x10:0x00000013 x12=0x00013000
          26920	     13456	00100240	0075a023	sw	x7,0(x11)	 x11:0x00020000  x7:0x00000030 PA:0x00020000 store:0x00000030 load:0x00000000
          26922	     13457	00100244	01c65693	srli	x13,x12,0x1c	 x12:0x00013000 x13=0x00000000
          26924	     13458	00100248	00900813	addi	x16,x0,9	  x0:0x00000000 x16=0x00000009
          26926	     13459	0010024c	f2d86ae3	bltu	x16,x13,100180	 x16:0x00000009 x13:0x00000000
          26928	     13460	00100250	03068e93	addi	x29,x13,48	 x13:0x00000000 x29=0x00000030
          26930	     13461	00100254	00020f37	lui	x30,0x20	 x30=0x00020000
          26932	     13462	00100258	01051f93	slli	x31,x10,0x10	 x10:0x00000013 x31=0x00130000
          26936	     13464	0010025c	01df2023	sw	x29,0(x30)	 x30:0x00020000 x29:0x00000030 PA:0x00020000 store:0x00000030 load:0x00000000
          26938	     13465	00100260	01cfd793	srli	x15,x31,0x1c	 x31:0x00130000 x15=0x00000000
          26940	     13466	00100264	00900713	addi	x14,x0,9	  x0:0x00000000 x14=0x00000009
          26942	     13467	00100268	f2f76ae3	bltu	x14,x15,10019c	 x14:0x00000009 x15:0x00000000
          26944	     13468	0010026c	03078393	addi	x7,x15,48	 x15:0x00000000  x7=0x00000030
          26946	     13469	00100270	000205b7	lui	x11,0x20	 x11=0x00020000
          26948	     13470	00100274	01451613	slli	x12,x10,0x14	 x10:0x00000013 x12=0x01300000
          26952	     13472	00100278	0075a023	sw	x7,0(x11)	 x11:0x00020000  x7:0x00000030 PA:0x00020000 store:0x00000030 load:0x00000000
          26954	     13473	0010027c	01c65693	srli	x13,x12,0x1c	 x12:0x01300000 x13=0x00000000
          26956	     13474	00100280	00900813	addi	x16,x0,9	  x0:0x00000000 x16=0x00000009
          26958	     13475	00100284	f2d86ae3	bltu	x16,x13,1001b8	 x16:0x00000009 x13:0x00000000
          26960	     13476	00100288	03068e93	addi	x29,x13,48	 x13:0x00000000 x29=0x00000030
          26962	     13477	0010028c	00020f37	lui	x30,0x20	 x30=0x00020000
          26964	     13478	00100290	01851f93	slli	x31,x10,0x18	 x10:0x00000013 x31=0x13000000
          26968	     13480	00100294	01df2023	sw	x29,0(x30)	 x30:0x00020000 x29:0x00000030 PA:0x00020000 store:0x00000030 load:0x00000000
          26970	     13481	00100298	01cfd793	srli	x15,x31,0x1c	 x31:0x13000000 x15=0x00000001
          26972	     13482	0010029c	00900713	addi	x14,x0,9	  x0:0x00000000 x14=0x00000009
          26974	     13483	001002a0	f2f76ae3	bltu	x14,x15,1001d4	 x14:0x00000009 x15:0x00000001
          26976	     13484	001002a4	03078393	addi	x7,x15,48	 x15:0x00000001  x7=0x00000031
          26978	     13485	001002a8	000205b7	lui	x11,0x20	 x11=0x00020000
          26982	     13487	001002ac	0075a023	sw	x7,0(x11)	 x11:0x00020000  x7:0x00000031 PA:0x00020000 store:0x00000031 load:0x00000000
          26984	     13488	001002b0	00f57513	andi	x10,x10,15	 x10:0x00000013 x10=0x00000003
          26986	     13489	001002b4	00900613	addi	x12,x0,9	  x0:0x00000000 x12=0x00000009
          26990	     13491	001002b8	f2a67ae3	bgeu	x12,x10,1001ec	 x12:0x00000009 x10:0x00000003
          26994	     13493	001001ec	03050893	addi	x17,x10,48	 x10:0x00000003 x17=0x00000033
          26996	     13494	001001f0	00020e37	lui	x28,0x20	 x28=0x00020000
          27000	     13496	001001f4	011e2023	sw	x17,0(x28)	 x28:0x00020000 x17:0x00000033 PA:0x00020000 store:0x00000033 load:0x00000000
          27004	     13498	001001f8	00008067	jalr	x0,0(x1)	  x1:0x001013f8  x0=0x00000000
          27006	     13499	001013f8	a18b0513	addi	x10,x22,-1512	 x22:0x00102000 x10=0x00101a18
          27010	     13501	001013fc	ca5fe0ef	jal	x1,1000a0	  x1=0x00101400
          27014	     13503	001000a0	00054803	lbu	x16,0(x10)	 x10:0x00101a18 x16=0x00000020 PA:0x00101a18 store:0x00000000
          27016	     13504	001000a4	06080663	beq	x16,x0,100110	 x16:0x00000020  x0:0x00000000
          27018	     13505	001000a8	000207b7	lui	x15,0x20	 x15=0x00020000
          27022	     13507	001000ac	0107a023	sw	x16,0(x15)	 x15:0x00020000 x16:0x00000020 PA:0x00020000 store:0x00000020 load:0x00000000
          27026	     13509	001000b0	00154703	lbu	x14,1(x10)	 x10:0x00101a18 x14=0x00000072 PA:0x00101a19 store:0x00101400
          27028	     13510	001000b4	04070e63	beq	x14,x0,100110	 x14:0x00000072  x0:0x00000000
          27032	     13512	001000b8	00e7a023	sw	x14,0(x15)	 x15:0x00020000 x14:0x00000072 PA:0x00020000 store:0x00000072 load:0x00000000
          27036	     13514	001000bc	00254283	lbu	x5,2(x10)	 x10:0x00101a18  x5=0x00000065 PA:0x00101a1a store:0x00137fa0
          27038	     13515	001000c0	04028863	beq	x5,x0,100110	  x5:0x00000065  x0:0x00000000
          27042	     13517	001000c4	0057a023	sw	x5,0(x15)	 x15:0x00020000  x5:0x00000065 PA:0x00020000 store:0x00000065 load:0x00000000
          27046	     13519	001000c8	00354303	lbu	x6,3(x10)	 x10:0x00101a18  x6=0x00000073 PA:0x00101a1b store:0x00000000
          27048	     13520	001000cc	04030263	beq	x6,x0,100110	  x6:0x00000073  x0:0x00000000
          27052	     13522	001000d0	0067a023	sw	x6,0(x15)	 x15:0x00020000  x6:0x00000073 PA:0x00020000 store:0x00000073 load:0x00000000
          27056	     13524	001000d4	00454383	lbu	x7,4(x10)	 x10:0x00101a18  x7=0x00000075 PA:0x00101a1c store:0x00000000
          27058	     13525	001000d8	02038c63	beq	x7,x0,100110	  x7:0x00000075  x0:0x00000000
          27062	     13527	001000dc	0077a023	sw	x7,0(x15)	 x15:0x00020000  x7:0x00000075 PA:0x00020000 store:0x00000075 load:0x00000000
          27066	     13529	001000e0	00554583	lbu	x11,5(x10)	 x10:0x00101a18 x11=0x0000006c PA:0x00101a1d store:0x00000065
          27068	     13530	001000e4	02058663	beq	x11,x0,100110	 x11:0x0000006c  x0:0x00000000
          27072	     13532	001000e8	00b7a023	sw	x11,0(x15)	 x15:0x00020000 x11:0x0000006c PA:0x00020000 store:0x0000006c load:0x00000000
          27076	     13534	001000ec	00654603	lbu	x12,6(x10)	 x10:0x00101a18 x12=0x00000074 PA:0x00101a1e store:0x00000073
          27078	     13535	001000f0	02060063	beq	x12,x0,100110	 x12:0x00000074  x0:0x00000000
          27082	     13537	001000f4	00c7a023	sw	x12,0(x15)	 x15:0x00020000 x12:0x00000074 PA:0x00020000 store:0x00000074 load:0x00000000
          27086	     13539	001000f8	00754683	lbu	x13,7(x10)	 x10:0x00101a18 x13=0x0000003a PA:0x00101a1f store:0x00000075
          27088	     13540	001000fc	00850513	addi	x10,x10,8	 x10:0x00101a18 x10=0x00101a20
          27090	     13541	00100100	00068863	beq	x13,x0,100110	 x13:0x0000003a  x0:0x00000000
          27094	     13543	00100104	00d7a023	sw	x13,0(x15)	 x15:0x00020000 x13:0x0000003a PA:0x00020000 store:0x0000003a load:0x00000000
          27098	     13545	00100108	00054803	lbu	x16,0(x10)	 x10:0x00101a20 x16=0x00000020 PA:0x00101a20 store:0x00000000
          27102	     13547	0010010c	fa0810e3	bne	x16,x0,1000ac	 x16:0x00000020  x0:0x00000000
          27108	     13550	001000ac	0107a023	sw	x16,0(x15)	 x15:0x00020000 x16:0x00000020 PA:0x00020000 store:0x00000020 load:0x00000000
          27112	     13552	001000b0	00154703	lbu	x14,1(x10)	 x10:0x00101a20 x14=0x00000000 PA:0x00101a21 store:0x00101400
          27116	     13554	001000b4	04070e63	beq	x14,x0,100110	 x14:0x00000000  x0:0x00000000
          27120	     13556	00100110	00000513	addi	x10,x0,0	  x0:0x00000000 x10=0x00000000
          27124	     13558	00100114	00008067	jalr	x0,0(x1)	  x1:0x00101400  x0=0x00000000
          27128	     13560	00101400	cf8a2503	lw	x10,-776(x20)	 x20:0x00102000 x10=0x3f800031 PA:0x00101cf8 store:0x00000014
          27132	     13562	00101404	d1dfe0ef	jal	x1,100120	  x1=0x00101408
          27134	     13563	00100120	01c55793	srli	x15,x10,0x1c	 x10:0x3f800031 x15=0x00000003
          27136	     13564	00100124	00900713	addi	x14,x0,9	  x0:0x00000000 x14=0x00000009
          27140	     13566	00100128	0cf77a63	bgeu	x14,x15,1001fc	 x14:0x00000009 x15:0x00000003
          27144	     13568	001001fc	03078393	addi	x7,x15,48	 x15:0x00000003  x7=0x00000033
          27146	     13569	00100200	000205b7	lui	x11,0x20	 x11=0x00020000
          27148	     13570	00100204	00451613	slli	x12,x10,0x4	 x10:0x3f800031 x12=0xf8000310
          27152	     13572	00100208	0075a023	sw	x7,0(x11)	 x11:0x00020000  x7:0x00000033 PA:0x00020000 store:0x00000033 load:0x00000000
          27154	     13573	0010020c	01c65693	srli	x13,x12,0x1c	 x12:0xf8000310 x13=0x0000000f
          27156	     13574	00100210	00900813	addi	x16,x0,9	  x0:0x00000000 x16=0x00000009
          27160	     13576	00100214	f2d86ae3	bltu	x16,x13,100148	 x16:0x00000009 x13:0x0000000f
          27164	     13578	00100148	03768893	addi	x17,x13,55	 x13:0x0000000f x17=0x00000046
          27166	     13579	0010014c	00020e37	lui	x28,0x20	 x28=0x00020000
          27168	     13580	00100150	00851f93	slli	x31,x10,0x8	 x10:0x3f800031 x31=0x80003100
          27172	     13582	00100154	011e2023	sw	x17,0(x28)	 x28:0x00020000 x17:0x00000046 PA:0x00020000 store:0x00000046 load:0x00000000
          27174	     13583	00100158	01cfd793	srli	x15,x31,0x1c	 x31:0x80003100 x15=0x00000008
          27176	     13584	0010015c	00900713	addi	x14,x0,9	  x0:0x00000000 x14=0x00000009
          27180	     13586	00100160	0cf77a63	bgeu	x14,x15,100234	 x14:0x00000009 x15:0x00000008
          27184	     13588	00100234	03078393	addi	x7,x15,48	 x15:0x00000008  x7=0x00000038
          27186	     13589	00100238	000205b7	lui	x11,0x20	 x11=0x00020000
          27188	     13590	0010023c	00c51613	slli	x12,x10,0xc	 x10:0x3f800031 x12=0x00031000
          27192	     13592	00100240	0075a023	sw	x7,0(x11)	 x11:0x00020000  x7:0x00000038 PA:0x00020000 store:0x00000038 load:0x00000000
          27194	     13593	00100244	01c65693	srli	x13,x12,0x1c	 x12:0x00031000 x13=0x00000000
          27196	     13594	00100248	00900813	addi	x16,x0,9	  x0:0x00000000 x16=0x00000009
          27198	     13595	0010024c	f2d86ae3	bltu	x16,x13,100180	 x16:0x00000009 x13:0x00000000
          27200	     13596	00100250	03068e93	addi	x29,x13,48	 x13:0x00000000 x29=0x00000030
          27202	     13597	00100254	00020f37	lui	x30,0x20	 x30=0x00020000
          27204	     13598	00100258	01051f93	slli	x31,x10,0x10	 x10:0x3f800031 x31=0x00310000
          27208	     13600	0010025c	01df2023	sw	x29,0(x30)	 x30:0x00020000 x29:0x00000030 PA:0x00020000 store:0x00000030 load:0x00000000
          27210	     13601	00100260	01cfd793	srli	x15,x31,0x1c	 x31:0x00310000 x15=0x00000000
          27212	     13602	00100264	00900713	addi	x14,x0,9	  x0:0x00000000 x14=0x00000009
          27214	     13603	00100268	f2f76ae3	bltu	x14,x15,10019c	 x14:0x00000009 x15:0x00000000
          27216	     13604	0010026c	03078393	addi	x7,x15,48	 x15:0x00000000  x7=0x00000030
          27218	     13605	00100270	000205b7	lui	x11,0x20	 x11=0x00020000
          27220	     13606	00100274	01451613	slli	x12,x10,0x14	 x10:0x3f800031 x12=0x03100000
          27224	     13608	00100278	0075a023	sw	x7,0(x11)	 x11:0x00020000  x7:0x00000030 PA:0x00020000 store:0x00000030 load:0x00000000
          27226	     13609	0010027c	01c65693	srli	x13,x12,0x1c	 x12:0x03100000 x13=0x00000000
          27228	     13610	00100280	00900813	addi	x16,x0,9	  x0:0x00000000 x16=0x00000009
          27230	     13611	00100284	f2d86ae3	bltu	x16,x13,1001b8	 x16:0x00000009 x13:0x00000000
          27232	     13612	00100288	03068e93	addi	x29,x13,48	 x13:0x00000000 x29=0x00000030
          27234	     13613	0010028c	00020f37	lui	x30,0x20	 x30=0x00020000
          27236	     13614	00100290	01851f93	slli	x31,x10,0x18	 x10:0x3f800031 x31=0x31000000
          27240	     13616	00100294	01df2023	sw	x29,0(x30)	 x30:0x00020000 x29:0x00000030 PA:0x00020000 store:0x00000030 load:0x00000000
          27242	     13617	00100298	01cfd793	srli	x15,x31,0x1c	 x31:0x31000000 x15=0x00000003
          27244	     13618	0010029c	00900713	addi	x14,x0,9	  x0:0x00000000 x14=0x00000009
          27246	     13619	001002a0	f2f76ae3	bltu	x14,x15,1001d4	 x14:0x00000009 x15:0x00000003
          27248	     13620	001002a4	03078393	addi	x7,x15,48	 x15:0x00000003  x7=0x00000033
          27250	     13621	001002a8	000205b7	lui	x11,0x20	 x11=0x00020000
          27254	     13623	001002ac	0075a023	sw	x7,0(x11)	 x11:0x00020000  x7:0x00000033 PA:0x00020000 store:0x00000033 load:0x00000000
          27256	     13624	001002b0	00f57513	andi	x10,x10,15	 x10:0x3f800031 x10=0x00000001
          27258	     13625	001002b4	00900613	addi	x12,x0,9	  x0:0x00000000 x12=0x00000009
          27262	     13627	001002b8	f2a67ae3	bgeu	x12,x10,1001ec	 x12:0x00000009 x10:0x00000001
          27266	     13629	001001ec	03050893	addi	x17,x10,48	 x10:0x00000001 x17=0x00000031
          27268	     13630	001001f0	00020e37	lui	x28,0x20	 x28=0x00020000
          27272	     13632	001001f4	011e2023	sw	x17,0(x28)	 x28:0x00020000 x17:0x00000031 PA:0x00020000 store:0x00000031 load:0x00000000
          27276	     13634	001001f8	00008067	jalr	x0,0(x1)	  x1:0x00101408  x0=0x00000000
          27278	     13635	00101408	f1ac18e3	bne	x24,x26,101318	 x24:0x00000014 x26:0x00000014
          27290	     13641	0010140c	00102537	lui	x10,0x102	 x10=0x00102000
          27292	     13642	00101410	93852e87	flw	f29,-1736(x10)	 f10:0x00102000 f29=0x00000000 PA:0x00101938 store:0x00000000
          27294	     13643	00101414	00102337	lui	x6,0x102	  x6=0x00102000
          27296	     13644	00101418	93c32f07	flw	f30,-1732(x6)	  f6:0x00102000 f30=0x00000000 PA:0x0010193c store:0x08e27cac
          27298	     13645	0010141c	00102c37	lui	x24,0x102	 x24=0x00102000
          27300	     13646	00101420	940c2e07	flw	f28,-1728(x24)	 f24:0x00102000 f28=0x00000000 PA:0x00101940 store:0x056b3aa5
          27304	     13648	00101424	001023b7	lui	x7,0x102	  x7=0x00102000
          27306	     13649	00101428	00102ab7	lui	x21,0x102	 x21=0x00102000
          27308	     13650	0010142c	d1daa027	fsw	f29,-768(x21)	 f21:0x00102000 f29:0x00000030 PA:0x00101d00 store:0x42f64a98 load:0x80000000
          27310	     13651	00101430	9443af87	flw	f31,-1724(x7)	  f7:0x00102000 f31=0x00000000 PA:0x00101944 store:0x42f67c6a
          27312	     13652	00101434	d1e9a427	fsw	f30,-760(x19)	 f19:0x00102000 f30:0x00020000 PA:0x00101d08 store:0x41433afb load:0x3ea4b87c
          27314	     13653	00101438	001020b7	lui	x1,0x102	  x1=0x00102000
          27316	     13654	0010143c	00102b37	lui	x22,0x102	 x22=0x00102000
          27318	     13655	00101440	d1cb2627	fsw	f28,-756(x22)	 f22:0x00102000 f28:0x00020000 PA:0x00101d0c store:0x80000000 load:0x3ea4b87c
          27320	     13656	00101444	a4408513	addi	x10,x1,-1468	  x1:0x00102000 x10=0x00101a44
          27322	     13657	00101448	d1f42c27	fsw	f31,-744(x8)	  f8:0x00102000 f31:0x31000000 PA:0x00101d18 store:0x3ea4b87c load:0x3ea4b87c
          27324	     13658	0010144c	c55fe0ef	jal	x1,1000a0	  x1=0x00101450
          27326	     13659	001000a0	00054803	lbu	x16,0(x10)	 x10:0x00101a44 x16=0x0000000a PA:0x00101a44 store:0x00000000
          27328	     13660	001000a4	06080663	beq	x16,x0,100110	 x16:0x0000000a  x0:0x00000000
          27330	     13661	001000a8	000207b7	lui	x15,0x20	 x15=0x00020000
          27332	     13662	001000ac	0107a023	sw	x16,0(x15)	 x15:0x00020000 x16:0x0000000a PA:0x00020000 store:0x0000000a load:0x00000000
          27334	     13663	001000b0	00154703	lbu	x14,1(x10)	 x10:0x00101a44 x14=0x0000000a PA:0x00101a45 store:0x00101450
          27336	     13664	001000b4	04070e63	beq	x14,x0,100110	 x14:0x0000000a  x0:0x00000000
          27338	     13665	001000b8	00e7a023	sw	x14,0(x15)	 x15:0x00020000 x14:0x0000000a PA:0x00020000 store:0x0000000a load:0x00000000
          27340	     13666	001000bc	00254283	lbu	x5,2(x10)	 x10:0x00101a44  x5=0x00000053 PA:0x00101a46 store:0x00137fa0
          27342	     13667	001000c0	04028863	beq	x5,x0,100110	  x5:0x00000053  x0:0x00000000
          27346	     13669	001000c4	0057a023	sw	x5,0(x15)	 x15:0x00020000  x5:0x00000053 PA:0x00020000 store:0x00000053 load:0x00000000
          27350	     13671	001000c8	00354303	lbu	x6,3(x10)	 x10:0x00101a44  x6=0x00000069 PA:0x00101a47 store:0x00000000
          27352	     13672	001000cc	04030263	beq	x6,x0,100110	  x6:0x00000069  x0:0x00000000
          27356	     13674	001000d0	0067a023	sw	x6,0(x15)	 x15:0x00020000  x6:0x00000069 PA:0x00020000 store:0x00000069 load:0x00000000
          27360	     13676	001000d4	00454383	lbu	x7,4(x10)	 x10:0x00101a44  x7=0x00000067 PA:0x00101a48 store:0x00000000
          27362	     13677	001000d8	02038c63	beq	x7,x0,100110	  x7:0x00000067  x0:0x00000000
          27366	     13679	001000dc	0077a023	sw	x7,0(x15)	 x15:0x00020000  x7:0x00000067 PA:0x00020000 store:0x00000067 load:0x00000000
          27370	     13681	001000e0	00554583	lbu	x11,5(x10)	 x10:0x00101a44 x11=0x0000006e PA:0x00101a49 store:0x00000053
          27372	     13682	001000e4	02058663	beq	x11,x0,100110	 x11:0x0000006e  x0:0x00000000
          27376	     13684	001000e8	00b7a023	sw	x11,0(x15)	 x15:0x00020000 x11:0x0000006e PA:0x00020000 store:0x0000006e load:0x00000000
          27380	     13686	001000ec	00654603	lbu	x12,6(x10)	 x10:0x00101a44 x12=0x0000002c PA:0x00101a4a store:0x00000069
          27382	     13687	001000f0	02060063	beq	x12,x0,100110	 x12:0x0000002c  x0:0x00000000
          27386	     13689	001000f4	00c7a023	sw	x12,0(x15)	 x15:0x00020000 x12:0x0000002c PA:0x00020000 store:0x0000002c load:0x00000000
          27390	     13691	001000f8	00754683	lbu	x13,7(x10)	 x10:0x00101a44 x13=0x00000020 PA:0x00101a4b store:0x00000067
          27392	     13692	001000fc	00850513	addi	x10,x10,8	 x10:0x00101a44 x10=0x00101a4c
          27394	     13693	00100100	00068863	beq	x13,x0,100110	 x13:0x00000020  x0:0x00000000
          27398	     13695	00100104	00d7a023	sw	x13,0(x15)	 x15:0x00020000 x13:0x00000020 PA:0x00020000 store:0x00000020 load:0x00000000
          27402	     13697	00100108	00054803	lbu	x16,0(x10)	 x10:0x00101a4c x16=0x0000006d PA:0x00101a4c store:0x00000000
          27406	     13699	0010010c	fa0810e3	bne	x16,x0,1000ac	 x16:0x0000006d  x0:0x00000000
          27412	     13702	001000ac	0107a023	sw	x16,0(x15)	 x15:0x00020000 x16:0x0000006d PA:0x00020000 store:0x0000006d load:0x00000000
          27416	     13704	001000b0	00154703	lbu	x14,1(x10)	 x10:0x00101a4c x14=0x00000061 PA:0x00101a4d store:0x00101450
          27418	     13705	001000b4	04070e63	beq	x14,x0,100110	 x14:0x00000061  x0:0x00000000
          27422	     13707	001000b8	00e7a023	sw	x14,0(x15)	 x15:0x00020000 x14:0x00000061 PA:0x00020000 store:0x00000061 load:0x00000000
          27426	     13709	001000bc	00254283	lbu	x5,2(x10)	 x10:0x00101a4c  x5=0x00000078 PA:0x00101a4e store:0x00137fa0
          27428	     13710	001000c0	04028863	beq	x5,x0,100110	  x5:0x00000078  x0:0x00000000
          27432	     13712	001000c4	0057a023	sw	x5,0(x15)	 x15:0x00020000  x5:0x00000078 PA:0x00020000 store:0x00000078 load:0x00000000
          27436	     13714	001000c8	00354303	lbu	x6,3(x10)	 x10:0x00101a4c  x6=0x00000020 PA:0x00101a4f store:0x00000000
          27438	     13715	001000cc	04030263	beq	x6,x0,100110	  x6:0x00000020  x0:0x00000000
          27442	     13717	001000d0	0067a023	sw	x6,0(x15)	 x15:0x00020000  x6:0x00000020 PA:0x00020000 store:0x00000020 load:0x00000000
          27446	     13719	001000d4	00454383	lbu	x7,4(x10)	 x10:0x00101a4c  x7=0x00000061 PA:0x00101a50 store:0x00000000
          27448	     13720	001000d8	02038c63	beq	x7,x0,100110	  x7:0x00000061  x0:0x00000000
          27452	     13722	001000dc	0077a023	sw	x7,0(x15)	 x15:0x00020000  x7:0x00000061 PA:0x00020000 store:0x00000061 load:0x00000000
          27456	     13724	001000e0	00554583	lbu	x11,5(x10)	 x10:0x00101a4c x11=0x0000006e PA:0x00101a51 store:0x00000078
          27458	     13725	001000e4	02058663	beq	x11,x0,100110	 x11:0x0000006e  x0:0x00000000
          27462	     13727	001000e8	00b7a023	sw	x11,0(x15)	 x15:0x00020000 x11:0x0000006e PA:0x00020000 store:0x0000006e load:0x00000000
          27466	     13729	001000ec	00654603	lbu	x12,6(x10)	 x10:0x00101a4c x12=0x00000064 PA:0x00101a52 store:0x00000020
          27468	     13730	001000f0	02060063	beq	x12,x0,100110	 x12:0x00000064  x0:0x00000000
          27472	     13732	001000f4	00c7a023	sw	x12,0(x15)	 x15:0x00020000 x12:0x00000064 PA:0x00020000 store:0x00000064 load:0x00000000
          27476	     13734	001000f8	00754683	lbu	x13,7(x10)	 x10:0x00101a4c x13=0x00000020 PA:0x00101a53 store:0x00000061
          27478	     13735	001000fc	00850513	addi	x10,x10,8	 x10:0x00101a4c x10=0x00101a54
          27480	     13736	00100100	00068863	beq	x13,x0,100110	 x13:0x00000020  x0:0x00000000
          27484	     13738	00100104	00d7a023	sw	x13,0(x15)	 x15:0x00020000 x13:0x00000020 PA:0x00020000 store:0x00000020 load:0x00000000
          27488	     13740	00100108	00054803	lbu	x16,0(x10)	 x10:0x00101a54 x16=0x00000066 PA:0x00101a54 store:0x00000000
          27492	     13742	0010010c	fa0810e3	bne	x16,x0,1000ac	 x16:0x00000066  x0:0x00000000
          27498	     13745	001000ac	0107a023	sw	x16,0(x15)	 x15:0x00020000 x16:0x00000066 PA:0x00020000 store:0x00000066 load:0x00000000
          27502	     13747	001000b0	00154703	lbu	x14,1(x10)	 x10:0x00101a54 x14=0x0000006e PA:0x00101a55 store:0x00101450
          27504	     13748	001000b4	04070e63	beq	x14,x0,100110	 x14:0x0000006e  x0:0x00000000
          27508	     13750	001000b8	00e7a023	sw	x14,0(x15)	 x15:0x00020000 x14:0x0000006e PA:0x00020000 store:0x0000006e load:0x00000000
          27512	     13752	001000bc	00254283	lbu	x5,2(x10)	 x10:0x00101a54  x5=0x0000006d PA:0x00101a56 store:0x00137fa0
          27514	     13753	001000c0	04028863	beq	x5,x0,100110	  x5:0x0000006d  x0:0x00000000
          27518	     13755	001000c4	0057a023	sw	x5,0(x15)	 x15:0x00020000  x5:0x0000006d PA:0x00020000 store:0x0000006d load:0x00000000
          27522	     13757	001000c8	00354303	lbu	x6,3(x10)	 x10:0x00101a54  x6=0x00000073 PA:0x00101a57 store:0x00000000
          27524	     13758	001000cc	04030263	beq	x6,x0,100110	  x6:0x00000073  x0:0x00000000
          27528	     13760	001000d0	0067a023	sw	x6,0(x15)	 x15:0x00020000  x6:0x00000073 PA:0x00020000 store:0x00000073 load:0x00000000
          27532	     13762	001000d4	00454383	lbu	x7,4(x10)	 x10:0x00101a54  x7=0x00000075 PA:0x00101a58 store:0x00000000
          27534	     13763	001000d8	02038c63	beq	x7,x0,100110	  x7:0x00000075  x0:0x00000000
          27538	     13765	001000dc	0077a023	sw	x7,0(x15)	 x15:0x00020000  x7:0x00000075 PA:0x00020000 store:0x00000075 load:0x00000000
          27542	     13767	001000e0	00554583	lbu	x11,5(x10)	 x10:0x00101a54 x11=0x00000062 PA:0x00101a59 store:0x0000006d
          27544	     13768	001000e4	02058663	beq	x11,x0,100110	 x11:0x00000062  x0:0x00000000
          27548	     13770	001000e8	00b7a023	sw	x11,0(x15)	 x15:0x00020000 x11:0x00000062 PA:0x00020000 store:0x00000062 load:0x00000000
          27552	     13772	001000ec	00654603	lbu	x12,6(x10)	 x10:0x00101a54 x12=0x00000020 PA:0x00101a5a store:0x00000073
          27554	     13773	001000f0	02060063	beq	x12,x0,100110	 x12:0x00000020  x0:0x00000000
          27558	     13775	001000f4	00c7a023	sw	x12,0(x15)	 x15:0x00020000 x12:0x00000020 PA:0x00020000 store:0x00000020 load:0x00000000
          27562	     13777	001000f8	00754683	lbu	x13,7(x10)	 x10:0x00101a54 x13=0x00000069 PA:0x00101a5b store:0x00000075
          27564	     13778	001000fc	00850513	addi	x10,x10,8	 x10:0x00101a54 x10=0x00101a5c
          27566	     13779	00100100	00068863	beq	x13,x0,100110	 x13:0x00000069  x0:0x00000000
          27570	     13781	00100104	00d7a023	sw	x13,0(x15)	 x15:0x00020000 x13:0x00000069 PA:0x00020000 store:0x00000069 load:0x00000000
          27574	     13783	00100108	00054803	lbu	x16,0(x10)	 x10:0x00101a5c x16=0x0000006e PA:0x00101a5c store:0x00000000
          27578	     13785	0010010c	fa0810e3	bne	x16,x0,1000ac	 x16:0x0000006e  x0:0x00000000
          27584	     13788	001000ac	0107a023	sw	x16,0(x15)	 x15:0x00020000 x16:0x0000006e PA:0x00020000 store:0x0000006e load:0x00000000
          27588	     13790	001000b0	00154703	lbu	x14,1(x10)	 x10:0x00101a5c x14=0x00000020 PA:0x00101a5d store:0x00101450
          27590	     13791	001000b4	04070e63	beq	x14,x0,100110	 x14:0x00000020  x0:0x00000000
          27594	     13793	001000b8	00e7a023	sw	x14,0(x15)	 x15:0x00020000 x14:0x00000020 PA:0x00020000 store:0x00000020 load:0x00000000
          27598	     13795	001000bc	00254283	lbu	x5,2(x10)	 x10:0x00101a5c  x5=0x00000077 PA:0x00101a5e store:0x00137fa0
          27600	     13796	001000c0	04028863	beq	x5,x0,100110	  x5:0x00000077  x0:0x00000000
          27604	     13798	001000c4	0057a023	sw	x5,0(x15)	 x15:0x00020000  x5:0x00000077 PA:0x00020000 store:0x00000077 load:0x00000000
          27608	     13800	001000c8	00354303	lbu	x6,3(x10)	 x10:0x00101a5c  x6=0x00000068 PA:0x00101a5f store:0x00000000
          27610	     13801	001000cc	04030263	beq	x6,x0,100110	  x6:0x00000068  x0:0x00000000
          27614	     13803	001000d0	0067a023	sw	x6,0(x15)	 x15:0x00020000  x6:0x00000068 PA:0x00020000 store:0x00000068 load:0x00000000
          27618	     13805	001000d4	00454383	lbu	x7,4(x10)	 x10:0x00101a5c  x7=0x00000069 PA:0x00101a60 store:0x00000000
          27620	     13806	001000d8	02038c63	beq	x7,x0,100110	  x7:0x00000069  x0:0x00000000
          27624	     13808	001000dc	0077a023	sw	x7,0(x15)	 x15:0x00020000  x7:0x00000069 PA:0x00020000 store:0x00000069 load:0x00000000
          27628	     13810	001000e0	00554583	lbu	x11,5(x10)	 x10:0x00101a5c x11=0x0000006c PA:0x00101a61 store:0x00000077
          27630	     13811	001000e4	02058663	beq	x11,x0,100110	 x11:0x0000006c  x0:0x00000000
          27634	     13813	001000e8	00b7a023	sw	x11,0(x15)	 x15:0x00020000 x11:0x0000006c PA:0x00020000 store:0x0000006c load:0x00000000
          27638	     13815	001000ec	00654603	lbu	x12,6(x10)	 x10:0x00101a5c x12=0x00000065 PA:0x00101a62 store:0x00000068
          27640	     13816	001000f0	02060063	beq	x12,x0,100110	 x12:0x00000065  x0:0x00000000
          27644	     13818	001000f4	00c7a023	sw	x12,0(x15)	 x15:0x00020000 x12:0x00000065 PA:0x00020000 store:0x00000065 load:0x00000000
          27648	     13820	001000f8	00754683	lbu	x13,7(x10)	 x10:0x00101a5c x13=0x00000020 PA:0x00101a63 store:0x00000069
          27650	     13821	001000fc	00850513	addi	x10,x10,8	 x10:0x00101a5c x10=0x00101a64
          27652	     13822	00100100	00068863	beq	x13,x0,100110	 x13:0x00000020  x0:0x00000000
          27656	     13824	00100104	00d7a023	sw	x13,0(x15)	 x15:0x00020000 x13:0x00000020 PA:0x00020000 store:0x00000020 load:0x00000000
          27660	     13826	00100108	00054803	lbu	x16,0(x10)	 x10:0x00101a64 x16=0x0000006c PA:0x00101a64 store:0x00000000
          27664	     13828	0010010c	fa0810e3	bne	x16,x0,1000ac	 x16:0x0000006c  x0:0x00000000
          27670	     13831	001000ac	0107a023	sw	x16,0(x15)	 x15:0x00020000 x16:0x0000006c PA:0x00020000 store:0x0000006c load:0x00000000
          27674	     13833	001000b0	00154703	lbu	x14,1(x10)	 x10:0x00101a64 x14=0x0000006f PA:0x00101a65 store:0x00101450
          27676	     13834	001000b4	04070e63	beq	x14,x0,100110	 x14:0x0000006f  x0:0x00000000
          27680	     13836	001000b8	00e7a023	sw	x14,0(x15)	 x15:0x00020000 x14:0x0000006f PA:0x00020000 store:0x0000006f load:0x00000000
          27684	     13838	001000bc	00254283	lbu	x5,2(x10)	 x10:0x00101a64  x5=0x0000006f PA:0x00101a66 store:0x00137fa0
          27686	     13839	001000c0	04028863	beq	x5,x0,100110	  x5:0x0000006f  x0:0x00000000
          27690	     13841	001000c4	0057a023	sw	x5,0(x15)	 x15:0x00020000  x5:0x0000006f PA:0x00020000 store:0x0000006f load:0x00000000
          27694	     13843	001000c8	00354303	lbu	x6,3(x10)	 x10:0x00101a64  x6=0x00000070 PA:0x00101a67 store:0x00000000
          27696	     13844	001000cc	04030263	beq	x6,x0,100110	  x6:0x00000070  x0:0x00000000
          27700	     13846	001000d0	0067a023	sw	x6,0(x15)	 x15:0x00020000  x6:0x00000070 PA:0x00020000 store:0x00000070 load:0x00000000
          27704	     13848	001000d4	00454383	lbu	x7,4(x10)	 x10:0x00101a64  x7=0x00000020 PA:0x00101a68 store:0x00000000
          27706	     13849	001000d8	02038c63	beq	x7,x0,100110	  x7:0x00000020  x0:0x00000000
          27710	     13851	001000dc	0077a023	sw	x7,0(x15)	 x15:0x00020000  x7:0x00000020 PA:0x00020000 store:0x00000020 load:0x00000000
          27714	     13853	001000e0	00554583	lbu	x11,5(x10)	 x10:0x00101a64 x11=0x00000074 PA:0x00101a69 store:0x0000006f
          27716	     13854	001000e4	02058663	beq	x11,x0,100110	 x11:0x00000074  x0:0x00000000
          27720	     13856	001000e8	00b7a023	sw	x11,0(x15)	 x15:0x00020000 x11:0x00000074 PA:0x00020000 store:0x00000074 load:0x00000000
          27724	     13858	001000ec	00654603	lbu	x12,6(x10)	 x10:0x00101a64 x12=0x00000065 PA:0x00101a6a store:0x00000070
          27726	     13859	001000f0	02060063	beq	x12,x0,100110	 x12:0x00000065  x0:0x00000000
          27730	     13861	001000f4	00c7a023	sw	x12,0(x15)	 x15:0x00020000 x12:0x00000065 PA:0x00020000 store:0x00000065 load:0x00000000
          27734	     13863	001000f8	00754683	lbu	x13,7(x10)	 x10:0x00101a64 x13=0x00000073 PA:0x00101a6b store:0x00000020
          27736	     13864	001000fc	00850513	addi	x10,x10,8	 x10:0x00101a64 x10=0x00101a6c
          27738	     13865	00100100	00068863	beq	x13,x0,100110	 x13:0x00000073  x0:0x00000000
          27742	     13867	00100104	00d7a023	sw	x13,0(x15)	 x15:0x00020000 x13:0x00000073 PA:0x00020000 store:0x00000073 load:0x00000000
          27746	     13869	00100108	00054803	lbu	x16,0(x10)	 x10:0x00101a6c x16=0x00000074 PA:0x00101a6c store:0x00000000
          27750	     13871	0010010c	fa0810e3	bne	x16,x0,1000ac	 x16:0x00000074  x0:0x00000000
          27756	     13874	001000ac	0107a023	sw	x16,0(x15)	 x15:0x00020000 x16:0x00000074 PA:0x00020000 store:0x00000074 load:0x00000000
          27760	     13876	001000b0	00154703	lbu	x14,1(x10)	 x10:0x00101a6c x14=0x00000069 PA:0x00101a6d store:0x00101450
          27762	     13877	001000b4	04070e63	beq	x14,x0,100110	 x14:0x00000069  x0:0x00000000
          27766	     13879	001000b8	00e7a023	sw	x14,0(x15)	 x15:0x00020000 x14:0x00000069 PA:0x00020000 store:0x00000069 load:0x00000000
          27770	     13881	001000bc	00254283	lbu	x5,2(x10)	 x10:0x00101a6c  x5=0x0000006e PA:0x00101a6e store:0x00137fa0
          27772	     13882	001000c0	04028863	beq	x5,x0,100110	  x5:0x0000006e  x0:0x00000000
          27776	     13884	001000c4	0057a023	sw	x5,0(x15)	 x15:0x00020000  x5:0x0000006e PA:0x00020000 store:0x0000006e load:0x00000000
          27780	     13886	001000c8	00354303	lbu	x6,3(x10)	 x10:0x00101a6c  x6=0x00000067 PA:0x00101a6f store:0x00000000
          27782	     13887	001000cc	04030263	beq	x6,x0,100110	  x6:0x00000067  x0:0x00000000
          27786	     13889	001000d0	0067a023	sw	x6,0(x15)	 x15:0x00020000  x6:0x00000067 PA:0x00020000 store:0x00000067 load:0x00000000
          27790	     13891	001000d4	00454383	lbu	x7,4(x10)	 x10:0x00101a6c  x7=0x0000002e PA:0x00101a70 store:0x00000000
          27792	     13892	001000d8	02038c63	beq	x7,x0,100110	  x7:0x0000002e  x0:0x00000000
          27796	     13894	001000dc	0077a023	sw	x7,0(x15)	 x15:0x00020000  x7:0x0000002e PA:0x00020000 store:0x0000002e load:0x00000000
          27800	     13896	001000e0	00554583	lbu	x11,5(x10)	 x10:0x00101a6c x11=0x00000000 PA:0x00101a71 store:0x0000006e
          27804	     13898	001000e4	02058663	beq	x11,x0,100110	 x11:0x00000000  x0:0x00000000
          27808	     13900	00100110	00000513	addi	x10,x0,0	  x0:0x00000000 x10=0x00000000
          27822	     13907	00100114	00008067	jalr	x0,0(x1)	  x1:0x00101450  x0=0x00000000
          27824	     13908	00101450	f0000053	fmv.w.x	f0,x0	  x0:0x00000000  f0=0x00000000
          27826	     13909	00101454	d00aa087	flw	f1,-768(x21)	 f21:0x00102000  f1=0x00000000 PA:0x00101d00 store:0x056b3aa5
          27828	     13910	00101458	d089a107	flw	f2,-760(x19)	 f19:0x00102000  f2=0x00000000 PA:0x00101d08 store:0x3f80018a
          27830	     13911	0010145c	a01015d3	flt.s	x11,f0,f1	  f0:0x00000000  f1:0x00101450 x11=0x00000001
          27832	     13912	00101460	00059463	bne	x11,x0,101468	 x11:0x00000001  x0:0x00000000
          27844	     13918	00101468	d029a427	fsw	f2,-760(x19)	 f19:0x00102000  f2:0x00137fa0 PA:0x00101d08 store:0x41433afb load:0x41433afb
          27850	     13921	0010146c	d089a707	flw	f14,-760(x19)	 f19:0x00102000 f14=0x00000000 PA:0x00101d08 store:0x3f80018a
          27852	     13922	00101470	d00aa787	flw	f15,-768(x21)	 f21:0x00102000 f15=0x00000000 PA:0x00000000
          27858	     13925	00101474	28f711d3	fmax.s	f3,f14,f15	 f14:0x00000069 f15:0x00020000  f3=0x00000000
          27864	     13928	00101478	d03b2627	fsw	f3,-756(x22)	 f22:0x00102000  f3:0x00000000 PA:0x00101d0c store:0x42f64a98 load:0x42f64a98
          27868	     13930	0010147c	d00aa207	flw	f4,-768(x21)	 f21:0x00102000  f4=0x00000000 PA:0x00101d00 store:0x00000000
          27872	     13932	00101480	d0cb2587	flw	f11,-756(x22)	 f22:0x00102000 f11=0x00000000 PA:0x00101d0c store:0x3f800315
          27876	     13934	00101484	d1842287	flw	f5,-744(x8)	  f8:0x00102000  f5=0x00000000 PA:0x00101d18 store:0x00000000
          27882	     13937	00101488	2055f34b	fnmsub.s	f6,f11,f5,f4	 f11:0x00000001  f5:0x0000006e  f4:0x00000000  f6=0x00000000
          27888	     13940	0010148c	d06aa027	fsw	f6,-768(x21)	 f21:0x00102000  f6:0x00000067 PA:0x00101d00 store:0x42a70df5 load:0x42a70df5
          27894	     13943	00101490	d00aa607	flw	f12,-768(x21)	 f21:0x00102000 f12=0x00000000 PA:0x00000000
          27900	     13946	00101494	a0061653	flt.s	x12,f12,f0	 f12:0x00000065  f0:0x00000000 x12=0x00000000
          27902	     13947	00101498	fa060ee3	beq	x12,x0,101454	 x12:0x00000000  x0:0x00000000
          27914	     13953	00101454	d00aa087	flw	f1,-768(x21)	 f21:0x00102000  f1=0x00000000 PA:0x00101d00 store:0x00000000
          27916	     13954	00101458	d089a107	flw	f2,-760(x19)	 f19:0x00102000  f2=0x00000000 PA:0x00101d08 store:0x3f80018a
          27920	     13956	0010145c	a01015d3	flt.s	x11,f0,f1	  f0:0x00000000  f1:0x00101450 x11=0x00000001
          27922	     13957	00101460	00059463	bne	x11,x0,101468	 x11:0x00000001  x0:0x00000000
          27934	     13963	00101468	d029a427	fsw	f2,-760(x19)	 f19:0x00102000  f2:0x00137fa0 PA:0x00101d08 store:0x41433afb load:0x41433afb
          27940	     13966	0010146c	d089a707	flw	f14,-760(x19)	 f19:0x00102000 f14=0x00000000 PA:0x00101d08 store:0x3f80018a
          27942	     13967	00101470	d00aa787	flw	f15,-768(x21)	 f21:0x00102000 f15=0x00000000 PA:0x00000000
          27948	     13970	00101474	28f711d3	fmax.s	f3,f14,f15	 f14:0x00000069 f15:0x00020000  f3=0x00000000
          27954	     13973	00101478	d03b2627	fsw	f3,-756(x22)	 f22:0x00102000  f3:0x00000000 PA:0x00101d0c store:0x42a70df5 load:0x42a70df5
          27958	     13975	0010147c	d00aa207	flw	f4,-768(x21)	 f21:0x00102000  f4=0x00000000 PA:0x00101d00 store:0x00000000
          27962	     13977	00101480	d0cb2587	flw	f11,-756(x22)	 f22:0x00102000 f11=0x00000000 PA:0x00101d0c store:0x42a70df5
          27966	     13979	00101484	d1842287	flw	f5,-744(x8)	  f8:0x00102000  f5=0x00000000 PA:0x00101d18 store:0x00000000
          27972	     13982	00101488	2055f34b	fnmsub.s	f6,f11,f5,f4	 f11:0x00000001  f5:0x0000006e  f4:0x00000000  f6=0x00000000
          27978	     13985	0010148c	d06aa027	fsw	f6,-768(x21)	 f21:0x00102000  f6:0x00000067 PA:0x00101d00 store:0x42629e96 load:0x42629e96
          27984	     13988	00101490	d00aa607	flw	f12,-768(x21)	 f21:0x00102000 f12=0x00000000 PA:0x00000000
          27990	     13991	00101494	a0061653	flt.s	x12,f12,f0	 f12:0x00000000  f0:0x00000000 x12=0x00000000
          27992	     13992	00101498	fa060ee3	beq	x12,x0,101454	 x12:0x00000000  x0:0x00000000
          28004	     13998	00101454	d00aa087	flw	f1,-768(x21)	 f21:0x00102000  f1=0x00000000 PA:0x00101d00 store:0x00000000
          28006	     13999	00101458	d089a107	flw	f2,-760(x19)	 f19:0x00102000  f2=0x00000000 PA:0x00101d08 store:0x3f80018a
          28010	     14001	0010145c	a01015d3	flt.s	x11,f0,f1	  f0:0x00000000  f1:0x00101450 x11=0x00000001
          28012	     14002	00101460	00059463	bne	x11,x0,101468	 x11:0x00000001  x0:0x00000000
          28024	     14008	00101468	d029a427	fsw	f2,-760(x19)	 f19:0x00102000  f2:0x00137fa0 PA:0x00101d08 store:0x41433afb load:0x41433afb
          28030	     14011	0010146c	d089a707	flw	f14,-760(x19)	 f19:0x00102000 f14=0x00000000 PA:0x00101d08 store:0x3f80018a
          28032	     14012	00101470	d00aa787	flw	f15,-768(x21)	 f21:0x00102000 f15=0x00000000 PA:0x00000000
          28038	     14015	00101474	28f711d3	fmax.s	f3,f14,f15	 f14:0x00000069 f15:0x00020000  f3=0x00000000
          28044	     14018	00101478	d03b2627	fsw	f3,-756(x22)	 f22:0x00102000  f3:0x00000000 PA:0x00101d0c store:0x42629e96 load:0x42629e96
          28048	     14020	0010147c	d00aa207	flw	f4,-768(x21)	 f21:0x00102000  f4=0x00000000 PA:0x00101d00 store:0x00000000
          28052	     14022	00101480	d0cb2587	flw	f11,-756(x22)	 f22:0x00102000 f11=0x00000000 PA:0x00101d0c store:0x42629e96
          28056	     14024	00101484	d1842287	flw	f5,-744(x8)	  f8:0x00102000  f5=0x00000000 PA:0x00101d18 store:0x00000000
          28062	     14027	00101488	2055f34b	fnmsub.s	f6,f11,f5,f4	 f11:0x00000001  f5:0x0000006e  f4:0x00000000  f6=0x00000000
          28068	     14030	0010148c	d06aa027	fsw	f6,-768(x21)	 f21:0x00102000  f6:0x00000067 PA:0x00101d00 store:0x4219b622 load:0x4219b622
          28074	     14033	00101490	d00aa607	flw	f12,-768(x21)	 f21:0x00102000 f12=0x00000000 PA:0x00000000
          28080	     14036	00101494	a0061653	flt.s	x12,f12,f0	 f12:0x00000000  f0:0x00000000 x12=0x00000000
          28082	     14037	00101498	fa060ee3	beq	x12,x0,101454	 x12:0x00000000  x0:0x00000000
          28094	     14043	00101454	d00aa087	flw	f1,-768(x21)	 f21:0x00102000  f1=0x00000000 PA:0x00101d00 store:0x00000000
          28096	     14044	00101458	d089a107	flw	f2,-760(x19)	 f19:0x00102000  f2=0x00000000 PA:0x00101d08 store:0x3f80018a
          28100	     14046	0010145c	a01015d3	flt.s	x11,f0,f1	  f0:0x00000000  f1:0x00101450 x11=0x00000001
          28102	     14047	00101460	00059463	bne	x11,x0,101468	 x11:0x00000001  x0:0x00000000
          28114	     14053	00101468	d029a427	fsw	f2,-760(x19)	 f19:0x00102000  f2:0x00137fa0 PA:0x00101d08 store:0x41433afb load:0x41433afb
          28120	     14056	0010146c	d089a707	flw	f14,-760(x19)	 f19:0x00102000 f14=0x00000000 PA:0x00101d08 store:0x3f80018a
          28122	     14057	00101470	d00aa787	flw	f15,-768(x21)	 f21:0x00102000 f15=0x00000000 PA:0x00000000
          28128	     14060	00101474	28f711d3	fmax.s	f3,f14,f15	 f14:0x00000069 f15:0x00020000  f3=0x00000000
          28134	     14063	00101478	d03b2627	fsw	f3,-756(x22)	 f22:0x00102000  f3:0x00000000 PA:0x00101d0c store:0x4219b622 load:0x4219b622
          28138	     14065	0010147c	d00aa207	flw	f4,-768(x21)	 f21:0x00102000  f4=0x00000000 PA:0x00101d00 store:0x00000000
          28142	     14067	00101480	d0cb2587	flw	f11,-756(x22)	 f22:0x00102000 f11=0x00000000 PA:0x00101d0c store:0x4219b622
          28146	     14069	00101484	d1842287	flw	f5,-744(x8)	  f8:0x00102000  f5=0x00000000 PA:0x00101d18 store:0x00000000
          28152	     14072	00101488	2055f34b	fnmsub.s	f6,f11,f5,f4	 f11:0x00000001  f5:0x0000006e  f4:0x00000000  f6=0x00000000
          28158	     14075	0010148c	d06aa027	fsw	f6,-768(x21)	 f21:0x00102000  f6:0x00000067 PA:0x00101d00 store:0x41d084d1 load:0x41d084d1
          28164	     14078	00101490	d00aa607	flw	f12,-768(x21)	 f21:0x00102000 f12=0x00000000 PA:0x00000000
          28170	     14081	00101494	a0061653	flt.s	x12,f12,f0	 f12:0x00000000  f0:0x00000000 x12=0x00000000
          28172	     14082	00101498	fa060ee3	beq	x12,x0,101454	 x12:0x00000000  x0:0x00000000
          28184	     14088	00101454	d00aa087	flw	f1,-768(x21)	 f21:0x00102000  f1=0x00000000 PA:0x00101d00 store:0x00000000
          28186	     14089	00101458	d089a107	flw	f2,-760(x19)	 f19:0x00102000  f2=0x00000000 PA:0x00101d08 store:0x3f80018a
          28190	     14091	0010145c	a01015d3	flt.s	x11,f0,f1	  f0:0x00000000  f1:0x00101450 x11=0x00000001
          28192	     14092	00101460	00059463	bne	x11,x0,101468	 x11:0x00000001  x0:0x00000000
          28204	     14098	00101468	d029a427	fsw	f2,-760(x19)	 f19:0x00102000  f2:0x00137fa0 PA:0x00101d08 store:0x41433afb load:0x41433afb
          28210	     14101	0010146c	d089a707	flw	f14,-760(x19)	 f19:0x00102000 f14=0x00000000 PA:0x00101d08 store:0x3f80018a
          28212	     14102	00101470	d00aa787	flw	f15,-768(x21)	 f21:0x00102000 f15=0x00000000 PA:0x00000000
          28218	     14105	00101474	28f711d3	fmax.s	f3,f14,f15	 f14:0x00000069 f15:0x00020000  f3=0x00000000
          28224	     14108	00101478	d03b2627	fsw	f3,-756(x22)	 f22:0x00102000  f3:0x00000000 PA:0x00101d0c store:0x41d084d1 load:0x41d084d1
          28228	     14110	0010147c	d00aa207	flw	f4,-768(x21)	 f21:0x00102000  f4=0x00000000 PA:0x00101d00 store:0x00000000
          28232	     14112	00101480	d0cb2587	flw	f11,-756(x22)	 f22:0x00102000 f11=0x00000000 PA:0x00101d0c store:0x41d084d1
          28236	     14114	00101484	d1842287	flw	f5,-744(x8)	  f8:0x00102000  f5=0x00000000 PA:0x00101d18 store:0x00000000
          28242	     14117	00101488	2055f34b	fnmsub.s	f6,f11,f5,f4	 f11:0x00000001  f5:0x0000006e  f4:0x00000000  f6=0x00000000
          28248	     14120	0010148c	d06aa027	fsw	f6,-768(x21)	 f21:0x00102000  f6:0x00000067 PA:0x00101d00 store:0x418d6f24 load:0x418d6f24
          28254	     14123	00101490	d00aa607	flw	f12,-768(x21)	 f21:0x00102000 f12=0x00000000 PA:0x00000000
          28260	     14126	00101494	a0061653	flt.s	x12,f12,f0	 f12:0x00000000  f0:0x00000000 x12=0x00000000
          28262	     14127	00101498	fa060ee3	beq	x12,x0,101454	 x12:0x00000000  x0:0x00000000
          28274	     14133	00101454	d00aa087	flw	f1,-768(x21)	 f21:0x00102000  f1=0x00000000 PA:0x00101d00 store:0x00000000
          28276	     14134	00101458	d089a107	flw	f2,-760(x19)	 f19:0x00102000  f2=0x00000000 PA:0x00101d08 store:0x3f80018a
          28280	     14136	0010145c	a01015d3	flt.s	x11,f0,f1	  f0:0x00000000  f1:0x00101450 x11=0x00000001
          28282	     14137	00101460	00059463	bne	x11,x0,101468	 x11:0x00000001  x0:0x00000000
          28294	     14143	00101468	d029a427	fsw	f2,-760(x19)	 f19:0x00102000  f2:0x00137fa0 PA:0x00101d08 store:0x41433afb load:0x41433afb
          28300	     14146	0010146c	d089a707	flw	f14,-760(x19)	 f19:0x00102000 f14=0x00000000 PA:0x00101d08 store:0x3f80018a
          28302	     14147	00101470	d00aa787	flw	f15,-768(x21)	 f21:0x00102000 f15=0x00000000 PA:0x00000000
          28308	     14150	00101474	28f711d3	fmax.s	f3,f14,f15	 f14:0x00000069 f15:0x00020000  f3=0x00000000
          28314	     14153	00101478	d03b2627	fsw	f3,-756(x22)	 f22:0x00102000  f3:0x00000000 PA:0x00101d0c store:0x418d6f24 load:0x418d6f24
          28318	     14155	0010147c	d00aa207	flw	f4,-768(x21)	 f21:0x00102000  f4=0x00000000 PA:0x00101d00 store:0x00000000
          28322	     14157	00101480	d0cb2587	flw	f11,-756(x22)	 f22:0x00102000 f11=0x00000000 PA:0x00101d0c store:0x418d6f24
          28326	     14159	00101484	d1842287	flw	f5,-744(x8)	  f8:0x00102000  f5=0x00000000 PA:0x00101d18 store:0x00000000
          28332	     14162	00101488	2055f34b	fnmsub.s	f6,f11,f5,f4	 f11:0x00000001  f5:0x0000006e  f4:0x00000000  f6=0x00000000
          28338	     14165	0010148c	d06aa027	fsw	f6,-768(x21)	 f21:0x00102000  f6:0x00000067 PA:0x00101d00 store:0x413fdd29 load:0x413fdd29
          28344	     14168	00101490	d00aa607	flw	f12,-768(x21)	 f21:0x00102000 f12=0x00000000 PA:0x00000000
          28350	     14171	00101494	a0061653	flt.s	x12,f12,f0	 f12:0x00000000  f0:0x00000000 x12=0x00000000
          28352	     14172	00101498	fa060ee3	beq	x12,x0,101454	 x12:0x00000000  x0:0x00000000
          28364	     14178	00101454	d00aa087	flw	f1,-768(x21)	 f21:0x00102000  f1=0x00000000 PA:0x00101d00 store:0x00000000
          28366	     14179	00101458	d089a107	flw	f2,-760(x19)	 f19:0x00102000  f2=0x00000000 PA:0x00101d08 store:0x3f80018a
          28370	     14181	0010145c	a01015d3	flt.s	x11,f0,f1	  f0:0x00000000  f1:0x00101450 x11=0x00000001
          28372	     14182	00101460	00059463	bne	x11,x0,101468	 x11:0x00000001  x0:0x00000000
          28384	     14188	00101468	d029a427	fsw	f2,-760(x19)	 f19:0x00102000  f2:0x00137fa0 PA:0x00101d08 store:0x41433afb load:0x41433afb
          28390	     14191	0010146c	d089a707	flw	f14,-760(x19)	 f19:0x00102000 f14=0x00000000 PA:0x00101d08 store:0x3f80018a
          28392	     14192	00101470	d00aa787	flw	f15,-768(x21)	 f21:0x00102000 f15=0x00000000 PA:0x00000000
          28398	     14195	00101474	28f711d3	fmax.s	f3,f14,f15	 f14:0x00000069 f15:0x00020000  f3=0x00000000
          28404	     14198	00101478	d03b2627	fsw	f3,-756(x22)	 f22:0x00102000  f3:0x00000000 PA:0x00101d0c store:0x41433afb load:0x413fdd29
          28408	     14200	0010147c	d00aa207	flw	f4,-768(x21)	 f21:0x00102000  f4=0x00000000 PA:0x00101d00 store:0x00000000
          28412	     14202	00101480	d0cb2587	flw	f11,-756(x22)	 f22:0x00102000 f11=0x00000000 PA:0x00101d0c store:0x413fdd29
          28416	     14204	00101484	d1842287	flw	f5,-744(x8)	  f8:0x00102000  f5=0x00000000 PA:0x00101d18 store:0x00000000
          28422	     14207	00101488	2055f34b	fnmsub.s	f6,f11,f5,f4	 f11:0x00000001  f5:0x0000006e  f4:0x00000000  f6=0x00000000
          28428	     14210	0010148c	d06aa027	fsw	f6,-768(x21)	 f21:0x00102000  f6:0x00000067 PA:0x00101d00 store:0x41010dec load:0x41010dec
          28434	     14213	00101490	d00aa607	flw	f12,-768(x21)	 f21:0x00102000 f12=0x00000000 PA:0x00000000
          28440	     14216	00101494	a0061653	flt.s	x12,f12,f0	 f12:0x00000000  f0:0x00000000 x12=0x00000000
          28442	     14217	00101498	fa060ee3	beq	x12,x0,101454	 x12:0x00000000  x0:0x00000000
          28454	     14223	00101454	d00aa087	flw	f1,-768(x21)	 f21:0x00102000  f1=0x00000000 PA:0x00101d00 store:0x00000000
          28456	     14224	00101458	d089a107	flw	f2,-760(x19)	 f19:0x00102000  f2=0x00000000 PA:0x00101d08 store:0x3f80018a
          28460	     14226	0010145c	a01015d3	flt.s	x11,f0,f1	  f0:0x00000000  f1:0x00101450 x11=0x00000001
          28462	     14227	00101460	00059463	bne	x11,x0,101468	 x11:0x00000001  x0:0x00000000
          28474	     14233	00101468	d029a427	fsw	f2,-760(x19)	 f19:0x00102000  f2:0x00137fa0 PA:0x00101d08 store:0x41433afb load:0x41433afb
          28480	     14236	0010146c	d089a707	flw	f14,-760(x19)	 f19:0x00102000 f14=0x00000000 PA:0x00101d08 store:0x3f80018a
          28482	     14237	00101470	d00aa787	flw	f15,-768(x21)	 f21:0x00102000 f15=0x00000000 PA:0x00000000
          28488	     14240	00101474	28f711d3	fmax.s	f3,f14,f15	 f14:0x00000069 f15:0x00020000  f3=0x00000000
          28494	     14243	00101478	d03b2627	fsw	f3,-756(x22)	 f22:0x00102000  f3:0x00000000 PA:0x00101d0c store:0x41433afb load:0x41010dec
          28498	     14245	0010147c	d00aa207	flw	f4,-768(x21)	 f21:0x00102000  f4=0x00000000 PA:0x00101d00 store:0x00000000
          28502	     14247	00101480	d0cb2587	flw	f11,-756(x22)	 f22:0x00102000 f11=0x00000000 PA:0x00101d0c store:0x41010dec
          28506	     14249	00101484	d1842287	flw	f5,-744(x8)	  f8:0x00102000  f5=0x00000000 PA:0x00101d18 store:0x00000000
          28512	     14252	00101488	2055f34b	fnmsub.s	f6,f11,f5,f4	 f11:0x00000001  f5:0x0000006e  f4:0x00000000  f6=0x00000000
          28518	     14255	0010148c	d06aa027	fsw	f6,-768(x21)	 f21:0x00102000  f6:0x00000067 PA:0x00101d00 store:0x40847d5e load:0x40847d5e
          28524	     14258	00101490	d00aa607	flw	f12,-768(x21)	 f21:0x00102000 f12=0x00000000 PA:0x00000000
          28530	     14261	00101494	a0061653	flt.s	x12,f12,f0	 f12:0x00000000  f0:0x00000000 x12=0x00000000
          28532	     14262	00101498	fa060ee3	beq	x12,x0,101454	 x12:0x00000000  x0:0x00000000
          28544	     14268	00101454	d00aa087	flw	f1,-768(x21)	 f21:0x00102000  f1=0x00000000 PA:0x00101d00 store:0x00000000
          28546	     14269	00101458	d089a107	flw	f2,-760(x19)	 f19:0x00102000  f2=0x00000000 PA:0x00101d08 store:0x3f80018a
          28550	     14271	0010145c	a01015d3	flt.s	x11,f0,f1	  f0:0x00000000  f1:0x00101450 x11=0x00000001
          28552	     14272	00101460	00059463	bne	x11,x0,101468	 x11:0x00000001  x0:0x00000000
          28564	     14278	00101468	d029a427	fsw	f2,-760(x19)	 f19:0x00102000  f2:0x00137fa0 PA:0x00101d08 store:0x41433afb load:0x41433afb
          28570	     14281	0010146c	d089a707	flw	f14,-760(x19)	 f19:0x00102000 f14=0x00000000 PA:0x00101d08 store:0x3f80018a
          28572	     14282	00101470	d00aa787	flw	f15,-768(x21)	 f21:0x00102000 f15=0x00000000 PA:0x00000000
          28578	     14285	00101474	28f711d3	fmax.s	f3,f14,f15	 f14:0x00000069 f15:0x00020000  f3=0x00000000
          28584	     14288	00101478	d03b2627	fsw	f3,-756(x22)	 f22:0x00102000  f3:0x00000000 PA:0x00101d0c store:0x41433afb load:0x40847d5e
          28588	     14290	0010147c	d00aa207	flw	f4,-768(x21)	 f21:0x00102000  f4=0x00000000 PA:0x00101d00 store:0x00000000
          28592	     14292	00101480	d0cb2587	flw	f11,-756(x22)	 f22:0x00102000 f11=0x00000000 PA:0x00101d0c store:0x40847d5e
          28596	     14294	00101484	d1842287	flw	f5,-744(x8)	  f8:0x00102000  f5=0x00000000 PA:0x00101d18 store:0x00000000
          28602	     14297	00101488	2055f34b	fnmsub.s	f6,f11,f5,f4	 f11:0x00000001  f5:0x0000006e  f4:0x00000000  f6=0x00000000
          28608	     14300	0010148c	d06aa027	fsw	f6,-768(x21)	 f21:0x00102000  f6:0x00000067 PA:0x00101d00 store:0x3e5bdc88 load:0x3e5bdc88
          28614	     14303	00101490	d00aa607	flw	f12,-768(x21)	 f21:0x00102000 f12=0x00000000 PA:0x00000000
          28620	     14306	00101494	a0061653	flt.s	x12,f12,f0	 f12:0x00000000  f0:0x00000000 x12=0x00000000
          28622	     14307	00101498	fa060ee3	beq	x12,x0,101454	 x12:0x00000000  x0:0x00000000
          28634	     14313	00101454	d00aa087	flw	f1,-768(x21)	 f21:0x00102000  f1=0x00000000 PA:0x00101d00 store:0x00000000
          28636	     14314	00101458	d089a107	flw	f2,-760(x19)	 f19:0x00102000  f2=0x00000000 PA:0x00101d08 store:0x3f80018a
          28640	     14316	0010145c	a01015d3	flt.s	x11,f0,f1	  f0:0x00000000  f1:0x00101450 x11=0x00000001
          28642	     14317	00101460	00059463	bne	x11,x0,101468	 x11:0x00000001  x0:0x00000000
          28654	     14323	00101468	d029a427	fsw	f2,-760(x19)	 f19:0x00102000  f2:0x00137fa0 PA:0x00101d08 store:0x41433afb load:0x41433afb
          28660	     14326	0010146c	d089a707	flw	f14,-760(x19)	 f19:0x00102000 f14=0x00000000 PA:0x00101d08 store:0x3f80018a
          28662	     14327	00101470	d00aa787	flw	f15,-768(x21)	 f21:0x00102000 f15=0x00000000 PA:0x00000000
          28668	     14330	00101474	28f711d3	fmax.s	f3,f14,f15	 f14:0x00000069 f15:0x00020000  f3=0x00000000
          28674	     14333	00101478	d03b2627	fsw	f3,-756(x22)	 f22:0x00102000  f3:0x00000000 PA:0x00101d0c store:0x41433afb load:0x3e5bdc88
          28678	     14335	0010147c	d00aa207	flw	f4,-768(x21)	 f21:0x00102000  f4=0x00000000 PA:0x00101d00 store:0x00000000
          28682	     14337	00101480	d0cb2587	flw	f11,-756(x22)	 f22:0x00102000 f11=0x00000000 PA:0x00101d0c store:0x3e5bdc88
          28686	     14339	00101484	d1842287	flw	f5,-744(x8)	  f8:0x00102000  f5=0x00000000 PA:0x00101d18 store:0x00000000
          28692	     14342	00101488	2055f34b	fnmsub.s	f6,f11,f5,f4	 f11:0x00000001  f5:0x0000006e  f4:0x00000000  f6=0x00000000
          28698	     14345	0010148c	d06aa027	fsw	f6,-768(x21)	 f21:0x00102000  f6:0x00000067 PA:0x00101d00 store:0xc06d7f2b load:0xc06d7f2b
          28704	     14348	00101490	d00aa607	flw	f12,-768(x21)	 f21:0x00102000 f12=0x00000000 PA:0x00000000
          28710	     14351	00101494	a0061653	flt.s	x12,f12,f0	 f12:0x00000000  f0:0x00000000 x12=0x00000001
          28720	     14356	00101498	fa060ee3	beq	x12,x0,101454	 x12:0x00000001  x0:0x00000000
          28722	     14357	0010149c	d00aa687	flw	f13,-768(x21)	 f21:0x00102000 f13=0x00000000 PA:0x00101d00 store:0x00000000
          28726	     14359	001014a0	00102837	lui	x16,0x102	 x16=0x00102000
          28728	     14360	001014a4	a7480513	addi	x10,x16,-1420	 x16:0x00102000 x10=0x00101a74
          28730	     14361	001014a8	e00688d3	fmv.x.w	x17,f13	 f13:0x00000073 x17=0xc06d7f2b
          28732	     14362	001014ac	cf1a2c23	sw	x17,-776(x20)	 x20:0x00102000 x17:0xc06d7f2b PA:0x00101cf8 store:0xc06d7f2b load:0xc06d7f2b
          28734	     14363	001014b0	bf1fe0ef	jal	x1,1000a0	  x1=0x001014b4
          28736	     14364	001000a0	00054803	lbu	x16,0(x10)	 x10:0x00101a74 x16=0x0000000a PA:0x00101a74 store:0x00000000
          28738	     14365	001000a4	06080663	beq	x16,x0,100110	 x16:0x0000000a  x0:0x00000000
          28740	     14366	001000a8	000207b7	lui	x15,0x20	 x15=0x00020000
          28744	     14368	001000ac	0107a023	sw	x16,0(x15)	 x15:0x00020000 x16:0x0000000a PA:0x00020000 store:0x0000000a load:0x00000000
          28748	     14370	001000b0	00154703	lbu	x14,1(x10)	 x10:0x00101a74 x14=0x00000020 PA:0x00101a75 store:0x001014b4
          28750	     14371	001000b4	04070e63	beq	x14,x0,100110	 x14:0x00000020  x0:0x00000000
          28754	     14373	001000b8	00e7a023	sw	x14,0(x15)	 x15:0x00020000 x14:0x00000020 PA:0x00020000 store:0x00000020 load:0x00000000
          28758	     14375	001000bc	00254283	lbu	x5,2(x10)	 x10:0x00101a74  x5=0x00000046 PA:0x00101a76 store:0x00137fa0
          28760	     14376	001000c0	04028863	beq	x5,x0,100110	  x5:0x00000046  x0:0x00000000
          28764	     14378	001000c4	0057a023	sw	x5,0(x15)	 x15:0x00020000  x5:0x00000046 PA:0x00020000 store:0x00000046 load:0x00000000
          28768	     14380	001000c8	00354303	lbu	x6,3(x10)	 x10:0x00101a74  x6=0x00000069 PA:0x00101a77 store:0x00000000
          28770	     14381	001000cc	04030263	beq	x6,x0,100110	  x6:0x00000069  x0:0x00000000
          28774	     14383	001000d0	0067a023	sw	x6,0(x15)	 x15:0x00020000  x6:0x00000069 PA:0x00020000 store:0x00000069 load:0x00000000
          28778	     14385	001000d4	00454383	lbu	x7,4(x10)	 x10:0x00101a74  x7=0x0000006e PA:0x00101a78 store:0x00000000
          28780	     14386	001000d8	02038c63	beq	x7,x0,100110	  x7:0x0000006e  x0:0x00000000
          28784	     14388	001000dc	0077a023	sw	x7,0(x15)	 x15:0x00020000  x7:0x0000006e PA:0x00020000 store:0x0000006e load:0x00000000
          28788	     14390	001000e0	00554583	lbu	x11,5(x10)	 x10:0x00101a74 x11=0x00000061 PA:0x00101a79 store:0x00000046
          28790	     14391	001000e4	02058663	beq	x11,x0,100110	 x11:0x00000061  x0:0x00000000
          28794	     14393	001000e8	00b7a023	sw	x11,0(x15)	 x15:0x00020000 x11:0x00000061 PA:0x00020000 store:0x00000061 load:0x00000000
          28798	     14395	001000ec	00654603	lbu	x12,6(x10)	 x10:0x00101a74 x12=0x0000006c PA:0x00101a7a store:0x00000069
          28800	     14396	001000f0	02060063	beq	x12,x0,100110	 x12:0x0000006c  x0:0x00000000
          28804	     14398	001000f4	00c7a023	sw	x12,0(x15)	 x15:0x00020000 x12:0x0000006c PA:0x00020000 store:0x0000006c load:0x00000000
          28808	     14400	001000f8	00754683	lbu	x13,7(x10)	 x10:0x00101a74 x13=0x00000020 PA:0x00101a7b store:0x0000006e
          28810	     14401	001000fc	00850513	addi	x10,x10,8	 x10:0x00101a74 x10=0x00101a7c
          28812	     14402	00100100	00068863	beq	x13,x0,100110	 x13:0x00000020  x0:0x00000000
          28816	     14404	00100104	00d7a023	sw	x13,0(x15)	 x15:0x00020000 x13:0x00000020 PA:0x00020000 store:0x00000020 load:0x00000000
          28820	     14406	00100108	00054803	lbu	x16,0(x10)	 x10:0x00101a7c x16=0x00000072 PA:0x00101a7c store:0x00000000
          28824	     14408	0010010c	fa0810e3	bne	x16,x0,1000ac	 x16:0x00000072  x0:0x00000000
          28830	     14411	001000ac	0107a023	sw	x16,0(x15)	 x15:0x00020000 x16:0x00000072 PA:0x00020000 store:0x00000072 load:0x00000000
          28834	     14413	001000b0	00154703	lbu	x14,1(x10)	 x10:0x00101a7c x14=0x00000065 PA:0x00101a7d store:0x001014b4
          28836	     14414	001000b4	04070e63	beq	x14,x0,100110	 x14:0x00000065  x0:0x00000000
          28840	     14416	001000b8	00e7a023	sw	x14,0(x15)	 x15:0x00020000 x14:0x00000065 PA:0x00020000 store:0x00000065 load:0x00000000
          28844	     14418	001000bc	00254283	lbu	x5,2(x10)	 x10:0x00101a7c  x5=0x00000073 PA:0x00101a7e store:0x00137fa0
          28846	     14419	001000c0	04028863	beq	x5,x0,100110	  x5:0x00000073  x0:0x00000000
          28850	     14421	001000c4	0057a023	sw	x5,0(x15)	 x15:0x00020000  x5:0x00000073 PA:0x00020000 store:0x00000073 load:0x00000000
          28854	     14423	001000c8	00354303	lbu	x6,3(x10)	 x10:0x00101a7c  x6=0x00000075 PA:0x00101a7f store:0x00000000
          28856	     14424	001000cc	04030263	beq	x6,x0,100110	  x6:0x00000075  x0:0x00000000
          28860	     14426	001000d0	0067a023	sw	x6,0(x15)	 x15:0x00020000  x6:0x00000075 PA:0x00020000 store:0x00000075 load:0x00000000
          28864	     14428	001000d4	00454383	lbu	x7,4(x10)	 x10:0x00101a7c  x7=0x0000006c PA:0x00101a80 store:0x00000000
          28866	     14429	001000d8	02038c63	beq	x7,x0,100110	  x7:0x0000006c  x0:0x00000000
          28870	     14431	001000dc	0077a023	sw	x7,0(x15)	 x15:0x00020000  x7:0x0000006c PA:0x00020000 store:0x0000006c load:0x00000000
          28874	     14433	001000e0	00554583	lbu	x11,5(x10)	 x10:0x00101a7c x11=0x00000074 PA:0x00101a81 store:0x00000073
          28876	     14434	001000e4	02058663	beq	x11,x0,100110	 x11:0x00000074  x0:0x00000000
          28880	     14436	001000e8	00b7a023	sw	x11,0(x15)	 x15:0x00020000 x11:0x00000074 PA:0x00020000 store:0x00000074 load:0x00000000
          28884	     14438	001000ec	00654603	lbu	x12,6(x10)	 x10:0x00101a7c x12=0x0000003a PA:0x00101a82 store:0x00000075
          28886	     14439	001000f0	02060063	beq	x12,x0,100110	 x12:0x0000003a  x0:0x00000000
          28890	     14441	001000f4	00c7a023	sw	x12,0(x15)	 x15:0x00020000 x12:0x0000003a PA:0x00020000 store:0x0000003a load:0x00000000
          28894	     14443	001000f8	00754683	lbu	x13,7(x10)	 x10:0x00101a7c x13=0x00000000 PA:0x00101a83 store:0x0000006c
          28896	     14444	001000fc	00850513	addi	x10,x10,8	 x10:0x00101a7c x10=0x00101a84
          28900	     14446	00100100	00068863	beq	x13,x0,100110	 x13:0x00000000  x0:0x00000000
          28904	     14448	00100110	00000513	addi	x10,x0,0	  x0:0x00000000 x10=0x00000000
          28908	     14450	00100114	00008067	jalr	x0,0(x1)	  x1:0x001014b4  x0=0x00000000
          28912	     14452	001014b4	cf8a2503	lw	x10,-776(x20)	 x20:0x00102000 x10=0xc06d7f2b PA:0x00101cf8 store:0x00102000
          28914	     14453	001014b8	00102db7	lui	x27,0x102	 x27=0x00102000
          28918	     14455	001014bc	c65fe0ef	jal	x1,100120	  x1=0x001014c0
          28920	     14456	00100120	01c55793	srli	x15,x10,0x1c	 x10:0xc06d7f2b x15=0x0000000c
          28922	     14457	00100124	00900713	addi	x14,x0,9	  x0:0x00000000 x14=0x00000009
          28924	     14458	00100128	0cf77a63	bgeu	x14,x15,1001fc	 x14:0x00000009 x15:0x0000000c
          28926	     14459	0010012c	03778293	addi	x5,x15,55	 x15:0x0000000c  x5=0x00000043
          28928	     14460	00100130	00020337	lui	x6,0x20	  x6=0x00020000
          28930	     14461	00100134	00451613	slli	x12,x10,0x4	 x10:0xc06d7f2b x12=0x06d7f2b0
          28934	     14463	00100138	00532023	sw	x5,0(x6)	  x6:0x00020000  x5:0x00000043 PA:0x00020000 store:0x00000043 load:0x00000000
          28936	     14464	0010013c	01c65693	srli	x13,x12,0x1c	 x12:0x06d7f2b0 x13=0x00000000
          28938	     14465	00100140	00900813	addi	x16,x0,9	  x0:0x00000000 x16=0x00000009
          28942	     14467	00100144	0cd87a63	bgeu	x16,x13,100218	 x16:0x00000009 x13:0x00000000
          28946	     14469	00100218	03068e93	addi	x29,x13,48	 x13:0x00000000 x29=0x00000030
          28948	     14470	0010021c	00020f37	lui	x30,0x20	 x30=0x00020000
          28950	     14471	00100220	00851f93	slli	x31,x10,0x8	 x10:0xc06d7f2b x31=0x6d7f2b00
          28954	     14473	00100224	01df2023	sw	x29,0(x30)	 x30:0x00020000 x29:0x00000030 PA:0x00020000 store:0x00000030 load:0x00000000
          28956	     14474	00100228	01cfd793	srli	x15,x31,0x1c	 x31:0x6d7f2b00 x15=0x00000006
          28958	     14475	0010022c	00900713	addi	x14,x0,9	  x0:0x00000000 x14=0x00000009
          28960	     14476	00100230	f2f76ae3	bltu	x14,x15,100164	 x14:0x00000009 x15:0x00000006
          28962	     14477	00100234	03078393	addi	x7,x15,48	 x15:0x00000006  x7=0x00000036
          28964	     14478	00100238	000205b7	lui	x11,0x20	 x11=0x00020000
          28966	     14479	0010023c	00c51613	slli	x12,x10,0xc	 x10:0xc06d7f2b x12=0xd7f2b000
          28970	     14481	00100240	0075a023	sw	x7,0(x11)	 x11:0x00020000  x7:0x00000036 PA:0x00020000 store:0x00000036 load:0x00000000
          28972	     14482	00100244	01c65693	srli	x13,x12,0x1c	 x12:0xd7f2b000 x13=0x0000000d
          28974	     14483	00100248	00900813	addi	x16,x0,9	  x0:0x00000000 x16=0x00000009
          28978	     14485	0010024c	f2d86ae3	bltu	x16,x13,100180	 x16:0x00000009 x13:0x0000000d
          28982	     14487	00100180	03768893	addi	x17,x13,55	 x13:0x0000000d x17=0x00000044
          28984	     14488	00100184	00020e37	lui	x28,0x20	 x28=0x00020000
          28986	     14489	00100188	01051f93	slli	x31,x10,0x10	 x10:0xc06d7f2b x31=0x7f2b0000
          28990	     14491	0010018c	011e2023	sw	x17,0(x28)	 x28:0x00020000 x17:0x00000044 PA:0x00020000 store:0x00000044 load:0x00000000
          28992	     14492	00100190	01cfd793	srli	x15,x31,0x1c	 x31:0x7f2b0000 x15=0x00000007
          28994	     14493	00100194	00900713	addi	x14,x0,9	  x0:0x00000000 x14=0x00000009
          28998	     14495	00100198	0cf77a63	bgeu	x14,x15,10026c	 x14:0x00000009 x15:0x00000007
          29002	     14497	0010026c	03078393	addi	x7,x15,48	 x15:0x00000007  x7=0x00000037
          29004	     14498	00100270	000205b7	lui	x11,0x20	 x11=0x00020000
          29006	     14499	00100274	01451613	slli	x12,x10,0x14	 x10:0xc06d7f2b x12=0xf2b00000
          29010	     14501	00100278	0075a023	sw	x7,0(x11)	 x11:0x00020000  x7:0x00000037 PA:0x00020000 store:0x00000037 load:0x00000000
          29012	     14502	0010027c	01c65693	srli	x13,x12,0x1c	 x12:0xf2b00000 x13=0x0000000f
          29014	     14503	00100280	00900813	addi	x16,x0,9	  x0:0x00000000 x16=0x00000009
          29018	     14505	00100284	f2d86ae3	bltu	x16,x13,1001b8	 x16:0x00000009 x13:0x0000000f
          29022	     14507	001001b8	03768893	addi	x17,x13,55	 x13:0x0000000f x17=0x00000046
          29024	     14508	001001bc	00020e37	lui	x28,0x20	 x28=0x00020000
          29026	     14509	001001c0	01851f93	slli	x31,x10,0x18	 x10:0xc06d7f2b x31=0x2b000000
          29030	     14511	001001c4	011e2023	sw	x17,0(x28)	 x28:0x00020000 x17:0x00000046 PA:0x00020000 store:0x00000046 load:0x00000000
          29032	     14512	001001c8	01cfd793	srli	x15,x31,0x1c	 x31:0x2b000000 x15=0x00000002
          29034	     14513	001001cc	00900713	addi	x14,x0,9	  x0:0x00000000 x14=0x00000009
          29038	     14515	001001d0	0cf77a63	bgeu	x14,x15,1002a4	 x14:0x00000009 x15:0x00000002
          29042	     14517	001002a4	03078393	addi	x7,x15,48	 x15:0x00000002  x7=0x00000032
          29044	     14518	001002a8	000205b7	lui	x11,0x20	 x11=0x00020000
          29048	     14520	001002ac	0075a023	sw	x7,0(x11)	 x11:0x00020000  x7:0x00000032 PA:0x00020000 store:0x00000032 load:0x00000000
          29050	     14521	001002b0	00f57513	andi	x10,x10,15	 x10:0xc06d7f2b x10=0x0000000b
          29052	     14522	001002b4	00900613	addi	x12,x0,9	  x0:0x00000000 x12=0x00000009
          29054	     14523	001002b8	f2a67ae3	bgeu	x12,x10,1001ec	 x12:0x00000009 x10:0x0000000b
          29056	     14524	001002bc	03750693	addi	x13,x10,55	 x10:0x0000000b x13=0x00000042
          29058	     14525	001002c0	00020837	lui	x16,0x20	 x16=0x00020000
          29062	     14527	001002c4	00d82023	sw	x13,0(x16)	 x16:0x00020000 x13:0x00000042 PA:0x00020000 store:0x00000042 load:0x00000000
          29066	     14529	001002c8	00008067	jalr	x0,0(x1)	  x1:0x001014c0  x0=0x00000000
          29068	     14530	001014c0	00102e37	lui	x28,0x102	 x28=0x00102000
          29070	     14531	001014c4	a84e0513	addi	x10,x28,-1404	 x28:0x00102000 x10=0x00101a84
          29074	     14533	001014c8	bd9fe0ef	jal	x1,1000a0	  x1=0x001014cc
          29078	     14535	001000a0	00054803	lbu	x16,0(x10)	 x10:0x00101a84 x16=0x0000000a PA:0x00101a84 store:0x00000000
          29080	     14536	001000a4	06080663	beq	x16,x0,100110	 x16:0x0000000a  x0:0x00000000
          29082	     14537	001000a8	000207b7	lui	x15,0x20	 x15=0x00020000
          29086	     14539	001000ac	0107a023	sw	x16,0(x15)	 x15:0x00020000 x16:0x0000000a PA:0x00020000 store:0x0000000a load:0x00000000
          29090	     14541	001000b0	00154703	lbu	x14,1(x10)	 x10:0x00101a84 x14=0x0000000a PA:0x00101a85 store:0x001014cc
          29092	     14542	001000b4	04070e63	beq	x14,x0,100110	 x14:0x0000000a  x0:0x00000000
          29096	     14544	001000b8	00e7a023	sw	x14,0(x15)	 x15:0x00020000 x14:0x0000000a PA:0x00020000 store:0x0000000a load:0x00000000
          29100	     14546	001000bc	00254283	lbu	x5,2(x10)	 x10:0x00101a84  x5=0x00000054 PA:0x00101a86 store:0x00137fa0
          29102	     14547	001000c0	04028863	beq	x5,x0,100110	  x5:0x00000054  x0:0x00000000
          29106	     14549	001000c4	0057a023	sw	x5,0(x15)	 x15:0x00020000  x5:0x00000054 PA:0x00020000 store:0x00000054 load:0x00000000
          29110	     14551	001000c8	00354303	lbu	x6,3(x10)	 x10:0x00101a84  x6=0x00000065 PA:0x00101a87 store:0x00000000
          29112	     14552	001000cc	04030263	beq	x6,x0,100110	  x6:0x00000065  x0:0x00000000
          29116	     14554	001000d0	0067a023	sw	x6,0(x15)	 x15:0x00020000  x6:0x00000065 PA:0x00020000 store:0x00000065 load:0x00000000
          29120	     14556	001000d4	00454383	lbu	x7,4(x10)	 x10:0x00101a84  x7=0x00000073 PA:0x00101a88 store:0x00000000
          29122	     14557	001000d8	02038c63	beq	x7,x0,100110	  x7:0x00000073  x0:0x00000000
          29126	     14559	001000dc	0077a023	sw	x7,0(x15)	 x15:0x00020000  x7:0x00000073 PA:0x00020000 store:0x00000073 load:0x00000000
          29130	     14561	001000e0	00554583	lbu	x11,5(x10)	 x10:0x00101a84 x11=0x00000074 PA:0x00101a89 store:0x00000054
          29132	     14562	001000e4	02058663	beq	x11,x0,100110	 x11:0x00000074  x0:0x00000000
          29136	     14564	001000e8	00b7a023	sw	x11,0(x15)	 x15:0x00020000 x11:0x00000074 PA:0x00020000 store:0x00000074 load:0x00000000
          29140	     14566	001000ec	00654603	lbu	x12,6(x10)	 x10:0x00101a84 x12=0x00000069 PA:0x00101a8a store:0x00000065
          29142	     14567	001000f0	02060063	beq	x12,x0,100110	 x12:0x00000069  x0:0x00000000
          29146	     14569	001000f4	00c7a023	sw	x12,0(x15)	 x15:0x00020000 x12:0x00000069 PA:0x00020000 store:0x00000069 load:0x00000000
          29150	     14571	001000f8	00754683	lbu	x13,7(x10)	 x10:0x00101a84 x13=0x0000006e PA:0x00101a8b store:0x00000073
          29152	     14572	001000fc	00850513	addi	x10,x10,8	 x10:0x00101a84 x10=0x00101a8c
          29154	     14573	00100100	00068863	beq	x13,x0,100110	 x13:0x0000006e  x0:0x00000000
          29158	     14575	00100104	00d7a023	sw	x13,0(x15)	 x15:0x00020000 x13:0x0000006e PA:0x00020000 store:0x0000006e load:0x00000000
          29162	     14577	00100108	00054803	lbu	x16,0(x10)	 x10:0x00101a8c x16=0x00000067 PA:0x00101a8c store:0x00000000
          29166	     14579	0010010c	fa0810e3	bne	x16,x0,1000ac	 x16:0x00000067  x0:0x00000000
          29172	     14582	001000ac	0107a023	sw	x16,0(x15)	 x15:0x00020000 x16:0x00000067 PA:0x00020000 store:0x00000067 load:0x00000000
          29176	     14584	001000b0	00154703	lbu	x14,1(x10)	 x10:0x00101a8c x14=0x00000020 PA:0x00101a8d store:0x001014cc
          29178	     14585	001000b4	04070e63	beq	x14,x0,100110	 x14:0x00000020  x0:0x00000000
          29182	     14587	001000b8	00e7a023	sw	x14,0(x15)	 x15:0x00020000 x14:0x00000020 PA:0x00020000 store:0x00000020 load:0x00000000
          29186	     14589	001000bc	00254283	lbu	x5,2(x10)	 x10:0x00101a8c  x5=0x00000043 PA:0x00101a8e store:0x00137fa0
          29188	     14590	001000c0	04028863	beq	x5,x0,100110	  x5:0x00000043  x0:0x00000000
          29192	     14592	001000c4	0057a023	sw	x5,0(x15)	 x15:0x00020000  x5:0x00000043 PA:0x00020000 store:0x00000043 load:0x00000000
          29196	     14594	001000c8	00354303	lbu	x6,3(x10)	 x10:0x00101a8c  x6=0x0000006c PA:0x00101a8f store:0x00000000
          29198	     14595	001000cc	04030263	beq	x6,x0,100110	  x6:0x0000006c  x0:0x00000000
          29202	     14597	001000d0	0067a023	sw	x6,0(x15)	 x15:0x00020000  x6:0x0000006c PA:0x00020000 store:0x0000006c load:0x00000000
          29206	     14599	001000d4	00454383	lbu	x7,4(x10)	 x10:0x00101a8c  x7=0x00000061 PA:0x00101a90 store:0x00000000
          29208	     14600	001000d8	02038c63	beq	x7,x0,100110	  x7:0x00000061  x0:0x00000000
          29212	     14602	001000dc	0077a023	sw	x7,0(x15)	 x15:0x00020000  x7:0x00000061 PA:0x00020000 store:0x00000061 load:0x00000000
          29216	     14604	001000e0	00554583	lbu	x11,5(x10)	 x10:0x00101a8c x11=0x00000073 PA:0x00101a91 store:0x00000043
          29218	     14605	001000e4	02058663	beq	x11,x0,100110	 x11:0x00000073  x0:0x00000000
          29222	     14607	001000e8	00b7a023	sw	x11,0(x15)	 x15:0x00020000 x11:0x00000073 PA:0x00020000 store:0x00000073 load:0x00000000
          29226	     14609	001000ec	00654603	lbu	x12,6(x10)	 x10:0x00101a8c x12=0x00000073 PA:0x00101a92 store:0x0000006c
          29228	     14610	001000f0	02060063	beq	x12,x0,100110	 x12:0x00000073  x0:0x00000000
          29232	     14612	001000f4	00c7a023	sw	x12,0(x15)	 x15:0x00020000 x12:0x00000073 PA:0x00020000 store:0x00000073 load:0x00000000
          29236	     14614	001000f8	00754683	lbu	x13,7(x10)	 x10:0x00101a8c x13=0x00000069 PA:0x00101a93 store:0x00000061
          29238	     14615	001000fc	00850513	addi	x10,x10,8	 x10:0x00101a8c x10=0x00101a94
          29240	     14616	00100100	00068863	beq	x13,x0,100110	 x13:0x00000069  x0:0x00000000
          29244	     14618	00100104	00d7a023	sw	x13,0(x15)	 x15:0x00020000 x13:0x00000069 PA:0x00020000 store:0x00000069 load:0x00000000
          29248	     14620	00100108	00054803	lbu	x16,0(x10)	 x10:0x00101a94 x16=0x00000066 PA:0x00101a94 store:0x00000000
          29252	     14622	0010010c	fa0810e3	bne	x16,x0,1000ac	 x16:0x00000066  x0:0x00000000
          29258	     14625	001000ac	0107a023	sw	x16,0(x15)	 x15:0x00020000 x16:0x00000066 PA:0x00020000 store:0x00000066 load:0x00000000
          29262	     14627	001000b0	00154703	lbu	x14,1(x10)	 x10:0x00101a94 x14=0x00000079 PA:0x00101a95 store:0x001014cc
          29264	     14628	001000b4	04070e63	beq	x14,x0,100110	 x14:0x00000079  x0:0x00000000
          29268	     14630	001000b8	00e7a023	sw	x14,0(x15)	 x15:0x00020000 x14:0x00000079 PA:0x00020000 store:0x00000079 load:0x00000000
          29272	     14632	001000bc	00254283	lbu	x5,2(x10)	 x10:0x00101a94  x5=0x00000020 PA:0x00101a96 store:0x00137fa0
          29274	     14633	001000c0	04028863	beq	x5,x0,100110	  x5:0x00000020  x0:0x00000000
          29278	     14635	001000c4	0057a023	sw	x5,0(x15)	 x15:0x00020000  x5:0x00000020 PA:0x00020000 store:0x00000020 load:0x00000000
          29282	     14637	001000c8	00354303	lbu	x6,3(x10)	 x10:0x00101a94  x6=0x00000069 PA:0x00101a97 store:0x00000000
          29284	     14638	001000cc	04030263	beq	x6,x0,100110	  x6:0x00000069  x0:0x00000000
          29288	     14640	001000d0	0067a023	sw	x6,0(x15)	 x15:0x00020000  x6:0x00000069 PA:0x00020000 store:0x00000069 load:0x00000000
          29292	     14642	001000d4	00454383	lbu	x7,4(x10)	 x10:0x00101a94  x7=0x0000006e PA:0x00101a98 store:0x00000000
          29294	     14643	001000d8	02038c63	beq	x7,x0,100110	  x7:0x0000006e  x0:0x00000000
          29298	     14645	001000dc	0077a023	sw	x7,0(x15)	 x15:0x00020000  x7:0x0000006e PA:0x00020000 store:0x0000006e load:0x00000000
          29302	     14647	001000e0	00554583	lbu	x11,5(x10)	 x10:0x00101a94 x11=0x00000073 PA:0x00101a99 store:0x00000020
          29304	     14648	001000e4	02058663	beq	x11,x0,100110	 x11:0x00000073  x0:0x00000000
          29308	     14650	001000e8	00b7a023	sw	x11,0(x15)	 x15:0x00020000 x11:0x00000073 PA:0x00020000 store:0x00000073 load:0x00000000
          29312	     14652	001000ec	00654603	lbu	x12,6(x10)	 x10:0x00101a94 x12=0x00000074 PA:0x00101a9a store:0x00000069
          29314	     14653	001000f0	02060063	beq	x12,x0,100110	 x12:0x00000074  x0:0x00000000
          29318	     14655	001000f4	00c7a023	sw	x12,0(x15)	 x15:0x00020000 x12:0x00000074 PA:0x00020000 store:0x00000074 load:0x00000000
          29322	     14657	001000f8	00754683	lbu	x13,7(x10)	 x10:0x00101a94 x13=0x00000072 PA:0x00101a9b store:0x0000006e
          29324	     14658	001000fc	00850513	addi	x10,x10,8	 x10:0x00101a94 x10=0x00101a9c
          29326	     14659	00100100	00068863	beq	x13,x0,100110	 x13:0x00000072  x0:0x00000000
          29330	     14661	00100104	00d7a023	sw	x13,0(x15)	 x15:0x00020000 x13:0x00000072 PA:0x00020000 store:0x00000072 load:0x00000000
          29334	     14663	00100108	00054803	lbu	x16,0(x10)	 x10:0x00101a9c x16=0x00000075 PA:0x00101a9c store:0x00000000
          29338	     14665	0010010c	fa0810e3	bne	x16,x0,1000ac	 x16:0x00000075  x0:0x00000000
          29344	     14668	001000ac	0107a023	sw	x16,0(x15)	 x15:0x00020000 x16:0x00000075 PA:0x00020000 store:0x00000075 load:0x00000000
          29348	     14670	001000b0	00154703	lbu	x14,1(x10)	 x10:0x00101a9c x14=0x00000063 PA:0x00101a9d store:0x001014cc
          29350	     14671	001000b4	04070e63	beq	x14,x0,100110	 x14:0x00000063  x0:0x00000000
          29354	     14673	001000b8	00e7a023	sw	x14,0(x15)	 x15:0x00020000 x14:0x00000063 PA:0x00020000 store:0x00000063 load:0x00000000
          29358	     14675	001000bc	00254283	lbu	x5,2(x10)	 x10:0x00101a9c  x5=0x00000074 PA:0x00101a9e store:0x00137fa0
          29360	     14676	001000c0	04028863	beq	x5,x0,100110	  x5:0x00000074  x0:0x00000000
          29364	     14678	001000c4	0057a023	sw	x5,0(x15)	 x15:0x00020000  x5:0x00000074 PA:0x00020000 store:0x00000074 load:0x00000000
          29368	     14680	001000c8	00354303	lbu	x6,3(x10)	 x10:0x00101a9c  x6=0x00000069 PA:0x00101a9f store:0x00000000
          29370	     14681	001000cc	04030263	beq	x6,x0,100110	  x6:0x00000069  x0:0x00000000
          29374	     14683	001000d0	0067a023	sw	x6,0(x15)	 x15:0x00020000  x6:0x00000069 PA:0x00020000 store:0x00000069 load:0x00000000
          29378	     14685	001000d4	00454383	lbu	x7,4(x10)	 x10:0x00101a9c  x7=0x0000006f PA:0x00101aa0 store:0x00000000
          29380	     14686	001000d8	02038c63	beq	x7,x0,100110	  x7:0x0000006f  x0:0x00000000
          29384	     14688	001000dc	0077a023	sw	x7,0(x15)	 x15:0x00020000  x7:0x0000006f PA:0x00020000 store:0x0000006f load:0x00000000
          29388	     14690	001000e0	00554583	lbu	x11,5(x10)	 x10:0x00101a9c x11=0x0000006e PA:0x00101aa1 store:0x00000074
          29390	     14691	001000e4	02058663	beq	x11,x0,100110	 x11:0x0000006e  x0:0x00000000
          29394	     14693	001000e8	00b7a023	sw	x11,0(x15)	 x15:0x00020000 x11:0x0000006e PA:0x00020000 store:0x0000006e load:0x00000000
          29398	     14695	001000ec	00654603	lbu	x12,6(x10)	 x10:0x00101a9c x12=0x00000073 PA:0x00101aa2 store:0x00000069
          29400	     14696	001000f0	02060063	beq	x12,x0,100110	 x12:0x00000073  x0:0x00000000
          29404	     14698	001000f4	00c7a023	sw	x12,0(x15)	 x15:0x00020000 x12:0x00000073 PA:0x00020000 store:0x00000073 load:0x00000000
          29408	     14700	001000f8	00754683	lbu	x13,7(x10)	 x10:0x00101a9c x13=0x0000003a PA:0x00101aa3 store:0x0000006f
          29410	     14701	001000fc	00850513	addi	x10,x10,8	 x10:0x00101a9c x10=0x00101aa4
          29412	     14702	00100100	00068863	beq	x13,x0,100110	 x13:0x0000003a  x0:0x00000000
          29416	     14704	00100104	00d7a023	sw	x13,0(x15)	 x15:0x00020000 x13:0x0000003a PA:0x00020000 store:0x0000003a load:0x00000000
          29420	     14706	00100108	00054803	lbu	x16,0(x10)	 x10:0x00101aa4 x16=0x00000020 PA:0x00101aa4 store:0x00000000
          29424	     14708	0010010c	fa0810e3	bne	x16,x0,1000ac	 x16:0x00000020  x0:0x00000000
          29430	     14711	001000ac	0107a023	sw	x16,0(x15)	 x15:0x00020000 x16:0x00000020 PA:0x00020000 store:0x00000020 load:0x00000000
          29434	     14713	001000b0	00154703	lbu	x14,1(x10)	 x10:0x00101aa4 x14=0x0000000a PA:0x00101aa5 store:0x001014cc
          29436	     14714	001000b4	04070e63	beq	x14,x0,100110	 x14:0x0000000a  x0:0x00000000
          29440	     14716	001000b8	00e7a023	sw	x14,0(x15)	 x15:0x00020000 x14:0x0000000a PA:0x00020000 store:0x0000000a load:0x00000000
          29444	     14718	001000bc	00254283	lbu	x5,2(x10)	 x10:0x00101aa4  x5=0x00000000 PA:0x00101aa6 store:0x00137fa0
          29448	     14720	001000c0	04028863	beq	x5,x0,100110	  x5:0x00000000  x0:0x00000000
          29452	     14722	00100110	00000513	addi	x10,x0,0	  x0:0x00000000 x10=0x00000000
          29456	     14724	00100114	00008067	jalr	x0,0(x1)	  x1:0x001014cc  x0=0x00000000
          29458	     14725	001014cc	ff800eb7	lui	x29,0xff800	 x29=0xff800000
          29462	     14727	001014d0	cfda2c23	sw	x29,-776(x20)	 x20:0x00102000 x29:0xff800000 PA:0x00101cf8 store:0xff800000 load:0x00000a20
          29466	     14729	001014d4	cf8a2f03	lw	x30,-776(x20)	 x20:0x00102000 x30=0xff800000 PA:0x00101cf8 store:0x00102000
          29478	     14735	001014d8	00102fb7	lui	x31,0x102	 x31=0x00102000
          29480	     14736	001014dc	f00f03d3	fmv.w.x	f7,x30	 x30:0xff800000  f7=0x00000000
          29484	     14738	001014e0	aa8f8513	addi	x10,x31,-1368	 x31:0x00102000 x10=0x00101aa8
          29486	     14739	001014e4	d27ba227	fsw	f7,-732(x23)	 f23:0x00102000  f7:0x0000006f PA:0x00101d24 store:0xff800000 load:0xff800000
          29490	     14741	001014e8	d24ba407	flw	f8,-732(x23)	 f23:0x00102000  f8=0x00000000 PA:0x00000000
          29496	     14744	001014ec	e0041d53	fclass.s	x26,f8	  f8:0x00102000 x26=0x00000001
          29498	     14745	001014f0	cfaa2c23	sw	x26,-776(x20)	 x20:0x00102000 x26:0x00000001 PA:0x00101cf8 store:0x00000001 load:0xff800000
          29502	     14747	001014f4	badfe0ef	jal	x1,1000a0	  x1=0x001014f8
          29506	     14749	001000a0	00054803	lbu	x16,0(x10)	 x10:0x00101aa8 x16=0x00000020 PA:0x00101aa8 store:0x00000000
          29508	     14750	001000a4	06080663	beq	x16,x0,100110	 x16:0x00000020  x0:0x00000000
          29510	     14751	001000a8	000207b7	lui	x15,0x20	 x15=0x00020000
          29514	     14753	001000ac	0107a023	sw	x16,0(x15)	 x15:0x00020000 x16:0x00000020 PA:0x00020000 store:0x00000020 load:0x00000000
          29518	     14755	001000b0	00154703	lbu	x14,1(x10)	 x10:0x00101aa8 x14=0x00000045 PA:0x00101aa9 store:0x001014f8
          29520	     14756	001000b4	04070e63	beq	x14,x0,100110	 x14:0x00000045  x0:0x00000000
          29524	     14758	001000b8	00e7a023	sw	x14,0(x15)	 x15:0x00020000 x14:0x00000045 PA:0x00020000 store:0x00000045 load:0x00000000
          29528	     14760	001000bc	00254283	lbu	x5,2(x10)	 x10:0x00101aa8  x5=0x00000078 PA:0x00101aaa store:0x00137fa0
          29530	     14761	001000c0	04028863	beq	x5,x0,100110	  x5:0x00000078  x0:0x00000000
          29534	     14763	001000c4	0057a023	sw	x5,0(x15)	 x15:0x00020000  x5:0x00000078 PA:0x00020000 store:0x00000078 load:0x00000000
          29538	     14765	001000c8	00354303	lbu	x6,3(x10)	 x10:0x00101aa8  x6=0x00000070 PA:0x00101aab store:0x00000000
          29540	     14766	001000cc	04030263	beq	x6,x0,100110	  x6:0x00000070  x0:0x00000000
          29544	     14768	001000d0	0067a023	sw	x6,0(x15)	 x15:0x00020000  x6:0x00000070 PA:0x00020000 store:0x00000070 load:0x00000000
          29548	     14770	001000d4	00454383	lbu	x7,4(x10)	 x10:0x00101aa8  x7=0x00000065 PA:0x00101aac store:0x00000000
          29550	     14771	001000d8	02038c63	beq	x7,x0,100110	  x7:0x00000065  x0:0x00000000
          29554	     14773	001000dc	0077a023	sw	x7,0(x15)	 x15:0x00020000  x7:0x00000065 PA:0x00020000 store:0x00000065 load:0x00000000
          29558	     14775	001000e0	00554583	lbu	x11,5(x10)	 x10:0x00101aa8 x11=0x00000063 PA:0x00101aad store:0x00000078
          29560	     14776	001000e4	02058663	beq	x11,x0,100110	 x11:0x00000063  x0:0x00000000
          29564	     14778	001000e8	00b7a023	sw	x11,0(x15)	 x15:0x00020000 x11:0x00000063 PA:0x00020000 store:0x00000063 load:0x00000000
          29568	     14780	001000ec	00654603	lbu	x12,6(x10)	 x10:0x00101aa8 x12=0x00000074 PA:0x00101aae store:0x00000070
          29570	     14781	001000f0	02060063	beq	x12,x0,100110	 x12:0x00000074  x0:0x00000000
          29574	     14783	001000f4	00c7a023	sw	x12,0(x15)	 x15:0x00020000 x12:0x00000074 PA:0x00020000 store:0x00000074 load:0x00000000
          29578	     14785	001000f8	00754683	lbu	x13,7(x10)	 x10:0x00101aa8 x13=0x00000069 PA:0x00101aaf store:0x00000065
          29580	     14786	001000fc	00850513	addi	x10,x10,8	 x10:0x00101aa8 x10=0x00101ab0
          29582	     14787	00100100	00068863	beq	x13,x0,100110	 x13:0x00000069  x0:0x00000000
          29586	     14789	00100104	00d7a023	sw	x13,0(x15)	 x15:0x00020000 x13:0x00000069 PA:0x00020000 store:0x00000069 load:0x00000000
          29590	     14791	00100108	00054803	lbu	x16,0(x10)	 x10:0x00101ab0 x16=0x0000006e PA:0x00101ab0 store:0x00000000
          29594	     14793	0010010c	fa0810e3	bne	x16,x0,1000ac	 x16:0x0000006e  x0:0x00000000
          29600	     14796	001000ac	0107a023	sw	x16,0(x15)	 x15:0x00020000 x16:0x0000006e PA:0x00020000 store:0x0000006e load:0x00000000
          29604	     14798	001000b0	00154703	lbu	x14,1(x10)	 x10:0x00101ab0 x14=0x00000067 PA:0x00101ab1 store:0x001014f8
          29606	     14799	001000b4	04070e63	beq	x14,x0,100110	 x14:0x00000067  x0:0x00000000
          29610	     14801	001000b8	00e7a023	sw	x14,0(x15)	 x15:0x00020000 x14:0x00000067 PA:0x00020000 store:0x00000067 load:0x00000000
          29614	     14803	001000bc	00254283	lbu	x5,2(x10)	 x10:0x00101ab0  x5=0x00000020 PA:0x00101ab2 store:0x00137fa0
          29616	     14804	001000c0	04028863	beq	x5,x0,100110	  x5:0x00000020  x0:0x00000000
          29620	     14806	001000c4	0057a023	sw	x5,0(x15)	 x15:0x00020000  x5:0x00000020 PA:0x00020000 store:0x00000020 load:0x00000000
          29624	     14808	001000c8	00354303	lbu	x6,3(x10)	 x10:0x00101ab0  x6=0x00000030 PA:0x00101ab3 store:0x00000000
          29626	     14809	001000cc	04030263	beq	x6,x0,100110	  x6:0x00000030  x0:0x00000000
          29630	     14811	001000d0	0067a023	sw	x6,0(x15)	 x15:0x00020000  x6:0x00000030 PA:0x00020000 store:0x00000030 load:0x00000000
          29634	     14813	001000d4	00454383	lbu	x7,4(x10)	 x10:0x00101ab0  x7=0x00000078 PA:0x00101ab4 store:0x00000000
          29636	     14814	001000d8	02038c63	beq	x7,x0,100110	  x7:0x00000078  x0:0x00000000
          29640	     14816	001000dc	0077a023	sw	x7,0(x15)	 x15:0x00020000  x7:0x00000078 PA:0x00020000 store:0x00000078 load:0x00000000
          29644	     14818	001000e0	00554583	lbu	x11,5(x10)	 x10:0x00101ab0 x11=0x00000031 PA:0x00101ab5 store:0x00000020
          29646	     14819	001000e4	02058663	beq	x11,x0,100110	 x11:0x00000031  x0:0x00000000
          29650	     14821	001000e8	00b7a023	sw	x11,0(x15)	 x15:0x00020000 x11:0x00000031 PA:0x00020000 store:0x00000031 load:0x00000000
          29654	     14823	001000ec	00654603	lbu	x12,6(x10)	 x10:0x00101ab0 x12=0x0000003a PA:0x00101ab6 store:0x00000030
          29656	     14824	001000f0	02060063	beq	x12,x0,100110	 x12:0x0000003a  x0:0x00000000
          29660	     14826	001000f4	00c7a023	sw	x12,0(x15)	 x15:0x00020000 x12:0x0000003a PA:0x00020000 store:0x0000003a load:0x00000000
          29664	     14828	001000f8	00754683	lbu	x13,7(x10)	 x10:0x00101ab0 x13=0x00000020 PA:0x00101ab7 store:0x00000078
          29666	     14829	001000fc	00850513	addi	x10,x10,8	 x10:0x00101ab0 x10=0x00101ab8
          29668	     14830	00100100	00068863	beq	x13,x0,100110	 x13:0x00000020  x0:0x00000000
          29672	     14832	00100104	00d7a023	sw	x13,0(x15)	 x15:0x00020000 x13:0x00000020 PA:0x00020000 store:0x00000020 load:0x00000000
          29676	     14834	00100108	00054803	lbu	x16,0(x10)	 x10:0x00101ab8 x16=0x00000000 PA:0x00101ab8 store:0x00000000
          29678	     14835	0010010c	fa0810e3	bne	x16,x0,1000ac	 x16:0x00000000  x0:0x00000000
          29680	     14836	00100110	00000513	addi	x10,x0,0	  x0:0x00000000 x10=0x00000000
          29684	     14838	00100114	00008067	jalr	x0,0(x1)	  x1:0x001014f8  x0=0x00000000
          29688	     14840	001014f8	cf8a2503	lw	x10,-776(x20)	 x20:0x00102000 x10=0x00000001 PA:0x00101cf8 store:0x00102000
          29690	     14841	001014fc	00102d37	lui	x26,0x102	 x26=0x00102000
          29694	     14843	00101500	c21fe0ef	jal	x1,100120	  x1=0x00101504
          29696	     14844	00100120	01c55793	srli	x15,x10,0x1c	 x10:0x00000001 x15=0x00000000
          29698	     14845	00100124	00900713	addi	x14,x0,9	  x0:0x00000000 x14=0x00000009
          29702	     14847	00100128	0cf77a63	bgeu	x14,x15,1001fc	 x14:0x00000009 x15:0x00000000
          29706	     14849	001001fc	03078393	addi	x7,x15,48	 x15:0x00000000  x7=0x00000030
          29708	     14850	00100200	000205b7	lui	x11,0x20	 x11=0x00020000
          29710	     14851	00100204	00451613	slli	x12,x10,0x4	 x10:0x00000001 x12=0x00000010
          29714	     14853	00100208	0075a023	sw	x7,0(x11)	 x11:0x00020000  x7:0x00000030 PA:0x00020000 store:0x00000030 load:0x00000000
          29716	     14854	0010020c	01c65693	srli	x13,x12,0x1c	 x12:0x00000010 x13=0x00000000
          29718	     14855	00100210	00900813	addi	x16,x0,9	  x0:0x00000000 x16=0x00000009
          29720	     14856	00100214	f2d86ae3	bltu	x16,x13,100148	 x16:0x00000009 x13:0x00000000
          29722	     14857	00100218	03068e93	addi	x29,x13,48	 x13:0x00000000 x29=0x00000030
          29724	     14858	0010021c	00020f37	lui	x30,0x20	 x30=0x00020000
          29726	     14859	00100220	00851f93	slli	x31,x10,0x8	 x10:0x00000001 x31=0x00000100
          29730	     14861	00100224	01df2023	sw	x29,0(x30)	 x30:0x00020000 x29:0x00000030 PA:0x00020000 store:0x00000030 load:0x00000000
          29732	     14862	00100228	01cfd793	srli	x15,x31,0x1c	 x31:0x00000100 x15=0x00000000
          29734	     14863	0010022c	00900713	addi	x14,x0,9	  x0:0x00000000 x14=0x00000009
          29736	     14864	00100230	f2f76ae3	bltu	x14,x15,100164	 x14:0x00000009 x15:0x00000000
          29738	     14865	00100234	03078393	addi	x7,x15,48	 x15:0x00000000  x7=0x00000030
          29740	     14866	00100238	000205b7	lui	x11,0x20	 x11=0x00020000
          29742	     14867	0010023c	00c51613	slli	x12,x10,0xc	 x10:0x00000001 x12=0x00001000
          29746	     14869	00100240	0075a023	sw	x7,0(x11)	 x11:0x00020000  x7:0x00000030 PA:0x00020000 store:0x00000030 load:0x00000000
          29748	     14870	00100244	01c65693	srli	x13,x12,0x1c	 x12:0x00001000 x13=0x00000000
          29750	     14871	00100248	00900813	addi	x16,x0,9	  x0:0x00000000 x16=0x00000009
          29752	     14872	0010024c	f2d86ae3	bltu	x16,x13,100180	 x16:0x00000009 x13:0x00000000
          29754	     14873	00100250	03068e93	addi	x29,x13,48	 x13:0x00000000 x29=0x00000030
          29756	     14874	00100254	00020f37	lui	x30,0x20	 x30=0x00020000
          29758	     14875	00100258	01051f93	slli	x31,x10,0x10	 x10:0x00000001 x31=0x00010000
          29762	     14877	0010025c	01df2023	sw	x29,0(x30)	 x30:0x00020000 x29:0x00000030 PA:0x00020000 store:0x00000030 load:0x00000000
          29764	     14878	00100260	01cfd793	srli	x15,x31,0x1c	 x31:0x00010000 x15=0x00000000
          29766	     14879	00100264	00900713	addi	x14,x0,9	  x0:0x00000000 x14=0x00000009
          29768	     14880	00100268	f2f76ae3	bltu	x14,x15,10019c	 x14:0x00000009 x15:0x00000000
          29770	     14881	0010026c	03078393	addi	x7,x15,48	 x15:0x00000000  x7=0x00000030
          29772	     14882	00100270	000205b7	lui	x11,0x20	 x11=0x00020000
          29774	     14883	00100274	01451613	slli	x12,x10,0x14	 x10:0x00000001 x12=0x00100000
          29778	     14885	00100278	0075a023	sw	x7,0(x11)	 x11:0x00020000  x7:0x00000030 PA:0x00020000 store:0x00000030 load:0x00000000
          29780	     14886	0010027c	01c65693	srli	x13,x12,0x1c	 x12:0x00100000 x13=0x00000000
          29782	     14887	00100280	00900813	addi	x16,x0,9	  x0:0x00000000 x16=0x00000009
          29784	     14888	00100284	f2d86ae3	bltu	x16,x13,1001b8	 x16:0x00000009 x13:0x00000000
          29786	     14889	00100288	03068e93	addi	x29,x13,48	 x13:0x00000000 x29=0x00000030
          29788	     14890	0010028c	00020f37	lui	x30,0x20	 x30=0x00020000
          29790	     14891	00100290	01851f93	slli	x31,x10,0x18	 x10:0x00000001 x31=0x01000000
          29794	     14893	00100294	01df2023	sw	x29,0(x30)	 x30:0x00020000 x29:0x00000030 PA:0x00020000 store:0x00000030 load:0x00000000
          29796	     14894	00100298	01cfd793	srli	x15,x31,0x1c	 x31:0x01000000 x15=0x00000000
          29798	     14895	0010029c	00900713	addi	x14,x0,9	  x0:0x00000000 x14=0x00000009
          29800	     14896	001002a0	f2f76ae3	bltu	x14,x15,1001d4	 x14:0x00000009 x15:0x00000000
          29802	     14897	001002a4	03078393	addi	x7,x15,48	 x15:0x00000000  x7=0x00000030
          29804	     14898	001002a8	000205b7	lui	x11,0x20	 x11=0x00020000
          29808	     14900	001002ac	0075a023	sw	x7,0(x11)	 x11:0x00020000  x7:0x00000030 PA:0x00020000 store:0x00000030 load:0x00000000
          29810	     14901	001002b0	00f57513	andi	x10,x10,15	 x10:0x00000001 x10=0x00000001
          29812	     14902	001002b4	00900613	addi	x12,x0,9	  x0:0x00000000 x12=0x00000009
          29816	     14904	001002b8	f2a67ae3	bgeu	x12,x10,1001ec	 x12:0x00000009 x10:0x00000001
          29820	     14906	001001ec	03050893	addi	x17,x10,48	 x10:0x00000001 x17=0x00000031
          29822	     14907	001001f0	00020e37	lui	x28,0x20	 x28=0x00020000
          29826	     14909	001001f4	011e2023	sw	x17,0(x28)	 x28:0x00020000 x17:0x00000031 PA:0x00020000 store:0x00000031 load:0x00000000
          29830	     14911	001001f8	00008067	jalr	x0,0(x1)	  x1:0x00101504  x0=0x00000000
          29842	     14917	00101504	001026b7	lui	x13,0x102	 x13=0x00102000
          29844	     14918	00101508	9486a487	flw	f9,-1720(x13)	 f13:0x00102000  f9=0x00000000 PA:0x00101948 store:0xff800000
          29850	     14921	0010150c	00102737	lui	x14,0x102	 x14=0x00102000
          29852	     14922	00101510	abc70513	addi	x10,x14,-1348	 x14:0x00102000 x10=0x00101abc
          29854	     14923	00101514	d29ca027	fsw	f9,-736(x25)	 f25:0x00102000  f9:0x00102000 PA:0x00101d20 store:0xc019999a load:0xc019999a
          29858	     14925	00101518	d20ca507	flw	f10,-736(x25)	 f25:0x00102000 f10=0x00000000 PA:0x00101d20 store:0x00000000
          29864	     14928	0010151c	e00517d3	fclass.s	x15,f10	 f10:0x00101abc x15=0x00000002
          29866	     14929	00101520	cefdaa23	sw	x15,-780(x27)	 x27:0x00102000 x15:0x00000002 PA:0x00101cf4 store:0x00000002 load:0xc019999a
          29870	     14931	00101524	b7dfe0ef	jal	x1,1000a0	  x1=0x00101528
          29874	     14933	001000a0	00054803	lbu	x16,0(x10)	 x10:0x00101abc x16=0x0000000a PA:0x00101abc store:0x00000000
          29876	     14934	001000a4	06080663	beq	x16,x0,100110	 x16:0x0000000a  x0:0x00000000
          29878	     14935	001000a8	000207b7	lui	x15,0x20	 x15=0x00020000
          29882	     14937	001000ac	0107a023	sw	x16,0(x15)	 x15:0x00020000 x16:0x0000000a PA:0x00020000 store:0x0000000a load:0x00000000
          29886	     14939	001000b0	00154703	lbu	x14,1(x10)	 x10:0x00101abc x14=0x00000020 PA:0x00101abd store:0x00101528
          29888	     14940	001000b4	04070e63	beq	x14,x0,100110	 x14:0x00000020  x0:0x00000000
          29892	     14942	001000b8	00e7a023	sw	x14,0(x15)	 x15:0x00020000 x14:0x00000020 PA:0x00020000 store:0x00000020 load:0x00000000
          29896	     14944	001000bc	00254283	lbu	x5,2(x10)	 x10:0x00101abc  x5=0x00000045 PA:0x00101abe store:0x00137fa0
          29898	     14945	001000c0	04028863	beq	x5,x0,100110	  x5:0x00000045  x0:0x00000000
          29902	     14947	001000c4	0057a023	sw	x5,0(x15)	 x15:0x00020000  x5:0x00000045 PA:0x00020000 store:0x00000045 load:0x00000000
          29906	     14949	001000c8	00354303	lbu	x6,3(x10)	 x10:0x00101abc  x6=0x00000078 PA:0x00101abf store:0x00000000
          29908	     14950	001000cc	04030263	beq	x6,x0,100110	  x6:0x00000078  x0:0x00000000
          29912	     14952	001000d0	0067a023	sw	x6,0(x15)	 x15:0x00020000  x6:0x00000078 PA:0x00020000 store:0x00000078 load:0x00000000
          29916	     14954	001000d4	00454383	lbu	x7,4(x10)	 x10:0x00101abc  x7=0x00000070 PA:0x00101ac0 store:0x00000000
          29918	     14955	001000d8	02038c63	beq	x7,x0,100110	  x7:0x00000070  x0:0x00000000
          29922	     14957	001000dc	0077a023	sw	x7,0(x15)	 x15:0x00020000  x7:0x00000070 PA:0x00020000 store:0x00000070 load:0x00000000
          29926	     14959	001000e0	00554583	lbu	x11,5(x10)	 x10:0x00101abc x11=0x00000065 PA:0x00101ac1 store:0x00000045
          29928	     14960	001000e4	02058663	beq	x11,x0,100110	 x11:0x00000065  x0:0x00000000
          29932	     14962	001000e8	00b7a023	sw	x11,0(x15)	 x15:0x00020000 x11:0x00000065 PA:0x00020000 store:0x00000065 load:0x00000000
          29936	     14964	001000ec	00654603	lbu	x12,6(x10)	 x10:0x00101abc x12=0x00000063 PA:0x00101ac2 store:0x00000078
          29938	     14965	001000f0	02060063	beq	x12,x0,100110	 x12:0x00000063  x0:0x00000000
          29942	     14967	001000f4	00c7a023	sw	x12,0(x15)	 x15:0x00020000 x12:0x00000063 PA:0x00020000 store:0x00000063 load:0x00000000
          29946	     14969	001000f8	00754683	lbu	x13,7(x10)	 x10:0x00101abc x13=0x00000074 PA:0x00101ac3 store:0x00000070
          29948	     14970	001000fc	00850513	addi	x10,x10,8	 x10:0x00101abc x10=0x00101ac4
          29950	     14971	00100100	00068863	beq	x13,x0,100110	 x13:0x00000074  x0:0x00000000
          29954	     14973	00100104	00d7a023	sw	x13,0(x15)	 x15:0x00020000 x13:0x00000074 PA:0x00020000 store:0x00000074 load:0x00000000
          29958	     14975	00100108	00054803	lbu	x16,0(x10)	 x10:0x00101ac4 x16=0x00000069 PA:0x00101ac4 store:0x00000000
          29962	     14977	0010010c	fa0810e3	bne	x16,x0,1000ac	 x16:0x00000069  x0:0x00000000
          29968	     14980	001000ac	0107a023	sw	x16,0(x15)	 x15:0x00020000 x16:0x00000069 PA:0x00020000 store:0x00000069 load:0x00000000
          29972	     14982	001000b0	00154703	lbu	x14,1(x10)	 x10:0x00101ac4 x14=0x0000006e PA:0x00101ac5 store:0x00101528
          29974	     14983	001000b4	04070e63	beq	x14,x0,100110	 x14:0x0000006e  x0:0x00000000
          29978	     14985	001000b8	00e7a023	sw	x14,0(x15)	 x15:0x00020000 x14:0x0000006e PA:0x00020000 store:0x0000006e load:0x00000000
          29982	     14987	001000bc	00254283	lbu	x5,2(x10)	 x10:0x00101ac4  x5=0x00000067 PA:0x00101ac6 store:0x00137fa0
          29984	     14988	001000c0	04028863	beq	x5,x0,100110	  x5:0x00000067  x0:0x00000000
          29988	     14990	001000c4	0057a023	sw	x5,0(x15)	 x15:0x00020000  x5:0x00000067 PA:0x00020000 store:0x00000067 load:0x00000000
          29992	     14992	001000c8	00354303	lbu	x6,3(x10)	 x10:0x00101ac4  x6=0x00000020 PA:0x00101ac7 store:0x00000000
          29994	     14993	001000cc	04030263	beq	x6,x0,100110	  x6:0x00000020  x0:0x00000000
          29998	     14995	001000d0	0067a023	sw	x6,0(x15)	 x15:0x00020000  x6:0x00000020 PA:0x00020000 store:0x00000020 load:0x00000000
          30002	     14997	001000d4	00454383	lbu	x7,4(x10)	 x10:0x00101ac4  x7=0x00000030 PA:0x00101ac8 store:0x00000000
          30004	     14998	001000d8	02038c63	beq	x7,x0,100110	  x7:0x00000030  x0:0x00000000
          30008	     15000	001000dc	0077a023	sw	x7,0(x15)	 x15:0x00020000  x7:0x00000030 PA:0x00020000 store:0x00000030 load:0x00000000
          30012	     15002	001000e0	00554583	lbu	x11,5(x10)	 x10:0x00101ac4 x11=0x00000078 PA:0x00101ac9 store:0x00000067
          30014	     15003	001000e4	02058663	beq	x11,x0,100110	 x11:0x00000078  x0:0x00000000
          30018	     15005	001000e8	00b7a023	sw	x11,0(x15)	 x15:0x00020000 x11:0x00000078 PA:0x00020000 store:0x00000078 load:0x00000000
          30022	     15007	001000ec	00654603	lbu	x12,6(x10)	 x10:0x00101ac4 x12=0x00000032 PA:0x00101aca store:0x00000020
          30024	     15008	001000f0	02060063	beq	x12,x0,100110	 x12:0x00000032  x0:0x00000000
          30028	     15010	001000f4	00c7a023	sw	x12,0(x15)	 x15:0x00020000 x12:0x00000032 PA:0x00020000 store:0x00000032 load:0x00000000
          30032	     15012	001000f8	00754683	lbu	x13,7(x10)	 x10:0x00101ac4 x13=0x0000003a PA:0x00101acb store:0x00000030
          30034	     15013	001000fc	00850513	addi	x10,x10,8	 x10:0x00101ac4 x10=0x00101acc
          30036	     15014	00100100	00068863	beq	x13,x0,100110	 x13:0x0000003a  x0:0x00000000
          30040	     15016	00100104	00d7a023	sw	x13,0(x15)	 x15:0x00020000 x13:0x0000003a PA:0x00020000 store:0x0000003a load:0x00000000
          30044	     15018	00100108	00054803	lbu	x16,0(x10)	 x10:0x00101acc x16=0x00000020 PA:0x00101acc store:0x00000000
          30048	     15020	0010010c	fa0810e3	bne	x16,x0,1000ac	 x16:0x00000020  x0:0x00000000
          30054	     15023	001000ac	0107a023	sw	x16,0(x15)	 x15:0x00020000 x16:0x00000020 PA:0x00020000 store:0x00000020 load:0x00000000
          30058	     15025	001000b0	00154703	lbu	x14,1(x10)	 x10:0x00101acc x14=0x00000000 PA:0x00101acd store:0x00101528
          30062	     15027	001000b4	04070e63	beq	x14,x0,100110	 x14:0x00000000  x0:0x00000000
          30066	     15029	00100110	00000513	addi	x10,x0,0	  x0:0x00000000 x10=0x00000000
          30070	     15031	00100114	00008067	jalr	x0,0(x1)	  x1:0x00101528  x0=0x00000000
          30074	     15033	00101528	cf4da503	lw	x10,-780(x27)	 x27:0x00102000 x10=0x00000002 PA:0x00101cf4 store:0x00102000
          30078	     15035	0010152c	bf5fe0ef	jal	x1,100120	  x1=0x00101530
          30080	     15036	00100120	01c55793	srli	x15,x10,0x1c	 x10:0x00000002 x15=0x00000000
          30082	     15037	00100124	00900713	addi	x14,x0,9	  x0:0x00000000 x14=0x00000009
          30086	     15039	00100128	0cf77a63	bgeu	x14,x15,1001fc	 x14:0x00000009 x15:0x00000000
          30090	     15041	001001fc	03078393	addi	x7,x15,48	 x15:0x00000000  x7=0x00000030
          30092	     15042	00100200	000205b7	lui	x11,0x20	 x11=0x00020000
          30094	     15043	00100204	00451613	slli	x12,x10,0x4	 x10:0x00000002 x12=0x00000020
          30098	     15045	00100208	0075a023	sw	x7,0(x11)	 x11:0x00020000  x7:0x00000030 PA:0x00020000 store:0x00000030 load:0x00000000
          30100	     15046	0010020c	01c65693	srli	x13,x12,0x1c	 x12:0x00000020 x13=0x00000000
          30102	     15047	00100210	00900813	addi	x16,x0,9	  x0:0x00000000 x16=0x00000009
          30104	     15048	00100214	f2d86ae3	bltu	x16,x13,100148	 x16:0x00000009 x13:0x00000000
          30106	     15049	00100218	03068e93	addi	x29,x13,48	 x13:0x00000000 x29=0x00000030
          30108	     15050	0010021c	00020f37	lui	x30,0x20	 x30=0x00020000
          30110	     15051	00100220	00851f93	slli	x31,x10,0x8	 x10:0x00000002 x31=0x00000200
          30114	     15053	00100224	01df2023	sw	x29,0(x30)	 x30:0x00020000 x29:0x00000030 PA:0x00020000 store:0x00000030 load:0x00000000
          30116	     15054	00100228	01cfd793	srli	x15,x31,0x1c	 x31:0x00000200 x15=0x00000000
          30118	     15055	0010022c	00900713	addi	x14,x0,9	  x0:0x00000000 x14=0x00000009
          30120	     15056	00100230	f2f76ae3	bltu	x14,x15,100164	 x14:0x00000009 x15:0x00000000
          30122	     15057	00100234	03078393	addi	x7,x15,48	 x15:0x00000000  x7=0x00000030
          30124	     15058	00100238	000205b7	lui	x11,0x20	 x11=0x00020000
          30126	     15059	0010023c	00c51613	slli	x12,x10,0xc	 x10:0x00000002 x12=0x00002000
          30130	     15061	00100240	0075a023	sw	x7,0(x11)	 x11:0x00020000  x7:0x00000030 PA:0x00020000 store:0x00000030 load:0x00000000
          30132	     15062	00100244	01c65693	srli	x13,x12,0x1c	 x12:0x00002000 x13=0x00000000
          30134	     15063	00100248	00900813	addi	x16,x0,9	  x0:0x00000000 x16=0x00000009
          30136	     15064	0010024c	f2d86ae3	bltu	x16,x13,100180	 x16:0x00000009 x13:0x00000000
          30138	     15065	00100250	03068e93	addi	x29,x13,48	 x13:0x00000000 x29=0x00000030
          30140	     15066	00100254	00020f37	lui	x30,0x20	 x30=0x00020000
          30142	     15067	00100258	01051f93	slli	x31,x10,0x10	 x10:0x00000002 x31=0x00020000
          30146	     15069	0010025c	01df2023	sw	x29,0(x30)	 x30:0x00020000 x29:0x00000030 PA:0x00020000 store:0x00000030 load:0x00000000
          30148	     15070	00100260	01cfd793	srli	x15,x31,0x1c	 x31:0x00020000 x15=0x00000000
          30150	     15071	00100264	00900713	addi	x14,x0,9	  x0:0x00000000 x14=0x00000009
          30152	     15072	00100268	f2f76ae3	bltu	x14,x15,10019c	 x14:0x00000009 x15:0x00000000
          30154	     15073	0010026c	03078393	addi	x7,x15,48	 x15:0x00000000  x7=0x00000030
          30156	     15074	00100270	000205b7	lui	x11,0x20	 x11=0x00020000
          30158	     15075	00100274	01451613	slli	x12,x10,0x14	 x10:0x00000002 x12=0x00200000
          30162	     15077	00100278	0075a023	sw	x7,0(x11)	 x11:0x00020000  x7:0x00000030 PA:0x00020000 store:0x00000030 load:0x00000000
          30164	     15078	0010027c	01c65693	srli	x13,x12,0x1c	 x12:0x00200000 x13=0x00000000
          30166	     15079	00100280	00900813	addi	x16,x0,9	  x0:0x00000000 x16=0x00000009
          30168	     15080	00100284	f2d86ae3	bltu	x16,x13,1001b8	 x16:0x00000009 x13:0x00000000
          30170	     15081	00100288	03068e93	addi	x29,x13,48	 x13:0x00000000 x29=0x00000030
          30172	     15082	0010028c	00020f37	lui	x30,0x20	 x30=0x00020000
          30174	     15083	00100290	01851f93	slli	x31,x10,0x18	 x10:0x00000002 x31=0x02000000
          30178	     15085	00100294	01df2023	sw	x29,0(x30)	 x30:0x00020000 x29:0x00000030 PA:0x00020000 store:0x00000030 load:0x00000000
          30180	     15086	00100298	01cfd793	srli	x15,x31,0x1c	 x31:0x02000000 x15=0x00000000
          30182	     15087	0010029c	00900713	addi	x14,x0,9	  x0:0x00000000 x14=0x00000009
          30184	     15088	001002a0	f2f76ae3	bltu	x14,x15,1001d4	 x14:0x00000009 x15:0x00000000
          30186	     15089	001002a4	03078393	addi	x7,x15,48	 x15:0x00000000  x7=0x00000030
          30188	     15090	001002a8	000205b7	lui	x11,0x20	 x11=0x00020000
          30192	     15092	001002ac	0075a023	sw	x7,0(x11)	 x11:0x00020000  x7:0x00000030 PA:0x00020000 store:0x00000030 load:0x00000000
          30194	     15093	001002b0	00f57513	andi	x10,x10,15	 x10:0x00000002 x10=0x00000002
          30196	     15094	001002b4	00900613	addi	x12,x0,9	  x0:0x00000000 x12=0x00000009
          30200	     15096	001002b8	f2a67ae3	bgeu	x12,x10,1001ec	 x12:0x00000009 x10:0x00000002
          30204	     15098	001001ec	03050893	addi	x17,x10,48	 x10:0x00000002 x17=0x00000032
          30206	     15099	001001f0	00020e37	lui	x28,0x20	 x28=0x00020000
          30210	     15101	001001f4	011e2023	sw	x17,0(x28)	 x28:0x00020000 x17:0x00000032 PA:0x00020000 store:0x00000032 load:0x00000000
          30214	     15103	001001f8	00008067	jalr	x0,0(x1)	  x1:0x00101530  x0=0x00000000
          30226	     15109	00101530	001022b7	lui	x5,0x102	  x5=0x00102000
          30228	     15110	00101534	94c2a807	flw	f16,-1716(x5)	  f5:0x00102000 f16=0x00000000 PA:0x0010194c store:0xc06d7f2b
          30234	     15113	00101538	00102537	lui	x10,0x102	 x10=0x00102000
          30236	     15114	0010153c	ad050513	addi	x10,x10,-1328	 x10:0x00102000 x10=0x00101ad0
          30238	     15115	00101540	d104ae27	fsw	f16,-740(x9)	  f9:0x00102000 f16:0x00000009 PA:0x00101d1c store:0x80000047 load:0x80000047
          30242	     15117	00101544	d1c4a887	flw	f17,-740(x9)	  f9:0x00102000 f17=0x00000000 PA:0x00101d1c store:0x80000000
          30248	     15120	00101548	e00894d3	fclass.s	x9,f17	 f17:0x00000032  x9=0x00000004
          30250	     15121	0010154c	ce9d2823	sw	x9,-784(x26)	 x26:0x00102000  x9:0x00000004 PA:0x00101cf0 store:0x00000004 load:0x80000047
          30254	     15123	00101550	b51fe0ef	jal	x1,1000a0	  x1=0x00101554
          30258	     15125	001000a0	00054803	lbu	x16,0(x10)	 x10:0x00101ad0 x16=0x0000000a PA:0x00101ad0 store:0x00000000
          30260	     15126	001000a4	06080663	beq	x16,x0,100110	 x16:0x0000000a  x0:0x00000000
          30262	     15127	001000a8	000207b7	lui	x15,0x20	 x15=0x00020000
          30266	     15129	001000ac	0107a023	sw	x16,0(x15)	 x15:0x00020000 x16:0x0000000a PA:0x00020000 store:0x0000000a load:0x00000000
          30270	     15131	001000b0	00154703	lbu	x14,1(x10)	 x10:0x00101ad0 x14=0x00000020 PA:0x00101ad1 store:0x00101554
          30272	     15132	001000b4	04070e63	beq	x14,x0,100110	 x14:0x00000020  x0:0x00000000
          30276	     15134	001000b8	00e7a023	sw	x14,0(x15)	 x15:0x00020000 x14:0x00000020 PA:0x00020000 store:0x00000020 load:0x00000000
          30280	     15136	001000bc	00254283	lbu	x5,2(x10)	 x10:0x00101ad0  x5=0x00000045 PA:0x00101ad2 store:0x00137fa0
          30282	     15137	001000c0	04028863	beq	x5,x0,100110	  x5:0x00000045  x0:0x00000000
          30286	     15139	001000c4	0057a023	sw	x5,0(x15)	 x15:0x00020000  x5:0x00000045 PA:0x00020000 store:0x00000045 load:0x00000000
          30290	     15141	001000c8	00354303	lbu	x6,3(x10)	 x10:0x00101ad0  x6=0x00000078 PA:0x00101ad3 store:0x00000000
          30292	     15142	001000cc	04030263	beq	x6,x0,100110	  x6:0x00000078  x0:0x00000000
          30296	     15144	001000d0	0067a023	sw	x6,0(x15)	 x15:0x00020000  x6:0x00000078 PA:0x00020000 store:0x00000078 load:0x00000000
          30300	     15146	001000d4	00454383	lbu	x7,4(x10)	 x10:0x00101ad0  x7=0x00000070 PA:0x00101ad4 store:0x00000000
          30302	     15147	001000d8	02038c63	beq	x7,x0,100110	  x7:0x00000070  x0:0x00000000
          30306	     15149	001000dc	0077a023	sw	x7,0(x15)	 x15:0x00020000  x7:0x00000070 PA:0x00020000 store:0x00000070 load:0x00000000
          30310	     15151	001000e0	00554583	lbu	x11,5(x10)	 x10:0x00101ad0 x11=0x00000065 PA:0x00101ad5 store:0x00000045
          30312	     15152	001000e4	02058663	beq	x11,x0,100110	 x11:0x00000065  x0:0x00000000
          30316	     15154	001000e8	00b7a023	sw	x11,0(x15)	 x15:0x00020000 x11:0x00000065 PA:0x00020000 store:0x00000065 load:0x00000000
          30320	     15156	001000ec	00654603	lbu	x12,6(x10)	 x10:0x00101ad0 x12=0x00000063 PA:0x00101ad6 store:0x00000078
          30322	     15157	001000f0	02060063	beq	x12,x0,100110	 x12:0x00000063  x0:0x00000000
          30326	     15159	001000f4	00c7a023	sw	x12,0(x15)	 x15:0x00020000 x12:0x00000063 PA:0x00020000 store:0x00000063 load:0x00000000
          30330	     15161	001000f8	00754683	lbu	x13,7(x10)	 x10:0x00101ad0 x13=0x00000074 PA:0x00101ad7 store:0x00000070
          30332	     15162	001000fc	00850513	addi	x10,x10,8	 x10:0x00101ad0 x10=0x00101ad8
          30334	     15163	00100100	00068863	beq	x13,x0,100110	 x13:0x00000074  x0:0x00000000
          30338	     15165	00100104	00d7a023	sw	x13,0(x15)	 x15:0x00020000 x13:0x00000074 PA:0x00020000 store:0x00000074 load:0x00000000
          30342	     15167	00100108	00054803	lbu	x16,0(x10)	 x10:0x00101ad8 x16=0x00000069 PA:0x00101ad8 store:0x00000000
          30346	     15169	0010010c	fa0810e3	bne	x16,x0,1000ac	 x16:0x00000069  x0:0x00000000
          30352	     15172	001000ac	0107a023	sw	x16,0(x15)	 x15:0x00020000 x16:0x00000069 PA:0x00020000 store:0x00000069 load:0x00000000
          30356	     15174	001000b0	00154703	lbu	x14,1(x10)	 x10:0x00101ad8 x14=0x0000006e PA:0x00101ad9 store:0x00101554
          30358	     15175	001000b4	04070e63	beq	x14,x0,100110	 x14:0x0000006e  x0:0x00000000
          30362	     15177	001000b8	00e7a023	sw	x14,0(x15)	 x15:0x00020000 x14:0x0000006e PA:0x00020000 store:0x0000006e load:0x00000000
          30366	     15179	001000bc	00254283	lbu	x5,2(x10)	 x10:0x00101ad8  x5=0x00000067 PA:0x00101ada store:0x00137fa0
          30368	     15180	001000c0	04028863	beq	x5,x0,100110	  x5:0x00000067  x0:0x00000000
          30372	     15182	001000c4	0057a023	sw	x5,0(x15)	 x15:0x00020000  x5:0x00000067 PA:0x00020000 store:0x00000067 load:0x00000000
          30376	     15184	001000c8	00354303	lbu	x6,3(x10)	 x10:0x00101ad8  x6=0x00000020 PA:0x00101adb store:0x00000000
          30378	     15185	001000cc	04030263	beq	x6,x0,100110	  x6:0x00000020  x0:0x00000000
          30382	     15187	001000d0	0067a023	sw	x6,0(x15)	 x15:0x00020000  x6:0x00000020 PA:0x00020000 store:0x00000020 load:0x00000000
          30386	     15189	001000d4	00454383	lbu	x7,4(x10)	 x10:0x00101ad8  x7=0x00000030 PA:0x00101adc store:0x00000000
          30388	     15190	001000d8	02038c63	beq	x7,x0,100110	  x7:0x00000030  x0:0x00000000
          30392	     15192	001000dc	0077a023	sw	x7,0(x15)	 x15:0x00020000  x7:0x00000030 PA:0x00020000 store:0x00000030 load:0x00000000
          30396	     15194	001000e0	00554583	lbu	x11,5(x10)	 x10:0x00101ad8 x11=0x00000078 PA:0x00101add store:0x00000067
          30398	     15195	001000e4	02058663	beq	x11,x0,100110	 x11:0x00000078  x0:0x00000000
          30402	     15197	001000e8	00b7a023	sw	x11,0(x15)	 x15:0x00020000 x11:0x00000078 PA:0x00020000 store:0x00000078 load:0x00000000
          30406	     15199	001000ec	00654603	lbu	x12,6(x10)	 x10:0x00101ad8 x12=0x00000034 PA:0x00101ade store:0x00000020
          30408	     15200	001000f0	02060063	beq	x12,x0,100110	 x12:0x00000034  x0:0x00000000
          30412	     15202	001000f4	00c7a023	sw	x12,0(x15)	 x15:0x00020000 x12:0x00000034 PA:0x00020000 store:0x00000034 load:0x00000000
          30416	     15204	001000f8	00754683	lbu	x13,7(x10)	 x10:0x00101ad8 x13=0x0000003a PA:0x00101adf store:0x00000030
          30418	     15205	001000fc	00850513	addi	x10,x10,8	 x10:0x00101ad8 x10=0x00101ae0
          30420	     15206	00100100	00068863	beq	x13,x0,100110	 x13:0x0000003a  x0:0x00000000
          30424	     15208	00100104	00d7a023	sw	x13,0(x15)	 x15:0x00020000 x13:0x0000003a PA:0x00020000 store:0x0000003a load:0x00000000
          30428	     15210	00100108	00054803	lbu	x16,0(x10)	 x10:0x00101ae0 x16=0x00000020 PA:0x00101ae0 store:0x00000000
          30432	     15212	0010010c	fa0810e3	bne	x16,x0,1000ac	 x16:0x00000020  x0:0x00000000
          30438	     15215	001000ac	0107a023	sw	x16,0(x15)	 x15:0x00020000 x16:0x00000020 PA:0x00020000 store:0x00000020 load:0x00000000
          30442	     15217	001000b0	00154703	lbu	x14,1(x10)	 x10:0x00101ae0 x14=0x00000000 PA:0x00101ae1 store:0x00101554
          30446	     15219	001000b4	04070e63	beq	x14,x0,100110	 x14:0x00000000  x0:0x00000000
          30450	     15221	00100110	00000513	addi	x10,x0,0	  x0:0x00000000 x10=0x00000000
          30454	     15223	00100114	00008067	jalr	x0,0(x1)	  x1:0x00101554  x0=0x00000000
          30458	     15225	00101554	cf0d2503	lw	x10,-784(x26)	 x26:0x00102000 x10=0x00000004 PA:0x00101cf0 store:0x00000020
          30462	     15227	00101558	bc9fe0ef	jal	x1,100120	  x1=0x0010155c
          30464	     15228	00100120	01c55793	srli	x15,x10,0x1c	 x10:0x00000004 x15=0x00000000
          30466	     15229	00100124	00900713	addi	x14,x0,9	  x0:0x00000000 x14=0x00000009
          30470	     15231	00100128	0cf77a63	bgeu	x14,x15,1001fc	 x14:0x00000009 x15:0x00000000
          30474	     15233	001001fc	03078393	addi	x7,x15,48	 x15:0x00000000  x7=0x00000030
          30476	     15234	00100200	000205b7	lui	x11,0x20	 x11=0x00020000
          30478	     15235	00100204	00451613	slli	x12,x10,0x4	 x10:0x00000004 x12=0x00000040
          30482	     15237	00100208	0075a023	sw	x7,0(x11)	 x11:0x00020000  x7:0x00000030 PA:0x00020000 store:0x00000030 load:0x00000000
          30484	     15238	0010020c	01c65693	srli	x13,x12,0x1c	 x12:0x00000040 x13=0x00000000
          30486	     15239	00100210	00900813	addi	x16,x0,9	  x0:0x00000000 x16=0x00000009
          30488	     15240	00100214	f2d86ae3	bltu	x16,x13,100148	 x16:0x00000009 x13:0x00000000
          30490	     15241	00100218	03068e93	addi	x29,x13,48	 x13:0x00000000 x29=0x00000030
          30492	     15242	0010021c	00020f37	lui	x30,0x20	 x30=0x00020000
          30494	     15243	00100220	00851f93	slli	x31,x10,0x8	 x10:0x00000004 x31=0x00000400
          30498	     15245	00100224	01df2023	sw	x29,0(x30)	 x30:0x00020000 x29:0x00000030 PA:0x00020000 store:0x00000030 load:0x00000000
          30500	     15246	00100228	01cfd793	srli	x15,x31,0x1c	 x31:0x00000400 x15=0x00000000
          30502	     15247	0010022c	00900713	addi	x14,x0,9	  x0:0x00000000 x14=0x00000009
          30504	     15248	00100230	f2f76ae3	bltu	x14,x15,100164	 x14:0x00000009 x15:0x00000000
          30506	     15249	00100234	03078393	addi	x7,x15,48	 x15:0x00000000  x7=0x00000030
          30508	     15250	00100238	000205b7	lui	x11,0x20	 x11=0x00020000
          30510	     15251	0010023c	00c51613	slli	x12,x10,0xc	 x10:0x00000004 x12=0x00004000
          30514	     15253	00100240	0075a023	sw	x7,0(x11)	 x11:0x00020000  x7:0x00000030 PA:0x00020000 store:0x00000030 load:0x00000000
          30516	     15254	00100244	01c65693	srli	x13,x12,0x1c	 x12:0x00004000 x13=0x00000000
          30518	     15255	00100248	00900813	addi	x16,x0,9	  x0:0x00000000 x16=0x00000009
          30520	     15256	0010024c	f2d86ae3	bltu	x16,x13,100180	 x16:0x00000009 x13:0x00000000
          30522	     15257	00100250	03068e93	addi	x29,x13,48	 x13:0x00000000 x29=0x00000030
          30524	     15258	00100254	00020f37	lui	x30,0x20	 x30=0x00020000
          30526	     15259	00100258	01051f93	slli	x31,x10,0x10	 x10:0x00000004 x31=0x00040000
          30530	     15261	0010025c	01df2023	sw	x29,0(x30)	 x30:0x00020000 x29:0x00000030 PA:0x00020000 store:0x00000030 load:0x00000000
          30532	     15262	00100260	01cfd793	srli	x15,x31,0x1c	 x31:0x00040000 x15=0x00000000
          30534	     15263	00100264	00900713	addi	x14,x0,9	  x0:0x00000000 x14=0x00000009
          30536	     15264	00100268	f2f76ae3	bltu	x14,x15,10019c	 x14:0x00000009 x15:0x00000000
          30538	     15265	0010026c	03078393	addi	x7,x15,48	 x15:0x00000000  x7=0x00000030
          30540	     15266	00100270	000205b7	lui	x11,0x20	 x11=0x00020000
          30542	     15267	00100274	01451613	slli	x12,x10,0x14	 x10:0x00000004 x12=0x00400000
          30546	     15269	00100278	0075a023	sw	x7,0(x11)	 x11:0x00020000  x7:0x00000030 PA:0x00020000 store:0x00000030 load:0x00000000
          30548	     15270	0010027c	01c65693	srli	x13,x12,0x1c	 x12:0x00400000 x13=0x00000000
          30550	     15271	00100280	00900813	addi	x16,x0,9	  x0:0x00000000 x16=0x00000009
          30552	     15272	00100284	f2d86ae3	bltu	x16,x13,1001b8	 x16:0x00000009 x13:0x00000000
          30554	     15273	00100288	03068e93	addi	x29,x13,48	 x13:0x00000000 x29=0x00000030
          30556	     15274	0010028c	00020f37	lui	x30,0x20	 x30=0x00020000
          30558	     15275	00100290	01851f93	slli	x31,x10,0x18	 x10:0x00000004 x31=0x04000000
          30562	     15277	00100294	01df2023	sw	x29,0(x30)	 x30:0x00020000 x29:0x00000030 PA:0x00020000 store:0x00000030 load:0x00000000
          30564	     15278	00100298	01cfd793	srli	x15,x31,0x1c	 x31:0x04000000 x15=0x00000000
          30566	     15279	0010029c	00900713	addi	x14,x0,9	  x0:0x00000000 x14=0x00000009
          30568	     15280	001002a0	f2f76ae3	bltu	x14,x15,1001d4	 x14:0x00000009 x15:0x00000000
          30570	     15281	001002a4	03078393	addi	x7,x15,48	 x15:0x00000000  x7=0x00000030
          30572	     15282	001002a8	000205b7	lui	x11,0x20	 x11=0x00020000
          30576	     15284	001002ac	0075a023	sw	x7,0(x11)	 x11:0x00020000  x7:0x00000030 PA:0x00020000 store:0x00000030 load:0x00000000
          30578	     15285	001002b0	00f57513	andi	x10,x10,15	 x10:0x00000004 x10=0x00000004
          30580	     15286	001002b4	00900613	addi	x12,x0,9	  x0:0x00000000 x12=0x00000009
          30584	     15288	001002b8	f2a67ae3	bgeu	x12,x10,1001ec	 x12:0x00000009 x10:0x00000004
          30588	     15290	001001ec	03050893	addi	x17,x10,48	 x10:0x00000004 x17=0x00000034
          30590	     15291	001001f0	00020e37	lui	x28,0x20	 x28=0x00020000
          30594	     15293	001001f4	011e2023	sw	x17,0(x28)	 x28:0x00020000 x17:0x00000034 PA:0x00020000 store:0x00000034 load:0x00000000
          30608	     15300	001001f8	00008067	jalr	x0,0(x1)	  x1:0x0010155c  x0=0x00000000
          30610	     15301	0010155c	940c2487	flw	f9,-1728(x24)	 f24:0x00102000  f9=0x00000000 PA:0x00101940 store:0x00000000
          30616	     15304	00101560	00102337	lui	x6,0x102	  x6=0x00102000
          30618	     15305	00101564	ae430513	addi	x10,x6,-1308	  x6:0x00102000 x10=0x00101ae4
          30620	     15306	00101568	d0942c27	fsw	f9,-744(x8)	  f8:0x00102000  f9:0x00000004 PA:0x00101d18 store:0x80000000 load:0x80000000
          30624	     15308	0010156c	d1842907	flw	f18,-744(x8)	  f8:0x00102000 f18=0x00000000 PA:0x00101d18 store:0x00000000
          30630	     15311	00101570	e0091453	fclass.s	x8,f18	 f18:0x00102000  x8=0x00000008
          30632	     15312	00101574	ce8a2c23	sw	x8,-776(x20)	 x20:0x00102000  x8:0x00000008 PA:0x00101cf8 store:0x00000008 load:0x80000000
          30636	     15314	00101578	b29fe0ef	jal	x1,1000a0	  x1=0x0010157c
          30640	     15316	001000a0	00054803	lbu	x16,0(x10)	 x10:0x00101ae4 x16=0x0000000a PA:0x00101ae4 store:0x00000000
          30642	     15317	001000a4	06080663	beq	x16,x0,100110	 x16:0x0000000a  x0:0x00000000
          30644	     15318	001000a8	000207b7	lui	x15,0x20	 x15=0x00020000
          30648	     15320	001000ac	0107a023	sw	x16,0(x15)	 x15:0x00020000 x16:0x0000000a PA:0x00020000 store:0x0000000a load:0x00000000
          30652	     15322	001000b0	00154703	lbu	x14,1(x10)	 x10:0x00101ae4 x14=0x00000020 PA:0x00101ae5 store:0x0010157c
          30654	     15323	001000b4	04070e63	beq	x14,x0,100110	 x14:0x00000020  x0:0x00000000
          30658	     15325	001000b8	00e7a023	sw	x14,0(x15)	 x15:0x00020000 x14:0x00000020 PA:0x00020000 store:0x00000020 load:0x00000000
          30662	     15327	001000bc	00254283	lbu	x5,2(x10)	 x10:0x00101ae4  x5=0x00000045 PA:0x00101ae6 store:0x00137fa0
          30664	     15328	001000c0	04028863	beq	x5,x0,100110	  x5:0x00000045  x0:0x00000000
          30668	     15330	001000c4	0057a023	sw	x5,0(x15)	 x15:0x00020000  x5:0x00000045 PA:0x00020000 store:0x00000045 load:0x00000000
          30672	     15332	001000c8	00354303	lbu	x6,3(x10)	 x10:0x00101ae4  x6=0x00000078 PA:0x00101ae7 store:0x00000000
          30674	     15333	001000cc	04030263	beq	x6,x0,100110	  x6:0x00000078  x0:0x00000000
          30678	     15335	001000d0	0067a023	sw	x6,0(x15)	 x15:0x00020000  x6:0x00000078 PA:0x00020000 store:0x00000078 load:0x00000000
          30682	     15337	001000d4	00454383	lbu	x7,4(x10)	 x10:0x00101ae4  x7=0x00000070 PA:0x00101ae8 store:0x00000000
          30684	     15338	001000d8	02038c63	beq	x7,x0,100110	  x7:0x00000070  x0:0x00000000
          30688	     15340	001000dc	0077a023	sw	x7,0(x15)	 x15:0x00020000  x7:0x00000070 PA:0x00020000 store:0x00000070 load:0x00000000
          30692	     15342	001000e0	00554583	lbu	x11,5(x10)	 x10:0x00101ae4 x11=0x00000065 PA:0x00101ae9 store:0x00000045
          30694	     15343	001000e4	02058663	beq	x11,x0,100110	 x11:0x00000065  x0:0x00000000
          30698	     15345	001000e8	00b7a023	sw	x11,0(x15)	 x15:0x00020000 x11:0x00000065 PA:0x00020000 store:0x00000065 load:0x00000000
          30702	     15347	001000ec	00654603	lbu	x12,6(x10)	 x10:0x00101ae4 x12=0x00000063 PA:0x00101aea store:0x00000078
          30704	     15348	001000f0	02060063	beq	x12,x0,100110	 x12:0x00000063  x0:0x00000000
          30708	     15350	001000f4	00c7a023	sw	x12,0(x15)	 x15:0x00020000 x12:0x00000063 PA:0x00020000 store:0x00000063 load:0x00000000
          30712	     15352	001000f8	00754683	lbu	x13,7(x10)	 x10:0x00101ae4 x13=0x00000074 PA:0x00101aeb store:0x00000070
          30714	     15353	001000fc	00850513	addi	x10,x10,8	 x10:0x00101ae4 x10=0x00101aec
          30716	     15354	00100100	00068863	beq	x13,x0,100110	 x13:0x00000074  x0:0x00000000
          30720	     15356	00100104	00d7a023	sw	x13,0(x15)	 x15:0x00020000 x13:0x00000074 PA:0x00020000 store:0x00000074 load:0x00000000
          30724	     15358	00100108	00054803	lbu	x16,0(x10)	 x10:0x00101aec x16=0x00000069 PA:0x00101aec store:0x00000000
          30728	     15360	0010010c	fa0810e3	bne	x16,x0,1000ac	 x16:0x00000069  x0:0x00000000
          30734	     15363	001000ac	0107a023	sw	x16,0(x15)	 x15:0x00020000 x16:0x00000069 PA:0x00020000 store:0x00000069 load:0x00000000
          30738	     15365	001000b0	00154703	lbu	x14,1(x10)	 x10:0x00101aec x14=0x0000006e PA:0x00101aed store:0x0010157c
          30740	     15366	001000b4	04070e63	beq	x14,x0,100110	 x14:0x0000006e  x0:0x00000000
          30744	     15368	001000b8	00e7a023	sw	x14,0(x15)	 x15:0x00020000 x14:0x0000006e PA:0x00020000 store:0x0000006e load:0x00000000
          30748	     15370	001000bc	00254283	lbu	x5,2(x10)	 x10:0x00101aec  x5=0x00000067 PA:0x00101aee store:0x00137fa0
          30750	     15371	001000c0	04028863	beq	x5,x0,100110	  x5:0x00000067  x0:0x00000000
          30754	     15373	001000c4	0057a023	sw	x5,0(x15)	 x15:0x00020000  x5:0x00000067 PA:0x00020000 store:0x00000067 load:0x00000000
          30758	     15375	001000c8	00354303	lbu	x6,3(x10)	 x10:0x00101aec  x6=0x00000020 PA:0x00101aef store:0x00000000
          30760	     15376	001000cc	04030263	beq	x6,x0,100110	  x6:0x00000020  x0:0x00000000
          30764	     15378	001000d0	0067a023	sw	x6,0(x15)	 x15:0x00020000  x6:0x00000020 PA:0x00020000 store:0x00000020 load:0x00000000
          30768	     15380	001000d4	00454383	lbu	x7,4(x10)	 x10:0x00101aec  x7=0x00000030 PA:0x00101af0 store:0x00000000
          30770	     15381	001000d8	02038c63	beq	x7,x0,100110	  x7:0x00000030  x0:0x00000000
          30774	     15383	001000dc	0077a023	sw	x7,0(x15)	 x15:0x00020000  x7:0x00000030 PA:0x00020000 store:0x00000030 load:0x00000000
          30778	     15385	001000e0	00554583	lbu	x11,5(x10)	 x10:0x00101aec x11=0x00000078 PA:0x00101af1 store:0x00000067
          30780	     15386	001000e4	02058663	beq	x11,x0,100110	 x11:0x00000078  x0:0x00000000
          30784	     15388	001000e8	00b7a023	sw	x11,0(x15)	 x15:0x00020000 x11:0x00000078 PA:0x00020000 store:0x00000078 load:0x00000000
          30788	     15390	001000ec	00654603	lbu	x12,6(x10)	 x10:0x00101aec x12=0x00000038 PA:0x00101af2 store:0x00000020
          30790	     15391	001000f0	02060063	beq	x12,x0,100110	 x12:0x00000038  x0:0x00000000
          30794	     15393	001000f4	00c7a023	sw	x12,0(x15)	 x15:0x00020000 x12:0x00000038 PA:0x00020000 store:0x00000038 load:0x00000000
          30798	     15395	001000f8	00754683	lbu	x13,7(x10)	 x10:0x00101aec x13=0x0000003a PA:0x00101af3 store:0x00000030
          30800	     15396	001000fc	00850513	addi	x10,x10,8	 x10:0x00101aec x10=0x00101af4
          30802	     15397	00100100	00068863	beq	x13,x0,100110	 x13:0x0000003a  x0:0x00000000
          30806	     15399	00100104	00d7a023	sw	x13,0(x15)	 x15:0x00020000 x13:0x0000003a PA:0x00020000 store:0x0000003a load:0x00000000
          30810	     15401	00100108	00054803	lbu	x16,0(x10)	 x10:0x00101af4 x16=0x00000020 PA:0x00101af4 store:0x00000000
          30814	     15403	0010010c	fa0810e3	bne	x16,x0,1000ac	 x16:0x00000020  x0:0x00000000
          30820	     15406	001000ac	0107a023	sw	x16,0(x15)	 x15:0x00020000 x16:0x00000020 PA:0x00020000 store:0x00000020 load:0x00000000
          30824	     15408	001000b0	00154703	lbu	x14,1(x10)	 x10:0x00101af4 x14=0x00000000 PA:0x00101af5 store:0x0010157c
          30828	     15410	001000b4	04070e63	beq	x14,x0,100110	 x14:0x00000000  x0:0x00000000
          30832	     15412	00100110	00000513	addi	x10,x0,0	  x0:0x00000000 x10=0x00000000
          30836	     15414	00100114	00008067	jalr	x0,0(x1)	  x1:0x0010157c  x0=0x00000000
          30850	     15421	0010157c	cf8a2503	lw	x10,-776(x20)	 x20:0x00102000 x10=0x00000008 PA:0x00101cf8 store:0x00102000
          30852	     15422	00101580	f0000953	fmv.w.x	f18,x0	  x0:0x00000000 f18=0x00000000
          30854	     15423	00101584	00102c37	lui	x24,0x102	 x24=0x00102000
          30856	     15424	00101588	b99fe0ef	jal	x1,100120	  x1=0x0010158c
          30858	     15425	00100120	01c55793	srli	x15,x10,0x1c	 x10:0x00000008 x15=0x00000000
          30860	     15426	00100124	00900713	addi	x14,x0,9	  x0:0x00000000 x14=0x00000009
          30862	     15427	00100128	0cf77a63	bgeu	x14,x15,1001fc	 x14:0x00000009 x15:0x00000000
          30864	     15428	001001fc	03078393	addi	x7,x15,48	 x15:0x00000000  x7=0x00000030
          30866	     15429	00100200	000205b7	lui	x11,0x20	 x11=0x00020000
          30868	     15430	00100204	00451613	slli	x12,x10,0x4	 x10:0x00000008 x12=0x00000080
          30870	     15431	00100208	0075a023	sw	x7,0(x11)	 x11:0x00020000  x7:0x00000030 PA:0x00020000 store:0x00000030 load:0x00000000
          30872	     15432	0010020c	01c65693	srli	x13,x12,0x1c	 x12:0x00000080 x13=0x00000000
          30874	     15433	00100210	00900813	addi	x16,x0,9	  x0:0x00000000 x16=0x00000009
          30876	     15434	00100214	f2d86ae3	bltu	x16,x13,100148	 x16:0x00000009 x13:0x00000000
          30878	     15435	00100218	03068e93	addi	x29,x13,48	 x13:0x00000000 x29=0x00000030
          30880	     15436	0010021c	00020f37	lui	x30,0x20	 x30=0x00020000
          30882	     15437	00100220	00851f93	slli	x31,x10,0x8	 x10:0x00000008 x31=0x00000800
          30884	     15438	00100224	01df2023	sw	x29,0(x30)	 x30:0x00020000 x29:0x00000030 PA:0x00020000 store:0x00000030 load:0x00000000
          30886	     15439	00100228	01cfd793	srli	x15,x31,0x1c	 x31:0x00000800 x15=0x00000000
          30888	     15440	0010022c	00900713	addi	x14,x0,9	  x0:0x00000000 x14=0x00000009
          30890	     15441	00100230	f2f76ae3	bltu	x14,x15,100164	 x14:0x00000009 x15:0x00000000
          30892	     15442	00100234	03078393	addi	x7,x15,48	 x15:0x00000000  x7=0x00000030
          30894	     15443	00100238	000205b7	lui	x11,0x20	 x11=0x00020000
          30896	     15444	0010023c	00c51613	slli	x12,x10,0xc	 x10:0x00000008 x12=0x00008000
          30900	     15446	00100240	0075a023	sw	x7,0(x11)	 x11:0x00020000  x7:0x00000030 PA:0x00020000 store:0x00000030 load:0x00000000
          30902	     15447	00100244	01c65693	srli	x13,x12,0x1c	 x12:0x00008000 x13=0x00000000
          30904	     15448	00100248	00900813	addi	x16,x0,9	  x0:0x00000000 x16=0x00000009
          30906	     15449	0010024c	f2d86ae3	bltu	x16,x13,100180	 x16:0x00000009 x13:0x00000000
          30908	     15450	00100250	03068e93	addi	x29,x13,48	 x13:0x00000000 x29=0x00000030
          30910	     15451	00100254	00020f37	lui	x30,0x20	 x30=0x00020000
          30912	     15452	00100258	01051f93	slli	x31,x10,0x10	 x10:0x00000008 x31=0x00080000
          30916	     15454	0010025c	01df2023	sw	x29,0(x30)	 x30:0x00020000 x29:0x00000030 PA:0x00020000 store:0x00000030 load:0x00000000
          30918	     15455	00100260	01cfd793	srli	x15,x31,0x1c	 x31:0x00080000 x15=0x00000000
          30920	     15456	00100264	00900713	addi	x14,x0,9	  x0:0x00000000 x14=0x00000009
          30922	     15457	00100268	f2f76ae3	bltu	x14,x15,10019c	 x14:0x00000009 x15:0x00000000
          30924	     15458	0010026c	03078393	addi	x7,x15,48	 x15:0x00000000  x7=0x00000030
          30926	     15459	00100270	000205b7	lui	x11,0x20	 x11=0x00020000
          30928	     15460	00100274	01451613	slli	x12,x10,0x14	 x10:0x00000008 x12=0x00800000
          30932	     15462	00100278	0075a023	sw	x7,0(x11)	 x11:0x00020000  x7:0x00000030 PA:0x00020000 store:0x00000030 load:0x00000000
          30934	     15463	0010027c	01c65693	srli	x13,x12,0x1c	 x12:0x00800000 x13=0x00000000
          30936	     15464	00100280	00900813	addi	x16,x0,9	  x0:0x00000000 x16=0x00000009
          30938	     15465	00100284	f2d86ae3	bltu	x16,x13,1001b8	 x16:0x00000009 x13:0x00000000
          30940	     15466	00100288	03068e93	addi	x29,x13,48	 x13:0x00000000 x29=0x00000030
          30942	     15467	0010028c	00020f37	lui	x30,0x20	 x30=0x00020000
          30944	     15468	00100290	01851f93	slli	x31,x10,0x18	 x10:0x00000008 x31=0x08000000
          30948	     15470	00100294	01df2023	sw	x29,0(x30)	 x30:0x00020000 x29:0x00000030 PA:0x00020000 store:0x00000030 load:0x00000000
          30950	     15471	00100298	01cfd793	srli	x15,x31,0x1c	 x31:0x08000000 x15=0x00000000
          30952	     15472	0010029c	00900713	addi	x14,x0,9	  x0:0x00000000 x14=0x00000009
          30954	     15473	001002a0	f2f76ae3	bltu	x14,x15,1001d4	 x14:0x00000009 x15:0x00000000
          30956	     15474	001002a4	03078393	addi	x7,x15,48	 x15:0x00000000  x7=0x00000030
          30958	     15475	001002a8	000205b7	lui	x11,0x20	 x11=0x00020000
          30962	     15477	001002ac	0075a023	sw	x7,0(x11)	 x11:0x00020000  x7:0x00000030 PA:0x00020000 store:0x00000030 load:0x00000000
          30964	     15478	001002b0	00f57513	andi	x10,x10,15	 x10:0x00000008 x10=0x00000008
          30966	     15479	001002b4	00900613	addi	x12,x0,9	  x0:0x00000000 x12=0x00000009
          30970	     15481	001002b8	f2a67ae3	bgeu	x12,x10,1001ec	 x12:0x00000009 x10:0x00000008
          30974	     15483	001001ec	03050893	addi	x17,x10,48	 x10:0x00000008 x17=0x00000038
          30976	     15484	001001f0	00020e37	lui	x28,0x20	 x28=0x00020000
          30980	     15486	001001f4	011e2023	sw	x17,0(x28)	 x28:0x00020000 x17:0x00000038 PA:0x00020000 store:0x00000038 load:0x00000000
          30984	     15488	001001f8	00008067	jalr	x0,0(x1)	  x1:0x0010158c  x0=0x00000000
          30996	     15494	0010158c	af8c0513	addi	x10,x24,-1288	 x24:0x00102000 x10=0x00101af8
          30998	     15495	00101590	d1292a27	fsw	f18,-748(x18)	 f18:0x00102000 f18:0x00102000 PA:0x00101d14 store:0x00000000 load:0x00000000
          31002	     15497	00101594	d1492987	flw	f19,-748(x18)	 f18:0x00102000 f19=0x00000000 PA:0x00101d14 store:0x3f800031
          31008	     15500	00101598	e0099953	fclass.s	x18,f19	 f19:0x00102000 x18=0x00000010
          31010	     15501	0010159c	cf2daa23	sw	x18,-780(x27)	 x27:0x00102000 x18:0x00000010 PA:0x00101cf4 store:0x00000010 load:0x00000000
          31014	     15503	001015a0	b01fe0ef	jal	x1,1000a0	  x1=0x001015a4
          31018	     15505	001000a0	00054803	lbu	x16,0(x10)	 x10:0x00101af8 x16=0x0000000a PA:0x00101af8 store:0x00000000
          31020	     15506	001000a4	06080663	beq	x16,x0,100110	 x16:0x0000000a  x0:0x00000000
          31022	     15507	001000a8	000207b7	lui	x15,0x20	 x15=0x00020000
          31026	     15509	001000ac	0107a023	sw	x16,0(x15)	 x15:0x00020000 x16:0x0000000a PA:0x00020000 store:0x0000000a load:0x00000000
          31030	     15511	001000b0	00154703	lbu	x14,1(x10)	 x10:0x00101af8 x14=0x00000020 PA:0x00101af9 store:0x001015a4
          31032	     15512	001000b4	04070e63	beq	x14,x0,100110	 x14:0x00000020  x0:0x00000000
          31036	     15514	001000b8	00e7a023	sw	x14,0(x15)	 x15:0x00020000 x14:0x00000020 PA:0x00020000 store:0x00000020 load:0x00000000
          31040	     15516	001000bc	00254283	lbu	x5,2(x10)	 x10:0x00101af8  x5=0x00000045 PA:0x00101afa store:0x00137fa0
          31042	     15517	001000c0	04028863	beq	x5,x0,100110	  x5:0x00000045  x0:0x00000000
          31046	     15519	001000c4	0057a023	sw	x5,0(x15)	 x15:0x00020000  x5:0x00000045 PA:0x00020000 store:0x00000045 load:0x00000000
          31050	     15521	001000c8	00354303	lbu	x6,3(x10)	 x10:0x00101af8  x6=0x00000078 PA:0x00101afb store:0x00000000
          31052	     15522	001000cc	04030263	beq	x6,x0,100110	  x6:0x00000078  x0:0x00000000
          31056	     15524	001000d0	0067a023	sw	x6,0(x15)	 x15:0x00020000  x6:0x00000078 PA:0x00020000 store:0x00000078 load:0x00000000
          31060	     15526	001000d4	00454383	lbu	x7,4(x10)	 x10:0x00101af8  x7=0x00000070 PA:0x00101afc store:0x00000000
          31062	     15527	001000d8	02038c63	beq	x7,x0,100110	  x7:0x00000070  x0:0x00000000
          31066	     15529	001000dc	0077a023	sw	x7,0(x15)	 x15:0x00020000  x7:0x00000070 PA:0x00020000 store:0x00000070 load:0x00000000
          31070	     15531	001000e0	00554583	lbu	x11,5(x10)	 x10:0x00101af8 x11=0x00000065 PA:0x00101afd store:0x00000045
          31072	     15532	001000e4	02058663	beq	x11,x0,100110	 x11:0x00000065  x0:0x00000000
          31076	     15534	001000e8	00b7a023	sw	x11,0(x15)	 x15:0x00020000 x11:0x00000065 PA:0x00020000 store:0x00000065 load:0x00000000
          31080	     15536	001000ec	00654603	lbu	x12,6(x10)	 x10:0x00101af8 x12=0x00000063 PA:0x00101afe store:0x00000078
          31082	     15537	001000f0	02060063	beq	x12,x0,100110	 x12:0x00000063  x0:0x00000000
          31086	     15539	001000f4	00c7a023	sw	x12,0(x15)	 x15:0x00020000 x12:0x00000063 PA:0x00020000 store:0x00000063 load:0x00000000
          31090	     15541	001000f8	00754683	lbu	x13,7(x10)	 x10:0x00101af8 x13=0x00000074 PA:0x00101aff store:0x00000070
          31092	     15542	001000fc	00850513	addi	x10,x10,8	 x10:0x00101af8 x10=0x00101b00
          31094	     15543	00100100	00068863	beq	x13,x0,100110	 x13:0x00000074  x0:0x00000000
          31098	     15545	00100104	00d7a023	sw	x13,0(x15)	 x15:0x00020000 x13:0x00000074 PA:0x00020000 store:0x00000074 load:0x00000000
          31102	     15547	00100108	00054803	lbu	x16,0(x10)	 x10:0x00101b00 x16=0x00000069 PA:0x00101b00 store:0x00000000
          31106	     15549	0010010c	fa0810e3	bne	x16,x0,1000ac	 x16:0x00000069  x0:0x00000000
          31112	     15552	001000ac	0107a023	sw	x16,0(x15)	 x15:0x00020000 x16:0x00000069 PA:0x00020000 store:0x00000069 load:0x00000000
          31116	     15554	001000b0	00154703	lbu	x14,1(x10)	 x10:0x00101b00 x14=0x0000006e PA:0x00101b01 store:0x001015a4
          31118	     15555	001000b4	04070e63	beq	x14,x0,100110	 x14:0x0000006e  x0:0x00000000
          31122	     15557	001000b8	00e7a023	sw	x14,0(x15)	 x15:0x00020000 x14:0x0000006e PA:0x00020000 store:0x0000006e load:0x00000000
          31126	     15559	001000bc	00254283	lbu	x5,2(x10)	 x10:0x00101b00  x5=0x00000067 PA:0x00101b02 store:0x00137fa0
          31128	     15560	001000c0	04028863	beq	x5,x0,100110	  x5:0x00000067  x0:0x00000000
          31132	     15562	001000c4	0057a023	sw	x5,0(x15)	 x15:0x00020000  x5:0x00000067 PA:0x00020000 store:0x00000067 load:0x00000000
          31136	     15564	001000c8	00354303	lbu	x6,3(x10)	 x10:0x00101b00  x6=0x00000020 PA:0x00101b03 store:0x00000000
          31138	     15565	001000cc	04030263	beq	x6,x0,100110	  x6:0x00000020  x0:0x00000000
          31142	     15567	001000d0	0067a023	sw	x6,0(x15)	 x15:0x00020000  x6:0x00000020 PA:0x00020000 store:0x00000020 load:0x00000000
          31146	     15569	001000d4	00454383	lbu	x7,4(x10)	 x10:0x00101b00  x7=0x00000030 PA:0x00101b04 store:0x00000000
          31148	     15570	001000d8	02038c63	beq	x7,x0,100110	  x7:0x00000030  x0:0x00000000
          31152	     15572	001000dc	0077a023	sw	x7,0(x15)	 x15:0x00020000  x7:0x00000030 PA:0x00020000 store:0x00000030 load:0x00000000
          31156	     15574	001000e0	00554583	lbu	x11,5(x10)	 x10:0x00101b00 x11=0x00000078 PA:0x00101b05 store:0x00000067
          31158	     15575	001000e4	02058663	beq	x11,x0,100110	 x11:0x00000078  x0:0x00000000
          31162	     15577	001000e8	00b7a023	sw	x11,0(x15)	 x15:0x00020000 x11:0x00000078 PA:0x00020000 store:0x00000078 load:0x00000000
          31166	     15579	001000ec	00654603	lbu	x12,6(x10)	 x10:0x00101b00 x12=0x00000031 PA:0x00101b06 store:0x00000020
          31168	     15580	001000f0	02060063	beq	x12,x0,100110	 x12:0x00000031  x0:0x00000000
          31172	     15582	001000f4	00c7a023	sw	x12,0(x15)	 x15:0x00020000 x12:0x00000031 PA:0x00020000 store:0x00000031 load:0x00000000
          31176	     15584	001000f8	00754683	lbu	x13,7(x10)	 x10:0x00101b00 x13=0x00000030 PA:0x00101b07 store:0x00000030
          31178	     15585	001000fc	00850513	addi	x10,x10,8	 x10:0x00101b00 x10=0x00101b08
          31180	     15586	00100100	00068863	beq	x13,x0,100110	 x13:0x00000030  x0:0x00000000
          31184	     15588	00100104	00d7a023	sw	x13,0(x15)	 x15:0x00020000 x13:0x00000030 PA:0x00020000 store:0x00000030 load:0x00000000
          31188	     15590	00100108	00054803	lbu	x16,0(x10)	 x10:0x00101b08 x16=0x0000003a PA:0x00101b08 store:0x00000000
          31192	     15592	0010010c	fa0810e3	bne	x16,x0,1000ac	 x16:0x0000003a  x0:0x00000000
          31198	     15595	001000ac	0107a023	sw	x16,0(x15)	 x15:0x00020000 x16:0x0000003a PA:0x00020000 store:0x0000003a load:0x00000000
          31202	     15597	001000b0	00154703	lbu	x14,1(x10)	 x10:0x00101b08 x14=0x00000020 PA:0x00101b09 store:0x001015a4
          31204	     15598	001000b4	04070e63	beq	x14,x0,100110	 x14:0x00000020  x0:0x00000000
          31208	     15600	001000b8	00e7a023	sw	x14,0(x15)	 x15:0x00020000 x14:0x00000020 PA:0x00020000 store:0x00000020 load:0x00000000
          31212	     15602	001000bc	00254283	lbu	x5,2(x10)	 x10:0x00101b08  x5=0x00000000 PA:0x00101b0a store:0x00137fa0
          31216	     15604	001000c0	04028863	beq	x5,x0,100110	  x5:0x00000000  x0:0x00000000
          31220	     15606	00100110	00000513	addi	x10,x0,0	  x0:0x00000000 x10=0x00000000
          31224	     15608	00100114	00008067	jalr	x0,0(x1)	  x1:0x001015a4  x0=0x00000000
          31228	     15610	001015a4	cf4da503	lw	x10,-780(x27)	 x27:0x00102000 x10=0x00000010 PA:0x00101cf4 store:0x00102000
          31230	     15611	001015a8	00102437	lui	x8,0x102	  x8=0x00102000
          31232	     15612	001015ac	00102c37	lui	x24,0x102	 x24=0x00102000
          31236	     15614	001015b0	b71fe0ef	jal	x1,100120	  x1=0x001015b4
          31238	     15615	00100120	01c55793	srli	x15,x10,0x1c	 x10:0x00000010 x15=0x00000000
          31240	     15616	00100124	00900713	addi	x14,x0,9	  x0:0x00000000 x14=0x00000009
          31244	     15618	00100128	0cf77a63	bgeu	x14,x15,1001fc	 x14:0x00000009 x15:0x00000000
          31248	     15620	001001fc	03078393	addi	x7,x15,48	 x15:0x00000000  x7=0x00000030
          31250	     15621	00100200	000205b7	lui	x11,0x20	 x11=0x00020000
          31252	     15622	00100204	00451613	slli	x12,x10,0x4	 x10:0x00000010 x12=0x00000100
          31256	     15624	00100208	0075a023	sw	x7,0(x11)	 x11:0x00020000  x7:0x00000030 PA:0x00020000 store:0x00000030 load:0x00000000
          31258	     15625	0010020c	01c65693	srli	x13,x12,0x1c	 x12:0x00000100 x13=0x00000000
          31260	     15626	00100210	00900813	addi	x16,x0,9	  x0:0x00000000 x16=0x00000009
          31262	     15627	00100214	f2d86ae3	bltu	x16,x13,100148	 x16:0x00000009 x13:0x00000000
          31264	     15628	00100218	03068e93	addi	x29,x13,48	 x13:0x00000000 x29=0x00000030
          31266	     15629	0010021c	00020f37	lui	x30,0x20	 x30=0x00020000
          31268	     15630	00100220	00851f93	slli	x31,x10,0x8	 x10:0x00000010 x31=0x00001000
          31272	     15632	00100224	01df2023	sw	x29,0(x30)	 x30:0x00020000 x29:0x00000030 PA:0x00020000 store:0x00000030 load:0x00000000
          31274	     15633	00100228	01cfd793	srli	x15,x31,0x1c	 x31:0x00001000 x15=0x00000000
          31276	     15634	0010022c	00900713	addi	x14,x0,9	  x0:0x00000000 x14=0x00000009
          31278	     15635	00100230	f2f76ae3	bltu	x14,x15,100164	 x14:0x00000009 x15:0x00000000
          31280	     15636	00100234	03078393	addi	x7,x15,48	 x15:0x00000000  x7=0x00000030
          31282	     15637	00100238	000205b7	lui	x11,0x20	 x11=0x00020000
          31284	     15638	0010023c	00c51613	slli	x12,x10,0xc	 x10:0x00000010 x12=0x00010000
          31288	     15640	00100240	0075a023	sw	x7,0(x11)	 x11:0x00020000  x7:0x00000030 PA:0x00020000 store:0x00000030 load:0x00000000
          31290	     15641	00100244	01c65693	srli	x13,x12,0x1c	 x12:0x00010000 x13=0x00000000
          31292	     15642	00100248	00900813	addi	x16,x0,9	  x0:0x00000000 x16=0x00000009
          31294	     15643	0010024c	f2d86ae3	bltu	x16,x13,100180	 x16:0x00000009 x13:0x00000000
          31296	     15644	00100250	03068e93	addi	x29,x13,48	 x13:0x00000000 x29=0x00000030
          31298	     15645	00100254	00020f37	lui	x30,0x20	 x30=0x00020000
          31300	     15646	00100258	01051f93	slli	x31,x10,0x10	 x10:0x00000010 x31=0x00100000
          31304	     15648	0010025c	01df2023	sw	x29,0(x30)	 x30:0x00020000 x29:0x00000030 PA:0x00020000 store:0x00000030 load:0x00000000
          31306	     15649	00100260	01cfd793	srli	x15,x31,0x1c	 x31:0x00100000 x15=0x00000000
          31308	     15650	00100264	00900713	addi	x14,x0,9	  x0:0x00000000 x14=0x00000009
          31310	     15651	00100268	f2f76ae3	bltu	x14,x15,10019c	 x14:0x00000009 x15:0x00000000
          31312	     15652	0010026c	03078393	addi	x7,x15,48	 x15:0x00000000  x7=0x00000030
          31314	     15653	00100270	000205b7	lui	x11,0x20	 x11=0x00020000
          31316	     15654	00100274	01451613	slli	x12,x10,0x14	 x10:0x00000010 x12=0x01000000
          31320	     15656	00100278	0075a023	sw	x7,0(x11)	 x11:0x00020000  x7:0x00000030 PA:0x00020000 store:0x00000030 load:0x00000000
          31322	     15657	0010027c	01c65693	srli	x13,x12,0x1c	 x12:0x01000000 x13=0x00000000
          31324	     15658	00100280	00900813	addi	x16,x0,9	  x0:0x00000000 x16=0x00000009
          31326	     15659	00100284	f2d86ae3	bltu	x16,x13,1001b8	 x16:0x00000009 x13:0x00000000
          31328	     15660	00100288	03068e93	addi	x29,x13,48	 x13:0x00000000 x29=0x00000030
          31330	     15661	0010028c	00020f37	lui	x30,0x20	 x30=0x00020000
          31332	     15662	00100290	01851f93	slli	x31,x10,0x18	 x10:0x00000010 x31=0x10000000
          31336	     15664	00100294	01df2023	sw	x29,0(x30)	 x30:0x00020000 x29:0x00000030 PA:0x00020000 store:0x00000030 load:0x00000000
          31338	     15665	00100298	01cfd793	srli	x15,x31,0x1c	 x31:0x10000000 x15=0x00000001
          31340	     15666	0010029c	00900713	addi	x14,x0,9	  x0:0x00000000 x14=0x00000009
          31342	     15667	001002a0	f2f76ae3	bltu	x14,x15,1001d4	 x14:0x00000009 x15:0x00000001
          31344	     15668	001002a4	03078393	addi	x7,x15,48	 x15:0x00000001  x7=0x00000031
          31346	     15669	001002a8	000205b7	lui	x11,0x20	 x11=0x00020000
          31350	     15671	001002ac	0075a023	sw	x7,0(x11)	 x11:0x00020000  x7:0x00000031 PA:0x00020000 store:0x00000031 load:0x00000000
          31352	     15672	001002b0	00f57513	andi	x10,x10,15	 x10:0x00000010 x10=0x00000000
          31354	     15673	001002b4	00900613	addi	x12,x0,9	  x0:0x00000000 x12=0x00000009
          31358	     15675	001002b8	f2a67ae3	bgeu	x12,x10,1001ec	 x12:0x00000009 x10:0x00000000
          31362	     15677	001001ec	03050893	addi	x17,x10,48	 x10:0x00000000 x17=0x00000030
          31364	     15678	001001f0	00020e37	lui	x28,0x20	 x28=0x00020000
          31368	     15680	001001f4	011e2023	sw	x17,0(x28)	 x28:0x00020000 x17:0x00000030 PA:0x00020000 store:0x00000030 load:0x00000000
          31372	     15682	001001f8	00008067	jalr	x0,0(x1)	  x1:0x001015b4  x0=0x00000000
          31384	     15688	001015b4	001023b7	lui	x7,0x102	  x7=0x00102000
          31386	     15689	001015b8	9503a407	flw	f8,-1712(x7)	  f7:0x00102000  f8=0x00000000 PA:0x00101950 store:0x80000047
          31392	     15692	001015bc	001025b7	lui	x11,0x102	 x11=0x00102000
          31394	     15693	001015c0	00102637	lui	x12,0x102	 x12=0x00102000
          31396	     15694	001015c4	d085a827	fsw	f8,-752(x11)	 f11:0x00102000  f8:0x00102000 PA:0x00101d10 store:0x00000047 load:0x00000047
          31398	     15695	001015c8	b0c60513	addi	x10,x12,-1268	 x12:0x00102000 x10=0x00101b0c
          31400	     15696	001015cc	d105aa07	flw	f20,-752(x11)	 f11:0x00102000 f20=0x00000000 PA:0x00101d10 store:0x80000047
          31404	     15698	001015d0	e00a1853	fclass.s	x16,f20	 f20:0x00102000 x16=0x00000020
          31406	     15699	001015d4	cf0d2823	sw	x16,-784(x26)	 x26:0x00102000 x16:0x00000020 PA:0x00101cf0 store:0x00000020 load:0x00000047
          31410	     15701	001015d8	ac9fe0ef	jal	x1,1000a0	  x1=0x001015dc
          31414	     15703	001000a0	00054803	lbu	x16,0(x10)	 x10:0x00101b0c x16=0x0000000a PA:0x00101b0c store:0x00000000
          31416	     15704	001000a4	06080663	beq	x16,x0,100110	 x16:0x0000000a  x0:0x00000000
          31418	     15705	001000a8	000207b7	lui	x15,0x20	 x15=0x00020000
          31422	     15707	001000ac	0107a023	sw	x16,0(x15)	 x15:0x00020000 x16:0x0000000a PA:0x00020000 store:0x0000000a load:0x00000000
          31426	     15709	001000b0	00154703	lbu	x14,1(x10)	 x10:0x00101b0c x14=0x00000020 PA:0x00101b0d store:0x001015dc
          31428	     15710	001000b4	04070e63	beq	x14,x0,100110	 x14:0x00000020  x0:0x00000000
          31432	     15712	001000b8	00e7a023	sw	x14,0(x15)	 x15:0x00020000 x14:0x00000020 PA:0x00020000 store:0x00000020 load:0x00000000
          31436	     15714	001000bc	00254283	lbu	x5,2(x10)	 x10:0x00101b0c  x5=0x00000045 PA:0x00101b0e store:0x00137fa0
          31438	     15715	001000c0	04028863	beq	x5,x0,100110	  x5:0x00000045  x0:0x00000000
          31442	     15717	001000c4	0057a023	sw	x5,0(x15)	 x15:0x00020000  x5:0x00000045 PA:0x00020000 store:0x00000045 load:0x00000000
          31446	     15719	001000c8	00354303	lbu	x6,3(x10)	 x10:0x00101b0c  x6=0x00000078 PA:0x00101b0f store:0x00000000
          31448	     15720	001000cc	04030263	beq	x6,x0,100110	  x6:0x00000078  x0:0x00000000
          31452	     15722	001000d0	0067a023	sw	x6,0(x15)	 x15:0x00020000  x6:0x00000078 PA:0x00020000 store:0x00000078 load:0x00000000
          31456	     15724	001000d4	00454383	lbu	x7,4(x10)	 x10:0x00101b0c  x7=0x00000070 PA:0x00101b10 store:0x00000000
          31458	     15725	001000d8	02038c63	beq	x7,x0,100110	  x7:0x00000070  x0:0x00000000
          31462	     15727	001000dc	0077a023	sw	x7,0(x15)	 x15:0x00020000  x7:0x00000070 PA:0x00020000 store:0x00000070 load:0x00000000
          31466	     15729	001000e0	00554583	lbu	x11,5(x10)	 x10:0x00101b0c x11=0x00000065 PA:0x00101b11 store:0x00000045
          31468	     15730	001000e4	02058663	beq	x11,x0,100110	 x11:0x00000065  x0:0x00000000
          31472	     15732	001000e8	00b7a023	sw	x11,0(x15)	 x15:0x00020000 x11:0x00000065 PA:0x00020000 store:0x00000065 load:0x00000000
          31476	     15734	001000ec	00654603	lbu	x12,6(x10)	 x10:0x00101b0c x12=0x00000063 PA:0x00101b12 store:0x00000078
          31478	     15735	001000f0	02060063	beq	x12,x0,100110	 x12:0x00000063  x0:0x00000000
          31482	     15737	001000f4	00c7a023	sw	x12,0(x15)	 x15:0x00020000 x12:0x00000063 PA:0x00020000 store:0x00000063 load:0x00000000
          31486	     15739	001000f8	00754683	lbu	x13,7(x10)	 x10:0x00101b0c x13=0x00000074 PA:0x00101b13 store:0x00000070
          31488	     15740	001000fc	00850513	addi	x10,x10,8	 x10:0x00101b0c x10=0x00101b14
          31490	     15741	00100100	00068863	beq	x13,x0,100110	 x13:0x00000074  x0:0x00000000
          31494	     15743	00100104	00d7a023	sw	x13,0(x15)	 x15:0x00020000 x13:0x00000074 PA:0x00020000 store:0x00000074 load:0x00000000
          31498	     15745	00100108	00054803	lbu	x16,0(x10)	 x10:0x00101b14 x16=0x00000069 PA:0x00101b14 store:0x00000000
          31502	     15747	0010010c	fa0810e3	bne	x16,x0,1000ac	 x16:0x00000069  x0:0x00000000
          31508	     15750	001000ac	0107a023	sw	x16,0(x15)	 x15:0x00020000 x16:0x00000069 PA:0x00020000 store:0x00000069 load:0x00000000
          31512	     15752	001000b0	00154703	lbu	x14,1(x10)	 x10:0x00101b14 x14=0x0000006e PA:0x00101b15 store:0x001015dc
          31514	     15753	001000b4	04070e63	beq	x14,x0,100110	 x14:0x0000006e  x0:0x00000000
          31518	     15755	001000b8	00e7a023	sw	x14,0(x15)	 x15:0x00020000 x14:0x0000006e PA:0x00020000 store:0x0000006e load:0x00000000
          31522	     15757	001000bc	00254283	lbu	x5,2(x10)	 x10:0x00101b14  x5=0x00000067 PA:0x00101b16 store:0x00137fa0
          31524	     15758	001000c0	04028863	beq	x5,x0,100110	  x5:0x00000067  x0:0x00000000
          31528	     15760	001000c4	0057a023	sw	x5,0(x15)	 x15:0x00020000  x5:0x00000067 PA:0x00020000 store:0x00000067 load:0x00000000
          31532	     15762	001000c8	00354303	lbu	x6,3(x10)	 x10:0x00101b14  x6=0x00000020 PA:0x00101b17 store:0x00000000
          31534	     15763	001000cc	04030263	beq	x6,x0,100110	  x6:0x00000020  x0:0x00000000
          31538	     15765	001000d0	0067a023	sw	x6,0(x15)	 x15:0x00020000  x6:0x00000020 PA:0x00020000 store:0x00000020 load:0x00000000
          31542	     15767	001000d4	00454383	lbu	x7,4(x10)	 x10:0x00101b14  x7=0x00000030 PA:0x00101b18 store:0x00000000
          31544	     15768	001000d8	02038c63	beq	x7,x0,100110	  x7:0x00000030  x0:0x00000000
          31548	     15770	001000dc	0077a023	sw	x7,0(x15)	 x15:0x00020000  x7:0x00000030 PA:0x00020000 store:0x00000030 load:0x00000000
          31552	     15772	001000e0	00554583	lbu	x11,5(x10)	 x10:0x00101b14 x11=0x00000078 PA:0x00101b19 store:0x00000067
          31554	     15773	001000e4	02058663	beq	x11,x0,100110	 x11:0x00000078  x0:0x00000000
          31558	     15775	001000e8	00b7a023	sw	x11,0(x15)	 x15:0x00020000 x11:0x00000078 PA:0x00020000 store:0x00000078 load:0x00000000
          31562	     15777	001000ec	00654603	lbu	x12,6(x10)	 x10:0x00101b14 x12=0x00000032 PA:0x00101b1a store:0x00000020
          31564	     15778	001000f0	02060063	beq	x12,x0,100110	 x12:0x00000032  x0:0x00000000
          31568	     15780	001000f4	00c7a023	sw	x12,0(x15)	 x15:0x00020000 x12:0x00000032 PA:0x00020000 store:0x00000032 load:0x00000000
          31572	     15782	001000f8	00754683	lbu	x13,7(x10)	 x10:0x00101b14 x13=0x00000030 PA:0x00101b1b store:0x00000030
          31574	     15783	001000fc	00850513	addi	x10,x10,8	 x10:0x00101b14 x10=0x00101b1c
          31576	     15784	00100100	00068863	beq	x13,x0,100110	 x13:0x00000030  x0:0x00000000
          31580	     15786	00100104	00d7a023	sw	x13,0(x15)	 x15:0x00020000 x13:0x00000030 PA:0x00020000 store:0x00000030 load:0x00000000
          31584	     15788	00100108	00054803	lbu	x16,0(x10)	 x10:0x00101b1c x16=0x0000003a PA:0x00101b1c store:0x00000000
          31588	     15790	0010010c	fa0810e3	bne	x16,x0,1000ac	 x16:0x0000003a  x0:0x00000000
          31594	     15793	001000ac	0107a023	sw	x16,0(x15)	 x15:0x00020000 x16:0x0000003a PA:0x00020000 store:0x0000003a load:0x00000000
          31598	     15795	001000b0	00154703	lbu	x14,1(x10)	 x10:0x00101b1c x14=0x00000020 PA:0x00101b1d store:0x001015dc
          31600	     15796	001000b4	04070e63	beq	x14,x0,100110	 x14:0x00000020  x0:0x00000000
          31604	     15798	001000b8	00e7a023	sw	x14,0(x15)	 x15:0x00020000 x14:0x00000020 PA:0x00020000 store:0x00000020 load:0x00000000
          31608	     15800	001000bc	00254283	lbu	x5,2(x10)	 x10:0x00101b1c  x5=0x00000000 PA:0x00101b1e store:0x00137fa0
          31612	     15802	001000c0	04028863	beq	x5,x0,100110	  x5:0x00000000  x0:0x00000000
          31616	     15804	00100110	00000513	addi	x10,x0,0	  x0:0x00000000 x10=0x00000000
          31620	     15806	00100114	00008067	jalr	x0,0(x1)	  x1:0x001015dc  x0=0x00000000
          31624	     15808	001015dc	cf0d2503	lw	x10,-784(x26)	 x26:0x00102000 x10=0x00000020 PA:0x00101cf0 store:0x0000003a
          31628	     15810	001015e0	b41fe0ef	jal	x1,100120	  x1=0x001015e4
          31630	     15811	00100120	01c55793	srli	x15,x10,0x1c	 x10:0x00000020 x15=0x00000000
          31632	     15812	00100124	00900713	addi	x14,x0,9	  x0:0x00000000 x14=0x00000009
          31636	     15814	00100128	0cf77a63	bgeu	x14,x15,1001fc	 x14:0x00000009 x15:0x00000000
          31640	     15816	001001fc	03078393	addi	x7,x15,48	 x15:0x00000000  x7=0x00000030
          31642	     15817	00100200	000205b7	lui	x11,0x20	 x11=0x00020000
          31644	     15818	00100204	00451613	slli	x12,x10,0x4	 x10:0x00000020 x12=0x00000200
          31648	     15820	00100208	0075a023	sw	x7,0(x11)	 x11:0x00020000  x7:0x00000030 PA:0x00020000 store:0x00000030 load:0x00000000
          31650	     15821	0010020c	01c65693	srli	x13,x12,0x1c	 x12:0x00000200 x13=0x00000000
          31652	     15822	00100210	00900813	addi	x16,x0,9	  x0:0x00000000 x16=0x00000009
          31654	     15823	00100214	f2d86ae3	bltu	x16,x13,100148	 x16:0x00000009 x13:0x00000000
          31656	     15824	00100218	03068e93	addi	x29,x13,48	 x13:0x00000000 x29=0x00000030
          31658	     15825	0010021c	00020f37	lui	x30,0x20	 x30=0x00020000
          31660	     15826	00100220	00851f93	slli	x31,x10,0x8	 x10:0x00000020 x31=0x00002000
          31664	     15828	00100224	01df2023	sw	x29,0(x30)	 x30:0x00020000 x29:0x00000030 PA:0x00020000 store:0x00000030 load:0x00000000
          31666	     15829	00100228	01cfd793	srli	x15,x31,0x1c	 x31:0x00002000 x15=0x00000000
          31668	     15830	0010022c	00900713	addi	x14,x0,9	  x0:0x00000000 x14=0x00000009
          31670	     15831	00100230	f2f76ae3	bltu	x14,x15,100164	 x14:0x00000009 x15:0x00000000
          31672	     15832	00100234	03078393	addi	x7,x15,48	 x15:0x00000000  x7=0x00000030
          31674	     15833	00100238	000205b7	lui	x11,0x20	 x11=0x00020000
          31676	     15834	0010023c	00c51613	slli	x12,x10,0xc	 x10:0x00000020 x12=0x00020000
          31680	     15836	00100240	0075a023	sw	x7,0(x11)	 x11:0x00020000  x7:0x00000030 PA:0x00020000 store:0x00000030 load:0x00000000
          31682	     15837	00100244	01c65693	srli	x13,x12,0x1c	 x12:0x00020000 x13=0x00000000
          31684	     15838	00100248	00900813	addi	x16,x0,9	  x0:0x00000000 x16=0x00000009
          31686	     15839	0010024c	f2d86ae3	bltu	x16,x13,100180	 x16:0x00000009 x13:0x00000000
          31688	     15840	00100250	03068e93	addi	x29,x13,48	 x13:0x00000000 x29=0x00000030
          31690	     15841	00100254	00020f37	lui	x30,0x20	 x30=0x00020000
          31692	     15842	00100258	01051f93	slli	x31,x10,0x10	 x10:0x00000020 x31=0x00200000
          31696	     15844	0010025c	01df2023	sw	x29,0(x30)	 x30:0x00020000 x29:0x00000030 PA:0x00020000 store:0x00000030 load:0x00000000
          31698	     15845	00100260	01cfd793	srli	x15,x31,0x1c	 x31:0x00200000 x15=0x00000000
          31700	     15846	00100264	00900713	addi	x14,x0,9	  x0:0x00000000 x14=0x00000009
          31702	     15847	00100268	f2f76ae3	bltu	x14,x15,10019c	 x14:0x00000009 x15:0x00000000
          31704	     15848	0010026c	03078393	addi	x7,x15,48	 x15:0x00000000  x7=0x00000030
          31706	     15849	00100270	000205b7	lui	x11,0x20	 x11=0x00020000
          31708	     15850	00100274	01451613	slli	x12,x10,0x14	 x10:0x00000020 x12=0x02000000
          31712	     15852	00100278	0075a023	sw	x7,0(x11)	 x11:0x00020000  x7:0x00000030 PA:0x00020000 store:0x00000030 load:0x00000000
          31714	     15853	0010027c	01c65693	srli	x13,x12,0x1c	 x12:0x02000000 x13=0x00000000
          31716	     15854	00100280	00900813	addi	x16,x0,9	  x0:0x00000000 x16=0x00000009
          31718	     15855	00100284	f2d86ae3	bltu	x16,x13,1001b8	 x16:0x00000009 x13:0x00000000
          31720	     15856	00100288	03068e93	addi	x29,x13,48	 x13:0x00000000 x29=0x00000030
          31722	     15857	0010028c	00020f37	lui	x30,0x20	 x30=0x00020000
          31724	     15858	00100290	01851f93	slli	x31,x10,0x18	 x10:0x00000020 x31=0x20000000
          31728	     15860	00100294	01df2023	sw	x29,0(x30)	 x30:0x00020000 x29:0x00000030 PA:0x00020000 store:0x00000030 load:0x00000000
          31730	     15861	00100298	01cfd793	srli	x15,x31,0x1c	 x31:0x20000000 x15=0x00000002
          31732	     15862	0010029c	00900713	addi	x14,x0,9	  x0:0x00000000 x14=0x00000009
          31734	     15863	001002a0	f2f76ae3	bltu	x14,x15,1001d4	 x14:0x00000009 x15:0x00000002
          31736	     15864	001002a4	03078393	addi	x7,x15,48	 x15:0x00000002  x7=0x00000032
          31738	     15865	001002a8	000205b7	lui	x11,0x20	 x11=0x00020000
          31742	     15867	001002ac	0075a023	sw	x7,0(x11)	 x11:0x00020000  x7:0x00000032 PA:0x00020000 store:0x00000032 load:0x00000000
          31744	     15868	001002b0	00f57513	andi	x10,x10,15	 x10:0x00000020 x10=0x00000000
          31746	     15869	001002b4	00900613	addi	x12,x0,9	  x0:0x00000000 x12=0x00000009
          31750	     15871	001002b8	f2a67ae3	bgeu	x12,x10,1001ec	 x12:0x00000009 x10:0x00000000
          31754	     15873	001001ec	03050893	addi	x17,x10,48	 x10:0x00000000 x17=0x00000030
          31756	     15874	001001f0	00020e37	lui	x28,0x20	 x28=0x00020000
          31760	     15876	001001f4	011e2023	sw	x17,0(x28)	 x28:0x00020000 x17:0x00000030 PA:0x00020000 store:0x00000030 load:0x00000000
          31764	     15878	001001f8	00008067	jalr	x0,0(x1)	  x1:0x001015e4  x0=0x00000000
          31776	     15884	001015e4	001028b7	lui	x17,0x102	 x17=0x00102000
          31778	     15885	001015e8	9548aa87	flw	f21,-1708(x17)	 f17:0x00102000 f21=0x00000000 PA:0x00101954 store:0x00000047
          31784	     15888	001015ec	00102e37	lui	x28,0x102	 x28=0x00102000
          31786	     15889	001015f0	b20e0513	addi	x10,x28,-1248	 x28:0x00102000 x10=0x00101b20
          31788	     15890	001015f4	d15b2627	fsw	f21,-756(x22)	 f22:0x00102000 f21:0x00102000 PA:0x00101d0c store:0x4019999a load:0x4019999a
          31792	     15892	001015f8	d0cb2e07	flw	f28,-756(x22)	 f22:0x00102000 f28=0x00000000 PA:0x00101d0c store:0xc06d7f2b
          31798	     15895	001015fc	e00e1b53	fclass.s	x22,f28	 f28:0x00102000 x22=0x00000040
          31800	     15896	00101600	cf6a2c23	sw	x22,-776(x20)	 x20:0x00102000 x22:0x00000040 PA:0x00101cf8 store:0x00000040 load:0x4019999a
          31804	     15898	00101604	a9dfe0ef	jal	x1,1000a0	  x1=0x00101608
          31808	     15900	001000a0	00054803	lbu	x16,0(x10)	 x10:0x00101b20 x16=0x0000000a PA:0x00101b20 store:0x00000000
          31810	     15901	001000a4	06080663	beq	x16,x0,100110	 x16:0x0000000a  x0:0x00000000
          31812	     15902	001000a8	000207b7	lui	x15,0x20	 x15=0x00020000
          31816	     15904	001000ac	0107a023	sw	x16,0(x15)	 x15:0x00020000 x16:0x0000000a PA:0x00020000 store:0x0000000a load:0x00000000
          31820	     15906	001000b0	00154703	lbu	x14,1(x10)	 x10:0x00101b20 x14=0x00000020 PA:0x00101b21 store:0x00101608
          31822	     15907	001000b4	04070e63	beq	x14,x0,100110	 x14:0x00000020  x0:0x00000000
          31826	     15909	001000b8	00e7a023	sw	x14,0(x15)	 x15:0x00020000 x14:0x00000020 PA:0x00020000 store:0x00000020 load:0x00000000
          31830	     15911	001000bc	00254283	lbu	x5,2(x10)	 x10:0x00101b20  x5=0x00000045 PA:0x00101b22 store:0x00137fa0
          31832	     15912	001000c0	04028863	beq	x5,x0,100110	  x5:0x00000045  x0:0x00000000
          31836	     15914	001000c4	0057a023	sw	x5,0(x15)	 x15:0x00020000  x5:0x00000045 PA:0x00020000 store:0x00000045 load:0x00000000
          31840	     15916	001000c8	00354303	lbu	x6,3(x10)	 x10:0x00101b20  x6=0x00000078 PA:0x00101b23 store:0x00000000
          31842	     15917	001000cc	04030263	beq	x6,x0,100110	  x6:0x00000078  x0:0x00000000
          31846	     15919	001000d0	0067a023	sw	x6,0(x15)	 x15:0x00020000  x6:0x00000078 PA:0x00020000 store:0x00000078 load:0x00000000
          31850	     15921	001000d4	00454383	lbu	x7,4(x10)	 x10:0x00101b20  x7=0x00000070 PA:0x00101b24 store:0x00000000
          31852	     15922	001000d8	02038c63	beq	x7,x0,100110	  x7:0x00000070  x0:0x00000000
          31856	     15924	001000dc	0077a023	sw	x7,0(x15)	 x15:0x00020000  x7:0x00000070 PA:0x00020000 store:0x00000070 load:0x00000000
          31860	     15926	001000e0	00554583	lbu	x11,5(x10)	 x10:0x00101b20 x11=0x00000065 PA:0x00101b25 store:0x00000045
          31862	     15927	001000e4	02058663	beq	x11,x0,100110	 x11:0x00000065  x0:0x00000000
          31866	     15929	001000e8	00b7a023	sw	x11,0(x15)	 x15:0x00020000 x11:0x00000065 PA:0x00020000 store:0x00000065 load:0x00000000
          31870	     15931	001000ec	00654603	lbu	x12,6(x10)	 x10:0x00101b20 x12=0x00000063 PA:0x00101b26 store:0x00000078
          31872	     15932	001000f0	02060063	beq	x12,x0,100110	 x12:0x00000063  x0:0x00000000
          31876	     15934	001000f4	00c7a023	sw	x12,0(x15)	 x15:0x00020000 x12:0x00000063 PA:0x00020000 store:0x00000063 load:0x00000000
          31880	     15936	001000f8	00754683	lbu	x13,7(x10)	 x10:0x00101b20 x13=0x00000074 PA:0x00101b27 store:0x00000070
          31882	     15937	001000fc	00850513	addi	x10,x10,8	 x10:0x00101b20 x10=0x00101b28
          31884	     15938	00100100	00068863	beq	x13,x0,100110	 x13:0x00000074  x0:0x00000000
          31888	     15940	00100104	00d7a023	sw	x13,0(x15)	 x15:0x00020000 x13:0x00000074 PA:0x00020000 store:0x00000074 load:0x00000000
          31892	     15942	00100108	00054803	lbu	x16,0(x10)	 x10:0x00101b28 x16=0x00000069 PA:0x00101b28 store:0x00000000
          31896	     15944	0010010c	fa0810e3	bne	x16,x0,1000ac	 x16:0x00000069  x0:0x00000000
          31902	     15947	001000ac	0107a023	sw	x16,0(x15)	 x15:0x00020000 x16:0x00000069 PA:0x00020000 store:0x00000069 load:0x00000000
          31906	     15949	001000b0	00154703	lbu	x14,1(x10)	 x10:0x00101b28 x14=0x0000006e PA:0x00101b29 store:0x00101608
          31908	     15950	001000b4	04070e63	beq	x14,x0,100110	 x14:0x0000006e  x0:0x00000000
          31912	     15952	001000b8	00e7a023	sw	x14,0(x15)	 x15:0x00020000 x14:0x0000006e PA:0x00020000 store:0x0000006e load:0x00000000
          31916	     15954	001000bc	00254283	lbu	x5,2(x10)	 x10:0x00101b28  x5=0x00000067 PA:0x00101b2a store:0x00137fa0
          31918	     15955	001000c0	04028863	beq	x5,x0,100110	  x5:0x00000067  x0:0x00000000
          31922	     15957	001000c4	0057a023	sw	x5,0(x15)	 x15:0x00020000  x5:0x00000067 PA:0x00020000 store:0x00000067 load:0x00000000
          31926	     15959	001000c8	00354303	lbu	x6,3(x10)	 x10:0x00101b28  x6=0x00000020 PA:0x00101b2b store:0x00000000
          31928	     15960	001000cc	04030263	beq	x6,x0,100110	  x6:0x00000020  x0:0x00000000
          31932	     15962	001000d0	0067a023	sw	x6,0(x15)	 x15:0x00020000  x6:0x00000020 PA:0x00020000 store:0x00000020 load:0x00000000
          31936	     15964	001000d4	00454383	lbu	x7,4(x10)	 x10:0x00101b28  x7=0x00000030 PA:0x00101b2c store:0x00000000
          31938	     15965	001000d8	02038c63	beq	x7,x0,100110	  x7:0x00000030  x0:0x00000000
          31942	     15967	001000dc	0077a023	sw	x7,0(x15)	 x15:0x00020000  x7:0x00000030 PA:0x00020000 store:0x00000030 load:0x00000000
          31946	     15969	001000e0	00554583	lbu	x11,5(x10)	 x10:0x00101b28 x11=0x00000078 PA:0x00101b2d store:0x00000067
          31948	     15970	001000e4	02058663	beq	x11,x0,100110	 x11:0x00000078  x0:0x00000000
          31952	     15972	001000e8	00b7a023	sw	x11,0(x15)	 x15:0x00020000 x11:0x00000078 PA:0x00020000 store:0x00000078 load:0x00000000
          31956	     15974	001000ec	00654603	lbu	x12,6(x10)	 x10:0x00101b28 x12=0x00000034 PA:0x00101b2e store:0x00000020
          31958	     15975	001000f0	02060063	beq	x12,x0,100110	 x12:0x00000034  x0:0x00000000
          31962	     15977	001000f4	00c7a023	sw	x12,0(x15)	 x15:0x00020000 x12:0x00000034 PA:0x00020000 store:0x00000034 load:0x00000000
          31966	     15979	001000f8	00754683	lbu	x13,7(x10)	 x10:0x00101b28 x13=0x00000030 PA:0x00101b2f store:0x00000030
          31968	     15980	001000fc	00850513	addi	x10,x10,8	 x10:0x00101b28 x10=0x00101b30
          31970	     15981	00100100	00068863	beq	x13,x0,100110	 x13:0x00000030  x0:0x00000000
          31974	     15983	00100104	00d7a023	sw	x13,0(x15)	 x15:0x00020000 x13:0x00000030 PA:0x00020000 store:0x00000030 load:0x00000000
          31978	     15985	00100108	00054803	lbu	x16,0(x10)	 x10:0x00101b30 x16=0x0000003a PA:0x00101b30 store:0x00000000
          31982	     15987	0010010c	fa0810e3	bne	x16,x0,1000ac	 x16:0x0000003a  x0:0x00000000
          31988	     15990	001000ac	0107a023	sw	x16,0(x15)	 x15:0x00020000 x16:0x0000003a PA:0x00020000 store:0x0000003a load:0x00000000
          31992	     15992	001000b0	00154703	lbu	x14,1(x10)	 x10:0x00101b30 x14=0x00000020 PA:0x00101b31 store:0x00101608
          31994	     15993	001000b4	04070e63	beq	x14,x0,100110	 x14:0x00000020  x0:0x00000000
          31998	     15995	001000b8	00e7a023	sw	x14,0(x15)	 x15:0x00020000 x14:0x00000020 PA:0x00020000 store:0x00000020 load:0x00000000
          32002	     15997	001000bc	00254283	lbu	x5,2(x10)	 x10:0x00101b30  x5=0x00000000 PA:0x00101b32 store:0x00137fa0
          32006	     15999	001000c0	04028863	beq	x5,x0,100110	  x5:0x00000000  x0:0x00000000
          32010	     16001	00100110	00000513	addi	x10,x0,0	  x0:0x00000000 x10=0x00000000
          32014	     16003	00100114	00008067	jalr	x0,0(x1)	  x1:0x00101608  x0=0x00000000
          32018	     16005	00101608	cf8a2503	lw	x10,-776(x20)	 x20:0x00102000 x10=0x00000040 PA:0x00101cf8 store:0x00102000
          32022	     16007	0010160c	b15fe0ef	jal	x1,100120	  x1=0x00101610
          32024	     16008	00100120	01c55793	srli	x15,x10,0x1c	 x10:0x00000040 x15=0x00000000
          32026	     16009	00100124	00900713	addi	x14,x0,9	  x0:0x00000000 x14=0x00000009
          32030	     16011	00100128	0cf77a63	bgeu	x14,x15,1001fc	 x14:0x00000009 x15:0x00000000
          32034	     16013	001001fc	03078393	addi	x7,x15,48	 x15:0x00000000  x7=0x00000030
          32036	     16014	00100200	000205b7	lui	x11,0x20	 x11=0x00020000
          32038	     16015	00100204	00451613	slli	x12,x10,0x4	 x10:0x00000040 x12=0x00000400
          32042	     16017	00100208	0075a023	sw	x7,0(x11)	 x11:0x00020000  x7:0x00000030 PA:0x00020000 store:0x00000030 load:0x00000000
          32044	     16018	0010020c	01c65693	srli	x13,x12,0x1c	 x12:0x00000400 x13=0x00000000
          32046	     16019	00100210	00900813	addi	x16,x0,9	  x0:0x00000000 x16=0x00000009
          32048	     16020	00100214	f2d86ae3	bltu	x16,x13,100148	 x16:0x00000009 x13:0x00000000
          32050	     16021	00100218	03068e93	addi	x29,x13,48	 x13:0x00000000 x29=0x00000030
          32052	     16022	0010021c	00020f37	lui	x30,0x20	 x30=0x00020000
          32054	     16023	00100220	00851f93	slli	x31,x10,0x8	 x10:0x00000040 x31=0x00004000
          32058	     16025	00100224	01df2023	sw	x29,0(x30)	 x30:0x00020000 x29:0x00000030 PA:0x00020000 store:0x00000030 load:0x00000000
          32060	     16026	00100228	01cfd793	srli	x15,x31,0x1c	 x31:0x00004000 x15=0x00000000
          32062	     16027	0010022c	00900713	addi	x14,x0,9	  x0:0x00000000 x14=0x00000009
          32064	     16028	00100230	f2f76ae3	bltu	x14,x15,100164	 x14:0x00000009 x15:0x00000000
          32066	     16029	00100234	03078393	addi	x7,x15,48	 x15:0x00000000  x7=0x00000030
          32068	     16030	00100238	000205b7	lui	x11,0x20	 x11=0x00020000
          32070	     16031	0010023c	00c51613	slli	x12,x10,0xc	 x10:0x00000040 x12=0x00040000
          32074	     16033	00100240	0075a023	sw	x7,0(x11)	 x11:0x00020000  x7:0x00000030 PA:0x00020000 store:0x00000030 load:0x00000000
          32076	     16034	00100244	01c65693	srli	x13,x12,0x1c	 x12:0x00040000 x13=0x00000000
          32078	     16035	00100248	00900813	addi	x16,x0,9	  x0:0x00000000 x16=0x00000009
          32080	     16036	0010024c	f2d86ae3	bltu	x16,x13,100180	 x16:0x00000009 x13:0x00000000
          32082	     16037	00100250	03068e93	addi	x29,x13,48	 x13:0x00000000 x29=0x00000030
          32084	     16038	00100254	00020f37	lui	x30,0x20	 x30=0x00020000
          32086	     16039	00100258	01051f93	slli	x31,x10,0x10	 x10:0x00000040 x31=0x00400000
          32090	     16041	0010025c	01df2023	sw	x29,0(x30)	 x30:0x00020000 x29:0x00000030 PA:0x00020000 store:0x00000030 load:0x00000000
          32092	     16042	00100260	01cfd793	srli	x15,x31,0x1c	 x31:0x00400000 x15=0x00000000
          32094	     16043	00100264	00900713	addi	x14,x0,9	  x0:0x00000000 x14=0x00000009
          32096	     16044	00100268	f2f76ae3	bltu	x14,x15,10019c	 x14:0x00000009 x15:0x00000000
          32098	     16045	0010026c	03078393	addi	x7,x15,48	 x15:0x00000000  x7=0x00000030
          32100	     16046	00100270	000205b7	lui	x11,0x20	 x11=0x00020000
          32102	     16047	00100274	01451613	slli	x12,x10,0x14	 x10:0x00000040 x12=0x04000000
          32106	     16049	00100278	0075a023	sw	x7,0(x11)	 x11:0x00020000  x7:0x00000030 PA:0x00020000 store:0x00000030 load:0x00000000
          32108	     16050	0010027c	01c65693	srli	x13,x12,0x1c	 x12:0x04000000 x13=0x00000000
          32110	     16051	00100280	00900813	addi	x16,x0,9	  x0:0x00000000 x16=0x00000009
          32112	     16052	00100284	f2d86ae3	bltu	x16,x13,1001b8	 x16:0x00000009 x13:0x00000000
          32114	     16053	00100288	03068e93	addi	x29,x13,48	 x13:0x00000000 x29=0x00000030
          32116	     16054	0010028c	00020f37	lui	x30,0x20	 x30=0x00020000
          32118	     16055	00100290	01851f93	slli	x31,x10,0x18	 x10:0x00000040 x31=0x40000000
          32122	     16057	00100294	01df2023	sw	x29,0(x30)	 x30:0x00020000 x29:0x00000030 PA:0x00020000 store:0x00000030 load:0x00000000
          32124	     16058	00100298	01cfd793	srli	x15,x31,0x1c	 x31:0x40000000 x15=0x00000004
          32126	     16059	0010029c	00900713	addi	x14,x0,9	  x0:0x00000000 x14=0x00000009
          32128	     16060	001002a0	f2f76ae3	bltu	x14,x15,1001d4	 x14:0x00000009 x15:0x00000004
          32130	     16061	001002a4	03078393	addi	x7,x15,48	 x15:0x00000004  x7=0x00000034
          32132	     16062	001002a8	000205b7	lui	x11,0x20	 x11=0x00020000
          32136	     16064	001002ac	0075a023	sw	x7,0(x11)	 x11:0x00020000  x7:0x00000034 PA:0x00020000 store:0x00000034 load:0x00000000
          32138	     16065	001002b0	00f57513	andi	x10,x10,15	 x10:0x00000040 x10=0x00000000
          32140	     16066	001002b4	00900613	addi	x12,x0,9	  x0:0x00000000 x12=0x00000009
          32144	     16068	001002b8	f2a67ae3	bgeu	x12,x10,1001ec	 x12:0x00000009 x10:0x00000000
          32148	     16070	001001ec	03050893	addi	x17,x10,48	 x10:0x00000000 x17=0x00000030
          32150	     16071	001001f0	00020e37	lui	x28,0x20	 x28=0x00020000
          32154	     16073	001001f4	011e2023	sw	x17,0(x28)	 x28:0x00020000 x17:0x00000030 PA:0x00020000 store:0x00000030 load:0x00000000
          32158	     16075	001001f8	00008067	jalr	x0,0(x1)	  x1:0x00101610  x0=0x00000000
          32160	     16076	00101610	7f800eb7	lui	x29,0x7f800	 x29=0x7f800000
          32164	     16078	00101614	cfddaa23	sw	x29,-780(x27)	 x27:0x00102000 x29:0x7f800000 PA:0x00101cf4 store:0x7f800000 load:0x00000040
          32178	     16085	00101618	cf4daf03	lw	x30,-780(x27)	 x27:0x00102000 x30=0x7f800000 PA:0x00101cf4 store:0x00102000
          32180	     16086	0010161c	f00f0ed3	fmv.w.x	f29,x30	 x30:0x7f800000 f29=0x00000000
          32184	     16088	00101620	d1d9a427	fsw	f29,-760(x19)	 f19:0x00102000 f29:0x7f800000 PA:0x00101d08 store:0x7f800000 load:0x7f800000
          32190	     16091	00101624	d089af07	flw	f30,-760(x19)	 f19:0x00102000 f30=0x00000000 PA:0x00000000
          32200	     16096	00101628	00102fb7	lui	x31,0x102	 x31=0x00102000
          32202	     16097	0010162c	b34f8513	addi	x10,x31,-1228	 x31:0x00102000 x10=0x00101b34
          32204	     16098	00101630	e00f19d3	fclass.s	x19,f30	 f30:0x7f800000 x19=0x00000080
          32206	     16099	00101634	cf3daa23	sw	x19,-780(x27)	 x27:0x00102000 x19:0x00000080 PA:0x00101cf4 store:0x00000080 load:0x7f800000
          32208	     16100	00101638	a69fe0ef	jal	x1,1000a0	  x1=0x0010163c
          32210	     16101	001000a0	00054803	lbu	x16,0(x10)	 x10:0x00101b34 x16=0x0000000a PA:0x00101b34 store:0x00000000
          32212	     16102	001000a4	06080663	beq	x16,x0,100110	 x16:0x0000000a  x0:0x00000000
          32214	     16103	001000a8	000207b7	lui	x15,0x20	 x15=0x00020000
          32218	     16105	001000ac	0107a023	sw	x16,0(x15)	 x15:0x00020000 x16:0x0000000a PA:0x00020000 store:0x0000000a load:0x00000000
          32222	     16107	001000b0	00154703	lbu	x14,1(x10)	 x10:0x00101b34 x14=0x00000020 PA:0x00101b35 store:0x0010163c
          32224	     16108	001000b4	04070e63	beq	x14,x0,100110	 x14:0x00000020  x0:0x00000000
          32228	     16110	001000b8	00e7a023	sw	x14,0(x15)	 x15:0x00020000 x14:0x00000020 PA:0x00020000 store:0x00000020 load:0x00000000
          32232	     16112	001000bc	00254283	lbu	x5,2(x10)	 x10:0x00101b34  x5=0x00000045 PA:0x00101b36 store:0x00137fa0
          32234	     16113	001000c0	04028863	beq	x5,x0,100110	  x5:0x00000045  x0:0x00000000
          32238	     16115	001000c4	0057a023	sw	x5,0(x15)	 x15:0x00020000  x5:0x00000045 PA:0x00020000 store:0x00000045 load:0x00000000
          32242	     16117	001000c8	00354303	lbu	x6,3(x10)	 x10:0x00101b34  x6=0x00000078 PA:0x00101b37 store:0x00000000
          32244	     16118	001000cc	04030263	beq	x6,x0,100110	  x6:0x00000078  x0:0x00000000
          32248	     16120	001000d0	0067a023	sw	x6,0(x15)	 x15:0x00020000  x6:0x00000078 PA:0x00020000 store:0x00000078 load:0x00000000
          32252	     16122	001000d4	00454383	lbu	x7,4(x10)	 x10:0x00101b34  x7=0x00000070 PA:0x00101b38 store:0x00000000
          32254	     16123	001000d8	02038c63	beq	x7,x0,100110	  x7:0x00000070  x0:0x00000000
          32258	     16125	001000dc	0077a023	sw	x7,0(x15)	 x15:0x00020000  x7:0x00000070 PA:0x00020000 store:0x00000070 load:0x00000000
          32262	     16127	001000e0	00554583	lbu	x11,5(x10)	 x10:0x00101b34 x11=0x00000065 PA:0x00101b39 store:0x00000045
          32264	     16128	001000e4	02058663	beq	x11,x0,100110	 x11:0x00000065  x0:0x00000000
          32268	     16130	001000e8	00b7a023	sw	x11,0(x15)	 x15:0x00020000 x11:0x00000065 PA:0x00020000 store:0x00000065 load:0x00000000
          32272	     16132	001000ec	00654603	lbu	x12,6(x10)	 x10:0x00101b34 x12=0x00000063 PA:0x00101b3a store:0x00000078
          32274	     16133	001000f0	02060063	beq	x12,x0,100110	 x12:0x00000063  x0:0x00000000
          32278	     16135	001000f4	00c7a023	sw	x12,0(x15)	 x15:0x00020000 x12:0x00000063 PA:0x00020000 store:0x00000063 load:0x00000000
          32282	     16137	001000f8	00754683	lbu	x13,7(x10)	 x10:0x00101b34 x13=0x00000074 PA:0x00101b3b store:0x00000070
          32284	     16138	001000fc	00850513	addi	x10,x10,8	 x10:0x00101b34 x10=0x00101b3c
          32286	     16139	00100100	00068863	beq	x13,x0,100110	 x13:0x00000074  x0:0x00000000
          32290	     16141	00100104	00d7a023	sw	x13,0(x15)	 x15:0x00020000 x13:0x00000074 PA:0x00020000 store:0x00000074 load:0x00000000
          32294	     16143	00100108	00054803	lbu	x16,0(x10)	 x10:0x00101b3c x16=0x00000069 PA:0x00101b3c store:0x00000000
          32298	     16145	0010010c	fa0810e3	bne	x16,x0,1000ac	 x16:0x00000069  x0:0x00000000
          32304	     16148	001000ac	0107a023	sw	x16,0(x15)	 x15:0x00020000 x16:0x00000069 PA:0x00020000 store:0x00000069 load:0x00000000
          32308	     16150	001000b0	00154703	lbu	x14,1(x10)	 x10:0x00101b3c x14=0x0000006e PA:0x00101b3d store:0x0010163c
          32310	     16151	001000b4	04070e63	beq	x14,x0,100110	 x14:0x0000006e  x0:0x00000000
          32314	     16153	001000b8	00e7a023	sw	x14,0(x15)	 x15:0x00020000 x14:0x0000006e PA:0x00020000 store:0x0000006e load:0x00000000
          32318	     16155	001000bc	00254283	lbu	x5,2(x10)	 x10:0x00101b3c  x5=0x00000067 PA:0x00101b3e store:0x00137fa0
          32320	     16156	001000c0	04028863	beq	x5,x0,100110	  x5:0x00000067  x0:0x00000000
          32324	     16158	001000c4	0057a023	sw	x5,0(x15)	 x15:0x00020000  x5:0x00000067 PA:0x00020000 store:0x00000067 load:0x00000000
          32328	     16160	001000c8	00354303	lbu	x6,3(x10)	 x10:0x00101b3c  x6=0x00000020 PA:0x00101b3f store:0x00000000
          32330	     16161	001000cc	04030263	beq	x6,x0,100110	  x6:0x00000020  x0:0x00000000
          32334	     16163	001000d0	0067a023	sw	x6,0(x15)	 x15:0x00020000  x6:0x00000020 PA:0x00020000 store:0x00000020 load:0x00000000
          32338	     16165	001000d4	00454383	lbu	x7,4(x10)	 x10:0x00101b3c  x7=0x00000030 PA:0x00101b40 store:0x00000000
          32340	     16166	001000d8	02038c63	beq	x7,x0,100110	  x7:0x00000030  x0:0x00000000
          32344	     16168	001000dc	0077a023	sw	x7,0(x15)	 x15:0x00020000  x7:0x00000030 PA:0x00020000 store:0x00000030 load:0x00000000
          32348	     16170	001000e0	00554583	lbu	x11,5(x10)	 x10:0x00101b3c x11=0x00000078 PA:0x00101b41 store:0x00000067
          32350	     16171	001000e4	02058663	beq	x11,x0,100110	 x11:0x00000078  x0:0x00000000
          32354	     16173	001000e8	00b7a023	sw	x11,0(x15)	 x15:0x00020000 x11:0x00000078 PA:0x00020000 store:0x00000078 load:0x00000000
          32358	     16175	001000ec	00654603	lbu	x12,6(x10)	 x10:0x00101b3c x12=0x00000038 PA:0x00101b42 store:0x00000020
          32360	     16176	001000f0	02060063	beq	x12,x0,100110	 x12:0x00000038  x0:0x00000000
          32364	     16178	001000f4	00c7a023	sw	x12,0(x15)	 x15:0x00020000 x12:0x00000038 PA:0x00020000 store:0x00000038 load:0x00000000
          32368	     16180	001000f8	00754683	lbu	x13,7(x10)	 x10:0x00101b3c x13=0x00000030 PA:0x00101b43 store:0x00000030
          32370	     16181	001000fc	00850513	addi	x10,x10,8	 x10:0x00101b3c x10=0x00101b44
          32372	     16182	00100100	00068863	beq	x13,x0,100110	 x13:0x00000030  x0:0x00000000
          32376	     16184	00100104	00d7a023	sw	x13,0(x15)	 x15:0x00020000 x13:0x00000030 PA:0x00020000 store:0x00000030 load:0x00000000
          32380	     16186	00100108	00054803	lbu	x16,0(x10)	 x10:0x00101b44 x16=0x0000003a PA:0x00101b44 store:0x00000000
          32384	     16188	0010010c	fa0810e3	bne	x16,x0,1000ac	 x16:0x0000003a  x0:0x00000000
          32390	     16191	001000ac	0107a023	sw	x16,0(x15)	 x15:0x00020000 x16:0x0000003a PA:0x00020000 store:0x0000003a load:0x00000000
          32394	     16193	001000b0	00154703	lbu	x14,1(x10)	 x10:0x00101b44 x14=0x00000020 PA:0x00101b45 store:0x0010163c
          32396	     16194	001000b4	04070e63	beq	x14,x0,100110	 x14:0x00000020  x0:0x00000000
          32400	     16196	001000b8	00e7a023	sw	x14,0(x15)	 x15:0x00020000 x14:0x00000020 PA:0x00020000 store:0x00000020 load:0x00000000
          32404	     16198	001000bc	00254283	lbu	x5,2(x10)	 x10:0x00101b44  x5=0x00000000 PA:0x00101b46 store:0x00137fa0
          32408	     16200	001000c0	04028863	beq	x5,x0,100110	  x5:0x00000000  x0:0x00000000
          32412	     16202	00100110	00000513	addi	x10,x0,0	  x0:0x00000000 x10=0x00000000
          32416	     16204	00100114	00008067	jalr	x0,0(x1)	  x1:0x0010163c  x0=0x00000000
          32420	     16206	0010163c	cf4da503	lw	x10,-780(x27)	 x27:0x00102000 x10=0x00000080 PA:0x00101cf4 store:0x00102000
          32422	     16207	00101640	001029b7	lui	x19,0x102	 x19=0x00102000
          32426	     16209	00101644	addfe0ef	jal	x1,100120	  x1=0x00101648
          32428	     16210	00100120	01c55793	srli	x15,x10,0x1c	 x10:0x00000080 x15=0x00000000
          32430	     16211	00100124	00900713	addi	x14,x0,9	  x0:0x00000000 x14=0x00000009
          32434	     16213	00100128	0cf77a63	bgeu	x14,x15,1001fc	 x14:0x00000009 x15:0x00000000
          32438	     16215	001001fc	03078393	addi	x7,x15,48	 x15:0x00000000  x7=0x00000030
          32440	     16216	00100200	000205b7	lui	x11,0x20	 x11=0x00020000
          32442	     16217	00100204	00451613	slli	x12,x10,0x4	 x10:0x00000080 x12=0x00000800
          32446	     16219	00100208	0075a023	sw	x7,0(x11)	 x11:0x00020000  x7:0x00000030 PA:0x00020000 store:0x00000030 load:0x00000000
          32448	     16220	0010020c	01c65693	srli	x13,x12,0x1c	 x12:0x00000800 x13=0x00000000
          32450	     16221	00100210	00900813	addi	x16,x0,9	  x0:0x00000000 x16=0x00000009
          32452	     16222	00100214	f2d86ae3	bltu	x16,x13,100148	 x16:0x00000009 x13:0x00000000
          32454	     16223	00100218	03068e93	addi	x29,x13,48	 x13:0x00000000 x29=0x00000030
          32456	     16224	0010021c	00020f37	lui	x30,0x20	 x30=0x00020000
          32458	     16225	00100220	00851f93	slli	x31,x10,0x8	 x10:0x00000080 x31=0x00008000
          32462	     16227	00100224	01df2023	sw	x29,0(x30)	 x30:0x00020000 x29:0x00000030 PA:0x00020000 store:0x00000030 load:0x00000000
          32464	     16228	00100228	01cfd793	srli	x15,x31,0x1c	 x31:0x00008000 x15=0x00000000
          32466	     16229	0010022c	00900713	addi	x14,x0,9	  x0:0x00000000 x14=0x00000009
          32468	     16230	00100230	f2f76ae3	bltu	x14,x15,100164	 x14:0x00000009 x15:0x00000000
          32470	     16231	00100234	03078393	addi	x7,x15,48	 x15:0x00000000  x7=0x00000030
          32472	     16232	00100238	000205b7	lui	x11,0x20	 x11=0x00020000
          32474	     16233	0010023c	00c51613	slli	x12,x10,0xc	 x10:0x00000080 x12=0x00080000
          32478	     16235	00100240	0075a023	sw	x7,0(x11)	 x11:0x00020000  x7:0x00000030 PA:0x00020000 store:0x00000030 load:0x00000000
          32480	     16236	00100244	01c65693	srli	x13,x12,0x1c	 x12:0x00080000 x13=0x00000000
          32482	     16237	00100248	00900813	addi	x16,x0,9	  x0:0x00000000 x16=0x00000009
          32484	     16238	0010024c	f2d86ae3	bltu	x16,x13,100180	 x16:0x00000009 x13:0x00000000
          32486	     16239	00100250	03068e93	addi	x29,x13,48	 x13:0x00000000 x29=0x00000030
          32488	     16240	00100254	00020f37	lui	x30,0x20	 x30=0x00020000
          32490	     16241	00100258	01051f93	slli	x31,x10,0x10	 x10:0x00000080 x31=0x00800000
          32494	     16243	0010025c	01df2023	sw	x29,0(x30)	 x30:0x00020000 x29:0x00000030 PA:0x00020000 store:0x00000030 load:0x00000000
          32496	     16244	00100260	01cfd793	srli	x15,x31,0x1c	 x31:0x00800000 x15=0x00000000
          32498	     16245	00100264	00900713	addi	x14,x0,9	  x0:0x00000000 x14=0x00000009
          32500	     16246	00100268	f2f76ae3	bltu	x14,x15,10019c	 x14:0x00000009 x15:0x00000000
          32502	     16247	0010026c	03078393	addi	x7,x15,48	 x15:0x00000000  x7=0x00000030
          32504	     16248	00100270	000205b7	lui	x11,0x20	 x11=0x00020000
          32506	     16249	00100274	01451613	slli	x12,x10,0x14	 x10:0x00000080 x12=0x08000000
          32510	     16251	00100278	0075a023	sw	x7,0(x11)	 x11:0x00020000  x7:0x00000030 PA:0x00020000 store:0x00000030 load:0x00000000
          32512	     16252	0010027c	01c65693	srli	x13,x12,0x1c	 x12:0x08000000 x13=0x00000000
          32514	     16253	00100280	00900813	addi	x16,x0,9	  x0:0x00000000 x16=0x00000009
          32516	     16254	00100284	f2d86ae3	bltu	x16,x13,1001b8	 x16:0x00000009 x13:0x00000000
          32518	     16255	00100288	03068e93	addi	x29,x13,48	 x13:0x00000000 x29=0x00000030
          32520	     16256	0010028c	00020f37	lui	x30,0x20	 x30=0x00020000
          32522	     16257	00100290	01851f93	slli	x31,x10,0x18	 x10:0x00000080 x31=0x80000000
          32526	     16259	00100294	01df2023	sw	x29,0(x30)	 x30:0x00020000 x29:0x00000030 PA:0x00020000 store:0x00000030 load:0x00000000
          32528	     16260	00100298	01cfd793	srli	x15,x31,0x1c	 x31:0x80000000 x15=0x00000008
          32530	     16261	0010029c	00900713	addi	x14,x0,9	  x0:0x00000000 x14=0x00000009
          32532	     16262	001002a0	f2f76ae3	bltu	x14,x15,1001d4	 x14:0x00000009 x15:0x00000008
          32534	     16263	001002a4	03078393	addi	x7,x15,48	 x15:0x00000008  x7=0x00000038
          32536	     16264	001002a8	000205b7	lui	x11,0x20	 x11=0x00020000
          32540	     16266	001002ac	0075a023	sw	x7,0(x11)	 x11:0x00020000  x7:0x00000038 PA:0x00020000 store:0x00000038 load:0x00000000
          32542	     16267	001002b0	00f57513	andi	x10,x10,15	 x10:0x00000080 x10=0x00000000
          32544	     16268	001002b4	00900613	addi	x12,x0,9	  x0:0x00000000 x12=0x00000009
          32548	     16270	001002b8	f2a67ae3	bgeu	x12,x10,1001ec	 x12:0x00000009 x10:0x00000000
          32552	     16272	001001ec	03050893	addi	x17,x10,48	 x10:0x00000000 x17=0x00000030
          32554	     16273	001001f0	00020e37	lui	x28,0x20	 x28=0x00020000
          32558	     16275	001001f4	011e2023	sw	x17,0(x28)	 x28:0x00020000 x17:0x00000030 PA:0x00020000 store:0x00000030 load:0x00000000
          32562	     16277	001001f8	00008067	jalr	x0,0(x1)	  x1:0x00101648  x0=0x00000000
          32564	     16278	00101648	7fa006b7	lui	x13,0x7fa00	 x13=0x7fa00000
          32568	     16280	0010164c	cedd2823	sw	x13,-784(x26)	 x26:0x00102000 x13:0x7fa00000 PA:0x00101cf0 store:0x7fa00000 load:0x00000080
          32582	     16287	00101650	cf0d2d83	lw	x27,-784(x26)	 x26:0x00102000 x27=0x7fa00000 PA:0x00101cf0 store:0x00000009
          32584	     16288	00101654	f00d8fd3	fmv.w.x	f31,x27	 x27:0x7fa00000 f31=0x00000000
          32588	     16290	00101658	d1faa027	fsw	f31,-768(x21)	 f21:0x00102000 f31:0x80000000 PA:0x00101d00 store:0x7fa00000 load:0x7fa00000
          32594	     16293	0010165c	00102737	lui	x14,0x102	 x14=0x00102000
          32596	     16294	00101660	d00aa007	flw	f0,-768(x21)	 f21:0x00102000  f0=0x00000000 PA:0x00000000
          32600	     16296	00101664	b4870513	addi	x10,x14,-1208	 x14:0x00102000 x10=0x00101b48
          32602	     16297	00101668	e00017d3	fclass.s	x15,f0	  f0:0x00000000 x15=0x00000100
          32604	     16298	0010166c	cefd2823	sw	x15,-784(x26)	 x26:0x00102000 x15:0x00000100 PA:0x00101cf0 store:0x00000100 load:0x7fa00000
          32606	     16299	00101670	a31fe0ef	jal	x1,1000a0	  x1=0x00101674
          32610	     16301	001000a0	00054803	lbu	x16,0(x10)	 x10:0x00101b48 x16=0x0000000a PA:0x00101b48 store:0x00000000
          32612	     16302	001000a4	06080663	beq	x16,x0,100110	 x16:0x0000000a  x0:0x00000000
          32614	     16303	001000a8	000207b7	lui	x15,0x20	 x15=0x00020000
          32618	     16305	001000ac	0107a023	sw	x16,0(x15)	 x15:0x00020000 x16:0x0000000a PA:0x00020000 store:0x0000000a load:0x00000000
          32622	     16307	001000b0	00154703	lbu	x14,1(x10)	 x10:0x00101b48 x14=0x00000020 PA:0x00101b49 store:0x00101674
          32624	     16308	001000b4	04070e63	beq	x14,x0,100110	 x14:0x00000020  x0:0x00000000
          32628	     16310	001000b8	00e7a023	sw	x14,0(x15)	 x15:0x00020000 x14:0x00000020 PA:0x00020000 store:0x00000020 load:0x00000000
          32632	     16312	001000bc	00254283	lbu	x5,2(x10)	 x10:0x00101b48  x5=0x00000045 PA:0x00101b4a store:0x00137fa0
          32634	     16313	001000c0	04028863	beq	x5,x0,100110	  x5:0x00000045  x0:0x00000000
          32638	     16315	001000c4	0057a023	sw	x5,0(x15)	 x15:0x00020000  x5:0x00000045 PA:0x00020000 store:0x00000045 load:0x00000000
          32642	     16317	001000c8	00354303	lbu	x6,3(x10)	 x10:0x00101b48  x6=0x00000078 PA:0x00101b4b store:0x00000000
          32644	     16318	001000cc	04030263	beq	x6,x0,100110	  x6:0x00000078  x0:0x00000000
          32648	     16320	001000d0	0067a023	sw	x6,0(x15)	 x15:0x00020000  x6:0x00000078 PA:0x00020000 store:0x00000078 load:0x00000000
          32652	     16322	001000d4	00454383	lbu	x7,4(x10)	 x10:0x00101b48  x7=0x00000070 PA:0x00101b4c store:0x00000000
          32654	     16323	001000d8	02038c63	beq	x7,x0,100110	  x7:0x00000070  x0:0x00000000
          32658	     16325	001000dc	0077a023	sw	x7,0(x15)	 x15:0x00020000  x7:0x00000070 PA:0x00020000 store:0x00000070 load:0x00000000
          32662	     16327	001000e0	00554583	lbu	x11,5(x10)	 x10:0x00101b48 x11=0x00000065 PA:0x00101b4d store:0x00000045
          32664	     16328	001000e4	02058663	beq	x11,x0,100110	 x11:0x00000065  x0:0x00000000
          32668	     16330	001000e8	00b7a023	sw	x11,0(x15)	 x15:0x00020000 x11:0x00000065 PA:0x00020000 store:0x00000065 load:0x00000000
          32672	     16332	001000ec	00654603	lbu	x12,6(x10)	 x10:0x00101b48 x12=0x00000063 PA:0x00101b4e store:0x00000078
          32674	     16333	001000f0	02060063	beq	x12,x0,100110	 x12:0x00000063  x0:0x00000000
          32678	     16335	001000f4	00c7a023	sw	x12,0(x15)	 x15:0x00020000 x12:0x00000063 PA:0x00020000 store:0x00000063 load:0x00000000
          32682	     16337	001000f8	00754683	lbu	x13,7(x10)	 x10:0x00101b48 x13=0x00000074 PA:0x00101b4f store:0x00000070
          32684	     16338	001000fc	00850513	addi	x10,x10,8	 x10:0x00101b48 x10=0x00101b50
          32686	     16339	00100100	00068863	beq	x13,x0,100110	 x13:0x00000074  x0:0x00000000
          32690	     16341	00100104	00d7a023	sw	x13,0(x15)	 x15:0x00020000 x13:0x00000074 PA:0x00020000 store:0x00000074 load:0x00000000
          32694	     16343	00100108	00054803	lbu	x16,0(x10)	 x10:0x00101b50 x16=0x00000069 PA:0x00101b50 store:0x00000000
          32698	     16345	0010010c	fa0810e3	bne	x16,x0,1000ac	 x16:0x00000069  x0:0x00000000
          32704	     16348	001000ac	0107a023	sw	x16,0(x15)	 x15:0x00020000 x16:0x00000069 PA:0x00020000 store:0x00000069 load:0x00000000
          32708	     16350	001000b0	00154703	lbu	x14,1(x10)	 x10:0x00101b50 x14=0x0000006e PA:0x00101b51 store:0x00101674
          32710	     16351	001000b4	04070e63	beq	x14,x0,100110	 x14:0x0000006e  x0:0x00000000
          32714	     16353	001000b8	00e7a023	sw	x14,0(x15)	 x15:0x00020000 x14:0x0000006e PA:0x00020000 store:0x0000006e load:0x00000000
          32718	     16355	001000bc	00254283	lbu	x5,2(x10)	 x10:0x00101b50  x5=0x00000067 PA:0x00101b52 store:0x00137fa0
          32720	     16356	001000c0	04028863	beq	x5,x0,100110	  x5:0x00000067  x0:0x00000000
          32724	     16358	001000c4	0057a023	sw	x5,0(x15)	 x15:0x00020000  x5:0x00000067 PA:0x00020000 store:0x00000067 load:0x00000000
          32728	     16360	001000c8	00354303	lbu	x6,3(x10)	 x10:0x00101b50  x6=0x00000020 PA:0x00101b53 store:0x00000000
          32730	     16361	001000cc	04030263	beq	x6,x0,100110	  x6:0x00000020  x0:0x00000000
          32734	     16363	001000d0	0067a023	sw	x6,0(x15)	 x15:0x00020000  x6:0x00000020 PA:0x00020000 store:0x00000020 load:0x00000000
          32738	     16365	001000d4	00454383	lbu	x7,4(x10)	 x10:0x00101b50  x7=0x00000030 PA:0x00101b54 store:0x00000000
          32740	     16366	001000d8	02038c63	beq	x7,x0,100110	  x7:0x00000030  x0:0x00000000
          32744	     16368	001000dc	0077a023	sw	x7,0(x15)	 x15:0x00020000  x7:0x00000030 PA:0x00020000 store:0x00000030 load:0x00000000
          32748	     16370	001000e0	00554583	lbu	x11,5(x10)	 x10:0x00101b50 x11=0x00000078 PA:0x00101b55 store:0x00000067
          32750	     16371	001000e4	02058663	beq	x11,x0,100110	 x11:0x00000078  x0:0x00000000
          32754	     16373	001000e8	00b7a023	sw	x11,0(x15)	 x15:0x00020000 x11:0x00000078 PA:0x00020000 store:0x00000078 load:0x00000000
          32758	     16375	001000ec	00654603	lbu	x12,6(x10)	 x10:0x00101b50 x12=0x00000031 PA:0x00101b56 store:0x00000020
          32760	     16376	001000f0	02060063	beq	x12,x0,100110	 x12:0x00000031  x0:0x00000000
          32764	     16378	001000f4	00c7a023	sw	x12,0(x15)	 x15:0x00020000 x12:0x00000031 PA:0x00020000 store:0x00000031 load:0x00000000
          32768	     16380	001000f8	00754683	lbu	x13,7(x10)	 x10:0x00101b50 x13=0x00000030 PA:0x00101b57 store:0x00000030
          32770	     16381	001000fc	00850513	addi	x10,x10,8	 x10:0x00101b50 x10=0x00101b58
          32772	     16382	00100100	00068863	beq	x13,x0,100110	 x13:0x00000030  x0:0x00000000
          32776	     16384	00100104	00d7a023	sw	x13,0(x15)	 x15:0x00020000 x13:0x00000030 PA:0x00020000 store:0x00000030 load:0x00000000
          32780	     16386	00100108	00054803	lbu	x16,0(x10)	 x10:0x00101b58 x16=0x00000030 PA:0x00101b58 store:0x00000000
          32784	     16388	0010010c	fa0810e3	bne	x16,x0,1000ac	 x16:0x00000030  x0:0x00000000
          32790	     16391	001000ac	0107a023	sw	x16,0(x15)	 x15:0x00020000 x16:0x00000030 PA:0x00020000 store:0x00000030 load:0x00000000
          32794	     16393	001000b0	00154703	lbu	x14,1(x10)	 x10:0x00101b58 x14=0x0000003a PA:0x00101b59 store:0x00101674
          32796	     16394	001000b4	04070e63	beq	x14,x0,100110	 x14:0x0000003a  x0:0x00000000
          32800	     16396	001000b8	00e7a023	sw	x14,0(x15)	 x15:0x00020000 x14:0x0000003a PA:0x00020000 store:0x0000003a load:0x00000000
          32804	     16398	001000bc	00254283	lbu	x5,2(x10)	 x10:0x00101b58  x5=0x00000020 PA:0x00101b5a store:0x00137fa0
          32806	     16399	001000c0	04028863	beq	x5,x0,100110	  x5:0x00000020  x0:0x00000000
          32810	     16401	001000c4	0057a023	sw	x5,0(x15)	 x15:0x00020000  x5:0x00000020 PA:0x00020000 store:0x00000020 load:0x00000000
          32814	     16403	001000c8	00354303	lbu	x6,3(x10)	 x10:0x00101b58  x6=0x00000000 PA:0x00101b5b store:0x00000000
          32818	     16405	001000cc	04030263	beq	x6,x0,100110	  x6:0x00000000  x0:0x00000000
          32822	     16407	00100110	00000513	addi	x10,x0,0	  x0:0x00000000 x10=0x00000000
          32826	     16409	00100114	00008067	jalr	x0,0(x1)	  x1:0x00101674  x0=0x00000000
          32830	     16411	00101674	cf0d2503	lw	x10,-784(x26)	 x26:0x00102000 x10=0x00000100 PA:0x00101cf0 store:0x00000030
          32832	     16412	00101678	00102d37	lui	x26,0x102	 x26=0x00102000
          32836	     16414	0010167c	aa5fe0ef	jal	x1,100120	  x1=0x00101680
          32838	     16415	00100120	01c55793	srli	x15,x10,0x1c	 x10:0x00000100 x15=0x00000000
          32840	     16416	00100124	00900713	addi	x14,x0,9	  x0:0x00000000 x14=0x00000009
          32844	     16418	00100128	0cf77a63	bgeu	x14,x15,1001fc	 x14:0x00000009 x15:0x00000000
          32848	     16420	001001fc	03078393	addi	x7,x15,48	 x15:0x00000000  x7=0x00000030
          32850	     16421	00100200	000205b7	lui	x11,0x20	 x11=0x00020000
          32852	     16422	00100204	00451613	slli	x12,x10,0x4	 x10:0x00000100 x12=0x00001000
          32856	     16424	00100208	0075a023	sw	x7,0(x11)	 x11:0x00020000  x7:0x00000030 PA:0x00020000 store:0x00000030 load:0x00000000
          32858	     16425	0010020c	01c65693	srli	x13,x12,0x1c	 x12:0x00001000 x13=0x00000000
          32860	     16426	00100210	00900813	addi	x16,x0,9	  x0:0x00000000 x16=0x00000009
          32862	     16427	00100214	f2d86ae3	bltu	x16,x13,100148	 x16:0x00000009 x13:0x00000000
          32864	     16428	00100218	03068e93	addi	x29,x13,48	 x13:0x00000000 x29=0x00000030
          32866	     16429	0010021c	00020f37	lui	x30,0x20	 x30=0x00020000
          32868	     16430	00100220	00851f93	slli	x31,x10,0x8	 x10:0x00000100 x31=0x00010000
          32872	     16432	00100224	01df2023	sw	x29,0(x30)	 x30:0x00020000 x29:0x00000030 PA:0x00020000 store:0x00000030 load:0x00000000
          32874	     16433	00100228	01cfd793	srli	x15,x31,0x1c	 x31:0x00010000 x15=0x00000000
          32876	     16434	0010022c	00900713	addi	x14,x0,9	  x0:0x00000000 x14=0x00000009
          32878	     16435	00100230	f2f76ae3	bltu	x14,x15,100164	 x14:0x00000009 x15:0x00000000
          32880	     16436	00100234	03078393	addi	x7,x15,48	 x15:0x00000000  x7=0x00000030
          32882	     16437	00100238	000205b7	lui	x11,0x20	 x11=0x00020000
          32884	     16438	0010023c	00c51613	slli	x12,x10,0xc	 x10:0x00000100 x12=0x00100000
          32888	     16440	00100240	0075a023	sw	x7,0(x11)	 x11:0x00020000  x7:0x00000030 PA:0x00020000 store:0x00000030 load:0x00000000
          32890	     16441	00100244	01c65693	srli	x13,x12,0x1c	 x12:0x00100000 x13=0x00000000
          32892	     16442	00100248	00900813	addi	x16,x0,9	  x0:0x00000000 x16=0x00000009
          32894	     16443	0010024c	f2d86ae3	bltu	x16,x13,100180	 x16:0x00000009 x13:0x00000000
          32896	     16444	00100250	03068e93	addi	x29,x13,48	 x13:0x00000000 x29=0x00000030
          32898	     16445	00100254	00020f37	lui	x30,0x20	 x30=0x00020000
          32900	     16446	00100258	01051f93	slli	x31,x10,0x10	 x10:0x00000100 x31=0x01000000
          32904	     16448	0010025c	01df2023	sw	x29,0(x30)	 x30:0x00020000 x29:0x00000030 PA:0x00020000 store:0x00000030 load:0x00000000
          32906	     16449	00100260	01cfd793	srli	x15,x31,0x1c	 x31:0x01000000 x15=0x00000000
          32908	     16450	00100264	00900713	addi	x14,x0,9	  x0:0x00000000 x14=0x00000009
          32910	     16451	00100268	f2f76ae3	bltu	x14,x15,10019c	 x14:0x00000009 x15:0x00000000
          32912	     16452	0010026c	03078393	addi	x7,x15,48	 x15:0x00000000  x7=0x00000030
          32914	     16453	00100270	000205b7	lui	x11,0x20	 x11=0x00020000
          32916	     16454	00100274	01451613	slli	x12,x10,0x14	 x10:0x00000100 x12=0x10000000
          32920	     16456	00100278	0075a023	sw	x7,0(x11)	 x11:0x00020000  x7:0x00000030 PA:0x00020000 store:0x00000030 load:0x00000000
          32922	     16457	0010027c	01c65693	srli	x13,x12,0x1c	 x12:0x10000000 x13=0x00000001
          32924	     16458	00100280	00900813	addi	x16,x0,9	  x0:0x00000000 x16=0x00000009
          32926	     16459	00100284	f2d86ae3	bltu	x16,x13,1001b8	 x16:0x00000009 x13:0x00000001
          32928	     16460	00100288	03068e93	addi	x29,x13,48	 x13:0x00000001 x29=0x00000031
          32930	     16461	0010028c	00020f37	lui	x30,0x20	 x30=0x00020000
          32932	     16462	00100290	01851f93	slli	x31,x10,0x18	 x10:0x00000100 x31=0x00000000
          32936	     16464	00100294	01df2023	sw	x29,0(x30)	 x30:0x00020000 x29:0x00000031 PA:0x00020000 store:0x00000031 load:0x00000000
          32938	     16465	00100298	01cfd793	srli	x15,x31,0x1c	 x31:0x00000000 x15=0x00000000
          32940	     16466	0010029c	00900713	addi	x14,x0,9	  x0:0x00000000 x14=0x00000009
          32942	     16467	001002a0	f2f76ae3	bltu	x14,x15,1001d4	 x14:0x00000009 x15:0x00000000
          32944	     16468	001002a4	03078393	addi	x7,x15,48	 x15:0x00000000  x7=0x00000030
          32946	     16469	001002a8	000205b7	lui	x11,0x20	 x11=0x00020000
          32950	     16471	001002ac	0075a023	sw	x7,0(x11)	 x11:0x00020000  x7:0x00000030 PA:0x00020000 store:0x00000030 load:0x00000000
          32952	     16472	001002b0	00f57513	andi	x10,x10,15	 x10:0x00000100 x10=0x00000000
          32954	     16473	001002b4	00900613	addi	x12,x0,9	  x0:0x00000000 x12=0x00000009
          32958	     16475	001002b8	f2a67ae3	bgeu	x12,x10,1001ec	 x12:0x00000009 x10:0x00000000
          32962	     16477	001001ec	03050893	addi	x17,x10,48	 x10:0x00000000 x17=0x00000030
          32964	     16478	001001f0	00020e37	lui	x28,0x20	 x28=0x00020000
          32968	     16480	001001f4	011e2023	sw	x17,0(x28)	 x28:0x00020000 x17:0x00000030 PA:0x00020000 store:0x00000030 load:0x00000000
          32972	     16482	001001f8	00008067	jalr	x0,0(x1)	  x1:0x00101680  x0=0x00000000
          32974	     16483	00101680	7fc002b7	lui	x5,0x7fc00	  x5=0x7fc00000
          32978	     16485	00101684	ce5a2c23	sw	x5,-776(x20)	 x20:0x00102000  x5:0x7fc00000 PA:0x00101cf8 store:0x7fc00000 load:0x00000100
          32992	     16492	00101688	cf8a2483	lw	x9,-776(x20)	 x20:0x00102000  x9=0x7fc00000 PA:0x00101cf8 store:0x00102000
          32994	     16493	0010168c	f00480d3	fmv.w.x	f1,x9	  x9:0x7fc00000  f1=0x00000000
          32998	     16495	00101690	ce1d2e27	fsw	f1,-772(x26)	 f26:0x00102000  f1:0x00101680 PA:0x00101cfc store:0x7fc00000 load:0x7fc00000
          33004	     16498	00101694	cfcd2107	flw	f2,-772(x26)	 f26:0x00102000  f2=0x00000000 PA:0x00000000
          33014	     16503	00101698	00102537	lui	x10,0x102	 x10=0x00102000
          33016	     16504	0010169c	b5c50513	addi	x10,x10,-1188	 x10:0x00102000 x10=0x00101b5c
          33018	     16505	001016a0	e0011353	fclass.s	x6,f2	  f2:0x00137fa0  x6=0x00000200
          33020	     16506	001016a4	ce6a2c23	sw	x6,-776(x20)	 x20:0x00102000  x6:0x00000200 PA:0x00101cf8 store:0x00000200 load:0x7fc00000
          33022	     16507	001016a8	9f9fe0ef	jal	x1,1000a0	  x1=0x001016ac
          33024	     16508	001000a0	00054803	lbu	x16,0(x10)	 x10:0x00101b5c x16=0x0000000a PA:0x00101b5c store:0x00000000
          33026	     16509	001000a4	06080663	beq	x16,x0,100110	 x16:0x0000000a  x0:0x00000000
          33028	     16510	001000a8	000207b7	lui	x15,0x20	 x15=0x00020000
          33032	     16512	001000ac	0107a023	sw	x16,0(x15)	 x15:0x00020000 x16:0x0000000a PA:0x00020000 store:0x0000000a load:0x00000000
          33036	     16514	001000b0	00154703	lbu	x14,1(x10)	 x10:0x00101b5c x14=0x00000020 PA:0x00101b5d store:0x001016ac
          33038	     16515	001000b4	04070e63	beq	x14,x0,100110	 x14:0x00000020  x0:0x00000000
          33042	     16517	001000b8	00e7a023	sw	x14,0(x15)	 x15:0x00020000 x14:0x00000020 PA:0x00020000 store:0x00000020 load:0x00000000
          33046	     16519	001000bc	00254283	lbu	x5,2(x10)	 x10:0x00101b5c  x5=0x00000045 PA:0x00101b5e store:0x00137fa0
          33048	     16520	001000c0	04028863	beq	x5,x0,100110	  x5:0x00000045  x0:0x00000000
          33052	     16522	001000c4	0057a023	sw	x5,0(x15)	 x15:0x00020000  x5:0x00000045 PA:0x00020000 store:0x00000045 load:0x00000000
          33056	     16524	001000c8	00354303	lbu	x6,3(x10)	 x10:0x00101b5c  x6=0x00000078 PA:0x00101b5f store:0x00000000
          33058	     16525	001000cc	04030263	beq	x6,x0,100110	  x6:0x00000078  x0:0x00000000
          33062	     16527	001000d0	0067a023	sw	x6,0(x15)	 x15:0x00020000  x6:0x00000078 PA:0x00020000 store:0x00000078 load:0x00000000
          33066	     16529	001000d4	00454383	lbu	x7,4(x10)	 x10:0x00101b5c  x7=0x00000070 PA:0x00101b60 store:0x00000000
          33068	     16530	001000d8	02038c63	beq	x7,x0,100110	  x7:0x00000070  x0:0x00000000
          33072	     16532	001000dc	0077a023	sw	x7,0(x15)	 x15:0x00020000  x7:0x00000070 PA:0x00020000 store:0x00000070 load:0x00000000
          33076	     16534	001000e0	00554583	lbu	x11,5(x10)	 x10:0x00101b5c x11=0x00000065 PA:0x00101b61 store:0x00000045
          33078	     16535	001000e4	02058663	beq	x11,x0,100110	 x11:0x00000065  x0:0x00000000
          33082	     16537	001000e8	00b7a023	sw	x11,0(x15)	 x15:0x00020000 x11:0x00000065 PA:0x00020000 store:0x00000065 load:0x00000000
          33086	     16539	001000ec	00654603	lbu	x12,6(x10)	 x10:0x00101b5c x12=0x00000063 PA:0x00101b62 store:0x00000078
          33088	     16540	001000f0	02060063	beq	x12,x0,100110	 x12:0x00000063  x0:0x00000000
          33092	     16542	001000f4	00c7a023	sw	x12,0(x15)	 x15:0x00020000 x12:0x00000063 PA:0x00020000 store:0x00000063 load:0x00000000
          33096	     16544	001000f8	00754683	lbu	x13,7(x10)	 x10:0x00101b5c x13=0x00000074 PA:0x00101b63 store:0x00000070
          33098	     16545	001000fc	00850513	addi	x10,x10,8	 x10:0x00101b5c x10=0x00101b64
          33100	     16546	00100100	00068863	beq	x13,x0,100110	 x13:0x00000074  x0:0x00000000
          33104	     16548	00100104	00d7a023	sw	x13,0(x15)	 x15:0x00020000 x13:0x00000074 PA:0x00020000 store:0x00000074 load:0x00000000
          33108	     16550	00100108	00054803	lbu	x16,0(x10)	 x10:0x00101b64 x16=0x00000069 PA:0x00101b64 store:0x00000000
          33112	     16552	0010010c	fa0810e3	bne	x16,x0,1000ac	 x16:0x00000069  x0:0x00000000
          33118	     16555	001000ac	0107a023	sw	x16,0(x15)	 x15:0x00020000 x16:0x00000069 PA:0x00020000 store:0x00000069 load:0x00000000
          33122	     16557	001000b0	00154703	lbu	x14,1(x10)	 x10:0x00101b64 x14=0x0000006e PA:0x00101b65 store:0x001016ac
          33124	     16558	001000b4	04070e63	beq	x14,x0,100110	 x14:0x0000006e  x0:0x00000000
          33128	     16560	001000b8	00e7a023	sw	x14,0(x15)	 x15:0x00020000 x14:0x0000006e PA:0x00020000 store:0x0000006e load:0x00000000
          33132	     16562	001000bc	00254283	lbu	x5,2(x10)	 x10:0x00101b64  x5=0x00000067 PA:0x00101b66 store:0x00137fa0
          33134	     16563	001000c0	04028863	beq	x5,x0,100110	  x5:0x00000067  x0:0x00000000
          33138	     16565	001000c4	0057a023	sw	x5,0(x15)	 x15:0x00020000  x5:0x00000067 PA:0x00020000 store:0x00000067 load:0x00000000
          33142	     16567	001000c8	00354303	lbu	x6,3(x10)	 x10:0x00101b64  x6=0x00000020 PA:0x00101b67 store:0x00000000
          33144	     16568	001000cc	04030263	beq	x6,x0,100110	  x6:0x00000020  x0:0x00000000
          33148	     16570	001000d0	0067a023	sw	x6,0(x15)	 x15:0x00020000  x6:0x00000020 PA:0x00020000 store:0x00000020 load:0x00000000
          33152	     16572	001000d4	00454383	lbu	x7,4(x10)	 x10:0x00101b64  x7=0x00000030 PA:0x00101b68 store:0x00000000
          33154	     16573	001000d8	02038c63	beq	x7,x0,100110	  x7:0x00000030  x0:0x00000000
          33158	     16575	001000dc	0077a023	sw	x7,0(x15)	 x15:0x00020000  x7:0x00000030 PA:0x00020000 store:0x00000030 load:0x00000000
          33162	     16577	001000e0	00554583	lbu	x11,5(x10)	 x10:0x00101b64 x11=0x00000078 PA:0x00101b69 store:0x00000067
          33164	     16578	001000e4	02058663	beq	x11,x0,100110	 x11:0x00000078  x0:0x00000000
          33168	     16580	001000e8	00b7a023	sw	x11,0(x15)	 x15:0x00020000 x11:0x00000078 PA:0x00020000 store:0x00000078 load:0x00000000
          33172	     16582	001000ec	00654603	lbu	x12,6(x10)	 x10:0x00101b64 x12=0x00000032 PA:0x00101b6a store:0x00000020
          33174	     16583	001000f0	02060063	beq	x12,x0,100110	 x12:0x00000032  x0:0x00000000
          33178	     16585	001000f4	00c7a023	sw	x12,0(x15)	 x15:0x00020000 x12:0x00000032 PA:0x00020000 store:0x00000032 load:0x00000000
          33182	     16587	001000f8	00754683	lbu	x13,7(x10)	 x10:0x00101b64 x13=0x00000030 PA:0x00101b6b store:0x00000030
          33184	     16588	001000fc	00850513	addi	x10,x10,8	 x10:0x00101b64 x10=0x00101b6c
          33186	     16589	00100100	00068863	beq	x13,x0,100110	 x13:0x00000030  x0:0x00000000
          33190	     16591	00100104	00d7a023	sw	x13,0(x15)	 x15:0x00020000 x13:0x00000030 PA:0x00020000 store:0x00000030 load:0x00000000
          33194	     16593	00100108	00054803	lbu	x16,0(x10)	 x10:0x00101b6c x16=0x00000030 PA:0x00101b6c store:0x00000000
          33198	     16595	0010010c	fa0810e3	bne	x16,x0,1000ac	 x16:0x00000030  x0:0x00000000
          33204	     16598	001000ac	0107a023	sw	x16,0(x15)	 x15:0x00020000 x16:0x00000030 PA:0x00020000 store:0x00000030 load:0x00000000
          33208	     16600	001000b0	00154703	lbu	x14,1(x10)	 x10:0x00101b6c x14=0x0000003a PA:0x00101b6d store:0x001016ac
          33210	     16601	001000b4	04070e63	beq	x14,x0,100110	 x14:0x0000003a  x0:0x00000000
          33214	     16603	001000b8	00e7a023	sw	x14,0(x15)	 x15:0x00020000 x14:0x0000003a PA:0x00020000 store:0x0000003a load:0x00000000
          33218	     16605	001000bc	00254283	lbu	x5,2(x10)	 x10:0x00101b6c  x5=0x00000020 PA:0x00101b6e store:0x00137fa0
          33220	     16606	001000c0	04028863	beq	x5,x0,100110	  x5:0x00000020  x0:0x00000000
          33224	     16608	001000c4	0057a023	sw	x5,0(x15)	 x15:0x00020000  x5:0x00000020 PA:0x00020000 store:0x00000020 load:0x00000000
          33228	     16610	001000c8	00354303	lbu	x6,3(x10)	 x10:0x00101b6c  x6=0x00000000 PA:0x00101b6f store:0x00000000
          33232	     16612	001000cc	04030263	beq	x6,x0,100110	  x6:0x00000000  x0:0x00000000
          33236	     16614	00100110	00000513	addi	x10,x0,0	  x0:0x00000000 x10=0x00000000
          33240	     16616	00100114	00008067	jalr	x0,0(x1)	  x1:0x001016ac  x0=0x00000000
          33244	     16618	001016ac	cf8a2503	lw	x10,-776(x20)	 x20:0x00102000 x10=0x00000200 PA:0x00101cf8 store:0x00102000
          33248	     16620	001016b0	a71fe0ef	jal	x1,100120	  x1=0x001016b4
          33250	     16621	00100120	01c55793	srli	x15,x10,0x1c	 x10:0x00000200 x15=0x00000000
          33252	     16622	00100124	00900713	addi	x14,x0,9	  x0:0x00000000 x14=0x00000009
          33256	     16624	00100128	0cf77a63	bgeu	x14,x15,1001fc	 x14:0x00000009 x15:0x00000000
          33260	     16626	001001fc	03078393	addi	x7,x15,48	 x15:0x00000000  x7=0x00000030
          33262	     16627	00100200	000205b7	lui	x11,0x20	 x11=0x00020000
          33264	     16628	00100204	00451613	slli	x12,x10,0x4	 x10:0x00000200 x12=0x00002000
          33268	     16630	00100208	0075a023	sw	x7,0(x11)	 x11:0x00020000  x7:0x00000030 PA:0x00020000 store:0x00000030 load:0x00000000
          33270	     16631	0010020c	01c65693	srli	x13,x12,0x1c	 x12:0x00002000 x13=0x00000000
          33272	     16632	00100210	00900813	addi	x16,x0,9	  x0:0x00000000 x16=0x00000009
          33274	     16633	00100214	f2d86ae3	bltu	x16,x13,100148	 x16:0x00000009 x13:0x00000000
          33276	     16634	00100218	03068e93	addi	x29,x13,48	 x13:0x00000000 x29=0x00000030
          33278	     16635	0010021c	00020f37	lui	x30,0x20	 x30=0x00020000
          33280	     16636	00100220	00851f93	slli	x31,x10,0x8	 x10:0x00000200 x31=0x00020000
          33284	     16638	00100224	01df2023	sw	x29,0(x30)	 x30:0x00020000 x29:0x00000030 PA:0x00020000 store:0x00000030 load:0x00000000
          33286	     16639	00100228	01cfd793	srli	x15,x31,0x1c	 x31:0x00020000 x15=0x00000000
          33288	     16640	0010022c	00900713	addi	x14,x0,9	  x0:0x00000000 x14=0x00000009
          33290	     16641	00100230	f2f76ae3	bltu	x14,x15,100164	 x14:0x00000009 x15:0x00000000
          33292	     16642	00100234	03078393	addi	x7,x15,48	 x15:0x00000000  x7=0x00000030
          33294	     16643	00100238	000205b7	lui	x11,0x20	 x11=0x00020000
          33296	     16644	0010023c	00c51613	slli	x12,x10,0xc	 x10:0x00000200 x12=0x00200000
          33300	     16646	00100240	0075a023	sw	x7,0(x11)	 x11:0x00020000  x7:0x00000030 PA:0x00020000 store:0x00000030 load:0x00000000
          33302	     16647	00100244	01c65693	srli	x13,x12,0x1c	 x12:0x00200000 x13=0x00000000
          33304	     16648	00100248	00900813	addi	x16,x0,9	  x0:0x00000000 x16=0x00000009
          33306	     16649	0010024c	f2d86ae3	bltu	x16,x13,100180	 x16:0x00000009 x13:0x00000000
          33308	     16650	00100250	03068e93	addi	x29,x13,48	 x13:0x00000000 x29=0x00000030
          33310	     16651	00100254	00020f37	lui	x30,0x20	 x30=0x00020000
          33312	     16652	00100258	01051f93	slli	x31,x10,0x10	 x10:0x00000200 x31=0x02000000
          33316	     16654	0010025c	01df2023	sw	x29,0(x30)	 x30:0x00020000 x29:0x00000030 PA:0x00020000 store:0x00000030 load:0x00000000
          33318	     16655	00100260	01cfd793	srli	x15,x31,0x1c	 x31:0x02000000 x15=0x00000000
          33320	     16656	00100264	00900713	addi	x14,x0,9	  x0:0x00000000 x14=0x00000009
          33322	     16657	00100268	f2f76ae3	bltu	x14,x15,10019c	 x14:0x00000009 x15:0x00000000
          33324	     16658	0010026c	03078393	addi	x7,x15,48	 x15:0x00000000  x7=0x00000030
          33326	     16659	00100270	000205b7	lui	x11,0x20	 x11=0x00020000
          33328	     16660	00100274	01451613	slli	x12,x10,0x14	 x10:0x00000200 x12=0x20000000
          33332	     16662	00100278	0075a023	sw	x7,0(x11)	 x11:0x00020000  x7:0x00000030 PA:0x00020000 store:0x00000030 load:0x00000000
          33334	     16663	0010027c	01c65693	srli	x13,x12,0x1c	 x12:0x20000000 x13=0x00000002
          33336	     16664	00100280	00900813	addi	x16,x0,9	  x0:0x00000000 x16=0x00000009
          33338	     16665	00100284	f2d86ae3	bltu	x16,x13,1001b8	 x16:0x00000009 x13:0x00000002
          33340	     16666	00100288	03068e93	addi	x29,x13,48	 x13:0x00000002 x29=0x00000032
          33342	     16667	0010028c	00020f37	lui	x30,0x20	 x30=0x00020000
          33344	     16668	00100290	01851f93	slli	x31,x10,0x18	 x10:0x00000200 x31=0x00000000
          33348	     16670	00100294	01df2023	sw	x29,0(x30)	 x30:0x00020000 x29:0x00000032 PA:0x00020000 store:0x00000032 load:0x00000000
          33350	     16671	00100298	01cfd793	srli	x15,x31,0x1c	 x31:0x00000000 x15=0x00000000
          33352	     16672	0010029c	00900713	addi	x14,x0,9	  x0:0x00000000 x14=0x00000009
          33354	     16673	001002a0	f2f76ae3	bltu	x14,x15,1001d4	 x14:0x00000009 x15:0x00000000
          33356	     16674	001002a4	03078393	addi	x7,x15,48	 x15:0x00000000  x7=0x00000030
          33358	     16675	001002a8	000205b7	lui	x11,0x20	 x11=0x00020000
          33362	     16677	001002ac	0075a023	sw	x7,0(x11)	 x11:0x00020000  x7:0x00000030 PA:0x00020000 store:0x00000030 load:0x00000000
          33364	     16678	001002b0	00f57513	andi	x10,x10,15	 x10:0x00000200 x10=0x00000000
          33366	     16679	001002b4	00900613	addi	x12,x0,9	  x0:0x00000000 x12=0x00000009
          33370	     16681	001002b8	f2a67ae3	bgeu	x12,x10,1001ec	 x12:0x00000009 x10:0x00000000
          33374	     16683	001001ec	03050893	addi	x17,x10,48	 x10:0x00000000 x17=0x00000030
          33376	     16684	001001f0	00020e37	lui	x28,0x20	 x28=0x00020000
          33380	     16686	001001f4	011e2023	sw	x17,0(x28)	 x28:0x00020000 x17:0x00000030 PA:0x00020000 store:0x00000030 load:0x00000000
          33384	     16688	001001f8	00008067	jalr	x0,0(x1)	  x1:0x001016b4  x0=0x00000000
          33386	     16689	001016b4	b7040513	addi	x10,x8,-1168	  x8:0x00102000 x10=0x00101b70
          33390	     16691	001016b8	9e9fe0ef	jal	x1,1000a0	  x1=0x001016bc
          33394	     16693	001000a0	00054803	lbu	x16,0(x10)	 x10:0x00101b70 x16=0x0000000a PA:0x00101b70 store:0x00000000
          33396	     16694	001000a4	06080663	beq	x16,x0,100110	 x16:0x0000000a  x0:0x00000000
          33398	     16695	001000a8	000207b7	lui	x15,0x20	 x15=0x00020000
          33402	     16697	001000ac	0107a023	sw	x16,0(x15)	 x15:0x00020000 x16:0x0000000a PA:0x00020000 store:0x0000000a load:0x00000000
          33406	     16699	001000b0	00154703	lbu	x14,1(x10)	 x10:0x00101b70 x14=0x0000000a PA:0x00101b71 store:0x001016bc
          33408	     16700	001000b4	04070e63	beq	x14,x0,100110	 x14:0x0000000a  x0:0x00000000
          33412	     16702	001000b8	00e7a023	sw	x14,0(x15)	 x15:0x00020000 x14:0x0000000a PA:0x00020000 store:0x0000000a load:0x00000000
          33416	     16704	001000bc	00254283	lbu	x5,2(x10)	 x10:0x00101b70  x5=0x00000054 PA:0x00101b72 store:0x00137fa0
          33418	     16705	001000c0	04028863	beq	x5,x0,100110	  x5:0x00000054  x0:0x00000000
          33422	     16707	001000c4	0057a023	sw	x5,0(x15)	 x15:0x00020000  x5:0x00000054 PA:0x00020000 store:0x00000054 load:0x00000000
          33426	     16709	001000c8	00354303	lbu	x6,3(x10)	 x10:0x00101b70  x6=0x00000065 PA:0x00101b73 store:0x00000000
          33428	     16710	001000cc	04030263	beq	x6,x0,100110	  x6:0x00000065  x0:0x00000000
          33432	     16712	001000d0	0067a023	sw	x6,0(x15)	 x15:0x00020000  x6:0x00000065 PA:0x00020000 store:0x00000065 load:0x00000000
          33436	     16714	001000d4	00454383	lbu	x7,4(x10)	 x10:0x00101b70  x7=0x00000073 PA:0x00101b74 store:0x00000000
          33438	     16715	001000d8	02038c63	beq	x7,x0,100110	  x7:0x00000073  x0:0x00000000
          33442	     16717	001000dc	0077a023	sw	x7,0(x15)	 x15:0x00020000  x7:0x00000073 PA:0x00020000 store:0x00000073 load:0x00000000
          33446	     16719	001000e0	00554583	lbu	x11,5(x10)	 x10:0x00101b70 x11=0x00000074 PA:0x00101b75 store:0x00000054
          33448	     16720	001000e4	02058663	beq	x11,x0,100110	 x11:0x00000074  x0:0x00000000
          33452	     16722	001000e8	00b7a023	sw	x11,0(x15)	 x15:0x00020000 x11:0x00000074 PA:0x00020000 store:0x00000074 load:0x00000000
          33456	     16724	001000ec	00654603	lbu	x12,6(x10)	 x10:0x00101b70 x12=0x00000069 PA:0x00101b76 store:0x00000065
          33458	     16725	001000f0	02060063	beq	x12,x0,100110	 x12:0x00000069  x0:0x00000000
          33462	     16727	001000f4	00c7a023	sw	x12,0(x15)	 x15:0x00020000 x12:0x00000069 PA:0x00020000 store:0x00000069 load:0x00000000
          33466	     16729	001000f8	00754683	lbu	x13,7(x10)	 x10:0x00101b70 x13=0x0000006e PA:0x00101b77 store:0x00000073
          33468	     16730	001000fc	00850513	addi	x10,x10,8	 x10:0x00101b70 x10=0x00101b78
          33470	     16731	00100100	00068863	beq	x13,x0,100110	 x13:0x0000006e  x0:0x00000000
          33474	     16733	00100104	00d7a023	sw	x13,0(x15)	 x15:0x00020000 x13:0x0000006e PA:0x00020000 store:0x0000006e load:0x00000000
          33478	     16735	00100108	00054803	lbu	x16,0(x10)	 x10:0x00101b78 x16=0x00000067 PA:0x00101b78 store:0x00000000
          33482	     16737	0010010c	fa0810e3	bne	x16,x0,1000ac	 x16:0x00000067  x0:0x00000000
          33488	     16740	001000ac	0107a023	sw	x16,0(x15)	 x15:0x00020000 x16:0x00000067 PA:0x00020000 store:0x00000067 load:0x00000000
          33492	     16742	001000b0	00154703	lbu	x14,1(x10)	 x10:0x00101b78 x14=0x00000020 PA:0x00101b79 store:0x001016bc
          33494	     16743	001000b4	04070e63	beq	x14,x0,100110	 x14:0x00000020  x0:0x00000000
          33498	     16745	001000b8	00e7a023	sw	x14,0(x15)	 x15:0x00020000 x14:0x00000020 PA:0x00020000 store:0x00000020 load:0x00000000
          33502	     16747	001000bc	00254283	lbu	x5,2(x10)	 x10:0x00101b78  x5=0x0000004d PA:0x00101b7a store:0x00137fa0
          33504	     16748	001000c0	04028863	beq	x5,x0,100110	  x5:0x0000004d  x0:0x00000000
          33508	     16750	001000c4	0057a023	sw	x5,0(x15)	 x15:0x00020000  x5:0x0000004d PA:0x00020000 store:0x0000004d load:0x00000000
          33512	     16752	001000c8	00354303	lbu	x6,3(x10)	 x10:0x00101b78  x6=0x00000049 PA:0x00101b7b store:0x00000000
          33514	     16753	001000cc	04030263	beq	x6,x0,100110	  x6:0x00000049  x0:0x00000000
          33518	     16755	001000d0	0067a023	sw	x6,0(x15)	 x15:0x00020000  x6:0x00000049 PA:0x00020000 store:0x00000049 load:0x00000000
          33522	     16757	001000d4	00454383	lbu	x7,4(x10)	 x10:0x00101b78  x7=0x0000004e PA:0x00101b7c store:0x00000000
          33524	     16758	001000d8	02038c63	beq	x7,x0,100110	  x7:0x0000004e  x0:0x00000000
          33528	     16760	001000dc	0077a023	sw	x7,0(x15)	 x15:0x00020000  x7:0x0000004e PA:0x00020000 store:0x0000004e load:0x00000000
          33532	     16762	001000e0	00554583	lbu	x11,5(x10)	 x10:0x00101b78 x11=0x00000020 PA:0x00101b7d store:0x0000004d
          33534	     16763	001000e4	02058663	beq	x11,x0,100110	 x11:0x00000020  x0:0x00000000
          33538	     16765	001000e8	00b7a023	sw	x11,0(x15)	 x15:0x00020000 x11:0x00000020 PA:0x00020000 store:0x00000020 load:0x00000000
          33542	     16767	001000ec	00654603	lbu	x12,6(x10)	 x10:0x00101b78 x12=0x00000069 PA:0x00101b7e store:0x00000049
          33544	     16768	001000f0	02060063	beq	x12,x0,100110	 x12:0x00000069  x0:0x00000000
          33548	     16770	001000f4	00c7a023	sw	x12,0(x15)	 x15:0x00020000 x12:0x00000069 PA:0x00020000 store:0x00000069 load:0x00000000
          33552	     16772	001000f8	00754683	lbu	x13,7(x10)	 x10:0x00101b78 x13=0x0000006e PA:0x00101b7f store:0x0000004e
          33554	     16773	001000fc	00850513	addi	x10,x10,8	 x10:0x00101b78 x10=0x00101b80
          33556	     16774	00100100	00068863	beq	x13,x0,100110	 x13:0x0000006e  x0:0x00000000
          33560	     16776	00100104	00d7a023	sw	x13,0(x15)	 x15:0x00020000 x13:0x0000006e PA:0x00020000 store:0x0000006e load:0x00000000
          33564	     16778	00100108	00054803	lbu	x16,0(x10)	 x10:0x00101b80 x16=0x00000073 PA:0x00101b80 store:0x00000000
          33568	     16780	0010010c	fa0810e3	bne	x16,x0,1000ac	 x16:0x00000073  x0:0x00000000
          33574	     16783	001000ac	0107a023	sw	x16,0(x15)	 x15:0x00020000 x16:0x00000073 PA:0x00020000 store:0x00000073 load:0x00000000
          33578	     16785	001000b0	00154703	lbu	x14,1(x10)	 x10:0x00101b80 x14=0x00000074 PA:0x00101b81 store:0x001016bc
          33580	     16786	001000b4	04070e63	beq	x14,x0,100110	 x14:0x00000074  x0:0x00000000
          33584	     16788	001000b8	00e7a023	sw	x14,0(x15)	 x15:0x00020000 x14:0x00000074 PA:0x00020000 store:0x00000074 load:0x00000000
          33588	     16790	001000bc	00254283	lbu	x5,2(x10)	 x10:0x00101b80  x5=0x00000072 PA:0x00101b82 store:0x00137fa0
          33590	     16791	001000c0	04028863	beq	x5,x0,100110	  x5:0x00000072  x0:0x00000000
          33594	     16793	001000c4	0057a023	sw	x5,0(x15)	 x15:0x00020000  x5:0x00000072 PA:0x00020000 store:0x00000072 load:0x00000000
          33598	     16795	001000c8	00354303	lbu	x6,3(x10)	 x10:0x00101b80  x6=0x00000075 PA:0x00101b83 store:0x00000000
          33600	     16796	001000cc	04030263	beq	x6,x0,100110	  x6:0x00000075  x0:0x00000000
          33604	     16798	001000d0	0067a023	sw	x6,0(x15)	 x15:0x00020000  x6:0x00000075 PA:0x00020000 store:0x00000075 load:0x00000000
          33608	     16800	001000d4	00454383	lbu	x7,4(x10)	 x10:0x00101b80  x7=0x00000063 PA:0x00101b84 store:0x00000000
          33610	     16801	001000d8	02038c63	beq	x7,x0,100110	  x7:0x00000063  x0:0x00000000
          33614	     16803	001000dc	0077a023	sw	x7,0(x15)	 x15:0x00020000  x7:0x00000063 PA:0x00020000 store:0x00000063 load:0x00000000
          33618	     16805	001000e0	00554583	lbu	x11,5(x10)	 x10:0x00101b80 x11=0x00000074 PA:0x00101b85 store:0x00000072
          33620	     16806	001000e4	02058663	beq	x11,x0,100110	 x11:0x00000074  x0:0x00000000
          33624	     16808	001000e8	00b7a023	sw	x11,0(x15)	 x15:0x00020000 x11:0x00000074 PA:0x00020000 store:0x00000074 load:0x00000000
          33628	     16810	001000ec	00654603	lbu	x12,6(x10)	 x10:0x00101b80 x12=0x00000069 PA:0x00101b86 store:0x00000075
          33630	     16811	001000f0	02060063	beq	x12,x0,100110	 x12:0x00000069  x0:0x00000000
          33634	     16813	001000f4	00c7a023	sw	x12,0(x15)	 x15:0x00020000 x12:0x00000069 PA:0x00020000 store:0x00000069 load:0x00000000
          33638	     16815	001000f8	00754683	lbu	x13,7(x10)	 x10:0x00101b80 x13=0x0000006f PA:0x00101b87 store:0x00000063
          33640	     16816	001000fc	00850513	addi	x10,x10,8	 x10:0x00101b80 x10=0x00101b88
          33642	     16817	00100100	00068863	beq	x13,x0,100110	 x13:0x0000006f  x0:0x00000000
          33646	     16819	00100104	00d7a023	sw	x13,0(x15)	 x15:0x00020000 x13:0x0000006f PA:0x00020000 store:0x0000006f load:0x00000000
          33650	     16821	00100108	00054803	lbu	x16,0(x10)	 x10:0x00101b88 x16=0x0000006e PA:0x00101b88 store:0x00000000
          33654	     16823	0010010c	fa0810e3	bne	x16,x0,1000ac	 x16:0x0000006e  x0:0x00000000
          33660	     16826	001000ac	0107a023	sw	x16,0(x15)	 x15:0x00020000 x16:0x0000006e PA:0x00020000 store:0x0000006e load:0x00000000
          33664	     16828	001000b0	00154703	lbu	x14,1(x10)	 x10:0x00101b88 x14=0x00000073 PA:0x00101b89 store:0x001016bc
          33666	     16829	001000b4	04070e63	beq	x14,x0,100110	 x14:0x00000073  x0:0x00000000
          33670	     16831	001000b8	00e7a023	sw	x14,0(x15)	 x15:0x00020000 x14:0x00000073 PA:0x00020000 store:0x00000073 load:0x00000000
          33674	     16833	001000bc	00254283	lbu	x5,2(x10)	 x10:0x00101b88  x5=0x0000003a PA:0x00101b8a store:0x00137fa0
          33676	     16834	001000c0	04028863	beq	x5,x0,100110	  x5:0x0000003a  x0:0x00000000
          33680	     16836	001000c4	0057a023	sw	x5,0(x15)	 x15:0x00020000  x5:0x0000003a PA:0x00020000 store:0x0000003a load:0x00000000
          33684	     16838	001000c8	00354303	lbu	x6,3(x10)	 x10:0x00101b88  x6=0x00000020 PA:0x00101b8b store:0x00000000
          33686	     16839	001000cc	04030263	beq	x6,x0,100110	  x6:0x00000020  x0:0x00000000
          33690	     16841	001000d0	0067a023	sw	x6,0(x15)	 x15:0x00020000  x6:0x00000020 PA:0x00020000 store:0x00000020 load:0x00000000
          33694	     16843	001000d4	00454383	lbu	x7,4(x10)	 x10:0x00101b88  x7=0x00000000 PA:0x00101b8c store:0x00000000
          33698	     16845	001000d8	02038c63	beq	x7,x0,100110	  x7:0x00000000  x0:0x00000000
          33702	     16847	00100110	00000513	addi	x10,x0,0	  x0:0x00000000 x10=0x00000000
          33716	     16854	00100114	00008067	jalr	x0,0(x1)	  x1:0x001016bc  x0=0x00000000
          33718	     16855	001016bc	d32ba227	fsw	f18,-732(x23)	 f23:0x00102000 f18:0x00000010 PA:0x00101d24 store:0x00000000 load:0x00000000
          33720	     16856	001016c0	d29ca027	fsw	f9,-736(x25)	 f25:0x00102000  f9:0x7fc00000 PA:0x00101d20 store:0x80000000 load:0x80000000
          33722	     16857	001016c4	d24ba787	flw	f15,-732(x23)	 f23:0x00102000 f15=0x00000000 PA:0x00101d24 store:0x3e5bdc88
          33724	     16858	001016c8	d20ca707	flw	f14,-736(x25)	 f25:0x00102000 f14=0x00000000 PA:0x00000000
          33730	     16861	001016cc	28e781d3	fmin.s	f3,f15,f14	 f15:0x00020000 f14:0x00000073  f3=0x00000000
          33736	     16864	001016d0	d03aa027	fsw	f3,-768(x21)	 f21:0x00102000  f3:0x00000000 PA:0x00101d00 store:0x80000000 load:0x80000000
          33742	     16867	001016d4	d00aa207	flw	f4,-768(x21)	 f21:0x00102000  f4=0x00000000 PA:0x00000000
          33750	     16871	001016d8	b90c0513	addi	x10,x24,-1136	 x24:0x00102000 x10=0x00101b90
          33752	     16872	001016dc	e0020953	fmv.x.w	x18,f4	  f4:0x00000000 x18=0x80000000
          33754	     16873	001016e0	cf2a2c23	sw	x18,-776(x20)	 x20:0x00102000 x18:0x80000000 PA:0x00101cf8 store:0x80000000 load:0x80000000
          33756	     16874	001016e4	9bdfe0ef	jal	x1,1000a0	  x1=0x001016e8
          33760	     16876	001000a0	00054803	lbu	x16,0(x10)	 x10:0x00101b90 x16=0x0000000a PA:0x00101b90 store:0x00000000
          33762	     16877	001000a4	06080663	beq	x16,x0,100110	 x16:0x0000000a  x0:0x00000000
          33764	     16878	001000a8	000207b7	lui	x15,0x20	 x15=0x00020000
          33768	     16880	001000ac	0107a023	sw	x16,0(x15)	 x15:0x00020000 x16:0x0000000a PA:0x00020000 store:0x0000000a load:0x00000000
          33772	     16882	001000b0	00154703	lbu	x14,1(x10)	 x10:0x00101b90 x14=0x00000020 PA:0x00101b91 store:0x001016e8
          33774	     16883	001000b4	04070e63	beq	x14,x0,100110	 x14:0x00000020  x0:0x00000000
          33778	     16885	001000b8	00e7a023	sw	x14,0(x15)	 x15:0x00020000 x14:0x00000020 PA:0x00020000 store:0x00000020 load:0x00000000
          33782	     16887	001000bc	00254283	lbu	x5,2(x10)	 x10:0x00101b90  x5=0x0000004d PA:0x00101b92 store:0x00137fa0
          33784	     16888	001000c0	04028863	beq	x5,x0,100110	  x5:0x0000004d  x0:0x00000000
          33788	     16890	001000c4	0057a023	sw	x5,0(x15)	 x15:0x00020000  x5:0x0000004d PA:0x00020000 store:0x0000004d load:0x00000000
          33792	     16892	001000c8	00354303	lbu	x6,3(x10)	 x10:0x00101b90  x6=0x00000069 PA:0x00101b93 store:0x00000000
          33794	     16893	001000cc	04030263	beq	x6,x0,100110	  x6:0x00000069  x0:0x00000000
          33798	     16895	001000d0	0067a023	sw	x6,0(x15)	 x15:0x00020000  x6:0x00000069 PA:0x00020000 store:0x00000069 load:0x00000000
          33802	     16897	001000d4	00454383	lbu	x7,4(x10)	 x10:0x00101b90  x7=0x0000006e PA:0x00101b94 store:0x00000000
          33804	     16898	001000d8	02038c63	beq	x7,x0,100110	  x7:0x0000006e  x0:0x00000000
          33808	     16900	001000dc	0077a023	sw	x7,0(x15)	 x15:0x00020000  x7:0x0000006e PA:0x00020000 store:0x0000006e load:0x00000000
          33812	     16902	001000e0	00554583	lbu	x11,5(x10)	 x10:0x00101b90 x11=0x00000028 PA:0x00101b95 store:0x0000004d
          33814	     16903	001000e4	02058663	beq	x11,x0,100110	 x11:0x00000028  x0:0x00000000
          33818	     16905	001000e8	00b7a023	sw	x11,0(x15)	 x15:0x00020000 x11:0x00000028 PA:0x00020000 store:0x00000028 load:0x00000000
          33822	     16907	001000ec	00654603	lbu	x12,6(x10)	 x10:0x00101b90 x12=0x00000030 PA:0x00101b96 store:0x00000069
          33824	     16908	001000f0	02060063	beq	x12,x0,100110	 x12:0x00000030  x0:0x00000000
          33828	     16910	001000f4	00c7a023	sw	x12,0(x15)	 x15:0x00020000 x12:0x00000030 PA:0x00020000 store:0x00000030 load:0x00000000
          33832	     16912	001000f8	00754683	lbu	x13,7(x10)	 x10:0x00101b90 x13=0x0000002e PA:0x00101b97 store:0x0000006e
          33834	     16913	001000fc	00850513	addi	x10,x10,8	 x10:0x00101b90 x10=0x00101b98
          33836	     16914	00100100	00068863	beq	x13,x0,100110	 x13:0x0000002e  x0:0x00000000
          33840	     16916	00100104	00d7a023	sw	x13,0(x15)	 x15:0x00020000 x13:0x0000002e PA:0x00020000 store:0x0000002e load:0x00000000
          33844	     16918	00100108	00054803	lbu	x16,0(x10)	 x10:0x00101b98 x16=0x00000030 PA:0x00101b98 store:0x00000000
          33848	     16920	0010010c	fa0810e3	bne	x16,x0,1000ac	 x16:0x00000030  x0:0x00000000
          33854	     16923	001000ac	0107a023	sw	x16,0(x15)	 x15:0x00020000 x16:0x00000030 PA:0x00020000 store:0x00000030 load:0x00000000
          33858	     16925	001000b0	00154703	lbu	x14,1(x10)	 x10:0x00101b98 x14=0x0000002c PA:0x00101b99 store:0x001016e8
          33860	     16926	001000b4	04070e63	beq	x14,x0,100110	 x14:0x0000002c  x0:0x00000000
          33864	     16928	001000b8	00e7a023	sw	x14,0(x15)	 x15:0x00020000 x14:0x0000002c PA:0x00020000 store:0x0000002c load:0x00000000
          33868	     16930	001000bc	00254283	lbu	x5,2(x10)	 x10:0x00101b98  x5=0x00000020 PA:0x00101b9a store:0x00137fa0
          33870	     16931	001000c0	04028863	beq	x5,x0,100110	  x5:0x00000020  x0:0x00000000
          33874	     16933	001000c4	0057a023	sw	x5,0(x15)	 x15:0x00020000  x5:0x00000020 PA:0x00020000 store:0x00000020 load:0x00000000
          33878	     16935	001000c8	00354303	lbu	x6,3(x10)	 x10:0x00101b98  x6=0x0000002d PA:0x00101b9b store:0x00000000
          33880	     16936	001000cc	04030263	beq	x6,x0,100110	  x6:0x0000002d  x0:0x00000000
          33884	     16938	001000d0	0067a023	sw	x6,0(x15)	 x15:0x00020000  x6:0x0000002d PA:0x00020000 store:0x0000002d load:0x00000000
          33888	     16940	001000d4	00454383	lbu	x7,4(x10)	 x10:0x00101b98  x7=0x00000030 PA:0x00101b9c store:0x00000000
          33890	     16941	001000d8	02038c63	beq	x7,x0,100110	  x7:0x00000030  x0:0x00000000
          33894	     16943	001000dc	0077a023	sw	x7,0(x15)	 x15:0x00020000  x7:0x00000030 PA:0x00020000 store:0x00000030 load:0x00000000
          33898	     16945	001000e0	00554583	lbu	x11,5(x10)	 x10:0x00101b98 x11=0x0000002e PA:0x00101b9d store:0x00000020
          33900	     16946	001000e4	02058663	beq	x11,x0,100110	 x11:0x0000002e  x0:0x00000000
          33904	     16948	001000e8	00b7a023	sw	x11,0(x15)	 x15:0x00020000 x11:0x0000002e PA:0x00020000 store:0x0000002e load:0x00000000
          33908	     16950	001000ec	00654603	lbu	x12,6(x10)	 x10:0x00101b98 x12=0x00000030 PA:0x00101b9e store:0x0000002d
          33910	     16951	001000f0	02060063	beq	x12,x0,100110	 x12:0x00000030  x0:0x00000000
          33914	     16953	001000f4	00c7a023	sw	x12,0(x15)	 x15:0x00020000 x12:0x00000030 PA:0x00020000 store:0x00000030 load:0x00000000
          33918	     16955	001000f8	00754683	lbu	x13,7(x10)	 x10:0x00101b98 x13=0x00000029 PA:0x00101b9f store:0x00000030
          33920	     16956	001000fc	00850513	addi	x10,x10,8	 x10:0x00101b98 x10=0x00101ba0
          33922	     16957	00100100	00068863	beq	x13,x0,100110	 x13:0x00000029  x0:0x00000000
          33926	     16959	00100104	00d7a023	sw	x13,0(x15)	 x15:0x00020000 x13:0x00000029 PA:0x00020000 store:0x00000029 load:0x00000000
          33930	     16961	00100108	00054803	lbu	x16,0(x10)	 x10:0x00101ba0 x16=0x0000002c PA:0x00101ba0 store:0x00000000
          33934	     16963	0010010c	fa0810e3	bne	x16,x0,1000ac	 x16:0x0000002c  x0:0x00000000
          33940	     16966	001000ac	0107a023	sw	x16,0(x15)	 x15:0x00020000 x16:0x0000002c PA:0x00020000 store:0x0000002c load:0x00000000
          33944	     16968	001000b0	00154703	lbu	x14,1(x10)	 x10:0x00101ba0 x14=0x00000020 PA:0x00101ba1 store:0x001016e8
          33946	     16969	001000b4	04070e63	beq	x14,x0,100110	 x14:0x00000020  x0:0x00000000
          33950	     16971	001000b8	00e7a023	sw	x14,0(x15)	 x15:0x00020000 x14:0x00000020 PA:0x00020000 store:0x00000020 load:0x00000000
          33954	     16973	001000bc	00254283	lbu	x5,2(x10)	 x10:0x00101ba0  x5=0x00000065 PA:0x00101ba2 store:0x00137fa0
          33956	     16974	001000c0	04028863	beq	x5,x0,100110	  x5:0x00000065  x0:0x00000000
          33960	     16976	001000c4	0057a023	sw	x5,0(x15)	 x15:0x00020000  x5:0x00000065 PA:0x00020000 store:0x00000065 load:0x00000000
          33964	     16978	001000c8	00354303	lbu	x6,3(x10)	 x10:0x00101ba0  x6=0x00000078 PA:0x00101ba3 store:0x00000000
          33966	     16979	001000cc	04030263	beq	x6,x0,100110	  x6:0x00000078  x0:0x00000000
          33970	     16981	001000d0	0067a023	sw	x6,0(x15)	 x15:0x00020000  x6:0x00000078 PA:0x00020000 store:0x00000078 load:0x00000000
          33974	     16983	001000d4	00454383	lbu	x7,4(x10)	 x10:0x00101ba0  x7=0x00000070 PA:0x00101ba4 store:0x00000000
          33976	     16984	001000d8	02038c63	beq	x7,x0,100110	  x7:0x00000070  x0:0x00000000
          33980	     16986	001000dc	0077a023	sw	x7,0(x15)	 x15:0x00020000  x7:0x00000070 PA:0x00020000 store:0x00000070 load:0x00000000
          33984	     16988	001000e0	00554583	lbu	x11,5(x10)	 x10:0x00101ba0 x11=0x00000065 PA:0x00101ba5 store:0x00000065
          33986	     16989	001000e4	02058663	beq	x11,x0,100110	 x11:0x00000065  x0:0x00000000
          33990	     16991	001000e8	00b7a023	sw	x11,0(x15)	 x15:0x00020000 x11:0x00000065 PA:0x00020000 store:0x00000065 load:0x00000000
          33994	     16993	001000ec	00654603	lbu	x12,6(x10)	 x10:0x00101ba0 x12=0x00000063 PA:0x00101ba6 store:0x00000078
          33996	     16994	001000f0	02060063	beq	x12,x0,100110	 x12:0x00000063  x0:0x00000000
          34000	     16996	001000f4	00c7a023	sw	x12,0(x15)	 x15:0x00020000 x12:0x00000063 PA:0x00020000 store:0x00000063 load:0x00000000
          34004	     16998	001000f8	00754683	lbu	x13,7(x10)	 x10:0x00101ba0 x13=0x00000074 PA:0x00101ba7 store:0x00000070
          34006	     16999	001000fc	00850513	addi	x10,x10,8	 x10:0x00101ba0 x10=0x00101ba8
          34008	     17000	00100100	00068863	beq	x13,x0,100110	 x13:0x00000074  x0:0x00000000
          34012	     17002	00100104	00d7a023	sw	x13,0(x15)	 x15:0x00020000 x13:0x00000074 PA:0x00020000 store:0x00000074 load:0x00000000
          34016	     17004	00100108	00054803	lbu	x16,0(x10)	 x10:0x00101ba8 x16=0x00000069 PA:0x00101ba8 store:0x00000000
          34020	     17006	0010010c	fa0810e3	bne	x16,x0,1000ac	 x16:0x00000069  x0:0x00000000
          34026	     17009	001000ac	0107a023	sw	x16,0(x15)	 x15:0x00020000 x16:0x00000069 PA:0x00020000 store:0x00000069 load:0x00000000
          34030	     17011	001000b0	00154703	lbu	x14,1(x10)	 x10:0x00101ba8 x14=0x0000006e PA:0x00101ba9 store:0x001016e8
          34032	     17012	001000b4	04070e63	beq	x14,x0,100110	 x14:0x0000006e  x0:0x00000000
          34036	     17014	001000b8	00e7a023	sw	x14,0(x15)	 x15:0x00020000 x14:0x0000006e PA:0x00020000 store:0x0000006e load:0x00000000
          34040	     17016	001000bc	00254283	lbu	x5,2(x10)	 x10:0x00101ba8  x5=0x00000067 PA:0x00101baa store:0x00137fa0
          34042	     17017	001000c0	04028863	beq	x5,x0,100110	  x5:0x00000067  x0:0x00000000
          34046	     17019	001000c4	0057a023	sw	x5,0(x15)	 x15:0x00020000  x5:0x00000067 PA:0x00020000 store:0x00000067 load:0x00000000
          34050	     17021	001000c8	00354303	lbu	x6,3(x10)	 x10:0x00101ba8  x6=0x0000003a PA:0x00101bab store:0x00000000
          34052	     17022	001000cc	04030263	beq	x6,x0,100110	  x6:0x0000003a  x0:0x00000000
          34056	     17024	001000d0	0067a023	sw	x6,0(x15)	 x15:0x00020000  x6:0x0000003a PA:0x00020000 store:0x0000003a load:0x00000000
          34060	     17026	001000d4	00454383	lbu	x7,4(x10)	 x10:0x00101ba8  x7=0x00000020 PA:0x00101bac store:0x00000000
          34062	     17027	001000d8	02038c63	beq	x7,x0,100110	  x7:0x00000020  x0:0x00000000
          34066	     17029	001000dc	0077a023	sw	x7,0(x15)	 x15:0x00020000  x7:0x00000020 PA:0x00020000 store:0x00000020 load:0x00000000
          34070	     17031	001000e0	00554583	lbu	x11,5(x10)	 x10:0x00101ba8 x11=0x00000030 PA:0x00101bad store:0x00000067
          34072	     17032	001000e4	02058663	beq	x11,x0,100110	 x11:0x00000030  x0:0x00000000
          34076	     17034	001000e8	00b7a023	sw	x11,0(x15)	 x15:0x00020000 x11:0x00000030 PA:0x00020000 store:0x00000030 load:0x00000000
          34080	     17036	001000ec	00654603	lbu	x12,6(x10)	 x10:0x00101ba8 x12=0x00000078 PA:0x00101bae store:0x0000003a
          34082	     17037	001000f0	02060063	beq	x12,x0,100110	 x12:0x00000078  x0:0x00000000
          34086	     17039	001000f4	00c7a023	sw	x12,0(x15)	 x15:0x00020000 x12:0x00000078 PA:0x00020000 store:0x00000078 load:0x00000000
          34090	     17041	001000f8	00754683	lbu	x13,7(x10)	 x10:0x00101ba8 x13=0x00000038 PA:0x00101baf store:0x00000020
          34092	     17042	001000fc	00850513	addi	x10,x10,8	 x10:0x00101ba8 x10=0x00101bb0
          34094	     17043	00100100	00068863	beq	x13,x0,100110	 x13:0x00000038  x0:0x00000000
          34098	     17045	00100104	00d7a023	sw	x13,0(x15)	 x15:0x00020000 x13:0x00000038 PA:0x00020000 store:0x00000038 load:0x00000000
          34102	     17047	00100108	00054803	lbu	x16,0(x10)	 x10:0x00101bb0 x16=0x00000030 PA:0x00101bb0 store:0x00000000
          34106	     17049	0010010c	fa0810e3	bne	x16,x0,1000ac	 x16:0x00000030  x0:0x00000000
          34112	     17052	001000ac	0107a023	sw	x16,0(x15)	 x15:0x00020000 x16:0x00000030 PA:0x00020000 store:0x00000030 load:0x00000000
          34116	     17054	001000b0	00154703	lbu	x14,1(x10)	 x10:0x00101bb0 x14=0x00000030 PA:0x00101bb1 store:0x001016e8
          34118	     17055	001000b4	04070e63	beq	x14,x0,100110	 x14:0x00000030  x0:0x00000000
          34122	     17057	001000b8	00e7a023	sw	x14,0(x15)	 x15:0x00020000 x14:0x00000030 PA:0x00020000 store:0x00000030 load:0x00000000
          34126	     17059	001000bc	00254283	lbu	x5,2(x10)	 x10:0x00101bb0  x5=0x00000030 PA:0x00101bb2 store:0x00137fa0
          34128	     17060	001000c0	04028863	beq	x5,x0,100110	  x5:0x00000030  x0:0x00000000
          34132	     17062	001000c4	0057a023	sw	x5,0(x15)	 x15:0x00020000  x5:0x00000030 PA:0x00020000 store:0x00000030 load:0x00000000
          34136	     17064	001000c8	00354303	lbu	x6,3(x10)	 x10:0x00101bb0  x6=0x00000030 PA:0x00101bb3 store:0x00000000
          34138	     17065	001000cc	04030263	beq	x6,x0,100110	  x6:0x00000030  x0:0x00000000
          34142	     17067	001000d0	0067a023	sw	x6,0(x15)	 x15:0x00020000  x6:0x00000030 PA:0x00020000 store:0x00000030 load:0x00000000
          34146	     17069	001000d4	00454383	lbu	x7,4(x10)	 x10:0x00101bb0  x7=0x00000030 PA:0x00101bb4 store:0x00000000
          34148	     17070	001000d8	02038c63	beq	x7,x0,100110	  x7:0x00000030  x0:0x00000000
          34152	     17072	001000dc	0077a023	sw	x7,0(x15)	 x15:0x00020000  x7:0x00000030 PA:0x00020000 store:0x00000030 load:0x00000000
          34156	     17074	001000e0	00554583	lbu	x11,5(x10)	 x10:0x00101bb0 x11=0x00000030 PA:0x00101bb5 store:0x00000030
          34158	     17075	001000e4	02058663	beq	x11,x0,100110	 x11:0x00000030  x0:0x00000000
          34162	     17077	001000e8	00b7a023	sw	x11,0(x15)	 x15:0x00020000 x11:0x00000030 PA:0x00020000 store:0x00000030 load:0x00000000
          34166	     17079	001000ec	00654603	lbu	x12,6(x10)	 x10:0x00101bb0 x12=0x0000003a PA:0x00101bb6 store:0x00000030
          34168	     17080	001000f0	02060063	beq	x12,x0,100110	 x12:0x0000003a  x0:0x00000000
          34172	     17082	001000f4	00c7a023	sw	x12,0(x15)	 x15:0x00020000 x12:0x0000003a PA:0x00020000 store:0x0000003a load:0x00000000
          34176	     17084	001000f8	00754683	lbu	x13,7(x10)	 x10:0x00101bb0 x13=0x00000020 PA:0x00101bb7 store:0x00000030
          34178	     17085	001000fc	00850513	addi	x10,x10,8	 x10:0x00101bb0 x10=0x00101bb8
          34180	     17086	00100100	00068863	beq	x13,x0,100110	 x13:0x00000020  x0:0x00000000
          34184	     17088	00100104	00d7a023	sw	x13,0(x15)	 x15:0x00020000 x13:0x00000020 PA:0x00020000 store:0x00000020 load:0x00000000
          34188	     17090	00100108	00054803	lbu	x16,0(x10)	 x10:0x00101bb8 x16=0x00000000 PA:0x00101bb8 store:0x00000000
          34190	     17091	0010010c	fa0810e3	bne	x16,x0,1000ac	 x16:0x00000000  x0:0x00000000
          34192	     17092	00100110	00000513	addi	x10,x0,0	  x0:0x00000000 x10=0x00000000
          34196	     17094	00100114	00008067	jalr	x0,0(x1)	  x1:0x001016e8  x0=0x00000000
          34200	     17096	001016e8	cf8a2503	lw	x10,-776(x20)	 x20:0x00102000 x10=0x80000000 PA:0x00101cf8 store:0x00102000
          34204	     17098	001016ec	a35fe0ef	jal	x1,100120	  x1=0x001016f0
          34206	     17099	00100120	01c55793	srli	x15,x10,0x1c	 x10:0x80000000 x15=0x00000008
          34208	     17100	00100124	00900713	addi	x14,x0,9	  x0:0x00000000 x14=0x00000009
          34212	     17102	00100128	0cf77a63	bgeu	x14,x15,1001fc	 x14:0x00000009 x15:0x00000008
          34216	     17104	001001fc	03078393	addi	x7,x15,48	 x15:0x00000008  x7=0x00000038
          34218	     17105	00100200	000205b7	lui	x11,0x20	 x11=0x00020000
          34220	     17106	00100204	00451613	slli	x12,x10,0x4	 x10:0x80000000 x12=0x00000000
          34224	     17108	00100208	0075a023	sw	x7,0(x11)	 x11:0x00020000  x7:0x00000038 PA:0x00020000 store:0x00000038 load:0x00000000
          34226	     17109	0010020c	01c65693	srli	x13,x12,0x1c	 x12:0x00000000 x13=0x00000000
          34228	     17110	00100210	00900813	addi	x16,x0,9	  x0:0x00000000 x16=0x00000009
          34230	     17111	00100214	f2d86ae3	bltu	x16,x13,100148	 x16:0x00000009 x13:0x00000000
          34232	     17112	00100218	03068e93	addi	x29,x13,48	 x13:0x00000000 x29=0x00000030
          34234	     17113	0010021c	00020f37	lui	x30,0x20	 x30=0x00020000
          34236	     17114	00100220	00851f93	slli	x31,x10,0x8	 x10:0x80000000 x31=0x00000000
          34240	     17116	00100224	01df2023	sw	x29,0(x30)	 x30:0x00020000 x29:0x00000030 PA:0x00020000 store:0x00000030 load:0x00000000
          34242	     17117	00100228	01cfd793	srli	x15,x31,0x1c	 x31:0x00000000 x15=0x00000000
          34244	     17118	0010022c	00900713	addi	x14,x0,9	  x0:0x00000000 x14=0x00000009
          34246	     17119	00100230	f2f76ae3	bltu	x14,x15,100164	 x14:0x00000009 x15:0x00000000
          34248	     17120	00100234	03078393	addi	x7,x15,48	 x15:0x00000000  x7=0x00000030
          34250	     17121	00100238	000205b7	lui	x11,0x20	 x11=0x00020000
          34252	     17122	0010023c	00c51613	slli	x12,x10,0xc	 x10:0x80000000 x12=0x00000000
          34256	     17124	00100240	0075a023	sw	x7,0(x11)	 x11:0x00020000  x7:0x00000030 PA:0x00020000 store:0x00000030 load:0x00000000
          34258	     17125	00100244	01c65693	srli	x13,x12,0x1c	 x12:0x00000000 x13=0x00000000
          34260	     17126	00100248	00900813	addi	x16,x0,9	  x0:0x00000000 x16=0x00000009
          34262	     17127	0010024c	f2d86ae3	bltu	x16,x13,100180	 x16:0x00000009 x13:0x00000000
          34264	     17128	00100250	03068e93	addi	x29,x13,48	 x13:0x00000000 x29=0x00000030
          34266	     17129	00100254	00020f37	lui	x30,0x20	 x30=0x00020000
          34268	     17130	00100258	01051f93	slli	x31,x10,0x10	 x10:0x80000000 x31=0x00000000
          34272	     17132	0010025c	01df2023	sw	x29,0(x30)	 x30:0x00020000 x29:0x00000030 PA:0x00020000 store:0x00000030 load:0x00000000
          34274	     17133	00100260	01cfd793	srli	x15,x31,0x1c	 x31:0x00000000 x15=0x00000000
          34276	     17134	00100264	00900713	addi	x14,x0,9	  x0:0x00000000 x14=0x00000009
          34278	     17135	00100268	f2f76ae3	bltu	x14,x15,10019c	 x14:0x00000009 x15:0x00000000
          34280	     17136	0010026c	03078393	addi	x7,x15,48	 x15:0x00000000  x7=0x00000030
          34282	     17137	00100270	000205b7	lui	x11,0x20	 x11=0x00020000
          34284	     17138	00100274	01451613	slli	x12,x10,0x14	 x10:0x80000000 x12=0x00000000
          34288	     17140	00100278	0075a023	sw	x7,0(x11)	 x11:0x00020000  x7:0x00000030 PA:0x00020000 store:0x00000030 load:0x00000000
          34290	     17141	0010027c	01c65693	srli	x13,x12,0x1c	 x12:0x00000000 x13=0x00000000
          34292	     17142	00100280	00900813	addi	x16,x0,9	  x0:0x00000000 x16=0x00000009
          34294	     17143	00100284	f2d86ae3	bltu	x16,x13,1001b8	 x16:0x00000009 x13:0x00000000
          34296	     17144	00100288	03068e93	addi	x29,x13,48	 x13:0x00000000 x29=0x00000030
          34298	     17145	0010028c	00020f37	lui	x30,0x20	 x30=0x00020000
          34300	     17146	00100290	01851f93	slli	x31,x10,0x18	 x10:0x80000000 x31=0x00000000
          34304	     17148	00100294	01df2023	sw	x29,0(x30)	 x30:0x00020000 x29:0x00000030 PA:0x00020000 store:0x00000030 load:0x00000000
          34306	     17149	00100298	01cfd793	srli	x15,x31,0x1c	 x31:0x00000000 x15=0x00000000
          34308	     17150	0010029c	00900713	addi	x14,x0,9	  x0:0x00000000 x14=0x00000009
          34310	     17151	001002a0	f2f76ae3	bltu	x14,x15,1001d4	 x14:0x00000009 x15:0x00000000
          34312	     17152	001002a4	03078393	addi	x7,x15,48	 x15:0x00000000  x7=0x00000030
          34314	     17153	001002a8	000205b7	lui	x11,0x20	 x11=0x00020000
          34318	     17155	001002ac	0075a023	sw	x7,0(x11)	 x11:0x00020000  x7:0x00000030 PA:0x00020000 store:0x00000030 load:0x00000000
          34320	     17156	001002b0	00f57513	andi	x10,x10,15	 x10:0x80000000 x10=0x00000000
          34322	     17157	001002b4	00900613	addi	x12,x0,9	  x0:0x00000000 x12=0x00000009
          34326	     17159	001002b8	f2a67ae3	bgeu	x12,x10,1001ec	 x12:0x00000009 x10:0x00000000
          34330	     17161	001001ec	03050893	addi	x17,x10,48	 x10:0x00000000 x17=0x00000030
          34332	     17162	001001f0	00020e37	lui	x28,0x20	 x28=0x00020000
          34336	     17164	001001f4	011e2023	sw	x17,0(x28)	 x28:0x00020000 x17:0x00000030 PA:0x00020000 store:0x00000030 load:0x00000000
          34340	     17166	001001f8	00008067	jalr	x0,0(x1)	  x1:0x001016f0  x0=0x00000000
          34352	     17172	001016f0	001023b7	lui	x7,0x102	  x7=0x00102000
          34354	     17173	001016f4	9583aa87	flw	f21,-1704(x7)	  f7:0x00102000 f21=0x00000000 PA:0x00101958 store:0x00000000
          34356	     17174	001016f8	d28ba227	fsw	f8,-732(x23)	 f23:0x00102000  f8:0x00102000 PA:0x00101d24 store:0x00000047 load:0x00000007
          34360	     17176	001016fc	001025b7	lui	x11,0x102	 x11=0x00102000
          34362	     17177	00101700	d35ca027	fsw	f21,-736(x25)	 f25:0x00102000 f21:0x00102000 PA:0x00101d20 store:0x00000007 load:0x00000007
          34364	     17178	00101704	d24ba587	flw	f11,-732(x23)	 f23:0x00102000 f11=0x00000000 PA:0x00101d24 store:0x80000000
          34368	     17180	00101708	d20ca287	flw	f5,-736(x25)	 f25:0x00102000  f5=0x00000000 PA:0x00101d20 store:0x7fa00000
          34374	     17183	0010170c	28558353	fmin.s	f6,f11,f5	 f11:0x00102000  f5:0x00000030  f6=0x00000000
          34380	     17186	00101710	d06aa027	fsw	f6,-768(x21)	 f21:0x00102000  f6:0x00000030 PA:0x00101d00 store:0x00000007 load:0x00000007
          34386	     17189	00101714	d00aa607	flw	f12,-768(x21)	 f21:0x00102000 f12=0x00000000 PA:0x00000000
          34394	     17193	00101718	bbc58513	addi	x10,x11,-1092	 x11:0x00102000 x10=0x00101bbc
          34396	     17194	0010171c	e0060653	fmv.x.w	x12,f12	 f12:0x00000009 x12=0x00000007
          34398	     17195	00101720	ceca2c23	sw	x12,-776(x20)	 x20:0x00102000 x12:0x00000007 PA:0x00101cf8 store:0x00000007 load:0x00000007
          34400	     17196	00101724	97dfe0ef	jal	x1,1000a0	  x1=0x00101728
          34404	     17198	001000a0	00054803	lbu	x16,0(x10)	 x10:0x00101bbc x16=0x0000000a PA:0x00101bbc store:0x00000000
          34406	     17199	001000a4	06080663	beq	x16,x0,100110	 x16:0x0000000a  x0:0x00000000
          34408	     17200	001000a8	000207b7	lui	x15,0x20	 x15=0x00020000
          34412	     17202	001000ac	0107a023	sw	x16,0(x15)	 x15:0x00020000 x16:0x0000000a PA:0x00020000 store:0x0000000a load:0x00000000
          34416	     17204	001000b0	00154703	lbu	x14,1(x10)	 x10:0x00101bbc x14=0x00000020 PA:0x00101bbd store:0x00101728
          34418	     17205	001000b4	04070e63	beq	x14,x0,100110	 x14:0x00000020  x0:0x00000000
          34422	     17207	001000b8	00e7a023	sw	x14,0(x15)	 x15:0x00020000 x14:0x00000020 PA:0x00020000 store:0x00000020 load:0x00000000
          34426	     17209	001000bc	00254283	lbu	x5,2(x10)	 x10:0x00101bbc  x5=0x0000004d PA:0x00101bbe store:0x00137fa0
          34428	     17210	001000c0	04028863	beq	x5,x0,100110	  x5:0x0000004d  x0:0x00000000
          34432	     17212	001000c4	0057a023	sw	x5,0(x15)	 x15:0x00020000  x5:0x0000004d PA:0x00020000 store:0x0000004d load:0x00000000
          34436	     17214	001000c8	00354303	lbu	x6,3(x10)	 x10:0x00101bbc  x6=0x00000069 PA:0x00101bbf store:0x00000000
          34438	     17215	001000cc	04030263	beq	x6,x0,100110	  x6:0x00000069  x0:0x00000000
          34442	     17217	001000d0	0067a023	sw	x6,0(x15)	 x15:0x00020000  x6:0x00000069 PA:0x00020000 store:0x00000069 load:0x00000000
          34446	     17219	001000d4	00454383	lbu	x7,4(x10)	 x10:0x00101bbc  x7=0x0000006e PA:0x00101bc0 store:0x00000000
          34448	     17220	001000d8	02038c63	beq	x7,x0,100110	  x7:0x0000006e  x0:0x00000000
          34452	     17222	001000dc	0077a023	sw	x7,0(x15)	 x15:0x00020000  x7:0x0000006e PA:0x00020000 store:0x0000006e load:0x00000000
          34456	     17224	001000e0	00554583	lbu	x11,5(x10)	 x10:0x00101bbc x11=0x00000028 PA:0x00101bc1 store:0x0000004d
          34458	     17225	001000e4	02058663	beq	x11,x0,100110	 x11:0x00000028  x0:0x00000000
          34462	     17227	001000e8	00b7a023	sw	x11,0(x15)	 x15:0x00020000 x11:0x00000028 PA:0x00020000 store:0x00000028 load:0x00000000
          34466	     17229	001000ec	00654603	lbu	x12,6(x10)	 x10:0x00101bbc x12=0x00000031 PA:0x00101bc2 store:0x00000069
          34468	     17230	001000f0	02060063	beq	x12,x0,100110	 x12:0x00000031  x0:0x00000000
          34472	     17232	001000f4	00c7a023	sw	x12,0(x15)	 x15:0x00020000 x12:0x00000031 PA:0x00020000 store:0x00000031 load:0x00000000
          34476	     17234	001000f8	00754683	lbu	x13,7(x10)	 x10:0x00101bbc x13=0x0000002e PA:0x00101bc3 store:0x0000006e
          34478	     17235	001000fc	00850513	addi	x10,x10,8	 x10:0x00101bbc x10=0x00101bc4
          34480	     17236	00100100	00068863	beq	x13,x0,100110	 x13:0x0000002e  x0:0x00000000
          34484	     17238	00100104	00d7a023	sw	x13,0(x15)	 x15:0x00020000 x13:0x0000002e PA:0x00020000 store:0x0000002e load:0x00000000
          34488	     17240	00100108	00054803	lbu	x16,0(x10)	 x10:0x00101bc4 x16=0x00000030 PA:0x00101bc4 store:0x00000000
          34492	     17242	0010010c	fa0810e3	bne	x16,x0,1000ac	 x16:0x00000030  x0:0x00000000
          34498	     17245	001000ac	0107a023	sw	x16,0(x15)	 x15:0x00020000 x16:0x00000030 PA:0x00020000 store:0x00000030 load:0x00000000
          34502	     17247	001000b0	00154703	lbu	x14,1(x10)	 x10:0x00101bc4 x14=0x00000065 PA:0x00101bc5 store:0x00101728
          34504	     17248	001000b4	04070e63	beq	x14,x0,100110	 x14:0x00000065  x0:0x00000000
          34508	     17250	001000b8	00e7a023	sw	x14,0(x15)	 x15:0x00020000 x14:0x00000065 PA:0x00020000 store:0x00000065 load:0x00000000
          34512	     17252	001000bc	00254283	lbu	x5,2(x10)	 x10:0x00101bc4  x5=0x0000002d PA:0x00101bc6 store:0x00137fa0
          34514	     17253	001000c0	04028863	beq	x5,x0,100110	  x5:0x0000002d  x0:0x00000000
          34518	     17255	001000c4	0057a023	sw	x5,0(x15)	 x15:0x00020000  x5:0x0000002d PA:0x00020000 store:0x0000002d load:0x00000000
          34522	     17257	001000c8	00354303	lbu	x6,3(x10)	 x10:0x00101bc4  x6=0x00000034 PA:0x00101bc7 store:0x00000000
          34524	     17258	001000cc	04030263	beq	x6,x0,100110	  x6:0x00000034  x0:0x00000000
          34528	     17260	001000d0	0067a023	sw	x6,0(x15)	 x15:0x00020000  x6:0x00000034 PA:0x00020000 store:0x00000034 load:0x00000000
          34532	     17262	001000d4	00454383	lbu	x7,4(x10)	 x10:0x00101bc4  x7=0x00000033 PA:0x00101bc8 store:0x00000000
          34534	     17263	001000d8	02038c63	beq	x7,x0,100110	  x7:0x00000033  x0:0x00000000
          34538	     17265	001000dc	0077a023	sw	x7,0(x15)	 x15:0x00020000  x7:0x00000033 PA:0x00020000 store:0x00000033 load:0x00000000
          34542	     17267	001000e0	00554583	lbu	x11,5(x10)	 x10:0x00101bc4 x11=0x0000002c PA:0x00101bc9 store:0x0000002d
          34544	     17268	001000e4	02058663	beq	x11,x0,100110	 x11:0x0000002c  x0:0x00000000
          34548	     17270	001000e8	00b7a023	sw	x11,0(x15)	 x15:0x00020000 x11:0x0000002c PA:0x00020000 store:0x0000002c load:0x00000000
          34552	     17272	001000ec	00654603	lbu	x12,6(x10)	 x10:0x00101bc4 x12=0x00000020 PA:0x00101bca store:0x00000034
          34554	     17273	001000f0	02060063	beq	x12,x0,100110	 x12:0x00000020  x0:0x00000000
          34558	     17275	001000f4	00c7a023	sw	x12,0(x15)	 x15:0x00020000 x12:0x00000020 PA:0x00020000 store:0x00000020 load:0x00000000
          34562	     17277	001000f8	00754683	lbu	x13,7(x10)	 x10:0x00101bc4 x13=0x00000031 PA:0x00101bcb store:0x00000033
          34564	     17278	001000fc	00850513	addi	x10,x10,8	 x10:0x00101bc4 x10=0x00101bcc
          34566	     17279	00100100	00068863	beq	x13,x0,100110	 x13:0x00000031  x0:0x00000000
          34570	     17281	00100104	00d7a023	sw	x13,0(x15)	 x15:0x00020000 x13:0x00000031 PA:0x00020000 store:0x00000031 load:0x00000000
          34574	     17283	00100108	00054803	lbu	x16,0(x10)	 x10:0x00101bcc x16=0x0000002e PA:0x00101bcc store:0x00000000
          34578	     17285	0010010c	fa0810e3	bne	x16,x0,1000ac	 x16:0x0000002e  x0:0x00000000
          34584	     17288	001000ac	0107a023	sw	x16,0(x15)	 x15:0x00020000 x16:0x0000002e PA:0x00020000 store:0x0000002e load:0x00000000
          34588	     17290	001000b0	00154703	lbu	x14,1(x10)	 x10:0x00101bcc x14=0x00000030 PA:0x00101bcd store:0x00101728
          34590	     17291	001000b4	04070e63	beq	x14,x0,100110	 x14:0x00000030  x0:0x00000000
          34594	     17293	001000b8	00e7a023	sw	x14,0(x15)	 x15:0x00020000 x14:0x00000030 PA:0x00020000 store:0x00000030 load:0x00000000
          34598	     17295	001000bc	00254283	lbu	x5,2(x10)	 x10:0x00101bcc  x5=0x00000065 PA:0x00101bce store:0x00137fa0
          34600	     17296	001000c0	04028863	beq	x5,x0,100110	  x5:0x00000065  x0:0x00000000
          34604	     17298	001000c4	0057a023	sw	x5,0(x15)	 x15:0x00020000  x5:0x00000065 PA:0x00020000 store:0x00000065 load:0x00000000
          34608	     17300	001000c8	00354303	lbu	x6,3(x10)	 x10:0x00101bcc  x6=0x0000002d PA:0x00101bcf store:0x00000000
          34610	     17301	001000cc	04030263	beq	x6,x0,100110	  x6:0x0000002d  x0:0x00000000
          34614	     17303	001000d0	0067a023	sw	x6,0(x15)	 x15:0x00020000  x6:0x0000002d PA:0x00020000 store:0x0000002d load:0x00000000
          34618	     17305	001000d4	00454383	lbu	x7,4(x10)	 x10:0x00101bcc  x7=0x00000034 PA:0x00101bd0 store:0x00000000
          34620	     17306	001000d8	02038c63	beq	x7,x0,100110	  x7:0x00000034  x0:0x00000000
          34624	     17308	001000dc	0077a023	sw	x7,0(x15)	 x15:0x00020000  x7:0x00000034 PA:0x00020000 store:0x00000034 load:0x00000000
          34628	     17310	001000e0	00554583	lbu	x11,5(x10)	 x10:0x00101bcc x11=0x00000034 PA:0x00101bd1 store:0x00000065
          34630	     17311	001000e4	02058663	beq	x11,x0,100110	 x11:0x00000034  x0:0x00000000
          34634	     17313	001000e8	00b7a023	sw	x11,0(x15)	 x15:0x00020000 x11:0x00000034 PA:0x00020000 store:0x00000034 load:0x00000000
          34638	     17315	001000ec	00654603	lbu	x12,6(x10)	 x10:0x00101bcc x12=0x00000029 PA:0x00101bd2 store:0x0000002d
          34640	     17316	001000f0	02060063	beq	x12,x0,100110	 x12:0x00000029  x0:0x00000000
          34644	     17318	001000f4	00c7a023	sw	x12,0(x15)	 x15:0x00020000 x12:0x00000029 PA:0x00020000 store:0x00000029 load:0x00000000
          34648	     17320	001000f8	00754683	lbu	x13,7(x10)	 x10:0x00101bcc x13=0x0000002c PA:0x00101bd3 store:0x00000034
          34650	     17321	001000fc	00850513	addi	x10,x10,8	 x10:0x00101bcc x10=0x00101bd4
          34652	     17322	00100100	00068863	beq	x13,x0,100110	 x13:0x0000002c  x0:0x00000000
          34656	     17324	00100104	00d7a023	sw	x13,0(x15)	 x15:0x00020000 x13:0x0000002c PA:0x00020000 store:0x0000002c load:0x00000000
          34660	     17326	00100108	00054803	lbu	x16,0(x10)	 x10:0x00101bd4 x16=0x00000020 PA:0x00101bd4 store:0x00000000
          34664	     17328	0010010c	fa0810e3	bne	x16,x0,1000ac	 x16:0x00000020  x0:0x00000000
          34670	     17331	001000ac	0107a023	sw	x16,0(x15)	 x15:0x00020000 x16:0x00000020 PA:0x00020000 store:0x00000020 load:0x00000000
          34674	     17333	001000b0	00154703	lbu	x14,1(x10)	 x10:0x00101bd4 x14=0x00000065 PA:0x00101bd5 store:0x00101728
          34676	     17334	001000b4	04070e63	beq	x14,x0,100110	 x14:0x00000065  x0:0x00000000
          34680	     17336	001000b8	00e7a023	sw	x14,0(x15)	 x15:0x00020000 x14:0x00000065 PA:0x00020000 store:0x00000065 load:0x00000000
          34684	     17338	001000bc	00254283	lbu	x5,2(x10)	 x10:0x00101bd4  x5=0x00000078 PA:0x00101bd6 store:0x00137fa0
          34686	     17339	001000c0	04028863	beq	x5,x0,100110	  x5:0x00000078  x0:0x00000000
          34690	     17341	001000c4	0057a023	sw	x5,0(x15)	 x15:0x00020000  x5:0x00000078 PA:0x00020000 store:0x00000078 load:0x00000000
          34694	     17343	001000c8	00354303	lbu	x6,3(x10)	 x10:0x00101bd4  x6=0x00000070 PA:0x00101bd7 store:0x00000000
          34696	     17344	001000cc	04030263	beq	x6,x0,100110	  x6:0x00000070  x0:0x00000000
          34700	     17346	001000d0	0067a023	sw	x6,0(x15)	 x15:0x00020000  x6:0x00000070 PA:0x00020000 store:0x00000070 load:0x00000000
          34704	     17348	001000d4	00454383	lbu	x7,4(x10)	 x10:0x00101bd4  x7=0x00000065 PA:0x00101bd8 store:0x00000000
          34706	     17349	001000d8	02038c63	beq	x7,x0,100110	  x7:0x00000065  x0:0x00000000
          34710	     17351	001000dc	0077a023	sw	x7,0(x15)	 x15:0x00020000  x7:0x00000065 PA:0x00020000 store:0x00000065 load:0x00000000
          34714	     17353	001000e0	00554583	lbu	x11,5(x10)	 x10:0x00101bd4 x11=0x00000063 PA:0x00101bd9 store:0x00000078
          34716	     17354	001000e4	02058663	beq	x11,x0,100110	 x11:0x00000063  x0:0x00000000
          34720	     17356	001000e8	00b7a023	sw	x11,0(x15)	 x15:0x00020000 x11:0x00000063 PA:0x00020000 store:0x00000063 load:0x00000000
          34724	     17358	001000ec	00654603	lbu	x12,6(x10)	 x10:0x00101bd4 x12=0x00000074 PA:0x00101bda store:0x00000070
          34726	     17359	001000f0	02060063	beq	x12,x0,100110	 x12:0x00000074  x0:0x00000000
          34730	     17361	001000f4	00c7a023	sw	x12,0(x15)	 x15:0x00020000 x12:0x00000074 PA:0x00020000 store:0x00000074 load:0x00000000
          34734	     17363	001000f8	00754683	lbu	x13,7(x10)	 x10:0x00101bd4 x13=0x00000069 PA:0x00101bdb store:0x00000065
          34736	     17364	001000fc	00850513	addi	x10,x10,8	 x10:0x00101bd4 x10=0x00101bdc
          34738	     17365	00100100	00068863	beq	x13,x0,100110	 x13:0x00000069  x0:0x00000000
          34742	     17367	00100104	00d7a023	sw	x13,0(x15)	 x15:0x00020000 x13:0x00000069 PA:0x00020000 store:0x00000069 load:0x00000000
          34746	     17369	00100108	00054803	lbu	x16,0(x10)	 x10:0x00101bdc x16=0x0000006e PA:0x00101bdc store:0x00000000
          34750	     17371	0010010c	fa0810e3	bne	x16,x0,1000ac	 x16:0x0000006e  x0:0x00000000
          34756	     17374	001000ac	0107a023	sw	x16,0(x15)	 x15:0x00020000 x16:0x0000006e PA:0x00020000 store:0x0000006e load:0x00000000
          34760	     17376	001000b0	00154703	lbu	x14,1(x10)	 x10:0x00101bdc x14=0x00000067 PA:0x00101bdd store:0x00101728
          34762	     17377	001000b4	04070e63	beq	x14,x0,100110	 x14:0x00000067  x0:0x00000000
          34766	     17379	001000b8	00e7a023	sw	x14,0(x15)	 x15:0x00020000 x14:0x00000067 PA:0x00020000 store:0x00000067 load:0x00000000
          34770	     17381	001000bc	00254283	lbu	x5,2(x10)	 x10:0x00101bdc  x5=0x0000003a PA:0x00101bde store:0x00137fa0
          34772	     17382	001000c0	04028863	beq	x5,x0,100110	  x5:0x0000003a  x0:0x00000000
          34776	     17384	001000c4	0057a023	sw	x5,0(x15)	 x15:0x00020000  x5:0x0000003a PA:0x00020000 store:0x0000003a load:0x00000000
          34780	     17386	001000c8	00354303	lbu	x6,3(x10)	 x10:0x00101bdc  x6=0x00000020 PA:0x00101bdf store:0x00000000
          34782	     17387	001000cc	04030263	beq	x6,x0,100110	  x6:0x00000020  x0:0x00000000
          34786	     17389	001000d0	0067a023	sw	x6,0(x15)	 x15:0x00020000  x6:0x00000020 PA:0x00020000 store:0x00000020 load:0x00000000
          34790	     17391	001000d4	00454383	lbu	x7,4(x10)	 x10:0x00101bdc  x7=0x00000030 PA:0x00101be0 store:0x00000000
          34792	     17392	001000d8	02038c63	beq	x7,x0,100110	  x7:0x00000030  x0:0x00000000
          34796	     17394	001000dc	0077a023	sw	x7,0(x15)	 x15:0x00020000  x7:0x00000030 PA:0x00020000 store:0x00000030 load:0x00000000
          34800	     17396	001000e0	00554583	lbu	x11,5(x10)	 x10:0x00101bdc x11=0x00000078 PA:0x00101be1 store:0x0000003a
          34802	     17397	001000e4	02058663	beq	x11,x0,100110	 x11:0x00000078  x0:0x00000000
          34806	     17399	001000e8	00b7a023	sw	x11,0(x15)	 x15:0x00020000 x11:0x00000078 PA:0x00020000 store:0x00000078 load:0x00000000
          34810	     17401	001000ec	00654603	lbu	x12,6(x10)	 x10:0x00101bdc x12=0x00000030 PA:0x00101be2 store:0x00000020
          34812	     17402	001000f0	02060063	beq	x12,x0,100110	 x12:0x00000030  x0:0x00000000
          34816	     17404	001000f4	00c7a023	sw	x12,0(x15)	 x15:0x00020000 x12:0x00000030 PA:0x00020000 store:0x00000030 load:0x00000000
          34820	     17406	001000f8	00754683	lbu	x13,7(x10)	 x10:0x00101bdc x13=0x00000030 PA:0x00101be3 store:0x00000030
          34822	     17407	001000fc	00850513	addi	x10,x10,8	 x10:0x00101bdc x10=0x00101be4
          34824	     17408	00100100	00068863	beq	x13,x0,100110	 x13:0x00000030  x0:0x00000000
          34828	     17410	00100104	00d7a023	sw	x13,0(x15)	 x15:0x00020000 x13:0x00000030 PA:0x00020000 store:0x00000030 load:0x00000000
          34832	     17412	00100108	00054803	lbu	x16,0(x10)	 x10:0x00101be4 x16=0x00000030 PA:0x00101be4 store:0x00000000
          34836	     17414	0010010c	fa0810e3	bne	x16,x0,1000ac	 x16:0x00000030  x0:0x00000000
          34842	     17417	001000ac	0107a023	sw	x16,0(x15)	 x15:0x00020000 x16:0x00000030 PA:0x00020000 store:0x00000030 load:0x00000000
          34846	     17419	001000b0	00154703	lbu	x14,1(x10)	 x10:0x00101be4 x14=0x00000030 PA:0x00101be5 store:0x00101728
          34848	     17420	001000b4	04070e63	beq	x14,x0,100110	 x14:0x00000030  x0:0x00000000
          34852	     17422	001000b8	00e7a023	sw	x14,0(x15)	 x15:0x00020000 x14:0x00000030 PA:0x00020000 store:0x00000030 load:0x00000000
          34856	     17424	001000bc	00254283	lbu	x5,2(x10)	 x10:0x00101be4  x5=0x00000030 PA:0x00101be6 store:0x00137fa0
          34858	     17425	001000c0	04028863	beq	x5,x0,100110	  x5:0x00000030  x0:0x00000000
          34862	     17427	001000c4	0057a023	sw	x5,0(x15)	 x15:0x00020000  x5:0x00000030 PA:0x00020000 store:0x00000030 load:0x00000000
          34866	     17429	001000c8	00354303	lbu	x6,3(x10)	 x10:0x00101be4  x6=0x00000030 PA:0x00101be7 store:0x00000000
          34868	     17430	001000cc	04030263	beq	x6,x0,100110	  x6:0x00000030  x0:0x00000000
          34872	     17432	001000d0	0067a023	sw	x6,0(x15)	 x15:0x00020000  x6:0x00000030 PA:0x00020000 store:0x00000030 load:0x00000000
          34876	     17434	001000d4	00454383	lbu	x7,4(x10)	 x10:0x00101be4  x7=0x00000037 PA:0x00101be8 store:0x00000000
          34878	     17435	001000d8	02038c63	beq	x7,x0,100110	  x7:0x00000037  x0:0x00000000
          34882	     17437	001000dc	0077a023	sw	x7,0(x15)	 x15:0x00020000  x7:0x00000037 PA:0x00020000 store:0x00000037 load:0x00000000
          34886	     17439	001000e0	00554583	lbu	x11,5(x10)	 x10:0x00101be4 x11=0x0000003a PA:0x00101be9 store:0x00000030
          34888	     17440	001000e4	02058663	beq	x11,x0,100110	 x11:0x0000003a  x0:0x00000000
          34892	     17442	001000e8	00b7a023	sw	x11,0(x15)	 x15:0x00020000 x11:0x0000003a PA:0x00020000 store:0x0000003a load:0x00000000
          34896	     17444	001000ec	00654603	lbu	x12,6(x10)	 x10:0x00101be4 x12=0x00000020 PA:0x00101bea store:0x00000030
          34898	     17445	001000f0	02060063	beq	x12,x0,100110	 x12:0x00000020  x0:0x00000000
          34902	     17447	001000f4	00c7a023	sw	x12,0(x15)	 x15:0x00020000 x12:0x00000020 PA:0x00020000 store:0x00000020 load:0x00000000
          34906	     17449	001000f8	00754683	lbu	x13,7(x10)	 x10:0x00101be4 x13=0x00000000 PA:0x00101beb store:0x00000037
          34908	     17450	001000fc	00850513	addi	x10,x10,8	 x10:0x00101be4 x10=0x00101bec
          34912	     17452	00100100	00068863	beq	x13,x0,100110	 x13:0x00000000  x0:0x00000000
          34916	     17454	00100110	00000513	addi	x10,x0,0	  x0:0x00000000 x10=0x00000000
          34920	     17456	00100114	00008067	jalr	x0,0(x1)	  x1:0x00101728  x0=0x00000000
          34924	     17458	00101728	cf8a2503	lw	x10,-776(x20)	 x20:0x00102000 x10=0x00000007 PA:0x00101cf8 store:0x00102000
          34928	     17460	0010172c	9f5fe0ef	jal	x1,100120	  x1=0x00101730
          34930	     17461	00100120	01c55793	srli	x15,x10,0x1c	 x10:0x00000007 x15=0x00000000
          34932	     17462	00100124	00900713	addi	x14,x0,9	  x0:0x00000000 x14=0x00000009
          34936	     17464	00100128	0cf77a63	bgeu	x14,x15,1001fc	 x14:0x00000009 x15:0x00000000
          34940	     17466	001001fc	03078393	addi	x7,x15,48	 x15:0x00000000  x7=0x00000030
          34942	     17467	00100200	000205b7	lui	x11,0x20	 x11=0x00020000
          34944	     17468	00100204	00451613	slli	x12,x10,0x4	 x10:0x00000007 x12=0x00000070
          34948	     17470	00100208	0075a023	sw	x7,0(x11)	 x11:0x00020000  x7:0x00000030 PA:0x00020000 store:0x00000030 load:0x00000000
          34950	     17471	0010020c	01c65693	srli	x13,x12,0x1c	 x12:0x00000070 x13=0x00000000
          34952	     17472	00100210	00900813	addi	x16,x0,9	  x0:0x00000000 x16=0x00000009
          34954	     17473	00100214	f2d86ae3	bltu	x16,x13,100148	 x16:0x00000009 x13:0x00000000
          34956	     17474	00100218	03068e93	addi	x29,x13,48	 x13:0x00000000 x29=0x00000030
          34958	     17475	0010021c	00020f37	lui	x30,0x20	 x30=0x00020000
          34960	     17476	00100220	00851f93	slli	x31,x10,0x8	 x10:0x00000007 x31=0x00000700
          34964	     17478	00100224	01df2023	sw	x29,0(x30)	 x30:0x00020000 x29:0x00000030 PA:0x00020000 store:0x00000030 load:0x00000000
          34966	     17479	00100228	01cfd793	srli	x15,x31,0x1c	 x31:0x00000700 x15=0x00000000
          34968	     17480	0010022c	00900713	addi	x14,x0,9	  x0:0x00000000 x14=0x00000009
          34970	     17481	00100230	f2f76ae3	bltu	x14,x15,100164	 x14:0x00000009 x15:0x00000000
          34972	     17482	00100234	03078393	addi	x7,x15,48	 x15:0x00000000  x7=0x00000030
          34974	     17483	00100238	000205b7	lui	x11,0x20	 x11=0x00020000
          34976	     17484	0010023c	00c51613	slli	x12,x10,0xc	 x10:0x00000007 x12=0x00007000
          34980	     17486	00100240	0075a023	sw	x7,0(x11)	 x11:0x00020000  x7:0x00000030 PA:0x00020000 store:0x00000030 load:0x00000000
          34982	     17487	00100244	01c65693	srli	x13,x12,0x1c	 x12:0x00007000 x13=0x00000000
          34984	     17488	00100248	00900813	addi	x16,x0,9	  x0:0x00000000 x16=0x00000009
          34986	     17489	0010024c	f2d86ae3	bltu	x16,x13,100180	 x16:0x00000009 x13:0x00000000
          34988	     17490	00100250	03068e93	addi	x29,x13,48	 x13:0x00000000 x29=0x00000030
          34990	     17491	00100254	00020f37	lui	x30,0x20	 x30=0x00020000
          34992	     17492	00100258	01051f93	slli	x31,x10,0x10	 x10:0x00000007 x31=0x00070000
          34996	     17494	0010025c	01df2023	sw	x29,0(x30)	 x30:0x00020000 x29:0x00000030 PA:0x00020000 store:0x00000030 load:0x00000000
          34998	     17495	00100260	01cfd793	srli	x15,x31,0x1c	 x31:0x00070000 x15=0x00000000
          35000	     17496	00100264	00900713	addi	x14,x0,9	  x0:0x00000000 x14=0x00000009
          35002	     17497	00100268	f2f76ae3	bltu	x14,x15,10019c	 x14:0x00000009 x15:0x00000000
          35004	     17498	0010026c	03078393	addi	x7,x15,48	 x15:0x00000000  x7=0x00000030
          35006	     17499	00100270	000205b7	lui	x11,0x20	 x11=0x00020000
          35008	     17500	00100274	01451613	slli	x12,x10,0x14	 x10:0x00000007 x12=0x00700000
          35012	     17502	00100278	0075a023	sw	x7,0(x11)	 x11:0x00020000  x7:0x00000030 PA:0x00020000 store:0x00000030 load:0x00000000
          35014	     17503	0010027c	01c65693	srli	x13,x12,0x1c	 x12:0x00700000 x13=0x00000000
          35016	     17504	00100280	00900813	addi	x16,x0,9	  x0:0x00000000 x16=0x00000009
          35018	     17505	00100284	f2d86ae3	bltu	x16,x13,1001b8	 x16:0x00000009 x13:0x00000000
          35020	     17506	00100288	03068e93	addi	x29,x13,48	 x13:0x00000000 x29=0x00000030
          35022	     17507	0010028c	00020f37	lui	x30,0x20	 x30=0x00020000
          35024	     17508	00100290	01851f93	slli	x31,x10,0x18	 x10:0x00000007 x31=0x07000000
          35028	     17510	00100294	01df2023	sw	x29,0(x30)	 x30:0x00020000 x29:0x00000030 PA:0x00020000 store:0x00000030 load:0x00000000
          35030	     17511	00100298	01cfd793	srli	x15,x31,0x1c	 x31:0x07000000 x15=0x00000000
          35032	     17512	0010029c	00900713	addi	x14,x0,9	  x0:0x00000000 x14=0x00000009
          35034	     17513	001002a0	f2f76ae3	bltu	x14,x15,1001d4	 x14:0x00000009 x15:0x00000000
          35036	     17514	001002a4	03078393	addi	x7,x15,48	 x15:0x00000000  x7=0x00000030
          35038	     17515	001002a8	000205b7	lui	x11,0x20	 x11=0x00020000
          35042	     17517	001002ac	0075a023	sw	x7,0(x11)	 x11:0x00020000  x7:0x00000030 PA:0x00020000 store:0x00000030 load:0x00000000
          35044	     17518	001002b0	00f57513	andi	x10,x10,15	 x10:0x00000007 x10=0x00000007
          35046	     17519	001002b4	00900613	addi	x12,x0,9	  x0:0x00000000 x12=0x00000009
          35050	     17521	001002b8	f2a67ae3	bgeu	x12,x10,1001ec	 x12:0x00000009 x10:0x00000007
          35054	     17523	001001ec	03050893	addi	x17,x10,48	 x10:0x00000007 x17=0x00000037
          35056	     17524	001001f0	00020e37	lui	x28,0x20	 x28=0x00020000
          35060	     17526	001001f4	011e2023	sw	x17,0(x28)	 x28:0x00020000 x17:0x00000037 PA:0x00020000 store:0x00000037 load:0x00000000
          35064	     17528	001001f8	00008067	jalr	x0,0(x1)	  x1:0x00101730  x0=0x00000000
          35076	     17534	00101730	00102837	lui	x16,0x102	 x16=0x00102000
          35078	     17535	00101734	95c82a07	flw	f20,-1700(x16)	 f16:0x00102000 f20=0x00000000 PA:0x0010195c store:0x4019999a
          35080	     17536	00101738	001028b7	lui	x17,0x102	 x17=0x00102000
          35082	     17537	0010173c	9608a987	flw	f19,-1696(x17)	 f17:0x00102000 f19=0x00000000 PA:0x00101960 store:0x7fa00000
          35084	     17538	00101740	d34ba227	fsw	f20,-732(x23)	 f23:0x00102000 f20:0x00102000 PA:0x00101d24 store:0x7f167699 load:0x7f1dfc87
          35090	     17541	00101744	00102e37	lui	x28,0x102	 x28=0x00102000
          35092	     17542	00101748	d33ca027	fsw	f19,-736(x25)	 f25:0x00102000 f19:0x00102000 PA:0x00101d20 store:0x7f1dfc87 load:0x7f1dfc87
          35094	     17543	0010174c	d24ba687	flw	f13,-732(x23)	 f23:0x00102000 f13=0x00000000 PA:0x00101d24 store:0x80000000
          35096	     17544	00101750	d20ca387	flw	f7,-736(x25)	 f25:0x00102000  f7=0x00000000 PA:0x00101d20 store:0x7fa00000
          35102	     17547	00101754	28768553	fmin.s	f10,f13,f7	 f13:0x00000000  f7:0x00000030 f10=0x00000000
          35108	     17550	00101758	d0aaa027	fsw	f10,-768(x21)	 f21:0x00102000 f10:0x00000007 PA:0x00101d00 store:0x7f167699 load:0x7f167699
          35114	     17553	0010175c	d00aa807	flw	f16,-768(x21)	 f21:0x00102000 f16=0x00000000 PA:0x00000000
          35122	     17557	00101760	bece0513	addi	x10,x28,-1044	 x28:0x00102000 x10=0x00101bec
          35124	     17558	00101764	e0080b53	fmv.x.w	x22,f16	 f16:0x00102000 x22=0x7f167699
          35126	     17559	00101768	cf6a2c23	sw	x22,-776(x20)	 x20:0x00102000 x22:0x7f167699 PA:0x00101cf8 store:0x7f167699 load:0x7f167699
          35128	     17560	0010176c	935fe0ef	jal	x1,1000a0	  x1=0x00101770
          35132	     17562	001000a0	00054803	lbu	x16,0(x10)	 x10:0x00101bec x16=0x0000000a PA:0x00101bec store:0x00000000
          35134	     17563	001000a4	06080663	beq	x16,x0,100110	 x16:0x0000000a  x0:0x00000000
          35136	     17564	001000a8	000207b7	lui	x15,0x20	 x15=0x00020000
          35140	     17566	001000ac	0107a023	sw	x16,0(x15)	 x15:0x00020000 x16:0x0000000a PA:0x00020000 store:0x0000000a load:0x00000000
          35144	     17568	001000b0	00154703	lbu	x14,1(x10)	 x10:0x00101bec x14=0x00000020 PA:0x00101bed store:0x00101770
          35146	     17569	001000b4	04070e63	beq	x14,x0,100110	 x14:0x00000020  x0:0x00000000
          35150	     17571	001000b8	00e7a023	sw	x14,0(x15)	 x15:0x00020000 x14:0x00000020 PA:0x00020000 store:0x00000020 load:0x00000000
          35154	     17573	001000bc	00254283	lbu	x5,2(x10)	 x10:0x00101bec  x5=0x0000004d PA:0x00101bee store:0x00137fa0
          35156	     17574	001000c0	04028863	beq	x5,x0,100110	  x5:0x0000004d  x0:0x00000000
          35160	     17576	001000c4	0057a023	sw	x5,0(x15)	 x15:0x00020000  x5:0x0000004d PA:0x00020000 store:0x0000004d load:0x00000000
          35164	     17578	001000c8	00354303	lbu	x6,3(x10)	 x10:0x00101bec  x6=0x00000069 PA:0x00101bef store:0x00000000
          35166	     17579	001000cc	04030263	beq	x6,x0,100110	  x6:0x00000069  x0:0x00000000
          35170	     17581	001000d0	0067a023	sw	x6,0(x15)	 x15:0x00020000  x6:0x00000069 PA:0x00020000 store:0x00000069 load:0x00000000
          35174	     17583	001000d4	00454383	lbu	x7,4(x10)	 x10:0x00101bec  x7=0x0000006e PA:0x00101bf0 store:0x00000000
          35176	     17584	001000d8	02038c63	beq	x7,x0,100110	  x7:0x0000006e  x0:0x00000000
          35180	     17586	001000dc	0077a023	sw	x7,0(x15)	 x15:0x00020000  x7:0x0000006e PA:0x00020000 store:0x0000006e load:0x00000000
          35184	     17588	001000e0	00554583	lbu	x11,5(x10)	 x10:0x00101bec x11=0x00000028 PA:0x00101bf1 store:0x0000004d
          35186	     17589	001000e4	02058663	beq	x11,x0,100110	 x11:0x00000028  x0:0x00000000
          35190	     17591	001000e8	00b7a023	sw	x11,0(x15)	 x15:0x00020000 x11:0x00000028 PA:0x00020000 store:0x00000028 load:0x00000000
          35194	     17593	001000ec	00654603	lbu	x12,6(x10)	 x10:0x00101bec x12=0x00000032 PA:0x00101bf2 store:0x00000069
          35196	     17594	001000f0	02060063	beq	x12,x0,100110	 x12:0x00000032  x0:0x00000000
          35200	     17596	001000f4	00c7a023	sw	x12,0(x15)	 x15:0x00020000 x12:0x00000032 PA:0x00020000 store:0x00000032 load:0x00000000
          35204	     17598	001000f8	00754683	lbu	x13,7(x10)	 x10:0x00101bec x13=0x0000002e PA:0x00101bf3 store:0x0000006e
          35206	     17599	001000fc	00850513	addi	x10,x10,8	 x10:0x00101bec x10=0x00101bf4
          35208	     17600	00100100	00068863	beq	x13,x0,100110	 x13:0x0000002e  x0:0x00000000
          35212	     17602	00100104	00d7a023	sw	x13,0(x15)	 x15:0x00020000 x13:0x0000002e PA:0x00020000 store:0x0000002e load:0x00000000
          35216	     17604	00100108	00054803	lbu	x16,0(x10)	 x10:0x00101bf4 x16=0x00000030 PA:0x00101bf4 store:0x00000000
          35220	     17606	0010010c	fa0810e3	bne	x16,x0,1000ac	 x16:0x00000030  x0:0x00000000
          35226	     17609	001000ac	0107a023	sw	x16,0(x15)	 x15:0x00020000 x16:0x00000030 PA:0x00020000 store:0x00000030 load:0x00000000
          35230	     17611	001000b0	00154703	lbu	x14,1(x10)	 x10:0x00101bf4 x14=0x00000065 PA:0x00101bf5 store:0x00101770
          35232	     17612	001000b4	04070e63	beq	x14,x0,100110	 x14:0x00000065  x0:0x00000000
          35236	     17614	001000b8	00e7a023	sw	x14,0(x15)	 x15:0x00020000 x14:0x00000065 PA:0x00020000 store:0x00000065 load:0x00000000
          35240	     17616	001000bc	00254283	lbu	x5,2(x10)	 x10:0x00101bf4  x5=0x00000033 PA:0x00101bf6 store:0x00137fa0
          35242	     17617	001000c0	04028863	beq	x5,x0,100110	  x5:0x00000033  x0:0x00000000
          35246	     17619	001000c4	0057a023	sw	x5,0(x15)	 x15:0x00020000  x5:0x00000033 PA:0x00020000 store:0x00000033 load:0x00000000
          35250	     17621	001000c8	00354303	lbu	x6,3(x10)	 x10:0x00101bf4  x6=0x00000038 PA:0x00101bf7 store:0x00000000
          35252	     17622	001000cc	04030263	beq	x6,x0,100110	  x6:0x00000038  x0:0x00000000
          35256	     17624	001000d0	0067a023	sw	x6,0(x15)	 x15:0x00020000  x6:0x00000038 PA:0x00020000 store:0x00000038 load:0x00000000
          35260	     17626	001000d4	00454383	lbu	x7,4(x10)	 x10:0x00101bf4  x7=0x00000066 PA:0x00101bf8 store:0x00000000
          35262	     17627	001000d8	02038c63	beq	x7,x0,100110	  x7:0x00000066  x0:0x00000000
          35266	     17629	001000dc	0077a023	sw	x7,0(x15)	 x15:0x00020000  x7:0x00000066 PA:0x00020000 store:0x00000066 load:0x00000000
          35270	     17631	001000e0	00554583	lbu	x11,5(x10)	 x10:0x00101bf4 x11=0x0000002c PA:0x00101bf9 store:0x00000033
          35272	     17632	001000e4	02058663	beq	x11,x0,100110	 x11:0x0000002c  x0:0x00000000
          35276	     17634	001000e8	00b7a023	sw	x11,0(x15)	 x15:0x00020000 x11:0x0000002c PA:0x00020000 store:0x0000002c load:0x00000000
          35280	     17636	001000ec	00654603	lbu	x12,6(x10)	 x10:0x00101bf4 x12=0x00000020 PA:0x00101bfa store:0x00000038
          35282	     17637	001000f0	02060063	beq	x12,x0,100110	 x12:0x00000020  x0:0x00000000
          35286	     17639	001000f4	00c7a023	sw	x12,0(x15)	 x15:0x00020000 x12:0x00000020 PA:0x00020000 store:0x00000020 load:0x00000000
          35290	     17641	001000f8	00754683	lbu	x13,7(x10)	 x10:0x00101bf4 x13=0x00000032 PA:0x00101bfb store:0x00000066
          35292	     17642	001000fc	00850513	addi	x10,x10,8	 x10:0x00101bf4 x10=0x00101bfc
          35294	     17643	00100100	00068863	beq	x13,x0,100110	 x13:0x00000032  x0:0x00000000
          35298	     17645	00100104	00d7a023	sw	x13,0(x15)	 x15:0x00020000 x13:0x00000032 PA:0x00020000 store:0x00000032 load:0x00000000
          35302	     17647	00100108	00054803	lbu	x16,0(x10)	 x10:0x00101bfc x16=0x0000002e PA:0x00101bfc store:0x00000000
          35306	     17649	0010010c	fa0810e3	bne	x16,x0,1000ac	 x16:0x0000002e  x0:0x00000000
          35312	     17652	001000ac	0107a023	sw	x16,0(x15)	 x15:0x00020000 x16:0x0000002e PA:0x00020000 store:0x0000002e load:0x00000000
          35316	     17654	001000b0	00154703	lbu	x14,1(x10)	 x10:0x00101bfc x14=0x00000031 PA:0x00101bfd store:0x00101770
          35318	     17655	001000b4	04070e63	beq	x14,x0,100110	 x14:0x00000031  x0:0x00000000
          35322	     17657	001000b8	00e7a023	sw	x14,0(x15)	 x15:0x00020000 x14:0x00000031 PA:0x00020000 store:0x00000031 load:0x00000000
          35326	     17659	001000bc	00254283	lbu	x5,2(x10)	 x10:0x00101bfc  x5=0x00000065 PA:0x00101bfe store:0x00137fa0
          35328	     17660	001000c0	04028863	beq	x5,x0,100110	  x5:0x00000065  x0:0x00000000
          35332	     17662	001000c4	0057a023	sw	x5,0(x15)	 x15:0x00020000  x5:0x00000065 PA:0x00020000 store:0x00000065 load:0x00000000
          35336	     17664	001000c8	00354303	lbu	x6,3(x10)	 x10:0x00101bfc  x6=0x00000033 PA:0x00101bff store:0x00000000
          35338	     17665	001000cc	04030263	beq	x6,x0,100110	  x6:0x00000033  x0:0x00000000
          35342	     17667	001000d0	0067a023	sw	x6,0(x15)	 x15:0x00020000  x6:0x00000033 PA:0x00020000 store:0x00000033 load:0x00000000
          35346	     17669	001000d4	00454383	lbu	x7,4(x10)	 x10:0x00101bfc  x7=0x00000038 PA:0x00101c00 store:0x00000000
          35348	     17670	001000d8	02038c63	beq	x7,x0,100110	  x7:0x00000038  x0:0x00000000
          35352	     17672	001000dc	0077a023	sw	x7,0(x15)	 x15:0x00020000  x7:0x00000038 PA:0x00020000 store:0x00000038 load:0x00000000
          35356	     17674	001000e0	00554583	lbu	x11,5(x10)	 x10:0x00101bfc x11=0x00000066 PA:0x00101c01 store:0x00000065
          35358	     17675	001000e4	02058663	beq	x11,x0,100110	 x11:0x00000066  x0:0x00000000
          35362	     17677	001000e8	00b7a023	sw	x11,0(x15)	 x15:0x00020000 x11:0x00000066 PA:0x00020000 store:0x00000066 load:0x00000000
          35366	     17679	001000ec	00654603	lbu	x12,6(x10)	 x10:0x00101bfc x12=0x00000029 PA:0x00101c02 store:0x00000033
          35368	     17680	001000f0	02060063	beq	x12,x0,100110	 x12:0x00000029  x0:0x00000000
          35372	     17682	001000f4	00c7a023	sw	x12,0(x15)	 x15:0x00020000 x12:0x00000029 PA:0x00020000 store:0x00000029 load:0x00000000
          35376	     17684	001000f8	00754683	lbu	x13,7(x10)	 x10:0x00101bfc x13=0x0000002c PA:0x00101c03 store:0x00000038
          35378	     17685	001000fc	00850513	addi	x10,x10,8	 x10:0x00101bfc x10=0x00101c04
          35380	     17686	00100100	00068863	beq	x13,x0,100110	 x13:0x0000002c  x0:0x00000000
          35384	     17688	00100104	00d7a023	sw	x13,0(x15)	 x15:0x00020000 x13:0x0000002c PA:0x00020000 store:0x0000002c load:0x00000000
          35388	     17690	00100108	00054803	lbu	x16,0(x10)	 x10:0x00101c04 x16=0x00000020 PA:0x00101c04 store:0x00000000
          35392	     17692	0010010c	fa0810e3	bne	x16,x0,1000ac	 x16:0x00000020  x0:0x00000000
          35398	     17695	001000ac	0107a023	sw	x16,0(x15)	 x15:0x00020000 x16:0x00000020 PA:0x00020000 store:0x00000020 load:0x00000000
          35402	     17697	001000b0	00154703	lbu	x14,1(x10)	 x10:0x00101c04 x14=0x00000065 PA:0x00101c05 store:0x00101770
          35404	     17698	001000b4	04070e63	beq	x14,x0,100110	 x14:0x00000065  x0:0x00000000
          35408	     17700	001000b8	00e7a023	sw	x14,0(x15)	 x15:0x00020000 x14:0x00000065 PA:0x00020000 store:0x00000065 load:0x00000000
          35412	     17702	001000bc	00254283	lbu	x5,2(x10)	 x10:0x00101c04  x5=0x00000078 PA:0x00101c06 store:0x00137fa0
          35414	     17703	001000c0	04028863	beq	x5,x0,100110	  x5:0x00000078  x0:0x00000000
          35418	     17705	001000c4	0057a023	sw	x5,0(x15)	 x15:0x00020000  x5:0x00000078 PA:0x00020000 store:0x00000078 load:0x00000000
          35422	     17707	001000c8	00354303	lbu	x6,3(x10)	 x10:0x00101c04  x6=0x00000070 PA:0x00101c07 store:0x00000000
          35424	     17708	001000cc	04030263	beq	x6,x0,100110	  x6:0x00000070  x0:0x00000000
          35428	     17710	001000d0	0067a023	sw	x6,0(x15)	 x15:0x00020000  x6:0x00000070 PA:0x00020000 store:0x00000070 load:0x00000000
          35432	     17712	001000d4	00454383	lbu	x7,4(x10)	 x10:0x00101c04  x7=0x00000065 PA:0x00101c08 store:0x00000000
          35434	     17713	001000d8	02038c63	beq	x7,x0,100110	  x7:0x00000065  x0:0x00000000
          35438	     17715	001000dc	0077a023	sw	x7,0(x15)	 x15:0x00020000  x7:0x00000065 PA:0x00020000 store:0x00000065 load:0x00000000
          35442	     17717	001000e0	00554583	lbu	x11,5(x10)	 x10:0x00101c04 x11=0x00000063 PA:0x00101c09 store:0x00000078
          35444	     17718	001000e4	02058663	beq	x11,x0,100110	 x11:0x00000063  x0:0x00000000
          35448	     17720	001000e8	00b7a023	sw	x11,0(x15)	 x15:0x00020000 x11:0x00000063 PA:0x00020000 store:0x00000063 load:0x00000000
          35452	     17722	001000ec	00654603	lbu	x12,6(x10)	 x10:0x00101c04 x12=0x00000074 PA:0x00101c0a store:0x00000070
          35454	     17723	001000f0	02060063	beq	x12,x0,100110	 x12:0x00000074  x0:0x00000000
          35458	     17725	001000f4	00c7a023	sw	x12,0(x15)	 x15:0x00020000 x12:0x00000074 PA:0x00020000 store:0x00000074 load:0x00000000
          35462	     17727	001000f8	00754683	lbu	x13,7(x10)	 x10:0x00101c04 x13=0x00000069 PA:0x00101c0b store:0x00000065
          35464	     17728	001000fc	00850513	addi	x10,x10,8	 x10:0x00101c04 x10=0x00101c0c
          35466	     17729	00100100	00068863	beq	x13,x0,100110	 x13:0x00000069  x0:0x00000000
          35470	     17731	00100104	00d7a023	sw	x13,0(x15)	 x15:0x00020000 x13:0x00000069 PA:0x00020000 store:0x00000069 load:0x00000000
          35474	     17733	00100108	00054803	lbu	x16,0(x10)	 x10:0x00101c0c x16=0x0000006e PA:0x00101c0c store:0x00000000
          35478	     17735	0010010c	fa0810e3	bne	x16,x0,1000ac	 x16:0x0000006e  x0:0x00000000
          35484	     17738	001000ac	0107a023	sw	x16,0(x15)	 x15:0x00020000 x16:0x0000006e PA:0x00020000 store:0x0000006e load:0x00000000
          35488	     17740	001000b0	00154703	lbu	x14,1(x10)	 x10:0x00101c0c x14=0x00000067 PA:0x00101c0d store:0x00101770
          35490	     17741	001000b4	04070e63	beq	x14,x0,100110	 x14:0x00000067  x0:0x00000000
          35494	     17743	001000b8	00e7a023	sw	x14,0(x15)	 x15:0x00020000 x14:0x00000067 PA:0x00020000 store:0x00000067 load:0x00000000
          35498	     17745	001000bc	00254283	lbu	x5,2(x10)	 x10:0x00101c0c  x5=0x0000003a PA:0x00101c0e store:0x00137fa0
          35500	     17746	001000c0	04028863	beq	x5,x0,100110	  x5:0x0000003a  x0:0x00000000
          35504	     17748	001000c4	0057a023	sw	x5,0(x15)	 x15:0x00020000  x5:0x0000003a PA:0x00020000 store:0x0000003a load:0x00000000
          35508	     17750	001000c8	00354303	lbu	x6,3(x10)	 x10:0x00101c0c  x6=0x00000020 PA:0x00101c0f store:0x00000000
          35510	     17751	001000cc	04030263	beq	x6,x0,100110	  x6:0x00000020  x0:0x00000000
          35514	     17753	001000d0	0067a023	sw	x6,0(x15)	 x15:0x00020000  x6:0x00000020 PA:0x00020000 store:0x00000020 load:0x00000000
          35518	     17755	001000d4	00454383	lbu	x7,4(x10)	 x10:0x00101c0c  x7=0x00000030 PA:0x00101c10 store:0x00000000
          35520	     17756	001000d8	02038c63	beq	x7,x0,100110	  x7:0x00000030  x0:0x00000000
          35524	     17758	001000dc	0077a023	sw	x7,0(x15)	 x15:0x00020000  x7:0x00000030 PA:0x00020000 store:0x00000030 load:0x00000000
          35528	     17760	001000e0	00554583	lbu	x11,5(x10)	 x10:0x00101c0c x11=0x00000078 PA:0x00101c11 store:0x0000003a
          35530	     17761	001000e4	02058663	beq	x11,x0,100110	 x11:0x00000078  x0:0x00000000
          35534	     17763	001000e8	00b7a023	sw	x11,0(x15)	 x15:0x00020000 x11:0x00000078 PA:0x00020000 store:0x00000078 load:0x00000000
          35538	     17765	001000ec	00654603	lbu	x12,6(x10)	 x10:0x00101c0c x12=0x00000037 PA:0x00101c12 store:0x00000020
          35540	     17766	001000f0	02060063	beq	x12,x0,100110	 x12:0x00000037  x0:0x00000000
          35544	     17768	001000f4	00c7a023	sw	x12,0(x15)	 x15:0x00020000 x12:0x00000037 PA:0x00020000 store:0x00000037 load:0x00000000
          35548	     17770	001000f8	00754683	lbu	x13,7(x10)	 x10:0x00101c0c x13=0x00000066 PA:0x00101c13 store:0x00000030
          35550	     17771	001000fc	00850513	addi	x10,x10,8	 x10:0x00101c0c x10=0x00101c14
          35552	     17772	00100100	00068863	beq	x13,x0,100110	 x13:0x00000066  x0:0x00000000
          35556	     17774	00100104	00d7a023	sw	x13,0(x15)	 x15:0x00020000 x13:0x00000066 PA:0x00020000 store:0x00000066 load:0x00000000
          35560	     17776	00100108	00054803	lbu	x16,0(x10)	 x10:0x00101c14 x16=0x00000031 PA:0x00101c14 store:0x00000000
          35564	     17778	0010010c	fa0810e3	bne	x16,x0,1000ac	 x16:0x00000031  x0:0x00000000
          35570	     17781	001000ac	0107a023	sw	x16,0(x15)	 x15:0x00020000 x16:0x00000031 PA:0x00020000 store:0x00000031 load:0x00000000
          35574	     17783	001000b0	00154703	lbu	x14,1(x10)	 x10:0x00101c14 x14=0x00000036 PA:0x00101c15 store:0x00101770
          35576	     17784	001000b4	04070e63	beq	x14,x0,100110	 x14:0x00000036  x0:0x00000000
          35580	     17786	001000b8	00e7a023	sw	x14,0(x15)	 x15:0x00020000 x14:0x00000036 PA:0x00020000 store:0x00000036 load:0x00000000
          35584	     17788	001000bc	00254283	lbu	x5,2(x10)	 x10:0x00101c14  x5=0x00000037 PA:0x00101c16 store:0x00137fa0
          35586	     17789	001000c0	04028863	beq	x5,x0,100110	  x5:0x00000037  x0:0x00000000
          35590	     17791	001000c4	0057a023	sw	x5,0(x15)	 x15:0x00020000  x5:0x00000037 PA:0x00020000 store:0x00000037 load:0x00000000
          35594	     17793	001000c8	00354303	lbu	x6,3(x10)	 x10:0x00101c14  x6=0x00000036 PA:0x00101c17 store:0x00000000
          35596	     17794	001000cc	04030263	beq	x6,x0,100110	  x6:0x00000036  x0:0x00000000
          35600	     17796	001000d0	0067a023	sw	x6,0(x15)	 x15:0x00020000  x6:0x00000036 PA:0x00020000 store:0x00000036 load:0x00000000
          35604	     17798	001000d4	00454383	lbu	x7,4(x10)	 x10:0x00101c14  x7=0x00000039 PA:0x00101c18 store:0x00000000
          35606	     17799	001000d8	02038c63	beq	x7,x0,100110	  x7:0x00000039  x0:0x00000000
          35610	     17801	001000dc	0077a023	sw	x7,0(x15)	 x15:0x00020000  x7:0x00000039 PA:0x00020000 store:0x00000039 load:0x00000000
          35614	     17803	001000e0	00554583	lbu	x11,5(x10)	 x10:0x00101c14 x11=0x00000039 PA:0x00101c19 store:0x00000037
          35616	     17804	001000e4	02058663	beq	x11,x0,100110	 x11:0x00000039  x0:0x00000000
          35620	     17806	001000e8	00b7a023	sw	x11,0(x15)	 x15:0x00020000 x11:0x00000039 PA:0x00020000 store:0x00000039 load:0x00000000
          35624	     17808	001000ec	00654603	lbu	x12,6(x10)	 x10:0x00101c14 x12=0x0000003a PA:0x00101c1a store:0x00000036
          35626	     17809	001000f0	02060063	beq	x12,x0,100110	 x12:0x0000003a  x0:0x00000000
          35630	     17811	001000f4	00c7a023	sw	x12,0(x15)	 x15:0x00020000 x12:0x0000003a PA:0x00020000 store:0x0000003a load:0x00000000
          35634	     17813	001000f8	00754683	lbu	x13,7(x10)	 x10:0x00101c14 x13=0x00000020 PA:0x00101c1b store:0x00000039
          35636	     17814	001000fc	00850513	addi	x10,x10,8	 x10:0x00101c14 x10=0x00101c1c
          35638	     17815	00100100	00068863	beq	x13,x0,100110	 x13:0x00000020  x0:0x00000000
          35642	     17817	00100104	00d7a023	sw	x13,0(x15)	 x15:0x00020000 x13:0x00000020 PA:0x00020000 store:0x00000020 load:0x00000000
          35646	     17819	00100108	00054803	lbu	x16,0(x10)	 x10:0x00101c1c x16=0x00000000 PA:0x00101c1c store:0x00000000
          35648	     17820	0010010c	fa0810e3	bne	x16,x0,1000ac	 x16:0x00000000  x0:0x00000000
          35650	     17821	00100110	00000513	addi	x10,x0,0	  x0:0x00000000 x10=0x00000000
          35654	     17823	00100114	00008067	jalr	x0,0(x1)	  x1:0x00101770  x0=0x00000000
          35658	     17825	00101770	cf8a2503	lw	x10,-776(x20)	 x20:0x00102000 x10=0x7f167699 PA:0x00101cf8 store:0x00102000
          35662	     17827	00101774	9adfe0ef	jal	x1,100120	  x1=0x00101778
          35664	     17828	00100120	01c55793	srli	x15,x10,0x1c	 x10:0x7f167699 x15=0x00000007
          35666	     17829	00100124	00900713	addi	x14,x0,9	  x0:0x00000000 x14=0x00000009
          35670	     17831	00100128	0cf77a63	bgeu	x14,x15,1001fc	 x14:0x00000009 x15:0x00000007
          35674	     17833	001001fc	03078393	addi	x7,x15,48	 x15:0x00000007  x7=0x00000037
          35676	     17834	00100200	000205b7	lui	x11,0x20	 x11=0x00020000
          35678	     17835	00100204	00451613	slli	x12,x10,0x4	 x10:0x7f167699 x12=0xf1676990
          35682	     17837	00100208	0075a023	sw	x7,0(x11)	 x11:0x00020000  x7:0x00000037 PA:0x00020000 store:0x00000037 load:0x00000000
          35684	     17838	0010020c	01c65693	srli	x13,x12,0x1c	 x12:0xf1676990 x13=0x0000000f
          35686	     17839	00100210	00900813	addi	x16,x0,9	  x0:0x00000000 x16=0x00000009
          35690	     17841	00100214	f2d86ae3	bltu	x16,x13,100148	 x16:0x00000009 x13:0x0000000f
          35694	     17843	00100148	03768893	addi	x17,x13,55	 x13:0x0000000f x17=0x00000046
          35696	     17844	0010014c	00020e37	lui	x28,0x20	 x28=0x00020000
          35698	     17845	00100150	00851f93	slli	x31,x10,0x8	 x10:0x7f167699 x31=0x16769900
          35702	     17847	00100154	011e2023	sw	x17,0(x28)	 x28:0x00020000 x17:0x00000046 PA:0x00020000 store:0x00000046 load:0x00000000
          35704	     17848	00100158	01cfd793	srli	x15,x31,0x1c	 x31:0x16769900 x15=0x00000001
          35706	     17849	0010015c	00900713	addi	x14,x0,9	  x0:0x00000000 x14=0x00000009
          35710	     17851	00100160	0cf77a63	bgeu	x14,x15,100234	 x14:0x00000009 x15:0x00000001
          35714	     17853	00100234	03078393	addi	x7,x15,48	 x15:0x00000001  x7=0x00000031
          35716	     17854	00100238	000205b7	lui	x11,0x20	 x11=0x00020000
          35718	     17855	0010023c	00c51613	slli	x12,x10,0xc	 x10:0x7f167699 x12=0x67699000
          35722	     17857	00100240	0075a023	sw	x7,0(x11)	 x11:0x00020000  x7:0x00000031 PA:0x00020000 store:0x00000031 load:0x00000000
          35724	     17858	00100244	01c65693	srli	x13,x12,0x1c	 x12:0x67699000 x13=0x00000006
          35726	     17859	00100248	00900813	addi	x16,x0,9	  x0:0x00000000 x16=0x00000009
          35728	     17860	0010024c	f2d86ae3	bltu	x16,x13,100180	 x16:0x00000009 x13:0x00000006
          35730	     17861	00100250	03068e93	addi	x29,x13,48	 x13:0x00000006 x29=0x00000036
          35732	     17862	00100254	00020f37	lui	x30,0x20	 x30=0x00020000
          35734	     17863	00100258	01051f93	slli	x31,x10,0x10	 x10:0x7f167699 x31=0x76990000
          35738	     17865	0010025c	01df2023	sw	x29,0(x30)	 x30:0x00020000 x29:0x00000036 PA:0x00020000 store:0x00000036 load:0x00000000
          35740	     17866	00100260	01cfd793	srli	x15,x31,0x1c	 x31:0x76990000 x15=0x00000007
          35742	     17867	00100264	00900713	addi	x14,x0,9	  x0:0x00000000 x14=0x00000009
          35744	     17868	00100268	f2f76ae3	bltu	x14,x15,10019c	 x14:0x00000009 x15:0x00000007
          35746	     17869	0010026c	03078393	addi	x7,x15,48	 x15:0x00000007  x7=0x00000037
          35748	     17870	00100270	000205b7	lui	x11,0x20	 x11=0x00020000
          35750	     17871	00100274	01451613	slli	x12,x10,0x14	 x10:0x7f167699 x12=0x69900000
          35754	     17873	00100278	0075a023	sw	x7,0(x11)	 x11:0x00020000  x7:0x00000037 PA:0x00020000 store:0x00000037 load:0x00000000
          35756	     17874	0010027c	01c65693	srli	x13,x12,0x1c	 x12:0x69900000 x13=0x00000006
          35758	     17875	00100280	00900813	addi	x16,x0,9	  x0:0x00000000 x16=0x00000009
          35760	     17876	00100284	f2d86ae3	bltu	x16,x13,1001b8	 x16:0x00000009 x13:0x00000006
          35762	     17877	00100288	03068e93	addi	x29,x13,48	 x13:0x00000006 x29=0x00000036
          35764	     17878	0010028c	00020f37	lui	x30,0x20	 x30=0x00020000
          35766	     17879	00100290	01851f93	slli	x31,x10,0x18	 x10:0x7f167699 x31=0x99000000
          35770	     17881	00100294	01df2023	sw	x29,0(x30)	 x30:0x00020000 x29:0x00000036 PA:0x00020000 store:0x00000036 load:0x00000000
          35772	     17882	00100298	01cfd793	srli	x15,x31,0x1c	 x31:0x99000000 x15=0x00000009
          35774	     17883	0010029c	00900713	addi	x14,x0,9	  x0:0x00000000 x14=0x00000009
          35776	     17884	001002a0	f2f76ae3	bltu	x14,x15,1001d4	 x14:0x00000009 x15:0x00000009
          35778	     17885	001002a4	03078393	addi	x7,x15,48	 x15:0x00000009  x7=0x00000039
          35780	     17886	001002a8	000205b7	lui	x11,0x20	 x11=0x00020000
          35784	     17888	001002ac	0075a023	sw	x7,0(x11)	 x11:0x00020000  x7:0x00000039 PA:0x00020000 store:0x00000039 load:0x00000000
          35786	     17889	001002b0	00f57513	andi	x10,x10,15	 x10:0x7f167699 x10=0x00000009
          35788	     17890	001002b4	00900613	addi	x12,x0,9	  x0:0x00000000 x12=0x00000009
          35792	     17892	001002b8	f2a67ae3	bgeu	x12,x10,1001ec	 x12:0x00000009 x10:0x00000009
          35796	     17894	001001ec	03050893	addi	x17,x10,48	 x10:0x00000009 x17=0x00000039
          35798	     17895	001001f0	00020e37	lui	x28,0x20	 x28=0x00020000
          35802	     17897	001001f4	011e2023	sw	x17,0(x28)	 x28:0x00020000 x17:0x00000039 PA:0x00020000 store:0x00000039 load:0x00000000
          35806	     17899	001001f8	00008067	jalr	x0,0(x1)	  x1:0x00101778  x0=0x00000000
          35808	     17900	00101778	00102eb7	lui	x29,0x102	 x29=0x00102000
          35810	     17901	0010177c	c20e8513	addi	x10,x29,-992	 x29:0x00102000 x10=0x00101c20
          35814	     17903	00101780	921fe0ef	jal	x1,1000a0	  x1=0x00101784
          35818	     17905	001000a0	00054803	lbu	x16,0(x10)	 x10:0x00101c20 x16=0x0000000a PA:0x00101c20 store:0x00000000
          35820	     17906	001000a4	06080663	beq	x16,x0,100110	 x16:0x0000000a  x0:0x00000000
          35822	     17907	001000a8	000207b7	lui	x15,0x20	 x15=0x00020000
          35826	     17909	001000ac	0107a023	sw	x16,0(x15)	 x15:0x00020000 x16:0x0000000a PA:0x00020000 store:0x0000000a load:0x00000000
          35830	     17911	001000b0	00154703	lbu	x14,1(x10)	 x10:0x00101c20 x14=0x0000000a PA:0x00101c21 store:0x00101784
          35832	     17912	001000b4	04070e63	beq	x14,x0,100110	 x14:0x0000000a  x0:0x00000000
          35836	     17914	001000b8	00e7a023	sw	x14,0(x15)	 x15:0x00020000 x14:0x0000000a PA:0x00020000 store:0x0000000a load:0x00000000
          35840	     17916	001000bc	00254283	lbu	x5,2(x10)	 x10:0x00101c20  x5=0x00000054 PA:0x00101c22 store:0x00137fa0
          35842	     17917	001000c0	04028863	beq	x5,x0,100110	  x5:0x00000054  x0:0x00000000
          35846	     17919	001000c4	0057a023	sw	x5,0(x15)	 x15:0x00020000  x5:0x00000054 PA:0x00020000 store:0x00000054 load:0x00000000
          35850	     17921	001000c8	00354303	lbu	x6,3(x10)	 x10:0x00101c20  x6=0x00000065 PA:0x00101c23 store:0x00000000
          35852	     17922	001000cc	04030263	beq	x6,x0,100110	  x6:0x00000065  x0:0x00000000
          35856	     17924	001000d0	0067a023	sw	x6,0(x15)	 x15:0x00020000  x6:0x00000065 PA:0x00020000 store:0x00000065 load:0x00000000
          35860	     17926	001000d4	00454383	lbu	x7,4(x10)	 x10:0x00101c20  x7=0x00000073 PA:0x00101c24 store:0x00000000
          35862	     17927	001000d8	02038c63	beq	x7,x0,100110	  x7:0x00000073  x0:0x00000000
          35866	     17929	001000dc	0077a023	sw	x7,0(x15)	 x15:0x00020000  x7:0x00000073 PA:0x00020000 store:0x00000073 load:0x00000000
          35870	     17931	001000e0	00554583	lbu	x11,5(x10)	 x10:0x00101c20 x11=0x00000074 PA:0x00101c25 store:0x00000054
          35872	     17932	001000e4	02058663	beq	x11,x0,100110	 x11:0x00000074  x0:0x00000000
          35876	     17934	001000e8	00b7a023	sw	x11,0(x15)	 x15:0x00020000 x11:0x00000074 PA:0x00020000 store:0x00000074 load:0x00000000
          35880	     17936	001000ec	00654603	lbu	x12,6(x10)	 x10:0x00101c20 x12=0x00000069 PA:0x00101c26 store:0x00000065
          35882	     17937	001000f0	02060063	beq	x12,x0,100110	 x12:0x00000069  x0:0x00000000
          35886	     17939	001000f4	00c7a023	sw	x12,0(x15)	 x15:0x00020000 x12:0x00000069 PA:0x00020000 store:0x00000069 load:0x00000000
          35890	     17941	001000f8	00754683	lbu	x13,7(x10)	 x10:0x00101c20 x13=0x0000006e PA:0x00101c27 store:0x00000073
          35892	     17942	001000fc	00850513	addi	x10,x10,8	 x10:0x00101c20 x10=0x00101c28
          35894	     17943	00100100	00068863	beq	x13,x0,100110	 x13:0x0000006e  x0:0x00000000
          35898	     17945	00100104	00d7a023	sw	x13,0(x15)	 x15:0x00020000 x13:0x0000006e PA:0x00020000 store:0x0000006e load:0x00000000
          35902	     17947	00100108	00054803	lbu	x16,0(x10)	 x10:0x00101c28 x16=0x00000067 PA:0x00101c28 store:0x00000000
          35906	     17949	0010010c	fa0810e3	bne	x16,x0,1000ac	 x16:0x00000067  x0:0x00000000
          35912	     17952	001000ac	0107a023	sw	x16,0(x15)	 x15:0x00020000 x16:0x00000067 PA:0x00020000 store:0x00000067 load:0x00000000
          35916	     17954	001000b0	00154703	lbu	x14,1(x10)	 x10:0x00101c28 x14=0x00000020 PA:0x00101c29 store:0x00101784
          35918	     17955	001000b4	04070e63	beq	x14,x0,100110	 x14:0x00000020  x0:0x00000000
          35922	     17957	001000b8	00e7a023	sw	x14,0(x15)	 x15:0x00020000 x14:0x00000020 PA:0x00020000 store:0x00000020 load:0x00000000
          35926	     17959	001000bc	00254283	lbu	x5,2(x10)	 x10:0x00101c28  x5=0x0000004d PA:0x00101c2a store:0x00137fa0
          35928	     17960	001000c0	04028863	beq	x5,x0,100110	  x5:0x0000004d  x0:0x00000000
          35932	     17962	001000c4	0057a023	sw	x5,0(x15)	 x15:0x00020000  x5:0x0000004d PA:0x00020000 store:0x0000004d load:0x00000000
          35936	     17964	001000c8	00354303	lbu	x6,3(x10)	 x10:0x00101c28  x6=0x00000041 PA:0x00101c2b store:0x00000000
          35938	     17965	001000cc	04030263	beq	x6,x0,100110	  x6:0x00000041  x0:0x00000000
          35942	     17967	001000d0	0067a023	sw	x6,0(x15)	 x15:0x00020000  x6:0x00000041 PA:0x00020000 store:0x00000041 load:0x00000000
          35946	     17969	001000d4	00454383	lbu	x7,4(x10)	 x10:0x00101c28  x7=0x00000058 PA:0x00101c2c store:0x00000000
          35948	     17970	001000d8	02038c63	beq	x7,x0,100110	  x7:0x00000058  x0:0x00000000
          35952	     17972	001000dc	0077a023	sw	x7,0(x15)	 x15:0x00020000  x7:0x00000058 PA:0x00020000 store:0x00000058 load:0x00000000
          35956	     17974	001000e0	00554583	lbu	x11,5(x10)	 x10:0x00101c28 x11=0x00000020 PA:0x00101c2d store:0x0000004d
          35958	     17975	001000e4	02058663	beq	x11,x0,100110	 x11:0x00000020  x0:0x00000000
          35962	     17977	001000e8	00b7a023	sw	x11,0(x15)	 x15:0x00020000 x11:0x00000020 PA:0x00020000 store:0x00000020 load:0x00000000
          35966	     17979	001000ec	00654603	lbu	x12,6(x10)	 x10:0x00101c28 x12=0x00000069 PA:0x00101c2e store:0x00000041
          35968	     17980	001000f0	02060063	beq	x12,x0,100110	 x12:0x00000069  x0:0x00000000
          35972	     17982	001000f4	00c7a023	sw	x12,0(x15)	 x15:0x00020000 x12:0x00000069 PA:0x00020000 store:0x00000069 load:0x00000000
          35976	     17984	001000f8	00754683	lbu	x13,7(x10)	 x10:0x00101c28 x13=0x0000006e PA:0x00101c2f store:0x00000058
          35978	     17985	001000fc	00850513	addi	x10,x10,8	 x10:0x00101c28 x10=0x00101c30
          35980	     17986	00100100	00068863	beq	x13,x0,100110	 x13:0x0000006e  x0:0x00000000
          35984	     17988	00100104	00d7a023	sw	x13,0(x15)	 x15:0x00020000 x13:0x0000006e PA:0x00020000 store:0x0000006e load:0x00000000
          35988	     17990	00100108	00054803	lbu	x16,0(x10)	 x10:0x00101c30 x16=0x00000073 PA:0x00101c30 store:0x00000000
          35992	     17992	0010010c	fa0810e3	bne	x16,x0,1000ac	 x16:0x00000073  x0:0x00000000
          35998	     17995	001000ac	0107a023	sw	x16,0(x15)	 x15:0x00020000 x16:0x00000073 PA:0x00020000 store:0x00000073 load:0x00000000
          36002	     17997	001000b0	00154703	lbu	x14,1(x10)	 x10:0x00101c30 x14=0x00000074 PA:0x00101c31 store:0x00101784
          36004	     17998	001000b4	04070e63	beq	x14,x0,100110	 x14:0x00000074  x0:0x00000000
          36008	     18000	001000b8	00e7a023	sw	x14,0(x15)	 x15:0x00020000 x14:0x00000074 PA:0x00020000 store:0x00000074 load:0x00000000
          36012	     18002	001000bc	00254283	lbu	x5,2(x10)	 x10:0x00101c30  x5=0x00000072 PA:0x00101c32 store:0x00137fa0
          36014	     18003	001000c0	04028863	beq	x5,x0,100110	  x5:0x00000072  x0:0x00000000
          36018	     18005	001000c4	0057a023	sw	x5,0(x15)	 x15:0x00020000  x5:0x00000072 PA:0x00020000 store:0x00000072 load:0x00000000
          36022	     18007	001000c8	00354303	lbu	x6,3(x10)	 x10:0x00101c30  x6=0x00000075 PA:0x00101c33 store:0x00000000
          36024	     18008	001000cc	04030263	beq	x6,x0,100110	  x6:0x00000075  x0:0x00000000
          36028	     18010	001000d0	0067a023	sw	x6,0(x15)	 x15:0x00020000  x6:0x00000075 PA:0x00020000 store:0x00000075 load:0x00000000
          36032	     18012	001000d4	00454383	lbu	x7,4(x10)	 x10:0x00101c30  x7=0x00000063 PA:0x00101c34 store:0x00000000
          36034	     18013	001000d8	02038c63	beq	x7,x0,100110	  x7:0x00000063  x0:0x00000000
          36038	     18015	001000dc	0077a023	sw	x7,0(x15)	 x15:0x00020000  x7:0x00000063 PA:0x00020000 store:0x00000063 load:0x00000000
          36042	     18017	001000e0	00554583	lbu	x11,5(x10)	 x10:0x00101c30 x11=0x00000074 PA:0x00101c35 store:0x00000072
          36044	     18018	001000e4	02058663	beq	x11,x0,100110	 x11:0x00000074  x0:0x00000000
          36048	     18020	001000e8	00b7a023	sw	x11,0(x15)	 x15:0x00020000 x11:0x00000074 PA:0x00020000 store:0x00000074 load:0x00000000
          36052	     18022	001000ec	00654603	lbu	x12,6(x10)	 x10:0x00101c30 x12=0x00000069 PA:0x00101c36 store:0x00000075
          36054	     18023	001000f0	02060063	beq	x12,x0,100110	 x12:0x00000069  x0:0x00000000
          36058	     18025	001000f4	00c7a023	sw	x12,0(x15)	 x15:0x00020000 x12:0x00000069 PA:0x00020000 store:0x00000069 load:0x00000000
          36062	     18027	001000f8	00754683	lbu	x13,7(x10)	 x10:0x00101c30 x13=0x0000006f PA:0x00101c37 store:0x00000063
          36064	     18028	001000fc	00850513	addi	x10,x10,8	 x10:0x00101c30 x10=0x00101c38
          36066	     18029	00100100	00068863	beq	x13,x0,100110	 x13:0x0000006f  x0:0x00000000
          36070	     18031	00100104	00d7a023	sw	x13,0(x15)	 x15:0x00020000 x13:0x0000006f PA:0x00020000 store:0x0000006f load:0x00000000
          36074	     18033	00100108	00054803	lbu	x16,0(x10)	 x10:0x00101c38 x16=0x0000006e PA:0x00101c38 store:0x00000000
          36078	     18035	0010010c	fa0810e3	bne	x16,x0,1000ac	 x16:0x0000006e  x0:0x00000000
          36084	     18038	001000ac	0107a023	sw	x16,0(x15)	 x15:0x00020000 x16:0x0000006e PA:0x00020000 store:0x0000006e load:0x00000000
          36088	     18040	001000b0	00154703	lbu	x14,1(x10)	 x10:0x00101c38 x14=0x00000073 PA:0x00101c39 store:0x00101784
          36090	     18041	001000b4	04070e63	beq	x14,x0,100110	 x14:0x00000073  x0:0x00000000
          36094	     18043	001000b8	00e7a023	sw	x14,0(x15)	 x15:0x00020000 x14:0x00000073 PA:0x00020000 store:0x00000073 load:0x00000000
          36098	     18045	001000bc	00254283	lbu	x5,2(x10)	 x10:0x00101c38  x5=0x0000003a PA:0x00101c3a store:0x00137fa0
          36100	     18046	001000c0	04028863	beq	x5,x0,100110	  x5:0x0000003a  x0:0x00000000
          36104	     18048	001000c4	0057a023	sw	x5,0(x15)	 x15:0x00020000  x5:0x0000003a PA:0x00020000 store:0x0000003a load:0x00000000
          36108	     18050	001000c8	00354303	lbu	x6,3(x10)	 x10:0x00101c38  x6=0x00000020 PA:0x00101c3b store:0x00000000
          36110	     18051	001000cc	04030263	beq	x6,x0,100110	  x6:0x00000020  x0:0x00000000
          36114	     18053	001000d0	0067a023	sw	x6,0(x15)	 x15:0x00020000  x6:0x00000020 PA:0x00020000 store:0x00000020 load:0x00000000
          36118	     18055	001000d4	00454383	lbu	x7,4(x10)	 x10:0x00101c38  x7=0x00000000 PA:0x00101c3c store:0x00000000
          36122	     18057	001000d8	02038c63	beq	x7,x0,100110	  x7:0x00000000  x0:0x00000000
          36126	     18059	00100110	00000513	addi	x10,x0,0	  x0:0x00000000 x10=0x00000000
          36140	     18066	00100114	00008067	jalr	x0,0(x1)	  x1:0x00101784  x0=0x00000000
          36142	     18067	00101784	d32ba227	fsw	f18,-732(x23)	 f23:0x00102000 f18:0x80000000 PA:0x00101d24 store:0x00000000 load:0x00000000
          36144	     18068	00101788	d29ca027	fsw	f9,-736(x25)	 f25:0x00102000  f9:0x7fc00000 PA:0x00101d20 store:0x80000000 load:0x00000000
          36146	     18069	0010178c	d24ba887	flw	f17,-732(x23)	 f23:0x00102000 f17=0x00000000 PA:0x00101d24 store:0x80000000
          36148	     18070	00101790	d20ca487	flw	f9,-736(x25)	 f25:0x00102000  f9=0x00000000 PA:0x00000000
          36154	     18073	00101794	28989953	fmax.s	f18,f17,f9	 f17:0x00000039  f9:0x7fc00000 f18=0x00000000
          36160	     18076	00101798	d12aa027	fsw	f18,-768(x21)	 f21:0x00102000 f18:0x80000000 PA:0x00101d00 store:0x00000000 load:0x80000000
          36166	     18079	0010179c	d00aae07	flw	f28,-768(x21)	 f21:0x00102000 f28=0x00000000 PA:0x00000000
          36176	     18084	001017a0	00102f37	lui	x30,0x102	 x30=0x00102000
          36178	     18085	001017a4	c40f0513	addi	x10,x30,-960	 x30:0x00102000 x10=0x00101c40
          36180	     18086	001017a8	e00e0fd3	fmv.x.w	x31,f28	 f28:0x00020000 x31=0x00000000
          36182	     18087	001017ac	cffa2c23	sw	x31,-776(x20)	 x20:0x00102000 x31:0x00000000 PA:0x00101cf8 store:0x00000000 load:0x00000000
          36184	     18088	001017b0	8f1fe0ef	jal	x1,1000a0	  x1=0x001017b4
          36186	     18089	001000a0	00054803	lbu	x16,0(x10)	 x10:0x00101c40 x16=0x0000000a PA:0x00101c40 store:0x00000000
          36188	     18090	001000a4	06080663	beq	x16,x0,100110	 x16:0x0000000a  x0:0x00000000
          36190	     18091	001000a8	000207b7	lui	x15,0x20	 x15=0x00020000
          36194	     18093	001000ac	0107a023	sw	x16,0(x15)	 x15:0x00020000 x16:0x0000000a PA:0x00020000 store:0x0000000a load:0x00000000
          36198	     18095	001000b0	00154703	lbu	x14,1(x10)	 x10:0x00101c40 x14=0x00000020 PA:0x00101c41 store:0x001017b4
          36200	     18096	001000b4	04070e63	beq	x14,x0,100110	 x14:0x00000020  x0:0x00000000
          36204	     18098	001000b8	00e7a023	sw	x14,0(x15)	 x15:0x00020000 x14:0x00000020 PA:0x00020000 store:0x00000020 load:0x00000000
          36208	     18100	001000bc	00254283	lbu	x5,2(x10)	 x10:0x00101c40  x5=0x0000004d PA:0x00101c42 store:0x00137fa0
          36210	     18101	001000c0	04028863	beq	x5,x0,100110	  x5:0x0000004d  x0:0x00000000
          36214	     18103	001000c4	0057a023	sw	x5,0(x15)	 x15:0x00020000  x5:0x0000004d PA:0x00020000 store:0x0000004d load:0x00000000
          36218	     18105	001000c8	00354303	lbu	x6,3(x10)	 x10:0x00101c40  x6=0x00000041 PA:0x00101c43 store:0x00000000
          36220	     18106	001000cc	04030263	beq	x6,x0,100110	  x6:0x00000041  x0:0x00000000
          36224	     18108	001000d0	0067a023	sw	x6,0(x15)	 x15:0x00020000  x6:0x00000041 PA:0x00020000 store:0x00000041 load:0x00000000
          36228	     18110	001000d4	00454383	lbu	x7,4(x10)	 x10:0x00101c40  x7=0x00000058 PA:0x00101c44 store:0x00000000
          36230	     18111	001000d8	02038c63	beq	x7,x0,100110	  x7:0x00000058  x0:0x00000000
          36234	     18113	001000dc	0077a023	sw	x7,0(x15)	 x15:0x00020000  x7:0x00000058 PA:0x00020000 store:0x00000058 load:0x00000000
          36238	     18115	001000e0	00554583	lbu	x11,5(x10)	 x10:0x00101c40 x11=0x00000028 PA:0x00101c45 store:0x0000004d
          36240	     18116	001000e4	02058663	beq	x11,x0,100110	 x11:0x00000028  x0:0x00000000
          36244	     18118	001000e8	00b7a023	sw	x11,0(x15)	 x15:0x00020000 x11:0x00000028 PA:0x00020000 store:0x00000028 load:0x00000000
          36248	     18120	001000ec	00654603	lbu	x12,6(x10)	 x10:0x00101c40 x12=0x00000030 PA:0x00101c46 store:0x00000041
          36250	     18121	001000f0	02060063	beq	x12,x0,100110	 x12:0x00000030  x0:0x00000000
          36254	     18123	001000f4	00c7a023	sw	x12,0(x15)	 x15:0x00020000 x12:0x00000030 PA:0x00020000 store:0x00000030 load:0x00000000
          36258	     18125	001000f8	00754683	lbu	x13,7(x10)	 x10:0x00101c40 x13=0x0000002e PA:0x00101c47 store:0x00000058
          36260	     18126	001000fc	00850513	addi	x10,x10,8	 x10:0x00101c40 x10=0x00101c48
          36262	     18127	00100100	00068863	beq	x13,x0,100110	 x13:0x0000002e  x0:0x00000000
          36266	     18129	00100104	00d7a023	sw	x13,0(x15)	 x15:0x00020000 x13:0x0000002e PA:0x00020000 store:0x0000002e load:0x00000000
          36270	     18131	00100108	00054803	lbu	x16,0(x10)	 x10:0x00101c48 x16=0x00000030 PA:0x00101c48 store:0x00000000
          36274	     18133	0010010c	fa0810e3	bne	x16,x0,1000ac	 x16:0x00000030  x0:0x00000000
          36280	     18136	001000ac	0107a023	sw	x16,0(x15)	 x15:0x00020000 x16:0x00000030 PA:0x00020000 store:0x00000030 load:0x00000000
          36284	     18138	001000b0	00154703	lbu	x14,1(x10)	 x10:0x00101c48 x14=0x0000002c PA:0x00101c49 store:0x001017b4
          36286	     18139	001000b4	04070e63	beq	x14,x0,100110	 x14:0x0000002c  x0:0x00000000
          36290	     18141	001000b8	00e7a023	sw	x14,0(x15)	 x15:0x00020000 x14:0x0000002c PA:0x00020000 store:0x0000002c load:0x00000000
          36294	     18143	001000bc	00254283	lbu	x5,2(x10)	 x10:0x00101c48  x5=0x00000020 PA:0x00101c4a store:0x00137fa0
          36296	     18144	001000c0	04028863	beq	x5,x0,100110	  x5:0x00000020  x0:0x00000000
          36300	     18146	001000c4	0057a023	sw	x5,0(x15)	 x15:0x00020000  x5:0x00000020 PA:0x00020000 store:0x00000020 load:0x00000000
          36304	     18148	001000c8	00354303	lbu	x6,3(x10)	 x10:0x00101c48  x6=0x0000002d PA:0x00101c4b store:0x00000000
          36306	     18149	001000cc	04030263	beq	x6,x0,100110	  x6:0x0000002d  x0:0x00000000
          36310	     18151	001000d0	0067a023	sw	x6,0(x15)	 x15:0x00020000  x6:0x0000002d PA:0x00020000 store:0x0000002d load:0x00000000
          36314	     18153	001000d4	00454383	lbu	x7,4(x10)	 x10:0x00101c48  x7=0x00000030 PA:0x00101c4c store:0x00000000
          36316	     18154	001000d8	02038c63	beq	x7,x0,100110	  x7:0x00000030  x0:0x00000000
          36320	     18156	001000dc	0077a023	sw	x7,0(x15)	 x15:0x00020000  x7:0x00000030 PA:0x00020000 store:0x00000030 load:0x00000000
          36324	     18158	001000e0	00554583	lbu	x11,5(x10)	 x10:0x00101c48 x11=0x0000002e PA:0x00101c4d store:0x00000020
          36326	     18159	001000e4	02058663	beq	x11,x0,100110	 x11:0x0000002e  x0:0x00000000
          36330	     18161	001000e8	00b7a023	sw	x11,0(x15)	 x15:0x00020000 x11:0x0000002e PA:0x00020000 store:0x0000002e load:0x00000000
          36334	     18163	001000ec	00654603	lbu	x12,6(x10)	 x10:0x00101c48 x12=0x00000030 PA:0x00101c4e store:0x0000002d
          36336	     18164	001000f0	02060063	beq	x12,x0,100110	 x12:0x00000030  x0:0x00000000
          36340	     18166	001000f4	00c7a023	sw	x12,0(x15)	 x15:0x00020000 x12:0x00000030 PA:0x00020000 store:0x00000030 load:0x00000000
          36344	     18168	001000f8	00754683	lbu	x13,7(x10)	 x10:0x00101c48 x13=0x00000029 PA:0x00101c4f store:0x00000030
          36346	     18169	001000fc	00850513	addi	x10,x10,8	 x10:0x00101c48 x10=0x00101c50
          36348	     18170	00100100	00068863	beq	x13,x0,100110	 x13:0x00000029  x0:0x00000000
          36352	     18172	00100104	00d7a023	sw	x13,0(x15)	 x15:0x00020000 x13:0x00000029 PA:0x00020000 store:0x00000029 load:0x00000000
          36356	     18174	00100108	00054803	lbu	x16,0(x10)	 x10:0x00101c50 x16=0x0000002c PA:0x00101c50 store:0x00000000
          36360	     18176	0010010c	fa0810e3	bne	x16,x0,1000ac	 x16:0x0000002c  x0:0x00000000
          36366	     18179	001000ac	0107a023	sw	x16,0(x15)	 x15:0x00020000 x16:0x0000002c PA:0x00020000 store:0x0000002c load:0x00000000
          36370	     18181	001000b0	00154703	lbu	x14,1(x10)	 x10:0x00101c50 x14=0x00000020 PA:0x00101c51 store:0x001017b4
          36372	     18182	001000b4	04070e63	beq	x14,x0,100110	 x14:0x00000020  x0:0x00000000
          36376	     18184	001000b8	00e7a023	sw	x14,0(x15)	 x15:0x00020000 x14:0x00000020 PA:0x00020000 store:0x00000020 load:0x00000000
          36380	     18186	001000bc	00254283	lbu	x5,2(x10)	 x10:0x00101c50  x5=0x00000065 PA:0x00101c52 store:0x00137fa0
          36382	     18187	001000c0	04028863	beq	x5,x0,100110	  x5:0x00000065  x0:0x00000000
          36386	     18189	001000c4	0057a023	sw	x5,0(x15)	 x15:0x00020000  x5:0x00000065 PA:0x00020000 store:0x00000065 load:0x00000000
          36390	     18191	001000c8	00354303	lbu	x6,3(x10)	 x10:0x00101c50  x6=0x00000078 PA:0x00101c53 store:0x00000000
          36392	     18192	001000cc	04030263	beq	x6,x0,100110	  x6:0x00000078  x0:0x00000000
          36396	     18194	001000d0	0067a023	sw	x6,0(x15)	 x15:0x00020000  x6:0x00000078 PA:0x00020000 store:0x00000078 load:0x00000000
          36400	     18196	001000d4	00454383	lbu	x7,4(x10)	 x10:0x00101c50  x7=0x00000070 PA:0x00101c54 store:0x00000000
          36402	     18197	001000d8	02038c63	beq	x7,x0,100110	  x7:0x00000070  x0:0x00000000
          36406	     18199	001000dc	0077a023	sw	x7,0(x15)	 x15:0x00020000  x7:0x00000070 PA:0x00020000 store:0x00000070 load:0x00000000
          36410	     18201	001000e0	00554583	lbu	x11,5(x10)	 x10:0x00101c50 x11=0x00000065 PA:0x00101c55 store:0x00000065
          36412	     18202	001000e4	02058663	beq	x11,x0,100110	 x11:0x00000065  x0:0x00000000
          36416	     18204	001000e8	00b7a023	sw	x11,0(x15)	 x15:0x00020000 x11:0x00000065 PA:0x00020000 store:0x00000065 load:0x00000000
          36420	     18206	001000ec	00654603	lbu	x12,6(x10)	 x10:0x00101c50 x12=0x00000063 PA:0x00101c56 store:0x00000078
          36422	     18207	001000f0	02060063	beq	x12,x0,100110	 x12:0x00000063  x0:0x00000000
          36426	     18209	001000f4	00c7a023	sw	x12,0(x15)	 x15:0x00020000 x12:0x00000063 PA:0x00020000 store:0x00000063 load:0x00000000
          36430	     18211	001000f8	00754683	lbu	x13,7(x10)	 x10:0x00101c50 x13=0x00000074 PA:0x00101c57 store:0x00000070
          36432	     18212	001000fc	00850513	addi	x10,x10,8	 x10:0x00101c50 x10=0x00101c58
          36434	     18213	00100100	00068863	beq	x13,x0,100110	 x13:0x00000074  x0:0x00000000
          36438	     18215	00100104	00d7a023	sw	x13,0(x15)	 x15:0x00020000 x13:0x00000074 PA:0x00020000 store:0x00000074 load:0x00000000
          36442	     18217	00100108	00054803	lbu	x16,0(x10)	 x10:0x00101c58 x16=0x00000069 PA:0x00101c58 store:0x00000000
          36446	     18219	0010010c	fa0810e3	bne	x16,x0,1000ac	 x16:0x00000069  x0:0x00000000
          36452	     18222	001000ac	0107a023	sw	x16,0(x15)	 x15:0x00020000 x16:0x00000069 PA:0x00020000 store:0x00000069 load:0x00000000
          36456	     18224	001000b0	00154703	lbu	x14,1(x10)	 x10:0x00101c58 x14=0x0000006e PA:0x00101c59 store:0x001017b4
          36458	     18225	001000b4	04070e63	beq	x14,x0,100110	 x14:0x0000006e  x0:0x00000000
          36462	     18227	001000b8	00e7a023	sw	x14,0(x15)	 x15:0x00020000 x14:0x0000006e PA:0x00020000 store:0x0000006e load:0x00000000
          36466	     18229	001000bc	00254283	lbu	x5,2(x10)	 x10:0x00101c58  x5=0x00000067 PA:0x00101c5a store:0x00137fa0
          36468	     18230	001000c0	04028863	beq	x5,x0,100110	  x5:0x00000067  x0:0x00000000
          36472	     18232	001000c4	0057a023	sw	x5,0(x15)	 x15:0x00020000  x5:0x00000067 PA:0x00020000 store:0x00000067 load:0x00000000
          36476	     18234	001000c8	00354303	lbu	x6,3(x10)	 x10:0x00101c58  x6=0x0000003a PA:0x00101c5b store:0x00000000
          36478	     18235	001000cc	04030263	beq	x6,x0,100110	  x6:0x0000003a  x0:0x00000000
          36482	     18237	001000d0	0067a023	sw	x6,0(x15)	 x15:0x00020000  x6:0x0000003a PA:0x00020000 store:0x0000003a load:0x00000000
          36486	     18239	001000d4	00454383	lbu	x7,4(x10)	 x10:0x00101c58  x7=0x00000020 PA:0x00101c5c store:0x00000000
          36488	     18240	001000d8	02038c63	beq	x7,x0,100110	  x7:0x00000020  x0:0x00000000
          36492	     18242	001000dc	0077a023	sw	x7,0(x15)	 x15:0x00020000  x7:0x00000020 PA:0x00020000 store:0x00000020 load:0x00000000
          36496	     18244	001000e0	00554583	lbu	x11,5(x10)	 x10:0x00101c58 x11=0x00000030 PA:0x00101c5d store:0x00000067
          36498	     18245	001000e4	02058663	beq	x11,x0,100110	 x11:0x00000030  x0:0x00000000
          36502	     18247	001000e8	00b7a023	sw	x11,0(x15)	 x15:0x00020000 x11:0x00000030 PA:0x00020000 store:0x00000030 load:0x00000000
          36506	     18249	001000ec	00654603	lbu	x12,6(x10)	 x10:0x00101c58 x12=0x00000078 PA:0x00101c5e store:0x0000003a
          36508	     18250	001000f0	02060063	beq	x12,x0,100110	 x12:0x00000078  x0:0x00000000
          36512	     18252	001000f4	00c7a023	sw	x12,0(x15)	 x15:0x00020000 x12:0x00000078 PA:0x00020000 store:0x00000078 load:0x00000000
          36516	     18254	001000f8	00754683	lbu	x13,7(x10)	 x10:0x00101c58 x13=0x00000030 PA:0x00101c5f store:0x00000020
          36518	     18255	001000fc	00850513	addi	x10,x10,8	 x10:0x00101c58 x10=0x00101c60
          36520	     18256	00100100	00068863	beq	x13,x0,100110	 x13:0x00000030  x0:0x00000000
          36524	     18258	00100104	00d7a023	sw	x13,0(x15)	 x15:0x00020000 x13:0x00000030 PA:0x00020000 store:0x00000030 load:0x00000000
          36528	     18260	00100108	00054803	lbu	x16,0(x10)	 x10:0x00101c60 x16=0x0000003a PA:0x00101c60 store:0x00000000
          36532	     18262	0010010c	fa0810e3	bne	x16,x0,1000ac	 x16:0x0000003a  x0:0x00000000
          36538	     18265	001000ac	0107a023	sw	x16,0(x15)	 x15:0x00020000 x16:0x0000003a PA:0x00020000 store:0x0000003a load:0x00000000
          36542	     18267	001000b0	00154703	lbu	x14,1(x10)	 x10:0x00101c60 x14=0x00000020 PA:0x00101c61 store:0x001017b4
          36544	     18268	001000b4	04070e63	beq	x14,x0,100110	 x14:0x00000020  x0:0x00000000
          36548	     18270	001000b8	00e7a023	sw	x14,0(x15)	 x15:0x00020000 x14:0x00000020 PA:0x00020000 store:0x00000020 load:0x00000000
          36552	     18272	001000bc	00254283	lbu	x5,2(x10)	 x10:0x00101c60  x5=0x00000000 PA:0x00101c62 store:0x00137fa0
          36556	     18274	001000c0	04028863	beq	x5,x0,100110	  x5:0x00000000  x0:0x00000000
          36560	     18276	00100110	00000513	addi	x10,x0,0	  x0:0x00000000 x10=0x00000000
          36564	     18278	00100114	00008067	jalr	x0,0(x1)	  x1:0x001017b4  x0=0x00000000
          36568	     18280	001017b4	cf8a2503	lw	x10,-776(x20)	 x20:0x00102000 x10=0x00000000 PA:0x00101cf8 store:0x00102000
          36572	     18282	001017b8	969fe0ef	jal	x1,100120	  x1=0x001017bc
          36574	     18283	00100120	01c55793	srli	x15,x10,0x1c	 x10:0x00000000 x15=0x00000000
          36576	     18284	00100124	00900713	addi	x14,x0,9	  x0:0x00000000 x14=0x00000009
          36580	     18286	00100128	0cf77a63	bgeu	x14,x15,1001fc	 x14:0x00000009 x15:0x00000000
          36584	     18288	001001fc	03078393	addi	x7,x15,48	 x15:0x00000000  x7=0x00000030
          36586	     18289	00100200	000205b7	lui	x11,0x20	 x11=0x00020000
          36588	     18290	00100204	00451613	slli	x12,x10,0x4	 x10:0x00000000 x12=0x00000000
          36592	     18292	00100208	0075a023	sw	x7,0(x11)	 x11:0x00020000  x7:0x00000030 PA:0x00020000 store:0x00000030 load:0x00000000
          36594	     18293	0010020c	01c65693	srli	x13,x12,0x1c	 x12:0x00000000 x13=0x00000000
          36596	     18294	00100210	00900813	addi	x16,x0,9	  x0:0x00000000 x16=0x00000009
          36598	     18295	00100214	f2d86ae3	bltu	x16,x13,100148	 x16:0x00000009 x13:0x00000000
          36600	     18296	00100218	03068e93	addi	x29,x13,48	 x13:0x00000000 x29=0x00000030
          36602	     18297	0010021c	00020f37	lui	x30,0x20	 x30=0x00020000
          36604	     18298	00100220	00851f93	slli	x31,x10,0x8	 x10:0x00000000 x31=0x00000000
          36608	     18300	00100224	01df2023	sw	x29,0(x30)	 x30:0x00020000 x29:0x00000030 PA:0x00020000 store:0x00000030 load:0x00000000
          36610	     18301	00100228	01cfd793	srli	x15,x31,0x1c	 x31:0x00000000 x15=0x00000000
          36612	     18302	0010022c	00900713	addi	x14,x0,9	  x0:0x00000000 x14=0x00000009
          36614	     18303	00100230	f2f76ae3	bltu	x14,x15,100164	 x14:0x00000009 x15:0x00000000
          36616	     18304	00100234	03078393	addi	x7,x15,48	 x15:0x00000000  x7=0x00000030
          36618	     18305	00100238	000205b7	lui	x11,0x20	 x11=0x00020000
          36620	     18306	0010023c	00c51613	slli	x12,x10,0xc	 x10:0x00000000 x12=0x00000000
          36624	     18308	00100240	0075a023	sw	x7,0(x11)	 x11:0x00020000  x7:0x00000030 PA:0x00020000 store:0x00000030 load:0x00000000
          36626	     18309	00100244	01c65693	srli	x13,x12,0x1c	 x12:0x00000000 x13=0x00000000
          36628	     18310	00100248	00900813	addi	x16,x0,9	  x0:0x00000000 x16=0x00000009
          36630	     18311	0010024c	f2d86ae3	bltu	x16,x13,100180	 x16:0x00000009 x13:0x00000000
          36632	     18312	00100250	03068e93	addi	x29,x13,48	 x13:0x00000000 x29=0x00000030
          36634	     18313	00100254	00020f37	lui	x30,0x20	 x30=0x00020000
          36636	     18314	00100258	01051f93	slli	x31,x10,0x10	 x10:0x00000000 x31=0x00000000
          36640	     18316	0010025c	01df2023	sw	x29,0(x30)	 x30:0x00020000 x29:0x00000030 PA:0x00020000 store:0x00000030 load:0x00000000
          36642	     18317	00100260	01cfd793	srli	x15,x31,0x1c	 x31:0x00000000 x15=0x00000000
          36644	     18318	00100264	00900713	addi	x14,x0,9	  x0:0x00000000 x14=0x00000009
          36646	     18319	00100268	f2f76ae3	bltu	x14,x15,10019c	 x14:0x00000009 x15:0x00000000
          36648	     18320	0010026c	03078393	addi	x7,x15,48	 x15:0x00000000  x7=0x00000030
          36650	     18321	00100270	000205b7	lui	x11,0x20	 x11=0x00020000
          36652	     18322	00100274	01451613	slli	x12,x10,0x14	 x10:0x00000000 x12=0x00000000
          36656	     18324	00100278	0075a023	sw	x7,0(x11)	 x11:0x00020000  x7:0x00000030 PA:0x00020000 store:0x00000030 load:0x00000000
          36658	     18325	0010027c	01c65693	srli	x13,x12,0x1c	 x12:0x00000000 x13=0x00000000
          36660	     18326	00100280	00900813	addi	x16,x0,9	  x0:0x00000000 x16=0x00000009
          36662	     18327	00100284	f2d86ae3	bltu	x16,x13,1001b8	 x16:0x00000009 x13:0x00000000
          36664	     18328	00100288	03068e93	addi	x29,x13,48	 x13:0x00000000 x29=0x00000030
          36666	     18329	0010028c	00020f37	lui	x30,0x20	 x30=0x00020000
          36668	     18330	00100290	01851f93	slli	x31,x10,0x18	 x10:0x00000000 x31=0x00000000
          36672	     18332	00100294	01df2023	sw	x29,0(x30)	 x30:0x00020000 x29:0x00000030 PA:0x00020000 store:0x00000030 load:0x00000000
          36674	     18333	00100298	01cfd793	srli	x15,x31,0x1c	 x31:0x00000000 x15=0x00000000
          36676	     18334	0010029c	00900713	addi	x14,x0,9	  x0:0x00000000 x14=0x00000009
          36678	     18335	001002a0	f2f76ae3	bltu	x14,x15,1001d4	 x14:0x00000009 x15:0x00000000
          36680	     18336	001002a4	03078393	addi	x7,x15,48	 x15:0x00000000  x7=0x00000030
          36682	     18337	001002a8	000205b7	lui	x11,0x20	 x11=0x00020000
          36686	     18339	001002ac	0075a023	sw	x7,0(x11)	 x11:0x00020000  x7:0x00000030 PA:0x00020000 store:0x00000030 load:0x00000000
          36688	     18340	001002b0	00f57513	andi	x10,x10,15	 x10:0x00000000 x10=0x00000000
          36690	     18341	001002b4	00900613	addi	x12,x0,9	  x0:0x00000000 x12=0x00000009
          36694	     18343	001002b8	f2a67ae3	bgeu	x12,x10,1001ec	 x12:0x00000009 x10:0x00000000
          36698	     18345	001001ec	03050893	addi	x17,x10,48	 x10:0x00000000 x17=0x00000030
          36700	     18346	001001f0	00020e37	lui	x28,0x20	 x28=0x00020000
          36704	     18348	001001f4	011e2023	sw	x17,0(x28)	 x28:0x00020000 x17:0x00000030 PA:0x00020000 store:0x00000030 load:0x00000000
          36718	     18355	001001f8	00008067	jalr	x0,0(x1)	  x1:0x001017bc  x0=0x00000000
          36720	     18356	001017bc	d28ba227	fsw	f8,-732(x23)	 f23:0x00102000  f8:0x00102000 PA:0x00101d24 store:0x00000047 load:0x00000000
          36722	     18357	001017c0	d35ca027	fsw	f21,-736(x25)	 f25:0x00102000 f21:0x00102000 PA:0x00101d20 store:0x00000007 load:0x00000007
          36724	     18358	001017c4	d24ba407	flw	f8,-732(x23)	 f23:0x00102000  f8=0x00000000 PA:0x00101d24 store:0x80000000
          36726	     18359	001017c8	d20cae87	flw	f29,-736(x25)	 f25:0x00102000 f29=0x00000000 PA:0x00000000
          36732	     18362	001017cc	29d41f53	fmax.s	f30,f8,f29	  f8:0x00102000 f29:0x00000030 f30=0x00000000
          36738	     18365	001017d0	d1eaa027	fsw	f30,-768(x21)	 f21:0x00102000 f30:0x00020000 PA:0x00101d00 store:0x00000047 load:0x00000007
          36744	     18368	001017d4	d00aaf87	flw	f31,-768(x21)	 f21:0x00102000 f31=0x00000000 PA:0x00000000
          36752	     18372	001017d8	c6498513	addi	x10,x19,-924	 x19:0x00102000 x10=0x00101c64
          36754	     18373	001017dc	e00f86d3	fmv.x.w	x13,f31	 f31:0x00000000 x13=0x00000047
          36756	     18374	001017e0	ceda2c23	sw	x13,-776(x20)	 x20:0x00102000 x13:0x00000047 PA:0x00101cf8 store:0x00000047 load:0x00000047
          36758	     18375	001017e4	8bdfe0ef	jal	x1,1000a0	  x1=0x001017e8
          36762	     18377	001000a0	00054803	lbu	x16,0(x10)	 x10:0x00101c64 x16=0x0000000a PA:0x00101c64 store:0x00000000
          36764	     18378	001000a4	06080663	beq	x16,x0,100110	 x16:0x0000000a  x0:0x00000000
          36766	     18379	001000a8	000207b7	lui	x15,0x20	 x15=0x00020000
          36770	     18381	001000ac	0107a023	sw	x16,0(x15)	 x15:0x00020000 x16:0x0000000a PA:0x00020000 store:0x0000000a load:0x00000000
          36774	     18383	001000b0	00154703	lbu	x14,1(x10)	 x10:0x00101c64 x14=0x00000020 PA:0x00101c65 store:0x001017e8
          36776	     18384	001000b4	04070e63	beq	x14,x0,100110	 x14:0x00000020  x0:0x00000000
          36780	     18386	001000b8	00e7a023	sw	x14,0(x15)	 x15:0x00020000 x14:0x00000020 PA:0x00020000 store:0x00000020 load:0x00000000
          36784	     18388	001000bc	00254283	lbu	x5,2(x10)	 x10:0x00101c64  x5=0x0000004d PA:0x00101c66 store:0x00137fa0
          36786	     18389	001000c0	04028863	beq	x5,x0,100110	  x5:0x0000004d  x0:0x00000000
          36790	     18391	001000c4	0057a023	sw	x5,0(x15)	 x15:0x00020000  x5:0x0000004d PA:0x00020000 store:0x0000004d load:0x00000000
          36794	     18393	001000c8	00354303	lbu	x6,3(x10)	 x10:0x00101c64  x6=0x00000041 PA:0x00101c67 store:0x00000000
          36796	     18394	001000cc	04030263	beq	x6,x0,100110	  x6:0x00000041  x0:0x00000000
          36800	     18396	001000d0	0067a023	sw	x6,0(x15)	 x15:0x00020000  x6:0x00000041 PA:0x00020000 store:0x00000041 load:0x00000000
          36804	     18398	001000d4	00454383	lbu	x7,4(x10)	 x10:0x00101c64  x7=0x00000058 PA:0x00101c68 store:0x00000000
          36806	     18399	001000d8	02038c63	beq	x7,x0,100110	  x7:0x00000058  x0:0x00000000
          36810	     18401	001000dc	0077a023	sw	x7,0(x15)	 x15:0x00020000  x7:0x00000058 PA:0x00020000 store:0x00000058 load:0x00000000
          36814	     18403	001000e0	00554583	lbu	x11,5(x10)	 x10:0x00101c64 x11=0x00000028 PA:0x00101c69 store:0x0000004d
          36816	     18404	001000e4	02058663	beq	x11,x0,100110	 x11:0x00000028  x0:0x00000000
          36820	     18406	001000e8	00b7a023	sw	x11,0(x15)	 x15:0x00020000 x11:0x00000028 PA:0x00020000 store:0x00000028 load:0x00000000
          36824	     18408	001000ec	00654603	lbu	x12,6(x10)	 x10:0x00101c64 x12=0x00000031 PA:0x00101c6a store:0x00000041
          36826	     18409	001000f0	02060063	beq	x12,x0,100110	 x12:0x00000031  x0:0x00000000
          36830	     18411	001000f4	00c7a023	sw	x12,0(x15)	 x15:0x00020000 x12:0x00000031 PA:0x00020000 store:0x00000031 load:0x00000000
          36834	     18413	001000f8	00754683	lbu	x13,7(x10)	 x10:0x00101c64 x13=0x0000002e PA:0x00101c6b store:0x00000058
          36836	     18414	001000fc	00850513	addi	x10,x10,8	 x10:0x00101c64 x10=0x00101c6c
          36838	     18415	00100100	00068863	beq	x13,x0,100110	 x13:0x0000002e  x0:0x00000000
          36842	     18417	00100104	00d7a023	sw	x13,0(x15)	 x15:0x00020000 x13:0x0000002e PA:0x00020000 store:0x0000002e load:0x00000000
          36846	     18419	00100108	00054803	lbu	x16,0(x10)	 x10:0x00101c6c x16=0x00000030 PA:0x00101c6c store:0x00000000
          36850	     18421	0010010c	fa0810e3	bne	x16,x0,1000ac	 x16:0x00000030  x0:0x00000000
          36856	     18424	001000ac	0107a023	sw	x16,0(x15)	 x15:0x00020000 x16:0x00000030 PA:0x00020000 store:0x00000030 load:0x00000000
          36860	     18426	001000b0	00154703	lbu	x14,1(x10)	 x10:0x00101c6c x14=0x00000065 PA:0x00101c6d store:0x001017e8
          36862	     18427	001000b4	04070e63	beq	x14,x0,100110	 x14:0x00000065  x0:0x00000000
          36866	     18429	001000b8	00e7a023	sw	x14,0(x15)	 x15:0x00020000 x14:0x00000065 PA:0x00020000 store:0x00000065 load:0x00000000
          36870	     18431	001000bc	00254283	lbu	x5,2(x10)	 x10:0x00101c6c  x5=0x0000002d PA:0x00101c6e store:0x00137fa0
          36872	     18432	001000c0	04028863	beq	x5,x0,100110	  x5:0x0000002d  x0:0x00000000
          36876	     18434	001000c4	0057a023	sw	x5,0(x15)	 x15:0x00020000  x5:0x0000002d PA:0x00020000 store:0x0000002d load:0x00000000
          36880	     18436	001000c8	00354303	lbu	x6,3(x10)	 x10:0x00101c6c  x6=0x00000034 PA:0x00101c6f store:0x00000000
          36882	     18437	001000cc	04030263	beq	x6,x0,100110	  x6:0x00000034  x0:0x00000000
          36886	     18439	001000d0	0067a023	sw	x6,0(x15)	 x15:0x00020000  x6:0x00000034 PA:0x00020000 store:0x00000034 load:0x00000000
          36890	     18441	001000d4	00454383	lbu	x7,4(x10)	 x10:0x00101c6c  x7=0x00000033 PA:0x00101c70 store:0x00000000
          36892	     18442	001000d8	02038c63	beq	x7,x0,100110	  x7:0x00000033  x0:0x00000000
          36896	     18444	001000dc	0077a023	sw	x7,0(x15)	 x15:0x00020000  x7:0x00000033 PA:0x00020000 store:0x00000033 load:0x00000000
          36900	     18446	001000e0	00554583	lbu	x11,5(x10)	 x10:0x00101c6c x11=0x0000002c PA:0x00101c71 store:0x0000002d
          36902	     18447	001000e4	02058663	beq	x11,x0,100110	 x11:0x0000002c  x0:0x00000000
          36906	     18449	001000e8	00b7a023	sw	x11,0(x15)	 x15:0x00020000 x11:0x0000002c PA:0x00020000 store:0x0000002c load:0x00000000
          36910	     18451	001000ec	00654603	lbu	x12,6(x10)	 x10:0x00101c6c x12=0x00000020 PA:0x00101c72 store:0x00000034
          36912	     18452	001000f0	02060063	beq	x12,x0,100110	 x12:0x00000020  x0:0x00000000
          36916	     18454	001000f4	00c7a023	sw	x12,0(x15)	 x15:0x00020000 x12:0x00000020 PA:0x00020000 store:0x00000020 load:0x00000000
          36920	     18456	001000f8	00754683	lbu	x13,7(x10)	 x10:0x00101c6c x13=0x00000031 PA:0x00101c73 store:0x00000033
          36922	     18457	001000fc	00850513	addi	x10,x10,8	 x10:0x00101c6c x10=0x00101c74
          36924	     18458	00100100	00068863	beq	x13,x0,100110	 x13:0x00000031  x0:0x00000000
          36928	     18460	00100104	00d7a023	sw	x13,0(x15)	 x15:0x00020000 x13:0x00000031 PA:0x00020000 store:0x00000031 load:0x00000000
          36932	     18462	00100108	00054803	lbu	x16,0(x10)	 x10:0x00101c74 x16=0x0000002e PA:0x00101c74 store:0x00000000
          36936	     18464	0010010c	fa0810e3	bne	x16,x0,1000ac	 x16:0x0000002e  x0:0x00000000
          36942	     18467	001000ac	0107a023	sw	x16,0(x15)	 x15:0x00020000 x16:0x0000002e PA:0x00020000 store:0x0000002e load:0x00000000
          36946	     18469	001000b0	00154703	lbu	x14,1(x10)	 x10:0x00101c74 x14=0x00000030 PA:0x00101c75 store:0x001017e8
          36948	     18470	001000b4	04070e63	beq	x14,x0,100110	 x14:0x00000030  x0:0x00000000
          36952	     18472	001000b8	00e7a023	sw	x14,0(x15)	 x15:0x00020000 x14:0x00000030 PA:0x00020000 store:0x00000030 load:0x00000000
          36956	     18474	001000bc	00254283	lbu	x5,2(x10)	 x10:0x00101c74  x5=0x00000065 PA:0x00101c76 store:0x00137fa0
          36958	     18475	001000c0	04028863	beq	x5,x0,100110	  x5:0x00000065  x0:0x00000000
          36962	     18477	001000c4	0057a023	sw	x5,0(x15)	 x15:0x00020000  x5:0x00000065 PA:0x00020000 store:0x00000065 load:0x00000000
          36966	     18479	001000c8	00354303	lbu	x6,3(x10)	 x10:0x00101c74  x6=0x0000002d PA:0x00101c77 store:0x00000000
          36968	     18480	001000cc	04030263	beq	x6,x0,100110	  x6:0x0000002d  x0:0x00000000
          36972	     18482	001000d0	0067a023	sw	x6,0(x15)	 x15:0x00020000  x6:0x0000002d PA:0x00020000 store:0x0000002d load:0x00000000
          36976	     18484	001000d4	00454383	lbu	x7,4(x10)	 x10:0x00101c74  x7=0x00000034 PA:0x00101c78 store:0x00000000
          36978	     18485	001000d8	02038c63	beq	x7,x0,100110	  x7:0x00000034  x0:0x00000000
          36982	     18487	001000dc	0077a023	sw	x7,0(x15)	 x15:0x00020000  x7:0x00000034 PA:0x00020000 store:0x00000034 load:0x00000000
          36986	     18489	001000e0	00554583	lbu	x11,5(x10)	 x10:0x00101c74 x11=0x00000034 PA:0x00101c79 store:0x00000065
          36988	     18490	001000e4	02058663	beq	x11,x0,100110	 x11:0x00000034  x0:0x00000000
          36992	     18492	001000e8	00b7a023	sw	x11,0(x15)	 x15:0x00020000 x11:0x00000034 PA:0x00020000 store:0x00000034 load:0x00000000
          36996	     18494	001000ec	00654603	lbu	x12,6(x10)	 x10:0x00101c74 x12=0x00000029 PA:0x00101c7a store:0x0000002d
          36998	     18495	001000f0	02060063	beq	x12,x0,100110	 x12:0x00000029  x0:0x00000000
          37002	     18497	001000f4	00c7a023	sw	x12,0(x15)	 x15:0x00020000 x12:0x00000029 PA:0x00020000 store:0x00000029 load:0x00000000
          37006	     18499	001000f8	00754683	lbu	x13,7(x10)	 x10:0x00101c74 x13=0x0000002c PA:0x00101c7b store:0x00000034
          37008	     18500	001000fc	00850513	addi	x10,x10,8	 x10:0x00101c74 x10=0x00101c7c
          37010	     18501	00100100	00068863	beq	x13,x0,100110	 x13:0x0000002c  x0:0x00000000
          37014	     18503	00100104	00d7a023	sw	x13,0(x15)	 x15:0x00020000 x13:0x0000002c PA:0x00020000 store:0x0000002c load:0x00000000
          37018	     18505	00100108	00054803	lbu	x16,0(x10)	 x10:0x00101c7c x16=0x00000020 PA:0x00101c7c store:0x00000000
          37022	     18507	0010010c	fa0810e3	bne	x16,x0,1000ac	 x16:0x00000020  x0:0x00000000
          37028	     18510	001000ac	0107a023	sw	x16,0(x15)	 x15:0x00020000 x16:0x00000020 PA:0x00020000 store:0x00000020 load:0x00000000
          37032	     18512	001000b0	00154703	lbu	x14,1(x10)	 x10:0x00101c7c x14=0x00000065 PA:0x00101c7d store:0x001017e8
          37034	     18513	001000b4	04070e63	beq	x14,x0,100110	 x14:0x00000065  x0:0x00000000
          37038	     18515	001000b8	00e7a023	sw	x14,0(x15)	 x15:0x00020000 x14:0x00000065 PA:0x00020000 store:0x00000065 load:0x00000000
          37042	     18517	001000bc	00254283	lbu	x5,2(x10)	 x10:0x00101c7c  x5=0x00000078 PA:0x00101c7e store:0x00137fa0
          37044	     18518	001000c0	04028863	beq	x5,x0,100110	  x5:0x00000078  x0:0x00000000
          37048	     18520	001000c4	0057a023	sw	x5,0(x15)	 x15:0x00020000  x5:0x00000078 PA:0x00020000 store:0x00000078 load:0x00000000
          37052	     18522	001000c8	00354303	lbu	x6,3(x10)	 x10:0x00101c7c  x6=0x00000070 PA:0x00101c7f store:0x00000000
          37054	     18523	001000cc	04030263	beq	x6,x0,100110	  x6:0x00000070  x0:0x00000000
          37058	     18525	001000d0	0067a023	sw	x6,0(x15)	 x15:0x00020000  x6:0x00000070 PA:0x00020000 store:0x00000070 load:0x00000000
          37062	     18527	001000d4	00454383	lbu	x7,4(x10)	 x10:0x00101c7c  x7=0x00000065 PA:0x00101c80 store:0x00000000
          37064	     18528	001000d8	02038c63	beq	x7,x0,100110	  x7:0x00000065  x0:0x00000000
          37068	     18530	001000dc	0077a023	sw	x7,0(x15)	 x15:0x00020000  x7:0x00000065 PA:0x00020000 store:0x00000065 load:0x00000000
          37072	     18532	001000e0	00554583	lbu	x11,5(x10)	 x10:0x00101c7c x11=0x00000063 PA:0x00101c81 store:0x00000078
          37074	     18533	001000e4	02058663	beq	x11,x0,100110	 x11:0x00000063  x0:0x00000000
          37078	     18535	001000e8	00b7a023	sw	x11,0(x15)	 x15:0x00020000 x11:0x00000063 PA:0x00020000 store:0x00000063 load:0x00000000
          37082	     18537	001000ec	00654603	lbu	x12,6(x10)	 x10:0x00101c7c x12=0x00000074 PA:0x00101c82 store:0x00000070
          37084	     18538	001000f0	02060063	beq	x12,x0,100110	 x12:0x00000074  x0:0x00000000
          37088	     18540	001000f4	00c7a023	sw	x12,0(x15)	 x15:0x00020000 x12:0x00000074 PA:0x00020000 store:0x00000074 load:0x00000000
          37092	     18542	001000f8	00754683	lbu	x13,7(x10)	 x10:0x00101c7c x13=0x00000069 PA:0x00101c83 store:0x00000065
          37094	     18543	001000fc	00850513	addi	x10,x10,8	 x10:0x00101c7c x10=0x00101c84
          37096	     18544	00100100	00068863	beq	x13,x0,100110	 x13:0x00000069  x0:0x00000000
          37100	     18546	00100104	00d7a023	sw	x13,0(x15)	 x15:0x00020000 x13:0x00000069 PA:0x00020000 store:0x00000069 load:0x00000000
          37104	     18548	00100108	00054803	lbu	x16,0(x10)	 x10:0x00101c84 x16=0x0000006e PA:0x00101c84 store:0x00000000
          37108	     18550	0010010c	fa0810e3	bne	x16,x0,1000ac	 x16:0x0000006e  x0:0x00000000
          37114	     18553	001000ac	0107a023	sw	x16,0(x15)	 x15:0x00020000 x16:0x0000006e PA:0x00020000 store:0x0000006e load:0x00000000
          37118	     18555	001000b0	00154703	lbu	x14,1(x10)	 x10:0x00101c84 x14=0x00000067 PA:0x00101c85 store:0x001017e8
          37120	     18556	001000b4	04070e63	beq	x14,x0,100110	 x14:0x00000067  x0:0x00000000
          37124	     18558	001000b8	00e7a023	sw	x14,0(x15)	 x15:0x00020000 x14:0x00000067 PA:0x00020000 store:0x00000067 load:0x00000000
          37128	     18560	001000bc	00254283	lbu	x5,2(x10)	 x10:0x00101c84  x5=0x0000003a PA:0x00101c86 store:0x00137fa0
          37130	     18561	001000c0	04028863	beq	x5,x0,100110	  x5:0x0000003a  x0:0x00000000
          37134	     18563	001000c4	0057a023	sw	x5,0(x15)	 x15:0x00020000  x5:0x0000003a PA:0x00020000 store:0x0000003a load:0x00000000
          37138	     18565	001000c8	00354303	lbu	x6,3(x10)	 x10:0x00101c84  x6=0x00000020 PA:0x00101c87 store:0x00000000
          37140	     18566	001000cc	04030263	beq	x6,x0,100110	  x6:0x00000020  x0:0x00000000
          37144	     18568	001000d0	0067a023	sw	x6,0(x15)	 x15:0x00020000  x6:0x00000020 PA:0x00020000 store:0x00000020 load:0x00000000
          37148	     18570	001000d4	00454383	lbu	x7,4(x10)	 x10:0x00101c84  x7=0x00000030 PA:0x00101c88 store:0x00000000
          37150	     18571	001000d8	02038c63	beq	x7,x0,100110	  x7:0x00000030  x0:0x00000000
          37154	     18573	001000dc	0077a023	sw	x7,0(x15)	 x15:0x00020000  x7:0x00000030 PA:0x00020000 store:0x00000030 load:0x00000000
          37158	     18575	001000e0	00554583	lbu	x11,5(x10)	 x10:0x00101c84 x11=0x00000078 PA:0x00101c89 store:0x0000003a
          37160	     18576	001000e4	02058663	beq	x11,x0,100110	 x11:0x00000078  x0:0x00000000
          37164	     18578	001000e8	00b7a023	sw	x11,0(x15)	 x15:0x00020000 x11:0x00000078 PA:0x00020000 store:0x00000078 load:0x00000000
          37168	     18580	001000ec	00654603	lbu	x12,6(x10)	 x10:0x00101c84 x12=0x00000030 PA:0x00101c8a store:0x00000020
          37170	     18581	001000f0	02060063	beq	x12,x0,100110	 x12:0x00000030  x0:0x00000000
          37174	     18583	001000f4	00c7a023	sw	x12,0(x15)	 x15:0x00020000 x12:0x00000030 PA:0x00020000 store:0x00000030 load:0x00000000
          37178	     18585	001000f8	00754683	lbu	x13,7(x10)	 x10:0x00101c84 x13=0x00000030 PA:0x00101c8b store:0x00000030
          37180	     18586	001000fc	00850513	addi	x10,x10,8	 x10:0x00101c84 x10=0x00101c8c
          37182	     18587	00100100	00068863	beq	x13,x0,100110	 x13:0x00000030  x0:0x00000000
          37186	     18589	00100104	00d7a023	sw	x13,0(x15)	 x15:0x00020000 x13:0x00000030 PA:0x00020000 store:0x00000030 load:0x00000000
          37190	     18591	00100108	00054803	lbu	x16,0(x10)	 x10:0x00101c8c x16=0x00000030 PA:0x00101c8c store:0x00000000
          37194	     18593	0010010c	fa0810e3	bne	x16,x0,1000ac	 x16:0x00000030  x0:0x00000000
          37200	     18596	001000ac	0107a023	sw	x16,0(x15)	 x15:0x00020000 x16:0x00000030 PA:0x00020000 store:0x00000030 load:0x00000000
          37204	     18598	001000b0	00154703	lbu	x14,1(x10)	 x10:0x00101c8c x14=0x00000030 PA:0x00101c8d store:0x001017e8
          37206	     18599	001000b4	04070e63	beq	x14,x0,100110	 x14:0x00000030  x0:0x00000000
          37210	     18601	001000b8	00e7a023	sw	x14,0(x15)	 x15:0x00020000 x14:0x00000030 PA:0x00020000 store:0x00000030 load:0x00000000
          37214	     18603	001000bc	00254283	lbu	x5,2(x10)	 x10:0x00101c8c  x5=0x00000030 PA:0x00101c8e store:0x00137fa0
          37216	     18604	001000c0	04028863	beq	x5,x0,100110	  x5:0x00000030  x0:0x00000000
          37220	     18606	001000c4	0057a023	sw	x5,0(x15)	 x15:0x00020000  x5:0x00000030 PA:0x00020000 store:0x00000030 load:0x00000000
          37224	     18608	001000c8	00354303	lbu	x6,3(x10)	 x10:0x00101c8c  x6=0x00000030 PA:0x00101c8f store:0x00000000
          37226	     18609	001000cc	04030263	beq	x6,x0,100110	  x6:0x00000030  x0:0x00000000
          37230	     18611	001000d0	0067a023	sw	x6,0(x15)	 x15:0x00020000  x6:0x00000030 PA:0x00020000 store:0x00000030 load:0x00000000
          37234	     18613	001000d4	00454383	lbu	x7,4(x10)	 x10:0x00101c8c  x7=0x00000034 PA:0x00101c90 store:0x00000000
          37236	     18614	001000d8	02038c63	beq	x7,x0,100110	  x7:0x00000034  x0:0x00000000
          37240	     18616	001000dc	0077a023	sw	x7,0(x15)	 x15:0x00020000  x7:0x00000034 PA:0x00020000 store:0x00000034 load:0x00000000
          37244	     18618	001000e0	00554583	lbu	x11,5(x10)	 x10:0x00101c8c x11=0x00000037 PA:0x00101c91 store:0x00000030
          37246	     18619	001000e4	02058663	beq	x11,x0,100110	 x11:0x00000037  x0:0x00000000
          37250	     18621	001000e8	00b7a023	sw	x11,0(x15)	 x15:0x00020000 x11:0x00000037 PA:0x00020000 store:0x00000037 load:0x00000000
          37254	     18623	001000ec	00654603	lbu	x12,6(x10)	 x10:0x00101c8c x12=0x0000003a PA:0x00101c92 store:0x00000030
          37256	     18624	001000f0	02060063	beq	x12,x0,100110	 x12:0x0000003a  x0:0x00000000
          37260	     18626	001000f4	00c7a023	sw	x12,0(x15)	 x15:0x00020000 x12:0x0000003a PA:0x00020000 store:0x0000003a load:0x00000000
          37264	     18628	001000f8	00754683	lbu	x13,7(x10)	 x10:0x00101c8c x13=0x00000020 PA:0x00101c93 store:0x00000034
          37266	     18629	001000fc	00850513	addi	x10,x10,8	 x10:0x00101c8c x10=0x00101c94
          37268	     18630	00100100	00068863	beq	x13,x0,100110	 x13:0x00000020  x0:0x00000000
          37272	     18632	00100104	00d7a023	sw	x13,0(x15)	 x15:0x00020000 x13:0x00000020 PA:0x00020000 store:0x00000020 load:0x00000000
          37276	     18634	00100108	00054803	lbu	x16,0(x10)	 x10:0x00101c94 x16=0x00000000 PA:0x00101c94 store:0x00000000
          37278	     18635	0010010c	fa0810e3	bne	x16,x0,1000ac	 x16:0x00000000  x0:0x00000000
          37280	     18636	00100110	00000513	addi	x10,x0,0	  x0:0x00000000 x10=0x00000000
          37284	     18638	00100114	00008067	jalr	x0,0(x1)	  x1:0x001017e8  x0=0x00000000
          37288	     18640	001017e8	cf8a2503	lw	x10,-776(x20)	 x20:0x00102000 x10=0x00000047 PA:0x00101cf8 store:0x00102000
          37292	     18642	001017ec	935fe0ef	jal	x1,100120	  x1=0x001017f0
          37294	     18643	00100120	01c55793	srli	x15,x10,0x1c	 x10:0x00000047 x15=0x00000000
          37296	     18644	00100124	00900713	addi	x14,x0,9	  x0:0x00000000 x14=0x00000009
          37300	     18646	00100128	0cf77a63	bgeu	x14,x15,1001fc	 x14:0x00000009 x15:0x00000000
          37304	     18648	001001fc	03078393	addi	x7,x15,48	 x15:0x00000000  x7=0x00000030
          37306	     18649	00100200	000205b7	lui	x11,0x20	 x11=0x00020000
          37308	     18650	00100204	00451613	slli	x12,x10,0x4	 x10:0x00000047 x12=0x00000470
          37312	     18652	00100208	0075a023	sw	x7,0(x11)	 x11:0x00020000  x7:0x00000030 PA:0x00020000 store:0x00000030 load:0x00000000
          37314	     18653	0010020c	01c65693	srli	x13,x12,0x1c	 x12:0x00000470 x13=0x00000000
          37316	     18654	00100210	00900813	addi	x16,x0,9	  x0:0x00000000 x16=0x00000009
          37318	     18655	00100214	f2d86ae3	bltu	x16,x13,100148	 x16:0x00000009 x13:0x00000000
          37320	     18656	00100218	03068e93	addi	x29,x13,48	 x13:0x00000000 x29=0x00000030
          37322	     18657	0010021c	00020f37	lui	x30,0x20	 x30=0x00020000
          37324	     18658	00100220	00851f93	slli	x31,x10,0x8	 x10:0x00000047 x31=0x00004700
          37328	     18660	00100224	01df2023	sw	x29,0(x30)	 x30:0x00020000 x29:0x00000030 PA:0x00020000 store:0x00000030 load:0x00000000
          37330	     18661	00100228	01cfd793	srli	x15,x31,0x1c	 x31:0x00004700 x15=0x00000000
          37332	     18662	0010022c	00900713	addi	x14,x0,9	  x0:0x00000000 x14=0x00000009
          37334	     18663	00100230	f2f76ae3	bltu	x14,x15,100164	 x14:0x00000009 x15:0x00000000
          37336	     18664	00100234	03078393	addi	x7,x15,48	 x15:0x00000000  x7=0x00000030
          37338	     18665	00100238	000205b7	lui	x11,0x20	 x11=0x00020000
          37340	     18666	0010023c	00c51613	slli	x12,x10,0xc	 x10:0x00000047 x12=0x00047000
          37344	     18668	00100240	0075a023	sw	x7,0(x11)	 x11:0x00020000  x7:0x00000030 PA:0x00020000 store:0x00000030 load:0x00000000
          37346	     18669	00100244	01c65693	srli	x13,x12,0x1c	 x12:0x00047000 x13=0x00000000
          37348	     18670	00100248	00900813	addi	x16,x0,9	  x0:0x00000000 x16=0x00000009
          37350	     18671	0010024c	f2d86ae3	bltu	x16,x13,100180	 x16:0x00000009 x13:0x00000000
          37352	     18672	00100250	03068e93	addi	x29,x13,48	 x13:0x00000000 x29=0x00000030
          37354	     18673	00100254	00020f37	lui	x30,0x20	 x30=0x00020000
          37356	     18674	00100258	01051f93	slli	x31,x10,0x10	 x10:0x00000047 x31=0x00470000
          37360	     18676	0010025c	01df2023	sw	x29,0(x30)	 x30:0x00020000 x29:0x00000030 PA:0x00020000 store:0x00000030 load:0x00000000
          37362	     18677	00100260	01cfd793	srli	x15,x31,0x1c	 x31:0x00470000 x15=0x00000000
          37364	     18678	00100264	00900713	addi	x14,x0,9	  x0:0x00000000 x14=0x00000009
          37366	     18679	00100268	f2f76ae3	bltu	x14,x15,10019c	 x14:0x00000009 x15:0x00000000
          37368	     18680	0010026c	03078393	addi	x7,x15,48	 x15:0x00000000  x7=0x00000030
          37370	     18681	00100270	000205b7	lui	x11,0x20	 x11=0x00020000
          37372	     18682	00100274	01451613	slli	x12,x10,0x14	 x10:0x00000047 x12=0x04700000
          37376	     18684	00100278	0075a023	sw	x7,0(x11)	 x11:0x00020000  x7:0x00000030 PA:0x00020000 store:0x00000030 load:0x00000000
          37378	     18685	0010027c	01c65693	srli	x13,x12,0x1c	 x12:0x04700000 x13=0x00000000
          37380	     18686	00100280	00900813	addi	x16,x0,9	  x0:0x00000000 x16=0x00000009
          37382	     18687	00100284	f2d86ae3	bltu	x16,x13,1001b8	 x16:0x00000009 x13:0x00000000
          37384	     18688	00100288	03068e93	addi	x29,x13,48	 x13:0x00000000 x29=0x00000030
          37386	     18689	0010028c	00020f37	lui	x30,0x20	 x30=0x00020000
          37388	     18690	00100290	01851f93	slli	x31,x10,0x18	 x10:0x00000047 x31=0x47000000
          37392	     18692	00100294	01df2023	sw	x29,0(x30)	 x30:0x00020000 x29:0x00000030 PA:0x00020000 store:0x00000030 load:0x00000000
          37394	     18693	00100298	01cfd793	srli	x15,x31,0x1c	 x31:0x47000000 x15=0x00000004
          37396	     18694	0010029c	00900713	addi	x14,x0,9	  x0:0x00000000 x14=0x00000009
          37398	     18695	001002a0	f2f76ae3	bltu	x14,x15,1001d4	 x14:0x00000009 x15:0x00000004
          37400	     18696	001002a4	03078393	addi	x7,x15,48	 x15:0x00000004  x7=0x00000034
          37402	     18697	001002a8	000205b7	lui	x11,0x20	 x11=0x00020000
          37406	     18699	001002ac	0075a023	sw	x7,0(x11)	 x11:0x00020000  x7:0x00000034 PA:0x00020000 store:0x00000034 load:0x00000000
          37408	     18700	001002b0	00f57513	andi	x10,x10,15	 x10:0x00000047 x10=0x00000007
          37410	     18701	001002b4	00900613	addi	x12,x0,9	  x0:0x00000000 x12=0x00000009
          37414	     18703	001002b8	f2a67ae3	bgeu	x12,x10,1001ec	 x12:0x00000009 x10:0x00000007
          37418	     18705	001001ec	03050893	addi	x17,x10,48	 x10:0x00000007 x17=0x00000037
          37420	     18706	001001f0	00020e37	lui	x28,0x20	 x28=0x00020000
          37424	     18708	001001f4	011e2023	sw	x17,0(x28)	 x28:0x00020000 x17:0x00000037 PA:0x00020000 store:0x00000037 load:0x00000000
          37438	     18715	001001f8	00008067	jalr	x0,0(x1)	  x1:0x001017f0  x0=0x00000000
          37440	     18716	001017f0	d34ba227	fsw	f20,-732(x23)	 f23:0x00102000 f20:0x00102000 PA:0x00101d24 store:0x7f167699 load:0x00000000
          37442	     18717	001017f4	d33ca027	fsw	f19,-736(x25)	 f25:0x00102000 f19:0x00102000 PA:0x00101d20 store:0x7f1dfc87 load:0x7f1dfc87
          37444	     18718	001017f8	d24ba007	flw	f0,-732(x23)	 f23:0x00102000  f0=0x00000000 PA:0x00101d24 store:0x80000000
          37446	     18719	001017fc	d20ca087	flw	f1,-736(x25)	 f25:0x00102000  f1=0x00000000 PA:0x00000000
          37452	     18722	00101800	28101153	fmax.s	f2,f0,f1	  f0:0x00000000  f1:0x001017f0  f2=0x00000000
          37458	     18725	00101804	d02aa027	fsw	f2,-768(x21)	 f21:0x00102000  f2:0x00137fa0 PA:0x00101d00 store:0x7f1dfc87 load:0x7f1dfc87
          37464	     18728	00101808	d00aa787	flw	f15,-768(x21)	 f21:0x00102000 f15=0x00000000 PA:0x00000000
          37474	     18733	0010180c	00102bb7	lui	x23,0x102	 x23=0x00102000
          37476	     18734	00101810	c98b8513	addi	x10,x23,-872	 x23:0x00102000 x10=0x00101c98
          37478	     18735	00101814	e0078cd3	fmv.x.w	x25,f15	 f15:0x00000004 x25=0x7f1dfc87
          37480	     18736	00101818	cf9a2c23	sw	x25,-776(x20)	 x20:0x00102000 x25:0x7f1dfc87 PA:0x00101cf8 store:0x7f1dfc87 load:0x7f1dfc87
          37482	     18737	0010181c	885fe0ef	jal	x1,1000a0	  x1=0x00101820
          37484	     18738	001000a0	00054803	lbu	x16,0(x10)	 x10:0x00101c98 x16=0x0000000a PA:0x00101c98 store:0x00000000
          37486	     18739	001000a4	06080663	beq	x16,x0,100110	 x16:0x0000000a  x0:0x00000000
          37488	     18740	001000a8	000207b7	lui	x15,0x20	 x15=0x00020000
          37492	     18742	001000ac	0107a023	sw	x16,0(x15)	 x15:0x00020000 x16:0x0000000a PA:0x00020000 store:0x0000000a load:0x00000000
          37496	     18744	001000b0	00154703	lbu	x14,1(x10)	 x10:0x00101c98 x14=0x00000020 PA:0x00101c99 store:0x00101820
          37498	     18745	001000b4	04070e63	beq	x14,x0,100110	 x14:0x00000020  x0:0x00000000
          37502	     18747	001000b8	00e7a023	sw	x14,0(x15)	 x15:0x00020000 x14:0x00000020 PA:0x00020000 store:0x00000020 load:0x00000000
          37506	     18749	001000bc	00254283	lbu	x5,2(x10)	 x10:0x00101c98  x5=0x0000004d PA:0x00101c9a store:0x00137fa0
          37508	     18750	001000c0	04028863	beq	x5,x0,100110	  x5:0x0000004d  x0:0x00000000
          37512	     18752	001000c4	0057a023	sw	x5,0(x15)	 x15:0x00020000  x5:0x0000004d PA:0x00020000 store:0x0000004d load:0x00000000
          37516	     18754	001000c8	00354303	lbu	x6,3(x10)	 x10:0x00101c98  x6=0x00000041 PA:0x00101c9b store:0x00000000
          37518	     18755	001000cc	04030263	beq	x6,x0,100110	  x6:0x00000041  x0:0x00000000
          37522	     18757	001000d0	0067a023	sw	x6,0(x15)	 x15:0x00020000  x6:0x00000041 PA:0x00020000 store:0x00000041 load:0x00000000
          37526	     18759	001000d4	00454383	lbu	x7,4(x10)	 x10:0x00101c98  x7=0x00000058 PA:0x00101c9c store:0x00000000
          37528	     18760	001000d8	02038c63	beq	x7,x0,100110	  x7:0x00000058  x0:0x00000000
          37532	     18762	001000dc	0077a023	sw	x7,0(x15)	 x15:0x00020000  x7:0x00000058 PA:0x00020000 store:0x00000058 load:0x00000000
          37536	     18764	001000e0	00554583	lbu	x11,5(x10)	 x10:0x00101c98 x11=0x00000028 PA:0x00101c9d store:0x0000004d
          37538	     18765	001000e4	02058663	beq	x11,x0,100110	 x11:0x00000028  x0:0x00000000
          37542	     18767	001000e8	00b7a023	sw	x11,0(x15)	 x15:0x00020000 x11:0x00000028 PA:0x00020000 store:0x00000028 load:0x00000000
          37546	     18769	001000ec	00654603	lbu	x12,6(x10)	 x10:0x00101c98 x12=0x00000032 PA:0x00101c9e store:0x00000041
          37548	     18770	001000f0	02060063	beq	x12,x0,100110	 x12:0x00000032  x0:0x00000000
          37552	     18772	001000f4	00c7a023	sw	x12,0(x15)	 x15:0x00020000 x12:0x00000032 PA:0x00020000 store:0x00000032 load:0x00000000
          37556	     18774	001000f8	00754683	lbu	x13,7(x10)	 x10:0x00101c98 x13=0x0000002e PA:0x00101c9f store:0x00000058
          37558	     18775	001000fc	00850513	addi	x10,x10,8	 x10:0x00101c98 x10=0x00101ca0
          37560	     18776	00100100	00068863	beq	x13,x0,100110	 x13:0x0000002e  x0:0x00000000
          37564	     18778	00100104	00d7a023	sw	x13,0(x15)	 x15:0x00020000 x13:0x0000002e PA:0x00020000 store:0x0000002e load:0x00000000
          37568	     18780	00100108	00054803	lbu	x16,0(x10)	 x10:0x00101ca0 x16=0x00000030 PA:0x00101ca0 store:0x00000000
          37572	     18782	0010010c	fa0810e3	bne	x16,x0,1000ac	 x16:0x00000030  x0:0x00000000
          37578	     18785	001000ac	0107a023	sw	x16,0(x15)	 x15:0x00020000 x16:0x00000030 PA:0x00020000 store:0x00000030 load:0x00000000
          37582	     18787	001000b0	00154703	lbu	x14,1(x10)	 x10:0x00101ca0 x14=0x00000065 PA:0x00101ca1 store:0x00101820
          37584	     18788	001000b4	04070e63	beq	x14,x0,100110	 x14:0x00000065  x0:0x00000000
          37588	     18790	001000b8	00e7a023	sw	x14,0(x15)	 x15:0x00020000 x14:0x00000065 PA:0x00020000 store:0x00000065 load:0x00000000
          37592	     18792	001000bc	00254283	lbu	x5,2(x10)	 x10:0x00101ca0  x5=0x00000033 PA:0x00101ca2 store:0x00137fa0
          37594	     18793	001000c0	04028863	beq	x5,x0,100110	  x5:0x00000033  x0:0x00000000
          37598	     18795	001000c4	0057a023	sw	x5,0(x15)	 x15:0x00020000  x5:0x00000033 PA:0x00020000 store:0x00000033 load:0x00000000
          37602	     18797	001000c8	00354303	lbu	x6,3(x10)	 x10:0x00101ca0  x6=0x00000038 PA:0x00101ca3 store:0x00000000
          37604	     18798	001000cc	04030263	beq	x6,x0,100110	  x6:0x00000038  x0:0x00000000
          37608	     18800	001000d0	0067a023	sw	x6,0(x15)	 x15:0x00020000  x6:0x00000038 PA:0x00020000 store:0x00000038 load:0x00000000
          37612	     18802	001000d4	00454383	lbu	x7,4(x10)	 x10:0x00101ca0  x7=0x00000066 PA:0x00101ca4 store:0x00000000
          37614	     18803	001000d8	02038c63	beq	x7,x0,100110	  x7:0x00000066  x0:0x00000000
          37618	     18805	001000dc	0077a023	sw	x7,0(x15)	 x15:0x00020000  x7:0x00000066 PA:0x00020000 store:0x00000066 load:0x00000000
          37622	     18807	001000e0	00554583	lbu	x11,5(x10)	 x10:0x00101ca0 x11=0x0000002c PA:0x00101ca5 store:0x00000033
          37624	     18808	001000e4	02058663	beq	x11,x0,100110	 x11:0x0000002c  x0:0x00000000
          37628	     18810	001000e8	00b7a023	sw	x11,0(x15)	 x15:0x00020000 x11:0x0000002c PA:0x00020000 store:0x0000002c load:0x00000000
          37632	     18812	001000ec	00654603	lbu	x12,6(x10)	 x10:0x00101ca0 x12=0x00000020 PA:0x00101ca6 store:0x00000038
          37634	     18813	001000f0	02060063	beq	x12,x0,100110	 x12:0x00000020  x0:0x00000000
          37638	     18815	001000f4	00c7a023	sw	x12,0(x15)	 x15:0x00020000 x12:0x00000020 PA:0x00020000 store:0x00000020 load:0x00000000
          37642	     18817	001000f8	00754683	lbu	x13,7(x10)	 x10:0x00101ca0 x13=0x00000032 PA:0x00101ca7 store:0x00000066
          37644	     18818	001000fc	00850513	addi	x10,x10,8	 x10:0x00101ca0 x10=0x00101ca8
          37646	     18819	00100100	00068863	beq	x13,x0,100110	 x13:0x00000032  x0:0x00000000
          37650	     18821	00100104	00d7a023	sw	x13,0(x15)	 x15:0x00020000 x13:0x00000032 PA:0x00020000 store:0x00000032 load:0x00000000
          37654	     18823	00100108	00054803	lbu	x16,0(x10)	 x10:0x00101ca8 x16=0x0000002e PA:0x00101ca8 store:0x00000000
          37658	     18825	0010010c	fa0810e3	bne	x16,x0,1000ac	 x16:0x0000002e  x0:0x00000000
          37664	     18828	001000ac	0107a023	sw	x16,0(x15)	 x15:0x00020000 x16:0x0000002e PA:0x00020000 store:0x0000002e load:0x00000000
          37668	     18830	001000b0	00154703	lbu	x14,1(x10)	 x10:0x00101ca8 x14=0x00000031 PA:0x00101ca9 store:0x00101820
          37670	     18831	001000b4	04070e63	beq	x14,x0,100110	 x14:0x00000031  x0:0x00000000
          37674	     18833	001000b8	00e7a023	sw	x14,0(x15)	 x15:0x00020000 x14:0x00000031 PA:0x00020000 store:0x00000031 load:0x00000000
          37678	     18835	001000bc	00254283	lbu	x5,2(x10)	 x10:0x00101ca8  x5=0x00000065 PA:0x00101caa store:0x00137fa0
          37680	     18836	001000c0	04028863	beq	x5,x0,100110	  x5:0x00000065  x0:0x00000000
          37684	     18838	001000c4	0057a023	sw	x5,0(x15)	 x15:0x00020000  x5:0x00000065 PA:0x00020000 store:0x00000065 load:0x00000000
          37688	     18840	001000c8	00354303	lbu	x6,3(x10)	 x10:0x00101ca8  x6=0x00000033 PA:0x00101cab store:0x00000000
          37690	     18841	001000cc	04030263	beq	x6,x0,100110	  x6:0x00000033  x0:0x00000000
          37694	     18843	001000d0	0067a023	sw	x6,0(x15)	 x15:0x00020000  x6:0x00000033 PA:0x00020000 store:0x00000033 load:0x00000000
          37698	     18845	001000d4	00454383	lbu	x7,4(x10)	 x10:0x00101ca8  x7=0x00000038 PA:0x00101cac store:0x00000000
          37700	     18846	001000d8	02038c63	beq	x7,x0,100110	  x7:0x00000038  x0:0x00000000
          37704	     18848	001000dc	0077a023	sw	x7,0(x15)	 x15:0x00020000  x7:0x00000038 PA:0x00020000 store:0x00000038 load:0x00000000
          37708	     18850	001000e0	00554583	lbu	x11,5(x10)	 x10:0x00101ca8 x11=0x00000066 PA:0x00101cad store:0x00000065
          37710	     18851	001000e4	02058663	beq	x11,x0,100110	 x11:0x00000066  x0:0x00000000
          37714	     18853	001000e8	00b7a023	sw	x11,0(x15)	 x15:0x00020000 x11:0x00000066 PA:0x00020000 store:0x00000066 load:0x00000000
          37718	     18855	001000ec	00654603	lbu	x12,6(x10)	 x10:0x00101ca8 x12=0x00000029 PA:0x00101cae store:0x00000033
          37720	     18856	001000f0	02060063	beq	x12,x0,100110	 x12:0x00000029  x0:0x00000000
          37724	     18858	001000f4	00c7a023	sw	x12,0(x15)	 x15:0x00020000 x12:0x00000029 PA:0x00020000 store:0x00000029 load:0x00000000
          37728	     18860	001000f8	00754683	lbu	x13,7(x10)	 x10:0x00101ca8 x13=0x0000002c PA:0x00101caf store:0x00000038
          37730	     18861	001000fc	00850513	addi	x10,x10,8	 x10:0x00101ca8 x10=0x00101cb0
          37732	     18862	00100100	00068863	beq	x13,x0,100110	 x13:0x0000002c  x0:0x00000000
          37736	     18864	00100104	00d7a023	sw	x13,0(x15)	 x15:0x00020000 x13:0x0000002c PA:0x00020000 store:0x0000002c load:0x00000000
          37740	     18866	00100108	00054803	lbu	x16,0(x10)	 x10:0x00101cb0 x16=0x00000020 PA:0x00101cb0 store:0x00000000
          37744	     18868	0010010c	fa0810e3	bne	x16,x0,1000ac	 x16:0x00000020  x0:0x00000000
          37750	     18871	001000ac	0107a023	sw	x16,0(x15)	 x15:0x00020000 x16:0x00000020 PA:0x00020000 store:0x00000020 load:0x00000000
          37754	     18873	001000b0	00154703	lbu	x14,1(x10)	 x10:0x00101cb0 x14=0x00000065 PA:0x00101cb1 store:0x00101820
          37756	     18874	001000b4	04070e63	beq	x14,x0,100110	 x14:0x00000065  x0:0x00000000
          37760	     18876	001000b8	00e7a023	sw	x14,0(x15)	 x15:0x00020000 x14:0x00000065 PA:0x00020000 store:0x00000065 load:0x00000000
          37764	     18878	001000bc	00254283	lbu	x5,2(x10)	 x10:0x00101cb0  x5=0x00000078 PA:0x00101cb2 store:0x00137fa0
          37766	     18879	001000c0	04028863	beq	x5,x0,100110	  x5:0x00000078  x0:0x00000000
          37770	     18881	001000c4	0057a023	sw	x5,0(x15)	 x15:0x00020000  x5:0x00000078 PA:0x00020000 store:0x00000078 load:0x00000000
          37774	     18883	001000c8	00354303	lbu	x6,3(x10)	 x10:0x00101cb0  x6=0x00000070 PA:0x00101cb3 store:0x00000000
          37776	     18884	001000cc	04030263	beq	x6,x0,100110	  x6:0x00000070  x0:0x00000000
          37780	     18886	001000d0	0067a023	sw	x6,0(x15)	 x15:0x00020000  x6:0x00000070 PA:0x00020000 store:0x00000070 load:0x00000000
          37784	     18888	001000d4	00454383	lbu	x7,4(x10)	 x10:0x00101cb0  x7=0x00000065 PA:0x00101cb4 store:0x00000000
          37786	     18889	001000d8	02038c63	beq	x7,x0,100110	  x7:0x00000065  x0:0x00000000
          37790	     18891	001000dc	0077a023	sw	x7,0(x15)	 x15:0x00020000  x7:0x00000065 PA:0x00020000 store:0x00000065 load:0x00000000
          37794	     18893	001000e0	00554583	lbu	x11,5(x10)	 x10:0x00101cb0 x11=0x00000063 PA:0x00101cb5 store:0x00000078
          37796	     18894	001000e4	02058663	beq	x11,x0,100110	 x11:0x00000063  x0:0x00000000
          37800	     18896	001000e8	00b7a023	sw	x11,0(x15)	 x15:0x00020000 x11:0x00000063 PA:0x00020000 store:0x00000063 load:0x00000000
          37804	     18898	001000ec	00654603	lbu	x12,6(x10)	 x10:0x00101cb0 x12=0x00000074 PA:0x00101cb6 store:0x00000070
          37806	     18899	001000f0	02060063	beq	x12,x0,100110	 x12:0x00000074  x0:0x00000000
          37810	     18901	001000f4	00c7a023	sw	x12,0(x15)	 x15:0x00020000 x12:0x00000074 PA:0x00020000 store:0x00000074 load:0x00000000
          37814	     18903	001000f8	00754683	lbu	x13,7(x10)	 x10:0x00101cb0 x13=0x00000069 PA:0x00101cb7 store:0x00000065
          37816	     18904	001000fc	00850513	addi	x10,x10,8	 x10:0x00101cb0 x10=0x00101cb8
          37818	     18905	00100100	00068863	beq	x13,x0,100110	 x13:0x00000069  x0:0x00000000
          37822	     18907	00100104	00d7a023	sw	x13,0(x15)	 x15:0x00020000 x13:0x00000069 PA:0x00020000 store:0x00000069 load:0x00000000
          37826	     18909	00100108	00054803	lbu	x16,0(x10)	 x10:0x00101cb8 x16=0x0000006e PA:0x00101cb8 store:0x00000000
          37830	     18911	0010010c	fa0810e3	bne	x16,x0,1000ac	 x16:0x0000006e  x0:0x00000000
          37836	     18914	001000ac	0107a023	sw	x16,0(x15)	 x15:0x00020000 x16:0x0000006e PA:0x00020000 store:0x0000006e load:0x00000000
          37840	     18916	001000b0	00154703	lbu	x14,1(x10)	 x10:0x00101cb8 x14=0x00000067 PA:0x00101cb9 store:0x00101820
          37842	     18917	001000b4	04070e63	beq	x14,x0,100110	 x14:0x00000067  x0:0x00000000
          37846	     18919	001000b8	00e7a023	sw	x14,0(x15)	 x15:0x00020000 x14:0x00000067 PA:0x00020000 store:0x00000067 load:0x00000000
          37850	     18921	001000bc	00254283	lbu	x5,2(x10)	 x10:0x00101cb8  x5=0x0000003a PA:0x00101cba store:0x00137fa0
          37852	     18922	001000c0	04028863	beq	x5,x0,100110	  x5:0x0000003a  x0:0x00000000
          37856	     18924	001000c4	0057a023	sw	x5,0(x15)	 x15:0x00020000  x5:0x0000003a PA:0x00020000 store:0x0000003a load:0x00000000
          37860	     18926	001000c8	00354303	lbu	x6,3(x10)	 x10:0x00101cb8  x6=0x00000020 PA:0x00101cbb store:0x00000000
          37862	     18927	001000cc	04030263	beq	x6,x0,100110	  x6:0x00000020  x0:0x00000000
          37866	     18929	001000d0	0067a023	sw	x6,0(x15)	 x15:0x00020000  x6:0x00000020 PA:0x00020000 store:0x00000020 load:0x00000000
          37870	     18931	001000d4	00454383	lbu	x7,4(x10)	 x10:0x00101cb8  x7=0x00000030 PA:0x00101cbc store:0x00000000
          37872	     18932	001000d8	02038c63	beq	x7,x0,100110	  x7:0x00000030  x0:0x00000000
          37876	     18934	001000dc	0077a023	sw	x7,0(x15)	 x15:0x00020000  x7:0x00000030 PA:0x00020000 store:0x00000030 load:0x00000000
          37880	     18936	001000e0	00554583	lbu	x11,5(x10)	 x10:0x00101cb8 x11=0x00000078 PA:0x00101cbd store:0x0000003a
          37882	     18937	001000e4	02058663	beq	x11,x0,100110	 x11:0x00000078  x0:0x00000000
          37886	     18939	001000e8	00b7a023	sw	x11,0(x15)	 x15:0x00020000 x11:0x00000078 PA:0x00020000 store:0x00000078 load:0x00000000
          37890	     18941	001000ec	00654603	lbu	x12,6(x10)	 x10:0x00101cb8 x12=0x00000037 PA:0x00101cbe store:0x00000020
          37892	     18942	001000f0	02060063	beq	x12,x0,100110	 x12:0x00000037  x0:0x00000000
          37896	     18944	001000f4	00c7a023	sw	x12,0(x15)	 x15:0x00020000 x12:0x00000037 PA:0x00020000 store:0x00000037 load:0x00000000
          37900	     18946	001000f8	00754683	lbu	x13,7(x10)	 x10:0x00101cb8 x13=0x00000066 PA:0x00101cbf store:0x00000030
          37902	     18947	001000fc	00850513	addi	x10,x10,8	 x10:0x00101cb8 x10=0x00101cc0
          37904	     18948	00100100	00068863	beq	x13,x0,100110	 x13:0x00000066  x0:0x00000000
          37908	     18950	00100104	00d7a023	sw	x13,0(x15)	 x15:0x00020000 x13:0x00000066 PA:0x00020000 store:0x00000066 load:0x00000000
          37912	     18952	00100108	00054803	lbu	x16,0(x10)	 x10:0x00101cc0 x16=0x00000031 PA:0x00101cc0 store:0x00000000
          37916	     18954	0010010c	fa0810e3	bne	x16,x0,1000ac	 x16:0x00000031  x0:0x00000000
          37922	     18957	001000ac	0107a023	sw	x16,0(x15)	 x15:0x00020000 x16:0x00000031 PA:0x00020000 store:0x00000031 load:0x00000000
          37926	     18959	001000b0	00154703	lbu	x14,1(x10)	 x10:0x00101cc0 x14=0x00000064 PA:0x00101cc1 store:0x00101820
          37928	     18960	001000b4	04070e63	beq	x14,x0,100110	 x14:0x00000064  x0:0x00000000
          37932	     18962	001000b8	00e7a023	sw	x14,0(x15)	 x15:0x00020000 x14:0x00000064 PA:0x00020000 store:0x00000064 load:0x00000000
          37936	     18964	001000bc	00254283	lbu	x5,2(x10)	 x10:0x00101cc0  x5=0x00000066 PA:0x00101cc2 store:0x00137fa0
          37938	     18965	001000c0	04028863	beq	x5,x0,100110	  x5:0x00000066  x0:0x00000000
          37942	     18967	001000c4	0057a023	sw	x5,0(x15)	 x15:0x00020000  x5:0x00000066 PA:0x00020000 store:0x00000066 load:0x00000000
          37946	     18969	001000c8	00354303	lbu	x6,3(x10)	 x10:0x00101cc0  x6=0x00000063 PA:0x00101cc3 store:0x00000000
          37948	     18970	001000cc	04030263	beq	x6,x0,100110	  x6:0x00000063  x0:0x00000000
          37952	     18972	001000d0	0067a023	sw	x6,0(x15)	 x15:0x00020000  x6:0x00000063 PA:0x00020000 store:0x00000063 load:0x00000000
          37956	     18974	001000d4	00454383	lbu	x7,4(x10)	 x10:0x00101cc0  x7=0x00000038 PA:0x00101cc4 store:0x00000000
          37958	     18975	001000d8	02038c63	beq	x7,x0,100110	  x7:0x00000038  x0:0x00000000
          37962	     18977	001000dc	0077a023	sw	x7,0(x15)	 x15:0x00020000  x7:0x00000038 PA:0x00020000 store:0x00000038 load:0x00000000
          37966	     18979	001000e0	00554583	lbu	x11,5(x10)	 x10:0x00101cc0 x11=0x00000037 PA:0x00101cc5 store:0x00000066
          37968	     18980	001000e4	02058663	beq	x11,x0,100110	 x11:0x00000037  x0:0x00000000
          37972	     18982	001000e8	00b7a023	sw	x11,0(x15)	 x15:0x00020000 x11:0x00000037 PA:0x00020000 store:0x00000037 load:0x00000000
          37976	     18984	001000ec	00654603	lbu	x12,6(x10)	 x10:0x00101cc0 x12=0x0000003a PA:0x00101cc6 store:0x00000063
          37978	     18985	001000f0	02060063	beq	x12,x0,100110	 x12:0x0000003a  x0:0x00000000
          37982	     18987	001000f4	00c7a023	sw	x12,0(x15)	 x15:0x00020000 x12:0x0000003a PA:0x00020000 store:0x0000003a load:0x00000000
          37986	     18989	001000f8	00754683	lbu	x13,7(x10)	 x10:0x00101cc0 x13=0x00000020 PA:0x00101cc7 store:0x00000038
          37988	     18990	001000fc	00850513	addi	x10,x10,8	 x10:0x00101cc0 x10=0x00101cc8
          37990	     18991	00100100	00068863	beq	x13,x0,100110	 x13:0x00000020  x0:0x00000000
          37994	     18993	00100104	00d7a023	sw	x13,0(x15)	 x15:0x00020000 x13:0x00000020 PA:0x00020000 store:0x00000020 load:0x00000000
          37998	     18995	00100108	00054803	lbu	x16,0(x10)	 x10:0x00101cc8 x16=0x00000000 PA:0x00101cc8 store:0x00000000
          38000	     18996	0010010c	fa0810e3	bne	x16,x0,1000ac	 x16:0x00000000  x0:0x00000000
          38002	     18997	00100110	00000513	addi	x10,x0,0	  x0:0x00000000 x10=0x00000000
          38006	     18999	00100114	00008067	jalr	x0,0(x1)	  x1:0x00101820  x0=0x00000000
          38010	     19001	00101820	cf8a2503	lw	x10,-776(x20)	 x20:0x00102000 x10=0x7f1dfc87 PA:0x00101cf8 store:0x00102000
          38012	     19002	00101824	00102a37	lui	x20,0x102	 x20=0x00102000
          38016	     19004	00101828	8f9fe0ef	jal	x1,100120	  x1=0x0010182c
          38018	     19005	00100120	01c55793	srli	x15,x10,0x1c	 x10:0x7f1dfc87 x15=0x00000007
          38020	     19006	00100124	00900713	addi	x14,x0,9	  x0:0x00000000 x14=0x00000009
          38024	     19008	00100128	0cf77a63	bgeu	x14,x15,1001fc	 x14:0x00000009 x15:0x00000007
          38028	     19010	001001fc	03078393	addi	x7,x15,48	 x15:0x00000007  x7=0x00000037
          38030	     19011	00100200	000205b7	lui	x11,0x20	 x11=0x00020000
          38032	     19012	00100204	00451613	slli	x12,x10,0x4	 x10:0x7f1dfc87 x12=0xf1dfc870
          38036	     19014	00100208	0075a023	sw	x7,0(x11)	 x11:0x00020000  x7:0x00000037 PA:0x00020000 store:0x00000037 load:0x00000000
          38038	     19015	0010020c	01c65693	srli	x13,x12,0x1c	 x12:0xf1dfc870 x13=0x0000000f
          38040	     19016	00100210	00900813	addi	x16,x0,9	  x0:0x00000000 x16=0x00000009
          38044	     19018	00100214	f2d86ae3	bltu	x16,x13,100148	 x16:0x00000009 x13:0x0000000f
          38048	     19020	00100148	03768893	addi	x17,x13,55	 x13:0x0000000f x17=0x00000046
          38050	     19021	0010014c	00020e37	lui	x28,0x20	 x28=0x00020000
          38052	     19022	00100150	00851f93	slli	x31,x10,0x8	 x10:0x7f1dfc87 x31=0x1dfc8700
          38056	     19024	00100154	011e2023	sw	x17,0(x28)	 x28:0x00020000 x17:0x00000046 PA:0x00020000 store:0x00000046 load:0x00000000
          38058	     19025	00100158	01cfd793	srli	x15,x31,0x1c	 x31:0x1dfc8700 x15=0x00000001
          38060	     19026	0010015c	00900713	addi	x14,x0,9	  x0:0x00000000 x14=0x00000009
          38064	     19028	00100160	0cf77a63	bgeu	x14,x15,100234	 x14:0x00000009 x15:0x00000001
          38068	     19030	00100234	03078393	addi	x7,x15,48	 x15:0x00000001  x7=0x00000031
          38070	     19031	00100238	000205b7	lui	x11,0x20	 x11=0x00020000
          38072	     19032	0010023c	00c51613	slli	x12,x10,0xc	 x10:0x7f1dfc87 x12=0xdfc87000
          38076	     19034	00100240	0075a023	sw	x7,0(x11)	 x11:0x00020000  x7:0x00000031 PA:0x00020000 store:0x00000031 load:0x00000000
          38078	     19035	00100244	01c65693	srli	x13,x12,0x1c	 x12:0xdfc87000 x13=0x0000000d
          38080	     19036	00100248	00900813	addi	x16,x0,9	  x0:0x00000000 x16=0x00000009
          38084	     19038	0010024c	f2d86ae3	bltu	x16,x13,100180	 x16:0x00000009 x13:0x0000000d
          38088	     19040	00100180	03768893	addi	x17,x13,55	 x13:0x0000000d x17=0x00000044
          38090	     19041	00100184	00020e37	lui	x28,0x20	 x28=0x00020000
          38092	     19042	00100188	01051f93	slli	x31,x10,0x10	 x10:0x7f1dfc87 x31=0xfc870000
          38096	     19044	0010018c	011e2023	sw	x17,0(x28)	 x28:0x00020000 x17:0x00000044 PA:0x00020000 store:0x00000044 load:0x00000000
          38098	     19045	00100190	01cfd793	srli	x15,x31,0x1c	 x31:0xfc870000 x15=0x0000000f
          38100	     19046	00100194	00900713	addi	x14,x0,9	  x0:0x00000000 x14=0x00000009
          38102	     19047	00100198	0cf77a63	bgeu	x14,x15,10026c	 x14:0x00000009 x15:0x0000000f
          38104	     19048	0010019c	03778293	addi	x5,x15,55	 x15:0x0000000f  x5=0x00000046
          38106	     19049	001001a0	00020337	lui	x6,0x20	  x6=0x00020000
          38108	     19050	001001a4	01451613	slli	x12,x10,0x14	 x10:0x7f1dfc87 x12=0xc8700000
          38112	     19052	001001a8	00532023	sw	x5,0(x6)	  x6:0x00020000  x5:0x00000046 PA:0x00020000 store:0x00000046 load:0x00000000
          38114	     19053	001001ac	01c65693	srli	x13,x12,0x1c	 x12:0xc8700000 x13=0x0000000c
          38116	     19054	001001b0	00900813	addi	x16,x0,9	  x0:0x00000000 x16=0x00000009
          38118	     19055	001001b4	0cd87a63	bgeu	x16,x13,100288	 x16:0x00000009 x13:0x0000000c
          38120	     19056	001001b8	03768893	addi	x17,x13,55	 x13:0x0000000c x17=0x00000043
          38122	     19057	001001bc	00020e37	lui	x28,0x20	 x28=0x00020000
          38124	     19058	001001c0	01851f93	slli	x31,x10,0x18	 x10:0x7f1dfc87 x31=0x87000000
          38128	     19060	001001c4	011e2023	sw	x17,0(x28)	 x28:0x00020000 x17:0x00000043 PA:0x00020000 store:0x00000043 load:0x00000000
          38130	     19061	001001c8	01cfd793	srli	x15,x31,0x1c	 x31:0x87000000 x15=0x00000008
          38132	     19062	001001cc	00900713	addi	x14,x0,9	  x0:0x00000000 x14=0x00000009
          38136	     19064	001001d0	0cf77a63	bgeu	x14,x15,1002a4	 x14:0x00000009 x15:0x00000008
          38140	     19066	001002a4	03078393	addi	x7,x15,48	 x15:0x00000008  x7=0x00000038
          38142	     19067	001002a8	000205b7	lui	x11,0x20	 x11=0x00020000
          38146	     19069	001002ac	0075a023	sw	x7,0(x11)	 x11:0x00020000  x7:0x00000038 PA:0x00020000 store:0x00000038 load:0x00000000
          38148	     19070	001002b0	00f57513	andi	x10,x10,15	 x10:0x7f1dfc87 x10=0x00000007
          38150	     19071	001002b4	00900613	addi	x12,x0,9	  x0:0x00000000 x12=0x00000009
          38154	     19073	001002b8	f2a67ae3	bgeu	x12,x10,1001ec	 x12:0x00000009 x10:0x00000007
          38158	     19075	001001ec	03050893	addi	x17,x10,48	 x10:0x00000007 x17=0x00000037
          38160	     19076	001001f0	00020e37	lui	x28,0x20	 x28=0x00020000
          38164	     19078	001001f4	011e2023	sw	x17,0(x28)	 x28:0x00020000 x17:0x00000037 PA:0x00020000 store:0x00000037 load:0x00000000
          38168	     19080	001001f8	00008067	jalr	x0,0(x1)	  x1:0x0010182c  x0=0x00000000
          38170	     19081	0010182c	ccca0513	addi	x10,x20,-820	 x20:0x00102000 x10=0x00101ccc
          38174	     19083	00101830	871fe0ef	jal	x1,1000a0	  x1=0x00101834
          38178	     19085	001000a0	00054803	lbu	x16,0(x10)	 x10:0x00101ccc x16=0x0000000a PA:0x00101ccc store:0x00000000
          38180	     19086	001000a4	06080663	beq	x16,x0,100110	 x16:0x0000000a  x0:0x00000000
          38182	     19087	001000a8	000207b7	lui	x15,0x20	 x15=0x00020000
          38186	     19089	001000ac	0107a023	sw	x16,0(x15)	 x15:0x00020000 x16:0x0000000a PA:0x00020000 store:0x0000000a load:0x00000000
          38190	     19091	001000b0	00154703	lbu	x14,1(x10)	 x10:0x00101ccc x14=0x0000000a PA:0x00101ccd store:0x00101834
          38192	     19092	001000b4	04070e63	beq	x14,x0,100110	 x14:0x0000000a  x0:0x00000000
          38196	     19094	001000b8	00e7a023	sw	x14,0(x15)	 x15:0x00020000 x14:0x0000000a PA:0x00020000 store:0x0000000a load:0x00000000
          38200	     19096	001000bc	00254283	lbu	x5,2(x10)	 x10:0x00101ccc  x5=0x00000000 PA:0x00101cce store:0x00137fa0
          38204	     19098	001000c0	04028863	beq	x5,x0,100110	  x5:0x00000000  x0:0x00000000
          38208	     19100	00100110	00000513	addi	x10,x0,0	  x0:0x00000000 x10=0x00000000
          38212	     19102	00100114	00008067	jalr	x0,0(x1)	  x1:0x00101834  x0=0x00000000
          38214	     19103	00101834	00000513	addi	x10,x0,0	  x0:0x00000000 x10=0x00000000
          38218	     19105	00101838	c29fe0ef	jal	x1,100460	  x1=0x0010183c
          38220	     19106	00100460	00153513	sltiu	x10,x10,1	 x10:0x00000000 x10=0x00000001
          38222	     19107	00100464	40a002b3	sub	x5,x0,x10	  x0:0x00000000 x10:0x00000001  x5=0xffffffff
          38224	     19108	00100468	32029073	csrrw	x0,mcountinhibit,x5	  x5:0xffffffff  x0=0x00000000
          38228	     19110	0010046c	00008067	jalr	x0,0(x1)	  x1:0x0010183c  x0=0x00000000
          38230	     19111	0010183c	7d000513	addi	x10,x0,2000	  x0:0x00000000 x10=0x000007d0
          38232	     19112	00101840	00000593	addi	x11,x0,0	  x0:0x00000000 x11=0x00000000
          38236	     19114	00101844	abcff0ef	jal	x1,100b00	  x1=0x00101848
          38238	     19115	00100b00	001026b7	lui	x13,0x102	 x13=0x00102000
          38240	     19116	00100b04	00000813	addi	x16,x0,0	  x0:0x00000000 x16=0x00000000
          38242	     19117	00100b08	001027b7	lui	x15,0x102	 x15=0x00102000
          38244	     19118	00100b0c	00030737	lui	x14,0x30	 x14=0x00030000
          38246	     19119	00100b10	00000893	addi	x17,x0,0	  x0:0x00000000 x17=0x00000000
          38250	     19121	00100b14	cf06a423	sw	x16,-792(x13)	 x13:0x00102000 x16:0x00000000 PA:0x00101ce8 store:0x00000000 load:0x00000a0a
          38254	     19123	00100b18	cf16a623	sw	x17,-788(x13)	 x13:0x00102000 x17:0x00000000 PA:0x00101cec store:0x00000000 load:0x00000a0a
          38258	     19125	00100b1c	cea7a023	sw	x10,-800(x15)	 x15:0x00102000 x10:0x000007d0 PA:0x00101ce0 store:0x000007d0 load:0x00000a0a
          38262	     19127	00100b20	ceb7a223	sw	x11,-796(x15)	 x15:0x00102000 x11:0x00000000 PA:0x00101ce4 store:0x00000000 load:0x00000a0a
          38264	     19128	00100b24	00030637	lui	x12,0x30	 x12=0x00030000
          38266	     19129	00100b28	00470293	addi	x5,x14,4	 x14:0x00030000  x5=0x00030004
          38270	     19131	00100b2c	0002a783	lw	x15,0(x5)	  x5:0x00030004 x15=0x00000000 PA:0x00030004 store:0x00000000
          38274	     19133	00100b30	00062683	lw	x13,0(x12)	 x12:0x00030000 x13=0x00004abb PA:0x00030000 store:0x00000000
          38278	     19135	00100b34	0002a303	lw	x6,0(x5)	  x5:0x00030004  x6=0x00000000 PA:0x00030004 store:0x00000000
          38282	     19137	00100b38	06678a63	beq	x15,x6,100bac	 x15:0x00000000  x6:0x00000000
          38286	     19139	00100bac	000308b7	lui	x17,0x30	 x17=0x00030000
          38288	     19140	00100bb0	00a68533	add	x10,x13,x10	 x13:0x00004abb x10:0x000007d0 x10=0x0000528b
          38290	     19141	00100bb4	00888293	addi	x5,x17,8	 x17:0x00030000  x5=0x00030008
          38292	     19142	00100bb8	00b783b3	add	x7,x15,x11	 x15:0x00000000 x11:0x00000000  x7=0x00000000
          38294	     19143	00100bbc	00d53333	sltu	x6,x10,x13	 x10:0x0000528b x13:0x00004abb  x6=0x00000000
          38296	     19144	00100bc0	fff00593	addi	x11,x0,-1	  x0:0x00000000 x11=0xffffffff
          38300	     19146	00100bc4	00b2a023	sw	x11,0(x5)	  x5:0x00030008 x11:0xffffffff PA:0x00030008 store:0xffffffff load:0x00000000
          38302	     19147	00100bc8	00030637	lui	x12,0x30	 x12=0x00030000
          38304	     19148	00100bcc	00730e33	add	x28,x6,x7	  x6:0x00000000  x7:0x00000000 x28=0x00000000
          38308	     19150	00100bd0	01c62623	sw	x28,12(x12)	 x12:0x00030000 x28:0x00000000 PA:0x0003000c store:0x00000000 load:0x00000000
          38312	     19152	00100bd4	00a2a023	sw	x10,0(x5)	  x5:0x00030008 x10:0x0000528b PA:0x00030008 store:0x0000528b load:0xffffffff
          38314	     19153	00100bd8	08000e93	addi	x29,x0,128	  x0:0x00000000 x29=0x00000080
          38316	     19154	00100bdc	304ea073	csrrs	x0,mie,x29	 x29:0x00000080  x0=0x00000000
          38322	     19157	00100be0	00800f13	addi	x30,x0,8	  x0:0x00000000 x30=0x00000008
          38324	     19158	00100be4	300f2073	csrrs	x0,mstatus,x30	 x30:0x00000008  x0=0x00000000
          38332	     19162	00100be8	00008067	jalr	x0,0(x1)	  x1:0x00101848  x0=0x00000000
          38336	     19164	00101848	c78ff0ef	jal	x1,100cc0	  x1=0x0010184c
          38338	     19165	00100cc0	001027b7	lui	x15,0x102	 x15=0x00102000
          38342	     19167	00100cc4	ce87a503	lw	x10,-792(x15)	 x15:0x00102000 x10=0x00000000 PA:0x00101ce8 store:0x00102000
          38346	     19169	00100cc8	cec7a583	lw	x11,-788(x15)	 x15:0x00102000 x11=0x00000000 PA:0x00101cec store:0x00030000
          38350	     19171	00100ccc	00008067	jalr	x0,0(x1)	  x1:0x0010184c  x0=0x00000000
          38352	     19172	0010184c	00058b13	addi	x22,x11,0	 x11:0x00000000 x22=0x00000000
          38354	     19173	00101850	00050913	addi	x18,x10,0	 x10:0x00000000 x18=0x00000000
          38356	     19174	00101854	06059a63	bne	x11,x0,1018c8	 x11:0x00000000  x0:0x00000000
          38358	     19175	00101858	00400a93	addi	x21,x0,4	  x0:0x00000000 x21=0x00000004
          38360	     19176	0010185c	06aae663	bltu	x21,x10,1018c8	 x21:0x00000004 x10:0x00000000
          38364	     19178	00101860	c60ff0ef	jal	x1,100cc0	  x1=0x00101864
          38366	     19179	00100cc0	001027b7	lui	x15,0x102	 x15=0x00102000
          38370	     19181	00100cc4	ce87a503	lw	x10,-792(x15)	 x15:0x00102000 x10=0x00000000 PA:0x00101ce8 store:0x00102000
          38374	     19183	00100cc8	cec7a583	lw	x11,-788(x15)	 x15:0x00102000 x11=0x00000000 PA:0x00101cec store:0x00030000
          38378	     19185	00100ccc	00008067	jalr	x0,0(x1)	  x1:0x00101864  x0=0x00000000
          38380	     19186	00101864	00102c37	lui	x24,0x102	 x24=0x00102000
          38382	     19187	00101868	00050413	addi	x8,x10,0	 x10:0x00000000  x8=0x00000000
          38384	     19188	0010186c	00157713	andi	x14,x10,1	 x10:0x00000000 x14=0x00000000
          38386	     19189	00101870	00400d93	addi	x27,x0,4	  x0:0x00000000 x27=0x00000004
          38388	     19190	00101874	00102d37	lui	x26,0x102	 x26=0x00102000
          38390	     19191	00101878	cd0c0513	addi	x10,x24,-816	 x24:0x00102000 x10=0x00101cd0
          38392	     19192	0010187c	00058493	addi	x9,x11,0	 x11:0x00000000  x9=0x00000000
          38396	     19194	00101880	03240e63	beq	x8,x18,1018bc	  x8:0x00000000 x18:0x00000000
          38400	     19196	001018bc	fd6594e3	bne	x11,x22,101884	 x11:0x00000000 x22:0x00000000
          38402	     19197	001018c0	10500073	wfi	
          42284	     21138	0010001c	6890006f	jal	x0,100ea4	  x0=0x00000000
          42288	     21140	00100ea4	e2dff06f	jal	x0,100cd0	  x0=0x00000000
          42290	     21141	00100cd0	fe010113	addi	x2,x2,-32	  x2:0x00137fa0  x2=0x00137f80
          42294	     21143	00100cd4	00f12423	sw	x15,8(x2)	  x2:0x00137f80 x15:0x00102000 PA:0x00137f88 store:0x00102000 load:0x00000000
          42296	     21144	00100cd8	001027b7	lui	x15,0x102	 x15=0x00102000
          42300	     21146	00100cdc	00b12c23	sw	x11,24(x2)	  x2:0x00137f80 x11:0x00000000 PA:0x00137f98 store:0x00000000 load:0x00000000
          42304	     21148	00100ce0	01012223	sw	x16,4(x2)	  x2:0x00137f80 x16:0x00000000 PA:0x00137f84 store:0x00000000 load:0x00000000
          42308	     21150	00100ce4	ce07a583	lw	x11,-800(x15)	 x15:0x00102000 x11=0x000007d0 PA:0x00101ce0 store:0x00000000
          42312	     21152	00100ce8	ce47a803	lw	x16,-796(x15)	 x15:0x00102000 x16=0x00000000 PA:0x00101ce4 store:0x00000000
          42316	     21154	00100cec	00e12623	sw	x14,12(x2)	  x2:0x00137f80 x14:0x00000000 PA:0x00137f8c store:0x00000000 load:0x00000000
          42318	     21155	00100cf0	00030737	lui	x14,0x30	 x14=0x00030000
          42322	     21157	00100cf4	00c12a23	sw	x12,20(x2)	  x2:0x00137f80 x12:0x00030000 PA:0x00137f94 store:0x00030000 load:0x00000000
          42326	     21159	00100cf8	01112023	sw	x17,0(x2)	  x2:0x00137f80 x17:0x00030000 PA:0x00137f80 store:0x00030000 load:0x00000000
          42330	     21161	00100cfc	00a12e23	sw	x10,28(x2)	  x2:0x00137f80 x10:0x00101cd0 PA:0x00137f9c store:0x00101cd0 load:0x00000000
          42334	     21163	00100d00	00d12823	sw	x13,16(x2)	  x2:0x00137f80 x13:0x00004abb PA:0x00137f90 store:0x00004abb load:0x00000000
          42336	     21164	00100d04	00030637	lui	x12,0x30	 x12=0x00030000
          42338	     21165	00100d08	00470893	addi	x17,x14,4	 x14:0x00030000 x17=0x00030004
          42342	     21167	00100d0c	0008a783	lw	x15,0(x17)	 x17:0x00030004 x15=0x00000000 PA:0x00030004 store:0x00000000
          42346	     21169	00100d10	00062683	lw	x13,0(x12)	 x12:0x00030000 x13=0x000052af PA:0x00030000 store:0x00000000
          42350	     21171	00100d14	0008a503	lw	x10,0(x17)	 x17:0x00030004 x10=0x00000000 PA:0x00030004 store:0x00000000
          42354	     21173	00100d18	06a78a63	beq	x15,x10,100d8c	 x15:0x00000000 x10:0x00000000
          42358	     21175	00100d8c	00b688b3	add	x17,x13,x11	 x13:0x000052af x11:0x000007d0 x17=0x00005a7f
          42360	     21176	00100d90	00030637	lui	x12,0x30	 x12=0x00030000
          42362	     21177	00100d94	00d8b6b3	sltu	x13,x17,x13	 x17:0x00005a7f x13:0x000052af x13=0x00000000
          42364	     21178	00100d98	01078833	add	x16,x15,x16	 x15:0x00000000 x16:0x00000000 x16=0x00000000
          42366	     21179	00100d9c	fff00513	addi	x10,x0,-1	  x0:0x00000000 x10=0xffffffff
          42370	     21181	00100da0	00a62423	sw	x10,8(x12)	 x12:0x00030000 x10:0xffffffff PA:0x00030008 store:0xffffffff load:0x0000528b
          42372	     21182	00100da4	010687b3	add	x15,x13,x16	 x13:0x00000000 x16:0x00000000 x15=0x00000000
          42374	     21183	00100da8	000305b7	lui	x11,0x30	 x11=0x00030000
          42378	     21185	00100dac	00f5a623	sw	x15,12(x11)	 x11:0x00030000 x15:0x00000000 PA:0x0003000c store:0x00000000 load:0x00000000
          42382	     21187	00100db0	01162423	sw	x17,8(x12)	 x12:0x00030000 x17:0x00005a7f PA:0x00030008 store:0x00005a7f load:0xffffffff
          42384	     21188	00100db4	001026b7	lui	x13,0x102	 x13=0x00102000
          42388	     21190	00100db8	ce86a703	lw	x14,-792(x13)	 x13:0x00102000 x14=0x00000000 PA:0x00101ce8 store:0x00000000
          42392	     21192	00100dbc	cec6a883	lw	x17,-788(x13)	 x13:0x00102000 x17=0x00000000 PA:0x00101cec store:0x00030000
          42396	     21194	00100dc0	01c12503	lw	x10,28(x2)	  x2:0x00137f80 x10=0x00101cd0 PA:0x00137f9c store:0x00000000
          42398	     21195	00100dc4	00170593	addi	x11,x14,1	 x14:0x00000000 x11=0x00000001
          42400	     21196	00100dc8	00e5b633	sltu	x12,x11,x14	 x11:0x00000001 x14:0x00000000 x12=0x00000000
          42402	     21197	00100dcc	01160833	add	x16,x12,x17	 x12:0x00000000 x17:0x00000000 x16=0x00000000
          42406	     21199	00100dd0	ceb6a423	sw	x11,-792(x13)	 x13:0x00102000 x11:0x00000001 PA:0x00101ce8 store:0x00000001 load:0x00101cd0
          42410	     21201	00100dd4	cf06a623	sw	x16,-788(x13)	 x13:0x00102000 x16:0x00000000 PA:0x00101cec store:0x00000000 load:0x00101cd0
          42414	     21203	00100dd8	01812583	lw	x11,24(x2)	  x2:0x00137f80 x11=0x00000000 PA:0x00137f98 store:0x00102000
          42418	     21205	00100ddc	01412603	lw	x12,20(x2)	  x2:0x00137f80 x12=0x00030000 PA:0x00137f94 store:0x00102000
          42422	     21207	00100de0	01012683	lw	x13,16(x2)	  x2:0x00137f80 x13=0x00004abb PA:0x00137f90 store:0x00000000
          42426	     21209	00100de4	00c12703	lw	x14,12(x2)	  x2:0x00137f80 x14=0x00000000 PA:0x00137f8c store:0x00030000
          42430	     21211	00100de8	00812783	lw	x15,8(x2)	  x2:0x00137f80 x15=0x00102000 PA:0x00137f88 store:0x00000000
          42434	     21213	00100dec	00412803	lw	x16,4(x2)	  x2:0x00137f80 x16=0x00000000 PA:0x00137f84 store:0x00000000
          42438	     21215	00100df0	00012883	lw	x17,0(x2)	  x2:0x00137f80 x17=0x00030000 PA:0x00137f80 store:0x00000000
          42440	     21216	00100df4	02010113	addi	x2,x2,32	  x2:0x00137f80  x2=0x00137fa0
          42442	     21217	00100df8	30200073	mret	
          42450	     21221	001018c4	fd9ff06f	jal	x0,10189c	  x0=0x00000000
          42454	     21223	0010189c	c24ff0ef	jal	x1,100cc0	  x1=0x001018a0
          42456	     21224	00100cc0	001027b7	lui	x15,0x102	 x15=0x00102000
          42460	     21226	00100cc4	ce87a503	lw	x10,-792(x15)	 x15:0x00102000 x10=0x00000001 PA:0x00101ce8 store:0x00000000
          42464	     21228	00100cc8	cec7a583	lw	x11,-788(x15)	 x15:0x00102000 x11=0x00000000 PA:0x00101cec store:0x00030000
          42468	     21230	00100ccc	00008067	jalr	x0,0(x1)	  x1:0x001018a0  x0=0x00000000
          42470	     21231	001018a0	00040913	addi	x18,x8,0	  x8:0x00000000 x18=0x00000000
          42472	     21232	001018a4	00050413	addi	x8,x10,0	 x10:0x00000001  x8=0x00000001
          42474	     21233	001018a8	00048b13	addi	x22,x9,0	  x9:0x00000000 x22=0x00000000
          42476	     21234	001018ac	00157713	andi	x14,x10,1	 x10:0x00000001 x14=0x00000001
          42478	     21235	001018b0	00058493	addi	x9,x11,0	 x11:0x00000000  x9=0x00000000
          42480	     21236	001018b4	cd0c0513	addi	x10,x24,-816	 x24:0x00102000 x10=0x00101cd0
          42484	     21238	001018b8	fd2416e3	bne	x8,x18,101884	  x8:0x00000001 x18:0x00000000
          42490	     21241	00101884	00071463	bne	x14,x0,10188c	 x14:0x00000001  x0:0x00000000
          42496	     21244	0010188c	815fe0ef	jal	x1,1000a0	  x1=0x00101890
          42500	     21246	001000a0	00054803	lbu	x16,0(x10)	 x10:0x00101cd0 x16=0x00000054 PA:0x00101cd0 store:0x00000000
          42502	     21247	001000a4	06080663	beq	x16,x0,100110	 x16:0x00000054  x0:0x00000000
          42504	     21248	001000a8	000207b7	lui	x15,0x20	 x15=0x00020000
          42508	     21250	001000ac	0107a023	sw	x16,0(x15)	 x15:0x00020000 x16:0x00000054 PA:0x00020000 store:0x00000054 load:0x00000000
          42512	     21252	001000b0	00154703	lbu	x14,1(x10)	 x10:0x00101cd0 x14=0x00000069 PA:0x00101cd1 store:0x00101890
          42514	     21253	001000b4	04070e63	beq	x14,x0,100110	 x14:0x00000069  x0:0x00000000
          42518	     21255	001000b8	00e7a023	sw	x14,0(x15)	 x15:0x00020000 x14:0x00000069 PA:0x00020000 store:0x00000069 load:0x00000000
          42522	     21257	001000bc	00254283	lbu	x5,2(x10)	 x10:0x00101cd0  x5=0x00000063 PA:0x00101cd2 store:0x00137fa0
          42524	     21258	001000c0	04028863	beq	x5,x0,100110	  x5:0x00000063  x0:0x00000000
          42528	     21260	001000c4	0057a023	sw	x5,0(x15)	 x15:0x00020000  x5:0x00000063 PA:0x00020000 store:0x00000063 load:0x00000000
          42532	     21262	001000c8	00354303	lbu	x6,3(x10)	 x10:0x00101cd0  x6=0x0000006b PA:0x00101cd3 store:0x00000000
          42534	     21263	001000cc	04030263	beq	x6,x0,100110	  x6:0x0000006b  x0:0x00000000
          42538	     21265	001000d0	0067a023	sw	x6,0(x15)	 x15:0x00020000  x6:0x0000006b PA:0x00020000 store:0x0000006b load:0x00000000
          42542	     21267	001000d4	00454383	lbu	x7,4(x10)	 x10:0x00101cd0  x7=0x00000021 PA:0x00101cd4 store:0x00000000
          42544	     21268	001000d8	02038c63	beq	x7,x0,100110	  x7:0x00000021  x0:0x00000000
          42548	     21270	001000dc	0077a023	sw	x7,0(x15)	 x15:0x00020000  x7:0x00000021 PA:0x00020000 store:0x00000021 load:0x00000000
          42552	     21272	001000e0	00554583	lbu	x11,5(x10)	 x10:0x00101cd0 x11=0x0000000a PA:0x00101cd5 store:0x00000063
          42554	     21273	001000e4	02058663	beq	x11,x0,100110	 x11:0x0000000a  x0:0x00000000
          42558	     21275	001000e8	00b7a023	sw	x11,0(x15)	 x15:0x00020000 x11:0x0000000a PA:0x00020000 store:0x0000000a load:0x00000000
          42562	     21277	001000ec	00654603	lbu	x12,6(x10)	 x10:0x00101cd0 x12=0x00000000 PA:0x00101cd6 store:0x0000006b
          42566	     21279	001000f0	02060063	beq	x12,x0,100110	 x12:0x00000000  x0:0x00000000
          42570	     21281	00100110	00000513	addi	x10,x0,0	  x0:0x00000000 x10=0x00000000
          42574	     21283	00100114	00008067	jalr	x0,0(x1)	  x1:0x00101890  x0=0x00000000
          42576	     21284	00101890	10500073	wfi	
          46356	     23174	0010001c	6890006f	jal	x0,100ea4	  x0=0x00000000
          46360	     23176	00100ea4	e2dff06f	jal	x0,100cd0	  x0=0x00000000
          46362	     23177	00100cd0	fe010113	addi	x2,x2,-32	  x2:0x00137fa0  x2=0x00137f80
          46366	     23179	00100cd4	00f12423	sw	x15,8(x2)	  x2:0x00137f80 x15:0x00020000 PA:0x00137f88 store:0x00020000 load:0x00000a21
          46368	     23180	00100cd8	001027b7	lui	x15,0x102	 x15=0x00102000
          46372	     23182	00100cdc	00b12c23	sw	x11,24(x2)	  x2:0x00137f80 x11:0x0000000a PA:0x00137f98 store:0x0000000a load:0x00000a21
          46376	     23184	00100ce0	01012223	sw	x16,4(x2)	  x2:0x00137f80 x16:0x00000054 PA:0x00137f84 store:0x00000054 load:0x00000a21
          46380	     23186	00100ce4	ce07a583	lw	x11,-800(x15)	 x15:0x00102000 x11=0x000007d0 PA:0x00101ce0 store:0x00000000
          46384	     23188	00100ce8	ce47a803	lw	x16,-796(x15)	 x15:0x00102000 x16=0x00000000 PA:0x00101ce4 store:0x00000000
          46388	     23190	00100cec	00e12623	sw	x14,12(x2)	  x2:0x00137f80 x14:0x00000069 PA:0x00137f8c store:0x00000069 load:0x00000000
          46390	     23191	00100cf0	00030737	lui	x14,0x30	 x14=0x00030000
          46394	     23193	00100cf4	00c12a23	sw	x12,20(x2)	  x2:0x00137f80 x12:0x00000000 PA:0x00137f94 store:0x00000000 load:0x00000000
          46398	     23195	00100cf8	01112023	sw	x17,0(x2)	  x2:0x00137f80 x17:0x00030000 PA:0x00137f80 store:0x00030000 load:0x00000000
          46402	     23197	00100cfc	00a12e23	sw	x10,28(x2)	  x2:0x00137f80 x10:0x00000000 PA:0x00137f9c store:0x00000000 load:0x00000000
          46406	     23199	00100d00	00d12823	sw	x13,16(x2)	  x2:0x00137f80 x13:0x00004abb PA:0x00137f90 store:0x00004abb load:0x00000000
          46408	     23200	00100d04	00030637	lui	x12,0x30	 x12=0x00030000
          46410	     23201	00100d08	00470893	addi	x17,x14,4	 x14:0x00030000 x17=0x00030004
          46414	     23203	00100d0c	0008a783	lw	x15,0(x17)	 x17:0x00030004 x15=0x00000000 PA:0x00030004 store:0x00000000
          46418	     23205	00100d10	00062683	lw	x13,0(x12)	 x12:0x00030000 x13=0x00005aa3 PA:0x00030000 store:0x00000000
          46422	     23207	00100d14	0008a503	lw	x10,0(x17)	 x17:0x00030004 x10=0x00000000 PA:0x00030004 store:0x00000000
          46426	     23209	00100d18	06a78a63	beq	x15,x10,100d8c	 x15:0x00000000 x10:0x00000000
          46430	     23211	00100d8c	00b688b3	add	x17,x13,x11	 x13:0x00005aa3 x11:0x000007d0 x17=0x00006273
          46432	     23212	00100d90	00030637	lui	x12,0x30	 x12=0x00030000
          46434	     23213	00100d94	00d8b6b3	sltu	x13,x17,x13	 x17:0x00006273 x13:0x00005aa3 x13=0x00000000
          46436	     23214	00100d98	01078833	add	x16,x15,x16	 x15:0x00000000 x16:0x00000000 x16=0x00000000
          46438	     23215	00100d9c	fff00513	addi	x10,x0,-1	  x0:0x00000000 x10=0xffffffff
          46442	     23217	00100da0	00a62423	sw	x10,8(x12)	 x12:0x00030000 x10:0xffffffff PA:0x00030008 store:0xffffffff load:0x00005a7f
          46444	     23218	00100da4	010687b3	add	x15,x13,x16	 x13:0x00000000 x16:0x00000000 x15=0x00000000
          46446	     23219	00100da8	000305b7	lui	x11,0x30	 x11=0x00030000
          46450	     23221	00100dac	00f5a623	sw	x15,12(x11)	 x11:0x00030000 x15:0x00000000 PA:0x0003000c store:0x00000000 load:0x00000000
          46454	     23223	00100db0	01162423	sw	x17,8(x12)	 x12:0x00030000 x17:0x00006273 PA:0x00030008 store:0x00006273 load:0xffffffff
          46456	     23224	00100db4	001026b7	lui	x13,0x102	 x13=0x00102000
          46460	     23226	00100db8	ce86a703	lw	x14,-792(x13)	 x13:0x00102000 x14=0x00000001 PA:0x00101ce8 store:0x00000001
          46464	     23228	00100dbc	cec6a883	lw	x17,-788(x13)	 x13:0x00102000 x17=0x00000000 PA:0x00101cec store:0x00030000
          46468	     23230	00100dc0	01c12503	lw	x10,28(x2)	  x2:0x00137f80 x10=0x00000000 PA:0x00137f9c store:0x00000000
          46470	     23231	00100dc4	00170593	addi	x11,x14,1	 x14:0x00000001 x11=0x00000002
          46472	     23232	00100dc8	00e5b633	sltu	x12,x11,x14	 x11:0x00000002 x14:0x00000001 x12=0x00000000
          46474	     23233	00100dcc	01160833	add	x16,x12,x17	 x12:0x00000000 x17:0x00000000 x16=0x00000000
          46478	     23235	00100dd0	ceb6a423	sw	x11,-792(x13)	 x13:0x00102000 x11:0x00000002 PA:0x00101ce8 store:0x00000002 load:0x00000000
          46482	     23237	00100dd4	cf06a623	sw	x16,-788(x13)	 x13:0x00102000 x16:0x00000000 PA:0x00101cec store:0x00000000 load:0x00000000
          46486	     23239	00100dd8	01812583	lw	x11,24(x2)	  x2:0x00137f80 x11=0x0000000a PA:0x00137f98 store:0x00102000
          46490	     23241	00100ddc	01412603	lw	x12,20(x2)	  x2:0x00137f80 x12=0x00000000 PA:0x00137f94 store:0x00102000
          46494	     23243	00100de0	01012683	lw	x13,16(x2)	  x2:0x00137f80 x13=0x00004abb PA:0x00137f90 store:0x00000000
          46498	     23245	00100de4	00c12703	lw	x14,12(x2)	  x2:0x00137f80 x14=0x00000069 PA:0x00137f8c store:0x00000000
          46502	     23247	00100de8	00812783	lw	x15,8(x2)	  x2:0x00137f80 x15=0x00020000 PA:0x00137f88 store:0x00000001
          46506	     23249	00100dec	00412803	lw	x16,4(x2)	  x2:0x00137f80 x16=0x00000054 PA:0x00137f84 store:0x00000000
          46510	     23251	00100df0	00012883	lw	x17,0(x2)	  x2:0x00137f80 x17=0x00030000 PA:0x00137f80 store:0x00000000
          46512	     23252	00100df4	02010113	addi	x2,x2,32	  x2:0x00137f80  x2=0x00137fa0
          46514	     23253	00100df8	30200073	mret	
          46520	     23256	00101894	02049a63	bne	x9,x0,1018c8	  x9:0x00000000  x0:0x00000000
          46522	     23257	00101898	028de863	bltu	x27,x8,1018c8	 x27:0x00000004  x8:0x00000001
          46526	     23259	0010189c	c24ff0ef	jal	x1,100cc0	  x1=0x001018a0
          46528	     23260	00100cc0	001027b7	lui	x15,0x102	 x15=0x00102000
          46532	     23262	00100cc4	ce87a503	lw	x10,-792(x15)	 x15:0x00102000 x10=0x00000002 PA:0x00101ce8 store:0x00000001
          46536	     23264	00100cc8	cec7a583	lw	x11,-788(x15)	 x15:0x00102000 x11=0x00000000 PA:0x00101cec store:0x00000000
          46540	     23266	00100ccc	00008067	jalr	x0,0(x1)	  x1:0x001018a0  x0=0x00000000
          46542	     23267	001018a0	00040913	addi	x18,x8,0	  x8:0x00000001 x18=0x00000001
          46544	     23268	001018a4	00050413	addi	x8,x10,0	 x10:0x00000002  x8=0x00000002
          46546	     23269	001018a8	00048b13	addi	x22,x9,0	  x9:0x00000000 x22=0x00000000
          46548	     23270	001018ac	00157713	andi	x14,x10,1	 x10:0x00000002 x14=0x00000000
          46550	     23271	001018b0	00058493	addi	x9,x11,0	 x11:0x00000000  x9=0x00000000
          46552	     23272	001018b4	cd0c0513	addi	x10,x24,-816	 x24:0x00102000 x10=0x00101cd0
          46556	     23274	001018b8	fd2416e3	bne	x8,x18,101884	  x8:0x00000002 x18:0x00000001
          46560	     23276	00101884	00071463	bne	x14,x0,10188c	 x14:0x00000000  x0:0x00000000
          46562	     23277	00101888	cd8d0513	addi	x10,x26,-808	 x26:0x00102000 x10=0x00101cd8
          46566	     23279	0010188c	815fe0ef	jal	x1,1000a0	  x1=0x00101890
          46570	     23281	001000a0	00054803	lbu	x16,0(x10)	 x10:0x00101cd8 x16=0x00000054 PA:0x00101cd8 store:0x00000000
          46572	     23282	001000a4	06080663	beq	x16,x0,100110	 x16:0x00000054  x0:0x00000000
          46574	     23283	001000a8	000207b7	lui	x15,0x20	 x15=0x00020000
          46578	     23285	001000ac	0107a023	sw	x16,0(x15)	 x15:0x00020000 x16:0x00000054 PA:0x00020000 store:0x00000054 load:0x00000000
          46582	     23287	001000b0	00154703	lbu	x14,1(x10)	 x10:0x00101cd8 x14=0x0000006f PA:0x00101cd9 store:0x00101890
          46584	     23288	001000b4	04070e63	beq	x14,x0,100110	 x14:0x0000006f  x0:0x00000000
          46588	     23290	001000b8	00e7a023	sw	x14,0(x15)	 x15:0x00020000 x14:0x0000006f PA:0x00020000 store:0x0000006f load:0x00000000
          46592	     23292	001000bc	00254283	lbu	x5,2(x10)	 x10:0x00101cd8  x5=0x00000063 PA:0x00101cda store:0x00137fa0
          46594	     23293	001000c0	04028863	beq	x5,x0,100110	  x5:0x00000063  x0:0x00000000
          46598	     23295	001000c4	0057a023	sw	x5,0(x15)	 x15:0x00020000  x5:0x00000063 PA:0x00020000 store:0x00000063 load:0x00000000
          46602	     23297	001000c8	00354303	lbu	x6,3(x10)	 x10:0x00101cd8  x6=0x0000006b PA:0x00101cdb store:0x00000000
          46604	     23298	001000cc	04030263	beq	x6,x0,100110	  x6:0x0000006b  x0:0x00000000
          46608	     23300	001000d0	0067a023	sw	x6,0(x15)	 x15:0x00020000  x6:0x0000006b PA:0x00020000 store:0x0000006b load:0x00000000
          46612	     23302	001000d4	00454383	lbu	x7,4(x10)	 x10:0x00101cd8  x7=0x00000021 PA:0x00101cdc store:0x00000000
          46614	     23303	001000d8	02038c63	beq	x7,x0,100110	  x7:0x00000021  x0:0x00000000
          46618	     23305	001000dc	0077a023	sw	x7,0(x15)	 x15:0x00020000  x7:0x00000021 PA:0x00020000 store:0x00000021 load:0x00000000
          46622	     23307	001000e0	00554583	lbu	x11,5(x10)	 x10:0x00101cd8 x11=0x0000000a PA:0x00101cdd store:0x00000063
          46624	     23308	001000e4	02058663	beq	x11,x0,100110	 x11:0x0000000a  x0:0x00000000
          46628	     23310	001000e8	00b7a023	sw	x11,0(x15)	 x15:0x00020000 x11:0x0000000a PA:0x00020000 store:0x0000000a load:0x00000000
          46632	     23312	001000ec	00654603	lbu	x12,6(x10)	 x10:0x00101cd8 x12=0x00000000 PA:0x00101cde store:0x0000006b
          46636	     23314	001000f0	02060063	beq	x12,x0,100110	 x12:0x00000000  x0:0x00000000
          46640	     23316	00100110	00000513	addi	x10,x0,0	  x0:0x00000000 x10=0x00000000
          46644	     23318	00100114	00008067	jalr	x0,0(x1)	  x1:0x00101890  x0=0x00000000
          46646	     23319	00101890	10500073	wfi	
          50428	     25210	0010001c	6890006f	jal	x0,100ea4	  x0=0x00000000
          50432	     25212	00100ea4	e2dff06f	jal	x0,100cd0	  x0=0x00000000
          50434	     25213	00100cd0	fe010113	addi	x2,x2,-32	  x2:0x00137fa0  x2=0x00137f80
          50438	     25215	00100cd4	00f12423	sw	x15,8(x2)	  x2:0x00137f80 x15:0x00020000 PA:0x00137f88 store:0x00020000 load:0x00000a21
          50440	     25216	00100cd8	001027b7	lui	x15,0x102	 x15=0x00102000
          50444	     25218	00100cdc	00b12c23	sw	x11,24(x2)	  x2:0x00137f80 x11:0x0000000a PA:0x00137f98 store:0x0000000a load:0x00000a21
          50448	     25220	00100ce0	01012223	sw	x16,4(x2)	  x2:0x00137f80 x16:0x00000054 PA:0x00137f84 store:0x00000054 load:0x00000a21
          50452	     25222	00100ce4	ce07a583	lw	x11,-800(x15)	 x15:0x00102000 x11=0x000007d0 PA:0x00101ce0 store:0x00000000
          50456	     25224	00100ce8	ce47a803	lw	x16,-796(x15)	 x15:0x00102000 x16=0x00000000 PA:0x00101ce4 store:0x00000000
          50460	     25226	00100cec	00e12623	sw	x14,12(x2)	  x2:0x00137f80 x14:0x0000006f PA:0x00137f8c store:0x0000006f load:0x00000000
          50462	     25227	00100cf0	00030737	lui	x14,0x30	 x14=0x00030000
          50466	     25229	00100cf4	00c12a23	sw	x12,20(x2)	  x2:0x00137f80 x12:0x00000000 PA:0x00137f94 store:0x00000000 load:0x00000000
          50470	     25231	00100cf8	01112023	sw	x17,0(x2)	  x2:0x00137f80 x17:0x00030000 PA:0x00137f80 store:0x00030000 load:0x00000000
          50474	     25233	00100cfc	00a12e23	sw	x10,28(x2)	  x2:0x00137f80 x10:0x00000000 PA:0x00137f9c store:0x00000000 load:0x00000000
          50478	     25235	00100d00	00d12823	sw	x13,16(x2)	  x2:0x00137f80 x13:0x00004abb PA:0x00137f90 store:0x00004abb load:0x00000000
          50480	     25236	00100d04	00030637	lui	x12,0x30	 x12=0x00030000
          50482	     25237	00100d08	00470893	addi	x17,x14,4	 x14:0x00030000 x17=0x00030004
          50486	     25239	00100d0c	0008a783	lw	x15,0(x17)	 x17:0x00030004 x15=0x00000000 PA:0x00030004 store:0x00000000
          50490	     25241	00100d10	00062683	lw	x13,0(x12)	 x12:0x00030000 x13=0x00006297 PA:0x00030000 store:0x00000000
          50494	     25243	00100d14	0008a503	lw	x10,0(x17)	 x17:0x00030004 x10=0x00000000 PA:0x00030004 store:0x00000000
          50498	     25245	00100d18	06a78a63	beq	x15,x10,100d8c	 x15:0x00000000 x10:0x00000000
          50502	     25247	00100d8c	00b688b3	add	x17,x13,x11	 x13:0x00006297 x11:0x000007d0 x17=0x00006a67
          50504	     25248	00100d90	00030637	lui	x12,0x30	 x12=0x00030000
          50506	     25249	00100d94	00d8b6b3	sltu	x13,x17,x13	 x17:0x00006a67 x13:0x00006297 x13=0x00000000
          50508	     25250	00100d98	01078833	add	x16,x15,x16	 x15:0x00000000 x16:0x00000000 x16=0x00000000
          50510	     25251	00100d9c	fff00513	addi	x10,x0,-1	  x0:0x00000000 x10=0xffffffff
          50514	     25253	00100da0	00a62423	sw	x10,8(x12)	 x12:0x00030000 x10:0xffffffff PA:0x00030008 store:0xffffffff load:0x00006273
          50516	     25254	00100da4	010687b3	add	x15,x13,x16	 x13:0x00000000 x16:0x00000000 x15=0x00000000
          50518	     25255	00100da8	000305b7	lui	x11,0x30	 x11=0x00030000
          50522	     25257	00100dac	00f5a623	sw	x15,12(x11)	 x11:0x00030000 x15:0x00000000 PA:0x0003000c store:0x00000000 load:0x00000000
          50526	     25259	00100db0	01162423	sw	x17,8(x12)	 x12:0x00030000 x17:0x00006a67 PA:0x00030008 store:0x00006a67 load:0xffffffff
          50528	     25260	00100db4	001026b7	lui	x13,0x102	 x13=0x00102000
          50532	     25262	00100db8	ce86a703	lw	x14,-792(x13)	 x13:0x00102000 x14=0x00000002 PA:0x00101ce8 store:0x00000002
          50536	     25264	00100dbc	cec6a883	lw	x17,-788(x13)	 x13:0x00102000 x17=0x00000000 PA:0x00101cec store:0x00030000
          50540	     25266	00100dc0	01c12503	lw	x10,28(x2)	  x2:0x00137f80 x10=0x00000000 PA:0x00137f9c store:0x00000000
          50542	     25267	00100dc4	00170593	addi	x11,x14,1	 x14:0x00000002 x11=0x00000003
          50544	     25268	00100dc8	00e5b633	sltu	x12,x11,x14	 x11:0x00000003 x14:0x00000002 x12=0x00000000
          50546	     25269	00100dcc	01160833	add	x16,x12,x17	 x12:0x00000000 x17:0x00000000 x16=0x00000000
          50550	     25271	00100dd0	ceb6a423	sw	x11,-792(x13)	 x13:0x00102000 x11:0x00000003 PA:0x00101ce8 store:0x00000003 load:0x00000000
          50554	     25273	00100dd4	cf06a623	sw	x16,-788(x13)	 x13:0x00102000 x16:0x00000000 PA:0x00101cec store:0x00000000 load:0x00000000
          50558	     25275	00100dd8	01812583	lw	x11,24(x2)	  x2:0x00137f80 x11=0x0000000a PA:0x00137f98 store:0x00102000
          50562	     25277	00100ddc	01412603	lw	x12,20(x2)	  x2:0x00137f80 x12=0x00000000 PA:0x00137f94 store:0x00102000
          50566	     25279	00100de0	01012683	lw	x13,16(x2)	  x2:0x00137f80 x13=0x00004abb PA:0x00137f90 store:0x00000000
          50570	     25281	00100de4	00c12703	lw	x14,12(x2)	  x2:0x00137f80 x14=0x0000006f PA:0x00137f8c store:0x00000000
          50574	     25283	00100de8	00812783	lw	x15,8(x2)	  x2:0x00137f80 x15=0x00020000 PA:0x00137f88 store:0x00000002
          50578	     25285	00100dec	00412803	lw	x16,4(x2)	  x2:0x00137f80 x16=0x00000054 PA:0x00137f84 store:0x00000000
          50582	     25287	00100df0	00012883	lw	x17,0(x2)	  x2:0x00137f80 x17=0x00030000 PA:0x00137f80 store:0x00000000
          50584	     25288	00100df4	02010113	addi	x2,x2,32	  x2:0x00137f80  x2=0x00137fa0
          50586	     25289	00100df8	30200073	mret	
          50592	     25292	00101894	02049a63	bne	x9,x0,1018c8	  x9:0x00000000  x0:0x00000000
          50594	     25293	00101898	028de863	bltu	x27,x8,1018c8	 x27:0x00000004  x8:0x00000002
          50598	     25295	0010189c	c24ff0ef	jal	x1,100cc0	  x1=0x001018a0
          50600	     25296	00100cc0	001027b7	lui	x15,0x102	 x15=0x00102000
          50604	     25298	00100cc4	ce87a503	lw	x10,-792(x15)	 x15:0x00102000 x10=0x00000003 PA:0x00101ce8 store:0x00000002
          50608	     25300	00100cc8	cec7a583	lw	x11,-788(x15)	 x15:0x00102000 x11=0x00000000 PA:0x00101cec store:0x00000000
          50612	     25302	00100ccc	00008067	jalr	x0,0(x1)	  x1:0x001018a0  x0=0x00000000
          50614	     25303	001018a0	00040913	addi	x18,x8,0	  x8:0x00000002 x18=0x00000002
          50616	     25304	001018a4	00050413	addi	x8,x10,0	 x10:0x00000003  x8=0x00000003
          50618	     25305	001018a8	00048b13	addi	x22,x9,0	  x9:0x00000000 x22=0x00000000
          50620	     25306	001018ac	00157713	andi	x14,x10,1	 x10:0x00000003 x14=0x00000001
          50622	     25307	001018b0	00058493	addi	x9,x11,0	 x11:0x00000000  x9=0x00000000
          50624	     25308	001018b4	cd0c0513	addi	x10,x24,-816	 x24:0x00102000 x10=0x00101cd0
          50628	     25310	001018b8	fd2416e3	bne	x8,x18,101884	  x8:0x00000003 x18:0x00000002
          50634	     25313	00101884	00071463	bne	x14,x0,10188c	 x14:0x00000001  x0:0x00000000
          50640	     25316	0010188c	815fe0ef	jal	x1,1000a0	  x1=0x00101890
          50644	     25318	001000a0	00054803	lbu	x16,0(x10)	 x10:0x00101cd0 x16=0x00000054 PA:0x00101cd0 store:0x00000000
          50646	     25319	001000a4	06080663	beq	x16,x0,100110	 x16:0x00000054  x0:0x00000000
          50648	     25320	001000a8	000207b7	lui	x15,0x20	 x15=0x00020000
          50652	     25322	001000ac	0107a023	sw	x16,0(x15)	 x15:0x00020000 x16:0x00000054 PA:0x00020000 store:0x00000054 load:0x00000000
          50656	     25324	001000b0	00154703	lbu	x14,1(x10)	 x10:0x00101cd0 x14=0x00000069 PA:0x00101cd1 store:0x00101890
          50658	     25325	001000b4	04070e63	beq	x14,x0,100110	 x14:0x00000069  x0:0x00000000
          50662	     25327	001000b8	00e7a023	sw	x14,0(x15)	 x15:0x00020000 x14:0x00000069 PA:0x00020000 store:0x00000069 load:0x00000000
          50666	     25329	001000bc	00254283	lbu	x5,2(x10)	 x10:0x00101cd0  x5=0x00000063 PA:0x00101cd2 store:0x00137fa0
          50668	     25330	001000c0	04028863	beq	x5,x0,100110	  x5:0x00000063  x0:0x00000000
          50672	     25332	001000c4	0057a023	sw	x5,0(x15)	 x15:0x00020000  x5:0x00000063 PA:0x00020000 store:0x00000063 load:0x00000000
          50676	     25334	001000c8	00354303	lbu	x6,3(x10)	 x10:0x00101cd0  x6=0x0000006b PA:0x00101cd3 store:0x00000000
          50678	     25335	001000cc	04030263	beq	x6,x0,100110	  x6:0x0000006b  x0:0x00000000
          50682	     25337	001000d0	0067a023	sw	x6,0(x15)	 x15:0x00020000  x6:0x0000006b PA:0x00020000 store:0x0000006b load:0x00000000
          50686	     25339	001000d4	00454383	lbu	x7,4(x10)	 x10:0x00101cd0  x7=0x00000021 PA:0x00101cd4 store:0x00000000
          50688	     25340	001000d8	02038c63	beq	x7,x0,100110	  x7:0x00000021  x0:0x00000000
          50692	     25342	001000dc	0077a023	sw	x7,0(x15)	 x15:0x00020000  x7:0x00000021 PA:0x00020000 store:0x00000021 load:0x00000000
          50696	     25344	001000e0	00554583	lbu	x11,5(x10)	 x10:0x00101cd0 x11=0x0000000a PA:0x00101cd5 store:0x00000063
          50698	     25345	001000e4	02058663	beq	x11,x0,100110	 x11:0x0000000a  x0:0x00000000
          50702	     25347	001000e8	00b7a023	sw	x11,0(x15)	 x15:0x00020000 x11:0x0000000a PA:0x00020000 store:0x0000000a load:0x00000000
          50706	     25349	001000ec	00654603	lbu	x12,6(x10)	 x10:0x00101cd0 x12=0x00000000 PA:0x00101cd6 store:0x0000006b
          50710	     25351	001000f0	02060063	beq	x12,x0,100110	 x12:0x00000000  x0:0x00000000
          50714	     25353	00100110	00000513	addi	x10,x0,0	  x0:0x00000000 x10=0x00000000
          50718	     25355	00100114	00008067	jalr	x0,0(x1)	  x1:0x00101890  x0=0x00000000
          50720	     25356	00101890	10500073	wfi	
          54500	     27246	0010001c	6890006f	jal	x0,100ea4	  x0=0x00000000
          54504	     27248	00100ea4	e2dff06f	jal	x0,100cd0	  x0=0x00000000
          54506	     27249	00100cd0	fe010113	addi	x2,x2,-32	  x2:0x00137fa0  x2=0x00137f80
          54510	     27251	00100cd4	00f12423	sw	x15,8(x2)	  x2:0x00137f80 x15:0x00020000 PA:0x00137f88 store:0x00020000 load:0x00000a21
          54512	     27252	00100cd8	001027b7	lui	x15,0x102	 x15=0x00102000
          54516	     27254	00100cdc	00b12c23	sw	x11,24(x2)	  x2:0x00137f80 x11:0x0000000a PA:0x00137f98 store:0x0000000a load:0x00000a21
          54520	     27256	00100ce0	01012223	sw	x16,4(x2)	  x2:0x00137f80 x16:0x00000054 PA:0x00137f84 store:0x00000054 load:0x00000a21
          54524	     27258	00100ce4	ce07a583	lw	x11,-800(x15)	 x15:0x00102000 x11=0x000007d0 PA:0x00101ce0 store:0x00000000
          54528	     27260	00100ce8	ce47a803	lw	x16,-796(x15)	 x15:0x00102000 x16=0x00000000 PA:0x00101ce4 store:0x00000000
          54532	     27262	00100cec	00e12623	sw	x14,12(x2)	  x2:0x00137f80 x14:0x00000069 PA:0x00137f8c store:0x00000069 load:0x00000000
          54534	     27263	00100cf0	00030737	lui	x14,0x30	 x14=0x00030000
          54538	     27265	00100cf4	00c12a23	sw	x12,20(x2)	  x2:0x00137f80 x12:0x00000000 PA:0x00137f94 store:0x00000000 load:0x00000000
          54542	     27267	00100cf8	01112023	sw	x17,0(x2)	  x2:0x00137f80 x17:0x00030000 PA:0x00137f80 store:0x00030000 load:0x00000000
          54546	     27269	00100cfc	00a12e23	sw	x10,28(x2)	  x2:0x00137f80 x10:0x00000000 PA:0x00137f9c store:0x00000000 load:0x00000000
          54550	     27271	00100d00	00d12823	sw	x13,16(x2)	  x2:0x00137f80 x13:0x00004abb PA:0x00137f90 store:0x00004abb load:0x00000000
          54552	     27272	00100d04	00030637	lui	x12,0x30	 x12=0x00030000
          54554	     27273	00100d08	00470893	addi	x17,x14,4	 x14:0x00030000 x17=0x00030004
          54558	     27275	00100d0c	0008a783	lw	x15,0(x17)	 x17:0x00030004 x15=0x00000000 PA:0x00030004 store:0x00000000
          54562	     27277	00100d10	00062683	lw	x13,0(x12)	 x12:0x00030000 x13=0x00006a8b PA:0x00030000 store:0x00000000
          54566	     27279	00100d14	0008a503	lw	x10,0(x17)	 x17:0x00030004 x10=0x00000000 PA:0x00030004 store:0x00000000
          54570	     27281	00100d18	06a78a63	beq	x15,x10,100d8c	 x15:0x00000000 x10:0x00000000
          54574	     27283	00100d8c	00b688b3	add	x17,x13,x11	 x13:0x00006a8b x11:0x000007d0 x17=0x0000725b
          54576	     27284	00100d90	00030637	lui	x12,0x30	 x12=0x00030000
          54578	     27285	00100d94	00d8b6b3	sltu	x13,x17,x13	 x17:0x0000725b x13:0x00006a8b x13=0x00000000
          54580	     27286	00100d98	01078833	add	x16,x15,x16	 x15:0x00000000 x16:0x00000000 x16=0x00000000
          54582	     27287	00100d9c	fff00513	addi	x10,x0,-1	  x0:0x00000000 x10=0xffffffff
          54586	     27289	00100da0	00a62423	sw	x10,8(x12)	 x12:0x00030000 x10:0xffffffff PA:0x00030008 store:0xffffffff load:0x00006a67
          54588	     27290	00100da4	010687b3	add	x15,x13,x16	 x13:0x00000000 x16:0x00000000 x15=0x00000000
          54590	     27291	00100da8	000305b7	lui	x11,0x30	 x11=0x00030000
          54594	     27293	00100dac	00f5a623	sw	x15,12(x11)	 x11:0x00030000 x15:0x00000000 PA:0x0003000c store:0x00000000 load:0x00000000
          54598	     27295	00100db0	01162423	sw	x17,8(x12)	 x12:0x00030000 x17:0x0000725b PA:0x00030008 store:0x0000725b load:0xffffffff
          54600	     27296	00100db4	001026b7	lui	x13,0x102	 x13=0x00102000
          54604	     27298	00100db8	ce86a703	lw	x14,-792(x13)	 x13:0x00102000 x14=0x00000003 PA:0x00101ce8 store:0x00000003
          54608	     27300	00100dbc	cec6a883	lw	x17,-788(x13)	 x13:0x00102000 x17=0x00000000 PA:0x00101cec store:0x00030000
          54612	     27302	00100dc0	01c12503	lw	x10,28(x2)	  x2:0x00137f80 x10=0x00000000 PA:0x00137f9c store:0x00000000
          54614	     27303	00100dc4	00170593	addi	x11,x14,1	 x14:0x00000003 x11=0x00000004
          54616	     27304	00100dc8	00e5b633	sltu	x12,x11,x14	 x11:0x00000004 x14:0x00000003 x12=0x00000000
          54618	     27305	00100dcc	01160833	add	x16,x12,x17	 x12:0x00000000 x17:0x00000000 x16=0x00000000
          54622	     27307	00100dd0	ceb6a423	sw	x11,-792(x13)	 x13:0x00102000 x11:0x00000004 PA:0x00101ce8 store:0x00000004 load:0x00000000
          54626	     27309	00100dd4	cf06a623	sw	x16,-788(x13)	 x13:0x00102000 x16:0x00000000 PA:0x00101cec store:0x00000000 load:0x00000000
          54630	     27311	00100dd8	01812583	lw	x11,24(x2)	  x2:0x00137f80 x11=0x0000000a PA:0x00137f98 store:0x00102000
          54634	     27313	00100ddc	01412603	lw	x12,20(x2)	  x2:0x00137f80 x12=0x00000000 PA:0x00137f94 store:0x00102000
          54638	     27315	00100de0	01012683	lw	x13,16(x2)	  x2:0x00137f80 x13=0x00004abb PA:0x00137f90 store:0x00000000
          54642	     27317	00100de4	00c12703	lw	x14,12(x2)	  x2:0x00137f80 x14=0x00000069 PA:0x00137f8c store:0x00000000
          54646	     27319	00100de8	00812783	lw	x15,8(x2)	  x2:0x00137f80 x15=0x00020000 PA:0x00137f88 store:0x00000003
          54650	     27321	00100dec	00412803	lw	x16,4(x2)	  x2:0x00137f80 x16=0x00000054 PA:0x00137f84 store:0x00000000
          54654	     27323	00100df0	00012883	lw	x17,0(x2)	  x2:0x00137f80 x17=0x00030000 PA:0x00137f80 store:0x00000000
          54656	     27324	00100df4	02010113	addi	x2,x2,32	  x2:0x00137f80  x2=0x00137fa0
          54658	     27325	00100df8	30200073	mret	
          54664	     27328	00101894	02049a63	bne	x9,x0,1018c8	  x9:0x00000000  x0:0x00000000
          54666	     27329	00101898	028de863	bltu	x27,x8,1018c8	 x27:0x00000004  x8:0x00000003
          54670	     27331	0010189c	c24ff0ef	jal	x1,100cc0	  x1=0x001018a0
          54672	     27332	00100cc0	001027b7	lui	x15,0x102	 x15=0x00102000
          54676	     27334	00100cc4	ce87a503	lw	x10,-792(x15)	 x15:0x00102000 x10=0x00000004 PA:0x00101ce8 store:0x00000003
          54680	     27336	00100cc8	cec7a583	lw	x11,-788(x15)	 x15:0x00102000 x11=0x00000000 PA:0x00101cec store:0x00000000
          54684	     27338	00100ccc	00008067	jalr	x0,0(x1)	  x1:0x001018a0  x0=0x00000000
          54686	     27339	001018a0	00040913	addi	x18,x8,0	  x8:0x00000003 x18=0x00000003
          54688	     27340	001018a4	00050413	addi	x8,x10,0	 x10:0x00000004  x8=0x00000004
          54690	     27341	001018a8	00048b13	addi	x22,x9,0	  x9:0x00000000 x22=0x00000000
          54692	     27342	001018ac	00157713	andi	x14,x10,1	 x10:0x00000004 x14=0x00000000
          54694	     27343	001018b0	00058493	addi	x9,x11,0	 x11:0x00000000  x9=0x00000000
          54696	     27344	001018b4	cd0c0513	addi	x10,x24,-816	 x24:0x00102000 x10=0x00101cd0
          54700	     27346	001018b8	fd2416e3	bne	x8,x18,101884	  x8:0x00000004 x18:0x00000003
          54704	     27348	00101884	00071463	bne	x14,x0,10188c	 x14:0x00000000  x0:0x00000000
          54706	     27349	00101888	cd8d0513	addi	x10,x26,-808	 x26:0x00102000 x10=0x00101cd8
          54710	     27351	0010188c	815fe0ef	jal	x1,1000a0	  x1=0x00101890
          54714	     27353	001000a0	00054803	lbu	x16,0(x10)	 x10:0x00101cd8 x16=0x00000054 PA:0x00101cd8 store:0x00000000
          54716	     27354	001000a4	06080663	beq	x16,x0,100110	 x16:0x00000054  x0:0x00000000
          54718	     27355	001000a8	000207b7	lui	x15,0x20	 x15=0x00020000
          54722	     27357	001000ac	0107a023	sw	x16,0(x15)	 x15:0x00020000 x16:0x00000054 PA:0x00020000 store:0x00000054 load:0x00000000
          54726	     27359	001000b0	00154703	lbu	x14,1(x10)	 x10:0x00101cd8 x14=0x0000006f PA:0x00101cd9 store:0x00101890
          54728	     27360	001000b4	04070e63	beq	x14,x0,100110	 x14:0x0000006f  x0:0x00000000
          54732	     27362	001000b8	00e7a023	sw	x14,0(x15)	 x15:0x00020000 x14:0x0000006f PA:0x00020000 store:0x0000006f load:0x00000000
          54736	     27364	001000bc	00254283	lbu	x5,2(x10)	 x10:0x00101cd8  x5=0x00000063 PA:0x00101cda store:0x00137fa0
          54738	     27365	001000c0	04028863	beq	x5,x0,100110	  x5:0x00000063  x0:0x00000000
          54742	     27367	001000c4	0057a023	sw	x5,0(x15)	 x15:0x00020000  x5:0x00000063 PA:0x00020000 store:0x00000063 load:0x00000000
          54746	     27369	001000c8	00354303	lbu	x6,3(x10)	 x10:0x00101cd8  x6=0x0000006b PA:0x00101cdb store:0x00000000
          54748	     27370	001000cc	04030263	beq	x6,x0,100110	  x6:0x0000006b  x0:0x00000000
          54752	     27372	001000d0	0067a023	sw	x6,0(x15)	 x15:0x00020000  x6:0x0000006b PA:0x00020000 store:0x0000006b load:0x00000000
          54756	     27374	001000d4	00454383	lbu	x7,4(x10)	 x10:0x00101cd8  x7=0x00000021 PA:0x00101cdc store:0x00000000
          54758	     27375	001000d8	02038c63	beq	x7,x0,100110	  x7:0x00000021  x0:0x00000000
          54762	     27377	001000dc	0077a023	sw	x7,0(x15)	 x15:0x00020000  x7:0x00000021 PA:0x00020000 store:0x00000021 load:0x00000000
          54766	     27379	001000e0	00554583	lbu	x11,5(x10)	 x10:0x00101cd8 x11=0x0000000a PA:0x00101cdd store:0x00000063
          54768	     27380	001000e4	02058663	beq	x11,x0,100110	 x11:0x0000000a  x0:0x00000000
          54772	     27382	001000e8	00b7a023	sw	x11,0(x15)	 x15:0x00020000 x11:0x0000000a PA:0x00020000 store:0x0000000a load:0x00000000
          54776	     27384	001000ec	00654603	lbu	x12,6(x10)	 x10:0x00101cd8 x12=0x00000000 PA:0x00101cde store:0x0000006b
          54780	     27386	001000f0	02060063	beq	x12,x0,100110	 x12:0x00000000  x0:0x00000000
          54784	     27388	00100110	00000513	addi	x10,x0,0	  x0:0x00000000 x10=0x00000000
          54788	     27390	00100114	00008067	jalr	x0,0(x1)	  x1:0x00101890  x0=0x00000000
          54790	     27391	00101890	10500073	wfi	
          58572	     29282	0010001c	6890006f	jal	x0,100ea4	  x0=0x00000000
          58576	     29284	00100ea4	e2dff06f	jal	x0,100cd0	  x0=0x00000000
          58578	     29285	00100cd0	fe010113	addi	x2,x2,-32	  x2:0x00137fa0  x2=0x00137f80
          58582	     29287	00100cd4	00f12423	sw	x15,8(x2)	  x2:0x00137f80 x15:0x00020000 PA:0x00137f88 store:0x00020000 load:0x00000a21
          58584	     29288	00100cd8	001027b7	lui	x15,0x102	 x15=0x00102000
          58588	     29290	00100cdc	00b12c23	sw	x11,24(x2)	  x2:0x00137f80 x11:0x0000000a PA:0x00137f98 store:0x0000000a load:0x00000a21
          58592	     29292	00100ce0	01012223	sw	x16,4(x2)	  x2:0x00137f80 x16:0x00000054 PA:0x00137f84 store:0x00000054 load:0x00000a21
          58596	     29294	00100ce4	ce07a583	lw	x11,-800(x15)	 x15:0x00102000 x11=0x000007d0 PA:0x00101ce0 store:0x00000000
          58600	     29296	00100ce8	ce47a803	lw	x16,-796(x15)	 x15:0x00102000 x16=0x00000000 PA:0x00101ce4 store:0x00000000
          58604	     29298	00100cec	00e12623	sw	x14,12(x2)	  x2:0x00137f80 x14:0x0000006f PA:0x00137f8c store:0x0000006f load:0x00000000
          58606	     29299	00100cf0	00030737	lui	x14,0x30	 x14=0x00030000
          58610	     29301	00100cf4	00c12a23	sw	x12,20(x2)	  x2:0x00137f80 x12:0x00000000 PA:0x00137f94 store:0x00000000 load:0x00000000
          58614	     29303	00100cf8	01112023	sw	x17,0(x2)	  x2:0x00137f80 x17:0x00030000 PA:0x00137f80 store:0x00030000 load:0x00000000
          58618	     29305	00100cfc	00a12e23	sw	x10,28(x2)	  x2:0x00137f80 x10:0x00000000 PA:0x00137f9c store:0x00000000 load:0x00000000
          58622	     29307	00100d00	00d12823	sw	x13,16(x2)	  x2:0x00137f80 x13:0x00004abb PA:0x00137f90 store:0x00004abb load:0x00000000
          58624	     29308	00100d04	00030637	lui	x12,0x30	 x12=0x00030000
          58626	     29309	00100d08	00470893	addi	x17,x14,4	 x14:0x00030000 x17=0x00030004
          58630	     29311	00100d0c	0008a783	lw	x15,0(x17)	 x17:0x00030004 x15=0x00000000 PA:0x00030004 store:0x00000000
          58634	     29313	00100d10	00062683	lw	x13,0(x12)	 x12:0x00030000 x13=0x0000727f PA:0x00030000 store:0x00000000
          58638	     29315	00100d14	0008a503	lw	x10,0(x17)	 x17:0x00030004 x10=0x00000000 PA:0x00030004 store:0x00000000
          58642	     29317	00100d18	06a78a63	beq	x15,x10,100d8c	 x15:0x00000000 x10:0x00000000
          58646	     29319	00100d8c	00b688b3	add	x17,x13,x11	 x13:0x0000727f x11:0x000007d0 x17=0x00007a4f
          58648	     29320	00100d90	00030637	lui	x12,0x30	 x12=0x00030000
          58650	     29321	00100d94	00d8b6b3	sltu	x13,x17,x13	 x17:0x00007a4f x13:0x0000727f x13=0x00000000
          58652	     29322	00100d98	01078833	add	x16,x15,x16	 x15:0x00000000 x16:0x00000000 x16=0x00000000
          58654	     29323	00100d9c	fff00513	addi	x10,x0,-1	  x0:0x00000000 x10=0xffffffff
          58658	     29325	00100da0	00a62423	sw	x10,8(x12)	 x12:0x00030000 x10:0xffffffff PA:0x00030008 store:0xffffffff load:0x0000725b
          58660	     29326	00100da4	010687b3	add	x15,x13,x16	 x13:0x00000000 x16:0x00000000 x15=0x00000000
          58662	     29327	00100da8	000305b7	lui	x11,0x30	 x11=0x00030000
          58666	     29329	00100dac	00f5a623	sw	x15,12(x11)	 x11:0x00030000 x15:0x00000000 PA:0x0003000c store:0x00000000 load:0x00000000
          58670	     29331	00100db0	01162423	sw	x17,8(x12)	 x12:0x00030000 x17:0x00007a4f PA:0x00030008 store:0x00007a4f load:0xffffffff
          58672	     29332	00100db4	001026b7	lui	x13,0x102	 x13=0x00102000
          58676	     29334	00100db8	ce86a703	lw	x14,-792(x13)	 x13:0x00102000 x14=0x00000004 PA:0x00101ce8 store:0x00000004
          58680	     29336	00100dbc	cec6a883	lw	x17,-788(x13)	 x13:0x00102000 x17=0x00000000 PA:0x00101cec store:0x00030000
          58684	     29338	00100dc0	01c12503	lw	x10,28(x2)	  x2:0x00137f80 x10=0x00000000 PA:0x00137f9c store:0x00000000
          58686	     29339	00100dc4	00170593	addi	x11,x14,1	 x14:0x00000004 x11=0x00000005
          58688	     29340	00100dc8	00e5b633	sltu	x12,x11,x14	 x11:0x00000005 x14:0x00000004 x12=0x00000000
          58690	     29341	00100dcc	01160833	add	x16,x12,x17	 x12:0x00000000 x17:0x00000000 x16=0x00000000
          58694	     29343	00100dd0	ceb6a423	sw	x11,-792(x13)	 x13:0x00102000 x11:0x00000005 PA:0x00101ce8 store:0x00000005 load:0x00000000
          58698	     29345	00100dd4	cf06a623	sw	x16,-788(x13)	 x13:0x00102000 x16:0x00000000 PA:0x00101cec store:0x00000000 load:0x00000000
          58702	     29347	00100dd8	01812583	lw	x11,24(x2)	  x2:0x00137f80 x11=0x0000000a PA:0x00137f98 store:0x00102000
          58706	     29349	00100ddc	01412603	lw	x12,20(x2)	  x2:0x00137f80 x12=0x00000000 PA:0x00137f94 store:0x00102000
          58710	     29351	00100de0	01012683	lw	x13,16(x2)	  x2:0x00137f80 x13=0x00004abb PA:0x00137f90 store:0x00000000
          58714	     29353	00100de4	00c12703	lw	x14,12(x2)	  x2:0x00137f80 x14=0x0000006f PA:0x00137f8c store:0x00000000
          58718	     29355	00100de8	00812783	lw	x15,8(x2)	  x2:0x00137f80 x15=0x00020000 PA:0x00137f88 store:0x00000004
          58722	     29357	00100dec	00412803	lw	x16,4(x2)	  x2:0x00137f80 x16=0x00000054 PA:0x00137f84 store:0x00000000
          58726	     29359	00100df0	00012883	lw	x17,0(x2)	  x2:0x00137f80 x17=0x00030000 PA:0x00137f80 store:0x00000000
          58728	     29360	00100df4	02010113	addi	x2,x2,32	  x2:0x00137f80  x2=0x00137fa0
          58730	     29361	00100df8	30200073	mret	
          58736	     29364	00101894	02049a63	bne	x9,x0,1018c8	  x9:0x00000000  x0:0x00000000
          58738	     29365	00101898	028de863	bltu	x27,x8,1018c8	 x27:0x00000004  x8:0x00000004
          58742	     29367	0010189c	c24ff0ef	jal	x1,100cc0	  x1=0x001018a0
          58744	     29368	00100cc0	001027b7	lui	x15,0x102	 x15=0x00102000
          58748	     29370	00100cc4	ce87a503	lw	x10,-792(x15)	 x15:0x00102000 x10=0x00000005 PA:0x00101ce8 store:0x00000004
          58752	     29372	00100cc8	cec7a583	lw	x11,-788(x15)	 x15:0x00102000 x11=0x00000000 PA:0x00101cec store:0x00000000
          58756	     29374	00100ccc	00008067	jalr	x0,0(x1)	  x1:0x001018a0  x0=0x00000000
          58758	     29375	001018a0	00040913	addi	x18,x8,0	  x8:0x00000004 x18=0x00000004
          58760	     29376	001018a4	00050413	addi	x8,x10,0	 x10:0x00000005  x8=0x00000005
          58762	     29377	001018a8	00048b13	addi	x22,x9,0	  x9:0x00000000 x22=0x00000000
          58764	     29378	001018ac	00157713	andi	x14,x10,1	 x10:0x00000005 x14=0x00000001
          58766	     29379	001018b0	00058493	addi	x9,x11,0	 x11:0x00000000  x9=0x00000000
          58768	     29380	001018b4	cd0c0513	addi	x10,x24,-816	 x24:0x00102000 x10=0x00101cd0
          58772	     29382	001018b8	fd2416e3	bne	x8,x18,101884	  x8:0x00000005 x18:0x00000004
          58778	     29385	00101884	00071463	bne	x14,x0,10188c	 x14:0x00000001  x0:0x00000000
          58784	     29388	0010188c	815fe0ef	jal	x1,1000a0	  x1=0x00101890
          58788	     29390	001000a0	00054803	lbu	x16,0(x10)	 x10:0x00101cd0 x16=0x00000054 PA:0x00101cd0 store:0x00000000
          58790	     29391	001000a4	06080663	beq	x16,x0,100110	 x16:0x00000054  x0:0x00000000
          58792	     29392	001000a8	000207b7	lui	x15,0x20	 x15=0x00020000
          58796	     29394	001000ac	0107a023	sw	x16,0(x15)	 x15:0x00020000 x16:0x00000054 PA:0x00020000 store:0x00000054 load:0x00000000
          58800	     29396	001000b0	00154703	lbu	x14,1(x10)	 x10:0x00101cd0 x14=0x00000069 PA:0x00101cd1 store:0x00101890
          58802	     29397	001000b4	04070e63	beq	x14,x0,100110	 x14:0x00000069  x0:0x00000000
          58806	     29399	001000b8	00e7a023	sw	x14,0(x15)	 x15:0x00020000 x14:0x00000069 PA:0x00020000 store:0x00000069 load:0x00000000
          58810	     29401	001000bc	00254283	lbu	x5,2(x10)	 x10:0x00101cd0  x5=0x00000063 PA:0x00101cd2 store:0x00137fa0
          58812	     29402	001000c0	04028863	beq	x5,x0,100110	  x5:0x00000063  x0:0x00000000
          58816	     29404	001000c4	0057a023	sw	x5,0(x15)	 x15:0x00020000  x5:0x00000063 PA:0x00020000 store:0x00000063 load:0x00000000
          58820	     29406	001000c8	00354303	lbu	x6,3(x10)	 x10:0x00101cd0  x6=0x0000006b PA:0x00101cd3 store:0x00000000
          58822	     29407	001000cc	04030263	beq	x6,x0,100110	  x6:0x0000006b  x0:0x00000000
          58826	     29409	001000d0	0067a023	sw	x6,0(x15)	 x15:0x00020000  x6:0x0000006b PA:0x00020000 store:0x0000006b load:0x00000000
          58830	     29411	001000d4	00454383	lbu	x7,4(x10)	 x10:0x00101cd0  x7=0x00000021 PA:0x00101cd4 store:0x00000000
          58832	     29412	001000d8	02038c63	beq	x7,x0,100110	  x7:0x00000021  x0:0x00000000
          58836	     29414	001000dc	0077a023	sw	x7,0(x15)	 x15:0x00020000  x7:0x00000021 PA:0x00020000 store:0x00000021 load:0x00000000
          58840	     29416	001000e0	00554583	lbu	x11,5(x10)	 x10:0x00101cd0 x11=0x0000000a PA:0x00101cd5 store:0x00000063
          58842	     29417	001000e4	02058663	beq	x11,x0,100110	 x11:0x0000000a  x0:0x00000000
          58846	     29419	001000e8	00b7a023	sw	x11,0(x15)	 x15:0x00020000 x11:0x0000000a PA:0x00020000 store:0x0000000a load:0x00000000
          58850	     29421	001000ec	00654603	lbu	x12,6(x10)	 x10:0x00101cd0 x12=0x00000000 PA:0x00101cd6 store:0x0000006b
          58854	     29423	001000f0	02060063	beq	x12,x0,100110	 x12:0x00000000  x0:0x00000000
          58858	     29425	00100110	00000513	addi	x10,x0,0	  x0:0x00000000 x10=0x00000000
          58862	     29427	00100114	00008067	jalr	x0,0(x1)	  x1:0x00101890  x0=0x00000000
          58864	     29428	00101890	10500073	wfi	
          62644	     31318	0010001c	6890006f	jal	x0,100ea4	  x0=0x00000000
          62648	     31320	00100ea4	e2dff06f	jal	x0,100cd0	  x0=0x00000000
          62650	     31321	00100cd0	fe010113	addi	x2,x2,-32	  x2:0x00137fa0  x2=0x00137f80
          62654	     31323	00100cd4	00f12423	sw	x15,8(x2)	  x2:0x00137f80 x15:0x00020000 PA:0x00137f88 store:0x00020000 load:0x00000a21
          62656	     31324	00100cd8	001027b7	lui	x15,0x102	 x15=0x00102000
          62660	     31326	00100cdc	00b12c23	sw	x11,24(x2)	  x2:0x00137f80 x11:0x0000000a PA:0x00137f98 store:0x0000000a load:0x00000a21
          62664	     31328	00100ce0	01012223	sw	x16,4(x2)	  x2:0x00137f80 x16:0x00000054 PA:0x00137f84 store:0x00000054 load:0x00000a21
          62668	     31330	00100ce4	ce07a583	lw	x11,-800(x15)	 x15:0x00102000 x11=0x000007d0 PA:0x00101ce0 store:0x00000000
          62672	     31332	00100ce8	ce47a803	lw	x16,-796(x15)	 x15:0x00102000 x16=0x00000000 PA:0x00101ce4 store:0x00000000
          62676	     31334	00100cec	00e12623	sw	x14,12(x2)	  x2:0x00137f80 x14:0x00000069 PA:0x00137f8c store:0x00000069 load:0x00000000
          62678	     31335	00100cf0	00030737	lui	x14,0x30	 x14=0x00030000
          62682	     31337	00100cf4	00c12a23	sw	x12,20(x2)	  x2:0x00137f80 x12:0x00000000 PA:0x00137f94 store:0x00000000 load:0x00000000
          62686	     31339	00100cf8	01112023	sw	x17,0(x2)	  x2:0x00137f80 x17:0x00030000 PA:0x00137f80 store:0x00030000 load:0x00000000
          62690	     31341	00100cfc	00a12e23	sw	x10,28(x2)	  x2:0x00137f80 x10:0x00000000 PA:0x00137f9c store:0x00000000 load:0x00000000
          62694	     31343	00100d00	00d12823	sw	x13,16(x2)	  x2:0x00137f80 x13:0x00004abb PA:0x00137f90 store:0x00004abb load:0x00000000
          62696	     31344	00100d04	00030637	lui	x12,0x30	 x12=0x00030000
          62698	     31345	00100d08	00470893	addi	x17,x14,4	 x14:0x00030000 x17=0x00030004
          62702	     31347	00100d0c	0008a783	lw	x15,0(x17)	 x17:0x00030004 x15=0x00000000 PA:0x00030004 store:0x00000000
          62706	     31349	00100d10	00062683	lw	x13,0(x12)	 x12:0x00030000 x13=0x00007a73 PA:0x00030000 store:0x00000000
          62710	     31351	00100d14	0008a503	lw	x10,0(x17)	 x17:0x00030004 x10=0x00000000 PA:0x00030004 store:0x00000000
          62714	     31353	00100d18	06a78a63	beq	x15,x10,100d8c	 x15:0x00000000 x10:0x00000000
          62718	     31355	00100d8c	00b688b3	add	x17,x13,x11	 x13:0x00007a73 x11:0x000007d0 x17=0x00008243
          62720	     31356	00100d90	00030637	lui	x12,0x30	 x12=0x00030000
          62722	     31357	00100d94	00d8b6b3	sltu	x13,x17,x13	 x17:0x00008243 x13:0x00007a73 x13=0x00000000
          62724	     31358	00100d98	01078833	add	x16,x15,x16	 x15:0x00000000 x16:0x00000000 x16=0x00000000
          62726	     31359	00100d9c	fff00513	addi	x10,x0,-1	  x0:0x00000000 x10=0xffffffff
          62730	     31361	00100da0	00a62423	sw	x10,8(x12)	 x12:0x00030000 x10:0xffffffff PA:0x00030008 store:0xffffffff load:0x00007a4f
          62732	     31362	00100da4	010687b3	add	x15,x13,x16	 x13:0x00000000 x16:0x00000000 x15=0x00000000
          62734	     31363	00100da8	000305b7	lui	x11,0x30	 x11=0x00030000
          62738	     31365	00100dac	00f5a623	sw	x15,12(x11)	 x11:0x00030000 x15:0x00000000 PA:0x0003000c store:0x00000000 load:0x00000000
          62742	     31367	00100db0	01162423	sw	x17,8(x12)	 x12:0x00030000 x17:0x00008243 PA:0x00030008 store:0x00008243 load:0xffffffff
          62744	     31368	00100db4	001026b7	lui	x13,0x102	 x13=0x00102000
          62748	     31370	00100db8	ce86a703	lw	x14,-792(x13)	 x13:0x00102000 x14=0x00000005 PA:0x00101ce8 store:0x00000005
          62752	     31372	00100dbc	cec6a883	lw	x17,-788(x13)	 x13:0x00102000 x17=0x00000000 PA:0x00101cec store:0x00030000
          62756	     31374	00100dc0	01c12503	lw	x10,28(x2)	  x2:0x00137f80 x10=0x00000000 PA:0x00137f9c store:0x00000000
          62758	     31375	00100dc4	00170593	addi	x11,x14,1	 x14:0x00000005 x11=0x00000006
          62760	     31376	00100dc8	00e5b633	sltu	x12,x11,x14	 x11:0x00000006 x14:0x00000005 x12=0x00000000
          62762	     31377	00100dcc	01160833	add	x16,x12,x17	 x12:0x00000000 x17:0x00000000 x16=0x00000000
          62766	     31379	00100dd0	ceb6a423	sw	x11,-792(x13)	 x13:0x00102000 x11:0x00000006 PA:0x00101ce8 store:0x00000006 load:0x00000000
          62770	     31381	00100dd4	cf06a623	sw	x16,-788(x13)	 x13:0x00102000 x16:0x00000000 PA:0x00101cec store:0x00000000 load:0x00000000
          62774	     31383	00100dd8	01812583	lw	x11,24(x2)	  x2:0x00137f80 x11=0x0000000a PA:0x00137f98 store:0x00102000
          62778	     31385	00100ddc	01412603	lw	x12,20(x2)	  x2:0x00137f80 x12=0x00000000 PA:0x00137f94 store:0x00102000
          62782	     31387	00100de0	01012683	lw	x13,16(x2)	  x2:0x00137f80 x13=0x00004abb PA:0x00137f90 store:0x00000000
          62786	     31389	00100de4	00c12703	lw	x14,12(x2)	  x2:0x00137f80 x14=0x00000069 PA:0x00137f8c store:0x00000000
          62790	     31391	00100de8	00812783	lw	x15,8(x2)	  x2:0x00137f80 x15=0x00020000 PA:0x00137f88 store:0x00000005
          62794	     31393	00100dec	00412803	lw	x16,4(x2)	  x2:0x00137f80 x16=0x00000054 PA:0x00137f84 store:0x00000000
          62798	     31395	00100df0	00012883	lw	x17,0(x2)	  x2:0x00137f80 x17=0x00030000 PA:0x00137f80 store:0x00000000
          62800	     31396	00100df4	02010113	addi	x2,x2,32	  x2:0x00137f80  x2=0x00137fa0
          62802	     31397	00100df8	30200073	mret	
          62808	     31400	00101894	02049a63	bne	x9,x0,1018c8	  x9:0x00000000  x0:0x00000000
          62812	     31402	00101898	028de863	bltu	x27,x8,1018c8	 x27:0x00000004  x8:0x00000005
          62818	     31405	001018c8	05c12083	lw	x1,92(x2)	  x2:0x00137fa0  x1=0x00100f58 PA:0x00137ffc store:0x00000000
          62822	     31407	001018cc	05812403	lw	x8,88(x2)	  x2:0x00137fa0  x8=0x00000000 PA:0x00137ff8 store:0x00102000
          62826	     31409	001018d0	05412483	lw	x9,84(x2)	  x2:0x00137fa0  x9=0x00000000 PA:0x00137ff4 store:0x00102000
          62830	     31411	001018d4	05012903	lw	x18,80(x2)	  x2:0x00137fa0 x18=0x00000000 PA:0x00137ff0 store:0x00000054
          62834	     31413	001018d8	04c12983	lw	x19,76(x2)	  x2:0x00137fa0 x19=0x00000000 PA:0x00137fec store:0x00000000
          62838	     31415	001018dc	04812a03	lw	x20,72(x2)	  x2:0x00137fa0 x20=0x00000000 PA:0x00137fe8 store:0x00000000
          62842	     31417	001018e0	04412a83	lw	x21,68(x2)	  x2:0x00137fa0 x21=0x00000000 PA:0x00137fe4 store:0x00000000
          62846	     31419	001018e4	04012b03	lw	x22,64(x2)	  x2:0x00137fa0 x22=0x00000000 PA:0x00137fe0 store:0x00000000
          62850	     31421	001018e8	03c12b83	lw	x23,60(x2)	  x2:0x00137fa0 x23=0x00000000 PA:0x00137fdc store:0x00000000
          62854	     31423	001018ec	03812c03	lw	x24,56(x2)	  x2:0x00137fa0 x24=0x00000000 PA:0x00137fd8 store:0x00102000
          62858	     31425	001018f0	03412c83	lw	x25,52(x2)	  x2:0x00137fa0 x25=0x00000000 PA:0x00137fd4 store:0x00000000
          62862	     31427	001018f4	03012d03	lw	x26,48(x2)	  x2:0x00137fa0 x26=0x00101d4c PA:0x00137fd0 store:0x00000054
          62876	     31434	001018f8	02c12d83	lw	x27,44(x2)	  x2:0x00137fa0 x27=0x00101d48 PA:0x00137fcc store:0x00000000
          62878	     31435	001018fc	01c12407	flw	f8,28(x2)	  f2:0x00137fa0  f8=0x00000000 PA:0x00137fbc store:0x00000000
          62880	     31436	00101900	01812487	flw	f9,24(x2)	  f2:0x00137fa0  f9=0x00000000 PA:0x00137fb8 store:0x00000000
          62882	     31437	00101904	01412907	flw	f18,20(x2)	  f2:0x00137fa0 f18=0x00000000 PA:0x00137fb4 store:0x7f167699
          62884	     31438	00101908	01012987	flw	f19,16(x2)	  f2:0x00137fa0 f19=0x00000000 PA:0x00137fb0 store:0x7f167699
          62886	     31439	0010190c	00c12a07	flw	f20,12(x2)	  f2:0x00137fa0 f20=0x00000000 PA:0x00137fac store:0x00000007
          62888	     31440	00101910	00812a87	flw	f21,8(x2)	  f2:0x00137fa0 f21=0x00000000 PA:0x00137fa8 store:0x00000000
          62890	     31441	00101914	00000513	addi	x10,x0,0	  x0:0x00000000 x10=0x00000000
          62892	     31442	00101918	06010113	addi	x2,x2,96	  x2:0x00137fa0  x2=0x00138000
          62894	     31443	0010191c	00008067	jalr	x0,0(x1)	  x1:0x00100f58  x0=0x00000000
          62896	     31444	00100f58	000202b7	lui	x5,0x20	  x5=0x00020000
