Time	Cycle	PC	Insn	Decoded instruction	Register and memory contents
             20	         6	00100080	6290006f	jal	x0,100ea8	  x0=0x00000000
             22	         7	00100ea8	00000093	addi	x1,x0,0	  x0:0x00000000  x1=0x00000000
             24	         8	00100eac	00008113	addi	x2,x1,0	  x1:0x00000000  x2=0x00000000
             26	         9	00100eb0	00008193	addi	x3,x1,0	  x1:0x00000000  x3=0x00000000
             28	        10	00100eb4	00008213	addi	x4,x1,0	  x1:0x00000000  x4=0x00000000
             30	        11	00100eb8	00008293	addi	x5,x1,0	  x1:0x00000000  x5=0x00000000
             32	        12	00100ebc	00008313	addi	x6,x1,0	  x1:0x00000000  x6=0x00000000
             34	        13	00100ec0	00008393	addi	x7,x1,0	  x1:0x00000000  x7=0x00000000
             36	        14	00100ec4	00008413	addi	x8,x1,0	  x1:0x00000000  x8=0x00000000
             38	        15	00100ec8	00008493	addi	x9,x1,0	  x1:0x00000000  x9=0x00000000
             40	        16	00100ecc	00008513	addi	x10,x1,0	  x1:0x00000000 x10=0x00000000
             42	        17	00100ed0	00008593	addi	x11,x1,0	  x1:0x00000000 x11=0x00000000
             44	        18	00100ed4	00008613	addi	x12,x1,0	  x1:0x00000000 x12=0x00000000
             46	        19	00100ed8	00008693	addi	x13,x1,0	  x1:0x00000000 x13=0x00000000
             48	        20	00100edc	00008713	addi	x14,x1,0	  x1:0x00000000 x14=0x00000000
             50	        21	00100ee0	00008793	addi	x15,x1,0	  x1:0x00000000 x15=0x00000000
             52	        22	00100ee4	00008813	addi	x16,x1,0	  x1:0x00000000 x16=0x00000000
             54	        23	00100ee8	00008893	addi	x17,x1,0	  x1:0x00000000 x17=0x00000000
             56	        24	00100eec	00008913	addi	x18,x1,0	  x1:0x00000000 x18=0x00000000
             58	        25	00100ef0	00008993	addi	x19,x1,0	  x1:0x00000000 x19=0x00000000
             60	        26	00100ef4	00008a13	addi	x20,x1,0	  x1:0x00000000 x20=0x00000000
             62	        27	00100ef8	00008a93	addi	x21,x1,0	  x1:0x00000000 x21=0x00000000
             64	        28	00100efc	00008b13	addi	x22,x1,0	  x1:0x00000000 x22=0x00000000
             66	        29	00100f00	00008b93	addi	x23,x1,0	  x1:0x00000000 x23=0x00000000
             68	        30	00100f04	00008c13	addi	x24,x1,0	  x1:0x00000000 x24=0x00000000
             70	        31	00100f08	00008c93	addi	x25,x1,0	  x1:0x00000000 x25=0x00000000
             72	        32	00100f0c	00008d13	addi	x26,x1,0	  x1:0x00000000 x26=0x00000000
             74	        33	00100f10	00008d93	addi	x27,x1,0	  x1:0x00000000 x27=0x00000000
             76	        34	00100f14	00008e13	addi	x28,x1,0	  x1:0x00000000 x28=0x00000000
             78	        35	00100f18	00008e93	addi	x29,x1,0	  x1:0x00000000 x29=0x00000000
             80	        36	00100f1c	00008f13	addi	x30,x1,0	  x1:0x00000000 x30=0x00000000
             82	        37	00100f20	00008f93	addi	x31,x1,0	  x1:0x00000000 x31=0x00000000
             84	        38	00100f24	00037117	auipc	x2,0x37	  x2=0x00137f24
             86	        39	00100f28	0dc10113	addi	x2,x2,220	  x2:0x00137f24  x2=0x00138000
             88	        40	00100f2c	00001d17	auipc	x26,0x1	 x26=0x00101f2c
             90	        41	00100f30	db4d0d13	addi	x26,x26,-588	 x26:0x00101f2c x26=0x00101ce0
             92	        42	00100f34	00001d97	auipc	x27,0x1	 x27=0x00101f34
             94	        43	00100f38	e14d8d93	addi	x27,x27,-492	 x27:0x00101f34 x27=0x00101d48
             96	        44	00100f3c	01bd5863	bge	x26,x27,100f4c	 x26:0x00101ce0 x27:0x00101d48
            100	        46	00100f40	000d2023	sw	x0,0(x26)	 x26:0x00101ce0  x0:0x00000000 PA:0x00101ce0 store:0x00000000 load:0x00000000
            102	        47	00100f44	004d0d13	addi	x26,x26,4	 x26:0x00101ce0 x26=0x00101ce4
            106	        49	00100f48	ffaddce3	bge	x27,x26,100f40	 x27:0x00101d48 x26:0x00101ce4
            112	        52	00100f40	000d2023	sw	x0,0(x26)	 x26:0x00101ce4  x0:0x00000000 PA:0x00101ce4 store:0x00000000 load:0x00000000
            114	        53	00100f44	004d0d13	addi	x26,x26,4	 x26:0x00101ce4 x26=0x00101ce8
            118	        55	00100f48	ffaddce3	bge	x27,x26,100f40	 x27:0x00101d48 x26:0x00101ce8
            124	        58	00100f40	000d2023	sw	x0,0(x26)	 x26:0x00101ce8  x0:0x00000000 PA:0x00101ce8 store:0x00000000 load:0x00000000
            126	        59	00100f44	004d0d13	addi	x26,x26,4	 x26:0x00101ce8 x26=0x00101cec
            130	        61	00100f48	ffaddce3	bge	x27,x26,100f40	 x27:0x00101d48 x26:0x00101cec
            136	        64	00100f40	000d2023	sw	x0,0(x26)	 x26:0x00101cec  x0:0x00000000 PA:0x00101cec store:0x00000000 load:0x00000000
            138	        65	00100f44	004d0d13	addi	x26,x26,4	 x26:0x00101cec x26=0x00101cf0
            142	        67	00100f48	ffaddce3	bge	x27,x26,100f40	 x27:0x00101d48 x26:0x00101cf0
            148	        70	00100f40	000d2023	sw	x0,0(x26)	 x26:0x00101cf0  x0:0x00000000 PA:0x00101cf0 store:0x00000000 load:0x00000000
            150	        71	00100f44	004d0d13	addi	x26,x26,4	 x26:0x00101cf0 x26=0x00101cf4
            154	        73	00100f48	ffaddce3	bge	x27,x26,100f40	 x27:0x00101d48 x26:0x00101cf4
            160	        76	00100f40	000d2023	sw	x0,0(x26)	 x26:0x00101cf4  x0:0x00000000 PA:0x00101cf4 store:0x00000000 load:0x00000000
            162	        77	00100f44	004d0d13	addi	x26,x26,4	 x26:0x00101cf4 x26=0x00101cf8
            166	        79	00100f48	ffaddce3	bge	x27,x26,100f40	 x27:0x00101d48 x26:0x00101cf8
            172	        82	00100f40	000d2023	sw	x0,0(x26)	 x26:0x00101cf8  x0:0x00000000 PA:0x00101cf8 store:0x00000000 load:0x00000000
            174	        83	00100f44	004d0d13	addi	x26,x26,4	 x26:0x00101cf8 x26=0x00101cfc
            178	        85	00100f48	ffaddce3	bge	x27,x26,100f40	 x27:0x00101d48 x26:0x00101cfc
            184	        88	00100f40	000d2023	sw	x0,0(x26)	 x26:0x00101cfc  x0:0x00000000 PA:0x00101cfc store:0x00000000 load:0x00000000
            186	        89	00100f44	004d0d13	addi	x26,x26,4	 x26:0x00101cfc x26=0x00101d00
            190	        91	00100f48	ffaddce3	bge	x27,x26,100f40	 x27:0x00101d48 x26:0x00101d00
            196	        94	00100f40	000d2023	sw	x0,0(x26)	 x26:0x00101d00  x0:0x00000000 PA:0x00101d00 store:0x00000000 load:0x00000000
            198	        95	00100f44	004d0d13	addi	x26,x26,4	 x26:0x00101d00 x26=0x00101d04
            202	        97	00100f48	ffaddce3	bge	x27,x26,100f40	 x27:0x00101d48 x26:0x00101d04
            208	       100	00100f40	000d2023	sw	x0,0(x26)	 x26:0x00101d04  x0:0x00000000 PA:0x00101d04 store:0x00000000 load:0x00000000
            210	       101	00100f44	004d0d13	addi	x26,x26,4	 x26:0x00101d04 x26=0x00101d08
            214	       103	00100f48	ffaddce3	bge	x27,x26,100f40	 x27:0x00101d48 x26:0x00101d08
            220	       106	00100f40	000d2023	sw	x0,0(x26)	 x26:0x00101d08  x0:0x00000000 PA:0x00101d08 store:0x00000000 load:0x00000000
            222	       107	00100f44	004d0d13	addi	x26,x26,4	 x26:0x00101d08 x26=0x00101d0c
            226	       109	00100f48	ffaddce3	bge	x27,x26,100f40	 x27:0x00101d48 x26:0x00101d0c
            232	       112	00100f40	000d2023	sw	x0,0(x26)	 x26:0x00101d0c  x0:0x00000000 PA:0x00101d0c store:0x00000000 load:0x00000000
            234	       113	00100f44	004d0d13	addi	x26,x26,4	 x26:0x00101d0c x26=0x00101d10
            238	       115	00100f48	ffaddce3	bge	x27,x26,100f40	 x27:0x00101d48 x26:0x00101d10
            244	       118	00100f40	000d2023	sw	x0,0(x26)	 x26:0x00101d10  x0:0x00000000 PA:0x00101d10 store:0x00000000 load:0x00000000
            246	       119	00100f44	004d0d13	addi	x26,x26,4	 x26:0x00101d10 x26=0x00101d14
            250	       121	00100f48	ffaddce3	bge	x27,x26,100f40	 x27:0x00101d48 x26:0x00101d14
            256	       124	00100f40	000d2023	sw	x0,0(x26)	 x26:0x00101d14  x0:0x00000000 PA:0x00101d14 store:0x00000000 load:0x00000000
            258	       125	00100f44	004d0d13	addi	x26,x26,4	 x26:0x00101d14 x26=0x00101d18
            262	       127	00100f48	ffaddce3	bge	x27,x26,100f40	 x27:0x00101d48 x26:0x00101d18
            268	       130	00100f40	000d2023	sw	x0,0(x26)	 x26:0x00101d18  x0:0x00000000 PA:0x00101d18 store:0x00000000 load:0x00000000
            270	       131	00100f44	004d0d13	addi	x26,x26,4	 x26:0x00101d18 x26=0x00101d1c
            274	       133	00100f48	ffaddce3	bge	x27,x26,100f40	 x27:0x00101d48 x26:0x00101d1c
            280	       136	00100f40	000d2023	sw	x0,0(x26)	 x26:0x00101d1c  x0:0x00000000 PA:0x00101d1c store:0x00000000 load:0x00000000
            282	       137	00100f44	004d0d13	addi	x26,x26,4	 x26:0x00101d1c x26=0x00101d20
            286	       139	00100f48	ffaddce3	bge	x27,x26,100f40	 x27:0x00101d48 x26:0x00101d20
            292	       142	00100f40	000d2023	sw	x0,0(x26)	 x26:0x00101d20  x0:0x00000000 PA:0x00101d20 store:0x00000000 load:0x00000000
            294	       143	00100f44	004d0d13	addi	x26,x26,4	 x26:0x00101d20 x26=0x00101d24
            298	       145	00100f48	ffaddce3	bge	x27,x26,100f40	 x27:0x00101d48 x26:0x00101d24
            304	       148	00100f40	000d2023	sw	x0,0(x26)	 x26:0x00101d24  x0:0x00000000 PA:0x00101d24 store:0x00000000 load:0x00000000
            306	       149	00100f44	004d0d13	addi	x26,x26,4	 x26:0x00101d24 x26=0x00101d28
            310	       151	00100f48	ffaddce3	bge	x27,x26,100f40	 x27:0x00101d48 x26:0x00101d28
            316	       154	00100f40	000d2023	sw	x0,0(x26)	 x26:0x00101d28  x0:0x00000000 PA:0x00101d28 store:0x00000000 load:0x00000000
            318	       155	00100f44	004d0d13	addi	x26,x26,4	 x26:0x00101d28 x26=0x00101d2c
            322	       157	00100f48	ffaddce3	bge	x27,x26,100f40	 x27:0x00101d48 x26:0x00101d2c
            328	       160	00100f40	000d2023	sw	x0,0(x26)	 x26:0x00101d2c  x0:0x00000000 PA:0x00101d2c store:0x00000000 load:0x00000000
            330	       161	00100f44	004d0d13	addi	x26,x26,4	 x26:0x00101d2c x26=0x00101d30
            334	       163	00100f48	ffaddce3	bge	x27,x26,100f40	 x27:0x00101d48 x26:0x00101d30
            340	       166	00100f40	000d2023	sw	x0,0(x26)	 x26:0x00101d30  x0:0x00000000 PA:0x00101d30 store:0x00000000 load:0x00000000
            342	       167	00100f44	004d0d13	addi	x26,x26,4	 x26:0x00101d30 x26=0x00101d34
            346	       169	00100f48	ffaddce3	bge	x27,x26,100f40	 x27:0x00101d48 x26:0x00101d34
            352	       172	00100f40	000d2023	sw	x0,0(x26)	 x26:0x00101d34  x0:0x00000000 PA:0x00101d34 store:0x00000000 load:0x00000000
            354	       173	00100f44	004d0d13	addi	x26,x26,4	 x26:0x00101d34 x26=0x00101d38
            358	       175	00100f48	ffaddce3	bge	x27,x26,100f40	 x27:0x00101d48 x26:0x00101d38
            364	       178	00100f40	000d2023	sw	x0,0(x26)	 x26:0x00101d38  x0:0x00000000 PA:0x00101d38 store:0x00000000 load:0x00000000
            366	       179	00100f44	004d0d13	addi	x26,x26,4	 x26:0x00101d38 x26=0x00101d3c
            370	       181	00100f48	ffaddce3	bge	x27,x26,100f40	 x27:0x00101d48 x26:0x00101d3c
            376	       184	00100f40	000d2023	sw	x0,0(x26)	 x26:0x00101d3c  x0:0x00000000 PA:0x00101d3c store:0x00000000 load:0x00000000
            378	       185	00100f44	004d0d13	addi	x26,x26,4	 x26:0x00101d3c x26=0x00101d40
            382	       187	00100f48	ffaddce3	bge	x27,x26,100f40	 x27:0x00101d48 x26:0x00101d40
            388	       190	00100f40	000d2023	sw	x0,0(x26)	 x26:0x00101d40  x0:0x00000000 PA:0x00101d40 store:0x00000000 load:0x00000000
            390	       191	00100f44	004d0d13	addi	x26,x26,4	 x26:0x00101d40 x26=0x00101d44
            394	       193	00100f48	ffaddce3	bge	x27,x26,100f40	 x27:0x00101d48 x26:0x00101d44
            400	       196	00100f40	000d2023	sw	x0,0(x26)	 x26:0x00101d44  x0:0x00000000 PA:0x00101d44 store:0x00000000 load:0x00000000
            402	       197	00100f44	004d0d13	addi	x26,x26,4	 x26:0x00101d44 x26=0x00101d48
            406	       199	00100f48	ffaddce3	bge	x27,x26,100f40	 x27:0x00101d48 x26:0x00101d48
            412	       202	00100f40	000d2023	sw	x0,0(x26)	 x26:0x00101d48  x0:0x00000000 PA:0x00101d48 store:0x00000000 load:0x00000000
            414	       203	00100f44	004d0d13	addi	x26,x26,4	 x26:0x00101d48 x26=0x00101d4c
            416	       204	00100f48	ffaddce3	bge	x27,x26,100f40	 x27:0x00101d48 x26:0x00101d4c
            418	       205	00100f4c	00000513	addi	x10,x0,0	  x0:0x00000000 x10=0x00000000
            420	       206	00100f50	00000593	addi	x11,x0,0	  x0:0x00000000 x11=0x00000000
            424	       208	00100f54	01c000ef	jal	x1,100f70	  x1=0x00100f58
            426	       209	00100f70	fa010113	addi	x2,x2,-96	  x2:0x00138000  x2=0x00137fa0
            428	       210	00100f74	00000513	addi	x10,x0,0	  x0:0x00000000 x10=0x00000000
            432	       212	00100f78	04112e23	sw	x1,92(x2)	  x2:0x00137fa0  x1:0x00100f58 PA:0x00137ffc store:0x00100f58 load:0x00000000
            436	       214	00100f7c	04812c23	sw	x8,88(x2)	  x2:0x00137fa0  x8:0x00000000 PA:0x00137ff8 store:0x00000000 load:0x00000000
            440	       216	00100f80	04912a23	sw	x9,84(x2)	  x2:0x00137fa0  x9:0x00000000 PA:0x00137ff4 store:0x00000000 load:0x00000000
            444	       218	00100f84	05212823	sw	x18,80(x2)	  x2:0x00137fa0 x18:0x00000000 PA:0x00137ff0 store:0x00000000 load:0x00000000
            448	       220	00100f88	05412423	sw	x20,72(x2)	  x2:0x00137fa0 x20:0x00000000 PA:0x00137fe8 store:0x00000000 load:0x00000000
            452	       222	00100f8c	03712e23	sw	x23,60(x2)	  x2:0x00137fa0 x23:0x00000000 PA:0x00137fdc store:0x00000000 load:0x00000000
            466	       229	00100f90	03912a23	sw	x25,52(x2)	  x2:0x00137fa0 x25:0x00000000 PA:0x00137fd4 store:0x00000000 load:0x00000000
            468	       230	00100f94	00812e27	fsw	f8,28(x2)	  f2:0x00137fa0  f8:0x00000000 PA:0x00137fbc store:0x00000000 load:0x00000000
            470	       231	00100f98	00912c27	fsw	f9,24(x2)	  f2:0x00137fa0  f9:0x00000000 PA:0x00137fb8 store:0x00000000 load:0x00000000
            472	       232	00100f9c	01212a27	fsw	f18,20(x2)	  f2:0x00137fa0 f18:0x00000000 PA:0x00137fb4 store:0x00000000 load:0x00000000
            474	       233	00100fa0	01312827	fsw	f19,16(x2)	  f2:0x00137fa0 f19:0x00000000 PA:0x00137fb0 store:0x00000000 load:0x00000000
            476	       234	00100fa4	05312623	sw	x19,76(x2)	  x2:0x00137fa0 x19:0x00000000 PA:0x00137fec store:0x00000000 load:0x00000000
            478	       235	00100fa8	05512223	sw	x21,68(x2)	  x2:0x00137fa0 x21:0x00000000 PA:0x00137fe4 store:0x00000000 load:0x00000000
            480	       236	00100fac	05612023	sw	x22,64(x2)	  x2:0x00137fa0 x22:0x00000000 PA:0x00137fe0 store:0x00000000 load:0x00000000
            482	       237	00100fb0	03812c23	sw	x24,56(x2)	  x2:0x00137fa0 x24:0x00000000 PA:0x00137fd8 store:0x00000000 load:0x00000000
            484	       238	00100fb4	03a12823	sw	x26,48(x2)	  x2:0x00137fa0 x26:0x00101d4c PA:0x00137fd0 store:0x00101d4c load:0x00000000
            498	       245	00100fb8	03b12623	sw	x27,44(x2)	  x2:0x00137fa0 x27:0x00101d48 PA:0x00137fcc store:0x00101d48 load:0x00000000
            500	       246	00100fbc	01412627	fsw	f20,12(x2)	  f2:0x00137fa0 f20:0x00000000 PA:0x00137fac store:0x00000000 load:0x00000000
            502	       247	00100fc0	01512427	fsw	f21,8(x2)	  f2:0x00137fa0 f21:0x00000000 PA:0x00137fa8 store:0x00000000 load:0x00000000
            504	       248	00100fc4	c9cff0ef	jal	x1,100460	  x1=0x00100fc8
            506	       249	00100460	00153513	sltiu	x10,x10,1	 x10:0x00000000 x10=0x00000001
            508	       250	00100464	40a002b3	sub	x5,x0,x10	  x0:0x00000000 x10:0x00000001  x5=0xffffffff
            510	       251	00100468	32029073	csrrw	x0,mcountinhibit,x5	  x5:0xffffffff  x0=0x00000000
            512	       252	0010046c	00008067	jalr	x0,0(x1)	  x1:0x00100fc8  x0=0x00000000
            514	       253	00100fc8	b98ff0ef	jal	x1,100360	  x1=0x00100fcc
            516	       254	00100360	b0201073	csrrw	x0,minstret,x0	  x0:0x00000000  x0=0x00000000
            518	       255	00100364	b0001073	csrrw	x0,mcycle,x0	  x0:0x00000000  x0=0x00000000
            520	       256	00100368	b0301073	csrrw	x0,mhpmcounter3,x0	  x0:0x00000000  x0=0x00000000
            522	       257	0010036c	b0401073	csrrw	x0,mhpmcounter4,x0	  x0:0x00000000  x0=0x00000000
            524	       258	00100370	b0501073	csrrw	x0,mhpmcounter5,x0	  x0:0x00000000  x0=0x00000000
            526	       259	00100374	b0601073	csrrw	x0,mhpmcounter6,x0	  x0:0x00000000  x0=0x00000000
            528	       260	00100378	b0701073	csrrw	x0,mhpmcounter7,x0	  x0:0x00000000  x0=0x00000000
            530	       261	0010037c	b0801073	csrrw	x0,mhpmcounter8,x0	  x0:0x00000000  x0=0x00000000
            532	       262	00100380	b0901073	csrrw	x0,mhpmcounter9,x0	  x0:0x00000000  x0=0x00000000
            534	       263	00100384	b0a01073	csrrw	x0,mhpmcounter10,x0	  x0:0x00000000  x0=0x00000000
            536	       264	00100388	b0b01073	csrrw	x0,mhpmcounter11,x0	  x0:0x00000000  x0=0x00000000
            538	       265	0010038c	b0c01073	csrrw	x0,mhpmcounter12,x0	  x0:0x00000000  x0=0x00000000
            540	       266	00100390	b0d01073	csrrw	x0,mhpmcounter13,x0	  x0:0x00000000  x0=0x00000000
            542	       267	00100394	b0e01073	csrrw	x0,mhpmcounter14,x0	  x0:0x00000000  x0=0x00000000
            544	       268	00100398	b0f01073	csrrw	x0,mhpmcounter15,x0	  x0:0x00000000  x0=0x00000000
            546	       269	0010039c	b1001073	csrrw	x0,mhpmcounter16,x0	  x0:0x00000000  x0=0x00000000
            548	       270	001003a0	b1101073	csrrw	x0,mhpmcounter17,x0	  x0:0x00000000  x0=0x00000000
            550	       271	001003a4	b1201073	csrrw	x0,mhpmcounter18,x0	  x0:0x00000000  x0=0x00000000
            552	       272	001003a8	b1301073	csrrw	x0,mhpmcounter19,x0	  x0:0x00000000  x0=0x00000000
            554	       273	001003ac	b1401073	csrrw	x0,mhpmcounter20,x0	  x0:0x00000000  x0=0x00000000
            556	       274	001003b0	b1501073	csrrw	x0,mhpmcounter21,x0	  x0:0x00000000  x0=0x00000000
            558	       275	001003b4	b1601073	csrrw	x0,mhpmcounter22,x0	  x0:0x00000000  x0=0x00000000
            560	       276	001003b8	b1701073	csrrw	x0,mhpmcounter23,x0	  x0:0x00000000  x0=0x00000000
            562	       277	001003bc	b1801073	csrrw	x0,mhpmcounter24,x0	  x0:0x00000000  x0=0x00000000
            564	       278	001003c0	b1901073	csrrw	x0,mhpmcounter25,x0	  x0:0x00000000  x0=0x00000000
            566	       279	001003c4	b1a01073	csrrw	x0,mhpmcounter26,x0	  x0:0x00000000  x0=0x00000000
            568	       280	001003c8	b1b01073	csrrw	x0,mhpmcounter27,x0	  x0:0x00000000  x0=0x00000000
            570	       281	001003cc	b1c01073	csrrw	x0,mhpmcounter28,x0	  x0:0x00000000  x0=0x00000000
            572	       282	001003d0	b1d01073	csrrw	x0,mhpmcounter29,x0	  x0:0x00000000  x0=0x00000000
            574	       283	001003d4	b1e01073	csrrw	x0,mhpmcounter30,x0	  x0:0x00000000  x0=0x00000000
            576	       284	001003d8	b1f01073	csrrw	x0,mhpmcounter31,x0	  x0:0x00000000  x0=0x00000000
            578	       285	001003dc	b8201073	csrrw	x0,minstreth,x0	  x0:0x00000000  x0=0x00000000
            580	       286	001003e0	b8001073	csrrw	x0,mcycleh,x0	  x0:0x00000000  x0=0x00000000
            582	       287	001003e4	b8301073	csrrw	x0,mhpmcounter3h,x0	  x0:0x00000000  x0=0x00000000
            584	       288	001003e8	b8401073	csrrw	x0,mhpmcounter4h,x0	  x0:0x00000000  x0=0x00000000
            586	       289	001003ec	b8501073	csrrw	x0,mhpmcounter5h,x0	  x0:0x00000000  x0=0x00000000
            588	       290	001003f0	b8601073	csrrw	x0,mhpmcounter6h,x0	  x0:0x00000000  x0=0x00000000
            590	       291	001003f4	b8701073	csrrw	x0,mhpmcounter7h,x0	  x0:0x00000000  x0=0x00000000
            592	       292	001003f8	b8801073	csrrw	x0,mhpmcounter8h,x0	  x0:0x00000000  x0=0x00000000
            594	       293	001003fc	b8901073	csrrw	x0,mhpmcounter9h,x0	  x0:0x00000000  x0=0x00000000
            596	       294	00100400	b8a01073	csrrw	x0,mhpmcounter10h,x0	  x0:0x00000000  x0=0x00000000
            598	       295	00100404	b8b01073	csrrw	x0,mhpmcounter11h,x0	  x0:0x00000000  x0=0x00000000
            600	       296	00100408	b8c01073	csrrw	x0,mhpmcounter12h,x0	  x0:0x00000000  x0=0x00000000
            602	       297	0010040c	b8d01073	csrrw	x0,mhpmcounter13h,x0	  x0:0x00000000  x0=0x00000000
            604	       298	00100410	b8e01073	csrrw	x0,mhpmcounter14h,x0	  x0:0x00000000  x0=0x00000000
            606	       299	00100414	b8f01073	csrrw	x0,mhpmcounter15h,x0	  x0:0x00000000  x0=0x00000000
            608	       300	00100418	b9001073	csrrw	x0,mhpmcounter16h,x0	  x0:0x00000000  x0=0x00000000
            610	       301	0010041c	b9101073	csrrw	x0,mhpmcounter17h,x0	  x0:0x00000000  x0=0x00000000
            612	       302	00100420	b9201073	csrrw	x0,mhpmcounter18h,x0	  x0:0x00000000  x0=0x00000000
            614	       303	00100424	b9301073	csrrw	x0,mhpmcounter19h,x0	  x0:0x00000000  x0=0x00000000
            616	       304	00100428	b9401073	csrrw	x0,mhpmcounter20h,x0	  x0:0x00000000  x0=0x00000000
            618	       305	0010042c	b9501073	csrrw	x0,mhpmcounter21h,x0	  x0:0x00000000  x0=0x00000000
            620	       306	00100430	b9601073	csrrw	x0,mhpmcounter22h,x0	  x0:0x00000000  x0=0x00000000
            622	       307	00100434	b9701073	csrrw	x0,mhpmcounter23h,x0	  x0:0x00000000  x0=0x00000000
            624	       308	00100438	b9801073	csrrw	x0,mhpmcounter24h,x0	  x0:0x00000000  x0=0x00000000
            626	       309	0010043c	b9901073	csrrw	x0,mhpmcounter25h,x0	  x0:0x00000000  x0=0x00000000
            628	       310	00100440	b9a01073	csrrw	x0,mhpmcounter26h,x0	  x0:0x00000000  x0=0x00000000
            630	       311	00100444	b9b01073	csrrw	x0,mhpmcounter27h,x0	  x0:0x00000000  x0=0x00000000
            632	       312	00100448	b9c01073	csrrw	x0,mhpmcounter28h,x0	  x0:0x00000000  x0=0x00000000
            634	       313	0010044c	b9d01073	csrrw	x0,mhpmcounter29h,x0	  x0:0x00000000  x0=0x00000000
            636	       314	00100450	b9e01073	csrrw	x0,mhpmcounter30h,x0	  x0:0x00000000  x0=0x00000000
            638	       315	00100454	b9f01073	csrrw	x0,mhpmcounter31h,x0	  x0:0x00000000  x0=0x00000000
            640	       316	00100458	00008067	jalr	x0,0(x1)	  x1:0x00100fcc  x0=0x00000000
            642	       317	00100fcc	00100513	addi	x10,x0,1	  x0:0x00000000 x10=0x00000001
            644	       318	00100fd0	c90ff0ef	jal	x1,100460	  x1=0x00100fd4
            646	       319	00100460	00153513	sltiu	x10,x10,1	 x10:0x00000001 x10=0x00000000
            648	       320	00100464	40a002b3	sub	x5,x0,x10	  x0:0x00000000 x10:0x00000000  x5=0x00000000
            650	       321	00100468	32029073	csrrw	x0,mcountinhibit,x5	  x5:0x00000000  x0=0x00000000
            654	       323	0010046c	00008067	jalr	x0,0(x1)	  x1:0x00100fd4  x0=0x00000000
            656	       324	00100fd4	00102537	lui	x10,0x102	 x10=0x00102000
            658	       325	00100fd8	9a850513	addi	x10,x10,-1624	 x10:0x00102000 x10=0x001019a8
            662	       327	00100fdc	8c4ff0ef	jal	x1,1000a0	  x1=0x00100fe0
            666	       329	001000a0	00054803	lbu	x16,0(x10)	 x10:0x001019a8 x16=0x00000048 PA:0x001019a8 store:0x00000000
            668	       330	001000a4	06080663	beq	x16,x0,100110	 x16:0x00000048  x0:0x00000000
            670	       331	001000a8	000207b7	lui	x15,0x20	 x15=0x00020000
            674	       333	001000ac	0107a023	sw	x16,0(x15)	 x15:0x00020000 x16:0x00000048 PA:0x00020000 store:0x00000048 load:0x00000000
            678	       335	001000b0	00154703	lbu	x14,1(x10)	 x10:0x001019a8 x14=0x00000065 PA:0x001019a9 store:0x00100fe0
            680	       336	001000b4	04070e63	beq	x14,x0,100110	 x14:0x00000065  x0:0x00000000
            684	       338	001000b8	00e7a023	sw	x14,0(x15)	 x15:0x00020000 x14:0x00000065 PA:0x00020000 store:0x00000065 load:0x00000000
            688	       340	001000bc	00254283	lbu	x5,2(x10)	 x10:0x001019a8  x5=0x0000006c PA:0x001019aa store:0x00137fa0
            690	       341	001000c0	04028863	beq	x5,x0,100110	  x5:0x0000006c  x0:0x00000000
            694	       343	001000c4	0057a023	sw	x5,0(x15)	 x15:0x00020000  x5:0x0000006c PA:0x00020000 store:0x0000006c load:0x00000000
            698	       345	001000c8	00354303	lbu	x6,3(x10)	 x10:0x001019a8  x6=0x0000006c PA:0x001019ab store:0x00000000
            700	       346	001000cc	04030263	beq	x6,x0,100110	  x6:0x0000006c  x0:0x00000000
            704	       348	001000d0	0067a023	sw	x6,0(x15)	 x15:0x00020000  x6:0x0000006c PA:0x00020000 store:0x0000006c load:0x00000000
            708	       350	001000d4	00454383	lbu	x7,4(x10)	 x10:0x001019a8  x7=0x0000006f PA:0x001019ac store:0x00000000
            710	       351	001000d8	02038c63	beq	x7,x0,100110	  x7:0x0000006f  x0:0x00000000
            714	       353	001000dc	0077a023	sw	x7,0(x15)	 x15:0x00020000  x7:0x0000006f PA:0x00020000 store:0x0000006f load:0x00000000
            718	       355	001000e0	00554583	lbu	x11,5(x10)	 x10:0x001019a8 x11=0x00000020 PA:0x001019ad store:0x0000006c
            720	       356	001000e4	02058663	beq	x11,x0,100110	 x11:0x00000020  x0:0x00000000
            724	       358	001000e8	00b7a023	sw	x11,0(x15)	 x15:0x00020000 x11:0x00000020 PA:0x00020000 store:0x00000020 load:0x00000000
            728	       360	001000ec	00654603	lbu	x12,6(x10)	 x10:0x001019a8 x12=0x00000073 PA:0x001019ae store:0x0000006c
            730	       361	001000f0	02060063	beq	x12,x0,100110	 x12:0x00000073  x0:0x00000000
            734	       363	001000f4	00c7a023	sw	x12,0(x15)	 x15:0x00020000 x12:0x00000073 PA:0x00020000 store:0x00000073 load:0x00000000
            738	       365	001000f8	00754683	lbu	x13,7(x10)	 x10:0x001019a8 x13=0x00000069 PA:0x001019af store:0x0000006f
            740	       366	001000fc	00850513	addi	x10,x10,8	 x10:0x001019a8 x10=0x001019b0
            742	       367	00100100	00068863	beq	x13,x0,100110	 x13:0x00000069  x0:0x00000000
            746	       369	00100104	00d7a023	sw	x13,0(x15)	 x15:0x00020000 x13:0x00000069 PA:0x00020000 store:0x00000069 load:0x00000000
            750	       371	00100108	00054803	lbu	x16,0(x10)	 x10:0x001019b0 x16=0x0000006d PA:0x001019b0 store:0x00000000
            754	       373	0010010c	fa0810e3	bne	x16,x0,1000ac	 x16:0x0000006d  x0:0x00000000
            760	       376	001000ac	0107a023	sw	x16,0(x15)	 x15:0x00020000 x16:0x0000006d PA:0x00020000 store:0x0000006d load:0x00000000
            764	       378	001000b0	00154703	lbu	x14,1(x10)	 x10:0x001019b0 x14=0x00000070 PA:0x001019b1 store:0x00100fe0
            766	       379	001000b4	04070e63	beq	x14,x0,100110	 x14:0x00000070  x0:0x00000000
            770	       381	001000b8	00e7a023	sw	x14,0(x15)	 x15:0x00020000 x14:0x00000070 PA:0x00020000 store:0x00000070 load:0x00000000
            774	       383	001000bc	00254283	lbu	x5,2(x10)	 x10:0x001019b0  x5=0x0000006c PA:0x001019b2 store:0x00137fa0
            776	       384	001000c0	04028863	beq	x5,x0,100110	  x5:0x0000006c  x0:0x00000000
            780	       386	001000c4	0057a023	sw	x5,0(x15)	 x15:0x00020000  x5:0x0000006c PA:0x00020000 store:0x0000006c load:0x00000000
            784	       388	001000c8	00354303	lbu	x6,3(x10)	 x10:0x001019b0  x6=0x00000065 PA:0x001019b3 store:0x00000000
            786	       389	001000cc	04030263	beq	x6,x0,100110	  x6:0x00000065  x0:0x00000000
            790	       391	001000d0	0067a023	sw	x6,0(x15)	 x15:0x00020000  x6:0x00000065 PA:0x00020000 store:0x00000065 load:0x00000000
            794	       393	001000d4	00454383	lbu	x7,4(x10)	 x10:0x001019b0  x7=0x00000020 PA:0x001019b4 store:0x00000000
            796	       394	001000d8	02038c63	beq	x7,x0,100110	  x7:0x00000020  x0:0x00000000
            800	       396	001000dc	0077a023	sw	x7,0(x15)	 x15:0x00020000  x7:0x00000020 PA:0x00020000 store:0x00000020 load:0x00000000
            804	       398	001000e0	00554583	lbu	x11,5(x10)	 x10:0x001019b0 x11=0x00000073 PA:0x001019b5 store:0x0000006c
            806	       399	001000e4	02058663	beq	x11,x0,100110	 x11:0x00000073  x0:0x00000000
            810	       401	001000e8	00b7a023	sw	x11,0(x15)	 x15:0x00020000 x11:0x00000073 PA:0x00020000 store:0x00000073 load:0x00000000
            814	       403	001000ec	00654603	lbu	x12,6(x10)	 x10:0x001019b0 x12=0x00000079 PA:0x001019b6 store:0x00000065
            816	       404	001000f0	02060063	beq	x12,x0,100110	 x12:0x00000079  x0:0x00000000
            820	       406	001000f4	00c7a023	sw	x12,0(x15)	 x15:0x00020000 x12:0x00000079 PA:0x00020000 store:0x00000079 load:0x00000000
            824	       408	001000f8	00754683	lbu	x13,7(x10)	 x10:0x001019b0 x13=0x00000073 PA:0x001019b7 store:0x00000020
            826	       409	001000fc	00850513	addi	x10,x10,8	 x10:0x001019b0 x10=0x001019b8
            828	       410	00100100	00068863	beq	x13,x0,100110	 x13:0x00000073  x0:0x00000000
            832	       412	00100104	00d7a023	sw	x13,0(x15)	 x15:0x00020000 x13:0x00000073 PA:0x00020000 store:0x00000073 load:0x00000000
            836	       414	00100108	00054803	lbu	x16,0(x10)	 x10:0x001019b8 x16=0x00000074 PA:0x001019b8 store:0x00000000
            840	       416	0010010c	fa0810e3	bne	x16,x0,1000ac	 x16:0x00000074  x0:0x00000000
            846	       419	001000ac	0107a023	sw	x16,0(x15)	 x15:0x00020000 x16:0x00000074 PA:0x00020000 store:0x00000074 load:0x00000000
            850	       421	001000b0	00154703	lbu	x14,1(x10)	 x10:0x001019b8 x14=0x00000065 PA:0x001019b9 store:0x00100fe0
            852	       422	001000b4	04070e63	beq	x14,x0,100110	 x14:0x00000065  x0:0x00000000
            856	       424	001000b8	00e7a023	sw	x14,0(x15)	 x15:0x00020000 x14:0x00000065 PA:0x00020000 store:0x00000065 load:0x00000000
            860	       426	001000bc	00254283	lbu	x5,2(x10)	 x10:0x001019b8  x5=0x0000006d PA:0x001019ba store:0x00137fa0
            862	       427	001000c0	04028863	beq	x5,x0,100110	  x5:0x0000006d  x0:0x00000000
            866	       429	001000c4	0057a023	sw	x5,0(x15)	 x15:0x00020000  x5:0x0000006d PA:0x00020000 store:0x0000006d load:0x00000000
            870	       431	001000c8	00354303	lbu	x6,3(x10)	 x10:0x001019b8  x6=0x0000000a PA:0x001019bb store:0x00000000
            872	       432	001000cc	04030263	beq	x6,x0,100110	  x6:0x0000000a  x0:0x00000000
            876	       434	001000d0	0067a023	sw	x6,0(x15)	 x15:0x00020000  x6:0x0000000a PA:0x00020000 store:0x0000000a load:0x00000000
            880	       436	001000d4	00454383	lbu	x7,4(x10)	 x10:0x001019b8  x7=0x0000000a PA:0x001019bc store:0x00000000
            882	       437	001000d8	02038c63	beq	x7,x0,100110	  x7:0x0000000a  x0:0x00000000
            886	       439	001000dc	0077a023	sw	x7,0(x15)	 x15:0x00020000  x7:0x0000000a PA:0x00020000 store:0x0000000a load:0x00000000
            890	       441	001000e0	00554583	lbu	x11,5(x10)	 x10:0x001019b8 x11=0x00000000 PA:0x001019bd store:0x0000006d
            894	       443	001000e4	02058663	beq	x11,x0,100110	 x11:0x00000000  x0:0x00000000
            898	       445	00100110	00000513	addi	x10,x0,0	  x0:0x00000000 x10=0x00000000
            902	       447	00100114	00008067	jalr	x0,0(x1)	  x1:0x00100fe0  x0=0x00000000
            914	       453	00100fe0	001026b7	lui	x13,0x102	 x13=0x00102000
            916	       454	00100fe4	92c6a787	flw	f15,-1748(x13)	 f13:0x00102000 f15=0x00000000 PA:0x0010192c store:0x00000000
            918	       455	00100fe8	00102737	lui	x14,0x102	 x14=0x00102000
            920	       456	00100fec	93072007	flw	f0,-1744(x14)	 f14:0x00102000  f0=0x00000000 PA:0x00101930 store:0x00000000
            922	       457	00100ff0	001027b7	lui	x15,0x102	 x15=0x00102000
            924	       458	00100ff4	9347a087	flw	f1,-1740(x15)	 f15:0x00102000  f1=0x00000000 PA:0x00101934 store:0x00000000
            926	       459	00100ff8	00102bb7	lui	x23,0x102	 x23=0x00102000
            928	       460	00100ffc	d2fba227	fsw	f15,-732(x23)	 f23:0x00102000 f15:0x00102000 PA:0x00101d24 store:0x42f67c6a load:0x3f7d1f60
            930	       461	00101000	00102cb7	lui	x25,0x102	 x25=0x00102000
            932	       462	00101004	d20ca027	fsw	f0,-736(x25)	 f25:0x00102000  f0:0x00000000 PA:0x00101d20 store:0x43edefdf load:0x3f7d1f60
            934	       463	00101008	00102437	lui	x8,0x102	  x8=0x00102000
            936	       464	0010100c	d0142c27	fsw	f1,-744(x8)	  f8:0x00102000  f1:0x00100fe0 PA:0x00101d18 store:0x3f7d1f60 load:0x3f7d1f60
            938	       465	00101010	d24ba107	flw	f2,-732(x23)	 f23:0x00102000  f2=0x00000000 PA:0x00101d24 store:0x00000000
            940	       466	00101014	d20ca707	flw	f14,-736(x25)	 f25:0x00102000 f14=0x00000000 PA:0x00101d20 store:0x43edefdf
            944	       468	00101018	001022b7	lui	x5,0x102	  x5=0x00102000
            946	       469	0010101c	001024b7	lui	x9,0x102	  x9=0x00102000
            948	       470	00101020	00e171d3	fadd.s	f3,f2,f14	  f2:0x00137fa0 f14:0x00102000  f3=0x00000000
            952	       472	00101024	9c028513	addi	x10,x5,-1600	  x5:0x00102000 x10=0x001019c0
            954	       473	00101028	00102937	lui	x18,0x102	 x18=0x00102000
            956	       474	0010102c	00200a13	addi	x20,x0,2	  x0:0x00000000 x20=0x00000002
            958	       475	00101030	d034ae27	fsw	f3,-740(x9)	  f9:0x00102000  f3:0x00000000 PA:0x00101d1c store:0x4415c77d load:0x43edefdf
            960	       476	00101034	86cff0ef	jal	x1,1000a0	  x1=0x00101038
            962	       477	001000a0	00054803	lbu	x16,0(x10)	 x10:0x001019c0 x16=0x00000041 PA:0x001019c0 store:0x00000000
            964	       478	001000a4	06080663	beq	x16,x0,100110	 x16:0x00000041  x0:0x00000000
            966	       479	001000a8	000207b7	lui	x15,0x20	 x15=0x00020000
            968	       480	001000ac	0107a023	sw	x16,0(x15)	 x15:0x00020000 x16:0x00000041 PA:0x00020000 store:0x00000041 load:0x00000000
            970	       481	001000b0	00154703	lbu	x14,1(x10)	 x10:0x001019c0 x14=0x00000064 PA:0x001019c1 store:0x00101038
            972	       482	001000b4	04070e63	beq	x14,x0,100110	 x14:0x00000064  x0:0x00000000
            974	       483	001000b8	00e7a023	sw	x14,0(x15)	 x15:0x00020000 x14:0x00000064 PA:0x00020000 store:0x00000064 load:0x00000000
            976	       484	001000bc	00254283	lbu	x5,2(x10)	 x10:0x001019c0  x5=0x00000064 PA:0x001019c2 store:0x00137fa0
            978	       485	001000c0	04028863	beq	x5,x0,100110	  x5:0x00000064  x0:0x00000000
            980	       486	001000c4	0057a023	sw	x5,0(x15)	 x15:0x00020000  x5:0x00000064 PA:0x00020000 store:0x00000064 load:0x00000000
            984	       488	001000c8	00354303	lbu	x6,3(x10)	 x10:0x001019c0  x6=0x00000020 PA:0x001019c3 store:0x00000000
            986	       489	001000cc	04030263	beq	x6,x0,100110	  x6:0x00000020  x0:0x00000000
            990	       491	001000d0	0067a023	sw	x6,0(x15)	 x15:0x00020000  x6:0x00000020 PA:0x00020000 store:0x00000020 load:0x00000000
            994	       493	001000d4	00454383	lbu	x7,4(x10)	 x10:0x001019c0  x7=0x00000031 PA:0x001019c4 store:0x00000000
            996	       494	001000d8	02038c63	beq	x7,x0,100110	  x7:0x00000031  x0:0x00000000
           1000	       496	001000dc	0077a023	sw	x7,0(x15)	 x15:0x00020000  x7:0x00000031 PA:0x00020000 store:0x00000031 load:0x00000000
           1004	       498	001000e0	00554583	lbu	x11,5(x10)	 x10:0x001019c0 x11=0x00000032 PA:0x001019c5 store:0x00000064
           1006	       499	001000e4	02058663	beq	x11,x0,100110	 x11:0x00000032  x0:0x00000000
           1010	       501	001000e8	00b7a023	sw	x11,0(x15)	 x15:0x00020000 x11:0x00000032 PA:0x00020000 store:0x00000032 load:0x00000000
           1014	       503	001000ec	00654603	lbu	x12,6(x10)	 x10:0x001019c0 x12=0x00000033 PA:0x001019c6 store:0x00000020
           1016	       504	001000f0	02060063	beq	x12,x0,100110	 x12:0x00000033  x0:0x00000000
           1020	       506	001000f4	00c7a023	sw	x12,0(x15)	 x15:0x00020000 x12:0x00000033 PA:0x00020000 store:0x00000033 load:0x00000000
           1024	       508	001000f8	00754683	lbu	x13,7(x10)	 x10:0x001019c0 x13=0x0000002e PA:0x001019c7 store:0x00000031
           1026	       509	001000fc	00850513	addi	x10,x10,8	 x10:0x001019c0 x10=0x001019c8
           1028	       510	00100100	00068863	beq	x13,x0,100110	 x13:0x0000002e  x0:0x00000000
           1032	       512	00100104	00d7a023	sw	x13,0(x15)	 x15:0x00020000 x13:0x0000002e PA:0x00020000 store:0x0000002e load:0x00000000
           1036	       514	00100108	00054803	lbu	x16,0(x10)	 x10:0x001019c8 x16=0x00000032 PA:0x001019c8 store:0x00000000
           1040	       516	0010010c	fa0810e3	bne	x16,x0,1000ac	 x16:0x00000032  x0:0x00000000
           1046	       519	001000ac	0107a023	sw	x16,0(x15)	 x15:0x00020000 x16:0x00000032 PA:0x00020000 store:0x00000032 load:0x00000000
           1050	       521	001000b0	00154703	lbu	x14,1(x10)	 x10:0x001019c8 x14=0x00000034 PA:0x001019c9 store:0x00101038
           1052	       522	001000b4	04070e63	beq	x14,x0,100110	 x14:0x00000034  x0:0x00000000
           1056	       524	001000b8	00e7a023	sw	x14,0(x15)	 x15:0x00020000 x14:0x00000034 PA:0x00020000 store:0x00000034 load:0x00000000
           1060	       526	001000bc	00254283	lbu	x5,2(x10)	 x10:0x001019c8  x5=0x00000033 PA:0x001019ca store:0x00137fa0
           1062	       527	001000c0	04028863	beq	x5,x0,100110	  x5:0x00000033  x0:0x00000000
           1066	       529	001000c4	0057a023	sw	x5,0(x15)	 x15:0x00020000  x5:0x00000033 PA:0x00020000 store:0x00000033 load:0x00000000
           1070	       531	001000c8	00354303	lbu	x6,3(x10)	 x10:0x001019c8  x6=0x00000020 PA:0x001019cb store:0x00000000
           1072	       532	001000cc	04030263	beq	x6,x0,100110	  x6:0x00000020  x0:0x00000000
           1076	       534	001000d0	0067a023	sw	x6,0(x15)	 x15:0x00020000  x6:0x00000020 PA:0x00020000 store:0x00000020 load:0x00000000
           1080	       536	001000d4	00454383	lbu	x7,4(x10)	 x10:0x001019c8  x7=0x00000026 PA:0x001019cc store:0x00000000
           1082	       537	001000d8	02038c63	beq	x7,x0,100110	  x7:0x00000026  x0:0x00000000
           1086	       539	001000dc	0077a023	sw	x7,0(x15)	 x15:0x00020000  x7:0x00000026 PA:0x00020000 store:0x00000026 load:0x00000000
           1090	       541	001000e0	00554583	lbu	x11,5(x10)	 x10:0x001019c8 x11=0x00000020 PA:0x001019cd store:0x00000033
           1092	       542	001000e4	02058663	beq	x11,x0,100110	 x11:0x00000020  x0:0x00000000
           1096	       544	001000e8	00b7a023	sw	x11,0(x15)	 x15:0x00020000 x11:0x00000020 PA:0x00020000 store:0x00000020 load:0x00000000
           1100	       546	001000ec	00654603	lbu	x12,6(x10)	 x10:0x001019c8 x12=0x00000034 PA:0x001019ce store:0x00000020
           1102	       547	001000f0	02060063	beq	x12,x0,100110	 x12:0x00000034  x0:0x00000000
           1106	       549	001000f4	00c7a023	sw	x12,0(x15)	 x15:0x00020000 x12:0x00000034 PA:0x00020000 store:0x00000034 load:0x00000000
           1110	       551	001000f8	00754683	lbu	x13,7(x10)	 x10:0x001019c8 x13=0x00000037 PA:0x001019cf store:0x00000026
           1112	       552	001000fc	00850513	addi	x10,x10,8	 x10:0x001019c8 x10=0x001019d0
           1114	       553	00100100	00068863	beq	x13,x0,100110	 x13:0x00000037  x0:0x00000000
           1118	       555	00100104	00d7a023	sw	x13,0(x15)	 x15:0x00020000 x13:0x00000037 PA:0x00020000 store:0x00000037 load:0x00000000
           1122	       557	00100108	00054803	lbu	x16,0(x10)	 x10:0x001019d0 x16=0x00000035 PA:0x001019d0 store:0x00000000
           1126	       559	0010010c	fa0810e3	bne	x16,x0,1000ac	 x16:0x00000035  x0:0x00000000
           1132	       562	001000ac	0107a023	sw	x16,0(x15)	 x15:0x00020000 x16:0x00000035 PA:0x00020000 store:0x00000035 load:0x00000000
           1136	       564	001000b0	00154703	lbu	x14,1(x10)	 x10:0x001019d0 x14=0x0000002e PA:0x001019d1 store:0x00101038
           1138	       565	001000b4	04070e63	beq	x14,x0,100110	 x14:0x0000002e  x0:0x00000000
           1142	       567	001000b8	00e7a023	sw	x14,0(x15)	 x15:0x00020000 x14:0x0000002e PA:0x00020000 store:0x0000002e load:0x00000000
           1146	       569	001000bc	00254283	lbu	x5,2(x10)	 x10:0x001019d0  x5=0x00000038 PA:0x001019d2 store:0x00137fa0
           1148	       570	001000c0	04028863	beq	x5,x0,100110	  x5:0x00000038  x0:0x00000000
           1152	       572	001000c4	0057a023	sw	x5,0(x15)	 x15:0x00020000  x5:0x00000038 PA:0x00020000 store:0x00000038 load:0x00000000
           1156	       574	001000c8	00354303	lbu	x6,3(x10)	 x10:0x001019d0  x6=0x00000037 PA:0x001019d3 store:0x00000000
           1158	       575	001000cc	04030263	beq	x6,x0,100110	  x6:0x00000037  x0:0x00000000
           1162	       577	001000d0	0067a023	sw	x6,0(x15)	 x15:0x00020000  x6:0x00000037 PA:0x00020000 store:0x00000037 load:0x00000000
           1166	       579	001000d4	00454383	lbu	x7,4(x10)	 x10:0x001019d0  x7=0x00000035 PA:0x001019d4 store:0x00000000
           1168	       580	001000d8	02038c63	beq	x7,x0,100110	  x7:0x00000035  x0:0x00000000
           1172	       582	001000dc	0077a023	sw	x7,0(x15)	 x15:0x00020000  x7:0x00000035 PA:0x00020000 store:0x00000035 load:0x00000000
           1176	       584	001000e0	00554583	lbu	x11,5(x10)	 x10:0x001019d0 x11=0x0000003a PA:0x001019d5 store:0x00000038
           1178	       585	001000e4	02058663	beq	x11,x0,100110	 x11:0x0000003a  x0:0x00000000
           1182	       587	001000e8	00b7a023	sw	x11,0(x15)	 x15:0x00020000 x11:0x0000003a PA:0x00020000 store:0x0000003a load:0x00000000
           1186	       589	001000ec	00654603	lbu	x12,6(x10)	 x10:0x001019d0 x12=0x00000020 PA:0x001019d6 store:0x00000037
           1188	       590	001000f0	02060063	beq	x12,x0,100110	 x12:0x00000020  x0:0x00000000
           1192	       592	001000f4	00c7a023	sw	x12,0(x15)	 x15:0x00020000 x12:0x00000020 PA:0x00020000 store:0x00000020 load:0x00000000
           1196	       594	001000f8	00754683	lbu	x13,7(x10)	 x10:0x001019d0 x13=0x00000000 PA:0x001019d7 store:0x00000035
           1198	       595	001000fc	00850513	addi	x10,x10,8	 x10:0x001019d0 x10=0x001019d8
           1202	       597	00100100	00068863	beq	x13,x0,100110	 x13:0x00000000  x0:0x00000000
           1206	       599	00100110	00000513	addi	x10,x0,0	  x0:0x00000000 x10=0x00000000
           1220	       606	00100114	00008067	jalr	x0,0(x1)	  x1:0x00101038  x0=0x00000000
           1222	       607	00101038	d1c4a507	flw	f10,-740(x9)	  f9:0x00102000 f10=0x00000000 PA:0x00101d1c store:0x00000000
           1232	       612	0010103c	e05ff0ef	jal	x1,100e40	  x1=0x00101040
           1234	       613	00100e40	fe010113	addi	x2,x2,-32	  x2:0x00137fa0  x2=0x00137f80
           1236	       614	00100e44	00812c23	sw	x8,24(x2)	  x2:0x00137f80  x8:0x00102000 PA:0x00137f98 store:0x00102000 load:0x4415c77d
           1238	       615	00100e48	c0151453	fcvt.wu.s	x8,f10	 f10:0x00000000  x8=0x00000257
           1240	       616	00100e4c	00112e23	sw	x1,28(x2)	  x2:0x00137f80  x1:0x00101040 PA:0x00137f9c store:0x00101040 load:0x4415c77d
           1242	       617	00100e50	00812627	fsw	f8,12(x2)	  f2:0x00137f80  f8:0x00000257 PA:0x00137f8c store:0x00000000 load:0x4415c77d
           1246	       619	00100e54	00040513	addi	x10,x8,0	  x8:0x00000257 x10=0x00000257
           1248	       620	00100e58	20a50453	fsgnj.s	f8,f10,f10	 f10:0x00000257 f10:0x00000257  f8=0x00000000
           1250	       621	00100e5c	ac4ff0ef	jal	x1,100120	  x1=0x00100e60
           1252	       622	00100120	01c55793	srli	x15,x10,0x1c	 x10:0x00000257 x15=0x00000000
           1254	       623	00100124	00900713	addi	x14,x0,9	  x0:0x00000000 x14=0x00000009
           1256	       624	00100128	0cf77a63	bgeu	x14,x15,1001fc	 x14:0x00000009 x15:0x00000000
           1258	       625	001001fc	03078393	addi	x7,x15,48	 x15:0x00000000  x7=0x00000030
           1260	       626	00100200	000205b7	lui	x11,0x20	 x11=0x00020000
           1262	       627	00100204	00451613	slli	x12,x10,0x4	 x10:0x00000257 x12=0x00002570
           1264	       628	00100208	0075a023	sw	x7,0(x11)	 x11:0x00020000  x7:0x00000030 PA:0x00020000 store:0x00000030 load:0x00000000
           1266	       629	0010020c	01c65693	srli	x13,x12,0x1c	 x12:0x00002570 x13=0x00000000
           1268	       630	00100210	00900813	addi	x16,x0,9	  x0:0x00000000 x16=0x00000009
           1270	       631	00100214	f2d86ae3	bltu	x16,x13,100148	 x16:0x00000009 x13:0x00000000
           1272	       632	00100218	03068e93	addi	x29,x13,48	 x13:0x00000000 x29=0x00000030
           1274	       633	0010021c	00020f37	lui	x30,0x20	 x30=0x00020000
           1276	       634	00100220	00851f93	slli	x31,x10,0x8	 x10:0x00000257 x31=0x00025700
           1278	       635	00100224	01df2023	sw	x29,0(x30)	 x30:0x00020000 x29:0x00000030 PA:0x00020000 store:0x00000030 load:0x00000000
           1280	       636	00100228	01cfd793	srli	x15,x31,0x1c	 x31:0x00025700 x15=0x00000000
           1282	       637	0010022c	00900713	addi	x14,x0,9	  x0:0x00000000 x14=0x00000009
           1284	       638	00100230	f2f76ae3	bltu	x14,x15,100164	 x14:0x00000009 x15:0x00000000
           1286	       639	00100234	03078393	addi	x7,x15,48	 x15:0x00000000  x7=0x00000030
           1288	       640	00100238	000205b7	lui	x11,0x20	 x11=0x00020000
           1290	       641	0010023c	00c51613	slli	x12,x10,0xc	 x10:0x00000257 x12=0x00257000
           1294	       643	00100240	0075a023	sw	x7,0(x11)	 x11:0x00020000  x7:0x00000030 PA:0x00020000 store:0x00000030 load:0x00000000
           1296	       644	00100244	01c65693	srli	x13,x12,0x1c	 x12:0x00257000 x13=0x00000000
           1298	       645	00100248	00900813	addi	x16,x0,9	  x0:0x00000000 x16=0x00000009
           1300	       646	0010024c	f2d86ae3	bltu	x16,x13,100180	 x16:0x00000009 x13:0x00000000
           1302	       647	00100250	03068e93	addi	x29,x13,48	 x13:0x00000000 x29=0x00000030
           1304	       648	00100254	00020f37	lui	x30,0x20	 x30=0x00020000
           1306	       649	00100258	01051f93	slli	x31,x10,0x10	 x10:0x00000257 x31=0x02570000
           1310	       651	0010025c	01df2023	sw	x29,0(x30)	 x30:0x00020000 x29:0x00000030 PA:0x00020000 store:0x00000030 load:0x00000000
           1312	       652	00100260	01cfd793	srli	x15,x31,0x1c	 x31:0x02570000 x15=0x00000000
           1314	       653	00100264	00900713	addi	x14,x0,9	  x0:0x00000000 x14=0x00000009
           1316	       654	00100268	f2f76ae3	bltu	x14,x15,10019c	 x14:0x00000009 x15:0x00000000
           1318	       655	0010026c	03078393	addi	x7,x15,48	 x15:0x00000000  x7=0x00000030
           1320	       656	00100270	000205b7	lui	x11,0x20	 x11=0x00020000
           1322	       657	00100274	01451613	slli	x12,x10,0x14	 x10:0x00000257 x12=0x25700000
           1326	       659	00100278	0075a023	sw	x7,0(x11)	 x11:0x00020000  x7:0x00000030 PA:0x00020000 store:0x00000030 load:0x00000000
           1328	       660	0010027c	01c65693	srli	x13,x12,0x1c	 x12:0x25700000 x13=0x00000002
           1330	       661	00100280	00900813	addi	x16,x0,9	  x0:0x00000000 x16=0x00000009
           1332	       662	00100284	f2d86ae3	bltu	x16,x13,1001b8	 x16:0x00000009 x13:0x00000002
           1334	       663	00100288	03068e93	addi	x29,x13,48	 x13:0x00000002 x29=0x00000032
           1336	       664	0010028c	00020f37	lui	x30,0x20	 x30=0x00020000
           1338	       665	00100290	01851f93	slli	x31,x10,0x18	 x10:0x00000257 x31=0x57000000
           1342	       667	00100294	01df2023	sw	x29,0(x30)	 x30:0x00020000 x29:0x00000032 PA:0x00020000 store:0x00000032 load:0x00000000
           1344	       668	00100298	01cfd793	srli	x15,x31,0x1c	 x31:0x57000000 x15=0x00000005
           1346	       669	0010029c	00900713	addi	x14,x0,9	  x0:0x00000000 x14=0x00000009
           1348	       670	001002a0	f2f76ae3	bltu	x14,x15,1001d4	 x14:0x00000009 x15:0x00000005
           1350	       671	001002a4	03078393	addi	x7,x15,48	 x15:0x00000005  x7=0x00000035
           1352	       672	001002a8	000205b7	lui	x11,0x20	 x11=0x00020000
           1356	       674	001002ac	0075a023	sw	x7,0(x11)	 x11:0x00020000  x7:0x00000035 PA:0x00020000 store:0x00000035 load:0x00000000
           1358	       675	001002b0	00f57513	andi	x10,x10,15	 x10:0x00000257 x10=0x00000007
           1360	       676	001002b4	00900613	addi	x12,x0,9	  x0:0x00000000 x12=0x00000009
           1364	       678	001002b8	f2a67ae3	bgeu	x12,x10,1001ec	 x12:0x00000009 x10:0x00000007
           1368	       680	001001ec	03050893	addi	x17,x10,48	 x10:0x00000007 x17=0x00000037
           1370	       681	001001f0	00020e37	lui	x28,0x20	 x28=0x00020000
           1374	       683	001001f4	011e2023	sw	x17,0(x28)	 x28:0x00020000 x17:0x00000037 PA:0x00020000 store:0x00000037 load:0x00000000
           1378	       685	001001f8	00008067	jalr	x0,0(x1)	  x1:0x00100e60  x0=0x00000000
           1380	       686	00100e60	00102537	lui	x10,0x102	 x10=0x00102000
           1382	       687	00100e64	a7050513	addi	x10,x10,-1424	 x10:0x00102000 x10=0x00101a70
           1386	       689	00100e68	a38ff0ef	jal	x1,1000a0	  x1=0x00100e6c
           1390	       691	001000a0	00054803	lbu	x16,0(x10)	 x10:0x00101a70 x16=0x0000002e PA:0x00101a70 store:0x00000000
           1392	       692	001000a4	06080663	beq	x16,x0,100110	 x16:0x0000002e  x0:0x00000000
           1394	       693	001000a8	000207b7	lui	x15,0x20	 x15=0x00020000
           1398	       695	001000ac	0107a023	sw	x16,0(x15)	 x15:0x00020000 x16:0x0000002e PA:0x00020000 store:0x0000002e load:0x00000000
           1402	       697	001000b0	00154703	lbu	x14,1(x10)	 x10:0x00101a70 x14=0x00000000 PA:0x00101a71 store:0x00100e6c
           1406	       699	001000b4	04070e63	beq	x14,x0,100110	 x14:0x00000000  x0:0x00000000
           1410	       701	00100110	00000513	addi	x10,x0,0	  x0:0x00000000 x10=0x00000000
           1424	       708	00100114	00008067	jalr	x0,0(x1)	  x1:0x00100e6c  x0=0x00000000
           1426	       709	00100e6c	d01477d3	fcvt.s.wu	f15,x8	  x8:0x00000257 f15=0x00000000
           1428	       710	00100e70	001027b7	lui	x15,0x102	 x15=0x00102000
           1430	       711	00100e74	9287a087	flw	f1,-1752(x15)	 f15:0x00102000  f1=0x00000000 PA:0x00101928 store:0x4415c77d
           1432	       712	00100e78	08f47053	fsub.s	f0,f8,f15	  f8:0x00000257 f15:0x00102000  f0=0x00000000
           1440	       716	00100e7c	01812403	lw	x8,24(x2)	  x2:0x00137f80  x8=0x00102000 PA:0x00137f98 store:0x00000000
           1442	       717	00100e80	01c12083	lw	x1,28(x2)	  x2:0x00137f80  x1=0x00101040 PA:0x00137f9c store:0x00020000
           1444	       718	00100e84	00c12407	flw	f8,12(x2)	  f2:0x00137f80  f8=0x00000000 PA:0x00137f8c store:0x00000000
           1446	       719	00100e88	10107153	fmul.s	f2,f0,f1	  f0:0x00000000  f1:0x00101040  f2=0x00000000
           1448	       720	00100e8c	02010113	addi	x2,x2,32	  x2:0x00137f80  x2=0x00137fa0
           1450	       721	00100e90	c0111553	fcvt.wu.s	x10,f2	  f2:0x00137fa0 x10=0x00002db4
           1452	       722	00100e94	a8cff06f	jal	x0,100120	  x0=0x00000000
           1454	       723	00100120	01c55793	srli	x15,x10,0x1c	 x10:0x00002db4 x15=0x00000000
           1456	       724	00100124	00900713	addi	x14,x0,9	  x0:0x00000000 x14=0x00000009
           1458	       725	00100128	0cf77a63	bgeu	x14,x15,1001fc	 x14:0x00000009 x15:0x00000000
           1460	       726	001001fc	03078393	addi	x7,x15,48	 x15:0x00000000  x7=0x00000030
           1462	       727	00100200	000205b7	lui	x11,0x20	 x11=0x00020000
           1464	       728	00100204	00451613	slli	x12,x10,0x4	 x10:0x00002db4 x12=0x0002db40
           1466	       729	00100208	0075a023	sw	x7,0(x11)	 x11:0x00020000  x7:0x00000030 PA:0x00020000 store:0x00000030 load:0x00000000
           1468	       730	0010020c	01c65693	srli	x13,x12,0x1c	 x12:0x0002db40 x13=0x00000000
           1470	       731	00100210	00900813	addi	x16,x0,9	  x0:0x00000000 x16=0x00000009
           1472	       732	00100214	f2d86ae3	bltu	x16,x13,100148	 x16:0x00000009 x13:0x00000000
           1474	       733	00100218	03068e93	addi	x29,x13,48	 x13:0x00000000 x29=0x00000030
           1476	       734	0010021c	00020f37	lui	x30,0x20	 x30=0x00020000
           1478	       735	00100220	00851f93	slli	x31,x10,0x8	 x10:0x00002db4 x31=0x002db400
           1482	       737	00100224	01df2023	sw	x29,0(x30)	 x30:0x00020000 x29:0x00000030 PA:0x00020000 store:0x00000030 load:0x00000000
           1484	       738	00100228	01cfd793	srli	x15,x31,0x1c	 x31:0x002db400 x15=0x00000000
           1486	       739	0010022c	00900713	addi	x14,x0,9	  x0:0x00000000 x14=0x00000009
           1488	       740	00100230	f2f76ae3	bltu	x14,x15,100164	 x14:0x00000009 x15:0x00000000
           1490	       741	00100234	03078393	addi	x7,x15,48	 x15:0x00000000  x7=0x00000030
           1492	       742	00100238	000205b7	lui	x11,0x20	 x11=0x00020000
           1494	       743	0010023c	00c51613	slli	x12,x10,0xc	 x10:0x00002db4 x12=0x02db4000
           1498	       745	00100240	0075a023	sw	x7,0(x11)	 x11:0x00020000  x7:0x00000030 PA:0x00020000 store:0x00000030 load:0x00000000
           1500	       746	00100244	01c65693	srli	x13,x12,0x1c	 x12:0x02db4000 x13=0x00000000
           1502	       747	00100248	00900813	addi	x16,x0,9	  x0:0x00000000 x16=0x00000009
           1504	       748	0010024c	f2d86ae3	bltu	x16,x13,100180	 x16:0x00000009 x13:0x00000000
           1506	       749	00100250	03068e93	addi	x29,x13,48	 x13:0x00000000 x29=0x00000030
           1508	       750	00100254	00020f37	lui	x30,0x20	 x30=0x00020000
           1510	       751	00100258	01051f93	slli	x31,x10,0x10	 x10:0x00002db4 x31=0x2db40000
           1514	       753	0010025c	01df2023	sw	x29,0(x30)	 x30:0x00020000 x29:0x00000030 PA:0x00020000 store:0x00000030 load:0x00000000
           1516	       754	00100260	01cfd793	srli	x15,x31,0x1c	 x31:0x2db40000 x15=0x00000002
           1518	       755	00100264	00900713	addi	x14,x0,9	  x0:0x00000000 x14=0x00000009
           1520	       756	00100268	f2f76ae3	bltu	x14,x15,10019c	 x14:0x00000009 x15:0x00000002
           1522	       757	0010026c	03078393	addi	x7,x15,48	 x15:0x00000002  x7=0x00000032
           1524	       758	00100270	000205b7	lui	x11,0x20	 x11=0x00020000
           1526	       759	00100274	01451613	slli	x12,x10,0x14	 x10:0x00002db4 x12=0xdb400000
           1530	       761	00100278	0075a023	sw	x7,0(x11)	 x11:0x00020000  x7:0x00000032 PA:0x00020000 store:0x00000032 load:0x00000000
           1532	       762	0010027c	01c65693	srli	x13,x12,0x1c	 x12:0xdb400000 x13=0x0000000d
           1534	       763	00100280	00900813	addi	x16,x0,9	  x0:0x00000000 x16=0x00000009
           1538	       765	00100284	f2d86ae3	bltu	x16,x13,1001b8	 x16:0x00000009 x13:0x0000000d
           1542	       767	001001b8	03768893	addi	x17,x13,55	 x13:0x0000000d x17=0x00000044
           1544	       768	001001bc	00020e37	lui	x28,0x20	 x28=0x00020000
           1546	       769	001001c0	01851f93	slli	x31,x10,0x18	 x10:0x00002db4 x31=0xb4000000
           1550	       771	001001c4	011e2023	sw	x17,0(x28)	 x28:0x00020000 x17:0x00000044 PA:0x00020000 store:0x00000044 load:0x00000000
           1552	       772	001001c8	01cfd793	srli	x15,x31,0x1c	 x31:0xb4000000 x15=0x0000000b
           1554	       773	001001cc	00900713	addi	x14,x0,9	  x0:0x00000000 x14=0x00000009
           1556	       774	001001d0	0cf77a63	bgeu	x14,x15,1002a4	 x14:0x00000009 x15:0x0000000b
           1558	       775	001001d4	03778293	addi	x5,x15,55	 x15:0x0000000b  x5=0x00000042
           1560	       776	001001d8	00020337	lui	x6,0x20	  x6=0x00020000
           1564	       778	001001dc	00532023	sw	x5,0(x6)	  x6:0x00020000  x5:0x00000042 PA:0x00020000 store:0x00000042 load:0x00000000
           1566	       779	001001e0	00f57513	andi	x10,x10,15	 x10:0x00002db4 x10=0x00000004
           1568	       780	001001e4	00900613	addi	x12,x0,9	  x0:0x00000000 x12=0x00000009
           1570	       781	001001e8	0ca66a63	bltu	x12,x10,1002bc	 x12:0x00000009 x10:0x00000004
           1572	       782	001001ec	03050893	addi	x17,x10,48	 x10:0x00000004 x17=0x00000034
           1574	       783	001001f0	00020e37	lui	x28,0x20	 x28=0x00020000
           1578	       785	001001f4	011e2023	sw	x17,0(x28)	 x28:0x00020000 x17:0x00000034 PA:0x00020000 store:0x00000034 load:0x00000000
           1592	       792	001001f8	00008067	jalr	x0,0(x1)	  x1:0x00101040  x0=0x00000000
           1594	       793	00101040	d1842587	flw	f11,-744(x8)	  f8:0x00102000 f11=0x00000000 PA:0x00101d18 store:0x00000000
           1596	       794	00101044	f00002d3	fmv.w.x	f5,x0	  x0:0x00000000  f5=0x00000000
           1598	       795	00101048	d1492607	flw	f12,-748(x18)	 f18:0x00102000 f12=0x00000000 PA:0x00101d14 store:0x00000000
           1600	       796	0010104c	d1c4a207	flw	f4,-740(x9)	  f9:0x00102000  f4=0x00000000 PA:0x00101d1c store:0x00000000
           1602	       797	00101050	d1842687	flw	f13,-744(x8)	  f8:0x00102000 f13=0x00000000 PA:0x00101d18 store:0x00000000
           1604	       798	00101054	60b2f343	fmadd.s	f6,f5,f11,f12	  f5:0x00000042 f11:0x00020000 f12:0x00000042  f6=0x00000000
           1606	       799	00101058	00100313	addi	x6,x0,1	  x0:0x00000000  x6=0x00000001
           1608	       800	0010105c	00d273d3	fadd.s	f7,f4,f13	  f4:0x00000000 f13:0x0000000d  f7=0x00000000
           1610	       801	00101060	d1842407	flw	f8,-744(x8)	  f8:0x00102000  f8=0x00000000 PA:0x00101d18 store:0x00000000
           1612	       802	00101064	d00378d3	fcvt.s.w	f17,x6	  x6:0x00000001 f17=0x00000000
           1614	       803	00101068	d0692a27	fsw	f6,-748(x18)	 f18:0x00102000  f6:0x00000001 PA:0x00101d14 store:0x00000000 load:0x3f7d1f60
           1618	       805	0010106c	d1492487	flw	f9,-748(x18)	 f18:0x00102000  f9=0x00000000 PA:0x00101d14 store:0x00000000
           1620	       806	00101070	d074ae27	fsw	f7,-740(x9)	  f9:0x00102000  f7:0x00000032 PA:0x00000000
           1628	       810	00101074	d1c4a507	flw	f10,-740(x9)	  f9:0x00102000 f10=0x00000000 PA:0x00101d1c store:0x00000000
           1632	       812	00101078	d1842807	flw	f16,-744(x8)	  f8:0x00102000 f16=0x00000000 PA:0x00101d18 store:0x00000000
           1634	       813	0010107c	4888f943	fmadd.s	f18,f17,f8,f9	 f17:0x00000034  f8:0x00102000  f9:0x00102000 f18=0x00000000
           1638	       815	00101080	06400393	addi	x7,x0,100	  x0:0x00000000  x7=0x00000064
           1640	       816	00101084	010579d3	fadd.s	f19,f10,f16	 f10:0x00000004 f16:0x00000009 f19=0x00000000
           1642	       817	00101088	d1292a27	fsw	f18,-748(x18)	 f18:0x00102000 f18:0x00102000 PA:0x00101d14 store:0x3f7d1f60 load:0x3f7d1f60
           1646	       819	0010108c	d134ae27	fsw	f19,-740(x9)	  f9:0x00102000 f19:0x00000000 PA:0x00101d1c store:0x4416460d load:0x3f7d1f60
           1650	       821	00101090	d1842a07	flw	f20,-744(x8)	  f8:0x00102000 f20=0x00000000 PA:0x00101d18 store:0x00000000
           1652	       822	00101094	d00a7ad3	fcvt.s.w	f21,x20	 x20:0x00000002 f21=0x00000000
           1656	       824	00101098	d1492e07	flw	f28,-748(x18)	 f18:0x00102000 f28=0x00000000 PA:0x00101d14 store:0x3f7d1f60
           1662	       827	0010109c	001a0093	addi	x1,x20,1	 x20:0x00000002  x1=0x00000003
           1664	       828	001010a0	d1c4ae87	flw	f29,-740(x9)	  f9:0x00102000 f29=0x00000000 PA:0x00101d1c store:0x00000000
           1666	       829	001010a4	e14aff43	fmadd.s	f30,f21,f20,f28	 f21:0x00000000 f20:0x00000002 f28:0x00000000 f30=0x00000000
           1668	       830	001010a8	d1842f87	flw	f31,-744(x8)	  f8:0x00102000 f31=0x00000000 PA:0x00101d18 store:0x00000000
           1670	       831	001010ac	d000f053	fcvt.s.w	f0,x1	  x1:0x00000003  f0=0x00000000
           1674	       833	001010b0	d1842087	flw	f1,-744(x8)	  f8:0x00102000  f1=0x00000000 PA:0x00101d18 store:0x00000000
           1676	       834	001010b4	01fef153	fadd.s	f2,f29,f31	 f29:0x00000030 f31:0xb4000000  f2=0x00000000
           1678	       835	001010b8	d1e92a27	fsw	f30,-748(x18)	 f18:0x00102000 f30:0x00020000 PA:0x00101d14 store:0x403dd788 load:0x3f7d1f60
           1684	       838	001010bc	d1492707	flw	f14,-748(x18)	 f18:0x00102000 f14=0x00000000 PA:0x00101d14 store:0x3f7d1f60
           1686	       839	001010c0	002a0593	addi	x11,x20,2	 x20:0x00000002 x11=0x00000004
           1688	       840	001010c4	d005f7d3	fcvt.s.w	f15,x11	 x11:0x00000004 f15=0x00000000
           1690	       841	001010c8	701071c3	fmadd.s	f3,f0,f1,f14	  f0:0x00000000  f1:0x00000003 f14:0x00000000  f3=0x00000000
           1692	       842	001010cc	d024ae27	fsw	f2,-740(x9)	  f9:0x00102000  f2:0x00137fa0 PA:0x00000000
           1698	       845	001010d0	d1c4a207	flw	f4,-740(x9)	  f9:0x00102000  f4=0x00000000 PA:0x00101d1c store:0x3f7d1f60
           1700	       846	001010d4	d1842587	flw	f11,-744(x8)	  f8:0x00102000 f11=0x00000000 PA:0x00000000
           1708	       850	001010d8	d1842607	flw	f12,-744(x8)	  f8:0x00102000 f12=0x00000000 PA:0x00101d18 store:0x00000000
           1712	       852	001010dc	d0392a27	fsw	f3,-748(x18)	 f18:0x00102000  f3:0x00000000 PA:0x00101d14 store:0x40bdd788 load:0x3f7d1f60
           1720	       856	001010e0	d1492287	flw	f5,-748(x18)	 f18:0x00102000  f5=0x00000000 PA:0x00101d14 store:0x3f7d1f60
           1722	       857	001010e4	00b276d3	fadd.s	f13,f4,f11	  f4:0x00000000 f11:0x00000004 f13=0x00000000
           1726	       859	001010e8	003a0613	addi	x12,x20,3	 x20:0x00000002 x12=0x00000005
           1728	       860	001010ec	28c7f343	fmadd.s	f6,f15,f12,f5	 f15:0x0000000b f12:0x00000005  f5:0x0000000b  f6=0x00000000
           1730	       861	001010f0	d00673d3	fcvt.s.w	f7,x12	 x12:0x00000005  f7=0x00000000
           1732	       862	001010f4	004a0813	addi	x16,x20,4	 x20:0x00000002 x16=0x00000006
           1734	       863	001010f8	d0d4ae27	fsw	f13,-740(x9)	  f9:0x00102000 f13:0x0000000d PA:0x00101d1c store:0x4416c49d load:0x40bdd788
           1738	       865	001010fc	d1c4a407	flw	f8,-740(x9)	  f9:0x00102000  f8=0x00000000 PA:0x00101d1c store:0x3f7d1f60
           1740	       866	00101100	d0692a27	fsw	f6,-748(x18)	 f18:0x00102000  f6:0x00000001 PA:0x00000000
           1748	       870	00101104	d1842487	flw	f9,-744(x8)	  f8:0x00102000  f9=0x00000000 PA:0x00101d18 store:0x00000000
           1752	       872	00101108	d1842507	flw	f10,-744(x8)	  f8:0x00102000 f10=0x00000000 PA:0x00101d18 store:0x00000000
           1756	       874	0010110c	d1492807	flw	f16,-748(x18)	 f18:0x00102000 f16=0x00000000 PA:0x00101d14 store:0x3f7d1f60
           1758	       875	00101110	009478d3	fadd.s	f17,f8,f9	  f8:0x00102000  f9:0x00102000 f17=0x00000000
           1760	       876	00101114	d0087953	fcvt.s.w	f18,x16	 x16:0x00000006 f18=0x00000000
           1762	       877	00101118	80a3f9c3	fmadd.s	f19,f7,f10,f16	  f7:0x00000064 f10:0x00000004 f16:0x00000064 f19=0x00000000
           1766	       879	0010111c	005a0893	addi	x17,x20,5	 x20:0x00000002 x17=0x00000007
           1768	       880	00101120	d008fa53	fcvt.s.w	f20,x17	 x17:0x00000007 f20=0x00000000
           1770	       881	00101124	d114ae27	fsw	f17,-740(x9)	  f9:0x00102000 f17:0x00000007 PA:0x00101d1c store:0x441703e5 load:0x411e339c
           1774	       883	00101128	d1c4aa87	flw	f21,-740(x9)	  f9:0x00102000 f21=0x00000000 PA:0x00101d1c store:0x3f7d1f60
           1776	       884	0010112c	d1392a27	fsw	f19,-748(x18)	 f18:0x00102000 f19:0x00000000 PA:0x00000000
           1784	       888	00101130	d1842e07	flw	f28,-744(x8)	  f8:0x00102000 f28=0x00000000 PA:0x00101d18 store:0x00000000
           1788	       890	00101134	d1842e87	flw	f29,-744(x8)	  f8:0x00102000 f29=0x00000000 PA:0x00101d18 store:0x00000000
           1792	       892	00101138	d1492f07	flw	f30,-748(x18)	 f18:0x00102000 f30=0x00000000 PA:0x00101d14 store:0x40e00000
           1794	       893	0010113c	01caffd3	fadd.s	f31,f21,f28	 f21:0x00000000 f28:0x00020000 f31=0x00000000
           1798	       895	00101140	006a0993	addi	x19,x20,6	 x20:0x00000002 x19=0x00000008
           1800	       896	00101144	f1d97043	fmadd.s	f0,f18,f29,f30	 f18:0x00102000 f29:0x00000030 f30:0x00102000  f0=0x00000000
           1802	       897	00101148	d009f0d3	fcvt.s.w	f1,x19	 x19:0x00000008  f1=0x00000000
           1804	       898	0010114c	007a0a13	addi	x20,x20,7	 x20:0x00000002 x20=0x00000009
           1806	       899	00101150	d1f4ae27	fsw	f31,-740(x9)	  f9:0x00102000 f31:0xb4000000 PA:0x00101d1c store:0x4417432d load:0x416d4d6a
           1810	       901	00101154	d1c4a107	flw	f2,-740(x9)	  f9:0x00102000  f2=0x00000000 PA:0x00101d1c store:0x3f7d1f60
           1812	       902	00101158	d0092a27	fsw	f0,-748(x18)	 f18:0x00102000  f0:0x00000000 PA:0x00000000
           1820	       906	0010115c	d1842707	flw	f14,-744(x8)	  f8:0x00102000 f14=0x00000000 PA:0x00101d18 store:0x00000000
           1824	       908	00101160	d1842787	flw	f15,-744(x8)	  f8:0x00102000 f15=0x00000000 PA:0x00101d18 store:0x00000000
           1828	       910	00101164	d1492187	flw	f3,-748(x18)	 f18:0x00102000  f3=0x00000000 PA:0x00101d14 store:0x40e00000
           1830	       911	00101168	00e17253	fadd.s	f4,f2,f14	  f2:0x00137fa0 f14:0x00000009  f4=0x00000000
           1834	       913	0010116c	18fa75c3	fmadd.s	f11,f20,f15,f3	 f20:0x00000009 f15:0x0000000b  f3:0x00000000 f11=0x00000000
           1838	       915	00101170	d044ae27	fsw	f4,-740(x9)	  f9:0x00102000  f4:0x00000000 PA:0x00101d1c store:0x44178275 load:0x41a61c97
           1842	       917	00101174	d0b92a27	fsw	f11,-748(x18)	 f18:0x00102000 f11:0x00000004 PA:0x00101d14 store:0x41dd7b74 load:0x41a61c97
           1846	       919	00101178	d1c4a287	flw	f5,-740(x9)	  f9:0x00102000  f5=0x00000000 PA:0x00101d1c store:0x3f7d1f60
           1850	       921	0010117c	d1842307	flw	f6,-744(x8)	  f8:0x00102000  f6=0x00000000 PA:0x00101d18 store:0x00000000
           1854	       923	00101180	d1842607	flw	f12,-744(x8)	  f8:0x00102000 f12=0x00000000 PA:0x00101d18 store:0x00000000
           1858	       925	00101184	d1492687	flw	f13,-748(x18)	 f18:0x00102000 f13=0x00000000 PA:0x00101d14 store:0x40e00000
           1860	       926	00101188	0062f3d3	fadd.s	f7,f5,f6	  f5:0x00000042  f6:0x00000001  f7=0x00000000
           1864	       928	0010118c	68c0f443	fmadd.s	f8,f1,f12,f13	  f1:0x00000003 f12:0x00000005 f13:0x0000000d  f8=0x00000000
           1868	       930	00101190	d074ae27	fsw	f7,-740(x9)	  f9:0x00102000  f7:0x00000064 PA:0x00101d1c store:0x4417c1bd load:0x41dd7b74
           1876	       934	00101194	d1c4a487	flw	f9,-740(x9)	  f9:0x00102000  f9=0x00000000 PA:0x00101d1c store:0x3f7d1f60
           1880	       936	00101198	d1842507	flw	f10,-744(x8)	  f8:0x00102000 f10=0x00000000 PA:0x00101d18 store:0x00000000
           1884	       938	0010119c	d0892a27	fsw	f8,-748(x18)	 f18:0x00102000  f8:0x00102000 PA:0x00101d14 store:0x420e61a6 load:0x3f7d1f60
           1886	       939	001011a0	00a4f853	fadd.s	f16,f9,f10	  f9:0x00102000 f10:0x00000004 f16=0x00000000
           1894	       943	001011a4	d104ae27	fsw	f16,-740(x9)	  f9:0x00102000 f16:0x00000006 PA:0x00101d1c store:0x44180105 load:0x3f7d1f60
           1904	       948	001011a8	ee7a14e3	bne	x20,x7,101090	 x20:0x00000009  x7:0x00000064
           1906	       949	00101090	d1842a07	flw	f20,-744(x8)	  f8:0x00102000 f20=0x00000000 PA:0x00101d18 store:0x00000000
           1908	       950	00101094	d00a7ad3	fcvt.s.w	f21,x20	 x20:0x00000009 f21=0x00000000
           1910	       951	00101098	d1492e07	flw	f28,-748(x18)	 f18:0x00102000 f28=0x00000000 PA:0x00101d14 store:0x40e00000
           1912	       952	0010109c	001a0093	addi	x1,x20,1	 x20:0x00000009  x1=0x0000000a
           1914	       953	001010a0	d1c4ae87	flw	f29,-740(x9)	  f9:0x00102000 f29=0x00000000 PA:0x00101d1c store:0x3f7d1f60
           1916	       954	001010a4	e14aff43	fmadd.s	f30,f21,f20,f28	 f21:0x00000000 f20:0x00000009 f28:0x00000000 f30=0x00000000
           1918	       955	001010a8	d1842f87	flw	f31,-744(x8)	  f8:0x00102000 f31=0x00000000 PA:0x00101d18 store:0x00000000
           1920	       956	001010ac	d000f053	fcvt.s.w	f0,x1	  x1:0x0000000a  f0=0x00000000
           1924	       958	001010b0	d1842087	flw	f1,-744(x8)	  f8:0x00102000  f1=0x00000000 PA:0x00101d18 store:0x00000000
           1926	       959	001010b4	01fef153	fadd.s	f2,f29,f31	 f29:0x00000030 f31:0xb4000000  f2=0x00000000
           1928	       960	001010b8	d1e92a27	fsw	f30,-748(x18)	 f18:0x00102000 f30:0x00020000 PA:0x00101d14 store:0x4231fa10 load:0x3f7d1f60
           1934	       963	001010bc	d1492707	flw	f14,-748(x18)	 f18:0x00102000 f14=0x00000000 PA:0x00101d14 store:0x3f7d1f60
           1936	       964	001010c0	002a0593	addi	x11,x20,2	 x20:0x00000009 x11=0x0000000b
           1938	       965	001010c4	d005f7d3	fcvt.s.w	f15,x11	 x11:0x0000000b f15=0x00000000
           1940	       966	001010c8	701071c3	fmadd.s	f3,f0,f1,f14	  f0:0x00000000  f1:0x0000000a f14:0x00000000  f3=0x00000000
           1942	       967	001010cc	d024ae27	fsw	f2,-740(x9)	  f9:0x00102000  f2:0x00137fa0 PA:0x00000000
           1948	       970	001010d0	d1c4a207	flw	f4,-740(x9)	  f9:0x00102000  f4=0x00000000 PA:0x00101d1c store:0x420e61a6
           1950	       971	001010d4	d1842587	flw	f11,-744(x8)	  f8:0x00102000 f11=0x00000000 PA:0x00000000
           1958	       975	001010d8	d1842607	flw	f12,-744(x8)	  f8:0x00102000 f12=0x00000000 PA:0x00101d18 store:0x00000000
           1962	       977	001010dc	d0392a27	fsw	f3,-748(x18)	 f18:0x00102000  f3:0x00000000 PA:0x00101d14 store:0x425986f7 load:0x3f7d1f60
           1970	       981	001010e0	d1492287	flw	f5,-748(x18)	 f18:0x00102000  f5=0x00000000 PA:0x00101d14 store:0x3f7d1f60
           1972	       982	001010e4	00b276d3	fadd.s	f13,f4,f11	  f4:0x00000000 f11:0x0000000b f13=0x00000000
           1976	       984	001010e8	003a0613	addi	x12,x20,3	 x20:0x00000009 x12=0x0000000c
           1978	       985	001010ec	28c7f343	fmadd.s	f6,f15,f12,f5	 f15:0x0000000b f12:0x0000000c  f5:0x0000000b  f6=0x00000000
           1980	       986	001010f0	d00673d3	fcvt.s.w	f7,x12	 x12:0x0000000c  f7=0x00000000
           1982	       987	001010f4	004a0813	addi	x16,x20,4	 x20:0x00000009 x16=0x0000000d
           1984	       988	001010f8	d0d4ae27	fsw	f13,-740(x9)	  f9:0x00102000 f13:0x0000000d PA:0x00101d1c store:0x44187f95 load:0x425986f7
           1988	       990	001010fc	d1c4a407	flw	f8,-740(x9)	  f9:0x00102000  f8=0x00000000 PA:0x00101d1c store:0x420e61a6
           1990	       991	00101100	d0692a27	fsw	f6,-748(x18)	 f18:0x00102000  f6:0x00000001 PA:0x00000000
           1998	       995	00101104	d1842487	flw	f9,-744(x8)	  f8:0x00102000  f9=0x00000000 PA:0x00101d18 store:0x00000000
           2002	       997	00101108	d1842507	flw	f10,-744(x8)	  f8:0x00102000 f10=0x00000000 PA:0x00101d18 store:0x00000000
           2006	       999	0010110c	d1492807	flw	f16,-748(x18)	 f18:0x00102000 f16=0x00000000 PA:0x00101d14 store:0x3f7d1f60
           2008	      1000	00101110	009478d3	fadd.s	f17,f8,f9	  f8:0x00102000  f9:0x00102000 f17=0x00000000
           2010	      1001	00101114	d0087953	fcvt.s.w	f18,x16	 x16:0x0000000d f18=0x00000000
           2012	      1002	00101118	80a3f9c3	fmadd.s	f19,f7,f10,f16	  f7:0x00000064 f10:0x00000004 f16:0x00000064 f19=0x00000000
           2016	      1004	0010111c	005a0893	addi	x17,x20,5	 x20:0x00000009 x17=0x0000000e
           2018	      1005	00101120	d008fa53	fcvt.s.w	f20,x17	 x17:0x0000000e f20=0x00000000
           2020	      1006	00101124	d114ae27	fsw	f17,-740(x9)	  f9:0x00102000 f17:0x0000000e PA:0x00101d1c store:0x4418bedd load:0x4282842e
           2024	      1008	00101128	d1c4aa87	flw	f21,-740(x9)	  f9:0x00102000 f21=0x00000000 PA:0x00101d1c store:0x420e61a6
           2026	      1009	0010112c	d1392a27	fsw	f19,-748(x18)	 f18:0x00102000 f19:0x00000008 PA:0x00000000
           2034	      1013	00101130	d1842e07	flw	f28,-744(x8)	  f8:0x00102000 f28=0x00000000 PA:0x00101d18 store:0x00000000
           2038	      1015	00101134	d1842e87	flw	f29,-744(x8)	  f8:0x00102000 f29=0x00000000 PA:0x00101d18 store:0x00000000
           2042	      1017	00101138	d1492f07	flw	f30,-748(x18)	 f18:0x00102000 f30=0x00000000 PA:0x00101d14 store:0x41600000
           2044	      1018	0010113c	01caffd3	fadd.s	f31,f21,f28	 f21:0x00000000 f28:0x00020000 f31=0x00000000
           2048	      1020	00101140	006a0993	addi	x19,x20,6	 x20:0x00000009 x19=0x0000000f
           2050	      1021	00101144	f1d97043	fmadd.s	f0,f18,f29,f30	 f18:0x00102000 f29:0x00000030 f30:0x00102000  f0=0x00000000
           2052	      1022	00101148	d009f0d3	fcvt.s.w	f1,x19	 x19:0x0000000f  f1=0x00000000
           2054	      1023	0010114c	007a0a13	addi	x20,x20,7	 x20:0x00000009 x20=0x00000010
           2056	      1024	00101150	d1f4ae27	fsw	f31,-740(x9)	  f9:0x00102000 f31:0xb4000000 PA:0x00101d1c store:0x4418fe25 load:0x429a3f1f
           2060	      1026	00101154	d1c4a107	flw	f2,-740(x9)	  f9:0x00102000  f2=0x00000000 PA:0x00101d1c store:0x3f7d1f60
           2062	      1027	00101158	d0092a27	fsw	f0,-748(x18)	 f18:0x00102000  f0:0x00000000 PA:0x00000000
           2070	      1031	0010115c	d1842707	flw	f14,-744(x8)	  f8:0x00102000 f14=0x00000000 PA:0x00101d18 store:0x00000000
           2074	      1033	00101160	d1842787	flw	f15,-744(x8)	  f8:0x00102000 f15=0x00000000 PA:0x00101d18 store:0x00000000
           2078	      1035	00101164	d1492187	flw	f3,-748(x18)	 f18:0x00102000  f3=0x00000000 PA:0x00101d14 store:0x41600000
           2080	      1036	00101168	00e17253	fadd.s	f4,f2,f14	  f2:0x00137fa0 f14:0x00000009  f4=0x00000000
           2084	      1038	0010116c	18fa75c3	fmadd.s	f11,f20,f15,f3	 f20:0x00000010 f15:0x0000000b  f3:0x00000000 f11=0x00000000
           2088	      1040	00101170	d044ae27	fsw	f4,-740(x9)	  f9:0x00102000  f4:0x00000000 PA:0x00101d1c store:0x44193d6d load:0x42b3f44f
           2092	      1042	00101174	d0b92a27	fsw	f11,-748(x18)	 f18:0x00102000 f11:0x0000000b PA:0x00101d14 store:0x42cfa3be load:0x42b3f44f
           2096	      1044	00101178	d1c4a287	flw	f5,-740(x9)	  f9:0x00102000  f5=0x00000000 PA:0x00101d1c store:0x3f7d1f60
           2100	      1046	0010117c	d1842307	flw	f6,-744(x8)	  f8:0x00102000  f6=0x00000000 PA:0x00101d18 store:0x00000000
           2104	      1048	00101180	d1842607	flw	f12,-744(x8)	  f8:0x00102000 f12=0x00000000 PA:0x00101d18 store:0x00000000
           2108	      1050	00101184	d1492687	flw	f13,-748(x18)	 f18:0x00102000 f13=0x00000000 PA:0x00101d14 store:0x41600000
           2110	      1051	00101188	0062f3d3	fadd.s	f7,f5,f6	  f5:0x00000042  f6:0x00000001  f7=0x00000000
           2114	      1053	0010118c	68c0f443	fmadd.s	f8,f1,f12,f13	  f1:0x0000000a f12:0x0000000c f13:0x0000000d  f8=0x00000000
           2118	      1055	00101190	d074ae27	fsw	f7,-740(x9)	  f9:0x00102000  f7:0x00000064 PA:0x00101d1c store:0x44197cb5 load:0x42cfa3be
           2126	      1059	00101194	d1c4a487	flw	f9,-740(x9)	  f9:0x00102000  f9=0x00000000 PA:0x00101d1c store:0x3f7d1f60
           2130	      1061	00101198	d1842507	flw	f10,-744(x8)	  f8:0x00102000 f10=0x00000000 PA:0x00101d18 store:0x00000000
           2134	      1063	0010119c	d0892a27	fsw	f8,-748(x18)	 f18:0x00102000  f8:0x00102000 PA:0x00101d14 store:0x42ed4d6b load:0x3f7d1f60
           2136	      1064	001011a0	00a4f853	fadd.s	f16,f9,f10	  f9:0x00102000 f10:0x00000004 f16=0x00000000
           2144	      1068	001011a4	d104ae27	fsw	f16,-740(x9)	  f9:0x00102000 f16:0x0000000d PA:0x00101d1c store:0x4419bbfd load:0x3f7d1f60
           2154	      1073	001011a8	ee7a14e3	bne	x20,x7,101090	 x20:0x00000010  x7:0x00000064
           2156	      1074	00101090	d1842a07	flw	f20,-744(x8)	  f8:0x00102000 f20=0x00000000 PA:0x00101d18 store:0x00000000
           2158	      1075	00101094	d00a7ad3	fcvt.s.w	f21,x20	 x20:0x00000010 f21=0x00000000
           2160	      1076	00101098	d1492e07	flw	f28,-748(x18)	 f18:0x00102000 f28=0x00000000 PA:0x00101d14 store:0x41600000
           2162	      1077	0010109c	001a0093	addi	x1,x20,1	 x20:0x00000010  x1=0x00000011
           2164	      1078	001010a0	d1c4ae87	flw	f29,-740(x9)	  f9:0x00102000 f29=0x00000000 PA:0x00101d1c store:0x3f7d1f60
           2166	      1079	001010a4	e14aff43	fmadd.s	f30,f21,f20,f28	 f21:0x00000000 f20:0x00000010 f28:0x00000000 f30=0x00000000
           2168	      1080	001010a8	d1842f87	flw	f31,-744(x8)	  f8:0x00102000 f31=0x00000000 PA:0x00101d18 store:0x00000000
           2170	      1081	001010ac	d000f053	fcvt.s.w	f0,x1	  x1:0x00000011  f0=0x00000000
           2174	      1083	001010b0	d1842087	flw	f1,-744(x8)	  f8:0x00102000  f1=0x00000000 PA:0x00101d18 store:0x00000000
           2176	      1084	001010b4	01fef153	fadd.s	f2,f29,f31	 f29:0x00000030 f31:0xb4000000  f2=0x00000000
           2178	      1085	001010b8	d1e92a27	fsw	f30,-748(x18)	 f18:0x00102000 f30:0x00020000 PA:0x00101d14 store:0x430678ac load:0x3f7d1f60
           2184	      1088	001010bc	d1492707	flw	f14,-748(x18)	 f18:0x00102000 f14=0x00000000 PA:0x00101d14 store:0x3f7d1f60
           2186	      1089	001010c0	002a0593	addi	x11,x20,2	 x20:0x00000010 x11=0x00000012
           2188	      1090	001010c4	d005f7d3	fcvt.s.w	f15,x11	 x11:0x00000012 f15=0x00000000
           2190	      1091	001010c8	701071c3	fmadd.s	f3,f0,f1,f14	  f0:0x00000000  f1:0x00000011 f14:0x00000000  f3=0x00000000
           2192	      1092	001010cc	d024ae27	fsw	f2,-740(x9)	  f9:0x00102000  f2:0x00137fa0 PA:0x00000000
           2198	      1095	001010d0	d1c4a207	flw	f4,-740(x9)	  f9:0x00102000  f4=0x00000000 PA:0x00101d1c store:0x42ed4d6b
           2200	      1096	001010d4	d1842587	flw	f11,-744(x8)	  f8:0x00102000 f11=0x00000000 PA:0x00000000
           2208	      1100	001010d8	d1842607	flw	f12,-744(x8)	  f8:0x00102000 f12=0x00000000 PA:0x00101d18 store:0x00000000
           2212	      1102	001010dc	d0392a27	fsw	f3,-748(x18)	 f18:0x00102000  f3:0x00000000 PA:0x00101d14 store:0x431747c1 load:0x3f7d1f60
           2220	      1106	001010e0	d1492287	flw	f5,-748(x18)	 f18:0x00102000  f5=0x00000000 PA:0x00101d14 store:0x3f7d1f60
           2222	      1107	001010e4	00b276d3	fadd.s	f13,f4,f11	  f4:0x00000000 f11:0x00000012 f13=0x00000000
           2226	      1109	001010e8	003a0613	addi	x12,x20,3	 x20:0x00000010 x12=0x00000013
           2228	      1110	001010ec	28c7f343	fmadd.s	f6,f15,f12,f5	 f15:0x0000000b f12:0x00000013  f5:0x0000000b  f6=0x00000000
           2230	      1111	001010f0	d00673d3	fcvt.s.w	f7,x12	 x12:0x00000013  f7=0x00000000
           2232	      1112	001010f4	004a0813	addi	x16,x20,4	 x20:0x00000010 x16=0x00000014
           2234	      1113	001010f8	d0d4ae27	fsw	f13,-740(x9)	  f9:0x00102000 f13:0x0000000d PA:0x00101d1c store:0x441a3a8d load:0x431747c1
           2238	      1115	001010fc	d1c4a407	flw	f8,-740(x9)	  f9:0x00102000  f8=0x00000000 PA:0x00101d1c store:0x42ed4d6b
           2240	      1116	00101100	d0692a27	fsw	f6,-748(x18)	 f18:0x00102000  f6:0x00000001 PA:0x00000000
           2248	      1120	00101104	d1842487	flw	f9,-744(x8)	  f8:0x00102000  f9=0x00000000 PA:0x00101d18 store:0x00000000
           2252	      1122	00101108	d1842507	flw	f10,-744(x8)	  f8:0x00102000 f10=0x00000000 PA:0x00101d18 store:0x00000000
           2256	      1124	0010110c	d1492807	flw	f16,-748(x18)	 f18:0x00102000 f16=0x00000000 PA:0x00101d14 store:0x3f7d1f60
           2258	      1125	00101110	009478d3	fadd.s	f17,f8,f9	  f8:0x00102000  f9:0x00102000 f17=0x00000000
           2260	      1126	00101114	d0087953	fcvt.s.w	f18,x16	 x16:0x00000014 f18=0x00000000
           2262	      1127	00101118	80a3f9c3	fmadd.s	f19,f7,f10,f16	  f7:0x00000064 f10:0x00000004 f16:0x00000064 f19=0x00000000
           2266	      1129	0010111c	005a0893	addi	x17,x20,5	 x20:0x00000010 x17=0x00000015
           2268	      1130	00101120	d008fa53	fcvt.s.w	f20,x17	 x17:0x00000015 f20=0x00000000
           2270	      1131	00101124	d114ae27	fsw	f17,-740(x9)	  f9:0x00102000 f17:0x00000015 PA:0x00101d1c store:0x441a79d5 load:0x432913f6
           2274	      1133	00101128	d1c4aa87	flw	f21,-740(x9)	  f9:0x00102000 f21=0x00000000 PA:0x00101d1c store:0x42ed4d6b
           2276	      1134	0010112c	d1392a27	fsw	f19,-748(x18)	 f18:0x00102000 f19:0x0000000f PA:0x00000000
           2284	      1138	00101130	d1842e07	flw	f28,-744(x8)	  f8:0x00102000 f28=0x00000000 PA:0x00101d18 store:0x00000000
           2288	      1140	00101134	d1842e87	flw	f29,-744(x8)	  f8:0x00102000 f29=0x00000000 PA:0x00101d18 store:0x00000000
           2292	      1142	00101138	d1492f07	flw	f30,-748(x18)	 f18:0x00102000 f30=0x00000000 PA:0x00101d14 store:0x41a80000
           2294	      1143	0010113c	01caffd3	fadd.s	f31,f21,f28	 f21:0x00000000 f28:0x00020000 f31=0x00000000
           2298	      1145	00101140	006a0993	addi	x19,x20,6	 x20:0x00000010 x19=0x00000016
           2300	      1146	00101144	f1d97043	fmadd.s	f0,f18,f29,f30	 f18:0x00102000 f29:0x00000030 f30:0x00102000  f0=0x00000000
           2302	      1147	00101148	d009f0d3	fcvt.s.w	f1,x19	 x19:0x00000016  f1=0x00000000
           2304	      1148	0010114c	007a0a13	addi	x20,x20,7	 x20:0x00000010 x20=0x00000017
           2306	      1149	00101150	d1f4ae27	fsw	f31,-740(x9)	  f9:0x00102000 f31:0xb4000000 PA:0x00101d1c store:0x441ab91d load:0x433bdd4a
           2310	      1151	00101154	d1c4a107	flw	f2,-740(x9)	  f9:0x00102000  f2=0x00000000 PA:0x00101d1c store:0x3f7d1f60
           2312	      1152	00101158	d0092a27	fsw	f0,-748(x18)	 f18:0x00102000  f0:0x00000000 PA:0x00000000
           2320	      1156	0010115c	d1842707	flw	f14,-744(x8)	  f8:0x00102000 f14=0x00000000 PA:0x00101d18 store:0x00000000
           2324	      1158	00101160	d1842787	flw	f15,-744(x8)	  f8:0x00102000 f15=0x00000000 PA:0x00101d18 store:0x00000000
           2328	      1160	00101164	d1492187	flw	f3,-748(x18)	 f18:0x00102000  f3=0x00000000 PA:0x00101d14 store:0x41a80000
           2330	      1161	00101168	00e17253	fadd.s	f4,f2,f14	  f2:0x00137fa0 f14:0x00000009  f4=0x00000000
           2334	      1163	0010116c	18fa75c3	fmadd.s	f11,f20,f15,f3	 f20:0x00000017 f15:0x0000000b  f3:0x00000000 f11=0x00000000
           2338	      1165	00101170	d044ae27	fsw	f4,-740(x9)	  f9:0x00102000  f4:0x00000000 PA:0x00101d1c store:0x441af865 load:0x434fa3be
           2342	      1167	00101174	d0b92a27	fsw	f11,-748(x18)	 f18:0x00102000 f11:0x00000012 PA:0x00101d14 store:0x43646751 load:0x434fa3be
           2346	      1169	00101178	d1c4a287	flw	f5,-740(x9)	  f9:0x00102000  f5=0x00000000 PA:0x00101d1c store:0x3f7d1f60
           2350	      1171	0010117c	d1842307	flw	f6,-744(x8)	  f8:0x00102000  f6=0x00000000 PA:0x00101d18 store:0x00000000
           2354	      1173	00101180	d1842607	flw	f12,-744(x8)	  f8:0x00102000 f12=0x00000000 PA:0x00101d18 store:0x00000000
           2358	      1175	00101184	d1492687	flw	f13,-748(x18)	 f18:0x00102000 f13=0x00000000 PA:0x00101d14 store:0x41a80000
           2360	      1176	00101188	0062f3d3	fadd.s	f7,f5,f6	  f5:0x00000042  f6:0x00000001  f7=0x00000000
           2364	      1178	0010118c	68c0f443	fmadd.s	f8,f1,f12,f13	  f1:0x00000011 f12:0x00000013 f13:0x0000000d  f8=0x00000000
           2368	      1180	00101190	d074ae27	fsw	f7,-740(x9)	  f9:0x00102000  f7:0x00000064 PA:0x00101d1c store:0x441b37ad load:0x43646751
           2376	      1184	00101194	d1c4a487	flw	f9,-740(x9)	  f9:0x00102000  f9=0x00000000 PA:0x00101d1c store:0x3f7d1f60
           2380	      1186	00101198	d1842507	flw	f10,-744(x8)	  f8:0x00102000 f10=0x00000000 PA:0x00101d18 store:0x00000000
           2384	      1188	0010119c	d0892a27	fsw	f8,-748(x18)	 f18:0x00102000  f8:0x00102000 PA:0x00101d14 store:0x437a2803 load:0x3f7d1f60
           2386	      1189	001011a0	00a4f853	fadd.s	f16,f9,f10	  f9:0x00102000 f10:0x00000004 f16=0x00000000
           2394	      1193	001011a4	d104ae27	fsw	f16,-740(x9)	  f9:0x00102000 f16:0x00000014 PA:0x00101d1c store:0x441b76f5 load:0x3f7d1f60
           2404	      1198	001011a8	ee7a14e3	bne	x20,x7,101090	 x20:0x00000017  x7:0x00000064
           2406	      1199	00101090	d1842a07	flw	f20,-744(x8)	  f8:0x00102000 f20=0x00000000 PA:0x00101d18 store:0x00000000
           2408	      1200	00101094	d00a7ad3	fcvt.s.w	f21,x20	 x20:0x00000017 f21=0x00000000
           2410	      1201	00101098	d1492e07	flw	f28,-748(x18)	 f18:0x00102000 f28=0x00000000 PA:0x00101d14 store:0x41a80000
           2412	      1202	0010109c	001a0093	addi	x1,x20,1	 x20:0x00000017  x1=0x00000018
           2414	      1203	001010a0	d1c4ae87	flw	f29,-740(x9)	  f9:0x00102000 f29=0x00000000 PA:0x00101d1c store:0x3f7d1f60
           2416	      1204	001010a4	e14aff43	fmadd.s	f30,f21,f20,f28	 f21:0x00000000 f20:0x00000017 f28:0x00000000 f30=0x00000000
           2418	      1205	001010a8	d1842f87	flw	f31,-744(x8)	  f8:0x00102000 f31=0x00000000 PA:0x00101d18 store:0x00000000
           2420	      1206	001010ac	d000f053	fcvt.s.w	f0,x1	  x1:0x00000018  f0=0x00000000
           2424	      1208	001010b0	d1842087	flw	f1,-744(x8)	  f8:0x00102000  f1=0x00000000 PA:0x00101d18 store:0x00000000
           2426	      1209	001010b4	01fef153	fadd.s	f2,f29,f31	 f29:0x00000030 f31:0xb4000000  f2=0x00000000
           2428	      1210	001010b8	d1e92a27	fsw	f30,-748(x18)	 f18:0x00102000 f30:0x00020000 PA:0x00101d14 store:0x438872ea load:0x3f7d1f60
           2434	      1213	001010bc	d1492707	flw	f14,-748(x18)	 f18:0x00102000 f14=0x00000000 PA:0x00101d14 store:0x3f7d1f60
           2436	      1214	001010c0	002a0593	addi	x11,x20,2	 x20:0x00000017 x11=0x00000019
           2438	      1215	001010c4	d005f7d3	fcvt.s.w	f15,x11	 x11:0x00000019 f15=0x00000000
           2440	      1216	001010c8	701071c3	fmadd.s	f3,f0,f1,f14	  f0:0x00000000  f1:0x00000018 f14:0x00000000  f3=0x00000000
           2442	      1217	001010cc	d024ae27	fsw	f2,-740(x9)	  f9:0x00102000  f2:0x00137fa0 PA:0x00000000
           2448	      1220	001010d0	d1c4a207	flw	f4,-740(x9)	  f9:0x00102000  f4=0x00000000 PA:0x00101d1c store:0x437a2803
           2450	      1221	001010d4	d1842587	flw	f11,-744(x8)	  f8:0x00102000 f11=0x00000000 PA:0x00000000
           2458	      1225	001010d8	d1842607	flw	f12,-744(x8)	  f8:0x00102000 f12=0x00000000 PA:0x00101d18 store:0x00000000
           2462	      1227	001010dc	d0392a27	fsw	f3,-748(x18)	 f18:0x00102000  f3:0x00000000 PA:0x00101d14 store:0x43945062 load:0x3f7d1f60
           2470	      1231	001010e0	d1492287	flw	f5,-748(x18)	 f18:0x00102000  f5=0x00000000 PA:0x00101d14 store:0x3f7d1f60
           2472	      1232	001010e4	00b276d3	fadd.s	f13,f4,f11	  f4:0x00000000 f11:0x00000019 f13=0x00000000
           2476	      1234	001010e8	003a0613	addi	x12,x20,3	 x20:0x00000017 x12=0x0000001a
           2478	      1235	001010ec	28c7f343	fmadd.s	f6,f15,f12,f5	 f15:0x0000000b f12:0x0000001a  f5:0x0000000b  f6=0x00000000
           2480	      1236	001010f0	d00673d3	fcvt.s.w	f7,x12	 x12:0x0000001a  f7=0x00000000
           2482	      1237	001010f4	004a0813	addi	x16,x20,4	 x20:0x00000017 x16=0x0000001b
           2484	      1238	001010f8	d0d4ae27	fsw	f13,-740(x9)	  f9:0x00102000 f13:0x0000000d PA:0x00101d1c store:0x441bf585 load:0x43945062
           2488	      1240	001010fc	d1c4a407	flw	f8,-740(x9)	  f9:0x00102000  f8=0x00000000 PA:0x00101d1c store:0x437a2803
           2490	      1241	00101100	d0692a27	fsw	f6,-748(x18)	 f18:0x00102000  f6:0x00000001 PA:0x00000000
           2498	      1245	00101104	d1842487	flw	f9,-744(x8)	  f8:0x00102000  f9=0x00000000 PA:0x00101d18 store:0x00000000
           2502	      1247	00101108	d1842507	flw	f10,-744(x8)	  f8:0x00102000 f10=0x00000000 PA:0x00101d18 store:0x00000000
           2506	      1249	0010110c	d1492807	flw	f16,-748(x18)	 f18:0x00102000 f16=0x00000000 PA:0x00101d14 store:0x3f7d1f60
           2508	      1250	00101110	009478d3	fadd.s	f17,f8,f9	  f8:0x00102000  f9:0x00102000 f17=0x00000000
           2510	      1251	00101114	d0087953	fcvt.s.w	f18,x16	 x16:0x0000001b f18=0x00000000
           2512	      1252	00101118	80a3f9c3	fmadd.s	f19,f7,f10,f16	  f7:0x00000064 f10:0x00000004 f16:0x00000064 f19=0x00000000
           2516	      1254	0010111c	005a0893	addi	x17,x20,5	 x20:0x00000017 x17=0x0000001c
           2518	      1255	00101120	d008fa53	fcvt.s.w	f20,x17	 x17:0x0000001c f20=0x00000000
           2520	      1256	00101124	d114ae27	fsw	f17,-740(x9)	  f9:0x00102000 f17:0x0000001c PA:0x00101d1c store:0x441c34cd load:0x43a0ac6a
           2524	      1258	00101128	d1c4aa87	flw	f21,-740(x9)	  f9:0x00102000 f21=0x00000000 PA:0x00101d1c store:0x437a2803
           2526	      1259	0010112c	d1392a27	fsw	f19,-748(x18)	 f18:0x00102000 f19:0x00000016 PA:0x00000000
           2534	      1263	00101130	d1842e07	flw	f28,-744(x8)	  f8:0x00102000 f28=0x00000000 PA:0x00101d18 store:0x00000000
           2538	      1265	00101134	d1842e87	flw	f29,-744(x8)	  f8:0x00102000 f29=0x00000000 PA:0x00101d18 store:0x00000000
           2542	      1267	00101138	d1492f07	flw	f30,-748(x18)	 f18:0x00102000 f30=0x00000000 PA:0x00101d14 store:0x41e00000
           2544	      1268	0010113c	01caffd3	fadd.s	f31,f21,f28	 f21:0x00000000 f28:0x00020000 f31=0x00000000
           2548	      1270	00101140	006a0993	addi	x19,x20,6	 x20:0x00000017 x19=0x0000001d
           2550	      1271	00101144	f1d97043	fmadd.s	f0,f18,f29,f30	 f18:0x00102000 f29:0x00000030 f30:0x00102000  f0=0x00000000
           2552	      1272	00101148	d009f0d3	fcvt.s.w	f1,x19	 x19:0x0000001d  f1=0x00000000
           2554	      1273	0010114c	007a0a13	addi	x20,x20,7	 x20:0x00000017 x20=0x0000001e
           2556	      1274	00101150	d1f4ae27	fsw	f31,-740(x9)	  f9:0x00102000 f31:0xb4000000 PA:0x00101d1c store:0x441c7415 load:0x43ad8702
           2560	      1276	00101154	d1c4a107	flw	f2,-740(x9)	  f9:0x00102000  f2=0x00000000 PA:0x00101d1c store:0x3f7d1f60
           2562	      1277	00101158	d0092a27	fsw	f0,-748(x18)	 f18:0x00102000  f0:0x00000000 PA:0x00000000
           2570	      1281	0010115c	d1842707	flw	f14,-744(x8)	  f8:0x00102000 f14=0x00000000 PA:0x00101d18 store:0x00000000
           2574	      1283	00101160	d1842787	flw	f15,-744(x8)	  f8:0x00102000 f15=0x00000000 PA:0x00101d18 store:0x00000000
           2578	      1285	00101164	d1492187	flw	f3,-748(x18)	 f18:0x00102000  f3=0x00000000 PA:0x00101d14 store:0x41e00000
           2580	      1286	00101168	00e17253	fadd.s	f4,f2,f14	  f2:0x00137fa0 f14:0x00000009  f4=0x00000000
           2584	      1288	0010116c	18fa75c3	fmadd.s	f11,f20,f15,f3	 f20:0x0000001e f15:0x0000000b  f3:0x00000000 f11=0x00000000
           2588	      1290	00101170	d044ae27	fsw	f4,-740(x9)	  f9:0x00102000  f4:0x00000000 PA:0x00101d1c store:0x441cb35d load:0x43bae02a
           2592	      1292	00101174	d0b92a27	fsw	f11,-748(x18)	 f18:0x00102000 f11:0x00000019 PA:0x00101d14 store:0x43c8b7e1 load:0x43bae02a
           2596	      1294	00101178	d1c4a287	flw	f5,-740(x9)	  f9:0x00102000  f5=0x00000000 PA:0x00101d1c store:0x3f7d1f60
           2600	      1296	0010117c	d1842307	flw	f6,-744(x8)	  f8:0x00102000  f6=0x00000000 PA:0x00101d18 store:0x00000000
           2604	      1298	00101180	d1842607	flw	f12,-744(x8)	  f8:0x00102000 f12=0x00000000 PA:0x00101d18 store:0x00000000
           2608	      1300	00101184	d1492687	flw	f13,-748(x18)	 f18:0x00102000 f13=0x00000000 PA:0x00101d14 store:0x41e00000
           2610	      1301	00101188	0062f3d3	fadd.s	f7,f5,f6	  f5:0x00000042  f6:0x00000001  f7=0x00000000
           2614	      1303	0010118c	68c0f443	fmadd.s	f8,f1,f12,f13	  f1:0x00000018 f12:0x0000001a f13:0x0000000d  f8=0x00000000
           2618	      1305	00101190	d074ae27	fsw	f7,-740(x9)	  f9:0x00102000  f7:0x00000064 PA:0x00101d1c store:0x441cf2a5 load:0x43c8b7e1
           2626	      1309	00101194	d1c4a487	flw	f9,-740(x9)	  f9:0x00102000  f9=0x00000000 PA:0x00101d1c store:0x3f7d1f60
           2630	      1311	00101198	d1842507	flw	f10,-744(x8)	  f8:0x00102000 f10=0x00000000 PA:0x00101d18 store:0x00000000
           2634	      1313	0010119c	d0892a27	fsw	f8,-748(x18)	 f18:0x00102000  f8:0x00102000 PA:0x00101d14 store:0x43d70e28 load:0x3f7d1f60
           2636	      1314	001011a0	00a4f853	fadd.s	f16,f9,f10	  f9:0x00102000 f10:0x00000004 f16=0x00000000
           2644	      1318	001011a4	d104ae27	fsw	f16,-740(x9)	  f9:0x00102000 f16:0x0000001b PA:0x00101d1c store:0x441d31ed load:0x3f7d1f60
           2654	      1323	001011a8	ee7a14e3	bne	x20,x7,101090	 x20:0x0000001e  x7:0x00000064
           2656	      1324	00101090	d1842a07	flw	f20,-744(x8)	  f8:0x00102000 f20=0x00000000 PA:0x00101d18 store:0x00000000
           2658	      1325	00101094	d00a7ad3	fcvt.s.w	f21,x20	 x20:0x0000001e f21=0x00000000
           2660	      1326	00101098	d1492e07	flw	f28,-748(x18)	 f18:0x00102000 f28=0x00000000 PA:0x00101d14 store:0x41e00000
           2662	      1327	0010109c	001a0093	addi	x1,x20,1	 x20:0x0000001e  x1=0x0000001f
           2664	      1328	001010a0	d1c4ae87	flw	f29,-740(x9)	  f9:0x00102000 f29=0x00000000 PA:0x00101d1c store:0x3f7d1f60
           2666	      1329	001010a4	e14aff43	fmadd.s	f30,f21,f20,f28	 f21:0x00000000 f20:0x0000001e f28:0x00000000 f30=0x00000000
           2668	      1330	001010a8	d1842f87	flw	f31,-744(x8)	  f8:0x00102000 f31=0x00000000 PA:0x00101d18 store:0x00000000
           2670	      1331	001010ac	d000f053	fcvt.s.w	f0,x1	  x1:0x0000001f  f0=0x00000000
           2674	      1333	001010b0	d1842087	flw	f1,-744(x8)	  f8:0x00102000  f1=0x00000000 PA:0x00101d18 store:0x00000000
           2676	      1334	001010b4	01fef153	fadd.s	f2,f29,f31	 f29:0x00000030 f31:0xb4000000  f2=0x00000000
           2678	      1335	001010b8	d1e92a27	fsw	f30,-748(x18)	 f18:0x00102000 f30:0x00020000 PA:0x00101d14 store:0x43e5e2ff load:0x3f7d1f60
           2684	      1338	001010bc	d1492707	flw	f14,-748(x18)	 f18:0x00102000 f14=0x00000000 PA:0x00101d14 store:0x3f7d1f60
           2686	      1339	001010c0	002a0593	addi	x11,x20,2	 x20:0x0000001e x11=0x00000020
           2688	      1340	001010c4	d005f7d3	fcvt.s.w	f15,x11	 x11:0x00000020 f15=0x00000000
           2690	      1341	001010c8	701071c3	fmadd.s	f3,f0,f1,f14	  f0:0x00000000  f1:0x0000001f f14:0x00000000  f3=0x00000000
           2692	      1342	001010cc	d024ae27	fsw	f2,-740(x9)	  f9:0x00102000  f2:0x00137fa0 PA:0x00000000
           2698	      1345	001010d0	d1c4a207	flw	f4,-740(x9)	  f9:0x00102000  f4=0x00000000 PA:0x00101d1c store:0x43d70e28
           2700	      1346	001010d4	d1842587	flw	f11,-744(x8)	  f8:0x00102000 f11=0x00000000 PA:0x00000000
           2708	      1350	001010d8	d1842607	flw	f12,-744(x8)	  f8:0x00102000 f12=0x00000000 PA:0x00101d18 store:0x00000000
           2712	      1352	001010dc	d0392a27	fsw	f3,-748(x18)	 f18:0x00102000  f3:0x00000000 PA:0x00101d14 store:0x43f53665 load:0x3f7d1f60
           2720	      1356	001010e0	d1492287	flw	f5,-748(x18)	 f18:0x00102000  f5=0x00000000 PA:0x00101d14 store:0x3f7d1f60
           2722	      1357	001010e4	00b276d3	fadd.s	f13,f4,f11	  f4:0x00000000 f11:0x00000020 f13=0x00000000
           2726	      1359	001010e8	003a0613	addi	x12,x20,3	 x20:0x0000001e x12=0x00000021
           2728	      1360	001010ec	28c7f343	fmadd.s	f6,f15,f12,f5	 f15:0x0000000b f12:0x00000021  f5:0x0000000b  f6=0x00000000
           2730	      1361	001010f0	d00673d3	fcvt.s.w	f7,x12	 x12:0x00000021  f7=0x00000000
           2732	      1362	001010f4	004a0813	addi	x16,x20,4	 x20:0x0000001e x16=0x00000022
           2734	      1363	001010f8	d0d4ae27	fsw	f13,-740(x9)	  f9:0x00102000 f13:0x0000000d PA:0x00101d1c store:0x441db07d load:0x43f53665
           2738	      1365	001010fc	d1c4a407	flw	f8,-740(x9)	  f9:0x00102000  f8=0x00000000 PA:0x00101d1c store:0x43d70e28
           2740	      1366	00101100	d0692a27	fsw	f6,-748(x18)	 f18:0x00102000  f6:0x00000001 PA:0x00000000
           2748	      1370	00101104	d1842487	flw	f9,-744(x8)	  f8:0x00102000  f9=0x00000000 PA:0x00101d18 store:0x00000000
           2752	      1372	00101108	d1842507	flw	f10,-744(x8)	  f8:0x00102000 f10=0x00000000 PA:0x00101d18 store:0x00000000
           2756	      1374	0010110c	d1492807	flw	f16,-748(x18)	 f18:0x00102000 f16=0x00000000 PA:0x00101d14 store:0x3f7d1f60
           2758	      1375	00101110	009478d3	fadd.s	f17,f8,f9	  f8:0x00102000  f9:0x00102000 f17=0x00000000
           2760	      1376	00101114	d0087953	fcvt.s.w	f18,x16	 x16:0x00000022 f18=0x00000000
           2762	      1377	00101118	80a3f9c3	fmadd.s	f19,f7,f10,f16	  f7:0x00000064 f10:0x00000004 f16:0x00000064 f19=0x00000000
           2766	      1379	0010111c	005a0893	addi	x17,x20,5	 x20:0x0000001e x17=0x00000023
           2768	      1380	00101120	d008fa53	fcvt.s.w	f20,x17	 x17:0x00000023 f20=0x00000000
           2770	      1381	00101124	d114ae27	fsw	f17,-740(x9)	  f9:0x00102000 f17:0x00000023 PA:0x00101d1c store:0x441defc5 load:0x4402842e
           2774	      1383	00101128	d1c4aa87	flw	f21,-740(x9)	  f9:0x00102000 f21=0x00000000 PA:0x00101d1c store:0x43d70e28
           2776	      1384	0010112c	d1392a27	fsw	f19,-748(x18)	 f18:0x00102000 f19:0x0000001d PA:0x00000000
           2784	      1388	00101130	d1842e07	flw	f28,-744(x8)	  f8:0x00102000 f28=0x00000000 PA:0x00101d18 store:0x00000000
           2788	      1390	00101134	d1842e87	flw	f29,-744(x8)	  f8:0x00102000 f29=0x00000000 PA:0x00101d18 store:0x00000000
           2792	      1392	00101138	d1492f07	flw	f30,-748(x18)	 f18:0x00102000 f30=0x00000000 PA:0x00101d14 store:0x420c0000
           2794	      1393	0010113c	01caffd3	fadd.s	f31,f21,f28	 f21:0x00000000 f28:0x00020000 f31=0x00000000
           2798	      1395	00101140	006a0993	addi	x19,x20,6	 x20:0x0000001e x19=0x00000024
           2800	      1396	00101144	f1d97043	fmadd.s	f0,f18,f29,f30	 f18:0x00102000 f29:0x00000030 f30:0x00102000  f0=0x00000000
           2802	      1397	00101148	d009f0d3	fcvt.s.w	f1,x19	 x19:0x00000024  f1=0x00000000
           2804	      1398	0010114c	007a0a13	addi	x20,x20,7	 x20:0x0000001e x20=0x00000025
           2806	      1399	00101150	d1f4ae27	fsw	f31,-740(x9)	  f9:0x00102000 f31:0xb4000000 PA:0x00101d1c store:0x441e2f0d load:0x440aac71
           2810	      1401	00101154	d1c4a107	flw	f2,-740(x9)	  f9:0x00102000  f2=0x00000000 PA:0x00101d1c store:0x3f7d1f60
           2812	      1402	00101158	d0092a27	fsw	f0,-748(x18)	 f18:0x00102000  f0:0x00000000 PA:0x00000000
           2820	      1406	0010115c	d1842707	flw	f14,-744(x8)	  f8:0x00102000 f14=0x00000000 PA:0x00101d18 store:0x00000000
           2824	      1408	00101160	d1842787	flw	f15,-744(x8)	  f8:0x00102000 f15=0x00000000 PA:0x00101d18 store:0x00000000
           2828	      1410	00101164	d1492187	flw	f3,-748(x18)	 f18:0x00102000  f3=0x00000000 PA:0x00101d14 store:0x420c0000
           2830	      1411	00101168	00e17253	fadd.s	f4,f2,f14	  f2:0x00137fa0 f14:0x00000009  f4=0x00000000
           2834	      1413	0010116c	18fa75c3	fmadd.s	f11,f20,f15,f3	 f20:0x00000025 f15:0x0000000b  f3:0x00000000 f11=0x00000000
           2838	      1415	00101170	d044ae27	fsw	f4,-740(x9)	  f9:0x00102000  f4:0x00000000 PA:0x00101d1c store:0x441e6e55 load:0x441313fc
           2842	      1417	00101174	d0b92a27	fsw	f11,-748(x18)	 f18:0x00102000 f11:0x00000020 PA:0x00101d14 store:0x441bbacf load:0x441313fc
           2846	      1419	00101178	d1c4a287	flw	f5,-740(x9)	  f9:0x00102000  f5=0x00000000 PA:0x00101d1c store:0x3f7d1f60
           2850	      1421	0010117c	d1842307	flw	f6,-744(x8)	  f8:0x00102000  f6=0x00000000 PA:0x00101d18 store:0x00000000
           2854	      1423	00101180	d1842607	flw	f12,-744(x8)	  f8:0x00102000 f12=0x00000000 PA:0x00101d18 store:0x00000000
           2858	      1425	00101184	d1492687	flw	f13,-748(x18)	 f18:0x00102000 f13=0x00000000 PA:0x00101d14 store:0x420c0000
           2860	      1426	00101188	0062f3d3	fadd.s	f7,f5,f6	  f5:0x00000042  f6:0x00000001  f7=0x00000000
           2864	      1428	0010118c	68c0f443	fmadd.s	f8,f1,f12,f13	  f1:0x0000001f f12:0x00000021 f13:0x0000000d  f8=0x00000000
           2868	      1430	00101190	d074ae27	fsw	f7,-740(x9)	  f9:0x00102000  f7:0x00000064 PA:0x00101d1c store:0x441ead9d load:0x441bbacf
           2876	      1434	00101194	d1c4a487	flw	f9,-740(x9)	  f9:0x00102000  f9=0x00000000 PA:0x00101d1c store:0x3f7d1f60
           2880	      1436	00101198	d1842507	flw	f10,-744(x8)	  f8:0x00102000 f10=0x00000000 PA:0x00101d18 store:0x00000000
           2884	      1438	0010119c	d0892a27	fsw	f8,-748(x18)	 f18:0x00102000  f8:0x00102000 PA:0x00101d14 store:0x4424a0e9 load:0x3f7d1f60
           2886	      1439	001011a0	00a4f853	fadd.s	f16,f9,f10	  f9:0x00102000 f10:0x00000004 f16=0x00000000
           2894	      1443	001011a4	d104ae27	fsw	f16,-740(x9)	  f9:0x00102000 f16:0x00000022 PA:0x00101d1c store:0x441eece5 load:0x3f7d1f60
           2904	      1448	001011a8	ee7a14e3	bne	x20,x7,101090	 x20:0x00000025  x7:0x00000064
           2906	      1449	00101090	d1842a07	flw	f20,-744(x8)	  f8:0x00102000 f20=0x00000000 PA:0x00101d18 store:0x00000000
           2908	      1450	00101094	d00a7ad3	fcvt.s.w	f21,x20	 x20:0x00000025 f21=0x00000000
           2910	      1451	00101098	d1492e07	flw	f28,-748(x18)	 f18:0x00102000 f28=0x00000000 PA:0x00101d14 store:0x420c0000
           2912	      1452	0010109c	001a0093	addi	x1,x20,1	 x20:0x00000025  x1=0x00000026
           2914	      1453	001010a0	d1c4ae87	flw	f29,-740(x9)	  f9:0x00102000 f29=0x00000000 PA:0x00101d1c store:0x3f7d1f60
           2916	      1454	001010a4	e14aff43	fmadd.s	f30,f21,f20,f28	 f21:0x00000000 f20:0x00000025 f28:0x00000000 f30=0x00000000
           2918	      1455	001010a8	d1842f87	flw	f31,-744(x8)	  f8:0x00102000 f31=0x00000000 PA:0x00101d18 store:0x00000000
           2920	      1456	001010ac	d000f053	fcvt.s.w	f0,x1	  x1:0x00000026  f0=0x00000000
           2924	      1458	001010b0	d1842087	flw	f1,-744(x8)	  f8:0x00102000  f1=0x00000000 PA:0x00101d18 store:0x00000000
           2926	      1459	001010b4	01fef153	fadd.s	f2,f29,f31	 f29:0x00000030 f31:0xb4000000  f2=0x00000000
           2928	      1460	001010b8	d1e92a27	fsw	f30,-748(x18)	 f18:0x00102000 f30:0x00020000 PA:0x00101d14 store:0x442dc64b load:0x3f7d1f60
           2934	      1463	001010bc	d1492707	flw	f14,-748(x18)	 f18:0x00102000 f14=0x00000000 PA:0x00101d14 store:0x3f7d1f60
           2936	      1464	001010c0	002a0593	addi	x11,x20,2	 x20:0x00000025 x11=0x00000027
           2938	      1465	001010c4	d005f7d3	fcvt.s.w	f15,x11	 x11:0x00000027 f15=0x00000000
           2940	      1466	001010c8	701071c3	fmadd.s	f3,f0,f1,f14	  f0:0x00000000  f1:0x00000026 f14:0x00000000  f3=0x00000000
           2942	      1467	001010cc	d024ae27	fsw	f2,-740(x9)	  f9:0x00102000  f2:0x00137fa0 PA:0x00000000
           2948	      1470	001010d0	d1c4a207	flw	f4,-740(x9)	  f9:0x00102000  f4=0x00000000 PA:0x00101d1c store:0x4424a0e9
           2950	      1471	001010d4	d1842587	flw	f11,-744(x8)	  f8:0x00102000 f11=0x00000000 PA:0x00000000
           2958	      1475	001010d8	d1842607	flw	f12,-744(x8)	  f8:0x00102000 f12=0x00000000 PA:0x00101d18 store:0x00000000
           2962	      1477	001010dc	d0392a27	fsw	f3,-748(x18)	 f18:0x00102000  f3:0x00000000 PA:0x00101d14 store:0x44372af5 load:0x3f7d1f60
           2970	      1481	001010e0	d1492287	flw	f5,-748(x18)	 f18:0x00102000  f5=0x00000000 PA:0x00101d14 store:0x3f7d1f60
           2972	      1482	001010e4	00b276d3	fadd.s	f13,f4,f11	  f4:0x00000000 f11:0x00000027 f13=0x00000000
           2976	      1484	001010e8	003a0613	addi	x12,x20,3	 x20:0x00000025 x12=0x00000028
           2978	      1485	001010ec	28c7f343	fmadd.s	f6,f15,f12,f5	 f15:0x0000000b f12:0x00000028  f5:0x0000000b  f6=0x00000000
           2980	      1486	001010f0	d00673d3	fcvt.s.w	f7,x12	 x12:0x00000028  f7=0x00000000
           2982	      1487	001010f4	004a0813	addi	x16,x20,4	 x20:0x00000025 x16=0x00000029
           2984	      1488	001010f8	d0d4ae27	fsw	f13,-740(x9)	  f9:0x00102000 f13:0x0000000d PA:0x00101d1c store:0x441f6b75 load:0x44372af5
           2988	      1490	001010fc	d1c4a407	flw	f8,-740(x9)	  f9:0x00102000  f8=0x00000000 PA:0x00101d1c store:0x4424a0e9
           2990	      1491	00101100	d0692a27	fsw	f6,-748(x18)	 f18:0x00102000  f6:0x00000001 PA:0x00000000
           2998	      1495	00101104	d1842487	flw	f9,-744(x8)	  f8:0x00102000  f9=0x00000000 PA:0x00101d18 store:0x00000000
           3002	      1497	00101108	d1842507	flw	f10,-744(x8)	  f8:0x00102000 f10=0x00000000 PA:0x00101d18 store:0x00000000
           3006	      1499	0010110c	d1492807	flw	f16,-748(x18)	 f18:0x00102000 f16=0x00000000 PA:0x00101d14 store:0x3f7d1f60
           3008	      1500	00101110	009478d3	fadd.s	f17,f8,f9	  f8:0x00102000  f9:0x00102000 f17=0x00000000
           3010	      1501	00101114	d0087953	fcvt.s.w	f18,x16	 x16:0x00000029 f18=0x00000000
           3012	      1502	00101118	80a3f9c3	fmadd.s	f19,f7,f10,f16	  f7:0x00000064 f10:0x00000004 f16:0x00000064 f19=0x00000000
           3016	      1504	0010111c	005a0893	addi	x17,x20,5	 x20:0x00000025 x17=0x0000002a
           3018	      1505	00101120	d008fa53	fcvt.s.w	f20,x17	 x17:0x0000002a f20=0x00000000
           3020	      1506	00101124	d114ae27	fsw	f17,-740(x9)	  f9:0x00102000 f17:0x0000002a PA:0x00101d1c store:0x441faabd load:0x4440cee7
           3024	      1508	00101128	d1c4aa87	flw	f21,-740(x9)	  f9:0x00102000 f21=0x00000000 PA:0x00101d1c store:0x4424a0e9
           3026	      1509	0010112c	d1392a27	fsw	f19,-748(x18)	 f18:0x00102000 f19:0x00000024 PA:0x00000000
           3034	      1513	00101130	d1842e07	flw	f28,-744(x8)	  f8:0x00102000 f28=0x00000000 PA:0x00101d18 store:0x00000000
           3038	      1515	00101134	d1842e87	flw	f29,-744(x8)	  f8:0x00102000 f29=0x00000000 PA:0x00101d18 store:0x00000000
           3042	      1517	00101138	d1492f07	flw	f30,-748(x18)	 f18:0x00102000 f30=0x00000000 PA:0x00101d14 store:0x42280000
           3044	      1518	0010113c	01caffd3	fadd.s	f31,f21,f28	 f21:0x00000000 f28:0x00020000 f31=0x00000000
           3048	      1520	00101140	006a0993	addi	x19,x20,6	 x20:0x00000025 x19=0x0000002b
           3050	      1521	00101144	f1d97043	fmadd.s	f0,f18,f29,f30	 f18:0x00102000 f29:0x00000030 f30:0x00102000  f0=0x00000000
           3052	      1522	00101148	d009f0d3	fcvt.s.w	f1,x19	 x19:0x0000002b  f1=0x00000000
           3054	      1523	0010114c	007a0a13	addi	x20,x20,7	 x20:0x00000025 x20=0x0000002c
           3056	      1524	00101150	d1f4ae27	fsw	f31,-740(x9)	  f9:0x00102000 f31:0xb4000000 PA:0x00101d1c store:0x441fea05 load:0x444ab221
           3060	      1526	00101154	d1c4a107	flw	f2,-740(x9)	  f9:0x00102000  f2=0x00000000 PA:0x00101d1c store:0x3f7d1f60
           3062	      1527	00101158	d0092a27	fsw	f0,-748(x18)	 f18:0x00102000  f0:0x00000000 PA:0x00000000
           3070	      1531	0010115c	d1842707	flw	f14,-744(x8)	  f8:0x00102000 f14=0x00000000 PA:0x00101d18 store:0x00000000
           3074	      1533	00101160	d1842787	flw	f15,-744(x8)	  f8:0x00102000 f15=0x00000000 PA:0x00101d18 store:0x00000000
           3078	      1535	00101164	d1492187	flw	f3,-748(x18)	 f18:0x00102000  f3=0x00000000 PA:0x00101d14 store:0x42280000
           3080	      1536	00101168	00e17253	fadd.s	f4,f2,f14	  f2:0x00137fa0 f14:0x00000009  f4=0x00000000
           3084	      1538	0010116c	18fa75c3	fmadd.s	f11,f20,f15,f3	 f20:0x0000002c f15:0x0000000b  f3:0x00000000 f11=0x00000000
           3088	      1540	00101170	d044ae27	fsw	f4,-740(x9)	  f9:0x00102000  f4:0x00000000 PA:0x00101d1c store:0x4420294d load:0x4454d4a3
           3092	      1542	00101174	d0b92a27	fsw	f11,-748(x18)	 f18:0x00102000 f11:0x00000027 PA:0x00101d14 store:0x445f366c load:0x4454d4a3
           3096	      1544	00101178	d1c4a287	flw	f5,-740(x9)	  f9:0x00102000  f5=0x00000000 PA:0x00101d1c store:0x3f7d1f60
           3100	      1546	0010117c	d1842307	flw	f6,-744(x8)	  f8:0x00102000  f6=0x00000000 PA:0x00101d18 store:0x00000000
           3104	      1548	00101180	d1842607	flw	f12,-744(x8)	  f8:0x00102000 f12=0x00000000 PA:0x00101d18 store:0x00000000
           3108	      1550	00101184	d1492687	flw	f13,-748(x18)	 f18:0x00102000 f13=0x00000000 PA:0x00101d14 store:0x42280000
           3110	      1551	00101188	0062f3d3	fadd.s	f7,f5,f6	  f5:0x00000042  f6:0x00000001  f7=0x00000000
           3114	      1553	0010118c	68c0f443	fmadd.s	f8,f1,f12,f13	  f1:0x00000026 f12:0x00000028 f13:0x0000000d  f8=0x00000000
           3118	      1555	00101190	d074ae27	fsw	f7,-740(x9)	  f9:0x00102000  f7:0x00000064 PA:0x00101d1c store:0x44206895 load:0x445f366c
           3126	      1559	00101194	d1c4a487	flw	f9,-740(x9)	  f9:0x00102000  f9=0x00000000 PA:0x00101d1c store:0x3f7d1f60
           3130	      1561	00101198	d1842507	flw	f10,-744(x8)	  f8:0x00102000 f10=0x00000000 PA:0x00101d18 store:0x00000000
           3134	      1563	0010119c	d0892a27	fsw	f8,-748(x18)	 f18:0x00102000  f8:0x00102000 PA:0x00101d14 store:0x4469d77d load:0x3f7d1f60
           3136	      1564	001011a0	00a4f853	fadd.s	f16,f9,f10	  f9:0x00102000 f10:0x00000004 f16=0x00000000
           3144	      1568	001011a4	d104ae27	fsw	f16,-740(x9)	  f9:0x00102000 f16:0x00000029 PA:0x00101d1c store:0x4420a7dd load:0x3f7d1f60
           3154	      1573	001011a8	ee7a14e3	bne	x20,x7,101090	 x20:0x0000002c  x7:0x00000064
           3156	      1574	00101090	d1842a07	flw	f20,-744(x8)	  f8:0x00102000 f20=0x00000000 PA:0x00101d18 store:0x00000000
           3158	      1575	00101094	d00a7ad3	fcvt.s.w	f21,x20	 x20:0x0000002c f21=0x00000000
           3160	      1576	00101098	d1492e07	flw	f28,-748(x18)	 f18:0x00102000 f28=0x00000000 PA:0x00101d14 store:0x42280000
           3162	      1577	0010109c	001a0093	addi	x1,x20,1	 x20:0x0000002c  x1=0x0000002d
           3164	      1578	001010a0	d1c4ae87	flw	f29,-740(x9)	  f9:0x00102000 f29=0x00000000 PA:0x00101d1c store:0x3f7d1f60
           3166	      1579	001010a4	e14aff43	fmadd.s	f30,f21,f20,f28	 f21:0x00000000 f20:0x0000002c f28:0x00000000 f30=0x00000000
           3168	      1580	001010a8	d1842f87	flw	f31,-744(x8)	  f8:0x00102000 f31=0x00000000 PA:0x00101d18 store:0x00000000
           3170	      1581	001010ac	d000f053	fcvt.s.w	f0,x1	  x1:0x0000002d  f0=0x00000000
           3174	      1583	001010b0	d1842087	flw	f1,-744(x8)	  f8:0x00102000  f1=0x00000000 PA:0x00101d18 store:0x00000000
           3176	      1584	001010b4	01fef153	fadd.s	f2,f29,f31	 f29:0x00000030 f31:0xb4000000  f2=0x00000000
           3178	      1585	001010b8	d1e92a27	fsw	f30,-748(x18)	 f18:0x00102000 f30:0x00020000 PA:0x00101d14 store:0x4474b7d6 load:0x3f7d1f60
           3184	      1588	001010bc	d1492707	flw	f14,-748(x18)	 f18:0x00102000 f14=0x00000000 PA:0x00101d14 store:0x3f7d1f60
           3186	      1589	001010c0	002a0593	addi	x11,x20,2	 x20:0x0000002c x11=0x0000002e
           3188	      1590	001010c4	d005f7d3	fcvt.s.w	f15,x11	 x11:0x0000002e f15=0x00000000
           3190	      1591	001010c8	701071c3	fmadd.s	f3,f0,f1,f14	  f0:0x00000000  f1:0x0000002d f14:0x00000000  f3=0x00000000
           3192	      1592	001010cc	d024ae27	fsw	f2,-740(x9)	  f9:0x00102000  f2:0x00137fa0 PA:0x00000000
           3198	      1595	001010d0	d1c4a207	flw	f4,-740(x9)	  f9:0x00102000  f4=0x00000000 PA:0x00101d1c store:0x4469d77d
           3200	      1596	001010d4	d1842587	flw	f11,-744(x8)	  f8:0x00102000 f11=0x00000000 PA:0x00000000
           3208	      1600	001010d8	d1842607	flw	f12,-744(x8)	  f8:0x00102000 f12=0x00000000 PA:0x00101d18 store:0x00000000
           3212	      1602	001010dc	d0392a27	fsw	f3,-748(x18)	 f18:0x00102000  f3:0x00000000 PA:0x00101d14 store:0x447fd777 load:0x3f7d1f60
           3220	      1606	001010e0	d1492287	flw	f5,-748(x18)	 f18:0x00102000  f5=0x00000000 PA:0x00101d14 store:0x3f7d1f60
           3222	      1607	001010e4	00b276d3	fadd.s	f13,f4,f11	  f4:0x00000000 f11:0x0000002e f13=0x00000000
           3226	      1609	001010e8	003a0613	addi	x12,x20,3	 x20:0x0000002c x12=0x0000002f
           3228	      1610	001010ec	28c7f343	fmadd.s	f6,f15,f12,f5	 f15:0x0000000b f12:0x0000002f  f5:0x0000000b  f6=0x00000000
           3230	      1611	001010f0	d00673d3	fcvt.s.w	f7,x12	 x12:0x0000002f  f7=0x00000000
           3232	      1612	001010f4	004a0813	addi	x16,x20,4	 x20:0x0000002c x16=0x00000030
           3234	      1613	001010f8	d0d4ae27	fsw	f13,-740(x9)	  f9:0x00102000 f13:0x0000000d PA:0x00101d1c store:0x4421266d load:0x447fd777
           3238	      1615	001010fc	d1c4a407	flw	f8,-740(x9)	  f9:0x00102000  f8=0x00000000 PA:0x00101d1c store:0x4469d77d
           3240	      1616	00101100	d0692a27	fsw	f6,-748(x18)	 f18:0x00102000  f6:0x00000001 PA:0x00000000
           3248	      1620	00101104	d1842487	flw	f9,-744(x8)	  f8:0x00102000  f9=0x00000000 PA:0x00101d18 store:0x00000000
           3252	      1622	00101108	d1842507	flw	f10,-744(x8)	  f8:0x00102000 f10=0x00000000 PA:0x00101d18 store:0x00000000
           3256	      1624	0010110c	d1492807	flw	f16,-748(x18)	 f18:0x00102000 f16=0x00000000 PA:0x00101d14 store:0x3f7d1f60
           3258	      1625	00101110	009478d3	fadd.s	f17,f8,f9	  f8:0x00102000  f9:0x00102000 f17=0x00000000
           3260	      1626	00101114	d0087953	fcvt.s.w	f18,x16	 x16:0x00000030 f18=0x00000000
           3262	      1627	00101118	80a3f9c3	fmadd.s	f19,f7,f10,f16	  f7:0x00000064 f10:0x00000004 f16:0x00000064 f19=0x00000000
           3266	      1629	0010111c	005a0893	addi	x17,x20,5	 x20:0x0000002c x17=0x00000031
           3268	      1630	00101120	d008fa53	fcvt.s.w	f20,x17	 x17:0x00000031 f20=0x00000000
           3270	      1631	00101124	d114ae27	fsw	f17,-740(x9)	  f9:0x00102000 f17:0x00000031 PA:0x00101d1c store:0x442165b5 load:0x44859b30
           3274	      1633	00101128	d1c4aa87	flw	f21,-740(x9)	  f9:0x00102000 f21=0x00000000 PA:0x00101d1c store:0x4469d77d
           3276	      1634	0010112c	d1392a27	fsw	f19,-748(x18)	 f18:0x00102000 f19:0x0000002b PA:0x00000000
           3284	      1638	00101130	d1842e07	flw	f28,-744(x8)	  f8:0x00102000 f28=0x00000000 PA:0x00101d18 store:0x00000000
           3288	      1640	00101134	d1842e87	flw	f29,-744(x8)	  f8:0x00102000 f29=0x00000000 PA:0x00101d18 store:0x00000000
           3292	      1642	00101138	d1492f07	flw	f30,-748(x18)	 f18:0x00102000 f30=0x00000000 PA:0x00101d14 store:0x42440000
           3294	      1643	0010113c	01caffd3	fadd.s	f31,f21,f28	 f21:0x00000000 f28:0x00020000 f31=0x00000000
           3298	      1645	00101140	006a0993	addi	x19,x20,6	 x20:0x0000002c x19=0x00000032
           3300	      1646	00101144	f1d97043	fmadd.s	f0,f18,f29,f30	 f18:0x00102000 f29:0x00000030 f30:0x00102000  f0=0x00000000
           3302	      1647	00101148	d009f0d3	fcvt.s.w	f1,x19	 x19:0x00000032  f1=0x00000000
           3304	      1648	0010114c	007a0a13	addi	x20,x20,7	 x20:0x0000002c x20=0x00000033
           3306	      1649	00101150	d1f4ae27	fsw	f31,-740(x9)	  f9:0x00102000 f31:0xb4000000 PA:0x00101d1c store:0x4421a4fd load:0x448b6a48
           3310	      1651	00101154	d1c4a107	flw	f2,-740(x9)	  f9:0x00102000  f2=0x00000000 PA:0x00101d1c store:0x3f7d1f60
           3312	      1652	00101158	d0092a27	fsw	f0,-748(x18)	 f18:0x00102000  f0:0x00000000 PA:0x00000000
           3320	      1656	0010115c	d1842707	flw	f14,-744(x8)	  f8:0x00102000 f14=0x00000000 PA:0x00101d18 store:0x00000000
           3324	      1658	00101160	d1842787	flw	f15,-744(x8)	  f8:0x00102000 f15=0x00000000 PA:0x00101d18 store:0x00000000
           3328	      1660	00101164	d1492187	flw	f3,-748(x18)	 f18:0x00102000  f3=0x00000000 PA:0x00101d14 store:0x42440000
           3330	      1661	00101168	00e17253	fadd.s	f4,f2,f14	  f2:0x00137fa0 f14:0x00000009  f4=0x00000000
           3334	      1663	0010116c	18fa75c3	fmadd.s	f11,f20,f15,f3	 f20:0x00000033 f15:0x0000000b  f3:0x00000000 f11=0x00000000
           3338	      1665	00101170	d044ae27	fsw	f4,-740(x9)	  f9:0x00102000  f4:0x00000000 PA:0x00101d1c store:0x4421e445 load:0x44915904
           3342	      1667	00101174	d0b92a27	fsw	f11,-748(x18)	 f18:0x00102000 f11:0x0000002e PA:0x00101d14 store:0x44976764 load:0x44915904
           3346	      1669	00101178	d1c4a287	flw	f5,-740(x9)	  f9:0x00102000  f5=0x00000000 PA:0x00101d1c store:0x3f7d1f60
           3350	      1671	0010117c	d1842307	flw	f6,-744(x8)	  f8:0x00102000  f6=0x00000000 PA:0x00101d18 store:0x00000000
           3354	      1673	00101180	d1842607	flw	f12,-744(x8)	  f8:0x00102000 f12=0x00000000 PA:0x00101d18 store:0x00000000
           3358	      1675	00101184	d1492687	flw	f13,-748(x18)	 f18:0x00102000 f13=0x00000000 PA:0x00101d14 store:0x42440000
           3360	      1676	00101188	0062f3d3	fadd.s	f7,f5,f6	  f5:0x00000042  f6:0x00000001  f7=0x00000000
           3364	      1678	0010118c	68c0f443	fmadd.s	f8,f1,f12,f13	  f1:0x0000002d f12:0x0000002f f13:0x0000000d  f8=0x00000000
           3368	      1680	00101190	d074ae27	fsw	f7,-740(x9)	  f9:0x00102000  f7:0x00000064 PA:0x00101d1c store:0x4422238d load:0x44976764
           3376	      1684	00101194	d1c4a487	flw	f9,-740(x9)	  f9:0x00102000  f9=0x00000000 PA:0x00101d1c store:0x3f7d1f60
           3380	      1686	00101198	d1842507	flw	f10,-744(x8)	  f8:0x00102000 f10=0x00000000 PA:0x00101d18 store:0x00000000
           3384	      1688	0010119c	d0892a27	fsw	f8,-748(x18)	 f18:0x00102000  f8:0x00102000 PA:0x00101d14 store:0x449d9568 load:0x3f7d1f60
           3386	      1689	001011a0	00a4f853	fadd.s	f16,f9,f10	  f9:0x00102000 f10:0x00000004 f16=0x00000000
           3394	      1693	001011a4	d104ae27	fsw	f16,-740(x9)	  f9:0x00102000 f16:0x00000030 PA:0x00101d1c store:0x442262d5 load:0x3f7d1f60
           3404	      1698	001011a8	ee7a14e3	bne	x20,x7,101090	 x20:0x00000033  x7:0x00000064
           3406	      1699	00101090	d1842a07	flw	f20,-744(x8)	  f8:0x00102000 f20=0x00000000 PA:0x00101d18 store:0x00000000
           3408	      1700	00101094	d00a7ad3	fcvt.s.w	f21,x20	 x20:0x00000033 f21=0x00000000
           3410	      1701	00101098	d1492e07	flw	f28,-748(x18)	 f18:0x00102000 f28=0x00000000 PA:0x00101d14 store:0x42440000
           3412	      1702	0010109c	001a0093	addi	x1,x20,1	 x20:0x00000033  x1=0x00000034
           3414	      1703	001010a0	d1c4ae87	flw	f29,-740(x9)	  f9:0x00102000 f29=0x00000000 PA:0x00101d1c store:0x3f7d1f60
           3416	      1704	001010a4	e14aff43	fmadd.s	f30,f21,f20,f28	 f21:0x00000000 f20:0x00000033 f28:0x00000000 f30=0x00000000
           3418	      1705	001010a8	d1842f87	flw	f31,-744(x8)	  f8:0x00102000 f31=0x00000000 PA:0x00101d18 store:0x00000000
           3420	      1706	001010ac	d000f053	fcvt.s.w	f0,x1	  x1:0x00000034  f0=0x00000000
           3424	      1708	001010b0	d1842087	flw	f1,-744(x8)	  f8:0x00102000  f1=0x00000000 PA:0x00101d18 store:0x00000000
           3426	      1709	001010b4	01fef153	fadd.s	f2,f29,f31	 f29:0x00000030 f31:0xb4000000  f2=0x00000000
           3428	      1710	001010b8	d1e92a27	fsw	f30,-748(x18)	 f18:0x00102000 f30:0x00020000 PA:0x00101d14 store:0x44a3e310 load:0x3f7d1f60
           3434	      1713	001010bc	d1492707	flw	f14,-748(x18)	 f18:0x00102000 f14=0x00000000 PA:0x00101d14 store:0x3f7d1f60
           3436	      1714	001010c0	002a0593	addi	x11,x20,2	 x20:0x00000033 x11=0x00000035
           3438	      1715	001010c4	d005f7d3	fcvt.s.w	f15,x11	 x11:0x00000035 f15=0x00000000
           3440	      1716	001010c8	701071c3	fmadd.s	f3,f0,f1,f14	  f0:0x00000000  f1:0x00000034 f14:0x00000000  f3=0x00000000
           3442	      1717	001010cc	d024ae27	fsw	f2,-740(x9)	  f9:0x00102000  f2:0x00137fa0 PA:0x00000000
           3448	      1720	001010d0	d1c4a207	flw	f4,-740(x9)	  f9:0x00102000  f4=0x00000000 PA:0x00101d1c store:0x449d9568
           3450	      1721	001010d4	d1842587	flw	f11,-744(x8)	  f8:0x00102000 f11=0x00000000 PA:0x00000000
           3458	      1725	001010d8	d1842607	flw	f12,-744(x8)	  f8:0x00102000 f12=0x00000000 PA:0x00101d18 store:0x00000000
           3462	      1727	001010dc	d0392a27	fsw	f3,-748(x18)	 f18:0x00102000  f3:0x00000000 PA:0x00101d14 store:0x44aa505c load:0x3f7d1f60
           3470	      1731	001010e0	d1492287	flw	f5,-748(x18)	 f18:0x00102000  f5=0x00000000 PA:0x00101d14 store:0x3f7d1f60
           3472	      1732	001010e4	00b276d3	fadd.s	f13,f4,f11	  f4:0x00000000 f11:0x00000035 f13=0x00000000
           3476	      1734	001010e8	003a0613	addi	x12,x20,3	 x20:0x00000033 x12=0x00000036
           3478	      1735	001010ec	28c7f343	fmadd.s	f6,f15,f12,f5	 f15:0x0000000b f12:0x00000036  f5:0x0000000b  f6=0x00000000
           3480	      1736	001010f0	d00673d3	fcvt.s.w	f7,x12	 x12:0x00000036  f7=0x00000000
           3482	      1737	001010f4	004a0813	addi	x16,x20,4	 x20:0x00000033 x16=0x00000037
           3484	      1738	001010f8	d0d4ae27	fsw	f13,-740(x9)	  f9:0x00102000 f13:0x0000000d PA:0x00101d1c store:0x4422e165 load:0x44aa505c
           3488	      1740	001010fc	d1c4a407	flw	f8,-740(x9)	  f9:0x00102000  f8=0x00000000 PA:0x00101d1c store:0x449d9568
           3490	      1741	00101100	d0692a27	fsw	f6,-748(x18)	 f18:0x00102000  f6:0x00000001 PA:0x00000000
           3498	      1745	00101104	d1842487	flw	f9,-744(x8)	  f8:0x00102000  f9=0x00000000 PA:0x00101d18 store:0x00000000
           3502	      1747	00101108	d1842507	flw	f10,-744(x8)	  f8:0x00102000 f10=0x00000000 PA:0x00101d18 store:0x00000000
           3506	      1749	0010110c	d1492807	flw	f16,-748(x18)	 f18:0x00102000 f16=0x00000000 PA:0x00101d14 store:0x3f7d1f60
           3508	      1750	00101110	009478d3	fadd.s	f17,f8,f9	  f8:0x00102000  f9:0x00102000 f17=0x00000000
           3510	      1751	00101114	d0087953	fcvt.s.w	f18,x16	 x16:0x00000037 f18=0x00000000
           3512	      1752	00101118	80a3f9c3	fmadd.s	f19,f7,f10,f16	  f7:0x00000064 f10:0x00000004 f16:0x00000064 f19=0x00000000
           3516	      1754	0010111c	005a0893	addi	x17,x20,5	 x20:0x00000033 x17=0x00000038
           3518	      1755	00101120	d008fa53	fcvt.s.w	f20,x17	 x17:0x00000038 f20=0x00000000
           3520	      1756	00101124	d114ae27	fsw	f17,-740(x9)	  f9:0x00102000 f17:0x00000038 PA:0x00101d1c store:0x442320ad load:0x44b0dd4c
           3524	      1758	00101128	d1c4aa87	flw	f21,-740(x9)	  f9:0x00102000 f21=0x00000000 PA:0x00101d1c store:0x449d9568
           3526	      1759	0010112c	d1392a27	fsw	f19,-748(x18)	 f18:0x00102000 f19:0x00000032 PA:0x00000000
           3534	      1763	00101130	d1842e07	flw	f28,-744(x8)	  f8:0x00102000 f28=0x00000000 PA:0x00101d18 store:0x00000000
           3538	      1765	00101134	d1842e87	flw	f29,-744(x8)	  f8:0x00102000 f29=0x00000000 PA:0x00101d18 store:0x00000000
           3542	      1767	00101138	d1492f07	flw	f30,-748(x18)	 f18:0x00102000 f30=0x00000000 PA:0x00101d14 store:0x42600000
           3544	      1768	0010113c	01caffd3	fadd.s	f31,f21,f28	 f21:0x00000000 f28:0x00020000 f31=0x00000000
           3548	      1770	00101140	006a0993	addi	x19,x20,6	 x20:0x00000033 x19=0x00000039
           3550	      1771	00101144	f1d97043	fmadd.s	f0,f18,f29,f30	 f18:0x00102000 f29:0x00000030 f30:0x00102000  f0=0x00000000
           3552	      1772	00101148	d009f0d3	fcvt.s.w	f1,x19	 x19:0x00000039  f1=0x00000000
           3554	      1773	0010114c	007a0a13	addi	x20,x20,7	 x20:0x00000033 x20=0x0000003a
           3556	      1774	00101150	d1f4ae27	fsw	f31,-740(x9)	  f9:0x00102000 f31:0xb4000000 PA:0x00101d1c store:0x44235ff5 load:0x44b789e0
           3560	      1776	00101154	d1c4a107	flw	f2,-740(x9)	  f9:0x00102000  f2=0x00000000 PA:0x00101d1c store:0x3f7d1f60
           3562	      1777	00101158	d0092a27	fsw	f0,-748(x18)	 f18:0x00102000  f0:0x00000000 PA:0x00000000
           3570	      1781	0010115c	d1842707	flw	f14,-744(x8)	  f8:0x00102000 f14=0x00000000 PA:0x00101d18 store:0x00000000
           3574	      1783	00101160	d1842787	flw	f15,-744(x8)	  f8:0x00102000 f15=0x00000000 PA:0x00101d18 store:0x00000000
           3578	      1785	00101164	d1492187	flw	f3,-748(x18)	 f18:0x00102000  f3=0x00000000 PA:0x00101d14 store:0x42600000
           3580	      1786	00101168	00e17253	fadd.s	f4,f2,f14	  f2:0x00137fa0 f14:0x00000009  f4=0x00000000
           3584	      1788	0010116c	18fa75c3	fmadd.s	f11,f20,f15,f3	 f20:0x0000003a f15:0x0000000b  f3:0x00000000 f11=0x00000000
           3588	      1790	00101170	d044ae27	fsw	f4,-740(x9)	  f9:0x00102000  f4:0x00000000 PA:0x00101d1c store:0x44239f3d load:0x44be5618
           3592	      1792	00101174	d0b92a27	fsw	f11,-748(x18)	 f18:0x00102000 f11:0x00000035 PA:0x00101d14 store:0x44c541f4 load:0x44be5618
           3596	      1794	00101178	d1c4a287	flw	f5,-740(x9)	  f9:0x00102000  f5=0x00000000 PA:0x00101d1c store:0x3f7d1f60
           3600	      1796	0010117c	d1842307	flw	f6,-744(x8)	  f8:0x00102000  f6=0x00000000 PA:0x00101d18 store:0x00000000
           3604	      1798	00101180	d1842607	flw	f12,-744(x8)	  f8:0x00102000 f12=0x00000000 PA:0x00101d18 store:0x00000000
           3608	      1800	00101184	d1492687	flw	f13,-748(x18)	 f18:0x00102000 f13=0x00000000 PA:0x00101d14 store:0x42600000
           3610	      1801	00101188	0062f3d3	fadd.s	f7,f5,f6	  f5:0x00000042  f6:0x00000001  f7=0x00000000
           3614	      1803	0010118c	68c0f443	fmadd.s	f8,f1,f12,f13	  f1:0x00000034 f12:0x00000036 f13:0x0000000d  f8=0x00000000
           3618	      1805	00101190	d074ae27	fsw	f7,-740(x9)	  f9:0x00102000  f7:0x00000064 PA:0x00101d1c store:0x4423de85 load:0x44c541f4
           3626	      1809	00101194	d1c4a487	flw	f9,-740(x9)	  f9:0x00102000  f9=0x00000000 PA:0x00101d1c store:0x3f7d1f60
           3630	      1811	00101198	d1842507	flw	f10,-744(x8)	  f8:0x00102000 f10=0x00000000 PA:0x00101d18 store:0x00000000
           3634	      1813	0010119c	d0892a27	fsw	f8,-748(x18)	 f18:0x00102000  f8:0x00102000 PA:0x00101d14 store:0x44cc4d74 load:0x3f7d1f60
           3636	      1814	001011a0	00a4f853	fadd.s	f16,f9,f10	  f9:0x00102000 f10:0x00000004 f16=0x00000000
           3644	      1818	001011a4	d104ae27	fsw	f16,-740(x9)	  f9:0x00102000 f16:0x00000037 PA:0x00101d1c store:0x44241dcd load:0x3f7d1f60
           3654	      1823	001011a8	ee7a14e3	bne	x20,x7,101090	 x20:0x0000003a  x7:0x00000064
           3656	      1824	00101090	d1842a07	flw	f20,-744(x8)	  f8:0x00102000 f20=0x00000000 PA:0x00101d18 store:0x00000000
           3658	      1825	00101094	d00a7ad3	fcvt.s.w	f21,x20	 x20:0x0000003a f21=0x00000000
           3660	      1826	00101098	d1492e07	flw	f28,-748(x18)	 f18:0x00102000 f28=0x00000000 PA:0x00101d14 store:0x42600000
           3662	      1827	0010109c	001a0093	addi	x1,x20,1	 x20:0x0000003a  x1=0x0000003b
           3664	      1828	001010a0	d1c4ae87	flw	f29,-740(x9)	  f9:0x00102000 f29=0x00000000 PA:0x00101d1c store:0x3f7d1f60
           3666	      1829	001010a4	e14aff43	fmadd.s	f30,f21,f20,f28	 f21:0x00000000 f20:0x0000003a f28:0x00000000 f30=0x00000000
           3668	      1830	001010a8	d1842f87	flw	f31,-744(x8)	  f8:0x00102000 f31=0x00000000 PA:0x00101d18 store:0x00000000
           3670	      1831	001010ac	d000f053	fcvt.s.w	f0,x1	  x1:0x0000003b  f0=0x00000000
           3674	      1833	001010b0	d1842087	flw	f1,-744(x8)	  f8:0x00102000  f1=0x00000000 PA:0x00101d18 store:0x00000000
           3676	      1834	001010b4	01fef153	fadd.s	f2,f29,f31	 f29:0x00000030 f31:0xb4000000  f2=0x00000000
           3678	      1835	001010b8	d1e92a27	fsw	f30,-748(x18)	 f18:0x00102000 f30:0x00020000 PA:0x00101d14 store:0x44d37897 load:0x3f7d1f60
           3684	      1838	001010bc	d1492707	flw	f14,-748(x18)	 f18:0x00102000 f14=0x00000000 PA:0x00101d14 store:0x3f7d1f60
           3686	      1839	001010c0	002a0593	addi	x11,x20,2	 x20:0x0000003a x11=0x0000003c
           3688	      1840	001010c4	d005f7d3	fcvt.s.w	f15,x11	 x11:0x0000003c f15=0x00000000
           3690	      1841	001010c8	701071c3	fmadd.s	f3,f0,f1,f14	  f0:0x00000000  f1:0x0000003b f14:0x00000000  f3=0x00000000
           3692	      1842	001010cc	d024ae27	fsw	f2,-740(x9)	  f9:0x00102000  f2:0x00137fa0 PA:0x00000000
           3698	      1845	001010d0	d1c4a207	flw	f4,-740(x9)	  f9:0x00102000  f4=0x00000000 PA:0x00101d1c store:0x44cc4d74
           3700	      1846	001010d4	d1842587	flw	f11,-744(x8)	  f8:0x00102000 f11=0x00000000 PA:0x00000000
           3708	      1850	001010d8	d1842607	flw	f12,-744(x8)	  f8:0x00102000 f12=0x00000000 PA:0x00101d18 store:0x00000000
           3712	      1852	001010dc	d0392a27	fsw	f3,-748(x18)	 f18:0x00102000  f3:0x00000000 PA:0x00101d14 store:0x44dac35e load:0x3f7d1f60
           3720	      1856	001010e0	d1492287	flw	f5,-748(x18)	 f18:0x00102000  f5=0x00000000 PA:0x00101d14 store:0x3f7d1f60
           3722	      1857	001010e4	00b276d3	fadd.s	f13,f4,f11	  f4:0x00000000 f11:0x0000003c f13=0x00000000
           3726	      1859	001010e8	003a0613	addi	x12,x20,3	 x20:0x0000003a x12=0x0000003d
           3728	      1860	001010ec	28c7f343	fmadd.s	f6,f15,f12,f5	 f15:0x0000000b f12:0x0000003d  f5:0x0000000b  f6=0x00000000
           3730	      1861	001010f0	d00673d3	fcvt.s.w	f7,x12	 x12:0x0000003d  f7=0x00000000
           3732	      1862	001010f4	004a0813	addi	x16,x20,4	 x20:0x0000003a x16=0x0000003e
           3734	      1863	001010f8	d0d4ae27	fsw	f13,-740(x9)	  f9:0x00102000 f13:0x0000000d PA:0x00101d1c store:0x44249c5d load:0x44dac35e
           3738	      1865	001010fc	d1c4a407	flw	f8,-740(x9)	  f9:0x00102000  f8=0x00000000 PA:0x00101d1c store:0x44cc4d74
           3740	      1866	00101100	d0692a27	fsw	f6,-748(x18)	 f18:0x00102000  f6:0x00000001 PA:0x00000000
           3748	      1870	00101104	d1842487	flw	f9,-744(x8)	  f8:0x00102000  f9=0x00000000 PA:0x00101d18 store:0x00000000
           3752	      1872	00101108	d1842507	flw	f10,-744(x8)	  f8:0x00102000 f10=0x00000000 PA:0x00101d18 store:0x00000000
           3756	      1874	0010110c	d1492807	flw	f16,-748(x18)	 f18:0x00102000 f16=0x00000000 PA:0x00101d14 store:0x3f7d1f60
           3758	      1875	00101110	009478d3	fadd.s	f17,f8,f9	  f8:0x00102000  f9:0x00102000 f17=0x00000000
           3760	      1876	00101114	d0087953	fcvt.s.w	f18,x16	 x16:0x0000003e f18=0x00000000
           3762	      1877	00101118	80a3f9c3	fmadd.s	f19,f7,f10,f16	  f7:0x00000064 f10:0x00000004 f16:0x00000064 f19=0x00000000
           3766	      1879	0010111c	005a0893	addi	x17,x20,5	 x20:0x0000003a x17=0x0000003f
           3768	      1880	00101120	d008fa53	fcvt.s.w	f20,x17	 x17:0x0000003f f20=0x00000000
           3770	      1881	00101124	d114ae27	fsw	f17,-740(x9)	  f9:0x00102000 f17:0x0000003f PA:0x00101d1c store:0x4424dba5 load:0x44e22dc9
           3774	      1883	00101128	d1c4aa87	flw	f21,-740(x9)	  f9:0x00102000 f21=0x00000000 PA:0x00101d1c store:0x44cc4d74
           3776	      1884	0010112c	d1392a27	fsw	f19,-748(x18)	 f18:0x00102000 f19:0x00000039 PA:0x00000000
           3784	      1888	00101130	d1842e07	flw	f28,-744(x8)	  f8:0x00102000 f28=0x00000000 PA:0x00101d18 store:0x00000000
           3788	      1890	00101134	d1842e87	flw	f29,-744(x8)	  f8:0x00102000 f29=0x00000000 PA:0x00101d18 store:0x00000000
           3792	      1892	00101138	d1492f07	flw	f30,-748(x18)	 f18:0x00102000 f30=0x00000000 PA:0x00101d14 store:0x427c0000
           3794	      1893	0010113c	01caffd3	fadd.s	f31,f21,f28	 f21:0x00000000 f28:0x00020000 f31=0x00000000
           3798	      1895	00101140	006a0993	addi	x19,x20,6	 x20:0x0000003a x19=0x00000040
           3800	      1896	00101144	f1d97043	fmadd.s	f0,f18,f29,f30	 f18:0x00102000 f29:0x00000030 f30:0x00102000  f0=0x00000000
           3802	      1897	00101148	d009f0d3	fcvt.s.w	f1,x19	 x19:0x00000040  f1=0x00000000
           3804	      1898	0010114c	007a0a13	addi	x20,x20,7	 x20:0x0000003a x20=0x00000041
           3806	      1899	00101150	d1f4ae27	fsw	f31,-740(x9)	  f9:0x00102000 f31:0xb4000000 PA:0x00101d1c store:0x44251aed load:0x44e9b7d8
           3810	      1901	00101154	d1c4a107	flw	f2,-740(x9)	  f9:0x00102000  f2=0x00000000 PA:0x00101d1c store:0x3f7d1f60
           3812	      1902	00101158	d0092a27	fsw	f0,-748(x18)	 f18:0x00102000  f0:0x00000000 PA:0x00000000
           3820	      1906	0010115c	d1842707	flw	f14,-744(x8)	  f8:0x00102000 f14=0x00000000 PA:0x00101d18 store:0x00000000
           3824	      1908	00101160	d1842787	flw	f15,-744(x8)	  f8:0x00102000 f15=0x00000000 PA:0x00101d18 store:0x00000000
           3828	      1910	00101164	d1492187	flw	f3,-748(x18)	 f18:0x00102000  f3=0x00000000 PA:0x00101d14 store:0x427c0000
           3830	      1911	00101168	00e17253	fadd.s	f4,f2,f14	  f2:0x00137fa0 f14:0x00000009  f4=0x00000000
           3834	      1913	0010116c	18fa75c3	fmadd.s	f11,f20,f15,f3	 f20:0x00000041 f15:0x0000000b  f3:0x00000000 f11=0x00000000
           3838	      1915	00101170	d044ae27	fsw	f4,-740(x9)	  f9:0x00102000  f4:0x00000000 PA:0x00101d1c store:0x44255a35 load:0x44f1618b
           3842	      1917	00101174	d0b92a27	fsw	f11,-748(x18)	 f18:0x00102000 f11:0x0000003c PA:0x00101d14 store:0x44f92ae2 load:0x44f1618b
           3846	      1919	00101178	d1c4a287	flw	f5,-740(x9)	  f9:0x00102000  f5=0x00000000 PA:0x00101d1c store:0x3f7d1f60
           3850	      1921	0010117c	d1842307	flw	f6,-744(x8)	  f8:0x00102000  f6=0x00000000 PA:0x00101d18 store:0x00000000
           3854	      1923	00101180	d1842607	flw	f12,-744(x8)	  f8:0x00102000 f12=0x00000000 PA:0x00101d18 store:0x00000000
           3858	      1925	00101184	d1492687	flw	f13,-748(x18)	 f18:0x00102000 f13=0x00000000 PA:0x00101d14 store:0x427c0000
           3860	      1926	00101188	0062f3d3	fadd.s	f7,f5,f6	  f5:0x00000042  f6:0x00000001  f7=0x00000000
           3864	      1928	0010118c	68c0f443	fmadd.s	f8,f1,f12,f13	  f1:0x0000003b f12:0x0000003d f13:0x0000000d  f8=0x00000000
           3868	      1930	00101190	d074ae27	fsw	f7,-740(x9)	  f9:0x00102000  f7:0x00000064 PA:0x00101d1c store:0x4425997d load:0x44f92ae2
           3876	      1934	00101194	d1c4a487	flw	f9,-740(x9)	  f9:0x00102000  f9=0x00000000 PA:0x00101d1c store:0x3f7d1f60
           3880	      1936	00101198	d1842507	flw	f10,-744(x8)	  f8:0x00102000 f10=0x00000000 PA:0x00101d18 store:0x00000000
           3884	      1938	0010119c	d0892a27	fsw	f8,-748(x18)	 f18:0x00102000  f8:0x00102000 PA:0x00101d14 store:0x450089ee load:0x3f7d1f60
           3886	      1939	001011a0	00a4f853	fadd.s	f16,f9,f10	  f9:0x00102000 f10:0x00000004 f16=0x00000000
           3894	      1943	001011a4	d104ae27	fsw	f16,-740(x9)	  f9:0x00102000 f16:0x0000003e PA:0x00101d1c store:0x4425d8c5 load:0x3f7d1f60
           3904	      1948	001011a8	ee7a14e3	bne	x20,x7,101090	 x20:0x00000041  x7:0x00000064
           3906	      1949	00101090	d1842a07	flw	f20,-744(x8)	  f8:0x00102000 f20=0x00000000 PA:0x00101d18 store:0x00000000
           3908	      1950	00101094	d00a7ad3	fcvt.s.w	f21,x20	 x20:0x00000041 f21=0x00000000
           3910	      1951	00101098	d1492e07	flw	f28,-748(x18)	 f18:0x00102000 f28=0x00000000 PA:0x00101d14 store:0x427c0000
           3912	      1952	0010109c	001a0093	addi	x1,x20,1	 x20:0x00000041  x1=0x00000042
           3914	      1953	001010a0	d1c4ae87	flw	f29,-740(x9)	  f9:0x00102000 f29=0x00000000 PA:0x00101d1c store:0x3f7d1f60
           3916	      1954	001010a4	e14aff43	fmadd.s	f30,f21,f20,f28	 f21:0x00000000 f20:0x00000041 f28:0x00000000 f30=0x00000000
           3918	      1955	001010a8	d1842f87	flw	f31,-744(x8)	  f8:0x00102000 f31=0x00000000 PA:0x00101d18 store:0x00000000
           3920	      1956	001010ac	d000f053	fcvt.s.w	f0,x1	  x1:0x00000042  f0=0x00000000
           3924	      1958	001010b0	d1842087	flw	f1,-744(x8)	  f8:0x00102000  f1=0x00000000 PA:0x00101d18 store:0x00000000
           3926	      1959	001010b4	01fef153	fadd.s	f2,f29,f31	 f29:0x00000030 f31:0xb4000000  f2=0x00000000
           3928	      1960	001010b8	d1e92a27	fsw	f30,-748(x18)	 f18:0x00102000 f30:0x00020000 PA:0x00101d14 store:0x45048e3d load:0x3f7d1f60
           3934	      1963	001010bc	d1492707	flw	f14,-748(x18)	 f18:0x00102000 f14=0x00000000 PA:0x00101d14 store:0x3f7d1f60
           3936	      1964	001010c0	002a0593	addi	x11,x20,2	 x20:0x00000041 x11=0x00000043
           3938	      1965	001010c4	d005f7d3	fcvt.s.w	f15,x11	 x11:0x00000043 f15=0x00000000
           3940	      1966	001010c8	701071c3	fmadd.s	f3,f0,f1,f14	  f0:0x00000000  f1:0x00000042 f14:0x00000000  f3=0x00000000
           3942	      1967	001010cc	d024ae27	fsw	f2,-740(x9)	  f9:0x00102000  f2:0x00137fa0 PA:0x00000000
           3948	      1970	001010d0	d1c4a207	flw	f4,-740(x9)	  f9:0x00102000  f4=0x00000000 PA:0x00101d1c store:0x450089ee
           3950	      1971	001010d4	d1842587	flw	f11,-744(x8)	  f8:0x00102000 f11=0x00000000 PA:0x00000000
           3958	      1975	001010d8	d1842607	flw	f12,-744(x8)	  f8:0x00102000 f12=0x00000000 PA:0x00101d18 store:0x00000000
           3962	      1977	001010dc	d0392a27	fsw	f3,-748(x18)	 f18:0x00102000  f3:0x00000000 PA:0x00101d14 store:0x4508a25e load:0x3f7d1f60
           3970	      1981	001010e0	d1492287	flw	f5,-748(x18)	 f18:0x00102000  f5=0x00000000 PA:0x00101d14 store:0x3f7d1f60
           3972	      1982	001010e4	00b276d3	fadd.s	f13,f4,f11	  f4:0x00000000 f11:0x00000043 f13=0x00000000
           3976	      1984	001010e8	003a0613	addi	x12,x20,3	 x20:0x00000041 x12=0x00000044
           3978	      1985	001010ec	28c7f343	fmadd.s	f6,f15,f12,f5	 f15:0x0000000b f12:0x00000044  f5:0x0000000b  f6=0x00000000
           3980	      1986	001010f0	d00673d3	fcvt.s.w	f7,x12	 x12:0x00000044  f7=0x00000000
           3982	      1987	001010f4	004a0813	addi	x16,x20,4	 x20:0x00000041 x16=0x00000045
           3984	      1988	001010f8	d0d4ae27	fsw	f13,-740(x9)	  f9:0x00102000 f13:0x0000000d PA:0x00101d1c store:0x44265755 load:0x4508a25e
           3988	      1990	001010fc	d1c4a407	flw	f8,-740(x9)	  f9:0x00102000  f8=0x00000000 PA:0x00101d1c store:0x450089ee
           3990	      1991	00101100	d0692a27	fsw	f6,-748(x18)	 f18:0x00102000  f6:0x00000001 PA:0x00000000
           3998	      1995	00101104	d1842487	flw	f9,-744(x8)	  f8:0x00102000  f9=0x00000000 PA:0x00101d18 store:0x00000000
           4002	      1997	00101108	d1842507	flw	f10,-744(x8)	  f8:0x00102000 f10=0x00000000 PA:0x00101d18 store:0x00000000
           4006	      1999	0010110c	d1492807	flw	f16,-748(x18)	 f18:0x00102000 f16=0x00000000 PA:0x00101d14 store:0x3f7d1f60
           4008	      2000	00101110	009478d3	fadd.s	f17,f8,f9	  f8:0x00102000  f9:0x00102000 f17=0x00000000
           4010	      2001	00101114	d0087953	fcvt.s.w	f18,x16	 x16:0x00000045 f18=0x00000000
           4012	      2002	00101118	80a3f9c3	fmadd.s	f19,f7,f10,f16	  f7:0x00000064 f10:0x00000004 f16:0x00000064 f19=0x00000000
           4016	      2004	0010111c	005a0893	addi	x17,x20,5	 x20:0x00000041 x17=0x00000046
           4018	      2005	00101120	d008fa53	fcvt.s.w	f20,x17	 x17:0x00000046 f20=0x00000000
           4020	      2006	00101124	d114ae27	fsw	f17,-740(x9)	  f9:0x00102000 f17:0x00000046 PA:0x00101d1c store:0x4426969d load:0x450cc651
           4024	      2008	00101128	d1c4aa87	flw	f21,-740(x9)	  f9:0x00102000 f21=0x00000000 PA:0x00101d1c store:0x450089ee
           4026	      2009	0010112c	d1392a27	fsw	f19,-748(x18)	 f18:0x00102000 f19:0x00000040 PA:0x00000000
           4034	      2013	00101130	d1842e07	flw	f28,-744(x8)	  f8:0x00102000 f28=0x00000000 PA:0x00101d18 store:0x00000000
           4038	      2015	00101134	d1842e87	flw	f29,-744(x8)	  f8:0x00102000 f29=0x00000000 PA:0x00101d18 store:0x00000000
           4042	      2017	00101138	d1492f07	flw	f30,-748(x18)	 f18:0x00102000 f30=0x00000000 PA:0x00101d14 store:0x428c0000
           4044	      2018	0010113c	01caffd3	fadd.s	f31,f21,f28	 f21:0x00000000 f28:0x00020000 f31=0x00000000
           4048	      2020	00101140	006a0993	addi	x19,x20,6	 x20:0x00000041 x19=0x00000047
           4050	      2021	00101144	f1d97043	fmadd.s	f0,f18,f29,f30	 f18:0x00102000 f29:0x00000030 f30:0x00102000  f0=0x00000000
           4052	      2022	00101148	d009f0d3	fcvt.s.w	f1,x19	 x19:0x00000047  f1=0x00000000
           4054	      2023	0010114c	007a0a13	addi	x20,x20,7	 x20:0x00000041 x20=0x00000048
           4056	      2024	00101150	d1f4ae27	fsw	f31,-740(x9)	  f9:0x00102000 f31:0xb4000000 PA:0x00101d1c store:0x4426d5e5 load:0x4510fa16
           4060	      2026	00101154	d1c4a107	flw	f2,-740(x9)	  f9:0x00102000  f2=0x00000000 PA:0x00101d1c store:0x3f7d1f60
           4062	      2027	00101158	d0092a27	fsw	f0,-748(x18)	 f18:0x00102000  f0:0x00000000 PA:0x00000000
           4070	      2031	0010115c	d1842707	flw	f14,-744(x8)	  f8:0x00102000 f14=0x00000000 PA:0x00101d18 store:0x00000000
           4074	      2033	00101160	d1842787	flw	f15,-744(x8)	  f8:0x00102000 f15=0x00000000 PA:0x00101d18 store:0x00000000
           4078	      2035	00101164	d1492187	flw	f3,-748(x18)	 f18:0x00102000  f3=0x00000000 PA:0x00101d14 store:0x428c0000
           4080	      2036	00101168	00e17253	fadd.s	f4,f2,f14	  f2:0x00137fa0 f14:0x00000009  f4=0x00000000
           4084	      2038	0010116c	18fa75c3	fmadd.s	f11,f20,f15,f3	 f20:0x00000048 f15:0x0000000b  f3:0x00000000 f11=0x00000000
           4088	      2040	00101170	d044ae27	fsw	f4,-740(x9)	  f9:0x00102000  f4:0x00000000 PA:0x00101d1c store:0x4427152d load:0x45153dad
           4092	      2042	00101174	d0b92a27	fsw	f11,-748(x18)	 f18:0x00102000 f11:0x00000043 PA:0x00101d14 store:0x45199116 load:0x45153dad
           4096	      2044	00101178	d1c4a287	flw	f5,-740(x9)	  f9:0x00102000  f5=0x00000000 PA:0x00101d1c store:0x3f7d1f60
           4100	      2046	0010117c	d1842307	flw	f6,-744(x8)	  f8:0x00102000  f6=0x00000000 PA:0x00101d18 store:0x00000000
           4104	      2048	00101180	d1842607	flw	f12,-744(x8)	  f8:0x00102000 f12=0x00000000 PA:0x00101d18 store:0x00000000
           4108	      2050	00101184	d1492687	flw	f13,-748(x18)	 f18:0x00102000 f13=0x00000000 PA:0x00101d14 store:0x428c0000
           4110	      2051	00101188	0062f3d3	fadd.s	f7,f5,f6	  f5:0x00000042  f6:0x00000001  f7=0x00000000
           4114	      2053	0010118c	68c0f443	fmadd.s	f8,f1,f12,f13	  f1:0x00000042 f12:0x00000044 f13:0x0000000d  f8=0x00000000
           4118	      2055	00101190	d074ae27	fsw	f7,-740(x9)	  f9:0x00102000  f7:0x00000064 PA:0x00101d1c store:0x44275475 load:0x45199116
           4126	      2059	00101194	d1c4a487	flw	f9,-740(x9)	  f9:0x00102000  f9=0x00000000 PA:0x00101d1c store:0x3f7d1f60
           4130	      2061	00101198	d1842507	flw	f10,-744(x8)	  f8:0x00102000 f10=0x00000000 PA:0x00101d18 store:0x00000000
           4134	      2063	0010119c	d0892a27	fsw	f8,-748(x18)	 f18:0x00102000  f8:0x00102000 PA:0x00101d14 store:0x451df451 load:0x3f7d1f60
           4136	      2064	001011a0	00a4f853	fadd.s	f16,f9,f10	  f9:0x00102000 f10:0x00000004 f16=0x00000000
           4144	      2068	001011a4	d104ae27	fsw	f16,-740(x9)	  f9:0x00102000 f16:0x00000045 PA:0x00101d1c store:0x442793bd load:0x3f7d1f60
           4154	      2073	001011a8	ee7a14e3	bne	x20,x7,101090	 x20:0x00000048  x7:0x00000064
           4156	      2074	00101090	d1842a07	flw	f20,-744(x8)	  f8:0x00102000 f20=0x00000000 PA:0x00101d18 store:0x00000000
           4158	      2075	00101094	d00a7ad3	fcvt.s.w	f21,x20	 x20:0x00000048 f21=0x00000000
           4160	      2076	00101098	d1492e07	flw	f28,-748(x18)	 f18:0x00102000 f28=0x00000000 PA:0x00101d14 store:0x428c0000
           4162	      2077	0010109c	001a0093	addi	x1,x20,1	 x20:0x00000048  x1=0x00000049
           4164	      2078	001010a0	d1c4ae87	flw	f29,-740(x9)	  f9:0x00102000 f29=0x00000000 PA:0x00101d1c store:0x3f7d1f60
           4166	      2079	001010a4	e14aff43	fmadd.s	f30,f21,f20,f28	 f21:0x00000000 f20:0x00000048 f28:0x00000000 f30=0x00000000
           4168	      2080	001010a8	d1842f87	flw	f31,-744(x8)	  f8:0x00102000 f31=0x00000000 PA:0x00101d18 store:0x00000000
           4170	      2081	001010ac	d000f053	fcvt.s.w	f0,x1	  x1:0x00000049  f0=0x00000000
           4174	      2083	001010b0	d1842087	flw	f1,-744(x8)	  f8:0x00102000  f1=0x00000000 PA:0x00101d18 store:0x00000000
           4176	      2084	001010b4	01fef153	fadd.s	f2,f29,f31	 f29:0x00000030 f31:0xb4000000  f2=0x00000000
           4178	      2085	001010b8	d1e92a27	fsw	f30,-748(x18)	 f18:0x00102000 f30:0x00020000 PA:0x00101d14 store:0x4522675e load:0x3f7d1f60
           4184	      2088	001010bc	d1492707	flw	f14,-748(x18)	 f18:0x00102000 f14=0x00000000 PA:0x00101d14 store:0x3f7d1f60
           4186	      2089	001010c0	002a0593	addi	x11,x20,2	 x20:0x00000048 x11=0x0000004a
           4188	      2090	001010c4	d005f7d3	fcvt.s.w	f15,x11	 x11:0x0000004a f15=0x00000000
           4190	      2091	001010c8	701071c3	fmadd.s	f3,f0,f1,f14	  f0:0x00000000  f1:0x00000049 f14:0x00000000  f3=0x00000000
           4192	      2092	001010cc	d024ae27	fsw	f2,-740(x9)	  f9:0x00102000  f2:0x00137fa0 PA:0x00000000
           4198	      2095	001010d0	d1c4a207	flw	f4,-740(x9)	  f9:0x00102000  f4=0x00000000 PA:0x00101d1c store:0x451df451
           4200	      2096	001010d4	d1842587	flw	f11,-744(x8)	  f8:0x00102000 f11=0x00000000 PA:0x00000000
           4208	      2100	001010d8	d1842607	flw	f12,-744(x8)	  f8:0x00102000 f12=0x00000000 PA:0x00101d18 store:0x00000000
           4212	      2102	001010dc	d0392a27	fsw	f3,-748(x18)	 f18:0x00102000  f3:0x00000000 PA:0x00101d14 store:0x4526ea3d load:0x3f7d1f60
           4220	      2106	001010e0	d1492287	flw	f5,-748(x18)	 f18:0x00102000  f5=0x00000000 PA:0x00101d14 store:0x3f7d1f60
           4222	      2107	001010e4	00b276d3	fadd.s	f13,f4,f11	  f4:0x00000000 f11:0x0000004a f13=0x00000000
           4226	      2109	001010e8	003a0613	addi	x12,x20,3	 x20:0x00000048 x12=0x0000004b
           4228	      2110	001010ec	28c7f343	fmadd.s	f6,f15,f12,f5	 f15:0x0000000b f12:0x0000004b  f5:0x0000000b  f6=0x00000000
           4230	      2111	001010f0	d00673d3	fcvt.s.w	f7,x12	 x12:0x0000004b  f7=0x00000000
           4232	      2112	001010f4	004a0813	addi	x16,x20,4	 x20:0x00000048 x16=0x0000004c
           4234	      2113	001010f8	d0d4ae27	fsw	f13,-740(x9)	  f9:0x00102000 f13:0x0000000d PA:0x00101d1c store:0x4428124d load:0x4526ea3d
           4238	      2115	001010fc	d1c4a407	flw	f8,-740(x9)	  f9:0x00102000  f8=0x00000000 PA:0x00101d1c store:0x451df451
           4240	      2116	00101100	d0692a27	fsw	f6,-748(x18)	 f18:0x00102000  f6:0x00000001 PA:0x00000000
           4248	      2120	00101104	d1842487	flw	f9,-744(x8)	  f8:0x00102000  f9=0x00000000 PA:0x00101d18 store:0x00000000
           4252	      2122	00101108	d1842507	flw	f10,-744(x8)	  f8:0x00102000 f10=0x00000000 PA:0x00101d18 store:0x00000000
           4256	      2124	0010110c	d1492807	flw	f16,-748(x18)	 f18:0x00102000 f16=0x00000000 PA:0x00101d14 store:0x3f7d1f60
           4258	      2125	00101110	009478d3	fadd.s	f17,f8,f9	  f8:0x00102000  f9:0x00102000 f17=0x00000000
           4260	      2126	00101114	d0087953	fcvt.s.w	f18,x16	 x16:0x0000004c f18=0x00000000
           4262	      2127	00101118	80a3f9c3	fmadd.s	f19,f7,f10,f16	  f7:0x00000064 f10:0x00000004 f16:0x00000064 f19=0x00000000
           4266	      2129	0010111c	005a0893	addi	x17,x20,5	 x20:0x00000048 x17=0x0000004d
           4268	      2130	00101120	d008fa53	fcvt.s.w	f20,x17	 x17:0x0000004d f20=0x00000000
           4270	      2131	00101124	d114ae27	fsw	f17,-740(x9)	  f9:0x00102000 f17:0x0000004d PA:0x00101d1c store:0x44285195 load:0x452b7cee
           4274	      2133	00101128	d1c4aa87	flw	f21,-740(x9)	  f9:0x00102000 f21=0x00000000 PA:0x00101d1c store:0x451df451
           4276	      2134	0010112c	d1392a27	fsw	f19,-748(x18)	 f18:0x00102000 f19:0x00000047 PA:0x00000000
           4284	      2138	00101130	d1842e07	flw	f28,-744(x8)	  f8:0x00102000 f28=0x00000000 PA:0x00101d18 store:0x00000000
           4288	      2140	00101134	d1842e87	flw	f29,-744(x8)	  f8:0x00102000 f29=0x00000000 PA:0x00101d18 store:0x00000000
           4292	      2142	00101138	d1492f07	flw	f30,-748(x18)	 f18:0x00102000 f30=0x00000000 PA:0x00101d14 store:0x429a0000
           4294	      2143	0010113c	01caffd3	fadd.s	f31,f21,f28	 f21:0x00000000 f28:0x00020000 f31=0x00000000
           4298	      2145	00101140	006a0993	addi	x19,x20,6	 x20:0x00000048 x19=0x0000004e
           4300	      2146	00101144	f1d97043	fmadd.s	f0,f18,f29,f30	 f18:0x00102000 f29:0x00000030 f30:0x00102000  f0=0x00000000
           4302	      2147	00101148	d009f0d3	fcvt.s.w	f1,x19	 x19:0x0000004e  f1=0x00000000
           4304	      2148	0010114c	007a0a13	addi	x20,x20,7	 x20:0x00000048 x20=0x0000004f
           4306	      2149	00101150	d1f4ae27	fsw	f31,-740(x9)	  f9:0x00102000 f31:0xb4000000 PA:0x00101d1c store:0x442890dd load:0x45301f71
           4310	      2151	00101154	d1c4a107	flw	f2,-740(x9)	  f9:0x00102000  f2=0x00000000 PA:0x00101d1c store:0x3f7d1f60
           4312	      2152	00101158	d0092a27	fsw	f0,-748(x18)	 f18:0x00102000  f0:0x00000000 PA:0x00000000
           4320	      2156	0010115c	d1842707	flw	f14,-744(x8)	  f8:0x00102000 f14=0x00000000 PA:0x00101d18 store:0x00000000
           4324	      2158	00101160	d1842787	flw	f15,-744(x8)	  f8:0x00102000 f15=0x00000000 PA:0x00101d18 store:0x00000000
           4328	      2160	00101164	d1492187	flw	f3,-748(x18)	 f18:0x00102000  f3=0x00000000 PA:0x00101d14 store:0x429a0000
           4330	      2161	00101168	00e17253	fadd.s	f4,f2,f14	  f2:0x00137fa0 f14:0x00000009  f4=0x00000000
           4334	      2163	0010116c	18fa75c3	fmadd.s	f11,f20,f15,f3	 f20:0x0000004f f15:0x0000000b  f3:0x00000000 f11=0x00000000
           4338	      2165	00101170	d044ae27	fsw	f4,-740(x9)	  f9:0x00102000  f4:0x00000000 PA:0x00101d1c store:0x4428d025 load:0x4534d1c6
           4342	      2167	00101174	d0b92a27	fsw	f11,-748(x18)	 f18:0x00102000 f11:0x0000004a PA:0x00101d14 store:0x453993ed load:0x4534d1c6
           4346	      2169	00101178	d1c4a287	flw	f5,-740(x9)	  f9:0x00102000  f5=0x00000000 PA:0x00101d1c store:0x3f7d1f60
           4350	      2171	0010117c	d1842307	flw	f6,-744(x8)	  f8:0x00102000  f6=0x00000000 PA:0x00101d18 store:0x00000000
           4354	      2173	00101180	d1842607	flw	f12,-744(x8)	  f8:0x00102000 f12=0x00000000 PA:0x00101d18 store:0x00000000
           4358	      2175	00101184	d1492687	flw	f13,-748(x18)	 f18:0x00102000 f13=0x00000000 PA:0x00101d14 store:0x429a0000
           4360	      2176	00101188	0062f3d3	fadd.s	f7,f5,f6	  f5:0x00000042  f6:0x00000001  f7=0x00000000
           4364	      2178	0010118c	68c0f443	fmadd.s	f8,f1,f12,f13	  f1:0x00000049 f12:0x0000004b f13:0x0000000d  f8=0x00000000
           4368	      2180	00101190	d074ae27	fsw	f7,-740(x9)	  f9:0x00102000  f7:0x00000064 PA:0x00101d1c store:0x44290f6d load:0x453993ed
           4376	      2184	00101194	d1c4a487	flw	f9,-740(x9)	  f9:0x00102000  f9=0x00000000 PA:0x00101d1c store:0x3f7d1f60
           4380	      2186	00101198	d1842507	flw	f10,-744(x8)	  f8:0x00102000 f10=0x00000000 PA:0x00101d18 store:0x00000000
           4384	      2188	0010119c	d0892a27	fsw	f8,-748(x18)	 f18:0x00102000  f8:0x00102000 PA:0x00101d14 store:0x453e65e6 load:0x3f7d1f60
           4386	      2189	001011a0	00a4f853	fadd.s	f16,f9,f10	  f9:0x00102000 f10:0x00000004 f16=0x00000000
           4394	      2193	001011a4	d104ae27	fsw	f16,-740(x9)	  f9:0x00102000 f16:0x0000004c PA:0x00101d1c store:0x44294eb5 load:0x3f7d1f60
           4404	      2198	001011a8	ee7a14e3	bne	x20,x7,101090	 x20:0x0000004f  x7:0x00000064
           4406	      2199	00101090	d1842a07	flw	f20,-744(x8)	  f8:0x00102000 f20=0x00000000 PA:0x00101d18 store:0x00000000
           4408	      2200	00101094	d00a7ad3	fcvt.s.w	f21,x20	 x20:0x0000004f f21=0x00000000
           4410	      2201	00101098	d1492e07	flw	f28,-748(x18)	 f18:0x00102000 f28=0x00000000 PA:0x00101d14 store:0x429a0000
           4412	      2202	0010109c	001a0093	addi	x1,x20,1	 x20:0x0000004f  x1=0x00000050
           4414	      2203	001010a0	d1c4ae87	flw	f29,-740(x9)	  f9:0x00102000 f29=0x00000000 PA:0x00101d1c store:0x3f7d1f60
           4416	      2204	001010a4	e14aff43	fmadd.s	f30,f21,f20,f28	 f21:0x00000000 f20:0x0000004f f28:0x00000000 f30=0x00000000
           4418	      2205	001010a8	d1842f87	flw	f31,-744(x8)	  f8:0x00102000 f31=0x00000000 PA:0x00101d18 store:0x00000000
           4420	      2206	001010ac	d000f053	fcvt.s.w	f0,x1	  x1:0x00000050  f0=0x00000000
           4424	      2208	001010b0	d1842087	flw	f1,-744(x8)	  f8:0x00102000  f1=0x00000000 PA:0x00101d18 store:0x00000000
           4426	      2209	001010b4	01fef153	fadd.s	f2,f29,f31	 f29:0x00000030 f31:0xb4000000  f2=0x00000000
           4428	      2210	001010b8	d1e92a27	fsw	f30,-748(x18)	 f18:0x00102000 f30:0x00020000 PA:0x00101d14 store:0x454347b1 load:0x3f7d1f60
           4434	      2213	001010bc	d1492707	flw	f14,-748(x18)	 f18:0x00102000 f14=0x00000000 PA:0x00101d14 store:0x3f7d1f60
           4436	      2214	001010c0	002a0593	addi	x11,x20,2	 x20:0x0000004f x11=0x00000051
           4438	      2215	001010c4	d005f7d3	fcvt.s.w	f15,x11	 x11:0x00000051 f15=0x00000000
           4440	      2216	001010c8	701071c3	fmadd.s	f3,f0,f1,f14	  f0:0x00000000  f1:0x00000050 f14:0x00000000  f3=0x00000000
           4442	      2217	001010cc	d024ae27	fsw	f2,-740(x9)	  f9:0x00102000  f2:0x00137fa0 PA:0x00000000
           4448	      2220	001010d0	d1c4a207	flw	f4,-740(x9)	  f9:0x00102000  f4=0x00000000 PA:0x00101d1c store:0x453e65e6
           4450	      2221	001010d4	d1842587	flw	f11,-744(x8)	  f8:0x00102000 f11=0x00000000 PA:0x00000000
           4458	      2225	001010d8	d1842607	flw	f12,-744(x8)	  f8:0x00102000 f12=0x00000000 PA:0x00101d18 store:0x00000000
           4462	      2227	001010dc	d0392a27	fsw	f3,-748(x18)	 f18:0x00102000  f3:0x00000000 PA:0x00101d14 store:0x4548394e load:0x3f7d1f60
           4470	      2231	001010e0	d1492287	flw	f5,-748(x18)	 f18:0x00102000  f5=0x00000000 PA:0x00101d14 store:0x3f7d1f60
           4472	      2232	001010e4	00b276d3	fadd.s	f13,f4,f11	  f4:0x00000000 f11:0x00000051 f13=0x00000000
           4476	      2234	001010e8	003a0613	addi	x12,x20,3	 x20:0x0000004f x12=0x00000052
           4478	      2235	001010ec	28c7f343	fmadd.s	f6,f15,f12,f5	 f15:0x0000000b f12:0x00000052  f5:0x0000000b  f6=0x00000000
           4480	      2236	001010f0	d00673d3	fcvt.s.w	f7,x12	 x12:0x00000052  f7=0x00000000
           4482	      2237	001010f4	004a0813	addi	x16,x20,4	 x20:0x0000004f x16=0x00000053
           4484	      2238	001010f8	d0d4ae27	fsw	f13,-740(x9)	  f9:0x00102000 f13:0x0000000d PA:0x00101d1c store:0x4429cd45 load:0x4548394e
           4488	      2240	001010fc	d1c4a407	flw	f8,-740(x9)	  f9:0x00102000  f8=0x00000000 PA:0x00101d1c store:0x453e65e6
           4490	      2241	00101100	d0692a27	fsw	f6,-748(x18)	 f18:0x00102000  f6:0x00000001 PA:0x00000000
           4498	      2245	00101104	d1842487	flw	f9,-744(x8)	  f8:0x00102000  f9=0x00000000 PA:0x00101d18 store:0x00000000
           4502	      2247	00101108	d1842507	flw	f10,-744(x8)	  f8:0x00102000 f10=0x00000000 PA:0x00101d18 store:0x00000000
           4506	      2249	0010110c	d1492807	flw	f16,-748(x18)	 f18:0x00102000 f16=0x00000000 PA:0x00101d14 store:0x3f7d1f60
           4508	      2250	00101110	009478d3	fadd.s	f17,f8,f9	  f8:0x00102000  f9:0x00102000 f17=0x00000000
           4510	      2251	00101114	d0087953	fcvt.s.w	f18,x16	 x16:0x00000053 f18=0x00000000
           4512	      2252	00101118	80a3f9c3	fmadd.s	f19,f7,f10,f16	  f7:0x00000064 f10:0x00000004 f16:0x00000064 f19=0x00000000
           4516	      2254	0010111c	005a0893	addi	x17,x20,5	 x20:0x0000004f x17=0x00000054
           4518	      2255	00101120	d008fa53	fcvt.s.w	f20,x17	 x17:0x00000054 f20=0x00000000
           4520	      2256	00101124	d114ae27	fsw	f17,-740(x9)	  f9:0x00102000 f17:0x00000054 PA:0x00101d1c store:0x442a0c8d load:0x454d3abd
           4524	      2258	00101128	d1c4aa87	flw	f21,-740(x9)	  f9:0x00102000 f21=0x00000000 PA:0x00101d1c store:0x453e65e6
           4526	      2259	0010112c	d1392a27	fsw	f19,-748(x18)	 f18:0x00102000 f19:0x0000004e PA:0x00000000
           4534	      2263	00101130	d1842e07	flw	f28,-744(x8)	  f8:0x00102000 f28=0x00000000 PA:0x00101d18 store:0x00000000
           4538	      2265	00101134	d1842e87	flw	f29,-744(x8)	  f8:0x00102000 f29=0x00000000 PA:0x00101d18 store:0x00000000
           4542	      2267	00101138	d1492f07	flw	f30,-748(x18)	 f18:0x00102000 f30=0x00000000 PA:0x00101d14 store:0x42a80000
           4544	      2268	0010113c	01caffd3	fadd.s	f31,f21,f28	 f21:0x00000000 f28:0x00020000 f31=0x00000000
           4548	      2270	00101140	006a0993	addi	x19,x20,6	 x20:0x0000004f x19=0x00000055
           4550	      2271	00101144	f1d97043	fmadd.s	f0,f18,f29,f30	 f18:0x00102000 f29:0x00000030 f30:0x00102000  f0=0x00000000
           4552	      2272	00101148	d009f0d3	fcvt.s.w	f1,x19	 x19:0x00000055  f1=0x00000000
           4554	      2273	0010114c	007a0a13	addi	x20,x20,7	 x20:0x0000004f x20=0x00000056
           4556	      2274	00101150	d1f4ae27	fsw	f31,-740(x9)	  f9:0x00102000 f31:0xb4000000 PA:0x00101d1c store:0x442a4bd5 load:0x45524bfe
           4560	      2276	00101154	d1c4a107	flw	f2,-740(x9)	  f9:0x00102000  f2=0x00000000 PA:0x00101d1c store:0x3f7d1f60
           4562	      2277	00101158	d0092a27	fsw	f0,-748(x18)	 f18:0x00102000  f0:0x00000000 PA:0x00000000
           4570	      2281	0010115c	d1842707	flw	f14,-744(x8)	  f8:0x00102000 f14=0x00000000 PA:0x00101d18 store:0x00000000
           4574	      2283	00101160	d1842787	flw	f15,-744(x8)	  f8:0x00102000 f15=0x00000000 PA:0x00101d18 store:0x00000000
           4578	      2285	00101164	d1492187	flw	f3,-748(x18)	 f18:0x00102000  f3=0x00000000 PA:0x00101d14 store:0x42a80000
           4580	      2286	00101168	00e17253	fadd.s	f4,f2,f14	  f2:0x00137fa0 f14:0x00000009  f4=0x00000000
           4584	      2288	0010116c	18fa75c3	fmadd.s	f11,f20,f15,f3	 f20:0x00000056 f15:0x0000000b  f3:0x00000000 f11=0x00000000
           4588	      2290	00101170	d044ae27	fsw	f4,-740(x9)	  f9:0x00102000  f4:0x00000000 PA:0x00101d1c store:0x442a8b1d load:0x45576d11
           4592	      2292	00101174	d0b92a27	fsw	f11,-748(x18)	 f18:0x00102000 f11:0x00000051 PA:0x00101d14 store:0x455c9df6 load:0x45576d11
           4596	      2294	00101178	d1c4a287	flw	f5,-740(x9)	  f9:0x00102000  f5=0x00000000 PA:0x00101d1c store:0x3f7d1f60
           4600	      2296	0010117c	d1842307	flw	f6,-744(x8)	  f8:0x00102000  f6=0x00000000 PA:0x00101d18 store:0x00000000
           4604	      2298	00101180	d1842607	flw	f12,-744(x8)	  f8:0x00102000 f12=0x00000000 PA:0x00101d18 store:0x00000000
           4608	      2300	00101184	d1492687	flw	f13,-748(x18)	 f18:0x00102000 f13=0x00000000 PA:0x00101d14 store:0x42a80000
           4610	      2301	00101188	0062f3d3	fadd.s	f7,f5,f6	  f5:0x00000042  f6:0x00000001  f7=0x00000000
           4614	      2303	0010118c	68c0f443	fmadd.s	f8,f1,f12,f13	  f1:0x00000050 f12:0x00000052 f13:0x0000000d  f8=0x00000000
           4618	      2305	00101190	d074ae27	fsw	f7,-740(x9)	  f9:0x00102000  f7:0x00000064 PA:0x00101d1c store:0x442aca65 load:0x455c9df6
           4626	      2309	00101194	d1c4a487	flw	f9,-740(x9)	  f9:0x00102000  f9=0x00000000 PA:0x00101d1c store:0x3f7d1f60
           4630	      2311	00101198	d1842507	flw	f10,-744(x8)	  f8:0x00102000 f10=0x00000000 PA:0x00101d18 store:0x00000000
           4634	      2313	0010119c	d0892a27	fsw	f8,-748(x18)	 f18:0x00102000  f8:0x00102000 PA:0x00101d14 store:0x4561dead load:0x3f7d1f60
           4636	      2314	001011a0	00a4f853	fadd.s	f16,f9,f10	  f9:0x00102000 f10:0x00000004 f16=0x00000000
           4644	      2318	001011a4	d104ae27	fsw	f16,-740(x9)	  f9:0x00102000 f16:0x00000053 PA:0x00101d1c store:0x442b09ad load:0x3f7d1f60
           4654	      2323	001011a8	ee7a14e3	bne	x20,x7,101090	 x20:0x00000056  x7:0x00000064
           4656	      2324	00101090	d1842a07	flw	f20,-744(x8)	  f8:0x00102000 f20=0x00000000 PA:0x00101d18 store:0x00000000
           4658	      2325	00101094	d00a7ad3	fcvt.s.w	f21,x20	 x20:0x00000056 f21=0x00000000
           4660	      2326	00101098	d1492e07	flw	f28,-748(x18)	 f18:0x00102000 f28=0x00000000 PA:0x00101d14 store:0x42a80000
           4662	      2327	0010109c	001a0093	addi	x1,x20,1	 x20:0x00000056  x1=0x00000057
           4664	      2328	001010a0	d1c4ae87	flw	f29,-740(x9)	  f9:0x00102000 f29=0x00000000 PA:0x00101d1c store:0x3f7d1f60
           4666	      2329	001010a4	e14aff43	fmadd.s	f30,f21,f20,f28	 f21:0x00000000 f20:0x00000056 f28:0x00000000 f30=0x00000000
           4668	      2330	001010a8	d1842f87	flw	f31,-744(x8)	  f8:0x00102000 f31=0x00000000 PA:0x00101d18 store:0x00000000
           4670	      2331	001010ac	d000f053	fcvt.s.w	f0,x1	  x1:0x00000057  f0=0x00000000
           4674	      2333	001010b0	d1842087	flw	f1,-744(x8)	  f8:0x00102000  f1=0x00000000 PA:0x00101d18 store:0x00000000
           4676	      2334	001010b4	01fef153	fadd.s	f2,f29,f31	 f29:0x00000030 f31:0xb4000000  f2=0x00000000
           4678	      2335	001010b8	d1e92a27	fsw	f30,-748(x18)	 f18:0x00102000 f30:0x00020000 PA:0x00101d14 store:0x45672f36 load:0x3f7d1f60
           4684	      2338	001010bc	d1492707	flw	f14,-748(x18)	 f18:0x00102000 f14=0x00000000 PA:0x00101d14 store:0x3f7d1f60
           4686	      2339	001010c0	002a0593	addi	x11,x20,2	 x20:0x00000056 x11=0x00000058
           4688	      2340	001010c4	d005f7d3	fcvt.s.w	f15,x11	 x11:0x00000058 f15=0x00000000
           4690	      2341	001010c8	701071c3	fmadd.s	f3,f0,f1,f14	  f0:0x00000000  f1:0x00000057 f14:0x00000000  f3=0x00000000
           4692	      2342	001010cc	d024ae27	fsw	f2,-740(x9)	  f9:0x00102000  f2:0x00137fa0 PA:0x00000000
           4698	      2345	001010d0	d1c4a207	flw	f4,-740(x9)	  f9:0x00102000  f4=0x00000000 PA:0x00101d1c store:0x4561dead
           4700	      2346	001010d4	d1842587	flw	f11,-744(x8)	  f8:0x00102000 f11=0x00000000 PA:0x00000000
           4708	      2350	001010d8	d1842607	flw	f12,-744(x8)	  f8:0x00102000 f12=0x00000000 PA:0x00101d18 store:0x00000000
           4712	      2352	001010dc	d0392a27	fsw	f3,-748(x18)	 f18:0x00102000  f3:0x00000000 PA:0x00101d14 store:0x456c8f91 load:0x3f7d1f60
           4720	      2356	001010e0	d1492287	flw	f5,-748(x18)	 f18:0x00102000  f5=0x00000000 PA:0x00101d14 store:0x3f7d1f60
           4722	      2357	001010e4	00b276d3	fadd.s	f13,f4,f11	  f4:0x00000000 f11:0x00000058 f13=0x00000000
           4726	      2359	001010e8	003a0613	addi	x12,x20,3	 x20:0x00000056 x12=0x00000059
           4728	      2360	001010ec	28c7f343	fmadd.s	f6,f15,f12,f5	 f15:0x0000000b f12:0x00000059  f5:0x0000000b  f6=0x00000000
           4730	      2361	001010f0	d00673d3	fcvt.s.w	f7,x12	 x12:0x00000059  f7=0x00000000
           4732	      2362	001010f4	004a0813	addi	x16,x20,4	 x20:0x00000056 x16=0x0000005a
           4734	      2363	001010f8	d0d4ae27	fsw	f13,-740(x9)	  f9:0x00102000 f13:0x0000000d PA:0x00101d1c store:0x442b883d load:0x456c8f91
           4738	      2365	001010fc	d1c4a407	flw	f8,-740(x9)	  f9:0x00102000  f8=0x00000000 PA:0x00101d1c store:0x4561dead
           4740	      2366	00101100	d0692a27	fsw	f6,-748(x18)	 f18:0x00102000  f6:0x00000001 PA:0x00000000
           4748	      2370	00101104	d1842487	flw	f9,-744(x8)	  f8:0x00102000  f9=0x00000000 PA:0x00101d18 store:0x00000000
           4752	      2372	00101108	d1842507	flw	f10,-744(x8)	  f8:0x00102000 f10=0x00000000 PA:0x00101d18 store:0x00000000
           4756	      2374	0010110c	d1492807	flw	f16,-748(x18)	 f18:0x00102000 f16=0x00000000 PA:0x00101d14 store:0x3f7d1f60
           4758	      2375	00101110	009478d3	fadd.s	f17,f8,f9	  f8:0x00102000  f9:0x00102000 f17=0x00000000
           4760	      2376	00101114	d0087953	fcvt.s.w	f18,x16	 x16:0x0000005a f18=0x00000000
           4762	      2377	00101118	80a3f9c3	fmadd.s	f19,f7,f10,f16	  f7:0x00000064 f10:0x00000004 f16:0x00000064 f19=0x00000000
           4766	      2379	0010111c	005a0893	addi	x17,x20,5	 x20:0x00000056 x17=0x0000005b
           4768	      2380	00101120	d008fa53	fcvt.s.w	f20,x17	 x17:0x0000005b f20=0x00000000
           4770	      2381	00101124	d114ae27	fsw	f17,-740(x9)	  f9:0x00102000 f17:0x0000005b PA:0x00101d1c store:0x442bc785 load:0x4571ffbe
           4774	      2383	00101128	d1c4aa87	flw	f21,-740(x9)	  f9:0x00102000 f21=0x00000000 PA:0x00101d1c store:0x4561dead
           4776	      2384	0010112c	d1392a27	fsw	f19,-748(x18)	 f18:0x00102000 f19:0x00000055 PA:0x00000000
           4784	      2388	00101130	d1842e07	flw	f28,-744(x8)	  f8:0x00102000 f28=0x00000000 PA:0x00101d18 store:0x00000000
           4788	      2390	00101134	d1842e87	flw	f29,-744(x8)	  f8:0x00102000 f29=0x00000000 PA:0x00101d18 store:0x00000000
           4792	      2392	00101138	d1492f07	flw	f30,-748(x18)	 f18:0x00102000 f30=0x00000000 PA:0x00101d14 store:0x42b60000
           4794	      2393	0010113c	01caffd3	fadd.s	f31,f21,f28	 f21:0x00000000 f28:0x00020000 f31=0x00000000
           4798	      2395	00101140	006a0993	addi	x19,x20,6	 x20:0x00000056 x19=0x0000005c
           4800	      2396	00101144	f1d97043	fmadd.s	f0,f18,f29,f30	 f18:0x00102000 f29:0x00000030 f30:0x00102000  f0=0x00000000
           4802	      2397	00101148	d009f0d3	fcvt.s.w	f1,x19	 x19:0x0000005c  f1=0x00000000
           4804	      2398	0010114c	007a0a13	addi	x20,x20,7	 x20:0x00000056 x20=0x0000005d
           4806	      2399	00101150	d1f4ae27	fsw	f31,-740(x9)	  f9:0x00102000 f31:0xb4000000 PA:0x00101d1c store:0x442c06cd load:0x45777fbd
           4810	      2401	00101154	d1c4a107	flw	f2,-740(x9)	  f9:0x00102000  f2=0x00000000 PA:0x00101d1c store:0x3f7d1f60
           4812	      2402	00101158	d0092a27	fsw	f0,-748(x18)	 f18:0x00102000  f0:0x00000000 PA:0x00000000
           4820	      2406	0010115c	d1842707	flw	f14,-744(x8)	  f8:0x00102000 f14=0x00000000 PA:0x00101d18 store:0x00000000
           4824	      2408	00101160	d1842787	flw	f15,-744(x8)	  f8:0x00102000 f15=0x00000000 PA:0x00101d18 store:0x00000000
           4828	      2410	00101164	d1492187	flw	f3,-748(x18)	 f18:0x00102000  f3=0x00000000 PA:0x00101d14 store:0x42b60000
           4830	      2411	00101168	00e17253	fadd.s	f4,f2,f14	  f2:0x00137fa0 f14:0x00000009  f4=0x00000000
           4834	      2413	0010116c	18fa75c3	fmadd.s	f11,f20,f15,f3	 f20:0x0000005d f15:0x0000000b  f3:0x00000000 f11=0x00000000
           4838	      2415	00101170	d044ae27	fsw	f4,-740(x9)	  f9:0x00102000  f4:0x00000000 PA:0x00101d1c store:0x442c4615 load:0x457d0f8d
           4842	      2417	00101174	d0b92a27	fsw	f11,-748(x18)	 f18:0x00102000 f11:0x00000058 PA:0x00101d14 store:0x45815798 load:0x457d0f8d
           4846	      2419	00101178	d1c4a287	flw	f5,-740(x9)	  f9:0x00102000  f5=0x00000000 PA:0x00101d1c store:0x3f7d1f60
           4850	      2421	0010117c	d1842307	flw	f6,-744(x8)	  f8:0x00102000  f6=0x00000000 PA:0x00101d18 store:0x00000000
           4854	      2423	00101180	d1842607	flw	f12,-744(x8)	  f8:0x00102000 f12=0x00000000 PA:0x00101d18 store:0x00000000
           4858	      2425	00101184	d1492687	flw	f13,-748(x18)	 f18:0x00102000 f13=0x00000000 PA:0x00101d14 store:0x42b60000
           4860	      2426	00101188	0062f3d3	fadd.s	f7,f5,f6	  f5:0x00000042  f6:0x00000001  f7=0x00000000
           4864	      2428	0010118c	68c0f443	fmadd.s	f8,f1,f12,f13	  f1:0x00000057 f12:0x00000059 f13:0x0000000d  f8=0x00000000
           4868	      2430	00101190	d074ae27	fsw	f7,-740(x9)	  f9:0x00102000  f7:0x00000064 PA:0x00101d1c store:0x442c855d load:0x45815798
           4876	      2434	00101194	d1c4a487	flw	f9,-740(x9)	  f9:0x00102000  f9=0x00000000 PA:0x00101d1c store:0x3f7d1f60
           4880	      2436	00101198	d1842507	flw	f10,-744(x8)	  f8:0x00102000 f10=0x00000000 PA:0x00101d18 store:0x00000000
           4884	      2438	0010119c	d0892a27	fsw	f8,-748(x18)	 f18:0x00102000  f8:0x00102000 PA:0x00101d14 store:0x45842f52 load:0x3f7d1f60
           4886	      2439	001011a0	00a4f853	fadd.s	f16,f9,f10	  f9:0x00102000 f10:0x00000004 f16=0x00000000
           4894	      2443	001011a4	d104ae27	fsw	f16,-740(x9)	  f9:0x00102000 f16:0x0000005a PA:0x00101d1c store:0x442cc4a5 load:0x3f7d1f60
           4904	      2448	001011a8	ee7a14e3	bne	x20,x7,101090	 x20:0x0000005d  x7:0x00000064
           4906	      2449	00101090	d1842a07	flw	f20,-744(x8)	  f8:0x00102000 f20=0x00000000 PA:0x00101d18 store:0x00000000
           4908	      2450	00101094	d00a7ad3	fcvt.s.w	f21,x20	 x20:0x0000005d f21=0x00000000
           4910	      2451	00101098	d1492e07	flw	f28,-748(x18)	 f18:0x00102000 f28=0x00000000 PA:0x00101d14 store:0x42b60000
           4912	      2452	0010109c	001a0093	addi	x1,x20,1	 x20:0x0000005d  x1=0x0000005e
           4914	      2453	001010a0	d1c4ae87	flw	f29,-740(x9)	  f9:0x00102000 f29=0x00000000 PA:0x00101d1c store:0x3f7d1f60
           4916	      2454	001010a4	e14aff43	fmadd.s	f30,f21,f20,f28	 f21:0x00000000 f20:0x0000005d f28:0x00000000 f30=0x00000000
           4918	      2455	001010a8	d1842f87	flw	f31,-744(x8)	  f8:0x00102000 f31=0x00000000 PA:0x00101d18 store:0x00000000
           4920	      2456	001010ac	d000f053	fcvt.s.w	f0,x1	  x1:0x0000005e  f0=0x00000000
           4924	      2458	001010b0	d1842087	flw	f1,-744(x8)	  f8:0x00102000  f1=0x00000000 PA:0x00101d18 store:0x00000000
           4926	      2459	001010b4	01fef153	fadd.s	f2,f29,f31	 f29:0x00000030 f31:0xb4000000  f2=0x00000000
           4928	      2460	001010b8	d1e92a27	fsw	f30,-748(x18)	 f18:0x00102000 f30:0x00020000 PA:0x00101d14 store:0x45870ef5 load:0x3f7d1f60
           4934	      2463	001010bc	d1492707	flw	f14,-748(x18)	 f18:0x00102000 f14=0x00000000 PA:0x00101d14 store:0x3f7d1f60
           4936	      2464	001010c0	002a0593	addi	x11,x20,2	 x20:0x0000005d x11=0x0000005f
           4938	      2465	001010c4	d005f7d3	fcvt.s.w	f15,x11	 x11:0x0000005f f15=0x00000000
           4940	      2466	001010c8	701071c3	fmadd.s	f3,f0,f1,f14	  f0:0x00000000  f1:0x0000005e f14:0x00000000  f3=0x00000000
           4942	      2467	001010cc	d024ae27	fsw	f2,-740(x9)	  f9:0x00102000  f2:0x00137fa0 PA:0x00000000
           4948	      2470	001010d0	d1c4a207	flw	f4,-740(x9)	  f9:0x00102000  f4=0x00000000 PA:0x00101d1c store:0x45842f52
           4950	      2471	001010d4	d1842587	flw	f11,-744(x8)	  f8:0x00102000 f11=0x00000000 PA:0x00000000
           4958	      2475	001010d8	d1842607	flw	f12,-744(x8)	  f8:0x00102000 f12=0x00000000 PA:0x00101d18 store:0x00000000
           4962	      2477	001010dc	d0392a27	fsw	f3,-748(x18)	 f18:0x00102000  f3:0x00000000 PA:0x00101d14 store:0x4589f681 load:0x3f7d1f60
           4970	      2481	001010e0	d1492287	flw	f5,-748(x18)	 f18:0x00102000  f5=0x00000000 PA:0x00101d14 store:0x3f7d1f60
           4972	      2482	001010e4	00b276d3	fadd.s	f13,f4,f11	  f4:0x00000000 f11:0x0000005f f13=0x00000000
           4976	      2484	001010e8	003a0613	addi	x12,x20,3	 x20:0x0000005d x12=0x00000060
           4978	      2485	001010ec	28c7f343	fmadd.s	f6,f15,f12,f5	 f15:0x0000000b f12:0x00000060  f5:0x0000000b  f6=0x00000000
           4980	      2486	001010f0	d00673d3	fcvt.s.w	f7,x12	 x12:0x00000060  f7=0x00000000
           4982	      2487	001010f4	004a0813	addi	x16,x20,4	 x20:0x0000005d x16=0x00000061
           4984	      2488	001010f8	d0d4ae27	fsw	f13,-740(x9)	  f9:0x00102000 f13:0x0000000d PA:0x00101d1c store:0x442d4335 load:0x4589f681
           4988	      2490	001010fc	d1c4a407	flw	f8,-740(x9)	  f9:0x00102000  f8=0x00000000 PA:0x00101d1c store:0x45842f52
           4990	      2491	00101100	d0692a27	fsw	f6,-748(x18)	 f18:0x00102000  f6:0x00000001 PA:0x00000000
           4998	      2495	00101104	d1842487	flw	f9,-744(x8)	  f8:0x00102000  f9=0x00000000 PA:0x00101d18 store:0x00000000
           5002	      2497	00101108	d1842507	flw	f10,-744(x8)	  f8:0x00102000 f10=0x00000000 PA:0x00101d18 store:0x00000000
           5006	      2499	0010110c	d1492807	flw	f16,-748(x18)	 f18:0x00102000 f16=0x00000000 PA:0x00101d14 store:0x3f7d1f60
           5008	      2500	00101110	009478d3	fadd.s	f17,f8,f9	  f8:0x00102000  f9:0x00102000 f17=0x00000000
           5010	      2501	00101114	d0087953	fcvt.s.w	f18,x16	 x16:0x00000061 f18=0x00000000
           5012	      2502	00101118	80a3f9c3	fmadd.s	f19,f7,f10,f16	  f7:0x00000064 f10:0x00000004 f16:0x00000064 f19=0x00000000
           5016	      2504	0010111c	005a0893	addi	x17,x20,5	 x20:0x0000005d x17=0x00000062
           5018	      2505	00101120	d008fa53	fcvt.s.w	f20,x17	 x17:0x00000062 f20=0x00000000
           5020	      2506	00101124	d114ae27	fsw	f17,-740(x9)	  f9:0x00102000 f17:0x00000062 PA:0x00101d1c store:0x442d827d load:0x458ce5f6
           5024	      2508	00101128	d1c4aa87	flw	f21,-740(x9)	  f9:0x00102000 f21=0x00000000 PA:0x00101d1c store:0x45842f52
           5026	      2509	0010112c	d1392a27	fsw	f19,-748(x18)	 f18:0x00102000 f19:0x0000005c PA:0x00000000
           5034	      2513	00101130	d1842e07	flw	f28,-744(x8)	  f8:0x00102000 f28=0x00000000 PA:0x00101d18 store:0x00000000
           5038	      2515	00101134	d1842e87	flw	f29,-744(x8)	  f8:0x00102000 f29=0x00000000 PA:0x00101d18 store:0x00000000
           5042	      2517	00101138	d1492f07	flw	f30,-748(x18)	 f18:0x00102000 f30=0x00000000 PA:0x00101d14 store:0x42c40000
           5044	      2518	0010113c	01caffd3	fadd.s	f31,f21,f28	 f21:0x00000000 f28:0x00020000 f31=0x00000000
           5048	      2520	00101140	006a0993	addi	x19,x20,6	 x20:0x0000005d x19=0x00000063
           5050	      2521	00101144	f1d97043	fmadd.s	f0,f18,f29,f30	 f18:0x00102000 f29:0x00000030 f30:0x00102000  f0=0x00000000
           5052	      2522	00101148	d009f0d3	fcvt.s.w	f1,x19	 x19:0x00000063  f1=0x00000000
           5054	      2523	0010114c	007a0a13	addi	x20,x20,7	 x20:0x0000005d x20=0x00000064
           5056	      2524	00101150	d1f4ae27	fsw	f31,-740(x9)	  f9:0x00102000 f31:0xb4000000 PA:0x00101d1c store:0x442dc1c5 load:0x458fdd54
           5060	      2526	00101154	d1c4a107	flw	f2,-740(x9)	  f9:0x00102000  f2=0x00000000 PA:0x00101d1c store:0x3f7d1f60
           5062	      2527	00101158	d0092a27	fsw	f0,-748(x18)	 f18:0x00102000  f0:0x00000000 PA:0x00000000
           5070	      2531	0010115c	d1842707	flw	f14,-744(x8)	  f8:0x00102000 f14=0x00000000 PA:0x00101d18 store:0x00000000
           5074	      2533	00101160	d1842787	flw	f15,-744(x8)	  f8:0x00102000 f15=0x00000000 PA:0x00101d18 store:0x00000000
           5078	      2535	00101164	d1492187	flw	f3,-748(x18)	 f18:0x00102000  f3=0x00000000 PA:0x00101d14 store:0x42c40000
           5080	      2536	00101168	00e17253	fadd.s	f4,f2,f14	  f2:0x00137fa0 f14:0x00000009  f4=0x00000000
           5084	      2538	0010116c	18fa75c3	fmadd.s	f11,f20,f15,f3	 f20:0x00000064 f15:0x0000000b  f3:0x00000000 f11=0x00000000
           5088	      2540	00101170	d044ae27	fsw	f4,-740(x9)	  f9:0x00102000  f4:0x00000000 PA:0x00101d1c store:0x442e010d load:0x4592dc9b
           5092	      2542	00101174	d0b92a27	fsw	f11,-748(x18)	 f18:0x00102000 f11:0x0000005f PA:0x00101d14 store:0x4595e3cb load:0x4592dc9b
           5096	      2544	00101178	d1c4a287	flw	f5,-740(x9)	  f9:0x00102000  f5=0x00000000 PA:0x00101d1c store:0x3f7d1f60
           5100	      2546	0010117c	d1842307	flw	f6,-744(x8)	  f8:0x00102000  f6=0x00000000 PA:0x00101d18 store:0x00000000
           5104	      2548	00101180	d1842607	flw	f12,-744(x8)	  f8:0x00102000 f12=0x00000000 PA:0x00101d18 store:0x00000000
           5108	      2550	00101184	d1492687	flw	f13,-748(x18)	 f18:0x00102000 f13=0x00000000 PA:0x00101d14 store:0x42c40000
           5110	      2551	00101188	0062f3d3	fadd.s	f7,f5,f6	  f5:0x00000042  f6:0x00000001  f7=0x00000000
           5114	      2553	0010118c	68c0f443	fmadd.s	f8,f1,f12,f13	  f1:0x0000005e f12:0x00000060 f13:0x0000000d  f8=0x00000000
           5118	      2555	00101190	d074ae27	fsw	f7,-740(x9)	  f9:0x00102000  f7:0x00000064 PA:0x00101d1c store:0x442e4055 load:0x4595e3cb
           5126	      2559	00101194	d1c4a487	flw	f9,-740(x9)	  f9:0x00102000  f9=0x00000000 PA:0x00101d1c store:0x3f7d1f60
           5130	      2561	00101198	d1842507	flw	f10,-744(x8)	  f8:0x00102000 f10=0x00000000 PA:0x00101d18 store:0x00000000
           5134	      2563	0010119c	d0892a27	fsw	f8,-748(x18)	 f18:0x00102000  f8:0x00102000 PA:0x00101d14 store:0x4598f2e4 load:0x3f7d1f60
           5136	      2564	001011a0	00a4f853	fadd.s	f16,f9,f10	  f9:0x00102000 f10:0x00000004 f16=0x00000000
           5144	      2568	001011a4	d104ae27	fsw	f16,-740(x9)	  f9:0x00102000 f16:0x00000061 PA:0x00101d1c store:0x442e7f9d load:0x3f7d1f60
           5150	      2571	001011a8	ee7a14e3	bne	x20,x7,101090	 x20:0x00000064  x7:0x00000064
           5152	      2572	001011ac	d1c4a887	flw	f17,-740(x9)	  f9:0x00102000 f17=0x00000000 PA:0x00101d1c store:0x3f7d1f60
           5158	      2575	001011b0	00102ab7	lui	x21,0x102	 x21=0x00102000
           5160	      2576	001011b4	00102a37	lui	x20,0x102	 x20=0x00102000
           5162	      2577	001011b8	9d8a8513	addi	x10,x21,-1576	 x21:0x00102000 x10=0x001019d8
           5164	      2578	001011bc	e0088b53	fmv.x.w	x22,f17	 f17:0x00000062 x22=0x442e7f9d
           5166	      2579	001011c0	cf6a2c23	sw	x22,-776(x20)	 x20:0x00102000 x22:0x442e7f9d PA:0x00101cf8 store:0x442e7f9d load:0x442e7f9d
           5168	      2580	001011c4	eddfe0ef	jal	x1,1000a0	  x1=0x001011c8
           5170	      2581	001000a0	00054803	lbu	x16,0(x10)	 x10:0x001019d8 x16=0x0000000a PA:0x001019d8 store:0x00000000
           5172	      2582	001000a4	06080663	beq	x16,x0,100110	 x16:0x0000000a  x0:0x00000000
           5174	      2583	001000a8	000207b7	lui	x15,0x20	 x15=0x00020000
           5176	      2584	001000ac	0107a023	sw	x16,0(x15)	 x15:0x00020000 x16:0x0000000a PA:0x00020000 store:0x0000000a load:0x00000000
           5180	      2586	001000b0	00154703	lbu	x14,1(x10)	 x10:0x001019d8 x14=0x0000000a PA:0x001019d9 store:0x001011c8
           5182	      2587	001000b4	04070e63	beq	x14,x0,100110	 x14:0x0000000a  x0:0x00000000
           5186	      2589	001000b8	00e7a023	sw	x14,0(x15)	 x15:0x00020000 x14:0x0000000a PA:0x00020000 store:0x0000000a load:0x00000000
           5190	      2591	001000bc	00254283	lbu	x5,2(x10)	 x10:0x001019d8  x5=0x00000031 PA:0x001019da store:0x00137fa0
           5192	      2592	001000c0	04028863	beq	x5,x0,100110	  x5:0x00000031  x0:0x00000000
           5196	      2594	001000c4	0057a023	sw	x5,0(x15)	 x15:0x00020000  x5:0x00000031 PA:0x00020000 store:0x00000031 load:0x00000000
           5200	      2596	001000c8	00354303	lbu	x6,3(x10)	 x10:0x001019d8  x6=0x00000030 PA:0x001019db store:0x00000000
           5202	      2597	001000cc	04030263	beq	x6,x0,100110	  x6:0x00000030  x0:0x00000000
           5206	      2599	001000d0	0067a023	sw	x6,0(x15)	 x15:0x00020000  x6:0x00000030 PA:0x00020000 store:0x00000030 load:0x00000000
           5210	      2601	001000d4	00454383	lbu	x7,4(x10)	 x10:0x001019d8  x7=0x00000030 PA:0x001019dc store:0x00000000
           5212	      2602	001000d8	02038c63	beq	x7,x0,100110	  x7:0x00000030  x0:0x00000000
           5216	      2604	001000dc	0077a023	sw	x7,0(x15)	 x15:0x00020000  x7:0x00000030 PA:0x00020000 store:0x00000030 load:0x00000000
           5220	      2606	001000e0	00554583	lbu	x11,5(x10)	 x10:0x001019d8 x11=0x00000020 PA:0x001019dd store:0x00000031
           5222	      2607	001000e4	02058663	beq	x11,x0,100110	 x11:0x00000020  x0:0x00000000
           5226	      2609	001000e8	00b7a023	sw	x11,0(x15)	 x15:0x00020000 x11:0x00000020 PA:0x00020000 store:0x00000020 load:0x00000000
           5230	      2611	001000ec	00654603	lbu	x12,6(x10)	 x10:0x001019d8 x12=0x00000046 PA:0x001019de store:0x00000030
           5232	      2612	001000f0	02060063	beq	x12,x0,100110	 x12:0x00000046  x0:0x00000000
           5236	      2614	001000f4	00c7a023	sw	x12,0(x15)	 x15:0x00020000 x12:0x00000046 PA:0x00020000 store:0x00000046 load:0x00000000
           5240	      2616	001000f8	00754683	lbu	x13,7(x10)	 x10:0x001019d8 x13=0x0000004d PA:0x001019df store:0x00000030
           5242	      2617	001000fc	00850513	addi	x10,x10,8	 x10:0x001019d8 x10=0x001019e0
           5244	      2618	00100100	00068863	beq	x13,x0,100110	 x13:0x0000004d  x0:0x00000000
           5248	      2620	00100104	00d7a023	sw	x13,0(x15)	 x15:0x00020000 x13:0x0000004d PA:0x00020000 store:0x0000004d load:0x00000000
           5252	      2622	00100108	00054803	lbu	x16,0(x10)	 x10:0x001019e0 x16=0x00000041 PA:0x001019e0 store:0x00000000
           5256	      2624	0010010c	fa0810e3	bne	x16,x0,1000ac	 x16:0x00000041  x0:0x00000000
           5262	      2627	001000ac	0107a023	sw	x16,0(x15)	 x15:0x00020000 x16:0x00000041 PA:0x00020000 store:0x00000041 load:0x00000000
           5266	      2629	001000b0	00154703	lbu	x14,1(x10)	 x10:0x001019e0 x14=0x00000044 PA:0x001019e1 store:0x001011c8
           5268	      2630	001000b4	04070e63	beq	x14,x0,100110	 x14:0x00000044  x0:0x00000000
           5272	      2632	001000b8	00e7a023	sw	x14,0(x15)	 x15:0x00020000 x14:0x00000044 PA:0x00020000 store:0x00000044 load:0x00000000
           5276	      2634	001000bc	00254283	lbu	x5,2(x10)	 x10:0x001019e0  x5=0x00000044 PA:0x001019e2 store:0x00137fa0
           5278	      2635	001000c0	04028863	beq	x5,x0,100110	  x5:0x00000044  x0:0x00000000
           5282	      2637	001000c4	0057a023	sw	x5,0(x15)	 x15:0x00020000  x5:0x00000044 PA:0x00020000 store:0x00000044 load:0x00000000
           5286	      2639	001000c8	00354303	lbu	x6,3(x10)	 x10:0x001019e0  x6=0x00000073 PA:0x001019e3 store:0x00000000
           5288	      2640	001000cc	04030263	beq	x6,x0,100110	  x6:0x00000073  x0:0x00000000
           5292	      2642	001000d0	0067a023	sw	x6,0(x15)	 x15:0x00020000  x6:0x00000073 PA:0x00020000 store:0x00000073 load:0x00000000
           5296	      2644	001000d4	00454383	lbu	x7,4(x10)	 x10:0x001019e0  x7=0x00000020 PA:0x001019e4 store:0x00000000
           5298	      2645	001000d8	02038c63	beq	x7,x0,100110	  x7:0x00000020  x0:0x00000000
           5302	      2647	001000dc	0077a023	sw	x7,0(x15)	 x15:0x00020000  x7:0x00000020 PA:0x00020000 store:0x00000020 load:0x00000000
           5306	      2649	001000e0	00554583	lbu	x11,5(x10)	 x10:0x001019e0 x11=0x00000072 PA:0x001019e5 store:0x00000044
           5308	      2650	001000e4	02058663	beq	x11,x0,100110	 x11:0x00000072  x0:0x00000000
           5312	      2652	001000e8	00b7a023	sw	x11,0(x15)	 x15:0x00020000 x11:0x00000072 PA:0x00020000 store:0x00000072 load:0x00000000
           5316	      2654	001000ec	00654603	lbu	x12,6(x10)	 x10:0x001019e0 x12=0x00000065 PA:0x001019e6 store:0x00000073
           5318	      2655	001000f0	02060063	beq	x12,x0,100110	 x12:0x00000065  x0:0x00000000
           5322	      2657	001000f4	00c7a023	sw	x12,0(x15)	 x15:0x00020000 x12:0x00000065 PA:0x00020000 store:0x00000065 load:0x00000000
           5326	      2659	001000f8	00754683	lbu	x13,7(x10)	 x10:0x001019e0 x13=0x00000073 PA:0x001019e7 store:0x00000020
           5328	      2660	001000fc	00850513	addi	x10,x10,8	 x10:0x001019e0 x10=0x001019e8
           5330	      2661	00100100	00068863	beq	x13,x0,100110	 x13:0x00000073  x0:0x00000000
           5334	      2663	00100104	00d7a023	sw	x13,0(x15)	 x15:0x00020000 x13:0x00000073 PA:0x00020000 store:0x00000073 load:0x00000000
           5338	      2665	00100108	00054803	lbu	x16,0(x10)	 x10:0x001019e8 x16=0x00000075 PA:0x001019e8 store:0x00000000
           5342	      2667	0010010c	fa0810e3	bne	x16,x0,1000ac	 x16:0x00000075  x0:0x00000000
           5348	      2670	001000ac	0107a023	sw	x16,0(x15)	 x15:0x00020000 x16:0x00000075 PA:0x00020000 store:0x00000075 load:0x00000000
           5352	      2672	001000b0	00154703	lbu	x14,1(x10)	 x10:0x001019e8 x14=0x0000006c PA:0x001019e9 store:0x001011c8
           5354	      2673	001000b4	04070e63	beq	x14,x0,100110	 x14:0x0000006c  x0:0x00000000
           5358	      2675	001000b8	00e7a023	sw	x14,0(x15)	 x15:0x00020000 x14:0x0000006c PA:0x00020000 store:0x0000006c load:0x00000000
           5362	      2677	001000bc	00254283	lbu	x5,2(x10)	 x10:0x001019e8  x5=0x00000074 PA:0x001019ea store:0x00137fa0
           5364	      2678	001000c0	04028863	beq	x5,x0,100110	  x5:0x00000074  x0:0x00000000
           5368	      2680	001000c4	0057a023	sw	x5,0(x15)	 x15:0x00020000  x5:0x00000074 PA:0x00020000 store:0x00000074 load:0x00000000
           5372	      2682	001000c8	00354303	lbu	x6,3(x10)	 x10:0x001019e8  x6=0x00000020 PA:0x001019eb store:0x00000000
           5374	      2683	001000cc	04030263	beq	x6,x0,100110	  x6:0x00000020  x0:0x00000000
           5378	      2685	001000d0	0067a023	sw	x6,0(x15)	 x15:0x00020000  x6:0x00000020 PA:0x00020000 store:0x00000020 load:0x00000000
           5382	      2687	001000d4	00454383	lbu	x7,4(x10)	 x10:0x001019e8  x7=0x00000069 PA:0x001019ec store:0x00000000
           5384	      2688	001000d8	02038c63	beq	x7,x0,100110	  x7:0x00000069  x0:0x00000000
           5388	      2690	001000dc	0077a023	sw	x7,0(x15)	 x15:0x00020000  x7:0x00000069 PA:0x00020000 store:0x00000069 load:0x00000000
           5392	      2692	001000e0	00554583	lbu	x11,5(x10)	 x10:0x001019e8 x11=0x0000006e PA:0x001019ed store:0x00000074
           5394	      2693	001000e4	02058663	beq	x11,x0,100110	 x11:0x0000006e  x0:0x00000000
           5398	      2695	001000e8	00b7a023	sw	x11,0(x15)	 x15:0x00020000 x11:0x0000006e PA:0x00020000 store:0x0000006e load:0x00000000
           5402	      2697	001000ec	00654603	lbu	x12,6(x10)	 x10:0x001019e8 x12=0x0000003a PA:0x001019ee store:0x00000020
           5404	      2698	001000f0	02060063	beq	x12,x0,100110	 x12:0x0000003a  x0:0x00000000
           5408	      2700	001000f4	00c7a023	sw	x12,0(x15)	 x15:0x00020000 x12:0x0000003a PA:0x00020000 store:0x0000003a load:0x00000000
           5412	      2702	001000f8	00754683	lbu	x13,7(x10)	 x10:0x001019e8 x13=0x00000020 PA:0x001019ef store:0x00000069
           5414	      2703	001000fc	00850513	addi	x10,x10,8	 x10:0x001019e8 x10=0x001019f0
           5416	      2704	00100100	00068863	beq	x13,x0,100110	 x13:0x00000020  x0:0x00000000
           5420	      2706	00100104	00d7a023	sw	x13,0(x15)	 x15:0x00020000 x13:0x00000020 PA:0x00020000 store:0x00000020 load:0x00000000
           5424	      2708	00100108	00054803	lbu	x16,0(x10)	 x10:0x001019f0 x16=0x00000000 PA:0x001019f0 store:0x00000000
           5426	      2709	0010010c	fa0810e3	bne	x16,x0,1000ac	 x16:0x00000000  x0:0x00000000
           5428	      2710	00100110	00000513	addi	x10,x0,0	  x0:0x00000000 x10=0x00000000
           5432	      2712	00100114	00008067	jalr	x0,0(x1)	  x1:0x001011c8  x0=0x00000000
           5436	      2714	001011c8	cf8a2503	lw	x10,-776(x20)	 x20:0x00102000 x10=0x442e7f9d PA:0x00101cf8 store:0x00000000
           5438	      2715	001011cc	00102c37	lui	x24,0x102	 x24=0x00102000
           5440	      2716	001011d0	001029b7	lui	x19,0x102	 x19=0x00102000
           5444	      2718	001011d4	f4dfe0ef	jal	x1,100120	  x1=0x001011d8
           5446	      2719	00100120	01c55793	srli	x15,x10,0x1c	 x10:0x442e7f9d x15=0x00000004
           5448	      2720	00100124	00900713	addi	x14,x0,9	  x0:0x00000000 x14=0x00000009
           5452	      2722	00100128	0cf77a63	bgeu	x14,x15,1001fc	 x14:0x00000009 x15:0x00000004
           5456	      2724	001001fc	03078393	addi	x7,x15,48	 x15:0x00000004  x7=0x00000034
           5458	      2725	00100200	000205b7	lui	x11,0x20	 x11=0x00020000
           5460	      2726	00100204	00451613	slli	x12,x10,0x4	 x10:0x442e7f9d x12=0x42e7f9d0
           5464	      2728	00100208	0075a023	sw	x7,0(x11)	 x11:0x00020000  x7:0x00000034 PA:0x00020000 store:0x00000034 load:0x00000000
           5466	      2729	0010020c	01c65693	srli	x13,x12,0x1c	 x12:0x42e7f9d0 x13=0x00000004
           5468	      2730	00100210	00900813	addi	x16,x0,9	  x0:0x00000000 x16=0x00000009
           5470	      2731	00100214	f2d86ae3	bltu	x16,x13,100148	 x16:0x00000009 x13:0x00000004
           5472	      2732	00100218	03068e93	addi	x29,x13,48	 x13:0x00000004 x29=0x00000034
           5474	      2733	0010021c	00020f37	lui	x30,0x20	 x30=0x00020000
           5476	      2734	00100220	00851f93	slli	x31,x10,0x8	 x10:0x442e7f9d x31=0x2e7f9d00
           5480	      2736	00100224	01df2023	sw	x29,0(x30)	 x30:0x00020000 x29:0x00000034 PA:0x00020000 store:0x00000034 load:0x00000000
           5482	      2737	00100228	01cfd793	srli	x15,x31,0x1c	 x31:0x2e7f9d00 x15=0x00000002
           5484	      2738	0010022c	00900713	addi	x14,x0,9	  x0:0x00000000 x14=0x00000009
           5486	      2739	00100230	f2f76ae3	bltu	x14,x15,100164	 x14:0x00000009 x15:0x00000002
           5488	      2740	00100234	03078393	addi	x7,x15,48	 x15:0x00000002  x7=0x00000032
           5490	      2741	00100238	000205b7	lui	x11,0x20	 x11=0x00020000
           5492	      2742	0010023c	00c51613	slli	x12,x10,0xc	 x10:0x442e7f9d x12=0xe7f9d000
           5496	      2744	00100240	0075a023	sw	x7,0(x11)	 x11:0x00020000  x7:0x00000032 PA:0x00020000 store:0x00000032 load:0x00000000
           5498	      2745	00100244	01c65693	srli	x13,x12,0x1c	 x12:0xe7f9d000 x13=0x0000000e
           5500	      2746	00100248	00900813	addi	x16,x0,9	  x0:0x00000000 x16=0x00000009
           5504	      2748	0010024c	f2d86ae3	bltu	x16,x13,100180	 x16:0x00000009 x13:0x0000000e
           5508	      2750	00100180	03768893	addi	x17,x13,55	 x13:0x0000000e x17=0x00000045
           5510	      2751	00100184	00020e37	lui	x28,0x20	 x28=0x00020000
           5512	      2752	00100188	01051f93	slli	x31,x10,0x10	 x10:0x442e7f9d x31=0x7f9d0000
           5516	      2754	0010018c	011e2023	sw	x17,0(x28)	 x28:0x00020000 x17:0x00000045 PA:0x00020000 store:0x00000045 load:0x00000000
           5518	      2755	00100190	01cfd793	srli	x15,x31,0x1c	 x31:0x7f9d0000 x15=0x00000007
           5520	      2756	00100194	00900713	addi	x14,x0,9	  x0:0x00000000 x14=0x00000009
           5524	      2758	00100198	0cf77a63	bgeu	x14,x15,10026c	 x14:0x00000009 x15:0x00000007
           5528	      2760	0010026c	03078393	addi	x7,x15,48	 x15:0x00000007  x7=0x00000037
           5530	      2761	00100270	000205b7	lui	x11,0x20	 x11=0x00020000
           5532	      2762	00100274	01451613	slli	x12,x10,0x14	 x10:0x442e7f9d x12=0xf9d00000
           5536	      2764	00100278	0075a023	sw	x7,0(x11)	 x11:0x00020000  x7:0x00000037 PA:0x00020000 store:0x00000037 load:0x00000000
           5538	      2765	0010027c	01c65693	srli	x13,x12,0x1c	 x12:0xf9d00000 x13=0x0000000f
           5540	      2766	00100280	00900813	addi	x16,x0,9	  x0:0x00000000 x16=0x00000009
           5544	      2768	00100284	f2d86ae3	bltu	x16,x13,1001b8	 x16:0x00000009 x13:0x0000000f
           5548	      2770	001001b8	03768893	addi	x17,x13,55	 x13:0x0000000f x17=0x00000046
           5550	      2771	001001bc	00020e37	lui	x28,0x20	 x28=0x00020000
           5552	      2772	001001c0	01851f93	slli	x31,x10,0x18	 x10:0x442e7f9d x31=0x9d000000
           5556	      2774	001001c4	011e2023	sw	x17,0(x28)	 x28:0x00020000 x17:0x00000046 PA:0x00020000 store:0x00000046 load:0x00000000
           5558	      2775	001001c8	01cfd793	srli	x15,x31,0x1c	 x31:0x9d000000 x15=0x00000009
           5560	      2776	001001cc	00900713	addi	x14,x0,9	  x0:0x00000000 x14=0x00000009
           5564	      2778	001001d0	0cf77a63	bgeu	x14,x15,1002a4	 x14:0x00000009 x15:0x00000009
           5568	      2780	001002a4	03078393	addi	x7,x15,48	 x15:0x00000009  x7=0x00000039
           5570	      2781	001002a8	000205b7	lui	x11,0x20	 x11=0x00020000
           5574	      2783	001002ac	0075a023	sw	x7,0(x11)	 x11:0x00020000  x7:0x00000039 PA:0x00020000 store:0x00000039 load:0x00000000
           5576	      2784	001002b0	00f57513	andi	x10,x10,15	 x10:0x442e7f9d x10=0x0000000d
           5578	      2785	001002b4	00900613	addi	x12,x0,9	  x0:0x00000000 x12=0x00000009
           5580	      2786	001002b8	f2a67ae3	bgeu	x12,x10,1001ec	 x12:0x00000009 x10:0x0000000d
           5582	      2787	001002bc	03750693	addi	x13,x10,55	 x10:0x0000000d x13=0x00000044
           5584	      2788	001002c0	00020837	lui	x16,0x20	 x16=0x00020000
           5588	      2790	001002c4	00d82023	sw	x13,0(x16)	 x16:0x00020000 x13:0x00000044 PA:0x00020000 store:0x00000044 load:0x00000000
           5602	      2797	001002c8	00008067	jalr	x0,0(x1)	  x1:0x001011d8  x0=0x00000000
           5604	      2798	001011d8	d20ca907	flw	f18,-736(x25)	 f25:0x00102000 f18=0x00000000 PA:0x00101d20 store:0x4592dc9b
           5610	      2801	001011dc	9f4c0513	addi	x10,x24,-1548	 x24:0x00102000 x10=0x001019f4
           5612	      2802	001011e0	00102ab7	lui	x21,0x102	 x21=0x00102000
           5614	      2803	001011e4	d129a427	fsw	f18,-760(x19)	 f19:0x00102000 f18:0x00102000 PA:0x00101d08 store:0x43edefdf load:0x43edefdf
           5616	      2804	001011e8	00000c13	addi	x24,x0,0	  x0:0x00000000 x24=0x00000000
           5618	      2805	001011ec	eb5fe0ef	jal	x1,1000a0	  x1=0x001011f0
           5620	      2806	001000a0	00054803	lbu	x16,0(x10)	 x10:0x001019f4 x16=0x0000000a PA:0x001019f4 store:0x00000000
           5622	      2807	001000a4	06080663	beq	x16,x0,100110	 x16:0x0000000a  x0:0x00000000
           5624	      2808	001000a8	000207b7	lui	x15,0x20	 x15=0x00020000
           5626	      2809	001000ac	0107a023	sw	x16,0(x15)	 x15:0x00020000 x16:0x0000000a PA:0x00020000 store:0x0000000a load:0x00000000
           5628	      2810	001000b0	00154703	lbu	x14,1(x10)	 x10:0x001019f4 x14=0x0000000a PA:0x001019f5 store:0x001011f0
           5630	      2811	001000b4	04070e63	beq	x14,x0,100110	 x14:0x0000000a  x0:0x00000000
           5632	      2812	001000b8	00e7a023	sw	x14,0(x15)	 x15:0x00020000 x14:0x0000000a PA:0x00020000 store:0x0000000a load:0x00000000
           5636	      2814	001000bc	00254283	lbu	x5,2(x10)	 x10:0x001019f4  x5=0x00000050 PA:0x001019f6 store:0x00137fa0
           5638	      2815	001000c0	04028863	beq	x5,x0,100110	  x5:0x00000050  x0:0x00000000
           5642	      2817	001000c4	0057a023	sw	x5,0(x15)	 x15:0x00020000  x5:0x00000050 PA:0x00020000 store:0x00000050 load:0x00000000
           5646	      2819	001000c8	00354303	lbu	x6,3(x10)	 x10:0x001019f4  x6=0x00000065 PA:0x001019f7 store:0x00000000
           5648	      2820	001000cc	04030263	beq	x6,x0,100110	  x6:0x00000065  x0:0x00000000
           5652	      2822	001000d0	0067a023	sw	x6,0(x15)	 x15:0x00020000  x6:0x00000065 PA:0x00020000 store:0x00000065 load:0x00000000
           5656	      2824	001000d4	00454383	lbu	x7,4(x10)	 x10:0x001019f4  x7=0x00000072 PA:0x001019f8 store:0x00000000
           5658	      2825	001000d8	02038c63	beq	x7,x0,100110	  x7:0x00000072  x0:0x00000000
           5662	      2827	001000dc	0077a023	sw	x7,0(x15)	 x15:0x00020000  x7:0x00000072 PA:0x00020000 store:0x00000072 load:0x00000000
           5666	      2829	001000e0	00554583	lbu	x11,5(x10)	 x10:0x001019f4 x11=0x00000066 PA:0x001019f9 store:0x00000050
           5668	      2830	001000e4	02058663	beq	x11,x0,100110	 x11:0x00000066  x0:0x00000000
           5672	      2832	001000e8	00b7a023	sw	x11,0(x15)	 x15:0x00020000 x11:0x00000066 PA:0x00020000 store:0x00000066 load:0x00000000
           5676	      2834	001000ec	00654603	lbu	x12,6(x10)	 x10:0x001019f4 x12=0x0000006f PA:0x001019fa store:0x00000065
           5678	      2835	001000f0	02060063	beq	x12,x0,100110	 x12:0x0000006f  x0:0x00000000
           5682	      2837	001000f4	00c7a023	sw	x12,0(x15)	 x15:0x00020000 x12:0x0000006f PA:0x00020000 store:0x0000006f load:0x00000000
           5686	      2839	001000f8	00754683	lbu	x13,7(x10)	 x10:0x001019f4 x13=0x00000072 PA:0x001019fb store:0x00000072
           5688	      2840	001000fc	00850513	addi	x10,x10,8	 x10:0x001019f4 x10=0x001019fc
           5690	      2841	00100100	00068863	beq	x13,x0,100110	 x13:0x00000072  x0:0x00000000
           5694	      2843	00100104	00d7a023	sw	x13,0(x15)	 x15:0x00020000 x13:0x00000072 PA:0x00020000 store:0x00000072 load:0x00000000
           5698	      2845	00100108	00054803	lbu	x16,0(x10)	 x10:0x001019fc x16=0x0000006d PA:0x001019fc store:0x00000000
           5702	      2847	0010010c	fa0810e3	bne	x16,x0,1000ac	 x16:0x0000006d  x0:0x00000000
           5708	      2850	001000ac	0107a023	sw	x16,0(x15)	 x15:0x00020000 x16:0x0000006d PA:0x00020000 store:0x0000006d load:0x00000000
           5712	      2852	001000b0	00154703	lbu	x14,1(x10)	 x10:0x001019fc x14=0x00000069 PA:0x001019fd store:0x001011f0
           5714	      2853	001000b4	04070e63	beq	x14,x0,100110	 x14:0x00000069  x0:0x00000000
           5718	      2855	001000b8	00e7a023	sw	x14,0(x15)	 x15:0x00020000 x14:0x00000069 PA:0x00020000 store:0x00000069 load:0x00000000
           5722	      2857	001000bc	00254283	lbu	x5,2(x10)	 x10:0x001019fc  x5=0x0000006e PA:0x001019fe store:0x00137fa0
           5724	      2858	001000c0	04028863	beq	x5,x0,100110	  x5:0x0000006e  x0:0x00000000
           5728	      2860	001000c4	0057a023	sw	x5,0(x15)	 x15:0x00020000  x5:0x0000006e PA:0x00020000 store:0x0000006e load:0x00000000
           5732	      2862	001000c8	00354303	lbu	x6,3(x10)	 x10:0x001019fc  x6=0x00000067 PA:0x001019ff store:0x00000000
           5734	      2863	001000cc	04030263	beq	x6,x0,100110	  x6:0x00000067  x0:0x00000000
           5738	      2865	001000d0	0067a023	sw	x6,0(x15)	 x15:0x00020000  x6:0x00000067 PA:0x00020000 store:0x00000067 load:0x00000000
           5742	      2867	001000d4	00454383	lbu	x7,4(x10)	 x10:0x001019fc  x7=0x00000020 PA:0x00101a00 store:0x00000000
           5744	      2868	001000d8	02038c63	beq	x7,x0,100110	  x7:0x00000020  x0:0x00000000
           5748	      2870	001000dc	0077a023	sw	x7,0(x15)	 x15:0x00020000  x7:0x00000020 PA:0x00020000 store:0x00000020 load:0x00000000
           5752	      2872	001000e0	00554583	lbu	x11,5(x10)	 x10:0x001019fc x11=0x00000032 PA:0x00101a01 store:0x0000006e
           5754	      2873	001000e4	02058663	beq	x11,x0,100110	 x11:0x00000032  x0:0x00000000
           5758	      2875	001000e8	00b7a023	sw	x11,0(x15)	 x15:0x00020000 x11:0x00000032 PA:0x00020000 store:0x00000032 load:0x00000000
           5762	      2877	001000ec	00654603	lbu	x12,6(x10)	 x10:0x001019fc x12=0x00000030 PA:0x00101a02 store:0x00000067
           5764	      2878	001000f0	02060063	beq	x12,x0,100110	 x12:0x00000030  x0:0x00000000
           5768	      2880	001000f4	00c7a023	sw	x12,0(x15)	 x15:0x00020000 x12:0x00000030 PA:0x00020000 store:0x00000030 load:0x00000000
           5772	      2882	001000f8	00754683	lbu	x13,7(x10)	 x10:0x001019fc x13=0x00000020 PA:0x00101a03 store:0x00000020
           5774	      2883	001000fc	00850513	addi	x10,x10,8	 x10:0x001019fc x10=0x00101a04
           5776	      2884	00100100	00068863	beq	x13,x0,100110	 x13:0x00000020  x0:0x00000000
           5780	      2886	00100104	00d7a023	sw	x13,0(x15)	 x15:0x00020000 x13:0x00000020 PA:0x00020000 store:0x00000020 load:0x00000000
           5784	      2888	00100108	00054803	lbu	x16,0(x10)	 x10:0x00101a04 x16=0x00000064 PA:0x00101a04 store:0x00000000
           5788	      2890	0010010c	fa0810e3	bne	x16,x0,1000ac	 x16:0x00000064  x0:0x00000000
           5794	      2893	001000ac	0107a023	sw	x16,0(x15)	 x15:0x00020000 x16:0x00000064 PA:0x00020000 store:0x00000064 load:0x00000000
           5798	      2895	001000b0	00154703	lbu	x14,1(x10)	 x10:0x00101a04 x14=0x00000069 PA:0x00101a05 store:0x001011f0
           5800	      2896	001000b4	04070e63	beq	x14,x0,100110	 x14:0x00000069  x0:0x00000000
           5804	      2898	001000b8	00e7a023	sw	x14,0(x15)	 x15:0x00020000 x14:0x00000069 PA:0x00020000 store:0x00000069 load:0x00000000
           5808	      2900	001000bc	00254283	lbu	x5,2(x10)	 x10:0x00101a04  x5=0x00000076 PA:0x00101a06 store:0x00137fa0
           5810	      2901	001000c0	04028863	beq	x5,x0,100110	  x5:0x00000076  x0:0x00000000
           5814	      2903	001000c4	0057a023	sw	x5,0(x15)	 x15:0x00020000  x5:0x00000076 PA:0x00020000 store:0x00000076 load:0x00000000
           5818	      2905	001000c8	00354303	lbu	x6,3(x10)	 x10:0x00101a04  x6=0x00000069 PA:0x00101a07 store:0x00000000
           5820	      2906	001000cc	04030263	beq	x6,x0,100110	  x6:0x00000069  x0:0x00000000
           5824	      2908	001000d0	0067a023	sw	x6,0(x15)	 x15:0x00020000  x6:0x00000069 PA:0x00020000 store:0x00000069 load:0x00000000
           5828	      2910	001000d4	00454383	lbu	x7,4(x10)	 x10:0x00101a04  x7=0x00000073 PA:0x00101a08 store:0x00000000
           5830	      2911	001000d8	02038c63	beq	x7,x0,100110	  x7:0x00000073  x0:0x00000000
           5834	      2913	001000dc	0077a023	sw	x7,0(x15)	 x15:0x00020000  x7:0x00000073 PA:0x00020000 store:0x00000073 load:0x00000000
           5838	      2915	001000e0	00554583	lbu	x11,5(x10)	 x10:0x00101a04 x11=0x00000069 PA:0x00101a09 store:0x00000076
           5840	      2916	001000e4	02058663	beq	x11,x0,100110	 x11:0x00000069  x0:0x00000000
           5844	      2918	001000e8	00b7a023	sw	x11,0(x15)	 x15:0x00020000 x11:0x00000069 PA:0x00020000 store:0x00000069 load:0x00000000
           5848	      2920	001000ec	00654603	lbu	x12,6(x10)	 x10:0x00101a04 x12=0x0000006f PA:0x00101a0a store:0x00000069
           5850	      2921	001000f0	02060063	beq	x12,x0,100110	 x12:0x0000006f  x0:0x00000000
           5854	      2923	001000f4	00c7a023	sw	x12,0(x15)	 x15:0x00020000 x12:0x0000006f PA:0x00020000 store:0x0000006f load:0x00000000
           5858	      2925	001000f8	00754683	lbu	x13,7(x10)	 x10:0x00101a04 x13=0x0000006e PA:0x00101a0b store:0x00000073
           5860	      2926	001000fc	00850513	addi	x10,x10,8	 x10:0x00101a04 x10=0x00101a0c
           5862	      2927	00100100	00068863	beq	x13,x0,100110	 x13:0x0000006e  x0:0x00000000
           5866	      2929	00100104	00d7a023	sw	x13,0(x15)	 x15:0x00020000 x13:0x0000006e PA:0x00020000 store:0x0000006e load:0x00000000
           5870	      2931	00100108	00054803	lbu	x16,0(x10)	 x10:0x00101a0c x16=0x00000073 PA:0x00101a0c store:0x00000000
           5874	      2933	0010010c	fa0810e3	bne	x16,x0,1000ac	 x16:0x00000073  x0:0x00000000
           5880	      2936	001000ac	0107a023	sw	x16,0(x15)	 x15:0x00020000 x16:0x00000073 PA:0x00020000 store:0x00000073 load:0x00000000
           5884	      2938	001000b0	00154703	lbu	x14,1(x10)	 x10:0x00101a0c x14=0x0000003a PA:0x00101a0d store:0x001011f0
           5886	      2939	001000b4	04070e63	beq	x14,x0,100110	 x14:0x0000003a  x0:0x00000000
           5890	      2941	001000b8	00e7a023	sw	x14,0(x15)	 x15:0x00020000 x14:0x0000003a PA:0x00020000 store:0x0000003a load:0x00000000
           5894	      2943	001000bc	00254283	lbu	x5,2(x10)	 x10:0x00101a0c  x5=0x00000000 PA:0x00101a0e store:0x00137fa0
           5898	      2945	001000c0	04028863	beq	x5,x0,100110	  x5:0x00000000  x0:0x00000000
           5902	      2947	00100110	00000513	addi	x10,x0,0	  x0:0x00000000 x10=0x00000000
           5906	      2949	00100114	00008067	jalr	x0,0(x1)	  x1:0x001011f0  x0=0x00000000
           5908	      2950	001011f0	00102b37	lui	x22,0x102	 x22=0x00102000
           5920	      2956	001011f4	01400d13	addi	x26,x0,20	  x0:0x00000000 x26=0x00000014
           5922	      2957	001011f8	d089a987	flw	f19,-760(x19)	 f19:0x00102000 f19=0x00000000 PA:0x00101d08 store:0x4598f2e4
           5924	      2958	001011fc	d24baa07	flw	f20,-732(x23)	 f23:0x00102000 f20=0x00000000 PA:0x00101d24 store:0x442e010d
           5946	      2969	00101200	a10a8513	addi	x10,x21,-1520	 x21:0x00102000 x10=0x00101a10
           5948	      2970	00101204	1949fad3	fdiv.s	f21,f19,f20	 f19:0x00102000 f20:0x00102000 f21=0x00000000
           5954	      2973	00101208	d159a427	fsw	f21,-760(x19)	 f19:0x00102000 f21:0x00102000 PA:0x00101d08 store:0x40771efb load:0x42f67c6a
           5962	      2977	0010120c	d089ae07	flw	f28,-760(x19)	 f19:0x00102000 f28=0x00000000 PA:0x00101d08 store:0x4598f2e4
           5968	      2980	00101210	e00e0dd3	fmv.x.w	x27,f28	 f28:0x00020000 x27=0x40771efb
           5970	      2981	00101214	cfba2c23	sw	x27,-776(x20)	 x20:0x00102000 x27:0x40771efb PA:0x00101cf8 store:0x40771efb load:0x40771efb
           5974	      2983	00101218	e89fe0ef	jal	x1,1000a0	  x1=0x0010121c
           5978	      2985	001000a0	00054803	lbu	x16,0(x10)	 x10:0x00101a10 x16=0x0000000a PA:0x00101a10 store:0x00000000
           5980	      2986	001000a4	06080663	beq	x16,x0,100110	 x16:0x0000000a  x0:0x00000000
           5982	      2987	001000a8	000207b7	lui	x15,0x20	 x15=0x00020000
           5986	      2989	001000ac	0107a023	sw	x16,0(x15)	 x15:0x00020000 x16:0x0000000a PA:0x00020000 store:0x0000000a load:0x00000000
           5990	      2991	001000b0	00154703	lbu	x14,1(x10)	 x10:0x00101a10 x14=0x00000020 PA:0x00101a11 store:0x0010121c
           5992	      2992	001000b4	04070e63	beq	x14,x0,100110	 x14:0x00000020  x0:0x00000000
           5996	      2994	001000b8	00e7a023	sw	x14,0(x15)	 x15:0x00020000 x14:0x00000020 PA:0x00020000 store:0x00000020 load:0x00000000
           6000	      2996	001000bc	00254283	lbu	x5,2(x10)	 x10:0x00101a10  x5=0x00000069 PA:0x00101a12 store:0x00137fa0
           6002	      2997	001000c0	04028863	beq	x5,x0,100110	  x5:0x00000069  x0:0x00000000
           6006	      2999	001000c4	0057a023	sw	x5,0(x15)	 x15:0x00020000  x5:0x00000069 PA:0x00020000 store:0x00000069 load:0x00000000
           6010	      3001	001000c8	00354303	lbu	x6,3(x10)	 x10:0x00101a10  x6=0x0000003d PA:0x00101a13 store:0x00000000
           6012	      3002	001000cc	04030263	beq	x6,x0,100110	  x6:0x0000003d  x0:0x00000000
           6016	      3004	001000d0	0067a023	sw	x6,0(x15)	 x15:0x00020000  x6:0x0000003d PA:0x00020000 store:0x0000003d load:0x00000000
           6020	      3006	001000d4	00454383	lbu	x7,4(x10)	 x10:0x00101a10  x7=0x00000000 PA:0x00101a14 store:0x00000000
           6024	      3008	001000d8	02038c63	beq	x7,x0,100110	  x7:0x00000000  x0:0x00000000
           6028	      3010	00100110	00000513	addi	x10,x0,0	  x0:0x00000000 x10=0x00000000
           6032	      3012	00100114	00008067	jalr	x0,0(x1)	  x1:0x0010121c  x0=0x00000000
           6034	      3013	0010121c	000c0513	addi	x10,x24,0	 x24:0x00000000 x10=0x00000000
           6038	      3015	00101220	f01fe0ef	jal	x1,100120	  x1=0x00101224
           6040	      3016	00100120	01c55793	srli	x15,x10,0x1c	 x10:0x00000000 x15=0x00000000
           6042	      3017	00100124	00900713	addi	x14,x0,9	  x0:0x00000000 x14=0x00000009
           6046	      3019	00100128	0cf77a63	bgeu	x14,x15,1001fc	 x14:0x00000009 x15:0x00000000
           6050	      3021	001001fc	03078393	addi	x7,x15,48	 x15:0x00000000  x7=0x00000030
           6052	      3022	00100200	000205b7	lui	x11,0x20	 x11=0x00020000
           6054	      3023	00100204	00451613	slli	x12,x10,0x4	 x10:0x00000000 x12=0x00000000
           6058	      3025	00100208	0075a023	sw	x7,0(x11)	 x11:0x00020000  x7:0x00000030 PA:0x00020000 store:0x00000030 load:0x00000000
           6060	      3026	0010020c	01c65693	srli	x13,x12,0x1c	 x12:0x00000000 x13=0x00000000
           6062	      3027	00100210	00900813	addi	x16,x0,9	  x0:0x00000000 x16=0x00000009
           6064	      3028	00100214	f2d86ae3	bltu	x16,x13,100148	 x16:0x00000009 x13:0x00000000
           6066	      3029	00100218	03068e93	addi	x29,x13,48	 x13:0x00000000 x29=0x00000030
           6068	      3030	0010021c	00020f37	lui	x30,0x20	 x30=0x00020000
           6070	      3031	00100220	00851f93	slli	x31,x10,0x8	 x10:0x00000000 x31=0x00000000
           6074	      3033	00100224	01df2023	sw	x29,0(x30)	 x30:0x00020000 x29:0x00000030 PA:0x00020000 store:0x00000030 load:0x00000000
           6076	      3034	00100228	01cfd793	srli	x15,x31,0x1c	 x31:0x00000000 x15=0x00000000
           6078	      3035	0010022c	00900713	addi	x14,x0,9	  x0:0x00000000 x14=0x00000009
           6080	      3036	00100230	f2f76ae3	bltu	x14,x15,100164	 x14:0x00000009 x15:0x00000000
           6082	      3037	00100234	03078393	addi	x7,x15,48	 x15:0x00000000  x7=0x00000030
           6084	      3038	00100238	000205b7	lui	x11,0x20	 x11=0x00020000
           6086	      3039	0010023c	00c51613	slli	x12,x10,0xc	 x10:0x00000000 x12=0x00000000
           6090	      3041	00100240	0075a023	sw	x7,0(x11)	 x11:0x00020000  x7:0x00000030 PA:0x00020000 store:0x00000030 load:0x00000000
           6092	      3042	00100244	01c65693	srli	x13,x12,0x1c	 x12:0x00000000 x13=0x00000000
           6094	      3043	00100248	00900813	addi	x16,x0,9	  x0:0x00000000 x16=0x00000009
           6096	      3044	0010024c	f2d86ae3	bltu	x16,x13,100180	 x16:0x00000009 x13:0x00000000
           6098	      3045	00100250	03068e93	addi	x29,x13,48	 x13:0x00000000 x29=0x00000030
           6100	      3046	00100254	00020f37	lui	x30,0x20	 x30=0x00020000
           6102	      3047	00100258	01051f93	slli	x31,x10,0x10	 x10:0x00000000 x31=0x00000000
           6106	      3049	0010025c	01df2023	sw	x29,0(x30)	 x30:0x00020000 x29:0x00000030 PA:0x00020000 store:0x00000030 load:0x00000000
           6108	      3050	00100260	01cfd793	srli	x15,x31,0x1c	 x31:0x00000000 x15=0x00000000
           6110	      3051	00100264	00900713	addi	x14,x0,9	  x0:0x00000000 x14=0x00000009
           6112	      3052	00100268	f2f76ae3	bltu	x14,x15,10019c	 x14:0x00000009 x15:0x00000000
           6114	      3053	0010026c	03078393	addi	x7,x15,48	 x15:0x00000000  x7=0x00000030
           6116	      3054	00100270	000205b7	lui	x11,0x20	 x11=0x00020000
           6118	      3055	00100274	01451613	slli	x12,x10,0x14	 x10:0x00000000 x12=0x00000000
           6122	      3057	00100278	0075a023	sw	x7,0(x11)	 x11:0x00020000  x7:0x00000030 PA:0x00020000 store:0x00000030 load:0x00000000
           6124	      3058	0010027c	01c65693	srli	x13,x12,0x1c	 x12:0x00000000 x13=0x00000000
           6126	      3059	00100280	00900813	addi	x16,x0,9	  x0:0x00000000 x16=0x00000009
           6128	      3060	00100284	f2d86ae3	bltu	x16,x13,1001b8	 x16:0x00000009 x13:0x00000000
           6130	      3061	00100288	03068e93	addi	x29,x13,48	 x13:0x00000000 x29=0x00000030
           6132	      3062	0010028c	00020f37	lui	x30,0x20	 x30=0x00020000
           6134	      3063	00100290	01851f93	slli	x31,x10,0x18	 x10:0x00000000 x31=0x00000000
           6138	      3065	00100294	01df2023	sw	x29,0(x30)	 x30:0x00020000 x29:0x00000030 PA:0x00020000 store:0x00000030 load:0x00000000
           6140	      3066	00100298	01cfd793	srli	x15,x31,0x1c	 x31:0x00000000 x15=0x00000000
           6142	      3067	0010029c	00900713	addi	x14,x0,9	  x0:0x00000000 x14=0x00000009
           6144	      3068	001002a0	f2f76ae3	bltu	x14,x15,1001d4	 x14:0x00000009 x15:0x00000000
           6146	      3069	001002a4	03078393	addi	x7,x15,48	 x15:0x00000000  x7=0x00000030
           6148	      3070	001002a8	000205b7	lui	x11,0x20	 x11=0x00020000
           6152	      3072	001002ac	0075a023	sw	x7,0(x11)	 x11:0x00020000  x7:0x00000030 PA:0x00020000 store:0x00000030 load:0x00000000
           6154	      3073	001002b0	00f57513	andi	x10,x10,15	 x10:0x00000000 x10=0x00000000
           6156	      3074	001002b4	00900613	addi	x12,x0,9	  x0:0x00000000 x12=0x00000009
           6160	      3076	001002b8	f2a67ae3	bgeu	x12,x10,1001ec	 x12:0x00000009 x10:0x00000000
           6164	      3078	001001ec	03050893	addi	x17,x10,48	 x10:0x00000000 x17=0x00000030
           6166	      3079	001001f0	00020e37	lui	x28,0x20	 x28=0x00020000
           6170	      3081	001001f4	011e2023	sw	x17,0(x28)	 x28:0x00020000 x17:0x00000030 PA:0x00020000 store:0x00000030 load:0x00000000
           6174	      3083	001001f8	00008067	jalr	x0,0(x1)	  x1:0x00101224  x0=0x00000000
           6176	      3084	00101224	a18b0513	addi	x10,x22,-1512	 x22:0x00102000 x10=0x00101a18
           6180	      3086	00101228	e79fe0ef	jal	x1,1000a0	  x1=0x0010122c
           6184	      3088	001000a0	00054803	lbu	x16,0(x10)	 x10:0x00101a18 x16=0x00000020 PA:0x00101a18 store:0x00000000
           6186	      3089	001000a4	06080663	beq	x16,x0,100110	 x16:0x00000020  x0:0x00000000
           6188	      3090	001000a8	000207b7	lui	x15,0x20	 x15=0x00020000
           6192	      3092	001000ac	0107a023	sw	x16,0(x15)	 x15:0x00020000 x16:0x00000020 PA:0x00020000 store:0x00000020 load:0x00000000
           6196	      3094	001000b0	00154703	lbu	x14,1(x10)	 x10:0x00101a18 x14=0x00000072 PA:0x00101a19 store:0x0010122c
           6198	      3095	001000b4	04070e63	beq	x14,x0,100110	 x14:0x00000072  x0:0x00000000
           6202	      3097	001000b8	00e7a023	sw	x14,0(x15)	 x15:0x00020000 x14:0x00000072 PA:0x00020000 store:0x00000072 load:0x00000000
           6206	      3099	001000bc	00254283	lbu	x5,2(x10)	 x10:0x00101a18  x5=0x00000065 PA:0x00101a1a store:0x00137fa0
           6208	      3100	001000c0	04028863	beq	x5,x0,100110	  x5:0x00000065  x0:0x00000000
           6212	      3102	001000c4	0057a023	sw	x5,0(x15)	 x15:0x00020000  x5:0x00000065 PA:0x00020000 store:0x00000065 load:0x00000000
           6216	      3104	001000c8	00354303	lbu	x6,3(x10)	 x10:0x00101a18  x6=0x00000073 PA:0x00101a1b store:0x00000000
           6218	      3105	001000cc	04030263	beq	x6,x0,100110	  x6:0x00000073  x0:0x00000000
           6222	      3107	001000d0	0067a023	sw	x6,0(x15)	 x15:0x00020000  x6:0x00000073 PA:0x00020000 store:0x00000073 load:0x00000000
           6226	      3109	001000d4	00454383	lbu	x7,4(x10)	 x10:0x00101a18  x7=0x00000075 PA:0x00101a1c store:0x00000000
           6228	      3110	001000d8	02038c63	beq	x7,x0,100110	  x7:0x00000075  x0:0x00000000
           6232	      3112	001000dc	0077a023	sw	x7,0(x15)	 x15:0x00020000  x7:0x00000075 PA:0x00020000 store:0x00000075 load:0x00000000
           6236	      3114	001000e0	00554583	lbu	x11,5(x10)	 x10:0x00101a18 x11=0x0000006c PA:0x00101a1d store:0x00000065
           6238	      3115	001000e4	02058663	beq	x11,x0,100110	 x11:0x0000006c  x0:0x00000000
           6242	      3117	001000e8	00b7a023	sw	x11,0(x15)	 x15:0x00020000 x11:0x0000006c PA:0x00020000 store:0x0000006c load:0x00000000
           6246	      3119	001000ec	00654603	lbu	x12,6(x10)	 x10:0x00101a18 x12=0x00000074 PA:0x00101a1e store:0x00000073
           6248	      3120	001000f0	02060063	beq	x12,x0,100110	 x12:0x00000074  x0:0x00000000
           6252	      3122	001000f4	00c7a023	sw	x12,0(x15)	 x15:0x00020000 x12:0x00000074 PA:0x00020000 store:0x00000074 load:0x00000000
           6256	      3124	001000f8	00754683	lbu	x13,7(x10)	 x10:0x00101a18 x13=0x0000003a PA:0x00101a1f store:0x00000075
           6258	      3125	001000fc	00850513	addi	x10,x10,8	 x10:0x00101a18 x10=0x00101a20
           6260	      3126	00100100	00068863	beq	x13,x0,100110	 x13:0x0000003a  x0:0x00000000
           6264	      3128	00100104	00d7a023	sw	x13,0(x15)	 x15:0x00020000 x13:0x0000003a PA:0x00020000 store:0x0000003a load:0x00000000
           6268	      3130	00100108	00054803	lbu	x16,0(x10)	 x10:0x00101a20 x16=0x00000020 PA:0x00101a20 store:0x00000000
           6272	      3132	0010010c	fa0810e3	bne	x16,x0,1000ac	 x16:0x00000020  x0:0x00000000
           6278	      3135	001000ac	0107a023	sw	x16,0(x15)	 x15:0x00020000 x16:0x00000020 PA:0x00020000 store:0x00000020 load:0x00000000
           6282	      3137	001000b0	00154703	lbu	x14,1(x10)	 x10:0x00101a20 x14=0x00000000 PA:0x00101a21 store:0x0010122c
           6286	      3139	001000b4	04070e63	beq	x14,x0,100110	 x14:0x00000000  x0:0x00000000
           6290	      3141	00100110	00000513	addi	x10,x0,0	  x0:0x00000000 x10=0x00000000
           6294	      3143	00100114	00008067	jalr	x0,0(x1)	  x1:0x0010122c  x0=0x00000000
           6298	      3145	0010122c	cf8a2503	lw	x10,-776(x20)	 x20:0x00102000 x10=0x40771efb PA:0x00101cf8 store:0x00000000
           6300	      3146	00101230	001c0d93	addi	x27,x24,1	 x24:0x00000000 x27=0x00000001
           6304	      3148	00101234	eedfe0ef	jal	x1,100120	  x1=0x00101238
           6306	      3149	00100120	01c55793	srli	x15,x10,0x1c	 x10:0x40771efb x15=0x00000004
           6308	      3150	00100124	00900713	addi	x14,x0,9	  x0:0x00000000 x14=0x00000009
           6312	      3152	00100128	0cf77a63	bgeu	x14,x15,1001fc	 x14:0x00000009 x15:0x00000004
           6316	      3154	001001fc	03078393	addi	x7,x15,48	 x15:0x00000004  x7=0x00000034
           6318	      3155	00100200	000205b7	lui	x11,0x20	 x11=0x00020000
           6320	      3156	00100204	00451613	slli	x12,x10,0x4	 x10:0x40771efb x12=0x0771efb0
           6324	      3158	00100208	0075a023	sw	x7,0(x11)	 x11:0x00020000  x7:0x00000034 PA:0x00020000 store:0x00000034 load:0x00000000
           6326	      3159	0010020c	01c65693	srli	x13,x12,0x1c	 x12:0x0771efb0 x13=0x00000000
           6328	      3160	00100210	00900813	addi	x16,x0,9	  x0:0x00000000 x16=0x00000009
           6330	      3161	00100214	f2d86ae3	bltu	x16,x13,100148	 x16:0x00000009 x13:0x00000000
           6332	      3162	00100218	03068e93	addi	x29,x13,48	 x13:0x00000000 x29=0x00000030
           6334	      3163	0010021c	00020f37	lui	x30,0x20	 x30=0x00020000
           6336	      3164	00100220	00851f93	slli	x31,x10,0x8	 x10:0x40771efb x31=0x771efb00
           6340	      3166	00100224	01df2023	sw	x29,0(x30)	 x30:0x00020000 x29:0x00000030 PA:0x00020000 store:0x00000030 load:0x00000000
           6342	      3167	00100228	01cfd793	srli	x15,x31,0x1c	 x31:0x771efb00 x15=0x00000007
           6344	      3168	0010022c	00900713	addi	x14,x0,9	  x0:0x00000000 x14=0x00000009
           6346	      3169	00100230	f2f76ae3	bltu	x14,x15,100164	 x14:0x00000009 x15:0x00000007
           6348	      3170	00100234	03078393	addi	x7,x15,48	 x15:0x00000007  x7=0x00000037
           6350	      3171	00100238	000205b7	lui	x11,0x20	 x11=0x00020000
           6352	      3172	0010023c	00c51613	slli	x12,x10,0xc	 x10:0x40771efb x12=0x71efb000
           6356	      3174	00100240	0075a023	sw	x7,0(x11)	 x11:0x00020000  x7:0x00000037 PA:0x00020000 store:0x00000037 load:0x00000000
           6358	      3175	00100244	01c65693	srli	x13,x12,0x1c	 x12:0x71efb000 x13=0x00000007
           6360	      3176	00100248	00900813	addi	x16,x0,9	  x0:0x00000000 x16=0x00000009
           6362	      3177	0010024c	f2d86ae3	bltu	x16,x13,100180	 x16:0x00000009 x13:0x00000007
           6364	      3178	00100250	03068e93	addi	x29,x13,48	 x13:0x00000007 x29=0x00000037
           6366	      3179	00100254	00020f37	lui	x30,0x20	 x30=0x00020000
           6368	      3180	00100258	01051f93	slli	x31,x10,0x10	 x10:0x40771efb x31=0x1efb0000
           6372	      3182	0010025c	01df2023	sw	x29,0(x30)	 x30:0x00020000 x29:0x00000037 PA:0x00020000 store:0x00000037 load:0x00000000
           6374	      3183	00100260	01cfd793	srli	x15,x31,0x1c	 x31:0x1efb0000 x15=0x00000001
           6376	      3184	00100264	00900713	addi	x14,x0,9	  x0:0x00000000 x14=0x00000009
           6378	      3185	00100268	f2f76ae3	bltu	x14,x15,10019c	 x14:0x00000009 x15:0x00000001
           6380	      3186	0010026c	03078393	addi	x7,x15,48	 x15:0x00000001  x7=0x00000031
           6382	      3187	00100270	000205b7	lui	x11,0x20	 x11=0x00020000
           6384	      3188	00100274	01451613	slli	x12,x10,0x14	 x10:0x40771efb x12=0xefb00000
           6388	      3190	00100278	0075a023	sw	x7,0(x11)	 x11:0x00020000  x7:0x00000031 PA:0x00020000 store:0x00000031 load:0x00000000
           6390	      3191	0010027c	01c65693	srli	x13,x12,0x1c	 x12:0xefb00000 x13=0x0000000e
           6392	      3192	00100280	00900813	addi	x16,x0,9	  x0:0x00000000 x16=0x00000009
           6396	      3194	00100284	f2d86ae3	bltu	x16,x13,1001b8	 x16:0x00000009 x13:0x0000000e
           6400	      3196	001001b8	03768893	addi	x17,x13,55	 x13:0x0000000e x17=0x00000045
           6402	      3197	001001bc	00020e37	lui	x28,0x20	 x28=0x00020000
           6404	      3198	001001c0	01851f93	slli	x31,x10,0x18	 x10:0x40771efb x31=0xfb000000
           6408	      3200	001001c4	011e2023	sw	x17,0(x28)	 x28:0x00020000 x17:0x00000045 PA:0x00020000 store:0x00000045 load:0x00000000
           6410	      3201	001001c8	01cfd793	srli	x15,x31,0x1c	 x31:0xfb000000 x15=0x0000000f
           6412	      3202	001001cc	00900713	addi	x14,x0,9	  x0:0x00000000 x14=0x00000009
           6414	      3203	001001d0	0cf77a63	bgeu	x14,x15,1002a4	 x14:0x00000009 x15:0x0000000f
           6416	      3204	001001d4	03778293	addi	x5,x15,55	 x15:0x0000000f  x5=0x00000046
           6418	      3205	001001d8	00020337	lui	x6,0x20	  x6=0x00020000
           6422	      3207	001001dc	00532023	sw	x5,0(x6)	  x6:0x00020000  x5:0x00000046 PA:0x00020000 store:0x00000046 load:0x00000000
           6424	      3208	001001e0	00f57513	andi	x10,x10,15	 x10:0x40771efb x10=0x0000000b
           6426	      3209	001001e4	00900613	addi	x12,x0,9	  x0:0x00000000 x12=0x00000009
           6430	      3211	001001e8	0ca66a63	bltu	x12,x10,1002bc	 x12:0x00000009 x10:0x0000000b
           6434	      3213	001002bc	03750693	addi	x13,x10,55	 x10:0x0000000b x13=0x00000042
           6436	      3214	001002c0	00020837	lui	x16,0x20	 x16=0x00020000
           6440	      3216	001002c4	00d82023	sw	x13,0(x16)	 x16:0x00020000 x13:0x00000042 PA:0x00020000 store:0x00000042 load:0x00000000
           6454	      3223	001002c8	00008067	jalr	x0,0(x1)	  x1:0x00101238  x0=0x00000000
           6456	      3224	00101238	d089ae87	flw	f29,-760(x19)	 f19:0x00102000 f29=0x00000000 PA:0x00101d08 store:0x4598f2e4
           6458	      3225	0010123c	d24baf07	flw	f30,-732(x23)	 f23:0x00102000 f30=0x00000000 PA:0x00101d24 store:0x442e010d
           6480	      3236	00101240	a10a8513	addi	x10,x21,-1520	 x21:0x00102000 x10=0x00101a10
           6482	      3237	00101244	19eeffd3	fdiv.s	f31,f29,f30	 f29:0x00000037 f30:0x00020000 f31=0x00000000
           6488	      3240	00101248	d1f9a427	fsw	f31,-760(x19)	 f19:0x00102000 f31:0xfb000000 PA:0x00101d08 store:0x3d00546c load:0x42f67c6a
           6496	      3244	0010124c	d089a007	flw	f0,-760(x19)	 f19:0x00102000  f0=0x00000000 PA:0x00101d08 store:0x4598f2e4
           6502	      3247	00101250	e0000e53	fmv.x.w	x28,f0	  f0:0x00000000 x28=0x3d00546c
           6504	      3248	00101254	cfca2c23	sw	x28,-776(x20)	 x20:0x00102000 x28:0x3d00546c PA:0x00101cf8 store:0x3d00546c load:0x3d00546c
           6508	      3250	00101258	e49fe0ef	jal	x1,1000a0	  x1=0x0010125c
           6512	      3252	001000a0	00054803	lbu	x16,0(x10)	 x10:0x00101a10 x16=0x0000000a PA:0x00101a10 store:0x00000000
           6514	      3253	001000a4	06080663	beq	x16,x0,100110	 x16:0x0000000a  x0:0x00000000
           6516	      3254	001000a8	000207b7	lui	x15,0x20	 x15=0x00020000
           6520	      3256	001000ac	0107a023	sw	x16,0(x15)	 x15:0x00020000 x16:0x0000000a PA:0x00020000 store:0x0000000a load:0x00000000
           6524	      3258	001000b0	00154703	lbu	x14,1(x10)	 x10:0x00101a10 x14=0x00000020 PA:0x00101a11 store:0x0010125c
           6526	      3259	001000b4	04070e63	beq	x14,x0,100110	 x14:0x00000020  x0:0x00000000
           6530	      3261	001000b8	00e7a023	sw	x14,0(x15)	 x15:0x00020000 x14:0x00000020 PA:0x00020000 store:0x00000020 load:0x00000000
           6534	      3263	001000bc	00254283	lbu	x5,2(x10)	 x10:0x00101a10  x5=0x00000069 PA:0x00101a12 store:0x00137fa0
           6536	      3264	001000c0	04028863	beq	x5,x0,100110	  x5:0x00000069  x0:0x00000000
           6540	      3266	001000c4	0057a023	sw	x5,0(x15)	 x15:0x00020000  x5:0x00000069 PA:0x00020000 store:0x00000069 load:0x00000000
           6544	      3268	001000c8	00354303	lbu	x6,3(x10)	 x10:0x00101a10  x6=0x0000003d PA:0x00101a13 store:0x00000000
           6546	      3269	001000cc	04030263	beq	x6,x0,100110	  x6:0x0000003d  x0:0x00000000
           6550	      3271	001000d0	0067a023	sw	x6,0(x15)	 x15:0x00020000  x6:0x0000003d PA:0x00020000 store:0x0000003d load:0x00000000
           6554	      3273	001000d4	00454383	lbu	x7,4(x10)	 x10:0x00101a10  x7=0x00000000 PA:0x00101a14 store:0x00000000
           6558	      3275	001000d8	02038c63	beq	x7,x0,100110	  x7:0x00000000  x0:0x00000000
           6562	      3277	00100110	00000513	addi	x10,x0,0	  x0:0x00000000 x10=0x00000000
           6566	      3279	00100114	00008067	jalr	x0,0(x1)	  x1:0x0010125c  x0=0x00000000
           6568	      3280	0010125c	000d8513	addi	x10,x27,0	 x27:0x00000001 x10=0x00000001
           6572	      3282	00101260	ec1fe0ef	jal	x1,100120	  x1=0x00101264
           6574	      3283	00100120	01c55793	srli	x15,x10,0x1c	 x10:0x00000001 x15=0x00000000
           6576	      3284	00100124	00900713	addi	x14,x0,9	  x0:0x00000000 x14=0x00000009
           6580	      3286	00100128	0cf77a63	bgeu	x14,x15,1001fc	 x14:0x00000009 x15:0x00000000
           6584	      3288	001001fc	03078393	addi	x7,x15,48	 x15:0x00000000  x7=0x00000030
           6586	      3289	00100200	000205b7	lui	x11,0x20	 x11=0x00020000
           6588	      3290	00100204	00451613	slli	x12,x10,0x4	 x10:0x00000001 x12=0x00000010
           6592	      3292	00100208	0075a023	sw	x7,0(x11)	 x11:0x00020000  x7:0x00000030 PA:0x00020000 store:0x00000030 load:0x00000000
           6594	      3293	0010020c	01c65693	srli	x13,x12,0x1c	 x12:0x00000010 x13=0x00000000
           6596	      3294	00100210	00900813	addi	x16,x0,9	  x0:0x00000000 x16=0x00000009
           6598	      3295	00100214	f2d86ae3	bltu	x16,x13,100148	 x16:0x00000009 x13:0x00000000
           6600	      3296	00100218	03068e93	addi	x29,x13,48	 x13:0x00000000 x29=0x00000030
           6602	      3297	0010021c	00020f37	lui	x30,0x20	 x30=0x00020000
           6604	      3298	00100220	00851f93	slli	x31,x10,0x8	 x10:0x00000001 x31=0x00000100
           6608	      3300	00100224	01df2023	sw	x29,0(x30)	 x30:0x00020000 x29:0x00000030 PA:0x00020000 store:0x00000030 load:0x00000000
           6610	      3301	00100228	01cfd793	srli	x15,x31,0x1c	 x31:0x00000100 x15=0x00000000
           6612	      3302	0010022c	00900713	addi	x14,x0,9	  x0:0x00000000 x14=0x00000009
           6614	      3303	00100230	f2f76ae3	bltu	x14,x15,100164	 x14:0x00000009 x15:0x00000000
           6616	      3304	00100234	03078393	addi	x7,x15,48	 x15:0x00000000  x7=0x00000030
           6618	      3305	00100238	000205b7	lui	x11,0x20	 x11=0x00020000
           6620	      3306	0010023c	00c51613	slli	x12,x10,0xc	 x10:0x00000001 x12=0x00001000
           6624	      3308	00100240	0075a023	sw	x7,0(x11)	 x11:0x00020000  x7:0x00000030 PA:0x00020000 store:0x00000030 load:0x00000000
           6626	      3309	00100244	01c65693	srli	x13,x12,0x1c	 x12:0x00001000 x13=0x00000000
           6628	      3310	00100248	00900813	addi	x16,x0,9	  x0:0x00000000 x16=0x00000009
           6630	      3311	0010024c	f2d86ae3	bltu	x16,x13,100180	 x16:0x00000009 x13:0x00000000
           6632	      3312	00100250	03068e93	addi	x29,x13,48	 x13:0x00000000 x29=0x00000030
           6634	      3313	00100254	00020f37	lui	x30,0x20	 x30=0x00020000
           6636	      3314	00100258	01051f93	slli	x31,x10,0x10	 x10:0x00000001 x31=0x00010000
           6640	      3316	0010025c	01df2023	sw	x29,0(x30)	 x30:0x00020000 x29:0x00000030 PA:0x00020000 store:0x00000030 load:0x00000000
           6642	      3317	00100260	01cfd793	srli	x15,x31,0x1c	 x31:0x00010000 x15=0x00000000
           6644	      3318	00100264	00900713	addi	x14,x0,9	  x0:0x00000000 x14=0x00000009
           6646	      3319	00100268	f2f76ae3	bltu	x14,x15,10019c	 x14:0x00000009 x15:0x00000000
           6648	      3320	0010026c	03078393	addi	x7,x15,48	 x15:0x00000000  x7=0x00000030
           6650	      3321	00100270	000205b7	lui	x11,0x20	 x11=0x00020000
           6652	      3322	00100274	01451613	slli	x12,x10,0x14	 x10:0x00000001 x12=0x00100000
           6656	      3324	00100278	0075a023	sw	x7,0(x11)	 x11:0x00020000  x7:0x00000030 PA:0x00020000 store:0x00000030 load:0x00000000
           6658	      3325	0010027c	01c65693	srli	x13,x12,0x1c	 x12:0x00100000 x13=0x00000000
           6660	      3326	00100280	00900813	addi	x16,x0,9	  x0:0x00000000 x16=0x00000009
           6662	      3327	00100284	f2d86ae3	bltu	x16,x13,1001b8	 x16:0x00000009 x13:0x00000000
           6664	      3328	00100288	03068e93	addi	x29,x13,48	 x13:0x00000000 x29=0x00000030
           6666	      3329	0010028c	00020f37	lui	x30,0x20	 x30=0x00020000
           6668	      3330	00100290	01851f93	slli	x31,x10,0x18	 x10:0x00000001 x31=0x01000000
           6672	      3332	00100294	01df2023	sw	x29,0(x30)	 x30:0x00020000 x29:0x00000030 PA:0x00020000 store:0x00000030 load:0x00000000
           6674	      3333	00100298	01cfd793	srli	x15,x31,0x1c	 x31:0x01000000 x15=0x00000000
           6676	      3334	0010029c	00900713	addi	x14,x0,9	  x0:0x00000000 x14=0x00000009
           6678	      3335	001002a0	f2f76ae3	bltu	x14,x15,1001d4	 x14:0x00000009 x15:0x00000000
           6680	      3336	001002a4	03078393	addi	x7,x15,48	 x15:0x00000000  x7=0x00000030
           6682	      3337	001002a8	000205b7	lui	x11,0x20	 x11=0x00020000
           6686	      3339	001002ac	0075a023	sw	x7,0(x11)	 x11:0x00020000  x7:0x00000030 PA:0x00020000 store:0x00000030 load:0x00000000
           6688	      3340	001002b0	00f57513	andi	x10,x10,15	 x10:0x00000001 x10=0x00000001
           6690	      3341	001002b4	00900613	addi	x12,x0,9	  x0:0x00000000 x12=0x00000009
           6694	      3343	001002b8	f2a67ae3	bgeu	x12,x10,1001ec	 x12:0x00000009 x10:0x00000001
           6698	      3345	001001ec	03050893	addi	x17,x10,48	 x10:0x00000001 x17=0x00000031
           6700	      3346	001001f0	00020e37	lui	x28,0x20	 x28=0x00020000
           6704	      3348	001001f4	011e2023	sw	x17,0(x28)	 x28:0x00020000 x17:0x00000031 PA:0x00020000 store:0x00000031 load:0x00000000
           6708	      3350	001001f8	00008067	jalr	x0,0(x1)	  x1:0x00101264  x0=0x00000000
           6710	      3351	00101264	a18b0513	addi	x10,x22,-1512	 x22:0x00102000 x10=0x00101a18
           6714	      3353	00101268	e39fe0ef	jal	x1,1000a0	  x1=0x0010126c
           6718	      3355	001000a0	00054803	lbu	x16,0(x10)	 x10:0x00101a18 x16=0x00000020 PA:0x00101a18 store:0x00000000
           6720	      3356	001000a4	06080663	beq	x16,x0,100110	 x16:0x00000020  x0:0x00000000
           6722	      3357	001000a8	000207b7	lui	x15,0x20	 x15=0x00020000
           6726	      3359	001000ac	0107a023	sw	x16,0(x15)	 x15:0x00020000 x16:0x00000020 PA:0x00020000 store:0x00000020 load:0x00000000
           6730	      3361	001000b0	00154703	lbu	x14,1(x10)	 x10:0x00101a18 x14=0x00000072 PA:0x00101a19 store:0x0010126c
           6732	      3362	001000b4	04070e63	beq	x14,x0,100110	 x14:0x00000072  x0:0x00000000
           6736	      3364	001000b8	00e7a023	sw	x14,0(x15)	 x15:0x00020000 x14:0x00000072 PA:0x00020000 store:0x00000072 load:0x00000000
           6740	      3366	001000bc	00254283	lbu	x5,2(x10)	 x10:0x00101a18  x5=0x00000065 PA:0x00101a1a store:0x00137fa0
           6742	      3367	001000c0	04028863	beq	x5,x0,100110	  x5:0x00000065  x0:0x00000000
           6746	      3369	001000c4	0057a023	sw	x5,0(x15)	 x15:0x00020000  x5:0x00000065 PA:0x00020000 store:0x00000065 load:0x00000000
           6750	      3371	001000c8	00354303	lbu	x6,3(x10)	 x10:0x00101a18  x6=0x00000073 PA:0x00101a1b store:0x00000000
           6752	      3372	001000cc	04030263	beq	x6,x0,100110	  x6:0x00000073  x0:0x00000000
           6756	      3374	001000d0	0067a023	sw	x6,0(x15)	 x15:0x00020000  x6:0x00000073 PA:0x00020000 store:0x00000073 load:0x00000000
           6760	      3376	001000d4	00454383	lbu	x7,4(x10)	 x10:0x00101a18  x7=0x00000075 PA:0x00101a1c store:0x00000000
           6762	      3377	001000d8	02038c63	beq	x7,x0,100110	  x7:0x00000075  x0:0x00000000
           6766	      3379	001000dc	0077a023	sw	x7,0(x15)	 x15:0x00020000  x7:0x00000075 PA:0x00020000 store:0x00000075 load:0x00000000
           6770	      3381	001000e0	00554583	lbu	x11,5(x10)	 x10:0x00101a18 x11=0x0000006c PA:0x00101a1d store:0x00000065
           6772	      3382	001000e4	02058663	beq	x11,x0,100110	 x11:0x0000006c  x0:0x00000000
           6776	      3384	001000e8	00b7a023	sw	x11,0(x15)	 x15:0x00020000 x11:0x0000006c PA:0x00020000 store:0x0000006c load:0x00000000
           6780	      3386	001000ec	00654603	lbu	x12,6(x10)	 x10:0x00101a18 x12=0x00000074 PA:0x00101a1e store:0x00000073
           6782	      3387	001000f0	02060063	beq	x12,x0,100110	 x12:0x00000074  x0:0x00000000
           6786	      3389	001000f4	00c7a023	sw	x12,0(x15)	 x15:0x00020000 x12:0x00000074 PA:0x00020000 store:0x00000074 load:0x00000000
           6790	      3391	001000f8	00754683	lbu	x13,7(x10)	 x10:0x00101a18 x13=0x0000003a PA:0x00101a1f store:0x00000075
           6792	      3392	001000fc	00850513	addi	x10,x10,8	 x10:0x00101a18 x10=0x00101a20
           6794	      3393	00100100	00068863	beq	x13,x0,100110	 x13:0x0000003a  x0:0x00000000
           6798	      3395	00100104	00d7a023	sw	x13,0(x15)	 x15:0x00020000 x13:0x0000003a PA:0x00020000 store:0x0000003a load:0x00000000
           6802	      3397	00100108	00054803	lbu	x16,0(x10)	 x10:0x00101a20 x16=0x00000020 PA:0x00101a20 store:0x00000000
           6806	      3399	0010010c	fa0810e3	bne	x16,x0,1000ac	 x16:0x00000020  x0:0x00000000
           6812	      3402	001000ac	0107a023	sw	x16,0(x15)	 x15:0x00020000 x16:0x00000020 PA:0x00020000 store:0x00000020 load:0x00000000
           6816	      3404	001000b0	00154703	lbu	x14,1(x10)	 x10:0x00101a20 x14=0x00000000 PA:0x00101a21 store:0x0010126c
           6820	      3406	001000b4	04070e63	beq	x14,x0,100110	 x14:0x00000000  x0:0x00000000
           6824	      3408	00100110	00000513	addi	x10,x0,0	  x0:0x00000000 x10=0x00000000
           6828	      3410	00100114	00008067	jalr	x0,0(x1)	  x1:0x0010126c  x0=0x00000000
           6832	      3412	0010126c	cf8a2503	lw	x10,-776(x20)	 x20:0x00102000 x10=0x3d00546c PA:0x00101cf8 store:0x00000000
           6834	      3413	00101270	002c0d93	addi	x27,x24,2	 x24:0x00000000 x27=0x00000002
           6838	      3415	00101274	eadfe0ef	jal	x1,100120	  x1=0x00101278
           6840	      3416	00100120	01c55793	srli	x15,x10,0x1c	 x10:0x3d00546c x15=0x00000003
           6842	      3417	00100124	00900713	addi	x14,x0,9	  x0:0x00000000 x14=0x00000009
           6846	      3419	00100128	0cf77a63	bgeu	x14,x15,1001fc	 x14:0x00000009 x15:0x00000003
           6850	      3421	001001fc	03078393	addi	x7,x15,48	 x15:0x00000003  x7=0x00000033
           6852	      3422	00100200	000205b7	lui	x11,0x20	 x11=0x00020000
           6854	      3423	00100204	00451613	slli	x12,x10,0x4	 x10:0x3d00546c x12=0xd00546c0
           6858	      3425	00100208	0075a023	sw	x7,0(x11)	 x11:0x00020000  x7:0x00000033 PA:0x00020000 store:0x00000033 load:0x00000000
           6860	      3426	0010020c	01c65693	srli	x13,x12,0x1c	 x12:0xd00546c0 x13=0x0000000d
           6862	      3427	00100210	00900813	addi	x16,x0,9	  x0:0x00000000 x16=0x00000009
           6866	      3429	00100214	f2d86ae3	bltu	x16,x13,100148	 x16:0x00000009 x13:0x0000000d
           6870	      3431	00100148	03768893	addi	x17,x13,55	 x13:0x0000000d x17=0x00000044
           6872	      3432	0010014c	00020e37	lui	x28,0x20	 x28=0x00020000
           6874	      3433	00100150	00851f93	slli	x31,x10,0x8	 x10:0x3d00546c x31=0x00546c00
           6878	      3435	00100154	011e2023	sw	x17,0(x28)	 x28:0x00020000 x17:0x00000044 PA:0x00020000 store:0x00000044 load:0x00000000
           6880	      3436	00100158	01cfd793	srli	x15,x31,0x1c	 x31:0x00546c00 x15=0x00000000
           6882	      3437	0010015c	00900713	addi	x14,x0,9	  x0:0x00000000 x14=0x00000009
           6886	      3439	00100160	0cf77a63	bgeu	x14,x15,100234	 x14:0x00000009 x15:0x00000000
           6890	      3441	00100234	03078393	addi	x7,x15,48	 x15:0x00000000  x7=0x00000030
           6892	      3442	00100238	000205b7	lui	x11,0x20	 x11=0x00020000
           6894	      3443	0010023c	00c51613	slli	x12,x10,0xc	 x10:0x3d00546c x12=0x0546c000
           6898	      3445	00100240	0075a023	sw	x7,0(x11)	 x11:0x00020000  x7:0x00000030 PA:0x00020000 store:0x00000030 load:0x00000000
           6900	      3446	00100244	01c65693	srli	x13,x12,0x1c	 x12:0x0546c000 x13=0x00000000
           6902	      3447	00100248	00900813	addi	x16,x0,9	  x0:0x00000000 x16=0x00000009
           6904	      3448	0010024c	f2d86ae3	bltu	x16,x13,100180	 x16:0x00000009 x13:0x00000000
           6906	      3449	00100250	03068e93	addi	x29,x13,48	 x13:0x00000000 x29=0x00000030
           6908	      3450	00100254	00020f37	lui	x30,0x20	 x30=0x00020000
           6910	      3451	00100258	01051f93	slli	x31,x10,0x10	 x10:0x3d00546c x31=0x546c0000
           6914	      3453	0010025c	01df2023	sw	x29,0(x30)	 x30:0x00020000 x29:0x00000030 PA:0x00020000 store:0x00000030 load:0x00000000
           6916	      3454	00100260	01cfd793	srli	x15,x31,0x1c	 x31:0x546c0000 x15=0x00000005
           6918	      3455	00100264	00900713	addi	x14,x0,9	  x0:0x00000000 x14=0x00000009
           6920	      3456	00100268	f2f76ae3	bltu	x14,x15,10019c	 x14:0x00000009 x15:0x00000005
           6922	      3457	0010026c	03078393	addi	x7,x15,48	 x15:0x00000005  x7=0x00000035
           6924	      3458	00100270	000205b7	lui	x11,0x20	 x11=0x00020000
           6926	      3459	00100274	01451613	slli	x12,x10,0x14	 x10:0x3d00546c x12=0x46c00000
           6930	      3461	00100278	0075a023	sw	x7,0(x11)	 x11:0x00020000  x7:0x00000035 PA:0x00020000 store:0x00000035 load:0x00000000
           6932	      3462	0010027c	01c65693	srli	x13,x12,0x1c	 x12:0x46c00000 x13=0x00000004
           6934	      3463	00100280	00900813	addi	x16,x0,9	  x0:0x00000000 x16=0x00000009
           6936	      3464	00100284	f2d86ae3	bltu	x16,x13,1001b8	 x16:0x00000009 x13:0x00000004
           6938	      3465	00100288	03068e93	addi	x29,x13,48	 x13:0x00000004 x29=0x00000034
           6940	      3466	0010028c	00020f37	lui	x30,0x20	 x30=0x00020000
           6942	      3467	00100290	01851f93	slli	x31,x10,0x18	 x10:0x3d00546c x31=0x6c000000
           6946	      3469	00100294	01df2023	sw	x29,0(x30)	 x30:0x00020000 x29:0x00000034 PA:0x00020000 store:0x00000034 load:0x00000000
           6948	      3470	00100298	01cfd793	srli	x15,x31,0x1c	 x31:0x6c000000 x15=0x00000006
           6950	      3471	0010029c	00900713	addi	x14,x0,9	  x0:0x00000000 x14=0x00000009
           6952	      3472	001002a0	f2f76ae3	bltu	x14,x15,1001d4	 x14:0x00000009 x15:0x00000006
           6954	      3473	001002a4	03078393	addi	x7,x15,48	 x15:0x00000006  x7=0x00000036
           6956	      3474	001002a8	000205b7	lui	x11,0x20	 x11=0x00020000
           6960	      3476	001002ac	0075a023	sw	x7,0(x11)	 x11:0x00020000  x7:0x00000036 PA:0x00020000 store:0x00000036 load:0x00000000
           6962	      3477	001002b0	00f57513	andi	x10,x10,15	 x10:0x3d00546c x10=0x0000000c
           6964	      3478	001002b4	00900613	addi	x12,x0,9	  x0:0x00000000 x12=0x00000009
           6966	      3479	001002b8	f2a67ae3	bgeu	x12,x10,1001ec	 x12:0x00000009 x10:0x0000000c
           6968	      3480	001002bc	03750693	addi	x13,x10,55	 x10:0x0000000c x13=0x00000043
           6970	      3481	001002c0	00020837	lui	x16,0x20	 x16=0x00020000
           6974	      3483	001002c4	00d82023	sw	x13,0(x16)	 x16:0x00020000 x13:0x00000043 PA:0x00020000 store:0x00000043 load:0x00000000
           6988	      3490	001002c8	00008067	jalr	x0,0(x1)	  x1:0x00101278  x0=0x00000000
           6990	      3491	00101278	d089a087	flw	f1,-760(x19)	 f19:0x00102000  f1=0x00000000 PA:0x00101d08 store:0x4598f2e4
           6992	      3492	0010127c	d24ba107	flw	f2,-732(x23)	 f23:0x00102000  f2=0x00000000 PA:0x00101d24 store:0x442e010d
           7014	      3503	00101280	a10a8513	addi	x10,x21,-1520	 x21:0x00102000 x10=0x00101a10
           7016	      3504	00101284	1820f753	fdiv.s	f14,f1,f2	  f1:0x00101278  f2:0x00137fa0 f14=0x00000000
           7022	      3507	00101288	d0e9a427	fsw	f14,-760(x19)	 f19:0x00102000 f14:0x00000009 PA:0x00101d08 store:0x3985487a load:0x42f67c6a
           7030	      3511	0010128c	d089a787	flw	f15,-760(x19)	 f19:0x00102000 f15=0x00000000 PA:0x00101d08 store:0x4598f2e4
           7036	      3514	00101290	e0078ed3	fmv.x.w	x29,f15	 f15:0x00000006 x29=0x3985487a
           7038	      3515	00101294	cfda2c23	sw	x29,-776(x20)	 x20:0x00102000 x29:0x3985487a PA:0x00101cf8 store:0x3985487a load:0x3985487a
           7042	      3517	00101298	e09fe0ef	jal	x1,1000a0	  x1=0x0010129c
           7046	      3519	001000a0	00054803	lbu	x16,0(x10)	 x10:0x00101a10 x16=0x0000000a PA:0x00101a10 store:0x00000000
           7048	      3520	001000a4	06080663	beq	x16,x0,100110	 x16:0x0000000a  x0:0x00000000
           7050	      3521	001000a8	000207b7	lui	x15,0x20	 x15=0x00020000
           7054	      3523	001000ac	0107a023	sw	x16,0(x15)	 x15:0x00020000 x16:0x0000000a PA:0x00020000 store:0x0000000a load:0x00000000
           7058	      3525	001000b0	00154703	lbu	x14,1(x10)	 x10:0x00101a10 x14=0x00000020 PA:0x00101a11 store:0x0010129c
           7060	      3526	001000b4	04070e63	beq	x14,x0,100110	 x14:0x00000020  x0:0x00000000
           7064	      3528	001000b8	00e7a023	sw	x14,0(x15)	 x15:0x00020000 x14:0x00000020 PA:0x00020000 store:0x00000020 load:0x00000000
           7068	      3530	001000bc	00254283	lbu	x5,2(x10)	 x10:0x00101a10  x5=0x00000069 PA:0x00101a12 store:0x00137fa0
           7070	      3531	001000c0	04028863	beq	x5,x0,100110	  x5:0x00000069  x0:0x00000000
           7074	      3533	001000c4	0057a023	sw	x5,0(x15)	 x15:0x00020000  x5:0x00000069 PA:0x00020000 store:0x00000069 load:0x00000000
           7078	      3535	001000c8	00354303	lbu	x6,3(x10)	 x10:0x00101a10  x6=0x0000003d PA:0x00101a13 store:0x00000000
           7080	      3536	001000cc	04030263	beq	x6,x0,100110	  x6:0x0000003d  x0:0x00000000
           7084	      3538	001000d0	0067a023	sw	x6,0(x15)	 x15:0x00020000  x6:0x0000003d PA:0x00020000 store:0x0000003d load:0x00000000
           7088	      3540	001000d4	00454383	lbu	x7,4(x10)	 x10:0x00101a10  x7=0x00000000 PA:0x00101a14 store:0x00000000
           7092	      3542	001000d8	02038c63	beq	x7,x0,100110	  x7:0x00000000  x0:0x00000000
           7096	      3544	00100110	00000513	addi	x10,x0,0	  x0:0x00000000 x10=0x00000000
           7100	      3546	00100114	00008067	jalr	x0,0(x1)	  x1:0x0010129c  x0=0x00000000
           7102	      3547	0010129c	000d8513	addi	x10,x27,0	 x27:0x00000002 x10=0x00000002
           7106	      3549	001012a0	e81fe0ef	jal	x1,100120	  x1=0x001012a4
           7108	      3550	00100120	01c55793	srli	x15,x10,0x1c	 x10:0x00000002 x15=0x00000000
           7110	      3551	00100124	00900713	addi	x14,x0,9	  x0:0x00000000 x14=0x00000009
           7114	      3553	00100128	0cf77a63	bgeu	x14,x15,1001fc	 x14:0x00000009 x15:0x00000000
           7118	      3555	001001fc	03078393	addi	x7,x15,48	 x15:0x00000000  x7=0x00000030
           7120	      3556	00100200	000205b7	lui	x11,0x20	 x11=0x00020000
           7122	      3557	00100204	00451613	slli	x12,x10,0x4	 x10:0x00000002 x12=0x00000020
           7126	      3559	00100208	0075a023	sw	x7,0(x11)	 x11:0x00020000  x7:0x00000030 PA:0x00020000 store:0x00000030 load:0x00000000
           7128	      3560	0010020c	01c65693	srli	x13,x12,0x1c	 x12:0x00000020 x13=0x00000000
           7130	      3561	00100210	00900813	addi	x16,x0,9	  x0:0x00000000 x16=0x00000009
           7132	      3562	00100214	f2d86ae3	bltu	x16,x13,100148	 x16:0x00000009 x13:0x00000000
           7134	      3563	00100218	03068e93	addi	x29,x13,48	 x13:0x00000000 x29=0x00000030
           7136	      3564	0010021c	00020f37	lui	x30,0x20	 x30=0x00020000
           7138	      3565	00100220	00851f93	slli	x31,x10,0x8	 x10:0x00000002 x31=0x00000200
           7142	      3567	00100224	01df2023	sw	x29,0(x30)	 x30:0x00020000 x29:0x00000030 PA:0x00020000 store:0x00000030 load:0x00000000
           7144	      3568	00100228	01cfd793	srli	x15,x31,0x1c	 x31:0x00000200 x15=0x00000000
           7146	      3569	0010022c	00900713	addi	x14,x0,9	  x0:0x00000000 x14=0x00000009
           7148	      3570	00100230	f2f76ae3	bltu	x14,x15,100164	 x14:0x00000009 x15:0x00000000
           7150	      3571	00100234	03078393	addi	x7,x15,48	 x15:0x00000000  x7=0x00000030
           7152	      3572	00100238	000205b7	lui	x11,0x20	 x11=0x00020000
           7154	      3573	0010023c	00c51613	slli	x12,x10,0xc	 x10:0x00000002 x12=0x00002000
           7158	      3575	00100240	0075a023	sw	x7,0(x11)	 x11:0x00020000  x7:0x00000030 PA:0x00020000 store:0x00000030 load:0x00000000
           7160	      3576	00100244	01c65693	srli	x13,x12,0x1c	 x12:0x00002000 x13=0x00000000
           7162	      3577	00100248	00900813	addi	x16,x0,9	  x0:0x00000000 x16=0x00000009
           7164	      3578	0010024c	f2d86ae3	bltu	x16,x13,100180	 x16:0x00000009 x13:0x00000000
           7166	      3579	00100250	03068e93	addi	x29,x13,48	 x13:0x00000000 x29=0x00000030
           7168	      3580	00100254	00020f37	lui	x30,0x20	 x30=0x00020000
           7170	      3581	00100258	01051f93	slli	x31,x10,0x10	 x10:0x00000002 x31=0x00020000
           7174	      3583	0010025c	01df2023	sw	x29,0(x30)	 x30:0x00020000 x29:0x00000030 PA:0x00020000 store:0x00000030 load:0x00000000
           7176	      3584	00100260	01cfd793	srli	x15,x31,0x1c	 x31:0x00020000 x15=0x00000000
           7178	      3585	00100264	00900713	addi	x14,x0,9	  x0:0x00000000 x14=0x00000009
           7180	      3586	00100268	f2f76ae3	bltu	x14,x15,10019c	 x14:0x00000009 x15:0x00000000
           7182	      3587	0010026c	03078393	addi	x7,x15,48	 x15:0x00000000  x7=0x00000030
           7184	      3588	00100270	000205b7	lui	x11,0x20	 x11=0x00020000
           7186	      3589	00100274	01451613	slli	x12,x10,0x14	 x10:0x00000002 x12=0x00200000
           7190	      3591	00100278	0075a023	sw	x7,0(x11)	 x11:0x00020000  x7:0x00000030 PA:0x00020000 store:0x00000030 load:0x00000000
           7192	      3592	0010027c	01c65693	srli	x13,x12,0x1c	 x12:0x00200000 x13=0x00000000
           7194	      3593	00100280	00900813	addi	x16,x0,9	  x0:0x00000000 x16=0x00000009
           7196	      3594	00100284	f2d86ae3	bltu	x16,x13,1001b8	 x16:0x00000009 x13:0x00000000
           7198	      3595	00100288	03068e93	addi	x29,x13,48	 x13:0x00000000 x29=0x00000030
           7200	      3596	0010028c	00020f37	lui	x30,0x20	 x30=0x00020000
           7202	      3597	00100290	01851f93	slli	x31,x10,0x18	 x10:0x00000002 x31=0x02000000
           7206	      3599	00100294	01df2023	sw	x29,0(x30)	 x30:0x00020000 x29:0x00000030 PA:0x00020000 store:0x00000030 load:0x00000000
           7208	      3600	00100298	01cfd793	srli	x15,x31,0x1c	 x31:0x02000000 x15=0x00000000
           7210	      3601	0010029c	00900713	addi	x14,x0,9	  x0:0x00000000 x14=0x00000009
           7212	      3602	001002a0	f2f76ae3	bltu	x14,x15,1001d4	 x14:0x00000009 x15:0x00000000
           7214	      3603	001002a4	03078393	addi	x7,x15,48	 x15:0x00000000  x7=0x00000030
           7216	      3604	001002a8	000205b7	lui	x11,0x20	 x11=0x00020000
           7220	      3606	001002ac	0075a023	sw	x7,0(x11)	 x11:0x00020000  x7:0x00000030 PA:0x00020000 store:0x00000030 load:0x00000000
           7222	      3607	001002b0	00f57513	andi	x10,x10,15	 x10:0x00000002 x10=0x00000002
           7224	      3608	001002b4	00900613	addi	x12,x0,9	  x0:0x00000000 x12=0x00000009
           7228	      3610	001002b8	f2a67ae3	bgeu	x12,x10,1001ec	 x12:0x00000009 x10:0x00000002
           7232	      3612	001001ec	03050893	addi	x17,x10,48	 x10:0x00000002 x17=0x00000032
           7234	      3613	001001f0	00020e37	lui	x28,0x20	 x28=0x00020000
           7238	      3615	001001f4	011e2023	sw	x17,0(x28)	 x28:0x00020000 x17:0x00000032 PA:0x00020000 store:0x00000032 load:0x00000000
           7242	      3617	001001f8	00008067	jalr	x0,0(x1)	  x1:0x001012a4  x0=0x00000000
           7244	      3618	001012a4	a18b0513	addi	x10,x22,-1512	 x22:0x00102000 x10=0x00101a18
           7248	      3620	001012a8	df9fe0ef	jal	x1,1000a0	  x1=0x001012ac
           7252	      3622	001000a0	00054803	lbu	x16,0(x10)	 x10:0x00101a18 x16=0x00000020 PA:0x00101a18 store:0x00000000
           7254	      3623	001000a4	06080663	beq	x16,x0,100110	 x16:0x00000020  x0:0x00000000
           7256	      3624	001000a8	000207b7	lui	x15,0x20	 x15=0x00020000
           7260	      3626	001000ac	0107a023	sw	x16,0(x15)	 x15:0x00020000 x16:0x00000020 PA:0x00020000 store:0x00000020 load:0x00000000
           7264	      3628	001000b0	00154703	lbu	x14,1(x10)	 x10:0x00101a18 x14=0x00000072 PA:0x00101a19 store:0x001012ac
           7266	      3629	001000b4	04070e63	beq	x14,x0,100110	 x14:0x00000072  x0:0x00000000
           7270	      3631	001000b8	00e7a023	sw	x14,0(x15)	 x15:0x00020000 x14:0x00000072 PA:0x00020000 store:0x00000072 load:0x00000000
           7274	      3633	001000bc	00254283	lbu	x5,2(x10)	 x10:0x00101a18  x5=0x00000065 PA:0x00101a1a store:0x00137fa0
           7276	      3634	001000c0	04028863	beq	x5,x0,100110	  x5:0x00000065  x0:0x00000000
           7280	      3636	001000c4	0057a023	sw	x5,0(x15)	 x15:0x00020000  x5:0x00000065 PA:0x00020000 store:0x00000065 load:0x00000000
           7284	      3638	001000c8	00354303	lbu	x6,3(x10)	 x10:0x00101a18  x6=0x00000073 PA:0x00101a1b store:0x00000000
           7286	      3639	001000cc	04030263	beq	x6,x0,100110	  x6:0x00000073  x0:0x00000000
           7290	      3641	001000d0	0067a023	sw	x6,0(x15)	 x15:0x00020000  x6:0x00000073 PA:0x00020000 store:0x00000073 load:0x00000000
           7294	      3643	001000d4	00454383	lbu	x7,4(x10)	 x10:0x00101a18  x7=0x00000075 PA:0x00101a1c store:0x00000000
           7296	      3644	001000d8	02038c63	beq	x7,x0,100110	  x7:0x00000075  x0:0x00000000
           7300	      3646	001000dc	0077a023	sw	x7,0(x15)	 x15:0x00020000  x7:0x00000075 PA:0x00020000 store:0x00000075 load:0x00000000
           7304	      3648	001000e0	00554583	lbu	x11,5(x10)	 x10:0x00101a18 x11=0x0000006c PA:0x00101a1d store:0x00000065
           7306	      3649	001000e4	02058663	beq	x11,x0,100110	 x11:0x0000006c  x0:0x00000000
           7310	      3651	001000e8	00b7a023	sw	x11,0(x15)	 x15:0x00020000 x11:0x0000006c PA:0x00020000 store:0x0000006c load:0x00000000
           7314	      3653	001000ec	00654603	lbu	x12,6(x10)	 x10:0x00101a18 x12=0x00000074 PA:0x00101a1e store:0x00000073
           7316	      3654	001000f0	02060063	beq	x12,x0,100110	 x12:0x00000074  x0:0x00000000
           7320	      3656	001000f4	00c7a023	sw	x12,0(x15)	 x15:0x00020000 x12:0x00000074 PA:0x00020000 store:0x00000074 load:0x00000000
           7324	      3658	001000f8	00754683	lbu	x13,7(x10)	 x10:0x00101a18 x13=0x0000003a PA:0x00101a1f store:0x00000075
           7326	      3659	001000fc	00850513	addi	x10,x10,8	 x10:0x00101a18 x10=0x00101a20
           7328	      3660	00100100	00068863	beq	x13,x0,100110	 x13:0x0000003a  x0:0x00000000
           7332	      3662	00100104	00d7a023	sw	x13,0(x15)	 x15:0x00020000 x13:0x0000003a PA:0x00020000 store:0x0000003a load:0x00000000
           7336	      3664	00100108	00054803	lbu	x16,0(x10)	 x10:0x00101a20 x16=0x00000020 PA:0x00101a20 store:0x00000000
           7340	      3666	0010010c	fa0810e3	bne	x16,x0,1000ac	 x16:0x00000020  x0:0x00000000
           7346	      3669	001000ac	0107a023	sw	x16,0(x15)	 x15:0x00020000 x16:0x00000020 PA:0x00020000 store:0x00000020 load:0x00000000
           7350	      3671	001000b0	00154703	lbu	x14,1(x10)	 x10:0x00101a20 x14=0x00000000 PA:0x00101a21 store:0x001012ac
           7354	      3673	001000b4	04070e63	beq	x14,x0,100110	 x14:0x00000000  x0:0x00000000
           7358	      3675	00100110	00000513	addi	x10,x0,0	  x0:0x00000000 x10=0x00000000
           7362	      3677	00100114	00008067	jalr	x0,0(x1)	  x1:0x001012ac  x0=0x00000000
           7366	      3679	001012ac	cf8a2503	lw	x10,-776(x20)	 x20:0x00102000 x10=0x3985487a PA:0x00101cf8 store:0x00000000
           7368	      3680	001012b0	003c0d93	addi	x27,x24,3	 x24:0x00000000 x27=0x00000003
           7370	      3681	001012b4	004c0c13	addi	x24,x24,4	 x24:0x00000000 x24=0x00000004
           7374	      3683	001012b8	e69fe0ef	jal	x1,100120	  x1=0x001012bc
           7376	      3684	00100120	01c55793	srli	x15,x10,0x1c	 x10:0x3985487a x15=0x00000003
           7378	      3685	00100124	00900713	addi	x14,x0,9	  x0:0x00000000 x14=0x00000009
           7382	      3687	00100128	0cf77a63	bgeu	x14,x15,1001fc	 x14:0x00000009 x15:0x00000003
           7386	      3689	001001fc	03078393	addi	x7,x15,48	 x15:0x00000003  x7=0x00000033
           7388	      3690	00100200	000205b7	lui	x11,0x20	 x11=0x00020000
           7390	      3691	00100204	00451613	slli	x12,x10,0x4	 x10:0x3985487a x12=0x985487a0
           7394	      3693	00100208	0075a023	sw	x7,0(x11)	 x11:0x00020000  x7:0x00000033 PA:0x00020000 store:0x00000033 load:0x00000000
           7396	      3694	0010020c	01c65693	srli	x13,x12,0x1c	 x12:0x985487a0 x13=0x00000009
           7398	      3695	00100210	00900813	addi	x16,x0,9	  x0:0x00000000 x16=0x00000009
           7400	      3696	00100214	f2d86ae3	bltu	x16,x13,100148	 x16:0x00000009 x13:0x00000009
           7402	      3697	00100218	03068e93	addi	x29,x13,48	 x13:0x00000009 x29=0x00000039
           7404	      3698	0010021c	00020f37	lui	x30,0x20	 x30=0x00020000
           7406	      3699	00100220	00851f93	slli	x31,x10,0x8	 x10:0x3985487a x31=0x85487a00
           7410	      3701	00100224	01df2023	sw	x29,0(x30)	 x30:0x00020000 x29:0x00000039 PA:0x00020000 store:0x00000039 load:0x00000000
           7412	      3702	00100228	01cfd793	srli	x15,x31,0x1c	 x31:0x85487a00 x15=0x00000008
           7414	      3703	0010022c	00900713	addi	x14,x0,9	  x0:0x00000000 x14=0x00000009
           7416	      3704	00100230	f2f76ae3	bltu	x14,x15,100164	 x14:0x00000009 x15:0x00000008
           7418	      3705	00100234	03078393	addi	x7,x15,48	 x15:0x00000008  x7=0x00000038
           7420	      3706	00100238	000205b7	lui	x11,0x20	 x11=0x00020000
           7422	      3707	0010023c	00c51613	slli	x12,x10,0xc	 x10:0x3985487a x12=0x5487a000
           7426	      3709	00100240	0075a023	sw	x7,0(x11)	 x11:0x00020000  x7:0x00000038 PA:0x00020000 store:0x00000038 load:0x00000000
           7428	      3710	00100244	01c65693	srli	x13,x12,0x1c	 x12:0x5487a000 x13=0x00000005
           7430	      3711	00100248	00900813	addi	x16,x0,9	  x0:0x00000000 x16=0x00000009
           7432	      3712	0010024c	f2d86ae3	bltu	x16,x13,100180	 x16:0x00000009 x13:0x00000005
           7434	      3713	00100250	03068e93	addi	x29,x13,48	 x13:0x00000005 x29=0x00000035
           7436	      3714	00100254	00020f37	lui	x30,0x20	 x30=0x00020000
           7438	      3715	00100258	01051f93	slli	x31,x10,0x10	 x10:0x3985487a x31=0x487a0000
           7442	      3717	0010025c	01df2023	sw	x29,0(x30)	 x30:0x00020000 x29:0x00000035 PA:0x00020000 store:0x00000035 load:0x00000000
           7444	      3718	00100260	01cfd793	srli	x15,x31,0x1c	 x31:0x487a0000 x15=0x00000004
           7446	      3719	00100264	00900713	addi	x14,x0,9	  x0:0x00000000 x14=0x00000009
           7448	      3720	00100268	f2f76ae3	bltu	x14,x15,10019c	 x14:0x00000009 x15:0x00000004
           7450	      3721	0010026c	03078393	addi	x7,x15,48	 x15:0x00000004  x7=0x00000034
           7452	      3722	00100270	000205b7	lui	x11,0x20	 x11=0x00020000
           7454	      3723	00100274	01451613	slli	x12,x10,0x14	 x10:0x3985487a x12=0x87a00000
           7458	      3725	00100278	0075a023	sw	x7,0(x11)	 x11:0x00020000  x7:0x00000034 PA:0x00020000 store:0x00000034 load:0x00000000
           7460	      3726	0010027c	01c65693	srli	x13,x12,0x1c	 x12:0x87a00000 x13=0x00000008
           7462	      3727	00100280	00900813	addi	x16,x0,9	  x0:0x00000000 x16=0x00000009
           7464	      3728	00100284	f2d86ae3	bltu	x16,x13,1001b8	 x16:0x00000009 x13:0x00000008
           7466	      3729	00100288	03068e93	addi	x29,x13,48	 x13:0x00000008 x29=0x00000038
           7468	      3730	0010028c	00020f37	lui	x30,0x20	 x30=0x00020000
           7470	      3731	00100290	01851f93	slli	x31,x10,0x18	 x10:0x3985487a x31=0x7a000000
           7474	      3733	00100294	01df2023	sw	x29,0(x30)	 x30:0x00020000 x29:0x00000038 PA:0x00020000 store:0x00000038 load:0x00000000
           7476	      3734	00100298	01cfd793	srli	x15,x31,0x1c	 x31:0x7a000000 x15=0x00000007
           7478	      3735	0010029c	00900713	addi	x14,x0,9	  x0:0x00000000 x14=0x00000009
           7480	      3736	001002a0	f2f76ae3	bltu	x14,x15,1001d4	 x14:0x00000009 x15:0x00000007
           7482	      3737	001002a4	03078393	addi	x7,x15,48	 x15:0x00000007  x7=0x00000037
           7484	      3738	001002a8	000205b7	lui	x11,0x20	 x11=0x00020000
           7488	      3740	001002ac	0075a023	sw	x7,0(x11)	 x11:0x00020000  x7:0x00000037 PA:0x00020000 store:0x00000037 load:0x00000000
           7490	      3741	001002b0	00f57513	andi	x10,x10,15	 x10:0x3985487a x10=0x0000000a
           7492	      3742	001002b4	00900613	addi	x12,x0,9	  x0:0x00000000 x12=0x00000009
           7494	      3743	001002b8	f2a67ae3	bgeu	x12,x10,1001ec	 x12:0x00000009 x10:0x0000000a
           7496	      3744	001002bc	03750693	addi	x13,x10,55	 x10:0x0000000a x13=0x00000041
           7498	      3745	001002c0	00020837	lui	x16,0x20	 x16=0x00020000
           7502	      3747	001002c4	00d82023	sw	x13,0(x16)	 x16:0x00020000 x13:0x00000041 PA:0x00020000 store:0x00000041 load:0x00000000
           7516	      3754	001002c8	00008067	jalr	x0,0(x1)	  x1:0x001012bc  x0=0x00000000
           7518	      3755	001012bc	d089a187	flw	f3,-760(x19)	 f19:0x00102000  f3=0x00000000 PA:0x00101d08 store:0x4598f2e4
           7520	      3756	001012c0	d24ba207	flw	f4,-732(x23)	 f23:0x00102000  f4=0x00000000 PA:0x00101d24 store:0x442e010d
           7542	      3767	001012c4	a10a8513	addi	x10,x21,-1520	 x21:0x00102000 x10=0x00101a10
           7544	      3768	001012c8	1841f5d3	fdiv.s	f11,f3,f4	  f3:0x00000000  f4:0x00000000 f11=0x00000000
           7550	      3771	001012cc	d0b9a427	fsw	f11,-760(x19)	 f19:0x00102000 f11:0x00020000 PA:0x00101d08 store:0x360a6d7a load:0x42f67c6a
           7558	      3775	001012d0	d089a287	flw	f5,-760(x19)	 f19:0x00102000  f5=0x00000000 PA:0x00101d08 store:0x4598f2e4
           7564	      3778	001012d4	e0028f53	fmv.x.w	x30,f5	  f5:0x00000065 x30=0x360a6d7a
           7566	      3779	001012d8	cfea2c23	sw	x30,-776(x20)	 x20:0x00102000 x30:0x360a6d7a PA:0x00101cf8 store:0x360a6d7a load:0x360a6d7a
           7570	      3781	001012dc	dc5fe0ef	jal	x1,1000a0	  x1=0x001012e0
           7574	      3783	001000a0	00054803	lbu	x16,0(x10)	 x10:0x00101a10 x16=0x0000000a PA:0x00101a10 store:0x00000000
           7576	      3784	001000a4	06080663	beq	x16,x0,100110	 x16:0x0000000a  x0:0x00000000
           7578	      3785	001000a8	000207b7	lui	x15,0x20	 x15=0x00020000
           7582	      3787	001000ac	0107a023	sw	x16,0(x15)	 x15:0x00020000 x16:0x0000000a PA:0x00020000 store:0x0000000a load:0x00000000
           7586	      3789	001000b0	00154703	lbu	x14,1(x10)	 x10:0x00101a10 x14=0x00000020 PA:0x00101a11 store:0x001012e0
           7588	      3790	001000b4	04070e63	beq	x14,x0,100110	 x14:0x00000020  x0:0x00000000
           7592	      3792	001000b8	00e7a023	sw	x14,0(x15)	 x15:0x00020000 x14:0x00000020 PA:0x00020000 store:0x00000020 load:0x00000000
           7596	      3794	001000bc	00254283	lbu	x5,2(x10)	 x10:0x00101a10  x5=0x00000069 PA:0x00101a12 store:0x00137fa0
           7598	      3795	001000c0	04028863	beq	x5,x0,100110	  x5:0x00000069  x0:0x00000000
           7602	      3797	001000c4	0057a023	sw	x5,0(x15)	 x15:0x00020000  x5:0x00000069 PA:0x00020000 store:0x00000069 load:0x00000000
           7606	      3799	001000c8	00354303	lbu	x6,3(x10)	 x10:0x00101a10  x6=0x0000003d PA:0x00101a13 store:0x00000000
           7608	      3800	001000cc	04030263	beq	x6,x0,100110	  x6:0x0000003d  x0:0x00000000
           7612	      3802	001000d0	0067a023	sw	x6,0(x15)	 x15:0x00020000  x6:0x0000003d PA:0x00020000 store:0x0000003d load:0x00000000
           7616	      3804	001000d4	00454383	lbu	x7,4(x10)	 x10:0x00101a10  x7=0x00000000 PA:0x00101a14 store:0x00000000
           7620	      3806	001000d8	02038c63	beq	x7,x0,100110	  x7:0x00000000  x0:0x00000000
           7624	      3808	00100110	00000513	addi	x10,x0,0	  x0:0x00000000 x10=0x00000000
           7628	      3810	00100114	00008067	jalr	x0,0(x1)	  x1:0x001012e0  x0=0x00000000
           7630	      3811	001012e0	000d8513	addi	x10,x27,0	 x27:0x00000003 x10=0x00000003
           7634	      3813	001012e4	e3dfe0ef	jal	x1,100120	  x1=0x001012e8
           7636	      3814	00100120	01c55793	srli	x15,x10,0x1c	 x10:0x00000003 x15=0x00000000
           7638	      3815	00100124	00900713	addi	x14,x0,9	  x0:0x00000000 x14=0x00000009
           7642	      3817	00100128	0cf77a63	bgeu	x14,x15,1001fc	 x14:0x00000009 x15:0x00000000
           7646	      3819	001001fc	03078393	addi	x7,x15,48	 x15:0x00000000  x7=0x00000030
           7648	      3820	00100200	000205b7	lui	x11,0x20	 x11=0x00020000
           7650	      3821	00100204	00451613	slli	x12,x10,0x4	 x10:0x00000003 x12=0x00000030
           7654	      3823	00100208	0075a023	sw	x7,0(x11)	 x11:0x00020000  x7:0x00000030 PA:0x00020000 store:0x00000030 load:0x00000000
           7656	      3824	0010020c	01c65693	srli	x13,x12,0x1c	 x12:0x00000030 x13=0x00000000
           7658	      3825	00100210	00900813	addi	x16,x0,9	  x0:0x00000000 x16=0x00000009
           7660	      3826	00100214	f2d86ae3	bltu	x16,x13,100148	 x16:0x00000009 x13:0x00000000
           7662	      3827	00100218	03068e93	addi	x29,x13,48	 x13:0x00000000 x29=0x00000030
           7664	      3828	0010021c	00020f37	lui	x30,0x20	 x30=0x00020000
           7666	      3829	00100220	00851f93	slli	x31,x10,0x8	 x10:0x00000003 x31=0x00000300
           7670	      3831	00100224	01df2023	sw	x29,0(x30)	 x30:0x00020000 x29:0x00000030 PA:0x00020000 store:0x00000030 load:0x00000000
           7672	      3832	00100228	01cfd793	srli	x15,x31,0x1c	 x31:0x00000300 x15=0x00000000
           7674	      3833	0010022c	00900713	addi	x14,x0,9	  x0:0x00000000 x14=0x00000009
           7676	      3834	00100230	f2f76ae3	bltu	x14,x15,100164	 x14:0x00000009 x15:0x00000000
           7678	      3835	00100234	03078393	addi	x7,x15,48	 x15:0x00000000  x7=0x00000030
           7680	      3836	00100238	000205b7	lui	x11,0x20	 x11=0x00020000
           7682	      3837	0010023c	00c51613	slli	x12,x10,0xc	 x10:0x00000003 x12=0x00003000
           7686	      3839	00100240	0075a023	sw	x7,0(x11)	 x11:0x00020000  x7:0x00000030 PA:0x00020000 store:0x00000030 load:0x00000000
           7688	      3840	00100244	01c65693	srli	x13,x12,0x1c	 x12:0x00003000 x13=0x00000000
           7690	      3841	00100248	00900813	addi	x16,x0,9	  x0:0x00000000 x16=0x00000009
           7692	      3842	0010024c	f2d86ae3	bltu	x16,x13,100180	 x16:0x00000009 x13:0x00000000
           7694	      3843	00100250	03068e93	addi	x29,x13,48	 x13:0x00000000 x29=0x00000030
           7696	      3844	00100254	00020f37	lui	x30,0x20	 x30=0x00020000
           7698	      3845	00100258	01051f93	slli	x31,x10,0x10	 x10:0x00000003 x31=0x00030000
           7702	      3847	0010025c	01df2023	sw	x29,0(x30)	 x30:0x00020000 x29:0x00000030 PA:0x00020000 store:0x00000030 load:0x00000000
           7704	      3848	00100260	01cfd793	srli	x15,x31,0x1c	 x31:0x00030000 x15=0x00000000
           7706	      3849	00100264	00900713	addi	x14,x0,9	  x0:0x00000000 x14=0x00000009
           7708	      3850	00100268	f2f76ae3	bltu	x14,x15,10019c	 x14:0x00000009 x15:0x00000000
           7710	      3851	0010026c	03078393	addi	x7,x15,48	 x15:0x00000000  x7=0x00000030
           7712	      3852	00100270	000205b7	lui	x11,0x20	 x11=0x00020000
           7714	      3853	00100274	01451613	slli	x12,x10,0x14	 x10:0x00000003 x12=0x00300000
           7718	      3855	00100278	0075a023	sw	x7,0(x11)	 x11:0x00020000  x7:0x00000030 PA:0x00020000 store:0x00000030 load:0x00000000
           7720	      3856	0010027c	01c65693	srli	x13,x12,0x1c	 x12:0x00300000 x13=0x00000000
           7722	      3857	00100280	00900813	addi	x16,x0,9	  x0:0x00000000 x16=0x00000009
           7724	      3858	00100284	f2d86ae3	bltu	x16,x13,1001b8	 x16:0x00000009 x13:0x00000000
           7726	      3859	00100288	03068e93	addi	x29,x13,48	 x13:0x00000000 x29=0x00000030
           7728	      3860	0010028c	00020f37	lui	x30,0x20	 x30=0x00020000
           7730	      3861	00100290	01851f93	slli	x31,x10,0x18	 x10:0x00000003 x31=0x03000000
           7734	      3863	00100294	01df2023	sw	x29,0(x30)	 x30:0x00020000 x29:0x00000030 PA:0x00020000 store:0x00000030 load:0x00000000
           7736	      3864	00100298	01cfd793	srli	x15,x31,0x1c	 x31:0x03000000 x15=0x00000000
           7738	      3865	0010029c	00900713	addi	x14,x0,9	  x0:0x00000000 x14=0x00000009
           7740	      3866	001002a0	f2f76ae3	bltu	x14,x15,1001d4	 x14:0x00000009 x15:0x00000000
           7742	      3867	001002a4	03078393	addi	x7,x15,48	 x15:0x00000000  x7=0x00000030
           7744	      3868	001002a8	000205b7	lui	x11,0x20	 x11=0x00020000
           7748	      3870	001002ac	0075a023	sw	x7,0(x11)	 x11:0x00020000  x7:0x00000030 PA:0x00020000 store:0x00000030 load:0x00000000
           7750	      3871	001002b0	00f57513	andi	x10,x10,15	 x10:0x00000003 x10=0x00000003
           7752	      3872	001002b4	00900613	addi	x12,x0,9	  x0:0x00000000 x12=0x00000009
           7756	      3874	001002b8	f2a67ae3	bgeu	x12,x10,1001ec	 x12:0x00000009 x10:0x00000003
           7760	      3876	001001ec	03050893	addi	x17,x10,48	 x10:0x00000003 x17=0x00000033
           7762	      3877	001001f0	00020e37	lui	x28,0x20	 x28=0x00020000
           7766	      3879	001001f4	011e2023	sw	x17,0(x28)	 x28:0x00020000 x17:0x00000033 PA:0x00020000 store:0x00000033 load:0x00000000
           7770	      3881	001001f8	00008067	jalr	x0,0(x1)	  x1:0x001012e8  x0=0x00000000
           7772	      3882	001012e8	a18b0513	addi	x10,x22,-1512	 x22:0x00102000 x10=0x00101a18
           7776	      3884	001012ec	db5fe0ef	jal	x1,1000a0	  x1=0x001012f0
           7780	      3886	001000a0	00054803	lbu	x16,0(x10)	 x10:0x00101a18 x16=0x00000020 PA:0x00101a18 store:0x00000000
           7782	      3887	001000a4	06080663	beq	x16,x0,100110	 x16:0x00000020  x0:0x00000000
           7784	      3888	001000a8	000207b7	lui	x15,0x20	 x15=0x00020000
           7788	      3890	001000ac	0107a023	sw	x16,0(x15)	 x15:0x00020000 x16:0x00000020 PA:0x00020000 store:0x00000020 load:0x00000000
           7792	      3892	001000b0	00154703	lbu	x14,1(x10)	 x10:0x00101a18 x14=0x00000072 PA:0x00101a19 store:0x001012f0
           7794	      3893	001000b4	04070e63	beq	x14,x0,100110	 x14:0x00000072  x0:0x00000000
           7798	      3895	001000b8	00e7a023	sw	x14,0(x15)	 x15:0x00020000 x14:0x00000072 PA:0x00020000 store:0x00000072 load:0x00000000
           7802	      3897	001000bc	00254283	lbu	x5,2(x10)	 x10:0x00101a18  x5=0x00000065 PA:0x00101a1a store:0x00137fa0
           7804	      3898	001000c0	04028863	beq	x5,x0,100110	  x5:0x00000065  x0:0x00000000
           7808	      3900	001000c4	0057a023	sw	x5,0(x15)	 x15:0x00020000  x5:0x00000065 PA:0x00020000 store:0x00000065 load:0x00000000
           7812	      3902	001000c8	00354303	lbu	x6,3(x10)	 x10:0x00101a18  x6=0x00000073 PA:0x00101a1b store:0x00000000
           7814	      3903	001000cc	04030263	beq	x6,x0,100110	  x6:0x00000073  x0:0x00000000
           7818	      3905	001000d0	0067a023	sw	x6,0(x15)	 x15:0x00020000  x6:0x00000073 PA:0x00020000 store:0x00000073 load:0x00000000
           7822	      3907	001000d4	00454383	lbu	x7,4(x10)	 x10:0x00101a18  x7=0x00000075 PA:0x00101a1c store:0x00000000
           7824	      3908	001000d8	02038c63	beq	x7,x0,100110	  x7:0x00000075  x0:0x00000000
           7828	      3910	001000dc	0077a023	sw	x7,0(x15)	 x15:0x00020000  x7:0x00000075 PA:0x00020000 store:0x00000075 load:0x00000000
           7832	      3912	001000e0	00554583	lbu	x11,5(x10)	 x10:0x00101a18 x11=0x0000006c PA:0x00101a1d store:0x00000065
           7834	      3913	001000e4	02058663	beq	x11,x0,100110	 x11:0x0000006c  x0:0x00000000
           7838	      3915	001000e8	00b7a023	sw	x11,0(x15)	 x15:0x00020000 x11:0x0000006c PA:0x00020000 store:0x0000006c load:0x00000000
           7842	      3917	001000ec	00654603	lbu	x12,6(x10)	 x10:0x00101a18 x12=0x00000074 PA:0x00101a1e store:0x00000073
           7844	      3918	001000f0	02060063	beq	x12,x0,100110	 x12:0x00000074  x0:0x00000000
           7848	      3920	001000f4	00c7a023	sw	x12,0(x15)	 x15:0x00020000 x12:0x00000074 PA:0x00020000 store:0x00000074 load:0x00000000
           7852	      3922	001000f8	00754683	lbu	x13,7(x10)	 x10:0x00101a18 x13=0x0000003a PA:0x00101a1f store:0x00000075
           7854	      3923	001000fc	00850513	addi	x10,x10,8	 x10:0x00101a18 x10=0x00101a20
           7856	      3924	00100100	00068863	beq	x13,x0,100110	 x13:0x0000003a  x0:0x00000000
           7860	      3926	00100104	00d7a023	sw	x13,0(x15)	 x15:0x00020000 x13:0x0000003a PA:0x00020000 store:0x0000003a load:0x00000000
           7864	      3928	00100108	00054803	lbu	x16,0(x10)	 x10:0x00101a20 x16=0x00000020 PA:0x00101a20 store:0x00000000
           7868	      3930	0010010c	fa0810e3	bne	x16,x0,1000ac	 x16:0x00000020  x0:0x00000000
           7874	      3933	001000ac	0107a023	sw	x16,0(x15)	 x15:0x00020000 x16:0x00000020 PA:0x00020000 store:0x00000020 load:0x00000000
           7878	      3935	001000b0	00154703	lbu	x14,1(x10)	 x10:0x00101a20 x14=0x00000000 PA:0x00101a21 store:0x001012f0
           7882	      3937	001000b4	04070e63	beq	x14,x0,100110	 x14:0x00000000  x0:0x00000000
           7886	      3939	00100110	00000513	addi	x10,x0,0	  x0:0x00000000 x10=0x00000000
           7890	      3941	00100114	00008067	jalr	x0,0(x1)	  x1:0x001012f0  x0=0x00000000
           7894	      3943	001012f0	cf8a2503	lw	x10,-776(x20)	 x20:0x00102000 x10=0x360a6d7a PA:0x00101cf8 store:0x00000004
           7898	      3945	001012f4	e2dfe0ef	jal	x1,100120	  x1=0x001012f8
           7900	      3946	00100120	01c55793	srli	x15,x10,0x1c	 x10:0x360a6d7a x15=0x00000003
           7902	      3947	00100124	00900713	addi	x14,x0,9	  x0:0x00000000 x14=0x00000009
           7906	      3949	00100128	0cf77a63	bgeu	x14,x15,1001fc	 x14:0x00000009 x15:0x00000003
           7910	      3951	001001fc	03078393	addi	x7,x15,48	 x15:0x00000003  x7=0x00000033
           7912	      3952	00100200	000205b7	lui	x11,0x20	 x11=0x00020000
           7914	      3953	00100204	00451613	slli	x12,x10,0x4	 x10:0x360a6d7a x12=0x60a6d7a0
           7918	      3955	00100208	0075a023	sw	x7,0(x11)	 x11:0x00020000  x7:0x00000033 PA:0x00020000 store:0x00000033 load:0x00000000
           7920	      3956	0010020c	01c65693	srli	x13,x12,0x1c	 x12:0x60a6d7a0 x13=0x00000006
           7922	      3957	00100210	00900813	addi	x16,x0,9	  x0:0x00000000 x16=0x00000009
           7924	      3958	00100214	f2d86ae3	bltu	x16,x13,100148	 x16:0x00000009 x13:0x00000006
           7926	      3959	00100218	03068e93	addi	x29,x13,48	 x13:0x00000006 x29=0x00000036
           7928	      3960	0010021c	00020f37	lui	x30,0x20	 x30=0x00020000
           7930	      3961	00100220	00851f93	slli	x31,x10,0x8	 x10:0x360a6d7a x31=0x0a6d7a00
           7934	      3963	00100224	01df2023	sw	x29,0(x30)	 x30:0x00020000 x29:0x00000036 PA:0x00020000 store:0x00000036 load:0x00000000
           7936	      3964	00100228	01cfd793	srli	x15,x31,0x1c	 x31:0x0a6d7a00 x15=0x00000000
           7938	      3965	0010022c	00900713	addi	x14,x0,9	  x0:0x00000000 x14=0x00000009
           7940	      3966	00100230	f2f76ae3	bltu	x14,x15,100164	 x14:0x00000009 x15:0x00000000
           7942	      3967	00100234	03078393	addi	x7,x15,48	 x15:0x00000000  x7=0x00000030
           7944	      3968	00100238	000205b7	lui	x11,0x20	 x11=0x00020000
           7946	      3969	0010023c	00c51613	slli	x12,x10,0xc	 x10:0x360a6d7a x12=0xa6d7a000
           7950	      3971	00100240	0075a023	sw	x7,0(x11)	 x11:0x00020000  x7:0x00000030 PA:0x00020000 store:0x00000030 load:0x00000000
           7952	      3972	00100244	01c65693	srli	x13,x12,0x1c	 x12:0xa6d7a000 x13=0x0000000a
           7954	      3973	00100248	00900813	addi	x16,x0,9	  x0:0x00000000 x16=0x00000009
           7958	      3975	0010024c	f2d86ae3	bltu	x16,x13,100180	 x16:0x00000009 x13:0x0000000a
           7962	      3977	00100180	03768893	addi	x17,x13,55	 x13:0x0000000a x17=0x00000041
           7964	      3978	00100184	00020e37	lui	x28,0x20	 x28=0x00020000
           7966	      3979	00100188	01051f93	slli	x31,x10,0x10	 x10:0x360a6d7a x31=0x6d7a0000
           7970	      3981	0010018c	011e2023	sw	x17,0(x28)	 x28:0x00020000 x17:0x00000041 PA:0x00020000 store:0x00000041 load:0x00000000
           7972	      3982	00100190	01cfd793	srli	x15,x31,0x1c	 x31:0x6d7a0000 x15=0x00000006
           7974	      3983	00100194	00900713	addi	x14,x0,9	  x0:0x00000000 x14=0x00000009
           7978	      3985	00100198	0cf77a63	bgeu	x14,x15,10026c	 x14:0x00000009 x15:0x00000006
           7982	      3987	0010026c	03078393	addi	x7,x15,48	 x15:0x00000006  x7=0x00000036
           7984	      3988	00100270	000205b7	lui	x11,0x20	 x11=0x00020000
           7986	      3989	00100274	01451613	slli	x12,x10,0x14	 x10:0x360a6d7a x12=0xd7a00000
           7990	      3991	00100278	0075a023	sw	x7,0(x11)	 x11:0x00020000  x7:0x00000036 PA:0x00020000 store:0x00000036 load:0x00000000
           7992	      3992	0010027c	01c65693	srli	x13,x12,0x1c	 x12:0xd7a00000 x13=0x0000000d
           7994	      3993	00100280	00900813	addi	x16,x0,9	  x0:0x00000000 x16=0x00000009
           7998	      3995	00100284	f2d86ae3	bltu	x16,x13,1001b8	 x16:0x00000009 x13:0x0000000d
           8002	      3997	001001b8	03768893	addi	x17,x13,55	 x13:0x0000000d x17=0x00000044
           8004	      3998	001001bc	00020e37	lui	x28,0x20	 x28=0x00020000
           8006	      3999	001001c0	01851f93	slli	x31,x10,0x18	 x10:0x360a6d7a x31=0x7a000000
           8010	      4001	001001c4	011e2023	sw	x17,0(x28)	 x28:0x00020000 x17:0x00000044 PA:0x00020000 store:0x00000044 load:0x00000000
           8012	      4002	001001c8	01cfd793	srli	x15,x31,0x1c	 x31:0x7a000000 x15=0x00000007
           8014	      4003	001001cc	00900713	addi	x14,x0,9	  x0:0x00000000 x14=0x00000009
           8018	      4005	001001d0	0cf77a63	bgeu	x14,x15,1002a4	 x14:0x00000009 x15:0x00000007
           8022	      4007	001002a4	03078393	addi	x7,x15,48	 x15:0x00000007  x7=0x00000037
           8024	      4008	001002a8	000205b7	lui	x11,0x20	 x11=0x00020000
           8028	      4010	001002ac	0075a023	sw	x7,0(x11)	 x11:0x00020000  x7:0x00000037 PA:0x00020000 store:0x00000037 load:0x00000000
           8030	      4011	001002b0	00f57513	andi	x10,x10,15	 x10:0x360a6d7a x10=0x0000000a
           8032	      4012	001002b4	00900613	addi	x12,x0,9	  x0:0x00000000 x12=0x00000009
           8034	      4013	001002b8	f2a67ae3	bgeu	x12,x10,1001ec	 x12:0x00000009 x10:0x0000000a
           8036	      4014	001002bc	03750693	addi	x13,x10,55	 x10:0x0000000a x13=0x00000041
           8038	      4015	001002c0	00020837	lui	x16,0x20	 x16=0x00020000
           8042	      4017	001002c4	00d82023	sw	x13,0(x16)	 x16:0x00020000 x13:0x00000041 PA:0x00020000 store:0x00000041 load:0x00000000
           8046	      4019	001002c8	00008067	jalr	x0,0(x1)	  x1:0x001012f8  x0=0x00000000
           8050	      4021	001012f8	f1ac10e3	bne	x24,x26,1011f8	 x24:0x00000004 x26:0x00000014
           8062	      4027	001011f8	d089a987	flw	f19,-760(x19)	 f19:0x00102000 f19=0x00000000 PA:0x00101d08 store:0x4598f2e4
           8064	      4028	001011fc	d24baa07	flw	f20,-732(x23)	 f23:0x00102000 f20=0x00000000 PA:0x00101d24 store:0x42f67c6a
           8088	      4040	00101200	a10a8513	addi	x10,x21,-1520	 x21:0x00102000 x10=0x00101a10
           8090	      4041	00101204	1949fad3	fdiv.s	f21,f19,f20	 f19:0x00102000 f20:0x00102000 f21=0x00000000
           8096	      4044	00101208	d159a427	fsw	f21,-760(x19)	 f19:0x00102000 f21:0x00102000 PA:0x00101d08 store:0x328fc550 load:0x42f67c6a
           8104	      4048	0010120c	d089ae07	flw	f28,-760(x19)	 f19:0x00102000 f28=0x00000000 PA:0x00101d08 store:0x4598f2e4
           8110	      4051	00101210	e00e0dd3	fmv.x.w	x27,f28	 f28:0x00020000 x27=0x328fc550
           8112	      4052	00101214	cfba2c23	sw	x27,-776(x20)	 x20:0x00102000 x27:0x328fc550 PA:0x00101cf8 store:0x328fc550 load:0x328fc550
           8116	      4054	00101218	e89fe0ef	jal	x1,1000a0	  x1=0x0010121c
           8120	      4056	001000a0	00054803	lbu	x16,0(x10)	 x10:0x00101a10 x16=0x0000000a PA:0x00101a10 store:0x00000000
           8122	      4057	001000a4	06080663	beq	x16,x0,100110	 x16:0x0000000a  x0:0x00000000
           8124	      4058	001000a8	000207b7	lui	x15,0x20	 x15=0x00020000
           8128	      4060	001000ac	0107a023	sw	x16,0(x15)	 x15:0x00020000 x16:0x0000000a PA:0x00020000 store:0x0000000a load:0x00000000
           8132	      4062	001000b0	00154703	lbu	x14,1(x10)	 x10:0x00101a10 x14=0x00000020 PA:0x00101a11 store:0x0010121c
           8134	      4063	001000b4	04070e63	beq	x14,x0,100110	 x14:0x00000020  x0:0x00000000
           8138	      4065	001000b8	00e7a023	sw	x14,0(x15)	 x15:0x00020000 x14:0x00000020 PA:0x00020000 store:0x00000020 load:0x00000000
           8142	      4067	001000bc	00254283	lbu	x5,2(x10)	 x10:0x00101a10  x5=0x00000069 PA:0x00101a12 store:0x00137fa0
           8144	      4068	001000c0	04028863	beq	x5,x0,100110	  x5:0x00000069  x0:0x00000000
           8148	      4070	001000c4	0057a023	sw	x5,0(x15)	 x15:0x00020000  x5:0x00000069 PA:0x00020000 store:0x00000069 load:0x00000000
           8152	      4072	001000c8	00354303	lbu	x6,3(x10)	 x10:0x00101a10  x6=0x0000003d PA:0x00101a13 store:0x00000000
           8154	      4073	001000cc	04030263	beq	x6,x0,100110	  x6:0x0000003d  x0:0x00000000
           8158	      4075	001000d0	0067a023	sw	x6,0(x15)	 x15:0x00020000  x6:0x0000003d PA:0x00020000 store:0x0000003d load:0x00000000
           8162	      4077	001000d4	00454383	lbu	x7,4(x10)	 x10:0x00101a10  x7=0x00000000 PA:0x00101a14 store:0x00000000
           8166	      4079	001000d8	02038c63	beq	x7,x0,100110	  x7:0x00000000  x0:0x00000000
           8170	      4081	00100110	00000513	addi	x10,x0,0	  x0:0x00000000 x10=0x00000000
           8174	      4083	00100114	00008067	jalr	x0,0(x1)	  x1:0x0010121c  x0=0x00000000
           8176	      4084	0010121c	000c0513	addi	x10,x24,0	 x24:0x00000004 x10=0x00000004
           8180	      4086	00101220	f01fe0ef	jal	x1,100120	  x1=0x00101224
           8182	      4087	00100120	01c55793	srli	x15,x10,0x1c	 x10:0x00000004 x15=0x00000000
           8184	      4088	00100124	00900713	addi	x14,x0,9	  x0:0x00000000 x14=0x00000009
           8188	      4090	00100128	0cf77a63	bgeu	x14,x15,1001fc	 x14:0x00000009 x15:0x00000000
           8192	      4092	001001fc	03078393	addi	x7,x15,48	 x15:0x00000000  x7=0x00000030
           8194	      4093	00100200	000205b7	lui	x11,0x20	 x11=0x00020000
           8196	      4094	00100204	00451613	slli	x12,x10,0x4	 x10:0x00000004 x12=0x00000040
           8200	      4096	00100208	0075a023	sw	x7,0(x11)	 x11:0x00020000  x7:0x00000030 PA:0x00020000 store:0x00000030 load:0x00000000
           8202	      4097	0010020c	01c65693	srli	x13,x12,0x1c	 x12:0x00000040 x13=0x00000000
           8204	      4098	00100210	00900813	addi	x16,x0,9	  x0:0x00000000 x16=0x00000009
           8206	      4099	00100214	f2d86ae3	bltu	x16,x13,100148	 x16:0x00000009 x13:0x00000000
           8208	      4100	00100218	03068e93	addi	x29,x13,48	 x13:0x00000000 x29=0x00000030
           8210	      4101	0010021c	00020f37	lui	x30,0x20	 x30=0x00020000
           8212	      4102	00100220	00851f93	slli	x31,x10,0x8	 x10:0x00000004 x31=0x00000400
           8216	      4104	00100224	01df2023	sw	x29,0(x30)	 x30:0x00020000 x29:0x00000030 PA:0x00020000 store:0x00000030 load:0x00000000
           8218	      4105	00100228	01cfd793	srli	x15,x31,0x1c	 x31:0x00000400 x15=0x00000000
           8220	      4106	0010022c	00900713	addi	x14,x0,9	  x0:0x00000000 x14=0x00000009
           8222	      4107	00100230	f2f76ae3	bltu	x14,x15,100164	 x14:0x00000009 x15:0x00000000
           8224	      4108	00100234	03078393	addi	x7,x15,48	 x15:0x00000000  x7=0x00000030
           8226	      4109	00100238	000205b7	lui	x11,0x20	 x11=0x00020000
           8228	      4110	0010023c	00c51613	slli	x12,x10,0xc	 x10:0x00000004 x12=0x00004000
           8232	      4112	00100240	0075a023	sw	x7,0(x11)	 x11:0x00020000  x7:0x00000030 PA:0x00020000 store:0x00000030 load:0x00000000
           8234	      4113	00100244	01c65693	srli	x13,x12,0x1c	 x12:0x00004000 x13=0x00000000
           8236	      4114	00100248	00900813	addi	x16,x0,9	  x0:0x00000000 x16=0x00000009
           8238	      4115	0010024c	f2d86ae3	bltu	x16,x13,100180	 x16:0x00000009 x13:0x00000000
           8240	      4116	00100250	03068e93	addi	x29,x13,48	 x13:0x00000000 x29=0x00000030
           8242	      4117	00100254	00020f37	lui	x30,0x20	 x30=0x00020000
           8244	      4118	00100258	01051f93	slli	x31,x10,0x10	 x10:0x00000004 x31=0x00040000
           8248	      4120	0010025c	01df2023	sw	x29,0(x30)	 x30:0x00020000 x29:0x00000030 PA:0x00020000 store:0x00000030 load:0x00000000
           8250	      4121	00100260	01cfd793	srli	x15,x31,0x1c	 x31:0x00040000 x15=0x00000000
           8252	      4122	00100264	00900713	addi	x14,x0,9	  x0:0x00000000 x14=0x00000009
           8254	      4123	00100268	f2f76ae3	bltu	x14,x15,10019c	 x14:0x00000009 x15:0x00000000
           8256	      4124	0010026c	03078393	addi	x7,x15,48	 x15:0x00000000  x7=0x00000030
           8258	      4125	00100270	000205b7	lui	x11,0x20	 x11=0x00020000
           8260	      4126	00100274	01451613	slli	x12,x10,0x14	 x10:0x00000004 x12=0x00400000
           8264	      4128	00100278	0075a023	sw	x7,0(x11)	 x11:0x00020000  x7:0x00000030 PA:0x00020000 store:0x00000030 load:0x00000000
           8266	      4129	0010027c	01c65693	srli	x13,x12,0x1c	 x12:0x00400000 x13=0x00000000
           8268	      4130	00100280	00900813	addi	x16,x0,9	  x0:0x00000000 x16=0x00000009
           8270	      4131	00100284	f2d86ae3	bltu	x16,x13,1001b8	 x16:0x00000009 x13:0x00000000
           8272	      4132	00100288	03068e93	addi	x29,x13,48	 x13:0x00000000 x29=0x00000030
           8274	      4133	0010028c	00020f37	lui	x30,0x20	 x30=0x00020000
           8276	      4134	00100290	01851f93	slli	x31,x10,0x18	 x10:0x00000004 x31=0x04000000
           8280	      4136	00100294	01df2023	sw	x29,0(x30)	 x30:0x00020000 x29:0x00000030 PA:0x00020000 store:0x00000030 load:0x00000000
           8282	      4137	00100298	01cfd793	srli	x15,x31,0x1c	 x31:0x04000000 x15=0x00000000
           8284	      4138	0010029c	00900713	addi	x14,x0,9	  x0:0x00000000 x14=0x00000009
           8286	      4139	001002a0	f2f76ae3	bltu	x14,x15,1001d4	 x14:0x00000009 x15:0x00000000
           8288	      4140	001002a4	03078393	addi	x7,x15,48	 x15:0x00000000  x7=0x00000030
           8290	      4141	001002a8	000205b7	lui	x11,0x20	 x11=0x00020000
           8294	      4143	001002ac	0075a023	sw	x7,0(x11)	 x11:0x00020000  x7:0x00000030 PA:0x00020000 store:0x00000030 load:0x00000000
           8296	      4144	001002b0	00f57513	andi	x10,x10,15	 x10:0x00000004 x10=0x00000004
           8298	      4145	001002b4	00900613	addi	x12,x0,9	  x0:0x00000000 x12=0x00000009
           8302	      4147	001002b8	f2a67ae3	bgeu	x12,x10,1001ec	 x12:0x00000009 x10:0x00000004
           8306	      4149	001001ec	03050893	addi	x17,x10,48	 x10:0x00000004 x17=0x00000034
           8308	      4150	001001f0	00020e37	lui	x28,0x20	 x28=0x00020000
           8312	      4152	001001f4	011e2023	sw	x17,0(x28)	 x28:0x00020000 x17:0x00000034 PA:0x00020000 store:0x00000034 load:0x00000000
           8316	      4154	001001f8	00008067	jalr	x0,0(x1)	  x1:0x00101224  x0=0x00000000
           8318	      4155	00101224	a18b0513	addi	x10,x22,-1512	 x22:0x00102000 x10=0x00101a18
           8322	      4157	00101228	e79fe0ef	jal	x1,1000a0	  x1=0x0010122c
           8326	      4159	001000a0	00054803	lbu	x16,0(x10)	 x10:0x00101a18 x16=0x00000020 PA:0x00101a18 store:0x00000000
           8328	      4160	001000a4	06080663	beq	x16,x0,100110	 x16:0x00000020  x0:0x00000000
           8330	      4161	001000a8	000207b7	lui	x15,0x20	 x15=0x00020000
           8334	      4163	001000ac	0107a023	sw	x16,0(x15)	 x15:0x00020000 x16:0x00000020 PA:0x00020000 store:0x00000020 load:0x00000000
           8338	      4165	001000b0	00154703	lbu	x14,1(x10)	 x10:0x00101a18 x14=0x00000072 PA:0x00101a19 store:0x0010122c
           8340	      4166	001000b4	04070e63	beq	x14,x0,100110	 x14:0x00000072  x0:0x00000000
           8344	      4168	001000b8	00e7a023	sw	x14,0(x15)	 x15:0x00020000 x14:0x00000072 PA:0x00020000 store:0x00000072 load:0x00000000
           8348	      4170	001000bc	00254283	lbu	x5,2(x10)	 x10:0x00101a18  x5=0x00000065 PA:0x00101a1a store:0x00137fa0
           8350	      4171	001000c0	04028863	beq	x5,x0,100110	  x5:0x00000065  x0:0x00000000
           8354	      4173	001000c4	0057a023	sw	x5,0(x15)	 x15:0x00020000  x5:0x00000065 PA:0x00020000 store:0x00000065 load:0x00000000
           8358	      4175	001000c8	00354303	lbu	x6,3(x10)	 x10:0x00101a18  x6=0x00000073 PA:0x00101a1b store:0x00000000
           8360	      4176	001000cc	04030263	beq	x6,x0,100110	  x6:0x00000073  x0:0x00000000
           8364	      4178	001000d0	0067a023	sw	x6,0(x15)	 x15:0x00020000  x6:0x00000073 PA:0x00020000 store:0x00000073 load:0x00000000
           8368	      4180	001000d4	00454383	lbu	x7,4(x10)	 x10:0x00101a18  x7=0x00000075 PA:0x00101a1c store:0x00000000
           8370	      4181	001000d8	02038c63	beq	x7,x0,100110	  x7:0x00000075  x0:0x00000000
           8374	      4183	001000dc	0077a023	sw	x7,0(x15)	 x15:0x00020000  x7:0x00000075 PA:0x00020000 store:0x00000075 load:0x00000000
           8378	      4185	001000e0	00554583	lbu	x11,5(x10)	 x10:0x00101a18 x11=0x0000006c PA:0x00101a1d store:0x00000065
           8380	      4186	001000e4	02058663	beq	x11,x0,100110	 x11:0x0000006c  x0:0x00000000
           8384	      4188	001000e8	00b7a023	sw	x11,0(x15)	 x15:0x00020000 x11:0x0000006c PA:0x00020000 store:0x0000006c load:0x00000000
           8388	      4190	001000ec	00654603	lbu	x12,6(x10)	 x10:0x00101a18 x12=0x00000074 PA:0x00101a1e store:0x00000073
           8390	      4191	001000f0	02060063	beq	x12,x0,100110	 x12:0x00000074  x0:0x00000000
           8394	      4193	001000f4	00c7a023	sw	x12,0(x15)	 x15:0x00020000 x12:0x00000074 PA:0x00020000 store:0x00000074 load:0x00000000
           8398	      4195	001000f8	00754683	lbu	x13,7(x10)	 x10:0x00101a18 x13=0x0000003a PA:0x00101a1f store:0x00000075
           8400	      4196	001000fc	00850513	addi	x10,x10,8	 x10:0x00101a18 x10=0x00101a20
           8402	      4197	00100100	00068863	beq	x13,x0,100110	 x13:0x0000003a  x0:0x00000000
           8406	      4199	00100104	00d7a023	sw	x13,0(x15)	 x15:0x00020000 x13:0x0000003a PA:0x00020000 store:0x0000003a load:0x00000000
           8410	      4201	00100108	00054803	lbu	x16,0(x10)	 x10:0x00101a20 x16=0x00000020 PA:0x00101a20 store:0x00000000
           8414	      4203	0010010c	fa0810e3	bne	x16,x0,1000ac	 x16:0x00000020  x0:0x00000000
           8420	      4206	001000ac	0107a023	sw	x16,0(x15)	 x15:0x00020000 x16:0x00000020 PA:0x00020000 store:0x00000020 load:0x00000000
           8424	      4208	001000b0	00154703	lbu	x14,1(x10)	 x10:0x00101a20 x14=0x00000000 PA:0x00101a21 store:0x0010122c
           8428	      4210	001000b4	04070e63	beq	x14,x0,100110	 x14:0x00000000  x0:0x00000000
           8432	      4212	00100110	00000513	addi	x10,x0,0	  x0:0x00000000 x10=0x00000000
           8436	      4214	00100114	00008067	jalr	x0,0(x1)	  x1:0x0010122c  x0=0x00000000
           8440	      4216	0010122c	cf8a2503	lw	x10,-776(x20)	 x20:0x00102000 x10=0x328fc550 PA:0x00101cf8 store:0x00000004
           8442	      4217	00101230	001c0d93	addi	x27,x24,1	 x24:0x00000004 x27=0x00000005
           8446	      4219	00101234	eedfe0ef	jal	x1,100120	  x1=0x00101238
           8448	      4220	00100120	01c55793	srli	x15,x10,0x1c	 x10:0x328fc550 x15=0x00000003
           8450	      4221	00100124	00900713	addi	x14,x0,9	  x0:0x00000000 x14=0x00000009
           8454	      4223	00100128	0cf77a63	bgeu	x14,x15,1001fc	 x14:0x00000009 x15:0x00000003
           8458	      4225	001001fc	03078393	addi	x7,x15,48	 x15:0x00000003  x7=0x00000033
           8460	      4226	00100200	000205b7	lui	x11,0x20	 x11=0x00020000
           8462	      4227	00100204	00451613	slli	x12,x10,0x4	 x10:0x328fc550 x12=0x28fc5500
           8466	      4229	00100208	0075a023	sw	x7,0(x11)	 x11:0x00020000  x7:0x00000033 PA:0x00020000 store:0x00000033 load:0x00000000
           8468	      4230	0010020c	01c65693	srli	x13,x12,0x1c	 x12:0x28fc5500 x13=0x00000002
           8470	      4231	00100210	00900813	addi	x16,x0,9	  x0:0x00000000 x16=0x00000009
           8472	      4232	00100214	f2d86ae3	bltu	x16,x13,100148	 x16:0x00000009 x13:0x00000002
           8474	      4233	00100218	03068e93	addi	x29,x13,48	 x13:0x00000002 x29=0x00000032
           8476	      4234	0010021c	00020f37	lui	x30,0x20	 x30=0x00020000
           8478	      4235	00100220	00851f93	slli	x31,x10,0x8	 x10:0x328fc550 x31=0x8fc55000
           8482	      4237	00100224	01df2023	sw	x29,0(x30)	 x30:0x00020000 x29:0x00000032 PA:0x00020000 store:0x00000032 load:0x00000000
           8484	      4238	00100228	01cfd793	srli	x15,x31,0x1c	 x31:0x8fc55000 x15=0x00000008
           8486	      4239	0010022c	00900713	addi	x14,x0,9	  x0:0x00000000 x14=0x00000009
           8488	      4240	00100230	f2f76ae3	bltu	x14,x15,100164	 x14:0x00000009 x15:0x00000008
           8490	      4241	00100234	03078393	addi	x7,x15,48	 x15:0x00000008  x7=0x00000038
           8492	      4242	00100238	000205b7	lui	x11,0x20	 x11=0x00020000
           8494	      4243	0010023c	00c51613	slli	x12,x10,0xc	 x10:0x328fc550 x12=0xfc550000
           8498	      4245	00100240	0075a023	sw	x7,0(x11)	 x11:0x00020000  x7:0x00000038 PA:0x00020000 store:0x00000038 load:0x00000000
           8500	      4246	00100244	01c65693	srli	x13,x12,0x1c	 x12:0xfc550000 x13=0x0000000f
           8502	      4247	00100248	00900813	addi	x16,x0,9	  x0:0x00000000 x16=0x00000009
           8506	      4249	0010024c	f2d86ae3	bltu	x16,x13,100180	 x16:0x00000009 x13:0x0000000f
           8510	      4251	00100180	03768893	addi	x17,x13,55	 x13:0x0000000f x17=0x00000046
           8512	      4252	00100184	00020e37	lui	x28,0x20	 x28=0x00020000
           8514	      4253	00100188	01051f93	slli	x31,x10,0x10	 x10:0x328fc550 x31=0xc5500000
           8518	      4255	0010018c	011e2023	sw	x17,0(x28)	 x28:0x00020000 x17:0x00000046 PA:0x00020000 store:0x00000046 load:0x00000000
           8520	      4256	00100190	01cfd793	srli	x15,x31,0x1c	 x31:0xc5500000 x15=0x0000000c
           8522	      4257	00100194	00900713	addi	x14,x0,9	  x0:0x00000000 x14=0x00000009
           8524	      4258	00100198	0cf77a63	bgeu	x14,x15,10026c	 x14:0x00000009 x15:0x0000000c
           8526	      4259	0010019c	03778293	addi	x5,x15,55	 x15:0x0000000c  x5=0x00000043
           8528	      4260	001001a0	00020337	lui	x6,0x20	  x6=0x00020000
           8530	      4261	001001a4	01451613	slli	x12,x10,0x14	 x10:0x328fc550 x12=0x55000000
           8534	      4263	001001a8	00532023	sw	x5,0(x6)	  x6:0x00020000  x5:0x00000043 PA:0x00020000 store:0x00000043 load:0x00000000
           8536	      4264	001001ac	01c65693	srli	x13,x12,0x1c	 x12:0x55000000 x13=0x00000005
           8538	      4265	001001b0	00900813	addi	x16,x0,9	  x0:0x00000000 x16=0x00000009
           8542	      4267	001001b4	0cd87a63	bgeu	x16,x13,100288	 x16:0x00000009 x13:0x00000005
           8546	      4269	00100288	03068e93	addi	x29,x13,48	 x13:0x00000005 x29=0x00000035
           8548	      4270	0010028c	00020f37	lui	x30,0x20	 x30=0x00020000
           8550	      4271	00100290	01851f93	slli	x31,x10,0x18	 x10:0x328fc550 x31=0x50000000
           8554	      4273	00100294	01df2023	sw	x29,0(x30)	 x30:0x00020000 x29:0x00000035 PA:0x00020000 store:0x00000035 load:0x00000000
           8556	      4274	00100298	01cfd793	srli	x15,x31,0x1c	 x31:0x50000000 x15=0x00000005
           8558	      4275	0010029c	00900713	addi	x14,x0,9	  x0:0x00000000 x14=0x00000009
           8560	      4276	001002a0	f2f76ae3	bltu	x14,x15,1001d4	 x14:0x00000009 x15:0x00000005
           8562	      4277	001002a4	03078393	addi	x7,x15,48	 x15:0x00000005  x7=0x00000035
           8564	      4278	001002a8	000205b7	lui	x11,0x20	 x11=0x00020000
           8568	      4280	001002ac	0075a023	sw	x7,0(x11)	 x11:0x00020000  x7:0x00000035 PA:0x00020000 store:0x00000035 load:0x00000000
           8570	      4281	001002b0	00f57513	andi	x10,x10,15	 x10:0x328fc550 x10=0x00000000
           8572	      4282	001002b4	00900613	addi	x12,x0,9	  x0:0x00000000 x12=0x00000009
           8576	      4284	001002b8	f2a67ae3	bgeu	x12,x10,1001ec	 x12:0x00000009 x10:0x00000000
           8580	      4286	001001ec	03050893	addi	x17,x10,48	 x10:0x00000000 x17=0x00000030
           8582	      4287	001001f0	00020e37	lui	x28,0x20	 x28=0x00020000
           8586	      4289	001001f4	011e2023	sw	x17,0(x28)	 x28:0x00020000 x17:0x00000030 PA:0x00020000 store:0x00000030 load:0x00000000
           8600	      4296	001001f8	00008067	jalr	x0,0(x1)	  x1:0x00101238  x0=0x00000000
           8602	      4297	00101238	d089ae87	flw	f29,-760(x19)	 f19:0x00102000 f29=0x00000000 PA:0x00101d08 store:0x4598f2e4
           8604	      4298	0010123c	d24baf07	flw	f30,-732(x23)	 f23:0x00102000 f30=0x00000000 PA:0x00101d24 store:0x42f67c6a
           8626	      4309	00101240	a10a8513	addi	x10,x21,-1520	 x21:0x00102000 x10=0x00101a10
           8628	      4310	00101244	19eeffd3	fdiv.s	f31,f29,f30	 f29:0x00000035 f30:0x00020000 f31=0x00000000
           8634	      4313	00101248	d1f9a427	fsw	f31,-760(x19)	 f19:0x00102000 f31:0x50000000 PA:0x00101d08 store:0x2f1551f2 load:0x42f67c6a
           8642	      4317	0010124c	d089a007	flw	f0,-760(x19)	 f19:0x00102000  f0=0x00000000 PA:0x00101d08 store:0x4598f2e4
           8648	      4320	00101250	e0000e53	fmv.x.w	x28,f0	  f0:0x00000000 x28=0x2f1551f2
           8650	      4321	00101254	cfca2c23	sw	x28,-776(x20)	 x20:0x00102000 x28:0x2f1551f2 PA:0x00101cf8 store:0x2f1551f2 load:0x2f1551f2
           8654	      4323	00101258	e49fe0ef	jal	x1,1000a0	  x1=0x0010125c
           8658	      4325	001000a0	00054803	lbu	x16,0(x10)	 x10:0x00101a10 x16=0x0000000a PA:0x00101a10 store:0x00000000
           8660	      4326	001000a4	06080663	beq	x16,x0,100110	 x16:0x0000000a  x0:0x00000000
           8662	      4327	001000a8	000207b7	lui	x15,0x20	 x15=0x00020000
           8666	      4329	001000ac	0107a023	sw	x16,0(x15)	 x15:0x00020000 x16:0x0000000a PA:0x00020000 store:0x0000000a load:0x00000000
           8670	      4331	001000b0	00154703	lbu	x14,1(x10)	 x10:0x00101a10 x14=0x00000020 PA:0x00101a11 store:0x0010125c
           8672	      4332	001000b4	04070e63	beq	x14,x0,100110	 x14:0x00000020  x0:0x00000000
           8676	      4334	001000b8	00e7a023	sw	x14,0(x15)	 x15:0x00020000 x14:0x00000020 PA:0x00020000 store:0x00000020 load:0x00000000
           8680	      4336	001000bc	00254283	lbu	x5,2(x10)	 x10:0x00101a10  x5=0x00000069 PA:0x00101a12 store:0x00137fa0
           8682	      4337	001000c0	04028863	beq	x5,x0,100110	  x5:0x00000069  x0:0x00000000
           8686	      4339	001000c4	0057a023	sw	x5,0(x15)	 x15:0x00020000  x5:0x00000069 PA:0x00020000 store:0x00000069 load:0x00000000
           8690	      4341	001000c8	00354303	lbu	x6,3(x10)	 x10:0x00101a10  x6=0x0000003d PA:0x00101a13 store:0x00000000
           8692	      4342	001000cc	04030263	beq	x6,x0,100110	  x6:0x0000003d  x0:0x00000000
           8696	      4344	001000d0	0067a023	sw	x6,0(x15)	 x15:0x00020000  x6:0x0000003d PA:0x00020000 store:0x0000003d load:0x00000000
           8700	      4346	001000d4	00454383	lbu	x7,4(x10)	 x10:0x00101a10  x7=0x00000000 PA:0x00101a14 store:0x00000000
           8704	      4348	001000d8	02038c63	beq	x7,x0,100110	  x7:0x00000000  x0:0x00000000
           8708	      4350	00100110	00000513	addi	x10,x0,0	  x0:0x00000000 x10=0x00000000
           8712	      4352	00100114	00008067	jalr	x0,0(x1)	  x1:0x0010125c  x0=0x00000000
           8714	      4353	0010125c	000d8513	addi	x10,x27,0	 x27:0x00000005 x10=0x00000005
           8718	      4355	00101260	ec1fe0ef	jal	x1,100120	  x1=0x00101264
           8720	      4356	00100120	01c55793	srli	x15,x10,0x1c	 x10:0x00000005 x15=0x00000000
           8722	      4357	00100124	00900713	addi	x14,x0,9	  x0:0x00000000 x14=0x00000009
           8726	      4359	00100128	0cf77a63	bgeu	x14,x15,1001fc	 x14:0x00000009 x15:0x00000000
           8730	      4361	001001fc	03078393	addi	x7,x15,48	 x15:0x00000000  x7=0x00000030
           8732	      4362	00100200	000205b7	lui	x11,0x20	 x11=0x00020000
           8734	      4363	00100204	00451613	slli	x12,x10,0x4	 x10:0x00000005 x12=0x00000050
           8738	      4365	00100208	0075a023	sw	x7,0(x11)	 x11:0x00020000  x7:0x00000030 PA:0x00020000 store:0x00000030 load:0x00000000
           8740	      4366	0010020c	01c65693	srli	x13,x12,0x1c	 x12:0x00000050 x13=0x00000000
           8742	      4367	00100210	00900813	addi	x16,x0,9	  x0:0x00000000 x16=0x00000009
           8744	      4368	00100214	f2d86ae3	bltu	x16,x13,100148	 x16:0x00000009 x13:0x00000000
           8746	      4369	00100218	03068e93	addi	x29,x13,48	 x13:0x00000000 x29=0x00000030
           8748	      4370	0010021c	00020f37	lui	x30,0x20	 x30=0x00020000
           8750	      4371	00100220	00851f93	slli	x31,x10,0x8	 x10:0x00000005 x31=0x00000500
           8754	      4373	00100224	01df2023	sw	x29,0(x30)	 x30:0x00020000 x29:0x00000030 PA:0x00020000 store:0x00000030 load:0x00000000
           8756	      4374	00100228	01cfd793	srli	x15,x31,0x1c	 x31:0x00000500 x15=0x00000000
           8758	      4375	0010022c	00900713	addi	x14,x0,9	  x0:0x00000000 x14=0x00000009
           8760	      4376	00100230	f2f76ae3	bltu	x14,x15,100164	 x14:0x00000009 x15:0x00000000
           8762	      4377	00100234	03078393	addi	x7,x15,48	 x15:0x00000000  x7=0x00000030
           8764	      4378	00100238	000205b7	lui	x11,0x20	 x11=0x00020000
           8766	      4379	0010023c	00c51613	slli	x12,x10,0xc	 x10:0x00000005 x12=0x00005000
           8770	      4381	00100240	0075a023	sw	x7,0(x11)	 x11:0x00020000  x7:0x00000030 PA:0x00020000 store:0x00000030 load:0x00000000
           8772	      4382	00100244	01c65693	srli	x13,x12,0x1c	 x12:0x00005000 x13=0x00000000
           8774	      4383	00100248	00900813	addi	x16,x0,9	  x0:0x00000000 x16=0x00000009
           8776	      4384	0010024c	f2d86ae3	bltu	x16,x13,100180	 x16:0x00000009 x13:0x00000000
           8778	      4385	00100250	03068e93	addi	x29,x13,48	 x13:0x00000000 x29=0x00000030
           8780	      4386	00100254	00020f37	lui	x30,0x20	 x30=0x00020000
           8782	      4387	00100258	01051f93	slli	x31,x10,0x10	 x10:0x00000005 x31=0x00050000
           8786	      4389	0010025c	01df2023	sw	x29,0(x30)	 x30:0x00020000 x29:0x00000030 PA:0x00020000 store:0x00000030 load:0x00000000
           8788	      4390	00100260	01cfd793	srli	x15,x31,0x1c	 x31:0x00050000 x15=0x00000000
           8790	      4391	00100264	00900713	addi	x14,x0,9	  x0:0x00000000 x14=0x00000009
           8792	      4392	00100268	f2f76ae3	bltu	x14,x15,10019c	 x14:0x00000009 x15:0x00000000
           8794	      4393	0010026c	03078393	addi	x7,x15,48	 x15:0x00000000  x7=0x00000030
           8796	      4394	00100270	000205b7	lui	x11,0x20	 x11=0x00020000
           8798	      4395	00100274	01451613	slli	x12,x10,0x14	 x10:0x00000005 x12=0x00500000
           8802	      4397	00100278	0075a023	sw	x7,0(x11)	 x11:0x00020000  x7:0x00000030 PA:0x00020000 store:0x00000030 load:0x00000000
           8804	      4398	0010027c	01c65693	srli	x13,x12,0x1c	 x12:0x00500000 x13=0x00000000
           8806	      4399	00100280	00900813	addi	x16,x0,9	  x0:0x00000000 x16=0x00000009
           8808	      4400	00100284	f2d86ae3	bltu	x16,x13,1001b8	 x16:0x00000009 x13:0x00000000
           8810	      4401	00100288	03068e93	addi	x29,x13,48	 x13:0x00000000 x29=0x00000030
           8812	      4402	0010028c	00020f37	lui	x30,0x20	 x30=0x00020000
           8814	      4403	00100290	01851f93	slli	x31,x10,0x18	 x10:0x00000005 x31=0x05000000
           8818	      4405	00100294	01df2023	sw	x29,0(x30)	 x30:0x00020000 x29:0x00000030 PA:0x00020000 store:0x00000030 load:0x00000000
           8820	      4406	00100298	01cfd793	srli	x15,x31,0x1c	 x31:0x05000000 x15=0x00000000
           8822	      4407	0010029c	00900713	addi	x14,x0,9	  x0:0x00000000 x14=0x00000009
           8824	      4408	001002a0	f2f76ae3	bltu	x14,x15,1001d4	 x14:0x00000009 x15:0x00000000
           8826	      4409	001002a4	03078393	addi	x7,x15,48	 x15:0x00000000  x7=0x00000030
           8828	      4410	001002a8	000205b7	lui	x11,0x20	 x11=0x00020000
           8832	      4412	001002ac	0075a023	sw	x7,0(x11)	 x11:0x00020000  x7:0x00000030 PA:0x00020000 store:0x00000030 load:0x00000000
           8834	      4413	001002b0	00f57513	andi	x10,x10,15	 x10:0x00000005 x10=0x00000005
           8836	      4414	001002b4	00900613	addi	x12,x0,9	  x0:0x00000000 x12=0x00000009
           8840	      4416	001002b8	f2a67ae3	bgeu	x12,x10,1001ec	 x12:0x00000009 x10:0x00000005
           8844	      4418	001001ec	03050893	addi	x17,x10,48	 x10:0x00000005 x17=0x00000035
           8846	      4419	001001f0	00020e37	lui	x28,0x20	 x28=0x00020000
           8850	      4421	001001f4	011e2023	sw	x17,0(x28)	 x28:0x00020000 x17:0x00000035 PA:0x00020000 store:0x00000035 load:0x00000000
           8854	      4423	001001f8	00008067	jalr	x0,0(x1)	  x1:0x00101264  x0=0x00000000
           8856	      4424	00101264	a18b0513	addi	x10,x22,-1512	 x22:0x00102000 x10=0x00101a18
           8860	      4426	00101268	e39fe0ef	jal	x1,1000a0	  x1=0x0010126c
           8864	      4428	001000a0	00054803	lbu	x16,0(x10)	 x10:0x00101a18 x16=0x00000020 PA:0x00101a18 store:0x00000000
           8866	      4429	001000a4	06080663	beq	x16,x0,100110	 x16:0x00000020  x0:0x00000000
           8868	      4430	001000a8	000207b7	lui	x15,0x20	 x15=0x00020000
           8872	      4432	001000ac	0107a023	sw	x16,0(x15)	 x15:0x00020000 x16:0x00000020 PA:0x00020000 store:0x00000020 load:0x00000000
           8876	      4434	001000b0	00154703	lbu	x14,1(x10)	 x10:0x00101a18 x14=0x00000072 PA:0x00101a19 store:0x0010126c
           8878	      4435	001000b4	04070e63	beq	x14,x0,100110	 x14:0x00000072  x0:0x00000000
           8882	      4437	001000b8	00e7a023	sw	x14,0(x15)	 x15:0x00020000 x14:0x00000072 PA:0x00020000 store:0x00000072 load:0x00000000
           8886	      4439	001000bc	00254283	lbu	x5,2(x10)	 x10:0x00101a18  x5=0x00000065 PA:0x00101a1a store:0x00137fa0
           8888	      4440	001000c0	04028863	beq	x5,x0,100110	  x5:0x00000065  x0:0x00000000
           8892	      4442	001000c4	0057a023	sw	x5,0(x15)	 x15:0x00020000  x5:0x00000065 PA:0x00020000 store:0x00000065 load:0x00000000
           8896	      4444	001000c8	00354303	lbu	x6,3(x10)	 x10:0x00101a18  x6=0x00000073 PA:0x00101a1b store:0x00000000
           8898	      4445	001000cc	04030263	beq	x6,x0,100110	  x6:0x00000073  x0:0x00000000
           8902	      4447	001000d0	0067a023	sw	x6,0(x15)	 x15:0x00020000  x6:0x00000073 PA:0x00020000 store:0x00000073 load:0x00000000
           8906	      4449	001000d4	00454383	lbu	x7,4(x10)	 x10:0x00101a18  x7=0x00000075 PA:0x00101a1c store:0x00000000
           8908	      4450	001000d8	02038c63	beq	x7,x0,100110	  x7:0x00000075  x0:0x00000000
           8912	      4452	001000dc	0077a023	sw	x7,0(x15)	 x15:0x00020000  x7:0x00000075 PA:0x00020000 store:0x00000075 load:0x00000000
           8916	      4454	001000e0	00554583	lbu	x11,5(x10)	 x10:0x00101a18 x11=0x0000006c PA:0x00101a1d store:0x00000065
           8918	      4455	001000e4	02058663	beq	x11,x0,100110	 x11:0x0000006c  x0:0x00000000
           8922	      4457	001000e8	00b7a023	sw	x11,0(x15)	 x15:0x00020000 x11:0x0000006c PA:0x00020000 store:0x0000006c load:0x00000000
           8926	      4459	001000ec	00654603	lbu	x12,6(x10)	 x10:0x00101a18 x12=0x00000074 PA:0x00101a1e store:0x00000073
           8928	      4460	001000f0	02060063	beq	x12,x0,100110	 x12:0x00000074  x0:0x00000000
           8932	      4462	001000f4	00c7a023	sw	x12,0(x15)	 x15:0x00020000 x12:0x00000074 PA:0x00020000 store:0x00000074 load:0x00000000
           8936	      4464	001000f8	00754683	lbu	x13,7(x10)	 x10:0x00101a18 x13=0x0000003a PA:0x00101a1f store:0x00000075
           8938	      4465	001000fc	00850513	addi	x10,x10,8	 x10:0x00101a18 x10=0x00101a20
           8940	      4466	00100100	00068863	beq	x13,x0,100110	 x13:0x0000003a  x0:0x00000000
           8944	      4468	00100104	00d7a023	sw	x13,0(x15)	 x15:0x00020000 x13:0x0000003a PA:0x00020000 store:0x0000003a load:0x00000000
           8948	      4470	00100108	00054803	lbu	x16,0(x10)	 x10:0x00101a20 x16=0x00000020 PA:0x00101a20 store:0x00000000
           8952	      4472	0010010c	fa0810e3	bne	x16,x0,1000ac	 x16:0x00000020  x0:0x00000000
           8958	      4475	001000ac	0107a023	sw	x16,0(x15)	 x15:0x00020000 x16:0x00000020 PA:0x00020000 store:0x00000020 load:0x00000000
           8962	      4477	001000b0	00154703	lbu	x14,1(x10)	 x10:0x00101a20 x14=0x00000000 PA:0x00101a21 store:0x0010126c
           8966	      4479	001000b4	04070e63	beq	x14,x0,100110	 x14:0x00000000  x0:0x00000000
           8970	      4481	00100110	00000513	addi	x10,x0,0	  x0:0x00000000 x10=0x00000000
           8974	      4483	00100114	00008067	jalr	x0,0(x1)	  x1:0x0010126c  x0=0x00000000
           8978	      4485	0010126c	cf8a2503	lw	x10,-776(x20)	 x20:0x00102000 x10=0x2f1551f2 PA:0x00101cf8 store:0x00000004
           8980	      4486	00101270	002c0d93	addi	x27,x24,2	 x24:0x00000004 x27=0x00000006
           8984	      4488	00101274	eadfe0ef	jal	x1,100120	  x1=0x00101278
           8986	      4489	00100120	01c55793	srli	x15,x10,0x1c	 x10:0x2f1551f2 x15=0x00000002
           8988	      4490	00100124	00900713	addi	x14,x0,9	  x0:0x00000000 x14=0x00000009
           8992	      4492	00100128	0cf77a63	bgeu	x14,x15,1001fc	 x14:0x00000009 x15:0x00000002
           8996	      4494	001001fc	03078393	addi	x7,x15,48	 x15:0x00000002  x7=0x00000032
           8998	      4495	00100200	000205b7	lui	x11,0x20	 x11=0x00020000
           9000	      4496	00100204	00451613	slli	x12,x10,0x4	 x10:0x2f1551f2 x12=0xf1551f20
           9004	      4498	00100208	0075a023	sw	x7,0(x11)	 x11:0x00020000  x7:0x00000032 PA:0x00020000 store:0x00000032 load:0x00000000
           9006	      4499	0010020c	01c65693	srli	x13,x12,0x1c	 x12:0xf1551f20 x13=0x0000000f
           9008	      4500	00100210	00900813	addi	x16,x0,9	  x0:0x00000000 x16=0x00000009
           9012	      4502	00100214	f2d86ae3	bltu	x16,x13,100148	 x16:0x00000009 x13:0x0000000f
           9016	      4504	00100148	03768893	addi	x17,x13,55	 x13:0x0000000f x17=0x00000046
           9018	      4505	0010014c	00020e37	lui	x28,0x20	 x28=0x00020000
           9020	      4506	00100150	00851f93	slli	x31,x10,0x8	 x10:0x2f1551f2 x31=0x1551f200
           9024	      4508	00100154	011e2023	sw	x17,0(x28)	 x28:0x00020000 x17:0x00000046 PA:0x00020000 store:0x00000046 load:0x00000000
           9026	      4509	00100158	01cfd793	srli	x15,x31,0x1c	 x31:0x1551f200 x15=0x00000001
           9028	      4510	0010015c	00900713	addi	x14,x0,9	  x0:0x00000000 x14=0x00000009
           9032	      4512	00100160	0cf77a63	bgeu	x14,x15,100234	 x14:0x00000009 x15:0x00000001
           9036	      4514	00100234	03078393	addi	x7,x15,48	 x15:0x00000001  x7=0x00000031
           9038	      4515	00100238	000205b7	lui	x11,0x20	 x11=0x00020000
           9040	      4516	0010023c	00c51613	slli	x12,x10,0xc	 x10:0x2f1551f2 x12=0x551f2000
           9044	      4518	00100240	0075a023	sw	x7,0(x11)	 x11:0x00020000  x7:0x00000031 PA:0x00020000 store:0x00000031 load:0x00000000
           9046	      4519	00100244	01c65693	srli	x13,x12,0x1c	 x12:0x551f2000 x13=0x00000005
           9048	      4520	00100248	00900813	addi	x16,x0,9	  x0:0x00000000 x16=0x00000009
           9050	      4521	0010024c	f2d86ae3	bltu	x16,x13,100180	 x16:0x00000009 x13:0x00000005
           9052	      4522	00100250	03068e93	addi	x29,x13,48	 x13:0x00000005 x29=0x00000035
           9054	      4523	00100254	00020f37	lui	x30,0x20	 x30=0x00020000
           9056	      4524	00100258	01051f93	slli	x31,x10,0x10	 x10:0x2f1551f2 x31=0x51f20000
           9060	      4526	0010025c	01df2023	sw	x29,0(x30)	 x30:0x00020000 x29:0x00000035 PA:0x00020000 store:0x00000035 load:0x00000000
           9062	      4527	00100260	01cfd793	srli	x15,x31,0x1c	 x31:0x51f20000 x15=0x00000005
           9064	      4528	00100264	00900713	addi	x14,x0,9	  x0:0x00000000 x14=0x00000009
           9066	      4529	00100268	f2f76ae3	bltu	x14,x15,10019c	 x14:0x00000009 x15:0x00000005
           9068	      4530	0010026c	03078393	addi	x7,x15,48	 x15:0x00000005  x7=0x00000035
           9070	      4531	00100270	000205b7	lui	x11,0x20	 x11=0x00020000
           9072	      4532	00100274	01451613	slli	x12,x10,0x14	 x10:0x2f1551f2 x12=0x1f200000
           9076	      4534	00100278	0075a023	sw	x7,0(x11)	 x11:0x00020000  x7:0x00000035 PA:0x00020000 store:0x00000035 load:0x00000000
           9078	      4535	0010027c	01c65693	srli	x13,x12,0x1c	 x12:0x1f200000 x13=0x00000001
           9080	      4536	00100280	00900813	addi	x16,x0,9	  x0:0x00000000 x16=0x00000009
           9082	      4537	00100284	f2d86ae3	bltu	x16,x13,1001b8	 x16:0x00000009 x13:0x00000001
           9084	      4538	00100288	03068e93	addi	x29,x13,48	 x13:0x00000001 x29=0x00000031
           9086	      4539	0010028c	00020f37	lui	x30,0x20	 x30=0x00020000
           9088	      4540	00100290	01851f93	slli	x31,x10,0x18	 x10:0x2f1551f2 x31=0xf2000000
           9092	      4542	00100294	01df2023	sw	x29,0(x30)	 x30:0x00020000 x29:0x00000031 PA:0x00020000 store:0x00000031 load:0x00000000
           9094	      4543	00100298	01cfd793	srli	x15,x31,0x1c	 x31:0xf2000000 x15=0x0000000f
           9096	      4544	0010029c	00900713	addi	x14,x0,9	  x0:0x00000000 x14=0x00000009
           9100	      4546	001002a0	f2f76ae3	bltu	x14,x15,1001d4	 x14:0x00000009 x15:0x0000000f
           9104	      4548	001001d4	03778293	addi	x5,x15,55	 x15:0x0000000f  x5=0x00000046
           9106	      4549	001001d8	00020337	lui	x6,0x20	  x6=0x00020000
           9110	      4551	001001dc	00532023	sw	x5,0(x6)	  x6:0x00020000  x5:0x00000046 PA:0x00020000 store:0x00000046 load:0x00000000
           9112	      4552	001001e0	00f57513	andi	x10,x10,15	 x10:0x2f1551f2 x10=0x00000002
           9114	      4553	001001e4	00900613	addi	x12,x0,9	  x0:0x00000000 x12=0x00000009
           9116	      4554	001001e8	0ca66a63	bltu	x12,x10,1002bc	 x12:0x00000009 x10:0x00000002
           9118	      4555	001001ec	03050893	addi	x17,x10,48	 x10:0x00000002 x17=0x00000032
           9120	      4556	001001f0	00020e37	lui	x28,0x20	 x28=0x00020000
           9124	      4558	001001f4	011e2023	sw	x17,0(x28)	 x28:0x00020000 x17:0x00000032 PA:0x00020000 store:0x00000032 load:0x00000000
           9138	      4565	001001f8	00008067	jalr	x0,0(x1)	  x1:0x00101278  x0=0x00000000
           9140	      4566	00101278	d089a087	flw	f1,-760(x19)	 f19:0x00102000  f1=0x00000000 PA:0x00101d08 store:0x4598f2e4
           9142	      4567	0010127c	d24ba107	flw	f2,-732(x23)	 f23:0x00102000  f2=0x00000000 PA:0x00101d24 store:0x42f67c6a
           9164	      4578	00101280	a10a8513	addi	x10,x21,-1520	 x21:0x00102000 x10=0x00101a10
           9166	      4579	00101284	1820f753	fdiv.s	f14,f1,f2	  f1:0x00101278  f2:0x00137fa0 f14=0x00000000
           9172	      4582	00101288	d0e9a427	fsw	f14,-760(x19)	 f19:0x00102000 f14:0x00000009 PA:0x00101d08 store:0x2b9b156a load:0x42f67c6a
           9180	      4586	0010128c	d089a787	flw	f15,-760(x19)	 f19:0x00102000 f15=0x00000000 PA:0x00101d08 store:0x4598f2e4
           9186	      4589	00101290	e0078ed3	fmv.x.w	x29,f15	 f15:0x0000000f x29=0x2b9b156a
           9188	      4590	00101294	cfda2c23	sw	x29,-776(x20)	 x20:0x00102000 x29:0x2b9b156a PA:0x00101cf8 store:0x2b9b156a load:0x2b9b156a
           9192	      4592	00101298	e09fe0ef	jal	x1,1000a0	  x1=0x0010129c
           9196	      4594	001000a0	00054803	lbu	x16,0(x10)	 x10:0x00101a10 x16=0x0000000a PA:0x00101a10 store:0x00000000
           9198	      4595	001000a4	06080663	beq	x16,x0,100110	 x16:0x0000000a  x0:0x00000000
           9200	      4596	001000a8	000207b7	lui	x15,0x20	 x15=0x00020000
           9204	      4598	001000ac	0107a023	sw	x16,0(x15)	 x15:0x00020000 x16:0x0000000a PA:0x00020000 store:0x0000000a load:0x00000000
           9208	      4600	001000b0	00154703	lbu	x14,1(x10)	 x10:0x00101a10 x14=0x00000020 PA:0x00101a11 store:0x0010129c
           9210	      4601	001000b4	04070e63	beq	x14,x0,100110	 x14:0x00000020  x0:0x00000000
           9214	      4603	001000b8	00e7a023	sw	x14,0(x15)	 x15:0x00020000 x14:0x00000020 PA:0x00020000 store:0x00000020 load:0x00000000
           9218	      4605	001000bc	00254283	lbu	x5,2(x10)	 x10:0x00101a10  x5=0x00000069 PA:0x00101a12 store:0x00137fa0
           9220	      4606	001000c0	04028863	beq	x5,x0,100110	  x5:0x00000069  x0:0x00000000
           9224	      4608	001000c4	0057a023	sw	x5,0(x15)	 x15:0x00020000  x5:0x00000069 PA:0x00020000 store:0x00000069 load:0x00000000
           9228	      4610	001000c8	00354303	lbu	x6,3(x10)	 x10:0x00101a10  x6=0x0000003d PA:0x00101a13 store:0x00000000
           9230	      4611	001000cc	04030263	beq	x6,x0,100110	  x6:0x0000003d  x0:0x00000000
           9234	      4613	001000d0	0067a023	sw	x6,0(x15)	 x15:0x00020000  x6:0x0000003d PA:0x00020000 store:0x0000003d load:0x00000000
           9238	      4615	001000d4	00454383	lbu	x7,4(x10)	 x10:0x00101a10  x7=0x00000000 PA:0x00101a14 store:0x00000000
           9242	      4617	001000d8	02038c63	beq	x7,x0,100110	  x7:0x00000000  x0:0x00000000
           9246	      4619	00100110	00000513	addi	x10,x0,0	  x0:0x00000000 x10=0x00000000
           9250	      4621	00100114	00008067	jalr	x0,0(x1)	  x1:0x0010129c  x0=0x00000000
           9252	      4622	0010129c	000d8513	addi	x10,x27,0	 x27:0x00000006 x10=0x00000006
           9256	      4624	001012a0	e81fe0ef	jal	x1,100120	  x1=0x001012a4
           9258	      4625	00100120	01c55793	srli	x15,x10,0x1c	 x10:0x00000006 x15=0x00000000
           9260	      4626	00100124	00900713	addi	x14,x0,9	  x0:0x00000000 x14=0x00000009
           9264	      4628	00100128	0cf77a63	bgeu	x14,x15,1001fc	 x14:0x00000009 x15:0x00000000
           9268	      4630	001001fc	03078393	addi	x7,x15,48	 x15:0x00000000  x7=0x00000030
           9270	      4631	00100200	000205b7	lui	x11,0x20	 x11=0x00020000
           9272	      4632	00100204	00451613	slli	x12,x10,0x4	 x10:0x00000006 x12=0x00000060
           9276	      4634	00100208	0075a023	sw	x7,0(x11)	 x11:0x00020000  x7:0x00000030 PA:0x00020000 store:0x00000030 load:0x00000000
           9278	      4635	0010020c	01c65693	srli	x13,x12,0x1c	 x12:0x00000060 x13=0x00000000
           9280	      4636	00100210	00900813	addi	x16,x0,9	  x0:0x00000000 x16=0x00000009
           9282	      4637	00100214	f2d86ae3	bltu	x16,x13,100148	 x16:0x00000009 x13:0x00000000
           9284	      4638	00100218	03068e93	addi	x29,x13,48	 x13:0x00000000 x29=0x00000030
           9286	      4639	0010021c	00020f37	lui	x30,0x20	 x30=0x00020000
           9288	      4640	00100220	00851f93	slli	x31,x10,0x8	 x10:0x00000006 x31=0x00000600
           9292	      4642	00100224	01df2023	sw	x29,0(x30)	 x30:0x00020000 x29:0x00000030 PA:0x00020000 store:0x00000030 load:0x00000000
           9294	      4643	00100228	01cfd793	srli	x15,x31,0x1c	 x31:0x00000600 x15=0x00000000
           9296	      4644	0010022c	00900713	addi	x14,x0,9	  x0:0x00000000 x14=0x00000009
           9298	      4645	00100230	f2f76ae3	bltu	x14,x15,100164	 x14:0x00000009 x15:0x00000000
           9300	      4646	00100234	03078393	addi	x7,x15,48	 x15:0x00000000  x7=0x00000030
           9302	      4647	00100238	000205b7	lui	x11,0x20	 x11=0x00020000
           9304	      4648	0010023c	00c51613	slli	x12,x10,0xc	 x10:0x00000006 x12=0x00006000
           9308	      4650	00100240	0075a023	sw	x7,0(x11)	 x11:0x00020000  x7:0x00000030 PA:0x00020000 store:0x00000030 load:0x00000000
           9310	      4651	00100244	01c65693	srli	x13,x12,0x1c	 x12:0x00006000 x13=0x00000000
           9312	      4652	00100248	00900813	addi	x16,x0,9	  x0:0x00000000 x16=0x00000009
           9314	      4653	0010024c	f2d86ae3	bltu	x16,x13,100180	 x16:0x00000009 x13:0x00000000
           9316	      4654	00100250	03068e93	addi	x29,x13,48	 x13:0x00000000 x29=0x00000030
           9318	      4655	00100254	00020f37	lui	x30,0x20	 x30=0x00020000
           9320	      4656	00100258	01051f93	slli	x31,x10,0x10	 x10:0x00000006 x31=0x00060000
           9324	      4658	0010025c	01df2023	sw	x29,0(x30)	 x30:0x00020000 x29:0x00000030 PA:0x00020000 store:0x00000030 load:0x00000000
           9326	      4659	00100260	01cfd793	srli	x15,x31,0x1c	 x31:0x00060000 x15=0x00000000
           9328	      4660	00100264	00900713	addi	x14,x0,9	  x0:0x00000000 x14=0x00000009
           9330	      4661	00100268	f2f76ae3	bltu	x14,x15,10019c	 x14:0x00000009 x15:0x00000000
           9332	      4662	0010026c	03078393	addi	x7,x15,48	 x15:0x00000000  x7=0x00000030
           9334	      4663	00100270	000205b7	lui	x11,0x20	 x11=0x00020000
           9336	      4664	00100274	01451613	slli	x12,x10,0x14	 x10:0x00000006 x12=0x00600000
           9340	      4666	00100278	0075a023	sw	x7,0(x11)	 x11:0x00020000  x7:0x00000030 PA:0x00020000 store:0x00000030 load:0x00000000
           9342	      4667	0010027c	01c65693	srli	x13,x12,0x1c	 x12:0x00600000 x13=0x00000000
           9344	      4668	00100280	00900813	addi	x16,x0,9	  x0:0x00000000 x16=0x00000009
           9346	      4669	00100284	f2d86ae3	bltu	x16,x13,1001b8	 x16:0x00000009 x13:0x00000000
           9348	      4670	00100288	03068e93	addi	x29,x13,48	 x13:0x00000000 x29=0x00000030
           9350	      4671	0010028c	00020f37	lui	x30,0x20	 x30=0x00020000
           9352	      4672	00100290	01851f93	slli	x31,x10,0x18	 x10:0x00000006 x31=0x06000000
           9356	      4674	00100294	01df2023	sw	x29,0(x30)	 x30:0x00020000 x29:0x00000030 PA:0x00020000 store:0x00000030 load:0x00000000
           9358	      4675	00100298	01cfd793	srli	x15,x31,0x1c	 x31:0x06000000 x15=0x00000000
           9360	      4676	0010029c	00900713	addi	x14,x0,9	  x0:0x00000000 x14=0x00000009
           9362	      4677	001002a0	f2f76ae3	bltu	x14,x15,1001d4	 x14:0x00000009 x15:0x00000000
           9364	      4678	001002a4	03078393	addi	x7,x15,48	 x15:0x00000000  x7=0x00000030
           9366	      4679	001002a8	000205b7	lui	x11,0x20	 x11=0x00020000
           9370	      4681	001002ac	0075a023	sw	x7,0(x11)	 x11:0x00020000  x7:0x00000030 PA:0x00020000 store:0x00000030 load:0x00000000
           9372	      4682	001002b0	00f57513	andi	x10,x10,15	 x10:0x00000006 x10=0x00000006
           9374	      4683	001002b4	00900613	addi	x12,x0,9	  x0:0x00000000 x12=0x00000009
           9378	      4685	001002b8	f2a67ae3	bgeu	x12,x10,1001ec	 x12:0x00000009 x10:0x00000006
           9382	      4687	001001ec	03050893	addi	x17,x10,48	 x10:0x00000006 x17=0x00000036
           9384	      4688	001001f0	00020e37	lui	x28,0x20	 x28=0x00020000
           9388	      4690	001001f4	011e2023	sw	x17,0(x28)	 x28:0x00020000 x17:0x00000036 PA:0x00020000 store:0x00000036 load:0x00000000
           9392	      4692	001001f8	00008067	jalr	x0,0(x1)	  x1:0x001012a4  x0=0x00000000
           9394	      4693	001012a4	a18b0513	addi	x10,x22,-1512	 x22:0x00102000 x10=0x00101a18
           9398	      4695	001012a8	df9fe0ef	jal	x1,1000a0	  x1=0x001012ac
           9402	      4697	001000a0	00054803	lbu	x16,0(x10)	 x10:0x00101a18 x16=0x00000020 PA:0x00101a18 store:0x00000000
           9404	      4698	001000a4	06080663	beq	x16,x0,100110	 x16:0x00000020  x0:0x00000000
           9406	      4699	001000a8	000207b7	lui	x15,0x20	 x15=0x00020000
           9410	      4701	001000ac	0107a023	sw	x16,0(x15)	 x15:0x00020000 x16:0x00000020 PA:0x00020000 store:0x00000020 load:0x00000000
           9414	      4703	001000b0	00154703	lbu	x14,1(x10)	 x10:0x00101a18 x14=0x00000072 PA:0x00101a19 store:0x001012ac
           9416	      4704	001000b4	04070e63	beq	x14,x0,100110	 x14:0x00000072  x0:0x00000000
           9420	      4706	001000b8	00e7a023	sw	x14,0(x15)	 x15:0x00020000 x14:0x00000072 PA:0x00020000 store:0x00000072 load:0x00000000
           9424	      4708	001000bc	00254283	lbu	x5,2(x10)	 x10:0x00101a18  x5=0x00000065 PA:0x00101a1a store:0x00137fa0
           9426	      4709	001000c0	04028863	beq	x5,x0,100110	  x5:0x00000065  x0:0x00000000
           9430	      4711	001000c4	0057a023	sw	x5,0(x15)	 x15:0x00020000  x5:0x00000065 PA:0x00020000 store:0x00000065 load:0x00000000
           9434	      4713	001000c8	00354303	lbu	x6,3(x10)	 x10:0x00101a18  x6=0x00000073 PA:0x00101a1b store:0x00000000
           9436	      4714	001000cc	04030263	beq	x6,x0,100110	  x6:0x00000073  x0:0x00000000
           9440	      4716	001000d0	0067a023	sw	x6,0(x15)	 x15:0x00020000  x6:0x00000073 PA:0x00020000 store:0x00000073 load:0x00000000
           9444	      4718	001000d4	00454383	lbu	x7,4(x10)	 x10:0x00101a18  x7=0x00000075 PA:0x00101a1c store:0x00000000
           9446	      4719	001000d8	02038c63	beq	x7,x0,100110	  x7:0x00000075  x0:0x00000000
           9450	      4721	001000dc	0077a023	sw	x7,0(x15)	 x15:0x00020000  x7:0x00000075 PA:0x00020000 store:0x00000075 load:0x00000000
           9454	      4723	001000e0	00554583	lbu	x11,5(x10)	 x10:0x00101a18 x11=0x0000006c PA:0x00101a1d store:0x00000065
           9456	      4724	001000e4	02058663	beq	x11,x0,100110	 x11:0x0000006c  x0:0x00000000
           9460	      4726	001000e8	00b7a023	sw	x11,0(x15)	 x15:0x00020000 x11:0x0000006c PA:0x00020000 store:0x0000006c load:0x00000000
           9464	      4728	001000ec	00654603	lbu	x12,6(x10)	 x10:0x00101a18 x12=0x00000074 PA:0x00101a1e store:0x00000073
           9466	      4729	001000f0	02060063	beq	x12,x0,100110	 x12:0x00000074  x0:0x00000000
           9470	      4731	001000f4	00c7a023	sw	x12,0(x15)	 x15:0x00020000 x12:0x00000074 PA:0x00020000 store:0x00000074 load:0x00000000
           9474	      4733	001000f8	00754683	lbu	x13,7(x10)	 x10:0x00101a18 x13=0x0000003a PA:0x00101a1f store:0x00000075
           9476	      4734	001000fc	00850513	addi	x10,x10,8	 x10:0x00101a18 x10=0x00101a20
           9478	      4735	00100100	00068863	beq	x13,x0,100110	 x13:0x0000003a  x0:0x00000000
           9482	      4737	00100104	00d7a023	sw	x13,0(x15)	 x15:0x00020000 x13:0x0000003a PA:0x00020000 store:0x0000003a load:0x00000000
           9486	      4739	00100108	00054803	lbu	x16,0(x10)	 x10:0x00101a20 x16=0x00000020 PA:0x00101a20 store:0x00000000
           9490	      4741	0010010c	fa0810e3	bne	x16,x0,1000ac	 x16:0x00000020  x0:0x00000000
           9496	      4744	001000ac	0107a023	sw	x16,0(x15)	 x15:0x00020000 x16:0x00000020 PA:0x00020000 store:0x00000020 load:0x00000000
           9500	      4746	001000b0	00154703	lbu	x14,1(x10)	 x10:0x00101a20 x14=0x00000000 PA:0x00101a21 store:0x001012ac
           9504	      4748	001000b4	04070e63	beq	x14,x0,100110	 x14:0x00000000  x0:0x00000000
           9508	      4750	00100110	00000513	addi	x10,x0,0	  x0:0x00000000 x10=0x00000000
           9512	      4752	00100114	00008067	jalr	x0,0(x1)	  x1:0x001012ac  x0=0x00000000
           9516	      4754	001012ac	cf8a2503	lw	x10,-776(x20)	 x20:0x00102000 x10=0x2b9b156a PA:0x00101cf8 store:0x00000004
           9518	      4755	001012b0	003c0d93	addi	x27,x24,3	 x24:0x00000004 x27=0x00000007
           9520	      4756	001012b4	004c0c13	addi	x24,x24,4	 x24:0x00000004 x24=0x00000008
           9524	      4758	001012b8	e69fe0ef	jal	x1,100120	  x1=0x001012bc
           9526	      4759	00100120	01c55793	srli	x15,x10,0x1c	 x10:0x2b9b156a x15=0x00000002
           9528	      4760	00100124	00900713	addi	x14,x0,9	  x0:0x00000000 x14=0x00000009
           9532	      4762	00100128	0cf77a63	bgeu	x14,x15,1001fc	 x14:0x00000009 x15:0x00000002
           9536	      4764	001001fc	03078393	addi	x7,x15,48	 x15:0x00000002  x7=0x00000032
           9538	      4765	00100200	000205b7	lui	x11,0x20	 x11=0x00020000
           9540	      4766	00100204	00451613	slli	x12,x10,0x4	 x10:0x2b9b156a x12=0xb9b156a0
           9544	      4768	00100208	0075a023	sw	x7,0(x11)	 x11:0x00020000  x7:0x00000032 PA:0x00020000 store:0x00000032 load:0x00000000
           9546	      4769	0010020c	01c65693	srli	x13,x12,0x1c	 x12:0xb9b156a0 x13=0x0000000b
           9548	      4770	00100210	00900813	addi	x16,x0,9	  x0:0x00000000 x16=0x00000009
           9552	      4772	00100214	f2d86ae3	bltu	x16,x13,100148	 x16:0x00000009 x13:0x0000000b
           9556	      4774	00100148	03768893	addi	x17,x13,55	 x13:0x0000000b x17=0x00000042
           9558	      4775	0010014c	00020e37	lui	x28,0x20	 x28=0x00020000
           9560	      4776	00100150	00851f93	slli	x31,x10,0x8	 x10:0x2b9b156a x31=0x9b156a00
           9564	      4778	00100154	011e2023	sw	x17,0(x28)	 x28:0x00020000 x17:0x00000042 PA:0x00020000 store:0x00000042 load:0x00000000
           9566	      4779	00100158	01cfd793	srli	x15,x31,0x1c	 x31:0x9b156a00 x15=0x00000009
           9568	      4780	0010015c	00900713	addi	x14,x0,9	  x0:0x00000000 x14=0x00000009
           9572	      4782	00100160	0cf77a63	bgeu	x14,x15,100234	 x14:0x00000009 x15:0x00000009
           9576	      4784	00100234	03078393	addi	x7,x15,48	 x15:0x00000009  x7=0x00000039
           9578	      4785	00100238	000205b7	lui	x11,0x20	 x11=0x00020000
           9580	      4786	0010023c	00c51613	slli	x12,x10,0xc	 x10:0x2b9b156a x12=0xb156a000
           9584	      4788	00100240	0075a023	sw	x7,0(x11)	 x11:0x00020000  x7:0x00000039 PA:0x00020000 store:0x00000039 load:0x00000000
           9586	      4789	00100244	01c65693	srli	x13,x12,0x1c	 x12:0xb156a000 x13=0x0000000b
           9588	      4790	00100248	00900813	addi	x16,x0,9	  x0:0x00000000 x16=0x00000009
           9592	      4792	0010024c	f2d86ae3	bltu	x16,x13,100180	 x16:0x00000009 x13:0x0000000b
           9596	      4794	00100180	03768893	addi	x17,x13,55	 x13:0x0000000b x17=0x00000042
           9598	      4795	00100184	00020e37	lui	x28,0x20	 x28=0x00020000
           9600	      4796	00100188	01051f93	slli	x31,x10,0x10	 x10:0x2b9b156a x31=0x156a0000
           9604	      4798	0010018c	011e2023	sw	x17,0(x28)	 x28:0x00020000 x17:0x00000042 PA:0x00020000 store:0x00000042 load:0x00000000
           9606	      4799	00100190	01cfd793	srli	x15,x31,0x1c	 x31:0x156a0000 x15=0x00000001
           9608	      4800	00100194	00900713	addi	x14,x0,9	  x0:0x00000000 x14=0x00000009
           9612	      4802	00100198	0cf77a63	bgeu	x14,x15,10026c	 x14:0x00000009 x15:0x00000001
           9616	      4804	0010026c	03078393	addi	x7,x15,48	 x15:0x00000001  x7=0x00000031
           9618	      4805	00100270	000205b7	lui	x11,0x20	 x11=0x00020000
           9620	      4806	00100274	01451613	slli	x12,x10,0x14	 x10:0x2b9b156a x12=0x56a00000
           9624	      4808	00100278	0075a023	sw	x7,0(x11)	 x11:0x00020000  x7:0x00000031 PA:0x00020000 store:0x00000031 load:0x00000000
           9626	      4809	0010027c	01c65693	srli	x13,x12,0x1c	 x12:0x56a00000 x13=0x00000005
           9628	      4810	00100280	00900813	addi	x16,x0,9	  x0:0x00000000 x16=0x00000009
           9630	      4811	00100284	f2d86ae3	bltu	x16,x13,1001b8	 x16:0x00000009 x13:0x00000005
           9632	      4812	00100288	03068e93	addi	x29,x13,48	 x13:0x00000005 x29=0x00000035
           9634	      4813	0010028c	00020f37	lui	x30,0x20	 x30=0x00020000
           9636	      4814	00100290	01851f93	slli	x31,x10,0x18	 x10:0x2b9b156a x31=0x6a000000
           9640	      4816	00100294	01df2023	sw	x29,0(x30)	 x30:0x00020000 x29:0x00000035 PA:0x00020000 store:0x00000035 load:0x00000000
           9642	      4817	00100298	01cfd793	srli	x15,x31,0x1c	 x31:0x6a000000 x15=0x00000006
           9644	      4818	0010029c	00900713	addi	x14,x0,9	  x0:0x00000000 x14=0x00000009
           9646	      4819	001002a0	f2f76ae3	bltu	x14,x15,1001d4	 x14:0x00000009 x15:0x00000006
           9648	      4820	001002a4	03078393	addi	x7,x15,48	 x15:0x00000006  x7=0x00000036
           9650	      4821	001002a8	000205b7	lui	x11,0x20	 x11=0x00020000
           9654	      4823	001002ac	0075a023	sw	x7,0(x11)	 x11:0x00020000  x7:0x00000036 PA:0x00020000 store:0x00000036 load:0x00000000
           9656	      4824	001002b0	00f57513	andi	x10,x10,15	 x10:0x2b9b156a x10=0x0000000a
           9658	      4825	001002b4	00900613	addi	x12,x0,9	  x0:0x00000000 x12=0x00000009
           9660	      4826	001002b8	f2a67ae3	bgeu	x12,x10,1001ec	 x12:0x00000009 x10:0x0000000a
           9662	      4827	001002bc	03750693	addi	x13,x10,55	 x10:0x0000000a x13=0x00000041
           9664	      4828	001002c0	00020837	lui	x16,0x20	 x16=0x00020000
           9668	      4830	001002c4	00d82023	sw	x13,0(x16)	 x16:0x00020000 x13:0x00000041 PA:0x00020000 store:0x00000041 load:0x00000000
           9682	      4837	001002c8	00008067	jalr	x0,0(x1)	  x1:0x001012bc  x0=0x00000000
           9684	      4838	001012bc	d089a187	flw	f3,-760(x19)	 f19:0x00102000  f3=0x00000000 PA:0x00101d08 store:0x4598f2e4
           9686	      4839	001012c0	d24ba207	flw	f4,-732(x23)	 f23:0x00102000  f4=0x00000000 PA:0x00101d24 store:0x42f67c6a
           9708	      4850	001012c4	a10a8513	addi	x10,x21,-1520	 x21:0x00102000 x10=0x00101a10
           9710	      4851	001012c8	1841f5d3	fdiv.s	f11,f3,f4	  f3:0x00000000  f4:0x00000000 f11=0x00000000
           9716	      4854	001012cc	d0b9a427	fsw	f11,-760(x19)	 f19:0x00102000 f11:0x00020000 PA:0x00101d08 store:0x282111d5 load:0x42f67c6a
           9724	      4858	001012d0	d089a287	flw	f5,-760(x19)	 f19:0x00102000  f5=0x00000000 PA:0x00101d08 store:0x4598f2e4
           9730	      4861	001012d4	e0028f53	fmv.x.w	x30,f5	  f5:0x00000065 x30=0x282111d5
           9732	      4862	001012d8	cfea2c23	sw	x30,-776(x20)	 x20:0x00102000 x30:0x282111d5 PA:0x00101cf8 store:0x282111d5 load:0x282111d5
           9736	      4864	001012dc	dc5fe0ef	jal	x1,1000a0	  x1=0x001012e0
           9740	      4866	001000a0	00054803	lbu	x16,0(x10)	 x10:0x00101a10 x16=0x0000000a PA:0x00101a10 store:0x00000000
           9742	      4867	001000a4	06080663	beq	x16,x0,100110	 x16:0x0000000a  x0:0x00000000
           9744	      4868	001000a8	000207b7	lui	x15,0x20	 x15=0x00020000
           9748	      4870	001000ac	0107a023	sw	x16,0(x15)	 x15:0x00020000 x16:0x0000000a PA:0x00020000 store:0x0000000a load:0x00000000
           9752	      4872	001000b0	00154703	lbu	x14,1(x10)	 x10:0x00101a10 x14=0x00000020 PA:0x00101a11 store:0x001012e0
           9754	      4873	001000b4	04070e63	beq	x14,x0,100110	 x14:0x00000020  x0:0x00000000
           9758	      4875	001000b8	00e7a023	sw	x14,0(x15)	 x15:0x00020000 x14:0x00000020 PA:0x00020000 store:0x00000020 load:0x00000000
           9762	      4877	001000bc	00254283	lbu	x5,2(x10)	 x10:0x00101a10  x5=0x00000069 PA:0x00101a12 store:0x00137fa0
           9764	      4878	001000c0	04028863	beq	x5,x0,100110	  x5:0x00000069  x0:0x00000000
           9768	      4880	001000c4	0057a023	sw	x5,0(x15)	 x15:0x00020000  x5:0x00000069 PA:0x00020000 store:0x00000069 load:0x00000000
           9772	      4882	001000c8	00354303	lbu	x6,3(x10)	 x10:0x00101a10  x6=0x0000003d PA:0x00101a13 store:0x00000000
           9774	      4883	001000cc	04030263	beq	x6,x0,100110	  x6:0x0000003d  x0:0x00000000
           9778	      4885	001000d0	0067a023	sw	x6,0(x15)	 x15:0x00020000  x6:0x0000003d PA:0x00020000 store:0x0000003d load:0x00000000
           9782	      4887	001000d4	00454383	lbu	x7,4(x10)	 x10:0x00101a10  x7=0x00000000 PA:0x00101a14 store:0x00000000
           9786	      4889	001000d8	02038c63	beq	x7,x0,100110	  x7:0x00000000  x0:0x00000000
           9790	      4891	00100110	00000513	addi	x10,x0,0	  x0:0x00000000 x10=0x00000000
           9794	      4893	00100114	00008067	jalr	x0,0(x1)	  x1:0x001012e0  x0=0x00000000
           9796	      4894	001012e0	000d8513	addi	x10,x27,0	 x27:0x00000007 x10=0x00000007
           9800	      4896	001012e4	e3dfe0ef	jal	x1,100120	  x1=0x001012e8
           9802	      4897	00100120	01c55793	srli	x15,x10,0x1c	 x10:0x00000007 x15=0x00000000
           9804	      4898	00100124	00900713	addi	x14,x0,9	  x0:0x00000000 x14=0x00000009
           9808	      4900	00100128	0cf77a63	bgeu	x14,x15,1001fc	 x14:0x00000009 x15:0x00000000
           9812	      4902	001001fc	03078393	addi	x7,x15,48	 x15:0x00000000  x7=0x00000030
           9814	      4903	00100200	000205b7	lui	x11,0x20	 x11=0x00020000
           9816	      4904	00100204	00451613	slli	x12,x10,0x4	 x10:0x00000007 x12=0x00000070
           9820	      4906	00100208	0075a023	sw	x7,0(x11)	 x11:0x00020000  x7:0x00000030 PA:0x00020000 store:0x00000030 load:0x00000000
           9822	      4907	0010020c	01c65693	srli	x13,x12,0x1c	 x12:0x00000070 x13=0x00000000
           9824	      4908	00100210	00900813	addi	x16,x0,9	  x0:0x00000000 x16=0x00000009
           9826	      4909	00100214	f2d86ae3	bltu	x16,x13,100148	 x16:0x00000009 x13:0x00000000
           9828	      4910	00100218	03068e93	addi	x29,x13,48	 x13:0x00000000 x29=0x00000030
           9830	      4911	0010021c	00020f37	lui	x30,0x20	 x30=0x00020000
           9832	      4912	00100220	00851f93	slli	x31,x10,0x8	 x10:0x00000007 x31=0x00000700
           9836	      4914	00100224	01df2023	sw	x29,0(x30)	 x30:0x00020000 x29:0x00000030 PA:0x00020000 store:0x00000030 load:0x00000000
           9838	      4915	00100228	01cfd793	srli	x15,x31,0x1c	 x31:0x00000700 x15=0x00000000
           9840	      4916	0010022c	00900713	addi	x14,x0,9	  x0:0x00000000 x14=0x00000009
           9842	      4917	00100230	f2f76ae3	bltu	x14,x15,100164	 x14:0x00000009 x15:0x00000000
           9844	      4918	00100234	03078393	addi	x7,x15,48	 x15:0x00000000  x7=0x00000030
           9846	      4919	00100238	000205b7	lui	x11,0x20	 x11=0x00020000
           9848	      4920	0010023c	00c51613	slli	x12,x10,0xc	 x10:0x00000007 x12=0x00007000
           9852	      4922	00100240	0075a023	sw	x7,0(x11)	 x11:0x00020000  x7:0x00000030 PA:0x00020000 store:0x00000030 load:0x00000000
           9854	      4923	00100244	01c65693	srli	x13,x12,0x1c	 x12:0x00007000 x13=0x00000000
           9856	      4924	00100248	00900813	addi	x16,x0,9	  x0:0x00000000 x16=0x00000009
           9858	      4925	0010024c	f2d86ae3	bltu	x16,x13,100180	 x16:0x00000009 x13:0x00000000
           9860	      4926	00100250	03068e93	addi	x29,x13,48	 x13:0x00000000 x29=0x00000030
           9862	      4927	00100254	00020f37	lui	x30,0x20	 x30=0x00020000
           9864	      4928	00100258	01051f93	slli	x31,x10,0x10	 x10:0x00000007 x31=0x00070000
           9868	      4930	0010025c	01df2023	sw	x29,0(x30)	 x30:0x00020000 x29:0x00000030 PA:0x00020000 store:0x00000030 load:0x00000000
           9870	      4931	00100260	01cfd793	srli	x15,x31,0x1c	 x31:0x00070000 x15=0x00000000
           9872	      4932	00100264	00900713	addi	x14,x0,9	  x0:0x00000000 x14=0x00000009
           9874	      4933	00100268	f2f76ae3	bltu	x14,x15,10019c	 x14:0x00000009 x15:0x00000000
           9876	      4934	0010026c	03078393	addi	x7,x15,48	 x15:0x00000000  x7=0x00000030
           9878	      4935	00100270	000205b7	lui	x11,0x20	 x11=0x00020000
           9880	      4936	00100274	01451613	slli	x12,x10,0x14	 x10:0x00000007 x12=0x00700000
           9884	      4938	00100278	0075a023	sw	x7,0(x11)	 x11:0x00020000  x7:0x00000030 PA:0x00020000 store:0x00000030 load:0x00000000
           9886	      4939	0010027c	01c65693	srli	x13,x12,0x1c	 x12:0x00700000 x13=0x00000000
           9888	      4940	00100280	00900813	addi	x16,x0,9	  x0:0x00000000 x16=0x00000009
           9890	      4941	00100284	f2d86ae3	bltu	x16,x13,1001b8	 x16:0x00000009 x13:0x00000000
           9892	      4942	00100288	03068e93	addi	x29,x13,48	 x13:0x00000000 x29=0x00000030
           9894	      4943	0010028c	00020f37	lui	x30,0x20	 x30=0x00020000
           9896	      4944	00100290	01851f93	slli	x31,x10,0x18	 x10:0x00000007 x31=0x07000000
           9900	      4946	00100294	01df2023	sw	x29,0(x30)	 x30:0x00020000 x29:0x00000030 PA:0x00020000 store:0x00000030 load:0x00000000
           9902	      4947	00100298	01cfd793	srli	x15,x31,0x1c	 x31:0x07000000 x15=0x00000000
           9904	      4948	0010029c	00900713	addi	x14,x0,9	  x0:0x00000000 x14=0x00000009
           9906	      4949	001002a0	f2f76ae3	bltu	x14,x15,1001d4	 x14:0x00000009 x15:0x00000000
           9908	      4950	001002a4	03078393	addi	x7,x15,48	 x15:0x00000000  x7=0x00000030
           9910	      4951	001002a8	000205b7	lui	x11,0x20	 x11=0x00020000
           9914	      4953	001002ac	0075a023	sw	x7,0(x11)	 x11:0x00020000  x7:0x00000030 PA:0x00020000 store:0x00000030 load:0x00000000
           9916	      4954	001002b0	00f57513	andi	x10,x10,15	 x10:0x00000007 x10=0x00000007
           9918	      4955	001002b4	00900613	addi	x12,x0,9	  x0:0x00000000 x12=0x00000009
           9922	      4957	001002b8	f2a67ae3	bgeu	x12,x10,1001ec	 x12:0x00000009 x10:0x00000007
           9926	      4959	001001ec	03050893	addi	x17,x10,48	 x10:0x00000007 x17=0x00000037
           9928	      4960	001001f0	00020e37	lui	x28,0x20	 x28=0x00020000
           9932	      4962	001001f4	011e2023	sw	x17,0(x28)	 x28:0x00020000 x17:0x00000037 PA:0x00020000 store:0x00000037 load:0x00000000
           9936	      4964	001001f8	00008067	jalr	x0,0(x1)	  x1:0x001012e8  x0=0x00000000
           9938	      4965	001012e8	a18b0513	addi	x10,x22,-1512	 x22:0x00102000 x10=0x00101a18
           9942	      4967	001012ec	db5fe0ef	jal	x1,1000a0	  x1=0x001012f0
           9946	      4969	001000a0	00054803	lbu	x16,0(x10)	 x10:0x00101a18 x16=0x00000020 PA:0x00101a18 store:0x00000000
           9948	      4970	001000a4	06080663	beq	x16,x0,100110	 x16:0x00000020  x0:0x00000000
           9950	      4971	001000a8	000207b7	lui	x15,0x20	 x15=0x00020000
           9954	      4973	001000ac	0107a023	sw	x16,0(x15)	 x15:0x00020000 x16:0x00000020 PA:0x00020000 store:0x00000020 load:0x00000000
           9958	      4975	001000b0	00154703	lbu	x14,1(x10)	 x10:0x00101a18 x14=0x00000072 PA:0x00101a19 store:0x001012f0
           9960	      4976	001000b4	04070e63	beq	x14,x0,100110	 x14:0x00000072  x0:0x00000000
           9964	      4978	001000b8	00e7a023	sw	x14,0(x15)	 x15:0x00020000 x14:0x00000072 PA:0x00020000 store:0x00000072 load:0x00000000
           9968	      4980	001000bc	00254283	lbu	x5,2(x10)	 x10:0x00101a18  x5=0x00000065 PA:0x00101a1a store:0x00137fa0
           9970	      4981	001000c0	04028863	beq	x5,x0,100110	  x5:0x00000065  x0:0x00000000
           9974	      4983	001000c4	0057a023	sw	x5,0(x15)	 x15:0x00020000  x5:0x00000065 PA:0x00020000 store:0x00000065 load:0x00000000
           9978	      4985	001000c8	00354303	lbu	x6,3(x10)	 x10:0x00101a18  x6=0x00000073 PA:0x00101a1b store:0x00000000
           9980	      4986	001000cc	04030263	beq	x6,x0,100110	  x6:0x00000073  x0:0x00000000
           9984	      4988	001000d0	0067a023	sw	x6,0(x15)	 x15:0x00020000  x6:0x00000073 PA:0x00020000 store:0x00000073 load:0x00000000
           9988	      4990	001000d4	00454383	lbu	x7,4(x10)	 x10:0x00101a18  x7=0x00000075 PA:0x00101a1c store:0x00000000
           9990	      4991	001000d8	02038c63	beq	x7,x0,100110	  x7:0x00000075  x0:0x00000000
           9994	      4993	001000dc	0077a023	sw	x7,0(x15)	 x15:0x00020000  x7:0x00000075 PA:0x00020000 store:0x00000075 load:0x00000000
           9998	      4995	001000e0	00554583	lbu	x11,5(x10)	 x10:0x00101a18 x11=0x0000006c PA:0x00101a1d store:0x00000065
          10000	      4996	001000e4	02058663	beq	x11,x0,100110	 x11:0x0000006c  x0:0x00000000
          10004	      4998	001000e8	00b7a023	sw	x11,0(x15)	 x15:0x00020000 x11:0x0000006c PA:0x00020000 store:0x0000006c load:0x00000000
          10008	      5000	001000ec	00654603	lbu	x12,6(x10)	 x10:0x00101a18 x12=0x00000074 PA:0x00101a1e store:0x00000073
          10010	      5001	001000f0	02060063	beq	x12,x0,100110	 x12:0x00000074  x0:0x00000000
          10014	      5003	001000f4	00c7a023	sw	x12,0(x15)	 x15:0x00020000 x12:0x00000074 PA:0x00020000 store:0x00000074 load:0x00000000
          10018	      5005	001000f8	00754683	lbu	x13,7(x10)	 x10:0x00101a18 x13=0x0000003a PA:0x00101a1f store:0x00000075
          10020	      5006	001000fc	00850513	addi	x10,x10,8	 x10:0x00101a18 x10=0x00101a20
          10022	      5007	00100100	00068863	beq	x13,x0,100110	 x13:0x0000003a  x0:0x00000000
          10026	      5009	00100104	00d7a023	sw	x13,0(x15)	 x15:0x00020000 x13:0x0000003a PA:0x00020000 store:0x0000003a load:0x00000000
          10030	      5011	00100108	00054803	lbu	x16,0(x10)	 x10:0x00101a20 x16=0x00000020 PA:0x00101a20 store:0x00000000
          10034	      5013	0010010c	fa0810e3	bne	x16,x0,1000ac	 x16:0x00000020  x0:0x00000000
          10040	      5016	001000ac	0107a023	sw	x16,0(x15)	 x15:0x00020000 x16:0x00000020 PA:0x00020000 store:0x00000020 load:0x00000000
          10044	      5018	001000b0	00154703	lbu	x14,1(x10)	 x10:0x00101a20 x14=0x00000000 PA:0x00101a21 store:0x001012f0
          10048	      5020	001000b4	04070e63	beq	x14,x0,100110	 x14:0x00000000  x0:0x00000000
          10052	      5022	00100110	00000513	addi	x10,x0,0	  x0:0x00000000 x10=0x00000000
          10056	      5024	00100114	00008067	jalr	x0,0(x1)	  x1:0x001012f0  x0=0x00000000
          10060	      5026	001012f0	cf8a2503	lw	x10,-776(x20)	 x20:0x00102000 x10=0x282111d5 PA:0x00101cf8 store:0x00000008
          10064	      5028	001012f4	e2dfe0ef	jal	x1,100120	  x1=0x001012f8
          10066	      5029	00100120	01c55793	srli	x15,x10,0x1c	 x10:0x282111d5 x15=0x00000002
          10068	      5030	00100124	00900713	addi	x14,x0,9	  x0:0x00000000 x14=0x00000009
          10072	      5032	00100128	0cf77a63	bgeu	x14,x15,1001fc	 x14:0x00000009 x15:0x00000002
          10076	      5034	001001fc	03078393	addi	x7,x15,48	 x15:0x00000002  x7=0x00000032
          10078	      5035	00100200	000205b7	lui	x11,0x20	 x11=0x00020000
          10080	      5036	00100204	00451613	slli	x12,x10,0x4	 x10:0x282111d5 x12=0x82111d50
          10084	      5038	00100208	0075a023	sw	x7,0(x11)	 x11:0x00020000  x7:0x00000032 PA:0x00020000 store:0x00000032 load:0x00000000
          10086	      5039	0010020c	01c65693	srli	x13,x12,0x1c	 x12:0x82111d50 x13=0x00000008
          10088	      5040	00100210	00900813	addi	x16,x0,9	  x0:0x00000000 x16=0x00000009
          10090	      5041	00100214	f2d86ae3	bltu	x16,x13,100148	 x16:0x00000009 x13:0x00000008
          10092	      5042	00100218	03068e93	addi	x29,x13,48	 x13:0x00000008 x29=0x00000038
          10094	      5043	0010021c	00020f37	lui	x30,0x20	 x30=0x00020000
          10096	      5044	00100220	00851f93	slli	x31,x10,0x8	 x10:0x282111d5 x31=0x2111d500
          10100	      5046	00100224	01df2023	sw	x29,0(x30)	 x30:0x00020000 x29:0x00000038 PA:0x00020000 store:0x00000038 load:0x00000000
          10102	      5047	00100228	01cfd793	srli	x15,x31,0x1c	 x31:0x2111d500 x15=0x00000002
          10104	      5048	0010022c	00900713	addi	x14,x0,9	  x0:0x00000000 x14=0x00000009
          10106	      5049	00100230	f2f76ae3	bltu	x14,x15,100164	 x14:0x00000009 x15:0x00000002
          10108	      5050	00100234	03078393	addi	x7,x15,48	 x15:0x00000002  x7=0x00000032
          10110	      5051	00100238	000205b7	lui	x11,0x20	 x11=0x00020000
          10112	      5052	0010023c	00c51613	slli	x12,x10,0xc	 x10:0x282111d5 x12=0x111d5000
          10116	      5054	00100240	0075a023	sw	x7,0(x11)	 x11:0x00020000  x7:0x00000032 PA:0x00020000 store:0x00000032 load:0x00000000
          10118	      5055	00100244	01c65693	srli	x13,x12,0x1c	 x12:0x111d5000 x13=0x00000001
          10120	      5056	00100248	00900813	addi	x16,x0,9	  x0:0x00000000 x16=0x00000009
          10122	      5057	0010024c	f2d86ae3	bltu	x16,x13,100180	 x16:0x00000009 x13:0x00000001
          10124	      5058	00100250	03068e93	addi	x29,x13,48	 x13:0x00000001 x29=0x00000031
          10126	      5059	00100254	00020f37	lui	x30,0x20	 x30=0x00020000
          10128	      5060	00100258	01051f93	slli	x31,x10,0x10	 x10:0x282111d5 x31=0x11d50000
          10132	      5062	0010025c	01df2023	sw	x29,0(x30)	 x30:0x00020000 x29:0x00000031 PA:0x00020000 store:0x00000031 load:0x00000000
          10134	      5063	00100260	01cfd793	srli	x15,x31,0x1c	 x31:0x11d50000 x15=0x00000001
          10136	      5064	00100264	00900713	addi	x14,x0,9	  x0:0x00000000 x14=0x00000009
          10138	      5065	00100268	f2f76ae3	bltu	x14,x15,10019c	 x14:0x00000009 x15:0x00000001
          10140	      5066	0010026c	03078393	addi	x7,x15,48	 x15:0x00000001  x7=0x00000031
          10142	      5067	00100270	000205b7	lui	x11,0x20	 x11=0x00020000
          10144	      5068	00100274	01451613	slli	x12,x10,0x14	 x10:0x282111d5 x12=0x1d500000
          10148	      5070	00100278	0075a023	sw	x7,0(x11)	 x11:0x00020000  x7:0x00000031 PA:0x00020000 store:0x00000031 load:0x00000000
          10150	      5071	0010027c	01c65693	srli	x13,x12,0x1c	 x12:0x1d500000 x13=0x00000001
          10152	      5072	00100280	00900813	addi	x16,x0,9	  x0:0x00000000 x16=0x00000009
          10154	      5073	00100284	f2d86ae3	bltu	x16,x13,1001b8	 x16:0x00000009 x13:0x00000001
          10156	      5074	00100288	03068e93	addi	x29,x13,48	 x13:0x00000001 x29=0x00000031
          10158	      5075	0010028c	00020f37	lui	x30,0x20	 x30=0x00020000
          10160	      5076	00100290	01851f93	slli	x31,x10,0x18	 x10:0x282111d5 x31=0xd5000000
          10164	      5078	00100294	01df2023	sw	x29,0(x30)	 x30:0x00020000 x29:0x00000031 PA:0x00020000 store:0x00000031 load:0x00000000
          10166	      5079	00100298	01cfd793	srli	x15,x31,0x1c	 x31:0xd5000000 x15=0x0000000d
          10168	      5080	0010029c	00900713	addi	x14,x0,9	  x0:0x00000000 x14=0x00000009
          10172	      5082	001002a0	f2f76ae3	bltu	x14,x15,1001d4	 x14:0x00000009 x15:0x0000000d
          10176	      5084	001001d4	03778293	addi	x5,x15,55	 x15:0x0000000d  x5=0x00000044
          10178	      5085	001001d8	00020337	lui	x6,0x20	  x6=0x00020000
          10182	      5087	001001dc	00532023	sw	x5,0(x6)	  x6:0x00020000  x5:0x00000044 PA:0x00020000 store:0x00000044 load:0x00000000
          10184	      5088	001001e0	00f57513	andi	x10,x10,15	 x10:0x282111d5 x10=0x00000005
          10186	      5089	001001e4	00900613	addi	x12,x0,9	  x0:0x00000000 x12=0x00000009
          10188	      5090	001001e8	0ca66a63	bltu	x12,x10,1002bc	 x12:0x00000009 x10:0x00000005
          10190	      5091	001001ec	03050893	addi	x17,x10,48	 x10:0x00000005 x17=0x00000035
          10192	      5092	001001f0	00020e37	lui	x28,0x20	 x28=0x00020000
          10196	      5094	001001f4	011e2023	sw	x17,0(x28)	 x28:0x00020000 x17:0x00000035 PA:0x00020000 store:0x00000035 load:0x00000000
          10200	      5096	001001f8	00008067	jalr	x0,0(x1)	  x1:0x001012f8  x0=0x00000000
          10204	      5098	001012f8	f1ac10e3	bne	x24,x26,1011f8	 x24:0x00000008 x26:0x00000014
          10216	      5104	001011f8	d089a987	flw	f19,-760(x19)	 f19:0x00102000 f19=0x00000000 PA:0x00101d08 store:0x4598f2e4
          10218	      5105	001011fc	d24baa07	flw	f20,-732(x23)	 f23:0x00102000 f20=0x00000000 PA:0x00101d24 store:0x42f67c6a
          10242	      5117	00101200	a10a8513	addi	x10,x21,-1520	 x21:0x00102000 x10=0x00101a10
          10244	      5118	00101204	1949fad3	fdiv.s	f21,f19,f20	 f19:0x00102000 f20:0x00102000 f21=0x00000000
          10250	      5121	00101208	d159a427	fsw	f21,-760(x19)	 f19:0x00102000 f21:0x00102000 PA:0x00101d08 store:0x24a74966 load:0x42f67c6a
          10258	      5125	0010120c	d089ae07	flw	f28,-760(x19)	 f19:0x00102000 f28=0x00000000 PA:0x00101d08 store:0x4598f2e4
          10264	      5128	00101210	e00e0dd3	fmv.x.w	x27,f28	 f28:0x00020000 x27=0x24a74966
          10266	      5129	00101214	cfba2c23	sw	x27,-776(x20)	 x20:0x00102000 x27:0x24a74966 PA:0x00101cf8 store:0x24a74966 load:0x24a74966
          10270	      5131	00101218	e89fe0ef	jal	x1,1000a0	  x1=0x0010121c
          10274	      5133	001000a0	00054803	lbu	x16,0(x10)	 x10:0x00101a10 x16=0x0000000a PA:0x00101a10 store:0x00000000
          10276	      5134	001000a4	06080663	beq	x16,x0,100110	 x16:0x0000000a  x0:0x00000000
          10278	      5135	001000a8	000207b7	lui	x15,0x20	 x15=0x00020000
          10282	      5137	001000ac	0107a023	sw	x16,0(x15)	 x15:0x00020000 x16:0x0000000a PA:0x00020000 store:0x0000000a load:0x00000000
          10286	      5139	001000b0	00154703	lbu	x14,1(x10)	 x10:0x00101a10 x14=0x00000020 PA:0x00101a11 store:0x0010121c
          10288	      5140	001000b4	04070e63	beq	x14,x0,100110	 x14:0x00000020  x0:0x00000000
          10292	      5142	001000b8	00e7a023	sw	x14,0(x15)	 x15:0x00020000 x14:0x00000020 PA:0x00020000 store:0x00000020 load:0x00000000
          10296	      5144	001000bc	00254283	lbu	x5,2(x10)	 x10:0x00101a10  x5=0x00000069 PA:0x00101a12 store:0x00137fa0
          10298	      5145	001000c0	04028863	beq	x5,x0,100110	  x5:0x00000069  x0:0x00000000
          10302	      5147	001000c4	0057a023	sw	x5,0(x15)	 x15:0x00020000  x5:0x00000069 PA:0x00020000 store:0x00000069 load:0x00000000
          10306	      5149	001000c8	00354303	lbu	x6,3(x10)	 x10:0x00101a10  x6=0x0000003d PA:0x00101a13 store:0x00000000
          10308	      5150	001000cc	04030263	beq	x6,x0,100110	  x6:0x0000003d  x0:0x00000000
          10312	      5152	001000d0	0067a023	sw	x6,0(x15)	 x15:0x00020000  x6:0x0000003d PA:0x00020000 store:0x0000003d load:0x00000000
          10316	      5154	001000d4	00454383	lbu	x7,4(x10)	 x10:0x00101a10  x7=0x00000000 PA:0x00101a14 store:0x00000000
          10320	      5156	001000d8	02038c63	beq	x7,x0,100110	  x7:0x00000000  x0:0x00000000
          10324	      5158	00100110	00000513	addi	x10,x0,0	  x0:0x00000000 x10=0x00000000
          10328	      5160	00100114	00008067	jalr	x0,0(x1)	  x1:0x0010121c  x0=0x00000000
          10330	      5161	0010121c	000c0513	addi	x10,x24,0	 x24:0x00000008 x10=0x00000008
          10334	      5163	00101220	f01fe0ef	jal	x1,100120	  x1=0x00101224
          10336	      5164	00100120	01c55793	srli	x15,x10,0x1c	 x10:0x00000008 x15=0x00000000
          10338	      5165	00100124	00900713	addi	x14,x0,9	  x0:0x00000000 x14=0x00000009
          10342	      5167	00100128	0cf77a63	bgeu	x14,x15,1001fc	 x14:0x00000009 x15:0x00000000
          10346	      5169	001001fc	03078393	addi	x7,x15,48	 x15:0x00000000  x7=0x00000030
          10348	      5170	00100200	000205b7	lui	x11,0x20	 x11=0x00020000
          10350	      5171	00100204	00451613	slli	x12,x10,0x4	 x10:0x00000008 x12=0x00000080
          10354	      5173	00100208	0075a023	sw	x7,0(x11)	 x11:0x00020000  x7:0x00000030 PA:0x00020000 store:0x00000030 load:0x00000000
          10356	      5174	0010020c	01c65693	srli	x13,x12,0x1c	 x12:0x00000080 x13=0x00000000
          10358	      5175	00100210	00900813	addi	x16,x0,9	  x0:0x00000000 x16=0x00000009
          10360	      5176	00100214	f2d86ae3	bltu	x16,x13,100148	 x16:0x00000009 x13:0x00000000
          10362	      5177	00100218	03068e93	addi	x29,x13,48	 x13:0x00000000 x29=0x00000030
          10364	      5178	0010021c	00020f37	lui	x30,0x20	 x30=0x00020000
          10366	      5179	00100220	00851f93	slli	x31,x10,0x8	 x10:0x00000008 x31=0x00000800
          10370	      5181	00100224	01df2023	sw	x29,0(x30)	 x30:0x00020000 x29:0x00000030 PA:0x00020000 store:0x00000030 load:0x00000000
          10372	      5182	00100228	01cfd793	srli	x15,x31,0x1c	 x31:0x00000800 x15=0x00000000
          10374	      5183	0010022c	00900713	addi	x14,x0,9	  x0:0x00000000 x14=0x00000009
          10376	      5184	00100230	f2f76ae3	bltu	x14,x15,100164	 x14:0x00000009 x15:0x00000000
          10378	      5185	00100234	03078393	addi	x7,x15,48	 x15:0x00000000  x7=0x00000030
          10380	      5186	00100238	000205b7	lui	x11,0x20	 x11=0x00020000
          10382	      5187	0010023c	00c51613	slli	x12,x10,0xc	 x10:0x00000008 x12=0x00008000
          10386	      5189	00100240	0075a023	sw	x7,0(x11)	 x11:0x00020000  x7:0x00000030 PA:0x00020000 store:0x00000030 load:0x00000000
          10388	      5190	00100244	01c65693	srli	x13,x12,0x1c	 x12:0x00008000 x13=0x00000000
          10390	      5191	00100248	00900813	addi	x16,x0,9	  x0:0x00000000 x16=0x00000009
          10392	      5192	0010024c	f2d86ae3	bltu	x16,x13,100180	 x16:0x00000009 x13:0x00000000
          10394	      5193	00100250	03068e93	addi	x29,x13,48	 x13:0x00000000 x29=0x00000030
          10396	      5194	00100254	00020f37	lui	x30,0x20	 x30=0x00020000
          10398	      5195	00100258	01051f93	slli	x31,x10,0x10	 x10:0x00000008 x31=0x00080000
          10402	      5197	0010025c	01df2023	sw	x29,0(x30)	 x30:0x00020000 x29:0x00000030 PA:0x00020000 store:0x00000030 load:0x00000000
          10404	      5198	00100260	01cfd793	srli	x15,x31,0x1c	 x31:0x00080000 x15=0x00000000
          10406	      5199	00100264	00900713	addi	x14,x0,9	  x0:0x00000000 x14=0x00000009
          10408	      5200	00100268	f2f76ae3	bltu	x14,x15,10019c	 x14:0x00000009 x15:0x00000000
          10410	      5201	0010026c	03078393	addi	x7,x15,48	 x15:0x00000000  x7=0x00000030
          10412	      5202	00100270	000205b7	lui	x11,0x20	 x11=0x00020000
          10414	      5203	00100274	01451613	slli	x12,x10,0x14	 x10:0x00000008 x12=0x00800000
          10418	      5205	00100278	0075a023	sw	x7,0(x11)	 x11:0x00020000  x7:0x00000030 PA:0x00020000 store:0x00000030 load:0x00000000
          10420	      5206	0010027c	01c65693	srli	x13,x12,0x1c	 x12:0x00800000 x13=0x00000000
          10422	      5207	00100280	00900813	addi	x16,x0,9	  x0:0x00000000 x16=0x00000009
          10424	      5208	00100284	f2d86ae3	bltu	x16,x13,1001b8	 x16:0x00000009 x13:0x00000000
          10426	      5209	00100288	03068e93	addi	x29,x13,48	 x13:0x00000000 x29=0x00000030
          10428	      5210	0010028c	00020f37	lui	x30,0x20	 x30=0x00020000
          10430	      5211	00100290	01851f93	slli	x31,x10,0x18	 x10:0x00000008 x31=0x08000000
          10434	      5213	00100294	01df2023	sw	x29,0(x30)	 x30:0x00020000 x29:0x00000030 PA:0x00020000 store:0x00000030 load:0x00000000
          10436	      5214	00100298	01cfd793	srli	x15,x31,0x1c	 x31:0x08000000 x15=0x00000000
          10438	      5215	0010029c	00900713	addi	x14,x0,9	  x0:0x00000000 x14=0x00000009
          10440	      5216	001002a0	f2f76ae3	bltu	x14,x15,1001d4	 x14:0x00000009 x15:0x00000000
          10442	      5217	001002a4	03078393	addi	x7,x15,48	 x15:0x00000000  x7=0x00000030
          10444	      5218	001002a8	000205b7	lui	x11,0x20	 x11=0x00020000
          10448	      5220	001002ac	0075a023	sw	x7,0(x11)	 x11:0x00020000  x7:0x00000030 PA:0x00020000 store:0x00000030 load:0x00000000
          10450	      5221	001002b0	00f57513	andi	x10,x10,15	 x10:0x00000008 x10=0x00000008
          10452	      5222	001002b4	00900613	addi	x12,x0,9	  x0:0x00000000 x12=0x00000009
          10456	      5224	001002b8	f2a67ae3	bgeu	x12,x10,1001ec	 x12:0x00000009 x10:0x00000008
          10460	      5226	001001ec	03050893	addi	x17,x10,48	 x10:0x00000008 x17=0x00000038
          10462	      5227	001001f0	00020e37	lui	x28,0x20	 x28=0x00020000
          10466	      5229	001001f4	011e2023	sw	x17,0(x28)	 x28:0x00020000 x17:0x00000038 PA:0x00020000 store:0x00000038 load:0x00000000
          10470	      5231	001001f8	00008067	jalr	x0,0(x1)	  x1:0x00101224  x0=0x00000000
          10472	      5232	00101224	a18b0513	addi	x10,x22,-1512	 x22:0x00102000 x10=0x00101a18
          10476	      5234	00101228	e79fe0ef	jal	x1,1000a0	  x1=0x0010122c
          10480	      5236	001000a0	00054803	lbu	x16,0(x10)	 x10:0x00101a18 x16=0x00000020 PA:0x00101a18 store:0x00000000
          10482	      5237	001000a4	06080663	beq	x16,x0,100110	 x16:0x00000020  x0:0x00000000
          10484	      5238	001000a8	000207b7	lui	x15,0x20	 x15=0x00020000
          10488	      5240	001000ac	0107a023	sw	x16,0(x15)	 x15:0x00020000 x16:0x00000020 PA:0x00020000 store:0x00000020 load:0x00000000
          10492	      5242	001000b0	00154703	lbu	x14,1(x10)	 x10:0x00101a18 x14=0x00000072 PA:0x00101a19 store:0x0010122c
          10494	      5243	001000b4	04070e63	beq	x14,x0,100110	 x14:0x00000072  x0:0x00000000
          10498	      5245	001000b8	00e7a023	sw	x14,0(x15)	 x15:0x00020000 x14:0x00000072 PA:0x00020000 store:0x00000072 load:0x00000000
          10502	      5247	001000bc	00254283	lbu	x5,2(x10)	 x10:0x00101a18  x5=0x00000065 PA:0x00101a1a store:0x00137fa0
          10504	      5248	001000c0	04028863	beq	x5,x0,100110	  x5:0x00000065  x0:0x00000000
          10508	      5250	001000c4	0057a023	sw	x5,0(x15)	 x15:0x00020000  x5:0x00000065 PA:0x00020000 store:0x00000065 load:0x00000000
          10512	      5252	001000c8	00354303	lbu	x6,3(x10)	 x10:0x00101a18  x6=0x00000073 PA:0x00101a1b store:0x00000000
          10514	      5253	001000cc	04030263	beq	x6,x0,100110	  x6:0x00000073  x0:0x00000000
          10518	      5255	001000d0	0067a023	sw	x6,0(x15)	 x15:0x00020000  x6:0x00000073 PA:0x00020000 store:0x00000073 load:0x00000000
          10522	      5257	001000d4	00454383	lbu	x7,4(x10)	 x10:0x00101a18  x7=0x00000075 PA:0x00101a1c store:0x00000000
          10524	      5258	001000d8	02038c63	beq	x7,x0,100110	  x7:0x00000075  x0:0x00000000
          10528	      5260	001000dc	0077a023	sw	x7,0(x15)	 x15:0x00020000  x7:0x00000075 PA:0x00020000 store:0x00000075 load:0x00000000
          10532	      5262	001000e0	00554583	lbu	x11,5(x10)	 x10:0x00101a18 x11=0x0000006c PA:0x00101a1d store:0x00000065
          10534	      5263	001000e4	02058663	beq	x11,x0,100110	 x11:0x0000006c  x0:0x00000000
          10538	      5265	001000e8	00b7a023	sw	x11,0(x15)	 x15:0x00020000 x11:0x0000006c PA:0x00020000 store:0x0000006c load:0x00000000
          10542	      5267	001000ec	00654603	lbu	x12,6(x10)	 x10:0x00101a18 x12=0x00000074 PA:0x00101a1e store:0x00000073
          10544	      5268	001000f0	02060063	beq	x12,x0,100110	 x12:0x00000074  x0:0x00000000
          10548	      5270	001000f4	00c7a023	sw	x12,0(x15)	 x15:0x00020000 x12:0x00000074 PA:0x00020000 store:0x00000074 load:0x00000000
          10552	      5272	001000f8	00754683	lbu	x13,7(x10)	 x10:0x00101a18 x13=0x0000003a PA:0x00101a1f store:0x00000075
          10554	      5273	001000fc	00850513	addi	x10,x10,8	 x10:0x00101a18 x10=0x00101a20
          10556	      5274	00100100	00068863	beq	x13,x0,100110	 x13:0x0000003a  x0:0x00000000
          10560	      5276	00100104	00d7a023	sw	x13,0(x15)	 x15:0x00020000 x13:0x0000003a PA:0x00020000 store:0x0000003a load:0x00000000
          10564	      5278	00100108	00054803	lbu	x16,0(x10)	 x10:0x00101a20 x16=0x00000020 PA:0x00101a20 store:0x00000000
          10568	      5280	0010010c	fa0810e3	bne	x16,x0,1000ac	 x16:0x00000020  x0:0x00000000
          10574	      5283	001000ac	0107a023	sw	x16,0(x15)	 x15:0x00020000 x16:0x00000020 PA:0x00020000 store:0x00000020 load:0x00000000
          10578	      5285	001000b0	00154703	lbu	x14,1(x10)	 x10:0x00101a20 x14=0x00000000 PA:0x00101a21 store:0x0010122c
          10582	      5287	001000b4	04070e63	beq	x14,x0,100110	 x14:0x00000000  x0:0x00000000
          10586	      5289	00100110	00000513	addi	x10,x0,0	  x0:0x00000000 x10=0x00000000
          10590	      5291	00100114	00008067	jalr	x0,0(x1)	  x1:0x0010122c  x0=0x00000000
          10594	      5293	0010122c	cf8a2503	lw	x10,-776(x20)	 x20:0x00102000 x10=0x24a74966 PA:0x00101cf8 store:0x00000008
          10596	      5294	00101230	001c0d93	addi	x27,x24,1	 x24:0x00000008 x27=0x00000009
          10600	      5296	00101234	eedfe0ef	jal	x1,100120	  x1=0x00101238
          10602	      5297	00100120	01c55793	srli	x15,x10,0x1c	 x10:0x24a74966 x15=0x00000002
          10604	      5298	00100124	00900713	addi	x14,x0,9	  x0:0x00000000 x14=0x00000009
          10608	      5300	00100128	0cf77a63	bgeu	x14,x15,1001fc	 x14:0x00000009 x15:0x00000002
          10612	      5302	001001fc	03078393	addi	x7,x15,48	 x15:0x00000002  x7=0x00000032
          10614	      5303	00100200	000205b7	lui	x11,0x20	 x11=0x00020000
          10616	      5304	00100204	00451613	slli	x12,x10,0x4	 x10:0x24a74966 x12=0x4a749660
          10620	      5306	00100208	0075a023	sw	x7,0(x11)	 x11:0x00020000  x7:0x00000032 PA:0x00020000 store:0x00000032 load:0x00000000
          10622	      5307	0010020c	01c65693	srli	x13,x12,0x1c	 x12:0x4a749660 x13=0x00000004
          10624	      5308	00100210	00900813	addi	x16,x0,9	  x0:0x00000000 x16=0x00000009
          10626	      5309	00100214	f2d86ae3	bltu	x16,x13,100148	 x16:0x00000009 x13:0x00000004
          10628	      5310	00100218	03068e93	addi	x29,x13,48	 x13:0x00000004 x29=0x00000034
          10630	      5311	0010021c	00020f37	lui	x30,0x20	 x30=0x00020000
          10632	      5312	00100220	00851f93	slli	x31,x10,0x8	 x10:0x24a74966 x31=0xa7496600
          10636	      5314	00100224	01df2023	sw	x29,0(x30)	 x30:0x00020000 x29:0x00000034 PA:0x00020000 store:0x00000034 load:0x00000000
          10638	      5315	00100228	01cfd793	srli	x15,x31,0x1c	 x31:0xa7496600 x15=0x0000000a
          10640	      5316	0010022c	00900713	addi	x14,x0,9	  x0:0x00000000 x14=0x00000009
          10644	      5318	00100230	f2f76ae3	bltu	x14,x15,100164	 x14:0x00000009 x15:0x0000000a
          10648	      5320	00100164	03778293	addi	x5,x15,55	 x15:0x0000000a  x5=0x00000041
          10650	      5321	00100168	00020337	lui	x6,0x20	  x6=0x00020000
          10652	      5322	0010016c	00c51613	slli	x12,x10,0xc	 x10:0x24a74966 x12=0x74966000
          10656	      5324	00100170	00532023	sw	x5,0(x6)	  x6:0x00020000  x5:0x00000041 PA:0x00020000 store:0x00000041 load:0x00000000
          10658	      5325	00100174	01c65693	srli	x13,x12,0x1c	 x12:0x74966000 x13=0x00000007
          10660	      5326	00100178	00900813	addi	x16,x0,9	  x0:0x00000000 x16=0x00000009
          10664	      5328	0010017c	0cd87a63	bgeu	x16,x13,100250	 x16:0x00000009 x13:0x00000007
          10668	      5330	00100250	03068e93	addi	x29,x13,48	 x13:0x00000007 x29=0x00000037
          10670	      5331	00100254	00020f37	lui	x30,0x20	 x30=0x00020000
          10672	      5332	00100258	01051f93	slli	x31,x10,0x10	 x10:0x24a74966 x31=0x49660000
          10676	      5334	0010025c	01df2023	sw	x29,0(x30)	 x30:0x00020000 x29:0x00000037 PA:0x00020000 store:0x00000037 load:0x00000000
          10678	      5335	00100260	01cfd793	srli	x15,x31,0x1c	 x31:0x49660000 x15=0x00000004
          10680	      5336	00100264	00900713	addi	x14,x0,9	  x0:0x00000000 x14=0x00000009
          10682	      5337	00100268	f2f76ae3	bltu	x14,x15,10019c	 x14:0x00000009 x15:0x00000004
          10684	      5338	0010026c	03078393	addi	x7,x15,48	 x15:0x00000004  x7=0x00000034
          10686	      5339	00100270	000205b7	lui	x11,0x20	 x11=0x00020000
          10688	      5340	00100274	01451613	slli	x12,x10,0x14	 x10:0x24a74966 x12=0x96600000
          10692	      5342	00100278	0075a023	sw	x7,0(x11)	 x11:0x00020000  x7:0x00000034 PA:0x00020000 store:0x00000034 load:0x00000000
          10694	      5343	0010027c	01c65693	srli	x13,x12,0x1c	 x12:0x96600000 x13=0x00000009
          10696	      5344	00100280	00900813	addi	x16,x0,9	  x0:0x00000000 x16=0x00000009
          10698	      5345	00100284	f2d86ae3	bltu	x16,x13,1001b8	 x16:0x00000009 x13:0x00000009
          10700	      5346	00100288	03068e93	addi	x29,x13,48	 x13:0x00000009 x29=0x00000039
          10702	      5347	0010028c	00020f37	lui	x30,0x20	 x30=0x00020000
          10704	      5348	00100290	01851f93	slli	x31,x10,0x18	 x10:0x24a74966 x31=0x66000000
          10708	      5350	00100294	01df2023	sw	x29,0(x30)	 x30:0x00020000 x29:0x00000039 PA:0x00020000 store:0x00000039 load:0x00000000
          10710	      5351	00100298	01cfd793	srli	x15,x31,0x1c	 x31:0x66000000 x15=0x00000006
          10712	      5352	0010029c	00900713	addi	x14,x0,9	  x0:0x00000000 x14=0x00000009
          10714	      5353	001002a0	f2f76ae3	bltu	x14,x15,1001d4	 x14:0x00000009 x15:0x00000006
          10716	      5354	001002a4	03078393	addi	x7,x15,48	 x15:0x00000006  x7=0x00000036
          10718	      5355	001002a8	000205b7	lui	x11,0x20	 x11=0x00020000
          10722	      5357	001002ac	0075a023	sw	x7,0(x11)	 x11:0x00020000  x7:0x00000036 PA:0x00020000 store:0x00000036 load:0x00000000
          10724	      5358	001002b0	00f57513	andi	x10,x10,15	 x10:0x24a74966 x10=0x00000006
          10726	      5359	001002b4	00900613	addi	x12,x0,9	  x0:0x00000000 x12=0x00000009
          10730	      5361	001002b8	f2a67ae3	bgeu	x12,x10,1001ec	 x12:0x00000009 x10:0x00000006
          10734	      5363	001001ec	03050893	addi	x17,x10,48	 x10:0x00000006 x17=0x00000036
          10736	      5364	001001f0	00020e37	lui	x28,0x20	 x28=0x00020000
          10740	      5366	001001f4	011e2023	sw	x17,0(x28)	 x28:0x00020000 x17:0x00000036 PA:0x00020000 store:0x00000036 load:0x00000000
          10754	      5373	001001f8	00008067	jalr	x0,0(x1)	  x1:0x00101238  x0=0x00000000
          10756	      5374	00101238	d089ae87	flw	f29,-760(x19)	 f19:0x00102000 f29=0x00000000 PA:0x00101d08 store:0x4598f2e4
          10758	      5375	0010123c	d24baf07	flw	f30,-732(x23)	 f23:0x00102000 f30=0x00000000 PA:0x00101d24 store:0x42f67c6a
          10780	      5386	00101240	a10a8513	addi	x10,x21,-1520	 x21:0x00102000 x10=0x00101a10
          10782	      5387	00101244	19eeffd3	fdiv.s	f31,f29,f30	 f29:0x00000039 f30:0x00020000 f31=0x00000000
          10788	      5390	00101248	d1f9a427	fsw	f31,-760(x19)	 f19:0x00102000 f31:0x66000000 PA:0x00101d08 store:0x212dbe66 load:0x42f67c6a
          10796	      5394	0010124c	d089a007	flw	f0,-760(x19)	 f19:0x00102000  f0=0x00000000 PA:0x00101d08 store:0x4598f2e4
          10802	      5397	00101250	e0000e53	fmv.x.w	x28,f0	  f0:0x00000000 x28=0x212dbe66
          10804	      5398	00101254	cfca2c23	sw	x28,-776(x20)	 x20:0x00102000 x28:0x212dbe66 PA:0x00101cf8 store:0x212dbe66 load:0x212dbe66
          10808	      5400	00101258	e49fe0ef	jal	x1,1000a0	  x1=0x0010125c
          10812	      5402	001000a0	00054803	lbu	x16,0(x10)	 x10:0x00101a10 x16=0x0000000a PA:0x00101a10 store:0x00000000
          10814	      5403	001000a4	06080663	beq	x16,x0,100110	 x16:0x0000000a  x0:0x00000000
          10816	      5404	001000a8	000207b7	lui	x15,0x20	 x15=0x00020000
          10820	      5406	001000ac	0107a023	sw	x16,0(x15)	 x15:0x00020000 x16:0x0000000a PA:0x00020000 store:0x0000000a load:0x00000000
          10824	      5408	001000b0	00154703	lbu	x14,1(x10)	 x10:0x00101a10 x14=0x00000020 PA:0x00101a11 store:0x0010125c
          10826	      5409	001000b4	04070e63	beq	x14,x0,100110	 x14:0x00000020  x0:0x00000000
          10830	      5411	001000b8	00e7a023	sw	x14,0(x15)	 x15:0x00020000 x14:0x00000020 PA:0x00020000 store:0x00000020 load:0x00000000
          10834	      5413	001000bc	00254283	lbu	x5,2(x10)	 x10:0x00101a10  x5=0x00000069 PA:0x00101a12 store:0x00137fa0
          10836	      5414	001000c0	04028863	beq	x5,x0,100110	  x5:0x00000069  x0:0x00000000
          10840	      5416	001000c4	0057a023	sw	x5,0(x15)	 x15:0x00020000  x5:0x00000069 PA:0x00020000 store:0x00000069 load:0x00000000
          10844	      5418	001000c8	00354303	lbu	x6,3(x10)	 x10:0x00101a10  x6=0x0000003d PA:0x00101a13 store:0x00000000
          10846	      5419	001000cc	04030263	beq	x6,x0,100110	  x6:0x0000003d  x0:0x00000000
          10850	      5421	001000d0	0067a023	sw	x6,0(x15)	 x15:0x00020000  x6:0x0000003d PA:0x00020000 store:0x0000003d load:0x00000000
          10854	      5423	001000d4	00454383	lbu	x7,4(x10)	 x10:0x00101a10  x7=0x00000000 PA:0x00101a14 store:0x00000000
          10858	      5425	001000d8	02038c63	beq	x7,x0,100110	  x7:0x00000000  x0:0x00000000
          10862	      5427	00100110	00000513	addi	x10,x0,0	  x0:0x00000000 x10=0x00000000
          10866	      5429	00100114	00008067	jalr	x0,0(x1)	  x1:0x0010125c  x0=0x00000000
          10868	      5430	0010125c	000d8513	addi	x10,x27,0	 x27:0x00000009 x10=0x00000009
          10872	      5432	00101260	ec1fe0ef	jal	x1,100120	  x1=0x00101264
          10874	      5433	00100120	01c55793	srli	x15,x10,0x1c	 x10:0x00000009 x15=0x00000000
          10876	      5434	00100124	00900713	addi	x14,x0,9	  x0:0x00000000 x14=0x00000009
          10880	      5436	00100128	0cf77a63	bgeu	x14,x15,1001fc	 x14:0x00000009 x15:0x00000000
          10884	      5438	001001fc	03078393	addi	x7,x15,48	 x15:0x00000000  x7=0x00000030
          10886	      5439	00100200	000205b7	lui	x11,0x20	 x11=0x00020000
          10888	      5440	00100204	00451613	slli	x12,x10,0x4	 x10:0x00000009 x12=0x00000090
          10892	      5442	00100208	0075a023	sw	x7,0(x11)	 x11:0x00020000  x7:0x00000030 PA:0x00020000 store:0x00000030 load:0x00000000
          10894	      5443	0010020c	01c65693	srli	x13,x12,0x1c	 x12:0x00000090 x13=0x00000000
          10896	      5444	00100210	00900813	addi	x16,x0,9	  x0:0x00000000 x16=0x00000009
          10898	      5445	00100214	f2d86ae3	bltu	x16,x13,100148	 x16:0x00000009 x13:0x00000000
          10900	      5446	00100218	03068e93	addi	x29,x13,48	 x13:0x00000000 x29=0x00000030
          10902	      5447	0010021c	00020f37	lui	x30,0x20	 x30=0x00020000
          10904	      5448	00100220	00851f93	slli	x31,x10,0x8	 x10:0x00000009 x31=0x00000900
          10908	      5450	00100224	01df2023	sw	x29,0(x30)	 x30:0x00020000 x29:0x00000030 PA:0x00020000 store:0x00000030 load:0x00000000
          10910	      5451	00100228	01cfd793	srli	x15,x31,0x1c	 x31:0x00000900 x15=0x00000000
          10912	      5452	0010022c	00900713	addi	x14,x0,9	  x0:0x00000000 x14=0x00000009
          10914	      5453	00100230	f2f76ae3	bltu	x14,x15,100164	 x14:0x00000009 x15:0x00000000
          10916	      5454	00100234	03078393	addi	x7,x15,48	 x15:0x00000000  x7=0x00000030
          10918	      5455	00100238	000205b7	lui	x11,0x20	 x11=0x00020000
          10920	      5456	0010023c	00c51613	slli	x12,x10,0xc	 x10:0x00000009 x12=0x00009000
          10924	      5458	00100240	0075a023	sw	x7,0(x11)	 x11:0x00020000  x7:0x00000030 PA:0x00020000 store:0x00000030 load:0x00000000
          10926	      5459	00100244	01c65693	srli	x13,x12,0x1c	 x12:0x00009000 x13=0x00000000
          10928	      5460	00100248	00900813	addi	x16,x0,9	  x0:0x00000000 x16=0x00000009
          10930	      5461	0010024c	f2d86ae3	bltu	x16,x13,100180	 x16:0x00000009 x13:0x00000000
          10932	      5462	00100250	03068e93	addi	x29,x13,48	 x13:0x00000000 x29=0x00000030
          10934	      5463	00100254	00020f37	lui	x30,0x20	 x30=0x00020000
          10936	      5464	00100258	01051f93	slli	x31,x10,0x10	 x10:0x00000009 x31=0x00090000
          10940	      5466	0010025c	01df2023	sw	x29,0(x30)	 x30:0x00020000 x29:0x00000030 PA:0x00020000 store:0x00000030 load:0x00000000
          10942	      5467	00100260	01cfd793	srli	x15,x31,0x1c	 x31:0x00090000 x15=0x00000000
          10944	      5468	00100264	00900713	addi	x14,x0,9	  x0:0x00000000 x14=0x00000009
          10946	      5469	00100268	f2f76ae3	bltu	x14,x15,10019c	 x14:0x00000009 x15:0x00000000
          10948	      5470	0010026c	03078393	addi	x7,x15,48	 x15:0x00000000  x7=0x00000030
          10950	      5471	00100270	000205b7	lui	x11,0x20	 x11=0x00020000
          10952	      5472	00100274	01451613	slli	x12,x10,0x14	 x10:0x00000009 x12=0x00900000
          10956	      5474	00100278	0075a023	sw	x7,0(x11)	 x11:0x00020000  x7:0x00000030 PA:0x00020000 store:0x00000030 load:0x00000000
          10958	      5475	0010027c	01c65693	srli	x13,x12,0x1c	 x12:0x00900000 x13=0x00000000
          10960	      5476	00100280	00900813	addi	x16,x0,9	  x0:0x00000000 x16=0x00000009
          10962	      5477	00100284	f2d86ae3	bltu	x16,x13,1001b8	 x16:0x00000009 x13:0x00000000
          10964	      5478	00100288	03068e93	addi	x29,x13,48	 x13:0x00000000 x29=0x00000030
          10966	      5479	0010028c	00020f37	lui	x30,0x20	 x30=0x00020000
          10968	      5480	00100290	01851f93	slli	x31,x10,0x18	 x10:0x00000009 x31=0x09000000
          10972	      5482	00100294	01df2023	sw	x29,0(x30)	 x30:0x00020000 x29:0x00000030 PA:0x00020000 store:0x00000030 load:0x00000000
          10974	      5483	00100298	01cfd793	srli	x15,x31,0x1c	 x31:0x09000000 x15=0x00000000
          10976	      5484	0010029c	00900713	addi	x14,x0,9	  x0:0x00000000 x14=0x00000009
          10978	      5485	001002a0	f2f76ae3	bltu	x14,x15,1001d4	 x14:0x00000009 x15:0x00000000
          10980	      5486	001002a4	03078393	addi	x7,x15,48	 x15:0x00000000  x7=0x00000030
          10982	      5487	001002a8	000205b7	lui	x11,0x20	 x11=0x00020000
          10986	      5489	001002ac	0075a023	sw	x7,0(x11)	 x11:0x00020000  x7:0x00000030 PA:0x00020000 store:0x00000030 load:0x00000000
          10988	      5490	001002b0	00f57513	andi	x10,x10,15	 x10:0x00000009 x10=0x00000009
          10990	      5491	001002b4	00900613	addi	x12,x0,9	  x0:0x00000000 x12=0x00000009
          10994	      5493	001002b8	f2a67ae3	bgeu	x12,x10,1001ec	 x12:0x00000009 x10:0x00000009
          10998	      5495	001001ec	03050893	addi	x17,x10,48	 x10:0x00000009 x17=0x00000039
          11000	      5496	001001f0	00020e37	lui	x28,0x20	 x28=0x00020000
          11004	      5498	001001f4	011e2023	sw	x17,0(x28)	 x28:0x00020000 x17:0x00000039 PA:0x00020000 store:0x00000039 load:0x00000000
          11008	      5500	001001f8	00008067	jalr	x0,0(x1)	  x1:0x00101264  x0=0x00000000
          11010	      5501	00101264	a18b0513	addi	x10,x22,-1512	 x22:0x00102000 x10=0x00101a18
          11014	      5503	00101268	e39fe0ef	jal	x1,1000a0	  x1=0x0010126c
          11018	      5505	001000a0	00054803	lbu	x16,0(x10)	 x10:0x00101a18 x16=0x00000020 PA:0x00101a18 store:0x00000000
          11020	      5506	001000a4	06080663	beq	x16,x0,100110	 x16:0x00000020  x0:0x00000000
          11022	      5507	001000a8	000207b7	lui	x15,0x20	 x15=0x00020000
          11026	      5509	001000ac	0107a023	sw	x16,0(x15)	 x15:0x00020000 x16:0x00000020 PA:0x00020000 store:0x00000020 load:0x00000000
          11030	      5511	001000b0	00154703	lbu	x14,1(x10)	 x10:0x00101a18 x14=0x00000072 PA:0x00101a19 store:0x0010126c
          11032	      5512	001000b4	04070e63	beq	x14,x0,100110	 x14:0x00000072  x0:0x00000000
          11036	      5514	001000b8	00e7a023	sw	x14,0(x15)	 x15:0x00020000 x14:0x00000072 PA:0x00020000 store:0x00000072 load:0x00000000
          11040	      5516	001000bc	00254283	lbu	x5,2(x10)	 x10:0x00101a18  x5=0x00000065 PA:0x00101a1a store:0x00137fa0
          11042	      5517	001000c0	04028863	beq	x5,x0,100110	  x5:0x00000065  x0:0x00000000
          11046	      5519	001000c4	0057a023	sw	x5,0(x15)	 x15:0x00020000  x5:0x00000065 PA:0x00020000 store:0x00000065 load:0x00000000
          11050	      5521	001000c8	00354303	lbu	x6,3(x10)	 x10:0x00101a18  x6=0x00000073 PA:0x00101a1b store:0x00000000
          11052	      5522	001000cc	04030263	beq	x6,x0,100110	  x6:0x00000073  x0:0x00000000
          11056	      5524	001000d0	0067a023	sw	x6,0(x15)	 x15:0x00020000  x6:0x00000073 PA:0x00020000 store:0x00000073 load:0x00000000
          11060	      5526	001000d4	00454383	lbu	x7,4(x10)	 x10:0x00101a18  x7=0x00000075 PA:0x00101a1c store:0x00000000
          11062	      5527	001000d8	02038c63	beq	x7,x0,100110	  x7:0x00000075  x0:0x00000000
          11066	      5529	001000dc	0077a023	sw	x7,0(x15)	 x15:0x00020000  x7:0x00000075 PA:0x00020000 store:0x00000075 load:0x00000000
          11070	      5531	001000e0	00554583	lbu	x11,5(x10)	 x10:0x00101a18 x11=0x0000006c PA:0x00101a1d store:0x00000065
          11072	      5532	001000e4	02058663	beq	x11,x0,100110	 x11:0x0000006c  x0:0x00000000
          11076	      5534	001000e8	00b7a023	sw	x11,0(x15)	 x15:0x00020000 x11:0x0000006c PA:0x00020000 store:0x0000006c load:0x00000000
          11080	      5536	001000ec	00654603	lbu	x12,6(x10)	 x10:0x00101a18 x12=0x00000074 PA:0x00101a1e store:0x00000073
          11082	      5537	001000f0	02060063	beq	x12,x0,100110	 x12:0x00000074  x0:0x00000000
          11086	      5539	001000f4	00c7a023	sw	x12,0(x15)	 x15:0x00020000 x12:0x00000074 PA:0x00020000 store:0x00000074 load:0x00000000
          11090	      5541	001000f8	00754683	lbu	x13,7(x10)	 x10:0x00101a18 x13=0x0000003a PA:0x00101a1f store:0x00000075
          11092	      5542	001000fc	00850513	addi	x10,x10,8	 x10:0x00101a18 x10=0x00101a20
          11094	      5543	00100100	00068863	beq	x13,x0,100110	 x13:0x0000003a  x0:0x00000000
          11098	      5545	00100104	00d7a023	sw	x13,0(x15)	 x15:0x00020000 x13:0x0000003a PA:0x00020000 store:0x0000003a load:0x00000000
          11102	      5547	00100108	00054803	lbu	x16,0(x10)	 x10:0x00101a20 x16=0x00000020 PA:0x00101a20 store:0x00000000
          11106	      5549	0010010c	fa0810e3	bne	x16,x0,1000ac	 x16:0x00000020  x0:0x00000000
          11112	      5552	001000ac	0107a023	sw	x16,0(x15)	 x15:0x00020000 x16:0x00000020 PA:0x00020000 store:0x00000020 load:0x00000000
          11116	      5554	001000b0	00154703	lbu	x14,1(x10)	 x10:0x00101a20 x14=0x00000000 PA:0x00101a21 store:0x0010126c
          11120	      5556	001000b4	04070e63	beq	x14,x0,100110	 x14:0x00000000  x0:0x00000000
          11124	      5558	00100110	00000513	addi	x10,x0,0	  x0:0x00000000 x10=0x00000000
          11128	      5560	00100114	00008067	jalr	x0,0(x1)	  x1:0x0010126c  x0=0x00000000
          11132	      5562	0010126c	cf8a2503	lw	x10,-776(x20)	 x20:0x00102000 x10=0x212dbe66 PA:0x00101cf8 store:0x00000008
          11134	      5563	00101270	002c0d93	addi	x27,x24,2	 x24:0x00000008 x27=0x0000000a
          11138	      5565	00101274	eadfe0ef	jal	x1,100120	  x1=0x00101278
          11140	      5566	00100120	01c55793	srli	x15,x10,0x1c	 x10:0x212dbe66 x15=0x00000002
          11142	      5567	00100124	00900713	addi	x14,x0,9	  x0:0x00000000 x14=0x00000009
          11146	      5569	00100128	0cf77a63	bgeu	x14,x15,1001fc	 x14:0x00000009 x15:0x00000002
          11150	      5571	001001fc	03078393	addi	x7,x15,48	 x15:0x00000002  x7=0x00000032
          11152	      5572	00100200	000205b7	lui	x11,0x20	 x11=0x00020000
          11154	      5573	00100204	00451613	slli	x12,x10,0x4	 x10:0x212dbe66 x12=0x12dbe660
          11158	      5575	00100208	0075a023	sw	x7,0(x11)	 x11:0x00020000  x7:0x00000032 PA:0x00020000 store:0x00000032 load:0x00000000
          11160	      5576	0010020c	01c65693	srli	x13,x12,0x1c	 x12:0x12dbe660 x13=0x00000001
          11162	      5577	00100210	00900813	addi	x16,x0,9	  x0:0x00000000 x16=0x00000009
          11164	      5578	00100214	f2d86ae3	bltu	x16,x13,100148	 x16:0x00000009 x13:0x00000001
          11166	      5579	00100218	03068e93	addi	x29,x13,48	 x13:0x00000001 x29=0x00000031
          11168	      5580	0010021c	00020f37	lui	x30,0x20	 x30=0x00020000
          11170	      5581	00100220	00851f93	slli	x31,x10,0x8	 x10:0x212dbe66 x31=0x2dbe6600
          11174	      5583	00100224	01df2023	sw	x29,0(x30)	 x30:0x00020000 x29:0x00000031 PA:0x00020000 store:0x00000031 load:0x00000000
          11176	      5584	00100228	01cfd793	srli	x15,x31,0x1c	 x31:0x2dbe6600 x15=0x00000002
          11178	      5585	0010022c	00900713	addi	x14,x0,9	  x0:0x00000000 x14=0x00000009
          11180	      5586	00100230	f2f76ae3	bltu	x14,x15,100164	 x14:0x00000009 x15:0x00000002
          11182	      5587	00100234	03078393	addi	x7,x15,48	 x15:0x00000002  x7=0x00000032
          11184	      5588	00100238	000205b7	lui	x11,0x20	 x11=0x00020000
          11186	      5589	0010023c	00c51613	slli	x12,x10,0xc	 x10:0x212dbe66 x12=0xdbe66000
          11190	      5591	00100240	0075a023	sw	x7,0(x11)	 x11:0x00020000  x7:0x00000032 PA:0x00020000 store:0x00000032 load:0x00000000
          11192	      5592	00100244	01c65693	srli	x13,x12,0x1c	 x12:0xdbe66000 x13=0x0000000d
          11194	      5593	00100248	00900813	addi	x16,x0,9	  x0:0x00000000 x16=0x00000009
          11198	      5595	0010024c	f2d86ae3	bltu	x16,x13,100180	 x16:0x00000009 x13:0x0000000d
          11202	      5597	00100180	03768893	addi	x17,x13,55	 x13:0x0000000d x17=0x00000044
          11204	      5598	00100184	00020e37	lui	x28,0x20	 x28=0x00020000
          11206	      5599	00100188	01051f93	slli	x31,x10,0x10	 x10:0x212dbe66 x31=0xbe660000
          11210	      5601	0010018c	011e2023	sw	x17,0(x28)	 x28:0x00020000 x17:0x00000044 PA:0x00020000 store:0x00000044 load:0x00000000
          11212	      5602	00100190	01cfd793	srli	x15,x31,0x1c	 x31:0xbe660000 x15=0x0000000b
          11214	      5603	00100194	00900713	addi	x14,x0,9	  x0:0x00000000 x14=0x00000009
          11216	      5604	00100198	0cf77a63	bgeu	x14,x15,10026c	 x14:0x00000009 x15:0x0000000b
          11218	      5605	0010019c	03778293	addi	x5,x15,55	 x15:0x0000000b  x5=0x00000042
          11220	      5606	001001a0	00020337	lui	x6,0x20	  x6=0x00020000
          11222	      5607	001001a4	01451613	slli	x12,x10,0x14	 x10:0x212dbe66 x12=0xe6600000
          11226	      5609	001001a8	00532023	sw	x5,0(x6)	  x6:0x00020000  x5:0x00000042 PA:0x00020000 store:0x00000042 load:0x00000000
          11228	      5610	001001ac	01c65693	srli	x13,x12,0x1c	 x12:0xe6600000 x13=0x0000000e
          11230	      5611	001001b0	00900813	addi	x16,x0,9	  x0:0x00000000 x16=0x00000009
          11232	      5612	001001b4	0cd87a63	bgeu	x16,x13,100288	 x16:0x00000009 x13:0x0000000e
          11234	      5613	001001b8	03768893	addi	x17,x13,55	 x13:0x0000000e x17=0x00000045
          11236	      5614	001001bc	00020e37	lui	x28,0x20	 x28=0x00020000
          11238	      5615	001001c0	01851f93	slli	x31,x10,0x18	 x10:0x212dbe66 x31=0x66000000
          11242	      5617	001001c4	011e2023	sw	x17,0(x28)	 x28:0x00020000 x17:0x00000045 PA:0x00020000 store:0x00000045 load:0x00000000
          11244	      5618	001001c8	01cfd793	srli	x15,x31,0x1c	 x31:0x66000000 x15=0x00000006
          11246	      5619	001001cc	00900713	addi	x14,x0,9	  x0:0x00000000 x14=0x00000009
          11250	      5621	001001d0	0cf77a63	bgeu	x14,x15,1002a4	 x14:0x00000009 x15:0x00000006
          11254	      5623	001002a4	03078393	addi	x7,x15,48	 x15:0x00000006  x7=0x00000036
          11256	      5624	001002a8	000205b7	lui	x11,0x20	 x11=0x00020000
          11260	      5626	001002ac	0075a023	sw	x7,0(x11)	 x11:0x00020000  x7:0x00000036 PA:0x00020000 store:0x00000036 load:0x00000000
          11262	      5627	001002b0	00f57513	andi	x10,x10,15	 x10:0x212dbe66 x10=0x00000006
          11264	      5628	001002b4	00900613	addi	x12,x0,9	  x0:0x00000000 x12=0x00000009
          11268	      5630	001002b8	f2a67ae3	bgeu	x12,x10,1001ec	 x12:0x00000009 x10:0x00000006
          11272	      5632	001001ec	03050893	addi	x17,x10,48	 x10:0x00000006 x17=0x00000036
          11274	      5633	001001f0	00020e37	lui	x28,0x20	 x28=0x00020000
          11278	      5635	001001f4	011e2023	sw	x17,0(x28)	 x28:0x00020000 x17:0x00000036 PA:0x00020000 store:0x00000036 load:0x00000000
          11292	      5642	001001f8	00008067	jalr	x0,0(x1)	  x1:0x00101278  x0=0x00000000
          11294	      5643	00101278	d089a087	flw	f1,-760(x19)	 f19:0x00102000  f1=0x00000000 PA:0x00101d08 store:0x4598f2e4
          11296	      5644	0010127c	d24ba107	flw	f2,-732(x23)	 f23:0x00102000  f2=0x00000000 PA:0x00101d24 store:0x42f67c6a
          11318	      5655	00101280	a10a8513	addi	x10,x21,-1520	 x21:0x00102000 x10=0x00101a10
          11320	      5656	00101284	1820f753	fdiv.s	f14,f1,f2	  f1:0x00101278  f2:0x00137fa0 f14=0x00000000
          11326	      5659	00101288	d0e9a427	fsw	f14,-760(x19)	 f19:0x00102000 f14:0x00000009 PA:0x00101d08 store:0x1db47333 load:0x42f67c6a
          11334	      5663	0010128c	d089a787	flw	f15,-760(x19)	 f19:0x00102000 f15=0x00000000 PA:0x00101d08 store:0x4598f2e4
          11340	      5666	00101290	e0078ed3	fmv.x.w	x29,f15	 f15:0x00000006 x29=0x1db47333
          11342	      5667	00101294	cfda2c23	sw	x29,-776(x20)	 x20:0x00102000 x29:0x1db47333 PA:0x00101cf8 store:0x1db47333 load:0x1db47333
          11346	      5669	00101298	e09fe0ef	jal	x1,1000a0	  x1=0x0010129c
          11350	      5671	001000a0	00054803	lbu	x16,0(x10)	 x10:0x00101a10 x16=0x0000000a PA:0x00101a10 store:0x00000000
          11352	      5672	001000a4	06080663	beq	x16,x0,100110	 x16:0x0000000a  x0:0x00000000
          11354	      5673	001000a8	000207b7	lui	x15,0x20	 x15=0x00020000
          11358	      5675	001000ac	0107a023	sw	x16,0(x15)	 x15:0x00020000 x16:0x0000000a PA:0x00020000 store:0x0000000a load:0x00000000
          11362	      5677	001000b0	00154703	lbu	x14,1(x10)	 x10:0x00101a10 x14=0x00000020 PA:0x00101a11 store:0x0010129c
          11364	      5678	001000b4	04070e63	beq	x14,x0,100110	 x14:0x00000020  x0:0x00000000
          11368	      5680	001000b8	00e7a023	sw	x14,0(x15)	 x15:0x00020000 x14:0x00000020 PA:0x00020000 store:0x00000020 load:0x00000000
          11372	      5682	001000bc	00254283	lbu	x5,2(x10)	 x10:0x00101a10  x5=0x00000069 PA:0x00101a12 store:0x00137fa0
          11374	      5683	001000c0	04028863	beq	x5,x0,100110	  x5:0x00000069  x0:0x00000000
          11378	      5685	001000c4	0057a023	sw	x5,0(x15)	 x15:0x00020000  x5:0x00000069 PA:0x00020000 store:0x00000069 load:0x00000000
          11382	      5687	001000c8	00354303	lbu	x6,3(x10)	 x10:0x00101a10  x6=0x0000003d PA:0x00101a13 store:0x00000000
          11384	      5688	001000cc	04030263	beq	x6,x0,100110	  x6:0x0000003d  x0:0x00000000
          11388	      5690	001000d0	0067a023	sw	x6,0(x15)	 x15:0x00020000  x6:0x0000003d PA:0x00020000 store:0x0000003d load:0x00000000
          11392	      5692	001000d4	00454383	lbu	x7,4(x10)	 x10:0x00101a10  x7=0x00000000 PA:0x00101a14 store:0x00000000
          11396	      5694	001000d8	02038c63	beq	x7,x0,100110	  x7:0x00000000  x0:0x00000000
          11400	      5696	00100110	00000513	addi	x10,x0,0	  x0:0x00000000 x10=0x00000000
          11404	      5698	00100114	00008067	jalr	x0,0(x1)	  x1:0x0010129c  x0=0x00000000
          11406	      5699	0010129c	000d8513	addi	x10,x27,0	 x27:0x0000000a x10=0x0000000a
          11410	      5701	001012a0	e81fe0ef	jal	x1,100120	  x1=0x001012a4
          11412	      5702	00100120	01c55793	srli	x15,x10,0x1c	 x10:0x0000000a x15=0x00000000
          11414	      5703	00100124	00900713	addi	x14,x0,9	  x0:0x00000000 x14=0x00000009
          11418	      5705	00100128	0cf77a63	bgeu	x14,x15,1001fc	 x14:0x00000009 x15:0x00000000
          11422	      5707	001001fc	03078393	addi	x7,x15,48	 x15:0x00000000  x7=0x00000030
          11424	      5708	00100200	000205b7	lui	x11,0x20	 x11=0x00020000
          11426	      5709	00100204	00451613	slli	x12,x10,0x4	 x10:0x0000000a x12=0x000000a0
          11430	      5711	00100208	0075a023	sw	x7,0(x11)	 x11:0x00020000  x7:0x00000030 PA:0x00020000 store:0x00000030 load:0x00000000
          11432	      5712	0010020c	01c65693	srli	x13,x12,0x1c	 x12:0x000000a0 x13=0x00000000
          11434	      5713	00100210	00900813	addi	x16,x0,9	  x0:0x00000000 x16=0x00000009
          11436	      5714	00100214	f2d86ae3	bltu	x16,x13,100148	 x16:0x00000009 x13:0x00000000
          11438	      5715	00100218	03068e93	addi	x29,x13,48	 x13:0x00000000 x29=0x00000030
          11440	      5716	0010021c	00020f37	lui	x30,0x20	 x30=0x00020000
          11442	      5717	00100220	00851f93	slli	x31,x10,0x8	 x10:0x0000000a x31=0x00000a00
          11446	      5719	00100224	01df2023	sw	x29,0(x30)	 x30:0x00020000 x29:0x00000030 PA:0x00020000 store:0x00000030 load:0x00000000
          11448	      5720	00100228	01cfd793	srli	x15,x31,0x1c	 x31:0x00000a00 x15=0x00000000
          11450	      5721	0010022c	00900713	addi	x14,x0,9	  x0:0x00000000 x14=0x00000009
          11452	      5722	00100230	f2f76ae3	bltu	x14,x15,100164	 x14:0x00000009 x15:0x00000000
          11454	      5723	00100234	03078393	addi	x7,x15,48	 x15:0x00000000  x7=0x00000030
          11456	      5724	00100238	000205b7	lui	x11,0x20	 x11=0x00020000
          11458	      5725	0010023c	00c51613	slli	x12,x10,0xc	 x10:0x0000000a x12=0x0000a000
          11462	      5727	00100240	0075a023	sw	x7,0(x11)	 x11:0x00020000  x7:0x00000030 PA:0x00020000 store:0x00000030 load:0x00000000
          11464	      5728	00100244	01c65693	srli	x13,x12,0x1c	 x12:0x0000a000 x13=0x00000000
          11466	      5729	00100248	00900813	addi	x16,x0,9	  x0:0x00000000 x16=0x00000009
          11468	      5730	0010024c	f2d86ae3	bltu	x16,x13,100180	 x16:0x00000009 x13:0x00000000
          11470	      5731	00100250	03068e93	addi	x29,x13,48	 x13:0x00000000 x29=0x00000030
          11472	      5732	00100254	00020f37	lui	x30,0x20	 x30=0x00020000
          11474	      5733	00100258	01051f93	slli	x31,x10,0x10	 x10:0x0000000a x31=0x000a0000
          11478	      5735	0010025c	01df2023	sw	x29,0(x30)	 x30:0x00020000 x29:0x00000030 PA:0x00020000 store:0x00000030 load:0x00000000
          11480	      5736	00100260	01cfd793	srli	x15,x31,0x1c	 x31:0x000a0000 x15=0x00000000
          11482	      5737	00100264	00900713	addi	x14,x0,9	  x0:0x00000000 x14=0x00000009
          11484	      5738	00100268	f2f76ae3	bltu	x14,x15,10019c	 x14:0x00000009 x15:0x00000000
          11486	      5739	0010026c	03078393	addi	x7,x15,48	 x15:0x00000000  x7=0x00000030
          11488	      5740	00100270	000205b7	lui	x11,0x20	 x11=0x00020000
          11490	      5741	00100274	01451613	slli	x12,x10,0x14	 x10:0x0000000a x12=0x00a00000
          11494	      5743	00100278	0075a023	sw	x7,0(x11)	 x11:0x00020000  x7:0x00000030 PA:0x00020000 store:0x00000030 load:0x00000000
          11496	      5744	0010027c	01c65693	srli	x13,x12,0x1c	 x12:0x00a00000 x13=0x00000000
          11498	      5745	00100280	00900813	addi	x16,x0,9	  x0:0x00000000 x16=0x00000009
          11500	      5746	00100284	f2d86ae3	bltu	x16,x13,1001b8	 x16:0x00000009 x13:0x00000000
          11502	      5747	00100288	03068e93	addi	x29,x13,48	 x13:0x00000000 x29=0x00000030
          11504	      5748	0010028c	00020f37	lui	x30,0x20	 x30=0x00020000
          11506	      5749	00100290	01851f93	slli	x31,x10,0x18	 x10:0x0000000a x31=0x0a000000
          11510	      5751	00100294	01df2023	sw	x29,0(x30)	 x30:0x00020000 x29:0x00000030 PA:0x00020000 store:0x00000030 load:0x00000000
          11512	      5752	00100298	01cfd793	srli	x15,x31,0x1c	 x31:0x0a000000 x15=0x00000000
          11514	      5753	0010029c	00900713	addi	x14,x0,9	  x0:0x00000000 x14=0x00000009
          11516	      5754	001002a0	f2f76ae3	bltu	x14,x15,1001d4	 x14:0x00000009 x15:0x00000000
          11518	      5755	001002a4	03078393	addi	x7,x15,48	 x15:0x00000000  x7=0x00000030
          11520	      5756	001002a8	000205b7	lui	x11,0x20	 x11=0x00020000
          11524	      5758	001002ac	0075a023	sw	x7,0(x11)	 x11:0x00020000  x7:0x00000030 PA:0x00020000 store:0x00000030 load:0x00000000
          11526	      5759	001002b0	00f57513	andi	x10,x10,15	 x10:0x0000000a x10=0x0000000a
          11528	      5760	001002b4	00900613	addi	x12,x0,9	  x0:0x00000000 x12=0x00000009
          11530	      5761	001002b8	f2a67ae3	bgeu	x12,x10,1001ec	 x12:0x00000009 x10:0x0000000a
          11532	      5762	001002bc	03750693	addi	x13,x10,55	 x10:0x0000000a x13=0x00000041
          11534	      5763	001002c0	00020837	lui	x16,0x20	 x16=0x00020000
          11538	      5765	001002c4	00d82023	sw	x13,0(x16)	 x16:0x00020000 x13:0x00000041 PA:0x00020000 store:0x00000041 load:0x00000000
          11542	      5767	001002c8	00008067	jalr	x0,0(x1)	  x1:0x001012a4  x0=0x00000000
          11544	      5768	001012a4	a18b0513	addi	x10,x22,-1512	 x22:0x00102000 x10=0x00101a18
          11548	      5770	001012a8	df9fe0ef	jal	x1,1000a0	  x1=0x001012ac
          11552	      5772	001000a0	00054803	lbu	x16,0(x10)	 x10:0x00101a18 x16=0x00000020 PA:0x00101a18 store:0x00000000
          11554	      5773	001000a4	06080663	beq	x16,x0,100110	 x16:0x00000020  x0:0x00000000
          11556	      5774	001000a8	000207b7	lui	x15,0x20	 x15=0x00020000
          11560	      5776	001000ac	0107a023	sw	x16,0(x15)	 x15:0x00020000 x16:0x00000020 PA:0x00020000 store:0x00000020 load:0x00000000
          11564	      5778	001000b0	00154703	lbu	x14,1(x10)	 x10:0x00101a18 x14=0x00000072 PA:0x00101a19 store:0x001012ac
          11566	      5779	001000b4	04070e63	beq	x14,x0,100110	 x14:0x00000072  x0:0x00000000
          11570	      5781	001000b8	00e7a023	sw	x14,0(x15)	 x15:0x00020000 x14:0x00000072 PA:0x00020000 store:0x00000072 load:0x00000000
          11574	      5783	001000bc	00254283	lbu	x5,2(x10)	 x10:0x00101a18  x5=0x00000065 PA:0x00101a1a store:0x00137fa0
          11576	      5784	001000c0	04028863	beq	x5,x0,100110	  x5:0x00000065  x0:0x00000000
          11580	      5786	001000c4	0057a023	sw	x5,0(x15)	 x15:0x00020000  x5:0x00000065 PA:0x00020000 store:0x00000065 load:0x00000000
          11584	      5788	001000c8	00354303	lbu	x6,3(x10)	 x10:0x00101a18  x6=0x00000073 PA:0x00101a1b store:0x00000000
          11586	      5789	001000cc	04030263	beq	x6,x0,100110	  x6:0x00000073  x0:0x00000000
          11590	      5791	001000d0	0067a023	sw	x6,0(x15)	 x15:0x00020000  x6:0x00000073 PA:0x00020000 store:0x00000073 load:0x00000000
          11594	      5793	001000d4	00454383	lbu	x7,4(x10)	 x10:0x00101a18  x7=0x00000075 PA:0x00101a1c store:0x00000000
          11596	      5794	001000d8	02038c63	beq	x7,x0,100110	  x7:0x00000075  x0:0x00000000
          11600	      5796	001000dc	0077a023	sw	x7,0(x15)	 x15:0x00020000  x7:0x00000075 PA:0x00020000 store:0x00000075 load:0x00000000
          11604	      5798	001000e0	00554583	lbu	x11,5(x10)	 x10:0x00101a18 x11=0x0000006c PA:0x00101a1d store:0x00000065
          11606	      5799	001000e4	02058663	beq	x11,x0,100110	 x11:0x0000006c  x0:0x00000000
          11610	      5801	001000e8	00b7a023	sw	x11,0(x15)	 x15:0x00020000 x11:0x0000006c PA:0x00020000 store:0x0000006c load:0x00000000
          11614	      5803	001000ec	00654603	lbu	x12,6(x10)	 x10:0x00101a18 x12=0x00000074 PA:0x00101a1e store:0x00000073
          11616	      5804	001000f0	02060063	beq	x12,x0,100110	 x12:0x00000074  x0:0x00000000
          11620	      5806	001000f4	00c7a023	sw	x12,0(x15)	 x15:0x00020000 x12:0x00000074 PA:0x00020000 store:0x00000074 load:0x00000000
          11624	      5808	001000f8	00754683	lbu	x13,7(x10)	 x10:0x00101a18 x13=0x0000003a PA:0x00101a1f store:0x00000075
          11626	      5809	001000fc	00850513	addi	x10,x10,8	 x10:0x00101a18 x10=0x00101a20
          11628	      5810	00100100	00068863	beq	x13,x0,100110	 x13:0x0000003a  x0:0x00000000
          11632	      5812	00100104	00d7a023	sw	x13,0(x15)	 x15:0x00020000 x13:0x0000003a PA:0x00020000 store:0x0000003a load:0x00000000
          11636	      5814	00100108	00054803	lbu	x16,0(x10)	 x10:0x00101a20 x16=0x00000020 PA:0x00101a20 store:0x00000000
          11640	      5816	0010010c	fa0810e3	bne	x16,x0,1000ac	 x16:0x00000020  x0:0x00000000
          11646	      5819	001000ac	0107a023	sw	x16,0(x15)	 x15:0x00020000 x16:0x00000020 PA:0x00020000 store:0x00000020 load:0x00000000
          11650	      5821	001000b0	00154703	lbu	x14,1(x10)	 x10:0x00101a20 x14=0x00000000 PA:0x00101a21 store:0x001012ac
          11654	      5823	001000b4	04070e63	beq	x14,x0,100110	 x14:0x00000000  x0:0x00000000
          11658	      5825	00100110	00000513	addi	x10,x0,0	  x0:0x00000000 x10=0x00000000
          11662	      5827	00100114	00008067	jalr	x0,0(x1)	  x1:0x001012ac  x0=0x00000000
          11666	      5829	001012ac	cf8a2503	lw	x10,-776(x20)	 x20:0x00102000 x10=0x1db47333 PA:0x00101cf8 store:0x00000008
          11668	      5830	001012b0	003c0d93	addi	x27,x24,3	 x24:0x00000008 x27=0x0000000b
          11670	      5831	001012b4	004c0c13	addi	x24,x24,4	 x24:0x00000008 x24=0x0000000c
          11674	      5833	001012b8	e69fe0ef	jal	x1,100120	  x1=0x001012bc
          11676	      5834	00100120	01c55793	srli	x15,x10,0x1c	 x10:0x1db47333 x15=0x00000001
          11678	      5835	00100124	00900713	addi	x14,x0,9	  x0:0x00000000 x14=0x00000009
          11682	      5837	00100128	0cf77a63	bgeu	x14,x15,1001fc	 x14:0x00000009 x15:0x00000001
          11686	      5839	001001fc	03078393	addi	x7,x15,48	 x15:0x00000001  x7=0x00000031
          11688	      5840	00100200	000205b7	lui	x11,0x20	 x11=0x00020000
          11690	      5841	00100204	00451613	slli	x12,x10,0x4	 x10:0x1db47333 x12=0xdb473330
          11694	      5843	00100208	0075a023	sw	x7,0(x11)	 x11:0x00020000  x7:0x00000031 PA:0x00020000 store:0x00000031 load:0x00000000
          11696	      5844	0010020c	01c65693	srli	x13,x12,0x1c	 x12:0xdb473330 x13=0x0000000d
          11698	      5845	00100210	00900813	addi	x16,x0,9	  x0:0x00000000 x16=0x00000009
          11702	      5847	00100214	f2d86ae3	bltu	x16,x13,100148	 x16:0x00000009 x13:0x0000000d
          11706	      5849	00100148	03768893	addi	x17,x13,55	 x13:0x0000000d x17=0x00000044
          11708	      5850	0010014c	00020e37	lui	x28,0x20	 x28=0x00020000
          11710	      5851	00100150	00851f93	slli	x31,x10,0x8	 x10:0x1db47333 x31=0xb4733300
          11714	      5853	00100154	011e2023	sw	x17,0(x28)	 x28:0x00020000 x17:0x00000044 PA:0x00020000 store:0x00000044 load:0x00000000
          11716	      5854	00100158	01cfd793	srli	x15,x31,0x1c	 x31:0xb4733300 x15=0x0000000b
          11718	      5855	0010015c	00900713	addi	x14,x0,9	  x0:0x00000000 x14=0x00000009
          11720	      5856	00100160	0cf77a63	bgeu	x14,x15,100234	 x14:0x00000009 x15:0x0000000b
          11722	      5857	00100164	03778293	addi	x5,x15,55	 x15:0x0000000b  x5=0x00000042
          11724	      5858	00100168	00020337	lui	x6,0x20	  x6=0x00020000
          11726	      5859	0010016c	00c51613	slli	x12,x10,0xc	 x10:0x1db47333 x12=0x47333000
          11730	      5861	00100170	00532023	sw	x5,0(x6)	  x6:0x00020000  x5:0x00000042 PA:0x00020000 store:0x00000042 load:0x00000000
          11732	      5862	00100174	01c65693	srli	x13,x12,0x1c	 x12:0x47333000 x13=0x00000004
          11734	      5863	00100178	00900813	addi	x16,x0,9	  x0:0x00000000 x16=0x00000009
          11738	      5865	0010017c	0cd87a63	bgeu	x16,x13,100250	 x16:0x00000009 x13:0x00000004
          11742	      5867	00100250	03068e93	addi	x29,x13,48	 x13:0x00000004 x29=0x00000034
          11744	      5868	00100254	00020f37	lui	x30,0x20	 x30=0x00020000
          11746	      5869	00100258	01051f93	slli	x31,x10,0x10	 x10:0x1db47333 x31=0x73330000
          11750	      5871	0010025c	01df2023	sw	x29,0(x30)	 x30:0x00020000 x29:0x00000034 PA:0x00020000 store:0x00000034 load:0x00000000
          11752	      5872	00100260	01cfd793	srli	x15,x31,0x1c	 x31:0x73330000 x15=0x00000007
          11754	      5873	00100264	00900713	addi	x14,x0,9	  x0:0x00000000 x14=0x00000009
          11756	      5874	00100268	f2f76ae3	bltu	x14,x15,10019c	 x14:0x00000009 x15:0x00000007
          11758	      5875	0010026c	03078393	addi	x7,x15,48	 x15:0x00000007  x7=0x00000037
          11760	      5876	00100270	000205b7	lui	x11,0x20	 x11=0x00020000
          11762	      5877	00100274	01451613	slli	x12,x10,0x14	 x10:0x1db47333 x12=0x33300000
          11766	      5879	00100278	0075a023	sw	x7,0(x11)	 x11:0x00020000  x7:0x00000037 PA:0x00020000 store:0x00000037 load:0x00000000
          11768	      5880	0010027c	01c65693	srli	x13,x12,0x1c	 x12:0x33300000 x13=0x00000003
          11770	      5881	00100280	00900813	addi	x16,x0,9	  x0:0x00000000 x16=0x00000009
          11772	      5882	00100284	f2d86ae3	bltu	x16,x13,1001b8	 x16:0x00000009 x13:0x00000003
          11774	      5883	00100288	03068e93	addi	x29,x13,48	 x13:0x00000003 x29=0x00000033
          11776	      5884	0010028c	00020f37	lui	x30,0x20	 x30=0x00020000
          11778	      5885	00100290	01851f93	slli	x31,x10,0x18	 x10:0x1db47333 x31=0x33000000
          11782	      5887	00100294	01df2023	sw	x29,0(x30)	 x30:0x00020000 x29:0x00000033 PA:0x00020000 store:0x00000033 load:0x00000000
          11784	      5888	00100298	01cfd793	srli	x15,x31,0x1c	 x31:0x33000000 x15=0x00000003
          11786	      5889	0010029c	00900713	addi	x14,x0,9	  x0:0x00000000 x14=0x00000009
          11788	      5890	001002a0	f2f76ae3	bltu	x14,x15,1001d4	 x14:0x00000009 x15:0x00000003
          11790	      5891	001002a4	03078393	addi	x7,x15,48	 x15:0x00000003  x7=0x00000033
          11792	      5892	001002a8	000205b7	lui	x11,0x20	 x11=0x00020000
          11796	      5894	001002ac	0075a023	sw	x7,0(x11)	 x11:0x00020000  x7:0x00000033 PA:0x00020000 store:0x00000033 load:0x00000000
          11798	      5895	001002b0	00f57513	andi	x10,x10,15	 x10:0x1db47333 x10=0x00000003
          11800	      5896	001002b4	00900613	addi	x12,x0,9	  x0:0x00000000 x12=0x00000009
          11804	      5898	001002b8	f2a67ae3	bgeu	x12,x10,1001ec	 x12:0x00000009 x10:0x00000003
          11808	      5900	001001ec	03050893	addi	x17,x10,48	 x10:0x00000003 x17=0x00000033
          11810	      5901	001001f0	00020e37	lui	x28,0x20	 x28=0x00020000
          11814	      5903	001001f4	011e2023	sw	x17,0(x28)	 x28:0x00020000 x17:0x00000033 PA:0x00020000 store:0x00000033 load:0x00000000
          11828	      5910	001001f8	00008067	jalr	x0,0(x1)	  x1:0x001012bc  x0=0x00000000
          11830	      5911	001012bc	d089a187	flw	f3,-760(x19)	 f19:0x00102000  f3=0x00000000 PA:0x00101d08 store:0x4598f2e4
          11832	      5912	001012c0	d24ba207	flw	f4,-732(x23)	 f23:0x00102000  f4=0x00000000 PA:0x00101d24 store:0x42f67c6a
          11854	      5923	001012c4	a10a8513	addi	x10,x21,-1520	 x21:0x00102000 x10=0x00101a10
          11856	      5924	001012c8	1841f5d3	fdiv.s	f11,f3,f4	  f3:0x00000000  f4:0x00000000 f11=0x00000000
          11862	      5927	001012cc	d0b9a427	fsw	f11,-760(x19)	 f19:0x00102000 f11:0x00020000 PA:0x00101d08 store:0x1a3b6a45 load:0x42f67c6a
          11870	      5931	001012d0	d089a287	flw	f5,-760(x19)	 f19:0x00102000  f5=0x00000000 PA:0x00101d08 store:0x4598f2e4
          11876	      5934	001012d4	e0028f53	fmv.x.w	x30,f5	  f5:0x00000042 x30=0x1a3b6a45
          11878	      5935	001012d8	cfea2c23	sw	x30,-776(x20)	 x20:0x00102000 x30:0x1a3b6a45 PA:0x00101cf8 store:0x1a3b6a45 load:0x1a3b6a45
          11882	      5937	001012dc	dc5fe0ef	jal	x1,1000a0	  x1=0x001012e0
          11886	      5939	001000a0	00054803	lbu	x16,0(x10)	 x10:0x00101a10 x16=0x0000000a PA:0x00101a10 store:0x00000000
          11888	      5940	001000a4	06080663	beq	x16,x0,100110	 x16:0x0000000a  x0:0x00000000
          11890	      5941	001000a8	000207b7	lui	x15,0x20	 x15=0x00020000
          11894	      5943	001000ac	0107a023	sw	x16,0(x15)	 x15:0x00020000 x16:0x0000000a PA:0x00020000 store:0x0000000a load:0x00000000
          11898	      5945	001000b0	00154703	lbu	x14,1(x10)	 x10:0x00101a10 x14=0x00000020 PA:0x00101a11 store:0x001012e0
          11900	      5946	001000b4	04070e63	beq	x14,x0,100110	 x14:0x00000020  x0:0x00000000
          11904	      5948	001000b8	00e7a023	sw	x14,0(x15)	 x15:0x00020000 x14:0x00000020 PA:0x00020000 store:0x00000020 load:0x00000000
          11908	      5950	001000bc	00254283	lbu	x5,2(x10)	 x10:0x00101a10  x5=0x00000069 PA:0x00101a12 store:0x00137fa0
          11910	      5951	001000c0	04028863	beq	x5,x0,100110	  x5:0x00000069  x0:0x00000000
          11914	      5953	001000c4	0057a023	sw	x5,0(x15)	 x15:0x00020000  x5:0x00000069 PA:0x00020000 store:0x00000069 load:0x00000000
          11918	      5955	001000c8	00354303	lbu	x6,3(x10)	 x10:0x00101a10  x6=0x0000003d PA:0x00101a13 store:0x00000000
          11920	      5956	001000cc	04030263	beq	x6,x0,100110	  x6:0x0000003d  x0:0x00000000
          11924	      5958	001000d0	0067a023	sw	x6,0(x15)	 x15:0x00020000  x6:0x0000003d PA:0x00020000 store:0x0000003d load:0x00000000
          11928	      5960	001000d4	00454383	lbu	x7,4(x10)	 x10:0x00101a10  x7=0x00000000 PA:0x00101a14 store:0x00000000
          11932	      5962	001000d8	02038c63	beq	x7,x0,100110	  x7:0x00000000  x0:0x00000000
          11936	      5964	00100110	00000513	addi	x10,x0,0	  x0:0x00000000 x10=0x00000000
          11940	      5966	00100114	00008067	jalr	x0,0(x1)	  x1:0x001012e0  x0=0x00000000
          11942	      5967	001012e0	000d8513	addi	x10,x27,0	 x27:0x0000000b x10=0x0000000b
          11946	      5969	001012e4	e3dfe0ef	jal	x1,100120	  x1=0x001012e8
          11948	      5970	00100120	01c55793	srli	x15,x10,0x1c	 x10:0x0000000b x15=0x00000000
          11950	      5971	00100124	00900713	addi	x14,x0,9	  x0:0x00000000 x14=0x00000009
          11954	      5973	00100128	0cf77a63	bgeu	x14,x15,1001fc	 x14:0x00000009 x15:0x00000000
          11958	      5975	001001fc	03078393	addi	x7,x15,48	 x15:0x00000000  x7=0x00000030
          11960	      5976	00100200	000205b7	lui	x11,0x20	 x11=0x00020000
          11962	      5977	00100204	00451613	slli	x12,x10,0x4	 x10:0x0000000b x12=0x000000b0
          11966	      5979	00100208	0075a023	sw	x7,0(x11)	 x11:0x00020000  x7:0x00000030 PA:0x00020000 store:0x00000030 load:0x00000000
          11968	      5980	0010020c	01c65693	srli	x13,x12,0x1c	 x12:0x000000b0 x13=0x00000000
          11970	      5981	00100210	00900813	addi	x16,x0,9	  x0:0x00000000 x16=0x00000009
          11972	      5982	00100214	f2d86ae3	bltu	x16,x13,100148	 x16:0x00000009 x13:0x00000000
          11974	      5983	00100218	03068e93	addi	x29,x13,48	 x13:0x00000000 x29=0x00000030
          11976	      5984	0010021c	00020f37	lui	x30,0x20	 x30=0x00020000
          11978	      5985	00100220	00851f93	slli	x31,x10,0x8	 x10:0x0000000b x31=0x00000b00
          11982	      5987	00100224	01df2023	sw	x29,0(x30)	 x30:0x00020000 x29:0x00000030 PA:0x00020000 store:0x00000030 load:0x00000000
          11984	      5988	00100228	01cfd793	srli	x15,x31,0x1c	 x31:0x00000b00 x15=0x00000000
          11986	      5989	0010022c	00900713	addi	x14,x0,9	  x0:0x00000000 x14=0x00000009
          11988	      5990	00100230	f2f76ae3	bltu	x14,x15,100164	 x14:0x00000009 x15:0x00000000
          11990	      5991	00100234	03078393	addi	x7,x15,48	 x15:0x00000000  x7=0x00000030
          11992	      5992	00100238	000205b7	lui	x11,0x20	 x11=0x00020000
          11994	      5993	0010023c	00c51613	slli	x12,x10,0xc	 x10:0x0000000b x12=0x0000b000
          11998	      5995	00100240	0075a023	sw	x7,0(x11)	 x11:0x00020000  x7:0x00000030 PA:0x00020000 store:0x00000030 load:0x00000000
          12000	      5996	00100244	01c65693	srli	x13,x12,0x1c	 x12:0x0000b000 x13=0x00000000
          12002	      5997	00100248	00900813	addi	x16,x0,9	  x0:0x00000000 x16=0x00000009
          12004	      5998	0010024c	f2d86ae3	bltu	x16,x13,100180	 x16:0x00000009 x13:0x00000000
          12006	      5999	00100250	03068e93	addi	x29,x13,48	 x13:0x00000000 x29=0x00000030
          12008	      6000	00100254	00020f37	lui	x30,0x20	 x30=0x00020000
          12010	      6001	00100258	01051f93	slli	x31,x10,0x10	 x10:0x0000000b x31=0x000b0000
          12014	      6003	0010025c	01df2023	sw	x29,0(x30)	 x30:0x00020000 x29:0x00000030 PA:0x00020000 store:0x00000030 load:0x00000000
          12016	      6004	00100260	01cfd793	srli	x15,x31,0x1c	 x31:0x000b0000 x15=0x00000000
          12018	      6005	00100264	00900713	addi	x14,x0,9	  x0:0x00000000 x14=0x00000009
          12020	      6006	00100268	f2f76ae3	bltu	x14,x15,10019c	 x14:0x00000009 x15:0x00000000
          12022	      6007	0010026c	03078393	addi	x7,x15,48	 x15:0x00000000  x7=0x00000030
          12024	      6008	00100270	000205b7	lui	x11,0x20	 x11=0x00020000
          12026	      6009	00100274	01451613	slli	x12,x10,0x14	 x10:0x0000000b x12=0x00b00000
          12030	      6011	00100278	0075a023	sw	x7,0(x11)	 x11:0x00020000  x7:0x00000030 PA:0x00020000 store:0x00000030 load:0x00000000
          12032	      6012	0010027c	01c65693	srli	x13,x12,0x1c	 x12:0x00b00000 x13=0x00000000
          12034	      6013	00100280	00900813	addi	x16,x0,9	  x0:0x00000000 x16=0x00000009
          12036	      6014	00100284	f2d86ae3	bltu	x16,x13,1001b8	 x16:0x00000009 x13:0x00000000
          12038	      6015	00100288	03068e93	addi	x29,x13,48	 x13:0x00000000 x29=0x00000030
          12040	      6016	0010028c	00020f37	lui	x30,0x20	 x30=0x00020000
          12042	      6017	00100290	01851f93	slli	x31,x10,0x18	 x10:0x0000000b x31=0x0b000000
          12046	      6019	00100294	01df2023	sw	x29,0(x30)	 x30:0x00020000 x29:0x00000030 PA:0x00020000 store:0x00000030 load:0x00000000
          12048	      6020	00100298	01cfd793	srli	x15,x31,0x1c	 x31:0x0b000000 x15=0x00000000
          12050	      6021	0010029c	00900713	addi	x14,x0,9	  x0:0x00000000 x14=0x00000009
          12052	      6022	001002a0	f2f76ae3	bltu	x14,x15,1001d4	 x14:0x00000009 x15:0x00000000
          12054	      6023	001002a4	03078393	addi	x7,x15,48	 x15:0x00000000  x7=0x00000030
          12056	      6024	001002a8	000205b7	lui	x11,0x20	 x11=0x00020000
          12060	      6026	001002ac	0075a023	sw	x7,0(x11)	 x11:0x00020000  x7:0x00000030 PA:0x00020000 store:0x00000030 load:0x00000000
          12062	      6027	001002b0	00f57513	andi	x10,x10,15	 x10:0x0000000b x10=0x0000000b
          12064	      6028	001002b4	00900613	addi	x12,x0,9	  x0:0x00000000 x12=0x00000009
          12066	      6029	001002b8	f2a67ae3	bgeu	x12,x10,1001ec	 x12:0x00000009 x10:0x0000000b
          12068	      6030	001002bc	03750693	addi	x13,x10,55	 x10:0x0000000b x13=0x00000042
          12070	      6031	001002c0	00020837	lui	x16,0x20	 x16=0x00020000
          12074	      6033	001002c4	00d82023	sw	x13,0(x16)	 x16:0x00020000 x13:0x00000042 PA:0x00020000 store:0x00000042 load:0x00000000
          12078	      6035	001002c8	00008067	jalr	x0,0(x1)	  x1:0x001012e8  x0=0x00000000
          12080	      6036	001012e8	a18b0513	addi	x10,x22,-1512	 x22:0x00102000 x10=0x00101a18
          12084	      6038	001012ec	db5fe0ef	jal	x1,1000a0	  x1=0x001012f0
          12088	      6040	001000a0	00054803	lbu	x16,0(x10)	 x10:0x00101a18 x16=0x00000020 PA:0x00101a18 store:0x00000000
          12090	      6041	001000a4	06080663	beq	x16,x0,100110	 x16:0x00000020  x0:0x00000000
          12092	      6042	001000a8	000207b7	lui	x15,0x20	 x15=0x00020000
          12096	      6044	001000ac	0107a023	sw	x16,0(x15)	 x15:0x00020000 x16:0x00000020 PA:0x00020000 store:0x00000020 load:0x00000000
          12100	      6046	001000b0	00154703	lbu	x14,1(x10)	 x10:0x00101a18 x14=0x00000072 PA:0x00101a19 store:0x001012f0
          12102	      6047	001000b4	04070e63	beq	x14,x0,100110	 x14:0x00000072  x0:0x00000000
          12106	      6049	001000b8	00e7a023	sw	x14,0(x15)	 x15:0x00020000 x14:0x00000072 PA:0x00020000 store:0x00000072 load:0x00000000
          12110	      6051	001000bc	00254283	lbu	x5,2(x10)	 x10:0x00101a18  x5=0x00000065 PA:0x00101a1a store:0x00137fa0
          12112	      6052	001000c0	04028863	beq	x5,x0,100110	  x5:0x00000065  x0:0x00000000
          12116	      6054	001000c4	0057a023	sw	x5,0(x15)	 x15:0x00020000  x5:0x00000065 PA:0x00020000 store:0x00000065 load:0x00000000
          12120	      6056	001000c8	00354303	lbu	x6,3(x10)	 x10:0x00101a18  x6=0x00000073 PA:0x00101a1b store:0x00000000
          12122	      6057	001000cc	04030263	beq	x6,x0,100110	  x6:0x00000073  x0:0x00000000
          12126	      6059	001000d0	0067a023	sw	x6,0(x15)	 x15:0x00020000  x6:0x00000073 PA:0x00020000 store:0x00000073 load:0x00000000
          12130	      6061	001000d4	00454383	lbu	x7,4(x10)	 x10:0x00101a18  x7=0x00000075 PA:0x00101a1c store:0x00000000
          12132	      6062	001000d8	02038c63	beq	x7,x0,100110	  x7:0x00000075  x0:0x00000000
          12136	      6064	001000dc	0077a023	sw	x7,0(x15)	 x15:0x00020000  x7:0x00000075 PA:0x00020000 store:0x00000075 load:0x00000000
          12140	      6066	001000e0	00554583	lbu	x11,5(x10)	 x10:0x00101a18 x11=0x0000006c PA:0x00101a1d store:0x00000065
          12142	      6067	001000e4	02058663	beq	x11,x0,100110	 x11:0x0000006c  x0:0x00000000
          12146	      6069	001000e8	00b7a023	sw	x11,0(x15)	 x15:0x00020000 x11:0x0000006c PA:0x00020000 store:0x0000006c load:0x00000000
          12150	      6071	001000ec	00654603	lbu	x12,6(x10)	 x10:0x00101a18 x12=0x00000074 PA:0x00101a1e store:0x00000073
          12152	      6072	001000f0	02060063	beq	x12,x0,100110	 x12:0x00000074  x0:0x00000000
          12156	      6074	001000f4	00c7a023	sw	x12,0(x15)	 x15:0x00020000 x12:0x00000074 PA:0x00020000 store:0x00000074 load:0x00000000
          12160	      6076	001000f8	00754683	lbu	x13,7(x10)	 x10:0x00101a18 x13=0x0000003a PA:0x00101a1f store:0x00000075
          12162	      6077	001000fc	00850513	addi	x10,x10,8	 x10:0x00101a18 x10=0x00101a20
          12164	      6078	00100100	00068863	beq	x13,x0,100110	 x13:0x0000003a  x0:0x00000000
          12168	      6080	00100104	00d7a023	sw	x13,0(x15)	 x15:0x00020000 x13:0x0000003a PA:0x00020000 store:0x0000003a load:0x00000000
          12172	      6082	00100108	00054803	lbu	x16,0(x10)	 x10:0x00101a20 x16=0x00000020 PA:0x00101a20 store:0x00000000
          12176	      6084	0010010c	fa0810e3	bne	x16,x0,1000ac	 x16:0x00000020  x0:0x00000000
          12182	      6087	001000ac	0107a023	sw	x16,0(x15)	 x15:0x00020000 x16:0x00000020 PA:0x00020000 store:0x00000020 load:0x00000000
          12186	      6089	001000b0	00154703	lbu	x14,1(x10)	 x10:0x00101a20 x14=0x00000000 PA:0x00101a21 store:0x001012f0
          12190	      6091	001000b4	04070e63	beq	x14,x0,100110	 x14:0x00000000  x0:0x00000000
          12194	      6093	00100110	00000513	addi	x10,x0,0	  x0:0x00000000 x10=0x00000000
          12198	      6095	00100114	00008067	jalr	x0,0(x1)	  x1:0x001012f0  x0=0x00000000
          12202	      6097	001012f0	cf8a2503	lw	x10,-776(x20)	 x20:0x00102000 x10=0x1a3b6a45 PA:0x00101cf8 store:0x0000000c
          12206	      6099	001012f4	e2dfe0ef	jal	x1,100120	  x1=0x001012f8
          12208	      6100	00100120	01c55793	srli	x15,x10,0x1c	 x10:0x1a3b6a45 x15=0x00000001
          12210	      6101	00100124	00900713	addi	x14,x0,9	  x0:0x00000000 x14=0x00000009
          12214	      6103	00100128	0cf77a63	bgeu	x14,x15,1001fc	 x14:0x00000009 x15:0x00000001
          12218	      6105	001001fc	03078393	addi	x7,x15,48	 x15:0x00000001  x7=0x00000031
          12220	      6106	00100200	000205b7	lui	x11,0x20	 x11=0x00020000
          12222	      6107	00100204	00451613	slli	x12,x10,0x4	 x10:0x1a3b6a45 x12=0xa3b6a450
          12226	      6109	00100208	0075a023	sw	x7,0(x11)	 x11:0x00020000  x7:0x00000031 PA:0x00020000 store:0x00000031 load:0x00000000
          12228	      6110	0010020c	01c65693	srli	x13,x12,0x1c	 x12:0xa3b6a450 x13=0x0000000a
          12230	      6111	00100210	00900813	addi	x16,x0,9	  x0:0x00000000 x16=0x00000009
          12234	      6113	00100214	f2d86ae3	bltu	x16,x13,100148	 x16:0x00000009 x13:0x0000000a
          12238	      6115	00100148	03768893	addi	x17,x13,55	 x13:0x0000000a x17=0x00000041
          12240	      6116	0010014c	00020e37	lui	x28,0x20	 x28=0x00020000
          12242	      6117	00100150	00851f93	slli	x31,x10,0x8	 x10:0x1a3b6a45 x31=0x3b6a4500
          12246	      6119	00100154	011e2023	sw	x17,0(x28)	 x28:0x00020000 x17:0x00000041 PA:0x00020000 store:0x00000041 load:0x00000000
          12248	      6120	00100158	01cfd793	srli	x15,x31,0x1c	 x31:0x3b6a4500 x15=0x00000003
          12250	      6121	0010015c	00900713	addi	x14,x0,9	  x0:0x00000000 x14=0x00000009
          12254	      6123	00100160	0cf77a63	bgeu	x14,x15,100234	 x14:0x00000009 x15:0x00000003
          12258	      6125	00100234	03078393	addi	x7,x15,48	 x15:0x00000003  x7=0x00000033
          12260	      6126	00100238	000205b7	lui	x11,0x20	 x11=0x00020000
          12262	      6127	0010023c	00c51613	slli	x12,x10,0xc	 x10:0x1a3b6a45 x12=0xb6a45000
          12266	      6129	00100240	0075a023	sw	x7,0(x11)	 x11:0x00020000  x7:0x00000033 PA:0x00020000 store:0x00000033 load:0x00000000
          12268	      6130	00100244	01c65693	srli	x13,x12,0x1c	 x12:0xb6a45000 x13=0x0000000b
          12270	      6131	00100248	00900813	addi	x16,x0,9	  x0:0x00000000 x16=0x00000009
          12274	      6133	0010024c	f2d86ae3	bltu	x16,x13,100180	 x16:0x00000009 x13:0x0000000b
          12278	      6135	00100180	03768893	addi	x17,x13,55	 x13:0x0000000b x17=0x00000042
          12280	      6136	00100184	00020e37	lui	x28,0x20	 x28=0x00020000
          12282	      6137	00100188	01051f93	slli	x31,x10,0x10	 x10:0x1a3b6a45 x31=0x6a450000
          12286	      6139	0010018c	011e2023	sw	x17,0(x28)	 x28:0x00020000 x17:0x00000042 PA:0x00020000 store:0x00000042 load:0x00000000
          12288	      6140	00100190	01cfd793	srli	x15,x31,0x1c	 x31:0x6a450000 x15=0x00000006
          12290	      6141	00100194	00900713	addi	x14,x0,9	  x0:0x00000000 x14=0x00000009
          12294	      6143	00100198	0cf77a63	bgeu	x14,x15,10026c	 x14:0x00000009 x15:0x00000006
          12298	      6145	0010026c	03078393	addi	x7,x15,48	 x15:0x00000006  x7=0x00000036
          12300	      6146	00100270	000205b7	lui	x11,0x20	 x11=0x00020000
          12302	      6147	00100274	01451613	slli	x12,x10,0x14	 x10:0x1a3b6a45 x12=0xa4500000
          12306	      6149	00100278	0075a023	sw	x7,0(x11)	 x11:0x00020000  x7:0x00000036 PA:0x00020000 store:0x00000036 load:0x00000000
          12308	      6150	0010027c	01c65693	srli	x13,x12,0x1c	 x12:0xa4500000 x13=0x0000000a
          12310	      6151	00100280	00900813	addi	x16,x0,9	  x0:0x00000000 x16=0x00000009
          12314	      6153	00100284	f2d86ae3	bltu	x16,x13,1001b8	 x16:0x00000009 x13:0x0000000a
          12318	      6155	001001b8	03768893	addi	x17,x13,55	 x13:0x0000000a x17=0x00000041
          12320	      6156	001001bc	00020e37	lui	x28,0x20	 x28=0x00020000
          12322	      6157	001001c0	01851f93	slli	x31,x10,0x18	 x10:0x1a3b6a45 x31=0x45000000
          12326	      6159	001001c4	011e2023	sw	x17,0(x28)	 x28:0x00020000 x17:0x00000041 PA:0x00020000 store:0x00000041 load:0x00000000
          12328	      6160	001001c8	01cfd793	srli	x15,x31,0x1c	 x31:0x45000000 x15=0x00000004
          12330	      6161	001001cc	00900713	addi	x14,x0,9	  x0:0x00000000 x14=0x00000009
          12334	      6163	001001d0	0cf77a63	bgeu	x14,x15,1002a4	 x14:0x00000009 x15:0x00000004
          12338	      6165	001002a4	03078393	addi	x7,x15,48	 x15:0x00000004  x7=0x00000034
          12340	      6166	001002a8	000205b7	lui	x11,0x20	 x11=0x00020000
          12344	      6168	001002ac	0075a023	sw	x7,0(x11)	 x11:0x00020000  x7:0x00000034 PA:0x00020000 store:0x00000034 load:0x00000000
          12346	      6169	001002b0	00f57513	andi	x10,x10,15	 x10:0x1a3b6a45 x10=0x00000005
          12348	      6170	001002b4	00900613	addi	x12,x0,9	  x0:0x00000000 x12=0x00000009
          12352	      6172	001002b8	f2a67ae3	bgeu	x12,x10,1001ec	 x12:0x00000009 x10:0x00000005
          12356	      6174	001001ec	03050893	addi	x17,x10,48	 x10:0x00000005 x17=0x00000035
          12358	      6175	001001f0	00020e37	lui	x28,0x20	 x28=0x00020000
          12362	      6177	001001f4	011e2023	sw	x17,0(x28)	 x28:0x00020000 x17:0x00000035 PA:0x00020000 store:0x00000035 load:0x00000000
          12366	      6179	001001f8	00008067	jalr	x0,0(x1)	  x1:0x001012f8  x0=0x00000000
          12370	      6181	001012f8	f1ac10e3	bne	x24,x26,1011f8	 x24:0x0000000c x26:0x00000014
          12382	      6187	001011f8	d089a987	flw	f19,-760(x19)	 f19:0x00102000 f19=0x00000000 PA:0x00101d08 store:0x4598f2e4
          12384	      6188	001011fc	d24baa07	flw	f20,-732(x23)	 f23:0x00102000 f20=0x00000000 PA:0x00101d24 store:0x42f67c6a
          12408	      6200	00101200	a10a8513	addi	x10,x21,-1520	 x21:0x00102000 x10=0x00101a10
          12410	      6201	00101204	1949fad3	fdiv.s	f21,f19,f20	 f19:0x00102000 f20:0x00102000 f21=0x00000000
          12416	      6204	00101208	d159a427	fsw	f21,-760(x19)	 f19:0x00102000 f21:0x00102000 PA:0x00101d08 store:0x16c2a62a load:0x42f67c6a
          12424	      6208	0010120c	d089ae07	flw	f28,-760(x19)	 f19:0x00102000 f28=0x00000000 PA:0x00101d08 store:0x4598f2e4
          12430	      6211	00101210	e00e0dd3	fmv.x.w	x27,f28	 f28:0x00020000 x27=0x16c2a62a
          12432	      6212	00101214	cfba2c23	sw	x27,-776(x20)	 x20:0x00102000 x27:0x16c2a62a PA:0x00101cf8 store:0x16c2a62a load:0x16c2a62a
          12436	      6214	00101218	e89fe0ef	jal	x1,1000a0	  x1=0x0010121c
          12440	      6216	001000a0	00054803	lbu	x16,0(x10)	 x10:0x00101a10 x16=0x0000000a PA:0x00101a10 store:0x00000000
          12442	      6217	001000a4	06080663	beq	x16,x0,100110	 x16:0x0000000a  x0:0x00000000
          12444	      6218	001000a8	000207b7	lui	x15,0x20	 x15=0x00020000
          12448	      6220	001000ac	0107a023	sw	x16,0(x15)	 x15:0x00020000 x16:0x0000000a PA:0x00020000 store:0x0000000a load:0x00000000
          12452	      6222	001000b0	00154703	lbu	x14,1(x10)	 x10:0x00101a10 x14=0x00000020 PA:0x00101a11 store:0x0010121c
          12454	      6223	001000b4	04070e63	beq	x14,x0,100110	 x14:0x00000020  x0:0x00000000
          12458	      6225	001000b8	00e7a023	sw	x14,0(x15)	 x15:0x00020000 x14:0x00000020 PA:0x00020000 store:0x00000020 load:0x00000000
          12462	      6227	001000bc	00254283	lbu	x5,2(x10)	 x10:0x00101a10  x5=0x00000069 PA:0x00101a12 store:0x00137fa0
          12464	      6228	001000c0	04028863	beq	x5,x0,100110	  x5:0x00000069  x0:0x00000000
          12468	      6230	001000c4	0057a023	sw	x5,0(x15)	 x15:0x00020000  x5:0x00000069 PA:0x00020000 store:0x00000069 load:0x00000000
          12472	      6232	001000c8	00354303	lbu	x6,3(x10)	 x10:0x00101a10  x6=0x0000003d PA:0x00101a13 store:0x00000000
          12474	      6233	001000cc	04030263	beq	x6,x0,100110	  x6:0x0000003d  x0:0x00000000
          12478	      6235	001000d0	0067a023	sw	x6,0(x15)	 x15:0x00020000  x6:0x0000003d PA:0x00020000 store:0x0000003d load:0x00000000
          12482	      6237	001000d4	00454383	lbu	x7,4(x10)	 x10:0x00101a10  x7=0x00000000 PA:0x00101a14 store:0x00000000
          12486	      6239	001000d8	02038c63	beq	x7,x0,100110	  x7:0x00000000  x0:0x00000000
          12490	      6241	00100110	00000513	addi	x10,x0,0	  x0:0x00000000 x10=0x00000000
          12494	      6243	00100114	00008067	jalr	x0,0(x1)	  x1:0x0010121c  x0=0x00000000
          12496	      6244	0010121c	000c0513	addi	x10,x24,0	 x24:0x0000000c x10=0x0000000c
          12500	      6246	00101220	f01fe0ef	jal	x1,100120	  x1=0x00101224
          12502	      6247	00100120	01c55793	srli	x15,x10,0x1c	 x10:0x0000000c x15=0x00000000
          12504	      6248	00100124	00900713	addi	x14,x0,9	  x0:0x00000000 x14=0x00000009
          12508	      6250	00100128	0cf77a63	bgeu	x14,x15,1001fc	 x14:0x00000009 x15:0x00000000
          12512	      6252	001001fc	03078393	addi	x7,x15,48	 x15:0x00000000  x7=0x00000030
          12514	      6253	00100200	000205b7	lui	x11,0x20	 x11=0x00020000
          12516	      6254	00100204	00451613	slli	x12,x10,0x4	 x10:0x0000000c x12=0x000000c0
          12520	      6256	00100208	0075a023	sw	x7,0(x11)	 x11:0x00020000  x7:0x00000030 PA:0x00020000 store:0x00000030 load:0x00000000
          12522	      6257	0010020c	01c65693	srli	x13,x12,0x1c	 x12:0x000000c0 x13=0x00000000
          12524	      6258	00100210	00900813	addi	x16,x0,9	  x0:0x00000000 x16=0x00000009
          12526	      6259	00100214	f2d86ae3	bltu	x16,x13,100148	 x16:0x00000009 x13:0x00000000
          12528	      6260	00100218	03068e93	addi	x29,x13,48	 x13:0x00000000 x29=0x00000030
          12530	      6261	0010021c	00020f37	lui	x30,0x20	 x30=0x00020000
          12532	      6262	00100220	00851f93	slli	x31,x10,0x8	 x10:0x0000000c x31=0x00000c00
          12536	      6264	00100224	01df2023	sw	x29,0(x30)	 x30:0x00020000 x29:0x00000030 PA:0x00020000 store:0x00000030 load:0x00000000
          12538	      6265	00100228	01cfd793	srli	x15,x31,0x1c	 x31:0x00000c00 x15=0x00000000
          12540	      6266	0010022c	00900713	addi	x14,x0,9	  x0:0x00000000 x14=0x00000009
          12542	      6267	00100230	f2f76ae3	bltu	x14,x15,100164	 x14:0x00000009 x15:0x00000000
          12544	      6268	00100234	03078393	addi	x7,x15,48	 x15:0x00000000  x7=0x00000030
          12546	      6269	00100238	000205b7	lui	x11,0x20	 x11=0x00020000
          12548	      6270	0010023c	00c51613	slli	x12,x10,0xc	 x10:0x0000000c x12=0x0000c000
          12552	      6272	00100240	0075a023	sw	x7,0(x11)	 x11:0x00020000  x7:0x00000030 PA:0x00020000 store:0x00000030 load:0x00000000
          12554	      6273	00100244	01c65693	srli	x13,x12,0x1c	 x12:0x0000c000 x13=0x00000000
          12556	      6274	00100248	00900813	addi	x16,x0,9	  x0:0x00000000 x16=0x00000009
          12558	      6275	0010024c	f2d86ae3	bltu	x16,x13,100180	 x16:0x00000009 x13:0x00000000
          12560	      6276	00100250	03068e93	addi	x29,x13,48	 x13:0x00000000 x29=0x00000030
          12562	      6277	00100254	00020f37	lui	x30,0x20	 x30=0x00020000
          12564	      6278	00100258	01051f93	slli	x31,x10,0x10	 x10:0x0000000c x31=0x000c0000
          12568	      6280	0010025c	01df2023	sw	x29,0(x30)	 x30:0x00020000 x29:0x00000030 PA:0x00020000 store:0x00000030 load:0x00000000
          12570	      6281	00100260	01cfd793	srli	x15,x31,0x1c	 x31:0x000c0000 x15=0x00000000
          12572	      6282	00100264	00900713	addi	x14,x0,9	  x0:0x00000000 x14=0x00000009
          12574	      6283	00100268	f2f76ae3	bltu	x14,x15,10019c	 x14:0x00000009 x15:0x00000000
          12576	      6284	0010026c	03078393	addi	x7,x15,48	 x15:0x00000000  x7=0x00000030
          12578	      6285	00100270	000205b7	lui	x11,0x20	 x11=0x00020000
          12580	      6286	00100274	01451613	slli	x12,x10,0x14	 x10:0x0000000c x12=0x00c00000
          12584	      6288	00100278	0075a023	sw	x7,0(x11)	 x11:0x00020000  x7:0x00000030 PA:0x00020000 store:0x00000030 load:0x00000000
          12586	      6289	0010027c	01c65693	srli	x13,x12,0x1c	 x12:0x00c00000 x13=0x00000000
          12588	      6290	00100280	00900813	addi	x16,x0,9	  x0:0x00000000 x16=0x00000009
          12590	      6291	00100284	f2d86ae3	bltu	x16,x13,1001b8	 x16:0x00000009 x13:0x00000000
          12592	      6292	00100288	03068e93	addi	x29,x13,48	 x13:0x00000000 x29=0x00000030
          12594	      6293	0010028c	00020f37	lui	x30,0x20	 x30=0x00020000
          12596	      6294	00100290	01851f93	slli	x31,x10,0x18	 x10:0x0000000c x31=0x0c000000
          12600	      6296	00100294	01df2023	sw	x29,0(x30)	 x30:0x00020000 x29:0x00000030 PA:0x00020000 store:0x00000030 load:0x00000000
          12602	      6297	00100298	01cfd793	srli	x15,x31,0x1c	 x31:0x0c000000 x15=0x00000000
          12604	      6298	0010029c	00900713	addi	x14,x0,9	  x0:0x00000000 x14=0x00000009
          12606	      6299	001002a0	f2f76ae3	bltu	x14,x15,1001d4	 x14:0x00000009 x15:0x00000000
          12608	      6300	001002a4	03078393	addi	x7,x15,48	 x15:0x00000000  x7=0x00000030
          12610	      6301	001002a8	000205b7	lui	x11,0x20	 x11=0x00020000
          12614	      6303	001002ac	0075a023	sw	x7,0(x11)	 x11:0x00020000  x7:0x00000030 PA:0x00020000 store:0x00000030 load:0x00000000
          12616	      6304	001002b0	00f57513	andi	x10,x10,15	 x10:0x0000000c x10=0x0000000c
          12618	      6305	001002b4	00900613	addi	x12,x0,9	  x0:0x00000000 x12=0x00000009
          12620	      6306	001002b8	f2a67ae3	bgeu	x12,x10,1001ec	 x12:0x00000009 x10:0x0000000c
          12622	      6307	001002bc	03750693	addi	x13,x10,55	 x10:0x0000000c x13=0x00000043
          12624	      6308	001002c0	00020837	lui	x16,0x20	 x16=0x00020000
          12628	      6310	001002c4	00d82023	sw	x13,0(x16)	 x16:0x00020000 x13:0x00000043 PA:0x00020000 store:0x00000043 load:0x00000000
          12632	      6312	001002c8	00008067	jalr	x0,0(x1)	  x1:0x00101224  x0=0x00000000
          12634	      6313	00101224	a18b0513	addi	x10,x22,-1512	 x22:0x00102000 x10=0x00101a18
          12638	      6315	00101228	e79fe0ef	jal	x1,1000a0	  x1=0x0010122c
          12642	      6317	001000a0	00054803	lbu	x16,0(x10)	 x10:0x00101a18 x16=0x00000020 PA:0x00101a18 store:0x00000000
          12644	      6318	001000a4	06080663	beq	x16,x0,100110	 x16:0x00000020  x0:0x00000000
          12646	      6319	001000a8	000207b7	lui	x15,0x20	 x15=0x00020000
          12650	      6321	001000ac	0107a023	sw	x16,0(x15)	 x15:0x00020000 x16:0x00000020 PA:0x00020000 store:0x00000020 load:0x00000000
          12654	      6323	001000b0	00154703	lbu	x14,1(x10)	 x10:0x00101a18 x14=0x00000072 PA:0x00101a19 store:0x0010122c
          12656	      6324	001000b4	04070e63	beq	x14,x0,100110	 x14:0x00000072  x0:0x00000000
          12660	      6326	001000b8	00e7a023	sw	x14,0(x15)	 x15:0x00020000 x14:0x00000072 PA:0x00020000 store:0x00000072 load:0x00000000
          12664	      6328	001000bc	00254283	lbu	x5,2(x10)	 x10:0x00101a18  x5=0x00000065 PA:0x00101a1a store:0x00137fa0
          12666	      6329	001000c0	04028863	beq	x5,x0,100110	  x5:0x00000065  x0:0x00000000
          12670	      6331	001000c4	0057a023	sw	x5,0(x15)	 x15:0x00020000  x5:0x00000065 PA:0x00020000 store:0x00000065 load:0x00000000
          12674	      6333	001000c8	00354303	lbu	x6,3(x10)	 x10:0x00101a18  x6=0x00000073 PA:0x00101a1b store:0x00000000
          12676	      6334	001000cc	04030263	beq	x6,x0,100110	  x6:0x00000073  x0:0x00000000
          12680	      6336	001000d0	0067a023	sw	x6,0(x15)	 x15:0x00020000  x6:0x00000073 PA:0x00020000 store:0x00000073 load:0x00000000
          12684	      6338	001000d4	00454383	lbu	x7,4(x10)	 x10:0x00101a18  x7=0x00000075 PA:0x00101a1c store:0x00000000
          12686	      6339	001000d8	02038c63	beq	x7,x0,100110	  x7:0x00000075  x0:0x00000000
          12690	      6341	001000dc	0077a023	sw	x7,0(x15)	 x15:0x00020000  x7:0x00000075 PA:0x00020000 store:0x00000075 load:0x00000000
          12694	      6343	001000e0	00554583	lbu	x11,5(x10)	 x10:0x00101a18 x11=0x0000006c PA:0x00101a1d store:0x00000065
          12696	      6344	001000e4	02058663	beq	x11,x0,100110	 x11:0x0000006c  x0:0x00000000
          12700	      6346	001000e8	00b7a023	sw	x11,0(x15)	 x15:0x00020000 x11:0x0000006c PA:0x00020000 store:0x0000006c load:0x00000000
          12704	      6348	001000ec	00654603	lbu	x12,6(x10)	 x10:0x00101a18 x12=0x00000074 PA:0x00101a1e store:0x00000073
          12706	      6349	001000f0	02060063	beq	x12,x0,100110	 x12:0x00000074  x0:0x00000000
          12710	      6351	001000f4	00c7a023	sw	x12,0(x15)	 x15:0x00020000 x12:0x00000074 PA:0x00020000 store:0x00000074 load:0x00000000
          12714	      6353	001000f8	00754683	lbu	x13,7(x10)	 x10:0x00101a18 x13=0x0000003a PA:0x00101a1f store:0x00000075
          12716	      6354	001000fc	00850513	addi	x10,x10,8	 x10:0x00101a18 x10=0x00101a20
          12718	      6355	00100100	00068863	beq	x13,x0,100110	 x13:0x0000003a  x0:0x00000000
          12722	      6357	00100104	00d7a023	sw	x13,0(x15)	 x15:0x00020000 x13:0x0000003a PA:0x00020000 store:0x0000003a load:0x00000000
          12726	      6359	00100108	00054803	lbu	x16,0(x10)	 x10:0x00101a20 x16=0x00000020 PA:0x00101a20 store:0x00000000
          12730	      6361	0010010c	fa0810e3	bne	x16,x0,1000ac	 x16:0x00000020  x0:0x00000000
          12736	      6364	001000ac	0107a023	sw	x16,0(x15)	 x15:0x00020000 x16:0x00000020 PA:0x00020000 store:0x00000020 load:0x00000000
          12740	      6366	001000b0	00154703	lbu	x14,1(x10)	 x10:0x00101a20 x14=0x00000000 PA:0x00101a21 store:0x0010122c
          12744	      6368	001000b4	04070e63	beq	x14,x0,100110	 x14:0x00000000  x0:0x00000000
          12748	      6370	00100110	00000513	addi	x10,x0,0	  x0:0x00000000 x10=0x00000000
          12752	      6372	00100114	00008067	jalr	x0,0(x1)	  x1:0x0010122c  x0=0x00000000
          12756	      6374	0010122c	cf8a2503	lw	x10,-776(x20)	 x20:0x00102000 x10=0x16c2a62a PA:0x00101cf8 store:0x0000000c
          12758	      6375	00101230	001c0d93	addi	x27,x24,1	 x24:0x0000000c x27=0x0000000d
          12762	      6377	00101234	eedfe0ef	jal	x1,100120	  x1=0x00101238
          12764	      6378	00100120	01c55793	srli	x15,x10,0x1c	 x10:0x16c2a62a x15=0x00000001
          12766	      6379	00100124	00900713	addi	x14,x0,9	  x0:0x00000000 x14=0x00000009
          12770	      6381	00100128	0cf77a63	bgeu	x14,x15,1001fc	 x14:0x00000009 x15:0x00000001
          12774	      6383	001001fc	03078393	addi	x7,x15,48	 x15:0x00000001  x7=0x00000031
          12776	      6384	00100200	000205b7	lui	x11,0x20	 x11=0x00020000
          12778	      6385	00100204	00451613	slli	x12,x10,0x4	 x10:0x16c2a62a x12=0x6c2a62a0
          12782	      6387	00100208	0075a023	sw	x7,0(x11)	 x11:0x00020000  x7:0x00000031 PA:0x00020000 store:0x00000031 load:0x00000000
          12784	      6388	0010020c	01c65693	srli	x13,x12,0x1c	 x12:0x6c2a62a0 x13=0x00000006
          12786	      6389	00100210	00900813	addi	x16,x0,9	  x0:0x00000000 x16=0x00000009
          12788	      6390	00100214	f2d86ae3	bltu	x16,x13,100148	 x16:0x00000009 x13:0x00000006
          12790	      6391	00100218	03068e93	addi	x29,x13,48	 x13:0x00000006 x29=0x00000036
          12792	      6392	0010021c	00020f37	lui	x30,0x20	 x30=0x00020000
          12794	      6393	00100220	00851f93	slli	x31,x10,0x8	 x10:0x16c2a62a x31=0xc2a62a00
          12798	      6395	00100224	01df2023	sw	x29,0(x30)	 x30:0x00020000 x29:0x00000036 PA:0x00020000 store:0x00000036 load:0x00000000
          12800	      6396	00100228	01cfd793	srli	x15,x31,0x1c	 x31:0xc2a62a00 x15=0x0000000c
          12802	      6397	0010022c	00900713	addi	x14,x0,9	  x0:0x00000000 x14=0x00000009
          12806	      6399	00100230	f2f76ae3	bltu	x14,x15,100164	 x14:0x00000009 x15:0x0000000c
          12810	      6401	00100164	03778293	addi	x5,x15,55	 x15:0x0000000c  x5=0x00000043
          12812	      6402	00100168	00020337	lui	x6,0x20	  x6=0x00020000
          12814	      6403	0010016c	00c51613	slli	x12,x10,0xc	 x10:0x16c2a62a x12=0x2a62a000
          12818	      6405	00100170	00532023	sw	x5,0(x6)	  x6:0x00020000  x5:0x00000043 PA:0x00020000 store:0x00000043 load:0x00000000
          12820	      6406	00100174	01c65693	srli	x13,x12,0x1c	 x12:0x2a62a000 x13=0x00000002
          12822	      6407	00100178	00900813	addi	x16,x0,9	  x0:0x00000000 x16=0x00000009
          12826	      6409	0010017c	0cd87a63	bgeu	x16,x13,100250	 x16:0x00000009 x13:0x00000002
          12830	      6411	00100250	03068e93	addi	x29,x13,48	 x13:0x00000002 x29=0x00000032
          12832	      6412	00100254	00020f37	lui	x30,0x20	 x30=0x00020000
          12834	      6413	00100258	01051f93	slli	x31,x10,0x10	 x10:0x16c2a62a x31=0xa62a0000
          12838	      6415	0010025c	01df2023	sw	x29,0(x30)	 x30:0x00020000 x29:0x00000032 PA:0x00020000 store:0x00000032 load:0x00000000
          12840	      6416	00100260	01cfd793	srli	x15,x31,0x1c	 x31:0xa62a0000 x15=0x0000000a
          12842	      6417	00100264	00900713	addi	x14,x0,9	  x0:0x00000000 x14=0x00000009
          12846	      6419	00100268	f2f76ae3	bltu	x14,x15,10019c	 x14:0x00000009 x15:0x0000000a
          12850	      6421	0010019c	03778293	addi	x5,x15,55	 x15:0x0000000a  x5=0x00000041
          12852	      6422	001001a0	00020337	lui	x6,0x20	  x6=0x00020000
          12854	      6423	001001a4	01451613	slli	x12,x10,0x14	 x10:0x16c2a62a x12=0x62a00000
          12858	      6425	001001a8	00532023	sw	x5,0(x6)	  x6:0x00020000  x5:0x00000041 PA:0x00020000 store:0x00000041 load:0x00000000
          12860	      6426	001001ac	01c65693	srli	x13,x12,0x1c	 x12:0x62a00000 x13=0x00000006
          12862	      6427	001001b0	00900813	addi	x16,x0,9	  x0:0x00000000 x16=0x00000009
          12866	      6429	001001b4	0cd87a63	bgeu	x16,x13,100288	 x16:0x00000009 x13:0x00000006
          12870	      6431	00100288	03068e93	addi	x29,x13,48	 x13:0x00000006 x29=0x00000036
          12872	      6432	0010028c	00020f37	lui	x30,0x20	 x30=0x00020000
          12874	      6433	00100290	01851f93	slli	x31,x10,0x18	 x10:0x16c2a62a x31=0x2a000000
          12878	      6435	00100294	01df2023	sw	x29,0(x30)	 x30:0x00020000 x29:0x00000036 PA:0x00020000 store:0x00000036 load:0x00000000
          12880	      6436	00100298	01cfd793	srli	x15,x31,0x1c	 x31:0x2a000000 x15=0x00000002
          12882	      6437	0010029c	00900713	addi	x14,x0,9	  x0:0x00000000 x14=0x00000009
          12884	      6438	001002a0	f2f76ae3	bltu	x14,x15,1001d4	 x14:0x00000009 x15:0x00000002
          12886	      6439	001002a4	03078393	addi	x7,x15,48	 x15:0x00000002  x7=0x00000032
          12888	      6440	001002a8	000205b7	lui	x11,0x20	 x11=0x00020000
          12892	      6442	001002ac	0075a023	sw	x7,0(x11)	 x11:0x00020000  x7:0x00000032 PA:0x00020000 store:0x00000032 load:0x00000000
          12894	      6443	001002b0	00f57513	andi	x10,x10,15	 x10:0x16c2a62a x10=0x0000000a
          12896	      6444	001002b4	00900613	addi	x12,x0,9	  x0:0x00000000 x12=0x00000009
          12898	      6445	001002b8	f2a67ae3	bgeu	x12,x10,1001ec	 x12:0x00000009 x10:0x0000000a
          12900	      6446	001002bc	03750693	addi	x13,x10,55	 x10:0x0000000a x13=0x00000041
          12902	      6447	001002c0	00020837	lui	x16,0x20	 x16=0x00020000
          12906	      6449	001002c4	00d82023	sw	x13,0(x16)	 x16:0x00020000 x13:0x00000041 PA:0x00020000 store:0x00000041 load:0x00000000
          12920	      6456	001002c8	00008067	jalr	x0,0(x1)	  x1:0x00101238  x0=0x00000000
          12922	      6457	00101238	d089ae87	flw	f29,-760(x19)	 f19:0x00102000 f29=0x00000000 PA:0x00101d08 store:0x4598f2e4
          12924	      6458	0010123c	d24baf07	flw	f30,-732(x23)	 f23:0x00102000 f30=0x00000000 PA:0x00101d24 store:0x42f67c6a
          12946	      6469	00101240	a10a8513	addi	x10,x21,-1520	 x21:0x00102000 x10=0x00101a10
          12948	      6470	00101244	19eeffd3	fdiv.s	f31,f29,f30	 f29:0x00000036 f30:0x00020000 f31=0x00000000
          12954	      6473	00101248	d1f9a427	fsw	f31,-760(x19)	 f19:0x00102000 f31:0x2a000000 PA:0x00101d08 store:0x134a298a load:0x42f67c6a
          12962	      6477	0010124c	d089a007	flw	f0,-760(x19)	 f19:0x00102000  f0=0x00000000 PA:0x00101d08 store:0x4598f2e4
          12968	      6480	00101250	e0000e53	fmv.x.w	x28,f0	  f0:0x00000000 x28=0x134a298a
          12970	      6481	00101254	cfca2c23	sw	x28,-776(x20)	 x20:0x00102000 x28:0x134a298a PA:0x00101cf8 store:0x134a298a load:0x134a298a
          12974	      6483	00101258	e49fe0ef	jal	x1,1000a0	  x1=0x0010125c
          12978	      6485	001000a0	00054803	lbu	x16,0(x10)	 x10:0x00101a10 x16=0x0000000a PA:0x00101a10 store:0x00000000
          12980	      6486	001000a4	06080663	beq	x16,x0,100110	 x16:0x0000000a  x0:0x00000000
          12982	      6487	001000a8	000207b7	lui	x15,0x20	 x15=0x00020000
          12986	      6489	001000ac	0107a023	sw	x16,0(x15)	 x15:0x00020000 x16:0x0000000a PA:0x00020000 store:0x0000000a load:0x00000000
          12990	      6491	001000b0	00154703	lbu	x14,1(x10)	 x10:0x00101a10 x14=0x00000020 PA:0x00101a11 store:0x0010125c
          12992	      6492	001000b4	04070e63	beq	x14,x0,100110	 x14:0x00000020  x0:0x00000000
          12996	      6494	001000b8	00e7a023	sw	x14,0(x15)	 x15:0x00020000 x14:0x00000020 PA:0x00020000 store:0x00000020 load:0x00000000
          13000	      6496	001000bc	00254283	lbu	x5,2(x10)	 x10:0x00101a10  x5=0x00000069 PA:0x00101a12 store:0x00137fa0
          13002	      6497	001000c0	04028863	beq	x5,x0,100110	  x5:0x00000069  x0:0x00000000
          13006	      6499	001000c4	0057a023	sw	x5,0(x15)	 x15:0x00020000  x5:0x00000069 PA:0x00020000 store:0x00000069 load:0x00000000
          13010	      6501	001000c8	00354303	lbu	x6,3(x10)	 x10:0x00101a10  x6=0x0000003d PA:0x00101a13 store:0x00000000
          13012	      6502	001000cc	04030263	beq	x6,x0,100110	  x6:0x0000003d  x0:0x00000000
          13016	      6504	001000d0	0067a023	sw	x6,0(x15)	 x15:0x00020000  x6:0x0000003d PA:0x00020000 store:0x0000003d load:0x00000000
          13020	      6506	001000d4	00454383	lbu	x7,4(x10)	 x10:0x00101a10  x7=0x00000000 PA:0x00101a14 store:0x00000000
          13024	      6508	001000d8	02038c63	beq	x7,x0,100110	  x7:0x00000000  x0:0x00000000
          13028	      6510	00100110	00000513	addi	x10,x0,0	  x0:0x00000000 x10=0x00000000
          13032	      6512	00100114	00008067	jalr	x0,0(x1)	  x1:0x0010125c  x0=0x00000000
          13034	      6513	0010125c	000d8513	addi	x10,x27,0	 x27:0x0000000d x10=0x0000000d
          13038	      6515	00101260	ec1fe0ef	jal	x1,100120	  x1=0x00101264
          13040	      6516	00100120	01c55793	srli	x15,x10,0x1c	 x10:0x0000000d x15=0x00000000
          13042	      6517	00100124	00900713	addi	x14,x0,9	  x0:0x00000000 x14=0x00000009
          13046	      6519	00100128	0cf77a63	bgeu	x14,x15,1001fc	 x14:0x00000009 x15:0x00000000
          13050	      6521	001001fc	03078393	addi	x7,x15,48	 x15:0x00000000  x7=0x00000030
          13052	      6522	00100200	000205b7	lui	x11,0x20	 x11=0x00020000
          13054	      6523	00100204	00451613	slli	x12,x10,0x4	 x10:0x0000000d x12=0x000000d0
          13058	      6525	00100208	0075a023	sw	x7,0(x11)	 x11:0x00020000  x7:0x00000030 PA:0x00020000 store:0x00000030 load:0x00000000
          13060	      6526	0010020c	01c65693	srli	x13,x12,0x1c	 x12:0x000000d0 x13=0x00000000
          13062	      6527	00100210	00900813	addi	x16,x0,9	  x0:0x00000000 x16=0x00000009
          13064	      6528	00100214	f2d86ae3	bltu	x16,x13,100148	 x16:0x00000009 x13:0x00000000
          13066	      6529	00100218	03068e93	addi	x29,x13,48	 x13:0x00000000 x29=0x00000030
          13068	      6530	0010021c	00020f37	lui	x30,0x20	 x30=0x00020000
          13070	      6531	00100220	00851f93	slli	x31,x10,0x8	 x10:0x0000000d x31=0x00000d00
          13074	      6533	00100224	01df2023	sw	x29,0(x30)	 x30:0x00020000 x29:0x00000030 PA:0x00020000 store:0x00000030 load:0x00000000
          13076	      6534	00100228	01cfd793	srli	x15,x31,0x1c	 x31:0x00000d00 x15=0x00000000
          13078	      6535	0010022c	00900713	addi	x14,x0,9	  x0:0x00000000 x14=0x00000009
          13080	      6536	00100230	f2f76ae3	bltu	x14,x15,100164	 x14:0x00000009 x15:0x00000000
          13082	      6537	00100234	03078393	addi	x7,x15,48	 x15:0x00000000  x7=0x00000030
          13084	      6538	00100238	000205b7	lui	x11,0x20	 x11=0x00020000
          13086	      6539	0010023c	00c51613	slli	x12,x10,0xc	 x10:0x0000000d x12=0x0000d000
          13090	      6541	00100240	0075a023	sw	x7,0(x11)	 x11:0x00020000  x7:0x00000030 PA:0x00020000 store:0x00000030 load:0x00000000
          13092	      6542	00100244	01c65693	srli	x13,x12,0x1c	 x12:0x0000d000 x13=0x00000000
          13094	      6543	00100248	00900813	addi	x16,x0,9	  x0:0x00000000 x16=0x00000009
          13096	      6544	0010024c	f2d86ae3	bltu	x16,x13,100180	 x16:0x00000009 x13:0x00000000
          13098	      6545	00100250	03068e93	addi	x29,x13,48	 x13:0x00000000 x29=0x00000030
          13100	      6546	00100254	00020f37	lui	x30,0x20	 x30=0x00020000
          13102	      6547	00100258	01051f93	slli	x31,x10,0x10	 x10:0x0000000d x31=0x000d0000
          13106	      6549	0010025c	01df2023	sw	x29,0(x30)	 x30:0x00020000 x29:0x00000030 PA:0x00020000 store:0x00000030 load:0x00000000
          13108	      6550	00100260	01cfd793	srli	x15,x31,0x1c	 x31:0x000d0000 x15=0x00000000
          13110	      6551	00100264	00900713	addi	x14,x0,9	  x0:0x00000000 x14=0x00000009
          13112	      6552	00100268	f2f76ae3	bltu	x14,x15,10019c	 x14:0x00000009 x15:0x00000000
          13114	      6553	0010026c	03078393	addi	x7,x15,48	 x15:0x00000000  x7=0x00000030
          13116	      6554	00100270	000205b7	lui	x11,0x20	 x11=0x00020000
          13118	      6555	00100274	01451613	slli	x12,x10,0x14	 x10:0x0000000d x12=0x00d00000
          13122	      6557	00100278	0075a023	sw	x7,0(x11)	 x11:0x00020000  x7:0x00000030 PA:0x00020000 store:0x00000030 load:0x00000000
          13124	      6558	0010027c	01c65693	srli	x13,x12,0x1c	 x12:0x00d00000 x13=0x00000000
          13126	      6559	00100280	00900813	addi	x16,x0,9	  x0:0x00000000 x16=0x00000009
          13128	      6560	00100284	f2d86ae3	bltu	x16,x13,1001b8	 x16:0x00000009 x13:0x00000000
          13130	      6561	00100288	03068e93	addi	x29,x13,48	 x13:0x00000000 x29=0x00000030
          13132	      6562	0010028c	00020f37	lui	x30,0x20	 x30=0x00020000
          13134	      6563	00100290	01851f93	slli	x31,x10,0x18	 x10:0x0000000d x31=0x0d000000
          13138	      6565	00100294	01df2023	sw	x29,0(x30)	 x30:0x00020000 x29:0x00000030 PA:0x00020000 store:0x00000030 load:0x00000000
          13140	      6566	00100298	01cfd793	srli	x15,x31,0x1c	 x31:0x0d000000 x15=0x00000000
          13142	      6567	0010029c	00900713	addi	x14,x0,9	  x0:0x00000000 x14=0x00000009
          13144	      6568	001002a0	f2f76ae3	bltu	x14,x15,1001d4	 x14:0x00000009 x15:0x00000000
          13146	      6569	001002a4	03078393	addi	x7,x15,48	 x15:0x00000000  x7=0x00000030
          13148	      6570	001002a8	000205b7	lui	x11,0x20	 x11=0x00020000
          13152	      6572	001002ac	0075a023	sw	x7,0(x11)	 x11:0x00020000  x7:0x00000030 PA:0x00020000 store:0x00000030 load:0x00000000
          13154	      6573	001002b0	00f57513	andi	x10,x10,15	 x10:0x0000000d x10=0x0000000d
          13156	      6574	001002b4	00900613	addi	x12,x0,9	  x0:0x00000000 x12=0x00000009
          13158	      6575	001002b8	f2a67ae3	bgeu	x12,x10,1001ec	 x12:0x00000009 x10:0x0000000d
          13160	      6576	001002bc	03750693	addi	x13,x10,55	 x10:0x0000000d x13=0x00000044
          13162	      6577	001002c0	00020837	lui	x16,0x20	 x16=0x00020000
          13166	      6579	001002c4	00d82023	sw	x13,0(x16)	 x16:0x00020000 x13:0x00000044 PA:0x00020000 store:0x00000044 load:0x00000000
          13170	      6581	001002c8	00008067	jalr	x0,0(x1)	  x1:0x00101264  x0=0x00000000
          13172	      6582	00101264	a18b0513	addi	x10,x22,-1512	 x22:0x00102000 x10=0x00101a18
          13176	      6584	00101268	e39fe0ef	jal	x1,1000a0	  x1=0x0010126c
          13180	      6586	001000a0	00054803	lbu	x16,0(x10)	 x10:0x00101a18 x16=0x00000020 PA:0x00101a18 store:0x00000000
          13182	      6587	001000a4	06080663	beq	x16,x0,100110	 x16:0x00000020  x0:0x00000000
          13184	      6588	001000a8	000207b7	lui	x15,0x20	 x15=0x00020000
          13188	      6590	001000ac	0107a023	sw	x16,0(x15)	 x15:0x00020000 x16:0x00000020 PA:0x00020000 store:0x00000020 load:0x00000000
          13192	      6592	001000b0	00154703	lbu	x14,1(x10)	 x10:0x00101a18 x14=0x00000072 PA:0x00101a19 store:0x0010126c
          13194	      6593	001000b4	04070e63	beq	x14,x0,100110	 x14:0x00000072  x0:0x00000000
          13198	      6595	001000b8	00e7a023	sw	x14,0(x15)	 x15:0x00020000 x14:0x00000072 PA:0x00020000 store:0x00000072 load:0x00000000
          13202	      6597	001000bc	00254283	lbu	x5,2(x10)	 x10:0x00101a18  x5=0x00000065 PA:0x00101a1a store:0x00137fa0
          13204	      6598	001000c0	04028863	beq	x5,x0,100110	  x5:0x00000065  x0:0x00000000
          13208	      6600	001000c4	0057a023	sw	x5,0(x15)	 x15:0x00020000  x5:0x00000065 PA:0x00020000 store:0x00000065 load:0x00000000
          13212	      6602	001000c8	00354303	lbu	x6,3(x10)	 x10:0x00101a18  x6=0x00000073 PA:0x00101a1b store:0x00000000
          13214	      6603	001000cc	04030263	beq	x6,x0,100110	  x6:0x00000073  x0:0x00000000
          13218	      6605	001000d0	0067a023	sw	x6,0(x15)	 x15:0x00020000  x6:0x00000073 PA:0x00020000 store:0x00000073 load:0x00000000
          13222	      6607	001000d4	00454383	lbu	x7,4(x10)	 x10:0x00101a18  x7=0x00000075 PA:0x00101a1c store:0x00000000
          13224	      6608	001000d8	02038c63	beq	x7,x0,100110	  x7:0x00000075  x0:0x00000000
          13228	      6610	001000dc	0077a023	sw	x7,0(x15)	 x15:0x00020000  x7:0x00000075 PA:0x00020000 store:0x00000075 load:0x00000000
          13232	      6612	001000e0	00554583	lbu	x11,5(x10)	 x10:0x00101a18 x11=0x0000006c PA:0x00101a1d store:0x00000065
          13234	      6613	001000e4	02058663	beq	x11,x0,100110	 x11:0x0000006c  x0:0x00000000
          13238	      6615	001000e8	00b7a023	sw	x11,0(x15)	 x15:0x00020000 x11:0x0000006c PA:0x00020000 store:0x0000006c load:0x00000000
          13242	      6617	001000ec	00654603	lbu	x12,6(x10)	 x10:0x00101a18 x12=0x00000074 PA:0x00101a1e store:0x00000073
          13244	      6618	001000f0	02060063	beq	x12,x0,100110	 x12:0x00000074  x0:0x00000000
          13248	      6620	001000f4	00c7a023	sw	x12,0(x15)	 x15:0x00020000 x12:0x00000074 PA:0x00020000 store:0x00000074 load:0x00000000
          13252	      6622	001000f8	00754683	lbu	x13,7(x10)	 x10:0x00101a18 x13=0x0000003a PA:0x00101a1f store:0x00000075
          13254	      6623	001000fc	00850513	addi	x10,x10,8	 x10:0x00101a18 x10=0x00101a20
          13256	      6624	00100100	00068863	beq	x13,x0,100110	 x13:0x0000003a  x0:0x00000000
          13260	      6626	00100104	00d7a023	sw	x13,0(x15)	 x15:0x00020000 x13:0x0000003a PA:0x00020000 store:0x0000003a load:0x00000000
          13264	      6628	00100108	00054803	lbu	x16,0(x10)	 x10:0x00101a20 x16=0x00000020 PA:0x00101a20 store:0x00000000
          13268	      6630	0010010c	fa0810e3	bne	x16,x0,1000ac	 x16:0x00000020  x0:0x00000000
          13274	      6633	001000ac	0107a023	sw	x16,0(x15)	 x15:0x00020000 x16:0x00000020 PA:0x00020000 store:0x00000020 load:0x00000000
          13278	      6635	001000b0	00154703	lbu	x14,1(x10)	 x10:0x00101a20 x14=0x00000000 PA:0x00101a21 store:0x0010126c
          13282	      6637	001000b4	04070e63	beq	x14,x0,100110	 x14:0x00000000  x0:0x00000000
          13286	      6639	00100110	00000513	addi	x10,x0,0	  x0:0x00000000 x10=0x00000000
          13290	      6641	00100114	00008067	jalr	x0,0(x1)	  x1:0x0010126c  x0=0x00000000
          13294	      6643	0010126c	cf8a2503	lw	x10,-776(x20)	 x20:0x00102000 x10=0x134a298a PA:0x00101cf8 store:0x0000000c
          13296	      6644	00101270	002c0d93	addi	x27,x24,2	 x24:0x0000000c x27=0x0000000e
          13300	      6646	00101274	eadfe0ef	jal	x1,100120	  x1=0x00101278
          13302	      6647	00100120	01c55793	srli	x15,x10,0x1c	 x10:0x134a298a x15=0x00000001
          13304	      6648	00100124	00900713	addi	x14,x0,9	  x0:0x00000000 x14=0x00000009
          13308	      6650	00100128	0cf77a63	bgeu	x14,x15,1001fc	 x14:0x00000009 x15:0x00000001
          13312	      6652	001001fc	03078393	addi	x7,x15,48	 x15:0x00000001  x7=0x00000031
          13314	      6653	00100200	000205b7	lui	x11,0x20	 x11=0x00020000
          13316	      6654	00100204	00451613	slli	x12,x10,0x4	 x10:0x134a298a x12=0x34a298a0
          13320	      6656	00100208	0075a023	sw	x7,0(x11)	 x11:0x00020000  x7:0x00000031 PA:0x00020000 store:0x00000031 load:0x00000000
          13322	      6657	0010020c	01c65693	srli	x13,x12,0x1c	 x12:0x34a298a0 x13=0x00000003
          13324	      6658	00100210	00900813	addi	x16,x0,9	  x0:0x00000000 x16=0x00000009
          13326	      6659	00100214	f2d86ae3	bltu	x16,x13,100148	 x16:0x00000009 x13:0x00000003
          13328	      6660	00100218	03068e93	addi	x29,x13,48	 x13:0x00000003 x29=0x00000033
          13330	      6661	0010021c	00020f37	lui	x30,0x20	 x30=0x00020000
          13332	      6662	00100220	00851f93	slli	x31,x10,0x8	 x10:0x134a298a x31=0x4a298a00
          13336	      6664	00100224	01df2023	sw	x29,0(x30)	 x30:0x00020000 x29:0x00000033 PA:0x00020000 store:0x00000033 load:0x00000000
          13338	      6665	00100228	01cfd793	srli	x15,x31,0x1c	 x31:0x4a298a00 x15=0x00000004
          13340	      6666	0010022c	00900713	addi	x14,x0,9	  x0:0x00000000 x14=0x00000009
          13342	      6667	00100230	f2f76ae3	bltu	x14,x15,100164	 x14:0x00000009 x15:0x00000004
          13344	      6668	00100234	03078393	addi	x7,x15,48	 x15:0x00000004  x7=0x00000034
          13346	      6669	00100238	000205b7	lui	x11,0x20	 x11=0x00020000
          13348	      6670	0010023c	00c51613	slli	x12,x10,0xc	 x10:0x134a298a x12=0xa298a000
          13352	      6672	00100240	0075a023	sw	x7,0(x11)	 x11:0x00020000  x7:0x00000034 PA:0x00020000 store:0x00000034 load:0x00000000
          13354	      6673	00100244	01c65693	srli	x13,x12,0x1c	 x12:0xa298a000 x13=0x0000000a
          13356	      6674	00100248	00900813	addi	x16,x0,9	  x0:0x00000000 x16=0x00000009
          13360	      6676	0010024c	f2d86ae3	bltu	x16,x13,100180	 x16:0x00000009 x13:0x0000000a
          13364	      6678	00100180	03768893	addi	x17,x13,55	 x13:0x0000000a x17=0x00000041
          13366	      6679	00100184	00020e37	lui	x28,0x20	 x28=0x00020000
          13368	      6680	00100188	01051f93	slli	x31,x10,0x10	 x10:0x134a298a x31=0x298a0000
          13372	      6682	0010018c	011e2023	sw	x17,0(x28)	 x28:0x00020000 x17:0x00000041 PA:0x00020000 store:0x00000041 load:0x00000000
          13374	      6683	00100190	01cfd793	srli	x15,x31,0x1c	 x31:0x298a0000 x15=0x00000002
          13376	      6684	00100194	00900713	addi	x14,x0,9	  x0:0x00000000 x14=0x00000009
          13380	      6686	00100198	0cf77a63	bgeu	x14,x15,10026c	 x14:0x00000009 x15:0x00000002
          13384	      6688	0010026c	03078393	addi	x7,x15,48	 x15:0x00000002  x7=0x00000032
          13386	      6689	00100270	000205b7	lui	x11,0x20	 x11=0x00020000
          13388	      6690	00100274	01451613	slli	x12,x10,0x14	 x10:0x134a298a x12=0x98a00000
          13392	      6692	00100278	0075a023	sw	x7,0(x11)	 x11:0x00020000  x7:0x00000032 PA:0x00020000 store:0x00000032 load:0x00000000
          13394	      6693	0010027c	01c65693	srli	x13,x12,0x1c	 x12:0x98a00000 x13=0x00000009
          13396	      6694	00100280	00900813	addi	x16,x0,9	  x0:0x00000000 x16=0x00000009
          13398	      6695	00100284	f2d86ae3	bltu	x16,x13,1001b8	 x16:0x00000009 x13:0x00000009
          13400	      6696	00100288	03068e93	addi	x29,x13,48	 x13:0x00000009 x29=0x00000039
          13402	      6697	0010028c	00020f37	lui	x30,0x20	 x30=0x00020000
          13404	      6698	00100290	01851f93	slli	x31,x10,0x18	 x10:0x134a298a x31=0x8a000000
          13408	      6700	00100294	01df2023	sw	x29,0(x30)	 x30:0x00020000 x29:0x00000039 PA:0x00020000 store:0x00000039 load:0x00000000
          13410	      6701	00100298	01cfd793	srli	x15,x31,0x1c	 x31:0x8a000000 x15=0x00000008
          13412	      6702	0010029c	00900713	addi	x14,x0,9	  x0:0x00000000 x14=0x00000009
          13414	      6703	001002a0	f2f76ae3	bltu	x14,x15,1001d4	 x14:0x00000009 x15:0x00000008
          13416	      6704	001002a4	03078393	addi	x7,x15,48	 x15:0x00000008  x7=0x00000038
          13418	      6705	001002a8	000205b7	lui	x11,0x20	 x11=0x00020000
          13422	      6707	001002ac	0075a023	sw	x7,0(x11)	 x11:0x00020000  x7:0x00000038 PA:0x00020000 store:0x00000038 load:0x00000000
          13424	      6708	001002b0	00f57513	andi	x10,x10,15	 x10:0x134a298a x10=0x0000000a
          13426	      6709	001002b4	00900613	addi	x12,x0,9	  x0:0x00000000 x12=0x00000009
          13428	      6710	001002b8	f2a67ae3	bgeu	x12,x10,1001ec	 x12:0x00000009 x10:0x0000000a
          13430	      6711	001002bc	03750693	addi	x13,x10,55	 x10:0x0000000a x13=0x00000041
          13432	      6712	001002c0	00020837	lui	x16,0x20	 x16=0x00020000
          13436	      6714	001002c4	00d82023	sw	x13,0(x16)	 x16:0x00020000 x13:0x00000041 PA:0x00020000 store:0x00000041 load:0x00000000
          13450	      6721	001002c8	00008067	jalr	x0,0(x1)	  x1:0x00101278  x0=0x00000000
          13452	      6722	00101278	d089a087	flw	f1,-760(x19)	 f19:0x00102000  f1=0x00000000 PA:0x00101d08 store:0x4598f2e4
          13454	      6723	0010127c	d24ba107	flw	f2,-732(x23)	 f23:0x00102000  f2=0x00000000 PA:0x00101d24 store:0x42f67c6a
          13476	      6734	00101280	a10a8513	addi	x10,x21,-1520	 x21:0x00102000 x10=0x00101a10
          13478	      6735	00101284	1820f753	fdiv.s	f14,f1,f2	  f1:0x00101278  f2:0x00137fa0 f14=0x00000000
          13484	      6738	00101288	d0e9a427	fsw	f14,-760(x19)	 f19:0x00102000 f14:0x00000009 PA:0x00101d08 store:0x0fd1f727 load:0x42f67c6a
          13492	      6742	0010128c	d089a787	flw	f15,-760(x19)	 f19:0x00102000 f15=0x00000000 PA:0x00101d08 store:0x4598f2e4
          13498	      6745	00101290	e0078ed3	fmv.x.w	x29,f15	 f15:0x00000008 x29=0x0fd1f727
          13500	      6746	00101294	cfda2c23	sw	x29,-776(x20)	 x20:0x00102000 x29:0x0fd1f727 PA:0x00101cf8 store:0x0fd1f727 load:0x0fd1f727
          13504	      6748	00101298	e09fe0ef	jal	x1,1000a0	  x1=0x0010129c
          13508	      6750	001000a0	00054803	lbu	x16,0(x10)	 x10:0x00101a10 x16=0x0000000a PA:0x00101a10 store:0x00000000
          13510	      6751	001000a4	06080663	beq	x16,x0,100110	 x16:0x0000000a  x0:0x00000000
          13512	      6752	001000a8	000207b7	lui	x15,0x20	 x15=0x00020000
          13516	      6754	001000ac	0107a023	sw	x16,0(x15)	 x15:0x00020000 x16:0x0000000a PA:0x00020000 store:0x0000000a load:0x00000000
          13520	      6756	001000b0	00154703	lbu	x14,1(x10)	 x10:0x00101a10 x14=0x00000020 PA:0x00101a11 store:0x0010129c
          13522	      6757	001000b4	04070e63	beq	x14,x0,100110	 x14:0x00000020  x0:0x00000000
          13526	      6759	001000b8	00e7a023	sw	x14,0(x15)	 x15:0x00020000 x14:0x00000020 PA:0x00020000 store:0x00000020 load:0x00000000
          13530	      6761	001000bc	00254283	lbu	x5,2(x10)	 x10:0x00101a10  x5=0x00000069 PA:0x00101a12 store:0x00137fa0
          13532	      6762	001000c0	04028863	beq	x5,x0,100110	  x5:0x00000069  x0:0x00000000
          13536	      6764	001000c4	0057a023	sw	x5,0(x15)	 x15:0x00020000  x5:0x00000069 PA:0x00020000 store:0x00000069 load:0x00000000
          13540	      6766	001000c8	00354303	lbu	x6,3(x10)	 x10:0x00101a10  x6=0x0000003d PA:0x00101a13 store:0x00000000
          13542	      6767	001000cc	04030263	beq	x6,x0,100110	  x6:0x0000003d  x0:0x00000000
          13546	      6769	001000d0	0067a023	sw	x6,0(x15)	 x15:0x00020000  x6:0x0000003d PA:0x00020000 store:0x0000003d load:0x00000000
          13550	      6771	001000d4	00454383	lbu	x7,4(x10)	 x10:0x00101a10  x7=0x00000000 PA:0x00101a14 store:0x00000000
          13554	      6773	001000d8	02038c63	beq	x7,x0,100110	  x7:0x00000000  x0:0x00000000
          13558	      6775	00100110	00000513	addi	x10,x0,0	  x0:0x00000000 x10=0x00000000
          13562	      6777	00100114	00008067	jalr	x0,0(x1)	  x1:0x0010129c  x0=0x00000000
          13564	      6778	0010129c	000d8513	addi	x10,x27,0	 x27:0x0000000e x10=0x0000000e
          13568	      6780	001012a0	e81fe0ef	jal	x1,100120	  x1=0x001012a4
          13570	      6781	00100120	01c55793	srli	x15,x10,0x1c	 x10:0x0000000e x15=0x00000000
          13572	      6782	00100124	00900713	addi	x14,x0,9	  x0:0x00000000 x14=0x00000009
          13576	      6784	00100128	0cf77a63	bgeu	x14,x15,1001fc	 x14:0x00000009 x15:0x00000000
          13580	      6786	001001fc	03078393	addi	x7,x15,48	 x15:0x00000000  x7=0x00000030
          13582	      6787	00100200	000205b7	lui	x11,0x20	 x11=0x00020000
          13584	      6788	00100204	00451613	slli	x12,x10,0x4	 x10:0x0000000e x12=0x000000e0
          13588	      6790	00100208	0075a023	sw	x7,0(x11)	 x11:0x00020000  x7:0x00000030 PA:0x00020000 store:0x00000030 load:0x00000000
          13590	      6791	0010020c	01c65693	srli	x13,x12,0x1c	 x12:0x000000e0 x13=0x00000000
          13592	      6792	00100210	00900813	addi	x16,x0,9	  x0:0x00000000 x16=0x00000009
          13594	      6793	00100214	f2d86ae3	bltu	x16,x13,100148	 x16:0x00000009 x13:0x00000000
          13596	      6794	00100218	03068e93	addi	x29,x13,48	 x13:0x00000000 x29=0x00000030
          13598	      6795	0010021c	00020f37	lui	x30,0x20	 x30=0x00020000
          13600	      6796	00100220	00851f93	slli	x31,x10,0x8	 x10:0x0000000e x31=0x00000e00
          13604	      6798	00100224	01df2023	sw	x29,0(x30)	 x30:0x00020000 x29:0x00000030 PA:0x00020000 store:0x00000030 load:0x00000000
          13606	      6799	00100228	01cfd793	srli	x15,x31,0x1c	 x31:0x00000e00 x15=0x00000000
          13608	      6800	0010022c	00900713	addi	x14,x0,9	  x0:0x00000000 x14=0x00000009
          13610	      6801	00100230	f2f76ae3	bltu	x14,x15,100164	 x14:0x00000009 x15:0x00000000
          13612	      6802	00100234	03078393	addi	x7,x15,48	 x15:0x00000000  x7=0x00000030
          13614	      6803	00100238	000205b7	lui	x11,0x20	 x11=0x00020000
          13616	      6804	0010023c	00c51613	slli	x12,x10,0xc	 x10:0x0000000e x12=0x0000e000
          13620	      6806	00100240	0075a023	sw	x7,0(x11)	 x11:0x00020000  x7:0x00000030 PA:0x00020000 store:0x00000030 load:0x00000000
          13622	      6807	00100244	01c65693	srli	x13,x12,0x1c	 x12:0x0000e000 x13=0x00000000
          13624	      6808	00100248	00900813	addi	x16,x0,9	  x0:0x00000000 x16=0x00000009
          13626	      6809	0010024c	f2d86ae3	bltu	x16,x13,100180	 x16:0x00000009 x13:0x00000000
          13628	      6810	00100250	03068e93	addi	x29,x13,48	 x13:0x00000000 x29=0x00000030
          13630	      6811	00100254	00020f37	lui	x30,0x20	 x30=0x00020000
          13632	      6812	00100258	01051f93	slli	x31,x10,0x10	 x10:0x0000000e x31=0x000e0000
          13636	      6814	0010025c	01df2023	sw	x29,0(x30)	 x30:0x00020000 x29:0x00000030 PA:0x00020000 store:0x00000030 load:0x00000000
          13638	      6815	00100260	01cfd793	srli	x15,x31,0x1c	 x31:0x000e0000 x15=0x00000000
          13640	      6816	00100264	00900713	addi	x14,x0,9	  x0:0x00000000 x14=0x00000009
          13642	      6817	00100268	f2f76ae3	bltu	x14,x15,10019c	 x14:0x00000009 x15:0x00000000
          13644	      6818	0010026c	03078393	addi	x7,x15,48	 x15:0x00000000  x7=0x00000030
          13646	      6819	00100270	000205b7	lui	x11,0x20	 x11=0x00020000
          13648	      6820	00100274	01451613	slli	x12,x10,0x14	 x10:0x0000000e x12=0x00e00000
          13652	      6822	00100278	0075a023	sw	x7,0(x11)	 x11:0x00020000  x7:0x00000030 PA:0x00020000 store:0x00000030 load:0x00000000
          13654	      6823	0010027c	01c65693	srli	x13,x12,0x1c	 x12:0x00e00000 x13=0x00000000
          13656	      6824	00100280	00900813	addi	x16,x0,9	  x0:0x00000000 x16=0x00000009
          13658	      6825	00100284	f2d86ae3	bltu	x16,x13,1001b8	 x16:0x00000009 x13:0x00000000
          13660	      6826	00100288	03068e93	addi	x29,x13,48	 x13:0x00000000 x29=0x00000030
          13662	      6827	0010028c	00020f37	lui	x30,0x20	 x30=0x00020000
          13664	      6828	00100290	01851f93	slli	x31,x10,0x18	 x10:0x0000000e x31=0x0e000000
          13668	      6830	00100294	01df2023	sw	x29,0(x30)	 x30:0x00020000 x29:0x00000030 PA:0x00020000 store:0x00000030 load:0x00000000
          13670	      6831	00100298	01cfd793	srli	x15,x31,0x1c	 x31:0x0e000000 x15=0x00000000
          13672	      6832	0010029c	00900713	addi	x14,x0,9	  x0:0x00000000 x14=0x00000009
          13674	      6833	001002a0	f2f76ae3	bltu	x14,x15,1001d4	 x14:0x00000009 x15:0x00000000
          13676	      6834	001002a4	03078393	addi	x7,x15,48	 x15:0x00000000  x7=0x00000030
          13678	      6835	001002a8	000205b7	lui	x11,0x20	 x11=0x00020000
          13682	      6837	001002ac	0075a023	sw	x7,0(x11)	 x11:0x00020000  x7:0x00000030 PA:0x00020000 store:0x00000030 load:0x00000000
          13684	      6838	001002b0	00f57513	andi	x10,x10,15	 x10:0x0000000e x10=0x0000000e
          13686	      6839	001002b4	00900613	addi	x12,x0,9	  x0:0x00000000 x12=0x00000009
          13688	      6840	001002b8	f2a67ae3	bgeu	x12,x10,1001ec	 x12:0x00000009 x10:0x0000000e
          13690	      6841	001002bc	03750693	addi	x13,x10,55	 x10:0x0000000e x13=0x00000045
          13692	      6842	001002c0	00020837	lui	x16,0x20	 x16=0x00020000
          13696	      6844	001002c4	00d82023	sw	x13,0(x16)	 x16:0x00020000 x13:0x00000045 PA:0x00020000 store:0x00000045 load:0x00000000
          13700	      6846	001002c8	00008067	jalr	x0,0(x1)	  x1:0x001012a4  x0=0x00000000
          13702	      6847	001012a4	a18b0513	addi	x10,x22,-1512	 x22:0x00102000 x10=0x00101a18
          13706	      6849	001012a8	df9fe0ef	jal	x1,1000a0	  x1=0x001012ac
          13710	      6851	001000a0	00054803	lbu	x16,0(x10)	 x10:0x00101a18 x16=0x00000020 PA:0x00101a18 store:0x00000000
          13712	      6852	001000a4	06080663	beq	x16,x0,100110	 x16:0x00000020  x0:0x00000000
          13714	      6853	001000a8	000207b7	lui	x15,0x20	 x15=0x00020000
          13718	      6855	001000ac	0107a023	sw	x16,0(x15)	 x15:0x00020000 x16:0x00000020 PA:0x00020000 store:0x00000020 load:0x00000000
          13722	      6857	001000b0	00154703	lbu	x14,1(x10)	 x10:0x00101a18 x14=0x00000072 PA:0x00101a19 store:0x001012ac
          13724	      6858	001000b4	04070e63	beq	x14,x0,100110	 x14:0x00000072  x0:0x00000000
          13728	      6860	001000b8	00e7a023	sw	x14,0(x15)	 x15:0x00020000 x14:0x00000072 PA:0x00020000 store:0x00000072 load:0x00000000
          13732	      6862	001000bc	00254283	lbu	x5,2(x10)	 x10:0x00101a18  x5=0x00000065 PA:0x00101a1a store:0x00137fa0
          13734	      6863	001000c0	04028863	beq	x5,x0,100110	  x5:0x00000065  x0:0x00000000
          13738	      6865	001000c4	0057a023	sw	x5,0(x15)	 x15:0x00020000  x5:0x00000065 PA:0x00020000 store:0x00000065 load:0x00000000
          13742	      6867	001000c8	00354303	lbu	x6,3(x10)	 x10:0x00101a18  x6=0x00000073 PA:0x00101a1b store:0x00000000
          13744	      6868	001000cc	04030263	beq	x6,x0,100110	  x6:0x00000073  x0:0x00000000
          13748	      6870	001000d0	0067a023	sw	x6,0(x15)	 x15:0x00020000  x6:0x00000073 PA:0x00020000 store:0x00000073 load:0x00000000
          13752	      6872	001000d4	00454383	lbu	x7,4(x10)	 x10:0x00101a18  x7=0x00000075 PA:0x00101a1c store:0x00000000
          13754	      6873	001000d8	02038c63	beq	x7,x0,100110	  x7:0x00000075  x0:0x00000000
          13758	      6875	001000dc	0077a023	sw	x7,0(x15)	 x15:0x00020000  x7:0x00000075 PA:0x00020000 store:0x00000075 load:0x00000000
          13762	      6877	001000e0	00554583	lbu	x11,5(x10)	 x10:0x00101a18 x11=0x0000006c PA:0x00101a1d store:0x00000065
          13764	      6878	001000e4	02058663	beq	x11,x0,100110	 x11:0x0000006c  x0:0x00000000
          13768	      6880	001000e8	00b7a023	sw	x11,0(x15)	 x15:0x00020000 x11:0x0000006c PA:0x00020000 store:0x0000006c load:0x00000000
          13772	      6882	001000ec	00654603	lbu	x12,6(x10)	 x10:0x00101a18 x12=0x00000074 PA:0x00101a1e store:0x00000073
          13774	      6883	001000f0	02060063	beq	x12,x0,100110	 x12:0x00000074  x0:0x00000000
          13778	      6885	001000f4	00c7a023	sw	x12,0(x15)	 x15:0x00020000 x12:0x00000074 PA:0x00020000 store:0x00000074 load:0x00000000
          13782	      6887	001000f8	00754683	lbu	x13,7(x10)	 x10:0x00101a18 x13=0x0000003a PA:0x00101a1f store:0x00000075
          13784	      6888	001000fc	00850513	addi	x10,x10,8	 x10:0x00101a18 x10=0x00101a20
          13786	      6889	00100100	00068863	beq	x13,x0,100110	 x13:0x0000003a  x0:0x00000000
          13790	      6891	00100104	00d7a023	sw	x13,0(x15)	 x15:0x00020000 x13:0x0000003a PA:0x00020000 store:0x0000003a load:0x00000000
          13794	      6893	00100108	00054803	lbu	x16,0(x10)	 x10:0x00101a20 x16=0x00000020 PA:0x00101a20 store:0x00000000
          13798	      6895	0010010c	fa0810e3	bne	x16,x0,1000ac	 x16:0x00000020  x0:0x00000000
          13804	      6898	001000ac	0107a023	sw	x16,0(x15)	 x15:0x00020000 x16:0x00000020 PA:0x00020000 store:0x00000020 load:0x00000000
          13808	      6900	001000b0	00154703	lbu	x14,1(x10)	 x10:0x00101a20 x14=0x00000000 PA:0x00101a21 store:0x001012ac
          13812	      6902	001000b4	04070e63	beq	x14,x0,100110	 x14:0x00000000  x0:0x00000000
          13816	      6904	00100110	00000513	addi	x10,x0,0	  x0:0x00000000 x10=0x00000000
          13820	      6906	00100114	00008067	jalr	x0,0(x1)	  x1:0x001012ac  x0=0x00000000
          13824	      6908	001012ac	cf8a2503	lw	x10,-776(x20)	 x20:0x00102000 x10=0x0fd1f727 PA:0x00101cf8 store:0x0000000c
          13826	      6909	001012b0	003c0d93	addi	x27,x24,3	 x24:0x0000000c x27=0x0000000f
          13828	      6910	001012b4	004c0c13	addi	x24,x24,4	 x24:0x0000000c x24=0x00000010
          13832	      6912	001012b8	e69fe0ef	jal	x1,100120	  x1=0x001012bc
          13834	      6913	00100120	01c55793	srli	x15,x10,0x1c	 x10:0x0fd1f727 x15=0x00000000
          13836	      6914	00100124	00900713	addi	x14,x0,9	  x0:0x00000000 x14=0x00000009
          13840	      6916	00100128	0cf77a63	bgeu	x14,x15,1001fc	 x14:0x00000009 x15:0x00000000
          13844	      6918	001001fc	03078393	addi	x7,x15,48	 x15:0x00000000  x7=0x00000030
          13846	      6919	00100200	000205b7	lui	x11,0x20	 x11=0x00020000
          13848	      6920	00100204	00451613	slli	x12,x10,0x4	 x10:0x0fd1f727 x12=0xfd1f7270
          13852	      6922	00100208	0075a023	sw	x7,0(x11)	 x11:0x00020000  x7:0x00000030 PA:0x00020000 store:0x00000030 load:0x00000000
          13854	      6923	0010020c	01c65693	srli	x13,x12,0x1c	 x12:0xfd1f7270 x13=0x0000000f
          13856	      6924	00100210	00900813	addi	x16,x0,9	  x0:0x00000000 x16=0x00000009
          13860	      6926	00100214	f2d86ae3	bltu	x16,x13,100148	 x16:0x00000009 x13:0x0000000f
          13864	      6928	00100148	03768893	addi	x17,x13,55	 x13:0x0000000f x17=0x00000046
          13866	      6929	0010014c	00020e37	lui	x28,0x20	 x28=0x00020000
          13868	      6930	00100150	00851f93	slli	x31,x10,0x8	 x10:0x0fd1f727 x31=0xd1f72700
          13872	      6932	00100154	011e2023	sw	x17,0(x28)	 x28:0x00020000 x17:0x00000046 PA:0x00020000 store:0x00000046 load:0x00000000
          13874	      6933	00100158	01cfd793	srli	x15,x31,0x1c	 x31:0xd1f72700 x15=0x0000000d
          13876	      6934	0010015c	00900713	addi	x14,x0,9	  x0:0x00000000 x14=0x00000009
          13878	      6935	00100160	0cf77a63	bgeu	x14,x15,100234	 x14:0x00000009 x15:0x0000000d
          13880	      6936	00100164	03778293	addi	x5,x15,55	 x15:0x0000000d  x5=0x00000044
          13882	      6937	00100168	00020337	lui	x6,0x20	  x6=0x00020000
          13884	      6938	0010016c	00c51613	slli	x12,x10,0xc	 x10:0x0fd1f727 x12=0x1f727000
          13888	      6940	00100170	00532023	sw	x5,0(x6)	  x6:0x00020000  x5:0x00000044 PA:0x00020000 store:0x00000044 load:0x00000000
          13890	      6941	00100174	01c65693	srli	x13,x12,0x1c	 x12:0x1f727000 x13=0x00000001
          13892	      6942	00100178	00900813	addi	x16,x0,9	  x0:0x00000000 x16=0x00000009
          13896	      6944	0010017c	0cd87a63	bgeu	x16,x13,100250	 x16:0x00000009 x13:0x00000001
          13900	      6946	00100250	03068e93	addi	x29,x13,48	 x13:0x00000001 x29=0x00000031
          13902	      6947	00100254	00020f37	lui	x30,0x20	 x30=0x00020000
          13904	      6948	00100258	01051f93	slli	x31,x10,0x10	 x10:0x0fd1f727 x31=0xf7270000
          13908	      6950	0010025c	01df2023	sw	x29,0(x30)	 x30:0x00020000 x29:0x00000031 PA:0x00020000 store:0x00000031 load:0x00000000
          13910	      6951	00100260	01cfd793	srli	x15,x31,0x1c	 x31:0xf7270000 x15=0x0000000f
          13912	      6952	00100264	00900713	addi	x14,x0,9	  x0:0x00000000 x14=0x00000009
          13916	      6954	00100268	f2f76ae3	bltu	x14,x15,10019c	 x14:0x00000009 x15:0x0000000f
          13920	      6956	0010019c	03778293	addi	x5,x15,55	 x15:0x0000000f  x5=0x00000046
          13922	      6957	001001a0	00020337	lui	x6,0x20	  x6=0x00020000
          13924	      6958	001001a4	01451613	slli	x12,x10,0x14	 x10:0x0fd1f727 x12=0x72700000
          13928	      6960	001001a8	00532023	sw	x5,0(x6)	  x6:0x00020000  x5:0x00000046 PA:0x00020000 store:0x00000046 load:0x00000000
          13930	      6961	001001ac	01c65693	srli	x13,x12,0x1c	 x12:0x72700000 x13=0x00000007
          13932	      6962	001001b0	00900813	addi	x16,x0,9	  x0:0x00000000 x16=0x00000009
          13936	      6964	001001b4	0cd87a63	bgeu	x16,x13,100288	 x16:0x00000009 x13:0x00000007
          13940	      6966	00100288	03068e93	addi	x29,x13,48	 x13:0x00000007 x29=0x00000037
          13942	      6967	0010028c	00020f37	lui	x30,0x20	 x30=0x00020000
          13944	      6968	00100290	01851f93	slli	x31,x10,0x18	 x10:0x0fd1f727 x31=0x27000000
          13948	      6970	00100294	01df2023	sw	x29,0(x30)	 x30:0x00020000 x29:0x00000037 PA:0x00020000 store:0x00000037 load:0x00000000
          13950	      6971	00100298	01cfd793	srli	x15,x31,0x1c	 x31:0x27000000 x15=0x00000002
          13952	      6972	0010029c	00900713	addi	x14,x0,9	  x0:0x00000000 x14=0x00000009
          13954	      6973	001002a0	f2f76ae3	bltu	x14,x15,1001d4	 x14:0x00000009 x15:0x00000002
          13956	      6974	001002a4	03078393	addi	x7,x15,48	 x15:0x00000002  x7=0x00000032
          13958	      6975	001002a8	000205b7	lui	x11,0x20	 x11=0x00020000
          13962	      6977	001002ac	0075a023	sw	x7,0(x11)	 x11:0x00020000  x7:0x00000032 PA:0x00020000 store:0x00000032 load:0x00000000
          13964	      6978	001002b0	00f57513	andi	x10,x10,15	 x10:0x0fd1f727 x10=0x00000007
          13966	      6979	001002b4	00900613	addi	x12,x0,9	  x0:0x00000000 x12=0x00000009
          13970	      6981	001002b8	f2a67ae3	bgeu	x12,x10,1001ec	 x12:0x00000009 x10:0x00000007
          13974	      6983	001001ec	03050893	addi	x17,x10,48	 x10:0x00000007 x17=0x00000037
          13976	      6984	001001f0	00020e37	lui	x28,0x20	 x28=0x00020000
          13980	      6986	001001f4	011e2023	sw	x17,0(x28)	 x28:0x00020000 x17:0x00000037 PA:0x00020000 store:0x00000037 load:0x00000000
          13994	      6993	001001f8	00008067	jalr	x0,0(x1)	  x1:0x001012bc  x0=0x00000000
          13996	      6994	001012bc	d089a187	flw	f3,-760(x19)	 f19:0x00102000  f3=0x00000000 PA:0x00101d08 store:0x4598f2e4
          13998	      6995	001012c0	d24ba207	flw	f4,-732(x23)	 f23:0x00102000  f4=0x00000000 PA:0x00101d24 store:0x42f67c6a
          14020	      7006	001012c4	a10a8513	addi	x10,x21,-1520	 x21:0x00102000 x10=0x00101a10
          14022	      7007	001012c8	1841f5d3	fdiv.s	f11,f3,f4	  f3:0x00000000  f4:0x00000000 f11=0x00000000
          14028	      7010	001012cc	d0b9a427	fsw	f11,-760(x19)	 f19:0x00102000 f11:0x00020000 PA:0x00101d08 store:0x0c5a11df load:0x42f67c6a
          14036	      7014	001012d0	d089a287	flw	f5,-760(x19)	 f19:0x00102000  f5=0x00000000 PA:0x00101d08 store:0x4598f2e4
          14042	      7017	001012d4	e0028f53	fmv.x.w	x30,f5	  f5:0x00000046 x30=0x0c5a11df
          14044	      7018	001012d8	cfea2c23	sw	x30,-776(x20)	 x20:0x00102000 x30:0x0c5a11df PA:0x00101cf8 store:0x0c5a11df load:0x0c5a11df
          14048	      7020	001012dc	dc5fe0ef	jal	x1,1000a0	  x1=0x001012e0
          14052	      7022	001000a0	00054803	lbu	x16,0(x10)	 x10:0x00101a10 x16=0x0000000a PA:0x00101a10 store:0x00000000
          14054	      7023	001000a4	06080663	beq	x16,x0,100110	 x16:0x0000000a  x0:0x00000000
          14056	      7024	001000a8	000207b7	lui	x15,0x20	 x15=0x00020000
          14060	      7026	001000ac	0107a023	sw	x16,0(x15)	 x15:0x00020000 x16:0x0000000a PA:0x00020000 store:0x0000000a load:0x00000000
          14064	      7028	001000b0	00154703	lbu	x14,1(x10)	 x10:0x00101a10 x14=0x00000020 PA:0x00101a11 store:0x001012e0
          14066	      7029	001000b4	04070e63	beq	x14,x0,100110	 x14:0x00000020  x0:0x00000000
          14070	      7031	001000b8	00e7a023	sw	x14,0(x15)	 x15:0x00020000 x14:0x00000020 PA:0x00020000 store:0x00000020 load:0x00000000
          14074	      7033	001000bc	00254283	lbu	x5,2(x10)	 x10:0x00101a10  x5=0x00000069 PA:0x00101a12 store:0x00137fa0
          14076	      7034	001000c0	04028863	beq	x5,x0,100110	  x5:0x00000069  x0:0x00000000
          14080	      7036	001000c4	0057a023	sw	x5,0(x15)	 x15:0x00020000  x5:0x00000069 PA:0x00020000 store:0x00000069 load:0x00000000
          14084	      7038	001000c8	00354303	lbu	x6,3(x10)	 x10:0x00101a10  x6=0x0000003d PA:0x00101a13 store:0x00000000
          14086	      7039	001000cc	04030263	beq	x6,x0,100110	  x6:0x0000003d  x0:0x00000000
          14090	      7041	001000d0	0067a023	sw	x6,0(x15)	 x15:0x00020000  x6:0x0000003d PA:0x00020000 store:0x0000003d load:0x00000000
          14094	      7043	001000d4	00454383	lbu	x7,4(x10)	 x10:0x00101a10  x7=0x00000000 PA:0x00101a14 store:0x00000000
          14098	      7045	001000d8	02038c63	beq	x7,x0,100110	  x7:0x00000000  x0:0x00000000
          14102	      7047	00100110	00000513	addi	x10,x0,0	  x0:0x00000000 x10=0x00000000
          14106	      7049	00100114	00008067	jalr	x0,0(x1)	  x1:0x001012e0  x0=0x00000000
          14108	      7050	001012e0	000d8513	addi	x10,x27,0	 x27:0x0000000f x10=0x0000000f
          14112	      7052	001012e4	e3dfe0ef	jal	x1,100120	  x1=0x001012e8
          14114	      7053	00100120	01c55793	srli	x15,x10,0x1c	 x10:0x0000000f x15=0x00000000
          14116	      7054	00100124	00900713	addi	x14,x0,9	  x0:0x00000000 x14=0x00000009
          14120	      7056	00100128	0cf77a63	bgeu	x14,x15,1001fc	 x14:0x00000009 x15:0x00000000
          14124	      7058	001001fc	03078393	addi	x7,x15,48	 x15:0x00000000  x7=0x00000030
          14126	      7059	00100200	000205b7	lui	x11,0x20	 x11=0x00020000
          14128	      7060	00100204	00451613	slli	x12,x10,0x4	 x10:0x0000000f x12=0x000000f0
          14132	      7062	00100208	0075a023	sw	x7,0(x11)	 x11:0x00020000  x7:0x00000030 PA:0x00020000 store:0x00000030 load:0x00000000
          14134	      7063	0010020c	01c65693	srli	x13,x12,0x1c	 x12:0x000000f0 x13=0x00000000
          14136	      7064	00100210	00900813	addi	x16,x0,9	  x0:0x00000000 x16=0x00000009
          14138	      7065	00100214	f2d86ae3	bltu	x16,x13,100148	 x16:0x00000009 x13:0x00000000
          14140	      7066	00100218	03068e93	addi	x29,x13,48	 x13:0x00000000 x29=0x00000030
          14142	      7067	0010021c	00020f37	lui	x30,0x20	 x30=0x00020000
          14144	      7068	00100220	00851f93	slli	x31,x10,0x8	 x10:0x0000000f x31=0x00000f00
          14148	      7070	00100224	01df2023	sw	x29,0(x30)	 x30:0x00020000 x29:0x00000030 PA:0x00020000 store:0x00000030 load:0x00000000
          14150	      7071	00100228	01cfd793	srli	x15,x31,0x1c	 x31:0x00000f00 x15=0x00000000
          14152	      7072	0010022c	00900713	addi	x14,x0,9	  x0:0x00000000 x14=0x00000009
          14154	      7073	00100230	f2f76ae3	bltu	x14,x15,100164	 x14:0x00000009 x15:0x00000000
          14156	      7074	00100234	03078393	addi	x7,x15,48	 x15:0x00000000  x7=0x00000030
          14158	      7075	00100238	000205b7	lui	x11,0x20	 x11=0x00020000
          14160	      7076	0010023c	00c51613	slli	x12,x10,0xc	 x10:0x0000000f x12=0x0000f000
          14164	      7078	00100240	0075a023	sw	x7,0(x11)	 x11:0x00020000  x7:0x00000030 PA:0x00020000 store:0x00000030 load:0x00000000
          14166	      7079	00100244	01c65693	srli	x13,x12,0x1c	 x12:0x0000f000 x13=0x00000000
          14168	      7080	00100248	00900813	addi	x16,x0,9	  x0:0x00000000 x16=0x00000009
          14170	      7081	0010024c	f2d86ae3	bltu	x16,x13,100180	 x16:0x00000009 x13:0x00000000
          14172	      7082	00100250	03068e93	addi	x29,x13,48	 x13:0x00000000 x29=0x00000030
          14174	      7083	00100254	00020f37	lui	x30,0x20	 x30=0x00020000
          14176	      7084	00100258	01051f93	slli	x31,x10,0x10	 x10:0x0000000f x31=0x000f0000
          14180	      7086	0010025c	01df2023	sw	x29,0(x30)	 x30:0x00020000 x29:0x00000030 PA:0x00020000 store:0x00000030 load:0x00000000
          14182	      7087	00100260	01cfd793	srli	x15,x31,0x1c	 x31:0x000f0000 x15=0x00000000
          14184	      7088	00100264	00900713	addi	x14,x0,9	  x0:0x00000000 x14=0x00000009
          14186	      7089	00100268	f2f76ae3	bltu	x14,x15,10019c	 x14:0x00000009 x15:0x00000000
          14188	      7090	0010026c	03078393	addi	x7,x15,48	 x15:0x00000000  x7=0x00000030
          14190	      7091	00100270	000205b7	lui	x11,0x20	 x11=0x00020000
          14192	      7092	00100274	01451613	slli	x12,x10,0x14	 x10:0x0000000f x12=0x00f00000
          14196	      7094	00100278	0075a023	sw	x7,0(x11)	 x11:0x00020000  x7:0x00000030 PA:0x00020000 store:0x00000030 load:0x00000000
          14198	      7095	0010027c	01c65693	srli	x13,x12,0x1c	 x12:0x00f00000 x13=0x00000000
          14200	      7096	00100280	00900813	addi	x16,x0,9	  x0:0x00000000 x16=0x00000009
          14202	      7097	00100284	f2d86ae3	bltu	x16,x13,1001b8	 x16:0x00000009 x13:0x00000000
          14204	      7098	00100288	03068e93	addi	x29,x13,48	 x13:0x00000000 x29=0x00000030
          14206	      7099	0010028c	00020f37	lui	x30,0x20	 x30=0x00020000
          14208	      7100	00100290	01851f93	slli	x31,x10,0x18	 x10:0x0000000f x31=0x0f000000
          14212	      7102	00100294	01df2023	sw	x29,0(x30)	 x30:0x00020000 x29:0x00000030 PA:0x00020000 store:0x00000030 load:0x00000000
          14214	      7103	00100298	01cfd793	srli	x15,x31,0x1c	 x31:0x0f000000 x15=0x00000000
          14216	      7104	0010029c	00900713	addi	x14,x0,9	  x0:0x00000000 x14=0x00000009
          14218	      7105	001002a0	f2f76ae3	bltu	x14,x15,1001d4	 x14:0x00000009 x15:0x00000000
          14220	      7106	001002a4	03078393	addi	x7,x15,48	 x15:0x00000000  x7=0x00000030
          14222	      7107	001002a8	000205b7	lui	x11,0x20	 x11=0x00020000
          14226	      7109	001002ac	0075a023	sw	x7,0(x11)	 x11:0x00020000  x7:0x00000030 PA:0x00020000 store:0x00000030 load:0x00000000
          14228	      7110	001002b0	00f57513	andi	x10,x10,15	 x10:0x0000000f x10=0x0000000f
          14230	      7111	001002b4	00900613	addi	x12,x0,9	  x0:0x00000000 x12=0x00000009
          14232	      7112	001002b8	f2a67ae3	bgeu	x12,x10,1001ec	 x12:0x00000009 x10:0x0000000f
          14234	      7113	001002bc	03750693	addi	x13,x10,55	 x10:0x0000000f x13=0x00000046
          14236	      7114	001002c0	00020837	lui	x16,0x20	 x16=0x00020000
          14240	      7116	001002c4	00d82023	sw	x13,0(x16)	 x16:0x00020000 x13:0x00000046 PA:0x00020000 store:0x00000046 load:0x00000000
          14244	      7118	001002c8	00008067	jalr	x0,0(x1)	  x1:0x001012e8  x0=0x00000000
          14246	      7119	001012e8	a18b0513	addi	x10,x22,-1512	 x22:0x00102000 x10=0x00101a18
          14250	      7121	001012ec	db5fe0ef	jal	x1,1000a0	  x1=0x001012f0
          14254	      7123	001000a0	00054803	lbu	x16,0(x10)	 x10:0x00101a18 x16=0x00000020 PA:0x00101a18 store:0x00000000
          14256	      7124	001000a4	06080663	beq	x16,x0,100110	 x16:0x00000020  x0:0x00000000
          14258	      7125	001000a8	000207b7	lui	x15,0x20	 x15=0x00020000
          14262	      7127	001000ac	0107a023	sw	x16,0(x15)	 x15:0x00020000 x16:0x00000020 PA:0x00020000 store:0x00000020 load:0x00000000
          14266	      7129	001000b0	00154703	lbu	x14,1(x10)	 x10:0x00101a18 x14=0x00000072 PA:0x00101a19 store:0x001012f0
          14268	      7130	001000b4	04070e63	beq	x14,x0,100110	 x14:0x00000072  x0:0x00000000
          14272	      7132	001000b8	00e7a023	sw	x14,0(x15)	 x15:0x00020000 x14:0x00000072 PA:0x00020000 store:0x00000072 load:0x00000000
          14276	      7134	001000bc	00254283	lbu	x5,2(x10)	 x10:0x00101a18  x5=0x00000065 PA:0x00101a1a store:0x00137fa0
          14278	      7135	001000c0	04028863	beq	x5,x0,100110	  x5:0x00000065  x0:0x00000000
          14282	      7137	001000c4	0057a023	sw	x5,0(x15)	 x15:0x00020000  x5:0x00000065 PA:0x00020000 store:0x00000065 load:0x00000000
          14286	      7139	001000c8	00354303	lbu	x6,3(x10)	 x10:0x00101a18  x6=0x00000073 PA:0x00101a1b store:0x00000000
          14288	      7140	001000cc	04030263	beq	x6,x0,100110	  x6:0x00000073  x0:0x00000000
          14292	      7142	001000d0	0067a023	sw	x6,0(x15)	 x15:0x00020000  x6:0x00000073 PA:0x00020000 store:0x00000073 load:0x00000000
          14296	      7144	001000d4	00454383	lbu	x7,4(x10)	 x10:0x00101a18  x7=0x00000075 PA:0x00101a1c store:0x00000000
          14298	      7145	001000d8	02038c63	beq	x7,x0,100110	  x7:0x00000075  x0:0x00000000
          14302	      7147	001000dc	0077a023	sw	x7,0(x15)	 x15:0x00020000  x7:0x00000075 PA:0x00020000 store:0x00000075 load:0x00000000
          14306	      7149	001000e0	00554583	lbu	x11,5(x10)	 x10:0x00101a18 x11=0x0000006c PA:0x00101a1d store:0x00000065
          14308	      7150	001000e4	02058663	beq	x11,x0,100110	 x11:0x0000006c  x0:0x00000000
          14312	      7152	001000e8	00b7a023	sw	x11,0(x15)	 x15:0x00020000 x11:0x0000006c PA:0x00020000 store:0x0000006c load:0x00000000
          14316	      7154	001000ec	00654603	lbu	x12,6(x10)	 x10:0x00101a18 x12=0x00000074 PA:0x00101a1e store:0x00000073
          14318	      7155	001000f0	02060063	beq	x12,x0,100110	 x12:0x00000074  x0:0x00000000
          14322	      7157	001000f4	00c7a023	sw	x12,0(x15)	 x15:0x00020000 x12:0x00000074 PA:0x00020000 store:0x00000074 load:0x00000000
          14326	      7159	001000f8	00754683	lbu	x13,7(x10)	 x10:0x00101a18 x13=0x0000003a PA:0x00101a1f store:0x00000075
          14328	      7160	001000fc	00850513	addi	x10,x10,8	 x10:0x00101a18 x10=0x00101a20
          14330	      7161	00100100	00068863	beq	x13,x0,100110	 x13:0x0000003a  x0:0x00000000
          14334	      7163	00100104	00d7a023	sw	x13,0(x15)	 x15:0x00020000 x13:0x0000003a PA:0x00020000 store:0x0000003a load:0x00000000
          14338	      7165	00100108	00054803	lbu	x16,0(x10)	 x10:0x00101a20 x16=0x00000020 PA:0x00101a20 store:0x00000000
          14342	      7167	0010010c	fa0810e3	bne	x16,x0,1000ac	 x16:0x00000020  x0:0x00000000
          14348	      7170	001000ac	0107a023	sw	x16,0(x15)	 x15:0x00020000 x16:0x00000020 PA:0x00020000 store:0x00000020 load:0x00000000
          14352	      7172	001000b0	00154703	lbu	x14,1(x10)	 x10:0x00101a20 x14=0x00000000 PA:0x00101a21 store:0x001012f0
          14356	      7174	001000b4	04070e63	beq	x14,x0,100110	 x14:0x00000000  x0:0x00000000
          14360	      7176	00100110	00000513	addi	x10,x0,0	  x0:0x00000000 x10=0x00000000
          14364	      7178	00100114	00008067	jalr	x0,0(x1)	  x1:0x001012f0  x0=0x00000000
          14368	      7180	001012f0	cf8a2503	lw	x10,-776(x20)	 x20:0x00102000 x10=0x0c5a11df PA:0x00101cf8 store:0x00000010
          14372	      7182	001012f4	e2dfe0ef	jal	x1,100120	  x1=0x001012f8
          14374	      7183	00100120	01c55793	srli	x15,x10,0x1c	 x10:0x0c5a11df x15=0x00000000
          14376	      7184	00100124	00900713	addi	x14,x0,9	  x0:0x00000000 x14=0x00000009
          14380	      7186	00100128	0cf77a63	bgeu	x14,x15,1001fc	 x14:0x00000009 x15:0x00000000
          14384	      7188	001001fc	03078393	addi	x7,x15,48	 x15:0x00000000  x7=0x00000030
          14386	      7189	00100200	000205b7	lui	x11,0x20	 x11=0x00020000
          14388	      7190	00100204	00451613	slli	x12,x10,0x4	 x10:0x0c5a11df x12=0xc5a11df0
          14392	      7192	00100208	0075a023	sw	x7,0(x11)	 x11:0x00020000  x7:0x00000030 PA:0x00020000 store:0x00000030 load:0x00000000
          14394	      7193	0010020c	01c65693	srli	x13,x12,0x1c	 x12:0xc5a11df0 x13=0x0000000c
          14396	      7194	00100210	00900813	addi	x16,x0,9	  x0:0x00000000 x16=0x00000009
          14400	      7196	00100214	f2d86ae3	bltu	x16,x13,100148	 x16:0x00000009 x13:0x0000000c
          14404	      7198	00100148	03768893	addi	x17,x13,55	 x13:0x0000000c x17=0x00000043
          14406	      7199	0010014c	00020e37	lui	x28,0x20	 x28=0x00020000
          14408	      7200	00100150	00851f93	slli	x31,x10,0x8	 x10:0x0c5a11df x31=0x5a11df00
          14412	      7202	00100154	011e2023	sw	x17,0(x28)	 x28:0x00020000 x17:0x00000043 PA:0x00020000 store:0x00000043 load:0x00000000
          14414	      7203	00100158	01cfd793	srli	x15,x31,0x1c	 x31:0x5a11df00 x15=0x00000005
          14416	      7204	0010015c	00900713	addi	x14,x0,9	  x0:0x00000000 x14=0x00000009
          14420	      7206	00100160	0cf77a63	bgeu	x14,x15,100234	 x14:0x00000009 x15:0x00000005
          14424	      7208	00100234	03078393	addi	x7,x15,48	 x15:0x00000005  x7=0x00000035
          14426	      7209	00100238	000205b7	lui	x11,0x20	 x11=0x00020000
          14428	      7210	0010023c	00c51613	slli	x12,x10,0xc	 x10:0x0c5a11df x12=0xa11df000
          14432	      7212	00100240	0075a023	sw	x7,0(x11)	 x11:0x00020000  x7:0x00000035 PA:0x00020000 store:0x00000035 load:0x00000000
          14434	      7213	00100244	01c65693	srli	x13,x12,0x1c	 x12:0xa11df000 x13=0x0000000a
          14436	      7214	00100248	00900813	addi	x16,x0,9	  x0:0x00000000 x16=0x00000009
          14440	      7216	0010024c	f2d86ae3	bltu	x16,x13,100180	 x16:0x00000009 x13:0x0000000a
          14444	      7218	00100180	03768893	addi	x17,x13,55	 x13:0x0000000a x17=0x00000041
          14446	      7219	00100184	00020e37	lui	x28,0x20	 x28=0x00020000
          14448	      7220	00100188	01051f93	slli	x31,x10,0x10	 x10:0x0c5a11df x31=0x11df0000
          14452	      7222	0010018c	011e2023	sw	x17,0(x28)	 x28:0x00020000 x17:0x00000041 PA:0x00020000 store:0x00000041 load:0x00000000
          14454	      7223	00100190	01cfd793	srli	x15,x31,0x1c	 x31:0x11df0000 x15=0x00000001
          14456	      7224	00100194	00900713	addi	x14,x0,9	  x0:0x00000000 x14=0x00000009
          14460	      7226	00100198	0cf77a63	bgeu	x14,x15,10026c	 x14:0x00000009 x15:0x00000001
          14464	      7228	0010026c	03078393	addi	x7,x15,48	 x15:0x00000001  x7=0x00000031
          14466	      7229	00100270	000205b7	lui	x11,0x20	 x11=0x00020000
          14468	      7230	00100274	01451613	slli	x12,x10,0x14	 x10:0x0c5a11df x12=0x1df00000
          14472	      7232	00100278	0075a023	sw	x7,0(x11)	 x11:0x00020000  x7:0x00000031 PA:0x00020000 store:0x00000031 load:0x00000000
          14474	      7233	0010027c	01c65693	srli	x13,x12,0x1c	 x12:0x1df00000 x13=0x00000001
          14476	      7234	00100280	00900813	addi	x16,x0,9	  x0:0x00000000 x16=0x00000009
          14478	      7235	00100284	f2d86ae3	bltu	x16,x13,1001b8	 x16:0x00000009 x13:0x00000001
          14480	      7236	00100288	03068e93	addi	x29,x13,48	 x13:0x00000001 x29=0x00000031
          14482	      7237	0010028c	00020f37	lui	x30,0x20	 x30=0x00020000
          14484	      7238	00100290	01851f93	slli	x31,x10,0x18	 x10:0x0c5a11df x31=0xdf000000
          14488	      7240	00100294	01df2023	sw	x29,0(x30)	 x30:0x00020000 x29:0x00000031 PA:0x00020000 store:0x00000031 load:0x00000000
          14490	      7241	00100298	01cfd793	srli	x15,x31,0x1c	 x31:0xdf000000 x15=0x0000000d
          14492	      7242	0010029c	00900713	addi	x14,x0,9	  x0:0x00000000 x14=0x00000009
          14496	      7244	001002a0	f2f76ae3	bltu	x14,x15,1001d4	 x14:0x00000009 x15:0x0000000d
          14500	      7246	001001d4	03778293	addi	x5,x15,55	 x15:0x0000000d  x5=0x00000044
          14502	      7247	001001d8	00020337	lui	x6,0x20	  x6=0x00020000
          14506	      7249	001001dc	00532023	sw	x5,0(x6)	  x6:0x00020000  x5:0x00000044 PA:0x00020000 store:0x00000044 load:0x00000000
          14508	      7250	001001e0	00f57513	andi	x10,x10,15	 x10:0x0c5a11df x10=0x0000000f
          14510	      7251	001001e4	00900613	addi	x12,x0,9	  x0:0x00000000 x12=0x00000009
          14514	      7253	001001e8	0ca66a63	bltu	x12,x10,1002bc	 x12:0x00000009 x10:0x0000000f
          14518	      7255	001002bc	03750693	addi	x13,x10,55	 x10:0x0000000f x13=0x00000046
          14520	      7256	001002c0	00020837	lui	x16,0x20	 x16=0x00020000
          14524	      7258	001002c4	00d82023	sw	x13,0(x16)	 x16:0x00020000 x13:0x00000046 PA:0x00020000 store:0x00000046 load:0x00000000
          14528	      7260	001002c8	00008067	jalr	x0,0(x1)	  x1:0x001012f8  x0=0x00000000
          14532	      7262	001012f8	f1ac10e3	bne	x24,x26,1011f8	 x24:0x00000010 x26:0x00000014
          14544	      7268	001011f8	d089a987	flw	f19,-760(x19)	 f19:0x00102000 f19=0x00000000 PA:0x00101d08 store:0x4598f2e4
          14546	      7269	001011fc	d24baa07	flw	f20,-732(x23)	 f23:0x00102000 f20=0x00000000 PA:0x00101d24 store:0x42f67c6a
          14570	      7281	00101200	a10a8513	addi	x10,x21,-1520	 x21:0x00102000 x10=0x00101a10
          14572	      7282	00101204	1949fad3	fdiv.s	f21,f19,f20	 f19:0x00102000 f20:0x00102000 f21=0x00000000
          14578	      7285	00101208	d159a427	fsw	f21,-760(x19)	 f19:0x00102000 f21:0x00102000 PA:0x00101d08 store:0x08e27cac load:0x42f67c6a
          14586	      7289	0010120c	d089ae07	flw	f28,-760(x19)	 f19:0x00102000 f28=0x00000000 PA:0x00101d08 store:0x4598f2e4
          14592	      7292	00101210	e00e0dd3	fmv.x.w	x27,f28	 f28:0x00020000 x27=0x08e27cac
          14594	      7293	00101214	cfba2c23	sw	x27,-776(x20)	 x20:0x00102000 x27:0x08e27cac PA:0x00101cf8 store:0x08e27cac load:0x08e27cac
          14598	      7295	00101218	e89fe0ef	jal	x1,1000a0	  x1=0x0010121c
          14602	      7297	001000a0	00054803	lbu	x16,0(x10)	 x10:0x00101a10 x16=0x0000000a PA:0x00101a10 store:0x00000000
          14604	      7298	001000a4	06080663	beq	x16,x0,100110	 x16:0x0000000a  x0:0x00000000
          14606	      7299	001000a8	000207b7	lui	x15,0x20	 x15=0x00020000
          14610	      7301	001000ac	0107a023	sw	x16,0(x15)	 x15:0x00020000 x16:0x0000000a PA:0x00020000 store:0x0000000a load:0x00000000
          14614	      7303	001000b0	00154703	lbu	x14,1(x10)	 x10:0x00101a10 x14=0x00000020 PA:0x00101a11 store:0x0010121c
          14616	      7304	001000b4	04070e63	beq	x14,x0,100110	 x14:0x00000020  x0:0x00000000
          14620	      7306	001000b8	00e7a023	sw	x14,0(x15)	 x15:0x00020000 x14:0x00000020 PA:0x00020000 store:0x00000020 load:0x00000000
          14624	      7308	001000bc	00254283	lbu	x5,2(x10)	 x10:0x00101a10  x5=0x00000069 PA:0x00101a12 store:0x00137fa0
          14626	      7309	001000c0	04028863	beq	x5,x0,100110	  x5:0x00000069  x0:0x00000000
          14630	      7311	001000c4	0057a023	sw	x5,0(x15)	 x15:0x00020000  x5:0x00000069 PA:0x00020000 store:0x00000069 load:0x00000000
          14634	      7313	001000c8	00354303	lbu	x6,3(x10)	 x10:0x00101a10  x6=0x0000003d PA:0x00101a13 store:0x00000000
          14636	      7314	001000cc	04030263	beq	x6,x0,100110	  x6:0x0000003d  x0:0x00000000
          14640	      7316	001000d0	0067a023	sw	x6,0(x15)	 x15:0x00020000  x6:0x0000003d PA:0x00020000 store:0x0000003d load:0x00000000
          14644	      7318	001000d4	00454383	lbu	x7,4(x10)	 x10:0x00101a10  x7=0x00000000 PA:0x00101a14 store:0x00000000
          14648	      7320	001000d8	02038c63	beq	x7,x0,100110	  x7:0x00000000  x0:0x00000000
          14652	      7322	00100110	00000513	addi	x10,x0,0	  x0:0x00000000 x10=0x00000000
          14656	      7324	00100114	00008067	jalr	x0,0(x1)	  x1:0x0010121c  x0=0x00000000
          14658	      7325	0010121c	000c0513	addi	x10,x24,0	 x24:0x00000010 x10=0x00000010
          14662	      7327	00101220	f01fe0ef	jal	x1,100120	  x1=0x00101224
          14664	      7328	00100120	01c55793	srli	x15,x10,0x1c	 x10:0x00000010 x15=0x00000000
          14666	      7329	00100124	00900713	addi	x14,x0,9	  x0:0x00000000 x14=0x00000009
          14670	      7331	00100128	0cf77a63	bgeu	x14,x15,1001fc	 x14:0x00000009 x15:0x00000000
          14674	      7333	001001fc	03078393	addi	x7,x15,48	 x15:0x00000000  x7=0x00000030
          14676	      7334	00100200	000205b7	lui	x11,0x20	 x11=0x00020000
          14678	      7335	00100204	00451613	slli	x12,x10,0x4	 x10:0x00000010 x12=0x00000100
          14682	      7337	00100208	0075a023	sw	x7,0(x11)	 x11:0x00020000  x7:0x00000030 PA:0x00020000 store:0x00000030 load:0x00000000
          14684	      7338	0010020c	01c65693	srli	x13,x12,0x1c	 x12:0x00000100 x13=0x00000000
          14686	      7339	00100210	00900813	addi	x16,x0,9	  x0:0x00000000 x16=0x00000009
          14688	      7340	00100214	f2d86ae3	bltu	x16,x13,100148	 x16:0x00000009 x13:0x00000000
          14690	      7341	00100218	03068e93	addi	x29,x13,48	 x13:0x00000000 x29=0x00000030
          14692	      7342	0010021c	00020f37	lui	x30,0x20	 x30=0x00020000
          14694	      7343	00100220	00851f93	slli	x31,x10,0x8	 x10:0x00000010 x31=0x00001000
          14698	      7345	00100224	01df2023	sw	x29,0(x30)	 x30:0x00020000 x29:0x00000030 PA:0x00020000 store:0x00000030 load:0x00000000
          14700	      7346	00100228	01cfd793	srli	x15,x31,0x1c	 x31:0x00001000 x15=0x00000000
          14702	      7347	0010022c	00900713	addi	x14,x0,9	  x0:0x00000000 x14=0x00000009
          14704	      7348	00100230	f2f76ae3	bltu	x14,x15,100164	 x14:0x00000009 x15:0x00000000
          14706	      7349	00100234	03078393	addi	x7,x15,48	 x15:0x00000000  x7=0x00000030
          14708	      7350	00100238	000205b7	lui	x11,0x20	 x11=0x00020000
          14710	      7351	0010023c	00c51613	slli	x12,x10,0xc	 x10:0x00000010 x12=0x00010000
          14714	      7353	00100240	0075a023	sw	x7,0(x11)	 x11:0x00020000  x7:0x00000030 PA:0x00020000 store:0x00000030 load:0x00000000
          14716	      7354	00100244	01c65693	srli	x13,x12,0x1c	 x12:0x00010000 x13=0x00000000
          14718	      7355	00100248	00900813	addi	x16,x0,9	  x0:0x00000000 x16=0x00000009
          14720	      7356	0010024c	f2d86ae3	bltu	x16,x13,100180	 x16:0x00000009 x13:0x00000000
          14722	      7357	00100250	03068e93	addi	x29,x13,48	 x13:0x00000000 x29=0x00000030
          14724	      7358	00100254	00020f37	lui	x30,0x20	 x30=0x00020000
          14726	      7359	00100258	01051f93	slli	x31,x10,0x10	 x10:0x00000010 x31=0x00100000
          14730	      7361	0010025c	01df2023	sw	x29,0(x30)	 x30:0x00020000 x29:0x00000030 PA:0x00020000 store:0x00000030 load:0x00000000
          14732	      7362	00100260	01cfd793	srli	x15,x31,0x1c	 x31:0x00100000 x15=0x00000000
          14734	      7363	00100264	00900713	addi	x14,x0,9	  x0:0x00000000 x14=0x00000009
          14736	      7364	00100268	f2f76ae3	bltu	x14,x15,10019c	 x14:0x00000009 x15:0x00000000
          14738	      7365	0010026c	03078393	addi	x7,x15,48	 x15:0x00000000  x7=0x00000030
          14740	      7366	00100270	000205b7	lui	x11,0x20	 x11=0x00020000
          14742	      7367	00100274	01451613	slli	x12,x10,0x14	 x10:0x00000010 x12=0x01000000
          14746	      7369	00100278	0075a023	sw	x7,0(x11)	 x11:0x00020000  x7:0x00000030 PA:0x00020000 store:0x00000030 load:0x00000000
          14748	      7370	0010027c	01c65693	srli	x13,x12,0x1c	 x12:0x01000000 x13=0x00000000
          14750	      7371	00100280	00900813	addi	x16,x0,9	  x0:0x00000000 x16=0x00000009
          14752	      7372	00100284	f2d86ae3	bltu	x16,x13,1001b8	 x16:0x00000009 x13:0x00000000
          14754	      7373	00100288	03068e93	addi	x29,x13,48	 x13:0x00000000 x29=0x00000030
          14756	      7374	0010028c	00020f37	lui	x30,0x20	 x30=0x00020000
          14758	      7375	00100290	01851f93	slli	x31,x10,0x18	 x10:0x00000010 x31=0x10000000
          14762	      7377	00100294	01df2023	sw	x29,0(x30)	 x30:0x00020000 x29:0x00000030 PA:0x00020000 store:0x00000030 load:0x00000000
          14764	      7378	00100298	01cfd793	srli	x15,x31,0x1c	 x31:0x10000000 x15=0x00000001
          14766	      7379	0010029c	00900713	addi	x14,x0,9	  x0:0x00000000 x14=0x00000009
          14768	      7380	001002a0	f2f76ae3	bltu	x14,x15,1001d4	 x14:0x00000009 x15:0x00000001
          14770	      7381	001002a4	03078393	addi	x7,x15,48	 x15:0x00000001  x7=0x00000031
          14772	      7382	001002a8	000205b7	lui	x11,0x20	 x11=0x00020000
          14776	      7384	001002ac	0075a023	sw	x7,0(x11)	 x11:0x00020000  x7:0x00000031 PA:0x00020000 store:0x00000031 load:0x00000000
          14778	      7385	001002b0	00f57513	andi	x10,x10,15	 x10:0x00000010 x10=0x00000000
          14780	      7386	001002b4	00900613	addi	x12,x0,9	  x0:0x00000000 x12=0x00000009
          14784	      7388	001002b8	f2a67ae3	bgeu	x12,x10,1001ec	 x12:0x00000009 x10:0x00000000
          14788	      7390	001001ec	03050893	addi	x17,x10,48	 x10:0x00000000 x17=0x00000030
          14790	      7391	001001f0	00020e37	lui	x28,0x20	 x28=0x00020000
          14794	      7393	001001f4	011e2023	sw	x17,0(x28)	 x28:0x00020000 x17:0x00000030 PA:0x00020000 store:0x00000030 load:0x00000000
          14798	      7395	001001f8	00008067	jalr	x0,0(x1)	  x1:0x00101224  x0=0x00000000
          14800	      7396	00101224	a18b0513	addi	x10,x22,-1512	 x22:0x00102000 x10=0x00101a18
          14804	      7398	00101228	e79fe0ef	jal	x1,1000a0	  x1=0x0010122c
          14808	      7400	001000a0	00054803	lbu	x16,0(x10)	 x10:0x00101a18 x16=0x00000020 PA:0x00101a18 store:0x00000000
          14810	      7401	001000a4	06080663	beq	x16,x0,100110	 x16:0x00000020  x0:0x00000000
          14812	      7402	001000a8	000207b7	lui	x15,0x20	 x15=0x00020000
          14816	      7404	001000ac	0107a023	sw	x16,0(x15)	 x15:0x00020000 x16:0x00000020 PA:0x00020000 store:0x00000020 load:0x00000000
          14820	      7406	001000b0	00154703	lbu	x14,1(x10)	 x10:0x00101a18 x14=0x00000072 PA:0x00101a19 store:0x0010122c
          14822	      7407	001000b4	04070e63	beq	x14,x0,100110	 x14:0x00000072  x0:0x00000000
          14826	      7409	001000b8	00e7a023	sw	x14,0(x15)	 x15:0x00020000 x14:0x00000072 PA:0x00020000 store:0x00000072 load:0x00000000
          14830	      7411	001000bc	00254283	lbu	x5,2(x10)	 x10:0x00101a18  x5=0x00000065 PA:0x00101a1a store:0x00137fa0
          14832	      7412	001000c0	04028863	beq	x5,x0,100110	  x5:0x00000065  x0:0x00000000
          14836	      7414	001000c4	0057a023	sw	x5,0(x15)	 x15:0x00020000  x5:0x00000065 PA:0x00020000 store:0x00000065 load:0x00000000
          14840	      7416	001000c8	00354303	lbu	x6,3(x10)	 x10:0x00101a18  x6=0x00000073 PA:0x00101a1b store:0x00000000
          14842	      7417	001000cc	04030263	beq	x6,x0,100110	  x6:0x00000073  x0:0x00000000
          14846	      7419	001000d0	0067a023	sw	x6,0(x15)	 x15:0x00020000  x6:0x00000073 PA:0x00020000 store:0x00000073 load:0x00000000
          14850	      7421	001000d4	00454383	lbu	x7,4(x10)	 x10:0x00101a18  x7=0x00000075 PA:0x00101a1c store:0x00000000
          14852	      7422	001000d8	02038c63	beq	x7,x0,100110	  x7:0x00000075  x0:0x00000000
          14856	      7424	001000dc	0077a023	sw	x7,0(x15)	 x15:0x00020000  x7:0x00000075 PA:0x00020000 store:0x00000075 load:0x00000000
          14860	      7426	001000e0	00554583	lbu	x11,5(x10)	 x10:0x00101a18 x11=0x0000006c PA:0x00101a1d store:0x00000065
          14862	      7427	001000e4	02058663	beq	x11,x0,100110	 x11:0x0000006c  x0:0x00000000
          14866	      7429	001000e8	00b7a023	sw	x11,0(x15)	 x15:0x00020000 x11:0x0000006c PA:0x00020000 store:0x0000006c load:0x00000000
          14870	      7431	001000ec	00654603	lbu	x12,6(x10)	 x10:0x00101a18 x12=0x00000074 PA:0x00101a1e store:0x00000073
          14872	      7432	001000f0	02060063	beq	x12,x0,100110	 x12:0x00000074  x0:0x00000000
          14876	      7434	001000f4	00c7a023	sw	x12,0(x15)	 x15:0x00020000 x12:0x00000074 PA:0x00020000 store:0x00000074 load:0x00000000
          14880	      7436	001000f8	00754683	lbu	x13,7(x10)	 x10:0x00101a18 x13=0x0000003a PA:0x00101a1f store:0x00000075
          14882	      7437	001000fc	00850513	addi	x10,x10,8	 x10:0x00101a18 x10=0x00101a20
          14884	      7438	00100100	00068863	beq	x13,x0,100110	 x13:0x0000003a  x0:0x00000000
          14888	      7440	00100104	00d7a023	sw	x13,0(x15)	 x15:0x00020000 x13:0x0000003a PA:0x00020000 store:0x0000003a load:0x00000000
          14892	      7442	00100108	00054803	lbu	x16,0(x10)	 x10:0x00101a20 x16=0x00000020 PA:0x00101a20 store:0x00000000
          14896	      7444	0010010c	fa0810e3	bne	x16,x0,1000ac	 x16:0x00000020  x0:0x00000000
          14902	      7447	001000ac	0107a023	sw	x16,0(x15)	 x15:0x00020000 x16:0x00000020 PA:0x00020000 store:0x00000020 load:0x00000000
          14906	      7449	001000b0	00154703	lbu	x14,1(x10)	 x10:0x00101a20 x14=0x00000000 PA:0x00101a21 store:0x0010122c
          14910	      7451	001000b4	04070e63	beq	x14,x0,100110	 x14:0x00000000  x0:0x00000000
          14914	      7453	00100110	00000513	addi	x10,x0,0	  x0:0x00000000 x10=0x00000000
          14918	      7455	00100114	00008067	jalr	x0,0(x1)	  x1:0x0010122c  x0=0x00000000
          14922	      7457	0010122c	cf8a2503	lw	x10,-776(x20)	 x20:0x00102000 x10=0x08e27cac PA:0x00101cf8 store:0x00000010
          14924	      7458	00101230	001c0d93	addi	x27,x24,1	 x24:0x00000010 x27=0x00000011
          14928	      7460	00101234	eedfe0ef	jal	x1,100120	  x1=0x00101238
          14930	      7461	00100120	01c55793	srli	x15,x10,0x1c	 x10:0x08e27cac x15=0x00000000
          14932	      7462	00100124	00900713	addi	x14,x0,9	  x0:0x00000000 x14=0x00000009
          14936	      7464	00100128	0cf77a63	bgeu	x14,x15,1001fc	 x14:0x00000009 x15:0x00000000
          14940	      7466	001001fc	03078393	addi	x7,x15,48	 x15:0x00000000  x7=0x00000030
          14942	      7467	00100200	000205b7	lui	x11,0x20	 x11=0x00020000
          14944	      7468	00100204	00451613	slli	x12,x10,0x4	 x10:0x08e27cac x12=0x8e27cac0
          14948	      7470	00100208	0075a023	sw	x7,0(x11)	 x11:0x00020000  x7:0x00000030 PA:0x00020000 store:0x00000030 load:0x00000000
          14950	      7471	0010020c	01c65693	srli	x13,x12,0x1c	 x12:0x8e27cac0 x13=0x00000008
          14952	      7472	00100210	00900813	addi	x16,x0,9	  x0:0x00000000 x16=0x00000009
          14954	      7473	00100214	f2d86ae3	bltu	x16,x13,100148	 x16:0x00000009 x13:0x00000008
          14956	      7474	00100218	03068e93	addi	x29,x13,48	 x13:0x00000008 x29=0x00000038
          14958	      7475	0010021c	00020f37	lui	x30,0x20	 x30=0x00020000
          14960	      7476	00100220	00851f93	slli	x31,x10,0x8	 x10:0x08e27cac x31=0xe27cac00
          14964	      7478	00100224	01df2023	sw	x29,0(x30)	 x30:0x00020000 x29:0x00000038 PA:0x00020000 store:0x00000038 load:0x00000000
          14966	      7479	00100228	01cfd793	srli	x15,x31,0x1c	 x31:0xe27cac00 x15=0x0000000e
          14968	      7480	0010022c	00900713	addi	x14,x0,9	  x0:0x00000000 x14=0x00000009
          14972	      7482	00100230	f2f76ae3	bltu	x14,x15,100164	 x14:0x00000009 x15:0x0000000e
          14976	      7484	00100164	03778293	addi	x5,x15,55	 x15:0x0000000e  x5=0x00000045
          14978	      7485	00100168	00020337	lui	x6,0x20	  x6=0x00020000
          14980	      7486	0010016c	00c51613	slli	x12,x10,0xc	 x10:0x08e27cac x12=0x27cac000
          14984	      7488	00100170	00532023	sw	x5,0(x6)	  x6:0x00020000  x5:0x00000045 PA:0x00020000 store:0x00000045 load:0x00000000
          14986	      7489	00100174	01c65693	srli	x13,x12,0x1c	 x12:0x27cac000 x13=0x00000002
          14988	      7490	00100178	00900813	addi	x16,x0,9	  x0:0x00000000 x16=0x00000009
          14992	      7492	0010017c	0cd87a63	bgeu	x16,x13,100250	 x16:0x00000009 x13:0x00000002
          14996	      7494	00100250	03068e93	addi	x29,x13,48	 x13:0x00000002 x29=0x00000032
          14998	      7495	00100254	00020f37	lui	x30,0x20	 x30=0x00020000
          15000	      7496	00100258	01051f93	slli	x31,x10,0x10	 x10:0x08e27cac x31=0x7cac0000
          15004	      7498	0010025c	01df2023	sw	x29,0(x30)	 x30:0x00020000 x29:0x00000032 PA:0x00020000 store:0x00000032 load:0x00000000
          15006	      7499	00100260	01cfd793	srli	x15,x31,0x1c	 x31:0x7cac0000 x15=0x00000007
          15008	      7500	00100264	00900713	addi	x14,x0,9	  x0:0x00000000 x14=0x00000009
          15010	      7501	00100268	f2f76ae3	bltu	x14,x15,10019c	 x14:0x00000009 x15:0x00000007
          15012	      7502	0010026c	03078393	addi	x7,x15,48	 x15:0x00000007  x7=0x00000037
          15014	      7503	00100270	000205b7	lui	x11,0x20	 x11=0x00020000
          15016	      7504	00100274	01451613	slli	x12,x10,0x14	 x10:0x08e27cac x12=0xcac00000
          15020	      7506	00100278	0075a023	sw	x7,0(x11)	 x11:0x00020000  x7:0x00000037 PA:0x00020000 store:0x00000037 load:0x00000000
          15022	      7507	0010027c	01c65693	srli	x13,x12,0x1c	 x12:0xcac00000 x13=0x0000000c
          15024	      7508	00100280	00900813	addi	x16,x0,9	  x0:0x00000000 x16=0x00000009
          15028	      7510	00100284	f2d86ae3	bltu	x16,x13,1001b8	 x16:0x00000009 x13:0x0000000c
          15032	      7512	001001b8	03768893	addi	x17,x13,55	 x13:0x0000000c x17=0x00000043
          15034	      7513	001001bc	00020e37	lui	x28,0x20	 x28=0x00020000
          15036	      7514	001001c0	01851f93	slli	x31,x10,0x18	 x10:0x08e27cac x31=0xac000000
          15040	      7516	001001c4	011e2023	sw	x17,0(x28)	 x28:0x00020000 x17:0x00000043 PA:0x00020000 store:0x00000043 load:0x00000000
          15042	      7517	001001c8	01cfd793	srli	x15,x31,0x1c	 x31:0xac000000 x15=0x0000000a
          15044	      7518	001001cc	00900713	addi	x14,x0,9	  x0:0x00000000 x14=0x00000009
          15046	      7519	001001d0	0cf77a63	bgeu	x14,x15,1002a4	 x14:0x00000009 x15:0x0000000a
          15048	      7520	001001d4	03778293	addi	x5,x15,55	 x15:0x0000000a  x5=0x00000041
          15050	      7521	001001d8	00020337	lui	x6,0x20	  x6=0x00020000
          15054	      7523	001001dc	00532023	sw	x5,0(x6)	  x6:0x00020000  x5:0x00000041 PA:0x00020000 store:0x00000041 load:0x00000000
          15056	      7524	001001e0	00f57513	andi	x10,x10,15	 x10:0x08e27cac x10=0x0000000c
          15058	      7525	001001e4	00900613	addi	x12,x0,9	  x0:0x00000000 x12=0x00000009
          15062	      7527	001001e8	0ca66a63	bltu	x12,x10,1002bc	 x12:0x00000009 x10:0x0000000c
          15066	      7529	001002bc	03750693	addi	x13,x10,55	 x10:0x0000000c x13=0x00000043
          15068	      7530	001002c0	00020837	lui	x16,0x20	 x16=0x00020000
          15072	      7532	001002c4	00d82023	sw	x13,0(x16)	 x16:0x00020000 x13:0x00000043 PA:0x00020000 store:0x00000043 load:0x00000000
          15086	      7539	001002c8	00008067	jalr	x0,0(x1)	  x1:0x00101238  x0=0x00000000
          15088	      7540	00101238	d089ae87	flw	f29,-760(x19)	 f19:0x00102000 f29=0x00000000 PA:0x00101d08 store:0x4598f2e4
          15090	      7541	0010123c	d24baf07	flw	f30,-732(x23)	 f23:0x00102000 f30=0x00000000 PA:0x00101d24 store:0x42f67c6a
          15112	      7552	00101240	a10a8513	addi	x10,x21,-1520	 x21:0x00102000 x10=0x00101a10
          15114	      7553	00101244	19eeffd3	fdiv.s	f31,f29,f30	 f29:0x00000032 f30:0x00020000 f31=0x00000000
          15120	      7556	00101248	d1f9a427	fsw	f31,-760(x19)	 f19:0x00102000 f31:0xac000000 PA:0x00101d08 store:0x056b3aa5 load:0x42f67c6a
          15128	      7560	0010124c	d089a007	flw	f0,-760(x19)	 f19:0x00102000  f0=0x00000000 PA:0x00101d08 store:0x4598f2e4
          15134	      7563	00101250	e0000e53	fmv.x.w	x28,f0	  f0:0x00000000 x28=0x056b3aa5
          15136	      7564	00101254	cfca2c23	sw	x28,-776(x20)	 x20:0x00102000 x28:0x056b3aa5 PA:0x00101cf8 store:0x056b3aa5 load:0x056b3aa5
          15140	      7566	00101258	e49fe0ef	jal	x1,1000a0	  x1=0x0010125c
          15144	      7568	001000a0	00054803	lbu	x16,0(x10)	 x10:0x00101a10 x16=0x0000000a PA:0x00101a10 store:0x00000000
          15146	      7569	001000a4	06080663	beq	x16,x0,100110	 x16:0x0000000a  x0:0x00000000
          15148	      7570	001000a8	000207b7	lui	x15,0x20	 x15=0x00020000
          15152	      7572	001000ac	0107a023	sw	x16,0(x15)	 x15:0x00020000 x16:0x0000000a PA:0x00020000 store:0x0000000a load:0x00000000
          15156	      7574	001000b0	00154703	lbu	x14,1(x10)	 x10:0x00101a10 x14=0x00000020 PA:0x00101a11 store:0x0010125c
          15158	      7575	001000b4	04070e63	beq	x14,x0,100110	 x14:0x00000020  x0:0x00000000
          15162	      7577	001000b8	00e7a023	sw	x14,0(x15)	 x15:0x00020000 x14:0x00000020 PA:0x00020000 store:0x00000020 load:0x00000000
          15166	      7579	001000bc	00254283	lbu	x5,2(x10)	 x10:0x00101a10  x5=0x00000069 PA:0x00101a12 store:0x00137fa0
          15168	      7580	001000c0	04028863	beq	x5,x0,100110	  x5:0x00000069  x0:0x00000000
          15172	      7582	001000c4	0057a023	sw	x5,0(x15)	 x15:0x00020000  x5:0x00000069 PA:0x00020000 store:0x00000069 load:0x00000000
          15176	      7584	001000c8	00354303	lbu	x6,3(x10)	 x10:0x00101a10  x6=0x0000003d PA:0x00101a13 store:0x00000000
          15178	      7585	001000cc	04030263	beq	x6,x0,100110	  x6:0x0000003d  x0:0x00000000
          15182	      7587	001000d0	0067a023	sw	x6,0(x15)	 x15:0x00020000  x6:0x0000003d PA:0x00020000 store:0x0000003d load:0x00000000
          15186	      7589	001000d4	00454383	lbu	x7,4(x10)	 x10:0x00101a10  x7=0x00000000 PA:0x00101a14 store:0x00000000
          15190	      7591	001000d8	02038c63	beq	x7,x0,100110	  x7:0x00000000  x0:0x00000000
          15194	      7593	00100110	00000513	addi	x10,x0,0	  x0:0x00000000 x10=0x00000000
          15198	      7595	00100114	00008067	jalr	x0,0(x1)	  x1:0x0010125c  x0=0x00000000
          15200	      7596	0010125c	000d8513	addi	x10,x27,0	 x27:0x00000011 x10=0x00000011
          15204	      7598	00101260	ec1fe0ef	jal	x1,100120	  x1=0x00101264
          15206	      7599	00100120	01c55793	srli	x15,x10,0x1c	 x10:0x00000011 x15=0x00000000
          15208	      7600	00100124	00900713	addi	x14,x0,9	  x0:0x00000000 x14=0x00000009
          15212	      7602	00100128	0cf77a63	bgeu	x14,x15,1001fc	 x14:0x00000009 x15:0x00000000
          15216	      7604	001001fc	03078393	addi	x7,x15,48	 x15:0x00000000  x7=0x00000030
          15218	      7605	00100200	000205b7	lui	x11,0x20	 x11=0x00020000
          15220	      7606	00100204	00451613	slli	x12,x10,0x4	 x10:0x00000011 x12=0x00000110
          15224	      7608	00100208	0075a023	sw	x7,0(x11)	 x11:0x00020000  x7:0x00000030 PA:0x00020000 store:0x00000030 load:0x00000000
          15226	      7609	0010020c	01c65693	srli	x13,x12,0x1c	 x12:0x00000110 x13=0x00000000
          15228	      7610	00100210	00900813	addi	x16,x0,9	  x0:0x00000000 x16=0x00000009
          15230	      7611	00100214	f2d86ae3	bltu	x16,x13,100148	 x16:0x00000009 x13:0x00000000
          15232	      7612	00100218	03068e93	addi	x29,x13,48	 x13:0x00000000 x29=0x00000030
          15234	      7613	0010021c	00020f37	lui	x30,0x20	 x30=0x00020000
          15236	      7614	00100220	00851f93	slli	x31,x10,0x8	 x10:0x00000011 x31=0x00001100
          15240	      7616	00100224	01df2023	sw	x29,0(x30)	 x30:0x00020000 x29:0x00000030 PA:0x00020000 store:0x00000030 load:0x00000000
          15242	      7617	00100228	01cfd793	srli	x15,x31,0x1c	 x31:0x00001100 x15=0x00000000
          15244	      7618	0010022c	00900713	addi	x14,x0,9	  x0:0x00000000 x14=0x00000009
          15246	      7619	00100230	f2f76ae3	bltu	x14,x15,100164	 x14:0x00000009 x15:0x00000000
          15248	      7620	00100234	03078393	addi	x7,x15,48	 x15:0x00000000  x7=0x00000030
          15250	      7621	00100238	000205b7	lui	x11,0x20	 x11=0x00020000
          15252	      7622	0010023c	00c51613	slli	x12,x10,0xc	 x10:0x00000011 x12=0x00011000
          15256	      7624	00100240	0075a023	sw	x7,0(x11)	 x11:0x00020000  x7:0x00000030 PA:0x00020000 store:0x00000030 load:0x00000000
          15258	      7625	00100244	01c65693	srli	x13,x12,0x1c	 x12:0x00011000 x13=0x00000000
          15260	      7626	00100248	00900813	addi	x16,x0,9	  x0:0x00000000 x16=0x00000009
          15262	      7627	0010024c	f2d86ae3	bltu	x16,x13,100180	 x16:0x00000009 x13:0x00000000
          15264	      7628	00100250	03068e93	addi	x29,x13,48	 x13:0x00000000 x29=0x00000030
          15266	      7629	00100254	00020f37	lui	x30,0x20	 x30=0x00020000
          15268	      7630	00100258	01051f93	slli	x31,x10,0x10	 x10:0x00000011 x31=0x00110000
          15272	      7632	0010025c	01df2023	sw	x29,0(x30)	 x30:0x00020000 x29:0x00000030 PA:0x00020000 store:0x00000030 load:0x00000000
          15274	      7633	00100260	01cfd793	srli	x15,x31,0x1c	 x31:0x00110000 x15=0x00000000
          15276	      7634	00100264	00900713	addi	x14,x0,9	  x0:0x00000000 x14=0x00000009
          15278	      7635	00100268	f2f76ae3	bltu	x14,x15,10019c	 x14:0x00000009 x15:0x00000000
          15280	      7636	0010026c	03078393	addi	x7,x15,48	 x15:0x00000000  x7=0x00000030
          15282	      7637	00100270	000205b7	lui	x11,0x20	 x11=0x00020000
          15284	      7638	00100274	01451613	slli	x12,x10,0x14	 x10:0x00000011 x12=0x01100000
          15288	      7640	00100278	0075a023	sw	x7,0(x11)	 x11:0x00020000  x7:0x00000030 PA:0x00020000 store:0x00000030 load:0x00000000
          15290	      7641	0010027c	01c65693	srli	x13,x12,0x1c	 x12:0x01100000 x13=0x00000000
          15292	      7642	00100280	00900813	addi	x16,x0,9	  x0:0x00000000 x16=0x00000009
          15294	      7643	00100284	f2d86ae3	bltu	x16,x13,1001b8	 x16:0x00000009 x13:0x00000000
          15296	      7644	00100288	03068e93	addi	x29,x13,48	 x13:0x00000000 x29=0x00000030
          15298	      7645	0010028c	00020f37	lui	x30,0x20	 x30=0x00020000
          15300	      7646	00100290	01851f93	slli	x31,x10,0x18	 x10:0x00000011 x31=0x11000000
          15304	      7648	00100294	01df2023	sw	x29,0(x30)	 x30:0x00020000 x29:0x00000030 PA:0x00020000 store:0x00000030 load:0x00000000
          15306	      7649	00100298	01cfd793	srli	x15,x31,0x1c	 x31:0x11000000 x15=0x00000001
          15308	      7650	0010029c	00900713	addi	x14,x0,9	  x0:0x00000000 x14=0x00000009
          15310	      7651	001002a0	f2f76ae3	bltu	x14,x15,1001d4	 x14:0x00000009 x15:0x00000001
          15312	      7652	001002a4	03078393	addi	x7,x15,48	 x15:0x00000001  x7=0x00000031
          15314	      7653	001002a8	000205b7	lui	x11,0x20	 x11=0x00020000
          15318	      7655	001002ac	0075a023	sw	x7,0(x11)	 x11:0x00020000  x7:0x00000031 PA:0x00020000 store:0x00000031 load:0x00000000
          15320	      7656	001002b0	00f57513	andi	x10,x10,15	 x10:0x00000011 x10=0x00000001
          15322	      7657	001002b4	00900613	addi	x12,x0,9	  x0:0x00000000 x12=0x00000009
          15326	      7659	001002b8	f2a67ae3	bgeu	x12,x10,1001ec	 x12:0x00000009 x10:0x00000001
          15330	      7661	001001ec	03050893	addi	x17,x10,48	 x10:0x00000001 x17=0x00000031
          15332	      7662	001001f0	00020e37	lui	x28,0x20	 x28=0x00020000
          15336	      7664	001001f4	011e2023	sw	x17,0(x28)	 x28:0x00020000 x17:0x00000031 PA:0x00020000 store:0x00000031 load:0x00000000
          15340	      7666	001001f8	00008067	jalr	x0,0(x1)	  x1:0x00101264  x0=0x00000000
          15342	      7667	00101264	a18b0513	addi	x10,x22,-1512	 x22:0x00102000 x10=0x00101a18
          15346	      7669	00101268	e39fe0ef	jal	x1,1000a0	  x1=0x0010126c
          15350	      7671	001000a0	00054803	lbu	x16,0(x10)	 x10:0x00101a18 x16=0x00000020 PA:0x00101a18 store:0x00000000
          15352	      7672	001000a4	06080663	beq	x16,x0,100110	 x16:0x00000020  x0:0x00000000
          15354	      7673	001000a8	000207b7	lui	x15,0x20	 x15=0x00020000
          15358	      7675	001000ac	0107a023	sw	x16,0(x15)	 x15:0x00020000 x16:0x00000020 PA:0x00020000 store:0x00000020 load:0x00000000
          15362	      7677	001000b0	00154703	lbu	x14,1(x10)	 x10:0x00101a18 x14=0x00000072 PA:0x00101a19 store:0x0010126c
          15364	      7678	001000b4	04070e63	beq	x14,x0,100110	 x14:0x00000072  x0:0x00000000
          15368	      7680	001000b8	00e7a023	sw	x14,0(x15)	 x15:0x00020000 x14:0x00000072 PA:0x00020000 store:0x00000072 load:0x00000000
          15372	      7682	001000bc	00254283	lbu	x5,2(x10)	 x10:0x00101a18  x5=0x00000065 PA:0x00101a1a store:0x00137fa0
          15374	      7683	001000c0	04028863	beq	x5,x0,100110	  x5:0x00000065  x0:0x00000000
          15378	      7685	001000c4	0057a023	sw	x5,0(x15)	 x15:0x00020000  x5:0x00000065 PA:0x00020000 store:0x00000065 load:0x00000000
          15382	      7687	001000c8	00354303	lbu	x6,3(x10)	 x10:0x00101a18  x6=0x00000073 PA:0x00101a1b store:0x00000000
          15384	      7688	001000cc	04030263	beq	x6,x0,100110	  x6:0x00000073  x0:0x00000000
          15388	      7690	001000d0	0067a023	sw	x6,0(x15)	 x15:0x00020000  x6:0x00000073 PA:0x00020000 store:0x00000073 load:0x00000000
          15392	      7692	001000d4	00454383	lbu	x7,4(x10)	 x10:0x00101a18  x7=0x00000075 PA:0x00101a1c store:0x00000000
          15394	      7693	001000d8	02038c63	beq	x7,x0,100110	  x7:0x00000075  x0:0x00000000
          15398	      7695	001000dc	0077a023	sw	x7,0(x15)	 x15:0x00020000  x7:0x00000075 PA:0x00020000 store:0x00000075 load:0x00000000
          15402	      7697	001000e0	00554583	lbu	x11,5(x10)	 x10:0x00101a18 x11=0x0000006c PA:0x00101a1d store:0x00000065
          15404	      7698	001000e4	02058663	beq	x11,x0,100110	 x11:0x0000006c  x0:0x00000000
          15408	      7700	001000e8	00b7a023	sw	x11,0(x15)	 x15:0x00020000 x11:0x0000006c PA:0x00020000 store:0x0000006c load:0x00000000
          15412	      7702	001000ec	00654603	lbu	x12,6(x10)	 x10:0x00101a18 x12=0x00000074 PA:0x00101a1e store:0x00000073
          15414	      7703	001000f0	02060063	beq	x12,x0,100110	 x12:0x00000074  x0:0x00000000
          15418	      7705	001000f4	00c7a023	sw	x12,0(x15)	 x15:0x00020000 x12:0x00000074 PA:0x00020000 store:0x00000074 load:0x00000000
          15422	      7707	001000f8	00754683	lbu	x13,7(x10)	 x10:0x00101a18 x13=0x0000003a PA:0x00101a1f store:0x00000075
          15424	      7708	001000fc	00850513	addi	x10,x10,8	 x10:0x00101a18 x10=0x00101a20
          15426	      7709	00100100	00068863	beq	x13,x0,100110	 x13:0x0000003a  x0:0x00000000
          15430	      7711	00100104	00d7a023	sw	x13,0(x15)	 x15:0x00020000 x13:0x0000003a PA:0x00020000 store:0x0000003a load:0x00000000
          15434	      7713	00100108	00054803	lbu	x16,0(x10)	 x10:0x00101a20 x16=0x00000020 PA:0x00101a20 store:0x00000000
          15438	      7715	0010010c	fa0810e3	bne	x16,x0,1000ac	 x16:0x00000020  x0:0x00000000
          15444	      7718	001000ac	0107a023	sw	x16,0(x15)	 x15:0x00020000 x16:0x00000020 PA:0x00020000 store:0x00000020 load:0x00000000
          15448	      7720	001000b0	00154703	lbu	x14,1(x10)	 x10:0x00101a20 x14=0x00000000 PA:0x00101a21 store:0x0010126c
          15452	      7722	001000b4	04070e63	beq	x14,x0,100110	 x14:0x00000000  x0:0x00000000
          15456	      7724	00100110	00000513	addi	x10,x0,0	  x0:0x00000000 x10=0x00000000
          15460	      7726	00100114	00008067	jalr	x0,0(x1)	  x1:0x0010126c  x0=0x00000000
          15464	      7728	0010126c	cf8a2503	lw	x10,-776(x20)	 x20:0x00102000 x10=0x056b3aa5 PA:0x00101cf8 store:0x00000010
          15466	      7729	00101270	002c0d93	addi	x27,x24,2	 x24:0x00000010 x27=0x00000012
          15470	      7731	00101274	eadfe0ef	jal	x1,100120	  x1=0x00101278
          15472	      7732	00100120	01c55793	srli	x15,x10,0x1c	 x10:0x056b3aa5 x15=0x00000000
          15474	      7733	00100124	00900713	addi	x14,x0,9	  x0:0x00000000 x14=0x00000009
          15478	      7735	00100128	0cf77a63	bgeu	x14,x15,1001fc	 x14:0x00000009 x15:0x00000000
          15482	      7737	001001fc	03078393	addi	x7,x15,48	 x15:0x00000000  x7=0x00000030
          15484	      7738	00100200	000205b7	lui	x11,0x20	 x11=0x00020000
          15486	      7739	00100204	00451613	slli	x12,x10,0x4	 x10:0x056b3aa5 x12=0x56b3aa50
          15490	      7741	00100208	0075a023	sw	x7,0(x11)	 x11:0x00020000  x7:0x00000030 PA:0x00020000 store:0x00000030 load:0x00000000
          15492	      7742	0010020c	01c65693	srli	x13,x12,0x1c	 x12:0x56b3aa50 x13=0x00000005
          15494	      7743	00100210	00900813	addi	x16,x0,9	  x0:0x00000000 x16=0x00000009
          15496	      7744	00100214	f2d86ae3	bltu	x16,x13,100148	 x16:0x00000009 x13:0x00000005
          15498	      7745	00100218	03068e93	addi	x29,x13,48	 x13:0x00000005 x29=0x00000035
          15500	      7746	0010021c	00020f37	lui	x30,0x20	 x30=0x00020000
          15502	      7747	00100220	00851f93	slli	x31,x10,0x8	 x10:0x056b3aa5 x31=0x6b3aa500
          15506	      7749	00100224	01df2023	sw	x29,0(x30)	 x30:0x00020000 x29:0x00000035 PA:0x00020000 store:0x00000035 load:0x00000000
          15508	      7750	00100228	01cfd793	srli	x15,x31,0x1c	 x31:0x6b3aa500 x15=0x00000006
          15510	      7751	0010022c	00900713	addi	x14,x0,9	  x0:0x00000000 x14=0x00000009
          15512	      7752	00100230	f2f76ae3	bltu	x14,x15,100164	 x14:0x00000009 x15:0x00000006
          15514	      7753	00100234	03078393	addi	x7,x15,48	 x15:0x00000006  x7=0x00000036
          15516	      7754	00100238	000205b7	lui	x11,0x20	 x11=0x00020000
          15518	      7755	0010023c	00c51613	slli	x12,x10,0xc	 x10:0x056b3aa5 x12=0xb3aa5000
          15522	      7757	00100240	0075a023	sw	x7,0(x11)	 x11:0x00020000  x7:0x00000036 PA:0x00020000 store:0x00000036 load:0x00000000
          15524	      7758	00100244	01c65693	srli	x13,x12,0x1c	 x12:0xb3aa5000 x13=0x0000000b
          15526	      7759	00100248	00900813	addi	x16,x0,9	  x0:0x00000000 x16=0x00000009
          15530	      7761	0010024c	f2d86ae3	bltu	x16,x13,100180	 x16:0x00000009 x13:0x0000000b
          15534	      7763	00100180	03768893	addi	x17,x13,55	 x13:0x0000000b x17=0x00000042
          15536	      7764	00100184	00020e37	lui	x28,0x20	 x28=0x00020000
          15538	      7765	00100188	01051f93	slli	x31,x10,0x10	 x10:0x056b3aa5 x31=0x3aa50000
          15542	      7767	0010018c	011e2023	sw	x17,0(x28)	 x28:0x00020000 x17:0x00000042 PA:0x00020000 store:0x00000042 load:0x00000000
          15544	      7768	00100190	01cfd793	srli	x15,x31,0x1c	 x31:0x3aa50000 x15=0x00000003
          15546	      7769	00100194	00900713	addi	x14,x0,9	  x0:0x00000000 x14=0x00000009
          15550	      7771	00100198	0cf77a63	bgeu	x14,x15,10026c	 x14:0x00000009 x15:0x00000003
          15554	      7773	0010026c	03078393	addi	x7,x15,48	 x15:0x00000003  x7=0x00000033
          15556	      7774	00100270	000205b7	lui	x11,0x20	 x11=0x00020000
          15558	      7775	00100274	01451613	slli	x12,x10,0x14	 x10:0x056b3aa5 x12=0xaa500000
          15562	      7777	00100278	0075a023	sw	x7,0(x11)	 x11:0x00020000  x7:0x00000033 PA:0x00020000 store:0x00000033 load:0x00000000
          15564	      7778	0010027c	01c65693	srli	x13,x12,0x1c	 x12:0xaa500000 x13=0x0000000a
          15566	      7779	00100280	00900813	addi	x16,x0,9	  x0:0x00000000 x16=0x00000009
          15570	      7781	00100284	f2d86ae3	bltu	x16,x13,1001b8	 x16:0x00000009 x13:0x0000000a
          15574	      7783	001001b8	03768893	addi	x17,x13,55	 x13:0x0000000a x17=0x00000041
          15576	      7784	001001bc	00020e37	lui	x28,0x20	 x28=0x00020000
          15578	      7785	001001c0	01851f93	slli	x31,x10,0x18	 x10:0x056b3aa5 x31=0xa5000000
          15582	      7787	001001c4	011e2023	sw	x17,0(x28)	 x28:0x00020000 x17:0x00000041 PA:0x00020000 store:0x00000041 load:0x00000000
          15584	      7788	001001c8	01cfd793	srli	x15,x31,0x1c	 x31:0xa5000000 x15=0x0000000a
          15586	      7789	001001cc	00900713	addi	x14,x0,9	  x0:0x00000000 x14=0x00000009
          15588	      7790	001001d0	0cf77a63	bgeu	x14,x15,1002a4	 x14:0x00000009 x15:0x0000000a
          15590	      7791	001001d4	03778293	addi	x5,x15,55	 x15:0x0000000a  x5=0x00000041
          15592	      7792	001001d8	00020337	lui	x6,0x20	  x6=0x00020000
          15596	      7794	001001dc	00532023	sw	x5,0(x6)	  x6:0x00020000  x5:0x00000041 PA:0x00020000 store:0x00000041 load:0x00000000
          15598	      7795	001001e0	00f57513	andi	x10,x10,15	 x10:0x056b3aa5 x10=0x00000005
          15600	      7796	001001e4	00900613	addi	x12,x0,9	  x0:0x00000000 x12=0x00000009
          15602	      7797	001001e8	0ca66a63	bltu	x12,x10,1002bc	 x12:0x00000009 x10:0x00000005
          15604	      7798	001001ec	03050893	addi	x17,x10,48	 x10:0x00000005 x17=0x00000035
          15606	      7799	001001f0	00020e37	lui	x28,0x20	 x28=0x00020000
          15610	      7801	001001f4	011e2023	sw	x17,0(x28)	 x28:0x00020000 x17:0x00000035 PA:0x00020000 store:0x00000035 load:0x00000000
          15624	      7808	001001f8	00008067	jalr	x0,0(x1)	  x1:0x00101278  x0=0x00000000
          15626	      7809	00101278	d089a087	flw	f1,-760(x19)	 f19:0x00102000  f1=0x00000000 PA:0x00101d08 store:0x4598f2e4
          15628	      7810	0010127c	d24ba107	flw	f2,-732(x23)	 f23:0x00102000  f2=0x00000000 PA:0x00101d24 store:0x42f67c6a
          15650	      7821	00101280	a10a8513	addi	x10,x21,-1520	 x21:0x00102000 x10=0x00101a10
          15652	      7822	00101284	1820f753	fdiv.s	f14,f1,f2	  f1:0x00101278  f2:0x00137fa0 f14=0x00000000
          15658	      7825	00101288	d0e9a427	fsw	f14,-760(x19)	 f19:0x00102000 f14:0x00000009 PA:0x00101d08 store:0x01f44f00 load:0x42f67c6a
          15666	      7829	0010128c	d089a787	flw	f15,-760(x19)	 f19:0x00102000 f15=0x00000000 PA:0x00101d08 store:0x4598f2e4
          15672	      7832	00101290	e0078ed3	fmv.x.w	x29,f15	 f15:0x0000000a x29=0x01f44f00
          15674	      7833	00101294	cfda2c23	sw	x29,-776(x20)	 x20:0x00102000 x29:0x01f44f00 PA:0x00101cf8 store:0x01f44f00 load:0x01f44f00
          15678	      7835	00101298	e09fe0ef	jal	x1,1000a0	  x1=0x0010129c
          15682	      7837	001000a0	00054803	lbu	x16,0(x10)	 x10:0x00101a10 x16=0x0000000a PA:0x00101a10 store:0x00000000
          15684	      7838	001000a4	06080663	beq	x16,x0,100110	 x16:0x0000000a  x0:0x00000000
          15686	      7839	001000a8	000207b7	lui	x15,0x20	 x15=0x00020000
          15690	      7841	001000ac	0107a023	sw	x16,0(x15)	 x15:0x00020000 x16:0x0000000a PA:0x00020000 store:0x0000000a load:0x00000000
          15694	      7843	001000b0	00154703	lbu	x14,1(x10)	 x10:0x00101a10 x14=0x00000020 PA:0x00101a11 store:0x0010129c
          15696	      7844	001000b4	04070e63	beq	x14,x0,100110	 x14:0x00000020  x0:0x00000000
          15700	      7846	001000b8	00e7a023	sw	x14,0(x15)	 x15:0x00020000 x14:0x00000020 PA:0x00020000 store:0x00000020 load:0x00000000
          15704	      7848	001000bc	00254283	lbu	x5,2(x10)	 x10:0x00101a10  x5=0x00000069 PA:0x00101a12 store:0x00137fa0
          15706	      7849	001000c0	04028863	beq	x5,x0,100110	  x5:0x00000069  x0:0x00000000
          15710	      7851	001000c4	0057a023	sw	x5,0(x15)	 x15:0x00020000  x5:0x00000069 PA:0x00020000 store:0x00000069 load:0x00000000
          15714	      7853	001000c8	00354303	lbu	x6,3(x10)	 x10:0x00101a10  x6=0x0000003d PA:0x00101a13 store:0x00000000
          15716	      7854	001000cc	04030263	beq	x6,x0,100110	  x6:0x0000003d  x0:0x00000000
          15720	      7856	001000d0	0067a023	sw	x6,0(x15)	 x15:0x00020000  x6:0x0000003d PA:0x00020000 store:0x0000003d load:0x00000000
          15724	      7858	001000d4	00454383	lbu	x7,4(x10)	 x10:0x00101a10  x7=0x00000000 PA:0x00101a14 store:0x00000000
          15728	      7860	001000d8	02038c63	beq	x7,x0,100110	  x7:0x00000000  x0:0x00000000
          15732	      7862	00100110	00000513	addi	x10,x0,0	  x0:0x00000000 x10=0x00000000
          15736	      7864	00100114	00008067	jalr	x0,0(x1)	  x1:0x0010129c  x0=0x00000000
          15738	      7865	0010129c	000d8513	addi	x10,x27,0	 x27:0x00000012 x10=0x00000012
          15742	      7867	001012a0	e81fe0ef	jal	x1,100120	  x1=0x001012a4
          15744	      7868	00100120	01c55793	srli	x15,x10,0x1c	 x10:0x00000012 x15=0x00000000
          15746	      7869	00100124	00900713	addi	x14,x0,9	  x0:0x00000000 x14=0x00000009
          15750	      7871	00100128	0cf77a63	bgeu	x14,x15,1001fc	 x14:0x00000009 x15:0x00000000
          15754	      7873	001001fc	03078393	addi	x7,x15,48	 x15:0x00000000  x7=0x00000030
          15756	      7874	00100200	000205b7	lui	x11,0x20	 x11=0x00020000
          15758	      7875	00100204	00451613	slli	x12,x10,0x4	 x10:0x00000012 x12=0x00000120
          15762	      7877	00100208	0075a023	sw	x7,0(x11)	 x11:0x00020000  x7:0x00000030 PA:0x00020000 store:0x00000030 load:0x00000000
          15764	      7878	0010020c	01c65693	srli	x13,x12,0x1c	 x12:0x00000120 x13=0x00000000
          15766	      7879	00100210	00900813	addi	x16,x0,9	  x0:0x00000000 x16=0x00000009
          15768	      7880	00100214	f2d86ae3	bltu	x16,x13,100148	 x16:0x00000009 x13:0x00000000
          15770	      7881	00100218	03068e93	addi	x29,x13,48	 x13:0x00000000 x29=0x00000030
          15772	      7882	0010021c	00020f37	lui	x30,0x20	 x30=0x00020000
          15774	      7883	00100220	00851f93	slli	x31,x10,0x8	 x10:0x00000012 x31=0x00001200
          15778	      7885	00100224	01df2023	sw	x29,0(x30)	 x30:0x00020000 x29:0x00000030 PA:0x00020000 store:0x00000030 load:0x00000000
          15780	      7886	00100228	01cfd793	srli	x15,x31,0x1c	 x31:0x00001200 x15=0x00000000
          15782	      7887	0010022c	00900713	addi	x14,x0,9	  x0:0x00000000 x14=0x00000009
          15784	      7888	00100230	f2f76ae3	bltu	x14,x15,100164	 x14:0x00000009 x15:0x00000000
          15786	      7889	00100234	03078393	addi	x7,x15,48	 x15:0x00000000  x7=0x00000030
          15788	      7890	00100238	000205b7	lui	x11,0x20	 x11=0x00020000
          15790	      7891	0010023c	00c51613	slli	x12,x10,0xc	 x10:0x00000012 x12=0x00012000
          15794	      7893	00100240	0075a023	sw	x7,0(x11)	 x11:0x00020000  x7:0x00000030 PA:0x00020000 store:0x00000030 load:0x00000000
          15796	      7894	00100244	01c65693	srli	x13,x12,0x1c	 x12:0x00012000 x13=0x00000000
          15798	      7895	00100248	00900813	addi	x16,x0,9	  x0:0x00000000 x16=0x00000009
          15800	      7896	0010024c	f2d86ae3	bltu	x16,x13,100180	 x16:0x00000009 x13:0x00000000
          15802	      7897	00100250	03068e93	addi	x29,x13,48	 x13:0x00000000 x29=0x00000030
          15804	      7898	00100254	00020f37	lui	x30,0x20	 x30=0x00020000
          15806	      7899	00100258	01051f93	slli	x31,x10,0x10	 x10:0x00000012 x31=0x00120000
          15810	      7901	0010025c	01df2023	sw	x29,0(x30)	 x30:0x00020000 x29:0x00000030 PA:0x00020000 store:0x00000030 load:0x00000000
          15812	      7902	00100260	01cfd793	srli	x15,x31,0x1c	 x31:0x00120000 x15=0x00000000
          15814	      7903	00100264	00900713	addi	x14,x0,9	  x0:0x00000000 x14=0x00000009
          15816	      7904	00100268	f2f76ae3	bltu	x14,x15,10019c	 x14:0x00000009 x15:0x00000000
          15818	      7905	0010026c	03078393	addi	x7,x15,48	 x15:0x00000000  x7=0x00000030
          15820	      7906	00100270	000205b7	lui	x11,0x20	 x11=0x00020000
          15822	      7907	00100274	01451613	slli	x12,x10,0x14	 x10:0x00000012 x12=0x01200000
          15826	      7909	00100278	0075a023	sw	x7,0(x11)	 x11:0x00020000  x7:0x00000030 PA:0x00020000 store:0x00000030 load:0x00000000
          15828	      7910	0010027c	01c65693	srli	x13,x12,0x1c	 x12:0x01200000 x13=0x00000000
          15830	      7911	00100280	00900813	addi	x16,x0,9	  x0:0x00000000 x16=0x00000009
          15832	      7912	00100284	f2d86ae3	bltu	x16,x13,1001b8	 x16:0x00000009 x13:0x00000000
          15834	      7913	00100288	03068e93	addi	x29,x13,48	 x13:0x00000000 x29=0x00000030
          15836	      7914	0010028c	00020f37	lui	x30,0x20	 x30=0x00020000
          15838	      7915	00100290	01851f93	slli	x31,x10,0x18	 x10:0x00000012 x31=0x12000000
          15842	      7917	00100294	01df2023	sw	x29,0(x30)	 x30:0x00020000 x29:0x00000030 PA:0x00020000 store:0x00000030 load:0x00000000
          15844	      7918	00100298	01cfd793	srli	x15,x31,0x1c	 x31:0x12000000 x15=0x00000001
          15846	      7919	0010029c	00900713	addi	x14,x0,9	  x0:0x00000000 x14=0x00000009
          15848	      7920	001002a0	f2f76ae3	bltu	x14,x15,1001d4	 x14:0x00000009 x15:0x00000001
          15850	      7921	001002a4	03078393	addi	x7,x15,48	 x15:0x00000001  x7=0x00000031
          15852	      7922	001002a8	000205b7	lui	x11,0x20	 x11=0x00020000
          15856	      7924	001002ac	0075a023	sw	x7,0(x11)	 x11:0x00020000  x7:0x00000031 PA:0x00020000 store:0x00000031 load:0x00000000
          15858	      7925	001002b0	00f57513	andi	x10,x10,15	 x10:0x00000012 x10=0x00000002
          15860	      7926	001002b4	00900613	addi	x12,x0,9	  x0:0x00000000 x12=0x00000009
          15864	      7928	001002b8	f2a67ae3	bgeu	x12,x10,1001ec	 x12:0x00000009 x10:0x00000002
          15868	      7930	001001ec	03050893	addi	x17,x10,48	 x10:0x00000002 x17=0x00000032
          15870	      7931	001001f0	00020e37	lui	x28,0x20	 x28=0x00020000
          15874	      7933	001001f4	011e2023	sw	x17,0(x28)	 x28:0x00020000 x17:0x00000032 PA:0x00020000 store:0x00000032 load:0x00000000
          15878	      7935	001001f8	00008067	jalr	x0,0(x1)	  x1:0x001012a4  x0=0x00000000
          15880	      7936	001012a4	a18b0513	addi	x10,x22,-1512	 x22:0x00102000 x10=0x00101a18
          15884	      7938	001012a8	df9fe0ef	jal	x1,1000a0	  x1=0x001012ac
          15888	      7940	001000a0	00054803	lbu	x16,0(x10)	 x10:0x00101a18 x16=0x00000020 PA:0x00101a18 store:0x00000000
          15890	      7941	001000a4	06080663	beq	x16,x0,100110	 x16:0x00000020  x0:0x00000000
          15892	      7942	001000a8	000207b7	lui	x15,0x20	 x15=0x00020000
          15896	      7944	001000ac	0107a023	sw	x16,0(x15)	 x15:0x00020000 x16:0x00000020 PA:0x00020000 store:0x00000020 load:0x00000000
          15900	      7946	001000b0	00154703	lbu	x14,1(x10)	 x10:0x00101a18 x14=0x00000072 PA:0x00101a19 store:0x001012ac
          15902	      7947	001000b4	04070e63	beq	x14,x0,100110	 x14:0x00000072  x0:0x00000000
          15906	      7949	001000b8	00e7a023	sw	x14,0(x15)	 x15:0x00020000 x14:0x00000072 PA:0x00020000 store:0x00000072 load:0x00000000
          15910	      7951	001000bc	00254283	lbu	x5,2(x10)	 x10:0x00101a18  x5=0x00000065 PA:0x00101a1a store:0x00137fa0
          15912	      7952	001000c0	04028863	beq	x5,x0,100110	  x5:0x00000065  x0:0x00000000
          15916	      7954	001000c4	0057a023	sw	x5,0(x15)	 x15:0x00020000  x5:0x00000065 PA:0x00020000 store:0x00000065 load:0x00000000
          15920	      7956	001000c8	00354303	lbu	x6,3(x10)	 x10:0x00101a18  x6=0x00000073 PA:0x00101a1b store:0x00000000
          15922	      7957	001000cc	04030263	beq	x6,x0,100110	  x6:0x00000073  x0:0x00000000
          15926	      7959	001000d0	0067a023	sw	x6,0(x15)	 x15:0x00020000  x6:0x00000073 PA:0x00020000 store:0x00000073 load:0x00000000
          15930	      7961	001000d4	00454383	lbu	x7,4(x10)	 x10:0x00101a18  x7=0x00000075 PA:0x00101a1c store:0x00000000
          15932	      7962	001000d8	02038c63	beq	x7,x0,100110	  x7:0x00000075  x0:0x00000000
          15936	      7964	001000dc	0077a023	sw	x7,0(x15)	 x15:0x00020000  x7:0x00000075 PA:0x00020000 store:0x00000075 load:0x00000000
          15940	      7966	001000e0	00554583	lbu	x11,5(x10)	 x10:0x00101a18 x11=0x0000006c PA:0x00101a1d store:0x00000065
          15942	      7967	001000e4	02058663	beq	x11,x0,100110	 x11:0x0000006c  x0:0x00000000
          15946	      7969	001000e8	00b7a023	sw	x11,0(x15)	 x15:0x00020000 x11:0x0000006c PA:0x00020000 store:0x0000006c load:0x00000000
          15950	      7971	001000ec	00654603	lbu	x12,6(x10)	 x10:0x00101a18 x12=0x00000074 PA:0x00101a1e store:0x00000073
          15952	      7972	001000f0	02060063	beq	x12,x0,100110	 x12:0x00000074  x0:0x00000000
          15956	      7974	001000f4	00c7a023	sw	x12,0(x15)	 x15:0x00020000 x12:0x00000074 PA:0x00020000 store:0x00000074 load:0x00000000
          15960	      7976	001000f8	00754683	lbu	x13,7(x10)	 x10:0x00101a18 x13=0x0000003a PA:0x00101a1f store:0x00000075
          15962	      7977	001000fc	00850513	addi	x10,x10,8	 x10:0x00101a18 x10=0x00101a20
          15964	      7978	00100100	00068863	beq	x13,x0,100110	 x13:0x0000003a  x0:0x00000000
          15968	      7980	00100104	00d7a023	sw	x13,0(x15)	 x15:0x00020000 x13:0x0000003a PA:0x00020000 store:0x0000003a load:0x00000000
          15972	      7982	00100108	00054803	lbu	x16,0(x10)	 x10:0x00101a20 x16=0x00000020 PA:0x00101a20 store:0x00000000
          15976	      7984	0010010c	fa0810e3	bne	x16,x0,1000ac	 x16:0x00000020  x0:0x00000000
          15982	      7987	001000ac	0107a023	sw	x16,0(x15)	 x15:0x00020000 x16:0x00000020 PA:0x00020000 store:0x00000020 load:0x00000000
          15986	      7989	001000b0	00154703	lbu	x14,1(x10)	 x10:0x00101a20 x14=0x00000000 PA:0x00101a21 store:0x001012ac
          15990	      7991	001000b4	04070e63	beq	x14,x0,100110	 x14:0x00000000  x0:0x00000000
          15994	      7993	00100110	00000513	addi	x10,x0,0	  x0:0x00000000 x10=0x00000000
          15998	      7995	00100114	00008067	jalr	x0,0(x1)	  x1:0x001012ac  x0=0x00000000
          16002	      7997	001012ac	cf8a2503	lw	x10,-776(x20)	 x20:0x00102000 x10=0x01f44f00 PA:0x00101cf8 store:0x00000010
          16004	      7998	001012b0	003c0d93	addi	x27,x24,3	 x24:0x00000010 x27=0x00000013
          16006	      7999	001012b4	004c0c13	addi	x24,x24,4	 x24:0x00000010 x24=0x00000014
          16010	      8001	001012b8	e69fe0ef	jal	x1,100120	  x1=0x001012bc
          16012	      8002	00100120	01c55793	srli	x15,x10,0x1c	 x10:0x01f44f00 x15=0x00000000
          16014	      8003	00100124	00900713	addi	x14,x0,9	  x0:0x00000000 x14=0x00000009
          16018	      8005	00100128	0cf77a63	bgeu	x14,x15,1001fc	 x14:0x00000009 x15:0x00000000
          16022	      8007	001001fc	03078393	addi	x7,x15,48	 x15:0x00000000  x7=0x00000030
          16024	      8008	00100200	000205b7	lui	x11,0x20	 x11=0x00020000
          16026	      8009	00100204	00451613	slli	x12,x10,0x4	 x10:0x01f44f00 x12=0x1f44f000
          16030	      8011	00100208	0075a023	sw	x7,0(x11)	 x11:0x00020000  x7:0x00000030 PA:0x00020000 store:0x00000030 load:0x00000000
          16032	      8012	0010020c	01c65693	srli	x13,x12,0x1c	 x12:0x1f44f000 x13=0x00000001
          16034	      8013	00100210	00900813	addi	x16,x0,9	  x0:0x00000000 x16=0x00000009
          16036	      8014	00100214	f2d86ae3	bltu	x16,x13,100148	 x16:0x00000009 x13:0x00000001
          16038	      8015	00100218	03068e93	addi	x29,x13,48	 x13:0x00000001 x29=0x00000031
          16040	      8016	0010021c	00020f37	lui	x30,0x20	 x30=0x00020000
          16042	      8017	00100220	00851f93	slli	x31,x10,0x8	 x10:0x01f44f00 x31=0xf44f0000
          16046	      8019	00100224	01df2023	sw	x29,0(x30)	 x30:0x00020000 x29:0x00000031 PA:0x00020000 store:0x00000031 load:0x00000000
          16048	      8020	00100228	01cfd793	srli	x15,x31,0x1c	 x31:0xf44f0000 x15=0x0000000f
          16050	      8021	0010022c	00900713	addi	x14,x0,9	  x0:0x00000000 x14=0x00000009
          16054	      8023	00100230	f2f76ae3	bltu	x14,x15,100164	 x14:0x00000009 x15:0x0000000f
          16058	      8025	00100164	03778293	addi	x5,x15,55	 x15:0x0000000f  x5=0x00000046
          16060	      8026	00100168	00020337	lui	x6,0x20	  x6=0x00020000
          16062	      8027	0010016c	00c51613	slli	x12,x10,0xc	 x10:0x01f44f00 x12=0x44f00000
          16066	      8029	00100170	00532023	sw	x5,0(x6)	  x6:0x00020000  x5:0x00000046 PA:0x00020000 store:0x00000046 load:0x00000000
          16068	      8030	00100174	01c65693	srli	x13,x12,0x1c	 x12:0x44f00000 x13=0x00000004
          16070	      8031	00100178	00900813	addi	x16,x0,9	  x0:0x00000000 x16=0x00000009
          16074	      8033	0010017c	0cd87a63	bgeu	x16,x13,100250	 x16:0x00000009 x13:0x00000004
          16078	      8035	00100250	03068e93	addi	x29,x13,48	 x13:0x00000004 x29=0x00000034
          16080	      8036	00100254	00020f37	lui	x30,0x20	 x30=0x00020000
          16082	      8037	00100258	01051f93	slli	x31,x10,0x10	 x10:0x01f44f00 x31=0x4f000000
          16086	      8039	0010025c	01df2023	sw	x29,0(x30)	 x30:0x00020000 x29:0x00000034 PA:0x00020000 store:0x00000034 load:0x00000000
          16088	      8040	00100260	01cfd793	srli	x15,x31,0x1c	 x31:0x4f000000 x15=0x00000004
          16090	      8041	00100264	00900713	addi	x14,x0,9	  x0:0x00000000 x14=0x00000009
          16092	      8042	00100268	f2f76ae3	bltu	x14,x15,10019c	 x14:0x00000009 x15:0x00000004
          16094	      8043	0010026c	03078393	addi	x7,x15,48	 x15:0x00000004  x7=0x00000034
          16096	      8044	00100270	000205b7	lui	x11,0x20	 x11=0x00020000
          16098	      8045	00100274	01451613	slli	x12,x10,0x14	 x10:0x01f44f00 x12=0xf0000000
          16102	      8047	00100278	0075a023	sw	x7,0(x11)	 x11:0x00020000  x7:0x00000034 PA:0x00020000 store:0x00000034 load:0x00000000
          16104	      8048	0010027c	01c65693	srli	x13,x12,0x1c	 x12:0xf0000000 x13=0x0000000f
          16106	      8049	00100280	00900813	addi	x16,x0,9	  x0:0x00000000 x16=0x00000009
          16110	      8051	00100284	f2d86ae3	bltu	x16,x13,1001b8	 x16:0x00000009 x13:0x0000000f
          16114	      8053	001001b8	03768893	addi	x17,x13,55	 x13:0x0000000f x17=0x00000046
          16116	      8054	001001bc	00020e37	lui	x28,0x20	 x28=0x00020000
          16118	      8055	001001c0	01851f93	slli	x31,x10,0x18	 x10:0x01f44f00 x31=0x00000000
          16122	      8057	001001c4	011e2023	sw	x17,0(x28)	 x28:0x00020000 x17:0x00000046 PA:0x00020000 store:0x00000046 load:0x00000000
          16124	      8058	001001c8	01cfd793	srli	x15,x31,0x1c	 x31:0x00000000 x15=0x00000000
          16126	      8059	001001cc	00900713	addi	x14,x0,9	  x0:0x00000000 x14=0x00000009
          16130	      8061	001001d0	0cf77a63	bgeu	x14,x15,1002a4	 x14:0x00000009 x15:0x00000000
          16134	      8063	001002a4	03078393	addi	x7,x15,48	 x15:0x00000000  x7=0x00000030
          16136	      8064	001002a8	000205b7	lui	x11,0x20	 x11=0x00020000
          16140	      8066	001002ac	0075a023	sw	x7,0(x11)	 x11:0x00020000  x7:0x00000030 PA:0x00020000 store:0x00000030 load:0x00000000
          16142	      8067	001002b0	00f57513	andi	x10,x10,15	 x10:0x01f44f00 x10=0x00000000
          16144	      8068	001002b4	00900613	addi	x12,x0,9	  x0:0x00000000 x12=0x00000009
          16148	      8070	001002b8	f2a67ae3	bgeu	x12,x10,1001ec	 x12:0x00000009 x10:0x00000000
          16152	      8072	001001ec	03050893	addi	x17,x10,48	 x10:0x00000000 x17=0x00000030
          16154	      8073	001001f0	00020e37	lui	x28,0x20	 x28=0x00020000
          16158	      8075	001001f4	011e2023	sw	x17,0(x28)	 x28:0x00020000 x17:0x00000030 PA:0x00020000 store:0x00000030 load:0x00000000
          16172	      8082	001001f8	00008067	jalr	x0,0(x1)	  x1:0x001012bc  x0=0x00000000
          16174	      8083	001012bc	d089a187	flw	f3,-760(x19)	 f19:0x00102000  f3=0x00000000 PA:0x00101d08 store:0x4598f2e4
          16176	      8084	001012c0	d24ba207	flw	f4,-732(x23)	 f23:0x00102000  f4=0x00000000 PA:0x00101d24 store:0x42f67c6a
          16198	      8095	001012c4	a10a8513	addi	x10,x21,-1520	 x21:0x00102000 x10=0x00101a10
          16200	      8096	001012c8	1841f5d3	fdiv.s	f11,f3,f4	  f3:0x00000000  f4:0x00000000 f11=0x00000000
          16206	      8099	001012cc	d0b9a427	fsw	f11,-760(x19)	 f19:0x00102000 f11:0x00020000 PA:0x00101d08 store:0x0007ede9 load:0x42f67c6a
          16214	      8103	001012d0	d089a287	flw	f5,-760(x19)	 f19:0x00102000  f5=0x00000000 PA:0x00101d08 store:0x4598f2e4
          16220	      8106	001012d4	e0028f53	fmv.x.w	x30,f5	  f5:0x00000046 x30=0x0007ede9
          16222	      8107	001012d8	cfea2c23	sw	x30,-776(x20)	 x20:0x00102000 x30:0x0007ede9 PA:0x00101cf8 store:0x0007ede9 load:0x0007ede9
          16226	      8109	001012dc	dc5fe0ef	jal	x1,1000a0	  x1=0x001012e0
          16230	      8111	001000a0	00054803	lbu	x16,0(x10)	 x10:0x00101a10 x16=0x0000000a PA:0x00101a10 store:0x00000000
          16232	      8112	001000a4	06080663	beq	x16,x0,100110	 x16:0x0000000a  x0:0x00000000
          16234	      8113	001000a8	000207b7	lui	x15,0x20	 x15=0x00020000
          16238	      8115	001000ac	0107a023	sw	x16,0(x15)	 x15:0x00020000 x16:0x0000000a PA:0x00020000 store:0x0000000a load:0x00000000
          16242	      8117	001000b0	00154703	lbu	x14,1(x10)	 x10:0x00101a10 x14=0x00000020 PA:0x00101a11 store:0x001012e0
          16244	      8118	001000b4	04070e63	beq	x14,x0,100110	 x14:0x00000020  x0:0x00000000
          16248	      8120	001000b8	00e7a023	sw	x14,0(x15)	 x15:0x00020000 x14:0x00000020 PA:0x00020000 store:0x00000020 load:0x00000000
          16252	      8122	001000bc	00254283	lbu	x5,2(x10)	 x10:0x00101a10  x5=0x00000069 PA:0x00101a12 store:0x00137fa0
          16254	      8123	001000c0	04028863	beq	x5,x0,100110	  x5:0x00000069  x0:0x00000000
          16258	      8125	001000c4	0057a023	sw	x5,0(x15)	 x15:0x00020000  x5:0x00000069 PA:0x00020000 store:0x00000069 load:0x00000000
          16262	      8127	001000c8	00354303	lbu	x6,3(x10)	 x10:0x00101a10  x6=0x0000003d PA:0x00101a13 store:0x00000000
          16264	      8128	001000cc	04030263	beq	x6,x0,100110	  x6:0x0000003d  x0:0x00000000
          16268	      8130	001000d0	0067a023	sw	x6,0(x15)	 x15:0x00020000  x6:0x0000003d PA:0x00020000 store:0x0000003d load:0x00000000
          16272	      8132	001000d4	00454383	lbu	x7,4(x10)	 x10:0x00101a10  x7=0x00000000 PA:0x00101a14 store:0x00000000
          16276	      8134	001000d8	02038c63	beq	x7,x0,100110	  x7:0x00000000  x0:0x00000000
          16280	      8136	00100110	00000513	addi	x10,x0,0	  x0:0x00000000 x10=0x00000000
          16284	      8138	00100114	00008067	jalr	x0,0(x1)	  x1:0x001012e0  x0=0x00000000
          16286	      8139	001012e0	000d8513	addi	x10,x27,0	 x27:0x00000013 x10=0x00000013
          16290	      8141	001012e4	e3dfe0ef	jal	x1,100120	  x1=0x001012e8
          16292	      8142	00100120	01c55793	srli	x15,x10,0x1c	 x10:0x00000013 x15=0x00000000
          16294	      8143	00100124	00900713	addi	x14,x0,9	  x0:0x00000000 x14=0x00000009
          16298	      8145	00100128	0cf77a63	bgeu	x14,x15,1001fc	 x14:0x00000009 x15:0x00000000
          16302	      8147	001001fc	03078393	addi	x7,x15,48	 x15:0x00000000  x7=0x00000030
          16304	      8148	00100200	000205b7	lui	x11,0x20	 x11=0x00020000
          16306	      8149	00100204	00451613	slli	x12,x10,0x4	 x10:0x00000013 x12=0x00000130
          16310	      8151	00100208	0075a023	sw	x7,0(x11)	 x11:0x00020000  x7:0x00000030 PA:0x00020000 store:0x00000030 load:0x00000000
          16312	      8152	0010020c	01c65693	srli	x13,x12,0x1c	 x12:0x00000130 x13=0x00000000
          16314	      8153	00100210	00900813	addi	x16,x0,9	  x0:0x00000000 x16=0x00000009
          16316	      8154	00100214	f2d86ae3	bltu	x16,x13,100148	 x16:0x00000009 x13:0x00000000
          16318	      8155	00100218	03068e93	addi	x29,x13,48	 x13:0x00000000 x29=0x00000030
          16320	      8156	0010021c	00020f37	lui	x30,0x20	 x30=0x00020000
          16322	      8157	00100220	00851f93	slli	x31,x10,0x8	 x10:0x00000013 x31=0x00001300
          16326	      8159	00100224	01df2023	sw	x29,0(x30)	 x30:0x00020000 x29:0x00000030 PA:0x00020000 store:0x00000030 load:0x00000000
          16328	      8160	00100228	01cfd793	srli	x15,x31,0x1c	 x31:0x00001300 x15=0x00000000
          16330	      8161	0010022c	00900713	addi	x14,x0,9	  x0:0x00000000 x14=0x00000009
          16332	      8162	00100230	f2f76ae3	bltu	x14,x15,100164	 x14:0x00000009 x15:0x00000000
          16334	      8163	00100234	03078393	addi	x7,x15,48	 x15:0x00000000  x7=0x00000030
          16336	      8164	00100238	000205b7	lui	x11,0x20	 x11=0x00020000
          16338	      8165	0010023c	00c51613	slli	x12,x10,0xc	 x10:0x00000013 x12=0x00013000
          16342	      8167	00100240	0075a023	sw	x7,0(x11)	 x11:0x00020000  x7:0x00000030 PA:0x00020000 store:0x00000030 load:0x00000000
          16344	      8168	00100244	01c65693	srli	x13,x12,0x1c	 x12:0x00013000 x13=0x00000000
          16346	      8169	00100248	00900813	addi	x16,x0,9	  x0:0x00000000 x16=0x00000009
          16348	      8170	0010024c	f2d86ae3	bltu	x16,x13,100180	 x16:0x00000009 x13:0x00000000
          16350	      8171	00100250	03068e93	addi	x29,x13,48	 x13:0x00000000 x29=0x00000030
          16352	      8172	00100254	00020f37	lui	x30,0x20	 x30=0x00020000
          16354	      8173	00100258	01051f93	slli	x31,x10,0x10	 x10:0x00000013 x31=0x00130000
          16358	      8175	0010025c	01df2023	sw	x29,0(x30)	 x30:0x00020000 x29:0x00000030 PA:0x00020000 store:0x00000030 load:0x00000000
          16360	      8176	00100260	01cfd793	srli	x15,x31,0x1c	 x31:0x00130000 x15=0x00000000
          16362	      8177	00100264	00900713	addi	x14,x0,9	  x0:0x00000000 x14=0x00000009
          16364	      8178	00100268	f2f76ae3	bltu	x14,x15,10019c	 x14:0x00000009 x15:0x00000000
          16366	      8179	0010026c	03078393	addi	x7,x15,48	 x15:0x00000000  x7=0x00000030
          16368	      8180	00100270	000205b7	lui	x11,0x20	 x11=0x00020000
          16370	      8181	00100274	01451613	slli	x12,x10,0x14	 x10:0x00000013 x12=0x01300000
          16374	      8183	00100278	0075a023	sw	x7,0(x11)	 x11:0x00020000  x7:0x00000030 PA:0x00020000 store:0x00000030 load:0x00000000
          16376	      8184	0010027c	01c65693	srli	x13,x12,0x1c	 x12:0x01300000 x13=0x00000000
          16378	      8185	00100280	00900813	addi	x16,x0,9	  x0:0x00000000 x16=0x00000009
          16380	      8186	00100284	f2d86ae3	bltu	x16,x13,1001b8	 x16:0x00000009 x13:0x00000000
          16382	      8187	00100288	03068e93	addi	x29,x13,48	 x13:0x00000000 x29=0x00000030
          16384	      8188	0010028c	00020f37	lui	x30,0x20	 x30=0x00020000
          16386	      8189	00100290	01851f93	slli	x31,x10,0x18	 x10:0x00000013 x31=0x13000000
          16390	      8191	00100294	01df2023	sw	x29,0(x30)	 x30:0x00020000 x29:0x00000030 PA:0x00020000 store:0x00000030 load:0x00000000
          16392	      8192	00100298	01cfd793	srli	x15,x31,0x1c	 x31:0x13000000 x15=0x00000001
          16394	      8193	0010029c	00900713	addi	x14,x0,9	  x0:0x00000000 x14=0x00000009
          16396	      8194	001002a0	f2f76ae3	bltu	x14,x15,1001d4	 x14:0x00000009 x15:0x00000001
          16398	      8195	001002a4	03078393	addi	x7,x15,48	 x15:0x00000001  x7=0x00000031
          16400	      8196	001002a8	000205b7	lui	x11,0x20	 x11=0x00020000
          16404	      8198	001002ac	0075a023	sw	x7,0(x11)	 x11:0x00020000  x7:0x00000031 PA:0x00020000 store:0x00000031 load:0x00000000
          16406	      8199	001002b0	00f57513	andi	x10,x10,15	 x10:0x00000013 x10=0x00000003
          16408	      8200	001002b4	00900613	addi	x12,x0,9	  x0:0x00000000 x12=0x00000009
          16412	      8202	001002b8	f2a67ae3	bgeu	x12,x10,1001ec	 x12:0x00000009 x10:0x00000003
          16416	      8204	001001ec	03050893	addi	x17,x10,48	 x10:0x00000003 x17=0x00000033
          16418	      8205	001001f0	00020e37	lui	x28,0x20	 x28=0x00020000
          16422	      8207	001001f4	011e2023	sw	x17,0(x28)	 x28:0x00020000 x17:0x00000033 PA:0x00020000 store:0x00000033 load:0x00000000
          16426	      8209	001001f8	00008067	jalr	x0,0(x1)	  x1:0x001012e8  x0=0x00000000
          16428	      8210	001012e8	a18b0513	addi	x10,x22,-1512	 x22:0x00102000 x10=0x00101a18
          16432	      8212	001012ec	db5fe0ef	jal	x1,1000a0	  x1=0x001012f0
          16436	      8214	001000a0	00054803	lbu	x16,0(x10)	 x10:0x00101a18 x16=0x00000020 PA:0x00101a18 store:0x00000000
          16438	      8215	001000a4	06080663	beq	x16,x0,100110	 x16:0x00000020  x0:0x00000000
          16440	      8216	001000a8	000207b7	lui	x15,0x20	 x15=0x00020000
          16444	      8218	001000ac	0107a023	sw	x16,0(x15)	 x15:0x00020000 x16:0x00000020 PA:0x00020000 store:0x00000020 load:0x00000000
          16448	      8220	001000b0	00154703	lbu	x14,1(x10)	 x10:0x00101a18 x14=0x00000072 PA:0x00101a19 store:0x001012f0
          16450	      8221	001000b4	04070e63	beq	x14,x0,100110	 x14:0x00000072  x0:0x00000000
          16454	      8223	001000b8	00e7a023	sw	x14,0(x15)	 x15:0x00020000 x14:0x00000072 PA:0x00020000 store:0x00000072 load:0x00000000
          16458	      8225	001000bc	00254283	lbu	x5,2(x10)	 x10:0x00101a18  x5=0x00000065 PA:0x00101a1a store:0x00137fa0
          16460	      8226	001000c0	04028863	beq	x5,x0,100110	  x5:0x00000065  x0:0x00000000
          16464	      8228	001000c4	0057a023	sw	x5,0(x15)	 x15:0x00020000  x5:0x00000065 PA:0x00020000 store:0x00000065 load:0x00000000
          16468	      8230	001000c8	00354303	lbu	x6,3(x10)	 x10:0x00101a18  x6=0x00000073 PA:0x00101a1b store:0x00000000
          16470	      8231	001000cc	04030263	beq	x6,x0,100110	  x6:0x00000073  x0:0x00000000
          16474	      8233	001000d0	0067a023	sw	x6,0(x15)	 x15:0x00020000  x6:0x00000073 PA:0x00020000 store:0x00000073 load:0x00000000
          16478	      8235	001000d4	00454383	lbu	x7,4(x10)	 x10:0x00101a18  x7=0x00000075 PA:0x00101a1c store:0x00000000
          16480	      8236	001000d8	02038c63	beq	x7,x0,100110	  x7:0x00000075  x0:0x00000000
          16484	      8238	001000dc	0077a023	sw	x7,0(x15)	 x15:0x00020000  x7:0x00000075 PA:0x00020000 store:0x00000075 load:0x00000000
          16488	      8240	001000e0	00554583	lbu	x11,5(x10)	 x10:0x00101a18 x11=0x0000006c PA:0x00101a1d store:0x00000065
          16490	      8241	001000e4	02058663	beq	x11,x0,100110	 x11:0x0000006c  x0:0x00000000
          16494	      8243	001000e8	00b7a023	sw	x11,0(x15)	 x15:0x00020000 x11:0x0000006c PA:0x00020000 store:0x0000006c load:0x00000000
          16498	      8245	001000ec	00654603	lbu	x12,6(x10)	 x10:0x00101a18 x12=0x00000074 PA:0x00101a1e store:0x00000073
          16500	      8246	001000f0	02060063	beq	x12,x0,100110	 x12:0x00000074  x0:0x00000000
          16504	      8248	001000f4	00c7a023	sw	x12,0(x15)	 x15:0x00020000 x12:0x00000074 PA:0x00020000 store:0x00000074 load:0x00000000
          16508	      8250	001000f8	00754683	lbu	x13,7(x10)	 x10:0x00101a18 x13=0x0000003a PA:0x00101a1f store:0x00000075
          16510	      8251	001000fc	00850513	addi	x10,x10,8	 x10:0x00101a18 x10=0x00101a20
          16512	      8252	00100100	00068863	beq	x13,x0,100110	 x13:0x0000003a  x0:0x00000000
          16516	      8254	00100104	00d7a023	sw	x13,0(x15)	 x15:0x00020000 x13:0x0000003a PA:0x00020000 store:0x0000003a load:0x00000000
          16520	      8256	00100108	00054803	lbu	x16,0(x10)	 x10:0x00101a20 x16=0x00000020 PA:0x00101a20 store:0x00000000
          16524	      8258	0010010c	fa0810e3	bne	x16,x0,1000ac	 x16:0x00000020  x0:0x00000000
          16530	      8261	001000ac	0107a023	sw	x16,0(x15)	 x15:0x00020000 x16:0x00000020 PA:0x00020000 store:0x00000020 load:0x00000000
          16534	      8263	001000b0	00154703	lbu	x14,1(x10)	 x10:0x00101a20 x14=0x00000000 PA:0x00101a21 store:0x001012f0
          16538	      8265	001000b4	04070e63	beq	x14,x0,100110	 x14:0x00000000  x0:0x00000000
          16542	      8267	00100110	00000513	addi	x10,x0,0	  x0:0x00000000 x10=0x00000000
          16546	      8269	00100114	00008067	jalr	x0,0(x1)	  x1:0x001012f0  x0=0x00000000
          16550	      8271	001012f0	cf8a2503	lw	x10,-776(x20)	 x20:0x00102000 x10=0x0007ede9 PA:0x00101cf8 store:0x00000014
          16554	      8273	001012f4	e2dfe0ef	jal	x1,100120	  x1=0x001012f8
          16556	      8274	00100120	01c55793	srli	x15,x10,0x1c	 x10:0x0007ede9 x15=0x00000000
          16558	      8275	00100124	00900713	addi	x14,x0,9	  x0:0x00000000 x14=0x00000009
          16562	      8277	00100128	0cf77a63	bgeu	x14,x15,1001fc	 x14:0x00000009 x15:0x00000000
          16566	      8279	001001fc	03078393	addi	x7,x15,48	 x15:0x00000000  x7=0x00000030
          16568	      8280	00100200	000205b7	lui	x11,0x20	 x11=0x00020000
          16570	      8281	00100204	00451613	slli	x12,x10,0x4	 x10:0x0007ede9 x12=0x007ede90
          16574	      8283	00100208	0075a023	sw	x7,0(x11)	 x11:0x00020000  x7:0x00000030 PA:0x00020000 store:0x00000030 load:0x00000000
          16576	      8284	0010020c	01c65693	srli	x13,x12,0x1c	 x12:0x007ede90 x13=0x00000000
          16578	      8285	00100210	00900813	addi	x16,x0,9	  x0:0x00000000 x16=0x00000009
          16580	      8286	00100214	f2d86ae3	bltu	x16,x13,100148	 x16:0x00000009 x13:0x00000000
          16582	      8287	00100218	03068e93	addi	x29,x13,48	 x13:0x00000000 x29=0x00000030
          16584	      8288	0010021c	00020f37	lui	x30,0x20	 x30=0x00020000
          16586	      8289	00100220	00851f93	slli	x31,x10,0x8	 x10:0x0007ede9 x31=0x07ede900
          16590	      8291	00100224	01df2023	sw	x29,0(x30)	 x30:0x00020000 x29:0x00000030 PA:0x00020000 store:0x00000030 load:0x00000000
          16592	      8292	00100228	01cfd793	srli	x15,x31,0x1c	 x31:0x07ede900 x15=0x00000000
          16594	      8293	0010022c	00900713	addi	x14,x0,9	  x0:0x00000000 x14=0x00000009
          16596	      8294	00100230	f2f76ae3	bltu	x14,x15,100164	 x14:0x00000009 x15:0x00000000
          16598	      8295	00100234	03078393	addi	x7,x15,48	 x15:0x00000000  x7=0x00000030
          16600	      8296	00100238	000205b7	lui	x11,0x20	 x11=0x00020000
          16602	      8297	0010023c	00c51613	slli	x12,x10,0xc	 x10:0x0007ede9 x12=0x7ede9000
          16606	      8299	00100240	0075a023	sw	x7,0(x11)	 x11:0x00020000  x7:0x00000030 PA:0x00020000 store:0x00000030 load:0x00000000
          16608	      8300	00100244	01c65693	srli	x13,x12,0x1c	 x12:0x7ede9000 x13=0x00000007
          16610	      8301	00100248	00900813	addi	x16,x0,9	  x0:0x00000000 x16=0x00000009
          16612	      8302	0010024c	f2d86ae3	bltu	x16,x13,100180	 x16:0x00000009 x13:0x00000007
          16614	      8303	00100250	03068e93	addi	x29,x13,48	 x13:0x00000007 x29=0x00000037
          16616	      8304	00100254	00020f37	lui	x30,0x20	 x30=0x00020000
          16618	      8305	00100258	01051f93	slli	x31,x10,0x10	 x10:0x0007ede9 x31=0xede90000
          16622	      8307	0010025c	01df2023	sw	x29,0(x30)	 x30:0x00020000 x29:0x00000037 PA:0x00020000 store:0x00000037 load:0x00000000
          16624	      8308	00100260	01cfd793	srli	x15,x31,0x1c	 x31:0xede90000 x15=0x0000000e
          16626	      8309	00100264	00900713	addi	x14,x0,9	  x0:0x00000000 x14=0x00000009
          16630	      8311	00100268	f2f76ae3	bltu	x14,x15,10019c	 x14:0x00000009 x15:0x0000000e
          16634	      8313	0010019c	03778293	addi	x5,x15,55	 x15:0x0000000e  x5=0x00000045
          16636	      8314	001001a0	00020337	lui	x6,0x20	  x6=0x00020000
          16638	      8315	001001a4	01451613	slli	x12,x10,0x14	 x10:0x0007ede9 x12=0xde900000
          16642	      8317	001001a8	00532023	sw	x5,0(x6)	  x6:0x00020000  x5:0x00000045 PA:0x00020000 store:0x00000045 load:0x00000000
          16644	      8318	001001ac	01c65693	srli	x13,x12,0x1c	 x12:0xde900000 x13=0x0000000d
          16646	      8319	001001b0	00900813	addi	x16,x0,9	  x0:0x00000000 x16=0x00000009
          16648	      8320	001001b4	0cd87a63	bgeu	x16,x13,100288	 x16:0x00000009 x13:0x0000000d
          16650	      8321	001001b8	03768893	addi	x17,x13,55	 x13:0x0000000d x17=0x00000044
          16652	      8322	001001bc	00020e37	lui	x28,0x20	 x28=0x00020000
          16654	      8323	001001c0	01851f93	slli	x31,x10,0x18	 x10:0x0007ede9 x31=0xe9000000
          16658	      8325	001001c4	011e2023	sw	x17,0(x28)	 x28:0x00020000 x17:0x00000044 PA:0x00020000 store:0x00000044 load:0x00000000
          16660	      8326	001001c8	01cfd793	srli	x15,x31,0x1c	 x31:0xe9000000 x15=0x0000000e
          16662	      8327	001001cc	00900713	addi	x14,x0,9	  x0:0x00000000 x14=0x00000009
          16664	      8328	001001d0	0cf77a63	bgeu	x14,x15,1002a4	 x14:0x00000009 x15:0x0000000e
          16666	      8329	001001d4	03778293	addi	x5,x15,55	 x15:0x0000000e  x5=0x00000045
          16668	      8330	001001d8	00020337	lui	x6,0x20	  x6=0x00020000
          16672	      8332	001001dc	00532023	sw	x5,0(x6)	  x6:0x00020000  x5:0x00000045 PA:0x00020000 store:0x00000045 load:0x00000000
          16674	      8333	001001e0	00f57513	andi	x10,x10,15	 x10:0x0007ede9 x10=0x00000009
          16676	      8334	001001e4	00900613	addi	x12,x0,9	  x0:0x00000000 x12=0x00000009
          16678	      8335	001001e8	0ca66a63	bltu	x12,x10,1002bc	 x12:0x00000009 x10:0x00000009
          16680	      8336	001001ec	03050893	addi	x17,x10,48	 x10:0x00000009 x17=0x00000039
          16682	      8337	001001f0	00020e37	lui	x28,0x20	 x28=0x00020000
          16686	      8339	001001f4	011e2023	sw	x17,0(x28)	 x28:0x00020000 x17:0x00000039 PA:0x00020000 store:0x00000039 load:0x00000000
          16690	      8341	001001f8	00008067	jalr	x0,0(x1)	  x1:0x001012f8  x0=0x00000000
          16702	      8347	001012f8	f1ac10e3	bne	x24,x26,1011f8	 x24:0x00000014 x26:0x00000014
          16704	      8348	001012fc	d20ca307	flw	f6,-736(x25)	 f25:0x00102000  f6=0x00000000 PA:0x00101d20 store:0x056b3aa5
          16710	      8351	00101300	00102fb7	lui	x31,0x102	 x31=0x00102000
          16712	      8352	00101304	a24f8513	addi	x10,x31,-1500	 x31:0x00102000 x10=0x00101a24
          16714	      8353	00101308	d069a427	fsw	f6,-760(x19)	 f19:0x00102000  f6:0x00020000 PA:0x00101d08 store:0x43edefdf load:0x43edefdf
          16716	      8354	0010130c	00000c13	addi	x24,x0,0	  x0:0x00000000 x24=0x00000000
          16718	      8355	00101310	d91fe0ef	jal	x1,1000a0	  x1=0x00101314
          16720	      8356	001000a0	00054803	lbu	x16,0(x10)	 x10:0x00101a24 x16=0x0000000a PA:0x00101a24 store:0x00000000
          16722	      8357	001000a4	06080663	beq	x16,x0,100110	 x16:0x0000000a  x0:0x00000000
          16724	      8358	001000a8	000207b7	lui	x15,0x20	 x15=0x00020000
          16726	      8359	001000ac	0107a023	sw	x16,0(x15)	 x15:0x00020000 x16:0x0000000a PA:0x00020000 store:0x0000000a load:0x00000000
          16728	      8360	001000b0	00154703	lbu	x14,1(x10)	 x10:0x00101a24 x14=0x0000000a PA:0x00101a25 store:0x00101314
          16730	      8361	001000b4	04070e63	beq	x14,x0,100110	 x14:0x0000000a  x0:0x00000000
          16732	      8362	001000b8	00e7a023	sw	x14,0(x15)	 x15:0x00020000 x14:0x0000000a PA:0x00020000 store:0x0000000a load:0x00000000
          16736	      8364	001000bc	00254283	lbu	x5,2(x10)	 x10:0x00101a24  x5=0x00000050 PA:0x00101a26 store:0x00137fa0
          16738	      8365	001000c0	04028863	beq	x5,x0,100110	  x5:0x00000050  x0:0x00000000
          16742	      8367	001000c4	0057a023	sw	x5,0(x15)	 x15:0x00020000  x5:0x00000050 PA:0x00020000 store:0x00000050 load:0x00000000
          16746	      8369	001000c8	00354303	lbu	x6,3(x10)	 x10:0x00101a24  x6=0x00000065 PA:0x00101a27 store:0x00000000
          16748	      8370	001000cc	04030263	beq	x6,x0,100110	  x6:0x00000065  x0:0x00000000
          16752	      8372	001000d0	0067a023	sw	x6,0(x15)	 x15:0x00020000  x6:0x00000065 PA:0x00020000 store:0x00000065 load:0x00000000
          16756	      8374	001000d4	00454383	lbu	x7,4(x10)	 x10:0x00101a24  x7=0x00000072 PA:0x00101a28 store:0x00000000
          16758	      8375	001000d8	02038c63	beq	x7,x0,100110	  x7:0x00000072  x0:0x00000000
          16762	      8377	001000dc	0077a023	sw	x7,0(x15)	 x15:0x00020000  x7:0x00000072 PA:0x00020000 store:0x00000072 load:0x00000000
          16766	      8379	001000e0	00554583	lbu	x11,5(x10)	 x10:0x00101a24 x11=0x00000066 PA:0x00101a29 store:0x00000050
          16768	      8380	001000e4	02058663	beq	x11,x0,100110	 x11:0x00000066  x0:0x00000000
          16772	      8382	001000e8	00b7a023	sw	x11,0(x15)	 x15:0x00020000 x11:0x00000066 PA:0x00020000 store:0x00000066 load:0x00000000
          16776	      8384	001000ec	00654603	lbu	x12,6(x10)	 x10:0x00101a24 x12=0x0000006f PA:0x00101a2a store:0x00000065
          16778	      8385	001000f0	02060063	beq	x12,x0,100110	 x12:0x0000006f  x0:0x00000000
          16782	      8387	001000f4	00c7a023	sw	x12,0(x15)	 x15:0x00020000 x12:0x0000006f PA:0x00020000 store:0x0000006f load:0x00000000
          16786	      8389	001000f8	00754683	lbu	x13,7(x10)	 x10:0x00101a24 x13=0x00000072 PA:0x00101a2b store:0x00000072
          16788	      8390	001000fc	00850513	addi	x10,x10,8	 x10:0x00101a24 x10=0x00101a2c
          16790	      8391	00100100	00068863	beq	x13,x0,100110	 x13:0x00000072  x0:0x00000000
          16794	      8393	00100104	00d7a023	sw	x13,0(x15)	 x15:0x00020000 x13:0x00000072 PA:0x00020000 store:0x00000072 load:0x00000000
          16798	      8395	00100108	00054803	lbu	x16,0(x10)	 x10:0x00101a2c x16=0x0000006d PA:0x00101a2c store:0x00000000
          16802	      8397	0010010c	fa0810e3	bne	x16,x0,1000ac	 x16:0x0000006d  x0:0x00000000
          16808	      8400	001000ac	0107a023	sw	x16,0(x15)	 x15:0x00020000 x16:0x0000006d PA:0x00020000 store:0x0000006d load:0x00000000
          16812	      8402	001000b0	00154703	lbu	x14,1(x10)	 x10:0x00101a2c x14=0x00000069 PA:0x00101a2d store:0x00101314
          16814	      8403	001000b4	04070e63	beq	x14,x0,100110	 x14:0x00000069  x0:0x00000000
          16818	      8405	001000b8	00e7a023	sw	x14,0(x15)	 x15:0x00020000 x14:0x00000069 PA:0x00020000 store:0x00000069 load:0x00000000
          16822	      8407	001000bc	00254283	lbu	x5,2(x10)	 x10:0x00101a2c  x5=0x0000006e PA:0x00101a2e store:0x00137fa0
          16824	      8408	001000c0	04028863	beq	x5,x0,100110	  x5:0x0000006e  x0:0x00000000
          16828	      8410	001000c4	0057a023	sw	x5,0(x15)	 x15:0x00020000  x5:0x0000006e PA:0x00020000 store:0x0000006e load:0x00000000
          16832	      8412	001000c8	00354303	lbu	x6,3(x10)	 x10:0x00101a2c  x6=0x00000067 PA:0x00101a2f store:0x00000000
          16834	      8413	001000cc	04030263	beq	x6,x0,100110	  x6:0x00000067  x0:0x00000000
          16838	      8415	001000d0	0067a023	sw	x6,0(x15)	 x15:0x00020000  x6:0x00000067 PA:0x00020000 store:0x00000067 load:0x00000000
          16842	      8417	001000d4	00454383	lbu	x7,4(x10)	 x10:0x00101a2c  x7=0x00000020 PA:0x00101a30 store:0x00000000
          16844	      8418	001000d8	02038c63	beq	x7,x0,100110	  x7:0x00000020  x0:0x00000000
          16848	      8420	001000dc	0077a023	sw	x7,0(x15)	 x15:0x00020000  x7:0x00000020 PA:0x00020000 store:0x00000020 load:0x00000000
          16852	      8422	001000e0	00554583	lbu	x11,5(x10)	 x10:0x00101a2c x11=0x00000032 PA:0x00101a31 store:0x0000006e
          16854	      8423	001000e4	02058663	beq	x11,x0,100110	 x11:0x00000032  x0:0x00000000
          16858	      8425	001000e8	00b7a023	sw	x11,0(x15)	 x15:0x00020000 x11:0x00000032 PA:0x00020000 store:0x00000032 load:0x00000000
          16862	      8427	001000ec	00654603	lbu	x12,6(x10)	 x10:0x00101a2c x12=0x00000030 PA:0x00101a32 store:0x00000067
          16864	      8428	001000f0	02060063	beq	x12,x0,100110	 x12:0x00000030  x0:0x00000000
          16868	      8430	001000f4	00c7a023	sw	x12,0(x15)	 x15:0x00020000 x12:0x00000030 PA:0x00020000 store:0x00000030 load:0x00000000
          16872	      8432	001000f8	00754683	lbu	x13,7(x10)	 x10:0x00101a2c x13=0x00000020 PA:0x00101a33 store:0x00000020
          16874	      8433	001000fc	00850513	addi	x10,x10,8	 x10:0x00101a2c x10=0x00101a34
          16876	      8434	00100100	00068863	beq	x13,x0,100110	 x13:0x00000020  x0:0x00000000
          16880	      8436	00100104	00d7a023	sw	x13,0(x15)	 x15:0x00020000 x13:0x00000020 PA:0x00020000 store:0x00000020 load:0x00000000
          16884	      8438	00100108	00054803	lbu	x16,0(x10)	 x10:0x00101a34 x16=0x00000073 PA:0x00101a34 store:0x00000000
          16888	      8440	0010010c	fa0810e3	bne	x16,x0,1000ac	 x16:0x00000073  x0:0x00000000
          16894	      8443	001000ac	0107a023	sw	x16,0(x15)	 x15:0x00020000 x16:0x00000073 PA:0x00020000 store:0x00000073 load:0x00000000
          16898	      8445	001000b0	00154703	lbu	x14,1(x10)	 x10:0x00101a34 x14=0x00000071 PA:0x00101a35 store:0x00101314
          16900	      8446	001000b4	04070e63	beq	x14,x0,100110	 x14:0x00000071  x0:0x00000000
          16904	      8448	001000b8	00e7a023	sw	x14,0(x15)	 x15:0x00020000 x14:0x00000071 PA:0x00020000 store:0x00000071 load:0x00000000
          16908	      8450	001000bc	00254283	lbu	x5,2(x10)	 x10:0x00101a34  x5=0x00000075 PA:0x00101a36 store:0x00137fa0
          16910	      8451	001000c0	04028863	beq	x5,x0,100110	  x5:0x00000075  x0:0x00000000
          16914	      8453	001000c4	0057a023	sw	x5,0(x15)	 x15:0x00020000  x5:0x00000075 PA:0x00020000 store:0x00000075 load:0x00000000
          16918	      8455	001000c8	00354303	lbu	x6,3(x10)	 x10:0x00101a34  x6=0x00000061 PA:0x00101a37 store:0x00000000
          16920	      8456	001000cc	04030263	beq	x6,x0,100110	  x6:0x00000061  x0:0x00000000
          16924	      8458	001000d0	0067a023	sw	x6,0(x15)	 x15:0x00020000  x6:0x00000061 PA:0x00020000 store:0x00000061 load:0x00000000
          16928	      8460	001000d4	00454383	lbu	x7,4(x10)	 x10:0x00101a34  x7=0x00000072 PA:0x00101a38 store:0x00000000
          16930	      8461	001000d8	02038c63	beq	x7,x0,100110	  x7:0x00000072  x0:0x00000000
          16934	      8463	001000dc	0077a023	sw	x7,0(x15)	 x15:0x00020000  x7:0x00000072 PA:0x00020000 store:0x00000072 load:0x00000000
          16938	      8465	001000e0	00554583	lbu	x11,5(x10)	 x10:0x00101a34 x11=0x00000065 PA:0x00101a39 store:0x00000075
          16940	      8466	001000e4	02058663	beq	x11,x0,100110	 x11:0x00000065  x0:0x00000000
          16944	      8468	001000e8	00b7a023	sw	x11,0(x15)	 x15:0x00020000 x11:0x00000065 PA:0x00020000 store:0x00000065 load:0x00000000
          16948	      8470	001000ec	00654603	lbu	x12,6(x10)	 x10:0x00101a34 x12=0x00000020 PA:0x00101a3a store:0x00000061
          16950	      8471	001000f0	02060063	beq	x12,x0,100110	 x12:0x00000020  x0:0x00000000
          16954	      8473	001000f4	00c7a023	sw	x12,0(x15)	 x15:0x00020000 x12:0x00000020 PA:0x00020000 store:0x00000020 load:0x00000000
          16958	      8475	001000f8	00754683	lbu	x13,7(x10)	 x10:0x00101a34 x13=0x00000072 PA:0x00101a3b store:0x00000072
          16960	      8476	001000fc	00850513	addi	x10,x10,8	 x10:0x00101a34 x10=0x00101a3c
          16962	      8477	00100100	00068863	beq	x13,x0,100110	 x13:0x00000072  x0:0x00000000
          16966	      8479	00100104	00d7a023	sw	x13,0(x15)	 x15:0x00020000 x13:0x00000072 PA:0x00020000 store:0x00000072 load:0x00000000
          16970	      8481	00100108	00054803	lbu	x16,0(x10)	 x10:0x00101a3c x16=0x0000006f PA:0x00101a3c store:0x00000000
          16974	      8483	0010010c	fa0810e3	bne	x16,x0,1000ac	 x16:0x0000006f  x0:0x00000000
          16980	      8486	001000ac	0107a023	sw	x16,0(x15)	 x15:0x00020000 x16:0x0000006f PA:0x00020000 store:0x0000006f load:0x00000000
          16984	      8488	001000b0	00154703	lbu	x14,1(x10)	 x10:0x00101a3c x14=0x0000006f PA:0x00101a3d store:0x00101314
          16986	      8489	001000b4	04070e63	beq	x14,x0,100110	 x14:0x0000006f  x0:0x00000000
          16990	      8491	001000b8	00e7a023	sw	x14,0(x15)	 x15:0x00020000 x14:0x0000006f PA:0x00020000 store:0x0000006f load:0x00000000
          16994	      8493	001000bc	00254283	lbu	x5,2(x10)	 x10:0x00101a3c  x5=0x00000074 PA:0x00101a3e store:0x00137fa0
          16996	      8494	001000c0	04028863	beq	x5,x0,100110	  x5:0x00000074  x0:0x00000000
          17000	      8496	001000c4	0057a023	sw	x5,0(x15)	 x15:0x00020000  x5:0x00000074 PA:0x00020000 store:0x00000074 load:0x00000000
          17004	      8498	001000c8	00354303	lbu	x6,3(x10)	 x10:0x00101a3c  x6=0x00000073 PA:0x00101a3f store:0x00000000
          17006	      8499	001000cc	04030263	beq	x6,x0,100110	  x6:0x00000073  x0:0x00000000
          17010	      8501	001000d0	0067a023	sw	x6,0(x15)	 x15:0x00020000  x6:0x00000073 PA:0x00020000 store:0x00000073 load:0x00000000
          17014	      8503	001000d4	00454383	lbu	x7,4(x10)	 x10:0x00101a3c  x7=0x0000003a PA:0x00101a40 store:0x00000000
          17016	      8504	001000d8	02038c63	beq	x7,x0,100110	  x7:0x0000003a  x0:0x00000000
          17020	      8506	001000dc	0077a023	sw	x7,0(x15)	 x15:0x00020000  x7:0x0000003a PA:0x00020000 store:0x0000003a load:0x00000000
          17024	      8508	001000e0	00554583	lbu	x11,5(x10)	 x10:0x00101a3c x11=0x00000000 PA:0x00101a41 store:0x00000074
          17028	      8510	001000e4	02058663	beq	x11,x0,100110	 x11:0x00000000  x0:0x00000000
          17032	      8512	00100110	00000513	addi	x10,x0,0	  x0:0x00000000 x10=0x00000000
          17036	      8514	00100114	00008067	jalr	x0,0(x1)	  x1:0x00101314  x0=0x00000000
          17048	      8520	00101314	01400d13	addi	x26,x0,20	  x0:0x00000000 x26=0x00000014
          17050	      8521	00101318	d089a607	flw	f12,-760(x19)	 f19:0x00102000 f12=0x00000000 PA:0x00101d08 store:0x4598f2e4
          17070	      8531	0010131c	580676d3	fsqrt.s	f13,f12	 f12:0x00000020 f13=0x00000000
          17078	      8535	00101320	d0d9a427	fsw	f13,-760(x19)	 f19:0x00102000 f13:0x00000072 PA:0x00101d08 store:0x41ae842c load:0x43edefdf
          17086	      8539	00101324	d089a387	flw	f7,-760(x19)	 f19:0x00102000  f7=0x00000000 PA:0x00101d08 store:0x4598f2e4
          17092	      8542	00101328	a10a8513	addi	x10,x21,-1520	 x21:0x00102000 x10=0x00101a10
          17094	      8543	0010132c	e00386d3	fmv.x.w	x13,f7	  f7:0x0000003a x13=0x41ae842c
          17096	      8544	00101330	ceda2c23	sw	x13,-776(x20)	 x20:0x00102000 x13:0x41ae842c PA:0x00101cf8 store:0x41ae842c load:0x41ae842c
          17098	      8545	00101334	d6dfe0ef	jal	x1,1000a0	  x1=0x00101338
          17102	      8547	001000a0	00054803	lbu	x16,0(x10)	 x10:0x00101a10 x16=0x0000000a PA:0x00101a10 store:0x00000000
          17104	      8548	001000a4	06080663	beq	x16,x0,100110	 x16:0x0000000a  x0:0x00000000
          17106	      8549	001000a8	000207b7	lui	x15,0x20	 x15=0x00020000
          17110	      8551	001000ac	0107a023	sw	x16,0(x15)	 x15:0x00020000 x16:0x0000000a PA:0x00020000 store:0x0000000a load:0x00000000
          17114	      8553	001000b0	00154703	lbu	x14,1(x10)	 x10:0x00101a10 x14=0x00000020 PA:0x00101a11 store:0x00101338
          17116	      8554	001000b4	04070e63	beq	x14,x0,100110	 x14:0x00000020  x0:0x00000000
          17120	      8556	001000b8	00e7a023	sw	x14,0(x15)	 x15:0x00020000 x14:0x00000020 PA:0x00020000 store:0x00000020 load:0x00000000
          17124	      8558	001000bc	00254283	lbu	x5,2(x10)	 x10:0x00101a10  x5=0x00000069 PA:0x00101a12 store:0x00137fa0
          17126	      8559	001000c0	04028863	beq	x5,x0,100110	  x5:0x00000069  x0:0x00000000
          17130	      8561	001000c4	0057a023	sw	x5,0(x15)	 x15:0x00020000  x5:0x00000069 PA:0x00020000 store:0x00000069 load:0x00000000
          17134	      8563	001000c8	00354303	lbu	x6,3(x10)	 x10:0x00101a10  x6=0x0000003d PA:0x00101a13 store:0x00000000
          17136	      8564	001000cc	04030263	beq	x6,x0,100110	  x6:0x0000003d  x0:0x00000000
          17140	      8566	001000d0	0067a023	sw	x6,0(x15)	 x15:0x00020000  x6:0x0000003d PA:0x00020000 store:0x0000003d load:0x00000000
          17144	      8568	001000d4	00454383	lbu	x7,4(x10)	 x10:0x00101a10  x7=0x00000000 PA:0x00101a14 store:0x00000000
          17148	      8570	001000d8	02038c63	beq	x7,x0,100110	  x7:0x00000000  x0:0x00000000
          17152	      8572	00100110	00000513	addi	x10,x0,0	  x0:0x00000000 x10=0x00000000
          17156	      8574	00100114	00008067	jalr	x0,0(x1)	  x1:0x00101338  x0=0x00000000
          17158	      8575	00101338	000c0513	addi	x10,x24,0	 x24:0x00000000 x10=0x00000000
          17162	      8577	0010133c	de5fe0ef	jal	x1,100120	  x1=0x00101340
          17164	      8578	00100120	01c55793	srli	x15,x10,0x1c	 x10:0x00000000 x15=0x00000000
          17166	      8579	00100124	00900713	addi	x14,x0,9	  x0:0x00000000 x14=0x00000009
          17170	      8581	00100128	0cf77a63	bgeu	x14,x15,1001fc	 x14:0x00000009 x15:0x00000000
          17174	      8583	001001fc	03078393	addi	x7,x15,48	 x15:0x00000000  x7=0x00000030
          17176	      8584	00100200	000205b7	lui	x11,0x20	 x11=0x00020000
          17178	      8585	00100204	00451613	slli	x12,x10,0x4	 x10:0x00000000 x12=0x00000000
          17182	      8587	00100208	0075a023	sw	x7,0(x11)	 x11:0x00020000  x7:0x00000030 PA:0x00020000 store:0x00000030 load:0x00000000
          17184	      8588	0010020c	01c65693	srli	x13,x12,0x1c	 x12:0x00000000 x13=0x00000000
          17186	      8589	00100210	00900813	addi	x16,x0,9	  x0:0x00000000 x16=0x00000009
          17188	      8590	00100214	f2d86ae3	bltu	x16,x13,100148	 x16:0x00000009 x13:0x00000000
          17190	      8591	00100218	03068e93	addi	x29,x13,48	 x13:0x00000000 x29=0x00000030
          17192	      8592	0010021c	00020f37	lui	x30,0x20	 x30=0x00020000
          17194	      8593	00100220	00851f93	slli	x31,x10,0x8	 x10:0x00000000 x31=0x00000000
          17198	      8595	00100224	01df2023	sw	x29,0(x30)	 x30:0x00020000 x29:0x00000030 PA:0x00020000 store:0x00000030 load:0x00000000
          17200	      8596	00100228	01cfd793	srli	x15,x31,0x1c	 x31:0x00000000 x15=0x00000000
          17202	      8597	0010022c	00900713	addi	x14,x0,9	  x0:0x00000000 x14=0x00000009
          17204	      8598	00100230	f2f76ae3	bltu	x14,x15,100164	 x14:0x00000009 x15:0x00000000
          17206	      8599	00100234	03078393	addi	x7,x15,48	 x15:0x00000000  x7=0x00000030
          17208	      8600	00100238	000205b7	lui	x11,0x20	 x11=0x00020000
          17210	      8601	0010023c	00c51613	slli	x12,x10,0xc	 x10:0x00000000 x12=0x00000000
          17214	      8603	00100240	0075a023	sw	x7,0(x11)	 x11:0x00020000  x7:0x00000030 PA:0x00020000 store:0x00000030 load:0x00000000
          17216	      8604	00100244	01c65693	srli	x13,x12,0x1c	 x12:0x00000000 x13=0x00000000
          17218	      8605	00100248	00900813	addi	x16,x0,9	  x0:0x00000000 x16=0x00000009
          17220	      8606	0010024c	f2d86ae3	bltu	x16,x13,100180	 x16:0x00000009 x13:0x00000000
          17222	      8607	00100250	03068e93	addi	x29,x13,48	 x13:0x00000000 x29=0x00000030
          17224	      8608	00100254	00020f37	lui	x30,0x20	 x30=0x00020000
          17226	      8609	00100258	01051f93	slli	x31,x10,0x10	 x10:0x00000000 x31=0x00000000
          17230	      8611	0010025c	01df2023	sw	x29,0(x30)	 x30:0x00020000 x29:0x00000030 PA:0x00020000 store:0x00000030 load:0x00000000
          17232	      8612	00100260	01cfd793	srli	x15,x31,0x1c	 x31:0x00000000 x15=0x00000000
          17234	      8613	00100264	00900713	addi	x14,x0,9	  x0:0x00000000 x14=0x00000009
          17236	      8614	00100268	f2f76ae3	bltu	x14,x15,10019c	 x14:0x00000009 x15:0x00000000
          17238	      8615	0010026c	03078393	addi	x7,x15,48	 x15:0x00000000  x7=0x00000030
          17240	      8616	00100270	000205b7	lui	x11,0x20	 x11=0x00020000
          17242	      8617	00100274	01451613	slli	x12,x10,0x14	 x10:0x00000000 x12=0x00000000
          17246	      8619	00100278	0075a023	sw	x7,0(x11)	 x11:0x00020000  x7:0x00000030 PA:0x00020000 store:0x00000030 load:0x00000000
          17248	      8620	0010027c	01c65693	srli	x13,x12,0x1c	 x12:0x00000000 x13=0x00000000
          17250	      8621	00100280	00900813	addi	x16,x0,9	  x0:0x00000000 x16=0x00000009
          17252	      8622	00100284	f2d86ae3	bltu	x16,x13,1001b8	 x16:0x00000009 x13:0x00000000
          17254	      8623	00100288	03068e93	addi	x29,x13,48	 x13:0x00000000 x29=0x00000030
          17256	      8624	0010028c	00020f37	lui	x30,0x20	 x30=0x00020000
          17258	      8625	00100290	01851f93	slli	x31,x10,0x18	 x10:0x00000000 x31=0x00000000
          17262	      8627	00100294	01df2023	sw	x29,0(x30)	 x30:0x00020000 x29:0x00000030 PA:0x00020000 store:0x00000030 load:0x00000000
          17264	      8628	00100298	01cfd793	srli	x15,x31,0x1c	 x31:0x00000000 x15=0x00000000
          17266	      8629	0010029c	00900713	addi	x14,x0,9	  x0:0x00000000 x14=0x00000009
          17268	      8630	001002a0	f2f76ae3	bltu	x14,x15,1001d4	 x14:0x00000009 x15:0x00000000
          17270	      8631	001002a4	03078393	addi	x7,x15,48	 x15:0x00000000  x7=0x00000030
          17272	      8632	001002a8	000205b7	lui	x11,0x20	 x11=0x00020000
          17276	      8634	001002ac	0075a023	sw	x7,0(x11)	 x11:0x00020000  x7:0x00000030 PA:0x00020000 store:0x00000030 load:0x00000000
          17278	      8635	001002b0	00f57513	andi	x10,x10,15	 x10:0x00000000 x10=0x00000000
          17280	      8636	001002b4	00900613	addi	x12,x0,9	  x0:0x00000000 x12=0x00000009
          17284	      8638	001002b8	f2a67ae3	bgeu	x12,x10,1001ec	 x12:0x00000009 x10:0x00000000
          17288	      8640	001001ec	03050893	addi	x17,x10,48	 x10:0x00000000 x17=0x00000030
          17290	      8641	001001f0	00020e37	lui	x28,0x20	 x28=0x00020000
          17294	      8643	001001f4	011e2023	sw	x17,0(x28)	 x28:0x00020000 x17:0x00000030 PA:0x00020000 store:0x00000030 load:0x00000000
          17298	      8645	001001f8	00008067	jalr	x0,0(x1)	  x1:0x00101340  x0=0x00000000
          17300	      8646	00101340	a18b0513	addi	x10,x22,-1512	 x22:0x00102000 x10=0x00101a18
          17304	      8648	00101344	d5dfe0ef	jal	x1,1000a0	  x1=0x00101348
          17308	      8650	001000a0	00054803	lbu	x16,0(x10)	 x10:0x00101a18 x16=0x00000020 PA:0x00101a18 store:0x00000000
          17310	      8651	001000a4	06080663	beq	x16,x0,100110	 x16:0x00000020  x0:0x00000000
          17312	      8652	001000a8	000207b7	lui	x15,0x20	 x15=0x00020000
          17316	      8654	001000ac	0107a023	sw	x16,0(x15)	 x15:0x00020000 x16:0x00000020 PA:0x00020000 store:0x00000020 load:0x00000000
          17320	      8656	001000b0	00154703	lbu	x14,1(x10)	 x10:0x00101a18 x14=0x00000072 PA:0x00101a19 store:0x00101348
          17322	      8657	001000b4	04070e63	beq	x14,x0,100110	 x14:0x00000072  x0:0x00000000
          17326	      8659	001000b8	00e7a023	sw	x14,0(x15)	 x15:0x00020000 x14:0x00000072 PA:0x00020000 store:0x00000072 load:0x00000000
          17330	      8661	001000bc	00254283	lbu	x5,2(x10)	 x10:0x00101a18  x5=0x00000065 PA:0x00101a1a store:0x00137fa0
          17332	      8662	001000c0	04028863	beq	x5,x0,100110	  x5:0x00000065  x0:0x00000000
          17336	      8664	001000c4	0057a023	sw	x5,0(x15)	 x15:0x00020000  x5:0x00000065 PA:0x00020000 store:0x00000065 load:0x00000000
          17340	      8666	001000c8	00354303	lbu	x6,3(x10)	 x10:0x00101a18  x6=0x00000073 PA:0x00101a1b store:0x00000000
          17342	      8667	001000cc	04030263	beq	x6,x0,100110	  x6:0x00000073  x0:0x00000000
          17346	      8669	001000d0	0067a023	sw	x6,0(x15)	 x15:0x00020000  x6:0x00000073 PA:0x00020000 store:0x00000073 load:0x00000000
          17350	      8671	001000d4	00454383	lbu	x7,4(x10)	 x10:0x00101a18  x7=0x00000075 PA:0x00101a1c store:0x00000000
          17352	      8672	001000d8	02038c63	beq	x7,x0,100110	  x7:0x00000075  x0:0x00000000
          17356	      8674	001000dc	0077a023	sw	x7,0(x15)	 x15:0x00020000  x7:0x00000075 PA:0x00020000 store:0x00000075 load:0x00000000
          17360	      8676	001000e0	00554583	lbu	x11,5(x10)	 x10:0x00101a18 x11=0x0000006c PA:0x00101a1d store:0x00000065
          17362	      8677	001000e4	02058663	beq	x11,x0,100110	 x11:0x0000006c  x0:0x00000000
          17366	      8679	001000e8	00b7a023	sw	x11,0(x15)	 x15:0x00020000 x11:0x0000006c PA:0x00020000 store:0x0000006c load:0x00000000
          17370	      8681	001000ec	00654603	lbu	x12,6(x10)	 x10:0x00101a18 x12=0x00000074 PA:0x00101a1e store:0x00000073
          17372	      8682	001000f0	02060063	beq	x12,x0,100110	 x12:0x00000074  x0:0x00000000
          17376	      8684	001000f4	00c7a023	sw	x12,0(x15)	 x15:0x00020000 x12:0x00000074 PA:0x00020000 store:0x00000074 load:0x00000000
          17380	      8686	001000f8	00754683	lbu	x13,7(x10)	 x10:0x00101a18 x13=0x0000003a PA:0x00101a1f store:0x00000075
          17382	      8687	001000fc	00850513	addi	x10,x10,8	 x10:0x00101a18 x10=0x00101a20
          17384	      8688	00100100	00068863	beq	x13,x0,100110	 x13:0x0000003a  x0:0x00000000
          17388	      8690	00100104	00d7a023	sw	x13,0(x15)	 x15:0x00020000 x13:0x0000003a PA:0x00020000 store:0x0000003a load:0x00000000
          17392	      8692	00100108	00054803	lbu	x16,0(x10)	 x10:0x00101a20 x16=0x00000020 PA:0x00101a20 store:0x00000000
          17396	      8694	0010010c	fa0810e3	bne	x16,x0,1000ac	 x16:0x00000020  x0:0x00000000
          17402	      8697	001000ac	0107a023	sw	x16,0(x15)	 x15:0x00020000 x16:0x00000020 PA:0x00020000 store:0x00000020 load:0x00000000
          17406	      8699	001000b0	00154703	lbu	x14,1(x10)	 x10:0x00101a20 x14=0x00000000 PA:0x00101a21 store:0x00101348
          17410	      8701	001000b4	04070e63	beq	x14,x0,100110	 x14:0x00000000  x0:0x00000000
          17414	      8703	00100110	00000513	addi	x10,x0,0	  x0:0x00000000 x10=0x00000000
          17418	      8705	00100114	00008067	jalr	x0,0(x1)	  x1:0x00101348  x0=0x00000000
          17422	      8707	00101348	cf8a2503	lw	x10,-776(x20)	 x20:0x00102000 x10=0x41ae842c PA:0x00101cf8 store:0x00000000
          17424	      8708	0010134c	001c0d93	addi	x27,x24,1	 x24:0x00000000 x27=0x00000001
          17428	      8710	00101350	dd1fe0ef	jal	x1,100120	  x1=0x00101354
          17430	      8711	00100120	01c55793	srli	x15,x10,0x1c	 x10:0x41ae842c x15=0x00000004
          17432	      8712	00100124	00900713	addi	x14,x0,9	  x0:0x00000000 x14=0x00000009
          17436	      8714	00100128	0cf77a63	bgeu	x14,x15,1001fc	 x14:0x00000009 x15:0x00000004
          17440	      8716	001001fc	03078393	addi	x7,x15,48	 x15:0x00000004  x7=0x00000034
          17442	      8717	00100200	000205b7	lui	x11,0x20	 x11=0x00020000
          17444	      8718	00100204	00451613	slli	x12,x10,0x4	 x10:0x41ae842c x12=0x1ae842c0
          17448	      8720	00100208	0075a023	sw	x7,0(x11)	 x11:0x00020000  x7:0x00000034 PA:0x00020000 store:0x00000034 load:0x00000000
          17450	      8721	0010020c	01c65693	srli	x13,x12,0x1c	 x12:0x1ae842c0 x13=0x00000001
          17452	      8722	00100210	00900813	addi	x16,x0,9	  x0:0x00000000 x16=0x00000009
          17454	      8723	00100214	f2d86ae3	bltu	x16,x13,100148	 x16:0x00000009 x13:0x00000001
          17456	      8724	00100218	03068e93	addi	x29,x13,48	 x13:0x00000001 x29=0x00000031
          17458	      8725	0010021c	00020f37	lui	x30,0x20	 x30=0x00020000
          17460	      8726	00100220	00851f93	slli	x31,x10,0x8	 x10:0x41ae842c x31=0xae842c00
          17464	      8728	00100224	01df2023	sw	x29,0(x30)	 x30:0x00020000 x29:0x00000031 PA:0x00020000 store:0x00000031 load:0x00000000
          17466	      8729	00100228	01cfd793	srli	x15,x31,0x1c	 x31:0xae842c00 x15=0x0000000a
          17468	      8730	0010022c	00900713	addi	x14,x0,9	  x0:0x00000000 x14=0x00000009
          17472	      8732	00100230	f2f76ae3	bltu	x14,x15,100164	 x14:0x00000009 x15:0x0000000a
          17476	      8734	00100164	03778293	addi	x5,x15,55	 x15:0x0000000a  x5=0x00000041
          17478	      8735	00100168	00020337	lui	x6,0x20	  x6=0x00020000
          17480	      8736	0010016c	00c51613	slli	x12,x10,0xc	 x10:0x41ae842c x12=0xe842c000
          17484	      8738	00100170	00532023	sw	x5,0(x6)	  x6:0x00020000  x5:0x00000041 PA:0x00020000 store:0x00000041 load:0x00000000
          17486	      8739	00100174	01c65693	srli	x13,x12,0x1c	 x12:0xe842c000 x13=0x0000000e
          17488	      8740	00100178	00900813	addi	x16,x0,9	  x0:0x00000000 x16=0x00000009
          17490	      8741	0010017c	0cd87a63	bgeu	x16,x13,100250	 x16:0x00000009 x13:0x0000000e
          17492	      8742	00100180	03768893	addi	x17,x13,55	 x13:0x0000000e x17=0x00000045
          17494	      8743	00100184	00020e37	lui	x28,0x20	 x28=0x00020000
          17496	      8744	00100188	01051f93	slli	x31,x10,0x10	 x10:0x41ae842c x31=0x842c0000
          17500	      8746	0010018c	011e2023	sw	x17,0(x28)	 x28:0x00020000 x17:0x00000045 PA:0x00020000 store:0x00000045 load:0x00000000
          17502	      8747	00100190	01cfd793	srli	x15,x31,0x1c	 x31:0x842c0000 x15=0x00000008
          17504	      8748	00100194	00900713	addi	x14,x0,9	  x0:0x00000000 x14=0x00000009
          17508	      8750	00100198	0cf77a63	bgeu	x14,x15,10026c	 x14:0x00000009 x15:0x00000008
          17512	      8752	0010026c	03078393	addi	x7,x15,48	 x15:0x00000008  x7=0x00000038
          17514	      8753	00100270	000205b7	lui	x11,0x20	 x11=0x00020000
          17516	      8754	00100274	01451613	slli	x12,x10,0x14	 x10:0x41ae842c x12=0x42c00000
          17520	      8756	00100278	0075a023	sw	x7,0(x11)	 x11:0x00020000  x7:0x00000038 PA:0x00020000 store:0x00000038 load:0x00000000
          17522	      8757	0010027c	01c65693	srli	x13,x12,0x1c	 x12:0x42c00000 x13=0x00000004
          17524	      8758	00100280	00900813	addi	x16,x0,9	  x0:0x00000000 x16=0x00000009
          17526	      8759	00100284	f2d86ae3	bltu	x16,x13,1001b8	 x16:0x00000009 x13:0x00000004
          17528	      8760	00100288	03068e93	addi	x29,x13,48	 x13:0x00000004 x29=0x00000034
          17530	      8761	0010028c	00020f37	lui	x30,0x20	 x30=0x00020000
          17532	      8762	00100290	01851f93	slli	x31,x10,0x18	 x10:0x41ae842c x31=0x2c000000
          17536	      8764	00100294	01df2023	sw	x29,0(x30)	 x30:0x00020000 x29:0x00000034 PA:0x00020000 store:0x00000034 load:0x00000000
          17538	      8765	00100298	01cfd793	srli	x15,x31,0x1c	 x31:0x2c000000 x15=0x00000002
          17540	      8766	0010029c	00900713	addi	x14,x0,9	  x0:0x00000000 x14=0x00000009
          17542	      8767	001002a0	f2f76ae3	bltu	x14,x15,1001d4	 x14:0x00000009 x15:0x00000002
          17544	      8768	001002a4	03078393	addi	x7,x15,48	 x15:0x00000002  x7=0x00000032
          17546	      8769	001002a8	000205b7	lui	x11,0x20	 x11=0x00020000
          17550	      8771	001002ac	0075a023	sw	x7,0(x11)	 x11:0x00020000  x7:0x00000032 PA:0x00020000 store:0x00000032 load:0x00000000
          17552	      8772	001002b0	00f57513	andi	x10,x10,15	 x10:0x41ae842c x10=0x0000000c
          17554	      8773	001002b4	00900613	addi	x12,x0,9	  x0:0x00000000 x12=0x00000009
          17556	      8774	001002b8	f2a67ae3	bgeu	x12,x10,1001ec	 x12:0x00000009 x10:0x0000000c
          17558	      8775	001002bc	03750693	addi	x13,x10,55	 x10:0x0000000c x13=0x00000043
          17560	      8776	001002c0	00020837	lui	x16,0x20	 x16=0x00020000
          17564	      8778	001002c4	00d82023	sw	x13,0(x16)	 x16:0x00020000 x13:0x00000043 PA:0x00020000 store:0x00000043 load:0x00000000
          17578	      8785	001002c8	00008067	jalr	x0,0(x1)	  x1:0x00101354  x0=0x00000000
          17580	      8786	00101354	d089a407	flw	f8,-760(x19)	 f19:0x00102000  f8=0x00000000 PA:0x00101d08 store:0x4598f2e4
          17600	      8796	00101358	580474d3	fsqrt.s	f9,f8	  f8:0x00102000  f9=0x00000000
          17608	      8800	0010135c	d099a427	fsw	f9,-760(x19)	 f19:0x00102000  f9:0x00102000 PA:0x00101d08 store:0x40957595 load:0x41ae842c
          17616	      8804	00101360	d089a507	flw	f10,-760(x19)	 f19:0x00102000 f10=0x00000000 PA:0x00101d08 store:0x41ae842c
          17622	      8807	00101364	a10a8513	addi	x10,x21,-1520	 x21:0x00102000 x10=0x00101a10
          17624	      8808	00101368	e0050753	fmv.x.w	x14,f10	 f10:0x00101a10 x14=0x40957595
          17626	      8809	0010136c	ceea2c23	sw	x14,-776(x20)	 x20:0x00102000 x14:0x40957595 PA:0x00101cf8 store:0x40957595 load:0x40957595
          17628	      8810	00101370	d31fe0ef	jal	x1,1000a0	  x1=0x00101374
          17632	      8812	001000a0	00054803	lbu	x16,0(x10)	 x10:0x00101a10 x16=0x0000000a PA:0x00101a10 store:0x00000000
          17634	      8813	001000a4	06080663	beq	x16,x0,100110	 x16:0x0000000a  x0:0x00000000
          17636	      8814	001000a8	000207b7	lui	x15,0x20	 x15=0x00020000
          17640	      8816	001000ac	0107a023	sw	x16,0(x15)	 x15:0x00020000 x16:0x0000000a PA:0x00020000 store:0x0000000a load:0x00000000
          17644	      8818	001000b0	00154703	lbu	x14,1(x10)	 x10:0x00101a10 x14=0x00000020 PA:0x00101a11 store:0x00101374
          17646	      8819	001000b4	04070e63	beq	x14,x0,100110	 x14:0x00000020  x0:0x00000000
          17650	      8821	001000b8	00e7a023	sw	x14,0(x15)	 x15:0x00020000 x14:0x00000020 PA:0x00020000 store:0x00000020 load:0x00000000
          17654	      8823	001000bc	00254283	lbu	x5,2(x10)	 x10:0x00101a10  x5=0x00000069 PA:0x00101a12 store:0x00137fa0
          17656	      8824	001000c0	04028863	beq	x5,x0,100110	  x5:0x00000069  x0:0x00000000
          17660	      8826	001000c4	0057a023	sw	x5,0(x15)	 x15:0x00020000  x5:0x00000069 PA:0x00020000 store:0x00000069 load:0x00000000
          17664	      8828	001000c8	00354303	lbu	x6,3(x10)	 x10:0x00101a10  x6=0x0000003d PA:0x00101a13 store:0x00000000
          17666	      8829	001000cc	04030263	beq	x6,x0,100110	  x6:0x0000003d  x0:0x00000000
          17670	      8831	001000d0	0067a023	sw	x6,0(x15)	 x15:0x00020000  x6:0x0000003d PA:0x00020000 store:0x0000003d load:0x00000000
          17674	      8833	001000d4	00454383	lbu	x7,4(x10)	 x10:0x00101a10  x7=0x00000000 PA:0x00101a14 store:0x00000000
          17678	      8835	001000d8	02038c63	beq	x7,x0,100110	  x7:0x00000000  x0:0x00000000
          17682	      8837	00100110	00000513	addi	x10,x0,0	  x0:0x00000000 x10=0x00000000
          17686	      8839	00100114	00008067	jalr	x0,0(x1)	  x1:0x00101374  x0=0x00000000
          17688	      8840	00101374	000d8513	addi	x10,x27,0	 x27:0x00000001 x10=0x00000001
          17692	      8842	00101378	da9fe0ef	jal	x1,100120	  x1=0x0010137c
          17694	      8843	00100120	01c55793	srli	x15,x10,0x1c	 x10:0x00000001 x15=0x00000000
          17696	      8844	00100124	00900713	addi	x14,x0,9	  x0:0x00000000 x14=0x00000009
          17700	      8846	00100128	0cf77a63	bgeu	x14,x15,1001fc	 x14:0x00000009 x15:0x00000000
          17704	      8848	001001fc	03078393	addi	x7,x15,48	 x15:0x00000000  x7=0x00000030
          17706	      8849	00100200	000205b7	lui	x11,0x20	 x11=0x00020000
          17708	      8850	00100204	00451613	slli	x12,x10,0x4	 x10:0x00000001 x12=0x00000010
          17712	      8852	00100208	0075a023	sw	x7,0(x11)	 x11:0x00020000  x7:0x00000030 PA:0x00020000 store:0x00000030 load:0x00000000
          17714	      8853	0010020c	01c65693	srli	x13,x12,0x1c	 x12:0x00000010 x13=0x00000000
          17716	      8854	00100210	00900813	addi	x16,x0,9	  x0:0x00000000 x16=0x00000009
          17718	      8855	00100214	f2d86ae3	bltu	x16,x13,100148	 x16:0x00000009 x13:0x00000000
          17720	      8856	00100218	03068e93	addi	x29,x13,48	 x13:0x00000000 x29=0x00000030
          17722	      8857	0010021c	00020f37	lui	x30,0x20	 x30=0x00020000
          17724	      8858	00100220	00851f93	slli	x31,x10,0x8	 x10:0x00000001 x31=0x00000100
          17728	      8860	00100224	01df2023	sw	x29,0(x30)	 x30:0x00020000 x29:0x00000030 PA:0x00020000 store:0x00000030 load:0x00000000
          17730	      8861	00100228	01cfd793	srli	x15,x31,0x1c	 x31:0x00000100 x15=0x00000000
          17732	      8862	0010022c	00900713	addi	x14,x0,9	  x0:0x00000000 x14=0x00000009
          17734	      8863	00100230	f2f76ae3	bltu	x14,x15,100164	 x14:0x00000009 x15:0x00000000
          17736	      8864	00100234	03078393	addi	x7,x15,48	 x15:0x00000000  x7=0x00000030
          17738	      8865	00100238	000205b7	lui	x11,0x20	 x11=0x00020000
          17740	      8866	0010023c	00c51613	slli	x12,x10,0xc	 x10:0x00000001 x12=0x00001000
          17744	      8868	00100240	0075a023	sw	x7,0(x11)	 x11:0x00020000  x7:0x00000030 PA:0x00020000 store:0x00000030 load:0x00000000
          17746	      8869	00100244	01c65693	srli	x13,x12,0x1c	 x12:0x00001000 x13=0x00000000
          17748	      8870	00100248	00900813	addi	x16,x0,9	  x0:0x00000000 x16=0x00000009
          17750	      8871	0010024c	f2d86ae3	bltu	x16,x13,100180	 x16:0x00000009 x13:0x00000000
          17752	      8872	00100250	03068e93	addi	x29,x13,48	 x13:0x00000000 x29=0x00000030
          17754	      8873	00100254	00020f37	lui	x30,0x20	 x30=0x00020000
          17756	      8874	00100258	01051f93	slli	x31,x10,0x10	 x10:0x00000001 x31=0x00010000
          17760	      8876	0010025c	01df2023	sw	x29,0(x30)	 x30:0x00020000 x29:0x00000030 PA:0x00020000 store:0x00000030 load:0x00000000
          17762	      8877	00100260	01cfd793	srli	x15,x31,0x1c	 x31:0x00010000 x15=0x00000000
          17764	      8878	00100264	00900713	addi	x14,x0,9	  x0:0x00000000 x14=0x00000009
          17766	      8879	00100268	f2f76ae3	bltu	x14,x15,10019c	 x14:0x00000009 x15:0x00000000
          17768	      8880	0010026c	03078393	addi	x7,x15,48	 x15:0x00000000  x7=0x00000030
          17770	      8881	00100270	000205b7	lui	x11,0x20	 x11=0x00020000
          17772	      8882	00100274	01451613	slli	x12,x10,0x14	 x10:0x00000001 x12=0x00100000
          17776	      8884	00100278	0075a023	sw	x7,0(x11)	 x11:0x00020000  x7:0x00000030 PA:0x00020000 store:0x00000030 load:0x00000000
          17778	      8885	0010027c	01c65693	srli	x13,x12,0x1c	 x12:0x00100000 x13=0x00000000
          17780	      8886	00100280	00900813	addi	x16,x0,9	  x0:0x00000000 x16=0x00000009
          17782	      8887	00100284	f2d86ae3	bltu	x16,x13,1001b8	 x16:0x00000009 x13:0x00000000
          17784	      8888	00100288	03068e93	addi	x29,x13,48	 x13:0x00000000 x29=0x00000030
          17786	      8889	0010028c	00020f37	lui	x30,0x20	 x30=0x00020000
          17788	      8890	00100290	01851f93	slli	x31,x10,0x18	 x10:0x00000001 x31=0x01000000
          17792	      8892	00100294	01df2023	sw	x29,0(x30)	 x30:0x00020000 x29:0x00000030 PA:0x00020000 store:0x00000030 load:0x00000000
          17794	      8893	00100298	01cfd793	srli	x15,x31,0x1c	 x31:0x01000000 x15=0x00000000
          17796	      8894	0010029c	00900713	addi	x14,x0,9	  x0:0x00000000 x14=0x00000009
          17798	      8895	001002a0	f2f76ae3	bltu	x14,x15,1001d4	 x14:0x00000009 x15:0x00000000
          17800	      8896	001002a4	03078393	addi	x7,x15,48	 x15:0x00000000  x7=0x00000030
          17802	      8897	001002a8	000205b7	lui	x11,0x20	 x11=0x00020000
          17806	      8899	001002ac	0075a023	sw	x7,0(x11)	 x11:0x00020000  x7:0x00000030 PA:0x00020000 store:0x00000030 load:0x00000000
          17808	      8900	001002b0	00f57513	andi	x10,x10,15	 x10:0x00000001 x10=0x00000001
          17810	      8901	001002b4	00900613	addi	x12,x0,9	  x0:0x00000000 x12=0x00000009
          17814	      8903	001002b8	f2a67ae3	bgeu	x12,x10,1001ec	 x12:0x00000009 x10:0x00000001
          17818	      8905	001001ec	03050893	addi	x17,x10,48	 x10:0x00000001 x17=0x00000031
          17820	      8906	001001f0	00020e37	lui	x28,0x20	 x28=0x00020000
          17824	      8908	001001f4	011e2023	sw	x17,0(x28)	 x28:0x00020000 x17:0x00000031 PA:0x00020000 store:0x00000031 load:0x00000000
          17828	      8910	001001f8	00008067	jalr	x0,0(x1)	  x1:0x0010137c  x0=0x00000000
          17830	      8911	0010137c	a18b0513	addi	x10,x22,-1512	 x22:0x00102000 x10=0x00101a18
          17834	      8913	00101380	d21fe0ef	jal	x1,1000a0	  x1=0x00101384
          17838	      8915	001000a0	00054803	lbu	x16,0(x10)	 x10:0x00101a18 x16=0x00000020 PA:0x00101a18 store:0x00000000
          17840	      8916	001000a4	06080663	beq	x16,x0,100110	 x16:0x00000020  x0:0x00000000
          17842	      8917	001000a8	000207b7	lui	x15,0x20	 x15=0x00020000
          17846	      8919	001000ac	0107a023	sw	x16,0(x15)	 x15:0x00020000 x16:0x00000020 PA:0x00020000 store:0x00000020 load:0x00000000
          17850	      8921	001000b0	00154703	lbu	x14,1(x10)	 x10:0x00101a18 x14=0x00000072 PA:0x00101a19 store:0x00101384
          17852	      8922	001000b4	04070e63	beq	x14,x0,100110	 x14:0x00000072  x0:0x00000000
          17856	      8924	001000b8	00e7a023	sw	x14,0(x15)	 x15:0x00020000 x14:0x00000072 PA:0x00020000 store:0x00000072 load:0x00000000
          17860	      8926	001000bc	00254283	lbu	x5,2(x10)	 x10:0x00101a18  x5=0x00000065 PA:0x00101a1a store:0x00137fa0
          17862	      8927	001000c0	04028863	beq	x5,x0,100110	  x5:0x00000065  x0:0x00000000
          17866	      8929	001000c4	0057a023	sw	x5,0(x15)	 x15:0x00020000  x5:0x00000065 PA:0x00020000 store:0x00000065 load:0x00000000
          17870	      8931	001000c8	00354303	lbu	x6,3(x10)	 x10:0x00101a18  x6=0x00000073 PA:0x00101a1b store:0x00000000
          17872	      8932	001000cc	04030263	beq	x6,x0,100110	  x6:0x00000073  x0:0x00000000
          17876	      8934	001000d0	0067a023	sw	x6,0(x15)	 x15:0x00020000  x6:0x00000073 PA:0x00020000 store:0x00000073 load:0x00000000
          17880	      8936	001000d4	00454383	lbu	x7,4(x10)	 x10:0x00101a18  x7=0x00000075 PA:0x00101a1c store:0x00000000
          17882	      8937	001000d8	02038c63	beq	x7,x0,100110	  x7:0x00000075  x0:0x00000000
          17886	      8939	001000dc	0077a023	sw	x7,0(x15)	 x15:0x00020000  x7:0x00000075 PA:0x00020000 store:0x00000075 load:0x00000000
          17890	      8941	001000e0	00554583	lbu	x11,5(x10)	 x10:0x00101a18 x11=0x0000006c PA:0x00101a1d store:0x00000065
          17892	      8942	001000e4	02058663	beq	x11,x0,100110	 x11:0x0000006c  x0:0x00000000
          17896	      8944	001000e8	00b7a023	sw	x11,0(x15)	 x15:0x00020000 x11:0x0000006c PA:0x00020000 store:0x0000006c load:0x00000000
          17900	      8946	001000ec	00654603	lbu	x12,6(x10)	 x10:0x00101a18 x12=0x00000074 PA:0x00101a1e store:0x00000073
          17902	      8947	001000f0	02060063	beq	x12,x0,100110	 x12:0x00000074  x0:0x00000000
          17906	      8949	001000f4	00c7a023	sw	x12,0(x15)	 x15:0x00020000 x12:0x00000074 PA:0x00020000 store:0x00000074 load:0x00000000
          17910	      8951	001000f8	00754683	lbu	x13,7(x10)	 x10:0x00101a18 x13=0x0000003a PA:0x00101a1f store:0x00000075
          17912	      8952	001000fc	00850513	addi	x10,x10,8	 x10:0x00101a18 x10=0x00101a20
          17914	      8953	00100100	00068863	beq	x13,x0,100110	 x13:0x0000003a  x0:0x00000000
          17918	      8955	00100104	00d7a023	sw	x13,0(x15)	 x15:0x00020000 x13:0x0000003a PA:0x00020000 store:0x0000003a load:0x00000000
          17922	      8957	00100108	00054803	lbu	x16,0(x10)	 x10:0x00101a20 x16=0x00000020 PA:0x00101a20 store:0x00000000
          17926	      8959	0010010c	fa0810e3	bne	x16,x0,1000ac	 x16:0x00000020  x0:0x00000000
          17932	      8962	001000ac	0107a023	sw	x16,0(x15)	 x15:0x00020000 x16:0x00000020 PA:0x00020000 store:0x00000020 load:0x00000000
          17936	      8964	001000b0	00154703	lbu	x14,1(x10)	 x10:0x00101a20 x14=0x00000000 PA:0x00101a21 store:0x00101384
          17940	      8966	001000b4	04070e63	beq	x14,x0,100110	 x14:0x00000000  x0:0x00000000
          17944	      8968	00100110	00000513	addi	x10,x0,0	  x0:0x00000000 x10=0x00000000
          17948	      8970	00100114	00008067	jalr	x0,0(x1)	  x1:0x00101384  x0=0x00000000
          17952	      8972	00101384	cf8a2503	lw	x10,-776(x20)	 x20:0x00102000 x10=0x40957595 PA:0x00101cf8 store:0x00000000
          17954	      8973	00101388	002c0d93	addi	x27,x24,2	 x24:0x00000000 x27=0x00000002
          17958	      8975	0010138c	d95fe0ef	jal	x1,100120	  x1=0x00101390
          17960	      8976	00100120	01c55793	srli	x15,x10,0x1c	 x10:0x40957595 x15=0x00000004
          17962	      8977	00100124	00900713	addi	x14,x0,9	  x0:0x00000000 x14=0x00000009
          17966	      8979	00100128	0cf77a63	bgeu	x14,x15,1001fc	 x14:0x00000009 x15:0x00000004
          17970	      8981	001001fc	03078393	addi	x7,x15,48	 x15:0x00000004  x7=0x00000034
          17972	      8982	00100200	000205b7	lui	x11,0x20	 x11=0x00020000
          17974	      8983	00100204	00451613	slli	x12,x10,0x4	 x10:0x40957595 x12=0x09575950
          17978	      8985	00100208	0075a023	sw	x7,0(x11)	 x11:0x00020000  x7:0x00000034 PA:0x00020000 store:0x00000034 load:0x00000000
          17980	      8986	0010020c	01c65693	srli	x13,x12,0x1c	 x12:0x09575950 x13=0x00000000
          17982	      8987	00100210	00900813	addi	x16,x0,9	  x0:0x00000000 x16=0x00000009
          17984	      8988	00100214	f2d86ae3	bltu	x16,x13,100148	 x16:0x00000009 x13:0x00000000
          17986	      8989	00100218	03068e93	addi	x29,x13,48	 x13:0x00000000 x29=0x00000030
          17988	      8990	0010021c	00020f37	lui	x30,0x20	 x30=0x00020000
          17990	      8991	00100220	00851f93	slli	x31,x10,0x8	 x10:0x40957595 x31=0x95759500
          17994	      8993	00100224	01df2023	sw	x29,0(x30)	 x30:0x00020000 x29:0x00000030 PA:0x00020000 store:0x00000030 load:0x00000000
          17996	      8994	00100228	01cfd793	srli	x15,x31,0x1c	 x31:0x95759500 x15=0x00000009
          17998	      8995	0010022c	00900713	addi	x14,x0,9	  x0:0x00000000 x14=0x00000009
          18000	      8996	00100230	f2f76ae3	bltu	x14,x15,100164	 x14:0x00000009 x15:0x00000009
          18002	      8997	00100234	03078393	addi	x7,x15,48	 x15:0x00000009  x7=0x00000039
          18004	      8998	00100238	000205b7	lui	x11,0x20	 x11=0x00020000
          18006	      8999	0010023c	00c51613	slli	x12,x10,0xc	 x10:0x40957595 x12=0x57595000
          18010	      9001	00100240	0075a023	sw	x7,0(x11)	 x11:0x00020000  x7:0x00000039 PA:0x00020000 store:0x00000039 load:0x00000000
          18012	      9002	00100244	01c65693	srli	x13,x12,0x1c	 x12:0x57595000 x13=0x00000005
          18014	      9003	00100248	00900813	addi	x16,x0,9	  x0:0x00000000 x16=0x00000009
          18016	      9004	0010024c	f2d86ae3	bltu	x16,x13,100180	 x16:0x00000009 x13:0x00000005
          18018	      9005	00100250	03068e93	addi	x29,x13,48	 x13:0x00000005 x29=0x00000035
          18020	      9006	00100254	00020f37	lui	x30,0x20	 x30=0x00020000
          18022	      9007	00100258	01051f93	slli	x31,x10,0x10	 x10:0x40957595 x31=0x75950000
          18026	      9009	0010025c	01df2023	sw	x29,0(x30)	 x30:0x00020000 x29:0x00000035 PA:0x00020000 store:0x00000035 load:0x00000000
          18028	      9010	00100260	01cfd793	srli	x15,x31,0x1c	 x31:0x75950000 x15=0x00000007
          18030	      9011	00100264	00900713	addi	x14,x0,9	  x0:0x00000000 x14=0x00000009
          18032	      9012	00100268	f2f76ae3	bltu	x14,x15,10019c	 x14:0x00000009 x15:0x00000007
          18034	      9013	0010026c	03078393	addi	x7,x15,48	 x15:0x00000007  x7=0x00000037
          18036	      9014	00100270	000205b7	lui	x11,0x20	 x11=0x00020000
          18038	      9015	00100274	01451613	slli	x12,x10,0x14	 x10:0x40957595 x12=0x59500000
          18042	      9017	00100278	0075a023	sw	x7,0(x11)	 x11:0x00020000  x7:0x00000037 PA:0x00020000 store:0x00000037 load:0x00000000
          18044	      9018	0010027c	01c65693	srli	x13,x12,0x1c	 x12:0x59500000 x13=0x00000005
          18046	      9019	00100280	00900813	addi	x16,x0,9	  x0:0x00000000 x16=0x00000009
          18048	      9020	00100284	f2d86ae3	bltu	x16,x13,1001b8	 x16:0x00000009 x13:0x00000005
          18050	      9021	00100288	03068e93	addi	x29,x13,48	 x13:0x00000005 x29=0x00000035
          18052	      9022	0010028c	00020f37	lui	x30,0x20	 x30=0x00020000
          18054	      9023	00100290	01851f93	slli	x31,x10,0x18	 x10:0x40957595 x31=0x95000000
          18058	      9025	00100294	01df2023	sw	x29,0(x30)	 x30:0x00020000 x29:0x00000035 PA:0x00020000 store:0x00000035 load:0x00000000
          18060	      9026	00100298	01cfd793	srli	x15,x31,0x1c	 x31:0x95000000 x15=0x00000009
          18062	      9027	0010029c	00900713	addi	x14,x0,9	  x0:0x00000000 x14=0x00000009
          18064	      9028	001002a0	f2f76ae3	bltu	x14,x15,1001d4	 x14:0x00000009 x15:0x00000009
          18066	      9029	001002a4	03078393	addi	x7,x15,48	 x15:0x00000009  x7=0x00000039
          18068	      9030	001002a8	000205b7	lui	x11,0x20	 x11=0x00020000
          18072	      9032	001002ac	0075a023	sw	x7,0(x11)	 x11:0x00020000  x7:0x00000039 PA:0x00020000 store:0x00000039 load:0x00000000
          18074	      9033	001002b0	00f57513	andi	x10,x10,15	 x10:0x40957595 x10=0x00000005
          18076	      9034	001002b4	00900613	addi	x12,x0,9	  x0:0x00000000 x12=0x00000009
          18080	      9036	001002b8	f2a67ae3	bgeu	x12,x10,1001ec	 x12:0x00000009 x10:0x00000005
          18084	      9038	001001ec	03050893	addi	x17,x10,48	 x10:0x00000005 x17=0x00000035
          18086	      9039	001001f0	00020e37	lui	x28,0x20	 x28=0x00020000
          18090	      9041	001001f4	011e2023	sw	x17,0(x28)	 x28:0x00020000 x17:0x00000035 PA:0x00020000 store:0x00000035 load:0x00000000
          18104	      9048	001001f8	00008067	jalr	x0,0(x1)	  x1:0x00101390  x0=0x00000000
          18106	      9049	00101390	d089a807	flw	f16,-760(x19)	 f19:0x00102000 f16=0x00000000 PA:0x00101d08 store:0x41ae842c
          18128	      9060	00101394	a10a8513	addi	x10,x21,-1520	 x21:0x00102000 x10=0x00101a10
          18130	      9061	00101398	580878d3	fsqrt.s	f17,f16	 f16:0x00000009 f17=0x00000000
          18136	      9064	0010139c	d119a427	fsw	f17,-760(x19)	 f19:0x00102000 f17:0x00000035 PA:0x00101d08 store:0x400a5069 load:0x40957595
          18144	      9068	001013a0	d089a907	flw	f18,-760(x19)	 f19:0x00102000 f18=0x00000000 PA:0x00101d08 store:0x41ae842c
          18150	      9071	001013a4	e00907d3	fmv.x.w	x15,f18	 f18:0x00102000 x15=0x400a5069
          18152	      9072	001013a8	cefa2c23	sw	x15,-776(x20)	 x20:0x00102000 x15:0x400a5069 PA:0x00101cf8 store:0x400a5069 load:0x400a5069
          18156	      9074	001013ac	cf5fe0ef	jal	x1,1000a0	  x1=0x001013b0
          18160	      9076	001000a0	00054803	lbu	x16,0(x10)	 x10:0x00101a10 x16=0x0000000a PA:0x00101a10 store:0x00000000
          18162	      9077	001000a4	06080663	beq	x16,x0,100110	 x16:0x0000000a  x0:0x00000000
          18164	      9078	001000a8	000207b7	lui	x15,0x20	 x15=0x00020000
          18168	      9080	001000ac	0107a023	sw	x16,0(x15)	 x15:0x00020000 x16:0x0000000a PA:0x00020000 store:0x0000000a load:0x00000000
          18172	      9082	001000b0	00154703	lbu	x14,1(x10)	 x10:0x00101a10 x14=0x00000020 PA:0x00101a11 store:0x001013b0
          18174	      9083	001000b4	04070e63	beq	x14,x0,100110	 x14:0x00000020  x0:0x00000000
          18178	      9085	001000b8	00e7a023	sw	x14,0(x15)	 x15:0x00020000 x14:0x00000020 PA:0x00020000 store:0x00000020 load:0x00000000
          18182	      9087	001000bc	00254283	lbu	x5,2(x10)	 x10:0x00101a10  x5=0x00000069 PA:0x00101a12 store:0x00137fa0
          18184	      9088	001000c0	04028863	beq	x5,x0,100110	  x5:0x00000069  x0:0x00000000
          18188	      9090	001000c4	0057a023	sw	x5,0(x15)	 x15:0x00020000  x5:0x00000069 PA:0x00020000 store:0x00000069 load:0x00000000
          18192	      9092	001000c8	00354303	lbu	x6,3(x10)	 x10:0x00101a10  x6=0x0000003d PA:0x00101a13 store:0x00000000
          18194	      9093	001000cc	04030263	beq	x6,x0,100110	  x6:0x0000003d  x0:0x00000000
          18198	      9095	001000d0	0067a023	sw	x6,0(x15)	 x15:0x00020000  x6:0x0000003d PA:0x00020000 store:0x0000003d load:0x00000000
          18202	      9097	001000d4	00454383	lbu	x7,4(x10)	 x10:0x00101a10  x7=0x00000000 PA:0x00101a14 store:0x00000000
          18206	      9099	001000d8	02038c63	beq	x7,x0,100110	  x7:0x00000000  x0:0x00000000
          18210	      9101	00100110	00000513	addi	x10,x0,0	  x0:0x00000000 x10=0x00000000
          18214	      9103	00100114	00008067	jalr	x0,0(x1)	  x1:0x001013b0  x0=0x00000000
          18216	      9104	001013b0	000d8513	addi	x10,x27,0	 x27:0x00000002 x10=0x00000002
          18220	      9106	001013b4	d6dfe0ef	jal	x1,100120	  x1=0x001013b8
          18222	      9107	00100120	01c55793	srli	x15,x10,0x1c	 x10:0x00000002 x15=0x00000000
          18224	      9108	00100124	00900713	addi	x14,x0,9	  x0:0x00000000 x14=0x00000009
          18228	      9110	00100128	0cf77a63	bgeu	x14,x15,1001fc	 x14:0x00000009 x15:0x00000000
          18232	      9112	001001fc	03078393	addi	x7,x15,48	 x15:0x00000000  x7=0x00000030
          18234	      9113	00100200	000205b7	lui	x11,0x20	 x11=0x00020000
          18236	      9114	00100204	00451613	slli	x12,x10,0x4	 x10:0x00000002 x12=0x00000020
          18240	      9116	00100208	0075a023	sw	x7,0(x11)	 x11:0x00020000  x7:0x00000030 PA:0x00020000 store:0x00000030 load:0x00000000
          18242	      9117	0010020c	01c65693	srli	x13,x12,0x1c	 x12:0x00000020 x13=0x00000000
          18244	      9118	00100210	00900813	addi	x16,x0,9	  x0:0x00000000 x16=0x00000009
          18246	      9119	00100214	f2d86ae3	bltu	x16,x13,100148	 x16:0x00000009 x13:0x00000000
          18248	      9120	00100218	03068e93	addi	x29,x13,48	 x13:0x00000000 x29=0x00000030
          18250	      9121	0010021c	00020f37	lui	x30,0x20	 x30=0x00020000
          18252	      9122	00100220	00851f93	slli	x31,x10,0x8	 x10:0x00000002 x31=0x00000200
          18256	      9124	00100224	01df2023	sw	x29,0(x30)	 x30:0x00020000 x29:0x00000030 PA:0x00020000 store:0x00000030 load:0x00000000
          18258	      9125	00100228	01cfd793	srli	x15,x31,0x1c	 x31:0x00000200 x15=0x00000000
          18260	      9126	0010022c	00900713	addi	x14,x0,9	  x0:0x00000000 x14=0x00000009
          18262	      9127	00100230	f2f76ae3	bltu	x14,x15,100164	 x14:0x00000009 x15:0x00000000
          18264	      9128	00100234	03078393	addi	x7,x15,48	 x15:0x00000000  x7=0x00000030
          18266	      9129	00100238	000205b7	lui	x11,0x20	 x11=0x00020000
          18268	      9130	0010023c	00c51613	slli	x12,x10,0xc	 x10:0x00000002 x12=0x00002000
          18272	      9132	00100240	0075a023	sw	x7,0(x11)	 x11:0x00020000  x7:0x00000030 PA:0x00020000 store:0x00000030 load:0x00000000
          18274	      9133	00100244	01c65693	srli	x13,x12,0x1c	 x12:0x00002000 x13=0x00000000
          18276	      9134	00100248	00900813	addi	x16,x0,9	  x0:0x00000000 x16=0x00000009
          18278	      9135	0010024c	f2d86ae3	bltu	x16,x13,100180	 x16:0x00000009 x13:0x00000000
          18280	      9136	00100250	03068e93	addi	x29,x13,48	 x13:0x00000000 x29=0x00000030
          18282	      9137	00100254	00020f37	lui	x30,0x20	 x30=0x00020000
          18284	      9138	00100258	01051f93	slli	x31,x10,0x10	 x10:0x00000002 x31=0x00020000
          18288	      9140	0010025c	01df2023	sw	x29,0(x30)	 x30:0x00020000 x29:0x00000030 PA:0x00020000 store:0x00000030 load:0x00000000
          18290	      9141	00100260	01cfd793	srli	x15,x31,0x1c	 x31:0x00020000 x15=0x00000000
          18292	      9142	00100264	00900713	addi	x14,x0,9	  x0:0x00000000 x14=0x00000009
          18294	      9143	00100268	f2f76ae3	bltu	x14,x15,10019c	 x14:0x00000009 x15:0x00000000
          18296	      9144	0010026c	03078393	addi	x7,x15,48	 x15:0x00000000  x7=0x00000030
          18298	      9145	00100270	000205b7	lui	x11,0x20	 x11=0x00020000
          18300	      9146	00100274	01451613	slli	x12,x10,0x14	 x10:0x00000002 x12=0x00200000
          18304	      9148	00100278	0075a023	sw	x7,0(x11)	 x11:0x00020000  x7:0x00000030 PA:0x00020000 store:0x00000030 load:0x00000000
          18306	      9149	0010027c	01c65693	srli	x13,x12,0x1c	 x12:0x00200000 x13=0x00000000
          18308	      9150	00100280	00900813	addi	x16,x0,9	  x0:0x00000000 x16=0x00000009
          18310	      9151	00100284	f2d86ae3	bltu	x16,x13,1001b8	 x16:0x00000009 x13:0x00000000
          18312	      9152	00100288	03068e93	addi	x29,x13,48	 x13:0x00000000 x29=0x00000030
          18314	      9153	0010028c	00020f37	lui	x30,0x20	 x30=0x00020000
          18316	      9154	00100290	01851f93	slli	x31,x10,0x18	 x10:0x00000002 x31=0x02000000
          18320	      9156	00100294	01df2023	sw	x29,0(x30)	 x30:0x00020000 x29:0x00000030 PA:0x00020000 store:0x00000030 load:0x00000000
          18322	      9157	00100298	01cfd793	srli	x15,x31,0x1c	 x31:0x02000000 x15=0x00000000
          18324	      9158	0010029c	00900713	addi	x14,x0,9	  x0:0x00000000 x14=0x00000009
          18326	      9159	001002a0	f2f76ae3	bltu	x14,x15,1001d4	 x14:0x00000009 x15:0x00000000
          18328	      9160	001002a4	03078393	addi	x7,x15,48	 x15:0x00000000  x7=0x00000030
          18330	      9161	001002a8	000205b7	lui	x11,0x20	 x11=0x00020000
          18334	      9163	001002ac	0075a023	sw	x7,0(x11)	 x11:0x00020000  x7:0x00000030 PA:0x00020000 store:0x00000030 load:0x00000000
          18336	      9164	001002b0	00f57513	andi	x10,x10,15	 x10:0x00000002 x10=0x00000002
          18338	      9165	001002b4	00900613	addi	x12,x0,9	  x0:0x00000000 x12=0x00000009
          18342	      9167	001002b8	f2a67ae3	bgeu	x12,x10,1001ec	 x12:0x00000009 x10:0x00000002
          18346	      9169	001001ec	03050893	addi	x17,x10,48	 x10:0x00000002 x17=0x00000032
          18348	      9170	001001f0	00020e37	lui	x28,0x20	 x28=0x00020000
          18352	      9172	001001f4	011e2023	sw	x17,0(x28)	 x28:0x00020000 x17:0x00000032 PA:0x00020000 store:0x00000032 load:0x00000000
          18356	      9174	001001f8	00008067	jalr	x0,0(x1)	  x1:0x001013b8  x0=0x00000000
          18358	      9175	001013b8	a18b0513	addi	x10,x22,-1512	 x22:0x00102000 x10=0x00101a18
          18362	      9177	001013bc	ce5fe0ef	jal	x1,1000a0	  x1=0x001013c0
          18366	      9179	001000a0	00054803	lbu	x16,0(x10)	 x10:0x00101a18 x16=0x00000020 PA:0x00101a18 store:0x00000000
          18368	      9180	001000a4	06080663	beq	x16,x0,100110	 x16:0x00000020  x0:0x00000000
          18370	      9181	001000a8	000207b7	lui	x15,0x20	 x15=0x00020000
          18374	      9183	001000ac	0107a023	sw	x16,0(x15)	 x15:0x00020000 x16:0x00000020 PA:0x00020000 store:0x00000020 load:0x00000000
          18378	      9185	001000b0	00154703	lbu	x14,1(x10)	 x10:0x00101a18 x14=0x00000072 PA:0x00101a19 store:0x001013c0
          18380	      9186	001000b4	04070e63	beq	x14,x0,100110	 x14:0x00000072  x0:0x00000000
          18384	      9188	001000b8	00e7a023	sw	x14,0(x15)	 x15:0x00020000 x14:0x00000072 PA:0x00020000 store:0x00000072 load:0x00000000
          18388	      9190	001000bc	00254283	lbu	x5,2(x10)	 x10:0x00101a18  x5=0x00000065 PA:0x00101a1a store:0x00137fa0
          18390	      9191	001000c0	04028863	beq	x5,x0,100110	  x5:0x00000065  x0:0x00000000
          18394	      9193	001000c4	0057a023	sw	x5,0(x15)	 x15:0x00020000  x5:0x00000065 PA:0x00020000 store:0x00000065 load:0x00000000
          18398	      9195	001000c8	00354303	lbu	x6,3(x10)	 x10:0x00101a18  x6=0x00000073 PA:0x00101a1b store:0x00000000
          18400	      9196	001000cc	04030263	beq	x6,x0,100110	  x6:0x00000073  x0:0x00000000
          18404	      9198	001000d0	0067a023	sw	x6,0(x15)	 x15:0x00020000  x6:0x00000073 PA:0x00020000 store:0x00000073 load:0x00000000
          18408	      9200	001000d4	00454383	lbu	x7,4(x10)	 x10:0x00101a18  x7=0x00000075 PA:0x00101a1c store:0x00000000
          18410	      9201	001000d8	02038c63	beq	x7,x0,100110	  x7:0x00000075  x0:0x00000000
          18414	      9203	001000dc	0077a023	sw	x7,0(x15)	 x15:0x00020000  x7:0x00000075 PA:0x00020000 store:0x00000075 load:0x00000000
          18418	      9205	001000e0	00554583	lbu	x11,5(x10)	 x10:0x00101a18 x11=0x0000006c PA:0x00101a1d store:0x00000065
          18420	      9206	001000e4	02058663	beq	x11,x0,100110	 x11:0x0000006c  x0:0x00000000
          18424	      9208	001000e8	00b7a023	sw	x11,0(x15)	 x15:0x00020000 x11:0x0000006c PA:0x00020000 store:0x0000006c load:0x00000000
          18428	      9210	001000ec	00654603	lbu	x12,6(x10)	 x10:0x00101a18 x12=0x00000074 PA:0x00101a1e store:0x00000073
          18430	      9211	001000f0	02060063	beq	x12,x0,100110	 x12:0x00000074  x0:0x00000000
          18434	      9213	001000f4	00c7a023	sw	x12,0(x15)	 x15:0x00020000 x12:0x00000074 PA:0x00020000 store:0x00000074 load:0x00000000
          18438	      9215	001000f8	00754683	lbu	x13,7(x10)	 x10:0x00101a18 x13=0x0000003a PA:0x00101a1f store:0x00000075
          18440	      9216	001000fc	00850513	addi	x10,x10,8	 x10:0x00101a18 x10=0x00101a20
          18442	      9217	00100100	00068863	beq	x13,x0,100110	 x13:0x0000003a  x0:0x00000000
          18446	      9219	00100104	00d7a023	sw	x13,0(x15)	 x15:0x00020000 x13:0x0000003a PA:0x00020000 store:0x0000003a load:0x00000000
          18450	      9221	00100108	00054803	lbu	x16,0(x10)	 x10:0x00101a20 x16=0x00000020 PA:0x00101a20 store:0x00000000
          18454	      9223	0010010c	fa0810e3	bne	x16,x0,1000ac	 x16:0x00000020  x0:0x00000000
          18460	      9226	001000ac	0107a023	sw	x16,0(x15)	 x15:0x00020000 x16:0x00000020 PA:0x00020000 store:0x00000020 load:0x00000000
          18464	      9228	001000b0	00154703	lbu	x14,1(x10)	 x10:0x00101a20 x14=0x00000000 PA:0x00101a21 store:0x001013c0
          18468	      9230	001000b4	04070e63	beq	x14,x0,100110	 x14:0x00000000  x0:0x00000000
          18472	      9232	00100110	00000513	addi	x10,x0,0	  x0:0x00000000 x10=0x00000000
          18476	      9234	00100114	00008067	jalr	x0,0(x1)	  x1:0x001013c0  x0=0x00000000
          18480	      9236	001013c0	cf8a2503	lw	x10,-776(x20)	 x20:0x00102000 x10=0x400a5069 PA:0x00101cf8 store:0x00000000
          18482	      9237	001013c4	003c0d93	addi	x27,x24,3	 x24:0x00000000 x27=0x00000003
          18484	      9238	001013c8	004c0c13	addi	x24,x24,4	 x24:0x00000000 x24=0x00000004
          18488	      9240	001013cc	d55fe0ef	jal	x1,100120	  x1=0x001013d0
          18490	      9241	00100120	01c55793	srli	x15,x10,0x1c	 x10:0x400a5069 x15=0x00000004
          18492	      9242	00100124	00900713	addi	x14,x0,9	  x0:0x00000000 x14=0x00000009
          18496	      9244	00100128	0cf77a63	bgeu	x14,x15,1001fc	 x14:0x00000009 x15:0x00000004
          18500	      9246	001001fc	03078393	addi	x7,x15,48	 x15:0x00000004  x7=0x00000034
          18502	      9247	00100200	000205b7	lui	x11,0x20	 x11=0x00020000
          18504	      9248	00100204	00451613	slli	x12,x10,0x4	 x10:0x400a5069 x12=0x00a50690
          18508	      9250	00100208	0075a023	sw	x7,0(x11)	 x11:0x00020000  x7:0x00000034 PA:0x00020000 store:0x00000034 load:0x00000000
          18510	      9251	0010020c	01c65693	srli	x13,x12,0x1c	 x12:0x00a50690 x13=0x00000000
          18512	      9252	00100210	00900813	addi	x16,x0,9	  x0:0x00000000 x16=0x00000009
          18514	      9253	00100214	f2d86ae3	bltu	x16,x13,100148	 x16:0x00000009 x13:0x00000000
          18516	      9254	00100218	03068e93	addi	x29,x13,48	 x13:0x00000000 x29=0x00000030
          18518	      9255	0010021c	00020f37	lui	x30,0x20	 x30=0x00020000
          18520	      9256	00100220	00851f93	slli	x31,x10,0x8	 x10:0x400a5069 x31=0x0a506900
          18524	      9258	00100224	01df2023	sw	x29,0(x30)	 x30:0x00020000 x29:0x00000030 PA:0x00020000 store:0x00000030 load:0x00000000
          18526	      9259	00100228	01cfd793	srli	x15,x31,0x1c	 x31:0x0a506900 x15=0x00000000
          18528	      9260	0010022c	00900713	addi	x14,x0,9	  x0:0x00000000 x14=0x00000009
          18530	      9261	00100230	f2f76ae3	bltu	x14,x15,100164	 x14:0x00000009 x15:0x00000000
          18532	      9262	00100234	03078393	addi	x7,x15,48	 x15:0x00000000  x7=0x00000030
          18534	      9263	00100238	000205b7	lui	x11,0x20	 x11=0x00020000
          18536	      9264	0010023c	00c51613	slli	x12,x10,0xc	 x10:0x400a5069 x12=0xa5069000
          18540	      9266	00100240	0075a023	sw	x7,0(x11)	 x11:0x00020000  x7:0x00000030 PA:0x00020000 store:0x00000030 load:0x00000000
          18542	      9267	00100244	01c65693	srli	x13,x12,0x1c	 x12:0xa5069000 x13=0x0000000a
          18544	      9268	00100248	00900813	addi	x16,x0,9	  x0:0x00000000 x16=0x00000009
          18548	      9270	0010024c	f2d86ae3	bltu	x16,x13,100180	 x16:0x00000009 x13:0x0000000a
          18552	      9272	00100180	03768893	addi	x17,x13,55	 x13:0x0000000a x17=0x00000041
          18554	      9273	00100184	00020e37	lui	x28,0x20	 x28=0x00020000
          18556	      9274	00100188	01051f93	slli	x31,x10,0x10	 x10:0x400a5069 x31=0x50690000
          18560	      9276	0010018c	011e2023	sw	x17,0(x28)	 x28:0x00020000 x17:0x00000041 PA:0x00020000 store:0x00000041 load:0x00000000
          18562	      9277	00100190	01cfd793	srli	x15,x31,0x1c	 x31:0x50690000 x15=0x00000005
          18564	      9278	00100194	00900713	addi	x14,x0,9	  x0:0x00000000 x14=0x00000009
          18568	      9280	00100198	0cf77a63	bgeu	x14,x15,10026c	 x14:0x00000009 x15:0x00000005
          18572	      9282	0010026c	03078393	addi	x7,x15,48	 x15:0x00000005  x7=0x00000035
          18574	      9283	00100270	000205b7	lui	x11,0x20	 x11=0x00020000
          18576	      9284	00100274	01451613	slli	x12,x10,0x14	 x10:0x400a5069 x12=0x06900000
          18580	      9286	00100278	0075a023	sw	x7,0(x11)	 x11:0x00020000  x7:0x00000035 PA:0x00020000 store:0x00000035 load:0x00000000
          18582	      9287	0010027c	01c65693	srli	x13,x12,0x1c	 x12:0x06900000 x13=0x00000000
          18584	      9288	00100280	00900813	addi	x16,x0,9	  x0:0x00000000 x16=0x00000009
          18586	      9289	00100284	f2d86ae3	bltu	x16,x13,1001b8	 x16:0x00000009 x13:0x00000000
          18588	      9290	00100288	03068e93	addi	x29,x13,48	 x13:0x00000000 x29=0x00000030
          18590	      9291	0010028c	00020f37	lui	x30,0x20	 x30=0x00020000
          18592	      9292	00100290	01851f93	slli	x31,x10,0x18	 x10:0x400a5069 x31=0x69000000
          18596	      9294	00100294	01df2023	sw	x29,0(x30)	 x30:0x00020000 x29:0x00000030 PA:0x00020000 store:0x00000030 load:0x00000000
          18598	      9295	00100298	01cfd793	srli	x15,x31,0x1c	 x31:0x69000000 x15=0x00000006
          18600	      9296	0010029c	00900713	addi	x14,x0,9	  x0:0x00000000 x14=0x00000009
          18602	      9297	001002a0	f2f76ae3	bltu	x14,x15,1001d4	 x14:0x00000009 x15:0x00000006
          18604	      9298	001002a4	03078393	addi	x7,x15,48	 x15:0x00000006  x7=0x00000036
          18606	      9299	001002a8	000205b7	lui	x11,0x20	 x11=0x00020000
          18610	      9301	001002ac	0075a023	sw	x7,0(x11)	 x11:0x00020000  x7:0x00000036 PA:0x00020000 store:0x00000036 load:0x00000000
          18612	      9302	001002b0	00f57513	andi	x10,x10,15	 x10:0x400a5069 x10=0x00000009
          18614	      9303	001002b4	00900613	addi	x12,x0,9	  x0:0x00000000 x12=0x00000009
          18618	      9305	001002b8	f2a67ae3	bgeu	x12,x10,1001ec	 x12:0x00000009 x10:0x00000009
          18622	      9307	001001ec	03050893	addi	x17,x10,48	 x10:0x00000009 x17=0x00000039
          18624	      9308	001001f0	00020e37	lui	x28,0x20	 x28=0x00020000
          18628	      9310	001001f4	011e2023	sw	x17,0(x28)	 x28:0x00020000 x17:0x00000039 PA:0x00020000 store:0x00000039 load:0x00000000
          18632	      9312	001001f8	00008067	jalr	x0,0(x1)	  x1:0x001013d0  x0=0x00000000
          18644	      9318	001013d0	a10a8513	addi	x10,x21,-1520	 x21:0x00102000 x10=0x00101a10
          18646	      9319	001013d4	d089a987	flw	f19,-760(x19)	 f19:0x00102000 f19=0x00000000 PA:0x00101d08 store:0x41ae842c
          18666	      9329	001013d8	5809fa53	fsqrt.s	f20,f19	 f19:0x00102000 f20=0x00000000
          18674	      9333	001013dc	d149a427	fsw	f20,-760(x19)	 f19:0x00102000 f20:0x00102000 PA:0x00101d08 store:0x3fbc2bd5 load:0x400a5069
          18682	      9337	001013e0	d089aa87	flw	f21,-760(x19)	 f19:0x00102000 f21=0x00000000 PA:0x00101d08 store:0x41ae842c
          18688	      9340	001013e4	e00a82d3	fmv.x.w	x5,f21	 f21:0x00102000  x5=0x3fbc2bd5
          18690	      9341	001013e8	ce5a2c23	sw	x5,-776(x20)	 x20:0x00102000  x5:0x3fbc2bd5 PA:0x00101cf8 store:0x3fbc2bd5 load:0x3fbc2bd5
          18694	      9343	001013ec	cb5fe0ef	jal	x1,1000a0	  x1=0x001013f0
          18698	      9345	001000a0	00054803	lbu	x16,0(x10)	 x10:0x00101a10 x16=0x0000000a PA:0x00101a10 store:0x00000000
          18700	      9346	001000a4	06080663	beq	x16,x0,100110	 x16:0x0000000a  x0:0x00000000
          18702	      9347	001000a8	000207b7	lui	x15,0x20	 x15=0x00020000
          18706	      9349	001000ac	0107a023	sw	x16,0(x15)	 x15:0x00020000 x16:0x0000000a PA:0x00020000 store:0x0000000a load:0x00000000
          18710	      9351	001000b0	00154703	lbu	x14,1(x10)	 x10:0x00101a10 x14=0x00000020 PA:0x00101a11 store:0x001013f0
          18712	      9352	001000b4	04070e63	beq	x14,x0,100110	 x14:0x00000020  x0:0x00000000
          18716	      9354	001000b8	00e7a023	sw	x14,0(x15)	 x15:0x00020000 x14:0x00000020 PA:0x00020000 store:0x00000020 load:0x00000000
          18720	      9356	001000bc	00254283	lbu	x5,2(x10)	 x10:0x00101a10  x5=0x00000069 PA:0x00101a12 store:0x00137fa0
          18722	      9357	001000c0	04028863	beq	x5,x0,100110	  x5:0x00000069  x0:0x00000000
          18726	      9359	001000c4	0057a023	sw	x5,0(x15)	 x15:0x00020000  x5:0x00000069 PA:0x00020000 store:0x00000069 load:0x00000000
          18730	      9361	001000c8	00354303	lbu	x6,3(x10)	 x10:0x00101a10  x6=0x0000003d PA:0x00101a13 store:0x00000000
          18732	      9362	001000cc	04030263	beq	x6,x0,100110	  x6:0x0000003d  x0:0x00000000
          18736	      9364	001000d0	0067a023	sw	x6,0(x15)	 x15:0x00020000  x6:0x0000003d PA:0x00020000 store:0x0000003d load:0x00000000
          18740	      9366	001000d4	00454383	lbu	x7,4(x10)	 x10:0x00101a10  x7=0x00000000 PA:0x00101a14 store:0x00000000
          18744	      9368	001000d8	02038c63	beq	x7,x0,100110	  x7:0x00000000  x0:0x00000000
          18748	      9370	00100110	00000513	addi	x10,x0,0	  x0:0x00000000 x10=0x00000000
          18752	      9372	00100114	00008067	jalr	x0,0(x1)	  x1:0x001013f0  x0=0x00000000
          18754	      9373	001013f0	000d8513	addi	x10,x27,0	 x27:0x00000003 x10=0x00000003
          18758	      9375	001013f4	d2dfe0ef	jal	x1,100120	  x1=0x001013f8
          18760	      9376	00100120	01c55793	srli	x15,x10,0x1c	 x10:0x00000003 x15=0x00000000
          18762	      9377	00100124	00900713	addi	x14,x0,9	  x0:0x00000000 x14=0x00000009
          18766	      9379	00100128	0cf77a63	bgeu	x14,x15,1001fc	 x14:0x00000009 x15:0x00000000
          18770	      9381	001001fc	03078393	addi	x7,x15,48	 x15:0x00000000  x7=0x00000030
          18772	      9382	00100200	000205b7	lui	x11,0x20	 x11=0x00020000
          18774	      9383	00100204	00451613	slli	x12,x10,0x4	 x10:0x00000003 x12=0x00000030
          18778	      9385	00100208	0075a023	sw	x7,0(x11)	 x11:0x00020000  x7:0x00000030 PA:0x00020000 store:0x00000030 load:0x00000000
          18780	      9386	0010020c	01c65693	srli	x13,x12,0x1c	 x12:0x00000030 x13=0x00000000
          18782	      9387	00100210	00900813	addi	x16,x0,9	  x0:0x00000000 x16=0x00000009
          18784	      9388	00100214	f2d86ae3	bltu	x16,x13,100148	 x16:0x00000009 x13:0x00000000
          18786	      9389	00100218	03068e93	addi	x29,x13,48	 x13:0x00000000 x29=0x00000030
          18788	      9390	0010021c	00020f37	lui	x30,0x20	 x30=0x00020000
          18790	      9391	00100220	00851f93	slli	x31,x10,0x8	 x10:0x00000003 x31=0x00000300
          18794	      9393	00100224	01df2023	sw	x29,0(x30)	 x30:0x00020000 x29:0x00000030 PA:0x00020000 store:0x00000030 load:0x00000000
          18796	      9394	00100228	01cfd793	srli	x15,x31,0x1c	 x31:0x00000300 x15=0x00000000
          18798	      9395	0010022c	00900713	addi	x14,x0,9	  x0:0x00000000 x14=0x00000009
          18800	      9396	00100230	f2f76ae3	bltu	x14,x15,100164	 x14:0x00000009 x15:0x00000000
          18802	      9397	00100234	03078393	addi	x7,x15,48	 x15:0x00000000  x7=0x00000030
          18804	      9398	00100238	000205b7	lui	x11,0x20	 x11=0x00020000
          18806	      9399	0010023c	00c51613	slli	x12,x10,0xc	 x10:0x00000003 x12=0x00003000
          18810	      9401	00100240	0075a023	sw	x7,0(x11)	 x11:0x00020000  x7:0x00000030 PA:0x00020000 store:0x00000030 load:0x00000000
          18812	      9402	00100244	01c65693	srli	x13,x12,0x1c	 x12:0x00003000 x13=0x00000000
          18814	      9403	00100248	00900813	addi	x16,x0,9	  x0:0x00000000 x16=0x00000009
          18816	      9404	0010024c	f2d86ae3	bltu	x16,x13,100180	 x16:0x00000009 x13:0x00000000
          18818	      9405	00100250	03068e93	addi	x29,x13,48	 x13:0x00000000 x29=0x00000030
          18820	      9406	00100254	00020f37	lui	x30,0x20	 x30=0x00020000
          18822	      9407	00100258	01051f93	slli	x31,x10,0x10	 x10:0x00000003 x31=0x00030000
          18826	      9409	0010025c	01df2023	sw	x29,0(x30)	 x30:0x00020000 x29:0x00000030 PA:0x00020000 store:0x00000030 load:0x00000000
          18828	      9410	00100260	01cfd793	srli	x15,x31,0x1c	 x31:0x00030000 x15=0x00000000
          18830	      9411	00100264	00900713	addi	x14,x0,9	  x0:0x00000000 x14=0x00000009
          18832	      9412	00100268	f2f76ae3	bltu	x14,x15,10019c	 x14:0x00000009 x15:0x00000000
          18834	      9413	0010026c	03078393	addi	x7,x15,48	 x15:0x00000000  x7=0x00000030
          18836	      9414	00100270	000205b7	lui	x11,0x20	 x11=0x00020000
          18838	      9415	00100274	01451613	slli	x12,x10,0x14	 x10:0x00000003 x12=0x00300000
          18842	      9417	00100278	0075a023	sw	x7,0(x11)	 x11:0x00020000  x7:0x00000030 PA:0x00020000 store:0x00000030 load:0x00000000
          18844	      9418	0010027c	01c65693	srli	x13,x12,0x1c	 x12:0x00300000 x13=0x00000000
          18846	      9419	00100280	00900813	addi	x16,x0,9	  x0:0x00000000 x16=0x00000009
          18848	      9420	00100284	f2d86ae3	bltu	x16,x13,1001b8	 x16:0x00000009 x13:0x00000000
          18850	      9421	00100288	03068e93	addi	x29,x13,48	 x13:0x00000000 x29=0x00000030
          18852	      9422	0010028c	00020f37	lui	x30,0x20	 x30=0x00020000
          18854	      9423	00100290	01851f93	slli	x31,x10,0x18	 x10:0x00000003 x31=0x03000000
          18858	      9425	00100294	01df2023	sw	x29,0(x30)	 x30:0x00020000 x29:0x00000030 PA:0x00020000 store:0x00000030 load:0x00000000
          18860	      9426	00100298	01cfd793	srli	x15,x31,0x1c	 x31:0x03000000 x15=0x00000000
          18862	      9427	0010029c	00900713	addi	x14,x0,9	  x0:0x00000000 x14=0x00000009
          18864	      9428	001002a0	f2f76ae3	bltu	x14,x15,1001d4	 x14:0x00000009 x15:0x00000000
          18866	      9429	001002a4	03078393	addi	x7,x15,48	 x15:0x00000000  x7=0x00000030
          18868	      9430	001002a8	000205b7	lui	x11,0x20	 x11=0x00020000
          18872	      9432	001002ac	0075a023	sw	x7,0(x11)	 x11:0x00020000  x7:0x00000030 PA:0x00020000 store:0x00000030 load:0x00000000
          18874	      9433	001002b0	00f57513	andi	x10,x10,15	 x10:0x00000003 x10=0x00000003
          18876	      9434	001002b4	00900613	addi	x12,x0,9	  x0:0x00000000 x12=0x00000009
          18880	      9436	001002b8	f2a67ae3	bgeu	x12,x10,1001ec	 x12:0x00000009 x10:0x00000003
          18884	      9438	001001ec	03050893	addi	x17,x10,48	 x10:0x00000003 x17=0x00000033
          18886	      9439	001001f0	00020e37	lui	x28,0x20	 x28=0x00020000
          18890	      9441	001001f4	011e2023	sw	x17,0(x28)	 x28:0x00020000 x17:0x00000033 PA:0x00020000 store:0x00000033 load:0x00000000
          18894	      9443	001001f8	00008067	jalr	x0,0(x1)	  x1:0x001013f8  x0=0x00000000
          18896	      9444	001013f8	a18b0513	addi	x10,x22,-1512	 x22:0x00102000 x10=0x00101a18
          18900	      9446	001013fc	ca5fe0ef	jal	x1,1000a0	  x1=0x00101400
          18904	      9448	001000a0	00054803	lbu	x16,0(x10)	 x10:0x00101a18 x16=0x00000020 PA:0x00101a18 store:0x00000000
          18906	      9449	001000a4	06080663	beq	x16,x0,100110	 x16:0x00000020  x0:0x00000000
          18908	      9450	001000a8	000207b7	lui	x15,0x20	 x15=0x00020000
          18912	      9452	001000ac	0107a023	sw	x16,0(x15)	 x15:0x00020000 x16:0x00000020 PA:0x00020000 store:0x00000020 load:0x00000000
          18916	      9454	001000b0	00154703	lbu	x14,1(x10)	 x10:0x00101a18 x14=0x00000072 PA:0x00101a19 store:0x00101400
          18918	      9455	001000b4	04070e63	beq	x14,x0,100110	 x14:0x00000072  x0:0x00000000
          18922	      9457	001000b8	00e7a023	sw	x14,0(x15)	 x15:0x00020000 x14:0x00000072 PA:0x00020000 store:0x00000072 load:0x00000000
          18926	      9459	001000bc	00254283	lbu	x5,2(x10)	 x10:0x00101a18  x5=0x00000065 PA:0x00101a1a store:0x00137fa0
          18928	      9460	001000c0	04028863	beq	x5,x0,100110	  x5:0x00000065  x0:0x00000000
          18932	      9462	001000c4	0057a023	sw	x5,0(x15)	 x15:0x00020000  x5:0x00000065 PA:0x00020000 store:0x00000065 load:0x00000000
          18936	      9464	001000c8	00354303	lbu	x6,3(x10)	 x10:0x00101a18  x6=0x00000073 PA:0x00101a1b store:0x00000000
          18938	      9465	001000cc	04030263	beq	x6,x0,100110	  x6:0x00000073  x0:0x00000000
          18942	      9467	001000d0	0067a023	sw	x6,0(x15)	 x15:0x00020000  x6:0x00000073 PA:0x00020000 store:0x00000073 load:0x00000000
          18946	      9469	001000d4	00454383	lbu	x7,4(x10)	 x10:0x00101a18  x7=0x00000075 PA:0x00101a1c store:0x00000000
          18948	      9470	001000d8	02038c63	beq	x7,x0,100110	  x7:0x00000075  x0:0x00000000
          18952	      9472	001000dc	0077a023	sw	x7,0(x15)	 x15:0x00020000  x7:0x00000075 PA:0x00020000 store:0x00000075 load:0x00000000
          18956	      9474	001000e0	00554583	lbu	x11,5(x10)	 x10:0x00101a18 x11=0x0000006c PA:0x00101a1d store:0x00000065
          18958	      9475	001000e4	02058663	beq	x11,x0,100110	 x11:0x0000006c  x0:0x00000000
          18962	      9477	001000e8	00b7a023	sw	x11,0(x15)	 x15:0x00020000 x11:0x0000006c PA:0x00020000 store:0x0000006c load:0x00000000
          18966	      9479	001000ec	00654603	lbu	x12,6(x10)	 x10:0x00101a18 x12=0x00000074 PA:0x00101a1e store:0x00000073
          18968	      9480	001000f0	02060063	beq	x12,x0,100110	 x12:0x00000074  x0:0x00000000
          18972	      9482	001000f4	00c7a023	sw	x12,0(x15)	 x15:0x00020000 x12:0x00000074 PA:0x00020000 store:0x00000074 load:0x00000000
          18976	      9484	001000f8	00754683	lbu	x13,7(x10)	 x10:0x00101a18 x13=0x0000003a PA:0x00101a1f store:0x00000075
          18978	      9485	001000fc	00850513	addi	x10,x10,8	 x10:0x00101a18 x10=0x00101a20
          18980	      9486	00100100	00068863	beq	x13,x0,100110	 x13:0x0000003a  x0:0x00000000
          18984	      9488	00100104	00d7a023	sw	x13,0(x15)	 x15:0x00020000 x13:0x0000003a PA:0x00020000 store:0x0000003a load:0x00000000
          18988	      9490	00100108	00054803	lbu	x16,0(x10)	 x10:0x00101a20 x16=0x00000020 PA:0x00101a20 store:0x00000000
          18992	      9492	0010010c	fa0810e3	bne	x16,x0,1000ac	 x16:0x00000020  x0:0x00000000
          18998	      9495	001000ac	0107a023	sw	x16,0(x15)	 x15:0x00020000 x16:0x00000020 PA:0x00020000 store:0x00000020 load:0x00000000
          19002	      9497	001000b0	00154703	lbu	x14,1(x10)	 x10:0x00101a20 x14=0x00000000 PA:0x00101a21 store:0x00101400
          19006	      9499	001000b4	04070e63	beq	x14,x0,100110	 x14:0x00000000  x0:0x00000000
          19010	      9501	00100110	00000513	addi	x10,x0,0	  x0:0x00000000 x10=0x00000000
          19014	      9503	00100114	00008067	jalr	x0,0(x1)	  x1:0x00101400  x0=0x00000000
          19018	      9505	00101400	cf8a2503	lw	x10,-776(x20)	 x20:0x00102000 x10=0x3fbc2bd5 PA:0x00101cf8 store:0x00000004
          19022	      9507	00101404	d1dfe0ef	jal	x1,100120	  x1=0x00101408
          19024	      9508	00100120	01c55793	srli	x15,x10,0x1c	 x10:0x3fbc2bd5 x15=0x00000003
          19026	      9509	00100124	00900713	addi	x14,x0,9	  x0:0x00000000 x14=0x00000009
          19030	      9511	00100128	0cf77a63	bgeu	x14,x15,1001fc	 x14:0x00000009 x15:0x00000003
          19034	      9513	001001fc	03078393	addi	x7,x15,48	 x15:0x00000003  x7=0x00000033
          19036	      9514	00100200	000205b7	lui	x11,0x20	 x11=0x00020000
          19038	      9515	00100204	00451613	slli	x12,x10,0x4	 x10:0x3fbc2bd5 x12=0xfbc2bd50
          19042	      9517	00100208	0075a023	sw	x7,0(x11)	 x11:0x00020000  x7:0x00000033 PA:0x00020000 store:0x00000033 load:0x00000000
          19044	      9518	0010020c	01c65693	srli	x13,x12,0x1c	 x12:0xfbc2bd50 x13=0x0000000f
          19046	      9519	00100210	00900813	addi	x16,x0,9	  x0:0x00000000 x16=0x00000009
          19050	      9521	00100214	f2d86ae3	bltu	x16,x13,100148	 x16:0x00000009 x13:0x0000000f
          19054	      9523	00100148	03768893	addi	x17,x13,55	 x13:0x0000000f x17=0x00000046
          19056	      9524	0010014c	00020e37	lui	x28,0x20	 x28=0x00020000
          19058	      9525	00100150	00851f93	slli	x31,x10,0x8	 x10:0x3fbc2bd5 x31=0xbc2bd500
          19062	      9527	00100154	011e2023	sw	x17,0(x28)	 x28:0x00020000 x17:0x00000046 PA:0x00020000 store:0x00000046 load:0x00000000
          19064	      9528	00100158	01cfd793	srli	x15,x31,0x1c	 x31:0xbc2bd500 x15=0x0000000b
          19066	      9529	0010015c	00900713	addi	x14,x0,9	  x0:0x00000000 x14=0x00000009
          19068	      9530	00100160	0cf77a63	bgeu	x14,x15,100234	 x14:0x00000009 x15:0x0000000b
          19070	      9531	00100164	03778293	addi	x5,x15,55	 x15:0x0000000b  x5=0x00000042
          19072	      9532	00100168	00020337	lui	x6,0x20	  x6=0x00020000
          19074	      9533	0010016c	00c51613	slli	x12,x10,0xc	 x10:0x3fbc2bd5 x12=0xc2bd5000
          19078	      9535	00100170	00532023	sw	x5,0(x6)	  x6:0x00020000  x5:0x00000042 PA:0x00020000 store:0x00000042 load:0x00000000
          19080	      9536	00100174	01c65693	srli	x13,x12,0x1c	 x12:0xc2bd5000 x13=0x0000000c
          19082	      9537	00100178	00900813	addi	x16,x0,9	  x0:0x00000000 x16=0x00000009
          19084	      9538	0010017c	0cd87a63	bgeu	x16,x13,100250	 x16:0x00000009 x13:0x0000000c
          19086	      9539	00100180	03768893	addi	x17,x13,55	 x13:0x0000000c x17=0x00000043
          19088	      9540	00100184	00020e37	lui	x28,0x20	 x28=0x00020000
          19090	      9541	00100188	01051f93	slli	x31,x10,0x10	 x10:0x3fbc2bd5 x31=0x2bd50000
          19094	      9543	0010018c	011e2023	sw	x17,0(x28)	 x28:0x00020000 x17:0x00000043 PA:0x00020000 store:0x00000043 load:0x00000000
          19096	      9544	00100190	01cfd793	srli	x15,x31,0x1c	 x31:0x2bd50000 x15=0x00000002
          19098	      9545	00100194	00900713	addi	x14,x0,9	  x0:0x00000000 x14=0x00000009
          19102	      9547	00100198	0cf77a63	bgeu	x14,x15,10026c	 x14:0x00000009 x15:0x00000002
          19106	      9549	0010026c	03078393	addi	x7,x15,48	 x15:0x00000002  x7=0x00000032
          19108	      9550	00100270	000205b7	lui	x11,0x20	 x11=0x00020000
          19110	      9551	00100274	01451613	slli	x12,x10,0x14	 x10:0x3fbc2bd5 x12=0xbd500000
          19114	      9553	00100278	0075a023	sw	x7,0(x11)	 x11:0x00020000  x7:0x00000032 PA:0x00020000 store:0x00000032 load:0x00000000
          19116	      9554	0010027c	01c65693	srli	x13,x12,0x1c	 x12:0xbd500000 x13=0x0000000b
          19118	      9555	00100280	00900813	addi	x16,x0,9	  x0:0x00000000 x16=0x00000009
          19122	      9557	00100284	f2d86ae3	bltu	x16,x13,1001b8	 x16:0x00000009 x13:0x0000000b
          19126	      9559	001001b8	03768893	addi	x17,x13,55	 x13:0x0000000b x17=0x00000042
          19128	      9560	001001bc	00020e37	lui	x28,0x20	 x28=0x00020000
          19130	      9561	001001c0	01851f93	slli	x31,x10,0x18	 x10:0x3fbc2bd5 x31=0xd5000000
          19134	      9563	001001c4	011e2023	sw	x17,0(x28)	 x28:0x00020000 x17:0x00000042 PA:0x00020000 store:0x00000042 load:0x00000000
          19136	      9564	001001c8	01cfd793	srli	x15,x31,0x1c	 x31:0xd5000000 x15=0x0000000d
          19138	      9565	001001cc	00900713	addi	x14,x0,9	  x0:0x00000000 x14=0x00000009
          19140	      9566	001001d0	0cf77a63	bgeu	x14,x15,1002a4	 x14:0x00000009 x15:0x0000000d
          19142	      9567	001001d4	03778293	addi	x5,x15,55	 x15:0x0000000d  x5=0x00000044
          19144	      9568	001001d8	00020337	lui	x6,0x20	  x6=0x00020000
          19148	      9570	001001dc	00532023	sw	x5,0(x6)	  x6:0x00020000  x5:0x00000044 PA:0x00020000 store:0x00000044 load:0x00000000
          19150	      9571	001001e0	00f57513	andi	x10,x10,15	 x10:0x3fbc2bd5 x10=0x00000005
          19152	      9572	001001e4	00900613	addi	x12,x0,9	  x0:0x00000000 x12=0x00000009
          19154	      9573	001001e8	0ca66a63	bltu	x12,x10,1002bc	 x12:0x00000009 x10:0x00000005
          19156	      9574	001001ec	03050893	addi	x17,x10,48	 x10:0x00000005 x17=0x00000035
          19158	      9575	001001f0	00020e37	lui	x28,0x20	 x28=0x00020000
          19162	      9577	001001f4	011e2023	sw	x17,0(x28)	 x28:0x00020000 x17:0x00000035 PA:0x00020000 store:0x00000035 load:0x00000000
          19166	      9579	001001f8	00008067	jalr	x0,0(x1)	  x1:0x00101408  x0=0x00000000
          19170	      9581	00101408	f1ac18e3	bne	x24,x26,101318	 x24:0x00000004 x26:0x00000014
          19182	      9587	00101318	d089a607	flw	f12,-760(x19)	 f19:0x00102000 f12=0x00000000 PA:0x00101d08 store:0x41ae842c
          19204	      9598	0010131c	580676d3	fsqrt.s	f13,f12	 f12:0x00000009 f13=0x00000000
          19212	      9602	00101320	d0d9a427	fsw	f13,-760(x19)	 f19:0x00102000 f13:0x0000000b PA:0x00101d08 store:0x3f9b3246 load:0x3fbc2bd5
          19220	      9606	00101324	d089a387	flw	f7,-760(x19)	 f19:0x00102000  f7=0x00000000 PA:0x00101d08 store:0x41ae842c
          19226	      9609	00101328	a10a8513	addi	x10,x21,-1520	 x21:0x00102000 x10=0x00101a10
          19228	      9610	0010132c	e00386d3	fmv.x.w	x13,f7	  f7:0x00000032 x13=0x3f9b3246
          19230	      9611	00101330	ceda2c23	sw	x13,-776(x20)	 x20:0x00102000 x13:0x3f9b3246 PA:0x00101cf8 store:0x3f9b3246 load:0x3f9b3246
          19232	      9612	00101334	d6dfe0ef	jal	x1,1000a0	  x1=0x00101338
          19236	      9614	001000a0	00054803	lbu	x16,0(x10)	 x10:0x00101a10 x16=0x0000000a PA:0x00101a10 store:0x00000000
          19238	      9615	001000a4	06080663	beq	x16,x0,100110	 x16:0x0000000a  x0:0x00000000
          19240	      9616	001000a8	000207b7	lui	x15,0x20	 x15=0x00020000
          19244	      9618	001000ac	0107a023	sw	x16,0(x15)	 x15:0x00020000 x16:0x0000000a PA:0x00020000 store:0x0000000a load:0x00000000
          19248	      9620	001000b0	00154703	lbu	x14,1(x10)	 x10:0x00101a10 x14=0x00000020 PA:0x00101a11 store:0x00101338
          19250	      9621	001000b4	04070e63	beq	x14,x0,100110	 x14:0x00000020  x0:0x00000000
          19254	      9623	001000b8	00e7a023	sw	x14,0(x15)	 x15:0x00020000 x14:0x00000020 PA:0x00020000 store:0x00000020 load:0x00000000
          19258	      9625	001000bc	00254283	lbu	x5,2(x10)	 x10:0x00101a10  x5=0x00000069 PA:0x00101a12 store:0x00137fa0
          19260	      9626	001000c0	04028863	beq	x5,x0,100110	  x5:0x00000069  x0:0x00000000
          19264	      9628	001000c4	0057a023	sw	x5,0(x15)	 x15:0x00020000  x5:0x00000069 PA:0x00020000 store:0x00000069 load:0x00000000
          19268	      9630	001000c8	00354303	lbu	x6,3(x10)	 x10:0x00101a10  x6=0x0000003d PA:0x00101a13 store:0x00000000
          19270	      9631	001000cc	04030263	beq	x6,x0,100110	  x6:0x0000003d  x0:0x00000000
          19274	      9633	001000d0	0067a023	sw	x6,0(x15)	 x15:0x00020000  x6:0x0000003d PA:0x00020000 store:0x0000003d load:0x00000000
          19278	      9635	001000d4	00454383	lbu	x7,4(x10)	 x10:0x00101a10  x7=0x00000000 PA:0x00101a14 store:0x00000000
          19282	      9637	001000d8	02038c63	beq	x7,x0,100110	  x7:0x00000000  x0:0x00000000
          19286	      9639	00100110	00000513	addi	x10,x0,0	  x0:0x00000000 x10=0x00000000
          19290	      9641	00100114	00008067	jalr	x0,0(x1)	  x1:0x00101338  x0=0x00000000
          19292	      9642	00101338	000c0513	addi	x10,x24,0	 x24:0x00000004 x10=0x00000004
          19296	      9644	0010133c	de5fe0ef	jal	x1,100120	  x1=0x00101340
          19298	      9645	00100120	01c55793	srli	x15,x10,0x1c	 x10:0x00000004 x15=0x00000000
          19300	      9646	00100124	00900713	addi	x14,x0,9	  x0:0x00000000 x14=0x00000009
          19304	      9648	00100128	0cf77a63	bgeu	x14,x15,1001fc	 x14:0x00000009 x15:0x00000000
          19308	      9650	001001fc	03078393	addi	x7,x15,48	 x15:0x00000000  x7=0x00000030
          19310	      9651	00100200	000205b7	lui	x11,0x20	 x11=0x00020000
          19312	      9652	00100204	00451613	slli	x12,x10,0x4	 x10:0x00000004 x12=0x00000040
          19316	      9654	00100208	0075a023	sw	x7,0(x11)	 x11:0x00020000  x7:0x00000030 PA:0x00020000 store:0x00000030 load:0x00000000
          19318	      9655	0010020c	01c65693	srli	x13,x12,0x1c	 x12:0x00000040 x13=0x00000000
          19320	      9656	00100210	00900813	addi	x16,x0,9	  x0:0x00000000 x16=0x00000009
          19322	      9657	00100214	f2d86ae3	bltu	x16,x13,100148	 x16:0x00000009 x13:0x00000000
          19324	      9658	00100218	03068e93	addi	x29,x13,48	 x13:0x00000000 x29=0x00000030
          19326	      9659	0010021c	00020f37	lui	x30,0x20	 x30=0x00020000
          19328	      9660	00100220	00851f93	slli	x31,x10,0x8	 x10:0x00000004 x31=0x00000400
          19332	      9662	00100224	01df2023	sw	x29,0(x30)	 x30:0x00020000 x29:0x00000030 PA:0x00020000 store:0x00000030 load:0x00000000
          19334	      9663	00100228	01cfd793	srli	x15,x31,0x1c	 x31:0x00000400 x15=0x00000000
          19336	      9664	0010022c	00900713	addi	x14,x0,9	  x0:0x00000000 x14=0x00000009
          19338	      9665	00100230	f2f76ae3	bltu	x14,x15,100164	 x14:0x00000009 x15:0x00000000
          19340	      9666	00100234	03078393	addi	x7,x15,48	 x15:0x00000000  x7=0x00000030
          19342	      9667	00100238	000205b7	lui	x11,0x20	 x11=0x00020000
          19344	      9668	0010023c	00c51613	slli	x12,x10,0xc	 x10:0x00000004 x12=0x00004000
          19348	      9670	00100240	0075a023	sw	x7,0(x11)	 x11:0x00020000  x7:0x00000030 PA:0x00020000 store:0x00000030 load:0x00000000
          19350	      9671	00100244	01c65693	srli	x13,x12,0x1c	 x12:0x00004000 x13=0x00000000
          19352	      9672	00100248	00900813	addi	x16,x0,9	  x0:0x00000000 x16=0x00000009
          19354	      9673	0010024c	f2d86ae3	bltu	x16,x13,100180	 x16:0x00000009 x13:0x00000000
          19356	      9674	00100250	03068e93	addi	x29,x13,48	 x13:0x00000000 x29=0x00000030
          19358	      9675	00100254	00020f37	lui	x30,0x20	 x30=0x00020000
          19360	      9676	00100258	01051f93	slli	x31,x10,0x10	 x10:0x00000004 x31=0x00040000
          19364	      9678	0010025c	01df2023	sw	x29,0(x30)	 x30:0x00020000 x29:0x00000030 PA:0x00020000 store:0x00000030 load:0x00000000
          19366	      9679	00100260	01cfd793	srli	x15,x31,0x1c	 x31:0x00040000 x15=0x00000000
          19368	      9680	00100264	00900713	addi	x14,x0,9	  x0:0x00000000 x14=0x00000009
          19370	      9681	00100268	f2f76ae3	bltu	x14,x15,10019c	 x14:0x00000009 x15:0x00000000
          19372	      9682	0010026c	03078393	addi	x7,x15,48	 x15:0x00000000  x7=0x00000030
          19374	      9683	00100270	000205b7	lui	x11,0x20	 x11=0x00020000
          19376	      9684	00100274	01451613	slli	x12,x10,0x14	 x10:0x00000004 x12=0x00400000
          19380	      9686	00100278	0075a023	sw	x7,0(x11)	 x11:0x00020000  x7:0x00000030 PA:0x00020000 store:0x00000030 load:0x00000000
          19382	      9687	0010027c	01c65693	srli	x13,x12,0x1c	 x12:0x00400000 x13=0x00000000
          19384	      9688	00100280	00900813	addi	x16,x0,9	  x0:0x00000000 x16=0x00000009
          19386	      9689	00100284	f2d86ae3	bltu	x16,x13,1001b8	 x16:0x00000009 x13:0x00000000
          19388	      9690	00100288	03068e93	addi	x29,x13,48	 x13:0x00000000 x29=0x00000030
          19390	      9691	0010028c	00020f37	lui	x30,0x20	 x30=0x00020000
          19392	      9692	00100290	01851f93	slli	x31,x10,0x18	 x10:0x00000004 x31=0x04000000
          19396	      9694	00100294	01df2023	sw	x29,0(x30)	 x30:0x00020000 x29:0x00000030 PA:0x00020000 store:0x00000030 load:0x00000000
          19398	      9695	00100298	01cfd793	srli	x15,x31,0x1c	 x31:0x04000000 x15=0x00000000
          19400	      9696	0010029c	00900713	addi	x14,x0,9	  x0:0x00000000 x14=0x00000009
          19402	      9697	001002a0	f2f76ae3	bltu	x14,x15,1001d4	 x14:0x00000009 x15:0x00000000
          19404	      9698	001002a4	03078393	addi	x7,x15,48	 x15:0x00000000  x7=0x00000030
          19406	      9699	001002a8	000205b7	lui	x11,0x20	 x11=0x00020000
          19410	      9701	001002ac	0075a023	sw	x7,0(x11)	 x11:0x00020000  x7:0x00000030 PA:0x00020000 store:0x00000030 load:0x00000000
          19412	      9702	001002b0	00f57513	andi	x10,x10,15	 x10:0x00000004 x10=0x00000004
          19414	      9703	001002b4	00900613	addi	x12,x0,9	  x0:0x00000000 x12=0x00000009
          19418	      9705	001002b8	f2a67ae3	bgeu	x12,x10,1001ec	 x12:0x00000009 x10:0x00000004
          19422	      9707	001001ec	03050893	addi	x17,x10,48	 x10:0x00000004 x17=0x00000034
          19424	      9708	001001f0	00020e37	lui	x28,0x20	 x28=0x00020000
          19428	      9710	001001f4	011e2023	sw	x17,0(x28)	 x28:0x00020000 x17:0x00000034 PA:0x00020000 store:0x00000034 load:0x00000000
          19432	      9712	001001f8	00008067	jalr	x0,0(x1)	  x1:0x00101340  x0=0x00000000
          19434	      9713	00101340	a18b0513	addi	x10,x22,-1512	 x22:0x00102000 x10=0x00101a18
          19438	      9715	00101344	d5dfe0ef	jal	x1,1000a0	  x1=0x00101348
          19442	      9717	001000a0	00054803	lbu	x16,0(x10)	 x10:0x00101a18 x16=0x00000020 PA:0x00101a18 store:0x00000000
          19444	      9718	001000a4	06080663	beq	x16,x0,100110	 x16:0x00000020  x0:0x00000000
          19446	      9719	001000a8	000207b7	lui	x15,0x20	 x15=0x00020000
          19450	      9721	001000ac	0107a023	sw	x16,0(x15)	 x15:0x00020000 x16:0x00000020 PA:0x00020000 store:0x00000020 load:0x00000000
          19454	      9723	001000b0	00154703	lbu	x14,1(x10)	 x10:0x00101a18 x14=0x00000072 PA:0x00101a19 store:0x00101348
          19456	      9724	001000b4	04070e63	beq	x14,x0,100110	 x14:0x00000072  x0:0x00000000
          19460	      9726	001000b8	00e7a023	sw	x14,0(x15)	 x15:0x00020000 x14:0x00000072 PA:0x00020000 store:0x00000072 load:0x00000000
          19464	      9728	001000bc	00254283	lbu	x5,2(x10)	 x10:0x00101a18  x5=0x00000065 PA:0x00101a1a store:0x00137fa0
          19466	      9729	001000c0	04028863	beq	x5,x0,100110	  x5:0x00000065  x0:0x00000000
          19470	      9731	001000c4	0057a023	sw	x5,0(x15)	 x15:0x00020000  x5:0x00000065 PA:0x00020000 store:0x00000065 load:0x00000000
          19474	      9733	001000c8	00354303	lbu	x6,3(x10)	 x10:0x00101a18  x6=0x00000073 PA:0x00101a1b store:0x00000000
          19476	      9734	001000cc	04030263	beq	x6,x0,100110	  x6:0x00000073  x0:0x00000000
          19480	      9736	001000d0	0067a023	sw	x6,0(x15)	 x15:0x00020000  x6:0x00000073 PA:0x00020000 store:0x00000073 load:0x00000000
          19484	      9738	001000d4	00454383	lbu	x7,4(x10)	 x10:0x00101a18  x7=0x00000075 PA:0x00101a1c store:0x00000000
          19486	      9739	001000d8	02038c63	beq	x7,x0,100110	  x7:0x00000075  x0:0x00000000
          19490	      9741	001000dc	0077a023	sw	x7,0(x15)	 x15:0x00020000  x7:0x00000075 PA:0x00020000 store:0x00000075 load:0x00000000
          19494	      9743	001000e0	00554583	lbu	x11,5(x10)	 x10:0x00101a18 x11=0x0000006c PA:0x00101a1d store:0x00000065
          19496	      9744	001000e4	02058663	beq	x11,x0,100110	 x11:0x0000006c  x0:0x00000000
          19500	      9746	001000e8	00b7a023	sw	x11,0(x15)	 x15:0x00020000 x11:0x0000006c PA:0x00020000 store:0x0000006c load:0x00000000
          19504	      9748	001000ec	00654603	lbu	x12,6(x10)	 x10:0x00101a18 x12=0x00000074 PA:0x00101a1e store:0x00000073
          19506	      9749	001000f0	02060063	beq	x12,x0,100110	 x12:0x00000074  x0:0x00000000
          19510	      9751	001000f4	00c7a023	sw	x12,0(x15)	 x15:0x00020000 x12:0x00000074 PA:0x00020000 store:0x00000074 load:0x00000000
          19514	      9753	001000f8	00754683	lbu	x13,7(x10)	 x10:0x00101a18 x13=0x0000003a PA:0x00101a1f store:0x00000075
          19516	      9754	001000fc	00850513	addi	x10,x10,8	 x10:0x00101a18 x10=0x00101a20
          19518	      9755	00100100	00068863	beq	x13,x0,100110	 x13:0x0000003a  x0:0x00000000
          19522	      9757	00100104	00d7a023	sw	x13,0(x15)	 x15:0x00020000 x13:0x0000003a PA:0x00020000 store:0x0000003a load:0x00000000
          19526	      9759	00100108	00054803	lbu	x16,0(x10)	 x10:0x00101a20 x16=0x00000020 PA:0x00101a20 store:0x00000000
          19530	      9761	0010010c	fa0810e3	bne	x16,x0,1000ac	 x16:0x00000020  x0:0x00000000
          19536	      9764	001000ac	0107a023	sw	x16,0(x15)	 x15:0x00020000 x16:0x00000020 PA:0x00020000 store:0x00000020 load:0x00000000
          19540	      9766	001000b0	00154703	lbu	x14,1(x10)	 x10:0x00101a20 x14=0x00000000 PA:0x00101a21 store:0x00101348
          19544	      9768	001000b4	04070e63	beq	x14,x0,100110	 x14:0x00000000  x0:0x00000000
          19548	      9770	00100110	00000513	addi	x10,x0,0	  x0:0x00000000 x10=0x00000000
          19552	      9772	00100114	00008067	jalr	x0,0(x1)	  x1:0x00101348  x0=0x00000000
          19556	      9774	00101348	cf8a2503	lw	x10,-776(x20)	 x20:0x00102000 x10=0x3f9b3246 PA:0x00101cf8 store:0x00000004
          19558	      9775	0010134c	001c0d93	addi	x27,x24,1	 x24:0x00000004 x27=0x00000005
          19562	      9777	00101350	dd1fe0ef	jal	x1,100120	  x1=0x00101354
          19564	      9778	00100120	01c55793	srli	x15,x10,0x1c	 x10:0x3f9b3246 x15=0x00000003
          19566	      9779	00100124	00900713	addi	x14,x0,9	  x0:0x00000000 x14=0x00000009
          19570	      9781	00100128	0cf77a63	bgeu	x14,x15,1001fc	 x14:0x00000009 x15:0x00000003
          19574	      9783	001001fc	03078393	addi	x7,x15,48	 x15:0x00000003  x7=0x00000033
          19576	      9784	00100200	000205b7	lui	x11,0x20	 x11=0x00020000
          19578	      9785	00100204	00451613	slli	x12,x10,0x4	 x10:0x3f9b3246 x12=0xf9b32460
          19582	      9787	00100208	0075a023	sw	x7,0(x11)	 x11:0x00020000  x7:0x00000033 PA:0x00020000 store:0x00000033 load:0x00000000
          19584	      9788	0010020c	01c65693	srli	x13,x12,0x1c	 x12:0xf9b32460 x13=0x0000000f
          19586	      9789	00100210	00900813	addi	x16,x0,9	  x0:0x00000000 x16=0x00000009
          19590	      9791	00100214	f2d86ae3	bltu	x16,x13,100148	 x16:0x00000009 x13:0x0000000f
          19594	      9793	00100148	03768893	addi	x17,x13,55	 x13:0x0000000f x17=0x00000046
          19596	      9794	0010014c	00020e37	lui	x28,0x20	 x28=0x00020000
          19598	      9795	00100150	00851f93	slli	x31,x10,0x8	 x10:0x3f9b3246 x31=0x9b324600
          19602	      9797	00100154	011e2023	sw	x17,0(x28)	 x28:0x00020000 x17:0x00000046 PA:0x00020000 store:0x00000046 load:0x00000000
          19604	      9798	00100158	01cfd793	srli	x15,x31,0x1c	 x31:0x9b324600 x15=0x00000009
          19606	      9799	0010015c	00900713	addi	x14,x0,9	  x0:0x00000000 x14=0x00000009
          19610	      9801	00100160	0cf77a63	bgeu	x14,x15,100234	 x14:0x00000009 x15:0x00000009
          19614	      9803	00100234	03078393	addi	x7,x15,48	 x15:0x00000009  x7=0x00000039
          19616	      9804	00100238	000205b7	lui	x11,0x20	 x11=0x00020000
          19618	      9805	0010023c	00c51613	slli	x12,x10,0xc	 x10:0x3f9b3246 x12=0xb3246000
          19622	      9807	00100240	0075a023	sw	x7,0(x11)	 x11:0x00020000  x7:0x00000039 PA:0x00020000 store:0x00000039 load:0x00000000
          19624	      9808	00100244	01c65693	srli	x13,x12,0x1c	 x12:0xb3246000 x13=0x0000000b
          19626	      9809	00100248	00900813	addi	x16,x0,9	  x0:0x00000000 x16=0x00000009
          19630	      9811	0010024c	f2d86ae3	bltu	x16,x13,100180	 x16:0x00000009 x13:0x0000000b
          19634	      9813	00100180	03768893	addi	x17,x13,55	 x13:0x0000000b x17=0x00000042
          19636	      9814	00100184	00020e37	lui	x28,0x20	 x28=0x00020000
          19638	      9815	00100188	01051f93	slli	x31,x10,0x10	 x10:0x3f9b3246 x31=0x32460000
          19642	      9817	0010018c	011e2023	sw	x17,0(x28)	 x28:0x00020000 x17:0x00000042 PA:0x00020000 store:0x00000042 load:0x00000000
          19644	      9818	00100190	01cfd793	srli	x15,x31,0x1c	 x31:0x32460000 x15=0x00000003
          19646	      9819	00100194	00900713	addi	x14,x0,9	  x0:0x00000000 x14=0x00000009
          19650	      9821	00100198	0cf77a63	bgeu	x14,x15,10026c	 x14:0x00000009 x15:0x00000003
          19654	      9823	0010026c	03078393	addi	x7,x15,48	 x15:0x00000003  x7=0x00000033
          19656	      9824	00100270	000205b7	lui	x11,0x20	 x11=0x00020000
          19658	      9825	00100274	01451613	slli	x12,x10,0x14	 x10:0x3f9b3246 x12=0x24600000
          19662	      9827	00100278	0075a023	sw	x7,0(x11)	 x11:0x00020000  x7:0x00000033 PA:0x00020000 store:0x00000033 load:0x00000000
          19664	      9828	0010027c	01c65693	srli	x13,x12,0x1c	 x12:0x24600000 x13=0x00000002
          19666	      9829	00100280	00900813	addi	x16,x0,9	  x0:0x00000000 x16=0x00000009
          19668	      9830	00100284	f2d86ae3	bltu	x16,x13,1001b8	 x16:0x00000009 x13:0x00000002
          19670	      9831	00100288	03068e93	addi	x29,x13,48	 x13:0x00000002 x29=0x00000032
          19672	      9832	0010028c	00020f37	lui	x30,0x20	 x30=0x00020000
          19674	      9833	00100290	01851f93	slli	x31,x10,0x18	 x10:0x3f9b3246 x31=0x46000000
          19678	      9835	00100294	01df2023	sw	x29,0(x30)	 x30:0x00020000 x29:0x00000032 PA:0x00020000 store:0x00000032 load:0x00000000
          19680	      9836	00100298	01cfd793	srli	x15,x31,0x1c	 x31:0x46000000 x15=0x00000004
          19682	      9837	0010029c	00900713	addi	x14,x0,9	  x0:0x00000000 x14=0x00000009
          19684	      9838	001002a0	f2f76ae3	bltu	x14,x15,1001d4	 x14:0x00000009 x15:0x00000004
          19686	      9839	001002a4	03078393	addi	x7,x15,48	 x15:0x00000004  x7=0x00000034
          19688	      9840	001002a8	000205b7	lui	x11,0x20	 x11=0x00020000
          19692	      9842	001002ac	0075a023	sw	x7,0(x11)	 x11:0x00020000  x7:0x00000034 PA:0x00020000 store:0x00000034 load:0x00000000
          19694	      9843	001002b0	00f57513	andi	x10,x10,15	 x10:0x3f9b3246 x10=0x00000006
          19696	      9844	001002b4	00900613	addi	x12,x0,9	  x0:0x00000000 x12=0x00000009
          19700	      9846	001002b8	f2a67ae3	bgeu	x12,x10,1001ec	 x12:0x00000009 x10:0x00000006
          19704	      9848	001001ec	03050893	addi	x17,x10,48	 x10:0x00000006 x17=0x00000036
          19706	      9849	001001f0	00020e37	lui	x28,0x20	 x28=0x00020000
          19710	      9851	001001f4	011e2023	sw	x17,0(x28)	 x28:0x00020000 x17:0x00000036 PA:0x00020000 store:0x00000036 load:0x00000000
          19724	      9858	001001f8	00008067	jalr	x0,0(x1)	  x1:0x00101354  x0=0x00000000
          19726	      9859	00101354	d089a407	flw	f8,-760(x19)	 f19:0x00102000  f8=0x00000000 PA:0x00101d08 store:0x41ae842c
          19746	      9869	00101358	580474d3	fsqrt.s	f9,f8	  f8:0x00102000  f9=0x00000000
          19754	      9873	0010135c	d099a427	fsw	f9,-760(x19)	 f19:0x00102000  f9:0x00102000 PA:0x00101d08 store:0x3f8cf199 load:0x3f9b3246
          19762	      9877	00101360	d089a507	flw	f10,-760(x19)	 f19:0x00102000 f10=0x00000000 PA:0x00101d08 store:0x3f9b3246
          19768	      9880	00101364	a10a8513	addi	x10,x21,-1520	 x21:0x00102000 x10=0x00101a10
          19770	      9881	00101368	e0050753	fmv.x.w	x14,f10	 f10:0x00101a10 x14=0x3f8cf199
          19772	      9882	0010136c	ceea2c23	sw	x14,-776(x20)	 x20:0x00102000 x14:0x3f8cf199 PA:0x00101cf8 store:0x3f8cf199 load:0x3f8cf199
          19774	      9883	00101370	d31fe0ef	jal	x1,1000a0	  x1=0x00101374
          19778	      9885	001000a0	00054803	lbu	x16,0(x10)	 x10:0x00101a10 x16=0x0000000a PA:0x00101a10 store:0x00000000
          19780	      9886	001000a4	06080663	beq	x16,x0,100110	 x16:0x0000000a  x0:0x00000000
          19782	      9887	001000a8	000207b7	lui	x15,0x20	 x15=0x00020000
          19786	      9889	001000ac	0107a023	sw	x16,0(x15)	 x15:0x00020000 x16:0x0000000a PA:0x00020000 store:0x0000000a load:0x00000000
          19790	      9891	001000b0	00154703	lbu	x14,1(x10)	 x10:0x00101a10 x14=0x00000020 PA:0x00101a11 store:0x00101374
          19792	      9892	001000b4	04070e63	beq	x14,x0,100110	 x14:0x00000020  x0:0x00000000
          19796	      9894	001000b8	00e7a023	sw	x14,0(x15)	 x15:0x00020000 x14:0x00000020 PA:0x00020000 store:0x00000020 load:0x00000000
          19800	      9896	001000bc	00254283	lbu	x5,2(x10)	 x10:0x00101a10  x5=0x00000069 PA:0x00101a12 store:0x00137fa0
          19802	      9897	001000c0	04028863	beq	x5,x0,100110	  x5:0x00000069  x0:0x00000000
          19806	      9899	001000c4	0057a023	sw	x5,0(x15)	 x15:0x00020000  x5:0x00000069 PA:0x00020000 store:0x00000069 load:0x00000000
          19810	      9901	001000c8	00354303	lbu	x6,3(x10)	 x10:0x00101a10  x6=0x0000003d PA:0x00101a13 store:0x00000000
          19812	      9902	001000cc	04030263	beq	x6,x0,100110	  x6:0x0000003d  x0:0x00000000
          19816	      9904	001000d0	0067a023	sw	x6,0(x15)	 x15:0x00020000  x6:0x0000003d PA:0x00020000 store:0x0000003d load:0x00000000
          19820	      9906	001000d4	00454383	lbu	x7,4(x10)	 x10:0x00101a10  x7=0x00000000 PA:0x00101a14 store:0x00000000
          19824	      9908	001000d8	02038c63	beq	x7,x0,100110	  x7:0x00000000  x0:0x00000000
          19828	      9910	00100110	00000513	addi	x10,x0,0	  x0:0x00000000 x10=0x00000000
          19832	      9912	00100114	00008067	jalr	x0,0(x1)	  x1:0x00101374  x0=0x00000000
          19834	      9913	00101374	000d8513	addi	x10,x27,0	 x27:0x00000005 x10=0x00000005
          19838	      9915	00101378	da9fe0ef	jal	x1,100120	  x1=0x0010137c
          19840	      9916	00100120	01c55793	srli	x15,x10,0x1c	 x10:0x00000005 x15=0x00000000
          19842	      9917	00100124	00900713	addi	x14,x0,9	  x0:0x00000000 x14=0x00000009
          19846	      9919	00100128	0cf77a63	bgeu	x14,x15,1001fc	 x14:0x00000009 x15:0x00000000
          19850	      9921	001001fc	03078393	addi	x7,x15,48	 x15:0x00000000  x7=0x00000030
          19852	      9922	00100200	000205b7	lui	x11,0x20	 x11=0x00020000
          19854	      9923	00100204	00451613	slli	x12,x10,0x4	 x10:0x00000005 x12=0x00000050
          19858	      9925	00100208	0075a023	sw	x7,0(x11)	 x11:0x00020000  x7:0x00000030 PA:0x00020000 store:0x00000030 load:0x00000000
          19860	      9926	0010020c	01c65693	srli	x13,x12,0x1c	 x12:0x00000050 x13=0x00000000
          19862	      9927	00100210	00900813	addi	x16,x0,9	  x0:0x00000000 x16=0x00000009
          19864	      9928	00100214	f2d86ae3	bltu	x16,x13,100148	 x16:0x00000009 x13:0x00000000
          19866	      9929	00100218	03068e93	addi	x29,x13,48	 x13:0x00000000 x29=0x00000030
          19868	      9930	0010021c	00020f37	lui	x30,0x20	 x30=0x00020000
          19870	      9931	00100220	00851f93	slli	x31,x10,0x8	 x10:0x00000005 x31=0x00000500
          19874	      9933	00100224	01df2023	sw	x29,0(x30)	 x30:0x00020000 x29:0x00000030 PA:0x00020000 store:0x00000030 load:0x00000000
          19876	      9934	00100228	01cfd793	srli	x15,x31,0x1c	 x31:0x00000500 x15=0x00000000
          19878	      9935	0010022c	00900713	addi	x14,x0,9	  x0:0x00000000 x14=0x00000009
          19880	      9936	00100230	f2f76ae3	bltu	x14,x15,100164	 x14:0x00000009 x15:0x00000000
          19882	      9937	00100234	03078393	addi	x7,x15,48	 x15:0x00000000  x7=0x00000030
          19884	      9938	00100238	000205b7	lui	x11,0x20	 x11=0x00020000
          19886	      9939	0010023c	00c51613	slli	x12,x10,0xc	 x10:0x00000005 x12=0x00005000
          19890	      9941	00100240	0075a023	sw	x7,0(x11)	 x11:0x00020000  x7:0x00000030 PA:0x00020000 store:0x00000030 load:0x00000000
          19892	      9942	00100244	01c65693	srli	x13,x12,0x1c	 x12:0x00005000 x13=0x00000000
          19894	      9943	00100248	00900813	addi	x16,x0,9	  x0:0x00000000 x16=0x00000009
          19896	      9944	0010024c	f2d86ae3	bltu	x16,x13,100180	 x16:0x00000009 x13:0x00000000
          19898	      9945	00100250	03068e93	addi	x29,x13,48	 x13:0x00000000 x29=0x00000030
          19900	      9946	00100254	00020f37	lui	x30,0x20	 x30=0x00020000
          19902	      9947	00100258	01051f93	slli	x31,x10,0x10	 x10:0x00000005 x31=0x00050000
          19906	      9949	0010025c	01df2023	sw	x29,0(x30)	 x30:0x00020000 x29:0x00000030 PA:0x00020000 store:0x00000030 load:0x00000000
          19908	      9950	00100260	01cfd793	srli	x15,x31,0x1c	 x31:0x00050000 x15=0x00000000
          19910	      9951	00100264	00900713	addi	x14,x0,9	  x0:0x00000000 x14=0x00000009
          19912	      9952	00100268	f2f76ae3	bltu	x14,x15,10019c	 x14:0x00000009 x15:0x00000000
          19914	      9953	0010026c	03078393	addi	x7,x15,48	 x15:0x00000000  x7=0x00000030
          19916	      9954	00100270	000205b7	lui	x11,0x20	 x11=0x00020000
          19918	      9955	00100274	01451613	slli	x12,x10,0x14	 x10:0x00000005 x12=0x00500000
          19922	      9957	00100278	0075a023	sw	x7,0(x11)	 x11:0x00020000  x7:0x00000030 PA:0x00020000 store:0x00000030 load:0x00000000
          19924	      9958	0010027c	01c65693	srli	x13,x12,0x1c	 x12:0x00500000 x13=0x00000000
          19926	      9959	00100280	00900813	addi	x16,x0,9	  x0:0x00000000 x16=0x00000009
          19928	      9960	00100284	f2d86ae3	bltu	x16,x13,1001b8	 x16:0x00000009 x13:0x00000000
          19930	      9961	00100288	03068e93	addi	x29,x13,48	 x13:0x00000000 x29=0x00000030
          19932	      9962	0010028c	00020f37	lui	x30,0x20	 x30=0x00020000
          19934	      9963	00100290	01851f93	slli	x31,x10,0x18	 x10:0x00000005 x31=0x05000000
          19938	      9965	00100294	01df2023	sw	x29,0(x30)	 x30:0x00020000 x29:0x00000030 PA:0x00020000 store:0x00000030 load:0x00000000
          19940	      9966	00100298	01cfd793	srli	x15,x31,0x1c	 x31:0x05000000 x15=0x00000000
          19942	      9967	0010029c	00900713	addi	x14,x0,9	  x0:0x00000000 x14=0x00000009
          19944	      9968	001002a0	f2f76ae3	bltu	x14,x15,1001d4	 x14:0x00000009 x15:0x00000000
          19946	      9969	001002a4	03078393	addi	x7,x15,48	 x15:0x00000000  x7=0x00000030
          19948	      9970	001002a8	000205b7	lui	x11,0x20	 x11=0x00020000
          19952	      9972	001002ac	0075a023	sw	x7,0(x11)	 x11:0x00020000  x7:0x00000030 PA:0x00020000 store:0x00000030 load:0x00000000
          19954	      9973	001002b0	00f57513	andi	x10,x10,15	 x10:0x00000005 x10=0x00000005
          19956	      9974	001002b4	00900613	addi	x12,x0,9	  x0:0x00000000 x12=0x00000009
          19960	      9976	001002b8	f2a67ae3	bgeu	x12,x10,1001ec	 x12:0x00000009 x10:0x00000005
          19964	      9978	001001ec	03050893	addi	x17,x10,48	 x10:0x00000005 x17=0x00000035
          19966	      9979	001001f0	00020e37	lui	x28,0x20	 x28=0x00020000
          19970	      9981	001001f4	011e2023	sw	x17,0(x28)	 x28:0x00020000 x17:0x00000035 PA:0x00020000 store:0x00000035 load:0x00000000
          19974	      9983	001001f8	00008067	jalr	x0,0(x1)	  x1:0x0010137c  x0=0x00000000
          19976	      9984	0010137c	a18b0513	addi	x10,x22,-1512	 x22:0x00102000 x10=0x00101a18
          19980	      9986	00101380	d21fe0ef	jal	x1,1000a0	  x1=0x00101384
          19984	      9988	001000a0	00054803	lbu	x16,0(x10)	 x10:0x00101a18 x16=0x00000020 PA:0x00101a18 store:0x00000000
          19986	      9989	001000a4	06080663	beq	x16,x0,100110	 x16:0x00000020  x0:0x00000000
          19988	      9990	001000a8	000207b7	lui	x15,0x20	 x15=0x00020000
          19992	      9992	001000ac	0107a023	sw	x16,0(x15)	 x15:0x00020000 x16:0x00000020 PA:0x00020000 store:0x00000020 load:0x00000000
          19996	      9994	001000b0	00154703	lbu	x14,1(x10)	 x10:0x00101a18 x14=0x00000072 PA:0x00101a19 store:0x00101384
          19998	      9995	001000b4	04070e63	beq	x14,x0,100110	 x14:0x00000072  x0:0x00000000
          20002	      9997	001000b8	00e7a023	sw	x14,0(x15)	 x15:0x00020000 x14:0x00000072 PA:0x00020000 store:0x00000072 load:0x00000000
          20006	      9999	001000bc	00254283	lbu	x5,2(x10)	 x10:0x00101a18  x5=0x00000065 PA:0x00101a1a store:0x00137fa0
          20008	     10000	001000c0	04028863	beq	x5,x0,100110	  x5:0x00000065  x0:0x00000000
          20012	     10002	001000c4	0057a023	sw	x5,0(x15)	 x15:0x00020000  x5:0x00000065 PA:0x00020000 store:0x00000065 load:0x00000000
          20016	     10004	001000c8	00354303	lbu	x6,3(x10)	 x10:0x00101a18  x6=0x00000073 PA:0x00101a1b store:0x00000000
          20018	     10005	001000cc	04030263	beq	x6,x0,100110	  x6:0x00000073  x0:0x00000000
          20022	     10007	001000d0	0067a023	sw	x6,0(x15)	 x15:0x00020000  x6:0x00000073 PA:0x00020000 store:0x00000073 load:0x00000000
          20026	     10009	001000d4	00454383	lbu	x7,4(x10)	 x10:0x00101a18  x7=0x00000075 PA:0x00101a1c store:0x00000000
          20028	     10010	001000d8	02038c63	beq	x7,x0,100110	  x7:0x00000075  x0:0x00000000
          20032	     10012	001000dc	0077a023	sw	x7,0(x15)	 x15:0x00020000  x7:0x00000075 PA:0x00020000 store:0x00000075 load:0x00000000
          20036	     10014	001000e0	00554583	lbu	x11,5(x10)	 x10:0x00101a18 x11=0x0000006c PA:0x00101a1d store:0x00000065
          20038	     10015	001000e4	02058663	beq	x11,x0,100110	 x11:0x0000006c  x0:0x00000000
          20042	     10017	001000e8	00b7a023	sw	x11,0(x15)	 x15:0x00020000 x11:0x0000006c PA:0x00020000 store:0x0000006c load:0x00000000
          20046	     10019	001000ec	00654603	lbu	x12,6(x10)	 x10:0x00101a18 x12=0x00000074 PA:0x00101a1e store:0x00000073
          20048	     10020	001000f0	02060063	beq	x12,x0,100110	 x12:0x00000074  x0:0x00000000
          20052	     10022	001000f4	00c7a023	sw	x12,0(x15)	 x15:0x00020000 x12:0x00000074 PA:0x00020000 store:0x00000074 load:0x00000000
          20056	     10024	001000f8	00754683	lbu	x13,7(x10)	 x10:0x00101a18 x13=0x0000003a PA:0x00101a1f store:0x00000075
          20058	     10025	001000fc	00850513	addi	x10,x10,8	 x10:0x00101a18 x10=0x00101a20
          20060	     10026	00100100	00068863	beq	x13,x0,100110	 x13:0x0000003a  x0:0x00000000
          20064	     10028	00100104	00d7a023	sw	x13,0(x15)	 x15:0x00020000 x13:0x0000003a PA:0x00020000 store:0x0000003a load:0x00000000
          20068	     10030	00100108	00054803	lbu	x16,0(x10)	 x10:0x00101a20 x16=0x00000020 PA:0x00101a20 store:0x00000000
          20072	     10032	0010010c	fa0810e3	bne	x16,x0,1000ac	 x16:0x00000020  x0:0x00000000
          20078	     10035	001000ac	0107a023	sw	x16,0(x15)	 x15:0x00020000 x16:0x00000020 PA:0x00020000 store:0x00000020 load:0x00000000
          20082	     10037	001000b0	00154703	lbu	x14,1(x10)	 x10:0x00101a20 x14=0x00000000 PA:0x00101a21 store:0x00101384
          20086	     10039	001000b4	04070e63	beq	x14,x0,100110	 x14:0x00000000  x0:0x00000000
          20090	     10041	00100110	00000513	addi	x10,x0,0	  x0:0x00000000 x10=0x00000000
          20094	     10043	00100114	00008067	jalr	x0,0(x1)	  x1:0x00101384  x0=0x00000000
          20098	     10045	00101384	cf8a2503	lw	x10,-776(x20)	 x20:0x00102000 x10=0x3f8cf199 PA:0x00101cf8 store:0x00000004
          20100	     10046	00101388	002c0d93	addi	x27,x24,2	 x24:0x00000004 x27=0x00000006
          20104	     10048	0010138c	d95fe0ef	jal	x1,100120	  x1=0x00101390
          20106	     10049	00100120	01c55793	srli	x15,x10,0x1c	 x10:0x3f8cf199 x15=0x00000003
          20108	     10050	00100124	00900713	addi	x14,x0,9	  x0:0x00000000 x14=0x00000009
          20112	     10052	00100128	0cf77a63	bgeu	x14,x15,1001fc	 x14:0x00000009 x15:0x00000003
          20116	     10054	001001fc	03078393	addi	x7,x15,48	 x15:0x00000003  x7=0x00000033
          20118	     10055	00100200	000205b7	lui	x11,0x20	 x11=0x00020000
          20120	     10056	00100204	00451613	slli	x12,x10,0x4	 x10:0x3f8cf199 x12=0xf8cf1990
          20124	     10058	00100208	0075a023	sw	x7,0(x11)	 x11:0x00020000  x7:0x00000033 PA:0x00020000 store:0x00000033 load:0x00000000
          20126	     10059	0010020c	01c65693	srli	x13,x12,0x1c	 x12:0xf8cf1990 x13=0x0000000f
          20128	     10060	00100210	00900813	addi	x16,x0,9	  x0:0x00000000 x16=0x00000009
          20132	     10062	00100214	f2d86ae3	bltu	x16,x13,100148	 x16:0x00000009 x13:0x0000000f
          20136	     10064	00100148	03768893	addi	x17,x13,55	 x13:0x0000000f x17=0x00000046
          20138	     10065	0010014c	00020e37	lui	x28,0x20	 x28=0x00020000
          20140	     10066	00100150	00851f93	slli	x31,x10,0x8	 x10:0x3f8cf199 x31=0x8cf19900
          20144	     10068	00100154	011e2023	sw	x17,0(x28)	 x28:0x00020000 x17:0x00000046 PA:0x00020000 store:0x00000046 load:0x00000000
          20146	     10069	00100158	01cfd793	srli	x15,x31,0x1c	 x31:0x8cf19900 x15=0x00000008
          20148	     10070	0010015c	00900713	addi	x14,x0,9	  x0:0x00000000 x14=0x00000009
          20152	     10072	00100160	0cf77a63	bgeu	x14,x15,100234	 x14:0x00000009 x15:0x00000008
          20156	     10074	00100234	03078393	addi	x7,x15,48	 x15:0x00000008  x7=0x00000038
          20158	     10075	00100238	000205b7	lui	x11,0x20	 x11=0x00020000
          20160	     10076	0010023c	00c51613	slli	x12,x10,0xc	 x10:0x3f8cf199 x12=0xcf199000
          20164	     10078	00100240	0075a023	sw	x7,0(x11)	 x11:0x00020000  x7:0x00000038 PA:0x00020000 store:0x00000038 load:0x00000000
          20166	     10079	00100244	01c65693	srli	x13,x12,0x1c	 x12:0xcf199000 x13=0x0000000c
          20168	     10080	00100248	00900813	addi	x16,x0,9	  x0:0x00000000 x16=0x00000009
          20172	     10082	0010024c	f2d86ae3	bltu	x16,x13,100180	 x16:0x00000009 x13:0x0000000c
          20176	     10084	00100180	03768893	addi	x17,x13,55	 x13:0x0000000c x17=0x00000043
          20178	     10085	00100184	00020e37	lui	x28,0x20	 x28=0x00020000
          20180	     10086	00100188	01051f93	slli	x31,x10,0x10	 x10:0x3f8cf199 x31=0xf1990000
          20184	     10088	0010018c	011e2023	sw	x17,0(x28)	 x28:0x00020000 x17:0x00000043 PA:0x00020000 store:0x00000043 load:0x00000000
          20186	     10089	00100190	01cfd793	srli	x15,x31,0x1c	 x31:0xf1990000 x15=0x0000000f
          20188	     10090	00100194	00900713	addi	x14,x0,9	  x0:0x00000000 x14=0x00000009
          20190	     10091	00100198	0cf77a63	bgeu	x14,x15,10026c	 x14:0x00000009 x15:0x0000000f
          20192	     10092	0010019c	03778293	addi	x5,x15,55	 x15:0x0000000f  x5=0x00000046
          20194	     10093	001001a0	00020337	lui	x6,0x20	  x6=0x00020000
          20196	     10094	001001a4	01451613	slli	x12,x10,0x14	 x10:0x3f8cf199 x12=0x19900000
          20200	     10096	001001a8	00532023	sw	x5,0(x6)	  x6:0x00020000  x5:0x00000046 PA:0x00020000 store:0x00000046 load:0x00000000
          20202	     10097	001001ac	01c65693	srli	x13,x12,0x1c	 x12:0x19900000 x13=0x00000001
          20204	     10098	001001b0	00900813	addi	x16,x0,9	  x0:0x00000000 x16=0x00000009
          20208	     10100	001001b4	0cd87a63	bgeu	x16,x13,100288	 x16:0x00000009 x13:0x00000001
          20212	     10102	00100288	03068e93	addi	x29,x13,48	 x13:0x00000001 x29=0x00000031
          20214	     10103	0010028c	00020f37	lui	x30,0x20	 x30=0x00020000
          20216	     10104	00100290	01851f93	slli	x31,x10,0x18	 x10:0x3f8cf199 x31=0x99000000
          20220	     10106	00100294	01df2023	sw	x29,0(x30)	 x30:0x00020000 x29:0x00000031 PA:0x00020000 store:0x00000031 load:0x00000000
          20222	     10107	00100298	01cfd793	srli	x15,x31,0x1c	 x31:0x99000000 x15=0x00000009
          20224	     10108	0010029c	00900713	addi	x14,x0,9	  x0:0x00000000 x14=0x00000009
          20226	     10109	001002a0	f2f76ae3	bltu	x14,x15,1001d4	 x14:0x00000009 x15:0x00000009
          20228	     10110	001002a4	03078393	addi	x7,x15,48	 x15:0x00000009  x7=0x00000039
          20230	     10111	001002a8	000205b7	lui	x11,0x20	 x11=0x00020000
          20234	     10113	001002ac	0075a023	sw	x7,0(x11)	 x11:0x00020000  x7:0x00000039 PA:0x00020000 store:0x00000039 load:0x00000000
          20236	     10114	001002b0	00f57513	andi	x10,x10,15	 x10:0x3f8cf199 x10=0x00000009
          20238	     10115	001002b4	00900613	addi	x12,x0,9	  x0:0x00000000 x12=0x00000009
          20242	     10117	001002b8	f2a67ae3	bgeu	x12,x10,1001ec	 x12:0x00000009 x10:0x00000009
          20246	     10119	001001ec	03050893	addi	x17,x10,48	 x10:0x00000009 x17=0x00000039
          20248	     10120	001001f0	00020e37	lui	x28,0x20	 x28=0x00020000
          20252	     10122	001001f4	011e2023	sw	x17,0(x28)	 x28:0x00020000 x17:0x00000039 PA:0x00020000 store:0x00000039 load:0x00000000
          20266	     10129	001001f8	00008067	jalr	x0,0(x1)	  x1:0x00101390  x0=0x00000000
          20268	     10130	00101390	d089a807	flw	f16,-760(x19)	 f19:0x00102000 f16=0x00000000 PA:0x00101d08 store:0x3f9b3246
          20290	     10141	00101394	a10a8513	addi	x10,x21,-1520	 x21:0x00102000 x10=0x00101a10
          20292	     10142	00101398	580878d3	fsqrt.s	f17,f16	 f16:0x00000009 f17=0x00000000
          20298	     10145	0010139c	d119a427	fsw	f17,-760(x19)	 f19:0x00102000 f17:0x00000039 PA:0x00101d08 store:0x3f8650e8 load:0x3f8cf199
          20306	     10149	001013a0	d089a907	flw	f18,-760(x19)	 f19:0x00102000 f18=0x00000000 PA:0x00101d08 store:0x3f9b3246
          20312	     10152	001013a4	e00907d3	fmv.x.w	x15,f18	 f18:0x00102000 x15=0x3f8650e8
          20314	     10153	001013a8	cefa2c23	sw	x15,-776(x20)	 x20:0x00102000 x15:0x3f8650e8 PA:0x00101cf8 store:0x3f8650e8 load:0x3f8650e8
          20318	     10155	001013ac	cf5fe0ef	jal	x1,1000a0	  x1=0x001013b0
          20322	     10157	001000a0	00054803	lbu	x16,0(x10)	 x10:0x00101a10 x16=0x0000000a PA:0x00101a10 store:0x00000000
          20324	     10158	001000a4	06080663	beq	x16,x0,100110	 x16:0x0000000a  x0:0x00000000
          20326	     10159	001000a8	000207b7	lui	x15,0x20	 x15=0x00020000
          20330	     10161	001000ac	0107a023	sw	x16,0(x15)	 x15:0x00020000 x16:0x0000000a PA:0x00020000 store:0x0000000a load:0x00000000
          20334	     10163	001000b0	00154703	lbu	x14,1(x10)	 x10:0x00101a10 x14=0x00000020 PA:0x00101a11 store:0x001013b0
          20336	     10164	001000b4	04070e63	beq	x14,x0,100110	 x14:0x00000020  x0:0x00000000
          20340	     10166	001000b8	00e7a023	sw	x14,0(x15)	 x15:0x00020000 x14:0x00000020 PA:0x00020000 store:0x00000020 load:0x00000000
          20344	     10168	001000bc	00254283	lbu	x5,2(x10)	 x10:0x00101a10  x5=0x00000069 PA:0x00101a12 store:0x00137fa0
          20346	     10169	001000c0	04028863	beq	x5,x0,100110	  x5:0x00000069  x0:0x00000000
          20350	     10171	001000c4	0057a023	sw	x5,0(x15)	 x15:0x00020000  x5:0x00000069 PA:0x00020000 store:0x00000069 load:0x00000000
          20354	     10173	001000c8	00354303	lbu	x6,3(x10)	 x10:0x00101a10  x6=0x0000003d PA:0x00101a13 store:0x00000000
          20356	     10174	001000cc	04030263	beq	x6,x0,100110	  x6:0x0000003d  x0:0x00000000
          20360	     10176	001000d0	0067a023	sw	x6,0(x15)	 x15:0x00020000  x6:0x0000003d PA:0x00020000 store:0x0000003d load:0x00000000
          20364	     10178	001000d4	00454383	lbu	x7,4(x10)	 x10:0x00101a10  x7=0x00000000 PA:0x00101a14 store:0x00000000
          20368	     10180	001000d8	02038c63	beq	x7,x0,100110	  x7:0x00000000  x0:0x00000000
          20372	     10182	00100110	00000513	addi	x10,x0,0	  x0:0x00000000 x10=0x00000000
          20376	     10184	00100114	00008067	jalr	x0,0(x1)	  x1:0x001013b0  x0=0x00000000
          20378	     10185	001013b0	000d8513	addi	x10,x27,0	 x27:0x00000006 x10=0x00000006
          20382	     10187	001013b4	d6dfe0ef	jal	x1,100120	  x1=0x001013b8
          20384	     10188	00100120	01c55793	srli	x15,x10,0x1c	 x10:0x00000006 x15=0x00000000
          20386	     10189	00100124	00900713	addi	x14,x0,9	  x0:0x00000000 x14=0x00000009
          20390	     10191	00100128	0cf77a63	bgeu	x14,x15,1001fc	 x14:0x00000009 x15:0x00000000
          20394	     10193	001001fc	03078393	addi	x7,x15,48	 x15:0x00000000  x7=0x00000030
          20396	     10194	00100200	000205b7	lui	x11,0x20	 x11=0x00020000
          20398	     10195	00100204	00451613	slli	x12,x10,0x4	 x10:0x00000006 x12=0x00000060
          20402	     10197	00100208	0075a023	sw	x7,0(x11)	 x11:0x00020000  x7:0x00000030 PA:0x00020000 store:0x00000030 load:0x00000000
          20404	     10198	0010020c	01c65693	srli	x13,x12,0x1c	 x12:0x00000060 x13=0x00000000
          20406	     10199	00100210	00900813	addi	x16,x0,9	  x0:0x00000000 x16=0x00000009
          20408	     10200	00100214	f2d86ae3	bltu	x16,x13,100148	 x16:0x00000009 x13:0x00000000
          20410	     10201	00100218	03068e93	addi	x29,x13,48	 x13:0x00000000 x29=0x00000030
          20412	     10202	0010021c	00020f37	lui	x30,0x20	 x30=0x00020000
          20414	     10203	00100220	00851f93	slli	x31,x10,0x8	 x10:0x00000006 x31=0x00000600
          20418	     10205	00100224	01df2023	sw	x29,0(x30)	 x30:0x00020000 x29:0x00000030 PA:0x00020000 store:0x00000030 load:0x00000000
          20420	     10206	00100228	01cfd793	srli	x15,x31,0x1c	 x31:0x00000600 x15=0x00000000
          20422	     10207	0010022c	00900713	addi	x14,x0,9	  x0:0x00000000 x14=0x00000009
          20424	     10208	00100230	f2f76ae3	bltu	x14,x15,100164	 x14:0x00000009 x15:0x00000000
          20426	     10209	00100234	03078393	addi	x7,x15,48	 x15:0x00000000  x7=0x00000030
          20428	     10210	00100238	000205b7	lui	x11,0x20	 x11=0x00020000
          20430	     10211	0010023c	00c51613	slli	x12,x10,0xc	 x10:0x00000006 x12=0x00006000
          20434	     10213	00100240	0075a023	sw	x7,0(x11)	 x11:0x00020000  x7:0x00000030 PA:0x00020000 store:0x00000030 load:0x00000000
          20436	     10214	00100244	01c65693	srli	x13,x12,0x1c	 x12:0x00006000 x13=0x00000000
          20438	     10215	00100248	00900813	addi	x16,x0,9	  x0:0x00000000 x16=0x00000009
          20440	     10216	0010024c	f2d86ae3	bltu	x16,x13,100180	 x16:0x00000009 x13:0x00000000
          20442	     10217	00100250	03068e93	addi	x29,x13,48	 x13:0x00000000 x29=0x00000030
          20444	     10218	00100254	00020f37	lui	x30,0x20	 x30=0x00020000
          20446	     10219	00100258	01051f93	slli	x31,x10,0x10	 x10:0x00000006 x31=0x00060000
          20450	     10221	0010025c	01df2023	sw	x29,0(x30)	 x30:0x00020000 x29:0x00000030 PA:0x00020000 store:0x00000030 load:0x00000000
          20452	     10222	00100260	01cfd793	srli	x15,x31,0x1c	 x31:0x00060000 x15=0x00000000
          20454	     10223	00100264	00900713	addi	x14,x0,9	  x0:0x00000000 x14=0x00000009
          20456	     10224	00100268	f2f76ae3	bltu	x14,x15,10019c	 x14:0x00000009 x15:0x00000000
          20458	     10225	0010026c	03078393	addi	x7,x15,48	 x15:0x00000000  x7=0x00000030
          20460	     10226	00100270	000205b7	lui	x11,0x20	 x11=0x00020000
          20462	     10227	00100274	01451613	slli	x12,x10,0x14	 x10:0x00000006 x12=0x00600000
          20466	     10229	00100278	0075a023	sw	x7,0(x11)	 x11:0x00020000  x7:0x00000030 PA:0x00020000 store:0x00000030 load:0x00000000
          20468	     10230	0010027c	01c65693	srli	x13,x12,0x1c	 x12:0x00600000 x13=0x00000000
          20470	     10231	00100280	00900813	addi	x16,x0,9	  x0:0x00000000 x16=0x00000009
          20472	     10232	00100284	f2d86ae3	bltu	x16,x13,1001b8	 x16:0x00000009 x13:0x00000000
          20474	     10233	00100288	03068e93	addi	x29,x13,48	 x13:0x00000000 x29=0x00000030
          20476	     10234	0010028c	00020f37	lui	x30,0x20	 x30=0x00020000
          20478	     10235	00100290	01851f93	slli	x31,x10,0x18	 x10:0x00000006 x31=0x06000000
          20482	     10237	00100294	01df2023	sw	x29,0(x30)	 x30:0x00020000 x29:0x00000030 PA:0x00020000 store:0x00000030 load:0x00000000
          20484	     10238	00100298	01cfd793	srli	x15,x31,0x1c	 x31:0x06000000 x15=0x00000000
          20486	     10239	0010029c	00900713	addi	x14,x0,9	  x0:0x00000000 x14=0x00000009
          20488	     10240	001002a0	f2f76ae3	bltu	x14,x15,1001d4	 x14:0x00000009 x15:0x00000000
          20490	     10241	001002a4	03078393	addi	x7,x15,48	 x15:0x00000000  x7=0x00000030
          20492	     10242	001002a8	000205b7	lui	x11,0x20	 x11=0x00020000
          20496	     10244	001002ac	0075a023	sw	x7,0(x11)	 x11:0x00020000  x7:0x00000030 PA:0x00020000 store:0x00000030 load:0x00000000
          20498	     10245	001002b0	00f57513	andi	x10,x10,15	 x10:0x00000006 x10=0x00000006
          20500	     10246	001002b4	00900613	addi	x12,x0,9	  x0:0x00000000 x12=0x00000009
          20504	     10248	001002b8	f2a67ae3	bgeu	x12,x10,1001ec	 x12:0x00000009 x10:0x00000006
          20508	     10250	001001ec	03050893	addi	x17,x10,48	 x10:0x00000006 x17=0x00000036
          20510	     10251	001001f0	00020e37	lui	x28,0x20	 x28=0x00020000
          20514	     10253	001001f4	011e2023	sw	x17,0(x28)	 x28:0x00020000 x17:0x00000036 PA:0x00020000 store:0x00000036 load:0x00000000
          20518	     10255	001001f8	00008067	jalr	x0,0(x1)	  x1:0x001013b8  x0=0x00000000
          20520	     10256	001013b8	a18b0513	addi	x10,x22,-1512	 x22:0x00102000 x10=0x00101a18
          20524	     10258	001013bc	ce5fe0ef	jal	x1,1000a0	  x1=0x001013c0
          20528	     10260	001000a0	00054803	lbu	x16,0(x10)	 x10:0x00101a18 x16=0x00000020 PA:0x00101a18 store:0x00000000
          20530	     10261	001000a4	06080663	beq	x16,x0,100110	 x16:0x00000020  x0:0x00000000
          20532	     10262	001000a8	000207b7	lui	x15,0x20	 x15=0x00020000
          20536	     10264	001000ac	0107a023	sw	x16,0(x15)	 x15:0x00020000 x16:0x00000020 PA:0x00020000 store:0x00000020 load:0x00000000
          20540	     10266	001000b0	00154703	lbu	x14,1(x10)	 x10:0x00101a18 x14=0x00000072 PA:0x00101a19 store:0x001013c0
          20542	     10267	001000b4	04070e63	beq	x14,x0,100110	 x14:0x00000072  x0:0x00000000
          20546	     10269	001000b8	00e7a023	sw	x14,0(x15)	 x15:0x00020000 x14:0x00000072 PA:0x00020000 store:0x00000072 load:0x00000000
          20550	     10271	001000bc	00254283	lbu	x5,2(x10)	 x10:0x00101a18  x5=0x00000065 PA:0x00101a1a store:0x00137fa0
          20552	     10272	001000c0	04028863	beq	x5,x0,100110	  x5:0x00000065  x0:0x00000000
          20556	     10274	001000c4	0057a023	sw	x5,0(x15)	 x15:0x00020000  x5:0x00000065 PA:0x00020000 store:0x00000065 load:0x00000000
          20560	     10276	001000c8	00354303	lbu	x6,3(x10)	 x10:0x00101a18  x6=0x00000073 PA:0x00101a1b store:0x00000000
          20562	     10277	001000cc	04030263	beq	x6,x0,100110	  x6:0x00000073  x0:0x00000000
          20566	     10279	001000d0	0067a023	sw	x6,0(x15)	 x15:0x00020000  x6:0x00000073 PA:0x00020000 store:0x00000073 load:0x00000000
          20570	     10281	001000d4	00454383	lbu	x7,4(x10)	 x10:0x00101a18  x7=0x00000075 PA:0x00101a1c store:0x00000000
          20572	     10282	001000d8	02038c63	beq	x7,x0,100110	  x7:0x00000075  x0:0x00000000
          20576	     10284	001000dc	0077a023	sw	x7,0(x15)	 x15:0x00020000  x7:0x00000075 PA:0x00020000 store:0x00000075 load:0x00000000
          20580	     10286	001000e0	00554583	lbu	x11,5(x10)	 x10:0x00101a18 x11=0x0000006c PA:0x00101a1d store:0x00000065
          20582	     10287	001000e4	02058663	beq	x11,x0,100110	 x11:0x0000006c  x0:0x00000000
          20586	     10289	001000e8	00b7a023	sw	x11,0(x15)	 x15:0x00020000 x11:0x0000006c PA:0x00020000 store:0x0000006c load:0x00000000
          20590	     10291	001000ec	00654603	lbu	x12,6(x10)	 x10:0x00101a18 x12=0x00000074 PA:0x00101a1e store:0x00000073
          20592	     10292	001000f0	02060063	beq	x12,x0,100110	 x12:0x00000074  x0:0x00000000
          20596	     10294	001000f4	00c7a023	sw	x12,0(x15)	 x15:0x00020000 x12:0x00000074 PA:0x00020000 store:0x00000074 load:0x00000000
          20600	     10296	001000f8	00754683	lbu	x13,7(x10)	 x10:0x00101a18 x13=0x0000003a PA:0x00101a1f store:0x00000075
          20602	     10297	001000fc	00850513	addi	x10,x10,8	 x10:0x00101a18 x10=0x00101a20
          20604	     10298	00100100	00068863	beq	x13,x0,100110	 x13:0x0000003a  x0:0x00000000
          20608	     10300	00100104	00d7a023	sw	x13,0(x15)	 x15:0x00020000 x13:0x0000003a PA:0x00020000 store:0x0000003a load:0x00000000
          20612	     10302	00100108	00054803	lbu	x16,0(x10)	 x10:0x00101a20 x16=0x00000020 PA:0x00101a20 store:0x00000000
          20616	     10304	0010010c	fa0810e3	bne	x16,x0,1000ac	 x16:0x00000020  x0:0x00000000
          20622	     10307	001000ac	0107a023	sw	x16,0(x15)	 x15:0x00020000 x16:0x00000020 PA:0x00020000 store:0x00000020 load:0x00000000
          20626	     10309	001000b0	00154703	lbu	x14,1(x10)	 x10:0x00101a20 x14=0x00000000 PA:0x00101a21 store:0x001013c0
          20630	     10311	001000b4	04070e63	beq	x14,x0,100110	 x14:0x00000000  x0:0x00000000
          20634	     10313	00100110	00000513	addi	x10,x0,0	  x0:0x00000000 x10=0x00000000
          20638	     10315	00100114	00008067	jalr	x0,0(x1)	  x1:0x001013c0  x0=0x00000000
          20642	     10317	001013c0	cf8a2503	lw	x10,-776(x20)	 x20:0x00102000 x10=0x3f8650e8 PA:0x00101cf8 store:0x00000004
          20644	     10318	001013c4	003c0d93	addi	x27,x24,3	 x24:0x00000004 x27=0x00000007
          20646	     10319	001013c8	004c0c13	addi	x24,x24,4	 x24:0x00000004 x24=0x00000008
          20650	     10321	001013cc	d55fe0ef	jal	x1,100120	  x1=0x001013d0
          20652	     10322	00100120	01c55793	srli	x15,x10,0x1c	 x10:0x3f8650e8 x15=0x00000003
          20654	     10323	00100124	00900713	addi	x14,x0,9	  x0:0x00000000 x14=0x00000009
          20658	     10325	00100128	0cf77a63	bgeu	x14,x15,1001fc	 x14:0x00000009 x15:0x00000003
          20662	     10327	001001fc	03078393	addi	x7,x15,48	 x15:0x00000003  x7=0x00000033
          20664	     10328	00100200	000205b7	lui	x11,0x20	 x11=0x00020000
          20666	     10329	00100204	00451613	slli	x12,x10,0x4	 x10:0x3f8650e8 x12=0xf8650e80
          20670	     10331	00100208	0075a023	sw	x7,0(x11)	 x11:0x00020000  x7:0x00000033 PA:0x00020000 store:0x00000033 load:0x00000000
          20672	     10332	0010020c	01c65693	srli	x13,x12,0x1c	 x12:0xf8650e80 x13=0x0000000f
          20674	     10333	00100210	00900813	addi	x16,x0,9	  x0:0x00000000 x16=0x00000009
          20678	     10335	00100214	f2d86ae3	bltu	x16,x13,100148	 x16:0x00000009 x13:0x0000000f
          20682	     10337	00100148	03768893	addi	x17,x13,55	 x13:0x0000000f x17=0x00000046
          20684	     10338	0010014c	00020e37	lui	x28,0x20	 x28=0x00020000
          20686	     10339	00100150	00851f93	slli	x31,x10,0x8	 x10:0x3f8650e8 x31=0x8650e800
          20690	     10341	00100154	011e2023	sw	x17,0(x28)	 x28:0x00020000 x17:0x00000046 PA:0x00020000 store:0x00000046 load:0x00000000
          20692	     10342	00100158	01cfd793	srli	x15,x31,0x1c	 x31:0x8650e800 x15=0x00000008
          20694	     10343	0010015c	00900713	addi	x14,x0,9	  x0:0x00000000 x14=0x00000009
          20698	     10345	00100160	0cf77a63	bgeu	x14,x15,100234	 x14:0x00000009 x15:0x00000008
          20702	     10347	00100234	03078393	addi	x7,x15,48	 x15:0x00000008  x7=0x00000038
          20704	     10348	00100238	000205b7	lui	x11,0x20	 x11=0x00020000
          20706	     10349	0010023c	00c51613	slli	x12,x10,0xc	 x10:0x3f8650e8 x12=0x650e8000
          20710	     10351	00100240	0075a023	sw	x7,0(x11)	 x11:0x00020000  x7:0x00000038 PA:0x00020000 store:0x00000038 load:0x00000000
          20712	     10352	00100244	01c65693	srli	x13,x12,0x1c	 x12:0x650e8000 x13=0x00000006
          20714	     10353	00100248	00900813	addi	x16,x0,9	  x0:0x00000000 x16=0x00000009
          20716	     10354	0010024c	f2d86ae3	bltu	x16,x13,100180	 x16:0x00000009 x13:0x00000006
          20718	     10355	00100250	03068e93	addi	x29,x13,48	 x13:0x00000006 x29=0x00000036
          20720	     10356	00100254	00020f37	lui	x30,0x20	 x30=0x00020000
          20722	     10357	00100258	01051f93	slli	x31,x10,0x10	 x10:0x3f8650e8 x31=0x50e80000
          20726	     10359	0010025c	01df2023	sw	x29,0(x30)	 x30:0x00020000 x29:0x00000036 PA:0x00020000 store:0x00000036 load:0x00000000
          20728	     10360	00100260	01cfd793	srli	x15,x31,0x1c	 x31:0x50e80000 x15=0x00000005
          20730	     10361	00100264	00900713	addi	x14,x0,9	  x0:0x00000000 x14=0x00000009
          20732	     10362	00100268	f2f76ae3	bltu	x14,x15,10019c	 x14:0x00000009 x15:0x00000005
          20734	     10363	0010026c	03078393	addi	x7,x15,48	 x15:0x00000005  x7=0x00000035
          20736	     10364	00100270	000205b7	lui	x11,0x20	 x11=0x00020000
          20738	     10365	00100274	01451613	slli	x12,x10,0x14	 x10:0x3f8650e8 x12=0x0e800000
          20742	     10367	00100278	0075a023	sw	x7,0(x11)	 x11:0x00020000  x7:0x00000035 PA:0x00020000 store:0x00000035 load:0x00000000
          20744	     10368	0010027c	01c65693	srli	x13,x12,0x1c	 x12:0x0e800000 x13=0x00000000
          20746	     10369	00100280	00900813	addi	x16,x0,9	  x0:0x00000000 x16=0x00000009
          20748	     10370	00100284	f2d86ae3	bltu	x16,x13,1001b8	 x16:0x00000009 x13:0x00000000
          20750	     10371	00100288	03068e93	addi	x29,x13,48	 x13:0x00000000 x29=0x00000030
          20752	     10372	0010028c	00020f37	lui	x30,0x20	 x30=0x00020000
          20754	     10373	00100290	01851f93	slli	x31,x10,0x18	 x10:0x3f8650e8 x31=0xe8000000
          20758	     10375	00100294	01df2023	sw	x29,0(x30)	 x30:0x00020000 x29:0x00000030 PA:0x00020000 store:0x00000030 load:0x00000000
          20760	     10376	00100298	01cfd793	srli	x15,x31,0x1c	 x31:0xe8000000 x15=0x0000000e
          20762	     10377	0010029c	00900713	addi	x14,x0,9	  x0:0x00000000 x14=0x00000009
          20766	     10379	001002a0	f2f76ae3	bltu	x14,x15,1001d4	 x14:0x00000009 x15:0x0000000e
          20770	     10381	001001d4	03778293	addi	x5,x15,55	 x15:0x0000000e  x5=0x00000045
          20772	     10382	001001d8	00020337	lui	x6,0x20	  x6=0x00020000
          20776	     10384	001001dc	00532023	sw	x5,0(x6)	  x6:0x00020000  x5:0x00000045 PA:0x00020000 store:0x00000045 load:0x00000000
          20778	     10385	001001e0	00f57513	andi	x10,x10,15	 x10:0x3f8650e8 x10=0x00000008
          20780	     10386	001001e4	00900613	addi	x12,x0,9	  x0:0x00000000 x12=0x00000009
          20782	     10387	001001e8	0ca66a63	bltu	x12,x10,1002bc	 x12:0x00000009 x10:0x00000008
          20784	     10388	001001ec	03050893	addi	x17,x10,48	 x10:0x00000008 x17=0x00000038
          20786	     10389	001001f0	00020e37	lui	x28,0x20	 x28=0x00020000
          20790	     10391	001001f4	011e2023	sw	x17,0(x28)	 x28:0x00020000 x17:0x00000038 PA:0x00020000 store:0x00000038 load:0x00000000
          20794	     10393	001001f8	00008067	jalr	x0,0(x1)	  x1:0x001013d0  x0=0x00000000
          20806	     10399	001013d0	a10a8513	addi	x10,x21,-1520	 x21:0x00102000 x10=0x00101a10
          20808	     10400	001013d4	d089a987	flw	f19,-760(x19)	 f19:0x00102000 f19=0x00000000 PA:0x00101d08 store:0x3f9b3246
          20828	     10410	001013d8	5809fa53	fsqrt.s	f20,f19	 f19:0x00102000 f20=0x00000000
          20836	     10414	001013dc	d149a427	fsw	f20,-760(x19)	 f19:0x00102000 f20:0x00102000 PA:0x00101d08 store:0x3f831eb8 load:0x3f8650e8
          20844	     10418	001013e0	d089aa87	flw	f21,-760(x19)	 f19:0x00102000 f21=0x00000000 PA:0x00101d08 store:0x3f9b3246
          20850	     10421	001013e4	e00a82d3	fmv.x.w	x5,f21	 f21:0x00102000  x5=0x3f831eb8
          20852	     10422	001013e8	ce5a2c23	sw	x5,-776(x20)	 x20:0x00102000  x5:0x3f831eb8 PA:0x00101cf8 store:0x3f831eb8 load:0x3f831eb8
          20856	     10424	001013ec	cb5fe0ef	jal	x1,1000a0	  x1=0x001013f0
          20860	     10426	001000a0	00054803	lbu	x16,0(x10)	 x10:0x00101a10 x16=0x0000000a PA:0x00101a10 store:0x00000000
          20862	     10427	001000a4	06080663	beq	x16,x0,100110	 x16:0x0000000a  x0:0x00000000
          20864	     10428	001000a8	000207b7	lui	x15,0x20	 x15=0x00020000
          20868	     10430	001000ac	0107a023	sw	x16,0(x15)	 x15:0x00020000 x16:0x0000000a PA:0x00020000 store:0x0000000a load:0x00000000
          20872	     10432	001000b0	00154703	lbu	x14,1(x10)	 x10:0x00101a10 x14=0x00000020 PA:0x00101a11 store:0x001013f0
          20874	     10433	001000b4	04070e63	beq	x14,x0,100110	 x14:0x00000020  x0:0x00000000
          20878	     10435	001000b8	00e7a023	sw	x14,0(x15)	 x15:0x00020000 x14:0x00000020 PA:0x00020000 store:0x00000020 load:0x00000000
          20882	     10437	001000bc	00254283	lbu	x5,2(x10)	 x10:0x00101a10  x5=0x00000069 PA:0x00101a12 store:0x00137fa0
          20884	     10438	001000c0	04028863	beq	x5,x0,100110	  x5:0x00000069  x0:0x00000000
          20888	     10440	001000c4	0057a023	sw	x5,0(x15)	 x15:0x00020000  x5:0x00000069 PA:0x00020000 store:0x00000069 load:0x00000000
          20892	     10442	001000c8	00354303	lbu	x6,3(x10)	 x10:0x00101a10  x6=0x0000003d PA:0x00101a13 store:0x00000000
          20894	     10443	001000cc	04030263	beq	x6,x0,100110	  x6:0x0000003d  x0:0x00000000
          20898	     10445	001000d0	0067a023	sw	x6,0(x15)	 x15:0x00020000  x6:0x0000003d PA:0x00020000 store:0x0000003d load:0x00000000
          20902	     10447	001000d4	00454383	lbu	x7,4(x10)	 x10:0x00101a10  x7=0x00000000 PA:0x00101a14 store:0x00000000
          20906	     10449	001000d8	02038c63	beq	x7,x0,100110	  x7:0x00000000  x0:0x00000000
          20910	     10451	00100110	00000513	addi	x10,x0,0	  x0:0x00000000 x10=0x00000000
          20914	     10453	00100114	00008067	jalr	x0,0(x1)	  x1:0x001013f0  x0=0x00000000
          20916	     10454	001013f0	000d8513	addi	x10,x27,0	 x27:0x00000007 x10=0x00000007
          20920	     10456	001013f4	d2dfe0ef	jal	x1,100120	  x1=0x001013f8
          20922	     10457	00100120	01c55793	srli	x15,x10,0x1c	 x10:0x00000007 x15=0x00000000
          20924	     10458	00100124	00900713	addi	x14,x0,9	  x0:0x00000000 x14=0x00000009
          20928	     10460	00100128	0cf77a63	bgeu	x14,x15,1001fc	 x14:0x00000009 x15:0x00000000
          20932	     10462	001001fc	03078393	addi	x7,x15,48	 x15:0x00000000  x7=0x00000030
          20934	     10463	00100200	000205b7	lui	x11,0x20	 x11=0x00020000
          20936	     10464	00100204	00451613	slli	x12,x10,0x4	 x10:0x00000007 x12=0x00000070
          20940	     10466	00100208	0075a023	sw	x7,0(x11)	 x11:0x00020000  x7:0x00000030 PA:0x00020000 store:0x00000030 load:0x00000000
          20942	     10467	0010020c	01c65693	srli	x13,x12,0x1c	 x12:0x00000070 x13=0x00000000
          20944	     10468	00100210	00900813	addi	x16,x0,9	  x0:0x00000000 x16=0x00000009
          20946	     10469	00100214	f2d86ae3	bltu	x16,x13,100148	 x16:0x00000009 x13:0x00000000
          20948	     10470	00100218	03068e93	addi	x29,x13,48	 x13:0x00000000 x29=0x00000030
          20950	     10471	0010021c	00020f37	lui	x30,0x20	 x30=0x00020000
          20952	     10472	00100220	00851f93	slli	x31,x10,0x8	 x10:0x00000007 x31=0x00000700
          20956	     10474	00100224	01df2023	sw	x29,0(x30)	 x30:0x00020000 x29:0x00000030 PA:0x00020000 store:0x00000030 load:0x00000000
          20958	     10475	00100228	01cfd793	srli	x15,x31,0x1c	 x31:0x00000700 x15=0x00000000
          20960	     10476	0010022c	00900713	addi	x14,x0,9	  x0:0x00000000 x14=0x00000009
          20962	     10477	00100230	f2f76ae3	bltu	x14,x15,100164	 x14:0x00000009 x15:0x00000000
          20964	     10478	00100234	03078393	addi	x7,x15,48	 x15:0x00000000  x7=0x00000030
          20966	     10479	00100238	000205b7	lui	x11,0x20	 x11=0x00020000
          20968	     10480	0010023c	00c51613	slli	x12,x10,0xc	 x10:0x00000007 x12=0x00007000
          20972	     10482	00100240	0075a023	sw	x7,0(x11)	 x11:0x00020000  x7:0x00000030 PA:0x00020000 store:0x00000030 load:0x00000000
          20974	     10483	00100244	01c65693	srli	x13,x12,0x1c	 x12:0x00007000 x13=0x00000000
          20976	     10484	00100248	00900813	addi	x16,x0,9	  x0:0x00000000 x16=0x00000009
          20978	     10485	0010024c	f2d86ae3	bltu	x16,x13,100180	 x16:0x00000009 x13:0x00000000
          20980	     10486	00100250	03068e93	addi	x29,x13,48	 x13:0x00000000 x29=0x00000030
          20982	     10487	00100254	00020f37	lui	x30,0x20	 x30=0x00020000
          20984	     10488	00100258	01051f93	slli	x31,x10,0x10	 x10:0x00000007 x31=0x00070000
          20988	     10490	0010025c	01df2023	sw	x29,0(x30)	 x30:0x00020000 x29:0x00000030 PA:0x00020000 store:0x00000030 load:0x00000000
          20990	     10491	00100260	01cfd793	srli	x15,x31,0x1c	 x31:0x00070000 x15=0x00000000
          20992	     10492	00100264	00900713	addi	x14,x0,9	  x0:0x00000000 x14=0x00000009
          20994	     10493	00100268	f2f76ae3	bltu	x14,x15,10019c	 x14:0x00000009 x15:0x00000000
          20996	     10494	0010026c	03078393	addi	x7,x15,48	 x15:0x00000000  x7=0x00000030
          20998	     10495	00100270	000205b7	lui	x11,0x20	 x11=0x00020000
          21000	     10496	00100274	01451613	slli	x12,x10,0x14	 x10:0x00000007 x12=0x00700000
          21004	     10498	00100278	0075a023	sw	x7,0(x11)	 x11:0x00020000  x7:0x00000030 PA:0x00020000 store:0x00000030 load:0x00000000
          21006	     10499	0010027c	01c65693	srli	x13,x12,0x1c	 x12:0x00700000 x13=0x00000000
          21008	     10500	00100280	00900813	addi	x16,x0,9	  x0:0x00000000 x16=0x00000009
          21010	     10501	00100284	f2d86ae3	bltu	x16,x13,1001b8	 x16:0x00000009 x13:0x00000000
          21012	     10502	00100288	03068e93	addi	x29,x13,48	 x13:0x00000000 x29=0x00000030
          21014	     10503	0010028c	00020f37	lui	x30,0x20	 x30=0x00020000
          21016	     10504	00100290	01851f93	slli	x31,x10,0x18	 x10:0x00000007 x31=0x07000000
          21020	     10506	00100294	01df2023	sw	x29,0(x30)	 x30:0x00020000 x29:0x00000030 PA:0x00020000 store:0x00000030 load:0x00000000
          21022	     10507	00100298	01cfd793	srli	x15,x31,0x1c	 x31:0x07000000 x15=0x00000000
          21024	     10508	0010029c	00900713	addi	x14,x0,9	  x0:0x00000000 x14=0x00000009
          21026	     10509	001002a0	f2f76ae3	bltu	x14,x15,1001d4	 x14:0x00000009 x15:0x00000000
          21028	     10510	001002a4	03078393	addi	x7,x15,48	 x15:0x00000000  x7=0x00000030
          21030	     10511	001002a8	000205b7	lui	x11,0x20	 x11=0x00020000
          21034	     10513	001002ac	0075a023	sw	x7,0(x11)	 x11:0x00020000  x7:0x00000030 PA:0x00020000 store:0x00000030 load:0x00000000
          21036	     10514	001002b0	00f57513	andi	x10,x10,15	 x10:0x00000007 x10=0x00000007
          21038	     10515	001002b4	00900613	addi	x12,x0,9	  x0:0x00000000 x12=0x00000009
          21042	     10517	001002b8	f2a67ae3	bgeu	x12,x10,1001ec	 x12:0x00000009 x10:0x00000007
          21046	     10519	001001ec	03050893	addi	x17,x10,48	 x10:0x00000007 x17=0x00000037
          21048	     10520	001001f0	00020e37	lui	x28,0x20	 x28=0x00020000
          21052	     10522	001001f4	011e2023	sw	x17,0(x28)	 x28:0x00020000 x17:0x00000037 PA:0x00020000 store:0x00000037 load:0x00000000
          21056	     10524	001001f8	00008067	jalr	x0,0(x1)	  x1:0x001013f8  x0=0x00000000
          21058	     10525	001013f8	a18b0513	addi	x10,x22,-1512	 x22:0x00102000 x10=0x00101a18
          21062	     10527	001013fc	ca5fe0ef	jal	x1,1000a0	  x1=0x00101400
          21066	     10529	001000a0	00054803	lbu	x16,0(x10)	 x10:0x00101a18 x16=0x00000020 PA:0x00101a18 store:0x00000000
          21068	     10530	001000a4	06080663	beq	x16,x0,100110	 x16:0x00000020  x0:0x00000000
          21070	     10531	001000a8	000207b7	lui	x15,0x20	 x15=0x00020000
          21074	     10533	001000ac	0107a023	sw	x16,0(x15)	 x15:0x00020000 x16:0x00000020 PA:0x00020000 store:0x00000020 load:0x00000000
          21078	     10535	001000b0	00154703	lbu	x14,1(x10)	 x10:0x00101a18 x14=0x00000072 PA:0x00101a19 store:0x00101400
          21080	     10536	001000b4	04070e63	beq	x14,x0,100110	 x14:0x00000072  x0:0x00000000
          21084	     10538	001000b8	00e7a023	sw	x14,0(x15)	 x15:0x00020000 x14:0x00000072 PA:0x00020000 store:0x00000072 load:0x00000000
          21088	     10540	001000bc	00254283	lbu	x5,2(x10)	 x10:0x00101a18  x5=0x00000065 PA:0x00101a1a store:0x00137fa0
          21090	     10541	001000c0	04028863	beq	x5,x0,100110	  x5:0x00000065  x0:0x00000000
          21094	     10543	001000c4	0057a023	sw	x5,0(x15)	 x15:0x00020000  x5:0x00000065 PA:0x00020000 store:0x00000065 load:0x00000000
          21098	     10545	001000c8	00354303	lbu	x6,3(x10)	 x10:0x00101a18  x6=0x00000073 PA:0x00101a1b store:0x00000000
          21100	     10546	001000cc	04030263	beq	x6,x0,100110	  x6:0x00000073  x0:0x00000000
          21104	     10548	001000d0	0067a023	sw	x6,0(x15)	 x15:0x00020000  x6:0x00000073 PA:0x00020000 store:0x00000073 load:0x00000000
          21108	     10550	001000d4	00454383	lbu	x7,4(x10)	 x10:0x00101a18  x7=0x00000075 PA:0x00101a1c store:0x00000000
          21110	     10551	001000d8	02038c63	beq	x7,x0,100110	  x7:0x00000075  x0:0x00000000
          21114	     10553	001000dc	0077a023	sw	x7,0(x15)	 x15:0x00020000  x7:0x00000075 PA:0x00020000 store:0x00000075 load:0x00000000
          21118	     10555	001000e0	00554583	lbu	x11,5(x10)	 x10:0x00101a18 x11=0x0000006c PA:0x00101a1d store:0x00000065
          21120	     10556	001000e4	02058663	beq	x11,x0,100110	 x11:0x0000006c  x0:0x00000000
          21124	     10558	001000e8	00b7a023	sw	x11,0(x15)	 x15:0x00020000 x11:0x0000006c PA:0x00020000 store:0x0000006c load:0x00000000
          21128	     10560	001000ec	00654603	lbu	x12,6(x10)	 x10:0x00101a18 x12=0x00000074 PA:0x00101a1e store:0x00000073
          21130	     10561	001000f0	02060063	beq	x12,x0,100110	 x12:0x00000074  x0:0x00000000
          21134	     10563	001000f4	00c7a023	sw	x12,0(x15)	 x15:0x00020000 x12:0x00000074 PA:0x00020000 store:0x00000074 load:0x00000000
          21138	     10565	001000f8	00754683	lbu	x13,7(x10)	 x10:0x00101a18 x13=0x0000003a PA:0x00101a1f store:0x00000075
          21140	     10566	001000fc	00850513	addi	x10,x10,8	 x10:0x00101a18 x10=0x00101a20
          21142	     10567	00100100	00068863	beq	x13,x0,100110	 x13:0x0000003a  x0:0x00000000
          21146	     10569	00100104	00d7a023	sw	x13,0(x15)	 x15:0x00020000 x13:0x0000003a PA:0x00020000 store:0x0000003a load:0x00000000
          21150	     10571	00100108	00054803	lbu	x16,0(x10)	 x10:0x00101a20 x16=0x00000020 PA:0x00101a20 store:0x00000000
          21154	     10573	0010010c	fa0810e3	bne	x16,x0,1000ac	 x16:0x00000020  x0:0x00000000
          21160	     10576	001000ac	0107a023	sw	x16,0(x15)	 x15:0x00020000 x16:0x00000020 PA:0x00020000 store:0x00000020 load:0x00000000
          21164	     10578	001000b0	00154703	lbu	x14,1(x10)	 x10:0x00101a20 x14=0x00000000 PA:0x00101a21 store:0x00101400
          21168	     10580	001000b4	04070e63	beq	x14,x0,100110	 x14:0x00000000  x0:0x00000000
          21172	     10582	00100110	00000513	addi	x10,x0,0	  x0:0x00000000 x10=0x00000000
          21176	     10584	00100114	00008067	jalr	x0,0(x1)	  x1:0x00101400  x0=0x00000000
          21180	     10586	00101400	cf8a2503	lw	x10,-776(x20)	 x20:0x00102000 x10=0x3f831eb8 PA:0x00101cf8 store:0x00000008
          21184	     10588	00101404	d1dfe0ef	jal	x1,100120	  x1=0x00101408
          21186	     10589	00100120	01c55793	srli	x15,x10,0x1c	 x10:0x3f831eb8 x15=0x00000003
          21188	     10590	00100124	00900713	addi	x14,x0,9	  x0:0x00000000 x14=0x00000009
          21192	     10592	00100128	0cf77a63	bgeu	x14,x15,1001fc	 x14:0x00000009 x15:0x00000003
          21196	     10594	001001fc	03078393	addi	x7,x15,48	 x15:0x00000003  x7=0x00000033
          21198	     10595	00100200	000205b7	lui	x11,0x20	 x11=0x00020000
          21200	     10596	00100204	00451613	slli	x12,x10,0x4	 x10:0x3f831eb8 x12=0xf831eb80
          21204	     10598	00100208	0075a023	sw	x7,0(x11)	 x11:0x00020000  x7:0x00000033 PA:0x00020000 store:0x00000033 load:0x00000000
          21206	     10599	0010020c	01c65693	srli	x13,x12,0x1c	 x12:0xf831eb80 x13=0x0000000f
          21208	     10600	00100210	00900813	addi	x16,x0,9	  x0:0x00000000 x16=0x00000009
          21212	     10602	00100214	f2d86ae3	bltu	x16,x13,100148	 x16:0x00000009 x13:0x0000000f
          21216	     10604	00100148	03768893	addi	x17,x13,55	 x13:0x0000000f x17=0x00000046
          21218	     10605	0010014c	00020e37	lui	x28,0x20	 x28=0x00020000
          21220	     10606	00100150	00851f93	slli	x31,x10,0x8	 x10:0x3f831eb8 x31=0x831eb800
          21224	     10608	00100154	011e2023	sw	x17,0(x28)	 x28:0x00020000 x17:0x00000046 PA:0x00020000 store:0x00000046 load:0x00000000
          21226	     10609	00100158	01cfd793	srli	x15,x31,0x1c	 x31:0x831eb800 x15=0x00000008
          21228	     10610	0010015c	00900713	addi	x14,x0,9	  x0:0x00000000 x14=0x00000009
          21232	     10612	00100160	0cf77a63	bgeu	x14,x15,100234	 x14:0x00000009 x15:0x00000008
          21236	     10614	00100234	03078393	addi	x7,x15,48	 x15:0x00000008  x7=0x00000038
          21238	     10615	00100238	000205b7	lui	x11,0x20	 x11=0x00020000
          21240	     10616	0010023c	00c51613	slli	x12,x10,0xc	 x10:0x3f831eb8 x12=0x31eb8000
          21244	     10618	00100240	0075a023	sw	x7,0(x11)	 x11:0x00020000  x7:0x00000038 PA:0x00020000 store:0x00000038 load:0x00000000
          21246	     10619	00100244	01c65693	srli	x13,x12,0x1c	 x12:0x31eb8000 x13=0x00000003
          21248	     10620	00100248	00900813	addi	x16,x0,9	  x0:0x00000000 x16=0x00000009
          21250	     10621	0010024c	f2d86ae3	bltu	x16,x13,100180	 x16:0x00000009 x13:0x00000003
          21252	     10622	00100250	03068e93	addi	x29,x13,48	 x13:0x00000003 x29=0x00000033
          21254	     10623	00100254	00020f37	lui	x30,0x20	 x30=0x00020000
          21256	     10624	00100258	01051f93	slli	x31,x10,0x10	 x10:0x3f831eb8 x31=0x1eb80000
          21260	     10626	0010025c	01df2023	sw	x29,0(x30)	 x30:0x00020000 x29:0x00000033 PA:0x00020000 store:0x00000033 load:0x00000000
          21262	     10627	00100260	01cfd793	srli	x15,x31,0x1c	 x31:0x1eb80000 x15=0x00000001
          21264	     10628	00100264	00900713	addi	x14,x0,9	  x0:0x00000000 x14=0x00000009
          21266	     10629	00100268	f2f76ae3	bltu	x14,x15,10019c	 x14:0x00000009 x15:0x00000001
          21268	     10630	0010026c	03078393	addi	x7,x15,48	 x15:0x00000001  x7=0x00000031
          21270	     10631	00100270	000205b7	lui	x11,0x20	 x11=0x00020000
          21272	     10632	00100274	01451613	slli	x12,x10,0x14	 x10:0x3f831eb8 x12=0xeb800000
          21276	     10634	00100278	0075a023	sw	x7,0(x11)	 x11:0x00020000  x7:0x00000031 PA:0x00020000 store:0x00000031 load:0x00000000
          21278	     10635	0010027c	01c65693	srli	x13,x12,0x1c	 x12:0xeb800000 x13=0x0000000e
          21280	     10636	00100280	00900813	addi	x16,x0,9	  x0:0x00000000 x16=0x00000009
          21284	     10638	00100284	f2d86ae3	bltu	x16,x13,1001b8	 x16:0x00000009 x13:0x0000000e
          21288	     10640	001001b8	03768893	addi	x17,x13,55	 x13:0x0000000e x17=0x00000045
          21290	     10641	001001bc	00020e37	lui	x28,0x20	 x28=0x00020000
          21292	     10642	001001c0	01851f93	slli	x31,x10,0x18	 x10:0x3f831eb8 x31=0xb8000000
          21296	     10644	001001c4	011e2023	sw	x17,0(x28)	 x28:0x00020000 x17:0x00000045 PA:0x00020000 store:0x00000045 load:0x00000000
          21298	     10645	001001c8	01cfd793	srli	x15,x31,0x1c	 x31:0xb8000000 x15=0x0000000b
          21300	     10646	001001cc	00900713	addi	x14,x0,9	  x0:0x00000000 x14=0x00000009
          21302	     10647	001001d0	0cf77a63	bgeu	x14,x15,1002a4	 x14:0x00000009 x15:0x0000000b
          21304	     10648	001001d4	03778293	addi	x5,x15,55	 x15:0x0000000b  x5=0x00000042
          21306	     10649	001001d8	00020337	lui	x6,0x20	  x6=0x00020000
          21310	     10651	001001dc	00532023	sw	x5,0(x6)	  x6:0x00020000  x5:0x00000042 PA:0x00020000 store:0x00000042 load:0x00000000
          21312	     10652	001001e0	00f57513	andi	x10,x10,15	 x10:0x3f831eb8 x10=0x00000008
          21314	     10653	001001e4	00900613	addi	x12,x0,9	  x0:0x00000000 x12=0x00000009
          21316	     10654	001001e8	0ca66a63	bltu	x12,x10,1002bc	 x12:0x00000009 x10:0x00000008
          21318	     10655	001001ec	03050893	addi	x17,x10,48	 x10:0x00000008 x17=0x00000038
          21320	     10656	001001f0	00020e37	lui	x28,0x20	 x28=0x00020000
          21324	     10658	001001f4	011e2023	sw	x17,0(x28)	 x28:0x00020000 x17:0x00000038 PA:0x00020000 store:0x00000038 load:0x00000000
          21328	     10660	001001f8	00008067	jalr	x0,0(x1)	  x1:0x00101408  x0=0x00000000
          21332	     10662	00101408	f1ac18e3	bne	x24,x26,101318	 x24:0x00000008 x26:0x00000014
          21344	     10668	00101318	d089a607	flw	f12,-760(x19)	 f19:0x00102000 f12=0x00000000 PA:0x00101d08 store:0x3f9b3246
          21366	     10679	0010131c	580676d3	fsqrt.s	f13,f12	 f12:0x00000009 f13=0x00000000
          21374	     10683	00101320	d0d9a427	fsw	f13,-760(x19)	 f19:0x00102000 f13:0x0000000e PA:0x00101d08 store:0x3f818cf4 load:0x3f831eb8
          21382	     10687	00101324	d089a387	flw	f7,-760(x19)	 f19:0x00102000  f7=0x00000000 PA:0x00101d08 store:0x3f9b3246
          21388	     10690	00101328	a10a8513	addi	x10,x21,-1520	 x21:0x00102000 x10=0x00101a10
          21390	     10691	0010132c	e00386d3	fmv.x.w	x13,f7	  f7:0x00000031 x13=0x3f818cf4
          21392	     10692	00101330	ceda2c23	sw	x13,-776(x20)	 x20:0x00102000 x13:0x3f818cf4 PA:0x00101cf8 store:0x3f818cf4 load:0x3f818cf4
          21394	     10693	00101334	d6dfe0ef	jal	x1,1000a0	  x1=0x00101338
          21398	     10695	001000a0	00054803	lbu	x16,0(x10)	 x10:0x00101a10 x16=0x0000000a PA:0x00101a10 store:0x00000000
          21400	     10696	001000a4	06080663	beq	x16,x0,100110	 x16:0x0000000a  x0:0x00000000
          21402	     10697	001000a8	000207b7	lui	x15,0x20	 x15=0x00020000
          21406	     10699	001000ac	0107a023	sw	x16,0(x15)	 x15:0x00020000 x16:0x0000000a PA:0x00020000 store:0x0000000a load:0x00000000
          21410	     10701	001000b0	00154703	lbu	x14,1(x10)	 x10:0x00101a10 x14=0x00000020 PA:0x00101a11 store:0x00101338
          21412	     10702	001000b4	04070e63	beq	x14,x0,100110	 x14:0x00000020  x0:0x00000000
          21416	     10704	001000b8	00e7a023	sw	x14,0(x15)	 x15:0x00020000 x14:0x00000020 PA:0x00020000 store:0x00000020 load:0x00000000
          21420	     10706	001000bc	00254283	lbu	x5,2(x10)	 x10:0x00101a10  x5=0x00000069 PA:0x00101a12 store:0x00137fa0
          21422	     10707	001000c0	04028863	beq	x5,x0,100110	  x5:0x00000069  x0:0x00000000
          21426	     10709	001000c4	0057a023	sw	x5,0(x15)	 x15:0x00020000  x5:0x00000069 PA:0x00020000 store:0x00000069 load:0x00000000
          21430	     10711	001000c8	00354303	lbu	x6,3(x10)	 x10:0x00101a10  x6=0x0000003d PA:0x00101a13 store:0x00000000
          21432	     10712	001000cc	04030263	beq	x6,x0,100110	  x6:0x0000003d  x0:0x00000000
          21436	     10714	001000d0	0067a023	sw	x6,0(x15)	 x15:0x00020000  x6:0x0000003d PA:0x00020000 store:0x0000003d load:0x00000000
          21440	     10716	001000d4	00454383	lbu	x7,4(x10)	 x10:0x00101a10  x7=0x00000000 PA:0x00101a14 store:0x00000000
          21444	     10718	001000d8	02038c63	beq	x7,x0,100110	  x7:0x00000000  x0:0x00000000
          21448	     10720	00100110	00000513	addi	x10,x0,0	  x0:0x00000000 x10=0x00000000
          21452	     10722	00100114	00008067	jalr	x0,0(x1)	  x1:0x00101338  x0=0x00000000
          21454	     10723	00101338	000c0513	addi	x10,x24,0	 x24:0x00000008 x10=0x00000008
          21458	     10725	0010133c	de5fe0ef	jal	x1,100120	  x1=0x00101340
          21460	     10726	00100120	01c55793	srli	x15,x10,0x1c	 x10:0x00000008 x15=0x00000000
          21462	     10727	00100124	00900713	addi	x14,x0,9	  x0:0x00000000 x14=0x00000009
          21466	     10729	00100128	0cf77a63	bgeu	x14,x15,1001fc	 x14:0x00000009 x15:0x00000000
          21470	     10731	001001fc	03078393	addi	x7,x15,48	 x15:0x00000000  x7=0x00000030
          21472	     10732	00100200	000205b7	lui	x11,0x20	 x11=0x00020000
          21474	     10733	00100204	00451613	slli	x12,x10,0x4	 x10:0x00000008 x12=0x00000080
          21478	     10735	00100208	0075a023	sw	x7,0(x11)	 x11:0x00020000  x7:0x00000030 PA:0x00020000 store:0x00000030 load:0x00000000
          21480	     10736	0010020c	01c65693	srli	x13,x12,0x1c	 x12:0x00000080 x13=0x00000000
          21482	     10737	00100210	00900813	addi	x16,x0,9	  x0:0x00000000 x16=0x00000009
          21484	     10738	00100214	f2d86ae3	bltu	x16,x13,100148	 x16:0x00000009 x13:0x00000000
          21486	     10739	00100218	03068e93	addi	x29,x13,48	 x13:0x00000000 x29=0x00000030
          21488	     10740	0010021c	00020f37	lui	x30,0x20	 x30=0x00020000
          21490	     10741	00100220	00851f93	slli	x31,x10,0x8	 x10:0x00000008 x31=0x00000800
          21494	     10743	00100224	01df2023	sw	x29,0(x30)	 x30:0x00020000 x29:0x00000030 PA:0x00020000 store:0x00000030 load:0x00000000
          21496	     10744	00100228	01cfd793	srli	x15,x31,0x1c	 x31:0x00000800 x15=0x00000000
          21498	     10745	0010022c	00900713	addi	x14,x0,9	  x0:0x00000000 x14=0x00000009
          21500	     10746	00100230	f2f76ae3	bltu	x14,x15,100164	 x14:0x00000009 x15:0x00000000
          21502	     10747	00100234	03078393	addi	x7,x15,48	 x15:0x00000000  x7=0x00000030
          21504	     10748	00100238	000205b7	lui	x11,0x20	 x11=0x00020000
          21506	     10749	0010023c	00c51613	slli	x12,x10,0xc	 x10:0x00000008 x12=0x00008000
          21510	     10751	00100240	0075a023	sw	x7,0(x11)	 x11:0x00020000  x7:0x00000030 PA:0x00020000 store:0x00000030 load:0x00000000
          21512	     10752	00100244	01c65693	srli	x13,x12,0x1c	 x12:0x00008000 x13=0x00000000
          21514	     10753	00100248	00900813	addi	x16,x0,9	  x0:0x00000000 x16=0x00000009
          21516	     10754	0010024c	f2d86ae3	bltu	x16,x13,100180	 x16:0x00000009 x13:0x00000000
          21518	     10755	00100250	03068e93	addi	x29,x13,48	 x13:0x00000000 x29=0x00000030
          21520	     10756	00100254	00020f37	lui	x30,0x20	 x30=0x00020000
          21522	     10757	00100258	01051f93	slli	x31,x10,0x10	 x10:0x00000008 x31=0x00080000
          21526	     10759	0010025c	01df2023	sw	x29,0(x30)	 x30:0x00020000 x29:0x00000030 PA:0x00020000 store:0x00000030 load:0x00000000
          21528	     10760	00100260	01cfd793	srli	x15,x31,0x1c	 x31:0x00080000 x15=0x00000000
          21530	     10761	00100264	00900713	addi	x14,x0,9	  x0:0x00000000 x14=0x00000009
          21532	     10762	00100268	f2f76ae3	bltu	x14,x15,10019c	 x14:0x00000009 x15:0x00000000
          21534	     10763	0010026c	03078393	addi	x7,x15,48	 x15:0x00000000  x7=0x00000030
          21536	     10764	00100270	000205b7	lui	x11,0x20	 x11=0x00020000
          21538	     10765	00100274	01451613	slli	x12,x10,0x14	 x10:0x00000008 x12=0x00800000
          21542	     10767	00100278	0075a023	sw	x7,0(x11)	 x11:0x00020000  x7:0x00000030 PA:0x00020000 store:0x00000030 load:0x00000000
          21544	     10768	0010027c	01c65693	srli	x13,x12,0x1c	 x12:0x00800000 x13=0x00000000
          21546	     10769	00100280	00900813	addi	x16,x0,9	  x0:0x00000000 x16=0x00000009
          21548	     10770	00100284	f2d86ae3	bltu	x16,x13,1001b8	 x16:0x00000009 x13:0x00000000
          21550	     10771	00100288	03068e93	addi	x29,x13,48	 x13:0x00000000 x29=0x00000030
          21552	     10772	0010028c	00020f37	lui	x30,0x20	 x30=0x00020000
          21554	     10773	00100290	01851f93	slli	x31,x10,0x18	 x10:0x00000008 x31=0x08000000
          21558	     10775	00100294	01df2023	sw	x29,0(x30)	 x30:0x00020000 x29:0x00000030 PA:0x00020000 store:0x00000030 load:0x00000000
          21560	     10776	00100298	01cfd793	srli	x15,x31,0x1c	 x31:0x08000000 x15=0x00000000
          21562	     10777	0010029c	00900713	addi	x14,x0,9	  x0:0x00000000 x14=0x00000009
          21564	     10778	001002a0	f2f76ae3	bltu	x14,x15,1001d4	 x14:0x00000009 x15:0x00000000
          21566	     10779	001002a4	03078393	addi	x7,x15,48	 x15:0x00000000  x7=0x00000030
          21568	     10780	001002a8	000205b7	lui	x11,0x20	 x11=0x00020000
          21572	     10782	001002ac	0075a023	sw	x7,0(x11)	 x11:0x00020000  x7:0x00000030 PA:0x00020000 store:0x00000030 load:0x00000000
          21574	     10783	001002b0	00f57513	andi	x10,x10,15	 x10:0x00000008 x10=0x00000008
          21576	     10784	001002b4	00900613	addi	x12,x0,9	  x0:0x00000000 x12=0x00000009
          21580	     10786	001002b8	f2a67ae3	bgeu	x12,x10,1001ec	 x12:0x00000009 x10:0x00000008
          21584	     10788	001001ec	03050893	addi	x17,x10,48	 x10:0x00000008 x17=0x00000038
          21586	     10789	001001f0	00020e37	lui	x28,0x20	 x28=0x00020000
          21590	     10791	001001f4	011e2023	sw	x17,0(x28)	 x28:0x00020000 x17:0x00000038 PA:0x00020000 store:0x00000038 load:0x00000000
          21594	     10793	001001f8	00008067	jalr	x0,0(x1)	  x1:0x00101340  x0=0x00000000
          21596	     10794	00101340	a18b0513	addi	x10,x22,-1512	 x22:0x00102000 x10=0x00101a18
          21600	     10796	00101344	d5dfe0ef	jal	x1,1000a0	  x1=0x00101348
          21604	     10798	001000a0	00054803	lbu	x16,0(x10)	 x10:0x00101a18 x16=0x00000020 PA:0x00101a18 store:0x00000000
          21606	     10799	001000a4	06080663	beq	x16,x0,100110	 x16:0x00000020  x0:0x00000000
          21608	     10800	001000a8	000207b7	lui	x15,0x20	 x15=0x00020000
          21612	     10802	001000ac	0107a023	sw	x16,0(x15)	 x15:0x00020000 x16:0x00000020 PA:0x00020000 store:0x00000020 load:0x00000000
          21616	     10804	001000b0	00154703	lbu	x14,1(x10)	 x10:0x00101a18 x14=0x00000072 PA:0x00101a19 store:0x00101348
          21618	     10805	001000b4	04070e63	beq	x14,x0,100110	 x14:0x00000072  x0:0x00000000
          21622	     10807	001000b8	00e7a023	sw	x14,0(x15)	 x15:0x00020000 x14:0x00000072 PA:0x00020000 store:0x00000072 load:0x00000000
          21626	     10809	001000bc	00254283	lbu	x5,2(x10)	 x10:0x00101a18  x5=0x00000065 PA:0x00101a1a store:0x00137fa0
          21628	     10810	001000c0	04028863	beq	x5,x0,100110	  x5:0x00000065  x0:0x00000000
          21632	     10812	001000c4	0057a023	sw	x5,0(x15)	 x15:0x00020000  x5:0x00000065 PA:0x00020000 store:0x00000065 load:0x00000000
          21636	     10814	001000c8	00354303	lbu	x6,3(x10)	 x10:0x00101a18  x6=0x00000073 PA:0x00101a1b store:0x00000000
          21638	     10815	001000cc	04030263	beq	x6,x0,100110	  x6:0x00000073  x0:0x00000000
          21642	     10817	001000d0	0067a023	sw	x6,0(x15)	 x15:0x00020000  x6:0x00000073 PA:0x00020000 store:0x00000073 load:0x00000000
          21646	     10819	001000d4	00454383	lbu	x7,4(x10)	 x10:0x00101a18  x7=0x00000075 PA:0x00101a1c store:0x00000000
          21648	     10820	001000d8	02038c63	beq	x7,x0,100110	  x7:0x00000075  x0:0x00000000
          21652	     10822	001000dc	0077a023	sw	x7,0(x15)	 x15:0x00020000  x7:0x00000075 PA:0x00020000 store:0x00000075 load:0x00000000
          21656	     10824	001000e0	00554583	lbu	x11,5(x10)	 x10:0x00101a18 x11=0x0000006c PA:0x00101a1d store:0x00000065
          21658	     10825	001000e4	02058663	beq	x11,x0,100110	 x11:0x0000006c  x0:0x00000000
          21662	     10827	001000e8	00b7a023	sw	x11,0(x15)	 x15:0x00020000 x11:0x0000006c PA:0x00020000 store:0x0000006c load:0x00000000
          21666	     10829	001000ec	00654603	lbu	x12,6(x10)	 x10:0x00101a18 x12=0x00000074 PA:0x00101a1e store:0x00000073
          21668	     10830	001000f0	02060063	beq	x12,x0,100110	 x12:0x00000074  x0:0x00000000
          21672	     10832	001000f4	00c7a023	sw	x12,0(x15)	 x15:0x00020000 x12:0x00000074 PA:0x00020000 store:0x00000074 load:0x00000000
          21676	     10834	001000f8	00754683	lbu	x13,7(x10)	 x10:0x00101a18 x13=0x0000003a PA:0x00101a1f store:0x00000075
          21678	     10835	001000fc	00850513	addi	x10,x10,8	 x10:0x00101a18 x10=0x00101a20
          21680	     10836	00100100	00068863	beq	x13,x0,100110	 x13:0x0000003a  x0:0x00000000
          21684	     10838	00100104	00d7a023	sw	x13,0(x15)	 x15:0x00020000 x13:0x0000003a PA:0x00020000 store:0x0000003a load:0x00000000
          21688	     10840	00100108	00054803	lbu	x16,0(x10)	 x10:0x00101a20 x16=0x00000020 PA:0x00101a20 store:0x00000000
          21692	     10842	0010010c	fa0810e3	bne	x16,x0,1000ac	 x16:0x00000020  x0:0x00000000
          21698	     10845	001000ac	0107a023	sw	x16,0(x15)	 x15:0x00020000 x16:0x00000020 PA:0x00020000 store:0x00000020 load:0x00000000
          21702	     10847	001000b0	00154703	lbu	x14,1(x10)	 x10:0x00101a20 x14=0x00000000 PA:0x00101a21 store:0x00101348
          21706	     10849	001000b4	04070e63	beq	x14,x0,100110	 x14:0x00000000  x0:0x00000000
          21710	     10851	00100110	00000513	addi	x10,x0,0	  x0:0x00000000 x10=0x00000000
          21714	     10853	00100114	00008067	jalr	x0,0(x1)	  x1:0x00101348  x0=0x00000000
          21718	     10855	00101348	cf8a2503	lw	x10,-776(x20)	 x20:0x00102000 x10=0x3f818cf4 PA:0x00101cf8 store:0x00000008
          21720	     10856	0010134c	001c0d93	addi	x27,x24,1	 x24:0x00000008 x27=0x00000009
          21724	     10858	00101350	dd1fe0ef	jal	x1,100120	  x1=0x00101354
          21726	     10859	00100120	01c55793	srli	x15,x10,0x1c	 x10:0x3f818cf4 x15=0x00000003
          21728	     10860	00100124	00900713	addi	x14,x0,9	  x0:0x00000000 x14=0x00000009
          21732	     10862	00100128	0cf77a63	bgeu	x14,x15,1001fc	 x14:0x00000009 x15:0x00000003
          21736	     10864	001001fc	03078393	addi	x7,x15,48	 x15:0x00000003  x7=0x00000033
          21738	     10865	00100200	000205b7	lui	x11,0x20	 x11=0x00020000
          21740	     10866	00100204	00451613	slli	x12,x10,0x4	 x10:0x3f818cf4 x12=0xf818cf40
          21744	     10868	00100208	0075a023	sw	x7,0(x11)	 x11:0x00020000  x7:0x00000033 PA:0x00020000 store:0x00000033 load:0x00000000
          21746	     10869	0010020c	01c65693	srli	x13,x12,0x1c	 x12:0xf818cf40 x13=0x0000000f
          21748	     10870	00100210	00900813	addi	x16,x0,9	  x0:0x00000000 x16=0x00000009
          21752	     10872	00100214	f2d86ae3	bltu	x16,x13,100148	 x16:0x00000009 x13:0x0000000f
          21756	     10874	00100148	03768893	addi	x17,x13,55	 x13:0x0000000f x17=0x00000046
          21758	     10875	0010014c	00020e37	lui	x28,0x20	 x28=0x00020000
          21760	     10876	00100150	00851f93	slli	x31,x10,0x8	 x10:0x3f818cf4 x31=0x818cf400
          21764	     10878	00100154	011e2023	sw	x17,0(x28)	 x28:0x00020000 x17:0x00000046 PA:0x00020000 store:0x00000046 load:0x00000000
          21766	     10879	00100158	01cfd793	srli	x15,x31,0x1c	 x31:0x818cf400 x15=0x00000008
          21768	     10880	0010015c	00900713	addi	x14,x0,9	  x0:0x00000000 x14=0x00000009
          21772	     10882	00100160	0cf77a63	bgeu	x14,x15,100234	 x14:0x00000009 x15:0x00000008
          21776	     10884	00100234	03078393	addi	x7,x15,48	 x15:0x00000008  x7=0x00000038
          21778	     10885	00100238	000205b7	lui	x11,0x20	 x11=0x00020000
          21780	     10886	0010023c	00c51613	slli	x12,x10,0xc	 x10:0x3f818cf4 x12=0x18cf4000
          21784	     10888	00100240	0075a023	sw	x7,0(x11)	 x11:0x00020000  x7:0x00000038 PA:0x00020000 store:0x00000038 load:0x00000000
          21786	     10889	00100244	01c65693	srli	x13,x12,0x1c	 x12:0x18cf4000 x13=0x00000001
          21788	     10890	00100248	00900813	addi	x16,x0,9	  x0:0x00000000 x16=0x00000009
          21790	     10891	0010024c	f2d86ae3	bltu	x16,x13,100180	 x16:0x00000009 x13:0x00000001
          21792	     10892	00100250	03068e93	addi	x29,x13,48	 x13:0x00000001 x29=0x00000031
          21794	     10893	00100254	00020f37	lui	x30,0x20	 x30=0x00020000
          21796	     10894	00100258	01051f93	slli	x31,x10,0x10	 x10:0x3f818cf4 x31=0x8cf40000
          21800	     10896	0010025c	01df2023	sw	x29,0(x30)	 x30:0x00020000 x29:0x00000031 PA:0x00020000 store:0x00000031 load:0x00000000
          21802	     10897	00100260	01cfd793	srli	x15,x31,0x1c	 x31:0x8cf40000 x15=0x00000008
          21804	     10898	00100264	00900713	addi	x14,x0,9	  x0:0x00000000 x14=0x00000009
          21806	     10899	00100268	f2f76ae3	bltu	x14,x15,10019c	 x14:0x00000009 x15:0x00000008
          21808	     10900	0010026c	03078393	addi	x7,x15,48	 x15:0x00000008  x7=0x00000038
          21810	     10901	00100270	000205b7	lui	x11,0x20	 x11=0x00020000
          21812	     10902	00100274	01451613	slli	x12,x10,0x14	 x10:0x3f818cf4 x12=0xcf400000
          21816	     10904	00100278	0075a023	sw	x7,0(x11)	 x11:0x00020000  x7:0x00000038 PA:0x00020000 store:0x00000038 load:0x00000000
          21818	     10905	0010027c	01c65693	srli	x13,x12,0x1c	 x12:0xcf400000 x13=0x0000000c
          21820	     10906	00100280	00900813	addi	x16,x0,9	  x0:0x00000000 x16=0x00000009
          21824	     10908	00100284	f2d86ae3	bltu	x16,x13,1001b8	 x16:0x00000009 x13:0x0000000c
          21828	     10910	001001b8	03768893	addi	x17,x13,55	 x13:0x0000000c x17=0x00000043
          21830	     10911	001001bc	00020e37	lui	x28,0x20	 x28=0x00020000
          21832	     10912	001001c0	01851f93	slli	x31,x10,0x18	 x10:0x3f818cf4 x31=0xf4000000
          21836	     10914	001001c4	011e2023	sw	x17,0(x28)	 x28:0x00020000 x17:0x00000043 PA:0x00020000 store:0x00000043 load:0x00000000
          21838	     10915	001001c8	01cfd793	srli	x15,x31,0x1c	 x31:0xf4000000 x15=0x0000000f
          21840	     10916	001001cc	00900713	addi	x14,x0,9	  x0:0x00000000 x14=0x00000009
          21842	     10917	001001d0	0cf77a63	bgeu	x14,x15,1002a4	 x14:0x00000009 x15:0x0000000f
          21844	     10918	001001d4	03778293	addi	x5,x15,55	 x15:0x0000000f  x5=0x00000046
          21846	     10919	001001d8	00020337	lui	x6,0x20	  x6=0x00020000
          21850	     10921	001001dc	00532023	sw	x5,0(x6)	  x6:0x00020000  x5:0x00000046 PA:0x00020000 store:0x00000046 load:0x00000000
          21852	     10922	001001e0	00f57513	andi	x10,x10,15	 x10:0x3f818cf4 x10=0x00000004
          21854	     10923	001001e4	00900613	addi	x12,x0,9	  x0:0x00000000 x12=0x00000009
          21856	     10924	001001e8	0ca66a63	bltu	x12,x10,1002bc	 x12:0x00000009 x10:0x00000004
          21858	     10925	001001ec	03050893	addi	x17,x10,48	 x10:0x00000004 x17=0x00000034
          21860	     10926	001001f0	00020e37	lui	x28,0x20	 x28=0x00020000
          21864	     10928	001001f4	011e2023	sw	x17,0(x28)	 x28:0x00020000 x17:0x00000034 PA:0x00020000 store:0x00000034 load:0x00000000
          21878	     10935	001001f8	00008067	jalr	x0,0(x1)	  x1:0x00101354  x0=0x00000000
          21880	     10936	00101354	d089a407	flw	f8,-760(x19)	 f19:0x00102000  f8=0x00000000 PA:0x00101d08 store:0x3f9b3246
          21900	     10946	00101358	580474d3	fsqrt.s	f9,f8	  f8:0x00102000  f9=0x00000000
          21908	     10950	0010135c	d099a427	fsw	f9,-760(x19)	 f19:0x00102000  f9:0x00102000 PA:0x00101d08 store:0x3f80c5e1 load:0x3f818cf4
          21916	     10954	00101360	d089a507	flw	f10,-760(x19)	 f19:0x00102000 f10=0x00000000 PA:0x00101d08 store:0x3f818cf4
          21922	     10957	00101364	a10a8513	addi	x10,x21,-1520	 x21:0x00102000 x10=0x00101a10
          21924	     10958	00101368	e0050753	fmv.x.w	x14,f10	 f10:0x00101a10 x14=0x3f80c5e1
          21926	     10959	0010136c	ceea2c23	sw	x14,-776(x20)	 x20:0x00102000 x14:0x3f80c5e1 PA:0x00101cf8 store:0x3f80c5e1 load:0x3f80c5e1
          21928	     10960	00101370	d31fe0ef	jal	x1,1000a0	  x1=0x00101374
          21932	     10962	001000a0	00054803	lbu	x16,0(x10)	 x10:0x00101a10 x16=0x0000000a PA:0x00101a10 store:0x00000000
          21934	     10963	001000a4	06080663	beq	x16,x0,100110	 x16:0x0000000a  x0:0x00000000
          21936	     10964	001000a8	000207b7	lui	x15,0x20	 x15=0x00020000
          21940	     10966	001000ac	0107a023	sw	x16,0(x15)	 x15:0x00020000 x16:0x0000000a PA:0x00020000 store:0x0000000a load:0x00000000
          21944	     10968	001000b0	00154703	lbu	x14,1(x10)	 x10:0x00101a10 x14=0x00000020 PA:0x00101a11 store:0x00101374
          21946	     10969	001000b4	04070e63	beq	x14,x0,100110	 x14:0x00000020  x0:0x00000000
          21950	     10971	001000b8	00e7a023	sw	x14,0(x15)	 x15:0x00020000 x14:0x00000020 PA:0x00020000 store:0x00000020 load:0x00000000
          21954	     10973	001000bc	00254283	lbu	x5,2(x10)	 x10:0x00101a10  x5=0x00000069 PA:0x00101a12 store:0x00137fa0
          21956	     10974	001000c0	04028863	beq	x5,x0,100110	  x5:0x00000069  x0:0x00000000
          21960	     10976	001000c4	0057a023	sw	x5,0(x15)	 x15:0x00020000  x5:0x00000069 PA:0x00020000 store:0x00000069 load:0x00000000
          21964	     10978	001000c8	00354303	lbu	x6,3(x10)	 x10:0x00101a10  x6=0x0000003d PA:0x00101a13 store:0x00000000
          21966	     10979	001000cc	04030263	beq	x6,x0,100110	  x6:0x0000003d  x0:0x00000000
          21970	     10981	001000d0	0067a023	sw	x6,0(x15)	 x15:0x00020000  x6:0x0000003d PA:0x00020000 store:0x0000003d load:0x00000000
          21974	     10983	001000d4	00454383	lbu	x7,4(x10)	 x10:0x00101a10  x7=0x00000000 PA:0x00101a14 store:0x00000000
          21978	     10985	001000d8	02038c63	beq	x7,x0,100110	  x7:0x00000000  x0:0x00000000
          21982	     10987	00100110	00000513	addi	x10,x0,0	  x0:0x00000000 x10=0x00000000
          21986	     10989	00100114	00008067	jalr	x0,0(x1)	  x1:0x00101374  x0=0x00000000
          21988	     10990	00101374	000d8513	addi	x10,x27,0	 x27:0x00000009 x10=0x00000009
          21992	     10992	00101378	da9fe0ef	jal	x1,100120	  x1=0x0010137c
          21994	     10993	00100120	01c55793	srli	x15,x10,0x1c	 x10:0x00000009 x15=0x00000000
          21996	     10994	00100124	00900713	addi	x14,x0,9	  x0:0x00000000 x14=0x00000009
          22000	     10996	00100128	0cf77a63	bgeu	x14,x15,1001fc	 x14:0x00000009 x15:0x00000000
          22004	     10998	001001fc	03078393	addi	x7,x15,48	 x15:0x00000000  x7=0x00000030
          22006	     10999	00100200	000205b7	lui	x11,0x20	 x11=0x00020000
          22008	     11000	00100204	00451613	slli	x12,x10,0x4	 x10:0x00000009 x12=0x00000090
          22012	     11002	00100208	0075a023	sw	x7,0(x11)	 x11:0x00020000  x7:0x00000030 PA:0x00020000 store:0x00000030 load:0x00000000
          22014	     11003	0010020c	01c65693	srli	x13,x12,0x1c	 x12:0x00000090 x13=0x00000000
          22016	     11004	00100210	00900813	addi	x16,x0,9	  x0:0x00000000 x16=0x00000009
          22018	     11005	00100214	f2d86ae3	bltu	x16,x13,100148	 x16:0x00000009 x13:0x00000000
          22020	     11006	00100218	03068e93	addi	x29,x13,48	 x13:0x00000000 x29=0x00000030
          22022	     11007	0010021c	00020f37	lui	x30,0x20	 x30=0x00020000
          22024	     11008	00100220	00851f93	slli	x31,x10,0x8	 x10:0x00000009 x31=0x00000900
          22028	     11010	00100224	01df2023	sw	x29,0(x30)	 x30:0x00020000 x29:0x00000030 PA:0x00020000 store:0x00000030 load:0x00000000
          22030	     11011	00100228	01cfd793	srli	x15,x31,0x1c	 x31:0x00000900 x15=0x00000000
          22032	     11012	0010022c	00900713	addi	x14,x0,9	  x0:0x00000000 x14=0x00000009
          22034	     11013	00100230	f2f76ae3	bltu	x14,x15,100164	 x14:0x00000009 x15:0x00000000
          22036	     11014	00100234	03078393	addi	x7,x15,48	 x15:0x00000000  x7=0x00000030
          22038	     11015	00100238	000205b7	lui	x11,0x20	 x11=0x00020000
          22040	     11016	0010023c	00c51613	slli	x12,x10,0xc	 x10:0x00000009 x12=0x00009000
          22044	     11018	00100240	0075a023	sw	x7,0(x11)	 x11:0x00020000  x7:0x00000030 PA:0x00020000 store:0x00000030 load:0x00000000
          22046	     11019	00100244	01c65693	srli	x13,x12,0x1c	 x12:0x00009000 x13=0x00000000
          22048	     11020	00100248	00900813	addi	x16,x0,9	  x0:0x00000000 x16=0x00000009
          22050	     11021	0010024c	f2d86ae3	bltu	x16,x13,100180	 x16:0x00000009 x13:0x00000000
          22052	     11022	00100250	03068e93	addi	x29,x13,48	 x13:0x00000000 x29=0x00000030
          22054	     11023	00100254	00020f37	lui	x30,0x20	 x30=0x00020000
          22056	     11024	00100258	01051f93	slli	x31,x10,0x10	 x10:0x00000009 x31=0x00090000
          22060	     11026	0010025c	01df2023	sw	x29,0(x30)	 x30:0x00020000 x29:0x00000030 PA:0x00020000 store:0x00000030 load:0x00000000
          22062	     11027	00100260	01cfd793	srli	x15,x31,0x1c	 x31:0x00090000 x15=0x00000000
          22064	     11028	00100264	00900713	addi	x14,x0,9	  x0:0x00000000 x14=0x00000009
          22066	     11029	00100268	f2f76ae3	bltu	x14,x15,10019c	 x14:0x00000009 x15:0x00000000
          22068	     11030	0010026c	03078393	addi	x7,x15,48	 x15:0x00000000  x7=0x00000030
          22070	     11031	00100270	000205b7	lui	x11,0x20	 x11=0x00020000
          22072	     11032	00100274	01451613	slli	x12,x10,0x14	 x10:0x00000009 x12=0x00900000
          22076	     11034	00100278	0075a023	sw	x7,0(x11)	 x11:0x00020000  x7:0x00000030 PA:0x00020000 store:0x00000030 load:0x00000000
          22078	     11035	0010027c	01c65693	srli	x13,x12,0x1c	 x12:0x00900000 x13=0x00000000
          22080	     11036	00100280	00900813	addi	x16,x0,9	  x0:0x00000000 x16=0x00000009
          22082	     11037	00100284	f2d86ae3	bltu	x16,x13,1001b8	 x16:0x00000009 x13:0x00000000
          22084	     11038	00100288	03068e93	addi	x29,x13,48	 x13:0x00000000 x29=0x00000030
          22086	     11039	0010028c	00020f37	lui	x30,0x20	 x30=0x00020000
          22088	     11040	00100290	01851f93	slli	x31,x10,0x18	 x10:0x00000009 x31=0x09000000
          22092	     11042	00100294	01df2023	sw	x29,0(x30)	 x30:0x00020000 x29:0x00000030 PA:0x00020000 store:0x00000030 load:0x00000000
          22094	     11043	00100298	01cfd793	srli	x15,x31,0x1c	 x31:0x09000000 x15=0x00000000
          22096	     11044	0010029c	00900713	addi	x14,x0,9	  x0:0x00000000 x14=0x00000009
          22098	     11045	001002a0	f2f76ae3	bltu	x14,x15,1001d4	 x14:0x00000009 x15:0x00000000
          22100	     11046	001002a4	03078393	addi	x7,x15,48	 x15:0x00000000  x7=0x00000030
          22102	     11047	001002a8	000205b7	lui	x11,0x20	 x11=0x00020000
          22106	     11049	001002ac	0075a023	sw	x7,0(x11)	 x11:0x00020000  x7:0x00000030 PA:0x00020000 store:0x00000030 load:0x00000000
          22108	     11050	001002b0	00f57513	andi	x10,x10,15	 x10:0x00000009 x10=0x00000009
          22110	     11051	001002b4	00900613	addi	x12,x0,9	  x0:0x00000000 x12=0x00000009
          22114	     11053	001002b8	f2a67ae3	bgeu	x12,x10,1001ec	 x12:0x00000009 x10:0x00000009
          22118	     11055	001001ec	03050893	addi	x17,x10,48	 x10:0x00000009 x17=0x00000039
          22120	     11056	001001f0	00020e37	lui	x28,0x20	 x28=0x00020000
          22124	     11058	001001f4	011e2023	sw	x17,0(x28)	 x28:0x00020000 x17:0x00000039 PA:0x00020000 store:0x00000039 load:0x00000000
          22128	     11060	001001f8	00008067	jalr	x0,0(x1)	  x1:0x0010137c  x0=0x00000000
          22130	     11061	0010137c	a18b0513	addi	x10,x22,-1512	 x22:0x00102000 x10=0x00101a18
          22134	     11063	00101380	d21fe0ef	jal	x1,1000a0	  x1=0x00101384
          22138	     11065	001000a0	00054803	lbu	x16,0(x10)	 x10:0x00101a18 x16=0x00000020 PA:0x00101a18 store:0x00000000
          22140	     11066	001000a4	06080663	beq	x16,x0,100110	 x16:0x00000020  x0:0x00000000
          22142	     11067	001000a8	000207b7	lui	x15,0x20	 x15=0x00020000
          22146	     11069	001000ac	0107a023	sw	x16,0(x15)	 x15:0x00020000 x16:0x00000020 PA:0x00020000 store:0x00000020 load:0x00000000
          22150	     11071	001000b0	00154703	lbu	x14,1(x10)	 x10:0x00101a18 x14=0x00000072 PA:0x00101a19 store:0x00101384
          22152	     11072	001000b4	04070e63	beq	x14,x0,100110	 x14:0x00000072  x0:0x00000000
          22156	     11074	001000b8	00e7a023	sw	x14,0(x15)	 x15:0x00020000 x14:0x00000072 PA:0x00020000 store:0x00000072 load:0x00000000
          22160	     11076	001000bc	00254283	lbu	x5,2(x10)	 x10:0x00101a18  x5=0x00000065 PA:0x00101a1a store:0x00137fa0
          22162	     11077	001000c0	04028863	beq	x5,x0,100110	  x5:0x00000065  x0:0x00000000
          22166	     11079	001000c4	0057a023	sw	x5,0(x15)	 x15:0x00020000  x5:0x00000065 PA:0x00020000 store:0x00000065 load:0x00000000
          22170	     11081	001000c8	00354303	lbu	x6,3(x10)	 x10:0x00101a18  x6=0x00000073 PA:0x00101a1b store:0x00000000
          22172	     11082	001000cc	04030263	beq	x6,x0,100110	  x6:0x00000073  x0:0x00000000
          22176	     11084	001000d0	0067a023	sw	x6,0(x15)	 x15:0x00020000  x6:0x00000073 PA:0x00020000 store:0x00000073 load:0x00000000
          22180	     11086	001000d4	00454383	lbu	x7,4(x10)	 x10:0x00101a18  x7=0x00000075 PA:0x00101a1c store:0x00000000
          22182	     11087	001000d8	02038c63	beq	x7,x0,100110	  x7:0x00000075  x0:0x00000000
          22186	     11089	001000dc	0077a023	sw	x7,0(x15)	 x15:0x00020000  x7:0x00000075 PA:0x00020000 store:0x00000075 load:0x00000000
          22190	     11091	001000e0	00554583	lbu	x11,5(x10)	 x10:0x00101a18 x11=0x0000006c PA:0x00101a1d store:0x00000065
          22192	     11092	001000e4	02058663	beq	x11,x0,100110	 x11:0x0000006c  x0:0x00000000
          22196	     11094	001000e8	00b7a023	sw	x11,0(x15)	 x15:0x00020000 x11:0x0000006c PA:0x00020000 store:0x0000006c load:0x00000000
          22200	     11096	001000ec	00654603	lbu	x12,6(x10)	 x10:0x00101a18 x12=0x00000074 PA:0x00101a1e store:0x00000073
          22202	     11097	001000f0	02060063	beq	x12,x0,100110	 x12:0x00000074  x0:0x00000000
          22206	     11099	001000f4	00c7a023	sw	x12,0(x15)	 x15:0x00020000 x12:0x00000074 PA:0x00020000 store:0x00000074 load:0x00000000
          22210	     11101	001000f8	00754683	lbu	x13,7(x10)	 x10:0x00101a18 x13=0x0000003a PA:0x00101a1f store:0x00000075
          22212	     11102	001000fc	00850513	addi	x10,x10,8	 x10:0x00101a18 x10=0x00101a20
          22214	     11103	00100100	00068863	beq	x13,x0,100110	 x13:0x0000003a  x0:0x00000000
          22218	     11105	00100104	00d7a023	sw	x13,0(x15)	 x15:0x00020000 x13:0x0000003a PA:0x00020000 store:0x0000003a load:0x00000000
          22222	     11107	00100108	00054803	lbu	x16,0(x10)	 x10:0x00101a20 x16=0x00000020 PA:0x00101a20 store:0x00000000
          22226	     11109	0010010c	fa0810e3	bne	x16,x0,1000ac	 x16:0x00000020  x0:0x00000000
          22232	     11112	001000ac	0107a023	sw	x16,0(x15)	 x15:0x00020000 x16:0x00000020 PA:0x00020000 store:0x00000020 load:0x00000000
          22236	     11114	001000b0	00154703	lbu	x14,1(x10)	 x10:0x00101a20 x14=0x00000000 PA:0x00101a21 store:0x00101384
          22240	     11116	001000b4	04070e63	beq	x14,x0,100110	 x14:0x00000000  x0:0x00000000
          22244	     11118	00100110	00000513	addi	x10,x0,0	  x0:0x00000000 x10=0x00000000
          22248	     11120	00100114	00008067	jalr	x0,0(x1)	  x1:0x00101384  x0=0x00000000
          22252	     11122	00101384	cf8a2503	lw	x10,-776(x20)	 x20:0x00102000 x10=0x3f80c5e1 PA:0x00101cf8 store:0x00000008
          22254	     11123	00101388	002c0d93	addi	x27,x24,2	 x24:0x00000008 x27=0x0000000a
          22258	     11125	0010138c	d95fe0ef	jal	x1,100120	  x1=0x00101390
          22260	     11126	00100120	01c55793	srli	x15,x10,0x1c	 x10:0x3f80c5e1 x15=0x00000003
          22262	     11127	00100124	00900713	addi	x14,x0,9	  x0:0x00000000 x14=0x00000009
          22266	     11129	00100128	0cf77a63	bgeu	x14,x15,1001fc	 x14:0x00000009 x15:0x00000003
          22270	     11131	001001fc	03078393	addi	x7,x15,48	 x15:0x00000003  x7=0x00000033
          22272	     11132	00100200	000205b7	lui	x11,0x20	 x11=0x00020000
          22274	     11133	00100204	00451613	slli	x12,x10,0x4	 x10:0x3f80c5e1 x12=0xf80c5e10
          22278	     11135	00100208	0075a023	sw	x7,0(x11)	 x11:0x00020000  x7:0x00000033 PA:0x00020000 store:0x00000033 load:0x00000000
          22280	     11136	0010020c	01c65693	srli	x13,x12,0x1c	 x12:0xf80c5e10 x13=0x0000000f
          22282	     11137	00100210	00900813	addi	x16,x0,9	  x0:0x00000000 x16=0x00000009
          22286	     11139	00100214	f2d86ae3	bltu	x16,x13,100148	 x16:0x00000009 x13:0x0000000f
          22290	     11141	00100148	03768893	addi	x17,x13,55	 x13:0x0000000f x17=0x00000046
          22292	     11142	0010014c	00020e37	lui	x28,0x20	 x28=0x00020000
          22294	     11143	00100150	00851f93	slli	x31,x10,0x8	 x10:0x3f80c5e1 x31=0x80c5e100
          22298	     11145	00100154	011e2023	sw	x17,0(x28)	 x28:0x00020000 x17:0x00000046 PA:0x00020000 store:0x00000046 load:0x00000000
          22300	     11146	00100158	01cfd793	srli	x15,x31,0x1c	 x31:0x80c5e100 x15=0x00000008
          22302	     11147	0010015c	00900713	addi	x14,x0,9	  x0:0x00000000 x14=0x00000009
          22306	     11149	00100160	0cf77a63	bgeu	x14,x15,100234	 x14:0x00000009 x15:0x00000008
          22310	     11151	00100234	03078393	addi	x7,x15,48	 x15:0x00000008  x7=0x00000038
          22312	     11152	00100238	000205b7	lui	x11,0x20	 x11=0x00020000
          22314	     11153	0010023c	00c51613	slli	x12,x10,0xc	 x10:0x3f80c5e1 x12=0x0c5e1000
          22318	     11155	00100240	0075a023	sw	x7,0(x11)	 x11:0x00020000  x7:0x00000038 PA:0x00020000 store:0x00000038 load:0x00000000
          22320	     11156	00100244	01c65693	srli	x13,x12,0x1c	 x12:0x0c5e1000 x13=0x00000000
          22322	     11157	00100248	00900813	addi	x16,x0,9	  x0:0x00000000 x16=0x00000009
          22324	     11158	0010024c	f2d86ae3	bltu	x16,x13,100180	 x16:0x00000009 x13:0x00000000
          22326	     11159	00100250	03068e93	addi	x29,x13,48	 x13:0x00000000 x29=0x00000030
          22328	     11160	00100254	00020f37	lui	x30,0x20	 x30=0x00020000
          22330	     11161	00100258	01051f93	slli	x31,x10,0x10	 x10:0x3f80c5e1 x31=0xc5e10000
          22334	     11163	0010025c	01df2023	sw	x29,0(x30)	 x30:0x00020000 x29:0x00000030 PA:0x00020000 store:0x00000030 load:0x00000000
          22336	     11164	00100260	01cfd793	srli	x15,x31,0x1c	 x31:0xc5e10000 x15=0x0000000c
          22338	     11165	00100264	00900713	addi	x14,x0,9	  x0:0x00000000 x14=0x00000009
          22342	     11167	00100268	f2f76ae3	bltu	x14,x15,10019c	 x14:0x00000009 x15:0x0000000c
          22346	     11169	0010019c	03778293	addi	x5,x15,55	 x15:0x0000000c  x5=0x00000043
          22348	     11170	001001a0	00020337	lui	x6,0x20	  x6=0x00020000
          22350	     11171	001001a4	01451613	slli	x12,x10,0x14	 x10:0x3f80c5e1 x12=0x5e100000
          22354	     11173	001001a8	00532023	sw	x5,0(x6)	  x6:0x00020000  x5:0x00000043 PA:0x00020000 store:0x00000043 load:0x00000000
          22356	     11174	001001ac	01c65693	srli	x13,x12,0x1c	 x12:0x5e100000 x13=0x00000005
          22358	     11175	001001b0	00900813	addi	x16,x0,9	  x0:0x00000000 x16=0x00000009
          22362	     11177	001001b4	0cd87a63	bgeu	x16,x13,100288	 x16:0x00000009 x13:0x00000005
          22366	     11179	00100288	03068e93	addi	x29,x13,48	 x13:0x00000005 x29=0x00000035
          22368	     11180	0010028c	00020f37	lui	x30,0x20	 x30=0x00020000
          22370	     11181	00100290	01851f93	slli	x31,x10,0x18	 x10:0x3f80c5e1 x31=0xe1000000
          22374	     11183	00100294	01df2023	sw	x29,0(x30)	 x30:0x00020000 x29:0x00000035 PA:0x00020000 store:0x00000035 load:0x00000000
          22376	     11184	00100298	01cfd793	srli	x15,x31,0x1c	 x31:0xe1000000 x15=0x0000000e
          22378	     11185	0010029c	00900713	addi	x14,x0,9	  x0:0x00000000 x14=0x00000009
          22382	     11187	001002a0	f2f76ae3	bltu	x14,x15,1001d4	 x14:0x00000009 x15:0x0000000e
          22386	     11189	001001d4	03778293	addi	x5,x15,55	 x15:0x0000000e  x5=0x00000045
          22388	     11190	001001d8	00020337	lui	x6,0x20	  x6=0x00020000
          22392	     11192	001001dc	00532023	sw	x5,0(x6)	  x6:0x00020000  x5:0x00000045 PA:0x00020000 store:0x00000045 load:0x00000000
          22394	     11193	001001e0	00f57513	andi	x10,x10,15	 x10:0x3f80c5e1 x10=0x00000001
          22396	     11194	001001e4	00900613	addi	x12,x0,9	  x0:0x00000000 x12=0x00000009
          22398	     11195	001001e8	0ca66a63	bltu	x12,x10,1002bc	 x12:0x00000009 x10:0x00000001
          22400	     11196	001001ec	03050893	addi	x17,x10,48	 x10:0x00000001 x17=0x00000031
          22402	     11197	001001f0	00020e37	lui	x28,0x20	 x28=0x00020000
          22406	     11199	001001f4	011e2023	sw	x17,0(x28)	 x28:0x00020000 x17:0x00000031 PA:0x00020000 store:0x00000031 load:0x00000000
          22420	     11206	001001f8	00008067	jalr	x0,0(x1)	  x1:0x00101390  x0=0x00000000
          22422	     11207	00101390	d089a807	flw	f16,-760(x19)	 f19:0x00102000 f16=0x00000000 PA:0x00101d08 store:0x3f818cf4
          22444	     11218	00101394	a10a8513	addi	x10,x21,-1520	 x21:0x00102000 x10=0x00101a10
          22446	     11219	00101398	580878d3	fsqrt.s	f17,f16	 f16:0x00000009 f17=0x00000000
          22452	     11222	0010139c	d119a427	fsw	f17,-760(x19)	 f19:0x00102000 f17:0x00000031 PA:0x00101d08 store:0x3f8062ca load:0x3f80c5e1
          22460	     11226	001013a0	d089a907	flw	f18,-760(x19)	 f19:0x00102000 f18=0x00000000 PA:0x00101d08 store:0x3f818cf4
          22466	     11229	001013a4	e00907d3	fmv.x.w	x15,f18	 f18:0x00102000 x15=0x3f8062ca
          22468	     11230	001013a8	cefa2c23	sw	x15,-776(x20)	 x20:0x00102000 x15:0x3f8062ca PA:0x00101cf8 store:0x3f8062ca load:0x3f8062ca
          22472	     11232	001013ac	cf5fe0ef	jal	x1,1000a0	  x1=0x001013b0
          22476	     11234	001000a0	00054803	lbu	x16,0(x10)	 x10:0x00101a10 x16=0x0000000a PA:0x00101a10 store:0x00000000
          22478	     11235	001000a4	06080663	beq	x16,x0,100110	 x16:0x0000000a  x0:0x00000000
          22480	     11236	001000a8	000207b7	lui	x15,0x20	 x15=0x00020000
          22484	     11238	001000ac	0107a023	sw	x16,0(x15)	 x15:0x00020000 x16:0x0000000a PA:0x00020000 store:0x0000000a load:0x00000000
          22488	     11240	001000b0	00154703	lbu	x14,1(x10)	 x10:0x00101a10 x14=0x00000020 PA:0x00101a11 store:0x001013b0
          22490	     11241	001000b4	04070e63	beq	x14,x0,100110	 x14:0x00000020  x0:0x00000000
          22494	     11243	001000b8	00e7a023	sw	x14,0(x15)	 x15:0x00020000 x14:0x00000020 PA:0x00020000 store:0x00000020 load:0x00000000
          22498	     11245	001000bc	00254283	lbu	x5,2(x10)	 x10:0x00101a10  x5=0x00000069 PA:0x00101a12 store:0x00137fa0
          22500	     11246	001000c0	04028863	beq	x5,x0,100110	  x5:0x00000069  x0:0x00000000
          22504	     11248	001000c4	0057a023	sw	x5,0(x15)	 x15:0x00020000  x5:0x00000069 PA:0x00020000 store:0x00000069 load:0x00000000
          22508	     11250	001000c8	00354303	lbu	x6,3(x10)	 x10:0x00101a10  x6=0x0000003d PA:0x00101a13 store:0x00000000
          22510	     11251	001000cc	04030263	beq	x6,x0,100110	  x6:0x0000003d  x0:0x00000000
          22514	     11253	001000d0	0067a023	sw	x6,0(x15)	 x15:0x00020000  x6:0x0000003d PA:0x00020000 store:0x0000003d load:0x00000000
          22518	     11255	001000d4	00454383	lbu	x7,4(x10)	 x10:0x00101a10  x7=0x00000000 PA:0x00101a14 store:0x00000000
          22522	     11257	001000d8	02038c63	beq	x7,x0,100110	  x7:0x00000000  x0:0x00000000
          22526	     11259	00100110	00000513	addi	x10,x0,0	  x0:0x00000000 x10=0x00000000
          22530	     11261	00100114	00008067	jalr	x0,0(x1)	  x1:0x001013b0  x0=0x00000000
          22532	     11262	001013b0	000d8513	addi	x10,x27,0	 x27:0x0000000a x10=0x0000000a
          22536	     11264	001013b4	d6dfe0ef	jal	x1,100120	  x1=0x001013b8
          22538	     11265	00100120	01c55793	srli	x15,x10,0x1c	 x10:0x0000000a x15=0x00000000
          22540	     11266	00100124	00900713	addi	x14,x0,9	  x0:0x00000000 x14=0x00000009
          22544	     11268	00100128	0cf77a63	bgeu	x14,x15,1001fc	 x14:0x00000009 x15:0x00000000
          22548	     11270	001001fc	03078393	addi	x7,x15,48	 x15:0x00000000  x7=0x00000030
          22550	     11271	00100200	000205b7	lui	x11,0x20	 x11=0x00020000
          22552	     11272	00100204	00451613	slli	x12,x10,0x4	 x10:0x0000000a x12=0x000000a0
          22556	     11274	00100208	0075a023	sw	x7,0(x11)	 x11:0x00020000  x7:0x00000030 PA:0x00020000 store:0x00000030 load:0x00000000
          22558	     11275	0010020c	01c65693	srli	x13,x12,0x1c	 x12:0x000000a0 x13=0x00000000
          22560	     11276	00100210	00900813	addi	x16,x0,9	  x0:0x00000000 x16=0x00000009
          22562	     11277	00100214	f2d86ae3	bltu	x16,x13,100148	 x16:0x00000009 x13:0x00000000
          22564	     11278	00100218	03068e93	addi	x29,x13,48	 x13:0x00000000 x29=0x00000030
          22566	     11279	0010021c	00020f37	lui	x30,0x20	 x30=0x00020000
          22568	     11280	00100220	00851f93	slli	x31,x10,0x8	 x10:0x0000000a x31=0x00000a00
          22572	     11282	00100224	01df2023	sw	x29,0(x30)	 x30:0x00020000 x29:0x00000030 PA:0x00020000 store:0x00000030 load:0x00000000
          22574	     11283	00100228	01cfd793	srli	x15,x31,0x1c	 x31:0x00000a00 x15=0x00000000
          22576	     11284	0010022c	00900713	addi	x14,x0,9	  x0:0x00000000 x14=0x00000009
          22578	     11285	00100230	f2f76ae3	bltu	x14,x15,100164	 x14:0x00000009 x15:0x00000000
          22580	     11286	00100234	03078393	addi	x7,x15,48	 x15:0x00000000  x7=0x00000030
          22582	     11287	00100238	000205b7	lui	x11,0x20	 x11=0x00020000
          22584	     11288	0010023c	00c51613	slli	x12,x10,0xc	 x10:0x0000000a x12=0x0000a000
          22588	     11290	00100240	0075a023	sw	x7,0(x11)	 x11:0x00020000  x7:0x00000030 PA:0x00020000 store:0x00000030 load:0x00000000
          22590	     11291	00100244	01c65693	srli	x13,x12,0x1c	 x12:0x0000a000 x13=0x00000000
          22592	     11292	00100248	00900813	addi	x16,x0,9	  x0:0x00000000 x16=0x00000009
          22594	     11293	0010024c	f2d86ae3	bltu	x16,x13,100180	 x16:0x00000009 x13:0x00000000
          22596	     11294	00100250	03068e93	addi	x29,x13,48	 x13:0x00000000 x29=0x00000030
          22598	     11295	00100254	00020f37	lui	x30,0x20	 x30=0x00020000
          22600	     11296	00100258	01051f93	slli	x31,x10,0x10	 x10:0x0000000a x31=0x000a0000
          22604	     11298	0010025c	01df2023	sw	x29,0(x30)	 x30:0x00020000 x29:0x00000030 PA:0x00020000 store:0x00000030 load:0x00000000
          22606	     11299	00100260	01cfd793	srli	x15,x31,0x1c	 x31:0x000a0000 x15=0x00000000
          22608	     11300	00100264	00900713	addi	x14,x0,9	  x0:0x00000000 x14=0x00000009
          22610	     11301	00100268	f2f76ae3	bltu	x14,x15,10019c	 x14:0x00000009 x15:0x00000000
          22612	     11302	0010026c	03078393	addi	x7,x15,48	 x15:0x00000000  x7=0x00000030
          22614	     11303	00100270	000205b7	lui	x11,0x20	 x11=0x00020000
          22616	     11304	00100274	01451613	slli	x12,x10,0x14	 x10:0x0000000a x12=0x00a00000
          22620	     11306	00100278	0075a023	sw	x7,0(x11)	 x11:0x00020000  x7:0x00000030 PA:0x00020000 store:0x00000030 load:0x00000000
          22622	     11307	0010027c	01c65693	srli	x13,x12,0x1c	 x12:0x00a00000 x13=0x00000000
          22624	     11308	00100280	00900813	addi	x16,x0,9	  x0:0x00000000 x16=0x00000009
          22626	     11309	00100284	f2d86ae3	bltu	x16,x13,1001b8	 x16:0x00000009 x13:0x00000000
          22628	     11310	00100288	03068e93	addi	x29,x13,48	 x13:0x00000000 x29=0x00000030
          22630	     11311	0010028c	00020f37	lui	x30,0x20	 x30=0x00020000
          22632	     11312	00100290	01851f93	slli	x31,x10,0x18	 x10:0x0000000a x31=0x0a000000
          22636	     11314	00100294	01df2023	sw	x29,0(x30)	 x30:0x00020000 x29:0x00000030 PA:0x00020000 store:0x00000030 load:0x00000000
          22638	     11315	00100298	01cfd793	srli	x15,x31,0x1c	 x31:0x0a000000 x15=0x00000000
          22640	     11316	0010029c	00900713	addi	x14,x0,9	  x0:0x00000000 x14=0x00000009
          22642	     11317	001002a0	f2f76ae3	bltu	x14,x15,1001d4	 x14:0x00000009 x15:0x00000000
          22644	     11318	001002a4	03078393	addi	x7,x15,48	 x15:0x00000000  x7=0x00000030
          22646	     11319	001002a8	000205b7	lui	x11,0x20	 x11=0x00020000
          22650	     11321	001002ac	0075a023	sw	x7,0(x11)	 x11:0x00020000  x7:0x00000030 PA:0x00020000 store:0x00000030 load:0x00000000
          22652	     11322	001002b0	00f57513	andi	x10,x10,15	 x10:0x0000000a x10=0x0000000a
          22654	     11323	001002b4	00900613	addi	x12,x0,9	  x0:0x00000000 x12=0x00000009
          22656	     11324	001002b8	f2a67ae3	bgeu	x12,x10,1001ec	 x12:0x00000009 x10:0x0000000a
          22658	     11325	001002bc	03750693	addi	x13,x10,55	 x10:0x0000000a x13=0x00000041
          22660	     11326	001002c0	00020837	lui	x16,0x20	 x16=0x00020000
          22664	     11328	001002c4	00d82023	sw	x13,0(x16)	 x16:0x00020000 x13:0x00000041 PA:0x00020000 store:0x00000041 load:0x00000000
          22668	     11330	001002c8	00008067	jalr	x0,0(x1)	  x1:0x001013b8  x0=0x00000000
          22670	     11331	001013b8	a18b0513	addi	x10,x22,-1512	 x22:0x00102000 x10=0x00101a18
          22674	     11333	001013bc	ce5fe0ef	jal	x1,1000a0	  x1=0x001013c0
          22678	     11335	001000a0	00054803	lbu	x16,0(x10)	 x10:0x00101a18 x16=0x00000020 PA:0x00101a18 store:0x00000000
          22680	     11336	001000a4	06080663	beq	x16,x0,100110	 x16:0x00000020  x0:0x00000000
          22682	     11337	001000a8	000207b7	lui	x15,0x20	 x15=0x00020000
          22686	     11339	001000ac	0107a023	sw	x16,0(x15)	 x15:0x00020000 x16:0x00000020 PA:0x00020000 store:0x00000020 load:0x00000000
          22690	     11341	001000b0	00154703	lbu	x14,1(x10)	 x10:0x00101a18 x14=0x00000072 PA:0x00101a19 store:0x001013c0
          22692	     11342	001000b4	04070e63	beq	x14,x0,100110	 x14:0x00000072  x0:0x00000000
          22696	     11344	001000b8	00e7a023	sw	x14,0(x15)	 x15:0x00020000 x14:0x00000072 PA:0x00020000 store:0x00000072 load:0x00000000
          22700	     11346	001000bc	00254283	lbu	x5,2(x10)	 x10:0x00101a18  x5=0x00000065 PA:0x00101a1a store:0x00137fa0
          22702	     11347	001000c0	04028863	beq	x5,x0,100110	  x5:0x00000065  x0:0x00000000
          22706	     11349	001000c4	0057a023	sw	x5,0(x15)	 x15:0x00020000  x5:0x00000065 PA:0x00020000 store:0x00000065 load:0x00000000
          22710	     11351	001000c8	00354303	lbu	x6,3(x10)	 x10:0x00101a18  x6=0x00000073 PA:0x00101a1b store:0x00000000
          22712	     11352	001000cc	04030263	beq	x6,x0,100110	  x6:0x00000073  x0:0x00000000
          22716	     11354	001000d0	0067a023	sw	x6,0(x15)	 x15:0x00020000  x6:0x00000073 PA:0x00020000 store:0x00000073 load:0x00000000
          22720	     11356	001000d4	00454383	lbu	x7,4(x10)	 x10:0x00101a18  x7=0x00000075 PA:0x00101a1c store:0x00000000
          22722	     11357	001000d8	02038c63	beq	x7,x0,100110	  x7:0x00000075  x0:0x00000000
          22726	     11359	001000dc	0077a023	sw	x7,0(x15)	 x15:0x00020000  x7:0x00000075 PA:0x00020000 store:0x00000075 load:0x00000000
          22730	     11361	001000e0	00554583	lbu	x11,5(x10)	 x10:0x00101a18 x11=0x0000006c PA:0x00101a1d store:0x00000065
          22732	     11362	001000e4	02058663	beq	x11,x0,100110	 x11:0x0000006c  x0:0x00000000
          22736	     11364	001000e8	00b7a023	sw	x11,0(x15)	 x15:0x00020000 x11:0x0000006c PA:0x00020000 store:0x0000006c load:0x00000000
          22740	     11366	001000ec	00654603	lbu	x12,6(x10)	 x10:0x00101a18 x12=0x00000074 PA:0x00101a1e store:0x00000073
          22742	     11367	001000f0	02060063	beq	x12,x0,100110	 x12:0x00000074  x0:0x00000000
          22746	     11369	001000f4	00c7a023	sw	x12,0(x15)	 x15:0x00020000 x12:0x00000074 PA:0x00020000 store:0x00000074 load:0x00000000
          22750	     11371	001000f8	00754683	lbu	x13,7(x10)	 x10:0x00101a18 x13=0x0000003a PA:0x00101a1f store:0x00000075
          22752	     11372	001000fc	00850513	addi	x10,x10,8	 x10:0x00101a18 x10=0x00101a20
          22754	     11373	00100100	00068863	beq	x13,x0,100110	 x13:0x0000003a  x0:0x00000000
          22758	     11375	00100104	00d7a023	sw	x13,0(x15)	 x15:0x00020000 x13:0x0000003a PA:0x00020000 store:0x0000003a load:0x00000000
          22762	     11377	00100108	00054803	lbu	x16,0(x10)	 x10:0x00101a20 x16=0x00000020 PA:0x00101a20 store:0x00000000
          22766	     11379	0010010c	fa0810e3	bne	x16,x0,1000ac	 x16:0x00000020  x0:0x00000000
          22772	     11382	001000ac	0107a023	sw	x16,0(x15)	 x15:0x00020000 x16:0x00000020 PA:0x00020000 store:0x00000020 load:0x00000000
          22776	     11384	001000b0	00154703	lbu	x14,1(x10)	 x10:0x00101a20 x14=0x00000000 PA:0x00101a21 store:0x001013c0
          22780	     11386	001000b4	04070e63	beq	x14,x0,100110	 x14:0x00000000  x0:0x00000000
          22784	     11388	00100110	00000513	addi	x10,x0,0	  x0:0x00000000 x10=0x00000000
          22788	     11390	00100114	00008067	jalr	x0,0(x1)	  x1:0x001013c0  x0=0x00000000
          22792	     11392	001013c0	cf8a2503	lw	x10,-776(x20)	 x20:0x00102000 x10=0x3f8062ca PA:0x00101cf8 store:0x00000008
          22794	     11393	001013c4	003c0d93	addi	x27,x24,3	 x24:0x00000008 x27=0x0000000b
          22796	     11394	001013c8	004c0c13	addi	x24,x24,4	 x24:0x00000008 x24=0x0000000c
          22800	     11396	001013cc	d55fe0ef	jal	x1,100120	  x1=0x001013d0
          22802	     11397	00100120	01c55793	srli	x15,x10,0x1c	 x10:0x3f8062ca x15=0x00000003
          22804	     11398	00100124	00900713	addi	x14,x0,9	  x0:0x00000000 x14=0x00000009
          22808	     11400	00100128	0cf77a63	bgeu	x14,x15,1001fc	 x14:0x00000009 x15:0x00000003
          22812	     11402	001001fc	03078393	addi	x7,x15,48	 x15:0x00000003  x7=0x00000033
          22814	     11403	00100200	000205b7	lui	x11,0x20	 x11=0x00020000
          22816	     11404	00100204	00451613	slli	x12,x10,0x4	 x10:0x3f8062ca x12=0xf8062ca0
          22820	     11406	00100208	0075a023	sw	x7,0(x11)	 x11:0x00020000  x7:0x00000033 PA:0x00020000 store:0x00000033 load:0x00000000
          22822	     11407	0010020c	01c65693	srli	x13,x12,0x1c	 x12:0xf8062ca0 x13=0x0000000f
          22824	     11408	00100210	00900813	addi	x16,x0,9	  x0:0x00000000 x16=0x00000009
          22828	     11410	00100214	f2d86ae3	bltu	x16,x13,100148	 x16:0x00000009 x13:0x0000000f
          22832	     11412	00100148	03768893	addi	x17,x13,55	 x13:0x0000000f x17=0x00000046
          22834	     11413	0010014c	00020e37	lui	x28,0x20	 x28=0x00020000
          22836	     11414	00100150	00851f93	slli	x31,x10,0x8	 x10:0x3f8062ca x31=0x8062ca00
          22840	     11416	00100154	011e2023	sw	x17,0(x28)	 x28:0x00020000 x17:0x00000046 PA:0x00020000 store:0x00000046 load:0x00000000
          22842	     11417	00100158	01cfd793	srli	x15,x31,0x1c	 x31:0x8062ca00 x15=0x00000008
          22844	     11418	0010015c	00900713	addi	x14,x0,9	  x0:0x00000000 x14=0x00000009
          22848	     11420	00100160	0cf77a63	bgeu	x14,x15,100234	 x14:0x00000009 x15:0x00000008
          22852	     11422	00100234	03078393	addi	x7,x15,48	 x15:0x00000008  x7=0x00000038
          22854	     11423	00100238	000205b7	lui	x11,0x20	 x11=0x00020000
          22856	     11424	0010023c	00c51613	slli	x12,x10,0xc	 x10:0x3f8062ca x12=0x062ca000
          22860	     11426	00100240	0075a023	sw	x7,0(x11)	 x11:0x00020000  x7:0x00000038 PA:0x00020000 store:0x00000038 load:0x00000000
          22862	     11427	00100244	01c65693	srli	x13,x12,0x1c	 x12:0x062ca000 x13=0x00000000
          22864	     11428	00100248	00900813	addi	x16,x0,9	  x0:0x00000000 x16=0x00000009
          22866	     11429	0010024c	f2d86ae3	bltu	x16,x13,100180	 x16:0x00000009 x13:0x00000000
          22868	     11430	00100250	03068e93	addi	x29,x13,48	 x13:0x00000000 x29=0x00000030
          22870	     11431	00100254	00020f37	lui	x30,0x20	 x30=0x00020000
          22872	     11432	00100258	01051f93	slli	x31,x10,0x10	 x10:0x3f8062ca x31=0x62ca0000
          22876	     11434	0010025c	01df2023	sw	x29,0(x30)	 x30:0x00020000 x29:0x00000030 PA:0x00020000 store:0x00000030 load:0x00000000
          22878	     11435	00100260	01cfd793	srli	x15,x31,0x1c	 x31:0x62ca0000 x15=0x00000006
          22880	     11436	00100264	00900713	addi	x14,x0,9	  x0:0x00000000 x14=0x00000009
          22882	     11437	00100268	f2f76ae3	bltu	x14,x15,10019c	 x14:0x00000009 x15:0x00000006
          22884	     11438	0010026c	03078393	addi	x7,x15,48	 x15:0x00000006  x7=0x00000036
          22886	     11439	00100270	000205b7	lui	x11,0x20	 x11=0x00020000
          22888	     11440	00100274	01451613	slli	x12,x10,0x14	 x10:0x3f8062ca x12=0x2ca00000
          22892	     11442	00100278	0075a023	sw	x7,0(x11)	 x11:0x00020000  x7:0x00000036 PA:0x00020000 store:0x00000036 load:0x00000000
          22894	     11443	0010027c	01c65693	srli	x13,x12,0x1c	 x12:0x2ca00000 x13=0x00000002
          22896	     11444	00100280	00900813	addi	x16,x0,9	  x0:0x00000000 x16=0x00000009
          22898	     11445	00100284	f2d86ae3	bltu	x16,x13,1001b8	 x16:0x00000009 x13:0x00000002
          22900	     11446	00100288	03068e93	addi	x29,x13,48	 x13:0x00000002 x29=0x00000032
          22902	     11447	0010028c	00020f37	lui	x30,0x20	 x30=0x00020000
          22904	     11448	00100290	01851f93	slli	x31,x10,0x18	 x10:0x3f8062ca x31=0xca000000
          22908	     11450	00100294	01df2023	sw	x29,0(x30)	 x30:0x00020000 x29:0x00000032 PA:0x00020000 store:0x00000032 load:0x00000000
          22910	     11451	00100298	01cfd793	srli	x15,x31,0x1c	 x31:0xca000000 x15=0x0000000c
          22912	     11452	0010029c	00900713	addi	x14,x0,9	  x0:0x00000000 x14=0x00000009
          22916	     11454	001002a0	f2f76ae3	bltu	x14,x15,1001d4	 x14:0x00000009 x15:0x0000000c
          22920	     11456	001001d4	03778293	addi	x5,x15,55	 x15:0x0000000c  x5=0x00000043
          22922	     11457	001001d8	00020337	lui	x6,0x20	  x6=0x00020000
          22926	     11459	001001dc	00532023	sw	x5,0(x6)	  x6:0x00020000  x5:0x00000043 PA:0x00020000 store:0x00000043 load:0x00000000
          22928	     11460	001001e0	00f57513	andi	x10,x10,15	 x10:0x3f8062ca x10=0x0000000a
          22930	     11461	001001e4	00900613	addi	x12,x0,9	  x0:0x00000000 x12=0x00000009
          22934	     11463	001001e8	0ca66a63	bltu	x12,x10,1002bc	 x12:0x00000009 x10:0x0000000a
          22938	     11465	001002bc	03750693	addi	x13,x10,55	 x10:0x0000000a x13=0x00000041
          22940	     11466	001002c0	00020837	lui	x16,0x20	 x16=0x00020000
          22944	     11468	001002c4	00d82023	sw	x13,0(x16)	 x16:0x00020000 x13:0x00000041 PA:0x00020000 store:0x00000041 load:0x00000000
          22948	     11470	001002c8	00008067	jalr	x0,0(x1)	  x1:0x001013d0  x0=0x00000000
          22960	     11476	001013d0	a10a8513	addi	x10,x21,-1520	 x21:0x00102000 x10=0x00101a10
          22962	     11477	001013d4	d089a987	flw	f19,-760(x19)	 f19:0x00102000 f19=0x00000000 PA:0x00101d08 store:0x3f818cf4
          22982	     11487	001013d8	5809fa53	fsqrt.s	f20,f19	 f19:0x00102000 f20=0x00000000
          22990	     11491	001013dc	d149a427	fsw	f20,-760(x19)	 f19:0x00102000 f20:0x00102000 PA:0x00101d08 store:0x3f80315b load:0x3f8062ca
          22998	     11495	001013e0	d089aa87	flw	f21,-760(x19)	 f19:0x00102000 f21=0x00000000 PA:0x00101d08 store:0x3f818cf4
          23004	     11498	001013e4	e00a82d3	fmv.x.w	x5,f21	 f21:0x00102000  x5=0x3f80315b
          23006	     11499	001013e8	ce5a2c23	sw	x5,-776(x20)	 x20:0x00102000  x5:0x3f80315b PA:0x00101cf8 store:0x3f80315b load:0x3f80315b
          23010	     11501	001013ec	cb5fe0ef	jal	x1,1000a0	  x1=0x001013f0
          23014	     11503	001000a0	00054803	lbu	x16,0(x10)	 x10:0x00101a10 x16=0x0000000a PA:0x00101a10 store:0x00000000
          23016	     11504	001000a4	06080663	beq	x16,x0,100110	 x16:0x0000000a  x0:0x00000000
          23018	     11505	001000a8	000207b7	lui	x15,0x20	 x15=0x00020000
          23022	     11507	001000ac	0107a023	sw	x16,0(x15)	 x15:0x00020000 x16:0x0000000a PA:0x00020000 store:0x0000000a load:0x00000000
          23026	     11509	001000b0	00154703	lbu	x14,1(x10)	 x10:0x00101a10 x14=0x00000020 PA:0x00101a11 store:0x001013f0
          23028	     11510	001000b4	04070e63	beq	x14,x0,100110	 x14:0x00000020  x0:0x00000000
          23032	     11512	001000b8	00e7a023	sw	x14,0(x15)	 x15:0x00020000 x14:0x00000020 PA:0x00020000 store:0x00000020 load:0x00000000
          23036	     11514	001000bc	00254283	lbu	x5,2(x10)	 x10:0x00101a10  x5=0x00000069 PA:0x00101a12 store:0x00137fa0
          23038	     11515	001000c0	04028863	beq	x5,x0,100110	  x5:0x00000069  x0:0x00000000
          23042	     11517	001000c4	0057a023	sw	x5,0(x15)	 x15:0x00020000  x5:0x00000069 PA:0x00020000 store:0x00000069 load:0x00000000
          23046	     11519	001000c8	00354303	lbu	x6,3(x10)	 x10:0x00101a10  x6=0x0000003d PA:0x00101a13 store:0x00000000
          23048	     11520	001000cc	04030263	beq	x6,x0,100110	  x6:0x0000003d  x0:0x00000000
          23052	     11522	001000d0	0067a023	sw	x6,0(x15)	 x15:0x00020000  x6:0x0000003d PA:0x00020000 store:0x0000003d load:0x00000000
          23056	     11524	001000d4	00454383	lbu	x7,4(x10)	 x10:0x00101a10  x7=0x00000000 PA:0x00101a14 store:0x00000000
          23060	     11526	001000d8	02038c63	beq	x7,x0,100110	  x7:0x00000000  x0:0x00000000
          23064	     11528	00100110	00000513	addi	x10,x0,0	  x0:0x00000000 x10=0x00000000
          23068	     11530	00100114	00008067	jalr	x0,0(x1)	  x1:0x001013f0  x0=0x00000000
          23070	     11531	001013f0	000d8513	addi	x10,x27,0	 x27:0x0000000b x10=0x0000000b
          23074	     11533	001013f4	d2dfe0ef	jal	x1,100120	  x1=0x001013f8
          23076	     11534	00100120	01c55793	srli	x15,x10,0x1c	 x10:0x0000000b x15=0x00000000
          23078	     11535	00100124	00900713	addi	x14,x0,9	  x0:0x00000000 x14=0x00000009
          23082	     11537	00100128	0cf77a63	bgeu	x14,x15,1001fc	 x14:0x00000009 x15:0x00000000
          23086	     11539	001001fc	03078393	addi	x7,x15,48	 x15:0x00000000  x7=0x00000030
          23088	     11540	00100200	000205b7	lui	x11,0x20	 x11=0x00020000
          23090	     11541	00100204	00451613	slli	x12,x10,0x4	 x10:0x0000000b x12=0x000000b0
          23094	     11543	00100208	0075a023	sw	x7,0(x11)	 x11:0x00020000  x7:0x00000030 PA:0x00020000 store:0x00000030 load:0x00000000
          23096	     11544	0010020c	01c65693	srli	x13,x12,0x1c	 x12:0x000000b0 x13=0x00000000
          23098	     11545	00100210	00900813	addi	x16,x0,9	  x0:0x00000000 x16=0x00000009
          23100	     11546	00100214	f2d86ae3	bltu	x16,x13,100148	 x16:0x00000009 x13:0x00000000
          23102	     11547	00100218	03068e93	addi	x29,x13,48	 x13:0x00000000 x29=0x00000030
          23104	     11548	0010021c	00020f37	lui	x30,0x20	 x30=0x00020000
          23106	     11549	00100220	00851f93	slli	x31,x10,0x8	 x10:0x0000000b x31=0x00000b00
          23110	     11551	00100224	01df2023	sw	x29,0(x30)	 x30:0x00020000 x29:0x00000030 PA:0x00020000 store:0x00000030 load:0x00000000
          23112	     11552	00100228	01cfd793	srli	x15,x31,0x1c	 x31:0x00000b00 x15=0x00000000
          23114	     11553	0010022c	00900713	addi	x14,x0,9	  x0:0x00000000 x14=0x00000009
          23116	     11554	00100230	f2f76ae3	bltu	x14,x15,100164	 x14:0x00000009 x15:0x00000000
          23118	     11555	00100234	03078393	addi	x7,x15,48	 x15:0x00000000  x7=0x00000030
          23120	     11556	00100238	000205b7	lui	x11,0x20	 x11=0x00020000
          23122	     11557	0010023c	00c51613	slli	x12,x10,0xc	 x10:0x0000000b x12=0x0000b000
          23126	     11559	00100240	0075a023	sw	x7,0(x11)	 x11:0x00020000  x7:0x00000030 PA:0x00020000 store:0x00000030 load:0x00000000
          23128	     11560	00100244	01c65693	srli	x13,x12,0x1c	 x12:0x0000b000 x13=0x00000000
          23130	     11561	00100248	00900813	addi	x16,x0,9	  x0:0x00000000 x16=0x00000009
          23132	     11562	0010024c	f2d86ae3	bltu	x16,x13,100180	 x16:0x00000009 x13:0x00000000
          23134	     11563	00100250	03068e93	addi	x29,x13,48	 x13:0x00000000 x29=0x00000030
          23136	     11564	00100254	00020f37	lui	x30,0x20	 x30=0x00020000
          23138	     11565	00100258	01051f93	slli	x31,x10,0x10	 x10:0x0000000b x31=0x000b0000
          23142	     11567	0010025c	01df2023	sw	x29,0(x30)	 x30:0x00020000 x29:0x00000030 PA:0x00020000 store:0x00000030 load:0x00000000
          23144	     11568	00100260	01cfd793	srli	x15,x31,0x1c	 x31:0x000b0000 x15=0x00000000
          23146	     11569	00100264	00900713	addi	x14,x0,9	  x0:0x00000000 x14=0x00000009
          23148	     11570	00100268	f2f76ae3	bltu	x14,x15,10019c	 x14:0x00000009 x15:0x00000000
          23150	     11571	0010026c	03078393	addi	x7,x15,48	 x15:0x00000000  x7=0x00000030
          23152	     11572	00100270	000205b7	lui	x11,0x20	 x11=0x00020000
          23154	     11573	00100274	01451613	slli	x12,x10,0x14	 x10:0x0000000b x12=0x00b00000
          23158	     11575	00100278	0075a023	sw	x7,0(x11)	 x11:0x00020000  x7:0x00000030 PA:0x00020000 store:0x00000030 load:0x00000000
          23160	     11576	0010027c	01c65693	srli	x13,x12,0x1c	 x12:0x00b00000 x13=0x00000000
          23162	     11577	00100280	00900813	addi	x16,x0,9	  x0:0x00000000 x16=0x00000009
          23164	     11578	00100284	f2d86ae3	bltu	x16,x13,1001b8	 x16:0x00000009 x13:0x00000000
          23166	     11579	00100288	03068e93	addi	x29,x13,48	 x13:0x00000000 x29=0x00000030
          23168	     11580	0010028c	00020f37	lui	x30,0x20	 x30=0x00020000
          23170	     11581	00100290	01851f93	slli	x31,x10,0x18	 x10:0x0000000b x31=0x0b000000
          23174	     11583	00100294	01df2023	sw	x29,0(x30)	 x30:0x00020000 x29:0x00000030 PA:0x00020000 store:0x00000030 load:0x00000000
          23176	     11584	00100298	01cfd793	srli	x15,x31,0x1c	 x31:0x0b000000 x15=0x00000000
          23178	     11585	0010029c	00900713	addi	x14,x0,9	  x0:0x00000000 x14=0x00000009
          23180	     11586	001002a0	f2f76ae3	bltu	x14,x15,1001d4	 x14:0x00000009 x15:0x00000000
          23182	     11587	001002a4	03078393	addi	x7,x15,48	 x15:0x00000000  x7=0x00000030
          23184	     11588	001002a8	000205b7	lui	x11,0x20	 x11=0x00020000
          23188	     11590	001002ac	0075a023	sw	x7,0(x11)	 x11:0x00020000  x7:0x00000030 PA:0x00020000 store:0x00000030 load:0x00000000
          23190	     11591	001002b0	00f57513	andi	x10,x10,15	 x10:0x0000000b x10=0x0000000b
          23192	     11592	001002b4	00900613	addi	x12,x0,9	  x0:0x00000000 x12=0x00000009
          23194	     11593	001002b8	f2a67ae3	bgeu	x12,x10,1001ec	 x12:0x00000009 x10:0x0000000b
          23196	     11594	001002bc	03750693	addi	x13,x10,55	 x10:0x0000000b x13=0x00000042
          23198	     11595	001002c0	00020837	lui	x16,0x20	 x16=0x00020000
          23202	     11597	001002c4	00d82023	sw	x13,0(x16)	 x16:0x00020000 x13:0x00000042 PA:0x00020000 store:0x00000042 load:0x00000000
          23206	     11599	001002c8	00008067	jalr	x0,0(x1)	  x1:0x001013f8  x0=0x00000000
          23208	     11600	001013f8	a18b0513	addi	x10,x22,-1512	 x22:0x00102000 x10=0x00101a18
          23212	     11602	001013fc	ca5fe0ef	jal	x1,1000a0	  x1=0x00101400
          23216	     11604	001000a0	00054803	lbu	x16,0(x10)	 x10:0x00101a18 x16=0x00000020 PA:0x00101a18 store:0x00000000
          23218	     11605	001000a4	06080663	beq	x16,x0,100110	 x16:0x00000020  x0:0x00000000
          23220	     11606	001000a8	000207b7	lui	x15,0x20	 x15=0x00020000
          23224	     11608	001000ac	0107a023	sw	x16,0(x15)	 x15:0x00020000 x16:0x00000020 PA:0x00020000 store:0x00000020 load:0x00000000
          23228	     11610	001000b0	00154703	lbu	x14,1(x10)	 x10:0x00101a18 x14=0x00000072 PA:0x00101a19 store:0x00101400
          23230	     11611	001000b4	04070e63	beq	x14,x0,100110	 x14:0x00000072  x0:0x00000000
          23234	     11613	001000b8	00e7a023	sw	x14,0(x15)	 x15:0x00020000 x14:0x00000072 PA:0x00020000 store:0x00000072 load:0x00000000
          23238	     11615	001000bc	00254283	lbu	x5,2(x10)	 x10:0x00101a18  x5=0x00000065 PA:0x00101a1a store:0x00137fa0
          23240	     11616	001000c0	04028863	beq	x5,x0,100110	  x5:0x00000065  x0:0x00000000
          23244	     11618	001000c4	0057a023	sw	x5,0(x15)	 x15:0x00020000  x5:0x00000065 PA:0x00020000 store:0x00000065 load:0x00000000
          23248	     11620	001000c8	00354303	lbu	x6,3(x10)	 x10:0x00101a18  x6=0x00000073 PA:0x00101a1b store:0x00000000
          23250	     11621	001000cc	04030263	beq	x6,x0,100110	  x6:0x00000073  x0:0x00000000
          23254	     11623	001000d0	0067a023	sw	x6,0(x15)	 x15:0x00020000  x6:0x00000073 PA:0x00020000 store:0x00000073 load:0x00000000
          23258	     11625	001000d4	00454383	lbu	x7,4(x10)	 x10:0x00101a18  x7=0x00000075 PA:0x00101a1c store:0x00000000
          23260	     11626	001000d8	02038c63	beq	x7,x0,100110	  x7:0x00000075  x0:0x00000000
          23264	     11628	001000dc	0077a023	sw	x7,0(x15)	 x15:0x00020000  x7:0x00000075 PA:0x00020000 store:0x00000075 load:0x00000000
          23268	     11630	001000e0	00554583	lbu	x11,5(x10)	 x10:0x00101a18 x11=0x0000006c PA:0x00101a1d store:0x00000065
          23270	     11631	001000e4	02058663	beq	x11,x0,100110	 x11:0x0000006c  x0:0x00000000
          23274	     11633	001000e8	00b7a023	sw	x11,0(x15)	 x15:0x00020000 x11:0x0000006c PA:0x00020000 store:0x0000006c load:0x00000000
          23278	     11635	001000ec	00654603	lbu	x12,6(x10)	 x10:0x00101a18 x12=0x00000074 PA:0x00101a1e store:0x00000073
          23280	     11636	001000f0	02060063	beq	x12,x0,100110	 x12:0x00000074  x0:0x00000000
          23284	     11638	001000f4	00c7a023	sw	x12,0(x15)	 x15:0x00020000 x12:0x00000074 PA:0x00020000 store:0x00000074 load:0x00000000
          23288	     11640	001000f8	00754683	lbu	x13,7(x10)	 x10:0x00101a18 x13=0x0000003a PA:0x00101a1f store:0x00000075
          23290	     11641	001000fc	00850513	addi	x10,x10,8	 x10:0x00101a18 x10=0x00101a20
          23292	     11642	00100100	00068863	beq	x13,x0,100110	 x13:0x0000003a  x0:0x00000000
          23296	     11644	00100104	00d7a023	sw	x13,0(x15)	 x15:0x00020000 x13:0x0000003a PA:0x00020000 store:0x0000003a load:0x00000000
          23300	     11646	00100108	00054803	lbu	x16,0(x10)	 x10:0x00101a20 x16=0x00000020 PA:0x00101a20 store:0x00000000
          23304	     11648	0010010c	fa0810e3	bne	x16,x0,1000ac	 x16:0x00000020  x0:0x00000000
          23310	     11651	001000ac	0107a023	sw	x16,0(x15)	 x15:0x00020000 x16:0x00000020 PA:0x00020000 store:0x00000020 load:0x00000000
          23314	     11653	001000b0	00154703	lbu	x14,1(x10)	 x10:0x00101a20 x14=0x00000000 PA:0x00101a21 store:0x00101400
          23318	     11655	001000b4	04070e63	beq	x14,x0,100110	 x14:0x00000000  x0:0x00000000
          23322	     11657	00100110	00000513	addi	x10,x0,0	  x0:0x00000000 x10=0x00000000
          23326	     11659	00100114	00008067	jalr	x0,0(x1)	  x1:0x00101400  x0=0x00000000
          23330	     11661	00101400	cf8a2503	lw	x10,-776(x20)	 x20:0x00102000 x10=0x3f80315b PA:0x00101cf8 store:0x0000000c
          23334	     11663	00101404	d1dfe0ef	jal	x1,100120	  x1=0x00101408
          23336	     11664	00100120	01c55793	srli	x15,x10,0x1c	 x10:0x3f80315b x15=0x00000003
          23338	     11665	00100124	00900713	addi	x14,x0,9	  x0:0x00000000 x14=0x00000009
          23342	     11667	00100128	0cf77a63	bgeu	x14,x15,1001fc	 x14:0x00000009 x15:0x00000003
          23346	     11669	001001fc	03078393	addi	x7,x15,48	 x15:0x00000003  x7=0x00000033
          23348	     11670	00100200	000205b7	lui	x11,0x20	 x11=0x00020000
          23350	     11671	00100204	00451613	slli	x12,x10,0x4	 x10:0x3f80315b x12=0xf80315b0
          23354	     11673	00100208	0075a023	sw	x7,0(x11)	 x11:0x00020000  x7:0x00000033 PA:0x00020000 store:0x00000033 load:0x00000000
          23356	     11674	0010020c	01c65693	srli	x13,x12,0x1c	 x12:0xf80315b0 x13=0x0000000f
          23358	     11675	00100210	00900813	addi	x16,x0,9	  x0:0x00000000 x16=0x00000009
          23362	     11677	00100214	f2d86ae3	bltu	x16,x13,100148	 x16:0x00000009 x13:0x0000000f
          23366	     11679	00100148	03768893	addi	x17,x13,55	 x13:0x0000000f x17=0x00000046
          23368	     11680	0010014c	00020e37	lui	x28,0x20	 x28=0x00020000
          23370	     11681	00100150	00851f93	slli	x31,x10,0x8	 x10:0x3f80315b x31=0x80315b00
          23374	     11683	00100154	011e2023	sw	x17,0(x28)	 x28:0x00020000 x17:0x00000046 PA:0x00020000 store:0x00000046 load:0x00000000
          23376	     11684	00100158	01cfd793	srli	x15,x31,0x1c	 x31:0x80315b00 x15=0x00000008
          23378	     11685	0010015c	00900713	addi	x14,x0,9	  x0:0x00000000 x14=0x00000009
          23382	     11687	00100160	0cf77a63	bgeu	x14,x15,100234	 x14:0x00000009 x15:0x00000008
          23386	     11689	00100234	03078393	addi	x7,x15,48	 x15:0x00000008  x7=0x00000038
          23388	     11690	00100238	000205b7	lui	x11,0x20	 x11=0x00020000
          23390	     11691	0010023c	00c51613	slli	x12,x10,0xc	 x10:0x3f80315b x12=0x0315b000
          23394	     11693	00100240	0075a023	sw	x7,0(x11)	 x11:0x00020000  x7:0x00000038 PA:0x00020000 store:0x00000038 load:0x00000000
          23396	     11694	00100244	01c65693	srli	x13,x12,0x1c	 x12:0x0315b000 x13=0x00000000
          23398	     11695	00100248	00900813	addi	x16,x0,9	  x0:0x00000000 x16=0x00000009
          23400	     11696	0010024c	f2d86ae3	bltu	x16,x13,100180	 x16:0x00000009 x13:0x00000000
          23402	     11697	00100250	03068e93	addi	x29,x13,48	 x13:0x00000000 x29=0x00000030
          23404	     11698	00100254	00020f37	lui	x30,0x20	 x30=0x00020000
          23406	     11699	00100258	01051f93	slli	x31,x10,0x10	 x10:0x3f80315b x31=0x315b0000
          23410	     11701	0010025c	01df2023	sw	x29,0(x30)	 x30:0x00020000 x29:0x00000030 PA:0x00020000 store:0x00000030 load:0x00000000
          23412	     11702	00100260	01cfd793	srli	x15,x31,0x1c	 x31:0x315b0000 x15=0x00000003
          23414	     11703	00100264	00900713	addi	x14,x0,9	  x0:0x00000000 x14=0x00000009
          23416	     11704	00100268	f2f76ae3	bltu	x14,x15,10019c	 x14:0x00000009 x15:0x00000003
          23418	     11705	0010026c	03078393	addi	x7,x15,48	 x15:0x00000003  x7=0x00000033
          23420	     11706	00100270	000205b7	lui	x11,0x20	 x11=0x00020000
          23422	     11707	00100274	01451613	slli	x12,x10,0x14	 x10:0x3f80315b x12=0x15b00000
          23426	     11709	00100278	0075a023	sw	x7,0(x11)	 x11:0x00020000  x7:0x00000033 PA:0x00020000 store:0x00000033 load:0x00000000
          23428	     11710	0010027c	01c65693	srli	x13,x12,0x1c	 x12:0x15b00000 x13=0x00000001
          23430	     11711	00100280	00900813	addi	x16,x0,9	  x0:0x00000000 x16=0x00000009
          23432	     11712	00100284	f2d86ae3	bltu	x16,x13,1001b8	 x16:0x00000009 x13:0x00000001
          23434	     11713	00100288	03068e93	addi	x29,x13,48	 x13:0x00000001 x29=0x00000031
          23436	     11714	0010028c	00020f37	lui	x30,0x20	 x30=0x00020000
          23438	     11715	00100290	01851f93	slli	x31,x10,0x18	 x10:0x3f80315b x31=0x5b000000
          23442	     11717	00100294	01df2023	sw	x29,0(x30)	 x30:0x00020000 x29:0x00000031 PA:0x00020000 store:0x00000031 load:0x00000000
          23444	     11718	00100298	01cfd793	srli	x15,x31,0x1c	 x31:0x5b000000 x15=0x00000005
          23446	     11719	0010029c	00900713	addi	x14,x0,9	  x0:0x00000000 x14=0x00000009
          23448	     11720	001002a0	f2f76ae3	bltu	x14,x15,1001d4	 x14:0x00000009 x15:0x00000005
          23450	     11721	001002a4	03078393	addi	x7,x15,48	 x15:0x00000005  x7=0x00000035
          23452	     11722	001002a8	000205b7	lui	x11,0x20	 x11=0x00020000
          23456	     11724	001002ac	0075a023	sw	x7,0(x11)	 x11:0x00020000  x7:0x00000035 PA:0x00020000 store:0x00000035 load:0x00000000
          23458	     11725	001002b0	00f57513	andi	x10,x10,15	 x10:0x3f80315b x10=0x0000000b
          23460	     11726	001002b4	00900613	addi	x12,x0,9	  x0:0x00000000 x12=0x00000009
          23462	     11727	001002b8	f2a67ae3	bgeu	x12,x10,1001ec	 x12:0x00000009 x10:0x0000000b
          23464	     11728	001002bc	03750693	addi	x13,x10,55	 x10:0x0000000b x13=0x00000042
          23466	     11729	001002c0	00020837	lui	x16,0x20	 x16=0x00020000
          23470	     11731	001002c4	00d82023	sw	x13,0(x16)	 x16:0x00020000 x13:0x00000042 PA:0x00020000 store:0x00000042 load:0x00000000
          23474	     11733	001002c8	00008067	jalr	x0,0(x1)	  x1:0x00101408  x0=0x00000000
          23478	     11735	00101408	f1ac18e3	bne	x24,x26,101318	 x24:0x0000000c x26:0x00000014
          23490	     11741	00101318	d089a607	flw	f12,-760(x19)	 f19:0x00102000 f12=0x00000000 PA:0x00101d08 store:0x3f818cf4
          23512	     11752	0010131c	580676d3	fsqrt.s	f13,f12	 f12:0x00000009 f13=0x00000000
          23520	     11756	00101320	d0d9a427	fsw	f13,-760(x19)	 f19:0x00102000 f13:0x00000042 PA:0x00101d08 store:0x3f8018ab load:0x3f80315b
          23528	     11760	00101324	d089a387	flw	f7,-760(x19)	 f19:0x00102000  f7=0x00000000 PA:0x00101d08 store:0x3f818cf4
          23534	     11763	00101328	a10a8513	addi	x10,x21,-1520	 x21:0x00102000 x10=0x00101a10
          23536	     11764	0010132c	e00386d3	fmv.x.w	x13,f7	  f7:0x00000035 x13=0x3f8018ab
          23538	     11765	00101330	ceda2c23	sw	x13,-776(x20)	 x20:0x00102000 x13:0x3f8018ab PA:0x00101cf8 store:0x3f8018ab load:0x3f8018ab
          23540	     11766	00101334	d6dfe0ef	jal	x1,1000a0	  x1=0x00101338
          23544	     11768	001000a0	00054803	lbu	x16,0(x10)	 x10:0x00101a10 x16=0x0000000a PA:0x00101a10 store:0x00000000
          23546	     11769	001000a4	06080663	beq	x16,x0,100110	 x16:0x0000000a  x0:0x00000000
          23548	     11770	001000a8	000207b7	lui	x15,0x20	 x15=0x00020000
          23552	     11772	001000ac	0107a023	sw	x16,0(x15)	 x15:0x00020000 x16:0x0000000a PA:0x00020000 store:0x0000000a load:0x00000000
          23556	     11774	001000b0	00154703	lbu	x14,1(x10)	 x10:0x00101a10 x14=0x00000020 PA:0x00101a11 store:0x00101338
          23558	     11775	001000b4	04070e63	beq	x14,x0,100110	 x14:0x00000020  x0:0x00000000
          23562	     11777	001000b8	00e7a023	sw	x14,0(x15)	 x15:0x00020000 x14:0x00000020 PA:0x00020000 store:0x00000020 load:0x00000000
          23566	     11779	001000bc	00254283	lbu	x5,2(x10)	 x10:0x00101a10  x5=0x00000069 PA:0x00101a12 store:0x00137fa0
          23568	     11780	001000c0	04028863	beq	x5,x0,100110	  x5:0x00000069  x0:0x00000000
          23572	     11782	001000c4	0057a023	sw	x5,0(x15)	 x15:0x00020000  x5:0x00000069 PA:0x00020000 store:0x00000069 load:0x00000000
          23576	     11784	001000c8	00354303	lbu	x6,3(x10)	 x10:0x00101a10  x6=0x0000003d PA:0x00101a13 store:0x00000000
          23578	     11785	001000cc	04030263	beq	x6,x0,100110	  x6:0x0000003d  x0:0x00000000
          23582	     11787	001000d0	0067a023	sw	x6,0(x15)	 x15:0x00020000  x6:0x0000003d PA:0x00020000 store:0x0000003d load:0x00000000
          23586	     11789	001000d4	00454383	lbu	x7,4(x10)	 x10:0x00101a10  x7=0x00000000 PA:0x00101a14 store:0x00000000
          23590	     11791	001000d8	02038c63	beq	x7,x0,100110	  x7:0x00000000  x0:0x00000000
          23594	     11793	00100110	00000513	addi	x10,x0,0	  x0:0x00000000 x10=0x00000000
          23598	     11795	00100114	00008067	jalr	x0,0(x1)	  x1:0x00101338  x0=0x00000000
          23600	     11796	00101338	000c0513	addi	x10,x24,0	 x24:0x0000000c x10=0x0000000c
          23604	     11798	0010133c	de5fe0ef	jal	x1,100120	  x1=0x00101340
          23606	     11799	00100120	01c55793	srli	x15,x10,0x1c	 x10:0x0000000c x15=0x00000000
          23608	     11800	00100124	00900713	addi	x14,x0,9	  x0:0x00000000 x14=0x00000009
          23612	     11802	00100128	0cf77a63	bgeu	x14,x15,1001fc	 x14:0x00000009 x15:0x00000000
          23616	     11804	001001fc	03078393	addi	x7,x15,48	 x15:0x00000000  x7=0x00000030
          23618	     11805	00100200	000205b7	lui	x11,0x20	 x11=0x00020000
          23620	     11806	00100204	00451613	slli	x12,x10,0x4	 x10:0x0000000c x12=0x000000c0
          23624	     11808	00100208	0075a023	sw	x7,0(x11)	 x11:0x00020000  x7:0x00000030 PA:0x00020000 store:0x00000030 load:0x00000000
          23626	     11809	0010020c	01c65693	srli	x13,x12,0x1c	 x12:0x000000c0 x13=0x00000000
          23628	     11810	00100210	00900813	addi	x16,x0,9	  x0:0x00000000 x16=0x00000009
          23630	     11811	00100214	f2d86ae3	bltu	x16,x13,100148	 x16:0x00000009 x13:0x00000000
          23632	     11812	00100218	03068e93	addi	x29,x13,48	 x13:0x00000000 x29=0x00000030
          23634	     11813	0010021c	00020f37	lui	x30,0x20	 x30=0x00020000
          23636	     11814	00100220	00851f93	slli	x31,x10,0x8	 x10:0x0000000c x31=0x00000c00
          23640	     11816	00100224	01df2023	sw	x29,0(x30)	 x30:0x00020000 x29:0x00000030 PA:0x00020000 store:0x00000030 load:0x00000000
          23642	     11817	00100228	01cfd793	srli	x15,x31,0x1c	 x31:0x00000c00 x15=0x00000000
          23644	     11818	0010022c	00900713	addi	x14,x0,9	  x0:0x00000000 x14=0x00000009
          23646	     11819	00100230	f2f76ae3	bltu	x14,x15,100164	 x14:0x00000009 x15:0x00000000
          23648	     11820	00100234	03078393	addi	x7,x15,48	 x15:0x00000000  x7=0x00000030
          23650	     11821	00100238	000205b7	lui	x11,0x20	 x11=0x00020000
          23652	     11822	0010023c	00c51613	slli	x12,x10,0xc	 x10:0x0000000c x12=0x0000c000
          23656	     11824	00100240	0075a023	sw	x7,0(x11)	 x11:0x00020000  x7:0x00000030 PA:0x00020000 store:0x00000030 load:0x00000000
          23658	     11825	00100244	01c65693	srli	x13,x12,0x1c	 x12:0x0000c000 x13=0x00000000
          23660	     11826	00100248	00900813	addi	x16,x0,9	  x0:0x00000000 x16=0x00000009
          23662	     11827	0010024c	f2d86ae3	bltu	x16,x13,100180	 x16:0x00000009 x13:0x00000000
          23664	     11828	00100250	03068e93	addi	x29,x13,48	 x13:0x00000000 x29=0x00000030
          23666	     11829	00100254	00020f37	lui	x30,0x20	 x30=0x00020000
          23668	     11830	00100258	01051f93	slli	x31,x10,0x10	 x10:0x0000000c x31=0x000c0000
          23672	     11832	0010025c	01df2023	sw	x29,0(x30)	 x30:0x00020000 x29:0x00000030 PA:0x00020000 store:0x00000030 load:0x00000000
          23674	     11833	00100260	01cfd793	srli	x15,x31,0x1c	 x31:0x000c0000 x15=0x00000000
          23676	     11834	00100264	00900713	addi	x14,x0,9	  x0:0x00000000 x14=0x00000009
          23678	     11835	00100268	f2f76ae3	bltu	x14,x15,10019c	 x14:0x00000009 x15:0x00000000
          23680	     11836	0010026c	03078393	addi	x7,x15,48	 x15:0x00000000  x7=0x00000030
          23682	     11837	00100270	000205b7	lui	x11,0x20	 x11=0x00020000
          23684	     11838	00100274	01451613	slli	x12,x10,0x14	 x10:0x0000000c x12=0x00c00000
          23688	     11840	00100278	0075a023	sw	x7,0(x11)	 x11:0x00020000  x7:0x00000030 PA:0x00020000 store:0x00000030 load:0x00000000
          23690	     11841	0010027c	01c65693	srli	x13,x12,0x1c	 x12:0x00c00000 x13=0x00000000
          23692	     11842	00100280	00900813	addi	x16,x0,9	  x0:0x00000000 x16=0x00000009
          23694	     11843	00100284	f2d86ae3	bltu	x16,x13,1001b8	 x16:0x00000009 x13:0x00000000
          23696	     11844	00100288	03068e93	addi	x29,x13,48	 x13:0x00000000 x29=0x00000030
          23698	     11845	0010028c	00020f37	lui	x30,0x20	 x30=0x00020000
          23700	     11846	00100290	01851f93	slli	x31,x10,0x18	 x10:0x0000000c x31=0x0c000000
          23704	     11848	00100294	01df2023	sw	x29,0(x30)	 x30:0x00020000 x29:0x00000030 PA:0x00020000 store:0x00000030 load:0x00000000
          23706	     11849	00100298	01cfd793	srli	x15,x31,0x1c	 x31:0x0c000000 x15=0x00000000
          23708	     11850	0010029c	00900713	addi	x14,x0,9	  x0:0x00000000 x14=0x00000009
          23710	     11851	001002a0	f2f76ae3	bltu	x14,x15,1001d4	 x14:0x00000009 x15:0x00000000
          23712	     11852	001002a4	03078393	addi	x7,x15,48	 x15:0x00000000  x7=0x00000030
          23714	     11853	001002a8	000205b7	lui	x11,0x20	 x11=0x00020000
          23718	     11855	001002ac	0075a023	sw	x7,0(x11)	 x11:0x00020000  x7:0x00000030 PA:0x00020000 store:0x00000030 load:0x00000000
          23720	     11856	001002b0	00f57513	andi	x10,x10,15	 x10:0x0000000c x10=0x0000000c
          23722	     11857	001002b4	00900613	addi	x12,x0,9	  x0:0x00000000 x12=0x00000009
          23724	     11858	001002b8	f2a67ae3	bgeu	x12,x10,1001ec	 x12:0x00000009 x10:0x0000000c
          23726	     11859	001002bc	03750693	addi	x13,x10,55	 x10:0x0000000c x13=0x00000043
          23728	     11860	001002c0	00020837	lui	x16,0x20	 x16=0x00020000
          23732	     11862	001002c4	00d82023	sw	x13,0(x16)	 x16:0x00020000 x13:0x00000043 PA:0x00020000 store:0x00000043 load:0x00000000
          23736	     11864	001002c8	00008067	jalr	x0,0(x1)	  x1:0x00101340  x0=0x00000000
          23738	     11865	00101340	a18b0513	addi	x10,x22,-1512	 x22:0x00102000 x10=0x00101a18
          23742	     11867	00101344	d5dfe0ef	jal	x1,1000a0	  x1=0x00101348
          23746	     11869	001000a0	00054803	lbu	x16,0(x10)	 x10:0x00101a18 x16=0x00000020 PA:0x00101a18 store:0x00000000
          23748	     11870	001000a4	06080663	beq	x16,x0,100110	 x16:0x00000020  x0:0x00000000
          23750	     11871	001000a8	000207b7	lui	x15,0x20	 x15=0x00020000
          23754	     11873	001000ac	0107a023	sw	x16,0(x15)	 x15:0x00020000 x16:0x00000020 PA:0x00020000 store:0x00000020 load:0x00000000
          23758	     11875	001000b0	00154703	lbu	x14,1(x10)	 x10:0x00101a18 x14=0x00000072 PA:0x00101a19 store:0x00101348
          23760	     11876	001000b4	04070e63	beq	x14,x0,100110	 x14:0x00000072  x0:0x00000000
          23764	     11878	001000b8	00e7a023	sw	x14,0(x15)	 x15:0x00020000 x14:0x00000072 PA:0x00020000 store:0x00000072 load:0x00000000
          23768	     11880	001000bc	00254283	lbu	x5,2(x10)	 x10:0x00101a18  x5=0x00000065 PA:0x00101a1a store:0x00137fa0
          23770	     11881	001000c0	04028863	beq	x5,x0,100110	  x5:0x00000065  x0:0x00000000
          23774	     11883	001000c4	0057a023	sw	x5,0(x15)	 x15:0x00020000  x5:0x00000065 PA:0x00020000 store:0x00000065 load:0x00000000
          23778	     11885	001000c8	00354303	lbu	x6,3(x10)	 x10:0x00101a18  x6=0x00000073 PA:0x00101a1b store:0x00000000
          23780	     11886	001000cc	04030263	beq	x6,x0,100110	  x6:0x00000073  x0:0x00000000
          23784	     11888	001000d0	0067a023	sw	x6,0(x15)	 x15:0x00020000  x6:0x00000073 PA:0x00020000 store:0x00000073 load:0x00000000
          23788	     11890	001000d4	00454383	lbu	x7,4(x10)	 x10:0x00101a18  x7=0x00000075 PA:0x00101a1c store:0x00000000
          23790	     11891	001000d8	02038c63	beq	x7,x0,100110	  x7:0x00000075  x0:0x00000000
          23794	     11893	001000dc	0077a023	sw	x7,0(x15)	 x15:0x00020000  x7:0x00000075 PA:0x00020000 store:0x00000075 load:0x00000000
          23798	     11895	001000e0	00554583	lbu	x11,5(x10)	 x10:0x00101a18 x11=0x0000006c PA:0x00101a1d store:0x00000065
          23800	     11896	001000e4	02058663	beq	x11,x0,100110	 x11:0x0000006c  x0:0x00000000
          23804	     11898	001000e8	00b7a023	sw	x11,0(x15)	 x15:0x00020000 x11:0x0000006c PA:0x00020000 store:0x0000006c load:0x00000000
          23808	     11900	001000ec	00654603	lbu	x12,6(x10)	 x10:0x00101a18 x12=0x00000074 PA:0x00101a1e store:0x00000073
          23810	     11901	001000f0	02060063	beq	x12,x0,100110	 x12:0x00000074  x0:0x00000000
          23814	     11903	001000f4	00c7a023	sw	x12,0(x15)	 x15:0x00020000 x12:0x00000074 PA:0x00020000 store:0x00000074 load:0x00000000
          23818	     11905	001000f8	00754683	lbu	x13,7(x10)	 x10:0x00101a18 x13=0x0000003a PA:0x00101a1f store:0x00000075
          23820	     11906	001000fc	00850513	addi	x10,x10,8	 x10:0x00101a18 x10=0x00101a20
          23822	     11907	00100100	00068863	beq	x13,x0,100110	 x13:0x0000003a  x0:0x00000000
          23826	     11909	00100104	00d7a023	sw	x13,0(x15)	 x15:0x00020000 x13:0x0000003a PA:0x00020000 store:0x0000003a load:0x00000000
          23830	     11911	00100108	00054803	lbu	x16,0(x10)	 x10:0x00101a20 x16=0x00000020 PA:0x00101a20 store:0x00000000
          23834	     11913	0010010c	fa0810e3	bne	x16,x0,1000ac	 x16:0x00000020  x0:0x00000000
          23840	     11916	001000ac	0107a023	sw	x16,0(x15)	 x15:0x00020000 x16:0x00000020 PA:0x00020000 store:0x00000020 load:0x00000000
          23844	     11918	001000b0	00154703	lbu	x14,1(x10)	 x10:0x00101a20 x14=0x00000000 PA:0x00101a21 store:0x00101348
          23848	     11920	001000b4	04070e63	beq	x14,x0,100110	 x14:0x00000000  x0:0x00000000
          23852	     11922	00100110	00000513	addi	x10,x0,0	  x0:0x00000000 x10=0x00000000
          23856	     11924	00100114	00008067	jalr	x0,0(x1)	  x1:0x00101348  x0=0x00000000
          23860	     11926	00101348	cf8a2503	lw	x10,-776(x20)	 x20:0x00102000 x10=0x3f8018ab PA:0x00101cf8 store:0x0000000c
          23862	     11927	0010134c	001c0d93	addi	x27,x24,1	 x24:0x0000000c x27=0x0000000d
          23866	     11929	00101350	dd1fe0ef	jal	x1,100120	  x1=0x00101354
          23868	     11930	00100120	01c55793	srli	x15,x10,0x1c	 x10:0x3f8018ab x15=0x00000003
          23870	     11931	00100124	00900713	addi	x14,x0,9	  x0:0x00000000 x14=0x00000009
          23874	     11933	00100128	0cf77a63	bgeu	x14,x15,1001fc	 x14:0x00000009 x15:0x00000003
          23878	     11935	001001fc	03078393	addi	x7,x15,48	 x15:0x00000003  x7=0x00000033
          23880	     11936	00100200	000205b7	lui	x11,0x20	 x11=0x00020000
          23882	     11937	00100204	00451613	slli	x12,x10,0x4	 x10:0x3f8018ab x12=0xf8018ab0
          23886	     11939	00100208	0075a023	sw	x7,0(x11)	 x11:0x00020000  x7:0x00000033 PA:0x00020000 store:0x00000033 load:0x00000000
          23888	     11940	0010020c	01c65693	srli	x13,x12,0x1c	 x12:0xf8018ab0 x13=0x0000000f
          23890	     11941	00100210	00900813	addi	x16,x0,9	  x0:0x00000000 x16=0x00000009
          23894	     11943	00100214	f2d86ae3	bltu	x16,x13,100148	 x16:0x00000009 x13:0x0000000f
          23898	     11945	00100148	03768893	addi	x17,x13,55	 x13:0x0000000f x17=0x00000046
          23900	     11946	0010014c	00020e37	lui	x28,0x20	 x28=0x00020000
          23902	     11947	00100150	00851f93	slli	x31,x10,0x8	 x10:0x3f8018ab x31=0x8018ab00
          23906	     11949	00100154	011e2023	sw	x17,0(x28)	 x28:0x00020000 x17:0x00000046 PA:0x00020000 store:0x00000046 load:0x00000000
          23908	     11950	00100158	01cfd793	srli	x15,x31,0x1c	 x31:0x8018ab00 x15=0x00000008
          23910	     11951	0010015c	00900713	addi	x14,x0,9	  x0:0x00000000 x14=0x00000009
          23914	     11953	00100160	0cf77a63	bgeu	x14,x15,100234	 x14:0x00000009 x15:0x00000008
          23918	     11955	00100234	03078393	addi	x7,x15,48	 x15:0x00000008  x7=0x00000038
          23920	     11956	00100238	000205b7	lui	x11,0x20	 x11=0x00020000
          23922	     11957	0010023c	00c51613	slli	x12,x10,0xc	 x10:0x3f8018ab x12=0x018ab000
          23926	     11959	00100240	0075a023	sw	x7,0(x11)	 x11:0x00020000  x7:0x00000038 PA:0x00020000 store:0x00000038 load:0x00000000
          23928	     11960	00100244	01c65693	srli	x13,x12,0x1c	 x12:0x018ab000 x13=0x00000000
          23930	     11961	00100248	00900813	addi	x16,x0,9	  x0:0x00000000 x16=0x00000009
          23932	     11962	0010024c	f2d86ae3	bltu	x16,x13,100180	 x16:0x00000009 x13:0x00000000
          23934	     11963	00100250	03068e93	addi	x29,x13,48	 x13:0x00000000 x29=0x00000030
          23936	     11964	00100254	00020f37	lui	x30,0x20	 x30=0x00020000
          23938	     11965	00100258	01051f93	slli	x31,x10,0x10	 x10:0x3f8018ab x31=0x18ab0000
          23942	     11967	0010025c	01df2023	sw	x29,0(x30)	 x30:0x00020000 x29:0x00000030 PA:0x00020000 store:0x00000030 load:0x00000000
          23944	     11968	00100260	01cfd793	srli	x15,x31,0x1c	 x31:0x18ab0000 x15=0x00000001
          23946	     11969	00100264	00900713	addi	x14,x0,9	  x0:0x00000000 x14=0x00000009
          23948	     11970	00100268	f2f76ae3	bltu	x14,x15,10019c	 x14:0x00000009 x15:0x00000001
          23950	     11971	0010026c	03078393	addi	x7,x15,48	 x15:0x00000001  x7=0x00000031
          23952	     11972	00100270	000205b7	lui	x11,0x20	 x11=0x00020000
          23954	     11973	00100274	01451613	slli	x12,x10,0x14	 x10:0x3f8018ab x12=0x8ab00000
          23958	     11975	00100278	0075a023	sw	x7,0(x11)	 x11:0x00020000  x7:0x00000031 PA:0x00020000 store:0x00000031 load:0x00000000
          23960	     11976	0010027c	01c65693	srli	x13,x12,0x1c	 x12:0x8ab00000 x13=0x00000008
          23962	     11977	00100280	00900813	addi	x16,x0,9	  x0:0x00000000 x16=0x00000009
          23964	     11978	00100284	f2d86ae3	bltu	x16,x13,1001b8	 x16:0x00000009 x13:0x00000008
          23966	     11979	00100288	03068e93	addi	x29,x13,48	 x13:0x00000008 x29=0x00000038
          23968	     11980	0010028c	00020f37	lui	x30,0x20	 x30=0x00020000
          23970	     11981	00100290	01851f93	slli	x31,x10,0x18	 x10:0x3f8018ab x31=0xab000000
          23974	     11983	00100294	01df2023	sw	x29,0(x30)	 x30:0x00020000 x29:0x00000038 PA:0x00020000 store:0x00000038 load:0x00000000
          23976	     11984	00100298	01cfd793	srli	x15,x31,0x1c	 x31:0xab000000 x15=0x0000000a
          23978	     11985	0010029c	00900713	addi	x14,x0,9	  x0:0x00000000 x14=0x00000009
          23982	     11987	001002a0	f2f76ae3	bltu	x14,x15,1001d4	 x14:0x00000009 x15:0x0000000a
          23986	     11989	001001d4	03778293	addi	x5,x15,55	 x15:0x0000000a  x5=0x00000041
          23988	     11990	001001d8	00020337	lui	x6,0x20	  x6=0x00020000
          23992	     11992	001001dc	00532023	sw	x5,0(x6)	  x6:0x00020000  x5:0x00000041 PA:0x00020000 store:0x00000041 load:0x00000000
          23994	     11993	001001e0	00f57513	andi	x10,x10,15	 x10:0x3f8018ab x10=0x0000000b
          23996	     11994	001001e4	00900613	addi	x12,x0,9	  x0:0x00000000 x12=0x00000009
          24000	     11996	001001e8	0ca66a63	bltu	x12,x10,1002bc	 x12:0x00000009 x10:0x0000000b
          24004	     11998	001002bc	03750693	addi	x13,x10,55	 x10:0x0000000b x13=0x00000042
          24006	     11999	001002c0	00020837	lui	x16,0x20	 x16=0x00020000
          24010	     12001	001002c4	00d82023	sw	x13,0(x16)	 x16:0x00020000 x13:0x00000042 PA:0x00020000 store:0x00000042 load:0x00000000
          24024	     12008	001002c8	00008067	jalr	x0,0(x1)	  x1:0x00101354  x0=0x00000000
          24026	     12009	00101354	d089a407	flw	f8,-760(x19)	 f19:0x00102000  f8=0x00000000 PA:0x00101d08 store:0x3f818cf4
          24046	     12019	00101358	580474d3	fsqrt.s	f9,f8	  f8:0x00102000  f9=0x00000000
          24054	     12023	0010135c	d099a427	fsw	f9,-760(x19)	 f19:0x00102000  f9:0x00102000 PA:0x00101d08 store:0x3f800c55 load:0x3f8018ab
          24062	     12027	00101360	d089a507	flw	f10,-760(x19)	 f19:0x00102000 f10=0x00000000 PA:0x00101d08 store:0x3f8018ab
          24068	     12030	00101364	a10a8513	addi	x10,x21,-1520	 x21:0x00102000 x10=0x00101a10
          24070	     12031	00101368	e0050753	fmv.x.w	x14,f10	 f10:0x00101a10 x14=0x3f800c55
          24072	     12032	0010136c	ceea2c23	sw	x14,-776(x20)	 x20:0x00102000 x14:0x3f800c55 PA:0x00101cf8 store:0x3f800c55 load:0x3f800c55
          24074	     12033	00101370	d31fe0ef	jal	x1,1000a0	  x1=0x00101374
          24078	     12035	001000a0	00054803	lbu	x16,0(x10)	 x10:0x00101a10 x16=0x0000000a PA:0x00101a10 store:0x00000000
          24080	     12036	001000a4	06080663	beq	x16,x0,100110	 x16:0x0000000a  x0:0x00000000
          24082	     12037	001000a8	000207b7	lui	x15,0x20	 x15=0x00020000
          24086	     12039	001000ac	0107a023	sw	x16,0(x15)	 x15:0x00020000 x16:0x0000000a PA:0x00020000 store:0x0000000a load:0x00000000
          24090	     12041	001000b0	00154703	lbu	x14,1(x10)	 x10:0x00101a10 x14=0x00000020 PA:0x00101a11 store:0x00101374
          24092	     12042	001000b4	04070e63	beq	x14,x0,100110	 x14:0x00000020  x0:0x00000000
          24096	     12044	001000b8	00e7a023	sw	x14,0(x15)	 x15:0x00020000 x14:0x00000020 PA:0x00020000 store:0x00000020 load:0x00000000
          24100	     12046	001000bc	00254283	lbu	x5,2(x10)	 x10:0x00101a10  x5=0x00000069 PA:0x00101a12 store:0x00137fa0
          24102	     12047	001000c0	04028863	beq	x5,x0,100110	  x5:0x00000069  x0:0x00000000
          24106	     12049	001000c4	0057a023	sw	x5,0(x15)	 x15:0x00020000  x5:0x00000069 PA:0x00020000 store:0x00000069 load:0x00000000
          24110	     12051	001000c8	00354303	lbu	x6,3(x10)	 x10:0x00101a10  x6=0x0000003d PA:0x00101a13 store:0x00000000
          24112	     12052	001000cc	04030263	beq	x6,x0,100110	  x6:0x0000003d  x0:0x00000000
          24116	     12054	001000d0	0067a023	sw	x6,0(x15)	 x15:0x00020000  x6:0x0000003d PA:0x00020000 store:0x0000003d load:0x00000000
          24120	     12056	001000d4	00454383	lbu	x7,4(x10)	 x10:0x00101a10  x7=0x00000000 PA:0x00101a14 store:0x00000000
          24124	     12058	001000d8	02038c63	beq	x7,x0,100110	  x7:0x00000000  x0:0x00000000
          24128	     12060	00100110	00000513	addi	x10,x0,0	  x0:0x00000000 x10=0x00000000
          24132	     12062	00100114	00008067	jalr	x0,0(x1)	  x1:0x00101374  x0=0x00000000
          24134	     12063	00101374	000d8513	addi	x10,x27,0	 x27:0x0000000d x10=0x0000000d
          24138	     12065	00101378	da9fe0ef	jal	x1,100120	  x1=0x0010137c
          24140	     12066	00100120	01c55793	srli	x15,x10,0x1c	 x10:0x0000000d x15=0x00000000
          24142	     12067	00100124	00900713	addi	x14,x0,9	  x0:0x00000000 x14=0x00000009
          24146	     12069	00100128	0cf77a63	bgeu	x14,x15,1001fc	 x14:0x00000009 x15:0x00000000
          24150	     12071	001001fc	03078393	addi	x7,x15,48	 x15:0x00000000  x7=0x00000030
          24152	     12072	00100200	000205b7	lui	x11,0x20	 x11=0x00020000
          24154	     12073	00100204	00451613	slli	x12,x10,0x4	 x10:0x0000000d x12=0x000000d0
          24158	     12075	00100208	0075a023	sw	x7,0(x11)	 x11:0x00020000  x7:0x00000030 PA:0x00020000 store:0x00000030 load:0x00000000
          24160	     12076	0010020c	01c65693	srli	x13,x12,0x1c	 x12:0x000000d0 x13=0x00000000
          24162	     12077	00100210	00900813	addi	x16,x0,9	  x0:0x00000000 x16=0x00000009
          24164	     12078	00100214	f2d86ae3	bltu	x16,x13,100148	 x16:0x00000009 x13:0x00000000
          24166	     12079	00100218	03068e93	addi	x29,x13,48	 x13:0x00000000 x29=0x00000030
          24168	     12080	0010021c	00020f37	lui	x30,0x20	 x30=0x00020000
          24170	     12081	00100220	00851f93	slli	x31,x10,0x8	 x10:0x0000000d x31=0x00000d00
          24174	     12083	00100224	01df2023	sw	x29,0(x30)	 x30:0x00020000 x29:0x00000030 PA:0x00020000 store:0x00000030 load:0x00000000
          24176	     12084	00100228	01cfd793	srli	x15,x31,0x1c	 x31:0x00000d00 x15=0x00000000
          24178	     12085	0010022c	00900713	addi	x14,x0,9	  x0:0x00000000 x14=0x00000009
          24180	     12086	00100230	f2f76ae3	bltu	x14,x15,100164	 x14:0x00000009 x15:0x00000000
          24182	     12087	00100234	03078393	addi	x7,x15,48	 x15:0x00000000  x7=0x00000030
          24184	     12088	00100238	000205b7	lui	x11,0x20	 x11=0x00020000
          24186	     12089	0010023c	00c51613	slli	x12,x10,0xc	 x10:0x0000000d x12=0x0000d000
          24190	     12091	00100240	0075a023	sw	x7,0(x11)	 x11:0x00020000  x7:0x00000030 PA:0x00020000 store:0x00000030 load:0x00000000
          24192	     12092	00100244	01c65693	srli	x13,x12,0x1c	 x12:0x0000d000 x13=0x00000000
          24194	     12093	00100248	00900813	addi	x16,x0,9	  x0:0x00000000 x16=0x00000009
          24196	     12094	0010024c	f2d86ae3	bltu	x16,x13,100180	 x16:0x00000009 x13:0x00000000
          24198	     12095	00100250	03068e93	addi	x29,x13,48	 x13:0x00000000 x29=0x00000030
          24200	     12096	00100254	00020f37	lui	x30,0x20	 x30=0x00020000
          24202	     12097	00100258	01051f93	slli	x31,x10,0x10	 x10:0x0000000d x31=0x000d0000
          24206	     12099	0010025c	01df2023	sw	x29,0(x30)	 x30:0x00020000 x29:0x00000030 PA:0x00020000 store:0x00000030 load:0x00000000
          24208	     12100	00100260	01cfd793	srli	x15,x31,0x1c	 x31:0x000d0000 x15=0x00000000
          24210	     12101	00100264	00900713	addi	x14,x0,9	  x0:0x00000000 x14=0x00000009
          24212	     12102	00100268	f2f76ae3	bltu	x14,x15,10019c	 x14:0x00000009 x15:0x00000000
          24214	     12103	0010026c	03078393	addi	x7,x15,48	 x15:0x00000000  x7=0x00000030
          24216	     12104	00100270	000205b7	lui	x11,0x20	 x11=0x00020000
          24218	     12105	00100274	01451613	slli	x12,x10,0x14	 x10:0x0000000d x12=0x00d00000
          24222	     12107	00100278	0075a023	sw	x7,0(x11)	 x11:0x00020000  x7:0x00000030 PA:0x00020000 store:0x00000030 load:0x00000000
          24224	     12108	0010027c	01c65693	srli	x13,x12,0x1c	 x12:0x00d00000 x13=0x00000000
          24226	     12109	00100280	00900813	addi	x16,x0,9	  x0:0x00000000 x16=0x00000009
          24228	     12110	00100284	f2d86ae3	bltu	x16,x13,1001b8	 x16:0x00000009 x13:0x00000000
          24230	     12111	00100288	03068e93	addi	x29,x13,48	 x13:0x00000000 x29=0x00000030
          24232	     12112	0010028c	00020f37	lui	x30,0x20	 x30=0x00020000
          24234	     12113	00100290	01851f93	slli	x31,x10,0x18	 x10:0x0000000d x31=0x0d000000
          24238	     12115	00100294	01df2023	sw	x29,0(x30)	 x30:0x00020000 x29:0x00000030 PA:0x00020000 store:0x00000030 load:0x00000000
          24240	     12116	00100298	01cfd793	srli	x15,x31,0x1c	 x31:0x0d000000 x15=0x00000000
          24242	     12117	0010029c	00900713	addi	x14,x0,9	  x0:0x00000000 x14=0x00000009
          24244	     12118	001002a0	f2f76ae3	bltu	x14,x15,1001d4	 x14:0x00000009 x15:0x00000000
          24246	     12119	001002a4	03078393	addi	x7,x15,48	 x15:0x00000000  x7=0x00000030
          24248	     12120	001002a8	000205b7	lui	x11,0x20	 x11=0x00020000
          24252	     12122	001002ac	0075a023	sw	x7,0(x11)	 x11:0x00020000  x7:0x00000030 PA:0x00020000 store:0x00000030 load:0x00000000
          24254	     12123	001002b0	00f57513	andi	x10,x10,15	 x10:0x0000000d x10=0x0000000d
          24256	     12124	001002b4	00900613	addi	x12,x0,9	  x0:0x00000000 x12=0x00000009
          24258	     12125	001002b8	f2a67ae3	bgeu	x12,x10,1001ec	 x12:0x00000009 x10:0x0000000d
          24260	     12126	001002bc	03750693	addi	x13,x10,55	 x10:0x0000000d x13=0x00000044
          24262	     12127	001002c0	00020837	lui	x16,0x20	 x16=0x00020000
          24266	     12129	001002c4	00d82023	sw	x13,0(x16)	 x16:0x00020000 x13:0x00000044 PA:0x00020000 store:0x00000044 load:0x00000000
          24270	     12131	001002c8	00008067	jalr	x0,0(x1)	  x1:0x0010137c  x0=0x00000000
          24272	     12132	0010137c	a18b0513	addi	x10,x22,-1512	 x22:0x00102000 x10=0x00101a18
          24276	     12134	00101380	d21fe0ef	jal	x1,1000a0	  x1=0x00101384
          24280	     12136	001000a0	00054803	lbu	x16,0(x10)	 x10:0x00101a18 x16=0x00000020 PA:0x00101a18 store:0x00000000
          24282	     12137	001000a4	06080663	beq	x16,x0,100110	 x16:0x00000020  x0:0x00000000
          24284	     12138	001000a8	000207b7	lui	x15,0x20	 x15=0x00020000
          24288	     12140	001000ac	0107a023	sw	x16,0(x15)	 x15:0x00020000 x16:0x00000020 PA:0x00020000 store:0x00000020 load:0x00000000
          24292	     12142	001000b0	00154703	lbu	x14,1(x10)	 x10:0x00101a18 x14=0x00000072 PA:0x00101a19 store:0x00101384
          24294	     12143	001000b4	04070e63	beq	x14,x0,100110	 x14:0x00000072  x0:0x00000000
          24298	     12145	001000b8	00e7a023	sw	x14,0(x15)	 x15:0x00020000 x14:0x00000072 PA:0x00020000 store:0x00000072 load:0x00000000
          24302	     12147	001000bc	00254283	lbu	x5,2(x10)	 x10:0x00101a18  x5=0x00000065 PA:0x00101a1a store:0x00137fa0
          24304	     12148	001000c0	04028863	beq	x5,x0,100110	  x5:0x00000065  x0:0x00000000
          24308	     12150	001000c4	0057a023	sw	x5,0(x15)	 x15:0x00020000  x5:0x00000065 PA:0x00020000 store:0x00000065 load:0x00000000
          24312	     12152	001000c8	00354303	lbu	x6,3(x10)	 x10:0x00101a18  x6=0x00000073 PA:0x00101a1b store:0x00000000
          24314	     12153	001000cc	04030263	beq	x6,x0,100110	  x6:0x00000073  x0:0x00000000
          24318	     12155	001000d0	0067a023	sw	x6,0(x15)	 x15:0x00020000  x6:0x00000073 PA:0x00020000 store:0x00000073 load:0x00000000
          24322	     12157	001000d4	00454383	lbu	x7,4(x10)	 x10:0x00101a18  x7=0x00000075 PA:0x00101a1c store:0x00000000
          24324	     12158	001000d8	02038c63	beq	x7,x0,100110	  x7:0x00000075  x0:0x00000000
          24328	     12160	001000dc	0077a023	sw	x7,0(x15)	 x15:0x00020000  x7:0x00000075 PA:0x00020000 store:0x00000075 load:0x00000000
          24332	     12162	001000e0	00554583	lbu	x11,5(x10)	 x10:0x00101a18 x11=0x0000006c PA:0x00101a1d store:0x00000065
          24334	     12163	001000e4	02058663	beq	x11,x0,100110	 x11:0x0000006c  x0:0x00000000
          24338	     12165	001000e8	00b7a023	sw	x11,0(x15)	 x15:0x00020000 x11:0x0000006c PA:0x00020000 store:0x0000006c load:0x00000000
          24342	     12167	001000ec	00654603	lbu	x12,6(x10)	 x10:0x00101a18 x12=0x00000074 PA:0x00101a1e store:0x00000073
          24344	     12168	001000f0	02060063	beq	x12,x0,100110	 x12:0x00000074  x0:0x00000000
          24348	     12170	001000f4	00c7a023	sw	x12,0(x15)	 x15:0x00020000 x12:0x00000074 PA:0x00020000 store:0x00000074 load:0x00000000
          24352	     12172	001000f8	00754683	lbu	x13,7(x10)	 x10:0x00101a18 x13=0x0000003a PA:0x00101a1f store:0x00000075
          24354	     12173	001000fc	00850513	addi	x10,x10,8	 x10:0x00101a18 x10=0x00101a20
          24356	     12174	00100100	00068863	beq	x13,x0,100110	 x13:0x0000003a  x0:0x00000000
          24360	     12176	00100104	00d7a023	sw	x13,0(x15)	 x15:0x00020000 x13:0x0000003a PA:0x00020000 store:0x0000003a load:0x00000000
          24364	     12178	00100108	00054803	lbu	x16,0(x10)	 x10:0x00101a20 x16=0x00000020 PA:0x00101a20 store:0x00000000
          24368	     12180	0010010c	fa0810e3	bne	x16,x0,1000ac	 x16:0x00000020  x0:0x00000000
          24374	     12183	001000ac	0107a023	sw	x16,0(x15)	 x15:0x00020000 x16:0x00000020 PA:0x00020000 store:0x00000020 load:0x00000000
          24378	     12185	001000b0	00154703	lbu	x14,1(x10)	 x10:0x00101a20 x14=0x00000000 PA:0x00101a21 store:0x00101384
          24382	     12187	001000b4	04070e63	beq	x14,x0,100110	 x14:0x00000000  x0:0x00000000
          24386	     12189	00100110	00000513	addi	x10,x0,0	  x0:0x00000000 x10=0x00000000
          24390	     12191	00100114	00008067	jalr	x0,0(x1)	  x1:0x00101384  x0=0x00000000
          24394	     12193	00101384	cf8a2503	lw	x10,-776(x20)	 x20:0x00102000 x10=0x3f800c55 PA:0x00101cf8 store:0x0000000c
          24396	     12194	00101388	002c0d93	addi	x27,x24,2	 x24:0x0000000c x27=0x0000000e
          24400	     12196	0010138c	d95fe0ef	jal	x1,100120	  x1=0x00101390
          24402	     12197	00100120	01c55793	srli	x15,x10,0x1c	 x10:0x3f800c55 x15=0x00000003
          24404	     12198	00100124	00900713	addi	x14,x0,9	  x0:0x00000000 x14=0x00000009
          24408	     12200	00100128	0cf77a63	bgeu	x14,x15,1001fc	 x14:0x00000009 x15:0x00000003
          24412	     12202	001001fc	03078393	addi	x7,x15,48	 x15:0x00000003  x7=0x00000033
          24414	     12203	00100200	000205b7	lui	x11,0x20	 x11=0x00020000
          24416	     12204	00100204	00451613	slli	x12,x10,0x4	 x10:0x3f800c55 x12=0xf800c550
          24420	     12206	00100208	0075a023	sw	x7,0(x11)	 x11:0x00020000  x7:0x00000033 PA:0x00020000 store:0x00000033 load:0x00000000
          24422	     12207	0010020c	01c65693	srli	x13,x12,0x1c	 x12:0xf800c550 x13=0x0000000f
          24424	     12208	00100210	00900813	addi	x16,x0,9	  x0:0x00000000 x16=0x00000009
          24428	     12210	00100214	f2d86ae3	bltu	x16,x13,100148	 x16:0x00000009 x13:0x0000000f
          24432	     12212	00100148	03768893	addi	x17,x13,55	 x13:0x0000000f x17=0x00000046
          24434	     12213	0010014c	00020e37	lui	x28,0x20	 x28=0x00020000
          24436	     12214	00100150	00851f93	slli	x31,x10,0x8	 x10:0x3f800c55 x31=0x800c5500
          24440	     12216	00100154	011e2023	sw	x17,0(x28)	 x28:0x00020000 x17:0x00000046 PA:0x00020000 store:0x00000046 load:0x00000000
          24442	     12217	00100158	01cfd793	srli	x15,x31,0x1c	 x31:0x800c5500 x15=0x00000008
          24444	     12218	0010015c	00900713	addi	x14,x0,9	  x0:0x00000000 x14=0x00000009
          24448	     12220	00100160	0cf77a63	bgeu	x14,x15,100234	 x14:0x00000009 x15:0x00000008
          24452	     12222	00100234	03078393	addi	x7,x15,48	 x15:0x00000008  x7=0x00000038
          24454	     12223	00100238	000205b7	lui	x11,0x20	 x11=0x00020000
          24456	     12224	0010023c	00c51613	slli	x12,x10,0xc	 x10:0x3f800c55 x12=0x00c55000
          24460	     12226	00100240	0075a023	sw	x7,0(x11)	 x11:0x00020000  x7:0x00000038 PA:0x00020000 store:0x00000038 load:0x00000000
          24462	     12227	00100244	01c65693	srli	x13,x12,0x1c	 x12:0x00c55000 x13=0x00000000
          24464	     12228	00100248	00900813	addi	x16,x0,9	  x0:0x00000000 x16=0x00000009
          24466	     12229	0010024c	f2d86ae3	bltu	x16,x13,100180	 x16:0x00000009 x13:0x00000000
          24468	     12230	00100250	03068e93	addi	x29,x13,48	 x13:0x00000000 x29=0x00000030
          24470	     12231	00100254	00020f37	lui	x30,0x20	 x30=0x00020000
          24472	     12232	00100258	01051f93	slli	x31,x10,0x10	 x10:0x3f800c55 x31=0x0c550000
          24476	     12234	0010025c	01df2023	sw	x29,0(x30)	 x30:0x00020000 x29:0x00000030 PA:0x00020000 store:0x00000030 load:0x00000000
          24478	     12235	00100260	01cfd793	srli	x15,x31,0x1c	 x31:0x0c550000 x15=0x00000000
          24480	     12236	00100264	00900713	addi	x14,x0,9	  x0:0x00000000 x14=0x00000009
          24482	     12237	00100268	f2f76ae3	bltu	x14,x15,10019c	 x14:0x00000009 x15:0x00000000
          24484	     12238	0010026c	03078393	addi	x7,x15,48	 x15:0x00000000  x7=0x00000030
          24486	     12239	00100270	000205b7	lui	x11,0x20	 x11=0x00020000
          24488	     12240	00100274	01451613	slli	x12,x10,0x14	 x10:0x3f800c55 x12=0xc5500000
          24492	     12242	00100278	0075a023	sw	x7,0(x11)	 x11:0x00020000  x7:0x00000030 PA:0x00020000 store:0x00000030 load:0x00000000
          24494	     12243	0010027c	01c65693	srli	x13,x12,0x1c	 x12:0xc5500000 x13=0x0000000c
          24496	     12244	00100280	00900813	addi	x16,x0,9	  x0:0x00000000 x16=0x00000009
          24500	     12246	00100284	f2d86ae3	bltu	x16,x13,1001b8	 x16:0x00000009 x13:0x0000000c
          24504	     12248	001001b8	03768893	addi	x17,x13,55	 x13:0x0000000c x17=0x00000043
          24506	     12249	001001bc	00020e37	lui	x28,0x20	 x28=0x00020000
          24508	     12250	001001c0	01851f93	slli	x31,x10,0x18	 x10:0x3f800c55 x31=0x55000000
          24512	     12252	001001c4	011e2023	sw	x17,0(x28)	 x28:0x00020000 x17:0x00000043 PA:0x00020000 store:0x00000043 load:0x00000000
          24514	     12253	001001c8	01cfd793	srli	x15,x31,0x1c	 x31:0x55000000 x15=0x00000005
          24516	     12254	001001cc	00900713	addi	x14,x0,9	  x0:0x00000000 x14=0x00000009
          24520	     12256	001001d0	0cf77a63	bgeu	x14,x15,1002a4	 x14:0x00000009 x15:0x00000005
          24524	     12258	001002a4	03078393	addi	x7,x15,48	 x15:0x00000005  x7=0x00000035
          24526	     12259	001002a8	000205b7	lui	x11,0x20	 x11=0x00020000
          24530	     12261	001002ac	0075a023	sw	x7,0(x11)	 x11:0x00020000  x7:0x00000035 PA:0x00020000 store:0x00000035 load:0x00000000
          24532	     12262	001002b0	00f57513	andi	x10,x10,15	 x10:0x3f800c55 x10=0x00000005
          24534	     12263	001002b4	00900613	addi	x12,x0,9	  x0:0x00000000 x12=0x00000009
          24538	     12265	001002b8	f2a67ae3	bgeu	x12,x10,1001ec	 x12:0x00000009 x10:0x00000005
          24542	     12267	001001ec	03050893	addi	x17,x10,48	 x10:0x00000005 x17=0x00000035
          24544	     12268	001001f0	00020e37	lui	x28,0x20	 x28=0x00020000
          24548	     12270	001001f4	011e2023	sw	x17,0(x28)	 x28:0x00020000 x17:0x00000035 PA:0x00020000 store:0x00000035 load:0x00000000
          24562	     12277	001001f8	00008067	jalr	x0,0(x1)	  x1:0x00101390  x0=0x00000000
          24564	     12278	00101390	d089a807	flw	f16,-760(x19)	 f19:0x00102000 f16=0x00000000 PA:0x00101d08 store:0x3f8018ab
          24586	     12289	00101394	a10a8513	addi	x10,x21,-1520	 x21:0x00102000 x10=0x00101a10
          24588	     12290	00101398	580878d3	fsqrt.s	f17,f16	 f16:0x00000009 f17=0x00000000
          24594	     12293	0010139c	d119a427	fsw	f17,-760(x19)	 f19:0x00102000 f17:0x00000035 PA:0x00101d08 store:0x3f80062a load:0x3f800c55
          24602	     12297	001013a0	d089a907	flw	f18,-760(x19)	 f19:0x00102000 f18=0x00000000 PA:0x00101d08 store:0x3f8018ab
          24608	     12300	001013a4	e00907d3	fmv.x.w	x15,f18	 f18:0x00102000 x15=0x3f80062a
          24610	     12301	001013a8	cefa2c23	sw	x15,-776(x20)	 x20:0x00102000 x15:0x3f80062a PA:0x00101cf8 store:0x3f80062a load:0x3f80062a
          24614	     12303	001013ac	cf5fe0ef	jal	x1,1000a0	  x1=0x001013b0
          24618	     12305	001000a0	00054803	lbu	x16,0(x10)	 x10:0x00101a10 x16=0x0000000a PA:0x00101a10 store:0x00000000
          24620	     12306	001000a4	06080663	beq	x16,x0,100110	 x16:0x0000000a  x0:0x00000000
          24622	     12307	001000a8	000207b7	lui	x15,0x20	 x15=0x00020000
          24626	     12309	001000ac	0107a023	sw	x16,0(x15)	 x15:0x00020000 x16:0x0000000a PA:0x00020000 store:0x0000000a load:0x00000000
          24630	     12311	001000b0	00154703	lbu	x14,1(x10)	 x10:0x00101a10 x14=0x00000020 PA:0x00101a11 store:0x001013b0
          24632	     12312	001000b4	04070e63	beq	x14,x0,100110	 x14:0x00000020  x0:0x00000000
          24636	     12314	001000b8	00e7a023	sw	x14,0(x15)	 x15:0x00020000 x14:0x00000020 PA:0x00020000 store:0x00000020 load:0x00000000
          24640	     12316	001000bc	00254283	lbu	x5,2(x10)	 x10:0x00101a10  x5=0x00000069 PA:0x00101a12 store:0x00137fa0
          24642	     12317	001000c0	04028863	beq	x5,x0,100110	  x5:0x00000069  x0:0x00000000
          24646	     12319	001000c4	0057a023	sw	x5,0(x15)	 x15:0x00020000  x5:0x00000069 PA:0x00020000 store:0x00000069 load:0x00000000
          24650	     12321	001000c8	00354303	lbu	x6,3(x10)	 x10:0x00101a10  x6=0x0000003d PA:0x00101a13 store:0x00000000
          24652	     12322	001000cc	04030263	beq	x6,x0,100110	  x6:0x0000003d  x0:0x00000000
          24656	     12324	001000d0	0067a023	sw	x6,0(x15)	 x15:0x00020000  x6:0x0000003d PA:0x00020000 store:0x0000003d load:0x00000000
          24660	     12326	001000d4	00454383	lbu	x7,4(x10)	 x10:0x00101a10  x7=0x00000000 PA:0x00101a14 store:0x00000000
          24664	     12328	001000d8	02038c63	beq	x7,x0,100110	  x7:0x00000000  x0:0x00000000
          24668	     12330	00100110	00000513	addi	x10,x0,0	  x0:0x00000000 x10=0x00000000
          24672	     12332	00100114	00008067	jalr	x0,0(x1)	  x1:0x001013b0  x0=0x00000000
          24674	     12333	001013b0	000d8513	addi	x10,x27,0	 x27:0x0000000e x10=0x0000000e
          24678	     12335	001013b4	d6dfe0ef	jal	x1,100120	  x1=0x001013b8
          24680	     12336	00100120	01c55793	srli	x15,x10,0x1c	 x10:0x0000000e x15=0x00000000
          24682	     12337	00100124	00900713	addi	x14,x0,9	  x0:0x00000000 x14=0x00000009
          24686	     12339	00100128	0cf77a63	bgeu	x14,x15,1001fc	 x14:0x00000009 x15:0x00000000
          24690	     12341	001001fc	03078393	addi	x7,x15,48	 x15:0x00000000  x7=0x00000030
          24692	     12342	00100200	000205b7	lui	x11,0x20	 x11=0x00020000
          24694	     12343	00100204	00451613	slli	x12,x10,0x4	 x10:0x0000000e x12=0x000000e0
          24698	     12345	00100208	0075a023	sw	x7,0(x11)	 x11:0x00020000  x7:0x00000030 PA:0x00020000 store:0x00000030 load:0x00000000
          24700	     12346	0010020c	01c65693	srli	x13,x12,0x1c	 x12:0x000000e0 x13=0x00000000
          24702	     12347	00100210	00900813	addi	x16,x0,9	  x0:0x00000000 x16=0x00000009
          24704	     12348	00100214	f2d86ae3	bltu	x16,x13,100148	 x16:0x00000009 x13:0x00000000
          24706	     12349	00100218	03068e93	addi	x29,x13,48	 x13:0x00000000 x29=0x00000030
          24708	     12350	0010021c	00020f37	lui	x30,0x20	 x30=0x00020000
          24710	     12351	00100220	00851f93	slli	x31,x10,0x8	 x10:0x0000000e x31=0x00000e00
          24714	     12353	00100224	01df2023	sw	x29,0(x30)	 x30:0x00020000 x29:0x00000030 PA:0x00020000 store:0x00000030 load:0x00000000
          24716	     12354	00100228	01cfd793	srli	x15,x31,0x1c	 x31:0x00000e00 x15=0x00000000
          24718	     12355	0010022c	00900713	addi	x14,x0,9	  x0:0x00000000 x14=0x00000009
          24720	     12356	00100230	f2f76ae3	bltu	x14,x15,100164	 x14:0x00000009 x15:0x00000000
          24722	     12357	00100234	03078393	addi	x7,x15,48	 x15:0x00000000  x7=0x00000030
          24724	     12358	00100238	000205b7	lui	x11,0x20	 x11=0x00020000
          24726	     12359	0010023c	00c51613	slli	x12,x10,0xc	 x10:0x0000000e x12=0x0000e000
          24730	     12361	00100240	0075a023	sw	x7,0(x11)	 x11:0x00020000  x7:0x00000030 PA:0x00020000 store:0x00000030 load:0x00000000
          24732	     12362	00100244	01c65693	srli	x13,x12,0x1c	 x12:0x0000e000 x13=0x00000000
          24734	     12363	00100248	00900813	addi	x16,x0,9	  x0:0x00000000 x16=0x00000009
          24736	     12364	0010024c	f2d86ae3	bltu	x16,x13,100180	 x16:0x00000009 x13:0x00000000
          24738	     12365	00100250	03068e93	addi	x29,x13,48	 x13:0x00000000 x29=0x00000030
          24740	     12366	00100254	00020f37	lui	x30,0x20	 x30=0x00020000
          24742	     12367	00100258	01051f93	slli	x31,x10,0x10	 x10:0x0000000e x31=0x000e0000
          24746	     12369	0010025c	01df2023	sw	x29,0(x30)	 x30:0x00020000 x29:0x00000030 PA:0x00020000 store:0x00000030 load:0x00000000
          24748	     12370	00100260	01cfd793	srli	x15,x31,0x1c	 x31:0x000e0000 x15=0x00000000
          24750	     12371	00100264	00900713	addi	x14,x0,9	  x0:0x00000000 x14=0x00000009
          24752	     12372	00100268	f2f76ae3	bltu	x14,x15,10019c	 x14:0x00000009 x15:0x00000000
          24754	     12373	0010026c	03078393	addi	x7,x15,48	 x15:0x00000000  x7=0x00000030
          24756	     12374	00100270	000205b7	lui	x11,0x20	 x11=0x00020000
          24758	     12375	00100274	01451613	slli	x12,x10,0x14	 x10:0x0000000e x12=0x00e00000
          24762	     12377	00100278	0075a023	sw	x7,0(x11)	 x11:0x00020000  x7:0x00000030 PA:0x00020000 store:0x00000030 load:0x00000000
          24764	     12378	0010027c	01c65693	srli	x13,x12,0x1c	 x12:0x00e00000 x13=0x00000000
          24766	     12379	00100280	00900813	addi	x16,x0,9	  x0:0x00000000 x16=0x00000009
          24768	     12380	00100284	f2d86ae3	bltu	x16,x13,1001b8	 x16:0x00000009 x13:0x00000000
          24770	     12381	00100288	03068e93	addi	x29,x13,48	 x13:0x00000000 x29=0x00000030
          24772	     12382	0010028c	00020f37	lui	x30,0x20	 x30=0x00020000
          24774	     12383	00100290	01851f93	slli	x31,x10,0x18	 x10:0x0000000e x31=0x0e000000
          24778	     12385	00100294	01df2023	sw	x29,0(x30)	 x30:0x00020000 x29:0x00000030 PA:0x00020000 store:0x00000030 load:0x00000000
          24780	     12386	00100298	01cfd793	srli	x15,x31,0x1c	 x31:0x0e000000 x15=0x00000000
          24782	     12387	0010029c	00900713	addi	x14,x0,9	  x0:0x00000000 x14=0x00000009
          24784	     12388	001002a0	f2f76ae3	bltu	x14,x15,1001d4	 x14:0x00000009 x15:0x00000000
          24786	     12389	001002a4	03078393	addi	x7,x15,48	 x15:0x00000000  x7=0x00000030
          24788	     12390	001002a8	000205b7	lui	x11,0x20	 x11=0x00020000
          24792	     12392	001002ac	0075a023	sw	x7,0(x11)	 x11:0x00020000  x7:0x00000030 PA:0x00020000 store:0x00000030 load:0x00000000
          24794	     12393	001002b0	00f57513	andi	x10,x10,15	 x10:0x0000000e x10=0x0000000e
          24796	     12394	001002b4	00900613	addi	x12,x0,9	  x0:0x00000000 x12=0x00000009
          24798	     12395	001002b8	f2a67ae3	bgeu	x12,x10,1001ec	 x12:0x00000009 x10:0x0000000e
          24800	     12396	001002bc	03750693	addi	x13,x10,55	 x10:0x0000000e x13=0x00000045
          24802	     12397	001002c0	00020837	lui	x16,0x20	 x16=0x00020000
          24806	     12399	001002c4	00d82023	sw	x13,0(x16)	 x16:0x00020000 x13:0x00000045 PA:0x00020000 store:0x00000045 load:0x00000000
          24810	     12401	001002c8	00008067	jalr	x0,0(x1)	  x1:0x001013b8  x0=0x00000000
          24812	     12402	001013b8	a18b0513	addi	x10,x22,-1512	 x22:0x00102000 x10=0x00101a18
          24816	     12404	001013bc	ce5fe0ef	jal	x1,1000a0	  x1=0x001013c0
          24820	     12406	001000a0	00054803	lbu	x16,0(x10)	 x10:0x00101a18 x16=0x00000020 PA:0x00101a18 store:0x00000000
          24822	     12407	001000a4	06080663	beq	x16,x0,100110	 x16:0x00000020  x0:0x00000000
          24824	     12408	001000a8	000207b7	lui	x15,0x20	 x15=0x00020000
          24828	     12410	001000ac	0107a023	sw	x16,0(x15)	 x15:0x00020000 x16:0x00000020 PA:0x00020000 store:0x00000020 load:0x00000000
          24832	     12412	001000b0	00154703	lbu	x14,1(x10)	 x10:0x00101a18 x14=0x00000072 PA:0x00101a19 store:0x001013c0
          24834	     12413	001000b4	04070e63	beq	x14,x0,100110	 x14:0x00000072  x0:0x00000000
          24838	     12415	001000b8	00e7a023	sw	x14,0(x15)	 x15:0x00020000 x14:0x00000072 PA:0x00020000 store:0x00000072 load:0x00000000
          24842	     12417	001000bc	00254283	lbu	x5,2(x10)	 x10:0x00101a18  x5=0x00000065 PA:0x00101a1a store:0x00137fa0
          24844	     12418	001000c0	04028863	beq	x5,x0,100110	  x5:0x00000065  x0:0x00000000
          24848	     12420	001000c4	0057a023	sw	x5,0(x15)	 x15:0x00020000  x5:0x00000065 PA:0x00020000 store:0x00000065 load:0x00000000
          24852	     12422	001000c8	00354303	lbu	x6,3(x10)	 x10:0x00101a18  x6=0x00000073 PA:0x00101a1b store:0x00000000
          24854	     12423	001000cc	04030263	beq	x6,x0,100110	  x6:0x00000073  x0:0x00000000
          24858	     12425	001000d0	0067a023	sw	x6,0(x15)	 x15:0x00020000  x6:0x00000073 PA:0x00020000 store:0x00000073 load:0x00000000
          24862	     12427	001000d4	00454383	lbu	x7,4(x10)	 x10:0x00101a18  x7=0x00000075 PA:0x00101a1c store:0x00000000
          24864	     12428	001000d8	02038c63	beq	x7,x0,100110	  x7:0x00000075  x0:0x00000000
          24868	     12430	001000dc	0077a023	sw	x7,0(x15)	 x15:0x00020000  x7:0x00000075 PA:0x00020000 store:0x00000075 load:0x00000000
          24872	     12432	001000e0	00554583	lbu	x11,5(x10)	 x10:0x00101a18 x11=0x0000006c PA:0x00101a1d store:0x00000065
          24874	     12433	001000e4	02058663	beq	x11,x0,100110	 x11:0x0000006c  x0:0x00000000
          24878	     12435	001000e8	00b7a023	sw	x11,0(x15)	 x15:0x00020000 x11:0x0000006c PA:0x00020000 store:0x0000006c load:0x00000000
          24882	     12437	001000ec	00654603	lbu	x12,6(x10)	 x10:0x00101a18 x12=0x00000074 PA:0x00101a1e store:0x00000073
          24884	     12438	001000f0	02060063	beq	x12,x0,100110	 x12:0x00000074  x0:0x00000000
          24888	     12440	001000f4	00c7a023	sw	x12,0(x15)	 x15:0x00020000 x12:0x00000074 PA:0x00020000 store:0x00000074 load:0x00000000
          24892	     12442	001000f8	00754683	lbu	x13,7(x10)	 x10:0x00101a18 x13=0x0000003a PA:0x00101a1f store:0x00000075
          24894	     12443	001000fc	00850513	addi	x10,x10,8	 x10:0x00101a18 x10=0x00101a20
          24896	     12444	00100100	00068863	beq	x13,x0,100110	 x13:0x0000003a  x0:0x00000000
          24900	     12446	00100104	00d7a023	sw	x13,0(x15)	 x15:0x00020000 x13:0x0000003a PA:0x00020000 store:0x0000003a load:0x00000000
          24904	     12448	00100108	00054803	lbu	x16,0(x10)	 x10:0x00101a20 x16=0x00000020 PA:0x00101a20 store:0x00000000
          24908	     12450	0010010c	fa0810e3	bne	x16,x0,1000ac	 x16:0x00000020  x0:0x00000000
          24914	     12453	001000ac	0107a023	sw	x16,0(x15)	 x15:0x00020000 x16:0x00000020 PA:0x00020000 store:0x00000020 load:0x00000000
          24918	     12455	001000b0	00154703	lbu	x14,1(x10)	 x10:0x00101a20 x14=0x00000000 PA:0x00101a21 store:0x001013c0
          24922	     12457	001000b4	04070e63	beq	x14,x0,100110	 x14:0x00000000  x0:0x00000000
          24926	     12459	00100110	00000513	addi	x10,x0,0	  x0:0x00000000 x10=0x00000000
          24930	     12461	00100114	00008067	jalr	x0,0(x1)	  x1:0x001013c0  x0=0x00000000
          24934	     12463	001013c0	cf8a2503	lw	x10,-776(x20)	 x20:0x00102000 x10=0x3f80062a PA:0x00101cf8 store:0x0000000c
          24936	     12464	001013c4	003c0d93	addi	x27,x24,3	 x24:0x0000000c x27=0x0000000f
          24938	     12465	001013c8	004c0c13	addi	x24,x24,4	 x24:0x0000000c x24=0x00000010
          24942	     12467	001013cc	d55fe0ef	jal	x1,100120	  x1=0x001013d0
          24944	     12468	00100120	01c55793	srli	x15,x10,0x1c	 x10:0x3f80062a x15=0x00000003
          24946	     12469	00100124	00900713	addi	x14,x0,9	  x0:0x00000000 x14=0x00000009
          24950	     12471	00100128	0cf77a63	bgeu	x14,x15,1001fc	 x14:0x00000009 x15:0x00000003
          24954	     12473	001001fc	03078393	addi	x7,x15,48	 x15:0x00000003  x7=0x00000033
          24956	     12474	00100200	000205b7	lui	x11,0x20	 x11=0x00020000
          24958	     12475	00100204	00451613	slli	x12,x10,0x4	 x10:0x3f80062a x12=0xf80062a0
          24962	     12477	00100208	0075a023	sw	x7,0(x11)	 x11:0x00020000  x7:0x00000033 PA:0x00020000 store:0x00000033 load:0x00000000
          24964	     12478	0010020c	01c65693	srli	x13,x12,0x1c	 x12:0xf80062a0 x13=0x0000000f
          24966	     12479	00100210	00900813	addi	x16,x0,9	  x0:0x00000000 x16=0x00000009
          24970	     12481	00100214	f2d86ae3	bltu	x16,x13,100148	 x16:0x00000009 x13:0x0000000f
          24974	     12483	00100148	03768893	addi	x17,x13,55	 x13:0x0000000f x17=0x00000046
          24976	     12484	0010014c	00020e37	lui	x28,0x20	 x28=0x00020000
          24978	     12485	00100150	00851f93	slli	x31,x10,0x8	 x10:0x3f80062a x31=0x80062a00
          24982	     12487	00100154	011e2023	sw	x17,0(x28)	 x28:0x00020000 x17:0x00000046 PA:0x00020000 store:0x00000046 load:0x00000000
          24984	     12488	00100158	01cfd793	srli	x15,x31,0x1c	 x31:0x80062a00 x15=0x00000008
          24986	     12489	0010015c	00900713	addi	x14,x0,9	  x0:0x00000000 x14=0x00000009
          24990	     12491	00100160	0cf77a63	bgeu	x14,x15,100234	 x14:0x00000009 x15:0x00000008
          24994	     12493	00100234	03078393	addi	x7,x15,48	 x15:0x00000008  x7=0x00000038
          24996	     12494	00100238	000205b7	lui	x11,0x20	 x11=0x00020000
          24998	     12495	0010023c	00c51613	slli	x12,x10,0xc	 x10:0x3f80062a x12=0x0062a000
          25002	     12497	00100240	0075a023	sw	x7,0(x11)	 x11:0x00020000  x7:0x00000038 PA:0x00020000 store:0x00000038 load:0x00000000
          25004	     12498	00100244	01c65693	srli	x13,x12,0x1c	 x12:0x0062a000 x13=0x00000000
          25006	     12499	00100248	00900813	addi	x16,x0,9	  x0:0x00000000 x16=0x00000009
          25008	     12500	0010024c	f2d86ae3	bltu	x16,x13,100180	 x16:0x00000009 x13:0x00000000
          25010	     12501	00100250	03068e93	addi	x29,x13,48	 x13:0x00000000 x29=0x00000030
          25012	     12502	00100254	00020f37	lui	x30,0x20	 x30=0x00020000
          25014	     12503	00100258	01051f93	slli	x31,x10,0x10	 x10:0x3f80062a x31=0x062a0000
          25018	     12505	0010025c	01df2023	sw	x29,0(x30)	 x30:0x00020000 x29:0x00000030 PA:0x00020000 store:0x00000030 load:0x00000000
          25020	     12506	00100260	01cfd793	srli	x15,x31,0x1c	 x31:0x062a0000 x15=0x00000000
          25022	     12507	00100264	00900713	addi	x14,x0,9	  x0:0x00000000 x14=0x00000009
          25024	     12508	00100268	f2f76ae3	bltu	x14,x15,10019c	 x14:0x00000009 x15:0x00000000
          25026	     12509	0010026c	03078393	addi	x7,x15,48	 x15:0x00000000  x7=0x00000030
          25028	     12510	00100270	000205b7	lui	x11,0x20	 x11=0x00020000
          25030	     12511	00100274	01451613	slli	x12,x10,0x14	 x10:0x3f80062a x12=0x62a00000
          25034	     12513	00100278	0075a023	sw	x7,0(x11)	 x11:0x00020000  x7:0x00000030 PA:0x00020000 store:0x00000030 load:0x00000000
          25036	     12514	0010027c	01c65693	srli	x13,x12,0x1c	 x12:0x62a00000 x13=0x00000006
          25038	     12515	00100280	00900813	addi	x16,x0,9	  x0:0x00000000 x16=0x00000009
          25040	     12516	00100284	f2d86ae3	bltu	x16,x13,1001b8	 x16:0x00000009 x13:0x00000006
          25042	     12517	00100288	03068e93	addi	x29,x13,48	 x13:0x00000006 x29=0x00000036
          25044	     12518	0010028c	00020f37	lui	x30,0x20	 x30=0x00020000
          25046	     12519	00100290	01851f93	slli	x31,x10,0x18	 x10:0x3f80062a x31=0x2a000000
          25050	     12521	00100294	01df2023	sw	x29,0(x30)	 x30:0x00020000 x29:0x00000036 PA:0x00020000 store:0x00000036 load:0x00000000
          25052	     12522	00100298	01cfd793	srli	x15,x31,0x1c	 x31:0x2a000000 x15=0x00000002
          25054	     12523	0010029c	00900713	addi	x14,x0,9	  x0:0x00000000 x14=0x00000009
          25056	     12524	001002a0	f2f76ae3	bltu	x14,x15,1001d4	 x14:0x00000009 x15:0x00000002
          25058	     12525	001002a4	03078393	addi	x7,x15,48	 x15:0x00000002  x7=0x00000032
          25060	     12526	001002a8	000205b7	lui	x11,0x20	 x11=0x00020000
          25064	     12528	001002ac	0075a023	sw	x7,0(x11)	 x11:0x00020000  x7:0x00000032 PA:0x00020000 store:0x00000032 load:0x00000000
          25066	     12529	001002b0	00f57513	andi	x10,x10,15	 x10:0x3f80062a x10=0x0000000a
          25068	     12530	001002b4	00900613	addi	x12,x0,9	  x0:0x00000000 x12=0x00000009
          25070	     12531	001002b8	f2a67ae3	bgeu	x12,x10,1001ec	 x12:0x00000009 x10:0x0000000a
          25072	     12532	001002bc	03750693	addi	x13,x10,55	 x10:0x0000000a x13=0x00000041
          25074	     12533	001002c0	00020837	lui	x16,0x20	 x16=0x00020000
          25078	     12535	001002c4	00d82023	sw	x13,0(x16)	 x16:0x00020000 x13:0x00000041 PA:0x00020000 store:0x00000041 load:0x00000000
          25082	     12537	001002c8	00008067	jalr	x0,0(x1)	  x1:0x001013d0  x0=0x00000000
          25094	     12543	001013d0	a10a8513	addi	x10,x21,-1520	 x21:0x00102000 x10=0x00101a10
          25096	     12544	001013d4	d089a987	flw	f19,-760(x19)	 f19:0x00102000 f19=0x00000000 PA:0x00101d08 store:0x3f8018ab
          25116	     12554	001013d8	5809fa53	fsqrt.s	f20,f19	 f19:0x00102000 f20=0x00000000
          25124	     12558	001013dc	d149a427	fsw	f20,-760(x19)	 f19:0x00102000 f20:0x00102000 PA:0x00101d08 store:0x3f800315 load:0x3f80062a
          25132	     12562	001013e0	d089aa87	flw	f21,-760(x19)	 f19:0x00102000 f21=0x00000000 PA:0x00101d08 store:0x3f8018ab
          25138	     12565	001013e4	e00a82d3	fmv.x.w	x5,f21	 f21:0x00102000  x5=0x3f800315
          25140	     12566	001013e8	ce5a2c23	sw	x5,-776(x20)	 x20:0x00102000  x5:0x3f800315 PA:0x00101cf8 store:0x3f800315 load:0x3f800315
          25144	     12568	001013ec	cb5fe0ef	jal	x1,1000a0	  x1=0x001013f0
          25148	     12570	001000a0	00054803	lbu	x16,0(x10)	 x10:0x00101a10 x16=0x0000000a PA:0x00101a10 store:0x00000000
          25150	     12571	001000a4	06080663	beq	x16,x0,100110	 x16:0x0000000a  x0:0x00000000
          25152	     12572	001000a8	000207b7	lui	x15,0x20	 x15=0x00020000
          25156	     12574	001000ac	0107a023	sw	x16,0(x15)	 x15:0x00020000 x16:0x0000000a PA:0x00020000 store:0x0000000a load:0x00000000
          25160	     12576	001000b0	00154703	lbu	x14,1(x10)	 x10:0x00101a10 x14=0x00000020 PA:0x00101a11 store:0x001013f0
          25162	     12577	001000b4	04070e63	beq	x14,x0,100110	 x14:0x00000020  x0:0x00000000
          25166	     12579	001000b8	00e7a023	sw	x14,0(x15)	 x15:0x00020000 x14:0x00000020 PA:0x00020000 store:0x00000020 load:0x00000000
          25170	     12581	001000bc	00254283	lbu	x5,2(x10)	 x10:0x00101a10  x5=0x00000069 PA:0x00101a12 store:0x00137fa0
          25172	     12582	001000c0	04028863	beq	x5,x0,100110	  x5:0x00000069  x0:0x00000000
          25176	     12584	001000c4	0057a023	sw	x5,0(x15)	 x15:0x00020000  x5:0x00000069 PA:0x00020000 store:0x00000069 load:0x00000000
          25180	     12586	001000c8	00354303	lbu	x6,3(x10)	 x10:0x00101a10  x6=0x0000003d PA:0x00101a13 store:0x00000000
          25182	     12587	001000cc	04030263	beq	x6,x0,100110	  x6:0x0000003d  x0:0x00000000
          25186	     12589	001000d0	0067a023	sw	x6,0(x15)	 x15:0x00020000  x6:0x0000003d PA:0x00020000 store:0x0000003d load:0x00000000
          25190	     12591	001000d4	00454383	lbu	x7,4(x10)	 x10:0x00101a10  x7=0x00000000 PA:0x00101a14 store:0x00000000
          25194	     12593	001000d8	02038c63	beq	x7,x0,100110	  x7:0x00000000  x0:0x00000000
          25198	     12595	00100110	00000513	addi	x10,x0,0	  x0:0x00000000 x10=0x00000000
          25202	     12597	00100114	00008067	jalr	x0,0(x1)	  x1:0x001013f0  x0=0x00000000
          25204	     12598	001013f0	000d8513	addi	x10,x27,0	 x27:0x0000000f x10=0x0000000f
          25208	     12600	001013f4	d2dfe0ef	jal	x1,100120	  x1=0x001013f8
          25210	     12601	00100120	01c55793	srli	x15,x10,0x1c	 x10:0x0000000f x15=0x00000000
          25212	     12602	00100124	00900713	addi	x14,x0,9	  x0:0x00000000 x14=0x00000009
          25216	     12604	00100128	0cf77a63	bgeu	x14,x15,1001fc	 x14:0x00000009 x15:0x00000000
          25220	     12606	001001fc	03078393	addi	x7,x15,48	 x15:0x00000000  x7=0x00000030
          25222	     12607	00100200	000205b7	lui	x11,0x20	 x11=0x00020000
          25224	     12608	00100204	00451613	slli	x12,x10,0x4	 x10:0x0000000f x12=0x000000f0
          25228	     12610	00100208	0075a023	sw	x7,0(x11)	 x11:0x00020000  x7:0x00000030 PA:0x00020000 store:0x00000030 load:0x00000000
          25230	     12611	0010020c	01c65693	srli	x13,x12,0x1c	 x12:0x000000f0 x13=0x00000000
          25232	     12612	00100210	00900813	addi	x16,x0,9	  x0:0x00000000 x16=0x00000009
          25234	     12613	00100214	f2d86ae3	bltu	x16,x13,100148	 x16:0x00000009 x13:0x00000000
          25236	     12614	00100218	03068e93	addi	x29,x13,48	 x13:0x00000000 x29=0x00000030
          25238	     12615	0010021c	00020f37	lui	x30,0x20	 x30=0x00020000
          25240	     12616	00100220	00851f93	slli	x31,x10,0x8	 x10:0x0000000f x31=0x00000f00
          25244	     12618	00100224	01df2023	sw	x29,0(x30)	 x30:0x00020000 x29:0x00000030 PA:0x00020000 store:0x00000030 load:0x00000000
          25246	     12619	00100228	01cfd793	srli	x15,x31,0x1c	 x31:0x00000f00 x15=0x00000000
          25248	     12620	0010022c	00900713	addi	x14,x0,9	  x0:0x00000000 x14=0x00000009
          25250	     12621	00100230	f2f76ae3	bltu	x14,x15,100164	 x14:0x00000009 x15:0x00000000
          25252	     12622	00100234	03078393	addi	x7,x15,48	 x15:0x00000000  x7=0x00000030
          25254	     12623	00100238	000205b7	lui	x11,0x20	 x11=0x00020000
          25256	     12624	0010023c	00c51613	slli	x12,x10,0xc	 x10:0x0000000f x12=0x0000f000
          25260	     12626	00100240	0075a023	sw	x7,0(x11)	 x11:0x00020000  x7:0x00000030 PA:0x00020000 store:0x00000030 load:0x00000000
          25262	     12627	00100244	01c65693	srli	x13,x12,0x1c	 x12:0x0000f000 x13=0x00000000
          25264	     12628	00100248	00900813	addi	x16,x0,9	  x0:0x00000000 x16=0x00000009
          25266	     12629	0010024c	f2d86ae3	bltu	x16,x13,100180	 x16:0x00000009 x13:0x00000000
          25268	     12630	00100250	03068e93	addi	x29,x13,48	 x13:0x00000000 x29=0x00000030
          25270	     12631	00100254	00020f37	lui	x30,0x20	 x30=0x00020000
          25272	     12632	00100258	01051f93	slli	x31,x10,0x10	 x10:0x0000000f x31=0x000f0000
          25276	     12634	0010025c	01df2023	sw	x29,0(x30)	 x30:0x00020000 x29:0x00000030 PA:0x00020000 store:0x00000030 load:0x00000000
          25278	     12635	00100260	01cfd793	srli	x15,x31,0x1c	 x31:0x000f0000 x15=0x00000000
          25280	     12636	00100264	00900713	addi	x14,x0,9	  x0:0x00000000 x14=0x00000009
          25282	     12637	00100268	f2f76ae3	bltu	x14,x15,10019c	 x14:0x00000009 x15:0x00000000
          25284	     12638	0010026c	03078393	addi	x7,x15,48	 x15:0x00000000  x7=0x00000030
          25286	     12639	00100270	000205b7	lui	x11,0x20	 x11=0x00020000
          25288	     12640	00100274	01451613	slli	x12,x10,0x14	 x10:0x0000000f x12=0x00f00000
          25292	     12642	00100278	0075a023	sw	x7,0(x11)	 x11:0x00020000  x7:0x00000030 PA:0x00020000 store:0x00000030 load:0x00000000
          25294	     12643	0010027c	01c65693	srli	x13,x12,0x1c	 x12:0x00f00000 x13=0x00000000
          25296	     12644	00100280	00900813	addi	x16,x0,9	  x0:0x00000000 x16=0x00000009
          25298	     12645	00100284	f2d86ae3	bltu	x16,x13,1001b8	 x16:0x00000009 x13:0x00000000
          25300	     12646	00100288	03068e93	addi	x29,x13,48	 x13:0x00000000 x29=0x00000030
          25302	     12647	0010028c	00020f37	lui	x30,0x20	 x30=0x00020000
          25304	     12648	00100290	01851f93	slli	x31,x10,0x18	 x10:0x0000000f x31=0x0f000000
          25308	     12650	00100294	01df2023	sw	x29,0(x30)	 x30:0x00020000 x29:0x00000030 PA:0x00020000 store:0x00000030 load:0x00000000
          25310	     12651	00100298	01cfd793	srli	x15,x31,0x1c	 x31:0x0f000000 x15=0x00000000
          25312	     12652	0010029c	00900713	addi	x14,x0,9	  x0:0x00000000 x14=0x00000009
          25314	     12653	001002a0	f2f76ae3	bltu	x14,x15,1001d4	 x14:0x00000009 x15:0x00000000
          25316	     12654	001002a4	03078393	addi	x7,x15,48	 x15:0x00000000  x7=0x00000030
          25318	     12655	001002a8	000205b7	lui	x11,0x20	 x11=0x00020000
          25322	     12657	001002ac	0075a023	sw	x7,0(x11)	 x11:0x00020000  x7:0x00000030 PA:0x00020000 store:0x00000030 load:0x00000000
          25324	     12658	001002b0	00f57513	andi	x10,x10,15	 x10:0x0000000f x10=0x0000000f
          25326	     12659	001002b4	00900613	addi	x12,x0,9	  x0:0x00000000 x12=0x00000009
          25328	     12660	001002b8	f2a67ae3	bgeu	x12,x10,1001ec	 x12:0x00000009 x10:0x0000000f
          25330	     12661	001002bc	03750693	addi	x13,x10,55	 x10:0x0000000f x13=0x00000046
          25332	     12662	001002c0	00020837	lui	x16,0x20	 x16=0x00020000
          25336	     12664	001002c4	00d82023	sw	x13,0(x16)	 x16:0x00020000 x13:0x00000046 PA:0x00020000 store:0x00000046 load:0x00000000
          25340	     12666	001002c8	00008067	jalr	x0,0(x1)	  x1:0x001013f8  x0=0x00000000
          25342	     12667	001013f8	a18b0513	addi	x10,x22,-1512	 x22:0x00102000 x10=0x00101a18
          25346	     12669	001013fc	ca5fe0ef	jal	x1,1000a0	  x1=0x00101400
          25350	     12671	001000a0	00054803	lbu	x16,0(x10)	 x10:0x00101a18 x16=0x00000020 PA:0x00101a18 store:0x00000000
          25352	     12672	001000a4	06080663	beq	x16,x0,100110	 x16:0x00000020  x0:0x00000000
          25354	     12673	001000a8	000207b7	lui	x15,0x20	 x15=0x00020000
          25358	     12675	001000ac	0107a023	sw	x16,0(x15)	 x15:0x00020000 x16:0x00000020 PA:0x00020000 store:0x00000020 load:0x00000000
          25362	     12677	001000b0	00154703	lbu	x14,1(x10)	 x10:0x00101a18 x14=0x00000072 PA:0x00101a19 store:0x00101400
          25364	     12678	001000b4	04070e63	beq	x14,x0,100110	 x14:0x00000072  x0:0x00000000
          25368	     12680	001000b8	00e7a023	sw	x14,0(x15)	 x15:0x00020000 x14:0x00000072 PA:0x00020000 store:0x00000072 load:0x00000000
          25372	     12682	001000bc	00254283	lbu	x5,2(x10)	 x10:0x00101a18  x5=0x00000065 PA:0x00101a1a store:0x00137fa0
          25374	     12683	001000c0	04028863	beq	x5,x0,100110	  x5:0x00000065  x0:0x00000000
          25378	     12685	001000c4	0057a023	sw	x5,0(x15)	 x15:0x00020000  x5:0x00000065 PA:0x00020000 store:0x00000065 load:0x00000000
          25382	     12687	001000c8	00354303	lbu	x6,3(x10)	 x10:0x00101a18  x6=0x00000073 PA:0x00101a1b store:0x00000000
          25384	     12688	001000cc	04030263	beq	x6,x0,100110	  x6:0x00000073  x0:0x00000000
          25388	     12690	001000d0	0067a023	sw	x6,0(x15)	 x15:0x00020000  x6:0x00000073 PA:0x00020000 store:0x00000073 load:0x00000000
          25392	     12692	001000d4	00454383	lbu	x7,4(x10)	 x10:0x00101a18  x7=0x00000075 PA:0x00101a1c store:0x00000000
          25394	     12693	001000d8	02038c63	beq	x7,x0,100110	  x7:0x00000075  x0:0x00000000
          25398	     12695	001000dc	0077a023	sw	x7,0(x15)	 x15:0x00020000  x7:0x00000075 PA:0x00020000 store:0x00000075 load:0x00000000
          25402	     12697	001000e0	00554583	lbu	x11,5(x10)	 x10:0x00101a18 x11=0x0000006c PA:0x00101a1d store:0x00000065
          25404	     12698	001000e4	02058663	beq	x11,x0,100110	 x11:0x0000006c  x0:0x00000000
          25408	     12700	001000e8	00b7a023	sw	x11,0(x15)	 x15:0x00020000 x11:0x0000006c PA:0x00020000 store:0x0000006c load:0x00000000
          25412	     12702	001000ec	00654603	lbu	x12,6(x10)	 x10:0x00101a18 x12=0x00000074 PA:0x00101a1e store:0x00000073
          25414	     12703	001000f0	02060063	beq	x12,x0,100110	 x12:0x00000074  x0:0x00000000
          25418	     12705	001000f4	00c7a023	sw	x12,0(x15)	 x15:0x00020000 x12:0x00000074 PA:0x00020000 store:0x00000074 load:0x00000000
          25422	     12707	001000f8	00754683	lbu	x13,7(x10)	 x10:0x00101a18 x13=0x0000003a PA:0x00101a1f store:0x00000075
          25424	     12708	001000fc	00850513	addi	x10,x10,8	 x10:0x00101a18 x10=0x00101a20
          25426	     12709	00100100	00068863	beq	x13,x0,100110	 x13:0x0000003a  x0:0x00000000
          25430	     12711	00100104	00d7a023	sw	x13,0(x15)	 x15:0x00020000 x13:0x0000003a PA:0x00020000 store:0x0000003a load:0x00000000
          25434	     12713	00100108	00054803	lbu	x16,0(x10)	 x10:0x00101a20 x16=0x00000020 PA:0x00101a20 store:0x00000000
          25438	     12715	0010010c	fa0810e3	bne	x16,x0,1000ac	 x16:0x00000020  x0:0x00000000
          25444	     12718	001000ac	0107a023	sw	x16,0(x15)	 x15:0x00020000 x16:0x00000020 PA:0x00020000 store:0x00000020 load:0x00000000
          25448	     12720	001000b0	00154703	lbu	x14,1(x10)	 x10:0x00101a20 x14=0x00000000 PA:0x00101a21 store:0x00101400
          25452	     12722	001000b4	04070e63	beq	x14,x0,100110	 x14:0x00000000  x0:0x00000000
          25456	     12724	00100110	00000513	addi	x10,x0,0	  x0:0x00000000 x10=0x00000000
          25460	     12726	00100114	00008067	jalr	x0,0(x1)	  x1:0x00101400  x0=0x00000000
          25464	     12728	00101400	cf8a2503	lw	x10,-776(x20)	 x20:0x00102000 x10=0x3f800315 PA:0x00101cf8 store:0x00000010
          25468	     12730	00101404	d1dfe0ef	jal	x1,100120	  x1=0x00101408
          25470	     12731	00100120	01c55793	srli	x15,x10,0x1c	 x10:0x3f800315 x15=0x00000003
          25472	     12732	00100124	00900713	addi	x14,x0,9	  x0:0x00000000 x14=0x00000009
          25476	     12734	00100128	0cf77a63	bgeu	x14,x15,1001fc	 x14:0x00000009 x15:0x00000003
          25480	     12736	001001fc	03078393	addi	x7,x15,48	 x15:0x00000003  x7=0x00000033
          25482	     12737	00100200	000205b7	lui	x11,0x20	 x11=0x00020000
          25484	     12738	00100204	00451613	slli	x12,x10,0x4	 x10:0x3f800315 x12=0xf8003150
          25488	     12740	00100208	0075a023	sw	x7,0(x11)	 x11:0x00020000  x7:0x00000033 PA:0x00020000 store:0x00000033 load:0x00000000
          25490	     12741	0010020c	01c65693	srli	x13,x12,0x1c	 x12:0xf8003150 x13=0x0000000f
          25492	     12742	00100210	00900813	addi	x16,x0,9	  x0:0x00000000 x16=0x00000009
          25496	     12744	00100214	f2d86ae3	bltu	x16,x13,100148	 x16:0x00000009 x13:0x0000000f
          25500	     12746	00100148	03768893	addi	x17,x13,55	 x13:0x0000000f x17=0x00000046
          25502	     12747	0010014c	00020e37	lui	x28,0x20	 x28=0x00020000
          25504	     12748	00100150	00851f93	slli	x31,x10,0x8	 x10:0x3f800315 x31=0x80031500
          25508	     12750	00100154	011e2023	sw	x17,0(x28)	 x28:0x00020000 x17:0x00000046 PA:0x00020000 store:0x00000046 load:0x00000000
          25510	     12751	00100158	01cfd793	srli	x15,x31,0x1c	 x31:0x80031500 x15=0x00000008
          25512	     12752	0010015c	00900713	addi	x14,x0,9	  x0:0x00000000 x14=0x00000009
          25516	     12754	00100160	0cf77a63	bgeu	x14,x15,100234	 x14:0x00000009 x15:0x00000008
          25520	     12756	00100234	03078393	addi	x7,x15,48	 x15:0x00000008  x7=0x00000038
          25522	     12757	00100238	000205b7	lui	x11,0x20	 x11=0x00020000
          25524	     12758	0010023c	00c51613	slli	x12,x10,0xc	 x10:0x3f800315 x12=0x00315000
          25528	     12760	00100240	0075a023	sw	x7,0(x11)	 x11:0x00020000  x7:0x00000038 PA:0x00020000 store:0x00000038 load:0x00000000
          25530	     12761	00100244	01c65693	srli	x13,x12,0x1c	 x12:0x00315000 x13=0x00000000
          25532	     12762	00100248	00900813	addi	x16,x0,9	  x0:0x00000000 x16=0x00000009
          25534	     12763	0010024c	f2d86ae3	bltu	x16,x13,100180	 x16:0x00000009 x13:0x00000000
          25536	     12764	00100250	03068e93	addi	x29,x13,48	 x13:0x00000000 x29=0x00000030
          25538	     12765	00100254	00020f37	lui	x30,0x20	 x30=0x00020000
          25540	     12766	00100258	01051f93	slli	x31,x10,0x10	 x10:0x3f800315 x31=0x03150000
          25544	     12768	0010025c	01df2023	sw	x29,0(x30)	 x30:0x00020000 x29:0x00000030 PA:0x00020000 store:0x00000030 load:0x00000000
          25546	     12769	00100260	01cfd793	srli	x15,x31,0x1c	 x31:0x03150000 x15=0x00000000
          25548	     12770	00100264	00900713	addi	x14,x0,9	  x0:0x00000000 x14=0x00000009
          25550	     12771	00100268	f2f76ae3	bltu	x14,x15,10019c	 x14:0x00000009 x15:0x00000000
          25552	     12772	0010026c	03078393	addi	x7,x15,48	 x15:0x00000000  x7=0x00000030
          25554	     12773	00100270	000205b7	lui	x11,0x20	 x11=0x00020000
          25556	     12774	00100274	01451613	slli	x12,x10,0x14	 x10:0x3f800315 x12=0x31500000
          25560	     12776	00100278	0075a023	sw	x7,0(x11)	 x11:0x00020000  x7:0x00000030 PA:0x00020000 store:0x00000030 load:0x00000000
          25562	     12777	0010027c	01c65693	srli	x13,x12,0x1c	 x12:0x31500000 x13=0x00000003
          25564	     12778	00100280	00900813	addi	x16,x0,9	  x0:0x00000000 x16=0x00000009
          25566	     12779	00100284	f2d86ae3	bltu	x16,x13,1001b8	 x16:0x00000009 x13:0x00000003
          25568	     12780	00100288	03068e93	addi	x29,x13,48	 x13:0x00000003 x29=0x00000033
          25570	     12781	0010028c	00020f37	lui	x30,0x20	 x30=0x00020000
          25572	     12782	00100290	01851f93	slli	x31,x10,0x18	 x10:0x3f800315 x31=0x15000000
          25576	     12784	00100294	01df2023	sw	x29,0(x30)	 x30:0x00020000 x29:0x00000033 PA:0x00020000 store:0x00000033 load:0x00000000
          25578	     12785	00100298	01cfd793	srli	x15,x31,0x1c	 x31:0x15000000 x15=0x00000001
          25580	     12786	0010029c	00900713	addi	x14,x0,9	  x0:0x00000000 x14=0x00000009
          25582	     12787	001002a0	f2f76ae3	bltu	x14,x15,1001d4	 x14:0x00000009 x15:0x00000001
          25584	     12788	001002a4	03078393	addi	x7,x15,48	 x15:0x00000001  x7=0x00000031
          25586	     12789	001002a8	000205b7	lui	x11,0x20	 x11=0x00020000
          25590	     12791	001002ac	0075a023	sw	x7,0(x11)	 x11:0x00020000  x7:0x00000031 PA:0x00020000 store:0x00000031 load:0x00000000
          25592	     12792	001002b0	00f57513	andi	x10,x10,15	 x10:0x3f800315 x10=0x00000005
          25594	     12793	001002b4	00900613	addi	x12,x0,9	  x0:0x00000000 x12=0x00000009
          25598	     12795	001002b8	f2a67ae3	bgeu	x12,x10,1001ec	 x12:0x00000009 x10:0x00000005
          25602	     12797	001001ec	03050893	addi	x17,x10,48	 x10:0x00000005 x17=0x00000035
          25604	     12798	001001f0	00020e37	lui	x28,0x20	 x28=0x00020000
          25608	     12800	001001f4	011e2023	sw	x17,0(x28)	 x28:0x00020000 x17:0x00000035 PA:0x00020000 store:0x00000035 load:0x00000000
          25612	     12802	001001f8	00008067	jalr	x0,0(x1)	  x1:0x00101408  x0=0x00000000
          25616	     12804	00101408	f1ac18e3	bne	x24,x26,101318	 x24:0x00000010 x26:0x00000014
          25628	     12810	00101318	d089a607	flw	f12,-760(x19)	 f19:0x00102000 f12=0x00000000 PA:0x00101d08 store:0x3f8018ab
          25650	     12821	0010131c	580676d3	fsqrt.s	f13,f12	 f12:0x00000009 f13=0x00000000
          25658	     12825	00101320	d0d9a427	fsw	f13,-760(x19)	 f19:0x00102000 f13:0x00000003 PA:0x00101d08 store:0x3f80018a load:0x3f800315
          25666	     12829	00101324	d089a387	flw	f7,-760(x19)	 f19:0x00102000  f7=0x00000000 PA:0x00101d08 store:0x3f8018ab
          25672	     12832	00101328	a10a8513	addi	x10,x21,-1520	 x21:0x00102000 x10=0x00101a10
          25674	     12833	0010132c	e00386d3	fmv.x.w	x13,f7	  f7:0x00000031 x13=0x3f80018a
          25676	     12834	00101330	ceda2c23	sw	x13,-776(x20)	 x20:0x00102000 x13:0x3f80018a PA:0x00101cf8 store:0x3f80018a load:0x3f80018a
          25678	     12835	00101334	d6dfe0ef	jal	x1,1000a0	  x1=0x00101338
          25682	     12837	001000a0	00054803	lbu	x16,0(x10)	 x10:0x00101a10 x16=0x0000000a PA:0x00101a10 store:0x00000000
          25684	     12838	001000a4	06080663	beq	x16,x0,100110	 x16:0x0000000a  x0:0x00000000
          25686	     12839	001000a8	000207b7	lui	x15,0x20	 x15=0x00020000
          25690	     12841	001000ac	0107a023	sw	x16,0(x15)	 x15:0x00020000 x16:0x0000000a PA:0x00020000 store:0x0000000a load:0x00000000
          25694	     12843	001000b0	00154703	lbu	x14,1(x10)	 x10:0x00101a10 x14=0x00000020 PA:0x00101a11 store:0x00101338
          25696	     12844	001000b4	04070e63	beq	x14,x0,100110	 x14:0x00000020  x0:0x00000000
          25700	     12846	001000b8	00e7a023	sw	x14,0(x15)	 x15:0x00020000 x14:0x00000020 PA:0x00020000 store:0x00000020 load:0x00000000
          25704	     12848	001000bc	00254283	lbu	x5,2(x10)	 x10:0x00101a10  x5=0x00000069 PA:0x00101a12 store:0x00137fa0
          25706	     12849	001000c0	04028863	beq	x5,x0,100110	  x5:0x00000069  x0:0x00000000
          25710	     12851	001000c4	0057a023	sw	x5,0(x15)	 x15:0x00020000  x5:0x00000069 PA:0x00020000 store:0x00000069 load:0x00000000
          25714	     12853	001000c8	00354303	lbu	x6,3(x10)	 x10:0x00101a10  x6=0x0000003d PA:0x00101a13 store:0x00000000
          25716	     12854	001000cc	04030263	beq	x6,x0,100110	  x6:0x0000003d  x0:0x00000000
          25720	     12856	001000d0	0067a023	sw	x6,0(x15)	 x15:0x00020000  x6:0x0000003d PA:0x00020000 store:0x0000003d load:0x00000000
          25724	     12858	001000d4	00454383	lbu	x7,4(x10)	 x10:0x00101a10  x7=0x00000000 PA:0x00101a14 store:0x00000000
          25728	     12860	001000d8	02038c63	beq	x7,x0,100110	  x7:0x00000000  x0:0x00000000
          25732	     12862	00100110	00000513	addi	x10,x0,0	  x0:0x00000000 x10=0x00000000
          25736	     12864	00100114	00008067	jalr	x0,0(x1)	  x1:0x00101338  x0=0x00000000
          25738	     12865	00101338	000c0513	addi	x10,x24,0	 x24:0x00000010 x10=0x00000010
          25742	     12867	0010133c	de5fe0ef	jal	x1,100120	  x1=0x00101340
          25744	     12868	00100120	01c55793	srli	x15,x10,0x1c	 x10:0x00000010 x15=0x00000000
          25746	     12869	00100124	00900713	addi	x14,x0,9	  x0:0x00000000 x14=0x00000009
          25750	     12871	00100128	0cf77a63	bgeu	x14,x15,1001fc	 x14:0x00000009 x15:0x00000000
          25754	     12873	001001fc	03078393	addi	x7,x15,48	 x15:0x00000000  x7=0x00000030
          25756	     12874	00100200	000205b7	lui	x11,0x20	 x11=0x00020000
          25758	     12875	00100204	00451613	slli	x12,x10,0x4	 x10:0x00000010 x12=0x00000100
          25762	     12877	00100208	0075a023	sw	x7,0(x11)	 x11:0x00020000  x7:0x00000030 PA:0x00020000 store:0x00000030 load:0x00000000
          25764	     12878	0010020c	01c65693	srli	x13,x12,0x1c	 x12:0x00000100 x13=0x00000000
          25766	     12879	00100210	00900813	addi	x16,x0,9	  x0:0x00000000 x16=0x00000009
          25768	     12880	00100214	f2d86ae3	bltu	x16,x13,100148	 x16:0x00000009 x13:0x00000000
          25770	     12881	00100218	03068e93	addi	x29,x13,48	 x13:0x00000000 x29=0x00000030
          25772	     12882	0010021c	00020f37	lui	x30,0x20	 x30=0x00020000
          25774	     12883	00100220	00851f93	slli	x31,x10,0x8	 x10:0x00000010 x31=0x00001000
          25778	     12885	00100224	01df2023	sw	x29,0(x30)	 x30:0x00020000 x29:0x00000030 PA:0x00020000 store:0x00000030 load:0x00000000
          25780	     12886	00100228	01cfd793	srli	x15,x31,0x1c	 x31:0x00001000 x15=0x00000000
          25782	     12887	0010022c	00900713	addi	x14,x0,9	  x0:0x00000000 x14=0x00000009
          25784	     12888	00100230	f2f76ae3	bltu	x14,x15,100164	 x14:0x00000009 x15:0x00000000
          25786	     12889	00100234	03078393	addi	x7,x15,48	 x15:0x00000000  x7=0x00000030
          25788	     12890	00100238	000205b7	lui	x11,0x20	 x11=0x00020000
          25790	     12891	0010023c	00c51613	slli	x12,x10,0xc	 x10:0x00000010 x12=0x00010000
          25794	     12893	00100240	0075a023	sw	x7,0(x11)	 x11:0x00020000  x7:0x00000030 PA:0x00020000 store:0x00000030 load:0x00000000
          25796	     12894	00100244	01c65693	srli	x13,x12,0x1c	 x12:0x00010000 x13=0x00000000
          25798	     12895	00100248	00900813	addi	x16,x0,9	  x0:0x00000000 x16=0x00000009
          25800	     12896	0010024c	f2d86ae3	bltu	x16,x13,100180	 x16:0x00000009 x13:0x00000000
          25802	     12897	00100250	03068e93	addi	x29,x13,48	 x13:0x00000000 x29=0x00000030
          25804	     12898	00100254	00020f37	lui	x30,0x20	 x30=0x00020000
          25806	     12899	00100258	01051f93	slli	x31,x10,0x10	 x10:0x00000010 x31=0x00100000
          25810	     12901	0010025c	01df2023	sw	x29,0(x30)	 x30:0x00020000 x29:0x00000030 PA:0x00020000 store:0x00000030 load:0x00000000
          25812	     12902	00100260	01cfd793	srli	x15,x31,0x1c	 x31:0x00100000 x15=0x00000000
          25814	     12903	00100264	00900713	addi	x14,x0,9	  x0:0x00000000 x14=0x00000009
          25816	     12904	00100268	f2f76ae3	bltu	x14,x15,10019c	 x14:0x00000009 x15:0x00000000
          25818	     12905	0010026c	03078393	addi	x7,x15,48	 x15:0x00000000  x7=0x00000030
          25820	     12906	00100270	000205b7	lui	x11,0x20	 x11=0x00020000
          25822	     12907	00100274	01451613	slli	x12,x10,0x14	 x10:0x00000010 x12=0x01000000
          25826	     12909	00100278	0075a023	sw	x7,0(x11)	 x11:0x00020000  x7:0x00000030 PA:0x00020000 store:0x00000030 load:0x00000000
          25828	     12910	0010027c	01c65693	srli	x13,x12,0x1c	 x12:0x01000000 x13=0x00000000
          25830	     12911	00100280	00900813	addi	x16,x0,9	  x0:0x00000000 x16=0x00000009
          25832	     12912	00100284	f2d86ae3	bltu	x16,x13,1001b8	 x16:0x00000009 x13:0x00000000
          25834	     12913	00100288	03068e93	addi	x29,x13,48	 x13:0x00000000 x29=0x00000030
          25836	     12914	0010028c	00020f37	lui	x30,0x20	 x30=0x00020000
          25838	     12915	00100290	01851f93	slli	x31,x10,0x18	 x10:0x00000010 x31=0x10000000
          25842	     12917	00100294	01df2023	sw	x29,0(x30)	 x30:0x00020000 x29:0x00000030 PA:0x00020000 store:0x00000030 load:0x00000000
          25844	     12918	00100298	01cfd793	srli	x15,x31,0x1c	 x31:0x10000000 x15=0x00000001
          25846	     12919	0010029c	00900713	addi	x14,x0,9	  x0:0x00000000 x14=0x00000009
          25848	     12920	001002a0	f2f76ae3	bltu	x14,x15,1001d4	 x14:0x00000009 x15:0x00000001
          25850	     12921	001002a4	03078393	addi	x7,x15,48	 x15:0x00000001  x7=0x00000031
          25852	     12922	001002a8	000205b7	lui	x11,0x20	 x11=0x00020000
          25856	     12924	001002ac	0075a023	sw	x7,0(x11)	 x11:0x00020000  x7:0x00000031 PA:0x00020000 store:0x00000031 load:0x00000000
          25858	     12925	001002b0	00f57513	andi	x10,x10,15	 x10:0x00000010 x10=0x00000000
          25860	     12926	001002b4	00900613	addi	x12,x0,9	  x0:0x00000000 x12=0x00000009
          25864	     12928	001002b8	f2a67ae3	bgeu	x12,x10,1001ec	 x12:0x00000009 x10:0x00000000
          25868	     12930	001001ec	03050893	addi	x17,x10,48	 x10:0x00000000 x17=0x00000030
          25870	     12931	001001f0	00020e37	lui	x28,0x20	 x28=0x00020000
          25874	     12933	001001f4	011e2023	sw	x17,0(x28)	 x28:0x00020000 x17:0x00000030 PA:0x00020000 store:0x00000030 load:0x00000000
          25878	     12935	001001f8	00008067	jalr	x0,0(x1)	  x1:0x00101340  x0=0x00000000
          25880	     12936	00101340	a18b0513	addi	x10,x22,-1512	 x22:0x00102000 x10=0x00101a18
          25884	     12938	00101344	d5dfe0ef	jal	x1,1000a0	  x1=0x00101348
          25888	     12940	001000a0	00054803	lbu	x16,0(x10)	 x10:0x00101a18 x16=0x00000020 PA:0x00101a18 store:0x00000000
          25890	     12941	001000a4	06080663	beq	x16,x0,100110	 x16:0x00000020  x0:0x00000000
          25892	     12942	001000a8	000207b7	lui	x15,0x20	 x15=0x00020000
          25896	     12944	001000ac	0107a023	sw	x16,0(x15)	 x15:0x00020000 x16:0x00000020 PA:0x00020000 store:0x00000020 load:0x00000000
          25900	     12946	001000b0	00154703	lbu	x14,1(x10)	 x10:0x00101a18 x14=0x00000072 PA:0x00101a19 store:0x00101348
          25902	     12947	001000b4	04070e63	beq	x14,x0,100110	 x14:0x00000072  x0:0x00000000
          25906	     12949	001000b8	00e7a023	sw	x14,0(x15)	 x15:0x00020000 x14:0x00000072 PA:0x00020000 store:0x00000072 load:0x00000000
          25910	     12951	001000bc	00254283	lbu	x5,2(x10)	 x10:0x00101a18  x5=0x00000065 PA:0x00101a1a store:0x00137fa0
          25912	     12952	001000c0	04028863	beq	x5,x0,100110	  x5:0x00000065  x0:0x00000000
          25916	     12954	001000c4	0057a023	sw	x5,0(x15)	 x15:0x00020000  x5:0x00000065 PA:0x00020000 store:0x00000065 load:0x00000000
          25920	     12956	001000c8	00354303	lbu	x6,3(x10)	 x10:0x00101a18  x6=0x00000073 PA:0x00101a1b store:0x00000000
          25922	     12957	001000cc	04030263	beq	x6,x0,100110	  x6:0x00000073  x0:0x00000000
          25926	     12959	001000d0	0067a023	sw	x6,0(x15)	 x15:0x00020000  x6:0x00000073 PA:0x00020000 store:0x00000073 load:0x00000000
          25930	     12961	001000d4	00454383	lbu	x7,4(x10)	 x10:0x00101a18  x7=0x00000075 PA:0x00101a1c store:0x00000000
          25932	     12962	001000d8	02038c63	beq	x7,x0,100110	  x7:0x00000075  x0:0x00000000
          25936	     12964	001000dc	0077a023	sw	x7,0(x15)	 x15:0x00020000  x7:0x00000075 PA:0x00020000 store:0x00000075 load:0x00000000
          25940	     12966	001000e0	00554583	lbu	x11,5(x10)	 x10:0x00101a18 x11=0x0000006c PA:0x00101a1d store:0x00000065
          25942	     12967	001000e4	02058663	beq	x11,x0,100110	 x11:0x0000006c  x0:0x00000000
          25946	     12969	001000e8	00b7a023	sw	x11,0(x15)	 x15:0x00020000 x11:0x0000006c PA:0x00020000 store:0x0000006c load:0x00000000
          25950	     12971	001000ec	00654603	lbu	x12,6(x10)	 x10:0x00101a18 x12=0x00000074 PA:0x00101a1e store:0x00000073
          25952	     12972	001000f0	02060063	beq	x12,x0,100110	 x12:0x00000074  x0:0x00000000
          25956	     12974	001000f4	00c7a023	sw	x12,0(x15)	 x15:0x00020000 x12:0x00000074 PA:0x00020000 store:0x00000074 load:0x00000000
          25960	     12976	001000f8	00754683	lbu	x13,7(x10)	 x10:0x00101a18 x13=0x0000003a PA:0x00101a1f store:0x00000075
          25962	     12977	001000fc	00850513	addi	x10,x10,8	 x10:0x00101a18 x10=0x00101a20
          25964	     12978	00100100	00068863	beq	x13,x0,100110	 x13:0x0000003a  x0:0x00000000
          25968	     12980	00100104	00d7a023	sw	x13,0(x15)	 x15:0x00020000 x13:0x0000003a PA:0x00020000 store:0x0000003a load:0x00000000
          25972	     12982	00100108	00054803	lbu	x16,0(x10)	 x10:0x00101a20 x16=0x00000020 PA:0x00101a20 store:0x00000000
          25976	     12984	0010010c	fa0810e3	bne	x16,x0,1000ac	 x16:0x00000020  x0:0x00000000
          25982	     12987	001000ac	0107a023	sw	x16,0(x15)	 x15:0x00020000 x16:0x00000020 PA:0x00020000 store:0x00000020 load:0x00000000
          25986	     12989	001000b0	00154703	lbu	x14,1(x10)	 x10:0x00101a20 x14=0x00000000 PA:0x00101a21 store:0x00101348
          25990	     12991	001000b4	04070e63	beq	x14,x0,100110	 x14:0x00000000  x0:0x00000000
          25994	     12993	00100110	00000513	addi	x10,x0,0	  x0:0x00000000 x10=0x00000000
          25998	     12995	00100114	00008067	jalr	x0,0(x1)	  x1:0x00101348  x0=0x00000000
          26002	     12997	00101348	cf8a2503	lw	x10,-776(x20)	 x20:0x00102000 x10=0x3f80018a PA:0x00101cf8 store:0x00000010
          26004	     12998	0010134c	001c0d93	addi	x27,x24,1	 x24:0x00000010 x27=0x00000011
          26008	     13000	00101350	dd1fe0ef	jal	x1,100120	  x1=0x00101354
          26010	     13001	00100120	01c55793	srli	x15,x10,0x1c	 x10:0x3f80018a x15=0x00000003
          26012	     13002	00100124	00900713	addi	x14,x0,9	  x0:0x00000000 x14=0x00000009
          26016	     13004	00100128	0cf77a63	bgeu	x14,x15,1001fc	 x14:0x00000009 x15:0x00000003
          26020	     13006	001001fc	03078393	addi	x7,x15,48	 x15:0x00000003  x7=0x00000033
          26022	     13007	00100200	000205b7	lui	x11,0x20	 x11=0x00020000
          26024	     13008	00100204	00451613	slli	x12,x10,0x4	 x10:0x3f80018a x12=0xf80018a0
          26028	     13010	00100208	0075a023	sw	x7,0(x11)	 x11:0x00020000  x7:0x00000033 PA:0x00020000 store:0x00000033 load:0x00000000
          26030	     13011	0010020c	01c65693	srli	x13,x12,0x1c	 x12:0xf80018a0 x13=0x0000000f
          26032	     13012	00100210	00900813	addi	x16,x0,9	  x0:0x00000000 x16=0x00000009
          26036	     13014	00100214	f2d86ae3	bltu	x16,x13,100148	 x16:0x00000009 x13:0x0000000f
          26040	     13016	00100148	03768893	addi	x17,x13,55	 x13:0x0000000f x17=0x00000046
          26042	     13017	0010014c	00020e37	lui	x28,0x20	 x28=0x00020000
          26044	     13018	00100150	00851f93	slli	x31,x10,0x8	 x10:0x3f80018a x31=0x80018a00
          26048	     13020	00100154	011e2023	sw	x17,0(x28)	 x28:0x00020000 x17:0x00000046 PA:0x00020000 store:0x00000046 load:0x00000000
          26050	     13021	00100158	01cfd793	srli	x15,x31,0x1c	 x31:0x80018a00 x15=0x00000008
          26052	     13022	0010015c	00900713	addi	x14,x0,9	  x0:0x00000000 x14=0x00000009
          26056	     13024	00100160	0cf77a63	bgeu	x14,x15,100234	 x14:0x00000009 x15:0x00000008
          26060	     13026	00100234	03078393	addi	x7,x15,48	 x15:0x00000008  x7=0x00000038
          26062	     13027	00100238	000205b7	lui	x11,0x20	 x11=0x00020000
          26064	     13028	0010023c	00c51613	slli	x12,x10,0xc	 x10:0x3f80018a x12=0x0018a000
          26068	     13030	00100240	0075a023	sw	x7,0(x11)	 x11:0x00020000  x7:0x00000038 PA:0x00020000 store:0x00000038 load:0x00000000
          26070	     13031	00100244	01c65693	srli	x13,x12,0x1c	 x12:0x0018a000 x13=0x00000000
          26072	     13032	00100248	00900813	addi	x16,x0,9	  x0:0x00000000 x16=0x00000009
          26074	     13033	0010024c	f2d86ae3	bltu	x16,x13,100180	 x16:0x00000009 x13:0x00000000
          26076	     13034	00100250	03068e93	addi	x29,x13,48	 x13:0x00000000 x29=0x00000030
          26078	     13035	00100254	00020f37	lui	x30,0x20	 x30=0x00020000
          26080	     13036	00100258	01051f93	slli	x31,x10,0x10	 x10:0x3f80018a x31=0x018a0000
          26084	     13038	0010025c	01df2023	sw	x29,0(x30)	 x30:0x00020000 x29:0x00000030 PA:0x00020000 store:0x00000030 load:0x00000000
          26086	     13039	00100260	01cfd793	srli	x15,x31,0x1c	 x31:0x018a0000 x15=0x00000000
          26088	     13040	00100264	00900713	addi	x14,x0,9	  x0:0x00000000 x14=0x00000009
          26090	     13041	00100268	f2f76ae3	bltu	x14,x15,10019c	 x14:0x00000009 x15:0x00000000
          26092	     13042	0010026c	03078393	addi	x7,x15,48	 x15:0x00000000  x7=0x00000030
          26094	     13043	00100270	000205b7	lui	x11,0x20	 x11=0x00020000
          26096	     13044	00100274	01451613	slli	x12,x10,0x14	 x10:0x3f80018a x12=0x18a00000
          26100	     13046	00100278	0075a023	sw	x7,0(x11)	 x11:0x00020000  x7:0x00000030 PA:0x00020000 store:0x00000030 load:0x00000000
          26102	     13047	0010027c	01c65693	srli	x13,x12,0x1c	 x12:0x18a00000 x13=0x00000001
          26104	     13048	00100280	00900813	addi	x16,x0,9	  x0:0x00000000 x16=0x00000009
          26106	     13049	00100284	f2d86ae3	bltu	x16,x13,1001b8	 x16:0x00000009 x13:0x00000001
          26108	     13050	00100288	03068e93	addi	x29,x13,48	 x13:0x00000001 x29=0x00000031
          26110	     13051	0010028c	00020f37	lui	x30,0x20	 x30=0x00020000
          26112	     13052	00100290	01851f93	slli	x31,x10,0x18	 x10:0x3f80018a x31=0x8a000000
          26116	     13054	00100294	01df2023	sw	x29,0(x30)	 x30:0x00020000 x29:0x00000031 PA:0x00020000 store:0x00000031 load:0x00000000
          26118	     13055	00100298	01cfd793	srli	x15,x31,0x1c	 x31:0x8a000000 x15=0x00000008
          26120	     13056	0010029c	00900713	addi	x14,x0,9	  x0:0x00000000 x14=0x00000009
          26122	     13057	001002a0	f2f76ae3	bltu	x14,x15,1001d4	 x14:0x00000009 x15:0x00000008
          26124	     13058	001002a4	03078393	addi	x7,x15,48	 x15:0x00000008  x7=0x00000038
          26126	     13059	001002a8	000205b7	lui	x11,0x20	 x11=0x00020000
          26130	     13061	001002ac	0075a023	sw	x7,0(x11)	 x11:0x00020000  x7:0x00000038 PA:0x00020000 store:0x00000038 load:0x00000000
          26132	     13062	001002b0	00f57513	andi	x10,x10,15	 x10:0x3f80018a x10=0x0000000a
          26134	     13063	001002b4	00900613	addi	x12,x0,9	  x0:0x00000000 x12=0x00000009
          26136	     13064	001002b8	f2a67ae3	bgeu	x12,x10,1001ec	 x12:0x00000009 x10:0x0000000a
          26138	     13065	001002bc	03750693	addi	x13,x10,55	 x10:0x0000000a x13=0x00000041
          26140	     13066	001002c0	00020837	lui	x16,0x20	 x16=0x00020000
          26144	     13068	001002c4	00d82023	sw	x13,0(x16)	 x16:0x00020000 x13:0x00000041 PA:0x00020000 store:0x00000041 load:0x00000000
          26158	     13075	001002c8	00008067	jalr	x0,0(x1)	  x1:0x00101354  x0=0x00000000
          26160	     13076	00101354	d089a407	flw	f8,-760(x19)	 f19:0x00102000  f8=0x00000000 PA:0x00101d08 store:0x3f8018ab
          26180	     13086	00101358	580474d3	fsqrt.s	f9,f8	  f8:0x00102000  f9=0x00000000
          26188	     13090	0010135c	d099a427	fsw	f9,-760(x19)	 f19:0x00102000  f9:0x00102000 PA:0x00101d08 store:0x3f8000c5 load:0x3f80018a
          26196	     13094	00101360	d089a507	flw	f10,-760(x19)	 f19:0x00102000 f10=0x00000000 PA:0x00101d08 store:0x3f80018a
          26202	     13097	00101364	a10a8513	addi	x10,x21,-1520	 x21:0x00102000 x10=0x00101a10
          26204	     13098	00101368	e0050753	fmv.x.w	x14,f10	 f10:0x00101a10 x14=0x3f8000c5
          26206	     13099	0010136c	ceea2c23	sw	x14,-776(x20)	 x20:0x00102000 x14:0x3f8000c5 PA:0x00101cf8 store:0x3f8000c5 load:0x3f8000c5
          26208	     13100	00101370	d31fe0ef	jal	x1,1000a0	  x1=0x00101374
          26212	     13102	001000a0	00054803	lbu	x16,0(x10)	 x10:0x00101a10 x16=0x0000000a PA:0x00101a10 store:0x00000000
          26214	     13103	001000a4	06080663	beq	x16,x0,100110	 x16:0x0000000a  x0:0x00000000
          26216	     13104	001000a8	000207b7	lui	x15,0x20	 x15=0x00020000
          26220	     13106	001000ac	0107a023	sw	x16,0(x15)	 x15:0x00020000 x16:0x0000000a PA:0x00020000 store:0x0000000a load:0x00000000
          26224	     13108	001000b0	00154703	lbu	x14,1(x10)	 x10:0x00101a10 x14=0x00000020 PA:0x00101a11 store:0x00101374
          26226	     13109	001000b4	04070e63	beq	x14,x0,100110	 x14:0x00000020  x0:0x00000000
          26230	     13111	001000b8	00e7a023	sw	x14,0(x15)	 x15:0x00020000 x14:0x00000020 PA:0x00020000 store:0x00000020 load:0x00000000
          26234	     13113	001000bc	00254283	lbu	x5,2(x10)	 x10:0x00101a10  x5=0x00000069 PA:0x00101a12 store:0x00137fa0
          26236	     13114	001000c0	04028863	beq	x5,x0,100110	  x5:0x00000069  x0:0x00000000
          26240	     13116	001000c4	0057a023	sw	x5,0(x15)	 x15:0x00020000  x5:0x00000069 PA:0x00020000 store:0x00000069 load:0x00000000
          26244	     13118	001000c8	00354303	lbu	x6,3(x10)	 x10:0x00101a10  x6=0x0000003d PA:0x00101a13 store:0x00000000
          26246	     13119	001000cc	04030263	beq	x6,x0,100110	  x6:0x0000003d  x0:0x00000000
          26250	     13121	001000d0	0067a023	sw	x6,0(x15)	 x15:0x00020000  x6:0x0000003d PA:0x00020000 store:0x0000003d load:0x00000000
          26254	     13123	001000d4	00454383	lbu	x7,4(x10)	 x10:0x00101a10  x7=0x00000000 PA:0x00101a14 store:0x00000000
          26258	     13125	001000d8	02038c63	beq	x7,x0,100110	  x7:0x00000000  x0:0x00000000
          26262	     13127	00100110	00000513	addi	x10,x0,0	  x0:0x00000000 x10=0x00000000
          26266	     13129	00100114	00008067	jalr	x0,0(x1)	  x1:0x00101374  x0=0x00000000
          26268	     13130	00101374	000d8513	addi	x10,x27,0	 x27:0x00000011 x10=0x00000011
          26272	     13132	00101378	da9fe0ef	jal	x1,100120	  x1=0x0010137c
          26274	     13133	00100120	01c55793	srli	x15,x10,0x1c	 x10:0x00000011 x15=0x00000000
          26276	     13134	00100124	00900713	addi	x14,x0,9	  x0:0x00000000 x14=0x00000009
          26280	     13136	00100128	0cf77a63	bgeu	x14,x15,1001fc	 x14:0x00000009 x15:0x00000000
          26284	     13138	001001fc	03078393	addi	x7,x15,48	 x15:0x00000000  x7=0x00000030
          26286	     13139	00100200	000205b7	lui	x11,0x20	 x11=0x00020000
          26288	     13140	00100204	00451613	slli	x12,x10,0x4	 x10:0x00000011 x12=0x00000110
          26292	     13142	00100208	0075a023	sw	x7,0(x11)	 x11:0x00020000  x7:0x00000030 PA:0x00020000 store:0x00000030 load:0x00000000
          26294	     13143	0010020c	01c65693	srli	x13,x12,0x1c	 x12:0x00000110 x13=0x00000000
          26296	     13144	00100210	00900813	addi	x16,x0,9	  x0:0x00000000 x16=0x00000009
          26298	     13145	00100214	f2d86ae3	bltu	x16,x13,100148	 x16:0x00000009 x13:0x00000000
          26300	     13146	00100218	03068e93	addi	x29,x13,48	 x13:0x00000000 x29=0x00000030
          26302	     13147	0010021c	00020f37	lui	x30,0x20	 x30=0x00020000
          26304	     13148	00100220	00851f93	slli	x31,x10,0x8	 x10:0x00000011 x31=0x00001100
          26308	     13150	00100224	01df2023	sw	x29,0(x30)	 x30:0x00020000 x29:0x00000030 PA:0x00020000 store:0x00000030 load:0x00000000
          26310	     13151	00100228	01cfd793	srli	x15,x31,0x1c	 x31:0x00001100 x15=0x00000000
          26312	     13152	0010022c	00900713	addi	x14,x0,9	  x0:0x00000000 x14=0x00000009
          26314	     13153	00100230	f2f76ae3	bltu	x14,x15,100164	 x14:0x00000009 x15:0x00000000
          26316	     13154	00100234	03078393	addi	x7,x15,48	 x15:0x00000000  x7=0x00000030
          26318	     13155	00100238	000205b7	lui	x11,0x20	 x11=0x00020000
          26320	     13156	0010023c	00c51613	slli	x12,x10,0xc	 x10:0x00000011 x12=0x00011000
          26324	     13158	00100240	0075a023	sw	x7,0(x11)	 x11:0x00020000  x7:0x00000030 PA:0x00020000 store:0x00000030 load:0x00000000
          26326	     13159	00100244	01c65693	srli	x13,x12,0x1c	 x12:0x00011000 x13=0x00000000
          26328	     13160	00100248	00900813	addi	x16,x0,9	  x0:0x00000000 x16=0x00000009
          26330	     13161	0010024c	f2d86ae3	bltu	x16,x13,100180	 x16:0x00000009 x13:0x00000000
          26332	     13162	00100250	03068e93	addi	x29,x13,48	 x13:0x00000000 x29=0x00000030
          26334	     13163	00100254	00020f37	lui	x30,0x20	 x30=0x00020000
          26336	     13164	00100258	01051f93	slli	x31,x10,0x10	 x10:0x00000011 x31=0x00110000
          26340	     13166	0010025c	01df2023	sw	x29,0(x30)	 x30:0x00020000 x29:0x00000030 PA:0x00020000 store:0x00000030 load:0x00000000
          26342	     13167	00100260	01cfd793	srli	x15,x31,0x1c	 x31:0x00110000 x15=0x00000000
          26344	     13168	00100264	00900713	addi	x14,x0,9	  x0:0x00000000 x14=0x00000009
          26346	     13169	00100268	f2f76ae3	bltu	x14,x15,10019c	 x14:0x00000009 x15:0x00000000
          26348	     13170	0010026c	03078393	addi	x7,x15,48	 x15:0x00000000  x7=0x00000030
          26350	     13171	00100270	000205b7	lui	x11,0x20	 x11=0x00020000
          26352	     13172	00100274	01451613	slli	x12,x10,0x14	 x10:0x00000011 x12=0x01100000
          26356	     13174	00100278	0075a023	sw	x7,0(x11)	 x11:0x00020000  x7:0x00000030 PA:0x00020000 store:0x00000030 load:0x00000000
          26358	     13175	0010027c	01c65693	srli	x13,x12,0x1c	 x12:0x01100000 x13=0x00000000
          26360	     13176	00100280	00900813	addi	x16,x0,9	  x0:0x00000000 x16=0x00000009
          26362	     13177	00100284	f2d86ae3	bltu	x16,x13,1001b8	 x16:0x00000009 x13:0x00000000
          26364	     13178	00100288	03068e93	addi	x29,x13,48	 x13:0x00000000 x29=0x00000030
          26366	     13179	0010028c	00020f37	lui	x30,0x20	 x30=0x00020000
          26368	     13180	00100290	01851f93	slli	x31,x10,0x18	 x10:0x00000011 x31=0x11000000
          26372	     13182	00100294	01df2023	sw	x29,0(x30)	 x30:0x00020000 x29:0x00000030 PA:0x00020000 store:0x00000030 load:0x00000000
          26374	     13183	00100298	01cfd793	srli	x15,x31,0x1c	 x31:0x11000000 x15=0x00000001
          26376	     13184	0010029c	00900713	addi	x14,x0,9	  x0:0x00000000 x14=0x00000009
          26378	     13185	001002a0	f2f76ae3	bltu	x14,x15,1001d4	 x14:0x00000009 x15:0x00000001
          26380	     13186	001002a4	03078393	addi	x7,x15,48	 x15:0x00000001  x7=0x00000031
          26382	     13187	001002a8	000205b7	lui	x11,0x20	 x11=0x00020000
          26386	     13189	001002ac	0075a023	sw	x7,0(x11)	 x11:0x00020000  x7:0x00000031 PA:0x00020000 store:0x00000031 load:0x00000000
          26388	     13190	001002b0	00f57513	andi	x10,x10,15	 x10:0x00000011 x10=0x00000001
          26390	     13191	001002b4	00900613	addi	x12,x0,9	  x0:0x00000000 x12=0x00000009
          26394	     13193	001002b8	f2a67ae3	bgeu	x12,x10,1001ec	 x12:0x00000009 x10:0x00000001
          26398	     13195	001001ec	03050893	addi	x17,x10,48	 x10:0x00000001 x17=0x00000031
          26400	     13196	001001f0	00020e37	lui	x28,0x20	 x28=0x00020000
          26404	     13198	001001f4	011e2023	sw	x17,0(x28)	 x28:0x00020000 x17:0x00000031 PA:0x00020000 store:0x00000031 load:0x00000000
          26408	     13200	001001f8	00008067	jalr	x0,0(x1)	  x1:0x0010137c  x0=0x00000000
          26410	     13201	0010137c	a18b0513	addi	x10,x22,-1512	 x22:0x00102000 x10=0x00101a18
          26414	     13203	00101380	d21fe0ef	jal	x1,1000a0	  x1=0x00101384
          26418	     13205	001000a0	00054803	lbu	x16,0(x10)	 x10:0x00101a18 x16=0x00000020 PA:0x00101a18 store:0x00000000
          26420	     13206	001000a4	06080663	beq	x16,x0,100110	 x16:0x00000020  x0:0x00000000
          26422	     13207	001000a8	000207b7	lui	x15,0x20	 x15=0x00020000
          26426	     13209	001000ac	0107a023	sw	x16,0(x15)	 x15:0x00020000 x16:0x00000020 PA:0x00020000 store:0x00000020 load:0x00000000
          26430	     13211	001000b0	00154703	lbu	x14,1(x10)	 x10:0x00101a18 x14=0x00000072 PA:0x00101a19 store:0x00101384
          26432	     13212	001000b4	04070e63	beq	x14,x0,100110	 x14:0x00000072  x0:0x00000000
          26436	     13214	001000b8	00e7a023	sw	x14,0(x15)	 x15:0x00020000 x14:0x00000072 PA:0x00020000 store:0x00000072 load:0x00000000
          26440	     13216	001000bc	00254283	lbu	x5,2(x10)	 x10:0x00101a18  x5=0x00000065 PA:0x00101a1a store:0x00137fa0
          26442	     13217	001000c0	04028863	beq	x5,x0,100110	  x5:0x00000065  x0:0x00000000
          26446	     13219	001000c4	0057a023	sw	x5,0(x15)	 x15:0x00020000  x5:0x00000065 PA:0x00020000 store:0x00000065 load:0x00000000
          26450	     13221	001000c8	00354303	lbu	x6,3(x10)	 x10:0x00101a18  x6=0x00000073 PA:0x00101a1b store:0x00000000
          26452	     13222	001000cc	04030263	beq	x6,x0,100110	  x6:0x00000073  x0:0x00000000
          26456	     13224	001000d0	0067a023	sw	x6,0(x15)	 x15:0x00020000  x6:0x00000073 PA:0x00020000 store:0x00000073 load:0x00000000
          26460	     13226	001000d4	00454383	lbu	x7,4(x10)	 x10:0x00101a18  x7=0x00000075 PA:0x00101a1c store:0x00000000
          26462	     13227	001000d8	02038c63	beq	x7,x0,100110	  x7:0x00000075  x0:0x00000000
          26466	     13229	001000dc	0077a023	sw	x7,0(x15)	 x15:0x00020000  x7:0x00000075 PA:0x00020000 store:0x00000075 load:0x00000000
          26470	     13231	001000e0	00554583	lbu	x11,5(x10)	 x10:0x00101a18 x11=0x0000006c PA:0x00101a1d store:0x00000065
          26472	     13232	001000e4	02058663	beq	x11,x0,100110	 x11:0x0000006c  x0:0x00000000
          26476	     13234	001000e8	00b7a023	sw	x11,0(x15)	 x15:0x00020000 x11:0x0000006c PA:0x00020000 store:0x0000006c load:0x00000000
          26480	     13236	001000ec	00654603	lbu	x12,6(x10)	 x10:0x00101a18 x12=0x00000074 PA:0x00101a1e store:0x00000073
          26482	     13237	001000f0	02060063	beq	x12,x0,100110	 x12:0x00000074  x0:0x00000000
          26486	     13239	001000f4	00c7a023	sw	x12,0(x15)	 x15:0x00020000 x12:0x00000074 PA:0x00020000 store:0x00000074 load:0x00000000
          26490	     13241	001000f8	00754683	lbu	x13,7(x10)	 x10:0x00101a18 x13=0x0000003a PA:0x00101a1f store:0x00000075
          26492	     13242	001000fc	00850513	addi	x10,x10,8	 x10:0x00101a18 x10=0x00101a20
          26494	     13243	00100100	00068863	beq	x13,x0,100110	 x13:0x0000003a  x0:0x00000000
          26498	     13245	00100104	00d7a023	sw	x13,0(x15)	 x15:0x00020000 x13:0x0000003a PA:0x00020000 store:0x0000003a load:0x00000000
          26502	     13247	00100108	00054803	lbu	x16,0(x10)	 x10:0x00101a20 x16=0x00000020 PA:0x00101a20 store:0x00000000
          26506	     13249	0010010c	fa0810e3	bne	x16,x0,1000ac	 x16:0x00000020  x0:0x00000000
          26512	     13252	001000ac	0107a023	sw	x16,0(x15)	 x15:0x00020000 x16:0x00000020 PA:0x00020000 store:0x00000020 load:0x00000000
          26516	     13254	001000b0	00154703	lbu	x14,1(x10)	 x10:0x00101a20 x14=0x00000000 PA:0x00101a21 store:0x00101384
          26520	     13256	001000b4	04070e63	beq	x14,x0,100110	 x14:0x00000000  x0:0x00000000
          26524	     13258	00100110	00000513	addi	x10,x0,0	  x0:0x00000000 x10=0x00000000
          26528	     13260	00100114	00008067	jalr	x0,0(x1)	  x1:0x00101384  x0=0x00000000
          26532	     13262	00101384	cf8a2503	lw	x10,-776(x20)	 x20:0x00102000 x10=0x3f8000c5 PA:0x00101cf8 store:0x00000010
          26534	     13263	00101388	002c0d93	addi	x27,x24,2	 x24:0x00000010 x27=0x00000012
          26538	     13265	0010138c	d95fe0ef	jal	x1,100120	  x1=0x00101390
          26540	     13266	00100120	01c55793	srli	x15,x10,0x1c	 x10:0x3f8000c5 x15=0x00000003
          26542	     13267	00100124	00900713	addi	x14,x0,9	  x0:0x00000000 x14=0x00000009
          26546	     13269	00100128	0cf77a63	bgeu	x14,x15,1001fc	 x14:0x00000009 x15:0x00000003
          26550	     13271	001001fc	03078393	addi	x7,x15,48	 x15:0x00000003  x7=0x00000033
          26552	     13272	00100200	000205b7	lui	x11,0x20	 x11=0x00020000
          26554	     13273	00100204	00451613	slli	x12,x10,0x4	 x10:0x3f8000c5 x12=0xf8000c50
          26558	     13275	00100208	0075a023	sw	x7,0(x11)	 x11:0x00020000  x7:0x00000033 PA:0x00020000 store:0x00000033 load:0x00000000
          26560	     13276	0010020c	01c65693	srli	x13,x12,0x1c	 x12:0xf8000c50 x13=0x0000000f
          26562	     13277	00100210	00900813	addi	x16,x0,9	  x0:0x00000000 x16=0x00000009
          26566	     13279	00100214	f2d86ae3	bltu	x16,x13,100148	 x16:0x00000009 x13:0x0000000f
          26570	     13281	00100148	03768893	addi	x17,x13,55	 x13:0x0000000f x17=0x00000046
          26572	     13282	0010014c	00020e37	lui	x28,0x20	 x28=0x00020000
          26574	     13283	00100150	00851f93	slli	x31,x10,0x8	 x10:0x3f8000c5 x31=0x8000c500
          26578	     13285	00100154	011e2023	sw	x17,0(x28)	 x28:0x00020000 x17:0x00000046 PA:0x00020000 store:0x00000046 load:0x00000000
          26580	     13286	00100158	01cfd793	srli	x15,x31,0x1c	 x31:0x8000c500 x15=0x00000008
          26582	     13287	0010015c	00900713	addi	x14,x0,9	  x0:0x00000000 x14=0x00000009
          26586	     13289	00100160	0cf77a63	bgeu	x14,x15,100234	 x14:0x00000009 x15:0x00000008
          26590	     13291	00100234	03078393	addi	x7,x15,48	 x15:0x00000008  x7=0x00000038
          26592	     13292	00100238	000205b7	lui	x11,0x20	 x11=0x00020000
          26594	     13293	0010023c	00c51613	slli	x12,x10,0xc	 x10:0x3f8000c5 x12=0x000c5000
          26598	     13295	00100240	0075a023	sw	x7,0(x11)	 x11:0x00020000  x7:0x00000038 PA:0x00020000 store:0x00000038 load:0x00000000
          26600	     13296	00100244	01c65693	srli	x13,x12,0x1c	 x12:0x000c5000 x13=0x00000000
          26602	     13297	00100248	00900813	addi	x16,x0,9	  x0:0x00000000 x16=0x00000009
          26604	     13298	0010024c	f2d86ae3	bltu	x16,x13,100180	 x16:0x00000009 x13:0x00000000
          26606	     13299	00100250	03068e93	addi	x29,x13,48	 x13:0x00000000 x29=0x00000030
          26608	     13300	00100254	00020f37	lui	x30,0x20	 x30=0x00020000
          26610	     13301	00100258	01051f93	slli	x31,x10,0x10	 x10:0x3f8000c5 x31=0x00c50000
          26614	     13303	0010025c	01df2023	sw	x29,0(x30)	 x30:0x00020000 x29:0x00000030 PA:0x00020000 store:0x00000030 load:0x00000000
          26616	     13304	00100260	01cfd793	srli	x15,x31,0x1c	 x31:0x00c50000 x15=0x00000000
          26618	     13305	00100264	00900713	addi	x14,x0,9	  x0:0x00000000 x14=0x00000009
          26620	     13306	00100268	f2f76ae3	bltu	x14,x15,10019c	 x14:0x00000009 x15:0x00000000
          26622	     13307	0010026c	03078393	addi	x7,x15,48	 x15:0x00000000  x7=0x00000030
          26624	     13308	00100270	000205b7	lui	x11,0x20	 x11=0x00020000
          26626	     13309	00100274	01451613	slli	x12,x10,0x14	 x10:0x3f8000c5 x12=0x0c500000
          26630	     13311	00100278	0075a023	sw	x7,0(x11)	 x11:0x00020000  x7:0x00000030 PA:0x00020000 store:0x00000030 load:0x00000000
          26632	     13312	0010027c	01c65693	srli	x13,x12,0x1c	 x12:0x0c500000 x13=0x00000000
          26634	     13313	00100280	00900813	addi	x16,x0,9	  x0:0x00000000 x16=0x00000009
          26636	     13314	00100284	f2d86ae3	bltu	x16,x13,1001b8	 x16:0x00000009 x13:0x00000000
          26638	     13315	00100288	03068e93	addi	x29,x13,48	 x13:0x00000000 x29=0x00000030
          26640	     13316	0010028c	00020f37	lui	x30,0x20	 x30=0x00020000
          26642	     13317	00100290	01851f93	slli	x31,x10,0x18	 x10:0x3f8000c5 x31=0xc5000000
          26646	     13319	00100294	01df2023	sw	x29,0(x30)	 x30:0x00020000 x29:0x00000030 PA:0x00020000 store:0x00000030 load:0x00000000
          26648	     13320	00100298	01cfd793	srli	x15,x31,0x1c	 x31:0xc5000000 x15=0x0000000c
          26650	     13321	0010029c	00900713	addi	x14,x0,9	  x0:0x00000000 x14=0x00000009
          26654	     13323	001002a0	f2f76ae3	bltu	x14,x15,1001d4	 x14:0x00000009 x15:0x0000000c
          26658	     13325	001001d4	03778293	addi	x5,x15,55	 x15:0x0000000c  x5=0x00000043
          26660	     13326	001001d8	00020337	lui	x6,0x20	  x6=0x00020000
          26664	     13328	001001dc	00532023	sw	x5,0(x6)	  x6:0x00020000  x5:0x00000043 PA:0x00020000 store:0x00000043 load:0x00000000
          26666	     13329	001001e0	00f57513	andi	x10,x10,15	 x10:0x3f8000c5 x10=0x00000005
          26668	     13330	001001e4	00900613	addi	x12,x0,9	  x0:0x00000000 x12=0x00000009
          26670	     13331	001001e8	0ca66a63	bltu	x12,x10,1002bc	 x12:0x00000009 x10:0x00000005
          26672	     13332	001001ec	03050893	addi	x17,x10,48	 x10:0x00000005 x17=0x00000035
          26674	     13333	001001f0	00020e37	lui	x28,0x20	 x28=0x00020000
          26678	     13335	001001f4	011e2023	sw	x17,0(x28)	 x28:0x00020000 x17:0x00000035 PA:0x00020000 store:0x00000035 load:0x00000000
          26692	     13342	001001f8	00008067	jalr	x0,0(x1)	  x1:0x00101390  x0=0x00000000
          26694	     13343	00101390	d089a807	flw	f16,-760(x19)	 f19:0x00102000 f16=0x00000000 PA:0x00101d08 store:0x3f80018a
          26716	     13354	00101394	a10a8513	addi	x10,x21,-1520	 x21:0x00102000 x10=0x00101a10
          26718	     13355	00101398	580878d3	fsqrt.s	f17,f16	 f16:0x00000009 f17=0x00000000
          26724	     13358	0010139c	d119a427	fsw	f17,-760(x19)	 f19:0x00102000 f17:0x00000035 PA:0x00101d08 store:0x3f800062 load:0x3f8000c5
          26732	     13362	001013a0	d089a907	flw	f18,-760(x19)	 f19:0x00102000 f18=0x00000000 PA:0x00101d08 store:0x3f80018a
          26738	     13365	001013a4	e00907d3	fmv.x.w	x15,f18	 f18:0x00102000 x15=0x3f800062
          26740	     13366	001013a8	cefa2c23	sw	x15,-776(x20)	 x20:0x00102000 x15:0x3f800062 PA:0x00101cf8 store:0x3f800062 load:0x3f800062
          26744	     13368	001013ac	cf5fe0ef	jal	x1,1000a0	  x1=0x001013b0
          26748	     13370	001000a0	00054803	lbu	x16,0(x10)	 x10:0x00101a10 x16=0x0000000a PA:0x00101a10 store:0x00000000
          26750	     13371	001000a4	06080663	beq	x16,x0,100110	 x16:0x0000000a  x0:0x00000000
          26752	     13372	001000a8	000207b7	lui	x15,0x20	 x15=0x00020000
          26756	     13374	001000ac	0107a023	sw	x16,0(x15)	 x15:0x00020000 x16:0x0000000a PA:0x00020000 store:0x0000000a load:0x00000000
          26760	     13376	001000b0	00154703	lbu	x14,1(x10)	 x10:0x00101a10 x14=0x00000020 PA:0x00101a11 store:0x001013b0
          26762	     13377	001000b4	04070e63	beq	x14,x0,100110	 x14:0x00000020  x0:0x00000000
          26766	     13379	001000b8	00e7a023	sw	x14,0(x15)	 x15:0x00020000 x14:0x00000020 PA:0x00020000 store:0x00000020 load:0x00000000
          26770	     13381	001000bc	00254283	lbu	x5,2(x10)	 x10:0x00101a10  x5=0x00000069 PA:0x00101a12 store:0x00137fa0
          26772	     13382	001000c0	04028863	beq	x5,x0,100110	  x5:0x00000069  x0:0x00000000
          26776	     13384	001000c4	0057a023	sw	x5,0(x15)	 x15:0x00020000  x5:0x00000069 PA:0x00020000 store:0x00000069 load:0x00000000
          26780	     13386	001000c8	00354303	lbu	x6,3(x10)	 x10:0x00101a10  x6=0x0000003d PA:0x00101a13 store:0x00000000
          26782	     13387	001000cc	04030263	beq	x6,x0,100110	  x6:0x0000003d  x0:0x00000000
          26786	     13389	001000d0	0067a023	sw	x6,0(x15)	 x15:0x00020000  x6:0x0000003d PA:0x00020000 store:0x0000003d load:0x00000000
          26790	     13391	001000d4	00454383	lbu	x7,4(x10)	 x10:0x00101a10  x7=0x00000000 PA:0x00101a14 store:0x00000000
          26794	     13393	001000d8	02038c63	beq	x7,x0,100110	  x7:0x00000000  x0:0x00000000
          26798	     13395	00100110	00000513	addi	x10,x0,0	  x0:0x00000000 x10=0x00000000
          26802	     13397	00100114	00008067	jalr	x0,0(x1)	  x1:0x001013b0  x0=0x00000000
          26804	     13398	001013b0	000d8513	addi	x10,x27,0	 x27:0x00000012 x10=0x00000012
          26808	     13400	001013b4	d6dfe0ef	jal	x1,100120	  x1=0x001013b8
          26810	     13401	00100120	01c55793	srli	x15,x10,0x1c	 x10:0x00000012 x15=0x00000000
          26812	     13402	00100124	00900713	addi	x14,x0,9	  x0:0x00000000 x14=0x00000009
          26816	     13404	00100128	0cf77a63	bgeu	x14,x15,1001fc	 x14:0x00000009 x15:0x00000000
          26820	     13406	001001fc	03078393	addi	x7,x15,48	 x15:0x00000000  x7=0x00000030
          26822	     13407	00100200	000205b7	lui	x11,0x20	 x11=0x00020000
          26824	     13408	00100204	00451613	slli	x12,x10,0x4	 x10:0x00000012 x12=0x00000120
          26828	     13410	00100208	0075a023	sw	x7,0(x11)	 x11:0x00020000  x7:0x00000030 PA:0x00020000 store:0x00000030 load:0x00000000
          26830	     13411	0010020c	01c65693	srli	x13,x12,0x1c	 x12:0x00000120 x13=0x00000000
          26832	     13412	00100210	00900813	addi	x16,x0,9	  x0:0x00000000 x16=0x00000009
          26834	     13413	00100214	f2d86ae3	bltu	x16,x13,100148	 x16:0x00000009 x13:0x00000000
          26836	     13414	00100218	03068e93	addi	x29,x13,48	 x13:0x00000000 x29=0x00000030
          26838	     13415	0010021c	00020f37	lui	x30,0x20	 x30=0x00020000
          26840	     13416	00100220	00851f93	slli	x31,x10,0x8	 x10:0x00000012 x31=0x00001200
          26844	     13418	00100224	01df2023	sw	x29,0(x30)	 x30:0x00020000 x29:0x00000030 PA:0x00020000 store:0x00000030 load:0x00000000
          26846	     13419	00100228	01cfd793	srli	x15,x31,0x1c	 x31:0x00001200 x15=0x00000000
          26848	     13420	0010022c	00900713	addi	x14,x0,9	  x0:0x00000000 x14=0x00000009
          26850	     13421	00100230	f2f76ae3	bltu	x14,x15,100164	 x14:0x00000009 x15:0x00000000
          26852	     13422	00100234	03078393	addi	x7,x15,48	 x15:0x00000000  x7=0x00000030
          26854	     13423	00100238	000205b7	lui	x11,0x20	 x11=0x00020000
          26856	     13424	0010023c	00c51613	slli	x12,x10,0xc	 x10:0x00000012 x12=0x00012000
          26860	     13426	00100240	0075a023	sw	x7,0(x11)	 x11:0x00020000  x7:0x00000030 PA:0x00020000 store:0x00000030 load:0x00000000
          26862	     13427	00100244	01c65693	srli	x13,x12,0x1c	 x12:0x00012000 x13=0x00000000
          26864	     13428	00100248	00900813	addi	x16,x0,9	  x0:0x00000000 x16=0x00000009
          26866	     13429	0010024c	f2d86ae3	bltu	x16,x13,100180	 x16:0x00000009 x13:0x00000000
          26868	     13430	00100250	03068e93	addi	x29,x13,48	 x13:0x00000000 x29=0x00000030
          26870	     13431	00100254	00020f37	lui	x30,0x20	 x30=0x00020000
          26872	     13432	00100258	01051f93	slli	x31,x10,0x10	 x10:0x00000012 x31=0x00120000
          26876	     13434	0010025c	01df2023	sw	x29,0(x30)	 x30:0x00020000 x29:0x00000030 PA:0x00020000 store:0x00000030 load:0x00000000
          26878	     13435	00100260	01cfd793	srli	x15,x31,0x1c	 x31:0x00120000 x15=0x00000000
          26880	     13436	00100264	00900713	addi	x14,x0,9	  x0:0x00000000 x14=0x00000009
          26882	     13437	00100268	f2f76ae3	bltu	x14,x15,10019c	 x14:0x00000009 x15:0x00000000
          26884	     13438	0010026c	03078393	addi	x7,x15,48	 x15:0x00000000  x7=0x00000030
          26886	     13439	00100270	000205b7	lui	x11,0x20	 x11=0x00020000
          26888	     13440	00100274	01451613	slli	x12,x10,0x14	 x10:0x00000012 x12=0x01200000
          26892	     13442	00100278	0075a023	sw	x7,0(x11)	 x11:0x00020000  x7:0x00000030 PA:0x00020000 store:0x00000030 load:0x00000000
          26894	     13443	0010027c	01c65693	srli	x13,x12,0x1c	 x12:0x01200000 x13=0x00000000
          26896	     13444	00100280	00900813	addi	x16,x0,9	  x0:0x00000000 x16=0x00000009
          26898	     13445	00100284	f2d86ae3	bltu	x16,x13,1001b8	 x16:0x00000009 x13:0x00000000
          26900	     13446	00100288	03068e93	addi	x29,x13,48	 x13:0x00000000 x29=0x00000030
          26902	     13447	0010028c	00020f37	lui	x30,0x20	 x30=0x00020000
          26904	     13448	00100290	01851f93	slli	x31,x10,0x18	 x10:0x00000012 x31=0x12000000
          26908	     13450	00100294	01df2023	sw	x29,0(x30)	 x30:0x00020000 x29:0x00000030 PA:0x00020000 store:0x00000030 load:0x00000000
          26910	     13451	00100298	01cfd793	srli	x15,x31,0x1c	 x31:0x12000000 x15=0x00000001
          26912	     13452	0010029c	00900713	addi	x14,x0,9	  x0:0x00000000 x14=0x00000009
          26914	     13453	001002a0	f2f76ae3	bltu	x14,x15,1001d4	 x14:0x00000009 x15:0x00000001
          26916	     13454	001002a4	03078393	addi	x7,x15,48	 x15:0x00000001  x7=0x00000031
          26918	     13455	001002a8	000205b7	lui	x11,0x20	 x11=0x00020000
          26922	     13457	001002ac	0075a023	sw	x7,0(x11)	 x11:0x00020000  x7:0x00000031 PA:0x00020000 store:0x00000031 load:0x00000000
          26924	     13458	001002b0	00f57513	andi	x10,x10,15	 x10:0x00000012 x10=0x00000002
          26926	     13459	001002b4	00900613	addi	x12,x0,9	  x0:0x00000000 x12=0x00000009
          26930	     13461	001002b8	f2a67ae3	bgeu	x12,x10,1001ec	 x12:0x00000009 x10:0x00000002
          26934	     13463	001001ec	03050893	addi	x17,x10,48	 x10:0x00000002 x17=0x00000032
          26936	     13464	001001f0	00020e37	lui	x28,0x20	 x28=0x00020000
          26940	     13466	001001f4	011e2023	sw	x17,0(x28)	 x28:0x00020000 x17:0x00000032 PA:0x00020000 store:0x00000032 load:0x00000000
          26944	     13468	001001f8	00008067	jalr	x0,0(x1)	  x1:0x001013b8  x0=0x00000000
          26946	     13469	001013b8	a18b0513	addi	x10,x22,-1512	 x22:0x00102000 x10=0x00101a18
          26950	     13471	001013bc	ce5fe0ef	jal	x1,1000a0	  x1=0x001013c0
          26954	     13473	001000a0	00054803	lbu	x16,0(x10)	 x10:0x00101a18 x16=0x00000020 PA:0x00101a18 store:0x00000000
          26956	     13474	001000a4	06080663	beq	x16,x0,100110	 x16:0x00000020  x0:0x00000000
          26958	     13475	001000a8	000207b7	lui	x15,0x20	 x15=0x00020000
          26962	     13477	001000ac	0107a023	sw	x16,0(x15)	 x15:0x00020000 x16:0x00000020 PA:0x00020000 store:0x00000020 load:0x00000000
          26966	     13479	001000b0	00154703	lbu	x14,1(x10)	 x10:0x00101a18 x14=0x00000072 PA:0x00101a19 store:0x001013c0
          26968	     13480	001000b4	04070e63	beq	x14,x0,100110	 x14:0x00000072  x0:0x00000000
          26972	     13482	001000b8	00e7a023	sw	x14,0(x15)	 x15:0x00020000 x14:0x00000072 PA:0x00020000 store:0x00000072 load:0x00000000
          26976	     13484	001000bc	00254283	lbu	x5,2(x10)	 x10:0x00101a18  x5=0x00000065 PA:0x00101a1a store:0x00137fa0
          26978	     13485	001000c0	04028863	beq	x5,x0,100110	  x5:0x00000065  x0:0x00000000
          26982	     13487	001000c4	0057a023	sw	x5,0(x15)	 x15:0x00020000  x5:0x00000065 PA:0x00020000 store:0x00000065 load:0x00000000
          26986	     13489	001000c8	00354303	lbu	x6,3(x10)	 x10:0x00101a18  x6=0x00000073 PA:0x00101a1b store:0x00000000
          26988	     13490	001000cc	04030263	beq	x6,x0,100110	  x6:0x00000073  x0:0x00000000
          26992	     13492	001000d0	0067a023	sw	x6,0(x15)	 x15:0x00020000  x6:0x00000073 PA:0x00020000 store:0x00000073 load:0x00000000
          26996	     13494	001000d4	00454383	lbu	x7,4(x10)	 x10:0x00101a18  x7=0x00000075 PA:0x00101a1c store:0x00000000
          26998	     13495	001000d8	02038c63	beq	x7,x0,100110	  x7:0x00000075  x0:0x00000000
          27002	     13497	001000dc	0077a023	sw	x7,0(x15)	 x15:0x00020000  x7:0x00000075 PA:0x00020000 store:0x00000075 load:0x00000000
          27006	     13499	001000e0	00554583	lbu	x11,5(x10)	 x10:0x00101a18 x11=0x0000006c PA:0x00101a1d store:0x00000065
          27008	     13500	001000e4	02058663	beq	x11,x0,100110	 x11:0x0000006c  x0:0x00000000
          27012	     13502	001000e8	00b7a023	sw	x11,0(x15)	 x15:0x00020000 x11:0x0000006c PA:0x00020000 store:0x0000006c load:0x00000000
          27016	     13504	001000ec	00654603	lbu	x12,6(x10)	 x10:0x00101a18 x12=0x00000074 PA:0x00101a1e store:0x00000073
          27018	     13505	001000f0	02060063	beq	x12,x0,100110	 x12:0x00000074  x0:0x00000000
          27022	     13507	001000f4	00c7a023	sw	x12,0(x15)	 x15:0x00020000 x12:0x00000074 PA:0x00020000 store:0x00000074 load:0x00000000
          27026	     13509	001000f8	00754683	lbu	x13,7(x10)	 x10:0x00101a18 x13=0x0000003a PA:0x00101a1f store:0x00000075
          27028	     13510	001000fc	00850513	addi	x10,x10,8	 x10:0x00101a18 x10=0x00101a20
          27030	     13511	00100100	00068863	beq	x13,x0,100110	 x13:0x0000003a  x0:0x00000000
          27034	     13513	00100104	00d7a023	sw	x13,0(x15)	 x15:0x00020000 x13:0x0000003a PA:0x00020000 store:0x0000003a load:0x00000000
          27038	     13515	00100108	00054803	lbu	x16,0(x10)	 x10:0x00101a20 x16=0x00000020 PA:0x00101a20 store:0x00000000
          27042	     13517	0010010c	fa0810e3	bne	x16,x0,1000ac	 x16:0x00000020  x0:0x00000000
          27048	     13520	001000ac	0107a023	sw	x16,0(x15)	 x15:0x00020000 x16:0x00000020 PA:0x00020000 store:0x00000020 load:0x00000000
          27052	     13522	001000b0	00154703	lbu	x14,1(x10)	 x10:0x00101a20 x14=0x00000000 PA:0x00101a21 store:0x001013c0
          27056	     13524	001000b4	04070e63	beq	x14,x0,100110	 x14:0x00000000  x0:0x00000000
          27060	     13526	00100110	00000513	addi	x10,x0,0	  x0:0x00000000 x10=0x00000000
          27064	     13528	00100114	00008067	jalr	x0,0(x1)	  x1:0x001013c0  x0=0x00000000
          27068	     13530	001013c0	cf8a2503	lw	x10,-776(x20)	 x20:0x00102000 x10=0x3f800062 PA:0x00101cf8 store:0x00000010
          27070	     13531	001013c4	003c0d93	addi	x27,x24,3	 x24:0x00000010 x27=0x00000013
          27072	     13532	001013c8	004c0c13	addi	x24,x24,4	 x24:0x00000010 x24=0x00000014
          27076	     13534	001013cc	d55fe0ef	jal	x1,100120	  x1=0x001013d0
          27078	     13535	00100120	01c55793	srli	x15,x10,0x1c	 x10:0x3f800062 x15=0x00000003
          27080	     13536	00100124	00900713	addi	x14,x0,9	  x0:0x00000000 x14=0x00000009
          27084	     13538	00100128	0cf77a63	bgeu	x14,x15,1001fc	 x14:0x00000009 x15:0x00000003
          27088	     13540	001001fc	03078393	addi	x7,x15,48	 x15:0x00000003  x7=0x00000033
          27090	     13541	00100200	000205b7	lui	x11,0x20	 x11=0x00020000
          27092	     13542	00100204	00451613	slli	x12,x10,0x4	 x10:0x3f800062 x12=0xf8000620
          27096	     13544	00100208	0075a023	sw	x7,0(x11)	 x11:0x00020000  x7:0x00000033 PA:0x00020000 store:0x00000033 load:0x00000000
          27098	     13545	0010020c	01c65693	srli	x13,x12,0x1c	 x12:0xf8000620 x13=0x0000000f
          27100	     13546	00100210	00900813	addi	x16,x0,9	  x0:0x00000000 x16=0x00000009
          27104	     13548	00100214	f2d86ae3	bltu	x16,x13,100148	 x16:0x00000009 x13:0x0000000f
          27108	     13550	00100148	03768893	addi	x17,x13,55	 x13:0x0000000f x17=0x00000046
          27110	     13551	0010014c	00020e37	lui	x28,0x20	 x28=0x00020000
          27112	     13552	00100150	00851f93	slli	x31,x10,0x8	 x10:0x3f800062 x31=0x80006200
          27116	     13554	00100154	011e2023	sw	x17,0(x28)	 x28:0x00020000 x17:0x00000046 PA:0x00020000 store:0x00000046 load:0x00000000
          27118	     13555	00100158	01cfd793	srli	x15,x31,0x1c	 x31:0x80006200 x15=0x00000008
          27120	     13556	0010015c	00900713	addi	x14,x0,9	  x0:0x00000000 x14=0x00000009
          27124	     13558	00100160	0cf77a63	bgeu	x14,x15,100234	 x14:0x00000009 x15:0x00000008
          27128	     13560	00100234	03078393	addi	x7,x15,48	 x15:0x00000008  x7=0x00000038
          27130	     13561	00100238	000205b7	lui	x11,0x20	 x11=0x00020000
          27132	     13562	0010023c	00c51613	slli	x12,x10,0xc	 x10:0x3f800062 x12=0x00062000
          27136	     13564	00100240	0075a023	sw	x7,0(x11)	 x11:0x00020000  x7:0x00000038 PA:0x00020000 store:0x00000038 load:0x00000000
          27138	     13565	00100244	01c65693	srli	x13,x12,0x1c	 x12:0x00062000 x13=0x00000000
          27140	     13566	00100248	00900813	addi	x16,x0,9	  x0:0x00000000 x16=0x00000009
          27142	     13567	0010024c	f2d86ae3	bltu	x16,x13,100180	 x16:0x00000009 x13:0x00000000
          27144	     13568	00100250	03068e93	addi	x29,x13,48	 x13:0x00000000 x29=0x00000030
          27146	     13569	00100254	00020f37	lui	x30,0x20	 x30=0x00020000
          27148	     13570	00100258	01051f93	slli	x31,x10,0x10	 x10:0x3f800062 x31=0x00620000
          27152	     13572	0010025c	01df2023	sw	x29,0(x30)	 x30:0x00020000 x29:0x00000030 PA:0x00020000 store:0x00000030 load:0x00000000
          27154	     13573	00100260	01cfd793	srli	x15,x31,0x1c	 x31:0x00620000 x15=0x00000000
          27156	     13574	00100264	00900713	addi	x14,x0,9	  x0:0x00000000 x14=0x00000009
          27158	     13575	00100268	f2f76ae3	bltu	x14,x15,10019c	 x14:0x00000009 x15:0x00000000
          27160	     13576	0010026c	03078393	addi	x7,x15,48	 x15:0x00000000  x7=0x00000030
          27162	     13577	00100270	000205b7	lui	x11,0x20	 x11=0x00020000
          27164	     13578	00100274	01451613	slli	x12,x10,0x14	 x10:0x3f800062 x12=0x06200000
          27168	     13580	00100278	0075a023	sw	x7,0(x11)	 x11:0x00020000  x7:0x00000030 PA:0x00020000 store:0x00000030 load:0x00000000
          27170	     13581	0010027c	01c65693	srli	x13,x12,0x1c	 x12:0x06200000 x13=0x00000000
          27172	     13582	00100280	00900813	addi	x16,x0,9	  x0:0x00000000 x16=0x00000009
          27174	     13583	00100284	f2d86ae3	bltu	x16,x13,1001b8	 x16:0x00000009 x13:0x00000000
          27176	     13584	00100288	03068e93	addi	x29,x13,48	 x13:0x00000000 x29=0x00000030
          27178	     13585	0010028c	00020f37	lui	x30,0x20	 x30=0x00020000
          27180	     13586	00100290	01851f93	slli	x31,x10,0x18	 x10:0x3f800062 x31=0x62000000
          27184	     13588	00100294	01df2023	sw	x29,0(x30)	 x30:0x00020000 x29:0x00000030 PA:0x00020000 store:0x00000030 load:0x00000000
          27186	     13589	00100298	01cfd793	srli	x15,x31,0x1c	 x31:0x62000000 x15=0x00000006
          27188	     13590	0010029c	00900713	addi	x14,x0,9	  x0:0x00000000 x14=0x00000009
          27190	     13591	001002a0	f2f76ae3	bltu	x14,x15,1001d4	 x14:0x00000009 x15:0x00000006
          27192	     13592	001002a4	03078393	addi	x7,x15,48	 x15:0x00000006  x7=0x00000036
          27194	     13593	001002a8	000205b7	lui	x11,0x20	 x11=0x00020000
          27198	     13595	001002ac	0075a023	sw	x7,0(x11)	 x11:0x00020000  x7:0x00000036 PA:0x00020000 store:0x00000036 load:0x00000000
          27200	     13596	001002b0	00f57513	andi	x10,x10,15	 x10:0x3f800062 x10=0x00000002
          27202	     13597	001002b4	00900613	addi	x12,x0,9	  x0:0x00000000 x12=0x00000009
          27206	     13599	001002b8	f2a67ae3	bgeu	x12,x10,1001ec	 x12:0x00000009 x10:0x00000002
          27210	     13601	001001ec	03050893	addi	x17,x10,48	 x10:0x00000002 x17=0x00000032
          27212	     13602	001001f0	00020e37	lui	x28,0x20	 x28=0x00020000
          27216	     13604	001001f4	011e2023	sw	x17,0(x28)	 x28:0x00020000 x17:0x00000032 PA:0x00020000 store:0x00000032 load:0x00000000
          27220	     13606	001001f8	00008067	jalr	x0,0(x1)	  x1:0x001013d0  x0=0x00000000
          27232	     13612	001013d0	a10a8513	addi	x10,x21,-1520	 x21:0x00102000 x10=0x00101a10
          27234	     13613	001013d4	d089a987	flw	f19,-760(x19)	 f19:0x00102000 f19=0x00000000 PA:0x00101d08 store:0x3f80018a
          27254	     13623	001013d8	5809fa53	fsqrt.s	f20,f19	 f19:0x00102000 f20=0x00000000
          27262	     13627	001013dc	d149a427	fsw	f20,-760(x19)	 f19:0x00102000 f20:0x00102000 PA:0x00101d08 store:0x3f800031 load:0x3f800062
          27270	     13631	001013e0	d089aa87	flw	f21,-760(x19)	 f19:0x00102000 f21=0x00000000 PA:0x00101d08 store:0x3f80018a
          27276	     13634	001013e4	e00a82d3	fmv.x.w	x5,f21	 f21:0x00102000  x5=0x3f800031
          27278	     13635	001013e8	ce5a2c23	sw	x5,-776(x20)	 x20:0x00102000  x5:0x3f800031 PA:0x00101cf8 store:0x3f800031 load:0x3f800031
          27282	     13637	001013ec	cb5fe0ef	jal	x1,1000a0	  x1=0x001013f0
          27286	     13639	001000a0	00054803	lbu	x16,0(x10)	 x10:0x00101a10 x16=0x0000000a PA:0x00101a10 store:0x00000000
          27288	     13640	001000a4	06080663	beq	x16,x0,100110	 x16:0x0000000a  x0:0x00000000
          27290	     13641	001000a8	000207b7	lui	x15,0x20	 x15=0x00020000
          27294	     13643	001000ac	0107a023	sw	x16,0(x15)	 x15:0x00020000 x16:0x0000000a PA:0x00020000 store:0x0000000a load:0x00000000
          27298	     13645	001000b0	00154703	lbu	x14,1(x10)	 x10:0x00101a10 x14=0x00000020 PA:0x00101a11 store:0x001013f0
          27300	     13646	001000b4	04070e63	beq	x14,x0,100110	 x14:0x00000020  x0:0x00000000
          27304	     13648	001000b8	00e7a023	sw	x14,0(x15)	 x15:0x00020000 x14:0x00000020 PA:0x00020000 store:0x00000020 load:0x00000000
          27308	     13650	001000bc	00254283	lbu	x5,2(x10)	 x10:0x00101a10  x5=0x00000069 PA:0x00101a12 store:0x00137fa0
          27310	     13651	001000c0	04028863	beq	x5,x0,100110	  x5:0x00000069  x0:0x00000000
          27314	     13653	001000c4	0057a023	sw	x5,0(x15)	 x15:0x00020000  x5:0x00000069 PA:0x00020000 store:0x00000069 load:0x00000000
          27318	     13655	001000c8	00354303	lbu	x6,3(x10)	 x10:0x00101a10  x6=0x0000003d PA:0x00101a13 store:0x00000000
          27320	     13656	001000cc	04030263	beq	x6,x0,100110	  x6:0x0000003d  x0:0x00000000
          27324	     13658	001000d0	0067a023	sw	x6,0(x15)	 x15:0x00020000  x6:0x0000003d PA:0x00020000 store:0x0000003d load:0x00000000
          27328	     13660	001000d4	00454383	lbu	x7,4(x10)	 x10:0x00101a10  x7=0x00000000 PA:0x00101a14 store:0x00000000
          27332	     13662	001000d8	02038c63	beq	x7,x0,100110	  x7:0x00000000  x0:0x00000000
          27336	     13664	00100110	00000513	addi	x10,x0,0	  x0:0x00000000 x10=0x00000000
          27340	     13666	00100114	00008067	jalr	x0,0(x1)	  x1:0x001013f0  x0=0x00000000
          27342	     13667	001013f0	000d8513	addi	x10,x27,0	 x27:0x00000013 x10=0x00000013
          27346	     13669	001013f4	d2dfe0ef	jal	x1,100120	  x1=0x001013f8
          27348	     13670	00100120	01c55793	srli	x15,x10,0x1c	 x10:0x00000013 x15=0x00000000
          27350	     13671	00100124	00900713	addi	x14,x0,9	  x0:0x00000000 x14=0x00000009
          27354	     13673	00100128	0cf77a63	bgeu	x14,x15,1001fc	 x14:0x00000009 x15:0x00000000
          27358	     13675	001001fc	03078393	addi	x7,x15,48	 x15:0x00000000  x7=0x00000030
          27360	     13676	00100200	000205b7	lui	x11,0x20	 x11=0x00020000
          27362	     13677	00100204	00451613	slli	x12,x10,0x4	 x10:0x00000013 x12=0x00000130
          27366	     13679	00100208	0075a023	sw	x7,0(x11)	 x11:0x00020000  x7:0x00000030 PA:0x00020000 store:0x00000030 load:0x00000000
          27368	     13680	0010020c	01c65693	srli	x13,x12,0x1c	 x12:0x00000130 x13=0x00000000
          27370	     13681	00100210	00900813	addi	x16,x0,9	  x0:0x00000000 x16=0x00000009
          27372	     13682	00100214	f2d86ae3	bltu	x16,x13,100148	 x16:0x00000009 x13:0x00000000
          27374	     13683	00100218	03068e93	addi	x29,x13,48	 x13:0x00000000 x29=0x00000030
          27376	     13684	0010021c	00020f37	lui	x30,0x20	 x30=0x00020000
          27378	     13685	00100220	00851f93	slli	x31,x10,0x8	 x10:0x00000013 x31=0x00001300
          27382	     13687	00100224	01df2023	sw	x29,0(x30)	 x30:0x00020000 x29:0x00000030 PA:0x00020000 store:0x00000030 load:0x00000000
          27384	     13688	00100228	01cfd793	srli	x15,x31,0x1c	 x31:0x00001300 x15=0x00000000
          27386	     13689	0010022c	00900713	addi	x14,x0,9	  x0:0x00000000 x14=0x00000009
          27388	     13690	00100230	f2f76ae3	bltu	x14,x15,100164	 x14:0x00000009 x15:0x00000000
          27390	     13691	00100234	03078393	addi	x7,x15,48	 x15:0x00000000  x7=0x00000030
          27392	     13692	00100238	000205b7	lui	x11,0x20	 x11=0x00020000
          27394	     13693	0010023c	00c51613	slli	x12,x10,0xc	 x10:0x00000013 x12=0x00013000
          27398	     13695	00100240	0075a023	sw	x7,0(x11)	 x11:0x00020000  x7:0x00000030 PA:0x00020000 store:0x00000030 load:0x00000000
          27400	     13696	00100244	01c65693	srli	x13,x12,0x1c	 x12:0x00013000 x13=0x00000000
          27402	     13697	00100248	00900813	addi	x16,x0,9	  x0:0x00000000 x16=0x00000009
          27404	     13698	0010024c	f2d86ae3	bltu	x16,x13,100180	 x16:0x00000009 x13:0x00000000
          27406	     13699	00100250	03068e93	addi	x29,x13,48	 x13:0x00000000 x29=0x00000030
          27408	     13700	00100254	00020f37	lui	x30,0x20	 x30=0x00020000
          27410	     13701	00100258	01051f93	slli	x31,x10,0x10	 x10:0x00000013 x31=0x00130000
          27414	     13703	0010025c	01df2023	sw	x29,0(x30)	 x30:0x00020000 x29:0x00000030 PA:0x00020000 store:0x00000030 load:0x00000000
          27416	     13704	00100260	01cfd793	srli	x15,x31,0x1c	 x31:0x00130000 x15=0x00000000
          27418	     13705	00100264	00900713	addi	x14,x0,9	  x0:0x00000000 x14=0x00000009
          27420	     13706	00100268	f2f76ae3	bltu	x14,x15,10019c	 x14:0x00000009 x15:0x00000000
          27422	     13707	0010026c	03078393	addi	x7,x15,48	 x15:0x00000000  x7=0x00000030
          27424	     13708	00100270	000205b7	lui	x11,0x20	 x11=0x00020000
          27426	     13709	00100274	01451613	slli	x12,x10,0x14	 x10:0x00000013 x12=0x01300000
          27430	     13711	00100278	0075a023	sw	x7,0(x11)	 x11:0x00020000  x7:0x00000030 PA:0x00020000 store:0x00000030 load:0x00000000
          27432	     13712	0010027c	01c65693	srli	x13,x12,0x1c	 x12:0x01300000 x13=0x00000000
          27434	     13713	00100280	00900813	addi	x16,x0,9	  x0:0x00000000 x16=0x00000009
          27436	     13714	00100284	f2d86ae3	bltu	x16,x13,1001b8	 x16:0x00000009 x13:0x00000000
          27438	     13715	00100288	03068e93	addi	x29,x13,48	 x13:0x00000000 x29=0x00000030
          27440	     13716	0010028c	00020f37	lui	x30,0x20	 x30=0x00020000
          27442	     13717	00100290	01851f93	slli	x31,x10,0x18	 x10:0x00000013 x31=0x13000000
          27446	     13719	00100294	01df2023	sw	x29,0(x30)	 x30:0x00020000 x29:0x00000030 PA:0x00020000 store:0x00000030 load:0x00000000
          27448	     13720	00100298	01cfd793	srli	x15,x31,0x1c	 x31:0x13000000 x15=0x00000001
          27450	     13721	0010029c	00900713	addi	x14,x0,9	  x0:0x00000000 x14=0x00000009
          27452	     13722	001002a0	f2f76ae3	bltu	x14,x15,1001d4	 x14:0x00000009 x15:0x00000001
          27454	     13723	001002a4	03078393	addi	x7,x15,48	 x15:0x00000001  x7=0x00000031
          27456	     13724	001002a8	000205b7	lui	x11,0x20	 x11=0x00020000
          27460	     13726	001002ac	0075a023	sw	x7,0(x11)	 x11:0x00020000  x7:0x00000031 PA:0x00020000 store:0x00000031 load:0x00000000
          27462	     13727	001002b0	00f57513	andi	x10,x10,15	 x10:0x00000013 x10=0x00000003
          27464	     13728	001002b4	00900613	addi	x12,x0,9	  x0:0x00000000 x12=0x00000009
          27468	     13730	001002b8	f2a67ae3	bgeu	x12,x10,1001ec	 x12:0x00000009 x10:0x00000003
          27472	     13732	001001ec	03050893	addi	x17,x10,48	 x10:0x00000003 x17=0x00000033
          27474	     13733	001001f0	00020e37	lui	x28,0x20	 x28=0x00020000
          27478	     13735	001001f4	011e2023	sw	x17,0(x28)	 x28:0x00020000 x17:0x00000033 PA:0x00020000 store:0x00000033 load:0x00000000
          27482	     13737	001001f8	00008067	jalr	x0,0(x1)	  x1:0x001013f8  x0=0x00000000
          27484	     13738	001013f8	a18b0513	addi	x10,x22,-1512	 x22:0x00102000 x10=0x00101a18
          27488	     13740	001013fc	ca5fe0ef	jal	x1,1000a0	  x1=0x00101400
          27492	     13742	001000a0	00054803	lbu	x16,0(x10)	 x10:0x00101a18 x16=0x00000020 PA:0x00101a18 store:0x00000000
          27494	     13743	001000a4	06080663	beq	x16,x0,100110	 x16:0x00000020  x0:0x00000000
          27496	     13744	001000a8	000207b7	lui	x15,0x20	 x15=0x00020000
          27500	     13746	001000ac	0107a023	sw	x16,0(x15)	 x15:0x00020000 x16:0x00000020 PA:0x00020000 store:0x00000020 load:0x00000000
          27504	     13748	001000b0	00154703	lbu	x14,1(x10)	 x10:0x00101a18 x14=0x00000072 PA:0x00101a19 store:0x00101400
          27506	     13749	001000b4	04070e63	beq	x14,x0,100110	 x14:0x00000072  x0:0x00000000
          27510	     13751	001000b8	00e7a023	sw	x14,0(x15)	 x15:0x00020000 x14:0x00000072 PA:0x00020000 store:0x00000072 load:0x00000000
          27514	     13753	001000bc	00254283	lbu	x5,2(x10)	 x10:0x00101a18  x5=0x00000065 PA:0x00101a1a store:0x00137fa0
          27516	     13754	001000c0	04028863	beq	x5,x0,100110	  x5:0x00000065  x0:0x00000000
          27520	     13756	001000c4	0057a023	sw	x5,0(x15)	 x15:0x00020000  x5:0x00000065 PA:0x00020000 store:0x00000065 load:0x00000000
          27524	     13758	001000c8	00354303	lbu	x6,3(x10)	 x10:0x00101a18  x6=0x00000073 PA:0x00101a1b store:0x00000000
          27526	     13759	001000cc	04030263	beq	x6,x0,100110	  x6:0x00000073  x0:0x00000000
          27530	     13761	001000d0	0067a023	sw	x6,0(x15)	 x15:0x00020000  x6:0x00000073 PA:0x00020000 store:0x00000073 load:0x00000000
          27534	     13763	001000d4	00454383	lbu	x7,4(x10)	 x10:0x00101a18  x7=0x00000075 PA:0x00101a1c store:0x00000000
          27536	     13764	001000d8	02038c63	beq	x7,x0,100110	  x7:0x00000075  x0:0x00000000
          27540	     13766	001000dc	0077a023	sw	x7,0(x15)	 x15:0x00020000  x7:0x00000075 PA:0x00020000 store:0x00000075 load:0x00000000
          27544	     13768	001000e0	00554583	lbu	x11,5(x10)	 x10:0x00101a18 x11=0x0000006c PA:0x00101a1d store:0x00000065
          27546	     13769	001000e4	02058663	beq	x11,x0,100110	 x11:0x0000006c  x0:0x00000000
          27550	     13771	001000e8	00b7a023	sw	x11,0(x15)	 x15:0x00020000 x11:0x0000006c PA:0x00020000 store:0x0000006c load:0x00000000
          27554	     13773	001000ec	00654603	lbu	x12,6(x10)	 x10:0x00101a18 x12=0x00000074 PA:0x00101a1e store:0x00000073
          27556	     13774	001000f0	02060063	beq	x12,x0,100110	 x12:0x00000074  x0:0x00000000
          27560	     13776	001000f4	00c7a023	sw	x12,0(x15)	 x15:0x00020000 x12:0x00000074 PA:0x00020000 store:0x00000074 load:0x00000000
          27564	     13778	001000f8	00754683	lbu	x13,7(x10)	 x10:0x00101a18 x13=0x0000003a PA:0x00101a1f store:0x00000075
          27566	     13779	001000fc	00850513	addi	x10,x10,8	 x10:0x00101a18 x10=0x00101a20
          27568	     13780	00100100	00068863	beq	x13,x0,100110	 x13:0x0000003a  x0:0x00000000
          27572	     13782	00100104	00d7a023	sw	x13,0(x15)	 x15:0x00020000 x13:0x0000003a PA:0x00020000 store:0x0000003a load:0x00000000
          27576	     13784	00100108	00054803	lbu	x16,0(x10)	 x10:0x00101a20 x16=0x00000020 PA:0x00101a20 store:0x00000000
          27580	     13786	0010010c	fa0810e3	bne	x16,x0,1000ac	 x16:0x00000020  x0:0x00000000
          27586	     13789	001000ac	0107a023	sw	x16,0(x15)	 x15:0x00020000 x16:0x00000020 PA:0x00020000 store:0x00000020 load:0x00000000
          27590	     13791	001000b0	00154703	lbu	x14,1(x10)	 x10:0x00101a20 x14=0x00000000 PA:0x00101a21 store:0x00101400
          27594	     13793	001000b4	04070e63	beq	x14,x0,100110	 x14:0x00000000  x0:0x00000000
          27598	     13795	00100110	00000513	addi	x10,x0,0	  x0:0x00000000 x10=0x00000000
          27602	     13797	00100114	00008067	jalr	x0,0(x1)	  x1:0x00101400  x0=0x00000000
          27606	     13799	00101400	cf8a2503	lw	x10,-776(x20)	 x20:0x00102000 x10=0x3f800031 PA:0x00101cf8 store:0x00000014
          27610	     13801	00101404	d1dfe0ef	jal	x1,100120	  x1=0x00101408
          27612	     13802	00100120	01c55793	srli	x15,x10,0x1c	 x10:0x3f800031 x15=0x00000003
          27614	     13803	00100124	00900713	addi	x14,x0,9	  x0:0x00000000 x14=0x00000009
          27618	     13805	00100128	0cf77a63	bgeu	x14,x15,1001fc	 x14:0x00000009 x15:0x00000003
          27622	     13807	001001fc	03078393	addi	x7,x15,48	 x15:0x00000003  x7=0x00000033
          27624	     13808	00100200	000205b7	lui	x11,0x20	 x11=0x00020000
          27626	     13809	00100204	00451613	slli	x12,x10,0x4	 x10:0x3f800031 x12=0xf8000310
          27630	     13811	00100208	0075a023	sw	x7,0(x11)	 x11:0x00020000  x7:0x00000033 PA:0x00020000 store:0x00000033 load:0x00000000
          27632	     13812	0010020c	01c65693	srli	x13,x12,0x1c	 x12:0xf8000310 x13=0x0000000f
          27634	     13813	00100210	00900813	addi	x16,x0,9	  x0:0x00000000 x16=0x00000009
          27638	     13815	00100214	f2d86ae3	bltu	x16,x13,100148	 x16:0x00000009 x13:0x0000000f
          27642	     13817	00100148	03768893	addi	x17,x13,55	 x13:0x0000000f x17=0x00000046
          27644	     13818	0010014c	00020e37	lui	x28,0x20	 x28=0x00020000
          27646	     13819	00100150	00851f93	slli	x31,x10,0x8	 x10:0x3f800031 x31=0x80003100
          27650	     13821	00100154	011e2023	sw	x17,0(x28)	 x28:0x00020000 x17:0x00000046 PA:0x00020000 store:0x00000046 load:0x00000000
          27652	     13822	00100158	01cfd793	srli	x15,x31,0x1c	 x31:0x80003100 x15=0x00000008
          27654	     13823	0010015c	00900713	addi	x14,x0,9	  x0:0x00000000 x14=0x00000009
          27658	     13825	00100160	0cf77a63	bgeu	x14,x15,100234	 x14:0x00000009 x15:0x00000008
          27662	     13827	00100234	03078393	addi	x7,x15,48	 x15:0x00000008  x7=0x00000038
          27664	     13828	00100238	000205b7	lui	x11,0x20	 x11=0x00020000
          27666	     13829	0010023c	00c51613	slli	x12,x10,0xc	 x10:0x3f800031 x12=0x00031000
          27670	     13831	00100240	0075a023	sw	x7,0(x11)	 x11:0x00020000  x7:0x00000038 PA:0x00020000 store:0x00000038 load:0x00000000
          27672	     13832	00100244	01c65693	srli	x13,x12,0x1c	 x12:0x00031000 x13=0x00000000
          27674	     13833	00100248	00900813	addi	x16,x0,9	  x0:0x00000000 x16=0x00000009
          27676	     13834	0010024c	f2d86ae3	bltu	x16,x13,100180	 x16:0x00000009 x13:0x00000000
          27678	     13835	00100250	03068e93	addi	x29,x13,48	 x13:0x00000000 x29=0x00000030
          27680	     13836	00100254	00020f37	lui	x30,0x20	 x30=0x00020000
          27682	     13837	00100258	01051f93	slli	x31,x10,0x10	 x10:0x3f800031 x31=0x00310000
          27686	     13839	0010025c	01df2023	sw	x29,0(x30)	 x30:0x00020000 x29:0x00000030 PA:0x00020000 store:0x00000030 load:0x00000000
          27688	     13840	00100260	01cfd793	srli	x15,x31,0x1c	 x31:0x00310000 x15=0x00000000
          27690	     13841	00100264	00900713	addi	x14,x0,9	  x0:0x00000000 x14=0x00000009
          27692	     13842	00100268	f2f76ae3	bltu	x14,x15,10019c	 x14:0x00000009 x15:0x00000000
          27694	     13843	0010026c	03078393	addi	x7,x15,48	 x15:0x00000000  x7=0x00000030
          27696	     13844	00100270	000205b7	lui	x11,0x20	 x11=0x00020000
          27698	     13845	00100274	01451613	slli	x12,x10,0x14	 x10:0x3f800031 x12=0x03100000
          27702	     13847	00100278	0075a023	sw	x7,0(x11)	 x11:0x00020000  x7:0x00000030 PA:0x00020000 store:0x00000030 load:0x00000000
          27704	     13848	0010027c	01c65693	srli	x13,x12,0x1c	 x12:0x03100000 x13=0x00000000
          27706	     13849	00100280	00900813	addi	x16,x0,9	  x0:0x00000000 x16=0x00000009
          27708	     13850	00100284	f2d86ae3	bltu	x16,x13,1001b8	 x16:0x00000009 x13:0x00000000
          27710	     13851	00100288	03068e93	addi	x29,x13,48	 x13:0x00000000 x29=0x00000030
          27712	     13852	0010028c	00020f37	lui	x30,0x20	 x30=0x00020000
          27714	     13853	00100290	01851f93	slli	x31,x10,0x18	 x10:0x3f800031 x31=0x31000000
          27718	     13855	00100294	01df2023	sw	x29,0(x30)	 x30:0x00020000 x29:0x00000030 PA:0x00020000 store:0x00000030 load:0x00000000
          27720	     13856	00100298	01cfd793	srli	x15,x31,0x1c	 x31:0x31000000 x15=0x00000003
          27722	     13857	0010029c	00900713	addi	x14,x0,9	  x0:0x00000000 x14=0x00000009
          27724	     13858	001002a0	f2f76ae3	bltu	x14,x15,1001d4	 x14:0x00000009 x15:0x00000003
          27726	     13859	001002a4	03078393	addi	x7,x15,48	 x15:0x00000003  x7=0x00000033
          27728	     13860	001002a8	000205b7	lui	x11,0x20	 x11=0x00020000
          27732	     13862	001002ac	0075a023	sw	x7,0(x11)	 x11:0x00020000  x7:0x00000033 PA:0x00020000 store:0x00000033 load:0x00000000
          27734	     13863	001002b0	00f57513	andi	x10,x10,15	 x10:0x3f800031 x10=0x00000001
          27736	     13864	001002b4	00900613	addi	x12,x0,9	  x0:0x00000000 x12=0x00000009
          27740	     13866	001002b8	f2a67ae3	bgeu	x12,x10,1001ec	 x12:0x00000009 x10:0x00000001
          27744	     13868	001001ec	03050893	addi	x17,x10,48	 x10:0x00000001 x17=0x00000031
          27746	     13869	001001f0	00020e37	lui	x28,0x20	 x28=0x00020000
          27750	     13871	001001f4	011e2023	sw	x17,0(x28)	 x28:0x00020000 x17:0x00000031 PA:0x00020000 store:0x00000031 load:0x00000000
          27754	     13873	001001f8	00008067	jalr	x0,0(x1)	  x1:0x00101408  x0=0x00000000
          27756	     13874	00101408	f1ac18e3	bne	x24,x26,101318	 x24:0x00000014 x26:0x00000014
          27768	     13880	0010140c	00102537	lui	x10,0x102	 x10=0x00102000
          27770	     13881	00101410	93852e87	flw	f29,-1736(x10)	 f10:0x00102000 f29=0x00000000 PA:0x00101938 store:0x00000000
          27772	     13882	00101414	00102337	lui	x6,0x102	  x6=0x00102000
          27774	     13883	00101418	93c32f07	flw	f30,-1732(x6)	  f6:0x00102000 f30=0x00000000 PA:0x0010193c store:0x08e27cac
          27776	     13884	0010141c	00102c37	lui	x24,0x102	 x24=0x00102000
          27778	     13885	00101420	940c2e07	flw	f28,-1728(x24)	 f24:0x00102000 f28=0x00000000 PA:0x00101940 store:0x056b3aa5
          27782	     13887	00101424	001023b7	lui	x7,0x102	  x7=0x00102000
          27784	     13888	00101428	00102ab7	lui	x21,0x102	 x21=0x00102000
          27786	     13889	0010142c	d1daa027	fsw	f29,-768(x21)	 f21:0x00102000 f29:0x00000030 PA:0x00101d00 store:0x42f64a98 load:0x80000000
          27788	     13890	00101430	9443af87	flw	f31,-1724(x7)	  f7:0x00102000 f31=0x00000000 PA:0x00101944 store:0x42f67c6a
          27790	     13891	00101434	d1e9a427	fsw	f30,-760(x19)	 f19:0x00102000 f30:0x00020000 PA:0x00101d08 store:0x41433afb load:0x3ea4b87c
          27792	     13892	00101438	001020b7	lui	x1,0x102	  x1=0x00102000
          27794	     13893	0010143c	00102b37	lui	x22,0x102	 x22=0x00102000
          27796	     13894	00101440	d1cb2627	fsw	f28,-756(x22)	 f22:0x00102000 f28:0x00020000 PA:0x00101d0c store:0x80000000 load:0x3ea4b87c
          27798	     13895	00101444	a4408513	addi	x10,x1,-1468	  x1:0x00102000 x10=0x00101a44
          27800	     13896	00101448	d1f42c27	fsw	f31,-744(x8)	  f8:0x00102000 f31:0x31000000 PA:0x00101d18 store:0x3ea4b87c load:0x3ea4b87c
          27802	     13897	0010144c	c55fe0ef	jal	x1,1000a0	  x1=0x00101450
          27804	     13898	001000a0	00054803	lbu	x16,0(x10)	 x10:0x00101a44 x16=0x0000000a PA:0x00101a44 store:0x00000000
          27806	     13899	001000a4	06080663	beq	x16,x0,100110	 x16:0x0000000a  x0:0x00000000
          27808	     13900	001000a8	000207b7	lui	x15,0x20	 x15=0x00020000
          27810	     13901	001000ac	0107a023	sw	x16,0(x15)	 x15:0x00020000 x16:0x0000000a PA:0x00020000 store:0x0000000a load:0x00000000
          27812	     13902	001000b0	00154703	lbu	x14,1(x10)	 x10:0x00101a44 x14=0x0000000a PA:0x00101a45 store:0x00101450
          27814	     13903	001000b4	04070e63	beq	x14,x0,100110	 x14:0x0000000a  x0:0x00000000
          27816	     13904	001000b8	00e7a023	sw	x14,0(x15)	 x15:0x00020000 x14:0x0000000a PA:0x00020000 store:0x0000000a load:0x00000000
          27818	     13905	001000bc	00254283	lbu	x5,2(x10)	 x10:0x00101a44  x5=0x00000053 PA:0x00101a46 store:0x00137fa0
          27820	     13906	001000c0	04028863	beq	x5,x0,100110	  x5:0x00000053  x0:0x00000000
          27824	     13908	001000c4	0057a023	sw	x5,0(x15)	 x15:0x00020000  x5:0x00000053 PA:0x00020000 store:0x00000053 load:0x00000000
          27828	     13910	001000c8	00354303	lbu	x6,3(x10)	 x10:0x00101a44  x6=0x00000069 PA:0x00101a47 store:0x00000000
          27830	     13911	001000cc	04030263	beq	x6,x0,100110	  x6:0x00000069  x0:0x00000000
          27834	     13913	001000d0	0067a023	sw	x6,0(x15)	 x15:0x00020000  x6:0x00000069 PA:0x00020000 store:0x00000069 load:0x00000000
          27838	     13915	001000d4	00454383	lbu	x7,4(x10)	 x10:0x00101a44  x7=0x00000067 PA:0x00101a48 store:0x00000000
          27840	     13916	001000d8	02038c63	beq	x7,x0,100110	  x7:0x00000067  x0:0x00000000
          27844	     13918	001000dc	0077a023	sw	x7,0(x15)	 x15:0x00020000  x7:0x00000067 PA:0x00020000 store:0x00000067 load:0x00000000
          27848	     13920	001000e0	00554583	lbu	x11,5(x10)	 x10:0x00101a44 x11=0x0000006e PA:0x00101a49 store:0x00000053
          27850	     13921	001000e4	02058663	beq	x11,x0,100110	 x11:0x0000006e  x0:0x00000000
          27854	     13923	001000e8	00b7a023	sw	x11,0(x15)	 x15:0x00020000 x11:0x0000006e PA:0x00020000 store:0x0000006e load:0x00000000
          27858	     13925	001000ec	00654603	lbu	x12,6(x10)	 x10:0x00101a44 x12=0x0000002c PA:0x00101a4a store:0x00000069
          27860	     13926	001000f0	02060063	beq	x12,x0,100110	 x12:0x0000002c  x0:0x00000000
          27864	     13928	001000f4	00c7a023	sw	x12,0(x15)	 x15:0x00020000 x12:0x0000002c PA:0x00020000 store:0x0000002c load:0x00000000
          27868	     13930	001000f8	00754683	lbu	x13,7(x10)	 x10:0x00101a44 x13=0x00000020 PA:0x00101a4b store:0x00000067
          27870	     13931	001000fc	00850513	addi	x10,x10,8	 x10:0x00101a44 x10=0x00101a4c
          27872	     13932	00100100	00068863	beq	x13,x0,100110	 x13:0x00000020  x0:0x00000000
          27876	     13934	00100104	00d7a023	sw	x13,0(x15)	 x15:0x00020000 x13:0x00000020 PA:0x00020000 store:0x00000020 load:0x00000000
          27880	     13936	00100108	00054803	lbu	x16,0(x10)	 x10:0x00101a4c x16=0x0000006d PA:0x00101a4c store:0x00000000
          27884	     13938	0010010c	fa0810e3	bne	x16,x0,1000ac	 x16:0x0000006d  x0:0x00000000
          27890	     13941	001000ac	0107a023	sw	x16,0(x15)	 x15:0x00020000 x16:0x0000006d PA:0x00020000 store:0x0000006d load:0x00000000
          27894	     13943	001000b0	00154703	lbu	x14,1(x10)	 x10:0x00101a4c x14=0x00000061 PA:0x00101a4d store:0x00101450
          27896	     13944	001000b4	04070e63	beq	x14,x0,100110	 x14:0x00000061  x0:0x00000000
          27900	     13946	001000b8	00e7a023	sw	x14,0(x15)	 x15:0x00020000 x14:0x00000061 PA:0x00020000 store:0x00000061 load:0x00000000
          27904	     13948	001000bc	00254283	lbu	x5,2(x10)	 x10:0x00101a4c  x5=0x00000078 PA:0x00101a4e store:0x00137fa0
          27906	     13949	001000c0	04028863	beq	x5,x0,100110	  x5:0x00000078  x0:0x00000000
          27910	     13951	001000c4	0057a023	sw	x5,0(x15)	 x15:0x00020000  x5:0x00000078 PA:0x00020000 store:0x00000078 load:0x00000000
          27914	     13953	001000c8	00354303	lbu	x6,3(x10)	 x10:0x00101a4c  x6=0x00000020 PA:0x00101a4f store:0x00000000
          27916	     13954	001000cc	04030263	beq	x6,x0,100110	  x6:0x00000020  x0:0x00000000
          27920	     13956	001000d0	0067a023	sw	x6,0(x15)	 x15:0x00020000  x6:0x00000020 PA:0x00020000 store:0x00000020 load:0x00000000
          27924	     13958	001000d4	00454383	lbu	x7,4(x10)	 x10:0x00101a4c  x7=0x00000061 PA:0x00101a50 store:0x00000000
          27926	     13959	001000d8	02038c63	beq	x7,x0,100110	  x7:0x00000061  x0:0x00000000
          27930	     13961	001000dc	0077a023	sw	x7,0(x15)	 x15:0x00020000  x7:0x00000061 PA:0x00020000 store:0x00000061 load:0x00000000
          27934	     13963	001000e0	00554583	lbu	x11,5(x10)	 x10:0x00101a4c x11=0x0000006e PA:0x00101a51 store:0x00000078
          27936	     13964	001000e4	02058663	beq	x11,x0,100110	 x11:0x0000006e  x0:0x00000000
          27940	     13966	001000e8	00b7a023	sw	x11,0(x15)	 x15:0x00020000 x11:0x0000006e PA:0x00020000 store:0x0000006e load:0x00000000
          27944	     13968	001000ec	00654603	lbu	x12,6(x10)	 x10:0x00101a4c x12=0x00000064 PA:0x00101a52 store:0x00000020
          27946	     13969	001000f0	02060063	beq	x12,x0,100110	 x12:0x00000064  x0:0x00000000
          27950	     13971	001000f4	00c7a023	sw	x12,0(x15)	 x15:0x00020000 x12:0x00000064 PA:0x00020000 store:0x00000064 load:0x00000000
          27954	     13973	001000f8	00754683	lbu	x13,7(x10)	 x10:0x00101a4c x13=0x00000020 PA:0x00101a53 store:0x00000061
          27956	     13974	001000fc	00850513	addi	x10,x10,8	 x10:0x00101a4c x10=0x00101a54
          27958	     13975	00100100	00068863	beq	x13,x0,100110	 x13:0x00000020  x0:0x00000000
          27962	     13977	00100104	00d7a023	sw	x13,0(x15)	 x15:0x00020000 x13:0x00000020 PA:0x00020000 store:0x00000020 load:0x00000000
          27966	     13979	00100108	00054803	lbu	x16,0(x10)	 x10:0x00101a54 x16=0x00000066 PA:0x00101a54 store:0x00000000
          27970	     13981	0010010c	fa0810e3	bne	x16,x0,1000ac	 x16:0x00000066  x0:0x00000000
          27976	     13984	001000ac	0107a023	sw	x16,0(x15)	 x15:0x00020000 x16:0x00000066 PA:0x00020000 store:0x00000066 load:0x00000000
          27980	     13986	001000b0	00154703	lbu	x14,1(x10)	 x10:0x00101a54 x14=0x0000006e PA:0x00101a55 store:0x00101450
          27982	     13987	001000b4	04070e63	beq	x14,x0,100110	 x14:0x0000006e  x0:0x00000000
          27986	     13989	001000b8	00e7a023	sw	x14,0(x15)	 x15:0x00020000 x14:0x0000006e PA:0x00020000 store:0x0000006e load:0x00000000
          27990	     13991	001000bc	00254283	lbu	x5,2(x10)	 x10:0x00101a54  x5=0x0000006d PA:0x00101a56 store:0x00137fa0
          27992	     13992	001000c0	04028863	beq	x5,x0,100110	  x5:0x0000006d  x0:0x00000000
          27996	     13994	001000c4	0057a023	sw	x5,0(x15)	 x15:0x00020000  x5:0x0000006d PA:0x00020000 store:0x0000006d load:0x00000000
          28000	     13996	001000c8	00354303	lbu	x6,3(x10)	 x10:0x00101a54  x6=0x00000073 PA:0x00101a57 store:0x00000000
          28002	     13997	001000cc	04030263	beq	x6,x0,100110	  x6:0x00000073  x0:0x00000000
          28006	     13999	001000d0	0067a023	sw	x6,0(x15)	 x15:0x00020000  x6:0x00000073 PA:0x00020000 store:0x00000073 load:0x00000000
          28010	     14001	001000d4	00454383	lbu	x7,4(x10)	 x10:0x00101a54  x7=0x00000075 PA:0x00101a58 store:0x00000000
          28012	     14002	001000d8	02038c63	beq	x7,x0,100110	  x7:0x00000075  x0:0x00000000
          28016	     14004	001000dc	0077a023	sw	x7,0(x15)	 x15:0x00020000  x7:0x00000075 PA:0x00020000 store:0x00000075 load:0x00000000
          28020	     14006	001000e0	00554583	lbu	x11,5(x10)	 x10:0x00101a54 x11=0x00000062 PA:0x00101a59 store:0x0000006d
          28022	     14007	001000e4	02058663	beq	x11,x0,100110	 x11:0x00000062  x0:0x00000000
          28026	     14009	001000e8	00b7a023	sw	x11,0(x15)	 x15:0x00020000 x11:0x00000062 PA:0x00020000 store:0x00000062 load:0x00000000
          28030	     14011	001000ec	00654603	lbu	x12,6(x10)	 x10:0x00101a54 x12=0x00000020 PA:0x00101a5a store:0x00000073
          28032	     14012	001000f0	02060063	beq	x12,x0,100110	 x12:0x00000020  x0:0x00000000
          28036	     14014	001000f4	00c7a023	sw	x12,0(x15)	 x15:0x00020000 x12:0x00000020 PA:0x00020000 store:0x00000020 load:0x00000000
          28040	     14016	001000f8	00754683	lbu	x13,7(x10)	 x10:0x00101a54 x13=0x00000069 PA:0x00101a5b store:0x00000075
          28042	     14017	001000fc	00850513	addi	x10,x10,8	 x10:0x00101a54 x10=0x00101a5c
          28044	     14018	00100100	00068863	beq	x13,x0,100110	 x13:0x00000069  x0:0x00000000
          28048	     14020	00100104	00d7a023	sw	x13,0(x15)	 x15:0x00020000 x13:0x00000069 PA:0x00020000 store:0x00000069 load:0x00000000
          28052	     14022	00100108	00054803	lbu	x16,0(x10)	 x10:0x00101a5c x16=0x0000006e PA:0x00101a5c store:0x00000000
          28056	     14024	0010010c	fa0810e3	bne	x16,x0,1000ac	 x16:0x0000006e  x0:0x00000000
          28062	     14027	001000ac	0107a023	sw	x16,0(x15)	 x15:0x00020000 x16:0x0000006e PA:0x00020000 store:0x0000006e load:0x00000000
          28066	     14029	001000b0	00154703	lbu	x14,1(x10)	 x10:0x00101a5c x14=0x00000020 PA:0x00101a5d store:0x00101450
          28068	     14030	001000b4	04070e63	beq	x14,x0,100110	 x14:0x00000020  x0:0x00000000
          28072	     14032	001000b8	00e7a023	sw	x14,0(x15)	 x15:0x00020000 x14:0x00000020 PA:0x00020000 store:0x00000020 load:0x00000000
          28076	     14034	001000bc	00254283	lbu	x5,2(x10)	 x10:0x00101a5c  x5=0x00000077 PA:0x00101a5e store:0x00137fa0
          28078	     14035	001000c0	04028863	beq	x5,x0,100110	  x5:0x00000077  x0:0x00000000
          28082	     14037	001000c4	0057a023	sw	x5,0(x15)	 x15:0x00020000  x5:0x00000077 PA:0x00020000 store:0x00000077 load:0x00000000
          28086	     14039	001000c8	00354303	lbu	x6,3(x10)	 x10:0x00101a5c  x6=0x00000068 PA:0x00101a5f store:0x00000000
          28088	     14040	001000cc	04030263	beq	x6,x0,100110	  x6:0x00000068  x0:0x00000000
          28092	     14042	001000d0	0067a023	sw	x6,0(x15)	 x15:0x00020000  x6:0x00000068 PA:0x00020000 store:0x00000068 load:0x00000000
          28096	     14044	001000d4	00454383	lbu	x7,4(x10)	 x10:0x00101a5c  x7=0x00000069 PA:0x00101a60 store:0x00000000
          28098	     14045	001000d8	02038c63	beq	x7,x0,100110	  x7:0x00000069  x0:0x00000000
          28102	     14047	001000dc	0077a023	sw	x7,0(x15)	 x15:0x00020000  x7:0x00000069 PA:0x00020000 store:0x00000069 load:0x00000000
          28106	     14049	001000e0	00554583	lbu	x11,5(x10)	 x10:0x00101a5c x11=0x0000006c PA:0x00101a61 store:0x00000077
          28108	     14050	001000e4	02058663	beq	x11,x0,100110	 x11:0x0000006c  x0:0x00000000
          28112	     14052	001000e8	00b7a023	sw	x11,0(x15)	 x15:0x00020000 x11:0x0000006c PA:0x00020000 store:0x0000006c load:0x00000000
          28116	     14054	001000ec	00654603	lbu	x12,6(x10)	 x10:0x00101a5c x12=0x00000065 PA:0x00101a62 store:0x00000068
          28118	     14055	001000f0	02060063	beq	x12,x0,100110	 x12:0x00000065  x0:0x00000000
          28122	     14057	001000f4	00c7a023	sw	x12,0(x15)	 x15:0x00020000 x12:0x00000065 PA:0x00020000 store:0x00000065 load:0x00000000
          28126	     14059	001000f8	00754683	lbu	x13,7(x10)	 x10:0x00101a5c x13=0x00000020 PA:0x00101a63 store:0x00000069
          28128	     14060	001000fc	00850513	addi	x10,x10,8	 x10:0x00101a5c x10=0x00101a64
          28130	     14061	00100100	00068863	beq	x13,x0,100110	 x13:0x00000020  x0:0x00000000
          28134	     14063	00100104	00d7a023	sw	x13,0(x15)	 x15:0x00020000 x13:0x00000020 PA:0x00020000 store:0x00000020 load:0x00000000
          28138	     14065	00100108	00054803	lbu	x16,0(x10)	 x10:0x00101a64 x16=0x0000006c PA:0x00101a64 store:0x00000000
          28142	     14067	0010010c	fa0810e3	bne	x16,x0,1000ac	 x16:0x0000006c  x0:0x00000000
          28148	     14070	001000ac	0107a023	sw	x16,0(x15)	 x15:0x00020000 x16:0x0000006c PA:0x00020000 store:0x0000006c load:0x00000000
          28152	     14072	001000b0	00154703	lbu	x14,1(x10)	 x10:0x00101a64 x14=0x0000006f PA:0x00101a65 store:0x00101450
          28154	     14073	001000b4	04070e63	beq	x14,x0,100110	 x14:0x0000006f  x0:0x00000000
          28158	     14075	001000b8	00e7a023	sw	x14,0(x15)	 x15:0x00020000 x14:0x0000006f PA:0x00020000 store:0x0000006f load:0x00000000
          28162	     14077	001000bc	00254283	lbu	x5,2(x10)	 x10:0x00101a64  x5=0x0000006f PA:0x00101a66 store:0x00137fa0
          28164	     14078	001000c0	04028863	beq	x5,x0,100110	  x5:0x0000006f  x0:0x00000000
          28168	     14080	001000c4	0057a023	sw	x5,0(x15)	 x15:0x00020000  x5:0x0000006f PA:0x00020000 store:0x0000006f load:0x00000000
          28172	     14082	001000c8	00354303	lbu	x6,3(x10)	 x10:0x00101a64  x6=0x00000070 PA:0x00101a67 store:0x00000000
          28174	     14083	001000cc	04030263	beq	x6,x0,100110	  x6:0x00000070  x0:0x00000000
          28178	     14085	001000d0	0067a023	sw	x6,0(x15)	 x15:0x00020000  x6:0x00000070 PA:0x00020000 store:0x00000070 load:0x00000000
          28182	     14087	001000d4	00454383	lbu	x7,4(x10)	 x10:0x00101a64  x7=0x00000020 PA:0x00101a68 store:0x00000000
          28184	     14088	001000d8	02038c63	beq	x7,x0,100110	  x7:0x00000020  x0:0x00000000
          28188	     14090	001000dc	0077a023	sw	x7,0(x15)	 x15:0x00020000  x7:0x00000020 PA:0x00020000 store:0x00000020 load:0x00000000
          28192	     14092	001000e0	00554583	lbu	x11,5(x10)	 x10:0x00101a64 x11=0x00000074 PA:0x00101a69 store:0x0000006f
          28194	     14093	001000e4	02058663	beq	x11,x0,100110	 x11:0x00000074  x0:0x00000000
          28198	     14095	001000e8	00b7a023	sw	x11,0(x15)	 x15:0x00020000 x11:0x00000074 PA:0x00020000 store:0x00000074 load:0x00000000
          28202	     14097	001000ec	00654603	lbu	x12,6(x10)	 x10:0x00101a64 x12=0x00000065 PA:0x00101a6a store:0x00000070
          28204	     14098	001000f0	02060063	beq	x12,x0,100110	 x12:0x00000065  x0:0x00000000
          28208	     14100	001000f4	00c7a023	sw	x12,0(x15)	 x15:0x00020000 x12:0x00000065 PA:0x00020000 store:0x00000065 load:0x00000000
          28212	     14102	001000f8	00754683	lbu	x13,7(x10)	 x10:0x00101a64 x13=0x00000073 PA:0x00101a6b store:0x00000020
          28214	     14103	001000fc	00850513	addi	x10,x10,8	 x10:0x00101a64 x10=0x00101a6c
          28216	     14104	00100100	00068863	beq	x13,x0,100110	 x13:0x00000073  x0:0x00000000
          28220	     14106	00100104	00d7a023	sw	x13,0(x15)	 x15:0x00020000 x13:0x00000073 PA:0x00020000 store:0x00000073 load:0x00000000
          28224	     14108	00100108	00054803	lbu	x16,0(x10)	 x10:0x00101a6c x16=0x00000074 PA:0x00101a6c store:0x00000000
          28228	     14110	0010010c	fa0810e3	bne	x16,x0,1000ac	 x16:0x00000074  x0:0x00000000
          28234	     14113	001000ac	0107a023	sw	x16,0(x15)	 x15:0x00020000 x16:0x00000074 PA:0x00020000 store:0x00000074 load:0x00000000
          28238	     14115	001000b0	00154703	lbu	x14,1(x10)	 x10:0x00101a6c x14=0x00000069 PA:0x00101a6d store:0x00101450
          28240	     14116	001000b4	04070e63	beq	x14,x0,100110	 x14:0x00000069  x0:0x00000000
          28244	     14118	001000b8	00e7a023	sw	x14,0(x15)	 x15:0x00020000 x14:0x00000069 PA:0x00020000 store:0x00000069 load:0x00000000
          28248	     14120	001000bc	00254283	lbu	x5,2(x10)	 x10:0x00101a6c  x5=0x0000006e PA:0x00101a6e store:0x00137fa0
          28250	     14121	001000c0	04028863	beq	x5,x0,100110	  x5:0x0000006e  x0:0x00000000
          28254	     14123	001000c4	0057a023	sw	x5,0(x15)	 x15:0x00020000  x5:0x0000006e PA:0x00020000 store:0x0000006e load:0x00000000
          28258	     14125	001000c8	00354303	lbu	x6,3(x10)	 x10:0x00101a6c  x6=0x00000067 PA:0x00101a6f store:0x00000000
          28260	     14126	001000cc	04030263	beq	x6,x0,100110	  x6:0x00000067  x0:0x00000000
          28264	     14128	001000d0	0067a023	sw	x6,0(x15)	 x15:0x00020000  x6:0x00000067 PA:0x00020000 store:0x00000067 load:0x00000000
          28268	     14130	001000d4	00454383	lbu	x7,4(x10)	 x10:0x00101a6c  x7=0x0000002e PA:0x00101a70 store:0x00000000
          28270	     14131	001000d8	02038c63	beq	x7,x0,100110	  x7:0x0000002e  x0:0x00000000
          28274	     14133	001000dc	0077a023	sw	x7,0(x15)	 x15:0x00020000  x7:0x0000002e PA:0x00020000 store:0x0000002e load:0x00000000
          28278	     14135	001000e0	00554583	lbu	x11,5(x10)	 x10:0x00101a6c x11=0x00000000 PA:0x00101a71 store:0x0000006e
          28282	     14137	001000e4	02058663	beq	x11,x0,100110	 x11:0x00000000  x0:0x00000000
          28286	     14139	00100110	00000513	addi	x10,x0,0	  x0:0x00000000 x10=0x00000000
          28300	     14146	00100114	00008067	jalr	x0,0(x1)	  x1:0x00101450  x0=0x00000000
          28302	     14147	00101450	f0000053	fmv.w.x	f0,x0	  x0:0x00000000  f0=0x00000000
          28304	     14148	00101454	d00aa087	flw	f1,-768(x21)	 f21:0x00102000  f1=0x00000000 PA:0x00101d00 store:0x056b3aa5
          28306	     14149	00101458	d089a107	flw	f2,-760(x19)	 f19:0x00102000  f2=0x00000000 PA:0x00101d08 store:0x3f80018a
          28308	     14150	0010145c	a01015d3	flt.s	x11,f0,f1	  f0:0x00000000  f1:0x00101450 x11=0x00000001
          28310	     14151	00101460	00059463	bne	x11,x0,101468	 x11:0x00000001  x0:0x00000000
          28322	     14157	00101468	d029a427	fsw	f2,-760(x19)	 f19:0x00102000  f2:0x00137fa0 PA:0x00101d08 store:0x41433afb load:0x41433afb
          28328	     14160	0010146c	d089a707	flw	f14,-760(x19)	 f19:0x00102000 f14=0x00000000 PA:0x00101d08 store:0x3f80018a
          28330	     14161	00101470	d00aa787	flw	f15,-768(x21)	 f21:0x00102000 f15=0x00000000 PA:0x00000000
          28336	     14164	00101474	28f711d3	fmax.s	f3,f14,f15	 f14:0x00000069 f15:0x00020000  f3=0x00000000
          28344	     14168	00101478	d03b2627	fsw	f3,-756(x22)	 f22:0x00102000  f3:0x00000000 PA:0x00101d0c store:0x42f64a98 load:0x42f64a98
          28348	     14170	0010147c	d00aa207	flw	f4,-768(x21)	 f21:0x00102000  f4=0x00000000 PA:0x00101d00 store:0x00000000
          28352	     14172	00101480	d0cb2587	flw	f11,-756(x22)	 f22:0x00102000 f11=0x00000000 PA:0x00101d0c store:0x3f800315
          28356	     14174	00101484	d1842287	flw	f5,-744(x8)	  f8:0x00102000  f5=0x00000000 PA:0x00101d18 store:0x00000000
          28362	     14177	00101488	2055f34b	fnmsub.s	f6,f11,f5,f4	 f11:0x00000001  f5:0x0000006e  f4:0x00000000  f6=0x00000000
          28370	     14181	0010148c	d06aa027	fsw	f6,-768(x21)	 f21:0x00102000  f6:0x00000067 PA:0x00101d00 store:0x42a70df5 load:0x3ea4b87c
          28378	     14185	00101490	d00aa607	flw	f12,-768(x21)	 f21:0x00102000 f12=0x00000000 PA:0x00101d00 store:0x00000000
          28384	     14188	00101494	a0061653	flt.s	x12,f12,f0	 f12:0x00000065  f0:0x00000000 x12=0x00000000
          28386	     14189	00101498	fa060ee3	beq	x12,x0,101454	 x12:0x00000000  x0:0x00000000
          28398	     14195	00101454	d00aa087	flw	f1,-768(x21)	 f21:0x00102000  f1=0x00000000 PA:0x00101d00 store:0x00000000
          28400	     14196	00101458	d089a107	flw	f2,-760(x19)	 f19:0x00102000  f2=0x00000000 PA:0x00101d08 store:0x3f80018a
          28404	     14198	0010145c	a01015d3	flt.s	x11,f0,f1	  f0:0x00000000  f1:0x00101450 x11=0x00000001
          28406	     14199	00101460	00059463	bne	x11,x0,101468	 x11:0x00000001  x0:0x00000000
          28418	     14205	00101468	d029a427	fsw	f2,-760(x19)	 f19:0x00102000  f2:0x00137fa0 PA:0x00101d08 store:0x41433afb load:0x41433afb
          28424	     14208	0010146c	d089a707	flw	f14,-760(x19)	 f19:0x00102000 f14=0x00000000 PA:0x00101d08 store:0x3f80018a
          28426	     14209	00101470	d00aa787	flw	f15,-768(x21)	 f21:0x00102000 f15=0x00000000 PA:0x00000000
          28432	     14212	00101474	28f711d3	fmax.s	f3,f14,f15	 f14:0x00000069 f15:0x00020000  f3=0x00000000
          28440	     14216	00101478	d03b2627	fsw	f3,-756(x22)	 f22:0x00102000  f3:0x00000000 PA:0x00101d0c store:0x42a70df5 load:0x42a70df5
          28444	     14218	0010147c	d00aa207	flw	f4,-768(x21)	 f21:0x00102000  f4=0x00000000 PA:0x00101d00 store:0x00000000
          28448	     14220	00101480	d0cb2587	flw	f11,-756(x22)	 f22:0x00102000 f11=0x00000000 PA:0x00101d0c store:0x42a70df5
          28452	     14222	00101484	d1842287	flw	f5,-744(x8)	  f8:0x00102000  f5=0x00000000 PA:0x00101d18 store:0x00000000
          28458	     14225	00101488	2055f34b	fnmsub.s	f6,f11,f5,f4	 f11:0x00000001  f5:0x0000006e  f4:0x00000000  f6=0x00000000
          28466	     14229	0010148c	d06aa027	fsw	f6,-768(x21)	 f21:0x00102000  f6:0x00000067 PA:0x00101d00 store:0x42629e96 load:0x3ea4b87c
          28474	     14233	00101490	d00aa607	flw	f12,-768(x21)	 f21:0x00102000 f12=0x00000000 PA:0x00101d00 store:0x00000000
          28480	     14236	00101494	a0061653	flt.s	x12,f12,f0	 f12:0x00000000  f0:0x00000000 x12=0x00000000
          28482	     14237	00101498	fa060ee3	beq	x12,x0,101454	 x12:0x00000000  x0:0x00000000
          28494	     14243	00101454	d00aa087	flw	f1,-768(x21)	 f21:0x00102000  f1=0x00000000 PA:0x00101d00 store:0x00000000
          28496	     14244	00101458	d089a107	flw	f2,-760(x19)	 f19:0x00102000  f2=0x00000000 PA:0x00101d08 store:0x3f80018a
          28500	     14246	0010145c	a01015d3	flt.s	x11,f0,f1	  f0:0x00000000  f1:0x00101450 x11=0x00000001
          28502	     14247	00101460	00059463	bne	x11,x0,101468	 x11:0x00000001  x0:0x00000000
          28514	     14253	00101468	d029a427	fsw	f2,-760(x19)	 f19:0x00102000  f2:0x00137fa0 PA:0x00101d08 store:0x41433afb load:0x41433afb
          28520	     14256	0010146c	d089a707	flw	f14,-760(x19)	 f19:0x00102000 f14=0x00000000 PA:0x00101d08 store:0x3f80018a
          28522	     14257	00101470	d00aa787	flw	f15,-768(x21)	 f21:0x00102000 f15=0x00000000 PA:0x00000000
          28528	     14260	00101474	28f711d3	fmax.s	f3,f14,f15	 f14:0x00000069 f15:0x00020000  f3=0x00000000
          28536	     14264	00101478	d03b2627	fsw	f3,-756(x22)	 f22:0x00102000  f3:0x00000000 PA:0x00101d0c store:0x42629e96 load:0x42629e96
          28540	     14266	0010147c	d00aa207	flw	f4,-768(x21)	 f21:0x00102000  f4=0x00000000 PA:0x00101d00 store:0x00000000
          28544	     14268	00101480	d0cb2587	flw	f11,-756(x22)	 f22:0x00102000 f11=0x00000000 PA:0x00101d0c store:0x42629e96
          28548	     14270	00101484	d1842287	flw	f5,-744(x8)	  f8:0x00102000  f5=0x00000000 PA:0x00101d18 store:0x00000000
          28554	     14273	00101488	2055f34b	fnmsub.s	f6,f11,f5,f4	 f11:0x00000001  f5:0x0000006e  f4:0x00000000  f6=0x00000000
          28562	     14277	0010148c	d06aa027	fsw	f6,-768(x21)	 f21:0x00102000  f6:0x00000067 PA:0x00101d00 store:0x4219b622 load:0x3ea4b87c
          28570	     14281	00101490	d00aa607	flw	f12,-768(x21)	 f21:0x00102000 f12=0x00000000 PA:0x00101d00 store:0x00000000
          28576	     14284	00101494	a0061653	flt.s	x12,f12,f0	 f12:0x00000000  f0:0x00000000 x12=0x00000000
          28578	     14285	00101498	fa060ee3	beq	x12,x0,101454	 x12:0x00000000  x0:0x00000000
          28590	     14291	00101454	d00aa087	flw	f1,-768(x21)	 f21:0x00102000  f1=0x00000000 PA:0x00101d00 store:0x00000000
          28592	     14292	00101458	d089a107	flw	f2,-760(x19)	 f19:0x00102000  f2=0x00000000 PA:0x00101d08 store:0x3f80018a
          28596	     14294	0010145c	a01015d3	flt.s	x11,f0,f1	  f0:0x00000000  f1:0x00101450 x11=0x00000001
          28598	     14295	00101460	00059463	bne	x11,x0,101468	 x11:0x00000001  x0:0x00000000
          28610	     14301	00101468	d029a427	fsw	f2,-760(x19)	 f19:0x00102000  f2:0x00137fa0 PA:0x00101d08 store:0x41433afb load:0x41433afb
          28616	     14304	0010146c	d089a707	flw	f14,-760(x19)	 f19:0x00102000 f14=0x00000000 PA:0x00101d08 store:0x3f80018a
          28618	     14305	00101470	d00aa787	flw	f15,-768(x21)	 f21:0x00102000 f15=0x00000000 PA:0x00000000
          28624	     14308	00101474	28f711d3	fmax.s	f3,f14,f15	 f14:0x00000069 f15:0x00020000  f3=0x00000000
          28632	     14312	00101478	d03b2627	fsw	f3,-756(x22)	 f22:0x00102000  f3:0x00000000 PA:0x00101d0c store:0x4219b622 load:0x4219b622
          28636	     14314	0010147c	d00aa207	flw	f4,-768(x21)	 f21:0x00102000  f4=0x00000000 PA:0x00101d00 store:0x00000000
          28640	     14316	00101480	d0cb2587	flw	f11,-756(x22)	 f22:0x00102000 f11=0x00000000 PA:0x00101d0c store:0x4219b622
          28644	     14318	00101484	d1842287	flw	f5,-744(x8)	  f8:0x00102000  f5=0x00000000 PA:0x00101d18 store:0x00000000
          28650	     14321	00101488	2055f34b	fnmsub.s	f6,f11,f5,f4	 f11:0x00000001  f5:0x0000006e  f4:0x00000000  f6=0x00000000
          28658	     14325	0010148c	d06aa027	fsw	f6,-768(x21)	 f21:0x00102000  f6:0x00000067 PA:0x00101d00 store:0x41d084d1 load:0x3ea4b87c
          28666	     14329	00101490	d00aa607	flw	f12,-768(x21)	 f21:0x00102000 f12=0x00000000 PA:0x00101d00 store:0x00000000
          28672	     14332	00101494	a0061653	flt.s	x12,f12,f0	 f12:0x00000000  f0:0x00000000 x12=0x00000000
          28674	     14333	00101498	fa060ee3	beq	x12,x0,101454	 x12:0x00000000  x0:0x00000000
          28686	     14339	00101454	d00aa087	flw	f1,-768(x21)	 f21:0x00102000  f1=0x00000000 PA:0x00101d00 store:0x00000000
          28688	     14340	00101458	d089a107	flw	f2,-760(x19)	 f19:0x00102000  f2=0x00000000 PA:0x00101d08 store:0x3f80018a
          28692	     14342	0010145c	a01015d3	flt.s	x11,f0,f1	  f0:0x00000000  f1:0x00101450 x11=0x00000001
          28694	     14343	00101460	00059463	bne	x11,x0,101468	 x11:0x00000001  x0:0x00000000
          28706	     14349	00101468	d029a427	fsw	f2,-760(x19)	 f19:0x00102000  f2:0x00137fa0 PA:0x00101d08 store:0x41433afb load:0x41433afb
          28712	     14352	0010146c	d089a707	flw	f14,-760(x19)	 f19:0x00102000 f14=0x00000000 PA:0x00101d08 store:0x3f80018a
          28714	     14353	00101470	d00aa787	flw	f15,-768(x21)	 f21:0x00102000 f15=0x00000000 PA:0x00000000
          28720	     14356	00101474	28f711d3	fmax.s	f3,f14,f15	 f14:0x00000069 f15:0x00020000  f3=0x00000000
          28728	     14360	00101478	d03b2627	fsw	f3,-756(x22)	 f22:0x00102000  f3:0x00000000 PA:0x00101d0c store:0x41d084d1 load:0x41d084d1
          28732	     14362	0010147c	d00aa207	flw	f4,-768(x21)	 f21:0x00102000  f4=0x00000000 PA:0x00101d00 store:0x00000000
          28736	     14364	00101480	d0cb2587	flw	f11,-756(x22)	 f22:0x00102000 f11=0x00000000 PA:0x00101d0c store:0x41d084d1
          28740	     14366	00101484	d1842287	flw	f5,-744(x8)	  f8:0x00102000  f5=0x00000000 PA:0x00101d18 store:0x00000000
          28746	     14369	00101488	2055f34b	fnmsub.s	f6,f11,f5,f4	 f11:0x00000001  f5:0x0000006e  f4:0x00000000  f6=0x00000000
          28754	     14373	0010148c	d06aa027	fsw	f6,-768(x21)	 f21:0x00102000  f6:0x00000067 PA:0x00101d00 store:0x418d6f24 load:0x3ea4b87c
          28762	     14377	00101490	d00aa607	flw	f12,-768(x21)	 f21:0x00102000 f12=0x00000000 PA:0x00101d00 store:0x00000000
          28768	     14380	00101494	a0061653	flt.s	x12,f12,f0	 f12:0x00000000  f0:0x00000000 x12=0x00000000
          28770	     14381	00101498	fa060ee3	beq	x12,x0,101454	 x12:0x00000000  x0:0x00000000
          28782	     14387	00101454	d00aa087	flw	f1,-768(x21)	 f21:0x00102000  f1=0x00000000 PA:0x00101d00 store:0x00000000
          28784	     14388	00101458	d089a107	flw	f2,-760(x19)	 f19:0x00102000  f2=0x00000000 PA:0x00101d08 store:0x3f80018a
          28788	     14390	0010145c	a01015d3	flt.s	x11,f0,f1	  f0:0x00000000  f1:0x00101450 x11=0x00000001
          28790	     14391	00101460	00059463	bne	x11,x0,101468	 x11:0x00000001  x0:0x00000000
          28802	     14397	00101468	d029a427	fsw	f2,-760(x19)	 f19:0x00102000  f2:0x00137fa0 PA:0x00101d08 store:0x41433afb load:0x41433afb
          28808	     14400	0010146c	d089a707	flw	f14,-760(x19)	 f19:0x00102000 f14=0x00000000 PA:0x00101d08 store:0x3f80018a
          28810	     14401	00101470	d00aa787	flw	f15,-768(x21)	 f21:0x00102000 f15=0x00000000 PA:0x00000000
          28816	     14404	00101474	28f711d3	fmax.s	f3,f14,f15	 f14:0x00000069 f15:0x00020000  f3=0x00000000
          28824	     14408	00101478	d03b2627	fsw	f3,-756(x22)	 f22:0x00102000  f3:0x00000000 PA:0x00101d0c store:0x418d6f24 load:0x418d6f24
          28828	     14410	0010147c	d00aa207	flw	f4,-768(x21)	 f21:0x00102000  f4=0x00000000 PA:0x00101d00 store:0x00000000
          28832	     14412	00101480	d0cb2587	flw	f11,-756(x22)	 f22:0x00102000 f11=0x00000000 PA:0x00101d0c store:0x418d6f24
          28836	     14414	00101484	d1842287	flw	f5,-744(x8)	  f8:0x00102000  f5=0x00000000 PA:0x00101d18 store:0x00000000
          28842	     14417	00101488	2055f34b	fnmsub.s	f6,f11,f5,f4	 f11:0x00000001  f5:0x0000006e  f4:0x00000000  f6=0x00000000
          28850	     14421	0010148c	d06aa027	fsw	f6,-768(x21)	 f21:0x00102000  f6:0x00000067 PA:0x00101d00 store:0x413fdd29 load:0x3ea4b87c
          28858	     14425	00101490	d00aa607	flw	f12,-768(x21)	 f21:0x00102000 f12=0x00000000 PA:0x00101d00 store:0x00000000
          28864	     14428	00101494	a0061653	flt.s	x12,f12,f0	 f12:0x00000000  f0:0x00000000 x12=0x00000000
          28866	     14429	00101498	fa060ee3	beq	x12,x0,101454	 x12:0x00000000  x0:0x00000000
          28878	     14435	00101454	d00aa087	flw	f1,-768(x21)	 f21:0x00102000  f1=0x00000000 PA:0x00101d00 store:0x00000000
          28880	     14436	00101458	d089a107	flw	f2,-760(x19)	 f19:0x00102000  f2=0x00000000 PA:0x00101d08 store:0x3f80018a
          28884	     14438	0010145c	a01015d3	flt.s	x11,f0,f1	  f0:0x00000000  f1:0x00101450 x11=0x00000001
          28886	     14439	00101460	00059463	bne	x11,x0,101468	 x11:0x00000001  x0:0x00000000
          28898	     14445	00101468	d029a427	fsw	f2,-760(x19)	 f19:0x00102000  f2:0x00137fa0 PA:0x00101d08 store:0x41433afb load:0x41433afb
          28904	     14448	0010146c	d089a707	flw	f14,-760(x19)	 f19:0x00102000 f14=0x00000000 PA:0x00101d08 store:0x3f80018a
          28906	     14449	00101470	d00aa787	flw	f15,-768(x21)	 f21:0x00102000 f15=0x00000000 PA:0x00000000
          28912	     14452	00101474	28f711d3	fmax.s	f3,f14,f15	 f14:0x00000069 f15:0x00020000  f3=0x00000000
          28920	     14456	00101478	d03b2627	fsw	f3,-756(x22)	 f22:0x00102000  f3:0x00000000 PA:0x00101d0c store:0x41433afb load:0x413fdd29
          28924	     14458	0010147c	d00aa207	flw	f4,-768(x21)	 f21:0x00102000  f4=0x00000000 PA:0x00101d00 store:0x00000000
          28928	     14460	00101480	d0cb2587	flw	f11,-756(x22)	 f22:0x00102000 f11=0x00000000 PA:0x00101d0c store:0x413fdd29
          28932	     14462	00101484	d1842287	flw	f5,-744(x8)	  f8:0x00102000  f5=0x00000000 PA:0x00101d18 store:0x00000000
          28938	     14465	00101488	2055f34b	fnmsub.s	f6,f11,f5,f4	 f11:0x00000001  f5:0x0000006e  f4:0x00000000  f6=0x00000000
          28946	     14469	0010148c	d06aa027	fsw	f6,-768(x21)	 f21:0x00102000  f6:0x00000067 PA:0x00101d00 store:0x41010dec load:0x3ea4b87c
          28954	     14473	00101490	d00aa607	flw	f12,-768(x21)	 f21:0x00102000 f12=0x00000000 PA:0x00101d00 store:0x00000000
          28960	     14476	00101494	a0061653	flt.s	x12,f12,f0	 f12:0x00000000  f0:0x00000000 x12=0x00000000
          28962	     14477	00101498	fa060ee3	beq	x12,x0,101454	 x12:0x00000000  x0:0x00000000
          28974	     14483	00101454	d00aa087	flw	f1,-768(x21)	 f21:0x00102000  f1=0x00000000 PA:0x00101d00 store:0x00000000
          28976	     14484	00101458	d089a107	flw	f2,-760(x19)	 f19:0x00102000  f2=0x00000000 PA:0x00101d08 store:0x3f80018a
          28980	     14486	0010145c	a01015d3	flt.s	x11,f0,f1	  f0:0x00000000  f1:0x00101450 x11=0x00000001
          28982	     14487	00101460	00059463	bne	x11,x0,101468	 x11:0x00000001  x0:0x00000000
          28994	     14493	00101468	d029a427	fsw	f2,-760(x19)	 f19:0x00102000  f2:0x00137fa0 PA:0x00101d08 store:0x41433afb load:0x41433afb
          29000	     14496	0010146c	d089a707	flw	f14,-760(x19)	 f19:0x00102000 f14=0x00000000 PA:0x00101d08 store:0x3f80018a
          29002	     14497	00101470	d00aa787	flw	f15,-768(x21)	 f21:0x00102000 f15=0x00000000 PA:0x00000000
          29008	     14500	00101474	28f711d3	fmax.s	f3,f14,f15	 f14:0x00000069 f15:0x00020000  f3=0x00000000
          29016	     14504	00101478	d03b2627	fsw	f3,-756(x22)	 f22:0x00102000  f3:0x00000000 PA:0x00101d0c store:0x41433afb load:0x41010dec
          29020	     14506	0010147c	d00aa207	flw	f4,-768(x21)	 f21:0x00102000  f4=0x00000000 PA:0x00101d00 store:0x00000000
          29024	     14508	00101480	d0cb2587	flw	f11,-756(x22)	 f22:0x00102000 f11=0x00000000 PA:0x00101d0c store:0x41010dec
          29028	     14510	00101484	d1842287	flw	f5,-744(x8)	  f8:0x00102000  f5=0x00000000 PA:0x00101d18 store:0x00000000
          29034	     14513	00101488	2055f34b	fnmsub.s	f6,f11,f5,f4	 f11:0x00000001  f5:0x0000006e  f4:0x00000000  f6=0x00000000
          29042	     14517	0010148c	d06aa027	fsw	f6,-768(x21)	 f21:0x00102000  f6:0x00000067 PA:0x00101d00 store:0x40847d5e load:0x3ea4b87c
          29050	     14521	00101490	d00aa607	flw	f12,-768(x21)	 f21:0x00102000 f12=0x00000000 PA:0x00101d00 store:0x00000000
          29056	     14524	00101494	a0061653	flt.s	x12,f12,f0	 f12:0x00000000  f0:0x00000000 x12=0x00000000
          29058	     14525	00101498	fa060ee3	beq	x12,x0,101454	 x12:0x00000000  x0:0x00000000
          29070	     14531	00101454	d00aa087	flw	f1,-768(x21)	 f21:0x00102000  f1=0x00000000 PA:0x00101d00 store:0x00000000
          29072	     14532	00101458	d089a107	flw	f2,-760(x19)	 f19:0x00102000  f2=0x00000000 PA:0x00101d08 store:0x3f80018a
          29076	     14534	0010145c	a01015d3	flt.s	x11,f0,f1	  f0:0x00000000  f1:0x00101450 x11=0x00000001
          29078	     14535	00101460	00059463	bne	x11,x0,101468	 x11:0x00000001  x0:0x00000000
          29090	     14541	00101468	d029a427	fsw	f2,-760(x19)	 f19:0x00102000  f2:0x00137fa0 PA:0x00101d08 store:0x41433afb load:0x41433afb
          29096	     14544	0010146c	d089a707	flw	f14,-760(x19)	 f19:0x00102000 f14=0x00000000 PA:0x00101d08 store:0x3f80018a
          29098	     14545	00101470	d00aa787	flw	f15,-768(x21)	 f21:0x00102000 f15=0x00000000 PA:0x00000000
          29104	     14548	00101474	28f711d3	fmax.s	f3,f14,f15	 f14:0x00000069 f15:0x00020000  f3=0x00000000
          29112	     14552	00101478	d03b2627	fsw	f3,-756(x22)	 f22:0x00102000  f3:0x00000000 PA:0x00101d0c store:0x41433afb load:0x40847d5e
          29116	     14554	0010147c	d00aa207	flw	f4,-768(x21)	 f21:0x00102000  f4=0x00000000 PA:0x00101d00 store:0x00000000
          29120	     14556	00101480	d0cb2587	flw	f11,-756(x22)	 f22:0x00102000 f11=0x00000000 PA:0x00101d0c store:0x40847d5e
          29124	     14558	00101484	d1842287	flw	f5,-744(x8)	  f8:0x00102000  f5=0x00000000 PA:0x00101d18 store:0x00000000
          29130	     14561	00101488	2055f34b	fnmsub.s	f6,f11,f5,f4	 f11:0x00000001  f5:0x0000006e  f4:0x00000000  f6=0x00000000
          29138	     14565	0010148c	d06aa027	fsw	f6,-768(x21)	 f21:0x00102000  f6:0x00000067 PA:0x00101d00 store:0x3e5bdc88 load:0x3ea4b87c
          29146	     14569	00101490	d00aa607	flw	f12,-768(x21)	 f21:0x00102000 f12=0x00000000 PA:0x00101d00 store:0x00000000
          29152	     14572	00101494	a0061653	flt.s	x12,f12,f0	 f12:0x00000000  f0:0x00000000 x12=0x00000000
          29154	     14573	00101498	fa060ee3	beq	x12,x0,101454	 x12:0x00000000  x0:0x00000000
          29166	     14579	00101454	d00aa087	flw	f1,-768(x21)	 f21:0x00102000  f1=0x00000000 PA:0x00101d00 store:0x00000000
          29168	     14580	00101458	d089a107	flw	f2,-760(x19)	 f19:0x00102000  f2=0x00000000 PA:0x00101d08 store:0x3f80018a
          29172	     14582	0010145c	a01015d3	flt.s	x11,f0,f1	  f0:0x00000000  f1:0x00101450 x11=0x00000001
          29174	     14583	00101460	00059463	bne	x11,x0,101468	 x11:0x00000001  x0:0x00000000
          29186	     14589	00101468	d029a427	fsw	f2,-760(x19)	 f19:0x00102000  f2:0x00137fa0 PA:0x00101d08 store:0x41433afb load:0x41433afb
          29192	     14592	0010146c	d089a707	flw	f14,-760(x19)	 f19:0x00102000 f14=0x00000000 PA:0x00101d08 store:0x3f80018a
          29194	     14593	00101470	d00aa787	flw	f15,-768(x21)	 f21:0x00102000 f15=0x00000000 PA:0x00000000
          29200	     14596	00101474	28f711d3	fmax.s	f3,f14,f15	 f14:0x00000069 f15:0x00020000  f3=0x00000000
          29208	     14600	00101478	d03b2627	fsw	f3,-756(x22)	 f22:0x00102000  f3:0x00000000 PA:0x00101d0c store:0x41433afb load:0x3e5bdc88
          29212	     14602	0010147c	d00aa207	flw	f4,-768(x21)	 f21:0x00102000  f4=0x00000000 PA:0x00101d00 store:0x00000000
          29216	     14604	00101480	d0cb2587	flw	f11,-756(x22)	 f22:0x00102000 f11=0x00000000 PA:0x00101d0c store:0x3e5bdc88
          29220	     14606	00101484	d1842287	flw	f5,-744(x8)	  f8:0x00102000  f5=0x00000000 PA:0x00101d18 store:0x00000000
          29226	     14609	00101488	2055f34b	fnmsub.s	f6,f11,f5,f4	 f11:0x00000001  f5:0x0000006e  f4:0x00000000  f6=0x00000000
          29234	     14613	0010148c	d06aa027	fsw	f6,-768(x21)	 f21:0x00102000  f6:0x00000067 PA:0x00101d00 store:0xc06d7f2b load:0x3ea4b87c
          29242	     14617	00101490	d00aa607	flw	f12,-768(x21)	 f21:0x00102000 f12=0x00000000 PA:0x00101d00 store:0x00000000
          29248	     14620	00101494	a0061653	flt.s	x12,f12,f0	 f12:0x00000000  f0:0x00000000 x12=0x00000001
          29258	     14625	00101498	fa060ee3	beq	x12,x0,101454	 x12:0x00000001  x0:0x00000000
          29260	     14626	0010149c	d00aa687	flw	f13,-768(x21)	 f21:0x00102000 f13=0x00000000 PA:0x00101d00 store:0x00000000
          29264	     14628	001014a0	00102837	lui	x16,0x102	 x16=0x00102000
          29266	     14629	001014a4	a7480513	addi	x10,x16,-1420	 x16:0x00102000 x10=0x00101a74
          29268	     14630	001014a8	e00688d3	fmv.x.w	x17,f13	 f13:0x00000073 x17=0xc06d7f2b
          29270	     14631	001014ac	cf1a2c23	sw	x17,-776(x20)	 x20:0x00102000 x17:0xc06d7f2b PA:0x00101cf8 store:0xc06d7f2b load:0xc06d7f2b
          29272	     14632	001014b0	bf1fe0ef	jal	x1,1000a0	  x1=0x001014b4
          29274	     14633	001000a0	00054803	lbu	x16,0(x10)	 x10:0x00101a74 x16=0x0000000a PA:0x00101a74 store:0x00000000
          29276	     14634	001000a4	06080663	beq	x16,x0,100110	 x16:0x0000000a  x0:0x00000000
          29278	     14635	001000a8	000207b7	lui	x15,0x20	 x15=0x00020000
          29282	     14637	001000ac	0107a023	sw	x16,0(x15)	 x15:0x00020000 x16:0x0000000a PA:0x00020000 store:0x0000000a load:0x00000000
          29286	     14639	001000b0	00154703	lbu	x14,1(x10)	 x10:0x00101a74 x14=0x00000020 PA:0x00101a75 store:0x001014b4
          29288	     14640	001000b4	04070e63	beq	x14,x0,100110	 x14:0x00000020  x0:0x00000000
          29292	     14642	001000b8	00e7a023	sw	x14,0(x15)	 x15:0x00020000 x14:0x00000020 PA:0x00020000 store:0x00000020 load:0x00000000
          29296	     14644	001000bc	00254283	lbu	x5,2(x10)	 x10:0x00101a74  x5=0x00000046 PA:0x00101a76 store:0x00137fa0
          29298	     14645	001000c0	04028863	beq	x5,x0,100110	  x5:0x00000046  x0:0x00000000
          29302	     14647	001000c4	0057a023	sw	x5,0(x15)	 x15:0x00020000  x5:0x00000046 PA:0x00020000 store:0x00000046 load:0x00000000
          29306	     14649	001000c8	00354303	lbu	x6,3(x10)	 x10:0x00101a74  x6=0x00000069 PA:0x00101a77 store:0x00000000
          29308	     14650	001000cc	04030263	beq	x6,x0,100110	  x6:0x00000069  x0:0x00000000
          29312	     14652	001000d0	0067a023	sw	x6,0(x15)	 x15:0x00020000  x6:0x00000069 PA:0x00020000 store:0x00000069 load:0x00000000
          29316	     14654	001000d4	00454383	lbu	x7,4(x10)	 x10:0x00101a74  x7=0x0000006e PA:0x00101a78 store:0x00000000
          29318	     14655	001000d8	02038c63	beq	x7,x0,100110	  x7:0x0000006e  x0:0x00000000
          29322	     14657	001000dc	0077a023	sw	x7,0(x15)	 x15:0x00020000  x7:0x0000006e PA:0x00020000 store:0x0000006e load:0x00000000
          29326	     14659	001000e0	00554583	lbu	x11,5(x10)	 x10:0x00101a74 x11=0x00000061 PA:0x00101a79 store:0x00000046
          29328	     14660	001000e4	02058663	beq	x11,x0,100110	 x11:0x00000061  x0:0x00000000
          29332	     14662	001000e8	00b7a023	sw	x11,0(x15)	 x15:0x00020000 x11:0x00000061 PA:0x00020000 store:0x00000061 load:0x00000000
          29336	     14664	001000ec	00654603	lbu	x12,6(x10)	 x10:0x00101a74 x12=0x0000006c PA:0x00101a7a store:0x00000069
          29338	     14665	001000f0	02060063	beq	x12,x0,100110	 x12:0x0000006c  x0:0x00000000
          29342	     14667	001000f4	00c7a023	sw	x12,0(x15)	 x15:0x00020000 x12:0x0000006c PA:0x00020000 store:0x0000006c load:0x00000000
          29346	     14669	001000f8	00754683	lbu	x13,7(x10)	 x10:0x00101a74 x13=0x00000020 PA:0x00101a7b store:0x0000006e
          29348	     14670	001000fc	00850513	addi	x10,x10,8	 x10:0x00101a74 x10=0x00101a7c
          29350	     14671	00100100	00068863	beq	x13,x0,100110	 x13:0x00000020  x0:0x00000000
          29354	     14673	00100104	00d7a023	sw	x13,0(x15)	 x15:0x00020000 x13:0x00000020 PA:0x00020000 store:0x00000020 load:0x00000000
          29358	     14675	00100108	00054803	lbu	x16,0(x10)	 x10:0x00101a7c x16=0x00000072 PA:0x00101a7c store:0x00000000
          29362	     14677	0010010c	fa0810e3	bne	x16,x0,1000ac	 x16:0x00000072  x0:0x00000000
          29368	     14680	001000ac	0107a023	sw	x16,0(x15)	 x15:0x00020000 x16:0x00000072 PA:0x00020000 store:0x00000072 load:0x00000000
          29372	     14682	001000b0	00154703	lbu	x14,1(x10)	 x10:0x00101a7c x14=0x00000065 PA:0x00101a7d store:0x001014b4
          29374	     14683	001000b4	04070e63	beq	x14,x0,100110	 x14:0x00000065  x0:0x00000000
          29378	     14685	001000b8	00e7a023	sw	x14,0(x15)	 x15:0x00020000 x14:0x00000065 PA:0x00020000 store:0x00000065 load:0x00000000
          29382	     14687	001000bc	00254283	lbu	x5,2(x10)	 x10:0x00101a7c  x5=0x00000073 PA:0x00101a7e store:0x00137fa0
          29384	     14688	001000c0	04028863	beq	x5,x0,100110	  x5:0x00000073  x0:0x00000000
          29388	     14690	001000c4	0057a023	sw	x5,0(x15)	 x15:0x00020000  x5:0x00000073 PA:0x00020000 store:0x00000073 load:0x00000000
          29392	     14692	001000c8	00354303	lbu	x6,3(x10)	 x10:0x00101a7c  x6=0x00000075 PA:0x00101a7f store:0x00000000
          29394	     14693	001000cc	04030263	beq	x6,x0,100110	  x6:0x00000075  x0:0x00000000
          29398	     14695	001000d0	0067a023	sw	x6,0(x15)	 x15:0x00020000  x6:0x00000075 PA:0x00020000 store:0x00000075 load:0x00000000
          29402	     14697	001000d4	00454383	lbu	x7,4(x10)	 x10:0x00101a7c  x7=0x0000006c PA:0x00101a80 store:0x00000000
          29404	     14698	001000d8	02038c63	beq	x7,x0,100110	  x7:0x0000006c  x0:0x00000000
          29408	     14700	001000dc	0077a023	sw	x7,0(x15)	 x15:0x00020000  x7:0x0000006c PA:0x00020000 store:0x0000006c load:0x00000000
          29412	     14702	001000e0	00554583	lbu	x11,5(x10)	 x10:0x00101a7c x11=0x00000074 PA:0x00101a81 store:0x00000073
          29414	     14703	001000e4	02058663	beq	x11,x0,100110	 x11:0x00000074  x0:0x00000000
          29418	     14705	001000e8	00b7a023	sw	x11,0(x15)	 x15:0x00020000 x11:0x00000074 PA:0x00020000 store:0x00000074 load:0x00000000
          29422	     14707	001000ec	00654603	lbu	x12,6(x10)	 x10:0x00101a7c x12=0x0000003a PA:0x00101a82 store:0x00000075
          29424	     14708	001000f0	02060063	beq	x12,x0,100110	 x12:0x0000003a  x0:0x00000000
          29428	     14710	001000f4	00c7a023	sw	x12,0(x15)	 x15:0x00020000 x12:0x0000003a PA:0x00020000 store:0x0000003a load:0x00000000
          29432	     14712	001000f8	00754683	lbu	x13,7(x10)	 x10:0x00101a7c x13=0x00000000 PA:0x00101a83 store:0x0000006c
          29434	     14713	001000fc	00850513	addi	x10,x10,8	 x10:0x00101a7c x10=0x00101a84
          29438	     14715	00100100	00068863	beq	x13,x0,100110	 x13:0x00000000  x0:0x00000000
          29442	     14717	00100110	00000513	addi	x10,x0,0	  x0:0x00000000 x10=0x00000000
          29446	     14719	00100114	00008067	jalr	x0,0(x1)	  x1:0x001014b4  x0=0x00000000
          29450	     14721	001014b4	cf8a2503	lw	x10,-776(x20)	 x20:0x00102000 x10=0xc06d7f2b PA:0x00101cf8 store:0x00102000
          29452	     14722	001014b8	00102db7	lui	x27,0x102	 x27=0x00102000
          29456	     14724	001014bc	c65fe0ef	jal	x1,100120	  x1=0x001014c0
          29458	     14725	00100120	01c55793	srli	x15,x10,0x1c	 x10:0xc06d7f2b x15=0x0000000c
          29460	     14726	00100124	00900713	addi	x14,x0,9	  x0:0x00000000 x14=0x00000009
          29462	     14727	00100128	0cf77a63	bgeu	x14,x15,1001fc	 x14:0x00000009 x15:0x0000000c
          29464	     14728	0010012c	03778293	addi	x5,x15,55	 x15:0x0000000c  x5=0x00000043
          29466	     14729	00100130	00020337	lui	x6,0x20	  x6=0x00020000
          29468	     14730	00100134	00451613	slli	x12,x10,0x4	 x10:0xc06d7f2b x12=0x06d7f2b0
          29472	     14732	00100138	00532023	sw	x5,0(x6)	  x6:0x00020000  x5:0x00000043 PA:0x00020000 store:0x00000043 load:0x00000000
          29474	     14733	0010013c	01c65693	srli	x13,x12,0x1c	 x12:0x06d7f2b0 x13=0x00000000
          29476	     14734	00100140	00900813	addi	x16,x0,9	  x0:0x00000000 x16=0x00000009
          29480	     14736	00100144	0cd87a63	bgeu	x16,x13,100218	 x16:0x00000009 x13:0x00000000
          29484	     14738	00100218	03068e93	addi	x29,x13,48	 x13:0x00000000 x29=0x00000030
          29486	     14739	0010021c	00020f37	lui	x30,0x20	 x30=0x00020000
          29488	     14740	00100220	00851f93	slli	x31,x10,0x8	 x10:0xc06d7f2b x31=0x6d7f2b00
          29492	     14742	00100224	01df2023	sw	x29,0(x30)	 x30:0x00020000 x29:0x00000030 PA:0x00020000 store:0x00000030 load:0x00000000
          29494	     14743	00100228	01cfd793	srli	x15,x31,0x1c	 x31:0x6d7f2b00 x15=0x00000006
          29496	     14744	0010022c	00900713	addi	x14,x0,9	  x0:0x00000000 x14=0x00000009
          29498	     14745	00100230	f2f76ae3	bltu	x14,x15,100164	 x14:0x00000009 x15:0x00000006
          29500	     14746	00100234	03078393	addi	x7,x15,48	 x15:0x00000006  x7=0x00000036
          29502	     14747	00100238	000205b7	lui	x11,0x20	 x11=0x00020000
          29504	     14748	0010023c	00c51613	slli	x12,x10,0xc	 x10:0xc06d7f2b x12=0xd7f2b000
          29508	     14750	00100240	0075a023	sw	x7,0(x11)	 x11:0x00020000  x7:0x00000036 PA:0x00020000 store:0x00000036 load:0x00000000
          29510	     14751	00100244	01c65693	srli	x13,x12,0x1c	 x12:0xd7f2b000 x13=0x0000000d
          29512	     14752	00100248	00900813	addi	x16,x0,9	  x0:0x00000000 x16=0x00000009
          29516	     14754	0010024c	f2d86ae3	bltu	x16,x13,100180	 x16:0x00000009 x13:0x0000000d
          29520	     14756	00100180	03768893	addi	x17,x13,55	 x13:0x0000000d x17=0x00000044
          29522	     14757	00100184	00020e37	lui	x28,0x20	 x28=0x00020000
          29524	     14758	00100188	01051f93	slli	x31,x10,0x10	 x10:0xc06d7f2b x31=0x7f2b0000
          29528	     14760	0010018c	011e2023	sw	x17,0(x28)	 x28:0x00020000 x17:0x00000044 PA:0x00020000 store:0x00000044 load:0x00000000
          29530	     14761	00100190	01cfd793	srli	x15,x31,0x1c	 x31:0x7f2b0000 x15=0x00000007
          29532	     14762	00100194	00900713	addi	x14,x0,9	  x0:0x00000000 x14=0x00000009
          29536	     14764	00100198	0cf77a63	bgeu	x14,x15,10026c	 x14:0x00000009 x15:0x00000007
          29540	     14766	0010026c	03078393	addi	x7,x15,48	 x15:0x00000007  x7=0x00000037
          29542	     14767	00100270	000205b7	lui	x11,0x20	 x11=0x00020000
          29544	     14768	00100274	01451613	slli	x12,x10,0x14	 x10:0xc06d7f2b x12=0xf2b00000
          29548	     14770	00100278	0075a023	sw	x7,0(x11)	 x11:0x00020000  x7:0x00000037 PA:0x00020000 store:0x00000037 load:0x00000000
          29550	     14771	0010027c	01c65693	srli	x13,x12,0x1c	 x12:0xf2b00000 x13=0x0000000f
          29552	     14772	00100280	00900813	addi	x16,x0,9	  x0:0x00000000 x16=0x00000009
          29556	     14774	00100284	f2d86ae3	bltu	x16,x13,1001b8	 x16:0x00000009 x13:0x0000000f
          29560	     14776	001001b8	03768893	addi	x17,x13,55	 x13:0x0000000f x17=0x00000046
          29562	     14777	001001bc	00020e37	lui	x28,0x20	 x28=0x00020000
          29564	     14778	001001c0	01851f93	slli	x31,x10,0x18	 x10:0xc06d7f2b x31=0x2b000000
          29568	     14780	001001c4	011e2023	sw	x17,0(x28)	 x28:0x00020000 x17:0x00000046 PA:0x00020000 store:0x00000046 load:0x00000000
          29570	     14781	001001c8	01cfd793	srli	x15,x31,0x1c	 x31:0x2b000000 x15=0x00000002
          29572	     14782	001001cc	00900713	addi	x14,x0,9	  x0:0x00000000 x14=0x00000009
          29576	     14784	001001d0	0cf77a63	bgeu	x14,x15,1002a4	 x14:0x00000009 x15:0x00000002
          29580	     14786	001002a4	03078393	addi	x7,x15,48	 x15:0x00000002  x7=0x00000032
          29582	     14787	001002a8	000205b7	lui	x11,0x20	 x11=0x00020000
          29586	     14789	001002ac	0075a023	sw	x7,0(x11)	 x11:0x00020000  x7:0x00000032 PA:0x00020000 store:0x00000032 load:0x00000000
          29588	     14790	001002b0	00f57513	andi	x10,x10,15	 x10:0xc06d7f2b x10=0x0000000b
          29590	     14791	001002b4	00900613	addi	x12,x0,9	  x0:0x00000000 x12=0x00000009
          29592	     14792	001002b8	f2a67ae3	bgeu	x12,x10,1001ec	 x12:0x00000009 x10:0x0000000b
          29594	     14793	001002bc	03750693	addi	x13,x10,55	 x10:0x0000000b x13=0x00000042
          29596	     14794	001002c0	00020837	lui	x16,0x20	 x16=0x00020000
          29600	     14796	001002c4	00d82023	sw	x13,0(x16)	 x16:0x00020000 x13:0x00000042 PA:0x00020000 store:0x00000042 load:0x00000000
          29604	     14798	001002c8	00008067	jalr	x0,0(x1)	  x1:0x001014c0  x0=0x00000000
          29606	     14799	001014c0	00102e37	lui	x28,0x102	 x28=0x00102000
          29608	     14800	001014c4	a84e0513	addi	x10,x28,-1404	 x28:0x00102000 x10=0x00101a84
          29612	     14802	001014c8	bd9fe0ef	jal	x1,1000a0	  x1=0x001014cc
          29616	     14804	001000a0	00054803	lbu	x16,0(x10)	 x10:0x00101a84 x16=0x0000000a PA:0x00101a84 store:0x00000000
          29618	     14805	001000a4	06080663	beq	x16,x0,100110	 x16:0x0000000a  x0:0x00000000
          29620	     14806	001000a8	000207b7	lui	x15,0x20	 x15=0x00020000
          29624	     14808	001000ac	0107a023	sw	x16,0(x15)	 x15:0x00020000 x16:0x0000000a PA:0x00020000 store:0x0000000a load:0x00000000
          29628	     14810	001000b0	00154703	lbu	x14,1(x10)	 x10:0x00101a84 x14=0x0000000a PA:0x00101a85 store:0x001014cc
          29630	     14811	001000b4	04070e63	beq	x14,x0,100110	 x14:0x0000000a  x0:0x00000000
          29634	     14813	001000b8	00e7a023	sw	x14,0(x15)	 x15:0x00020000 x14:0x0000000a PA:0x00020000 store:0x0000000a load:0x00000000
          29638	     14815	001000bc	00254283	lbu	x5,2(x10)	 x10:0x00101a84  x5=0x00000054 PA:0x00101a86 store:0x00137fa0
          29640	     14816	001000c0	04028863	beq	x5,x0,100110	  x5:0x00000054  x0:0x00000000
          29644	     14818	001000c4	0057a023	sw	x5,0(x15)	 x15:0x00020000  x5:0x00000054 PA:0x00020000 store:0x00000054 load:0x00000000
          29648	     14820	001000c8	00354303	lbu	x6,3(x10)	 x10:0x00101a84  x6=0x00000065 PA:0x00101a87 store:0x00000000
          29650	     14821	001000cc	04030263	beq	x6,x0,100110	  x6:0x00000065  x0:0x00000000
          29654	     14823	001000d0	0067a023	sw	x6,0(x15)	 x15:0x00020000  x6:0x00000065 PA:0x00020000 store:0x00000065 load:0x00000000
          29658	     14825	001000d4	00454383	lbu	x7,4(x10)	 x10:0x00101a84  x7=0x00000073 PA:0x00101a88 store:0x00000000
          29660	     14826	001000d8	02038c63	beq	x7,x0,100110	  x7:0x00000073  x0:0x00000000
          29664	     14828	001000dc	0077a023	sw	x7,0(x15)	 x15:0x00020000  x7:0x00000073 PA:0x00020000 store:0x00000073 load:0x00000000
          29668	     14830	001000e0	00554583	lbu	x11,5(x10)	 x10:0x00101a84 x11=0x00000074 PA:0x00101a89 store:0x00000054
          29670	     14831	001000e4	02058663	beq	x11,x0,100110	 x11:0x00000074  x0:0x00000000
          29674	     14833	001000e8	00b7a023	sw	x11,0(x15)	 x15:0x00020000 x11:0x00000074 PA:0x00020000 store:0x00000074 load:0x00000000
          29678	     14835	001000ec	00654603	lbu	x12,6(x10)	 x10:0x00101a84 x12=0x00000069 PA:0x00101a8a store:0x00000065
          29680	     14836	001000f0	02060063	beq	x12,x0,100110	 x12:0x00000069  x0:0x00000000
          29684	     14838	001000f4	00c7a023	sw	x12,0(x15)	 x15:0x00020000 x12:0x00000069 PA:0x00020000 store:0x00000069 load:0x00000000
          29688	     14840	001000f8	00754683	lbu	x13,7(x10)	 x10:0x00101a84 x13=0x0000006e PA:0x00101a8b store:0x00000073
          29690	     14841	001000fc	00850513	addi	x10,x10,8	 x10:0x00101a84 x10=0x00101a8c
          29692	     14842	00100100	00068863	beq	x13,x0,100110	 x13:0x0000006e  x0:0x00000000
          29696	     14844	00100104	00d7a023	sw	x13,0(x15)	 x15:0x00020000 x13:0x0000006e PA:0x00020000 store:0x0000006e load:0x00000000
          29700	     14846	00100108	00054803	lbu	x16,0(x10)	 x10:0x00101a8c x16=0x00000067 PA:0x00101a8c store:0x00000000
          29704	     14848	0010010c	fa0810e3	bne	x16,x0,1000ac	 x16:0x00000067  x0:0x00000000
          29710	     14851	001000ac	0107a023	sw	x16,0(x15)	 x15:0x00020000 x16:0x00000067 PA:0x00020000 store:0x00000067 load:0x00000000
          29714	     14853	001000b0	00154703	lbu	x14,1(x10)	 x10:0x00101a8c x14=0x00000020 PA:0x00101a8d store:0x001014cc
          29716	     14854	001000b4	04070e63	beq	x14,x0,100110	 x14:0x00000020  x0:0x00000000
          29720	     14856	001000b8	00e7a023	sw	x14,0(x15)	 x15:0x00020000 x14:0x00000020 PA:0x00020000 store:0x00000020 load:0x00000000
          29724	     14858	001000bc	00254283	lbu	x5,2(x10)	 x10:0x00101a8c  x5=0x00000043 PA:0x00101a8e store:0x00137fa0
          29726	     14859	001000c0	04028863	beq	x5,x0,100110	  x5:0x00000043  x0:0x00000000
          29730	     14861	001000c4	0057a023	sw	x5,0(x15)	 x15:0x00020000  x5:0x00000043 PA:0x00020000 store:0x00000043 load:0x00000000
          29734	     14863	001000c8	00354303	lbu	x6,3(x10)	 x10:0x00101a8c  x6=0x0000006c PA:0x00101a8f store:0x00000000
          29736	     14864	001000cc	04030263	beq	x6,x0,100110	  x6:0x0000006c  x0:0x00000000
          29740	     14866	001000d0	0067a023	sw	x6,0(x15)	 x15:0x00020000  x6:0x0000006c PA:0x00020000 store:0x0000006c load:0x00000000
          29744	     14868	001000d4	00454383	lbu	x7,4(x10)	 x10:0x00101a8c  x7=0x00000061 PA:0x00101a90 store:0x00000000
          29746	     14869	001000d8	02038c63	beq	x7,x0,100110	  x7:0x00000061  x0:0x00000000
          29750	     14871	001000dc	0077a023	sw	x7,0(x15)	 x15:0x00020000  x7:0x00000061 PA:0x00020000 store:0x00000061 load:0x00000000
          29754	     14873	001000e0	00554583	lbu	x11,5(x10)	 x10:0x00101a8c x11=0x00000073 PA:0x00101a91 store:0x00000043
          29756	     14874	001000e4	02058663	beq	x11,x0,100110	 x11:0x00000073  x0:0x00000000
          29760	     14876	001000e8	00b7a023	sw	x11,0(x15)	 x15:0x00020000 x11:0x00000073 PA:0x00020000 store:0x00000073 load:0x00000000
          29764	     14878	001000ec	00654603	lbu	x12,6(x10)	 x10:0x00101a8c x12=0x00000073 PA:0x00101a92 store:0x0000006c
          29766	     14879	001000f0	02060063	beq	x12,x0,100110	 x12:0x00000073  x0:0x00000000
          29770	     14881	001000f4	00c7a023	sw	x12,0(x15)	 x15:0x00020000 x12:0x00000073 PA:0x00020000 store:0x00000073 load:0x00000000
          29774	     14883	001000f8	00754683	lbu	x13,7(x10)	 x10:0x00101a8c x13=0x00000069 PA:0x00101a93 store:0x00000061
          29776	     14884	001000fc	00850513	addi	x10,x10,8	 x10:0x00101a8c x10=0x00101a94
          29778	     14885	00100100	00068863	beq	x13,x0,100110	 x13:0x00000069  x0:0x00000000
          29782	     14887	00100104	00d7a023	sw	x13,0(x15)	 x15:0x00020000 x13:0x00000069 PA:0x00020000 store:0x00000069 load:0x00000000
          29786	     14889	00100108	00054803	lbu	x16,0(x10)	 x10:0x00101a94 x16=0x00000066 PA:0x00101a94 store:0x00000000
          29790	     14891	0010010c	fa0810e3	bne	x16,x0,1000ac	 x16:0x00000066  x0:0x00000000
          29796	     14894	001000ac	0107a023	sw	x16,0(x15)	 x15:0x00020000 x16:0x00000066 PA:0x00020000 store:0x00000066 load:0x00000000
          29800	     14896	001000b0	00154703	lbu	x14,1(x10)	 x10:0x00101a94 x14=0x00000079 PA:0x00101a95 store:0x001014cc
          29802	     14897	001000b4	04070e63	beq	x14,x0,100110	 x14:0x00000079  x0:0x00000000
          29806	     14899	001000b8	00e7a023	sw	x14,0(x15)	 x15:0x00020000 x14:0x00000079 PA:0x00020000 store:0x00000079 load:0x00000000
          29810	     14901	001000bc	00254283	lbu	x5,2(x10)	 x10:0x00101a94  x5=0x00000020 PA:0x00101a96 store:0x00137fa0
          29812	     14902	001000c0	04028863	beq	x5,x0,100110	  x5:0x00000020  x0:0x00000000
          29816	     14904	001000c4	0057a023	sw	x5,0(x15)	 x15:0x00020000  x5:0x00000020 PA:0x00020000 store:0x00000020 load:0x00000000
          29820	     14906	001000c8	00354303	lbu	x6,3(x10)	 x10:0x00101a94  x6=0x00000069 PA:0x00101a97 store:0x00000000
          29822	     14907	001000cc	04030263	beq	x6,x0,100110	  x6:0x00000069  x0:0x00000000
          29826	     14909	001000d0	0067a023	sw	x6,0(x15)	 x15:0x00020000  x6:0x00000069 PA:0x00020000 store:0x00000069 load:0x00000000
          29830	     14911	001000d4	00454383	lbu	x7,4(x10)	 x10:0x00101a94  x7=0x0000006e PA:0x00101a98 store:0x00000000
          29832	     14912	001000d8	02038c63	beq	x7,x0,100110	  x7:0x0000006e  x0:0x00000000
          29836	     14914	001000dc	0077a023	sw	x7,0(x15)	 x15:0x00020000  x7:0x0000006e PA:0x00020000 store:0x0000006e load:0x00000000
          29840	     14916	001000e0	00554583	lbu	x11,5(x10)	 x10:0x00101a94 x11=0x00000073 PA:0x00101a99 store:0x00000020
          29842	     14917	001000e4	02058663	beq	x11,x0,100110	 x11:0x00000073  x0:0x00000000
          29846	     14919	001000e8	00b7a023	sw	x11,0(x15)	 x15:0x00020000 x11:0x00000073 PA:0x00020000 store:0x00000073 load:0x00000000
          29850	     14921	001000ec	00654603	lbu	x12,6(x10)	 x10:0x00101a94 x12=0x00000074 PA:0x00101a9a store:0x00000069
          29852	     14922	001000f0	02060063	beq	x12,x0,100110	 x12:0x00000074  x0:0x00000000
          29856	     14924	001000f4	00c7a023	sw	x12,0(x15)	 x15:0x00020000 x12:0x00000074 PA:0x00020000 store:0x00000074 load:0x00000000
          29860	     14926	001000f8	00754683	lbu	x13,7(x10)	 x10:0x00101a94 x13=0x00000072 PA:0x00101a9b store:0x0000006e
          29862	     14927	001000fc	00850513	addi	x10,x10,8	 x10:0x00101a94 x10=0x00101a9c
          29864	     14928	00100100	00068863	beq	x13,x0,100110	 x13:0x00000072  x0:0x00000000
          29868	     14930	00100104	00d7a023	sw	x13,0(x15)	 x15:0x00020000 x13:0x00000072 PA:0x00020000 store:0x00000072 load:0x00000000
          29872	     14932	00100108	00054803	lbu	x16,0(x10)	 x10:0x00101a9c x16=0x00000075 PA:0x00101a9c store:0x00000000
          29876	     14934	0010010c	fa0810e3	bne	x16,x0,1000ac	 x16:0x00000075  x0:0x00000000
          29882	     14937	001000ac	0107a023	sw	x16,0(x15)	 x15:0x00020000 x16:0x00000075 PA:0x00020000 store:0x00000075 load:0x00000000
          29886	     14939	001000b0	00154703	lbu	x14,1(x10)	 x10:0x00101a9c x14=0x00000063 PA:0x00101a9d store:0x001014cc
          29888	     14940	001000b4	04070e63	beq	x14,x0,100110	 x14:0x00000063  x0:0x00000000
          29892	     14942	001000b8	00e7a023	sw	x14,0(x15)	 x15:0x00020000 x14:0x00000063 PA:0x00020000 store:0x00000063 load:0x00000000
          29896	     14944	001000bc	00254283	lbu	x5,2(x10)	 x10:0x00101a9c  x5=0x00000074 PA:0x00101a9e store:0x00137fa0
          29898	     14945	001000c0	04028863	beq	x5,x0,100110	  x5:0x00000074  x0:0x00000000
          29902	     14947	001000c4	0057a023	sw	x5,0(x15)	 x15:0x00020000  x5:0x00000074 PA:0x00020000 store:0x00000074 load:0x00000000
          29906	     14949	001000c8	00354303	lbu	x6,3(x10)	 x10:0x00101a9c  x6=0x00000069 PA:0x00101a9f store:0x00000000
          29908	     14950	001000cc	04030263	beq	x6,x0,100110	  x6:0x00000069  x0:0x00000000
          29912	     14952	001000d0	0067a023	sw	x6,0(x15)	 x15:0x00020000  x6:0x00000069 PA:0x00020000 store:0x00000069 load:0x00000000
          29916	     14954	001000d4	00454383	lbu	x7,4(x10)	 x10:0x00101a9c  x7=0x0000006f PA:0x00101aa0 store:0x00000000
          29918	     14955	001000d8	02038c63	beq	x7,x0,100110	  x7:0x0000006f  x0:0x00000000
          29922	     14957	001000dc	0077a023	sw	x7,0(x15)	 x15:0x00020000  x7:0x0000006f PA:0x00020000 store:0x0000006f load:0x00000000
          29926	     14959	001000e0	00554583	lbu	x11,5(x10)	 x10:0x00101a9c x11=0x0000006e PA:0x00101aa1 store:0x00000074
          29928	     14960	001000e4	02058663	beq	x11,x0,100110	 x11:0x0000006e  x0:0x00000000
          29932	     14962	001000e8	00b7a023	sw	x11,0(x15)	 x15:0x00020000 x11:0x0000006e PA:0x00020000 store:0x0000006e load:0x00000000
          29936	     14964	001000ec	00654603	lbu	x12,6(x10)	 x10:0x00101a9c x12=0x00000073 PA:0x00101aa2 store:0x00000069
          29938	     14965	001000f0	02060063	beq	x12,x0,100110	 x12:0x00000073  x0:0x00000000
          29942	     14967	001000f4	00c7a023	sw	x12,0(x15)	 x15:0x00020000 x12:0x00000073 PA:0x00020000 store:0x00000073 load:0x00000000
          29946	     14969	001000f8	00754683	lbu	x13,7(x10)	 x10:0x00101a9c x13=0x0000003a PA:0x00101aa3 store:0x0000006f
          29948	     14970	001000fc	00850513	addi	x10,x10,8	 x10:0x00101a9c x10=0x00101aa4
          29950	     14971	00100100	00068863	beq	x13,x0,100110	 x13:0x0000003a  x0:0x00000000
          29954	     14973	00100104	00d7a023	sw	x13,0(x15)	 x15:0x00020000 x13:0x0000003a PA:0x00020000 store:0x0000003a load:0x00000000
          29958	     14975	00100108	00054803	lbu	x16,0(x10)	 x10:0x00101aa4 x16=0x00000020 PA:0x00101aa4 store:0x00000000
          29962	     14977	0010010c	fa0810e3	bne	x16,x0,1000ac	 x16:0x00000020  x0:0x00000000
          29968	     14980	001000ac	0107a023	sw	x16,0(x15)	 x15:0x00020000 x16:0x00000020 PA:0x00020000 store:0x00000020 load:0x00000000
          29972	     14982	001000b0	00154703	lbu	x14,1(x10)	 x10:0x00101aa4 x14=0x0000000a PA:0x00101aa5 store:0x001014cc
          29974	     14983	001000b4	04070e63	beq	x14,x0,100110	 x14:0x0000000a  x0:0x00000000
          29978	     14985	001000b8	00e7a023	sw	x14,0(x15)	 x15:0x00020000 x14:0x0000000a PA:0x00020000 store:0x0000000a load:0x00000000
          29982	     14987	001000bc	00254283	lbu	x5,2(x10)	 x10:0x00101aa4  x5=0x00000000 PA:0x00101aa6 store:0x00137fa0
          29986	     14989	001000c0	04028863	beq	x5,x0,100110	  x5:0x00000000  x0:0x00000000
          29990	     14991	00100110	00000513	addi	x10,x0,0	  x0:0x00000000 x10=0x00000000
          29994	     14993	00100114	00008067	jalr	x0,0(x1)	  x1:0x001014cc  x0=0x00000000
          29996	     14994	001014cc	ff800eb7	lui	x29,0xff800	 x29=0xff800000
          30000	     14996	001014d0	cfda2c23	sw	x29,-776(x20)	 x20:0x00102000 x29:0xff800000 PA:0x00101cf8 store:0xff800000 load:0x00000a20
          30004	     14998	001014d4	cf8a2f03	lw	x30,-776(x20)	 x20:0x00102000 x30=0xff800000 PA:0x00101cf8 store:0x00102000
          30016	     15004	001014d8	00102fb7	lui	x31,0x102	 x31=0x00102000
          30018	     15005	001014dc	f00f03d3	fmv.w.x	f7,x30	 x30:0xff800000  f7=0x00000000
          30024	     15008	001014e0	aa8f8513	addi	x10,x31,-1368	 x31:0x00102000 x10=0x00101aa8
          30026	     15009	001014e4	d27ba227	fsw	f7,-732(x23)	 f23:0x00102000  f7:0x0000006f PA:0x00101d24 store:0xff800000 load:0xff800000
          30032	     15012	001014e8	d24ba407	flw	f8,-732(x23)	 f23:0x00102000  f8=0x00000000 PA:0x00101d24 store:0x3e5bdc88
          30038	     15015	001014ec	e0041d53	fclass.s	x26,f8	  f8:0x00102000 x26=0x00000001
          30040	     15016	001014f0	cfaa2c23	sw	x26,-776(x20)	 x20:0x00102000 x26:0x00000001 PA:0x00101cf8 store:0x00000001 load:0xff800000
          30044	     15018	001014f4	badfe0ef	jal	x1,1000a0	  x1=0x001014f8
          30048	     15020	001000a0	00054803	lbu	x16,0(x10)	 x10:0x00101aa8 x16=0x00000020 PA:0x00101aa8 store:0x00000000
          30050	     15021	001000a4	06080663	beq	x16,x0,100110	 x16:0x00000020  x0:0x00000000
          30052	     15022	001000a8	000207b7	lui	x15,0x20	 x15=0x00020000
          30056	     15024	001000ac	0107a023	sw	x16,0(x15)	 x15:0x00020000 x16:0x00000020 PA:0x00020000 store:0x00000020 load:0x00000000
          30060	     15026	001000b0	00154703	lbu	x14,1(x10)	 x10:0x00101aa8 x14=0x00000045 PA:0x00101aa9 store:0x001014f8
          30062	     15027	001000b4	04070e63	beq	x14,x0,100110	 x14:0x00000045  x0:0x00000000
          30066	     15029	001000b8	00e7a023	sw	x14,0(x15)	 x15:0x00020000 x14:0x00000045 PA:0x00020000 store:0x00000045 load:0x00000000
          30070	     15031	001000bc	00254283	lbu	x5,2(x10)	 x10:0x00101aa8  x5=0x00000078 PA:0x00101aaa store:0x00137fa0
          30072	     15032	001000c0	04028863	beq	x5,x0,100110	  x5:0x00000078  x0:0x00000000
          30076	     15034	001000c4	0057a023	sw	x5,0(x15)	 x15:0x00020000  x5:0x00000078 PA:0x00020000 store:0x00000078 load:0x00000000
          30080	     15036	001000c8	00354303	lbu	x6,3(x10)	 x10:0x00101aa8  x6=0x00000070 PA:0x00101aab store:0x00000000
          30082	     15037	001000cc	04030263	beq	x6,x0,100110	  x6:0x00000070  x0:0x00000000
          30086	     15039	001000d0	0067a023	sw	x6,0(x15)	 x15:0x00020000  x6:0x00000070 PA:0x00020000 store:0x00000070 load:0x00000000
          30090	     15041	001000d4	00454383	lbu	x7,4(x10)	 x10:0x00101aa8  x7=0x00000065 PA:0x00101aac store:0x00000000
          30092	     15042	001000d8	02038c63	beq	x7,x0,100110	  x7:0x00000065  x0:0x00000000
          30096	     15044	001000dc	0077a023	sw	x7,0(x15)	 x15:0x00020000  x7:0x00000065 PA:0x00020000 store:0x00000065 load:0x00000000
          30100	     15046	001000e0	00554583	lbu	x11,5(x10)	 x10:0x00101aa8 x11=0x00000063 PA:0x00101aad store:0x00000078
          30102	     15047	001000e4	02058663	beq	x11,x0,100110	 x11:0x00000063  x0:0x00000000
          30106	     15049	001000e8	00b7a023	sw	x11,0(x15)	 x15:0x00020000 x11:0x00000063 PA:0x00020000 store:0x00000063 load:0x00000000
          30110	     15051	001000ec	00654603	lbu	x12,6(x10)	 x10:0x00101aa8 x12=0x00000074 PA:0x00101aae store:0x00000070
          30112	     15052	001000f0	02060063	beq	x12,x0,100110	 x12:0x00000074  x0:0x00000000
          30116	     15054	001000f4	00c7a023	sw	x12,0(x15)	 x15:0x00020000 x12:0x00000074 PA:0x00020000 store:0x00000074 load:0x00000000
          30120	     15056	001000f8	00754683	lbu	x13,7(x10)	 x10:0x00101aa8 x13=0x00000069 PA:0x00101aaf store:0x00000065
          30122	     15057	001000fc	00850513	addi	x10,x10,8	 x10:0x00101aa8 x10=0x00101ab0
          30124	     15058	00100100	00068863	beq	x13,x0,100110	 x13:0x00000069  x0:0x00000000
          30128	     15060	00100104	00d7a023	sw	x13,0(x15)	 x15:0x00020000 x13:0x00000069 PA:0x00020000 store:0x00000069 load:0x00000000
          30132	     15062	00100108	00054803	lbu	x16,0(x10)	 x10:0x00101ab0 x16=0x0000006e PA:0x00101ab0 store:0x00000000
          30136	     15064	0010010c	fa0810e3	bne	x16,x0,1000ac	 x16:0x0000006e  x0:0x00000000
          30142	     15067	001000ac	0107a023	sw	x16,0(x15)	 x15:0x00020000 x16:0x0000006e PA:0x00020000 store:0x0000006e load:0x00000000
          30146	     15069	001000b0	00154703	lbu	x14,1(x10)	 x10:0x00101ab0 x14=0x00000067 PA:0x00101ab1 store:0x001014f8
          30148	     15070	001000b4	04070e63	beq	x14,x0,100110	 x14:0x00000067  x0:0x00000000
          30152	     15072	001000b8	00e7a023	sw	x14,0(x15)	 x15:0x00020000 x14:0x00000067 PA:0x00020000 store:0x00000067 load:0x00000000
          30156	     15074	001000bc	00254283	lbu	x5,2(x10)	 x10:0x00101ab0  x5=0x00000020 PA:0x00101ab2 store:0x00137fa0
          30158	     15075	001000c0	04028863	beq	x5,x0,100110	  x5:0x00000020  x0:0x00000000
          30162	     15077	001000c4	0057a023	sw	x5,0(x15)	 x15:0x00020000  x5:0x00000020 PA:0x00020000 store:0x00000020 load:0x00000000
          30166	     15079	001000c8	00354303	lbu	x6,3(x10)	 x10:0x00101ab0  x6=0x00000030 PA:0x00101ab3 store:0x00000000
          30168	     15080	001000cc	04030263	beq	x6,x0,100110	  x6:0x00000030  x0:0x00000000
          30172	     15082	001000d0	0067a023	sw	x6,0(x15)	 x15:0x00020000  x6:0x00000030 PA:0x00020000 store:0x00000030 load:0x00000000
          30176	     15084	001000d4	00454383	lbu	x7,4(x10)	 x10:0x00101ab0  x7=0x00000078 PA:0x00101ab4 store:0x00000000
          30178	     15085	001000d8	02038c63	beq	x7,x0,100110	  x7:0x00000078  x0:0x00000000
          30182	     15087	001000dc	0077a023	sw	x7,0(x15)	 x15:0x00020000  x7:0x00000078 PA:0x00020000 store:0x00000078 load:0x00000000
          30186	     15089	001000e0	00554583	lbu	x11,5(x10)	 x10:0x00101ab0 x11=0x00000031 PA:0x00101ab5 store:0x00000020
          30188	     15090	001000e4	02058663	beq	x11,x0,100110	 x11:0x00000031  x0:0x00000000
          30192	     15092	001000e8	00b7a023	sw	x11,0(x15)	 x15:0x00020000 x11:0x00000031 PA:0x00020000 store:0x00000031 load:0x00000000
          30196	     15094	001000ec	00654603	lbu	x12,6(x10)	 x10:0x00101ab0 x12=0x0000003a PA:0x00101ab6 store:0x00000030
          30198	     15095	001000f0	02060063	beq	x12,x0,100110	 x12:0x0000003a  x0:0x00000000
          30202	     15097	001000f4	00c7a023	sw	x12,0(x15)	 x15:0x00020000 x12:0x0000003a PA:0x00020000 store:0x0000003a load:0x00000000
          30206	     15099	001000f8	00754683	lbu	x13,7(x10)	 x10:0x00101ab0 x13=0x00000020 PA:0x00101ab7 store:0x00000078
          30208	     15100	001000fc	00850513	addi	x10,x10,8	 x10:0x00101ab0 x10=0x00101ab8
          30210	     15101	00100100	00068863	beq	x13,x0,100110	 x13:0x00000020  x0:0x00000000
          30214	     15103	00100104	00d7a023	sw	x13,0(x15)	 x15:0x00020000 x13:0x00000020 PA:0x00020000 store:0x00000020 load:0x00000000
          30218	     15105	00100108	00054803	lbu	x16,0(x10)	 x10:0x00101ab8 x16=0x00000000 PA:0x00101ab8 store:0x00000000
          30220	     15106	0010010c	fa0810e3	bne	x16,x0,1000ac	 x16:0x00000000  x0:0x00000000
          30222	     15107	00100110	00000513	addi	x10,x0,0	  x0:0x00000000 x10=0x00000000
          30226	     15109	00100114	00008067	jalr	x0,0(x1)	  x1:0x001014f8  x0=0x00000000
          30230	     15111	001014f8	cf8a2503	lw	x10,-776(x20)	 x20:0x00102000 x10=0x00000001 PA:0x00101cf8 store:0x00102000
          30232	     15112	001014fc	00102d37	lui	x26,0x102	 x26=0x00102000
          30236	     15114	00101500	c21fe0ef	jal	x1,100120	  x1=0x00101504
          30238	     15115	00100120	01c55793	srli	x15,x10,0x1c	 x10:0x00000001 x15=0x00000000
          30240	     15116	00100124	00900713	addi	x14,x0,9	  x0:0x00000000 x14=0x00000009
          30244	     15118	00100128	0cf77a63	bgeu	x14,x15,1001fc	 x14:0x00000009 x15:0x00000000
          30248	     15120	001001fc	03078393	addi	x7,x15,48	 x15:0x00000000  x7=0x00000030
          30250	     15121	00100200	000205b7	lui	x11,0x20	 x11=0x00020000
          30252	     15122	00100204	00451613	slli	x12,x10,0x4	 x10:0x00000001 x12=0x00000010
          30256	     15124	00100208	0075a023	sw	x7,0(x11)	 x11:0x00020000  x7:0x00000030 PA:0x00020000 store:0x00000030 load:0x00000000
          30258	     15125	0010020c	01c65693	srli	x13,x12,0x1c	 x12:0x00000010 x13=0x00000000
          30260	     15126	00100210	00900813	addi	x16,x0,9	  x0:0x00000000 x16=0x00000009
          30262	     15127	00100214	f2d86ae3	bltu	x16,x13,100148	 x16:0x00000009 x13:0x00000000
          30264	     15128	00100218	03068e93	addi	x29,x13,48	 x13:0x00000000 x29=0x00000030
          30266	     15129	0010021c	00020f37	lui	x30,0x20	 x30=0x00020000
          30268	     15130	00100220	00851f93	slli	x31,x10,0x8	 x10:0x00000001 x31=0x00000100
          30272	     15132	00100224	01df2023	sw	x29,0(x30)	 x30:0x00020000 x29:0x00000030 PA:0x00020000 store:0x00000030 load:0x00000000
          30274	     15133	00100228	01cfd793	srli	x15,x31,0x1c	 x31:0x00000100 x15=0x00000000
          30276	     15134	0010022c	00900713	addi	x14,x0,9	  x0:0x00000000 x14=0x00000009
          30278	     15135	00100230	f2f76ae3	bltu	x14,x15,100164	 x14:0x00000009 x15:0x00000000
          30280	     15136	00100234	03078393	addi	x7,x15,48	 x15:0x00000000  x7=0x00000030
          30282	     15137	00100238	000205b7	lui	x11,0x20	 x11=0x00020000
          30284	     15138	0010023c	00c51613	slli	x12,x10,0xc	 x10:0x00000001 x12=0x00001000
          30288	     15140	00100240	0075a023	sw	x7,0(x11)	 x11:0x00020000  x7:0x00000030 PA:0x00020000 store:0x00000030 load:0x00000000
          30290	     15141	00100244	01c65693	srli	x13,x12,0x1c	 x12:0x00001000 x13=0x00000000
          30292	     15142	00100248	00900813	addi	x16,x0,9	  x0:0x00000000 x16=0x00000009
          30294	     15143	0010024c	f2d86ae3	bltu	x16,x13,100180	 x16:0x00000009 x13:0x00000000
          30296	     15144	00100250	03068e93	addi	x29,x13,48	 x13:0x00000000 x29=0x00000030
          30298	     15145	00100254	00020f37	lui	x30,0x20	 x30=0x00020000
          30300	     15146	00100258	01051f93	slli	x31,x10,0x10	 x10:0x00000001 x31=0x00010000
          30304	     15148	0010025c	01df2023	sw	x29,0(x30)	 x30:0x00020000 x29:0x00000030 PA:0x00020000 store:0x00000030 load:0x00000000
          30306	     15149	00100260	01cfd793	srli	x15,x31,0x1c	 x31:0x00010000 x15=0x00000000
          30308	     15150	00100264	00900713	addi	x14,x0,9	  x0:0x00000000 x14=0x00000009
          30310	     15151	00100268	f2f76ae3	bltu	x14,x15,10019c	 x14:0x00000009 x15:0x00000000
          30312	     15152	0010026c	03078393	addi	x7,x15,48	 x15:0x00000000  x7=0x00000030
          30314	     15153	00100270	000205b7	lui	x11,0x20	 x11=0x00020000
          30316	     15154	00100274	01451613	slli	x12,x10,0x14	 x10:0x00000001 x12=0x00100000
          30320	     15156	00100278	0075a023	sw	x7,0(x11)	 x11:0x00020000  x7:0x00000030 PA:0x00020000 store:0x00000030 load:0x00000000
          30322	     15157	0010027c	01c65693	srli	x13,x12,0x1c	 x12:0x00100000 x13=0x00000000
          30324	     15158	00100280	00900813	addi	x16,x0,9	  x0:0x00000000 x16=0x00000009
          30326	     15159	00100284	f2d86ae3	bltu	x16,x13,1001b8	 x16:0x00000009 x13:0x00000000
          30328	     15160	00100288	03068e93	addi	x29,x13,48	 x13:0x00000000 x29=0x00000030
          30330	     15161	0010028c	00020f37	lui	x30,0x20	 x30=0x00020000
          30332	     15162	00100290	01851f93	slli	x31,x10,0x18	 x10:0x00000001 x31=0x01000000
          30336	     15164	00100294	01df2023	sw	x29,0(x30)	 x30:0x00020000 x29:0x00000030 PA:0x00020000 store:0x00000030 load:0x00000000
          30338	     15165	00100298	01cfd793	srli	x15,x31,0x1c	 x31:0x01000000 x15=0x00000000
          30340	     15166	0010029c	00900713	addi	x14,x0,9	  x0:0x00000000 x14=0x00000009
          30342	     15167	001002a0	f2f76ae3	bltu	x14,x15,1001d4	 x14:0x00000009 x15:0x00000000
          30344	     15168	001002a4	03078393	addi	x7,x15,48	 x15:0x00000000  x7=0x00000030
          30346	     15169	001002a8	000205b7	lui	x11,0x20	 x11=0x00020000
          30350	     15171	001002ac	0075a023	sw	x7,0(x11)	 x11:0x00020000  x7:0x00000030 PA:0x00020000 store:0x00000030 load:0x00000000
          30352	     15172	001002b0	00f57513	andi	x10,x10,15	 x10:0x00000001 x10=0x00000001
          30354	     15173	001002b4	00900613	addi	x12,x0,9	  x0:0x00000000 x12=0x00000009
          30358	     15175	001002b8	f2a67ae3	bgeu	x12,x10,1001ec	 x12:0x00000009 x10:0x00000001
          30362	     15177	001001ec	03050893	addi	x17,x10,48	 x10:0x00000001 x17=0x00000031
          30364	     15178	001001f0	00020e37	lui	x28,0x20	 x28=0x00020000
          30368	     15180	001001f4	011e2023	sw	x17,0(x28)	 x28:0x00020000 x17:0x00000031 PA:0x00020000 store:0x00000031 load:0x00000000
          30372	     15182	001001f8	00008067	jalr	x0,0(x1)	  x1:0x00101504  x0=0x00000000
          30384	     15188	00101504	001026b7	lui	x13,0x102	 x13=0x00102000
          30386	     15189	00101508	9486a487	flw	f9,-1720(x13)	 f13:0x00102000  f9=0x00000000 PA:0x00101948 store:0xff800000
          30392	     15192	0010150c	00102737	lui	x14,0x102	 x14=0x00102000
          30394	     15193	00101510	abc70513	addi	x10,x14,-1348	 x14:0x00102000 x10=0x00101abc
          30396	     15194	00101514	d29ca027	fsw	f9,-736(x25)	 f25:0x00102000  f9:0x00102000 PA:0x00101d20 store:0xc019999a load:0xc019999a
          30400	     15196	00101518	d20ca507	flw	f10,-736(x25)	 f25:0x00102000 f10=0x00000000 PA:0x00101d20 store:0x00000000
          30406	     15199	0010151c	e00517d3	fclass.s	x15,f10	 f10:0x00101abc x15=0x00000002
          30408	     15200	00101520	cefdaa23	sw	x15,-780(x27)	 x27:0x00102000 x15:0x00000002 PA:0x00101cf4 store:0x00000002 load:0xc019999a
          30412	     15202	00101524	b7dfe0ef	jal	x1,1000a0	  x1=0x00101528
          30416	     15204	001000a0	00054803	lbu	x16,0(x10)	 x10:0x00101abc x16=0x0000000a PA:0x00101abc store:0x00000000
          30418	     15205	001000a4	06080663	beq	x16,x0,100110	 x16:0x0000000a  x0:0x00000000
          30420	     15206	001000a8	000207b7	lui	x15,0x20	 x15=0x00020000
          30424	     15208	001000ac	0107a023	sw	x16,0(x15)	 x15:0x00020000 x16:0x0000000a PA:0x00020000 store:0x0000000a load:0x00000000
          30428	     15210	001000b0	00154703	lbu	x14,1(x10)	 x10:0x00101abc x14=0x00000020 PA:0x00101abd store:0x00101528
          30430	     15211	001000b4	04070e63	beq	x14,x0,100110	 x14:0x00000020  x0:0x00000000
          30434	     15213	001000b8	00e7a023	sw	x14,0(x15)	 x15:0x00020000 x14:0x00000020 PA:0x00020000 store:0x00000020 load:0x00000000
          30438	     15215	001000bc	00254283	lbu	x5,2(x10)	 x10:0x00101abc  x5=0x00000045 PA:0x00101abe store:0x00137fa0
          30440	     15216	001000c0	04028863	beq	x5,x0,100110	  x5:0x00000045  x0:0x00000000
          30444	     15218	001000c4	0057a023	sw	x5,0(x15)	 x15:0x00020000  x5:0x00000045 PA:0x00020000 store:0x00000045 load:0x00000000
          30448	     15220	001000c8	00354303	lbu	x6,3(x10)	 x10:0x00101abc  x6=0x00000078 PA:0x00101abf store:0x00000000
          30450	     15221	001000cc	04030263	beq	x6,x0,100110	  x6:0x00000078  x0:0x00000000
          30454	     15223	001000d0	0067a023	sw	x6,0(x15)	 x15:0x00020000  x6:0x00000078 PA:0x00020000 store:0x00000078 load:0x00000000
          30458	     15225	001000d4	00454383	lbu	x7,4(x10)	 x10:0x00101abc  x7=0x00000070 PA:0x00101ac0 store:0x00000000
          30460	     15226	001000d8	02038c63	beq	x7,x0,100110	  x7:0x00000070  x0:0x00000000
          30464	     15228	001000dc	0077a023	sw	x7,0(x15)	 x15:0x00020000  x7:0x00000070 PA:0x00020000 store:0x00000070 load:0x00000000
          30468	     15230	001000e0	00554583	lbu	x11,5(x10)	 x10:0x00101abc x11=0x00000065 PA:0x00101ac1 store:0x00000045
          30470	     15231	001000e4	02058663	beq	x11,x0,100110	 x11:0x00000065  x0:0x00000000
          30474	     15233	001000e8	00b7a023	sw	x11,0(x15)	 x15:0x00020000 x11:0x00000065 PA:0x00020000 store:0x00000065 load:0x00000000
          30478	     15235	001000ec	00654603	lbu	x12,6(x10)	 x10:0x00101abc x12=0x00000063 PA:0x00101ac2 store:0x00000078
          30480	     15236	001000f0	02060063	beq	x12,x0,100110	 x12:0x00000063  x0:0x00000000
          30484	     15238	001000f4	00c7a023	sw	x12,0(x15)	 x15:0x00020000 x12:0x00000063 PA:0x00020000 store:0x00000063 load:0x00000000
          30488	     15240	001000f8	00754683	lbu	x13,7(x10)	 x10:0x00101abc x13=0x00000074 PA:0x00101ac3 store:0x00000070
          30490	     15241	001000fc	00850513	addi	x10,x10,8	 x10:0x00101abc x10=0x00101ac4
          30492	     15242	00100100	00068863	beq	x13,x0,100110	 x13:0x00000074  x0:0x00000000
          30496	     15244	00100104	00d7a023	sw	x13,0(x15)	 x15:0x00020000 x13:0x00000074 PA:0x00020000 store:0x00000074 load:0x00000000
          30500	     15246	00100108	00054803	lbu	x16,0(x10)	 x10:0x00101ac4 x16=0x00000069 PA:0x00101ac4 store:0x00000000
          30504	     15248	0010010c	fa0810e3	bne	x16,x0,1000ac	 x16:0x00000069  x0:0x00000000
          30510	     15251	001000ac	0107a023	sw	x16,0(x15)	 x15:0x00020000 x16:0x00000069 PA:0x00020000 store:0x00000069 load:0x00000000
          30514	     15253	001000b0	00154703	lbu	x14,1(x10)	 x10:0x00101ac4 x14=0x0000006e PA:0x00101ac5 store:0x00101528
          30516	     15254	001000b4	04070e63	beq	x14,x0,100110	 x14:0x0000006e  x0:0x00000000
          30520	     15256	001000b8	00e7a023	sw	x14,0(x15)	 x15:0x00020000 x14:0x0000006e PA:0x00020000 store:0x0000006e load:0x00000000
          30524	     15258	001000bc	00254283	lbu	x5,2(x10)	 x10:0x00101ac4  x5=0x00000067 PA:0x00101ac6 store:0x00137fa0
          30526	     15259	001000c0	04028863	beq	x5,x0,100110	  x5:0x00000067  x0:0x00000000
          30530	     15261	001000c4	0057a023	sw	x5,0(x15)	 x15:0x00020000  x5:0x00000067 PA:0x00020000 store:0x00000067 load:0x00000000
          30534	     15263	001000c8	00354303	lbu	x6,3(x10)	 x10:0x00101ac4  x6=0x00000020 PA:0x00101ac7 store:0x00000000
          30536	     15264	001000cc	04030263	beq	x6,x0,100110	  x6:0x00000020  x0:0x00000000
          30540	     15266	001000d0	0067a023	sw	x6,0(x15)	 x15:0x00020000  x6:0x00000020 PA:0x00020000 store:0x00000020 load:0x00000000
          30544	     15268	001000d4	00454383	lbu	x7,4(x10)	 x10:0x00101ac4  x7=0x00000030 PA:0x00101ac8 store:0x00000000
          30546	     15269	001000d8	02038c63	beq	x7,x0,100110	  x7:0x00000030  x0:0x00000000
          30550	     15271	001000dc	0077a023	sw	x7,0(x15)	 x15:0x00020000  x7:0x00000030 PA:0x00020000 store:0x00000030 load:0x00000000
          30554	     15273	001000e0	00554583	lbu	x11,5(x10)	 x10:0x00101ac4 x11=0x00000078 PA:0x00101ac9 store:0x00000067
          30556	     15274	001000e4	02058663	beq	x11,x0,100110	 x11:0x00000078  x0:0x00000000
          30560	     15276	001000e8	00b7a023	sw	x11,0(x15)	 x15:0x00020000 x11:0x00000078 PA:0x00020000 store:0x00000078 load:0x00000000
          30564	     15278	001000ec	00654603	lbu	x12,6(x10)	 x10:0x00101ac4 x12=0x00000032 PA:0x00101aca store:0x00000020
          30566	     15279	001000f0	02060063	beq	x12,x0,100110	 x12:0x00000032  x0:0x00000000
          30570	     15281	001000f4	00c7a023	sw	x12,0(x15)	 x15:0x00020000 x12:0x00000032 PA:0x00020000 store:0x00000032 load:0x00000000
          30574	     15283	001000f8	00754683	lbu	x13,7(x10)	 x10:0x00101ac4 x13=0x0000003a PA:0x00101acb store:0x00000030
          30576	     15284	001000fc	00850513	addi	x10,x10,8	 x10:0x00101ac4 x10=0x00101acc
          30578	     15285	00100100	00068863	beq	x13,x0,100110	 x13:0x0000003a  x0:0x00000000
          30582	     15287	00100104	00d7a023	sw	x13,0(x15)	 x15:0x00020000 x13:0x0000003a PA:0x00020000 store:0x0000003a load:0x00000000
          30586	     15289	00100108	00054803	lbu	x16,0(x10)	 x10:0x00101acc x16=0x00000020 PA:0x00101acc store:0x00000000
          30590	     15291	0010010c	fa0810e3	bne	x16,x0,1000ac	 x16:0x00000020  x0:0x00000000
          30596	     15294	001000ac	0107a023	sw	x16,0(x15)	 x15:0x00020000 x16:0x00000020 PA:0x00020000 store:0x00000020 load:0x00000000
          30600	     15296	001000b0	00154703	lbu	x14,1(x10)	 x10:0x00101acc x14=0x00000000 PA:0x00101acd store:0x00101528
          30604	     15298	001000b4	04070e63	beq	x14,x0,100110	 x14:0x00000000  x0:0x00000000
          30608	     15300	00100110	00000513	addi	x10,x0,0	  x0:0x00000000 x10=0x00000000
          30612	     15302	00100114	00008067	jalr	x0,0(x1)	  x1:0x00101528  x0=0x00000000
          30616	     15304	00101528	cf4da503	lw	x10,-780(x27)	 x27:0x00102000 x10=0x00000002 PA:0x00101cf4 store:0x00102000
          30620	     15306	0010152c	bf5fe0ef	jal	x1,100120	  x1=0x00101530
          30622	     15307	00100120	01c55793	srli	x15,x10,0x1c	 x10:0x00000002 x15=0x00000000
          30624	     15308	00100124	00900713	addi	x14,x0,9	  x0:0x00000000 x14=0x00000009
          30628	     15310	00100128	0cf77a63	bgeu	x14,x15,1001fc	 x14:0x00000009 x15:0x00000000
          30632	     15312	001001fc	03078393	addi	x7,x15,48	 x15:0x00000000  x7=0x00000030
          30634	     15313	00100200	000205b7	lui	x11,0x20	 x11=0x00020000
          30636	     15314	00100204	00451613	slli	x12,x10,0x4	 x10:0x00000002 x12=0x00000020
          30640	     15316	00100208	0075a023	sw	x7,0(x11)	 x11:0x00020000  x7:0x00000030 PA:0x00020000 store:0x00000030 load:0x00000000
          30642	     15317	0010020c	01c65693	srli	x13,x12,0x1c	 x12:0x00000020 x13=0x00000000
          30644	     15318	00100210	00900813	addi	x16,x0,9	  x0:0x00000000 x16=0x00000009
          30646	     15319	00100214	f2d86ae3	bltu	x16,x13,100148	 x16:0x00000009 x13:0x00000000
          30648	     15320	00100218	03068e93	addi	x29,x13,48	 x13:0x00000000 x29=0x00000030
          30650	     15321	0010021c	00020f37	lui	x30,0x20	 x30=0x00020000
          30652	     15322	00100220	00851f93	slli	x31,x10,0x8	 x10:0x00000002 x31=0x00000200
          30656	     15324	00100224	01df2023	sw	x29,0(x30)	 x30:0x00020000 x29:0x00000030 PA:0x00020000 store:0x00000030 load:0x00000000
          30658	     15325	00100228	01cfd793	srli	x15,x31,0x1c	 x31:0x00000200 x15=0x00000000
          30660	     15326	0010022c	00900713	addi	x14,x0,9	  x0:0x00000000 x14=0x00000009
          30662	     15327	00100230	f2f76ae3	bltu	x14,x15,100164	 x14:0x00000009 x15:0x00000000
          30664	     15328	00100234	03078393	addi	x7,x15,48	 x15:0x00000000  x7=0x00000030
          30666	     15329	00100238	000205b7	lui	x11,0x20	 x11=0x00020000
          30668	     15330	0010023c	00c51613	slli	x12,x10,0xc	 x10:0x00000002 x12=0x00002000
          30672	     15332	00100240	0075a023	sw	x7,0(x11)	 x11:0x00020000  x7:0x00000030 PA:0x00020000 store:0x00000030 load:0x00000000
          30674	     15333	00100244	01c65693	srli	x13,x12,0x1c	 x12:0x00002000 x13=0x00000000
          30676	     15334	00100248	00900813	addi	x16,x0,9	  x0:0x00000000 x16=0x00000009
          30678	     15335	0010024c	f2d86ae3	bltu	x16,x13,100180	 x16:0x00000009 x13:0x00000000
          30680	     15336	00100250	03068e93	addi	x29,x13,48	 x13:0x00000000 x29=0x00000030
          30682	     15337	00100254	00020f37	lui	x30,0x20	 x30=0x00020000
          30684	     15338	00100258	01051f93	slli	x31,x10,0x10	 x10:0x00000002 x31=0x00020000
          30688	     15340	0010025c	01df2023	sw	x29,0(x30)	 x30:0x00020000 x29:0x00000030 PA:0x00020000 store:0x00000030 load:0x00000000
          30690	     15341	00100260	01cfd793	srli	x15,x31,0x1c	 x31:0x00020000 x15=0x00000000
          30692	     15342	00100264	00900713	addi	x14,x0,9	  x0:0x00000000 x14=0x00000009
          30694	     15343	00100268	f2f76ae3	bltu	x14,x15,10019c	 x14:0x00000009 x15:0x00000000
          30696	     15344	0010026c	03078393	addi	x7,x15,48	 x15:0x00000000  x7=0x00000030
          30698	     15345	00100270	000205b7	lui	x11,0x20	 x11=0x00020000
          30700	     15346	00100274	01451613	slli	x12,x10,0x14	 x10:0x00000002 x12=0x00200000
          30704	     15348	00100278	0075a023	sw	x7,0(x11)	 x11:0x00020000  x7:0x00000030 PA:0x00020000 store:0x00000030 load:0x00000000
          30706	     15349	0010027c	01c65693	srli	x13,x12,0x1c	 x12:0x00200000 x13=0x00000000
          30708	     15350	00100280	00900813	addi	x16,x0,9	  x0:0x00000000 x16=0x00000009
          30710	     15351	00100284	f2d86ae3	bltu	x16,x13,1001b8	 x16:0x00000009 x13:0x00000000
          30712	     15352	00100288	03068e93	addi	x29,x13,48	 x13:0x00000000 x29=0x00000030
          30714	     15353	0010028c	00020f37	lui	x30,0x20	 x30=0x00020000
          30716	     15354	00100290	01851f93	slli	x31,x10,0x18	 x10:0x00000002 x31=0x02000000
          30720	     15356	00100294	01df2023	sw	x29,0(x30)	 x30:0x00020000 x29:0x00000030 PA:0x00020000 store:0x00000030 load:0x00000000
          30722	     15357	00100298	01cfd793	srli	x15,x31,0x1c	 x31:0x02000000 x15=0x00000000
          30724	     15358	0010029c	00900713	addi	x14,x0,9	  x0:0x00000000 x14=0x00000009
          30726	     15359	001002a0	f2f76ae3	bltu	x14,x15,1001d4	 x14:0x00000009 x15:0x00000000
          30728	     15360	001002a4	03078393	addi	x7,x15,48	 x15:0x00000000  x7=0x00000030
          30730	     15361	001002a8	000205b7	lui	x11,0x20	 x11=0x00020000
          30734	     15363	001002ac	0075a023	sw	x7,0(x11)	 x11:0x00020000  x7:0x00000030 PA:0x00020000 store:0x00000030 load:0x00000000
          30736	     15364	001002b0	00f57513	andi	x10,x10,15	 x10:0x00000002 x10=0x00000002
          30738	     15365	001002b4	00900613	addi	x12,x0,9	  x0:0x00000000 x12=0x00000009
          30742	     15367	001002b8	f2a67ae3	bgeu	x12,x10,1001ec	 x12:0x00000009 x10:0x00000002
          30746	     15369	001001ec	03050893	addi	x17,x10,48	 x10:0x00000002 x17=0x00000032
          30748	     15370	001001f0	00020e37	lui	x28,0x20	 x28=0x00020000
          30752	     15372	001001f4	011e2023	sw	x17,0(x28)	 x28:0x00020000 x17:0x00000032 PA:0x00020000 store:0x00000032 load:0x00000000
          30756	     15374	001001f8	00008067	jalr	x0,0(x1)	  x1:0x00101530  x0=0x00000000
          30768	     15380	00101530	001022b7	lui	x5,0x102	  x5=0x00102000
          30770	     15381	00101534	94c2a807	flw	f16,-1716(x5)	  f5:0x00102000 f16=0x00000000 PA:0x0010194c store:0xc06d7f2b
          30776	     15384	00101538	00102537	lui	x10,0x102	 x10=0x00102000
          30778	     15385	0010153c	ad050513	addi	x10,x10,-1328	 x10:0x00102000 x10=0x00101ad0
          30780	     15386	00101540	d104ae27	fsw	f16,-740(x9)	  f9:0x00102000 f16:0x00000009 PA:0x00101d1c store:0x80000047 load:0x80000047
          30784	     15388	00101544	d1c4a887	flw	f17,-740(x9)	  f9:0x00102000 f17=0x00000000 PA:0x00101d1c store:0x80000000
          30790	     15391	00101548	e00894d3	fclass.s	x9,f17	 f17:0x00000032  x9=0x00000004
          30792	     15392	0010154c	ce9d2823	sw	x9,-784(x26)	 x26:0x00102000  x9:0x00000004 PA:0x00101cf0 store:0x00000004 load:0x80000047
          30796	     15394	00101550	b51fe0ef	jal	x1,1000a0	  x1=0x00101554
          30800	     15396	001000a0	00054803	lbu	x16,0(x10)	 x10:0x00101ad0 x16=0x0000000a PA:0x00101ad0 store:0x00000000
          30802	     15397	001000a4	06080663	beq	x16,x0,100110	 x16:0x0000000a  x0:0x00000000
          30804	     15398	001000a8	000207b7	lui	x15,0x20	 x15=0x00020000
          30808	     15400	001000ac	0107a023	sw	x16,0(x15)	 x15:0x00020000 x16:0x0000000a PA:0x00020000 store:0x0000000a load:0x00000000
          30812	     15402	001000b0	00154703	lbu	x14,1(x10)	 x10:0x00101ad0 x14=0x00000020 PA:0x00101ad1 store:0x00101554
          30814	     15403	001000b4	04070e63	beq	x14,x0,100110	 x14:0x00000020  x0:0x00000000
          30818	     15405	001000b8	00e7a023	sw	x14,0(x15)	 x15:0x00020000 x14:0x00000020 PA:0x00020000 store:0x00000020 load:0x00000000
          30822	     15407	001000bc	00254283	lbu	x5,2(x10)	 x10:0x00101ad0  x5=0x00000045 PA:0x00101ad2 store:0x00137fa0
          30824	     15408	001000c0	04028863	beq	x5,x0,100110	  x5:0x00000045  x0:0x00000000
          30828	     15410	001000c4	0057a023	sw	x5,0(x15)	 x15:0x00020000  x5:0x00000045 PA:0x00020000 store:0x00000045 load:0x00000000
          30832	     15412	001000c8	00354303	lbu	x6,3(x10)	 x10:0x00101ad0  x6=0x00000078 PA:0x00101ad3 store:0x00000000
          30834	     15413	001000cc	04030263	beq	x6,x0,100110	  x6:0x00000078  x0:0x00000000
          30838	     15415	001000d0	0067a023	sw	x6,0(x15)	 x15:0x00020000  x6:0x00000078 PA:0x00020000 store:0x00000078 load:0x00000000
          30842	     15417	001000d4	00454383	lbu	x7,4(x10)	 x10:0x00101ad0  x7=0x00000070 PA:0x00101ad4 store:0x00000000
          30844	     15418	001000d8	02038c63	beq	x7,x0,100110	  x7:0x00000070  x0:0x00000000
          30848	     15420	001000dc	0077a023	sw	x7,0(x15)	 x15:0x00020000  x7:0x00000070 PA:0x00020000 store:0x00000070 load:0x00000000
          30852	     15422	001000e0	00554583	lbu	x11,5(x10)	 x10:0x00101ad0 x11=0x00000065 PA:0x00101ad5 store:0x00000045
          30854	     15423	001000e4	02058663	beq	x11,x0,100110	 x11:0x00000065  x0:0x00000000
          30858	     15425	001000e8	00b7a023	sw	x11,0(x15)	 x15:0x00020000 x11:0x00000065 PA:0x00020000 store:0x00000065 load:0x00000000
          30862	     15427	001000ec	00654603	lbu	x12,6(x10)	 x10:0x00101ad0 x12=0x00000063 PA:0x00101ad6 store:0x00000078
          30864	     15428	001000f0	02060063	beq	x12,x0,100110	 x12:0x00000063  x0:0x00000000
          30868	     15430	001000f4	00c7a023	sw	x12,0(x15)	 x15:0x00020000 x12:0x00000063 PA:0x00020000 store:0x00000063 load:0x00000000
          30872	     15432	001000f8	00754683	lbu	x13,7(x10)	 x10:0x00101ad0 x13=0x00000074 PA:0x00101ad7 store:0x00000070
          30874	     15433	001000fc	00850513	addi	x10,x10,8	 x10:0x00101ad0 x10=0x00101ad8
          30876	     15434	00100100	00068863	beq	x13,x0,100110	 x13:0x00000074  x0:0x00000000
          30880	     15436	00100104	00d7a023	sw	x13,0(x15)	 x15:0x00020000 x13:0x00000074 PA:0x00020000 store:0x00000074 load:0x00000000
          30884	     15438	00100108	00054803	lbu	x16,0(x10)	 x10:0x00101ad8 x16=0x00000069 PA:0x00101ad8 store:0x00000000
          30888	     15440	0010010c	fa0810e3	bne	x16,x0,1000ac	 x16:0x00000069  x0:0x00000000
          30894	     15443	001000ac	0107a023	sw	x16,0(x15)	 x15:0x00020000 x16:0x00000069 PA:0x00020000 store:0x00000069 load:0x00000000
          30898	     15445	001000b0	00154703	lbu	x14,1(x10)	 x10:0x00101ad8 x14=0x0000006e PA:0x00101ad9 store:0x00101554
          30900	     15446	001000b4	04070e63	beq	x14,x0,100110	 x14:0x0000006e  x0:0x00000000
          30904	     15448	001000b8	00e7a023	sw	x14,0(x15)	 x15:0x00020000 x14:0x0000006e PA:0x00020000 store:0x0000006e load:0x00000000
          30908	     15450	001000bc	00254283	lbu	x5,2(x10)	 x10:0x00101ad8  x5=0x00000067 PA:0x00101ada store:0x00137fa0
          30910	     15451	001000c0	04028863	beq	x5,x0,100110	  x5:0x00000067  x0:0x00000000
          30914	     15453	001000c4	0057a023	sw	x5,0(x15)	 x15:0x00020000  x5:0x00000067 PA:0x00020000 store:0x00000067 load:0x00000000
          30918	     15455	001000c8	00354303	lbu	x6,3(x10)	 x10:0x00101ad8  x6=0x00000020 PA:0x00101adb store:0x00000000
          30920	     15456	001000cc	04030263	beq	x6,x0,100110	  x6:0x00000020  x0:0x00000000
          30924	     15458	001000d0	0067a023	sw	x6,0(x15)	 x15:0x00020000  x6:0x00000020 PA:0x00020000 store:0x00000020 load:0x00000000
          30928	     15460	001000d4	00454383	lbu	x7,4(x10)	 x10:0x00101ad8  x7=0x00000030 PA:0x00101adc store:0x00000000
          30930	     15461	001000d8	02038c63	beq	x7,x0,100110	  x7:0x00000030  x0:0x00000000
          30934	     15463	001000dc	0077a023	sw	x7,0(x15)	 x15:0x00020000  x7:0x00000030 PA:0x00020000 store:0x00000030 load:0x00000000
          30938	     15465	001000e0	00554583	lbu	x11,5(x10)	 x10:0x00101ad8 x11=0x00000078 PA:0x00101add store:0x00000067
          30940	     15466	001000e4	02058663	beq	x11,x0,100110	 x11:0x00000078  x0:0x00000000
          30944	     15468	001000e8	00b7a023	sw	x11,0(x15)	 x15:0x00020000 x11:0x00000078 PA:0x00020000 store:0x00000078 load:0x00000000
          30948	     15470	001000ec	00654603	lbu	x12,6(x10)	 x10:0x00101ad8 x12=0x00000034 PA:0x00101ade store:0x00000020
          30950	     15471	001000f0	02060063	beq	x12,x0,100110	 x12:0x00000034  x0:0x00000000
          30954	     15473	001000f4	00c7a023	sw	x12,0(x15)	 x15:0x00020000 x12:0x00000034 PA:0x00020000 store:0x00000034 load:0x00000000
          30958	     15475	001000f8	00754683	lbu	x13,7(x10)	 x10:0x00101ad8 x13=0x0000003a PA:0x00101adf store:0x00000030
          30960	     15476	001000fc	00850513	addi	x10,x10,8	 x10:0x00101ad8 x10=0x00101ae0
          30962	     15477	00100100	00068863	beq	x13,x0,100110	 x13:0x0000003a  x0:0x00000000
          30966	     15479	00100104	00d7a023	sw	x13,0(x15)	 x15:0x00020000 x13:0x0000003a PA:0x00020000 store:0x0000003a load:0x00000000
          30970	     15481	00100108	00054803	lbu	x16,0(x10)	 x10:0x00101ae0 x16=0x00000020 PA:0x00101ae0 store:0x00000000
          30974	     15483	0010010c	fa0810e3	bne	x16,x0,1000ac	 x16:0x00000020  x0:0x00000000
          30980	     15486	001000ac	0107a023	sw	x16,0(x15)	 x15:0x00020000 x16:0x00000020 PA:0x00020000 store:0x00000020 load:0x00000000
          30984	     15488	001000b0	00154703	lbu	x14,1(x10)	 x10:0x00101ae0 x14=0x00000000 PA:0x00101ae1 store:0x00101554
          30988	     15490	001000b4	04070e63	beq	x14,x0,100110	 x14:0x00000000  x0:0x00000000
          30992	     15492	00100110	00000513	addi	x10,x0,0	  x0:0x00000000 x10=0x00000000
          30996	     15494	00100114	00008067	jalr	x0,0(x1)	  x1:0x00101554  x0=0x00000000
          31000	     15496	00101554	cf0d2503	lw	x10,-784(x26)	 x26:0x00102000 x10=0x00000004 PA:0x00101cf0 store:0x00000020
          31004	     15498	00101558	bc9fe0ef	jal	x1,100120	  x1=0x0010155c
          31006	     15499	00100120	01c55793	srli	x15,x10,0x1c	 x10:0x00000004 x15=0x00000000
          31008	     15500	00100124	00900713	addi	x14,x0,9	  x0:0x00000000 x14=0x00000009
          31012	     15502	00100128	0cf77a63	bgeu	x14,x15,1001fc	 x14:0x00000009 x15:0x00000000
          31016	     15504	001001fc	03078393	addi	x7,x15,48	 x15:0x00000000  x7=0x00000030
          31018	     15505	00100200	000205b7	lui	x11,0x20	 x11=0x00020000
          31020	     15506	00100204	00451613	slli	x12,x10,0x4	 x10:0x00000004 x12=0x00000040
          31024	     15508	00100208	0075a023	sw	x7,0(x11)	 x11:0x00020000  x7:0x00000030 PA:0x00020000 store:0x00000030 load:0x00000000
          31026	     15509	0010020c	01c65693	srli	x13,x12,0x1c	 x12:0x00000040 x13=0x00000000
          31028	     15510	00100210	00900813	addi	x16,x0,9	  x0:0x00000000 x16=0x00000009
          31030	     15511	00100214	f2d86ae3	bltu	x16,x13,100148	 x16:0x00000009 x13:0x00000000
          31032	     15512	00100218	03068e93	addi	x29,x13,48	 x13:0x00000000 x29=0x00000030
          31034	     15513	0010021c	00020f37	lui	x30,0x20	 x30=0x00020000
          31036	     15514	00100220	00851f93	slli	x31,x10,0x8	 x10:0x00000004 x31=0x00000400
          31040	     15516	00100224	01df2023	sw	x29,0(x30)	 x30:0x00020000 x29:0x00000030 PA:0x00020000 store:0x00000030 load:0x00000000
          31042	     15517	00100228	01cfd793	srli	x15,x31,0x1c	 x31:0x00000400 x15=0x00000000
          31044	     15518	0010022c	00900713	addi	x14,x0,9	  x0:0x00000000 x14=0x00000009
          31046	     15519	00100230	f2f76ae3	bltu	x14,x15,100164	 x14:0x00000009 x15:0x00000000
          31048	     15520	00100234	03078393	addi	x7,x15,48	 x15:0x00000000  x7=0x00000030
          31050	     15521	00100238	000205b7	lui	x11,0x20	 x11=0x00020000
          31052	     15522	0010023c	00c51613	slli	x12,x10,0xc	 x10:0x00000004 x12=0x00004000
          31056	     15524	00100240	0075a023	sw	x7,0(x11)	 x11:0x00020000  x7:0x00000030 PA:0x00020000 store:0x00000030 load:0x00000000
          31058	     15525	00100244	01c65693	srli	x13,x12,0x1c	 x12:0x00004000 x13=0x00000000
          31060	     15526	00100248	00900813	addi	x16,x0,9	  x0:0x00000000 x16=0x00000009
          31062	     15527	0010024c	f2d86ae3	bltu	x16,x13,100180	 x16:0x00000009 x13:0x00000000
          31064	     15528	00100250	03068e93	addi	x29,x13,48	 x13:0x00000000 x29=0x00000030
          31066	     15529	00100254	00020f37	lui	x30,0x20	 x30=0x00020000
          31068	     15530	00100258	01051f93	slli	x31,x10,0x10	 x10:0x00000004 x31=0x00040000
          31072	     15532	0010025c	01df2023	sw	x29,0(x30)	 x30:0x00020000 x29:0x00000030 PA:0x00020000 store:0x00000030 load:0x00000000
          31074	     15533	00100260	01cfd793	srli	x15,x31,0x1c	 x31:0x00040000 x15=0x00000000
          31076	     15534	00100264	00900713	addi	x14,x0,9	  x0:0x00000000 x14=0x00000009
          31078	     15535	00100268	f2f76ae3	bltu	x14,x15,10019c	 x14:0x00000009 x15:0x00000000
          31080	     15536	0010026c	03078393	addi	x7,x15,48	 x15:0x00000000  x7=0x00000030
          31082	     15537	00100270	000205b7	lui	x11,0x20	 x11=0x00020000
          31084	     15538	00100274	01451613	slli	x12,x10,0x14	 x10:0x00000004 x12=0x00400000
          31088	     15540	00100278	0075a023	sw	x7,0(x11)	 x11:0x00020000  x7:0x00000030 PA:0x00020000 store:0x00000030 load:0x00000000
          31090	     15541	0010027c	01c65693	srli	x13,x12,0x1c	 x12:0x00400000 x13=0x00000000
          31092	     15542	00100280	00900813	addi	x16,x0,9	  x0:0x00000000 x16=0x00000009
          31094	     15543	00100284	f2d86ae3	bltu	x16,x13,1001b8	 x16:0x00000009 x13:0x00000000
          31096	     15544	00100288	03068e93	addi	x29,x13,48	 x13:0x00000000 x29=0x00000030
          31098	     15545	0010028c	00020f37	lui	x30,0x20	 x30=0x00020000
          31100	     15546	00100290	01851f93	slli	x31,x10,0x18	 x10:0x00000004 x31=0x04000000
          31104	     15548	00100294	01df2023	sw	x29,0(x30)	 x30:0x00020000 x29:0x00000030 PA:0x00020000 store:0x00000030 load:0x00000000
          31106	     15549	00100298	01cfd793	srli	x15,x31,0x1c	 x31:0x04000000 x15=0x00000000
          31108	     15550	0010029c	00900713	addi	x14,x0,9	  x0:0x00000000 x14=0x00000009
          31110	     15551	001002a0	f2f76ae3	bltu	x14,x15,1001d4	 x14:0x00000009 x15:0x00000000
          31112	     15552	001002a4	03078393	addi	x7,x15,48	 x15:0x00000000  x7=0x00000030
          31114	     15553	001002a8	000205b7	lui	x11,0x20	 x11=0x00020000
          31118	     15555	001002ac	0075a023	sw	x7,0(x11)	 x11:0x00020000  x7:0x00000030 PA:0x00020000 store:0x00000030 load:0x00000000
          31120	     15556	001002b0	00f57513	andi	x10,x10,15	 x10:0x00000004 x10=0x00000004
          31122	     15557	001002b4	00900613	addi	x12,x0,9	  x0:0x00000000 x12=0x00000009
          31126	     15559	001002b8	f2a67ae3	bgeu	x12,x10,1001ec	 x12:0x00000009 x10:0x00000004
          31130	     15561	001001ec	03050893	addi	x17,x10,48	 x10:0x00000004 x17=0x00000034
          31132	     15562	001001f0	00020e37	lui	x28,0x20	 x28=0x00020000
          31136	     15564	001001f4	011e2023	sw	x17,0(x28)	 x28:0x00020000 x17:0x00000034 PA:0x00020000 store:0x00000034 load:0x00000000
          31150	     15571	001001f8	00008067	jalr	x0,0(x1)	  x1:0x0010155c  x0=0x00000000
          31152	     15572	0010155c	940c2487	flw	f9,-1728(x24)	 f24:0x00102000  f9=0x00000000 PA:0x00101940 store:0x00000000
          31158	     15575	00101560	00102337	lui	x6,0x102	  x6=0x00102000
          31160	     15576	00101564	ae430513	addi	x10,x6,-1308	  x6:0x00102000 x10=0x00101ae4
          31162	     15577	00101568	d0942c27	fsw	f9,-744(x8)	  f8:0x00102000  f9:0x00000004 PA:0x00101d18 store:0x80000000 load:0x80000000
          31166	     15579	0010156c	d1842907	flw	f18,-744(x8)	  f8:0x00102000 f18=0x00000000 PA:0x00101d18 store:0x00000000
          31172	     15582	00101570	e0091453	fclass.s	x8,f18	 f18:0x00102000  x8=0x00000008
          31174	     15583	00101574	ce8a2c23	sw	x8,-776(x20)	 x20:0x00102000  x8:0x00000008 PA:0x00101cf8 store:0x00000008 load:0x80000000
          31178	     15585	00101578	b29fe0ef	jal	x1,1000a0	  x1=0x0010157c
          31182	     15587	001000a0	00054803	lbu	x16,0(x10)	 x10:0x00101ae4 x16=0x0000000a PA:0x00101ae4 store:0x00000000
          31184	     15588	001000a4	06080663	beq	x16,x0,100110	 x16:0x0000000a  x0:0x00000000
          31186	     15589	001000a8	000207b7	lui	x15,0x20	 x15=0x00020000
          31190	     15591	001000ac	0107a023	sw	x16,0(x15)	 x15:0x00020000 x16:0x0000000a PA:0x00020000 store:0x0000000a load:0x00000000
          31194	     15593	001000b0	00154703	lbu	x14,1(x10)	 x10:0x00101ae4 x14=0x00000020 PA:0x00101ae5 store:0x0010157c
          31196	     15594	001000b4	04070e63	beq	x14,x0,100110	 x14:0x00000020  x0:0x00000000
          31200	     15596	001000b8	00e7a023	sw	x14,0(x15)	 x15:0x00020000 x14:0x00000020 PA:0x00020000 store:0x00000020 load:0x00000000
          31204	     15598	001000bc	00254283	lbu	x5,2(x10)	 x10:0x00101ae4  x5=0x00000045 PA:0x00101ae6 store:0x00137fa0
          31206	     15599	001000c0	04028863	beq	x5,x0,100110	  x5:0x00000045  x0:0x00000000
          31210	     15601	001000c4	0057a023	sw	x5,0(x15)	 x15:0x00020000  x5:0x00000045 PA:0x00020000 store:0x00000045 load:0x00000000
          31214	     15603	001000c8	00354303	lbu	x6,3(x10)	 x10:0x00101ae4  x6=0x00000078 PA:0x00101ae7 store:0x00000000
          31216	     15604	001000cc	04030263	beq	x6,x0,100110	  x6:0x00000078  x0:0x00000000
          31220	     15606	001000d0	0067a023	sw	x6,0(x15)	 x15:0x00020000  x6:0x00000078 PA:0x00020000 store:0x00000078 load:0x00000000
          31224	     15608	001000d4	00454383	lbu	x7,4(x10)	 x10:0x00101ae4  x7=0x00000070 PA:0x00101ae8 store:0x00000000
          31226	     15609	001000d8	02038c63	beq	x7,x0,100110	  x7:0x00000070  x0:0x00000000
          31230	     15611	001000dc	0077a023	sw	x7,0(x15)	 x15:0x00020000  x7:0x00000070 PA:0x00020000 store:0x00000070 load:0x00000000
          31234	     15613	001000e0	00554583	lbu	x11,5(x10)	 x10:0x00101ae4 x11=0x00000065 PA:0x00101ae9 store:0x00000045
          31236	     15614	001000e4	02058663	beq	x11,x0,100110	 x11:0x00000065  x0:0x00000000
          31240	     15616	001000e8	00b7a023	sw	x11,0(x15)	 x15:0x00020000 x11:0x00000065 PA:0x00020000 store:0x00000065 load:0x00000000
          31244	     15618	001000ec	00654603	lbu	x12,6(x10)	 x10:0x00101ae4 x12=0x00000063 PA:0x00101aea store:0x00000078
          31246	     15619	001000f0	02060063	beq	x12,x0,100110	 x12:0x00000063  x0:0x00000000
          31250	     15621	001000f4	00c7a023	sw	x12,0(x15)	 x15:0x00020000 x12:0x00000063 PA:0x00020000 store:0x00000063 load:0x00000000
          31254	     15623	001000f8	00754683	lbu	x13,7(x10)	 x10:0x00101ae4 x13=0x00000074 PA:0x00101aeb store:0x00000070
          31256	     15624	001000fc	00850513	addi	x10,x10,8	 x10:0x00101ae4 x10=0x00101aec
          31258	     15625	00100100	00068863	beq	x13,x0,100110	 x13:0x00000074  x0:0x00000000
          31262	     15627	00100104	00d7a023	sw	x13,0(x15)	 x15:0x00020000 x13:0x00000074 PA:0x00020000 store:0x00000074 load:0x00000000
          31266	     15629	00100108	00054803	lbu	x16,0(x10)	 x10:0x00101aec x16=0x00000069 PA:0x00101aec store:0x00000000
          31270	     15631	0010010c	fa0810e3	bne	x16,x0,1000ac	 x16:0x00000069  x0:0x00000000
          31276	     15634	001000ac	0107a023	sw	x16,0(x15)	 x15:0x00020000 x16:0x00000069 PA:0x00020000 store:0x00000069 load:0x00000000
          31280	     15636	001000b0	00154703	lbu	x14,1(x10)	 x10:0x00101aec x14=0x0000006e PA:0x00101aed store:0x0010157c
          31282	     15637	001000b4	04070e63	beq	x14,x0,100110	 x14:0x0000006e  x0:0x00000000
          31286	     15639	001000b8	00e7a023	sw	x14,0(x15)	 x15:0x00020000 x14:0x0000006e PA:0x00020000 store:0x0000006e load:0x00000000
          31290	     15641	001000bc	00254283	lbu	x5,2(x10)	 x10:0x00101aec  x5=0x00000067 PA:0x00101aee store:0x00137fa0
          31292	     15642	001000c0	04028863	beq	x5,x0,100110	  x5:0x00000067  x0:0x00000000
          31296	     15644	001000c4	0057a023	sw	x5,0(x15)	 x15:0x00020000  x5:0x00000067 PA:0x00020000 store:0x00000067 load:0x00000000
          31300	     15646	001000c8	00354303	lbu	x6,3(x10)	 x10:0x00101aec  x6=0x00000020 PA:0x00101aef store:0x00000000
          31302	     15647	001000cc	04030263	beq	x6,x0,100110	  x6:0x00000020  x0:0x00000000
          31306	     15649	001000d0	0067a023	sw	x6,0(x15)	 x15:0x00020000  x6:0x00000020 PA:0x00020000 store:0x00000020 load:0x00000000
          31310	     15651	001000d4	00454383	lbu	x7,4(x10)	 x10:0x00101aec  x7=0x00000030 PA:0x00101af0 store:0x00000000
          31312	     15652	001000d8	02038c63	beq	x7,x0,100110	  x7:0x00000030  x0:0x00000000
          31316	     15654	001000dc	0077a023	sw	x7,0(x15)	 x15:0x00020000  x7:0x00000030 PA:0x00020000 store:0x00000030 load:0x00000000
          31320	     15656	001000e0	00554583	lbu	x11,5(x10)	 x10:0x00101aec x11=0x00000078 PA:0x00101af1 store:0x00000067
          31322	     15657	001000e4	02058663	beq	x11,x0,100110	 x11:0x00000078  x0:0x00000000
          31326	     15659	001000e8	00b7a023	sw	x11,0(x15)	 x15:0x00020000 x11:0x00000078 PA:0x00020000 store:0x00000078 load:0x00000000
          31330	     15661	001000ec	00654603	lbu	x12,6(x10)	 x10:0x00101aec x12=0x00000038 PA:0x00101af2 store:0x00000020
          31332	     15662	001000f0	02060063	beq	x12,x0,100110	 x12:0x00000038  x0:0x00000000
          31336	     15664	001000f4	00c7a023	sw	x12,0(x15)	 x15:0x00020000 x12:0x00000038 PA:0x00020000 store:0x00000038 load:0x00000000
          31340	     15666	001000f8	00754683	lbu	x13,7(x10)	 x10:0x00101aec x13=0x0000003a PA:0x00101af3 store:0x00000030
          31342	     15667	001000fc	00850513	addi	x10,x10,8	 x10:0x00101aec x10=0x00101af4
          31344	     15668	00100100	00068863	beq	x13,x0,100110	 x13:0x0000003a  x0:0x00000000
          31348	     15670	00100104	00d7a023	sw	x13,0(x15)	 x15:0x00020000 x13:0x0000003a PA:0x00020000 store:0x0000003a load:0x00000000
          31352	     15672	00100108	00054803	lbu	x16,0(x10)	 x10:0x00101af4 x16=0x00000020 PA:0x00101af4 store:0x00000000
          31356	     15674	0010010c	fa0810e3	bne	x16,x0,1000ac	 x16:0x00000020  x0:0x00000000
          31362	     15677	001000ac	0107a023	sw	x16,0(x15)	 x15:0x00020000 x16:0x00000020 PA:0x00020000 store:0x00000020 load:0x00000000
          31366	     15679	001000b0	00154703	lbu	x14,1(x10)	 x10:0x00101af4 x14=0x00000000 PA:0x00101af5 store:0x0010157c
          31370	     15681	001000b4	04070e63	beq	x14,x0,100110	 x14:0x00000000  x0:0x00000000
          31374	     15683	00100110	00000513	addi	x10,x0,0	  x0:0x00000000 x10=0x00000000
          31378	     15685	00100114	00008067	jalr	x0,0(x1)	  x1:0x0010157c  x0=0x00000000
          31392	     15692	0010157c	cf8a2503	lw	x10,-776(x20)	 x20:0x00102000 x10=0x00000008 PA:0x00101cf8 store:0x00102000
          31394	     15693	00101580	f0000953	fmv.w.x	f18,x0	  x0:0x00000000 f18=0x00000000
          31396	     15694	00101584	00102c37	lui	x24,0x102	 x24=0x00102000
          31398	     15695	00101588	b99fe0ef	jal	x1,100120	  x1=0x0010158c
          31400	     15696	00100120	01c55793	srli	x15,x10,0x1c	 x10:0x00000008 x15=0x00000000
          31402	     15697	00100124	00900713	addi	x14,x0,9	  x0:0x00000000 x14=0x00000009
          31404	     15698	00100128	0cf77a63	bgeu	x14,x15,1001fc	 x14:0x00000009 x15:0x00000000
          31406	     15699	001001fc	03078393	addi	x7,x15,48	 x15:0x00000000  x7=0x00000030
          31408	     15700	00100200	000205b7	lui	x11,0x20	 x11=0x00020000
          31410	     15701	00100204	00451613	slli	x12,x10,0x4	 x10:0x00000008 x12=0x00000080
          31412	     15702	00100208	0075a023	sw	x7,0(x11)	 x11:0x00020000  x7:0x00000030 PA:0x00020000 store:0x00000030 load:0x00000000
          31414	     15703	0010020c	01c65693	srli	x13,x12,0x1c	 x12:0x00000080 x13=0x00000000
          31416	     15704	00100210	00900813	addi	x16,x0,9	  x0:0x00000000 x16=0x00000009
          31418	     15705	00100214	f2d86ae3	bltu	x16,x13,100148	 x16:0x00000009 x13:0x00000000
          31420	     15706	00100218	03068e93	addi	x29,x13,48	 x13:0x00000000 x29=0x00000030
          31422	     15707	0010021c	00020f37	lui	x30,0x20	 x30=0x00020000
          31424	     15708	00100220	00851f93	slli	x31,x10,0x8	 x10:0x00000008 x31=0x00000800
          31426	     15709	00100224	01df2023	sw	x29,0(x30)	 x30:0x00020000 x29:0x00000030 PA:0x00020000 store:0x00000030 load:0x00000000
          31428	     15710	00100228	01cfd793	srli	x15,x31,0x1c	 x31:0x00000800 x15=0x00000000
          31430	     15711	0010022c	00900713	addi	x14,x0,9	  x0:0x00000000 x14=0x00000009
          31432	     15712	00100230	f2f76ae3	bltu	x14,x15,100164	 x14:0x00000009 x15:0x00000000
          31434	     15713	00100234	03078393	addi	x7,x15,48	 x15:0x00000000  x7=0x00000030
          31436	     15714	00100238	000205b7	lui	x11,0x20	 x11=0x00020000
          31438	     15715	0010023c	00c51613	slli	x12,x10,0xc	 x10:0x00000008 x12=0x00008000
          31442	     15717	00100240	0075a023	sw	x7,0(x11)	 x11:0x00020000  x7:0x00000030 PA:0x00020000 store:0x00000030 load:0x00000000
          31444	     15718	00100244	01c65693	srli	x13,x12,0x1c	 x12:0x00008000 x13=0x00000000
          31446	     15719	00100248	00900813	addi	x16,x0,9	  x0:0x00000000 x16=0x00000009
          31448	     15720	0010024c	f2d86ae3	bltu	x16,x13,100180	 x16:0x00000009 x13:0x00000000
          31450	     15721	00100250	03068e93	addi	x29,x13,48	 x13:0x00000000 x29=0x00000030
          31452	     15722	00100254	00020f37	lui	x30,0x20	 x30=0x00020000
          31454	     15723	00100258	01051f93	slli	x31,x10,0x10	 x10:0x00000008 x31=0x00080000
          31458	     15725	0010025c	01df2023	sw	x29,0(x30)	 x30:0x00020000 x29:0x00000030 PA:0x00020000 store:0x00000030 load:0x00000000
          31460	     15726	00100260	01cfd793	srli	x15,x31,0x1c	 x31:0x00080000 x15=0x00000000
          31462	     15727	00100264	00900713	addi	x14,x0,9	  x0:0x00000000 x14=0x00000009
          31464	     15728	00100268	f2f76ae3	bltu	x14,x15,10019c	 x14:0x00000009 x15:0x00000000
          31466	     15729	0010026c	03078393	addi	x7,x15,48	 x15:0x00000000  x7=0x00000030
          31468	     15730	00100270	000205b7	lui	x11,0x20	 x11=0x00020000
          31470	     15731	00100274	01451613	slli	x12,x10,0x14	 x10:0x00000008 x12=0x00800000
          31474	     15733	00100278	0075a023	sw	x7,0(x11)	 x11:0x00020000  x7:0x00000030 PA:0x00020000 store:0x00000030 load:0x00000000
          31476	     15734	0010027c	01c65693	srli	x13,x12,0x1c	 x12:0x00800000 x13=0x00000000
          31478	     15735	00100280	00900813	addi	x16,x0,9	  x0:0x00000000 x16=0x00000009
          31480	     15736	00100284	f2d86ae3	bltu	x16,x13,1001b8	 x16:0x00000009 x13:0x00000000
          31482	     15737	00100288	03068e93	addi	x29,x13,48	 x13:0x00000000 x29=0x00000030
          31484	     15738	0010028c	00020f37	lui	x30,0x20	 x30=0x00020000
          31486	     15739	00100290	01851f93	slli	x31,x10,0x18	 x10:0x00000008 x31=0x08000000
          31490	     15741	00100294	01df2023	sw	x29,0(x30)	 x30:0x00020000 x29:0x00000030 PA:0x00020000 store:0x00000030 load:0x00000000
          31492	     15742	00100298	01cfd793	srli	x15,x31,0x1c	 x31:0x08000000 x15=0x00000000
          31494	     15743	0010029c	00900713	addi	x14,x0,9	  x0:0x00000000 x14=0x00000009
          31496	     15744	001002a0	f2f76ae3	bltu	x14,x15,1001d4	 x14:0x00000009 x15:0x00000000
          31498	     15745	001002a4	03078393	addi	x7,x15,48	 x15:0x00000000  x7=0x00000030
          31500	     15746	001002a8	000205b7	lui	x11,0x20	 x11=0x00020000
          31504	     15748	001002ac	0075a023	sw	x7,0(x11)	 x11:0x00020000  x7:0x00000030 PA:0x00020000 store:0x00000030 load:0x00000000
          31506	     15749	001002b0	00f57513	andi	x10,x10,15	 x10:0x00000008 x10=0x00000008
          31508	     15750	001002b4	00900613	addi	x12,x0,9	  x0:0x00000000 x12=0x00000009
          31512	     15752	001002b8	f2a67ae3	bgeu	x12,x10,1001ec	 x12:0x00000009 x10:0x00000008
          31516	     15754	001001ec	03050893	addi	x17,x10,48	 x10:0x00000008 x17=0x00000038
          31518	     15755	001001f0	00020e37	lui	x28,0x20	 x28=0x00020000
          31522	     15757	001001f4	011e2023	sw	x17,0(x28)	 x28:0x00020000 x17:0x00000038 PA:0x00020000 store:0x00000038 load:0x00000000
          31526	     15759	001001f8	00008067	jalr	x0,0(x1)	  x1:0x0010158c  x0=0x00000000
          31538	     15765	0010158c	af8c0513	addi	x10,x24,-1288	 x24:0x00102000 x10=0x00101af8
          31540	     15766	00101590	d1292a27	fsw	f18,-748(x18)	 f18:0x00102000 f18:0x00102000 PA:0x00101d14 store:0x00000000 load:0x00000000
          31544	     15768	00101594	d1492987	flw	f19,-748(x18)	 f18:0x00102000 f19=0x00000000 PA:0x00101d14 store:0x3f800031
          31550	     15771	00101598	e0099953	fclass.s	x18,f19	 f19:0x00102000 x18=0x00000010
          31552	     15772	0010159c	cf2daa23	sw	x18,-780(x27)	 x27:0x00102000 x18:0x00000010 PA:0x00101cf4 store:0x00000010 load:0x00000000
          31556	     15774	001015a0	b01fe0ef	jal	x1,1000a0	  x1=0x001015a4
          31560	     15776	001000a0	00054803	lbu	x16,0(x10)	 x10:0x00101af8 x16=0x0000000a PA:0x00101af8 store:0x00000000
          31562	     15777	001000a4	06080663	beq	x16,x0,100110	 x16:0x0000000a  x0:0x00000000
          31564	     15778	001000a8	000207b7	lui	x15,0x20	 x15=0x00020000
          31568	     15780	001000ac	0107a023	sw	x16,0(x15)	 x15:0x00020000 x16:0x0000000a PA:0x00020000 store:0x0000000a load:0x00000000
          31572	     15782	001000b0	00154703	lbu	x14,1(x10)	 x10:0x00101af8 x14=0x00000020 PA:0x00101af9 store:0x001015a4
          31574	     15783	001000b4	04070e63	beq	x14,x0,100110	 x14:0x00000020  x0:0x00000000
          31578	     15785	001000b8	00e7a023	sw	x14,0(x15)	 x15:0x00020000 x14:0x00000020 PA:0x00020000 store:0x00000020 load:0x00000000
          31582	     15787	001000bc	00254283	lbu	x5,2(x10)	 x10:0x00101af8  x5=0x00000045 PA:0x00101afa store:0x00137fa0
          31584	     15788	001000c0	04028863	beq	x5,x0,100110	  x5:0x00000045  x0:0x00000000
          31588	     15790	001000c4	0057a023	sw	x5,0(x15)	 x15:0x00020000  x5:0x00000045 PA:0x00020000 store:0x00000045 load:0x00000000
          31592	     15792	001000c8	00354303	lbu	x6,3(x10)	 x10:0x00101af8  x6=0x00000078 PA:0x00101afb store:0x00000000
          31594	     15793	001000cc	04030263	beq	x6,x0,100110	  x6:0x00000078  x0:0x00000000
          31598	     15795	001000d0	0067a023	sw	x6,0(x15)	 x15:0x00020000  x6:0x00000078 PA:0x00020000 store:0x00000078 load:0x00000000
          31602	     15797	001000d4	00454383	lbu	x7,4(x10)	 x10:0x00101af8  x7=0x00000070 PA:0x00101afc store:0x00000000
          31604	     15798	001000d8	02038c63	beq	x7,x0,100110	  x7:0x00000070  x0:0x00000000
          31608	     15800	001000dc	0077a023	sw	x7,0(x15)	 x15:0x00020000  x7:0x00000070 PA:0x00020000 store:0x00000070 load:0x00000000
          31612	     15802	001000e0	00554583	lbu	x11,5(x10)	 x10:0x00101af8 x11=0x00000065 PA:0x00101afd store:0x00000045
          31614	     15803	001000e4	02058663	beq	x11,x0,100110	 x11:0x00000065  x0:0x00000000
          31618	     15805	001000e8	00b7a023	sw	x11,0(x15)	 x15:0x00020000 x11:0x00000065 PA:0x00020000 store:0x00000065 load:0x00000000
          31622	     15807	001000ec	00654603	lbu	x12,6(x10)	 x10:0x00101af8 x12=0x00000063 PA:0x00101afe store:0x00000078
          31624	     15808	001000f0	02060063	beq	x12,x0,100110	 x12:0x00000063  x0:0x00000000
          31628	     15810	001000f4	00c7a023	sw	x12,0(x15)	 x15:0x00020000 x12:0x00000063 PA:0x00020000 store:0x00000063 load:0x00000000
          31632	     15812	001000f8	00754683	lbu	x13,7(x10)	 x10:0x00101af8 x13=0x00000074 PA:0x00101aff store:0x00000070
          31634	     15813	001000fc	00850513	addi	x10,x10,8	 x10:0x00101af8 x10=0x00101b00
          31636	     15814	00100100	00068863	beq	x13,x0,100110	 x13:0x00000074  x0:0x00000000
          31640	     15816	00100104	00d7a023	sw	x13,0(x15)	 x15:0x00020000 x13:0x00000074 PA:0x00020000 store:0x00000074 load:0x00000000
          31644	     15818	00100108	00054803	lbu	x16,0(x10)	 x10:0x00101b00 x16=0x00000069 PA:0x00101b00 store:0x00000000
          31648	     15820	0010010c	fa0810e3	bne	x16,x0,1000ac	 x16:0x00000069  x0:0x00000000
          31654	     15823	001000ac	0107a023	sw	x16,0(x15)	 x15:0x00020000 x16:0x00000069 PA:0x00020000 store:0x00000069 load:0x00000000
          31658	     15825	001000b0	00154703	lbu	x14,1(x10)	 x10:0x00101b00 x14=0x0000006e PA:0x00101b01 store:0x001015a4
          31660	     15826	001000b4	04070e63	beq	x14,x0,100110	 x14:0x0000006e  x0:0x00000000
          31664	     15828	001000b8	00e7a023	sw	x14,0(x15)	 x15:0x00020000 x14:0x0000006e PA:0x00020000 store:0x0000006e load:0x00000000
          31668	     15830	001000bc	00254283	lbu	x5,2(x10)	 x10:0x00101b00  x5=0x00000067 PA:0x00101b02 store:0x00137fa0
          31670	     15831	001000c0	04028863	beq	x5,x0,100110	  x5:0x00000067  x0:0x00000000
          31674	     15833	001000c4	0057a023	sw	x5,0(x15)	 x15:0x00020000  x5:0x00000067 PA:0x00020000 store:0x00000067 load:0x00000000
          31678	     15835	001000c8	00354303	lbu	x6,3(x10)	 x10:0x00101b00  x6=0x00000020 PA:0x00101b03 store:0x00000000
          31680	     15836	001000cc	04030263	beq	x6,x0,100110	  x6:0x00000020  x0:0x00000000
          31684	     15838	001000d0	0067a023	sw	x6,0(x15)	 x15:0x00020000  x6:0x00000020 PA:0x00020000 store:0x00000020 load:0x00000000
          31688	     15840	001000d4	00454383	lbu	x7,4(x10)	 x10:0x00101b00  x7=0x00000030 PA:0x00101b04 store:0x00000000
          31690	     15841	001000d8	02038c63	beq	x7,x0,100110	  x7:0x00000030  x0:0x00000000
          31694	     15843	001000dc	0077a023	sw	x7,0(x15)	 x15:0x00020000  x7:0x00000030 PA:0x00020000 store:0x00000030 load:0x00000000
          31698	     15845	001000e0	00554583	lbu	x11,5(x10)	 x10:0x00101b00 x11=0x00000078 PA:0x00101b05 store:0x00000067
          31700	     15846	001000e4	02058663	beq	x11,x0,100110	 x11:0x00000078  x0:0x00000000
          31704	     15848	001000e8	00b7a023	sw	x11,0(x15)	 x15:0x00020000 x11:0x00000078 PA:0x00020000 store:0x00000078 load:0x00000000
          31708	     15850	001000ec	00654603	lbu	x12,6(x10)	 x10:0x00101b00 x12=0x00000031 PA:0x00101b06 store:0x00000020
          31710	     15851	001000f0	02060063	beq	x12,x0,100110	 x12:0x00000031  x0:0x00000000
          31714	     15853	001000f4	00c7a023	sw	x12,0(x15)	 x15:0x00020000 x12:0x00000031 PA:0x00020000 store:0x00000031 load:0x00000000
          31718	     15855	001000f8	00754683	lbu	x13,7(x10)	 x10:0x00101b00 x13=0x00000030 PA:0x00101b07 store:0x00000030
          31720	     15856	001000fc	00850513	addi	x10,x10,8	 x10:0x00101b00 x10=0x00101b08
          31722	     15857	00100100	00068863	beq	x13,x0,100110	 x13:0x00000030  x0:0x00000000
          31726	     15859	00100104	00d7a023	sw	x13,0(x15)	 x15:0x00020000 x13:0x00000030 PA:0x00020000 store:0x00000030 load:0x00000000
          31730	     15861	00100108	00054803	lbu	x16,0(x10)	 x10:0x00101b08 x16=0x0000003a PA:0x00101b08 store:0x00000000
          31734	     15863	0010010c	fa0810e3	bne	x16,x0,1000ac	 x16:0x0000003a  x0:0x00000000
          31740	     15866	001000ac	0107a023	sw	x16,0(x15)	 x15:0x00020000 x16:0x0000003a PA:0x00020000 store:0x0000003a load:0x00000000
          31744	     15868	001000b0	00154703	lbu	x14,1(x10)	 x10:0x00101b08 x14=0x00000020 PA:0x00101b09 store:0x001015a4
          31746	     15869	001000b4	04070e63	beq	x14,x0,100110	 x14:0x00000020  x0:0x00000000
          31750	     15871	001000b8	00e7a023	sw	x14,0(x15)	 x15:0x00020000 x14:0x00000020 PA:0x00020000 store:0x00000020 load:0x00000000
          31754	     15873	001000bc	00254283	lbu	x5,2(x10)	 x10:0x00101b08  x5=0x00000000 PA:0x00101b0a store:0x00137fa0
          31758	     15875	001000c0	04028863	beq	x5,x0,100110	  x5:0x00000000  x0:0x00000000
          31762	     15877	00100110	00000513	addi	x10,x0,0	  x0:0x00000000 x10=0x00000000
          31766	     15879	00100114	00008067	jalr	x0,0(x1)	  x1:0x001015a4  x0=0x00000000
          31770	     15881	001015a4	cf4da503	lw	x10,-780(x27)	 x27:0x00102000 x10=0x00000010 PA:0x00101cf4 store:0x00102000
          31772	     15882	001015a8	00102437	lui	x8,0x102	  x8=0x00102000
          31774	     15883	001015ac	00102c37	lui	x24,0x102	 x24=0x00102000
          31778	     15885	001015b0	b71fe0ef	jal	x1,100120	  x1=0x001015b4
          31780	     15886	00100120	01c55793	srli	x15,x10,0x1c	 x10:0x00000010 x15=0x00000000
          31782	     15887	00100124	00900713	addi	x14,x0,9	  x0:0x00000000 x14=0x00000009
          31786	     15889	00100128	0cf77a63	bgeu	x14,x15,1001fc	 x14:0x00000009 x15:0x00000000
          31790	     15891	001001fc	03078393	addi	x7,x15,48	 x15:0x00000000  x7=0x00000030
          31792	     15892	00100200	000205b7	lui	x11,0x20	 x11=0x00020000
          31794	     15893	00100204	00451613	slli	x12,x10,0x4	 x10:0x00000010 x12=0x00000100
          31798	     15895	00100208	0075a023	sw	x7,0(x11)	 x11:0x00020000  x7:0x00000030 PA:0x00020000 store:0x00000030 load:0x00000000
          31800	     15896	0010020c	01c65693	srli	x13,x12,0x1c	 x12:0x00000100 x13=0x00000000
          31802	     15897	00100210	00900813	addi	x16,x0,9	  x0:0x00000000 x16=0x00000009
          31804	     15898	00100214	f2d86ae3	bltu	x16,x13,100148	 x16:0x00000009 x13:0x00000000
          31806	     15899	00100218	03068e93	addi	x29,x13,48	 x13:0x00000000 x29=0x00000030
          31808	     15900	0010021c	00020f37	lui	x30,0x20	 x30=0x00020000
          31810	     15901	00100220	00851f93	slli	x31,x10,0x8	 x10:0x00000010 x31=0x00001000
          31814	     15903	00100224	01df2023	sw	x29,0(x30)	 x30:0x00020000 x29:0x00000030 PA:0x00020000 store:0x00000030 load:0x00000000
          31816	     15904	00100228	01cfd793	srli	x15,x31,0x1c	 x31:0x00001000 x15=0x00000000
          31818	     15905	0010022c	00900713	addi	x14,x0,9	  x0:0x00000000 x14=0x00000009
          31820	     15906	00100230	f2f76ae3	bltu	x14,x15,100164	 x14:0x00000009 x15:0x00000000
          31822	     15907	00100234	03078393	addi	x7,x15,48	 x15:0x00000000  x7=0x00000030
          31824	     15908	00100238	000205b7	lui	x11,0x20	 x11=0x00020000
          31826	     15909	0010023c	00c51613	slli	x12,x10,0xc	 x10:0x00000010 x12=0x00010000
          31830	     15911	00100240	0075a023	sw	x7,0(x11)	 x11:0x00020000  x7:0x00000030 PA:0x00020000 store:0x00000030 load:0x00000000
          31832	     15912	00100244	01c65693	srli	x13,x12,0x1c	 x12:0x00010000 x13=0x00000000
          31834	     15913	00100248	00900813	addi	x16,x0,9	  x0:0x00000000 x16=0x00000009
          31836	     15914	0010024c	f2d86ae3	bltu	x16,x13,100180	 x16:0x00000009 x13:0x00000000
          31838	     15915	00100250	03068e93	addi	x29,x13,48	 x13:0x00000000 x29=0x00000030
          31840	     15916	00100254	00020f37	lui	x30,0x20	 x30=0x00020000
          31842	     15917	00100258	01051f93	slli	x31,x10,0x10	 x10:0x00000010 x31=0x00100000
          31846	     15919	0010025c	01df2023	sw	x29,0(x30)	 x30:0x00020000 x29:0x00000030 PA:0x00020000 store:0x00000030 load:0x00000000
          31848	     15920	00100260	01cfd793	srli	x15,x31,0x1c	 x31:0x00100000 x15=0x00000000
          31850	     15921	00100264	00900713	addi	x14,x0,9	  x0:0x00000000 x14=0x00000009
          31852	     15922	00100268	f2f76ae3	bltu	x14,x15,10019c	 x14:0x00000009 x15:0x00000000
          31854	     15923	0010026c	03078393	addi	x7,x15,48	 x15:0x00000000  x7=0x00000030
          31856	     15924	00100270	000205b7	lui	x11,0x20	 x11=0x00020000
          31858	     15925	00100274	01451613	slli	x12,x10,0x14	 x10:0x00000010 x12=0x01000000
          31862	     15927	00100278	0075a023	sw	x7,0(x11)	 x11:0x00020000  x7:0x00000030 PA:0x00020000 store:0x00000030 load:0x00000000
          31864	     15928	0010027c	01c65693	srli	x13,x12,0x1c	 x12:0x01000000 x13=0x00000000
          31866	     15929	00100280	00900813	addi	x16,x0,9	  x0:0x00000000 x16=0x00000009
          31868	     15930	00100284	f2d86ae3	bltu	x16,x13,1001b8	 x16:0x00000009 x13:0x00000000
          31870	     15931	00100288	03068e93	addi	x29,x13,48	 x13:0x00000000 x29=0x00000030
          31872	     15932	0010028c	00020f37	lui	x30,0x20	 x30=0x00020000
          31874	     15933	00100290	01851f93	slli	x31,x10,0x18	 x10:0x00000010 x31=0x10000000
          31878	     15935	00100294	01df2023	sw	x29,0(x30)	 x30:0x00020000 x29:0x00000030 PA:0x00020000 store:0x00000030 load:0x00000000
          31880	     15936	00100298	01cfd793	srli	x15,x31,0x1c	 x31:0x10000000 x15=0x00000001
          31882	     15937	0010029c	00900713	addi	x14,x0,9	  x0:0x00000000 x14=0x00000009
          31884	     15938	001002a0	f2f76ae3	bltu	x14,x15,1001d4	 x14:0x00000009 x15:0x00000001
          31886	     15939	001002a4	03078393	addi	x7,x15,48	 x15:0x00000001  x7=0x00000031
          31888	     15940	001002a8	000205b7	lui	x11,0x20	 x11=0x00020000
          31892	     15942	001002ac	0075a023	sw	x7,0(x11)	 x11:0x00020000  x7:0x00000031 PA:0x00020000 store:0x00000031 load:0x00000000
          31894	     15943	001002b0	00f57513	andi	x10,x10,15	 x10:0x00000010 x10=0x00000000
          31896	     15944	001002b4	00900613	addi	x12,x0,9	  x0:0x00000000 x12=0x00000009
          31900	     15946	001002b8	f2a67ae3	bgeu	x12,x10,1001ec	 x12:0x00000009 x10:0x00000000
          31904	     15948	001001ec	03050893	addi	x17,x10,48	 x10:0x00000000 x17=0x00000030
          31906	     15949	001001f0	00020e37	lui	x28,0x20	 x28=0x00020000
          31910	     15951	001001f4	011e2023	sw	x17,0(x28)	 x28:0x00020000 x17:0x00000030 PA:0x00020000 store:0x00000030 load:0x00000000
          31914	     15953	001001f8	00008067	jalr	x0,0(x1)	  x1:0x001015b4  x0=0x00000000
          31926	     15959	001015b4	001023b7	lui	x7,0x102	  x7=0x00102000
          31928	     15960	001015b8	9503a407	flw	f8,-1712(x7)	  f7:0x00102000  f8=0x00000000 PA:0x00101950 store:0x80000047
          31934	     15963	001015bc	001025b7	lui	x11,0x102	 x11=0x00102000
          31936	     15964	001015c0	00102637	lui	x12,0x102	 x12=0x00102000
          31938	     15965	001015c4	d085a827	fsw	f8,-752(x11)	 f11:0x00102000  f8:0x00102000 PA:0x00101d10 store:0x00000047 load:0x00000047
          31940	     15966	001015c8	b0c60513	addi	x10,x12,-1268	 x12:0x00102000 x10=0x00101b0c
          31942	     15967	001015cc	d105aa07	flw	f20,-752(x11)	 f11:0x00102000 f20=0x00000000 PA:0x00101d10 store:0x80000047
          31946	     15969	001015d0	e00a1853	fclass.s	x16,f20	 f20:0x00102000 x16=0x00000020
          31948	     15970	001015d4	cf0d2823	sw	x16,-784(x26)	 x26:0x00102000 x16:0x00000020 PA:0x00101cf0 store:0x00000020 load:0x00000047
          31952	     15972	001015d8	ac9fe0ef	jal	x1,1000a0	  x1=0x001015dc
          31956	     15974	001000a0	00054803	lbu	x16,0(x10)	 x10:0x00101b0c x16=0x0000000a PA:0x00101b0c store:0x00000000
          31958	     15975	001000a4	06080663	beq	x16,x0,100110	 x16:0x0000000a  x0:0x00000000
          31960	     15976	001000a8	000207b7	lui	x15,0x20	 x15=0x00020000
          31964	     15978	001000ac	0107a023	sw	x16,0(x15)	 x15:0x00020000 x16:0x0000000a PA:0x00020000 store:0x0000000a load:0x00000000
          31968	     15980	001000b0	00154703	lbu	x14,1(x10)	 x10:0x00101b0c x14=0x00000020 PA:0x00101b0d store:0x001015dc
          31970	     15981	001000b4	04070e63	beq	x14,x0,100110	 x14:0x00000020  x0:0x00000000
          31974	     15983	001000b8	00e7a023	sw	x14,0(x15)	 x15:0x00020000 x14:0x00000020 PA:0x00020000 store:0x00000020 load:0x00000000
          31978	     15985	001000bc	00254283	lbu	x5,2(x10)	 x10:0x00101b0c  x5=0x00000045 PA:0x00101b0e store:0x00137fa0
          31980	     15986	001000c0	04028863	beq	x5,x0,100110	  x5:0x00000045  x0:0x00000000
          31984	     15988	001000c4	0057a023	sw	x5,0(x15)	 x15:0x00020000  x5:0x00000045 PA:0x00020000 store:0x00000045 load:0x00000000
          31988	     15990	001000c8	00354303	lbu	x6,3(x10)	 x10:0x00101b0c  x6=0x00000078 PA:0x00101b0f store:0x00000000
          31990	     15991	001000cc	04030263	beq	x6,x0,100110	  x6:0x00000078  x0:0x00000000
          31994	     15993	001000d0	0067a023	sw	x6,0(x15)	 x15:0x00020000  x6:0x00000078 PA:0x00020000 store:0x00000078 load:0x00000000
          31998	     15995	001000d4	00454383	lbu	x7,4(x10)	 x10:0x00101b0c  x7=0x00000070 PA:0x00101b10 store:0x00000000
          32000	     15996	001000d8	02038c63	beq	x7,x0,100110	  x7:0x00000070  x0:0x00000000
          32004	     15998	001000dc	0077a023	sw	x7,0(x15)	 x15:0x00020000  x7:0x00000070 PA:0x00020000 store:0x00000070 load:0x00000000
          32008	     16000	001000e0	00554583	lbu	x11,5(x10)	 x10:0x00101b0c x11=0x00000065 PA:0x00101b11 store:0x00000045
          32010	     16001	001000e4	02058663	beq	x11,x0,100110	 x11:0x00000065  x0:0x00000000
          32014	     16003	001000e8	00b7a023	sw	x11,0(x15)	 x15:0x00020000 x11:0x00000065 PA:0x00020000 store:0x00000065 load:0x00000000
          32018	     16005	001000ec	00654603	lbu	x12,6(x10)	 x10:0x00101b0c x12=0x00000063 PA:0x00101b12 store:0x00000078
          32020	     16006	001000f0	02060063	beq	x12,x0,100110	 x12:0x00000063  x0:0x00000000
          32024	     16008	001000f4	00c7a023	sw	x12,0(x15)	 x15:0x00020000 x12:0x00000063 PA:0x00020000 store:0x00000063 load:0x00000000
          32028	     16010	001000f8	00754683	lbu	x13,7(x10)	 x10:0x00101b0c x13=0x00000074 PA:0x00101b13 store:0x00000070
          32030	     16011	001000fc	00850513	addi	x10,x10,8	 x10:0x00101b0c x10=0x00101b14
          32032	     16012	00100100	00068863	beq	x13,x0,100110	 x13:0x00000074  x0:0x00000000
          32036	     16014	00100104	00d7a023	sw	x13,0(x15)	 x15:0x00020000 x13:0x00000074 PA:0x00020000 store:0x00000074 load:0x00000000
          32040	     16016	00100108	00054803	lbu	x16,0(x10)	 x10:0x00101b14 x16=0x00000069 PA:0x00101b14 store:0x00000000
          32044	     16018	0010010c	fa0810e3	bne	x16,x0,1000ac	 x16:0x00000069  x0:0x00000000
          32050	     16021	001000ac	0107a023	sw	x16,0(x15)	 x15:0x00020000 x16:0x00000069 PA:0x00020000 store:0x00000069 load:0x00000000
          32054	     16023	001000b0	00154703	lbu	x14,1(x10)	 x10:0x00101b14 x14=0x0000006e PA:0x00101b15 store:0x001015dc
          32056	     16024	001000b4	04070e63	beq	x14,x0,100110	 x14:0x0000006e  x0:0x00000000
          32060	     16026	001000b8	00e7a023	sw	x14,0(x15)	 x15:0x00020000 x14:0x0000006e PA:0x00020000 store:0x0000006e load:0x00000000
          32064	     16028	001000bc	00254283	lbu	x5,2(x10)	 x10:0x00101b14  x5=0x00000067 PA:0x00101b16 store:0x00137fa0
          32066	     16029	001000c0	04028863	beq	x5,x0,100110	  x5:0x00000067  x0:0x00000000
          32070	     16031	001000c4	0057a023	sw	x5,0(x15)	 x15:0x00020000  x5:0x00000067 PA:0x00020000 store:0x00000067 load:0x00000000
          32074	     16033	001000c8	00354303	lbu	x6,3(x10)	 x10:0x00101b14  x6=0x00000020 PA:0x00101b17 store:0x00000000
          32076	     16034	001000cc	04030263	beq	x6,x0,100110	  x6:0x00000020  x0:0x00000000
          32080	     16036	001000d0	0067a023	sw	x6,0(x15)	 x15:0x00020000  x6:0x00000020 PA:0x00020000 store:0x00000020 load:0x00000000
          32084	     16038	001000d4	00454383	lbu	x7,4(x10)	 x10:0x00101b14  x7=0x00000030 PA:0x00101b18 store:0x00000000
          32086	     16039	001000d8	02038c63	beq	x7,x0,100110	  x7:0x00000030  x0:0x00000000
          32090	     16041	001000dc	0077a023	sw	x7,0(x15)	 x15:0x00020000  x7:0x00000030 PA:0x00020000 store:0x00000030 load:0x00000000
          32094	     16043	001000e0	00554583	lbu	x11,5(x10)	 x10:0x00101b14 x11=0x00000078 PA:0x00101b19 store:0x00000067
          32096	     16044	001000e4	02058663	beq	x11,x0,100110	 x11:0x00000078  x0:0x00000000
          32100	     16046	001000e8	00b7a023	sw	x11,0(x15)	 x15:0x00020000 x11:0x00000078 PA:0x00020000 store:0x00000078 load:0x00000000
          32104	     16048	001000ec	00654603	lbu	x12,6(x10)	 x10:0x00101b14 x12=0x00000032 PA:0x00101b1a store:0x00000020
          32106	     16049	001000f0	02060063	beq	x12,x0,100110	 x12:0x00000032  x0:0x00000000
          32110	     16051	001000f4	00c7a023	sw	x12,0(x15)	 x15:0x00020000 x12:0x00000032 PA:0x00020000 store:0x00000032 load:0x00000000
          32114	     16053	001000f8	00754683	lbu	x13,7(x10)	 x10:0x00101b14 x13=0x00000030 PA:0x00101b1b store:0x00000030
          32116	     16054	001000fc	00850513	addi	x10,x10,8	 x10:0x00101b14 x10=0x00101b1c
          32118	     16055	00100100	00068863	beq	x13,x0,100110	 x13:0x00000030  x0:0x00000000
          32122	     16057	00100104	00d7a023	sw	x13,0(x15)	 x15:0x00020000 x13:0x00000030 PA:0x00020000 store:0x00000030 load:0x00000000
          32126	     16059	00100108	00054803	lbu	x16,0(x10)	 x10:0x00101b1c x16=0x0000003a PA:0x00101b1c store:0x00000000
          32130	     16061	0010010c	fa0810e3	bne	x16,x0,1000ac	 x16:0x0000003a  x0:0x00000000
          32136	     16064	001000ac	0107a023	sw	x16,0(x15)	 x15:0x00020000 x16:0x0000003a PA:0x00020000 store:0x0000003a load:0x00000000
          32140	     16066	001000b0	00154703	lbu	x14,1(x10)	 x10:0x00101b1c x14=0x00000020 PA:0x00101b1d store:0x001015dc
          32142	     16067	001000b4	04070e63	beq	x14,x0,100110	 x14:0x00000020  x0:0x00000000
          32146	     16069	001000b8	00e7a023	sw	x14,0(x15)	 x15:0x00020000 x14:0x00000020 PA:0x00020000 store:0x00000020 load:0x00000000
          32150	     16071	001000bc	00254283	lbu	x5,2(x10)	 x10:0x00101b1c  x5=0x00000000 PA:0x00101b1e store:0x00137fa0
          32154	     16073	001000c0	04028863	beq	x5,x0,100110	  x5:0x00000000  x0:0x00000000
          32158	     16075	00100110	00000513	addi	x10,x0,0	  x0:0x00000000 x10=0x00000000
          32162	     16077	00100114	00008067	jalr	x0,0(x1)	  x1:0x001015dc  x0=0x00000000
          32166	     16079	001015dc	cf0d2503	lw	x10,-784(x26)	 x26:0x00102000 x10=0x00000020 PA:0x00101cf0 store:0x0000003a
          32170	     16081	001015e0	b41fe0ef	jal	x1,100120	  x1=0x001015e4
          32172	     16082	00100120	01c55793	srli	x15,x10,0x1c	 x10:0x00000020 x15=0x00000000
          32174	     16083	00100124	00900713	addi	x14,x0,9	  x0:0x00000000 x14=0x00000009
          32178	     16085	00100128	0cf77a63	bgeu	x14,x15,1001fc	 x14:0x00000009 x15:0x00000000
          32182	     16087	001001fc	03078393	addi	x7,x15,48	 x15:0x00000000  x7=0x00000030
          32184	     16088	00100200	000205b7	lui	x11,0x20	 x11=0x00020000
          32186	     16089	00100204	00451613	slli	x12,x10,0x4	 x10:0x00000020 x12=0x00000200
          32190	     16091	00100208	0075a023	sw	x7,0(x11)	 x11:0x00020000  x7:0x00000030 PA:0x00020000 store:0x00000030 load:0x00000000
          32192	     16092	0010020c	01c65693	srli	x13,x12,0x1c	 x12:0x00000200 x13=0x00000000
          32194	     16093	00100210	00900813	addi	x16,x0,9	  x0:0x00000000 x16=0x00000009
          32196	     16094	00100214	f2d86ae3	bltu	x16,x13,100148	 x16:0x00000009 x13:0x00000000
          32198	     16095	00100218	03068e93	addi	x29,x13,48	 x13:0x00000000 x29=0x00000030
          32200	     16096	0010021c	00020f37	lui	x30,0x20	 x30=0x00020000
          32202	     16097	00100220	00851f93	slli	x31,x10,0x8	 x10:0x00000020 x31=0x00002000
          32206	     16099	00100224	01df2023	sw	x29,0(x30)	 x30:0x00020000 x29:0x00000030 PA:0x00020000 store:0x00000030 load:0x00000000
          32208	     16100	00100228	01cfd793	srli	x15,x31,0x1c	 x31:0x00002000 x15=0x00000000
          32210	     16101	0010022c	00900713	addi	x14,x0,9	  x0:0x00000000 x14=0x00000009
          32212	     16102	00100230	f2f76ae3	bltu	x14,x15,100164	 x14:0x00000009 x15:0x00000000
          32214	     16103	00100234	03078393	addi	x7,x15,48	 x15:0x00000000  x7=0x00000030
          32216	     16104	00100238	000205b7	lui	x11,0x20	 x11=0x00020000
          32218	     16105	0010023c	00c51613	slli	x12,x10,0xc	 x10:0x00000020 x12=0x00020000
          32222	     16107	00100240	0075a023	sw	x7,0(x11)	 x11:0x00020000  x7:0x00000030 PA:0x00020000 store:0x00000030 load:0x00000000
          32224	     16108	00100244	01c65693	srli	x13,x12,0x1c	 x12:0x00020000 x13=0x00000000
          32226	     16109	00100248	00900813	addi	x16,x0,9	  x0:0x00000000 x16=0x00000009
          32228	     16110	0010024c	f2d86ae3	bltu	x16,x13,100180	 x16:0x00000009 x13:0x00000000
          32230	     16111	00100250	03068e93	addi	x29,x13,48	 x13:0x00000000 x29=0x00000030
          32232	     16112	00100254	00020f37	lui	x30,0x20	 x30=0x00020000
          32234	     16113	00100258	01051f93	slli	x31,x10,0x10	 x10:0x00000020 x31=0x00200000
          32238	     16115	0010025c	01df2023	sw	x29,0(x30)	 x30:0x00020000 x29:0x00000030 PA:0x00020000 store:0x00000030 load:0x00000000
          32240	     16116	00100260	01cfd793	srli	x15,x31,0x1c	 x31:0x00200000 x15=0x00000000
          32242	     16117	00100264	00900713	addi	x14,x0,9	  x0:0x00000000 x14=0x00000009
          32244	     16118	00100268	f2f76ae3	bltu	x14,x15,10019c	 x14:0x00000009 x15:0x00000000
          32246	     16119	0010026c	03078393	addi	x7,x15,48	 x15:0x00000000  x7=0x00000030
          32248	     16120	00100270	000205b7	lui	x11,0x20	 x11=0x00020000
          32250	     16121	00100274	01451613	slli	x12,x10,0x14	 x10:0x00000020 x12=0x02000000
          32254	     16123	00100278	0075a023	sw	x7,0(x11)	 x11:0x00020000  x7:0x00000030 PA:0x00020000 store:0x00000030 load:0x00000000
          32256	     16124	0010027c	01c65693	srli	x13,x12,0x1c	 x12:0x02000000 x13=0x00000000
          32258	     16125	00100280	00900813	addi	x16,x0,9	  x0:0x00000000 x16=0x00000009
          32260	     16126	00100284	f2d86ae3	bltu	x16,x13,1001b8	 x16:0x00000009 x13:0x00000000
          32262	     16127	00100288	03068e93	addi	x29,x13,48	 x13:0x00000000 x29=0x00000030
          32264	     16128	0010028c	00020f37	lui	x30,0x20	 x30=0x00020000
          32266	     16129	00100290	01851f93	slli	x31,x10,0x18	 x10:0x00000020 x31=0x20000000
          32270	     16131	00100294	01df2023	sw	x29,0(x30)	 x30:0x00020000 x29:0x00000030 PA:0x00020000 store:0x00000030 load:0x00000000
          32272	     16132	00100298	01cfd793	srli	x15,x31,0x1c	 x31:0x20000000 x15=0x00000002
          32274	     16133	0010029c	00900713	addi	x14,x0,9	  x0:0x00000000 x14=0x00000009
          32276	     16134	001002a0	f2f76ae3	bltu	x14,x15,1001d4	 x14:0x00000009 x15:0x00000002
          32278	     16135	001002a4	03078393	addi	x7,x15,48	 x15:0x00000002  x7=0x00000032
          32280	     16136	001002a8	000205b7	lui	x11,0x20	 x11=0x00020000
          32284	     16138	001002ac	0075a023	sw	x7,0(x11)	 x11:0x00020000  x7:0x00000032 PA:0x00020000 store:0x00000032 load:0x00000000
          32286	     16139	001002b0	00f57513	andi	x10,x10,15	 x10:0x00000020 x10=0x00000000
          32288	     16140	001002b4	00900613	addi	x12,x0,9	  x0:0x00000000 x12=0x00000009
          32292	     16142	001002b8	f2a67ae3	bgeu	x12,x10,1001ec	 x12:0x00000009 x10:0x00000000
          32296	     16144	001001ec	03050893	addi	x17,x10,48	 x10:0x00000000 x17=0x00000030
          32298	     16145	001001f0	00020e37	lui	x28,0x20	 x28=0x00020000
          32302	     16147	001001f4	011e2023	sw	x17,0(x28)	 x28:0x00020000 x17:0x00000030 PA:0x00020000 store:0x00000030 load:0x00000000
          32306	     16149	001001f8	00008067	jalr	x0,0(x1)	  x1:0x001015e4  x0=0x00000000
          32318	     16155	001015e4	001028b7	lui	x17,0x102	 x17=0x00102000
          32320	     16156	001015e8	9548aa87	flw	f21,-1708(x17)	 f17:0x00102000 f21=0x00000000 PA:0x00101954 store:0x00000047
          32326	     16159	001015ec	00102e37	lui	x28,0x102	 x28=0x00102000
          32328	     16160	001015f0	b20e0513	addi	x10,x28,-1248	 x28:0x00102000 x10=0x00101b20
          32330	     16161	001015f4	d15b2627	fsw	f21,-756(x22)	 f22:0x00102000 f21:0x00102000 PA:0x00101d0c store:0x4019999a load:0x4019999a
          32334	     16163	001015f8	d0cb2e07	flw	f28,-756(x22)	 f22:0x00102000 f28=0x00000000 PA:0x00101d0c store:0xc06d7f2b
          32340	     16166	001015fc	e00e1b53	fclass.s	x22,f28	 f28:0x00102000 x22=0x00000040
          32342	     16167	00101600	cf6a2c23	sw	x22,-776(x20)	 x20:0x00102000 x22:0x00000040 PA:0x00101cf8 store:0x00000040 load:0x4019999a
          32346	     16169	00101604	a9dfe0ef	jal	x1,1000a0	  x1=0x00101608
          32350	     16171	001000a0	00054803	lbu	x16,0(x10)	 x10:0x00101b20 x16=0x0000000a PA:0x00101b20 store:0x00000000
          32352	     16172	001000a4	06080663	beq	x16,x0,100110	 x16:0x0000000a  x0:0x00000000
          32354	     16173	001000a8	000207b7	lui	x15,0x20	 x15=0x00020000
          32358	     16175	001000ac	0107a023	sw	x16,0(x15)	 x15:0x00020000 x16:0x0000000a PA:0x00020000 store:0x0000000a load:0x00000000
          32362	     16177	001000b0	00154703	lbu	x14,1(x10)	 x10:0x00101b20 x14=0x00000020 PA:0x00101b21 store:0x00101608
          32364	     16178	001000b4	04070e63	beq	x14,x0,100110	 x14:0x00000020  x0:0x00000000
          32368	     16180	001000b8	00e7a023	sw	x14,0(x15)	 x15:0x00020000 x14:0x00000020 PA:0x00020000 store:0x00000020 load:0x00000000
          32372	     16182	001000bc	00254283	lbu	x5,2(x10)	 x10:0x00101b20  x5=0x00000045 PA:0x00101b22 store:0x00137fa0
          32374	     16183	001000c0	04028863	beq	x5,x0,100110	  x5:0x00000045  x0:0x00000000
          32378	     16185	001000c4	0057a023	sw	x5,0(x15)	 x15:0x00020000  x5:0x00000045 PA:0x00020000 store:0x00000045 load:0x00000000
          32382	     16187	001000c8	00354303	lbu	x6,3(x10)	 x10:0x00101b20  x6=0x00000078 PA:0x00101b23 store:0x00000000
          32384	     16188	001000cc	04030263	beq	x6,x0,100110	  x6:0x00000078  x0:0x00000000
          32388	     16190	001000d0	0067a023	sw	x6,0(x15)	 x15:0x00020000  x6:0x00000078 PA:0x00020000 store:0x00000078 load:0x00000000
          32392	     16192	001000d4	00454383	lbu	x7,4(x10)	 x10:0x00101b20  x7=0x00000070 PA:0x00101b24 store:0x00000000
          32394	     16193	001000d8	02038c63	beq	x7,x0,100110	  x7:0x00000070  x0:0x00000000
          32398	     16195	001000dc	0077a023	sw	x7,0(x15)	 x15:0x00020000  x7:0x00000070 PA:0x00020000 store:0x00000070 load:0x00000000
          32402	     16197	001000e0	00554583	lbu	x11,5(x10)	 x10:0x00101b20 x11=0x00000065 PA:0x00101b25 store:0x00000045
          32404	     16198	001000e4	02058663	beq	x11,x0,100110	 x11:0x00000065  x0:0x00000000
          32408	     16200	001000e8	00b7a023	sw	x11,0(x15)	 x15:0x00020000 x11:0x00000065 PA:0x00020000 store:0x00000065 load:0x00000000
          32412	     16202	001000ec	00654603	lbu	x12,6(x10)	 x10:0x00101b20 x12=0x00000063 PA:0x00101b26 store:0x00000078
          32414	     16203	001000f0	02060063	beq	x12,x0,100110	 x12:0x00000063  x0:0x00000000
          32418	     16205	001000f4	00c7a023	sw	x12,0(x15)	 x15:0x00020000 x12:0x00000063 PA:0x00020000 store:0x00000063 load:0x00000000
          32422	     16207	001000f8	00754683	lbu	x13,7(x10)	 x10:0x00101b20 x13=0x00000074 PA:0x00101b27 store:0x00000070
          32424	     16208	001000fc	00850513	addi	x10,x10,8	 x10:0x00101b20 x10=0x00101b28
          32426	     16209	00100100	00068863	beq	x13,x0,100110	 x13:0x00000074  x0:0x00000000
          32430	     16211	00100104	00d7a023	sw	x13,0(x15)	 x15:0x00020000 x13:0x00000074 PA:0x00020000 store:0x00000074 load:0x00000000
          32434	     16213	00100108	00054803	lbu	x16,0(x10)	 x10:0x00101b28 x16=0x00000069 PA:0x00101b28 store:0x00000000
          32438	     16215	0010010c	fa0810e3	bne	x16,x0,1000ac	 x16:0x00000069  x0:0x00000000
          32444	     16218	001000ac	0107a023	sw	x16,0(x15)	 x15:0x00020000 x16:0x00000069 PA:0x00020000 store:0x00000069 load:0x00000000
          32448	     16220	001000b0	00154703	lbu	x14,1(x10)	 x10:0x00101b28 x14=0x0000006e PA:0x00101b29 store:0x00101608
          32450	     16221	001000b4	04070e63	beq	x14,x0,100110	 x14:0x0000006e  x0:0x00000000
          32454	     16223	001000b8	00e7a023	sw	x14,0(x15)	 x15:0x00020000 x14:0x0000006e PA:0x00020000 store:0x0000006e load:0x00000000
          32458	     16225	001000bc	00254283	lbu	x5,2(x10)	 x10:0x00101b28  x5=0x00000067 PA:0x00101b2a store:0x00137fa0
          32460	     16226	001000c0	04028863	beq	x5,x0,100110	  x5:0x00000067  x0:0x00000000
          32464	     16228	001000c4	0057a023	sw	x5,0(x15)	 x15:0x00020000  x5:0x00000067 PA:0x00020000 store:0x00000067 load:0x00000000
          32468	     16230	001000c8	00354303	lbu	x6,3(x10)	 x10:0x00101b28  x6=0x00000020 PA:0x00101b2b store:0x00000000
          32470	     16231	001000cc	04030263	beq	x6,x0,100110	  x6:0x00000020  x0:0x00000000
          32474	     16233	001000d0	0067a023	sw	x6,0(x15)	 x15:0x00020000  x6:0x00000020 PA:0x00020000 store:0x00000020 load:0x00000000
          32478	     16235	001000d4	00454383	lbu	x7,4(x10)	 x10:0x00101b28  x7=0x00000030 PA:0x00101b2c store:0x00000000
          32480	     16236	001000d8	02038c63	beq	x7,x0,100110	  x7:0x00000030  x0:0x00000000
          32484	     16238	001000dc	0077a023	sw	x7,0(x15)	 x15:0x00020000  x7:0x00000030 PA:0x00020000 store:0x00000030 load:0x00000000
          32488	     16240	001000e0	00554583	lbu	x11,5(x10)	 x10:0x00101b28 x11=0x00000078 PA:0x00101b2d store:0x00000067
          32490	     16241	001000e4	02058663	beq	x11,x0,100110	 x11:0x00000078  x0:0x00000000
          32494	     16243	001000e8	00b7a023	sw	x11,0(x15)	 x15:0x00020000 x11:0x00000078 PA:0x00020000 store:0x00000078 load:0x00000000
          32498	     16245	001000ec	00654603	lbu	x12,6(x10)	 x10:0x00101b28 x12=0x00000034 PA:0x00101b2e store:0x00000020
          32500	     16246	001000f0	02060063	beq	x12,x0,100110	 x12:0x00000034  x0:0x00000000
          32504	     16248	001000f4	00c7a023	sw	x12,0(x15)	 x15:0x00020000 x12:0x00000034 PA:0x00020000 store:0x00000034 load:0x00000000
          32508	     16250	001000f8	00754683	lbu	x13,7(x10)	 x10:0x00101b28 x13=0x00000030 PA:0x00101b2f store:0x00000030
          32510	     16251	001000fc	00850513	addi	x10,x10,8	 x10:0x00101b28 x10=0x00101b30
          32512	     16252	00100100	00068863	beq	x13,x0,100110	 x13:0x00000030  x0:0x00000000
          32516	     16254	00100104	00d7a023	sw	x13,0(x15)	 x15:0x00020000 x13:0x00000030 PA:0x00020000 store:0x00000030 load:0x00000000
          32520	     16256	00100108	00054803	lbu	x16,0(x10)	 x10:0x00101b30 x16=0x0000003a PA:0x00101b30 store:0x00000000
          32524	     16258	0010010c	fa0810e3	bne	x16,x0,1000ac	 x16:0x0000003a  x0:0x00000000
          32530	     16261	001000ac	0107a023	sw	x16,0(x15)	 x15:0x00020000 x16:0x0000003a PA:0x00020000 store:0x0000003a load:0x00000000
          32534	     16263	001000b0	00154703	lbu	x14,1(x10)	 x10:0x00101b30 x14=0x00000020 PA:0x00101b31 store:0x00101608
          32536	     16264	001000b4	04070e63	beq	x14,x0,100110	 x14:0x00000020  x0:0x00000000
          32540	     16266	001000b8	00e7a023	sw	x14,0(x15)	 x15:0x00020000 x14:0x00000020 PA:0x00020000 store:0x00000020 load:0x00000000
          32544	     16268	001000bc	00254283	lbu	x5,2(x10)	 x10:0x00101b30  x5=0x00000000 PA:0x00101b32 store:0x00137fa0
          32548	     16270	001000c0	04028863	beq	x5,x0,100110	  x5:0x00000000  x0:0x00000000
          32552	     16272	00100110	00000513	addi	x10,x0,0	  x0:0x00000000 x10=0x00000000
          32556	     16274	00100114	00008067	jalr	x0,0(x1)	  x1:0x00101608  x0=0x00000000
          32560	     16276	00101608	cf8a2503	lw	x10,-776(x20)	 x20:0x00102000 x10=0x00000040 PA:0x00101cf8 store:0x00102000
          32564	     16278	0010160c	b15fe0ef	jal	x1,100120	  x1=0x00101610
          32566	     16279	00100120	01c55793	srli	x15,x10,0x1c	 x10:0x00000040 x15=0x00000000
          32568	     16280	00100124	00900713	addi	x14,x0,9	  x0:0x00000000 x14=0x00000009
          32572	     16282	00100128	0cf77a63	bgeu	x14,x15,1001fc	 x14:0x00000009 x15:0x00000000
          32576	     16284	001001fc	03078393	addi	x7,x15,48	 x15:0x00000000  x7=0x00000030
          32578	     16285	00100200	000205b7	lui	x11,0x20	 x11=0x00020000
          32580	     16286	00100204	00451613	slli	x12,x10,0x4	 x10:0x00000040 x12=0x00000400
          32584	     16288	00100208	0075a023	sw	x7,0(x11)	 x11:0x00020000  x7:0x00000030 PA:0x00020000 store:0x00000030 load:0x00000000
          32586	     16289	0010020c	01c65693	srli	x13,x12,0x1c	 x12:0x00000400 x13=0x00000000
          32588	     16290	00100210	00900813	addi	x16,x0,9	  x0:0x00000000 x16=0x00000009
          32590	     16291	00100214	f2d86ae3	bltu	x16,x13,100148	 x16:0x00000009 x13:0x00000000
          32592	     16292	00100218	03068e93	addi	x29,x13,48	 x13:0x00000000 x29=0x00000030
          32594	     16293	0010021c	00020f37	lui	x30,0x20	 x30=0x00020000
          32596	     16294	00100220	00851f93	slli	x31,x10,0x8	 x10:0x00000040 x31=0x00004000
          32600	     16296	00100224	01df2023	sw	x29,0(x30)	 x30:0x00020000 x29:0x00000030 PA:0x00020000 store:0x00000030 load:0x00000000
          32602	     16297	00100228	01cfd793	srli	x15,x31,0x1c	 x31:0x00004000 x15=0x00000000
          32604	     16298	0010022c	00900713	addi	x14,x0,9	  x0:0x00000000 x14=0x00000009
          32606	     16299	00100230	f2f76ae3	bltu	x14,x15,100164	 x14:0x00000009 x15:0x00000000
          32608	     16300	00100234	03078393	addi	x7,x15,48	 x15:0x00000000  x7=0x00000030
          32610	     16301	00100238	000205b7	lui	x11,0x20	 x11=0x00020000
          32612	     16302	0010023c	00c51613	slli	x12,x10,0xc	 x10:0x00000040 x12=0x00040000
          32616	     16304	00100240	0075a023	sw	x7,0(x11)	 x11:0x00020000  x7:0x00000030 PA:0x00020000 store:0x00000030 load:0x00000000
          32618	     16305	00100244	01c65693	srli	x13,x12,0x1c	 x12:0x00040000 x13=0x00000000
          32620	     16306	00100248	00900813	addi	x16,x0,9	  x0:0x00000000 x16=0x00000009
          32622	     16307	0010024c	f2d86ae3	bltu	x16,x13,100180	 x16:0x00000009 x13:0x00000000
          32624	     16308	00100250	03068e93	addi	x29,x13,48	 x13:0x00000000 x29=0x00000030
          32626	     16309	00100254	00020f37	lui	x30,0x20	 x30=0x00020000
          32628	     16310	00100258	01051f93	slli	x31,x10,0x10	 x10:0x00000040 x31=0x00400000
          32632	     16312	0010025c	01df2023	sw	x29,0(x30)	 x30:0x00020000 x29:0x00000030 PA:0x00020000 store:0x00000030 load:0x00000000
          32634	     16313	00100260	01cfd793	srli	x15,x31,0x1c	 x31:0x00400000 x15=0x00000000
          32636	     16314	00100264	00900713	addi	x14,x0,9	  x0:0x00000000 x14=0x00000009
          32638	     16315	00100268	f2f76ae3	bltu	x14,x15,10019c	 x14:0x00000009 x15:0x00000000
          32640	     16316	0010026c	03078393	addi	x7,x15,48	 x15:0x00000000  x7=0x00000030
          32642	     16317	00100270	000205b7	lui	x11,0x20	 x11=0x00020000
          32644	     16318	00100274	01451613	slli	x12,x10,0x14	 x10:0x00000040 x12=0x04000000
          32648	     16320	00100278	0075a023	sw	x7,0(x11)	 x11:0x00020000  x7:0x00000030 PA:0x00020000 store:0x00000030 load:0x00000000
          32650	     16321	0010027c	01c65693	srli	x13,x12,0x1c	 x12:0x04000000 x13=0x00000000
          32652	     16322	00100280	00900813	addi	x16,x0,9	  x0:0x00000000 x16=0x00000009
          32654	     16323	00100284	f2d86ae3	bltu	x16,x13,1001b8	 x16:0x00000009 x13:0x00000000
          32656	     16324	00100288	03068e93	addi	x29,x13,48	 x13:0x00000000 x29=0x00000030
          32658	     16325	0010028c	00020f37	lui	x30,0x20	 x30=0x00020000
          32660	     16326	00100290	01851f93	slli	x31,x10,0x18	 x10:0x00000040 x31=0x40000000
          32664	     16328	00100294	01df2023	sw	x29,0(x30)	 x30:0x00020000 x29:0x00000030 PA:0x00020000 store:0x00000030 load:0x00000000
          32666	     16329	00100298	01cfd793	srli	x15,x31,0x1c	 x31:0x40000000 x15=0x00000004
          32668	     16330	0010029c	00900713	addi	x14,x0,9	  x0:0x00000000 x14=0x00000009
          32670	     16331	001002a0	f2f76ae3	bltu	x14,x15,1001d4	 x14:0x00000009 x15:0x00000004
          32672	     16332	001002a4	03078393	addi	x7,x15,48	 x15:0x00000004  x7=0x00000034
          32674	     16333	001002a8	000205b7	lui	x11,0x20	 x11=0x00020000
          32678	     16335	001002ac	0075a023	sw	x7,0(x11)	 x11:0x00020000  x7:0x00000034 PA:0x00020000 store:0x00000034 load:0x00000000
          32680	     16336	001002b0	00f57513	andi	x10,x10,15	 x10:0x00000040 x10=0x00000000
          32682	     16337	001002b4	00900613	addi	x12,x0,9	  x0:0x00000000 x12=0x00000009
          32686	     16339	001002b8	f2a67ae3	bgeu	x12,x10,1001ec	 x12:0x00000009 x10:0x00000000
          32690	     16341	001001ec	03050893	addi	x17,x10,48	 x10:0x00000000 x17=0x00000030
          32692	     16342	001001f0	00020e37	lui	x28,0x20	 x28=0x00020000
          32696	     16344	001001f4	011e2023	sw	x17,0(x28)	 x28:0x00020000 x17:0x00000030 PA:0x00020000 store:0x00000030 load:0x00000000
          32700	     16346	001001f8	00008067	jalr	x0,0(x1)	  x1:0x00101610  x0=0x00000000
          32702	     16347	00101610	7f800eb7	lui	x29,0x7f800	 x29=0x7f800000
          32706	     16349	00101614	cfddaa23	sw	x29,-780(x27)	 x27:0x00102000 x29:0x7f800000 PA:0x00101cf4 store:0x7f800000 load:0x00000040
          32720	     16356	00101618	cf4daf03	lw	x30,-780(x27)	 x27:0x00102000 x30=0x7f800000 PA:0x00101cf4 store:0x00102000
          32722	     16357	0010161c	f00f0ed3	fmv.w.x	f29,x30	 x30:0x7f800000 f29=0x00000000
          32728	     16360	00101620	d1d9a427	fsw	f29,-760(x19)	 f19:0x00102000 f29:0x7f800000 PA:0x00101d08 store:0x7f800000 load:0x7f800000
          32736	     16364	00101624	d089af07	flw	f30,-760(x19)	 f19:0x00102000 f30=0x00000000 PA:0x00101d08 store:0x00000047
          32744	     16368	00101628	00102fb7	lui	x31,0x102	 x31=0x00102000
          32746	     16369	0010162c	b34f8513	addi	x10,x31,-1228	 x31:0x00102000 x10=0x00101b34
          32748	     16370	00101630	e00f19d3	fclass.s	x19,f30	 f30:0x7f800000 x19=0x00000080
          32750	     16371	00101634	cf3daa23	sw	x19,-780(x27)	 x27:0x00102000 x19:0x00000080 PA:0x00101cf4 store:0x00000080 load:0x7f800000
          32752	     16372	00101638	a69fe0ef	jal	x1,1000a0	  x1=0x0010163c
          32754	     16373	001000a0	00054803	lbu	x16,0(x10)	 x10:0x00101b34 x16=0x0000000a PA:0x00101b34 store:0x00000000
          32756	     16374	001000a4	06080663	beq	x16,x0,100110	 x16:0x0000000a  x0:0x00000000
          32758	     16375	001000a8	000207b7	lui	x15,0x20	 x15=0x00020000
          32762	     16377	001000ac	0107a023	sw	x16,0(x15)	 x15:0x00020000 x16:0x0000000a PA:0x00020000 store:0x0000000a load:0x00000000
          32766	     16379	001000b0	00154703	lbu	x14,1(x10)	 x10:0x00101b34 x14=0x00000020 PA:0x00101b35 store:0x0010163c
          32768	     16380	001000b4	04070e63	beq	x14,x0,100110	 x14:0x00000020  x0:0x00000000
          32772	     16382	001000b8	00e7a023	sw	x14,0(x15)	 x15:0x00020000 x14:0x00000020 PA:0x00020000 store:0x00000020 load:0x00000000
          32776	     16384	001000bc	00254283	lbu	x5,2(x10)	 x10:0x00101b34  x5=0x00000045 PA:0x00101b36 store:0x00137fa0
          32778	     16385	001000c0	04028863	beq	x5,x0,100110	  x5:0x00000045  x0:0x00000000
          32782	     16387	001000c4	0057a023	sw	x5,0(x15)	 x15:0x00020000  x5:0x00000045 PA:0x00020000 store:0x00000045 load:0x00000000
          32786	     16389	001000c8	00354303	lbu	x6,3(x10)	 x10:0x00101b34  x6=0x00000078 PA:0x00101b37 store:0x00000000
          32788	     16390	001000cc	04030263	beq	x6,x0,100110	  x6:0x00000078  x0:0x00000000
          32792	     16392	001000d0	0067a023	sw	x6,0(x15)	 x15:0x00020000  x6:0x00000078 PA:0x00020000 store:0x00000078 load:0x00000000
          32796	     16394	001000d4	00454383	lbu	x7,4(x10)	 x10:0x00101b34  x7=0x00000070 PA:0x00101b38 store:0x00000000
          32798	     16395	001000d8	02038c63	beq	x7,x0,100110	  x7:0x00000070  x0:0x00000000
          32802	     16397	001000dc	0077a023	sw	x7,0(x15)	 x15:0x00020000  x7:0x00000070 PA:0x00020000 store:0x00000070 load:0x00000000
          32806	     16399	001000e0	00554583	lbu	x11,5(x10)	 x10:0x00101b34 x11=0x00000065 PA:0x00101b39 store:0x00000045
          32808	     16400	001000e4	02058663	beq	x11,x0,100110	 x11:0x00000065  x0:0x00000000
          32812	     16402	001000e8	00b7a023	sw	x11,0(x15)	 x15:0x00020000 x11:0x00000065 PA:0x00020000 store:0x00000065 load:0x00000000
          32816	     16404	001000ec	00654603	lbu	x12,6(x10)	 x10:0x00101b34 x12=0x00000063 PA:0x00101b3a store:0x00000078
          32818	     16405	001000f0	02060063	beq	x12,x0,100110	 x12:0x00000063  x0:0x00000000
          32822	     16407	001000f4	00c7a023	sw	x12,0(x15)	 x15:0x00020000 x12:0x00000063 PA:0x00020000 store:0x00000063 load:0x00000000
          32826	     16409	001000f8	00754683	lbu	x13,7(x10)	 x10:0x00101b34 x13=0x00000074 PA:0x00101b3b store:0x00000070
          32828	     16410	001000fc	00850513	addi	x10,x10,8	 x10:0x00101b34 x10=0x00101b3c
          32830	     16411	00100100	00068863	beq	x13,x0,100110	 x13:0x00000074  x0:0x00000000
          32834	     16413	00100104	00d7a023	sw	x13,0(x15)	 x15:0x00020000 x13:0x00000074 PA:0x00020000 store:0x00000074 load:0x00000000
          32838	     16415	00100108	00054803	lbu	x16,0(x10)	 x10:0x00101b3c x16=0x00000069 PA:0x00101b3c store:0x00000000
          32842	     16417	0010010c	fa0810e3	bne	x16,x0,1000ac	 x16:0x00000069  x0:0x00000000
          32848	     16420	001000ac	0107a023	sw	x16,0(x15)	 x15:0x00020000 x16:0x00000069 PA:0x00020000 store:0x00000069 load:0x00000000
          32852	     16422	001000b0	00154703	lbu	x14,1(x10)	 x10:0x00101b3c x14=0x0000006e PA:0x00101b3d store:0x0010163c
          32854	     16423	001000b4	04070e63	beq	x14,x0,100110	 x14:0x0000006e  x0:0x00000000
          32858	     16425	001000b8	00e7a023	sw	x14,0(x15)	 x15:0x00020000 x14:0x0000006e PA:0x00020000 store:0x0000006e load:0x00000000
          32862	     16427	001000bc	00254283	lbu	x5,2(x10)	 x10:0x00101b3c  x5=0x00000067 PA:0x00101b3e store:0x00137fa0
          32864	     16428	001000c0	04028863	beq	x5,x0,100110	  x5:0x00000067  x0:0x00000000
          32868	     16430	001000c4	0057a023	sw	x5,0(x15)	 x15:0x00020000  x5:0x00000067 PA:0x00020000 store:0x00000067 load:0x00000000
          32872	     16432	001000c8	00354303	lbu	x6,3(x10)	 x10:0x00101b3c  x6=0x00000020 PA:0x00101b3f store:0x00000000
          32874	     16433	001000cc	04030263	beq	x6,x0,100110	  x6:0x00000020  x0:0x00000000
          32878	     16435	001000d0	0067a023	sw	x6,0(x15)	 x15:0x00020000  x6:0x00000020 PA:0x00020000 store:0x00000020 load:0x00000000
          32882	     16437	001000d4	00454383	lbu	x7,4(x10)	 x10:0x00101b3c  x7=0x00000030 PA:0x00101b40 store:0x00000000
          32884	     16438	001000d8	02038c63	beq	x7,x0,100110	  x7:0x00000030  x0:0x00000000
          32888	     16440	001000dc	0077a023	sw	x7,0(x15)	 x15:0x00020000  x7:0x00000030 PA:0x00020000 store:0x00000030 load:0x00000000
          32892	     16442	001000e0	00554583	lbu	x11,5(x10)	 x10:0x00101b3c x11=0x00000078 PA:0x00101b41 store:0x00000067
          32894	     16443	001000e4	02058663	beq	x11,x0,100110	 x11:0x00000078  x0:0x00000000
          32898	     16445	001000e8	00b7a023	sw	x11,0(x15)	 x15:0x00020000 x11:0x00000078 PA:0x00020000 store:0x00000078 load:0x00000000
          32902	     16447	001000ec	00654603	lbu	x12,6(x10)	 x10:0x00101b3c x12=0x00000038 PA:0x00101b42 store:0x00000020
          32904	     16448	001000f0	02060063	beq	x12,x0,100110	 x12:0x00000038  x0:0x00000000
          32908	     16450	001000f4	00c7a023	sw	x12,0(x15)	 x15:0x00020000 x12:0x00000038 PA:0x00020000 store:0x00000038 load:0x00000000
          32912	     16452	001000f8	00754683	lbu	x13,7(x10)	 x10:0x00101b3c x13=0x00000030 PA:0x00101b43 store:0x00000030
          32914	     16453	001000fc	00850513	addi	x10,x10,8	 x10:0x00101b3c x10=0x00101b44
          32916	     16454	00100100	00068863	beq	x13,x0,100110	 x13:0x00000030  x0:0x00000000
          32920	     16456	00100104	00d7a023	sw	x13,0(x15)	 x15:0x00020000 x13:0x00000030 PA:0x00020000 store:0x00000030 load:0x00000000
          32924	     16458	00100108	00054803	lbu	x16,0(x10)	 x10:0x00101b44 x16=0x0000003a PA:0x00101b44 store:0x00000000
          32928	     16460	0010010c	fa0810e3	bne	x16,x0,1000ac	 x16:0x0000003a  x0:0x00000000
          32934	     16463	001000ac	0107a023	sw	x16,0(x15)	 x15:0x00020000 x16:0x0000003a PA:0x00020000 store:0x0000003a load:0x00000000
          32938	     16465	001000b0	00154703	lbu	x14,1(x10)	 x10:0x00101b44 x14=0x00000020 PA:0x00101b45 store:0x0010163c
          32940	     16466	001000b4	04070e63	beq	x14,x0,100110	 x14:0x00000020  x0:0x00000000
          32944	     16468	001000b8	00e7a023	sw	x14,0(x15)	 x15:0x00020000 x14:0x00000020 PA:0x00020000 store:0x00000020 load:0x00000000
          32948	     16470	001000bc	00254283	lbu	x5,2(x10)	 x10:0x00101b44  x5=0x00000000 PA:0x00101b46 store:0x00137fa0
          32952	     16472	001000c0	04028863	beq	x5,x0,100110	  x5:0x00000000  x0:0x00000000
          32956	     16474	00100110	00000513	addi	x10,x0,0	  x0:0x00000000 x10=0x00000000
          32960	     16476	00100114	00008067	jalr	x0,0(x1)	  x1:0x0010163c  x0=0x00000000
          32964	     16478	0010163c	cf4da503	lw	x10,-780(x27)	 x27:0x00102000 x10=0x00000080 PA:0x00101cf4 store:0x00102000
          32966	     16479	00101640	001029b7	lui	x19,0x102	 x19=0x00102000
          32970	     16481	00101644	addfe0ef	jal	x1,100120	  x1=0x00101648
          32972	     16482	00100120	01c55793	srli	x15,x10,0x1c	 x10:0x00000080 x15=0x00000000
          32974	     16483	00100124	00900713	addi	x14,x0,9	  x0:0x00000000 x14=0x00000009
          32978	     16485	00100128	0cf77a63	bgeu	x14,x15,1001fc	 x14:0x00000009 x15:0x00000000
          32982	     16487	001001fc	03078393	addi	x7,x15,48	 x15:0x00000000  x7=0x00000030
          32984	     16488	00100200	000205b7	lui	x11,0x20	 x11=0x00020000
          32986	     16489	00100204	00451613	slli	x12,x10,0x4	 x10:0x00000080 x12=0x00000800
          32990	     16491	00100208	0075a023	sw	x7,0(x11)	 x11:0x00020000  x7:0x00000030 PA:0x00020000 store:0x00000030 load:0x00000000
          32992	     16492	0010020c	01c65693	srli	x13,x12,0x1c	 x12:0x00000800 x13=0x00000000
          32994	     16493	00100210	00900813	addi	x16,x0,9	  x0:0x00000000 x16=0x00000009
          32996	     16494	00100214	f2d86ae3	bltu	x16,x13,100148	 x16:0x00000009 x13:0x00000000
          32998	     16495	00100218	03068e93	addi	x29,x13,48	 x13:0x00000000 x29=0x00000030
          33000	     16496	0010021c	00020f37	lui	x30,0x20	 x30=0x00020000
          33002	     16497	00100220	00851f93	slli	x31,x10,0x8	 x10:0x00000080 x31=0x00008000
          33006	     16499	00100224	01df2023	sw	x29,0(x30)	 x30:0x00020000 x29:0x00000030 PA:0x00020000 store:0x00000030 load:0x00000000
          33008	     16500	00100228	01cfd793	srli	x15,x31,0x1c	 x31:0x00008000 x15=0x00000000
          33010	     16501	0010022c	00900713	addi	x14,x0,9	  x0:0x00000000 x14=0x00000009
          33012	     16502	00100230	f2f76ae3	bltu	x14,x15,100164	 x14:0x00000009 x15:0x00000000
          33014	     16503	00100234	03078393	addi	x7,x15,48	 x15:0x00000000  x7=0x00000030
          33016	     16504	00100238	000205b7	lui	x11,0x20	 x11=0x00020000
          33018	     16505	0010023c	00c51613	slli	x12,x10,0xc	 x10:0x00000080 x12=0x00080000
          33022	     16507	00100240	0075a023	sw	x7,0(x11)	 x11:0x00020000  x7:0x00000030 PA:0x00020000 store:0x00000030 load:0x00000000
          33024	     16508	00100244	01c65693	srli	x13,x12,0x1c	 x12:0x00080000 x13=0x00000000
          33026	     16509	00100248	00900813	addi	x16,x0,9	  x0:0x00000000 x16=0x00000009
          33028	     16510	0010024c	f2d86ae3	bltu	x16,x13,100180	 x16:0x00000009 x13:0x00000000
          33030	     16511	00100250	03068e93	addi	x29,x13,48	 x13:0x00000000 x29=0x00000030
          33032	     16512	00100254	00020f37	lui	x30,0x20	 x30=0x00020000
          33034	     16513	00100258	01051f93	slli	x31,x10,0x10	 x10:0x00000080 x31=0x00800000
          33038	     16515	0010025c	01df2023	sw	x29,0(x30)	 x30:0x00020000 x29:0x00000030 PA:0x00020000 store:0x00000030 load:0x00000000
          33040	     16516	00100260	01cfd793	srli	x15,x31,0x1c	 x31:0x00800000 x15=0x00000000
          33042	     16517	00100264	00900713	addi	x14,x0,9	  x0:0x00000000 x14=0x00000009
          33044	     16518	00100268	f2f76ae3	bltu	x14,x15,10019c	 x14:0x00000009 x15:0x00000000
          33046	     16519	0010026c	03078393	addi	x7,x15,48	 x15:0x00000000  x7=0x00000030
          33048	     16520	00100270	000205b7	lui	x11,0x20	 x11=0x00020000
          33050	     16521	00100274	01451613	slli	x12,x10,0x14	 x10:0x00000080 x12=0x08000000
          33054	     16523	00100278	0075a023	sw	x7,0(x11)	 x11:0x00020000  x7:0x00000030 PA:0x00020000 store:0x00000030 load:0x00000000
          33056	     16524	0010027c	01c65693	srli	x13,x12,0x1c	 x12:0x08000000 x13=0x00000000
          33058	     16525	00100280	00900813	addi	x16,x0,9	  x0:0x00000000 x16=0x00000009
          33060	     16526	00100284	f2d86ae3	bltu	x16,x13,1001b8	 x16:0x00000009 x13:0x00000000
          33062	     16527	00100288	03068e93	addi	x29,x13,48	 x13:0x00000000 x29=0x00000030
          33064	     16528	0010028c	00020f37	lui	x30,0x20	 x30=0x00020000
          33066	     16529	00100290	01851f93	slli	x31,x10,0x18	 x10:0x00000080 x31=0x80000000
          33070	     16531	00100294	01df2023	sw	x29,0(x30)	 x30:0x00020000 x29:0x00000030 PA:0x00020000 store:0x00000030 load:0x00000000
          33072	     16532	00100298	01cfd793	srli	x15,x31,0x1c	 x31:0x80000000 x15=0x00000008
          33074	     16533	0010029c	00900713	addi	x14,x0,9	  x0:0x00000000 x14=0x00000009
          33076	     16534	001002a0	f2f76ae3	bltu	x14,x15,1001d4	 x14:0x00000009 x15:0x00000008
          33078	     16535	001002a4	03078393	addi	x7,x15,48	 x15:0x00000008  x7=0x00000038
          33080	     16536	001002a8	000205b7	lui	x11,0x20	 x11=0x00020000
          33084	     16538	001002ac	0075a023	sw	x7,0(x11)	 x11:0x00020000  x7:0x00000038 PA:0x00020000 store:0x00000038 load:0x00000000
          33086	     16539	001002b0	00f57513	andi	x10,x10,15	 x10:0x00000080 x10=0x00000000
          33088	     16540	001002b4	00900613	addi	x12,x0,9	  x0:0x00000000 x12=0x00000009
          33092	     16542	001002b8	f2a67ae3	bgeu	x12,x10,1001ec	 x12:0x00000009 x10:0x00000000
          33096	     16544	001001ec	03050893	addi	x17,x10,48	 x10:0x00000000 x17=0x00000030
          33098	     16545	001001f0	00020e37	lui	x28,0x20	 x28=0x00020000
          33102	     16547	001001f4	011e2023	sw	x17,0(x28)	 x28:0x00020000 x17:0x00000030 PA:0x00020000 store:0x00000030 load:0x00000000
          33106	     16549	001001f8	00008067	jalr	x0,0(x1)	  x1:0x00101648  x0=0x00000000
          33108	     16550	00101648	7fa006b7	lui	x13,0x7fa00	 x13=0x7fa00000
          33112	     16552	0010164c	cedd2823	sw	x13,-784(x26)	 x26:0x00102000 x13:0x7fa00000 PA:0x00101cf0 store:0x7fa00000 load:0x00000080
          33126	     16559	00101650	cf0d2d83	lw	x27,-784(x26)	 x26:0x00102000 x27=0x7fa00000 PA:0x00101cf0 store:0x00000009
          33128	     16560	00101654	f00d8fd3	fmv.w.x	f31,x27	 x27:0x7fa00000 f31=0x00000000
          33134	     16563	00101658	d1faa027	fsw	f31,-768(x21)	 f21:0x00102000 f31:0x80000000 PA:0x00101d00 store:0x7fa00000 load:0x7fa00000
          33140	     16566	0010165c	00102737	lui	x14,0x102	 x14=0x00102000
          33142	     16567	00101660	d00aa007	flw	f0,-768(x21)	 f21:0x00102000  f0=0x00000000 PA:0x00101d00 store:0x00000000
          33146	     16569	00101664	b4870513	addi	x10,x14,-1208	 x14:0x00102000 x10=0x00101b48
          33148	     16570	00101668	e00017d3	fclass.s	x15,f0	  f0:0x00000000 x15=0x00000100
          33150	     16571	0010166c	cefd2823	sw	x15,-784(x26)	 x26:0x00102000 x15:0x00000100 PA:0x00101cf0 store:0x00000100 load:0x7fa00000
          33152	     16572	00101670	a31fe0ef	jal	x1,1000a0	  x1=0x00101674
          33156	     16574	001000a0	00054803	lbu	x16,0(x10)	 x10:0x00101b48 x16=0x0000000a PA:0x00101b48 store:0x00000000
          33158	     16575	001000a4	06080663	beq	x16,x0,100110	 x16:0x0000000a  x0:0x00000000
          33160	     16576	001000a8	000207b7	lui	x15,0x20	 x15=0x00020000
          33164	     16578	001000ac	0107a023	sw	x16,0(x15)	 x15:0x00020000 x16:0x0000000a PA:0x00020000 store:0x0000000a load:0x00000000
          33168	     16580	001000b0	00154703	lbu	x14,1(x10)	 x10:0x00101b48 x14=0x00000020 PA:0x00101b49 store:0x00101674
          33170	     16581	001000b4	04070e63	beq	x14,x0,100110	 x14:0x00000020  x0:0x00000000
          33174	     16583	001000b8	00e7a023	sw	x14,0(x15)	 x15:0x00020000 x14:0x00000020 PA:0x00020000 store:0x00000020 load:0x00000000
          33178	     16585	001000bc	00254283	lbu	x5,2(x10)	 x10:0x00101b48  x5=0x00000045 PA:0x00101b4a store:0x00137fa0
          33180	     16586	001000c0	04028863	beq	x5,x0,100110	  x5:0x00000045  x0:0x00000000
          33184	     16588	001000c4	0057a023	sw	x5,0(x15)	 x15:0x00020000  x5:0x00000045 PA:0x00020000 store:0x00000045 load:0x00000000
          33188	     16590	001000c8	00354303	lbu	x6,3(x10)	 x10:0x00101b48  x6=0x00000078 PA:0x00101b4b store:0x00000000
          33190	     16591	001000cc	04030263	beq	x6,x0,100110	  x6:0x00000078  x0:0x00000000
          33194	     16593	001000d0	0067a023	sw	x6,0(x15)	 x15:0x00020000  x6:0x00000078 PA:0x00020000 store:0x00000078 load:0x00000000
          33198	     16595	001000d4	00454383	lbu	x7,4(x10)	 x10:0x00101b48  x7=0x00000070 PA:0x00101b4c store:0x00000000
          33200	     16596	001000d8	02038c63	beq	x7,x0,100110	  x7:0x00000070  x0:0x00000000
          33204	     16598	001000dc	0077a023	sw	x7,0(x15)	 x15:0x00020000  x7:0x00000070 PA:0x00020000 store:0x00000070 load:0x00000000
          33208	     16600	001000e0	00554583	lbu	x11,5(x10)	 x10:0x00101b48 x11=0x00000065 PA:0x00101b4d store:0x00000045
          33210	     16601	001000e4	02058663	beq	x11,x0,100110	 x11:0x00000065  x0:0x00000000
          33214	     16603	001000e8	00b7a023	sw	x11,0(x15)	 x15:0x00020000 x11:0x00000065 PA:0x00020000 store:0x00000065 load:0x00000000
          33218	     16605	001000ec	00654603	lbu	x12,6(x10)	 x10:0x00101b48 x12=0x00000063 PA:0x00101b4e store:0x00000078
          33220	     16606	001000f0	02060063	beq	x12,x0,100110	 x12:0x00000063  x0:0x00000000
          33224	     16608	001000f4	00c7a023	sw	x12,0(x15)	 x15:0x00020000 x12:0x00000063 PA:0x00020000 store:0x00000063 load:0x00000000
          33228	     16610	001000f8	00754683	lbu	x13,7(x10)	 x10:0x00101b48 x13=0x00000074 PA:0x00101b4f store:0x00000070
          33230	     16611	001000fc	00850513	addi	x10,x10,8	 x10:0x00101b48 x10=0x00101b50
          33232	     16612	00100100	00068863	beq	x13,x0,100110	 x13:0x00000074  x0:0x00000000
          33236	     16614	00100104	00d7a023	sw	x13,0(x15)	 x15:0x00020000 x13:0x00000074 PA:0x00020000 store:0x00000074 load:0x00000000
          33240	     16616	00100108	00054803	lbu	x16,0(x10)	 x10:0x00101b50 x16=0x00000069 PA:0x00101b50 store:0x00000000
          33244	     16618	0010010c	fa0810e3	bne	x16,x0,1000ac	 x16:0x00000069  x0:0x00000000
          33250	     16621	001000ac	0107a023	sw	x16,0(x15)	 x15:0x00020000 x16:0x00000069 PA:0x00020000 store:0x00000069 load:0x00000000
          33254	     16623	001000b0	00154703	lbu	x14,1(x10)	 x10:0x00101b50 x14=0x0000006e PA:0x00101b51 store:0x00101674
          33256	     16624	001000b4	04070e63	beq	x14,x0,100110	 x14:0x0000006e  x0:0x00000000
          33260	     16626	001000b8	00e7a023	sw	x14,0(x15)	 x15:0x00020000 x14:0x0000006e PA:0x00020000 store:0x0000006e load:0x00000000
          33264	     16628	001000bc	00254283	lbu	x5,2(x10)	 x10:0x00101b50  x5=0x00000067 PA:0x00101b52 store:0x00137fa0
          33266	     16629	001000c0	04028863	beq	x5,x0,100110	  x5:0x00000067  x0:0x00000000
          33270	     16631	001000c4	0057a023	sw	x5,0(x15)	 x15:0x00020000  x5:0x00000067 PA:0x00020000 store:0x00000067 load:0x00000000
          33274	     16633	001000c8	00354303	lbu	x6,3(x10)	 x10:0x00101b50  x6=0x00000020 PA:0x00101b53 store:0x00000000
          33276	     16634	001000cc	04030263	beq	x6,x0,100110	  x6:0x00000020  x0:0x00000000
          33280	     16636	001000d0	0067a023	sw	x6,0(x15)	 x15:0x00020000  x6:0x00000020 PA:0x00020000 store:0x00000020 load:0x00000000
          33284	     16638	001000d4	00454383	lbu	x7,4(x10)	 x10:0x00101b50  x7=0x00000030 PA:0x00101b54 store:0x00000000
          33286	     16639	001000d8	02038c63	beq	x7,x0,100110	  x7:0x00000030  x0:0x00000000
          33290	     16641	001000dc	0077a023	sw	x7,0(x15)	 x15:0x00020000  x7:0x00000030 PA:0x00020000 store:0x00000030 load:0x00000000
          33294	     16643	001000e0	00554583	lbu	x11,5(x10)	 x10:0x00101b50 x11=0x00000078 PA:0x00101b55 store:0x00000067
          33296	     16644	001000e4	02058663	beq	x11,x0,100110	 x11:0x00000078  x0:0x00000000
          33300	     16646	001000e8	00b7a023	sw	x11,0(x15)	 x15:0x00020000 x11:0x00000078 PA:0x00020000 store:0x00000078 load:0x00000000
          33304	     16648	001000ec	00654603	lbu	x12,6(x10)	 x10:0x00101b50 x12=0x00000031 PA:0x00101b56 store:0x00000020
          33306	     16649	001000f0	02060063	beq	x12,x0,100110	 x12:0x00000031  x0:0x00000000
          33310	     16651	001000f4	00c7a023	sw	x12,0(x15)	 x15:0x00020000 x12:0x00000031 PA:0x00020000 store:0x00000031 load:0x00000000
          33314	     16653	001000f8	00754683	lbu	x13,7(x10)	 x10:0x00101b50 x13=0x00000030 PA:0x00101b57 store:0x00000030
          33316	     16654	001000fc	00850513	addi	x10,x10,8	 x10:0x00101b50 x10=0x00101b58
          33318	     16655	00100100	00068863	beq	x13,x0,100110	 x13:0x00000030  x0:0x00000000
          33322	     16657	00100104	00d7a023	sw	x13,0(x15)	 x15:0x00020000 x13:0x00000030 PA:0x00020000 store:0x00000030 load:0x00000000
          33326	     16659	00100108	00054803	lbu	x16,0(x10)	 x10:0x00101b58 x16=0x00000030 PA:0x00101b58 store:0x00000000
          33330	     16661	0010010c	fa0810e3	bne	x16,x0,1000ac	 x16:0x00000030  x0:0x00000000
          33336	     16664	001000ac	0107a023	sw	x16,0(x15)	 x15:0x00020000 x16:0x00000030 PA:0x00020000 store:0x00000030 load:0x00000000
          33340	     16666	001000b0	00154703	lbu	x14,1(x10)	 x10:0x00101b58 x14=0x0000003a PA:0x00101b59 store:0x00101674
          33342	     16667	001000b4	04070e63	beq	x14,x0,100110	 x14:0x0000003a  x0:0x00000000
          33346	     16669	001000b8	00e7a023	sw	x14,0(x15)	 x15:0x00020000 x14:0x0000003a PA:0x00020000 store:0x0000003a load:0x00000000
          33350	     16671	001000bc	00254283	lbu	x5,2(x10)	 x10:0x00101b58  x5=0x00000020 PA:0x00101b5a store:0x00137fa0
          33352	     16672	001000c0	04028863	beq	x5,x0,100110	  x5:0x00000020  x0:0x00000000
          33356	     16674	001000c4	0057a023	sw	x5,0(x15)	 x15:0x00020000  x5:0x00000020 PA:0x00020000 store:0x00000020 load:0x00000000
          33360	     16676	001000c8	00354303	lbu	x6,3(x10)	 x10:0x00101b58  x6=0x00000000 PA:0x00101b5b store:0x00000000
          33364	     16678	001000cc	04030263	beq	x6,x0,100110	  x6:0x00000000  x0:0x00000000
          33368	     16680	00100110	00000513	addi	x10,x0,0	  x0:0x00000000 x10=0x00000000
          33372	     16682	00100114	00008067	jalr	x0,0(x1)	  x1:0x00101674  x0=0x00000000
          33376	     16684	00101674	cf0d2503	lw	x10,-784(x26)	 x26:0x00102000 x10=0x00000100 PA:0x00101cf0 store:0x00000030
          33378	     16685	00101678	00102d37	lui	x26,0x102	 x26=0x00102000
          33382	     16687	0010167c	aa5fe0ef	jal	x1,100120	  x1=0x00101680
          33384	     16688	00100120	01c55793	srli	x15,x10,0x1c	 x10:0x00000100 x15=0x00000000
          33386	     16689	00100124	00900713	addi	x14,x0,9	  x0:0x00000000 x14=0x00000009
          33390	     16691	00100128	0cf77a63	bgeu	x14,x15,1001fc	 x14:0x00000009 x15:0x00000000
          33394	     16693	001001fc	03078393	addi	x7,x15,48	 x15:0x00000000  x7=0x00000030
          33396	     16694	00100200	000205b7	lui	x11,0x20	 x11=0x00020000
          33398	     16695	00100204	00451613	slli	x12,x10,0x4	 x10:0x00000100 x12=0x00001000
          33402	     16697	00100208	0075a023	sw	x7,0(x11)	 x11:0x00020000  x7:0x00000030 PA:0x00020000 store:0x00000030 load:0x00000000
          33404	     16698	0010020c	01c65693	srli	x13,x12,0x1c	 x12:0x00001000 x13=0x00000000
          33406	     16699	00100210	00900813	addi	x16,x0,9	  x0:0x00000000 x16=0x00000009
          33408	     16700	00100214	f2d86ae3	bltu	x16,x13,100148	 x16:0x00000009 x13:0x00000000
          33410	     16701	00100218	03068e93	addi	x29,x13,48	 x13:0x00000000 x29=0x00000030
          33412	     16702	0010021c	00020f37	lui	x30,0x20	 x30=0x00020000
          33414	     16703	00100220	00851f93	slli	x31,x10,0x8	 x10:0x00000100 x31=0x00010000
          33418	     16705	00100224	01df2023	sw	x29,0(x30)	 x30:0x00020000 x29:0x00000030 PA:0x00020000 store:0x00000030 load:0x00000000
          33420	     16706	00100228	01cfd793	srli	x15,x31,0x1c	 x31:0x00010000 x15=0x00000000
          33422	     16707	0010022c	00900713	addi	x14,x0,9	  x0:0x00000000 x14=0x00000009
          33424	     16708	00100230	f2f76ae3	bltu	x14,x15,100164	 x14:0x00000009 x15:0x00000000
          33426	     16709	00100234	03078393	addi	x7,x15,48	 x15:0x00000000  x7=0x00000030
          33428	     16710	00100238	000205b7	lui	x11,0x20	 x11=0x00020000
          33430	     16711	0010023c	00c51613	slli	x12,x10,0xc	 x10:0x00000100 x12=0x00100000
          33434	     16713	00100240	0075a023	sw	x7,0(x11)	 x11:0x00020000  x7:0x00000030 PA:0x00020000 store:0x00000030 load:0x00000000
          33436	     16714	00100244	01c65693	srli	x13,x12,0x1c	 x12:0x00100000 x13=0x00000000
          33438	     16715	00100248	00900813	addi	x16,x0,9	  x0:0x00000000 x16=0x00000009
          33440	     16716	0010024c	f2d86ae3	bltu	x16,x13,100180	 x16:0x00000009 x13:0x00000000
          33442	     16717	00100250	03068e93	addi	x29,x13,48	 x13:0x00000000 x29=0x00000030
          33444	     16718	00100254	00020f37	lui	x30,0x20	 x30=0x00020000
          33446	     16719	00100258	01051f93	slli	x31,x10,0x10	 x10:0x00000100 x31=0x01000000
          33450	     16721	0010025c	01df2023	sw	x29,0(x30)	 x30:0x00020000 x29:0x00000030 PA:0x00020000 store:0x00000030 load:0x00000000
          33452	     16722	00100260	01cfd793	srli	x15,x31,0x1c	 x31:0x01000000 x15=0x00000000
          33454	     16723	00100264	00900713	addi	x14,x0,9	  x0:0x00000000 x14=0x00000009
          33456	     16724	00100268	f2f76ae3	bltu	x14,x15,10019c	 x14:0x00000009 x15:0x00000000
          33458	     16725	0010026c	03078393	addi	x7,x15,48	 x15:0x00000000  x7=0x00000030
          33460	     16726	00100270	000205b7	lui	x11,0x20	 x11=0x00020000
          33462	     16727	00100274	01451613	slli	x12,x10,0x14	 x10:0x00000100 x12=0x10000000
          33466	     16729	00100278	0075a023	sw	x7,0(x11)	 x11:0x00020000  x7:0x00000030 PA:0x00020000 store:0x00000030 load:0x00000000
          33468	     16730	0010027c	01c65693	srli	x13,x12,0x1c	 x12:0x10000000 x13=0x00000001
          33470	     16731	00100280	00900813	addi	x16,x0,9	  x0:0x00000000 x16=0x00000009
          33472	     16732	00100284	f2d86ae3	bltu	x16,x13,1001b8	 x16:0x00000009 x13:0x00000001
          33474	     16733	00100288	03068e93	addi	x29,x13,48	 x13:0x00000001 x29=0x00000031
          33476	     16734	0010028c	00020f37	lui	x30,0x20	 x30=0x00020000
          33478	     16735	00100290	01851f93	slli	x31,x10,0x18	 x10:0x00000100 x31=0x00000000
          33482	     16737	00100294	01df2023	sw	x29,0(x30)	 x30:0x00020000 x29:0x00000031 PA:0x00020000 store:0x00000031 load:0x00000000
          33484	     16738	00100298	01cfd793	srli	x15,x31,0x1c	 x31:0x00000000 x15=0x00000000
          33486	     16739	0010029c	00900713	addi	x14,x0,9	  x0:0x00000000 x14=0x00000009
          33488	     16740	001002a0	f2f76ae3	bltu	x14,x15,1001d4	 x14:0x00000009 x15:0x00000000
          33490	     16741	001002a4	03078393	addi	x7,x15,48	 x15:0x00000000  x7=0x00000030
          33492	     16742	001002a8	000205b7	lui	x11,0x20	 x11=0x00020000
          33496	     16744	001002ac	0075a023	sw	x7,0(x11)	 x11:0x00020000  x7:0x00000030 PA:0x00020000 store:0x00000030 load:0x00000000
          33498	     16745	001002b0	00f57513	andi	x10,x10,15	 x10:0x00000100 x10=0x00000000
          33500	     16746	001002b4	00900613	addi	x12,x0,9	  x0:0x00000000 x12=0x00000009
          33504	     16748	001002b8	f2a67ae3	bgeu	x12,x10,1001ec	 x12:0x00000009 x10:0x00000000
          33508	     16750	001001ec	03050893	addi	x17,x10,48	 x10:0x00000000 x17=0x00000030
          33510	     16751	001001f0	00020e37	lui	x28,0x20	 x28=0x00020000
          33514	     16753	001001f4	011e2023	sw	x17,0(x28)	 x28:0x00020000 x17:0x00000030 PA:0x00020000 store:0x00000030 load:0x00000000
          33518	     16755	001001f8	00008067	jalr	x0,0(x1)	  x1:0x00101680  x0=0x00000000
          33520	     16756	00101680	7fc002b7	lui	x5,0x7fc00	  x5=0x7fc00000
          33524	     16758	00101684	ce5a2c23	sw	x5,-776(x20)	 x20:0x00102000  x5:0x7fc00000 PA:0x00101cf8 store:0x7fc00000 load:0x00000100
          33538	     16765	00101688	cf8a2483	lw	x9,-776(x20)	 x20:0x00102000  x9=0x7fc00000 PA:0x00101cf8 store:0x00102000
          33540	     16766	0010168c	f00480d3	fmv.w.x	f1,x9	  x9:0x7fc00000  f1=0x00000000
          33546	     16769	00101690	ce1d2e27	fsw	f1,-772(x26)	 f26:0x00102000  f1:0x00101680 PA:0x00101cfc store:0x7fc00000 load:0x7fc00000
          33554	     16773	00101694	cfcd2107	flw	f2,-772(x26)	 f26:0x00102000  f2=0x00000000 PA:0x00101cfc store:0x4019999a
          33562	     16777	00101698	00102537	lui	x10,0x102	 x10=0x00102000
          33564	     16778	0010169c	b5c50513	addi	x10,x10,-1188	 x10:0x00102000 x10=0x00101b5c
          33566	     16779	001016a0	e0011353	fclass.s	x6,f2	  f2:0x00137fa0  x6=0x00000200
          33568	     16780	001016a4	ce6a2c23	sw	x6,-776(x20)	 x20:0x00102000  x6:0x00000200 PA:0x00101cf8 store:0x00000200 load:0x7fc00000
          33570	     16781	001016a8	9f9fe0ef	jal	x1,1000a0	  x1=0x001016ac
          33572	     16782	001000a0	00054803	lbu	x16,0(x10)	 x10:0x00101b5c x16=0x0000000a PA:0x00101b5c store:0x00000000
          33574	     16783	001000a4	06080663	beq	x16,x0,100110	 x16:0x0000000a  x0:0x00000000
          33576	     16784	001000a8	000207b7	lui	x15,0x20	 x15=0x00020000
          33580	     16786	001000ac	0107a023	sw	x16,0(x15)	 x15:0x00020000 x16:0x0000000a PA:0x00020000 store:0x0000000a load:0x00000000
          33584	     16788	001000b0	00154703	lbu	x14,1(x10)	 x10:0x00101b5c x14=0x00000020 PA:0x00101b5d store:0x001016ac
          33586	     16789	001000b4	04070e63	beq	x14,x0,100110	 x14:0x00000020  x0:0x00000000
          33590	     16791	001000b8	00e7a023	sw	x14,0(x15)	 x15:0x00020000 x14:0x00000020 PA:0x00020000 store:0x00000020 load:0x00000000
          33594	     16793	001000bc	00254283	lbu	x5,2(x10)	 x10:0x00101b5c  x5=0x00000045 PA:0x00101b5e store:0x00137fa0
          33596	     16794	001000c0	04028863	beq	x5,x0,100110	  x5:0x00000045  x0:0x00000000
          33600	     16796	001000c4	0057a023	sw	x5,0(x15)	 x15:0x00020000  x5:0x00000045 PA:0x00020000 store:0x00000045 load:0x00000000
          33604	     16798	001000c8	00354303	lbu	x6,3(x10)	 x10:0x00101b5c  x6=0x00000078 PA:0x00101b5f store:0x00000000
          33606	     16799	001000cc	04030263	beq	x6,x0,100110	  x6:0x00000078  x0:0x00000000
          33610	     16801	001000d0	0067a023	sw	x6,0(x15)	 x15:0x00020000  x6:0x00000078 PA:0x00020000 store:0x00000078 load:0x00000000
          33614	     16803	001000d4	00454383	lbu	x7,4(x10)	 x10:0x00101b5c  x7=0x00000070 PA:0x00101b60 store:0x00000000
          33616	     16804	001000d8	02038c63	beq	x7,x0,100110	  x7:0x00000070  x0:0x00000000
          33620	     16806	001000dc	0077a023	sw	x7,0(x15)	 x15:0x00020000  x7:0x00000070 PA:0x00020000 store:0x00000070 load:0x00000000
          33624	     16808	001000e0	00554583	lbu	x11,5(x10)	 x10:0x00101b5c x11=0x00000065 PA:0x00101b61 store:0x00000045
          33626	     16809	001000e4	02058663	beq	x11,x0,100110	 x11:0x00000065  x0:0x00000000
          33630	     16811	001000e8	00b7a023	sw	x11,0(x15)	 x15:0x00020000 x11:0x00000065 PA:0x00020000 store:0x00000065 load:0x00000000
          33634	     16813	001000ec	00654603	lbu	x12,6(x10)	 x10:0x00101b5c x12=0x00000063 PA:0x00101b62 store:0x00000078
          33636	     16814	001000f0	02060063	beq	x12,x0,100110	 x12:0x00000063  x0:0x00000000
          33640	     16816	001000f4	00c7a023	sw	x12,0(x15)	 x15:0x00020000 x12:0x00000063 PA:0x00020000 store:0x00000063 load:0x00000000
          33644	     16818	001000f8	00754683	lbu	x13,7(x10)	 x10:0x00101b5c x13=0x00000074 PA:0x00101b63 store:0x00000070
          33646	     16819	001000fc	00850513	addi	x10,x10,8	 x10:0x00101b5c x10=0x00101b64
          33648	     16820	00100100	00068863	beq	x13,x0,100110	 x13:0x00000074  x0:0x00000000
          33652	     16822	00100104	00d7a023	sw	x13,0(x15)	 x15:0x00020000 x13:0x00000074 PA:0x00020000 store:0x00000074 load:0x00000000
          33656	     16824	00100108	00054803	lbu	x16,0(x10)	 x10:0x00101b64 x16=0x00000069 PA:0x00101b64 store:0x00000000
          33660	     16826	0010010c	fa0810e3	bne	x16,x0,1000ac	 x16:0x00000069  x0:0x00000000
          33666	     16829	001000ac	0107a023	sw	x16,0(x15)	 x15:0x00020000 x16:0x00000069 PA:0x00020000 store:0x00000069 load:0x00000000
          33670	     16831	001000b0	00154703	lbu	x14,1(x10)	 x10:0x00101b64 x14=0x0000006e PA:0x00101b65 store:0x001016ac
          33672	     16832	001000b4	04070e63	beq	x14,x0,100110	 x14:0x0000006e  x0:0x00000000
          33676	     16834	001000b8	00e7a023	sw	x14,0(x15)	 x15:0x00020000 x14:0x0000006e PA:0x00020000 store:0x0000006e load:0x00000000
          33680	     16836	001000bc	00254283	lbu	x5,2(x10)	 x10:0x00101b64  x5=0x00000067 PA:0x00101b66 store:0x00137fa0
          33682	     16837	001000c0	04028863	beq	x5,x0,100110	  x5:0x00000067  x0:0x00000000
          33686	     16839	001000c4	0057a023	sw	x5,0(x15)	 x15:0x00020000  x5:0x00000067 PA:0x00020000 store:0x00000067 load:0x00000000
          33690	     16841	001000c8	00354303	lbu	x6,3(x10)	 x10:0x00101b64  x6=0x00000020 PA:0x00101b67 store:0x00000000
          33692	     16842	001000cc	04030263	beq	x6,x0,100110	  x6:0x00000020  x0:0x00000000
          33696	     16844	001000d0	0067a023	sw	x6,0(x15)	 x15:0x00020000  x6:0x00000020 PA:0x00020000 store:0x00000020 load:0x00000000
          33700	     16846	001000d4	00454383	lbu	x7,4(x10)	 x10:0x00101b64  x7=0x00000030 PA:0x00101b68 store:0x00000000
          33702	     16847	001000d8	02038c63	beq	x7,x0,100110	  x7:0x00000030  x0:0x00000000
          33706	     16849	001000dc	0077a023	sw	x7,0(x15)	 x15:0x00020000  x7:0x00000030 PA:0x00020000 store:0x00000030 load:0x00000000
          33710	     16851	001000e0	00554583	lbu	x11,5(x10)	 x10:0x00101b64 x11=0x00000078 PA:0x00101b69 store:0x00000067
          33712	     16852	001000e4	02058663	beq	x11,x0,100110	 x11:0x00000078  x0:0x00000000
          33716	     16854	001000e8	00b7a023	sw	x11,0(x15)	 x15:0x00020000 x11:0x00000078 PA:0x00020000 store:0x00000078 load:0x00000000
          33720	     16856	001000ec	00654603	lbu	x12,6(x10)	 x10:0x00101b64 x12=0x00000032 PA:0x00101b6a store:0x00000020
          33722	     16857	001000f0	02060063	beq	x12,x0,100110	 x12:0x00000032  x0:0x00000000
          33726	     16859	001000f4	00c7a023	sw	x12,0(x15)	 x15:0x00020000 x12:0x00000032 PA:0x00020000 store:0x00000032 load:0x00000000
          33730	     16861	001000f8	00754683	lbu	x13,7(x10)	 x10:0x00101b64 x13=0x00000030 PA:0x00101b6b store:0x00000030
          33732	     16862	001000fc	00850513	addi	x10,x10,8	 x10:0x00101b64 x10=0x00101b6c
          33734	     16863	00100100	00068863	beq	x13,x0,100110	 x13:0x00000030  x0:0x00000000
          33738	     16865	00100104	00d7a023	sw	x13,0(x15)	 x15:0x00020000 x13:0x00000030 PA:0x00020000 store:0x00000030 load:0x00000000
          33742	     16867	00100108	00054803	lbu	x16,0(x10)	 x10:0x00101b6c x16=0x00000030 PA:0x00101b6c store:0x00000000
          33746	     16869	0010010c	fa0810e3	bne	x16,x0,1000ac	 x16:0x00000030  x0:0x00000000
          33752	     16872	001000ac	0107a023	sw	x16,0(x15)	 x15:0x00020000 x16:0x00000030 PA:0x00020000 store:0x00000030 load:0x00000000
          33756	     16874	001000b0	00154703	lbu	x14,1(x10)	 x10:0x00101b6c x14=0x0000003a PA:0x00101b6d store:0x001016ac
          33758	     16875	001000b4	04070e63	beq	x14,x0,100110	 x14:0x0000003a  x0:0x00000000
          33762	     16877	001000b8	00e7a023	sw	x14,0(x15)	 x15:0x00020000 x14:0x0000003a PA:0x00020000 store:0x0000003a load:0x00000000
          33766	     16879	001000bc	00254283	lbu	x5,2(x10)	 x10:0x00101b6c  x5=0x00000020 PA:0x00101b6e store:0x00137fa0
          33768	     16880	001000c0	04028863	beq	x5,x0,100110	  x5:0x00000020  x0:0x00000000
          33772	     16882	001000c4	0057a023	sw	x5,0(x15)	 x15:0x00020000  x5:0x00000020 PA:0x00020000 store:0x00000020 load:0x00000000
          33776	     16884	001000c8	00354303	lbu	x6,3(x10)	 x10:0x00101b6c  x6=0x00000000 PA:0x00101b6f store:0x00000000
          33780	     16886	001000cc	04030263	beq	x6,x0,100110	  x6:0x00000000  x0:0x00000000
          33784	     16888	00100110	00000513	addi	x10,x0,0	  x0:0x00000000 x10=0x00000000
          33788	     16890	00100114	00008067	jalr	x0,0(x1)	  x1:0x001016ac  x0=0x00000000
          33792	     16892	001016ac	cf8a2503	lw	x10,-776(x20)	 x20:0x00102000 x10=0x00000200 PA:0x00101cf8 store:0x00102000
          33796	     16894	001016b0	a71fe0ef	jal	x1,100120	  x1=0x001016b4
          33798	     16895	00100120	01c55793	srli	x15,x10,0x1c	 x10:0x00000200 x15=0x00000000
          33800	     16896	00100124	00900713	addi	x14,x0,9	  x0:0x00000000 x14=0x00000009
          33804	     16898	00100128	0cf77a63	bgeu	x14,x15,1001fc	 x14:0x00000009 x15:0x00000000
          33808	     16900	001001fc	03078393	addi	x7,x15,48	 x15:0x00000000  x7=0x00000030
          33810	     16901	00100200	000205b7	lui	x11,0x20	 x11=0x00020000
          33812	     16902	00100204	00451613	slli	x12,x10,0x4	 x10:0x00000200 x12=0x00002000
          33816	     16904	00100208	0075a023	sw	x7,0(x11)	 x11:0x00020000  x7:0x00000030 PA:0x00020000 store:0x00000030 load:0x00000000
          33818	     16905	0010020c	01c65693	srli	x13,x12,0x1c	 x12:0x00002000 x13=0x00000000
          33820	     16906	00100210	00900813	addi	x16,x0,9	  x0:0x00000000 x16=0x00000009
          33822	     16907	00100214	f2d86ae3	bltu	x16,x13,100148	 x16:0x00000009 x13:0x00000000
          33824	     16908	00100218	03068e93	addi	x29,x13,48	 x13:0x00000000 x29=0x00000030
          33826	     16909	0010021c	00020f37	lui	x30,0x20	 x30=0x00020000
          33828	     16910	00100220	00851f93	slli	x31,x10,0x8	 x10:0x00000200 x31=0x00020000
          33832	     16912	00100224	01df2023	sw	x29,0(x30)	 x30:0x00020000 x29:0x00000030 PA:0x00020000 store:0x00000030 load:0x00000000
          33834	     16913	00100228	01cfd793	srli	x15,x31,0x1c	 x31:0x00020000 x15=0x00000000
          33836	     16914	0010022c	00900713	addi	x14,x0,9	  x0:0x00000000 x14=0x00000009
          33838	     16915	00100230	f2f76ae3	bltu	x14,x15,100164	 x14:0x00000009 x15:0x00000000
          33840	     16916	00100234	03078393	addi	x7,x15,48	 x15:0x00000000  x7=0x00000030
          33842	     16917	00100238	000205b7	lui	x11,0x20	 x11=0x00020000
          33844	     16918	0010023c	00c51613	slli	x12,x10,0xc	 x10:0x00000200 x12=0x00200000
          33848	     16920	00100240	0075a023	sw	x7,0(x11)	 x11:0x00020000  x7:0x00000030 PA:0x00020000 store:0x00000030 load:0x00000000
          33850	     16921	00100244	01c65693	srli	x13,x12,0x1c	 x12:0x00200000 x13=0x00000000
          33852	     16922	00100248	00900813	addi	x16,x0,9	  x0:0x00000000 x16=0x00000009
          33854	     16923	0010024c	f2d86ae3	bltu	x16,x13,100180	 x16:0x00000009 x13:0x00000000
          33856	     16924	00100250	03068e93	addi	x29,x13,48	 x13:0x00000000 x29=0x00000030
          33858	     16925	00100254	00020f37	lui	x30,0x20	 x30=0x00020000
          33860	     16926	00100258	01051f93	slli	x31,x10,0x10	 x10:0x00000200 x31=0x02000000
          33864	     16928	0010025c	01df2023	sw	x29,0(x30)	 x30:0x00020000 x29:0x00000030 PA:0x00020000 store:0x00000030 load:0x00000000
          33866	     16929	00100260	01cfd793	srli	x15,x31,0x1c	 x31:0x02000000 x15=0x00000000
          33868	     16930	00100264	00900713	addi	x14,x0,9	  x0:0x00000000 x14=0x00000009
          33870	     16931	00100268	f2f76ae3	bltu	x14,x15,10019c	 x14:0x00000009 x15:0x00000000
          33872	     16932	0010026c	03078393	addi	x7,x15,48	 x15:0x00000000  x7=0x00000030
          33874	     16933	00100270	000205b7	lui	x11,0x20	 x11=0x00020000
          33876	     16934	00100274	01451613	slli	x12,x10,0x14	 x10:0x00000200 x12=0x20000000
          33880	     16936	00100278	0075a023	sw	x7,0(x11)	 x11:0x00020000  x7:0x00000030 PA:0x00020000 store:0x00000030 load:0x00000000
          33882	     16937	0010027c	01c65693	srli	x13,x12,0x1c	 x12:0x20000000 x13=0x00000002
          33884	     16938	00100280	00900813	addi	x16,x0,9	  x0:0x00000000 x16=0x00000009
          33886	     16939	00100284	f2d86ae3	bltu	x16,x13,1001b8	 x16:0x00000009 x13:0x00000002
          33888	     16940	00100288	03068e93	addi	x29,x13,48	 x13:0x00000002 x29=0x00000032
          33890	     16941	0010028c	00020f37	lui	x30,0x20	 x30=0x00020000
          33892	     16942	00100290	01851f93	slli	x31,x10,0x18	 x10:0x00000200 x31=0x00000000
          33896	     16944	00100294	01df2023	sw	x29,0(x30)	 x30:0x00020000 x29:0x00000032 PA:0x00020000 store:0x00000032 load:0x00000000
          33898	     16945	00100298	01cfd793	srli	x15,x31,0x1c	 x31:0x00000000 x15=0x00000000
          33900	     16946	0010029c	00900713	addi	x14,x0,9	  x0:0x00000000 x14=0x00000009
          33902	     16947	001002a0	f2f76ae3	bltu	x14,x15,1001d4	 x14:0x00000009 x15:0x00000000
          33904	     16948	001002a4	03078393	addi	x7,x15,48	 x15:0x00000000  x7=0x00000030
          33906	     16949	001002a8	000205b7	lui	x11,0x20	 x11=0x00020000
          33910	     16951	001002ac	0075a023	sw	x7,0(x11)	 x11:0x00020000  x7:0x00000030 PA:0x00020000 store:0x00000030 load:0x00000000
          33912	     16952	001002b0	00f57513	andi	x10,x10,15	 x10:0x00000200 x10=0x00000000
          33914	     16953	001002b4	00900613	addi	x12,x0,9	  x0:0x00000000 x12=0x00000009
          33918	     16955	001002b8	f2a67ae3	bgeu	x12,x10,1001ec	 x12:0x00000009 x10:0x00000000
          33922	     16957	001001ec	03050893	addi	x17,x10,48	 x10:0x00000000 x17=0x00000030
          33924	     16958	001001f0	00020e37	lui	x28,0x20	 x28=0x00020000
          33928	     16960	001001f4	011e2023	sw	x17,0(x28)	 x28:0x00020000 x17:0x00000030 PA:0x00020000 store:0x00000030 load:0x00000000
          33932	     16962	001001f8	00008067	jalr	x0,0(x1)	  x1:0x001016b4  x0=0x00000000
          33934	     16963	001016b4	b7040513	addi	x10,x8,-1168	  x8:0x00102000 x10=0x00101b70
          33938	     16965	001016b8	9e9fe0ef	jal	x1,1000a0	  x1=0x001016bc
          33942	     16967	001000a0	00054803	lbu	x16,0(x10)	 x10:0x00101b70 x16=0x0000000a PA:0x00101b70 store:0x00000000
          33944	     16968	001000a4	06080663	beq	x16,x0,100110	 x16:0x0000000a  x0:0x00000000
          33946	     16969	001000a8	000207b7	lui	x15,0x20	 x15=0x00020000
          33950	     16971	001000ac	0107a023	sw	x16,0(x15)	 x15:0x00020000 x16:0x0000000a PA:0x00020000 store:0x0000000a load:0x00000000
          33954	     16973	001000b0	00154703	lbu	x14,1(x10)	 x10:0x00101b70 x14=0x0000000a PA:0x00101b71 store:0x001016bc
          33956	     16974	001000b4	04070e63	beq	x14,x0,100110	 x14:0x0000000a  x0:0x00000000
          33960	     16976	001000b8	00e7a023	sw	x14,0(x15)	 x15:0x00020000 x14:0x0000000a PA:0x00020000 store:0x0000000a load:0x00000000
          33964	     16978	001000bc	00254283	lbu	x5,2(x10)	 x10:0x00101b70  x5=0x00000054 PA:0x00101b72 store:0x00137fa0
          33966	     16979	001000c0	04028863	beq	x5,x0,100110	  x5:0x00000054  x0:0x00000000
          33970	     16981	001000c4	0057a023	sw	x5,0(x15)	 x15:0x00020000  x5:0x00000054 PA:0x00020000 store:0x00000054 load:0x00000000
          33974	     16983	001000c8	00354303	lbu	x6,3(x10)	 x10:0x00101b70  x6=0x00000065 PA:0x00101b73 store:0x00000000
          33976	     16984	001000cc	04030263	beq	x6,x0,100110	  x6:0x00000065  x0:0x00000000
          33980	     16986	001000d0	0067a023	sw	x6,0(x15)	 x15:0x00020000  x6:0x00000065 PA:0x00020000 store:0x00000065 load:0x00000000
          33984	     16988	001000d4	00454383	lbu	x7,4(x10)	 x10:0x00101b70  x7=0x00000073 PA:0x00101b74 store:0x00000000
          33986	     16989	001000d8	02038c63	beq	x7,x0,100110	  x7:0x00000073  x0:0x00000000
          33990	     16991	001000dc	0077a023	sw	x7,0(x15)	 x15:0x00020000  x7:0x00000073 PA:0x00020000 store:0x00000073 load:0x00000000
          33994	     16993	001000e0	00554583	lbu	x11,5(x10)	 x10:0x00101b70 x11=0x00000074 PA:0x00101b75 store:0x00000054
          33996	     16994	001000e4	02058663	beq	x11,x0,100110	 x11:0x00000074  x0:0x00000000
          34000	     16996	001000e8	00b7a023	sw	x11,0(x15)	 x15:0x00020000 x11:0x00000074 PA:0x00020000 store:0x00000074 load:0x00000000
          34004	     16998	001000ec	00654603	lbu	x12,6(x10)	 x10:0x00101b70 x12=0x00000069 PA:0x00101b76 store:0x00000065
          34006	     16999	001000f0	02060063	beq	x12,x0,100110	 x12:0x00000069  x0:0x00000000
          34010	     17001	001000f4	00c7a023	sw	x12,0(x15)	 x15:0x00020000 x12:0x00000069 PA:0x00020000 store:0x00000069 load:0x00000000
          34014	     17003	001000f8	00754683	lbu	x13,7(x10)	 x10:0x00101b70 x13=0x0000006e PA:0x00101b77 store:0x00000073
          34016	     17004	001000fc	00850513	addi	x10,x10,8	 x10:0x00101b70 x10=0x00101b78
          34018	     17005	00100100	00068863	beq	x13,x0,100110	 x13:0x0000006e  x0:0x00000000
          34022	     17007	00100104	00d7a023	sw	x13,0(x15)	 x15:0x00020000 x13:0x0000006e PA:0x00020000 store:0x0000006e load:0x00000000
          34026	     17009	00100108	00054803	lbu	x16,0(x10)	 x10:0x00101b78 x16=0x00000067 PA:0x00101b78 store:0x00000000
          34030	     17011	0010010c	fa0810e3	bne	x16,x0,1000ac	 x16:0x00000067  x0:0x00000000
          34036	     17014	001000ac	0107a023	sw	x16,0(x15)	 x15:0x00020000 x16:0x00000067 PA:0x00020000 store:0x00000067 load:0x00000000
          34040	     17016	001000b0	00154703	lbu	x14,1(x10)	 x10:0x00101b78 x14=0x00000020 PA:0x00101b79 store:0x001016bc
          34042	     17017	001000b4	04070e63	beq	x14,x0,100110	 x14:0x00000020  x0:0x00000000
          34046	     17019	001000b8	00e7a023	sw	x14,0(x15)	 x15:0x00020000 x14:0x00000020 PA:0x00020000 store:0x00000020 load:0x00000000
          34050	     17021	001000bc	00254283	lbu	x5,2(x10)	 x10:0x00101b78  x5=0x0000004d PA:0x00101b7a store:0x00137fa0
          34052	     17022	001000c0	04028863	beq	x5,x0,100110	  x5:0x0000004d  x0:0x00000000
          34056	     17024	001000c4	0057a023	sw	x5,0(x15)	 x15:0x00020000  x5:0x0000004d PA:0x00020000 store:0x0000004d load:0x00000000
          34060	     17026	001000c8	00354303	lbu	x6,3(x10)	 x10:0x00101b78  x6=0x00000049 PA:0x00101b7b store:0x00000000
          34062	     17027	001000cc	04030263	beq	x6,x0,100110	  x6:0x00000049  x0:0x00000000
          34066	     17029	001000d0	0067a023	sw	x6,0(x15)	 x15:0x00020000  x6:0x00000049 PA:0x00020000 store:0x00000049 load:0x00000000
          34070	     17031	001000d4	00454383	lbu	x7,4(x10)	 x10:0x00101b78  x7=0x0000004e PA:0x00101b7c store:0x00000000
          34072	     17032	001000d8	02038c63	beq	x7,x0,100110	  x7:0x0000004e  x0:0x00000000
          34076	     17034	001000dc	0077a023	sw	x7,0(x15)	 x15:0x00020000  x7:0x0000004e PA:0x00020000 store:0x0000004e load:0x00000000
          34080	     17036	001000e0	00554583	lbu	x11,5(x10)	 x10:0x00101b78 x11=0x00000020 PA:0x00101b7d store:0x0000004d
          34082	     17037	001000e4	02058663	beq	x11,x0,100110	 x11:0x00000020  x0:0x00000000
          34086	     17039	001000e8	00b7a023	sw	x11,0(x15)	 x15:0x00020000 x11:0x00000020 PA:0x00020000 store:0x00000020 load:0x00000000
          34090	     17041	001000ec	00654603	lbu	x12,6(x10)	 x10:0x00101b78 x12=0x00000069 PA:0x00101b7e store:0x00000049
          34092	     17042	001000f0	02060063	beq	x12,x0,100110	 x12:0x00000069  x0:0x00000000
          34096	     17044	001000f4	00c7a023	sw	x12,0(x15)	 x15:0x00020000 x12:0x00000069 PA:0x00020000 store:0x00000069 load:0x00000000
          34100	     17046	001000f8	00754683	lbu	x13,7(x10)	 x10:0x00101b78 x13=0x0000006e PA:0x00101b7f store:0x0000004e
          34102	     17047	001000fc	00850513	addi	x10,x10,8	 x10:0x00101b78 x10=0x00101b80
          34104	     17048	00100100	00068863	beq	x13,x0,100110	 x13:0x0000006e  x0:0x00000000
          34108	     17050	00100104	00d7a023	sw	x13,0(x15)	 x15:0x00020000 x13:0x0000006e PA:0x00020000 store:0x0000006e load:0x00000000
          34112	     17052	00100108	00054803	lbu	x16,0(x10)	 x10:0x00101b80 x16=0x00000073 PA:0x00101b80 store:0x00000000
          34116	     17054	0010010c	fa0810e3	bne	x16,x0,1000ac	 x16:0x00000073  x0:0x00000000
          34122	     17057	001000ac	0107a023	sw	x16,0(x15)	 x15:0x00020000 x16:0x00000073 PA:0x00020000 store:0x00000073 load:0x00000000
          34126	     17059	001000b0	00154703	lbu	x14,1(x10)	 x10:0x00101b80 x14=0x00000074 PA:0x00101b81 store:0x001016bc
          34128	     17060	001000b4	04070e63	beq	x14,x0,100110	 x14:0x00000074  x0:0x00000000
          34132	     17062	001000b8	00e7a023	sw	x14,0(x15)	 x15:0x00020000 x14:0x00000074 PA:0x00020000 store:0x00000074 load:0x00000000
          34136	     17064	001000bc	00254283	lbu	x5,2(x10)	 x10:0x00101b80  x5=0x00000072 PA:0x00101b82 store:0x00137fa0
          34138	     17065	001000c0	04028863	beq	x5,x0,100110	  x5:0x00000072  x0:0x00000000
          34142	     17067	001000c4	0057a023	sw	x5,0(x15)	 x15:0x00020000  x5:0x00000072 PA:0x00020000 store:0x00000072 load:0x00000000
          34146	     17069	001000c8	00354303	lbu	x6,3(x10)	 x10:0x00101b80  x6=0x00000075 PA:0x00101b83 store:0x00000000
          34148	     17070	001000cc	04030263	beq	x6,x0,100110	  x6:0x00000075  x0:0x00000000
          34152	     17072	001000d0	0067a023	sw	x6,0(x15)	 x15:0x00020000  x6:0x00000075 PA:0x00020000 store:0x00000075 load:0x00000000
          34156	     17074	001000d4	00454383	lbu	x7,4(x10)	 x10:0x00101b80  x7=0x00000063 PA:0x00101b84 store:0x00000000
          34158	     17075	001000d8	02038c63	beq	x7,x0,100110	  x7:0x00000063  x0:0x00000000
          34162	     17077	001000dc	0077a023	sw	x7,0(x15)	 x15:0x00020000  x7:0x00000063 PA:0x00020000 store:0x00000063 load:0x00000000
          34166	     17079	001000e0	00554583	lbu	x11,5(x10)	 x10:0x00101b80 x11=0x00000074 PA:0x00101b85 store:0x00000072
          34168	     17080	001000e4	02058663	beq	x11,x0,100110	 x11:0x00000074  x0:0x00000000
          34172	     17082	001000e8	00b7a023	sw	x11,0(x15)	 x15:0x00020000 x11:0x00000074 PA:0x00020000 store:0x00000074 load:0x00000000
          34176	     17084	001000ec	00654603	lbu	x12,6(x10)	 x10:0x00101b80 x12=0x00000069 PA:0x00101b86 store:0x00000075
          34178	     17085	001000f0	02060063	beq	x12,x0,100110	 x12:0x00000069  x0:0x00000000
          34182	     17087	001000f4	00c7a023	sw	x12,0(x15)	 x15:0x00020000 x12:0x00000069 PA:0x00020000 store:0x00000069 load:0x00000000
          34186	     17089	001000f8	00754683	lbu	x13,7(x10)	 x10:0x00101b80 x13=0x0000006f PA:0x00101b87 store:0x00000063
          34188	     17090	001000fc	00850513	addi	x10,x10,8	 x10:0x00101b80 x10=0x00101b88
          34190	     17091	00100100	00068863	beq	x13,x0,100110	 x13:0x0000006f  x0:0x00000000
          34194	     17093	00100104	00d7a023	sw	x13,0(x15)	 x15:0x00020000 x13:0x0000006f PA:0x00020000 store:0x0000006f load:0x00000000
          34198	     17095	00100108	00054803	lbu	x16,0(x10)	 x10:0x00101b88 x16=0x0000006e PA:0x00101b88 store:0x00000000
          34202	     17097	0010010c	fa0810e3	bne	x16,x0,1000ac	 x16:0x0000006e  x0:0x00000000
          34208	     17100	001000ac	0107a023	sw	x16,0(x15)	 x15:0x00020000 x16:0x0000006e PA:0x00020000 store:0x0000006e load:0x00000000
          34212	     17102	001000b0	00154703	lbu	x14,1(x10)	 x10:0x00101b88 x14=0x00000073 PA:0x00101b89 store:0x001016bc
          34214	     17103	001000b4	04070e63	beq	x14,x0,100110	 x14:0x00000073  x0:0x00000000
          34218	     17105	001000b8	00e7a023	sw	x14,0(x15)	 x15:0x00020000 x14:0x00000073 PA:0x00020000 store:0x00000073 load:0x00000000
          34222	     17107	001000bc	00254283	lbu	x5,2(x10)	 x10:0x00101b88  x5=0x0000003a PA:0x00101b8a store:0x00137fa0
          34224	     17108	001000c0	04028863	beq	x5,x0,100110	  x5:0x0000003a  x0:0x00000000
          34228	     17110	001000c4	0057a023	sw	x5,0(x15)	 x15:0x00020000  x5:0x0000003a PA:0x00020000 store:0x0000003a load:0x00000000
          34232	     17112	001000c8	00354303	lbu	x6,3(x10)	 x10:0x00101b88  x6=0x00000020 PA:0x00101b8b store:0x00000000
          34234	     17113	001000cc	04030263	beq	x6,x0,100110	  x6:0x00000020  x0:0x00000000
          34238	     17115	001000d0	0067a023	sw	x6,0(x15)	 x15:0x00020000  x6:0x00000020 PA:0x00020000 store:0x00000020 load:0x00000000
          34242	     17117	001000d4	00454383	lbu	x7,4(x10)	 x10:0x00101b88  x7=0x00000000 PA:0x00101b8c store:0x00000000
          34246	     17119	001000d8	02038c63	beq	x7,x0,100110	  x7:0x00000000  x0:0x00000000
          34250	     17121	00100110	00000513	addi	x10,x0,0	  x0:0x00000000 x10=0x00000000
          34264	     17128	00100114	00008067	jalr	x0,0(x1)	  x1:0x001016bc  x0=0x00000000
          34266	     17129	001016bc	d32ba227	fsw	f18,-732(x23)	 f23:0x00102000 f18:0x00000010 PA:0x00101d24 store:0x00000000 load:0x00000000
          34268	     17130	001016c0	d29ca027	fsw	f9,-736(x25)	 f25:0x00102000  f9:0x7fc00000 PA:0x00101d20 store:0x80000000 load:0x00000000
          34270	     17131	001016c4	d24ba787	flw	f15,-732(x23)	 f23:0x00102000 f15=0x00000000 PA:0x00101d24 store:0x3e5bdc88
          34272	     17132	001016c8	d20ca707	flw	f14,-736(x25)	 f25:0x00102000 f14=0x00000000 PA:0x00000000
          34278	     17135	001016cc	28e781d3	fmin.s	f3,f15,f14	 f15:0x00020000 f14:0x00000073  f3=0x00000000
          34286	     17139	001016d0	d03aa027	fsw	f3,-768(x21)	 f21:0x00102000  f3:0x00000000 PA:0x00101d00 store:0x80000000 load:0x80000000
          34294	     17143	001016d4	d00aa207	flw	f4,-768(x21)	 f21:0x00102000  f4=0x00000000 PA:0x00101d00 store:0x7fa00000
          34300	     17146	001016d8	b90c0513	addi	x10,x24,-1136	 x24:0x00102000 x10=0x00101b90
          34302	     17147	001016dc	e0020953	fmv.x.w	x18,f4	  f4:0x00000000 x18=0x80000000
          34304	     17148	001016e0	cf2a2c23	sw	x18,-776(x20)	 x20:0x00102000 x18:0x80000000 PA:0x00101cf8 store:0x80000000 load:0x80000000
          34306	     17149	001016e4	9bdfe0ef	jal	x1,1000a0	  x1=0x001016e8
          34310	     17151	001000a0	00054803	lbu	x16,0(x10)	 x10:0x00101b90 x16=0x0000000a PA:0x00101b90 store:0x00000000
          34312	     17152	001000a4	06080663	beq	x16,x0,100110	 x16:0x0000000a  x0:0x00000000
          34314	     17153	001000a8	000207b7	lui	x15,0x20	 x15=0x00020000
          34318	     17155	001000ac	0107a023	sw	x16,0(x15)	 x15:0x00020000 x16:0x0000000a PA:0x00020000 store:0x0000000a load:0x00000000
          34322	     17157	001000b0	00154703	lbu	x14,1(x10)	 x10:0x00101b90 x14=0x00000020 PA:0x00101b91 store:0x001016e8
          34324	     17158	001000b4	04070e63	beq	x14,x0,100110	 x14:0x00000020  x0:0x00000000
          34328	     17160	001000b8	00e7a023	sw	x14,0(x15)	 x15:0x00020000 x14:0x00000020 PA:0x00020000 store:0x00000020 load:0x00000000
          34332	     17162	001000bc	00254283	lbu	x5,2(x10)	 x10:0x00101b90  x5=0x0000004d PA:0x00101b92 store:0x00137fa0
          34334	     17163	001000c0	04028863	beq	x5,x0,100110	  x5:0x0000004d  x0:0x00000000
          34338	     17165	001000c4	0057a023	sw	x5,0(x15)	 x15:0x00020000  x5:0x0000004d PA:0x00020000 store:0x0000004d load:0x00000000
          34342	     17167	001000c8	00354303	lbu	x6,3(x10)	 x10:0x00101b90  x6=0x00000069 PA:0x00101b93 store:0x00000000
          34344	     17168	001000cc	04030263	beq	x6,x0,100110	  x6:0x00000069  x0:0x00000000
          34348	     17170	001000d0	0067a023	sw	x6,0(x15)	 x15:0x00020000  x6:0x00000069 PA:0x00020000 store:0x00000069 load:0x00000000
          34352	     17172	001000d4	00454383	lbu	x7,4(x10)	 x10:0x00101b90  x7=0x0000006e PA:0x00101b94 store:0x00000000
          34354	     17173	001000d8	02038c63	beq	x7,x0,100110	  x7:0x0000006e  x0:0x00000000
          34358	     17175	001000dc	0077a023	sw	x7,0(x15)	 x15:0x00020000  x7:0x0000006e PA:0x00020000 store:0x0000006e load:0x00000000
          34362	     17177	001000e0	00554583	lbu	x11,5(x10)	 x10:0x00101b90 x11=0x00000028 PA:0x00101b95 store:0x0000004d
          34364	     17178	001000e4	02058663	beq	x11,x0,100110	 x11:0x00000028  x0:0x00000000
          34368	     17180	001000e8	00b7a023	sw	x11,0(x15)	 x15:0x00020000 x11:0x00000028 PA:0x00020000 store:0x00000028 load:0x00000000
          34372	     17182	001000ec	00654603	lbu	x12,6(x10)	 x10:0x00101b90 x12=0x00000030 PA:0x00101b96 store:0x00000069
          34374	     17183	001000f0	02060063	beq	x12,x0,100110	 x12:0x00000030  x0:0x00000000
          34378	     17185	001000f4	00c7a023	sw	x12,0(x15)	 x15:0x00020000 x12:0x00000030 PA:0x00020000 store:0x00000030 load:0x00000000
          34382	     17187	001000f8	00754683	lbu	x13,7(x10)	 x10:0x00101b90 x13=0x0000002e PA:0x00101b97 store:0x0000006e
          34384	     17188	001000fc	00850513	addi	x10,x10,8	 x10:0x00101b90 x10=0x00101b98
          34386	     17189	00100100	00068863	beq	x13,x0,100110	 x13:0x0000002e  x0:0x00000000
          34390	     17191	00100104	00d7a023	sw	x13,0(x15)	 x15:0x00020000 x13:0x0000002e PA:0x00020000 store:0x0000002e load:0x00000000
          34394	     17193	00100108	00054803	lbu	x16,0(x10)	 x10:0x00101b98 x16=0x00000030 PA:0x00101b98 store:0x00000000
          34398	     17195	0010010c	fa0810e3	bne	x16,x0,1000ac	 x16:0x00000030  x0:0x00000000
          34404	     17198	001000ac	0107a023	sw	x16,0(x15)	 x15:0x00020000 x16:0x00000030 PA:0x00020000 store:0x00000030 load:0x00000000
          34408	     17200	001000b0	00154703	lbu	x14,1(x10)	 x10:0x00101b98 x14=0x0000002c PA:0x00101b99 store:0x001016e8
          34410	     17201	001000b4	04070e63	beq	x14,x0,100110	 x14:0x0000002c  x0:0x00000000
          34414	     17203	001000b8	00e7a023	sw	x14,0(x15)	 x15:0x00020000 x14:0x0000002c PA:0x00020000 store:0x0000002c load:0x00000000
          34418	     17205	001000bc	00254283	lbu	x5,2(x10)	 x10:0x00101b98  x5=0x00000020 PA:0x00101b9a store:0x00137fa0
          34420	     17206	001000c0	04028863	beq	x5,x0,100110	  x5:0x00000020  x0:0x00000000
          34424	     17208	001000c4	0057a023	sw	x5,0(x15)	 x15:0x00020000  x5:0x00000020 PA:0x00020000 store:0x00000020 load:0x00000000
          34428	     17210	001000c8	00354303	lbu	x6,3(x10)	 x10:0x00101b98  x6=0x0000002d PA:0x00101b9b store:0x00000000
          34430	     17211	001000cc	04030263	beq	x6,x0,100110	  x6:0x0000002d  x0:0x00000000
          34434	     17213	001000d0	0067a023	sw	x6,0(x15)	 x15:0x00020000  x6:0x0000002d PA:0x00020000 store:0x0000002d load:0x00000000
          34438	     17215	001000d4	00454383	lbu	x7,4(x10)	 x10:0x00101b98  x7=0x00000030 PA:0x00101b9c store:0x00000000
          34440	     17216	001000d8	02038c63	beq	x7,x0,100110	  x7:0x00000030  x0:0x00000000
          34444	     17218	001000dc	0077a023	sw	x7,0(x15)	 x15:0x00020000  x7:0x00000030 PA:0x00020000 store:0x00000030 load:0x00000000
          34448	     17220	001000e0	00554583	lbu	x11,5(x10)	 x10:0x00101b98 x11=0x0000002e PA:0x00101b9d store:0x00000020
          34450	     17221	001000e4	02058663	beq	x11,x0,100110	 x11:0x0000002e  x0:0x00000000
          34454	     17223	001000e8	00b7a023	sw	x11,0(x15)	 x15:0x00020000 x11:0x0000002e PA:0x00020000 store:0x0000002e load:0x00000000
          34458	     17225	001000ec	00654603	lbu	x12,6(x10)	 x10:0x00101b98 x12=0x00000030 PA:0x00101b9e store:0x0000002d
          34460	     17226	001000f0	02060063	beq	x12,x0,100110	 x12:0x00000030  x0:0x00000000
          34464	     17228	001000f4	00c7a023	sw	x12,0(x15)	 x15:0x00020000 x12:0x00000030 PA:0x00020000 store:0x00000030 load:0x00000000
          34468	     17230	001000f8	00754683	lbu	x13,7(x10)	 x10:0x00101b98 x13=0x00000029 PA:0x00101b9f store:0x00000030
          34470	     17231	001000fc	00850513	addi	x10,x10,8	 x10:0x00101b98 x10=0x00101ba0
          34472	     17232	00100100	00068863	beq	x13,x0,100110	 x13:0x00000029  x0:0x00000000
          34476	     17234	00100104	00d7a023	sw	x13,0(x15)	 x15:0x00020000 x13:0x00000029 PA:0x00020000 store:0x00000029 load:0x00000000
          34480	     17236	00100108	00054803	lbu	x16,0(x10)	 x10:0x00101ba0 x16=0x0000002c PA:0x00101ba0 store:0x00000000
          34484	     17238	0010010c	fa0810e3	bne	x16,x0,1000ac	 x16:0x0000002c  x0:0x00000000
          34490	     17241	001000ac	0107a023	sw	x16,0(x15)	 x15:0x00020000 x16:0x0000002c PA:0x00020000 store:0x0000002c load:0x00000000
          34494	     17243	001000b0	00154703	lbu	x14,1(x10)	 x10:0x00101ba0 x14=0x00000020 PA:0x00101ba1 store:0x001016e8
          34496	     17244	001000b4	04070e63	beq	x14,x0,100110	 x14:0x00000020  x0:0x00000000
          34500	     17246	001000b8	00e7a023	sw	x14,0(x15)	 x15:0x00020000 x14:0x00000020 PA:0x00020000 store:0x00000020 load:0x00000000
          34504	     17248	001000bc	00254283	lbu	x5,2(x10)	 x10:0x00101ba0  x5=0x00000065 PA:0x00101ba2 store:0x00137fa0
          34506	     17249	001000c0	04028863	beq	x5,x0,100110	  x5:0x00000065  x0:0x00000000
          34510	     17251	001000c4	0057a023	sw	x5,0(x15)	 x15:0x00020000  x5:0x00000065 PA:0x00020000 store:0x00000065 load:0x00000000
          34514	     17253	001000c8	00354303	lbu	x6,3(x10)	 x10:0x00101ba0  x6=0x00000078 PA:0x00101ba3 store:0x00000000
          34516	     17254	001000cc	04030263	beq	x6,x0,100110	  x6:0x00000078  x0:0x00000000
          34520	     17256	001000d0	0067a023	sw	x6,0(x15)	 x15:0x00020000  x6:0x00000078 PA:0x00020000 store:0x00000078 load:0x00000000
          34524	     17258	001000d4	00454383	lbu	x7,4(x10)	 x10:0x00101ba0  x7=0x00000070 PA:0x00101ba4 store:0x00000000
          34526	     17259	001000d8	02038c63	beq	x7,x0,100110	  x7:0x00000070  x0:0x00000000
          34530	     17261	001000dc	0077a023	sw	x7,0(x15)	 x15:0x00020000  x7:0x00000070 PA:0x00020000 store:0x00000070 load:0x00000000
          34534	     17263	001000e0	00554583	lbu	x11,5(x10)	 x10:0x00101ba0 x11=0x00000065 PA:0x00101ba5 store:0x00000065
          34536	     17264	001000e4	02058663	beq	x11,x0,100110	 x11:0x00000065  x0:0x00000000
          34540	     17266	001000e8	00b7a023	sw	x11,0(x15)	 x15:0x00020000 x11:0x00000065 PA:0x00020000 store:0x00000065 load:0x00000000
          34544	     17268	001000ec	00654603	lbu	x12,6(x10)	 x10:0x00101ba0 x12=0x00000063 PA:0x00101ba6 store:0x00000078
          34546	     17269	001000f0	02060063	beq	x12,x0,100110	 x12:0x00000063  x0:0x00000000
          34550	     17271	001000f4	00c7a023	sw	x12,0(x15)	 x15:0x00020000 x12:0x00000063 PA:0x00020000 store:0x00000063 load:0x00000000
          34554	     17273	001000f8	00754683	lbu	x13,7(x10)	 x10:0x00101ba0 x13=0x00000074 PA:0x00101ba7 store:0x00000070
          34556	     17274	001000fc	00850513	addi	x10,x10,8	 x10:0x00101ba0 x10=0x00101ba8
          34558	     17275	00100100	00068863	beq	x13,x0,100110	 x13:0x00000074  x0:0x00000000
          34562	     17277	00100104	00d7a023	sw	x13,0(x15)	 x15:0x00020000 x13:0x00000074 PA:0x00020000 store:0x00000074 load:0x00000000
          34566	     17279	00100108	00054803	lbu	x16,0(x10)	 x10:0x00101ba8 x16=0x00000069 PA:0x00101ba8 store:0x00000000
          34570	     17281	0010010c	fa0810e3	bne	x16,x0,1000ac	 x16:0x00000069  x0:0x00000000
          34576	     17284	001000ac	0107a023	sw	x16,0(x15)	 x15:0x00020000 x16:0x00000069 PA:0x00020000 store:0x00000069 load:0x00000000
          34580	     17286	001000b0	00154703	lbu	x14,1(x10)	 x10:0x00101ba8 x14=0x0000006e PA:0x00101ba9 store:0x001016e8
          34582	     17287	001000b4	04070e63	beq	x14,x0,100110	 x14:0x0000006e  x0:0x00000000
          34586	     17289	001000b8	00e7a023	sw	x14,0(x15)	 x15:0x00020000 x14:0x0000006e PA:0x00020000 store:0x0000006e load:0x00000000
          34590	     17291	001000bc	00254283	lbu	x5,2(x10)	 x10:0x00101ba8  x5=0x00000067 PA:0x00101baa store:0x00137fa0
          34592	     17292	001000c0	04028863	beq	x5,x0,100110	  x5:0x00000067  x0:0x00000000
          34596	     17294	001000c4	0057a023	sw	x5,0(x15)	 x15:0x00020000  x5:0x00000067 PA:0x00020000 store:0x00000067 load:0x00000000
          34600	     17296	001000c8	00354303	lbu	x6,3(x10)	 x10:0x00101ba8  x6=0x0000003a PA:0x00101bab store:0x00000000
          34602	     17297	001000cc	04030263	beq	x6,x0,100110	  x6:0x0000003a  x0:0x00000000
          34606	     17299	001000d0	0067a023	sw	x6,0(x15)	 x15:0x00020000  x6:0x0000003a PA:0x00020000 store:0x0000003a load:0x00000000
          34610	     17301	001000d4	00454383	lbu	x7,4(x10)	 x10:0x00101ba8  x7=0x00000020 PA:0x00101bac store:0x00000000
          34612	     17302	001000d8	02038c63	beq	x7,x0,100110	  x7:0x00000020  x0:0x00000000
          34616	     17304	001000dc	0077a023	sw	x7,0(x15)	 x15:0x00020000  x7:0x00000020 PA:0x00020000 store:0x00000020 load:0x00000000
          34620	     17306	001000e0	00554583	lbu	x11,5(x10)	 x10:0x00101ba8 x11=0x00000030 PA:0x00101bad store:0x00000067
          34622	     17307	001000e4	02058663	beq	x11,x0,100110	 x11:0x00000030  x0:0x00000000
          34626	     17309	001000e8	00b7a023	sw	x11,0(x15)	 x15:0x00020000 x11:0x00000030 PA:0x00020000 store:0x00000030 load:0x00000000
          34630	     17311	001000ec	00654603	lbu	x12,6(x10)	 x10:0x00101ba8 x12=0x00000078 PA:0x00101bae store:0x0000003a
          34632	     17312	001000f0	02060063	beq	x12,x0,100110	 x12:0x00000078  x0:0x00000000
          34636	     17314	001000f4	00c7a023	sw	x12,0(x15)	 x15:0x00020000 x12:0x00000078 PA:0x00020000 store:0x00000078 load:0x00000000
          34640	     17316	001000f8	00754683	lbu	x13,7(x10)	 x10:0x00101ba8 x13=0x00000038 PA:0x00101baf store:0x00000020
          34642	     17317	001000fc	00850513	addi	x10,x10,8	 x10:0x00101ba8 x10=0x00101bb0
          34644	     17318	00100100	00068863	beq	x13,x0,100110	 x13:0x00000038  x0:0x00000000
          34648	     17320	00100104	00d7a023	sw	x13,0(x15)	 x15:0x00020000 x13:0x00000038 PA:0x00020000 store:0x00000038 load:0x00000000
          34652	     17322	00100108	00054803	lbu	x16,0(x10)	 x10:0x00101bb0 x16=0x00000030 PA:0x00101bb0 store:0x00000000
          34656	     17324	0010010c	fa0810e3	bne	x16,x0,1000ac	 x16:0x00000030  x0:0x00000000
          34662	     17327	001000ac	0107a023	sw	x16,0(x15)	 x15:0x00020000 x16:0x00000030 PA:0x00020000 store:0x00000030 load:0x00000000
          34666	     17329	001000b0	00154703	lbu	x14,1(x10)	 x10:0x00101bb0 x14=0x00000030 PA:0x00101bb1 store:0x001016e8
          34668	     17330	001000b4	04070e63	beq	x14,x0,100110	 x14:0x00000030  x0:0x00000000
          34672	     17332	001000b8	00e7a023	sw	x14,0(x15)	 x15:0x00020000 x14:0x00000030 PA:0x00020000 store:0x00000030 load:0x00000000
          34676	     17334	001000bc	00254283	lbu	x5,2(x10)	 x10:0x00101bb0  x5=0x00000030 PA:0x00101bb2 store:0x00137fa0
          34678	     17335	001000c0	04028863	beq	x5,x0,100110	  x5:0x00000030  x0:0x00000000
          34682	     17337	001000c4	0057a023	sw	x5,0(x15)	 x15:0x00020000  x5:0x00000030 PA:0x00020000 store:0x00000030 load:0x00000000
          34686	     17339	001000c8	00354303	lbu	x6,3(x10)	 x10:0x00101bb0  x6=0x00000030 PA:0x00101bb3 store:0x00000000
          34688	     17340	001000cc	04030263	beq	x6,x0,100110	  x6:0x00000030  x0:0x00000000
          34692	     17342	001000d0	0067a023	sw	x6,0(x15)	 x15:0x00020000  x6:0x00000030 PA:0x00020000 store:0x00000030 load:0x00000000
          34696	     17344	001000d4	00454383	lbu	x7,4(x10)	 x10:0x00101bb0  x7=0x00000030 PA:0x00101bb4 store:0x00000000
          34698	     17345	001000d8	02038c63	beq	x7,x0,100110	  x7:0x00000030  x0:0x00000000
          34702	     17347	001000dc	0077a023	sw	x7,0(x15)	 x15:0x00020000  x7:0x00000030 PA:0x00020000 store:0x00000030 load:0x00000000
          34706	     17349	001000e0	00554583	lbu	x11,5(x10)	 x10:0x00101bb0 x11=0x00000030 PA:0x00101bb5 store:0x00000030
          34708	     17350	001000e4	02058663	beq	x11,x0,100110	 x11:0x00000030  x0:0x00000000
          34712	     17352	001000e8	00b7a023	sw	x11,0(x15)	 x15:0x00020000 x11:0x00000030 PA:0x00020000 store:0x00000030 load:0x00000000
          34716	     17354	001000ec	00654603	lbu	x12,6(x10)	 x10:0x00101bb0 x12=0x0000003a PA:0x00101bb6 store:0x00000030
          34718	     17355	001000f0	02060063	beq	x12,x0,100110	 x12:0x0000003a  x0:0x00000000
          34722	     17357	001000f4	00c7a023	sw	x12,0(x15)	 x15:0x00020000 x12:0x0000003a PA:0x00020000 store:0x0000003a load:0x00000000
          34726	     17359	001000f8	00754683	lbu	x13,7(x10)	 x10:0x00101bb0 x13=0x00000020 PA:0x00101bb7 store:0x00000030
          34728	     17360	001000fc	00850513	addi	x10,x10,8	 x10:0x00101bb0 x10=0x00101bb8
          34730	     17361	00100100	00068863	beq	x13,x0,100110	 x13:0x00000020  x0:0x00000000
          34734	     17363	00100104	00d7a023	sw	x13,0(x15)	 x15:0x00020000 x13:0x00000020 PA:0x00020000 store:0x00000020 load:0x00000000
          34738	     17365	00100108	00054803	lbu	x16,0(x10)	 x10:0x00101bb8 x16=0x00000000 PA:0x00101bb8 store:0x00000000
          34740	     17366	0010010c	fa0810e3	bne	x16,x0,1000ac	 x16:0x00000000  x0:0x00000000
          34742	     17367	00100110	00000513	addi	x10,x0,0	  x0:0x00000000 x10=0x00000000
          34746	     17369	00100114	00008067	jalr	x0,0(x1)	  x1:0x001016e8  x0=0x00000000
          34750	     17371	001016e8	cf8a2503	lw	x10,-776(x20)	 x20:0x00102000 x10=0x80000000 PA:0x00101cf8 store:0x00102000
          34754	     17373	001016ec	a35fe0ef	jal	x1,100120	  x1=0x001016f0
          34756	     17374	00100120	01c55793	srli	x15,x10,0x1c	 x10:0x80000000 x15=0x00000008
          34758	     17375	00100124	00900713	addi	x14,x0,9	  x0:0x00000000 x14=0x00000009
          34762	     17377	00100128	0cf77a63	bgeu	x14,x15,1001fc	 x14:0x00000009 x15:0x00000008
          34766	     17379	001001fc	03078393	addi	x7,x15,48	 x15:0x00000008  x7=0x00000038
          34768	     17380	00100200	000205b7	lui	x11,0x20	 x11=0x00020000
          34770	     17381	00100204	00451613	slli	x12,x10,0x4	 x10:0x80000000 x12=0x00000000
          34774	     17383	00100208	0075a023	sw	x7,0(x11)	 x11:0x00020000  x7:0x00000038 PA:0x00020000 store:0x00000038 load:0x00000000
          34776	     17384	0010020c	01c65693	srli	x13,x12,0x1c	 x12:0x00000000 x13=0x00000000
          34778	     17385	00100210	00900813	addi	x16,x0,9	  x0:0x00000000 x16=0x00000009
          34780	     17386	00100214	f2d86ae3	bltu	x16,x13,100148	 x16:0x00000009 x13:0x00000000
          34782	     17387	00100218	03068e93	addi	x29,x13,48	 x13:0x00000000 x29=0x00000030
          34784	     17388	0010021c	00020f37	lui	x30,0x20	 x30=0x00020000
          34786	     17389	00100220	00851f93	slli	x31,x10,0x8	 x10:0x80000000 x31=0x00000000
          34790	     17391	00100224	01df2023	sw	x29,0(x30)	 x30:0x00020000 x29:0x00000030 PA:0x00020000 store:0x00000030 load:0x00000000
          34792	     17392	00100228	01cfd793	srli	x15,x31,0x1c	 x31:0x00000000 x15=0x00000000
          34794	     17393	0010022c	00900713	addi	x14,x0,9	  x0:0x00000000 x14=0x00000009
          34796	     17394	00100230	f2f76ae3	bltu	x14,x15,100164	 x14:0x00000009 x15:0x00000000
          34798	     17395	00100234	03078393	addi	x7,x15,48	 x15:0x00000000  x7=0x00000030
          34800	     17396	00100238	000205b7	lui	x11,0x20	 x11=0x00020000
          34802	     17397	0010023c	00c51613	slli	x12,x10,0xc	 x10:0x80000000 x12=0x00000000
          34806	     17399	00100240	0075a023	sw	x7,0(x11)	 x11:0x00020000  x7:0x00000030 PA:0x00020000 store:0x00000030 load:0x00000000
          34808	     17400	00100244	01c65693	srli	x13,x12,0x1c	 x12:0x00000000 x13=0x00000000
          34810	     17401	00100248	00900813	addi	x16,x0,9	  x0:0x00000000 x16=0x00000009
          34812	     17402	0010024c	f2d86ae3	bltu	x16,x13,100180	 x16:0x00000009 x13:0x00000000
          34814	     17403	00100250	03068e93	addi	x29,x13,48	 x13:0x00000000 x29=0x00000030
          34816	     17404	00100254	00020f37	lui	x30,0x20	 x30=0x00020000
          34818	     17405	00100258	01051f93	slli	x31,x10,0x10	 x10:0x80000000 x31=0x00000000
          34822	     17407	0010025c	01df2023	sw	x29,0(x30)	 x30:0x00020000 x29:0x00000030 PA:0x00020000 store:0x00000030 load:0x00000000
          34824	     17408	00100260	01cfd793	srli	x15,x31,0x1c	 x31:0x00000000 x15=0x00000000
          34826	     17409	00100264	00900713	addi	x14,x0,9	  x0:0x00000000 x14=0x00000009
          34828	     17410	00100268	f2f76ae3	bltu	x14,x15,10019c	 x14:0x00000009 x15:0x00000000
          34830	     17411	0010026c	03078393	addi	x7,x15,48	 x15:0x00000000  x7=0x00000030
          34832	     17412	00100270	000205b7	lui	x11,0x20	 x11=0x00020000
          34834	     17413	00100274	01451613	slli	x12,x10,0x14	 x10:0x80000000 x12=0x00000000
          34838	     17415	00100278	0075a023	sw	x7,0(x11)	 x11:0x00020000  x7:0x00000030 PA:0x00020000 store:0x00000030 load:0x00000000
          34840	     17416	0010027c	01c65693	srli	x13,x12,0x1c	 x12:0x00000000 x13=0x00000000
          34842	     17417	00100280	00900813	addi	x16,x0,9	  x0:0x00000000 x16=0x00000009
          34844	     17418	00100284	f2d86ae3	bltu	x16,x13,1001b8	 x16:0x00000009 x13:0x00000000
          34846	     17419	00100288	03068e93	addi	x29,x13,48	 x13:0x00000000 x29=0x00000030
          34848	     17420	0010028c	00020f37	lui	x30,0x20	 x30=0x00020000
          34850	     17421	00100290	01851f93	slli	x31,x10,0x18	 x10:0x80000000 x31=0x00000000
          34854	     17423	00100294	01df2023	sw	x29,0(x30)	 x30:0x00020000 x29:0x00000030 PA:0x00020000 store:0x00000030 load:0x00000000
          34856	     17424	00100298	01cfd793	srli	x15,x31,0x1c	 x31:0x00000000 x15=0x00000000
          34858	     17425	0010029c	00900713	addi	x14,x0,9	  x0:0x00000000 x14=0x00000009
          34860	     17426	001002a0	f2f76ae3	bltu	x14,x15,1001d4	 x14:0x00000009 x15:0x00000000
          34862	     17427	001002a4	03078393	addi	x7,x15,48	 x15:0x00000000  x7=0x00000030
          34864	     17428	001002a8	000205b7	lui	x11,0x20	 x11=0x00020000
          34868	     17430	001002ac	0075a023	sw	x7,0(x11)	 x11:0x00020000  x7:0x00000030 PA:0x00020000 store:0x00000030 load:0x00000000
          34870	     17431	001002b0	00f57513	andi	x10,x10,15	 x10:0x80000000 x10=0x00000000
          34872	     17432	001002b4	00900613	addi	x12,x0,9	  x0:0x00000000 x12=0x00000009
          34876	     17434	001002b8	f2a67ae3	bgeu	x12,x10,1001ec	 x12:0x00000009 x10:0x00000000
          34880	     17436	001001ec	03050893	addi	x17,x10,48	 x10:0x00000000 x17=0x00000030
          34882	     17437	001001f0	00020e37	lui	x28,0x20	 x28=0x00020000
          34886	     17439	001001f4	011e2023	sw	x17,0(x28)	 x28:0x00020000 x17:0x00000030 PA:0x00020000 store:0x00000030 load:0x00000000
          34890	     17441	001001f8	00008067	jalr	x0,0(x1)	  x1:0x001016f0  x0=0x00000000
          34902	     17447	001016f0	001023b7	lui	x7,0x102	  x7=0x00102000
          34904	     17448	001016f4	9583aa87	flw	f21,-1704(x7)	  f7:0x00102000 f21=0x00000000 PA:0x00101958 store:0x00000000
          34906	     17449	001016f8	d28ba227	fsw	f8,-732(x23)	 f23:0x00102000  f8:0x00102000 PA:0x00101d24 store:0x00000047 load:0x00000007
          34910	     17451	001016fc	001025b7	lui	x11,0x102	 x11=0x00102000
          34912	     17452	00101700	d35ca027	fsw	f21,-736(x25)	 f25:0x00102000 f21:0x00102000 PA:0x00101d20 store:0x00000007 load:0x00000007
          34914	     17453	00101704	d24ba587	flw	f11,-732(x23)	 f23:0x00102000 f11=0x00000000 PA:0x00101d24 store:0x80000000
          34918	     17455	00101708	d20ca287	flw	f5,-736(x25)	 f25:0x00102000  f5=0x00000000 PA:0x00101d20 store:0x7fa00000
          34924	     17458	0010170c	28558353	fmin.s	f6,f11,f5	 f11:0x00102000  f5:0x00000030  f6=0x00000000
          34932	     17462	00101710	d06aa027	fsw	f6,-768(x21)	 f21:0x00102000  f6:0x00000030 PA:0x00101d00 store:0x00000007 load:0x00000007
          34940	     17466	00101714	d00aa607	flw	f12,-768(x21)	 f21:0x00102000 f12=0x00000000 PA:0x00101d00 store:0x7fa00000
          34946	     17469	00101718	bbc58513	addi	x10,x11,-1092	 x11:0x00102000 x10=0x00101bbc
          34948	     17470	0010171c	e0060653	fmv.x.w	x12,f12	 f12:0x00000009 x12=0x00000007
          34950	     17471	00101720	ceca2c23	sw	x12,-776(x20)	 x20:0x00102000 x12:0x00000007 PA:0x00101cf8 store:0x00000007 load:0x00000007
          34952	     17472	00101724	97dfe0ef	jal	x1,1000a0	  x1=0x00101728
          34956	     17474	001000a0	00054803	lbu	x16,0(x10)	 x10:0x00101bbc x16=0x0000000a PA:0x00101bbc store:0x00000000
          34958	     17475	001000a4	06080663	beq	x16,x0,100110	 x16:0x0000000a  x0:0x00000000
          34960	     17476	001000a8	000207b7	lui	x15,0x20	 x15=0x00020000
          34964	     17478	001000ac	0107a023	sw	x16,0(x15)	 x15:0x00020000 x16:0x0000000a PA:0x00020000 store:0x0000000a load:0x00000000
          34968	     17480	001000b0	00154703	lbu	x14,1(x10)	 x10:0x00101bbc x14=0x00000020 PA:0x00101bbd store:0x00101728
          34970	     17481	001000b4	04070e63	beq	x14,x0,100110	 x14:0x00000020  x0:0x00000000
          34974	     17483	001000b8	00e7a023	sw	x14,0(x15)	 x15:0x00020000 x14:0x00000020 PA:0x00020000 store:0x00000020 load:0x00000000
          34978	     17485	001000bc	00254283	lbu	x5,2(x10)	 x10:0x00101bbc  x5=0x0000004d PA:0x00101bbe store:0x00137fa0
          34980	     17486	001000c0	04028863	beq	x5,x0,100110	  x5:0x0000004d  x0:0x00000000
          34984	     17488	001000c4	0057a023	sw	x5,0(x15)	 x15:0x00020000  x5:0x0000004d PA:0x00020000 store:0x0000004d load:0x00000000
          34988	     17490	001000c8	00354303	lbu	x6,3(x10)	 x10:0x00101bbc  x6=0x00000069 PA:0x00101bbf store:0x00000000
          34990	     17491	001000cc	04030263	beq	x6,x0,100110	  x6:0x00000069  x0:0x00000000
          34994	     17493	001000d0	0067a023	sw	x6,0(x15)	 x15:0x00020000  x6:0x00000069 PA:0x00020000 store:0x00000069 load:0x00000000
          34998	     17495	001000d4	00454383	lbu	x7,4(x10)	 x10:0x00101bbc  x7=0x0000006e PA:0x00101bc0 store:0x00000000
          35000	     17496	001000d8	02038c63	beq	x7,x0,100110	  x7:0x0000006e  x0:0x00000000
          35004	     17498	001000dc	0077a023	sw	x7,0(x15)	 x15:0x00020000  x7:0x0000006e PA:0x00020000 store:0x0000006e load:0x00000000
          35008	     17500	001000e0	00554583	lbu	x11,5(x10)	 x10:0x00101bbc x11=0x00000028 PA:0x00101bc1 store:0x0000004d
          35010	     17501	001000e4	02058663	beq	x11,x0,100110	 x11:0x00000028  x0:0x00000000
          35014	     17503	001000e8	00b7a023	sw	x11,0(x15)	 x15:0x00020000 x11:0x00000028 PA:0x00020000 store:0x00000028 load:0x00000000
          35018	     17505	001000ec	00654603	lbu	x12,6(x10)	 x10:0x00101bbc x12=0x00000031 PA:0x00101bc2 store:0x00000069
          35020	     17506	001000f0	02060063	beq	x12,x0,100110	 x12:0x00000031  x0:0x00000000
          35024	     17508	001000f4	00c7a023	sw	x12,0(x15)	 x15:0x00020000 x12:0x00000031 PA:0x00020000 store:0x00000031 load:0x00000000
          35028	     17510	001000f8	00754683	lbu	x13,7(x10)	 x10:0x00101bbc x13=0x0000002e PA:0x00101bc3 store:0x0000006e
          35030	     17511	001000fc	00850513	addi	x10,x10,8	 x10:0x00101bbc x10=0x00101bc4
          35032	     17512	00100100	00068863	beq	x13,x0,100110	 x13:0x0000002e  x0:0x00000000
          35036	     17514	00100104	00d7a023	sw	x13,0(x15)	 x15:0x00020000 x13:0x0000002e PA:0x00020000 store:0x0000002e load:0x00000000
          35040	     17516	00100108	00054803	lbu	x16,0(x10)	 x10:0x00101bc4 x16=0x00000030 PA:0x00101bc4 store:0x00000000
          35044	     17518	0010010c	fa0810e3	bne	x16,x0,1000ac	 x16:0x00000030  x0:0x00000000
          35050	     17521	001000ac	0107a023	sw	x16,0(x15)	 x15:0x00020000 x16:0x00000030 PA:0x00020000 store:0x00000030 load:0x00000000
          35054	     17523	001000b0	00154703	lbu	x14,1(x10)	 x10:0x00101bc4 x14=0x00000065 PA:0x00101bc5 store:0x00101728
          35056	     17524	001000b4	04070e63	beq	x14,x0,100110	 x14:0x00000065  x0:0x00000000
          35060	     17526	001000b8	00e7a023	sw	x14,0(x15)	 x15:0x00020000 x14:0x00000065 PA:0x00020000 store:0x00000065 load:0x00000000
          35064	     17528	001000bc	00254283	lbu	x5,2(x10)	 x10:0x00101bc4  x5=0x0000002d PA:0x00101bc6 store:0x00137fa0
          35066	     17529	001000c0	04028863	beq	x5,x0,100110	  x5:0x0000002d  x0:0x00000000
          35070	     17531	001000c4	0057a023	sw	x5,0(x15)	 x15:0x00020000  x5:0x0000002d PA:0x00020000 store:0x0000002d load:0x00000000
          35074	     17533	001000c8	00354303	lbu	x6,3(x10)	 x10:0x00101bc4  x6=0x00000034 PA:0x00101bc7 store:0x00000000
          35076	     17534	001000cc	04030263	beq	x6,x0,100110	  x6:0x00000034  x0:0x00000000
          35080	     17536	001000d0	0067a023	sw	x6,0(x15)	 x15:0x00020000  x6:0x00000034 PA:0x00020000 store:0x00000034 load:0x00000000
          35084	     17538	001000d4	00454383	lbu	x7,4(x10)	 x10:0x00101bc4  x7=0x00000033 PA:0x00101bc8 store:0x00000000
          35086	     17539	001000d8	02038c63	beq	x7,x0,100110	  x7:0x00000033  x0:0x00000000
          35090	     17541	001000dc	0077a023	sw	x7,0(x15)	 x15:0x00020000  x7:0x00000033 PA:0x00020000 store:0x00000033 load:0x00000000
          35094	     17543	001000e0	00554583	lbu	x11,5(x10)	 x10:0x00101bc4 x11=0x0000002c PA:0x00101bc9 store:0x0000002d
          35096	     17544	001000e4	02058663	beq	x11,x0,100110	 x11:0x0000002c  x0:0x00000000
          35100	     17546	001000e8	00b7a023	sw	x11,0(x15)	 x15:0x00020000 x11:0x0000002c PA:0x00020000 store:0x0000002c load:0x00000000
          35104	     17548	001000ec	00654603	lbu	x12,6(x10)	 x10:0x00101bc4 x12=0x00000020 PA:0x00101bca store:0x00000034
          35106	     17549	001000f0	02060063	beq	x12,x0,100110	 x12:0x00000020  x0:0x00000000
          35110	     17551	001000f4	00c7a023	sw	x12,0(x15)	 x15:0x00020000 x12:0x00000020 PA:0x00020000 store:0x00000020 load:0x00000000
          35114	     17553	001000f8	00754683	lbu	x13,7(x10)	 x10:0x00101bc4 x13=0x00000031 PA:0x00101bcb store:0x00000033
          35116	     17554	001000fc	00850513	addi	x10,x10,8	 x10:0x00101bc4 x10=0x00101bcc
          35118	     17555	00100100	00068863	beq	x13,x0,100110	 x13:0x00000031  x0:0x00000000
          35122	     17557	00100104	00d7a023	sw	x13,0(x15)	 x15:0x00020000 x13:0x00000031 PA:0x00020000 store:0x00000031 load:0x00000000
          35126	     17559	00100108	00054803	lbu	x16,0(x10)	 x10:0x00101bcc x16=0x0000002e PA:0x00101bcc store:0x00000000
          35130	     17561	0010010c	fa0810e3	bne	x16,x0,1000ac	 x16:0x0000002e  x0:0x00000000
          35136	     17564	001000ac	0107a023	sw	x16,0(x15)	 x15:0x00020000 x16:0x0000002e PA:0x00020000 store:0x0000002e load:0x00000000
          35140	     17566	001000b0	00154703	lbu	x14,1(x10)	 x10:0x00101bcc x14=0x00000030 PA:0x00101bcd store:0x00101728
          35142	     17567	001000b4	04070e63	beq	x14,x0,100110	 x14:0x00000030  x0:0x00000000
          35146	     17569	001000b8	00e7a023	sw	x14,0(x15)	 x15:0x00020000 x14:0x00000030 PA:0x00020000 store:0x00000030 load:0x00000000
          35150	     17571	001000bc	00254283	lbu	x5,2(x10)	 x10:0x00101bcc  x5=0x00000065 PA:0x00101bce store:0x00137fa0
          35152	     17572	001000c0	04028863	beq	x5,x0,100110	  x5:0x00000065  x0:0x00000000
          35156	     17574	001000c4	0057a023	sw	x5,0(x15)	 x15:0x00020000  x5:0x00000065 PA:0x00020000 store:0x00000065 load:0x00000000
          35160	     17576	001000c8	00354303	lbu	x6,3(x10)	 x10:0x00101bcc  x6=0x0000002d PA:0x00101bcf store:0x00000000
          35162	     17577	001000cc	04030263	beq	x6,x0,100110	  x6:0x0000002d  x0:0x00000000
          35166	     17579	001000d0	0067a023	sw	x6,0(x15)	 x15:0x00020000  x6:0x0000002d PA:0x00020000 store:0x0000002d load:0x00000000
          35170	     17581	001000d4	00454383	lbu	x7,4(x10)	 x10:0x00101bcc  x7=0x00000034 PA:0x00101bd0 store:0x00000000
          35172	     17582	001000d8	02038c63	beq	x7,x0,100110	  x7:0x00000034  x0:0x00000000
          35176	     17584	001000dc	0077a023	sw	x7,0(x15)	 x15:0x00020000  x7:0x00000034 PA:0x00020000 store:0x00000034 load:0x00000000
          35180	     17586	001000e0	00554583	lbu	x11,5(x10)	 x10:0x00101bcc x11=0x00000034 PA:0x00101bd1 store:0x00000065
          35182	     17587	001000e4	02058663	beq	x11,x0,100110	 x11:0x00000034  x0:0x00000000
          35186	     17589	001000e8	00b7a023	sw	x11,0(x15)	 x15:0x00020000 x11:0x00000034 PA:0x00020000 store:0x00000034 load:0x00000000
          35190	     17591	001000ec	00654603	lbu	x12,6(x10)	 x10:0x00101bcc x12=0x00000029 PA:0x00101bd2 store:0x0000002d
          35192	     17592	001000f0	02060063	beq	x12,x0,100110	 x12:0x00000029  x0:0x00000000
          35196	     17594	001000f4	00c7a023	sw	x12,0(x15)	 x15:0x00020000 x12:0x00000029 PA:0x00020000 store:0x00000029 load:0x00000000
          35200	     17596	001000f8	00754683	lbu	x13,7(x10)	 x10:0x00101bcc x13=0x0000002c PA:0x00101bd3 store:0x00000034
          35202	     17597	001000fc	00850513	addi	x10,x10,8	 x10:0x00101bcc x10=0x00101bd4
          35204	     17598	00100100	00068863	beq	x13,x0,100110	 x13:0x0000002c  x0:0x00000000
          35208	     17600	00100104	00d7a023	sw	x13,0(x15)	 x15:0x00020000 x13:0x0000002c PA:0x00020000 store:0x0000002c load:0x00000000
          35212	     17602	00100108	00054803	lbu	x16,0(x10)	 x10:0x00101bd4 x16=0x00000020 PA:0x00101bd4 store:0x00000000
          35216	     17604	0010010c	fa0810e3	bne	x16,x0,1000ac	 x16:0x00000020  x0:0x00000000
          35222	     17607	001000ac	0107a023	sw	x16,0(x15)	 x15:0x00020000 x16:0x00000020 PA:0x00020000 store:0x00000020 load:0x00000000
          35226	     17609	001000b0	00154703	lbu	x14,1(x10)	 x10:0x00101bd4 x14=0x00000065 PA:0x00101bd5 store:0x00101728
          35228	     17610	001000b4	04070e63	beq	x14,x0,100110	 x14:0x00000065  x0:0x00000000
          35232	     17612	001000b8	00e7a023	sw	x14,0(x15)	 x15:0x00020000 x14:0x00000065 PA:0x00020000 store:0x00000065 load:0x00000000
          35236	     17614	001000bc	00254283	lbu	x5,2(x10)	 x10:0x00101bd4  x5=0x00000078 PA:0x00101bd6 store:0x00137fa0
          35238	     17615	001000c0	04028863	beq	x5,x0,100110	  x5:0x00000078  x0:0x00000000
          35242	     17617	001000c4	0057a023	sw	x5,0(x15)	 x15:0x00020000  x5:0x00000078 PA:0x00020000 store:0x00000078 load:0x00000000
          35246	     17619	001000c8	00354303	lbu	x6,3(x10)	 x10:0x00101bd4  x6=0x00000070 PA:0x00101bd7 store:0x00000000
          35248	     17620	001000cc	04030263	beq	x6,x0,100110	  x6:0x00000070  x0:0x00000000
          35252	     17622	001000d0	0067a023	sw	x6,0(x15)	 x15:0x00020000  x6:0x00000070 PA:0x00020000 store:0x00000070 load:0x00000000
          35256	     17624	001000d4	00454383	lbu	x7,4(x10)	 x10:0x00101bd4  x7=0x00000065 PA:0x00101bd8 store:0x00000000
          35258	     17625	001000d8	02038c63	beq	x7,x0,100110	  x7:0x00000065  x0:0x00000000
          35262	     17627	001000dc	0077a023	sw	x7,0(x15)	 x15:0x00020000  x7:0x00000065 PA:0x00020000 store:0x00000065 load:0x00000000
          35266	     17629	001000e0	00554583	lbu	x11,5(x10)	 x10:0x00101bd4 x11=0x00000063 PA:0x00101bd9 store:0x00000078
          35268	     17630	001000e4	02058663	beq	x11,x0,100110	 x11:0x00000063  x0:0x00000000
          35272	     17632	001000e8	00b7a023	sw	x11,0(x15)	 x15:0x00020000 x11:0x00000063 PA:0x00020000 store:0x00000063 load:0x00000000
          35276	     17634	001000ec	00654603	lbu	x12,6(x10)	 x10:0x00101bd4 x12=0x00000074 PA:0x00101bda store:0x00000070
          35278	     17635	001000f0	02060063	beq	x12,x0,100110	 x12:0x00000074  x0:0x00000000
          35282	     17637	001000f4	00c7a023	sw	x12,0(x15)	 x15:0x00020000 x12:0x00000074 PA:0x00020000 store:0x00000074 load:0x00000000
          35286	     17639	001000f8	00754683	lbu	x13,7(x10)	 x10:0x00101bd4 x13=0x00000069 PA:0x00101bdb store:0x00000065
          35288	     17640	001000fc	00850513	addi	x10,x10,8	 x10:0x00101bd4 x10=0x00101bdc
          35290	     17641	00100100	00068863	beq	x13,x0,100110	 x13:0x00000069  x0:0x00000000
          35294	     17643	00100104	00d7a023	sw	x13,0(x15)	 x15:0x00020000 x13:0x00000069 PA:0x00020000 store:0x00000069 load:0x00000000
          35298	     17645	00100108	00054803	lbu	x16,0(x10)	 x10:0x00101bdc x16=0x0000006e PA:0x00101bdc store:0x00000000
          35302	     17647	0010010c	fa0810e3	bne	x16,x0,1000ac	 x16:0x0000006e  x0:0x00000000
          35308	     17650	001000ac	0107a023	sw	x16,0(x15)	 x15:0x00020000 x16:0x0000006e PA:0x00020000 store:0x0000006e load:0x00000000
          35312	     17652	001000b0	00154703	lbu	x14,1(x10)	 x10:0x00101bdc x14=0x00000067 PA:0x00101bdd store:0x00101728
          35314	     17653	001000b4	04070e63	beq	x14,x0,100110	 x14:0x00000067  x0:0x00000000
          35318	     17655	001000b8	00e7a023	sw	x14,0(x15)	 x15:0x00020000 x14:0x00000067 PA:0x00020000 store:0x00000067 load:0x00000000
          35322	     17657	001000bc	00254283	lbu	x5,2(x10)	 x10:0x00101bdc  x5=0x0000003a PA:0x00101bde store:0x00137fa0
          35324	     17658	001000c0	04028863	beq	x5,x0,100110	  x5:0x0000003a  x0:0x00000000
          35328	     17660	001000c4	0057a023	sw	x5,0(x15)	 x15:0x00020000  x5:0x0000003a PA:0x00020000 store:0x0000003a load:0x00000000
          35332	     17662	001000c8	00354303	lbu	x6,3(x10)	 x10:0x00101bdc  x6=0x00000020 PA:0x00101bdf store:0x00000000
          35334	     17663	001000cc	04030263	beq	x6,x0,100110	  x6:0x00000020  x0:0x00000000
          35338	     17665	001000d0	0067a023	sw	x6,0(x15)	 x15:0x00020000  x6:0x00000020 PA:0x00020000 store:0x00000020 load:0x00000000
          35342	     17667	001000d4	00454383	lbu	x7,4(x10)	 x10:0x00101bdc  x7=0x00000030 PA:0x00101be0 store:0x00000000
          35344	     17668	001000d8	02038c63	beq	x7,x0,100110	  x7:0x00000030  x0:0x00000000
          35348	     17670	001000dc	0077a023	sw	x7,0(x15)	 x15:0x00020000  x7:0x00000030 PA:0x00020000 store:0x00000030 load:0x00000000
          35352	     17672	001000e0	00554583	lbu	x11,5(x10)	 x10:0x00101bdc x11=0x00000078 PA:0x00101be1 store:0x0000003a
          35354	     17673	001000e4	02058663	beq	x11,x0,100110	 x11:0x00000078  x0:0x00000000
          35358	     17675	001000e8	00b7a023	sw	x11,0(x15)	 x15:0x00020000 x11:0x00000078 PA:0x00020000 store:0x00000078 load:0x00000000
          35362	     17677	001000ec	00654603	lbu	x12,6(x10)	 x10:0x00101bdc x12=0x00000030 PA:0x00101be2 store:0x00000020
          35364	     17678	001000f0	02060063	beq	x12,x0,100110	 x12:0x00000030  x0:0x00000000
          35368	     17680	001000f4	00c7a023	sw	x12,0(x15)	 x15:0x00020000 x12:0x00000030 PA:0x00020000 store:0x00000030 load:0x00000000
          35372	     17682	001000f8	00754683	lbu	x13,7(x10)	 x10:0x00101bdc x13=0x00000030 PA:0x00101be3 store:0x00000030
          35374	     17683	001000fc	00850513	addi	x10,x10,8	 x10:0x00101bdc x10=0x00101be4
          35376	     17684	00100100	00068863	beq	x13,x0,100110	 x13:0x00000030  x0:0x00000000
          35380	     17686	00100104	00d7a023	sw	x13,0(x15)	 x15:0x00020000 x13:0x00000030 PA:0x00020000 store:0x00000030 load:0x00000000
          35384	     17688	00100108	00054803	lbu	x16,0(x10)	 x10:0x00101be4 x16=0x00000030 PA:0x00101be4 store:0x00000000
          35388	     17690	0010010c	fa0810e3	bne	x16,x0,1000ac	 x16:0x00000030  x0:0x00000000
          35394	     17693	001000ac	0107a023	sw	x16,0(x15)	 x15:0x00020000 x16:0x00000030 PA:0x00020000 store:0x00000030 load:0x00000000
          35398	     17695	001000b0	00154703	lbu	x14,1(x10)	 x10:0x00101be4 x14=0x00000030 PA:0x00101be5 store:0x00101728
          35400	     17696	001000b4	04070e63	beq	x14,x0,100110	 x14:0x00000030  x0:0x00000000
          35404	     17698	001000b8	00e7a023	sw	x14,0(x15)	 x15:0x00020000 x14:0x00000030 PA:0x00020000 store:0x00000030 load:0x00000000
          35408	     17700	001000bc	00254283	lbu	x5,2(x10)	 x10:0x00101be4  x5=0x00000030 PA:0x00101be6 store:0x00137fa0
          35410	     17701	001000c0	04028863	beq	x5,x0,100110	  x5:0x00000030  x0:0x00000000
          35414	     17703	001000c4	0057a023	sw	x5,0(x15)	 x15:0x00020000  x5:0x00000030 PA:0x00020000 store:0x00000030 load:0x00000000
          35418	     17705	001000c8	00354303	lbu	x6,3(x10)	 x10:0x00101be4  x6=0x00000030 PA:0x00101be7 store:0x00000000
          35420	     17706	001000cc	04030263	beq	x6,x0,100110	  x6:0x00000030  x0:0x00000000
          35424	     17708	001000d0	0067a023	sw	x6,0(x15)	 x15:0x00020000  x6:0x00000030 PA:0x00020000 store:0x00000030 load:0x00000000
          35428	     17710	001000d4	00454383	lbu	x7,4(x10)	 x10:0x00101be4  x7=0x00000037 PA:0x00101be8 store:0x00000000
          35430	     17711	001000d8	02038c63	beq	x7,x0,100110	  x7:0x00000037  x0:0x00000000
          35434	     17713	001000dc	0077a023	sw	x7,0(x15)	 x15:0x00020000  x7:0x00000037 PA:0x00020000 store:0x00000037 load:0x00000000
          35438	     17715	001000e0	00554583	lbu	x11,5(x10)	 x10:0x00101be4 x11=0x0000003a PA:0x00101be9 store:0x00000030
          35440	     17716	001000e4	02058663	beq	x11,x0,100110	 x11:0x0000003a  x0:0x00000000
          35444	     17718	001000e8	00b7a023	sw	x11,0(x15)	 x15:0x00020000 x11:0x0000003a PA:0x00020000 store:0x0000003a load:0x00000000
          35448	     17720	001000ec	00654603	lbu	x12,6(x10)	 x10:0x00101be4 x12=0x00000020 PA:0x00101bea store:0x00000030
          35450	     17721	001000f0	02060063	beq	x12,x0,100110	 x12:0x00000020  x0:0x00000000
          35454	     17723	001000f4	00c7a023	sw	x12,0(x15)	 x15:0x00020000 x12:0x00000020 PA:0x00020000 store:0x00000020 load:0x00000000
          35458	     17725	001000f8	00754683	lbu	x13,7(x10)	 x10:0x00101be4 x13=0x00000000 PA:0x00101beb store:0x00000037
          35460	     17726	001000fc	00850513	addi	x10,x10,8	 x10:0x00101be4 x10=0x00101bec
          35464	     17728	00100100	00068863	beq	x13,x0,100110	 x13:0x00000000  x0:0x00000000
          35468	     17730	00100110	00000513	addi	x10,x0,0	  x0:0x00000000 x10=0x00000000
          35472	     17732	00100114	00008067	jalr	x0,0(x1)	  x1:0x00101728  x0=0x00000000
          35476	     17734	00101728	cf8a2503	lw	x10,-776(x20)	 x20:0x00102000 x10=0x00000007 PA:0x00101cf8 store:0x00102000
          35480	     17736	0010172c	9f5fe0ef	jal	x1,100120	  x1=0x00101730
          35482	     17737	00100120	01c55793	srli	x15,x10,0x1c	 x10:0x00000007 x15=0x00000000
          35484	     17738	00100124	00900713	addi	x14,x0,9	  x0:0x00000000 x14=0x00000009
          35488	     17740	00100128	0cf77a63	bgeu	x14,x15,1001fc	 x14:0x00000009 x15:0x00000000
          35492	     17742	001001fc	03078393	addi	x7,x15,48	 x15:0x00000000  x7=0x00000030
          35494	     17743	00100200	000205b7	lui	x11,0x20	 x11=0x00020000
          35496	     17744	00100204	00451613	slli	x12,x10,0x4	 x10:0x00000007 x12=0x00000070
          35500	     17746	00100208	0075a023	sw	x7,0(x11)	 x11:0x00020000  x7:0x00000030 PA:0x00020000 store:0x00000030 load:0x00000000
          35502	     17747	0010020c	01c65693	srli	x13,x12,0x1c	 x12:0x00000070 x13=0x00000000
          35504	     17748	00100210	00900813	addi	x16,x0,9	  x0:0x00000000 x16=0x00000009
          35506	     17749	00100214	f2d86ae3	bltu	x16,x13,100148	 x16:0x00000009 x13:0x00000000
          35508	     17750	00100218	03068e93	addi	x29,x13,48	 x13:0x00000000 x29=0x00000030
          35510	     17751	0010021c	00020f37	lui	x30,0x20	 x30=0x00020000
          35512	     17752	00100220	00851f93	slli	x31,x10,0x8	 x10:0x00000007 x31=0x00000700
          35516	     17754	00100224	01df2023	sw	x29,0(x30)	 x30:0x00020000 x29:0x00000030 PA:0x00020000 store:0x00000030 load:0x00000000
          35518	     17755	00100228	01cfd793	srli	x15,x31,0x1c	 x31:0x00000700 x15=0x00000000
          35520	     17756	0010022c	00900713	addi	x14,x0,9	  x0:0x00000000 x14=0x00000009
          35522	     17757	00100230	f2f76ae3	bltu	x14,x15,100164	 x14:0x00000009 x15:0x00000000
          35524	     17758	00100234	03078393	addi	x7,x15,48	 x15:0x00000000  x7=0x00000030
          35526	     17759	00100238	000205b7	lui	x11,0x20	 x11=0x00020000
          35528	     17760	0010023c	00c51613	slli	x12,x10,0xc	 x10:0x00000007 x12=0x00007000
          35532	     17762	00100240	0075a023	sw	x7,0(x11)	 x11:0x00020000  x7:0x00000030 PA:0x00020000 store:0x00000030 load:0x00000000
          35534	     17763	00100244	01c65693	srli	x13,x12,0x1c	 x12:0x00007000 x13=0x00000000
          35536	     17764	00100248	00900813	addi	x16,x0,9	  x0:0x00000000 x16=0x00000009
          35538	     17765	0010024c	f2d86ae3	bltu	x16,x13,100180	 x16:0x00000009 x13:0x00000000
          35540	     17766	00100250	03068e93	addi	x29,x13,48	 x13:0x00000000 x29=0x00000030
          35542	     17767	00100254	00020f37	lui	x30,0x20	 x30=0x00020000
          35544	     17768	00100258	01051f93	slli	x31,x10,0x10	 x10:0x00000007 x31=0x00070000
          35548	     17770	0010025c	01df2023	sw	x29,0(x30)	 x30:0x00020000 x29:0x00000030 PA:0x00020000 store:0x00000030 load:0x00000000
          35550	     17771	00100260	01cfd793	srli	x15,x31,0x1c	 x31:0x00070000 x15=0x00000000
          35552	     17772	00100264	00900713	addi	x14,x0,9	  x0:0x00000000 x14=0x00000009
          35554	     17773	00100268	f2f76ae3	bltu	x14,x15,10019c	 x14:0x00000009 x15:0x00000000
          35556	     17774	0010026c	03078393	addi	x7,x15,48	 x15:0x00000000  x7=0x00000030
          35558	     17775	00100270	000205b7	lui	x11,0x20	 x11=0x00020000
          35560	     17776	00100274	01451613	slli	x12,x10,0x14	 x10:0x00000007 x12=0x00700000
          35564	     17778	00100278	0075a023	sw	x7,0(x11)	 x11:0x00020000  x7:0x00000030 PA:0x00020000 store:0x00000030 load:0x00000000
          35566	     17779	0010027c	01c65693	srli	x13,x12,0x1c	 x12:0x00700000 x13=0x00000000
          35568	     17780	00100280	00900813	addi	x16,x0,9	  x0:0x00000000 x16=0x00000009
          35570	     17781	00100284	f2d86ae3	bltu	x16,x13,1001b8	 x16:0x00000009 x13:0x00000000
          35572	     17782	00100288	03068e93	addi	x29,x13,48	 x13:0x00000000 x29=0x00000030
          35574	     17783	0010028c	00020f37	lui	x30,0x20	 x30=0x00020000
          35576	     17784	00100290	01851f93	slli	x31,x10,0x18	 x10:0x00000007 x31=0x07000000
          35580	     17786	00100294	01df2023	sw	x29,0(x30)	 x30:0x00020000 x29:0x00000030 PA:0x00020000 store:0x00000030 load:0x00000000
          35582	     17787	00100298	01cfd793	srli	x15,x31,0x1c	 x31:0x07000000 x15=0x00000000
          35584	     17788	0010029c	00900713	addi	x14,x0,9	  x0:0x00000000 x14=0x00000009
          35586	     17789	001002a0	f2f76ae3	bltu	x14,x15,1001d4	 x14:0x00000009 x15:0x00000000
          35588	     17790	001002a4	03078393	addi	x7,x15,48	 x15:0x00000000  x7=0x00000030
          35590	     17791	001002a8	000205b7	lui	x11,0x20	 x11=0x00020000
          35594	     17793	001002ac	0075a023	sw	x7,0(x11)	 x11:0x00020000  x7:0x00000030 PA:0x00020000 store:0x00000030 load:0x00000000
          35596	     17794	001002b0	00f57513	andi	x10,x10,15	 x10:0x00000007 x10=0x00000007
          35598	     17795	001002b4	00900613	addi	x12,x0,9	  x0:0x00000000 x12=0x00000009
          35602	     17797	001002b8	f2a67ae3	bgeu	x12,x10,1001ec	 x12:0x00000009 x10:0x00000007
          35606	     17799	001001ec	03050893	addi	x17,x10,48	 x10:0x00000007 x17=0x00000037
          35608	     17800	001001f0	00020e37	lui	x28,0x20	 x28=0x00020000
          35612	     17802	001001f4	011e2023	sw	x17,0(x28)	 x28:0x00020000 x17:0x00000037 PA:0x00020000 store:0x00000037 load:0x00000000
          35616	     17804	001001f8	00008067	jalr	x0,0(x1)	  x1:0x00101730  x0=0x00000000
          35628	     17810	00101730	00102837	lui	x16,0x102	 x16=0x00102000
          35630	     17811	00101734	95c82a07	flw	f20,-1700(x16)	 f16:0x00102000 f20=0x00000000 PA:0x0010195c store:0x4019999a
          35632	     17812	00101738	001028b7	lui	x17,0x102	 x17=0x00102000
          35634	     17813	0010173c	9608a987	flw	f19,-1696(x17)	 f17:0x00102000 f19=0x00000000 PA:0x00101960 store:0x7fa00000
          35636	     17814	00101740	d34ba227	fsw	f20,-732(x23)	 f23:0x00102000 f20:0x00102000 PA:0x00101d24 store:0x7f167699 load:0x7f1dfc87
          35642	     17817	00101744	00102e37	lui	x28,0x102	 x28=0x00102000
          35644	     17818	00101748	d33ca027	fsw	f19,-736(x25)	 f25:0x00102000 f19:0x00102000 PA:0x00101d20 store:0x7f1dfc87 load:0x7f1dfc87
          35646	     17819	0010174c	d24ba687	flw	f13,-732(x23)	 f23:0x00102000 f13=0x00000000 PA:0x00101d24 store:0x80000000
          35648	     17820	00101750	d20ca387	flw	f7,-736(x25)	 f25:0x00102000  f7=0x00000000 PA:0x00101d20 store:0x7fa00000
          35654	     17823	00101754	28768553	fmin.s	f10,f13,f7	 f13:0x00000000  f7:0x00000030 f10=0x00000000
          35662	     17827	00101758	d0aaa027	fsw	f10,-768(x21)	 f21:0x00102000 f10:0x00000007 PA:0x00101d00 store:0x7f167699 load:0x7f1dfc87
          35670	     17831	0010175c	d00aa807	flw	f16,-768(x21)	 f21:0x00102000 f16=0x00000000 PA:0x00101d00 store:0x7fa00000
          35676	     17834	00101760	bece0513	addi	x10,x28,-1044	 x28:0x00102000 x10=0x00101bec
          35678	     17835	00101764	e0080b53	fmv.x.w	x22,f16	 f16:0x00102000 x22=0x7f167699
          35680	     17836	00101768	cf6a2c23	sw	x22,-776(x20)	 x20:0x00102000 x22:0x7f167699 PA:0x00101cf8 store:0x7f167699 load:0x7f167699
          35682	     17837	0010176c	935fe0ef	jal	x1,1000a0	  x1=0x00101770
          35686	     17839	001000a0	00054803	lbu	x16,0(x10)	 x10:0x00101bec x16=0x0000000a PA:0x00101bec store:0x00000000
          35688	     17840	001000a4	06080663	beq	x16,x0,100110	 x16:0x0000000a  x0:0x00000000
          35690	     17841	001000a8	000207b7	lui	x15,0x20	 x15=0x00020000
          35694	     17843	001000ac	0107a023	sw	x16,0(x15)	 x15:0x00020000 x16:0x0000000a PA:0x00020000 store:0x0000000a load:0x00000000
          35698	     17845	001000b0	00154703	lbu	x14,1(x10)	 x10:0x00101bec x14=0x00000020 PA:0x00101bed store:0x00101770
          35700	     17846	001000b4	04070e63	beq	x14,x0,100110	 x14:0x00000020  x0:0x00000000
          35704	     17848	001000b8	00e7a023	sw	x14,0(x15)	 x15:0x00020000 x14:0x00000020 PA:0x00020000 store:0x00000020 load:0x00000000
          35708	     17850	001000bc	00254283	lbu	x5,2(x10)	 x10:0x00101bec  x5=0x0000004d PA:0x00101bee store:0x00137fa0
          35710	     17851	001000c0	04028863	beq	x5,x0,100110	  x5:0x0000004d  x0:0x00000000
          35714	     17853	001000c4	0057a023	sw	x5,0(x15)	 x15:0x00020000  x5:0x0000004d PA:0x00020000 store:0x0000004d load:0x00000000
          35718	     17855	001000c8	00354303	lbu	x6,3(x10)	 x10:0x00101bec  x6=0x00000069 PA:0x00101bef store:0x00000000
          35720	     17856	001000cc	04030263	beq	x6,x0,100110	  x6:0x00000069  x0:0x00000000
          35724	     17858	001000d0	0067a023	sw	x6,0(x15)	 x15:0x00020000  x6:0x00000069 PA:0x00020000 store:0x00000069 load:0x00000000
          35728	     17860	001000d4	00454383	lbu	x7,4(x10)	 x10:0x00101bec  x7=0x0000006e PA:0x00101bf0 store:0x00000000
          35730	     17861	001000d8	02038c63	beq	x7,x0,100110	  x7:0x0000006e  x0:0x00000000
          35734	     17863	001000dc	0077a023	sw	x7,0(x15)	 x15:0x00020000  x7:0x0000006e PA:0x00020000 store:0x0000006e load:0x00000000
          35738	     17865	001000e0	00554583	lbu	x11,5(x10)	 x10:0x00101bec x11=0x00000028 PA:0x00101bf1 store:0x0000004d
          35740	     17866	001000e4	02058663	beq	x11,x0,100110	 x11:0x00000028  x0:0x00000000
          35744	     17868	001000e8	00b7a023	sw	x11,0(x15)	 x15:0x00020000 x11:0x00000028 PA:0x00020000 store:0x00000028 load:0x00000000
          35748	     17870	001000ec	00654603	lbu	x12,6(x10)	 x10:0x00101bec x12=0x00000032 PA:0x00101bf2 store:0x00000069
          35750	     17871	001000f0	02060063	beq	x12,x0,100110	 x12:0x00000032  x0:0x00000000
          35754	     17873	001000f4	00c7a023	sw	x12,0(x15)	 x15:0x00020000 x12:0x00000032 PA:0x00020000 store:0x00000032 load:0x00000000
          35758	     17875	001000f8	00754683	lbu	x13,7(x10)	 x10:0x00101bec x13=0x0000002e PA:0x00101bf3 store:0x0000006e
          35760	     17876	001000fc	00850513	addi	x10,x10,8	 x10:0x00101bec x10=0x00101bf4
          35762	     17877	00100100	00068863	beq	x13,x0,100110	 x13:0x0000002e  x0:0x00000000
          35766	     17879	00100104	00d7a023	sw	x13,0(x15)	 x15:0x00020000 x13:0x0000002e PA:0x00020000 store:0x0000002e load:0x00000000
          35770	     17881	00100108	00054803	lbu	x16,0(x10)	 x10:0x00101bf4 x16=0x00000030 PA:0x00101bf4 store:0x00000000
          35774	     17883	0010010c	fa0810e3	bne	x16,x0,1000ac	 x16:0x00000030  x0:0x00000000
          35780	     17886	001000ac	0107a023	sw	x16,0(x15)	 x15:0x00020000 x16:0x00000030 PA:0x00020000 store:0x00000030 load:0x00000000
          35784	     17888	001000b0	00154703	lbu	x14,1(x10)	 x10:0x00101bf4 x14=0x00000065 PA:0x00101bf5 store:0x00101770
          35786	     17889	001000b4	04070e63	beq	x14,x0,100110	 x14:0x00000065  x0:0x00000000
          35790	     17891	001000b8	00e7a023	sw	x14,0(x15)	 x15:0x00020000 x14:0x00000065 PA:0x00020000 store:0x00000065 load:0x00000000
          35794	     17893	001000bc	00254283	lbu	x5,2(x10)	 x10:0x00101bf4  x5=0x00000033 PA:0x00101bf6 store:0x00137fa0
          35796	     17894	001000c0	04028863	beq	x5,x0,100110	  x5:0x00000033  x0:0x00000000
          35800	     17896	001000c4	0057a023	sw	x5,0(x15)	 x15:0x00020000  x5:0x00000033 PA:0x00020000 store:0x00000033 load:0x00000000
          35804	     17898	001000c8	00354303	lbu	x6,3(x10)	 x10:0x00101bf4  x6=0x00000038 PA:0x00101bf7 store:0x00000000
          35806	     17899	001000cc	04030263	beq	x6,x0,100110	  x6:0x00000038  x0:0x00000000
          35810	     17901	001000d0	0067a023	sw	x6,0(x15)	 x15:0x00020000  x6:0x00000038 PA:0x00020000 store:0x00000038 load:0x00000000
          35814	     17903	001000d4	00454383	lbu	x7,4(x10)	 x10:0x00101bf4  x7=0x00000066 PA:0x00101bf8 store:0x00000000
          35816	     17904	001000d8	02038c63	beq	x7,x0,100110	  x7:0x00000066  x0:0x00000000
          35820	     17906	001000dc	0077a023	sw	x7,0(x15)	 x15:0x00020000  x7:0x00000066 PA:0x00020000 store:0x00000066 load:0x00000000
          35824	     17908	001000e0	00554583	lbu	x11,5(x10)	 x10:0x00101bf4 x11=0x0000002c PA:0x00101bf9 store:0x00000033
          35826	     17909	001000e4	02058663	beq	x11,x0,100110	 x11:0x0000002c  x0:0x00000000
          35830	     17911	001000e8	00b7a023	sw	x11,0(x15)	 x15:0x00020000 x11:0x0000002c PA:0x00020000 store:0x0000002c load:0x00000000
          35834	     17913	001000ec	00654603	lbu	x12,6(x10)	 x10:0x00101bf4 x12=0x00000020 PA:0x00101bfa store:0x00000038
          35836	     17914	001000f0	02060063	beq	x12,x0,100110	 x12:0x00000020  x0:0x00000000
          35840	     17916	001000f4	00c7a023	sw	x12,0(x15)	 x15:0x00020000 x12:0x00000020 PA:0x00020000 store:0x00000020 load:0x00000000
          35844	     17918	001000f8	00754683	lbu	x13,7(x10)	 x10:0x00101bf4 x13=0x00000032 PA:0x00101bfb store:0x00000066
          35846	     17919	001000fc	00850513	addi	x10,x10,8	 x10:0x00101bf4 x10=0x00101bfc
          35848	     17920	00100100	00068863	beq	x13,x0,100110	 x13:0x00000032  x0:0x00000000
          35852	     17922	00100104	00d7a023	sw	x13,0(x15)	 x15:0x00020000 x13:0x00000032 PA:0x00020000 store:0x00000032 load:0x00000000
          35856	     17924	00100108	00054803	lbu	x16,0(x10)	 x10:0x00101bfc x16=0x0000002e PA:0x00101bfc store:0x00000000
          35860	     17926	0010010c	fa0810e3	bne	x16,x0,1000ac	 x16:0x0000002e  x0:0x00000000
          35866	     17929	001000ac	0107a023	sw	x16,0(x15)	 x15:0x00020000 x16:0x0000002e PA:0x00020000 store:0x0000002e load:0x00000000
          35870	     17931	001000b0	00154703	lbu	x14,1(x10)	 x10:0x00101bfc x14=0x00000031 PA:0x00101bfd store:0x00101770
          35872	     17932	001000b4	04070e63	beq	x14,x0,100110	 x14:0x00000031  x0:0x00000000
          35876	     17934	001000b8	00e7a023	sw	x14,0(x15)	 x15:0x00020000 x14:0x00000031 PA:0x00020000 store:0x00000031 load:0x00000000
          35880	     17936	001000bc	00254283	lbu	x5,2(x10)	 x10:0x00101bfc  x5=0x00000065 PA:0x00101bfe store:0x00137fa0
          35882	     17937	001000c0	04028863	beq	x5,x0,100110	  x5:0x00000065  x0:0x00000000
          35886	     17939	001000c4	0057a023	sw	x5,0(x15)	 x15:0x00020000  x5:0x00000065 PA:0x00020000 store:0x00000065 load:0x00000000
          35890	     17941	001000c8	00354303	lbu	x6,3(x10)	 x10:0x00101bfc  x6=0x00000033 PA:0x00101bff store:0x00000000
          35892	     17942	001000cc	04030263	beq	x6,x0,100110	  x6:0x00000033  x0:0x00000000
          35896	     17944	001000d0	0067a023	sw	x6,0(x15)	 x15:0x00020000  x6:0x00000033 PA:0x00020000 store:0x00000033 load:0x00000000
          35900	     17946	001000d4	00454383	lbu	x7,4(x10)	 x10:0x00101bfc  x7=0x00000038 PA:0x00101c00 store:0x00000000
          35902	     17947	001000d8	02038c63	beq	x7,x0,100110	  x7:0x00000038  x0:0x00000000
          35906	     17949	001000dc	0077a023	sw	x7,0(x15)	 x15:0x00020000  x7:0x00000038 PA:0x00020000 store:0x00000038 load:0x00000000
          35910	     17951	001000e0	00554583	lbu	x11,5(x10)	 x10:0x00101bfc x11=0x00000066 PA:0x00101c01 store:0x00000065
          35912	     17952	001000e4	02058663	beq	x11,x0,100110	 x11:0x00000066  x0:0x00000000
          35916	     17954	001000e8	00b7a023	sw	x11,0(x15)	 x15:0x00020000 x11:0x00000066 PA:0x00020000 store:0x00000066 load:0x00000000
          35920	     17956	001000ec	00654603	lbu	x12,6(x10)	 x10:0x00101bfc x12=0x00000029 PA:0x00101c02 store:0x00000033
          35922	     17957	001000f0	02060063	beq	x12,x0,100110	 x12:0x00000029  x0:0x00000000
          35926	     17959	001000f4	00c7a023	sw	x12,0(x15)	 x15:0x00020000 x12:0x00000029 PA:0x00020000 store:0x00000029 load:0x00000000
          35930	     17961	001000f8	00754683	lbu	x13,7(x10)	 x10:0x00101bfc x13=0x0000002c PA:0x00101c03 store:0x00000038
          35932	     17962	001000fc	00850513	addi	x10,x10,8	 x10:0x00101bfc x10=0x00101c04
          35934	     17963	00100100	00068863	beq	x13,x0,100110	 x13:0x0000002c  x0:0x00000000
          35938	     17965	00100104	00d7a023	sw	x13,0(x15)	 x15:0x00020000 x13:0x0000002c PA:0x00020000 store:0x0000002c load:0x00000000
          35942	     17967	00100108	00054803	lbu	x16,0(x10)	 x10:0x00101c04 x16=0x00000020 PA:0x00101c04 store:0x00000000
          35946	     17969	0010010c	fa0810e3	bne	x16,x0,1000ac	 x16:0x00000020  x0:0x00000000
          35952	     17972	001000ac	0107a023	sw	x16,0(x15)	 x15:0x00020000 x16:0x00000020 PA:0x00020000 store:0x00000020 load:0x00000000
          35956	     17974	001000b0	00154703	lbu	x14,1(x10)	 x10:0x00101c04 x14=0x00000065 PA:0x00101c05 store:0x00101770
          35958	     17975	001000b4	04070e63	beq	x14,x0,100110	 x14:0x00000065  x0:0x00000000
          35962	     17977	001000b8	00e7a023	sw	x14,0(x15)	 x15:0x00020000 x14:0x00000065 PA:0x00020000 store:0x00000065 load:0x00000000
          35966	     17979	001000bc	00254283	lbu	x5,2(x10)	 x10:0x00101c04  x5=0x00000078 PA:0x00101c06 store:0x00137fa0
          35968	     17980	001000c0	04028863	beq	x5,x0,100110	  x5:0x00000078  x0:0x00000000
          35972	     17982	001000c4	0057a023	sw	x5,0(x15)	 x15:0x00020000  x5:0x00000078 PA:0x00020000 store:0x00000078 load:0x00000000
          35976	     17984	001000c8	00354303	lbu	x6,3(x10)	 x10:0x00101c04  x6=0x00000070 PA:0x00101c07 store:0x00000000
          35978	     17985	001000cc	04030263	beq	x6,x0,100110	  x6:0x00000070  x0:0x00000000
          35982	     17987	001000d0	0067a023	sw	x6,0(x15)	 x15:0x00020000  x6:0x00000070 PA:0x00020000 store:0x00000070 load:0x00000000
          35986	     17989	001000d4	00454383	lbu	x7,4(x10)	 x10:0x00101c04  x7=0x00000065 PA:0x00101c08 store:0x00000000
          35988	     17990	001000d8	02038c63	beq	x7,x0,100110	  x7:0x00000065  x0:0x00000000
          35992	     17992	001000dc	0077a023	sw	x7,0(x15)	 x15:0x00020000  x7:0x00000065 PA:0x00020000 store:0x00000065 load:0x00000000
          35996	     17994	001000e0	00554583	lbu	x11,5(x10)	 x10:0x00101c04 x11=0x00000063 PA:0x00101c09 store:0x00000078
          35998	     17995	001000e4	02058663	beq	x11,x0,100110	 x11:0x00000063  x0:0x00000000
          36002	     17997	001000e8	00b7a023	sw	x11,0(x15)	 x15:0x00020000 x11:0x00000063 PA:0x00020000 store:0x00000063 load:0x00000000
          36006	     17999	001000ec	00654603	lbu	x12,6(x10)	 x10:0x00101c04 x12=0x00000074 PA:0x00101c0a store:0x00000070
          36008	     18000	001000f0	02060063	beq	x12,x0,100110	 x12:0x00000074  x0:0x00000000
          36012	     18002	001000f4	00c7a023	sw	x12,0(x15)	 x15:0x00020000 x12:0x00000074 PA:0x00020000 store:0x00000074 load:0x00000000
          36016	     18004	001000f8	00754683	lbu	x13,7(x10)	 x10:0x00101c04 x13=0x00000069 PA:0x00101c0b store:0x00000065
          36018	     18005	001000fc	00850513	addi	x10,x10,8	 x10:0x00101c04 x10=0x00101c0c
          36020	     18006	00100100	00068863	beq	x13,x0,100110	 x13:0x00000069  x0:0x00000000
          36024	     18008	00100104	00d7a023	sw	x13,0(x15)	 x15:0x00020000 x13:0x00000069 PA:0x00020000 store:0x00000069 load:0x00000000
          36028	     18010	00100108	00054803	lbu	x16,0(x10)	 x10:0x00101c0c x16=0x0000006e PA:0x00101c0c store:0x00000000
          36032	     18012	0010010c	fa0810e3	bne	x16,x0,1000ac	 x16:0x0000006e  x0:0x00000000
          36038	     18015	001000ac	0107a023	sw	x16,0(x15)	 x15:0x00020000 x16:0x0000006e PA:0x00020000 store:0x0000006e load:0x00000000
          36042	     18017	001000b0	00154703	lbu	x14,1(x10)	 x10:0x00101c0c x14=0x00000067 PA:0x00101c0d store:0x00101770
          36044	     18018	001000b4	04070e63	beq	x14,x0,100110	 x14:0x00000067  x0:0x00000000
          36048	     18020	001000b8	00e7a023	sw	x14,0(x15)	 x15:0x00020000 x14:0x00000067 PA:0x00020000 store:0x00000067 load:0x00000000
          36052	     18022	001000bc	00254283	lbu	x5,2(x10)	 x10:0x00101c0c  x5=0x0000003a PA:0x00101c0e store:0x00137fa0
          36054	     18023	001000c0	04028863	beq	x5,x0,100110	  x5:0x0000003a  x0:0x00000000
          36058	     18025	001000c4	0057a023	sw	x5,0(x15)	 x15:0x00020000  x5:0x0000003a PA:0x00020000 store:0x0000003a load:0x00000000
          36062	     18027	001000c8	00354303	lbu	x6,3(x10)	 x10:0x00101c0c  x6=0x00000020 PA:0x00101c0f store:0x00000000
          36064	     18028	001000cc	04030263	beq	x6,x0,100110	  x6:0x00000020  x0:0x00000000
          36068	     18030	001000d0	0067a023	sw	x6,0(x15)	 x15:0x00020000  x6:0x00000020 PA:0x00020000 store:0x00000020 load:0x00000000
          36072	     18032	001000d4	00454383	lbu	x7,4(x10)	 x10:0x00101c0c  x7=0x00000030 PA:0x00101c10 store:0x00000000
          36074	     18033	001000d8	02038c63	beq	x7,x0,100110	  x7:0x00000030  x0:0x00000000
          36078	     18035	001000dc	0077a023	sw	x7,0(x15)	 x15:0x00020000  x7:0x00000030 PA:0x00020000 store:0x00000030 load:0x00000000
          36082	     18037	001000e0	00554583	lbu	x11,5(x10)	 x10:0x00101c0c x11=0x00000078 PA:0x00101c11 store:0x0000003a
          36084	     18038	001000e4	02058663	beq	x11,x0,100110	 x11:0x00000078  x0:0x00000000
          36088	     18040	001000e8	00b7a023	sw	x11,0(x15)	 x15:0x00020000 x11:0x00000078 PA:0x00020000 store:0x00000078 load:0x00000000
          36092	     18042	001000ec	00654603	lbu	x12,6(x10)	 x10:0x00101c0c x12=0x00000037 PA:0x00101c12 store:0x00000020
          36094	     18043	001000f0	02060063	beq	x12,x0,100110	 x12:0x00000037  x0:0x00000000
          36098	     18045	001000f4	00c7a023	sw	x12,0(x15)	 x15:0x00020000 x12:0x00000037 PA:0x00020000 store:0x00000037 load:0x00000000
          36102	     18047	001000f8	00754683	lbu	x13,7(x10)	 x10:0x00101c0c x13=0x00000066 PA:0x00101c13 store:0x00000030
          36104	     18048	001000fc	00850513	addi	x10,x10,8	 x10:0x00101c0c x10=0x00101c14
          36106	     18049	00100100	00068863	beq	x13,x0,100110	 x13:0x00000066  x0:0x00000000
          36110	     18051	00100104	00d7a023	sw	x13,0(x15)	 x15:0x00020000 x13:0x00000066 PA:0x00020000 store:0x00000066 load:0x00000000
          36114	     18053	00100108	00054803	lbu	x16,0(x10)	 x10:0x00101c14 x16=0x00000031 PA:0x00101c14 store:0x00000000
          36118	     18055	0010010c	fa0810e3	bne	x16,x0,1000ac	 x16:0x00000031  x0:0x00000000
          36124	     18058	001000ac	0107a023	sw	x16,0(x15)	 x15:0x00020000 x16:0x00000031 PA:0x00020000 store:0x00000031 load:0x00000000
          36128	     18060	001000b0	00154703	lbu	x14,1(x10)	 x10:0x00101c14 x14=0x00000036 PA:0x00101c15 store:0x00101770
          36130	     18061	001000b4	04070e63	beq	x14,x0,100110	 x14:0x00000036  x0:0x00000000
          36134	     18063	001000b8	00e7a023	sw	x14,0(x15)	 x15:0x00020000 x14:0x00000036 PA:0x00020000 store:0x00000036 load:0x00000000
          36138	     18065	001000bc	00254283	lbu	x5,2(x10)	 x10:0x00101c14  x5=0x00000037 PA:0x00101c16 store:0x00137fa0
          36140	     18066	001000c0	04028863	beq	x5,x0,100110	  x5:0x00000037  x0:0x00000000
          36144	     18068	001000c4	0057a023	sw	x5,0(x15)	 x15:0x00020000  x5:0x00000037 PA:0x00020000 store:0x00000037 load:0x00000000
          36148	     18070	001000c8	00354303	lbu	x6,3(x10)	 x10:0x00101c14  x6=0x00000036 PA:0x00101c17 store:0x00000000
          36150	     18071	001000cc	04030263	beq	x6,x0,100110	  x6:0x00000036  x0:0x00000000
          36154	     18073	001000d0	0067a023	sw	x6,0(x15)	 x15:0x00020000  x6:0x00000036 PA:0x00020000 store:0x00000036 load:0x00000000
          36158	     18075	001000d4	00454383	lbu	x7,4(x10)	 x10:0x00101c14  x7=0x00000039 PA:0x00101c18 store:0x00000000
          36160	     18076	001000d8	02038c63	beq	x7,x0,100110	  x7:0x00000039  x0:0x00000000
          36164	     18078	001000dc	0077a023	sw	x7,0(x15)	 x15:0x00020000  x7:0x00000039 PA:0x00020000 store:0x00000039 load:0x00000000
          36168	     18080	001000e0	00554583	lbu	x11,5(x10)	 x10:0x00101c14 x11=0x00000039 PA:0x00101c19 store:0x00000037
          36170	     18081	001000e4	02058663	beq	x11,x0,100110	 x11:0x00000039  x0:0x00000000
          36174	     18083	001000e8	00b7a023	sw	x11,0(x15)	 x15:0x00020000 x11:0x00000039 PA:0x00020000 store:0x00000039 load:0x00000000
          36178	     18085	001000ec	00654603	lbu	x12,6(x10)	 x10:0x00101c14 x12=0x0000003a PA:0x00101c1a store:0x00000036
          36180	     18086	001000f0	02060063	beq	x12,x0,100110	 x12:0x0000003a  x0:0x00000000
          36184	     18088	001000f4	00c7a023	sw	x12,0(x15)	 x15:0x00020000 x12:0x0000003a PA:0x00020000 store:0x0000003a load:0x00000000
          36188	     18090	001000f8	00754683	lbu	x13,7(x10)	 x10:0x00101c14 x13=0x00000020 PA:0x00101c1b store:0x00000039
          36190	     18091	001000fc	00850513	addi	x10,x10,8	 x10:0x00101c14 x10=0x00101c1c
          36192	     18092	00100100	00068863	beq	x13,x0,100110	 x13:0x00000020  x0:0x00000000
          36196	     18094	00100104	00d7a023	sw	x13,0(x15)	 x15:0x00020000 x13:0x00000020 PA:0x00020000 store:0x00000020 load:0x00000000
          36200	     18096	00100108	00054803	lbu	x16,0(x10)	 x10:0x00101c1c x16=0x00000000 PA:0x00101c1c store:0x00000000
          36202	     18097	0010010c	fa0810e3	bne	x16,x0,1000ac	 x16:0x00000000  x0:0x00000000
          36204	     18098	00100110	00000513	addi	x10,x0,0	  x0:0x00000000 x10=0x00000000
          36208	     18100	00100114	00008067	jalr	x0,0(x1)	  x1:0x00101770  x0=0x00000000
          36212	     18102	00101770	cf8a2503	lw	x10,-776(x20)	 x20:0x00102000 x10=0x7f167699 PA:0x00101cf8 store:0x00102000
          36216	     18104	00101774	9adfe0ef	jal	x1,100120	  x1=0x00101778
          36218	     18105	00100120	01c55793	srli	x15,x10,0x1c	 x10:0x7f167699 x15=0x00000007
          36220	     18106	00100124	00900713	addi	x14,x0,9	  x0:0x00000000 x14=0x00000009
          36224	     18108	00100128	0cf77a63	bgeu	x14,x15,1001fc	 x14:0x00000009 x15:0x00000007
          36228	     18110	001001fc	03078393	addi	x7,x15,48	 x15:0x00000007  x7=0x00000037
          36230	     18111	00100200	000205b7	lui	x11,0x20	 x11=0x00020000
          36232	     18112	00100204	00451613	slli	x12,x10,0x4	 x10:0x7f167699 x12=0xf1676990
          36236	     18114	00100208	0075a023	sw	x7,0(x11)	 x11:0x00020000  x7:0x00000037 PA:0x00020000 store:0x00000037 load:0x00000000
          36238	     18115	0010020c	01c65693	srli	x13,x12,0x1c	 x12:0xf1676990 x13=0x0000000f
          36240	     18116	00100210	00900813	addi	x16,x0,9	  x0:0x00000000 x16=0x00000009
          36244	     18118	00100214	f2d86ae3	bltu	x16,x13,100148	 x16:0x00000009 x13:0x0000000f
          36248	     18120	00100148	03768893	addi	x17,x13,55	 x13:0x0000000f x17=0x00000046
          36250	     18121	0010014c	00020e37	lui	x28,0x20	 x28=0x00020000
          36252	     18122	00100150	00851f93	slli	x31,x10,0x8	 x10:0x7f167699 x31=0x16769900
          36256	     18124	00100154	011e2023	sw	x17,0(x28)	 x28:0x00020000 x17:0x00000046 PA:0x00020000 store:0x00000046 load:0x00000000
          36258	     18125	00100158	01cfd793	srli	x15,x31,0x1c	 x31:0x16769900 x15=0x00000001
          36260	     18126	0010015c	00900713	addi	x14,x0,9	  x0:0x00000000 x14=0x00000009
          36264	     18128	00100160	0cf77a63	bgeu	x14,x15,100234	 x14:0x00000009 x15:0x00000001
          36268	     18130	00100234	03078393	addi	x7,x15,48	 x15:0x00000001  x7=0x00000031
          36270	     18131	00100238	000205b7	lui	x11,0x20	 x11=0x00020000
          36272	     18132	0010023c	00c51613	slli	x12,x10,0xc	 x10:0x7f167699 x12=0x67699000
          36276	     18134	00100240	0075a023	sw	x7,0(x11)	 x11:0x00020000  x7:0x00000031 PA:0x00020000 store:0x00000031 load:0x00000000
          36278	     18135	00100244	01c65693	srli	x13,x12,0x1c	 x12:0x67699000 x13=0x00000006
          36280	     18136	00100248	00900813	addi	x16,x0,9	  x0:0x00000000 x16=0x00000009
          36282	     18137	0010024c	f2d86ae3	bltu	x16,x13,100180	 x16:0x00000009 x13:0x00000006
          36284	     18138	00100250	03068e93	addi	x29,x13,48	 x13:0x00000006 x29=0x00000036
          36286	     18139	00100254	00020f37	lui	x30,0x20	 x30=0x00020000
          36288	     18140	00100258	01051f93	slli	x31,x10,0x10	 x10:0x7f167699 x31=0x76990000
          36292	     18142	0010025c	01df2023	sw	x29,0(x30)	 x30:0x00020000 x29:0x00000036 PA:0x00020000 store:0x00000036 load:0x00000000
          36294	     18143	00100260	01cfd793	srli	x15,x31,0x1c	 x31:0x76990000 x15=0x00000007
          36296	     18144	00100264	00900713	addi	x14,x0,9	  x0:0x00000000 x14=0x00000009
          36298	     18145	00100268	f2f76ae3	bltu	x14,x15,10019c	 x14:0x00000009 x15:0x00000007
          36300	     18146	0010026c	03078393	addi	x7,x15,48	 x15:0x00000007  x7=0x00000037
          36302	     18147	00100270	000205b7	lui	x11,0x20	 x11=0x00020000
          36304	     18148	00100274	01451613	slli	x12,x10,0x14	 x10:0x7f167699 x12=0x69900000
          36308	     18150	00100278	0075a023	sw	x7,0(x11)	 x11:0x00020000  x7:0x00000037 PA:0x00020000 store:0x00000037 load:0x00000000
          36310	     18151	0010027c	01c65693	srli	x13,x12,0x1c	 x12:0x69900000 x13=0x00000006
          36312	     18152	00100280	00900813	addi	x16,x0,9	  x0:0x00000000 x16=0x00000009
          36314	     18153	00100284	f2d86ae3	bltu	x16,x13,1001b8	 x16:0x00000009 x13:0x00000006
          36316	     18154	00100288	03068e93	addi	x29,x13,48	 x13:0x00000006 x29=0x00000036
          36318	     18155	0010028c	00020f37	lui	x30,0x20	 x30=0x00020000
          36320	     18156	00100290	01851f93	slli	x31,x10,0x18	 x10:0x7f167699 x31=0x99000000
          36324	     18158	00100294	01df2023	sw	x29,0(x30)	 x30:0x00020000 x29:0x00000036 PA:0x00020000 store:0x00000036 load:0x00000000
          36326	     18159	00100298	01cfd793	srli	x15,x31,0x1c	 x31:0x99000000 x15=0x00000009
          36328	     18160	0010029c	00900713	addi	x14,x0,9	  x0:0x00000000 x14=0x00000009
          36330	     18161	001002a0	f2f76ae3	bltu	x14,x15,1001d4	 x14:0x00000009 x15:0x00000009
          36332	     18162	001002a4	03078393	addi	x7,x15,48	 x15:0x00000009  x7=0x00000039
          36334	     18163	001002a8	000205b7	lui	x11,0x20	 x11=0x00020000
          36338	     18165	001002ac	0075a023	sw	x7,0(x11)	 x11:0x00020000  x7:0x00000039 PA:0x00020000 store:0x00000039 load:0x00000000
          36340	     18166	001002b0	00f57513	andi	x10,x10,15	 x10:0x7f167699 x10=0x00000009
          36342	     18167	001002b4	00900613	addi	x12,x0,9	  x0:0x00000000 x12=0x00000009
          36346	     18169	001002b8	f2a67ae3	bgeu	x12,x10,1001ec	 x12:0x00000009 x10:0x00000009
          36350	     18171	001001ec	03050893	addi	x17,x10,48	 x10:0x00000009 x17=0x00000039
          36352	     18172	001001f0	00020e37	lui	x28,0x20	 x28=0x00020000
          36356	     18174	001001f4	011e2023	sw	x17,0(x28)	 x28:0x00020000 x17:0x00000039 PA:0x00020000 store:0x00000039 load:0x00000000
          36360	     18176	001001f8	00008067	jalr	x0,0(x1)	  x1:0x00101778  x0=0x00000000
          36362	     18177	00101778	00102eb7	lui	x29,0x102	 x29=0x00102000
          36364	     18178	0010177c	c20e8513	addi	x10,x29,-992	 x29:0x00102000 x10=0x00101c20
          36368	     18180	00101780	921fe0ef	jal	x1,1000a0	  x1=0x00101784
          36372	     18182	001000a0	00054803	lbu	x16,0(x10)	 x10:0x00101c20 x16=0x0000000a PA:0x00101c20 store:0x00000000
          36374	     18183	001000a4	06080663	beq	x16,x0,100110	 x16:0x0000000a  x0:0x00000000
          36376	     18184	001000a8	000207b7	lui	x15,0x20	 x15=0x00020000
          36380	     18186	001000ac	0107a023	sw	x16,0(x15)	 x15:0x00020000 x16:0x0000000a PA:0x00020000 store:0x0000000a load:0x00000000
          36384	     18188	001000b0	00154703	lbu	x14,1(x10)	 x10:0x00101c20 x14=0x0000000a PA:0x00101c21 store:0x00101784
          36386	     18189	001000b4	04070e63	beq	x14,x0,100110	 x14:0x0000000a  x0:0x00000000
          36390	     18191	001000b8	00e7a023	sw	x14,0(x15)	 x15:0x00020000 x14:0x0000000a PA:0x00020000 store:0x0000000a load:0x00000000
          36394	     18193	001000bc	00254283	lbu	x5,2(x10)	 x10:0x00101c20  x5=0x00000054 PA:0x00101c22 store:0x00137fa0
          36396	     18194	001000c0	04028863	beq	x5,x0,100110	  x5:0x00000054  x0:0x00000000
          36400	     18196	001000c4	0057a023	sw	x5,0(x15)	 x15:0x00020000  x5:0x00000054 PA:0x00020000 store:0x00000054 load:0x00000000
          36404	     18198	001000c8	00354303	lbu	x6,3(x10)	 x10:0x00101c20  x6=0x00000065 PA:0x00101c23 store:0x00000000
          36406	     18199	001000cc	04030263	beq	x6,x0,100110	  x6:0x00000065  x0:0x00000000
          36410	     18201	001000d0	0067a023	sw	x6,0(x15)	 x15:0x00020000  x6:0x00000065 PA:0x00020000 store:0x00000065 load:0x00000000
          36414	     18203	001000d4	00454383	lbu	x7,4(x10)	 x10:0x00101c20  x7=0x00000073 PA:0x00101c24 store:0x00000000
          36416	     18204	001000d8	02038c63	beq	x7,x0,100110	  x7:0x00000073  x0:0x00000000
          36420	     18206	001000dc	0077a023	sw	x7,0(x15)	 x15:0x00020000  x7:0x00000073 PA:0x00020000 store:0x00000073 load:0x00000000
          36424	     18208	001000e0	00554583	lbu	x11,5(x10)	 x10:0x00101c20 x11=0x00000074 PA:0x00101c25 store:0x00000054
          36426	     18209	001000e4	02058663	beq	x11,x0,100110	 x11:0x00000074  x0:0x00000000
          36430	     18211	001000e8	00b7a023	sw	x11,0(x15)	 x15:0x00020000 x11:0x00000074 PA:0x00020000 store:0x00000074 load:0x00000000
          36434	     18213	001000ec	00654603	lbu	x12,6(x10)	 x10:0x00101c20 x12=0x00000069 PA:0x00101c26 store:0x00000065
          36436	     18214	001000f0	02060063	beq	x12,x0,100110	 x12:0x00000069  x0:0x00000000
          36440	     18216	001000f4	00c7a023	sw	x12,0(x15)	 x15:0x00020000 x12:0x00000069 PA:0x00020000 store:0x00000069 load:0x00000000
          36444	     18218	001000f8	00754683	lbu	x13,7(x10)	 x10:0x00101c20 x13=0x0000006e PA:0x00101c27 store:0x00000073
          36446	     18219	001000fc	00850513	addi	x10,x10,8	 x10:0x00101c20 x10=0x00101c28
          36448	     18220	00100100	00068863	beq	x13,x0,100110	 x13:0x0000006e  x0:0x00000000
          36452	     18222	00100104	00d7a023	sw	x13,0(x15)	 x15:0x00020000 x13:0x0000006e PA:0x00020000 store:0x0000006e load:0x00000000
          36456	     18224	00100108	00054803	lbu	x16,0(x10)	 x10:0x00101c28 x16=0x00000067 PA:0x00101c28 store:0x00000000
          36460	     18226	0010010c	fa0810e3	bne	x16,x0,1000ac	 x16:0x00000067  x0:0x00000000
          36466	     18229	001000ac	0107a023	sw	x16,0(x15)	 x15:0x00020000 x16:0x00000067 PA:0x00020000 store:0x00000067 load:0x00000000
          36470	     18231	001000b0	00154703	lbu	x14,1(x10)	 x10:0x00101c28 x14=0x00000020 PA:0x00101c29 store:0x00101784
          36472	     18232	001000b4	04070e63	beq	x14,x0,100110	 x14:0x00000020  x0:0x00000000
          36476	     18234	001000b8	00e7a023	sw	x14,0(x15)	 x15:0x00020000 x14:0x00000020 PA:0x00020000 store:0x00000020 load:0x00000000
          36480	     18236	001000bc	00254283	lbu	x5,2(x10)	 x10:0x00101c28  x5=0x0000004d PA:0x00101c2a store:0x00137fa0
          36482	     18237	001000c0	04028863	beq	x5,x0,100110	  x5:0x0000004d  x0:0x00000000
          36486	     18239	001000c4	0057a023	sw	x5,0(x15)	 x15:0x00020000  x5:0x0000004d PA:0x00020000 store:0x0000004d load:0x00000000
          36490	     18241	001000c8	00354303	lbu	x6,3(x10)	 x10:0x00101c28  x6=0x00000041 PA:0x00101c2b store:0x00000000
          36492	     18242	001000cc	04030263	beq	x6,x0,100110	  x6:0x00000041  x0:0x00000000
          36496	     18244	001000d0	0067a023	sw	x6,0(x15)	 x15:0x00020000  x6:0x00000041 PA:0x00020000 store:0x00000041 load:0x00000000
          36500	     18246	001000d4	00454383	lbu	x7,4(x10)	 x10:0x00101c28  x7=0x00000058 PA:0x00101c2c store:0x00000000
          36502	     18247	001000d8	02038c63	beq	x7,x0,100110	  x7:0x00000058  x0:0x00000000
          36506	     18249	001000dc	0077a023	sw	x7,0(x15)	 x15:0x00020000  x7:0x00000058 PA:0x00020000 store:0x00000058 load:0x00000000
          36510	     18251	001000e0	00554583	lbu	x11,5(x10)	 x10:0x00101c28 x11=0x00000020 PA:0x00101c2d store:0x0000004d
          36512	     18252	001000e4	02058663	beq	x11,x0,100110	 x11:0x00000020  x0:0x00000000
          36516	     18254	001000e8	00b7a023	sw	x11,0(x15)	 x15:0x00020000 x11:0x00000020 PA:0x00020000 store:0x00000020 load:0x00000000
          36520	     18256	001000ec	00654603	lbu	x12,6(x10)	 x10:0x00101c28 x12=0x00000069 PA:0x00101c2e store:0x00000041
          36522	     18257	001000f0	02060063	beq	x12,x0,100110	 x12:0x00000069  x0:0x00000000
          36526	     18259	001000f4	00c7a023	sw	x12,0(x15)	 x15:0x00020000 x12:0x00000069 PA:0x00020000 store:0x00000069 load:0x00000000
          36530	     18261	001000f8	00754683	lbu	x13,7(x10)	 x10:0x00101c28 x13=0x0000006e PA:0x00101c2f store:0x00000058
          36532	     18262	001000fc	00850513	addi	x10,x10,8	 x10:0x00101c28 x10=0x00101c30
          36534	     18263	00100100	00068863	beq	x13,x0,100110	 x13:0x0000006e  x0:0x00000000
          36538	     18265	00100104	00d7a023	sw	x13,0(x15)	 x15:0x00020000 x13:0x0000006e PA:0x00020000 store:0x0000006e load:0x00000000
          36542	     18267	00100108	00054803	lbu	x16,0(x10)	 x10:0x00101c30 x16=0x00000073 PA:0x00101c30 store:0x00000000
          36546	     18269	0010010c	fa0810e3	bne	x16,x0,1000ac	 x16:0x00000073  x0:0x00000000
          36552	     18272	001000ac	0107a023	sw	x16,0(x15)	 x15:0x00020000 x16:0x00000073 PA:0x00020000 store:0x00000073 load:0x00000000
          36556	     18274	001000b0	00154703	lbu	x14,1(x10)	 x10:0x00101c30 x14=0x00000074 PA:0x00101c31 store:0x00101784
          36558	     18275	001000b4	04070e63	beq	x14,x0,100110	 x14:0x00000074  x0:0x00000000
          36562	     18277	001000b8	00e7a023	sw	x14,0(x15)	 x15:0x00020000 x14:0x00000074 PA:0x00020000 store:0x00000074 load:0x00000000
          36566	     18279	001000bc	00254283	lbu	x5,2(x10)	 x10:0x00101c30  x5=0x00000072 PA:0x00101c32 store:0x00137fa0
          36568	     18280	001000c0	04028863	beq	x5,x0,100110	  x5:0x00000072  x0:0x00000000
          36572	     18282	001000c4	0057a023	sw	x5,0(x15)	 x15:0x00020000  x5:0x00000072 PA:0x00020000 store:0x00000072 load:0x00000000
          36576	     18284	001000c8	00354303	lbu	x6,3(x10)	 x10:0x00101c30  x6=0x00000075 PA:0x00101c33 store:0x00000000
          36578	     18285	001000cc	04030263	beq	x6,x0,100110	  x6:0x00000075  x0:0x00000000
          36582	     18287	001000d0	0067a023	sw	x6,0(x15)	 x15:0x00020000  x6:0x00000075 PA:0x00020000 store:0x00000075 load:0x00000000
          36586	     18289	001000d4	00454383	lbu	x7,4(x10)	 x10:0x00101c30  x7=0x00000063 PA:0x00101c34 store:0x00000000
          36588	     18290	001000d8	02038c63	beq	x7,x0,100110	  x7:0x00000063  x0:0x00000000
          36592	     18292	001000dc	0077a023	sw	x7,0(x15)	 x15:0x00020000  x7:0x00000063 PA:0x00020000 store:0x00000063 load:0x00000000
          36596	     18294	001000e0	00554583	lbu	x11,5(x10)	 x10:0x00101c30 x11=0x00000074 PA:0x00101c35 store:0x00000072
          36598	     18295	001000e4	02058663	beq	x11,x0,100110	 x11:0x00000074  x0:0x00000000
          36602	     18297	001000e8	00b7a023	sw	x11,0(x15)	 x15:0x00020000 x11:0x00000074 PA:0x00020000 store:0x00000074 load:0x00000000
          36606	     18299	001000ec	00654603	lbu	x12,6(x10)	 x10:0x00101c30 x12=0x00000069 PA:0x00101c36 store:0x00000075
          36608	     18300	001000f0	02060063	beq	x12,x0,100110	 x12:0x00000069  x0:0x00000000
          36612	     18302	001000f4	00c7a023	sw	x12,0(x15)	 x15:0x00020000 x12:0x00000069 PA:0x00020000 store:0x00000069 load:0x00000000
          36616	     18304	001000f8	00754683	lbu	x13,7(x10)	 x10:0x00101c30 x13=0x0000006f PA:0x00101c37 store:0x00000063
          36618	     18305	001000fc	00850513	addi	x10,x10,8	 x10:0x00101c30 x10=0x00101c38
          36620	     18306	00100100	00068863	beq	x13,x0,100110	 x13:0x0000006f  x0:0x00000000
          36624	     18308	00100104	00d7a023	sw	x13,0(x15)	 x15:0x00020000 x13:0x0000006f PA:0x00020000 store:0x0000006f load:0x00000000
          36628	     18310	00100108	00054803	lbu	x16,0(x10)	 x10:0x00101c38 x16=0x0000006e PA:0x00101c38 store:0x00000000
          36632	     18312	0010010c	fa0810e3	bne	x16,x0,1000ac	 x16:0x0000006e  x0:0x00000000
          36638	     18315	001000ac	0107a023	sw	x16,0(x15)	 x15:0x00020000 x16:0x0000006e PA:0x00020000 store:0x0000006e load:0x00000000
          36642	     18317	001000b0	00154703	lbu	x14,1(x10)	 x10:0x00101c38 x14=0x00000073 PA:0x00101c39 store:0x00101784
          36644	     18318	001000b4	04070e63	beq	x14,x0,100110	 x14:0x00000073  x0:0x00000000
          36648	     18320	001000b8	00e7a023	sw	x14,0(x15)	 x15:0x00020000 x14:0x00000073 PA:0x00020000 store:0x00000073 load:0x00000000
          36652	     18322	001000bc	00254283	lbu	x5,2(x10)	 x10:0x00101c38  x5=0x0000003a PA:0x00101c3a store:0x00137fa0
          36654	     18323	001000c0	04028863	beq	x5,x0,100110	  x5:0x0000003a  x0:0x00000000
          36658	     18325	001000c4	0057a023	sw	x5,0(x15)	 x15:0x00020000  x5:0x0000003a PA:0x00020000 store:0x0000003a load:0x00000000
          36662	     18327	001000c8	00354303	lbu	x6,3(x10)	 x10:0x00101c38  x6=0x00000020 PA:0x00101c3b store:0x00000000
          36664	     18328	001000cc	04030263	beq	x6,x0,100110	  x6:0x00000020  x0:0x00000000
          36668	     18330	001000d0	0067a023	sw	x6,0(x15)	 x15:0x00020000  x6:0x00000020 PA:0x00020000 store:0x00000020 load:0x00000000
          36672	     18332	001000d4	00454383	lbu	x7,4(x10)	 x10:0x00101c38  x7=0x00000000 PA:0x00101c3c store:0x00000000
          36676	     18334	001000d8	02038c63	beq	x7,x0,100110	  x7:0x00000000  x0:0x00000000
          36680	     18336	00100110	00000513	addi	x10,x0,0	  x0:0x00000000 x10=0x00000000
          36694	     18343	00100114	00008067	jalr	x0,0(x1)	  x1:0x00101784  x0=0x00000000
          36696	     18344	00101784	d32ba227	fsw	f18,-732(x23)	 f23:0x00102000 f18:0x80000000 PA:0x00101d24 store:0x00000000 load:0x00000000
          36698	     18345	00101788	d29ca027	fsw	f9,-736(x25)	 f25:0x00102000  f9:0x7fc00000 PA:0x00101d20 store:0x80000000 load:0x00000000
          36700	     18346	0010178c	d24ba887	flw	f17,-732(x23)	 f23:0x00102000 f17=0x00000000 PA:0x00101d24 store:0x80000000
          36702	     18347	00101790	d20ca487	flw	f9,-736(x25)	 f25:0x00102000  f9=0x00000000 PA:0x00000000
          36708	     18350	00101794	28989953	fmax.s	f18,f17,f9	 f17:0x00000039  f9:0x7fc00000 f18=0x00000000
          36716	     18354	00101798	d12aa027	fsw	f18,-768(x21)	 f21:0x00102000 f18:0x80000000 PA:0x00101d00 store:0x00000000 load:0x80000000
          36724	     18358	0010179c	d00aae07	flw	f28,-768(x21)	 f21:0x00102000 f28=0x00000000 PA:0x00101d00 store:0x7fa00000
          36732	     18362	001017a0	00102f37	lui	x30,0x102	 x30=0x00102000
          36734	     18363	001017a4	c40f0513	addi	x10,x30,-960	 x30:0x00102000 x10=0x00101c40
          36736	     18364	001017a8	e00e0fd3	fmv.x.w	x31,f28	 f28:0x00020000 x31=0x00000000
          36738	     18365	001017ac	cffa2c23	sw	x31,-776(x20)	 x20:0x00102000 x31:0x00000000 PA:0x00101cf8 store:0x00000000 load:0x00000000
          36740	     18366	001017b0	8f1fe0ef	jal	x1,1000a0	  x1=0x001017b4
          36742	     18367	001000a0	00054803	lbu	x16,0(x10)	 x10:0x00101c40 x16=0x0000000a PA:0x00101c40 store:0x00000000
          36744	     18368	001000a4	06080663	beq	x16,x0,100110	 x16:0x0000000a  x0:0x00000000
          36746	     18369	001000a8	000207b7	lui	x15,0x20	 x15=0x00020000
          36750	     18371	001000ac	0107a023	sw	x16,0(x15)	 x15:0x00020000 x16:0x0000000a PA:0x00020000 store:0x0000000a load:0x00000000
          36754	     18373	001000b0	00154703	lbu	x14,1(x10)	 x10:0x00101c40 x14=0x00000020 PA:0x00101c41 store:0x001017b4
          36756	     18374	001000b4	04070e63	beq	x14,x0,100110	 x14:0x00000020  x0:0x00000000
          36760	     18376	001000b8	00e7a023	sw	x14,0(x15)	 x15:0x00020000 x14:0x00000020 PA:0x00020000 store:0x00000020 load:0x00000000
          36764	     18378	001000bc	00254283	lbu	x5,2(x10)	 x10:0x00101c40  x5=0x0000004d PA:0x00101c42 store:0x00137fa0
          36766	     18379	001000c0	04028863	beq	x5,x0,100110	  x5:0x0000004d  x0:0x00000000
          36770	     18381	001000c4	0057a023	sw	x5,0(x15)	 x15:0x00020000  x5:0x0000004d PA:0x00020000 store:0x0000004d load:0x00000000
          36774	     18383	001000c8	00354303	lbu	x6,3(x10)	 x10:0x00101c40  x6=0x00000041 PA:0x00101c43 store:0x00000000
          36776	     18384	001000cc	04030263	beq	x6,x0,100110	  x6:0x00000041  x0:0x00000000
          36780	     18386	001000d0	0067a023	sw	x6,0(x15)	 x15:0x00020000  x6:0x00000041 PA:0x00020000 store:0x00000041 load:0x00000000
          36784	     18388	001000d4	00454383	lbu	x7,4(x10)	 x10:0x00101c40  x7=0x00000058 PA:0x00101c44 store:0x00000000
          36786	     18389	001000d8	02038c63	beq	x7,x0,100110	  x7:0x00000058  x0:0x00000000
          36790	     18391	001000dc	0077a023	sw	x7,0(x15)	 x15:0x00020000  x7:0x00000058 PA:0x00020000 store:0x00000058 load:0x00000000
          36794	     18393	001000e0	00554583	lbu	x11,5(x10)	 x10:0x00101c40 x11=0x00000028 PA:0x00101c45 store:0x0000004d
          36796	     18394	001000e4	02058663	beq	x11,x0,100110	 x11:0x00000028  x0:0x00000000
          36800	     18396	001000e8	00b7a023	sw	x11,0(x15)	 x15:0x00020000 x11:0x00000028 PA:0x00020000 store:0x00000028 load:0x00000000
          36804	     18398	001000ec	00654603	lbu	x12,6(x10)	 x10:0x00101c40 x12=0x00000030 PA:0x00101c46 store:0x00000041
          36806	     18399	001000f0	02060063	beq	x12,x0,100110	 x12:0x00000030  x0:0x00000000
          36810	     18401	001000f4	00c7a023	sw	x12,0(x15)	 x15:0x00020000 x12:0x00000030 PA:0x00020000 store:0x00000030 load:0x00000000
          36814	     18403	001000f8	00754683	lbu	x13,7(x10)	 x10:0x00101c40 x13=0x0000002e PA:0x00101c47 store:0x00000058
          36816	     18404	001000fc	00850513	addi	x10,x10,8	 x10:0x00101c40 x10=0x00101c48
          36818	     18405	00100100	00068863	beq	x13,x0,100110	 x13:0x0000002e  x0:0x00000000
          36822	     18407	00100104	00d7a023	sw	x13,0(x15)	 x15:0x00020000 x13:0x0000002e PA:0x00020000 store:0x0000002e load:0x00000000
          36826	     18409	00100108	00054803	lbu	x16,0(x10)	 x10:0x00101c48 x16=0x00000030 PA:0x00101c48 store:0x00000000
          36830	     18411	0010010c	fa0810e3	bne	x16,x0,1000ac	 x16:0x00000030  x0:0x00000000
          36836	     18414	001000ac	0107a023	sw	x16,0(x15)	 x15:0x00020000 x16:0x00000030 PA:0x00020000 store:0x00000030 load:0x00000000
          36840	     18416	001000b0	00154703	lbu	x14,1(x10)	 x10:0x00101c48 x14=0x0000002c PA:0x00101c49 store:0x001017b4
          36842	     18417	001000b4	04070e63	beq	x14,x0,100110	 x14:0x0000002c  x0:0x00000000
          36846	     18419	001000b8	00e7a023	sw	x14,0(x15)	 x15:0x00020000 x14:0x0000002c PA:0x00020000 store:0x0000002c load:0x00000000
          36850	     18421	001000bc	00254283	lbu	x5,2(x10)	 x10:0x00101c48  x5=0x00000020 PA:0x00101c4a store:0x00137fa0
          36852	     18422	001000c0	04028863	beq	x5,x0,100110	  x5:0x00000020  x0:0x00000000
          36856	     18424	001000c4	0057a023	sw	x5,0(x15)	 x15:0x00020000  x5:0x00000020 PA:0x00020000 store:0x00000020 load:0x00000000
          36860	     18426	001000c8	00354303	lbu	x6,3(x10)	 x10:0x00101c48  x6=0x0000002d PA:0x00101c4b store:0x00000000
          36862	     18427	001000cc	04030263	beq	x6,x0,100110	  x6:0x0000002d  x0:0x00000000
          36866	     18429	001000d0	0067a023	sw	x6,0(x15)	 x15:0x00020000  x6:0x0000002d PA:0x00020000 store:0x0000002d load:0x00000000
          36870	     18431	001000d4	00454383	lbu	x7,4(x10)	 x10:0x00101c48  x7=0x00000030 PA:0x00101c4c store:0x00000000
          36872	     18432	001000d8	02038c63	beq	x7,x0,100110	  x7:0x00000030  x0:0x00000000
          36876	     18434	001000dc	0077a023	sw	x7,0(x15)	 x15:0x00020000  x7:0x00000030 PA:0x00020000 store:0x00000030 load:0x00000000
          36880	     18436	001000e0	00554583	lbu	x11,5(x10)	 x10:0x00101c48 x11=0x0000002e PA:0x00101c4d store:0x00000020
          36882	     18437	001000e4	02058663	beq	x11,x0,100110	 x11:0x0000002e  x0:0x00000000
          36886	     18439	001000e8	00b7a023	sw	x11,0(x15)	 x15:0x00020000 x11:0x0000002e PA:0x00020000 store:0x0000002e load:0x00000000
          36890	     18441	001000ec	00654603	lbu	x12,6(x10)	 x10:0x00101c48 x12=0x00000030 PA:0x00101c4e store:0x0000002d
          36892	     18442	001000f0	02060063	beq	x12,x0,100110	 x12:0x00000030  x0:0x00000000
          36896	     18444	001000f4	00c7a023	sw	x12,0(x15)	 x15:0x00020000 x12:0x00000030 PA:0x00020000 store:0x00000030 load:0x00000000
          36900	     18446	001000f8	00754683	lbu	x13,7(x10)	 x10:0x00101c48 x13=0x00000029 PA:0x00101c4f store:0x00000030
          36902	     18447	001000fc	00850513	addi	x10,x10,8	 x10:0x00101c48 x10=0x00101c50
          36904	     18448	00100100	00068863	beq	x13,x0,100110	 x13:0x00000029  x0:0x00000000
          36908	     18450	00100104	00d7a023	sw	x13,0(x15)	 x15:0x00020000 x13:0x00000029 PA:0x00020000 store:0x00000029 load:0x00000000
          36912	     18452	00100108	00054803	lbu	x16,0(x10)	 x10:0x00101c50 x16=0x0000002c PA:0x00101c50 store:0x00000000
          36916	     18454	0010010c	fa0810e3	bne	x16,x0,1000ac	 x16:0x0000002c  x0:0x00000000
          36922	     18457	001000ac	0107a023	sw	x16,0(x15)	 x15:0x00020000 x16:0x0000002c PA:0x00020000 store:0x0000002c load:0x00000000
          36926	     18459	001000b0	00154703	lbu	x14,1(x10)	 x10:0x00101c50 x14=0x00000020 PA:0x00101c51 store:0x001017b4
          36928	     18460	001000b4	04070e63	beq	x14,x0,100110	 x14:0x00000020  x0:0x00000000
          36932	     18462	001000b8	00e7a023	sw	x14,0(x15)	 x15:0x00020000 x14:0x00000020 PA:0x00020000 store:0x00000020 load:0x00000000
          36936	     18464	001000bc	00254283	lbu	x5,2(x10)	 x10:0x00101c50  x5=0x00000065 PA:0x00101c52 store:0x00137fa0
          36938	     18465	001000c0	04028863	beq	x5,x0,100110	  x5:0x00000065  x0:0x00000000
          36942	     18467	001000c4	0057a023	sw	x5,0(x15)	 x15:0x00020000  x5:0x00000065 PA:0x00020000 store:0x00000065 load:0x00000000
          36946	     18469	001000c8	00354303	lbu	x6,3(x10)	 x10:0x00101c50  x6=0x00000078 PA:0x00101c53 store:0x00000000
          36948	     18470	001000cc	04030263	beq	x6,x0,100110	  x6:0x00000078  x0:0x00000000
          36952	     18472	001000d0	0067a023	sw	x6,0(x15)	 x15:0x00020000  x6:0x00000078 PA:0x00020000 store:0x00000078 load:0x00000000
          36956	     18474	001000d4	00454383	lbu	x7,4(x10)	 x10:0x00101c50  x7=0x00000070 PA:0x00101c54 store:0x00000000
          36958	     18475	001000d8	02038c63	beq	x7,x0,100110	  x7:0x00000070  x0:0x00000000
          36962	     18477	001000dc	0077a023	sw	x7,0(x15)	 x15:0x00020000  x7:0x00000070 PA:0x00020000 store:0x00000070 load:0x00000000
          36966	     18479	001000e0	00554583	lbu	x11,5(x10)	 x10:0x00101c50 x11=0x00000065 PA:0x00101c55 store:0x00000065
          36968	     18480	001000e4	02058663	beq	x11,x0,100110	 x11:0x00000065  x0:0x00000000
          36972	     18482	001000e8	00b7a023	sw	x11,0(x15)	 x15:0x00020000 x11:0x00000065 PA:0x00020000 store:0x00000065 load:0x00000000
          36976	     18484	001000ec	00654603	lbu	x12,6(x10)	 x10:0x00101c50 x12=0x00000063 PA:0x00101c56 store:0x00000078
          36978	     18485	001000f0	02060063	beq	x12,x0,100110	 x12:0x00000063  x0:0x00000000
          36982	     18487	001000f4	00c7a023	sw	x12,0(x15)	 x15:0x00020000 x12:0x00000063 PA:0x00020000 store:0x00000063 load:0x00000000
          36986	     18489	001000f8	00754683	lbu	x13,7(x10)	 x10:0x00101c50 x13=0x00000074 PA:0x00101c57 store:0x00000070
          36988	     18490	001000fc	00850513	addi	x10,x10,8	 x10:0x00101c50 x10=0x00101c58
          36990	     18491	00100100	00068863	beq	x13,x0,100110	 x13:0x00000074  x0:0x00000000
          36994	     18493	00100104	00d7a023	sw	x13,0(x15)	 x15:0x00020000 x13:0x00000074 PA:0x00020000 store:0x00000074 load:0x00000000
          36998	     18495	00100108	00054803	lbu	x16,0(x10)	 x10:0x00101c58 x16=0x00000069 PA:0x00101c58 store:0x00000000
          37002	     18497	0010010c	fa0810e3	bne	x16,x0,1000ac	 x16:0x00000069  x0:0x00000000
          37008	     18500	001000ac	0107a023	sw	x16,0(x15)	 x15:0x00020000 x16:0x00000069 PA:0x00020000 store:0x00000069 load:0x00000000
          37012	     18502	001000b0	00154703	lbu	x14,1(x10)	 x10:0x00101c58 x14=0x0000006e PA:0x00101c59 store:0x001017b4
          37014	     18503	001000b4	04070e63	beq	x14,x0,100110	 x14:0x0000006e  x0:0x00000000
          37018	     18505	001000b8	00e7a023	sw	x14,0(x15)	 x15:0x00020000 x14:0x0000006e PA:0x00020000 store:0x0000006e load:0x00000000
          37022	     18507	001000bc	00254283	lbu	x5,2(x10)	 x10:0x00101c58  x5=0x00000067 PA:0x00101c5a store:0x00137fa0
          37024	     18508	001000c0	04028863	beq	x5,x0,100110	  x5:0x00000067  x0:0x00000000
          37028	     18510	001000c4	0057a023	sw	x5,0(x15)	 x15:0x00020000  x5:0x00000067 PA:0x00020000 store:0x00000067 load:0x00000000
          37032	     18512	001000c8	00354303	lbu	x6,3(x10)	 x10:0x00101c58  x6=0x0000003a PA:0x00101c5b store:0x00000000
          37034	     18513	001000cc	04030263	beq	x6,x0,100110	  x6:0x0000003a  x0:0x00000000
          37038	     18515	001000d0	0067a023	sw	x6,0(x15)	 x15:0x00020000  x6:0x0000003a PA:0x00020000 store:0x0000003a load:0x00000000
          37042	     18517	001000d4	00454383	lbu	x7,4(x10)	 x10:0x00101c58  x7=0x00000020 PA:0x00101c5c store:0x00000000
          37044	     18518	001000d8	02038c63	beq	x7,x0,100110	  x7:0x00000020  x0:0x00000000
          37048	     18520	001000dc	0077a023	sw	x7,0(x15)	 x15:0x00020000  x7:0x00000020 PA:0x00020000 store:0x00000020 load:0x00000000
          37052	     18522	001000e0	00554583	lbu	x11,5(x10)	 x10:0x00101c58 x11=0x00000030 PA:0x00101c5d store:0x00000067
          37054	     18523	001000e4	02058663	beq	x11,x0,100110	 x11:0x00000030  x0:0x00000000
          37058	     18525	001000e8	00b7a023	sw	x11,0(x15)	 x15:0x00020000 x11:0x00000030 PA:0x00020000 store:0x00000030 load:0x00000000
          37062	     18527	001000ec	00654603	lbu	x12,6(x10)	 x10:0x00101c58 x12=0x00000078 PA:0x00101c5e store:0x0000003a
          37064	     18528	001000f0	02060063	beq	x12,x0,100110	 x12:0x00000078  x0:0x00000000
          37068	     18530	001000f4	00c7a023	sw	x12,0(x15)	 x15:0x00020000 x12:0x00000078 PA:0x00020000 store:0x00000078 load:0x00000000
          37072	     18532	001000f8	00754683	lbu	x13,7(x10)	 x10:0x00101c58 x13=0x00000030 PA:0x00101c5f store:0x00000020
          37074	     18533	001000fc	00850513	addi	x10,x10,8	 x10:0x00101c58 x10=0x00101c60
          37076	     18534	00100100	00068863	beq	x13,x0,100110	 x13:0x00000030  x0:0x00000000
          37080	     18536	00100104	00d7a023	sw	x13,0(x15)	 x15:0x00020000 x13:0x00000030 PA:0x00020000 store:0x00000030 load:0x00000000
          37084	     18538	00100108	00054803	lbu	x16,0(x10)	 x10:0x00101c60 x16=0x0000003a PA:0x00101c60 store:0x00000000
          37088	     18540	0010010c	fa0810e3	bne	x16,x0,1000ac	 x16:0x0000003a  x0:0x00000000
          37094	     18543	001000ac	0107a023	sw	x16,0(x15)	 x15:0x00020000 x16:0x0000003a PA:0x00020000 store:0x0000003a load:0x00000000
          37098	     18545	001000b0	00154703	lbu	x14,1(x10)	 x10:0x00101c60 x14=0x00000020 PA:0x00101c61 store:0x001017b4
          37100	     18546	001000b4	04070e63	beq	x14,x0,100110	 x14:0x00000020  x0:0x00000000
          37104	     18548	001000b8	00e7a023	sw	x14,0(x15)	 x15:0x00020000 x14:0x00000020 PA:0x00020000 store:0x00000020 load:0x00000000
          37108	     18550	001000bc	00254283	lbu	x5,2(x10)	 x10:0x00101c60  x5=0x00000000 PA:0x00101c62 store:0x00137fa0
          37112	     18552	001000c0	04028863	beq	x5,x0,100110	  x5:0x00000000  x0:0x00000000
          37116	     18554	00100110	00000513	addi	x10,x0,0	  x0:0x00000000 x10=0x00000000
          37120	     18556	00100114	00008067	jalr	x0,0(x1)	  x1:0x001017b4  x0=0x00000000
          37124	     18558	001017b4	cf8a2503	lw	x10,-776(x20)	 x20:0x00102000 x10=0x00000000 PA:0x00101cf8 store:0x00102000
          37128	     18560	001017b8	969fe0ef	jal	x1,100120	  x1=0x001017bc
          37130	     18561	00100120	01c55793	srli	x15,x10,0x1c	 x10:0x00000000 x15=0x00000000
          37132	     18562	00100124	00900713	addi	x14,x0,9	  x0:0x00000000 x14=0x00000009
          37136	     18564	00100128	0cf77a63	bgeu	x14,x15,1001fc	 x14:0x00000009 x15:0x00000000
          37140	     18566	001001fc	03078393	addi	x7,x15,48	 x15:0x00000000  x7=0x00000030
          37142	     18567	00100200	000205b7	lui	x11,0x20	 x11=0x00020000
          37144	     18568	00100204	00451613	slli	x12,x10,0x4	 x10:0x00000000 x12=0x00000000
          37148	     18570	00100208	0075a023	sw	x7,0(x11)	 x11:0x00020000  x7:0x00000030 PA:0x00020000 store:0x00000030 load:0x00000000
          37150	     18571	0010020c	01c65693	srli	x13,x12,0x1c	 x12:0x00000000 x13=0x00000000
          37152	     18572	00100210	00900813	addi	x16,x0,9	  x0:0x00000000 x16=0x00000009
          37154	     18573	00100214	f2d86ae3	bltu	x16,x13,100148	 x16:0x00000009 x13:0x00000000
          37156	     18574	00100218	03068e93	addi	x29,x13,48	 x13:0x00000000 x29=0x00000030
          37158	     18575	0010021c	00020f37	lui	x30,0x20	 x30=0x00020000
          37160	     18576	00100220	00851f93	slli	x31,x10,0x8	 x10:0x00000000 x31=0x00000000
          37164	     18578	00100224	01df2023	sw	x29,0(x30)	 x30:0x00020000 x29:0x00000030 PA:0x00020000 store:0x00000030 load:0x00000000
          37166	     18579	00100228	01cfd793	srli	x15,x31,0x1c	 x31:0x00000000 x15=0x00000000
          37168	     18580	0010022c	00900713	addi	x14,x0,9	  x0:0x00000000 x14=0x00000009
          37170	     18581	00100230	f2f76ae3	bltu	x14,x15,100164	 x14:0x00000009 x15:0x00000000
          37172	     18582	00100234	03078393	addi	x7,x15,48	 x15:0x00000000  x7=0x00000030
          37174	     18583	00100238	000205b7	lui	x11,0x20	 x11=0x00020000
          37176	     18584	0010023c	00c51613	slli	x12,x10,0xc	 x10:0x00000000 x12=0x00000000
          37180	     18586	00100240	0075a023	sw	x7,0(x11)	 x11:0x00020000  x7:0x00000030 PA:0x00020000 store:0x00000030 load:0x00000000
          37182	     18587	00100244	01c65693	srli	x13,x12,0x1c	 x12:0x00000000 x13=0x00000000
          37184	     18588	00100248	00900813	addi	x16,x0,9	  x0:0x00000000 x16=0x00000009
          37186	     18589	0010024c	f2d86ae3	bltu	x16,x13,100180	 x16:0x00000009 x13:0x00000000
          37188	     18590	00100250	03068e93	addi	x29,x13,48	 x13:0x00000000 x29=0x00000030
          37190	     18591	00100254	00020f37	lui	x30,0x20	 x30=0x00020000
          37192	     18592	00100258	01051f93	slli	x31,x10,0x10	 x10:0x00000000 x31=0x00000000
          37196	     18594	0010025c	01df2023	sw	x29,0(x30)	 x30:0x00020000 x29:0x00000030 PA:0x00020000 store:0x00000030 load:0x00000000
          37198	     18595	00100260	01cfd793	srli	x15,x31,0x1c	 x31:0x00000000 x15=0x00000000
          37200	     18596	00100264	00900713	addi	x14,x0,9	  x0:0x00000000 x14=0x00000009
          37202	     18597	00100268	f2f76ae3	bltu	x14,x15,10019c	 x14:0x00000009 x15:0x00000000
          37204	     18598	0010026c	03078393	addi	x7,x15,48	 x15:0x00000000  x7=0x00000030
          37206	     18599	00100270	000205b7	lui	x11,0x20	 x11=0x00020000
          37208	     18600	00100274	01451613	slli	x12,x10,0x14	 x10:0x00000000 x12=0x00000000
          37212	     18602	00100278	0075a023	sw	x7,0(x11)	 x11:0x00020000  x7:0x00000030 PA:0x00020000 store:0x00000030 load:0x00000000
          37214	     18603	0010027c	01c65693	srli	x13,x12,0x1c	 x12:0x00000000 x13=0x00000000
          37216	     18604	00100280	00900813	addi	x16,x0,9	  x0:0x00000000 x16=0x00000009
          37218	     18605	00100284	f2d86ae3	bltu	x16,x13,1001b8	 x16:0x00000009 x13:0x00000000
          37220	     18606	00100288	03068e93	addi	x29,x13,48	 x13:0x00000000 x29=0x00000030
          37222	     18607	0010028c	00020f37	lui	x30,0x20	 x30=0x00020000
          37224	     18608	00100290	01851f93	slli	x31,x10,0x18	 x10:0x00000000 x31=0x00000000
          37228	     18610	00100294	01df2023	sw	x29,0(x30)	 x30:0x00020000 x29:0x00000030 PA:0x00020000 store:0x00000030 load:0x00000000
          37230	     18611	00100298	01cfd793	srli	x15,x31,0x1c	 x31:0x00000000 x15=0x00000000
          37232	     18612	0010029c	00900713	addi	x14,x0,9	  x0:0x00000000 x14=0x00000009
          37234	     18613	001002a0	f2f76ae3	bltu	x14,x15,1001d4	 x14:0x00000009 x15:0x00000000
          37236	     18614	001002a4	03078393	addi	x7,x15,48	 x15:0x00000000  x7=0x00000030
          37238	     18615	001002a8	000205b7	lui	x11,0x20	 x11=0x00020000
          37242	     18617	001002ac	0075a023	sw	x7,0(x11)	 x11:0x00020000  x7:0x00000030 PA:0x00020000 store:0x00000030 load:0x00000000
          37244	     18618	001002b0	00f57513	andi	x10,x10,15	 x10:0x00000000 x10=0x00000000
          37246	     18619	001002b4	00900613	addi	x12,x0,9	  x0:0x00000000 x12=0x00000009
          37250	     18621	001002b8	f2a67ae3	bgeu	x12,x10,1001ec	 x12:0x00000009 x10:0x00000000
          37254	     18623	001001ec	03050893	addi	x17,x10,48	 x10:0x00000000 x17=0x00000030
          37256	     18624	001001f0	00020e37	lui	x28,0x20	 x28=0x00020000
          37260	     18626	001001f4	011e2023	sw	x17,0(x28)	 x28:0x00020000 x17:0x00000030 PA:0x00020000 store:0x00000030 load:0x00000000
          37274	     18633	001001f8	00008067	jalr	x0,0(x1)	  x1:0x001017bc  x0=0x00000000
          37276	     18634	001017bc	d28ba227	fsw	f8,-732(x23)	 f23:0x00102000  f8:0x00102000 PA:0x00101d24 store:0x00000047 load:0x00000000
          37278	     18635	001017c0	d35ca027	fsw	f21,-736(x25)	 f25:0x00102000 f21:0x00102000 PA:0x00101d20 store:0x00000007 load:0x00000007
          37280	     18636	001017c4	d24ba407	flw	f8,-732(x23)	 f23:0x00102000  f8=0x00000000 PA:0x00101d24 store:0x80000000
          37282	     18637	001017c8	d20cae87	flw	f29,-736(x25)	 f25:0x00102000 f29=0x00000000 PA:0x00000000
          37288	     18640	001017cc	29d41f53	fmax.s	f30,f8,f29	  f8:0x00102000 f29:0x00000030 f30=0x00000000
          37296	     18644	001017d0	d1eaa027	fsw	f30,-768(x21)	 f21:0x00102000 f30:0x00020000 PA:0x00101d00 store:0x00000047 load:0x00000007
          37304	     18648	001017d4	d00aaf87	flw	f31,-768(x21)	 f21:0x00102000 f31=0x00000000 PA:0x00101d00 store:0x7fa00000
          37310	     18651	001017d8	c6498513	addi	x10,x19,-924	 x19:0x00102000 x10=0x00101c64
          37312	     18652	001017dc	e00f86d3	fmv.x.w	x13,f31	 f31:0x00000000 x13=0x00000047
          37314	     18653	001017e0	ceda2c23	sw	x13,-776(x20)	 x20:0x00102000 x13:0x00000047 PA:0x00101cf8 store:0x00000047 load:0x00000047
          37316	     18654	001017e4	8bdfe0ef	jal	x1,1000a0	  x1=0x001017e8
          37320	     18656	001000a0	00054803	lbu	x16,0(x10)	 x10:0x00101c64 x16=0x0000000a PA:0x00101c64 store:0x00000000
          37322	     18657	001000a4	06080663	beq	x16,x0,100110	 x16:0x0000000a  x0:0x00000000
          37324	     18658	001000a8	000207b7	lui	x15,0x20	 x15=0x00020000
          37328	     18660	001000ac	0107a023	sw	x16,0(x15)	 x15:0x00020000 x16:0x0000000a PA:0x00020000 store:0x0000000a load:0x00000000
          37332	     18662	001000b0	00154703	lbu	x14,1(x10)	 x10:0x00101c64 x14=0x00000020 PA:0x00101c65 store:0x001017e8
          37334	     18663	001000b4	04070e63	beq	x14,x0,100110	 x14:0x00000020  x0:0x00000000
          37338	     18665	001000b8	00e7a023	sw	x14,0(x15)	 x15:0x00020000 x14:0x00000020 PA:0x00020000 store:0x00000020 load:0x00000000
          37342	     18667	001000bc	00254283	lbu	x5,2(x10)	 x10:0x00101c64  x5=0x0000004d PA:0x00101c66 store:0x00137fa0
          37344	     18668	001000c0	04028863	beq	x5,x0,100110	  x5:0x0000004d  x0:0x00000000
          37348	     18670	001000c4	0057a023	sw	x5,0(x15)	 x15:0x00020000  x5:0x0000004d PA:0x00020000 store:0x0000004d load:0x00000000
          37352	     18672	001000c8	00354303	lbu	x6,3(x10)	 x10:0x00101c64  x6=0x00000041 PA:0x00101c67 store:0x00000000
          37354	     18673	001000cc	04030263	beq	x6,x0,100110	  x6:0x00000041  x0:0x00000000
          37358	     18675	001000d0	0067a023	sw	x6,0(x15)	 x15:0x00020000  x6:0x00000041 PA:0x00020000 store:0x00000041 load:0x00000000
          37362	     18677	001000d4	00454383	lbu	x7,4(x10)	 x10:0x00101c64  x7=0x00000058 PA:0x00101c68 store:0x00000000
          37364	     18678	001000d8	02038c63	beq	x7,x0,100110	  x7:0x00000058  x0:0x00000000
          37368	     18680	001000dc	0077a023	sw	x7,0(x15)	 x15:0x00020000  x7:0x00000058 PA:0x00020000 store:0x00000058 load:0x00000000
          37372	     18682	001000e0	00554583	lbu	x11,5(x10)	 x10:0x00101c64 x11=0x00000028 PA:0x00101c69 store:0x0000004d
          37374	     18683	001000e4	02058663	beq	x11,x0,100110	 x11:0x00000028  x0:0x00000000
          37378	     18685	001000e8	00b7a023	sw	x11,0(x15)	 x15:0x00020000 x11:0x00000028 PA:0x00020000 store:0x00000028 load:0x00000000
          37382	     18687	001000ec	00654603	lbu	x12,6(x10)	 x10:0x00101c64 x12=0x00000031 PA:0x00101c6a store:0x00000041
          37384	     18688	001000f0	02060063	beq	x12,x0,100110	 x12:0x00000031  x0:0x00000000
          37388	     18690	001000f4	00c7a023	sw	x12,0(x15)	 x15:0x00020000 x12:0x00000031 PA:0x00020000 store:0x00000031 load:0x00000000
          37392	     18692	001000f8	00754683	lbu	x13,7(x10)	 x10:0x00101c64 x13=0x0000002e PA:0x00101c6b store:0x00000058
          37394	     18693	001000fc	00850513	addi	x10,x10,8	 x10:0x00101c64 x10=0x00101c6c
          37396	     18694	00100100	00068863	beq	x13,x0,100110	 x13:0x0000002e  x0:0x00000000
          37400	     18696	00100104	00d7a023	sw	x13,0(x15)	 x15:0x00020000 x13:0x0000002e PA:0x00020000 store:0x0000002e load:0x00000000
          37404	     18698	00100108	00054803	lbu	x16,0(x10)	 x10:0x00101c6c x16=0x00000030 PA:0x00101c6c store:0x00000000
          37408	     18700	0010010c	fa0810e3	bne	x16,x0,1000ac	 x16:0x00000030  x0:0x00000000
          37414	     18703	001000ac	0107a023	sw	x16,0(x15)	 x15:0x00020000 x16:0x00000030 PA:0x00020000 store:0x00000030 load:0x00000000
          37418	     18705	001000b0	00154703	lbu	x14,1(x10)	 x10:0x00101c6c x14=0x00000065 PA:0x00101c6d store:0x001017e8
          37420	     18706	001000b4	04070e63	beq	x14,x0,100110	 x14:0x00000065  x0:0x00000000
          37424	     18708	001000b8	00e7a023	sw	x14,0(x15)	 x15:0x00020000 x14:0x00000065 PA:0x00020000 store:0x00000065 load:0x00000000
          37428	     18710	001000bc	00254283	lbu	x5,2(x10)	 x10:0x00101c6c  x5=0x0000002d PA:0x00101c6e store:0x00137fa0
          37430	     18711	001000c0	04028863	beq	x5,x0,100110	  x5:0x0000002d  x0:0x00000000
          37434	     18713	001000c4	0057a023	sw	x5,0(x15)	 x15:0x00020000  x5:0x0000002d PA:0x00020000 store:0x0000002d load:0x00000000
          37438	     18715	001000c8	00354303	lbu	x6,3(x10)	 x10:0x00101c6c  x6=0x00000034 PA:0x00101c6f store:0x00000000
          37440	     18716	001000cc	04030263	beq	x6,x0,100110	  x6:0x00000034  x0:0x00000000
          37444	     18718	001000d0	0067a023	sw	x6,0(x15)	 x15:0x00020000  x6:0x00000034 PA:0x00020000 store:0x00000034 load:0x00000000
          37448	     18720	001000d4	00454383	lbu	x7,4(x10)	 x10:0x00101c6c  x7=0x00000033 PA:0x00101c70 store:0x00000000
          37450	     18721	001000d8	02038c63	beq	x7,x0,100110	  x7:0x00000033  x0:0x00000000
          37454	     18723	001000dc	0077a023	sw	x7,0(x15)	 x15:0x00020000  x7:0x00000033 PA:0x00020000 store:0x00000033 load:0x00000000
          37458	     18725	001000e0	00554583	lbu	x11,5(x10)	 x10:0x00101c6c x11=0x0000002c PA:0x00101c71 store:0x0000002d
          37460	     18726	001000e4	02058663	beq	x11,x0,100110	 x11:0x0000002c  x0:0x00000000
          37464	     18728	001000e8	00b7a023	sw	x11,0(x15)	 x15:0x00020000 x11:0x0000002c PA:0x00020000 store:0x0000002c load:0x00000000
          37468	     18730	001000ec	00654603	lbu	x12,6(x10)	 x10:0x00101c6c x12=0x00000020 PA:0x00101c72 store:0x00000034
          37470	     18731	001000f0	02060063	beq	x12,x0,100110	 x12:0x00000020  x0:0x00000000
          37474	     18733	001000f4	00c7a023	sw	x12,0(x15)	 x15:0x00020000 x12:0x00000020 PA:0x00020000 store:0x00000020 load:0x00000000
          37478	     18735	001000f8	00754683	lbu	x13,7(x10)	 x10:0x00101c6c x13=0x00000031 PA:0x00101c73 store:0x00000033
          37480	     18736	001000fc	00850513	addi	x10,x10,8	 x10:0x00101c6c x10=0x00101c74
          37482	     18737	00100100	00068863	beq	x13,x0,100110	 x13:0x00000031  x0:0x00000000
          37486	     18739	00100104	00d7a023	sw	x13,0(x15)	 x15:0x00020000 x13:0x00000031 PA:0x00020000 store:0x00000031 load:0x00000000
          37490	     18741	00100108	00054803	lbu	x16,0(x10)	 x10:0x00101c74 x16=0x0000002e PA:0x00101c74 store:0x00000000
          37494	     18743	0010010c	fa0810e3	bne	x16,x0,1000ac	 x16:0x0000002e  x0:0x00000000
          37500	     18746	001000ac	0107a023	sw	x16,0(x15)	 x15:0x00020000 x16:0x0000002e PA:0x00020000 store:0x0000002e load:0x00000000
          37504	     18748	001000b0	00154703	lbu	x14,1(x10)	 x10:0x00101c74 x14=0x00000030 PA:0x00101c75 store:0x001017e8
          37506	     18749	001000b4	04070e63	beq	x14,x0,100110	 x14:0x00000030  x0:0x00000000
          37510	     18751	001000b8	00e7a023	sw	x14,0(x15)	 x15:0x00020000 x14:0x00000030 PA:0x00020000 store:0x00000030 load:0x00000000
          37514	     18753	001000bc	00254283	lbu	x5,2(x10)	 x10:0x00101c74  x5=0x00000065 PA:0x00101c76 store:0x00137fa0
          37516	     18754	001000c0	04028863	beq	x5,x0,100110	  x5:0x00000065  x0:0x00000000
          37520	     18756	001000c4	0057a023	sw	x5,0(x15)	 x15:0x00020000  x5:0x00000065 PA:0x00020000 store:0x00000065 load:0x00000000
          37524	     18758	001000c8	00354303	lbu	x6,3(x10)	 x10:0x00101c74  x6=0x0000002d PA:0x00101c77 store:0x00000000
          37526	     18759	001000cc	04030263	beq	x6,x0,100110	  x6:0x0000002d  x0:0x00000000
          37530	     18761	001000d0	0067a023	sw	x6,0(x15)	 x15:0x00020000  x6:0x0000002d PA:0x00020000 store:0x0000002d load:0x00000000
          37534	     18763	001000d4	00454383	lbu	x7,4(x10)	 x10:0x00101c74  x7=0x00000034 PA:0x00101c78 store:0x00000000
          37536	     18764	001000d8	02038c63	beq	x7,x0,100110	  x7:0x00000034  x0:0x00000000
          37540	     18766	001000dc	0077a023	sw	x7,0(x15)	 x15:0x00020000  x7:0x00000034 PA:0x00020000 store:0x00000034 load:0x00000000
          37544	     18768	001000e0	00554583	lbu	x11,5(x10)	 x10:0x00101c74 x11=0x00000034 PA:0x00101c79 store:0x00000065
          37546	     18769	001000e4	02058663	beq	x11,x0,100110	 x11:0x00000034  x0:0x00000000
          37550	     18771	001000e8	00b7a023	sw	x11,0(x15)	 x15:0x00020000 x11:0x00000034 PA:0x00020000 store:0x00000034 load:0x00000000
          37554	     18773	001000ec	00654603	lbu	x12,6(x10)	 x10:0x00101c74 x12=0x00000029 PA:0x00101c7a store:0x0000002d
          37556	     18774	001000f0	02060063	beq	x12,x0,100110	 x12:0x00000029  x0:0x00000000
          37560	     18776	001000f4	00c7a023	sw	x12,0(x15)	 x15:0x00020000 x12:0x00000029 PA:0x00020000 store:0x00000029 load:0x00000000
          37564	     18778	001000f8	00754683	lbu	x13,7(x10)	 x10:0x00101c74 x13=0x0000002c PA:0x00101c7b store:0x00000034
          37566	     18779	001000fc	00850513	addi	x10,x10,8	 x10:0x00101c74 x10=0x00101c7c
          37568	     18780	00100100	00068863	beq	x13,x0,100110	 x13:0x0000002c  x0:0x00000000
          37572	     18782	00100104	00d7a023	sw	x13,0(x15)	 x15:0x00020000 x13:0x0000002c PA:0x00020000 store:0x0000002c load:0x00000000
          37576	     18784	00100108	00054803	lbu	x16,0(x10)	 x10:0x00101c7c x16=0x00000020 PA:0x00101c7c store:0x00000000
          37580	     18786	0010010c	fa0810e3	bne	x16,x0,1000ac	 x16:0x00000020  x0:0x00000000
          37586	     18789	001000ac	0107a023	sw	x16,0(x15)	 x15:0x00020000 x16:0x00000020 PA:0x00020000 store:0x00000020 load:0x00000000
          37590	     18791	001000b0	00154703	lbu	x14,1(x10)	 x10:0x00101c7c x14=0x00000065 PA:0x00101c7d store:0x001017e8
          37592	     18792	001000b4	04070e63	beq	x14,x0,100110	 x14:0x00000065  x0:0x00000000
          37596	     18794	001000b8	00e7a023	sw	x14,0(x15)	 x15:0x00020000 x14:0x00000065 PA:0x00020000 store:0x00000065 load:0x00000000
          37600	     18796	001000bc	00254283	lbu	x5,2(x10)	 x10:0x00101c7c  x5=0x00000078 PA:0x00101c7e store:0x00137fa0
          37602	     18797	001000c0	04028863	beq	x5,x0,100110	  x5:0x00000078  x0:0x00000000
          37606	     18799	001000c4	0057a023	sw	x5,0(x15)	 x15:0x00020000  x5:0x00000078 PA:0x00020000 store:0x00000078 load:0x00000000
          37610	     18801	001000c8	00354303	lbu	x6,3(x10)	 x10:0x00101c7c  x6=0x00000070 PA:0x00101c7f store:0x00000000
          37612	     18802	001000cc	04030263	beq	x6,x0,100110	  x6:0x00000070  x0:0x00000000
          37616	     18804	001000d0	0067a023	sw	x6,0(x15)	 x15:0x00020000  x6:0x00000070 PA:0x00020000 store:0x00000070 load:0x00000000
          37620	     18806	001000d4	00454383	lbu	x7,4(x10)	 x10:0x00101c7c  x7=0x00000065 PA:0x00101c80 store:0x00000000
          37622	     18807	001000d8	02038c63	beq	x7,x0,100110	  x7:0x00000065  x0:0x00000000
          37626	     18809	001000dc	0077a023	sw	x7,0(x15)	 x15:0x00020000  x7:0x00000065 PA:0x00020000 store:0x00000065 load:0x00000000
          37630	     18811	001000e0	00554583	lbu	x11,5(x10)	 x10:0x00101c7c x11=0x00000063 PA:0x00101c81 store:0x00000078
          37632	     18812	001000e4	02058663	beq	x11,x0,100110	 x11:0x00000063  x0:0x00000000
          37636	     18814	001000e8	00b7a023	sw	x11,0(x15)	 x15:0x00020000 x11:0x00000063 PA:0x00020000 store:0x00000063 load:0x00000000
          37640	     18816	001000ec	00654603	lbu	x12,6(x10)	 x10:0x00101c7c x12=0x00000074 PA:0x00101c82 store:0x00000070
          37642	     18817	001000f0	02060063	beq	x12,x0,100110	 x12:0x00000074  x0:0x00000000
          37646	     18819	001000f4	00c7a023	sw	x12,0(x15)	 x15:0x00020000 x12:0x00000074 PA:0x00020000 store:0x00000074 load:0x00000000
          37650	     18821	001000f8	00754683	lbu	x13,7(x10)	 x10:0x00101c7c x13=0x00000069 PA:0x00101c83 store:0x00000065
          37652	     18822	001000fc	00850513	addi	x10,x10,8	 x10:0x00101c7c x10=0x00101c84
          37654	     18823	00100100	00068863	beq	x13,x0,100110	 x13:0x00000069  x0:0x00000000
          37658	     18825	00100104	00d7a023	sw	x13,0(x15)	 x15:0x00020000 x13:0x00000069 PA:0x00020000 store:0x00000069 load:0x00000000
          37662	     18827	00100108	00054803	lbu	x16,0(x10)	 x10:0x00101c84 x16=0x0000006e PA:0x00101c84 store:0x00000000
          37666	     18829	0010010c	fa0810e3	bne	x16,x0,1000ac	 x16:0x0000006e  x0:0x00000000
          37672	     18832	001000ac	0107a023	sw	x16,0(x15)	 x15:0x00020000 x16:0x0000006e PA:0x00020000 store:0x0000006e load:0x00000000
          37676	     18834	001000b0	00154703	lbu	x14,1(x10)	 x10:0x00101c84 x14=0x00000067 PA:0x00101c85 store:0x001017e8
          37678	     18835	001000b4	04070e63	beq	x14,x0,100110	 x14:0x00000067  x0:0x00000000
          37682	     18837	001000b8	00e7a023	sw	x14,0(x15)	 x15:0x00020000 x14:0x00000067 PA:0x00020000 store:0x00000067 load:0x00000000
          37686	     18839	001000bc	00254283	lbu	x5,2(x10)	 x10:0x00101c84  x5=0x0000003a PA:0x00101c86 store:0x00137fa0
          37688	     18840	001000c0	04028863	beq	x5,x0,100110	  x5:0x0000003a  x0:0x00000000
          37692	     18842	001000c4	0057a023	sw	x5,0(x15)	 x15:0x00020000  x5:0x0000003a PA:0x00020000 store:0x0000003a load:0x00000000
          37696	     18844	001000c8	00354303	lbu	x6,3(x10)	 x10:0x00101c84  x6=0x00000020 PA:0x00101c87 store:0x00000000
          37698	     18845	001000cc	04030263	beq	x6,x0,100110	  x6:0x00000020  x0:0x00000000
          37702	     18847	001000d0	0067a023	sw	x6,0(x15)	 x15:0x00020000  x6:0x00000020 PA:0x00020000 store:0x00000020 load:0x00000000
          37706	     18849	001000d4	00454383	lbu	x7,4(x10)	 x10:0x00101c84  x7=0x00000030 PA:0x00101c88 store:0x00000000
          37708	     18850	001000d8	02038c63	beq	x7,x0,100110	  x7:0x00000030  x0:0x00000000
          37712	     18852	001000dc	0077a023	sw	x7,0(x15)	 x15:0x00020000  x7:0x00000030 PA:0x00020000 store:0x00000030 load:0x00000000
          37716	     18854	001000e0	00554583	lbu	x11,5(x10)	 x10:0x00101c84 x11=0x00000078 PA:0x00101c89 store:0x0000003a
          37718	     18855	001000e4	02058663	beq	x11,x0,100110	 x11:0x00000078  x0:0x00000000
          37722	     18857	001000e8	00b7a023	sw	x11,0(x15)	 x15:0x00020000 x11:0x00000078 PA:0x00020000 store:0x00000078 load:0x00000000
          37726	     18859	001000ec	00654603	lbu	x12,6(x10)	 x10:0x00101c84 x12=0x00000030 PA:0x00101c8a store:0x00000020
          37728	     18860	001000f0	02060063	beq	x12,x0,100110	 x12:0x00000030  x0:0x00000000
          37732	     18862	001000f4	00c7a023	sw	x12,0(x15)	 x15:0x00020000 x12:0x00000030 PA:0x00020000 store:0x00000030 load:0x00000000
          37736	     18864	001000f8	00754683	lbu	x13,7(x10)	 x10:0x00101c84 x13=0x00000030 PA:0x00101c8b store:0x00000030
          37738	     18865	001000fc	00850513	addi	x10,x10,8	 x10:0x00101c84 x10=0x00101c8c
          37740	     18866	00100100	00068863	beq	x13,x0,100110	 x13:0x00000030  x0:0x00000000
          37744	     18868	00100104	00d7a023	sw	x13,0(x15)	 x15:0x00020000 x13:0x00000030 PA:0x00020000 store:0x00000030 load:0x00000000
          37748	     18870	00100108	00054803	lbu	x16,0(x10)	 x10:0x00101c8c x16=0x00000030 PA:0x00101c8c store:0x00000000
          37752	     18872	0010010c	fa0810e3	bne	x16,x0,1000ac	 x16:0x00000030  x0:0x00000000
          37758	     18875	001000ac	0107a023	sw	x16,0(x15)	 x15:0x00020000 x16:0x00000030 PA:0x00020000 store:0x00000030 load:0x00000000
          37762	     18877	001000b0	00154703	lbu	x14,1(x10)	 x10:0x00101c8c x14=0x00000030 PA:0x00101c8d store:0x001017e8
          37764	     18878	001000b4	04070e63	beq	x14,x0,100110	 x14:0x00000030  x0:0x00000000
          37768	     18880	001000b8	00e7a023	sw	x14,0(x15)	 x15:0x00020000 x14:0x00000030 PA:0x00020000 store:0x00000030 load:0x00000000
          37772	     18882	001000bc	00254283	lbu	x5,2(x10)	 x10:0x00101c8c  x5=0x00000030 PA:0x00101c8e store:0x00137fa0
          37774	     18883	001000c0	04028863	beq	x5,x0,100110	  x5:0x00000030  x0:0x00000000
          37778	     18885	001000c4	0057a023	sw	x5,0(x15)	 x15:0x00020000  x5:0x00000030 PA:0x00020000 store:0x00000030 load:0x00000000
          37782	     18887	001000c8	00354303	lbu	x6,3(x10)	 x10:0x00101c8c  x6=0x00000030 PA:0x00101c8f store:0x00000000
          37784	     18888	001000cc	04030263	beq	x6,x0,100110	  x6:0x00000030  x0:0x00000000
          37788	     18890	001000d0	0067a023	sw	x6,0(x15)	 x15:0x00020000  x6:0x00000030 PA:0x00020000 store:0x00000030 load:0x00000000
          37792	     18892	001000d4	00454383	lbu	x7,4(x10)	 x10:0x00101c8c  x7=0x00000034 PA:0x00101c90 store:0x00000000
          37794	     18893	001000d8	02038c63	beq	x7,x0,100110	  x7:0x00000034  x0:0x00000000
          37798	     18895	001000dc	0077a023	sw	x7,0(x15)	 x15:0x00020000  x7:0x00000034 PA:0x00020000 store:0x00000034 load:0x00000000
          37802	     18897	001000e0	00554583	lbu	x11,5(x10)	 x10:0x00101c8c x11=0x00000037 PA:0x00101c91 store:0x00000030
          37804	     18898	001000e4	02058663	beq	x11,x0,100110	 x11:0x00000037  x0:0x00000000
          37808	     18900	001000e8	00b7a023	sw	x11,0(x15)	 x15:0x00020000 x11:0x00000037 PA:0x00020000 store:0x00000037 load:0x00000000
          37812	     18902	001000ec	00654603	lbu	x12,6(x10)	 x10:0x00101c8c x12=0x0000003a PA:0x00101c92 store:0x00000030
          37814	     18903	001000f0	02060063	beq	x12,x0,100110	 x12:0x0000003a  x0:0x00000000
          37818	     18905	001000f4	00c7a023	sw	x12,0(x15)	 x15:0x00020000 x12:0x0000003a PA:0x00020000 store:0x0000003a load:0x00000000
          37822	     18907	001000f8	00754683	lbu	x13,7(x10)	 x10:0x00101c8c x13=0x00000020 PA:0x00101c93 store:0x00000034
          37824	     18908	001000fc	00850513	addi	x10,x10,8	 x10:0x00101c8c x10=0x00101c94
          37826	     18909	00100100	00068863	beq	x13,x0,100110	 x13:0x00000020  x0:0x00000000
          37830	     18911	00100104	00d7a023	sw	x13,0(x15)	 x15:0x00020000 x13:0x00000020 PA:0x00020000 store:0x00000020 load:0x00000000
          37834	     18913	00100108	00054803	lbu	x16,0(x10)	 x10:0x00101c94 x16=0x00000000 PA:0x00101c94 store:0x00000000
          37836	     18914	0010010c	fa0810e3	bne	x16,x0,1000ac	 x16:0x00000000  x0:0x00000000
          37838	     18915	00100110	00000513	addi	x10,x0,0	  x0:0x00000000 x10=0x00000000
          37842	     18917	00100114	00008067	jalr	x0,0(x1)	  x1:0x001017e8  x0=0x00000000
          37846	     18919	001017e8	cf8a2503	lw	x10,-776(x20)	 x20:0x00102000 x10=0x00000047 PA:0x00101cf8 store:0x00102000
          37850	     18921	001017ec	935fe0ef	jal	x1,100120	  x1=0x001017f0
          37852	     18922	00100120	01c55793	srli	x15,x10,0x1c	 x10:0x00000047 x15=0x00000000
          37854	     18923	00100124	00900713	addi	x14,x0,9	  x0:0x00000000 x14=0x00000009
          37858	     18925	00100128	0cf77a63	bgeu	x14,x15,1001fc	 x14:0x00000009 x15:0x00000000
          37862	     18927	001001fc	03078393	addi	x7,x15,48	 x15:0x00000000  x7=0x00000030
          37864	     18928	00100200	000205b7	lui	x11,0x20	 x11=0x00020000
          37866	     18929	00100204	00451613	slli	x12,x10,0x4	 x10:0x00000047 x12=0x00000470
          37870	     18931	00100208	0075a023	sw	x7,0(x11)	 x11:0x00020000  x7:0x00000030 PA:0x00020000 store:0x00000030 load:0x00000000
          37872	     18932	0010020c	01c65693	srli	x13,x12,0x1c	 x12:0x00000470 x13=0x00000000
          37874	     18933	00100210	00900813	addi	x16,x0,9	  x0:0x00000000 x16=0x00000009
          37876	     18934	00100214	f2d86ae3	bltu	x16,x13,100148	 x16:0x00000009 x13:0x00000000
          37878	     18935	00100218	03068e93	addi	x29,x13,48	 x13:0x00000000 x29=0x00000030
          37880	     18936	0010021c	00020f37	lui	x30,0x20	 x30=0x00020000
          37882	     18937	00100220	00851f93	slli	x31,x10,0x8	 x10:0x00000047 x31=0x00004700
          37886	     18939	00100224	01df2023	sw	x29,0(x30)	 x30:0x00020000 x29:0x00000030 PA:0x00020000 store:0x00000030 load:0x00000000
          37888	     18940	00100228	01cfd793	srli	x15,x31,0x1c	 x31:0x00004700 x15=0x00000000
          37890	     18941	0010022c	00900713	addi	x14,x0,9	  x0:0x00000000 x14=0x00000009
          37892	     18942	00100230	f2f76ae3	bltu	x14,x15,100164	 x14:0x00000009 x15:0x00000000
          37894	     18943	00100234	03078393	addi	x7,x15,48	 x15:0x00000000  x7=0x00000030
          37896	     18944	00100238	000205b7	lui	x11,0x20	 x11=0x00020000
          37898	     18945	0010023c	00c51613	slli	x12,x10,0xc	 x10:0x00000047 x12=0x00047000
          37902	     18947	00100240	0075a023	sw	x7,0(x11)	 x11:0x00020000  x7:0x00000030 PA:0x00020000 store:0x00000030 load:0x00000000
          37904	     18948	00100244	01c65693	srli	x13,x12,0x1c	 x12:0x00047000 x13=0x00000000
          37906	     18949	00100248	00900813	addi	x16,x0,9	  x0:0x00000000 x16=0x00000009
          37908	     18950	0010024c	f2d86ae3	bltu	x16,x13,100180	 x16:0x00000009 x13:0x00000000
          37910	     18951	00100250	03068e93	addi	x29,x13,48	 x13:0x00000000 x29=0x00000030
          37912	     18952	00100254	00020f37	lui	x30,0x20	 x30=0x00020000
          37914	     18953	00100258	01051f93	slli	x31,x10,0x10	 x10:0x00000047 x31=0x00470000
          37918	     18955	0010025c	01df2023	sw	x29,0(x30)	 x30:0x00020000 x29:0x00000030 PA:0x00020000 store:0x00000030 load:0x00000000
          37920	     18956	00100260	01cfd793	srli	x15,x31,0x1c	 x31:0x00470000 x15=0x00000000
          37922	     18957	00100264	00900713	addi	x14,x0,9	  x0:0x00000000 x14=0x00000009
          37924	     18958	00100268	f2f76ae3	bltu	x14,x15,10019c	 x14:0x00000009 x15:0x00000000
          37926	     18959	0010026c	03078393	addi	x7,x15,48	 x15:0x00000000  x7=0x00000030
          37928	     18960	00100270	000205b7	lui	x11,0x20	 x11=0x00020000
          37930	     18961	00100274	01451613	slli	x12,x10,0x14	 x10:0x00000047 x12=0x04700000
          37934	     18963	00100278	0075a023	sw	x7,0(x11)	 x11:0x00020000  x7:0x00000030 PA:0x00020000 store:0x00000030 load:0x00000000
          37936	     18964	0010027c	01c65693	srli	x13,x12,0x1c	 x12:0x04700000 x13=0x00000000
          37938	     18965	00100280	00900813	addi	x16,x0,9	  x0:0x00000000 x16=0x00000009
          37940	     18966	00100284	f2d86ae3	bltu	x16,x13,1001b8	 x16:0x00000009 x13:0x00000000
          37942	     18967	00100288	03068e93	addi	x29,x13,48	 x13:0x00000000 x29=0x00000030
          37944	     18968	0010028c	00020f37	lui	x30,0x20	 x30=0x00020000
          37946	     18969	00100290	01851f93	slli	x31,x10,0x18	 x10:0x00000047 x31=0x47000000
          37950	     18971	00100294	01df2023	sw	x29,0(x30)	 x30:0x00020000 x29:0x00000030 PA:0x00020000 store:0x00000030 load:0x00000000
          37952	     18972	00100298	01cfd793	srli	x15,x31,0x1c	 x31:0x47000000 x15=0x00000004
          37954	     18973	0010029c	00900713	addi	x14,x0,9	  x0:0x00000000 x14=0x00000009
          37956	     18974	001002a0	f2f76ae3	bltu	x14,x15,1001d4	 x14:0x00000009 x15:0x00000004
          37958	     18975	001002a4	03078393	addi	x7,x15,48	 x15:0x00000004  x7=0x00000034
          37960	     18976	001002a8	000205b7	lui	x11,0x20	 x11=0x00020000
          37964	     18978	001002ac	0075a023	sw	x7,0(x11)	 x11:0x00020000  x7:0x00000034 PA:0x00020000 store:0x00000034 load:0x00000000
          37966	     18979	001002b0	00f57513	andi	x10,x10,15	 x10:0x00000047 x10=0x00000007
          37968	     18980	001002b4	00900613	addi	x12,x0,9	  x0:0x00000000 x12=0x00000009
          37972	     18982	001002b8	f2a67ae3	bgeu	x12,x10,1001ec	 x12:0x00000009 x10:0x00000007
          37976	     18984	001001ec	03050893	addi	x17,x10,48	 x10:0x00000007 x17=0x00000037
          37978	     18985	001001f0	00020e37	lui	x28,0x20	 x28=0x00020000
          37982	     18987	001001f4	011e2023	sw	x17,0(x28)	 x28:0x00020000 x17:0x00000037 PA:0x00020000 store:0x00000037 load:0x00000000
          37996	     18994	001001f8	00008067	jalr	x0,0(x1)	  x1:0x001017f0  x0=0x00000000
          37998	     18995	001017f0	d34ba227	fsw	f20,-732(x23)	 f23:0x00102000 f20:0x00102000 PA:0x00101d24 store:0x7f167699 load:0x00000000
          38000	     18996	001017f4	d33ca027	fsw	f19,-736(x25)	 f25:0x00102000 f19:0x00102000 PA:0x00101d20 store:0x7f1dfc87 load:0x7f1dfc87
          38002	     18997	001017f8	d24ba007	flw	f0,-732(x23)	 f23:0x00102000  f0=0x00000000 PA:0x00101d24 store:0x80000000
          38004	     18998	001017fc	d20ca087	flw	f1,-736(x25)	 f25:0x00102000  f1=0x00000000 PA:0x00000000
          38010	     19001	00101800	28101153	fmax.s	f2,f0,f1	  f0:0x00000000  f1:0x001017f0  f2=0x00000000
          38018	     19005	00101804	d02aa027	fsw	f2,-768(x21)	 f21:0x00102000  f2:0x00137fa0 PA:0x00101d00 store:0x7f1dfc87 load:0x7f1dfc87
          38026	     19009	00101808	d00aa787	flw	f15,-768(x21)	 f21:0x00102000 f15=0x00000000 PA:0x00101d00 store:0x7f167699
          38034	     19013	0010180c	00102bb7	lui	x23,0x102	 x23=0x00102000
          38036	     19014	00101810	c98b8513	addi	x10,x23,-872	 x23:0x00102000 x10=0x00101c98
          38038	     19015	00101814	e0078cd3	fmv.x.w	x25,f15	 f15:0x00000004 x25=0x7f1dfc87
          38040	     19016	00101818	cf9a2c23	sw	x25,-776(x20)	 x20:0x00102000 x25:0x7f1dfc87 PA:0x00101cf8 store:0x7f1dfc87 load:0x7f1dfc87
          38042	     19017	0010181c	885fe0ef	jal	x1,1000a0	  x1=0x00101820
          38044	     19018	001000a0	00054803	lbu	x16,0(x10)	 x10:0x00101c98 x16=0x0000000a PA:0x00101c98 store:0x00000000
          38046	     19019	001000a4	06080663	beq	x16,x0,100110	 x16:0x0000000a  x0:0x00000000
          38048	     19020	001000a8	000207b7	lui	x15,0x20	 x15=0x00020000
          38052	     19022	001000ac	0107a023	sw	x16,0(x15)	 x15:0x00020000 x16:0x0000000a PA:0x00020000 store:0x0000000a load:0x00000000
          38056	     19024	001000b0	00154703	lbu	x14,1(x10)	 x10:0x00101c98 x14=0x00000020 PA:0x00101c99 store:0x00101820
          38058	     19025	001000b4	04070e63	beq	x14,x0,100110	 x14:0x00000020  x0:0x00000000
          38062	     19027	001000b8	00e7a023	sw	x14,0(x15)	 x15:0x00020000 x14:0x00000020 PA:0x00020000 store:0x00000020 load:0x00000000
          38066	     19029	001000bc	00254283	lbu	x5,2(x10)	 x10:0x00101c98  x5=0x0000004d PA:0x00101c9a store:0x00137fa0
          38068	     19030	001000c0	04028863	beq	x5,x0,100110	  x5:0x0000004d  x0:0x00000000
          38072	     19032	001000c4	0057a023	sw	x5,0(x15)	 x15:0x00020000  x5:0x0000004d PA:0x00020000 store:0x0000004d load:0x00000000
          38076	     19034	001000c8	00354303	lbu	x6,3(x10)	 x10:0x00101c98  x6=0x00000041 PA:0x00101c9b store:0x00000000
          38078	     19035	001000cc	04030263	beq	x6,x0,100110	  x6:0x00000041  x0:0x00000000
          38082	     19037	001000d0	0067a023	sw	x6,0(x15)	 x15:0x00020000  x6:0x00000041 PA:0x00020000 store:0x00000041 load:0x00000000
          38086	     19039	001000d4	00454383	lbu	x7,4(x10)	 x10:0x00101c98  x7=0x00000058 PA:0x00101c9c store:0x00000000
          38088	     19040	001000d8	02038c63	beq	x7,x0,100110	  x7:0x00000058  x0:0x00000000
          38092	     19042	001000dc	0077a023	sw	x7,0(x15)	 x15:0x00020000  x7:0x00000058 PA:0x00020000 store:0x00000058 load:0x00000000
          38096	     19044	001000e0	00554583	lbu	x11,5(x10)	 x10:0x00101c98 x11=0x00000028 PA:0x00101c9d store:0x0000004d
          38098	     19045	001000e4	02058663	beq	x11,x0,100110	 x11:0x00000028  x0:0x00000000
          38102	     19047	001000e8	00b7a023	sw	x11,0(x15)	 x15:0x00020000 x11:0x00000028 PA:0x00020000 store:0x00000028 load:0x00000000
          38106	     19049	001000ec	00654603	lbu	x12,6(x10)	 x10:0x00101c98 x12=0x00000032 PA:0x00101c9e store:0x00000041
          38108	     19050	001000f0	02060063	beq	x12,x0,100110	 x12:0x00000032  x0:0x00000000
          38112	     19052	001000f4	00c7a023	sw	x12,0(x15)	 x15:0x00020000 x12:0x00000032 PA:0x00020000 store:0x00000032 load:0x00000000
          38116	     19054	001000f8	00754683	lbu	x13,7(x10)	 x10:0x00101c98 x13=0x0000002e PA:0x00101c9f store:0x00000058
          38118	     19055	001000fc	00850513	addi	x10,x10,8	 x10:0x00101c98 x10=0x00101ca0
          38120	     19056	00100100	00068863	beq	x13,x0,100110	 x13:0x0000002e  x0:0x00000000
          38124	     19058	00100104	00d7a023	sw	x13,0(x15)	 x15:0x00020000 x13:0x0000002e PA:0x00020000 store:0x0000002e load:0x00000000
          38128	     19060	00100108	00054803	lbu	x16,0(x10)	 x10:0x00101ca0 x16=0x00000030 PA:0x00101ca0 store:0x00000000
          38132	     19062	0010010c	fa0810e3	bne	x16,x0,1000ac	 x16:0x00000030  x0:0x00000000
          38138	     19065	001000ac	0107a023	sw	x16,0(x15)	 x15:0x00020000 x16:0x00000030 PA:0x00020000 store:0x00000030 load:0x00000000
          38142	     19067	001000b0	00154703	lbu	x14,1(x10)	 x10:0x00101ca0 x14=0x00000065 PA:0x00101ca1 store:0x00101820
          38144	     19068	001000b4	04070e63	beq	x14,x0,100110	 x14:0x00000065  x0:0x00000000
          38148	     19070	001000b8	00e7a023	sw	x14,0(x15)	 x15:0x00020000 x14:0x00000065 PA:0x00020000 store:0x00000065 load:0x00000000
          38152	     19072	001000bc	00254283	lbu	x5,2(x10)	 x10:0x00101ca0  x5=0x00000033 PA:0x00101ca2 store:0x00137fa0
          38154	     19073	001000c0	04028863	beq	x5,x0,100110	  x5:0x00000033  x0:0x00000000
          38158	     19075	001000c4	0057a023	sw	x5,0(x15)	 x15:0x00020000  x5:0x00000033 PA:0x00020000 store:0x00000033 load:0x00000000
          38162	     19077	001000c8	00354303	lbu	x6,3(x10)	 x10:0x00101ca0  x6=0x00000038 PA:0x00101ca3 store:0x00000000
          38164	     19078	001000cc	04030263	beq	x6,x0,100110	  x6:0x00000038  x0:0x00000000
          38168	     19080	001000d0	0067a023	sw	x6,0(x15)	 x15:0x00020000  x6:0x00000038 PA:0x00020000 store:0x00000038 load:0x00000000
          38172	     19082	001000d4	00454383	lbu	x7,4(x10)	 x10:0x00101ca0  x7=0x00000066 PA:0x00101ca4 store:0x00000000
          38174	     19083	001000d8	02038c63	beq	x7,x0,100110	  x7:0x00000066  x0:0x00000000
          38178	     19085	001000dc	0077a023	sw	x7,0(x15)	 x15:0x00020000  x7:0x00000066 PA:0x00020000 store:0x00000066 load:0x00000000
          38182	     19087	001000e0	00554583	lbu	x11,5(x10)	 x10:0x00101ca0 x11=0x0000002c PA:0x00101ca5 store:0x00000033
          38184	     19088	001000e4	02058663	beq	x11,x0,100110	 x11:0x0000002c  x0:0x00000000
          38188	     19090	001000e8	00b7a023	sw	x11,0(x15)	 x15:0x00020000 x11:0x0000002c PA:0x00020000 store:0x0000002c load:0x00000000
          38192	     19092	001000ec	00654603	lbu	x12,6(x10)	 x10:0x00101ca0 x12=0x00000020 PA:0x00101ca6 store:0x00000038
          38194	     19093	001000f0	02060063	beq	x12,x0,100110	 x12:0x00000020  x0:0x00000000
          38198	     19095	001000f4	00c7a023	sw	x12,0(x15)	 x15:0x00020000 x12:0x00000020 PA:0x00020000 store:0x00000020 load:0x00000000
          38202	     19097	001000f8	00754683	lbu	x13,7(x10)	 x10:0x00101ca0 x13=0x00000032 PA:0x00101ca7 store:0x00000066
          38204	     19098	001000fc	00850513	addi	x10,x10,8	 x10:0x00101ca0 x10=0x00101ca8
          38206	     19099	00100100	00068863	beq	x13,x0,100110	 x13:0x00000032  x0:0x00000000
          38210	     19101	00100104	00d7a023	sw	x13,0(x15)	 x15:0x00020000 x13:0x00000032 PA:0x00020000 store:0x00000032 load:0x00000000
          38214	     19103	00100108	00054803	lbu	x16,0(x10)	 x10:0x00101ca8 x16=0x0000002e PA:0x00101ca8 store:0x00000000
          38218	     19105	0010010c	fa0810e3	bne	x16,x0,1000ac	 x16:0x0000002e  x0:0x00000000
          38224	     19108	001000ac	0107a023	sw	x16,0(x15)	 x15:0x00020000 x16:0x0000002e PA:0x00020000 store:0x0000002e load:0x00000000
          38228	     19110	001000b0	00154703	lbu	x14,1(x10)	 x10:0x00101ca8 x14=0x00000031 PA:0x00101ca9 store:0x00101820
          38230	     19111	001000b4	04070e63	beq	x14,x0,100110	 x14:0x00000031  x0:0x00000000
          38234	     19113	001000b8	00e7a023	sw	x14,0(x15)	 x15:0x00020000 x14:0x00000031 PA:0x00020000 store:0x00000031 load:0x00000000
          38238	     19115	001000bc	00254283	lbu	x5,2(x10)	 x10:0x00101ca8  x5=0x00000065 PA:0x00101caa store:0x00137fa0
          38240	     19116	001000c0	04028863	beq	x5,x0,100110	  x5:0x00000065  x0:0x00000000
          38244	     19118	001000c4	0057a023	sw	x5,0(x15)	 x15:0x00020000  x5:0x00000065 PA:0x00020000 store:0x00000065 load:0x00000000
          38248	     19120	001000c8	00354303	lbu	x6,3(x10)	 x10:0x00101ca8  x6=0x00000033 PA:0x00101cab store:0x00000000
          38250	     19121	001000cc	04030263	beq	x6,x0,100110	  x6:0x00000033  x0:0x00000000
          38254	     19123	001000d0	0067a023	sw	x6,0(x15)	 x15:0x00020000  x6:0x00000033 PA:0x00020000 store:0x00000033 load:0x00000000
          38258	     19125	001000d4	00454383	lbu	x7,4(x10)	 x10:0x00101ca8  x7=0x00000038 PA:0x00101cac store:0x00000000
          38260	     19126	001000d8	02038c63	beq	x7,x0,100110	  x7:0x00000038  x0:0x00000000
          38264	     19128	001000dc	0077a023	sw	x7,0(x15)	 x15:0x00020000  x7:0x00000038 PA:0x00020000 store:0x00000038 load:0x00000000
          38268	     19130	001000e0	00554583	lbu	x11,5(x10)	 x10:0x00101ca8 x11=0x00000066 PA:0x00101cad store:0x00000065
          38270	     19131	001000e4	02058663	beq	x11,x0,100110	 x11:0x00000066  x0:0x00000000
          38274	     19133	001000e8	00b7a023	sw	x11,0(x15)	 x15:0x00020000 x11:0x00000066 PA:0x00020000 store:0x00000066 load:0x00000000
          38278	     19135	001000ec	00654603	lbu	x12,6(x10)	 x10:0x00101ca8 x12=0x00000029 PA:0x00101cae store:0x00000033
          38280	     19136	001000f0	02060063	beq	x12,x0,100110	 x12:0x00000029  x0:0x00000000
          38284	     19138	001000f4	00c7a023	sw	x12,0(x15)	 x15:0x00020000 x12:0x00000029 PA:0x00020000 store:0x00000029 load:0x00000000
          38288	     19140	001000f8	00754683	lbu	x13,7(x10)	 x10:0x00101ca8 x13=0x0000002c PA:0x00101caf store:0x00000038
          38290	     19141	001000fc	00850513	addi	x10,x10,8	 x10:0x00101ca8 x10=0x00101cb0
          38292	     19142	00100100	00068863	beq	x13,x0,100110	 x13:0x0000002c  x0:0x00000000
          38296	     19144	00100104	00d7a023	sw	x13,0(x15)	 x15:0x00020000 x13:0x0000002c PA:0x00020000 store:0x0000002c load:0x00000000
          38300	     19146	00100108	00054803	lbu	x16,0(x10)	 x10:0x00101cb0 x16=0x00000020 PA:0x00101cb0 store:0x00000000
          38304	     19148	0010010c	fa0810e3	bne	x16,x0,1000ac	 x16:0x00000020  x0:0x00000000
          38310	     19151	001000ac	0107a023	sw	x16,0(x15)	 x15:0x00020000 x16:0x00000020 PA:0x00020000 store:0x00000020 load:0x00000000
          38314	     19153	001000b0	00154703	lbu	x14,1(x10)	 x10:0x00101cb0 x14=0x00000065 PA:0x00101cb1 store:0x00101820
          38316	     19154	001000b4	04070e63	beq	x14,x0,100110	 x14:0x00000065  x0:0x00000000
          38320	     19156	001000b8	00e7a023	sw	x14,0(x15)	 x15:0x00020000 x14:0x00000065 PA:0x00020000 store:0x00000065 load:0x00000000
          38324	     19158	001000bc	00254283	lbu	x5,2(x10)	 x10:0x00101cb0  x5=0x00000078 PA:0x00101cb2 store:0x00137fa0
          38326	     19159	001000c0	04028863	beq	x5,x0,100110	  x5:0x00000078  x0:0x00000000
          38330	     19161	001000c4	0057a023	sw	x5,0(x15)	 x15:0x00020000  x5:0x00000078 PA:0x00020000 store:0x00000078 load:0x00000000
          38334	     19163	001000c8	00354303	lbu	x6,3(x10)	 x10:0x00101cb0  x6=0x00000070 PA:0x00101cb3 store:0x00000000
          38336	     19164	001000cc	04030263	beq	x6,x0,100110	  x6:0x00000070  x0:0x00000000
          38340	     19166	001000d0	0067a023	sw	x6,0(x15)	 x15:0x00020000  x6:0x00000070 PA:0x00020000 store:0x00000070 load:0x00000000
          38344	     19168	001000d4	00454383	lbu	x7,4(x10)	 x10:0x00101cb0  x7=0x00000065 PA:0x00101cb4 store:0x00000000
          38346	     19169	001000d8	02038c63	beq	x7,x0,100110	  x7:0x00000065  x0:0x00000000
          38350	     19171	001000dc	0077a023	sw	x7,0(x15)	 x15:0x00020000  x7:0x00000065 PA:0x00020000 store:0x00000065 load:0x00000000
          38354	     19173	001000e0	00554583	lbu	x11,5(x10)	 x10:0x00101cb0 x11=0x00000063 PA:0x00101cb5 store:0x00000078
          38356	     19174	001000e4	02058663	beq	x11,x0,100110	 x11:0x00000063  x0:0x00000000
          38360	     19176	001000e8	00b7a023	sw	x11,0(x15)	 x15:0x00020000 x11:0x00000063 PA:0x00020000 store:0x00000063 load:0x00000000
          38364	     19178	001000ec	00654603	lbu	x12,6(x10)	 x10:0x00101cb0 x12=0x00000074 PA:0x00101cb6 store:0x00000070
          38366	     19179	001000f0	02060063	beq	x12,x0,100110	 x12:0x00000074  x0:0x00000000
          38370	     19181	001000f4	00c7a023	sw	x12,0(x15)	 x15:0x00020000 x12:0x00000074 PA:0x00020000 store:0x00000074 load:0x00000000
          38374	     19183	001000f8	00754683	lbu	x13,7(x10)	 x10:0x00101cb0 x13=0x00000069 PA:0x00101cb7 store:0x00000065
          38376	     19184	001000fc	00850513	addi	x10,x10,8	 x10:0x00101cb0 x10=0x00101cb8
          38378	     19185	00100100	00068863	beq	x13,x0,100110	 x13:0x00000069  x0:0x00000000
          38382	     19187	00100104	00d7a023	sw	x13,0(x15)	 x15:0x00020000 x13:0x00000069 PA:0x00020000 store:0x00000069 load:0x00000000
          38386	     19189	00100108	00054803	lbu	x16,0(x10)	 x10:0x00101cb8 x16=0x0000006e PA:0x00101cb8 store:0x00000000
          38390	     19191	0010010c	fa0810e3	bne	x16,x0,1000ac	 x16:0x0000006e  x0:0x00000000
          38396	     19194	001000ac	0107a023	sw	x16,0(x15)	 x15:0x00020000 x16:0x0000006e PA:0x00020000 store:0x0000006e load:0x00000000
          38400	     19196	001000b0	00154703	lbu	x14,1(x10)	 x10:0x00101cb8 x14=0x00000067 PA:0x00101cb9 store:0x00101820
          38402	     19197	001000b4	04070e63	beq	x14,x0,100110	 x14:0x00000067  x0:0x00000000
          38406	     19199	001000b8	00e7a023	sw	x14,0(x15)	 x15:0x00020000 x14:0x00000067 PA:0x00020000 store:0x00000067 load:0x00000000
          38410	     19201	001000bc	00254283	lbu	x5,2(x10)	 x10:0x00101cb8  x5=0x0000003a PA:0x00101cba store:0x00137fa0
          38412	     19202	001000c0	04028863	beq	x5,x0,100110	  x5:0x0000003a  x0:0x00000000
          38416	     19204	001000c4	0057a023	sw	x5,0(x15)	 x15:0x00020000  x5:0x0000003a PA:0x00020000 store:0x0000003a load:0x00000000
          38420	     19206	001000c8	00354303	lbu	x6,3(x10)	 x10:0x00101cb8  x6=0x00000020 PA:0x00101cbb store:0x00000000
          38422	     19207	001000cc	04030263	beq	x6,x0,100110	  x6:0x00000020  x0:0x00000000
          38426	     19209	001000d0	0067a023	sw	x6,0(x15)	 x15:0x00020000  x6:0x00000020 PA:0x00020000 store:0x00000020 load:0x00000000
          38430	     19211	001000d4	00454383	lbu	x7,4(x10)	 x10:0x00101cb8  x7=0x00000030 PA:0x00101cbc store:0x00000000
          38432	     19212	001000d8	02038c63	beq	x7,x0,100110	  x7:0x00000030  x0:0x00000000
          38436	     19214	001000dc	0077a023	sw	x7,0(x15)	 x15:0x00020000  x7:0x00000030 PA:0x00020000 store:0x00000030 load:0x00000000
          38440	     19216	001000e0	00554583	lbu	x11,5(x10)	 x10:0x00101cb8 x11=0x00000078 PA:0x00101cbd store:0x0000003a
          38442	     19217	001000e4	02058663	beq	x11,x0,100110	 x11:0x00000078  x0:0x00000000
          38446	     19219	001000e8	00b7a023	sw	x11,0(x15)	 x15:0x00020000 x11:0x00000078 PA:0x00020000 store:0x00000078 load:0x00000000
          38450	     19221	001000ec	00654603	lbu	x12,6(x10)	 x10:0x00101cb8 x12=0x00000037 PA:0x00101cbe store:0x00000020
          38452	     19222	001000f0	02060063	beq	x12,x0,100110	 x12:0x00000037  x0:0x00000000
          38456	     19224	001000f4	00c7a023	sw	x12,0(x15)	 x15:0x00020000 x12:0x00000037 PA:0x00020000 store:0x00000037 load:0x00000000
          38460	     19226	001000f8	00754683	lbu	x13,7(x10)	 x10:0x00101cb8 x13=0x00000066 PA:0x00101cbf store:0x00000030
          38462	     19227	001000fc	00850513	addi	x10,x10,8	 x10:0x00101cb8 x10=0x00101cc0
          38464	     19228	00100100	00068863	beq	x13,x0,100110	 x13:0x00000066  x0:0x00000000
          38468	     19230	00100104	00d7a023	sw	x13,0(x15)	 x15:0x00020000 x13:0x00000066 PA:0x00020000 store:0x00000066 load:0x00000000
          38472	     19232	00100108	00054803	lbu	x16,0(x10)	 x10:0x00101cc0 x16=0x00000031 PA:0x00101cc0 store:0x00000000
          38476	     19234	0010010c	fa0810e3	bne	x16,x0,1000ac	 x16:0x00000031  x0:0x00000000
          38482	     19237	001000ac	0107a023	sw	x16,0(x15)	 x15:0x00020000 x16:0x00000031 PA:0x00020000 store:0x00000031 load:0x00000000
          38486	     19239	001000b0	00154703	lbu	x14,1(x10)	 x10:0x00101cc0 x14=0x00000064 PA:0x00101cc1 store:0x00101820
          38488	     19240	001000b4	04070e63	beq	x14,x0,100110	 x14:0x00000064  x0:0x00000000
          38492	     19242	001000b8	00e7a023	sw	x14,0(x15)	 x15:0x00020000 x14:0x00000064 PA:0x00020000 store:0x00000064 load:0x00000000
          38496	     19244	001000bc	00254283	lbu	x5,2(x10)	 x10:0x00101cc0  x5=0x00000066 PA:0x00101cc2 store:0x00137fa0
          38498	     19245	001000c0	04028863	beq	x5,x0,100110	  x5:0x00000066  x0:0x00000000
          38502	     19247	001000c4	0057a023	sw	x5,0(x15)	 x15:0x00020000  x5:0x00000066 PA:0x00020000 store:0x00000066 load:0x00000000
          38506	     19249	001000c8	00354303	lbu	x6,3(x10)	 x10:0x00101cc0  x6=0x00000063 PA:0x00101cc3 store:0x00000000
          38508	     19250	001000cc	04030263	beq	x6,x0,100110	  x6:0x00000063  x0:0x00000000
          38512	     19252	001000d0	0067a023	sw	x6,0(x15)	 x15:0x00020000  x6:0x00000063 PA:0x00020000 store:0x00000063 load:0x00000000
          38516	     19254	001000d4	00454383	lbu	x7,4(x10)	 x10:0x00101cc0  x7=0x00000038 PA:0x00101cc4 store:0x00000000
          38518	     19255	001000d8	02038c63	beq	x7,x0,100110	  x7:0x00000038  x0:0x00000000
          38522	     19257	001000dc	0077a023	sw	x7,0(x15)	 x15:0x00020000  x7:0x00000038 PA:0x00020000 store:0x00000038 load:0x00000000
          38526	     19259	001000e0	00554583	lbu	x11,5(x10)	 x10:0x00101cc0 x11=0x00000037 PA:0x00101cc5 store:0x00000066
          38528	     19260	001000e4	02058663	beq	x11,x0,100110	 x11:0x00000037  x0:0x00000000
          38532	     19262	001000e8	00b7a023	sw	x11,0(x15)	 x15:0x00020000 x11:0x00000037 PA:0x00020000 store:0x00000037 load:0x00000000
          38536	     19264	001000ec	00654603	lbu	x12,6(x10)	 x10:0x00101cc0 x12=0x0000003a PA:0x00101cc6 store:0x00000063
          38538	     19265	001000f0	02060063	beq	x12,x0,100110	 x12:0x0000003a  x0:0x00000000
          38542	     19267	001000f4	00c7a023	sw	x12,0(x15)	 x15:0x00020000 x12:0x0000003a PA:0x00020000 store:0x0000003a load:0x00000000
          38546	     19269	001000f8	00754683	lbu	x13,7(x10)	 x10:0x00101cc0 x13=0x00000020 PA:0x00101cc7 store:0x00000038
          38548	     19270	001000fc	00850513	addi	x10,x10,8	 x10:0x00101cc0 x10=0x00101cc8
          38550	     19271	00100100	00068863	beq	x13,x0,100110	 x13:0x00000020  x0:0x00000000
          38554	     19273	00100104	00d7a023	sw	x13,0(x15)	 x15:0x00020000 x13:0x00000020 PA:0x00020000 store:0x00000020 load:0x00000000
          38558	     19275	00100108	00054803	lbu	x16,0(x10)	 x10:0x00101cc8 x16=0x00000000 PA:0x00101cc8 store:0x00000000
          38560	     19276	0010010c	fa0810e3	bne	x16,x0,1000ac	 x16:0x00000000  x0:0x00000000
          38562	     19277	00100110	00000513	addi	x10,x0,0	  x0:0x00000000 x10=0x00000000
          38566	     19279	00100114	00008067	jalr	x0,0(x1)	  x1:0x00101820  x0=0x00000000
          38570	     19281	00101820	cf8a2503	lw	x10,-776(x20)	 x20:0x00102000 x10=0x7f1dfc87 PA:0x00101cf8 store:0x00102000
          38572	     19282	00101824	00102a37	lui	x20,0x102	 x20=0x00102000
          38576	     19284	00101828	8f9fe0ef	jal	x1,100120	  x1=0x0010182c
          38578	     19285	00100120	01c55793	srli	x15,x10,0x1c	 x10:0x7f1dfc87 x15=0x00000007
          38580	     19286	00100124	00900713	addi	x14,x0,9	  x0:0x00000000 x14=0x00000009
          38584	     19288	00100128	0cf77a63	bgeu	x14,x15,1001fc	 x14:0x00000009 x15:0x00000007
          38588	     19290	001001fc	03078393	addi	x7,x15,48	 x15:0x00000007  x7=0x00000037
          38590	     19291	00100200	000205b7	lui	x11,0x20	 x11=0x00020000
          38592	     19292	00100204	00451613	slli	x12,x10,0x4	 x10:0x7f1dfc87 x12=0xf1dfc870
          38596	     19294	00100208	0075a023	sw	x7,0(x11)	 x11:0x00020000  x7:0x00000037 PA:0x00020000 store:0x00000037 load:0x00000000
          38598	     19295	0010020c	01c65693	srli	x13,x12,0x1c	 x12:0xf1dfc870 x13=0x0000000f
          38600	     19296	00100210	00900813	addi	x16,x0,9	  x0:0x00000000 x16=0x00000009
          38604	     19298	00100214	f2d86ae3	bltu	x16,x13,100148	 x16:0x00000009 x13:0x0000000f
          38608	     19300	00100148	03768893	addi	x17,x13,55	 x13:0x0000000f x17=0x00000046
          38610	     19301	0010014c	00020e37	lui	x28,0x20	 x28=0x00020000
          38612	     19302	00100150	00851f93	slli	x31,x10,0x8	 x10:0x7f1dfc87 x31=0x1dfc8700
          38616	     19304	00100154	011e2023	sw	x17,0(x28)	 x28:0x00020000 x17:0x00000046 PA:0x00020000 store:0x00000046 load:0x00000000
          38618	     19305	00100158	01cfd793	srli	x15,x31,0x1c	 x31:0x1dfc8700 x15=0x00000001
          38620	     19306	0010015c	00900713	addi	x14,x0,9	  x0:0x00000000 x14=0x00000009
          38624	     19308	00100160	0cf77a63	bgeu	x14,x15,100234	 x14:0x00000009 x15:0x00000001
          38628	     19310	00100234	03078393	addi	x7,x15,48	 x15:0x00000001  x7=0x00000031
          38630	     19311	00100238	000205b7	lui	x11,0x20	 x11=0x00020000
          38632	     19312	0010023c	00c51613	slli	x12,x10,0xc	 x10:0x7f1dfc87 x12=0xdfc87000
          38636	     19314	00100240	0075a023	sw	x7,0(x11)	 x11:0x00020000  x7:0x00000031 PA:0x00020000 store:0x00000031 load:0x00000000
          38638	     19315	00100244	01c65693	srli	x13,x12,0x1c	 x12:0xdfc87000 x13=0x0000000d
          38640	     19316	00100248	00900813	addi	x16,x0,9	  x0:0x00000000 x16=0x00000009
          38644	     19318	0010024c	f2d86ae3	bltu	x16,x13,100180	 x16:0x00000009 x13:0x0000000d
          38648	     19320	00100180	03768893	addi	x17,x13,55	 x13:0x0000000d x17=0x00000044
          38650	     19321	00100184	00020e37	lui	x28,0x20	 x28=0x00020000
          38652	     19322	00100188	01051f93	slli	x31,x10,0x10	 x10:0x7f1dfc87 x31=0xfc870000
          38656	     19324	0010018c	011e2023	sw	x17,0(x28)	 x28:0x00020000 x17:0x00000044 PA:0x00020000 store:0x00000044 load:0x00000000
          38658	     19325	00100190	01cfd793	srli	x15,x31,0x1c	 x31:0xfc870000 x15=0x0000000f
          38660	     19326	00100194	00900713	addi	x14,x0,9	  x0:0x00000000 x14=0x00000009
          38662	     19327	00100198	0cf77a63	bgeu	x14,x15,10026c	 x14:0x00000009 x15:0x0000000f
          38664	     19328	0010019c	03778293	addi	x5,x15,55	 x15:0x0000000f  x5=0x00000046
          38666	     19329	001001a0	00020337	lui	x6,0x20	  x6=0x00020000
          38668	     19330	001001a4	01451613	slli	x12,x10,0x14	 x10:0x7f1dfc87 x12=0xc8700000
          38672	     19332	001001a8	00532023	sw	x5,0(x6)	  x6:0x00020000  x5:0x00000046 PA:0x00020000 store:0x00000046 load:0x00000000
          38674	     19333	001001ac	01c65693	srli	x13,x12,0x1c	 x12:0xc8700000 x13=0x0000000c
          38676	     19334	001001b0	00900813	addi	x16,x0,9	  x0:0x00000000 x16=0x00000009
          38678	     19335	001001b4	0cd87a63	bgeu	x16,x13,100288	 x16:0x00000009 x13:0x0000000c
          38680	     19336	001001b8	03768893	addi	x17,x13,55	 x13:0x0000000c x17=0x00000043
          38682	     19337	001001bc	00020e37	lui	x28,0x20	 x28=0x00020000
          38684	     19338	001001c0	01851f93	slli	x31,x10,0x18	 x10:0x7f1dfc87 x31=0x87000000
          38688	     19340	001001c4	011e2023	sw	x17,0(x28)	 x28:0x00020000 x17:0x00000043 PA:0x00020000 store:0x00000043 load:0x00000000
          38690	     19341	001001c8	01cfd793	srli	x15,x31,0x1c	 x31:0x87000000 x15=0x00000008
          38692	     19342	001001cc	00900713	addi	x14,x0,9	  x0:0x00000000 x14=0x00000009
          38696	     19344	001001d0	0cf77a63	bgeu	x14,x15,1002a4	 x14:0x00000009 x15:0x00000008
          38700	     19346	001002a4	03078393	addi	x7,x15,48	 x15:0x00000008  x7=0x00000038
          38702	     19347	001002a8	000205b7	lui	x11,0x20	 x11=0x00020000
          38706	     19349	001002ac	0075a023	sw	x7,0(x11)	 x11:0x00020000  x7:0x00000038 PA:0x00020000 store:0x00000038 load:0x00000000
          38708	     19350	001002b0	00f57513	andi	x10,x10,15	 x10:0x7f1dfc87 x10=0x00000007
          38710	     19351	001002b4	00900613	addi	x12,x0,9	  x0:0x00000000 x12=0x00000009
          38714	     19353	001002b8	f2a67ae3	bgeu	x12,x10,1001ec	 x12:0x00000009 x10:0x00000007
          38718	     19355	001001ec	03050893	addi	x17,x10,48	 x10:0x00000007 x17=0x00000037
          38720	     19356	001001f0	00020e37	lui	x28,0x20	 x28=0x00020000
          38724	     19358	001001f4	011e2023	sw	x17,0(x28)	 x28:0x00020000 x17:0x00000037 PA:0x00020000 store:0x00000037 load:0x00000000
          38728	     19360	001001f8	00008067	jalr	x0,0(x1)	  x1:0x0010182c  x0=0x00000000
          38730	     19361	0010182c	ccca0513	addi	x10,x20,-820	 x20:0x00102000 x10=0x00101ccc
          38734	     19363	00101830	871fe0ef	jal	x1,1000a0	  x1=0x00101834
          38738	     19365	001000a0	00054803	lbu	x16,0(x10)	 x10:0x00101ccc x16=0x0000000a PA:0x00101ccc store:0x00000000
          38740	     19366	001000a4	06080663	beq	x16,x0,100110	 x16:0x0000000a  x0:0x00000000
          38742	     19367	001000a8	000207b7	lui	x15,0x20	 x15=0x00020000
          38746	     19369	001000ac	0107a023	sw	x16,0(x15)	 x15:0x00020000 x16:0x0000000a PA:0x00020000 store:0x0000000a load:0x00000000
          38750	     19371	001000b0	00154703	lbu	x14,1(x10)	 x10:0x00101ccc x14=0x0000000a PA:0x00101ccd store:0x00101834
          38752	     19372	001000b4	04070e63	beq	x14,x0,100110	 x14:0x0000000a  x0:0x00000000
          38756	     19374	001000b8	00e7a023	sw	x14,0(x15)	 x15:0x00020000 x14:0x0000000a PA:0x00020000 store:0x0000000a load:0x00000000
          38760	     19376	001000bc	00254283	lbu	x5,2(x10)	 x10:0x00101ccc  x5=0x00000000 PA:0x00101cce store:0x00137fa0
          38764	     19378	001000c0	04028863	beq	x5,x0,100110	  x5:0x00000000  x0:0x00000000
          38768	     19380	00100110	00000513	addi	x10,x0,0	  x0:0x00000000 x10=0x00000000
          38772	     19382	00100114	00008067	jalr	x0,0(x1)	  x1:0x00101834  x0=0x00000000
          38774	     19383	00101834	00000513	addi	x10,x0,0	  x0:0x00000000 x10=0x00000000
          38778	     19385	00101838	c29fe0ef	jal	x1,100460	  x1=0x0010183c
          38780	     19386	00100460	00153513	sltiu	x10,x10,1	 x10:0x00000000 x10=0x00000001
          38782	     19387	00100464	40a002b3	sub	x5,x0,x10	  x0:0x00000000 x10:0x00000001  x5=0xffffffff
          38784	     19388	00100468	32029073	csrrw	x0,mcountinhibit,x5	  x5:0xffffffff  x0=0x00000000
          38788	     19390	0010046c	00008067	jalr	x0,0(x1)	  x1:0x0010183c  x0=0x00000000
          38790	     19391	0010183c	7d000513	addi	x10,x0,2000	  x0:0x00000000 x10=0x000007d0
          38792	     19392	00101840	00000593	addi	x11,x0,0	  x0:0x00000000 x11=0x00000000
          38796	     19394	00101844	abcff0ef	jal	x1,100b00	  x1=0x00101848
          38798	     19395	00100b00	001026b7	lui	x13,0x102	 x13=0x00102000
          38800	     19396	00100b04	00000813	addi	x16,x0,0	  x0:0x00000000 x16=0x00000000
          38802	     19397	00100b08	001027b7	lui	x15,0x102	 x15=0x00102000
          38804	     19398	00100b0c	00030737	lui	x14,0x30	 x14=0x00030000
          38806	     19399	00100b10	00000893	addi	x17,x0,0	  x0:0x00000000 x17=0x00000000
          38810	     19401	00100b14	cf06a423	sw	x16,-792(x13)	 x13:0x00102000 x16:0x00000000 PA:0x00101ce8 store:0x00000000 load:0x00000a0a
          38814	     19403	00100b18	cf16a623	sw	x17,-788(x13)	 x13:0x00102000 x17:0x00000000 PA:0x00101cec store:0x00000000 load:0x00000a0a
          38818	     19405	00100b1c	cea7a023	sw	x10,-800(x15)	 x15:0x00102000 x10:0x000007d0 PA:0x00101ce0 store:0x000007d0 load:0x00000a0a
          38822	     19407	00100b20	ceb7a223	sw	x11,-796(x15)	 x15:0x00102000 x11:0x00000000 PA:0x00101ce4 store:0x00000000 load:0x00000a0a
          38824	     19408	00100b24	00030637	lui	x12,0x30	 x12=0x00030000
          38826	     19409	00100b28	00470293	addi	x5,x14,4	 x14:0x00030000  x5=0x00030004
          38830	     19411	00100b2c	0002a783	lw	x15,0(x5)	  x5:0x00030004 x15=0x00000000 PA:0x00030004 store:0x00000000
          38834	     19413	00100b30	00062683	lw	x13,0(x12)	 x12:0x00030000 x13=0x00004bd3 PA:0x00030000 store:0x00000000
          38838	     19415	00100b34	0002a303	lw	x6,0(x5)	  x5:0x00030004  x6=0x00000000 PA:0x00030004 store:0x00000000
          38842	     19417	00100b38	06678a63	beq	x15,x6,100bac	 x15:0x00000000  x6:0x00000000
          38846	     19419	00100bac	000308b7	lui	x17,0x30	 x17=0x00030000
          38848	     19420	00100bb0	00a68533	add	x10,x13,x10	 x13:0x00004bd3 x10:0x000007d0 x10=0x000053a3
          38850	     19421	00100bb4	00888293	addi	x5,x17,8	 x17:0x00030000  x5=0x00030008
          38852	     19422	00100bb8	00b783b3	add	x7,x15,x11	 x15:0x00000000 x11:0x00000000  x7=0x00000000
          38854	     19423	00100bbc	00d53333	sltu	x6,x10,x13	 x10:0x000053a3 x13:0x00004bd3  x6=0x00000000
          38856	     19424	00100bc0	fff00593	addi	x11,x0,-1	  x0:0x00000000 x11=0xffffffff
          38860	     19426	00100bc4	00b2a023	sw	x11,0(x5)	  x5:0x00030008 x11:0xffffffff PA:0x00030008 store:0xffffffff load:0x00000000
          38862	     19427	00100bc8	00030637	lui	x12,0x30	 x12=0x00030000
          38864	     19428	00100bcc	00730e33	add	x28,x6,x7	  x6:0x00000000  x7:0x00000000 x28=0x00000000
          38868	     19430	00100bd0	01c62623	sw	x28,12(x12)	 x12:0x00030000 x28:0x00000000 PA:0x0003000c store:0x00000000 load:0x00000000
          38872	     19432	00100bd4	00a2a023	sw	x10,0(x5)	  x5:0x00030008 x10:0x000053a3 PA:0x00030008 store:0x000053a3 load:0xffffffff
          38874	     19433	00100bd8	08000e93	addi	x29,x0,128	  x0:0x00000000 x29=0x00000080
          38876	     19434	00100bdc	304ea073	csrrs	x0,mie,x29	 x29:0x00000080  x0=0x00000000
          38882	     19437	00100be0	00800f13	addi	x30,x0,8	  x0:0x00000000 x30=0x00000008
          38884	     19438	00100be4	300f2073	csrrs	x0,mstatus,x30	 x30:0x00000008  x0=0x00000000
          38892	     19442	00100be8	00008067	jalr	x0,0(x1)	  x1:0x00101848  x0=0x00000000
          38896	     19444	00101848	c78ff0ef	jal	x1,100cc0	  x1=0x0010184c
          38898	     19445	00100cc0	001027b7	lui	x15,0x102	 x15=0x00102000
          38902	     19447	00100cc4	ce87a503	lw	x10,-792(x15)	 x15:0x00102000 x10=0x00000000 PA:0x00101ce8 store:0x00102000
          38906	     19449	00100cc8	cec7a583	lw	x11,-788(x15)	 x15:0x00102000 x11=0x00000000 PA:0x00101cec store:0x00030000
          38910	     19451	00100ccc	00008067	jalr	x0,0(x1)	  x1:0x0010184c  x0=0x00000000
          38912	     19452	0010184c	00058b13	addi	x22,x11,0	 x11:0x00000000 x22=0x00000000
          38914	     19453	00101850	00050913	addi	x18,x10,0	 x10:0x00000000 x18=0x00000000
          38916	     19454	00101854	06059a63	bne	x11,x0,1018c8	 x11:0x00000000  x0:0x00000000
          38918	     19455	00101858	00400a93	addi	x21,x0,4	  x0:0x00000000 x21=0x00000004
          38920	     19456	0010185c	06aae663	bltu	x21,x10,1018c8	 x21:0x00000004 x10:0x00000000
          38924	     19458	00101860	c60ff0ef	jal	x1,100cc0	  x1=0x00101864
          38926	     19459	00100cc0	001027b7	lui	x15,0x102	 x15=0x00102000
          38930	     19461	00100cc4	ce87a503	lw	x10,-792(x15)	 x15:0x00102000 x10=0x00000000 PA:0x00101ce8 store:0x00102000
          38934	     19463	00100cc8	cec7a583	lw	x11,-788(x15)	 x15:0x00102000 x11=0x00000000 PA:0x00101cec store:0x00030000
          38938	     19465	00100ccc	00008067	jalr	x0,0(x1)	  x1:0x00101864  x0=0x00000000
          38940	     19466	00101864	00102c37	lui	x24,0x102	 x24=0x00102000
          38942	     19467	00101868	00050413	addi	x8,x10,0	 x10:0x00000000  x8=0x00000000
          38944	     19468	0010186c	00157713	andi	x14,x10,1	 x10:0x00000000 x14=0x00000000
          38946	     19469	00101870	00400d93	addi	x27,x0,4	  x0:0x00000000 x27=0x00000004
          38948	     19470	00101874	00102d37	lui	x26,0x102	 x26=0x00102000
          38950	     19471	00101878	cd0c0513	addi	x10,x24,-816	 x24:0x00102000 x10=0x00101cd0
          38952	     19472	0010187c	00058493	addi	x9,x11,0	 x11:0x00000000  x9=0x00000000
          38956	     19474	00101880	03240e63	beq	x8,x18,1018bc	  x8:0x00000000 x18:0x00000000
          38960	     19476	001018bc	fd6594e3	bne	x11,x22,101884	 x11:0x00000000 x22:0x00000000
          38962	     19477	001018c0	10500073	wfi	
          42844	     21418	0010001c	6890006f	jal	x0,100ea4	  x0=0x00000000
          42848	     21420	00100ea4	e2dff06f	jal	x0,100cd0	  x0=0x00000000
          42850	     21421	00100cd0	fe010113	addi	x2,x2,-32	  x2:0x00137fa0  x2=0x00137f80
          42854	     21423	00100cd4	00f12423	sw	x15,8(x2)	  x2:0x00137f80 x15:0x00102000 PA:0x00137f88 store:0x00102000 load:0x00000000
          42856	     21424	00100cd8	001027b7	lui	x15,0x102	 x15=0x00102000
          42860	     21426	00100cdc	00b12c23	sw	x11,24(x2)	  x2:0x00137f80 x11:0x00000000 PA:0x00137f98 store:0x00000000 load:0x00000000
          42864	     21428	00100ce0	01012223	sw	x16,4(x2)	  x2:0x00137f80 x16:0x00000000 PA:0x00137f84 store:0x00000000 load:0x00000000
          42868	     21430	00100ce4	ce07a583	lw	x11,-800(x15)	 x15:0x00102000 x11=0x000007d0 PA:0x00101ce0 store:0x00000000
          42872	     21432	00100ce8	ce47a803	lw	x16,-796(x15)	 x15:0x00102000 x16=0x00000000 PA:0x00101ce4 store:0x00000000
          42876	     21434	00100cec	00e12623	sw	x14,12(x2)	  x2:0x00137f80 x14:0x00000000 PA:0x00137f8c store:0x00000000 load:0x00000000
          42878	     21435	00100cf0	00030737	lui	x14,0x30	 x14=0x00030000
          42882	     21437	00100cf4	00c12a23	sw	x12,20(x2)	  x2:0x00137f80 x12:0x00030000 PA:0x00137f94 store:0x00030000 load:0x00000000
          42886	     21439	00100cf8	01112023	sw	x17,0(x2)	  x2:0x00137f80 x17:0x00030000 PA:0x00137f80 store:0x00030000 load:0x00000000
          42890	     21441	00100cfc	00a12e23	sw	x10,28(x2)	  x2:0x00137f80 x10:0x00101cd0 PA:0x00137f9c store:0x00101cd0 load:0x00000000
          42894	     21443	00100d00	00d12823	sw	x13,16(x2)	  x2:0x00137f80 x13:0x00004bd3 PA:0x00137f90 store:0x00004bd3 load:0x00000000
          42896	     21444	00100d04	00030637	lui	x12,0x30	 x12=0x00030000
          42898	     21445	00100d08	00470893	addi	x17,x14,4	 x14:0x00030000 x17=0x00030004
          42902	     21447	00100d0c	0008a783	lw	x15,0(x17)	 x17:0x00030004 x15=0x00000000 PA:0x00030004 store:0x00000000
          42906	     21449	00100d10	00062683	lw	x13,0(x12)	 x12:0x00030000 x13=0x000053c7 PA:0x00030000 store:0x00000000
          42910	     21451	00100d14	0008a503	lw	x10,0(x17)	 x17:0x00030004 x10=0x00000000 PA:0x00030004 store:0x00000000
          42914	     21453	00100d18	06a78a63	beq	x15,x10,100d8c	 x15:0x00000000 x10:0x00000000
          42918	     21455	00100d8c	00b688b3	add	x17,x13,x11	 x13:0x000053c7 x11:0x000007d0 x17=0x00005b97
          42920	     21456	00100d90	00030637	lui	x12,0x30	 x12=0x00030000
          42922	     21457	00100d94	00d8b6b3	sltu	x13,x17,x13	 x17:0x00005b97 x13:0x000053c7 x13=0x00000000
          42924	     21458	00100d98	01078833	add	x16,x15,x16	 x15:0x00000000 x16:0x00000000 x16=0x00000000
          42926	     21459	00100d9c	fff00513	addi	x10,x0,-1	  x0:0x00000000 x10=0xffffffff
          42930	     21461	00100da0	00a62423	sw	x10,8(x12)	 x12:0x00030000 x10:0xffffffff PA:0x00030008 store:0xffffffff load:0x000053a3
          42932	     21462	00100da4	010687b3	add	x15,x13,x16	 x13:0x00000000 x16:0x00000000 x15=0x00000000
          42934	     21463	00100da8	000305b7	lui	x11,0x30	 x11=0x00030000
          42938	     21465	00100dac	00f5a623	sw	x15,12(x11)	 x11:0x00030000 x15:0x00000000 PA:0x0003000c store:0x00000000 load:0x00000000
          42942	     21467	00100db0	01162423	sw	x17,8(x12)	 x12:0x00030000 x17:0x00005b97 PA:0x00030008 store:0x00005b97 load:0xffffffff
          42944	     21468	00100db4	001026b7	lui	x13,0x102	 x13=0x00102000
          42948	     21470	00100db8	ce86a703	lw	x14,-792(x13)	 x13:0x00102000 x14=0x00000000 PA:0x00101ce8 store:0x00000000
          42952	     21472	00100dbc	cec6a883	lw	x17,-788(x13)	 x13:0x00102000 x17=0x00000000 PA:0x00101cec store:0x00030000
          42956	     21474	00100dc0	01c12503	lw	x10,28(x2)	  x2:0x00137f80 x10=0x00101cd0 PA:0x00137f9c store:0x00000000
          42958	     21475	00100dc4	00170593	addi	x11,x14,1	 x14:0x00000000 x11=0x00000001
          42960	     21476	00100dc8	00e5b633	sltu	x12,x11,x14	 x11:0x00000001 x14:0x00000000 x12=0x00000000
          42962	     21477	00100dcc	01160833	add	x16,x12,x17	 x12:0x00000000 x17:0x00000000 x16=0x00000000
          42966	     21479	00100dd0	ceb6a423	sw	x11,-792(x13)	 x13:0x00102000 x11:0x00000001 PA:0x00101ce8 store:0x00000001 load:0x00101cd0
          42970	     21481	00100dd4	cf06a623	sw	x16,-788(x13)	 x13:0x00102000 x16:0x00000000 PA:0x00101cec store:0x00000000 load:0x00101cd0
          42974	     21483	00100dd8	01812583	lw	x11,24(x2)	  x2:0x00137f80 x11=0x00000000 PA:0x00137f98 store:0x00102000
          42978	     21485	00100ddc	01412603	lw	x12,20(x2)	  x2:0x00137f80 x12=0x00030000 PA:0x00137f94 store:0x00102000
          42982	     21487	00100de0	01012683	lw	x13,16(x2)	  x2:0x00137f80 x13=0x00004bd3 PA:0x00137f90 store:0x00000000
          42986	     21489	00100de4	00c12703	lw	x14,12(x2)	  x2:0x00137f80 x14=0x00000000 PA:0x00137f8c store:0x00030000
          42990	     21491	00100de8	00812783	lw	x15,8(x2)	  x2:0x00137f80 x15=0x00102000 PA:0x00137f88 store:0x00000000
          42994	     21493	00100dec	00412803	lw	x16,4(x2)	  x2:0x00137f80 x16=0x00000000 PA:0x00137f84 store:0x00000000
          42998	     21495	00100df0	00012883	lw	x17,0(x2)	  x2:0x00137f80 x17=0x00030000 PA:0x00137f80 store:0x00000000
          43000	     21496	00100df4	02010113	addi	x2,x2,32	  x2:0x00137f80  x2=0x00137fa0
          43002	     21497	00100df8	30200073	mret	
          43010	     21501	001018c4	fd9ff06f	jal	x0,10189c	  x0=0x00000000
          43014	     21503	0010189c	c24ff0ef	jal	x1,100cc0	  x1=0x001018a0
          43016	     21504	00100cc0	001027b7	lui	x15,0x102	 x15=0x00102000
          43020	     21506	00100cc4	ce87a503	lw	x10,-792(x15)	 x15:0x00102000 x10=0x00000001 PA:0x00101ce8 store:0x00000000
          43024	     21508	00100cc8	cec7a583	lw	x11,-788(x15)	 x15:0x00102000 x11=0x00000000 PA:0x00101cec store:0x00030000
          43028	     21510	00100ccc	00008067	jalr	x0,0(x1)	  x1:0x001018a0  x0=0x00000000
          43030	     21511	001018a0	00040913	addi	x18,x8,0	  x8:0x00000000 x18=0x00000000
          43032	     21512	001018a4	00050413	addi	x8,x10,0	 x10:0x00000001  x8=0x00000001
          43034	     21513	001018a8	00048b13	addi	x22,x9,0	  x9:0x00000000 x22=0x00000000
          43036	     21514	001018ac	00157713	andi	x14,x10,1	 x10:0x00000001 x14=0x00000001
          43038	     21515	001018b0	00058493	addi	x9,x11,0	 x11:0x00000000  x9=0x00000000
          43040	     21516	001018b4	cd0c0513	addi	x10,x24,-816	 x24:0x00102000 x10=0x00101cd0
          43044	     21518	001018b8	fd2416e3	bne	x8,x18,101884	  x8:0x00000001 x18:0x00000000
          43050	     21521	00101884	00071463	bne	x14,x0,10188c	 x14:0x00000001  x0:0x00000000
          43056	     21524	0010188c	815fe0ef	jal	x1,1000a0	  x1=0x00101890
          43060	     21526	001000a0	00054803	lbu	x16,0(x10)	 x10:0x00101cd0 x16=0x00000054 PA:0x00101cd0 store:0x00000000
          43062	     21527	001000a4	06080663	beq	x16,x0,100110	 x16:0x00000054  x0:0x00000000
          43064	     21528	001000a8	000207b7	lui	x15,0x20	 x15=0x00020000
          43068	     21530	001000ac	0107a023	sw	x16,0(x15)	 x15:0x00020000 x16:0x00000054 PA:0x00020000 store:0x00000054 load:0x00000000
          43072	     21532	001000b0	00154703	lbu	x14,1(x10)	 x10:0x00101cd0 x14=0x00000069 PA:0x00101cd1 store:0x00101890
          43074	     21533	001000b4	04070e63	beq	x14,x0,100110	 x14:0x00000069  x0:0x00000000
          43078	     21535	001000b8	00e7a023	sw	x14,0(x15)	 x15:0x00020000 x14:0x00000069 PA:0x00020000 store:0x00000069 load:0x00000000
          43082	     21537	001000bc	00254283	lbu	x5,2(x10)	 x10:0x00101cd0  x5=0x00000063 PA:0x00101cd2 store:0x00137fa0
          43084	     21538	001000c0	04028863	beq	x5,x0,100110	  x5:0x00000063  x0:0x00000000
          43088	     21540	001000c4	0057a023	sw	x5,0(x15)	 x15:0x00020000  x5:0x00000063 PA:0x00020000 store:0x00000063 load:0x00000000
          43092	     21542	001000c8	00354303	lbu	x6,3(x10)	 x10:0x00101cd0  x6=0x0000006b PA:0x00101cd3 store:0x00000000
          43094	     21543	001000cc	04030263	beq	x6,x0,100110	  x6:0x0000006b  x0:0x00000000
          43098	     21545	001000d0	0067a023	sw	x6,0(x15)	 x15:0x00020000  x6:0x0000006b PA:0x00020000 store:0x0000006b load:0x00000000
          43102	     21547	001000d4	00454383	lbu	x7,4(x10)	 x10:0x00101cd0  x7=0x00000021 PA:0x00101cd4 store:0x00000000
          43104	     21548	001000d8	02038c63	beq	x7,x0,100110	  x7:0x00000021  x0:0x00000000
          43108	     21550	001000dc	0077a023	sw	x7,0(x15)	 x15:0x00020000  x7:0x00000021 PA:0x00020000 store:0x00000021 load:0x00000000
          43112	     21552	001000e0	00554583	lbu	x11,5(x10)	 x10:0x00101cd0 x11=0x0000000a PA:0x00101cd5 store:0x00000063
          43114	     21553	001000e4	02058663	beq	x11,x0,100110	 x11:0x0000000a  x0:0x00000000
          43118	     21555	001000e8	00b7a023	sw	x11,0(x15)	 x15:0x00020000 x11:0x0000000a PA:0x00020000 store:0x0000000a load:0x00000000
          43122	     21557	001000ec	00654603	lbu	x12,6(x10)	 x10:0x00101cd0 x12=0x00000000 PA:0x00101cd6 store:0x0000006b
          43126	     21559	001000f0	02060063	beq	x12,x0,100110	 x12:0x00000000  x0:0x00000000
          43130	     21561	00100110	00000513	addi	x10,x0,0	  x0:0x00000000 x10=0x00000000
          43134	     21563	00100114	00008067	jalr	x0,0(x1)	  x1:0x00101890  x0=0x00000000
          43136	     21564	00101890	10500073	wfi	
          46916	     23454	0010001c	6890006f	jal	x0,100ea4	  x0=0x00000000
          46920	     23456	00100ea4	e2dff06f	jal	x0,100cd0	  x0=0x00000000
          46922	     23457	00100cd0	fe010113	addi	x2,x2,-32	  x2:0x00137fa0  x2=0x00137f80
          46926	     23459	00100cd4	00f12423	sw	x15,8(x2)	  x2:0x00137f80 x15:0x00020000 PA:0x00137f88 store:0x00020000 load:0x00000a21
          46928	     23460	00100cd8	001027b7	lui	x15,0x102	 x15=0x00102000
          46932	     23462	00100cdc	00b12c23	sw	x11,24(x2)	  x2:0x00137f80 x11:0x0000000a PA:0x00137f98 store:0x0000000a load:0x00000a21
          46936	     23464	00100ce0	01012223	sw	x16,4(x2)	  x2:0x00137f80 x16:0x00000054 PA:0x00137f84 store:0x00000054 load:0x00000a21
          46940	     23466	00100ce4	ce07a583	lw	x11,-800(x15)	 x15:0x00102000 x11=0x000007d0 PA:0x00101ce0 store:0x00000000
          46944	     23468	00100ce8	ce47a803	lw	x16,-796(x15)	 x15:0x00102000 x16=0x00000000 PA:0x00101ce4 store:0x00000000
          46948	     23470	00100cec	00e12623	sw	x14,12(x2)	  x2:0x00137f80 x14:0x00000069 PA:0x00137f8c store:0x00000069 load:0x00000000
          46950	     23471	00100cf0	00030737	lui	x14,0x30	 x14=0x00030000
          46954	     23473	00100cf4	00c12a23	sw	x12,20(x2)	  x2:0x00137f80 x12:0x00000000 PA:0x00137f94 store:0x00000000 load:0x00000000
          46958	     23475	00100cf8	01112023	sw	x17,0(x2)	  x2:0x00137f80 x17:0x00030000 PA:0x00137f80 store:0x00030000 load:0x00000000
          46962	     23477	00100cfc	00a12e23	sw	x10,28(x2)	  x2:0x00137f80 x10:0x00000000 PA:0x00137f9c store:0x00000000 load:0x00000000
          46966	     23479	00100d00	00d12823	sw	x13,16(x2)	  x2:0x00137f80 x13:0x00004bd3 PA:0x00137f90 store:0x00004bd3 load:0x00000000
          46968	     23480	00100d04	00030637	lui	x12,0x30	 x12=0x00030000
          46970	     23481	00100d08	00470893	addi	x17,x14,4	 x14:0x00030000 x17=0x00030004
          46974	     23483	00100d0c	0008a783	lw	x15,0(x17)	 x17:0x00030004 x15=0x00000000 PA:0x00030004 store:0x00000000
          46978	     23485	00100d10	00062683	lw	x13,0(x12)	 x12:0x00030000 x13=0x00005bbb PA:0x00030000 store:0x00000000
          46982	     23487	00100d14	0008a503	lw	x10,0(x17)	 x17:0x00030004 x10=0x00000000 PA:0x00030004 store:0x00000000
          46986	     23489	00100d18	06a78a63	beq	x15,x10,100d8c	 x15:0x00000000 x10:0x00000000
          46990	     23491	00100d8c	00b688b3	add	x17,x13,x11	 x13:0x00005bbb x11:0x000007d0 x17=0x0000638b
          46992	     23492	00100d90	00030637	lui	x12,0x30	 x12=0x00030000
          46994	     23493	00100d94	00d8b6b3	sltu	x13,x17,x13	 x17:0x0000638b x13:0x00005bbb x13=0x00000000
          46996	     23494	00100d98	01078833	add	x16,x15,x16	 x15:0x00000000 x16:0x00000000 x16=0x00000000
          46998	     23495	00100d9c	fff00513	addi	x10,x0,-1	  x0:0x00000000 x10=0xffffffff
          47002	     23497	00100da0	00a62423	sw	x10,8(x12)	 x12:0x00030000 x10:0xffffffff PA:0x00030008 store:0xffffffff load:0x00005b97
          47004	     23498	00100da4	010687b3	add	x15,x13,x16	 x13:0x00000000 x16:0x00000000 x15=0x00000000
          47006	     23499	00100da8	000305b7	lui	x11,0x30	 x11=0x00030000
          47010	     23501	00100dac	00f5a623	sw	x15,12(x11)	 x11:0x00030000 x15:0x00000000 PA:0x0003000c store:0x00000000 load:0x00000000
          47014	     23503	00100db0	01162423	sw	x17,8(x12)	 x12:0x00030000 x17:0x0000638b PA:0x00030008 store:0x0000638b load:0xffffffff
          47016	     23504	00100db4	001026b7	lui	x13,0x102	 x13=0x00102000
          47020	     23506	00100db8	ce86a703	lw	x14,-792(x13)	 x13:0x00102000 x14=0x00000001 PA:0x00101ce8 store:0x00000001
          47024	     23508	00100dbc	cec6a883	lw	x17,-788(x13)	 x13:0x00102000 x17=0x00000000 PA:0x00101cec store:0x00030000
          47028	     23510	00100dc0	01c12503	lw	x10,28(x2)	  x2:0x00137f80 x10=0x00000000 PA:0x00137f9c store:0x00000000
          47030	     23511	00100dc4	00170593	addi	x11,x14,1	 x14:0x00000001 x11=0x00000002
          47032	     23512	00100dc8	00e5b633	sltu	x12,x11,x14	 x11:0x00000002 x14:0x00000001 x12=0x00000000
          47034	     23513	00100dcc	01160833	add	x16,x12,x17	 x12:0x00000000 x17:0x00000000 x16=0x00000000
          47038	     23515	00100dd0	ceb6a423	sw	x11,-792(x13)	 x13:0x00102000 x11:0x00000002 PA:0x00101ce8 store:0x00000002 load:0x00000000
          47042	     23517	00100dd4	cf06a623	sw	x16,-788(x13)	 x13:0x00102000 x16:0x00000000 PA:0x00101cec store:0x00000000 load:0x00000000
          47046	     23519	00100dd8	01812583	lw	x11,24(x2)	  x2:0x00137f80 x11=0x0000000a PA:0x00137f98 store:0x00102000
          47050	     23521	00100ddc	01412603	lw	x12,20(x2)	  x2:0x00137f80 x12=0x00000000 PA:0x00137f94 store:0x00102000
          47054	     23523	00100de0	01012683	lw	x13,16(x2)	  x2:0x00137f80 x13=0x00004bd3 PA:0x00137f90 store:0x00000000
          47058	     23525	00100de4	00c12703	lw	x14,12(x2)	  x2:0x00137f80 x14=0x00000069 PA:0x00137f8c store:0x00000000
          47062	     23527	00100de8	00812783	lw	x15,8(x2)	  x2:0x00137f80 x15=0x00020000 PA:0x00137f88 store:0x00000001
          47066	     23529	00100dec	00412803	lw	x16,4(x2)	  x2:0x00137f80 x16=0x00000054 PA:0x00137f84 store:0x00000000
          47070	     23531	00100df0	00012883	lw	x17,0(x2)	  x2:0x00137f80 x17=0x00030000 PA:0x00137f80 store:0x00000000
          47072	     23532	00100df4	02010113	addi	x2,x2,32	  x2:0x00137f80  x2=0x00137fa0
          47074	     23533	00100df8	30200073	mret	
          47080	     23536	00101894	02049a63	bne	x9,x0,1018c8	  x9:0x00000000  x0:0x00000000
          47082	     23537	00101898	028de863	bltu	x27,x8,1018c8	 x27:0x00000004  x8:0x00000001
          47086	     23539	0010189c	c24ff0ef	jal	x1,100cc0	  x1=0x001018a0
          47088	     23540	00100cc0	001027b7	lui	x15,0x102	 x15=0x00102000
          47092	     23542	00100cc4	ce87a503	lw	x10,-792(x15)	 x15:0x00102000 x10=0x00000002 PA:0x00101ce8 store:0x00000001
          47096	     23544	00100cc8	cec7a583	lw	x11,-788(x15)	 x15:0x00102000 x11=0x00000000 PA:0x00101cec store:0x00000000
          47100	     23546	00100ccc	00008067	jalr	x0,0(x1)	  x1:0x001018a0  x0=0x00000000
          47102	     23547	001018a0	00040913	addi	x18,x8,0	  x8:0x00000001 x18=0x00000001
          47104	     23548	001018a4	00050413	addi	x8,x10,0	 x10:0x00000002  x8=0x00000002
          47106	     23549	001018a8	00048b13	addi	x22,x9,0	  x9:0x00000000 x22=0x00000000
          47108	     23550	001018ac	00157713	andi	x14,x10,1	 x10:0x00000002 x14=0x00000000
          47110	     23551	001018b0	00058493	addi	x9,x11,0	 x11:0x00000000  x9=0x00000000
          47112	     23552	001018b4	cd0c0513	addi	x10,x24,-816	 x24:0x00102000 x10=0x00101cd0
          47116	     23554	001018b8	fd2416e3	bne	x8,x18,101884	  x8:0x00000002 x18:0x00000001
          47120	     23556	00101884	00071463	bne	x14,x0,10188c	 x14:0x00000000  x0:0x00000000
          47122	     23557	00101888	cd8d0513	addi	x10,x26,-808	 x26:0x00102000 x10=0x00101cd8
          47126	     23559	0010188c	815fe0ef	jal	x1,1000a0	  x1=0x00101890
          47130	     23561	001000a0	00054803	lbu	x16,0(x10)	 x10:0x00101cd8 x16=0x00000054 PA:0x00101cd8 store:0x00000000
          47132	     23562	001000a4	06080663	beq	x16,x0,100110	 x16:0x00000054  x0:0x00000000
          47134	     23563	001000a8	000207b7	lui	x15,0x20	 x15=0x00020000
          47138	     23565	001000ac	0107a023	sw	x16,0(x15)	 x15:0x00020000 x16:0x00000054 PA:0x00020000 store:0x00000054 load:0x00000000
          47142	     23567	001000b0	00154703	lbu	x14,1(x10)	 x10:0x00101cd8 x14=0x0000006f PA:0x00101cd9 store:0x00101890
          47144	     23568	001000b4	04070e63	beq	x14,x0,100110	 x14:0x0000006f  x0:0x00000000
          47148	     23570	001000b8	00e7a023	sw	x14,0(x15)	 x15:0x00020000 x14:0x0000006f PA:0x00020000 store:0x0000006f load:0x00000000
          47152	     23572	001000bc	00254283	lbu	x5,2(x10)	 x10:0x00101cd8  x5=0x00000063 PA:0x00101cda store:0x00137fa0
          47154	     23573	001000c0	04028863	beq	x5,x0,100110	  x5:0x00000063  x0:0x00000000
          47158	     23575	001000c4	0057a023	sw	x5,0(x15)	 x15:0x00020000  x5:0x00000063 PA:0x00020000 store:0x00000063 load:0x00000000
          47162	     23577	001000c8	00354303	lbu	x6,3(x10)	 x10:0x00101cd8  x6=0x0000006b PA:0x00101cdb store:0x00000000
          47164	     23578	001000cc	04030263	beq	x6,x0,100110	  x6:0x0000006b  x0:0x00000000
          47168	     23580	001000d0	0067a023	sw	x6,0(x15)	 x15:0x00020000  x6:0x0000006b PA:0x00020000 store:0x0000006b load:0x00000000
          47172	     23582	001000d4	00454383	lbu	x7,4(x10)	 x10:0x00101cd8  x7=0x00000021 PA:0x00101cdc store:0x00000000
          47174	     23583	001000d8	02038c63	beq	x7,x0,100110	  x7:0x00000021  x0:0x00000000
          47178	     23585	001000dc	0077a023	sw	x7,0(x15)	 x15:0x00020000  x7:0x00000021 PA:0x00020000 store:0x00000021 load:0x00000000
          47182	     23587	001000e0	00554583	lbu	x11,5(x10)	 x10:0x00101cd8 x11=0x0000000a PA:0x00101cdd store:0x00000063
          47184	     23588	001000e4	02058663	beq	x11,x0,100110	 x11:0x0000000a  x0:0x00000000
          47188	     23590	001000e8	00b7a023	sw	x11,0(x15)	 x15:0x00020000 x11:0x0000000a PA:0x00020000 store:0x0000000a load:0x00000000
          47192	     23592	001000ec	00654603	lbu	x12,6(x10)	 x10:0x00101cd8 x12=0x00000000 PA:0x00101cde store:0x0000006b
          47196	     23594	001000f0	02060063	beq	x12,x0,100110	 x12:0x00000000  x0:0x00000000
          47200	     23596	00100110	00000513	addi	x10,x0,0	  x0:0x00000000 x10=0x00000000
          47204	     23598	00100114	00008067	jalr	x0,0(x1)	  x1:0x00101890  x0=0x00000000
          47206	     23599	00101890	10500073	wfi	
          50988	     25490	0010001c	6890006f	jal	x0,100ea4	  x0=0x00000000
          50992	     25492	00100ea4	e2dff06f	jal	x0,100cd0	  x0=0x00000000
          50994	     25493	00100cd0	fe010113	addi	x2,x2,-32	  x2:0x00137fa0  x2=0x00137f80
          50998	     25495	00100cd4	00f12423	sw	x15,8(x2)	  x2:0x00137f80 x15:0x00020000 PA:0x00137f88 store:0x00020000 load:0x00000a21
          51000	     25496	00100cd8	001027b7	lui	x15,0x102	 x15=0x00102000
          51004	     25498	00100cdc	00b12c23	sw	x11,24(x2)	  x2:0x00137f80 x11:0x0000000a PA:0x00137f98 store:0x0000000a load:0x00000a21
          51008	     25500	00100ce0	01012223	sw	x16,4(x2)	  x2:0x00137f80 x16:0x00000054 PA:0x00137f84 store:0x00000054 load:0x00000a21
          51012	     25502	00100ce4	ce07a583	lw	x11,-800(x15)	 x15:0x00102000 x11=0x000007d0 PA:0x00101ce0 store:0x00000000
          51016	     25504	00100ce8	ce47a803	lw	x16,-796(x15)	 x15:0x00102000 x16=0x00000000 PA:0x00101ce4 store:0x00000000
          51020	     25506	00100cec	00e12623	sw	x14,12(x2)	  x2:0x00137f80 x14:0x0000006f PA:0x00137f8c store:0x0000006f load:0x00000000
          51022	     25507	00100cf0	00030737	lui	x14,0x30	 x14=0x00030000
          51026	     25509	00100cf4	00c12a23	sw	x12,20(x2)	  x2:0x00137f80 x12:0x00000000 PA:0x00137f94 store:0x00000000 load:0x00000000
          51030	     25511	00100cf8	01112023	sw	x17,0(x2)	  x2:0x00137f80 x17:0x00030000 PA:0x00137f80 store:0x00030000 load:0x00000000
          51034	     25513	00100cfc	00a12e23	sw	x10,28(x2)	  x2:0x00137f80 x10:0x00000000 PA:0x00137f9c store:0x00000000 load:0x00000000
          51038	     25515	00100d00	00d12823	sw	x13,16(x2)	  x2:0x00137f80 x13:0x00004bd3 PA:0x00137f90 store:0x00004bd3 load:0x00000000
          51040	     25516	00100d04	00030637	lui	x12,0x30	 x12=0x00030000
          51042	     25517	00100d08	00470893	addi	x17,x14,4	 x14:0x00030000 x17=0x00030004
          51046	     25519	00100d0c	0008a783	lw	x15,0(x17)	 x17:0x00030004 x15=0x00000000 PA:0x00030004 store:0x00000000
          51050	     25521	00100d10	00062683	lw	x13,0(x12)	 x12:0x00030000 x13=0x000063af PA:0x00030000 store:0x00000000
          51054	     25523	00100d14	0008a503	lw	x10,0(x17)	 x17:0x00030004 x10=0x00000000 PA:0x00030004 store:0x00000000
          51058	     25525	00100d18	06a78a63	beq	x15,x10,100d8c	 x15:0x00000000 x10:0x00000000
          51062	     25527	00100d8c	00b688b3	add	x17,x13,x11	 x13:0x000063af x11:0x000007d0 x17=0x00006b7f
          51064	     25528	00100d90	00030637	lui	x12,0x30	 x12=0x00030000
          51066	     25529	00100d94	00d8b6b3	sltu	x13,x17,x13	 x17:0x00006b7f x13:0x000063af x13=0x00000000
          51068	     25530	00100d98	01078833	add	x16,x15,x16	 x15:0x00000000 x16:0x00000000 x16=0x00000000
          51070	     25531	00100d9c	fff00513	addi	x10,x0,-1	  x0:0x00000000 x10=0xffffffff
          51074	     25533	00100da0	00a62423	sw	x10,8(x12)	 x12:0x00030000 x10:0xffffffff PA:0x00030008 store:0xffffffff load:0x0000638b
          51076	     25534	00100da4	010687b3	add	x15,x13,x16	 x13:0x00000000 x16:0x00000000 x15=0x00000000
          51078	     25535	00100da8	000305b7	lui	x11,0x30	 x11=0x00030000
          51082	     25537	00100dac	00f5a623	sw	x15,12(x11)	 x11:0x00030000 x15:0x00000000 PA:0x0003000c store:0x00000000 load:0x00000000
          51086	     25539	00100db0	01162423	sw	x17,8(x12)	 x12:0x00030000 x17:0x00006b7f PA:0x00030008 store:0x00006b7f load:0xffffffff
          51088	     25540	00100db4	001026b7	lui	x13,0x102	 x13=0x00102000
          51092	     25542	00100db8	ce86a703	lw	x14,-792(x13)	 x13:0x00102000 x14=0x00000002 PA:0x00101ce8 store:0x00000002
          51096	     25544	00100dbc	cec6a883	lw	x17,-788(x13)	 x13:0x00102000 x17=0x00000000 PA:0x00101cec store:0x00030000
          51100	     25546	00100dc0	01c12503	lw	x10,28(x2)	  x2:0x00137f80 x10=0x00000000 PA:0x00137f9c store:0x00000000
          51102	     25547	00100dc4	00170593	addi	x11,x14,1	 x14:0x00000002 x11=0x00000003
          51104	     25548	00100dc8	00e5b633	sltu	x12,x11,x14	 x11:0x00000003 x14:0x00000002 x12=0x00000000
          51106	     25549	00100dcc	01160833	add	x16,x12,x17	 x12:0x00000000 x17:0x00000000 x16=0x00000000
          51110	     25551	00100dd0	ceb6a423	sw	x11,-792(x13)	 x13:0x00102000 x11:0x00000003 PA:0x00101ce8 store:0x00000003 load:0x00000000
          51114	     25553	00100dd4	cf06a623	sw	x16,-788(x13)	 x13:0x00102000 x16:0x00000000 PA:0x00101cec store:0x00000000 load:0x00000000
          51118	     25555	00100dd8	01812583	lw	x11,24(x2)	  x2:0x00137f80 x11=0x0000000a PA:0x00137f98 store:0x00102000
          51122	     25557	00100ddc	01412603	lw	x12,20(x2)	  x2:0x00137f80 x12=0x00000000 PA:0x00137f94 store:0x00102000
          51126	     25559	00100de0	01012683	lw	x13,16(x2)	  x2:0x00137f80 x13=0x00004bd3 PA:0x00137f90 store:0x00000000
          51130	     25561	00100de4	00c12703	lw	x14,12(x2)	  x2:0x00137f80 x14=0x0000006f PA:0x00137f8c store:0x00000000
          51134	     25563	00100de8	00812783	lw	x15,8(x2)	  x2:0x00137f80 x15=0x00020000 PA:0x00137f88 store:0x00000002
          51138	     25565	00100dec	00412803	lw	x16,4(x2)	  x2:0x00137f80 x16=0x00000054 PA:0x00137f84 store:0x00000000
          51142	     25567	00100df0	00012883	lw	x17,0(x2)	  x2:0x00137f80 x17=0x00030000 PA:0x00137f80 store:0x00000000
          51144	     25568	00100df4	02010113	addi	x2,x2,32	  x2:0x00137f80  x2=0x00137fa0
          51146	     25569	00100df8	30200073	mret	
          51152	     25572	00101894	02049a63	bne	x9,x0,1018c8	  x9:0x00000000  x0:0x00000000
          51154	     25573	00101898	028de863	bltu	x27,x8,1018c8	 x27:0x00000004  x8:0x00000002
          51158	     25575	0010189c	c24ff0ef	jal	x1,100cc0	  x1=0x001018a0
          51160	     25576	00100cc0	001027b7	lui	x15,0x102	 x15=0x00102000
          51164	     25578	00100cc4	ce87a503	lw	x10,-792(x15)	 x15:0x00102000 x10=0x00000003 PA:0x00101ce8 store:0x00000002
          51168	     25580	00100cc8	cec7a583	lw	x11,-788(x15)	 x15:0x00102000 x11=0x00000000 PA:0x00101cec store:0x00000000
          51172	     25582	00100ccc	00008067	jalr	x0,0(x1)	  x1:0x001018a0  x0=0x00000000
          51174	     25583	001018a0	00040913	addi	x18,x8,0	  x8:0x00000002 x18=0x00000002
          51176	     25584	001018a4	00050413	addi	x8,x10,0	 x10:0x00000003  x8=0x00000003
          51178	     25585	001018a8	00048b13	addi	x22,x9,0	  x9:0x00000000 x22=0x00000000
          51180	     25586	001018ac	00157713	andi	x14,x10,1	 x10:0x00000003 x14=0x00000001
          51182	     25587	001018b0	00058493	addi	x9,x11,0	 x11:0x00000000  x9=0x00000000
          51184	     25588	001018b4	cd0c0513	addi	x10,x24,-816	 x24:0x00102000 x10=0x00101cd0
          51188	     25590	001018b8	fd2416e3	bne	x8,x18,101884	  x8:0x00000003 x18:0x00000002
          51194	     25593	00101884	00071463	bne	x14,x0,10188c	 x14:0x00000001  x0:0x00000000
          51200	     25596	0010188c	815fe0ef	jal	x1,1000a0	  x1=0x00101890
          51204	     25598	001000a0	00054803	lbu	x16,0(x10)	 x10:0x00101cd0 x16=0x00000054 PA:0x00101cd0 store:0x00000000
          51206	     25599	001000a4	06080663	beq	x16,x0,100110	 x16:0x00000054  x0:0x00000000
          51208	     25600	001000a8	000207b7	lui	x15,0x20	 x15=0x00020000
          51212	     25602	001000ac	0107a023	sw	x16,0(x15)	 x15:0x00020000 x16:0x00000054 PA:0x00020000 store:0x00000054 load:0x00000000
          51216	     25604	001000b0	00154703	lbu	x14,1(x10)	 x10:0x00101cd0 x14=0x00000069 PA:0x00101cd1 store:0x00101890
          51218	     25605	001000b4	04070e63	beq	x14,x0,100110	 x14:0x00000069  x0:0x00000000
          51222	     25607	001000b8	00e7a023	sw	x14,0(x15)	 x15:0x00020000 x14:0x00000069 PA:0x00020000 store:0x00000069 load:0x00000000
          51226	     25609	001000bc	00254283	lbu	x5,2(x10)	 x10:0x00101cd0  x5=0x00000063 PA:0x00101cd2 store:0x00137fa0
          51228	     25610	001000c0	04028863	beq	x5,x0,100110	  x5:0x00000063  x0:0x00000000
          51232	     25612	001000c4	0057a023	sw	x5,0(x15)	 x15:0x00020000  x5:0x00000063 PA:0x00020000 store:0x00000063 load:0x00000000
          51236	     25614	001000c8	00354303	lbu	x6,3(x10)	 x10:0x00101cd0  x6=0x0000006b PA:0x00101cd3 store:0x00000000
          51238	     25615	001000cc	04030263	beq	x6,x0,100110	  x6:0x0000006b  x0:0x00000000
          51242	     25617	001000d0	0067a023	sw	x6,0(x15)	 x15:0x00020000  x6:0x0000006b PA:0x00020000 store:0x0000006b load:0x00000000
          51246	     25619	001000d4	00454383	lbu	x7,4(x10)	 x10:0x00101cd0  x7=0x00000021 PA:0x00101cd4 store:0x00000000
          51248	     25620	001000d8	02038c63	beq	x7,x0,100110	  x7:0x00000021  x0:0x00000000
          51252	     25622	001000dc	0077a023	sw	x7,0(x15)	 x15:0x00020000  x7:0x00000021 PA:0x00020000 store:0x00000021 load:0x00000000
          51256	     25624	001000e0	00554583	lbu	x11,5(x10)	 x10:0x00101cd0 x11=0x0000000a PA:0x00101cd5 store:0x00000063
          51258	     25625	001000e4	02058663	beq	x11,x0,100110	 x11:0x0000000a  x0:0x00000000
          51262	     25627	001000e8	00b7a023	sw	x11,0(x15)	 x15:0x00020000 x11:0x0000000a PA:0x00020000 store:0x0000000a load:0x00000000
          51266	     25629	001000ec	00654603	lbu	x12,6(x10)	 x10:0x00101cd0 x12=0x00000000 PA:0x00101cd6 store:0x0000006b
          51270	     25631	001000f0	02060063	beq	x12,x0,100110	 x12:0x00000000  x0:0x00000000
          51274	     25633	00100110	00000513	addi	x10,x0,0	  x0:0x00000000 x10=0x00000000
          51278	     25635	00100114	00008067	jalr	x0,0(x1)	  x1:0x00101890  x0=0x00000000
          51280	     25636	00101890	10500073	wfi	
          55060	     27526	0010001c	6890006f	jal	x0,100ea4	  x0=0x00000000
          55064	     27528	00100ea4	e2dff06f	jal	x0,100cd0	  x0=0x00000000
          55066	     27529	00100cd0	fe010113	addi	x2,x2,-32	  x2:0x00137fa0  x2=0x00137f80
          55070	     27531	00100cd4	00f12423	sw	x15,8(x2)	  x2:0x00137f80 x15:0x00020000 PA:0x00137f88 store:0x00020000 load:0x00000a21
          55072	     27532	00100cd8	001027b7	lui	x15,0x102	 x15=0x00102000
          55076	     27534	00100cdc	00b12c23	sw	x11,24(x2)	  x2:0x00137f80 x11:0x0000000a PA:0x00137f98 store:0x0000000a load:0x00000a21
          55080	     27536	00100ce0	01012223	sw	x16,4(x2)	  x2:0x00137f80 x16:0x00000054 PA:0x00137f84 store:0x00000054 load:0x00000a21
          55084	     27538	00100ce4	ce07a583	lw	x11,-800(x15)	 x15:0x00102000 x11=0x000007d0 PA:0x00101ce0 store:0x00000000
          55088	     27540	00100ce8	ce47a803	lw	x16,-796(x15)	 x15:0x00102000 x16=0x00000000 PA:0x00101ce4 store:0x00000000
          55092	     27542	00100cec	00e12623	sw	x14,12(x2)	  x2:0x00137f80 x14:0x00000069 PA:0x00137f8c store:0x00000069 load:0x00000000
          55094	     27543	00100cf0	00030737	lui	x14,0x30	 x14=0x00030000
          55098	     27545	00100cf4	00c12a23	sw	x12,20(x2)	  x2:0x00137f80 x12:0x00000000 PA:0x00137f94 store:0x00000000 load:0x00000000
          55102	     27547	00100cf8	01112023	sw	x17,0(x2)	  x2:0x00137f80 x17:0x00030000 PA:0x00137f80 store:0x00030000 load:0x00000000
          55106	     27549	00100cfc	00a12e23	sw	x10,28(x2)	  x2:0x00137f80 x10:0x00000000 PA:0x00137f9c store:0x00000000 load:0x00000000
          55110	     27551	00100d00	00d12823	sw	x13,16(x2)	  x2:0x00137f80 x13:0x00004bd3 PA:0x00137f90 store:0x00004bd3 load:0x00000000
          55112	     27552	00100d04	00030637	lui	x12,0x30	 x12=0x00030000
          55114	     27553	00100d08	00470893	addi	x17,x14,4	 x14:0x00030000 x17=0x00030004
          55118	     27555	00100d0c	0008a783	lw	x15,0(x17)	 x17:0x00030004 x15=0x00000000 PA:0x00030004 store:0x00000000
          55122	     27557	00100d10	00062683	lw	x13,0(x12)	 x12:0x00030000 x13=0x00006ba3 PA:0x00030000 store:0x00000000
          55126	     27559	00100d14	0008a503	lw	x10,0(x17)	 x17:0x00030004 x10=0x00000000 PA:0x00030004 store:0x00000000
          55130	     27561	00100d18	06a78a63	beq	x15,x10,100d8c	 x15:0x00000000 x10:0x00000000
          55134	     27563	00100d8c	00b688b3	add	x17,x13,x11	 x13:0x00006ba3 x11:0x000007d0 x17=0x00007373
          55136	     27564	00100d90	00030637	lui	x12,0x30	 x12=0x00030000
          55138	     27565	00100d94	00d8b6b3	sltu	x13,x17,x13	 x17:0x00007373 x13:0x00006ba3 x13=0x00000000
          55140	     27566	00100d98	01078833	add	x16,x15,x16	 x15:0x00000000 x16:0x00000000 x16=0x00000000
          55142	     27567	00100d9c	fff00513	addi	x10,x0,-1	  x0:0x00000000 x10=0xffffffff
          55146	     27569	00100da0	00a62423	sw	x10,8(x12)	 x12:0x00030000 x10:0xffffffff PA:0x00030008 store:0xffffffff load:0x00006b7f
          55148	     27570	00100da4	010687b3	add	x15,x13,x16	 x13:0x00000000 x16:0x00000000 x15=0x00000000
          55150	     27571	00100da8	000305b7	lui	x11,0x30	 x11=0x00030000
          55154	     27573	00100dac	00f5a623	sw	x15,12(x11)	 x11:0x00030000 x15:0x00000000 PA:0x0003000c store:0x00000000 load:0x00000000
          55158	     27575	00100db0	01162423	sw	x17,8(x12)	 x12:0x00030000 x17:0x00007373 PA:0x00030008 store:0x00007373 load:0xffffffff
          55160	     27576	00100db4	001026b7	lui	x13,0x102	 x13=0x00102000
          55164	     27578	00100db8	ce86a703	lw	x14,-792(x13)	 x13:0x00102000 x14=0x00000003 PA:0x00101ce8 store:0x00000003
          55168	     27580	00100dbc	cec6a883	lw	x17,-788(x13)	 x13:0x00102000 x17=0x00000000 PA:0x00101cec store:0x00030000
          55172	     27582	00100dc0	01c12503	lw	x10,28(x2)	  x2:0x00137f80 x10=0x00000000 PA:0x00137f9c store:0x00000000
          55174	     27583	00100dc4	00170593	addi	x11,x14,1	 x14:0x00000003 x11=0x00000004
          55176	     27584	00100dc8	00e5b633	sltu	x12,x11,x14	 x11:0x00000004 x14:0x00000003 x12=0x00000000
          55178	     27585	00100dcc	01160833	add	x16,x12,x17	 x12:0x00000000 x17:0x00000000 x16=0x00000000
          55182	     27587	00100dd0	ceb6a423	sw	x11,-792(x13)	 x13:0x00102000 x11:0x00000004 PA:0x00101ce8 store:0x00000004 load:0x00000000
          55186	     27589	00100dd4	cf06a623	sw	x16,-788(x13)	 x13:0x00102000 x16:0x00000000 PA:0x00101cec store:0x00000000 load:0x00000000
          55190	     27591	00100dd8	01812583	lw	x11,24(x2)	  x2:0x00137f80 x11=0x0000000a PA:0x00137f98 store:0x00102000
          55194	     27593	00100ddc	01412603	lw	x12,20(x2)	  x2:0x00137f80 x12=0x00000000 PA:0x00137f94 store:0x00102000
          55198	     27595	00100de0	01012683	lw	x13,16(x2)	  x2:0x00137f80 x13=0x00004bd3 PA:0x00137f90 store:0x00000000
          55202	     27597	00100de4	00c12703	lw	x14,12(x2)	  x2:0x00137f80 x14=0x00000069 PA:0x00137f8c store:0x00000000
          55206	     27599	00100de8	00812783	lw	x15,8(x2)	  x2:0x00137f80 x15=0x00020000 PA:0x00137f88 store:0x00000003
          55210	     27601	00100dec	00412803	lw	x16,4(x2)	  x2:0x00137f80 x16=0x00000054 PA:0x00137f84 store:0x00000000
          55214	     27603	00100df0	00012883	lw	x17,0(x2)	  x2:0x00137f80 x17=0x00030000 PA:0x00137f80 store:0x00000000
          55216	     27604	00100df4	02010113	addi	x2,x2,32	  x2:0x00137f80  x2=0x00137fa0
          55218	     27605	00100df8	30200073	mret	
          55224	     27608	00101894	02049a63	bne	x9,x0,1018c8	  x9:0x00000000  x0:0x00000000
          55226	     27609	00101898	028de863	bltu	x27,x8,1018c8	 x27:0x00000004  x8:0x00000003
          55230	     27611	0010189c	c24ff0ef	jal	x1,100cc0	  x1=0x001018a0
          55232	     27612	00100cc0	001027b7	lui	x15,0x102	 x15=0x00102000
          55236	     27614	00100cc4	ce87a503	lw	x10,-792(x15)	 x15:0x00102000 x10=0x00000004 PA:0x00101ce8 store:0x00000003
          55240	     27616	00100cc8	cec7a583	lw	x11,-788(x15)	 x15:0x00102000 x11=0x00000000 PA:0x00101cec store:0x00000000
          55244	     27618	00100ccc	00008067	jalr	x0,0(x1)	  x1:0x001018a0  x0=0x00000000
          55246	     27619	001018a0	00040913	addi	x18,x8,0	  x8:0x00000003 x18=0x00000003
          55248	     27620	001018a4	00050413	addi	x8,x10,0	 x10:0x00000004  x8=0x00000004
          55250	     27621	001018a8	00048b13	addi	x22,x9,0	  x9:0x00000000 x22=0x00000000
          55252	     27622	001018ac	00157713	andi	x14,x10,1	 x10:0x00000004 x14=0x00000000
          55254	     27623	001018b0	00058493	addi	x9,x11,0	 x11:0x00000000  x9=0x00000000
          55256	     27624	001018b4	cd0c0513	addi	x10,x24,-816	 x24:0x00102000 x10=0x00101cd0
          55260	     27626	001018b8	fd2416e3	bne	x8,x18,101884	  x8:0x00000004 x18:0x00000003
          55264	     27628	00101884	00071463	bne	x14,x0,10188c	 x14:0x00000000  x0:0x00000000
          55266	     27629	00101888	cd8d0513	addi	x10,x26,-808	 x26:0x00102000 x10=0x00101cd8
          55270	     27631	0010188c	815fe0ef	jal	x1,1000a0	  x1=0x00101890
          55274	     27633	001000a0	00054803	lbu	x16,0(x10)	 x10:0x00101cd8 x16=0x00000054 PA:0x00101cd8 store:0x00000000
          55276	     27634	001000a4	06080663	beq	x16,x0,100110	 x16:0x00000054  x0:0x00000000
          55278	     27635	001000a8	000207b7	lui	x15,0x20	 x15=0x00020000
          55282	     27637	001000ac	0107a023	sw	x16,0(x15)	 x15:0x00020000 x16:0x00000054 PA:0x00020000 store:0x00000054 load:0x00000000
          55286	     27639	001000b0	00154703	lbu	x14,1(x10)	 x10:0x00101cd8 x14=0x0000006f PA:0x00101cd9 store:0x00101890
          55288	     27640	001000b4	04070e63	beq	x14,x0,100110	 x14:0x0000006f  x0:0x00000000
          55292	     27642	001000b8	00e7a023	sw	x14,0(x15)	 x15:0x00020000 x14:0x0000006f PA:0x00020000 store:0x0000006f load:0x00000000
          55296	     27644	001000bc	00254283	lbu	x5,2(x10)	 x10:0x00101cd8  x5=0x00000063 PA:0x00101cda store:0x00137fa0
          55298	     27645	001000c0	04028863	beq	x5,x0,100110	  x5:0x00000063  x0:0x00000000
          55302	     27647	001000c4	0057a023	sw	x5,0(x15)	 x15:0x00020000  x5:0x00000063 PA:0x00020000 store:0x00000063 load:0x00000000
          55306	     27649	001000c8	00354303	lbu	x6,3(x10)	 x10:0x00101cd8  x6=0x0000006b PA:0x00101cdb store:0x00000000
          55308	     27650	001000cc	04030263	beq	x6,x0,100110	  x6:0x0000006b  x0:0x00000000
          55312	     27652	001000d0	0067a023	sw	x6,0(x15)	 x15:0x00020000  x6:0x0000006b PA:0x00020000 store:0x0000006b load:0x00000000
          55316	     27654	001000d4	00454383	lbu	x7,4(x10)	 x10:0x00101cd8  x7=0x00000021 PA:0x00101cdc store:0x00000000
          55318	     27655	001000d8	02038c63	beq	x7,x0,100110	  x7:0x00000021  x0:0x00000000
          55322	     27657	001000dc	0077a023	sw	x7,0(x15)	 x15:0x00020000  x7:0x00000021 PA:0x00020000 store:0x00000021 load:0x00000000
          55326	     27659	001000e0	00554583	lbu	x11,5(x10)	 x10:0x00101cd8 x11=0x0000000a PA:0x00101cdd store:0x00000063
          55328	     27660	001000e4	02058663	beq	x11,x0,100110	 x11:0x0000000a  x0:0x00000000
          55332	     27662	001000e8	00b7a023	sw	x11,0(x15)	 x15:0x00020000 x11:0x0000000a PA:0x00020000 store:0x0000000a load:0x00000000
          55336	     27664	001000ec	00654603	lbu	x12,6(x10)	 x10:0x00101cd8 x12=0x00000000 PA:0x00101cde store:0x0000006b
          55340	     27666	001000f0	02060063	beq	x12,x0,100110	 x12:0x00000000  x0:0x00000000
          55344	     27668	00100110	00000513	addi	x10,x0,0	  x0:0x00000000 x10=0x00000000
          55348	     27670	00100114	00008067	jalr	x0,0(x1)	  x1:0x00101890  x0=0x00000000
          55350	     27671	00101890	10500073	wfi	
          59132	     29562	0010001c	6890006f	jal	x0,100ea4	  x0=0x00000000
          59136	     29564	00100ea4	e2dff06f	jal	x0,100cd0	  x0=0x00000000
          59138	     29565	00100cd0	fe010113	addi	x2,x2,-32	  x2:0x00137fa0  x2=0x00137f80
          59142	     29567	00100cd4	00f12423	sw	x15,8(x2)	  x2:0x00137f80 x15:0x00020000 PA:0x00137f88 store:0x00020000 load:0x00000a21
          59144	     29568	00100cd8	001027b7	lui	x15,0x102	 x15=0x00102000
          59148	     29570	00100cdc	00b12c23	sw	x11,24(x2)	  x2:0x00137f80 x11:0x0000000a PA:0x00137f98 store:0x0000000a load:0x00000a21
          59152	     29572	00100ce0	01012223	sw	x16,4(x2)	  x2:0x00137f80 x16:0x00000054 PA:0x00137f84 store:0x00000054 load:0x00000a21
          59156	     29574	00100ce4	ce07a583	lw	x11,-800(x15)	 x15:0x00102000 x11=0x000007d0 PA:0x00101ce0 store:0x00000000
          59160	     29576	00100ce8	ce47a803	lw	x16,-796(x15)	 x15:0x00102000 x16=0x00000000 PA:0x00101ce4 store:0x00000000
          59164	     29578	00100cec	00e12623	sw	x14,12(x2)	  x2:0x00137f80 x14:0x0000006f PA:0x00137f8c store:0x0000006f load:0x00000000
          59166	     29579	00100cf0	00030737	lui	x14,0x30	 x14=0x00030000
          59170	     29581	00100cf4	00c12a23	sw	x12,20(x2)	  x2:0x00137f80 x12:0x00000000 PA:0x00137f94 store:0x00000000 load:0x00000000
          59174	     29583	00100cf8	01112023	sw	x17,0(x2)	  x2:0x00137f80 x17:0x00030000 PA:0x00137f80 store:0x00030000 load:0x00000000
          59178	     29585	00100cfc	00a12e23	sw	x10,28(x2)	  x2:0x00137f80 x10:0x00000000 PA:0x00137f9c store:0x00000000 load:0x00000000
          59182	     29587	00100d00	00d12823	sw	x13,16(x2)	  x2:0x00137f80 x13:0x00004bd3 PA:0x00137f90 store:0x00004bd3 load:0x00000000
          59184	     29588	00100d04	00030637	lui	x12,0x30	 x12=0x00030000
          59186	     29589	00100d08	00470893	addi	x17,x14,4	 x14:0x00030000 x17=0x00030004
          59190	     29591	00100d0c	0008a783	lw	x15,0(x17)	 x17:0x00030004 x15=0x00000000 PA:0x00030004 store:0x00000000
          59194	     29593	00100d10	00062683	lw	x13,0(x12)	 x12:0x00030000 x13=0x00007397 PA:0x00030000 store:0x00000000
          59198	     29595	00100d14	0008a503	lw	x10,0(x17)	 x17:0x00030004 x10=0x00000000 PA:0x00030004 store:0x00000000
          59202	     29597	00100d18	06a78a63	beq	x15,x10,100d8c	 x15:0x00000000 x10:0x00000000
          59206	     29599	00100d8c	00b688b3	add	x17,x13,x11	 x13:0x00007397 x11:0x000007d0 x17=0x00007b67
          59208	     29600	00100d90	00030637	lui	x12,0x30	 x12=0x00030000
          59210	     29601	00100d94	00d8b6b3	sltu	x13,x17,x13	 x17:0x00007b67 x13:0x00007397 x13=0x00000000
          59212	     29602	00100d98	01078833	add	x16,x15,x16	 x15:0x00000000 x16:0x00000000 x16=0x00000000
          59214	     29603	00100d9c	fff00513	addi	x10,x0,-1	  x0:0x00000000 x10=0xffffffff
          59218	     29605	00100da0	00a62423	sw	x10,8(x12)	 x12:0x00030000 x10:0xffffffff PA:0x00030008 store:0xffffffff load:0x00007373
          59220	     29606	00100da4	010687b3	add	x15,x13,x16	 x13:0x00000000 x16:0x00000000 x15=0x00000000
          59222	     29607	00100da8	000305b7	lui	x11,0x30	 x11=0x00030000
          59226	     29609	00100dac	00f5a623	sw	x15,12(x11)	 x11:0x00030000 x15:0x00000000 PA:0x0003000c store:0x00000000 load:0x00000000
          59230	     29611	00100db0	01162423	sw	x17,8(x12)	 x12:0x00030000 x17:0x00007b67 PA:0x00030008 store:0x00007b67 load:0xffffffff
          59232	     29612	00100db4	001026b7	lui	x13,0x102	 x13=0x00102000
          59236	     29614	00100db8	ce86a703	lw	x14,-792(x13)	 x13:0x00102000 x14=0x00000004 PA:0x00101ce8 store:0x00000004
          59240	     29616	00100dbc	cec6a883	lw	x17,-788(x13)	 x13:0x00102000 x17=0x00000000 PA:0x00101cec store:0x00030000
          59244	     29618	00100dc0	01c12503	lw	x10,28(x2)	  x2:0x00137f80 x10=0x00000000 PA:0x00137f9c store:0x00000000
          59246	     29619	00100dc4	00170593	addi	x11,x14,1	 x14:0x00000004 x11=0x00000005
          59248	     29620	00100dc8	00e5b633	sltu	x12,x11,x14	 x11:0x00000005 x14:0x00000004 x12=0x00000000
          59250	     29621	00100dcc	01160833	add	x16,x12,x17	 x12:0x00000000 x17:0x00000000 x16=0x00000000
          59254	     29623	00100dd0	ceb6a423	sw	x11,-792(x13)	 x13:0x00102000 x11:0x00000005 PA:0x00101ce8 store:0x00000005 load:0x00000000
          59258	     29625	00100dd4	cf06a623	sw	x16,-788(x13)	 x13:0x00102000 x16:0x00000000 PA:0x00101cec store:0x00000000 load:0x00000000
          59262	     29627	00100dd8	01812583	lw	x11,24(x2)	  x2:0x00137f80 x11=0x0000000a PA:0x00137f98 store:0x00102000
          59266	     29629	00100ddc	01412603	lw	x12,20(x2)	  x2:0x00137f80 x12=0x00000000 PA:0x00137f94 store:0x00102000
          59270	     29631	00100de0	01012683	lw	x13,16(x2)	  x2:0x00137f80 x13=0x00004bd3 PA:0x00137f90 store:0x00000000
          59274	     29633	00100de4	00c12703	lw	x14,12(x2)	  x2:0x00137f80 x14=0x0000006f PA:0x00137f8c store:0x00000000
          59278	     29635	00100de8	00812783	lw	x15,8(x2)	  x2:0x00137f80 x15=0x00020000 PA:0x00137f88 store:0x00000004
          59282	     29637	00100dec	00412803	lw	x16,4(x2)	  x2:0x00137f80 x16=0x00000054 PA:0x00137f84 store:0x00000000
          59286	     29639	00100df0	00012883	lw	x17,0(x2)	  x2:0x00137f80 x17=0x00030000 PA:0x00137f80 store:0x00000000
          59288	     29640	00100df4	02010113	addi	x2,x2,32	  x2:0x00137f80  x2=0x00137fa0
          59290	     29641	00100df8	30200073	mret	
          59296	     29644	00101894	02049a63	bne	x9,x0,1018c8	  x9:0x00000000  x0:0x00000000
          59298	     29645	00101898	028de863	bltu	x27,x8,1018c8	 x27:0x00000004  x8:0x00000004
          59302	     29647	0010189c	c24ff0ef	jal	x1,100cc0	  x1=0x001018a0
          59304	     29648	00100cc0	001027b7	lui	x15,0x102	 x15=0x00102000
          59308	     29650	00100cc4	ce87a503	lw	x10,-792(x15)	 x15:0x00102000 x10=0x00000005 PA:0x00101ce8 store:0x00000004
          59312	     29652	00100cc8	cec7a583	lw	x11,-788(x15)	 x15:0x00102000 x11=0x00000000 PA:0x00101cec store:0x00000000
          59316	     29654	00100ccc	00008067	jalr	x0,0(x1)	  x1:0x001018a0  x0=0x00000000
          59318	     29655	001018a0	00040913	addi	x18,x8,0	  x8:0x00000004 x18=0x00000004
          59320	     29656	001018a4	00050413	addi	x8,x10,0	 x10:0x00000005  x8=0x00000005
          59322	     29657	001018a8	00048b13	addi	x22,x9,0	  x9:0x00000000 x22=0x00000000
          59324	     29658	001018ac	00157713	andi	x14,x10,1	 x10:0x00000005 x14=0x00000001
          59326	     29659	001018b0	00058493	addi	x9,x11,0	 x11:0x00000000  x9=0x00000000
          59328	     29660	001018b4	cd0c0513	addi	x10,x24,-816	 x24:0x00102000 x10=0x00101cd0
          59332	     29662	001018b8	fd2416e3	bne	x8,x18,101884	  x8:0x00000005 x18:0x00000004
          59338	     29665	00101884	00071463	bne	x14,x0,10188c	 x14:0x00000001  x0:0x00000000
          59344	     29668	0010188c	815fe0ef	jal	x1,1000a0	  x1=0x00101890
          59348	     29670	001000a0	00054803	lbu	x16,0(x10)	 x10:0x00101cd0 x16=0x00000054 PA:0x00101cd0 store:0x00000000
          59350	     29671	001000a4	06080663	beq	x16,x0,100110	 x16:0x00000054  x0:0x00000000
          59352	     29672	001000a8	000207b7	lui	x15,0x20	 x15=0x00020000
          59356	     29674	001000ac	0107a023	sw	x16,0(x15)	 x15:0x00020000 x16:0x00000054 PA:0x00020000 store:0x00000054 load:0x00000000
          59360	     29676	001000b0	00154703	lbu	x14,1(x10)	 x10:0x00101cd0 x14=0x00000069 PA:0x00101cd1 store:0x00101890
          59362	     29677	001000b4	04070e63	beq	x14,x0,100110	 x14:0x00000069  x0:0x00000000
          59366	     29679	001000b8	00e7a023	sw	x14,0(x15)	 x15:0x00020000 x14:0x00000069 PA:0x00020000 store:0x00000069 load:0x00000000
          59370	     29681	001000bc	00254283	lbu	x5,2(x10)	 x10:0x00101cd0  x5=0x00000063 PA:0x00101cd2 store:0x00137fa0
          59372	     29682	001000c0	04028863	beq	x5,x0,100110	  x5:0x00000063  x0:0x00000000
          59376	     29684	001000c4	0057a023	sw	x5,0(x15)	 x15:0x00020000  x5:0x00000063 PA:0x00020000 store:0x00000063 load:0x00000000
          59380	     29686	001000c8	00354303	lbu	x6,3(x10)	 x10:0x00101cd0  x6=0x0000006b PA:0x00101cd3 store:0x00000000
          59382	     29687	001000cc	04030263	beq	x6,x0,100110	  x6:0x0000006b  x0:0x00000000
          59386	     29689	001000d0	0067a023	sw	x6,0(x15)	 x15:0x00020000  x6:0x0000006b PA:0x00020000 store:0x0000006b load:0x00000000
          59390	     29691	001000d4	00454383	lbu	x7,4(x10)	 x10:0x00101cd0  x7=0x00000021 PA:0x00101cd4 store:0x00000000
          59392	     29692	001000d8	02038c63	beq	x7,x0,100110	  x7:0x00000021  x0:0x00000000
          59396	     29694	001000dc	0077a023	sw	x7,0(x15)	 x15:0x00020000  x7:0x00000021 PA:0x00020000 store:0x00000021 load:0x00000000
          59400	     29696	001000e0	00554583	lbu	x11,5(x10)	 x10:0x00101cd0 x11=0x0000000a PA:0x00101cd5 store:0x00000063
          59402	     29697	001000e4	02058663	beq	x11,x0,100110	 x11:0x0000000a  x0:0x00000000
          59406	     29699	001000e8	00b7a023	sw	x11,0(x15)	 x15:0x00020000 x11:0x0000000a PA:0x00020000 store:0x0000000a load:0x00000000
          59410	     29701	001000ec	00654603	lbu	x12,6(x10)	 x10:0x00101cd0 x12=0x00000000 PA:0x00101cd6 store:0x0000006b
          59414	     29703	001000f0	02060063	beq	x12,x0,100110	 x12:0x00000000  x0:0x00000000
          59418	     29705	00100110	00000513	addi	x10,x0,0	  x0:0x00000000 x10=0x00000000
          59422	     29707	00100114	00008067	jalr	x0,0(x1)	  x1:0x00101890  x0=0x00000000
          59424	     29708	00101890	10500073	wfi	
          63204	     31598	0010001c	6890006f	jal	x0,100ea4	  x0=0x00000000
          63208	     31600	00100ea4	e2dff06f	jal	x0,100cd0	  x0=0x00000000
          63210	     31601	00100cd0	fe010113	addi	x2,x2,-32	  x2:0x00137fa0  x2=0x00137f80
          63214	     31603	00100cd4	00f12423	sw	x15,8(x2)	  x2:0x00137f80 x15:0x00020000 PA:0x00137f88 store:0x00020000 load:0x00000a21
          63216	     31604	00100cd8	001027b7	lui	x15,0x102	 x15=0x00102000
          63220	     31606	00100cdc	00b12c23	sw	x11,24(x2)	  x2:0x00137f80 x11:0x0000000a PA:0x00137f98 store:0x0000000a load:0x00000a21
          63224	     31608	00100ce0	01012223	sw	x16,4(x2)	  x2:0x00137f80 x16:0x00000054 PA:0x00137f84 store:0x00000054 load:0x00000a21
          63228	     31610	00100ce4	ce07a583	lw	x11,-800(x15)	 x15:0x00102000 x11=0x000007d0 PA:0x00101ce0 store:0x00000000
          63232	     31612	00100ce8	ce47a803	lw	x16,-796(x15)	 x15:0x00102000 x16=0x00000000 PA:0x00101ce4 store:0x00000000
          63236	     31614	00100cec	00e12623	sw	x14,12(x2)	  x2:0x00137f80 x14:0x00000069 PA:0x00137f8c store:0x00000069 load:0x00000000
          63238	     31615	00100cf0	00030737	lui	x14,0x30	 x14=0x00030000
          63242	     31617	00100cf4	00c12a23	sw	x12,20(x2)	  x2:0x00137f80 x12:0x00000000 PA:0x00137f94 store:0x00000000 load:0x00000000
          63246	     31619	00100cf8	01112023	sw	x17,0(x2)	  x2:0x00137f80 x17:0x00030000 PA:0x00137f80 store:0x00030000 load:0x00000000
          63250	     31621	00100cfc	00a12e23	sw	x10,28(x2)	  x2:0x00137f80 x10:0x00000000 PA:0x00137f9c store:0x00000000 load:0x00000000
          63254	     31623	00100d00	00d12823	sw	x13,16(x2)	  x2:0x00137f80 x13:0x00004bd3 PA:0x00137f90 store:0x00004bd3 load:0x00000000
          63256	     31624	00100d04	00030637	lui	x12,0x30	 x12=0x00030000
          63258	     31625	00100d08	00470893	addi	x17,x14,4	 x14:0x00030000 x17=0x00030004
          63262	     31627	00100d0c	0008a783	lw	x15,0(x17)	 x17:0x00030004 x15=0x00000000 PA:0x00030004 store:0x00000000
          63266	     31629	00100d10	00062683	lw	x13,0(x12)	 x12:0x00030000 x13=0x00007b8b PA:0x00030000 store:0x00000000
          63270	     31631	00100d14	0008a503	lw	x10,0(x17)	 x17:0x00030004 x10=0x00000000 PA:0x00030004 store:0x00000000
          63274	     31633	00100d18	06a78a63	beq	x15,x10,100d8c	 x15:0x00000000 x10:0x00000000
          63278	     31635	00100d8c	00b688b3	add	x17,x13,x11	 x13:0x00007b8b x11:0x000007d0 x17=0x0000835b
          63280	     31636	00100d90	00030637	lui	x12,0x30	 x12=0x00030000
          63282	     31637	00100d94	00d8b6b3	sltu	x13,x17,x13	 x17:0x0000835b x13:0x00007b8b x13=0x00000000
          63284	     31638	00100d98	01078833	add	x16,x15,x16	 x15:0x00000000 x16:0x00000000 x16=0x00000000
          63286	     31639	00100d9c	fff00513	addi	x10,x0,-1	  x0:0x00000000 x10=0xffffffff
          63290	     31641	00100da0	00a62423	sw	x10,8(x12)	 x12:0x00030000 x10:0xffffffff PA:0x00030008 store:0xffffffff load:0x00007b67
          63292	     31642	00100da4	010687b3	add	x15,x13,x16	 x13:0x00000000 x16:0x00000000 x15=0x00000000
          63294	     31643	00100da8	000305b7	lui	x11,0x30	 x11=0x00030000
          63298	     31645	00100dac	00f5a623	sw	x15,12(x11)	 x11:0x00030000 x15:0x00000000 PA:0x0003000c store:0x00000000 load:0x00000000
          63302	     31647	00100db0	01162423	sw	x17,8(x12)	 x12:0x00030000 x17:0x0000835b PA:0x00030008 store:0x0000835b load:0xffffffff
          63304	     31648	00100db4	001026b7	lui	x13,0x102	 x13=0x00102000
          63308	     31650	00100db8	ce86a703	lw	x14,-792(x13)	 x13:0x00102000 x14=0x00000005 PA:0x00101ce8 store:0x00000005
          63312	     31652	00100dbc	cec6a883	lw	x17,-788(x13)	 x13:0x00102000 x17=0x00000000 PA:0x00101cec store:0x00030000
          63316	     31654	00100dc0	01c12503	lw	x10,28(x2)	  x2:0x00137f80 x10=0x00000000 PA:0x00137f9c store:0x00000000
          63318	     31655	00100dc4	00170593	addi	x11,x14,1	 x14:0x00000005 x11=0x00000006
          63320	     31656	00100dc8	00e5b633	sltu	x12,x11,x14	 x11:0x00000006 x14:0x00000005 x12=0x00000000
          63322	     31657	00100dcc	01160833	add	x16,x12,x17	 x12:0x00000000 x17:0x00000000 x16=0x00000000
          63326	     31659	00100dd0	ceb6a423	sw	x11,-792(x13)	 x13:0x00102000 x11:0x00000006 PA:0x00101ce8 store:0x00000006 load:0x00000000
          63330	     31661	00100dd4	cf06a623	sw	x16,-788(x13)	 x13:0x00102000 x16:0x00000000 PA:0x00101cec store:0x00000000 load:0x00000000
          63334	     31663	00100dd8	01812583	lw	x11,24(x2)	  x2:0x00137f80 x11=0x0000000a PA:0x00137f98 store:0x00102000
          63338	     31665	00100ddc	01412603	lw	x12,20(x2)	  x2:0x00137f80 x12=0x00000000 PA:0x00137f94 store:0x00102000
          63342	     31667	00100de0	01012683	lw	x13,16(x2)	  x2:0x00137f80 x13=0x00004bd3 PA:0x00137f90 store:0x00000000
          63346	     31669	00100de4	00c12703	lw	x14,12(x2)	  x2:0x00137f80 x14=0x00000069 PA:0x00137f8c store:0x00000000
          63350	     31671	00100de8	00812783	lw	x15,8(x2)	  x2:0x00137f80 x15=0x00020000 PA:0x00137f88 store:0x00000005
          63354	     31673	00100dec	00412803	lw	x16,4(x2)	  x2:0x00137f80 x16=0x00000054 PA:0x00137f84 store:0x00000000
          63358	     31675	00100df0	00012883	lw	x17,0(x2)	  x2:0x00137f80 x17=0x00030000 PA:0x00137f80 store:0x00000000
          63360	     31676	00100df4	02010113	addi	x2,x2,32	  x2:0x00137f80  x2=0x00137fa0
          63362	     31677	00100df8	30200073	mret	
          63368	     31680	00101894	02049a63	bne	x9,x0,1018c8	  x9:0x00000000  x0:0x00000000
          63372	     31682	00101898	028de863	bltu	x27,x8,1018c8	 x27:0x00000004  x8:0x00000005
          63378	     31685	001018c8	05c12083	lw	x1,92(x2)	  x2:0x00137fa0  x1=0x00100f58 PA:0x00137ffc store:0x00000000
          63382	     31687	001018cc	05812403	lw	x8,88(x2)	  x2:0x00137fa0  x8=0x00000000 PA:0x00137ff8 store:0x00102000
          63386	     31689	001018d0	05412483	lw	x9,84(x2)	  x2:0x00137fa0  x9=0x00000000 PA:0x00137ff4 store:0x00102000
          63390	     31691	001018d4	05012903	lw	x18,80(x2)	  x2:0x00137fa0 x18=0x00000000 PA:0x00137ff0 store:0x00000054
          63394	     31693	001018d8	04c12983	lw	x19,76(x2)	  x2:0x00137fa0 x19=0x00000000 PA:0x00137fec store:0x00000000
          63398	     31695	001018dc	04812a03	lw	x20,72(x2)	  x2:0x00137fa0 x20=0x00000000 PA:0x00137fe8 store:0x00000000
          63402	     31697	001018e0	04412a83	lw	x21,68(x2)	  x2:0x00137fa0 x21=0x00000000 PA:0x00137fe4 store:0x00000000
          63406	     31699	001018e4	04012b03	lw	x22,64(x2)	  x2:0x00137fa0 x22=0x00000000 PA:0x00137fe0 store:0x00000000
          63410	     31701	001018e8	03c12b83	lw	x23,60(x2)	  x2:0x00137fa0 x23=0x00000000 PA:0x00137fdc store:0x00000000
          63414	     31703	001018ec	03812c03	lw	x24,56(x2)	  x2:0x00137fa0 x24=0x00000000 PA:0x00137fd8 store:0x00102000
          63418	     31705	001018f0	03412c83	lw	x25,52(x2)	  x2:0x00137fa0 x25=0x00000000 PA:0x00137fd4 store:0x00000000
          63422	     31707	001018f4	03012d03	lw	x26,48(x2)	  x2:0x00137fa0 x26=0x00101d4c PA:0x00137fd0 store:0x00000054
          63436	     31714	001018f8	02c12d83	lw	x27,44(x2)	  x2:0x00137fa0 x27=0x00101d48 PA:0x00137fcc store:0x00000000
          63438	     31715	001018fc	01c12407	flw	f8,28(x2)	  f2:0x00137fa0  f8=0x00000000 PA:0x00137fbc store:0x00000000
          63440	     31716	00101900	01812487	flw	f9,24(x2)	  f2:0x00137fa0  f9=0x00000000 PA:0x00137fb8 store:0x00000000
          63442	     31717	00101904	01412907	flw	f18,20(x2)	  f2:0x00137fa0 f18=0x00000000 PA:0x00137fb4 store:0x7f167699
          63444	     31718	00101908	01012987	flw	f19,16(x2)	  f2:0x00137fa0 f19=0x00000000 PA:0x00137fb0 store:0x7f167699
          63446	     31719	0010190c	00c12a07	flw	f20,12(x2)	  f2:0x00137fa0 f20=0x00000000 PA:0x00137fac store:0x00000007
          63448	     31720	00101910	00812a87	flw	f21,8(x2)	  f2:0x00137fa0 f21=0x00000000 PA:0x00137fa8 store:0x00000000
          63450	     31721	00101914	00000513	addi	x10,x0,0	  x0:0x00000000 x10=0x00000000
          63452	     31722	00101918	06010113	addi	x2,x2,96	  x2:0x00137fa0  x2=0x00138000
          63454	     31723	0010191c	00008067	jalr	x0,0(x1)	  x1:0x00100f58  x0=0x00000000
          63456	     31724	00100f58	000202b7	lui	x5,0x20	  x5=0x00020000
